<?xml version="1.0" encoding="UTF-8"?>
<robot generator="Robot 7.0.1 (Python 3.12.4 on linux)" generated="2024-07-13T12:26:19.954868" rpa="false" schemaversion="5">
<suite id="s1" name="Tests" source="/home/runner/work/ApiRandomUser/ApiRandomUser/RamdonUser/tests">
<suite id="s1-s1" name="Random-User-Test" source="/home/runner/work/ApiRandomUser/ApiRandomUser/RamdonUser/tests/random-user-test.robot">
<test id="s1-s1-t1" name="Conectar" line="13">
<kw name="Conectar API" owner="random-user-service">
<kw name="Create Session" owner="RequestsLibrary">
<msg time="2024-07-13T12:26:20.358375" level="INFO">Creating Session using : alias=consultarAPI, url=https://randomuser.me/, headers={},                     cookies={}, auth=None, timeout=None, proxies=None, verify=False,                     debug=0 </msg>
<arg>consultarAPI</arg>
<arg>${URL}</arg>
<doc>Create Session: create a HTTP session to a server</doc>
<status status="PASS" start="2024-07-13T12:26:20.358148" elapsed="0.000428"/>
</kw>
<status status="PASS" start="2024-07-13T12:26:20.357122" elapsed="0.001839"/>
</kw>
<status status="PASS" start="2024-07-13T12:26:20.356454" elapsed="0.002706"/>
</test>
<test id="s1-s1-t2" name="Validar retorno 200 e JSON Válido" line="16">
<kw name="Teste de Requisicao Basica" owner="random-user-service">
<kw name="GET On Session" owner="RequestsLibrary">
<msg time="2024-07-13T12:26:20.600664" level="INFO">GET Request : url=https://randomuser.me/api 
 path_url=/api 
 headers={'User-Agent': 'python-requests/2.32.3', 'Accept-Encoding': 'gzip, deflate', 'Accept': '*/*', 'Connection': 'keep-alive'} 
 body=None 
 </msg>
<msg time="2024-07-13T12:26:20.600836" level="INFO">GET Response : url=https://randomuser.me/api 
 status=200, reason=OK 
 headers={'Date': 'Sat, 13 Jul 2024 12:26:20 GMT', 'Content-Type': 'application/json; charset=utf-8', 'Transfer-Encoding': 'chunked', 'Connection': 'keep-alive', 'X-Powered-By': 'Express', 'Access-Control-Allow-Origin': '*', 'Cache-Control': 'no-cache', 'ETag': 'W/"48c-2PSgE/NkMaIDPuwogu+jN1Ixna0"', 'Vary': 'Accept-Encoding', 'Content-Encoding': 'gzip', 'CF-Cache-Status': 'DYNAMIC', 'Report-To': '{"endpoints":[{"url":"https:\\/\\/a.nel.cloudflare.com\\/report\\/v4?s=eaZYFOEjCjYeryh7InqzbmuBovAg90W9eN4z7bPcRw8CzfOE%2F0dswMbOJf0rkeJ%2FZTZqgd01AOojgS7nSImBepVl9OnVLJd0CSmHuPQ9lQIyExvWJ%2BilZpEwdnVMbgoQ"}],"group":"cf-nel","max_age":604800}', 'NEL': '{"success_fraction":0,"report_to":"cf-nel","max_age":604800}', 'Server': 'cloudflare', 'CF-RAY': '8a2942c6794d10fb-ORD', 'alt-svc': 'h3=":443"; ma=86400'} 
 body={"results":[{"gender":"female","name":{"title":"Miss","first":"هلیا","last":"رضاییان"},"location":{"street":{"number":6154,"name":"پارک 17 شهریور"},"city":"قزوین","state":"کرمان","country":"Iran","postcode":60887,"coordinates":{"latitude":"15.2700","longitude":"53.0683"},"timezone":{"offset":"-12:00","description":"Eniwetok, Kwajalein"}},"email":"hly.rdyyn@example.com","login":{"uuid":"d3309ebd-9d61-4732-a296-da11ef874f14","username":"greensnake705","password":"model","salt":"3zeBnljl","md5":"e915fbffb9985825858887dd164ef441","sha1":"907278224718791b10e450e756a30580ad317130","sha256":"15b53a6c65efc01e9eb8745d2823202c2a91d4c2d7df5368c6d95dc725ccdfc4"},"dob":{"date":"1951-05-24T16:09:15.582Z","age":73},"registered":{"date":"2004-02-15T21:18:50.221Z","age":20},"phone":"095-42902919","cell":"0946-714-4321","id":{"name":"","value":null},"picture":{"large":"https://randomuser.me/api/portraits/women/85.jpg","medium":"https://randomuser.me/api/portraits/med/women/85.jpg","thumbnail":"https://randomuser.me/api/portraits/thumb/women/85.jpg"},"nat":"IR"}],"info":{"seed":"a1a7a3bc669edf34","results":1,"page":1,"version":"1.4"}} 
 </msg>
<msg time="2024-07-13T12:26:20.600931" level="INFO">/opt/hostedtoolcache/Python/3.12.4/x64/lib/python3.12/site-packages/urllib3/connectionpool.py:1099: InsecureRequestWarning: Unverified HTTPS request is being made to host 'randomuser.me'. Adding certificate verification is strongly advised. See: https://urllib3.readthedocs.io/en/latest/advanced-usage.html#tls-warnings
  warnings.warn(</msg>
<msg time="2024-07-13T12:26:20.601126" level="INFO">${response} = &lt;Response [200]&gt;</msg>
<var>${response}</var>
<arg>consultarAPI</arg>
<arg>/api</arg>
<doc>Sends a GET request on a previously created HTTP Session.</doc>
<status status="PASS" start="2024-07-13T12:26:20.361868" elapsed="0.239308"/>
</kw>
<kw name="Should Be Equal As Numbers" owner="BuiltIn">
<msg time="2024-07-13T12:26:20.602288" level="INFO">Argument types are:
&lt;class 'int'&gt;
&lt;class 'str'&gt;</msg>
<arg>${response.status_code}</arg>
<arg>200</arg>
<doc>Fails if objects are unequal after converting them to real numbers.</doc>
<status status="PASS" start="2024-07-13T12:26:20.601793" elapsed="0.000566"/>
</kw>
<kw name="Log" owner="BuiltIn">
<msg time="2024-07-13T12:26:20.603124" level="INFO">200</msg>
<arg>${response.status_code}</arg>
<doc>Logs the given message with the given level.</doc>
<status status="PASS" start="2024-07-13T12:26:20.602740" elapsed="0.000430"/>
</kw>
<kw name="Set Variable" owner="BuiltIn">
<msg time="2024-07-13T12:26:20.603980" level="INFO">${json_data} = {'results': [{'gender': 'female', 'name': {'title': 'Miss', 'first': 'هلیا', 'last': 'رضاییان'}, 'location': {'street': {'number': 6154, 'name': 'پارک 17 شهریور'}, 'city': 'قزوین', 'state': 'کرمان', '...</msg>
<var>${json_data}</var>
<arg>${response.json()}</arg>
<doc>Returns the given values which can then be assigned to a variables.</doc>
<status status="PASS" start="2024-07-13T12:26:20.603503" elapsed="0.000508"/>
</kw>
<kw name="Dictionary Should Contain Key" owner="Collections">
<arg>${json_data}</arg>
<arg>results</arg>
<doc>Fails if ``key`` is not found from ``dictionary``.</doc>
<status status="PASS" start="2024-07-13T12:26:20.604330" elapsed="0.000169"/>
</kw>
<status status="PASS" start="2024-07-13T12:26:20.361595" elapsed="0.243069"/>
</kw>
<doc>Testa se a API responde corretamente e retorna um objeto JSON válido.</doc>
<tag>testeRequisicaoBasica</tag>
<status status="PASS" start="2024-07-13T12:26:20.361096" elapsed="0.243753"/>
</test>
<test id="s1-s1-t3" name="Validar estrutura de resposta" line="22">
<kw name="Teste de Estrutura de Resposta" owner="random-user-service">
<kw name="GET On Session" owner="RequestsLibrary">
<msg time="2024-07-13T12:26:20.700193" level="INFO">GET Request : url=https://randomuser.me/api 
 path_url=/api 
 headers={'User-Agent': 'python-requests/2.32.3', 'Accept-Encoding': 'gzip, deflate', 'Accept': '*/*', 'Connection': 'keep-alive'} 
 body=None 
 </msg>
<msg time="2024-07-13T12:26:20.700332" level="INFO">GET Response : url=https://randomuser.me/api 
 status=200, reason=OK 
 headers={'Date': 'Sat, 13 Jul 2024 12:26:20 GMT', 'Content-Type': 'application/json; charset=utf-8', 'Transfer-Encoding': 'chunked', 'Connection': 'keep-alive', 'X-Powered-By': 'Express', 'Access-Control-Allow-Origin': '*', 'Cache-Control': 'no-cache', 'ETag': 'W/"4a0-/VjgBVlrD9Bj6ban1zQ/md+ojLk"', 'Vary': 'Accept-Encoding', 'Content-Encoding': 'gzip', 'CF-Cache-Status': 'DYNAMIC', 'Report-To': '{"endpoints":[{"url":"https:\\/\\/a.nel.cloudflare.com\\/report\\/v4?s=ioROw6z%2FA53S1Rt9QKywH0mZRG0bAR3rY7FYUAc4%2BwHODw8W8SmWkQWWK5hoS6yS%2BlT0b8IotrVdtwkNA98bgNjHVzOCdSdKG%2FxlvQVK%2BESCz5RsTg8YeD8NuE9NDvwf"}],"group":"cf-nel","max_age":604800}', 'NEL': '{"success_fraction":0,"report_to":"cf-nel","max_age":604800}', 'Server': 'cloudflare', 'CF-RAY': '8a2942c6c99010fb-ORD', 'alt-svc': 'h3=":443"; ma=86400'} 
 body={"results":[{"gender":"female","name":{"title":"Miss","first":"Mareen","last":"Oehme"},"location":{"street":{"number":9241,"name":"Schulstraße"},"city":"Lüneburg","state":"Thüringen","country":"Germany","postcode":14873,"coordinates":{"latitude":"-50.7272","longitude":"78.0394"},"timezone":{"offset":"-5:00","description":"Eastern Time (US &amp; Canada), Bogota, Lima"}},"email":"mareen.oehme@example.com","login":{"uuid":"aa04ed8f-0e16-43da-a0cf-4c469c97c635","username":"yellowfish797","password":"robins","salt":"6fzn1Q4b","md5":"86a3349ae8a3ea462cd61340ea491971","sha1":"624de0177769938f0d07f508f518da1850dfdc4a","sha256":"27d675149b54ab8a0793000c670e1404cf8392e9d4c7601c1a5ea74f8dc6661d"},"dob":{"date":"1960-08-09T08:35:25.615Z","age":63},"registered":{"date":"2009-12-28T13:54:44.236Z","age":14},"phone":"0854-7423632","cell":"0172-7914208","id":{"name":"SVNR","value":"28 090860 O 669"},"picture":{"large":"https://randomuser.me/api/portraits/women/56.jpg","medium":"https://randomuser.me/api/portraits/med/women/56.jpg","thumbnail":"https://randomuser.me/api/portraits/thumb/women/56.jpg"},"nat":"DE"}],"info":{"seed":"50ae6f1a4053f16c","results":1,"page":1,"version":"1.4"}} 
 </msg>
<msg time="2024-07-13T12:26:20.700524" level="INFO">/opt/hostedtoolcache/Python/3.12.4/x64/lib/python3.12/site-packages/urllib3/connectionpool.py:1099: InsecureRequestWarning: Unverified HTTPS request is being made to host 'randomuser.me'. Adding certificate verification is strongly advised. See: https://urllib3.readthedocs.io/en/latest/advanced-usage.html#tls-warnings
  warnings.warn(</msg>
<msg time="2024-07-13T12:26:20.700693" level="INFO">${response} = &lt;Response [200]&gt;</msg>
<var>${response}</var>
<arg>consultarAPI</arg>
<arg>/api</arg>
<doc>Sends a GET request on a previously created HTTP Session.</doc>
<status status="PASS" start="2024-07-13T12:26:20.607566" elapsed="0.093169"/>
</kw>
<kw name="Set Variable" owner="BuiltIn">
<msg time="2024-07-13T12:26:20.701812" level="INFO">${json_data} = {'results': [{'gender': 'female', 'name': {'title': 'Miss', 'first': 'Mareen', 'last': 'Oehme'}, 'location': {'street': {'number': 9241, 'name': 'Schulstraße'}, 'city': 'Lüneburg', 'state': 'Thüringen...</msg>
<var>${json_data}</var>
<arg>${response.json()}</arg>
<doc>Returns the given values which can then be assigned to a variables.</doc>
<status status="PASS" start="2024-07-13T12:26:20.701285" elapsed="0.000558"/>
</kw>
<kw name="Log" owner="BuiltIn">
<msg time="2024-07-13T12:26:20.702327" level="INFO">{'results': [{'gender': 'female', 'name': {'title': 'Miss', 'first': 'Mareen', 'last': 'Oehme'}, 'location': {'street': {'number': 9241, 'name': 'Schulstraße'}, 'city': 'Lüneburg', 'state': 'Thüringen', 'country': 'Germany', 'postcode': 14873, 'coordinates': {'latitude': '-50.7272', 'longitude': '78.0394'}, 'timezone': {'offset': '-5:00', 'description': 'Eastern Time (US &amp; Canada), Bogota, Lima'}}, 'email': 'mareen.oehme@example.com', 'login': {'uuid': 'aa04ed8f-0e16-43da-a0cf-4c469c97c635', 'username': 'yellowfish797', 'password': 'robins', 'salt': '6fzn1Q4b', 'md5': '86a3349ae8a3ea462cd61340ea491971', 'sha1': '624de0177769938f0d07f508f518da1850dfdc4a', 'sha256': '27d675149b54ab8a0793000c670e1404cf8392e9d4c7601c1a5ea74f8dc6661d'}, 'dob': {'date': '1960-08-09T08:35:25.615Z', 'age': 63}, 'registered': {'date': '2009-12-28T13:54:44.236Z', 'age': 14}, 'phone': '0854-7423632', 'cell': '0172-7914208', 'id': {'name': 'SVNR', 'value': '28 090860 O 669'}, 'picture': {'large': 'https://randomuser.me/api/portraits/women/56.jpg', 'medium': 'https://randomuser.me/api/portraits/med/women/56.jpg', 'thumbnail': 'https://randomuser.me/api/portraits/thumb/women/56.jpg'}, 'nat': 'DE'}], 'info': {'seed': '50ae6f1a4053f16c', 'results': 1, 'page': 1, 'version': '1.4'}}</msg>
<arg>${json_data}</arg>
<doc>Logs the given message with the given level.</doc>
<status status="PASS" start="2024-07-13T12:26:20.702160" elapsed="0.000221"/>
</kw>
<kw name="Dictionary Should Contain Key" owner="Collections">
<arg>${json_data}</arg>
<arg>results</arg>
<doc>Fails if ``key`` is not found from ``dictionary``.</doc>
<status status="PASS" start="2024-07-13T12:26:20.702679" elapsed="0.000173"/>
</kw>
<kw name="Should Not Be Empty" owner="BuiltIn">
<msg time="2024-07-13T12:26:20.703173" level="INFO">Length is 2.</msg>
<arg>${json_data}</arg>
<doc>Verifies that the given item is not empty.</doc>
<status status="PASS" start="2024-07-13T12:26:20.703046" elapsed="0.000167"/>
</kw>
<kw name="Create List" owner="BuiltIn">
<msg time="2024-07-13T12:26:20.703662" level="INFO">${expected_keys} = ['gender', 'name', 'location', 'email', 'login']</msg>
<var>${expected_keys}</var>
<arg>gender</arg>
<arg>name</arg>
<arg>location</arg>
<arg>email</arg>
<arg>login</arg>
<doc>Returns a list containing given items.</doc>
<status status="PASS" start="2024-07-13T12:26:20.703512" elapsed="0.000175"/>
</kw>
<for flavor="IN">
<iter>
<kw name="Dictionary Should Contain Key" owner="Collections">
<arg>${json_data['results'][0]}</arg>
<arg>${key}</arg>
<doc>Fails if ``key`` is not found from ``dictionary``.</doc>
<status status="PASS" start="2024-07-13T12:26:20.704439" elapsed="0.000396"/>
</kw>
<kw name="Log" owner="BuiltIn">
<msg time="2024-07-13T12:26:20.705443" level="INFO">{'gender': 'female', 'name': {'title': 'Miss', 'first': 'Mareen', 'last': 'Oehme'}, 'location': {'street': {'number': 9241, 'name': 'Schulstraße'}, 'city': 'Lüneburg', 'state': 'Thüringen', 'country': 'Germany', 'postcode': 14873, 'coordinates': {'latitude': '-50.7272', 'longitude': '78.0394'}, 'timezone': {'offset': '-5:00', 'description': 'Eastern Time (US &amp; Canada), Bogota, Lima'}}, 'email': 'mareen.oehme@example.com', 'login': {'uuid': 'aa04ed8f-0e16-43da-a0cf-4c469c97c635', 'username': 'yellowfish797', 'password': 'robins', 'salt': '6fzn1Q4b', 'md5': '86a3349ae8a3ea462cd61340ea491971', 'sha1': '624de0177769938f0d07f508f518da1850dfdc4a', 'sha256': '27d675149b54ab8a0793000c670e1404cf8392e9d4c7601c1a5ea74f8dc6661d'}, 'dob': {'date': '1960-08-09T08:35:25.615Z', 'age': 63}, 'registered': {'date': '2009-12-28T13:54:44.236Z', 'age': 14}, 'phone': '0854-7423632', 'cell': '0172-7914208', 'id': {'name': 'SVNR', 'value': '28 090860 O 669'}, 'picture': {'large': 'https://randomuser.me/api/portraits/women/56.jpg', 'medium': 'https://randomuser.me/api/portraits/med/women/56.jpg', 'thumbnail': 'https://randomuser.me/api/portraits/thumb/women/56.jpg'}, 'nat': 'DE'}</msg>
<arg>${json_data['results'][0]}</arg>
<doc>Logs the given message with the given level.</doc>
<status status="PASS" start="2024-07-13T12:26:20.705056" elapsed="0.000442"/>
</kw>
<kw name="Log" owner="BuiltIn">
<msg time="2024-07-13T12:26:20.705945" level="INFO">gender</msg>
<arg>${key}</arg>
<doc>Logs the given message with the given level.</doc>
<status status="PASS" start="2024-07-13T12:26:20.705811" elapsed="0.000173"/>
</kw>
<var name="${key}">gender</var>
<status status="PASS" start="2024-07-13T12:26:20.704314" elapsed="0.001890"/>
</iter>
<iter>
<kw name="Dictionary Should Contain Key" owner="Collections">
<arg>${json_data['results'][0]}</arg>
<arg>${key}</arg>
<doc>Fails if ``key`` is not found from ``dictionary``.</doc>
<status status="PASS" start="2024-07-13T12:26:20.706498" elapsed="0.000389"/>
</kw>
<kw name="Log" owner="BuiltIn">
<msg time="2024-07-13T12:26:20.707459" level="INFO">{'gender': 'female', 'name': {'title': 'Miss', 'first': 'Mareen', 'last': 'Oehme'}, 'location': {'street': {'number': 9241, 'name': 'Schulstraße'}, 'city': 'Lüneburg', 'state': 'Thüringen', 'country': 'Germany', 'postcode': 14873, 'coordinates': {'latitude': '-50.7272', 'longitude': '78.0394'}, 'timezone': {'offset': '-5:00', 'description': 'Eastern Time (US &amp; Canada), Bogota, Lima'}}, 'email': 'mareen.oehme@example.com', 'login': {'uuid': 'aa04ed8f-0e16-43da-a0cf-4c469c97c635', 'username': 'yellowfish797', 'password': 'robins', 'salt': '6fzn1Q4b', 'md5': '86a3349ae8a3ea462cd61340ea491971', 'sha1': '624de0177769938f0d07f508f518da1850dfdc4a', 'sha256': '27d675149b54ab8a0793000c670e1404cf8392e9d4c7601c1a5ea74f8dc6661d'}, 'dob': {'date': '1960-08-09T08:35:25.615Z', 'age': 63}, 'registered': {'date': '2009-12-28T13:54:44.236Z', 'age': 14}, 'phone': '0854-7423632', 'cell': '0172-7914208', 'id': {'name': 'SVNR', 'value': '28 090860 O 669'}, 'picture': {'large': 'https://randomuser.me/api/portraits/women/56.jpg', 'medium': 'https://randomuser.me/api/portraits/med/women/56.jpg', 'thumbnail': 'https://randomuser.me/api/portraits/thumb/women/56.jpg'}, 'nat': 'DE'}</msg>
<arg>${json_data['results'][0]}</arg>
<doc>Logs the given message with the given level.</doc>
<status status="PASS" start="2024-07-13T12:26:20.707070" elapsed="0.000443"/>
</kw>
<kw name="Log" owner="BuiltIn">
<msg time="2024-07-13T12:26:20.707939" level="INFO">name</msg>
<arg>${key}</arg>
<doc>Logs the given message with the given level.</doc>
<status status="PASS" start="2024-07-13T12:26:20.707810" elapsed="0.000166"/>
</kw>
<var name="${key}">name</var>
<status status="PASS" start="2024-07-13T12:26:20.706389" elapsed="0.001805"/>
</iter>
<iter>
<kw name="Dictionary Should Contain Key" owner="Collections">
<arg>${json_data['results'][0]}</arg>
<arg>${key}</arg>
<doc>Fails if ``key`` is not found from ``dictionary``.</doc>
<status status="PASS" start="2024-07-13T12:26:20.708484" elapsed="0.000389"/>
</kw>
<kw name="Log" owner="BuiltIn">
<msg time="2024-07-13T12:26:20.709457" level="INFO">{'gender': 'female', 'name': {'title': 'Miss', 'first': 'Mareen', 'last': 'Oehme'}, 'location': {'street': {'number': 9241, 'name': 'Schulstraße'}, 'city': 'Lüneburg', 'state': 'Thüringen', 'country': 'Germany', 'postcode': 14873, 'coordinates': {'latitude': '-50.7272', 'longitude': '78.0394'}, 'timezone': {'offset': '-5:00', 'description': 'Eastern Time (US &amp; Canada), Bogota, Lima'}}, 'email': 'mareen.oehme@example.com', 'login': {'uuid': 'aa04ed8f-0e16-43da-a0cf-4c469c97c635', 'username': 'yellowfish797', 'password': 'robins', 'salt': '6fzn1Q4b', 'md5': '86a3349ae8a3ea462cd61340ea491971', 'sha1': '624de0177769938f0d07f508f518da1850dfdc4a', 'sha256': '27d675149b54ab8a0793000c670e1404cf8392e9d4c7601c1a5ea74f8dc6661d'}, 'dob': {'date': '1960-08-09T08:35:25.615Z', 'age': 63}, 'registered': {'date': '2009-12-28T13:54:44.236Z', 'age': 14}, 'phone': '0854-7423632', 'cell': '0172-7914208', 'id': {'name': 'SVNR', 'value': '28 090860 O 669'}, 'picture': {'large': 'https://randomuser.me/api/portraits/women/56.jpg', 'medium': 'https://randomuser.me/api/portraits/med/women/56.jpg', 'thumbnail': 'https://randomuser.me/api/portraits/thumb/women/56.jpg'}, 'nat': 'DE'}</msg>
<arg>${json_data['results'][0]}</arg>
<doc>Logs the given message with the given level.</doc>
<status status="PASS" start="2024-07-13T12:26:20.709088" elapsed="0.000420"/>
</kw>
<kw name="Log" owner="BuiltIn">
<msg time="2024-07-13T12:26:20.709939" level="INFO">location</msg>
<arg>${key}</arg>
<doc>Logs the given message with the given level.</doc>
<status status="PASS" start="2024-07-13T12:26:20.709809" elapsed="0.000168"/>
</kw>
<var name="${key}">location</var>
<status status="PASS" start="2024-07-13T12:26:20.708375" elapsed="0.001816"/>
</iter>
<iter>
<kw name="Dictionary Should Contain Key" owner="Collections">
<arg>${json_data['results'][0]}</arg>
<arg>${key}</arg>
<doc>Fails if ``key`` is not found from ``dictionary``.</doc>
<status status="PASS" start="2024-07-13T12:26:20.710469" elapsed="0.000383"/>
</kw>
<kw name="Log" owner="BuiltIn">
<msg time="2024-07-13T12:26:20.711391" level="INFO">{'gender': 'female', 'name': {'title': 'Miss', 'first': 'Mareen', 'last': 'Oehme'}, 'location': {'street': {'number': 9241, 'name': 'Schulstraße'}, 'city': 'Lüneburg', 'state': 'Thüringen', 'country': 'Germany', 'postcode': 14873, 'coordinates': {'latitude': '-50.7272', 'longitude': '78.0394'}, 'timezone': {'offset': '-5:00', 'description': 'Eastern Time (US &amp; Canada), Bogota, Lima'}}, 'email': 'mareen.oehme@example.com', 'login': {'uuid': 'aa04ed8f-0e16-43da-a0cf-4c469c97c635', 'username': 'yellowfish797', 'password': 'robins', 'salt': '6fzn1Q4b', 'md5': '86a3349ae8a3ea462cd61340ea491971', 'sha1': '624de0177769938f0d07f508f518da1850dfdc4a', 'sha256': '27d675149b54ab8a0793000c670e1404cf8392e9d4c7601c1a5ea74f8dc6661d'}, 'dob': {'date': '1960-08-09T08:35:25.615Z', 'age': 63}, 'registered': {'date': '2009-12-28T13:54:44.236Z', 'age': 14}, 'phone': '0854-7423632', 'cell': '0172-7914208', 'id': {'name': 'SVNR', 'value': '28 090860 O 669'}, 'picture': {'large': 'https://randomuser.me/api/portraits/women/56.jpg', 'medium': 'https://randomuser.me/api/portraits/med/women/56.jpg', 'thumbnail': 'https://randomuser.me/api/portraits/thumb/women/56.jpg'}, 'nat': 'DE'}</msg>
<arg>${json_data['results'][0]}</arg>
<doc>Logs the given message with the given level.</doc>
<status status="PASS" start="2024-07-13T12:26:20.711037" elapsed="0.000407"/>
</kw>
<kw name="Log" owner="BuiltIn">
<msg time="2024-07-13T12:26:20.711863" level="INFO">email</msg>
<arg>${key}</arg>
<doc>Logs the given message with the given level.</doc>
<status status="PASS" start="2024-07-13T12:26:20.711737" elapsed="0.000165"/>
</kw>
<var name="${key}">email</var>
<status status="PASS" start="2024-07-13T12:26:20.710362" elapsed="0.001752"/>
</iter>
<iter>
<kw name="Dictionary Should Contain Key" owner="Collections">
<arg>${json_data['results'][0]}</arg>
<arg>${key}</arg>
<doc>Fails if ``key`` is not found from ``dictionary``.</doc>
<status status="PASS" start="2024-07-13T12:26:20.712396" elapsed="0.000390"/>
</kw>
<kw name="Log" owner="BuiltIn">
<msg time="2024-07-13T12:26:20.713366" level="INFO">{'gender': 'female', 'name': {'title': 'Miss', 'first': 'Mareen', 'last': 'Oehme'}, 'location': {'street': {'number': 9241, 'name': 'Schulstraße'}, 'city': 'Lüneburg', 'state': 'Thüringen', 'country': 'Germany', 'postcode': 14873, 'coordinates': {'latitude': '-50.7272', 'longitude': '78.0394'}, 'timezone': {'offset': '-5:00', 'description': 'Eastern Time (US &amp; Canada), Bogota, Lima'}}, 'email': 'mareen.oehme@example.com', 'login': {'uuid': 'aa04ed8f-0e16-43da-a0cf-4c469c97c635', 'username': 'yellowfish797', 'password': 'robins', 'salt': '6fzn1Q4b', 'md5': '86a3349ae8a3ea462cd61340ea491971', 'sha1': '624de0177769938f0d07f508f518da1850dfdc4a', 'sha256': '27d675149b54ab8a0793000c670e1404cf8392e9d4c7601c1a5ea74f8dc6661d'}, 'dob': {'date': '1960-08-09T08:35:25.615Z', 'age': 63}, 'registered': {'date': '2009-12-28T13:54:44.236Z', 'age': 14}, 'phone': '0854-7423632', 'cell': '0172-7914208', 'id': {'name': 'SVNR', 'value': '28 090860 O 669'}, 'picture': {'large': 'https://randomuser.me/api/portraits/women/56.jpg', 'medium': 'https://randomuser.me/api/portraits/med/women/56.jpg', 'thumbnail': 'https://randomuser.me/api/portraits/thumb/women/56.jpg'}, 'nat': 'DE'}</msg>
<arg>${json_data['results'][0]}</arg>
<doc>Logs the given message with the given level.</doc>
<status status="PASS" start="2024-07-13T12:26:20.712968" elapsed="0.000453"/>
</kw>
<kw name="Log" owner="BuiltIn">
<msg time="2024-07-13T12:26:20.713848" level="INFO">login</msg>
<arg>${key}</arg>
<doc>Logs the given message with the given level.</doc>
<status status="PASS" start="2024-07-13T12:26:20.713719" elapsed="0.000167"/>
</kw>
<var name="${key}">login</var>
<status status="PASS" start="2024-07-13T12:26:20.712285" elapsed="0.001823"/>
</iter>
<var>${key}</var>
<value>@{expected_keys}</value>
<status status="PASS" start="2024-07-13T12:26:20.704113" elapsed="0.010119"/>
</for>
<kw name="Create List" owner="BuiltIn">
<msg time="2024-07-13T12:26:20.714595" level="INFO">${expected_keysTwo} = ['username', 'password']</msg>
<var>${expected_keysTwo}</var>
<arg>username</arg>
<arg>password</arg>
<doc>Returns a list containing given items.</doc>
<status status="PASS" start="2024-07-13T12:26:20.714455" elapsed="0.000165"/>
</kw>
<for flavor="IN">
<iter>
<kw name="Dictionary Should Contain Key" owner="Collections">
<arg>${json_data['results'][0]['login']}</arg>
<arg>${keyTwo}</arg>
<doc>Fails if ``key`` is not found from ``dictionary``.</doc>
<status status="PASS" start="2024-07-13T12:26:20.715123" elapsed="0.000393"/>
</kw>
<kw name="Dictionary Should Contain Key" owner="Collections">
<arg>${json_data['results'][0]['login']}</arg>
<arg>${keyTwo}</arg>
<doc>Fails if ``key`` is not found from ``dictionary``.</doc>
<status status="PASS" start="2024-07-13T12:26:20.715701" elapsed="0.000384"/>
</kw>
<kw name="Log" owner="BuiltIn">
<msg time="2024-07-13T12:26:20.716393" level="INFO">username</msg>
<arg>${keyTwo}</arg>
<doc>Logs the given message with the given level.</doc>
<status status="PASS" start="2024-07-13T12:26:20.716270" elapsed="0.000161"/>
</kw>
<var name="${keyTwo}">username</var>
<status status="PASS" start="2024-07-13T12:26:20.715016" elapsed="0.001638"/>
</iter>
<iter>
<kw name="Dictionary Should Contain Key" owner="Collections">
<arg>${json_data['results'][0]['login']}</arg>
<arg>${keyTwo}</arg>
<doc>Fails if ``key`` is not found from ``dictionary``.</doc>
<status status="PASS" start="2024-07-13T12:26:20.716933" elapsed="0.000427"/>
</kw>
<kw name="Dictionary Should Contain Key" owner="Collections">
<arg>${json_data['results'][0]['login']}</arg>
<arg>${keyTwo}</arg>
<doc>Fails if ``key`` is not found from ``dictionary``.</doc>
<status status="PASS" start="2024-07-13T12:26:20.717541" elapsed="0.000380"/>
</kw>
<kw name="Log" owner="BuiltIn">
<msg time="2024-07-13T12:26:20.718217" level="INFO">password</msg>
<arg>${keyTwo}</arg>
<doc>Logs the given message with the given level.</doc>
<status status="PASS" start="2024-07-13T12:26:20.718097" elapsed="0.000162"/>
</kw>
<var name="${keyTwo}">password</var>
<status status="PASS" start="2024-07-13T12:26:20.716827" elapsed="0.001655"/>
</iter>
<var>${keyTwo}</var>
<value>@{expected_keysTwo}</value>
<status status="PASS" start="2024-07-13T12:26:20.714862" elapsed="0.003740"/>
</for>
<status status="PASS" start="2024-07-13T12:26:20.607319" elapsed="0.111423"/>
</kw>
<doc>Testa a estrutura da resposta da API.</doc>
<tag>testeEstruturaResposta</tag>
<status status="PASS" start="2024-07-13T12:26:20.606780" elapsed="0.112119"/>
</test>
<test id="s1-s1-t4" name="Validar tipos de dados" line="28">
<kw name="Teste de Tipos de Dados" owner="random-user-service">
<kw name="GET On Session" owner="RequestsLibrary">
<msg time="2024-07-13T12:26:20.808034" level="INFO">GET Request : url=https://randomuser.me/api 
 path_url=/api 
 headers={'User-Agent': 'python-requests/2.32.3', 'Accept-Encoding': 'gzip, deflate', 'Accept': '*/*', 'Connection': 'keep-alive'} 
 body=None 
 </msg>
<msg time="2024-07-13T12:26:20.808138" level="INFO">GET Response : url=https://randomuser.me/api 
 status=200, reason=OK 
 headers={'Date': 'Sat, 13 Jul 2024 12:26:20 GMT', 'Content-Type': 'application/json; charset=utf-8', 'Transfer-Encoding': 'chunked', 'Connection': 'keep-alive', 'X-Powered-By': 'Express', 'Access-Control-Allow-Origin': '*', 'Cache-Control': 'no-cache', 'ETag': 'W/"494-CjI5IZeNKugN1eCtXwpq/3CTBvY"', 'Vary': 'Accept-Encoding', 'Content-Encoding': 'gzip', 'CF-Cache-Status': 'DYNAMIC', 'Report-To': '{"endpoints":[{"url":"https:\\/\\/a.nel.cloudflare.com\\/report\\/v4?s=QD%2FcmWEN5S24HTG45skfncLqmiGW94OxIPRdQ661x3FHSzF%2FWUOZFgDSSNTq1jlz0m2B6SgccRE1YnDxNI82QfvRlIGshYFRwLGsQRAeMOmTN74Vsgeunk10RYrD4vo2"}],"group":"cf-nel","max_age":604800}', 'NEL': '{"success_fraction":0,"report_to":"cf-nel","max_age":604800}', 'Server': 'cloudflare', 'CF-RAY': '8a2942c78a3d10fb-ORD', 'alt-svc': 'h3=":443"; ma=86400'} 
 body={"results":[{"gender":"male","name":{"title":"Mr","first":"Carter","last":"Turner"},"location":{"street":{"number":840,"name":"New Road"},"city":"Newcastle upon Tyne","state":"Tayside","country":"United Kingdom","postcode":"CS6 2XS","coordinates":{"latitude":"-4.9663","longitude":"-50.8251"},"timezone":{"offset":"+2:00","description":"Kaliningrad, South Africa"}},"email":"carter.turner@example.com","login":{"uuid":"2e8178e5-57ae-43d0-b8bf-3714664dc92a","username":"sadzebra294","password":"luckydog","salt":"uCO5mZcE","md5":"3b5dc9265b5264b7d768b06ab694bb78","sha1":"a8e85366f312652bbd1972a95846d67a6ba7c322","sha256":"f9bdd437bcc09a7fffa5ea6bd682d6eca04740f5485077cea102ebf3f08f9922"},"dob":{"date":"1972-07-09T10:15:12.207Z","age":52},"registered":{"date":"2004-02-04T06:43:31.194Z","age":20},"phone":"017683 89503","cell":"07155 874237","id":{"name":"NINO","value":"AJ 90 42 33 Z"},"picture":{"large":"https://randomuser.me/api/portraits/men/31.jpg","medium":"https://randomuser.me/api/portraits/med/men/31.jpg","thumbnail":"https://randomuser.me/api/portraits/thumb/men/31.jpg"},"nat":"GB"}],"info":{"seed":"e010aeec52a047af","results":1,"page":1,"version":"1.4"}} 
 </msg>
<msg time="2024-07-13T12:26:20.808215" level="INFO">/opt/hostedtoolcache/Python/3.12.4/x64/lib/python3.12/site-packages/urllib3/connectionpool.py:1099: InsecureRequestWarning: Unverified HTTPS request is being made to host 'randomuser.me'. Adding certificate verification is strongly advised. See: https://urllib3.readthedocs.io/en/latest/advanced-usage.html#tls-warnings
  warnings.warn(</msg>
<msg time="2024-07-13T12:26:20.808340" level="INFO">${response} = &lt;Response [200]&gt;</msg>
<var>${response}</var>
<arg>consultarAPI</arg>
<arg>/api</arg>
<doc>Sends a GET request on a previously created HTTP Session.</doc>
<status status="PASS" start="2024-07-13T12:26:20.721502" elapsed="0.086869"/>
</kw>
<kw name="Set Variable" owner="BuiltIn">
<msg time="2024-07-13T12:26:20.809553" level="INFO">${json_data} = {'results': [{'gender': 'male', 'name': {'title': 'Mr', 'first': 'Carter', 'last': 'Turner'}, 'location': {'street': {'number': 840, 'name': 'New Road'}, 'city': 'Newcastle upon Tyne', 'state': 'Taysi...</msg>
<var>${json_data}</var>
<arg>${response.json()}</arg>
<doc>Returns the given values which can then be assigned to a variables.</doc>
<status status="PASS" start="2024-07-13T12:26:20.808949" elapsed="0.000635"/>
</kw>
<kw name="Log" owner="BuiltIn">
<msg time="2024-07-13T12:26:20.810100" level="INFO">{'results': [{'gender': 'male', 'name': {'title': 'Mr', 'first': 'Carter', 'last': 'Turner'}, 'location': {'street': {'number': 840, 'name': 'New Road'}, 'city': 'Newcastle upon Tyne', 'state': 'Tayside', 'country': 'United Kingdom', 'postcode': 'CS6 2XS', 'coordinates': {'latitude': '-4.9663', 'longitude': '-50.8251'}, 'timezone': {'offset': '+2:00', 'description': 'Kaliningrad, South Africa'}}, 'email': 'carter.turner@example.com', 'login': {'uuid': '2e8178e5-57ae-43d0-b8bf-3714664dc92a', 'username': 'sadzebra294', 'password': 'luckydog', 'salt': 'uCO5mZcE', 'md5': '3b5dc9265b5264b7d768b06ab694bb78', 'sha1': 'a8e85366f312652bbd1972a95846d67a6ba7c322', 'sha256': 'f9bdd437bcc09a7fffa5ea6bd682d6eca04740f5485077cea102ebf3f08f9922'}, 'dob': {'date': '1972-07-09T10:15:12.207Z', 'age': 52}, 'registered': {'date': '2004-02-04T06:43:31.194Z', 'age': 20}, 'phone': '017683 89503', 'cell': '07155 874237', 'id': {'name': 'NINO', 'value': 'AJ 90 42 33 Z'}, 'picture': {'large': 'https://randomuser.me/api/portraits/men/31.jpg', 'medium': 'https://randomuser.me/api/portraits/med/men/31.jpg', 'thumbnail': 'https://randomuser.me/api/portraits/thumb/men/31.jpg'}, 'nat': 'GB'}], 'info': {'seed': 'e010aeec52a047af', 'results': 1, 'page': 1, 'version': '1.4'}}</msg>
<arg>${json_data}</arg>
<doc>Logs the given message with the given level.</doc>
<status status="PASS" start="2024-07-13T12:26:20.809929" elapsed="0.000220"/>
</kw>
<kw name="Should Be String" owner="String">
<arg>${json_data['results'][0]['gender']}</arg>
<doc>Fails if the given ``item`` is not a string.</doc>
<status status="PASS" start="2024-07-13T12:26:20.810447" elapsed="0.000394"/>
</kw>
<kw name="Should Match Regexp" owner="BuiltIn">
<arg>${json_data['results'][0]['email']}</arg>
<arg>^[a-zA-Z0-9._%+-]+@[a-zA-Z0-9.-]+\.[a-zA-Z]{2,}$</arg>
<doc>Fails if ``string`` does not match ``pattern`` as a regular expression.</doc>
<status status="PASS" start="2024-07-13T12:26:20.811071" elapsed="0.000534"/>
</kw>
<kw name="Should Match Regexp" owner="BuiltIn">
<arg>${json_data['results'][0]['dob']['date']}</arg>
<arg>\\d{4}-\\d{2}-\\d{2}T\\d{2}:\\d{2}:\\d{2}\\.\\d{3}Z</arg>
<doc>Fails if ``string`` does not match ``pattern`` as a regular expression.</doc>
<status status="PASS" start="2024-07-13T12:26:20.811800" elapsed="0.000508"/>
</kw>
<kw name="Should Match Regexp" owner="BuiltIn">
<arg>${json_data['results'][0]['registered']['date']}</arg>
<arg>\\d{4}-\\d{2}-\\d{2}T\\d{2}:\\d{2}:\\d{2}\\.\\d{3}Z</arg>
<doc>Fails if ``string`` does not match ``pattern`` as a regular expression.</doc>
<status status="PASS" start="2024-07-13T12:26:20.812501" elapsed="0.000370"/>
</kw>
<kw name="Should Match Regexp" owner="BuiltIn">
<arg>${json_data['results'][0]['picture']['large']}</arg>
<arg>^https?://.*\.(?:png|jpe?g|gif|bmp)$</arg>
<doc>Fails if ``string`` does not match ``pattern`` as a regular expression.</doc>
<status status="PASS" start="2024-07-13T12:26:20.813079" elapsed="0.000466"/>
</kw>
<kw name="Should Match Regexp" owner="BuiltIn">
<arg>${json_data['results'][0]['picture']['medium']}</arg>
<arg>^https?://.*\.(?:png|jpe?g|gif|bmp)$</arg>
<doc>Fails if ``string`` does not match ``pattern`` as a regular expression.</doc>
<status status="PASS" start="2024-07-13T12:26:20.813747" elapsed="0.000355"/>
</kw>
<kw name="Should Match Regexp" owner="BuiltIn">
<arg>${json_data['results'][0]['picture']['thumbnail']}</arg>
<arg>^https?://.*\.(?:png|jpe?g|gif|bmp)$</arg>
<doc>Fails if ``string`` does not match ``pattern`` as a regular expression.</doc>
<status status="PASS" start="2024-07-13T12:26:20.814288" elapsed="0.000352"/>
</kw>
<kw name="Log" owner="BuiltIn">
<msg time="2024-07-13T12:26:20.815175" level="INFO">{'large': 'https://randomuser.me/api/portraits/men/31.jpg', 'medium': 'https://randomuser.me/api/portraits/med/men/31.jpg', 'thumbnail': 'https://randomuser.me/api/portraits/thumb/men/31.jpg'}</msg>
<arg>${json_data['results'][0]['picture']}</arg>
<doc>Logs the given message with the given level.</doc>
<status status="PASS" start="2024-07-13T12:26:20.814827" elapsed="0.000393"/>
</kw>
<status status="PASS" start="2024-07-13T12:26:20.721262" elapsed="0.094224"/>
</kw>
<kw name="Teste de Tipos de Dados - Postcode" owner="random-user-service">
<kw name="GET On Session" owner="RequestsLibrary">
<msg time="2024-07-13T12:26:20.899797" level="INFO">GET Request : url=https://randomuser.me/api 
 path_url=/api 
 headers={'User-Agent': 'python-requests/2.32.3', 'Accept-Encoding': 'gzip, deflate', 'Accept': '*/*', 'Connection': 'keep-alive'} 
 body=None 
 </msg>
<msg time="2024-07-13T12:26:20.899914" level="INFO">GET Response : url=https://randomuser.me/api 
 status=200, reason=OK 
 headers={'Date': 'Sat, 13 Jul 2024 12:26:20 GMT', 'Content-Type': 'application/json; charset=utf-8', 'Transfer-Encoding': 'chunked', 'Connection': 'keep-alive', 'X-Powered-By': 'Express', 'Access-Control-Allow-Origin': '*', 'Cache-Control': 'no-cache', 'ETag': 'W/"48f-0aPh0xc0sCk1CcEFNSGw6VisQiw"', 'Vary': 'Accept-Encoding', 'Content-Encoding': 'gzip', 'CF-Cache-Status': 'DYNAMIC', 'Report-To': '{"endpoints":[{"url":"https:\\/\\/a.nel.cloudflare.com\\/report\\/v4?s=0WQlVooOkEqjAXokSSYsezjBuHdjSgm8QZAfbcG%2BnHMXw0iGAgxpu5Gm%2FXKZCPZBXvwjdLShAOwGPEx0FdS0OeApdKmAWEq7p8zLrWpClabSBE5c4AlyGBDFGIHPwfbZ"}],"group":"cf-nel","max_age":604800}', 'NEL': '{"success_fraction":0,"report_to":"cf-nel","max_age":604800}', 'Server': 'cloudflare', 'CF-RAY': '8a2942c81b0d10fb-ORD', 'alt-svc': 'h3=":443"; ma=86400'} 
 body={"results":[{"gender":"male","name":{"title":"Mr","first":"Mitar","last":"Mandić"},"location":{"street":{"number":6691,"name":"Mitrofana Hilandarca "},"city":"Alibunar","state":"Šumadija","country":"Serbia","postcode":46020,"coordinates":{"latitude":"59.7831","longitude":"-48.6054"},"timezone":{"offset":"+5:30","description":"Bombay, Calcutta, Madras, New Delhi"}},"email":"mitar.mandic@example.com","login":{"uuid":"86ba90d6-5f66-4b13-a514-9951a8716337","username":"beautifulfish652","password":"food","salt":"t8yxTfly","md5":"d3ccec6c2b22ba9269ffc7328726ff21","sha1":"3a47c8445c6aa007ac09ee01cf59d2231c91a18e","sha256":"c755748fbd4eb2bce920182fdf648ffbed9d122af4f0dcfbe326ad42281d8120"},"dob":{"date":"1976-10-23T02:33:18.251Z","age":47},"registered":{"date":"2008-08-01T14:50:56.372Z","age":15},"phone":"025-4031-244","cell":"068-5149-074","id":{"name":"SID","value":"467532831"},"picture":{"large":"https://randomuser.me/api/portraits/men/7.jpg","medium":"https://randomuser.me/api/portraits/med/men/7.jpg","thumbnail":"https://randomuser.me/api/portraits/thumb/men/7.jpg"},"nat":"RS"}],"info":{"seed":"d68fe5f9bc88abeb","results":1,"page":1,"version":"1.4"}} 
 </msg>
<msg time="2024-07-13T12:26:20.900001" level="INFO">/opt/hostedtoolcache/Python/3.12.4/x64/lib/python3.12/site-packages/urllib3/connectionpool.py:1099: InsecureRequestWarning: Unverified HTTPS request is being made to host 'randomuser.me'. Adding certificate verification is strongly advised. See: https://urllib3.readthedocs.io/en/latest/advanced-usage.html#tls-warnings
  warnings.warn(</msg>
<msg time="2024-07-13T12:26:20.900138" level="INFO">${response} = &lt;Response [200]&gt;</msg>
<var>${response}</var>
<arg>consultarAPI</arg>
<arg>/api</arg>
<doc>Sends a GET request on a previously created HTTP Session.</doc>
<status status="PASS" start="2024-07-13T12:26:20.815955" elapsed="0.084221"/>
</kw>
<kw name="Set Variable" owner="BuiltIn">
<msg time="2024-07-13T12:26:20.901450" level="INFO">${json_data} = {'results': [{'gender': 'male', 'name': {'title': 'Mr', 'first': 'Mitar', 'last': 'Mandić'}, 'location': {'street': {'number': 6691, 'name': 'Mitrofana Hilandarca '}, 'city': 'Alibunar', 'state': 'Šum...</msg>
<var>${json_data}</var>
<arg>${response.json()}</arg>
<doc>Returns the given values which can then be assigned to a variables.</doc>
<status status="PASS" start="2024-07-13T12:26:20.900829" elapsed="0.000652"/>
</kw>
<kw name="Log" owner="BuiltIn">
<msg time="2024-07-13T12:26:20.901985" level="INFO">{'results': [{'gender': 'male', 'name': {'title': 'Mr', 'first': 'Mitar', 'last': 'Mandić'}, 'location': {'street': {'number': 6691, 'name': 'Mitrofana Hilandarca '}, 'city': 'Alibunar', 'state': 'Šumadija', 'country': 'Serbia', 'postcode': 46020, 'coordinates': {'latitude': '59.7831', 'longitude': '-48.6054'}, 'timezone': {'offset': '+5:30', 'description': 'Bombay, Calcutta, Madras, New Delhi'}}, 'email': 'mitar.mandic@example.com', 'login': {'uuid': '86ba90d6-5f66-4b13-a514-9951a8716337', 'username': 'beautifulfish652', 'password': 'food', 'salt': 't8yxTfly', 'md5': 'd3ccec6c2b22ba9269ffc7328726ff21', 'sha1': '3a47c8445c6aa007ac09ee01cf59d2231c91a18e', 'sha256': 'c755748fbd4eb2bce920182fdf648ffbed9d122af4f0dcfbe326ad42281d8120'}, 'dob': {'date': '1976-10-23T02:33:18.251Z', 'age': 47}, 'registered': {'date': '2008-08-01T14:50:56.372Z', 'age': 15}, 'phone': '025-4031-244', 'cell': '068-5149-074', 'id': {'name': 'SID', 'value': '467532831'}, 'picture': {'large': 'https://randomuser.me/api/portraits/men/7.jpg', 'medium': 'https://randomuser.me/api/portraits/med/men/7.jpg', 'thumbnail': 'https://randomuser.me/api/portraits/thumb/men/7.jpg'}, 'nat': 'RS'}], 'info': {'seed': 'd68fe5f9bc88abeb', 'results': 1, 'page': 1, 'version': '1.4'}}</msg>
<arg>${json_data}</arg>
<doc>Logs the given message with the given level.</doc>
<status status="PASS" start="2024-07-13T12:26:20.901812" elapsed="0.000225"/>
</kw>
<kw name="Should Be Equal As Numbers" owner="BuiltIn">
<arg>${json_data['results'][0]['location']['postcode']}</arg>
<arg>${json_data['results'][0]['location']['postcode']}</arg>
<doc>Fails if objects are unequal after converting them to real numbers.</doc>
<status status="PASS" start="2024-07-13T12:26:20.902354" elapsed="0.000645"/>
</kw>
<kw name="Log" owner="BuiltIn">
<msg time="2024-07-13T12:26:20.903576" level="INFO">46020</msg>
<arg>${json_data['results'][0]['location']['postcode']}</arg>
<doc>Logs the given message with the given level.</doc>
<status status="PASS" start="2024-07-13T12:26:20.903230" elapsed="0.000389"/>
</kw>
<status status="PASS" start="2024-07-13T12:26:20.815720" elapsed="0.088163"/>
</kw>
<doc>Testa se os tipos de dados na resposta da API estão corretos.</doc>
<tag>testeTiposDados</tag>
<status status="PASS" start="2024-07-13T12:26:20.720694" elapsed="0.183365"/>
</test>
<test id="s1-s1-t5" name="Validar conteudo" line="35">
<kw name="Teste de Tipos de Conteudo" owner="random-user-service">
<kw name="GET On Session" owner="RequestsLibrary">
<msg time="2024-07-13T12:26:21.005854" level="INFO">GET Request : url=https://randomuser.me/api 
 path_url=/api 
 headers={'User-Agent': 'python-requests/2.32.3', 'Accept-Encoding': 'gzip, deflate', 'Accept': '*/*', 'Connection': 'keep-alive'} 
 body=None 
 </msg>
<msg time="2024-07-13T12:26:21.005971" level="INFO">GET Response : url=https://randomuser.me/api 
 status=200, reason=OK 
 headers={'Date': 'Sat, 13 Jul 2024 12:26:21 GMT', 'Content-Type': 'application/json; charset=utf-8', 'Transfer-Encoding': 'chunked', 'Connection': 'keep-alive', 'X-Powered-By': 'Express', 'Access-Control-Allow-Origin': '*', 'Cache-Control': 'no-cache', 'ETag': 'W/"473-qP2icOnqhAhH71vKqczE8M3MIqE"', 'Vary': 'Accept-Encoding', 'Content-Encoding': 'gzip', 'CF-Cache-Status': 'DYNAMIC', 'Report-To': '{"endpoints":[{"url":"https:\\/\\/a.nel.cloudflare.com\\/report\\/v4?s=xKZlx8j2wzMIIJxqKhTwgUfZnEG3V34dKAEGMVc67ew%2Bw3LeLY%2FeX0AJoiXeXwg3fe%2FYRB0%2BSsX5MO011W9xXqZi5QAqH5vLaDiJjcsAVUkN9FESKY1bh70S8epS7FpX"}],"group":"cf-nel","max_age":604800}', 'NEL': '{"success_fraction":0,"report_to":"cf-nel","max_age":604800}', 'Server': 'cloudflare', 'CF-RAY': '8a2942c8abd910fb-ORD', 'alt-svc': 'h3=":443"; ma=86400'} 
 body={"results":[{"gender":"male","name":{"title":"Mr","first":"Goran","last":"Hadžić"},"location":{"street":{"number":75,"name":"Crnička"},"city":"Priboj","state":"Zaječar","country":"Serbia","postcode":72612,"coordinates":{"latitude":"57.1492","longitude":"-40.0321"},"timezone":{"offset":"+7:00","description":"Bangkok, Hanoi, Jakarta"}},"email":"goran.hadzic@example.com","login":{"uuid":"42d02afb-1719-4305-8b30-46ffef3fb9eb","username":"bluebear341","password":"pictuers","salt":"eDgKmbvF","md5":"91942f59d14a8af69c5028f725869b7d","sha1":"366a0c87ce010707acd3cb63b9f3b6c81c9c6af0","sha256":"2ed0ee3adef96e9eacc674f0c3d2a3e58383e73e19ce7e1256fe757e201a9fb8"},"dob":{"date":"1966-06-15T20:01:05.843Z","age":58},"registered":{"date":"2021-11-03T20:30:16.189Z","age":2},"phone":"039-2975-865","cell":"065-9018-106","id":{"name":"SID","value":"646405644"},"picture":{"large":"https://randomuser.me/api/portraits/men/96.jpg","medium":"https://randomuser.me/api/portraits/med/men/96.jpg","thumbnail":"https://randomuser.me/api/portraits/thumb/men/96.jpg"},"nat":"RS"}],"info":{"seed":"a706acf9da6b3456","results":1,"page":1,"version":"1.4"}} 
 </msg>
<msg time="2024-07-13T12:26:21.006079" level="INFO">/opt/hostedtoolcache/Python/3.12.4/x64/lib/python3.12/site-packages/urllib3/connectionpool.py:1099: InsecureRequestWarning: Unverified HTTPS request is being made to host 'randomuser.me'. Adding certificate verification is strongly advised. See: https://urllib3.readthedocs.io/en/latest/advanced-usage.html#tls-warnings
  warnings.warn(</msg>
<msg time="2024-07-13T12:26:21.006219" level="INFO">${response} = &lt;Response [200]&gt;</msg>
<var>${response}</var>
<arg>consultarAPI</arg>
<arg>/api</arg>
<doc>Sends a GET request on a previously created HTTP Session.</doc>
<status status="PASS" start="2024-07-13T12:26:20.906940" elapsed="0.099319"/>
</kw>
<kw name="Set Variable" owner="BuiltIn">
<msg time="2024-07-13T12:26:21.007548" level="INFO">${json_data} = {'results': [{'gender': 'male', 'name': {'title': 'Mr', 'first': 'Goran', 'last': 'Hadžić'}, 'location': {'street': {'number': 75, 'name': 'Crnička'}, 'city': 'Priboj', 'state': 'Zaječar', 'country': ...</msg>
<var>${json_data}</var>
<arg>${response.json()}</arg>
<doc>Returns the given values which can then be assigned to a variables.</doc>
<status status="PASS" start="2024-07-13T12:26:21.006916" elapsed="0.000664"/>
</kw>
<kw name="Set Variable" owner="BuiltIn">
<msg time="2024-07-13T12:26:21.008306" level="INFO">${name_title} = Mr</msg>
<var>${name_title}</var>
<arg>${json_data["results"][0]["name"]["title"]}</arg>
<doc>Returns the given values which can then be assigned to a variables.</doc>
<status status="PASS" start="2024-07-13T12:26:21.007915" elapsed="0.000417"/>
</kw>
<kw name="Create List" owner="BuiltIn">
<msg time="2024-07-13T12:26:21.008783" level="INFO">${allowed_titles} = ['Mr', 'Ms', 'Miss', 'Mrs', 'Madame', 'Monsieur']</msg>
<var>${allowed_titles}</var>
<arg>Mr</arg>
<arg>Ms</arg>
<arg>Miss</arg>
<arg>Mrs</arg>
<arg>Madame</arg>
<arg>Monsieur</arg>
<doc>Returns a list containing given items.</doc>
<status status="PASS" start="2024-07-13T12:26:21.008631" elapsed="0.000176"/>
</kw>
<kw name="List Should Contain Value" owner="Collections">
<arg>${allowed_titles}</arg>
<arg>${name_title}</arg>
<doc>Fails if the ``value`` is not found from ``list``.</doc>
<status status="PASS" start="2024-07-13T12:26:21.009154" elapsed="0.000182"/>
</kw>
<kw name="Set Variable" owner="BuiltIn">
<msg time="2024-07-13T12:26:21.009890" level="INFO">${name_country} = RS</msg>
<var>${name_country}</var>
<arg>${json_data["results"][0]["nat"]}</arg>
<doc>Returns the given values which can then be assigned to a variables.</doc>
<status status="PASS" start="2024-07-13T12:26:21.009521" elapsed="0.000394"/>
</kw>
<kw name="Create List" owner="BuiltIn">
<msg time="2024-07-13T12:26:21.010805" level="INFO">${list_country} = ['AD', 'AE', 'AF', 'AG', 'AI', 'AL', 'AM', 'AO', 'AQ', 'AR', 'AS', 'AT', 'AU', 'AW', 'AX', 'AZ', 'BA', 'BB', 'BD', 'BE', 'BF', 'BG', 'BH', 'BI', 'BJ', 'BL', 'BM', 'BN', 'BO', 'BQ', 'BR', 'BS', 'BT', '...</msg>
<var>${list_country}</var>
<arg>AD</arg>
<arg>AE</arg>
<arg>AF</arg>
<arg>AG</arg>
<arg>AI</arg>
<arg>AL</arg>
<arg>AM</arg>
<arg>AO</arg>
<arg>AQ</arg>
<arg>AR</arg>
<arg>AS</arg>
<arg>AT</arg>
<arg>AU</arg>
<arg>AW</arg>
<arg>AX</arg>
<arg>AZ</arg>
<arg>BA</arg>
<arg>BB</arg>
<arg>BD</arg>
<arg>BE</arg>
<arg>BF</arg>
<arg>BG</arg>
<arg>BH</arg>
<arg>BI</arg>
<arg>BJ</arg>
<arg>BL</arg>
<arg>BM</arg>
<arg>BN</arg>
<arg>BO</arg>
<arg>BQ</arg>
<arg>BR</arg>
<arg>BS</arg>
<arg>BT</arg>
<arg>BV</arg>
<arg>BW</arg>
<arg>BY</arg>
<arg>BZ</arg>
<arg>CA</arg>
<arg>CC</arg>
<arg>CD</arg>
<arg>CF</arg>
<arg>CG</arg>
<arg>CH</arg>
<arg>CI</arg>
<arg>CK</arg>
<arg>CL</arg>
<arg>CM</arg>
<arg>CN</arg>
<arg>CO</arg>
<arg>CR</arg>
<arg>CU</arg>
<arg>CV</arg>
<arg>CW</arg>
<arg>CX</arg>
<arg>CY</arg>
<arg>CZ</arg>
<arg>DE</arg>
<arg>DJ</arg>
<arg>DK</arg>
<arg>DM</arg>
<arg>DO</arg>
<arg>DZ</arg>
<arg>EC</arg>
<arg>EE</arg>
<arg>EG</arg>
<arg>EH</arg>
<arg>ER</arg>
<arg>ES</arg>
<arg>ET</arg>
<arg>FI</arg>
<arg>FJ</arg>
<arg>FK</arg>
<arg>FM</arg>
<arg>FO</arg>
<arg>FR</arg>
<arg>GA</arg>
<arg>GB</arg>
<arg>GD</arg>
<arg>GE</arg>
<arg>GF</arg>
<arg>GG</arg>
<arg>GH</arg>
<arg>GI</arg>
<arg>GL</arg>
<arg>GM</arg>
<arg>GN</arg>
<arg>GP</arg>
<arg>GQ</arg>
<arg>GR</arg>
<arg>GS</arg>
<arg>GT</arg>
<arg>GU</arg>
<arg>GW</arg>
<arg>GY</arg>
<arg>HK</arg>
<arg>HM</arg>
<arg>HN</arg>
<arg>HR</arg>
<arg>HT</arg>
<arg>HU</arg>
<arg>ID</arg>
<arg>IE</arg>
<arg>IL</arg>
<arg>IM</arg>
<arg>IN</arg>
<arg>IO</arg>
<arg>IQ</arg>
<arg>IR</arg>
<arg>IS</arg>
<arg>IT</arg>
<arg>JE</arg>
<arg>JM</arg>
<arg>JO</arg>
<arg>JP</arg>
<arg>KE</arg>
<arg>KG</arg>
<arg>KH</arg>
<arg>KI</arg>
<arg>KM</arg>
<arg>KN</arg>
<arg>KP</arg>
<arg>KR</arg>
<arg>KW</arg>
<arg>KY</arg>
<arg>KZ</arg>
<arg>LA</arg>
<arg>LB</arg>
<arg>LC</arg>
<arg>LI</arg>
<arg>LK</arg>
<arg>LR</arg>
<arg>LS</arg>
<arg>LT</arg>
<arg>LU</arg>
<arg>LV</arg>
<arg>LY</arg>
<arg>MA</arg>
<arg>MC</arg>
<arg>MD</arg>
<arg>ME</arg>
<arg>MF</arg>
<arg>MG</arg>
<arg>MH</arg>
<arg>MK</arg>
<arg>ML</arg>
<arg>MM</arg>
<arg>MN</arg>
<arg>MO</arg>
<arg>MP</arg>
<arg>MQ</arg>
<arg>MR</arg>
<arg>MS</arg>
<arg>MT</arg>
<arg>MU</arg>
<arg>MV</arg>
<arg>MW</arg>
<arg>MX</arg>
<arg>MY</arg>
<arg>MZ</arg>
<arg>NA</arg>
<arg>NC</arg>
<arg>NE</arg>
<arg>NF</arg>
<arg>NG</arg>
<arg>NI</arg>
<arg>NL</arg>
<arg>NO</arg>
<arg>NP</arg>
<arg>NR</arg>
<arg>NU</arg>
<arg>NZ</arg>
<arg>OM</arg>
<arg>PA</arg>
<arg>PE</arg>
<arg>PF</arg>
<arg>PG</arg>
<arg>PH</arg>
<arg>PK</arg>
<arg>PL</arg>
<arg>PM</arg>
<arg>PN</arg>
<arg>PR</arg>
<arg>PS</arg>
<arg>PT</arg>
<arg>PW</arg>
<arg>PY</arg>
<arg>QA</arg>
<arg>RE</arg>
<arg>RO</arg>
<arg>RS</arg>
<arg>RU</arg>
<arg>RW</arg>
<arg>SA</arg>
<arg>SB</arg>
<arg>SC</arg>
<arg>SD</arg>
<arg>SE</arg>
<arg>SG</arg>
<arg>SH</arg>
<arg>SI</arg>
<arg>SJ</arg>
<arg>SK</arg>
<arg>SL</arg>
<arg>SM</arg>
<arg>SN</arg>
<arg>SO</arg>
<arg>SR</arg>
<arg>SS</arg>
<arg>ST</arg>
<arg>SV</arg>
<arg>SX</arg>
<arg>SY</arg>
<arg>SZ</arg>
<arg>TC</arg>
<arg>TD</arg>
<arg>TF</arg>
<arg>TG</arg>
<arg>TH</arg>
<arg>TJ</arg>
<arg>TK</arg>
<arg>TL</arg>
<arg>TM</arg>
<arg>TN</arg>
<arg>TO</arg>
<arg>TR</arg>
<arg>TT</arg>
<arg>TV</arg>
<arg>TW</arg>
<arg>TZ</arg>
<arg>UA</arg>
<arg>UG</arg>
<arg>UM</arg>
<arg>US</arg>
<arg>UY</arg>
<arg>UZ</arg>
<arg>VA</arg>
<arg>VC</arg>
<arg>VE</arg>
<arg>VG</arg>
<arg>VI</arg>
<arg>VN</arg>
<arg>VU</arg>
<arg>WF</arg>
<arg>WS</arg>
<arg>XK</arg>
<arg>YE</arg>
<arg>YT</arg>
<arg>ZA</arg>
<arg>ZM</arg>
<arg>ZW</arg>
<doc>Returns a list containing given items.</doc>
<status status="PASS" start="2024-07-13T12:26:21.010211" elapsed="0.000619"/>
</kw>
<kw name="List Should Contain Value" owner="Collections">
<arg>${list_country}</arg>
<arg>${name_country}</arg>
<doc>Fails if the ``value`` is not found from ``list``.</doc>
<status status="PASS" start="2024-07-13T12:26:21.011634" elapsed="0.000205"/>
</kw>
<kw name="Run Keyword If" owner="BuiltIn">
<kw name="Should Be True" owner="BuiltIn">
<arg>${True}</arg>
<doc>Fails if the given condition is not true.</doc>
<status status="PASS" start="2024-07-13T12:26:21.012774" elapsed="0.000143"/>
</kw>
<arg>${json_data["results"][0]["location"]["coordinates"]["latitude"]} &gt;= -90 and ${json_data["results"][0]["location"]["coordinates"]["latitude"]} &lt;= 90</arg>
<arg>Should Be True</arg>
<arg>${True}</arg>
<doc>Runs the given keyword with the given arguments, if ``condition`` is true.</doc>
<status status="PASS" start="2024-07-13T12:26:21.012038" elapsed="0.001035"/>
</kw>
<kw name="Run Keyword If" owner="BuiltIn">
<kw name="Should Be True" owner="BuiltIn">
<arg>${True}</arg>
<doc>Fails if the given condition is not true.</doc>
<status status="PASS" start="2024-07-13T12:26:21.013951" elapsed="0.000136"/>
</kw>
<arg>${json_data["results"][0]["location"]["coordinates"]["longitude"]} &gt;= -180 and ${json_data["results"][0]["location"]["coordinates"]["longitude"]} &lt;= 180</arg>
<arg>Should Be True</arg>
<arg>${True}</arg>
<doc>Runs the given keyword with the given arguments, if ``condition`` is true.</doc>
<status status="PASS" start="2024-07-13T12:26:21.013261" elapsed="0.000949"/>
</kw>
<status status="PASS" start="2024-07-13T12:26:20.906502" elapsed="0.107842"/>
</kw>
<doc>Testa o conteúdo específico dos campos retornados pela API.</doc>
<tag>testeConteudo</tag>
<status status="PASS" start="2024-07-13T12:26:20.905936" elapsed="0.108561"/>
</test>
<status status="PASS" start="2024-07-13T12:26:20.012709" elapsed="1.003805"/>
</suite>
<status status="PASS" start="2024-07-13T12:26:19.998472" elapsed="1.023325"/>
</suite>
<statistics>
<total>
<stat pass="5" fail="0" skip="0">All Tests</stat>
</total>
<tag>
<stat pass="1" fail="0" skip="0">testeConteudo</stat>
<stat pass="1" fail="0" skip="0">testeEstruturaResposta</stat>
<stat pass="1" fail="0" skip="0">testeRequisicaoBasica</stat>
<stat pass="1" fail="0" skip="0">testeTiposDados</stat>
</tag>
<suite>
<stat pass="5" fail="0" skip="0" id="s1" name="Tests">Tests</stat>
<stat pass="5" fail="0" skip="0" id="s1-s1" name="Random-User-Test">Tests.Random-User-Test</stat>
</suite>
</statistics>
<errors>
</errors>
</robot>
