<?xml version="1.0" encoding="UTF-8"?>
<robot generator="Robot 7.0.1 (Python 3.12.4 on linux)" generated="2024-07-23T15:17:10.891928" rpa="false" schemaversion="5">
<suite id="s1" name="Tests" source="/home/runner/work/ApiRandomUser/ApiRandomUser/RamdonUser/tests">
<suite id="s1-s1" name="Random-User-Test" source="/home/runner/work/ApiRandomUser/ApiRandomUser/RamdonUser/tests/random-user-test.robot">
<test id="s1-s1-t1" name="Conectar" line="13">
<kw name="Conectar API" owner="random-user-service">
<kw name="Create Session" owner="RequestsLibrary">
<msg time="2024-07-23T15:17:11.344828" level="INFO">Creating Session using : alias=consultarAPI, url=https://randomuser.me/, headers={},                     cookies={}, auth=None, timeout=None, proxies=None, verify=False,                     debug=0 </msg>
<arg>consultarAPI</arg>
<arg>${URL}</arg>
<doc>Create Session: create a HTTP session to a server</doc>
<status status="PASS" start="2024-07-23T15:17:11.344627" elapsed="0.000386"/>
</kw>
<status status="PASS" start="2024-07-23T15:17:11.343565" elapsed="0.001809"/>
</kw>
<status status="PASS" start="2024-07-23T15:17:11.343021" elapsed="0.002547"/>
</test>
<test id="s1-s1-t2" name="Validar retorno 200 e JSON Válido" line="16">
<kw name="Teste de Requisicao Basica" owner="random-user-service">
<kw name="GET On Session" owner="RequestsLibrary">
<msg time="2024-07-23T15:17:11.489649" level="INFO">GET Request : url=https://randomuser.me/api 
 path_url=/api 
 headers={'User-Agent': 'python-requests/2.32.3', 'Accept-Encoding': 'gzip, deflate', 'Accept': '*/*', 'Connection': 'keep-alive'} 
 body=None 
 </msg>
<msg time="2024-07-23T15:17:11.489843" level="INFO">GET Response : url=https://randomuser.me/api 
 status=200, reason=OK 
 headers={'Date': 'Tue, 23 Jul 2024 15:17:11 GMT', 'Content-Type': 'application/json; charset=utf-8', 'Transfer-Encoding': 'chunked', 'Connection': 'keep-alive', 'X-Powered-By': 'Express', 'Access-Control-Allow-Origin': '*', 'Cache-Control': 'no-cache', 'ETag': 'W/"476-4p17Q0gvGEaeBUA1GX8OZRdPd8k"', 'Vary': 'Accept-Encoding', 'Content-Encoding': 'gzip', 'CF-Cache-Status': 'DYNAMIC', 'Report-To': '{"endpoints":[{"url":"https:\\/\\/a.nel.cloudflare.com\\/report\\/v4?s=mfehvIccXZZaMSaL1SrpUPmIpvPEd2QBHGtnBuWEhyOL5bzZRpgchioQjnusgEkGKraHlIt9w1Oz96T9cXrEUP2BHD6cqLTKRcxBcTDF0vxk8HK8oONw2eFnIAaaC4aH"}],"group":"cf-nel","max_age":604800}', 'NEL': '{"success_fraction":0,"report_to":"cf-nel","max_age":604800}', 'Server': 'cloudflare', 'CF-RAY': '8a7ca2ca1c90964f-SJC', 'alt-svc': 'h3=":443"; ma=86400'} 
 body={"results":[{"gender":"female","name":{"title":"Mrs","first":"Rashmitha","last":"Anand"},"location":{"street":{"number":1397,"name":"Shivajinagar"},"city":"Karimnagar","state":"Telangana","country":"India","postcode":52234,"coordinates":{"latitude":"7.2839","longitude":"178.2878"},"timezone":{"offset":"+4:30","description":"Kabul"}},"email":"rashmitha.anand@example.com","login":{"uuid":"909a2e7e-7aaf-4d93-890e-d6fc4d02d311","username":"tinyswan461","password":"090909","salt":"QQ92MmUM","md5":"120734eaa0ecb7a2db911fd9e5e4f62b","sha1":"cd22b243aa3ab9dcadaf3b148537bf218a068688","sha256":"8cc571d2c0ad435ee91aff99f68566c6aeb3d105e2219bf411b3c7584083acfb"},"dob":{"date":"2000-01-10T20:13:21.499Z","age":24},"registered":{"date":"2018-04-02T07:24:11.616Z","age":6},"phone":"9018210214","cell":"8503074276","id":{"name":"UIDAI","value":"311372820416"},"picture":{"large":"https://randomuser.me/api/portraits/women/24.jpg","medium":"https://randomuser.me/api/portraits/med/women/24.jpg","thumbnail":"https://randomuser.me/api/portraits/thumb/women/24.jpg"},"nat":"IN"}],"info":{"seed":"31de9c48fcbd9e97","results":1,"page":1,"version":"1.4"}} 
 </msg>
<msg time="2024-07-23T15:17:11.489930" level="INFO">/opt/hostedtoolcache/Python/3.12.4/x64/lib/python3.12/site-packages/urllib3/connectionpool.py:1099: InsecureRequestWarning: Unverified HTTPS request is being made to host 'randomuser.me'. Adding certificate verification is strongly advised. See: https://urllib3.readthedocs.io/en/latest/advanced-usage.html#tls-warnings
  warnings.warn(</msg>
<msg time="2024-07-23T15:17:11.490098" level="INFO">${response} = &lt;Response [200]&gt;</msg>
<var>${response}</var>
<arg>consultarAPI</arg>
<arg>/api</arg>
<doc>Sends a GET request on a previously created HTTP Session.</doc>
<status status="PASS" start="2024-07-23T15:17:11.348194" elapsed="0.141952"/>
</kw>
<kw name="Should Be Equal As Numbers" owner="BuiltIn">
<msg time="2024-07-23T15:17:11.491214" level="INFO">Argument types are:
&lt;class 'int'&gt;
&lt;class 'str'&gt;</msg>
<arg>${response.status_code}</arg>
<arg>200</arg>
<doc>Fails if objects are unequal after converting them to real numbers.</doc>
<status status="PASS" start="2024-07-23T15:17:11.490728" elapsed="0.000553"/>
</kw>
<kw name="Log" owner="BuiltIn">
<msg time="2024-07-23T15:17:11.492022" level="INFO">200</msg>
<arg>${response.status_code}</arg>
<doc>Logs the given message with the given level.</doc>
<status status="PASS" start="2024-07-23T15:17:11.491642" elapsed="0.000425"/>
</kw>
<kw name="Set Variable" owner="BuiltIn">
<msg time="2024-07-23T15:17:11.492851" level="INFO">${json_data} = {'results': [{'gender': 'female', 'name': {'title': 'Mrs', 'first': 'Rashmitha', 'last': 'Anand'}, 'location': {'street': {'number': 1397, 'name': 'Shivajinagar'}, 'city': 'Karimnagar', 'state': 'Tela...</msg>
<var>${json_data}</var>
<arg>${response.json()}</arg>
<doc>Returns the given values which can then be assigned to a variables.</doc>
<status status="PASS" start="2024-07-23T15:17:11.492396" elapsed="0.000484"/>
</kw>
<kw name="Dictionary Should Contain Key" owner="Collections">
<arg>${json_data}</arg>
<arg>results</arg>
<doc>Fails if ``key`` is not found from ``dictionary``.</doc>
<status status="PASS" start="2024-07-23T15:17:11.493205" elapsed="0.000356"/>
</kw>
<status status="PASS" start="2024-07-23T15:17:11.347942" elapsed="0.145823"/>
</kw>
<doc>Testa se a API responde corretamente e retorna um objeto JSON válido.</doc>
<tag>testeRequisicaoBasica</tag>
<status status="PASS" start="2024-07-23T15:17:11.347486" elapsed="0.146470"/>
</test>
<test id="s1-s1-t3" name="Validar estrutura de resposta" line="22">
<kw name="Teste de Estrutura de Resposta" owner="random-user-service">
<kw name="GET On Session" owner="RequestsLibrary">
<msg time="2024-07-23T15:17:11.585113" level="INFO">GET Request : url=https://randomuser.me/api 
 path_url=/api 
 headers={'User-Agent': 'python-requests/2.32.3', 'Accept-Encoding': 'gzip, deflate', 'Accept': '*/*', 'Connection': 'keep-alive'} 
 body=None 
 </msg>
<msg time="2024-07-23T15:17:11.585219" level="INFO">GET Response : url=https://randomuser.me/api 
 status=200, reason=OK 
 headers={'Date': 'Tue, 23 Jul 2024 15:17:11 GMT', 'Content-Type': 'application/json; charset=utf-8', 'Transfer-Encoding': 'chunked', 'Connection': 'keep-alive', 'X-Powered-By': 'Express', 'Access-Control-Allow-Origin': '*', 'Cache-Control': 'no-cache', 'ETag': 'W/"4a0-WGGhES4YU5e8QBbU43HYmJLbREg"', 'Vary': 'Accept-Encoding', 'Content-Encoding': 'gzip', 'CF-Cache-Status': 'DYNAMIC', 'Report-To': '{"endpoints":[{"url":"https:\\/\\/a.nel.cloudflare.com\\/report\\/v4?s=XaZu9N%2FhmRkmcRK7%2FHDXxIFgLdLbkZrh8LewmzqsQlAoLTa1VsigmLgzn57AxaE0rD7yaG8ewH3RRZlT7RTW6S9l1uUklxVOaFAqTVNu4z6jC7H2xHwW8Hp%2FOmxiSXV8"}],"group":"cf-nel","max_age":604800}', 'NEL': '{"success_fraction":0,"report_to":"cf-nel","max_age":604800}', 'Server': 'cloudflare', 'CF-RAY': '8a7ca2cadd25964f-SJC', 'alt-svc': 'h3=":443"; ma=86400'} 
 body={"results":[{"gender":"male","name":{"title":"Mr","first":"Maurício","last":"Barbosa"},"location":{"street":{"number":1231,"name":"Rua Pernambuco "},"city":"Campinas","state":"Pernambuco","country":"Brazil","postcode":66559,"coordinates":{"latitude":"-75.6508","longitude":"-99.4465"},"timezone":{"offset":"+9:00","description":"Tokyo, Seoul, Osaka, Sapporo, Yakutsk"}},"email":"mauricio.barbosa@example.com","login":{"uuid":"a1e1729a-666d-4362-952d-dd8c7fa90e2a","username":"blackswan883","password":"frenchy","salt":"ByyZmyl1","md5":"025737a1621f5b3cf3537385ee8eb5a8","sha1":"1d7e70a95e481f774e54bd9c4a7e4073380e3ea3","sha256":"6caab772184fb17193476f3580c9c9c8c50003f7a12a56a37c2cb188dcf01685"},"dob":{"date":"1992-06-06T21:29:17.048Z","age":32},"registered":{"date":"2012-05-04T11:39:52.458Z","age":12},"phone":"(49) 6509-1657","cell":"(26) 1037-3526","id":{"name":"CPF","value":"154.906.531-42"},"picture":{"large":"https://randomuser.me/api/portraits/men/78.jpg","medium":"https://randomuser.me/api/portraits/med/men/78.jpg","thumbnail":"https://randomuser.me/api/portraits/thumb/men/78.jpg"},"nat":"BR"}],"info":{"seed":"2c741d423d0d5c89","results":1,"page":1,"version":"1.4"}} 
 </msg>
<msg time="2024-07-23T15:17:11.585375" level="INFO">/opt/hostedtoolcache/Python/3.12.4/x64/lib/python3.12/site-packages/urllib3/connectionpool.py:1099: InsecureRequestWarning: Unverified HTTPS request is being made to host 'randomuser.me'. Adding certificate verification is strongly advised. See: https://urllib3.readthedocs.io/en/latest/advanced-usage.html#tls-warnings
  warnings.warn(</msg>
<msg time="2024-07-23T15:17:11.585548" level="INFO">${response} = &lt;Response [200]&gt;</msg>
<var>${response}</var>
<arg>consultarAPI</arg>
<arg>/api</arg>
<doc>Sends a GET request on a previously created HTTP Session.</doc>
<status status="PASS" start="2024-07-23T15:17:11.496611" elapsed="0.088981"/>
</kw>
<kw name="Set Variable" owner="BuiltIn">
<msg time="2024-07-23T15:17:11.586648" level="INFO">${json_data} = {'results': [{'gender': 'male', 'name': {'title': 'Mr', 'first': 'Maurício', 'last': 'Barbosa'}, 'location': {'street': {'number': 1231, 'name': 'Rua Pernambuco '}, 'city': 'Campinas', 'state': 'Perna...</msg>
<var>${json_data}</var>
<arg>${response.json()}</arg>
<doc>Returns the given values which can then be assigned to a variables.</doc>
<status status="PASS" start="2024-07-23T15:17:11.586114" elapsed="0.000568"/>
</kw>
<kw name="Log" owner="BuiltIn">
<msg time="2024-07-23T15:17:11.587206" level="INFO">{'results': [{'gender': 'male', 'name': {'title': 'Mr', 'first': 'Maurício', 'last': 'Barbosa'}, 'location': {'street': {'number': 1231, 'name': 'Rua Pernambuco '}, 'city': 'Campinas', 'state': 'Pernambuco', 'country': 'Brazil', 'postcode': 66559, 'coordinates': {'latitude': '-75.6508', 'longitude': '-99.4465'}, 'timezone': {'offset': '+9:00', 'description': 'Tokyo, Seoul, Osaka, Sapporo, Yakutsk'}}, 'email': 'mauricio.barbosa@example.com', 'login': {'uuid': 'a1e1729a-666d-4362-952d-dd8c7fa90e2a', 'username': 'blackswan883', 'password': 'frenchy', 'salt': 'ByyZmyl1', 'md5': '025737a1621f5b3cf3537385ee8eb5a8', 'sha1': '1d7e70a95e481f774e54bd9c4a7e4073380e3ea3', 'sha256': '6caab772184fb17193476f3580c9c9c8c50003f7a12a56a37c2cb188dcf01685'}, 'dob': {'date': '1992-06-06T21:29:17.048Z', 'age': 32}, 'registered': {'date': '2012-05-04T11:39:52.458Z', 'age': 12}, 'phone': '(49) 6509-1657', 'cell': '(26) 1037-3526', 'id': {'name': 'CPF', 'value': '154.906.531-42'}, 'picture': {'large': 'https://randomuser.me/api/portraits/men/78.jpg', 'medium': 'https://randomuser.me/api/portraits/med/men/78.jpg', 'thumbnail': 'https://randomuser.me/api/portraits/thumb/men/78.jpg'}, 'nat': 'BR'}], 'info': {'seed': '2c741d423d0d5c89', 'results': 1, 'page': 1, 'version': '1.4'}}</msg>
<arg>${json_data}</arg>
<doc>Logs the given message with the given level.</doc>
<status status="PASS" start="2024-07-23T15:17:11.587026" elapsed="0.000233"/>
</kw>
<kw name="Dictionary Should Contain Key" owner="Collections">
<arg>${json_data}</arg>
<arg>results</arg>
<doc>Fails if ``key`` is not found from ``dictionary``.</doc>
<status status="PASS" start="2024-07-23T15:17:11.587570" elapsed="0.000177"/>
</kw>
<kw name="Should Not Be Empty" owner="BuiltIn">
<msg time="2024-07-23T15:17:11.588071" level="INFO">Length is 2.</msg>
<arg>${json_data}</arg>
<doc>Verifies that the given item is not empty.</doc>
<status status="PASS" start="2024-07-23T15:17:11.587941" elapsed="0.000172"/>
</kw>
<kw name="Create List" owner="BuiltIn">
<msg time="2024-07-23T15:17:11.588574" level="INFO">${expected_keys} = ['gender', 'name', 'location', 'email', 'login']</msg>
<var>${expected_keys}</var>
<arg>gender</arg>
<arg>name</arg>
<arg>location</arg>
<arg>email</arg>
<arg>login</arg>
<doc>Returns a list containing given items.</doc>
<status status="PASS" start="2024-07-23T15:17:11.588417" elapsed="0.000182"/>
</kw>
<for flavor="IN">
<iter>
<kw name="Dictionary Should Contain Key" owner="Collections">
<arg>${json_data['results'][0]}</arg>
<arg>${key}</arg>
<doc>Fails if ``key`` is not found from ``dictionary``.</doc>
<status status="PASS" start="2024-07-23T15:17:11.589211" elapsed="0.000418"/>
</kw>
<kw name="Log" owner="BuiltIn">
<msg time="2024-07-23T15:17:11.590256" level="INFO">{'gender': 'male', 'name': {'title': 'Mr', 'first': 'Maurício', 'last': 'Barbosa'}, 'location': {'street': {'number': 1231, 'name': 'Rua Pernambuco '}, 'city': 'Campinas', 'state': 'Pernambuco', 'country': 'Brazil', 'postcode': 66559, 'coordinates': {'latitude': '-75.6508', 'longitude': '-99.4465'}, 'timezone': {'offset': '+9:00', 'description': 'Tokyo, Seoul, Osaka, Sapporo, Yakutsk'}}, 'email': 'mauricio.barbosa@example.com', 'login': {'uuid': 'a1e1729a-666d-4362-952d-dd8c7fa90e2a', 'username': 'blackswan883', 'password': 'frenchy', 'salt': 'ByyZmyl1', 'md5': '025737a1621f5b3cf3537385ee8eb5a8', 'sha1': '1d7e70a95e481f774e54bd9c4a7e4073380e3ea3', 'sha256': '6caab772184fb17193476f3580c9c9c8c50003f7a12a56a37c2cb188dcf01685'}, 'dob': {'date': '1992-06-06T21:29:17.048Z', 'age': 32}, 'registered': {'date': '2012-05-04T11:39:52.458Z', 'age': 12}, 'phone': '(49) 6509-1657', 'cell': '(26) 1037-3526', 'id': {'name': 'CPF', 'value': '154.906.531-42'}, 'picture': {'large': 'https://randomuser.me/api/portraits/men/78.jpg', 'medium': 'https://randomuser.me/api/portraits/med/men/78.jpg', 'thumbnail': 'https://randomuser.me/api/portraits/thumb/men/78.jpg'}, 'nat': 'BR'}</msg>
<arg>${json_data['results'][0]}</arg>
<doc>Logs the given message with the given level.</doc>
<status status="PASS" start="2024-07-23T15:17:11.589880" elapsed="0.000429"/>
</kw>
<kw name="Log" owner="BuiltIn">
<msg time="2024-07-23T15:17:11.590769" level="INFO">gender</msg>
<arg>${key}</arg>
<doc>Logs the given message with the given level.</doc>
<status status="PASS" start="2024-07-23T15:17:11.590631" elapsed="0.000178"/>
</kw>
<var name="${key}">gender</var>
<status status="PASS" start="2024-07-23T15:17:11.589078" elapsed="0.001950"/>
</iter>
<iter>
<kw name="Dictionary Should Contain Key" owner="Collections">
<arg>${json_data['results'][0]}</arg>
<arg>${key}</arg>
<doc>Fails if ``key`` is not found from ``dictionary``.</doc>
<status status="PASS" start="2024-07-23T15:17:11.591344" elapsed="0.000472"/>
</kw>
<kw name="Log" owner="BuiltIn">
<msg time="2024-07-23T15:17:11.592427" level="INFO">{'gender': 'male', 'name': {'title': 'Mr', 'first': 'Maurício', 'last': 'Barbosa'}, 'location': {'street': {'number': 1231, 'name': 'Rua Pernambuco '}, 'city': 'Campinas', 'state': 'Pernambuco', 'country': 'Brazil', 'postcode': 66559, 'coordinates': {'latitude': '-75.6508', 'longitude': '-99.4465'}, 'timezone': {'offset': '+9:00', 'description': 'Tokyo, Seoul, Osaka, Sapporo, Yakutsk'}}, 'email': 'mauricio.barbosa@example.com', 'login': {'uuid': 'a1e1729a-666d-4362-952d-dd8c7fa90e2a', 'username': 'blackswan883', 'password': 'frenchy', 'salt': 'ByyZmyl1', 'md5': '025737a1621f5b3cf3537385ee8eb5a8', 'sha1': '1d7e70a95e481f774e54bd9c4a7e4073380e3ea3', 'sha256': '6caab772184fb17193476f3580c9c9c8c50003f7a12a56a37c2cb188dcf01685'}, 'dob': {'date': '1992-06-06T21:29:17.048Z', 'age': 32}, 'registered': {'date': '2012-05-04T11:39:52.458Z', 'age': 12}, 'phone': '(49) 6509-1657', 'cell': '(26) 1037-3526', 'id': {'name': 'CPF', 'value': '154.906.531-42'}, 'picture': {'large': 'https://randomuser.me/api/portraits/men/78.jpg', 'medium': 'https://randomuser.me/api/portraits/med/men/78.jpg', 'thumbnail': 'https://randomuser.me/api/portraits/thumb/men/78.jpg'}, 'nat': 'BR'}</msg>
<arg>${json_data['results'][0]}</arg>
<doc>Logs the given message with the given level.</doc>
<status status="PASS" start="2024-07-23T15:17:11.592006" elapsed="0.000473"/>
</kw>
<kw name="Log" owner="BuiltIn">
<msg time="2024-07-23T15:17:11.592925" level="INFO">name</msg>
<arg>${key}</arg>
<doc>Logs the given message with the given level.</doc>
<status status="PASS" start="2024-07-23T15:17:11.592795" elapsed="0.000169"/>
</kw>
<var name="${key}">name</var>
<status status="PASS" start="2024-07-23T15:17:11.591229" elapsed="0.001960"/>
</iter>
<iter>
<kw name="Dictionary Should Contain Key" owner="Collections">
<arg>${json_data['results'][0]}</arg>
<arg>${key}</arg>
<doc>Fails if ``key`` is not found from ``dictionary``.</doc>
<status status="PASS" start="2024-07-23T15:17:11.593488" elapsed="0.000443"/>
</kw>
<kw name="Log" owner="BuiltIn">
<msg time="2024-07-23T15:17:11.594492" level="INFO">{'gender': 'male', 'name': {'title': 'Mr', 'first': 'Maurício', 'last': 'Barbosa'}, 'location': {'street': {'number': 1231, 'name': 'Rua Pernambuco '}, 'city': 'Campinas', 'state': 'Pernambuco', 'country': 'Brazil', 'postcode': 66559, 'coordinates': {'latitude': '-75.6508', 'longitude': '-99.4465'}, 'timezone': {'offset': '+9:00', 'description': 'Tokyo, Seoul, Osaka, Sapporo, Yakutsk'}}, 'email': 'mauricio.barbosa@example.com', 'login': {'uuid': 'a1e1729a-666d-4362-952d-dd8c7fa90e2a', 'username': 'blackswan883', 'password': 'frenchy', 'salt': 'ByyZmyl1', 'md5': '025737a1621f5b3cf3537385ee8eb5a8', 'sha1': '1d7e70a95e481f774e54bd9c4a7e4073380e3ea3', 'sha256': '6caab772184fb17193476f3580c9c9c8c50003f7a12a56a37c2cb188dcf01685'}, 'dob': {'date': '1992-06-06T21:29:17.048Z', 'age': 32}, 'registered': {'date': '2012-05-04T11:39:52.458Z', 'age': 12}, 'phone': '(49) 6509-1657', 'cell': '(26) 1037-3526', 'id': {'name': 'CPF', 'value': '154.906.531-42'}, 'picture': {'large': 'https://randomuser.me/api/portraits/men/78.jpg', 'medium': 'https://randomuser.me/api/portraits/med/men/78.jpg', 'thumbnail': 'https://randomuser.me/api/portraits/thumb/men/78.jpg'}, 'nat': 'BR'}</msg>
<arg>${json_data['results'][0]}</arg>
<doc>Logs the given message with the given level.</doc>
<status status="PASS" start="2024-07-23T15:17:11.594127" elapsed="0.000416"/>
</kw>
<kw name="Log" owner="BuiltIn">
<msg time="2024-07-23T15:17:11.594982" level="INFO">location</msg>
<arg>${key}</arg>
<doc>Logs the given message with the given level.</doc>
<status status="PASS" start="2024-07-23T15:17:11.594845" elapsed="0.000175"/>
</kw>
<var name="${key}">location</var>
<status status="PASS" start="2024-07-23T15:17:11.593379" elapsed="0.001861"/>
</iter>
<iter>
<kw name="Dictionary Should Contain Key" owner="Collections">
<arg>${json_data['results'][0]}</arg>
<arg>${key}</arg>
<doc>Fails if ``key`` is not found from ``dictionary``.</doc>
<status status="PASS" start="2024-07-23T15:17:11.595533" elapsed="0.000381"/>
</kw>
<kw name="Log" owner="BuiltIn">
<msg time="2024-07-23T15:17:11.596593" level="INFO">{'gender': 'male', 'name': {'title': 'Mr', 'first': 'Maurício', 'last': 'Barbosa'}, 'location': {'street': {'number': 1231, 'name': 'Rua Pernambuco '}, 'city': 'Campinas', 'state': 'Pernambuco', 'country': 'Brazil', 'postcode': 66559, 'coordinates': {'latitude': '-75.6508', 'longitude': '-99.4465'}, 'timezone': {'offset': '+9:00', 'description': 'Tokyo, Seoul, Osaka, Sapporo, Yakutsk'}}, 'email': 'mauricio.barbosa@example.com', 'login': {'uuid': 'a1e1729a-666d-4362-952d-dd8c7fa90e2a', 'username': 'blackswan883', 'password': 'frenchy', 'salt': 'ByyZmyl1', 'md5': '025737a1621f5b3cf3537385ee8eb5a8', 'sha1': '1d7e70a95e481f774e54bd9c4a7e4073380e3ea3', 'sha256': '6caab772184fb17193476f3580c9c9c8c50003f7a12a56a37c2cb188dcf01685'}, 'dob': {'date': '1992-06-06T21:29:17.048Z', 'age': 32}, 'registered': {'date': '2012-05-04T11:39:52.458Z', 'age': 12}, 'phone': '(49) 6509-1657', 'cell': '(26) 1037-3526', 'id': {'name': 'CPF', 'value': '154.906.531-42'}, 'picture': {'large': 'https://randomuser.me/api/portraits/men/78.jpg', 'medium': 'https://randomuser.me/api/portraits/med/men/78.jpg', 'thumbnail': 'https://randomuser.me/api/portraits/thumb/men/78.jpg'}, 'nat': 'BR'}</msg>
<arg>${json_data['results'][0]}</arg>
<doc>Logs the given message with the given level.</doc>
<status status="PASS" start="2024-07-23T15:17:11.596233" elapsed="0.000410"/>
</kw>
<kw name="Log" owner="BuiltIn">
<msg time="2024-07-23T15:17:11.597088" level="INFO">email</msg>
<arg>${key}</arg>
<doc>Logs the given message with the given level.</doc>
<status status="PASS" start="2024-07-23T15:17:11.596948" elapsed="0.000180"/>
</kw>
<var name="${key}">email</var>
<status status="PASS" start="2024-07-23T15:17:11.595423" elapsed="0.001940"/>
</iter>
<iter>
<kw name="Dictionary Should Contain Key" owner="Collections">
<arg>${json_data['results'][0]}</arg>
<arg>${key}</arg>
<doc>Fails if ``key`` is not found from ``dictionary``.</doc>
<status status="PASS" start="2024-07-23T15:17:11.597698" elapsed="0.000395"/>
</kw>
<kw name="Log" owner="BuiltIn">
<msg time="2024-07-23T15:17:11.598647" level="INFO">{'gender': 'male', 'name': {'title': 'Mr', 'first': 'Maurício', 'last': 'Barbosa'}, 'location': {'street': {'number': 1231, 'name': 'Rua Pernambuco '}, 'city': 'Campinas', 'state': 'Pernambuco', 'country': 'Brazil', 'postcode': 66559, 'coordinates': {'latitude': '-75.6508', 'longitude': '-99.4465'}, 'timezone': {'offset': '+9:00', 'description': 'Tokyo, Seoul, Osaka, Sapporo, Yakutsk'}}, 'email': 'mauricio.barbosa@example.com', 'login': {'uuid': 'a1e1729a-666d-4362-952d-dd8c7fa90e2a', 'username': 'blackswan883', 'password': 'frenchy', 'salt': 'ByyZmyl1', 'md5': '025737a1621f5b3cf3537385ee8eb5a8', 'sha1': '1d7e70a95e481f774e54bd9c4a7e4073380e3ea3', 'sha256': '6caab772184fb17193476f3580c9c9c8c50003f7a12a56a37c2cb188dcf01685'}, 'dob': {'date': '1992-06-06T21:29:17.048Z', 'age': 32}, 'registered': {'date': '2012-05-04T11:39:52.458Z', 'age': 12}, 'phone': '(49) 6509-1657', 'cell': '(26) 1037-3526', 'id': {'name': 'CPF', 'value': '154.906.531-42'}, 'picture': {'large': 'https://randomuser.me/api/portraits/men/78.jpg', 'medium': 'https://randomuser.me/api/portraits/med/men/78.jpg', 'thumbnail': 'https://randomuser.me/api/portraits/thumb/men/78.jpg'}, 'nat': 'BR'}</msg>
<arg>${json_data['results'][0]}</arg>
<doc>Logs the given message with the given level.</doc>
<status status="PASS" start="2024-07-23T15:17:11.598285" elapsed="0.000413"/>
</kw>
<kw name="Log" owner="BuiltIn">
<msg time="2024-07-23T15:17:11.599125" level="INFO">login</msg>
<arg>${key}</arg>
<doc>Logs the given message with the given level.</doc>
<status status="PASS" start="2024-07-23T15:17:11.598998" elapsed="0.000165"/>
</kw>
<var name="${key}">login</var>
<status status="PASS" start="2024-07-23T15:17:11.597544" elapsed="0.001836"/>
</iter>
<var>${key}</var>
<value>@{expected_keys}</value>
<status status="PASS" start="2024-07-23T15:17:11.588872" elapsed="0.010630"/>
</for>
<kw name="Create List" owner="BuiltIn">
<msg time="2024-07-23T15:17:11.599875" level="INFO">${expected_keysTwo} = ['username', 'password']</msg>
<var>${expected_keysTwo}</var>
<arg>username</arg>
<arg>password</arg>
<doc>Returns a list containing given items.</doc>
<status status="PASS" start="2024-07-23T15:17:11.599732" elapsed="0.000169"/>
</kw>
<for flavor="IN">
<iter>
<kw name="Dictionary Should Contain Key" owner="Collections">
<arg>${json_data['results'][0]['login']}</arg>
<arg>${keyTwo}</arg>
<doc>Fails if ``key`` is not found from ``dictionary``.</doc>
<status status="PASS" start="2024-07-23T15:17:11.600420" elapsed="0.000386"/>
</kw>
<kw name="Dictionary Should Contain Key" owner="Collections">
<arg>${json_data['results'][0]['login']}</arg>
<arg>${keyTwo}</arg>
<doc>Fails if ``key`` is not found from ``dictionary``.</doc>
<status status="PASS" start="2024-07-23T15:17:11.600990" elapsed="0.000390"/>
</kw>
<kw name="Log" owner="BuiltIn">
<msg time="2024-07-23T15:17:11.601714" level="INFO">username</msg>
<arg>${keyTwo}</arg>
<doc>Logs the given message with the given level.</doc>
<status status="PASS" start="2024-07-23T15:17:11.601563" elapsed="0.000194"/>
</kw>
<var name="${keyTwo}">username</var>
<status status="PASS" start="2024-07-23T15:17:11.600308" elapsed="0.001683"/>
</iter>
<iter>
<kw name="Dictionary Should Contain Key" owner="Collections">
<arg>${json_data['results'][0]['login']}</arg>
<arg>${keyTwo}</arg>
<doc>Fails if ``key`` is not found from ``dictionary``.</doc>
<status status="PASS" start="2024-07-23T15:17:11.602284" elapsed="0.000393"/>
</kw>
<kw name="Dictionary Should Contain Key" owner="Collections">
<arg>${json_data['results'][0]['login']}</arg>
<arg>${keyTwo}</arg>
<doc>Fails if ``key`` is not found from ``dictionary``.</doc>
<status status="PASS" start="2024-07-23T15:17:11.602862" elapsed="0.000378"/>
</kw>
<kw name="Log" owner="BuiltIn">
<msg time="2024-07-23T15:17:11.603551" level="INFO">password</msg>
<arg>${keyTwo}</arg>
<doc>Logs the given message with the given level.</doc>
<status status="PASS" start="2024-07-23T15:17:11.603418" elapsed="0.000171"/>
</kw>
<var name="${keyTwo}">password</var>
<status status="PASS" start="2024-07-23T15:17:11.602167" elapsed="0.001644"/>
</iter>
<var>${keyTwo}</var>
<value>@{expected_keysTwo}</value>
<status status="PASS" start="2024-07-23T15:17:11.600146" elapsed="0.003787"/>
</for>
<status status="PASS" start="2024-07-23T15:17:11.496364" elapsed="0.107718"/>
</kw>
<doc>Testa a estrutura da resposta da API.</doc>
<tag>testeEstruturaResposta</tag>
<status status="PASS" start="2024-07-23T15:17:11.495838" elapsed="0.108403"/>
</test>
<test id="s1-s1-t4" name="Validar tipos de dados" line="28">
<kw name="Teste de Tipos de Dados" owner="random-user-service">
<kw name="GET On Session" owner="RequestsLibrary">
<msg time="2024-07-23T15:17:11.743747" level="INFO">GET Request : url=https://randomuser.me/api 
 path_url=/api 
 headers={'User-Agent': 'python-requests/2.32.3', 'Accept-Encoding': 'gzip, deflate', 'Accept': '*/*', 'Connection': 'keep-alive'} 
 body=None 
 </msg>
<msg time="2024-07-23T15:17:11.743848" level="INFO">GET Response : url=https://randomuser.me/api 
 status=200, reason=OK 
 headers={'Date': 'Tue, 23 Jul 2024 15:17:11 GMT', 'Content-Type': 'application/json; charset=utf-8', 'Transfer-Encoding': 'chunked', 'Connection': 'keep-alive', 'X-Powered-By': 'Express', 'Access-Control-Allow-Origin': '*', 'Cache-Control': 'no-cache', 'ETag': 'W/"46b-eplsSes4C0kZu6fs0GSFSrXbagc"', 'Vary': 'Accept-Encoding', 'Content-Encoding': 'gzip', 'CF-Cache-Status': 'DYNAMIC', 'Report-To': '{"endpoints":[{"url":"https:\\/\\/a.nel.cloudflare.com\\/report\\/v4?s=l0zDTHuZgG3uUhAIlqcGWhT6ZOIBWw%2F%2BqoC8v%2BsRyQfiTkgJBzM2HG%2FCc6nCZuHD4ADXsZM69OUS06kDwXtQTobesoUSW1QyEU0nzLt1MK2pJQaHPVwDt31%2BYnPPpoPZ"}],"group":"cf-nel","max_age":604800}', 'NEL': '{"success_fraction":0,"report_to":"cf-nel","max_age":604800}', 'Server': 'cloudflare', 'CF-RAY': '8a7ca2cb8da6964f-SJC', 'alt-svc': 'h3=":443"; ma=86400'} 
 body={"results":[{"gender":"male","name":{"title":"Mr","first":"بردیا","last":"سالاری"},"location":{"street":{"number":9630,"name":"مالک اشتر"},"city":"قم","state":"قزوین","country":"Iran","postcode":52200,"coordinates":{"latitude":"17.0186","longitude":"-23.9435"},"timezone":{"offset":"+4:30","description":"Kabul"}},"email":"brdy.slry@example.com","login":{"uuid":"44af9b87-9332-4a36-a794-1461df282b4f","username":"organicfish181","password":"jonathan","salt":"MnojPmy5","md5":"84946de8e6c46b2cb2bfbe6a00c08571","sha1":"437f55f978c1a42d9cf84c0cda9ffde7b76a508e","sha256":"4bf48bb387acd2d5ebe0bc2b42511c51ab6bad1be998fe4bcb87f3f0dba2911b"},"dob":{"date":"1959-09-08T23:17:44.810Z","age":64},"registered":{"date":"2009-12-15T02:23:34.436Z","age":14},"phone":"089-15172951","cell":"0968-088-3814","id":{"name":"","value":null},"picture":{"large":"https://randomuser.me/api/portraits/men/12.jpg","medium":"https://randomuser.me/api/portraits/med/men/12.jpg","thumbnail":"https://randomuser.me/api/portraits/thumb/men/12.jpg"},"nat":"IR"}],"info":{"seed":"4925237b12d53454","results":1,"page":1,"version":"1.4"}} 
 </msg>
<msg time="2024-07-23T15:17:11.743929" level="INFO">/opt/hostedtoolcache/Python/3.12.4/x64/lib/python3.12/site-packages/urllib3/connectionpool.py:1099: InsecureRequestWarning: Unverified HTTPS request is being made to host 'randomuser.me'. Adding certificate verification is strongly advised. See: https://urllib3.readthedocs.io/en/latest/advanced-usage.html#tls-warnings
  warnings.warn(</msg>
<msg time="2024-07-23T15:17:11.744076" level="INFO">${response} = &lt;Response [200]&gt;</msg>
<var>${response}</var>
<arg>consultarAPI</arg>
<arg>/api</arg>
<doc>Sends a GET request on a previously created HTTP Session.</doc>
<status status="PASS" start="2024-07-23T15:17:11.606731" elapsed="0.137380"/>
</kw>
<kw name="Set Variable" owner="BuiltIn">
<msg time="2024-07-23T15:17:11.745173" level="INFO">${json_data} = {'results': [{'gender': 'male', 'name': {'title': 'Mr', 'first': 'بردیا', 'last': 'سالاری'}, 'location': {'street': {'number': 9630, 'name': 'مالک اشتر'}, 'city': 'قم', 'state': 'قزوین', 'country': 'I...</msg>
<var>${json_data}</var>
<arg>${response.json()}</arg>
<doc>Returns the given values which can then be assigned to a variables.</doc>
<status status="PASS" start="2024-07-23T15:17:11.744624" elapsed="0.000581"/>
</kw>
<kw name="Log" owner="BuiltIn">
<msg time="2024-07-23T15:17:11.745773" level="INFO">{'results': [{'gender': 'male', 'name': {'title': 'Mr', 'first': 'بردیا', 'last': 'سالاری'}, 'location': {'street': {'number': 9630, 'name': 'مالک اشتر'}, 'city': 'قم', 'state': 'قزوین', 'country': 'Iran', 'postcode': 52200, 'coordinates': {'latitude': '17.0186', 'longitude': '-23.9435'}, 'timezone': {'offset': '+4:30', 'description': 'Kabul'}}, 'email': 'brdy.slry@example.com', 'login': {'uuid': '44af9b87-9332-4a36-a794-1461df282b4f', 'username': 'organicfish181', 'password': 'jonathan', 'salt': 'MnojPmy5', 'md5': '84946de8e6c46b2cb2bfbe6a00c08571', 'sha1': '437f55f978c1a42d9cf84c0cda9ffde7b76a508e', 'sha256': '4bf48bb387acd2d5ebe0bc2b42511c51ab6bad1be998fe4bcb87f3f0dba2911b'}, 'dob': {'date': '1959-09-08T23:17:44.810Z', 'age': 64}, 'registered': {'date': '2009-12-15T02:23:34.436Z', 'age': 14}, 'phone': '089-15172951', 'cell': '0968-088-3814', 'id': {'name': '', 'value': None}, 'picture': {'large': 'https://randomuser.me/api/portraits/men/12.jpg', 'medium': 'https://randomuser.me/api/portraits/med/men/12.jpg', 'thumbnail': 'https://randomuser.me/api/portraits/thumb/men/12.jpg'}, 'nat': 'IR'}], 'info': {'seed': '4925237b12d53454', 'results': 1, 'page': 1, 'version': '1.4'}}</msg>
<arg>${json_data}</arg>
<doc>Logs the given message with the given level.</doc>
<status status="PASS" start="2024-07-23T15:17:11.745557" elapsed="0.000271"/>
</kw>
<kw name="Should Be String" owner="String">
<arg>${json_data['results'][0]['gender']}</arg>
<doc>Fails if the given ``item`` is not a string.</doc>
<status status="PASS" start="2024-07-23T15:17:11.746155" elapsed="0.000391"/>
</kw>
<kw name="Should Match Regexp" owner="BuiltIn">
<arg>${json_data['results'][0]['email']}</arg>
<arg>^[a-zA-Z0-9._%+-]+@[a-zA-Z0-9.-]+\.[a-zA-Z]{2,}$</arg>
<doc>Fails if ``string`` does not match ``pattern`` as a regular expression.</doc>
<status status="PASS" start="2024-07-23T15:17:11.746782" elapsed="0.000539"/>
</kw>
<kw name="Should Match Regexp" owner="BuiltIn">
<arg>${json_data['results'][0]['dob']['date']}</arg>
<arg>\\d{4}-\\d{2}-\\d{2}T\\d{2}:\\d{2}:\\d{2}\\.\\d{3}Z</arg>
<doc>Fails if ``string`` does not match ``pattern`` as a regular expression.</doc>
<status status="PASS" start="2024-07-23T15:17:11.747525" elapsed="0.000664"/>
</kw>
<kw name="Should Match Regexp" owner="BuiltIn">
<arg>${json_data['results'][0]['registered']['date']}</arg>
<arg>\\d{4}-\\d{2}-\\d{2}T\\d{2}:\\d{2}:\\d{2}\\.\\d{3}Z</arg>
<doc>Fails if ``string`` does not match ``pattern`` as a regular expression.</doc>
<status status="PASS" start="2024-07-23T15:17:11.748393" elapsed="0.000380"/>
</kw>
<kw name="Should Match Regexp" owner="BuiltIn">
<arg>${json_data['results'][0]['picture']['large']}</arg>
<arg>^https?://.*\.(?:png|jpe?g|gif|bmp)$</arg>
<doc>Fails if ``string`` does not match ``pattern`` as a regular expression.</doc>
<status status="PASS" start="2024-07-23T15:17:11.748965" elapsed="0.000468"/>
</kw>
<kw name="Should Match Regexp" owner="BuiltIn">
<arg>${json_data['results'][0]['picture']['medium']}</arg>
<arg>^https?://.*\.(?:png|jpe?g|gif|bmp)$</arg>
<doc>Fails if ``string`` does not match ``pattern`` as a regular expression.</doc>
<status status="PASS" start="2024-07-23T15:17:11.749628" elapsed="0.000400"/>
</kw>
<kw name="Should Match Regexp" owner="BuiltIn">
<arg>${json_data['results'][0]['picture']['thumbnail']}</arg>
<arg>^https?://.*\.(?:png|jpe?g|gif|bmp)$</arg>
<doc>Fails if ``string`` does not match ``pattern`` as a regular expression.</doc>
<status status="PASS" start="2024-07-23T15:17:11.750215" elapsed="0.000357"/>
</kw>
<kw name="Log" owner="BuiltIn">
<msg time="2024-07-23T15:17:11.751085" level="INFO">{'large': 'https://randomuser.me/api/portraits/men/12.jpg', 'medium': 'https://randomuser.me/api/portraits/med/men/12.jpg', 'thumbnail': 'https://randomuser.me/api/portraits/thumb/men/12.jpg'}</msg>
<arg>${json_data['results'][0]['picture']}</arg>
<doc>Logs the given message with the given level.</doc>
<status status="PASS" start="2024-07-23T15:17:11.750758" elapsed="0.000380"/>
</kw>
<status status="PASS" start="2024-07-23T15:17:11.606503" elapsed="0.144898"/>
</kw>
<kw name="Teste de Tipos de Dados - Postcode" owner="random-user-service">
<kw name="GET On Session" owner="RequestsLibrary">
<msg time="2024-07-23T15:17:11.873202" level="INFO">GET Request : url=https://randomuser.me/api 
 path_url=/api 
 headers={'User-Agent': 'python-requests/2.32.3', 'Accept-Encoding': 'gzip, deflate', 'Accept': '*/*', 'Connection': 'keep-alive'} 
 body=None 
 </msg>
<msg time="2024-07-23T15:17:11.873286" level="INFO">GET Response : url=https://randomuser.me/api 
 status=200, reason=OK 
 headers={'Date': 'Tue, 23 Jul 2024 15:17:11 GMT', 'Content-Type': 'application/json; charset=utf-8', 'Transfer-Encoding': 'chunked', 'Connection': 'keep-alive', 'X-Powered-By': 'Express', 'Access-Control-Allow-Origin': '*', 'Cache-Control': 'no-cache', 'ETag': 'W/"49e-QkMLnG3dXO/V6uIZgm/kBSkKBJM"', 'Vary': 'Accept-Encoding', 'Content-Encoding': 'gzip', 'CF-Cache-Status': 'DYNAMIC', 'Report-To': '{"endpoints":[{"url":"https:\\/\\/a.nel.cloudflare.com\\/report\\/v4?s=NjGmf6o4aOLWJ1piNyKPORxoTgKmbHO3a%2FbglQLWuw0Gf0YZvxKlXqeoFupzUt7lMIOqJB7ruodRkfciHy1kMZSLkYwXsp83VyIfHMRioHWjrQ%2BGyG0DZBZOjdGbY%2F%2Fr"}],"group":"cf-nel","max_age":604800}', 'NEL': '{"success_fraction":0,"report_to":"cf-nel","max_age":604800}', 'Server': 'cloudflare', 'CF-RAY': '8a7ca2cc7e67964f-SJC', 'alt-svc': 'h3=":443"; ma=86400'} 
 body={"results":[{"gender":"male","name":{"title":"Mr","first":"Gustavo","last":"Vázquez"},"location":{"street":{"number":7313,"name":"Continuación Franco"},"city":"Antonio Amaro","state":"Nayarit","country":"Mexico","postcode":30765,"coordinates":{"latitude":"27.3815","longitude":"-28.4245"},"timezone":{"offset":"-3:00","description":"Brazil, Buenos Aires, Georgetown"}},"email":"gustavo.vazquez@example.com","login":{"uuid":"6e5b7083-666b-434c-ba68-b3b03773e1c3","username":"happyleopard738","password":"nguyen","salt":"xAATorXT","md5":"3007e709e5b4956cc8e27f3f708c6c67","sha1":"660a6ad069c5f6b27b18e6e162cd06a9a16762f3","sha256":"59843a64f1c9d44596767ca81a17e0fea26678a06c64efeab99d962e6d5f501b"},"dob":{"date":"1958-07-31T15:39:52.345Z","age":65},"registered":{"date":"2016-06-02T18:39:19.359Z","age":8},"phone":"(624) 428 1722","cell":"(649) 386 3526","id":{"name":"NSS","value":"07 42 85 9190 7"},"picture":{"large":"https://randomuser.me/api/portraits/men/3.jpg","medium":"https://randomuser.me/api/portraits/med/men/3.jpg","thumbnail":"https://randomuser.me/api/portraits/thumb/men/3.jpg"},"nat":"MX"}],"info":{"seed":"8767cbea46b044f7","results":1,"page":1,"version":"1.4"}} 
 </msg>
<msg time="2024-07-23T15:17:11.873354" level="INFO">/opt/hostedtoolcache/Python/3.12.4/x64/lib/python3.12/site-packages/urllib3/connectionpool.py:1099: InsecureRequestWarning: Unverified HTTPS request is being made to host 'randomuser.me'. Adding certificate verification is strongly advised. See: https://urllib3.readthedocs.io/en/latest/advanced-usage.html#tls-warnings
  warnings.warn(</msg>
<msg time="2024-07-23T15:17:11.873478" level="INFO">${response} = &lt;Response [200]&gt;</msg>
<var>${response}</var>
<arg>consultarAPI</arg>
<arg>/api</arg>
<doc>Sends a GET request on a previously created HTTP Session.</doc>
<status status="PASS" start="2024-07-23T15:17:11.751877" elapsed="0.121644"/>
</kw>
<kw name="Set Variable" owner="BuiltIn">
<msg time="2024-07-23T15:17:11.874527" level="INFO">${json_data} = {'results': [{'gender': 'male', 'name': {'title': 'Mr', 'first': 'Gustavo', 'last': 'Vázquez'}, 'location': {'street': {'number': 7313, 'name': 'Continuación Franco'}, 'city': 'Antonio Amaro', 'state'...</msg>
<var>${json_data}</var>
<arg>${response.json()}</arg>
<doc>Returns the given values which can then be assigned to a variables.</doc>
<status status="PASS" start="2024-07-23T15:17:11.874018" elapsed="0.000538"/>
</kw>
<kw name="Log" owner="BuiltIn">
<msg time="2024-07-23T15:17:11.875033" level="INFO">{'results': [{'gender': 'male', 'name': {'title': 'Mr', 'first': 'Gustavo', 'last': 'Vázquez'}, 'location': {'street': {'number': 7313, 'name': 'Continuación Franco'}, 'city': 'Antonio Amaro', 'state': 'Nayarit', 'country': 'Mexico', 'postcode': 30765, 'coordinates': {'latitude': '27.3815', 'longitude': '-28.4245'}, 'timezone': {'offset': '-3:00', 'description': 'Brazil, Buenos Aires, Georgetown'}}, 'email': 'gustavo.vazquez@example.com', 'login': {'uuid': '6e5b7083-666b-434c-ba68-b3b03773e1c3', 'username': 'happyleopard738', 'password': 'nguyen', 'salt': 'xAATorXT', 'md5': '3007e709e5b4956cc8e27f3f708c6c67', 'sha1': '660a6ad069c5f6b27b18e6e162cd06a9a16762f3', 'sha256': '59843a64f1c9d44596767ca81a17e0fea26678a06c64efeab99d962e6d5f501b'}, 'dob': {'date': '1958-07-31T15:39:52.345Z', 'age': 65}, 'registered': {'date': '2016-06-02T18:39:19.359Z', 'age': 8}, 'phone': '(624) 428 1722', 'cell': '(649) 386 3526', 'id': {'name': 'NSS', 'value': '07 42 85 9190 7'}, 'picture': {'large': 'https://randomuser.me/api/portraits/men/3.jpg', 'medium': 'https://randomuser.me/api/portraits/med/men/3.jpg', 'thumbnail': 'https://randomuser.me/api/portraits/thumb/men/3.jpg'}, 'nat': 'MX'}], 'info': {'seed': '8767cbea46b044f7', 'results': 1, 'page': 1, 'version': '1.4'}}</msg>
<arg>${json_data}</arg>
<doc>Logs the given message with the given level.</doc>
<status status="PASS" start="2024-07-23T15:17:11.874872" elapsed="0.000210"/>
</kw>
<kw name="Should Be Equal As Numbers" owner="BuiltIn">
<arg>${json_data['results'][0]['location']['postcode']}</arg>
<arg>${json_data['results'][0]['location']['postcode']}</arg>
<doc>Fails if objects are unequal after converting them to real numbers.</doc>
<status status="PASS" start="2024-07-23T15:17:11.875386" elapsed="0.000626"/>
</kw>
<kw name="Log" owner="BuiltIn">
<msg time="2024-07-23T15:17:11.876590" level="INFO">30765</msg>
<arg>${json_data['results'][0]['location']['postcode']}</arg>
<doc>Logs the given message with the given level.</doc>
<status status="PASS" start="2024-07-23T15:17:11.876245" elapsed="0.000386"/>
</kw>
<status status="PASS" start="2024-07-23T15:17:11.751640" elapsed="0.125258"/>
</kw>
<doc>Testa se os tipos de dados na resposta da API estão corretos.</doc>
<tag>testeTiposDados</tag>
<status status="PASS" start="2024-07-23T15:17:11.606045" elapsed="0.271026"/>
</test>
<test id="s1-s1-t5" name="Validar conteudo" line="35">
<kw name="Teste de Tipos de Conteudo" owner="random-user-service">
<kw name="GET On Session" owner="RequestsLibrary">
<msg time="2024-07-23T15:17:12.022542" level="INFO">GET Request : url=https://randomuser.me/api 
 path_url=/api 
 headers={'User-Agent': 'python-requests/2.32.3', 'Accept-Encoding': 'gzip, deflate', 'Accept': '*/*', 'Connection': 'keep-alive'} 
 body=None 
 </msg>
<msg time="2024-07-23T15:17:12.022654" level="INFO">GET Response : url=https://randomuser.me/api 
 status=200, reason=OK 
 headers={'Date': 'Tue, 23 Jul 2024 15:17:12 GMT', 'Content-Type': 'application/json; charset=utf-8', 'Transfer-Encoding': 'chunked', 'Connection': 'keep-alive', 'X-Powered-By': 'Express', 'Access-Control-Allow-Origin': '*', 'Cache-Control': 'no-cache', 'ETag': 'W/"47a-S0DauUyulR3UMHspRndWnTmvqio"', 'Vary': 'Accept-Encoding', 'Content-Encoding': 'gzip', 'CF-Cache-Status': 'DYNAMIC', 'Report-To': '{"endpoints":[{"url":"https:\\/\\/a.nel.cloudflare.com\\/report\\/v4?s=K%2BsqdDg11B9F%2F%2FeBypILz8d69r7FjBwfVw7zBUckFw%2FGzVdVCzwvceb5mER%2Bh3wdcsJgMdCy5Ta6gl2sjJ8kFdMfxIINtYQEUGAHON0ePNlhey6zsco5078uAFfgK8Zg"}],"group":"cf-nel","max_age":604800}', 'NEL': '{"success_fraction":0,"report_to":"cf-nel","max_age":604800}', 'Server': 'cloudflare', 'CF-RAY': '8a7ca2cd4efe964f-SJC', 'alt-svc': 'h3=":443"; ma=86400'} 
 body={"results":[{"gender":"male","name":{"title":"Mr","first":"Ayush","last":"Mardhekar"},"location":{"street":{"number":5047,"name":"Rajaji Salai"},"city":"Ulhasnagar","state":"Uttarakhand","country":"India","postcode":51859,"coordinates":{"latitude":"4.4059","longitude":"-77.4304"},"timezone":{"offset":"-2:00","description":"Mid-Atlantic"}},"email":"ayush.mardhekar@example.com","login":{"uuid":"2868aff7-ae6a-47c9-9c7e-267ac03d89f4","username":"heavytiger238","password":"rollins","salt":"Q5yNCXL2","md5":"fbea53622643af1896069ea038017149","sha1":"8c4fc6e2d93515e631e58d1c34df571c234c6e2e","sha256":"4b9353a4b052517b2cea55f2fbdd3ce4e8790a8668c8f44c1f7a98cad81fd8e6"},"dob":{"date":"1967-04-26T20:32:57.822Z","age":57},"registered":{"date":"2012-02-15T13:47:27.568Z","age":12},"phone":"9018559216","cell":"8396896784","id":{"name":"UIDAI","value":"354386552332"},"picture":{"large":"https://randomuser.me/api/portraits/men/65.jpg","medium":"https://randomuser.me/api/portraits/med/men/65.jpg","thumbnail":"https://randomuser.me/api/portraits/thumb/men/65.jpg"},"nat":"IN"}],"info":{"seed":"d4502a5a8c274187","results":1,"page":1,"version":"1.4"}} 
 </msg>
<msg time="2024-07-23T15:17:12.022739" level="INFO">/opt/hostedtoolcache/Python/3.12.4/x64/lib/python3.12/site-packages/urllib3/connectionpool.py:1099: InsecureRequestWarning: Unverified HTTPS request is being made to host 'randomuser.me'. Adding certificate verification is strongly advised. See: https://urllib3.readthedocs.io/en/latest/advanced-usage.html#tls-warnings
  warnings.warn(</msg>
<msg time="2024-07-23T15:17:12.022905" level="INFO">${response} = &lt;Response [200]&gt;</msg>
<var>${response}</var>
<arg>consultarAPI</arg>
<arg>/api</arg>
<doc>Sends a GET request on a previously created HTTP Session.</doc>
<status status="PASS" start="2024-07-23T15:17:11.879560" elapsed="0.143395"/>
</kw>
<kw name="Set Variable" owner="BuiltIn">
<msg time="2024-07-23T15:17:12.024028" level="INFO">${json_data} = {'results': [{'gender': 'male', 'name': {'title': 'Mr', 'first': 'Ayush', 'last': 'Mardhekar'}, 'location': {'street': {'number': 5047, 'name': 'Rajaji Salai'}, 'city': 'Ulhasnagar', 'state': 'Uttarak...</msg>
<var>${json_data}</var>
<arg>${response.json()}</arg>
<doc>Returns the given values which can then be assigned to a variables.</doc>
<status status="PASS" start="2024-07-23T15:17:12.023499" elapsed="0.000557"/>
</kw>
<kw name="Set Variable" owner="BuiltIn">
<msg time="2024-07-23T15:17:12.024763" level="INFO">${name_title} = Mr</msg>
<var>${name_title}</var>
<arg>${json_data["results"][0]["name"]["title"]}</arg>
<doc>Returns the given values which can then be assigned to a variables.</doc>
<status status="PASS" start="2024-07-23T15:17:12.024376" elapsed="0.000413"/>
</kw>
<kw name="Create List" owner="BuiltIn">
<msg time="2024-07-23T15:17:12.025247" level="INFO">${allowed_titles} = ['Mr', 'Ms', 'Miss', 'Mrs', 'Madame', 'Monsieur']</msg>
<var>${allowed_titles}</var>
<arg>Mr</arg>
<arg>Ms</arg>
<arg>Miss</arg>
<arg>Mrs</arg>
<arg>Madame</arg>
<arg>Monsieur</arg>
<doc>Returns a list containing given items.</doc>
<status status="PASS" start="2024-07-23T15:17:12.025095" elapsed="0.000179"/>
</kw>
<kw name="List Should Contain Value" owner="Collections">
<arg>${allowed_titles}</arg>
<arg>${name_title}</arg>
<doc>Fails if the ``value`` is not found from ``list``.</doc>
<status status="PASS" start="2024-07-23T15:17:12.025578" elapsed="0.000240"/>
</kw>
<kw name="Set Variable" owner="BuiltIn">
<msg time="2024-07-23T15:17:12.026397" level="INFO">${name_country} = IN</msg>
<var>${name_country}</var>
<arg>${json_data["results"][0]["nat"]}</arg>
<doc>Returns the given values which can then be assigned to a variables.</doc>
<status status="PASS" start="2024-07-23T15:17:12.026004" elapsed="0.000419"/>
</kw>
<kw name="Create List" owner="BuiltIn">
<msg time="2024-07-23T15:17:12.027310" level="INFO">${list_country} = ['AD', 'AE', 'AF', 'AG', 'AI', 'AL', 'AM', 'AO', 'AQ', 'AR', 'AS', 'AT', 'AU', 'AW', 'AX', 'AZ', 'BA', 'BB', 'BD', 'BE', 'BF', 'BG', 'BH', 'BI', 'BJ', 'BL', 'BM', 'BN', 'BO', 'BQ', 'BR', 'BS', 'BT', '...</msg>
<var>${list_country}</var>
<arg>AD</arg>
<arg>AE</arg>
<arg>AF</arg>
<arg>AG</arg>
<arg>AI</arg>
<arg>AL</arg>
<arg>AM</arg>
<arg>AO</arg>
<arg>AQ</arg>
<arg>AR</arg>
<arg>AS</arg>
<arg>AT</arg>
<arg>AU</arg>
<arg>AW</arg>
<arg>AX</arg>
<arg>AZ</arg>
<arg>BA</arg>
<arg>BB</arg>
<arg>BD</arg>
<arg>BE</arg>
<arg>BF</arg>
<arg>BG</arg>
<arg>BH</arg>
<arg>BI</arg>
<arg>BJ</arg>
<arg>BL</arg>
<arg>BM</arg>
<arg>BN</arg>
<arg>BO</arg>
<arg>BQ</arg>
<arg>BR</arg>
<arg>BS</arg>
<arg>BT</arg>
<arg>BV</arg>
<arg>BW</arg>
<arg>BY</arg>
<arg>BZ</arg>
<arg>CA</arg>
<arg>CC</arg>
<arg>CD</arg>
<arg>CF</arg>
<arg>CG</arg>
<arg>CH</arg>
<arg>CI</arg>
<arg>CK</arg>
<arg>CL</arg>
<arg>CM</arg>
<arg>CN</arg>
<arg>CO</arg>
<arg>CR</arg>
<arg>CU</arg>
<arg>CV</arg>
<arg>CW</arg>
<arg>CX</arg>
<arg>CY</arg>
<arg>CZ</arg>
<arg>DE</arg>
<arg>DJ</arg>
<arg>DK</arg>
<arg>DM</arg>
<arg>DO</arg>
<arg>DZ</arg>
<arg>EC</arg>
<arg>EE</arg>
<arg>EG</arg>
<arg>EH</arg>
<arg>ER</arg>
<arg>ES</arg>
<arg>ET</arg>
<arg>FI</arg>
<arg>FJ</arg>
<arg>FK</arg>
<arg>FM</arg>
<arg>FO</arg>
<arg>FR</arg>
<arg>GA</arg>
<arg>GB</arg>
<arg>GD</arg>
<arg>GE</arg>
<arg>GF</arg>
<arg>GG</arg>
<arg>GH</arg>
<arg>GI</arg>
<arg>GL</arg>
<arg>GM</arg>
<arg>GN</arg>
<arg>GP</arg>
<arg>GQ</arg>
<arg>GR</arg>
<arg>GS</arg>
<arg>GT</arg>
<arg>GU</arg>
<arg>GW</arg>
<arg>GY</arg>
<arg>HK</arg>
<arg>HM</arg>
<arg>HN</arg>
<arg>HR</arg>
<arg>HT</arg>
<arg>HU</arg>
<arg>ID</arg>
<arg>IE</arg>
<arg>IL</arg>
<arg>IM</arg>
<arg>IN</arg>
<arg>IO</arg>
<arg>IQ</arg>
<arg>IR</arg>
<arg>IS</arg>
<arg>IT</arg>
<arg>JE</arg>
<arg>JM</arg>
<arg>JO</arg>
<arg>JP</arg>
<arg>KE</arg>
<arg>KG</arg>
<arg>KH</arg>
<arg>KI</arg>
<arg>KM</arg>
<arg>KN</arg>
<arg>KP</arg>
<arg>KR</arg>
<arg>KW</arg>
<arg>KY</arg>
<arg>KZ</arg>
<arg>LA</arg>
<arg>LB</arg>
<arg>LC</arg>
<arg>LI</arg>
<arg>LK</arg>
<arg>LR</arg>
<arg>LS</arg>
<arg>LT</arg>
<arg>LU</arg>
<arg>LV</arg>
<arg>LY</arg>
<arg>MA</arg>
<arg>MC</arg>
<arg>MD</arg>
<arg>ME</arg>
<arg>MF</arg>
<arg>MG</arg>
<arg>MH</arg>
<arg>MK</arg>
<arg>ML</arg>
<arg>MM</arg>
<arg>MN</arg>
<arg>MO</arg>
<arg>MP</arg>
<arg>MQ</arg>
<arg>MR</arg>
<arg>MS</arg>
<arg>MT</arg>
<arg>MU</arg>
<arg>MV</arg>
<arg>MW</arg>
<arg>MX</arg>
<arg>MY</arg>
<arg>MZ</arg>
<arg>NA</arg>
<arg>NC</arg>
<arg>NE</arg>
<arg>NF</arg>
<arg>NG</arg>
<arg>NI</arg>
<arg>NL</arg>
<arg>NO</arg>
<arg>NP</arg>
<arg>NR</arg>
<arg>NU</arg>
<arg>NZ</arg>
<arg>OM</arg>
<arg>PA</arg>
<arg>PE</arg>
<arg>PF</arg>
<arg>PG</arg>
<arg>PH</arg>
<arg>PK</arg>
<arg>PL</arg>
<arg>PM</arg>
<arg>PN</arg>
<arg>PR</arg>
<arg>PS</arg>
<arg>PT</arg>
<arg>PW</arg>
<arg>PY</arg>
<arg>QA</arg>
<arg>RE</arg>
<arg>RO</arg>
<arg>RS</arg>
<arg>RU</arg>
<arg>RW</arg>
<arg>SA</arg>
<arg>SB</arg>
<arg>SC</arg>
<arg>SD</arg>
<arg>SE</arg>
<arg>SG</arg>
<arg>SH</arg>
<arg>SI</arg>
<arg>SJ</arg>
<arg>SK</arg>
<arg>SL</arg>
<arg>SM</arg>
<arg>SN</arg>
<arg>SO</arg>
<arg>SR</arg>
<arg>SS</arg>
<arg>ST</arg>
<arg>SV</arg>
<arg>SX</arg>
<arg>SY</arg>
<arg>SZ</arg>
<arg>TC</arg>
<arg>TD</arg>
<arg>TF</arg>
<arg>TG</arg>
<arg>TH</arg>
<arg>TJ</arg>
<arg>TK</arg>
<arg>TL</arg>
<arg>TM</arg>
<arg>TN</arg>
<arg>TO</arg>
<arg>TR</arg>
<arg>TT</arg>
<arg>TV</arg>
<arg>TW</arg>
<arg>TZ</arg>
<arg>UA</arg>
<arg>UG</arg>
<arg>UM</arg>
<arg>US</arg>
<arg>UY</arg>
<arg>UZ</arg>
<arg>VA</arg>
<arg>VC</arg>
<arg>VE</arg>
<arg>VG</arg>
<arg>VI</arg>
<arg>VN</arg>
<arg>VU</arg>
<arg>WF</arg>
<arg>WS</arg>
<arg>XK</arg>
<arg>YE</arg>
<arg>YT</arg>
<arg>ZA</arg>
<arg>ZM</arg>
<arg>ZW</arg>
<doc>Returns a list containing given items.</doc>
<status status="PASS" start="2024-07-23T15:17:12.026717" elapsed="0.000619"/>
</kw>
<kw name="List Should Contain Value" owner="Collections">
<arg>${list_country}</arg>
<arg>${name_country}</arg>
<doc>Fails if the ``value`` is not found from ``list``.</doc>
<status status="PASS" start="2024-07-23T15:17:12.028343" elapsed="0.000222"/>
</kw>
<kw name="Run Keyword If" owner="BuiltIn">
<kw name="Should Be True" owner="BuiltIn">
<arg>${True}</arg>
<doc>Fails if the given condition is not true.</doc>
<status status="PASS" start="2024-07-23T15:17:12.029544" elapsed="0.000166"/>
</kw>
<arg>${json_data["results"][0]["location"]["coordinates"]["latitude"]} &gt;= -90 and ${json_data["results"][0]["location"]["coordinates"]["latitude"]} &lt;= 90</arg>
<arg>Should Be True</arg>
<arg>${True}</arg>
<doc>Runs the given keyword with the given arguments, if ``condition`` is true.</doc>
<status status="PASS" start="2024-07-23T15:17:12.028782" elapsed="0.001058"/>
</kw>
<kw name="Run Keyword If" owner="BuiltIn">
<kw name="Should Be True" owner="BuiltIn">
<arg>${True}</arg>
<doc>Fails if the given condition is not true.</doc>
<status status="PASS" start="2024-07-23T15:17:12.030805" elapsed="0.000151"/>
</kw>
<arg>${json_data["results"][0]["location"]["coordinates"]["longitude"]} &gt;= -180 and ${json_data["results"][0]["location"]["coordinates"]["longitude"]} &lt;= 180</arg>
<arg>Should Be True</arg>
<arg>${True}</arg>
<doc>Runs the given keyword with the given arguments, if ``condition`` is true.</doc>
<status status="PASS" start="2024-07-23T15:17:12.030024" elapsed="0.001056"/>
</kw>
<status status="PASS" start="2024-07-23T15:17:11.879332" elapsed="0.151887"/>
</kw>
<doc>Testa o conteúdo específico dos campos retornados pela API.</doc>
<tag>testeConteudo</tag>
<status status="PASS" start="2024-07-23T15:17:11.878866" elapsed="0.152509"/>
</test>
<status status="PASS" start="2024-07-23T15:17:10.950907" elapsed="1.082428"/>
</suite>
<status status="PASS" start="2024-07-23T15:17:10.936507" elapsed="1.101994"/>
</suite>
<statistics>
<total>
<stat pass="5" fail="0" skip="0">All Tests</stat>
</total>
<tag>
<stat pass="1" fail="0" skip="0">testeConteudo</stat>
<stat pass="1" fail="0" skip="0">testeEstruturaResposta</stat>
<stat pass="1" fail="0" skip="0">testeRequisicaoBasica</stat>
<stat pass="1" fail="0" skip="0">testeTiposDados</stat>
</tag>
<suite>
<stat pass="5" fail="0" skip="0" id="s1" name="Tests">Tests</stat>
<stat pass="5" fail="0" skip="0" id="s1-s1" name="Random-User-Test">Tests.Random-User-Test</stat>
</suite>
</statistics>
<errors>
</errors>
</robot>
