<?xml version="1.0" encoding="UTF-8"?>
<robot generator="Robot 7.0.1 (Python 3.12.4 on linux)" generated="2024-06-28T18:19:09.068701" rpa="false" schemaversion="5">
<suite id="s1" name="Tests" source="/home/runner/work/ApiRandomUser/ApiRandomUser/RamdonUser/tests">
<suite id="s1-s1" name="Random-User-Test" source="/home/runner/work/ApiRandomUser/ApiRandomUser/RamdonUser/tests/random-user-test.robot">
<test id="s1-s1-t1" name="Conectar" line="13">
<kw name="Conectar API" owner="random-user-service">
<kw name="Create Session" owner="RequestsLibrary">
<msg time="2024-06-28T18:19:09.488371" level="INFO">Creating Session using : alias=consultarAPI, url=https://randomuser.me/, headers={},                     cookies={}, auth=None, timeout=None, proxies=None, verify=False,                     debug=0 </msg>
<arg>consultarAPI</arg>
<arg>${URL}</arg>
<doc>Create Session: create a HTTP session to a server</doc>
<status status="PASS" start="2024-06-28T18:19:09.488163" elapsed="0.000405"/>
</kw>
<status status="PASS" start="2024-06-28T18:19:09.487126" elapsed="0.001803"/>
</kw>
<status status="PASS" start="2024-06-28T18:19:09.486560" elapsed="0.002557"/>
</test>
<test id="s1-s1-t2" name="Validar retorno 200 e JSON Válido" line="16">
<kw name="Teste de Requisicao Basica" owner="random-user-service">
<kw name="GET On Session" owner="RequestsLibrary">
<msg time="2024-06-28T18:19:09.562597" level="INFO">GET Request : url=https://randomuser.me/api 
 path_url=/api 
 headers={'User-Agent': 'python-requests/2.32.3', 'Accept-Encoding': 'gzip, deflate', 'Accept': '*/*', 'Connection': 'keep-alive'} 
 body=None 
 </msg>
<msg time="2024-06-28T18:19:09.562757" level="INFO">GET Response : url=https://randomuser.me/api 
 status=200, reason=OK 
 headers={'Date': 'Fri, 28 Jun 2024 18:19:09 GMT', 'Content-Type': 'application/json; charset=utf-8', 'Transfer-Encoding': 'chunked', 'Connection': 'keep-alive', 'X-Powered-By': 'Express', 'Access-Control-Allow-Origin': '*', 'Cache-Control': 'no-cache', 'ETag': 'W/"48c-KwLEJU2u3dDKpEmuDuTc1D6FCno"', 'Vary': 'Accept-Encoding', 'Content-Encoding': 'gzip', 'CF-Cache-Status': 'DYNAMIC', 'Report-To': '{"endpoints":[{"url":"https:\\/\\/a.nel.cloudflare.com\\/report\\/v4?s=Pvzq%2FRg4EJeU3r0XWvIw0oVqRlQYGOBIcBOWJcm4Dyl9BwObj3q5meuWd3TLas5XOH7xKNJel5F%2FKfd%2F%2FLp9xT5sjxQcwLMmntSDLIw8MJV1BTUNKVk74ut6W1cffIIo"}],"group":"cf-nel","max_age":604800}', 'NEL': '{"success_fraction":0,"report_to":"cf-nel","max_age":604800}', 'Server': 'cloudflare', 'CF-RAY': '89afaef878872010-IAD', 'alt-svc': 'h3=":443"; ma=86400'} 
 body={"results":[{"gender":"female","name":{"title":"Ms","first":"Sarah","last":"Chu"},"location":{"street":{"number":2292,"name":"College Ave"},"city":"Havelock","state":"Northwest Territories","country":"Canada","postcode":"M1L 7L8","coordinates":{"latitude":"-65.7328","longitude":"25.9745"},"timezone":{"offset":"-1:00","description":"Azores, Cape Verde Islands"}},"email":"sarah.chu@example.com","login":{"uuid":"e3b63466-2e2c-4d23-9c9b-e795da832853","username":"sadwolf504","password":"mobile","salt":"3iV1jnKV","md5":"e279ff963650da0408a23628cac1aab3","sha1":"1e99e85f9b445cd66ea404df753ca70e6d57080f","sha256":"53fa06abc9f47a0f2a8fb9977684c8ff0545ace945dd5f53a05402a147c3d5bd"},"dob":{"date":"1979-05-11T18:43:09.911Z","age":45},"registered":{"date":"2009-01-03T21:50:13.297Z","age":15},"phone":"Q52 E53-1673","cell":"S79 Q04-1291","id":{"name":"SIN","value":"451745699"},"picture":{"large":"https://randomuser.me/api/portraits/women/81.jpg","medium":"https://randomuser.me/api/portraits/med/women/81.jpg","thumbnail":"https://randomuser.me/api/portraits/thumb/women/81.jpg"},"nat":"CA"}],"info":{"seed":"62169a74bf2ed11b","results":1,"page":1,"version":"1.4"}} 
 </msg>
<msg time="2024-06-28T18:19:09.562846" level="INFO">/opt/hostedtoolcache/Python/3.12.4/x64/lib/python3.12/site-packages/urllib3/connectionpool.py:1099: InsecureRequestWarning: Unverified HTTPS request is being made to host 'randomuser.me'. Adding certificate verification is strongly advised. See: https://urllib3.readthedocs.io/en/latest/advanced-usage.html#tls-warnings
  warnings.warn(</msg>
<msg time="2024-06-28T18:19:09.562993" level="INFO">${response} = &lt;Response [200]&gt;</msg>
<var>${response}</var>
<arg>consultarAPI</arg>
<arg>/api</arg>
<doc>Sends a GET request on a previously created HTTP Session.</doc>
<status status="PASS" start="2024-06-28T18:19:09.491711" elapsed="0.071326"/>
</kw>
<kw name="Should Be Equal As Numbers" owner="BuiltIn">
<msg time="2024-06-28T18:19:09.564075" level="INFO">Argument types are:
&lt;class 'int'&gt;
&lt;class 'str'&gt;</msg>
<arg>${response.status_code}</arg>
<arg>200</arg>
<doc>Fails if objects are unequal after converting them to real numbers.</doc>
<status status="PASS" start="2024-06-28T18:19:09.563591" elapsed="0.000549"/>
</kw>
<kw name="Log" owner="BuiltIn">
<msg time="2024-06-28T18:19:09.564816" level="INFO">200</msg>
<arg>${response.status_code}</arg>
<doc>Logs the given message with the given level.</doc>
<status status="PASS" start="2024-06-28T18:19:09.564461" elapsed="0.000397"/>
</kw>
<kw name="Set Variable" owner="BuiltIn">
<msg time="2024-06-28T18:19:09.565598" level="INFO">${json_data} = {'results': [{'gender': 'female', 'name': {'title': 'Ms', 'first': 'Sarah', 'last': 'Chu'}, 'location': {'street': {'number': 2292, 'name': 'College Ave'}, 'city': 'Havelock', 'state': 'Northwest Terr...</msg>
<var>${json_data}</var>
<arg>${response.json()}</arg>
<doc>Returns the given values which can then be assigned to a variables.</doc>
<status status="PASS" start="2024-06-28T18:19:09.565165" elapsed="0.000461"/>
</kw>
<kw name="Dictionary Should Contain Key" owner="Collections">
<arg>${json_data}</arg>
<arg>results</arg>
<doc>Fails if ``key`` is not found from ``dictionary``.</doc>
<status status="PASS" start="2024-06-28T18:19:09.565922" elapsed="0.000168"/>
</kw>
<status status="PASS" start="2024-06-28T18:19:09.491463" elapsed="0.074776"/>
</kw>
<doc>Testa se a API responde corretamente e retorna um objeto JSON válido.</doc>
<tag>testeRequisicaoBasica</tag>
<status status="PASS" start="2024-06-28T18:19:09.490980" elapsed="0.075436"/>
</test>
<test id="s1-s1-t3" name="Validar estrutura de resposta" line="22">
<kw name="Teste de Estrutura de Resposta" owner="random-user-service">
<kw name="GET On Session" owner="RequestsLibrary">
<msg time="2024-06-28T18:19:09.658483" level="INFO">GET Request : url=https://randomuser.me/api 
 path_url=/api 
 headers={'User-Agent': 'python-requests/2.32.3', 'Accept-Encoding': 'gzip, deflate', 'Accept': '*/*', 'Connection': 'keep-alive'} 
 body=None 
 </msg>
<msg time="2024-06-28T18:19:09.658608" level="INFO">GET Response : url=https://randomuser.me/api 
 status=200, reason=OK 
 headers={'Date': 'Fri, 28 Jun 2024 18:19:09 GMT', 'Content-Type': 'application/json; charset=utf-8', 'Transfer-Encoding': 'chunked', 'Connection': 'keep-alive', 'X-Powered-By': 'Express', 'Access-Control-Allow-Origin': '*', 'Cache-Control': 'no-cache', 'ETag': 'W/"49a-z0sFuEecmdIgRWlOfaVLtmJcknQ"', 'Vary': 'Accept-Encoding', 'Content-Encoding': 'gzip', 'CF-Cache-Status': 'DYNAMIC', 'Report-To': '{"endpoints":[{"url":"https:\\/\\/a.nel.cloudflare.com\\/report\\/v4?s=0AMrFOh8e%2F2Rq%2BAjYMP5i5TTCPEfQzx1HACHUL%2BNOHqItZmvssxzagHRkNT97JIaASq5rXDdORsct46q0NxAMGsCfiAc3repj3xspRtZSwIigy%2F1d8sm88zYj5VpJ84p"}],"group":"cf-nel","max_age":604800}', 'NEL': '{"success_fraction":0,"report_to":"cf-nel","max_age":604800}', 'Server': 'cloudflare', 'CF-RAY': '89afaef8d8e82010-IAD', 'alt-svc': 'h3=":443"; ma=86400'} 
 body={"results":[{"gender":"female","name":{"title":"Miss","first":"Dorothea","last":"Faßbender"},"location":{"street":{"number":1014,"name":"Friedhofstraße"},"city":"Schnaittenbach","state":"Niedersachsen","country":"Germany","postcode":80417,"coordinates":{"latitude":"-48.7893","longitude":"76.5141"},"timezone":{"offset":"-9:00","description":"Alaska"}},"email":"dorothea.fassbender@example.com","login":{"uuid":"330115c8-cc9f-42a2-afe4-3fbec98ac4eb","username":"goldenelephant960","password":"theman","salt":"YK0iPkB0","md5":"60df325cf69159aa51f29aa53cd893d0","sha1":"068dd8b984ec7ce66b78d4e6673f27a5cf3b3b5f","sha256":"a360b6dd37f5ee50409f535ff274f8ac57c09075ebfca6c3cff0ca1b5cba6f96"},"dob":{"date":"1984-09-07T09:37:20.864Z","age":39},"registered":{"date":"2020-09-22T19:11:58.216Z","age":3},"phone":"0556-7297738","cell":"0172-1619752","id":{"name":"SVNR","value":"75 070984 F 879"},"picture":{"large":"https://randomuser.me/api/portraits/women/78.jpg","medium":"https://randomuser.me/api/portraits/med/women/78.jpg","thumbnail":"https://randomuser.me/api/portraits/thumb/women/78.jpg"},"nat":"DE"}],"info":{"seed":"7a7bc6d81bbef802","results":1,"page":1,"version":"1.4"}} 
 </msg>
<msg time="2024-06-28T18:19:09.658779" level="INFO">/opt/hostedtoolcache/Python/3.12.4/x64/lib/python3.12/site-packages/urllib3/connectionpool.py:1099: InsecureRequestWarning: Unverified HTTPS request is being made to host 'randomuser.me'. Adding certificate verification is strongly advised. See: https://urllib3.readthedocs.io/en/latest/advanced-usage.html#tls-warnings
  warnings.warn(</msg>
<msg time="2024-06-28T18:19:09.658919" level="INFO">${response} = &lt;Response [200]&gt;</msg>
<var>${response}</var>
<arg>consultarAPI</arg>
<arg>/api</arg>
<doc>Sends a GET request on a previously created HTTP Session.</doc>
<status status="PASS" start="2024-06-28T18:19:09.569440" elapsed="0.089507"/>
</kw>
<kw name="Set Variable" owner="BuiltIn">
<msg time="2024-06-28T18:19:09.660079" level="INFO">${json_data} = {'results': [{'gender': 'female', 'name': {'title': 'Miss', 'first': 'Dorothea', 'last': 'Faßbender'}, 'location': {'street': {'number': 1014, 'name': 'Friedhofstraße'}, 'city': 'Schnaittenbach', 'sta...</msg>
<var>${json_data}</var>
<arg>${response.json()}</arg>
<doc>Returns the given values which can then be assigned to a variables.</doc>
<status status="PASS" start="2024-06-28T18:19:09.659506" elapsed="0.000603"/>
</kw>
<kw name="Log" owner="BuiltIn">
<msg time="2024-06-28T18:19:09.660585" level="INFO">{'results': [{'gender': 'female', 'name': {'title': 'Miss', 'first': 'Dorothea', 'last': 'Faßbender'}, 'location': {'street': {'number': 1014, 'name': 'Friedhofstraße'}, 'city': 'Schnaittenbach', 'state': 'Niedersachsen', 'country': 'Germany', 'postcode': 80417, 'coordinates': {'latitude': '-48.7893', 'longitude': '76.5141'}, 'timezone': {'offset': '-9:00', 'description': 'Alaska'}}, 'email': 'dorothea.fassbender@example.com', 'login': {'uuid': '330115c8-cc9f-42a2-afe4-3fbec98ac4eb', 'username': 'goldenelephant960', 'password': 'theman', 'salt': 'YK0iPkB0', 'md5': '60df325cf69159aa51f29aa53cd893d0', 'sha1': '068dd8b984ec7ce66b78d4e6673f27a5cf3b3b5f', 'sha256': 'a360b6dd37f5ee50409f535ff274f8ac57c09075ebfca6c3cff0ca1b5cba6f96'}, 'dob': {'date': '1984-09-07T09:37:20.864Z', 'age': 39}, 'registered': {'date': '2020-09-22T19:11:58.216Z', 'age': 3}, 'phone': '0556-7297738', 'cell': '0172-1619752', 'id': {'name': 'SVNR', 'value': '75 070984 F 879'}, 'picture': {'large': 'https://randomuser.me/api/portraits/women/78.jpg', 'medium': 'https://randomuser.me/api/portraits/med/women/78.jpg', 'thumbnail': 'https://randomuser.me/api/portraits/thumb/women/78.jpg'}, 'nat': 'DE'}], 'info': {'seed': '7a7bc6d81bbef802', 'results': 1, 'page': 1, 'version': '1.4'}}</msg>
<arg>${json_data}</arg>
<doc>Logs the given message with the given level.</doc>
<status status="PASS" start="2024-06-28T18:19:09.660420" elapsed="0.000218"/>
</kw>
<kw name="Dictionary Should Contain Key" owner="Collections">
<arg>${json_data}</arg>
<arg>results</arg>
<doc>Fails if ``key`` is not found from ``dictionary``.</doc>
<status status="PASS" start="2024-06-28T18:19:09.660942" elapsed="0.000170"/>
</kw>
<kw name="Should Not Be Empty" owner="BuiltIn">
<msg time="2024-06-28T18:19:09.661418" level="INFO">Length is 2.</msg>
<arg>${json_data}</arg>
<doc>Verifies that the given item is not empty.</doc>
<status status="PASS" start="2024-06-28T18:19:09.661295" elapsed="0.000162"/>
</kw>
<kw name="Create List" owner="BuiltIn">
<msg time="2024-06-28T18:19:09.661899" level="INFO">${expected_keys} = ['gender', 'name', 'location', 'email', 'login']</msg>
<var>${expected_keys}</var>
<arg>gender</arg>
<arg>name</arg>
<arg>location</arg>
<arg>email</arg>
<arg>login</arg>
<doc>Returns a list containing given items.</doc>
<status status="PASS" start="2024-06-28T18:19:09.661747" elapsed="0.000176"/>
</kw>
<for flavor="IN">
<iter>
<kw name="Dictionary Should Contain Key" owner="Collections">
<arg>${json_data['results'][0]}</arg>
<arg>${key}</arg>
<doc>Fails if ``key`` is not found from ``dictionary``.</doc>
<status status="PASS" start="2024-06-28T18:19:09.662668" elapsed="0.000404"/>
</kw>
<kw name="Log" owner="BuiltIn">
<msg time="2024-06-28T18:19:09.663633" level="INFO">{'gender': 'female', 'name': {'title': 'Miss', 'first': 'Dorothea', 'last': 'Faßbender'}, 'location': {'street': {'number': 1014, 'name': 'Friedhofstraße'}, 'city': 'Schnaittenbach', 'state': 'Niedersachsen', 'country': 'Germany', 'postcode': 80417, 'coordinates': {'latitude': '-48.7893', 'longitude': '76.5141'}, 'timezone': {'offset': '-9:00', 'description': 'Alaska'}}, 'email': 'dorothea.fassbender@example.com', 'login': {'uuid': '330115c8-cc9f-42a2-afe4-3fbec98ac4eb', 'username': 'goldenelephant960', 'password': 'theman', 'salt': 'YK0iPkB0', 'md5': '60df325cf69159aa51f29aa53cd893d0', 'sha1': '068dd8b984ec7ce66b78d4e6673f27a5cf3b3b5f', 'sha256': 'a360b6dd37f5ee50409f535ff274f8ac57c09075ebfca6c3cff0ca1b5cba6f96'}, 'dob': {'date': '1984-09-07T09:37:20.864Z', 'age': 39}, 'registered': {'date': '2020-09-22T19:11:58.216Z', 'age': 3}, 'phone': '0556-7297738', 'cell': '0172-1619752', 'id': {'name': 'SVNR', 'value': '75 070984 F 879'}, 'picture': {'large': 'https://randomuser.me/api/portraits/women/78.jpg', 'medium': 'https://randomuser.me/api/portraits/med/women/78.jpg', 'thumbnail': 'https://randomuser.me/api/portraits/thumb/women/78.jpg'}, 'nat': 'DE'}</msg>
<arg>${json_data['results'][0]}</arg>
<doc>Logs the given message with the given level.</doc>
<status status="PASS" start="2024-06-28T18:19:09.663268" elapsed="0.000415"/>
</kw>
<kw name="Log" owner="BuiltIn">
<msg time="2024-06-28T18:19:09.664140" level="INFO">gender</msg>
<arg>${key}</arg>
<doc>Logs the given message with the given level.</doc>
<status status="PASS" start="2024-06-28T18:19:09.664003" elapsed="0.000176"/>
</kw>
<var name="${key}">gender</var>
<status status="PASS" start="2024-06-28T18:19:09.662542" elapsed="0.001851"/>
</iter>
<iter>
<kw name="Dictionary Should Contain Key" owner="Collections">
<arg>${json_data['results'][0]}</arg>
<arg>${key}</arg>
<doc>Fails if ``key`` is not found from ``dictionary``.</doc>
<status status="PASS" start="2024-06-28T18:19:09.664690" elapsed="0.000383"/>
</kw>
<kw name="Log" owner="BuiltIn">
<msg time="2024-06-28T18:19:09.665608" level="INFO">{'gender': 'female', 'name': {'title': 'Miss', 'first': 'Dorothea', 'last': 'Faßbender'}, 'location': {'street': {'number': 1014, 'name': 'Friedhofstraße'}, 'city': 'Schnaittenbach', 'state': 'Niedersachsen', 'country': 'Germany', 'postcode': 80417, 'coordinates': {'latitude': '-48.7893', 'longitude': '76.5141'}, 'timezone': {'offset': '-9:00', 'description': 'Alaska'}}, 'email': 'dorothea.fassbender@example.com', 'login': {'uuid': '330115c8-cc9f-42a2-afe4-3fbec98ac4eb', 'username': 'goldenelephant960', 'password': 'theman', 'salt': 'YK0iPkB0', 'md5': '60df325cf69159aa51f29aa53cd893d0', 'sha1': '068dd8b984ec7ce66b78d4e6673f27a5cf3b3b5f', 'sha256': 'a360b6dd37f5ee50409f535ff274f8ac57c09075ebfca6c3cff0ca1b5cba6f96'}, 'dob': {'date': '1984-09-07T09:37:20.864Z', 'age': 39}, 'registered': {'date': '2020-09-22T19:11:58.216Z', 'age': 3}, 'phone': '0556-7297738', 'cell': '0172-1619752', 'id': {'name': 'SVNR', 'value': '75 070984 F 879'}, 'picture': {'large': 'https://randomuser.me/api/portraits/women/78.jpg', 'medium': 'https://randomuser.me/api/portraits/med/women/78.jpg', 'thumbnail': 'https://randomuser.me/api/portraits/thumb/women/78.jpg'}, 'nat': 'DE'}</msg>
<arg>${json_data['results'][0]}</arg>
<doc>Logs the given message with the given level.</doc>
<status status="PASS" start="2024-06-28T18:19:09.665253" elapsed="0.000438"/>
</kw>
<kw name="Log" owner="BuiltIn">
<msg time="2024-06-28T18:19:09.666112" level="INFO">name</msg>
<arg>${key}</arg>
<doc>Logs the given message with the given level.</doc>
<status status="PASS" start="2024-06-28T18:19:09.665987" elapsed="0.000162"/>
</kw>
<var name="${key}">name</var>
<status status="PASS" start="2024-06-28T18:19:09.664578" elapsed="0.001786"/>
</iter>
<iter>
<kw name="Dictionary Should Contain Key" owner="Collections">
<arg>${json_data['results'][0]}</arg>
<arg>${key}</arg>
<doc>Fails if ``key`` is not found from ``dictionary``.</doc>
<status status="PASS" start="2024-06-28T18:19:09.666646" elapsed="0.000379"/>
</kw>
<kw name="Log" owner="BuiltIn">
<msg time="2024-06-28T18:19:09.667551" level="INFO">{'gender': 'female', 'name': {'title': 'Miss', 'first': 'Dorothea', 'last': 'Faßbender'}, 'location': {'street': {'number': 1014, 'name': 'Friedhofstraße'}, 'city': 'Schnaittenbach', 'state': 'Niedersachsen', 'country': 'Germany', 'postcode': 80417, 'coordinates': {'latitude': '-48.7893', 'longitude': '76.5141'}, 'timezone': {'offset': '-9:00', 'description': 'Alaska'}}, 'email': 'dorothea.fassbender@example.com', 'login': {'uuid': '330115c8-cc9f-42a2-afe4-3fbec98ac4eb', 'username': 'goldenelephant960', 'password': 'theman', 'salt': 'YK0iPkB0', 'md5': '60df325cf69159aa51f29aa53cd893d0', 'sha1': '068dd8b984ec7ce66b78d4e6673f27a5cf3b3b5f', 'sha256': 'a360b6dd37f5ee50409f535ff274f8ac57c09075ebfca6c3cff0ca1b5cba6f96'}, 'dob': {'date': '1984-09-07T09:37:20.864Z', 'age': 39}, 'registered': {'date': '2020-09-22T19:11:58.216Z', 'age': 3}, 'phone': '0556-7297738', 'cell': '0172-1619752', 'id': {'name': 'SVNR', 'value': '75 070984 F 879'}, 'picture': {'large': 'https://randomuser.me/api/portraits/women/78.jpg', 'medium': 'https://randomuser.me/api/portraits/med/women/78.jpg', 'thumbnail': 'https://randomuser.me/api/portraits/thumb/women/78.jpg'}, 'nat': 'DE'}</msg>
<arg>${json_data['results'][0]}</arg>
<doc>Logs the given message with the given level.</doc>
<status status="PASS" start="2024-06-28T18:19:09.667205" elapsed="0.000395"/>
</kw>
<kw name="Log" owner="BuiltIn">
<msg time="2024-06-28T18:19:09.668069" level="INFO">location</msg>
<arg>${key}</arg>
<doc>Logs the given message with the given level.</doc>
<status status="PASS" start="2024-06-28T18:19:09.667934" elapsed="0.000172"/>
</kw>
<var name="${key}">location</var>
<status status="PASS" start="2024-06-28T18:19:09.666540" elapsed="0.001784"/>
</iter>
<iter>
<kw name="Dictionary Should Contain Key" owner="Collections">
<arg>${json_data['results'][0]}</arg>
<arg>${key}</arg>
<doc>Fails if ``key`` is not found from ``dictionary``.</doc>
<status status="PASS" start="2024-06-28T18:19:09.668596" elapsed="0.000376"/>
</kw>
<kw name="Log" owner="BuiltIn">
<msg time="2024-06-28T18:19:09.669495" level="INFO">{'gender': 'female', 'name': {'title': 'Miss', 'first': 'Dorothea', 'last': 'Faßbender'}, 'location': {'street': {'number': 1014, 'name': 'Friedhofstraße'}, 'city': 'Schnaittenbach', 'state': 'Niedersachsen', 'country': 'Germany', 'postcode': 80417, 'coordinates': {'latitude': '-48.7893', 'longitude': '76.5141'}, 'timezone': {'offset': '-9:00', 'description': 'Alaska'}}, 'email': 'dorothea.fassbender@example.com', 'login': {'uuid': '330115c8-cc9f-42a2-afe4-3fbec98ac4eb', 'username': 'goldenelephant960', 'password': 'theman', 'salt': 'YK0iPkB0', 'md5': '60df325cf69159aa51f29aa53cd893d0', 'sha1': '068dd8b984ec7ce66b78d4e6673f27a5cf3b3b5f', 'sha256': 'a360b6dd37f5ee50409f535ff274f8ac57c09075ebfca6c3cff0ca1b5cba6f96'}, 'dob': {'date': '1984-09-07T09:37:20.864Z', 'age': 39}, 'registered': {'date': '2020-09-22T19:11:58.216Z', 'age': 3}, 'phone': '0556-7297738', 'cell': '0172-1619752', 'id': {'name': 'SVNR', 'value': '75 070984 F 879'}, 'picture': {'large': 'https://randomuser.me/api/portraits/women/78.jpg', 'medium': 'https://randomuser.me/api/portraits/med/women/78.jpg', 'thumbnail': 'https://randomuser.me/api/portraits/thumb/women/78.jpg'}, 'nat': 'DE'}</msg>
<arg>${json_data['results'][0]}</arg>
<doc>Logs the given message with the given level.</doc>
<status status="PASS" start="2024-06-28T18:19:09.669150" elapsed="0.000395"/>
</kw>
<kw name="Log" owner="BuiltIn">
<msg time="2024-06-28T18:19:09.669967" level="INFO">email</msg>
<arg>${key}</arg>
<doc>Logs the given message with the given level.</doc>
<status status="PASS" start="2024-06-28T18:19:09.669841" elapsed="0.000163"/>
</kw>
<var name="${key}">email</var>
<status status="PASS" start="2024-06-28T18:19:09.668491" elapsed="0.001735"/>
</iter>
<iter>
<kw name="Dictionary Should Contain Key" owner="Collections">
<arg>${json_data['results'][0]}</arg>
<arg>${key}</arg>
<doc>Fails if ``key`` is not found from ``dictionary``.</doc>
<status status="PASS" start="2024-06-28T18:19:09.670503" elapsed="0.000392"/>
</kw>
<kw name="Log" owner="BuiltIn">
<msg time="2024-06-28T18:19:09.671436" level="INFO">{'gender': 'female', 'name': {'title': 'Miss', 'first': 'Dorothea', 'last': 'Faßbender'}, 'location': {'street': {'number': 1014, 'name': 'Friedhofstraße'}, 'city': 'Schnaittenbach', 'state': 'Niedersachsen', 'country': 'Germany', 'postcode': 80417, 'coordinates': {'latitude': '-48.7893', 'longitude': '76.5141'}, 'timezone': {'offset': '-9:00', 'description': 'Alaska'}}, 'email': 'dorothea.fassbender@example.com', 'login': {'uuid': '330115c8-cc9f-42a2-afe4-3fbec98ac4eb', 'username': 'goldenelephant960', 'password': 'theman', 'salt': 'YK0iPkB0', 'md5': '60df325cf69159aa51f29aa53cd893d0', 'sha1': '068dd8b984ec7ce66b78d4e6673f27a5cf3b3b5f', 'sha256': 'a360b6dd37f5ee50409f535ff274f8ac57c09075ebfca6c3cff0ca1b5cba6f96'}, 'dob': {'date': '1984-09-07T09:37:20.864Z', 'age': 39}, 'registered': {'date': '2020-09-22T19:11:58.216Z', 'age': 3}, 'phone': '0556-7297738', 'cell': '0172-1619752', 'id': {'name': 'SVNR', 'value': '75 070984 F 879'}, 'picture': {'large': 'https://randomuser.me/api/portraits/women/78.jpg', 'medium': 'https://randomuser.me/api/portraits/med/women/78.jpg', 'thumbnail': 'https://randomuser.me/api/portraits/thumb/women/78.jpg'}, 'nat': 'DE'}</msg>
<arg>${json_data['results'][0]}</arg>
<doc>Logs the given message with the given level.</doc>
<status status="PASS" start="2024-06-28T18:19:09.671082" elapsed="0.000402"/>
</kw>
<kw name="Log" owner="BuiltIn">
<msg time="2024-06-28T18:19:09.671924" level="INFO">login</msg>
<arg>${key}</arg>
<doc>Logs the given message with the given level.</doc>
<status status="PASS" start="2024-06-28T18:19:09.671780" elapsed="0.000182"/>
</kw>
<var name="${key}">login</var>
<status status="PASS" start="2024-06-28T18:19:09.670393" elapsed="0.001795"/>
</iter>
<var>${key}</var>
<value>@{expected_keys}</value>
<status status="PASS" start="2024-06-28T18:19:09.662346" elapsed="0.009963"/>
</for>
<kw name="Create List" owner="BuiltIn">
<msg time="2024-06-28T18:19:09.672671" level="INFO">${expected_keysTwo} = ['username', 'password']</msg>
<var>${expected_keysTwo}</var>
<arg>username</arg>
<arg>password</arg>
<doc>Returns a list containing given items.</doc>
<status status="PASS" start="2024-06-28T18:19:09.672504" elapsed="0.000191"/>
</kw>
<for flavor="IN">
<iter>
<kw name="Dictionary Should Contain Key" owner="Collections">
<arg>${json_data['results'][0]['login']}</arg>
<arg>${keyTwo}</arg>
<doc>Fails if ``key`` is not found from ``dictionary``.</doc>
<status status="PASS" start="2024-06-28T18:19:09.673197" elapsed="0.000399"/>
</kw>
<kw name="Dictionary Should Contain Key" owner="Collections">
<arg>${json_data['results'][0]['login']}</arg>
<arg>${keyTwo}</arg>
<doc>Fails if ``key`` is not found from ``dictionary``.</doc>
<status status="PASS" start="2024-06-28T18:19:09.673785" elapsed="0.000407"/>
</kw>
<kw name="Log" owner="BuiltIn">
<msg time="2024-06-28T18:19:09.674530" level="INFO">username</msg>
<arg>${keyTwo}</arg>
<doc>Logs the given message with the given level.</doc>
<status status="PASS" start="2024-06-28T18:19:09.674391" elapsed="0.000177"/>
</kw>
<var name="${keyTwo}">username</var>
<status status="PASS" start="2024-06-28T18:19:09.673090" elapsed="0.001717"/>
</iter>
<iter>
<kw name="Dictionary Should Contain Key" owner="Collections">
<arg>${json_data['results'][0]['login']}</arg>
<arg>${keyTwo}</arg>
<doc>Fails if ``key`` is not found from ``dictionary``.</doc>
<status status="PASS" start="2024-06-28T18:19:09.675084" elapsed="0.000380"/>
</kw>
<kw name="Dictionary Should Contain Key" owner="Collections">
<arg>${json_data['results'][0]['login']}</arg>
<arg>${keyTwo}</arg>
<doc>Fails if ``key`` is not found from ``dictionary``.</doc>
<status status="PASS" start="2024-06-28T18:19:09.675640" elapsed="0.000409"/>
</kw>
<kw name="Log" owner="BuiltIn">
<msg time="2024-06-28T18:19:09.676368" level="INFO">password</msg>
<arg>${keyTwo}</arg>
<doc>Logs the given message with the given level.</doc>
<status status="PASS" start="2024-06-28T18:19:09.676248" elapsed="0.000173"/>
</kw>
<var name="${keyTwo}">password</var>
<status status="PASS" start="2024-06-28T18:19:09.674979" elapsed="0.001698"/>
</iter>
<var>${keyTwo}</var>
<value>@{expected_keysTwo}</value>
<status status="PASS" start="2024-06-28T18:19:09.672933" elapsed="0.003894"/>
</for>
<status status="PASS" start="2024-06-28T18:19:09.569100" elapsed="0.107900"/>
</kw>
<doc>Testa a estrutura da resposta da API.</doc>
<tag>testeEstruturaResposta</tag>
<status status="PASS" start="2024-06-28T18:19:09.568310" elapsed="0.108861"/>
</test>
<test id="s1-s1-t4" name="Validar tipos de dados" line="28">
<kw name="Teste de Tipos de Dados" owner="random-user-service">
<kw name="GET On Session" owner="RequestsLibrary">
<msg time="2024-06-28T18:19:09.761559" level="INFO">GET Request : url=https://randomuser.me/api 
 path_url=/api 
 headers={'User-Agent': 'python-requests/2.32.3', 'Accept-Encoding': 'gzip, deflate', 'Accept': '*/*', 'Connection': 'keep-alive'} 
 body=None 
 </msg>
<msg time="2024-06-28T18:19:09.761679" level="INFO">GET Response : url=https://randomuser.me/api 
 status=200, reason=OK 
 headers={'Date': 'Fri, 28 Jun 2024 18:19:09 GMT', 'Content-Type': 'application/json; charset=utf-8', 'Transfer-Encoding': 'chunked', 'Connection': 'keep-alive', 'X-Powered-By': 'Express', 'Access-Control-Allow-Origin': '*', 'Cache-Control': 'no-cache', 'ETag': 'W/"494-FJk+j80bS+7dM4sN9VCPIfMoxXQ"', 'Vary': 'Accept-Encoding', 'Content-Encoding': 'gzip', 'CF-Cache-Status': 'DYNAMIC', 'Report-To': '{"endpoints":[{"url":"https:\\/\\/a.nel.cloudflare.com\\/report\\/v4?s=bzm4%2Fvgsdb33QrKf%2F9yhY1EvUqKPOlsT5Wj5mdB2DByVGKUTAgovygivjKnW9qtZYnISyOSatrF%2BVwn3K4yad%2Bt3iLtaiTVL%2BFINixFcpol%2FiWhHlO4aAWM55ZRlKdxE"}],"group":"cf-nel","max_age":604800}', 'NEL': '{"success_fraction":0,"report_to":"cf-nel","max_age":604800}', 'Server': 'cloudflare', 'CF-RAY': '89afaef989ac2010-IAD', 'alt-svc': 'h3=":443"; ma=86400'} 
 body={"results":[{"gender":"female","name":{"title":"Mrs","first":"Amra","last":"Brak"},"location":{"street":{"number":364,"name":"Koppelsbrink"},"city":"Elsloo Fr","state":"Noord-Brabant","country":"Netherlands","postcode":"2411 JB","coordinates":{"latitude":"32.6647","longitude":"90.3772"},"timezone":{"offset":"+4:00","description":"Abu Dhabi, Muscat, Baku, Tbilisi"}},"email":"amra.brak@example.com","login":{"uuid":"01890f39-1f32-4674-8577-ae18f6d4e485","username":"lazyostrich943","password":"jiong","salt":"7pixEstu","md5":"ed202823ea471eb7ff1b421bee3661e3","sha1":"f3bab00456fa2b064b00370ae9cd747a80c303ff","sha256":"22b2cd03cd23a5a4d90e6de01b4a37915a9375b5c149bf807b5c089f3994ddc8"},"dob":{"date":"1950-04-10T01:28:14.093Z","age":74},"registered":{"date":"2013-01-20T15:30:09.744Z","age":11},"phone":"(048) 2925325","cell":"(06) 99776907","id":{"name":"BSN","value":"68181196"},"picture":{"large":"https://randomuser.me/api/portraits/women/91.jpg","medium":"https://randomuser.me/api/portraits/med/women/91.jpg","thumbnail":"https://randomuser.me/api/portraits/thumb/women/91.jpg"},"nat":"NL"}],"info":{"seed":"6ba92dce7e94939b","results":1,"page":1,"version":"1.4"}} 
 </msg>
<msg time="2024-06-28T18:19:09.761767" level="INFO">/opt/hostedtoolcache/Python/3.12.4/x64/lib/python3.12/site-packages/urllib3/connectionpool.py:1099: InsecureRequestWarning: Unverified HTTPS request is being made to host 'randomuser.me'. Adding certificate verification is strongly advised. See: https://urllib3.readthedocs.io/en/latest/advanced-usage.html#tls-warnings
  warnings.warn(</msg>
<msg time="2024-06-28T18:19:09.761908" level="INFO">${response} = &lt;Response [200]&gt;</msg>
<var>${response}</var>
<arg>consultarAPI</arg>
<arg>/api</arg>
<doc>Sends a GET request on a previously created HTTP Session.</doc>
<status status="PASS" start="2024-06-28T18:19:09.679828" elapsed="0.082130"/>
</kw>
<kw name="Set Variable" owner="BuiltIn">
<msg time="2024-06-28T18:19:09.763298" level="INFO">${json_data} = {'results': [{'gender': 'female', 'name': {'title': 'Mrs', 'first': 'Amra', 'last': 'Brak'}, 'location': {'street': {'number': 364, 'name': 'Koppelsbrink'}, 'city': 'Elsloo Fr', 'state': 'Noord-Braban...</msg>
<var>${json_data}</var>
<arg>${response.json()}</arg>
<doc>Returns the given values which can then be assigned to a variables.</doc>
<status status="PASS" start="2024-06-28T18:19:09.762660" elapsed="0.000666"/>
</kw>
<kw name="Log" owner="BuiltIn">
<msg time="2024-06-28T18:19:09.763856" level="INFO">{'results': [{'gender': 'female', 'name': {'title': 'Mrs', 'first': 'Amra', 'last': 'Brak'}, 'location': {'street': {'number': 364, 'name': 'Koppelsbrink'}, 'city': 'Elsloo Fr', 'state': 'Noord-Brabant', 'country': 'Netherlands', 'postcode': '2411 JB', 'coordinates': {'latitude': '32.6647', 'longitude': '90.3772'}, 'timezone': {'offset': '+4:00', 'description': 'Abu Dhabi, Muscat, Baku, Tbilisi'}}, 'email': 'amra.brak@example.com', 'login': {'uuid': '01890f39-1f32-4674-8577-ae18f6d4e485', 'username': 'lazyostrich943', 'password': 'jiong', 'salt': '7pixEstu', 'md5': 'ed202823ea471eb7ff1b421bee3661e3', 'sha1': 'f3bab00456fa2b064b00370ae9cd747a80c303ff', 'sha256': '22b2cd03cd23a5a4d90e6de01b4a37915a9375b5c149bf807b5c089f3994ddc8'}, 'dob': {'date': '1950-04-10T01:28:14.093Z', 'age': 74}, 'registered': {'date': '2013-01-20T15:30:09.744Z', 'age': 11}, 'phone': '(048) 2925325', 'cell': '(06) 99776907', 'id': {'name': 'BSN', 'value': '68181196'}, 'picture': {'large': 'https://randomuser.me/api/portraits/women/91.jpg', 'medium': 'https://randomuser.me/api/portraits/med/women/91.jpg', 'thumbnail': 'https://randomuser.me/api/portraits/thumb/women/91.jpg'}, 'nat': 'NL'}], 'info': {'seed': '6ba92dce7e94939b', 'results': 1, 'page': 1, 'version': '1.4'}}</msg>
<arg>${json_data}</arg>
<doc>Logs the given message with the given level.</doc>
<status status="PASS" start="2024-06-28T18:19:09.763696" elapsed="0.000247"/>
</kw>
<kw name="Should Be String" owner="String">
<arg>${json_data['results'][0]['gender']}</arg>
<doc>Fails if the given ``item`` is not a string.</doc>
<status status="PASS" start="2024-06-28T18:19:09.764255" elapsed="0.000363"/>
</kw>
<kw name="Should Match Regexp" owner="BuiltIn">
<arg>${json_data['results'][0]['email']}</arg>
<arg>^[a-zA-Z0-9._%+-]+@[a-zA-Z0-9.-]+\.[a-zA-Z]{2,}$</arg>
<doc>Fails if ``string`` does not match ``pattern`` as a regular expression.</doc>
<status status="PASS" start="2024-06-28T18:19:09.764852" elapsed="0.000526"/>
</kw>
<kw name="Should Match Regexp" owner="BuiltIn">
<arg>${json_data['results'][0]['dob']['date']}</arg>
<arg>\\d{4}-\\d{2}-\\d{2}T\\d{2}:\\d{2}:\\d{2}\\.\\d{3}Z</arg>
<doc>Fails if ``string`` does not match ``pattern`` as a regular expression.</doc>
<status status="PASS" start="2024-06-28T18:19:09.765571" elapsed="0.000485"/>
</kw>
<kw name="Should Match Regexp" owner="BuiltIn">
<arg>${json_data['results'][0]['registered']['date']}</arg>
<arg>\\d{4}-\\d{2}-\\d{2}T\\d{2}:\\d{2}:\\d{2}\\.\\d{3}Z</arg>
<doc>Fails if ``string`` does not match ``pattern`` as a regular expression.</doc>
<status status="PASS" start="2024-06-28T18:19:09.766249" elapsed="0.000363"/>
</kw>
<kw name="Should Match Regexp" owner="BuiltIn">
<arg>${json_data['results'][0]['picture']['large']}</arg>
<arg>^https?://.*\.(?:png|jpe?g|gif|bmp)$</arg>
<doc>Fails if ``string`` does not match ``pattern`` as a regular expression.</doc>
<status status="PASS" start="2024-06-28T18:19:09.766796" elapsed="0.000449"/>
</kw>
<kw name="Should Match Regexp" owner="BuiltIn">
<arg>${json_data['results'][0]['picture']['medium']}</arg>
<arg>^https?://.*\.(?:png|jpe?g|gif|bmp)$</arg>
<doc>Fails if ``string`` does not match ``pattern`` as a regular expression.</doc>
<status status="PASS" start="2024-06-28T18:19:09.767427" elapsed="0.000347"/>
</kw>
<kw name="Should Match Regexp" owner="BuiltIn">
<arg>${json_data['results'][0]['picture']['thumbnail']}</arg>
<arg>^https?://.*\.(?:png|jpe?g|gif|bmp)$</arg>
<doc>Fails if ``string`` does not match ``pattern`` as a regular expression.</doc>
<status status="PASS" start="2024-06-28T18:19:09.767986" elapsed="0.000362"/>
</kw>
<kw name="Log" owner="BuiltIn">
<msg time="2024-06-28T18:19:09.768855" level="INFO">{'large': 'https://randomuser.me/api/portraits/women/91.jpg', 'medium': 'https://randomuser.me/api/portraits/med/women/91.jpg', 'thumbnail': 'https://randomuser.me/api/portraits/thumb/women/91.jpg'}</msg>
<arg>${json_data['results'][0]['picture']}</arg>
<doc>Logs the given message with the given level.</doc>
<status status="PASS" start="2024-06-28T18:19:09.768531" elapsed="0.000366"/>
</kw>
<status status="PASS" start="2024-06-28T18:19:09.679584" elapsed="0.089587"/>
</kw>
<kw name="Teste de Tipos de Dados - Postcode" owner="random-user-service">
<kw name="GET On Session" owner="RequestsLibrary">
<msg time="2024-06-28T18:19:09.860900" level="INFO">GET Request : url=https://randomuser.me/api 
 path_url=/api 
 headers={'User-Agent': 'python-requests/2.32.3', 'Accept-Encoding': 'gzip, deflate', 'Accept': '*/*', 'Connection': 'keep-alive'} 
 body=None 
 </msg>
<msg time="2024-06-28T18:19:09.861007" level="INFO">GET Response : url=https://randomuser.me/api 
 status=200, reason=OK 
 headers={'Date': 'Fri, 28 Jun 2024 18:19:09 GMT', 'Content-Type': 'application/json; charset=utf-8', 'Transfer-Encoding': 'chunked', 'Connection': 'keep-alive', 'X-Powered-By': 'Express', 'Access-Control-Allow-Origin': '*', 'Cache-Control': 'no-cache', 'ETag': 'W/"499-wZWMps8vfUU3S4ei4aZNZrbr6Fs"', 'Vary': 'Accept-Encoding', 'Content-Encoding': 'gzip', 'CF-Cache-Status': 'DYNAMIC', 'Report-To': '{"endpoints":[{"url":"https:\\/\\/a.nel.cloudflare.com\\/report\\/v4?s=k7MELVO5I4LXbCsxAQMp0rVkaaXq8yWPyXUmJClocXrlWscvQHNyMN8V6er%2BwAvCfg%2FNG00cV8iHZ5PWQLPGMyAhxuy%2Blx%2FCcMP9mkzcApI4JBedoOsviZiM%2Fm1k54CN"}],"group":"cf-nel","max_age":604800}', 'NEL': '{"success_fraction":0,"report_to":"cf-nel","max_age":604800}', 'Server': 'cloudflare', 'CF-RAY': '89afaefa1a6a2010-IAD', 'alt-svc': 'h3=":443"; ma=86400'} 
 body={"results":[{"gender":"male","name":{"title":"Mr","first":"Benjamin","last":"Christiansen"},"location":{"street":{"number":3277,"name":"Højmarksvej"},"city":"Stenderup","state":"Sjælland","country":"Denmark","postcode":96640,"coordinates":{"latitude":"-46.2364","longitude":"-130.4553"},"timezone":{"offset":"+5:30","description":"Bombay, Calcutta, Madras, New Delhi"}},"email":"benjamin.christiansen@example.com","login":{"uuid":"21b55ccf-e10f-4a89-826a-6c695b49426d","username":"greenostrich465","password":"bremen","salt":"5fb0OGMG","md5":"76066ee96d77c58e69a68179fce1a2a1","sha1":"89ee282c8a51cd63445c79c3e68d9159f870389b","sha256":"30a2015a1bf51579262fef89099a70e1c407837ab8aae0921abdebf34865c124"},"dob":{"date":"1989-06-16T21:42:36.346Z","age":35},"registered":{"date":"2010-05-25T02:19:28.552Z","age":14},"phone":"37362148","cell":"78924011","id":{"name":"CPR","value":"160689-9224"},"picture":{"large":"https://randomuser.me/api/portraits/men/61.jpg","medium":"https://randomuser.me/api/portraits/med/men/61.jpg","thumbnail":"https://randomuser.me/api/portraits/thumb/men/61.jpg"},"nat":"DK"}],"info":{"seed":"965aaa6c576d823c","results":1,"page":1,"version":"1.4"}} 
 </msg>
<msg time="2024-06-28T18:19:09.861088" level="INFO">/opt/hostedtoolcache/Python/3.12.4/x64/lib/python3.12/site-packages/urllib3/connectionpool.py:1099: InsecureRequestWarning: Unverified HTTPS request is being made to host 'randomuser.me'. Adding certificate verification is strongly advised. See: https://urllib3.readthedocs.io/en/latest/advanced-usage.html#tls-warnings
  warnings.warn(</msg>
<msg time="2024-06-28T18:19:09.861216" level="INFO">${response} = &lt;Response [200]&gt;</msg>
<var>${response}</var>
<arg>consultarAPI</arg>
<arg>/api</arg>
<doc>Sends a GET request on a previously created HTTP Session.</doc>
<status status="PASS" start="2024-06-28T18:19:09.769634" elapsed="0.091625"/>
</kw>
<kw name="Set Variable" owner="BuiltIn">
<msg time="2024-06-28T18:19:09.862704" level="INFO">${json_data} = {'results': [{'gender': 'male', 'name': {'title': 'Mr', 'first': 'Benjamin', 'last': 'Christiansen'}, 'location': {'street': {'number': 3277, 'name': 'Højmarksvej'}, 'city': 'Stenderup', 'state': 'Sjæ...</msg>
<var>${json_data}</var>
<arg>${response.json()}</arg>
<doc>Returns the given values which can then be assigned to a variables.</doc>
<status status="PASS" start="2024-06-28T18:19:09.862005" elapsed="0.000730"/>
</kw>
<kw name="Log" owner="BuiltIn">
<msg time="2024-06-28T18:19:09.863281" level="INFO">{'results': [{'gender': 'male', 'name': {'title': 'Mr', 'first': 'Benjamin', 'last': 'Christiansen'}, 'location': {'street': {'number': 3277, 'name': 'Højmarksvej'}, 'city': 'Stenderup', 'state': 'Sjælland', 'country': 'Denmark', 'postcode': 96640, 'coordinates': {'latitude': '-46.2364', 'longitude': '-130.4553'}, 'timezone': {'offset': '+5:30', 'description': 'Bombay, Calcutta, Madras, New Delhi'}}, 'email': 'benjamin.christiansen@example.com', 'login': {'uuid': '21b55ccf-e10f-4a89-826a-6c695b49426d', 'username': 'greenostrich465', 'password': 'bremen', 'salt': '5fb0OGMG', 'md5': '76066ee96d77c58e69a68179fce1a2a1', 'sha1': '89ee282c8a51cd63445c79c3e68d9159f870389b', 'sha256': '30a2015a1bf51579262fef89099a70e1c407837ab8aae0921abdebf34865c124'}, 'dob': {'date': '1989-06-16T21:42:36.346Z', 'age': 35}, 'registered': {'date': '2010-05-25T02:19:28.552Z', 'age': 14}, 'phone': '37362148', 'cell': '78924011', 'id': {'name': 'CPR', 'value': '160689-9224'}, 'picture': {'large': 'https://randomuser.me/api/portraits/men/61.jpg', 'medium': 'https://randomuser.me/api/portraits/med/men/61.jpg', 'thumbnail': 'https://randomuser.me/api/portraits/thumb/men/61.jpg'}, 'nat': 'DK'}], 'info': {'seed': '965aaa6c576d823c', 'results': 1, 'page': 1, 'version': '1.4'}}</msg>
<arg>${json_data}</arg>
<doc>Logs the given message with the given level.</doc>
<status status="PASS" start="2024-06-28T18:19:09.863099" elapsed="0.000236"/>
</kw>
<kw name="Should Be Equal As Numbers" owner="BuiltIn">
<arg>${json_data['results'][0]['location']['postcode']}</arg>
<arg>${json_data['results'][0]['location']['postcode']}</arg>
<doc>Fails if objects are unequal after converting them to real numbers.</doc>
<status status="PASS" start="2024-06-28T18:19:09.863667" elapsed="0.000686"/>
</kw>
<kw name="Log" owner="BuiltIn">
<msg time="2024-06-28T18:19:09.864917" level="INFO">96640</msg>
<arg>${json_data['results'][0]['location']['postcode']}</arg>
<doc>Logs the given message with the given level.</doc>
<status status="PASS" start="2024-06-28T18:19:09.864574" elapsed="0.000384"/>
</kw>
<status status="PASS" start="2024-06-28T18:19:09.769405" elapsed="0.095821"/>
</kw>
<doc>Testa se os tipos de dados na resposta da API estão corretos.</doc>
<tag>testeTiposDados</tag>
<status status="PASS" start="2024-06-28T18:19:09.678995" elapsed="0.186405"/>
</test>
<test id="s1-s1-t5" name="Validar conteudo" line="35">
<kw name="Teste de Tipos de Conteudo" owner="random-user-service">
<kw name="GET On Session" owner="RequestsLibrary">
<msg time="2024-06-28T18:19:09.960038" level="INFO">GET Request : url=https://randomuser.me/api 
 path_url=/api 
 headers={'User-Agent': 'python-requests/2.32.3', 'Accept-Encoding': 'gzip, deflate', 'Accept': '*/*', 'Connection': 'keep-alive'} 
 body=None 
 </msg>
<msg time="2024-06-28T18:19:09.960157" level="INFO">GET Response : url=https://randomuser.me/api 
 status=200, reason=OK 
 headers={'Date': 'Fri, 28 Jun 2024 18:19:09 GMT', 'Content-Type': 'application/json; charset=utf-8', 'Transfer-Encoding': 'chunked', 'Connection': 'keep-alive', 'X-Powered-By': 'Express', 'Access-Control-Allow-Origin': '*', 'Cache-Control': 'no-cache', 'ETag': 'W/"48d-XEBFYYewTujyZpJWNBJVcnJ/Ges"', 'Vary': 'Accept-Encoding', 'Content-Encoding': 'gzip', 'CF-Cache-Status': 'DYNAMIC', 'Report-To': '{"endpoints":[{"url":"https:\\/\\/a.nel.cloudflare.com\\/report\\/v4?s=fd9FqbAWMuWgl9WKZExvVmyQej0%2B9ga1weVdYwjle8Lt%2FwCbzIbSvi%2BbrHBOB1KXLFiGp7qiyuaAqOemScrNsn%2F7Idroxz4%2FaLtrLSpMzUPX%2B0EOJkpztnSSAl8FWaA4"}],"group":"cf-nel","max_age":604800}', 'NEL': '{"success_fraction":0,"report_to":"cf-nel","max_age":604800}', 'Server': 'cloudflare', 'CF-RAY': '89afaefabb2c2010-IAD', 'alt-svc': 'h3=":443"; ma=86400'} 
 body={"results":[{"gender":"female","name":{"title":"Mrs","first":"Laura","last":"Muñoz"},"location":{"street":{"number":1856,"name":"Calle de Ferraz"},"city":"Córdoba","state":"Aragón","country":"Spain","postcode":14732,"coordinates":{"latitude":"-32.8953","longitude":"90.4088"},"timezone":{"offset":"-3:00","description":"Brazil, Buenos Aires, Georgetown"}},"email":"laura.munoz@example.com","login":{"uuid":"8a652731-01ff-48fe-937d-74f232ee1dc3","username":"ticklishkoala360","password":"india","salt":"e00I952m","md5":"6e8e4292be8926f6a7e20620c2eede31","sha1":"1593a80e6cc8eb50d9dc685fb4d98447700b683b","sha256":"b49d5f4f7e45384f4893057a326513d55b433f3099a3c44403bee8cbfaacbd1b"},"dob":{"date":"1998-10-17T13:14:10.677Z","age":25},"registered":{"date":"2005-05-15T02:06:11.886Z","age":19},"phone":"918-908-826","cell":"608-653-958","id":{"name":"DNI","value":"48012624-Y"},"picture":{"large":"https://randomuser.me/api/portraits/women/21.jpg","medium":"https://randomuser.me/api/portraits/med/women/21.jpg","thumbnail":"https://randomuser.me/api/portraits/thumb/women/21.jpg"},"nat":"ES"}],"info":{"seed":"dd5f2b76e6619fc9","results":1,"page":1,"version":"1.4"}} 
 </msg>
<msg time="2024-06-28T18:19:09.960273" level="INFO">/opt/hostedtoolcache/Python/3.12.4/x64/lib/python3.12/site-packages/urllib3/connectionpool.py:1099: InsecureRequestWarning: Unverified HTTPS request is being made to host 'randomuser.me'. Adding certificate verification is strongly advised. See: https://urllib3.readthedocs.io/en/latest/advanced-usage.html#tls-warnings
  warnings.warn(</msg>
<msg time="2024-06-28T18:19:09.960423" level="INFO">${response} = &lt;Response [200]&gt;</msg>
<var>${response}</var>
<arg>consultarAPI</arg>
<arg>/api</arg>
<doc>Sends a GET request on a previously created HTTP Session.</doc>
<status status="PASS" start="2024-06-28T18:19:09.868148" elapsed="0.092317"/>
</kw>
<kw name="Set Variable" owner="BuiltIn">
<msg time="2024-06-28T18:19:09.961864" level="INFO">${json_data} = {'results': [{'gender': 'female', 'name': {'title': 'Mrs', 'first': 'Laura', 'last': 'Muñoz'}, 'location': {'street': {'number': 1856, 'name': 'Calle de Ferraz'}, 'city': 'Córdoba', 'state': 'Aragón',...</msg>
<var>${json_data}</var>
<arg>${response.json()}</arg>
<doc>Returns the given values which can then be assigned to a variables.</doc>
<status status="PASS" start="2024-06-28T18:19:09.961198" elapsed="0.000697"/>
</kw>
<kw name="Set Variable" owner="BuiltIn">
<msg time="2024-06-28T18:19:09.962589" level="INFO">${name_title} = Mrs</msg>
<var>${name_title}</var>
<arg>${json_data["results"][0]["name"]["title"]}</arg>
<doc>Returns the given values which can then be assigned to a variables.</doc>
<status status="PASS" start="2024-06-28T18:19:09.962207" elapsed="0.000407"/>
</kw>
<kw name="Create List" owner="BuiltIn">
<msg time="2024-06-28T18:19:09.963063" level="INFO">${allowed_titles} = ['Mr', 'Ms', 'Miss', 'Mrs', 'Madame', 'Monsieur']</msg>
<var>${allowed_titles}</var>
<arg>Mr</arg>
<arg>Ms</arg>
<arg>Miss</arg>
<arg>Mrs</arg>
<arg>Madame</arg>
<arg>Monsieur</arg>
<doc>Returns a list containing given items.</doc>
<status status="PASS" start="2024-06-28T18:19:09.962913" elapsed="0.000174"/>
</kw>
<kw name="List Should Contain Value" owner="Collections">
<arg>${allowed_titles}</arg>
<arg>${name_title}</arg>
<doc>Fails if the ``value`` is not found from ``list``.</doc>
<status status="PASS" start="2024-06-28T18:19:09.963384" elapsed="0.000180"/>
</kw>
<kw name="Set Variable" owner="BuiltIn">
<msg time="2024-06-28T18:19:09.964151" level="INFO">${name_country} = ES</msg>
<var>${name_country}</var>
<arg>${json_data["results"][0]["nat"]}</arg>
<doc>Returns the given values which can then be assigned to a variables.</doc>
<status status="PASS" start="2024-06-28T18:19:09.963742" elapsed="0.000433"/>
</kw>
<kw name="Create List" owner="BuiltIn">
<msg time="2024-06-28T18:19:09.965065" level="INFO">${list_country} = ['AD', 'AE', 'AF', 'AG', 'AI', 'AL', 'AM', 'AO', 'AQ', 'AR', 'AS', 'AT', 'AU', 'AW', 'AX', 'AZ', 'BA', 'BB', 'BD', 'BE', 'BF', 'BG', 'BH', 'BI', 'BJ', 'BL', 'BM', 'BN', 'BO', 'BQ', 'BR', 'BS', 'BT', '...</msg>
<var>${list_country}</var>
<arg>AD</arg>
<arg>AE</arg>
<arg>AF</arg>
<arg>AG</arg>
<arg>AI</arg>
<arg>AL</arg>
<arg>AM</arg>
<arg>AO</arg>
<arg>AQ</arg>
<arg>AR</arg>
<arg>AS</arg>
<arg>AT</arg>
<arg>AU</arg>
<arg>AW</arg>
<arg>AX</arg>
<arg>AZ</arg>
<arg>BA</arg>
<arg>BB</arg>
<arg>BD</arg>
<arg>BE</arg>
<arg>BF</arg>
<arg>BG</arg>
<arg>BH</arg>
<arg>BI</arg>
<arg>BJ</arg>
<arg>BL</arg>
<arg>BM</arg>
<arg>BN</arg>
<arg>BO</arg>
<arg>BQ</arg>
<arg>BR</arg>
<arg>BS</arg>
<arg>BT</arg>
<arg>BV</arg>
<arg>BW</arg>
<arg>BY</arg>
<arg>BZ</arg>
<arg>CA</arg>
<arg>CC</arg>
<arg>CD</arg>
<arg>CF</arg>
<arg>CG</arg>
<arg>CH</arg>
<arg>CI</arg>
<arg>CK</arg>
<arg>CL</arg>
<arg>CM</arg>
<arg>CN</arg>
<arg>CO</arg>
<arg>CR</arg>
<arg>CU</arg>
<arg>CV</arg>
<arg>CW</arg>
<arg>CX</arg>
<arg>CY</arg>
<arg>CZ</arg>
<arg>DE</arg>
<arg>DJ</arg>
<arg>DK</arg>
<arg>DM</arg>
<arg>DO</arg>
<arg>DZ</arg>
<arg>EC</arg>
<arg>EE</arg>
<arg>EG</arg>
<arg>EH</arg>
<arg>ER</arg>
<arg>ES</arg>
<arg>ET</arg>
<arg>FI</arg>
<arg>FJ</arg>
<arg>FK</arg>
<arg>FM</arg>
<arg>FO</arg>
<arg>FR</arg>
<arg>GA</arg>
<arg>GB</arg>
<arg>GD</arg>
<arg>GE</arg>
<arg>GF</arg>
<arg>GG</arg>
<arg>GH</arg>
<arg>GI</arg>
<arg>GL</arg>
<arg>GM</arg>
<arg>GN</arg>
<arg>GP</arg>
<arg>GQ</arg>
<arg>GR</arg>
<arg>GS</arg>
<arg>GT</arg>
<arg>GU</arg>
<arg>GW</arg>
<arg>GY</arg>
<arg>HK</arg>
<arg>HM</arg>
<arg>HN</arg>
<arg>HR</arg>
<arg>HT</arg>
<arg>HU</arg>
<arg>ID</arg>
<arg>IE</arg>
<arg>IL</arg>
<arg>IM</arg>
<arg>IN</arg>
<arg>IO</arg>
<arg>IQ</arg>
<arg>IR</arg>
<arg>IS</arg>
<arg>IT</arg>
<arg>JE</arg>
<arg>JM</arg>
<arg>JO</arg>
<arg>JP</arg>
<arg>KE</arg>
<arg>KG</arg>
<arg>KH</arg>
<arg>KI</arg>
<arg>KM</arg>
<arg>KN</arg>
<arg>KP</arg>
<arg>KR</arg>
<arg>KW</arg>
<arg>KY</arg>
<arg>KZ</arg>
<arg>LA</arg>
<arg>LB</arg>
<arg>LC</arg>
<arg>LI</arg>
<arg>LK</arg>
<arg>LR</arg>
<arg>LS</arg>
<arg>LT</arg>
<arg>LU</arg>
<arg>LV</arg>
<arg>LY</arg>
<arg>MA</arg>
<arg>MC</arg>
<arg>MD</arg>
<arg>ME</arg>
<arg>MF</arg>
<arg>MG</arg>
<arg>MH</arg>
<arg>MK</arg>
<arg>ML</arg>
<arg>MM</arg>
<arg>MN</arg>
<arg>MO</arg>
<arg>MP</arg>
<arg>MQ</arg>
<arg>MR</arg>
<arg>MS</arg>
<arg>MT</arg>
<arg>MU</arg>
<arg>MV</arg>
<arg>MW</arg>
<arg>MX</arg>
<arg>MY</arg>
<arg>MZ</arg>
<arg>NA</arg>
<arg>NC</arg>
<arg>NE</arg>
<arg>NF</arg>
<arg>NG</arg>
<arg>NI</arg>
<arg>NL</arg>
<arg>NO</arg>
<arg>NP</arg>
<arg>NR</arg>
<arg>NU</arg>
<arg>NZ</arg>
<arg>OM</arg>
<arg>PA</arg>
<arg>PE</arg>
<arg>PF</arg>
<arg>PG</arg>
<arg>PH</arg>
<arg>PK</arg>
<arg>PL</arg>
<arg>PM</arg>
<arg>PN</arg>
<arg>PR</arg>
<arg>PS</arg>
<arg>PT</arg>
<arg>PW</arg>
<arg>PY</arg>
<arg>QA</arg>
<arg>RE</arg>
<arg>RO</arg>
<arg>RS</arg>
<arg>RU</arg>
<arg>RW</arg>
<arg>SA</arg>
<arg>SB</arg>
<arg>SC</arg>
<arg>SD</arg>
<arg>SE</arg>
<arg>SG</arg>
<arg>SH</arg>
<arg>SI</arg>
<arg>SJ</arg>
<arg>SK</arg>
<arg>SL</arg>
<arg>SM</arg>
<arg>SN</arg>
<arg>SO</arg>
<arg>SR</arg>
<arg>SS</arg>
<arg>ST</arg>
<arg>SV</arg>
<arg>SX</arg>
<arg>SY</arg>
<arg>SZ</arg>
<arg>TC</arg>
<arg>TD</arg>
<arg>TF</arg>
<arg>TG</arg>
<arg>TH</arg>
<arg>TJ</arg>
<arg>TK</arg>
<arg>TL</arg>
<arg>TM</arg>
<arg>TN</arg>
<arg>TO</arg>
<arg>TR</arg>
<arg>TT</arg>
<arg>TV</arg>
<arg>TW</arg>
<arg>TZ</arg>
<arg>UA</arg>
<arg>UG</arg>
<arg>UM</arg>
<arg>US</arg>
<arg>UY</arg>
<arg>UZ</arg>
<arg>VA</arg>
<arg>VC</arg>
<arg>VE</arg>
<arg>VG</arg>
<arg>VI</arg>
<arg>VN</arg>
<arg>VU</arg>
<arg>WF</arg>
<arg>WS</arg>
<arg>XK</arg>
<arg>YE</arg>
<arg>YT</arg>
<arg>ZA</arg>
<arg>ZM</arg>
<arg>ZW</arg>
<doc>Returns a list containing given items.</doc>
<status status="PASS" start="2024-06-28T18:19:09.964468" elapsed="0.000622"/>
</kw>
<kw name="List Should Contain Value" owner="Collections">
<arg>${list_country}</arg>
<arg>${name_country}</arg>
<doc>Fails if the ``value`` is not found from ``list``.</doc>
<status status="PASS" start="2024-06-28T18:19:09.965893" elapsed="0.000201"/>
</kw>
<kw name="Run Keyword If" owner="BuiltIn">
<kw name="Should Be True" owner="BuiltIn">
<arg>${True}</arg>
<doc>Fails if the given condition is not true.</doc>
<status status="PASS" start="2024-06-28T18:19:09.967035" elapsed="0.000144"/>
</kw>
<arg>${json_data["results"][0]["location"]["coordinates"]["latitude"]} &gt;= -90 and ${json_data["results"][0]["location"]["coordinates"]["latitude"]} &lt;= 90</arg>
<arg>Should Be True</arg>
<arg>${True}</arg>
<doc>Runs the given keyword with the given arguments, if ``condition`` is true.</doc>
<status status="PASS" start="2024-06-28T18:19:09.966289" elapsed="0.001016"/>
</kw>
<kw name="Run Keyword If" owner="BuiltIn">
<kw name="Should Be True" owner="BuiltIn">
<arg>${True}</arg>
<doc>Fails if the given condition is not true.</doc>
<status status="PASS" start="2024-06-28T18:19:09.968201" elapsed="0.000137"/>
</kw>
<arg>${json_data["results"][0]["location"]["coordinates"]["longitude"]} &gt;= -180 and ${json_data["results"][0]["location"]["coordinates"]["longitude"]} &lt;= 180</arg>
<arg>Should Be True</arg>
<arg>${True}</arg>
<doc>Runs the given keyword with the given arguments, if ``condition`` is true.</doc>
<status status="PASS" start="2024-06-28T18:19:09.967484" elapsed="0.000978"/>
</kw>
<status status="PASS" start="2024-06-28T18:19:09.867695" elapsed="0.100900"/>
</kw>
<doc>Testa o conteúdo específico dos campos retornados pela API.</doc>
<tag>testeConteudo</tag>
<status status="PASS" start="2024-06-28T18:19:09.867223" elapsed="0.101531"/>
</test>
<status status="PASS" start="2024-06-28T18:19:09.132462" elapsed="0.838269"/>
</suite>
<status status="PASS" start="2024-06-28T18:19:09.117538" elapsed="0.858490"/>
</suite>
<statistics>
<total>
<stat pass="5" fail="0" skip="0">All Tests</stat>
</total>
<tag>
<stat pass="1" fail="0" skip="0">testeConteudo</stat>
<stat pass="1" fail="0" skip="0">testeEstruturaResposta</stat>
<stat pass="1" fail="0" skip="0">testeRequisicaoBasica</stat>
<stat pass="1" fail="0" skip="0">testeTiposDados</stat>
</tag>
<suite>
<stat pass="5" fail="0" skip="0" id="s1" name="Tests">Tests</stat>
<stat pass="5" fail="0" skip="0" id="s1-s1" name="Random-User-Test">Tests.Random-User-Test</stat>
</suite>
</statistics>
<errors>
</errors>
</robot>
