<?xml version="1.0" encoding="UTF-8"?>
<robot generator="Robot 7.0 (Python 3.12.3 on linux)" generated="2024-04-16T17:13:16.392264" rpa="false" schemaversion="5">
<suite id="s1" name="Tests" source="/home/runner/work/DesafioQAItauRogerioJordao/DesafioQAItauRogerioJordao/RamdonUser/tests">
<suite id="s1-s1" name="Random-User-Test" source="/home/runner/work/DesafioQAItauRogerioJordao/DesafioQAItauRogerioJordao/RamdonUser/tests/random-user-test.robot">
<test id="s1-s1-t1" name="Conectar" line="13">
<kw name="Conectar API" owner="random-user-service">
<kw name="Create Session" owner="RequestsLibrary">
<msg time="2024-04-16T17:13:16.766146" level="INFO">Creating Session using : alias=consultarAPI, url=https://randomuser.me/, headers={},                     cookies={}, auth=None, timeout=None, proxies=None, verify=False,                     debug=0 </msg>
<arg>consultarAPI</arg>
<arg>${URL}</arg>
<doc>Create Session: create a HTTP session to a server</doc>
<status status="PASS" start="2024-04-16T17:13:16.765937" elapsed="0.000414"/>
</kw>
<status status="PASS" start="2024-04-16T17:13:16.764944" elapsed="0.001775"/>
</kw>
<status status="PASS" start="2024-04-16T17:13:16.764344" elapsed="0.002568"/>
</test>
<test id="s1-s1-t2" name="Validar retorno 200 e JSON Válido" line="16">
<kw name="Teste de Requisicao Basica" owner="random-user-service">
<kw name="GET On Session" owner="RequestsLibrary">
<msg time="2024-04-16T17:13:16.952416" level="INFO">GET Request : url=https://randomuser.me/api 
 path_url=/api 
 headers={'User-Agent': 'python-requests/2.31.0', 'Accept-Encoding': 'gzip, deflate', 'Accept': '*/*', 'Connection': 'keep-alive'} 
 body=None 
 </msg>
<msg time="2024-04-16T17:13:16.952590" level="INFO">GET Response : url=https://randomuser.me/api 
 status=200, reason=OK 
 headers={'Date': 'Tue, 16 Apr 2024 17:13:16 GMT', 'Content-Type': 'application/json; charset=utf-8', 'Transfer-Encoding': 'chunked', 'Connection': 'keep-alive', 'X-Powered-By': 'Express', 'Access-Control-Allow-Origin': '*', 'Cache-Control': 'no-cache', 'ETag': 'W/"4a6-bVOMVErABmK3WT1BZq8dgltttzI"', 'Vary': 'Accept-Encoding', 'Content-Encoding': 'gzip', 'CF-Cache-Status': 'DYNAMIC', 'Report-To': '{"endpoints":[{"url":"https:\\/\\/a.nel.cloudflare.com\\/report\\/v4?s=Wa4MXzQuGXu8fSlnNr1oCRDAmzrqjrJS%2Bxr4FEzSA7hOyNYHR8NXmd1o%2FR6UxziZIFYfVVoP5UdwF951bkb%2FWZbgb%2BMQsrerMq99KYJ9t194araFifnXW9l2mFD%2BBcl%2B"}],"group":"cf-nel","max_age":604800}', 'NEL': '{"success_fraction":0,"report_to":"cf-nel","max_age":604800}', 'Server': 'cloudflare', 'CF-RAY': '8755ce18ba830298-ORD', 'alt-svc': 'h3=":443"; ma=86400'} 
 body={"results":[{"gender":"male","name":{"title":"Mr","first":"Alonso","last":"Galván"},"location":{"street":{"number":1062,"name":"Continuación Puebla"},"city":"Tejupilco de Hidalgo","state":"Chiapas","country":"Mexico","postcode":88337,"coordinates":{"latitude":"23.0290","longitude":"-150.8984"},"timezone":{"offset":"+8:00","description":"Beijing, Perth, Singapore, Hong Kong"}},"email":"alonso.galvan@example.com","login":{"uuid":"05d17d2d-e232-4023-b682-cd683f560d1d","username":"lazydog784","password":"general","salt":"3lmjajmm","md5":"a54f55d7471a20fc698f160b5fae85e4","sha1":"f0e2fdd541d54ae0961bda8172301962b062dbc6","sha256":"b1a8b0126a04374506b61465d11f5a0d196103f9defcc00621dd4a89bdaf8c21"},"dob":{"date":"1991-07-09T16:29:29.611Z","age":32},"registered":{"date":"2010-04-21T14:27:06.941Z","age":13},"phone":"(629) 330 8187","cell":"(663) 663 0934","id":{"name":"NSS","value":"43 61 39 1214 9"},"picture":{"large":"https://randomuser.me/api/portraits/men/56.jpg","medium":"https://randomuser.me/api/portraits/med/men/56.jpg","thumbnail":"https://randomuser.me/api/portraits/thumb/men/56.jpg"},"nat":"MX"}],"info":{"seed":"c1b8febae8bc87a8","results":1,"page":1,"version":"1.4"}} 
 </msg>
<msg time="2024-04-16T17:13:16.952689" level="INFO">/opt/hostedtoolcache/Python/3.12.3/x64/lib/python3.12/site-packages/urllib3/connectionpool.py:1103: InsecureRequestWarning: Unverified HTTPS request is being made to host 'randomuser.me'. Adding certificate verification is strongly advised. See: https://urllib3.readthedocs.io/en/latest/advanced-usage.html#tls-warnings
  warnings.warn(</msg>
<msg time="2024-04-16T17:13:16.952881" level="INFO">${response} = &lt;Response [200]&gt;</msg>
<var>${response}</var>
<arg>consultarAPI</arg>
<arg>/api</arg>
<doc>Sends a GET request on a previously created HTTP Session.</doc>
<status status="PASS" start="2024-04-16T17:13:16.769650" elapsed="0.183266"/>
</kw>
<kw name="Should Be Equal As Numbers" owner="BuiltIn">
<msg time="2024-04-16T17:13:16.953907" level="INFO">Argument types are:
&lt;class 'int'&gt;
&lt;class 'str'&gt;</msg>
<arg>${response.status_code}</arg>
<arg>200</arg>
<doc>Fails if objects are unequal after converting them to real numbers.</doc>
<status status="PASS" start="2024-04-16T17:13:16.953436" elapsed="0.000538"/>
</kw>
<kw name="Log" owner="BuiltIn">
<msg time="2024-04-16T17:13:16.954671" level="INFO">200</msg>
<arg>${response.status_code}</arg>
<doc>Logs the given message with the given level.</doc>
<status status="PASS" start="2024-04-16T17:13:16.954312" elapsed="0.000401"/>
</kw>
<kw name="Set Variable" owner="BuiltIn">
<msg time="2024-04-16T17:13:16.955515" level="INFO">${json_data} = {'results': [{'gender': 'male', 'name': {'title': 'Mr', 'first': 'Alonso', 'last': 'Galván'}, 'location': {'street': {'number': 1062, 'name': 'Continuación Puebla'}, 'city': 'Tejupilco de Hidalgo', 's...</msg>
<var>${json_data}</var>
<arg>${response.json()}</arg>
<doc>Returns the given values which can then be assigned to a variables.</doc>
<status status="PASS" start="2024-04-16T17:13:16.955053" elapsed="0.000494"/>
</kw>
<kw name="Dictionary Should Contain Key" owner="Collections">
<msg time="2024-04-16T17:13:16.956022" level="INFO">False</msg>
<arg>${json_data}</arg>
<arg>results</arg>
<doc>Fails if ``key`` is not found from ``dictionary``.</doc>
<status status="PASS" start="2024-04-16T17:13:16.955855" elapsed="0.000206"/>
</kw>
<status status="PASS" start="2024-04-16T17:13:16.769386" elapsed="0.186936"/>
</kw>
<doc>Testa se a API responde corretamente e retorna um objeto JSON válido.</doc>
<tag>testeRequisicaoBasica</tag>
<status status="PASS" start="2024-04-16T17:13:16.768848" elapsed="0.187663"/>
</test>
<test id="s1-s1-t3" name="Validar estrutura de resposta" line="22">
<kw name="Teste de Estrutura de Resposta" owner="random-user-service">
<kw name="GET On Session" owner="RequestsLibrary">
<msg time="2024-04-16T17:13:17.059123" level="INFO">GET Request : url=https://randomuser.me/api 
 path_url=/api 
 headers={'User-Agent': 'python-requests/2.31.0', 'Accept-Encoding': 'gzip, deflate', 'Accept': '*/*', 'Connection': 'keep-alive'} 
 body=None 
 </msg>
<msg time="2024-04-16T17:13:17.059227" level="INFO">GET Response : url=https://randomuser.me/api 
 status=200, reason=OK 
 headers={'Date': 'Tue, 16 Apr 2024 17:13:17 GMT', 'Content-Type': 'application/json; charset=utf-8', 'Transfer-Encoding': 'chunked', 'Connection': 'keep-alive', 'X-Powered-By': 'Express', 'Access-Control-Allow-Origin': '*', 'Cache-Control': 'no-cache', 'ETag': 'W/"484-wHPf9jzXpa7yhK6Ef1vUJNmQLVo"', 'Vary': 'Accept-Encoding', 'Content-Encoding': 'gzip', 'CF-Cache-Status': 'DYNAMIC', 'Report-To': '{"endpoints":[{"url":"https:\\/\\/a.nel.cloudflare.com\\/report\\/v4?s=OEu54RMTGgMmApz5T0TXSxApdQdIfl3ooUvQDbaM5AGr2Tmlrhn2RouM2y7iDujCSymUFRg6swoEJbCMKADoZpDm3Llfwy2F3cwWlQZJSvNVCLc8nVRPDdjQbZ0ELiL%2B"}],"group":"cf-nel","max_age":604800}', 'NEL': '{"success_fraction":0,"report_to":"cf-nel","max_age":604800}', 'Server': 'cloudflare', 'CF-RAY': '8755ce190b2d0298-ORD', 'alt-svc': 'h3=":443"; ma=86400'} 
 body={"results":[{"gender":"female","name":{"title":"Miss","first":"Angie","last":"Murray"},"location":{"street":{"number":3058,"name":"Cork Street"},"city":"Carrigaline","state":"Offaly","country":"Ireland","postcode":71081,"coordinates":{"latitude":"-3.2491","longitude":"163.4788"},"timezone":{"offset":"-7:00","description":"Mountain Time (US &amp; Canada)"}},"email":"angie.murray@example.com","login":{"uuid":"1a12413b-a6c9-45cd-ad7b-5fa95abeb5fd","username":"redfrog965","password":"jacob","salt":"yXMwU1PY","md5":"fecd54b09ceffcf05f083ec6ab50a257","sha1":"b6ef5c23569097e31bc1169817e80e376c436d6e","sha256":"59f29597e7c5882f47278819d93ccfc66052a133dd8dd53d2c71f9d7d453e4bb"},"dob":{"date":"1983-05-20T00:39:32.013Z","age":40},"registered":{"date":"2013-08-02T11:56:00.915Z","age":10},"phone":"051-796-3982","cell":"081-273-4317","id":{"name":"PPS","value":"3906597T"},"picture":{"large":"https://randomuser.me/api/portraits/women/32.jpg","medium":"https://randomuser.me/api/portraits/med/women/32.jpg","thumbnail":"https://randomuser.me/api/portraits/thumb/women/32.jpg"},"nat":"IE"}],"info":{"seed":"0978d09761e698f2","results":1,"page":1,"version":"1.4"}} 
 </msg>
<msg time="2024-04-16T17:13:17.059360" level="INFO">/opt/hostedtoolcache/Python/3.12.3/x64/lib/python3.12/site-packages/urllib3/connectionpool.py:1103: InsecureRequestWarning: Unverified HTTPS request is being made to host 'randomuser.me'. Adding certificate verification is strongly advised. See: https://urllib3.readthedocs.io/en/latest/advanced-usage.html#tls-warnings
  warnings.warn(</msg>
<msg time="2024-04-16T17:13:17.059512" level="INFO">${response} = &lt;Response [200]&gt;</msg>
<var>${response}</var>
<arg>consultarAPI</arg>
<arg>/api</arg>
<doc>Sends a GET request on a previously created HTTP Session.</doc>
<status status="PASS" start="2024-04-16T17:13:16.959119" elapsed="0.100438"/>
</kw>
<kw name="Set Variable" owner="BuiltIn">
<msg time="2024-04-16T17:13:17.060656" level="INFO">${json_data} = {'results': [{'gender': 'female', 'name': {'title': 'Miss', 'first': 'Angie', 'last': 'Murray'}, 'location': {'street': {'number': 3058, 'name': 'Cork Street'}, 'city': 'Carrigaline', 'state': 'Offaly...</msg>
<var>${json_data}</var>
<arg>${response.json()}</arg>
<doc>Returns the given values which can then be assigned to a variables.</doc>
<status status="PASS" start="2024-04-16T17:13:17.060104" elapsed="0.000582"/>
</kw>
<kw name="Log" owner="BuiltIn">
<msg time="2024-04-16T17:13:17.061170" level="INFO">{'results': [{'gender': 'female', 'name': {'title': 'Miss', 'first': 'Angie', 'last': 'Murray'}, 'location': {'street': {'number': 3058, 'name': 'Cork Street'}, 'city': 'Carrigaline', 'state': 'Offaly', 'country': 'Ireland', 'postcode': 71081, 'coordinates': {'latitude': '-3.2491', 'longitude': '163.4788'}, 'timezone': {'offset': '-7:00', 'description': 'Mountain Time (US &amp; Canada)'}}, 'email': 'angie.murray@example.com', 'login': {'uuid': '1a12413b-a6c9-45cd-ad7b-5fa95abeb5fd', 'username': 'redfrog965', 'password': 'jacob', 'salt': 'yXMwU1PY', 'md5': 'fecd54b09ceffcf05f083ec6ab50a257', 'sha1': 'b6ef5c23569097e31bc1169817e80e376c436d6e', 'sha256': '59f29597e7c5882f47278819d93ccfc66052a133dd8dd53d2c71f9d7d453e4bb'}, 'dob': {'date': '1983-05-20T00:39:32.013Z', 'age': 40}, 'registered': {'date': '2013-08-02T11:56:00.915Z', 'age': 10}, 'phone': '051-796-3982', 'cell': '081-273-4317', 'id': {'name': 'PPS', 'value': '3906597T'}, 'picture': {'large': 'https://randomuser.me/api/portraits/women/32.jpg', 'medium': 'https://randomuser.me/api/portraits/med/women/32.jpg', 'thumbnail': 'https://randomuser.me/api/portraits/thumb/women/32.jpg'}, 'nat': 'IE'}], 'info': {'seed': '0978d09761e698f2', 'results': 1, 'page': 1, 'version': '1.4'}}</msg>
<arg>${json_data}</arg>
<doc>Logs the given message with the given level.</doc>
<status status="PASS" start="2024-04-16T17:13:17.061007" elapsed="0.000213"/>
</kw>
<kw name="Dictionary Should Contain Key" owner="Collections">
<msg time="2024-04-16T17:13:17.061680" level="INFO">False</msg>
<arg>${json_data}</arg>
<arg>results</arg>
<doc>Fails if ``key`` is not found from ``dictionary``.</doc>
<status status="PASS" start="2024-04-16T17:13:17.061522" elapsed="0.000195"/>
</kw>
<kw name="Should Not Be Empty" owner="BuiltIn">
<msg time="2024-04-16T17:13:17.062143" level="INFO">Length is 2.</msg>
<arg>${json_data}</arg>
<doc>Verifies that the given item is not empty.</doc>
<status status="PASS" start="2024-04-16T17:13:17.062011" elapsed="0.000171"/>
</kw>
<kw name="Create List" owner="BuiltIn">
<msg time="2024-04-16T17:13:17.062790" level="INFO">${expected_keys} = ['gender', 'name', 'location', 'email', 'login']</msg>
<var>${expected_keys}</var>
<arg>gender</arg>
<arg>name</arg>
<arg>location</arg>
<arg>email</arg>
<arg>login</arg>
<doc>Returns a list containing given items.</doc>
<status status="PASS" start="2024-04-16T17:13:17.062471" elapsed="0.000345"/>
</kw>
<for flavor="IN">
<iter>
<kw name="Dictionary Should Contain Key" owner="Collections">
<msg time="2024-04-16T17:13:17.063870" level="INFO">False</msg>
<arg>${json_data['results'][0]}</arg>
<arg>${key}</arg>
<doc>Fails if ``key`` is not found from ``dictionary``.</doc>
<status status="PASS" start="2024-04-16T17:13:17.063459" elapsed="0.000450"/>
</kw>
<kw name="Log" owner="BuiltIn">
<msg time="2024-04-16T17:13:17.064600" level="INFO">{'gender': 'female', 'name': {'title': 'Miss', 'first': 'Angie', 'last': 'Murray'}, 'location': {'street': {'number': 3058, 'name': 'Cork Street'}, 'city': 'Carrigaline', 'state': 'Offaly', 'country': 'Ireland', 'postcode': 71081, 'coordinates': {'latitude': '-3.2491', 'longitude': '163.4788'}, 'timezone': {'offset': '-7:00', 'description': 'Mountain Time (US &amp; Canada)'}}, 'email': 'angie.murray@example.com', 'login': {'uuid': '1a12413b-a6c9-45cd-ad7b-5fa95abeb5fd', 'username': 'redfrog965', 'password': 'jacob', 'salt': 'yXMwU1PY', 'md5': 'fecd54b09ceffcf05f083ec6ab50a257', 'sha1': 'b6ef5c23569097e31bc1169817e80e376c436d6e', 'sha256': '59f29597e7c5882f47278819d93ccfc66052a133dd8dd53d2c71f9d7d453e4bb'}, 'dob': {'date': '1983-05-20T00:39:32.013Z', 'age': 40}, 'registered': {'date': '2013-08-02T11:56:00.915Z', 'age': 10}, 'phone': '051-796-3982', 'cell': '081-273-4317', 'id': {'name': 'PPS', 'value': '3906597T'}, 'picture': {'large': 'https://randomuser.me/api/portraits/women/32.jpg', 'medium': 'https://randomuser.me/api/portraits/med/women/32.jpg', 'thumbnail': 'https://randomuser.me/api/portraits/thumb/women/32.jpg'}, 'nat': 'IE'}</msg>
<arg>${json_data['results'][0]}</arg>
<doc>Logs the given message with the given level.</doc>
<status status="PASS" start="2024-04-16T17:13:17.064232" elapsed="0.000417"/>
</kw>
<kw name="Log" owner="BuiltIn">
<msg time="2024-04-16T17:13:17.065076" level="INFO">gender</msg>
<arg>${key}</arg>
<doc>Logs the given message with the given level.</doc>
<status status="PASS" start="2024-04-16T17:13:17.064945" elapsed="0.000168"/>
</kw>
<var name="${key}">gender</var>
<status status="PASS" start="2024-04-16T17:13:17.063328" elapsed="0.002006"/>
</iter>
<iter>
<kw name="Dictionary Should Contain Key" owner="Collections">
<msg time="2024-04-16T17:13:17.066040" level="INFO">False</msg>
<arg>${json_data['results'][0]}</arg>
<arg>${key}</arg>
<doc>Fails if ``key`` is not found from ``dictionary``.</doc>
<status status="PASS" start="2024-04-16T17:13:17.065638" elapsed="0.000439"/>
</kw>
<kw name="Log" owner="BuiltIn">
<msg time="2024-04-16T17:13:17.066758" level="INFO">{'gender': 'female', 'name': {'title': 'Miss', 'first': 'Angie', 'last': 'Murray'}, 'location': {'street': {'number': 3058, 'name': 'Cork Street'}, 'city': 'Carrigaline', 'state': 'Offaly', 'country': 'Ireland', 'postcode': 71081, 'coordinates': {'latitude': '-3.2491', 'longitude': '163.4788'}, 'timezone': {'offset': '-7:00', 'description': 'Mountain Time (US &amp; Canada)'}}, 'email': 'angie.murray@example.com', 'login': {'uuid': '1a12413b-a6c9-45cd-ad7b-5fa95abeb5fd', 'username': 'redfrog965', 'password': 'jacob', 'salt': 'yXMwU1PY', 'md5': 'fecd54b09ceffcf05f083ec6ab50a257', 'sha1': 'b6ef5c23569097e31bc1169817e80e376c436d6e', 'sha256': '59f29597e7c5882f47278819d93ccfc66052a133dd8dd53d2c71f9d7d453e4bb'}, 'dob': {'date': '1983-05-20T00:39:32.013Z', 'age': 40}, 'registered': {'date': '2013-08-02T11:56:00.915Z', 'age': 10}, 'phone': '051-796-3982', 'cell': '081-273-4317', 'id': {'name': 'PPS', 'value': '3906597T'}, 'picture': {'large': 'https://randomuser.me/api/portraits/women/32.jpg', 'medium': 'https://randomuser.me/api/portraits/med/women/32.jpg', 'thumbnail': 'https://randomuser.me/api/portraits/thumb/women/32.jpg'}, 'nat': 'IE'}</msg>
<arg>${json_data['results'][0]}</arg>
<doc>Logs the given message with the given level.</doc>
<status status="PASS" start="2024-04-16T17:13:17.066399" elapsed="0.000408"/>
</kw>
<kw name="Log" owner="BuiltIn">
<msg time="2024-04-16T17:13:17.067260" level="INFO">name</msg>
<arg>${key}</arg>
<doc>Logs the given message with the given level.</doc>
<status status="PASS" start="2024-04-16T17:13:17.067132" elapsed="0.000166"/>
</kw>
<var name="${key}">name</var>
<status status="PASS" start="2024-04-16T17:13:17.065524" elapsed="0.001987"/>
</iter>
<iter>
<kw name="Dictionary Should Contain Key" owner="Collections">
<msg time="2024-04-16T17:13:17.068210" level="INFO">False</msg>
<arg>${json_data['results'][0]}</arg>
<arg>${key}</arg>
<doc>Fails if ``key`` is not found from ``dictionary``.</doc>
<status status="PASS" start="2024-04-16T17:13:17.067799" elapsed="0.000450"/>
</kw>
<kw name="Log" owner="BuiltIn">
<msg time="2024-04-16T17:13:17.068913" level="INFO">{'gender': 'female', 'name': {'title': 'Miss', 'first': 'Angie', 'last': 'Murray'}, 'location': {'street': {'number': 3058, 'name': 'Cork Street'}, 'city': 'Carrigaline', 'state': 'Offaly', 'country': 'Ireland', 'postcode': 71081, 'coordinates': {'latitude': '-3.2491', 'longitude': '163.4788'}, 'timezone': {'offset': '-7:00', 'description': 'Mountain Time (US &amp; Canada)'}}, 'email': 'angie.murray@example.com', 'login': {'uuid': '1a12413b-a6c9-45cd-ad7b-5fa95abeb5fd', 'username': 'redfrog965', 'password': 'jacob', 'salt': 'yXMwU1PY', 'md5': 'fecd54b09ceffcf05f083ec6ab50a257', 'sha1': 'b6ef5c23569097e31bc1169817e80e376c436d6e', 'sha256': '59f29597e7c5882f47278819d93ccfc66052a133dd8dd53d2c71f9d7d453e4bb'}, 'dob': {'date': '1983-05-20T00:39:32.013Z', 'age': 40}, 'registered': {'date': '2013-08-02T11:56:00.915Z', 'age': 10}, 'phone': '051-796-3982', 'cell': '081-273-4317', 'id': {'name': 'PPS', 'value': '3906597T'}, 'picture': {'large': 'https://randomuser.me/api/portraits/women/32.jpg', 'medium': 'https://randomuser.me/api/portraits/med/women/32.jpg', 'thumbnail': 'https://randomuser.me/api/portraits/thumb/women/32.jpg'}, 'nat': 'IE'}</msg>
<arg>${json_data['results'][0]}</arg>
<doc>Logs the given message with the given level.</doc>
<status status="PASS" start="2024-04-16T17:13:17.068550" elapsed="0.000414"/>
</kw>
<kw name="Log" owner="BuiltIn">
<msg time="2024-04-16T17:13:17.069384" level="INFO">location</msg>
<arg>${key}</arg>
<doc>Logs the given message with the given level.</doc>
<status status="PASS" start="2024-04-16T17:13:17.069256" elapsed="0.000166"/>
</kw>
<var name="${key}">location</var>
<status status="PASS" start="2024-04-16T17:13:17.067688" elapsed="0.001954"/>
</iter>
<iter>
<kw name="Dictionary Should Contain Key" owner="Collections">
<msg time="2024-04-16T17:13:17.070302" level="INFO">False</msg>
<arg>${json_data['results'][0]}</arg>
<arg>${key}</arg>
<doc>Fails if ``key`` is not found from ``dictionary``.</doc>
<status status="PASS" start="2024-04-16T17:13:17.069921" elapsed="0.000419"/>
</kw>
<kw name="Log" owner="BuiltIn">
<msg time="2024-04-16T17:13:17.071043" level="INFO">{'gender': 'female', 'name': {'title': 'Miss', 'first': 'Angie', 'last': 'Murray'}, 'location': {'street': {'number': 3058, 'name': 'Cork Street'}, 'city': 'Carrigaline', 'state': 'Offaly', 'country': 'Ireland', 'postcode': 71081, 'coordinates': {'latitude': '-3.2491', 'longitude': '163.4788'}, 'timezone': {'offset': '-7:00', 'description': 'Mountain Time (US &amp; Canada)'}}, 'email': 'angie.murray@example.com', 'login': {'uuid': '1a12413b-a6c9-45cd-ad7b-5fa95abeb5fd', 'username': 'redfrog965', 'password': 'jacob', 'salt': 'yXMwU1PY', 'md5': 'fecd54b09ceffcf05f083ec6ab50a257', 'sha1': 'b6ef5c23569097e31bc1169817e80e376c436d6e', 'sha256': '59f29597e7c5882f47278819d93ccfc66052a133dd8dd53d2c71f9d7d453e4bb'}, 'dob': {'date': '1983-05-20T00:39:32.013Z', 'age': 40}, 'registered': {'date': '2013-08-02T11:56:00.915Z', 'age': 10}, 'phone': '051-796-3982', 'cell': '081-273-4317', 'id': {'name': 'PPS', 'value': '3906597T'}, 'picture': {'large': 'https://randomuser.me/api/portraits/women/32.jpg', 'medium': 'https://randomuser.me/api/portraits/med/women/32.jpg', 'thumbnail': 'https://randomuser.me/api/portraits/thumb/women/32.jpg'}, 'nat': 'IE'}</msg>
<arg>${json_data['results'][0]}</arg>
<doc>Logs the given message with the given level.</doc>
<status status="PASS" start="2024-04-16T17:13:17.070641" elapsed="0.000459"/>
</kw>
<kw name="Log" owner="BuiltIn">
<msg time="2024-04-16T17:13:17.071521" level="INFO">email</msg>
<arg>${key}</arg>
<doc>Logs the given message with the given level.</doc>
<status status="PASS" start="2024-04-16T17:13:17.071395" elapsed="0.000164"/>
</kw>
<var name="${key}">email</var>
<status status="PASS" start="2024-04-16T17:13:17.069812" elapsed="0.001960"/>
</iter>
<iter>
<kw name="Dictionary Should Contain Key" owner="Collections">
<msg time="2024-04-16T17:13:17.072436" level="INFO">False</msg>
<arg>${json_data['results'][0]}</arg>
<arg>${key}</arg>
<doc>Fails if ``key`` is not found from ``dictionary``.</doc>
<status status="PASS" start="2024-04-16T17:13:17.072053" elapsed="0.000420"/>
</kw>
<kw name="Log" owner="BuiltIn">
<msg time="2024-04-16T17:13:17.073121" level="INFO">{'gender': 'female', 'name': {'title': 'Miss', 'first': 'Angie', 'last': 'Murray'}, 'location': {'street': {'number': 3058, 'name': 'Cork Street'}, 'city': 'Carrigaline', 'state': 'Offaly', 'country': 'Ireland', 'postcode': 71081, 'coordinates': {'latitude': '-3.2491', 'longitude': '163.4788'}, 'timezone': {'offset': '-7:00', 'description': 'Mountain Time (US &amp; Canada)'}}, 'email': 'angie.murray@example.com', 'login': {'uuid': '1a12413b-a6c9-45cd-ad7b-5fa95abeb5fd', 'username': 'redfrog965', 'password': 'jacob', 'salt': 'yXMwU1PY', 'md5': 'fecd54b09ceffcf05f083ec6ab50a257', 'sha1': 'b6ef5c23569097e31bc1169817e80e376c436d6e', 'sha256': '59f29597e7c5882f47278819d93ccfc66052a133dd8dd53d2c71f9d7d453e4bb'}, 'dob': {'date': '1983-05-20T00:39:32.013Z', 'age': 40}, 'registered': {'date': '2013-08-02T11:56:00.915Z', 'age': 10}, 'phone': '051-796-3982', 'cell': '081-273-4317', 'id': {'name': 'PPS', 'value': '3906597T'}, 'picture': {'large': 'https://randomuser.me/api/portraits/women/32.jpg', 'medium': 'https://randomuser.me/api/portraits/med/women/32.jpg', 'thumbnail': 'https://randomuser.me/api/portraits/thumb/women/32.jpg'}, 'nat': 'IE'}</msg>
<arg>${json_data['results'][0]}</arg>
<doc>Logs the given message with the given level.</doc>
<status status="PASS" start="2024-04-16T17:13:17.072763" elapsed="0.000409"/>
</kw>
<kw name="Log" owner="BuiltIn">
<msg time="2024-04-16T17:13:17.073618" level="INFO">login</msg>
<arg>${key}</arg>
<doc>Logs the given message with the given level.</doc>
<status status="PASS" start="2024-04-16T17:13:17.073490" elapsed="0.000168"/>
</kw>
<var name="${key}">login</var>
<status status="PASS" start="2024-04-16T17:13:17.071943" elapsed="0.001948"/>
</iter>
<var>${key}</var>
<value>@{expected_keys}</value>
<status status="PASS" start="2024-04-16T17:13:17.063128" elapsed="0.010888"/>
</for>
<kw name="Create List" owner="BuiltIn">
<msg time="2024-04-16T17:13:17.074350" level="INFO">${expected_keysTwo} = ['username', 'password']</msg>
<var>${expected_keysTwo}</var>
<arg>username</arg>
<arg>password</arg>
<doc>Returns a list containing given items.</doc>
<status status="PASS" start="2024-04-16T17:13:17.074207" elapsed="0.000167"/>
</kw>
<for flavor="IN">
<iter>
<kw name="Dictionary Should Contain Key" owner="Collections">
<msg time="2024-04-16T17:13:17.075291" level="INFO">False</msg>
<arg>${json_data['results'][0]['login']}</arg>
<arg>${keyTwo}</arg>
<doc>Fails if ``key`` is not found from ``dictionary``.</doc>
<status status="PASS" start="2024-04-16T17:13:17.074873" elapsed="0.000457"/>
</kw>
<kw name="Dictionary Should Contain Key" owner="Collections">
<msg time="2024-04-16T17:13:17.075998" level="INFO">False</msg>
<arg>${json_data['results'][0]['login']}</arg>
<arg>${keyTwo}</arg>
<doc>Fails if ``key`` is not found from ``dictionary``.</doc>
<status status="PASS" start="2024-04-16T17:13:17.075625" elapsed="0.000413"/>
</kw>
<kw name="Log" owner="BuiltIn">
<msg time="2024-04-16T17:13:17.076465" level="INFO">username</msg>
<arg>${keyTwo}</arg>
<doc>Logs the given message with the given level.</doc>
<status status="PASS" start="2024-04-16T17:13:17.076341" elapsed="0.000167"/>
</kw>
<var name="${keyTwo}">username</var>
<status status="PASS" start="2024-04-16T17:13:17.074765" elapsed="0.001956"/>
</iter>
<iter>
<kw name="Dictionary Should Contain Key" owner="Collections">
<msg time="2024-04-16T17:13:17.077386" level="INFO">False</msg>
<arg>${json_data['results'][0]['login']}</arg>
<arg>${keyTwo}</arg>
<doc>Fails if ``key`` is not found from ``dictionary``.</doc>
<status status="PASS" start="2024-04-16T17:13:17.077002" elapsed="0.000427"/>
</kw>
<kw name="Dictionary Should Contain Key" owner="Collections">
<msg time="2024-04-16T17:13:17.078175" level="INFO">False</msg>
<arg>${json_data['results'][0]['login']}</arg>
<arg>${keyTwo}</arg>
<doc>Fails if ``key`` is not found from ``dictionary``.</doc>
<status status="PASS" start="2024-04-16T17:13:17.077719" elapsed="0.000498"/>
</kw>
<kw name="Log" owner="BuiltIn">
<msg time="2024-04-16T17:13:17.078642" level="INFO">password</msg>
<arg>${keyTwo}</arg>
<doc>Logs the given message with the given level.</doc>
<status status="PASS" start="2024-04-16T17:13:17.078512" elapsed="0.000169"/>
</kw>
<var name="${keyTwo}">password</var>
<status status="PASS" start="2024-04-16T17:13:17.076891" elapsed="0.002017"/>
</iter>
<var>${keyTwo}</var>
<value>@{expected_keysTwo}</value>
<status status="PASS" start="2024-04-16T17:13:17.074611" elapsed="0.004441"/>
</for>
<status status="PASS" start="2024-04-16T17:13:16.958860" elapsed="0.120341"/>
</kw>
<doc>Testa a estrutura da resposta da API.</doc>
<tag>testeEstruturaResposta</tag>
<status status="PASS" start="2024-04-16T17:13:16.958363" elapsed="0.120998"/>
</test>
<test id="s1-s1-t4" name="Validar tipos de dados" line="28">
<kw name="Teste de Tipos de Dados" owner="random-user-service">
<kw name="GET On Session" owner="RequestsLibrary">
<msg time="2024-04-16T17:13:17.157738" level="INFO">GET Request : url=https://randomuser.me/api 
 path_url=/api 
 headers={'User-Agent': 'python-requests/2.31.0', 'Accept-Encoding': 'gzip, deflate', 'Accept': '*/*', 'Connection': 'keep-alive'} 
 body=None 
 </msg>
<msg time="2024-04-16T17:13:17.157828" level="INFO">GET Response : url=https://randomuser.me/api 
 status=200, reason=OK 
 headers={'Date': 'Tue, 16 Apr 2024 17:13:17 GMT', 'Content-Type': 'application/json; charset=utf-8', 'Transfer-Encoding': 'chunked', 'Connection': 'keep-alive', 'X-Powered-By': 'Express', 'Access-Control-Allow-Origin': '*', 'Cache-Control': 'no-cache', 'ETag': 'W/"48a-4Wtcz0ph0V887vhVlU5YwVaG6t0"', 'Vary': 'Accept-Encoding', 'Content-Encoding': 'gzip', 'CF-Cache-Status': 'DYNAMIC', 'Report-To': '{"endpoints":[{"url":"https:\\/\\/a.nel.cloudflare.com\\/report\\/v4?s=mRZIeaOIhW1PaQqGsWgy9Y6ob4Qr5hpQjdJ5Xsyg8InAdwFnQB0508RXdst7lt7kdvcEUovQbThsT%2Bdsuf9NUV57vf9k9LpCCYf4lpy2IaT%2FBx03McL6xhS0BI4P99Gr"}],"group":"cf-nel","max_age":604800}', 'NEL': '{"success_fraction":0,"report_to":"cf-nel","max_age":604800}', 'Server': 'cloudflare', 'CF-RAY': '8755ce19cc310298-ORD', 'alt-svc': 'h3=":443"; ma=86400'} 
 body={"results":[{"gender":"male","name":{"title":"Mr","first":"Camilo","last":"Barreto"},"location":{"street":{"number":347,"name":"Calzada Barrera"},"city":"Los Herreras","state":"Zacatecas","country":"Mexico","postcode":17681,"coordinates":{"latitude":"22.6232","longitude":"-174.7759"},"timezone":{"offset":"-12:00","description":"Eniwetok, Kwajalein"}},"email":"camilo.barreto@example.com","login":{"uuid":"210047f1-f946-42a3-bdb0-092ce35ab99c","username":"sadbird116","password":"steffi","salt":"0KqyjOmU","md5":"3b459bd81db39635a9df4445bebd3300","sha1":"2d3ba8896793ffa20fff47effda42f8afd88d84d","sha256":"d6aa81251c4dee2bfbde174c937c35b470662f7154bc5bdfc70a590218511d7e"},"dob":{"date":"1977-10-02T23:31:32.690Z","age":46},"registered":{"date":"2005-06-26T00:44:39.756Z","age":18},"phone":"(692) 367 5580","cell":"(655) 959 0987","id":{"name":"NSS","value":"93 10 65 2633 5"},"picture":{"large":"https://randomuser.me/api/portraits/men/79.jpg","medium":"https://randomuser.me/api/portraits/med/men/79.jpg","thumbnail":"https://randomuser.me/api/portraits/thumb/men/79.jpg"},"nat":"MX"}],"info":{"seed":"7b51d45797cae427","results":1,"page":1,"version":"1.4"}} 
 </msg>
<msg time="2024-04-16T17:13:17.157903" level="INFO">/opt/hostedtoolcache/Python/3.12.3/x64/lib/python3.12/site-packages/urllib3/connectionpool.py:1103: InsecureRequestWarning: Unverified HTTPS request is being made to host 'randomuser.me'. Adding certificate verification is strongly advised. See: https://urllib3.readthedocs.io/en/latest/advanced-usage.html#tls-warnings
  warnings.warn(</msg>
<msg time="2024-04-16T17:13:17.158044" level="INFO">${response} = &lt;Response [200]&gt;</msg>
<var>${response}</var>
<arg>consultarAPI</arg>
<arg>/api</arg>
<doc>Sends a GET request on a previously created HTTP Session.</doc>
<status status="PASS" start="2024-04-16T17:13:17.081813" elapsed="0.076282"/>
</kw>
<kw name="Set Variable" owner="BuiltIn">
<msg time="2024-04-16T17:13:17.159146" level="INFO">${json_data} = {'results': [{'gender': 'male', 'name': {'title': 'Mr', 'first': 'Camilo', 'last': 'Barreto'}, 'location': {'street': {'number': 347, 'name': 'Calzada Barrera'}, 'city': 'Los Herreras', 'state': 'Zaca...</msg>
<var>${json_data}</var>
<arg>${response.json()}</arg>
<doc>Returns the given values which can then be assigned to a variables.</doc>
<status status="PASS" start="2024-04-16T17:13:17.158592" elapsed="0.000584"/>
</kw>
<kw name="Log" owner="BuiltIn">
<msg time="2024-04-16T17:13:17.159632" level="INFO">{'results': [{'gender': 'male', 'name': {'title': 'Mr', 'first': 'Camilo', 'last': 'Barreto'}, 'location': {'street': {'number': 347, 'name': 'Calzada Barrera'}, 'city': 'Los Herreras', 'state': 'Zacatecas', 'country': 'Mexico', 'postcode': 17681, 'coordinates': {'latitude': '22.6232', 'longitude': '-174.7759'}, 'timezone': {'offset': '-12:00', 'description': 'Eniwetok, Kwajalein'}}, 'email': 'camilo.barreto@example.com', 'login': {'uuid': '210047f1-f946-42a3-bdb0-092ce35ab99c', 'username': 'sadbird116', 'password': 'steffi', 'salt': '0KqyjOmU', 'md5': '3b459bd81db39635a9df4445bebd3300', 'sha1': '2d3ba8896793ffa20fff47effda42f8afd88d84d', 'sha256': 'd6aa81251c4dee2bfbde174c937c35b470662f7154bc5bdfc70a590218511d7e'}, 'dob': {'date': '1977-10-02T23:31:32.690Z', 'age': 46}, 'registered': {'date': '2005-06-26T00:44:39.756Z', 'age': 18}, 'phone': '(692) 367 5580', 'cell': '(655) 959 0987', 'id': {'name': 'NSS', 'value': '93 10 65 2633 5'}, 'picture': {'large': 'https://randomuser.me/api/portraits/men/79.jpg', 'medium': 'https://randomuser.me/api/portraits/med/men/79.jpg', 'thumbnail': 'https://randomuser.me/api/portraits/thumb/men/79.jpg'}, 'nat': 'MX'}], 'info': {'seed': '7b51d45797cae427', 'results': 1, 'page': 1, 'version': '1.4'}}</msg>
<arg>${json_data}</arg>
<doc>Logs the given message with the given level.</doc>
<status status="PASS" start="2024-04-16T17:13:17.159479" elapsed="0.000240"/>
</kw>
<kw name="Should Be String" owner="String">
<arg>${json_data['results'][0]['gender']}</arg>
<doc>Fails if the given ``item`` is not a string.</doc>
<status status="PASS" start="2024-04-16T17:13:17.160016" elapsed="0.000363"/>
</kw>
<kw name="Should Match Regexp" owner="BuiltIn">
<arg>${json_data['results'][0]['email']}</arg>
<arg>^[a-zA-Z0-9._%+-]+@[a-zA-Z0-9.-]+\.[a-zA-Z]{2,}$</arg>
<doc>Fails if ``string`` does not match ``pattern`` as a regular expression.</doc>
<status status="PASS" start="2024-04-16T17:13:17.160569" elapsed="0.000512"/>
</kw>
<kw name="Should Match Regexp" owner="BuiltIn">
<arg>${json_data['results'][0]['dob']['date']}</arg>
<arg>\\d{4}-\\d{2}-\\d{2}T\\d{2}:\\d{2}:\\d{2}\\.\\d{3}Z</arg>
<doc>Fails if ``string`` does not match ``pattern`` as a regular expression.</doc>
<status status="PASS" start="2024-04-16T17:13:17.161273" elapsed="0.000485"/>
</kw>
<kw name="Should Match Regexp" owner="BuiltIn">
<arg>${json_data['results'][0]['registered']['date']}</arg>
<arg>\\d{4}-\\d{2}-\\d{2}T\\d{2}:\\d{2}:\\d{2}\\.\\d{3}Z</arg>
<doc>Fails if ``string`` does not match ``pattern`` as a regular expression.</doc>
<status status="PASS" start="2024-04-16T17:13:17.161946" elapsed="0.000374"/>
</kw>
<kw name="Should Match Regexp" owner="BuiltIn">
<arg>${json_data['results'][0]['picture']['large']}</arg>
<arg>^https?://.*\.(?:png|jpe?g|gif|bmp)$</arg>
<doc>Fails if ``string`` does not match ``pattern`` as a regular expression.</doc>
<status status="PASS" start="2024-04-16T17:13:17.162505" elapsed="0.000496"/>
</kw>
<kw name="Should Match Regexp" owner="BuiltIn">
<arg>${json_data['results'][0]['picture']['medium']}</arg>
<arg>^https?://.*\.(?:png|jpe?g|gif|bmp)$</arg>
<doc>Fails if ``string`` does not match ``pattern`` as a regular expression.</doc>
<status status="PASS" start="2024-04-16T17:13:17.163197" elapsed="0.000360"/>
</kw>
<kw name="Should Match Regexp" owner="BuiltIn">
<arg>${json_data['results'][0]['picture']['thumbnail']}</arg>
<arg>^https?://.*\.(?:png|jpe?g|gif|bmp)$</arg>
<doc>Fails if ``string`` does not match ``pattern`` as a regular expression.</doc>
<status status="PASS" start="2024-04-16T17:13:17.163742" elapsed="0.000348"/>
</kw>
<kw name="Log" owner="BuiltIn">
<msg time="2024-04-16T17:13:17.164887" level="INFO">{'large': 'https://randomuser.me/api/portraits/men/79.jpg', 'medium': 'https://randomuser.me/api/portraits/med/men/79.jpg', 'thumbnail': 'https://randomuser.me/api/portraits/thumb/men/79.jpg'}</msg>
<arg>${json_data['results'][0]['picture']}</arg>
<doc>Logs the given message with the given level.</doc>
<status status="PASS" start="2024-04-16T17:13:17.164354" elapsed="0.000595"/>
</kw>
<status status="PASS" start="2024-04-16T17:13:17.081585" elapsed="0.083711"/>
</kw>
<kw name="Teste de Tipos de Dados - Postcode" owner="random-user-service">
<kw name="GET On Session" owner="RequestsLibrary">
<msg time="2024-04-16T17:13:17.251629" level="INFO">GET Request : url=https://randomuser.me/api 
 path_url=/api 
 headers={'User-Agent': 'python-requests/2.31.0', 'Accept-Encoding': 'gzip, deflate', 'Accept': '*/*', 'Connection': 'keep-alive'} 
 body=None 
 </msg>
<msg time="2024-04-16T17:13:17.251733" level="INFO">GET Response : url=https://randomuser.me/api 
 status=200, reason=OK 
 headers={'Date': 'Tue, 16 Apr 2024 17:13:17 GMT', 'Content-Type': 'application/json; charset=utf-8', 'Transfer-Encoding': 'chunked', 'Connection': 'keep-alive', 'X-Powered-By': 'Express', 'Access-Control-Allow-Origin': '*', 'Cache-Control': 'no-cache', 'ETag': 'W/"497-tGBBTHrnbQv1e7x7xBAl/TEbrQ4"', 'Vary': 'Accept-Encoding', 'Content-Encoding': 'gzip', 'CF-Cache-Status': 'DYNAMIC', 'Report-To': '{"endpoints":[{"url":"https:\\/\\/a.nel.cloudflare.com\\/report\\/v4?s=jBiZeFS%2Bq9eqDW5Tru8cbnCQTcnuHHJPvYsvPLk4k5df3HqM6ks9380toqn5Ik4vESL337QCtAYHhSn8lUYkgsfzmmmprrGuLt%2Fh4TrTtl%2F1JLteTcTFGAvR4XqRscrL"}],"group":"cf-nel","max_age":604800}', 'NEL': '{"success_fraction":0,"report_to":"cf-nel","max_age":604800}', 'Server': 'cloudflare', 'CF-RAY': '8755ce1a5cf90298-ORD', 'alt-svc': 'h3=":443"; ma=86400'} 
 body={"results":[{"gender":"female","name":{"title":"Ms","first":"Sara","last":"Saari"},"location":{"street":{"number":8614,"name":"Pispalan Valtatie"},"city":"Pirkkala","state":"Åland","country":"Finland","postcode":30454,"coordinates":{"latitude":"-27.9036","longitude":"92.7522"},"timezone":{"offset":"+5:00","description":"Ekaterinburg, Islamabad, Karachi, Tashkent"}},"email":"sara.saari@example.com","login":{"uuid":"ddfad9af-3803-40b5-b8ee-e8270de4a4a3","username":"tinytiger576","password":"temp","salt":"IbndRv7F","md5":"408dc5b8a4de703290a466af921e99a8","sha1":"450e42011d6e3e971cc75bf51a09df2dffc8b16a","sha256":"2bc4a7f4c40412a70751801731dd3093fdea7e8949fc8fb0a958f39511722c29"},"dob":{"date":"1951-10-14T03:49:45.605Z","age":72},"registered":{"date":"2011-12-23T02:19:36.204Z","age":12},"phone":"08-826-261","cell":"046-468-28-04","id":{"name":"HETU","value":"NaNNA652undefined"},"picture":{"large":"https://randomuser.me/api/portraits/women/0.jpg","medium":"https://randomuser.me/api/portraits/med/women/0.jpg","thumbnail":"https://randomuser.me/api/portraits/thumb/women/0.jpg"},"nat":"FI"}],"info":{"seed":"69e72715ba04dead","results":1,"page":1,"version":"1.4"}} 
 </msg>
<msg time="2024-04-16T17:13:17.251816" level="INFO">/opt/hostedtoolcache/Python/3.12.3/x64/lib/python3.12/site-packages/urllib3/connectionpool.py:1103: InsecureRequestWarning: Unverified HTTPS request is being made to host 'randomuser.me'. Adding certificate verification is strongly advised. See: https://urllib3.readthedocs.io/en/latest/advanced-usage.html#tls-warnings
  warnings.warn(</msg>
<msg time="2024-04-16T17:13:17.251961" level="INFO">${response} = &lt;Response [200]&gt;</msg>
<var>${response}</var>
<arg>consultarAPI</arg>
<arg>/api</arg>
<doc>Sends a GET request on a previously created HTTP Session.</doc>
<status status="PASS" start="2024-04-16T17:13:17.165987" elapsed="0.086018"/>
</kw>
<kw name="Set Variable" owner="BuiltIn">
<msg time="2024-04-16T17:13:17.253091" level="INFO">${json_data} = {'results': [{'gender': 'female', 'name': {'title': 'Ms', 'first': 'Sara', 'last': 'Saari'}, 'location': {'street': {'number': 8614, 'name': 'Pispalan Valtatie'}, 'city': 'Pirkkala', 'state': 'Åland',...</msg>
<var>${json_data}</var>
<arg>${response.json()}</arg>
<doc>Returns the given values which can then be assigned to a variables.</doc>
<status status="PASS" start="2024-04-16T17:13:17.252550" elapsed="0.000571"/>
</kw>
<kw name="Log" owner="BuiltIn">
<msg time="2024-04-16T17:13:17.253616" level="INFO">{'results': [{'gender': 'female', 'name': {'title': 'Ms', 'first': 'Sara', 'last': 'Saari'}, 'location': {'street': {'number': 8614, 'name': 'Pispalan Valtatie'}, 'city': 'Pirkkala', 'state': 'Åland', 'country': 'Finland', 'postcode': 30454, 'coordinates': {'latitude': '-27.9036', 'longitude': '92.7522'}, 'timezone': {'offset': '+5:00', 'description': 'Ekaterinburg, Islamabad, Karachi, Tashkent'}}, 'email': 'sara.saari@example.com', 'login': {'uuid': 'ddfad9af-3803-40b5-b8ee-e8270de4a4a3', 'username': 'tinytiger576', 'password': 'temp', 'salt': 'IbndRv7F', 'md5': '408dc5b8a4de703290a466af921e99a8', 'sha1': '450e42011d6e3e971cc75bf51a09df2dffc8b16a', 'sha256': '2bc4a7f4c40412a70751801731dd3093fdea7e8949fc8fb0a958f39511722c29'}, 'dob': {'date': '1951-10-14T03:49:45.605Z', 'age': 72}, 'registered': {'date': '2011-12-23T02:19:36.204Z', 'age': 12}, 'phone': '08-826-261', 'cell': '046-468-28-04', 'id': {'name': 'HETU', 'value': 'NaNNA652undefined'}, 'picture': {'large': 'https://randomuser.me/api/portraits/women/0.jpg', 'medium': 'https://randomuser.me/api/portraits/med/women/0.jpg', 'thumbnail': 'https://randomuser.me/api/portraits/thumb/women/0.jpg'}, 'nat': 'FI'}], 'info': {'seed': '69e72715ba04dead', 'results': 1, 'page': 1, 'version': '1.4'}}</msg>
<arg>${json_data}</arg>
<doc>Logs the given message with the given level.</doc>
<status status="PASS" start="2024-04-16T17:13:17.253448" elapsed="0.000251"/>
</kw>
<kw name="Should Be Equal As Numbers" owner="BuiltIn">
<arg>${json_data['results'][0]['location']['postcode']}</arg>
<arg>${json_data['results'][0]['location']['postcode']}</arg>
<doc>Fails if objects are unequal after converting them to real numbers.</doc>
<status status="PASS" start="2024-04-16T17:13:17.254011" elapsed="0.000819"/>
</kw>
<kw name="Log" owner="BuiltIn">
<msg time="2024-04-16T17:13:17.255406" level="INFO">30454</msg>
<arg>${json_data['results'][0]['location']['postcode']}</arg>
<doc>Logs the given message with the given level.</doc>
<status status="PASS" start="2024-04-16T17:13:17.255055" elapsed="0.000391"/>
</kw>
<status status="PASS" start="2024-04-16T17:13:17.165630" elapsed="0.090075"/>
</kw>
<doc>Testa se os tipos de dados na resposta da API estão corretos.</doc>
<tag>testeTiposDados</tag>
<status status="PASS" start="2024-04-16T17:13:17.081121" elapsed="0.174753"/>
</test>
<test id="s1-s1-t5" name="Validar conteudo" line="35">
<kw name="Teste de Tipos de Conteudo" owner="random-user-service">
<kw name="GET On Session" owner="RequestsLibrary">
<msg time="2024-04-16T17:13:17.356928" level="INFO">GET Request : url=https://randomuser.me/api 
 path_url=/api 
 headers={'User-Agent': 'python-requests/2.31.0', 'Accept-Encoding': 'gzip, deflate', 'Accept': '*/*', 'Connection': 'keep-alive'} 
 body=None 
 </msg>
<msg time="2024-04-16T17:13:17.357022" level="INFO">GET Response : url=https://randomuser.me/api 
 status=200, reason=OK 
 headers={'Date': 'Tue, 16 Apr 2024 17:13:17 GMT', 'Content-Type': 'application/json; charset=utf-8', 'Transfer-Encoding': 'chunked', 'Connection': 'keep-alive', 'X-Powered-By': 'Express', 'Access-Control-Allow-Origin': '*', 'Cache-Control': 'no-cache', 'ETag': 'W/"49a-8ydrVqHyc3EYl7zG3R/Hfyj17O4"', 'Vary': 'Accept-Encoding', 'Content-Encoding': 'gzip', 'CF-Cache-Status': 'DYNAMIC', 'Report-To': '{"endpoints":[{"url":"https:\\/\\/a.nel.cloudflare.com\\/report\\/v4?s=bxj1gOiyfYnUEH1YtbGUMuuZzKRwnFzLeI0XLo6AoW3UjBQ5xBtiIHZUMEnCiLwlRxgWxJ82vV5HaiDiyHe1kQt2UBBVcIjg%2BPNvoKU%2BU5wkVsoVeJSP1kuvcIWGCSpe"}],"group":"cf-nel","max_age":604800}', 'NEL': '{"success_fraction":0,"report_to":"cf-nel","max_age":604800}', 'Server': 'cloudflare', 'CF-RAY': '8755ce1aedb90298-ORD', 'alt-svc': 'h3=":443"; ma=86400'} 
 body={"results":[{"gender":"female","name":{"title":"Ms","first":"Nevaeh","last":"Cooper"},"location":{"street":{"number":728,"name":"Hogan St"},"city":"Launceston","state":"South Australia","country":"Australia","postcode":7828,"coordinates":{"latitude":"-89.1558","longitude":"177.4726"},"timezone":{"offset":"+1:00","description":"Brussels, Copenhagen, Madrid, Paris"}},"email":"nevaeh.cooper@example.com","login":{"uuid":"b2a71689-9faa-408f-a28a-1769b95ac39a","username":"purplebutterfly521","password":"links","salt":"8ONcG7Pl","md5":"2b3d93e9a3e7f4d36b422e0e3009fb2c","sha1":"5954303847b5d5abcf4817198efed28a5ea45237","sha256":"786830a29792d7b0c800bee134fb66260e6b5b3b458c532dc630d19a986cccfa"},"dob":{"date":"1967-07-25T18:01:11.751Z","age":56},"registered":{"date":"2014-05-08T01:50:56.402Z","age":9},"phone":"05-3671-6636","cell":"0496-980-684","id":{"name":"TFN","value":"242323646"},"picture":{"large":"https://randomuser.me/api/portraits/women/69.jpg","medium":"https://randomuser.me/api/portraits/med/women/69.jpg","thumbnail":"https://randomuser.me/api/portraits/thumb/women/69.jpg"},"nat":"AU"}],"info":{"seed":"c8c68ab2f2938be3","results":1,"page":1,"version":"1.4"}} 
 </msg>
<msg time="2024-04-16T17:13:17.357101" level="INFO">/opt/hostedtoolcache/Python/3.12.3/x64/lib/python3.12/site-packages/urllib3/connectionpool.py:1103: InsecureRequestWarning: Unverified HTTPS request is being made to host 'randomuser.me'. Adding certificate verification is strongly advised. See: https://urllib3.readthedocs.io/en/latest/advanced-usage.html#tls-warnings
  warnings.warn(</msg>
<msg time="2024-04-16T17:13:17.357216" level="INFO">${response} = &lt;Response [200]&gt;</msg>
<var>${response}</var>
<arg>consultarAPI</arg>
<arg>/api</arg>
<doc>Sends a GET request on a previously created HTTP Session.</doc>
<status status="PASS" start="2024-04-16T17:13:17.258352" elapsed="0.098910"/>
</kw>
<kw name="Set Variable" owner="BuiltIn">
<msg time="2024-04-16T17:13:17.358230" level="INFO">${json_data} = {'results': [{'gender': 'female', 'name': {'title': 'Ms', 'first': 'Nevaeh', 'last': 'Cooper'}, 'location': {'street': {'number': 728, 'name': 'Hogan St'}, 'city': 'Launceston', 'state': 'South Austra...</msg>
<var>${json_data}</var>
<arg>${response.json()}</arg>
<doc>Returns the given values which can then be assigned to a variables.</doc>
<status status="PASS" start="2024-04-16T17:13:17.357724" elapsed="0.000538"/>
</kw>
<kw name="Set Variable" owner="BuiltIn">
<msg time="2024-04-16T17:13:17.359034" level="INFO">${name_title} = Ms</msg>
<var>${name_title}</var>
<arg>${json_data["results"][0]["name"]["title"]}</arg>
<doc>Returns the given values which can then be assigned to a variables.</doc>
<status status="PASS" start="2024-04-16T17:13:17.358597" elapsed="0.000464"/>
</kw>
<kw name="Create List" owner="BuiltIn">
<msg time="2024-04-16T17:13:17.359525" level="INFO">${allowed_titles} = ['Mr', 'Ms', 'Miss', 'Mrs', 'Madame', 'Monsieur']</msg>
<var>${allowed_titles}</var>
<arg>Mr</arg>
<arg>Ms</arg>
<arg>Miss</arg>
<arg>Mrs</arg>
<arg>Madame</arg>
<arg>Monsieur</arg>
<doc>Returns a list containing given items.</doc>
<status status="PASS" start="2024-04-16T17:13:17.359373" elapsed="0.000177"/>
</kw>
<kw name="List Should Contain Value" owner="Collections">
<msg time="2024-04-16T17:13:17.360034" level="INFO">False</msg>
<arg>${allowed_titles}</arg>
<arg>${name_title}</arg>
<doc>Fails if the ``value`` is not found from ``list``.</doc>
<status status="PASS" start="2024-04-16T17:13:17.359853" elapsed="0.000218"/>
</kw>
<kw name="Set Variable" owner="BuiltIn">
<msg time="2024-04-16T17:13:17.360741" level="INFO">${name_country} = AU</msg>
<var>${name_country}</var>
<arg>${json_data["results"][0]["nat"]}</arg>
<doc>Returns the given values which can then be assigned to a variables.</doc>
<status status="PASS" start="2024-04-16T17:13:17.360361" elapsed="0.000405"/>
</kw>
<kw name="Create List" owner="BuiltIn">
<msg time="2024-04-16T17:13:17.361664" level="INFO">${list_country} = ['AD', 'AE', 'AF', 'AG', 'AI', 'AL', 'AM', 'AO', 'AQ', 'AR', 'AS', 'AT', 'AU', 'AW', 'AX', 'AZ', 'BA', 'BB', 'BD', 'BE', 'BF', 'BG', 'BH', 'BI', 'BJ', 'BL', 'BM', 'BN', 'BO', 'BQ', 'BR', 'BS', 'BT', '...</msg>
<var>${list_country}</var>
<arg>AD</arg>
<arg>AE</arg>
<arg>AF</arg>
<arg>AG</arg>
<arg>AI</arg>
<arg>AL</arg>
<arg>AM</arg>
<arg>AO</arg>
<arg>AQ</arg>
<arg>AR</arg>
<arg>AS</arg>
<arg>AT</arg>
<arg>AU</arg>
<arg>AW</arg>
<arg>AX</arg>
<arg>AZ</arg>
<arg>BA</arg>
<arg>BB</arg>
<arg>BD</arg>
<arg>BE</arg>
<arg>BF</arg>
<arg>BG</arg>
<arg>BH</arg>
<arg>BI</arg>
<arg>BJ</arg>
<arg>BL</arg>
<arg>BM</arg>
<arg>BN</arg>
<arg>BO</arg>
<arg>BQ</arg>
<arg>BR</arg>
<arg>BS</arg>
<arg>BT</arg>
<arg>BV</arg>
<arg>BW</arg>
<arg>BY</arg>
<arg>BZ</arg>
<arg>CA</arg>
<arg>CC</arg>
<arg>CD</arg>
<arg>CF</arg>
<arg>CG</arg>
<arg>CH</arg>
<arg>CI</arg>
<arg>CK</arg>
<arg>CL</arg>
<arg>CM</arg>
<arg>CN</arg>
<arg>CO</arg>
<arg>CR</arg>
<arg>CU</arg>
<arg>CV</arg>
<arg>CW</arg>
<arg>CX</arg>
<arg>CY</arg>
<arg>CZ</arg>
<arg>DE</arg>
<arg>DJ</arg>
<arg>DK</arg>
<arg>DM</arg>
<arg>DO</arg>
<arg>DZ</arg>
<arg>EC</arg>
<arg>EE</arg>
<arg>EG</arg>
<arg>EH</arg>
<arg>ER</arg>
<arg>ES</arg>
<arg>ET</arg>
<arg>FI</arg>
<arg>FJ</arg>
<arg>FK</arg>
<arg>FM</arg>
<arg>FO</arg>
<arg>FR</arg>
<arg>GA</arg>
<arg>GB</arg>
<arg>GD</arg>
<arg>GE</arg>
<arg>GF</arg>
<arg>GG</arg>
<arg>GH</arg>
<arg>GI</arg>
<arg>GL</arg>
<arg>GM</arg>
<arg>GN</arg>
<arg>GP</arg>
<arg>GQ</arg>
<arg>GR</arg>
<arg>GS</arg>
<arg>GT</arg>
<arg>GU</arg>
<arg>GW</arg>
<arg>GY</arg>
<arg>HK</arg>
<arg>HM</arg>
<arg>HN</arg>
<arg>HR</arg>
<arg>HT</arg>
<arg>HU</arg>
<arg>ID</arg>
<arg>IE</arg>
<arg>IL</arg>
<arg>IM</arg>
<arg>IN</arg>
<arg>IO</arg>
<arg>IQ</arg>
<arg>IR</arg>
<arg>IS</arg>
<arg>IT</arg>
<arg>JE</arg>
<arg>JM</arg>
<arg>JO</arg>
<arg>JP</arg>
<arg>KE</arg>
<arg>KG</arg>
<arg>KH</arg>
<arg>KI</arg>
<arg>KM</arg>
<arg>KN</arg>
<arg>KP</arg>
<arg>KR</arg>
<arg>KW</arg>
<arg>KY</arg>
<arg>KZ</arg>
<arg>LA</arg>
<arg>LB</arg>
<arg>LC</arg>
<arg>LI</arg>
<arg>LK</arg>
<arg>LR</arg>
<arg>LS</arg>
<arg>LT</arg>
<arg>LU</arg>
<arg>LV</arg>
<arg>LY</arg>
<arg>MA</arg>
<arg>MC</arg>
<arg>MD</arg>
<arg>ME</arg>
<arg>MF</arg>
<arg>MG</arg>
<arg>MH</arg>
<arg>MK</arg>
<arg>ML</arg>
<arg>MM</arg>
<arg>MN</arg>
<arg>MO</arg>
<arg>MP</arg>
<arg>MQ</arg>
<arg>MR</arg>
<arg>MS</arg>
<arg>MT</arg>
<arg>MU</arg>
<arg>MV</arg>
<arg>MW</arg>
<arg>MX</arg>
<arg>MY</arg>
<arg>MZ</arg>
<arg>NA</arg>
<arg>NC</arg>
<arg>NE</arg>
<arg>NF</arg>
<arg>NG</arg>
<arg>NI</arg>
<arg>NL</arg>
<arg>NO</arg>
<arg>NP</arg>
<arg>NR</arg>
<arg>NU</arg>
<arg>NZ</arg>
<arg>OM</arg>
<arg>PA</arg>
<arg>PE</arg>
<arg>PF</arg>
<arg>PG</arg>
<arg>PH</arg>
<arg>PK</arg>
<arg>PL</arg>
<arg>PM</arg>
<arg>PN</arg>
<arg>PR</arg>
<arg>PS</arg>
<arg>PT</arg>
<arg>PW</arg>
<arg>PY</arg>
<arg>QA</arg>
<arg>RE</arg>
<arg>RO</arg>
<arg>RS</arg>
<arg>RU</arg>
<arg>RW</arg>
<arg>SA</arg>
<arg>SB</arg>
<arg>SC</arg>
<arg>SD</arg>
<arg>SE</arg>
<arg>SG</arg>
<arg>SH</arg>
<arg>SI</arg>
<arg>SJ</arg>
<arg>SK</arg>
<arg>SL</arg>
<arg>SM</arg>
<arg>SN</arg>
<arg>SO</arg>
<arg>SR</arg>
<arg>SS</arg>
<arg>ST</arg>
<arg>SV</arg>
<arg>SX</arg>
<arg>SY</arg>
<arg>SZ</arg>
<arg>TC</arg>
<arg>TD</arg>
<arg>TF</arg>
<arg>TG</arg>
<arg>TH</arg>
<arg>TJ</arg>
<arg>TK</arg>
<arg>TL</arg>
<arg>TM</arg>
<arg>TN</arg>
<arg>TO</arg>
<arg>TR</arg>
<arg>TT</arg>
<arg>TV</arg>
<arg>TW</arg>
<arg>TZ</arg>
<arg>UA</arg>
<arg>UG</arg>
<arg>UM</arg>
<arg>US</arg>
<arg>UY</arg>
<arg>UZ</arg>
<arg>VA</arg>
<arg>VC</arg>
<arg>VE</arg>
<arg>VG</arg>
<arg>VI</arg>
<arg>VN</arg>
<arg>VU</arg>
<arg>WF</arg>
<arg>WS</arg>
<arg>XK</arg>
<arg>YE</arg>
<arg>YT</arg>
<arg>ZA</arg>
<arg>ZM</arg>
<arg>ZW</arg>
<doc>Returns a list containing given items.</doc>
<status status="PASS" start="2024-04-16T17:13:17.361071" elapsed="0.000618"/>
</kw>
<kw name="List Should Contain Value" owner="Collections">
<msg time="2024-04-16T17:13:17.362684" level="INFO">False</msg>
<arg>${list_country}</arg>
<arg>${name_country}</arg>
<doc>Fails if the ``value`` is not found from ``list``.</doc>
<status status="PASS" start="2024-04-16T17:13:17.362483" elapsed="0.000238"/>
</kw>
<kw name="Run Keyword If" owner="BuiltIn">
<kw name="Should Be True" owner="BuiltIn">
<arg>${True}</arg>
<doc>Fails if the given condition is not true.</doc>
<status status="PASS" start="2024-04-16T17:13:17.363850" elapsed="0.000147"/>
</kw>
<arg>${json_data["results"][0]["location"]["coordinates"]["latitude"]} &gt;= -90 and ${json_data["results"][0]["location"]["coordinates"]["latitude"]} &lt;= 90</arg>
<arg>Should Be True</arg>
<arg>${True}</arg>
<doc>Runs the given keyword with the given arguments, if ``condition`` is true.</doc>
<status status="PASS" start="2024-04-16T17:13:17.363069" elapsed="0.001058"/>
</kw>
<kw name="Run Keyword If" owner="BuiltIn">
<kw name="Should Be True" owner="BuiltIn">
<arg>${True}</arg>
<doc>Fails if the given condition is not true.</doc>
<status status="PASS" start="2024-04-16T17:13:17.365018" elapsed="0.000258"/>
</kw>
<arg>${json_data["results"][0]["location"]["coordinates"]["longitude"]} &gt;= -180 and ${json_data["results"][0]["location"]["coordinates"]["longitude"]} &lt;= 180</arg>
<arg>Should Be True</arg>
<arg>${True}</arg>
<doc>Runs the given keyword with the given arguments, if ``condition`` is true.</doc>
<status status="PASS" start="2024-04-16T17:13:17.364314" elapsed="0.001090"/>
</kw>
<status status="PASS" start="2024-04-16T17:13:17.258121" elapsed="0.107420"/>
</kw>
<doc>Testa o conteúdo específico dos campos retornados pela API.</doc>
<tag>testeConteudo</tag>
<status status="PASS" start="2024-04-16T17:13:17.257656" elapsed="0.108036"/>
</test>
<status status="PASS" start="2024-04-16T17:13:16.450166" elapsed="0.917506"/>
</suite>
<status status="PASS" start="2024-04-16T17:13:16.436482" elapsed="0.936378"/>
</suite>
<statistics>
<total>
<stat pass="5" fail="0" skip="0">All Tests</stat>
</total>
<tag>
<stat pass="1" fail="0" skip="0">testeConteudo</stat>
<stat pass="1" fail="0" skip="0">testeEstruturaResposta</stat>
<stat pass="1" fail="0" skip="0">testeRequisicaoBasica</stat>
<stat pass="1" fail="0" skip="0">testeTiposDados</stat>
</tag>
<suite>
<stat pass="5" fail="0" skip="0" id="s1" name="Tests">Tests</stat>
<stat pass="5" fail="0" skip="0" id="s1-s1" name="Random-User-Test">Tests.Random-User-Test</stat>
</suite>
</statistics>
<errors>
</errors>
</robot>
