<?xml version="1.0" encoding="UTF-8"?>
<robot generator="Robot 7.0 (Python 3.12.2 on linux)" generated="2024-03-29T10:14:45.143616" rpa="false" schemaversion="5">
<suite id="s1" name="Tests" source="/home/runner/work/DesafioQAItauRogerioJordao/DesafioQAItauRogerioJordao/RamdonUser/tests">
<suite id="s1-s1" name="Random-User-Test" source="/home/runner/work/DesafioQAItauRogerioJordao/DesafioQAItauRogerioJordao/RamdonUser/tests/random-user-test.robot">
<test id="s1-s1-t1" name="Conectar" line="13">
<kw name="Conectar API" owner="random-user-service">
<kw name="Create Session" owner="RequestsLibrary">
<msg time="2024-03-29T10:14:45.566929" level="INFO">Creating Session using : alias=consultarAPI, url=https://randomuser.me/, headers={},                     cookies={}, auth=None, timeout=None, proxies=None, verify=False,                     debug=0 </msg>
<arg>consultarAPI</arg>
<arg>${URL}</arg>
<doc>Create Session: create a HTTP session to a server</doc>
<status status="PASS" start="2024-03-29T10:14:45.566718" elapsed="0.000412"/>
</kw>
<status status="PASS" start="2024-03-29T10:14:45.565631" elapsed="0.001881"/>
</kw>
<status status="PASS" start="2024-03-29T10:14:45.564885" elapsed="0.002855"/>
</test>
<test id="s1-s1-t2" name="Validar retorno 200 e JSON Válido" line="16">
<kw name="Teste de Requisicao Basica" owner="random-user-service">
<kw name="GET On Session" owner="RequestsLibrary">
<msg time="2024-03-29T10:14:45.965332" level="INFO">GET Request : url=https://randomuser.me/api 
 path_url=/api 
 headers={'User-Agent': 'python-requests/2.31.0', 'Accept-Encoding': 'gzip, deflate', 'Accept': '*/*', 'Connection': 'keep-alive'} 
 body=None 
 </msg>
<msg time="2024-03-29T10:14:45.965486" level="INFO">GET Response : url=https://randomuser.me/api 
 status=200, reason=OK 
 headers={'Date': 'Fri, 29 Mar 2024 10:14:45 GMT', 'Content-Type': 'application/json; charset=utf-8', 'Transfer-Encoding': 'chunked', 'Connection': 'keep-alive', 'X-Powered-By': 'Express', 'Access-Control-Allow-Origin': '*', 'Cache-Control': 'no-cache', 'ETag': 'W/"483-PvfxxsBmQv95IJ7R+8Bt9/KAxjg"', 'Vary': 'Accept-Encoding', 'Content-Encoding': 'gzip', 'CF-Cache-Status': 'DYNAMIC', 'Report-To': '{"endpoints":[{"url":"https:\\/\\/a.nel.cloudflare.com\\/report\\/v4?s=t7sUU947ln15GKFURWtt8gQjlBtODJGf8%2FLlusVLSg1LXZuaJJZDWfOrmB0aBRtuR19HwCNJ8Dy1nXo8Ct1BTPfkWghTka4FqGTMvYSUqbSm0n0PPTAJBKXw9%2FftCBrm"}],"group":"cf-nel","max_age":604800}', 'NEL': '{"success_fraction":0,"report_to":"cf-nel","max_age":604800}', 'Server': 'cloudflare', 'CF-RAY': '86bf1847ff8a2ade-ORD', 'alt-svc': 'h3=":443"; ma=86400'} 
 body={"results":[{"gender":"male","name":{"title":"Mr","first":"Mair","last":"Dias"},"location":{"street":{"number":8743,"name":"Rua São Francisco "},"city":"Barra Mansa","state":"Espírito Santo","country":"Brazil","postcode":66208,"coordinates":{"latitude":"-77.5593","longitude":"-11.3581"},"timezone":{"offset":"-9:00","description":"Alaska"}},"email":"mair.dias@example.com","login":{"uuid":"a51db149-323f-4863-9814-9f0ffc575784","username":"beautifulelephant611","password":"loki","salt":"ojp9Iypu","md5":"5789d2ef39ed21705d8f32dc96e02576","sha1":"5c5b2b7c15db0c8721a30bed5ea20af7ecfee6a9","sha256":"58fafdf54a82300e79c4a2671f4b724fdc917869a13b2e1e64761d3152c82152"},"dob":{"date":"2000-10-27T06:49:54.241Z","age":23},"registered":{"date":"2003-05-13T13:52:23.775Z","age":20},"phone":"(97) 3434-5233","cell":"(74) 3285-6675","id":{"name":"CPF","value":"680.566.334-87"},"picture":{"large":"https://randomuser.me/api/portraits/men/97.jpg","medium":"https://randomuser.me/api/portraits/med/men/97.jpg","thumbnail":"https://randomuser.me/api/portraits/thumb/men/97.jpg"},"nat":"BR"}],"info":{"seed":"4b2d4da3c7409322","results":1,"page":1,"version":"1.4"}} 
 </msg>
<msg time="2024-03-29T10:14:45.965602" level="INFO">/opt/hostedtoolcache/Python/3.12.2/x64/lib/python3.12/site-packages/urllib3/connectionpool.py:1103: InsecureRequestWarning: Unverified HTTPS request is being made to host 'randomuser.me'. Adding certificate verification is strongly advised. See: https://urllib3.readthedocs.io/en/latest/advanced-usage.html#tls-warnings
  warnings.warn(</msg>
<msg time="2024-03-29T10:14:45.965750" level="INFO">${response} = &lt;Response [200]&gt;</msg>
<var>${response}</var>
<arg>consultarAPI</arg>
<arg>/api</arg>
<doc>Sends a GET request on a previously created HTTP Session.</doc>
<status status="PASS" start="2024-03-29T10:14:45.570284" elapsed="0.395507"/>
</kw>
<kw name="Should Be Equal As Numbers" owner="BuiltIn">
<msg time="2024-03-29T10:14:45.967071" level="INFO">Argument types are:
&lt;class 'int'&gt;
&lt;class 'str'&gt;</msg>
<arg>${response.status_code}</arg>
<arg>200</arg>
<doc>Fails if objects are unequal after converting them to real numbers.</doc>
<status status="PASS" start="2024-03-29T10:14:45.966524" elapsed="0.000612"/>
</kw>
<kw name="Log" owner="BuiltIn">
<msg time="2024-03-29T10:14:45.967892" level="INFO">200</msg>
<arg>${response.status_code}</arg>
<doc>Logs the given message with the given level.</doc>
<status status="PASS" start="2024-03-29T10:14:45.967493" elapsed="0.000441"/>
</kw>
<kw name="Set Variable" owner="BuiltIn">
<msg time="2024-03-29T10:14:45.968698" level="INFO">${json_data} = {'results': [{'gender': 'male', 'name': {'title': 'Mr', 'first': 'Mair', 'last': 'Dias'}, 'location': {'street': {'number': 8743, 'name': 'Rua São Francisco '}, 'city': 'Barra Mansa', 'state': 'Espíri...</msg>
<var>${json_data}</var>
<arg>${response.json()}</arg>
<doc>Returns the given values which can then be assigned to a variables.</doc>
<status status="PASS" start="2024-03-29T10:14:45.968250" elapsed="0.000477"/>
</kw>
<kw name="Dictionary Should Contain Key" owner="Collections">
<msg time="2024-03-29T10:14:45.969193" level="INFO">False</msg>
<arg>${json_data}</arg>
<arg>results</arg>
<doc>Fails if ``key`` is not found from ``dictionary``.</doc>
<status status="PASS" start="2024-03-29T10:14:45.969026" elapsed="0.000206"/>
</kw>
<status status="PASS" start="2024-03-29T10:14:45.570032" elapsed="0.399454"/>
</kw>
<doc>Testa se a API responde corretamente e retorna um objeto JSON válido.</doc>
<tag>testeRequisicaoBasica</tag>
<status status="PASS" start="2024-03-29T10:14:45.569580" elapsed="0.400093"/>
</test>
<test id="s1-s1-t3" name="Validar estrutura de resposta" line="22">
<kw name="Teste de Estrutura de Resposta" owner="random-user-service">
<kw name="GET On Session" owner="RequestsLibrary">
<msg time="2024-03-29T10:14:46.011268" level="INFO">GET Request : url=https://randomuser.me/api 
 path_url=/api 
 headers={'User-Agent': 'python-requests/2.31.0', 'Accept-Encoding': 'gzip, deflate', 'Accept': '*/*', 'Connection': 'keep-alive'} 
 body=None 
 </msg>
<msg time="2024-03-29T10:14:46.011353" level="INFO">GET Response : url=https://randomuser.me/api 
 status=200, reason=OK 
 headers={'Date': 'Fri, 29 Mar 2024 10:14:46 GMT', 'Content-Type': 'application/json; charset=utf-8', 'Transfer-Encoding': 'chunked', 'Connection': 'keep-alive', 'X-Powered-By': 'Express', 'Access-Control-Allow-Origin': '*', 'Cache-Control': 'no-cache', 'ETag': 'W/"48c-ejXLfBE39WEX86QUNUezfUzbTWk"', 'Vary': 'Accept-Encoding', 'Content-Encoding': 'gzip', 'CF-Cache-Status': 'DYNAMIC', 'Report-To': '{"endpoints":[{"url":"https:\\/\\/a.nel.cloudflare.com\\/report\\/v4?s=AZpovTrgpgbHipH7bEP0XVVfeIye0%2BH58O%2FJg8JxfxhT99QLghQWoXVWS99%2BgKOaOAh0l72XV9x8qtzNS67%2BKN3gOhK2zi1%2B2JYDnUo%2BZ1ksm%2FL06I%2FZCoUa3WhHKmZS"}],"group":"cf-nel","max_age":604800}', 'NEL': '{"success_fraction":0,"report_to":"cf-nel","max_age":604800}', 'Server': 'cloudflare', 'CF-RAY': '86bf184958312ade-ORD', 'alt-svc': 'h3=":443"; ma=86400'} 
 body={"results":[{"gender":"male","name":{"title":"Mr","first":"Jacob","last":"Thomas"},"location":{"street":{"number":8728,"name":"Springfield Road"},"city":"Ratoath","state":"Fingal","country":"Ireland","postcode":65700,"coordinates":{"latitude":"1.6132","longitude":"-114.7668"},"timezone":{"offset":"+5:30","description":"Bombay, Calcutta, Madras, New Delhi"}},"email":"jacob.thomas@example.com","login":{"uuid":"7ebdcc49-1c1a-4929-a365-ad0f229c20a3","username":"happygoose715","password":"cheerleaers","salt":"fXeOJiMz","md5":"58c6d0ada444812f8ea9772da19311dd","sha1":"8a16f8b3b9d39400abb41398ed72e2a01b44aa6e","sha256":"ae0e275ae0dd367cdf6bfa04a8f5a032e3a049f543672908f00acc0e8929ea99"},"dob":{"date":"1992-10-23T10:59:32.989Z","age":31},"registered":{"date":"2002-12-31T02:55:31.760Z","age":21},"phone":"021-157-1062","cell":"081-933-6152","id":{"name":"PPS","value":"5657527T"},"picture":{"large":"https://randomuser.me/api/portraits/men/98.jpg","medium":"https://randomuser.me/api/portraits/med/men/98.jpg","thumbnail":"https://randomuser.me/api/portraits/thumb/men/98.jpg"},"nat":"IE"}],"info":{"seed":"1b535a10a4c4f4dc","results":1,"page":1,"version":"1.4"}} 
 </msg>
<msg time="2024-03-29T10:14:46.011485" level="INFO">/opt/hostedtoolcache/Python/3.12.2/x64/lib/python3.12/site-packages/urllib3/connectionpool.py:1103: InsecureRequestWarning: Unverified HTTPS request is being made to host 'randomuser.me'. Adding certificate verification is strongly advised. See: https://urllib3.readthedocs.io/en/latest/advanced-usage.html#tls-warnings
  warnings.warn(</msg>
<msg time="2024-03-29T10:14:46.011615" level="INFO">${response} = &lt;Response [200]&gt;</msg>
<var>${response}</var>
<arg>consultarAPI</arg>
<arg>/api</arg>
<doc>Sends a GET request on a previously created HTTP Session.</doc>
<status status="PASS" start="2024-03-29T10:14:45.972523" elapsed="0.039150"/>
</kw>
<kw name="Set Variable" owner="BuiltIn">
<msg time="2024-03-29T10:14:46.012936" level="INFO">${json_data} = {'results': [{'gender': 'male', 'name': {'title': 'Mr', 'first': 'Jacob', 'last': 'Thomas'}, 'location': {'street': {'number': 8728, 'name': 'Springfield Road'}, 'city': 'Ratoath', 'state': 'Fingal', ...</msg>
<var>${json_data}</var>
<arg>${response.json()}</arg>
<doc>Returns the given values which can then be assigned to a variables.</doc>
<status status="PASS" start="2024-03-29T10:14:46.012271" elapsed="0.000694"/>
</kw>
<kw name="Log" owner="BuiltIn">
<msg time="2024-03-29T10:14:46.013430" level="INFO">{'results': [{'gender': 'male', 'name': {'title': 'Mr', 'first': 'Jacob', 'last': 'Thomas'}, 'location': {'street': {'number': 8728, 'name': 'Springfield Road'}, 'city': 'Ratoath', 'state': 'Fingal', 'country': 'Ireland', 'postcode': 65700, 'coordinates': {'latitude': '1.6132', 'longitude': '-114.7668'}, 'timezone': {'offset': '+5:30', 'description': 'Bombay, Calcutta, Madras, New Delhi'}}, 'email': 'jacob.thomas@example.com', 'login': {'uuid': '7ebdcc49-1c1a-4929-a365-ad0f229c20a3', 'username': 'happygoose715', 'password': 'cheerleaers', 'salt': 'fXeOJiMz', 'md5': '58c6d0ada444812f8ea9772da19311dd', 'sha1': '8a16f8b3b9d39400abb41398ed72e2a01b44aa6e', 'sha256': 'ae0e275ae0dd367cdf6bfa04a8f5a032e3a049f543672908f00acc0e8929ea99'}, 'dob': {'date': '1992-10-23T10:59:32.989Z', 'age': 31}, 'registered': {'date': '2002-12-31T02:55:31.760Z', 'age': 21}, 'phone': '021-157-1062', 'cell': '081-933-6152', 'id': {'name': 'PPS', 'value': '5657527T'}, 'picture': {'large': 'https://randomuser.me/api/portraits/men/98.jpg', 'medium': 'https://randomuser.me/api/portraits/med/men/98.jpg', 'thumbnail': 'https://randomuser.me/api/portraits/thumb/men/98.jpg'}, 'nat': 'IE'}], 'info': {'seed': '1b535a10a4c4f4dc', 'results': 1, 'page': 1, 'version': '1.4'}}</msg>
<arg>${json_data}</arg>
<doc>Logs the given message with the given level.</doc>
<status status="PASS" start="2024-03-29T10:14:46.013275" elapsed="0.000202"/>
</kw>
<kw name="Dictionary Should Contain Key" owner="Collections">
<msg time="2024-03-29T10:14:46.013917" level="INFO">False</msg>
<arg>${json_data}</arg>
<arg>results</arg>
<doc>Fails if ``key`` is not found from ``dictionary``.</doc>
<status status="PASS" start="2024-03-29T10:14:46.013769" elapsed="0.000183"/>
</kw>
<kw name="Should Not Be Empty" owner="BuiltIn">
<msg time="2024-03-29T10:14:46.014369" level="INFO">Length is 2.</msg>
<arg>${json_data}</arg>
<doc>Verifies that the given item is not empty.</doc>
<status status="PASS" start="2024-03-29T10:14:46.014241" elapsed="0.000166"/>
</kw>
<kw name="Create List" owner="BuiltIn">
<msg time="2024-03-29T10:14:46.014831" level="INFO">${expected_keys} = ['gender', 'name', 'location', 'email', 'login']</msg>
<var>${expected_keys}</var>
<arg>gender</arg>
<arg>name</arg>
<arg>location</arg>
<arg>email</arg>
<arg>login</arg>
<doc>Returns a list containing given items.</doc>
<status status="PASS" start="2024-03-29T10:14:46.014686" elapsed="0.000168"/>
</kw>
<for flavor="IN">
<iter>
<kw name="Dictionary Should Contain Key" owner="Collections">
<msg time="2024-03-29T10:14:46.015872" level="INFO">False</msg>
<arg>${json_data['results'][0]}</arg>
<arg>${key}</arg>
<doc>Fails if ``key`` is not found from ``dictionary``.</doc>
<status status="PASS" start="2024-03-29T10:14:46.015417" elapsed="0.000496"/>
</kw>
<kw name="Log" owner="BuiltIn">
<msg time="2024-03-29T10:14:46.016582" level="INFO">{'gender': 'male', 'name': {'title': 'Mr', 'first': 'Jacob', 'last': 'Thomas'}, 'location': {'street': {'number': 8728, 'name': 'Springfield Road'}, 'city': 'Ratoath', 'state': 'Fingal', 'country': 'Ireland', 'postcode': 65700, 'coordinates': {'latitude': '1.6132', 'longitude': '-114.7668'}, 'timezone': {'offset': '+5:30', 'description': 'Bombay, Calcutta, Madras, New Delhi'}}, 'email': 'jacob.thomas@example.com', 'login': {'uuid': '7ebdcc49-1c1a-4929-a365-ad0f229c20a3', 'username': 'happygoose715', 'password': 'cheerleaers', 'salt': 'fXeOJiMz', 'md5': '58c6d0ada444812f8ea9772da19311dd', 'sha1': '8a16f8b3b9d39400abb41398ed72e2a01b44aa6e', 'sha256': 'ae0e275ae0dd367cdf6bfa04a8f5a032e3a049f543672908f00acc0e8929ea99'}, 'dob': {'date': '1992-10-23T10:59:32.989Z', 'age': 31}, 'registered': {'date': '2002-12-31T02:55:31.760Z', 'age': 21}, 'phone': '021-157-1062', 'cell': '081-933-6152', 'id': {'name': 'PPS', 'value': '5657527T'}, 'picture': {'large': 'https://randomuser.me/api/portraits/men/98.jpg', 'medium': 'https://randomuser.me/api/portraits/med/men/98.jpg', 'thumbnail': 'https://randomuser.me/api/portraits/thumb/men/98.jpg'}, 'nat': 'IE'}</msg>
<arg>${json_data['results'][0]}</arg>
<doc>Logs the given message with the given level.</doc>
<status status="PASS" start="2024-03-29T10:14:46.016218" elapsed="0.000417"/>
</kw>
<kw name="Log" owner="BuiltIn">
<msg time="2024-03-29T10:14:46.017067" level="INFO">gender</msg>
<arg>${key}</arg>
<doc>Logs the given message with the given level.</doc>
<status status="PASS" start="2024-03-29T10:14:46.016936" elapsed="0.000168"/>
</kw>
<var name="${key}">gender</var>
<status status="PASS" start="2024-03-29T10:14:46.015294" elapsed="0.002028"/>
</iter>
<iter>
<kw name="Dictionary Should Contain Key" owner="Collections">
<msg time="2024-03-29T10:14:46.018009" level="INFO">False</msg>
<arg>${json_data['results'][0]}</arg>
<arg>${key}</arg>
<doc>Fails if ``key`` is not found from ``dictionary``.</doc>
<status status="PASS" start="2024-03-29T10:14:46.017625" elapsed="0.000421"/>
</kw>
<kw name="Log" owner="BuiltIn">
<msg time="2024-03-29T10:14:46.018734" level="INFO">{'gender': 'male', 'name': {'title': 'Mr', 'first': 'Jacob', 'last': 'Thomas'}, 'location': {'street': {'number': 8728, 'name': 'Springfield Road'}, 'city': 'Ratoath', 'state': 'Fingal', 'country': 'Ireland', 'postcode': 65700, 'coordinates': {'latitude': '1.6132', 'longitude': '-114.7668'}, 'timezone': {'offset': '+5:30', 'description': 'Bombay, Calcutta, Madras, New Delhi'}}, 'email': 'jacob.thomas@example.com', 'login': {'uuid': '7ebdcc49-1c1a-4929-a365-ad0f229c20a3', 'username': 'happygoose715', 'password': 'cheerleaers', 'salt': 'fXeOJiMz', 'md5': '58c6d0ada444812f8ea9772da19311dd', 'sha1': '8a16f8b3b9d39400abb41398ed72e2a01b44aa6e', 'sha256': 'ae0e275ae0dd367cdf6bfa04a8f5a032e3a049f543672908f00acc0e8929ea99'}, 'dob': {'date': '1992-10-23T10:59:32.989Z', 'age': 31}, 'registered': {'date': '2002-12-31T02:55:31.760Z', 'age': 21}, 'phone': '021-157-1062', 'cell': '081-933-6152', 'id': {'name': 'PPS', 'value': '5657527T'}, 'picture': {'large': 'https://randomuser.me/api/portraits/men/98.jpg', 'medium': 'https://randomuser.me/api/portraits/med/men/98.jpg', 'thumbnail': 'https://randomuser.me/api/portraits/thumb/men/98.jpg'}, 'nat': 'IE'}</msg>
<arg>${json_data['results'][0]}</arg>
<doc>Logs the given message with the given level.</doc>
<status status="PASS" start="2024-03-29T10:14:46.018376" elapsed="0.000405"/>
</kw>
<kw name="Log" owner="BuiltIn">
<msg time="2024-03-29T10:14:46.019211" level="INFO">name</msg>
<arg>${key}</arg>
<doc>Logs the given message with the given level.</doc>
<status status="PASS" start="2024-03-29T10:14:46.019080" elapsed="0.000168"/>
</kw>
<var name="${key}">name</var>
<status status="PASS" start="2024-03-29T10:14:46.017509" elapsed="0.001955"/>
</iter>
<iter>
<kw name="Dictionary Should Contain Key" owner="Collections">
<msg time="2024-03-29T10:14:46.020170" level="INFO">False</msg>
<arg>${json_data['results'][0]}</arg>
<arg>${key}</arg>
<doc>Fails if ``key`` is not found from ``dictionary``.</doc>
<status status="PASS" start="2024-03-29T10:14:46.019782" elapsed="0.000425"/>
</kw>
<kw name="Log" owner="BuiltIn">
<msg time="2024-03-29T10:14:46.020874" level="INFO">{'gender': 'male', 'name': {'title': 'Mr', 'first': 'Jacob', 'last': 'Thomas'}, 'location': {'street': {'number': 8728, 'name': 'Springfield Road'}, 'city': 'Ratoath', 'state': 'Fingal', 'country': 'Ireland', 'postcode': 65700, 'coordinates': {'latitude': '1.6132', 'longitude': '-114.7668'}, 'timezone': {'offset': '+5:30', 'description': 'Bombay, Calcutta, Madras, New Delhi'}}, 'email': 'jacob.thomas@example.com', 'login': {'uuid': '7ebdcc49-1c1a-4929-a365-ad0f229c20a3', 'username': 'happygoose715', 'password': 'cheerleaers', 'salt': 'fXeOJiMz', 'md5': '58c6d0ada444812f8ea9772da19311dd', 'sha1': '8a16f8b3b9d39400abb41398ed72e2a01b44aa6e', 'sha256': 'ae0e275ae0dd367cdf6bfa04a8f5a032e3a049f543672908f00acc0e8929ea99'}, 'dob': {'date': '1992-10-23T10:59:32.989Z', 'age': 31}, 'registered': {'date': '2002-12-31T02:55:31.760Z', 'age': 21}, 'phone': '021-157-1062', 'cell': '081-933-6152', 'id': {'name': 'PPS', 'value': '5657527T'}, 'picture': {'large': 'https://randomuser.me/api/portraits/men/98.jpg', 'medium': 'https://randomuser.me/api/portraits/med/men/98.jpg', 'thumbnail': 'https://randomuser.me/api/portraits/thumb/men/98.jpg'}, 'nat': 'IE'}</msg>
<arg>${json_data['results'][0]}</arg>
<doc>Logs the given message with the given level.</doc>
<status status="PASS" start="2024-03-29T10:14:46.020508" elapsed="0.000418"/>
</kw>
<kw name="Log" owner="BuiltIn">
<msg time="2024-03-29T10:14:46.021356" level="INFO">location</msg>
<arg>${key}</arg>
<doc>Logs the given message with the given level.</doc>
<status status="PASS" start="2024-03-29T10:14:46.021226" elapsed="0.000169"/>
</kw>
<var name="${key}">location</var>
<status status="PASS" start="2024-03-29T10:14:46.019640" elapsed="0.001967"/>
</iter>
<iter>
<kw name="Dictionary Should Contain Key" owner="Collections">
<msg time="2024-03-29T10:14:46.022263" level="INFO">False</msg>
<arg>${json_data['results'][0]}</arg>
<arg>${key}</arg>
<doc>Fails if ``key`` is not found from ``dictionary``.</doc>
<status status="PASS" start="2024-03-29T10:14:46.021892" elapsed="0.000409"/>
</kw>
<kw name="Log" owner="BuiltIn">
<msg time="2024-03-29T10:14:46.022961" level="INFO">{'gender': 'male', 'name': {'title': 'Mr', 'first': 'Jacob', 'last': 'Thomas'}, 'location': {'street': {'number': 8728, 'name': 'Springfield Road'}, 'city': 'Ratoath', 'state': 'Fingal', 'country': 'Ireland', 'postcode': 65700, 'coordinates': {'latitude': '1.6132', 'longitude': '-114.7668'}, 'timezone': {'offset': '+5:30', 'description': 'Bombay, Calcutta, Madras, New Delhi'}}, 'email': 'jacob.thomas@example.com', 'login': {'uuid': '7ebdcc49-1c1a-4929-a365-ad0f229c20a3', 'username': 'happygoose715', 'password': 'cheerleaers', 'salt': 'fXeOJiMz', 'md5': '58c6d0ada444812f8ea9772da19311dd', 'sha1': '8a16f8b3b9d39400abb41398ed72e2a01b44aa6e', 'sha256': 'ae0e275ae0dd367cdf6bfa04a8f5a032e3a049f543672908f00acc0e8929ea99'}, 'dob': {'date': '1992-10-23T10:59:32.989Z', 'age': 31}, 'registered': {'date': '2002-12-31T02:55:31.760Z', 'age': 21}, 'phone': '021-157-1062', 'cell': '081-933-6152', 'id': {'name': 'PPS', 'value': '5657527T'}, 'picture': {'large': 'https://randomuser.me/api/portraits/men/98.jpg', 'medium': 'https://randomuser.me/api/portraits/med/men/98.jpg', 'thumbnail': 'https://randomuser.me/api/portraits/thumb/men/98.jpg'}, 'nat': 'IE'}</msg>
<arg>${json_data['results'][0]}</arg>
<doc>Logs the given message with the given level.</doc>
<status status="PASS" start="2024-03-29T10:14:46.022602" elapsed="0.000406"/>
</kw>
<kw name="Log" owner="BuiltIn">
<msg time="2024-03-29T10:14:46.023430" level="INFO">email</msg>
<arg>${key}</arg>
<doc>Logs the given message with the given level.</doc>
<status status="PASS" start="2024-03-29T10:14:46.023301" elapsed="0.000167"/>
</kw>
<var name="${key}">email</var>
<status status="PASS" start="2024-03-29T10:14:46.021781" elapsed="0.001902"/>
</iter>
<iter>
<kw name="Dictionary Should Contain Key" owner="Collections">
<msg time="2024-03-29T10:14:46.024411" level="INFO">False</msg>
<arg>${json_data['results'][0]}</arg>
<arg>${key}</arg>
<doc>Fails if ``key`` is not found from ``dictionary``.</doc>
<status status="PASS" start="2024-03-29T10:14:46.024025" elapsed="0.000424"/>
</kw>
<kw name="Log" owner="BuiltIn">
<msg time="2024-03-29T10:14:46.025097" level="INFO">{'gender': 'male', 'name': {'title': 'Mr', 'first': 'Jacob', 'last': 'Thomas'}, 'location': {'street': {'number': 8728, 'name': 'Springfield Road'}, 'city': 'Ratoath', 'state': 'Fingal', 'country': 'Ireland', 'postcode': 65700, 'coordinates': {'latitude': '1.6132', 'longitude': '-114.7668'}, 'timezone': {'offset': '+5:30', 'description': 'Bombay, Calcutta, Madras, New Delhi'}}, 'email': 'jacob.thomas@example.com', 'login': {'uuid': '7ebdcc49-1c1a-4929-a365-ad0f229c20a3', 'username': 'happygoose715', 'password': 'cheerleaers', 'salt': 'fXeOJiMz', 'md5': '58c6d0ada444812f8ea9772da19311dd', 'sha1': '8a16f8b3b9d39400abb41398ed72e2a01b44aa6e', 'sha256': 'ae0e275ae0dd367cdf6bfa04a8f5a032e3a049f543672908f00acc0e8929ea99'}, 'dob': {'date': '1992-10-23T10:59:32.989Z', 'age': 31}, 'registered': {'date': '2002-12-31T02:55:31.760Z', 'age': 21}, 'phone': '021-157-1062', 'cell': '081-933-6152', 'id': {'name': 'PPS', 'value': '5657527T'}, 'picture': {'large': 'https://randomuser.me/api/portraits/men/98.jpg', 'medium': 'https://randomuser.me/api/portraits/med/men/98.jpg', 'thumbnail': 'https://randomuser.me/api/portraits/thumb/men/98.jpg'}, 'nat': 'IE'}</msg>
<arg>${json_data['results'][0]}</arg>
<doc>Logs the given message with the given level.</doc>
<status status="PASS" start="2024-03-29T10:14:46.024744" elapsed="0.000400"/>
</kw>
<kw name="Log" owner="BuiltIn">
<msg time="2024-03-29T10:14:46.025569" level="INFO">login</msg>
<arg>${key}</arg>
<doc>Logs the given message with the given level.</doc>
<status status="PASS" start="2024-03-29T10:14:46.025442" elapsed="0.000271"/>
</kw>
<var name="${key}">login</var>
<status status="PASS" start="2024-03-29T10:14:46.023905" elapsed="0.002053"/>
</iter>
<var>${key}</var>
<value>@{expected_keys}</value>
<status status="PASS" start="2024-03-29T10:14:46.015105" elapsed="0.010983"/>
</for>
<kw name="Create List" owner="BuiltIn">
<msg time="2024-03-29T10:14:46.026421" level="INFO">${expected_keysTwo} = ['username', 'password']</msg>
<var>${expected_keysTwo}</var>
<arg>username</arg>
<arg>password</arg>
<doc>Returns a list containing given items.</doc>
<status status="PASS" start="2024-03-29T10:14:46.026283" elapsed="0.000162"/>
</kw>
<for flavor="IN">
<iter>
<kw name="Dictionary Should Contain Key" owner="Collections">
<msg time="2024-03-29T10:14:46.027325" level="INFO">False</msg>
<arg>${json_data['results'][0]['login']}</arg>
<arg>${keyTwo}</arg>
<doc>Fails if ``key`` is not found from ``dictionary``.</doc>
<status status="PASS" start="2024-03-29T10:14:46.026941" elapsed="0.000421"/>
</kw>
<kw name="Dictionary Should Contain Key" owner="Collections">
<msg time="2024-03-29T10:14:46.028076" level="INFO">False</msg>
<arg>${json_data['results'][0]['login']}</arg>
<arg>${keyTwo}</arg>
<doc>Fails if ``key`` is not found from ``dictionary``.</doc>
<status status="PASS" start="2024-03-29T10:14:46.027657" elapsed="0.000457"/>
</kw>
<kw name="Log" owner="BuiltIn">
<msg time="2024-03-29T10:14:46.028539" level="INFO">username</msg>
<arg>${keyTwo}</arg>
<doc>Logs the given message with the given level.</doc>
<status status="PASS" start="2024-03-29T10:14:46.028410" elapsed="0.000166"/>
</kw>
<var name="${keyTwo}">username</var>
<status status="PASS" start="2024-03-29T10:14:46.026832" elapsed="0.001958"/>
</iter>
<iter>
<kw name="Dictionary Should Contain Key" owner="Collections">
<msg time="2024-03-29T10:14:46.029451" level="INFO">False</msg>
<arg>${json_data['results'][0]['login']}</arg>
<arg>${keyTwo}</arg>
<doc>Fails if ``key`` is not found from ``dictionary``.</doc>
<status status="PASS" start="2024-03-29T10:14:46.029072" elapsed="0.000416"/>
</kw>
<kw name="Dictionary Should Contain Key" owner="Collections">
<msg time="2024-03-29T10:14:46.030149" level="INFO">False</msg>
<arg>${json_data['results'][0]['login']}</arg>
<arg>${keyTwo}</arg>
<doc>Fails if ``key`` is not found from ``dictionary``.</doc>
<status status="PASS" start="2024-03-29T10:14:46.029779" elapsed="0.000407"/>
</kw>
<kw name="Log" owner="BuiltIn">
<msg time="2024-03-29T10:14:46.030610" level="INFO">password</msg>
<arg>${keyTwo}</arg>
<doc>Logs the given message with the given level.</doc>
<status status="PASS" start="2024-03-29T10:14:46.030481" elapsed="0.000166"/>
</kw>
<var name="${keyTwo}">password</var>
<status status="PASS" start="2024-03-29T10:14:46.028961" elapsed="0.001906"/>
</iter>
<var>${keyTwo}</var>
<value>@{expected_keysTwo}</value>
<status status="PASS" start="2024-03-29T10:14:46.026680" elapsed="0.004311"/>
</for>
<status status="PASS" start="2024-03-29T10:14:45.972287" elapsed="0.058839"/>
</kw>
<doc>Testa a estrutura da resposta da API.</doc>
<tag>testeEstruturaResposta</tag>
<status status="PASS" start="2024-03-29T10:14:45.971493" elapsed="0.059781"/>
</test>
<test id="s1-s1-t4" name="Validar tipos de dados" line="28">
<kw name="Teste de Tipos de Dados" owner="random-user-service">
<kw name="GET On Session" owner="RequestsLibrary">
<msg time="2024-03-29T10:14:46.118140" level="INFO">GET Request : url=https://randomuser.me/api 
 path_url=/api 
 headers={'User-Agent': 'python-requests/2.31.0', 'Accept-Encoding': 'gzip, deflate', 'Accept': '*/*', 'Connection': 'keep-alive'} 
 body=None 
 </msg>
<msg time="2024-03-29T10:14:46.118208" level="INFO">GET Response : url=https://randomuser.me/api 
 status=200, reason=OK 
 headers={'Date': 'Fri, 29 Mar 2024 10:14:46 GMT', 'Content-Type': 'application/json; charset=utf-8', 'Transfer-Encoding': 'chunked', 'Connection': 'keep-alive', 'X-Powered-By': 'Express', 'Access-Control-Allow-Origin': '*', 'Cache-Control': 'no-cache', 'ETag': 'W/"499-vzcllzgjfVgr/LryA2Px1R9hNB8"', 'Vary': 'Accept-Encoding', 'Content-Encoding': 'gzip', 'CF-Cache-Status': 'DYNAMIC', 'Report-To': '{"endpoints":[{"url":"https:\\/\\/a.nel.cloudflare.com\\/report\\/v4?s=rTg9Vsfds1trcy3iHV7khUMK9brz2KzlY9FDY3F7rvEdC7DwvHhIOYyul3Sdr2QRtixFNaYmPHa%2FSgOhOD5ykp5u6CrctFF6%2FQyE2Zw37JXE2UbD8mu4z5C3953zdd3f"}],"group":"cf-nel","max_age":604800}', 'NEL': '{"success_fraction":0,"report_to":"cf-nel","max_age":604800}', 'Server': 'cloudflare', 'CF-RAY': '86bf1849b8842ade-ORD', 'alt-svc': 'h3=":443"; ma=86400'} 
 body={"results":[{"gender":"male","name":{"title":"Mr","first":"Mihajlo","last":"Sokolović"},"location":{"street":{"number":998,"name":"Eufemije Jović  "},"city":"Gornji Milanovac","state":"Jablanica","country":"Serbia","postcode":29057,"coordinates":{"latitude":"63.0003","longitude":"-8.8175"},"timezone":{"offset":"+1:00","description":"Brussels, Copenhagen, Madrid, Paris"}},"email":"mihajlo.sokolovic@example.com","login":{"uuid":"7b713423-491b-437d-ad35-f0d370c39d61","username":"bluefrog962","password":"store","salt":"sKhRmB33","md5":"fc73d54818685f12ae2ea79356d28be8","sha1":"042aa386bd9fd5abbd3ba35dfd2381910215ad62","sha256":"95b0ce715937cddc0b7ad753c7b013bea4f11b3936a24861caed2df48f51327b"},"dob":{"date":"1945-10-22T21:57:25.759Z","age":78},"registered":{"date":"2019-01-31T22:05:02.155Z","age":5},"phone":"020-7258-400","cell":"065-5748-650","id":{"name":"SID","value":"090315707"},"picture":{"large":"https://randomuser.me/api/portraits/men/20.jpg","medium":"https://randomuser.me/api/portraits/med/men/20.jpg","thumbnail":"https://randomuser.me/api/portraits/thumb/men/20.jpg"},"nat":"RS"}],"info":{"seed":"8ea41cd25f9088a1","results":1,"page":1,"version":"1.4"}} 
 </msg>
<msg time="2024-03-29T10:14:46.118274" level="INFO">/opt/hostedtoolcache/Python/3.12.2/x64/lib/python3.12/site-packages/urllib3/connectionpool.py:1103: InsecureRequestWarning: Unverified HTTPS request is being made to host 'randomuser.me'. Adding certificate verification is strongly advised. See: https://urllib3.readthedocs.io/en/latest/advanced-usage.html#tls-warnings
  warnings.warn(</msg>
<msg time="2024-03-29T10:14:46.118365" level="INFO">${response} = &lt;Response [200]&gt;</msg>
<var>${response}</var>
<arg>consultarAPI</arg>
<arg>/api</arg>
<doc>Sends a GET request on a previously created HTTP Session.</doc>
<status status="PASS" start="2024-03-29T10:14:46.033784" elapsed="0.084622"/>
</kw>
<kw name="Set Variable" owner="BuiltIn">
<msg time="2024-03-29T10:14:46.119599" level="INFO">${json_data} = {'results': [{'gender': 'male', 'name': {'title': 'Mr', 'first': 'Mihajlo', 'last': 'Sokolović'}, 'location': {'street': {'number': 998, 'name': 'Eufemije Jović  '}, 'city': 'Gornji Milanovac', 'state...</msg>
<var>${json_data}</var>
<arg>${response.json()}</arg>
<doc>Returns the given values which can then be assigned to a variables.</doc>
<status status="PASS" start="2024-03-29T10:14:46.118986" elapsed="0.000645"/>
</kw>
<kw name="Log" owner="BuiltIn">
<msg time="2024-03-29T10:14:46.120152" level="INFO">{'results': [{'gender': 'male', 'name': {'title': 'Mr', 'first': 'Mihajlo', 'last': 'Sokolović'}, 'location': {'street': {'number': 998, 'name': 'Eufemije Jović  '}, 'city': 'Gornji Milanovac', 'state': 'Jablanica', 'country': 'Serbia', 'postcode': 29057, 'coordinates': {'latitude': '63.0003', 'longitude': '-8.8175'}, 'timezone': {'offset': '+1:00', 'description': 'Brussels, Copenhagen, Madrid, Paris'}}, 'email': 'mihajlo.sokolovic@example.com', 'login': {'uuid': '7b713423-491b-437d-ad35-f0d370c39d61', 'username': 'bluefrog962', 'password': 'store', 'salt': 'sKhRmB33', 'md5': 'fc73d54818685f12ae2ea79356d28be8', 'sha1': '042aa386bd9fd5abbd3ba35dfd2381910215ad62', 'sha256': '95b0ce715937cddc0b7ad753c7b013bea4f11b3936a24861caed2df48f51327b'}, 'dob': {'date': '1945-10-22T21:57:25.759Z', 'age': 78}, 'registered': {'date': '2019-01-31T22:05:02.155Z', 'age': 5}, 'phone': '020-7258-400', 'cell': '065-5748-650', 'id': {'name': 'SID', 'value': '090315707'}, 'picture': {'large': 'https://randomuser.me/api/portraits/men/20.jpg', 'medium': 'https://randomuser.me/api/portraits/med/men/20.jpg', 'thumbnail': 'https://randomuser.me/api/portraits/thumb/men/20.jpg'}, 'nat': 'RS'}], 'info': {'seed': '8ea41cd25f9088a1', 'results': 1, 'page': 1, 'version': '1.4'}}</msg>
<arg>${json_data}</arg>
<doc>Logs the given message with the given level.</doc>
<status status="PASS" start="2024-03-29T10:14:46.119995" elapsed="0.000239"/>
</kw>
<kw name="Should Be String" owner="String">
<arg>${json_data['results'][0]['gender']}</arg>
<doc>Fails if the given ``item`` is not a string.</doc>
<status status="PASS" start="2024-03-29T10:14:46.120545" elapsed="0.000366"/>
</kw>
<kw name="Should Match Regexp" owner="BuiltIn">
<arg>${json_data['results'][0]['email']}</arg>
<arg>^[a-zA-Z0-9._%+-]+@[a-zA-Z0-9.-]+\.[a-zA-Z]{2,}$</arg>
<doc>Fails if ``string`` does not match ``pattern`` as a regular expression.</doc>
<status status="PASS" start="2024-03-29T10:14:46.121108" elapsed="0.000523"/>
</kw>
<kw name="Should Match Regexp" owner="BuiltIn">
<arg>${json_data['results'][0]['dob']['date']}</arg>
<arg>\\d{4}-\\d{2}-\\d{2}T\\d{2}:\\d{2}:\\d{2}\\.\\d{3}Z</arg>
<doc>Fails if ``string`` does not match ``pattern`` as a regular expression.</doc>
<status status="PASS" start="2024-03-29T10:14:46.121829" elapsed="0.000487"/>
</kw>
<kw name="Should Match Regexp" owner="BuiltIn">
<arg>${json_data['results'][0]['registered']['date']}</arg>
<arg>\\d{4}-\\d{2}-\\d{2}T\\d{2}:\\d{2}:\\d{2}\\.\\d{3}Z</arg>
<doc>Fails if ``string`` does not match ``pattern`` as a regular expression.</doc>
<status status="PASS" start="2024-03-29T10:14:46.122509" elapsed="0.000369"/>
</kw>
<kw name="Should Match Regexp" owner="BuiltIn">
<arg>${json_data['results'][0]['picture']['large']}</arg>
<arg>^https?://.*\.(?:png|jpe?g|gif|bmp)$</arg>
<doc>Fails if ``string`` does not match ``pattern`` as a regular expression.</doc>
<status status="PASS" start="2024-03-29T10:14:46.123064" elapsed="0.000457"/>
</kw>
<kw name="Should Match Regexp" owner="BuiltIn">
<arg>${json_data['results'][0]['picture']['medium']}</arg>
<arg>^https?://.*\.(?:png|jpe?g|gif|bmp)$</arg>
<doc>Fails if ``string`` does not match ``pattern`` as a regular expression.</doc>
<status status="PASS" start="2024-03-29T10:14:46.123735" elapsed="0.000360"/>
</kw>
<kw name="Should Match Regexp" owner="BuiltIn">
<arg>${json_data['results'][0]['picture']['thumbnail']}</arg>
<arg>^https?://.*\.(?:png|jpe?g|gif|bmp)$</arg>
<doc>Fails if ``string`` does not match ``pattern`` as a regular expression.</doc>
<status status="PASS" start="2024-03-29T10:14:46.124279" elapsed="0.000351"/>
</kw>
<kw name="Log" owner="BuiltIn">
<msg time="2024-03-29T10:14:46.125133" level="INFO">{'large': 'https://randomuser.me/api/portraits/men/20.jpg', 'medium': 'https://randomuser.me/api/portraits/med/men/20.jpg', 'thumbnail': 'https://randomuser.me/api/portraits/thumb/men/20.jpg'}</msg>
<arg>${json_data['results'][0]['picture']}</arg>
<doc>Logs the given message with the given level.</doc>
<status status="PASS" start="2024-03-29T10:14:46.124810" elapsed="0.000370"/>
</kw>
<status status="PASS" start="2024-03-29T10:14:46.033554" elapsed="0.091880"/>
</kw>
<kw name="Teste de Tipos de Dados - Postcode" owner="random-user-service">
<kw name="GET On Session" owner="RequestsLibrary">
<msg time="2024-03-29T10:14:46.212895" level="INFO">GET Request : url=https://randomuser.me/api 
 path_url=/api 
 headers={'User-Agent': 'python-requests/2.31.0', 'Accept-Encoding': 'gzip, deflate', 'Accept': '*/*', 'Connection': 'keep-alive'} 
 body=None 
 </msg>
<msg time="2024-03-29T10:14:46.212960" level="INFO">GET Response : url=https://randomuser.me/api 
 status=200, reason=OK 
 headers={'Date': 'Fri, 29 Mar 2024 10:14:46 GMT', 'Content-Type': 'application/json; charset=utf-8', 'Transfer-Encoding': 'chunked', 'Connection': 'keep-alive', 'X-Powered-By': 'Express', 'Access-Control-Allow-Origin': '*', 'Cache-Control': 'no-cache', 'ETag': 'W/"48c-uNhjmAnUPAGgN9W1RX6Z8ZtQTZU"', 'Vary': 'Accept-Encoding', 'Content-Encoding': 'gzip', 'CF-Cache-Status': 'DYNAMIC', 'Report-To': '{"endpoints":[{"url":"https:\\/\\/a.nel.cloudflare.com\\/report\\/v4?s=pHC%2BW0zyfHq%2Benr9N7iuYIPuN8pFp%2BzICSTZSWXyVpH3OUXVeJKpNvVc3UKM7YxT09NWnZs9Hjp3XyS8Ljt%2BHpnDh1lo7yTz315MfJEkzlqRcvj7xoHhPGe7QTsktrX1"}],"group":"cf-nel","max_age":604800}', 'NEL': '{"success_fraction":0,"report_to":"cf-nel","max_age":604800}', 'Server': 'cloudflare', 'CF-RAY': '86bf184a48d72ade-ORD', 'alt-svc': 'h3=":443"; ma=86400'} 
 body={"results":[{"gender":"male","name":{"title":"Mr","first":"Marco","last":"Garica"},"location":{"street":{"number":602,"name":"Circuito San Luis Potosí"},"city":"Cruz de Juanacaxtle","state":"Hidalgo","country":"Mexico","postcode":37070,"coordinates":{"latitude":"21.6428","longitude":"-164.9562"},"timezone":{"offset":"-10:00","description":"Hawaii"}},"email":"marco.garica@example.com","login":{"uuid":"a5106364-b2bb-47ab-9a9a-0f5910803903","username":"purplemouse107","password":"pajero","salt":"RjUREPUM","md5":"24930deb6416e0676992298fc9408e8d","sha1":"fcc8c65925cbcd0a999c7d81967d42f835cf241a","sha256":"e48a1cb42b7d8035ef0ee403374b741df2f7108418a57a049ba646ffefebbbc0"},"dob":{"date":"1999-01-25T14:22:14.954Z","age":25},"registered":{"date":"2009-07-18T15:02:21.430Z","age":14},"phone":"(600) 502 5029","cell":"(613) 248 6498","id":{"name":"NSS","value":"08 45 27 8148 2"},"picture":{"large":"https://randomuser.me/api/portraits/men/58.jpg","medium":"https://randomuser.me/api/portraits/med/men/58.jpg","thumbnail":"https://randomuser.me/api/portraits/thumb/men/58.jpg"},"nat":"MX"}],"info":{"seed":"dd05692f91bf6ec3","results":1,"page":1,"version":"1.4"}} 
 </msg>
<msg time="2024-03-29T10:14:46.213027" level="INFO">/opt/hostedtoolcache/Python/3.12.2/x64/lib/python3.12/site-packages/urllib3/connectionpool.py:1103: InsecureRequestWarning: Unverified HTTPS request is being made to host 'randomuser.me'. Adding certificate verification is strongly advised. See: https://urllib3.readthedocs.io/en/latest/advanced-usage.html#tls-warnings
  warnings.warn(</msg>
<msg time="2024-03-29T10:14:46.213119" level="INFO">${response} = &lt;Response [200]&gt;</msg>
<var>${response}</var>
<arg>consultarAPI</arg>
<arg>/api</arg>
<doc>Sends a GET request on a previously created HTTP Session.</doc>
<status status="PASS" start="2024-03-29T10:14:46.125988" elapsed="0.087170"/>
</kw>
<kw name="Set Variable" owner="BuiltIn">
<msg time="2024-03-29T10:14:46.214218" level="INFO">${json_data} = {'results': [{'gender': 'male', 'name': {'title': 'Mr', 'first': 'Marco', 'last': 'Garica'}, 'location': {'street': {'number': 602, 'name': 'Circuito San Luis Potosí'}, 'city': 'Cruz de Juanacaxtle', ...</msg>
<var>${json_data}</var>
<arg>${response.json()}</arg>
<doc>Returns the given values which can then be assigned to a variables.</doc>
<status status="PASS" start="2024-03-29T10:14:46.213629" elapsed="0.000618"/>
</kw>
<kw name="Log" owner="BuiltIn">
<msg time="2024-03-29T10:14:46.214708" level="INFO">{'results': [{'gender': 'male', 'name': {'title': 'Mr', 'first': 'Marco', 'last': 'Garica'}, 'location': {'street': {'number': 602, 'name': 'Circuito San Luis Potosí'}, 'city': 'Cruz de Juanacaxtle', 'state': 'Hidalgo', 'country': 'Mexico', 'postcode': 37070, 'coordinates': {'latitude': '21.6428', 'longitude': '-164.9562'}, 'timezone': {'offset': '-10:00', 'description': 'Hawaii'}}, 'email': 'marco.garica@example.com', 'login': {'uuid': 'a5106364-b2bb-47ab-9a9a-0f5910803903', 'username': 'purplemouse107', 'password': 'pajero', 'salt': 'RjUREPUM', 'md5': '24930deb6416e0676992298fc9408e8d', 'sha1': 'fcc8c65925cbcd0a999c7d81967d42f835cf241a', 'sha256': 'e48a1cb42b7d8035ef0ee403374b741df2f7108418a57a049ba646ffefebbbc0'}, 'dob': {'date': '1999-01-25T14:22:14.954Z', 'age': 25}, 'registered': {'date': '2009-07-18T15:02:21.430Z', 'age': 14}, 'phone': '(600) 502 5029', 'cell': '(613) 248 6498', 'id': {'name': 'NSS', 'value': '08 45 27 8148 2'}, 'picture': {'large': 'https://randomuser.me/api/portraits/men/58.jpg', 'medium': 'https://randomuser.me/api/portraits/med/men/58.jpg', 'thumbnail': 'https://randomuser.me/api/portraits/thumb/men/58.jpg'}, 'nat': 'MX'}], 'info': {'seed': 'dd05692f91bf6ec3', 'results': 1, 'page': 1, 'version': '1.4'}}</msg>
<arg>${json_data}</arg>
<doc>Logs the given message with the given level.</doc>
<status status="PASS" start="2024-03-29T10:14:46.214553" elapsed="0.000234"/>
</kw>
<kw name="Should Be Equal As Numbers" owner="BuiltIn">
<arg>${json_data['results'][0]['location']['postcode']}</arg>
<arg>${json_data['results'][0]['location']['postcode']}</arg>
<doc>Fails if objects are unequal after converting them to real numbers.</doc>
<status status="PASS" start="2024-03-29T10:14:46.215088" elapsed="0.000658"/>
</kw>
<kw name="Log" owner="BuiltIn">
<msg time="2024-03-29T10:14:46.216307" level="INFO">37070</msg>
<arg>${json_data['results'][0]['location']['postcode']}</arg>
<doc>Logs the given message with the given level.</doc>
<status status="PASS" start="2024-03-29T10:14:46.215961" elapsed="0.000386"/>
</kw>
<status status="PASS" start="2024-03-29T10:14:46.125648" elapsed="0.090952"/>
</kw>
<doc>Testa se os tipos de dados na resposta da API estão corretos.</doc>
<tag>testeTiposDados</tag>
<status status="PASS" start="2024-03-29T10:14:46.033027" elapsed="0.183730"/>
</test>
<test id="s1-s1-t5" name="Validar conteudo" line="35">
<kw name="Teste de Tipos de Conteudo" owner="random-user-service">
<kw name="GET On Session" owner="RequestsLibrary">
<msg time="2024-03-29T10:14:46.331246" level="INFO">GET Request : url=https://randomuser.me/api 
 path_url=/api 
 headers={'User-Agent': 'python-requests/2.31.0', 'Accept-Encoding': 'gzip, deflate', 'Accept': '*/*', 'Connection': 'keep-alive'} 
 body=None 
 </msg>
<msg time="2024-03-29T10:14:46.331346" level="INFO">GET Response : url=https://randomuser.me/api 
 status=200, reason=OK 
 headers={'Date': 'Fri, 29 Mar 2024 10:14:46 GMT', 'Content-Type': 'application/json; charset=utf-8', 'Transfer-Encoding': 'chunked', 'Connection': 'keep-alive', 'X-Powered-By': 'Express', 'Access-Control-Allow-Origin': '*', 'Cache-Control': 'no-cache', 'ETag': 'W/"493-E8b2Sxm05HTQrZe1zi9WcjSEN+E"', 'Vary': 'Accept-Encoding', 'Content-Encoding': 'gzip', 'CF-Cache-Status': 'DYNAMIC', 'Report-To': '{"endpoints":[{"url":"https:\\/\\/a.nel.cloudflare.com\\/report\\/v4?s=WdjBrTONJWUGRE%2FBXZ3nRIOREuXduOwlY6JUvx0nXjztoOPMuk0beF75wkxMVpnoG00M11TOkL22qWCpJN55HIAXvcUnjOJlrkhYi1hbfKUd5YxSsBf0EftX%2BmFHCLPS"}],"group":"cf-nel","max_age":604800}', 'NEL': '{"success_fraction":0,"report_to":"cf-nel","max_age":604800}', 'Server': 'cloudflare', 'CF-RAY': '86bf184ad91a2ade-ORD', 'alt-svc': 'h3=":443"; ma=86400'} 
 body={"results":[{"gender":"female","name":{"title":"Ms","first":"Emma","last":"Collins"},"location":{"street":{"number":8040,"name":"Springfield Road"},"city":"Southampton","state":"Cornwall","country":"United Kingdom","postcode":"R94 3PE","coordinates":{"latitude":"-8.9234","longitude":"127.1632"},"timezone":{"offset":"-12:00","description":"Eniwetok, Kwajalein"}},"email":"emma.collins@example.com","login":{"uuid":"52b0ccc2-c61b-41ac-8a0b-e198c643dbf4","username":"sadwolf203","password":"00000","salt":"AfSgPWbN","md5":"38b812ab3b02ebbf1939e9975912be5b","sha1":"5f03ee5b61a8b2ec129f701f46124e4b7103ca04","sha256":"bcf84d39746975a180ced0863d2b03387a4748ec7d5b659fb7e6d6db35bf0def"},"dob":{"date":"1977-12-02T12:07:38.640Z","age":46},"registered":{"date":"2013-04-27T02:26:07.719Z","age":10},"phone":"015242 15324","cell":"07584 247494","id":{"name":"NINO","value":"PX 46 50 27 Y"},"picture":{"large":"https://randomuser.me/api/portraits/women/77.jpg","medium":"https://randomuser.me/api/portraits/med/women/77.jpg","thumbnail":"https://randomuser.me/api/portraits/thumb/women/77.jpg"},"nat":"GB"}],"info":{"seed":"5f64db7a36cf8265","results":1,"page":1,"version":"1.4"}} 
 </msg>
<msg time="2024-03-29T10:14:46.331420" level="INFO">/opt/hostedtoolcache/Python/3.12.2/x64/lib/python3.12/site-packages/urllib3/connectionpool.py:1103: InsecureRequestWarning: Unverified HTTPS request is being made to host 'randomuser.me'. Adding certificate verification is strongly advised. See: https://urllib3.readthedocs.io/en/latest/advanced-usage.html#tls-warnings
  warnings.warn(</msg>
<msg time="2024-03-29T10:14:46.331548" level="INFO">${response} = &lt;Response [200]&gt;</msg>
<var>${response}</var>
<arg>consultarAPI</arg>
<arg>/api</arg>
<doc>Sends a GET request on a previously created HTTP Session.</doc>
<status status="PASS" start="2024-03-29T10:14:46.219163" elapsed="0.112428"/>
</kw>
<kw name="Set Variable" owner="BuiltIn">
<msg time="2024-03-29T10:14:46.332611" level="INFO">${json_data} = {'results': [{'gender': 'female', 'name': {'title': 'Ms', 'first': 'Emma', 'last': 'Collins'}, 'location': {'street': {'number': 8040, 'name': 'Springfield Road'}, 'city': 'Southampton', 'state': 'Cor...</msg>
<var>${json_data}</var>
<arg>${response.json()}</arg>
<doc>Returns the given values which can then be assigned to a variables.</doc>
<status status="PASS" start="2024-03-29T10:14:46.332099" elapsed="0.000541"/>
</kw>
<kw name="Set Variable" owner="BuiltIn">
<msg time="2024-03-29T10:14:46.333368" level="INFO">${name_title} = Ms</msg>
<var>${name_title}</var>
<arg>${json_data["results"][0]["name"]["title"]}</arg>
<doc>Returns the given values which can then be assigned to a variables.</doc>
<status status="PASS" start="2024-03-29T10:14:46.332973" elapsed="0.000421"/>
</kw>
<kw name="Create List" owner="BuiltIn">
<msg time="2024-03-29T10:14:46.333865" level="INFO">${allowed_titles} = ['Mr', 'Ms', 'Miss', 'Mrs', 'Madame', 'Monsieur']</msg>
<var>${allowed_titles}</var>
<arg>Mr</arg>
<arg>Ms</arg>
<arg>Miss</arg>
<arg>Mrs</arg>
<arg>Madame</arg>
<arg>Monsieur</arg>
<doc>Returns a list containing given items.</doc>
<status status="PASS" start="2024-03-29T10:14:46.333709" elapsed="0.000181"/>
</kw>
<kw name="List Should Contain Value" owner="Collections">
<msg time="2024-03-29T10:14:46.334389" level="INFO">False</msg>
<arg>${allowed_titles}</arg>
<arg>${name_title}</arg>
<doc>Fails if the ``value`` is not found from ``list``.</doc>
<status status="PASS" start="2024-03-29T10:14:46.334210" elapsed="0.000218"/>
</kw>
<kw name="Set Variable" owner="BuiltIn">
<msg time="2024-03-29T10:14:46.335132" level="INFO">${name_country} = GB</msg>
<var>${name_country}</var>
<arg>${json_data["results"][0]["nat"]}</arg>
<doc>Returns the given values which can then be assigned to a variables.</doc>
<status status="PASS" start="2024-03-29T10:14:46.334741" elapsed="0.000417"/>
</kw>
<kw name="Create List" owner="BuiltIn">
<msg time="2024-03-29T10:14:46.336119" level="INFO">${list_country} = ['AD', 'AE', 'AF', 'AG', 'AI', 'AL', 'AM', 'AO', 'AQ', 'AR', 'AS', 'AT', 'AU', 'AW', 'AX', 'AZ', 'BA', 'BB', 'BD', 'BE', 'BF', 'BG', 'BH', 'BI', 'BJ', 'BL', 'BM', 'BN', 'BO', 'BQ', 'BR', 'BS', 'BT', '...</msg>
<var>${list_country}</var>
<arg>AD</arg>
<arg>AE</arg>
<arg>AF</arg>
<arg>AG</arg>
<arg>AI</arg>
<arg>AL</arg>
<arg>AM</arg>
<arg>AO</arg>
<arg>AQ</arg>
<arg>AR</arg>
<arg>AS</arg>
<arg>AT</arg>
<arg>AU</arg>
<arg>AW</arg>
<arg>AX</arg>
<arg>AZ</arg>
<arg>BA</arg>
<arg>BB</arg>
<arg>BD</arg>
<arg>BE</arg>
<arg>BF</arg>
<arg>BG</arg>
<arg>BH</arg>
<arg>BI</arg>
<arg>BJ</arg>
<arg>BL</arg>
<arg>BM</arg>
<arg>BN</arg>
<arg>BO</arg>
<arg>BQ</arg>
<arg>BR</arg>
<arg>BS</arg>
<arg>BT</arg>
<arg>BV</arg>
<arg>BW</arg>
<arg>BY</arg>
<arg>BZ</arg>
<arg>CA</arg>
<arg>CC</arg>
<arg>CD</arg>
<arg>CF</arg>
<arg>CG</arg>
<arg>CH</arg>
<arg>CI</arg>
<arg>CK</arg>
<arg>CL</arg>
<arg>CM</arg>
<arg>CN</arg>
<arg>CO</arg>
<arg>CR</arg>
<arg>CU</arg>
<arg>CV</arg>
<arg>CW</arg>
<arg>CX</arg>
<arg>CY</arg>
<arg>CZ</arg>
<arg>DE</arg>
<arg>DJ</arg>
<arg>DK</arg>
<arg>DM</arg>
<arg>DO</arg>
<arg>DZ</arg>
<arg>EC</arg>
<arg>EE</arg>
<arg>EG</arg>
<arg>EH</arg>
<arg>ER</arg>
<arg>ES</arg>
<arg>ET</arg>
<arg>FI</arg>
<arg>FJ</arg>
<arg>FK</arg>
<arg>FM</arg>
<arg>FO</arg>
<arg>FR</arg>
<arg>GA</arg>
<arg>GB</arg>
<arg>GD</arg>
<arg>GE</arg>
<arg>GF</arg>
<arg>GG</arg>
<arg>GH</arg>
<arg>GI</arg>
<arg>GL</arg>
<arg>GM</arg>
<arg>GN</arg>
<arg>GP</arg>
<arg>GQ</arg>
<arg>GR</arg>
<arg>GS</arg>
<arg>GT</arg>
<arg>GU</arg>
<arg>GW</arg>
<arg>GY</arg>
<arg>HK</arg>
<arg>HM</arg>
<arg>HN</arg>
<arg>HR</arg>
<arg>HT</arg>
<arg>HU</arg>
<arg>ID</arg>
<arg>IE</arg>
<arg>IL</arg>
<arg>IM</arg>
<arg>IN</arg>
<arg>IO</arg>
<arg>IQ</arg>
<arg>IR</arg>
<arg>IS</arg>
<arg>IT</arg>
<arg>JE</arg>
<arg>JM</arg>
<arg>JO</arg>
<arg>JP</arg>
<arg>KE</arg>
<arg>KG</arg>
<arg>KH</arg>
<arg>KI</arg>
<arg>KM</arg>
<arg>KN</arg>
<arg>KP</arg>
<arg>KR</arg>
<arg>KW</arg>
<arg>KY</arg>
<arg>KZ</arg>
<arg>LA</arg>
<arg>LB</arg>
<arg>LC</arg>
<arg>LI</arg>
<arg>LK</arg>
<arg>LR</arg>
<arg>LS</arg>
<arg>LT</arg>
<arg>LU</arg>
<arg>LV</arg>
<arg>LY</arg>
<arg>MA</arg>
<arg>MC</arg>
<arg>MD</arg>
<arg>ME</arg>
<arg>MF</arg>
<arg>MG</arg>
<arg>MH</arg>
<arg>MK</arg>
<arg>ML</arg>
<arg>MM</arg>
<arg>MN</arg>
<arg>MO</arg>
<arg>MP</arg>
<arg>MQ</arg>
<arg>MR</arg>
<arg>MS</arg>
<arg>MT</arg>
<arg>MU</arg>
<arg>MV</arg>
<arg>MW</arg>
<arg>MX</arg>
<arg>MY</arg>
<arg>MZ</arg>
<arg>NA</arg>
<arg>NC</arg>
<arg>NE</arg>
<arg>NF</arg>
<arg>NG</arg>
<arg>NI</arg>
<arg>NL</arg>
<arg>NO</arg>
<arg>NP</arg>
<arg>NR</arg>
<arg>NU</arg>
<arg>NZ</arg>
<arg>OM</arg>
<arg>PA</arg>
<arg>PE</arg>
<arg>PF</arg>
<arg>PG</arg>
<arg>PH</arg>
<arg>PK</arg>
<arg>PL</arg>
<arg>PM</arg>
<arg>PN</arg>
<arg>PR</arg>
<arg>PS</arg>
<arg>PT</arg>
<arg>PW</arg>
<arg>PY</arg>
<arg>QA</arg>
<arg>RE</arg>
<arg>RO</arg>
<arg>RS</arg>
<arg>RU</arg>
<arg>RW</arg>
<arg>SA</arg>
<arg>SB</arg>
<arg>SC</arg>
<arg>SD</arg>
<arg>SE</arg>
<arg>SG</arg>
<arg>SH</arg>
<arg>SI</arg>
<arg>SJ</arg>
<arg>SK</arg>
<arg>SL</arg>
<arg>SM</arg>
<arg>SN</arg>
<arg>SO</arg>
<arg>SR</arg>
<arg>SS</arg>
<arg>ST</arg>
<arg>SV</arg>
<arg>SX</arg>
<arg>SY</arg>
<arg>SZ</arg>
<arg>TC</arg>
<arg>TD</arg>
<arg>TF</arg>
<arg>TG</arg>
<arg>TH</arg>
<arg>TJ</arg>
<arg>TK</arg>
<arg>TL</arg>
<arg>TM</arg>
<arg>TN</arg>
<arg>TO</arg>
<arg>TR</arg>
<arg>TT</arg>
<arg>TV</arg>
<arg>TW</arg>
<arg>TZ</arg>
<arg>UA</arg>
<arg>UG</arg>
<arg>UM</arg>
<arg>US</arg>
<arg>UY</arg>
<arg>UZ</arg>
<arg>VA</arg>
<arg>VC</arg>
<arg>VE</arg>
<arg>VG</arg>
<arg>VI</arg>
<arg>VN</arg>
<arg>VU</arg>
<arg>WF</arg>
<arg>WS</arg>
<arg>XK</arg>
<arg>YE</arg>
<arg>YT</arg>
<arg>ZA</arg>
<arg>ZM</arg>
<arg>ZW</arg>
<doc>Returns a list containing given items.</doc>
<status status="PASS" start="2024-03-29T10:14:46.335475" elapsed="0.000671"/>
</kw>
<kw name="List Should Contain Value" owner="Collections">
<msg time="2024-03-29T10:14:46.337282" level="INFO">False</msg>
<arg>${list_country}</arg>
<arg>${name_country}</arg>
<doc>Fails if the ``value`` is not found from ``list``.</doc>
<status status="PASS" start="2024-03-29T10:14:46.337066" elapsed="0.000256"/>
</kw>
<kw name="Run Keyword If" owner="BuiltIn">
<kw name="Should Be True" owner="BuiltIn">
<arg>${True}</arg>
<doc>Fails if the given condition is not true.</doc>
<status status="PASS" start="2024-03-29T10:14:46.338428" elapsed="0.000149"/>
</kw>
<arg>${json_data["results"][0]["location"]["coordinates"]["latitude"]} &gt;= -90 and ${json_data["results"][0]["location"]["coordinates"]["latitude"]} &lt;= 90</arg>
<arg>Should Be True</arg>
<arg>${True}</arg>
<doc>Runs the given keyword with the given arguments, if ``condition`` is true.</doc>
<status status="PASS" start="2024-03-29T10:14:46.337650" elapsed="0.001058"/>
</kw>
<kw name="Run Keyword If" owner="BuiltIn">
<kw name="Should Be True" owner="BuiltIn">
<arg>${True}</arg>
<doc>Fails if the given condition is not true.</doc>
<status status="PASS" start="2024-03-29T10:14:46.339626" elapsed="0.000179"/>
</kw>
<arg>${json_data["results"][0]["location"]["coordinates"]["longitude"]} &gt;= -180 and ${json_data["results"][0]["location"]["coordinates"]["longitude"]} &lt;= 180</arg>
<arg>Should Be True</arg>
<arg>${True}</arg>
<doc>Runs the given keyword with the given arguments, if ``condition`` is true.</doc>
<status status="PASS" start="2024-03-29T10:14:46.338899" elapsed="0.001037"/>
</kw>
<status status="PASS" start="2024-03-29T10:14:46.218945" elapsed="0.121126"/>
</kw>
<doc>Testa o conteúdo específico dos campos retornados pela API.</doc>
<tag>testeConteudo</tag>
<status status="PASS" start="2024-03-29T10:14:46.218443" elapsed="0.121783"/>
</test>
<status status="PASS" start="2024-03-29T10:14:45.196300" elapsed="1.145869"/>
</suite>
<status status="PASS" start="2024-03-29T10:14:45.182700" elapsed="1.164825"/>
</suite>
<statistics>
<total>
<stat pass="5" fail="0" skip="0">All Tests</stat>
</total>
<tag>
<stat pass="1" fail="0" skip="0">testeConteudo</stat>
<stat pass="1" fail="0" skip="0">testeEstruturaResposta</stat>
<stat pass="1" fail="0" skip="0">testeRequisicaoBasica</stat>
<stat pass="1" fail="0" skip="0">testeTiposDados</stat>
</tag>
<suite>
<stat pass="5" fail="0" skip="0" id="s1" name="Tests">Tests</stat>
<stat pass="5" fail="0" skip="0" id="s1-s1" name="Random-User-Test">Tests.Random-User-Test</stat>
</suite>
</statistics>
<errors>
</errors>
</robot>
