<?xml version="1.0" encoding="UTF-8"?>
<robot generator="Robot 7.0.1 (Python 3.12.4 on linux)" generated="2024-06-28T12:28:17.397415" rpa="false" schemaversion="5">
<suite id="s1" name="Tests" source="/home/runner/work/ApiRandomUser/ApiRandomUser/RamdonUser/tests">
<suite id="s1-s1" name="Random-User-Test" source="/home/runner/work/ApiRandomUser/ApiRandomUser/RamdonUser/tests/random-user-test.robot">
<test id="s1-s1-t1" name="Conectar" line="13">
<kw name="Conectar API" owner="random-user-service">
<kw name="Create Session" owner="RequestsLibrary">
<msg time="2024-06-28T12:28:17.785412" level="INFO">Creating Session using : alias=consultarAPI, url=https://randomuser.me/, headers={},                     cookies={}, auth=None, timeout=None, proxies=None, verify=False,                     debug=0 </msg>
<arg>consultarAPI</arg>
<arg>${URL}</arg>
<doc>Create Session: create a HTTP session to a server</doc>
<status status="PASS" start="2024-06-28T12:28:17.785214" elapsed="0.000400"/>
</kw>
<status status="PASS" start="2024-06-28T12:28:17.784309" elapsed="0.001646"/>
</kw>
<status status="PASS" start="2024-06-28T12:28:17.783721" elapsed="0.002421"/>
</test>
<test id="s1-s1-t2" name="Validar retorno 200 e JSON Válido" line="16">
<kw name="Teste de Requisicao Basica" owner="random-user-service">
<kw name="GET On Session" owner="RequestsLibrary">
<msg time="2024-06-28T12:28:17.957930" level="INFO">GET Request : url=https://randomuser.me/api 
 path_url=/api 
 headers={'User-Agent': 'python-requests/2.32.3', 'Accept-Encoding': 'gzip, deflate', 'Accept': '*/*', 'Connection': 'keep-alive'} 
 body=None 
 </msg>
<msg time="2024-06-28T12:28:17.958041" level="INFO">GET Response : url=https://randomuser.me/api 
 status=200, reason=OK 
 headers={'Date': 'Fri, 28 Jun 2024 12:28:17 GMT', 'Content-Type': 'application/json; charset=utf-8', 'Transfer-Encoding': 'chunked', 'Connection': 'keep-alive', 'X-Powered-By': 'Express', 'Access-Control-Allow-Origin': '*', 'Cache-Control': 'no-cache', 'ETag': 'W/"47e-k4aUAIKjBv8+GWSUTckLTYFIziE"', 'Vary': 'Accept-Encoding', 'Content-Encoding': 'gzip', 'CF-Cache-Status': 'DYNAMIC', 'Report-To': '{"endpoints":[{"url":"https:\\/\\/a.nel.cloudflare.com\\/report\\/v4?s=EFPAQQ5Z2H2yZez%2FgP0otm1DAo%2FYMAqpGvybVYzd%2FyrZMTFb95%2FpRoO3uYwlAf1v9XCGNdPIrzMcUaGqnDRaKe9D8Gq5Y0S7N%2F7WCAxsWJyu3p%2FPNev61GdYdQVEoKrU"}],"group":"cf-nel","max_age":604800}', 'NEL': '{"success_fraction":0,"report_to":"cf-nel","max_age":604800}', 'Server': 'cloudflare', 'CF-RAY': '89adad040c582082-IAD', 'alt-svc': 'h3=":443"; ma=86400'} 
 body={"results":[{"gender":"male","name":{"title":"Mr","first":"Milan","last":"Saliychuk"},"location":{"street":{"number":4246,"name":"Vorobkevicha"},"city":"Tulchin","state":"Zhitomirska","country":"Ukraine","postcode":67972,"coordinates":{"latitude":"78.3413","longitude":"-168.8894"},"timezone":{"offset":"+7:00","description":"Bangkok, Hanoi, Jakarta"}},"email":"milan.saliychuk@example.com","login":{"uuid":"8bd62e3a-1af7-4cc6-a619-9c46b0b681eb","username":"bigmouse607","password":"hillbill","salt":"fP8EXXz3","md5":"578ceed978349d90614a5425709a6b75","sha1":"0812a163714e7c44ff8f479c5f2141a1081601d7","sha256":"800c856569650c6ea43e16299065c8972efa4ffaa3785332e776c2133798c856"},"dob":{"date":"1987-09-24T19:51:38.403Z","age":36},"registered":{"date":"2007-12-08T23:58:08.679Z","age":16},"phone":"(098) B74-5097","cell":"(099) K80-6449","id":{"name":"","value":null},"picture":{"large":"https://randomuser.me/api/portraits/men/42.jpg","medium":"https://randomuser.me/api/portraits/med/men/42.jpg","thumbnail":"https://randomuser.me/api/portraits/thumb/men/42.jpg"},"nat":"UA"}],"info":{"seed":"4a2c0c622525e5f0","results":1,"page":1,"version":"1.4"}} 
 </msg>
<msg time="2024-06-28T12:28:17.958117" level="INFO">/opt/hostedtoolcache/Python/3.12.4/x64/lib/python3.12/site-packages/urllib3/connectionpool.py:1099: InsecureRequestWarning: Unverified HTTPS request is being made to host 'randomuser.me'. Adding certificate verification is strongly advised. See: https://urllib3.readthedocs.io/en/latest/advanced-usage.html#tls-warnings
  warnings.warn(</msg>
<msg time="2024-06-28T12:28:17.958252" level="INFO">${response} = &lt;Response [200]&gt;</msg>
<var>${response}</var>
<arg>consultarAPI</arg>
<arg>/api</arg>
<doc>Sends a GET request on a previously created HTTP Session.</doc>
<status status="PASS" start="2024-06-28T12:28:17.788771" elapsed="0.169514"/>
</kw>
<kw name="Should Be Equal As Numbers" owner="BuiltIn">
<msg time="2024-06-28T12:28:17.959170" level="INFO">Argument types are:
&lt;class 'int'&gt;
&lt;class 'str'&gt;</msg>
<arg>${response.status_code}</arg>
<arg>200</arg>
<doc>Fails if objects are unequal after converting them to real numbers.</doc>
<status status="PASS" start="2024-06-28T12:28:17.958735" elapsed="0.000498"/>
</kw>
<kw name="Log" owner="BuiltIn">
<msg time="2024-06-28T12:28:17.959913" level="INFO">200</msg>
<arg>${response.status_code}</arg>
<doc>Logs the given message with the given level.</doc>
<status status="PASS" start="2024-06-28T12:28:17.959557" elapsed="0.000399"/>
</kw>
<kw name="Set Variable" owner="BuiltIn">
<msg time="2024-06-28T12:28:17.960684" level="INFO">${json_data} = {'results': [{'gender': 'male', 'name': {'title': 'Mr', 'first': 'Milan', 'last': 'Saliychuk'}, 'location': {'street': {'number': 4246, 'name': 'Vorobkevicha'}, 'city': 'Tulchin', 'state': 'Zhitomirsk...</msg>
<var>${json_data}</var>
<arg>${response.json()}</arg>
<doc>Returns the given values which can then be assigned to a variables.</doc>
<status status="PASS" start="2024-06-28T12:28:17.960259" elapsed="0.000453"/>
</kw>
<kw name="Dictionary Should Contain Key" owner="Collections">
<arg>${json_data}</arg>
<arg>results</arg>
<doc>Fails if ``key`` is not found from ``dictionary``.</doc>
<status status="PASS" start="2024-06-28T12:28:17.961004" elapsed="0.000160"/>
</kw>
<status status="PASS" start="2024-06-28T12:28:17.788529" elapsed="0.172781"/>
</kw>
<doc>Testa se a API responde corretamente e retorna um objeto JSON válido.</doc>
<tag>testeRequisicaoBasica</tag>
<status status="PASS" start="2024-06-28T12:28:17.787978" elapsed="0.173531"/>
</test>
<test id="s1-s1-t3" name="Validar estrutura de resposta" line="22">
<kw name="Teste de Estrutura de Resposta" owner="random-user-service">
<kw name="GET On Session" owner="RequestsLibrary">
<msg time="2024-06-28T12:28:18.081226" level="INFO">GET Request : url=https://randomuser.me/api 
 path_url=/api 
 headers={'User-Agent': 'python-requests/2.32.3', 'Accept-Encoding': 'gzip, deflate', 'Accept': '*/*', 'Connection': 'keep-alive'} 
 body=None 
 </msg>
<msg time="2024-06-28T12:28:18.081314" level="INFO">GET Response : url=https://randomuser.me/api 
 status=200, reason=OK 
 headers={'Date': 'Fri, 28 Jun 2024 12:28:18 GMT', 'Content-Type': 'application/json; charset=utf-8', 'Transfer-Encoding': 'chunked', 'Connection': 'keep-alive', 'X-Powered-By': 'Express', 'Access-Control-Allow-Origin': '*', 'Cache-Control': 'no-cache', 'ETag': 'W/"48b-V/nlnUzfJRgO7+Rt0ElOGfTJuC8"', 'Vary': 'Accept-Encoding', 'Content-Encoding': 'gzip', 'CF-Cache-Status': 'DYNAMIC', 'Report-To': '{"endpoints":[{"url":"https:\\/\\/a.nel.cloudflare.com\\/report\\/v4?s=lhis0LEgcOZfurWgi18Owhgtsg37Sy37igNr6%2BX196F3ANS4XgqnXsItMcAi40ESZxPYmDVfl7dHoHum0vWBCOILlfcm%2F0DSFpYLrNq8i%2BydgKDyZbTYzUccljHOmF0H"}],"group":"cf-nel","max_age":604800}', 'NEL': '{"success_fraction":0,"report_to":"cf-nel","max_age":604800}', 'Server': 'cloudflare', 'CF-RAY': '89adad044cc42082-IAD', 'alt-svc': 'h3=":443"; ma=86400'} 
 body={"results":[{"gender":"male","name":{"title":"Mr","first":"Theun","last":"Nootenboom"},"location":{"street":{"number":4038,"name":"Jansdam"},"city":"Huizinge","state":"Utrecht","country":"Netherlands","postcode":"1930 TN","coordinates":{"latitude":"31.9329","longitude":"-95.9908"},"timezone":{"offset":"-11:00","description":"Midway Island, Samoa"}},"email":"theun.nootenboom@example.com","login":{"uuid":"e806d6d5-bd49-41a9-aad7-1e4e5cb9ad8c","username":"ticklishladybug174","password":"newpass6","salt":"U2qJgOLk","md5":"aa3415971990644ab695dc0b0aa6c3ee","sha1":"ec4b13a27842931ec0a2982ed5f1d10a41845dcd","sha256":"79407eb9e4494a2eda04c417d8f8e4bfef2ead80bac9e1cfcfbb8219c359747f"},"dob":{"date":"1997-07-11T03:30:59.265Z","age":26},"registered":{"date":"2007-07-20T09:05:56.507Z","age":16},"phone":"(0656) 482990","cell":"(06) 15892219","id":{"name":"BSN","value":"91557942"},"picture":{"large":"https://randomuser.me/api/portraits/men/87.jpg","medium":"https://randomuser.me/api/portraits/med/men/87.jpg","thumbnail":"https://randomuser.me/api/portraits/thumb/men/87.jpg"},"nat":"NL"}],"info":{"seed":"833df2875f4ab03c","results":1,"page":1,"version":"1.4"}} 
 </msg>
<msg time="2024-06-28T12:28:18.081460" level="INFO">/opt/hostedtoolcache/Python/3.12.4/x64/lib/python3.12/site-packages/urllib3/connectionpool.py:1099: InsecureRequestWarning: Unverified HTTPS request is being made to host 'randomuser.me'. Adding certificate verification is strongly advised. See: https://urllib3.readthedocs.io/en/latest/advanced-usage.html#tls-warnings
  warnings.warn(</msg>
<msg time="2024-06-28T12:28:18.081575" level="INFO">${response} = &lt;Response [200]&gt;</msg>
<var>${response}</var>
<arg>consultarAPI</arg>
<arg>/api</arg>
<doc>Sends a GET request on a previously created HTTP Session.</doc>
<status status="PASS" start="2024-06-28T12:28:17.964121" elapsed="0.117496"/>
</kw>
<kw name="Set Variable" owner="BuiltIn">
<msg time="2024-06-28T12:28:18.082606" level="INFO">${json_data} = {'results': [{'gender': 'male', 'name': {'title': 'Mr', 'first': 'Theun', 'last': 'Nootenboom'}, 'location': {'street': {'number': 4038, 'name': 'Jansdam'}, 'city': 'Huizinge', 'state': 'Utrecht', 'co...</msg>
<var>${json_data}</var>
<arg>${response.json()}</arg>
<doc>Returns the given values which can then be assigned to a variables.</doc>
<status status="PASS" start="2024-06-28T12:28:18.081986" elapsed="0.000649"/>
</kw>
<kw name="Log" owner="BuiltIn">
<msg time="2024-06-28T12:28:18.083102" level="INFO">{'results': [{'gender': 'male', 'name': {'title': 'Mr', 'first': 'Theun', 'last': 'Nootenboom'}, 'location': {'street': {'number': 4038, 'name': 'Jansdam'}, 'city': 'Huizinge', 'state': 'Utrecht', 'country': 'Netherlands', 'postcode': '1930 TN', 'coordinates': {'latitude': '31.9329', 'longitude': '-95.9908'}, 'timezone': {'offset': '-11:00', 'description': 'Midway Island, Samoa'}}, 'email': 'theun.nootenboom@example.com', 'login': {'uuid': 'e806d6d5-bd49-41a9-aad7-1e4e5cb9ad8c', 'username': 'ticklishladybug174', 'password': 'newpass6', 'salt': 'U2qJgOLk', 'md5': 'aa3415971990644ab695dc0b0aa6c3ee', 'sha1': 'ec4b13a27842931ec0a2982ed5f1d10a41845dcd', 'sha256': '79407eb9e4494a2eda04c417d8f8e4bfef2ead80bac9e1cfcfbb8219c359747f'}, 'dob': {'date': '1997-07-11T03:30:59.265Z', 'age': 26}, 'registered': {'date': '2007-07-20T09:05:56.507Z', 'age': 16}, 'phone': '(0656) 482990', 'cell': '(06) 15892219', 'id': {'name': 'BSN', 'value': '91557942'}, 'picture': {'large': 'https://randomuser.me/api/portraits/men/87.jpg', 'medium': 'https://randomuser.me/api/portraits/med/men/87.jpg', 'thumbnail': 'https://randomuser.me/api/portraits/thumb/men/87.jpg'}, 'nat': 'NL'}], 'info': {'seed': '833df2875f4ab03c', 'results': 1, 'page': 1, 'version': '1.4'}}</msg>
<arg>${json_data}</arg>
<doc>Logs the given message with the given level.</doc>
<status status="PASS" start="2024-06-28T12:28:18.082945" elapsed="0.000204"/>
</kw>
<kw name="Dictionary Should Contain Key" owner="Collections">
<arg>${json_data}</arg>
<arg>results</arg>
<doc>Fails if ``key`` is not found from ``dictionary``.</doc>
<status status="PASS" start="2024-06-28T12:28:18.083441" elapsed="0.000151"/>
</kw>
<kw name="Should Not Be Empty" owner="BuiltIn">
<msg time="2024-06-28T12:28:18.083905" level="INFO">Length is 2.</msg>
<arg>${json_data}</arg>
<doc>Verifies that the given item is not empty.</doc>
<status status="PASS" start="2024-06-28T12:28:18.083772" elapsed="0.000170"/>
</kw>
<kw name="Create List" owner="BuiltIn">
<msg time="2024-06-28T12:28:18.084509" level="INFO">${expected_keys} = ['gender', 'name', 'location', 'email', 'login']</msg>
<var>${expected_keys}</var>
<arg>gender</arg>
<arg>name</arg>
<arg>location</arg>
<arg>email</arg>
<arg>login</arg>
<doc>Returns a list containing given items.</doc>
<status status="PASS" start="2024-06-28T12:28:18.084236" elapsed="0.000298"/>
</kw>
<for flavor="IN">
<iter>
<kw name="Dictionary Should Contain Key" owner="Collections">
<arg>${json_data['results'][0]}</arg>
<arg>${key}</arg>
<doc>Fails if ``key`` is not found from ``dictionary``.</doc>
<status status="PASS" start="2024-06-28T12:28:18.085096" elapsed="0.000431"/>
</kw>
<kw name="Log" owner="BuiltIn">
<msg time="2024-06-28T12:28:18.086076" level="INFO">{'gender': 'male', 'name': {'title': 'Mr', 'first': 'Theun', 'last': 'Nootenboom'}, 'location': {'street': {'number': 4038, 'name': 'Jansdam'}, 'city': 'Huizinge', 'state': 'Utrecht', 'country': 'Netherlands', 'postcode': '1930 TN', 'coordinates': {'latitude': '31.9329', 'longitude': '-95.9908'}, 'timezone': {'offset': '-11:00', 'description': 'Midway Island, Samoa'}}, 'email': 'theun.nootenboom@example.com', 'login': {'uuid': 'e806d6d5-bd49-41a9-aad7-1e4e5cb9ad8c', 'username': 'ticklishladybug174', 'password': 'newpass6', 'salt': 'U2qJgOLk', 'md5': 'aa3415971990644ab695dc0b0aa6c3ee', 'sha1': 'ec4b13a27842931ec0a2982ed5f1d10a41845dcd', 'sha256': '79407eb9e4494a2eda04c417d8f8e4bfef2ead80bac9e1cfcfbb8219c359747f'}, 'dob': {'date': '1997-07-11T03:30:59.265Z', 'age': 26}, 'registered': {'date': '2007-07-20T09:05:56.507Z', 'age': 16}, 'phone': '(0656) 482990', 'cell': '(06) 15892219', 'id': {'name': 'BSN', 'value': '91557942'}, 'picture': {'large': 'https://randomuser.me/api/portraits/men/87.jpg', 'medium': 'https://randomuser.me/api/portraits/med/men/87.jpg', 'thumbnail': 'https://randomuser.me/api/portraits/thumb/men/87.jpg'}, 'nat': 'NL'}</msg>
<arg>${json_data['results'][0]}</arg>
<doc>Logs the given message with the given level.</doc>
<status status="PASS" start="2024-06-28T12:28:18.085713" elapsed="0.000409"/>
</kw>
<kw name="Log" owner="BuiltIn">
<msg time="2024-06-28T12:28:18.086543" level="INFO">gender</msg>
<arg>${key}</arg>
<doc>Logs the given message with the given level.</doc>
<status status="PASS" start="2024-06-28T12:28:18.086418" elapsed="0.000162"/>
</kw>
<var name="${key}">gender</var>
<status status="PASS" start="2024-06-28T12:28:18.084976" elapsed="0.001819"/>
</iter>
<iter>
<kw name="Dictionary Should Contain Key" owner="Collections">
<arg>${json_data['results'][0]}</arg>
<arg>${key}</arg>
<doc>Fails if ``key`` is not found from ``dictionary``.</doc>
<status status="PASS" start="2024-06-28T12:28:18.087089" elapsed="0.000389"/>
</kw>
<kw name="Log" owner="BuiltIn">
<msg time="2024-06-28T12:28:18.088003" level="INFO">{'gender': 'male', 'name': {'title': 'Mr', 'first': 'Theun', 'last': 'Nootenboom'}, 'location': {'street': {'number': 4038, 'name': 'Jansdam'}, 'city': 'Huizinge', 'state': 'Utrecht', 'country': 'Netherlands', 'postcode': '1930 TN', 'coordinates': {'latitude': '31.9329', 'longitude': '-95.9908'}, 'timezone': {'offset': '-11:00', 'description': 'Midway Island, Samoa'}}, 'email': 'theun.nootenboom@example.com', 'login': {'uuid': 'e806d6d5-bd49-41a9-aad7-1e4e5cb9ad8c', 'username': 'ticklishladybug174', 'password': 'newpass6', 'salt': 'U2qJgOLk', 'md5': 'aa3415971990644ab695dc0b0aa6c3ee', 'sha1': 'ec4b13a27842931ec0a2982ed5f1d10a41845dcd', 'sha256': '79407eb9e4494a2eda04c417d8f8e4bfef2ead80bac9e1cfcfbb8219c359747f'}, 'dob': {'date': '1997-07-11T03:30:59.265Z', 'age': 26}, 'registered': {'date': '2007-07-20T09:05:56.507Z', 'age': 16}, 'phone': '(0656) 482990', 'cell': '(06) 15892219', 'id': {'name': 'BSN', 'value': '91557942'}, 'picture': {'large': 'https://randomuser.me/api/portraits/men/87.jpg', 'medium': 'https://randomuser.me/api/portraits/med/men/87.jpg', 'thumbnail': 'https://randomuser.me/api/portraits/thumb/men/87.jpg'}, 'nat': 'NL'}</msg>
<arg>${json_data['results'][0]}</arg>
<doc>Logs the given message with the given level.</doc>
<status status="PASS" start="2024-06-28T12:28:18.087658" elapsed="0.000425"/>
</kw>
<kw name="Log" owner="BuiltIn">
<msg time="2024-06-28T12:28:18.088516" level="INFO">name</msg>
<arg>${key}</arg>
<doc>Logs the given message with the given level.</doc>
<status status="PASS" start="2024-06-28T12:28:18.088382" elapsed="0.000171"/>
</kw>
<var name="${key}">name</var>
<status status="PASS" start="2024-06-28T12:28:18.086978" elapsed="0.001795"/>
</iter>
<iter>
<kw name="Dictionary Should Contain Key" owner="Collections">
<arg>${json_data['results'][0]}</arg>
<arg>${key}</arg>
<doc>Fails if ``key`` is not found from ``dictionary``.</doc>
<status status="PASS" start="2024-06-28T12:28:18.089054" elapsed="0.000409"/>
</kw>
<kw name="Log" owner="BuiltIn">
<msg time="2024-06-28T12:28:18.090014" level="INFO">{'gender': 'male', 'name': {'title': 'Mr', 'first': 'Theun', 'last': 'Nootenboom'}, 'location': {'street': {'number': 4038, 'name': 'Jansdam'}, 'city': 'Huizinge', 'state': 'Utrecht', 'country': 'Netherlands', 'postcode': '1930 TN', 'coordinates': {'latitude': '31.9329', 'longitude': '-95.9908'}, 'timezone': {'offset': '-11:00', 'description': 'Midway Island, Samoa'}}, 'email': 'theun.nootenboom@example.com', 'login': {'uuid': 'e806d6d5-bd49-41a9-aad7-1e4e5cb9ad8c', 'username': 'ticklishladybug174', 'password': 'newpass6', 'salt': 'U2qJgOLk', 'md5': 'aa3415971990644ab695dc0b0aa6c3ee', 'sha1': 'ec4b13a27842931ec0a2982ed5f1d10a41845dcd', 'sha256': '79407eb9e4494a2eda04c417d8f8e4bfef2ead80bac9e1cfcfbb8219c359747f'}, 'dob': {'date': '1997-07-11T03:30:59.265Z', 'age': 26}, 'registered': {'date': '2007-07-20T09:05:56.507Z', 'age': 16}, 'phone': '(0656) 482990', 'cell': '(06) 15892219', 'id': {'name': 'BSN', 'value': '91557942'}, 'picture': {'large': 'https://randomuser.me/api/portraits/men/87.jpg', 'medium': 'https://randomuser.me/api/portraits/med/men/87.jpg', 'thumbnail': 'https://randomuser.me/api/portraits/thumb/men/87.jpg'}, 'nat': 'NL'}</msg>
<arg>${json_data['results'][0]}</arg>
<doc>Logs the given message with the given level.</doc>
<status status="PASS" start="2024-06-28T12:28:18.089662" elapsed="0.000399"/>
</kw>
<kw name="Log" owner="BuiltIn">
<msg time="2024-06-28T12:28:18.090488" level="INFO">location</msg>
<arg>${key}</arg>
<doc>Logs the given message with the given level.</doc>
<status status="PASS" start="2024-06-28T12:28:18.090360" elapsed="0.000164"/>
</kw>
<var name="${key}">location</var>
<status status="PASS" start="2024-06-28T12:28:18.088947" elapsed="0.001798"/>
</iter>
<iter>
<kw name="Dictionary Should Contain Key" owner="Collections">
<arg>${json_data['results'][0]}</arg>
<arg>${key}</arg>
<doc>Fails if ``key`` is not found from ``dictionary``.</doc>
<status status="PASS" start="2024-06-28T12:28:18.091023" elapsed="0.000387"/>
</kw>
<kw name="Log" owner="BuiltIn">
<msg time="2024-06-28T12:28:18.091944" level="INFO">{'gender': 'male', 'name': {'title': 'Mr', 'first': 'Theun', 'last': 'Nootenboom'}, 'location': {'street': {'number': 4038, 'name': 'Jansdam'}, 'city': 'Huizinge', 'state': 'Utrecht', 'country': 'Netherlands', 'postcode': '1930 TN', 'coordinates': {'latitude': '31.9329', 'longitude': '-95.9908'}, 'timezone': {'offset': '-11:00', 'description': 'Midway Island, Samoa'}}, 'email': 'theun.nootenboom@example.com', 'login': {'uuid': 'e806d6d5-bd49-41a9-aad7-1e4e5cb9ad8c', 'username': 'ticklishladybug174', 'password': 'newpass6', 'salt': 'U2qJgOLk', 'md5': 'aa3415971990644ab695dc0b0aa6c3ee', 'sha1': 'ec4b13a27842931ec0a2982ed5f1d10a41845dcd', 'sha256': '79407eb9e4494a2eda04c417d8f8e4bfef2ead80bac9e1cfcfbb8219c359747f'}, 'dob': {'date': '1997-07-11T03:30:59.265Z', 'age': 26}, 'registered': {'date': '2007-07-20T09:05:56.507Z', 'age': 16}, 'phone': '(0656) 482990', 'cell': '(06) 15892219', 'id': {'name': 'BSN', 'value': '91557942'}, 'picture': {'large': 'https://randomuser.me/api/portraits/men/87.jpg', 'medium': 'https://randomuser.me/api/portraits/med/men/87.jpg', 'thumbnail': 'https://randomuser.me/api/portraits/thumb/men/87.jpg'}, 'nat': 'NL'}</msg>
<arg>${json_data['results'][0]}</arg>
<doc>Logs the given message with the given level.</doc>
<status status="PASS" start="2024-06-28T12:28:18.091595" elapsed="0.000397"/>
</kw>
<kw name="Log" owner="BuiltIn">
<msg time="2024-06-28T12:28:18.092411" level="INFO">email</msg>
<arg>${key}</arg>
<doc>Logs the given message with the given level.</doc>
<status status="PASS" start="2024-06-28T12:28:18.092285" elapsed="0.000163"/>
</kw>
<var name="${key}">email</var>
<status status="PASS" start="2024-06-28T12:28:18.090916" elapsed="0.001749"/>
</iter>
<iter>
<kw name="Dictionary Should Contain Key" owner="Collections">
<arg>${json_data['results'][0]}</arg>
<arg>${key}</arg>
<doc>Fails if ``key`` is not found from ``dictionary``.</doc>
<status status="PASS" start="2024-06-28T12:28:18.092944" elapsed="0.000382"/>
</kw>
<kw name="Log" owner="BuiltIn">
<msg time="2024-06-28T12:28:18.093900" level="INFO">{'gender': 'male', 'name': {'title': 'Mr', 'first': 'Theun', 'last': 'Nootenboom'}, 'location': {'street': {'number': 4038, 'name': 'Jansdam'}, 'city': 'Huizinge', 'state': 'Utrecht', 'country': 'Netherlands', 'postcode': '1930 TN', 'coordinates': {'latitude': '31.9329', 'longitude': '-95.9908'}, 'timezone': {'offset': '-11:00', 'description': 'Midway Island, Samoa'}}, 'email': 'theun.nootenboom@example.com', 'login': {'uuid': 'e806d6d5-bd49-41a9-aad7-1e4e5cb9ad8c', 'username': 'ticklishladybug174', 'password': 'newpass6', 'salt': 'U2qJgOLk', 'md5': 'aa3415971990644ab695dc0b0aa6c3ee', 'sha1': 'ec4b13a27842931ec0a2982ed5f1d10a41845dcd', 'sha256': '79407eb9e4494a2eda04c417d8f8e4bfef2ead80bac9e1cfcfbb8219c359747f'}, 'dob': {'date': '1997-07-11T03:30:59.265Z', 'age': 26}, 'registered': {'date': '2007-07-20T09:05:56.507Z', 'age': 16}, 'phone': '(0656) 482990', 'cell': '(06) 15892219', 'id': {'name': 'BSN', 'value': '91557942'}, 'picture': {'large': 'https://randomuser.me/api/portraits/men/87.jpg', 'medium': 'https://randomuser.me/api/portraits/med/men/87.jpg', 'thumbnail': 'https://randomuser.me/api/portraits/thumb/men/87.jpg'}, 'nat': 'NL'}</msg>
<arg>${json_data['results'][0]}</arg>
<doc>Logs the given message with the given level.</doc>
<status status="PASS" start="2024-06-28T12:28:18.093545" elapsed="0.000401"/>
</kw>
<kw name="Log" owner="BuiltIn">
<msg time="2024-06-28T12:28:18.094356" level="INFO">login</msg>
<arg>${key}</arg>
<doc>Logs the given message with the given level.</doc>
<status status="PASS" start="2024-06-28T12:28:18.094233" elapsed="0.000160"/>
</kw>
<var name="${key}">login</var>
<status status="PASS" start="2024-06-28T12:28:18.092832" elapsed="0.001775"/>
</iter>
<var>${key}</var>
<value>@{expected_keys}</value>
<status status="PASS" start="2024-06-28T12:28:18.084796" elapsed="0.009930"/>
</for>
<kw name="Create List" owner="BuiltIn">
<msg time="2024-06-28T12:28:18.095049" level="INFO">${expected_keysTwo} = ['username', 'password']</msg>
<var>${expected_keysTwo}</var>
<arg>username</arg>
<arg>password</arg>
<doc>Returns a list containing given items.</doc>
<status status="PASS" start="2024-06-28T12:28:18.094911" elapsed="0.000192"/>
</kw>
<for flavor="IN">
<iter>
<kw name="Dictionary Should Contain Key" owner="Collections">
<arg>${json_data['results'][0]['login']}</arg>
<arg>${keyTwo}</arg>
<doc>Fails if ``key`` is not found from ``dictionary``.</doc>
<status status="PASS" start="2024-06-28T12:28:18.095601" elapsed="0.000385"/>
</kw>
<kw name="Dictionary Should Contain Key" owner="Collections">
<arg>${json_data['results'][0]['login']}</arg>
<arg>${keyTwo}</arg>
<doc>Fails if ``key`` is not found from ``dictionary``.</doc>
<status status="PASS" start="2024-06-28T12:28:18.096162" elapsed="0.000368"/>
</kw>
<kw name="Log" owner="BuiltIn">
<msg time="2024-06-28T12:28:18.096825" level="INFO">username</msg>
<arg>${keyTwo}</arg>
<doc>Logs the given message with the given level.</doc>
<status status="PASS" start="2024-06-28T12:28:18.096707" elapsed="0.000154"/>
</kw>
<var name="${keyTwo}">username</var>
<status status="PASS" start="2024-06-28T12:28:18.095495" elapsed="0.001587"/>
</iter>
<iter>
<kw name="Dictionary Should Contain Key" owner="Collections">
<arg>${json_data['results'][0]['login']}</arg>
<arg>${keyTwo}</arg>
<doc>Fails if ``key`` is not found from ``dictionary``.</doc>
<status status="PASS" start="2024-06-28T12:28:18.097355" elapsed="0.000416"/>
</kw>
<kw name="Dictionary Should Contain Key" owner="Collections">
<arg>${json_data['results'][0]['login']}</arg>
<arg>${keyTwo}</arg>
<doc>Fails if ``key`` is not found from ``dictionary``.</doc>
<status status="PASS" start="2024-06-28T12:28:18.097946" elapsed="0.000367"/>
</kw>
<kw name="Log" owner="BuiltIn">
<msg time="2024-06-28T12:28:18.098613" level="INFO">password</msg>
<arg>${keyTwo}</arg>
<doc>Logs the given message with the given level.</doc>
<status status="PASS" start="2024-06-28T12:28:18.098494" elapsed="0.000159"/>
</kw>
<var name="${keyTwo}">password</var>
<status status="PASS" start="2024-06-28T12:28:18.097250" elapsed="0.001714"/>
</iter>
<var>${keyTwo}</var>
<value>@{expected_keysTwo}</value>
<status status="PASS" start="2024-06-28T12:28:18.095345" elapsed="0.003738"/>
</for>
<status status="PASS" start="2024-06-28T12:28:17.963893" elapsed="0.135323"/>
</kw>
<doc>Testa a estrutura da resposta da API.</doc>
<tag>testeEstruturaResposta</tag>
<status status="PASS" start="2024-06-28T12:28:17.963331" elapsed="0.136024"/>
</test>
<test id="s1-s1-t4" name="Validar tipos de dados" line="28">
<kw name="Teste de Tipos de Dados" owner="random-user-service">
<kw name="GET On Session" owner="RequestsLibrary">
<msg time="2024-06-28T12:28:18.159757" level="INFO">GET Request : url=https://randomuser.me/api 
 path_url=/api 
 headers={'User-Agent': 'python-requests/2.32.3', 'Accept-Encoding': 'gzip, deflate', 'Accept': '*/*', 'Connection': 'keep-alive'} 
 body=None 
 </msg>
<msg time="2024-06-28T12:28:18.159844" level="INFO">GET Response : url=https://randomuser.me/api 
 status=200, reason=OK 
 headers={'Date': 'Fri, 28 Jun 2024 12:28:18 GMT', 'Content-Type': 'application/json; charset=utf-8', 'Transfer-Encoding': 'chunked', 'Connection': 'keep-alive', 'X-Powered-By': 'Express', 'Access-Control-Allow-Origin': '*', 'Cache-Control': 'no-cache', 'ETag': 'W/"49f-7ouvSX2HB6JAwYW3H4YpDiXoMcY"', 'Vary': 'Accept-Encoding', 'Content-Encoding': 'gzip', 'CF-Cache-Status': 'DYNAMIC', 'Report-To': '{"endpoints":[{"url":"https:\\/\\/a.nel.cloudflare.com\\/report\\/v4?s=NiyYfLtSXSiHn7Dew0KE86tAqslyjPkZ8WKsY63fOSdajEzoIp0o8tOO%2FEFizbPZpB9UddGF%2FcdRJAwqJtuAzsOaQKW6tQcMNce0tQX8Rg4up77Rkw0AvaShu6xTySLm"}],"group":"cf-nel","max_age":604800}', 'NEL': '{"success_fraction":0,"report_to":"cf-nel","max_age":604800}', 'Server': 'cloudflare', 'CF-RAY': '89adad052df32082-IAD', 'alt-svc': 'h3=":443"; ma=86400'} 
 body={"results":[{"gender":"female","name":{"title":"Miss","first":"Aayushi","last":"Babu"},"location":{"street":{"number":9503,"name":"Bandstand Promenade"},"city":"Tiruchirappalli","state":"Andhra Pradesh","country":"India","postcode":38687,"coordinates":{"latitude":"9.7569","longitude":"87.6424"},"timezone":{"offset":"-7:00","description":"Mountain Time (US &amp; Canada)"}},"email":"aayushi.babu@example.com","login":{"uuid":"0142f0f0-5a75-4386-9e96-4462b8e23beb","username":"happyelephant364","password":"medicine","salt":"OEtoIzZ3","md5":"9545c458d9fc1efa16051c6e9bf035d8","sha1":"d51194e064342698b796365cca166f7be564d6d3","sha256":"e3a7479a2ed9c94673e4d7e5b0568e47c77d8ba156eb225d668a1a8f78abe88e"},"dob":{"date":"1968-09-06T05:56:04.873Z","age":55},"registered":{"date":"2004-10-21T05:54:49.021Z","age":19},"phone":"8812787664","cell":"9783121342","id":{"name":"UIDAI","value":"363405347203"},"picture":{"large":"https://randomuser.me/api/portraits/women/69.jpg","medium":"https://randomuser.me/api/portraits/med/women/69.jpg","thumbnail":"https://randomuser.me/api/portraits/thumb/women/69.jpg"},"nat":"IN"}],"info":{"seed":"8c082bee45444b13","results":1,"page":1,"version":"1.4"}} 
 </msg>
<msg time="2024-06-28T12:28:18.159920" level="INFO">/opt/hostedtoolcache/Python/3.12.4/x64/lib/python3.12/site-packages/urllib3/connectionpool.py:1099: InsecureRequestWarning: Unverified HTTPS request is being made to host 'randomuser.me'. Adding certificate verification is strongly advised. See: https://urllib3.readthedocs.io/en/latest/advanced-usage.html#tls-warnings
  warnings.warn(</msg>
<msg time="2024-06-28T12:28:18.160061" level="INFO">${response} = &lt;Response [200]&gt;</msg>
<var>${response}</var>
<arg>consultarAPI</arg>
<arg>/api</arg>
<doc>Sends a GET request on a previously created HTTP Session.</doc>
<status status="PASS" start="2024-06-28T12:28:18.101787" elapsed="0.058333"/>
</kw>
<kw name="Set Variable" owner="BuiltIn">
<msg time="2024-06-28T12:28:18.161080" level="INFO">${json_data} = {'results': [{'gender': 'female', 'name': {'title': 'Miss', 'first': 'Aayushi', 'last': 'Babu'}, 'location': {'street': {'number': 9503, 'name': 'Bandstand Promenade'}, 'city': 'Tiruchirappalli', 'sta...</msg>
<var>${json_data}</var>
<arg>${response.json()}</arg>
<doc>Returns the given values which can then be assigned to a variables.</doc>
<status status="PASS" start="2024-06-28T12:28:18.160627" elapsed="0.000482"/>
</kw>
<kw name="Log" owner="BuiltIn">
<msg time="2024-06-28T12:28:18.161624" level="INFO">{'results': [{'gender': 'female', 'name': {'title': 'Miss', 'first': 'Aayushi', 'last': 'Babu'}, 'location': {'street': {'number': 9503, 'name': 'Bandstand Promenade'}, 'city': 'Tiruchirappalli', 'state': 'Andhra Pradesh', 'country': 'India', 'postcode': 38687, 'coordinates': {'latitude': '9.7569', 'longitude': '87.6424'}, 'timezone': {'offset': '-7:00', 'description': 'Mountain Time (US &amp; Canada)'}}, 'email': 'aayushi.babu@example.com', 'login': {'uuid': '0142f0f0-5a75-4386-9e96-4462b8e23beb', 'username': 'happyelephant364', 'password': 'medicine', 'salt': 'OEtoIzZ3', 'md5': '9545c458d9fc1efa16051c6e9bf035d8', 'sha1': 'd51194e064342698b796365cca166f7be564d6d3', 'sha256': 'e3a7479a2ed9c94673e4d7e5b0568e47c77d8ba156eb225d668a1a8f78abe88e'}, 'dob': {'date': '1968-09-06T05:56:04.873Z', 'age': 55}, 'registered': {'date': '2004-10-21T05:54:49.021Z', 'age': 19}, 'phone': '8812787664', 'cell': '9783121342', 'id': {'name': 'UIDAI', 'value': '363405347203'}, 'picture': {'large': 'https://randomuser.me/api/portraits/women/69.jpg', 'medium': 'https://randomuser.me/api/portraits/med/women/69.jpg', 'thumbnail': 'https://randomuser.me/api/portraits/thumb/women/69.jpg'}, 'nat': 'IN'}], 'info': {'seed': '8c082bee45444b13', 'results': 1, 'page': 1, 'version': '1.4'}}</msg>
<arg>${json_data}</arg>
<doc>Logs the given message with the given level.</doc>
<status status="PASS" start="2024-06-28T12:28:18.161451" elapsed="0.000222"/>
</kw>
<kw name="Should Be String" owner="String">
<arg>${json_data['results'][0]['gender']}</arg>
<doc>Fails if the given ``item`` is not a string.</doc>
<status status="PASS" start="2024-06-28T12:28:18.161974" elapsed="0.000368"/>
</kw>
<kw name="Should Match Regexp" owner="BuiltIn">
<arg>${json_data['results'][0]['email']}</arg>
<arg>^[a-zA-Z0-9._%+-]+@[a-zA-Z0-9.-]+\.[a-zA-Z]{2,}$</arg>
<doc>Fails if ``string`` does not match ``pattern`` as a regular expression.</doc>
<status status="PASS" start="2024-06-28T12:28:18.162532" elapsed="0.000503"/>
</kw>
<kw name="Should Match Regexp" owner="BuiltIn">
<arg>${json_data['results'][0]['dob']['date']}</arg>
<arg>\\d{4}-\\d{2}-\\d{2}T\\d{2}:\\d{2}:\\d{2}\\.\\d{3}Z</arg>
<doc>Fails if ``string`` does not match ``pattern`` as a regular expression.</doc>
<status status="PASS" start="2024-06-28T12:28:18.163264" elapsed="0.000487"/>
</kw>
<kw name="Should Match Regexp" owner="BuiltIn">
<arg>${json_data['results'][0]['registered']['date']}</arg>
<arg>\\d{4}-\\d{2}-\\d{2}T\\d{2}:\\d{2}:\\d{2}\\.\\d{3}Z</arg>
<doc>Fails if ``string`` does not match ``pattern`` as a regular expression.</doc>
<status status="PASS" start="2024-06-28T12:28:18.163942" elapsed="0.000370"/>
</kw>
<kw name="Should Match Regexp" owner="BuiltIn">
<arg>${json_data['results'][0]['picture']['large']}</arg>
<arg>^https?://.*\.(?:png|jpe?g|gif|bmp)$</arg>
<doc>Fails if ``string`` does not match ``pattern`` as a regular expression.</doc>
<status status="PASS" start="2024-06-28T12:28:18.164499" elapsed="0.000454"/>
</kw>
<kw name="Should Match Regexp" owner="BuiltIn">
<arg>${json_data['results'][0]['picture']['medium']}</arg>
<arg>^https?://.*\.(?:png|jpe?g|gif|bmp)$</arg>
<doc>Fails if ``string`` does not match ``pattern`` as a regular expression.</doc>
<status status="PASS" start="2024-06-28T12:28:18.165139" elapsed="0.000379"/>
</kw>
<kw name="Should Match Regexp" owner="BuiltIn">
<arg>${json_data['results'][0]['picture']['thumbnail']}</arg>
<arg>^https?://.*\.(?:png|jpe?g|gif|bmp)$</arg>
<doc>Fails if ``string`` does not match ``pattern`` as a regular expression.</doc>
<status status="PASS" start="2024-06-28T12:28:18.165703" elapsed="0.000349"/>
</kw>
<kw name="Log" owner="BuiltIn">
<msg time="2024-06-28T12:28:18.166565" level="INFO">{'large': 'https://randomuser.me/api/portraits/women/69.jpg', 'medium': 'https://randomuser.me/api/portraits/med/women/69.jpg', 'thumbnail': 'https://randomuser.me/api/portraits/thumb/women/69.jpg'}</msg>
<arg>${json_data['results'][0]['picture']}</arg>
<doc>Logs the given message with the given level.</doc>
<status status="PASS" start="2024-06-28T12:28:18.166238" elapsed="0.000370"/>
</kw>
<status status="PASS" start="2024-06-28T12:28:18.101565" elapsed="0.065319"/>
</kw>
<kw name="Teste de Tipos de Dados - Postcode" owner="random-user-service">
<kw name="GET On Session" owner="RequestsLibrary">
<msg time="2024-06-28T12:28:18.265802" level="INFO">GET Request : url=https://randomuser.me/api 
 path_url=/api 
 headers={'User-Agent': 'python-requests/2.32.3', 'Accept-Encoding': 'gzip, deflate', 'Accept': '*/*', 'Connection': 'keep-alive'} 
 body=None 
 </msg>
<msg time="2024-06-28T12:28:18.265869" level="INFO">GET Response : url=https://randomuser.me/api 
 status=200, reason=OK 
 headers={'Date': 'Fri, 28 Jun 2024 12:28:18 GMT', 'Content-Type': 'application/json; charset=utf-8', 'Transfer-Encoding': 'chunked', 'Connection': 'keep-alive', 'X-Powered-By': 'Express', 'Access-Control-Allow-Origin': '*', 'Cache-Control': 'no-cache', 'ETag': 'W/"48b-9BSvzW0Hj83OKg/oH8jObut26vA"', 'Vary': 'Accept-Encoding', 'Content-Encoding': 'gzip', 'CF-Cache-Status': 'DYNAMIC', 'Report-To': '{"endpoints":[{"url":"https:\\/\\/a.nel.cloudflare.com\\/report\\/v4?s=TqeVt1zfHPBvlkpb8RLIMB%2FsgEIUI62MtQOkGDZevQgCf5ubNXcdw6IdlERGZ5qqkLl1EsReWD2OGvCNcst7QNILdmCRdHS3tSGLRGaHHi6gjQTAWEhYNcxx9gw1NpUT"}],"group":"cf-nel","max_age":604800}', 'NEL': '{"success_fraction":0,"report_to":"cf-nel","max_age":604800}', 'Server': 'cloudflare', 'CF-RAY': '89adad058e922082-IAD', 'alt-svc': 'h3=":443"; ma=86400'} 
 body={"results":[{"gender":"female","name":{"title":"Miss","first":"Gül","last":"Kumcuoğlu"},"location":{"street":{"number":2575,"name":"Vatan Cd"},"city":"Ordu","state":"Sakarya","country":"Turkey","postcode":29913,"coordinates":{"latitude":"72.7082","longitude":"46.2574"},"timezone":{"offset":"-4:00","description":"Atlantic Time (Canada), Caracas, La Paz"}},"email":"gul.kumcuoglu@example.com","login":{"uuid":"78544faa-3da8-4711-974d-00a771a6c455","username":"ticklishbear107","password":"dickens","salt":"2PFBhgwB","md5":"3e66f34ab1d4a10b17a837ec68ea4333","sha1":"3538b699ba97ffa02415b7f3537393d023bcad6c","sha256":"3bf0876ab3ee073da5bb96ae5adfb2eeed72d19aaf7a613b5ec1209e0aa25dcf"},"dob":{"date":"1980-09-26T01:12:40.630Z","age":43},"registered":{"date":"2011-09-29T23:18:30.427Z","age":12},"phone":"(164)-723-3710","cell":"(123)-503-1302","id":{"name":"","value":null},"picture":{"large":"https://randomuser.me/api/portraits/women/46.jpg","medium":"https://randomuser.me/api/portraits/med/women/46.jpg","thumbnail":"https://randomuser.me/api/portraits/thumb/women/46.jpg"},"nat":"TR"}],"info":{"seed":"ff457d37b3147bae","results":1,"page":1,"version":"1.4"}} 
 </msg>
<msg time="2024-06-28T12:28:18.265928" level="INFO">/opt/hostedtoolcache/Python/3.12.4/x64/lib/python3.12/site-packages/urllib3/connectionpool.py:1099: InsecureRequestWarning: Unverified HTTPS request is being made to host 'randomuser.me'. Adding certificate verification is strongly advised. See: https://urllib3.readthedocs.io/en/latest/advanced-usage.html#tls-warnings
  warnings.warn(</msg>
<msg time="2024-06-28T12:28:18.266034" level="INFO">${response} = &lt;Response [200]&gt;</msg>
<var>${response}</var>
<arg>consultarAPI</arg>
<arg>/api</arg>
<doc>Sends a GET request on a previously created HTTP Session.</doc>
<status status="PASS" start="2024-06-28T12:28:18.167389" elapsed="0.098688"/>
</kw>
<kw name="Set Variable" owner="BuiltIn">
<msg time="2024-06-28T12:28:18.266882" level="INFO">${json_data} = {'results': [{'gender': 'female', 'name': {'title': 'Miss', 'first': 'Gül', 'last': 'Kumcuoğlu'}, 'location': {'street': {'number': 2575, 'name': 'Vatan Cd'}, 'city': 'Ordu', 'state': 'Sakarya', 'coun...</msg>
<var>${json_data}</var>
<arg>${response.json()}</arg>
<doc>Returns the given values which can then be assigned to a variables.</doc>
<status status="PASS" start="2024-06-28T12:28:18.266421" elapsed="0.000491"/>
</kw>
<kw name="Log" owner="BuiltIn">
<msg time="2024-06-28T12:28:18.267373" level="INFO">{'results': [{'gender': 'female', 'name': {'title': 'Miss', 'first': 'Gül', 'last': 'Kumcuoğlu'}, 'location': {'street': {'number': 2575, 'name': 'Vatan Cd'}, 'city': 'Ordu', 'state': 'Sakarya', 'country': 'Turkey', 'postcode': 29913, 'coordinates': {'latitude': '72.7082', 'longitude': '46.2574'}, 'timezone': {'offset': '-4:00', 'description': 'Atlantic Time (Canada), Caracas, La Paz'}}, 'email': 'gul.kumcuoglu@example.com', 'login': {'uuid': '78544faa-3da8-4711-974d-00a771a6c455', 'username': 'ticklishbear107', 'password': 'dickens', 'salt': '2PFBhgwB', 'md5': '3e66f34ab1d4a10b17a837ec68ea4333', 'sha1': '3538b699ba97ffa02415b7f3537393d023bcad6c', 'sha256': '3bf0876ab3ee073da5bb96ae5adfb2eeed72d19aaf7a613b5ec1209e0aa25dcf'}, 'dob': {'date': '1980-09-26T01:12:40.630Z', 'age': 43}, 'registered': {'date': '2011-09-29T23:18:30.427Z', 'age': 12}, 'phone': '(164)-723-3710', 'cell': '(123)-503-1302', 'id': {'name': '', 'value': None}, 'picture': {'large': 'https://randomuser.me/api/portraits/women/46.jpg', 'medium': 'https://randomuser.me/api/portraits/med/women/46.jpg', 'thumbnail': 'https://randomuser.me/api/portraits/thumb/women/46.jpg'}, 'nat': 'TR'}], 'info': {'seed': 'ff457d37b3147bae', 'results': 1, 'page': 1, 'version': '1.4'}}</msg>
<arg>${json_data}</arg>
<doc>Logs the given message with the given level.</doc>
<status status="PASS" start="2024-06-28T12:28:18.267218" elapsed="0.000204"/>
</kw>
<kw name="Should Be Equal As Numbers" owner="BuiltIn">
<arg>${json_data['results'][0]['location']['postcode']}</arg>
<arg>${json_data['results'][0]['location']['postcode']}</arg>
<doc>Fails if objects are unequal after converting them to real numbers.</doc>
<status status="PASS" start="2024-06-28T12:28:18.267718" elapsed="0.000628"/>
</kw>
<kw name="Log" owner="BuiltIn">
<msg time="2024-06-28T12:28:18.269001" level="INFO">29913</msg>
<arg>${json_data['results'][0]['location']['postcode']}</arg>
<doc>Logs the given message with the given level.</doc>
<status status="PASS" start="2024-06-28T12:28:18.268537" elapsed="0.000505"/>
</kw>
<status status="PASS" start="2024-06-28T12:28:18.167166" elapsed="0.102154"/>
</kw>
<doc>Testa se os tipos de dados na resposta da API estão corretos.</doc>
<tag>testeTiposDados</tag>
<status status="PASS" start="2024-06-28T12:28:18.101110" elapsed="0.168392"/>
</test>
<test id="s1-s1-t5" name="Validar conteudo" line="35">
<kw name="Teste de Tipos de Conteudo" owner="random-user-service">
<kw name="GET On Session" owner="RequestsLibrary">
<msg time="2024-06-28T12:28:18.363649" level="INFO">GET Request : url=https://randomuser.me/api 
 path_url=/api 
 headers={'User-Agent': 'python-requests/2.32.3', 'Accept-Encoding': 'gzip, deflate', 'Accept': '*/*', 'Connection': 'keep-alive'} 
 body=None 
 </msg>
<msg time="2024-06-28T12:28:18.363733" level="INFO">GET Response : url=https://randomuser.me/api 
 status=200, reason=OK 
 headers={'Date': 'Fri, 28 Jun 2024 12:28:18 GMT', 'Content-Type': 'application/json; charset=utf-8', 'Transfer-Encoding': 'chunked', 'Connection': 'keep-alive', 'X-Powered-By': 'Express', 'Access-Control-Allow-Origin': '*', 'Cache-Control': 'no-cache', 'ETag': 'W/"48a-B5jcMDDZ71xjPNdfHN3i4q0dOvc"', 'Vary': 'Accept-Encoding', 'Content-Encoding': 'gzip', 'CF-Cache-Status': 'DYNAMIC', 'Report-To': '{"endpoints":[{"url":"https:\\/\\/a.nel.cloudflare.com\\/report\\/v4?s=s2A32xyglGpJ8kTlkXXZs1fL5L5TsbRe82TQ82bJYVfwuOQwAvBYbyB8%2BvJG04maVZj2Drj1hsZVM5FkmXR%2Ffg4UO6k0Uo82SA6a0vichQef9Sa88rQi1xUQGdYEu%2BWy"}],"group":"cf-nel","max_age":604800}', 'NEL': '{"success_fraction":0,"report_to":"cf-nel","max_age":604800}', 'Server': 'cloudflare', 'CF-RAY': '89adad063f712082-IAD', 'alt-svc': 'h3=":443"; ma=86400'} 
 body={"results":[{"gender":"female","name":{"title":"Ms","first":"Mackenzie","last":"Singh"},"location":{"street":{"number":9810,"name":"Gladstone Road"},"city":"Christchurch","state":"Auckland","country":"New Zealand","postcode":44433,"coordinates":{"latitude":"52.2298","longitude":"104.0758"},"timezone":{"offset":"+6:00","description":"Almaty, Dhaka, Colombo"}},"email":"mackenzie.singh@example.com","login":{"uuid":"9adcf410-6476-42c2-99f7-23d3fb8dd770","username":"heavydog289","password":"warren","salt":"sCAjXjhK","md5":"b92c74e45e9b7cba198a0a4160b7ca56","sha1":"a0722c01d4dd46bcd1275f26045263f7b4dc2bdb","sha256":"c282a7ad396b5d3cee9d57ef19c6ae99ac81b22fba852bbb43c0cdebc332874d"},"dob":{"date":"1992-07-31T08:39:44.142Z","age":31},"registered":{"date":"2006-01-29T21:35:33.947Z","age":18},"phone":"(758)-844-0098","cell":"(041)-738-4359","id":{"name":"","value":null},"picture":{"large":"https://randomuser.me/api/portraits/women/96.jpg","medium":"https://randomuser.me/api/portraits/med/women/96.jpg","thumbnail":"https://randomuser.me/api/portraits/thumb/women/96.jpg"},"nat":"NZ"}],"info":{"seed":"24ac53837f59e7c4","results":1,"page":1,"version":"1.4"}} 
 </msg>
<msg time="2024-06-28T12:28:18.363804" level="INFO">/opt/hostedtoolcache/Python/3.12.4/x64/lib/python3.12/site-packages/urllib3/connectionpool.py:1099: InsecureRequestWarning: Unverified HTTPS request is being made to host 'randomuser.me'. Adding certificate verification is strongly advised. See: https://urllib3.readthedocs.io/en/latest/advanced-usage.html#tls-warnings
  warnings.warn(</msg>
<msg time="2024-06-28T12:28:18.363945" level="INFO">${response} = &lt;Response [200]&gt;</msg>
<var>${response}</var>
<arg>consultarAPI</arg>
<arg>/api</arg>
<doc>Sends a GET request on a previously created HTTP Session.</doc>
<status status="PASS" start="2024-06-28T12:28:18.271900" elapsed="0.092096"/>
</kw>
<kw name="Set Variable" owner="BuiltIn">
<msg time="2024-06-28T12:28:18.364828" level="INFO">${json_data} = {'results': [{'gender': 'female', 'name': {'title': 'Ms', 'first': 'Mackenzie', 'last': 'Singh'}, 'location': {'street': {'number': 9810, 'name': 'Gladstone Road'}, 'city': 'Christchurch', 'state': 'A...</msg>
<var>${json_data}</var>
<arg>${response.json()}</arg>
<doc>Returns the given values which can then be assigned to a variables.</doc>
<status status="PASS" start="2024-06-28T12:28:18.364394" elapsed="0.000461"/>
</kw>
<kw name="Set Variable" owner="BuiltIn">
<msg time="2024-06-28T12:28:18.365576" level="INFO">${name_title} = Ms</msg>
<var>${name_title}</var>
<arg>${json_data["results"][0]["name"]["title"]}</arg>
<doc>Returns the given values which can then be assigned to a variables.</doc>
<status status="PASS" start="2024-06-28T12:28:18.365156" elapsed="0.000445"/>
</kw>
<kw name="Create List" owner="BuiltIn">
<msg time="2024-06-28T12:28:18.366037" level="INFO">${allowed_titles} = ['Mr', 'Ms', 'Miss', 'Mrs', 'Madame', 'Monsieur']</msg>
<var>${allowed_titles}</var>
<arg>Mr</arg>
<arg>Ms</arg>
<arg>Miss</arg>
<arg>Mrs</arg>
<arg>Madame</arg>
<arg>Monsieur</arg>
<doc>Returns a list containing given items.</doc>
<status status="PASS" start="2024-06-28T12:28:18.365892" elapsed="0.000168"/>
</kw>
<kw name="List Should Contain Value" owner="Collections">
<arg>${allowed_titles}</arg>
<arg>${name_title}</arg>
<doc>Fails if the ``value`` is not found from ``list``.</doc>
<status status="PASS" start="2024-06-28T12:28:18.366350" elapsed="0.000169"/>
</kw>
<kw name="Set Variable" owner="BuiltIn">
<msg time="2024-06-28T12:28:18.367065" level="INFO">${name_country} = NZ</msg>
<var>${name_country}</var>
<arg>${json_data["results"][0]["nat"]}</arg>
<doc>Returns the given values which can then be assigned to a variables.</doc>
<status status="PASS" start="2024-06-28T12:28:18.366697" elapsed="0.000392"/>
</kw>
<kw name="Create List" owner="BuiltIn">
<msg time="2024-06-28T12:28:18.367979" level="INFO">${list_country} = ['AD', 'AE', 'AF', 'AG', 'AI', 'AL', 'AM', 'AO', 'AQ', 'AR', 'AS', 'AT', 'AU', 'AW', 'AX', 'AZ', 'BA', 'BB', 'BD', 'BE', 'BF', 'BG', 'BH', 'BI', 'BJ', 'BL', 'BM', 'BN', 'BO', 'BQ', 'BR', 'BS', 'BT', '...</msg>
<var>${list_country}</var>
<arg>AD</arg>
<arg>AE</arg>
<arg>AF</arg>
<arg>AG</arg>
<arg>AI</arg>
<arg>AL</arg>
<arg>AM</arg>
<arg>AO</arg>
<arg>AQ</arg>
<arg>AR</arg>
<arg>AS</arg>
<arg>AT</arg>
<arg>AU</arg>
<arg>AW</arg>
<arg>AX</arg>
<arg>AZ</arg>
<arg>BA</arg>
<arg>BB</arg>
<arg>BD</arg>
<arg>BE</arg>
<arg>BF</arg>
<arg>BG</arg>
<arg>BH</arg>
<arg>BI</arg>
<arg>BJ</arg>
<arg>BL</arg>
<arg>BM</arg>
<arg>BN</arg>
<arg>BO</arg>
<arg>BQ</arg>
<arg>BR</arg>
<arg>BS</arg>
<arg>BT</arg>
<arg>BV</arg>
<arg>BW</arg>
<arg>BY</arg>
<arg>BZ</arg>
<arg>CA</arg>
<arg>CC</arg>
<arg>CD</arg>
<arg>CF</arg>
<arg>CG</arg>
<arg>CH</arg>
<arg>CI</arg>
<arg>CK</arg>
<arg>CL</arg>
<arg>CM</arg>
<arg>CN</arg>
<arg>CO</arg>
<arg>CR</arg>
<arg>CU</arg>
<arg>CV</arg>
<arg>CW</arg>
<arg>CX</arg>
<arg>CY</arg>
<arg>CZ</arg>
<arg>DE</arg>
<arg>DJ</arg>
<arg>DK</arg>
<arg>DM</arg>
<arg>DO</arg>
<arg>DZ</arg>
<arg>EC</arg>
<arg>EE</arg>
<arg>EG</arg>
<arg>EH</arg>
<arg>ER</arg>
<arg>ES</arg>
<arg>ET</arg>
<arg>FI</arg>
<arg>FJ</arg>
<arg>FK</arg>
<arg>FM</arg>
<arg>FO</arg>
<arg>FR</arg>
<arg>GA</arg>
<arg>GB</arg>
<arg>GD</arg>
<arg>GE</arg>
<arg>GF</arg>
<arg>GG</arg>
<arg>GH</arg>
<arg>GI</arg>
<arg>GL</arg>
<arg>GM</arg>
<arg>GN</arg>
<arg>GP</arg>
<arg>GQ</arg>
<arg>GR</arg>
<arg>GS</arg>
<arg>GT</arg>
<arg>GU</arg>
<arg>GW</arg>
<arg>GY</arg>
<arg>HK</arg>
<arg>HM</arg>
<arg>HN</arg>
<arg>HR</arg>
<arg>HT</arg>
<arg>HU</arg>
<arg>ID</arg>
<arg>IE</arg>
<arg>IL</arg>
<arg>IM</arg>
<arg>IN</arg>
<arg>IO</arg>
<arg>IQ</arg>
<arg>IR</arg>
<arg>IS</arg>
<arg>IT</arg>
<arg>JE</arg>
<arg>JM</arg>
<arg>JO</arg>
<arg>JP</arg>
<arg>KE</arg>
<arg>KG</arg>
<arg>KH</arg>
<arg>KI</arg>
<arg>KM</arg>
<arg>KN</arg>
<arg>KP</arg>
<arg>KR</arg>
<arg>KW</arg>
<arg>KY</arg>
<arg>KZ</arg>
<arg>LA</arg>
<arg>LB</arg>
<arg>LC</arg>
<arg>LI</arg>
<arg>LK</arg>
<arg>LR</arg>
<arg>LS</arg>
<arg>LT</arg>
<arg>LU</arg>
<arg>LV</arg>
<arg>LY</arg>
<arg>MA</arg>
<arg>MC</arg>
<arg>MD</arg>
<arg>ME</arg>
<arg>MF</arg>
<arg>MG</arg>
<arg>MH</arg>
<arg>MK</arg>
<arg>ML</arg>
<arg>MM</arg>
<arg>MN</arg>
<arg>MO</arg>
<arg>MP</arg>
<arg>MQ</arg>
<arg>MR</arg>
<arg>MS</arg>
<arg>MT</arg>
<arg>MU</arg>
<arg>MV</arg>
<arg>MW</arg>
<arg>MX</arg>
<arg>MY</arg>
<arg>MZ</arg>
<arg>NA</arg>
<arg>NC</arg>
<arg>NE</arg>
<arg>NF</arg>
<arg>NG</arg>
<arg>NI</arg>
<arg>NL</arg>
<arg>NO</arg>
<arg>NP</arg>
<arg>NR</arg>
<arg>NU</arg>
<arg>NZ</arg>
<arg>OM</arg>
<arg>PA</arg>
<arg>PE</arg>
<arg>PF</arg>
<arg>PG</arg>
<arg>PH</arg>
<arg>PK</arg>
<arg>PL</arg>
<arg>PM</arg>
<arg>PN</arg>
<arg>PR</arg>
<arg>PS</arg>
<arg>PT</arg>
<arg>PW</arg>
<arg>PY</arg>
<arg>QA</arg>
<arg>RE</arg>
<arg>RO</arg>
<arg>RS</arg>
<arg>RU</arg>
<arg>RW</arg>
<arg>SA</arg>
<arg>SB</arg>
<arg>SC</arg>
<arg>SD</arg>
<arg>SE</arg>
<arg>SG</arg>
<arg>SH</arg>
<arg>SI</arg>
<arg>SJ</arg>
<arg>SK</arg>
<arg>SL</arg>
<arg>SM</arg>
<arg>SN</arg>
<arg>SO</arg>
<arg>SR</arg>
<arg>SS</arg>
<arg>ST</arg>
<arg>SV</arg>
<arg>SX</arg>
<arg>SY</arg>
<arg>SZ</arg>
<arg>TC</arg>
<arg>TD</arg>
<arg>TF</arg>
<arg>TG</arg>
<arg>TH</arg>
<arg>TJ</arg>
<arg>TK</arg>
<arg>TL</arg>
<arg>TM</arg>
<arg>TN</arg>
<arg>TO</arg>
<arg>TR</arg>
<arg>TT</arg>
<arg>TV</arg>
<arg>TW</arg>
<arg>TZ</arg>
<arg>UA</arg>
<arg>UG</arg>
<arg>UM</arg>
<arg>US</arg>
<arg>UY</arg>
<arg>UZ</arg>
<arg>VA</arg>
<arg>VC</arg>
<arg>VE</arg>
<arg>VG</arg>
<arg>VI</arg>
<arg>VN</arg>
<arg>VU</arg>
<arg>WF</arg>
<arg>WS</arg>
<arg>XK</arg>
<arg>YE</arg>
<arg>YT</arg>
<arg>ZA</arg>
<arg>ZM</arg>
<arg>ZW</arg>
<doc>Returns a list containing given items.</doc>
<status status="PASS" start="2024-06-28T12:28:18.367383" elapsed="0.000621"/>
</kw>
<kw name="List Should Contain Value" owner="Collections">
<arg>${list_country}</arg>
<arg>${name_country}</arg>
<doc>Fails if the ``value`` is not found from ``list``.</doc>
<status status="PASS" start="2024-06-28T12:28:18.368792" elapsed="0.000198"/>
</kw>
<kw name="Run Keyword If" owner="BuiltIn">
<kw name="Should Be True" owner="BuiltIn">
<arg>${True}</arg>
<doc>Fails if the given condition is not true.</doc>
<status status="PASS" start="2024-06-28T12:28:18.369924" elapsed="0.000137"/>
</kw>
<arg>${json_data["results"][0]["location"]["coordinates"]["latitude"]} &gt;= -90 and ${json_data["results"][0]["location"]["coordinates"]["latitude"]} &lt;= 90</arg>
<arg>Should Be True</arg>
<arg>${True}</arg>
<doc>Runs the given keyword with the given arguments, if ``condition`` is true.</doc>
<status status="PASS" start="2024-06-28T12:28:18.369177" elapsed="0.001005"/>
</kw>
<kw name="Run Keyword If" owner="BuiltIn">
<kw name="Should Be True" owner="BuiltIn">
<arg>${True}</arg>
<doc>Fails if the given condition is not true.</doc>
<status status="PASS" start="2024-06-28T12:28:18.371032" elapsed="0.000225"/>
</kw>
<arg>${json_data["results"][0]["location"]["coordinates"]["longitude"]} &gt;= -180 and ${json_data["results"][0]["location"]["coordinates"]["longitude"]} &lt;= 180</arg>
<arg>Should Be True</arg>
<arg>${True}</arg>
<doc>Runs the given keyword with the given arguments, if ``condition`` is true.</doc>
<status status="PASS" start="2024-06-28T12:28:18.370356" elapsed="0.001026"/>
</kw>
<status status="PASS" start="2024-06-28T12:28:18.271683" elapsed="0.099825"/>
</kw>
<doc>Testa o conteúdo específico dos campos retornados pela API.</doc>
<tag>testeConteudo</tag>
<status status="PASS" start="2024-06-28T12:28:18.271268" elapsed="0.100379"/>
</test>
<status status="PASS" start="2024-06-28T12:28:17.454957" elapsed="0.918602"/>
</suite>
<status status="PASS" start="2024-06-28T12:28:17.440796" elapsed="0.937701"/>
</suite>
<statistics>
<total>
<stat pass="5" fail="0" skip="0">All Tests</stat>
</total>
<tag>
<stat pass="1" fail="0" skip="0">testeConteudo</stat>
<stat pass="1" fail="0" skip="0">testeEstruturaResposta</stat>
<stat pass="1" fail="0" skip="0">testeRequisicaoBasica</stat>
<stat pass="1" fail="0" skip="0">testeTiposDados</stat>
</tag>
<suite>
<stat pass="5" fail="0" skip="0" id="s1" name="Tests">Tests</stat>
<stat pass="5" fail="0" skip="0" id="s1-s1" name="Random-User-Test">Tests.Random-User-Test</stat>
</suite>
</statistics>
<errors>
</errors>
</robot>
