<?xml version="1.0" encoding="UTF-8"?>
<robot generator="Robot 7.0.1 (Python 3.12.4 on linux)" generated="2024-07-08T05:16:56.386762" rpa="false" schemaversion="5">
<suite id="s1" name="Tests" source="/home/runner/work/ApiRandomUser/ApiRandomUser/RamdonUser/tests">
<suite id="s1-s1" name="Random-User-Test" source="/home/runner/work/ApiRandomUser/ApiRandomUser/RamdonUser/tests/random-user-test.robot">
<test id="s1-s1-t1" name="Conectar" line="13">
<kw name="Conectar API" owner="random-user-service">
<kw name="Create Session" owner="RequestsLibrary">
<msg time="2024-07-08T05:16:56.790705" level="INFO">Creating Session using : alias=consultarAPI, url=https://randomuser.me/, headers={},                     cookies={}, auth=None, timeout=None, proxies=None, verify=False,                     debug=0 </msg>
<arg>consultarAPI</arg>
<arg>${URL}</arg>
<doc>Create Session: create a HTTP session to a server</doc>
<status status="PASS" start="2024-07-08T05:16:56.790486" elapsed="0.000423"/>
</kw>
<status status="PASS" start="2024-07-08T05:16:56.789337" elapsed="0.001940"/>
</kw>
<status status="PASS" start="2024-07-08T05:16:56.788685" elapsed="0.002792"/>
</test>
<test id="s1-s1-t2" name="Validar retorno 200 e JSON Válido" line="16">
<kw name="Teste de Requisicao Basica" owner="random-user-service">
<kw name="GET On Session" owner="RequestsLibrary">
<msg time="2024-07-08T05:16:57.050810" level="INFO">GET Request : url=https://randomuser.me/api 
 path_url=/api 
 headers={'User-Agent': 'python-requests/2.32.3', 'Accept-Encoding': 'gzip, deflate', 'Accept': '*/*', 'Connection': 'keep-alive'} 
 body=None 
 </msg>
<msg time="2024-07-08T05:16:57.050977" level="INFO">GET Response : url=https://randomuser.me/api 
 status=200, reason=OK 
 headers={'Date': 'Mon, 08 Jul 2024 05:16:57 GMT', 'Content-Type': 'application/json; charset=utf-8', 'Transfer-Encoding': 'chunked', 'Connection': 'keep-alive', 'X-Powered-By': 'Express', 'Access-Control-Allow-Origin': '*', 'Cache-Control': 'no-cache', 'ETag': 'W/"498-9mMEW4a0Fzg+vEA7NsrACSDndGA"', 'Vary': 'Accept-Encoding', 'Content-Encoding': 'gzip', 'CF-Cache-Status': 'DYNAMIC', 'Report-To': '{"endpoints":[{"url":"https:\\/\\/a.nel.cloudflare.com\\/report\\/v4?s=YUfG7S7OTSasniMhb7sfkEicOrzsKk%2BsVFLy9imZh0vV9p%2Bl7UsmD4CtNin5f5WcS3pY60szxRfmAAMboDQbFz2UtWgHb6TOivLzGTx5VzsHcX0M6axtYiey9AL2%2B757"}],"group":"cf-nel","max_age":604800}', 'NEL': '{"success_fraction":0,"report_to":"cf-nel","max_age":604800}', 'Server': 'cloudflare', 'CF-RAY': '89fd9ae8092a641d-SJC', 'alt-svc': 'h3=":443"; ma=86400'} 
 body={"results":[{"gender":"male","name":{"title":"Monsieur","first":"Gabriel","last":"Morel"},"location":{"street":{"number":144,"name":"Rue Cyrus-Hugues"},"city":"Auboranges","state":"Fribourg","country":"Switzerland","postcode":7245,"coordinates":{"latitude":"-59.3902","longitude":"-43.3372"},"timezone":{"offset":"-8:00","description":"Pacific Time (US &amp; Canada)"}},"email":"gabriel.morel@example.com","login":{"uuid":"5b20703c-8ca3-466d-b0e1-0ea3bbc0aed5","username":"whitebird124","password":"13131313","salt":"GVOpxz10","md5":"0534f74e48ffbbdb69dd810e3555aaba","sha1":"67c603c7b71c8c757380159bc525b71094afc8cd","sha256":"63687021d9c61d2791c713f273af54f12119b553c8221ba70ec58a6c427a7c29"},"dob":{"date":"1996-02-14T16:51:55.770Z","age":28},"registered":{"date":"2014-12-11T06:33:27.570Z","age":9},"phone":"078 706 98 34","cell":"078 511 91 17","id":{"name":"AVS","value":"756.5341.4773.13"},"picture":{"large":"https://randomuser.me/api/portraits/men/20.jpg","medium":"https://randomuser.me/api/portraits/med/men/20.jpg","thumbnail":"https://randomuser.me/api/portraits/thumb/men/20.jpg"},"nat":"CH"}],"info":{"seed":"546c764a664dd01b","results":1,"page":1,"version":"1.4"}} 
 </msg>
<msg time="2024-07-08T05:16:57.051062" level="INFO">/opt/hostedtoolcache/Python/3.12.4/x64/lib/python3.12/site-packages/urllib3/connectionpool.py:1099: InsecureRequestWarning: Unverified HTTPS request is being made to host 'randomuser.me'. Adding certificate verification is strongly advised. See: https://urllib3.readthedocs.io/en/latest/advanced-usage.html#tls-warnings
  warnings.warn(</msg>
<msg time="2024-07-08T05:16:57.051211" level="INFO">${response} = &lt;Response [200]&gt;</msg>
<var>${response}</var>
<arg>consultarAPI</arg>
<arg>/api</arg>
<doc>Sends a GET request on a previously created HTTP Session.</doc>
<status status="PASS" start="2024-07-08T05:16:56.794206" elapsed="0.257049"/>
</kw>
<kw name="Should Be Equal As Numbers" owner="BuiltIn">
<msg time="2024-07-08T05:16:57.052321" level="INFO">Argument types are:
&lt;class 'int'&gt;
&lt;class 'str'&gt;</msg>
<arg>${response.status_code}</arg>
<arg>200</arg>
<doc>Fails if objects are unequal after converting them to real numbers.</doc>
<status status="PASS" start="2024-07-08T05:16:57.051854" elapsed="0.000535"/>
</kw>
<kw name="Log" owner="BuiltIn">
<msg time="2024-07-08T05:16:57.053078" level="INFO">200</msg>
<arg>${response.status_code}</arg>
<doc>Logs the given message with the given level.</doc>
<status status="PASS" start="2024-07-08T05:16:57.052716" elapsed="0.000406"/>
</kw>
<kw name="Set Variable" owner="BuiltIn">
<msg time="2024-07-08T05:16:57.053875" level="INFO">${json_data} = {'results': [{'gender': 'male', 'name': {'title': 'Monsieur', 'first': 'Gabriel', 'last': 'Morel'}, 'location': {'street': {'number': 144, 'name': 'Rue Cyrus-Hugues'}, 'city': 'Auboranges', 'state': '...</msg>
<var>${json_data}</var>
<arg>${response.json()}</arg>
<doc>Returns the given values which can then be assigned to a variables.</doc>
<status status="PASS" start="2024-07-08T05:16:57.053430" elapsed="0.000474"/>
</kw>
<kw name="Dictionary Should Contain Key" owner="Collections">
<arg>${json_data}</arg>
<arg>results</arg>
<doc>Fails if ``key`` is not found from ``dictionary``.</doc>
<status status="PASS" start="2024-07-08T05:16:57.054209" elapsed="0.000169"/>
</kw>
<status status="PASS" start="2024-07-08T05:16:56.793955" elapsed="0.260585"/>
</kw>
<doc>Testa se a API responde corretamente e retorna um objeto JSON válido.</doc>
<tag>testeRequisicaoBasica</tag>
<status status="PASS" start="2024-07-08T05:16:56.793432" elapsed="0.261297"/>
</test>
<test id="s1-s1-t3" name="Validar estrutura de resposta" line="22">
<kw name="Teste de Estrutura de Resposta" owner="random-user-service">
<kw name="GET On Session" owner="RequestsLibrary">
<msg time="2024-07-08T05:16:57.158870" level="INFO">GET Request : url=https://randomuser.me/api 
 path_url=/api 
 headers={'User-Agent': 'python-requests/2.32.3', 'Accept-Encoding': 'gzip, deflate', 'Accept': '*/*', 'Connection': 'keep-alive'} 
 body=None 
 </msg>
<msg time="2024-07-08T05:16:57.158976" level="INFO">GET Response : url=https://randomuser.me/api 
 status=200, reason=OK 
 headers={'Date': 'Mon, 08 Jul 2024 05:16:57 GMT', 'Content-Type': 'application/json; charset=utf-8', 'Transfer-Encoding': 'chunked', 'Connection': 'keep-alive', 'X-Powered-By': 'Express', 'Access-Control-Allow-Origin': '*', 'Cache-Control': 'no-cache', 'ETag': 'W/"4a1-dwGMapAhFG+k/YZY6YvAP4qgQt0"', 'Vary': 'Accept-Encoding', 'Content-Encoding': 'gzip', 'CF-Cache-Status': 'DYNAMIC', 'Report-To': '{"endpoints":[{"url":"https:\\/\\/a.nel.cloudflare.com\\/report\\/v4?s=Vsl3B2iqaSvya4lxKNlBofI7ZOHIsQBTH50EA7ZDQxOR9TJ5cT2dBcTF9MkvSYgbhUL8Y7cXds2PsLStrAOMxf%2BEki%2FuH%2Bv7FxJoFI9V9rbfZd51qcVppfV%2BR2RHUtfj"}],"group":"cf-nel","max_age":604800}', 'NEL': '{"success_fraction":0,"report_to":"cf-nel","max_age":604800}', 'Server': 'cloudflare', 'CF-RAY': '89fd9ae8a9b6641d-SJC', 'alt-svc': 'h3=":443"; ma=86400'} 
 body={"results":[{"gender":"female","name":{"title":"Ms","first":"Ljubica","last":"Peković"},"location":{"street":{"number":9280,"name":"Laze Ristovskog "},"city":"Ljubovija","state":"Braničevo","country":"Serbia","postcode":80368,"coordinates":{"latitude":"61.2473","longitude":"60.4746"},"timezone":{"offset":"+5:00","description":"Ekaterinburg, Islamabad, Karachi, Tashkent"}},"email":"ljubica.pekovic@example.com","login":{"uuid":"78ebe670-c1e4-49a5-8f13-a03cc769aebc","username":"brownmouse155","password":"alatam","salt":"g4qKNvr0","md5":"fcd9f4e5fb963e08632cdec42b3390cd","sha1":"143078fb1c5c049e0004ab8858fa5192ce6c9a03","sha256":"a8ce7ff50e21b5dd6f66b1e2da3bd62890a415a80b94b6b6850b1d90e3f49122"},"dob":{"date":"1957-03-17T03:23:55.920Z","age":67},"registered":{"date":"2017-10-10T13:30:47.874Z","age":6},"phone":"024-5697-883","cell":"063-6865-112","id":{"name":"SID","value":"795528234"},"picture":{"large":"https://randomuser.me/api/portraits/women/76.jpg","medium":"https://randomuser.me/api/portraits/med/women/76.jpg","thumbnail":"https://randomuser.me/api/portraits/thumb/women/76.jpg"},"nat":"RS"}],"info":{"seed":"a71fd6983aa7f419","results":1,"page":1,"version":"1.4"}} 
 </msg>
<msg time="2024-07-08T05:16:57.159137" level="INFO">/opt/hostedtoolcache/Python/3.12.4/x64/lib/python3.12/site-packages/urllib3/connectionpool.py:1099: InsecureRequestWarning: Unverified HTTPS request is being made to host 'randomuser.me'. Adding certificate verification is strongly advised. See: https://urllib3.readthedocs.io/en/latest/advanced-usage.html#tls-warnings
  warnings.warn(</msg>
<msg time="2024-07-08T05:16:57.159268" level="INFO">${response} = &lt;Response [200]&gt;</msg>
<var>${response}</var>
<arg>consultarAPI</arg>
<arg>/api</arg>
<doc>Sends a GET request on a previously created HTTP Session.</doc>
<status status="PASS" start="2024-07-08T05:16:57.057406" elapsed="0.101902"/>
</kw>
<kw name="Set Variable" owner="BuiltIn">
<msg time="2024-07-08T05:16:57.160509" level="INFO">${json_data} = {'results': [{'gender': 'female', 'name': {'title': 'Ms', 'first': 'Ljubica', 'last': 'Peković'}, 'location': {'street': {'number': 9280, 'name': 'Laze Ristovskog '}, 'city': 'Ljubovija', 'state': 'Br...</msg>
<var>${json_data}</var>
<arg>${response.json()}</arg>
<doc>Returns the given values which can then be assigned to a variables.</doc>
<status status="PASS" start="2024-07-08T05:16:57.159867" elapsed="0.000683"/>
</kw>
<kw name="Log" owner="BuiltIn">
<msg time="2024-07-08T05:16:57.161207" level="INFO">{'results': [{'gender': 'female', 'name': {'title': 'Ms', 'first': 'Ljubica', 'last': 'Peković'}, 'location': {'street': {'number': 9280, 'name': 'Laze Ristovskog '}, 'city': 'Ljubovija', 'state': 'Braničevo', 'country': 'Serbia', 'postcode': 80368, 'coordinates': {'latitude': '61.2473', 'longitude': '60.4746'}, 'timezone': {'offset': '+5:00', 'description': 'Ekaterinburg, Islamabad, Karachi, Tashkent'}}, 'email': 'ljubica.pekovic@example.com', 'login': {'uuid': '78ebe670-c1e4-49a5-8f13-a03cc769aebc', 'username': 'brownmouse155', 'password': 'alatam', 'salt': 'g4qKNvr0', 'md5': 'fcd9f4e5fb963e08632cdec42b3390cd', 'sha1': '143078fb1c5c049e0004ab8858fa5192ce6c9a03', 'sha256': 'a8ce7ff50e21b5dd6f66b1e2da3bd62890a415a80b94b6b6850b1d90e3f49122'}, 'dob': {'date': '1957-03-17T03:23:55.920Z', 'age': 67}, 'registered': {'date': '2017-10-10T13:30:47.874Z', 'age': 6}, 'phone': '024-5697-883', 'cell': '063-6865-112', 'id': {'name': 'SID', 'value': '795528234'}, 'picture': {'large': 'https://randomuser.me/api/portraits/women/76.jpg', 'medium': 'https://randomuser.me/api/portraits/med/women/76.jpg', 'thumbnail': 'https://randomuser.me/api/portraits/thumb/women/76.jpg'}, 'nat': 'RS'}], 'info': {'seed': 'a71fd6983aa7f419', 'results': 1, 'page': 1, 'version': '1.4'}}</msg>
<arg>${json_data}</arg>
<doc>Logs the given message with the given level.</doc>
<status status="PASS" start="2024-07-08T05:16:57.160974" elapsed="0.000297"/>
</kw>
<kw name="Dictionary Should Contain Key" owner="Collections">
<arg>${json_data}</arg>
<arg>results</arg>
<doc>Fails if ``key`` is not found from ``dictionary``.</doc>
<status status="PASS" start="2024-07-08T05:16:57.161578" elapsed="0.000164"/>
</kw>
<kw name="Should Not Be Empty" owner="BuiltIn">
<msg time="2024-07-08T05:16:57.162054" level="INFO">Length is 2.</msg>
<arg>${json_data}</arg>
<doc>Verifies that the given item is not empty.</doc>
<status status="PASS" start="2024-07-08T05:16:57.161926" elapsed="0.000165"/>
</kw>
<kw name="Create List" owner="BuiltIn">
<msg time="2024-07-08T05:16:57.162528" level="INFO">${expected_keys} = ['gender', 'name', 'location', 'email', 'login']</msg>
<var>${expected_keys}</var>
<arg>gender</arg>
<arg>name</arg>
<arg>location</arg>
<arg>email</arg>
<arg>login</arg>
<doc>Returns a list containing given items.</doc>
<status status="PASS" start="2024-07-08T05:16:57.162382" elapsed="0.000170"/>
</kw>
<for flavor="IN">
<iter>
<kw name="Dictionary Should Contain Key" owner="Collections">
<arg>${json_data['results'][0]}</arg>
<arg>${key}</arg>
<doc>Fails if ``key`` is not found from ``dictionary``.</doc>
<status status="PASS" start="2024-07-08T05:16:57.163293" elapsed="0.000430"/>
</kw>
<kw name="Log" owner="BuiltIn">
<msg time="2024-07-08T05:16:57.164299" level="INFO">{'gender': 'female', 'name': {'title': 'Ms', 'first': 'Ljubica', 'last': 'Peković'}, 'location': {'street': {'number': 9280, 'name': 'Laze Ristovskog '}, 'city': 'Ljubovija', 'state': 'Braničevo', 'country': 'Serbia', 'postcode': 80368, 'coordinates': {'latitude': '61.2473', 'longitude': '60.4746'}, 'timezone': {'offset': '+5:00', 'description': 'Ekaterinburg, Islamabad, Karachi, Tashkent'}}, 'email': 'ljubica.pekovic@example.com', 'login': {'uuid': '78ebe670-c1e4-49a5-8f13-a03cc769aebc', 'username': 'brownmouse155', 'password': 'alatam', 'salt': 'g4qKNvr0', 'md5': 'fcd9f4e5fb963e08632cdec42b3390cd', 'sha1': '143078fb1c5c049e0004ab8858fa5192ce6c9a03', 'sha256': 'a8ce7ff50e21b5dd6f66b1e2da3bd62890a415a80b94b6b6850b1d90e3f49122'}, 'dob': {'date': '1957-03-17T03:23:55.920Z', 'age': 67}, 'registered': {'date': '2017-10-10T13:30:47.874Z', 'age': 6}, 'phone': '024-5697-883', 'cell': '063-6865-112', 'id': {'name': 'SID', 'value': '795528234'}, 'picture': {'large': 'https://randomuser.me/api/portraits/women/76.jpg', 'medium': 'https://randomuser.me/api/portraits/med/women/76.jpg', 'thumbnail': 'https://randomuser.me/api/portraits/thumb/women/76.jpg'}, 'nat': 'RS'}</msg>
<arg>${json_data['results'][0]}</arg>
<doc>Logs the given message with the given level.</doc>
<status status="PASS" start="2024-07-08T05:16:57.163929" elapsed="0.000424"/>
</kw>
<kw name="Log" owner="BuiltIn">
<msg time="2024-07-08T05:16:57.164780" level="INFO">gender</msg>
<arg>${key}</arg>
<doc>Logs the given message with the given level.</doc>
<status status="PASS" start="2024-07-08T05:16:57.164651" elapsed="0.000168"/>
</kw>
<var name="${key}">gender</var>
<status status="PASS" start="2024-07-08T05:16:57.163168" elapsed="0.001866"/>
</iter>
<iter>
<kw name="Dictionary Should Contain Key" owner="Collections">
<arg>${json_data['results'][0]}</arg>
<arg>${key}</arg>
<doc>Fails if ``key`` is not found from ``dictionary``.</doc>
<status status="PASS" start="2024-07-08T05:16:57.165335" elapsed="0.000382"/>
</kw>
<kw name="Log" owner="BuiltIn">
<msg time="2024-07-08T05:16:57.166296" level="INFO">{'gender': 'female', 'name': {'title': 'Ms', 'first': 'Ljubica', 'last': 'Peković'}, 'location': {'street': {'number': 9280, 'name': 'Laze Ristovskog '}, 'city': 'Ljubovija', 'state': 'Braničevo', 'country': 'Serbia', 'postcode': 80368, 'coordinates': {'latitude': '61.2473', 'longitude': '60.4746'}, 'timezone': {'offset': '+5:00', 'description': 'Ekaterinburg, Islamabad, Karachi, Tashkent'}}, 'email': 'ljubica.pekovic@example.com', 'login': {'uuid': '78ebe670-c1e4-49a5-8f13-a03cc769aebc', 'username': 'brownmouse155', 'password': 'alatam', 'salt': 'g4qKNvr0', 'md5': 'fcd9f4e5fb963e08632cdec42b3390cd', 'sha1': '143078fb1c5c049e0004ab8858fa5192ce6c9a03', 'sha256': 'a8ce7ff50e21b5dd6f66b1e2da3bd62890a415a80b94b6b6850b1d90e3f49122'}, 'dob': {'date': '1957-03-17T03:23:55.920Z', 'age': 67}, 'registered': {'date': '2017-10-10T13:30:47.874Z', 'age': 6}, 'phone': '024-5697-883', 'cell': '063-6865-112', 'id': {'name': 'SID', 'value': '795528234'}, 'picture': {'large': 'https://randomuser.me/api/portraits/women/76.jpg', 'medium': 'https://randomuser.me/api/portraits/med/women/76.jpg', 'thumbnail': 'https://randomuser.me/api/portraits/thumb/women/76.jpg'}, 'nat': 'RS'}</msg>
<arg>${json_data['results'][0]}</arg>
<doc>Logs the given message with the given level.</doc>
<status status="PASS" start="2024-07-08T05:16:57.165896" elapsed="0.000452"/>
</kw>
<kw name="Log" owner="BuiltIn">
<msg time="2024-07-08T05:16:57.166774" level="INFO">name</msg>
<arg>${key}</arg>
<doc>Logs the given message with the given level.</doc>
<status status="PASS" start="2024-07-08T05:16:57.166646" elapsed="0.000165"/>
</kw>
<var name="${key}">name</var>
<status status="PASS" start="2024-07-08T05:16:57.165217" elapsed="0.001809"/>
</iter>
<iter>
<kw name="Dictionary Should Contain Key" owner="Collections">
<arg>${json_data['results'][0]}</arg>
<arg>${key}</arg>
<doc>Fails if ``key`` is not found from ``dictionary``.</doc>
<status status="PASS" start="2024-07-08T05:16:57.167310" elapsed="0.000413"/>
</kw>
<kw name="Log" owner="BuiltIn">
<msg time="2024-07-08T05:16:57.168264" level="INFO">{'gender': 'female', 'name': {'title': 'Ms', 'first': 'Ljubica', 'last': 'Peković'}, 'location': {'street': {'number': 9280, 'name': 'Laze Ristovskog '}, 'city': 'Ljubovija', 'state': 'Braničevo', 'country': 'Serbia', 'postcode': 80368, 'coordinates': {'latitude': '61.2473', 'longitude': '60.4746'}, 'timezone': {'offset': '+5:00', 'description': 'Ekaterinburg, Islamabad, Karachi, Tashkent'}}, 'email': 'ljubica.pekovic@example.com', 'login': {'uuid': '78ebe670-c1e4-49a5-8f13-a03cc769aebc', 'username': 'brownmouse155', 'password': 'alatam', 'salt': 'g4qKNvr0', 'md5': 'fcd9f4e5fb963e08632cdec42b3390cd', 'sha1': '143078fb1c5c049e0004ab8858fa5192ce6c9a03', 'sha256': 'a8ce7ff50e21b5dd6f66b1e2da3bd62890a415a80b94b6b6850b1d90e3f49122'}, 'dob': {'date': '1957-03-17T03:23:55.920Z', 'age': 67}, 'registered': {'date': '2017-10-10T13:30:47.874Z', 'age': 6}, 'phone': '024-5697-883', 'cell': '063-6865-112', 'id': {'name': 'SID', 'value': '795528234'}, 'picture': {'large': 'https://randomuser.me/api/portraits/women/76.jpg', 'medium': 'https://randomuser.me/api/portraits/med/women/76.jpg', 'thumbnail': 'https://randomuser.me/api/portraits/thumb/women/76.jpg'}, 'nat': 'RS'}</msg>
<arg>${json_data['results'][0]}</arg>
<doc>Logs the given message with the given level.</doc>
<status status="PASS" start="2024-07-08T05:16:57.167912" elapsed="0.000402"/>
</kw>
<kw name="Log" owner="BuiltIn">
<msg time="2024-07-08T05:16:57.168740" level="INFO">location</msg>
<arg>${key}</arg>
<doc>Logs the given message with the given level.</doc>
<status status="PASS" start="2024-07-08T05:16:57.168614" elapsed="0.000163"/>
</kw>
<var name="${key}">location</var>
<status status="PASS" start="2024-07-08T05:16:57.167200" elapsed="0.001791"/>
</iter>
<iter>
<kw name="Dictionary Should Contain Key" owner="Collections">
<arg>${json_data['results'][0]}</arg>
<arg>${key}</arg>
<doc>Fails if ``key`` is not found from ``dictionary``.</doc>
<status status="PASS" start="2024-07-08T05:16:57.169273" elapsed="0.000381"/>
</kw>
<kw name="Log" owner="BuiltIn">
<msg time="2024-07-08T05:16:57.170187" level="INFO">{'gender': 'female', 'name': {'title': 'Ms', 'first': 'Ljubica', 'last': 'Peković'}, 'location': {'street': {'number': 9280, 'name': 'Laze Ristovskog '}, 'city': 'Ljubovija', 'state': 'Braničevo', 'country': 'Serbia', 'postcode': 80368, 'coordinates': {'latitude': '61.2473', 'longitude': '60.4746'}, 'timezone': {'offset': '+5:00', 'description': 'Ekaterinburg, Islamabad, Karachi, Tashkent'}}, 'email': 'ljubica.pekovic@example.com', 'login': {'uuid': '78ebe670-c1e4-49a5-8f13-a03cc769aebc', 'username': 'brownmouse155', 'password': 'alatam', 'salt': 'g4qKNvr0', 'md5': 'fcd9f4e5fb963e08632cdec42b3390cd', 'sha1': '143078fb1c5c049e0004ab8858fa5192ce6c9a03', 'sha256': 'a8ce7ff50e21b5dd6f66b1e2da3bd62890a415a80b94b6b6850b1d90e3f49122'}, 'dob': {'date': '1957-03-17T03:23:55.920Z', 'age': 67}, 'registered': {'date': '2017-10-10T13:30:47.874Z', 'age': 6}, 'phone': '024-5697-883', 'cell': '063-6865-112', 'id': {'name': 'SID', 'value': '795528234'}, 'picture': {'large': 'https://randomuser.me/api/portraits/women/76.jpg', 'medium': 'https://randomuser.me/api/portraits/med/women/76.jpg', 'thumbnail': 'https://randomuser.me/api/portraits/thumb/women/76.jpg'}, 'nat': 'RS'}</msg>
<arg>${json_data['results'][0]}</arg>
<doc>Logs the given message with the given level.</doc>
<status status="PASS" start="2024-07-08T05:16:57.169839" elapsed="0.000398"/>
</kw>
<kw name="Log" owner="BuiltIn">
<msg time="2024-07-08T05:16:57.170658" level="INFO">email</msg>
<arg>${key}</arg>
<doc>Logs the given message with the given level.</doc>
<status status="PASS" start="2024-07-08T05:16:57.170532" elapsed="0.000164"/>
</kw>
<var name="${key}">email</var>
<status status="PASS" start="2024-07-08T05:16:57.169165" elapsed="0.001748"/>
</iter>
<iter>
<kw name="Dictionary Should Contain Key" owner="Collections">
<arg>${json_data['results'][0]}</arg>
<arg>${key}</arg>
<doc>Fails if ``key`` is not found from ``dictionary``.</doc>
<status status="PASS" start="2024-07-08T05:16:57.171189" elapsed="0.000386"/>
</kw>
<kw name="Log" owner="BuiltIn">
<msg time="2024-07-08T05:16:57.172155" level="INFO">{'gender': 'female', 'name': {'title': 'Ms', 'first': 'Ljubica', 'last': 'Peković'}, 'location': {'street': {'number': 9280, 'name': 'Laze Ristovskog '}, 'city': 'Ljubovija', 'state': 'Braničevo', 'country': 'Serbia', 'postcode': 80368, 'coordinates': {'latitude': '61.2473', 'longitude': '60.4746'}, 'timezone': {'offset': '+5:00', 'description': 'Ekaterinburg, Islamabad, Karachi, Tashkent'}}, 'email': 'ljubica.pekovic@example.com', 'login': {'uuid': '78ebe670-c1e4-49a5-8f13-a03cc769aebc', 'username': 'brownmouse155', 'password': 'alatam', 'salt': 'g4qKNvr0', 'md5': 'fcd9f4e5fb963e08632cdec42b3390cd', 'sha1': '143078fb1c5c049e0004ab8858fa5192ce6c9a03', 'sha256': 'a8ce7ff50e21b5dd6f66b1e2da3bd62890a415a80b94b6b6850b1d90e3f49122'}, 'dob': {'date': '1957-03-17T03:23:55.920Z', 'age': 67}, 'registered': {'date': '2017-10-10T13:30:47.874Z', 'age': 6}, 'phone': '024-5697-883', 'cell': '063-6865-112', 'id': {'name': 'SID', 'value': '795528234'}, 'picture': {'large': 'https://randomuser.me/api/portraits/women/76.jpg', 'medium': 'https://randomuser.me/api/portraits/med/women/76.jpg', 'thumbnail': 'https://randomuser.me/api/portraits/thumb/women/76.jpg'}, 'nat': 'RS'}</msg>
<arg>${json_data['results'][0]}</arg>
<doc>Logs the given message with the given level.</doc>
<status status="PASS" start="2024-07-08T05:16:57.171795" elapsed="0.000411"/>
</kw>
<kw name="Log" owner="BuiltIn">
<msg time="2024-07-08T05:16:57.172631" level="INFO">login</msg>
<arg>${key}</arg>
<doc>Logs the given message with the given level.</doc>
<status status="PASS" start="2024-07-08T05:16:57.172498" elapsed="0.000170"/>
</kw>
<var name="${key}">login</var>
<status status="PASS" start="2024-07-08T05:16:57.171081" elapsed="0.001805"/>
</iter>
<var>${key}</var>
<value>@{expected_keys}</value>
<status status="PASS" start="2024-07-08T05:16:57.162974" elapsed="0.010029"/>
</for>
<kw name="Create List" owner="BuiltIn">
<msg time="2024-07-08T05:16:57.173368" level="INFO">${expected_keysTwo} = ['username', 'password']</msg>
<var>${expected_keysTwo}</var>
<arg>username</arg>
<arg>password</arg>
<doc>Returns a list containing given items.</doc>
<status status="PASS" start="2024-07-08T05:16:57.173222" elapsed="0.000170"/>
</kw>
<for flavor="IN">
<iter>
<kw name="Dictionary Should Contain Key" owner="Collections">
<arg>${json_data['results'][0]['login']}</arg>
<arg>${keyTwo}</arg>
<doc>Fails if ``key`` is not found from ``dictionary``.</doc>
<status status="PASS" start="2024-07-08T05:16:57.173915" elapsed="0.000391"/>
</kw>
<kw name="Dictionary Should Contain Key" owner="Collections">
<arg>${json_data['results'][0]['login']}</arg>
<arg>${keyTwo}</arg>
<doc>Fails if ``key`` is not found from ``dictionary``.</doc>
<status status="PASS" start="2024-07-08T05:16:57.174487" elapsed="0.000370"/>
</kw>
<kw name="Log" owner="BuiltIn">
<msg time="2024-07-08T05:16:57.175161" level="INFO">username</msg>
<arg>${keyTwo}</arg>
<doc>Logs the given message with the given level.</doc>
<status status="PASS" start="2024-07-08T05:16:57.175038" elapsed="0.000160"/>
</kw>
<var name="${keyTwo}">username</var>
<status status="PASS" start="2024-07-08T05:16:57.173807" elapsed="0.001615"/>
</iter>
<iter>
<kw name="Dictionary Should Contain Key" owner="Collections">
<arg>${json_data['results'][0]['login']}</arg>
<arg>${keyTwo}</arg>
<doc>Fails if ``key`` is not found from ``dictionary``.</doc>
<status status="PASS" start="2024-07-08T05:16:57.175730" elapsed="0.000400"/>
</kw>
<kw name="Dictionary Should Contain Key" owner="Collections">
<arg>${json_data['results'][0]['login']}</arg>
<arg>${keyTwo}</arg>
<doc>Fails if ``key`` is not found from ``dictionary``.</doc>
<status status="PASS" start="2024-07-08T05:16:57.176310" elapsed="0.000369"/>
</kw>
<kw name="Log" owner="BuiltIn">
<msg time="2024-07-08T05:16:57.176969" level="INFO">password</msg>
<arg>${keyTwo}</arg>
<doc>Logs the given message with the given level.</doc>
<status status="PASS" start="2024-07-08T05:16:57.176852" elapsed="0.000159"/>
</kw>
<var name="${keyTwo}">password</var>
<status status="PASS" start="2024-07-08T05:16:57.175592" elapsed="0.001638"/>
</iter>
<var>${keyTwo}</var>
<value>@{expected_keysTwo}</value>
<status status="PASS" start="2024-07-08T05:16:57.173638" elapsed="0.003710"/>
</for>
<status status="PASS" start="2024-07-08T05:16:57.057170" elapsed="0.120321"/>
</kw>
<doc>Testa a estrutura da resposta da API.</doc>
<tag>testeEstruturaResposta</tag>
<status status="PASS" start="2024-07-08T05:16:57.056629" elapsed="0.121018"/>
</test>
<test id="s1-s1-t4" name="Validar tipos de dados" line="28">
<kw name="Teste de Tipos de Dados" owner="random-user-service">
<kw name="GET On Session" owner="RequestsLibrary">
<msg time="2024-07-08T05:16:57.271772" level="INFO">GET Request : url=https://randomuser.me/api 
 path_url=/api 
 headers={'User-Agent': 'python-requests/2.32.3', 'Accept-Encoding': 'gzip, deflate', 'Accept': '*/*', 'Connection': 'keep-alive'} 
 body=None 
 </msg>
<msg time="2024-07-08T05:16:57.271877" level="INFO">GET Response : url=https://randomuser.me/api 
 status=200, reason=OK 
 headers={'Date': 'Mon, 08 Jul 2024 05:16:57 GMT', 'Content-Type': 'application/json; charset=utf-8', 'Transfer-Encoding': 'chunked', 'Connection': 'keep-alive', 'X-Powered-By': 'Express', 'Access-Control-Allow-Origin': '*', 'Cache-Control': 'no-cache', 'ETag': 'W/"4ab-kQNlP0Pz8RSRaN5CYar68hoqAT0"', 'Vary': 'Accept-Encoding', 'Content-Encoding': 'gzip', 'CF-Cache-Status': 'DYNAMIC', 'Report-To': '{"endpoints":[{"url":"https:\\/\\/a.nel.cloudflare.com\\/report\\/v4?s=V%2FueZdcvfp8NTZT9%2FYHbc6J0DDf79WC8q4NDk4%2F7NZ8w%2BC72WvxKR8KZC8UqJR4P1y5%2BsENHTJFsvBcCpvEgVA6f1SZRf%2BIqVydkJVJitXhAwhngYhyfMqTWoZKBUgQH"}],"group":"cf-nel","max_age":604800}', 'NEL': '{"success_fraction":0,"report_to":"cf-nel","max_age":604800}', 'Server': 'cloudflare', 'CF-RAY': '89fd9ae96a50641d-SJC', 'alt-svc': 'h3=":443"; ma=86400'} 
 body={"results":[{"gender":"male","name":{"title":"Mr","first":"Danilo","last":"Gonçalves"},"location":{"street":{"number":7067,"name":"Rua Espirito Santo "},"city":"Angra dos Reis","state":"Mato Grosso","country":"Brazil","postcode":97385,"coordinates":{"latitude":"-77.5238","longitude":"-5.0910"},"timezone":{"offset":"+9:00","description":"Tokyo, Seoul, Osaka, Sapporo, Yakutsk"}},"email":"danilo.goncalves@example.com","login":{"uuid":"48db506f-5fa6-478b-9a3b-0fe2dad23efe","username":"brownpanda106","password":"myxworld","salt":"w9PADGSM","md5":"c490f2a3d79d1aab1613967eff796b08","sha1":"586bae283aa2591a58236e9bbe68da48526b25b8","sha256":"ec0288b2b3671b950fa7753a7b016bdc1774f33fffb0030bc46d0eed1e3d7de7"},"dob":{"date":"2000-04-12T13:16:38.367Z","age":24},"registered":{"date":"2020-08-23T10:49:54.353Z","age":3},"phone":"(86) 8129-9906","cell":"(88) 6386-6565","id":{"name":"CPF","value":"700.764.824-87"},"picture":{"large":"https://randomuser.me/api/portraits/men/15.jpg","medium":"https://randomuser.me/api/portraits/med/men/15.jpg","thumbnail":"https://randomuser.me/api/portraits/thumb/men/15.jpg"},"nat":"BR"}],"info":{"seed":"7f4afc53f1ff4307","results":1,"page":1,"version":"1.4"}} 
 </msg>
<msg time="2024-07-08T05:16:57.271952" level="INFO">/opt/hostedtoolcache/Python/3.12.4/x64/lib/python3.12/site-packages/urllib3/connectionpool.py:1099: InsecureRequestWarning: Unverified HTTPS request is being made to host 'randomuser.me'. Adding certificate verification is strongly advised. See: https://urllib3.readthedocs.io/en/latest/advanced-usage.html#tls-warnings
  warnings.warn(</msg>
<msg time="2024-07-08T05:16:57.272073" level="INFO">${response} = &lt;Response [200]&gt;</msg>
<var>${response}</var>
<arg>consultarAPI</arg>
<arg>/api</arg>
<doc>Sends a GET request on a previously created HTTP Session.</doc>
<status status="PASS" start="2024-07-08T05:16:57.180264" elapsed="0.091841"/>
</kw>
<kw name="Set Variable" owner="BuiltIn">
<msg time="2024-07-08T05:16:57.273168" level="INFO">${json_data} = {'results': [{'gender': 'male', 'name': {'title': 'Mr', 'first': 'Danilo', 'last': 'Gonçalves'}, 'location': {'street': {'number': 7067, 'name': 'Rua Espirito Santo '}, 'city': 'Angra dos Reis', 'stat...</msg>
<var>${json_data}</var>
<arg>${response.json()}</arg>
<doc>Returns the given values which can then be assigned to a variables.</doc>
<status status="PASS" start="2024-07-08T05:16:57.272629" elapsed="0.000574"/>
</kw>
<kw name="Log" owner="BuiltIn">
<msg time="2024-07-08T05:16:57.273679" level="INFO">{'results': [{'gender': 'male', 'name': {'title': 'Mr', 'first': 'Danilo', 'last': 'Gonçalves'}, 'location': {'street': {'number': 7067, 'name': 'Rua Espirito Santo '}, 'city': 'Angra dos Reis', 'state': 'Mato Grosso', 'country': 'Brazil', 'postcode': 97385, 'coordinates': {'latitude': '-77.5238', 'longitude': '-5.0910'}, 'timezone': {'offset': '+9:00', 'description': 'Tokyo, Seoul, Osaka, Sapporo, Yakutsk'}}, 'email': 'danilo.goncalves@example.com', 'login': {'uuid': '48db506f-5fa6-478b-9a3b-0fe2dad23efe', 'username': 'brownpanda106', 'password': 'myxworld', 'salt': 'w9PADGSM', 'md5': 'c490f2a3d79d1aab1613967eff796b08', 'sha1': '586bae283aa2591a58236e9bbe68da48526b25b8', 'sha256': 'ec0288b2b3671b950fa7753a7b016bdc1774f33fffb0030bc46d0eed1e3d7de7'}, 'dob': {'date': '2000-04-12T13:16:38.367Z', 'age': 24}, 'registered': {'date': '2020-08-23T10:49:54.353Z', 'age': 3}, 'phone': '(86) 8129-9906', 'cell': '(88) 6386-6565', 'id': {'name': 'CPF', 'value': '700.764.824-87'}, 'picture': {'large': 'https://randomuser.me/api/portraits/men/15.jpg', 'medium': 'https://randomuser.me/api/portraits/med/men/15.jpg', 'thumbnail': 'https://randomuser.me/api/portraits/thumb/men/15.jpg'}, 'nat': 'BR'}], 'info': {'seed': '7f4afc53f1ff4307', 'results': 1, 'page': 1, 'version': '1.4'}}</msg>
<arg>${json_data}</arg>
<doc>Logs the given message with the given level.</doc>
<status status="PASS" start="2024-07-08T05:16:57.273519" elapsed="0.000211"/>
</kw>
<kw name="Should Be String" owner="String">
<arg>${json_data['results'][0]['gender']}</arg>
<doc>Fails if the given ``item`` is not a string.</doc>
<status status="PASS" start="2024-07-08T05:16:57.274028" elapsed="0.000365"/>
</kw>
<kw name="Should Match Regexp" owner="BuiltIn">
<arg>${json_data['results'][0]['email']}</arg>
<arg>^[a-zA-Z0-9._%+-]+@[a-zA-Z0-9.-]+\.[a-zA-Z]{2,}$</arg>
<doc>Fails if ``string`` does not match ``pattern`` as a regular expression.</doc>
<status status="PASS" start="2024-07-08T05:16:57.274630" elapsed="0.000527"/>
</kw>
<kw name="Should Match Regexp" owner="BuiltIn">
<arg>${json_data['results'][0]['dob']['date']}</arg>
<arg>\\d{4}-\\d{2}-\\d{2}T\\d{2}:\\d{2}:\\d{2}\\.\\d{3}Z</arg>
<doc>Fails if ``string`` does not match ``pattern`` as a regular expression.</doc>
<status status="PASS" start="2024-07-08T05:16:57.275354" elapsed="0.000541"/>
</kw>
<kw name="Should Match Regexp" owner="BuiltIn">
<arg>${json_data['results'][0]['registered']['date']}</arg>
<arg>\\d{4}-\\d{2}-\\d{2}T\\d{2}:\\d{2}:\\d{2}\\.\\d{3}Z</arg>
<doc>Fails if ``string`` does not match ``pattern`` as a regular expression.</doc>
<status status="PASS" start="2024-07-08T05:16:57.276093" elapsed="0.000382"/>
</kw>
<kw name="Should Match Regexp" owner="BuiltIn">
<arg>${json_data['results'][0]['picture']['large']}</arg>
<arg>^https?://.*\.(?:png|jpe?g|gif|bmp)$</arg>
<doc>Fails if ``string`` does not match ``pattern`` as a regular expression.</doc>
<status status="PASS" start="2024-07-08T05:16:57.276664" elapsed="0.000462"/>
</kw>
<kw name="Should Match Regexp" owner="BuiltIn">
<arg>${json_data['results'][0]['picture']['medium']}</arg>
<arg>^https?://.*\.(?:png|jpe?g|gif|bmp)$</arg>
<doc>Fails if ``string`` does not match ``pattern`` as a regular expression.</doc>
<status status="PASS" start="2024-07-08T05:16:57.277315" elapsed="0.000351"/>
</kw>
<kw name="Should Match Regexp" owner="BuiltIn">
<arg>${json_data['results'][0]['picture']['thumbnail']}</arg>
<arg>^https?://.*\.(?:png|jpe?g|gif|bmp)$</arg>
<doc>Fails if ``string`` does not match ``pattern`` as a regular expression.</doc>
<status status="PASS" start="2024-07-08T05:16:57.277852" elapsed="0.000358"/>
</kw>
<kw name="Log" owner="BuiltIn">
<msg time="2024-07-08T05:16:57.278720" level="INFO">{'large': 'https://randomuser.me/api/portraits/men/15.jpg', 'medium': 'https://randomuser.me/api/portraits/med/men/15.jpg', 'thumbnail': 'https://randomuser.me/api/portraits/thumb/men/15.jpg'}</msg>
<arg>${json_data['results'][0]['picture']}</arg>
<doc>Logs the given message with the given level.</doc>
<status status="PASS" start="2024-07-08T05:16:57.278395" elapsed="0.000367"/>
</kw>
<status status="PASS" start="2024-07-08T05:16:57.180033" elapsed="0.098993"/>
</kw>
<kw name="Teste de Tipos de Dados - Postcode" owner="random-user-service">
<kw name="GET On Session" owner="RequestsLibrary">
<msg time="2024-07-08T05:16:57.364678" level="INFO">GET Request : url=https://randomuser.me/api 
 path_url=/api 
 headers={'User-Agent': 'python-requests/2.32.3', 'Accept-Encoding': 'gzip, deflate', 'Accept': '*/*', 'Connection': 'keep-alive'} 
 body=None 
 </msg>
<msg time="2024-07-08T05:16:57.364791" level="INFO">GET Response : url=https://randomuser.me/api 
 status=200, reason=OK 
 headers={'Date': 'Mon, 08 Jul 2024 05:16:57 GMT', 'Content-Type': 'application/json; charset=utf-8', 'Transfer-Encoding': 'chunked', 'Connection': 'keep-alive', 'X-Powered-By': 'Express', 'Access-Control-Allow-Origin': '*', 'Cache-Control': 'no-cache', 'ETag': 'W/"47e-PjmDiGmMKWBw3PDk51OBGvZNFCU"', 'Vary': 'Accept-Encoding', 'Content-Encoding': 'gzip', 'CF-Cache-Status': 'DYNAMIC', 'Report-To': '{"endpoints":[{"url":"https:\\/\\/a.nel.cloudflare.com\\/report\\/v4?s=m016gmhNyR1HRttESVOtyzSkYXXSYC3yCZKYFKbn0Rr5H33idf1RWg79VVYz%2BJQaOwC3Pt7BbYI%2FrKUpneYuJ0t3xg43C1eZNh308wsf8Za%2FT4BcsFta3O78eOOM9TKd"}],"group":"cf-nel","max_age":604800}', 'NEL': '{"success_fraction":0,"report_to":"cf-nel","max_age":604800}', 'Server': 'cloudflare', 'CF-RAY': '89fd9aea0acb641d-SJC', 'alt-svc': 'h3=":443"; ma=86400'} 
 body={"results":[{"gender":"male","name":{"title":"Mr","first":"Joseph","last":"Robinson"},"location":{"street":{"number":2276,"name":"Grange Road"},"city":"Gorey","state":"Cork City","country":"Ireland","postcode":68028,"coordinates":{"latitude":"1.1575","longitude":"-15.9347"},"timezone":{"offset":"+2:00","description":"Kaliningrad, South Africa"}},"email":"joseph.robinson@example.com","login":{"uuid":"8c83362a-8b1f-4e2c-9fec-63af5b516634","username":"tinypeacock441","password":"vh5150","salt":"HSf85jWv","md5":"e8c10dbf2aed9c00f5beeaaf3f37e022","sha1":"ee47f69df95b8e5a88be6c0fc70197d8411810d0","sha256":"f432d1fa54e9563f2aed652628cd0a979464aaa55e307dbe5ead5a23857a5cd0"},"dob":{"date":"1957-09-24T07:51:45.257Z","age":66},"registered":{"date":"2015-10-12T21:36:12.444Z","age":8},"phone":"031-730-4422","cell":"081-804-6020","id":{"name":"PPS","value":"2761494T"},"picture":{"large":"https://randomuser.me/api/portraits/men/98.jpg","medium":"https://randomuser.me/api/portraits/med/men/98.jpg","thumbnail":"https://randomuser.me/api/portraits/thumb/men/98.jpg"},"nat":"IE"}],"info":{"seed":"04fb7a7c36f93e27","results":1,"page":1,"version":"1.4"}} 
 </msg>
<msg time="2024-07-08T05:16:57.364874" level="INFO">/opt/hostedtoolcache/Python/3.12.4/x64/lib/python3.12/site-packages/urllib3/connectionpool.py:1099: InsecureRequestWarning: Unverified HTTPS request is being made to host 'randomuser.me'. Adding certificate verification is strongly advised. See: https://urllib3.readthedocs.io/en/latest/advanced-usage.html#tls-warnings
  warnings.warn(</msg>
<msg time="2024-07-08T05:16:57.365004" level="INFO">${response} = &lt;Response [200]&gt;</msg>
<var>${response}</var>
<arg>consultarAPI</arg>
<arg>/api</arg>
<doc>Sends a GET request on a previously created HTTP Session.</doc>
<status status="PASS" start="2024-07-08T05:16:57.279489" elapsed="0.085543"/>
</kw>
<kw name="Set Variable" owner="BuiltIn">
<msg time="2024-07-08T05:16:57.366098" level="INFO">${json_data} = {'results': [{'gender': 'male', 'name': {'title': 'Mr', 'first': 'Joseph', 'last': 'Robinson'}, 'location': {'street': {'number': 2276, 'name': 'Grange Road'}, 'city': 'Gorey', 'state': 'Cork City', '...</msg>
<var>${json_data}</var>
<arg>${response.json()}</arg>
<doc>Returns the given values which can then be assigned to a variables.</doc>
<status status="PASS" start="2024-07-08T05:16:57.365572" elapsed="0.000555"/>
</kw>
<kw name="Log" owner="BuiltIn">
<msg time="2024-07-08T05:16:57.366602" level="INFO">{'results': [{'gender': 'male', 'name': {'title': 'Mr', 'first': 'Joseph', 'last': 'Robinson'}, 'location': {'street': {'number': 2276, 'name': 'Grange Road'}, 'city': 'Gorey', 'state': 'Cork City', 'country': 'Ireland', 'postcode': 68028, 'coordinates': {'latitude': '1.1575', 'longitude': '-15.9347'}, 'timezone': {'offset': '+2:00', 'description': 'Kaliningrad, South Africa'}}, 'email': 'joseph.robinson@example.com', 'login': {'uuid': '8c83362a-8b1f-4e2c-9fec-63af5b516634', 'username': 'tinypeacock441', 'password': 'vh5150', 'salt': 'HSf85jWv', 'md5': 'e8c10dbf2aed9c00f5beeaaf3f37e022', 'sha1': 'ee47f69df95b8e5a88be6c0fc70197d8411810d0', 'sha256': 'f432d1fa54e9563f2aed652628cd0a979464aaa55e307dbe5ead5a23857a5cd0'}, 'dob': {'date': '1957-09-24T07:51:45.257Z', 'age': 66}, 'registered': {'date': '2015-10-12T21:36:12.444Z', 'age': 8}, 'phone': '031-730-4422', 'cell': '081-804-6020', 'id': {'name': 'PPS', 'value': '2761494T'}, 'picture': {'large': 'https://randomuser.me/api/portraits/men/98.jpg', 'medium': 'https://randomuser.me/api/portraits/med/men/98.jpg', 'thumbnail': 'https://randomuser.me/api/portraits/thumb/men/98.jpg'}, 'nat': 'IE'}], 'info': {'seed': '04fb7a7c36f93e27', 'results': 1, 'page': 1, 'version': '1.4'}}</msg>
<arg>${json_data}</arg>
<doc>Logs the given message with the given level.</doc>
<status status="PASS" start="2024-07-08T05:16:57.366436" elapsed="0.000215"/>
</kw>
<kw name="Should Be Equal As Numbers" owner="BuiltIn">
<arg>${json_data['results'][0]['location']['postcode']}</arg>
<arg>${json_data['results'][0]['location']['postcode']}</arg>
<doc>Fails if objects are unequal after converting them to real numbers.</doc>
<status status="PASS" start="2024-07-08T05:16:57.366945" elapsed="0.000627"/>
</kw>
<kw name="Log" owner="BuiltIn">
<msg time="2024-07-08T05:16:57.368207" level="INFO">68028</msg>
<arg>${json_data['results'][0]['location']['postcode']}</arg>
<doc>Logs the given message with the given level.</doc>
<status status="PASS" start="2024-07-08T05:16:57.367857" elapsed="0.000392"/>
</kw>
<status status="PASS" start="2024-07-08T05:16:57.279257" elapsed="0.089256"/>
</kw>
<doc>Testa se os tipos de dados na resposta da API estão corretos.</doc>
<tag>testeTiposDados</tag>
<status status="PASS" start="2024-07-08T05:16:57.179441" elapsed="0.189250"/>
</test>
<test id="s1-s1-t5" name="Validar conteudo" line="35">
<kw name="Teste de Tipos de Conteudo" owner="random-user-service">
<kw name="GET On Session" owner="RequestsLibrary">
<msg time="2024-07-08T05:16:57.464505" level="INFO">GET Request : url=https://randomuser.me/api 
 path_url=/api 
 headers={'User-Agent': 'python-requests/2.32.3', 'Accept-Encoding': 'gzip, deflate', 'Accept': '*/*', 'Connection': 'keep-alive'} 
 body=None 
 </msg>
<msg time="2024-07-08T05:16:57.464618" level="INFO">GET Response : url=https://randomuser.me/api 
 status=200, reason=OK 
 headers={'Date': 'Mon, 08 Jul 2024 05:16:57 GMT', 'Content-Type': 'application/json; charset=utf-8', 'Transfer-Encoding': 'chunked', 'Connection': 'keep-alive', 'X-Powered-By': 'Express', 'Access-Control-Allow-Origin': '*', 'Cache-Control': 'no-cache', 'ETag': 'W/"47d-TSjtSplNR7/2KdhFKdyrTW3GrSU"', 'Vary': 'Accept-Encoding', 'Content-Encoding': 'gzip', 'CF-Cache-Status': 'DYNAMIC', 'Report-To': '{"endpoints":[{"url":"https:\\/\\/a.nel.cloudflare.com\\/report\\/v4?s=FNNo0qnxXEY1ZJhWWp4%2B0pW1uZQH515bRe67O0uc0r4qJav5jX5OAs0PhW45%2F%2B3v5%2FzCkNsGLsbagyCC0%2Fyw09J3hpJ1v72Y2K2fkTfUObe5SlfKiNpltkoTp7N2Zjdv"}],"group":"cf-nel","max_age":604800}', 'NEL': '{"success_fraction":0,"report_to":"cf-nel","max_age":604800}', 'Server': 'cloudflare', 'CF-RAY': '89fd9aea9b36641d-SJC', 'alt-svc': 'h3=":443"; ma=86400'} 
 body={"results":[{"gender":"male","name":{"title":"Mr","first":"Jimmy","last":"Thomas"},"location":{"street":{"number":1345,"name":"Park Lane"},"city":"Liverpool","state":"Cleveland","country":"United Kingdom","postcode":"FM61 7YB","coordinates":{"latitude":"-5.0526","longitude":"-84.7721"},"timezone":{"offset":"-3:30","description":"Newfoundland"}},"email":"jimmy.thomas@example.com","login":{"uuid":"8e52981d-8a93-4c64-88ae-4352765f48d7","username":"redtiger333","password":"keith","salt":"FPKlYyqs","md5":"c786bf3344ca6e5ae4706958d8a87526","sha1":"b70f4558f52471ee87d06d3a5d00931706b0c346","sha256":"05314a44b3b43fa63445628fb33a9a9cf9de25687e58a715550db6e59f7eb95f"},"dob":{"date":"1958-07-02T19:07:53.682Z","age":66},"registered":{"date":"2009-02-26T23:34:39.298Z","age":15},"phone":"015394 41228","cell":"07456 273816","id":{"name":"NINO","value":"HR 25 66 24 P"},"picture":{"large":"https://randomuser.me/api/portraits/men/13.jpg","medium":"https://randomuser.me/api/portraits/med/men/13.jpg","thumbnail":"https://randomuser.me/api/portraits/thumb/men/13.jpg"},"nat":"GB"}],"info":{"seed":"86fd0dcce023e2ff","results":1,"page":1,"version":"1.4"}} 
 </msg>
<msg time="2024-07-08T05:16:57.464724" level="INFO">/opt/hostedtoolcache/Python/3.12.4/x64/lib/python3.12/site-packages/urllib3/connectionpool.py:1099: InsecureRequestWarning: Unverified HTTPS request is being made to host 'randomuser.me'. Adding certificate verification is strongly advised. See: https://urllib3.readthedocs.io/en/latest/advanced-usage.html#tls-warnings
  warnings.warn(</msg>
<msg time="2024-07-08T05:16:57.464864" level="INFO">${response} = &lt;Response [200]&gt;</msg>
<var>${response}</var>
<arg>consultarAPI</arg>
<arg>/api</arg>
<doc>Sends a GET request on a previously created HTTP Session.</doc>
<status status="PASS" start="2024-07-08T05:16:57.371434" elapsed="0.093470"/>
</kw>
<kw name="Set Variable" owner="BuiltIn">
<msg time="2024-07-08T05:16:57.465944" level="INFO">${json_data} = {'results': [{'gender': 'male', 'name': {'title': 'Mr', 'first': 'Jimmy', 'last': 'Thomas'}, 'location': {'street': {'number': 1345, 'name': 'Park Lane'}, 'city': 'Liverpool', 'state': 'Cleveland', 'c...</msg>
<var>${json_data}</var>
<arg>${response.json()}</arg>
<doc>Returns the given values which can then be assigned to a variables.</doc>
<status status="PASS" start="2024-07-08T05:16:57.465437" elapsed="0.000536"/>
</kw>
<kw name="Set Variable" owner="BuiltIn">
<msg time="2024-07-08T05:16:57.466666" level="INFO">${name_title} = Mr</msg>
<var>${name_title}</var>
<arg>${json_data["results"][0]["name"]["title"]}</arg>
<doc>Returns the given values which can then be assigned to a variables.</doc>
<status status="PASS" start="2024-07-08T05:16:57.466281" elapsed="0.000411"/>
</kw>
<kw name="Create List" owner="BuiltIn">
<msg time="2024-07-08T05:16:57.467139" level="INFO">${allowed_titles} = ['Mr', 'Ms', 'Miss', 'Mrs', 'Madame', 'Monsieur']</msg>
<var>${allowed_titles}</var>
<arg>Mr</arg>
<arg>Ms</arg>
<arg>Miss</arg>
<arg>Mrs</arg>
<arg>Madame</arg>
<arg>Monsieur</arg>
<doc>Returns a list containing given items.</doc>
<status status="PASS" start="2024-07-08T05:16:57.466989" elapsed="0.000176"/>
</kw>
<kw name="List Should Contain Value" owner="Collections">
<arg>${allowed_titles}</arg>
<arg>${name_title}</arg>
<doc>Fails if the ``value`` is not found from ``list``.</doc>
<status status="PASS" start="2024-07-08T05:16:57.467467" elapsed="0.000178"/>
</kw>
<kw name="Set Variable" owner="BuiltIn">
<msg time="2024-07-08T05:16:57.468261" level="INFO">${name_country} = GB</msg>
<var>${name_country}</var>
<arg>${json_data["results"][0]["nat"]}</arg>
<doc>Returns the given values which can then be assigned to a variables.</doc>
<status status="PASS" start="2024-07-08T05:16:57.467891" elapsed="0.000396"/>
</kw>
<kw name="Create List" owner="BuiltIn">
<msg time="2024-07-08T05:16:57.469169" level="INFO">${list_country} = ['AD', 'AE', 'AF', 'AG', 'AI', 'AL', 'AM', 'AO', 'AQ', 'AR', 'AS', 'AT', 'AU', 'AW', 'AX', 'AZ', 'BA', 'BB', 'BD', 'BE', 'BF', 'BG', 'BH', 'BI', 'BJ', 'BL', 'BM', 'BN', 'BO', 'BQ', 'BR', 'BS', 'BT', '...</msg>
<var>${list_country}</var>
<arg>AD</arg>
<arg>AE</arg>
<arg>AF</arg>
<arg>AG</arg>
<arg>AI</arg>
<arg>AL</arg>
<arg>AM</arg>
<arg>AO</arg>
<arg>AQ</arg>
<arg>AR</arg>
<arg>AS</arg>
<arg>AT</arg>
<arg>AU</arg>
<arg>AW</arg>
<arg>AX</arg>
<arg>AZ</arg>
<arg>BA</arg>
<arg>BB</arg>
<arg>BD</arg>
<arg>BE</arg>
<arg>BF</arg>
<arg>BG</arg>
<arg>BH</arg>
<arg>BI</arg>
<arg>BJ</arg>
<arg>BL</arg>
<arg>BM</arg>
<arg>BN</arg>
<arg>BO</arg>
<arg>BQ</arg>
<arg>BR</arg>
<arg>BS</arg>
<arg>BT</arg>
<arg>BV</arg>
<arg>BW</arg>
<arg>BY</arg>
<arg>BZ</arg>
<arg>CA</arg>
<arg>CC</arg>
<arg>CD</arg>
<arg>CF</arg>
<arg>CG</arg>
<arg>CH</arg>
<arg>CI</arg>
<arg>CK</arg>
<arg>CL</arg>
<arg>CM</arg>
<arg>CN</arg>
<arg>CO</arg>
<arg>CR</arg>
<arg>CU</arg>
<arg>CV</arg>
<arg>CW</arg>
<arg>CX</arg>
<arg>CY</arg>
<arg>CZ</arg>
<arg>DE</arg>
<arg>DJ</arg>
<arg>DK</arg>
<arg>DM</arg>
<arg>DO</arg>
<arg>DZ</arg>
<arg>EC</arg>
<arg>EE</arg>
<arg>EG</arg>
<arg>EH</arg>
<arg>ER</arg>
<arg>ES</arg>
<arg>ET</arg>
<arg>FI</arg>
<arg>FJ</arg>
<arg>FK</arg>
<arg>FM</arg>
<arg>FO</arg>
<arg>FR</arg>
<arg>GA</arg>
<arg>GB</arg>
<arg>GD</arg>
<arg>GE</arg>
<arg>GF</arg>
<arg>GG</arg>
<arg>GH</arg>
<arg>GI</arg>
<arg>GL</arg>
<arg>GM</arg>
<arg>GN</arg>
<arg>GP</arg>
<arg>GQ</arg>
<arg>GR</arg>
<arg>GS</arg>
<arg>GT</arg>
<arg>GU</arg>
<arg>GW</arg>
<arg>GY</arg>
<arg>HK</arg>
<arg>HM</arg>
<arg>HN</arg>
<arg>HR</arg>
<arg>HT</arg>
<arg>HU</arg>
<arg>ID</arg>
<arg>IE</arg>
<arg>IL</arg>
<arg>IM</arg>
<arg>IN</arg>
<arg>IO</arg>
<arg>IQ</arg>
<arg>IR</arg>
<arg>IS</arg>
<arg>IT</arg>
<arg>JE</arg>
<arg>JM</arg>
<arg>JO</arg>
<arg>JP</arg>
<arg>KE</arg>
<arg>KG</arg>
<arg>KH</arg>
<arg>KI</arg>
<arg>KM</arg>
<arg>KN</arg>
<arg>KP</arg>
<arg>KR</arg>
<arg>KW</arg>
<arg>KY</arg>
<arg>KZ</arg>
<arg>LA</arg>
<arg>LB</arg>
<arg>LC</arg>
<arg>LI</arg>
<arg>LK</arg>
<arg>LR</arg>
<arg>LS</arg>
<arg>LT</arg>
<arg>LU</arg>
<arg>LV</arg>
<arg>LY</arg>
<arg>MA</arg>
<arg>MC</arg>
<arg>MD</arg>
<arg>ME</arg>
<arg>MF</arg>
<arg>MG</arg>
<arg>MH</arg>
<arg>MK</arg>
<arg>ML</arg>
<arg>MM</arg>
<arg>MN</arg>
<arg>MO</arg>
<arg>MP</arg>
<arg>MQ</arg>
<arg>MR</arg>
<arg>MS</arg>
<arg>MT</arg>
<arg>MU</arg>
<arg>MV</arg>
<arg>MW</arg>
<arg>MX</arg>
<arg>MY</arg>
<arg>MZ</arg>
<arg>NA</arg>
<arg>NC</arg>
<arg>NE</arg>
<arg>NF</arg>
<arg>NG</arg>
<arg>NI</arg>
<arg>NL</arg>
<arg>NO</arg>
<arg>NP</arg>
<arg>NR</arg>
<arg>NU</arg>
<arg>NZ</arg>
<arg>OM</arg>
<arg>PA</arg>
<arg>PE</arg>
<arg>PF</arg>
<arg>PG</arg>
<arg>PH</arg>
<arg>PK</arg>
<arg>PL</arg>
<arg>PM</arg>
<arg>PN</arg>
<arg>PR</arg>
<arg>PS</arg>
<arg>PT</arg>
<arg>PW</arg>
<arg>PY</arg>
<arg>QA</arg>
<arg>RE</arg>
<arg>RO</arg>
<arg>RS</arg>
<arg>RU</arg>
<arg>RW</arg>
<arg>SA</arg>
<arg>SB</arg>
<arg>SC</arg>
<arg>SD</arg>
<arg>SE</arg>
<arg>SG</arg>
<arg>SH</arg>
<arg>SI</arg>
<arg>SJ</arg>
<arg>SK</arg>
<arg>SL</arg>
<arg>SM</arg>
<arg>SN</arg>
<arg>SO</arg>
<arg>SR</arg>
<arg>SS</arg>
<arg>ST</arg>
<arg>SV</arg>
<arg>SX</arg>
<arg>SY</arg>
<arg>SZ</arg>
<arg>TC</arg>
<arg>TD</arg>
<arg>TF</arg>
<arg>TG</arg>
<arg>TH</arg>
<arg>TJ</arg>
<arg>TK</arg>
<arg>TL</arg>
<arg>TM</arg>
<arg>TN</arg>
<arg>TO</arg>
<arg>TR</arg>
<arg>TT</arg>
<arg>TV</arg>
<arg>TW</arg>
<arg>TZ</arg>
<arg>UA</arg>
<arg>UG</arg>
<arg>UM</arg>
<arg>US</arg>
<arg>UY</arg>
<arg>UZ</arg>
<arg>VA</arg>
<arg>VC</arg>
<arg>VE</arg>
<arg>VG</arg>
<arg>VI</arg>
<arg>VN</arg>
<arg>VU</arg>
<arg>WF</arg>
<arg>WS</arg>
<arg>XK</arg>
<arg>YE</arg>
<arg>YT</arg>
<arg>ZA</arg>
<arg>ZM</arg>
<arg>ZW</arg>
<doc>Returns a list containing given items.</doc>
<status status="PASS" start="2024-07-08T05:16:57.468578" elapsed="0.000616"/>
</kw>
<kw name="List Should Contain Value" owner="Collections">
<arg>${list_country}</arg>
<arg>${name_country}</arg>
<doc>Fails if the ``value`` is not found from ``list``.</doc>
<status status="PASS" start="2024-07-08T05:16:57.469990" elapsed="0.000205"/>
</kw>
<kw name="Run Keyword If" owner="BuiltIn">
<kw name="Should Be True" owner="BuiltIn">
<arg>${True}</arg>
<doc>Fails if the given condition is not true.</doc>
<status status="PASS" start="2024-07-08T05:16:57.471154" elapsed="0.000143"/>
</kw>
<arg>${json_data["results"][0]["location"]["coordinates"]["latitude"]} &gt;= -90 and ${json_data["results"][0]["location"]["coordinates"]["latitude"]} &lt;= 90</arg>
<arg>Should Be True</arg>
<arg>${True}</arg>
<doc>Runs the given keyword with the given arguments, if ``condition`` is true.</doc>
<status status="PASS" start="2024-07-08T05:16:57.470392" elapsed="0.001028"/>
</kw>
<kw name="Run Keyword If" owner="BuiltIn">
<kw name="Should Be True" owner="BuiltIn">
<arg>${True}</arg>
<doc>Fails if the given condition is not true.</doc>
<status status="PASS" start="2024-07-08T05:16:57.472316" elapsed="0.000137"/>
</kw>
<arg>${json_data["results"][0]["location"]["coordinates"]["longitude"]} &gt;= -180 and ${json_data["results"][0]["location"]["coordinates"]["longitude"]} &lt;= 180</arg>
<arg>Should Be True</arg>
<arg>${True}</arg>
<doc>Runs the given keyword with the given arguments, if ``condition`` is true.</doc>
<status status="PASS" start="2024-07-08T05:16:57.471600" elapsed="0.000974"/>
</kw>
<status status="PASS" start="2024-07-08T05:16:57.371038" elapsed="0.101669"/>
</kw>
<doc>Testa o conteúdo específico dos campos retornados pela API.</doc>
<tag>testeConteudo</tag>
<status status="PASS" start="2024-07-08T05:16:57.370471" elapsed="0.102390"/>
</test>
<status status="PASS" start="2024-07-08T05:16:56.445950" elapsed="1.028904"/>
</suite>
<status status="PASS" start="2024-07-08T05:16:56.431691" elapsed="1.048420"/>
</suite>
<statistics>
<total>
<stat pass="5" fail="0" skip="0">All Tests</stat>
</total>
<tag>
<stat pass="1" fail="0" skip="0">testeConteudo</stat>
<stat pass="1" fail="0" skip="0">testeEstruturaResposta</stat>
<stat pass="1" fail="0" skip="0">testeRequisicaoBasica</stat>
<stat pass="1" fail="0" skip="0">testeTiposDados</stat>
</tag>
<suite>
<stat pass="5" fail="0" skip="0" id="s1" name="Tests">Tests</stat>
<stat pass="5" fail="0" skip="0" id="s1-s1" name="Random-User-Test">Tests.Random-User-Test</stat>
</suite>
</statistics>
<errors>
</errors>
</robot>
