<?xml version="1.0" encoding="UTF-8"?>
<robot generator="Robot 7.0.1 (Python 3.12.4 on linux)" generated="2024-08-03T20:14:56.550990" rpa="false" schemaversion="5">
<suite id="s1" name="Tests" source="/home/runner/work/ApiRandomUser/ApiRandomUser/RamdonUser/tests">
<suite id="s1-s1" name="Random-User-Test" source="/home/runner/work/ApiRandomUser/ApiRandomUser/RamdonUser/tests/random-user-test.robot">
<test id="s1-s1-t1" name="Conectar" line="13">
<kw name="Conectar API" owner="random-user-service">
<kw name="Create Session" owner="RequestsLibrary">
<msg time="2024-08-03T20:14:56.954865" level="INFO">Creating Session using : alias=consultarAPI, url=https://randomuser.me/, headers={},                     cookies={}, auth=None, timeout=None, proxies=None, verify=False,                     debug=0 </msg>
<arg>consultarAPI</arg>
<arg>${URL}</arg>
<doc>Create Session: create a HTTP session to a server</doc>
<status status="PASS" start="2024-08-03T20:14:56.954678" elapsed="0.000380"/>
</kw>
<status status="PASS" start="2024-08-03T20:14:56.953719" elapsed="0.001682"/>
</kw>
<status status="PASS" start="2024-08-03T20:14:56.953153" elapsed="0.002438"/>
</test>
<test id="s1-s1-t2" name="Validar retorno 200 e JSON Válido" line="16">
<kw name="Teste de Requisicao Basica" owner="random-user-service">
<kw name="GET On Session" owner="RequestsLibrary">
<msg time="2024-08-03T20:14:57.041831" level="INFO">GET Request : url=https://randomuser.me/api 
 path_url=/api 
 headers={'User-Agent': 'python-requests/2.32.3', 'Accept-Encoding': 'gzip, deflate', 'Accept': '*/*', 'Connection': 'keep-alive'} 
 body=None 
 </msg>
<msg time="2024-08-03T20:14:57.041967" level="INFO">GET Response : url=https://randomuser.me/api 
 status=200, reason=OK 
 headers={'Date': 'Sat, 03 Aug 2024 20:14:57 GMT', 'Content-Type': 'application/json; charset=utf-8', 'Transfer-Encoding': 'chunked', 'Connection': 'keep-alive', 'X-Powered-By': 'Express', 'Access-Control-Allow-Origin': '*', 'Cache-Control': 'no-cache', 'ETag': 'W/"48d-Pe/0u5OrOyre2NCg5M/CDPS9qzU"', 'Vary': 'Accept-Encoding', 'Content-Encoding': 'gzip', 'CF-Cache-Status': 'DYNAMIC', 'Report-To': '{"endpoints":[{"url":"https:\\/\\/a.nel.cloudflare.com\\/report\\/v4?s=q9MV77zdPCHW7k0VQxhjg9sPncg4rhjqzF7cVKCAtg8p5WDCLFDBhLkYgbJrhv%2Fj2JTq8Qd7S0apZGuj%2BLb55ecPsQIkhT7eb0Xp%2F4BlyKIGE9aS7maQdqsL%2FQ%2BeH3XZ"}],"group":"cf-nel","max_age":604800}', 'NEL': '{"success_fraction":0,"report_to":"cf-nel","max_age":604800}', 'Server': 'cloudflare', 'CF-RAY': '8ad8fa163f3f6093-ORD', 'alt-svc': 'h3=":443"; ma=86400'} 
 body={"results":[{"gender":"female","name":{"title":"Miss","first":"Ugne","last":"Bolme"},"location":{"street":{"number":1092,"name":"Helga Vaneks vei"},"city":"Gullhaug","state":"Nord-Trøndelag","country":"Norway","postcode":"9175","coordinates":{"latitude":"41.1944","longitude":"28.4244"},"timezone":{"offset":"+4:00","description":"Abu Dhabi, Muscat, Baku, Tbilisi"}},"email":"ugne.bolme@example.com","login":{"uuid":"f1091537-d6c9-48e0-a2dc-2ec9aea7a44e","username":"smallcat894","password":"simpsons","salt":"AWKF6c3l","md5":"175d132ffe5a846b5ffcb456d9434487","sha1":"6581045f2fb67b705efcc59ab5dfab60339e2ef6","sha256":"eadf481199c3ed1d349c42e686d554701af8c4ecabd480bb90bab9014a4d6145"},"dob":{"date":"1989-03-08T19:12:24.558Z","age":35},"registered":{"date":"2014-04-14T07:03:32.529Z","age":10},"phone":"86462298","cell":"94314316","id":{"name":"FN","value":"08038945085"},"picture":{"large":"https://randomuser.me/api/portraits/women/60.jpg","medium":"https://randomuser.me/api/portraits/med/women/60.jpg","thumbnail":"https://randomuser.me/api/portraits/thumb/women/60.jpg"},"nat":"NO"}],"info":{"seed":"473e5974a3045d2a","results":1,"page":1,"version":"1.4"}} 
 </msg>
<msg time="2024-08-03T20:14:57.042058" level="INFO">/opt/hostedtoolcache/Python/3.12.4/x64/lib/python3.12/site-packages/urllib3/connectionpool.py:1099: InsecureRequestWarning: Unverified HTTPS request is being made to host 'randomuser.me'. Adding certificate verification is strongly advised. See: https://urllib3.readthedocs.io/en/latest/advanced-usage.html#tls-warnings
  warnings.warn(</msg>
<msg time="2024-08-03T20:14:57.042177" level="INFO">${response} = &lt;Response [200]&gt;</msg>
<var>${response}</var>
<arg>consultarAPI</arg>
<arg>/api</arg>
<doc>Sends a GET request on a previously created HTTP Session.</doc>
<status status="PASS" start="2024-08-03T20:14:56.958205" elapsed="0.084015"/>
</kw>
<kw name="Should Be Equal As Numbers" owner="BuiltIn">
<msg time="2024-08-03T20:14:57.043312" level="INFO">Argument types are:
&lt;class 'int'&gt;
&lt;class 'str'&gt;</msg>
<arg>${response.status_code}</arg>
<arg>200</arg>
<doc>Fails if objects are unequal after converting them to real numbers.</doc>
<status status="PASS" start="2024-08-03T20:14:57.042728" elapsed="0.000647"/>
</kw>
<kw name="Log" owner="BuiltIn">
<msg time="2024-08-03T20:14:57.044034" level="INFO">200</msg>
<arg>${response.status_code}</arg>
<doc>Logs the given message with the given level.</doc>
<status status="PASS" start="2024-08-03T20:14:57.043688" elapsed="0.000389"/>
</kw>
<kw name="Set Variable" owner="BuiltIn">
<msg time="2024-08-03T20:14:57.044824" level="INFO">${json_data} = {'results': [{'gender': 'female', 'name': {'title': 'Miss', 'first': 'Ugne', 'last': 'Bolme'}, 'location': {'street': {'number': 1092, 'name': 'Helga Vaneks vei'}, 'city': 'Gullhaug', 'state': 'Nord-T...</msg>
<var>${json_data}</var>
<arg>${response.json()}</arg>
<doc>Returns the given values which can then be assigned to a variables.</doc>
<status status="PASS" start="2024-08-03T20:14:57.044381" elapsed="0.000472"/>
</kw>
<kw name="Dictionary Should Contain Key" owner="Collections">
<arg>${json_data}</arg>
<arg>results</arg>
<doc>Fails if ``key`` is not found from ``dictionary``.</doc>
<status status="PASS" start="2024-08-03T20:14:57.045150" elapsed="0.000285"/>
</kw>
<status status="PASS" start="2024-08-03T20:14:56.957969" elapsed="0.087614"/>
</kw>
<doc>Testa se a API responde corretamente e retorna um objeto JSON válido.</doc>
<tag>testeRequisicaoBasica</tag>
<status status="PASS" start="2024-08-03T20:14:56.957480" elapsed="0.088261"/>
</test>
<test id="s1-s1-t3" name="Validar estrutura de resposta" line="22">
<kw name="Teste de Estrutura de Resposta" owner="random-user-service">
<kw name="GET On Session" owner="RequestsLibrary">
<msg time="2024-08-03T20:14:57.149202" level="INFO">GET Request : url=https://randomuser.me/api 
 path_url=/api 
 headers={'User-Agent': 'python-requests/2.32.3', 'Accept-Encoding': 'gzip, deflate', 'Accept': '*/*', 'Connection': 'keep-alive'} 
 body=None 
 </msg>
<msg time="2024-08-03T20:14:57.149274" level="INFO">GET Response : url=https://randomuser.me/api 
 status=200, reason=OK 
 headers={'Date': 'Sat, 03 Aug 2024 20:14:57 GMT', 'Content-Type': 'application/json; charset=utf-8', 'Transfer-Encoding': 'chunked', 'Connection': 'keep-alive', 'X-Powered-By': 'Express', 'Access-Control-Allow-Origin': '*', 'Cache-Control': 'no-cache', 'ETag': 'W/"47f-6u0LSAAmqfTkLWjL1uHnZJrLFkc"', 'Vary': 'Accept-Encoding', 'Content-Encoding': 'gzip', 'CF-Cache-Status': 'DYNAMIC', 'Report-To': '{"endpoints":[{"url":"https:\\/\\/a.nel.cloudflare.com\\/report\\/v4?s=%2FHHd5LUDC1FKfK9JPeh8l%2B%2FYZGH4fwrgtQkm4UObZeQRevPPSrF9OpJzxKhlsoH%2BeRvfLIfGRm2jFApP92rLd0EmwazEi7RdpQ5vPkPLFHEdWOO%2FkLzntuCkH7UZ%2F%2B1f"}],"group":"cf-nel","max_age":604800}', 'NEL': '{"success_fraction":0,"report_to":"cf-nel","max_age":604800}', 'Server': 'cloudflare', 'CF-RAY': '8ad8fa168f9f6093-ORD', 'alt-svc': 'h3=":443"; ma=86400'} 
 body={"results":[{"gender":"female","name":{"title":"Miss","first":"Judith","last":"Cox"},"location":{"street":{"number":8927,"name":"Hillcrest Rd"},"city":"Iowa Park","state":"Pennsylvania","country":"United States","postcode":13076,"coordinates":{"latitude":"85.4232","longitude":"36.4986"},"timezone":{"offset":"-10:00","description":"Hawaii"}},"email":"judith.cox@example.com","login":{"uuid":"7231e56b-0bd7-44f0-900a-2a16bbdc2a57","username":"reddog699","password":"11223344","salt":"RZEs0a2a","md5":"a63be7a3020c1fb1166fe80cbf1b2101","sha1":"a38f145620bf7cb41d6ac93592f389657e9891f2","sha256":"ef665367bb552d2ab5bd763152a03000adabe2d1106a6ec0e790dad16c37f7ba"},"dob":{"date":"1951-08-28T02:37:16.260Z","age":72},"registered":{"date":"2010-12-09T00:37:36.134Z","age":13},"phone":"(787) 363-4074","cell":"(542) 940-6977","id":{"name":"SSN","value":"165-29-0804"},"picture":{"large":"https://randomuser.me/api/portraits/women/69.jpg","medium":"https://randomuser.me/api/portraits/med/women/69.jpg","thumbnail":"https://randomuser.me/api/portraits/thumb/women/69.jpg"},"nat":"US"}],"info":{"seed":"59be3e2b67a8aaf2","results":1,"page":1,"version":"1.4"}} 
 </msg>
<msg time="2024-08-03T20:14:57.149376" level="INFO">/opt/hostedtoolcache/Python/3.12.4/x64/lib/python3.12/site-packages/urllib3/connectionpool.py:1099: InsecureRequestWarning: Unverified HTTPS request is being made to host 'randomuser.me'. Adding certificate verification is strongly advised. See: https://urllib3.readthedocs.io/en/latest/advanced-usage.html#tls-warnings
  warnings.warn(</msg>
<msg time="2024-08-03T20:14:57.149493" level="INFO">${response} = &lt;Response [200]&gt;</msg>
<var>${response}</var>
<arg>consultarAPI</arg>
<arg>/api</arg>
<doc>Sends a GET request on a previously created HTTP Session.</doc>
<status status="PASS" start="2024-08-03T20:14:57.048359" elapsed="0.101172"/>
</kw>
<kw name="Set Variable" owner="BuiltIn">
<msg time="2024-08-03T20:14:57.150392" level="INFO">${json_data} = {'results': [{'gender': 'female', 'name': {'title': 'Miss', 'first': 'Judith', 'last': 'Cox'}, 'location': {'street': {'number': 8927, 'name': 'Hillcrest Rd'}, 'city': 'Iowa Park', 'state': 'Pennsylva...</msg>
<var>${json_data}</var>
<arg>${response.json()}</arg>
<doc>Returns the given values which can then be assigned to a variables.</doc>
<status status="PASS" start="2024-08-03T20:14:57.149935" elapsed="0.000484"/>
</kw>
<kw name="Log" owner="BuiltIn">
<msg time="2024-08-03T20:14:57.150880" level="INFO">{'results': [{'gender': 'female', 'name': {'title': 'Miss', 'first': 'Judith', 'last': 'Cox'}, 'location': {'street': {'number': 8927, 'name': 'Hillcrest Rd'}, 'city': 'Iowa Park', 'state': 'Pennsylvania', 'country': 'United States', 'postcode': 13076, 'coordinates': {'latitude': '85.4232', 'longitude': '36.4986'}, 'timezone': {'offset': '-10:00', 'description': 'Hawaii'}}, 'email': 'judith.cox@example.com', 'login': {'uuid': '7231e56b-0bd7-44f0-900a-2a16bbdc2a57', 'username': 'reddog699', 'password': '11223344', 'salt': 'RZEs0a2a', 'md5': 'a63be7a3020c1fb1166fe80cbf1b2101', 'sha1': 'a38f145620bf7cb41d6ac93592f389657e9891f2', 'sha256': 'ef665367bb552d2ab5bd763152a03000adabe2d1106a6ec0e790dad16c37f7ba'}, 'dob': {'date': '1951-08-28T02:37:16.260Z', 'age': 72}, 'registered': {'date': '2010-12-09T00:37:36.134Z', 'age': 13}, 'phone': '(787) 363-4074', 'cell': '(542) 940-6977', 'id': {'name': 'SSN', 'value': '165-29-0804'}, 'picture': {'large': 'https://randomuser.me/api/portraits/women/69.jpg', 'medium': 'https://randomuser.me/api/portraits/med/women/69.jpg', 'thumbnail': 'https://randomuser.me/api/portraits/thumb/women/69.jpg'}, 'nat': 'US'}], 'info': {'seed': '59be3e2b67a8aaf2', 'results': 1, 'page': 1, 'version': '1.4'}}</msg>
<arg>${json_data}</arg>
<doc>Logs the given message with the given level.</doc>
<status status="PASS" start="2024-08-03T20:14:57.150720" elapsed="0.000206"/>
</kw>
<kw name="Dictionary Should Contain Key" owner="Collections">
<arg>${json_data}</arg>
<arg>results</arg>
<doc>Fails if ``key`` is not found from ``dictionary``.</doc>
<status status="PASS" start="2024-08-03T20:14:57.151258" elapsed="0.000159"/>
</kw>
<kw name="Should Not Be Empty" owner="BuiltIn">
<msg time="2024-08-03T20:14:57.151719" level="INFO">Length is 2.</msg>
<arg>${json_data}</arg>
<doc>Verifies that the given item is not empty.</doc>
<status status="PASS" start="2024-08-03T20:14:57.151597" elapsed="0.000159"/>
</kw>
<kw name="Create List" owner="BuiltIn">
<msg time="2024-08-03T20:14:57.152182" level="INFO">${expected_keys} = ['gender', 'name', 'location', 'email', 'login']</msg>
<var>${expected_keys}</var>
<arg>gender</arg>
<arg>name</arg>
<arg>location</arg>
<arg>email</arg>
<arg>login</arg>
<doc>Returns a list containing given items.</doc>
<status status="PASS" start="2024-08-03T20:14:57.152039" elapsed="0.000167"/>
</kw>
<for flavor="IN">
<iter>
<kw name="Dictionary Should Contain Key" owner="Collections">
<arg>${json_data['results'][0]}</arg>
<arg>${key}</arg>
<doc>Fails if ``key`` is not found from ``dictionary``.</doc>
<status status="PASS" start="2024-08-03T20:14:57.152763" elapsed="0.000399"/>
</kw>
<kw name="Log" owner="BuiltIn">
<msg time="2024-08-03T20:14:57.153707" level="INFO">{'gender': 'female', 'name': {'title': 'Miss', 'first': 'Judith', 'last': 'Cox'}, 'location': {'street': {'number': 8927, 'name': 'Hillcrest Rd'}, 'city': 'Iowa Park', 'state': 'Pennsylvania', 'country': 'United States', 'postcode': 13076, 'coordinates': {'latitude': '85.4232', 'longitude': '36.4986'}, 'timezone': {'offset': '-10:00', 'description': 'Hawaii'}}, 'email': 'judith.cox@example.com', 'login': {'uuid': '7231e56b-0bd7-44f0-900a-2a16bbdc2a57', 'username': 'reddog699', 'password': '11223344', 'salt': 'RZEs0a2a', 'md5': 'a63be7a3020c1fb1166fe80cbf1b2101', 'sha1': 'a38f145620bf7cb41d6ac93592f389657e9891f2', 'sha256': 'ef665367bb552d2ab5bd763152a03000adabe2d1106a6ec0e790dad16c37f7ba'}, 'dob': {'date': '1951-08-28T02:37:16.260Z', 'age': 72}, 'registered': {'date': '2010-12-09T00:37:36.134Z', 'age': 13}, 'phone': '(787) 363-4074', 'cell': '(542) 940-6977', 'id': {'name': 'SSN', 'value': '165-29-0804'}, 'picture': {'large': 'https://randomuser.me/api/portraits/women/69.jpg', 'medium': 'https://randomuser.me/api/portraits/med/women/69.jpg', 'thumbnail': 'https://randomuser.me/api/portraits/thumb/women/69.jpg'}, 'nat': 'US'}</msg>
<arg>${json_data['results'][0]}</arg>
<doc>Logs the given message with the given level.</doc>
<status status="PASS" start="2024-08-03T20:14:57.153356" elapsed="0.000399"/>
</kw>
<kw name="Log" owner="BuiltIn">
<msg time="2024-08-03T20:14:57.154175" level="INFO">gender</msg>
<arg>${key}</arg>
<doc>Logs the given message with the given level.</doc>
<status status="PASS" start="2024-08-03T20:14:57.154049" elapsed="0.000164"/>
</kw>
<var name="${key}">gender</var>
<status status="PASS" start="2024-08-03T20:14:57.152637" elapsed="0.001788"/>
</iter>
<iter>
<kw name="Dictionary Should Contain Key" owner="Collections">
<arg>${json_data['results'][0]}</arg>
<arg>${key}</arg>
<doc>Fails if ``key`` is not found from ``dictionary``.</doc>
<status status="PASS" start="2024-08-03T20:14:57.154719" elapsed="0.000424"/>
</kw>
<kw name="Log" owner="BuiltIn">
<msg time="2024-08-03T20:14:57.155675" level="INFO">{'gender': 'female', 'name': {'title': 'Miss', 'first': 'Judith', 'last': 'Cox'}, 'location': {'street': {'number': 8927, 'name': 'Hillcrest Rd'}, 'city': 'Iowa Park', 'state': 'Pennsylvania', 'country': 'United States', 'postcode': 13076, 'coordinates': {'latitude': '85.4232', 'longitude': '36.4986'}, 'timezone': {'offset': '-10:00', 'description': 'Hawaii'}}, 'email': 'judith.cox@example.com', 'login': {'uuid': '7231e56b-0bd7-44f0-900a-2a16bbdc2a57', 'username': 'reddog699', 'password': '11223344', 'salt': 'RZEs0a2a', 'md5': 'a63be7a3020c1fb1166fe80cbf1b2101', 'sha1': 'a38f145620bf7cb41d6ac93592f389657e9891f2', 'sha256': 'ef665367bb552d2ab5bd763152a03000adabe2d1106a6ec0e790dad16c37f7ba'}, 'dob': {'date': '1951-08-28T02:37:16.260Z', 'age': 72}, 'registered': {'date': '2010-12-09T00:37:36.134Z', 'age': 13}, 'phone': '(787) 363-4074', 'cell': '(542) 940-6977', 'id': {'name': 'SSN', 'value': '165-29-0804'}, 'picture': {'large': 'https://randomuser.me/api/portraits/women/69.jpg', 'medium': 'https://randomuser.me/api/portraits/med/women/69.jpg', 'thumbnail': 'https://randomuser.me/api/portraits/thumb/women/69.jpg'}, 'nat': 'US'}</msg>
<arg>${json_data['results'][0]}</arg>
<doc>Logs the given message with the given level.</doc>
<status status="PASS" start="2024-08-03T20:14:57.155323" elapsed="0.000431"/>
</kw>
<kw name="Log" owner="BuiltIn">
<msg time="2024-08-03T20:14:57.156177" level="INFO">name</msg>
<arg>${key}</arg>
<doc>Logs the given message with the given level.</doc>
<status status="PASS" start="2024-08-03T20:14:57.156048" elapsed="0.000166"/>
</kw>
<var name="${key}">name</var>
<status status="PASS" start="2024-08-03T20:14:57.154606" elapsed="0.001821"/>
</iter>
<iter>
<kw name="Dictionary Should Contain Key" owner="Collections">
<arg>${json_data['results'][0]}</arg>
<arg>${key}</arg>
<doc>Fails if ``key`` is not found from ``dictionary``.</doc>
<status status="PASS" start="2024-08-03T20:14:57.156703" elapsed="0.000380"/>
</kw>
<kw name="Log" owner="BuiltIn">
<msg time="2024-08-03T20:14:57.157603" level="INFO">{'gender': 'female', 'name': {'title': 'Miss', 'first': 'Judith', 'last': 'Cox'}, 'location': {'street': {'number': 8927, 'name': 'Hillcrest Rd'}, 'city': 'Iowa Park', 'state': 'Pennsylvania', 'country': 'United States', 'postcode': 13076, 'coordinates': {'latitude': '85.4232', 'longitude': '36.4986'}, 'timezone': {'offset': '-10:00', 'description': 'Hawaii'}}, 'email': 'judith.cox@example.com', 'login': {'uuid': '7231e56b-0bd7-44f0-900a-2a16bbdc2a57', 'username': 'reddog699', 'password': '11223344', 'salt': 'RZEs0a2a', 'md5': 'a63be7a3020c1fb1166fe80cbf1b2101', 'sha1': 'a38f145620bf7cb41d6ac93592f389657e9891f2', 'sha256': 'ef665367bb552d2ab5bd763152a03000adabe2d1106a6ec0e790dad16c37f7ba'}, 'dob': {'date': '1951-08-28T02:37:16.260Z', 'age': 72}, 'registered': {'date': '2010-12-09T00:37:36.134Z', 'age': 13}, 'phone': '(787) 363-4074', 'cell': '(542) 940-6977', 'id': {'name': 'SSN', 'value': '165-29-0804'}, 'picture': {'large': 'https://randomuser.me/api/portraits/women/69.jpg', 'medium': 'https://randomuser.me/api/portraits/med/women/69.jpg', 'thumbnail': 'https://randomuser.me/api/portraits/thumb/women/69.jpg'}, 'nat': 'US'}</msg>
<arg>${json_data['results'][0]}</arg>
<doc>Logs the given message with the given level.</doc>
<status status="PASS" start="2024-08-03T20:14:57.157261" elapsed="0.000391"/>
</kw>
<kw name="Log" owner="BuiltIn">
<msg time="2024-08-03T20:14:57.158068" level="INFO">location</msg>
<arg>${key}</arg>
<doc>Logs the given message with the given level.</doc>
<status status="PASS" start="2024-08-03T20:14:57.157943" elapsed="0.000161"/>
</kw>
<var name="${key}">location</var>
<status status="PASS" start="2024-08-03T20:14:57.156599" elapsed="0.001727"/>
</iter>
<iter>
<kw name="Dictionary Should Contain Key" owner="Collections">
<arg>${json_data['results'][0]}</arg>
<arg>${key}</arg>
<doc>Fails if ``key`` is not found from ``dictionary``.</doc>
<status status="PASS" start="2024-08-03T20:14:57.158597" elapsed="0.000416"/>
</kw>
<kw name="Log" owner="BuiltIn">
<msg time="2024-08-03T20:14:57.159664" level="INFO">{'gender': 'female', 'name': {'title': 'Miss', 'first': 'Judith', 'last': 'Cox'}, 'location': {'street': {'number': 8927, 'name': 'Hillcrest Rd'}, 'city': 'Iowa Park', 'state': 'Pennsylvania', 'country': 'United States', 'postcode': 13076, 'coordinates': {'latitude': '85.4232', 'longitude': '36.4986'}, 'timezone': {'offset': '-10:00', 'description': 'Hawaii'}}, 'email': 'judith.cox@example.com', 'login': {'uuid': '7231e56b-0bd7-44f0-900a-2a16bbdc2a57', 'username': 'reddog699', 'password': '11223344', 'salt': 'RZEs0a2a', 'md5': 'a63be7a3020c1fb1166fe80cbf1b2101', 'sha1': 'a38f145620bf7cb41d6ac93592f389657e9891f2', 'sha256': 'ef665367bb552d2ab5bd763152a03000adabe2d1106a6ec0e790dad16c37f7ba'}, 'dob': {'date': '1951-08-28T02:37:16.260Z', 'age': 72}, 'registered': {'date': '2010-12-09T00:37:36.134Z', 'age': 13}, 'phone': '(787) 363-4074', 'cell': '(542) 940-6977', 'id': {'name': 'SSN', 'value': '165-29-0804'}, 'picture': {'large': 'https://randomuser.me/api/portraits/women/69.jpg', 'medium': 'https://randomuser.me/api/portraits/med/women/69.jpg', 'thumbnail': 'https://randomuser.me/api/portraits/thumb/women/69.jpg'}, 'nat': 'US'}</msg>
<arg>${json_data['results'][0]}</arg>
<doc>Logs the given message with the given level.</doc>
<status status="PASS" start="2024-08-03T20:14:57.159307" elapsed="0.000413"/>
</kw>
<kw name="Log" owner="BuiltIn">
<msg time="2024-08-03T20:14:57.160136" level="INFO">email</msg>
<arg>${key}</arg>
<doc>Logs the given message with the given level.</doc>
<status status="PASS" start="2024-08-03T20:14:57.160011" elapsed="0.000163"/>
</kw>
<var name="${key}">email</var>
<status status="PASS" start="2024-08-03T20:14:57.158493" elapsed="0.001890"/>
</iter>
<iter>
<kw name="Dictionary Should Contain Key" owner="Collections">
<arg>${json_data['results'][0]}</arg>
<arg>${key}</arg>
<doc>Fails if ``key`` is not found from ``dictionary``.</doc>
<status status="PASS" start="2024-08-03T20:14:57.160658" elapsed="0.000373"/>
</kw>
<kw name="Log" owner="BuiltIn">
<msg time="2024-08-03T20:14:57.161568" level="INFO">{'gender': 'female', 'name': {'title': 'Miss', 'first': 'Judith', 'last': 'Cox'}, 'location': {'street': {'number': 8927, 'name': 'Hillcrest Rd'}, 'city': 'Iowa Park', 'state': 'Pennsylvania', 'country': 'United States', 'postcode': 13076, 'coordinates': {'latitude': '85.4232', 'longitude': '36.4986'}, 'timezone': {'offset': '-10:00', 'description': 'Hawaii'}}, 'email': 'judith.cox@example.com', 'login': {'uuid': '7231e56b-0bd7-44f0-900a-2a16bbdc2a57', 'username': 'reddog699', 'password': '11223344', 'salt': 'RZEs0a2a', 'md5': 'a63be7a3020c1fb1166fe80cbf1b2101', 'sha1': 'a38f145620bf7cb41d6ac93592f389657e9891f2', 'sha256': 'ef665367bb552d2ab5bd763152a03000adabe2d1106a6ec0e790dad16c37f7ba'}, 'dob': {'date': '1951-08-28T02:37:16.260Z', 'age': 72}, 'registered': {'date': '2010-12-09T00:37:36.134Z', 'age': 13}, 'phone': '(787) 363-4074', 'cell': '(542) 940-6977', 'id': {'name': 'SSN', 'value': '165-29-0804'}, 'picture': {'large': 'https://randomuser.me/api/portraits/women/69.jpg', 'medium': 'https://randomuser.me/api/portraits/med/women/69.jpg', 'thumbnail': 'https://randomuser.me/api/portraits/thumb/women/69.jpg'}, 'nat': 'US'}</msg>
<arg>${json_data['results'][0]}</arg>
<doc>Logs the given message with the given level.</doc>
<status status="PASS" start="2024-08-03T20:14:57.161216" elapsed="0.000399"/>
</kw>
<kw name="Log" owner="BuiltIn">
<msg time="2024-08-03T20:14:57.162031" level="INFO">login</msg>
<arg>${key}</arg>
<doc>Logs the given message with the given level.</doc>
<status status="PASS" start="2024-08-03T20:14:57.161906" elapsed="0.000162"/>
</kw>
<var name="${key}">login</var>
<status status="PASS" start="2024-08-03T20:14:57.160554" elapsed="0.001726"/>
</iter>
<var>${key}</var>
<value>@{expected_keys}</value>
<status status="PASS" start="2024-08-03T20:14:57.152454" elapsed="0.009945"/>
</for>
<kw name="Create List" owner="BuiltIn">
<msg time="2024-08-03T20:14:57.162714" level="INFO">${expected_keysTwo} = ['username', 'password']</msg>
<var>${expected_keysTwo}</var>
<arg>username</arg>
<arg>password</arg>
<doc>Returns a list containing given items.</doc>
<status status="PASS" start="2024-08-03T20:14:57.162581" elapsed="0.000157"/>
</kw>
<for flavor="IN">
<iter>
<kw name="Dictionary Should Contain Key" owner="Collections">
<arg>${json_data['results'][0]['login']}</arg>
<arg>${keyTwo}</arg>
<doc>Fails if ``key`` is not found from ``dictionary``.</doc>
<status status="PASS" start="2024-08-03T20:14:57.163283" elapsed="0.000382"/>
</kw>
<kw name="Dictionary Should Contain Key" owner="Collections">
<arg>${json_data['results'][0]['login']}</arg>
<arg>${keyTwo}</arg>
<doc>Fails if ``key`` is not found from ``dictionary``.</doc>
<status status="PASS" start="2024-08-03T20:14:57.163846" elapsed="0.000375"/>
</kw>
<kw name="Log" owner="BuiltIn">
<msg time="2024-08-03T20:14:57.164511" level="INFO">username</msg>
<arg>${keyTwo}</arg>
<doc>Logs the given message with the given level.</doc>
<status status="PASS" start="2024-08-03T20:14:57.164393" elapsed="0.000155"/>
</kw>
<var name="${keyTwo}">username</var>
<status status="PASS" start="2024-08-03T20:14:57.163178" elapsed="0.001587"/>
</iter>
<iter>
<kw name="Dictionary Should Contain Key" owner="Collections">
<arg>${json_data['results'][0]['login']}</arg>
<arg>${keyTwo}</arg>
<doc>Fails if ``key`` is not found from ``dictionary``.</doc>
<status status="PASS" start="2024-08-03T20:14:57.165041" elapsed="0.000385"/>
</kw>
<kw name="Dictionary Should Contain Key" owner="Collections">
<arg>${json_data['results'][0]['login']}</arg>
<arg>${keyTwo}</arg>
<doc>Fails if ``key`` is not found from ``dictionary``.</doc>
<status status="PASS" start="2024-08-03T20:14:57.165600" elapsed="0.000367"/>
</kw>
<kw name="Log" owner="BuiltIn">
<msg time="2024-08-03T20:14:57.166256" level="INFO">password</msg>
<arg>${keyTwo}</arg>
<doc>Logs the given message with the given level.</doc>
<status status="PASS" start="2024-08-03T20:14:57.166139" elapsed="0.000153"/>
</kw>
<var name="${keyTwo}">password</var>
<status status="PASS" start="2024-08-03T20:14:57.164936" elapsed="0.001576"/>
</iter>
<var>${keyTwo}</var>
<value>@{expected_keysTwo}</value>
<status status="PASS" start="2024-08-03T20:14:57.163023" elapsed="0.003608"/>
</for>
<status status="PASS" start="2024-08-03T20:14:57.048126" elapsed="0.118643"/>
</kw>
<doc>Testa a estrutura da resposta da API.</doc>
<tag>testeEstruturaResposta</tag>
<status status="PASS" start="2024-08-03T20:14:57.047571" elapsed="0.119344"/>
</test>
<test id="s1-s1-t4" name="Validar tipos de dados" line="28">
<kw name="Teste de Tipos de Dados" owner="random-user-service">
<kw name="GET On Session" owner="RequestsLibrary">
<msg time="2024-08-03T20:14:57.236685" level="INFO">GET Request : url=https://randomuser.me/api 
 path_url=/api 
 headers={'User-Agent': 'python-requests/2.32.3', 'Accept-Encoding': 'gzip, deflate', 'Accept': '*/*', 'Connection': 'keep-alive'} 
 body=None 
 </msg>
<msg time="2024-08-03T20:14:57.236759" level="INFO">GET Response : url=https://randomuser.me/api 
 status=200, reason=OK 
 headers={'Date': 'Sat, 03 Aug 2024 20:14:57 GMT', 'Content-Type': 'application/json; charset=utf-8', 'Transfer-Encoding': 'chunked', 'Connection': 'keep-alive', 'X-Powered-By': 'Express', 'Access-Control-Allow-Origin': '*', 'Cache-Control': 'no-cache', 'ETag': 'W/"49d-spFN/guJNxPW2SxJ41a08yhoAhw"', 'Vary': 'Accept-Encoding', 'Content-Encoding': 'gzip', 'CF-Cache-Status': 'DYNAMIC', 'Report-To': '{"endpoints":[{"url":"https:\\/\\/a.nel.cloudflare.com\\/report\\/v4?s=BGqWSEp682JFAkEaUlwrVIUADY42zhjJVfFDCE0OMKlyKWj9itYSKXnKoOgs8%2BYQU3NB253%2BADD15Lzbw2ssXi7qgomHLglmStdLXIxJcvA2b5ZDuw7nUubTfsgKi1er"}],"group":"cf-nel","max_age":604800}', 'NEL': '{"success_fraction":0,"report_to":"cf-nel","max_age":604800}', 'Server': 'cloudflare', 'CF-RAY': '8ad8fa1748726093-ORD', 'alt-svc': 'h3=":443"; ma=86400'} 
 body={"results":[{"gender":"male","name":{"title":"Mr","first":"Calvin","last":"Clarke"},"location":{"street":{"number":8807,"name":"Mill Lane"},"city":"Carlisle","state":"Powys","country":"United Kingdom","postcode":"C71 4YR","coordinates":{"latitude":"-5.6680","longitude":"-147.4529"},"timezone":{"offset":"-5:00","description":"Eastern Time (US &amp; Canada), Bogota, Lima"}},"email":"calvin.clarke@example.com","login":{"uuid":"224e73ba-7ae0-43ab-86e4-0076a9495e97","username":"tinyelephant136","password":"godfathe","salt":"BO6bmPRX","md5":"d3e380d8f38c08db2cf6475b4509d908","sha1":"6af6eb2c75ec8544178a62168e3e997a2e33ee07","sha256":"b15732d19da67afe7bfe610977f7b492228e53e41ef4cbf4284c0f3d19467d7b"},"dob":{"date":"1947-12-07T06:05:08.339Z","age":76},"registered":{"date":"2011-12-11T12:13:24.250Z","age":12},"phone":"017683 63312","cell":"07379 007292","id":{"name":"NINO","value":"SZ 95 72 69 J"},"picture":{"large":"https://randomuser.me/api/portraits/men/43.jpg","medium":"https://randomuser.me/api/portraits/med/men/43.jpg","thumbnail":"https://randomuser.me/api/portraits/thumb/men/43.jpg"},"nat":"GB"}],"info":{"seed":"4532a1bd41edb780","results":1,"page":1,"version":"1.4"}} 
 </msg>
<msg time="2024-08-03T20:14:57.236828" level="INFO">/opt/hostedtoolcache/Python/3.12.4/x64/lib/python3.12/site-packages/urllib3/connectionpool.py:1099: InsecureRequestWarning: Unverified HTTPS request is being made to host 'randomuser.me'. Adding certificate verification is strongly advised. See: https://urllib3.readthedocs.io/en/latest/advanced-usage.html#tls-warnings
  warnings.warn(</msg>
<msg time="2024-08-03T20:14:57.236954" level="INFO">${response} = &lt;Response [200]&gt;</msg>
<var>${response}</var>
<arg>consultarAPI</arg>
<arg>/api</arg>
<doc>Sends a GET request on a previously created HTTP Session.</doc>
<status status="PASS" start="2024-08-03T20:14:57.169278" elapsed="0.067710"/>
</kw>
<kw name="Set Variable" owner="BuiltIn">
<msg time="2024-08-03T20:14:57.237831" level="INFO">${json_data} = {'results': [{'gender': 'male', 'name': {'title': 'Mr', 'first': 'Calvin', 'last': 'Clarke'}, 'location': {'street': {'number': 8807, 'name': 'Mill Lane'}, 'city': 'Carlisle', 'state': 'Powys', 'count...</msg>
<var>${json_data}</var>
<arg>${response.json()}</arg>
<doc>Returns the given values which can then be assigned to a variables.</doc>
<status status="PASS" start="2024-08-03T20:14:57.237388" elapsed="0.000472"/>
</kw>
<kw name="Log" owner="BuiltIn">
<msg time="2024-08-03T20:14:57.238309" level="INFO">{'results': [{'gender': 'male', 'name': {'title': 'Mr', 'first': 'Calvin', 'last': 'Clarke'}, 'location': {'street': {'number': 8807, 'name': 'Mill Lane'}, 'city': 'Carlisle', 'state': 'Powys', 'country': 'United Kingdom', 'postcode': 'C71 4YR', 'coordinates': {'latitude': '-5.6680', 'longitude': '-147.4529'}, 'timezone': {'offset': '-5:00', 'description': 'Eastern Time (US &amp; Canada), Bogota, Lima'}}, 'email': 'calvin.clarke@example.com', 'login': {'uuid': '224e73ba-7ae0-43ab-86e4-0076a9495e97', 'username': 'tinyelephant136', 'password': 'godfathe', 'salt': 'BO6bmPRX', 'md5': 'd3e380d8f38c08db2cf6475b4509d908', 'sha1': '6af6eb2c75ec8544178a62168e3e997a2e33ee07', 'sha256': 'b15732d19da67afe7bfe610977f7b492228e53e41ef4cbf4284c0f3d19467d7b'}, 'dob': {'date': '1947-12-07T06:05:08.339Z', 'age': 76}, 'registered': {'date': '2011-12-11T12:13:24.250Z', 'age': 12}, 'phone': '017683 63312', 'cell': '07379 007292', 'id': {'name': 'NINO', 'value': 'SZ 95 72 69 J'}, 'picture': {'large': 'https://randomuser.me/api/portraits/men/43.jpg', 'medium': 'https://randomuser.me/api/portraits/med/men/43.jpg', 'thumbnail': 'https://randomuser.me/api/portraits/thumb/men/43.jpg'}, 'nat': 'GB'}], 'info': {'seed': '4532a1bd41edb780', 'results': 1, 'page': 1, 'version': '1.4'}}</msg>
<arg>${json_data}</arg>
<doc>Logs the given message with the given level.</doc>
<status status="PASS" start="2024-08-03T20:14:57.238160" elapsed="0.000199"/>
</kw>
<kw name="Should Be String" owner="String">
<arg>${json_data['results'][0]['gender']}</arg>
<doc>Fails if the given ``item`` is not a string.</doc>
<status status="PASS" start="2024-08-03T20:14:57.238642" elapsed="0.000390"/>
</kw>
<kw name="Should Match Regexp" owner="BuiltIn">
<arg>${json_data['results'][0]['email']}</arg>
<arg>^[a-zA-Z0-9._%+-]+@[a-zA-Z0-9.-]+\.[a-zA-Z]{2,}$</arg>
<doc>Fails if ``string`` does not match ``pattern`` as a regular expression.</doc>
<status status="PASS" start="2024-08-03T20:14:57.239227" elapsed="0.000507"/>
</kw>
<kw name="Should Match Regexp" owner="BuiltIn">
<arg>${json_data['results'][0]['dob']['date']}</arg>
<arg>\\d{4}-\\d{2}-\\d{2}T\\d{2}:\\d{2}:\\d{2}\\.\\d{3}Z</arg>
<doc>Fails if ``string`` does not match ``pattern`` as a regular expression.</doc>
<status status="PASS" start="2024-08-03T20:14:57.239960" elapsed="0.000596"/>
</kw>
<kw name="Should Match Regexp" owner="BuiltIn">
<arg>${json_data['results'][0]['registered']['date']}</arg>
<arg>\\d{4}-\\d{2}-\\d{2}T\\d{2}:\\d{2}:\\d{2}\\.\\d{3}Z</arg>
<doc>Fails if ``string`` does not match ``pattern`` as a regular expression.</doc>
<status status="PASS" start="2024-08-03T20:14:57.240747" elapsed="0.000371"/>
</kw>
<kw name="Should Match Regexp" owner="BuiltIn">
<arg>${json_data['results'][0]['picture']['large']}</arg>
<arg>^https?://.*\.(?:png|jpe?g|gif|bmp)$</arg>
<doc>Fails if ``string`` does not match ``pattern`` as a regular expression.</doc>
<status status="PASS" start="2024-08-03T20:14:57.241306" elapsed="0.000459"/>
</kw>
<kw name="Should Match Regexp" owner="BuiltIn">
<arg>${json_data['results'][0]['picture']['medium']}</arg>
<arg>^https?://.*\.(?:png|jpe?g|gif|bmp)$</arg>
<doc>Fails if ``string`` does not match ``pattern`` as a regular expression.</doc>
<status status="PASS" start="2024-08-03T20:14:57.241955" elapsed="0.000359"/>
</kw>
<kw name="Should Match Regexp" owner="BuiltIn">
<arg>${json_data['results'][0]['picture']['thumbnail']}</arg>
<arg>^https?://.*\.(?:png|jpe?g|gif|bmp)$</arg>
<doc>Fails if ``string`` does not match ``pattern`` as a regular expression.</doc>
<status status="PASS" start="2024-08-03T20:14:57.242497" elapsed="0.000349"/>
</kw>
<kw name="Log" owner="BuiltIn">
<msg time="2024-08-03T20:14:57.243375" level="INFO">{'large': 'https://randomuser.me/api/portraits/men/43.jpg', 'medium': 'https://randomuser.me/api/portraits/med/men/43.jpg', 'thumbnail': 'https://randomuser.me/api/portraits/thumb/men/43.jpg'}</msg>
<arg>${json_data['results'][0]['picture']}</arg>
<doc>Logs the given message with the given level.</doc>
<status status="PASS" start="2024-08-03T20:14:57.243047" elapsed="0.000369"/>
</kw>
<status status="PASS" start="2024-08-03T20:14:57.169059" elapsed="0.074609"/>
</kw>
<kw name="Teste de Tipos de Dados - Postcode" owner="random-user-service">
<kw name="GET On Session" owner="RequestsLibrary">
<msg time="2024-08-03T20:14:57.359264" level="INFO">GET Request : url=https://randomuser.me/api 
 path_url=/api 
 headers={'User-Agent': 'python-requests/2.32.3', 'Accept-Encoding': 'gzip, deflate', 'Accept': '*/*', 'Connection': 'keep-alive'} 
 body=None 
 </msg>
<msg time="2024-08-03T20:14:57.359370" level="INFO">GET Response : url=https://randomuser.me/api 
 status=200, reason=OK 
 headers={'Date': 'Sat, 03 Aug 2024 20:14:57 GMT', 'Content-Type': 'application/json; charset=utf-8', 'Transfer-Encoding': 'chunked', 'Connection': 'keep-alive', 'X-Powered-By': 'Express', 'Access-Control-Allow-Origin': '*', 'Cache-Control': 'no-cache', 'ETag': 'W/"484-2/nZE3sGXS8Tnv6O581JXaZlFxw"', 'Vary': 'Accept-Encoding', 'Content-Encoding': 'gzip', 'CF-Cache-Status': 'DYNAMIC', 'Report-To': '{"endpoints":[{"url":"https:\\/\\/a.nel.cloudflare.com\\/report\\/v4?s=86HEL0uzsRLyVjh%2BDK3NeitNi1IecKiB6wdZUQUi5oUbGyd7TBOM%2FNS0RPUUwjrvufq3Wh9TbsrPf%2BO%2BY1zCZrlYeR1WVn2PSTDqCOOSZFaVBkpKUaN2AmWW078Pz1oc"}],"group":"cf-nel","max_age":604800}', 'NEL': '{"success_fraction":0,"report_to":"cf-nel","max_age":604800}', 'Server': 'cloudflare', 'CF-RAY': '8ad8fa17c8f06093-ORD', 'alt-svc': 'h3=":443"; ma=86400'} 
 body={"results":[{"gender":"male","name":{"title":"Mr","first":"Mitesh","last":"Bhat"},"location":{"street":{"number":2559,"name":"College St"},"city":"Nandyal","state":"Andaman and Nicobar Islands","country":"India","postcode":97841,"coordinates":{"latitude":"4.4399","longitude":"-70.7564"},"timezone":{"offset":"+6:00","description":"Almaty, Dhaka, Colombo"}},"email":"mitesh.bhat@example.com","login":{"uuid":"92c43a0f-dd92-42fe-a36e-66c4dc7e1608","username":"happywolf440","password":"collie","salt":"21Lkj835","md5":"dc1938b052ce70c5badca4d37a77d239","sha1":"1abfd5286a5561dd364cdc6878e639cfb188a828","sha256":"5cec9944c3bfe8ad4e73e37015c21beff838c5f4933a2d29d1d2590713218e8d"},"dob":{"date":"1966-06-03T00:45:48.078Z","age":58},"registered":{"date":"2018-02-25T08:44:49.959Z","age":6},"phone":"9848030592","cell":"8362389319","id":{"name":"UIDAI","value":"037481679532"},"picture":{"large":"https://randomuser.me/api/portraits/men/29.jpg","medium":"https://randomuser.me/api/portraits/med/men/29.jpg","thumbnail":"https://randomuser.me/api/portraits/thumb/men/29.jpg"},"nat":"IN"}],"info":{"seed":"19bf4126b6199a53","results":1,"page":1,"version":"1.4"}} 
 </msg>
<msg time="2024-08-03T20:14:57.359454" level="INFO">/opt/hostedtoolcache/Python/3.12.4/x64/lib/python3.12/site-packages/urllib3/connectionpool.py:1099: InsecureRequestWarning: Unverified HTTPS request is being made to host 'randomuser.me'. Adding certificate verification is strongly advised. See: https://urllib3.readthedocs.io/en/latest/advanced-usage.html#tls-warnings
  warnings.warn(</msg>
<msg time="2024-08-03T20:14:57.359616" level="INFO">${response} = &lt;Response [200]&gt;</msg>
<var>${response}</var>
<arg>consultarAPI</arg>
<arg>/api</arg>
<doc>Sends a GET request on a previously created HTTP Session.</doc>
<status status="PASS" start="2024-08-03T20:14:57.244089" elapsed="0.115573"/>
</kw>
<kw name="Set Variable" owner="BuiltIn">
<msg time="2024-08-03T20:14:57.360641" level="INFO">${json_data} = {'results': [{'gender': 'male', 'name': {'title': 'Mr', 'first': 'Mitesh', 'last': 'Bhat'}, 'location': {'street': {'number': 2559, 'name': 'College St'}, 'city': 'Nandyal', 'state': 'Andaman and Nico...</msg>
<var>${json_data}</var>
<arg>${response.json()}</arg>
<doc>Returns the given values which can then be assigned to a variables.</doc>
<status status="PASS" start="2024-08-03T20:14:57.360146" elapsed="0.000524"/>
</kw>
<kw name="Log" owner="BuiltIn">
<msg time="2024-08-03T20:14:57.361135" level="INFO">{'results': [{'gender': 'male', 'name': {'title': 'Mr', 'first': 'Mitesh', 'last': 'Bhat'}, 'location': {'street': {'number': 2559, 'name': 'College St'}, 'city': 'Nandyal', 'state': 'Andaman and Nicobar Islands', 'country': 'India', 'postcode': 97841, 'coordinates': {'latitude': '4.4399', 'longitude': '-70.7564'}, 'timezone': {'offset': '+6:00', 'description': 'Almaty, Dhaka, Colombo'}}, 'email': 'mitesh.bhat@example.com', 'login': {'uuid': '92c43a0f-dd92-42fe-a36e-66c4dc7e1608', 'username': 'happywolf440', 'password': 'collie', 'salt': '21Lkj835', 'md5': 'dc1938b052ce70c5badca4d37a77d239', 'sha1': '1abfd5286a5561dd364cdc6878e639cfb188a828', 'sha256': '5cec9944c3bfe8ad4e73e37015c21beff838c5f4933a2d29d1d2590713218e8d'}, 'dob': {'date': '1966-06-03T00:45:48.078Z', 'age': 58}, 'registered': {'date': '2018-02-25T08:44:49.959Z', 'age': 6}, 'phone': '9848030592', 'cell': '8362389319', 'id': {'name': 'UIDAI', 'value': '037481679532'}, 'picture': {'large': 'https://randomuser.me/api/portraits/men/29.jpg', 'medium': 'https://randomuser.me/api/portraits/med/men/29.jpg', 'thumbnail': 'https://randomuser.me/api/portraits/thumb/men/29.jpg'}, 'nat': 'IN'}], 'info': {'seed': '19bf4126b6199a53', 'results': 1, 'page': 1, 'version': '1.4'}}</msg>
<arg>${json_data}</arg>
<doc>Logs the given message with the given level.</doc>
<status status="PASS" start="2024-08-03T20:14:57.360979" elapsed="0.000205"/>
</kw>
<kw name="Should Be Equal As Numbers" owner="BuiltIn">
<arg>${json_data['results'][0]['location']['postcode']}</arg>
<arg>${json_data['results'][0]['location']['postcode']}</arg>
<doc>Fails if objects are unequal after converting them to real numbers.</doc>
<status status="PASS" start="2024-08-03T20:14:57.361476" elapsed="0.000622"/>
</kw>
<kw name="Log" owner="BuiltIn">
<msg time="2024-08-03T20:14:57.362625" level="INFO">97841</msg>
<arg>${json_data['results'][0]['location']['postcode']}</arg>
<doc>Logs the given message with the given level.</doc>
<status status="PASS" start="2024-08-03T20:14:57.362285" elapsed="0.000380"/>
</kw>
<status status="PASS" start="2024-08-03T20:14:57.243874" elapsed="0.119072"/>
</kw>
<doc>Testa se os tipos de dados na resposta da API estão corretos.</doc>
<tag>testeTiposDados</tag>
<status status="PASS" start="2024-08-03T20:14:57.168654" elapsed="0.194494"/>
</test>
<test id="s1-s1-t5" name="Validar conteudo" line="35">
<kw name="Teste de Tipos de Conteudo" owner="random-user-service">
<kw name="GET On Session" owner="RequestsLibrary">
<msg time="2024-08-03T20:14:57.460691" level="INFO">GET Request : url=https://randomuser.me/api 
 path_url=/api 
 headers={'User-Agent': 'python-requests/2.32.3', 'Accept-Encoding': 'gzip, deflate', 'Accept': '*/*', 'Connection': 'keep-alive'} 
 body=None 
 </msg>
<msg time="2024-08-03T20:14:57.460782" level="INFO">GET Response : url=https://randomuser.me/api 
 status=200, reason=OK 
 headers={'Date': 'Sat, 03 Aug 2024 20:14:57 GMT', 'Content-Type': 'application/json; charset=utf-8', 'Transfer-Encoding': 'chunked', 'Connection': 'keep-alive', 'X-Powered-By': 'Express', 'Access-Control-Allow-Origin': '*', 'Cache-Control': 'no-cache', 'ETag': 'W/"489-64BiXtDxx5Xcz6AmOUa/HH3ySK4"', 'Vary': 'Accept-Encoding', 'Content-Encoding': 'gzip', 'CF-Cache-Status': 'DYNAMIC', 'Report-To': '{"endpoints":[{"url":"https:\\/\\/a.nel.cloudflare.com\\/report\\/v4?s=iIpWUea%2BW1jSmYSLu8G7YXXNlTSNUDLqs1s3tdz36edoketoeqJJfczOEX36nMzT8BZkw%2B6RM%2BptK4MIRMg61PESPUZoUrBAIDpZPWTKg3SLI5EPis5V%2FAFHph0bSCtF"}],"group":"cf-nel","max_age":604800}', 'NEL': '{"success_fraction":0,"report_to":"cf-nel","max_age":604800}', 'Server': 'cloudflare', 'CF-RAY': '8ad8fa1889b36093-ORD', 'alt-svc': 'h3=":443"; ma=86400'} 
 body={"results":[{"gender":"male","name":{"title":"Mr","first":"Carlos","last":"Burton"},"location":{"street":{"number":3506,"name":"Fairview St"},"city":"Tempe","state":"Georgia","country":"United States","postcode":79470,"coordinates":{"latitude":"89.0230","longitude":"-51.7080"},"timezone":{"offset":"-1:00","description":"Azores, Cape Verde Islands"}},"email":"carlos.burton@example.com","login":{"uuid":"21654e2c-5ecd-42a1-b431-acb7a66672d8","username":"bluebutterfly711","password":"dotcom","salt":"u5UZiPeo","md5":"c1a2cb5b0c6470d510562aaca548fd90","sha1":"18ca74dc9eb35639d0f91f84b18b605dfa5c1074","sha256":"0877b35ffbd164db720405a262539cea41aff3cd527982ca11553a6a48aa3227"},"dob":{"date":"1990-09-19T23:26:06.108Z","age":33},"registered":{"date":"2016-12-16T18:17:45.448Z","age":7},"phone":"(734) 541-8532","cell":"(714) 907-1961","id":{"name":"SSN","value":"599-02-5927"},"picture":{"large":"https://randomuser.me/api/portraits/men/46.jpg","medium":"https://randomuser.me/api/portraits/med/men/46.jpg","thumbnail":"https://randomuser.me/api/portraits/thumb/men/46.jpg"},"nat":"US"}],"info":{"seed":"720b935619ffd4bd","results":1,"page":1,"version":"1.4"}} 
 </msg>
<msg time="2024-08-03T20:14:57.460845" level="INFO">/opt/hostedtoolcache/Python/3.12.4/x64/lib/python3.12/site-packages/urllib3/connectionpool.py:1099: InsecureRequestWarning: Unverified HTTPS request is being made to host 'randomuser.me'. Adding certificate verification is strongly advised. See: https://urllib3.readthedocs.io/en/latest/advanced-usage.html#tls-warnings
  warnings.warn(</msg>
<msg time="2024-08-03T20:14:57.460964" level="INFO">${response} = &lt;Response [200]&gt;</msg>
<var>${response}</var>
<arg>consultarAPI</arg>
<arg>/api</arg>
<doc>Sends a GET request on a previously created HTTP Session.</doc>
<status status="PASS" start="2024-08-03T20:14:57.365617" elapsed="0.095390"/>
</kw>
<kw name="Set Variable" owner="BuiltIn">
<msg time="2024-08-03T20:14:57.461947" level="INFO">${json_data} = {'results': [{'gender': 'male', 'name': {'title': 'Mr', 'first': 'Carlos', 'last': 'Burton'}, 'location': {'street': {'number': 3506, 'name': 'Fairview St'}, 'city': 'Tempe', 'state': 'Georgia', 'coun...</msg>
<var>${json_data}</var>
<arg>${response.json()}</arg>
<doc>Returns the given values which can then be assigned to a variables.</doc>
<status status="PASS" start="2024-08-03T20:14:57.461464" elapsed="0.000514"/>
</kw>
<kw name="Set Variable" owner="BuiltIn">
<msg time="2024-08-03T20:14:57.462659" level="INFO">${name_title} = Mr</msg>
<var>${name_title}</var>
<arg>${json_data["results"][0]["name"]["title"]}</arg>
<doc>Returns the given values which can then be assigned to a variables.</doc>
<status status="PASS" start="2024-08-03T20:14:57.462280" elapsed="0.000404"/>
</kw>
<kw name="Create List" owner="BuiltIn">
<msg time="2024-08-03T20:14:57.463180" level="INFO">${allowed_titles} = ['Mr', 'Ms', 'Miss', 'Mrs', 'Madame', 'Monsieur']</msg>
<var>${allowed_titles}</var>
<arg>Mr</arg>
<arg>Ms</arg>
<arg>Miss</arg>
<arg>Mrs</arg>
<arg>Madame</arg>
<arg>Monsieur</arg>
<doc>Returns a list containing given items.</doc>
<status status="PASS" start="2024-08-03T20:14:57.463018" elapsed="0.000188"/>
</kw>
<kw name="List Should Contain Value" owner="Collections">
<arg>${allowed_titles}</arg>
<arg>${name_title}</arg>
<doc>Fails if the ``value`` is not found from ``list``.</doc>
<status status="PASS" start="2024-08-03T20:14:57.463518" elapsed="0.000182"/>
</kw>
<kw name="Set Variable" owner="BuiltIn">
<msg time="2024-08-03T20:14:57.464253" level="INFO">${name_country} = US</msg>
<var>${name_country}</var>
<arg>${json_data["results"][0]["nat"]}</arg>
<doc>Returns the given values which can then be assigned to a variables.</doc>
<status status="PASS" start="2024-08-03T20:14:57.463880" elapsed="0.000398"/>
</kw>
<kw name="Create List" owner="BuiltIn">
<msg time="2024-08-03T20:14:57.465171" level="INFO">${list_country} = ['AD', 'AE', 'AF', 'AG', 'AI', 'AL', 'AM', 'AO', 'AQ', 'AR', 'AS', 'AT', 'AU', 'AW', 'AX', 'AZ', 'BA', 'BB', 'BD', 'BE', 'BF', 'BG', 'BH', 'BI', 'BJ', 'BL', 'BM', 'BN', 'BO', 'BQ', 'BR', 'BS', 'BT', '...</msg>
<var>${list_country}</var>
<arg>AD</arg>
<arg>AE</arg>
<arg>AF</arg>
<arg>AG</arg>
<arg>AI</arg>
<arg>AL</arg>
<arg>AM</arg>
<arg>AO</arg>
<arg>AQ</arg>
<arg>AR</arg>
<arg>AS</arg>
<arg>AT</arg>
<arg>AU</arg>
<arg>AW</arg>
<arg>AX</arg>
<arg>AZ</arg>
<arg>BA</arg>
<arg>BB</arg>
<arg>BD</arg>
<arg>BE</arg>
<arg>BF</arg>
<arg>BG</arg>
<arg>BH</arg>
<arg>BI</arg>
<arg>BJ</arg>
<arg>BL</arg>
<arg>BM</arg>
<arg>BN</arg>
<arg>BO</arg>
<arg>BQ</arg>
<arg>BR</arg>
<arg>BS</arg>
<arg>BT</arg>
<arg>BV</arg>
<arg>BW</arg>
<arg>BY</arg>
<arg>BZ</arg>
<arg>CA</arg>
<arg>CC</arg>
<arg>CD</arg>
<arg>CF</arg>
<arg>CG</arg>
<arg>CH</arg>
<arg>CI</arg>
<arg>CK</arg>
<arg>CL</arg>
<arg>CM</arg>
<arg>CN</arg>
<arg>CO</arg>
<arg>CR</arg>
<arg>CU</arg>
<arg>CV</arg>
<arg>CW</arg>
<arg>CX</arg>
<arg>CY</arg>
<arg>CZ</arg>
<arg>DE</arg>
<arg>DJ</arg>
<arg>DK</arg>
<arg>DM</arg>
<arg>DO</arg>
<arg>DZ</arg>
<arg>EC</arg>
<arg>EE</arg>
<arg>EG</arg>
<arg>EH</arg>
<arg>ER</arg>
<arg>ES</arg>
<arg>ET</arg>
<arg>FI</arg>
<arg>FJ</arg>
<arg>FK</arg>
<arg>FM</arg>
<arg>FO</arg>
<arg>FR</arg>
<arg>GA</arg>
<arg>GB</arg>
<arg>GD</arg>
<arg>GE</arg>
<arg>GF</arg>
<arg>GG</arg>
<arg>GH</arg>
<arg>GI</arg>
<arg>GL</arg>
<arg>GM</arg>
<arg>GN</arg>
<arg>GP</arg>
<arg>GQ</arg>
<arg>GR</arg>
<arg>GS</arg>
<arg>GT</arg>
<arg>GU</arg>
<arg>GW</arg>
<arg>GY</arg>
<arg>HK</arg>
<arg>HM</arg>
<arg>HN</arg>
<arg>HR</arg>
<arg>HT</arg>
<arg>HU</arg>
<arg>ID</arg>
<arg>IE</arg>
<arg>IL</arg>
<arg>IM</arg>
<arg>IN</arg>
<arg>IO</arg>
<arg>IQ</arg>
<arg>IR</arg>
<arg>IS</arg>
<arg>IT</arg>
<arg>JE</arg>
<arg>JM</arg>
<arg>JO</arg>
<arg>JP</arg>
<arg>KE</arg>
<arg>KG</arg>
<arg>KH</arg>
<arg>KI</arg>
<arg>KM</arg>
<arg>KN</arg>
<arg>KP</arg>
<arg>KR</arg>
<arg>KW</arg>
<arg>KY</arg>
<arg>KZ</arg>
<arg>LA</arg>
<arg>LB</arg>
<arg>LC</arg>
<arg>LI</arg>
<arg>LK</arg>
<arg>LR</arg>
<arg>LS</arg>
<arg>LT</arg>
<arg>LU</arg>
<arg>LV</arg>
<arg>LY</arg>
<arg>MA</arg>
<arg>MC</arg>
<arg>MD</arg>
<arg>ME</arg>
<arg>MF</arg>
<arg>MG</arg>
<arg>MH</arg>
<arg>MK</arg>
<arg>ML</arg>
<arg>MM</arg>
<arg>MN</arg>
<arg>MO</arg>
<arg>MP</arg>
<arg>MQ</arg>
<arg>MR</arg>
<arg>MS</arg>
<arg>MT</arg>
<arg>MU</arg>
<arg>MV</arg>
<arg>MW</arg>
<arg>MX</arg>
<arg>MY</arg>
<arg>MZ</arg>
<arg>NA</arg>
<arg>NC</arg>
<arg>NE</arg>
<arg>NF</arg>
<arg>NG</arg>
<arg>NI</arg>
<arg>NL</arg>
<arg>NO</arg>
<arg>NP</arg>
<arg>NR</arg>
<arg>NU</arg>
<arg>NZ</arg>
<arg>OM</arg>
<arg>PA</arg>
<arg>PE</arg>
<arg>PF</arg>
<arg>PG</arg>
<arg>PH</arg>
<arg>PK</arg>
<arg>PL</arg>
<arg>PM</arg>
<arg>PN</arg>
<arg>PR</arg>
<arg>PS</arg>
<arg>PT</arg>
<arg>PW</arg>
<arg>PY</arg>
<arg>QA</arg>
<arg>RE</arg>
<arg>RO</arg>
<arg>RS</arg>
<arg>RU</arg>
<arg>RW</arg>
<arg>SA</arg>
<arg>SB</arg>
<arg>SC</arg>
<arg>SD</arg>
<arg>SE</arg>
<arg>SG</arg>
<arg>SH</arg>
<arg>SI</arg>
<arg>SJ</arg>
<arg>SK</arg>
<arg>SL</arg>
<arg>SM</arg>
<arg>SN</arg>
<arg>SO</arg>
<arg>SR</arg>
<arg>SS</arg>
<arg>ST</arg>
<arg>SV</arg>
<arg>SX</arg>
<arg>SY</arg>
<arg>SZ</arg>
<arg>TC</arg>
<arg>TD</arg>
<arg>TF</arg>
<arg>TG</arg>
<arg>TH</arg>
<arg>TJ</arg>
<arg>TK</arg>
<arg>TL</arg>
<arg>TM</arg>
<arg>TN</arg>
<arg>TO</arg>
<arg>TR</arg>
<arg>TT</arg>
<arg>TV</arg>
<arg>TW</arg>
<arg>TZ</arg>
<arg>UA</arg>
<arg>UG</arg>
<arg>UM</arg>
<arg>US</arg>
<arg>UY</arg>
<arg>UZ</arg>
<arg>VA</arg>
<arg>VC</arg>
<arg>VE</arg>
<arg>VG</arg>
<arg>VI</arg>
<arg>VN</arg>
<arg>VU</arg>
<arg>WF</arg>
<arg>WS</arg>
<arg>XK</arg>
<arg>YE</arg>
<arg>YT</arg>
<arg>ZA</arg>
<arg>ZM</arg>
<arg>ZW</arg>
<doc>Returns a list containing given items.</doc>
<status status="PASS" start="2024-08-03T20:14:57.464568" elapsed="0.000630"/>
</kw>
<kw name="List Should Contain Value" owner="Collections">
<arg>${list_country}</arg>
<arg>${name_country}</arg>
<doc>Fails if the ``value`` is not found from ``list``.</doc>
<status status="PASS" start="2024-08-03T20:14:57.466162" elapsed="0.000212"/>
</kw>
<kw name="Run Keyword If" owner="BuiltIn">
<kw name="Should Be True" owner="BuiltIn">
<arg>${True}</arg>
<doc>Fails if the given condition is not true.</doc>
<status status="PASS" start="2024-08-03T20:14:57.467352" elapsed="0.000143"/>
</kw>
<arg>${json_data["results"][0]["location"]["coordinates"]["latitude"]} &gt;= -90 and ${json_data["results"][0]["location"]["coordinates"]["latitude"]} &lt;= 90</arg>
<arg>Should Be True</arg>
<arg>${True}</arg>
<doc>Runs the given keyword with the given arguments, if ``condition`` is true.</doc>
<status status="PASS" start="2024-08-03T20:14:57.466571" elapsed="0.001052"/>
</kw>
<kw name="Run Keyword If" owner="BuiltIn">
<kw name="Should Be True" owner="BuiltIn">
<arg>${True}</arg>
<doc>Fails if the given condition is not true.</doc>
<status status="PASS" start="2024-08-03T20:14:57.468492" elapsed="0.000137"/>
</kw>
<arg>${json_data["results"][0]["location"]["coordinates"]["longitude"]} &gt;= -180 and ${json_data["results"][0]["location"]["coordinates"]["longitude"]} &lt;= 180</arg>
<arg>Should Be True</arg>
<arg>${True}</arg>
<doc>Runs the given keyword with the given arguments, if ``condition`` is true.</doc>
<status status="PASS" start="2024-08-03T20:14:57.467803" elapsed="0.000949"/>
</kw>
<status status="PASS" start="2024-08-03T20:14:57.365396" elapsed="0.103486"/>
</kw>
<doc>Testa o conteúdo específico dos campos retornados pela API.</doc>
<tag>testeConteudo</tag>
<status status="PASS" start="2024-08-03T20:14:57.364931" elapsed="0.104099"/>
</test>
<status status="PASS" start="2024-08-03T20:14:56.611974" elapsed="0.858986"/>
</suite>
<status status="PASS" start="2024-08-03T20:14:56.597378" elapsed="0.878641"/>
</suite>
<statistics>
<total>
<stat pass="5" fail="0" skip="0">All Tests</stat>
</total>
<tag>
<stat pass="1" fail="0" skip="0">testeConteudo</stat>
<stat pass="1" fail="0" skip="0">testeEstruturaResposta</stat>
<stat pass="1" fail="0" skip="0">testeRequisicaoBasica</stat>
<stat pass="1" fail="0" skip="0">testeTiposDados</stat>
</tag>
<suite>
<stat pass="5" fail="0" skip="0" id="s1" name="Tests">Tests</stat>
<stat pass="5" fail="0" skip="0" id="s1-s1" name="Random-User-Test">Tests.Random-User-Test</stat>
</suite>
</statistics>
<errors>
</errors>
</robot>
