<?xml version="1.0" encoding="UTF-8"?>
<robot generator="Robot 7.0.1 (Python 3.12.3 on linux)" generated="2024-06-12T23:14:56.132611" rpa="false" schemaversion="5">
<suite id="s1" name="Tests" source="/home/runner/work/ApiRandomUser/ApiRandomUser/RamdonUser/tests">
<suite id="s1-s1" name="Random-User-Test" source="/home/runner/work/ApiRandomUser/ApiRandomUser/RamdonUser/tests/random-user-test.robot">
<test id="s1-s1-t1" name="Conectar" line="13">
<kw name="Conectar API" owner="random-user-service">
<kw name="Create Session" owner="RequestsLibrary">
<msg time="2024-06-12T23:14:56.527403" level="INFO">Creating Session using : alias=consultarAPI, url=https://randomuser.me/, headers={},                     cookies={}, auth=None, timeout=None, proxies=None, verify=False,                     debug=0 </msg>
<arg>consultarAPI</arg>
<arg>${URL}</arg>
<doc>Create Session: create a HTTP session to a server</doc>
<status status="PASS" start="2024-06-12T23:14:56.527192" elapsed="0.000398"/>
</kw>
<status status="PASS" start="2024-06-12T23:14:56.526191" elapsed="0.001796"/>
</kw>
<status status="PASS" start="2024-06-12T23:14:56.525554" elapsed="0.002631"/>
</test>
<test id="s1-s1-t2" name="Validar retorno 200 e JSON Válido" line="16">
<kw name="Teste de Requisicao Basica" owner="random-user-service">
<kw name="GET On Session" owner="RequestsLibrary">
<msg time="2024-06-12T23:14:57.167255" level="INFO">GET Request : url=https://randomuser.me/api 
 path_url=/api 
 headers={'User-Agent': 'python-requests/2.32.3', 'Accept-Encoding': 'gzip, deflate', 'Accept': '*/*', 'Connection': 'keep-alive'} 
 body=None 
 </msg>
<msg time="2024-06-12T23:14:57.167412" level="INFO">GET Response : url=https://randomuser.me/api 
 status=200, reason=OK 
 headers={'Date': 'Wed, 12 Jun 2024 23:14:57 GMT', 'Content-Type': 'application/json; charset=utf-8', 'Transfer-Encoding': 'chunked', 'Connection': 'keep-alive', 'X-Powered-By': 'Express', 'Access-Control-Allow-Origin': '*', 'Cache-Control': 'no-cache', 'ETag': 'W/"47d-psH1lR58O/Ki3YhDPuB6k/RAGV0"', 'Vary': 'Accept-Encoding', 'Content-Encoding': 'gzip', 'CF-Cache-Status': 'DYNAMIC', 'Report-To': '{"endpoints":[{"url":"https:\\/\\/a.nel.cloudflare.com\\/report\\/v4?s=w0GJIdiEKTnESGqJIr%2FcmYqxl2sLfCga9wVaUutKXiNG7jO1imoLdZmT2jC85NogpvVV7XpRL%2FNzJGQCSVkWR7DAc9u0mZ%2BjMV7grUqxJDG%2BvnR1KGzmDTVeHkVik37u"}],"group":"cf-nel","max_age":604800}', 'NEL': '{"success_fraction":0,"report_to":"cf-nel","max_age":604800}', 'Server': 'cloudflare', 'CF-RAY': '892d8a3f798d8263-IAD', 'alt-svc': 'h3=":443"; ma=86400'} 
 body={"results":[{"gender":"female","name":{"title":"Ms","first":"Lillian","last":"Odonoghue"},"location":{"street":{"number":5660,"name":"Albert Road"},"city":"Mallow","state":"Fingal","country":"Ireland","postcode":17625,"coordinates":{"latitude":"0.8537","longitude":"57.3122"},"timezone":{"offset":"-12:00","description":"Eniwetok, Kwajalein"}},"email":"lillian.odonoghue@example.com","login":{"uuid":"9ae09094-1983-4ec7-a2f1-f4ef74caf80b","username":"bigwolf340","password":"ziggy","salt":"LHn5VBji","md5":"fafa795caf940dac5c2f3d616d703160","sha1":"2a583a0a75602294532253c53c127e5494a55f57","sha256":"b43c75d14be493619c3b447f4bee5b7d8b6b6ace5bf3b89812485ab8d05bc450"},"dob":{"date":"1996-10-14T06:24:46.906Z","age":27},"registered":{"date":"2021-05-24T12:06:32.139Z","age":3},"phone":"021-769-5076","cell":"081-861-5309","id":{"name":"PPS","value":"6756997T"},"picture":{"large":"https://randomuser.me/api/portraits/women/42.jpg","medium":"https://randomuser.me/api/portraits/med/women/42.jpg","thumbnail":"https://randomuser.me/api/portraits/thumb/women/42.jpg"},"nat":"IE"}],"info":{"seed":"3708a80b9dcf37ed","results":1,"page":1,"version":"1.4"}} 
 </msg>
<msg time="2024-06-12T23:14:57.167492" level="INFO">/opt/hostedtoolcache/Python/3.12.3/x64/lib/python3.12/site-packages/urllib3/connectionpool.py:1103: InsecureRequestWarning: Unverified HTTPS request is being made to host 'randomuser.me'. Adding certificate verification is strongly advised. See: https://urllib3.readthedocs.io/en/latest/advanced-usage.html#tls-warnings
  warnings.warn(</msg>
<msg time="2024-06-12T23:14:57.167655" level="INFO">${response} = &lt;Response [200]&gt;</msg>
<var>${response}</var>
<arg>consultarAPI</arg>
<arg>/api</arg>
<doc>Sends a GET request on a previously created HTTP Session.</doc>
<status status="PASS" start="2024-06-12T23:14:56.530833" elapsed="0.636866"/>
</kw>
<kw name="Should Be Equal As Numbers" owner="BuiltIn">
<msg time="2024-06-12T23:14:57.168724" level="INFO">Argument types are:
&lt;class 'int'&gt;
&lt;class 'str'&gt;</msg>
<arg>${response.status_code}</arg>
<arg>200</arg>
<doc>Fails if objects are unequal after converting them to real numbers.</doc>
<status status="PASS" start="2024-06-12T23:14:57.168274" elapsed="0.000516"/>
</kw>
<kw name="Log" owner="BuiltIn">
<msg time="2024-06-12T23:14:57.169489" level="INFO">200</msg>
<arg>${response.status_code}</arg>
<doc>Logs the given message with the given level.</doc>
<status status="PASS" start="2024-06-12T23:14:57.169122" elapsed="0.000413"/>
</kw>
<kw name="Set Variable" owner="BuiltIn">
<msg time="2024-06-12T23:14:57.170280" level="INFO">${json_data} = {'results': [{'gender': 'female', 'name': {'title': 'Ms', 'first': 'Lillian', 'last': 'Odonoghue'}, 'location': {'street': {'number': 5660, 'name': 'Albert Road'}, 'city': 'Mallow', 'state': 'Fingal',...</msg>
<var>${json_data}</var>
<arg>${response.json()}</arg>
<doc>Returns the given values which can then be assigned to a variables.</doc>
<status status="PASS" start="2024-06-12T23:14:57.169850" elapsed="0.000460"/>
</kw>
<kw name="Dictionary Should Contain Key" owner="Collections">
<arg>${json_data}</arg>
<arg>results</arg>
<doc>Fails if ``key`` is not found from ``dictionary``.</doc>
<status status="PASS" start="2024-06-12T23:14:57.170621" elapsed="0.000166"/>
</kw>
<status status="PASS" start="2024-06-12T23:14:56.530592" elapsed="0.640347"/>
</kw>
<doc>Testa se a API responde corretamente e retorna um objeto JSON válido.</doc>
<tag>testeRequisicaoBasica</tag>
<status status="PASS" start="2024-06-12T23:14:56.530041" elapsed="0.641072"/>
</test>
<test id="s1-s1-t3" name="Validar estrutura de resposta" line="22">
<kw name="Teste de Estrutura de Resposta" owner="random-user-service">
<kw name="GET On Session" owner="RequestsLibrary">
<msg time="2024-06-12T23:14:57.268450" level="INFO">GET Request : url=https://randomuser.me/api 
 path_url=/api 
 headers={'User-Agent': 'python-requests/2.32.3', 'Accept-Encoding': 'gzip, deflate', 'Accept': '*/*', 'Connection': 'keep-alive'} 
 body=None 
 </msg>
<msg time="2024-06-12T23:14:57.268550" level="INFO">GET Response : url=https://randomuser.me/api 
 status=200, reason=OK 
 headers={'Date': 'Wed, 12 Jun 2024 23:14:57 GMT', 'Content-Type': 'application/json; charset=utf-8', 'Transfer-Encoding': 'chunked', 'Connection': 'keep-alive', 'X-Powered-By': 'Express', 'Access-Control-Allow-Origin': '*', 'Cache-Control': 'no-cache', 'ETag': 'W/"482-nrKbctM1m1jSc/KLupueHJqQxLg"', 'Vary': 'Accept-Encoding', 'Content-Encoding': 'gzip', 'CF-Cache-Status': 'DYNAMIC', 'Report-To': '{"endpoints":[{"url":"https:\\/\\/a.nel.cloudflare.com\\/report\\/v4?s=ZcuagTV2Pj%2BXeymkftNUTAcp0%2Bv7F4T3cAodCEL0QZkY8GtghqVvzr6S3EyBIZZXjxTcZRZ1RJ5WdH5krhEnZVXd0re3KKDOs5r4SAkMalFT3AxtX8TJnLEJ%2B%2BorP9aq"}],"group":"cf-nel","max_age":604800}', 'NEL': '{"success_fraction":0,"report_to":"cf-nel","max_age":604800}', 'Server': 'cloudflare', 'CF-RAY': '892d8a435e3f8263-IAD', 'alt-svc': 'h3=":443"; ma=86400'} 
 body={"results":[{"gender":"male","name":{"title":"Mr","first":"Nathan","last":"Fleming"},"location":{"street":{"number":4663,"name":"Ash Dr"},"city":"Hervey Bay","state":"Tasmania","country":"Australia","postcode":3257,"coordinates":{"latitude":"-86.4193","longitude":"-80.1233"},"timezone":{"offset":"-7:00","description":"Mountain Time (US &amp; Canada)"}},"email":"nathan.fleming@example.com","login":{"uuid":"b42707b0-0c22-45c6-bab8-26fcb40489c6","username":"sadleopard232","password":"panasoni","salt":"bVikvXxU","md5":"3b961cd588763b7e4c440402d85b241e","sha1":"ecb934e2baf6cc9ad3c0b66f32e345e4bcf48317","sha256":"988837ca44b743b789b77cd4cfc597130d12bb923d2d32324d1f235c6824edad"},"dob":{"date":"1969-06-06T10:09:30.796Z","age":55},"registered":{"date":"2021-06-27T09:29:46.237Z","age":2},"phone":"07-2025-5743","cell":"0442-140-272","id":{"name":"TFN","value":"068727859"},"picture":{"large":"https://randomuser.me/api/portraits/men/75.jpg","medium":"https://randomuser.me/api/portraits/med/men/75.jpg","thumbnail":"https://randomuser.me/api/portraits/thumb/men/75.jpg"},"nat":"AU"}],"info":{"seed":"f613b25ecc169277","results":1,"page":1,"version":"1.4"}} 
 </msg>
<msg time="2024-06-12T23:14:57.268683" level="INFO">/opt/hostedtoolcache/Python/3.12.3/x64/lib/python3.12/site-packages/urllib3/connectionpool.py:1103: InsecureRequestWarning: Unverified HTTPS request is being made to host 'randomuser.me'. Adding certificate verification is strongly advised. See: https://urllib3.readthedocs.io/en/latest/advanced-usage.html#tls-warnings
  warnings.warn(</msg>
<msg time="2024-06-12T23:14:57.268813" level="INFO">${response} = &lt;Response [200]&gt;</msg>
<var>${response}</var>
<arg>consultarAPI</arg>
<arg>/api</arg>
<doc>Sends a GET request on a previously created HTTP Session.</doc>
<status status="PASS" start="2024-06-12T23:14:57.173996" elapsed="0.094858"/>
</kw>
<kw name="Set Variable" owner="BuiltIn">
<msg time="2024-06-12T23:14:57.270058" level="INFO">${json_data} = {'results': [{'gender': 'male', 'name': {'title': 'Mr', 'first': 'Nathan', 'last': 'Fleming'}, 'location': {'street': {'number': 4663, 'name': 'Ash Dr'}, 'city': 'Hervey Bay', 'state': 'Tasmania', 'co...</msg>
<var>${json_data}</var>
<arg>${response.json()}</arg>
<doc>Returns the given values which can then be assigned to a variables.</doc>
<status status="PASS" start="2024-06-12T23:14:57.269471" elapsed="0.000616"/>
</kw>
<kw name="Log" owner="BuiltIn">
<msg time="2024-06-12T23:14:57.270556" level="INFO">{'results': [{'gender': 'male', 'name': {'title': 'Mr', 'first': 'Nathan', 'last': 'Fleming'}, 'location': {'street': {'number': 4663, 'name': 'Ash Dr'}, 'city': 'Hervey Bay', 'state': 'Tasmania', 'country': 'Australia', 'postcode': 3257, 'coordinates': {'latitude': '-86.4193', 'longitude': '-80.1233'}, 'timezone': {'offset': '-7:00', 'description': 'Mountain Time (US &amp; Canada)'}}, 'email': 'nathan.fleming@example.com', 'login': {'uuid': 'b42707b0-0c22-45c6-bab8-26fcb40489c6', 'username': 'sadleopard232', 'password': 'panasoni', 'salt': 'bVikvXxU', 'md5': '3b961cd588763b7e4c440402d85b241e', 'sha1': 'ecb934e2baf6cc9ad3c0b66f32e345e4bcf48317', 'sha256': '988837ca44b743b789b77cd4cfc597130d12bb923d2d32324d1f235c6824edad'}, 'dob': {'date': '1969-06-06T10:09:30.796Z', 'age': 55}, 'registered': {'date': '2021-06-27T09:29:46.237Z', 'age': 2}, 'phone': '07-2025-5743', 'cell': '0442-140-272', 'id': {'name': 'TFN', 'value': '068727859'}, 'picture': {'large': 'https://randomuser.me/api/portraits/men/75.jpg', 'medium': 'https://randomuser.me/api/portraits/med/men/75.jpg', 'thumbnail': 'https://randomuser.me/api/portraits/thumb/men/75.jpg'}, 'nat': 'AU'}], 'info': {'seed': 'f613b25ecc169277', 'results': 1, 'page': 1, 'version': '1.4'}}</msg>
<arg>${json_data}</arg>
<doc>Logs the given message with the given level.</doc>
<status status="PASS" start="2024-06-12T23:14:57.270395" elapsed="0.000220"/>
</kw>
<kw name="Dictionary Should Contain Key" owner="Collections">
<arg>${json_data}</arg>
<arg>results</arg>
<doc>Fails if ``key`` is not found from ``dictionary``.</doc>
<status status="PASS" start="2024-06-12T23:14:57.270911" elapsed="0.000156"/>
</kw>
<kw name="Should Not Be Empty" owner="BuiltIn">
<msg time="2024-06-12T23:14:57.271381" level="INFO">Length is 2.</msg>
<arg>${json_data}</arg>
<doc>Verifies that the given item is not empty.</doc>
<status status="PASS" start="2024-06-12T23:14:57.271251" elapsed="0.000168"/>
</kw>
<kw name="Create List" owner="BuiltIn">
<msg time="2024-06-12T23:14:57.271892" level="INFO">${expected_keys} = ['gender', 'name', 'location', 'email', 'login']</msg>
<var>${expected_keys}</var>
<arg>gender</arg>
<arg>name</arg>
<arg>location</arg>
<arg>email</arg>
<arg>login</arg>
<doc>Returns a list containing given items.</doc>
<status status="PASS" start="2024-06-12T23:14:57.271705" elapsed="0.000211"/>
</kw>
<for flavor="IN">
<iter>
<kw name="Dictionary Should Contain Key" owner="Collections">
<arg>${json_data['results'][0]}</arg>
<arg>${key}</arg>
<doc>Fails if ``key`` is not found from ``dictionary``.</doc>
<status status="PASS" start="2024-06-12T23:14:57.272678" elapsed="0.000401"/>
</kw>
<kw name="Log" owner="BuiltIn">
<msg time="2024-06-12T23:14:57.273635" level="INFO">{'gender': 'male', 'name': {'title': 'Mr', 'first': 'Nathan', 'last': 'Fleming'}, 'location': {'street': {'number': 4663, 'name': 'Ash Dr'}, 'city': 'Hervey Bay', 'state': 'Tasmania', 'country': 'Australia', 'postcode': 3257, 'coordinates': {'latitude': '-86.4193', 'longitude': '-80.1233'}, 'timezone': {'offset': '-7:00', 'description': 'Mountain Time (US &amp; Canada)'}}, 'email': 'nathan.fleming@example.com', 'login': {'uuid': 'b42707b0-0c22-45c6-bab8-26fcb40489c6', 'username': 'sadleopard232', 'password': 'panasoni', 'salt': 'bVikvXxU', 'md5': '3b961cd588763b7e4c440402d85b241e', 'sha1': 'ecb934e2baf6cc9ad3c0b66f32e345e4bcf48317', 'sha256': '988837ca44b743b789b77cd4cfc597130d12bb923d2d32324d1f235c6824edad'}, 'dob': {'date': '1969-06-06T10:09:30.796Z', 'age': 55}, 'registered': {'date': '2021-06-27T09:29:46.237Z', 'age': 2}, 'phone': '07-2025-5743', 'cell': '0442-140-272', 'id': {'name': 'TFN', 'value': '068727859'}, 'picture': {'large': 'https://randomuser.me/api/portraits/men/75.jpg', 'medium': 'https://randomuser.me/api/portraits/med/men/75.jpg', 'thumbnail': 'https://randomuser.me/api/portraits/thumb/men/75.jpg'}, 'nat': 'AU'}</msg>
<arg>${json_data['results'][0]}</arg>
<doc>Logs the given message with the given level.</doc>
<status status="PASS" start="2024-06-12T23:14:57.273267" elapsed="0.000419"/>
</kw>
<kw name="Log" owner="BuiltIn">
<msg time="2024-06-12T23:14:57.274105" level="INFO">gender</msg>
<arg>${key}</arg>
<doc>Logs the given message with the given level.</doc>
<status status="PASS" start="2024-06-12T23:14:57.273980" elapsed="0.000163"/>
</kw>
<var name="${key}">gender</var>
<status status="PASS" start="2024-06-12T23:14:57.272548" elapsed="0.001814"/>
</iter>
<iter>
<kw name="Dictionary Should Contain Key" owner="Collections">
<arg>${json_data['results'][0]}</arg>
<arg>${key}</arg>
<doc>Fails if ``key`` is not found from ``dictionary``.</doc>
<status status="PASS" start="2024-06-12T23:14:57.274661" elapsed="0.000390"/>
</kw>
<kw name="Log" owner="BuiltIn">
<msg time="2024-06-12T23:14:57.275584" level="INFO">{'gender': 'male', 'name': {'title': 'Mr', 'first': 'Nathan', 'last': 'Fleming'}, 'location': {'street': {'number': 4663, 'name': 'Ash Dr'}, 'city': 'Hervey Bay', 'state': 'Tasmania', 'country': 'Australia', 'postcode': 3257, 'coordinates': {'latitude': '-86.4193', 'longitude': '-80.1233'}, 'timezone': {'offset': '-7:00', 'description': 'Mountain Time (US &amp; Canada)'}}, 'email': 'nathan.fleming@example.com', 'login': {'uuid': 'b42707b0-0c22-45c6-bab8-26fcb40489c6', 'username': 'sadleopard232', 'password': 'panasoni', 'salt': 'bVikvXxU', 'md5': '3b961cd588763b7e4c440402d85b241e', 'sha1': 'ecb934e2baf6cc9ad3c0b66f32e345e4bcf48317', 'sha256': '988837ca44b743b789b77cd4cfc597130d12bb923d2d32324d1f235c6824edad'}, 'dob': {'date': '1969-06-06T10:09:30.796Z', 'age': 55}, 'registered': {'date': '2021-06-27T09:29:46.237Z', 'age': 2}, 'phone': '07-2025-5743', 'cell': '0442-140-272', 'id': {'name': 'TFN', 'value': '068727859'}, 'picture': {'large': 'https://randomuser.me/api/portraits/men/75.jpg', 'medium': 'https://randomuser.me/api/portraits/med/men/75.jpg', 'thumbnail': 'https://randomuser.me/api/portraits/thumb/men/75.jpg'}, 'nat': 'AU'}</msg>
<arg>${json_data['results'][0]}</arg>
<doc>Logs the given message with the given level.</doc>
<status status="PASS" start="2024-06-12T23:14:57.275240" elapsed="0.000429"/>
</kw>
<kw name="Log" owner="BuiltIn">
<msg time="2024-06-12T23:14:57.276119" level="INFO">name</msg>
<arg>${key}</arg>
<doc>Logs the given message with the given level.</doc>
<status status="PASS" start="2024-06-12T23:14:57.275991" elapsed="0.000166"/>
</kw>
<var name="${key}">name</var>
<status status="PASS" start="2024-06-12T23:14:57.274549" elapsed="0.001824"/>
</iter>
<iter>
<kw name="Dictionary Should Contain Key" owner="Collections">
<arg>${json_data['results'][0]}</arg>
<arg>${key}</arg>
<doc>Fails if ``key`` is not found from ``dictionary``.</doc>
<status status="PASS" start="2024-06-12T23:14:57.276662" elapsed="0.000382"/>
</kw>
<kw name="Log" owner="BuiltIn">
<msg time="2024-06-12T23:14:57.277572" level="INFO">{'gender': 'male', 'name': {'title': 'Mr', 'first': 'Nathan', 'last': 'Fleming'}, 'location': {'street': {'number': 4663, 'name': 'Ash Dr'}, 'city': 'Hervey Bay', 'state': 'Tasmania', 'country': 'Australia', 'postcode': 3257, 'coordinates': {'latitude': '-86.4193', 'longitude': '-80.1233'}, 'timezone': {'offset': '-7:00', 'description': 'Mountain Time (US &amp; Canada)'}}, 'email': 'nathan.fleming@example.com', 'login': {'uuid': 'b42707b0-0c22-45c6-bab8-26fcb40489c6', 'username': 'sadleopard232', 'password': 'panasoni', 'salt': 'bVikvXxU', 'md5': '3b961cd588763b7e4c440402d85b241e', 'sha1': 'ecb934e2baf6cc9ad3c0b66f32e345e4bcf48317', 'sha256': '988837ca44b743b789b77cd4cfc597130d12bb923d2d32324d1f235c6824edad'}, 'dob': {'date': '1969-06-06T10:09:30.796Z', 'age': 55}, 'registered': {'date': '2021-06-27T09:29:46.237Z', 'age': 2}, 'phone': '07-2025-5743', 'cell': '0442-140-272', 'id': {'name': 'TFN', 'value': '068727859'}, 'picture': {'large': 'https://randomuser.me/api/portraits/men/75.jpg', 'medium': 'https://randomuser.me/api/portraits/med/men/75.jpg', 'thumbnail': 'https://randomuser.me/api/portraits/thumb/men/75.jpg'}, 'nat': 'AU'}</msg>
<arg>${json_data['results'][0]}</arg>
<doc>Logs the given message with the given level.</doc>
<status status="PASS" start="2024-06-12T23:14:57.277228" elapsed="0.000394"/>
</kw>
<kw name="Log" owner="BuiltIn">
<msg time="2024-06-12T23:14:57.278074" level="INFO">location</msg>
<arg>${key}</arg>
<doc>Logs the given message with the given level.</doc>
<status status="PASS" start="2024-06-12T23:14:57.277933" elapsed="0.000178"/>
</kw>
<var name="${key}">location</var>
<status status="PASS" start="2024-06-12T23:14:57.276553" elapsed="0.001775"/>
</iter>
<iter>
<kw name="Dictionary Should Contain Key" owner="Collections">
<arg>${json_data['results'][0]}</arg>
<arg>${key}</arg>
<doc>Fails if ``key`` is not found from ``dictionary``.</doc>
<status status="PASS" start="2024-06-12T23:14:57.278606" elapsed="0.000387"/>
</kw>
<kw name="Log" owner="BuiltIn">
<msg time="2024-06-12T23:14:57.279523" level="INFO">{'gender': 'male', 'name': {'title': 'Mr', 'first': 'Nathan', 'last': 'Fleming'}, 'location': {'street': {'number': 4663, 'name': 'Ash Dr'}, 'city': 'Hervey Bay', 'state': 'Tasmania', 'country': 'Australia', 'postcode': 3257, 'coordinates': {'latitude': '-86.4193', 'longitude': '-80.1233'}, 'timezone': {'offset': '-7:00', 'description': 'Mountain Time (US &amp; Canada)'}}, 'email': 'nathan.fleming@example.com', 'login': {'uuid': 'b42707b0-0c22-45c6-bab8-26fcb40489c6', 'username': 'sadleopard232', 'password': 'panasoni', 'salt': 'bVikvXxU', 'md5': '3b961cd588763b7e4c440402d85b241e', 'sha1': 'ecb934e2baf6cc9ad3c0b66f32e345e4bcf48317', 'sha256': '988837ca44b743b789b77cd4cfc597130d12bb923d2d32324d1f235c6824edad'}, 'dob': {'date': '1969-06-06T10:09:30.796Z', 'age': 55}, 'registered': {'date': '2021-06-27T09:29:46.237Z', 'age': 2}, 'phone': '07-2025-5743', 'cell': '0442-140-272', 'id': {'name': 'TFN', 'value': '068727859'}, 'picture': {'large': 'https://randomuser.me/api/portraits/men/75.jpg', 'medium': 'https://randomuser.me/api/portraits/med/men/75.jpg', 'thumbnail': 'https://randomuser.me/api/portraits/thumb/men/75.jpg'}, 'nat': 'AU'}</msg>
<arg>${json_data['results'][0]}</arg>
<doc>Logs the given message with the given level.</doc>
<status status="PASS" start="2024-06-12T23:14:57.279179" elapsed="0.000392"/>
</kw>
<kw name="Log" owner="BuiltIn">
<msg time="2024-06-12T23:14:57.280025" level="INFO">email</msg>
<arg>${key}</arg>
<doc>Logs the given message with the given level.</doc>
<status status="PASS" start="2024-06-12T23:14:57.279897" elapsed="0.000165"/>
</kw>
<var name="${key}">email</var>
<status status="PASS" start="2024-06-12T23:14:57.278499" elapsed="0.001784"/>
</iter>
<iter>
<kw name="Dictionary Should Contain Key" owner="Collections">
<arg>${json_data['results'][0]}</arg>
<arg>${key}</arg>
<doc>Fails if ``key`` is not found from ``dictionary``.</doc>
<status status="PASS" start="2024-06-12T23:14:57.280565" elapsed="0.000390"/>
</kw>
<kw name="Log" owner="BuiltIn">
<msg time="2024-06-12T23:14:57.281490" level="INFO">{'gender': 'male', 'name': {'title': 'Mr', 'first': 'Nathan', 'last': 'Fleming'}, 'location': {'street': {'number': 4663, 'name': 'Ash Dr'}, 'city': 'Hervey Bay', 'state': 'Tasmania', 'country': 'Australia', 'postcode': 3257, 'coordinates': {'latitude': '-86.4193', 'longitude': '-80.1233'}, 'timezone': {'offset': '-7:00', 'description': 'Mountain Time (US &amp; Canada)'}}, 'email': 'nathan.fleming@example.com', 'login': {'uuid': 'b42707b0-0c22-45c6-bab8-26fcb40489c6', 'username': 'sadleopard232', 'password': 'panasoni', 'salt': 'bVikvXxU', 'md5': '3b961cd588763b7e4c440402d85b241e', 'sha1': 'ecb934e2baf6cc9ad3c0b66f32e345e4bcf48317', 'sha256': '988837ca44b743b789b77cd4cfc597130d12bb923d2d32324d1f235c6824edad'}, 'dob': {'date': '1969-06-06T10:09:30.796Z', 'age': 55}, 'registered': {'date': '2021-06-27T09:29:46.237Z', 'age': 2}, 'phone': '07-2025-5743', 'cell': '0442-140-272', 'id': {'name': 'TFN', 'value': '068727859'}, 'picture': {'large': 'https://randomuser.me/api/portraits/men/75.jpg', 'medium': 'https://randomuser.me/api/portraits/med/men/75.jpg', 'thumbnail': 'https://randomuser.me/api/portraits/thumb/men/75.jpg'}, 'nat': 'AU'}</msg>
<arg>${json_data['results'][0]}</arg>
<doc>Logs the given message with the given level.</doc>
<status status="PASS" start="2024-06-12T23:14:57.281139" elapsed="0.000400"/>
</kw>
<kw name="Log" owner="BuiltIn">
<msg time="2024-06-12T23:14:57.281957" level="INFO">login</msg>
<arg>${key}</arg>
<doc>Logs the given message with the given level.</doc>
<status status="PASS" start="2024-06-12T23:14:57.281831" elapsed="0.000163"/>
</kw>
<var name="${key}">login</var>
<status status="PASS" start="2024-06-12T23:14:57.280456" elapsed="0.001752"/>
</iter>
<var>${key}</var>
<value>@{expected_keys}</value>
<status status="PASS" start="2024-06-12T23:14:57.272350" elapsed="0.009977"/>
</for>
<kw name="Create List" owner="BuiltIn">
<msg time="2024-06-12T23:14:57.282659" level="INFO">${expected_keysTwo} = ['username', 'password']</msg>
<var>${expected_keysTwo}</var>
<arg>username</arg>
<arg>password</arg>
<doc>Returns a list containing given items.</doc>
<status status="PASS" start="2024-06-12T23:14:57.282520" elapsed="0.000164"/>
</kw>
<for flavor="IN">
<iter>
<kw name="Dictionary Should Contain Key" owner="Collections">
<arg>${json_data['results'][0]['login']}</arg>
<arg>${keyTwo}</arg>
<doc>Fails if ``key`` is not found from ``dictionary``.</doc>
<status status="PASS" start="2024-06-12T23:14:57.283208" elapsed="0.000379"/>
</kw>
<kw name="Dictionary Should Contain Key" owner="Collections">
<arg>${json_data['results'][0]['login']}</arg>
<arg>${keyTwo}</arg>
<doc>Fails if ``key`` is not found from ``dictionary``.</doc>
<status status="PASS" start="2024-06-12T23:14:57.283797" elapsed="0.000381"/>
</kw>
<kw name="Log" owner="BuiltIn">
<msg time="2024-06-12T23:14:57.284472" level="INFO">username</msg>
<arg>${keyTwo}</arg>
<doc>Logs the given message with the given level.</doc>
<status status="PASS" start="2024-06-12T23:14:57.284354" elapsed="0.000160"/>
</kw>
<var name="${keyTwo}">username</var>
<status status="PASS" start="2024-06-12T23:14:57.283101" elapsed="0.001635"/>
</iter>
<iter>
<kw name="Dictionary Should Contain Key" owner="Collections">
<arg>${json_data['results'][0]['login']}</arg>
<arg>${keyTwo}</arg>
<doc>Fails if ``key`` is not found from ``dictionary``.</doc>
<status status="PASS" start="2024-06-12T23:14:57.285026" elapsed="0.000379"/>
</kw>
<kw name="Dictionary Should Contain Key" owner="Collections">
<arg>${json_data['results'][0]['login']}</arg>
<arg>${keyTwo}</arg>
<doc>Fails if ``key`` is not found from ``dictionary``.</doc>
<status status="PASS" start="2024-06-12T23:14:57.285584" elapsed="0.000361"/>
</kw>
<kw name="Log" owner="BuiltIn">
<msg time="2024-06-12T23:14:57.286237" level="INFO">password</msg>
<arg>${keyTwo}</arg>
<doc>Logs the given message with the given level.</doc>
<status status="PASS" start="2024-06-12T23:14:57.286120" elapsed="0.000154"/>
</kw>
<var name="${keyTwo}">password</var>
<status status="PASS" start="2024-06-12T23:14:57.284918" elapsed="0.001572"/>
</iter>
<var>${keyTwo}</var>
<value>@{expected_keysTwo}</value>
<status status="PASS" start="2024-06-12T23:14:57.282947" elapsed="0.003662"/>
</for>
<status status="PASS" start="2024-06-12T23:14:57.173709" elapsed="0.113038"/>
</kw>
<doc>Testa a estrutura da resposta da API.</doc>
<tag>testeEstruturaResposta</tag>
<status status="PASS" start="2024-06-12T23:14:57.173008" elapsed="0.113893"/>
</test>
<test id="s1-s1-t4" name="Validar tipos de dados" line="28">
<kw name="Teste de Tipos de Dados" owner="random-user-service">
<kw name="GET On Session" owner="RequestsLibrary">
<msg time="2024-06-12T23:14:57.330400" level="INFO">GET Request : url=https://randomuser.me/api 
 path_url=/api 
 headers={'User-Agent': 'python-requests/2.32.3', 'Accept-Encoding': 'gzip, deflate', 'Accept': '*/*', 'Connection': 'keep-alive'} 
 body=None 
 </msg>
<msg time="2024-06-12T23:14:57.330479" level="INFO">GET Response : url=https://randomuser.me/api 
 status=200, reason=OK 
 headers={'Date': 'Wed, 12 Jun 2024 23:14:57 GMT', 'Content-Type': 'application/json; charset=utf-8', 'Transfer-Encoding': 'chunked', 'Connection': 'keep-alive', 'X-Powered-By': 'Express', 'Access-Control-Allow-Origin': '*', 'Cache-Control': 'no-cache', 'ETag': 'W/"473-Abq/xZglLrDN0vPtxXCHQd1vg6A"', 'Vary': 'Accept-Encoding', 'Content-Encoding': 'gzip', 'CF-Cache-Status': 'DYNAMIC', 'Report-To': '{"endpoints":[{"url":"https:\\/\\/a.nel.cloudflare.com\\/report\\/v4?s=r7iKHEtWf2juYWxjpxqYK3VySbPRX8Kn9Pl3GvZzesMKbkYozFqnfPJ0A3A0N%2Bq%2BUrv3SyMEjPQSClOfMrxoOsSQ62MYkQ2gjJi1epxqkQl6cUCTxrNjesXqCoyEzL%2BC"}],"group":"cf-nel","max_age":604800}', 'NEL': '{"success_fraction":0,"report_to":"cf-nel","max_age":604800}', 'Server': 'cloudflare', 'CF-RAY': '892d8a441f128263-IAD', 'alt-svc': 'h3=":443"; ma=86400'} 
 body={"results":[{"gender":"male","name":{"title":"Mr","first":"Noel","last":"Hardt"},"location":{"street":{"number":9383,"name":"Blumenstraße"},"city":"Maulbronn","state":"Hessen","country":"Germany","postcode":93604,"coordinates":{"latitude":"-52.9433","longitude":"-64.6624"},"timezone":{"offset":"-3:30","description":"Newfoundland"}},"email":"noel.hardt@example.com","login":{"uuid":"b45f286e-d552-4548-bce2-1de9c3497e1b","username":"whitecat166","password":"rush2112","salt":"YuvjuqID","md5":"241c4227c1680603a63287c55f560850","sha1":"bfc18c42582de838ceb77e5814bc8ed6c619cfec","sha256":"a4144289ba3bfca91d5a240364467acc0efaca45c0eaa8c593da42d3ac20f69e"},"dob":{"date":"1992-02-17T06:19:03.684Z","age":32},"registered":{"date":"2020-03-11T23:04:17.492Z","age":4},"phone":"0712-6490773","cell":"0179-1152689","id":{"name":"SVNR","value":"79 170292 H 182"},"picture":{"large":"https://randomuser.me/api/portraits/men/60.jpg","medium":"https://randomuser.me/api/portraits/med/men/60.jpg","thumbnail":"https://randomuser.me/api/portraits/thumb/men/60.jpg"},"nat":"DE"}],"info":{"seed":"4880cbc9ad2d0c08","results":1,"page":1,"version":"1.4"}} 
 </msg>
<msg time="2024-06-12T23:14:57.330552" level="INFO">/opt/hostedtoolcache/Python/3.12.3/x64/lib/python3.12/site-packages/urllib3/connectionpool.py:1103: InsecureRequestWarning: Unverified HTTPS request is being made to host 'randomuser.me'. Adding certificate verification is strongly advised. See: https://urllib3.readthedocs.io/en/latest/advanced-usage.html#tls-warnings
  warnings.warn(</msg>
<msg time="2024-06-12T23:14:57.330661" level="INFO">${response} = &lt;Response [200]&gt;</msg>
<var>${response}</var>
<arg>consultarAPI</arg>
<arg>/api</arg>
<doc>Sends a GET request on a previously created HTTP Session.</doc>
<status status="PASS" start="2024-06-12T23:14:57.289561" elapsed="0.041150"/>
</kw>
<kw name="Set Variable" owner="BuiltIn">
<msg time="2024-06-12T23:14:57.331856" level="INFO">${json_data} = {'results': [{'gender': 'male', 'name': {'title': 'Mr', 'first': 'Noel', 'last': 'Hardt'}, 'location': {'street': {'number': 9383, 'name': 'Blumenstraße'}, 'city': 'Maulbronn', 'state': 'Hessen', 'cou...</msg>
<var>${json_data}</var>
<arg>${response.json()}</arg>
<doc>Returns the given values which can then be assigned to a variables.</doc>
<status status="PASS" start="2024-06-12T23:14:57.331258" elapsed="0.000641"/>
</kw>
<kw name="Log" owner="BuiltIn">
<msg time="2024-06-12T23:14:57.332372" level="INFO">{'results': [{'gender': 'male', 'name': {'title': 'Mr', 'first': 'Noel', 'last': 'Hardt'}, 'location': {'street': {'number': 9383, 'name': 'Blumenstraße'}, 'city': 'Maulbronn', 'state': 'Hessen', 'country': 'Germany', 'postcode': 93604, 'coordinates': {'latitude': '-52.9433', 'longitude': '-64.6624'}, 'timezone': {'offset': '-3:30', 'description': 'Newfoundland'}}, 'email': 'noel.hardt@example.com', 'login': {'uuid': 'b45f286e-d552-4548-bce2-1de9c3497e1b', 'username': 'whitecat166', 'password': 'rush2112', 'salt': 'YuvjuqID', 'md5': '241c4227c1680603a63287c55f560850', 'sha1': 'bfc18c42582de838ceb77e5814bc8ed6c619cfec', 'sha256': 'a4144289ba3bfca91d5a240364467acc0efaca45c0eaa8c593da42d3ac20f69e'}, 'dob': {'date': '1992-02-17T06:19:03.684Z', 'age': 32}, 'registered': {'date': '2020-03-11T23:04:17.492Z', 'age': 4}, 'phone': '0712-6490773', 'cell': '0179-1152689', 'id': {'name': 'SVNR', 'value': '79 170292 H 182'}, 'picture': {'large': 'https://randomuser.me/api/portraits/men/60.jpg', 'medium': 'https://randomuser.me/api/portraits/med/men/60.jpg', 'thumbnail': 'https://randomuser.me/api/portraits/thumb/men/60.jpg'}, 'nat': 'DE'}], 'info': {'seed': '4880cbc9ad2d0c08', 'results': 1, 'page': 1, 'version': '1.4'}}</msg>
<arg>${json_data}</arg>
<doc>Logs the given message with the given level.</doc>
<status status="PASS" start="2024-06-12T23:14:57.332218" elapsed="0.000202"/>
</kw>
<kw name="Should Be String" owner="String">
<arg>${json_data['results'][0]['gender']}</arg>
<doc>Fails if the given ``item`` is not a string.</doc>
<status status="PASS" start="2024-06-12T23:14:57.332710" elapsed="0.000360"/>
</kw>
<kw name="Should Match Regexp" owner="BuiltIn">
<arg>${json_data['results'][0]['email']}</arg>
<arg>^[a-zA-Z0-9._%+-]+@[a-zA-Z0-9.-]+\.[a-zA-Z]{2,}$</arg>
<doc>Fails if ``string`` does not match ``pattern`` as a regular expression.</doc>
<status status="PASS" start="2024-06-12T23:14:57.333258" elapsed="0.000518"/>
</kw>
<kw name="Should Match Regexp" owner="BuiltIn">
<arg>${json_data['results'][0]['dob']['date']}</arg>
<arg>\\d{4}-\\d{2}-\\d{2}T\\d{2}:\\d{2}:\\d{2}\\.\\d{3}Z</arg>
<doc>Fails if ``string`` does not match ``pattern`` as a regular expression.</doc>
<status status="PASS" start="2024-06-12T23:14:57.334004" elapsed="0.000492"/>
</kw>
<kw name="Should Match Regexp" owner="BuiltIn">
<arg>${json_data['results'][0]['registered']['date']}</arg>
<arg>\\d{4}-\\d{2}-\\d{2}T\\d{2}:\\d{2}:\\d{2}\\.\\d{3}Z</arg>
<doc>Fails if ``string`` does not match ``pattern`` as a regular expression.</doc>
<status status="PASS" start="2024-06-12T23:14:57.334689" elapsed="0.000366"/>
</kw>
<kw name="Should Match Regexp" owner="BuiltIn">
<arg>${json_data['results'][0]['picture']['large']}</arg>
<arg>^https?://.*\.(?:png|jpe?g|gif|bmp)$</arg>
<doc>Fails if ``string`` does not match ``pattern`` as a regular expression.</doc>
<status status="PASS" start="2024-06-12T23:14:57.335241" elapsed="0.000458"/>
</kw>
<kw name="Should Match Regexp" owner="BuiltIn">
<arg>${json_data['results'][0]['picture']['medium']}</arg>
<arg>^https?://.*\.(?:png|jpe?g|gif|bmp)$</arg>
<doc>Fails if ``string`` does not match ``pattern`` as a regular expression.</doc>
<status status="PASS" start="2024-06-12T23:14:57.335921" elapsed="0.000362"/>
</kw>
<kw name="Should Match Regexp" owner="BuiltIn">
<arg>${json_data['results'][0]['picture']['thumbnail']}</arg>
<arg>^https?://.*\.(?:png|jpe?g|gif|bmp)$</arg>
<doc>Fails if ``string`` does not match ``pattern`` as a regular expression.</doc>
<status status="PASS" start="2024-06-12T23:14:57.336469" elapsed="0.000354"/>
</kw>
<kw name="Log" owner="BuiltIn">
<msg time="2024-06-12T23:14:57.337331" level="INFO">{'large': 'https://randomuser.me/api/portraits/men/60.jpg', 'medium': 'https://randomuser.me/api/portraits/med/men/60.jpg', 'thumbnail': 'https://randomuser.me/api/portraits/thumb/men/60.jpg'}</msg>
<arg>${json_data['results'][0]['picture']}</arg>
<doc>Logs the given message with the given level.</doc>
<status status="PASS" start="2024-06-12T23:14:57.337005" elapsed="0.000368"/>
</kw>
<status status="PASS" start="2024-06-12T23:14:57.289335" elapsed="0.048291"/>
</kw>
<kw name="Teste de Tipos de Dados - Postcode" owner="random-user-service">
<kw name="GET On Session" owner="RequestsLibrary">
<msg time="2024-06-12T23:14:57.422111" level="INFO">GET Request : url=https://randomuser.me/api 
 path_url=/api 
 headers={'User-Agent': 'python-requests/2.32.3', 'Accept-Encoding': 'gzip, deflate', 'Accept': '*/*', 'Connection': 'keep-alive'} 
 body=None 
 </msg>
<msg time="2024-06-12T23:14:57.422200" level="INFO">GET Response : url=https://randomuser.me/api 
 status=200, reason=OK 
 headers={'Date': 'Wed, 12 Jun 2024 23:14:57 GMT', 'Content-Type': 'application/json; charset=utf-8', 'Transfer-Encoding': 'chunked', 'Connection': 'keep-alive', 'X-Powered-By': 'Express', 'Access-Control-Allow-Origin': '*', 'Cache-Control': 'no-cache', 'ETag': 'W/"492-j1KKjxwakFmuksZXn6AC+NrfawE"', 'Vary': 'Accept-Encoding', 'Content-Encoding': 'gzip', 'CF-Cache-Status': 'DYNAMIC', 'Report-To': '{"endpoints":[{"url":"https:\\/\\/a.nel.cloudflare.com\\/report\\/v4?s=JRzwZUs10eJmtGNRIG6yf8A7lWI3ktp4HJ9bklol6GG0i5qVP4D9xy3gmvju21%2BT8q9bxZ%2BaEI11z5lWuhQ8PX79C0RsrvFY6Yepj4%2F2K%2FFwuKwlk8bN%2BU3MWibMylMr"}],"group":"cf-nel","max_age":604800}', 'NEL': '{"success_fraction":0,"report_to":"cf-nel","max_age":604800}', 'Server': 'cloudflare', 'CF-RAY': '892d8a445f698263-IAD', 'alt-svc': 'h3=":443"; ma=86400'} 
 body={"results":[{"gender":"female","name":{"title":"Mrs","first":"Sumana","last":"Nagane"},"location":{"street":{"number":9647,"name":"College St"},"city":"Munger","state":"Dadra and Nagar Haveli","country":"India","postcode":86169,"coordinates":{"latitude":"7.5586","longitude":"25.5407"},"timezone":{"offset":"+2:00","description":"Kaliningrad, South Africa"}},"email":"sumana.nagane@example.com","login":{"uuid":"d858f3a3-d9d3-48ce-92c6-b510d0478c94","username":"happyostrich406","password":"silence","salt":"LZnFX4ui","md5":"8bb3c9fffd198f3a024cb72f10b81ded","sha1":"835eb5a9b8549b0d045e2f3fffc3e97efd96ff64","sha256":"96104ef18ef560b5800cd1be03ef591a2360bf72caa3ded2925e2f0d81ba86e3"},"dob":{"date":"1949-07-12T20:39:31.208Z","age":74},"registered":{"date":"2002-12-19T01:11:14.804Z","age":21},"phone":"7245752189","cell":"8973075156","id":{"name":"UIDAI","value":"065290954184"},"picture":{"large":"https://randomuser.me/api/portraits/women/78.jpg","medium":"https://randomuser.me/api/portraits/med/women/78.jpg","thumbnail":"https://randomuser.me/api/portraits/thumb/women/78.jpg"},"nat":"IN"}],"info":{"seed":"77f04496aa3df54b","results":1,"page":1,"version":"1.4"}} 
 </msg>
<msg time="2024-06-12T23:14:57.422274" level="INFO">/opt/hostedtoolcache/Python/3.12.3/x64/lib/python3.12/site-packages/urllib3/connectionpool.py:1103: InsecureRequestWarning: Unverified HTTPS request is being made to host 'randomuser.me'. Adding certificate verification is strongly advised. See: https://urllib3.readthedocs.io/en/latest/advanced-usage.html#tls-warnings
  warnings.warn(</msg>
<msg time="2024-06-12T23:14:57.422396" level="INFO">${response} = &lt;Response [200]&gt;</msg>
<var>${response}</var>
<arg>consultarAPI</arg>
<arg>/api</arg>
<doc>Sends a GET request on a previously created HTTP Session.</doc>
<status status="PASS" start="2024-06-12T23:14:57.338057" elapsed="0.084379"/>
</kw>
<kw name="Set Variable" owner="BuiltIn">
<msg time="2024-06-12T23:14:57.423501" level="INFO">${json_data} = {'results': [{'gender': 'female', 'name': {'title': 'Mrs', 'first': 'Sumana', 'last': 'Nagane'}, 'location': {'street': {'number': 9647, 'name': 'College St'}, 'city': 'Munger', 'state': 'Dadra and Na...</msg>
<var>${json_data}</var>
<arg>${response.json()}</arg>
<doc>Returns the given values which can then be assigned to a variables.</doc>
<status status="PASS" start="2024-06-12T23:14:57.422938" elapsed="0.000594"/>
</kw>
<kw name="Log" owner="BuiltIn">
<msg time="2024-06-12T23:14:57.424043" level="INFO">{'results': [{'gender': 'female', 'name': {'title': 'Mrs', 'first': 'Sumana', 'last': 'Nagane'}, 'location': {'street': {'number': 9647, 'name': 'College St'}, 'city': 'Munger', 'state': 'Dadra and Nagar Haveli', 'country': 'India', 'postcode': 86169, 'coordinates': {'latitude': '7.5586', 'longitude': '25.5407'}, 'timezone': {'offset': '+2:00', 'description': 'Kaliningrad, South Africa'}}, 'email': 'sumana.nagane@example.com', 'login': {'uuid': 'd858f3a3-d9d3-48ce-92c6-b510d0478c94', 'username': 'happyostrich406', 'password': 'silence', 'salt': 'LZnFX4ui', 'md5': '8bb3c9fffd198f3a024cb72f10b81ded', 'sha1': '835eb5a9b8549b0d045e2f3fffc3e97efd96ff64', 'sha256': '96104ef18ef560b5800cd1be03ef591a2360bf72caa3ded2925e2f0d81ba86e3'}, 'dob': {'date': '1949-07-12T20:39:31.208Z', 'age': 74}, 'registered': {'date': '2002-12-19T01:11:14.804Z', 'age': 21}, 'phone': '7245752189', 'cell': '8973075156', 'id': {'name': 'UIDAI', 'value': '065290954184'}, 'picture': {'large': 'https://randomuser.me/api/portraits/women/78.jpg', 'medium': 'https://randomuser.me/api/portraits/med/women/78.jpg', 'thumbnail': 'https://randomuser.me/api/portraits/thumb/women/78.jpg'}, 'nat': 'IN'}], 'info': {'seed': '77f04496aa3df54b', 'results': 1, 'page': 1, 'version': '1.4'}}</msg>
<arg>${json_data}</arg>
<doc>Logs the given message with the given level.</doc>
<status status="PASS" start="2024-06-12T23:14:57.423879" elapsed="0.000212"/>
</kw>
<kw name="Should Be Equal As Numbers" owner="BuiltIn">
<arg>${json_data['results'][0]['location']['postcode']}</arg>
<arg>${json_data['results'][0]['location']['postcode']}</arg>
<doc>Fails if objects are unequal after converting them to real numbers.</doc>
<status status="PASS" start="2024-06-12T23:14:57.424389" elapsed="0.000631"/>
</kw>
<kw name="Log" owner="BuiltIn">
<msg time="2024-06-12T23:14:57.425548" level="INFO">86169</msg>
<arg>${json_data['results'][0]['location']['postcode']}</arg>
<doc>Logs the given message with the given level.</doc>
<status status="PASS" start="2024-06-12T23:14:57.425216" elapsed="0.000371"/>
</kw>
<status status="PASS" start="2024-06-12T23:14:57.337840" elapsed="0.088041"/>
</kw>
<doc>Testa se os tipos de dados na resposta da API estão corretos.</doc>
<tag>testeTiposDados</tag>
<status status="PASS" start="2024-06-12T23:14:57.288685" elapsed="0.137364"/>
</test>
<test id="s1-s1-t5" name="Validar conteudo" line="35">
<kw name="Teste de Tipos de Conteudo" owner="random-user-service">
<kw name="GET On Session" owner="RequestsLibrary">
<msg time="2024-06-12T23:14:57.517466" level="INFO">GET Request : url=https://randomuser.me/api 
 path_url=/api 
 headers={'User-Agent': 'python-requests/2.32.3', 'Accept-Encoding': 'gzip, deflate', 'Accept': '*/*', 'Connection': 'keep-alive'} 
 body=None 
 </msg>
<msg time="2024-06-12T23:14:57.517554" level="INFO">GET Response : url=https://randomuser.me/api 
 status=200, reason=OK 
 headers={'Date': 'Wed, 12 Jun 2024 23:14:57 GMT', 'Content-Type': 'application/json; charset=utf-8', 'Transfer-Encoding': 'chunked', 'Connection': 'keep-alive', 'X-Powered-By': 'Express', 'Access-Control-Allow-Origin': '*', 'Cache-Control': 'no-cache', 'ETag': 'W/"49f-hlX67ccv2mIwEYBZj9dmSeCbmm4"', 'Vary': 'Accept-Encoding', 'Content-Encoding': 'gzip', 'CF-Cache-Status': 'DYNAMIC', 'Report-To': '{"endpoints":[{"url":"https:\\/\\/a.nel.cloudflare.com\\/report\\/v4?s=k7rhjNtiEa7aIQnBS%2FTJmveqTzexLamfm9Oso8fUe%2BwKMSxU0y5ydP6D1KGlLXOnlj5d4euFQdhkoVWjZQfWSS5LUNnlnJ3tZPY%2F%2BTSTR2OqJ7hN5T7hZW7HePiH%2FV5b"}],"group":"cf-nel","max_age":604800}', 'NEL': '{"success_fraction":0,"report_to":"cf-nel","max_age":604800}', 'Server': 'cloudflare', 'CF-RAY': '892d8a44f8348263-IAD', 'alt-svc': 'h3=":443"; ma=86400'} 
 body={"results":[{"gender":"male","name":{"title":"Mr","first":"Yunnuel","last":"Melgar"},"location":{"street":{"number":5662,"name":"Circuito Malasia"},"city":"Palmar de Bravo","state":"Morelos","country":"Mexico","postcode":77149,"coordinates":{"latitude":"26.0022","longitude":"-64.9544"},"timezone":{"offset":"+8:00","description":"Beijing, Perth, Singapore, Hong Kong"}},"email":"yunnuel.melgar@example.com","login":{"uuid":"f8d9598b-d2d8-4722-8db2-514fba5b75ea","username":"silverdog427","password":"stinger","salt":"2k3IEijF","md5":"f97147427f18f9e88c4c15ed1000bdfa","sha1":"61c092bd93315809d7ac12458bf5b6c9904456a0","sha256":"f491aaf6b4672acda1e79c10925c1ba755953ca58d0150a18cf30a6b6b9b9722"},"dob":{"date":"1951-08-21T16:32:48.514Z","age":72},"registered":{"date":"2007-07-23T20:55:59.413Z","age":16},"phone":"(676) 374 3860","cell":"(632) 940 9353","id":{"name":"NSS","value":"27 83 47 0438 5"},"picture":{"large":"https://randomuser.me/api/portraits/men/95.jpg","medium":"https://randomuser.me/api/portraits/med/men/95.jpg","thumbnail":"https://randomuser.me/api/portraits/thumb/men/95.jpg"},"nat":"MX"}],"info":{"seed":"fbe590ed1df86e53","results":1,"page":1,"version":"1.4"}} 
 </msg>
<msg time="2024-06-12T23:14:57.517632" level="INFO">/opt/hostedtoolcache/Python/3.12.3/x64/lib/python3.12/site-packages/urllib3/connectionpool.py:1103: InsecureRequestWarning: Unverified HTTPS request is being made to host 'randomuser.me'. Adding certificate verification is strongly advised. See: https://urllib3.readthedocs.io/en/latest/advanced-usage.html#tls-warnings
  warnings.warn(</msg>
<msg time="2024-06-12T23:14:57.517743" level="INFO">${response} = &lt;Response [200]&gt;</msg>
<var>${response}</var>
<arg>consultarAPI</arg>
<arg>/api</arg>
<doc>Sends a GET request on a previously created HTTP Session.</doc>
<status status="PASS" start="2024-06-12T23:14:57.428775" elapsed="0.089007"/>
</kw>
<kw name="Set Variable" owner="BuiltIn">
<msg time="2024-06-12T23:14:57.518864" level="INFO">${json_data} = {'results': [{'gender': 'male', 'name': {'title': 'Mr', 'first': 'Yunnuel', 'last': 'Melgar'}, 'location': {'street': {'number': 5662, 'name': 'Circuito Malasia'}, 'city': 'Palmar de Bravo', 'state': ...</msg>
<var>${json_data}</var>
<arg>${response.json()}</arg>
<doc>Returns the given values which can then be assigned to a variables.</doc>
<status status="PASS" start="2024-06-12T23:14:57.518316" elapsed="0.000579"/>
</kw>
<kw name="Set Variable" owner="BuiltIn">
<msg time="2024-06-12T23:14:57.519590" level="INFO">${name_title} = Mr</msg>
<var>${name_title}</var>
<arg>${json_data["results"][0]["name"]["title"]}</arg>
<doc>Returns the given values which can then be assigned to a variables.</doc>
<status status="PASS" start="2024-06-12T23:14:57.519201" elapsed="0.000414"/>
</kw>
<kw name="Create List" owner="BuiltIn">
<msg time="2024-06-12T23:14:57.520114" level="INFO">${allowed_titles} = ['Mr', 'Ms', 'Miss', 'Mrs', 'Madame', 'Monsieur']</msg>
<var>${allowed_titles}</var>
<arg>Mr</arg>
<arg>Ms</arg>
<arg>Miss</arg>
<arg>Mrs</arg>
<arg>Madame</arg>
<arg>Monsieur</arg>
<doc>Returns a list containing given items.</doc>
<status status="PASS" start="2024-06-12T23:14:57.519964" elapsed="0.000175"/>
</kw>
<kw name="List Should Contain Value" owner="Collections">
<arg>${allowed_titles}</arg>
<arg>${name_title}</arg>
<doc>Fails if the ``value`` is not found from ``list``.</doc>
<status status="PASS" start="2024-06-12T23:14:57.520437" elapsed="0.000178"/>
</kw>
<kw name="Set Variable" owner="BuiltIn">
<msg time="2024-06-12T23:14:57.521156" level="INFO">${name_country} = MX</msg>
<var>${name_country}</var>
<arg>${json_data["results"][0]["nat"]}</arg>
<doc>Returns the given values which can then be assigned to a variables.</doc>
<status status="PASS" start="2024-06-12T23:14:57.520794" elapsed="0.000387"/>
</kw>
<kw name="Create List" owner="BuiltIn">
<msg time="2024-06-12T23:14:57.522068" level="INFO">${list_country} = ['AD', 'AE', 'AF', 'AG', 'AI', 'AL', 'AM', 'AO', 'AQ', 'AR', 'AS', 'AT', 'AU', 'AW', 'AX', 'AZ', 'BA', 'BB', 'BD', 'BE', 'BF', 'BG', 'BH', 'BI', 'BJ', 'BL', 'BM', 'BN', 'BO', 'BQ', 'BR', 'BS', 'BT', '...</msg>
<var>${list_country}</var>
<arg>AD</arg>
<arg>AE</arg>
<arg>AF</arg>
<arg>AG</arg>
<arg>AI</arg>
<arg>AL</arg>
<arg>AM</arg>
<arg>AO</arg>
<arg>AQ</arg>
<arg>AR</arg>
<arg>AS</arg>
<arg>AT</arg>
<arg>AU</arg>
<arg>AW</arg>
<arg>AX</arg>
<arg>AZ</arg>
<arg>BA</arg>
<arg>BB</arg>
<arg>BD</arg>
<arg>BE</arg>
<arg>BF</arg>
<arg>BG</arg>
<arg>BH</arg>
<arg>BI</arg>
<arg>BJ</arg>
<arg>BL</arg>
<arg>BM</arg>
<arg>BN</arg>
<arg>BO</arg>
<arg>BQ</arg>
<arg>BR</arg>
<arg>BS</arg>
<arg>BT</arg>
<arg>BV</arg>
<arg>BW</arg>
<arg>BY</arg>
<arg>BZ</arg>
<arg>CA</arg>
<arg>CC</arg>
<arg>CD</arg>
<arg>CF</arg>
<arg>CG</arg>
<arg>CH</arg>
<arg>CI</arg>
<arg>CK</arg>
<arg>CL</arg>
<arg>CM</arg>
<arg>CN</arg>
<arg>CO</arg>
<arg>CR</arg>
<arg>CU</arg>
<arg>CV</arg>
<arg>CW</arg>
<arg>CX</arg>
<arg>CY</arg>
<arg>CZ</arg>
<arg>DE</arg>
<arg>DJ</arg>
<arg>DK</arg>
<arg>DM</arg>
<arg>DO</arg>
<arg>DZ</arg>
<arg>EC</arg>
<arg>EE</arg>
<arg>EG</arg>
<arg>EH</arg>
<arg>ER</arg>
<arg>ES</arg>
<arg>ET</arg>
<arg>FI</arg>
<arg>FJ</arg>
<arg>FK</arg>
<arg>FM</arg>
<arg>FO</arg>
<arg>FR</arg>
<arg>GA</arg>
<arg>GB</arg>
<arg>GD</arg>
<arg>GE</arg>
<arg>GF</arg>
<arg>GG</arg>
<arg>GH</arg>
<arg>GI</arg>
<arg>GL</arg>
<arg>GM</arg>
<arg>GN</arg>
<arg>GP</arg>
<arg>GQ</arg>
<arg>GR</arg>
<arg>GS</arg>
<arg>GT</arg>
<arg>GU</arg>
<arg>GW</arg>
<arg>GY</arg>
<arg>HK</arg>
<arg>HM</arg>
<arg>HN</arg>
<arg>HR</arg>
<arg>HT</arg>
<arg>HU</arg>
<arg>ID</arg>
<arg>IE</arg>
<arg>IL</arg>
<arg>IM</arg>
<arg>IN</arg>
<arg>IO</arg>
<arg>IQ</arg>
<arg>IR</arg>
<arg>IS</arg>
<arg>IT</arg>
<arg>JE</arg>
<arg>JM</arg>
<arg>JO</arg>
<arg>JP</arg>
<arg>KE</arg>
<arg>KG</arg>
<arg>KH</arg>
<arg>KI</arg>
<arg>KM</arg>
<arg>KN</arg>
<arg>KP</arg>
<arg>KR</arg>
<arg>KW</arg>
<arg>KY</arg>
<arg>KZ</arg>
<arg>LA</arg>
<arg>LB</arg>
<arg>LC</arg>
<arg>LI</arg>
<arg>LK</arg>
<arg>LR</arg>
<arg>LS</arg>
<arg>LT</arg>
<arg>LU</arg>
<arg>LV</arg>
<arg>LY</arg>
<arg>MA</arg>
<arg>MC</arg>
<arg>MD</arg>
<arg>ME</arg>
<arg>MF</arg>
<arg>MG</arg>
<arg>MH</arg>
<arg>MK</arg>
<arg>ML</arg>
<arg>MM</arg>
<arg>MN</arg>
<arg>MO</arg>
<arg>MP</arg>
<arg>MQ</arg>
<arg>MR</arg>
<arg>MS</arg>
<arg>MT</arg>
<arg>MU</arg>
<arg>MV</arg>
<arg>MW</arg>
<arg>MX</arg>
<arg>MY</arg>
<arg>MZ</arg>
<arg>NA</arg>
<arg>NC</arg>
<arg>NE</arg>
<arg>NF</arg>
<arg>NG</arg>
<arg>NI</arg>
<arg>NL</arg>
<arg>NO</arg>
<arg>NP</arg>
<arg>NR</arg>
<arg>NU</arg>
<arg>NZ</arg>
<arg>OM</arg>
<arg>PA</arg>
<arg>PE</arg>
<arg>PF</arg>
<arg>PG</arg>
<arg>PH</arg>
<arg>PK</arg>
<arg>PL</arg>
<arg>PM</arg>
<arg>PN</arg>
<arg>PR</arg>
<arg>PS</arg>
<arg>PT</arg>
<arg>PW</arg>
<arg>PY</arg>
<arg>QA</arg>
<arg>RE</arg>
<arg>RO</arg>
<arg>RS</arg>
<arg>RU</arg>
<arg>RW</arg>
<arg>SA</arg>
<arg>SB</arg>
<arg>SC</arg>
<arg>SD</arg>
<arg>SE</arg>
<arg>SG</arg>
<arg>SH</arg>
<arg>SI</arg>
<arg>SJ</arg>
<arg>SK</arg>
<arg>SL</arg>
<arg>SM</arg>
<arg>SN</arg>
<arg>SO</arg>
<arg>SR</arg>
<arg>SS</arg>
<arg>ST</arg>
<arg>SV</arg>
<arg>SX</arg>
<arg>SY</arg>
<arg>SZ</arg>
<arg>TC</arg>
<arg>TD</arg>
<arg>TF</arg>
<arg>TG</arg>
<arg>TH</arg>
<arg>TJ</arg>
<arg>TK</arg>
<arg>TL</arg>
<arg>TM</arg>
<arg>TN</arg>
<arg>TO</arg>
<arg>TR</arg>
<arg>TT</arg>
<arg>TV</arg>
<arg>TW</arg>
<arg>TZ</arg>
<arg>UA</arg>
<arg>UG</arg>
<arg>UM</arg>
<arg>US</arg>
<arg>UY</arg>
<arg>UZ</arg>
<arg>VA</arg>
<arg>VC</arg>
<arg>VE</arg>
<arg>VG</arg>
<arg>VI</arg>
<arg>VN</arg>
<arg>VU</arg>
<arg>WF</arg>
<arg>WS</arg>
<arg>XK</arg>
<arg>YE</arg>
<arg>YT</arg>
<arg>ZA</arg>
<arg>ZM</arg>
<arg>ZW</arg>
<doc>Returns a list containing given items.</doc>
<status status="PASS" start="2024-06-12T23:14:57.521472" elapsed="0.000621"/>
</kw>
<kw name="List Should Contain Value" owner="Collections">
<arg>${list_country}</arg>
<arg>${name_country}</arg>
<doc>Fails if the ``value`` is not found from ``list``.</doc>
<status status="PASS" start="2024-06-12T23:14:57.522886" elapsed="0.000205"/>
</kw>
<kw name="Run Keyword If" owner="BuiltIn">
<kw name="Should Be True" owner="BuiltIn">
<arg>${True}</arg>
<doc>Fails if the given condition is not true.</doc>
<status status="PASS" start="2024-06-12T23:14:57.524055" elapsed="0.000145"/>
</kw>
<arg>${json_data["results"][0]["location"]["coordinates"]["latitude"]} &gt;= -90 and ${json_data["results"][0]["location"]["coordinates"]["latitude"]} &lt;= 90</arg>
<arg>Should Be True</arg>
<arg>${True}</arg>
<doc>Runs the given keyword with the given arguments, if ``condition`` is true.</doc>
<status status="PASS" start="2024-06-12T23:14:57.523290" elapsed="0.001036"/>
</kw>
<kw name="Run Keyword If" owner="BuiltIn">
<kw name="Should Be True" owner="BuiltIn">
<arg>${True}</arg>
<doc>Fails if the given condition is not true.</doc>
<status status="PASS" start="2024-06-12T23:14:57.525205" elapsed="0.000139"/>
</kw>
<arg>${json_data["results"][0]["location"]["coordinates"]["longitude"]} &gt;= -180 and ${json_data["results"][0]["location"]["coordinates"]["longitude"]} &lt;= 180</arg>
<arg>Should Be True</arg>
<arg>${True}</arg>
<doc>Runs the given keyword with the given arguments, if ``condition`` is true.</doc>
<status status="PASS" start="2024-06-12T23:14:57.524510" elapsed="0.000960"/>
</kw>
<status status="PASS" start="2024-06-12T23:14:57.428394" elapsed="0.097208"/>
</kw>
<doc>Testa o conteúdo específico dos campos retornados pela API.</doc>
<tag>testeConteudo</tag>
<status status="PASS" start="2024-06-12T23:14:57.427868" elapsed="0.097887"/>
</test>
<status status="PASS" start="2024-06-12T23:14:56.191004" elapsed="1.336718"/>
</suite>
<status status="PASS" start="2024-06-12T23:14:56.177289" elapsed="1.355676"/>
</suite>
<statistics>
<total>
<stat pass="5" fail="0" skip="0">All Tests</stat>
</total>
<tag>
<stat pass="1" fail="0" skip="0">testeConteudo</stat>
<stat pass="1" fail="0" skip="0">testeEstruturaResposta</stat>
<stat pass="1" fail="0" skip="0">testeRequisicaoBasica</stat>
<stat pass="1" fail="0" skip="0">testeTiposDados</stat>
</tag>
<suite>
<stat pass="5" fail="0" skip="0" id="s1" name="Tests">Tests</stat>
<stat pass="5" fail="0" skip="0" id="s1-s1" name="Random-User-Test">Tests.Random-User-Test</stat>
</suite>
</statistics>
<errors>
</errors>
</robot>
