<?xml version="1.0" encoding="UTF-8"?>
<robot generator="Robot 7.0 (Python 3.12.3 on linux)" generated="2024-05-15T17:14:09.388765" rpa="false" schemaversion="5">
<suite id="s1" name="Tests" source="/home/runner/work/DesafioQAItauRogerioJordao/DesafioQAItauRogerioJordao/RamdonUser/tests">
<suite id="s1-s1" name="Random-User-Test" source="/home/runner/work/DesafioQAItauRogerioJordao/DesafioQAItauRogerioJordao/RamdonUser/tests/random-user-test.robot">
<test id="s1-s1-t1" name="Conectar" line="13">
<kw name="Conectar API" owner="random-user-service">
<kw name="Create Session" owner="RequestsLibrary">
<msg time="2024-05-15T17:14:09.754018" level="INFO">Creating Session using : alias=consultarAPI, url=https://randomuser.me/, headers={},                     cookies={}, auth=None, timeout=None, proxies=None, verify=False,                     debug=0 </msg>
<arg>consultarAPI</arg>
<arg>${URL}</arg>
<doc>Create Session: create a HTTP session to a server</doc>
<status status="PASS" start="2024-05-15T17:14:09.753797" elapsed="0.000441"/>
</kw>
<status status="PASS" start="2024-05-15T17:14:09.752751" elapsed="0.001926"/>
</kw>
<status status="PASS" start="2024-05-15T17:14:09.752081" elapsed="0.002795"/>
</test>
<test id="s1-s1-t2" name="Validar retorno 200 e JSON Válido" line="16">
<kw name="Teste de Requisicao Basica" owner="random-user-service">
<kw name="GET On Session" owner="RequestsLibrary">
<msg time="2024-05-15T17:14:10.704167" level="INFO">GET Request : url=https://randomuser.me/api 
 path_url=/api 
 headers={'User-Agent': 'python-requests/2.31.0', 'Accept-Encoding': 'gzip, deflate', 'Accept': '*/*', 'Connection': 'keep-alive'} 
 body=None 
 </msg>
<msg time="2024-05-15T17:14:10.704314" level="INFO">GET Response : url=https://randomuser.me/api 
 status=200, reason=OK 
 headers={'Date': 'Wed, 15 May 2024 17:14:10 GMT', 'Content-Type': 'application/json; charset=utf-8', 'Transfer-Encoding': 'chunked', 'Connection': 'keep-alive', 'X-Powered-By': 'Express', 'Access-Control-Allow-Origin': '*', 'Cache-Control': 'no-cache', 'ETag': 'W/"489-8b9tPWkXVKfttoYEiLobOtlwjLg"', 'Vary': 'Accept-Encoding', 'Content-Encoding': 'gzip', 'CF-Cache-Status': 'DYNAMIC', 'Report-To': '{"endpoints":[{"url":"https:\\/\\/a.nel.cloudflare.com\\/report\\/v4?s=i%2FHM8gubaEBGB6vcs68zyegohrHSBVzBtl1HhEJp2pfWBlfuijx452PZl3V311d8H6jYMs4o3ef%2Fz3cmqNdh0cfXUG5lS4yGCT10BD0Xdnh8qUggvJD50LKUCcAp%2FYuC"}],"group":"cf-nel","max_age":604800}', 'NEL': '{"success_fraction":0,"report_to":"cf-nel","max_age":604800}', 'Server': 'cloudflare', 'CF-RAY': '8844c343eafd7004-IAD', 'alt-svc': 'h3=":443"; ma=86400'} 
 body={"results":[{"gender":"female","name":{"title":"Mrs","first":"Vasilina","last":"Kozenko"},"location":{"street":{"number":924,"name":"Shneiersona"},"city":"Ukrayinka","state":"Sumska","country":"Ukraine","postcode":67945,"coordinates":{"latitude":"74.3948","longitude":"97.4992"},"timezone":{"offset":"-7:00","description":"Mountain Time (US &amp; Canada)"}},"email":"vasilina.kozenko@example.com","login":{"uuid":"26621feb-a5be-41f4-9e89-be933a946315","username":"organicpeacock907","password":"kojak","salt":"vT4e0sK5","md5":"40d7f8352798afffdb07898a73655a77","sha1":"d0a3616866f9fac18b0db2df3d5e89384bee042e","sha256":"3632e9caa63e1e6c543be2cfb2a6849d54e6071146ce54f0c17bc00b6f1bdcc9"},"dob":{"date":"1976-10-26T04:28:16.765Z","age":47},"registered":{"date":"2007-03-14T17:03:54.482Z","age":17},"phone":"(097) P23-1138","cell":"(068) P32-6231","id":{"name":"","value":null},"picture":{"large":"https://randomuser.me/api/portraits/women/24.jpg","medium":"https://randomuser.me/api/portraits/med/women/24.jpg","thumbnail":"https://randomuser.me/api/portraits/thumb/women/24.jpg"},"nat":"UA"}],"info":{"seed":"459894ed17109088","results":1,"page":1,"version":"1.4"}} 
 </msg>
<msg time="2024-05-15T17:14:10.704396" level="INFO">/opt/hostedtoolcache/Python/3.12.3/x64/lib/python3.12/site-packages/urllib3/connectionpool.py:1103: InsecureRequestWarning: Unverified HTTPS request is being made to host 'randomuser.me'. Adding certificate verification is strongly advised. See: https://urllib3.readthedocs.io/en/latest/advanced-usage.html#tls-warnings
  warnings.warn(</msg>
<msg time="2024-05-15T17:14:10.704537" level="INFO">${response} = &lt;Response [200]&gt;</msg>
<var>${response}</var>
<arg>consultarAPI</arg>
<arg>/api</arg>
<doc>Sends a GET request on a previously created HTTP Session.</doc>
<status status="PASS" start="2024-05-15T17:14:09.757609" elapsed="0.946970"/>
</kw>
<kw name="Should Be Equal As Numbers" owner="BuiltIn">
<msg time="2024-05-15T17:14:10.705726" level="INFO">Argument types are:
&lt;class 'int'&gt;
&lt;class 'str'&gt;</msg>
<arg>${response.status_code}</arg>
<arg>200</arg>
<doc>Fails if objects are unequal after converting them to real numbers.</doc>
<status status="PASS" start="2024-05-15T17:14:10.705222" elapsed="0.000568"/>
</kw>
<kw name="Log" owner="BuiltIn">
<msg time="2024-05-15T17:14:10.706544" level="INFO">200</msg>
<arg>${response.status_code}</arg>
<doc>Logs the given message with the given level.</doc>
<status status="PASS" start="2024-05-15T17:14:10.706152" elapsed="0.000434"/>
</kw>
<kw name="Set Variable" owner="BuiltIn">
<msg time="2024-05-15T17:14:10.707323" level="INFO">${json_data} = {'results': [{'gender': 'female', 'name': {'title': 'Mrs', 'first': 'Vasilina', 'last': 'Kozenko'}, 'location': {'street': {'number': 924, 'name': 'Shneiersona'}, 'city': 'Ukrayinka', 'state': 'Sumska...</msg>
<var>${json_data}</var>
<arg>${response.json()}</arg>
<doc>Returns the given values which can then be assigned to a variables.</doc>
<status status="PASS" start="2024-05-15T17:14:10.706890" elapsed="0.000462"/>
</kw>
<kw name="Dictionary Should Contain Key" owner="Collections">
<msg time="2024-05-15T17:14:10.707819" level="INFO">False</msg>
<arg>${json_data}</arg>
<arg>results</arg>
<doc>Fails if ``key`` is not found from ``dictionary``.</doc>
<status status="PASS" start="2024-05-15T17:14:10.707650" elapsed="0.000207"/>
</kw>
<status status="PASS" start="2024-05-15T17:14:09.757356" elapsed="0.950758"/>
</kw>
<doc>Testa se a API responde corretamente e retorna um objeto JSON válido.</doc>
<tag>testeRequisicaoBasica</tag>
<status status="PASS" start="2024-05-15T17:14:09.756804" elapsed="0.951505"/>
</test>
<test id="s1-s1-t3" name="Validar estrutura de resposta" line="22">
<kw name="Teste de Estrutura de Resposta" owner="random-user-service">
<kw name="GET On Session" owner="RequestsLibrary">
<msg time="2024-05-15T17:14:10.828533" level="INFO">GET Request : url=https://randomuser.me/api 
 path_url=/api 
 headers={'User-Agent': 'python-requests/2.31.0', 'Accept-Encoding': 'gzip, deflate', 'Accept': '*/*', 'Connection': 'keep-alive'} 
 body=None 
 </msg>
<msg time="2024-05-15T17:14:10.828631" level="INFO">GET Response : url=https://randomuser.me/api 
 status=200, reason=OK 
 headers={'Date': 'Wed, 15 May 2024 17:14:10 GMT', 'Content-Type': 'application/json; charset=utf-8', 'Transfer-Encoding': 'chunked', 'Connection': 'keep-alive', 'X-Powered-By': 'Express', 'Access-Control-Allow-Origin': '*', 'Cache-Control': 'no-cache', 'ETag': 'W/"479-9pMLwjmrAKhAECPNNQAYjUfTuE8"', 'Vary': 'Accept-Encoding', 'Content-Encoding': 'gzip', 'CF-Cache-Status': 'DYNAMIC', 'Report-To': '{"endpoints":[{"url":"https:\\/\\/a.nel.cloudflare.com\\/report\\/v4?s=Qj1pLI7Tw3SoW%2FJhhscnGyGX5Nxc0z38kKSxQ5vKSBz%2F%2FkQgjPZkDDvZRW8iQsOY0KjnmZ8m4DROA8idyBrsL558xQc%2B9uCLqjONt4Yn17CGRV2F11e9RPjm9PL%2By%2F%2Fp"}],"group":"cf-nel","max_age":604800}', 'NEL': '{"success_fraction":0,"report_to":"cf-nel","max_age":604800}', 'Server': 'cloudflare', 'CF-RAY': '8844c348fa2b7004-IAD', 'alt-svc': 'h3=":443"; ma=86400'} 
 body={"results":[{"gender":"male","name":{"title":"Mr","first":"بردیا","last":"زارعی"},"location":{"street":{"number":5807,"name":"شهید همت"},"city":"نجف‌آباد","state":"بوشهر","country":"Iran","postcode":52844,"coordinates":{"latitude":"17.4621","longitude":"-114.7664"},"timezone":{"offset":"-2:00","description":"Mid-Atlantic"}},"email":"brdy.zraay@example.com","login":{"uuid":"44698c37-6a2f-4f23-8a29-16ca1060e916","username":"bigmouse161","password":"passthie","salt":"BNl90hlU","md5":"066ad54770cf09f80c763a0c30cf015f","sha1":"4b6f05b6aa014400036746322deb2921421801b4","sha256":"177b8335b25e3a004eac55e3bb8efeb8582e5c80de08e868c6fe459d86af8d40"},"dob":{"date":"1968-03-20T17:29:12.663Z","age":56},"registered":{"date":"2017-09-10T21:57:37.759Z","age":6},"phone":"000-40950430","cell":"0916-784-8387","id":{"name":"","value":null},"picture":{"large":"https://randomuser.me/api/portraits/men/67.jpg","medium":"https://randomuser.me/api/portraits/med/men/67.jpg","thumbnail":"https://randomuser.me/api/portraits/thumb/men/67.jpg"},"nat":"IR"}],"info":{"seed":"66017fdbfbae268d","results":1,"page":1,"version":"1.4"}} 
 </msg>
<msg time="2024-05-15T17:14:10.828764" level="INFO">/opt/hostedtoolcache/Python/3.12.3/x64/lib/python3.12/site-packages/urllib3/connectionpool.py:1103: InsecureRequestWarning: Unverified HTTPS request is being made to host 'randomuser.me'. Adding certificate verification is strongly advised. See: https://urllib3.readthedocs.io/en/latest/advanced-usage.html#tls-warnings
  warnings.warn(</msg>
<msg time="2024-05-15T17:14:10.828891" level="INFO">${response} = &lt;Response [200]&gt;</msg>
<var>${response}</var>
<arg>consultarAPI</arg>
<arg>/api</arg>
<doc>Sends a GET request on a previously created HTTP Session.</doc>
<status status="PASS" start="2024-05-15T17:14:10.711004" elapsed="0.117928"/>
</kw>
<kw name="Set Variable" owner="BuiltIn">
<msg time="2024-05-15T17:14:10.829990" level="INFO">${json_data} = {'results': [{'gender': 'male', 'name': {'title': 'Mr', 'first': 'بردیا', 'last': 'زارعی'}, 'location': {'street': {'number': 5807, 'name': 'شهید همت'}, 'city': 'نجف\u200cآباد', 'state': 'بوشهر', 'cou...</msg>
<var>${json_data}</var>
<arg>${response.json()}</arg>
<doc>Returns the given values which can then be assigned to a variables.</doc>
<status status="PASS" start="2024-05-15T17:14:10.829455" elapsed="0.000566"/>
</kw>
<kw name="Log" owner="BuiltIn">
<msg time="2024-05-15T17:14:10.830543" level="INFO">{'results': [{'gender': 'male', 'name': {'title': 'Mr', 'first': 'بردیا', 'last': 'زارعی'}, 'location': {'street': {'number': 5807, 'name': 'شهید همت'}, 'city': 'نجف\u200cآباد', 'state': 'بوشهر', 'country': 'Iran', 'postcode': 52844, 'coordinates': {'latitude': '17.4621', 'longitude': '-114.7664'}, 'timezone': {'offset': '-2:00', 'description': 'Mid-Atlantic'}}, 'email': 'brdy.zraay@example.com', 'login': {'uuid': '44698c37-6a2f-4f23-8a29-16ca1060e916', 'username': 'bigmouse161', 'password': 'passthie', 'salt': 'BNl90hlU', 'md5': '066ad54770cf09f80c763a0c30cf015f', 'sha1': '4b6f05b6aa014400036746322deb2921421801b4', 'sha256': '177b8335b25e3a004eac55e3bb8efeb8582e5c80de08e868c6fe459d86af8d40'}, 'dob': {'date': '1968-03-20T17:29:12.663Z', 'age': 56}, 'registered': {'date': '2017-09-10T21:57:37.759Z', 'age': 6}, 'phone': '000-40950430', 'cell': '0916-784-8387', 'id': {'name': '', 'value': None}, 'picture': {'large': 'https://randomuser.me/api/portraits/men/67.jpg', 'medium': 'https://randomuser.me/api/portraits/med/men/67.jpg', 'thumbnail': 'https://randomuser.me/api/portraits/thumb/men/67.jpg'}, 'nat': 'IR'}], 'info': {'seed': '66017fdbfbae268d', 'results': 1, 'page': 1, 'version': '1.4'}}</msg>
<arg>${json_data}</arg>
<doc>Logs the given message with the given level.</doc>
<status status="PASS" start="2024-05-15T17:14:10.830330" elapsed="0.000266"/>
</kw>
<kw name="Dictionary Should Contain Key" owner="Collections">
<msg time="2024-05-15T17:14:10.831061" level="INFO">False</msg>
<arg>${json_data}</arg>
<arg>results</arg>
<doc>Fails if ``key`` is not found from ``dictionary``.</doc>
<status status="PASS" start="2024-05-15T17:14:10.830903" elapsed="0.000194"/>
</kw>
<kw name="Should Not Be Empty" owner="BuiltIn">
<msg time="2024-05-15T17:14:10.831522" level="INFO">Length is 2.</msg>
<arg>${json_data}</arg>
<doc>Verifies that the given item is not empty.</doc>
<status status="PASS" start="2024-05-15T17:14:10.831387" elapsed="0.000174"/>
</kw>
<kw name="Create List" owner="BuiltIn">
<msg time="2024-05-15T17:14:10.832149" level="INFO">${expected_keys} = ['gender', 'name', 'location', 'email', 'login']</msg>
<var>${expected_keys}</var>
<arg>gender</arg>
<arg>name</arg>
<arg>location</arg>
<arg>email</arg>
<arg>login</arg>
<doc>Returns a list containing given items.</doc>
<status status="PASS" start="2024-05-15T17:14:10.831846" elapsed="0.000327"/>
</kw>
<for flavor="IN">
<iter>
<kw name="Dictionary Should Contain Key" owner="Collections">
<msg time="2024-05-15T17:14:10.833167" level="INFO">False</msg>
<arg>${json_data['results'][0]}</arg>
<arg>${key}</arg>
<doc>Fails if ``key`` is not found from ``dictionary``.</doc>
<status status="PASS" start="2024-05-15T17:14:10.832762" elapsed="0.000443"/>
</kw>
<kw name="Log" owner="BuiltIn">
<msg time="2024-05-15T17:14:10.833861" level="INFO">{'gender': 'male', 'name': {'title': 'Mr', 'first': 'بردیا', 'last': 'زارعی'}, 'location': {'street': {'number': 5807, 'name': 'شهید همت'}, 'city': 'نجف\u200cآباد', 'state': 'بوشهر', 'country': 'Iran', 'postcode': 52844, 'coordinates': {'latitude': '17.4621', 'longitude': '-114.7664'}, 'timezone': {'offset': '-2:00', 'description': 'Mid-Atlantic'}}, 'email': 'brdy.zraay@example.com', 'login': {'uuid': '44698c37-6a2f-4f23-8a29-16ca1060e916', 'username': 'bigmouse161', 'password': 'passthie', 'salt': 'BNl90hlU', 'md5': '066ad54770cf09f80c763a0c30cf015f', 'sha1': '4b6f05b6aa014400036746322deb2921421801b4', 'sha256': '177b8335b25e3a004eac55e3bb8efeb8582e5c80de08e868c6fe459d86af8d40'}, 'dob': {'date': '1968-03-20T17:29:12.663Z', 'age': 56}, 'registered': {'date': '2017-09-10T21:57:37.759Z', 'age': 6}, 'phone': '000-40950430', 'cell': '0916-784-8387', 'id': {'name': '', 'value': None}, 'picture': {'large': 'https://randomuser.me/api/portraits/men/67.jpg', 'medium': 'https://randomuser.me/api/portraits/med/men/67.jpg', 'thumbnail': 'https://randomuser.me/api/portraits/thumb/men/67.jpg'}, 'nat': 'IR'}</msg>
<arg>${json_data['results'][0]}</arg>
<doc>Logs the given message with the given level.</doc>
<status status="PASS" start="2024-05-15T17:14:10.833496" elapsed="0.000416"/>
</kw>
<kw name="Log" owner="BuiltIn">
<msg time="2024-05-15T17:14:10.834334" level="INFO">gender</msg>
<arg>${key}</arg>
<doc>Logs the given message with the given level.</doc>
<status status="PASS" start="2024-05-15T17:14:10.834207" elapsed="0.000163"/>
</kw>
<var name="${key}">gender</var>
<status status="PASS" start="2024-05-15T17:14:10.832635" elapsed="0.001974"/>
</iter>
<iter>
<kw name="Dictionary Should Contain Key" owner="Collections">
<msg time="2024-05-15T17:14:10.835294" level="INFO">False</msg>
<arg>${json_data['results'][0]}</arg>
<arg>${key}</arg>
<doc>Fails if ``key`` is not found from ``dictionary``.</doc>
<status status="PASS" start="2024-05-15T17:14:10.834908" elapsed="0.000423"/>
</kw>
<kw name="Log" owner="BuiltIn">
<msg time="2024-05-15T17:14:10.836013" level="INFO">{'gender': 'male', 'name': {'title': 'Mr', 'first': 'بردیا', 'last': 'زارعی'}, 'location': {'street': {'number': 5807, 'name': 'شهید همت'}, 'city': 'نجف\u200cآباد', 'state': 'بوشهر', 'country': 'Iran', 'postcode': 52844, 'coordinates': {'latitude': '17.4621', 'longitude': '-114.7664'}, 'timezone': {'offset': '-2:00', 'description': 'Mid-Atlantic'}}, 'email': 'brdy.zraay@example.com', 'login': {'uuid': '44698c37-6a2f-4f23-8a29-16ca1060e916', 'username': 'bigmouse161', 'password': 'passthie', 'salt': 'BNl90hlU', 'md5': '066ad54770cf09f80c763a0c30cf015f', 'sha1': '4b6f05b6aa014400036746322deb2921421801b4', 'sha256': '177b8335b25e3a004eac55e3bb8efeb8582e5c80de08e868c6fe459d86af8d40'}, 'dob': {'date': '1968-03-20T17:29:12.663Z', 'age': 56}, 'registered': {'date': '2017-09-10T21:57:37.759Z', 'age': 6}, 'phone': '000-40950430', 'cell': '0916-784-8387', 'id': {'name': '', 'value': None}, 'picture': {'large': 'https://randomuser.me/api/portraits/men/67.jpg', 'medium': 'https://randomuser.me/api/portraits/med/men/67.jpg', 'thumbnail': 'https://randomuser.me/api/portraits/thumb/men/67.jpg'}, 'nat': 'IR'}</msg>
<arg>${json_data['results'][0]}</arg>
<doc>Logs the given message with the given level.</doc>
<status status="PASS" start="2024-05-15T17:14:10.835651" elapsed="0.000412"/>
</kw>
<kw name="Log" owner="BuiltIn">
<msg time="2024-05-15T17:14:10.836485" level="INFO">name</msg>
<arg>${key}</arg>
<doc>Logs the given message with the given level.</doc>
<status status="PASS" start="2024-05-15T17:14:10.836360" elapsed="0.000161"/>
</kw>
<var name="${key}">name</var>
<status status="PASS" start="2024-05-15T17:14:10.834794" elapsed="0.001940"/>
</iter>
<iter>
<kw name="Dictionary Should Contain Key" owner="Collections">
<msg time="2024-05-15T17:14:10.837420" level="INFO">False</msg>
<arg>${json_data['results'][0]}</arg>
<arg>${key}</arg>
<doc>Fails if ``key`` is not found from ``dictionary``.</doc>
<status status="PASS" start="2024-05-15T17:14:10.837020" elapsed="0.000437"/>
</kw>
<kw name="Log" owner="BuiltIn">
<msg time="2024-05-15T17:14:10.838116" level="INFO">{'gender': 'male', 'name': {'title': 'Mr', 'first': 'بردیا', 'last': 'زارعی'}, 'location': {'street': {'number': 5807, 'name': 'شهید همت'}, 'city': 'نجف\u200cآباد', 'state': 'بوشهر', 'country': 'Iran', 'postcode': 52844, 'coordinates': {'latitude': '17.4621', 'longitude': '-114.7664'}, 'timezone': {'offset': '-2:00', 'description': 'Mid-Atlantic'}}, 'email': 'brdy.zraay@example.com', 'login': {'uuid': '44698c37-6a2f-4f23-8a29-16ca1060e916', 'username': 'bigmouse161', 'password': 'passthie', 'salt': 'BNl90hlU', 'md5': '066ad54770cf09f80c763a0c30cf015f', 'sha1': '4b6f05b6aa014400036746322deb2921421801b4', 'sha256': '177b8335b25e3a004eac55e3bb8efeb8582e5c80de08e868c6fe459d86af8d40'}, 'dob': {'date': '1968-03-20T17:29:12.663Z', 'age': 56}, 'registered': {'date': '2017-09-10T21:57:37.759Z', 'age': 6}, 'phone': '000-40950430', 'cell': '0916-784-8387', 'id': {'name': '', 'value': None}, 'picture': {'large': 'https://randomuser.me/api/portraits/men/67.jpg', 'medium': 'https://randomuser.me/api/portraits/med/men/67.jpg', 'thumbnail': 'https://randomuser.me/api/portraits/thumb/men/67.jpg'}, 'nat': 'IR'}</msg>
<arg>${json_data['results'][0]}</arg>
<doc>Logs the given message with the given level.</doc>
<status status="PASS" start="2024-05-15T17:14:10.837751" elapsed="0.000415"/>
</kw>
<kw name="Log" owner="BuiltIn">
<msg time="2024-05-15T17:14:10.838607" level="INFO">location</msg>
<arg>${key}</arg>
<doc>Logs the given message with the given level.</doc>
<status status="PASS" start="2024-05-15T17:14:10.838480" elapsed="0.000164"/>
</kw>
<var name="${key}">location</var>
<status status="PASS" start="2024-05-15T17:14:10.836909" elapsed="0.001946"/>
</iter>
<iter>
<kw name="Dictionary Should Contain Key" owner="Collections">
<msg time="2024-05-15T17:14:10.839519" level="INFO">False</msg>
<arg>${json_data['results'][0]}</arg>
<arg>${key}</arg>
<doc>Fails if ``key`` is not found from ``dictionary``.</doc>
<status status="PASS" start="2024-05-15T17:14:10.839134" elapsed="0.000421"/>
</kw>
<kw name="Log" owner="BuiltIn">
<msg time="2024-05-15T17:14:10.840209" level="INFO">{'gender': 'male', 'name': {'title': 'Mr', 'first': 'بردیا', 'last': 'زارعی'}, 'location': {'street': {'number': 5807, 'name': 'شهید همت'}, 'city': 'نجف\u200cآباد', 'state': 'بوشهر', 'country': 'Iran', 'postcode': 52844, 'coordinates': {'latitude': '17.4621', 'longitude': '-114.7664'}, 'timezone': {'offset': '-2:00', 'description': 'Mid-Atlantic'}}, 'email': 'brdy.zraay@example.com', 'login': {'uuid': '44698c37-6a2f-4f23-8a29-16ca1060e916', 'username': 'bigmouse161', 'password': 'passthie', 'salt': 'BNl90hlU', 'md5': '066ad54770cf09f80c763a0c30cf015f', 'sha1': '4b6f05b6aa014400036746322deb2921421801b4', 'sha256': '177b8335b25e3a004eac55e3bb8efeb8582e5c80de08e868c6fe459d86af8d40'}, 'dob': {'date': '1968-03-20T17:29:12.663Z', 'age': 56}, 'registered': {'date': '2017-09-10T21:57:37.759Z', 'age': 6}, 'phone': '000-40950430', 'cell': '0916-784-8387', 'id': {'name': '', 'value': None}, 'picture': {'large': 'https://randomuser.me/api/portraits/men/67.jpg', 'medium': 'https://randomuser.me/api/portraits/med/men/67.jpg', 'thumbnail': 'https://randomuser.me/api/portraits/thumb/men/67.jpg'}, 'nat': 'IR'}</msg>
<arg>${json_data['results'][0]}</arg>
<doc>Logs the given message with the given level.</doc>
<status status="PASS" start="2024-05-15T17:14:10.839850" elapsed="0.000409"/>
</kw>
<kw name="Log" owner="BuiltIn">
<msg time="2024-05-15T17:14:10.840673" level="INFO">email</msg>
<arg>${key}</arg>
<doc>Logs the given message with the given level.</doc>
<status status="PASS" start="2024-05-15T17:14:10.840548" elapsed="0.000162"/>
</kw>
<var name="${key}">email</var>
<status status="PASS" start="2024-05-15T17:14:10.839026" elapsed="0.001892"/>
</iter>
<iter>
<kw name="Dictionary Should Contain Key" owner="Collections">
<msg time="2024-05-15T17:14:10.841582" level="INFO">False</msg>
<arg>${json_data['results'][0]}</arg>
<arg>${key}</arg>
<doc>Fails if ``key`` is not found from ``dictionary``.</doc>
<status status="PASS" start="2024-05-15T17:14:10.841197" elapsed="0.000422"/>
</kw>
<kw name="Log" owner="BuiltIn">
<msg time="2024-05-15T17:14:10.842263" level="INFO">{'gender': 'male', 'name': {'title': 'Mr', 'first': 'بردیا', 'last': 'زارعی'}, 'location': {'street': {'number': 5807, 'name': 'شهید همت'}, 'city': 'نجف\u200cآباد', 'state': 'بوشهر', 'country': 'Iran', 'postcode': 52844, 'coordinates': {'latitude': '17.4621', 'longitude': '-114.7664'}, 'timezone': {'offset': '-2:00', 'description': 'Mid-Atlantic'}}, 'email': 'brdy.zraay@example.com', 'login': {'uuid': '44698c37-6a2f-4f23-8a29-16ca1060e916', 'username': 'bigmouse161', 'password': 'passthie', 'salt': 'BNl90hlU', 'md5': '066ad54770cf09f80c763a0c30cf015f', 'sha1': '4b6f05b6aa014400036746322deb2921421801b4', 'sha256': '177b8335b25e3a004eac55e3bb8efeb8582e5c80de08e868c6fe459d86af8d40'}, 'dob': {'date': '1968-03-20T17:29:12.663Z', 'age': 56}, 'registered': {'date': '2017-09-10T21:57:37.759Z', 'age': 6}, 'phone': '000-40950430', 'cell': '0916-784-8387', 'id': {'name': '', 'value': None}, 'picture': {'large': 'https://randomuser.me/api/portraits/men/67.jpg', 'medium': 'https://randomuser.me/api/portraits/med/men/67.jpg', 'thumbnail': 'https://randomuser.me/api/portraits/thumb/men/67.jpg'}, 'nat': 'IR'}</msg>
<arg>${json_data['results'][0]}</arg>
<doc>Logs the given message with the given level.</doc>
<status status="PASS" start="2024-05-15T17:14:10.841904" elapsed="0.000408"/>
</kw>
<kw name="Log" owner="BuiltIn">
<msg time="2024-05-15T17:14:10.842769" level="INFO">login</msg>
<arg>${key}</arg>
<doc>Logs the given message with the given level.</doc>
<status status="PASS" start="2024-05-15T17:14:10.842643" elapsed="0.000163"/>
</kw>
<var name="${key}">login</var>
<status status="PASS" start="2024-05-15T17:14:10.841088" elapsed="0.001929"/>
</iter>
<var>${key}</var>
<value>@{expected_keys}</value>
<status status="PASS" start="2024-05-15T17:14:10.832441" elapsed="0.010720"/>
</for>
<kw name="Create List" owner="BuiltIn">
<msg time="2024-05-15T17:14:10.843496" level="INFO">${expected_keysTwo} = ['username', 'password']</msg>
<var>${expected_keysTwo}</var>
<arg>username</arg>
<arg>password</arg>
<doc>Returns a list containing given items.</doc>
<status status="PASS" start="2024-05-15T17:14:10.843361" elapsed="0.000159"/>
</kw>
<for flavor="IN">
<iter>
<kw name="Dictionary Should Contain Key" owner="Collections">
<msg time="2024-05-15T17:14:10.844415" level="INFO">False</msg>
<arg>${json_data['results'][0]['login']}</arg>
<arg>${keyTwo}</arg>
<doc>Fails if ``key`` is not found from ``dictionary``.</doc>
<status status="PASS" start="2024-05-15T17:14:10.844025" elapsed="0.000426"/>
</kw>
<kw name="Dictionary Should Contain Key" owner="Collections">
<msg time="2024-05-15T17:14:10.845124" level="INFO">False</msg>
<arg>${json_data['results'][0]['login']}</arg>
<arg>${keyTwo}</arg>
<doc>Fails if ``key`` is not found from ``dictionary``.</doc>
<status status="PASS" start="2024-05-15T17:14:10.844742" elapsed="0.000419"/>
</kw>
<kw name="Log" owner="BuiltIn">
<msg time="2024-05-15T17:14:10.845573" level="INFO">username</msg>
<arg>${keyTwo}</arg>
<doc>Logs the given message with the given level.</doc>
<status status="PASS" start="2024-05-15T17:14:10.845448" elapsed="0.000167"/>
</kw>
<var name="${keyTwo}">username</var>
<status status="PASS" start="2024-05-15T17:14:10.843910" elapsed="0.001913"/>
</iter>
<iter>
<kw name="Dictionary Should Contain Key" owner="Collections">
<msg time="2024-05-15T17:14:10.846511" level="INFO">False</msg>
<arg>${json_data['results'][0]['login']}</arg>
<arg>${keyTwo}</arg>
<doc>Fails if ``key`` is not found from ``dictionary``.</doc>
<status status="PASS" start="2024-05-15T17:14:10.846097" elapsed="0.000451"/>
</kw>
<kw name="Dictionary Should Contain Key" owner="Collections">
<msg time="2024-05-15T17:14:10.847297" level="INFO">False</msg>
<arg>${json_data['results'][0]['login']}</arg>
<arg>${keyTwo}</arg>
<doc>Fails if ``key`` is not found from ``dictionary``.</doc>
<status status="PASS" start="2024-05-15T17:14:10.846836" elapsed="0.000500"/>
</kw>
<kw name="Log" owner="BuiltIn">
<msg time="2024-05-15T17:14:10.847756" level="INFO">password</msg>
<arg>${keyTwo}</arg>
<doc>Logs the given message with the given level.</doc>
<status status="PASS" start="2024-05-15T17:14:10.847629" elapsed="0.000164"/>
</kw>
<var name="${keyTwo}">password</var>
<status status="PASS" start="2024-05-15T17:14:10.845989" elapsed="0.002017"/>
</iter>
<var>${keyTwo}</var>
<value>@{expected_keysTwo}</value>
<status status="PASS" start="2024-05-15T17:14:10.843757" elapsed="0.004370"/>
</for>
<status status="PASS" start="2024-05-15T17:14:10.710764" elapsed="0.137502"/>
</kw>
<doc>Testa a estrutura da resposta da API.</doc>
<tag>testeEstruturaResposta</tag>
<status status="PASS" start="2024-05-15T17:14:10.710131" elapsed="0.138293"/>
</test>
<test id="s1-s1-t4" name="Validar tipos de dados" line="28">
<kw name="Teste de Tipos de Dados" owner="random-user-service">
<kw name="GET On Session" owner="RequestsLibrary">
<msg time="2024-05-15T17:14:10.891521" level="INFO">GET Request : url=https://randomuser.me/api 
 path_url=/api 
 headers={'User-Agent': 'python-requests/2.31.0', 'Accept-Encoding': 'gzip, deflate', 'Accept': '*/*', 'Connection': 'keep-alive'} 
 body=None 
 </msg>
<msg time="2024-05-15T17:14:10.891600" level="INFO">GET Response : url=https://randomuser.me/api 
 status=200, reason=OK 
 headers={'Date': 'Wed, 15 May 2024 17:14:10 GMT', 'Content-Type': 'application/json; charset=utf-8', 'Transfer-Encoding': 'chunked', 'Connection': 'keep-alive', 'X-Powered-By': 'Express', 'Access-Control-Allow-Origin': '*', 'Cache-Control': 'no-cache', 'ETag': 'W/"4a1-JY+mc8e4rvWbMt+8EhghYkgXxqc"', 'Vary': 'Accept-Encoding', 'Content-Encoding': 'gzip', 'CF-Cache-Status': 'DYNAMIC', 'Report-To': '{"endpoints":[{"url":"https:\\/\\/a.nel.cloudflare.com\\/report\\/v4?s=aVW9EXfF0Goti%2BA%2FzYm3EB6EalgNce6I7qEAI4VRs2zNes8s3iO8FskNF3lf%2F9innjEn4xj8Y97lh2wnugvkF1VdZ2tHrsjSorxCgEl5%2BTZ7tuujeonLeCjrdtmSzpeG"}],"group":"cf-nel","max_age":604800}', 'NEL': '{"success_fraction":0,"report_to":"cf-nel","max_age":604800}', 'Server': 'cloudflare', 'CF-RAY': '8844c349dbb17004-IAD', 'alt-svc': 'h3=":443"; ma=86400'} 
 body={"results":[{"gender":"female","name":{"title":"Ms","first":"Pulheriya","last":"Kucheryavenko"},"location":{"street":{"number":6312,"name":"Ozerniy provulok"},"city":"Starobilsk","state":"Kiyivska","country":"Ukraine","postcode":20916,"coordinates":{"latitude":"77.5315","longitude":"14.7092"},"timezone":{"offset":"+4:00","description":"Abu Dhabi, Muscat, Baku, Tbilisi"}},"email":"pulheriya.kucheryavenko@example.com","login":{"uuid":"a7b9aad6-1d19-418f-9044-5931e1d8b3f0","username":"goldenfrog656","password":"darius","salt":"YeKgH0ua","md5":"05c0d431fd9bfb7d45c46b6187b52e42","sha1":"1da66aff9db8ee27908a72e463055ad021cf1f54","sha256":"957e74eb0a08da69ceda366721cd825b667e9483e0b407d94fef29ed33e39579"},"dob":{"date":"1955-12-28T09:51:07.366Z","age":68},"registered":{"date":"2004-08-21T22:51:33.239Z","age":19},"phone":"(066) V56-1904","cell":"(068) O25-5450","id":{"name":"","value":null},"picture":{"large":"https://randomuser.me/api/portraits/women/85.jpg","medium":"https://randomuser.me/api/portraits/med/women/85.jpg","thumbnail":"https://randomuser.me/api/portraits/thumb/women/85.jpg"},"nat":"UA"}],"info":{"seed":"a154f9ef478b44b5","results":1,"page":1,"version":"1.4"}} 
 </msg>
<msg time="2024-05-15T17:14:10.891670" level="INFO">/opt/hostedtoolcache/Python/3.12.3/x64/lib/python3.12/site-packages/urllib3/connectionpool.py:1103: InsecureRequestWarning: Unverified HTTPS request is being made to host 'randomuser.me'. Adding certificate verification is strongly advised. See: https://urllib3.readthedocs.io/en/latest/advanced-usage.html#tls-warnings
  warnings.warn(</msg>
<msg time="2024-05-15T17:14:10.891775" level="INFO">${response} = &lt;Response [200]&gt;</msg>
<var>${response}</var>
<arg>consultarAPI</arg>
<arg>/api</arg>
<doc>Sends a GET request on a previously created HTTP Session.</doc>
<status status="PASS" start="2024-05-15T17:14:10.850896" elapsed="0.040928"/>
</kw>
<kw name="Set Variable" owner="BuiltIn">
<msg time="2024-05-15T17:14:10.892929" level="INFO">${json_data} = {'results': [{'gender': 'female', 'name': {'title': 'Ms', 'first': 'Pulheriya', 'last': 'Kucheryavenko'}, 'location': {'street': {'number': 6312, 'name': 'Ozerniy provulok'}, 'city': 'Starobilsk', 'st...</msg>
<var>${json_data}</var>
<arg>${response.json()}</arg>
<doc>Returns the given values which can then be assigned to a variables.</doc>
<status status="PASS" start="2024-05-15T17:14:10.892360" elapsed="0.000596"/>
</kw>
<kw name="Log" owner="BuiltIn">
<msg time="2024-05-15T17:14:10.893409" level="INFO">{'results': [{'gender': 'female', 'name': {'title': 'Ms', 'first': 'Pulheriya', 'last': 'Kucheryavenko'}, 'location': {'street': {'number': 6312, 'name': 'Ozerniy provulok'}, 'city': 'Starobilsk', 'state': 'Kiyivska', 'country': 'Ukraine', 'postcode': 20916, 'coordinates': {'latitude': '77.5315', 'longitude': '14.7092'}, 'timezone': {'offset': '+4:00', 'description': 'Abu Dhabi, Muscat, Baku, Tbilisi'}}, 'email': 'pulheriya.kucheryavenko@example.com', 'login': {'uuid': 'a7b9aad6-1d19-418f-9044-5931e1d8b3f0', 'username': 'goldenfrog656', 'password': 'darius', 'salt': 'YeKgH0ua', 'md5': '05c0d431fd9bfb7d45c46b6187b52e42', 'sha1': '1da66aff9db8ee27908a72e463055ad021cf1f54', 'sha256': '957e74eb0a08da69ceda366721cd825b667e9483e0b407d94fef29ed33e39579'}, 'dob': {'date': '1955-12-28T09:51:07.366Z', 'age': 68}, 'registered': {'date': '2004-08-21T22:51:33.239Z', 'age': 19}, 'phone': '(066) V56-1904', 'cell': '(068) O25-5450', 'id': {'name': '', 'value': None}, 'picture': {'large': 'https://randomuser.me/api/portraits/women/85.jpg', 'medium': 'https://randomuser.me/api/portraits/med/women/85.jpg', 'thumbnail': 'https://randomuser.me/api/portraits/thumb/women/85.jpg'}, 'nat': 'UA'}], 'info': {'seed': 'a154f9ef478b44b5', 'results': 1, 'page': 1, 'version': '1.4'}}</msg>
<arg>${json_data}</arg>
<doc>Logs the given message with the given level.</doc>
<status status="PASS" start="2024-05-15T17:14:10.893258" elapsed="0.000228"/>
</kw>
<kw name="Should Be String" owner="String">
<arg>${json_data['results'][0]['gender']}</arg>
<doc>Fails if the given ``item`` is not a string.</doc>
<status status="PASS" start="2024-05-15T17:14:10.893780" elapsed="0.000355"/>
</kw>
<kw name="Should Match Regexp" owner="BuiltIn">
<arg>${json_data['results'][0]['email']}</arg>
<arg>^[a-zA-Z0-9._%+-]+@[a-zA-Z0-9.-]+\.[a-zA-Z]{2,}$</arg>
<doc>Fails if ``string`` does not match ``pattern`` as a regular expression.</doc>
<status status="PASS" start="2024-05-15T17:14:10.894325" elapsed="0.000546"/>
</kw>
<kw name="Should Match Regexp" owner="BuiltIn">
<arg>${json_data['results'][0]['dob']['date']}</arg>
<arg>\\d{4}-\\d{2}-\\d{2}T\\d{2}:\\d{2}:\\d{2}\\.\\d{3}Z</arg>
<doc>Fails if ``string`` does not match ``pattern`` as a regular expression.</doc>
<status status="PASS" start="2024-05-15T17:14:10.895065" elapsed="0.000489"/>
</kw>
<kw name="Should Match Regexp" owner="BuiltIn">
<arg>${json_data['results'][0]['registered']['date']}</arg>
<arg>\\d{4}-\\d{2}-\\d{2}T\\d{2}:\\d{2}:\\d{2}\\.\\d{3}Z</arg>
<doc>Fails if ``string`` does not match ``pattern`` as a regular expression.</doc>
<status status="PASS" start="2024-05-15T17:14:10.895744" elapsed="0.000362"/>
</kw>
<kw name="Should Match Regexp" owner="BuiltIn">
<arg>${json_data['results'][0]['picture']['large']}</arg>
<arg>^https?://.*\.(?:png|jpe?g|gif|bmp)$</arg>
<doc>Fails if ``string`` does not match ``pattern`` as a regular expression.</doc>
<status status="PASS" start="2024-05-15T17:14:10.896290" elapsed="0.000471"/>
</kw>
<kw name="Should Match Regexp" owner="BuiltIn">
<arg>${json_data['results'][0]['picture']['medium']}</arg>
<arg>^https?://.*\.(?:png|jpe?g|gif|bmp)$</arg>
<doc>Fails if ``string`` does not match ``pattern`` as a regular expression.</doc>
<status status="PASS" start="2024-05-15T17:14:10.896948" elapsed="0.000355"/>
</kw>
<kw name="Should Match Regexp" owner="BuiltIn">
<arg>${json_data['results'][0]['picture']['thumbnail']}</arg>
<arg>^https?://.*\.(?:png|jpe?g|gif|bmp)$</arg>
<doc>Fails if ``string`` does not match ``pattern`` as a regular expression.</doc>
<status status="PASS" start="2024-05-15T17:14:10.897490" elapsed="0.000347"/>
</kw>
<kw name="Log" owner="BuiltIn">
<msg time="2024-05-15T17:14:10.898340" level="INFO">{'large': 'https://randomuser.me/api/portraits/women/85.jpg', 'medium': 'https://randomuser.me/api/portraits/med/women/85.jpg', 'thumbnail': 'https://randomuser.me/api/portraits/thumb/women/85.jpg'}</msg>
<arg>${json_data['results'][0]['picture']}</arg>
<doc>Logs the given message with the given level.</doc>
<status status="PASS" start="2024-05-15T17:14:10.898017" elapsed="0.000363"/>
</kw>
<status status="PASS" start="2024-05-15T17:14:10.850669" elapsed="0.047995"/>
</kw>
<kw name="Teste de Tipos de Dados - Postcode" owner="random-user-service">
<kw name="GET On Session" owner="RequestsLibrary">
<msg time="2024-05-15T17:14:11.007760" level="INFO">GET Request : url=https://randomuser.me/api 
 path_url=/api 
 headers={'User-Agent': 'python-requests/2.31.0', 'Accept-Encoding': 'gzip, deflate', 'Accept': '*/*', 'Connection': 'keep-alive'} 
 body=None 
 </msg>
<msg time="2024-05-15T17:14:11.007859" level="INFO">GET Response : url=https://randomuser.me/api 
 status=200, reason=OK 
 headers={'Date': 'Wed, 15 May 2024 17:14:11 GMT', 'Content-Type': 'application/json; charset=utf-8', 'Transfer-Encoding': 'chunked', 'Connection': 'keep-alive', 'X-Powered-By': 'Express', 'Access-Control-Allow-Origin': '*', 'Cache-Control': 'no-cache', 'ETag': 'W/"484-7/WK8osZIb2Ck2T1YEQm/SycRLY"', 'Vary': 'Accept-Encoding', 'Content-Encoding': 'gzip', 'CF-Cache-Status': 'DYNAMIC', 'Report-To': '{"endpoints":[{"url":"https:\\/\\/a.nel.cloudflare.com\\/report\\/v4?s=AdMUVW7T2xz3JLGJpMtMYbX2Pbk2tuy4FCZoA2pkVfTIhyPiEbLCyiZ9HRNvL8cmill5fyKO7L%2FFYizutQb22K9jN%2BESTXfYX5RTgQnDpT%2FWt90l3QsHimxG1rvLxpXu"}],"group":"cf-nel","max_age":604800}', 'NEL': '{"success_fraction":0,"report_to":"cf-nel","max_age":604800}', 'Server': 'cloudflare', 'CF-RAY': '8844c34a2c0d7004-IAD', 'alt-svc': 'h3=":443"; ma=86400'} 
 body={"results":[{"gender":"male","name":{"title":"Mr","first":"Yarosvit","last":"Sorochinskiy"},"location":{"street":{"number":5874,"name":"Akademika Pavlova"},"city":"Novoazovsk","state":"Ivano-Frankivska","country":"Ukraine","postcode":78260,"coordinates":{"latitude":"74.7867","longitude":"-146.2073"},"timezone":{"offset":"-10:00","description":"Hawaii"}},"email":"yarosvit.sorochinskiy@example.com","login":{"uuid":"fc19a95c-d8e8-4564-ab7b-88d771656f52","username":"heavypanda568","password":"ping","salt":"YI5HvAry","md5":"bac640e318db5f97e49d379cb36b45bf","sha1":"90f8c7291bbbc084f2f0f0149884e25cc35cd20e","sha256":"e9e99fc63fe201193388de7d466e1b5eff576e4ccbb85c8a474063dfd1cb8eef"},"dob":{"date":"1973-06-03T16:58:57.767Z","age":50},"registered":{"date":"2018-10-13T08:24:22.130Z","age":5},"phone":"(096) C43-3931","cell":"(067) X79-1702","id":{"name":"","value":null},"picture":{"large":"https://randomuser.me/api/portraits/men/49.jpg","medium":"https://randomuser.me/api/portraits/med/men/49.jpg","thumbnail":"https://randomuser.me/api/portraits/thumb/men/49.jpg"},"nat":"UA"}],"info":{"seed":"6c15c8d3b292adfd","results":1,"page":1,"version":"1.4"}} 
 </msg>
<msg time="2024-05-15T17:14:11.007929" level="INFO">/opt/hostedtoolcache/Python/3.12.3/x64/lib/python3.12/site-packages/urllib3/connectionpool.py:1103: InsecureRequestWarning: Unverified HTTPS request is being made to host 'randomuser.me'. Adding certificate verification is strongly advised. See: https://urllib3.readthedocs.io/en/latest/advanced-usage.html#tls-warnings
  warnings.warn(</msg>
<msg time="2024-05-15T17:14:11.008051" level="INFO">${response} = &lt;Response [200]&gt;</msg>
<var>${response}</var>
<arg>consultarAPI</arg>
<arg>/api</arg>
<doc>Sends a GET request on a previously created HTTP Session.</doc>
<status status="PASS" start="2024-05-15T17:14:10.899101" elapsed="0.108989"/>
</kw>
<kw name="Set Variable" owner="BuiltIn">
<msg time="2024-05-15T17:14:11.009294" level="INFO">${json_data} = {'results': [{'gender': 'male', 'name': {'title': 'Mr', 'first': 'Yarosvit', 'last': 'Sorochinskiy'}, 'location': {'street': {'number': 5874, 'name': 'Akademika Pavlova'}, 'city': 'Novoazovsk', 'state...</msg>
<var>${json_data}</var>
<arg>${response.json()}</arg>
<doc>Returns the given values which can then be assigned to a variables.</doc>
<status status="PASS" start="2024-05-15T17:14:11.008720" elapsed="0.000602"/>
</kw>
<kw name="Log" owner="BuiltIn">
<msg time="2024-05-15T17:14:11.009788" level="INFO">{'results': [{'gender': 'male', 'name': {'title': 'Mr', 'first': 'Yarosvit', 'last': 'Sorochinskiy'}, 'location': {'street': {'number': 5874, 'name': 'Akademika Pavlova'}, 'city': 'Novoazovsk', 'state': 'Ivano-Frankivska', 'country': 'Ukraine', 'postcode': 78260, 'coordinates': {'latitude': '74.7867', 'longitude': '-146.2073'}, 'timezone': {'offset': '-10:00', 'description': 'Hawaii'}}, 'email': 'yarosvit.sorochinskiy@example.com', 'login': {'uuid': 'fc19a95c-d8e8-4564-ab7b-88d771656f52', 'username': 'heavypanda568', 'password': 'ping', 'salt': 'YI5HvAry', 'md5': 'bac640e318db5f97e49d379cb36b45bf', 'sha1': '90f8c7291bbbc084f2f0f0149884e25cc35cd20e', 'sha256': 'e9e99fc63fe201193388de7d466e1b5eff576e4ccbb85c8a474063dfd1cb8eef'}, 'dob': {'date': '1973-06-03T16:58:57.767Z', 'age': 50}, 'registered': {'date': '2018-10-13T08:24:22.130Z', 'age': 5}, 'phone': '(096) C43-3931', 'cell': '(067) X79-1702', 'id': {'name': '', 'value': None}, 'picture': {'large': 'https://randomuser.me/api/portraits/men/49.jpg', 'medium': 'https://randomuser.me/api/portraits/med/men/49.jpg', 'thumbnail': 'https://randomuser.me/api/portraits/thumb/men/49.jpg'}, 'nat': 'UA'}], 'info': {'seed': '6c15c8d3b292adfd', 'results': 1, 'page': 1, 'version': '1.4'}}</msg>
<arg>${json_data}</arg>
<doc>Logs the given message with the given level.</doc>
<status status="PASS" start="2024-05-15T17:14:11.009633" elapsed="0.000238"/>
</kw>
<kw name="Should Be Equal As Numbers" owner="BuiltIn">
<arg>${json_data['results'][0]['location']['postcode']}</arg>
<arg>${json_data['results'][0]['location']['postcode']}</arg>
<doc>Fails if objects are unequal after converting them to real numbers.</doc>
<status status="PASS" start="2024-05-15T17:14:11.010167" elapsed="0.000871"/>
</kw>
<kw name="Log" owner="BuiltIn">
<msg time="2024-05-15T17:14:11.011574" level="INFO">78260</msg>
<arg>${json_data['results'][0]['location']['postcode']}</arg>
<doc>Logs the given message with the given level.</doc>
<status status="PASS" start="2024-05-15T17:14:11.011234" elapsed="0.000379"/>
</kw>
<status status="PASS" start="2024-05-15T17:14:10.898881" elapsed="0.112987"/>
</kw>
<doc>Testa se os tipos de dados na resposta da API estão corretos.</doc>
<tag>testeTiposDados</tag>
<status status="PASS" start="2024-05-15T17:14:10.850170" elapsed="0.161867"/>
</test>
<test id="s1-s1-t5" name="Validar conteudo" line="35">
<kw name="Teste de Tipos de Conteudo" owner="random-user-service">
<kw name="GET On Session" owner="RequestsLibrary">
<msg time="2024-05-15T17:14:11.093872" level="INFO">GET Request : url=https://randomuser.me/api 
 path_url=/api 
 headers={'User-Agent': 'python-requests/2.31.0', 'Accept-Encoding': 'gzip, deflate', 'Accept': '*/*', 'Connection': 'keep-alive'} 
 body=None 
 </msg>
<msg time="2024-05-15T17:14:11.093971" level="INFO">GET Response : url=https://randomuser.me/api 
 status=200, reason=OK 
 headers={'Date': 'Wed, 15 May 2024 17:14:11 GMT', 'Content-Type': 'application/json; charset=utf-8', 'Transfer-Encoding': 'chunked', 'Connection': 'keep-alive', 'X-Powered-By': 'Express', 'Access-Control-Allow-Origin': '*', 'Cache-Control': 'no-cache', 'ETag': 'W/"48c-yj+2HpCBwlJD0rNCG1Ahywxj5tk"', 'Vary': 'Accept-Encoding', 'Content-Encoding': 'gzip', 'CF-Cache-Status': 'DYNAMIC', 'Report-To': '{"endpoints":[{"url":"https:\\/\\/a.nel.cloudflare.com\\/report\\/v4?s=843rcxAntP8Kyjff3v7zbQZ1PAe%2FmeCyJ%2F7TE4kP65XBxP9giW2GESs4cyInmDpPopywzga6TDQuHJahB689cNQTm%2FMUyJbuJkiuSLhhfdII1zKnMU4zcLzKb6zmimGj"}],"group":"cf-nel","max_age":604800}', 'NEL': '{"success_fraction":0,"report_to":"cf-nel","max_age":604800}', 'Server': 'cloudflare', 'CF-RAY': '8844c34add197004-IAD', 'alt-svc': 'h3=":443"; ma=86400'} 
 body={"results":[{"gender":"female","name":{"title":"Ms","first":"Maja","last":"Teodosić"},"location":{"street":{"number":7262,"name":"Mihaila ćupovića"},"city":"Čoka","state":"Pčinja","country":"Serbia","postcode":88004,"coordinates":{"latitude":"59.7397","longitude":"59.4929"},"timezone":{"offset":"+9:00","description":"Tokyo, Seoul, Osaka, Sapporo, Yakutsk"}},"email":"maja.teodosic@example.com","login":{"uuid":"7dceb73a-dac2-4268-888b-05a01115cc39","username":"sadbear436","password":"kume","salt":"QXjkAIcI","md5":"2fcbfb2d4f9b76a8dcefc03885aefd78","sha1":"d31fe1d1a580bf31a6a69b5e711971b001ea627f","sha256":"67faf758d0f5881ba7a8630b1e52038d01431f7e34863157400accd6326aeef9"},"dob":{"date":"1980-02-22T07:14:10.059Z","age":44},"registered":{"date":"2002-04-07T13:24:57.940Z","age":22},"phone":"011-3781-563","cell":"061-9695-499","id":{"name":"SID","value":"133244355"},"picture":{"large":"https://randomuser.me/api/portraits/women/8.jpg","medium":"https://randomuser.me/api/portraits/med/women/8.jpg","thumbnail":"https://randomuser.me/api/portraits/thumb/women/8.jpg"},"nat":"RS"}],"info":{"seed":"3ddca91771a5bd3d","results":1,"page":1,"version":"1.4"}} 
 </msg>
<msg time="2024-05-15T17:14:11.094044" level="INFO">/opt/hostedtoolcache/Python/3.12.3/x64/lib/python3.12/site-packages/urllib3/connectionpool.py:1103: InsecureRequestWarning: Unverified HTTPS request is being made to host 'randomuser.me'. Adding certificate verification is strongly advised. See: https://urllib3.readthedocs.io/en/latest/advanced-usage.html#tls-warnings
  warnings.warn(</msg>
<msg time="2024-05-15T17:14:11.094170" level="INFO">${response} = &lt;Response [200]&gt;</msg>
<var>${response}</var>
<arg>consultarAPI</arg>
<arg>/api</arg>
<doc>Sends a GET request on a previously created HTTP Session.</doc>
<status status="PASS" start="2024-05-15T17:14:11.014578" elapsed="0.079632"/>
</kw>
<kw name="Set Variable" owner="BuiltIn">
<msg time="2024-05-15T17:14:11.095440" level="INFO">${json_data} = {'results': [{'gender': 'female', 'name': {'title': 'Ms', 'first': 'Maja', 'last': 'Teodosić'}, 'location': {'street': {'number': 7262, 'name': 'Mihaila ćupovića'}, 'city': 'Čoka', 'state': 'Pčinja', ...</msg>
<var>${json_data}</var>
<arg>${response.json()}</arg>
<doc>Returns the given values which can then be assigned to a variables.</doc>
<status status="PASS" start="2024-05-15T17:14:11.094877" elapsed="0.000593"/>
</kw>
<kw name="Set Variable" owner="BuiltIn">
<msg time="2024-05-15T17:14:11.096174" level="INFO">${name_title} = Ms</msg>
<var>${name_title}</var>
<arg>${json_data["results"][0]["name"]["title"]}</arg>
<doc>Returns the given values which can then be assigned to a variables.</doc>
<status status="PASS" start="2024-05-15T17:14:11.095786" elapsed="0.000413"/>
</kw>
<kw name="Create List" owner="BuiltIn">
<msg time="2024-05-15T17:14:11.096640" level="INFO">${allowed_titles} = ['Mr', 'Ms', 'Miss', 'Mrs', 'Madame', 'Monsieur']</msg>
<var>${allowed_titles}</var>
<arg>Mr</arg>
<arg>Ms</arg>
<arg>Miss</arg>
<arg>Mrs</arg>
<arg>Madame</arg>
<arg>Monsieur</arg>
<doc>Returns a list containing given items.</doc>
<status status="PASS" start="2024-05-15T17:14:11.096494" elapsed="0.000169"/>
</kw>
<kw name="List Should Contain Value" owner="Collections">
<msg time="2024-05-15T17:14:11.097134" level="INFO">False</msg>
<arg>${allowed_titles}</arg>
<arg>${name_title}</arg>
<doc>Fails if the ``value`` is not found from ``list``.</doc>
<status status="PASS" start="2024-05-15T17:14:11.096962" elapsed="0.000209"/>
</kw>
<kw name="Set Variable" owner="BuiltIn">
<msg time="2024-05-15T17:14:11.097836" level="INFO">${name_country} = RS</msg>
<var>${name_country}</var>
<arg>${json_data["results"][0]["nat"]}</arg>
<doc>Returns the given values which can then be assigned to a variables.</doc>
<status status="PASS" start="2024-05-15T17:14:11.097458" elapsed="0.000403"/>
</kw>
<kw name="Create List" owner="BuiltIn">
<msg time="2024-05-15T17:14:11.098768" level="INFO">${list_country} = ['AD', 'AE', 'AF', 'AG', 'AI', 'AL', 'AM', 'AO', 'AQ', 'AR', 'AS', 'AT', 'AU', 'AW', 'AX', 'AZ', 'BA', 'BB', 'BD', 'BE', 'BF', 'BG', 'BH', 'BI', 'BJ', 'BL', 'BM', 'BN', 'BO', 'BQ', 'BR', 'BS', 'BT', '...</msg>
<var>${list_country}</var>
<arg>AD</arg>
<arg>AE</arg>
<arg>AF</arg>
<arg>AG</arg>
<arg>AI</arg>
<arg>AL</arg>
<arg>AM</arg>
<arg>AO</arg>
<arg>AQ</arg>
<arg>AR</arg>
<arg>AS</arg>
<arg>AT</arg>
<arg>AU</arg>
<arg>AW</arg>
<arg>AX</arg>
<arg>AZ</arg>
<arg>BA</arg>
<arg>BB</arg>
<arg>BD</arg>
<arg>BE</arg>
<arg>BF</arg>
<arg>BG</arg>
<arg>BH</arg>
<arg>BI</arg>
<arg>BJ</arg>
<arg>BL</arg>
<arg>BM</arg>
<arg>BN</arg>
<arg>BO</arg>
<arg>BQ</arg>
<arg>BR</arg>
<arg>BS</arg>
<arg>BT</arg>
<arg>BV</arg>
<arg>BW</arg>
<arg>BY</arg>
<arg>BZ</arg>
<arg>CA</arg>
<arg>CC</arg>
<arg>CD</arg>
<arg>CF</arg>
<arg>CG</arg>
<arg>CH</arg>
<arg>CI</arg>
<arg>CK</arg>
<arg>CL</arg>
<arg>CM</arg>
<arg>CN</arg>
<arg>CO</arg>
<arg>CR</arg>
<arg>CU</arg>
<arg>CV</arg>
<arg>CW</arg>
<arg>CX</arg>
<arg>CY</arg>
<arg>CZ</arg>
<arg>DE</arg>
<arg>DJ</arg>
<arg>DK</arg>
<arg>DM</arg>
<arg>DO</arg>
<arg>DZ</arg>
<arg>EC</arg>
<arg>EE</arg>
<arg>EG</arg>
<arg>EH</arg>
<arg>ER</arg>
<arg>ES</arg>
<arg>ET</arg>
<arg>FI</arg>
<arg>FJ</arg>
<arg>FK</arg>
<arg>FM</arg>
<arg>FO</arg>
<arg>FR</arg>
<arg>GA</arg>
<arg>GB</arg>
<arg>GD</arg>
<arg>GE</arg>
<arg>GF</arg>
<arg>GG</arg>
<arg>GH</arg>
<arg>GI</arg>
<arg>GL</arg>
<arg>GM</arg>
<arg>GN</arg>
<arg>GP</arg>
<arg>GQ</arg>
<arg>GR</arg>
<arg>GS</arg>
<arg>GT</arg>
<arg>GU</arg>
<arg>GW</arg>
<arg>GY</arg>
<arg>HK</arg>
<arg>HM</arg>
<arg>HN</arg>
<arg>HR</arg>
<arg>HT</arg>
<arg>HU</arg>
<arg>ID</arg>
<arg>IE</arg>
<arg>IL</arg>
<arg>IM</arg>
<arg>IN</arg>
<arg>IO</arg>
<arg>IQ</arg>
<arg>IR</arg>
<arg>IS</arg>
<arg>IT</arg>
<arg>JE</arg>
<arg>JM</arg>
<arg>JO</arg>
<arg>JP</arg>
<arg>KE</arg>
<arg>KG</arg>
<arg>KH</arg>
<arg>KI</arg>
<arg>KM</arg>
<arg>KN</arg>
<arg>KP</arg>
<arg>KR</arg>
<arg>KW</arg>
<arg>KY</arg>
<arg>KZ</arg>
<arg>LA</arg>
<arg>LB</arg>
<arg>LC</arg>
<arg>LI</arg>
<arg>LK</arg>
<arg>LR</arg>
<arg>LS</arg>
<arg>LT</arg>
<arg>LU</arg>
<arg>LV</arg>
<arg>LY</arg>
<arg>MA</arg>
<arg>MC</arg>
<arg>MD</arg>
<arg>ME</arg>
<arg>MF</arg>
<arg>MG</arg>
<arg>MH</arg>
<arg>MK</arg>
<arg>ML</arg>
<arg>MM</arg>
<arg>MN</arg>
<arg>MO</arg>
<arg>MP</arg>
<arg>MQ</arg>
<arg>MR</arg>
<arg>MS</arg>
<arg>MT</arg>
<arg>MU</arg>
<arg>MV</arg>
<arg>MW</arg>
<arg>MX</arg>
<arg>MY</arg>
<arg>MZ</arg>
<arg>NA</arg>
<arg>NC</arg>
<arg>NE</arg>
<arg>NF</arg>
<arg>NG</arg>
<arg>NI</arg>
<arg>NL</arg>
<arg>NO</arg>
<arg>NP</arg>
<arg>NR</arg>
<arg>NU</arg>
<arg>NZ</arg>
<arg>OM</arg>
<arg>PA</arg>
<arg>PE</arg>
<arg>PF</arg>
<arg>PG</arg>
<arg>PH</arg>
<arg>PK</arg>
<arg>PL</arg>
<arg>PM</arg>
<arg>PN</arg>
<arg>PR</arg>
<arg>PS</arg>
<arg>PT</arg>
<arg>PW</arg>
<arg>PY</arg>
<arg>QA</arg>
<arg>RE</arg>
<arg>RO</arg>
<arg>RS</arg>
<arg>RU</arg>
<arg>RW</arg>
<arg>SA</arg>
<arg>SB</arg>
<arg>SC</arg>
<arg>SD</arg>
<arg>SE</arg>
<arg>SG</arg>
<arg>SH</arg>
<arg>SI</arg>
<arg>SJ</arg>
<arg>SK</arg>
<arg>SL</arg>
<arg>SM</arg>
<arg>SN</arg>
<arg>SO</arg>
<arg>SR</arg>
<arg>SS</arg>
<arg>ST</arg>
<arg>SV</arg>
<arg>SX</arg>
<arg>SY</arg>
<arg>SZ</arg>
<arg>TC</arg>
<arg>TD</arg>
<arg>TF</arg>
<arg>TG</arg>
<arg>TH</arg>
<arg>TJ</arg>
<arg>TK</arg>
<arg>TL</arg>
<arg>TM</arg>
<arg>TN</arg>
<arg>TO</arg>
<arg>TR</arg>
<arg>TT</arg>
<arg>TV</arg>
<arg>TW</arg>
<arg>TZ</arg>
<arg>UA</arg>
<arg>UG</arg>
<arg>UM</arg>
<arg>US</arg>
<arg>UY</arg>
<arg>UZ</arg>
<arg>VA</arg>
<arg>VC</arg>
<arg>VE</arg>
<arg>VG</arg>
<arg>VI</arg>
<arg>VN</arg>
<arg>VU</arg>
<arg>WF</arg>
<arg>WS</arg>
<arg>XK</arg>
<arg>YE</arg>
<arg>YT</arg>
<arg>ZA</arg>
<arg>ZM</arg>
<arg>ZW</arg>
<doc>Returns a list containing given items.</doc>
<status status="PASS" start="2024-05-15T17:14:11.098157" elapsed="0.000637"/>
</kw>
<kw name="List Should Contain Value" owner="Collections">
<msg time="2024-05-15T17:14:11.099797" level="INFO">False</msg>
<arg>${list_country}</arg>
<arg>${name_country}</arg>
<doc>Fails if the ``value`` is not found from ``list``.</doc>
<status status="PASS" start="2024-05-15T17:14:11.099595" elapsed="0.000237"/>
</kw>
<kw name="Run Keyword If" owner="BuiltIn">
<kw name="Should Be True" owner="BuiltIn">
<arg>${True}</arg>
<doc>Fails if the given condition is not true.</doc>
<status status="PASS" start="2024-05-15T17:14:11.100899" elapsed="0.000143"/>
</kw>
<arg>${json_data["results"][0]["location"]["coordinates"]["latitude"]} &gt;= -90 and ${json_data["results"][0]["location"]["coordinates"]["latitude"]} &lt;= 90</arg>
<arg>Should Be True</arg>
<arg>${True}</arg>
<doc>Runs the given keyword with the given arguments, if ``condition`` is true.</doc>
<status status="PASS" start="2024-05-15T17:14:11.100142" elapsed="0.001029"/>
</kw>
<kw name="Run Keyword If" owner="BuiltIn">
<kw name="Should Be True" owner="BuiltIn">
<arg>${True}</arg>
<doc>Fails if the given condition is not true.</doc>
<status status="PASS" start="2024-05-15T17:14:11.102044" elapsed="0.000257"/>
</kw>
<arg>${json_data["results"][0]["location"]["coordinates"]["longitude"]} &gt;= -180 and ${json_data["results"][0]["location"]["coordinates"]["longitude"]} &lt;= 180</arg>
<arg>Should Be True</arg>
<arg>${True}</arg>
<doc>Runs the given keyword with the given arguments, if ``condition`` is true.</doc>
<status status="PASS" start="2024-05-15T17:14:11.101357" elapsed="0.001096"/>
</kw>
<status status="PASS" start="2024-05-15T17:14:11.014314" elapsed="0.088277"/>
</kw>
<doc>Testa o conteúdo específico dos campos retornados pela API.</doc>
<tag>testeConteudo</tag>
<status status="PASS" start="2024-05-15T17:14:11.013776" elapsed="0.088970"/>
</test>
<status status="PASS" start="2024-05-15T17:14:09.445772" elapsed="1.658974"/>
</suite>
<status status="PASS" start="2024-05-15T17:14:09.432452" elapsed="1.677452"/>
</suite>
<statistics>
<total>
<stat pass="5" fail="0" skip="0">All Tests</stat>
</total>
<tag>
<stat pass="1" fail="0" skip="0">testeConteudo</stat>
<stat pass="1" fail="0" skip="0">testeEstruturaResposta</stat>
<stat pass="1" fail="0" skip="0">testeRequisicaoBasica</stat>
<stat pass="1" fail="0" skip="0">testeTiposDados</stat>
</tag>
<suite>
<stat pass="5" fail="0" skip="0" id="s1" name="Tests">Tests</stat>
<stat pass="5" fail="0" skip="0" id="s1-s1" name="Random-User-Test">Tests.Random-User-Test</stat>
</suite>
</statistics>
<errors>
</errors>
</robot>
