<?xml version="1.0" encoding="UTF-8"?>
<robot generator="Robot 7.0.1 (Python 3.12.4 on linux)" generated="2024-08-09T04:18:43.289580" rpa="false" schemaversion="5">
<suite id="s1" name="Tests" source="/home/runner/work/ApiRandomUser/ApiRandomUser/RamdonUser/tests">
<suite id="s1-s1" name="Random-User-Test" source="/home/runner/work/ApiRandomUser/ApiRandomUser/RamdonUser/tests/random-user-test.robot">
<test id="s1-s1-t1" name="Conectar" line="13">
<kw name="Conectar API" owner="random-user-service">
<kw name="Create Session" owner="RequestsLibrary">
<msg time="2024-08-09T04:18:43.680472" level="INFO">Creating Session using : alias=consultarAPI, url=https://randomuser.me/, headers={},                     cookies={}, auth=None, timeout=None, proxies=None, verify=False,                     debug=0 </msg>
<arg>consultarAPI</arg>
<arg>${URL}</arg>
<doc>Create Session: create a HTTP session to a server</doc>
<status status="PASS" start="2024-08-09T04:18:43.680281" elapsed="0.000373"/>
</kw>
<status status="PASS" start="2024-08-09T04:18:43.679271" elapsed="0.001729"/>
</kw>
<status status="PASS" start="2024-08-09T04:18:43.678750" elapsed="0.002441"/>
</test>
<test id="s1-s1-t2" name="Validar retorno 200 e JSON Válido" line="16">
<kw name="Teste de Requisicao Basica" owner="random-user-service">
<kw name="GET On Session" owner="RequestsLibrary">
<msg time="2024-08-09T04:18:43.993412" level="INFO">GET Request : url=https://randomuser.me/api 
 path_url=/api 
 headers={'User-Agent': 'python-requests/2.32.3', 'Accept-Encoding': 'gzip, deflate', 'Accept': '*/*', 'Connection': 'keep-alive'} 
 body=None 
 </msg>
<msg time="2024-08-09T04:18:43.993571" level="INFO">GET Response : url=https://randomuser.me/api 
 status=200, reason=OK 
 headers={'Date': 'Fri, 09 Aug 2024 04:18:43 GMT', 'Content-Type': 'application/json; charset=utf-8', 'Transfer-Encoding': 'chunked', 'Connection': 'keep-alive', 'X-Powered-By': 'Express', 'Access-Control-Allow-Origin': '*', 'Cache-Control': 'no-cache', 'ETag': 'W/"494-j9dvYuoipA9wLutc4j/lizEqaKQ"', 'Vary': 'Accept-Encoding', 'Content-Encoding': 'gzip', 'CF-Cache-Status': 'DYNAMIC', 'Report-To': '{"endpoints":[{"url":"https:\\/\\/a.nel.cloudflare.com\\/report\\/v4?s=bARIl80eNXoOMnlNzUXIYQ6M%2BiWCMCS3XgP96kCCqt18iNF7zVBtc9u54EwtRiYWdQItKM%2BCdMA5x6KJ4gTkDRMQlH5Nj1mwtLitUPftp4MHUfqluVEw3496CT1Z9rNV"}],"group":"cf-nel","max_age":604800}', 'NEL': '{"success_fraction":0,"report_to":"cf-nel","max_age":604800}', 'Server': 'cloudflare', 'CF-RAY': '8b04f19f39fd5c21-SJC', 'alt-svc': 'h3=":443"; ma=86400'} 
 body={"results":[{"gender":"female","name":{"title":"Ms","first":"Claire","last":"Young"},"location":{"street":{"number":3407,"name":"W Gray St"},"city":"Townsville","state":"Queensland","country":"Australia","postcode":8515,"coordinates":{"latitude":"-81.6328","longitude":"136.2984"},"timezone":{"offset":"+10:00","description":"Eastern Australia, Guam, Vladivostok"}},"email":"claire.young@example.com","login":{"uuid":"3fcf5ed6-3489-44ea-be7e-cad42a3b0037","username":"tinyrabbit714","password":"hondas","salt":"rIJt3Po4","md5":"2a5229e0ee8df98354c6831620d8fdf4","sha1":"a4b180102fef64500bd4f0a6b8c20862d938f2d9","sha256":"44d199fefcbdc41a81e2747cdbc1818fd2d68b5b1416d07d51fec4be2f1632c6"},"dob":{"date":"1991-08-08T22:21:09.160Z","age":33},"registered":{"date":"2008-01-22T20:42:58.436Z","age":16},"phone":"06-2700-2415","cell":"0417-525-340","id":{"name":"TFN","value":"920249140"},"picture":{"large":"https://randomuser.me/api/portraits/women/13.jpg","medium":"https://randomuser.me/api/portraits/med/women/13.jpg","thumbnail":"https://randomuser.me/api/portraits/thumb/women/13.jpg"},"nat":"AU"}],"info":{"seed":"df95a80937c9c0bb","results":1,"page":1,"version":"1.4"}} 
 </msg>
<msg time="2024-08-09T04:18:43.993644" level="INFO">/opt/hostedtoolcache/Python/3.12.4/x64/lib/python3.12/site-packages/urllib3/connectionpool.py:1099: InsecureRequestWarning: Unverified HTTPS request is being made to host 'randomuser.me'. Adding certificate verification is strongly advised. See: https://urllib3.readthedocs.io/en/latest/advanced-usage.html#tls-warnings
  warnings.warn(</msg>
<msg time="2024-08-09T04:18:43.993767" level="INFO">${response} = &lt;Response [200]&gt;</msg>
<var>${response}</var>
<arg>consultarAPI</arg>
<arg>/api</arg>
<doc>Sends a GET request on a previously created HTTP Session.</doc>
<status status="PASS" start="2024-08-09T04:18:43.683795" elapsed="0.310014"/>
</kw>
<kw name="Should Be Equal As Numbers" owner="BuiltIn">
<msg time="2024-08-09T04:18:43.994764" level="INFO">Argument types are:
&lt;class 'int'&gt;
&lt;class 'str'&gt;</msg>
<arg>${response.status_code}</arg>
<arg>200</arg>
<doc>Fails if objects are unequal after converting them to real numbers.</doc>
<status status="PASS" start="2024-08-09T04:18:43.994312" elapsed="0.000522"/>
</kw>
<kw name="Log" owner="BuiltIn">
<msg time="2024-08-09T04:18:43.995512" level="INFO">200</msg>
<arg>${response.status_code}</arg>
<doc>Logs the given message with the given level.</doc>
<status status="PASS" start="2024-08-09T04:18:43.995153" elapsed="0.000409"/>
</kw>
<kw name="Set Variable" owner="BuiltIn">
<msg time="2024-08-09T04:18:43.996308" level="INFO">${json_data} = {'results': [{'gender': 'female', 'name': {'title': 'Ms', 'first': 'Claire', 'last': 'Young'}, 'location': {'street': {'number': 3407, 'name': 'W Gray St'}, 'city': 'Townsville', 'state': 'Queensland'...</msg>
<var>${json_data}</var>
<arg>${response.json()}</arg>
<doc>Returns the given values which can then be assigned to a variables.</doc>
<status status="PASS" start="2024-08-09T04:18:43.995872" elapsed="0.000464"/>
</kw>
<kw name="Dictionary Should Contain Key" owner="Collections">
<arg>${json_data}</arg>
<arg>results</arg>
<doc>Fails if ``key`` is not found from ``dictionary``.</doc>
<status status="PASS" start="2024-08-09T04:18:43.996640" elapsed="0.000315"/>
</kw>
<status status="PASS" start="2024-08-09T04:18:43.683554" elapsed="0.313557"/>
</kw>
<doc>Testa se a API responde corretamente e retorna um objeto JSON válido.</doc>
<tag>testeRequisicaoBasica</tag>
<status status="PASS" start="2024-08-09T04:18:43.683125" elapsed="0.314160"/>
</test>
<test id="s1-s1-t3" name="Validar estrutura de resposta" line="22">
<kw name="Teste de Estrutura de Resposta" owner="random-user-service">
<kw name="GET On Session" owner="RequestsLibrary">
<msg time="2024-08-09T04:18:44.092464" level="INFO">GET Request : url=https://randomuser.me/api 
 path_url=/api 
 headers={'User-Agent': 'python-requests/2.32.3', 'Accept-Encoding': 'gzip, deflate', 'Accept': '*/*', 'Connection': 'keep-alive'} 
 body=None 
 </msg>
<msg time="2024-08-09T04:18:44.092555" level="INFO">GET Response : url=https://randomuser.me/api 
 status=200, reason=OK 
 headers={'Date': 'Fri, 09 Aug 2024 04:18:44 GMT', 'Content-Type': 'application/json; charset=utf-8', 'Transfer-Encoding': 'chunked', 'Connection': 'keep-alive', 'X-Powered-By': 'Express', 'Access-Control-Allow-Origin': '*', 'Cache-Control': 'no-cache', 'ETag': 'W/"47f-xFdvkIKoxjzcNeK13XPWmgMmMYk"', 'Vary': 'Accept-Encoding', 'Content-Encoding': 'gzip', 'CF-Cache-Status': 'DYNAMIC', 'Report-To': '{"endpoints":[{"url":"https:\\/\\/a.nel.cloudflare.com\\/report\\/v4?s=J8PxWb%2Bc1Ms5bMU3Ae%2FVL8eSDAwZ6VbiRTL9%2B4MP3OmvI9YDNPgtD2bxQ2IUxshwg1xUkhTX%2F3wVB44GC9VvPhzjr%2FvjTTopeEhAd2NulmU%2FlCuICBPCL%2FkLsN4uLM9S"}],"group":"cf-nel","max_age":604800}', 'NEL': '{"success_fraction":0,"report_to":"cf-nel","max_age":604800}', 'Server': 'cloudflare', 'CF-RAY': '8b04f1a10b085c21-SJC', 'alt-svc': 'h3=":443"; ma=86400'} 
 body={"results":[{"gender":"male","name":{"title":"Mr","first":"Ringo","last":"Rezende"},"location":{"street":{"number":9374,"name":"Beco dos Namorados"},"city":"Birigüi","state":"Piauí","country":"Brazil","postcode":34843,"coordinates":{"latitude":"-80.3959","longitude":"-84.5522"},"timezone":{"offset":"+5:45","description":"Kathmandu"}},"email":"ringo.rezende@example.com","login":{"uuid":"cdce12a4-959d-4a30-bbe1-9665c09c7c02","username":"whitebutterfly612","password":"phpbb","salt":"KwJYNoaE","md5":"57c874fdc66643d4ebfec56e825927e0","sha1":"256c1825981e1754f1d6909e9058bfec1bb67bf6","sha256":"d40dc04536604ab01d7ec29f22295ffaa7228702bb47f4c5ae7885d7ddfb3646"},"dob":{"date":"1968-06-07T03:42:40.270Z","age":56},"registered":{"date":"2010-11-18T21:35:54.665Z","age":13},"phone":"(80) 6747-0188","cell":"(62) 8552-0175","id":{"name":"CPF","value":"987.288.445-13"},"picture":{"large":"https://randomuser.me/api/portraits/men/36.jpg","medium":"https://randomuser.me/api/portraits/med/men/36.jpg","thumbnail":"https://randomuser.me/api/portraits/thumb/men/36.jpg"},"nat":"BR"}],"info":{"seed":"d55cba4072ff861e","results":1,"page":1,"version":"1.4"}} 
 </msg>
<msg time="2024-08-09T04:18:44.092687" level="INFO">/opt/hostedtoolcache/Python/3.12.4/x64/lib/python3.12/site-packages/urllib3/connectionpool.py:1099: InsecureRequestWarning: Unverified HTTPS request is being made to host 'randomuser.me'. Adding certificate verification is strongly advised. See: https://urllib3.readthedocs.io/en/latest/advanced-usage.html#tls-warnings
  warnings.warn(</msg>
<msg time="2024-08-09T04:18:44.092783" level="INFO">${response} = &lt;Response [200]&gt;</msg>
<var>${response}</var>
<arg>consultarAPI</arg>
<arg>/api</arg>
<doc>Sends a GET request on a previously created HTTP Session.</doc>
<status status="PASS" start="2024-08-09T04:18:43.999861" elapsed="0.092960"/>
</kw>
<kw name="Set Variable" owner="BuiltIn">
<msg time="2024-08-09T04:18:44.093628" level="INFO">${json_data} = {'results': [{'gender': 'male', 'name': {'title': 'Mr', 'first': 'Ringo', 'last': 'Rezende'}, 'location': {'street': {'number': 9374, 'name': 'Beco dos Namorados'}, 'city': 'Birigüi', 'state': 'Piauí'...</msg>
<var>${json_data}</var>
<arg>${response.json()}</arg>
<doc>Returns the given values which can then be assigned to a variables.</doc>
<status status="PASS" start="2024-08-09T04:18:44.093178" elapsed="0.000479"/>
</kw>
<kw name="Log" owner="BuiltIn">
<msg time="2024-08-09T04:18:44.094150" level="INFO">{'results': [{'gender': 'male', 'name': {'title': 'Mr', 'first': 'Ringo', 'last': 'Rezende'}, 'location': {'street': {'number': 9374, 'name': 'Beco dos Namorados'}, 'city': 'Birigüi', 'state': 'Piauí', 'country': 'Brazil', 'postcode': 34843, 'coordinates': {'latitude': '-80.3959', 'longitude': '-84.5522'}, 'timezone': {'offset': '+5:45', 'description': 'Kathmandu'}}, 'email': 'ringo.rezende@example.com', 'login': {'uuid': 'cdce12a4-959d-4a30-bbe1-9665c09c7c02', 'username': 'whitebutterfly612', 'password': 'phpbb', 'salt': 'KwJYNoaE', 'md5': '57c874fdc66643d4ebfec56e825927e0', 'sha1': '256c1825981e1754f1d6909e9058bfec1bb67bf6', 'sha256': 'd40dc04536604ab01d7ec29f22295ffaa7228702bb47f4c5ae7885d7ddfb3646'}, 'dob': {'date': '1968-06-07T03:42:40.270Z', 'age': 56}, 'registered': {'date': '2010-11-18T21:35:54.665Z', 'age': 13}, 'phone': '(80) 6747-0188', 'cell': '(62) 8552-0175', 'id': {'name': 'CPF', 'value': '987.288.445-13'}, 'picture': {'large': 'https://randomuser.me/api/portraits/men/36.jpg', 'medium': 'https://randomuser.me/api/portraits/med/men/36.jpg', 'thumbnail': 'https://randomuser.me/api/portraits/thumb/men/36.jpg'}, 'nat': 'BR'}], 'info': {'seed': 'd55cba4072ff861e', 'results': 1, 'page': 1, 'version': '1.4'}}</msg>
<arg>${json_data}</arg>
<doc>Logs the given message with the given level.</doc>
<status status="PASS" start="2024-08-09T04:18:44.093960" elapsed="0.000240"/>
</kw>
<kw name="Dictionary Should Contain Key" owner="Collections">
<arg>${json_data}</arg>
<arg>results</arg>
<doc>Fails if ``key`` is not found from ``dictionary``.</doc>
<status status="PASS" start="2024-08-09T04:18:44.094497" elapsed="0.000160"/>
</kw>
<kw name="Should Not Be Empty" owner="BuiltIn">
<msg time="2024-08-09T04:18:44.094967" level="INFO">Length is 2.</msg>
<arg>${json_data}</arg>
<doc>Verifies that the given item is not empty.</doc>
<status status="PASS" start="2024-08-09T04:18:44.094839" elapsed="0.000167"/>
</kw>
<kw name="Create List" owner="BuiltIn">
<msg time="2024-08-09T04:18:44.095447" level="INFO">${expected_keys} = ['gender', 'name', 'location', 'email', 'login']</msg>
<var>${expected_keys}</var>
<arg>gender</arg>
<arg>name</arg>
<arg>location</arg>
<arg>email</arg>
<arg>login</arg>
<doc>Returns a list containing given items.</doc>
<status status="PASS" start="2024-08-09T04:18:44.095300" elapsed="0.000171"/>
</kw>
<for flavor="IN">
<iter>
<kw name="Dictionary Should Contain Key" owner="Collections">
<arg>${json_data['results'][0]}</arg>
<arg>${key}</arg>
<doc>Fails if ``key`` is not found from ``dictionary``.</doc>
<status status="PASS" start="2024-08-09T04:18:44.096037" elapsed="0.000411"/>
</kw>
<kw name="Log" owner="BuiltIn">
<msg time="2024-08-09T04:18:44.097002" level="INFO">{'gender': 'male', 'name': {'title': 'Mr', 'first': 'Ringo', 'last': 'Rezende'}, 'location': {'street': {'number': 9374, 'name': 'Beco dos Namorados'}, 'city': 'Birigüi', 'state': 'Piauí', 'country': 'Brazil', 'postcode': 34843, 'coordinates': {'latitude': '-80.3959', 'longitude': '-84.5522'}, 'timezone': {'offset': '+5:45', 'description': 'Kathmandu'}}, 'email': 'ringo.rezende@example.com', 'login': {'uuid': 'cdce12a4-959d-4a30-bbe1-9665c09c7c02', 'username': 'whitebutterfly612', 'password': 'phpbb', 'salt': 'KwJYNoaE', 'md5': '57c874fdc66643d4ebfec56e825927e0', 'sha1': '256c1825981e1754f1d6909e9058bfec1bb67bf6', 'sha256': 'd40dc04536604ab01d7ec29f22295ffaa7228702bb47f4c5ae7885d7ddfb3646'}, 'dob': {'date': '1968-06-07T03:42:40.270Z', 'age': 56}, 'registered': {'date': '2010-11-18T21:35:54.665Z', 'age': 13}, 'phone': '(80) 6747-0188', 'cell': '(62) 8552-0175', 'id': {'name': 'CPF', 'value': '987.288.445-13'}, 'picture': {'large': 'https://randomuser.me/api/portraits/men/36.jpg', 'medium': 'https://randomuser.me/api/portraits/med/men/36.jpg', 'thumbnail': 'https://randomuser.me/api/portraits/thumb/men/36.jpg'}, 'nat': 'BR'}</msg>
<arg>${json_data['results'][0]}</arg>
<doc>Logs the given message with the given level.</doc>
<status status="PASS" start="2024-08-09T04:18:44.096640" elapsed="0.000412"/>
</kw>
<kw name="Log" owner="BuiltIn">
<msg time="2024-08-09T04:18:44.097482" level="INFO">gender</msg>
<arg>${key}</arg>
<doc>Logs the given message with the given level.</doc>
<status status="PASS" start="2024-08-09T04:18:44.097350" elapsed="0.000171"/>
</kw>
<var name="${key}">gender</var>
<status status="PASS" start="2024-08-09T04:18:44.095915" elapsed="0.001823"/>
</iter>
<iter>
<kw name="Dictionary Should Contain Key" owner="Collections">
<arg>${json_data['results'][0]}</arg>
<arg>${key}</arg>
<doc>Fails if ``key`` is not found from ``dictionary``.</doc>
<status status="PASS" start="2024-08-09T04:18:44.098070" elapsed="0.000396"/>
</kw>
<kw name="Log" owner="BuiltIn">
<msg time="2024-08-09T04:18:44.099006" level="INFO">{'gender': 'male', 'name': {'title': 'Mr', 'first': 'Ringo', 'last': 'Rezende'}, 'location': {'street': {'number': 9374, 'name': 'Beco dos Namorados'}, 'city': 'Birigüi', 'state': 'Piauí', 'country': 'Brazil', 'postcode': 34843, 'coordinates': {'latitude': '-80.3959', 'longitude': '-84.5522'}, 'timezone': {'offset': '+5:45', 'description': 'Kathmandu'}}, 'email': 'ringo.rezende@example.com', 'login': {'uuid': 'cdce12a4-959d-4a30-bbe1-9665c09c7c02', 'username': 'whitebutterfly612', 'password': 'phpbb', 'salt': 'KwJYNoaE', 'md5': '57c874fdc66643d4ebfec56e825927e0', 'sha1': '256c1825981e1754f1d6909e9058bfec1bb67bf6', 'sha256': 'd40dc04536604ab01d7ec29f22295ffaa7228702bb47f4c5ae7885d7ddfb3646'}, 'dob': {'date': '1968-06-07T03:42:40.270Z', 'age': 56}, 'registered': {'date': '2010-11-18T21:35:54.665Z', 'age': 13}, 'phone': '(80) 6747-0188', 'cell': '(62) 8552-0175', 'id': {'name': 'CPF', 'value': '987.288.445-13'}, 'picture': {'large': 'https://randomuser.me/api/portraits/men/36.jpg', 'medium': 'https://randomuser.me/api/portraits/med/men/36.jpg', 'thumbnail': 'https://randomuser.me/api/portraits/thumb/men/36.jpg'}, 'nat': 'BR'}</msg>
<arg>${json_data['results'][0]}</arg>
<doc>Logs the given message with the given level.</doc>
<status status="PASS" start="2024-08-09T04:18:44.098652" elapsed="0.000438"/>
</kw>
<kw name="Log" owner="BuiltIn">
<msg time="2024-08-09T04:18:44.099517" level="INFO">name</msg>
<arg>${key}</arg>
<doc>Logs the given message with the given level.</doc>
<status status="PASS" start="2024-08-09T04:18:44.099390" elapsed="0.000164"/>
</kw>
<var name="${key}">name</var>
<status status="PASS" start="2024-08-09T04:18:44.097923" elapsed="0.001849"/>
</iter>
<iter>
<kw name="Dictionary Should Contain Key" owner="Collections">
<arg>${json_data['results'][0]}</arg>
<arg>${key}</arg>
<doc>Fails if ``key`` is not found from ``dictionary``.</doc>
<status status="PASS" start="2024-08-09T04:18:44.100059" elapsed="0.000383"/>
</kw>
<kw name="Log" owner="BuiltIn">
<msg time="2024-08-09T04:18:44.100971" level="INFO">{'gender': 'male', 'name': {'title': 'Mr', 'first': 'Ringo', 'last': 'Rezende'}, 'location': {'street': {'number': 9374, 'name': 'Beco dos Namorados'}, 'city': 'Birigüi', 'state': 'Piauí', 'country': 'Brazil', 'postcode': 34843, 'coordinates': {'latitude': '-80.3959', 'longitude': '-84.5522'}, 'timezone': {'offset': '+5:45', 'description': 'Kathmandu'}}, 'email': 'ringo.rezende@example.com', 'login': {'uuid': 'cdce12a4-959d-4a30-bbe1-9665c09c7c02', 'username': 'whitebutterfly612', 'password': 'phpbb', 'salt': 'KwJYNoaE', 'md5': '57c874fdc66643d4ebfec56e825927e0', 'sha1': '256c1825981e1754f1d6909e9058bfec1bb67bf6', 'sha256': 'd40dc04536604ab01d7ec29f22295ffaa7228702bb47f4c5ae7885d7ddfb3646'}, 'dob': {'date': '1968-06-07T03:42:40.270Z', 'age': 56}, 'registered': {'date': '2010-11-18T21:35:54.665Z', 'age': 13}, 'phone': '(80) 6747-0188', 'cell': '(62) 8552-0175', 'id': {'name': 'CPF', 'value': '987.288.445-13'}, 'picture': {'large': 'https://randomuser.me/api/portraits/men/36.jpg', 'medium': 'https://randomuser.me/api/portraits/med/men/36.jpg', 'thumbnail': 'https://randomuser.me/api/portraits/thumb/men/36.jpg'}, 'nat': 'BR'}</msg>
<arg>${json_data['results'][0]}</arg>
<doc>Logs the given message with the given level.</doc>
<status status="PASS" start="2024-08-09T04:18:44.100624" elapsed="0.000396"/>
</kw>
<kw name="Log" owner="BuiltIn">
<msg time="2024-08-09T04:18:44.101459" level="INFO">location</msg>
<arg>${key}</arg>
<doc>Logs the given message with the given level.</doc>
<status status="PASS" start="2024-08-09T04:18:44.101326" elapsed="0.000171"/>
</kw>
<var name="${key}">location</var>
<status status="PASS" start="2024-08-09T04:18:44.099950" elapsed="0.001762"/>
</iter>
<iter>
<kw name="Dictionary Should Contain Key" owner="Collections">
<arg>${json_data['results'][0]}</arg>
<arg>${key}</arg>
<doc>Fails if ``key`` is not found from ``dictionary``.</doc>
<status status="PASS" start="2024-08-09T04:18:44.101987" elapsed="0.000415"/>
</kw>
<kw name="Log" owner="BuiltIn">
<msg time="2024-08-09T04:18:44.103046" level="INFO">{'gender': 'male', 'name': {'title': 'Mr', 'first': 'Ringo', 'last': 'Rezende'}, 'location': {'street': {'number': 9374, 'name': 'Beco dos Namorados'}, 'city': 'Birigüi', 'state': 'Piauí', 'country': 'Brazil', 'postcode': 34843, 'coordinates': {'latitude': '-80.3959', 'longitude': '-84.5522'}, 'timezone': {'offset': '+5:45', 'description': 'Kathmandu'}}, 'email': 'ringo.rezende@example.com', 'login': {'uuid': 'cdce12a4-959d-4a30-bbe1-9665c09c7c02', 'username': 'whitebutterfly612', 'password': 'phpbb', 'salt': 'KwJYNoaE', 'md5': '57c874fdc66643d4ebfec56e825927e0', 'sha1': '256c1825981e1754f1d6909e9058bfec1bb67bf6', 'sha256': 'd40dc04536604ab01d7ec29f22295ffaa7228702bb47f4c5ae7885d7ddfb3646'}, 'dob': {'date': '1968-06-07T03:42:40.270Z', 'age': 56}, 'registered': {'date': '2010-11-18T21:35:54.665Z', 'age': 13}, 'phone': '(80) 6747-0188', 'cell': '(62) 8552-0175', 'id': {'name': 'CPF', 'value': '987.288.445-13'}, 'picture': {'large': 'https://randomuser.me/api/portraits/men/36.jpg', 'medium': 'https://randomuser.me/api/portraits/med/men/36.jpg', 'thumbnail': 'https://randomuser.me/api/portraits/thumb/men/36.jpg'}, 'nat': 'BR'}</msg>
<arg>${json_data['results'][0]}</arg>
<doc>Logs the given message with the given level.</doc>
<status status="PASS" start="2024-08-09T04:18:44.102692" elapsed="0.000403"/>
</kw>
<kw name="Log" owner="BuiltIn">
<msg time="2024-08-09T04:18:44.103524" level="INFO">email</msg>
<arg>${key}</arg>
<doc>Logs the given message with the given level.</doc>
<status status="PASS" start="2024-08-09T04:18:44.103394" elapsed="0.000169"/>
</kw>
<var name="${key}">email</var>
<status status="PASS" start="2024-08-09T04:18:44.101881" elapsed="0.001896"/>
</iter>
<iter>
<kw name="Dictionary Should Contain Key" owner="Collections">
<arg>${json_data['results'][0]}</arg>
<arg>${key}</arg>
<doc>Fails if ``key`` is not found from ``dictionary``.</doc>
<status status="PASS" start="2024-08-09T04:18:44.104058" elapsed="0.000373"/>
</kw>
<kw name="Log" owner="BuiltIn">
<msg time="2024-08-09T04:18:44.104963" level="INFO">{'gender': 'male', 'name': {'title': 'Mr', 'first': 'Ringo', 'last': 'Rezende'}, 'location': {'street': {'number': 9374, 'name': 'Beco dos Namorados'}, 'city': 'Birigüi', 'state': 'Piauí', 'country': 'Brazil', 'postcode': 34843, 'coordinates': {'latitude': '-80.3959', 'longitude': '-84.5522'}, 'timezone': {'offset': '+5:45', 'description': 'Kathmandu'}}, 'email': 'ringo.rezende@example.com', 'login': {'uuid': 'cdce12a4-959d-4a30-bbe1-9665c09c7c02', 'username': 'whitebutterfly612', 'password': 'phpbb', 'salt': 'KwJYNoaE', 'md5': '57c874fdc66643d4ebfec56e825927e0', 'sha1': '256c1825981e1754f1d6909e9058bfec1bb67bf6', 'sha256': 'd40dc04536604ab01d7ec29f22295ffaa7228702bb47f4c5ae7885d7ddfb3646'}, 'dob': {'date': '1968-06-07T03:42:40.270Z', 'age': 56}, 'registered': {'date': '2010-11-18T21:35:54.665Z', 'age': 13}, 'phone': '(80) 6747-0188', 'cell': '(62) 8552-0175', 'id': {'name': 'CPF', 'value': '987.288.445-13'}, 'picture': {'large': 'https://randomuser.me/api/portraits/men/36.jpg', 'medium': 'https://randomuser.me/api/portraits/med/men/36.jpg', 'thumbnail': 'https://randomuser.me/api/portraits/thumb/men/36.jpg'}, 'nat': 'BR'}</msg>
<arg>${json_data['results'][0]}</arg>
<doc>Logs the given message with the given level.</doc>
<status status="PASS" start="2024-08-09T04:18:44.104613" elapsed="0.000398"/>
</kw>
<kw name="Log" owner="BuiltIn">
<msg time="2024-08-09T04:18:44.105430" level="INFO">login</msg>
<arg>${key}</arg>
<doc>Logs the given message with the given level.</doc>
<status status="PASS" start="2024-08-09T04:18:44.105303" elapsed="0.000164"/>
</kw>
<var name="${key}">login</var>
<status status="PASS" start="2024-08-09T04:18:44.103951" elapsed="0.001730"/>
</iter>
<var>${key}</var>
<value>@{expected_keys}</value>
<status status="PASS" start="2024-08-09T04:18:44.095731" elapsed="0.010068"/>
</for>
<kw name="Create List" owner="BuiltIn">
<msg time="2024-08-09T04:18:44.106171" level="INFO">${expected_keysTwo} = ['username', 'password']</msg>
<var>${expected_keysTwo}</var>
<arg>username</arg>
<arg>password</arg>
<doc>Returns a list containing given items.</doc>
<status status="PASS" start="2024-08-09T04:18:44.105984" elapsed="0.000212"/>
</kw>
<for flavor="IN">
<iter>
<kw name="Dictionary Should Contain Key" owner="Collections">
<arg>${json_data['results'][0]['login']}</arg>
<arg>${keyTwo}</arg>
<doc>Fails if ``key`` is not found from ``dictionary``.</doc>
<status status="PASS" start="2024-08-09T04:18:44.106721" elapsed="0.000388"/>
</kw>
<kw name="Dictionary Should Contain Key" owner="Collections">
<arg>${json_data['results'][0]['login']}</arg>
<arg>${keyTwo}</arg>
<doc>Fails if ``key`` is not found from ``dictionary``.</doc>
<status status="PASS" start="2024-08-09T04:18:44.107287" elapsed="0.000368"/>
</kw>
<kw name="Log" owner="BuiltIn">
<msg time="2024-08-09T04:18:44.108017" level="INFO">username</msg>
<arg>${keyTwo}</arg>
<doc>Logs the given message with the given level.</doc>
<status status="PASS" start="2024-08-09T04:18:44.107892" elapsed="0.000161"/>
</kw>
<var name="${keyTwo}">username</var>
<status status="PASS" start="2024-08-09T04:18:44.106613" elapsed="0.001659"/>
</iter>
<iter>
<kw name="Dictionary Should Contain Key" owner="Collections">
<arg>${json_data['results'][0]['login']}</arg>
<arg>${keyTwo}</arg>
<doc>Fails if ``key`` is not found from ``dictionary``.</doc>
<status status="PASS" start="2024-08-09T04:18:44.108549" elapsed="0.000384"/>
</kw>
<kw name="Dictionary Should Contain Key" owner="Collections">
<arg>${json_data['results'][0]['login']}</arg>
<arg>${keyTwo}</arg>
<doc>Fails if ``key`` is not found from ``dictionary``.</doc>
<status status="PASS" start="2024-08-09T04:18:44.109111" elapsed="0.000372"/>
</kw>
<kw name="Log" owner="BuiltIn">
<msg time="2024-08-09T04:18:44.109776" level="INFO">password</msg>
<arg>${keyTwo}</arg>
<doc>Logs the given message with the given level.</doc>
<status status="PASS" start="2024-08-09T04:18:44.109659" elapsed="0.000154"/>
</kw>
<var name="${keyTwo}">password</var>
<status status="PASS" start="2024-08-09T04:18:44.108442" elapsed="0.001612"/>
</iter>
<var>${keyTwo}</var>
<value>@{expected_keysTwo}</value>
<status status="PASS" start="2024-08-09T04:18:44.106462" elapsed="0.003714"/>
</for>
<status status="PASS" start="2024-08-09T04:18:43.999636" elapsed="0.110678"/>
</kw>
<doc>Testa a estrutura da resposta da API.</doc>
<tag>testeEstruturaResposta</tag>
<status status="PASS" start="2024-08-09T04:18:43.999135" elapsed="0.111324"/>
</test>
<test id="s1-s1-t4" name="Validar tipos de dados" line="28">
<kw name="Teste de Tipos de Dados" owner="random-user-service">
<kw name="GET On Session" owner="RequestsLibrary">
<msg time="2024-08-09T04:18:44.197076" level="INFO">GET Request : url=https://randomuser.me/api 
 path_url=/api 
 headers={'User-Agent': 'python-requests/2.32.3', 'Accept-Encoding': 'gzip, deflate', 'Accept': '*/*', 'Connection': 'keep-alive'} 
 body=None 
 </msg>
<msg time="2024-08-09T04:18:44.197150" level="INFO">GET Response : url=https://randomuser.me/api 
 status=200, reason=OK 
 headers={'Date': 'Fri, 09 Aug 2024 04:18:44 GMT', 'Content-Type': 'application/json; charset=utf-8', 'Transfer-Encoding': 'chunked', 'Connection': 'keep-alive', 'X-Powered-By': 'Express', 'Access-Control-Allow-Origin': '*', 'Cache-Control': 'no-cache', 'ETag': 'W/"487-8Hx9sLflvupJ2PNfljl5og2x9wk"', 'Vary': 'Accept-Encoding', 'Content-Encoding': 'gzip', 'CF-Cache-Status': 'DYNAMIC', 'Report-To': '{"endpoints":[{"url":"https:\\/\\/a.nel.cloudflare.com\\/report\\/v4?s=5nUAUQs8uSP8vHp5GxjWZz8XpCPW5Qh3IVR1oNY5f5abFuMHrl3W%2FW0TaHp8pJCjB%2FvCoIQsq1u3wQAZ7%2FHUFdDYbZ%2FRcls9pBr09yWZ3hhYHkCrsMly8pbunJh9IhhA"}],"group":"cf-nel","max_age":604800}', 'NEL': '{"success_fraction":0,"report_to":"cf-nel","max_age":604800}', 'Server': 'cloudflare', 'CF-RAY': '8b04f1a1bb7c5c21-SJC', 'alt-svc': 'h3=":443"; ma=86400'} 
 body={"results":[{"gender":"male","name":{"title":"Mr","first":"Luke","last":"Cunningham"},"location":{"street":{"number":9302,"name":"Denny Street"},"city":"Malahide","state":"Offaly","country":"Ireland","postcode":92286,"coordinates":{"latitude":"2.7442","longitude":"-8.7471"},"timezone":{"offset":"+5:30","description":"Bombay, Calcutta, Madras, New Delhi"}},"email":"luke.cunningham@example.com","login":{"uuid":"a2be29be-957d-4ddb-b3ed-d36ef9e73cee","username":"tinysnake869","password":"cigars","salt":"MtEZZ2US","md5":"70e59b19e1d0371a7e2bc177b07a6648","sha1":"c8f8b46b79de5cb4ab76136752c25952a2776d11","sha256":"a8f52e2fd5edd6348e2d0bd7b2e5e594bf769540b0baf8675e3467d58472aa49"},"dob":{"date":"1958-03-01T23:30:10.213Z","age":66},"registered":{"date":"2010-02-15T07:43:49.554Z","age":14},"phone":"071-594-1799","cell":"081-905-6881","id":{"name":"PPS","value":"4296932T"},"picture":{"large":"https://randomuser.me/api/portraits/men/93.jpg","medium":"https://randomuser.me/api/portraits/med/men/93.jpg","thumbnail":"https://randomuser.me/api/portraits/thumb/men/93.jpg"},"nat":"IE"}],"info":{"seed":"4b3d36f88a70982e","results":1,"page":1,"version":"1.4"}} 
 </msg>
<msg time="2024-08-09T04:18:44.197216" level="INFO">/opt/hostedtoolcache/Python/3.12.4/x64/lib/python3.12/site-packages/urllib3/connectionpool.py:1099: InsecureRequestWarning: Unverified HTTPS request is being made to host 'randomuser.me'. Adding certificate verification is strongly advised. See: https://urllib3.readthedocs.io/en/latest/advanced-usage.html#tls-warnings
  warnings.warn(</msg>
<msg time="2024-08-09T04:18:44.197317" level="INFO">${response} = &lt;Response [200]&gt;</msg>
<var>${response}</var>
<arg>consultarAPI</arg>
<arg>/api</arg>
<doc>Sends a GET request on a previously created HTTP Session.</doc>
<status status="PASS" start="2024-08-09T04:18:44.112803" elapsed="0.084550"/>
</kw>
<kw name="Set Variable" owner="BuiltIn">
<msg time="2024-08-09T04:18:44.198302" level="INFO">${json_data} = {'results': [{'gender': 'male', 'name': {'title': 'Mr', 'first': 'Luke', 'last': 'Cunningham'}, 'location': {'street': {'number': 9302, 'name': 'Denny Street'}, 'city': 'Malahide', 'state': 'Offaly', ...</msg>
<var>${json_data}</var>
<arg>${response.json()}</arg>
<doc>Returns the given values which can then be assigned to a variables.</doc>
<status status="PASS" start="2024-08-09T04:18:44.197800" elapsed="0.000530"/>
</kw>
<kw name="Log" owner="BuiltIn">
<msg time="2024-08-09T04:18:44.198781" level="INFO">{'results': [{'gender': 'male', 'name': {'title': 'Mr', 'first': 'Luke', 'last': 'Cunningham'}, 'location': {'street': {'number': 9302, 'name': 'Denny Street'}, 'city': 'Malahide', 'state': 'Offaly', 'country': 'Ireland', 'postcode': 92286, 'coordinates': {'latitude': '2.7442', 'longitude': '-8.7471'}, 'timezone': {'offset': '+5:30', 'description': 'Bombay, Calcutta, Madras, New Delhi'}}, 'email': 'luke.cunningham@example.com', 'login': {'uuid': 'a2be29be-957d-4ddb-b3ed-d36ef9e73cee', 'username': 'tinysnake869', 'password': 'cigars', 'salt': 'MtEZZ2US', 'md5': '70e59b19e1d0371a7e2bc177b07a6648', 'sha1': 'c8f8b46b79de5cb4ab76136752c25952a2776d11', 'sha256': 'a8f52e2fd5edd6348e2d0bd7b2e5e594bf769540b0baf8675e3467d58472aa49'}, 'dob': {'date': '1958-03-01T23:30:10.213Z', 'age': 66}, 'registered': {'date': '2010-02-15T07:43:49.554Z', 'age': 14}, 'phone': '071-594-1799', 'cell': '081-905-6881', 'id': {'name': 'PPS', 'value': '4296932T'}, 'picture': {'large': 'https://randomuser.me/api/portraits/men/93.jpg', 'medium': 'https://randomuser.me/api/portraits/med/men/93.jpg', 'thumbnail': 'https://randomuser.me/api/portraits/thumb/men/93.jpg'}, 'nat': 'IE'}], 'info': {'seed': '4b3d36f88a70982e', 'results': 1, 'page': 1, 'version': '1.4'}}</msg>
<arg>${json_data}</arg>
<doc>Logs the given message with the given level.</doc>
<status status="PASS" start="2024-08-09T04:18:44.198629" elapsed="0.000198"/>
</kw>
<kw name="Should Be String" owner="String">
<arg>${json_data['results'][0]['gender']}</arg>
<doc>Fails if the given ``item`` is not a string.</doc>
<status status="PASS" start="2024-08-09T04:18:44.199113" elapsed="0.000356"/>
</kw>
<kw name="Should Match Regexp" owner="BuiltIn">
<arg>${json_data['results'][0]['email']}</arg>
<arg>^[a-zA-Z0-9._%+-]+@[a-zA-Z0-9.-]+\.[a-zA-Z]{2,}$</arg>
<doc>Fails if ``string`` does not match ``pattern`` as a regular expression.</doc>
<status status="PASS" start="2024-08-09T04:18:44.199659" elapsed="0.000508"/>
</kw>
<kw name="Should Match Regexp" owner="BuiltIn">
<arg>${json_data['results'][0]['dob']['date']}</arg>
<arg>\\d{4}-\\d{2}-\\d{2}T\\d{2}:\\d{2}:\\d{2}\\.\\d{3}Z</arg>
<doc>Fails if ``string`` does not match ``pattern`` as a regular expression.</doc>
<status status="PASS" start="2024-08-09T04:18:44.200395" elapsed="0.000596"/>
</kw>
<kw name="Should Match Regexp" owner="BuiltIn">
<arg>${json_data['results'][0]['registered']['date']}</arg>
<arg>\\d{4}-\\d{2}-\\d{2}T\\d{2}:\\d{2}:\\d{2}\\.\\d{3}Z</arg>
<doc>Fails if ``string`` does not match ``pattern`` as a regular expression.</doc>
<status status="PASS" start="2024-08-09T04:18:44.201186" elapsed="0.000366"/>
</kw>
<kw name="Should Match Regexp" owner="BuiltIn">
<arg>${json_data['results'][0]['picture']['large']}</arg>
<arg>^https?://.*\.(?:png|jpe?g|gif|bmp)$</arg>
<doc>Fails if ``string`` does not match ``pattern`` as a regular expression.</doc>
<status status="PASS" start="2024-08-09T04:18:44.201738" elapsed="0.000492"/>
</kw>
<kw name="Should Match Regexp" owner="BuiltIn">
<arg>${json_data['results'][0]['picture']['medium']}</arg>
<arg>^https?://.*\.(?:png|jpe?g|gif|bmp)$</arg>
<doc>Fails if ``string`` does not match ``pattern`` as a regular expression.</doc>
<status status="PASS" start="2024-08-09T04:18:44.202421" elapsed="0.000358"/>
</kw>
<kw name="Should Match Regexp" owner="BuiltIn">
<arg>${json_data['results'][0]['picture']['thumbnail']}</arg>
<arg>^https?://.*\.(?:png|jpe?g|gif|bmp)$</arg>
<doc>Fails if ``string`` does not match ``pattern`` as a regular expression.</doc>
<status status="PASS" start="2024-08-09T04:18:44.202964" elapsed="0.000351"/>
</kw>
<kw name="Log" owner="BuiltIn">
<msg time="2024-08-09T04:18:44.203826" level="INFO">{'large': 'https://randomuser.me/api/portraits/men/93.jpg', 'medium': 'https://randomuser.me/api/portraits/med/men/93.jpg', 'thumbnail': 'https://randomuser.me/api/portraits/thumb/men/93.jpg'}</msg>
<arg>${json_data['results'][0]['picture']}</arg>
<doc>Logs the given message with the given level.</doc>
<status status="PASS" start="2024-08-09T04:18:44.203496" elapsed="0.000373"/>
</kw>
<status status="PASS" start="2024-08-09T04:18:44.112588" elapsed="0.091533"/>
</kw>
<kw name="Teste de Tipos de Dados - Postcode" owner="random-user-service">
<kw name="GET On Session" owner="RequestsLibrary">
<msg time="2024-08-09T04:18:44.301580" level="INFO">GET Request : url=https://randomuser.me/api 
 path_url=/api 
 headers={'User-Agent': 'python-requests/2.32.3', 'Accept-Encoding': 'gzip, deflate', 'Accept': '*/*', 'Connection': 'keep-alive'} 
 body=None 
 </msg>
<msg time="2024-08-09T04:18:44.301664" level="INFO">GET Response : url=https://randomuser.me/api 
 status=200, reason=OK 
 headers={'Date': 'Fri, 09 Aug 2024 04:18:44 GMT', 'Content-Type': 'application/json; charset=utf-8', 'Transfer-Encoding': 'chunked', 'Connection': 'keep-alive', 'X-Powered-By': 'Express', 'Access-Control-Allow-Origin': '*', 'Cache-Control': 'no-cache', 'ETag': 'W/"4b2-d93w4kDx3uJOpzcNVucKIW9q9yU"', 'Vary': 'Accept-Encoding', 'Content-Encoding': 'gzip', 'CF-Cache-Status': 'DYNAMIC', 'Report-To': '{"endpoints":[{"url":"https:\\/\\/a.nel.cloudflare.com\\/report\\/v4?s=JQaSIv7ZMvDnyEfqp6LisTrCuDGkh9Ap8x9ymqqJYXCFn%2Fz6nNzqr4qfpm3iPWh9LgZ%2FA3cX3fnDiOisNc2sxKsklaDbzE11muKiGI9qjR%2FPptafwItQHRn86o3DYC6M"}],"group":"cf-nel","max_age":604800}', 'NEL': '{"success_fraction":0,"report_to":"cf-nel","max_age":604800}', 'Server': 'cloudflare', 'CF-RAY': '8b04f1a24bd35c21-SJC', 'alt-svc': 'h3=":443"; ma=86400'} 
 body={"results":[{"gender":"female","name":{"title":"Mademoiselle","first":"Ronja","last":"Lambert"},"location":{"street":{"number":6140,"name":"Avenue Joliot Curie"},"city":"St. Margrethen","state":"Basel-Stadt","country":"Switzerland","postcode":8932,"coordinates":{"latitude":"-61.7542","longitude":"54.9622"},"timezone":{"offset":"-3:00","description":"Brazil, Buenos Aires, Georgetown"}},"email":"ronja.lambert@example.com","login":{"uuid":"d7d591d2-1e1f-4747-a043-46cd97e39dd0","username":"bluefrog439","password":"corinne","salt":"5g9BrBPc","md5":"1375603aba6e1e60668366bdc146e9c1","sha1":"d2ce9b0ea04afd5e51afe6bf81c7568c4878ce09","sha256":"a87692e4637da44e72c5f54aa360dbadf8e81c763b4856b16049cdf1a3ca1a9b"},"dob":{"date":"1989-03-21T03:22:04.297Z","age":35},"registered":{"date":"2019-02-09T17:37:53.905Z","age":5},"phone":"076 688 05 72","cell":"078 911 97 94","id":{"name":"AVS","value":"756.5645.1843.77"},"picture":{"large":"https://randomuser.me/api/portraits/women/57.jpg","medium":"https://randomuser.me/api/portraits/med/women/57.jpg","thumbnail":"https://randomuser.me/api/portraits/thumb/women/57.jpg"},"nat":"CH"}],"info":{"seed":"9dbfec5bdb57fbd3","results":1,"page":1,"version":"1.4"}} 
 </msg>
<msg time="2024-08-09T04:18:44.301749" level="INFO">/opt/hostedtoolcache/Python/3.12.4/x64/lib/python3.12/site-packages/urllib3/connectionpool.py:1099: InsecureRequestWarning: Unverified HTTPS request is being made to host 'randomuser.me'. Adding certificate verification is strongly advised. See: https://urllib3.readthedocs.io/en/latest/advanced-usage.html#tls-warnings
  warnings.warn(</msg>
<msg time="2024-08-09T04:18:44.301868" level="INFO">${response} = &lt;Response [200]&gt;</msg>
<var>${response}</var>
<arg>consultarAPI</arg>
<arg>/api</arg>
<doc>Sends a GET request on a previously created HTTP Session.</doc>
<status status="PASS" start="2024-08-09T04:18:44.204545" elapsed="0.097378"/>
</kw>
<kw name="Set Variable" owner="BuiltIn">
<msg time="2024-08-09T04:18:44.302790" level="INFO">${json_data} = {'results': [{'gender': 'female', 'name': {'title': 'Mademoiselle', 'first': 'Ronja', 'last': 'Lambert'}, 'location': {'street': {'number': 6140, 'name': 'Avenue Joliot Curie'}, 'city': 'St. Margrethe...</msg>
<var>${json_data}</var>
<arg>${response.json()}</arg>
<doc>Returns the given values which can then be assigned to a variables.</doc>
<status status="PASS" start="2024-08-09T04:18:44.302350" elapsed="0.000468"/>
</kw>
<kw name="Log" owner="BuiltIn">
<msg time="2024-08-09T04:18:44.303267" level="INFO">{'results': [{'gender': 'female', 'name': {'title': 'Mademoiselle', 'first': 'Ronja', 'last': 'Lambert'}, 'location': {'street': {'number': 6140, 'name': 'Avenue Joliot Curie'}, 'city': 'St. Margrethen', 'state': 'Basel-Stadt', 'country': 'Switzerland', 'postcode': 8932, 'coordinates': {'latitude': '-61.7542', 'longitude': '54.9622'}, 'timezone': {'offset': '-3:00', 'description': 'Brazil, Buenos Aires, Georgetown'}}, 'email': 'ronja.lambert@example.com', 'login': {'uuid': 'd7d591d2-1e1f-4747-a043-46cd97e39dd0', 'username': 'bluefrog439', 'password': 'corinne', 'salt': '5g9BrBPc', 'md5': '1375603aba6e1e60668366bdc146e9c1', 'sha1': 'd2ce9b0ea04afd5e51afe6bf81c7568c4878ce09', 'sha256': 'a87692e4637da44e72c5f54aa360dbadf8e81c763b4856b16049cdf1a3ca1a9b'}, 'dob': {'date': '1989-03-21T03:22:04.297Z', 'age': 35}, 'registered': {'date': '2019-02-09T17:37:53.905Z', 'age': 5}, 'phone': '076 688 05 72', 'cell': '078 911 97 94', 'id': {'name': 'AVS', 'value': '756.5645.1843.77'}, 'picture': {'large': 'https://randomuser.me/api/portraits/women/57.jpg', 'medium': 'https://randomuser.me/api/portraits/med/women/57.jpg', 'thumbnail': 'https://randomuser.me/api/portraits/thumb/women/57.jpg'}, 'nat': 'CH'}], 'info': {'seed': '9dbfec5bdb57fbd3', 'results': 1, 'page': 1, 'version': '1.4'}}</msg>
<arg>${json_data}</arg>
<doc>Logs the given message with the given level.</doc>
<status status="PASS" start="2024-08-09T04:18:44.303116" elapsed="0.000196"/>
</kw>
<kw name="Should Be Equal As Numbers" owner="BuiltIn">
<arg>${json_data['results'][0]['location']['postcode']}</arg>
<arg>${json_data['results'][0]['location']['postcode']}</arg>
<doc>Fails if objects are unequal after converting them to real numbers.</doc>
<status status="PASS" start="2024-08-09T04:18:44.303599" elapsed="0.000606"/>
</kw>
<kw name="Log" owner="BuiltIn">
<msg time="2024-08-09T04:18:44.304724" level="INFO">8932</msg>
<arg>${json_data['results'][0]['location']['postcode']}</arg>
<doc>Logs the given message with the given level.</doc>
<status status="PASS" start="2024-08-09T04:18:44.304390" elapsed="0.000374"/>
</kw>
<status status="PASS" start="2024-08-09T04:18:44.204332" elapsed="0.100704"/>
</kw>
<doc>Testa se os tipos de dados na resposta da API estão corretos.</doc>
<tag>testeTiposDados</tag>
<status status="PASS" start="2024-08-09T04:18:44.112185" elapsed="0.193010"/>
</test>
<test id="s1-s1-t5" name="Validar conteudo" line="35">
<kw name="Teste de Tipos de Conteudo" owner="random-user-service">
<kw name="GET On Session" owner="RequestsLibrary">
<msg time="2024-08-09T04:18:44.404770" level="INFO">GET Request : url=https://randomuser.me/api 
 path_url=/api 
 headers={'User-Agent': 'python-requests/2.32.3', 'Accept-Encoding': 'gzip, deflate', 'Accept': '*/*', 'Connection': 'keep-alive'} 
 body=None 
 </msg>
<msg time="2024-08-09T04:18:44.404856" level="INFO">GET Response : url=https://randomuser.me/api 
 status=200, reason=OK 
 headers={'Date': 'Fri, 09 Aug 2024 04:18:44 GMT', 'Content-Type': 'application/json; charset=utf-8', 'Transfer-Encoding': 'chunked', 'Connection': 'keep-alive', 'X-Powered-By': 'Express', 'Access-Control-Allow-Origin': '*', 'Cache-Control': 'no-cache', 'ETag': 'W/"475-9uCQLCo2jGWkpsc8jirVSfE9qCs"', 'Vary': 'Accept-Encoding', 'Content-Encoding': 'gzip', 'CF-Cache-Status': 'DYNAMIC', 'Report-To': '{"endpoints":[{"url":"https:\\/\\/a.nel.cloudflare.com\\/report\\/v4?s=nffWvx4M0jAVSe41iw1ABIBDCB6BMsdDwDnga5meyrKj%2FNkoY0msAKk9G6zqI11LH4znJvlKiCPrZPY9iETkJV5Mve1pVhqhIJWr2YGpEdkPe6Skjfl4VxpKmsmi2bZz"}],"group":"cf-nel","max_age":604800}', 'NEL': '{"success_fraction":0,"report_to":"cf-nel","max_age":604800}', 'Server': 'cloudflare', 'CF-RAY': '8b04f1a2fc435c21-SJC', 'alt-svc': 'h3=":443"; ma=86400'} 
 body={"results":[{"gender":"male","name":{"title":"Mr","first":"Rodoljub","last":"Lapčević"},"location":{"street":{"number":6702,"name":"Crvenih Hrastova"},"city":"Kuršumlija","state":"Bor","country":"Serbia","postcode":22115,"coordinates":{"latitude":"57.8839","longitude":"-12.5288"},"timezone":{"offset":"+4:30","description":"Kabul"}},"email":"rodoljub.lapcevic@example.com","login":{"uuid":"b5aa2602-474b-410b-b77f-e13365fcc6ce","username":"lazyzebra898","password":"indigo","salt":"qBsTfaR8","md5":"ed8fca0f3b3552bb031d58ec2f3bd288","sha1":"abf46779a593e86f7c657c34214b2277547b9f8a","sha256":"30945e847b182e2c1900b3be5f5fa724dc724e6842a4e0e3e3089ed3fe3a3525"},"dob":{"date":"1951-07-14T13:02:26.403Z","age":73},"registered":{"date":"2006-05-22T14:48:02.189Z","age":18},"phone":"023-9773-784","cell":"065-1118-618","id":{"name":"SID","value":"058027260"},"picture":{"large":"https://randomuser.me/api/portraits/men/22.jpg","medium":"https://randomuser.me/api/portraits/med/men/22.jpg","thumbnail":"https://randomuser.me/api/portraits/thumb/men/22.jpg"},"nat":"RS"}],"info":{"seed":"7d5355e7b9a165f0","results":1,"page":1,"version":"1.4"}} 
 </msg>
<msg time="2024-08-09T04:18:44.404931" level="INFO">/opt/hostedtoolcache/Python/3.12.4/x64/lib/python3.12/site-packages/urllib3/connectionpool.py:1099: InsecureRequestWarning: Unverified HTTPS request is being made to host 'randomuser.me'. Adding certificate verification is strongly advised. See: https://urllib3.readthedocs.io/en/latest/advanced-usage.html#tls-warnings
  warnings.warn(</msg>
<msg time="2024-08-09T04:18:44.405050" level="INFO">${response} = &lt;Response [200]&gt;</msg>
<var>${response}</var>
<arg>consultarAPI</arg>
<arg>/api</arg>
<doc>Sends a GET request on a previously created HTTP Session.</doc>
<status status="PASS" start="2024-08-09T04:18:44.307532" elapsed="0.097579"/>
</kw>
<kw name="Set Variable" owner="BuiltIn">
<msg time="2024-08-09T04:18:44.405961" level="INFO">${json_data} = {'results': [{'gender': 'male', 'name': {'title': 'Mr', 'first': 'Rodoljub', 'last': 'Lapčević'}, 'location': {'street': {'number': 6702, 'name': 'Crvenih Hrastova'}, 'city': 'Kuršumlija', 'state': 'B...</msg>
<var>${json_data}</var>
<arg>${response.json()}</arg>
<doc>Returns the given values which can then be assigned to a variables.</doc>
<status status="PASS" start="2024-08-09T04:18:44.405516" elapsed="0.000475"/>
</kw>
<kw name="Set Variable" owner="BuiltIn">
<msg time="2024-08-09T04:18:44.406705" level="INFO">${name_title} = Mr</msg>
<var>${name_title}</var>
<arg>${json_data["results"][0]["name"]["title"]}</arg>
<doc>Returns the given values which can then be assigned to a variables.</doc>
<status status="PASS" start="2024-08-09T04:18:44.406323" elapsed="0.000407"/>
</kw>
<kw name="Create List" owner="BuiltIn">
<msg time="2024-08-09T04:18:44.407169" level="INFO">${allowed_titles} = ['Mr', 'Ms', 'Miss', 'Mrs', 'Madame', 'Monsieur']</msg>
<var>${allowed_titles}</var>
<arg>Mr</arg>
<arg>Ms</arg>
<arg>Miss</arg>
<arg>Mrs</arg>
<arg>Madame</arg>
<arg>Monsieur</arg>
<doc>Returns a list containing given items.</doc>
<status status="PASS" start="2024-08-09T04:18:44.407022" elapsed="0.000171"/>
</kw>
<kw name="List Should Contain Value" owner="Collections">
<arg>${allowed_titles}</arg>
<arg>${name_title}</arg>
<doc>Fails if the ``value`` is not found from ``list``.</doc>
<status status="PASS" start="2024-08-09T04:18:44.407488" elapsed="0.000172"/>
</kw>
<kw name="Set Variable" owner="BuiltIn">
<msg time="2024-08-09T04:18:44.408218" level="INFO">${name_country} = RS</msg>
<var>${name_country}</var>
<arg>${json_data["results"][0]["nat"]}</arg>
<doc>Returns the given values which can then be assigned to a variables.</doc>
<status status="PASS" start="2024-08-09T04:18:44.407844" elapsed="0.000400"/>
</kw>
<kw name="Create List" owner="BuiltIn">
<msg time="2024-08-09T04:18:44.409124" level="INFO">${list_country} = ['AD', 'AE', 'AF', 'AG', 'AI', 'AL', 'AM', 'AO', 'AQ', 'AR', 'AS', 'AT', 'AU', 'AW', 'AX', 'AZ', 'BA', 'BB', 'BD', 'BE', 'BF', 'BG', 'BH', 'BI', 'BJ', 'BL', 'BM', 'BN', 'BO', 'BQ', 'BR', 'BS', 'BT', '...</msg>
<var>${list_country}</var>
<arg>AD</arg>
<arg>AE</arg>
<arg>AF</arg>
<arg>AG</arg>
<arg>AI</arg>
<arg>AL</arg>
<arg>AM</arg>
<arg>AO</arg>
<arg>AQ</arg>
<arg>AR</arg>
<arg>AS</arg>
<arg>AT</arg>
<arg>AU</arg>
<arg>AW</arg>
<arg>AX</arg>
<arg>AZ</arg>
<arg>BA</arg>
<arg>BB</arg>
<arg>BD</arg>
<arg>BE</arg>
<arg>BF</arg>
<arg>BG</arg>
<arg>BH</arg>
<arg>BI</arg>
<arg>BJ</arg>
<arg>BL</arg>
<arg>BM</arg>
<arg>BN</arg>
<arg>BO</arg>
<arg>BQ</arg>
<arg>BR</arg>
<arg>BS</arg>
<arg>BT</arg>
<arg>BV</arg>
<arg>BW</arg>
<arg>BY</arg>
<arg>BZ</arg>
<arg>CA</arg>
<arg>CC</arg>
<arg>CD</arg>
<arg>CF</arg>
<arg>CG</arg>
<arg>CH</arg>
<arg>CI</arg>
<arg>CK</arg>
<arg>CL</arg>
<arg>CM</arg>
<arg>CN</arg>
<arg>CO</arg>
<arg>CR</arg>
<arg>CU</arg>
<arg>CV</arg>
<arg>CW</arg>
<arg>CX</arg>
<arg>CY</arg>
<arg>CZ</arg>
<arg>DE</arg>
<arg>DJ</arg>
<arg>DK</arg>
<arg>DM</arg>
<arg>DO</arg>
<arg>DZ</arg>
<arg>EC</arg>
<arg>EE</arg>
<arg>EG</arg>
<arg>EH</arg>
<arg>ER</arg>
<arg>ES</arg>
<arg>ET</arg>
<arg>FI</arg>
<arg>FJ</arg>
<arg>FK</arg>
<arg>FM</arg>
<arg>FO</arg>
<arg>FR</arg>
<arg>GA</arg>
<arg>GB</arg>
<arg>GD</arg>
<arg>GE</arg>
<arg>GF</arg>
<arg>GG</arg>
<arg>GH</arg>
<arg>GI</arg>
<arg>GL</arg>
<arg>GM</arg>
<arg>GN</arg>
<arg>GP</arg>
<arg>GQ</arg>
<arg>GR</arg>
<arg>GS</arg>
<arg>GT</arg>
<arg>GU</arg>
<arg>GW</arg>
<arg>GY</arg>
<arg>HK</arg>
<arg>HM</arg>
<arg>HN</arg>
<arg>HR</arg>
<arg>HT</arg>
<arg>HU</arg>
<arg>ID</arg>
<arg>IE</arg>
<arg>IL</arg>
<arg>IM</arg>
<arg>IN</arg>
<arg>IO</arg>
<arg>IQ</arg>
<arg>IR</arg>
<arg>IS</arg>
<arg>IT</arg>
<arg>JE</arg>
<arg>JM</arg>
<arg>JO</arg>
<arg>JP</arg>
<arg>KE</arg>
<arg>KG</arg>
<arg>KH</arg>
<arg>KI</arg>
<arg>KM</arg>
<arg>KN</arg>
<arg>KP</arg>
<arg>KR</arg>
<arg>KW</arg>
<arg>KY</arg>
<arg>KZ</arg>
<arg>LA</arg>
<arg>LB</arg>
<arg>LC</arg>
<arg>LI</arg>
<arg>LK</arg>
<arg>LR</arg>
<arg>LS</arg>
<arg>LT</arg>
<arg>LU</arg>
<arg>LV</arg>
<arg>LY</arg>
<arg>MA</arg>
<arg>MC</arg>
<arg>MD</arg>
<arg>ME</arg>
<arg>MF</arg>
<arg>MG</arg>
<arg>MH</arg>
<arg>MK</arg>
<arg>ML</arg>
<arg>MM</arg>
<arg>MN</arg>
<arg>MO</arg>
<arg>MP</arg>
<arg>MQ</arg>
<arg>MR</arg>
<arg>MS</arg>
<arg>MT</arg>
<arg>MU</arg>
<arg>MV</arg>
<arg>MW</arg>
<arg>MX</arg>
<arg>MY</arg>
<arg>MZ</arg>
<arg>NA</arg>
<arg>NC</arg>
<arg>NE</arg>
<arg>NF</arg>
<arg>NG</arg>
<arg>NI</arg>
<arg>NL</arg>
<arg>NO</arg>
<arg>NP</arg>
<arg>NR</arg>
<arg>NU</arg>
<arg>NZ</arg>
<arg>OM</arg>
<arg>PA</arg>
<arg>PE</arg>
<arg>PF</arg>
<arg>PG</arg>
<arg>PH</arg>
<arg>PK</arg>
<arg>PL</arg>
<arg>PM</arg>
<arg>PN</arg>
<arg>PR</arg>
<arg>PS</arg>
<arg>PT</arg>
<arg>PW</arg>
<arg>PY</arg>
<arg>QA</arg>
<arg>RE</arg>
<arg>RO</arg>
<arg>RS</arg>
<arg>RU</arg>
<arg>RW</arg>
<arg>SA</arg>
<arg>SB</arg>
<arg>SC</arg>
<arg>SD</arg>
<arg>SE</arg>
<arg>SG</arg>
<arg>SH</arg>
<arg>SI</arg>
<arg>SJ</arg>
<arg>SK</arg>
<arg>SL</arg>
<arg>SM</arg>
<arg>SN</arg>
<arg>SO</arg>
<arg>SR</arg>
<arg>SS</arg>
<arg>ST</arg>
<arg>SV</arg>
<arg>SX</arg>
<arg>SY</arg>
<arg>SZ</arg>
<arg>TC</arg>
<arg>TD</arg>
<arg>TF</arg>
<arg>TG</arg>
<arg>TH</arg>
<arg>TJ</arg>
<arg>TK</arg>
<arg>TL</arg>
<arg>TM</arg>
<arg>TN</arg>
<arg>TO</arg>
<arg>TR</arg>
<arg>TT</arg>
<arg>TV</arg>
<arg>TW</arg>
<arg>TZ</arg>
<arg>UA</arg>
<arg>UG</arg>
<arg>UM</arg>
<arg>US</arg>
<arg>UY</arg>
<arg>UZ</arg>
<arg>VA</arg>
<arg>VC</arg>
<arg>VE</arg>
<arg>VG</arg>
<arg>VI</arg>
<arg>VN</arg>
<arg>VU</arg>
<arg>WF</arg>
<arg>WS</arg>
<arg>XK</arg>
<arg>YE</arg>
<arg>YT</arg>
<arg>ZA</arg>
<arg>ZM</arg>
<arg>ZW</arg>
<doc>Returns a list containing given items.</doc>
<status status="PASS" start="2024-08-09T04:18:44.408532" elapsed="0.000618"/>
</kw>
<kw name="List Should Contain Value" owner="Collections">
<arg>${list_country}</arg>
<arg>${name_country}</arg>
<doc>Fails if the ``value`` is not found from ``list``.</doc>
<status status="PASS" start="2024-08-09T04:18:44.410100" elapsed="0.000212"/>
</kw>
<kw name="Run Keyword If" owner="BuiltIn">
<kw name="Should Be True" owner="BuiltIn">
<arg>${True}</arg>
<doc>Fails if the given condition is not true.</doc>
<status status="PASS" start="2024-08-09T04:18:44.411243" elapsed="0.000142"/>
</kw>
<arg>${json_data["results"][0]["location"]["coordinates"]["latitude"]} &gt;= -90 and ${json_data["results"][0]["location"]["coordinates"]["latitude"]} &lt;= 90</arg>
<arg>Should Be True</arg>
<arg>${True}</arg>
<doc>Runs the given keyword with the given arguments, if ``condition`` is true.</doc>
<status status="PASS" start="2024-08-09T04:18:44.410509" elapsed="0.001001"/>
</kw>
<kw name="Run Keyword If" owner="BuiltIn">
<kw name="Should Be True" owner="BuiltIn">
<arg>${True}</arg>
<doc>Fails if the given condition is not true.</doc>
<status status="PASS" start="2024-08-09T04:18:44.412379" elapsed="0.000135"/>
</kw>
<arg>${json_data["results"][0]["location"]["coordinates"]["longitude"]} &gt;= -180 and ${json_data["results"][0]["location"]["coordinates"]["longitude"]} &lt;= 180</arg>
<arg>Should Be True</arg>
<arg>${True}</arg>
<doc>Runs the given keyword with the given arguments, if ``condition`` is true.</doc>
<status status="PASS" start="2024-08-09T04:18:44.411689" elapsed="0.000946"/>
</kw>
<status status="PASS" start="2024-08-09T04:18:44.307318" elapsed="0.105442"/>
</kw>
<doc>Testa o conteúdo específico dos campos retornados pela API.</doc>
<tag>testeConteudo</tag>
<status status="PASS" start="2024-08-09T04:18:44.306907" elapsed="0.105995"/>
</test>
<status status="PASS" start="2024-08-09T04:18:43.347385" elapsed="1.067368"/>
</suite>
<status status="PASS" start="2024-08-09T04:18:43.333355" elapsed="1.086309"/>
</suite>
<statistics>
<total>
<stat pass="5" fail="0" skip="0">All Tests</stat>
</total>
<tag>
<stat pass="1" fail="0" skip="0">testeConteudo</stat>
<stat pass="1" fail="0" skip="0">testeEstruturaResposta</stat>
<stat pass="1" fail="0" skip="0">testeRequisicaoBasica</stat>
<stat pass="1" fail="0" skip="0">testeTiposDados</stat>
</tag>
<suite>
<stat pass="5" fail="0" skip="0" id="s1" name="Tests">Tests</stat>
<stat pass="5" fail="0" skip="0" id="s1-s1" name="Random-User-Test">Tests.Random-User-Test</stat>
</suite>
</statistics>
<errors>
</errors>
</robot>
