<?xml version="1.0" encoding="UTF-8"?>
<robot generator="Robot 7.0.1 (Python 3.12.4 on linux)" generated="2024-07-07T09:16:34.503370" rpa="false" schemaversion="5">
<suite id="s1" name="Tests" source="/home/runner/work/ApiRandomUser/ApiRandomUser/RamdonUser/tests">
<suite id="s1-s1" name="Random-User-Test" source="/home/runner/work/ApiRandomUser/ApiRandomUser/RamdonUser/tests/random-user-test.robot">
<test id="s1-s1-t1" name="Conectar" line="13">
<kw name="Conectar API" owner="random-user-service">
<kw name="Create Session" owner="RequestsLibrary">
<msg time="2024-07-07T09:16:34.924546" level="INFO">Creating Session using : alias=consultarAPI, url=https://randomuser.me/, headers={},                     cookies={}, auth=None, timeout=None, proxies=None, verify=False,                     debug=0 </msg>
<arg>consultarAPI</arg>
<arg>${URL}</arg>
<doc>Create Session: create a HTTP session to a server</doc>
<status status="PASS" start="2024-07-07T09:16:34.924279" elapsed="0.000494"/>
</kw>
<status status="PASS" start="2024-07-07T09:16:34.922908" elapsed="0.002312"/>
</kw>
<status status="PASS" start="2024-07-07T09:16:34.922251" elapsed="0.003251"/>
</test>
<test id="s1-s1-t2" name="Validar retorno 200 e JSON Válido" line="16">
<kw name="Teste de Requisicao Basica" owner="random-user-service">
<kw name="GET On Session" owner="RequestsLibrary">
<msg time="2024-07-07T09:16:35.049746" level="INFO">GET Request : url=https://randomuser.me/api 
 path_url=/api 
 headers={'User-Agent': 'python-requests/2.32.3', 'Accept-Encoding': 'gzip, deflate', 'Accept': '*/*', 'Connection': 'keep-alive'} 
 body=None 
 </msg>
<msg time="2024-07-07T09:16:35.049900" level="INFO">GET Response : url=https://randomuser.me/api 
 status=200, reason=OK 
 headers={'Date': 'Sun, 07 Jul 2024 09:16:35 GMT', 'Content-Type': 'application/json; charset=utf-8', 'Transfer-Encoding': 'chunked', 'Connection': 'keep-alive', 'X-Powered-By': 'Express', 'Access-Control-Allow-Origin': '*', 'Cache-Control': 'no-cache', 'ETag': 'W/"49b-z711f4z77SIs+hLe11pHola3AZQ"', 'Vary': 'Accept-Encoding', 'Content-Encoding': 'gzip', 'CF-Cache-Status': 'DYNAMIC', 'Report-To': '{"endpoints":[{"url":"https:\\/\\/a.nel.cloudflare.com\\/report\\/v4?s=Y7nFKBZ7aSF7ydnYGmYmQYIcLJwV8P8Z%2BX9iU1YIsuhSteunxegbCQ29KN0e8N12d%2FRKwObfkthSLyoOHbhwlCxmqqydnCQerqmfZTkM1z1xTOaiyn%2FGF0jqOaFcRlb9"}],"group":"cf-nel","max_age":604800}', 'NEL': '{"success_fraction":0,"report_to":"cf-nel","max_age":604800}', 'Server': 'cloudflare', 'CF-RAY': '89f6bc8edb203b8f-IAD', 'alt-svc': 'h3=":443"; ma=86400'} 
 body={"results":[{"gender":"male","name":{"title":"Mr","first":"محمدمهدی","last":"كامياران"},"location":{"street":{"number":4723,"name":"شهید بهشتی"},"city":"پاکدشت","state":"فارس","country":"Iran","postcode":78017,"coordinates":{"latitude":"20.3332","longitude":"-147.3947"},"timezone":{"offset":"-3:00","description":"Brazil, Buenos Aires, Georgetown"}},"email":"mhmdmhdy.kmyrn@example.com","login":{"uuid":"c8576d7c-0cfe-40b2-a4e6-51fed8ec53a1","username":"tinygorilla423","password":"cowboy","salt":"aV84aRjN","md5":"1443d21fc240a741ba4e1444295ebd8a","sha1":"b58363d5f509c8aeb309b01510a3fd9856495dc0","sha256":"1eba09884df93725fc6ce6417b10f2df8dd2a4beecbaff27955bbdf197eee492"},"dob":{"date":"1948-06-24T17:45:02.237Z","age":76},"registered":{"date":"2021-10-19T15:14:55.384Z","age":2},"phone":"085-98316122","cell":"0940-401-9368","id":{"name":"","value":null},"picture":{"large":"https://randomuser.me/api/portraits/men/91.jpg","medium":"https://randomuser.me/api/portraits/med/men/91.jpg","thumbnail":"https://randomuser.me/api/portraits/thumb/men/91.jpg"},"nat":"IR"}],"info":{"seed":"d3499f209659c3d5","results":1,"page":1,"version":"1.4"}} 
 </msg>
<msg time="2024-07-07T09:16:35.050004" level="INFO">/opt/hostedtoolcache/Python/3.12.4/x64/lib/python3.12/site-packages/urllib3/connectionpool.py:1099: InsecureRequestWarning: Unverified HTTPS request is being made to host 'randomuser.me'. Adding certificate verification is strongly advised. See: https://urllib3.readthedocs.io/en/latest/advanced-usage.html#tls-warnings
  warnings.warn(</msg>
<msg time="2024-07-07T09:16:35.050128" level="INFO">${response} = &lt;Response [200]&gt;</msg>
<var>${response}</var>
<arg>consultarAPI</arg>
<arg>/api</arg>
<doc>Sends a GET request on a previously created HTTP Session.</doc>
<status status="PASS" start="2024-07-07T09:16:34.929158" elapsed="0.121005"/>
</kw>
<kw name="Should Be Equal As Numbers" owner="BuiltIn">
<msg time="2024-07-07T09:16:35.051032" level="INFO">Argument types are:
&lt;class 'int'&gt;
&lt;class 'str'&gt;</msg>
<arg>${response.status_code}</arg>
<arg>200</arg>
<doc>Fails if objects are unequal after converting them to real numbers.</doc>
<status status="PASS" start="2024-07-07T09:16:35.050612" elapsed="0.000484"/>
</kw>
<kw name="Log" owner="BuiltIn">
<msg time="2024-07-07T09:16:35.051774" level="INFO">200</msg>
<arg>${response.status_code}</arg>
<doc>Logs the given message with the given level.</doc>
<status status="PASS" start="2024-07-07T09:16:35.051416" elapsed="0.000401"/>
</kw>
<kw name="Set Variable" owner="BuiltIn">
<msg time="2024-07-07T09:16:35.052612" level="INFO">${json_data} = {'results': [{'gender': 'male', 'name': {'title': 'Mr', 'first': 'محمدمهدی', 'last': 'كامياران'}, 'location': {'street': {'number': 4723, 'name': 'شهید بهشتی'}, 'city': 'پاکدشت', 'state': 'فارس', 'cou...</msg>
<var>${json_data}</var>
<arg>${response.json()}</arg>
<doc>Returns the given values which can then be assigned to a variables.</doc>
<status status="PASS" start="2024-07-07T09:16:35.052122" elapsed="0.000521"/>
</kw>
<kw name="Dictionary Should Contain Key" owner="Collections">
<arg>${json_data}</arg>
<arg>results</arg>
<doc>Fails if ``key`` is not found from ``dictionary``.</doc>
<status status="PASS" start="2024-07-07T09:16:35.052949" elapsed="0.000165"/>
</kw>
<status status="PASS" start="2024-07-07T09:16:34.928824" elapsed="0.124444"/>
</kw>
<doc>Testa se a API responde corretamente e retorna um objeto JSON válido.</doc>
<tag>testeRequisicaoBasica</tag>
<status status="PASS" start="2024-07-07T09:16:34.928217" elapsed="0.125218"/>
</test>
<test id="s1-s1-t3" name="Validar estrutura de resposta" line="22">
<kw name="Teste de Estrutura de Resposta" owner="random-user-service">
<kw name="GET On Session" owner="RequestsLibrary">
<msg time="2024-07-07T09:16:35.145305" level="INFO">GET Request : url=https://randomuser.me/api 
 path_url=/api 
 headers={'User-Agent': 'python-requests/2.32.3', 'Accept-Encoding': 'gzip, deflate', 'Accept': '*/*', 'Connection': 'keep-alive'} 
 body=None 
 </msg>
<msg time="2024-07-07T09:16:35.145384" level="INFO">GET Response : url=https://randomuser.me/api 
 status=200, reason=OK 
 headers={'Date': 'Sun, 07 Jul 2024 09:16:35 GMT', 'Content-Type': 'application/json; charset=utf-8', 'Transfer-Encoding': 'chunked', 'Connection': 'keep-alive', 'X-Powered-By': 'Express', 'Access-Control-Allow-Origin': '*', 'Cache-Control': 'no-cache', 'ETag': 'W/"48b-rydrKvvqhBuxBLoS96kNFVSxDqw"', 'Vary': 'Accept-Encoding', 'Content-Encoding': 'gzip', 'CF-Cache-Status': 'DYNAMIC', 'Report-To': '{"endpoints":[{"url":"https:\\/\\/a.nel.cloudflare.com\\/report\\/v4?s=wsDYIAvF2qf9K3vp4rDzwYbfRjrVlRG%2BTPjju90az%2Bdpj5JiAFOz1fns1d2RN%2BfOhNVZsyMXB8TzScRfvtwRX5cr9lB8PKh%2BVOMt9WMZufxjrdWnIV0dE1go0dD8Gtii"}],"group":"cf-nel","max_age":604800}', 'NEL': '{"success_fraction":0,"report_to":"cf-nel","max_age":604800}', 'Server': 'cloudflare', 'CF-RAY': '89f6bc8f1b603b8f-IAD', 'alt-svc': 'h3=":443"; ma=86400'} 
 body={"results":[{"gender":"male","name":{"title":"Mr","first":"Gerd","last":"Hartwich"},"location":{"street":{"number":1374,"name":"Kiefernweg"},"city":"Spremberg","state":"Niedersachsen","country":"Germany","postcode":89883,"coordinates":{"latitude":"-51.3156","longitude":"-83.0753"},"timezone":{"offset":"-1:00","description":"Azores, Cape Verde Islands"}},"email":"gerd.hartwich@example.com","login":{"uuid":"44627d8e-8b5e-41ce-8849-18aba172c53f","username":"crazymeercat172","password":"loud","salt":"IRu4eW6p","md5":"685e31896ad5c86b3ab8bbaff2dbdb50","sha1":"71d53a57da28f890f49f661440d056581e14f9cf","sha256":"c750b1dd113404f6e2efe3b7b4acea5e6d470fc90df3f5f9a86600e999e1efd2"},"dob":{"date":"1975-05-30T06:03:14.192Z","age":49},"registered":{"date":"2014-12-26T23:35:43.755Z","age":9},"phone":"0614-1832965","cell":"0176-7182162","id":{"name":"SVNR","value":"66 300575 H 418"},"picture":{"large":"https://randomuser.me/api/portraits/men/74.jpg","medium":"https://randomuser.me/api/portraits/med/men/74.jpg","thumbnail":"https://randomuser.me/api/portraits/thumb/men/74.jpg"},"nat":"DE"}],"info":{"seed":"5c46258012a1d637","results":1,"page":1,"version":"1.4"}} 
 </msg>
<msg time="2024-07-07T09:16:35.145500" level="INFO">/opt/hostedtoolcache/Python/3.12.4/x64/lib/python3.12/site-packages/urllib3/connectionpool.py:1099: InsecureRequestWarning: Unverified HTTPS request is being made to host 'randomuser.me'. Adding certificate verification is strongly advised. See: https://urllib3.readthedocs.io/en/latest/advanced-usage.html#tls-warnings
  warnings.warn(</msg>
<msg time="2024-07-07T09:16:35.145607" level="INFO">${response} = &lt;Response [200]&gt;</msg>
<var>${response}</var>
<arg>consultarAPI</arg>
<arg>/api</arg>
<doc>Sends a GET request on a previously created HTTP Session.</doc>
<status status="PASS" start="2024-07-07T09:16:35.056016" elapsed="0.089634"/>
</kw>
<kw name="Set Variable" owner="BuiltIn">
<msg time="2024-07-07T09:16:35.146744" level="INFO">${json_data} = {'results': [{'gender': 'male', 'name': {'title': 'Mr', 'first': 'Gerd', 'last': 'Hartwich'}, 'location': {'street': {'number': 1374, 'name': 'Kiefernweg'}, 'city': 'Spremberg', 'state': 'Niedersachse...</msg>
<var>${json_data}</var>
<arg>${response.json()}</arg>
<doc>Returns the given values which can then be assigned to a variables.</doc>
<status status="PASS" start="2024-07-07T09:16:35.146181" elapsed="0.000591"/>
</kw>
<kw name="Log" owner="BuiltIn">
<msg time="2024-07-07T09:16:35.147245" level="INFO">{'results': [{'gender': 'male', 'name': {'title': 'Mr', 'first': 'Gerd', 'last': 'Hartwich'}, 'location': {'street': {'number': 1374, 'name': 'Kiefernweg'}, 'city': 'Spremberg', 'state': 'Niedersachsen', 'country': 'Germany', 'postcode': 89883, 'coordinates': {'latitude': '-51.3156', 'longitude': '-83.0753'}, 'timezone': {'offset': '-1:00', 'description': 'Azores, Cape Verde Islands'}}, 'email': 'gerd.hartwich@example.com', 'login': {'uuid': '44627d8e-8b5e-41ce-8849-18aba172c53f', 'username': 'crazymeercat172', 'password': 'loud', 'salt': 'IRu4eW6p', 'md5': '685e31896ad5c86b3ab8bbaff2dbdb50', 'sha1': '71d53a57da28f890f49f661440d056581e14f9cf', 'sha256': 'c750b1dd113404f6e2efe3b7b4acea5e6d470fc90df3f5f9a86600e999e1efd2'}, 'dob': {'date': '1975-05-30T06:03:14.192Z', 'age': 49}, 'registered': {'date': '2014-12-26T23:35:43.755Z', 'age': 9}, 'phone': '0614-1832965', 'cell': '0176-7182162', 'id': {'name': 'SVNR', 'value': '66 300575 H 418'}, 'picture': {'large': 'https://randomuser.me/api/portraits/men/74.jpg', 'medium': 'https://randomuser.me/api/portraits/med/men/74.jpg', 'thumbnail': 'https://randomuser.me/api/portraits/thumb/men/74.jpg'}, 'nat': 'DE'}], 'info': {'seed': '5c46258012a1d637', 'results': 1, 'page': 1, 'version': '1.4'}}</msg>
<arg>${json_data}</arg>
<doc>Logs the given message with the given level.</doc>
<status status="PASS" start="2024-07-07T09:16:35.147086" elapsed="0.000207"/>
</kw>
<kw name="Dictionary Should Contain Key" owner="Collections">
<arg>${json_data}</arg>
<arg>results</arg>
<doc>Fails if ``key`` is not found from ``dictionary``.</doc>
<status status="PASS" start="2024-07-07T09:16:35.147585" elapsed="0.000159"/>
</kw>
<kw name="Should Not Be Empty" owner="BuiltIn">
<msg time="2024-07-07T09:16:35.148066" level="INFO">Length is 2.</msg>
<arg>${json_data}</arg>
<doc>Verifies that the given item is not empty.</doc>
<status status="PASS" start="2024-07-07T09:16:35.147931" elapsed="0.000175"/>
</kw>
<kw name="Create List" owner="BuiltIn">
<msg time="2024-07-07T09:16:35.148749" level="INFO">${expected_keys} = ['gender', 'name', 'location', 'email', 'login']</msg>
<var>${expected_keys}</var>
<arg>gender</arg>
<arg>name</arg>
<arg>location</arg>
<arg>email</arg>
<arg>login</arg>
<doc>Returns a list containing given items.</doc>
<status status="PASS" start="2024-07-07T09:16:35.148453" elapsed="0.000321"/>
</kw>
<for flavor="IN">
<iter>
<kw name="Dictionary Should Contain Key" owner="Collections">
<arg>${json_data['results'][0]}</arg>
<arg>${key}</arg>
<doc>Fails if ``key`` is not found from ``dictionary``.</doc>
<status status="PASS" start="2024-07-07T09:16:35.149358" elapsed="0.000406"/>
</kw>
<kw name="Log" owner="BuiltIn">
<msg time="2024-07-07T09:16:35.150316" level="INFO">{'gender': 'male', 'name': {'title': 'Mr', 'first': 'Gerd', 'last': 'Hartwich'}, 'location': {'street': {'number': 1374, 'name': 'Kiefernweg'}, 'city': 'Spremberg', 'state': 'Niedersachsen', 'country': 'Germany', 'postcode': 89883, 'coordinates': {'latitude': '-51.3156', 'longitude': '-83.0753'}, 'timezone': {'offset': '-1:00', 'description': 'Azores, Cape Verde Islands'}}, 'email': 'gerd.hartwich@example.com', 'login': {'uuid': '44627d8e-8b5e-41ce-8849-18aba172c53f', 'username': 'crazymeercat172', 'password': 'loud', 'salt': 'IRu4eW6p', 'md5': '685e31896ad5c86b3ab8bbaff2dbdb50', 'sha1': '71d53a57da28f890f49f661440d056581e14f9cf', 'sha256': 'c750b1dd113404f6e2efe3b7b4acea5e6d470fc90df3f5f9a86600e999e1efd2'}, 'dob': {'date': '1975-05-30T06:03:14.192Z', 'age': 49}, 'registered': {'date': '2014-12-26T23:35:43.755Z', 'age': 9}, 'phone': '0614-1832965', 'cell': '0176-7182162', 'id': {'name': 'SVNR', 'value': '66 300575 H 418'}, 'picture': {'large': 'https://randomuser.me/api/portraits/men/74.jpg', 'medium': 'https://randomuser.me/api/portraits/med/men/74.jpg', 'thumbnail': 'https://randomuser.me/api/portraits/thumb/men/74.jpg'}, 'nat': 'DE'}</msg>
<arg>${json_data['results'][0]}</arg>
<doc>Logs the given message with the given level.</doc>
<status status="PASS" start="2024-07-07T09:16:35.149953" elapsed="0.000414"/>
</kw>
<kw name="Log" owner="BuiltIn">
<msg time="2024-07-07T09:16:35.150799" level="INFO">gender</msg>
<arg>${key}</arg>
<doc>Logs the given message with the given level.</doc>
<status status="PASS" start="2024-07-07T09:16:35.150669" elapsed="0.000169"/>
</kw>
<var name="${key}">gender</var>
<status status="PASS" start="2024-07-07T09:16:35.149229" elapsed="0.001828"/>
</iter>
<iter>
<kw name="Dictionary Should Contain Key" owner="Collections">
<arg>${json_data['results'][0]}</arg>
<arg>${key}</arg>
<doc>Fails if ``key`` is not found from ``dictionary``.</doc>
<status status="PASS" start="2024-07-07T09:16:35.151365" elapsed="0.000394"/>
</kw>
<kw name="Log" owner="BuiltIn">
<msg time="2024-07-07T09:16:35.152348" level="INFO">{'gender': 'male', 'name': {'title': 'Mr', 'first': 'Gerd', 'last': 'Hartwich'}, 'location': {'street': {'number': 1374, 'name': 'Kiefernweg'}, 'city': 'Spremberg', 'state': 'Niedersachsen', 'country': 'Germany', 'postcode': 89883, 'coordinates': {'latitude': '-51.3156', 'longitude': '-83.0753'}, 'timezone': {'offset': '-1:00', 'description': 'Azores, Cape Verde Islands'}}, 'email': 'gerd.hartwich@example.com', 'login': {'uuid': '44627d8e-8b5e-41ce-8849-18aba172c53f', 'username': 'crazymeercat172', 'password': 'loud', 'salt': 'IRu4eW6p', 'md5': '685e31896ad5c86b3ab8bbaff2dbdb50', 'sha1': '71d53a57da28f890f49f661440d056581e14f9cf', 'sha256': 'c750b1dd113404f6e2efe3b7b4acea5e6d470fc90df3f5f9a86600e999e1efd2'}, 'dob': {'date': '1975-05-30T06:03:14.192Z', 'age': 49}, 'registered': {'date': '2014-12-26T23:35:43.755Z', 'age': 9}, 'phone': '0614-1832965', 'cell': '0176-7182162', 'id': {'name': 'SVNR', 'value': '66 300575 H 418'}, 'picture': {'large': 'https://randomuser.me/api/portraits/men/74.jpg', 'medium': 'https://randomuser.me/api/portraits/med/men/74.jpg', 'thumbnail': 'https://randomuser.me/api/portraits/thumb/men/74.jpg'}, 'nat': 'DE'}</msg>
<arg>${json_data['results'][0]}</arg>
<doc>Logs the given message with the given level.</doc>
<status status="PASS" start="2024-07-07T09:16:35.151953" elapsed="0.000479"/>
</kw>
<kw name="Log" owner="BuiltIn">
<msg time="2024-07-07T09:16:35.152868" level="INFO">name</msg>
<arg>${key}</arg>
<doc>Logs the given message with the given level.</doc>
<status status="PASS" start="2024-07-07T09:16:35.152738" elapsed="0.000174"/>
</kw>
<var name="${key}">name</var>
<status status="PASS" start="2024-07-07T09:16:35.151246" elapsed="0.001884"/>
</iter>
<iter>
<kw name="Dictionary Should Contain Key" owner="Collections">
<arg>${json_data['results'][0]}</arg>
<arg>${key}</arg>
<doc>Fails if ``key`` is not found from ``dictionary``.</doc>
<status status="PASS" start="2024-07-07T09:16:35.153417" elapsed="0.000381"/>
</kw>
<kw name="Log" owner="BuiltIn">
<msg time="2024-07-07T09:16:35.154334" level="INFO">{'gender': 'male', 'name': {'title': 'Mr', 'first': 'Gerd', 'last': 'Hartwich'}, 'location': {'street': {'number': 1374, 'name': 'Kiefernweg'}, 'city': 'Spremberg', 'state': 'Niedersachsen', 'country': 'Germany', 'postcode': 89883, 'coordinates': {'latitude': '-51.3156', 'longitude': '-83.0753'}, 'timezone': {'offset': '-1:00', 'description': 'Azores, Cape Verde Islands'}}, 'email': 'gerd.hartwich@example.com', 'login': {'uuid': '44627d8e-8b5e-41ce-8849-18aba172c53f', 'username': 'crazymeercat172', 'password': 'loud', 'salt': 'IRu4eW6p', 'md5': '685e31896ad5c86b3ab8bbaff2dbdb50', 'sha1': '71d53a57da28f890f49f661440d056581e14f9cf', 'sha256': 'c750b1dd113404f6e2efe3b7b4acea5e6d470fc90df3f5f9a86600e999e1efd2'}, 'dob': {'date': '1975-05-30T06:03:14.192Z', 'age': 49}, 'registered': {'date': '2014-12-26T23:35:43.755Z', 'age': 9}, 'phone': '0614-1832965', 'cell': '0176-7182162', 'id': {'name': 'SVNR', 'value': '66 300575 H 418'}, 'picture': {'large': 'https://randomuser.me/api/portraits/men/74.jpg', 'medium': 'https://randomuser.me/api/portraits/med/men/74.jpg', 'thumbnail': 'https://randomuser.me/api/portraits/thumb/men/74.jpg'}, 'nat': 'DE'}</msg>
<arg>${json_data['results'][0]}</arg>
<doc>Logs the given message with the given level.</doc>
<status status="PASS" start="2024-07-07T09:16:35.153981" elapsed="0.000402"/>
</kw>
<kw name="Log" owner="BuiltIn">
<msg time="2024-07-07T09:16:35.154810" level="INFO">location</msg>
<arg>${key}</arg>
<doc>Logs the given message with the given level.</doc>
<status status="PASS" start="2024-07-07T09:16:35.154681" elapsed="0.000166"/>
</kw>
<var name="${key}">location</var>
<status status="PASS" start="2024-07-07T09:16:35.153308" elapsed="0.001755"/>
</iter>
<iter>
<kw name="Dictionary Should Contain Key" owner="Collections">
<arg>${json_data['results'][0]}</arg>
<arg>${key}</arg>
<doc>Fails if ``key`` is not found from ``dictionary``.</doc>
<status status="PASS" start="2024-07-07T09:16:35.155352" elapsed="0.000387"/>
</kw>
<kw name="Log" owner="BuiltIn">
<msg time="2024-07-07T09:16:35.156311" level="INFO">{'gender': 'male', 'name': {'title': 'Mr', 'first': 'Gerd', 'last': 'Hartwich'}, 'location': {'street': {'number': 1374, 'name': 'Kiefernweg'}, 'city': 'Spremberg', 'state': 'Niedersachsen', 'country': 'Germany', 'postcode': 89883, 'coordinates': {'latitude': '-51.3156', 'longitude': '-83.0753'}, 'timezone': {'offset': '-1:00', 'description': 'Azores, Cape Verde Islands'}}, 'email': 'gerd.hartwich@example.com', 'login': {'uuid': '44627d8e-8b5e-41ce-8849-18aba172c53f', 'username': 'crazymeercat172', 'password': 'loud', 'salt': 'IRu4eW6p', 'md5': '685e31896ad5c86b3ab8bbaff2dbdb50', 'sha1': '71d53a57da28f890f49f661440d056581e14f9cf', 'sha256': 'c750b1dd113404f6e2efe3b7b4acea5e6d470fc90df3f5f9a86600e999e1efd2'}, 'dob': {'date': '1975-05-30T06:03:14.192Z', 'age': 49}, 'registered': {'date': '2014-12-26T23:35:43.755Z', 'age': 9}, 'phone': '0614-1832965', 'cell': '0176-7182162', 'id': {'name': 'SVNR', 'value': '66 300575 H 418'}, 'picture': {'large': 'https://randomuser.me/api/portraits/men/74.jpg', 'medium': 'https://randomuser.me/api/portraits/med/men/74.jpg', 'thumbnail': 'https://randomuser.me/api/portraits/thumb/men/74.jpg'}, 'nat': 'DE'}</msg>
<arg>${json_data['results'][0]}</arg>
<doc>Logs the given message with the given level.</doc>
<status status="PASS" start="2024-07-07T09:16:35.155928" elapsed="0.000433"/>
</kw>
<kw name="Log" owner="BuiltIn">
<msg time="2024-07-07T09:16:35.156782" level="INFO">email</msg>
<arg>${key}</arg>
<doc>Logs the given message with the given level.</doc>
<status status="PASS" start="2024-07-07T09:16:35.156654" elapsed="0.000166"/>
</kw>
<var name="${key}">email</var>
<status status="PASS" start="2024-07-07T09:16:35.155244" elapsed="0.001796"/>
</iter>
<iter>
<kw name="Dictionary Should Contain Key" owner="Collections">
<arg>${json_data['results'][0]}</arg>
<arg>${key}</arg>
<doc>Fails if ``key`` is not found from ``dictionary``.</doc>
<status status="PASS" start="2024-07-07T09:16:35.157325" elapsed="0.000399"/>
</kw>
<kw name="Log" owner="BuiltIn">
<msg time="2024-07-07T09:16:35.158261" level="INFO">{'gender': 'male', 'name': {'title': 'Mr', 'first': 'Gerd', 'last': 'Hartwich'}, 'location': {'street': {'number': 1374, 'name': 'Kiefernweg'}, 'city': 'Spremberg', 'state': 'Niedersachsen', 'country': 'Germany', 'postcode': 89883, 'coordinates': {'latitude': '-51.3156', 'longitude': '-83.0753'}, 'timezone': {'offset': '-1:00', 'description': 'Azores, Cape Verde Islands'}}, 'email': 'gerd.hartwich@example.com', 'login': {'uuid': '44627d8e-8b5e-41ce-8849-18aba172c53f', 'username': 'crazymeercat172', 'password': 'loud', 'salt': 'IRu4eW6p', 'md5': '685e31896ad5c86b3ab8bbaff2dbdb50', 'sha1': '71d53a57da28f890f49f661440d056581e14f9cf', 'sha256': 'c750b1dd113404f6e2efe3b7b4acea5e6d470fc90df3f5f9a86600e999e1efd2'}, 'dob': {'date': '1975-05-30T06:03:14.192Z', 'age': 49}, 'registered': {'date': '2014-12-26T23:35:43.755Z', 'age': 9}, 'phone': '0614-1832965', 'cell': '0176-7182162', 'id': {'name': 'SVNR', 'value': '66 300575 H 418'}, 'picture': {'large': 'https://randomuser.me/api/portraits/men/74.jpg', 'medium': 'https://randomuser.me/api/portraits/med/men/74.jpg', 'thumbnail': 'https://randomuser.me/api/portraits/thumb/men/74.jpg'}, 'nat': 'DE'}</msg>
<arg>${json_data['results'][0]}</arg>
<doc>Logs the given message with the given level.</doc>
<status status="PASS" start="2024-07-07T09:16:35.157909" elapsed="0.000401"/>
</kw>
<kw name="Log" owner="BuiltIn">
<msg time="2024-07-07T09:16:35.158727" level="INFO">login</msg>
<arg>${key}</arg>
<doc>Logs the given message with the given level.</doc>
<status status="PASS" start="2024-07-07T09:16:35.158599" elapsed="0.000165"/>
</kw>
<var name="${key}">login</var>
<status status="PASS" start="2024-07-07T09:16:35.157212" elapsed="0.001765"/>
</iter>
<var>${key}</var>
<value>@{expected_keys}</value>
<status status="PASS" start="2024-07-07T09:16:35.149041" elapsed="0.010057"/>
</for>
<kw name="Create List" owner="BuiltIn">
<msg time="2024-07-07T09:16:35.159454" level="INFO">${expected_keysTwo} = ['username', 'password']</msg>
<var>${expected_keysTwo}</var>
<arg>username</arg>
<arg>password</arg>
<doc>Returns a list containing given items.</doc>
<status status="PASS" start="2024-07-07T09:16:35.159287" elapsed="0.000219"/>
</kw>
<for flavor="IN">
<iter>
<kw name="Dictionary Should Contain Key" owner="Collections">
<arg>${json_data['results'][0]['login']}</arg>
<arg>${keyTwo}</arg>
<doc>Fails if ``key`` is not found from ``dictionary``.</doc>
<status status="PASS" start="2024-07-07T09:16:35.160013" elapsed="0.000419"/>
</kw>
<kw name="Dictionary Should Contain Key" owner="Collections">
<arg>${json_data['results'][0]['login']}</arg>
<arg>${keyTwo}</arg>
<doc>Fails if ``key`` is not found from ``dictionary``.</doc>
<status status="PASS" start="2024-07-07T09:16:35.160616" elapsed="0.000378"/>
</kw>
<kw name="Log" owner="BuiltIn">
<msg time="2024-07-07T09:16:35.161308" level="INFO">username</msg>
<arg>${keyTwo}</arg>
<doc>Logs the given message with the given level.</doc>
<status status="PASS" start="2024-07-07T09:16:35.161184" elapsed="0.000162"/>
</kw>
<var name="${keyTwo}">username</var>
<status status="PASS" start="2024-07-07T09:16:35.159905" elapsed="0.001665"/>
</iter>
<iter>
<kw name="Dictionary Should Contain Key" owner="Collections">
<arg>${json_data['results'][0]['login']}</arg>
<arg>${keyTwo}</arg>
<doc>Fails if ``key`` is not found from ``dictionary``.</doc>
<status status="PASS" start="2024-07-07T09:16:35.161847" elapsed="0.000390"/>
</kw>
<kw name="Dictionary Should Contain Key" owner="Collections">
<arg>${json_data['results'][0]['login']}</arg>
<arg>${keyTwo}</arg>
<doc>Fails if ``key`` is not found from ``dictionary``.</doc>
<status status="PASS" start="2024-07-07T09:16:35.162416" elapsed="0.000364"/>
</kw>
<kw name="Log" owner="BuiltIn">
<msg time="2024-07-07T09:16:35.163081" level="INFO">password</msg>
<arg>${keyTwo}</arg>
<doc>Logs the given message with the given level.</doc>
<status status="PASS" start="2024-07-07T09:16:35.162962" elapsed="0.000161"/>
</kw>
<var name="${keyTwo}">password</var>
<status status="PASS" start="2024-07-07T09:16:35.161741" elapsed="0.001738"/>
</iter>
<var>${keyTwo}</var>
<value>@{expected_keysTwo}</value>
<status status="PASS" start="2024-07-07T09:16:35.159753" elapsed="0.003854"/>
</for>
<status status="PASS" start="2024-07-07T09:16:35.055781" elapsed="0.107971"/>
</kw>
<doc>Testa a estrutura da resposta da API.</doc>
<tag>testeEstruturaResposta</tag>
<status status="PASS" start="2024-07-07T09:16:35.055272" elapsed="0.108636"/>
</test>
<test id="s1-s1-t4" name="Validar tipos de dados" line="28">
<kw name="Teste de Tipos de Dados" owner="random-user-service">
<kw name="GET On Session" owner="RequestsLibrary">
<msg time="2024-07-07T09:16:35.244100" level="INFO">GET Request : url=https://randomuser.me/api 
 path_url=/api 
 headers={'User-Agent': 'python-requests/2.32.3', 'Accept-Encoding': 'gzip, deflate', 'Accept': '*/*', 'Connection': 'keep-alive'} 
 body=None 
 </msg>
<msg time="2024-07-07T09:16:35.244205" level="INFO">GET Response : url=https://randomuser.me/api 
 status=200, reason=OK 
 headers={'Date': 'Sun, 07 Jul 2024 09:16:35 GMT', 'Content-Type': 'application/json; charset=utf-8', 'Transfer-Encoding': 'chunked', 'Connection': 'keep-alive', 'X-Powered-By': 'Express', 'Access-Control-Allow-Origin': '*', 'Cache-Control': 'no-cache', 'ETag': 'W/"48d-P5daNTj6QV4DKBXqZrOyXEEyALc"', 'Vary': 'Accept-Encoding', 'Content-Encoding': 'gzip', 'CF-Cache-Status': 'DYNAMIC', 'Report-To': '{"endpoints":[{"url":"https:\\/\\/a.nel.cloudflare.com\\/report\\/v4?s=3dOeAyEd1FZYL9BfhS44ws7I3TXCWKXaSckZed43dGkg1PjPEXF30U%2F%2BMXHoiAfPg5rTFApgzsvPz9rTO7UY3vs5eTiqX7JzSkyeGYiVbO9OovERhCBORl4jBWbmu2kN"}],"group":"cf-nel","max_age":604800}', 'NEL': '{"success_fraction":0,"report_to":"cf-nel","max_age":604800}', 'Server': 'cloudflare', 'CF-RAY': '89f6bc8fcbec3b8f-IAD', 'alt-svc': 'h3=":443"; ma=86400'} 
 body={"results":[{"gender":"female","name":{"title":"Ms","first":"Iva","last":"Lončarević"},"location":{"street":{"number":2566,"name":"Plavljanska"},"city":"Varvarin","state":"Kosovo","country":"Serbia","postcode":72101,"coordinates":{"latitude":"61.0651","longitude":"144.1775"},"timezone":{"offset":"+4:00","description":"Abu Dhabi, Muscat, Baku, Tbilisi"}},"email":"iva.loncarevic@example.com","login":{"uuid":"45ea4ae2-b7ed-45f4-83f2-1cafd646db1c","username":"bigbird783","password":"wrestling","salt":"B41u8sVm","md5":"26db669804727d199a91a8b7356ee7f7","sha1":"e9e2682ce55f0d91a1a1bf39b81d14186811d997","sha256":"faf76778ed4b29898701eac6e57b5090dd820f16d368d27f64d7c60235d6e72e"},"dob":{"date":"1981-09-19T03:15:25.307Z","age":42},"registered":{"date":"2021-04-21T00:19:38.419Z","age":3},"phone":"022-4870-807","cell":"069-0545-878","id":{"name":"SID","value":"391052217"},"picture":{"large":"https://randomuser.me/api/portraits/women/81.jpg","medium":"https://randomuser.me/api/portraits/med/women/81.jpg","thumbnail":"https://randomuser.me/api/portraits/thumb/women/81.jpg"},"nat":"RS"}],"info":{"seed":"833fa4523e980c12","results":1,"page":1,"version":"1.4"}} 
 </msg>
<msg time="2024-07-07T09:16:35.244284" level="INFO">/opt/hostedtoolcache/Python/3.12.4/x64/lib/python3.12/site-packages/urllib3/connectionpool.py:1099: InsecureRequestWarning: Unverified HTTPS request is being made to host 'randomuser.me'. Adding certificate verification is strongly advised. See: https://urllib3.readthedocs.io/en/latest/advanced-usage.html#tls-warnings
  warnings.warn(</msg>
<msg time="2024-07-07T09:16:35.244372" level="INFO">${response} = &lt;Response [200]&gt;</msg>
<var>${response}</var>
<arg>consultarAPI</arg>
<arg>/api</arg>
<doc>Sends a GET request on a previously created HTTP Session.</doc>
<status status="PASS" start="2024-07-07T09:16:35.166392" elapsed="0.078004"/>
</kw>
<kw name="Set Variable" owner="BuiltIn">
<msg time="2024-07-07T09:16:35.245242" level="INFO">${json_data} = {'results': [{'gender': 'female', 'name': {'title': 'Ms', 'first': 'Iva', 'last': 'Lončarević'}, 'location': {'street': {'number': 2566, 'name': 'Plavljanska'}, 'city': 'Varvarin', 'state': 'Kosovo', ...</msg>
<var>${json_data}</var>
<arg>${response.json()}</arg>
<doc>Returns the given values which can then be assigned to a variables.</doc>
<status status="PASS" start="2024-07-07T09:16:35.244777" elapsed="0.000496"/>
</kw>
<kw name="Log" owner="BuiltIn">
<msg time="2024-07-07T09:16:35.245748" level="INFO">{'results': [{'gender': 'female', 'name': {'title': 'Ms', 'first': 'Iva', 'last': 'Lončarević'}, 'location': {'street': {'number': 2566, 'name': 'Plavljanska'}, 'city': 'Varvarin', 'state': 'Kosovo', 'country': 'Serbia', 'postcode': 72101, 'coordinates': {'latitude': '61.0651', 'longitude': '144.1775'}, 'timezone': {'offset': '+4:00', 'description': 'Abu Dhabi, Muscat, Baku, Tbilisi'}}, 'email': 'iva.loncarevic@example.com', 'login': {'uuid': '45ea4ae2-b7ed-45f4-83f2-1cafd646db1c', 'username': 'bigbird783', 'password': 'wrestling', 'salt': 'B41u8sVm', 'md5': '26db669804727d199a91a8b7356ee7f7', 'sha1': 'e9e2682ce55f0d91a1a1bf39b81d14186811d997', 'sha256': 'faf76778ed4b29898701eac6e57b5090dd820f16d368d27f64d7c60235d6e72e'}, 'dob': {'date': '1981-09-19T03:15:25.307Z', 'age': 42}, 'registered': {'date': '2021-04-21T00:19:38.419Z', 'age': 3}, 'phone': '022-4870-807', 'cell': '069-0545-878', 'id': {'name': 'SID', 'value': '391052217'}, 'picture': {'large': 'https://randomuser.me/api/portraits/women/81.jpg', 'medium': 'https://randomuser.me/api/portraits/med/women/81.jpg', 'thumbnail': 'https://randomuser.me/api/portraits/thumb/women/81.jpg'}, 'nat': 'RS'}], 'info': {'seed': '833fa4523e980c12', 'results': 1, 'page': 1, 'version': '1.4'}}</msg>
<arg>${json_data}</arg>
<doc>Logs the given message with the given level.</doc>
<status status="PASS" start="2024-07-07T09:16:35.245577" elapsed="0.000220"/>
</kw>
<kw name="Should Be String" owner="String">
<arg>${json_data['results'][0]['gender']}</arg>
<doc>Fails if the given ``item`` is not a string.</doc>
<status status="PASS" start="2024-07-07T09:16:35.246088" elapsed="0.000366"/>
</kw>
<kw name="Should Match Regexp" owner="BuiltIn">
<arg>${json_data['results'][0]['email']}</arg>
<arg>^[a-zA-Z0-9._%+-]+@[a-zA-Z0-9.-]+\.[a-zA-Z]{2,}$</arg>
<doc>Fails if ``string`` does not match ``pattern`` as a regular expression.</doc>
<status status="PASS" start="2024-07-07T09:16:35.246642" elapsed="0.000516"/>
</kw>
<kw name="Should Match Regexp" owner="BuiltIn">
<arg>${json_data['results'][0]['dob']['date']}</arg>
<arg>\\d{4}-\\d{2}-\\d{2}T\\d{2}:\\d{2}:\\d{2}\\.\\d{3}Z</arg>
<doc>Fails if ``string`` does not match ``pattern`` as a regular expression.</doc>
<status status="PASS" start="2024-07-07T09:16:35.247385" elapsed="0.000494"/>
</kw>
<kw name="Should Match Regexp" owner="BuiltIn">
<arg>${json_data['results'][0]['registered']['date']}</arg>
<arg>\\d{4}-\\d{2}-\\d{2}T\\d{2}:\\d{2}:\\d{2}\\.\\d{3}Z</arg>
<doc>Fails if ``string`` does not match ``pattern`` as a regular expression.</doc>
<status status="PASS" start="2024-07-07T09:16:35.248069" elapsed="0.000402"/>
</kw>
<kw name="Should Match Regexp" owner="BuiltIn">
<arg>${json_data['results'][0]['picture']['large']}</arg>
<arg>^https?://.*\.(?:png|jpe?g|gif|bmp)$</arg>
<doc>Fails if ``string`` does not match ``pattern`` as a regular expression.</doc>
<status status="PASS" start="2024-07-07T09:16:35.248657" elapsed="0.000468"/>
</kw>
<kw name="Should Match Regexp" owner="BuiltIn">
<arg>${json_data['results'][0]['picture']['medium']}</arg>
<arg>^https?://.*\.(?:png|jpe?g|gif|bmp)$</arg>
<doc>Fails if ``string`` does not match ``pattern`` as a regular expression.</doc>
<status status="PASS" start="2024-07-07T09:16:35.249311" elapsed="0.000358"/>
</kw>
<kw name="Should Match Regexp" owner="BuiltIn">
<arg>${json_data['results'][0]['picture']['thumbnail']}</arg>
<arg>^https?://.*\.(?:png|jpe?g|gif|bmp)$</arg>
<doc>Fails if ``string`` does not match ``pattern`` as a regular expression.</doc>
<status status="PASS" start="2024-07-07T09:16:35.249852" elapsed="0.000351"/>
</kw>
<kw name="Log" owner="BuiltIn">
<msg time="2024-07-07T09:16:35.250717" level="INFO">{'large': 'https://randomuser.me/api/portraits/women/81.jpg', 'medium': 'https://randomuser.me/api/portraits/med/women/81.jpg', 'thumbnail': 'https://randomuser.me/api/portraits/thumb/women/81.jpg'}</msg>
<arg>${json_data['results'][0]['picture']}</arg>
<doc>Logs the given message with the given level.</doc>
<status status="PASS" start="2024-07-07T09:16:35.250381" elapsed="0.000378"/>
</kw>
<status status="PASS" start="2024-07-07T09:16:35.166172" elapsed="0.084840"/>
</kw>
<kw name="Teste de Tipos de Dados - Postcode" owner="random-user-service">
<kw name="GET On Session" owner="RequestsLibrary">
<msg time="2024-07-07T09:16:35.347122" level="INFO">GET Request : url=https://randomuser.me/api 
 path_url=/api 
 headers={'User-Agent': 'python-requests/2.32.3', 'Accept-Encoding': 'gzip, deflate', 'Accept': '*/*', 'Connection': 'keep-alive'} 
 body=None 
 </msg>
<msg time="2024-07-07T09:16:35.347209" level="INFO">GET Response : url=https://randomuser.me/api 
 status=200, reason=OK 
 headers={'Date': 'Sun, 07 Jul 2024 09:16:35 GMT', 'Content-Type': 'application/json; charset=utf-8', 'Transfer-Encoding': 'chunked', 'Connection': 'keep-alive', 'X-Powered-By': 'Express', 'Access-Control-Allow-Origin': '*', 'Cache-Control': 'no-cache', 'ETag': 'W/"49d-2VrZ+sCHIV1x5q0eg2fM+RD1JTI"', 'Vary': 'Accept-Encoding', 'Content-Encoding': 'gzip', 'CF-Cache-Status': 'DYNAMIC', 'Report-To': '{"endpoints":[{"url":"https:\\/\\/a.nel.cloudflare.com\\/report\\/v4?s=8mCEgDHNfEmkv%2Fjm2ShEVu7udUJNrwHraS%2BbrygaqTwhyqe4gkVfmW18%2F5Zm5S5eZY80B9fkTHETEscND0hs1pwUyJOtdh%2FbZeNArwze%2FaVzxju9V2S9VIs5JMEHZMq8"}],"group":"cf-nel","max_age":604800}', 'NEL': '{"success_fraction":0,"report_to":"cf-nel","max_age":604800}', 'Server': 'cloudflare', 'CF-RAY': '89f6bc905c4f3b8f-IAD', 'alt-svc': 'h3=":443"; ma=86400'} 
 body={"results":[{"gender":"female","name":{"title":"Mrs","first":"Raimunda","last":"Peixoto"},"location":{"street":{"number":2259,"name":"Rua Piauí "},"city":"Botucatu","state":"Ceará","country":"Brazil","postcode":37998,"coordinates":{"latitude":"-74.7631","longitude":"96.9158"},"timezone":{"offset":"-6:00","description":"Central Time (US &amp; Canada), Mexico City"}},"email":"raimunda.peixoto@example.com","login":{"uuid":"cb733823-4994-4094-a15f-e79bb77a1a83","username":"whiteswan506","password":"farm","salt":"LJsdJrkg","md5":"cf1ad729299f1d65c821b8db282d828c","sha1":"bc3a82fa545e7c356c792c5dfe348547acac0e15","sha256":"fda0a16ba80f0bd390ddb3ae15db486f935ce36920cb0b19885b8e2c1b33649e"},"dob":{"date":"1977-10-07T14:29:59.725Z","age":46},"registered":{"date":"2016-03-11T00:17:38.969Z","age":8},"phone":"(44) 6165-2018","cell":"(60) 7027-7783","id":{"name":"CPF","value":"687.186.734-47"},"picture":{"large":"https://randomuser.me/api/portraits/women/71.jpg","medium":"https://randomuser.me/api/portraits/med/women/71.jpg","thumbnail":"https://randomuser.me/api/portraits/thumb/women/71.jpg"},"nat":"BR"}],"info":{"seed":"f43ba5abc089102e","results":1,"page":1,"version":"1.4"}} 
 </msg>
<msg time="2024-07-07T09:16:35.347288" level="INFO">/opt/hostedtoolcache/Python/3.12.4/x64/lib/python3.12/site-packages/urllib3/connectionpool.py:1099: InsecureRequestWarning: Unverified HTTPS request is being made to host 'randomuser.me'. Adding certificate verification is strongly advised. See: https://urllib3.readthedocs.io/en/latest/advanced-usage.html#tls-warnings
  warnings.warn(</msg>
<msg time="2024-07-07T09:16:35.347403" level="INFO">${response} = &lt;Response [200]&gt;</msg>
<var>${response}</var>
<arg>consultarAPI</arg>
<arg>/api</arg>
<doc>Sends a GET request on a previously created HTTP Session.</doc>
<status status="PASS" start="2024-07-07T09:16:35.251443" elapsed="0.095993"/>
</kw>
<kw name="Set Variable" owner="BuiltIn">
<msg time="2024-07-07T09:16:35.348376" level="INFO">${json_data} = {'results': [{'gender': 'female', 'name': {'title': 'Mrs', 'first': 'Raimunda', 'last': 'Peixoto'}, 'location': {'street': {'number': 2259, 'name': 'Rua Piauí '}, 'city': 'Botucatu', 'state': 'Ceará',...</msg>
<var>${json_data}</var>
<arg>${response.json()}</arg>
<doc>Returns the given values which can then be assigned to a variables.</doc>
<status status="PASS" start="2024-07-07T09:16:35.347861" elapsed="0.000543"/>
</kw>
<kw name="Log" owner="BuiltIn">
<msg time="2024-07-07T09:16:35.348873" level="INFO">{'results': [{'gender': 'female', 'name': {'title': 'Mrs', 'first': 'Raimunda', 'last': 'Peixoto'}, 'location': {'street': {'number': 2259, 'name': 'Rua Piauí '}, 'city': 'Botucatu', 'state': 'Ceará', 'country': 'Brazil', 'postcode': 37998, 'coordinates': {'latitude': '-74.7631', 'longitude': '96.9158'}, 'timezone': {'offset': '-6:00', 'description': 'Central Time (US &amp; Canada), Mexico City'}}, 'email': 'raimunda.peixoto@example.com', 'login': {'uuid': 'cb733823-4994-4094-a15f-e79bb77a1a83', 'username': 'whiteswan506', 'password': 'farm', 'salt': 'LJsdJrkg', 'md5': 'cf1ad729299f1d65c821b8db282d828c', 'sha1': 'bc3a82fa545e7c356c792c5dfe348547acac0e15', 'sha256': 'fda0a16ba80f0bd390ddb3ae15db486f935ce36920cb0b19885b8e2c1b33649e'}, 'dob': {'date': '1977-10-07T14:29:59.725Z', 'age': 46}, 'registered': {'date': '2016-03-11T00:17:38.969Z', 'age': 8}, 'phone': '(44) 6165-2018', 'cell': '(60) 7027-7783', 'id': {'name': 'CPF', 'value': '687.186.734-47'}, 'picture': {'large': 'https://randomuser.me/api/portraits/women/71.jpg', 'medium': 'https://randomuser.me/api/portraits/med/women/71.jpg', 'thumbnail': 'https://randomuser.me/api/portraits/thumb/women/71.jpg'}, 'nat': 'BR'}], 'info': {'seed': 'f43ba5abc089102e', 'results': 1, 'page': 1, 'version': '1.4'}}</msg>
<arg>${json_data}</arg>
<doc>Logs the given message with the given level.</doc>
<status status="PASS" start="2024-07-07T09:16:35.348712" elapsed="0.000211"/>
</kw>
<kw name="Should Be Equal As Numbers" owner="BuiltIn">
<arg>${json_data['results'][0]['location']['postcode']}</arg>
<arg>${json_data['results'][0]['location']['postcode']}</arg>
<doc>Fails if objects are unequal after converting them to real numbers.</doc>
<status status="PASS" start="2024-07-07T09:16:35.349215" elapsed="0.000632"/>
</kw>
<kw name="Log" owner="BuiltIn">
<msg time="2024-07-07T09:16:35.350561" level="INFO">37998</msg>
<arg>${json_data['results'][0]['location']['postcode']}</arg>
<doc>Logs the given message with the given level.</doc>
<status status="PASS" start="2024-07-07T09:16:35.350072" elapsed="0.000531"/>
</kw>
<status status="PASS" start="2024-07-07T09:16:35.251228" elapsed="0.099653"/>
</kw>
<doc>Testa se os tipos de dados na resposta da API estão corretos.</doc>
<tag>testeTiposDados</tag>
<status status="PASS" start="2024-07-07T09:16:35.165724" elapsed="0.185318"/>
</test>
<test id="s1-s1-t5" name="Validar conteudo" line="35">
<kw name="Teste de Tipos de Conteudo" owner="random-user-service">
<kw name="GET On Session" owner="RequestsLibrary">
<msg time="2024-07-07T09:16:35.448844" level="INFO">GET Request : url=https://randomuser.me/api 
 path_url=/api 
 headers={'User-Agent': 'python-requests/2.32.3', 'Accept-Encoding': 'gzip, deflate', 'Accept': '*/*', 'Connection': 'keep-alive'} 
 body=None 
 </msg>
<msg time="2024-07-07T09:16:35.448907" level="INFO">GET Response : url=https://randomuser.me/api 
 status=200, reason=OK 
 headers={'Date': 'Sun, 07 Jul 2024 09:16:35 GMT', 'Content-Type': 'application/json; charset=utf-8', 'Transfer-Encoding': 'chunked', 'Connection': 'keep-alive', 'X-Powered-By': 'Express', 'Access-Control-Allow-Origin': '*', 'Cache-Control': 'no-cache', 'ETag': 'W/"476-PRWAPAMFgVNyMJpf0v7RLdS5to8"', 'Vary': 'Accept-Encoding', 'Content-Encoding': 'gzip', 'CF-Cache-Status': 'DYNAMIC', 'Report-To': '{"endpoints":[{"url":"https:\\/\\/a.nel.cloudflare.com\\/report\\/v4?s=70jyXKp7I5sSQxlAzlyC3RTp3nk0tj%2BjFLLwsPFD861HGGSehZ0WZ7mi62ZcXKGWY6gwpkAmKbu5qpkrYdnmICpt6nf0G%2BPhJB1%2F%2BazT63k7lQ5VXrndaE2Ne6yKse7R"}],"group":"cf-nel","max_age":604800}', 'NEL': '{"success_fraction":0,"report_to":"cf-nel","max_age":604800}', 'Server': 'cloudflare', 'CF-RAY': '89f6bc90fcd43b8f-IAD', 'alt-svc': 'h3=":443"; ma=86400'} 
 body={"results":[{"gender":"male","name":{"title":"Mr","first":"Jatin","last":"Padmanabha"},"location":{"street":{"number":68,"name":"Ranganathan St"},"city":"Raichur","state":"Tripura","country":"India","postcode":36171,"coordinates":{"latitude":"9.5412","longitude":"-16.5814"},"timezone":{"offset":"+5:45","description":"Kathmandu"}},"email":"jatin.padmanabha@example.com","login":{"uuid":"8ac0bcf4-8eb7-4a1d-851d-289a3af1fe71","username":"beautifulsnake230","password":"duffman","salt":"H3TENfZG","md5":"563eb86b36640f13889ccd59f12bca32","sha1":"a7e0086908989bb5e291052d66a8490df83f3a56","sha256":"07e64a285fbb84c56383952dcfe72aeac00d1a9be97659ed26483ee88ec1bf56"},"dob":{"date":"1974-12-02T00:57:55.695Z","age":49},"registered":{"date":"2014-05-13T11:46:38.549Z","age":10},"phone":"7690994062","cell":"7890376089","id":{"name":"UIDAI","value":"493883265932"},"picture":{"large":"https://randomuser.me/api/portraits/men/67.jpg","medium":"https://randomuser.me/api/portraits/med/men/67.jpg","thumbnail":"https://randomuser.me/api/portraits/thumb/men/67.jpg"},"nat":"IN"}],"info":{"seed":"d9dbd8f4b1f04405","results":1,"page":1,"version":"1.4"}} 
 </msg>
<msg time="2024-07-07T09:16:35.448962" level="INFO">/opt/hostedtoolcache/Python/3.12.4/x64/lib/python3.12/site-packages/urllib3/connectionpool.py:1099: InsecureRequestWarning: Unverified HTTPS request is being made to host 'randomuser.me'. Adding certificate verification is strongly advised. See: https://urllib3.readthedocs.io/en/latest/advanced-usage.html#tls-warnings
  warnings.warn(</msg>
<msg time="2024-07-07T09:16:35.449044" level="INFO">${response} = &lt;Response [200]&gt;</msg>
<var>${response}</var>
<arg>consultarAPI</arg>
<arg>/api</arg>
<doc>Sends a GET request on a previously created HTTP Session.</doc>
<status status="PASS" start="2024-07-07T09:16:35.353515" elapsed="0.095553"/>
</kw>
<kw name="Set Variable" owner="BuiltIn">
<msg time="2024-07-07T09:16:35.449900" level="INFO">${json_data} = {'results': [{'gender': 'male', 'name': {'title': 'Mr', 'first': 'Jatin', 'last': 'Padmanabha'}, 'location': {'street': {'number': 68, 'name': 'Ranganathan St'}, 'city': 'Raichur', 'state': 'Tripura',...</msg>
<var>${json_data}</var>
<arg>${response.json()}</arg>
<doc>Returns the given values which can then be assigned to a variables.</doc>
<status status="PASS" start="2024-07-07T09:16:35.449441" elapsed="0.000486"/>
</kw>
<kw name="Set Variable" owner="BuiltIn">
<msg time="2024-07-07T09:16:35.450601" level="INFO">${name_title} = Mr</msg>
<var>${name_title}</var>
<arg>${json_data["results"][0]["name"]["title"]}</arg>
<doc>Returns the given values which can then be assigned to a variables.</doc>
<status status="PASS" start="2024-07-07T09:16:35.450227" elapsed="0.000399"/>
</kw>
<kw name="Create List" owner="BuiltIn">
<msg time="2024-07-07T09:16:35.451063" level="INFO">${allowed_titles} = ['Mr', 'Ms', 'Miss', 'Mrs', 'Madame', 'Monsieur']</msg>
<var>${allowed_titles}</var>
<arg>Mr</arg>
<arg>Ms</arg>
<arg>Miss</arg>
<arg>Mrs</arg>
<arg>Madame</arg>
<arg>Monsieur</arg>
<doc>Returns a list containing given items.</doc>
<status status="PASS" start="2024-07-07T09:16:35.450916" elapsed="0.000171"/>
</kw>
<kw name="List Should Contain Value" owner="Collections">
<arg>${allowed_titles}</arg>
<arg>${name_title}</arg>
<doc>Fails if the ``value`` is not found from ``list``.</doc>
<status status="PASS" start="2024-07-07T09:16:35.451384" elapsed="0.000175"/>
</kw>
<kw name="Set Variable" owner="BuiltIn">
<msg time="2024-07-07T09:16:35.452105" level="INFO">${name_country} = IN</msg>
<var>${name_country}</var>
<arg>${json_data["results"][0]["nat"]}</arg>
<doc>Returns the given values which can then be assigned to a variables.</doc>
<status status="PASS" start="2024-07-07T09:16:35.451734" elapsed="0.000396"/>
</kw>
<kw name="Create List" owner="BuiltIn">
<msg time="2024-07-07T09:16:35.453046" level="INFO">${list_country} = ['AD', 'AE', 'AF', 'AG', 'AI', 'AL', 'AM', 'AO', 'AQ', 'AR', 'AS', 'AT', 'AU', 'AW', 'AX', 'AZ', 'BA', 'BB', 'BD', 'BE', 'BF', 'BG', 'BH', 'BI', 'BJ', 'BL', 'BM', 'BN', 'BO', 'BQ', 'BR', 'BS', 'BT', '...</msg>
<var>${list_country}</var>
<arg>AD</arg>
<arg>AE</arg>
<arg>AF</arg>
<arg>AG</arg>
<arg>AI</arg>
<arg>AL</arg>
<arg>AM</arg>
<arg>AO</arg>
<arg>AQ</arg>
<arg>AR</arg>
<arg>AS</arg>
<arg>AT</arg>
<arg>AU</arg>
<arg>AW</arg>
<arg>AX</arg>
<arg>AZ</arg>
<arg>BA</arg>
<arg>BB</arg>
<arg>BD</arg>
<arg>BE</arg>
<arg>BF</arg>
<arg>BG</arg>
<arg>BH</arg>
<arg>BI</arg>
<arg>BJ</arg>
<arg>BL</arg>
<arg>BM</arg>
<arg>BN</arg>
<arg>BO</arg>
<arg>BQ</arg>
<arg>BR</arg>
<arg>BS</arg>
<arg>BT</arg>
<arg>BV</arg>
<arg>BW</arg>
<arg>BY</arg>
<arg>BZ</arg>
<arg>CA</arg>
<arg>CC</arg>
<arg>CD</arg>
<arg>CF</arg>
<arg>CG</arg>
<arg>CH</arg>
<arg>CI</arg>
<arg>CK</arg>
<arg>CL</arg>
<arg>CM</arg>
<arg>CN</arg>
<arg>CO</arg>
<arg>CR</arg>
<arg>CU</arg>
<arg>CV</arg>
<arg>CW</arg>
<arg>CX</arg>
<arg>CY</arg>
<arg>CZ</arg>
<arg>DE</arg>
<arg>DJ</arg>
<arg>DK</arg>
<arg>DM</arg>
<arg>DO</arg>
<arg>DZ</arg>
<arg>EC</arg>
<arg>EE</arg>
<arg>EG</arg>
<arg>EH</arg>
<arg>ER</arg>
<arg>ES</arg>
<arg>ET</arg>
<arg>FI</arg>
<arg>FJ</arg>
<arg>FK</arg>
<arg>FM</arg>
<arg>FO</arg>
<arg>FR</arg>
<arg>GA</arg>
<arg>GB</arg>
<arg>GD</arg>
<arg>GE</arg>
<arg>GF</arg>
<arg>GG</arg>
<arg>GH</arg>
<arg>GI</arg>
<arg>GL</arg>
<arg>GM</arg>
<arg>GN</arg>
<arg>GP</arg>
<arg>GQ</arg>
<arg>GR</arg>
<arg>GS</arg>
<arg>GT</arg>
<arg>GU</arg>
<arg>GW</arg>
<arg>GY</arg>
<arg>HK</arg>
<arg>HM</arg>
<arg>HN</arg>
<arg>HR</arg>
<arg>HT</arg>
<arg>HU</arg>
<arg>ID</arg>
<arg>IE</arg>
<arg>IL</arg>
<arg>IM</arg>
<arg>IN</arg>
<arg>IO</arg>
<arg>IQ</arg>
<arg>IR</arg>
<arg>IS</arg>
<arg>IT</arg>
<arg>JE</arg>
<arg>JM</arg>
<arg>JO</arg>
<arg>JP</arg>
<arg>KE</arg>
<arg>KG</arg>
<arg>KH</arg>
<arg>KI</arg>
<arg>KM</arg>
<arg>KN</arg>
<arg>KP</arg>
<arg>KR</arg>
<arg>KW</arg>
<arg>KY</arg>
<arg>KZ</arg>
<arg>LA</arg>
<arg>LB</arg>
<arg>LC</arg>
<arg>LI</arg>
<arg>LK</arg>
<arg>LR</arg>
<arg>LS</arg>
<arg>LT</arg>
<arg>LU</arg>
<arg>LV</arg>
<arg>LY</arg>
<arg>MA</arg>
<arg>MC</arg>
<arg>MD</arg>
<arg>ME</arg>
<arg>MF</arg>
<arg>MG</arg>
<arg>MH</arg>
<arg>MK</arg>
<arg>ML</arg>
<arg>MM</arg>
<arg>MN</arg>
<arg>MO</arg>
<arg>MP</arg>
<arg>MQ</arg>
<arg>MR</arg>
<arg>MS</arg>
<arg>MT</arg>
<arg>MU</arg>
<arg>MV</arg>
<arg>MW</arg>
<arg>MX</arg>
<arg>MY</arg>
<arg>MZ</arg>
<arg>NA</arg>
<arg>NC</arg>
<arg>NE</arg>
<arg>NF</arg>
<arg>NG</arg>
<arg>NI</arg>
<arg>NL</arg>
<arg>NO</arg>
<arg>NP</arg>
<arg>NR</arg>
<arg>NU</arg>
<arg>NZ</arg>
<arg>OM</arg>
<arg>PA</arg>
<arg>PE</arg>
<arg>PF</arg>
<arg>PG</arg>
<arg>PH</arg>
<arg>PK</arg>
<arg>PL</arg>
<arg>PM</arg>
<arg>PN</arg>
<arg>PR</arg>
<arg>PS</arg>
<arg>PT</arg>
<arg>PW</arg>
<arg>PY</arg>
<arg>QA</arg>
<arg>RE</arg>
<arg>RO</arg>
<arg>RS</arg>
<arg>RU</arg>
<arg>RW</arg>
<arg>SA</arg>
<arg>SB</arg>
<arg>SC</arg>
<arg>SD</arg>
<arg>SE</arg>
<arg>SG</arg>
<arg>SH</arg>
<arg>SI</arg>
<arg>SJ</arg>
<arg>SK</arg>
<arg>SL</arg>
<arg>SM</arg>
<arg>SN</arg>
<arg>SO</arg>
<arg>SR</arg>
<arg>SS</arg>
<arg>ST</arg>
<arg>SV</arg>
<arg>SX</arg>
<arg>SY</arg>
<arg>SZ</arg>
<arg>TC</arg>
<arg>TD</arg>
<arg>TF</arg>
<arg>TG</arg>
<arg>TH</arg>
<arg>TJ</arg>
<arg>TK</arg>
<arg>TL</arg>
<arg>TM</arg>
<arg>TN</arg>
<arg>TO</arg>
<arg>TR</arg>
<arg>TT</arg>
<arg>TV</arg>
<arg>TW</arg>
<arg>TZ</arg>
<arg>UA</arg>
<arg>UG</arg>
<arg>UM</arg>
<arg>US</arg>
<arg>UY</arg>
<arg>UZ</arg>
<arg>VA</arg>
<arg>VC</arg>
<arg>VE</arg>
<arg>VG</arg>
<arg>VI</arg>
<arg>VN</arg>
<arg>VU</arg>
<arg>WF</arg>
<arg>WS</arg>
<arg>XK</arg>
<arg>YE</arg>
<arg>YT</arg>
<arg>ZA</arg>
<arg>ZM</arg>
<arg>ZW</arg>
<doc>Returns a list containing given items.</doc>
<status status="PASS" start="2024-07-07T09:16:35.452458" elapsed="0.000613"/>
</kw>
<kw name="List Should Contain Value" owner="Collections">
<arg>${list_country}</arg>
<arg>${name_country}</arg>
<doc>Fails if the ``value`` is not found from ``list``.</doc>
<status status="PASS" start="2024-07-07T09:16:35.453860" elapsed="0.000202"/>
</kw>
<kw name="Run Keyword If" owner="BuiltIn">
<kw name="Should Be True" owner="BuiltIn">
<arg>${True}</arg>
<doc>Fails if the given condition is not true.</doc>
<status status="PASS" start="2024-07-07T09:16:35.454997" elapsed="0.000143"/>
</kw>
<arg>${json_data["results"][0]["location"]["coordinates"]["latitude"]} &gt;= -90 and ${json_data["results"][0]["location"]["coordinates"]["latitude"]} &lt;= 90</arg>
<arg>Should Be True</arg>
<arg>${True}</arg>
<doc>Runs the given keyword with the given arguments, if ``condition`` is true.</doc>
<status status="PASS" start="2024-07-07T09:16:35.454254" elapsed="0.001009"/>
</kw>
<kw name="Run Keyword If" owner="BuiltIn">
<kw name="Should Be True" owner="BuiltIn">
<arg>${True}</arg>
<doc>Fails if the given condition is not true.</doc>
<status status="PASS" start="2024-07-07T09:16:35.456168" elapsed="0.000249"/>
</kw>
<arg>${json_data["results"][0]["location"]["coordinates"]["longitude"]} &gt;= -180 and ${json_data["results"][0]["location"]["coordinates"]["longitude"]} &lt;= 180</arg>
<arg>Should Be True</arg>
<arg>${True}</arg>
<doc>Runs the given keyword with the given arguments, if ``condition`` is true.</doc>
<status status="PASS" start="2024-07-07T09:16:35.455444" elapsed="0.001101"/>
</kw>
<status status="PASS" start="2024-07-07T09:16:35.353300" elapsed="0.103375"/>
</kw>
<doc>Testa o conteúdo específico dos campos retornados pela API.</doc>
<tag>testeConteudo</tag>
<status status="PASS" start="2024-07-07T09:16:35.352869" elapsed="0.103945"/>
</test>
<status status="PASS" start="2024-07-07T09:16:34.567366" elapsed="0.891410"/>
</suite>
<status status="PASS" start="2024-07-07T09:16:34.551659" elapsed="0.912030"/>
</suite>
<statistics>
<total>
<stat pass="5" fail="0" skip="0">All Tests</stat>
</total>
<tag>
<stat pass="1" fail="0" skip="0">testeConteudo</stat>
<stat pass="1" fail="0" skip="0">testeEstruturaResposta</stat>
<stat pass="1" fail="0" skip="0">testeRequisicaoBasica</stat>
<stat pass="1" fail="0" skip="0">testeTiposDados</stat>
</tag>
<suite>
<stat pass="5" fail="0" skip="0" id="s1" name="Tests">Tests</stat>
<stat pass="5" fail="0" skip="0" id="s1-s1" name="Random-User-Test">Tests.Random-User-Test</stat>
</suite>
</statistics>
<errors>
</errors>
</robot>
