<?xml version="1.0" encoding="UTF-8"?>
<robot generator="Robot 7.0 (Python 3.12.2 on linux)" generated="2024-04-12T01:00:17.680978" rpa="false" schemaversion="5">
<suite id="s1" name="Tests" source="/home/runner/work/DesafioQAItauRogerioJordao/DesafioQAItauRogerioJordao/RamdonUser/tests">
<suite id="s1-s1" name="Random-User-Test" source="/home/runner/work/DesafioQAItauRogerioJordao/DesafioQAItauRogerioJordao/RamdonUser/tests/random-user-test.robot">
<test id="s1-s1-t1" name="Conectar" line="13">
<kw name="Conectar API" owner="random-user-service">
<kw name="Create Session" owner="RequestsLibrary">
<msg time="2024-04-12T01:00:18.041466" level="INFO">Creating Session using : alias=consultarAPI, url=https://randomuser.me/, headers={},                     cookies={}, auth=None, timeout=None, proxies=None, verify=False,                     debug=0 </msg>
<arg>consultarAPI</arg>
<arg>${URL}</arg>
<doc>Create Session: create a HTTP session to a server</doc>
<status status="PASS" start="2024-04-12T01:00:18.041251" elapsed="0.000408"/>
</kw>
<status status="PASS" start="2024-04-12T01:00:18.040152" elapsed="0.001880"/>
</kw>
<status status="PASS" start="2024-04-12T01:00:18.039586" elapsed="0.002658"/>
</test>
<test id="s1-s1-t2" name="Validar retorno 200 e JSON Válido" line="16">
<kw name="Teste de Requisicao Basica" owner="random-user-service">
<kw name="GET On Session" owner="RequestsLibrary">
<msg time="2024-04-12T01:00:18.216943" level="INFO">GET Request : url=https://randomuser.me/api 
 path_url=/api 
 headers={'User-Agent': 'python-requests/2.31.0', 'Accept-Encoding': 'gzip, deflate', 'Accept': '*/*', 'Connection': 'keep-alive'} 
 body=None 
 </msg>
<msg time="2024-04-12T01:00:18.217100" level="INFO">GET Response : url=https://randomuser.me/api 
 status=200, reason=OK 
 headers={'Date': 'Fri, 12 Apr 2024 01:00:18 GMT', 'Content-Type': 'application/json; charset=utf-8', 'Transfer-Encoding': 'chunked', 'Connection': 'keep-alive', 'X-Powered-By': 'Express', 'Access-Control-Allow-Origin': '*', 'Cache-Control': 'no-cache', 'ETag': 'W/"4ac-JqS0oPGeHUSqSM43G42IWt2RCDY"', 'Vary': 'Accept-Encoding', 'Content-Encoding': 'gzip', 'CF-Cache-Status': 'DYNAMIC', 'Report-To': '{"endpoints":[{"url":"https:\\/\\/a.nel.cloudflare.com\\/report\\/v4?s=%2BrLDC4dOxKwfqt71blIbAYReuFoXMd45DQ%2BDlm55Gd2S9RdTIX4NlAU1sIE8XtM0SzUE7pljgFGzr2ACYNrritvFInZoF%2FsBRtY%2B5r7u5XySjU95Wx8nGaOr2bYZ8pvX"}],"group":"cf-nel","max_age":604800}', 'NEL': '{"success_fraction":0,"report_to":"cf-nel","max_age":604800}', 'Server': 'cloudflare', 'CF-RAY': '872f4755ace2827b-IAD', 'alt-svc': 'h3=":443"; ma=86400'} 
 body={"results":[{"gender":"female","name":{"title":"Ms","first":"Estela","last":"Arellano"},"location":{"street":{"number":7542,"name":"Avenida Sur Guevara"},"city":"Donato Guerra","state":"Tamaulipas","country":"Mexico","postcode":45284,"coordinates":{"latitude":"24.0327","longitude":"168.9819"},"timezone":{"offset":"+10:00","description":"Eastern Australia, Guam, Vladivostok"}},"email":"estela.arellano@example.com","login":{"uuid":"50afc13d-6e99-4bf4-abf7-f09eeb1d3fd3","username":"heavyzebra118","password":"yyyyy","salt":"4MKR9tiU","md5":"100c736eaf129b8022d600c1c483d4d7","sha1":"ff8b89f80c91ccf238902eee20c20230de8c2c77","sha256":"e7ad1fd2f15ecd1305208af831a2a70ba787e8f760db9d300856f9190307ccf8"},"dob":{"date":"1978-09-10T10:50:37.836Z","age":45},"registered":{"date":"2020-10-14T08:05:20.100Z","age":3},"phone":"(660) 829 8203","cell":"(674) 758 5594","id":{"name":"NSS","value":"11 93 95 9960 5"},"picture":{"large":"https://randomuser.me/api/portraits/women/86.jpg","medium":"https://randomuser.me/api/portraits/med/women/86.jpg","thumbnail":"https://randomuser.me/api/portraits/thumb/women/86.jpg"},"nat":"MX"}],"info":{"seed":"114d5bb6ee13311d","results":1,"page":1,"version":"1.4"}} 
 </msg>
<msg time="2024-04-12T01:00:18.217195" level="INFO">/opt/hostedtoolcache/Python/3.12.2/x64/lib/python3.12/site-packages/urllib3/connectionpool.py:1103: InsecureRequestWarning: Unverified HTTPS request is being made to host 'randomuser.me'. Adding certificate verification is strongly advised. See: https://urllib3.readthedocs.io/en/latest/advanced-usage.html#tls-warnings
  warnings.warn(</msg>
<msg time="2024-04-12T01:00:18.217348" level="INFO">${response} = &lt;Response [200]&gt;</msg>
<var>${response}</var>
<arg>consultarAPI</arg>
<arg>/api</arg>
<doc>Sends a GET request on a previously created HTTP Session.</doc>
<status status="PASS" start="2024-04-12T01:00:18.044851" elapsed="0.172536"/>
</kw>
<kw name="Should Be Equal As Numbers" owner="BuiltIn">
<msg time="2024-04-12T01:00:18.218339" level="INFO">Argument types are:
&lt;class 'int'&gt;
&lt;class 'str'&gt;</msg>
<arg>${response.status_code}</arg>
<arg>200</arg>
<doc>Fails if objects are unequal after converting them to real numbers.</doc>
<status status="PASS" start="2024-04-12T01:00:18.217880" elapsed="0.000529"/>
</kw>
<kw name="Log" owner="BuiltIn">
<msg time="2024-04-12T01:00:18.219130" level="INFO">200</msg>
<arg>${response.status_code}</arg>
<doc>Logs the given message with the given level.</doc>
<status status="PASS" start="2024-04-12T01:00:18.218758" elapsed="0.000418"/>
</kw>
<kw name="Set Variable" owner="BuiltIn">
<msg time="2024-04-12T01:00:18.219968" level="INFO">${json_data} = {'results': [{'gender': 'female', 'name': {'title': 'Ms', 'first': 'Estela', 'last': 'Arellano'}, 'location': {'street': {'number': 7542, 'name': 'Avenida Sur Guevara'}, 'city': 'Donato Guerra', 'stat...</msg>
<var>${json_data}</var>
<arg>${response.json()}</arg>
<doc>Returns the given values which can then be assigned to a variables.</doc>
<status status="PASS" start="2024-04-12T01:00:18.219519" elapsed="0.000478"/>
</kw>
<kw name="Dictionary Should Contain Key" owner="Collections">
<msg time="2024-04-12T01:00:18.220529" level="INFO">False</msg>
<arg>${json_data}</arg>
<arg>results</arg>
<doc>Fails if ``key`` is not found from ``dictionary``.</doc>
<status status="PASS" start="2024-04-12T01:00:18.220344" elapsed="0.000228"/>
</kw>
<status status="PASS" start="2024-04-12T01:00:18.044591" elapsed="0.176253"/>
</kw>
<doc>Testa se a API responde corretamente e retorna um objeto JSON válido.</doc>
<tag>testeRequisicaoBasica</tag>
<status status="PASS" start="2024-04-12T01:00:18.044101" elapsed="0.176938"/>
</test>
<test id="s1-s1-t3" name="Validar estrutura de resposta" line="22">
<kw name="Teste de Estrutura de Resposta" owner="random-user-service">
<kw name="GET On Session" owner="RequestsLibrary">
<msg time="2024-04-12T01:00:18.321204" level="INFO">GET Request : url=https://randomuser.me/api 
 path_url=/api 
 headers={'User-Agent': 'python-requests/2.31.0', 'Accept-Encoding': 'gzip, deflate', 'Accept': '*/*', 'Connection': 'keep-alive'} 
 body=None 
 </msg>
<msg time="2024-04-12T01:00:18.321312" level="INFO">GET Response : url=https://randomuser.me/api 
 status=200, reason=OK 
 headers={'Date': 'Fri, 12 Apr 2024 01:00:18 GMT', 'Content-Type': 'application/json; charset=utf-8', 'Transfer-Encoding': 'chunked', 'Connection': 'keep-alive', 'X-Powered-By': 'Express', 'Access-Control-Allow-Origin': '*', 'Cache-Control': 'no-cache', 'ETag': 'W/"48f-GCP3RWLvnJYnHv6ww2NfH+PfCAY"', 'Vary': 'Accept-Encoding', 'Content-Encoding': 'gzip', 'CF-Cache-Status': 'DYNAMIC', 'Report-To': '{"endpoints":[{"url":"https:\\/\\/a.nel.cloudflare.com\\/report\\/v4?s=%2FNVkYME504EPwXVF89V3rIr38fq5OOT4yoj85LdhY5rDmph286g3ag2ehdw0aiRlRVQYs6wyIvetnrKCr06hxwgxW0rov0m9T3yj2Vn%2BrXQg4m2nxfg9Lu%2BkFdlee1V6"}],"group":"cf-nel","max_age":604800}', 'NEL': '{"success_fraction":0,"report_to":"cf-nel","max_age":604800}', 'Server': 'cloudflare', 'CF-RAY': '872f4755ed3f827b-IAD', 'alt-svc': 'h3=":443"; ma=86400'} 
 body={"results":[{"gender":"female","name":{"title":"Miss","first":"Cathy","last":"Oliver"},"location":{"street":{"number":4356,"name":"Strand Road"},"city":"Oranmore","state":"Cavan","country":"Ireland","postcode":46116,"coordinates":{"latitude":"0.0402","longitude":"86.9338"},"timezone":{"offset":"+9:00","description":"Tokyo, Seoul, Osaka, Sapporo, Yakutsk"}},"email":"cathy.oliver@example.com","login":{"uuid":"3a4e6cb0-66d7-48c0-8667-cd14bef20c96","username":"lazypeacock878","password":"godsmack","salt":"A1BFUdcy","md5":"bd9a4e899eef8a601860ce8ba0054a9a","sha1":"034da063aae04d21db07b837259108e0315ce2fd","sha256":"5a12b3272cffe1daa25f4c885d5bc0f9c3da5adc9b7b41cc6bd24d154123c051"},"dob":{"date":"1950-03-09T17:30:02.358Z","age":74},"registered":{"date":"2007-05-05T11:24:57.501Z","age":16},"phone":"071-910-7633","cell":"081-848-2863","id":{"name":"PPS","value":"8967820T"},"picture":{"large":"https://randomuser.me/api/portraits/women/71.jpg","medium":"https://randomuser.me/api/portraits/med/women/71.jpg","thumbnail":"https://randomuser.me/api/portraits/thumb/women/71.jpg"},"nat":"IE"}],"info":{"seed":"85a335c97cce1c55","results":1,"page":1,"version":"1.4"}} 
 </msg>
<msg time="2024-04-12T01:00:18.321459" level="INFO">/opt/hostedtoolcache/Python/3.12.2/x64/lib/python3.12/site-packages/urllib3/connectionpool.py:1103: InsecureRequestWarning: Unverified HTTPS request is being made to host 'randomuser.me'. Adding certificate verification is strongly advised. See: https://urllib3.readthedocs.io/en/latest/advanced-usage.html#tls-warnings
  warnings.warn(</msg>
<msg time="2024-04-12T01:00:18.321613" level="INFO">${response} = &lt;Response [200]&gt;</msg>
<var>${response}</var>
<arg>consultarAPI</arg>
<arg>/api</arg>
<doc>Sends a GET request on a previously created HTTP Session.</doc>
<status status="PASS" start="2024-04-12T01:00:18.223785" elapsed="0.097871"/>
</kw>
<kw name="Set Variable" owner="BuiltIn">
<msg time="2024-04-12T01:00:18.322735" level="INFO">${json_data} = {'results': [{'gender': 'female', 'name': {'title': 'Miss', 'first': 'Cathy', 'last': 'Oliver'}, 'location': {'street': {'number': 4356, 'name': 'Strand Road'}, 'city': 'Oranmore', 'state': 'Cavan', '...</msg>
<var>${json_data}</var>
<arg>${response.json()}</arg>
<doc>Returns the given values which can then be assigned to a variables.</doc>
<status status="PASS" start="2024-04-12T01:00:18.322199" elapsed="0.000566"/>
</kw>
<kw name="Log" owner="BuiltIn">
<msg time="2024-04-12T01:00:18.323277" level="INFO">{'results': [{'gender': 'female', 'name': {'title': 'Miss', 'first': 'Cathy', 'last': 'Oliver'}, 'location': {'street': {'number': 4356, 'name': 'Strand Road'}, 'city': 'Oranmore', 'state': 'Cavan', 'country': 'Ireland', 'postcode': 46116, 'coordinates': {'latitude': '0.0402', 'longitude': '86.9338'}, 'timezone': {'offset': '+9:00', 'description': 'Tokyo, Seoul, Osaka, Sapporo, Yakutsk'}}, 'email': 'cathy.oliver@example.com', 'login': {'uuid': '3a4e6cb0-66d7-48c0-8667-cd14bef20c96', 'username': 'lazypeacock878', 'password': 'godsmack', 'salt': 'A1BFUdcy', 'md5': 'bd9a4e899eef8a601860ce8ba0054a9a', 'sha1': '034da063aae04d21db07b837259108e0315ce2fd', 'sha256': '5a12b3272cffe1daa25f4c885d5bc0f9c3da5adc9b7b41cc6bd24d154123c051'}, 'dob': {'date': '1950-03-09T17:30:02.358Z', 'age': 74}, 'registered': {'date': '2007-05-05T11:24:57.501Z', 'age': 16}, 'phone': '071-910-7633', 'cell': '081-848-2863', 'id': {'name': 'PPS', 'value': '8967820T'}, 'picture': {'large': 'https://randomuser.me/api/portraits/women/71.jpg', 'medium': 'https://randomuser.me/api/portraits/med/women/71.jpg', 'thumbnail': 'https://randomuser.me/api/portraits/thumb/women/71.jpg'}, 'nat': 'IE'}], 'info': {'seed': '85a335c97cce1c55', 'results': 1, 'page': 1, 'version': '1.4'}}</msg>
<arg>${json_data}</arg>
<doc>Logs the given message with the given level.</doc>
<status status="PASS" start="2024-04-12T01:00:18.323108" elapsed="0.000219"/>
</kw>
<kw name="Dictionary Should Contain Key" owner="Collections">
<msg time="2024-04-12T01:00:18.323810" level="INFO">False</msg>
<arg>${json_data}</arg>
<arg>results</arg>
<doc>Fails if ``key`` is not found from ``dictionary``.</doc>
<status status="PASS" start="2024-04-12T01:00:18.323646" elapsed="0.000203"/>
</kw>
<kw name="Should Not Be Empty" owner="BuiltIn">
<msg time="2024-04-12T01:00:18.324331" level="INFO">Length is 2.</msg>
<arg>${json_data}</arg>
<doc>Verifies that the given item is not empty.</doc>
<status status="PASS" start="2024-04-12T01:00:18.324156" elapsed="0.000217"/>
</kw>
<kw name="Create List" owner="BuiltIn">
<msg time="2024-04-12T01:00:18.324837" level="INFO">${expected_keys} = ['gender', 'name', 'location', 'email', 'login']</msg>
<var>${expected_keys}</var>
<arg>gender</arg>
<arg>name</arg>
<arg>location</arg>
<arg>email</arg>
<arg>login</arg>
<doc>Returns a list containing given items.</doc>
<status status="PASS" start="2024-04-12T01:00:18.324681" elapsed="0.000181"/>
</kw>
<for flavor="IN">
<iter>
<kw name="Dictionary Should Contain Key" owner="Collections">
<msg time="2024-04-12T01:00:18.325889" level="INFO">False</msg>
<arg>${json_data['results'][0]}</arg>
<arg>${key}</arg>
<doc>Fails if ``key`` is not found from ``dictionary``.</doc>
<status status="PASS" start="2024-04-12T01:00:18.325469" elapsed="0.000460"/>
</kw>
<kw name="Log" owner="BuiltIn">
<msg time="2024-04-12T01:00:18.326623" level="INFO">{'gender': 'female', 'name': {'title': 'Miss', 'first': 'Cathy', 'last': 'Oliver'}, 'location': {'street': {'number': 4356, 'name': 'Strand Road'}, 'city': 'Oranmore', 'state': 'Cavan', 'country': 'Ireland', 'postcode': 46116, 'coordinates': {'latitude': '0.0402', 'longitude': '86.9338'}, 'timezone': {'offset': '+9:00', 'description': 'Tokyo, Seoul, Osaka, Sapporo, Yakutsk'}}, 'email': 'cathy.oliver@example.com', 'login': {'uuid': '3a4e6cb0-66d7-48c0-8667-cd14bef20c96', 'username': 'lazypeacock878', 'password': 'godsmack', 'salt': 'A1BFUdcy', 'md5': 'bd9a4e899eef8a601860ce8ba0054a9a', 'sha1': '034da063aae04d21db07b837259108e0315ce2fd', 'sha256': '5a12b3272cffe1daa25f4c885d5bc0f9c3da5adc9b7b41cc6bd24d154123c051'}, 'dob': {'date': '1950-03-09T17:30:02.358Z', 'age': 74}, 'registered': {'date': '2007-05-05T11:24:57.501Z', 'age': 16}, 'phone': '071-910-7633', 'cell': '081-848-2863', 'id': {'name': 'PPS', 'value': '8967820T'}, 'picture': {'large': 'https://randomuser.me/api/portraits/women/71.jpg', 'medium': 'https://randomuser.me/api/portraits/med/women/71.jpg', 'thumbnail': 'https://randomuser.me/api/portraits/thumb/women/71.jpg'}, 'nat': 'IE'}</msg>
<arg>${json_data['results'][0]}</arg>
<doc>Logs the given message with the given level.</doc>
<status status="PASS" start="2024-04-12T01:00:18.326250" elapsed="0.000423"/>
</kw>
<kw name="Log" owner="BuiltIn">
<msg time="2024-04-12T01:00:18.327114" level="INFO">gender</msg>
<arg>${key}</arg>
<doc>Logs the given message with the given level.</doc>
<status status="PASS" start="2024-04-12T01:00:18.326981" elapsed="0.000173"/>
</kw>
<var name="${key}">gender</var>
<status status="PASS" start="2024-04-12T01:00:18.325338" elapsed="0.002052"/>
</iter>
<iter>
<kw name="Dictionary Should Contain Key" owner="Collections">
<msg time="2024-04-12T01:00:18.328084" level="INFO">False</msg>
<arg>${json_data['results'][0]}</arg>
<arg>${key}</arg>
<doc>Fails if ``key`` is not found from ``dictionary``.</doc>
<status status="PASS" start="2024-04-12T01:00:18.327699" elapsed="0.000423"/>
</kw>
<kw name="Log" owner="BuiltIn">
<msg time="2024-04-12T01:00:18.328844" level="INFO">{'gender': 'female', 'name': {'title': 'Miss', 'first': 'Cathy', 'last': 'Oliver'}, 'location': {'street': {'number': 4356, 'name': 'Strand Road'}, 'city': 'Oranmore', 'state': 'Cavan', 'country': 'Ireland', 'postcode': 46116, 'coordinates': {'latitude': '0.0402', 'longitude': '86.9338'}, 'timezone': {'offset': '+9:00', 'description': 'Tokyo, Seoul, Osaka, Sapporo, Yakutsk'}}, 'email': 'cathy.oliver@example.com', 'login': {'uuid': '3a4e6cb0-66d7-48c0-8667-cd14bef20c96', 'username': 'lazypeacock878', 'password': 'godsmack', 'salt': 'A1BFUdcy', 'md5': 'bd9a4e899eef8a601860ce8ba0054a9a', 'sha1': '034da063aae04d21db07b837259108e0315ce2fd', 'sha256': '5a12b3272cffe1daa25f4c885d5bc0f9c3da5adc9b7b41cc6bd24d154123c051'}, 'dob': {'date': '1950-03-09T17:30:02.358Z', 'age': 74}, 'registered': {'date': '2007-05-05T11:24:57.501Z', 'age': 16}, 'phone': '071-910-7633', 'cell': '081-848-2863', 'id': {'name': 'PPS', 'value': '8967820T'}, 'picture': {'large': 'https://randomuser.me/api/portraits/women/71.jpg', 'medium': 'https://randomuser.me/api/portraits/med/women/71.jpg', 'thumbnail': 'https://randomuser.me/api/portraits/thumb/women/71.jpg'}, 'nat': 'IE'}</msg>
<arg>${json_data['results'][0]}</arg>
<doc>Logs the given message with the given level.</doc>
<status status="PASS" start="2024-04-12T01:00:18.328482" elapsed="0.000411"/>
</kw>
<kw name="Log" owner="BuiltIn">
<msg time="2024-04-12T01:00:18.329329" level="INFO">name</msg>
<arg>${key}</arg>
<doc>Logs the given message with the given level.</doc>
<status status="PASS" start="2024-04-12T01:00:18.329199" elapsed="0.000185"/>
</kw>
<var name="${key}">name</var>
<status status="PASS" start="2024-04-12T01:00:18.327583" elapsed="0.002024"/>
</iter>
<iter>
<kw name="Dictionary Should Contain Key" owner="Collections">
<msg time="2024-04-12T01:00:18.330296" level="INFO">False</msg>
<arg>${json_data['results'][0]}</arg>
<arg>${key}</arg>
<doc>Fails if ``key`` is not found from ``dictionary``.</doc>
<status status="PASS" start="2024-04-12T01:00:18.329908" elapsed="0.000428"/>
</kw>
<kw name="Log" owner="BuiltIn">
<msg time="2024-04-12T01:00:18.331004" level="INFO">{'gender': 'female', 'name': {'title': 'Miss', 'first': 'Cathy', 'last': 'Oliver'}, 'location': {'street': {'number': 4356, 'name': 'Strand Road'}, 'city': 'Oranmore', 'state': 'Cavan', 'country': 'Ireland', 'postcode': 46116, 'coordinates': {'latitude': '0.0402', 'longitude': '86.9338'}, 'timezone': {'offset': '+9:00', 'description': 'Tokyo, Seoul, Osaka, Sapporo, Yakutsk'}}, 'email': 'cathy.oliver@example.com', 'login': {'uuid': '3a4e6cb0-66d7-48c0-8667-cd14bef20c96', 'username': 'lazypeacock878', 'password': 'godsmack', 'salt': 'A1BFUdcy', 'md5': 'bd9a4e899eef8a601860ce8ba0054a9a', 'sha1': '034da063aae04d21db07b837259108e0315ce2fd', 'sha256': '5a12b3272cffe1daa25f4c885d5bc0f9c3da5adc9b7b41cc6bd24d154123c051'}, 'dob': {'date': '1950-03-09T17:30:02.358Z', 'age': 74}, 'registered': {'date': '2007-05-05T11:24:57.501Z', 'age': 16}, 'phone': '071-910-7633', 'cell': '081-848-2863', 'id': {'name': 'PPS', 'value': '8967820T'}, 'picture': {'large': 'https://randomuser.me/api/portraits/women/71.jpg', 'medium': 'https://randomuser.me/api/portraits/med/women/71.jpg', 'thumbnail': 'https://randomuser.me/api/portraits/thumb/women/71.jpg'}, 'nat': 'IE'}</msg>
<arg>${json_data['results'][0]}</arg>
<doc>Logs the given message with the given level.</doc>
<status status="PASS" start="2024-04-12T01:00:18.330641" elapsed="0.000417"/>
</kw>
<kw name="Log" owner="BuiltIn">
<msg time="2024-04-12T01:00:18.331483" level="INFO">location</msg>
<arg>${key}</arg>
<doc>Logs the given message with the given level.</doc>
<status status="PASS" start="2024-04-12T01:00:18.331355" elapsed="0.000167"/>
</kw>
<var name="${key}">location</var>
<status status="PASS" start="2024-04-12T01:00:18.329793" elapsed="0.001946"/>
</iter>
<iter>
<kw name="Dictionary Should Contain Key" owner="Collections">
<msg time="2024-04-12T01:00:18.332431" level="INFO">False</msg>
<arg>${json_data['results'][0]}</arg>
<arg>${key}</arg>
<doc>Fails if ``key`` is not found from ``dictionary``.</doc>
<status status="PASS" start="2024-04-12T01:00:18.332025" elapsed="0.000445"/>
</kw>
<kw name="Log" owner="BuiltIn">
<msg time="2024-04-12T01:00:18.333133" level="INFO">{'gender': 'female', 'name': {'title': 'Miss', 'first': 'Cathy', 'last': 'Oliver'}, 'location': {'street': {'number': 4356, 'name': 'Strand Road'}, 'city': 'Oranmore', 'state': 'Cavan', 'country': 'Ireland', 'postcode': 46116, 'coordinates': {'latitude': '0.0402', 'longitude': '86.9338'}, 'timezone': {'offset': '+9:00', 'description': 'Tokyo, Seoul, Osaka, Sapporo, Yakutsk'}}, 'email': 'cathy.oliver@example.com', 'login': {'uuid': '3a4e6cb0-66d7-48c0-8667-cd14bef20c96', 'username': 'lazypeacock878', 'password': 'godsmack', 'salt': 'A1BFUdcy', 'md5': 'bd9a4e899eef8a601860ce8ba0054a9a', 'sha1': '034da063aae04d21db07b837259108e0315ce2fd', 'sha256': '5a12b3272cffe1daa25f4c885d5bc0f9c3da5adc9b7b41cc6bd24d154123c051'}, 'dob': {'date': '1950-03-09T17:30:02.358Z', 'age': 74}, 'registered': {'date': '2007-05-05T11:24:57.501Z', 'age': 16}, 'phone': '071-910-7633', 'cell': '081-848-2863', 'id': {'name': 'PPS', 'value': '8967820T'}, 'picture': {'large': 'https://randomuser.me/api/portraits/women/71.jpg', 'medium': 'https://randomuser.me/api/portraits/med/women/71.jpg', 'thumbnail': 'https://randomuser.me/api/portraits/thumb/women/71.jpg'}, 'nat': 'IE'}</msg>
<arg>${json_data['results'][0]}</arg>
<doc>Logs the given message with the given level.</doc>
<status status="PASS" start="2024-04-12T01:00:18.332768" elapsed="0.000414"/>
</kw>
<kw name="Log" owner="BuiltIn">
<msg time="2024-04-12T01:00:18.333615" level="INFO">email</msg>
<arg>${key}</arg>
<doc>Logs the given message with the given level.</doc>
<status status="PASS" start="2024-04-12T01:00:18.333477" elapsed="0.000176"/>
</kw>
<var name="${key}">email</var>
<status status="PASS" start="2024-04-12T01:00:18.331913" elapsed="0.001956"/>
</iter>
<iter>
<kw name="Dictionary Should Contain Key" owner="Collections">
<msg time="2024-04-12T01:00:18.334539" level="INFO">False</msg>
<arg>${json_data['results'][0]}</arg>
<arg>${key}</arg>
<doc>Fails if ``key`` is not found from ``dictionary``.</doc>
<status status="PASS" start="2024-04-12T01:00:18.334152" elapsed="0.000424"/>
</kw>
<kw name="Log" owner="BuiltIn">
<msg time="2024-04-12T01:00:18.335232" level="INFO">{'gender': 'female', 'name': {'title': 'Miss', 'first': 'Cathy', 'last': 'Oliver'}, 'location': {'street': {'number': 4356, 'name': 'Strand Road'}, 'city': 'Oranmore', 'state': 'Cavan', 'country': 'Ireland', 'postcode': 46116, 'coordinates': {'latitude': '0.0402', 'longitude': '86.9338'}, 'timezone': {'offset': '+9:00', 'description': 'Tokyo, Seoul, Osaka, Sapporo, Yakutsk'}}, 'email': 'cathy.oliver@example.com', 'login': {'uuid': '3a4e6cb0-66d7-48c0-8667-cd14bef20c96', 'username': 'lazypeacock878', 'password': 'godsmack', 'salt': 'A1BFUdcy', 'md5': 'bd9a4e899eef8a601860ce8ba0054a9a', 'sha1': '034da063aae04d21db07b837259108e0315ce2fd', 'sha256': '5a12b3272cffe1daa25f4c885d5bc0f9c3da5adc9b7b41cc6bd24d154123c051'}, 'dob': {'date': '1950-03-09T17:30:02.358Z', 'age': 74}, 'registered': {'date': '2007-05-05T11:24:57.501Z', 'age': 16}, 'phone': '071-910-7633', 'cell': '081-848-2863', 'id': {'name': 'PPS', 'value': '8967820T'}, 'picture': {'large': 'https://randomuser.me/api/portraits/women/71.jpg', 'medium': 'https://randomuser.me/api/portraits/med/women/71.jpg', 'thumbnail': 'https://randomuser.me/api/portraits/thumb/women/71.jpg'}, 'nat': 'IE'}</msg>
<arg>${json_data['results'][0]}</arg>
<doc>Logs the given message with the given level.</doc>
<status status="PASS" start="2024-04-12T01:00:18.334874" elapsed="0.000406"/>
</kw>
<kw name="Log" owner="BuiltIn">
<msg time="2024-04-12T01:00:18.335714" level="INFO">login</msg>
<arg>${key}</arg>
<doc>Logs the given message with the given level.</doc>
<status status="PASS" start="2024-04-12T01:00:18.335583" elapsed="0.000169"/>
</kw>
<var name="${key}">login</var>
<status status="PASS" start="2024-04-12T01:00:18.334041" elapsed="0.001953"/>
</iter>
<var>${key}</var>
<value>@{expected_keys}</value>
<status status="PASS" start="2024-04-12T01:00:18.325130" elapsed="0.010992"/>
</for>
<kw name="Create List" owner="BuiltIn">
<msg time="2024-04-12T01:00:18.336517" level="INFO">${expected_keysTwo} = ['username', 'password']</msg>
<var>${expected_keysTwo}</var>
<arg>username</arg>
<arg>password</arg>
<doc>Returns a list containing given items.</doc>
<status status="PASS" start="2024-04-12T01:00:18.336358" elapsed="0.000185"/>
</kw>
<for flavor="IN">
<iter>
<kw name="Dictionary Should Contain Key" owner="Collections">
<msg time="2024-04-12T01:00:18.337625" level="INFO">False</msg>
<arg>${json_data['results'][0]['login']}</arg>
<arg>${keyTwo}</arg>
<doc>Fails if ``key`` is not found from ``dictionary``.</doc>
<status status="PASS" start="2024-04-12T01:00:18.337212" elapsed="0.000455"/>
</kw>
<kw name="Dictionary Should Contain Key" owner="Collections">
<msg time="2024-04-12T01:00:18.338388" level="INFO">False</msg>
<arg>${json_data['results'][0]['login']}</arg>
<arg>${keyTwo}</arg>
<doc>Fails if ``key`` is not found from ``dictionary``.</doc>
<status status="PASS" start="2024-04-12T01:00:18.337985" elapsed="0.000444"/>
</kw>
<kw name="Log" owner="BuiltIn">
<msg time="2024-04-12T01:00:18.338881" level="INFO">username</msg>
<arg>${keyTwo}</arg>
<doc>Logs the given message with the given level.</doc>
<status status="PASS" start="2024-04-12T01:00:18.338743" elapsed="0.000178"/>
</kw>
<var name="${keyTwo}">username</var>
<status status="PASS" start="2024-04-12T01:00:18.337089" elapsed="0.002062"/>
</iter>
<iter>
<kw name="Dictionary Should Contain Key" owner="Collections">
<msg time="2024-04-12T01:00:18.339866" level="INFO">False</msg>
<arg>${json_data['results'][0]['login']}</arg>
<arg>${keyTwo}</arg>
<doc>Fails if ``key`` is not found from ``dictionary``.</doc>
<status status="PASS" start="2024-04-12T01:00:18.339458" elapsed="0.000450"/>
</kw>
<kw name="Dictionary Should Contain Key" owner="Collections">
<msg time="2024-04-12T01:00:18.340645" level="INFO">False</msg>
<arg>${json_data['results'][0]['login']}</arg>
<arg>${keyTwo}</arg>
<doc>Fails if ``key`` is not found from ``dictionary``.</doc>
<status status="PASS" start="2024-04-12T01:00:18.340217" elapsed="0.000468"/>
</kw>
<kw name="Log" owner="BuiltIn">
<msg time="2024-04-12T01:00:18.341141" level="INFO">password</msg>
<arg>${keyTwo}</arg>
<doc>Logs the given message with the given level.</doc>
<status status="PASS" start="2024-04-12T01:00:18.341002" elapsed="0.000181"/>
</kw>
<var name="${keyTwo}">password</var>
<status status="PASS" start="2024-04-12T01:00:18.339340" elapsed="0.002075"/>
</iter>
<var>${keyTwo}</var>
<value>@{expected_keysTwo}</value>
<status status="PASS" start="2024-04-12T01:00:18.336809" elapsed="0.004736"/>
</for>
<status status="PASS" start="2024-04-12T01:00:18.223543" elapsed="0.118156"/>
</kw>
<doc>Testa a estrutura da resposta da API.</doc>
<tag>testeEstruturaResposta</tag>
<status status="PASS" start="2024-04-12T01:00:18.222877" elapsed="0.119001"/>
</test>
<test id="s1-s1-t4" name="Validar tipos de dados" line="28">
<kw name="Teste de Tipos de Dados" owner="random-user-service">
<kw name="GET On Session" owner="RequestsLibrary">
<msg time="2024-04-12T01:00:18.419338" level="INFO">GET Request : url=https://randomuser.me/api 
 path_url=/api 
 headers={'User-Agent': 'python-requests/2.31.0', 'Accept-Encoding': 'gzip, deflate', 'Accept': '*/*', 'Connection': 'keep-alive'} 
 body=None 
 </msg>
<msg time="2024-04-12T01:00:18.419419" level="INFO">GET Response : url=https://randomuser.me/api 
 status=200, reason=OK 
 headers={'Date': 'Fri, 12 Apr 2024 01:00:18 GMT', 'Content-Type': 'application/json; charset=utf-8', 'Transfer-Encoding': 'chunked', 'Connection': 'keep-alive', 'X-Powered-By': 'Express', 'Access-Control-Allow-Origin': '*', 'Cache-Control': 'no-cache', 'ETag': 'W/"46d-vpdsNS4nshpqgPd0Y1Fm18Sqd+g"', 'Vary': 'Accept-Encoding', 'Content-Encoding': 'gzip', 'CF-Cache-Status': 'DYNAMIC', 'Report-To': '{"endpoints":[{"url":"https:\\/\\/a.nel.cloudflare.com\\/report\\/v4?s=Ho5TD%2BEpBDJNSjm62wo5YPIr5iY%2FZseXaSsn%2FnEQvFXq8tAFkBfs5Hr9%2BJX2P%2Ft3TD3xykBeJ0slZLybaP%2BjD%2FYII9TfYZvN6D7KTFVp36uQ6j%2B4u0OOK%2FtDoprVtcTJ"}],"group":"cf-nel","max_age":604800}', 'NEL': '{"success_fraction":0,"report_to":"cf-nel","max_age":604800}', 'Server': 'cloudflare', 'CF-RAY': '872f4756ae4f827b-IAD', 'alt-svc': 'h3=":443"; ma=86400'} 
 body={"results":[{"gender":"male","name":{"title":"Mr","first":"Madhav","last":"Chiplunkar"},"location":{"street":{"number":9870,"name":"Bhootnath Rd"},"city":"Mathura","state":"Telangana","country":"India","postcode":53179,"coordinates":{"latitude":"8.2383","longitude":"-165.6352"},"timezone":{"offset":"-9:00","description":"Alaska"}},"email":"madhav.chiplunkar@example.com","login":{"uuid":"931f19e7-b389-4fe7-98b3-199715f5b891","username":"saddog189","password":"lite","salt":"TlGL95Bt","md5":"371848aab16282760bf154b4331bf20e","sha1":"634e62847888f57c118c3b90a2d011ca4ecb5f63","sha256":"c2aca1ccfdb05d443a6c2b54b49b6273c29727fe21a779a5e4e8cbf1977c5699"},"dob":{"date":"1980-02-13T23:59:45.296Z","age":44},"registered":{"date":"2013-08-27T19:39:03.666Z","age":10},"phone":"7393755096","cell":"7670351109","id":{"name":"UIDAI","value":"483068269394"},"picture":{"large":"https://randomuser.me/api/portraits/men/48.jpg","medium":"https://randomuser.me/api/portraits/med/men/48.jpg","thumbnail":"https://randomuser.me/api/portraits/thumb/men/48.jpg"},"nat":"IN"}],"info":{"seed":"21415bf3f6c79f1b","results":1,"page":1,"version":"1.4"}} 
 </msg>
<msg time="2024-04-12T01:00:18.419489" level="INFO">/opt/hostedtoolcache/Python/3.12.2/x64/lib/python3.12/site-packages/urllib3/connectionpool.py:1103: InsecureRequestWarning: Unverified HTTPS request is being made to host 'randomuser.me'. Adding certificate verification is strongly advised. See: https://urllib3.readthedocs.io/en/latest/advanced-usage.html#tls-warnings
  warnings.warn(</msg>
<msg time="2024-04-12T01:00:18.419615" level="INFO">${response} = &lt;Response [200]&gt;</msg>
<var>${response}</var>
<arg>consultarAPI</arg>
<arg>/api</arg>
<doc>Sends a GET request on a previously created HTTP Session.</doc>
<status status="PASS" start="2024-04-12T01:00:18.344561" elapsed="0.075083"/>
</kw>
<kw name="Set Variable" owner="BuiltIn">
<msg time="2024-04-12T01:00:18.420463" level="INFO">${json_data} = {'results': [{'gender': 'male', 'name': {'title': 'Mr', 'first': 'Madhav', 'last': 'Chiplunkar'}, 'location': {'street': {'number': 9870, 'name': 'Bhootnath Rd'}, 'city': 'Mathura', 'state': 'Telangan...</msg>
<var>${json_data}</var>
<arg>${response.json()}</arg>
<doc>Returns the given values which can then be assigned to a variables.</doc>
<status status="PASS" start="2024-04-12T01:00:18.419988" elapsed="0.000503"/>
</kw>
<kw name="Log" owner="BuiltIn">
<msg time="2024-04-12T01:00:18.420984" level="INFO">{'results': [{'gender': 'male', 'name': {'title': 'Mr', 'first': 'Madhav', 'last': 'Chiplunkar'}, 'location': {'street': {'number': 9870, 'name': 'Bhootnath Rd'}, 'city': 'Mathura', 'state': 'Telangana', 'country': 'India', 'postcode': 53179, 'coordinates': {'latitude': '8.2383', 'longitude': '-165.6352'}, 'timezone': {'offset': '-9:00', 'description': 'Alaska'}}, 'email': 'madhav.chiplunkar@example.com', 'login': {'uuid': '931f19e7-b389-4fe7-98b3-199715f5b891', 'username': 'saddog189', 'password': 'lite', 'salt': 'TlGL95Bt', 'md5': '371848aab16282760bf154b4331bf20e', 'sha1': '634e62847888f57c118c3b90a2d011ca4ecb5f63', 'sha256': 'c2aca1ccfdb05d443a6c2b54b49b6273c29727fe21a779a5e4e8cbf1977c5699'}, 'dob': {'date': '1980-02-13T23:59:45.296Z', 'age': 44}, 'registered': {'date': '2013-08-27T19:39:03.666Z', 'age': 10}, 'phone': '7393755096', 'cell': '7670351109', 'id': {'name': 'UIDAI', 'value': '483068269394'}, 'picture': {'large': 'https://randomuser.me/api/portraits/men/48.jpg', 'medium': 'https://randomuser.me/api/portraits/med/men/48.jpg', 'thumbnail': 'https://randomuser.me/api/portraits/thumb/men/48.jpg'}, 'nat': 'IN'}], 'info': {'seed': '21415bf3f6c79f1b', 'results': 1, 'page': 1, 'version': '1.4'}}</msg>
<arg>${json_data}</arg>
<doc>Logs the given message with the given level.</doc>
<status status="PASS" start="2024-04-12T01:00:18.420821" elapsed="0.000252"/>
</kw>
<kw name="Should Be String" owner="String">
<arg>${json_data['results'][0]['gender']}</arg>
<doc>Fails if the given ``item`` is not a string.</doc>
<status status="PASS" start="2024-04-12T01:00:18.421387" elapsed="0.000363"/>
</kw>
<kw name="Should Match Regexp" owner="BuiltIn">
<arg>${json_data['results'][0]['email']}</arg>
<arg>^[a-zA-Z0-9._%+-]+@[a-zA-Z0-9.-]+\.[a-zA-Z]{2,}$</arg>
<doc>Fails if ``string`` does not match ``pattern`` as a regular expression.</doc>
<status status="PASS" start="2024-04-12T01:00:18.421948" elapsed="0.000528"/>
</kw>
<kw name="Should Match Regexp" owner="BuiltIn">
<arg>${json_data['results'][0]['dob']['date']}</arg>
<arg>\\d{4}-\\d{2}-\\d{2}T\\d{2}:\\d{2}:\\d{2}\\.\\d{3}Z</arg>
<doc>Fails if ``string`` does not match ``pattern`` as a regular expression.</doc>
<status status="PASS" start="2024-04-12T01:00:18.422677" elapsed="0.000502"/>
</kw>
<kw name="Should Match Regexp" owner="BuiltIn">
<arg>${json_data['results'][0]['registered']['date']}</arg>
<arg>\\d{4}-\\d{2}-\\d{2}T\\d{2}:\\d{2}:\\d{2}\\.\\d{3}Z</arg>
<doc>Fails if ``string`` does not match ``pattern`` as a regular expression.</doc>
<status status="PASS" start="2024-04-12T01:00:18.423375" elapsed="0.000388"/>
</kw>
<kw name="Should Match Regexp" owner="BuiltIn">
<arg>${json_data['results'][0]['picture']['large']}</arg>
<arg>^https?://.*\.(?:png|jpe?g|gif|bmp)$</arg>
<doc>Fails if ``string`` does not match ``pattern`` as a regular expression.</doc>
<status status="PASS" start="2024-04-12T01:00:18.423955" elapsed="0.000496"/>
</kw>
<kw name="Should Match Regexp" owner="BuiltIn">
<arg>${json_data['results'][0]['picture']['medium']}</arg>
<arg>^https?://.*\.(?:png|jpe?g|gif|bmp)$</arg>
<doc>Fails if ``string`` does not match ``pattern`` as a regular expression.</doc>
<status status="PASS" start="2024-04-12T01:00:18.424647" elapsed="0.000366"/>
</kw>
<kw name="Should Match Regexp" owner="BuiltIn">
<arg>${json_data['results'][0]['picture']['thumbnail']}</arg>
<arg>^https?://.*\.(?:png|jpe?g|gif|bmp)$</arg>
<doc>Fails if ``string`` does not match ``pattern`` as a regular expression.</doc>
<status status="PASS" start="2024-04-12T01:00:18.425203" elapsed="0.000359"/>
</kw>
<kw name="Log" owner="BuiltIn">
<msg time="2024-04-12T01:00:18.426073" level="INFO">{'large': 'https://randomuser.me/api/portraits/men/48.jpg', 'medium': 'https://randomuser.me/api/portraits/med/men/48.jpg', 'thumbnail': 'https://randomuser.me/api/portraits/thumb/men/48.jpg'}</msg>
<arg>${json_data['results'][0]['picture']}</arg>
<doc>Logs the given message with the given level.</doc>
<status status="PASS" start="2024-04-12T01:00:18.425748" elapsed="0.000367"/>
</kw>
<status status="PASS" start="2024-04-12T01:00:18.344282" elapsed="0.082092"/>
</kw>
<kw name="Teste de Tipos de Dados - Postcode" owner="random-user-service">
<kw name="GET On Session" owner="RequestsLibrary">
<msg time="2024-04-12T01:00:18.539921" level="INFO">GET Request : url=https://randomuser.me/api 
 path_url=/api 
 headers={'User-Agent': 'python-requests/2.31.0', 'Accept-Encoding': 'gzip, deflate', 'Accept': '*/*', 'Connection': 'keep-alive'} 
 body=None 
 </msg>
<msg time="2024-04-12T01:00:18.539998" level="INFO">GET Response : url=https://randomuser.me/api 
 status=200, reason=OK 
 headers={'Date': 'Fri, 12 Apr 2024 01:00:18 GMT', 'Content-Type': 'application/json; charset=utf-8', 'Transfer-Encoding': 'chunked', 'Connection': 'keep-alive', 'X-Powered-By': 'Express', 'Access-Control-Allow-Origin': '*', 'Cache-Control': 'no-cache', 'ETag': 'W/"49f-VPvv0/8pXy2uuvPEdxIxhpEsDls"', 'Vary': 'Accept-Encoding', 'Content-Encoding': 'gzip', 'CF-Cache-Status': 'DYNAMIC', 'Report-To': '{"endpoints":[{"url":"https:\\/\\/a.nel.cloudflare.com\\/report\\/v4?s=nbQ0%2BQ6LSI%2FJBrRLemodxPKvonEje2uuI%2BcMKYD7XxdUSHWyLL6cd4LK5u%2FhomH3PiPMDZSfOkG54yfDeWqIoC6nd%2F6aPxn7Npi3tE3%2FAiccU3ZoOgBSdJUFBGaliutu"}],"group":"cf-nel","max_age":604800}', 'NEL': '{"success_fraction":0,"report_to":"cf-nel","max_age":604800}', 'Server': 'cloudflare', 'CF-RAY': '872f47573f0d827b-IAD', 'alt-svc': 'h3=":443"; ma=86400'} 
 body={"results":[{"gender":"male","name":{"title":"Mr","first":"ایلیا","last":"کریمی"},"location":{"street":{"number":5074,"name":"میدان توحید"},"city":"کرمان","state":"خراسان رضوی","country":"Iran","postcode":89826,"coordinates":{"latitude":"15.0529","longitude":"-132.9669"},"timezone":{"offset":"-6:00","description":"Central Time (US &amp; Canada), Mexico City"}},"email":"yly.khrymy@example.com","login":{"uuid":"3d38be5e-38f1-4dc2-a66e-b074c72794b9","username":"greentiger749","password":"heaven","salt":"nH9f3Xlj","md5":"f3af933c89bd0b4c9e094e10c494e136","sha1":"e7cec9a1e0d94f02ba4250bd6788b0cdb8ff4755","sha256":"649e19cac3cde75eb9373d95188f345ddc82b1f32c120e147579a082c5e15b8b"},"dob":{"date":"1945-01-04T00:54:50.005Z","age":79},"registered":{"date":"2011-05-27T18:56:36.198Z","age":12},"phone":"074-14527520","cell":"0938-984-2976","id":{"name":"","value":null},"picture":{"large":"https://randomuser.me/api/portraits/men/30.jpg","medium":"https://randomuser.me/api/portraits/med/men/30.jpg","thumbnail":"https://randomuser.me/api/portraits/thumb/men/30.jpg"},"nat":"IR"}],"info":{"seed":"9da1bb4ea0011ea4","results":1,"page":1,"version":"1.4"}} 
 </msg>
<msg time="2024-04-12T01:00:18.540084" level="INFO">/opt/hostedtoolcache/Python/3.12.2/x64/lib/python3.12/site-packages/urllib3/connectionpool.py:1103: InsecureRequestWarning: Unverified HTTPS request is being made to host 'randomuser.me'. Adding certificate verification is strongly advised. See: https://urllib3.readthedocs.io/en/latest/advanced-usage.html#tls-warnings
  warnings.warn(</msg>
<msg time="2024-04-12T01:00:18.540210" level="INFO">${response} = &lt;Response [200]&gt;</msg>
<var>${response}</var>
<arg>consultarAPI</arg>
<arg>/api</arg>
<doc>Sends a GET request on a previously created HTTP Session.</doc>
<status status="PASS" start="2024-04-12T01:00:18.426839" elapsed="0.113433"/>
</kw>
<kw name="Set Variable" owner="BuiltIn">
<msg time="2024-04-12T01:00:18.541167" level="INFO">${json_data} = {'results': [{'gender': 'male', 'name': {'title': 'Mr', 'first': 'ایلیا', 'last': 'کریمی'}, 'location': {'street': {'number': 5074, 'name': 'میدان توحید'}, 'city': 'کرمان', 'state': 'خراسان رضوی', 'co...</msg>
<var>${json_data}</var>
<arg>${response.json()}</arg>
<doc>Returns the given values which can then be assigned to a variables.</doc>
<status status="PASS" start="2024-04-12T01:00:18.540683" elapsed="0.000515"/>
</kw>
<kw name="Log" owner="BuiltIn">
<msg time="2024-04-12T01:00:18.541670" level="INFO">{'results': [{'gender': 'male', 'name': {'title': 'Mr', 'first': 'ایلیا', 'last': 'کریمی'}, 'location': {'street': {'number': 5074, 'name': 'میدان توحید'}, 'city': 'کرمان', 'state': 'خراسان رضوی', 'country': 'Iran', 'postcode': 89826, 'coordinates': {'latitude': '15.0529', 'longitude': '-132.9669'}, 'timezone': {'offset': '-6:00', 'description': 'Central Time (US &amp; Canada), Mexico City'}}, 'email': 'yly.khrymy@example.com', 'login': {'uuid': '3d38be5e-38f1-4dc2-a66e-b074c72794b9', 'username': 'greentiger749', 'password': 'heaven', 'salt': 'nH9f3Xlj', 'md5': 'f3af933c89bd0b4c9e094e10c494e136', 'sha1': 'e7cec9a1e0d94f02ba4250bd6788b0cdb8ff4755', 'sha256': '649e19cac3cde75eb9373d95188f345ddc82b1f32c120e147579a082c5e15b8b'}, 'dob': {'date': '1945-01-04T00:54:50.005Z', 'age': 79}, 'registered': {'date': '2011-05-27T18:56:36.198Z', 'age': 12}, 'phone': '074-14527520', 'cell': '0938-984-2976', 'id': {'name': '', 'value': None}, 'picture': {'large': 'https://randomuser.me/api/portraits/men/30.jpg', 'medium': 'https://randomuser.me/api/portraits/med/men/30.jpg', 'thumbnail': 'https://randomuser.me/api/portraits/thumb/men/30.jpg'}, 'nat': 'IR'}], 'info': {'seed': '9da1bb4ea0011ea4', 'results': 1, 'page': 1, 'version': '1.4'}}</msg>
<arg>${json_data}</arg>
<doc>Logs the given message with the given level.</doc>
<status status="PASS" start="2024-04-12T01:00:18.541511" elapsed="0.000250"/>
</kw>
<kw name="Should Be Equal As Numbers" owner="BuiltIn">
<arg>${json_data['results'][0]['location']['postcode']}</arg>
<arg>${json_data['results'][0]['location']['postcode']}</arg>
<doc>Fails if objects are unequal after converting them to real numbers.</doc>
<status status="PASS" start="2024-04-12T01:00:18.542068" elapsed="0.000627"/>
</kw>
<kw name="Log" owner="BuiltIn">
<msg time="2024-04-12T01:00:18.543222" level="INFO">89826</msg>
<arg>${json_data['results'][0]['location']['postcode']}</arg>
<doc>Logs the given message with the given level.</doc>
<status status="PASS" start="2024-04-12T01:00:18.542889" elapsed="0.000374"/>
</kw>
<status status="PASS" start="2024-04-12T01:00:18.426601" elapsed="0.116919"/>
</kw>
<doc>Testa se os tipos de dados na resposta da API estão corretos.</doc>
<tag>testeTiposDados</tag>
<status status="PASS" start="2024-04-12T01:00:18.343770" elapsed="0.199918"/>
</test>
<test id="s1-s1-t5" name="Validar conteudo" line="35">
<kw name="Teste de Tipos de Conteudo" owner="random-user-service">
<kw name="GET On Session" owner="RequestsLibrary">
<msg time="2024-04-12T01:00:18.621791" level="INFO">GET Request : url=https://randomuser.me/api 
 path_url=/api 
 headers={'User-Agent': 'python-requests/2.31.0', 'Accept-Encoding': 'gzip, deflate', 'Accept': '*/*', 'Connection': 'keep-alive'} 
 body=None 
 </msg>
<msg time="2024-04-12T01:00:18.621883" level="INFO">GET Response : url=https://randomuser.me/api 
 status=200, reason=OK 
 headers={'Date': 'Fri, 12 Apr 2024 01:00:18 GMT', 'Content-Type': 'application/json; charset=utf-8', 'Transfer-Encoding': 'chunked', 'Connection': 'keep-alive', 'X-Powered-By': 'Express', 'Access-Control-Allow-Origin': '*', 'Cache-Control': 'no-cache', 'ETag': 'W/"4ac-EtvSCuvpTb0+xlPbiCd8JvU3Zjc"', 'Vary': 'Accept-Encoding', 'Content-Encoding': 'gzip', 'CF-Cache-Status': 'DYNAMIC', 'Report-To': '{"endpoints":[{"url":"https:\\/\\/a.nel.cloudflare.com\\/report\\/v4?s=DcvgaQi6p7srp5kUBmsswggO9nIgT2jkds0GohBGvsYIZH3EN8WBO5%2BvUnMMzKdnE3aW6YsyIqV1rCn6bzmQOJkQpdaNMSFJeMGJPP1DR%2F8poxUDUBfyU7uGPbSHSO4s"}],"group":"cf-nel","max_age":604800}', 'NEL': '{"success_fraction":0,"report_to":"cf-nel","max_age":604800}', 'Server': 'cloudflare', 'CF-RAY': '872f4757ffec827b-IAD', 'alt-svc': 'h3=":443"; ma=86400'} 
 body={"results":[{"gender":"female","name":{"title":"Mrs","first":"Estelle","last":"Leclercq"},"location":{"street":{"number":9447,"name":"Rue Baraban"},"city":"Toulouse","state":"Haute-Vienne","country":"France","postcode":23964,"coordinates":{"latitude":"-16.6255","longitude":"45.9350"},"timezone":{"offset":"+11:00","description":"Magadan, Solomon Islands, New Caledonia"}},"email":"estelle.leclercq@example.com","login":{"uuid":"585ff6e6-23e3-4158-a413-8f542a712ddf","username":"bluelion951","password":"access14","salt":"o4newIxs","md5":"4a3f860e1ddaa13a2b2496ba60a6ee40","sha1":"4e2469904a2396513c5f95dbf0deb136a8a325ac","sha256":"c22ecf6e17e530e591497d58bdf69adc758726c9ee7e8dba6cf3cf694babe7ac"},"dob":{"date":"1964-08-01T04:56:13.943Z","age":59},"registered":{"date":"2007-07-13T20:33:40.438Z","age":16},"phone":"04-40-18-89-01","cell":"06-35-26-82-28","id":{"name":"INSEE","value":"2640615572439 02"},"picture":{"large":"https://randomuser.me/api/portraits/women/12.jpg","medium":"https://randomuser.me/api/portraits/med/women/12.jpg","thumbnail":"https://randomuser.me/api/portraits/thumb/women/12.jpg"},"nat":"FR"}],"info":{"seed":"0390c9ca1969a8b5","results":1,"page":1,"version":"1.4"}} 
 </msg>
<msg time="2024-04-12T01:00:18.621956" level="INFO">/opt/hostedtoolcache/Python/3.12.2/x64/lib/python3.12/site-packages/urllib3/connectionpool.py:1103: InsecureRequestWarning: Unverified HTTPS request is being made to host 'randomuser.me'. Adding certificate verification is strongly advised. See: https://urllib3.readthedocs.io/en/latest/advanced-usage.html#tls-warnings
  warnings.warn(</msg>
<msg time="2024-04-12T01:00:18.622087" level="INFO">${response} = &lt;Response [200]&gt;</msg>
<var>${response}</var>
<arg>consultarAPI</arg>
<arg>/api</arg>
<doc>Sends a GET request on a previously created HTTP Session.</doc>
<status status="PASS" start="2024-04-12T01:00:18.546167" elapsed="0.075962"/>
</kw>
<kw name="Set Variable" owner="BuiltIn">
<msg time="2024-04-12T01:00:18.623023" level="INFO">${json_data} = {'results': [{'gender': 'female', 'name': {'title': 'Mrs', 'first': 'Estelle', 'last': 'Leclercq'}, 'location': {'street': {'number': 9447, 'name': 'Rue Baraban'}, 'city': 'Toulouse', 'state': 'Haute-...</msg>
<var>${json_data}</var>
<arg>${response.json()}</arg>
<doc>Returns the given values which can then be assigned to a variables.</doc>
<status status="PASS" start="2024-04-12T01:00:18.622552" elapsed="0.000499"/>
</kw>
<kw name="Set Variable" owner="BuiltIn">
<msg time="2024-04-12T01:00:18.623749" level="INFO">${name_title} = Mrs</msg>
<var>${name_title}</var>
<arg>${json_data["results"][0]["name"]["title"]}</arg>
<doc>Returns the given values which can then be assigned to a variables.</doc>
<status status="PASS" start="2024-04-12T01:00:18.623364" elapsed="0.000410"/>
</kw>
<kw name="Create List" owner="BuiltIn">
<msg time="2024-04-12T01:00:18.624225" level="INFO">${allowed_titles} = ['Mr', 'Ms', 'Miss', 'Mrs', 'Madame', 'Monsieur']</msg>
<var>${allowed_titles}</var>
<arg>Mr</arg>
<arg>Ms</arg>
<arg>Miss</arg>
<arg>Mrs</arg>
<arg>Madame</arg>
<arg>Monsieur</arg>
<doc>Returns a list containing given items.</doc>
<status status="PASS" start="2024-04-12T01:00:18.624074" elapsed="0.000204"/>
</kw>
<kw name="List Should Contain Value" owner="Collections">
<msg time="2024-04-12T01:00:18.624783" level="INFO">False</msg>
<arg>${allowed_titles}</arg>
<arg>${name_title}</arg>
<doc>Fails if the ``value`` is not found from ``list``.</doc>
<status status="PASS" start="2024-04-12T01:00:18.624609" elapsed="0.000211"/>
</kw>
<kw name="Set Variable" owner="BuiltIn">
<msg time="2024-04-12T01:00:18.625495" level="INFO">${name_country} = FR</msg>
<var>${name_country}</var>
<arg>${json_data["results"][0]["nat"]}</arg>
<doc>Returns the given values which can then be assigned to a variables.</doc>
<status status="PASS" start="2024-04-12T01:00:18.625118" elapsed="0.000402"/>
</kw>
<kw name="Create List" owner="BuiltIn">
<msg time="2024-04-12T01:00:18.626446" level="INFO">${list_country} = ['AD', 'AE', 'AF', 'AG', 'AI', 'AL', 'AM', 'AO', 'AQ', 'AR', 'AS', 'AT', 'AU', 'AW', 'AX', 'AZ', 'BA', 'BB', 'BD', 'BE', 'BF', 'BG', 'BH', 'BI', 'BJ', 'BL', 'BM', 'BN', 'BO', 'BQ', 'BR', 'BS', 'BT', '...</msg>
<var>${list_country}</var>
<arg>AD</arg>
<arg>AE</arg>
<arg>AF</arg>
<arg>AG</arg>
<arg>AI</arg>
<arg>AL</arg>
<arg>AM</arg>
<arg>AO</arg>
<arg>AQ</arg>
<arg>AR</arg>
<arg>AS</arg>
<arg>AT</arg>
<arg>AU</arg>
<arg>AW</arg>
<arg>AX</arg>
<arg>AZ</arg>
<arg>BA</arg>
<arg>BB</arg>
<arg>BD</arg>
<arg>BE</arg>
<arg>BF</arg>
<arg>BG</arg>
<arg>BH</arg>
<arg>BI</arg>
<arg>BJ</arg>
<arg>BL</arg>
<arg>BM</arg>
<arg>BN</arg>
<arg>BO</arg>
<arg>BQ</arg>
<arg>BR</arg>
<arg>BS</arg>
<arg>BT</arg>
<arg>BV</arg>
<arg>BW</arg>
<arg>BY</arg>
<arg>BZ</arg>
<arg>CA</arg>
<arg>CC</arg>
<arg>CD</arg>
<arg>CF</arg>
<arg>CG</arg>
<arg>CH</arg>
<arg>CI</arg>
<arg>CK</arg>
<arg>CL</arg>
<arg>CM</arg>
<arg>CN</arg>
<arg>CO</arg>
<arg>CR</arg>
<arg>CU</arg>
<arg>CV</arg>
<arg>CW</arg>
<arg>CX</arg>
<arg>CY</arg>
<arg>CZ</arg>
<arg>DE</arg>
<arg>DJ</arg>
<arg>DK</arg>
<arg>DM</arg>
<arg>DO</arg>
<arg>DZ</arg>
<arg>EC</arg>
<arg>EE</arg>
<arg>EG</arg>
<arg>EH</arg>
<arg>ER</arg>
<arg>ES</arg>
<arg>ET</arg>
<arg>FI</arg>
<arg>FJ</arg>
<arg>FK</arg>
<arg>FM</arg>
<arg>FO</arg>
<arg>FR</arg>
<arg>GA</arg>
<arg>GB</arg>
<arg>GD</arg>
<arg>GE</arg>
<arg>GF</arg>
<arg>GG</arg>
<arg>GH</arg>
<arg>GI</arg>
<arg>GL</arg>
<arg>GM</arg>
<arg>GN</arg>
<arg>GP</arg>
<arg>GQ</arg>
<arg>GR</arg>
<arg>GS</arg>
<arg>GT</arg>
<arg>GU</arg>
<arg>GW</arg>
<arg>GY</arg>
<arg>HK</arg>
<arg>HM</arg>
<arg>HN</arg>
<arg>HR</arg>
<arg>HT</arg>
<arg>HU</arg>
<arg>ID</arg>
<arg>IE</arg>
<arg>IL</arg>
<arg>IM</arg>
<arg>IN</arg>
<arg>IO</arg>
<arg>IQ</arg>
<arg>IR</arg>
<arg>IS</arg>
<arg>IT</arg>
<arg>JE</arg>
<arg>JM</arg>
<arg>JO</arg>
<arg>JP</arg>
<arg>KE</arg>
<arg>KG</arg>
<arg>KH</arg>
<arg>KI</arg>
<arg>KM</arg>
<arg>KN</arg>
<arg>KP</arg>
<arg>KR</arg>
<arg>KW</arg>
<arg>KY</arg>
<arg>KZ</arg>
<arg>LA</arg>
<arg>LB</arg>
<arg>LC</arg>
<arg>LI</arg>
<arg>LK</arg>
<arg>LR</arg>
<arg>LS</arg>
<arg>LT</arg>
<arg>LU</arg>
<arg>LV</arg>
<arg>LY</arg>
<arg>MA</arg>
<arg>MC</arg>
<arg>MD</arg>
<arg>ME</arg>
<arg>MF</arg>
<arg>MG</arg>
<arg>MH</arg>
<arg>MK</arg>
<arg>ML</arg>
<arg>MM</arg>
<arg>MN</arg>
<arg>MO</arg>
<arg>MP</arg>
<arg>MQ</arg>
<arg>MR</arg>
<arg>MS</arg>
<arg>MT</arg>
<arg>MU</arg>
<arg>MV</arg>
<arg>MW</arg>
<arg>MX</arg>
<arg>MY</arg>
<arg>MZ</arg>
<arg>NA</arg>
<arg>NC</arg>
<arg>NE</arg>
<arg>NF</arg>
<arg>NG</arg>
<arg>NI</arg>
<arg>NL</arg>
<arg>NO</arg>
<arg>NP</arg>
<arg>NR</arg>
<arg>NU</arg>
<arg>NZ</arg>
<arg>OM</arg>
<arg>PA</arg>
<arg>PE</arg>
<arg>PF</arg>
<arg>PG</arg>
<arg>PH</arg>
<arg>PK</arg>
<arg>PL</arg>
<arg>PM</arg>
<arg>PN</arg>
<arg>PR</arg>
<arg>PS</arg>
<arg>PT</arg>
<arg>PW</arg>
<arg>PY</arg>
<arg>QA</arg>
<arg>RE</arg>
<arg>RO</arg>
<arg>RS</arg>
<arg>RU</arg>
<arg>RW</arg>
<arg>SA</arg>
<arg>SB</arg>
<arg>SC</arg>
<arg>SD</arg>
<arg>SE</arg>
<arg>SG</arg>
<arg>SH</arg>
<arg>SI</arg>
<arg>SJ</arg>
<arg>SK</arg>
<arg>SL</arg>
<arg>SM</arg>
<arg>SN</arg>
<arg>SO</arg>
<arg>SR</arg>
<arg>SS</arg>
<arg>ST</arg>
<arg>SV</arg>
<arg>SX</arg>
<arg>SY</arg>
<arg>SZ</arg>
<arg>TC</arg>
<arg>TD</arg>
<arg>TF</arg>
<arg>TG</arg>
<arg>TH</arg>
<arg>TJ</arg>
<arg>TK</arg>
<arg>TL</arg>
<arg>TM</arg>
<arg>TN</arg>
<arg>TO</arg>
<arg>TR</arg>
<arg>TT</arg>
<arg>TV</arg>
<arg>TW</arg>
<arg>TZ</arg>
<arg>UA</arg>
<arg>UG</arg>
<arg>UM</arg>
<arg>US</arg>
<arg>UY</arg>
<arg>UZ</arg>
<arg>VA</arg>
<arg>VC</arg>
<arg>VE</arg>
<arg>VG</arg>
<arg>VI</arg>
<arg>VN</arg>
<arg>VU</arg>
<arg>WF</arg>
<arg>WS</arg>
<arg>XK</arg>
<arg>YE</arg>
<arg>YT</arg>
<arg>ZA</arg>
<arg>ZM</arg>
<arg>ZW</arg>
<doc>Returns a list containing given items.</doc>
<status status="PASS" start="2024-04-12T01:00:18.625827" elapsed="0.000645"/>
</kw>
<kw name="List Should Contain Value" owner="Collections">
<msg time="2024-04-12T01:00:18.627460" level="INFO">False</msg>
<arg>${list_country}</arg>
<arg>${name_country}</arg>
<doc>Fails if the ``value`` is not found from ``list``.</doc>
<status status="PASS" start="2024-04-12T01:00:18.627255" elapsed="0.000242"/>
</kw>
<kw name="Run Keyword If" owner="BuiltIn">
<kw name="Should Be True" owner="BuiltIn">
<arg>${True}</arg>
<doc>Fails if the given condition is not true.</doc>
<status status="PASS" start="2024-04-12T01:00:18.628738" elapsed="0.000148"/>
</kw>
<arg>${json_data["results"][0]["location"]["coordinates"]["latitude"]} &gt;= -90 and ${json_data["results"][0]["location"]["coordinates"]["latitude"]} &lt;= 90</arg>
<arg>Should Be True</arg>
<arg>${True}</arg>
<doc>Runs the given keyword with the given arguments, if ``condition`` is true.</doc>
<status status="PASS" start="2024-04-12T01:00:18.627814" elapsed="0.001202"/>
</kw>
<kw name="Run Keyword If" owner="BuiltIn">
<kw name="Should Be True" owner="BuiltIn">
<arg>${True}</arg>
<doc>Fails if the given condition is not true.</doc>
<status status="PASS" start="2024-04-12T01:00:18.629906" elapsed="0.000141"/>
</kw>
<arg>${json_data["results"][0]["location"]["coordinates"]["longitude"]} &gt;= -180 and ${json_data["results"][0]["location"]["coordinates"]["longitude"]} &lt;= 180</arg>
<arg>Should Be True</arg>
<arg>${True}</arg>
<doc>Runs the given keyword with the given arguments, if ``condition`` is true.</doc>
<status status="PASS" start="2024-04-12T01:00:18.629204" elapsed="0.000971"/>
</kw>
<status status="PASS" start="2024-04-12T01:00:18.545940" elapsed="0.084367"/>
</kw>
<doc>Testa o conteúdo específico dos campos retornados pela API.</doc>
<tag>testeConteudo</tag>
<status status="PASS" start="2024-04-12T01:00:18.545494" elapsed="0.084967"/>
</test>
<status status="PASS" start="2024-04-12T01:00:17.733422" elapsed="0.898970"/>
</suite>
<status status="PASS" start="2024-04-12T01:00:17.719593" elapsed="0.918036"/>
</suite>
<statistics>
<total>
<stat pass="5" fail="0" skip="0">All Tests</stat>
</total>
<tag>
<stat pass="1" fail="0" skip="0">testeConteudo</stat>
<stat pass="1" fail="0" skip="0">testeEstruturaResposta</stat>
<stat pass="1" fail="0" skip="0">testeRequisicaoBasica</stat>
<stat pass="1" fail="0" skip="0">testeTiposDados</stat>
</tag>
<suite>
<stat pass="5" fail="0" skip="0" id="s1" name="Tests">Tests</stat>
<stat pass="5" fail="0" skip="0" id="s1-s1" name="Random-User-Test">Tests.Random-User-Test</stat>
</suite>
</statistics>
<errors>
</errors>
</robot>
