<?xml version="1.0" encoding="UTF-8"?>
<robot generator="Robot 7.0.1 (Python 3.12.4 on linux)" generated="2024-07-14T02:39:26.051761" rpa="false" schemaversion="5">
<suite id="s1" name="Tests" source="/home/runner/work/ApiRandomUser/ApiRandomUser/RamdonUser/tests">
<suite id="s1-s1" name="Random-User-Test" source="/home/runner/work/ApiRandomUser/ApiRandomUser/RamdonUser/tests/random-user-test.robot">
<test id="s1-s1-t1" name="Conectar" line="13">
<kw name="Conectar API" owner="random-user-service">
<kw name="Create Session" owner="RequestsLibrary">
<msg time="2024-07-14T02:39:26.439131" level="INFO">Creating Session using : alias=consultarAPI, url=https://randomuser.me/, headers={},                     cookies={}, auth=None, timeout=None, proxies=None, verify=False,                     debug=0 </msg>
<arg>consultarAPI</arg>
<arg>${URL}</arg>
<doc>Create Session: create a HTTP session to a server</doc>
<status status="PASS" start="2024-07-14T02:39:26.438930" elapsed="0.000369"/>
</kw>
<status status="PASS" start="2024-07-14T02:39:26.438013" elapsed="0.001635"/>
</kw>
<status status="PASS" start="2024-07-14T02:39:26.437482" elapsed="0.002357"/>
</test>
<test id="s1-s1-t2" name="Validar retorno 200 e JSON Válido" line="16">
<kw name="Teste de Requisicao Basica" owner="random-user-service">
<kw name="GET On Session" owner="RequestsLibrary">
<msg time="2024-07-14T02:39:26.527243" level="INFO">GET Request : url=https://randomuser.me/api 
 path_url=/api 
 headers={'User-Agent': 'python-requests/2.32.3', 'Accept-Encoding': 'gzip, deflate', 'Accept': '*/*', 'Connection': 'keep-alive'} 
 body=None 
 </msg>
<msg time="2024-07-14T02:39:26.527376" level="INFO">GET Response : url=https://randomuser.me/api 
 status=200, reason=OK 
 headers={'Date': 'Sun, 14 Jul 2024 02:39:26 GMT', 'Content-Type': 'application/json; charset=utf-8', 'Transfer-Encoding': 'chunked', 'Connection': 'keep-alive', 'X-Powered-By': 'Express', 'Access-Control-Allow-Origin': '*', 'Cache-Control': 'no-cache', 'ETag': 'W/"488-UXr+pM2Aur7W83inMUTTcqaIR1Y"', 'Vary': 'Accept-Encoding', 'Content-Encoding': 'gzip', 'CF-Cache-Status': 'DYNAMIC', 'Report-To': '{"endpoints":[{"url":"https:\\/\\/a.nel.cloudflare.com\\/report\\/v4?s=M7A2B2TuwgA933KUr2jVZvODmED%2Bo9XxY3atPjqAxNWbp0SRki6EnJlw1JfJAsdnTBAcv3zeCeWoYsyD2mJyyyEJhLMvNnGrXW0IbbFXCcIDbrnet9y06%2B7G1vOkrAgN"}],"group":"cf-nel","max_age":604800}', 'NEL': '{"success_fraction":0,"report_to":"cf-nel","max_age":604800}', 'Server': 'cloudflare', 'CF-RAY': '8a2e246e9a05593e-IAD', 'alt-svc': 'h3=":443"; ma=86400'} 
 body={"results":[{"gender":"female","name":{"title":"Ms","first":"Oliwia","last":"Sandbakk"},"location":{"street":{"number":5702,"name":"Fiskekroken"},"city":"Brusand","state":"Telemark","country":"Norway","postcode":"0693","coordinates":{"latitude":"41.8630","longitude":"144.7261"},"timezone":{"offset":"-3:00","description":"Brazil, Buenos Aires, Georgetown"}},"email":"oliwia.sandbakk@example.com","login":{"uuid":"cbb5931c-4afb-43e0-b9e2-d9de78c6f072","username":"blacksnake637","password":"tigers","salt":"P8Uo4amJ","md5":"634d2b9718d191cafd77f7b705034aa9","sha1":"d4fbc56a03478ffc21eb1004774fd810a1ea1acb","sha256":"586bcfae268b854c8113de4de2ee0d8d345f46de5156a942451b26874c4dafa2"},"dob":{"date":"1992-12-25T01:12:38.706Z","age":31},"registered":{"date":"2021-01-08T00:50:02.403Z","age":3},"phone":"67490411","cell":"40631420","id":{"name":"FN","value":"25129211655"},"picture":{"large":"https://randomuser.me/api/portraits/women/43.jpg","medium":"https://randomuser.me/api/portraits/med/women/43.jpg","thumbnail":"https://randomuser.me/api/portraits/thumb/women/43.jpg"},"nat":"NO"}],"info":{"seed":"2ee945d428b25a16","results":1,"page":1,"version":"1.4"}} 
 </msg>
<msg time="2024-07-14T02:39:26.527465" level="INFO">/opt/hostedtoolcache/Python/3.12.4/x64/lib/python3.12/site-packages/urllib3/connectionpool.py:1099: InsecureRequestWarning: Unverified HTTPS request is being made to host 'randomuser.me'. Adding certificate verification is strongly advised. See: https://urllib3.readthedocs.io/en/latest/advanced-usage.html#tls-warnings
  warnings.warn(</msg>
<msg time="2024-07-14T02:39:26.527611" level="INFO">${response} = &lt;Response [200]&gt;</msg>
<var>${response}</var>
<arg>consultarAPI</arg>
<arg>/api</arg>
<doc>Sends a GET request on a previously created HTTP Session.</doc>
<status status="PASS" start="2024-07-14T02:39:26.442520" elapsed="0.085145"/>
</kw>
<kw name="Should Be Equal As Numbers" owner="BuiltIn">
<msg time="2024-07-14T02:39:26.528684" level="INFO">Argument types are:
&lt;class 'int'&gt;
&lt;class 'str'&gt;</msg>
<arg>${response.status_code}</arg>
<arg>200</arg>
<doc>Fails if objects are unequal after converting them to real numbers.</doc>
<status status="PASS" start="2024-07-14T02:39:26.528216" elapsed="0.000535"/>
</kw>
<kw name="Log" owner="BuiltIn">
<msg time="2024-07-14T02:39:26.529433" level="INFO">200</msg>
<arg>${response.status_code}</arg>
<doc>Logs the given message with the given level.</doc>
<status status="PASS" start="2024-07-14T02:39:26.529076" elapsed="0.000400"/>
</kw>
<kw name="Set Variable" owner="BuiltIn">
<msg time="2024-07-14T02:39:26.530214" level="INFO">${json_data} = {'results': [{'gender': 'female', 'name': {'title': 'Ms', 'first': 'Oliwia', 'last': 'Sandbakk'}, 'location': {'street': {'number': 5702, 'name': 'Fiskekroken'}, 'city': 'Brusand', 'state': 'Telemark'...</msg>
<var>${json_data}</var>
<arg>${response.json()}</arg>
<doc>Returns the given values which can then be assigned to a variables.</doc>
<status status="PASS" start="2024-07-14T02:39:26.529784" elapsed="0.000467"/>
</kw>
<kw name="Dictionary Should Contain Key" owner="Collections">
<arg>${json_data}</arg>
<arg>results</arg>
<doc>Fails if ``key`` is not found from ``dictionary``.</doc>
<status status="PASS" start="2024-07-14T02:39:26.530548" elapsed="0.000162"/>
</kw>
<status status="PASS" start="2024-07-14T02:39:26.442270" elapsed="0.088584"/>
</kw>
<doc>Testa se a API responde corretamente e retorna um objeto JSON válido.</doc>
<tag>testeRequisicaoBasica</tag>
<status status="PASS" start="2024-07-14T02:39:26.441752" elapsed="0.089268"/>
</test>
<test id="s1-s1-t3" name="Validar estrutura de resposta" line="22">
<kw name="Teste de Estrutura de Resposta" owner="random-user-service">
<kw name="GET On Session" owner="RequestsLibrary">
<msg time="2024-07-14T02:39:26.624872" level="INFO">GET Request : url=https://randomuser.me/api 
 path_url=/api 
 headers={'User-Agent': 'python-requests/2.32.3', 'Accept-Encoding': 'gzip, deflate', 'Accept': '*/*', 'Connection': 'keep-alive'} 
 body=None 
 </msg>
<msg time="2024-07-14T02:39:26.624962" level="INFO">GET Response : url=https://randomuser.me/api 
 status=200, reason=OK 
 headers={'Date': 'Sun, 14 Jul 2024 02:39:26 GMT', 'Content-Type': 'application/json; charset=utf-8', 'Transfer-Encoding': 'chunked', 'Connection': 'keep-alive', 'X-Powered-By': 'Express', 'Access-Control-Allow-Origin': '*', 'Cache-Control': 'no-cache', 'ETag': 'W/"494-IdBl82bzSUqMxzCkop0cSQpmzhQ"', 'Vary': 'Accept-Encoding', 'Content-Encoding': 'gzip', 'CF-Cache-Status': 'DYNAMIC', 'Report-To': '{"endpoints":[{"url":"https:\\/\\/a.nel.cloudflare.com\\/report\\/v4?s=3RN4QqI6fJqhe3cGQCEg62egpNk%2FqLkBWE8RDi54rxE998x1GhbAwsCQF%2FrmmURAXFI4Schm2psnwUcr0w52KwkZEf7P0lBpLUrBQozNTMpW8qZ2l0WgjHkHtS1P6ZHG"}],"group":"cf-nel","max_age":604800}', 'NEL': '{"success_fraction":0,"report_to":"cf-nel","max_age":604800}', 'Server': 'cloudflare', 'CF-RAY': '8a2e246eda35593e-IAD', 'alt-svc': 'h3=":443"; ma=86400'} 
 body={"results":[{"gender":"female","name":{"title":"Miss","first":"Arpitha","last":"Mathew"},"location":{"street":{"number":3724,"name":"Pali Hill"},"city":"Sangli","state":"Arunachal Pradesh","country":"India","postcode":26191,"coordinates":{"latitude":"8.7499","longitude":"17.1485"},"timezone":{"offset":"+8:00","description":"Beijing, Perth, Singapore, Hong Kong"}},"email":"arpitha.mathew@example.com","login":{"uuid":"183d5ad1-21c8-4200-992e-20fe99575149","username":"tinycat118","password":"brianna","salt":"eUIjaauM","md5":"b88d8ba631892aec6c4f27362f4afde6","sha1":"7ef5fdafa966d45a75e4c7875e4d1fc1d79d2081","sha256":"31584b9681031fd15d5aaa4d7482741f02ea422207c0f3b380009243560afbc1"},"dob":{"date":"1999-11-13T22:48:00.877Z","age":24},"registered":{"date":"2019-12-30T09:29:42.603Z","age":4},"phone":"8343125562","cell":"8968054118","id":{"name":"UIDAI","value":"487063635561"},"picture":{"large":"https://randomuser.me/api/portraits/women/57.jpg","medium":"https://randomuser.me/api/portraits/med/women/57.jpg","thumbnail":"https://randomuser.me/api/portraits/thumb/women/57.jpg"},"nat":"IN"}],"info":{"seed":"bb3ea37df9e55419","results":1,"page":1,"version":"1.4"}} 
 </msg>
<msg time="2024-07-14T02:39:26.625065" level="INFO">/opt/hostedtoolcache/Python/3.12.4/x64/lib/python3.12/site-packages/urllib3/connectionpool.py:1099: InsecureRequestWarning: Unverified HTTPS request is being made to host 'randomuser.me'. Adding certificate verification is strongly advised. See: https://urllib3.readthedocs.io/en/latest/advanced-usage.html#tls-warnings
  warnings.warn(</msg>
<msg time="2024-07-14T02:39:26.625176" level="INFO">${response} = &lt;Response [200]&gt;</msg>
<var>${response}</var>
<arg>consultarAPI</arg>
<arg>/api</arg>
<doc>Sends a GET request on a previously created HTTP Session.</doc>
<status status="PASS" start="2024-07-14T02:39:26.533619" elapsed="0.091598"/>
</kw>
<kw name="Set Variable" owner="BuiltIn">
<msg time="2024-07-14T02:39:26.626219" level="INFO">${json_data} = {'results': [{'gender': 'female', 'name': {'title': 'Miss', 'first': 'Arpitha', 'last': 'Mathew'}, 'location': {'street': {'number': 3724, 'name': 'Pali Hill'}, 'city': 'Sangli', 'state': 'Arunachal P...</msg>
<var>${json_data}</var>
<arg>${response.json()}</arg>
<doc>Returns the given values which can then be assigned to a variables.</doc>
<status status="PASS" start="2024-07-14T02:39:26.625659" elapsed="0.000589"/>
</kw>
<kw name="Log" owner="BuiltIn">
<msg time="2024-07-14T02:39:26.626714" level="INFO">{'results': [{'gender': 'female', 'name': {'title': 'Miss', 'first': 'Arpitha', 'last': 'Mathew'}, 'location': {'street': {'number': 3724, 'name': 'Pali Hill'}, 'city': 'Sangli', 'state': 'Arunachal Pradesh', 'country': 'India', 'postcode': 26191, 'coordinates': {'latitude': '8.7499', 'longitude': '17.1485'}, 'timezone': {'offset': '+8:00', 'description': 'Beijing, Perth, Singapore, Hong Kong'}}, 'email': 'arpitha.mathew@example.com', 'login': {'uuid': '183d5ad1-21c8-4200-992e-20fe99575149', 'username': 'tinycat118', 'password': 'brianna', 'salt': 'eUIjaauM', 'md5': 'b88d8ba631892aec6c4f27362f4afde6', 'sha1': '7ef5fdafa966d45a75e4c7875e4d1fc1d79d2081', 'sha256': '31584b9681031fd15d5aaa4d7482741f02ea422207c0f3b380009243560afbc1'}, 'dob': {'date': '1999-11-13T22:48:00.877Z', 'age': 24}, 'registered': {'date': '2019-12-30T09:29:42.603Z', 'age': 4}, 'phone': '8343125562', 'cell': '8968054118', 'id': {'name': 'UIDAI', 'value': '487063635561'}, 'picture': {'large': 'https://randomuser.me/api/portraits/women/57.jpg', 'medium': 'https://randomuser.me/api/portraits/med/women/57.jpg', 'thumbnail': 'https://randomuser.me/api/portraits/thumb/women/57.jpg'}, 'nat': 'IN'}], 'info': {'seed': 'bb3ea37df9e55419', 'results': 1, 'page': 1, 'version': '1.4'}}</msg>
<arg>${json_data}</arg>
<doc>Logs the given message with the given level.</doc>
<status status="PASS" start="2024-07-14T02:39:26.626557" elapsed="0.000206"/>
</kw>
<kw name="Dictionary Should Contain Key" owner="Collections">
<arg>${json_data}</arg>
<arg>results</arg>
<doc>Fails if ``key`` is not found from ``dictionary``.</doc>
<status status="PASS" start="2024-07-14T02:39:26.627052" elapsed="0.000155"/>
</kw>
<kw name="Should Not Be Empty" owner="BuiltIn">
<msg time="2024-07-14T02:39:26.627520" level="INFO">Length is 2.</msg>
<arg>${json_data}</arg>
<doc>Verifies that the given item is not empty.</doc>
<status status="PASS" start="2024-07-14T02:39:26.627389" elapsed="0.000170"/>
</kw>
<kw name="Create List" owner="BuiltIn">
<msg time="2024-07-14T02:39:26.628151" level="INFO">${expected_keys} = ['gender', 'name', 'location', 'email', 'login']</msg>
<var>${expected_keys}</var>
<arg>gender</arg>
<arg>name</arg>
<arg>location</arg>
<arg>email</arg>
<arg>login</arg>
<doc>Returns a list containing given items.</doc>
<status status="PASS" start="2024-07-14T02:39:26.627845" elapsed="0.000338"/>
</kw>
<for flavor="IN">
<iter>
<kw name="Dictionary Should Contain Key" owner="Collections">
<arg>${json_data['results'][0]}</arg>
<arg>${key}</arg>
<doc>Fails if ``key`` is not found from ``dictionary``.</doc>
<status status="PASS" start="2024-07-14T02:39:26.628760" elapsed="0.000409"/>
</kw>
<kw name="Log" owner="BuiltIn">
<msg time="2024-07-14T02:39:26.629718" level="INFO">{'gender': 'female', 'name': {'title': 'Miss', 'first': 'Arpitha', 'last': 'Mathew'}, 'location': {'street': {'number': 3724, 'name': 'Pali Hill'}, 'city': 'Sangli', 'state': 'Arunachal Pradesh', 'country': 'India', 'postcode': 26191, 'coordinates': {'latitude': '8.7499', 'longitude': '17.1485'}, 'timezone': {'offset': '+8:00', 'description': 'Beijing, Perth, Singapore, Hong Kong'}}, 'email': 'arpitha.mathew@example.com', 'login': {'uuid': '183d5ad1-21c8-4200-992e-20fe99575149', 'username': 'tinycat118', 'password': 'brianna', 'salt': 'eUIjaauM', 'md5': 'b88d8ba631892aec6c4f27362f4afde6', 'sha1': '7ef5fdafa966d45a75e4c7875e4d1fc1d79d2081', 'sha256': '31584b9681031fd15d5aaa4d7482741f02ea422207c0f3b380009243560afbc1'}, 'dob': {'date': '1999-11-13T22:48:00.877Z', 'age': 24}, 'registered': {'date': '2019-12-30T09:29:42.603Z', 'age': 4}, 'phone': '8343125562', 'cell': '8968054118', 'id': {'name': 'UIDAI', 'value': '487063635561'}, 'picture': {'large': 'https://randomuser.me/api/portraits/women/57.jpg', 'medium': 'https://randomuser.me/api/portraits/med/women/57.jpg', 'thumbnail': 'https://randomuser.me/api/portraits/thumb/women/57.jpg'}, 'nat': 'IN'}</msg>
<arg>${json_data['results'][0]}</arg>
<doc>Logs the given message with the given level.</doc>
<status status="PASS" start="2024-07-14T02:39:26.629357" elapsed="0.000411"/>
</kw>
<kw name="Log" owner="BuiltIn">
<msg time="2024-07-14T02:39:26.630199" level="INFO">gender</msg>
<arg>${key}</arg>
<doc>Logs the given message with the given level.</doc>
<status status="PASS" start="2024-07-14T02:39:26.630070" elapsed="0.000168"/>
</kw>
<var name="${key}">gender</var>
<status status="PASS" start="2024-07-14T02:39:26.628639" elapsed="0.001817"/>
</iter>
<iter>
<kw name="Dictionary Should Contain Key" owner="Collections">
<arg>${json_data['results'][0]}</arg>
<arg>${key}</arg>
<doc>Fails if ``key`` is not found from ``dictionary``.</doc>
<status status="PASS" start="2024-07-14T02:39:26.630750" elapsed="0.000397"/>
</kw>
<kw name="Log" owner="BuiltIn">
<msg time="2024-07-14T02:39:26.631692" level="INFO">{'gender': 'female', 'name': {'title': 'Miss', 'first': 'Arpitha', 'last': 'Mathew'}, 'location': {'street': {'number': 3724, 'name': 'Pali Hill'}, 'city': 'Sangli', 'state': 'Arunachal Pradesh', 'country': 'India', 'postcode': 26191, 'coordinates': {'latitude': '8.7499', 'longitude': '17.1485'}, 'timezone': {'offset': '+8:00', 'description': 'Beijing, Perth, Singapore, Hong Kong'}}, 'email': 'arpitha.mathew@example.com', 'login': {'uuid': '183d5ad1-21c8-4200-992e-20fe99575149', 'username': 'tinycat118', 'password': 'brianna', 'salt': 'eUIjaauM', 'md5': 'b88d8ba631892aec6c4f27362f4afde6', 'sha1': '7ef5fdafa966d45a75e4c7875e4d1fc1d79d2081', 'sha256': '31584b9681031fd15d5aaa4d7482741f02ea422207c0f3b380009243560afbc1'}, 'dob': {'date': '1999-11-13T22:48:00.877Z', 'age': 24}, 'registered': {'date': '2019-12-30T09:29:42.603Z', 'age': 4}, 'phone': '8343125562', 'cell': '8968054118', 'id': {'name': 'UIDAI', 'value': '487063635561'}, 'picture': {'large': 'https://randomuser.me/api/portraits/women/57.jpg', 'medium': 'https://randomuser.me/api/portraits/med/women/57.jpg', 'thumbnail': 'https://randomuser.me/api/portraits/thumb/women/57.jpg'}, 'nat': 'IN'}</msg>
<arg>${json_data['results'][0]}</arg>
<doc>Logs the given message with the given level.</doc>
<status status="PASS" start="2024-07-14T02:39:26.631338" elapsed="0.000445"/>
</kw>
<kw name="Log" owner="BuiltIn">
<msg time="2024-07-14T02:39:26.632241" level="INFO">name</msg>
<arg>${key}</arg>
<doc>Logs the given message with the given level.</doc>
<status status="PASS" start="2024-07-14T02:39:26.632083" elapsed="0.000198"/>
</kw>
<var name="${key}">name</var>
<status status="PASS" start="2024-07-14T02:39:26.630638" elapsed="0.001863"/>
</iter>
<iter>
<kw name="Dictionary Should Contain Key" owner="Collections">
<arg>${json_data['results'][0]}</arg>
<arg>${key}</arg>
<doc>Fails if ``key`` is not found from ``dictionary``.</doc>
<status status="PASS" start="2024-07-14T02:39:26.632786" elapsed="0.000383"/>
</kw>
<kw name="Log" owner="BuiltIn">
<msg time="2024-07-14T02:39:26.633700" level="INFO">{'gender': 'female', 'name': {'title': 'Miss', 'first': 'Arpitha', 'last': 'Mathew'}, 'location': {'street': {'number': 3724, 'name': 'Pali Hill'}, 'city': 'Sangli', 'state': 'Arunachal Pradesh', 'country': 'India', 'postcode': 26191, 'coordinates': {'latitude': '8.7499', 'longitude': '17.1485'}, 'timezone': {'offset': '+8:00', 'description': 'Beijing, Perth, Singapore, Hong Kong'}}, 'email': 'arpitha.mathew@example.com', 'login': {'uuid': '183d5ad1-21c8-4200-992e-20fe99575149', 'username': 'tinycat118', 'password': 'brianna', 'salt': 'eUIjaauM', 'md5': 'b88d8ba631892aec6c4f27362f4afde6', 'sha1': '7ef5fdafa966d45a75e4c7875e4d1fc1d79d2081', 'sha256': '31584b9681031fd15d5aaa4d7482741f02ea422207c0f3b380009243560afbc1'}, 'dob': {'date': '1999-11-13T22:48:00.877Z', 'age': 24}, 'registered': {'date': '2019-12-30T09:29:42.603Z', 'age': 4}, 'phone': '8343125562', 'cell': '8968054118', 'id': {'name': 'UIDAI', 'value': '487063635561'}, 'picture': {'large': 'https://randomuser.me/api/portraits/women/57.jpg', 'medium': 'https://randomuser.me/api/portraits/med/women/57.jpg', 'thumbnail': 'https://randomuser.me/api/portraits/thumb/women/57.jpg'}, 'nat': 'IN'}</msg>
<arg>${json_data['results'][0]}</arg>
<doc>Logs the given message with the given level.</doc>
<status status="PASS" start="2024-07-14T02:39:26.633351" elapsed="0.000398"/>
</kw>
<kw name="Log" owner="BuiltIn">
<msg time="2024-07-14T02:39:26.634177" level="INFO">location</msg>
<arg>${key}</arg>
<doc>Logs the given message with the given level.</doc>
<status status="PASS" start="2024-07-14T02:39:26.634049" elapsed="0.000167"/>
</kw>
<var name="${key}">location</var>
<status status="PASS" start="2024-07-14T02:39:26.632678" elapsed="0.001754"/>
</iter>
<iter>
<kw name="Dictionary Should Contain Key" owner="Collections">
<arg>${json_data['results'][0]}</arg>
<arg>${key}</arg>
<doc>Fails if ``key`` is not found from ``dictionary``.</doc>
<status status="PASS" start="2024-07-14T02:39:26.634708" elapsed="0.000399"/>
</kw>
<kw name="Log" owner="BuiltIn">
<msg time="2024-07-14T02:39:26.635645" level="INFO">{'gender': 'female', 'name': {'title': 'Miss', 'first': 'Arpitha', 'last': 'Mathew'}, 'location': {'street': {'number': 3724, 'name': 'Pali Hill'}, 'city': 'Sangli', 'state': 'Arunachal Pradesh', 'country': 'India', 'postcode': 26191, 'coordinates': {'latitude': '8.7499', 'longitude': '17.1485'}, 'timezone': {'offset': '+8:00', 'description': 'Beijing, Perth, Singapore, Hong Kong'}}, 'email': 'arpitha.mathew@example.com', 'login': {'uuid': '183d5ad1-21c8-4200-992e-20fe99575149', 'username': 'tinycat118', 'password': 'brianna', 'salt': 'eUIjaauM', 'md5': 'b88d8ba631892aec6c4f27362f4afde6', 'sha1': '7ef5fdafa966d45a75e4c7875e4d1fc1d79d2081', 'sha256': '31584b9681031fd15d5aaa4d7482741f02ea422207c0f3b380009243560afbc1'}, 'dob': {'date': '1999-11-13T22:48:00.877Z', 'age': 24}, 'registered': {'date': '2019-12-30T09:29:42.603Z', 'age': 4}, 'phone': '8343125562', 'cell': '8968054118', 'id': {'name': 'UIDAI', 'value': '487063635561'}, 'picture': {'large': 'https://randomuser.me/api/portraits/women/57.jpg', 'medium': 'https://randomuser.me/api/portraits/med/women/57.jpg', 'thumbnail': 'https://randomuser.me/api/portraits/thumb/women/57.jpg'}, 'nat': 'IN'}</msg>
<arg>${json_data['results'][0]}</arg>
<doc>Logs the given message with the given level.</doc>
<status status="PASS" start="2024-07-14T02:39:26.635294" elapsed="0.000401"/>
</kw>
<kw name="Log" owner="BuiltIn">
<msg time="2024-07-14T02:39:26.636149" level="INFO">email</msg>
<arg>${key}</arg>
<doc>Logs the given message with the given level.</doc>
<status status="PASS" start="2024-07-14T02:39:26.635992" elapsed="0.000203"/>
</kw>
<var name="${key}">email</var>
<status status="PASS" start="2024-07-14T02:39:26.634601" elapsed="0.001819"/>
</iter>
<iter>
<kw name="Dictionary Should Contain Key" owner="Collections">
<arg>${json_data['results'][0]}</arg>
<arg>${key}</arg>
<doc>Fails if ``key`` is not found from ``dictionary``.</doc>
<status status="PASS" start="2024-07-14T02:39:26.636706" elapsed="0.000390"/>
</kw>
<kw name="Log" owner="BuiltIn">
<msg time="2024-07-14T02:39:26.637631" level="INFO">{'gender': 'female', 'name': {'title': 'Miss', 'first': 'Arpitha', 'last': 'Mathew'}, 'location': {'street': {'number': 3724, 'name': 'Pali Hill'}, 'city': 'Sangli', 'state': 'Arunachal Pradesh', 'country': 'India', 'postcode': 26191, 'coordinates': {'latitude': '8.7499', 'longitude': '17.1485'}, 'timezone': {'offset': '+8:00', 'description': 'Beijing, Perth, Singapore, Hong Kong'}}, 'email': 'arpitha.mathew@example.com', 'login': {'uuid': '183d5ad1-21c8-4200-992e-20fe99575149', 'username': 'tinycat118', 'password': 'brianna', 'salt': 'eUIjaauM', 'md5': 'b88d8ba631892aec6c4f27362f4afde6', 'sha1': '7ef5fdafa966d45a75e4c7875e4d1fc1d79d2081', 'sha256': '31584b9681031fd15d5aaa4d7482741f02ea422207c0f3b380009243560afbc1'}, 'dob': {'date': '1999-11-13T22:48:00.877Z', 'age': 24}, 'registered': {'date': '2019-12-30T09:29:42.603Z', 'age': 4}, 'phone': '8343125562', 'cell': '8968054118', 'id': {'name': 'UIDAI', 'value': '487063635561'}, 'picture': {'large': 'https://randomuser.me/api/portraits/women/57.jpg', 'medium': 'https://randomuser.me/api/portraits/med/women/57.jpg', 'thumbnail': 'https://randomuser.me/api/portraits/thumb/women/57.jpg'}, 'nat': 'IN'}</msg>
<arg>${json_data['results'][0]}</arg>
<doc>Logs the given message with the given level.</doc>
<status status="PASS" start="2024-07-14T02:39:26.637277" elapsed="0.000413"/>
</kw>
<kw name="Log" owner="BuiltIn">
<msg time="2024-07-14T02:39:26.638108" level="INFO">login</msg>
<arg>${key}</arg>
<doc>Logs the given message with the given level.</doc>
<status status="PASS" start="2024-07-14T02:39:26.637980" elapsed="0.000167"/>
</kw>
<var name="${key}">login</var>
<status status="PASS" start="2024-07-14T02:39:26.636593" elapsed="0.001770"/>
</iter>
<var>${key}</var>
<value>@{expected_keys}</value>
<status status="PASS" start="2024-07-14T02:39:26.628456" elapsed="0.010029"/>
</for>
<kw name="Create List" owner="BuiltIn">
<msg time="2024-07-14T02:39:26.638813" level="INFO">${expected_keysTwo} = ['username', 'password']</msg>
<var>${expected_keysTwo}</var>
<arg>username</arg>
<arg>password</arg>
<doc>Returns a list containing given items.</doc>
<status status="PASS" start="2024-07-14T02:39:26.638673" elapsed="0.000192"/>
</kw>
<for flavor="IN">
<iter>
<kw name="Dictionary Should Contain Key" owner="Collections">
<arg>${json_data['results'][0]['login']}</arg>
<arg>${keyTwo}</arg>
<doc>Fails if ``key`` is not found from ``dictionary``.</doc>
<status status="PASS" start="2024-07-14T02:39:26.639371" elapsed="0.000386"/>
</kw>
<kw name="Dictionary Should Contain Key" owner="Collections">
<arg>${json_data['results'][0]['login']}</arg>
<arg>${keyTwo}</arg>
<doc>Fails if ``key`` is not found from ``dictionary``.</doc>
<status status="PASS" start="2024-07-14T02:39:26.639938" elapsed="0.000425"/>
</kw>
<kw name="Log" owner="BuiltIn">
<msg time="2024-07-14T02:39:26.640676" level="INFO">username</msg>
<arg>${keyTwo}</arg>
<doc>Logs the given message with the given level.</doc>
<status status="PASS" start="2024-07-14T02:39:26.640551" elapsed="0.000163"/>
</kw>
<var name="${keyTwo}">username</var>
<status status="PASS" start="2024-07-14T02:39:26.639263" elapsed="0.001673"/>
</iter>
<iter>
<kw name="Dictionary Should Contain Key" owner="Collections">
<arg>${json_data['results'][0]['login']}</arg>
<arg>${keyTwo}</arg>
<doc>Fails if ``key`` is not found from ``dictionary``.</doc>
<status status="PASS" start="2024-07-14T02:39:26.641218" elapsed="0.000398"/>
</kw>
<kw name="Dictionary Should Contain Key" owner="Collections">
<arg>${json_data['results'][0]['login']}</arg>
<arg>${keyTwo}</arg>
<doc>Fails if ``key`` is not found from ``dictionary``.</doc>
<status status="PASS" start="2024-07-14T02:39:26.641795" elapsed="0.000371"/>
</kw>
<kw name="Log" owner="BuiltIn">
<msg time="2024-07-14T02:39:26.642465" level="INFO">password</msg>
<arg>${keyTwo}</arg>
<doc>Logs the given message with the given level.</doc>
<status status="PASS" start="2024-07-14T02:39:26.642344" elapsed="0.000164"/>
</kw>
<var name="${keyTwo}">password</var>
<status status="PASS" start="2024-07-14T02:39:26.641111" elapsed="0.001709"/>
</iter>
<var>${keyTwo}</var>
<value>@{expected_keysTwo}</value>
<status status="PASS" start="2024-07-14T02:39:26.639111" elapsed="0.003830"/>
</for>
<status status="PASS" start="2024-07-14T02:39:26.533388" elapsed="0.109695"/>
</kw>
<doc>Testa a estrutura da resposta da API.</doc>
<tag>testeEstruturaResposta</tag>
<status status="PASS" start="2024-07-14T02:39:26.532887" elapsed="0.110342"/>
</test>
<test id="s1-s1-t4" name="Validar tipos de dados" line="28">
<kw name="Teste de Tipos de Dados" owner="random-user-service">
<kw name="GET On Session" owner="RequestsLibrary">
<msg time="2024-07-14T02:39:26.724360" level="INFO">GET Request : url=https://randomuser.me/api 
 path_url=/api 
 headers={'User-Agent': 'python-requests/2.32.3', 'Accept-Encoding': 'gzip, deflate', 'Accept': '*/*', 'Connection': 'keep-alive'} 
 body=None 
 </msg>
<msg time="2024-07-14T02:39:26.724444" level="INFO">GET Response : url=https://randomuser.me/api 
 status=200, reason=OK 
 headers={'Date': 'Sun, 14 Jul 2024 02:39:26 GMT', 'Content-Type': 'application/json; charset=utf-8', 'Transfer-Encoding': 'chunked', 'Connection': 'keep-alive', 'X-Powered-By': 'Express', 'Access-Control-Allow-Origin': '*', 'Cache-Control': 'no-cache', 'ETag': 'W/"49d-2wD/PghZwj9SWAkbMrtS9iTlNcQ"', 'Vary': 'Accept-Encoding', 'Content-Encoding': 'gzip', 'CF-Cache-Status': 'DYNAMIC', 'Report-To': '{"endpoints":[{"url":"https:\\/\\/a.nel.cloudflare.com\\/report\\/v4?s=Xg4eKz9lsbxQfQMgeUpKdx47i96cCiDo9RbbO8AM2aOZmBj%2BcN4GKvLA4o%2F4s2gz90%2B3JVT0vAucX9f8Hug9tosYf8FGpRAEwsmriNfKaNDhq1erp6J6Tr6fQKiPFi2G"}],"group":"cf-nel","max_age":604800}', 'NEL': '{"success_fraction":0,"report_to":"cf-nel","max_age":604800}', 'Server': 'cloudflare', 'CF-RAY': '8a2e246f8acc593e-IAD', 'alt-svc': 'h3=":443"; ma=86400'} 
 body={"results":[{"gender":"male","name":{"title":"Mr","first":"Ernst-Otto","last":"Roch"},"location":{"street":{"number":894,"name":"Kapellenweg"},"city":"Arendsee (Altmark)","state":"Saarland","country":"Germany","postcode":73777,"coordinates":{"latitude":"-53.8759","longitude":"-85.7132"},"timezone":{"offset":"-3:00","description":"Brazil, Buenos Aires, Georgetown"}},"email":"ernst-otto.roch@example.com","login":{"uuid":"3b5170bb-71c6-4c5b-84cc-f0c7c5ee75e6","username":"smallpeacock968","password":"darkness","salt":"DfVyVuQV","md5":"5f1a8ec454b342ec49d5cc26354c5304","sha1":"8cdc653fb4ae5dfe2a6b7be9e3abc913f89321b0","sha256":"35fdd93b3d29b0b292904b5e420f023096c6fdb029ba6c3a85a5cd25a63c40e6"},"dob":{"date":"1948-01-13T04:05:59.605Z","age":76},"registered":{"date":"2018-07-29T12:53:00.166Z","age":5},"phone":"0739-9439339","cell":"0173-8765939","id":{"name":"SVNR","value":"71 120148 R 070"},"picture":{"large":"https://randomuser.me/api/portraits/men/47.jpg","medium":"https://randomuser.me/api/portraits/med/men/47.jpg","thumbnail":"https://randomuser.me/api/portraits/thumb/men/47.jpg"},"nat":"DE"}],"info":{"seed":"06c472d81f39665c","results":1,"page":1,"version":"1.4"}} 
 </msg>
<msg time="2024-07-14T02:39:26.724517" level="INFO">/opt/hostedtoolcache/Python/3.12.4/x64/lib/python3.12/site-packages/urllib3/connectionpool.py:1099: InsecureRequestWarning: Unverified HTTPS request is being made to host 'randomuser.me'. Adding certificate verification is strongly advised. See: https://urllib3.readthedocs.io/en/latest/advanced-usage.html#tls-warnings
  warnings.warn(</msg>
<msg time="2024-07-14T02:39:26.724631" level="INFO">${response} = &lt;Response [200]&gt;</msg>
<var>${response}</var>
<arg>consultarAPI</arg>
<arg>/api</arg>
<doc>Sends a GET request on a previously created HTTP Session.</doc>
<status status="PASS" start="2024-07-14T02:39:26.645686" elapsed="0.079002"/>
</kw>
<kw name="Set Variable" owner="BuiltIn">
<msg time="2024-07-14T02:39:26.725796" level="INFO">${json_data} = {'results': [{'gender': 'male', 'name': {'title': 'Mr', 'first': 'Ernst-Otto', 'last': 'Roch'}, 'location': {'street': {'number': 894, 'name': 'Kapellenweg'}, 'city': 'Arendsee (Altmark)', 'state': 'S...</msg>
<var>${json_data}</var>
<arg>${response.json()}</arg>
<doc>Returns the given values which can then be assigned to a variables.</doc>
<status status="PASS" start="2024-07-14T02:39:26.725241" elapsed="0.000584"/>
</kw>
<kw name="Log" owner="BuiltIn">
<msg time="2024-07-14T02:39:26.726327" level="INFO">{'results': [{'gender': 'male', 'name': {'title': 'Mr', 'first': 'Ernst-Otto', 'last': 'Roch'}, 'location': {'street': {'number': 894, 'name': 'Kapellenweg'}, 'city': 'Arendsee (Altmark)', 'state': 'Saarland', 'country': 'Germany', 'postcode': 73777, 'coordinates': {'latitude': '-53.8759', 'longitude': '-85.7132'}, 'timezone': {'offset': '-3:00', 'description': 'Brazil, Buenos Aires, Georgetown'}}, 'email': 'ernst-otto.roch@example.com', 'login': {'uuid': '3b5170bb-71c6-4c5b-84cc-f0c7c5ee75e6', 'username': 'smallpeacock968', 'password': 'darkness', 'salt': 'DfVyVuQV', 'md5': '5f1a8ec454b342ec49d5cc26354c5304', 'sha1': '8cdc653fb4ae5dfe2a6b7be9e3abc913f89321b0', 'sha256': '35fdd93b3d29b0b292904b5e420f023096c6fdb029ba6c3a85a5cd25a63c40e6'}, 'dob': {'date': '1948-01-13T04:05:59.605Z', 'age': 76}, 'registered': {'date': '2018-07-29T12:53:00.166Z', 'age': 5}, 'phone': '0739-9439339', 'cell': '0173-8765939', 'id': {'name': 'SVNR', 'value': '71 120148 R 070'}, 'picture': {'large': 'https://randomuser.me/api/portraits/men/47.jpg', 'medium': 'https://randomuser.me/api/portraits/med/men/47.jpg', 'thumbnail': 'https://randomuser.me/api/portraits/thumb/men/47.jpg'}, 'nat': 'DE'}], 'info': {'seed': '06c472d81f39665c', 'results': 1, 'page': 1, 'version': '1.4'}}</msg>
<arg>${json_data}</arg>
<doc>Logs the given message with the given level.</doc>
<status status="PASS" start="2024-07-14T02:39:26.726153" elapsed="0.000224"/>
</kw>
<kw name="Should Be String" owner="String">
<arg>${json_data['results'][0]['gender']}</arg>
<doc>Fails if the given ``item`` is not a string.</doc>
<status status="PASS" start="2024-07-14T02:39:26.726665" elapsed="0.000360"/>
</kw>
<kw name="Should Match Regexp" owner="BuiltIn">
<arg>${json_data['results'][0]['email']}</arg>
<arg>^[a-zA-Z0-9._%+-]+@[a-zA-Z0-9.-]+\.[a-zA-Z]{2,}$</arg>
<doc>Fails if ``string`` does not match ``pattern`` as a regular expression.</doc>
<status status="PASS" start="2024-07-14T02:39:26.727211" elapsed="0.000543"/>
</kw>
<kw name="Should Match Regexp" owner="BuiltIn">
<arg>${json_data['results'][0]['dob']['date']}</arg>
<arg>\\d{4}-\\d{2}-\\d{2}T\\d{2}:\\d{2}:\\d{2}\\.\\d{3}Z</arg>
<doc>Fails if ``string`` does not match ``pattern`` as a regular expression.</doc>
<status status="PASS" start="2024-07-14T02:39:26.727949" elapsed="0.000539"/>
</kw>
<kw name="Should Match Regexp" owner="BuiltIn">
<arg>${json_data['results'][0]['registered']['date']}</arg>
<arg>\\d{4}-\\d{2}-\\d{2}T\\d{2}:\\d{2}:\\d{2}\\.\\d{3}Z</arg>
<doc>Fails if ``string`` does not match ``pattern`` as a regular expression.</doc>
<status status="PASS" start="2024-07-14T02:39:26.728688" elapsed="0.000369"/>
</kw>
<kw name="Should Match Regexp" owner="BuiltIn">
<arg>${json_data['results'][0]['picture']['large']}</arg>
<arg>^https?://.*\.(?:png|jpe?g|gif|bmp)$</arg>
<doc>Fails if ``string`` does not match ``pattern`` as a regular expression.</doc>
<status status="PASS" start="2024-07-14T02:39:26.729241" elapsed="0.000452"/>
</kw>
<kw name="Should Match Regexp" owner="BuiltIn">
<arg>${json_data['results'][0]['picture']['medium']}</arg>
<arg>^https?://.*\.(?:png|jpe?g|gif|bmp)$</arg>
<doc>Fails if ``string`` does not match ``pattern`` as a regular expression.</doc>
<status status="PASS" start="2024-07-14T02:39:26.729881" elapsed="0.000349"/>
</kw>
<kw name="Should Match Regexp" owner="BuiltIn">
<arg>${json_data['results'][0]['picture']['thumbnail']}</arg>
<arg>^https?://.*\.(?:png|jpe?g|gif|bmp)$</arg>
<doc>Fails if ``string`` does not match ``pattern`` as a regular expression.</doc>
<status status="PASS" start="2024-07-14T02:39:26.730412" elapsed="0.000356"/>
</kw>
<kw name="Log" owner="BuiltIn">
<msg time="2024-07-14T02:39:26.731285" level="INFO">{'large': 'https://randomuser.me/api/portraits/men/47.jpg', 'medium': 'https://randomuser.me/api/portraits/med/men/47.jpg', 'thumbnail': 'https://randomuser.me/api/portraits/thumb/men/47.jpg'}</msg>
<arg>${json_data['results'][0]['picture']}</arg>
<doc>Logs the given message with the given level.</doc>
<status status="PASS" start="2024-07-14T02:39:26.730952" elapsed="0.000378"/>
</kw>
<status status="PASS" start="2024-07-14T02:39:26.645467" elapsed="0.086116"/>
</kw>
<kw name="Teste de Tipos de Dados - Postcode" owner="random-user-service">
<kw name="GET On Session" owner="RequestsLibrary">
<msg time="2024-07-14T02:39:26.827318" level="INFO">GET Request : url=https://randomuser.me/api 
 path_url=/api 
 headers={'User-Agent': 'python-requests/2.32.3', 'Accept-Encoding': 'gzip, deflate', 'Accept': '*/*', 'Connection': 'keep-alive'} 
 body=None 
 </msg>
<msg time="2024-07-14T02:39:26.827382" level="INFO">GET Response : url=https://randomuser.me/api 
 status=200, reason=OK 
 headers={'Date': 'Sun, 14 Jul 2024 02:39:26 GMT', 'Content-Type': 'application/json; charset=utf-8', 'Transfer-Encoding': 'chunked', 'Connection': 'keep-alive', 'X-Powered-By': 'Express', 'Access-Control-Allow-Origin': '*', 'Cache-Control': 'no-cache', 'ETag': 'W/"47d-GfwHmKkytHzc72GVv/S+05RaNR0"', 'Vary': 'Accept-Encoding', 'Content-Encoding': 'gzip', 'CF-Cache-Status': 'DYNAMIC', 'Report-To': '{"endpoints":[{"url":"https:\\/\\/a.nel.cloudflare.com\\/report\\/v4?s=NUtqHdSv%2F4o06%2BJzyA7nZwhlodU0bMPUYOXHNWsZN1BpydT0hIE6l2w9U6aYRYzTXB4eBzaOGj0rNbiJO%2FU2286qOgscrEZE5bTBeJLPEHl1SLunT8rtRqXclBv0GJG3"}],"group":"cf-nel","max_age":604800}', 'NEL': '{"success_fraction":0,"report_to":"cf-nel","max_age":604800}', 'Server': 'cloudflare', 'CF-RAY': '8a2e24701b39593e-IAD', 'alt-svc': 'h3=":443"; ma=86400'} 
 body={"results":[{"gender":"male","name":{"title":"Mr","first":"Nicklas","last":"Mortensen"},"location":{"street":{"number":4614,"name":"H.C. Lumbyes Vej"},"city":"Ulsted, Hals","state":"Nordjylland","country":"Denmark","postcode":54102,"coordinates":{"latitude":"-44.5683","longitude":"-119.8941"},"timezone":{"offset":"-2:00","description":"Mid-Atlantic"}},"email":"nicklas.mortensen@example.com","login":{"uuid":"a8674ea7-9bbe-48ed-b115-f943f99a106a","username":"bigfrog945","password":"april","salt":"LSQ4H429","md5":"acd8c4e2c5cf386e611af45a7c7c5a6f","sha1":"0d1ee6d3f22325c4553b7d6224dd31daec48f660","sha256":"1d7b93b02d36b74d742f560b2c85c4663c03e6acddf604e99b6d66163deb0f82"},"dob":{"date":"1978-10-08T07:22:47.425Z","age":45},"registered":{"date":"2007-11-06T15:21:15.807Z","age":16},"phone":"95560046","cell":"95657157","id":{"name":"CPR","value":"081078-8307"},"picture":{"large":"https://randomuser.me/api/portraits/men/22.jpg","medium":"https://randomuser.me/api/portraits/med/men/22.jpg","thumbnail":"https://randomuser.me/api/portraits/thumb/men/22.jpg"},"nat":"DK"}],"info":{"seed":"9947052005ec36f7","results":1,"page":1,"version":"1.4"}} 
 </msg>
<msg time="2024-07-14T02:39:26.827436" level="INFO">/opt/hostedtoolcache/Python/3.12.4/x64/lib/python3.12/site-packages/urllib3/connectionpool.py:1099: InsecureRequestWarning: Unverified HTTPS request is being made to host 'randomuser.me'. Adding certificate verification is strongly advised. See: https://urllib3.readthedocs.io/en/latest/advanced-usage.html#tls-warnings
  warnings.warn(</msg>
<msg time="2024-07-14T02:39:26.827521" level="INFO">${response} = &lt;Response [200]&gt;</msg>
<var>${response}</var>
<arg>consultarAPI</arg>
<arg>/api</arg>
<doc>Sends a GET request on a previously created HTTP Session.</doc>
<status status="PASS" start="2024-07-14T02:39:26.732005" elapsed="0.095556"/>
</kw>
<kw name="Set Variable" owner="BuiltIn">
<msg time="2024-07-14T02:39:26.828607" level="INFO">${json_data} = {'results': [{'gender': 'male', 'name': {'title': 'Mr', 'first': 'Nicklas', 'last': 'Mortensen'}, 'location': {'street': {'number': 4614, 'name': 'H.C. Lumbyes Vej'}, 'city': 'Ulsted, Hals', 'state': ...</msg>
<var>${json_data}</var>
<arg>${response.json()}</arg>
<doc>Returns the given values which can then be assigned to a variables.</doc>
<status status="PASS" start="2024-07-14T02:39:26.828010" elapsed="0.000626"/>
</kw>
<kw name="Log" owner="BuiltIn">
<msg time="2024-07-14T02:39:26.829093" level="INFO">{'results': [{'gender': 'male', 'name': {'title': 'Mr', 'first': 'Nicklas', 'last': 'Mortensen'}, 'location': {'street': {'number': 4614, 'name': 'H.C. Lumbyes Vej'}, 'city': 'Ulsted, Hals', 'state': 'Nordjylland', 'country': 'Denmark', 'postcode': 54102, 'coordinates': {'latitude': '-44.5683', 'longitude': '-119.8941'}, 'timezone': {'offset': '-2:00', 'description': 'Mid-Atlantic'}}, 'email': 'nicklas.mortensen@example.com', 'login': {'uuid': 'a8674ea7-9bbe-48ed-b115-f943f99a106a', 'username': 'bigfrog945', 'password': 'april', 'salt': 'LSQ4H429', 'md5': 'acd8c4e2c5cf386e611af45a7c7c5a6f', 'sha1': '0d1ee6d3f22325c4553b7d6224dd31daec48f660', 'sha256': '1d7b93b02d36b74d742f560b2c85c4663c03e6acddf604e99b6d66163deb0f82'}, 'dob': {'date': '1978-10-08T07:22:47.425Z', 'age': 45}, 'registered': {'date': '2007-11-06T15:21:15.807Z', 'age': 16}, 'phone': '95560046', 'cell': '95657157', 'id': {'name': 'CPR', 'value': '081078-8307'}, 'picture': {'large': 'https://randomuser.me/api/portraits/men/22.jpg', 'medium': 'https://randomuser.me/api/portraits/med/men/22.jpg', 'thumbnail': 'https://randomuser.me/api/portraits/thumb/men/22.jpg'}, 'nat': 'DK'}], 'info': {'seed': '9947052005ec36f7', 'results': 1, 'page': 1, 'version': '1.4'}}</msg>
<arg>${json_data}</arg>
<doc>Logs the given message with the given level.</doc>
<status status="PASS" start="2024-07-14T02:39:26.828941" elapsed="0.000198"/>
</kw>
<kw name="Should Be Equal As Numbers" owner="BuiltIn">
<arg>${json_data['results'][0]['location']['postcode']}</arg>
<arg>${json_data['results'][0]['location']['postcode']}</arg>
<doc>Fails if objects are unequal after converting them to real numbers.</doc>
<status status="PASS" start="2024-07-14T02:39:26.829431" elapsed="0.000619"/>
</kw>
<kw name="Log" owner="BuiltIn">
<msg time="2024-07-14T02:39:26.830697" level="INFO">54102</msg>
<arg>${json_data['results'][0]['location']['postcode']}</arg>
<doc>Logs the given message with the given level.</doc>
<status status="PASS" start="2024-07-14T02:39:26.830241" elapsed="0.000498"/>
</kw>
<status status="PASS" start="2024-07-14T02:39:26.731790" elapsed="0.099227"/>
</kw>
<doc>Testa se os tipos de dados na resposta da API estão corretos.</doc>
<tag>testeTiposDados</tag>
<status status="PASS" start="2024-07-14T02:39:26.645040" elapsed="0.186131"/>
</test>
<test id="s1-s1-t5" name="Validar conteudo" line="35">
<kw name="Teste de Tipos de Conteudo" owner="random-user-service">
<kw name="GET On Session" owner="RequestsLibrary">
<msg time="2024-07-14T02:39:26.924035" level="INFO">GET Request : url=https://randomuser.me/api 
 path_url=/api 
 headers={'User-Agent': 'python-requests/2.32.3', 'Accept-Encoding': 'gzip, deflate', 'Accept': '*/*', 'Connection': 'keep-alive'} 
 body=None 
 </msg>
<msg time="2024-07-14T02:39:26.924148" level="INFO">GET Response : url=https://randomuser.me/api 
 status=200, reason=OK 
 headers={'Date': 'Sun, 14 Jul 2024 02:39:26 GMT', 'Content-Type': 'application/json; charset=utf-8', 'Transfer-Encoding': 'chunked', 'Connection': 'keep-alive', 'X-Powered-By': 'Express', 'Access-Control-Allow-Origin': '*', 'Cache-Control': 'no-cache', 'ETag': 'W/"46b-iQn3X2RN0NH1ep2/V/bUXNA5CSE"', 'Vary': 'Accept-Encoding', 'Content-Encoding': 'gzip', 'CF-Cache-Status': 'DYNAMIC', 'Report-To': '{"endpoints":[{"url":"https:\\/\\/a.nel.cloudflare.com\\/report\\/v4?s=5QfGcCtxo94IMzeUq4Ka%2Br%2FiytCI4qKEgZde6vFzJORcaLt5Fwbd9p%2B3KVjepfgF3jTB1GsEJQS4QYUBQWiPkDAA9ZIjatVXDwTkPuIMHn2fC2EqNKkXGTM1W6%2BtgX6T"}],"group":"cf-nel","max_age":604800}', 'NEL': '{"success_fraction":0,"report_to":"cf-nel","max_age":604800}', 'Server': 'cloudflare', 'CF-RAY': '8a2e2470bbb2593e-IAD', 'alt-svc': 'h3=":443"; ma=86400'} 
 body={"results":[{"gender":"female","name":{"title":"Miss","first":"Kajsa","last":"Ramstad"},"location":{"street":{"number":8331,"name":"Parkveien"},"city":"Hestvika","state":"Akershus","country":"Norway","postcode":"5724","coordinates":{"latitude":"41.7818","longitude":"76.2232"},"timezone":{"offset":"+3:30","description":"Tehran"}},"email":"kajsa.ramstad@example.com","login":{"uuid":"7a49da40-9b9c-4033-907f-0354da594e77","username":"yellowbear293","password":"iamgod","salt":"TKVcmowd","md5":"cf1771a231c23bb46c6cb08e55811e17","sha1":"b0e82c8733713cc239b5f4dc1ef518d12b891570","sha256":"3d7775a34767e493163b570fc9e948dd94241cd4001116d8809ca4f13eeda150"},"dob":{"date":"1964-02-24T10:36:34.952Z","age":60},"registered":{"date":"2008-06-28T07:02:24.956Z","age":16},"phone":"73529448","cell":"95140701","id":{"name":"FN","value":"24026400607"},"picture":{"large":"https://randomuser.me/api/portraits/women/79.jpg","medium":"https://randomuser.me/api/portraits/med/women/79.jpg","thumbnail":"https://randomuser.me/api/portraits/thumb/women/79.jpg"},"nat":"NO"}],"info":{"seed":"53c176a5068652e7","results":1,"page":1,"version":"1.4"}} 
 </msg>
<msg time="2024-07-14T02:39:26.924245" level="INFO">/opt/hostedtoolcache/Python/3.12.4/x64/lib/python3.12/site-packages/urllib3/connectionpool.py:1099: InsecureRequestWarning: Unverified HTTPS request is being made to host 'randomuser.me'. Adding certificate verification is strongly advised. See: https://urllib3.readthedocs.io/en/latest/advanced-usage.html#tls-warnings
  warnings.warn(</msg>
<msg time="2024-07-14T02:39:26.924401" level="INFO">${response} = &lt;Response [200]&gt;</msg>
<var>${response}</var>
<arg>consultarAPI</arg>
<arg>/api</arg>
<doc>Sends a GET request on a previously created HTTP Session.</doc>
<status status="PASS" start="2024-07-14T02:39:26.833562" elapsed="0.090887"/>
</kw>
<kw name="Set Variable" owner="BuiltIn">
<msg time="2024-07-14T02:39:26.925528" level="INFO">${json_data} = {'results': [{'gender': 'female', 'name': {'title': 'Miss', 'first': 'Kajsa', 'last': 'Ramstad'}, 'location': {'street': {'number': 8331, 'name': 'Parkveien'}, 'city': 'Hestvika', 'state': 'Akershus',...</msg>
<var>${json_data}</var>
<arg>${response.json()}</arg>
<doc>Returns the given values which can then be assigned to a variables.</doc>
<status status="PASS" start="2024-07-14T02:39:26.924928" elapsed="0.000642"/>
</kw>
<kw name="Set Variable" owner="BuiltIn">
<msg time="2024-07-14T02:39:26.926299" level="INFO">${name_title} = Miss</msg>
<var>${name_title}</var>
<arg>${json_data["results"][0]["name"]["title"]}</arg>
<doc>Returns the given values which can then be assigned to a variables.</doc>
<status status="PASS" start="2024-07-14T02:39:26.925913" elapsed="0.000412"/>
</kw>
<kw name="Create List" owner="BuiltIn">
<msg time="2024-07-14T02:39:26.926766" level="INFO">${allowed_titles} = ['Mr', 'Ms', 'Miss', 'Mrs', 'Madame', 'Monsieur']</msg>
<var>${allowed_titles}</var>
<arg>Mr</arg>
<arg>Ms</arg>
<arg>Miss</arg>
<arg>Mrs</arg>
<arg>Madame</arg>
<arg>Monsieur</arg>
<doc>Returns a list containing given items.</doc>
<status status="PASS" start="2024-07-14T02:39:26.926620" elapsed="0.000170"/>
</kw>
<kw name="List Should Contain Value" owner="Collections">
<arg>${allowed_titles}</arg>
<arg>${name_title}</arg>
<doc>Fails if the ``value`` is not found from ``list``.</doc>
<status status="PASS" start="2024-07-14T02:39:26.927082" elapsed="0.000175"/>
</kw>
<kw name="Set Variable" owner="BuiltIn">
<msg time="2024-07-14T02:39:26.927798" level="INFO">${name_country} = NO</msg>
<var>${name_country}</var>
<arg>${json_data["results"][0]["nat"]}</arg>
<doc>Returns the given values which can then be assigned to a variables.</doc>
<status status="PASS" start="2024-07-14T02:39:26.927434" elapsed="0.000389"/>
</kw>
<kw name="Create List" owner="BuiltIn">
<msg time="2024-07-14T02:39:26.928747" level="INFO">${list_country} = ['AD', 'AE', 'AF', 'AG', 'AI', 'AL', 'AM', 'AO', 'AQ', 'AR', 'AS', 'AT', 'AU', 'AW', 'AX', 'AZ', 'BA', 'BB', 'BD', 'BE', 'BF', 'BG', 'BH', 'BI', 'BJ', 'BL', 'BM', 'BN', 'BO', 'BQ', 'BR', 'BS', 'BT', '...</msg>
<var>${list_country}</var>
<arg>AD</arg>
<arg>AE</arg>
<arg>AF</arg>
<arg>AG</arg>
<arg>AI</arg>
<arg>AL</arg>
<arg>AM</arg>
<arg>AO</arg>
<arg>AQ</arg>
<arg>AR</arg>
<arg>AS</arg>
<arg>AT</arg>
<arg>AU</arg>
<arg>AW</arg>
<arg>AX</arg>
<arg>AZ</arg>
<arg>BA</arg>
<arg>BB</arg>
<arg>BD</arg>
<arg>BE</arg>
<arg>BF</arg>
<arg>BG</arg>
<arg>BH</arg>
<arg>BI</arg>
<arg>BJ</arg>
<arg>BL</arg>
<arg>BM</arg>
<arg>BN</arg>
<arg>BO</arg>
<arg>BQ</arg>
<arg>BR</arg>
<arg>BS</arg>
<arg>BT</arg>
<arg>BV</arg>
<arg>BW</arg>
<arg>BY</arg>
<arg>BZ</arg>
<arg>CA</arg>
<arg>CC</arg>
<arg>CD</arg>
<arg>CF</arg>
<arg>CG</arg>
<arg>CH</arg>
<arg>CI</arg>
<arg>CK</arg>
<arg>CL</arg>
<arg>CM</arg>
<arg>CN</arg>
<arg>CO</arg>
<arg>CR</arg>
<arg>CU</arg>
<arg>CV</arg>
<arg>CW</arg>
<arg>CX</arg>
<arg>CY</arg>
<arg>CZ</arg>
<arg>DE</arg>
<arg>DJ</arg>
<arg>DK</arg>
<arg>DM</arg>
<arg>DO</arg>
<arg>DZ</arg>
<arg>EC</arg>
<arg>EE</arg>
<arg>EG</arg>
<arg>EH</arg>
<arg>ER</arg>
<arg>ES</arg>
<arg>ET</arg>
<arg>FI</arg>
<arg>FJ</arg>
<arg>FK</arg>
<arg>FM</arg>
<arg>FO</arg>
<arg>FR</arg>
<arg>GA</arg>
<arg>GB</arg>
<arg>GD</arg>
<arg>GE</arg>
<arg>GF</arg>
<arg>GG</arg>
<arg>GH</arg>
<arg>GI</arg>
<arg>GL</arg>
<arg>GM</arg>
<arg>GN</arg>
<arg>GP</arg>
<arg>GQ</arg>
<arg>GR</arg>
<arg>GS</arg>
<arg>GT</arg>
<arg>GU</arg>
<arg>GW</arg>
<arg>GY</arg>
<arg>HK</arg>
<arg>HM</arg>
<arg>HN</arg>
<arg>HR</arg>
<arg>HT</arg>
<arg>HU</arg>
<arg>ID</arg>
<arg>IE</arg>
<arg>IL</arg>
<arg>IM</arg>
<arg>IN</arg>
<arg>IO</arg>
<arg>IQ</arg>
<arg>IR</arg>
<arg>IS</arg>
<arg>IT</arg>
<arg>JE</arg>
<arg>JM</arg>
<arg>JO</arg>
<arg>JP</arg>
<arg>KE</arg>
<arg>KG</arg>
<arg>KH</arg>
<arg>KI</arg>
<arg>KM</arg>
<arg>KN</arg>
<arg>KP</arg>
<arg>KR</arg>
<arg>KW</arg>
<arg>KY</arg>
<arg>KZ</arg>
<arg>LA</arg>
<arg>LB</arg>
<arg>LC</arg>
<arg>LI</arg>
<arg>LK</arg>
<arg>LR</arg>
<arg>LS</arg>
<arg>LT</arg>
<arg>LU</arg>
<arg>LV</arg>
<arg>LY</arg>
<arg>MA</arg>
<arg>MC</arg>
<arg>MD</arg>
<arg>ME</arg>
<arg>MF</arg>
<arg>MG</arg>
<arg>MH</arg>
<arg>MK</arg>
<arg>ML</arg>
<arg>MM</arg>
<arg>MN</arg>
<arg>MO</arg>
<arg>MP</arg>
<arg>MQ</arg>
<arg>MR</arg>
<arg>MS</arg>
<arg>MT</arg>
<arg>MU</arg>
<arg>MV</arg>
<arg>MW</arg>
<arg>MX</arg>
<arg>MY</arg>
<arg>MZ</arg>
<arg>NA</arg>
<arg>NC</arg>
<arg>NE</arg>
<arg>NF</arg>
<arg>NG</arg>
<arg>NI</arg>
<arg>NL</arg>
<arg>NO</arg>
<arg>NP</arg>
<arg>NR</arg>
<arg>NU</arg>
<arg>NZ</arg>
<arg>OM</arg>
<arg>PA</arg>
<arg>PE</arg>
<arg>PF</arg>
<arg>PG</arg>
<arg>PH</arg>
<arg>PK</arg>
<arg>PL</arg>
<arg>PM</arg>
<arg>PN</arg>
<arg>PR</arg>
<arg>PS</arg>
<arg>PT</arg>
<arg>PW</arg>
<arg>PY</arg>
<arg>QA</arg>
<arg>RE</arg>
<arg>RO</arg>
<arg>RS</arg>
<arg>RU</arg>
<arg>RW</arg>
<arg>SA</arg>
<arg>SB</arg>
<arg>SC</arg>
<arg>SD</arg>
<arg>SE</arg>
<arg>SG</arg>
<arg>SH</arg>
<arg>SI</arg>
<arg>SJ</arg>
<arg>SK</arg>
<arg>SL</arg>
<arg>SM</arg>
<arg>SN</arg>
<arg>SO</arg>
<arg>SR</arg>
<arg>SS</arg>
<arg>ST</arg>
<arg>SV</arg>
<arg>SX</arg>
<arg>SY</arg>
<arg>SZ</arg>
<arg>TC</arg>
<arg>TD</arg>
<arg>TF</arg>
<arg>TG</arg>
<arg>TH</arg>
<arg>TJ</arg>
<arg>TK</arg>
<arg>TL</arg>
<arg>TM</arg>
<arg>TN</arg>
<arg>TO</arg>
<arg>TR</arg>
<arg>TT</arg>
<arg>TV</arg>
<arg>TW</arg>
<arg>TZ</arg>
<arg>UA</arg>
<arg>UG</arg>
<arg>UM</arg>
<arg>US</arg>
<arg>UY</arg>
<arg>UZ</arg>
<arg>VA</arg>
<arg>VC</arg>
<arg>VE</arg>
<arg>VG</arg>
<arg>VI</arg>
<arg>VN</arg>
<arg>VU</arg>
<arg>WF</arg>
<arg>WS</arg>
<arg>XK</arg>
<arg>YE</arg>
<arg>YT</arg>
<arg>ZA</arg>
<arg>ZM</arg>
<arg>ZW</arg>
<doc>Returns a list containing given items.</doc>
<status status="PASS" start="2024-07-14T02:39:26.928114" elapsed="0.000659"/>
</kw>
<kw name="List Should Contain Value" owner="Collections">
<arg>${list_country}</arg>
<arg>${name_country}</arg>
<doc>Fails if the ``value`` is not found from ``list``.</doc>
<status status="PASS" start="2024-07-14T02:39:26.929567" elapsed="0.000225"/>
</kw>
<kw name="Run Keyword If" owner="BuiltIn">
<kw name="Should Be True" owner="BuiltIn">
<arg>${True}</arg>
<doc>Fails if the given condition is not true.</doc>
<status status="PASS" start="2024-07-14T02:39:26.930709" elapsed="0.000140"/>
</kw>
<arg>${json_data["results"][0]["location"]["coordinates"]["latitude"]} &gt;= -90 and ${json_data["results"][0]["location"]["coordinates"]["latitude"]} &lt;= 90</arg>
<arg>Should Be True</arg>
<arg>${True}</arg>
<doc>Runs the given keyword with the given arguments, if ``condition`` is true.</doc>
<status status="PASS" start="2024-07-14T02:39:26.929986" elapsed="0.000992"/>
</kw>
<kw name="Run Keyword If" owner="BuiltIn">
<kw name="Should Be True" owner="BuiltIn">
<arg>${True}</arg>
<doc>Fails if the given condition is not true.</doc>
<status status="PASS" start="2024-07-14T02:39:26.931857" elapsed="0.000230"/>
</kw>
<arg>${json_data["results"][0]["location"]["coordinates"]["longitude"]} &gt;= -180 and ${json_data["results"][0]["location"]["coordinates"]["longitude"]} &lt;= 180</arg>
<arg>Should Be True</arg>
<arg>${True}</arg>
<doc>Runs the given keyword with the given arguments, if ``condition`` is true.</doc>
<status status="PASS" start="2024-07-14T02:39:26.931156" elapsed="0.001089"/>
</kw>
<status status="PASS" start="2024-07-14T02:39:26.833351" elapsed="0.099033"/>
</kw>
<doc>Testa o conteúdo específico dos campos retornados pela API.</doc>
<tag>testeConteudo</tag>
<status status="PASS" start="2024-07-14T02:39:26.832936" elapsed="0.099586"/>
</test>
<status status="PASS" start="2024-07-14T02:39:26.109831" elapsed="0.824620"/>
</suite>
<status status="PASS" start="2024-07-14T02:39:26.095554" elapsed="0.843886"/>
</suite>
<statistics>
<total>
<stat pass="5" fail="0" skip="0">All Tests</stat>
</total>
<tag>
<stat pass="1" fail="0" skip="0">testeConteudo</stat>
<stat pass="1" fail="0" skip="0">testeEstruturaResposta</stat>
<stat pass="1" fail="0" skip="0">testeRequisicaoBasica</stat>
<stat pass="1" fail="0" skip="0">testeTiposDados</stat>
</tag>
<suite>
<stat pass="5" fail="0" skip="0" id="s1" name="Tests">Tests</stat>
<stat pass="5" fail="0" skip="0" id="s1-s1" name="Random-User-Test">Tests.Random-User-Test</stat>
</suite>
</statistics>
<errors>
</errors>
</robot>
