<?xml version="1.0" encoding="UTF-8"?>
<robot generator="Robot 7.0 (Python 3.12.3 on linux)" generated="2024-05-22T14:13:36.646648" rpa="false" schemaversion="5">
<suite id="s1" name="Tests" source="/home/runner/work/DesafioQAItauRogerioJordao/DesafioQAItauRogerioJordao/RamdonUser/tests">
<suite id="s1-s1" name="Random-User-Test" source="/home/runner/work/DesafioQAItauRogerioJordao/DesafioQAItauRogerioJordao/RamdonUser/tests/random-user-test.robot">
<test id="s1-s1-t1" name="Conectar" line="13">
<kw name="Conectar API" owner="random-user-service">
<kw name="Create Session" owner="RequestsLibrary">
<msg time="2024-05-22T14:13:37.072618" level="INFO">Creating Session using : alias=consultarAPI, url=https://randomuser.me/, headers={},                     cookies={}, auth=None, timeout=None, proxies=None, verify=False,                     debug=0 </msg>
<arg>consultarAPI</arg>
<arg>${URL}</arg>
<doc>Create Session: create a HTTP session to a server</doc>
<status status="PASS" start="2024-05-22T14:13:37.072396" elapsed="0.000431"/>
</kw>
<status status="PASS" start="2024-05-22T14:13:37.071344" elapsed="0.001912"/>
</kw>
<status status="PASS" start="2024-05-22T14:13:37.070568" elapsed="0.002886"/>
</test>
<test id="s1-s1-t2" name="Validar retorno 200 e JSON Válido" line="16">
<kw name="Teste de Requisicao Basica" owner="random-user-service">
<kw name="GET On Session" owner="RequestsLibrary">
<msg time="2024-05-22T14:13:37.194458" level="INFO">GET Request : url=https://randomuser.me/api 
 path_url=/api 
 headers={'User-Agent': 'python-requests/2.32.2', 'Accept-Encoding': 'gzip, deflate', 'Accept': '*/*', 'Connection': 'keep-alive'} 
 body=None 
 </msg>
<msg time="2024-05-22T14:13:37.194632" level="INFO">GET Response : url=https://randomuser.me/api 
 status=200, reason=OK 
 headers={'Date': 'Wed, 22 May 2024 14:13:37 GMT', 'Content-Type': 'application/json; charset=utf-8', 'Transfer-Encoding': 'chunked', 'Connection': 'keep-alive', 'X-Powered-By': 'Express', 'Access-Control-Allow-Origin': '*', 'Cache-Control': 'no-cache', 'ETag': 'W/"47b-IEdBxWcbDowWoV6H7+MEjeWOaDY"', 'Vary': 'Accept-Encoding', 'Content-Encoding': 'gzip', 'CF-Cache-Status': 'DYNAMIC', 'Report-To': '{"endpoints":[{"url":"https:\\/\\/a.nel.cloudflare.com\\/report\\/v4?s=B01zJeAX5G%2BrlsyeN%2BSWFGNXX%2Fyhbccym%2BldjJVIYRG4RbocxhJLV5H6JXGo3DsF2DEExKkzjzoe3YpPiTtzRMWGgnWETpF%2BTp1u7495Ca39wdW2OhFMIHuVl2xxJ3QC"}],"group":"cf-nel","max_age":604800}', 'NEL': '{"success_fraction":0,"report_to":"cf-nel","max_age":604800}', 'Server': 'cloudflare', 'CF-RAY': '887d686b1991018a-ORD', 'alt-svc': 'h3=":443"; ma=86400'} 
 body={"results":[{"gender":"female","name":{"title":"Mrs","first":"Rosl","last":"Willems"},"location":{"street":{"number":4234,"name":"Talstraße"},"city":"Uffenheim","state":"Sachsen","country":"Germany","postcode":53261,"coordinates":{"latitude":"-52.2155","longitude":"43.2661"},"timezone":{"offset":"-9:00","description":"Alaska"}},"email":"rosl.willems@example.com","login":{"uuid":"df716eec-7123-41f1-951d-71dbea39fa0e","username":"ticklishladybug157","password":"allan","salt":"ejng9f2u","md5":"e5523dee175c98bb15304ca1c3121201","sha1":"6cca16cd78c6b17b1ce1c324b4eeaf95558077af","sha256":"b980dede8b53111a024124512d6734354b56f6dbe6b5255641c128c721c5b7bf"},"dob":{"date":"1991-08-28T10:14:03.003Z","age":32},"registered":{"date":"2016-06-04T22:42:37.990Z","age":7},"phone":"0626-9609593","cell":"0172-9974950","id":{"name":"SVNR","value":"50 280891 W 744"},"picture":{"large":"https://randomuser.me/api/portraits/women/85.jpg","medium":"https://randomuser.me/api/portraits/med/women/85.jpg","thumbnail":"https://randomuser.me/api/portraits/thumb/women/85.jpg"},"nat":"DE"}],"info":{"seed":"e720d8c8ade23db2","results":1,"page":1,"version":"1.4"}} 
 </msg>
<msg time="2024-05-22T14:13:37.194734" level="INFO">/opt/hostedtoolcache/Python/3.12.3/x64/lib/python3.12/site-packages/urllib3/connectionpool.py:1103: InsecureRequestWarning: Unverified HTTPS request is being made to host 'randomuser.me'. Adding certificate verification is strongly advised. See: https://urllib3.readthedocs.io/en/latest/advanced-usage.html#tls-warnings
  warnings.warn(</msg>
<msg time="2024-05-22T14:13:37.194916" level="INFO">${response} = &lt;Response [200]&gt;</msg>
<var>${response}</var>
<arg>consultarAPI</arg>
<arg>/api</arg>
<doc>Sends a GET request on a previously created HTTP Session.</doc>
<status status="PASS" start="2024-05-22T14:13:37.076075" elapsed="0.118889"/>
</kw>
<kw name="Should Be Equal As Numbers" owner="BuiltIn">
<msg time="2024-05-22T14:13:37.196071" level="INFO">Argument types are:
&lt;class 'int'&gt;
&lt;class 'str'&gt;</msg>
<arg>${response.status_code}</arg>
<arg>200</arg>
<doc>Fails if objects are unequal after converting them to real numbers.</doc>
<status status="PASS" start="2024-05-22T14:13:37.195559" elapsed="0.000583"/>
</kw>
<kw name="Log" owner="BuiltIn">
<msg time="2024-05-22T14:13:37.196885" level="INFO">200</msg>
<arg>${response.status_code}</arg>
<doc>Logs the given message with the given level.</doc>
<status status="PASS" start="2024-05-22T14:13:37.196514" elapsed="0.000452"/>
</kw>
<kw name="Set Variable" owner="BuiltIn">
<msg time="2024-05-22T14:13:37.197770" level="INFO">${json_data} = {'results': [{'gender': 'female', 'name': {'title': 'Mrs', 'first': 'Rosl', 'last': 'Willems'}, 'location': {'street': {'number': 4234, 'name': 'Talstraße'}, 'city': 'Uffenheim', 'state': 'Sachsen', '...</msg>
<var>${json_data}</var>
<arg>${response.json()}</arg>
<doc>Returns the given values which can then be assigned to a variables.</doc>
<status status="PASS" start="2024-05-22T14:13:37.197298" elapsed="0.000505"/>
</kw>
<kw name="Dictionary Should Contain Key" owner="Collections">
<msg time="2024-05-22T14:13:37.198327" level="INFO">False</msg>
<arg>${json_data}</arg>
<arg>results</arg>
<doc>Fails if ``key`` is not found from ``dictionary``.</doc>
<status status="PASS" start="2024-05-22T14:13:37.198124" elapsed="0.000243"/>
</kw>
<status status="PASS" start="2024-05-22T14:13:37.075817" elapsed="0.122817"/>
</kw>
<doc>Testa se a API responde corretamente e retorna um objeto JSON válido.</doc>
<tag>testeRequisicaoBasica</tag>
<status status="PASS" start="2024-05-22T14:13:37.075358" elapsed="0.123475"/>
</test>
<test id="s1-s1-t3" name="Validar estrutura de resposta" line="22">
<kw name="Teste de Estrutura de Resposta" owner="random-user-service">
<kw name="GET On Session" owner="RequestsLibrary">
<msg time="2024-05-22T14:13:37.341882" level="INFO">GET Request : url=https://randomuser.me/api 
 path_url=/api 
 headers={'User-Agent': 'python-requests/2.32.2', 'Accept-Encoding': 'gzip, deflate', 'Accept': '*/*', 'Connection': 'keep-alive'} 
 body=None 
 </msg>
<msg time="2024-05-22T14:13:37.342010" level="INFO">GET Response : url=https://randomuser.me/api 
 status=200, reason=OK 
 headers={'Date': 'Wed, 22 May 2024 14:13:37 GMT', 'Content-Type': 'application/json; charset=utf-8', 'Transfer-Encoding': 'chunked', 'Connection': 'keep-alive', 'X-Powered-By': 'Express', 'Access-Control-Allow-Origin': '*', 'Cache-Control': 'no-cache', 'ETag': 'W/"4a2-Eb2uvxltC02myMEI0VfrQo9bvXg"', 'Vary': 'Accept-Encoding', 'Content-Encoding': 'gzip', 'CF-Cache-Status': 'DYNAMIC', 'Report-To': '{"endpoints":[{"url":"https:\\/\\/a.nel.cloudflare.com\\/report\\/v4?s=55U%2Bmz4Jec09%2Fj5b6JpgKRi6%2FSnWBKdqU6KSLDgFyuRXppXoPKsNS8DfbO7vOu3Pt%2BXZIJ2IJwd6WeZkyBeDl4OV6SuDEQX7JMj4Q3sGzNqOn%2F1rN95nwW8IOrvY0ttR"}],"group":"cf-nel","max_age":604800}', 'NEL': '{"success_fraction":0,"report_to":"cf-nel","max_age":604800}', 'Server': 'cloudflare', 'CF-RAY': '887d686b8a34018a-ORD', 'alt-svc': 'h3=":443"; ma=86400'} 
 body={"results":[{"gender":"male","name":{"title":"Mr","first":"Eduardo","last":"Sanchez"},"location":{"street":{"number":1316,"name":"Kings Road"},"city":"Wolverhampton","state":"Surrey","country":"United Kingdom","postcode":"B5 8UL","coordinates":{"latitude":"-7.7905","longitude":"-86.6730"},"timezone":{"offset":"+5:00","description":"Ekaterinburg, Islamabad, Karachi, Tashkent"}},"email":"eduardo.sanchez@example.com","login":{"uuid":"4db25fd7-607a-496a-9ec3-19fe673e081e","username":"smallduck198","password":"topper","salt":"zaDQJxPg","md5":"b72e3f40c0cd513e747b9fb3312960cb","sha1":"0e26145ec62b6e7b5c8a2f5e88591659096d0d14","sha256":"d716efae8c8d8d993949431f2d0f3d6ff74b4682d16861b7db862d5cc61523f7"},"dob":{"date":"1978-06-02T19:00:29.440Z","age":45},"registered":{"date":"2021-12-21T03:42:21.018Z","age":2},"phone":"019467 24647","cell":"07522 003306","id":{"name":"NINO","value":"XG 10 49 03 G"},"picture":{"large":"https://randomuser.me/api/portraits/men/87.jpg","medium":"https://randomuser.me/api/portraits/med/men/87.jpg","thumbnail":"https://randomuser.me/api/portraits/thumb/men/87.jpg"},"nat":"GB"}],"info":{"seed":"21c42c23528e3707","results":1,"page":1,"version":"1.4"}} 
 </msg>
<msg time="2024-05-22T14:13:37.342176" level="INFO">/opt/hostedtoolcache/Python/3.12.3/x64/lib/python3.12/site-packages/urllib3/connectionpool.py:1103: InsecureRequestWarning: Unverified HTTPS request is being made to host 'randomuser.me'. Adding certificate verification is strongly advised. See: https://urllib3.readthedocs.io/en/latest/advanced-usage.html#tls-warnings
  warnings.warn(</msg>
<msg time="2024-05-22T14:13:37.342342" level="INFO">${response} = &lt;Response [200]&gt;</msg>
<var>${response}</var>
<arg>consultarAPI</arg>
<arg>/api</arg>
<doc>Sends a GET request on a previously created HTTP Session.</doc>
<status status="PASS" start="2024-05-22T14:13:37.201635" elapsed="0.140756"/>
</kw>
<kw name="Set Variable" owner="BuiltIn">
<msg time="2024-05-22T14:13:37.343532" level="INFO">${json_data} = {'results': [{'gender': 'male', 'name': {'title': 'Mr', 'first': 'Eduardo', 'last': 'Sanchez'}, 'location': {'street': {'number': 1316, 'name': 'Kings Road'}, 'city': 'Wolverhampton', 'state': 'Surrey...</msg>
<var>${json_data}</var>
<arg>${response.json()}</arg>
<doc>Returns the given values which can then be assigned to a variables.</doc>
<status status="PASS" start="2024-05-22T14:13:37.342927" elapsed="0.000634"/>
</kw>
<kw name="Log" owner="BuiltIn">
<msg time="2024-05-22T14:13:37.344080" level="INFO">{'results': [{'gender': 'male', 'name': {'title': 'Mr', 'first': 'Eduardo', 'last': 'Sanchez'}, 'location': {'street': {'number': 1316, 'name': 'Kings Road'}, 'city': 'Wolverhampton', 'state': 'Surrey', 'country': 'United Kingdom', 'postcode': 'B5 8UL', 'coordinates': {'latitude': '-7.7905', 'longitude': '-86.6730'}, 'timezone': {'offset': '+5:00', 'description': 'Ekaterinburg, Islamabad, Karachi, Tashkent'}}, 'email': 'eduardo.sanchez@example.com', 'login': {'uuid': '4db25fd7-607a-496a-9ec3-19fe673e081e', 'username': 'smallduck198', 'password': 'topper', 'salt': 'zaDQJxPg', 'md5': 'b72e3f40c0cd513e747b9fb3312960cb', 'sha1': '0e26145ec62b6e7b5c8a2f5e88591659096d0d14', 'sha256': 'd716efae8c8d8d993949431f2d0f3d6ff74b4682d16861b7db862d5cc61523f7'}, 'dob': {'date': '1978-06-02T19:00:29.440Z', 'age': 45}, 'registered': {'date': '2021-12-21T03:42:21.018Z', 'age': 2}, 'phone': '019467 24647', 'cell': '07522 003306', 'id': {'name': 'NINO', 'value': 'XG 10 49 03 G'}, 'picture': {'large': 'https://randomuser.me/api/portraits/men/87.jpg', 'medium': 'https://randomuser.me/api/portraits/med/men/87.jpg', 'thumbnail': 'https://randomuser.me/api/portraits/thumb/men/87.jpg'}, 'nat': 'GB'}], 'info': {'seed': '21c42c23528e3707', 'results': 1, 'page': 1, 'version': '1.4'}}</msg>
<arg>${json_data}</arg>
<doc>Logs the given message with the given level.</doc>
<status status="PASS" start="2024-05-22T14:13:37.343913" elapsed="0.000225"/>
</kw>
<kw name="Dictionary Should Contain Key" owner="Collections">
<msg time="2024-05-22T14:13:37.344600" level="INFO">False</msg>
<arg>${json_data}</arg>
<arg>results</arg>
<doc>Fails if ``key`` is not found from ``dictionary``.</doc>
<status status="PASS" start="2024-05-22T14:13:37.344441" elapsed="0.000197"/>
</kw>
<kw name="Should Not Be Empty" owner="BuiltIn">
<msg time="2024-05-22T14:13:37.345128" level="INFO">Length is 2.</msg>
<arg>${json_data}</arg>
<doc>Verifies that the given item is not empty.</doc>
<status status="PASS" start="2024-05-22T14:13:37.344977" elapsed="0.000188"/>
</kw>
<kw name="Create List" owner="BuiltIn">
<msg time="2024-05-22T14:13:37.345799" level="INFO">${expected_keys} = ['gender', 'name', 'location', 'email', 'login']</msg>
<var>${expected_keys}</var>
<arg>gender</arg>
<arg>name</arg>
<arg>location</arg>
<arg>email</arg>
<arg>login</arg>
<doc>Returns a list containing given items.</doc>
<status status="PASS" start="2024-05-22T14:13:37.345458" elapsed="0.000375"/>
</kw>
<for flavor="IN">
<iter>
<kw name="Dictionary Should Contain Key" owner="Collections">
<msg time="2024-05-22T14:13:37.346856" level="INFO">False</msg>
<arg>${json_data['results'][0]}</arg>
<arg>${key}</arg>
<doc>Fails if ``key`` is not found from ``dictionary``.</doc>
<status status="PASS" start="2024-05-22T14:13:37.346447" elapsed="0.000448"/>
</kw>
<kw name="Log" owner="BuiltIn">
<msg time="2024-05-22T14:13:37.347566" level="INFO">{'gender': 'male', 'name': {'title': 'Mr', 'first': 'Eduardo', 'last': 'Sanchez'}, 'location': {'street': {'number': 1316, 'name': 'Kings Road'}, 'city': 'Wolverhampton', 'state': 'Surrey', 'country': 'United Kingdom', 'postcode': 'B5 8UL', 'coordinates': {'latitude': '-7.7905', 'longitude': '-86.6730'}, 'timezone': {'offset': '+5:00', 'description': 'Ekaterinburg, Islamabad, Karachi, Tashkent'}}, 'email': 'eduardo.sanchez@example.com', 'login': {'uuid': '4db25fd7-607a-496a-9ec3-19fe673e081e', 'username': 'smallduck198', 'password': 'topper', 'salt': 'zaDQJxPg', 'md5': 'b72e3f40c0cd513e747b9fb3312960cb', 'sha1': '0e26145ec62b6e7b5c8a2f5e88591659096d0d14', 'sha256': 'd716efae8c8d8d993949431f2d0f3d6ff74b4682d16861b7db862d5cc61523f7'}, 'dob': {'date': '1978-06-02T19:00:29.440Z', 'age': 45}, 'registered': {'date': '2021-12-21T03:42:21.018Z', 'age': 2}, 'phone': '019467 24647', 'cell': '07522 003306', 'id': {'name': 'NINO', 'value': 'XG 10 49 03 G'}, 'picture': {'large': 'https://randomuser.me/api/portraits/men/87.jpg', 'medium': 'https://randomuser.me/api/portraits/med/men/87.jpg', 'thumbnail': 'https://randomuser.me/api/portraits/thumb/men/87.jpg'}, 'nat': 'GB'}</msg>
<arg>${json_data['results'][0]}</arg>
<doc>Logs the given message with the given level.</doc>
<status status="PASS" start="2024-05-22T14:13:37.347194" elapsed="0.000421"/>
</kw>
<kw name="Log" owner="BuiltIn">
<msg time="2024-05-22T14:13:37.348047" level="INFO">gender</msg>
<arg>${key}</arg>
<doc>Logs the given message with the given level.</doc>
<status status="PASS" start="2024-05-22T14:13:37.347909" elapsed="0.000175"/>
</kw>
<var name="${key}">gender</var>
<status status="PASS" start="2024-05-22T14:13:37.346321" elapsed="0.001979"/>
</iter>
<iter>
<kw name="Dictionary Should Contain Key" owner="Collections">
<msg time="2024-05-22T14:13:37.349018" level="INFO">False</msg>
<arg>${json_data['results'][0]}</arg>
<arg>${key}</arg>
<doc>Fails if ``key`` is not found from ``dictionary``.</doc>
<status status="PASS" start="2024-05-22T14:13:37.348602" elapsed="0.000454"/>
</kw>
<kw name="Log" owner="BuiltIn">
<msg time="2024-05-22T14:13:37.349739" level="INFO">{'gender': 'male', 'name': {'title': 'Mr', 'first': 'Eduardo', 'last': 'Sanchez'}, 'location': {'street': {'number': 1316, 'name': 'Kings Road'}, 'city': 'Wolverhampton', 'state': 'Surrey', 'country': 'United Kingdom', 'postcode': 'B5 8UL', 'coordinates': {'latitude': '-7.7905', 'longitude': '-86.6730'}, 'timezone': {'offset': '+5:00', 'description': 'Ekaterinburg, Islamabad, Karachi, Tashkent'}}, 'email': 'eduardo.sanchez@example.com', 'login': {'uuid': '4db25fd7-607a-496a-9ec3-19fe673e081e', 'username': 'smallduck198', 'password': 'topper', 'salt': 'zaDQJxPg', 'md5': 'b72e3f40c0cd513e747b9fb3312960cb', 'sha1': '0e26145ec62b6e7b5c8a2f5e88591659096d0d14', 'sha256': 'd716efae8c8d8d993949431f2d0f3d6ff74b4682d16861b7db862d5cc61523f7'}, 'dob': {'date': '1978-06-02T19:00:29.440Z', 'age': 45}, 'registered': {'date': '2021-12-21T03:42:21.018Z', 'age': 2}, 'phone': '019467 24647', 'cell': '07522 003306', 'id': {'name': 'NINO', 'value': 'XG 10 49 03 G'}, 'picture': {'large': 'https://randomuser.me/api/portraits/men/87.jpg', 'medium': 'https://randomuser.me/api/portraits/med/men/87.jpg', 'thumbnail': 'https://randomuser.me/api/portraits/thumb/men/87.jpg'}, 'nat': 'GB'}</msg>
<arg>${json_data['results'][0]}</arg>
<doc>Logs the given message with the given level.</doc>
<status status="PASS" start="2024-05-22T14:13:37.349380" elapsed="0.000407"/>
</kw>
<kw name="Log" owner="BuiltIn">
<msg time="2024-05-22T14:13:37.350240" level="INFO">name</msg>
<arg>${key}</arg>
<doc>Logs the given message with the given level.</doc>
<status status="PASS" start="2024-05-22T14:13:37.350089" elapsed="0.000187"/>
</kw>
<var name="${key}">name</var>
<status status="PASS" start="2024-05-22T14:13:37.348487" elapsed="0.002026"/>
</iter>
<iter>
<kw name="Dictionary Should Contain Key" owner="Collections">
<msg time="2024-05-22T14:13:37.351200" level="INFO">False</msg>
<arg>${json_data['results'][0]}</arg>
<arg>${key}</arg>
<doc>Fails if ``key`` is not found from ``dictionary``.</doc>
<status status="PASS" start="2024-05-22T14:13:37.350816" elapsed="0.000421"/>
</kw>
<kw name="Log" owner="BuiltIn">
<msg time="2024-05-22T14:13:37.351894" level="INFO">{'gender': 'male', 'name': {'title': 'Mr', 'first': 'Eduardo', 'last': 'Sanchez'}, 'location': {'street': {'number': 1316, 'name': 'Kings Road'}, 'city': 'Wolverhampton', 'state': 'Surrey', 'country': 'United Kingdom', 'postcode': 'B5 8UL', 'coordinates': {'latitude': '-7.7905', 'longitude': '-86.6730'}, 'timezone': {'offset': '+5:00', 'description': 'Ekaterinburg, Islamabad, Karachi, Tashkent'}}, 'email': 'eduardo.sanchez@example.com', 'login': {'uuid': '4db25fd7-607a-496a-9ec3-19fe673e081e', 'username': 'smallduck198', 'password': 'topper', 'salt': 'zaDQJxPg', 'md5': 'b72e3f40c0cd513e747b9fb3312960cb', 'sha1': '0e26145ec62b6e7b5c8a2f5e88591659096d0d14', 'sha256': 'd716efae8c8d8d993949431f2d0f3d6ff74b4682d16861b7db862d5cc61523f7'}, 'dob': {'date': '1978-06-02T19:00:29.440Z', 'age': 45}, 'registered': {'date': '2021-12-21T03:42:21.018Z', 'age': 2}, 'phone': '019467 24647', 'cell': '07522 003306', 'id': {'name': 'NINO', 'value': 'XG 10 49 03 G'}, 'picture': {'large': 'https://randomuser.me/api/portraits/men/87.jpg', 'medium': 'https://randomuser.me/api/portraits/med/men/87.jpg', 'thumbnail': 'https://randomuser.me/api/portraits/thumb/men/87.jpg'}, 'nat': 'GB'}</msg>
<arg>${json_data['results'][0]}</arg>
<doc>Logs the given message with the given level.</doc>
<status status="PASS" start="2024-05-22T14:13:37.351537" elapsed="0.000404"/>
</kw>
<kw name="Log" owner="BuiltIn">
<msg time="2024-05-22T14:13:37.352373" level="INFO">location</msg>
<arg>${key}</arg>
<doc>Logs the given message with the given level.</doc>
<status status="PASS" start="2024-05-22T14:13:37.352241" elapsed="0.000168"/>
</kw>
<var name="${key}">location</var>
<status status="PASS" start="2024-05-22T14:13:37.350699" elapsed="0.001935"/>
</iter>
<iter>
<kw name="Dictionary Should Contain Key" owner="Collections">
<msg time="2024-05-22T14:13:37.353341" level="INFO">False</msg>
<arg>${json_data['results'][0]}</arg>
<arg>${key}</arg>
<doc>Fails if ``key`` is not found from ``dictionary``.</doc>
<status status="PASS" start="2024-05-22T14:13:37.352941" elapsed="0.000436"/>
</kw>
<kw name="Log" owner="BuiltIn">
<msg time="2024-05-22T14:13:37.354043" level="INFO">{'gender': 'male', 'name': {'title': 'Mr', 'first': 'Eduardo', 'last': 'Sanchez'}, 'location': {'street': {'number': 1316, 'name': 'Kings Road'}, 'city': 'Wolverhampton', 'state': 'Surrey', 'country': 'United Kingdom', 'postcode': 'B5 8UL', 'coordinates': {'latitude': '-7.7905', 'longitude': '-86.6730'}, 'timezone': {'offset': '+5:00', 'description': 'Ekaterinburg, Islamabad, Karachi, Tashkent'}}, 'email': 'eduardo.sanchez@example.com', 'login': {'uuid': '4db25fd7-607a-496a-9ec3-19fe673e081e', 'username': 'smallduck198', 'password': 'topper', 'salt': 'zaDQJxPg', 'md5': 'b72e3f40c0cd513e747b9fb3312960cb', 'sha1': '0e26145ec62b6e7b5c8a2f5e88591659096d0d14', 'sha256': 'd716efae8c8d8d993949431f2d0f3d6ff74b4682d16861b7db862d5cc61523f7'}, 'dob': {'date': '1978-06-02T19:00:29.440Z', 'age': 45}, 'registered': {'date': '2021-12-21T03:42:21.018Z', 'age': 2}, 'phone': '019467 24647', 'cell': '07522 003306', 'id': {'name': 'NINO', 'value': 'XG 10 49 03 G'}, 'picture': {'large': 'https://randomuser.me/api/portraits/men/87.jpg', 'medium': 'https://randomuser.me/api/portraits/med/men/87.jpg', 'thumbnail': 'https://randomuser.me/api/portraits/thumb/men/87.jpg'}, 'nat': 'GB'}</msg>
<arg>${json_data['results'][0]}</arg>
<doc>Logs the given message with the given level.</doc>
<status status="PASS" start="2024-05-22T14:13:37.353685" elapsed="0.000407"/>
</kw>
<kw name="Log" owner="BuiltIn">
<msg time="2024-05-22T14:13:37.354522" level="INFO">email</msg>
<arg>${key}</arg>
<doc>Logs the given message with the given level.</doc>
<status status="PASS" start="2024-05-22T14:13:37.354387" elapsed="0.000172"/>
</kw>
<var name="${key}">email</var>
<status status="PASS" start="2024-05-22T14:13:37.352808" elapsed="0.001993"/>
</iter>
<iter>
<kw name="Dictionary Should Contain Key" owner="Collections">
<msg time="2024-05-22T14:13:37.355481" level="INFO">False</msg>
<arg>${json_data['results'][0]}</arg>
<arg>${key}</arg>
<doc>Fails if ``key`` is not found from ``dictionary``.</doc>
<status status="PASS" start="2024-05-22T14:13:37.355096" elapsed="0.000421"/>
</kw>
<kw name="Log" owner="BuiltIn">
<msg time="2024-05-22T14:13:37.356173" level="INFO">{'gender': 'male', 'name': {'title': 'Mr', 'first': 'Eduardo', 'last': 'Sanchez'}, 'location': {'street': {'number': 1316, 'name': 'Kings Road'}, 'city': 'Wolverhampton', 'state': 'Surrey', 'country': 'United Kingdom', 'postcode': 'B5 8UL', 'coordinates': {'latitude': '-7.7905', 'longitude': '-86.6730'}, 'timezone': {'offset': '+5:00', 'description': 'Ekaterinburg, Islamabad, Karachi, Tashkent'}}, 'email': 'eduardo.sanchez@example.com', 'login': {'uuid': '4db25fd7-607a-496a-9ec3-19fe673e081e', 'username': 'smallduck198', 'password': 'topper', 'salt': 'zaDQJxPg', 'md5': 'b72e3f40c0cd513e747b9fb3312960cb', 'sha1': '0e26145ec62b6e7b5c8a2f5e88591659096d0d14', 'sha256': 'd716efae8c8d8d993949431f2d0f3d6ff74b4682d16861b7db862d5cc61523f7'}, 'dob': {'date': '1978-06-02T19:00:29.440Z', 'age': 45}, 'registered': {'date': '2021-12-21T03:42:21.018Z', 'age': 2}, 'phone': '019467 24647', 'cell': '07522 003306', 'id': {'name': 'NINO', 'value': 'XG 10 49 03 G'}, 'picture': {'large': 'https://randomuser.me/api/portraits/men/87.jpg', 'medium': 'https://randomuser.me/api/portraits/med/men/87.jpg', 'thumbnail': 'https://randomuser.me/api/portraits/thumb/men/87.jpg'}, 'nat': 'GB'}</msg>
<arg>${json_data['results'][0]}</arg>
<doc>Logs the given message with the given level.</doc>
<status status="PASS" start="2024-05-22T14:13:37.355815" elapsed="0.000415"/>
</kw>
<kw name="Log" owner="BuiltIn">
<msg time="2024-05-22T14:13:37.356649" level="INFO">login</msg>
<arg>${key}</arg>
<doc>Logs the given message with the given level.</doc>
<status status="PASS" start="2024-05-22T14:13:37.356525" elapsed="0.000192"/>
</kw>
<var name="${key}">login</var>
<status status="PASS" start="2024-05-22T14:13:37.354976" elapsed="0.002016"/>
</iter>
<var>${key}</var>
<value>@{expected_keys}</value>
<status status="PASS" start="2024-05-22T14:13:37.346126" elapsed="0.010998"/>
</for>
<kw name="Create List" owner="BuiltIn">
<msg time="2024-05-22T14:13:37.357467" level="INFO">${expected_keysTwo} = ['username', 'password']</msg>
<var>${expected_keysTwo}</var>
<arg>username</arg>
<arg>password</arg>
<doc>Returns a list containing given items.</doc>
<status status="PASS" start="2024-05-22T14:13:37.357326" elapsed="0.000163"/>
</kw>
<for flavor="IN">
<iter>
<kw name="Dictionary Should Contain Key" owner="Collections">
<msg time="2024-05-22T14:13:37.358405" level="INFO">False</msg>
<arg>${json_data['results'][0]['login']}</arg>
<arg>${keyTwo}</arg>
<doc>Fails if ``key`` is not found from ``dictionary``.</doc>
<status status="PASS" start="2024-05-22T14:13:37.357994" elapsed="0.000464"/>
</kw>
<kw name="Dictionary Should Contain Key" owner="Collections">
<msg time="2024-05-22T14:13:37.359160" level="INFO">False</msg>
<arg>${json_data['results'][0]['login']}</arg>
<arg>${keyTwo}</arg>
<doc>Fails if ``key`` is not found from ``dictionary``.</doc>
<status status="PASS" start="2024-05-22T14:13:37.358771" elapsed="0.000426"/>
</kw>
<kw name="Log" owner="BuiltIn">
<msg time="2024-05-22T14:13:37.359622" level="INFO">username</msg>
<arg>${keyTwo}</arg>
<doc>Logs the given message with the given level.</doc>
<status status="PASS" start="2024-05-22T14:13:37.359486" elapsed="0.000173"/>
</kw>
<var name="${keyTwo}">username</var>
<status status="PASS" start="2024-05-22T14:13:37.357884" elapsed="0.002022"/>
</iter>
<iter>
<kw name="Dictionary Should Contain Key" owner="Collections">
<msg time="2024-05-22T14:13:37.360573" level="INFO">False</msg>
<arg>${json_data['results'][0]['login']}</arg>
<arg>${keyTwo}</arg>
<doc>Fails if ``key`` is not found from ``dictionary``.</doc>
<status status="PASS" start="2024-05-22T14:13:37.360189" elapsed="0.000422"/>
</kw>
<kw name="Dictionary Should Contain Key" owner="Collections">
<msg time="2024-05-22T14:13:37.361413" level="INFO">False</msg>
<arg>${json_data['results'][0]['login']}</arg>
<arg>${keyTwo}</arg>
<doc>Fails if ``key`` is not found from ``dictionary``.</doc>
<status status="PASS" start="2024-05-22T14:13:37.360904" elapsed="0.000550"/>
</kw>
<kw name="Log" owner="BuiltIn">
<msg time="2024-05-22T14:13:37.361883" level="INFO">password</msg>
<arg>${keyTwo}</arg>
<doc>Logs the given message with the given level.</doc>
<status status="PASS" start="2024-05-22T14:13:37.361754" elapsed="0.000166"/>
</kw>
<var name="${keyTwo}">password</var>
<status status="PASS" start="2024-05-22T14:13:37.360077" elapsed="0.002059"/>
</iter>
<var>${keyTwo}</var>
<value>@{expected_keysTwo}</value>
<status status="PASS" start="2024-05-22T14:13:37.357729" elapsed="0.004525"/>
</for>
<status status="PASS" start="2024-05-22T14:13:37.201372" elapsed="0.161024"/>
</kw>
<doc>Testa a estrutura da resposta da API.</doc>
<tag>testeEstruturaResposta</tag>
<status status="PASS" start="2024-05-22T14:13:37.200770" elapsed="0.161788"/>
</test>
<test id="s1-s1-t4" name="Validar tipos de dados" line="28">
<kw name="Teste de Tipos de Dados" owner="random-user-service">
<kw name="GET On Session" owner="RequestsLibrary">
<msg time="2024-05-22T14:13:37.416481" level="INFO">GET Request : url=https://randomuser.me/api 
 path_url=/api 
 headers={'User-Agent': 'python-requests/2.32.2', 'Accept-Encoding': 'gzip, deflate', 'Accept': '*/*', 'Connection': 'keep-alive'} 
 body=None 
 </msg>
<msg time="2024-05-22T14:13:37.416588" level="INFO">GET Response : url=https://randomuser.me/api 
 status=200, reason=OK 
 headers={'Date': 'Wed, 22 May 2024 14:13:37 GMT', 'Content-Type': 'application/json; charset=utf-8', 'Transfer-Encoding': 'chunked', 'Connection': 'keep-alive', 'X-Powered-By': 'Express', 'Access-Control-Allow-Origin': '*', 'Cache-Control': 'no-cache', 'ETag': 'W/"497-9WraCsbM4XEVULnXGqmuv+U1MuI"', 'Vary': 'Accept-Encoding', 'Content-Encoding': 'gzip', 'CF-Cache-Status': 'DYNAMIC', 'Report-To': '{"endpoints":[{"url":"https:\\/\\/a.nel.cloudflare.com\\/report\\/v4?s=cy0Mtz6coAbbT%2B%2BGEXRJmfiGwVNxGQ0UW7LrS0Ax2CXvqLWQByI%2FmL055B2XS2GxuC5Fhw43q%2BxD6mR8haM31n3b8axs7RBAhh55hR0Jk7c5uxnbcUl%2BWavs2VTCLL%2FP"}],"group":"cf-nel","max_age":604800}', 'NEL': '{"success_fraction":0,"report_to":"cf-nel","max_age":604800}', 'Server': 'cloudflare', 'CF-RAY': '887d686c8bf8018a-ORD', 'alt-svc': 'h3=":443"; ma=86400'} 
 body={"results":[{"gender":"female","name":{"title":"Ms","first":"Yolanda","last":"Vargas"},"location":{"street":{"number":9441,"name":"Calle del Barquillo"},"city":"Cuenca","state":"Cataluña","country":"Spain","postcode":59933,"coordinates":{"latitude":"-36.4686","longitude":"47.2707"},"timezone":{"offset":"+8:00","description":"Beijing, Perth, Singapore, Hong Kong"}},"email":"yolanda.vargas@example.com","login":{"uuid":"ffbdfc36-8460-43fb-855c-2663f73cc55b","username":"silvercat457","password":"fingers","salt":"qyco9THt","md5":"7facafe0b0e3937aaabaef9c52f9f893","sha1":"9d8d1663cbd1389e4bf166f44096b915be2a022c","sha256":"1a46578775c1938b08a065ef57596f6c53b8299b54fd53c6d6e01e93b7460500"},"dob":{"date":"1966-10-11T22:03:33.050Z","age":57},"registered":{"date":"2006-07-22T08:11:48.904Z","age":17},"phone":"942-873-376","cell":"656-368-174","id":{"name":"DNI","value":"83953730-E"},"picture":{"large":"https://randomuser.me/api/portraits/women/92.jpg","medium":"https://randomuser.me/api/portraits/med/women/92.jpg","thumbnail":"https://randomuser.me/api/portraits/thumb/women/92.jpg"},"nat":"ES"}],"info":{"seed":"6330215a4d49947e","results":1,"page":1,"version":"1.4"}} 
 </msg>
<msg time="2024-05-22T14:13:37.416675" level="INFO">/opt/hostedtoolcache/Python/3.12.3/x64/lib/python3.12/site-packages/urllib3/connectionpool.py:1103: InsecureRequestWarning: Unverified HTTPS request is being made to host 'randomuser.me'. Adding certificate verification is strongly advised. See: https://urllib3.readthedocs.io/en/latest/advanced-usage.html#tls-warnings
  warnings.warn(</msg>
<msg time="2024-05-22T14:13:37.416819" level="INFO">${response} = &lt;Response [200]&gt;</msg>
<var>${response}</var>
<arg>consultarAPI</arg>
<arg>/api</arg>
<doc>Sends a GET request on a previously created HTTP Session.</doc>
<status status="PASS" start="2024-05-22T14:13:37.365090" elapsed="0.051777"/>
</kw>
<kw name="Set Variable" owner="BuiltIn">
<msg time="2024-05-22T14:13:37.417974" level="INFO">${json_data} = {'results': [{'gender': 'female', 'name': {'title': 'Ms', 'first': 'Yolanda', 'last': 'Vargas'}, 'location': {'street': {'number': 9441, 'name': 'Calle del Barquillo'}, 'city': 'Cuenca', 'state': 'Cat...</msg>
<var>${json_data}</var>
<arg>${response.json()}</arg>
<doc>Returns the given values which can then be assigned to a variables.</doc>
<status status="PASS" start="2024-05-22T14:13:37.417437" elapsed="0.000567"/>
</kw>
<kw name="Log" owner="BuiltIn">
<msg time="2024-05-22T14:13:37.418494" level="INFO">{'results': [{'gender': 'female', 'name': {'title': 'Ms', 'first': 'Yolanda', 'last': 'Vargas'}, 'location': {'street': {'number': 9441, 'name': 'Calle del Barquillo'}, 'city': 'Cuenca', 'state': 'Cataluña', 'country': 'Spain', 'postcode': 59933, 'coordinates': {'latitude': '-36.4686', 'longitude': '47.2707'}, 'timezone': {'offset': '+8:00', 'description': 'Beijing, Perth, Singapore, Hong Kong'}}, 'email': 'yolanda.vargas@example.com', 'login': {'uuid': 'ffbdfc36-8460-43fb-855c-2663f73cc55b', 'username': 'silvercat457', 'password': 'fingers', 'salt': 'qyco9THt', 'md5': '7facafe0b0e3937aaabaef9c52f9f893', 'sha1': '9d8d1663cbd1389e4bf166f44096b915be2a022c', 'sha256': '1a46578775c1938b08a065ef57596f6c53b8299b54fd53c6d6e01e93b7460500'}, 'dob': {'date': '1966-10-11T22:03:33.050Z', 'age': 57}, 'registered': {'date': '2006-07-22T08:11:48.904Z', 'age': 17}, 'phone': '942-873-376', 'cell': '656-368-174', 'id': {'name': 'DNI', 'value': '83953730-E'}, 'picture': {'large': 'https://randomuser.me/api/portraits/women/92.jpg', 'medium': 'https://randomuser.me/api/portraits/med/women/92.jpg', 'thumbnail': 'https://randomuser.me/api/portraits/thumb/women/92.jpg'}, 'nat': 'ES'}], 'info': {'seed': '6330215a4d49947e', 'results': 1, 'page': 1, 'version': '1.4'}}</msg>
<arg>${json_data}</arg>
<doc>Logs the given message with the given level.</doc>
<status status="PASS" start="2024-05-22T14:13:37.418316" elapsed="0.000268"/>
</kw>
<kw name="Should Be String" owner="String">
<arg>${json_data['results'][0]['gender']}</arg>
<doc>Fails if the given ``item`` is not a string.</doc>
<status status="PASS" start="2024-05-22T14:13:37.418883" elapsed="0.000367"/>
</kw>
<kw name="Should Match Regexp" owner="BuiltIn">
<arg>${json_data['results'][0]['email']}</arg>
<arg>^[a-zA-Z0-9._%+-]+@[a-zA-Z0-9.-]+\.[a-zA-Z]{2,}$</arg>
<doc>Fails if ``string`` does not match ``pattern`` as a regular expression.</doc>
<status status="PASS" start="2024-05-22T14:13:37.419470" elapsed="0.000517"/>
</kw>
<kw name="Should Match Regexp" owner="BuiltIn">
<arg>${json_data['results'][0]['dob']['date']}</arg>
<arg>\\d{4}-\\d{2}-\\d{2}T\\d{2}:\\d{2}:\\d{2}\\.\\d{3}Z</arg>
<doc>Fails if ``string`` does not match ``pattern`` as a regular expression.</doc>
<status status="PASS" start="2024-05-22T14:13:37.420182" elapsed="0.000501"/>
</kw>
<kw name="Should Match Regexp" owner="BuiltIn">
<arg>${json_data['results'][0]['registered']['date']}</arg>
<arg>\\d{4}-\\d{2}-\\d{2}T\\d{2}:\\d{2}:\\d{2}\\.\\d{3}Z</arg>
<doc>Fails if ``string`` does not match ``pattern`` as a regular expression.</doc>
<status status="PASS" start="2024-05-22T14:13:37.420875" elapsed="0.000396"/>
</kw>
<kw name="Should Match Regexp" owner="BuiltIn">
<arg>${json_data['results'][0]['picture']['large']}</arg>
<arg>^https?://.*\.(?:png|jpe?g|gif|bmp)$</arg>
<doc>Fails if ``string`` does not match ``pattern`` as a regular expression.</doc>
<status status="PASS" start="2024-05-22T14:13:37.421478" elapsed="0.000511"/>
</kw>
<kw name="Should Match Regexp" owner="BuiltIn">
<arg>${json_data['results'][0]['picture']['medium']}</arg>
<arg>^https?://.*\.(?:png|jpe?g|gif|bmp)$</arg>
<doc>Fails if ``string`` does not match ``pattern`` as a regular expression.</doc>
<status status="PASS" start="2024-05-22T14:13:37.422182" elapsed="0.000353"/>
</kw>
<kw name="Should Match Regexp" owner="BuiltIn">
<arg>${json_data['results'][0]['picture']['thumbnail']}</arg>
<arg>^https?://.*\.(?:png|jpe?g|gif|bmp)$</arg>
<doc>Fails if ``string`` does not match ``pattern`` as a regular expression.</doc>
<status status="PASS" start="2024-05-22T14:13:37.422729" elapsed="0.000346"/>
</kw>
<kw name="Log" owner="BuiltIn">
<msg time="2024-05-22T14:13:37.423588" level="INFO">{'large': 'https://randomuser.me/api/portraits/women/92.jpg', 'medium': 'https://randomuser.me/api/portraits/med/women/92.jpg', 'thumbnail': 'https://randomuser.me/api/portraits/thumb/women/92.jpg'}</msg>
<arg>${json_data['results'][0]['picture']}</arg>
<doc>Logs the given message with the given level.</doc>
<status status="PASS" start="2024-05-22T14:13:37.423262" elapsed="0.000367"/>
</kw>
<status status="PASS" start="2024-05-22T14:13:37.364802" elapsed="0.059085"/>
</kw>
<kw name="Teste de Tipos de Dados - Postcode" owner="random-user-service">
<kw name="GET On Session" owner="RequestsLibrary">
<msg time="2024-05-22T14:13:37.514342" level="INFO">GET Request : url=https://randomuser.me/api 
 path_url=/api 
 headers={'User-Agent': 'python-requests/2.32.2', 'Accept-Encoding': 'gzip, deflate', 'Accept': '*/*', 'Connection': 'keep-alive'} 
 body=None 
 </msg>
<msg time="2024-05-22T14:13:37.514456" level="INFO">GET Response : url=https://randomuser.me/api 
 status=200, reason=OK 
 headers={'Date': 'Wed, 22 May 2024 14:13:37 GMT', 'Content-Type': 'application/json; charset=utf-8', 'Transfer-Encoding': 'chunked', 'Connection': 'keep-alive', 'X-Powered-By': 'Express', 'Access-Control-Allow-Origin': '*', 'Cache-Control': 'no-cache', 'ETag': 'W/"48d-BlZZn/gR6xB3b/8QIWu8d3gFMr8"', 'Vary': 'Accept-Encoding', 'Content-Encoding': 'gzip', 'CF-Cache-Status': 'DYNAMIC', 'Report-To': '{"endpoints":[{"url":"https:\\/\\/a.nel.cloudflare.com\\/report\\/v4?s=bQpA7LYKmZqYJ9rx4dooLzbFycwlxVFUAGibBo3w8fJzAXv7MVPv%2Fg9BJE1MIsJ5nS0KvTnPYZPJMPfK9S5H3tHqgiA2DYHAL1La88ocbWwwXd5eoD4lvAY9hAR4ZrCt"}],"group":"cf-nel","max_age":604800}', 'NEL': '{"success_fraction":0,"report_to":"cf-nel","max_age":604800}', 'Server': 'cloudflare', 'CF-RAY': '887d686cec86018a-ORD', 'alt-svc': 'h3=":443"; ma=86400'} 
 body={"results":[{"gender":"male","name":{"title":"Mr","first":"Patrick","last":"Cruz"},"location":{"street":{"number":3191,"name":"Eason Rd"},"city":"Bundaberg","state":"New South Wales","country":"Australia","postcode":5130,"coordinates":{"latitude":"-84.8950","longitude":"-169.7598"},"timezone":{"offset":"-3:00","description":"Brazil, Buenos Aires, Georgetown"}},"email":"patrick.cruz@example.com","login":{"uuid":"c2553339-dcf6-493f-93f2-a06e6d24f565","username":"yellowcat707","password":"celebrity","salt":"2Y0zKo7Z","md5":"030f1fe021342fbc1cef1d20bf5ce820","sha1":"7761c67c57ed7fbaf83bbf3b6c7daf3673ce2646","sha256":"5de9b2142ba18306e494e912eeb66cded00cc379105aeedb14f1f69504cf57c1"},"dob":{"date":"1947-07-01T02:29:42.327Z","age":76},"registered":{"date":"2010-08-26T20:07:41.261Z","age":13},"phone":"03-8129-3432","cell":"0456-455-484","id":{"name":"TFN","value":"044616796"},"picture":{"large":"https://randomuser.me/api/portraits/men/91.jpg","medium":"https://randomuser.me/api/portraits/med/men/91.jpg","thumbnail":"https://randomuser.me/api/portraits/thumb/men/91.jpg"},"nat":"AU"}],"info":{"seed":"d40d0e0b1016e364","results":1,"page":1,"version":"1.4"}} 
 </msg>
<msg time="2024-05-22T14:13:37.514547" level="INFO">/opt/hostedtoolcache/Python/3.12.3/x64/lib/python3.12/site-packages/urllib3/connectionpool.py:1103: InsecureRequestWarning: Unverified HTTPS request is being made to host 'randomuser.me'. Adding certificate verification is strongly advised. See: https://urllib3.readthedocs.io/en/latest/advanced-usage.html#tls-warnings
  warnings.warn(</msg>
<msg time="2024-05-22T14:13:37.514692" level="INFO">${response} = &lt;Response [200]&gt;</msg>
<var>${response}</var>
<arg>consultarAPI</arg>
<arg>/api</arg>
<doc>Sends a GET request on a previously created HTTP Session.</doc>
<status status="PASS" start="2024-05-22T14:13:37.424350" elapsed="0.090385"/>
</kw>
<kw name="Set Variable" owner="BuiltIn">
<msg time="2024-05-22T14:13:37.515835" level="INFO">${json_data} = {'results': [{'gender': 'male', 'name': {'title': 'Mr', 'first': 'Patrick', 'last': 'Cruz'}, 'location': {'street': {'number': 3191, 'name': 'Eason Rd'}, 'city': 'Bundaberg', 'state': 'New South Wales...</msg>
<var>${json_data}</var>
<arg>${response.json()}</arg>
<doc>Returns the given values which can then be assigned to a variables.</doc>
<status status="PASS" start="2024-05-22T14:13:37.515287" elapsed="0.000576"/>
</kw>
<kw name="Log" owner="BuiltIn">
<msg time="2024-05-22T14:13:37.516328" level="INFO">{'results': [{'gender': 'male', 'name': {'title': 'Mr', 'first': 'Patrick', 'last': 'Cruz'}, 'location': {'street': {'number': 3191, 'name': 'Eason Rd'}, 'city': 'Bundaberg', 'state': 'New South Wales', 'country': 'Australia', 'postcode': 5130, 'coordinates': {'latitude': '-84.8950', 'longitude': '-169.7598'}, 'timezone': {'offset': '-3:00', 'description': 'Brazil, Buenos Aires, Georgetown'}}, 'email': 'patrick.cruz@example.com', 'login': {'uuid': 'c2553339-dcf6-493f-93f2-a06e6d24f565', 'username': 'yellowcat707', 'password': 'celebrity', 'salt': '2Y0zKo7Z', 'md5': '030f1fe021342fbc1cef1d20bf5ce820', 'sha1': '7761c67c57ed7fbaf83bbf3b6c7daf3673ce2646', 'sha256': '5de9b2142ba18306e494e912eeb66cded00cc379105aeedb14f1f69504cf57c1'}, 'dob': {'date': '1947-07-01T02:29:42.327Z', 'age': 76}, 'registered': {'date': '2010-08-26T20:07:41.261Z', 'age': 13}, 'phone': '03-8129-3432', 'cell': '0456-455-484', 'id': {'name': 'TFN', 'value': '044616796'}, 'picture': {'large': 'https://randomuser.me/api/portraits/men/91.jpg', 'medium': 'https://randomuser.me/api/portraits/med/men/91.jpg', 'thumbnail': 'https://randomuser.me/api/portraits/thumb/men/91.jpg'}, 'nat': 'AU'}], 'info': {'seed': 'd40d0e0b1016e364', 'results': 1, 'page': 1, 'version': '1.4'}}</msg>
<arg>${json_data}</arg>
<doc>Logs the given message with the given level.</doc>
<status status="PASS" start="2024-05-22T14:13:37.516172" elapsed="0.000240"/>
</kw>
<kw name="Should Be Equal As Numbers" owner="BuiltIn">
<arg>${json_data['results'][0]['location']['postcode']}</arg>
<arg>${json_data['results'][0]['location']['postcode']}</arg>
<doc>Fails if objects are unequal after converting them to real numbers.</doc>
<status status="PASS" start="2024-05-22T14:13:37.516736" elapsed="0.000844"/>
</kw>
<kw name="Log" owner="BuiltIn">
<msg time="2024-05-22T14:13:37.518107" level="INFO">5130</msg>
<arg>${json_data['results'][0]['location']['postcode']}</arg>
<doc>Logs the given message with the given level.</doc>
<status status="PASS" start="2024-05-22T14:13:37.517772" elapsed="0.000373"/>
</kw>
<status status="PASS" start="2024-05-22T14:13:37.424115" elapsed="0.094293"/>
</kw>
<doc>Testa se os tipos de dados na resposta da API estão corretos.</doc>
<tag>testeTiposDados</tag>
<status status="PASS" start="2024-05-22T14:13:37.364341" elapsed="0.154243"/>
</test>
<test id="s1-s1-t5" name="Validar conteudo" line="35">
<kw name="Teste de Tipos de Conteudo" owner="random-user-service">
<kw name="GET On Session" owner="RequestsLibrary">
<msg time="2024-05-22T14:13:37.689659" level="INFO">GET Request : url=https://randomuser.me/api 
 path_url=/api 
 headers={'User-Agent': 'python-requests/2.32.2', 'Accept-Encoding': 'gzip, deflate', 'Accept': '*/*', 'Connection': 'keep-alive'} 
 body=None 
 </msg>
<msg time="2024-05-22T14:13:37.689786" level="INFO">GET Response : url=https://randomuser.me/api 
 status=200, reason=OK 
 headers={'Date': 'Wed, 22 May 2024 14:13:37 GMT', 'Content-Type': 'application/json; charset=utf-8', 'Transfer-Encoding': 'chunked', 'Connection': 'keep-alive', 'X-Powered-By': 'Express', 'Access-Control-Allow-Origin': '*', 'Cache-Control': 'no-cache', 'ETag': 'W/"47a-065EzHuIhETQmKXFTluLJs7IzBI"', 'Vary': 'Accept-Encoding', 'Content-Encoding': 'gzip', 'CF-Cache-Status': 'DYNAMIC', 'Report-To': '{"endpoints":[{"url":"https:\\/\\/a.nel.cloudflare.com\\/report\\/v4?s=rr%2Fyl%2FS3XEtZMYFRysED3LKpLBDgxBuz%2FHOFUJIsYY9UCqlhfLpZy1iP6vezJzSd26JDRX774%2BCSPiP%2B1PVWM9uirs01iv53y0D8anVoErfQLCCkaQJEIqsJ5YVvGkjA"}],"group":"cf-nel","max_age":604800}', 'NEL': '{"success_fraction":0,"report_to":"cf-nel","max_age":604800}', 'Server': 'cloudflare', 'CF-RAY': '887d686d8d7c018a-ORD', 'alt-svc': 'h3=":443"; ma=86400'} 
 body={"results":[{"gender":"male","name":{"title":"Mr","first":"Arthur","last":"Ward"},"location":{"street":{"number":1200,"name":"The Crescent"},"city":"Clonakilty","state":"Galway City","country":"Ireland","postcode":65858,"coordinates":{"latitude":"1.1625","longitude":"-25.4515"},"timezone":{"offset":"-11:00","description":"Midway Island, Samoa"}},"email":"arthur.ward@example.com","login":{"uuid":"0e01d459-e83d-4324-bc3b-d1a576627aca","username":"blueostrich881","password":"sancho","salt":"7IoZmkqC","md5":"cee7042f774411dd6bdc2f5f0c79f3a7","sha1":"be1efa8d3f4b2e72a84d5fce2906bf1251a4a1e5","sha256":"f18e44f49e6e2a26af718815eca291e5a722f801c43e5c547f4b8c3116539945"},"dob":{"date":"1948-12-08T20:47:55.092Z","age":75},"registered":{"date":"2015-06-01T01:39:40.421Z","age":8},"phone":"041-441-4676","cell":"081-722-6102","id":{"name":"PPS","value":"6678778T"},"picture":{"large":"https://randomuser.me/api/portraits/men/36.jpg","medium":"https://randomuser.me/api/portraits/med/men/36.jpg","thumbnail":"https://randomuser.me/api/portraits/thumb/men/36.jpg"},"nat":"IE"}],"info":{"seed":"535b18cc9efe99b2","results":1,"page":1,"version":"1.4"}} 
 </msg>
<msg time="2024-05-22T14:13:37.689888" level="INFO">/opt/hostedtoolcache/Python/3.12.3/x64/lib/python3.12/site-packages/urllib3/connectionpool.py:1103: InsecureRequestWarning: Unverified HTTPS request is being made to host 'randomuser.me'. Adding certificate verification is strongly advised. See: https://urllib3.readthedocs.io/en/latest/advanced-usage.html#tls-warnings
  warnings.warn(</msg>
<msg time="2024-05-22T14:13:37.690039" level="INFO">${response} = &lt;Response [200]&gt;</msg>
<var>${response}</var>
<arg>consultarAPI</arg>
<arg>/api</arg>
<doc>Sends a GET request on a previously created HTTP Session.</doc>
<status status="PASS" start="2024-05-22T14:13:37.521429" elapsed="0.168657"/>
</kw>
<kw name="Set Variable" owner="BuiltIn">
<msg time="2024-05-22T14:13:37.691258" level="INFO">${json_data} = {'results': [{'gender': 'male', 'name': {'title': 'Mr', 'first': 'Arthur', 'last': 'Ward'}, 'location': {'street': {'number': 1200, 'name': 'The Crescent'}, 'city': 'Clonakilty', 'state': 'Galway City...</msg>
<var>${json_data}</var>
<arg>${response.json()}</arg>
<doc>Returns the given values which can then be assigned to a variables.</doc>
<status status="PASS" start="2024-05-22T14:13:37.690662" elapsed="0.000629"/>
</kw>
<kw name="Set Variable" owner="BuiltIn">
<msg time="2024-05-22T14:13:37.692054" level="INFO">${name_title} = Mr</msg>
<var>${name_title}</var>
<arg>${json_data["results"][0]["name"]["title"]}</arg>
<doc>Returns the given values which can then be assigned to a variables.</doc>
<status status="PASS" start="2024-05-22T14:13:37.691644" elapsed="0.000436"/>
</kw>
<kw name="Create List" owner="BuiltIn">
<msg time="2024-05-22T14:13:37.692572" level="INFO">${allowed_titles} = ['Mr', 'Ms', 'Miss', 'Mrs', 'Madame', 'Monsieur']</msg>
<var>${allowed_titles}</var>
<arg>Mr</arg>
<arg>Ms</arg>
<arg>Miss</arg>
<arg>Mrs</arg>
<arg>Madame</arg>
<arg>Monsieur</arg>
<doc>Returns a list containing given items.</doc>
<status status="PASS" start="2024-05-22T14:13:37.692398" elapsed="0.000207"/>
</kw>
<kw name="List Should Contain Value" owner="Collections">
<msg time="2024-05-22T14:13:37.693129" level="INFO">False</msg>
<arg>${allowed_titles}</arg>
<arg>${name_title}</arg>
<doc>Fails if the ``value`` is not found from ``list``.</doc>
<status status="PASS" start="2024-05-22T14:13:37.692938" elapsed="0.000228"/>
</kw>
<kw name="Set Variable" owner="BuiltIn">
<msg time="2024-05-22T14:13:37.693843" level="INFO">${name_country} = IE</msg>
<var>${name_country}</var>
<arg>${json_data["results"][0]["nat"]}</arg>
<doc>Returns the given values which can then be assigned to a variables.</doc>
<status status="PASS" start="2024-05-22T14:13:37.693465" elapsed="0.000404"/>
</kw>
<kw name="Create List" owner="BuiltIn">
<msg time="2024-05-22T14:13:37.694798" level="INFO">${list_country} = ['AD', 'AE', 'AF', 'AG', 'AI', 'AL', 'AM', 'AO', 'AQ', 'AR', 'AS', 'AT', 'AU', 'AW', 'AX', 'AZ', 'BA', 'BB', 'BD', 'BE', 'BF', 'BG', 'BH', 'BI', 'BJ', 'BL', 'BM', 'BN', 'BO', 'BQ', 'BR', 'BS', 'BT', '...</msg>
<var>${list_country}</var>
<arg>AD</arg>
<arg>AE</arg>
<arg>AF</arg>
<arg>AG</arg>
<arg>AI</arg>
<arg>AL</arg>
<arg>AM</arg>
<arg>AO</arg>
<arg>AQ</arg>
<arg>AR</arg>
<arg>AS</arg>
<arg>AT</arg>
<arg>AU</arg>
<arg>AW</arg>
<arg>AX</arg>
<arg>AZ</arg>
<arg>BA</arg>
<arg>BB</arg>
<arg>BD</arg>
<arg>BE</arg>
<arg>BF</arg>
<arg>BG</arg>
<arg>BH</arg>
<arg>BI</arg>
<arg>BJ</arg>
<arg>BL</arg>
<arg>BM</arg>
<arg>BN</arg>
<arg>BO</arg>
<arg>BQ</arg>
<arg>BR</arg>
<arg>BS</arg>
<arg>BT</arg>
<arg>BV</arg>
<arg>BW</arg>
<arg>BY</arg>
<arg>BZ</arg>
<arg>CA</arg>
<arg>CC</arg>
<arg>CD</arg>
<arg>CF</arg>
<arg>CG</arg>
<arg>CH</arg>
<arg>CI</arg>
<arg>CK</arg>
<arg>CL</arg>
<arg>CM</arg>
<arg>CN</arg>
<arg>CO</arg>
<arg>CR</arg>
<arg>CU</arg>
<arg>CV</arg>
<arg>CW</arg>
<arg>CX</arg>
<arg>CY</arg>
<arg>CZ</arg>
<arg>DE</arg>
<arg>DJ</arg>
<arg>DK</arg>
<arg>DM</arg>
<arg>DO</arg>
<arg>DZ</arg>
<arg>EC</arg>
<arg>EE</arg>
<arg>EG</arg>
<arg>EH</arg>
<arg>ER</arg>
<arg>ES</arg>
<arg>ET</arg>
<arg>FI</arg>
<arg>FJ</arg>
<arg>FK</arg>
<arg>FM</arg>
<arg>FO</arg>
<arg>FR</arg>
<arg>GA</arg>
<arg>GB</arg>
<arg>GD</arg>
<arg>GE</arg>
<arg>GF</arg>
<arg>GG</arg>
<arg>GH</arg>
<arg>GI</arg>
<arg>GL</arg>
<arg>GM</arg>
<arg>GN</arg>
<arg>GP</arg>
<arg>GQ</arg>
<arg>GR</arg>
<arg>GS</arg>
<arg>GT</arg>
<arg>GU</arg>
<arg>GW</arg>
<arg>GY</arg>
<arg>HK</arg>
<arg>HM</arg>
<arg>HN</arg>
<arg>HR</arg>
<arg>HT</arg>
<arg>HU</arg>
<arg>ID</arg>
<arg>IE</arg>
<arg>IL</arg>
<arg>IM</arg>
<arg>IN</arg>
<arg>IO</arg>
<arg>IQ</arg>
<arg>IR</arg>
<arg>IS</arg>
<arg>IT</arg>
<arg>JE</arg>
<arg>JM</arg>
<arg>JO</arg>
<arg>JP</arg>
<arg>KE</arg>
<arg>KG</arg>
<arg>KH</arg>
<arg>KI</arg>
<arg>KM</arg>
<arg>KN</arg>
<arg>KP</arg>
<arg>KR</arg>
<arg>KW</arg>
<arg>KY</arg>
<arg>KZ</arg>
<arg>LA</arg>
<arg>LB</arg>
<arg>LC</arg>
<arg>LI</arg>
<arg>LK</arg>
<arg>LR</arg>
<arg>LS</arg>
<arg>LT</arg>
<arg>LU</arg>
<arg>LV</arg>
<arg>LY</arg>
<arg>MA</arg>
<arg>MC</arg>
<arg>MD</arg>
<arg>ME</arg>
<arg>MF</arg>
<arg>MG</arg>
<arg>MH</arg>
<arg>MK</arg>
<arg>ML</arg>
<arg>MM</arg>
<arg>MN</arg>
<arg>MO</arg>
<arg>MP</arg>
<arg>MQ</arg>
<arg>MR</arg>
<arg>MS</arg>
<arg>MT</arg>
<arg>MU</arg>
<arg>MV</arg>
<arg>MW</arg>
<arg>MX</arg>
<arg>MY</arg>
<arg>MZ</arg>
<arg>NA</arg>
<arg>NC</arg>
<arg>NE</arg>
<arg>NF</arg>
<arg>NG</arg>
<arg>NI</arg>
<arg>NL</arg>
<arg>NO</arg>
<arg>NP</arg>
<arg>NR</arg>
<arg>NU</arg>
<arg>NZ</arg>
<arg>OM</arg>
<arg>PA</arg>
<arg>PE</arg>
<arg>PF</arg>
<arg>PG</arg>
<arg>PH</arg>
<arg>PK</arg>
<arg>PL</arg>
<arg>PM</arg>
<arg>PN</arg>
<arg>PR</arg>
<arg>PS</arg>
<arg>PT</arg>
<arg>PW</arg>
<arg>PY</arg>
<arg>QA</arg>
<arg>RE</arg>
<arg>RO</arg>
<arg>RS</arg>
<arg>RU</arg>
<arg>RW</arg>
<arg>SA</arg>
<arg>SB</arg>
<arg>SC</arg>
<arg>SD</arg>
<arg>SE</arg>
<arg>SG</arg>
<arg>SH</arg>
<arg>SI</arg>
<arg>SJ</arg>
<arg>SK</arg>
<arg>SL</arg>
<arg>SM</arg>
<arg>SN</arg>
<arg>SO</arg>
<arg>SR</arg>
<arg>SS</arg>
<arg>ST</arg>
<arg>SV</arg>
<arg>SX</arg>
<arg>SY</arg>
<arg>SZ</arg>
<arg>TC</arg>
<arg>TD</arg>
<arg>TF</arg>
<arg>TG</arg>
<arg>TH</arg>
<arg>TJ</arg>
<arg>TK</arg>
<arg>TL</arg>
<arg>TM</arg>
<arg>TN</arg>
<arg>TO</arg>
<arg>TR</arg>
<arg>TT</arg>
<arg>TV</arg>
<arg>TW</arg>
<arg>TZ</arg>
<arg>UA</arg>
<arg>UG</arg>
<arg>UM</arg>
<arg>US</arg>
<arg>UY</arg>
<arg>UZ</arg>
<arg>VA</arg>
<arg>VC</arg>
<arg>VE</arg>
<arg>VG</arg>
<arg>VI</arg>
<arg>VN</arg>
<arg>VU</arg>
<arg>WF</arg>
<arg>WS</arg>
<arg>XK</arg>
<arg>YE</arg>
<arg>YT</arg>
<arg>ZA</arg>
<arg>ZM</arg>
<arg>ZW</arg>
<doc>Returns a list containing given items.</doc>
<status status="PASS" start="2024-05-22T14:13:37.694195" elapsed="0.000630"/>
</kw>
<kw name="List Should Contain Value" owner="Collections">
<msg time="2024-05-22T14:13:37.695879" level="INFO">False</msg>
<arg>${list_country}</arg>
<arg>${name_country}</arg>
<doc>Fails if the ``value`` is not found from ``list``.</doc>
<status status="PASS" start="2024-05-22T14:13:37.695663" elapsed="0.000253"/>
</kw>
<kw name="Run Keyword If" owner="BuiltIn">
<kw name="Should Be True" owner="BuiltIn">
<arg>${True}</arg>
<doc>Fails if the given condition is not true.</doc>
<status status="PASS" start="2024-05-22T14:13:37.697036" elapsed="0.000154"/>
</kw>
<arg>${json_data["results"][0]["location"]["coordinates"]["latitude"]} &gt;= -90 and ${json_data["results"][0]["location"]["coordinates"]["latitude"]} &lt;= 90</arg>
<arg>Should Be True</arg>
<arg>${True}</arg>
<doc>Runs the given keyword with the given arguments, if ``condition`` is true.</doc>
<status status="PASS" start="2024-05-22T14:13:37.696238" elapsed="0.001081"/>
</kw>
<kw name="Run Keyword If" owner="BuiltIn">
<kw name="Should Be True" owner="BuiltIn">
<arg>${True}</arg>
<doc>Fails if the given condition is not true.</doc>
<status status="PASS" start="2024-05-22T14:13:37.698216" elapsed="0.000284"/>
</kw>
<arg>${json_data["results"][0]["location"]["coordinates"]["longitude"]} &gt;= -180 and ${json_data["results"][0]["location"]["coordinates"]["longitude"]} &lt;= 180</arg>
<arg>Should Be True</arg>
<arg>${True}</arg>
<doc>Runs the given keyword with the given arguments, if ``condition`` is true.</doc>
<status status="PASS" start="2024-05-22T14:13:37.697518" elapsed="0.001120"/>
</kw>
<status status="PASS" start="2024-05-22T14:13:37.521032" elapsed="0.177754"/>
</kw>
<doc>Testa o conteúdo específico dos campos retornados pela API.</doc>
<tag>testeConteudo</tag>
<status status="PASS" start="2024-05-22T14:13:37.520347" elapsed="0.178594"/>
</test>
<status status="PASS" start="2024-05-22T14:13:36.716057" elapsed="0.984829"/>
</suite>
<status status="PASS" start="2024-05-22T14:13:36.701896" elapsed="1.004276"/>
</suite>
<statistics>
<total>
<stat pass="5" fail="0" skip="0">All Tests</stat>
</total>
<tag>
<stat pass="1" fail="0" skip="0">testeConteudo</stat>
<stat pass="1" fail="0" skip="0">testeEstruturaResposta</stat>
<stat pass="1" fail="0" skip="0">testeRequisicaoBasica</stat>
<stat pass="1" fail="0" skip="0">testeTiposDados</stat>
</tag>
<suite>
<stat pass="5" fail="0" skip="0" id="s1" name="Tests">Tests</stat>
<stat pass="5" fail="0" skip="0" id="s1-s1" name="Random-User-Test">Tests.Random-User-Test</stat>
</suite>
</statistics>
<errors>
</errors>
</robot>
