<?xml version="1.0" encoding="UTF-8"?>
<robot generator="Robot 7.0 (Python 3.12.3 on linux)" generated="2024-06-02T08:17:16.771051" rpa="false" schemaversion="5">
<suite id="s1" name="Tests" source="/home/runner/work/ApiRandomUser/ApiRandomUser/RamdonUser/tests">
<suite id="s1-s1" name="Random-User-Test" source="/home/runner/work/ApiRandomUser/ApiRandomUser/RamdonUser/tests/random-user-test.robot">
<test id="s1-s1-t1" name="Conectar" line="13">
<kw name="Conectar API" owner="random-user-service">
<kw name="Create Session" owner="RequestsLibrary">
<msg time="2024-06-02T08:17:17.161322" level="INFO">Creating Session using : alias=consultarAPI, url=https://randomuser.me/, headers={},                     cookies={}, auth=None, timeout=None, proxies=None, verify=False,                     debug=0 </msg>
<arg>consultarAPI</arg>
<arg>${URL}</arg>
<doc>Create Session: create a HTTP session to a server</doc>
<status status="PASS" start="2024-06-02T08:17:17.161105" elapsed="0.000382"/>
</kw>
<status status="PASS" start="2024-06-02T08:17:17.159951" elapsed="0.001888"/>
</kw>
<status status="PASS" start="2024-06-02T08:17:17.159443" elapsed="0.002594"/>
</test>
<test id="s1-s1-t2" name="Validar retorno 200 e JSON Válido" line="16">
<kw name="Teste de Requisicao Basica" owner="random-user-service">
<kw name="GET On Session" owner="RequestsLibrary">
<msg time="2024-06-02T08:17:17.219790" level="INFO">GET Request : url=https://randomuser.me/api 
 path_url=/api 
 headers={'User-Agent': 'python-requests/2.32.3', 'Accept-Encoding': 'gzip, deflate', 'Accept': '*/*', 'Connection': 'keep-alive'} 
 body=None 
 </msg>
<msg time="2024-06-02T08:17:17.219892" level="INFO">GET Response : url=https://randomuser.me/api 
 status=200, reason=OK 
 headers={'Date': 'Sun, 02 Jun 2024 08:17:17 GMT', 'Content-Type': 'application/json; charset=utf-8', 'Transfer-Encoding': 'chunked', 'Connection': 'keep-alive', 'X-Powered-By': 'Express', 'Access-Control-Allow-Origin': '*', 'Cache-Control': 'no-cache', 'ETag': 'W/"497-8/4j99e9mO9eI3fAJV72zhO24us"', 'Vary': 'Accept-Encoding', 'Content-Encoding': 'gzip', 'CF-Cache-Status': 'DYNAMIC', 'Report-To': '{"endpoints":[{"url":"https:\\/\\/a.nel.cloudflare.com\\/report\\/v4?s=oTBjGM2%2FjMf6NSQxxFPNEYZDDO9jnA6Z0lBK%2FpiFtIXLX3wcP90F6XXaiB5HnlTEWYDoNKzi9jY5TzwIIz7YOTSxZLmaMX8M7wkzUBxO1VkubC7LWpzGsAYEtXEs6oVs"}],"group":"cf-nel","max_age":604800}', 'NEL': '{"success_fraction":0,"report_to":"cf-nel","max_age":604800}', 'Server': 'cloudflare', 'CF-RAY': '88d601927acd3967-IAD', 'alt-svc': 'h3=":443"; ma=86400'} 
 body={"results":[{"gender":"male","name":{"title":"Mr","first":"Dominic","last":"Lévesque"},"location":{"street":{"number":6813,"name":"George St"},"city":"Deer Lake","state":"Saskatchewan","country":"Canada","postcode":"F9W 1I4","coordinates":{"latitude":"-68.9270","longitude":"-85.8264"},"timezone":{"offset":"+3:00","description":"Baghdad, Riyadh, Moscow, St. Petersburg"}},"email":"dominic.levesque@example.com","login":{"uuid":"498a73e5-4169-48d4-8b48-0476014f7a5a","username":"crazylion122","password":"plum","salt":"shzLG1tV","md5":"a9279f575e43fb4e51ee96497c5ebc9a","sha1":"58192c8b14aa3ceb8e483112b91dca8516d95e55","sha256":"976129106bf96e2e5ed26960dcfbbb7a81a9391253db42b83aec27779c1d0aa7"},"dob":{"date":"1961-01-19T16:35:19.329Z","age":63},"registered":{"date":"2011-12-23T22:49:02.708Z","age":12},"phone":"A02 Z46-3605","cell":"B28 U17-4898","id":{"name":"SIN","value":"844809632"},"picture":{"large":"https://randomuser.me/api/portraits/men/38.jpg","medium":"https://randomuser.me/api/portraits/med/men/38.jpg","thumbnail":"https://randomuser.me/api/portraits/thumb/men/38.jpg"},"nat":"CA"}],"info":{"seed":"02859f4264dc2d51","results":1,"page":1,"version":"1.4"}} 
 </msg>
<msg time="2024-06-02T08:17:17.219963" level="INFO">/opt/hostedtoolcache/Python/3.12.3/x64/lib/python3.12/site-packages/urllib3/connectionpool.py:1103: InsecureRequestWarning: Unverified HTTPS request is being made to host 'randomuser.me'. Adding certificate verification is strongly advised. See: https://urllib3.readthedocs.io/en/latest/advanced-usage.html#tls-warnings
  warnings.warn(</msg>
<msg time="2024-06-02T08:17:17.220089" level="INFO">${response} = &lt;Response [200]&gt;</msg>
<var>${response}</var>
<arg>consultarAPI</arg>
<arg>/api</arg>
<doc>Sends a GET request on a previously created HTTP Session.</doc>
<status status="PASS" start="2024-06-02T08:17:17.164705" elapsed="0.055426"/>
</kw>
<kw name="Should Be Equal As Numbers" owner="BuiltIn">
<msg time="2024-06-02T08:17:17.220921" level="INFO">Argument types are:
&lt;class 'int'&gt;
&lt;class 'str'&gt;</msg>
<arg>${response.status_code}</arg>
<arg>200</arg>
<doc>Fails if objects are unequal after converting them to real numbers.</doc>
<status status="PASS" start="2024-06-02T08:17:17.220516" elapsed="0.000469"/>
</kw>
<kw name="Log" owner="BuiltIn">
<msg time="2024-06-02T08:17:17.221677" level="INFO">200</msg>
<arg>${response.status_code}</arg>
<doc>Logs the given message with the given level.</doc>
<status status="PASS" start="2024-06-02T08:17:17.221325" elapsed="0.000402"/>
</kw>
<kw name="Set Variable" owner="BuiltIn">
<msg time="2024-06-02T08:17:17.222484" level="INFO">${json_data} = {'results': [{'gender': 'male', 'name': {'title': 'Mr', 'first': 'Dominic', 'last': 'Lévesque'}, 'location': {'street': {'number': 6813, 'name': 'George St'}, 'city': 'Deer Lake', 'state': 'Saskatchew...</msg>
<var>${json_data}</var>
<arg>${response.json()}</arg>
<doc>Returns the given values which can then be assigned to a variables.</doc>
<status status="PASS" start="2024-06-02T08:17:17.222042" elapsed="0.000473"/>
</kw>
<kw name="Dictionary Should Contain Key" owner="Collections">
<msg time="2024-06-02T08:17:17.222991" level="INFO">False</msg>
<arg>${json_data}</arg>
<arg>results</arg>
<doc>Fails if ``key`` is not found from ``dictionary``.</doc>
<status status="PASS" start="2024-06-02T08:17:17.222820" elapsed="0.000212"/>
</kw>
<status status="PASS" start="2024-06-02T08:17:17.164463" elapsed="0.058823"/>
</kw>
<doc>Testa se a API responde corretamente e retorna um objeto JSON válido.</doc>
<tag>testeRequisicaoBasica</tag>
<status status="PASS" start="2024-06-02T08:17:17.163931" elapsed="0.059555"/>
</test>
<test id="s1-s1-t3" name="Validar estrutura de resposta" line="22">
<kw name="Teste de Estrutura de Resposta" owner="random-user-service">
<kw name="GET On Session" owner="RequestsLibrary">
<msg time="2024-06-02T08:17:17.503233" level="INFO">GET Request : url=https://randomuser.me/api 
 path_url=/api 
 headers={'User-Agent': 'python-requests/2.32.3', 'Accept-Encoding': 'gzip, deflate', 'Accept': '*/*', 'Connection': 'keep-alive'} 
 body=None 
 </msg>
<msg time="2024-06-02T08:17:17.503308" level="INFO">GET Response : url=https://randomuser.me/api 
 status=200, reason=OK 
 headers={'Date': 'Sun, 02 Jun 2024 08:17:17 GMT', 'Content-Type': 'application/json; charset=utf-8', 'Transfer-Encoding': 'chunked', 'Connection': 'keep-alive', 'X-Powered-By': 'Express', 'Access-Control-Allow-Origin': '*', 'Cache-Control': 'no-cache', 'ETag': 'W/"482-AqP5IER6iARZzViguCieGY9KQvY"', 'Vary': 'Accept-Encoding', 'Content-Encoding': 'gzip', 'CF-Cache-Status': 'DYNAMIC', 'Report-To': '{"endpoints":[{"url":"https:\\/\\/a.nel.cloudflare.com\\/report\\/v4?s=5eh9gWEqqaI%2BrYd0jv39DwUyz7bbSBH%2FSpa4%2BGqsZUwPI6ZLtlO3G0%2FBY4zTOK3mIUgy5%2FpZoKeHyYEAB%2BKT51oMCj0NtaX83fip7C9hMpfVcXUUNlrPdG4A5FpXcDrf"}],"group":"cf-nel","max_age":604800}', 'NEL': '{"success_fraction":0,"report_to":"cf-nel","max_age":604800}', 'Server': 'cloudflare', 'CF-RAY': '88d60192bafb3967-IAD', 'alt-svc': 'h3=":443"; ma=86400'} 
 body={"results":[{"gender":"male","name":{"title":"Mr","first":"Sandro","last":"Mendes"},"location":{"street":{"number":9405,"name":"Rua Santa Luzia "},"city":"Santa Bárbara D'Oeste","state":"Bahia","country":"Brazil","postcode":66614,"coordinates":{"latitude":"-77.0978","longitude":"-162.1690"},"timezone":{"offset":"-9:00","description":"Alaska"}},"email":"sandro.mendes@example.com","login":{"uuid":"d92fac2a-502e-45f4-a5ef-3b2d3c7b90b0","username":"whitewolf291","password":"dude","salt":"vci5t9rA","md5":"295cab0b2595c59712b013feedccfac4","sha1":"8886d26d4298a998b5d5bc95a2cddd3ae317eeec","sha256":"3af6a26bb4b35e80dd2d6fe467fcb92bafc4c3b5f789692d6c1f49a5ddc998f8"},"dob":{"date":"1984-04-17T03:47:47.944Z","age":40},"registered":{"date":"2005-09-13T17:03:42.342Z","age":18},"phone":"(27) 4760-6075","cell":"(15) 3215-1181","id":{"name":"CPF","value":"152.542.893-51"},"picture":{"large":"https://randomuser.me/api/portraits/men/86.jpg","medium":"https://randomuser.me/api/portraits/med/men/86.jpg","thumbnail":"https://randomuser.me/api/portraits/thumb/men/86.jpg"},"nat":"BR"}],"info":{"seed":"0dc512777bc65acd","results":1,"page":1,"version":"1.4"}} 
 </msg>
<msg time="2024-06-02T08:17:17.503438" level="INFO">/opt/hostedtoolcache/Python/3.12.3/x64/lib/python3.12/site-packages/urllib3/connectionpool.py:1103: InsecureRequestWarning: Unverified HTTPS request is being made to host 'randomuser.me'. Adding certificate verification is strongly advised. See: https://urllib3.readthedocs.io/en/latest/advanced-usage.html#tls-warnings
  warnings.warn(</msg>
<msg time="2024-06-02T08:17:17.503570" level="INFO">${response} = &lt;Response [200]&gt;</msg>
<var>${response}</var>
<arg>consultarAPI</arg>
<arg>/api</arg>
<doc>Sends a GET request on a previously created HTTP Session.</doc>
<status status="PASS" start="2024-06-02T08:17:17.225972" elapsed="0.277641"/>
</kw>
<kw name="Set Variable" owner="BuiltIn">
<msg time="2024-06-02T08:17:17.504465" level="INFO">${json_data} = {'results': [{'gender': 'male', 'name': {'title': 'Mr', 'first': 'Sandro', 'last': 'Mendes'}, 'location': {'street': {'number': 9405, 'name': 'Rua Santa Luzia '}, 'city': "Santa Bárbara D'Oeste", 'sta...</msg>
<var>${json_data}</var>
<arg>${response.json()}</arg>
<doc>Returns the given values which can then be assigned to a variables.</doc>
<status status="PASS" start="2024-06-02T08:17:17.503989" elapsed="0.000506"/>
</kw>
<kw name="Log" owner="BuiltIn">
<msg time="2024-06-02T08:17:17.504967" level="INFO">{'results': [{'gender': 'male', 'name': {'title': 'Mr', 'first': 'Sandro', 'last': 'Mendes'}, 'location': {'street': {'number': 9405, 'name': 'Rua Santa Luzia '}, 'city': "Santa Bárbara D'Oeste", 'state': 'Bahia', 'country': 'Brazil', 'postcode': 66614, 'coordinates': {'latitude': '-77.0978', 'longitude': '-162.1690'}, 'timezone': {'offset': '-9:00', 'description': 'Alaska'}}, 'email': 'sandro.mendes@example.com', 'login': {'uuid': 'd92fac2a-502e-45f4-a5ef-3b2d3c7b90b0', 'username': 'whitewolf291', 'password': 'dude', 'salt': 'vci5t9rA', 'md5': '295cab0b2595c59712b013feedccfac4', 'sha1': '8886d26d4298a998b5d5bc95a2cddd3ae317eeec', 'sha256': '3af6a26bb4b35e80dd2d6fe467fcb92bafc4c3b5f789692d6c1f49a5ddc998f8'}, 'dob': {'date': '1984-04-17T03:47:47.944Z', 'age': 40}, 'registered': {'date': '2005-09-13T17:03:42.342Z', 'age': 18}, 'phone': '(27) 4760-6075', 'cell': '(15) 3215-1181', 'id': {'name': 'CPF', 'value': '152.542.893-51'}, 'picture': {'large': 'https://randomuser.me/api/portraits/men/86.jpg', 'medium': 'https://randomuser.me/api/portraits/med/men/86.jpg', 'thumbnail': 'https://randomuser.me/api/portraits/thumb/men/86.jpg'}, 'nat': 'BR'}], 'info': {'seed': '0dc512777bc65acd', 'results': 1, 'page': 1, 'version': '1.4'}}</msg>
<arg>${json_data}</arg>
<doc>Logs the given message with the given level.</doc>
<status status="PASS" start="2024-06-02T08:17:17.504807" elapsed="0.000216"/>
</kw>
<kw name="Dictionary Should Contain Key" owner="Collections">
<msg time="2024-06-02T08:17:17.505487" level="INFO">False</msg>
<arg>${json_data}</arg>
<arg>results</arg>
<doc>Fails if ``key`` is not found from ``dictionary``.</doc>
<status status="PASS" start="2024-06-02T08:17:17.505325" elapsed="0.000200"/>
</kw>
<kw name="Should Not Be Empty" owner="BuiltIn">
<msg time="2024-06-02T08:17:17.505962" level="INFO">Length is 2.</msg>
<arg>${json_data}</arg>
<doc>Verifies that the given item is not empty.</doc>
<status status="PASS" start="2024-06-02T08:17:17.505824" elapsed="0.000180"/>
</kw>
<kw name="Create List" owner="BuiltIn">
<msg time="2024-06-02T08:17:17.506583" level="INFO">${expected_keys} = ['gender', 'name', 'location', 'email', 'login']</msg>
<var>${expected_keys}</var>
<arg>gender</arg>
<arg>name</arg>
<arg>location</arg>
<arg>email</arg>
<arg>login</arg>
<doc>Returns a list containing given items.</doc>
<status status="PASS" start="2024-06-02T08:17:17.506300" elapsed="0.000308"/>
</kw>
<for flavor="IN">
<iter>
<kw name="Dictionary Should Contain Key" owner="Collections">
<msg time="2024-06-02T08:17:17.507632" level="INFO">False</msg>
<arg>${json_data['results'][0]}</arg>
<arg>${key}</arg>
<doc>Fails if ``key`` is not found from ``dictionary``.</doc>
<status status="PASS" start="2024-06-02T08:17:17.507197" elapsed="0.000475"/>
</kw>
<kw name="Log" owner="BuiltIn">
<msg time="2024-06-02T08:17:17.508368" level="INFO">{'gender': 'male', 'name': {'title': 'Mr', 'first': 'Sandro', 'last': 'Mendes'}, 'location': {'street': {'number': 9405, 'name': 'Rua Santa Luzia '}, 'city': "Santa Bárbara D'Oeste", 'state': 'Bahia', 'country': 'Brazil', 'postcode': 66614, 'coordinates': {'latitude': '-77.0978', 'longitude': '-162.1690'}, 'timezone': {'offset': '-9:00', 'description': 'Alaska'}}, 'email': 'sandro.mendes@example.com', 'login': {'uuid': 'd92fac2a-502e-45f4-a5ef-3b2d3c7b90b0', 'username': 'whitewolf291', 'password': 'dude', 'salt': 'vci5t9rA', 'md5': '295cab0b2595c59712b013feedccfac4', 'sha1': '8886d26d4298a998b5d5bc95a2cddd3ae317eeec', 'sha256': '3af6a26bb4b35e80dd2d6fe467fcb92bafc4c3b5f789692d6c1f49a5ddc998f8'}, 'dob': {'date': '1984-04-17T03:47:47.944Z', 'age': 40}, 'registered': {'date': '2005-09-13T17:03:42.342Z', 'age': 18}, 'phone': '(27) 4760-6075', 'cell': '(15) 3215-1181', 'id': {'name': 'CPF', 'value': '152.542.893-51'}, 'picture': {'large': 'https://randomuser.me/api/portraits/men/86.jpg', 'medium': 'https://randomuser.me/api/portraits/med/men/86.jpg', 'thumbnail': 'https://randomuser.me/api/portraits/thumb/men/86.jpg'}, 'nat': 'BR'}</msg>
<arg>${json_data['results'][0]}</arg>
<doc>Logs the given message with the given level.</doc>
<status status="PASS" start="2024-06-02T08:17:17.507979" elapsed="0.000439"/>
</kw>
<kw name="Log" owner="BuiltIn">
<msg time="2024-06-02T08:17:17.508885" level="INFO">gender</msg>
<arg>${key}</arg>
<doc>Logs the given message with the given level.</doc>
<status status="PASS" start="2024-06-02T08:17:17.508731" elapsed="0.000194"/>
</kw>
<var name="${key}">gender</var>
<status status="PASS" start="2024-06-02T08:17:17.507070" elapsed="0.002078"/>
</iter>
<iter>
<kw name="Dictionary Should Contain Key" owner="Collections">
<msg time="2024-06-02T08:17:17.509845" level="INFO">False</msg>
<arg>${json_data['results'][0]}</arg>
<arg>${key}</arg>
<doc>Fails if ``key`` is not found from ``dictionary``.</doc>
<status status="PASS" start="2024-06-02T08:17:17.509459" elapsed="0.000424"/>
</kw>
<kw name="Log" owner="BuiltIn">
<msg time="2024-06-02T08:17:17.510580" level="INFO">{'gender': 'male', 'name': {'title': 'Mr', 'first': 'Sandro', 'last': 'Mendes'}, 'location': {'street': {'number': 9405, 'name': 'Rua Santa Luzia '}, 'city': "Santa Bárbara D'Oeste", 'state': 'Bahia', 'country': 'Brazil', 'postcode': 66614, 'coordinates': {'latitude': '-77.0978', 'longitude': '-162.1690'}, 'timezone': {'offset': '-9:00', 'description': 'Alaska'}}, 'email': 'sandro.mendes@example.com', 'login': {'uuid': 'd92fac2a-502e-45f4-a5ef-3b2d3c7b90b0', 'username': 'whitewolf291', 'password': 'dude', 'salt': 'vci5t9rA', 'md5': '295cab0b2595c59712b013feedccfac4', 'sha1': '8886d26d4298a998b5d5bc95a2cddd3ae317eeec', 'sha256': '3af6a26bb4b35e80dd2d6fe467fcb92bafc4c3b5f789692d6c1f49a5ddc998f8'}, 'dob': {'date': '1984-04-17T03:47:47.944Z', 'age': 40}, 'registered': {'date': '2005-09-13T17:03:42.342Z', 'age': 18}, 'phone': '(27) 4760-6075', 'cell': '(15) 3215-1181', 'id': {'name': 'CPF', 'value': '152.542.893-51'}, 'picture': {'large': 'https://randomuser.me/api/portraits/men/86.jpg', 'medium': 'https://randomuser.me/api/portraits/med/men/86.jpg', 'thumbnail': 'https://randomuser.me/api/portraits/thumb/men/86.jpg'}, 'nat': 'BR'}</msg>
<arg>${json_data['results'][0]}</arg>
<doc>Logs the given message with the given level.</doc>
<status status="PASS" start="2024-06-02T08:17:17.510206" elapsed="0.000433"/>
</kw>
<kw name="Log" owner="BuiltIn">
<msg time="2024-06-02T08:17:17.511096" level="INFO">name</msg>
<arg>${key}</arg>
<doc>Logs the given message with the given level.</doc>
<status status="PASS" start="2024-06-02T08:17:17.510966" elapsed="0.000168"/>
</kw>
<var name="${key}">name</var>
<status status="PASS" start="2024-06-02T08:17:17.509341" elapsed="0.002009"/>
</iter>
<iter>
<kw name="Dictionary Should Contain Key" owner="Collections">
<msg time="2024-06-02T08:17:17.512065" level="INFO">False</msg>
<arg>${json_data['results'][0]}</arg>
<arg>${key}</arg>
<doc>Fails if ``key`` is not found from ``dictionary``.</doc>
<status status="PASS" start="2024-06-02T08:17:17.511685" elapsed="0.000424"/>
</kw>
<kw name="Log" owner="BuiltIn">
<msg time="2024-06-02T08:17:17.512770" level="INFO">{'gender': 'male', 'name': {'title': 'Mr', 'first': 'Sandro', 'last': 'Mendes'}, 'location': {'street': {'number': 9405, 'name': 'Rua Santa Luzia '}, 'city': "Santa Bárbara D'Oeste", 'state': 'Bahia', 'country': 'Brazil', 'postcode': 66614, 'coordinates': {'latitude': '-77.0978', 'longitude': '-162.1690'}, 'timezone': {'offset': '-9:00', 'description': 'Alaska'}}, 'email': 'sandro.mendes@example.com', 'login': {'uuid': 'd92fac2a-502e-45f4-a5ef-3b2d3c7b90b0', 'username': 'whitewolf291', 'password': 'dude', 'salt': 'vci5t9rA', 'md5': '295cab0b2595c59712b013feedccfac4', 'sha1': '8886d26d4298a998b5d5bc95a2cddd3ae317eeec', 'sha256': '3af6a26bb4b35e80dd2d6fe467fcb92bafc4c3b5f789692d6c1f49a5ddc998f8'}, 'dob': {'date': '1984-04-17T03:47:47.944Z', 'age': 40}, 'registered': {'date': '2005-09-13T17:03:42.342Z', 'age': 18}, 'phone': '(27) 4760-6075', 'cell': '(15) 3215-1181', 'id': {'name': 'CPF', 'value': '152.542.893-51'}, 'picture': {'large': 'https://randomuser.me/api/portraits/men/86.jpg', 'medium': 'https://randomuser.me/api/portraits/med/men/86.jpg', 'thumbnail': 'https://randomuser.me/api/portraits/thumb/men/86.jpg'}, 'nat': 'BR'}</msg>
<arg>${json_data['results'][0]}</arg>
<doc>Logs the given message with the given level.</doc>
<status status="PASS" start="2024-06-02T08:17:17.512407" elapsed="0.000423"/>
</kw>
<kw name="Log" owner="BuiltIn">
<msg time="2024-06-02T08:17:17.513266" level="INFO">location</msg>
<arg>${key}</arg>
<doc>Logs the given message with the given level.</doc>
<status status="PASS" start="2024-06-02T08:17:17.513137" elapsed="0.000168"/>
</kw>
<var name="${key}">location</var>
<status status="PASS" start="2024-06-02T08:17:17.511570" elapsed="0.001950"/>
</iter>
<iter>
<kw name="Dictionary Should Contain Key" owner="Collections">
<msg time="2024-06-02T08:17:17.514191" level="INFO">False</msg>
<arg>${json_data['results'][0]}</arg>
<arg>${key}</arg>
<doc>Fails if ``key`` is not found from ``dictionary``.</doc>
<status status="PASS" start="2024-06-02T08:17:17.513811" elapsed="0.000418"/>
</kw>
<kw name="Log" owner="BuiltIn">
<msg time="2024-06-02T08:17:17.514899" level="INFO">{'gender': 'male', 'name': {'title': 'Mr', 'first': 'Sandro', 'last': 'Mendes'}, 'location': {'street': {'number': 9405, 'name': 'Rua Santa Luzia '}, 'city': "Santa Bárbara D'Oeste", 'state': 'Bahia', 'country': 'Brazil', 'postcode': 66614, 'coordinates': {'latitude': '-77.0978', 'longitude': '-162.1690'}, 'timezone': {'offset': '-9:00', 'description': 'Alaska'}}, 'email': 'sandro.mendes@example.com', 'login': {'uuid': 'd92fac2a-502e-45f4-a5ef-3b2d3c7b90b0', 'username': 'whitewolf291', 'password': 'dude', 'salt': 'vci5t9rA', 'md5': '295cab0b2595c59712b013feedccfac4', 'sha1': '8886d26d4298a998b5d5bc95a2cddd3ae317eeec', 'sha256': '3af6a26bb4b35e80dd2d6fe467fcb92bafc4c3b5f789692d6c1f49a5ddc998f8'}, 'dob': {'date': '1984-04-17T03:47:47.944Z', 'age': 40}, 'registered': {'date': '2005-09-13T17:03:42.342Z', 'age': 18}, 'phone': '(27) 4760-6075', 'cell': '(15) 3215-1181', 'id': {'name': 'CPF', 'value': '152.542.893-51'}, 'picture': {'large': 'https://randomuser.me/api/portraits/men/86.jpg', 'medium': 'https://randomuser.me/api/portraits/med/men/86.jpg', 'thumbnail': 'https://randomuser.me/api/portraits/thumb/men/86.jpg'}, 'nat': 'BR'}</msg>
<arg>${json_data['results'][0]}</arg>
<doc>Logs the given message with the given level.</doc>
<status status="PASS" start="2024-06-02T08:17:17.514523" elapsed="0.000438"/>
</kw>
<kw name="Log" owner="BuiltIn">
<msg time="2024-06-02T08:17:17.515411" level="INFO">email</msg>
<arg>${key}</arg>
<doc>Logs the given message with the given level.</doc>
<status status="PASS" start="2024-06-02T08:17:17.515263" elapsed="0.000191"/>
</kw>
<var name="${key}">email</var>
<status status="PASS" start="2024-06-02T08:17:17.513694" elapsed="0.001980"/>
</iter>
<iter>
<kw name="Dictionary Should Contain Key" owner="Collections">
<msg time="2024-06-02T08:17:17.516350" level="INFO">False</msg>
<arg>${json_data['results'][0]}</arg>
<arg>${key}</arg>
<doc>Fails if ``key`` is not found from ``dictionary``.</doc>
<status status="PASS" start="2024-06-02T08:17:17.515960" elapsed="0.000428"/>
</kw>
<kw name="Log" owner="BuiltIn">
<msg time="2024-06-02T08:17:17.517067" level="INFO">{'gender': 'male', 'name': {'title': 'Mr', 'first': 'Sandro', 'last': 'Mendes'}, 'location': {'street': {'number': 9405, 'name': 'Rua Santa Luzia '}, 'city': "Santa Bárbara D'Oeste", 'state': 'Bahia', 'country': 'Brazil', 'postcode': 66614, 'coordinates': {'latitude': '-77.0978', 'longitude': '-162.1690'}, 'timezone': {'offset': '-9:00', 'description': 'Alaska'}}, 'email': 'sandro.mendes@example.com', 'login': {'uuid': 'd92fac2a-502e-45f4-a5ef-3b2d3c7b90b0', 'username': 'whitewolf291', 'password': 'dude', 'salt': 'vci5t9rA', 'md5': '295cab0b2595c59712b013feedccfac4', 'sha1': '8886d26d4298a998b5d5bc95a2cddd3ae317eeec', 'sha256': '3af6a26bb4b35e80dd2d6fe467fcb92bafc4c3b5f789692d6c1f49a5ddc998f8'}, 'dob': {'date': '1984-04-17T03:47:47.944Z', 'age': 40}, 'registered': {'date': '2005-09-13T17:03:42.342Z', 'age': 18}, 'phone': '(27) 4760-6075', 'cell': '(15) 3215-1181', 'id': {'name': 'CPF', 'value': '152.542.893-51'}, 'picture': {'large': 'https://randomuser.me/api/portraits/men/86.jpg', 'medium': 'https://randomuser.me/api/portraits/med/men/86.jpg', 'thumbnail': 'https://randomuser.me/api/portraits/thumb/men/86.jpg'}, 'nat': 'BR'}</msg>
<arg>${json_data['results'][0]}</arg>
<doc>Logs the given message with the given level.</doc>
<status status="PASS" start="2024-06-02T08:17:17.516685" elapsed="0.000434"/>
</kw>
<kw name="Log" owner="BuiltIn">
<msg time="2024-06-02T08:17:17.517545" level="INFO">login</msg>
<arg>${key}</arg>
<doc>Logs the given message with the given level.</doc>
<status status="PASS" start="2024-06-02T08:17:17.517416" elapsed="0.000168"/>
</kw>
<var name="${key}">login</var>
<status status="PASS" start="2024-06-02T08:17:17.515848" elapsed="0.001954"/>
</iter>
<var>${key}</var>
<value>@{expected_keys}</value>
<status status="PASS" start="2024-06-02T08:17:17.506873" elapsed="0.011080"/>
</for>
<kw name="Create List" owner="BuiltIn">
<msg time="2024-06-02T08:17:17.518311" level="INFO">${expected_keysTwo} = ['username', 'password']</msg>
<var>${expected_keysTwo}</var>
<arg>username</arg>
<arg>password</arg>
<doc>Returns a list containing given items.</doc>
<status status="PASS" start="2024-06-02T08:17:17.518158" elapsed="0.000177"/>
</kw>
<for flavor="IN">
<iter>
<kw name="Dictionary Should Contain Key" owner="Collections">
<msg time="2024-06-02T08:17:17.519220" level="INFO">False</msg>
<arg>${json_data['results'][0]['login']}</arg>
<arg>${keyTwo}</arg>
<doc>Fails if ``key`` is not found from ``dictionary``.</doc>
<status status="PASS" start="2024-06-02T08:17:17.518836" elapsed="0.000421"/>
</kw>
<kw name="Dictionary Should Contain Key" owner="Collections">
<msg time="2024-06-02T08:17:17.519969" level="INFO">False</msg>
<arg>${json_data['results'][0]['login']}</arg>
<arg>${keyTwo}</arg>
<doc>Fails if ``key`` is not found from ``dictionary``.</doc>
<status status="PASS" start="2024-06-02T08:17:17.519580" elapsed="0.000427"/>
</kw>
<kw name="Log" owner="BuiltIn">
<msg time="2024-06-02T08:17:17.520438" level="INFO">username</msg>
<arg>${keyTwo}</arg>
<doc>Logs the given message with the given level.</doc>
<status status="PASS" start="2024-06-02T08:17:17.520303" elapsed="0.000173"/>
</kw>
<var name="${keyTwo}">username</var>
<status status="PASS" start="2024-06-02T08:17:17.518726" elapsed="0.001963"/>
</iter>
<iter>
<kw name="Dictionary Should Contain Key" owner="Collections">
<msg time="2024-06-02T08:17:17.521350" level="INFO">False</msg>
<arg>${json_data['results'][0]['login']}</arg>
<arg>${keyTwo}</arg>
<doc>Fails if ``key`` is not found from ``dictionary``.</doc>
<status status="PASS" start="2024-06-02T08:17:17.520976" elapsed="0.000412"/>
</kw>
<kw name="Dictionary Should Contain Key" owner="Collections">
<msg time="2024-06-02T08:17:17.522147" level="INFO">False</msg>
<arg>${json_data['results'][0]['login']}</arg>
<arg>${keyTwo}</arg>
<doc>Fails if ``key`` is not found from ``dictionary``.</doc>
<status status="PASS" start="2024-06-02T08:17:17.521681" elapsed="0.000506"/>
</kw>
<kw name="Log" owner="BuiltIn">
<msg time="2024-06-02T08:17:17.522615" level="INFO">password</msg>
<arg>${keyTwo}</arg>
<doc>Logs the given message with the given level.</doc>
<status status="PASS" start="2024-06-02T08:17:17.522486" elapsed="0.000166"/>
</kw>
<var name="${keyTwo}">password</var>
<status status="PASS" start="2024-06-02T08:17:17.520860" elapsed="0.002009"/>
</iter>
<var>${keyTwo}</var>
<value>@{expected_keysTwo}</value>
<status status="PASS" start="2024-06-02T08:17:17.518573" elapsed="0.004417"/>
</for>
<status status="PASS" start="2024-06-02T08:17:17.225745" elapsed="0.297384"/>
</kw>
<doc>Testa a estrutura da resposta da API.</doc>
<tag>testeEstruturaResposta</tag>
<status status="PASS" start="2024-06-02T08:17:17.225277" elapsed="0.298005"/>
</test>
<test id="s1-s1-t4" name="Validar tipos de dados" line="28">
<kw name="Teste de Tipos de Dados" owner="random-user-service">
<kw name="GET On Session" owner="RequestsLibrary">
<msg time="2024-06-02T08:17:17.568956" level="INFO">GET Request : url=https://randomuser.me/api 
 path_url=/api 
 headers={'User-Agent': 'python-requests/2.32.3', 'Accept-Encoding': 'gzip, deflate', 'Accept': '*/*', 'Connection': 'keep-alive'} 
 body=None 
 </msg>
<msg time="2024-06-02T08:17:17.569042" level="INFO">GET Response : url=https://randomuser.me/api 
 status=200, reason=OK 
 headers={'Date': 'Sun, 02 Jun 2024 08:17:17 GMT', 'Content-Type': 'application/json; charset=utf-8', 'Transfer-Encoding': 'chunked', 'Connection': 'keep-alive', 'X-Powered-By': 'Express', 'Access-Control-Allow-Origin': '*', 'Cache-Control': 'no-cache', 'ETag': 'W/"481-UJzBmvN9wk89XzOntB63wREeI90"', 'Vary': 'Accept-Encoding', 'Content-Encoding': 'gzip', 'CF-Cache-Status': 'DYNAMIC', 'Report-To': '{"endpoints":[{"url":"https:\\/\\/a.nel.cloudflare.com\\/report\\/v4?s=l9qLRyRMZgz2bLdN2nSh6MeRDe79CIrUMcyfhOSdXHuVd3KYO1GrMMGUXJwfJGsxZnWb9ljh8q4e1aEaYNvVEBgu%2Bzb5IptuVaVnUqLpj1DP%2BxcebREuysaks89EqCKe"}],"group":"cf-nel","max_age":604800}', 'NEL': '{"success_fraction":0,"report_to":"cf-nel","max_age":604800}', 'Server': 'cloudflare', 'CF-RAY': '88d601949cc63967-IAD', 'alt-svc': 'h3=":443"; ma=86400'} 
 body={"results":[{"gender":"female","name":{"title":"Miss","first":"Mira","last":"Vilotić"},"location":{"street":{"number":1694,"name":"Kestenova"},"city":"Paraćin","state":"Toplica","country":"Serbia","postcode":51671,"coordinates":{"latitude":"56.5409","longitude":"102.2941"},"timezone":{"offset":"+2:00","description":"Kaliningrad, South Africa"}},"email":"mira.vilotic@example.com","login":{"uuid":"9e48259e-7fb1-4fa3-a117-c09a8c0ac995","username":"heavyrabbit153","password":"bang","salt":"7Uf8Pnie","md5":"92157335dd46aa445632a3c900b693ec","sha1":"50879eb960fd9f6e3fc37a86b522a1b32b4277d0","sha256":"ea51825b80a0b7cbcc1092ed1738cd7338af09c5ff910d4665b631f0c0792467"},"dob":{"date":"1978-11-09T18:37:45.754Z","age":45},"registered":{"date":"2015-12-19T14:56:21.381Z","age":8},"phone":"030-6756-384","cell":"064-4705-409","id":{"name":"SID","value":"121756946"},"picture":{"large":"https://randomuser.me/api/portraits/women/50.jpg","medium":"https://randomuser.me/api/portraits/med/women/50.jpg","thumbnail":"https://randomuser.me/api/portraits/thumb/women/50.jpg"},"nat":"RS"}],"info":{"seed":"18cd28b18d4f21f3","results":1,"page":1,"version":"1.4"}} 
 </msg>
<msg time="2024-06-02T08:17:17.569120" level="INFO">/opt/hostedtoolcache/Python/3.12.3/x64/lib/python3.12/site-packages/urllib3/connectionpool.py:1103: InsecureRequestWarning: Unverified HTTPS request is being made to host 'randomuser.me'. Adding certificate verification is strongly advised. See: https://urllib3.readthedocs.io/en/latest/advanced-usage.html#tls-warnings
  warnings.warn(</msg>
<msg time="2024-06-02T08:17:17.569245" level="INFO">${response} = &lt;Response [200]&gt;</msg>
<var>${response}</var>
<arg>consultarAPI</arg>
<arg>/api</arg>
<doc>Sends a GET request on a previously created HTTP Session.</doc>
<status status="PASS" start="2024-06-02T08:17:17.525704" elapsed="0.043580"/>
</kw>
<kw name="Set Variable" owner="BuiltIn">
<msg time="2024-06-02T08:17:17.570095" level="INFO">${json_data} = {'results': [{'gender': 'female', 'name': {'title': 'Miss', 'first': 'Mira', 'last': 'Vilotić'}, 'location': {'street': {'number': 1694, 'name': 'Kestenova'}, 'city': 'Paraćin', 'state': 'Toplica', 'c...</msg>
<var>${json_data}</var>
<arg>${response.json()}</arg>
<doc>Returns the given values which can then be assigned to a variables.</doc>
<status status="PASS" start="2024-06-02T08:17:17.569639" elapsed="0.000488"/>
</kw>
<kw name="Log" owner="BuiltIn">
<msg time="2024-06-02T08:17:17.570589" level="INFO">{'results': [{'gender': 'female', 'name': {'title': 'Miss', 'first': 'Mira', 'last': 'Vilotić'}, 'location': {'street': {'number': 1694, 'name': 'Kestenova'}, 'city': 'Paraćin', 'state': 'Toplica', 'country': 'Serbia', 'postcode': 51671, 'coordinates': {'latitude': '56.5409', 'longitude': '102.2941'}, 'timezone': {'offset': '+2:00', 'description': 'Kaliningrad, South Africa'}}, 'email': 'mira.vilotic@example.com', 'login': {'uuid': '9e48259e-7fb1-4fa3-a117-c09a8c0ac995', 'username': 'heavyrabbit153', 'password': 'bang', 'salt': '7Uf8Pnie', 'md5': '92157335dd46aa445632a3c900b693ec', 'sha1': '50879eb960fd9f6e3fc37a86b522a1b32b4277d0', 'sha256': 'ea51825b80a0b7cbcc1092ed1738cd7338af09c5ff910d4665b631f0c0792467'}, 'dob': {'date': '1978-11-09T18:37:45.754Z', 'age': 45}, 'registered': {'date': '2015-12-19T14:56:21.381Z', 'age': 8}, 'phone': '030-6756-384', 'cell': '064-4705-409', 'id': {'name': 'SID', 'value': '121756946'}, 'picture': {'large': 'https://randomuser.me/api/portraits/women/50.jpg', 'medium': 'https://randomuser.me/api/portraits/med/women/50.jpg', 'thumbnail': 'https://randomuser.me/api/portraits/thumb/women/50.jpg'}, 'nat': 'RS'}], 'info': {'seed': '18cd28b18d4f21f3', 'results': 1, 'page': 1, 'version': '1.4'}}</msg>
<arg>${json_data}</arg>
<doc>Logs the given message with the given level.</doc>
<status status="PASS" start="2024-06-02T08:17:17.570431" elapsed="0.000238"/>
</kw>
<kw name="Should Be String" owner="String">
<arg>${json_data['results'][0]['gender']}</arg>
<doc>Fails if the given ``item`` is not a string.</doc>
<status status="PASS" start="2024-06-02T08:17:17.570971" elapsed="0.000360"/>
</kw>
<kw name="Should Match Regexp" owner="BuiltIn">
<arg>${json_data['results'][0]['email']}</arg>
<arg>^[a-zA-Z0-9._%+-]+@[a-zA-Z0-9.-]+\.[a-zA-Z]{2,}$</arg>
<doc>Fails if ``string`` does not match ``pattern`` as a regular expression.</doc>
<status status="PASS" start="2024-06-02T08:17:17.571562" elapsed="0.000513"/>
</kw>
<kw name="Should Match Regexp" owner="BuiltIn">
<arg>${json_data['results'][0]['dob']['date']}</arg>
<arg>\\d{4}-\\d{2}-\\d{2}T\\d{2}:\\d{2}:\\d{2}\\.\\d{3}Z</arg>
<doc>Fails if ``string`` does not match ``pattern`` as a regular expression.</doc>
<status status="PASS" start="2024-06-02T08:17:17.572273" elapsed="0.000483"/>
</kw>
<kw name="Should Match Regexp" owner="BuiltIn">
<arg>${json_data['results'][0]['registered']['date']}</arg>
<arg>\\d{4}-\\d{2}-\\d{2}T\\d{2}:\\d{2}:\\d{2}\\.\\d{3}Z</arg>
<doc>Fails if ``string`` does not match ``pattern`` as a regular expression.</doc>
<status status="PASS" start="2024-06-02T08:17:17.572946" elapsed="0.000372"/>
</kw>
<kw name="Should Match Regexp" owner="BuiltIn">
<arg>${json_data['results'][0]['picture']['large']}</arg>
<arg>^https?://.*\.(?:png|jpe?g|gif|bmp)$</arg>
<doc>Fails if ``string`` does not match ``pattern`` as a regular expression.</doc>
<status status="PASS" start="2024-06-02T08:17:17.573506" elapsed="0.000459"/>
</kw>
<kw name="Should Match Regexp" owner="BuiltIn">
<arg>${json_data['results'][0]['picture']['medium']}</arg>
<arg>^https?://.*\.(?:png|jpe?g|gif|bmp)$</arg>
<doc>Fails if ``string`` does not match ``pattern`` as a regular expression.</doc>
<status status="PASS" start="2024-06-02T08:17:17.574154" elapsed="0.000350"/>
</kw>
<kw name="Should Match Regexp" owner="BuiltIn">
<arg>${json_data['results'][0]['picture']['thumbnail']}</arg>
<arg>^https?://.*\.(?:png|jpe?g|gif|bmp)$</arg>
<doc>Fails if ``string`` does not match ``pattern`` as a regular expression.</doc>
<status status="PASS" start="2024-06-02T08:17:17.574690" elapsed="0.000346"/>
</kw>
<kw name="Log" owner="BuiltIn">
<msg time="2024-06-02T08:17:17.575596" level="INFO">{'large': 'https://randomuser.me/api/portraits/women/50.jpg', 'medium': 'https://randomuser.me/api/portraits/med/women/50.jpg', 'thumbnail': 'https://randomuser.me/api/portraits/thumb/women/50.jpg'}</msg>
<arg>${json_data['results'][0]['picture']}</arg>
<doc>Logs the given message with the given level.</doc>
<status status="PASS" start="2024-06-02T08:17:17.575226" elapsed="0.000414"/>
</kw>
<status status="PASS" start="2024-06-02T08:17:17.525475" elapsed="0.050419"/>
</kw>
<kw name="Teste de Tipos de Dados - Postcode" owner="random-user-service">
<kw name="GET On Session" owner="RequestsLibrary">
<msg time="2024-06-02T08:17:17.660851" level="INFO">GET Request : url=https://randomuser.me/api 
 path_url=/api 
 headers={'User-Agent': 'python-requests/2.32.3', 'Accept-Encoding': 'gzip, deflate', 'Accept': '*/*', 'Connection': 'keep-alive'} 
 body=None 
 </msg>
<msg time="2024-06-02T08:17:17.660928" level="INFO">GET Response : url=https://randomuser.me/api 
 status=200, reason=OK 
 headers={'Date': 'Sun, 02 Jun 2024 08:17:17 GMT', 'Content-Type': 'application/json; charset=utf-8', 'Transfer-Encoding': 'chunked', 'Connection': 'keep-alive', 'X-Powered-By': 'Express', 'Access-Control-Allow-Origin': '*', 'Cache-Control': 'no-cache', 'ETag': 'W/"4ab-+WxxLhcK0FKiP74umZyEJ15Eu3Q"', 'Vary': 'Accept-Encoding', 'Content-Encoding': 'gzip', 'CF-Cache-Status': 'DYNAMIC', 'Report-To': '{"endpoints":[{"url":"https:\\/\\/a.nel.cloudflare.com\\/report\\/v4?s=tb5GELgNIPJDbFQnYNIZOWoJ%2FKHGzpw%2F3AQn8ntK2%2BaUlq0z%2FOddw4zCLhATOH2SJLfvxGONsc16cl8JycztR8eNRZTniqdXm%2FVP67XuguopAXWynm2nn7rr%2B25btNnF"}],"group":"cf-nel","max_age":604800}', 'NEL': '{"success_fraction":0,"report_to":"cf-nel","max_age":604800}', 'Server': 'cloudflare', 'CF-RAY': '88d60194ed0f3967-IAD', 'alt-svc': 'h3=":443"; ma=86400'} 
 body={"results":[{"gender":"male","name":{"title":"Mr","first":"Claudio","last":"Domínguez"},"location":{"street":{"number":684,"name":"Callejón Hidalgo"},"city":"El Fresno","state":"Tlaxcala","country":"Mexico","postcode":74807,"coordinates":{"latitude":"26.4205","longitude":"-18.3105"},"timezone":{"offset":"0:00","description":"Western Europe Time, London, Lisbon, Casablanca"}},"email":"claudio.dominguez@example.com","login":{"uuid":"247134eb-5c99-4ab6-ba97-5505db42646e","username":"organickoala432","password":"nian","salt":"vWKJNRzC","md5":"87b89f47d996b71fcfb5853aa6f3d061","sha1":"8270762e83e178da84cede122901984b958527a5","sha256":"e9809fadd24899fe88813dab4e0677485014966cf1581d6b590dd06cfdfad7d4"},"dob":{"date":"1963-11-03T08:42:48.185Z","age":60},"registered":{"date":"2003-06-01T21:34:51.077Z","age":21},"phone":"(687) 213 2492","cell":"(618) 836 2563","id":{"name":"NSS","value":"64 43 41 1199 9"},"picture":{"large":"https://randomuser.me/api/portraits/men/36.jpg","medium":"https://randomuser.me/api/portraits/med/men/36.jpg","thumbnail":"https://randomuser.me/api/portraits/thumb/men/36.jpg"},"nat":"MX"}],"info":{"seed":"ea9f01a1c442ff04","results":1,"page":1,"version":"1.4"}} 
 </msg>
<msg time="2024-06-02T08:17:17.661000" level="INFO">/opt/hostedtoolcache/Python/3.12.3/x64/lib/python3.12/site-packages/urllib3/connectionpool.py:1103: InsecureRequestWarning: Unverified HTTPS request is being made to host 'randomuser.me'. Adding certificate verification is strongly advised. See: https://urllib3.readthedocs.io/en/latest/advanced-usage.html#tls-warnings
  warnings.warn(</msg>
<msg time="2024-06-02T08:17:17.661126" level="INFO">${response} = &lt;Response [200]&gt;</msg>
<var>${response}</var>
<arg>consultarAPI</arg>
<arg>/api</arg>
<doc>Sends a GET request on a previously created HTTP Session.</doc>
<status status="PASS" start="2024-06-02T08:17:17.576324" elapsed="0.084852"/>
</kw>
<kw name="Set Variable" owner="BuiltIn">
<msg time="2024-06-02T08:17:17.662015" level="INFO">${json_data} = {'results': [{'gender': 'male', 'name': {'title': 'Mr', 'first': 'Claudio', 'last': 'Domínguez'}, 'location': {'street': {'number': 684, 'name': 'Callejón Hidalgo'}, 'city': 'El Fresno', 'state': 'Tla...</msg>
<var>${json_data}</var>
<arg>${response.json()}</arg>
<doc>Returns the given values which can then be assigned to a variables.</doc>
<status status="PASS" start="2024-06-02T08:17:17.661549" elapsed="0.000496"/>
</kw>
<kw name="Log" owner="BuiltIn">
<msg time="2024-06-02T08:17:17.662511" level="INFO">{'results': [{'gender': 'male', 'name': {'title': 'Mr', 'first': 'Claudio', 'last': 'Domínguez'}, 'location': {'street': {'number': 684, 'name': 'Callejón Hidalgo'}, 'city': 'El Fresno', 'state': 'Tlaxcala', 'country': 'Mexico', 'postcode': 74807, 'coordinates': {'latitude': '26.4205', 'longitude': '-18.3105'}, 'timezone': {'offset': '0:00', 'description': 'Western Europe Time, London, Lisbon, Casablanca'}}, 'email': 'claudio.dominguez@example.com', 'login': {'uuid': '247134eb-5c99-4ab6-ba97-5505db42646e', 'username': 'organickoala432', 'password': 'nian', 'salt': 'vWKJNRzC', 'md5': '87b89f47d996b71fcfb5853aa6f3d061', 'sha1': '8270762e83e178da84cede122901984b958527a5', 'sha256': 'e9809fadd24899fe88813dab4e0677485014966cf1581d6b590dd06cfdfad7d4'}, 'dob': {'date': '1963-11-03T08:42:48.185Z', 'age': 60}, 'registered': {'date': '2003-06-01T21:34:51.077Z', 'age': 21}, 'phone': '(687) 213 2492', 'cell': '(618) 836 2563', 'id': {'name': 'NSS', 'value': '64 43 41 1199 9'}, 'picture': {'large': 'https://randomuser.me/api/portraits/men/36.jpg', 'medium': 'https://randomuser.me/api/portraits/med/men/36.jpg', 'thumbnail': 'https://randomuser.me/api/portraits/thumb/men/36.jpg'}, 'nat': 'MX'}], 'info': {'seed': 'ea9f01a1c442ff04', 'results': 1, 'page': 1, 'version': '1.4'}}</msg>
<arg>${json_data}</arg>
<doc>Logs the given message with the given level.</doc>
<status status="PASS" start="2024-06-02T08:17:17.662354" elapsed="0.000240"/>
</kw>
<kw name="Should Be Equal As Numbers" owner="BuiltIn">
<arg>${json_data['results'][0]['location']['postcode']}</arg>
<arg>${json_data['results'][0]['location']['postcode']}</arg>
<doc>Fails if objects are unequal after converting them to real numbers.</doc>
<status status="PASS" start="2024-06-02T08:17:17.662922" elapsed="0.000796"/>
</kw>
<kw name="Log" owner="BuiltIn">
<msg time="2024-06-02T08:17:17.664263" level="INFO">74807</msg>
<arg>${json_data['results'][0]['location']['postcode']}</arg>
<doc>Logs the given message with the given level.</doc>
<status status="PASS" start="2024-06-02T08:17:17.663918" elapsed="0.000387"/>
</kw>
<status status="PASS" start="2024-06-02T08:17:17.576106" elapsed="0.088454"/>
</kw>
<doc>Testa se os tipos de dados na resposta da API estão corretos.</doc>
<tag>testeTiposDados</tag>
<status status="PASS" start="2024-06-02T08:17:17.525042" elapsed="0.139678"/>
</test>
<test id="s1-s1-t5" name="Validar conteudo" line="35">
<kw name="Teste de Tipos de Conteudo" owner="random-user-service">
<kw name="GET On Session" owner="RequestsLibrary">
<msg time="2024-06-02T08:17:17.760429" level="INFO">GET Request : url=https://randomuser.me/api 
 path_url=/api 
 headers={'User-Agent': 'python-requests/2.32.3', 'Accept-Encoding': 'gzip, deflate', 'Accept': '*/*', 'Connection': 'keep-alive'} 
 body=None 
 </msg>
<msg time="2024-06-02T08:17:17.760505" level="INFO">GET Response : url=https://randomuser.me/api 
 status=200, reason=OK 
 headers={'Date': 'Sun, 02 Jun 2024 08:17:17 GMT', 'Content-Type': 'application/json; charset=utf-8', 'Transfer-Encoding': 'chunked', 'Connection': 'keep-alive', 'X-Powered-By': 'Express', 'Access-Control-Allow-Origin': '*', 'Cache-Control': 'no-cache', 'ETag': 'W/"473-Khd7NHx8/DP0C0hR5BBZ7Vgu0Fg"', 'Vary': 'Accept-Encoding', 'Content-Encoding': 'gzip', 'CF-Cache-Status': 'DYNAMIC', 'Report-To': '{"endpoints":[{"url":"https:\\/\\/a.nel.cloudflare.com\\/report\\/v4?s=3I8qf1FCerAoPbMgWqlf4kGp69aIuQdgCwbkTJDc8OtRUc%2F3g6obyrHO0wcb9yNnDvBw1CFQ%2BE%2BYy8izc1EvEepfXPaPTl103KOwxsno5biJ8EZ%2Bdxes8%2BGUk%2BF2ENFx"}],"group":"cf-nel","max_age":604800}', 'NEL': '{"success_fraction":0,"report_to":"cf-nel","max_age":604800}', 'Server': 'cloudflare', 'CF-RAY': '88d601957d7d3967-IAD', 'alt-svc': 'h3=":443"; ma=86400'} 
 body={"results":[{"gender":"male","name":{"title":"Mr","first":"Gilberto","last":"Roybal"},"location":{"street":{"number":5981,"name":"Calle Valle"},"city":"Otaez","state":"Tamaulipas","country":"Mexico","postcode":27866,"coordinates":{"latitude":"25.9309","longitude":"-13.6483"},"timezone":{"offset":"+4:30","description":"Kabul"}},"email":"gilberto.roybal@example.com","login":{"uuid":"5ca938d3-585f-403e-b6eb-67510730bfeb","username":"whitepanda477","password":"goober","salt":"vIw8bm6T","md5":"ffdbfaa635bfa848e1b29b287ef28cbb","sha1":"e2e8ece40254f39c23efa9c0b5d9898a1f0b0cc1","sha256":"3333505e0c1998950dc107e159ca85056adc4c82e856c8da5af2399855fa6db2"},"dob":{"date":"1969-08-14T03:18:20.785Z","age":54},"registered":{"date":"2008-09-02T15:09:37.474Z","age":15},"phone":"(604) 207 9979","cell":"(675) 953 9536","id":{"name":"NSS","value":"84 51 27 9785 4"},"picture":{"large":"https://randomuser.me/api/portraits/men/7.jpg","medium":"https://randomuser.me/api/portraits/med/men/7.jpg","thumbnail":"https://randomuser.me/api/portraits/thumb/men/7.jpg"},"nat":"MX"}],"info":{"seed":"3e526e110d5e0c9e","results":1,"page":1,"version":"1.4"}} 
 </msg>
<msg time="2024-06-02T08:17:17.760570" level="INFO">/opt/hostedtoolcache/Python/3.12.3/x64/lib/python3.12/site-packages/urllib3/connectionpool.py:1103: InsecureRequestWarning: Unverified HTTPS request is being made to host 'randomuser.me'. Adding certificate verification is strongly advised. See: https://urllib3.readthedocs.io/en/latest/advanced-usage.html#tls-warnings
  warnings.warn(</msg>
<msg time="2024-06-02T08:17:17.760674" level="INFO">${response} = &lt;Response [200]&gt;</msg>
<var>${response}</var>
<arg>consultarAPI</arg>
<arg>/api</arg>
<doc>Sends a GET request on a previously created HTTP Session.</doc>
<status status="PASS" start="2024-06-02T08:17:17.667153" elapsed="0.093565"/>
</kw>
<kw name="Set Variable" owner="BuiltIn">
<msg time="2024-06-02T08:17:17.761557" level="INFO">${json_data} = {'results': [{'gender': 'male', 'name': {'title': 'Mr', 'first': 'Gilberto', 'last': 'Roybal'}, 'location': {'street': {'number': 5981, 'name': 'Calle Valle'}, 'city': 'Otaez', 'state': 'Tamaulipas', ...</msg>
<var>${json_data}</var>
<arg>${response.json()}</arg>
<doc>Returns the given values which can then be assigned to a variables.</doc>
<status status="PASS" start="2024-06-02T08:17:17.761128" elapsed="0.000459"/>
</kw>
<kw name="Set Variable" owner="BuiltIn">
<msg time="2024-06-02T08:17:17.762258" level="INFO">${name_title} = Mr</msg>
<var>${name_title}</var>
<arg>${json_data["results"][0]["name"]["title"]}</arg>
<doc>Returns the given values which can then be assigned to a variables.</doc>
<status status="PASS" start="2024-06-02T08:17:17.761886" elapsed="0.000397"/>
</kw>
<kw name="Create List" owner="BuiltIn">
<msg time="2024-06-02T08:17:17.762725" level="INFO">${allowed_titles} = ['Mr', 'Ms', 'Miss', 'Mrs', 'Madame', 'Monsieur']</msg>
<var>${allowed_titles}</var>
<arg>Mr</arg>
<arg>Ms</arg>
<arg>Miss</arg>
<arg>Mrs</arg>
<arg>Madame</arg>
<arg>Monsieur</arg>
<doc>Returns a list containing given items.</doc>
<status status="PASS" start="2024-06-02T08:17:17.762579" elapsed="0.000169"/>
</kw>
<kw name="List Should Contain Value" owner="Collections">
<msg time="2024-06-02T08:17:17.763217" level="INFO">False</msg>
<arg>${allowed_titles}</arg>
<arg>${name_title}</arg>
<doc>Fails if the ``value`` is not found from ``list``.</doc>
<status status="PASS" start="2024-06-02T08:17:17.763046" elapsed="0.000207"/>
</kw>
<kw name="Set Variable" owner="BuiltIn">
<msg time="2024-06-02T08:17:17.763942" level="INFO">${name_country} = MX</msg>
<var>${name_country}</var>
<arg>${json_data["results"][0]["nat"]}</arg>
<doc>Returns the given values which can then be assigned to a variables.</doc>
<status status="PASS" start="2024-06-02T08:17:17.763570" elapsed="0.000396"/>
</kw>
<kw name="Create List" owner="BuiltIn">
<msg time="2024-06-02T08:17:17.764856" level="INFO">${list_country} = ['AD', 'AE', 'AF', 'AG', 'AI', 'AL', 'AM', 'AO', 'AQ', 'AR', 'AS', 'AT', 'AU', 'AW', 'AX', 'AZ', 'BA', 'BB', 'BD', 'BE', 'BF', 'BG', 'BH', 'BI', 'BJ', 'BL', 'BM', 'BN', 'BO', 'BQ', 'BR', 'BS', 'BT', '...</msg>
<var>${list_country}</var>
<arg>AD</arg>
<arg>AE</arg>
<arg>AF</arg>
<arg>AG</arg>
<arg>AI</arg>
<arg>AL</arg>
<arg>AM</arg>
<arg>AO</arg>
<arg>AQ</arg>
<arg>AR</arg>
<arg>AS</arg>
<arg>AT</arg>
<arg>AU</arg>
<arg>AW</arg>
<arg>AX</arg>
<arg>AZ</arg>
<arg>BA</arg>
<arg>BB</arg>
<arg>BD</arg>
<arg>BE</arg>
<arg>BF</arg>
<arg>BG</arg>
<arg>BH</arg>
<arg>BI</arg>
<arg>BJ</arg>
<arg>BL</arg>
<arg>BM</arg>
<arg>BN</arg>
<arg>BO</arg>
<arg>BQ</arg>
<arg>BR</arg>
<arg>BS</arg>
<arg>BT</arg>
<arg>BV</arg>
<arg>BW</arg>
<arg>BY</arg>
<arg>BZ</arg>
<arg>CA</arg>
<arg>CC</arg>
<arg>CD</arg>
<arg>CF</arg>
<arg>CG</arg>
<arg>CH</arg>
<arg>CI</arg>
<arg>CK</arg>
<arg>CL</arg>
<arg>CM</arg>
<arg>CN</arg>
<arg>CO</arg>
<arg>CR</arg>
<arg>CU</arg>
<arg>CV</arg>
<arg>CW</arg>
<arg>CX</arg>
<arg>CY</arg>
<arg>CZ</arg>
<arg>DE</arg>
<arg>DJ</arg>
<arg>DK</arg>
<arg>DM</arg>
<arg>DO</arg>
<arg>DZ</arg>
<arg>EC</arg>
<arg>EE</arg>
<arg>EG</arg>
<arg>EH</arg>
<arg>ER</arg>
<arg>ES</arg>
<arg>ET</arg>
<arg>FI</arg>
<arg>FJ</arg>
<arg>FK</arg>
<arg>FM</arg>
<arg>FO</arg>
<arg>FR</arg>
<arg>GA</arg>
<arg>GB</arg>
<arg>GD</arg>
<arg>GE</arg>
<arg>GF</arg>
<arg>GG</arg>
<arg>GH</arg>
<arg>GI</arg>
<arg>GL</arg>
<arg>GM</arg>
<arg>GN</arg>
<arg>GP</arg>
<arg>GQ</arg>
<arg>GR</arg>
<arg>GS</arg>
<arg>GT</arg>
<arg>GU</arg>
<arg>GW</arg>
<arg>GY</arg>
<arg>HK</arg>
<arg>HM</arg>
<arg>HN</arg>
<arg>HR</arg>
<arg>HT</arg>
<arg>HU</arg>
<arg>ID</arg>
<arg>IE</arg>
<arg>IL</arg>
<arg>IM</arg>
<arg>IN</arg>
<arg>IO</arg>
<arg>IQ</arg>
<arg>IR</arg>
<arg>IS</arg>
<arg>IT</arg>
<arg>JE</arg>
<arg>JM</arg>
<arg>JO</arg>
<arg>JP</arg>
<arg>KE</arg>
<arg>KG</arg>
<arg>KH</arg>
<arg>KI</arg>
<arg>KM</arg>
<arg>KN</arg>
<arg>KP</arg>
<arg>KR</arg>
<arg>KW</arg>
<arg>KY</arg>
<arg>KZ</arg>
<arg>LA</arg>
<arg>LB</arg>
<arg>LC</arg>
<arg>LI</arg>
<arg>LK</arg>
<arg>LR</arg>
<arg>LS</arg>
<arg>LT</arg>
<arg>LU</arg>
<arg>LV</arg>
<arg>LY</arg>
<arg>MA</arg>
<arg>MC</arg>
<arg>MD</arg>
<arg>ME</arg>
<arg>MF</arg>
<arg>MG</arg>
<arg>MH</arg>
<arg>MK</arg>
<arg>ML</arg>
<arg>MM</arg>
<arg>MN</arg>
<arg>MO</arg>
<arg>MP</arg>
<arg>MQ</arg>
<arg>MR</arg>
<arg>MS</arg>
<arg>MT</arg>
<arg>MU</arg>
<arg>MV</arg>
<arg>MW</arg>
<arg>MX</arg>
<arg>MY</arg>
<arg>MZ</arg>
<arg>NA</arg>
<arg>NC</arg>
<arg>NE</arg>
<arg>NF</arg>
<arg>NG</arg>
<arg>NI</arg>
<arg>NL</arg>
<arg>NO</arg>
<arg>NP</arg>
<arg>NR</arg>
<arg>NU</arg>
<arg>NZ</arg>
<arg>OM</arg>
<arg>PA</arg>
<arg>PE</arg>
<arg>PF</arg>
<arg>PG</arg>
<arg>PH</arg>
<arg>PK</arg>
<arg>PL</arg>
<arg>PM</arg>
<arg>PN</arg>
<arg>PR</arg>
<arg>PS</arg>
<arg>PT</arg>
<arg>PW</arg>
<arg>PY</arg>
<arg>QA</arg>
<arg>RE</arg>
<arg>RO</arg>
<arg>RS</arg>
<arg>RU</arg>
<arg>RW</arg>
<arg>SA</arg>
<arg>SB</arg>
<arg>SC</arg>
<arg>SD</arg>
<arg>SE</arg>
<arg>SG</arg>
<arg>SH</arg>
<arg>SI</arg>
<arg>SJ</arg>
<arg>SK</arg>
<arg>SL</arg>
<arg>SM</arg>
<arg>SN</arg>
<arg>SO</arg>
<arg>SR</arg>
<arg>SS</arg>
<arg>ST</arg>
<arg>SV</arg>
<arg>SX</arg>
<arg>SY</arg>
<arg>SZ</arg>
<arg>TC</arg>
<arg>TD</arg>
<arg>TF</arg>
<arg>TG</arg>
<arg>TH</arg>
<arg>TJ</arg>
<arg>TK</arg>
<arg>TL</arg>
<arg>TM</arg>
<arg>TN</arg>
<arg>TO</arg>
<arg>TR</arg>
<arg>TT</arg>
<arg>TV</arg>
<arg>TW</arg>
<arg>TZ</arg>
<arg>UA</arg>
<arg>UG</arg>
<arg>UM</arg>
<arg>US</arg>
<arg>UY</arg>
<arg>UZ</arg>
<arg>VA</arg>
<arg>VC</arg>
<arg>VE</arg>
<arg>VG</arg>
<arg>VI</arg>
<arg>VN</arg>
<arg>VU</arg>
<arg>WF</arg>
<arg>WS</arg>
<arg>XK</arg>
<arg>YE</arg>
<arg>YT</arg>
<arg>ZA</arg>
<arg>ZM</arg>
<arg>ZW</arg>
<doc>Returns a list containing given items.</doc>
<status status="PASS" start="2024-06-02T08:17:17.764265" elapsed="0.000616"/>
</kw>
<kw name="List Should Contain Value" owner="Collections">
<msg time="2024-06-02T08:17:17.765870" level="INFO">False</msg>
<arg>${list_country}</arg>
<arg>${name_country}</arg>
<doc>Fails if the ``value`` is not found from ``list``.</doc>
<status status="PASS" start="2024-06-02T08:17:17.765657" elapsed="0.000249"/>
</kw>
<kw name="Run Keyword If" owner="BuiltIn">
<kw name="Should Be True" owner="BuiltIn">
<arg>${True}</arg>
<doc>Fails if the given condition is not true.</doc>
<status status="PASS" start="2024-06-02T08:17:17.766931" elapsed="0.000140"/>
</kw>
<arg>${json_data["results"][0]["location"]["coordinates"]["latitude"]} &gt;= -90 and ${json_data["results"][0]["location"]["coordinates"]["latitude"]} &lt;= 90</arg>
<arg>Should Be True</arg>
<arg>${True}</arg>
<doc>Runs the given keyword with the given arguments, if ``condition`` is true.</doc>
<status status="PASS" start="2024-06-02T08:17:17.766212" elapsed="0.000981"/>
</kw>
<kw name="Run Keyword If" owner="BuiltIn">
<kw name="Should Be True" owner="BuiltIn">
<arg>${True}</arg>
<doc>Fails if the given condition is not true.</doc>
<status status="PASS" start="2024-06-02T08:17:17.768089" elapsed="0.000240"/>
</kw>
<arg>${json_data["results"][0]["location"]["coordinates"]["longitude"]} &gt;= -180 and ${json_data["results"][0]["location"]["coordinates"]["longitude"]} &lt;= 180</arg>
<arg>Should Be True</arg>
<arg>${True}</arg>
<doc>Runs the given keyword with the given arguments, if ``condition`` is true.</doc>
<status status="PASS" start="2024-06-02T08:17:17.767371" elapsed="0.001083"/>
</kw>
<status status="PASS" start="2024-06-02T08:17:17.666932" elapsed="0.101649"/>
</kw>
<doc>Testa o conteúdo específico dos campos retornados pela API.</doc>
<tag>testeConteudo</tag>
<status status="PASS" start="2024-06-02T08:17:17.666519" elapsed="0.102201"/>
</test>
<status status="PASS" start="2024-06-02T08:17:16.831345" elapsed="0.939275"/>
</suite>
<status status="PASS" start="2024-06-02T08:17:16.818019" elapsed="0.957734"/>
</suite>
<statistics>
<total>
<stat pass="5" fail="0" skip="0">All Tests</stat>
</total>
<tag>
<stat pass="1" fail="0" skip="0">testeConteudo</stat>
<stat pass="1" fail="0" skip="0">testeEstruturaResposta</stat>
<stat pass="1" fail="0" skip="0">testeRequisicaoBasica</stat>
<stat pass="1" fail="0" skip="0">testeTiposDados</stat>
</tag>
<suite>
<stat pass="5" fail="0" skip="0" id="s1" name="Tests">Tests</stat>
<stat pass="5" fail="0" skip="0" id="s1-s1" name="Random-User-Test">Tests.Random-User-Test</stat>
</suite>
</statistics>
<errors>
</errors>
</robot>
