<?xml version="1.0" encoding="UTF-8"?>
<robot generator="Robot 7.0.1 (Python 3.12.4 on linux)" generated="2024-06-19T16:18:32.910092" rpa="false" schemaversion="5">
<suite id="s1" name="Tests" source="/home/runner/work/ApiRandomUser/ApiRandomUser/RamdonUser/tests">
<suite id="s1-s1" name="Random-User-Test" source="/home/runner/work/ApiRandomUser/ApiRandomUser/RamdonUser/tests/random-user-test.robot">
<test id="s1-s1-t1" name="Conectar" line="13">
<kw name="Conectar API" owner="random-user-service">
<kw name="Create Session" owner="RequestsLibrary">
<msg time="2024-06-19T16:18:33.336869" level="INFO">Creating Session using : alias=consultarAPI, url=https://randomuser.me/, headers={},                     cookies={}, auth=None, timeout=None, proxies=None, verify=False,                     debug=0 </msg>
<arg>consultarAPI</arg>
<arg>${URL}</arg>
<doc>Create Session: create a HTTP session to a server</doc>
<status status="PASS" start="2024-06-19T16:18:33.336651" elapsed="0.000398"/>
</kw>
<status status="PASS" start="2024-06-19T16:18:33.335653" elapsed="0.001753"/>
</kw>
<status status="PASS" start="2024-06-19T16:18:33.335101" elapsed="0.002498"/>
</test>
<test id="s1-s1-t2" name="Validar retorno 200 e JSON Válido" line="16">
<kw name="Teste de Requisicao Basica" owner="random-user-service">
<kw name="GET On Session" owner="RequestsLibrary">
<msg time="2024-06-19T16:18:33.438061" level="INFO">GET Request : url=https://randomuser.me/api 
 path_url=/api 
 headers={'User-Agent': 'python-requests/2.32.3', 'Accept-Encoding': 'gzip, deflate', 'Accept': '*/*', 'Connection': 'keep-alive'} 
 body=None 
 </msg>
<msg time="2024-06-19T16:18:33.438218" level="INFO">GET Response : url=https://randomuser.me/api 
 status=200, reason=OK 
 headers={'Date': 'Wed, 19 Jun 2024 16:18:33 GMT', 'Content-Type': 'application/json; charset=utf-8', 'Transfer-Encoding': 'chunked', 'Connection': 'keep-alive', 'X-Powered-By': 'Express', 'Access-Control-Allow-Origin': '*', 'Cache-Control': 'no-cache', 'ETag': 'W/"497-RjAON9wm/9gJ3X2nTWva4I6Uz8g"', 'Vary': 'Accept-Encoding', 'Content-Encoding': 'gzip', 'CF-Cache-Status': 'DYNAMIC', 'Report-To': '{"endpoints":[{"url":"https:\\/\\/a.nel.cloudflare.com\\/report\\/v4?s=870k39rzR62b%2FjnYg4Hx90G0o5pffV16J4i4bFPz7znm3b1L5BxcKqXwEzhT1P1pshDN7QGo4rUDw48HDM6OzuvLDMRruLpj58AZZ5zbN8wMDLM36Nr%2BdMM%2FHC23jtCh"}],"group":"cf-nel","max_age":604800}', 'NEL': '{"success_fraction":0,"report_to":"cf-nel","max_age":604800}', 'Server': 'cloudflare', 'CF-RAY': '8964d5ee8d54820c-IAD', 'alt-svc': 'h3=":443"; ma=86400'} 
 body={"results":[{"gender":"female","name":{"title":"Miss","first":"Ariana","last":"Morris"},"location":{"street":{"number":3566,"name":"Princes Street"},"city":"Taupo","state":"Auckland","country":"New Zealand","postcode":84654,"coordinates":{"latitude":"54.8320","longitude":"132.7558"},"timezone":{"offset":"0:00","description":"Western Europe Time, London, Lisbon, Casablanca"}},"email":"ariana.morris@example.com","login":{"uuid":"18275bb0-ddb3-45a0-ab8b-f30d712d636b","username":"sadzebra306","password":"lions","salt":"2RnuPbkS","md5":"1d1e3064dcdc6976529ddc96384cb060","sha1":"fa17991ebcaf0895250b64b8605843abb9f32d96","sha256":"3581090adab64badaffa5d197ddd34e05a4ed986a5ca20732b1b23fb0dfd9d1c"},"dob":{"date":"1946-12-23T16:21:30.508Z","age":77},"registered":{"date":"2019-05-10T00:16:28.549Z","age":5},"phone":"(118)-313-7588","cell":"(246)-277-3479","id":{"name":"","value":null},"picture":{"large":"https://randomuser.me/api/portraits/women/42.jpg","medium":"https://randomuser.me/api/portraits/med/women/42.jpg","thumbnail":"https://randomuser.me/api/portraits/thumb/women/42.jpg"},"nat":"NZ"}],"info":{"seed":"1b88fcd4fcb1f631","results":1,"page":1,"version":"1.4"}} 
 </msg>
<msg time="2024-06-19T16:18:33.438303" level="INFO">/opt/hostedtoolcache/Python/3.12.4/x64/lib/python3.12/site-packages/urllib3/connectionpool.py:1099: InsecureRequestWarning: Unverified HTTPS request is being made to host 'randomuser.me'. Adding certificate verification is strongly advised. See: https://urllib3.readthedocs.io/en/latest/advanced-usage.html#tls-warnings
  warnings.warn(</msg>
<msg time="2024-06-19T16:18:33.438441" level="INFO">${response} = &lt;Response [200]&gt;</msg>
<var>${response}</var>
<arg>consultarAPI</arg>
<arg>/api</arg>
<doc>Sends a GET request on a previously created HTTP Session.</doc>
<status status="PASS" start="2024-06-19T16:18:33.340187" elapsed="0.098293"/>
</kw>
<kw name="Should Be Equal As Numbers" owner="BuiltIn">
<msg time="2024-06-19T16:18:33.439532" level="INFO">Argument types are:
&lt;class 'int'&gt;
&lt;class 'str'&gt;</msg>
<arg>${response.status_code}</arg>
<arg>200</arg>
<doc>Fails if objects are unequal after converting them to real numbers.</doc>
<status status="PASS" start="2024-06-19T16:18:33.439048" elapsed="0.000551"/>
</kw>
<kw name="Log" owner="BuiltIn">
<msg time="2024-06-19T16:18:33.440311" level="INFO">200</msg>
<arg>${response.status_code}</arg>
<doc>Logs the given message with the given level.</doc>
<status status="PASS" start="2024-06-19T16:18:33.439945" elapsed="0.000410"/>
</kw>
<kw name="Set Variable" owner="BuiltIn">
<msg time="2024-06-19T16:18:33.441153" level="INFO">${json_data} = {'results': [{'gender': 'female', 'name': {'title': 'Miss', 'first': 'Ariana', 'last': 'Morris'}, 'location': {'street': {'number': 3566, 'name': 'Princes Street'}, 'city': 'Taupo', 'state': 'Auckland...</msg>
<var>${json_data}</var>
<arg>${response.json()}</arg>
<doc>Returns the given values which can then be assigned to a variables.</doc>
<status status="PASS" start="2024-06-19T16:18:33.440706" elapsed="0.000475"/>
</kw>
<kw name="Dictionary Should Contain Key" owner="Collections">
<arg>${json_data}</arg>
<arg>results</arg>
<doc>Fails if ``key`` is not found from ``dictionary``.</doc>
<status status="PASS" start="2024-06-19T16:18:33.441484" elapsed="0.000179"/>
</kw>
<status status="PASS" start="2024-06-19T16:18:33.339937" elapsed="0.101881"/>
</kw>
<doc>Testa se a API responde corretamente e retorna um objeto JSON válido.</doc>
<tag>testeRequisicaoBasica</tag>
<status status="PASS" start="2024-06-19T16:18:33.339462" elapsed="0.102534"/>
</test>
<test id="s1-s1-t3" name="Validar estrutura de resposta" line="22">
<kw name="Teste de Estrutura de Resposta" owner="random-user-service">
<kw name="GET On Session" owner="RequestsLibrary">
<msg time="2024-06-19T16:18:33.517334" level="INFO">GET Request : url=https://randomuser.me/api 
 path_url=/api 
 headers={'User-Agent': 'python-requests/2.32.3', 'Accept-Encoding': 'gzip, deflate', 'Accept': '*/*', 'Connection': 'keep-alive'} 
 body=None 
 </msg>
<msg time="2024-06-19T16:18:33.517452" level="INFO">GET Response : url=https://randomuser.me/api 
 status=200, reason=OK 
 headers={'Date': 'Wed, 19 Jun 2024 16:18:33 GMT', 'Content-Type': 'application/json; charset=utf-8', 'Transfer-Encoding': 'chunked', 'Connection': 'keep-alive', 'X-Powered-By': 'Express', 'Access-Control-Allow-Origin': '*', 'Cache-Control': 'no-cache', 'ETag': 'W/"49b-7d/pAQ4ApkT4ob+4ClYqdkW15+Q"', 'Vary': 'Accept-Encoding', 'Content-Encoding': 'gzip', 'CF-Cache-Status': 'DYNAMIC', 'Report-To': '{"endpoints":[{"url":"https:\\/\\/a.nel.cloudflare.com\\/report\\/v4?s=nBkxRfag4qZP7ROWwd4qIhLzhdePuqX%2FPie0OaPdBNd3hHTqRrmZB5XIUsF6fidj0ZxevSPGWSXudBgDrGZJyU%2BN%2BCqOzRIqqiwT9AcY3PKtnaf0pWktL4CP3qUwdq59"}],"group":"cf-nel","max_age":604800}', 'NEL': '{"success_fraction":0,"report_to":"cf-nel","max_age":604800}', 'Server': 'cloudflare', 'CF-RAY': '8964d5ef0e0b820c-IAD', 'alt-svc': 'h3=":443"; ma=86400'} 
 body={"results":[{"gender":"male","name":{"title":"Mr","first":"Felix","last":"Watts"},"location":{"street":{"number":2149,"name":"White Oak Dr"},"city":"Surprise","state":"Kentucky","country":"United States","postcode":64123,"coordinates":{"latitude":"87.0855","longitude":"-89.5634"},"timezone":{"offset":"+5:00","description":"Ekaterinburg, Islamabad, Karachi, Tashkent"}},"email":"felix.watts@example.com","login":{"uuid":"5fa3fd59-4dda-49a3-9c0c-ef2ae98693ab","username":"angrypeacock902","password":"sf49ers","salt":"p1ZPLOmv","md5":"a90dc1b54d805031b0cd8862a217a830","sha1":"58b7e1981f98026038167ce138be4f1b0a407038","sha256":"99640ae3cd0d29b9927abd1725999696329f2f13a99f756be40700735810291c"},"dob":{"date":"2001-04-29T23:41:02.808Z","age":23},"registered":{"date":"2005-01-16T17:02:20.101Z","age":19},"phone":"(955) 562-6704","cell":"(535) 704-8503","id":{"name":"SSN","value":"538-23-9316"},"picture":{"large":"https://randomuser.me/api/portraits/men/68.jpg","medium":"https://randomuser.me/api/portraits/med/men/68.jpg","thumbnail":"https://randomuser.me/api/portraits/thumb/men/68.jpg"},"nat":"US"}],"info":{"seed":"8292a93ca8cb2704","results":1,"page":1,"version":"1.4"}} 
 </msg>
<msg time="2024-06-19T16:18:33.517597" level="INFO">/opt/hostedtoolcache/Python/3.12.4/x64/lib/python3.12/site-packages/urllib3/connectionpool.py:1099: InsecureRequestWarning: Unverified HTTPS request is being made to host 'randomuser.me'. Adding certificate verification is strongly advised. See: https://urllib3.readthedocs.io/en/latest/advanced-usage.html#tls-warnings
  warnings.warn(</msg>
<msg time="2024-06-19T16:18:33.517729" level="INFO">${response} = &lt;Response [200]&gt;</msg>
<var>${response}</var>
<arg>consultarAPI</arg>
<arg>/api</arg>
<doc>Sends a GET request on a previously created HTTP Session.</doc>
<status status="PASS" start="2024-06-19T16:18:33.444684" elapsed="0.073080"/>
</kw>
<kw name="Set Variable" owner="BuiltIn">
<msg time="2024-06-19T16:18:33.518845" level="INFO">${json_data} = {'results': [{'gender': 'male', 'name': {'title': 'Mr', 'first': 'Felix', 'last': 'Watts'}, 'location': {'street': {'number': 2149, 'name': 'White Oak Dr'}, 'city': 'Surprise', 'state': 'Kentucky', 'c...</msg>
<var>${json_data}</var>
<arg>${response.json()}</arg>
<doc>Returns the given values which can then be assigned to a variables.</doc>
<status status="PASS" start="2024-06-19T16:18:33.518306" elapsed="0.000570"/>
</kw>
<kw name="Log" owner="BuiltIn">
<msg time="2024-06-19T16:18:33.519405" level="INFO">{'results': [{'gender': 'male', 'name': {'title': 'Mr', 'first': 'Felix', 'last': 'Watts'}, 'location': {'street': {'number': 2149, 'name': 'White Oak Dr'}, 'city': 'Surprise', 'state': 'Kentucky', 'country': 'United States', 'postcode': 64123, 'coordinates': {'latitude': '87.0855', 'longitude': '-89.5634'}, 'timezone': {'offset': '+5:00', 'description': 'Ekaterinburg, Islamabad, Karachi, Tashkent'}}, 'email': 'felix.watts@example.com', 'login': {'uuid': '5fa3fd59-4dda-49a3-9c0c-ef2ae98693ab', 'username': 'angrypeacock902', 'password': 'sf49ers', 'salt': 'p1ZPLOmv', 'md5': 'a90dc1b54d805031b0cd8862a217a830', 'sha1': '58b7e1981f98026038167ce138be4f1b0a407038', 'sha256': '99640ae3cd0d29b9927abd1725999696329f2f13a99f756be40700735810291c'}, 'dob': {'date': '2001-04-29T23:41:02.808Z', 'age': 23}, 'registered': {'date': '2005-01-16T17:02:20.101Z', 'age': 19}, 'phone': '(955) 562-6704', 'cell': '(535) 704-8503', 'id': {'name': 'SSN', 'value': '538-23-9316'}, 'picture': {'large': 'https://randomuser.me/api/portraits/men/68.jpg', 'medium': 'https://randomuser.me/api/portraits/med/men/68.jpg', 'thumbnail': 'https://randomuser.me/api/portraits/thumb/men/68.jpg'}, 'nat': 'US'}], 'info': {'seed': '8292a93ca8cb2704', 'results': 1, 'page': 1, 'version': '1.4'}}</msg>
<arg>${json_data}</arg>
<doc>Logs the given message with the given level.</doc>
<status status="PASS" start="2024-06-19T16:18:33.519232" elapsed="0.000223"/>
</kw>
<kw name="Dictionary Should Contain Key" owner="Collections">
<arg>${json_data}</arg>
<arg>results</arg>
<doc>Fails if ``key`` is not found from ``dictionary``.</doc>
<status status="PASS" start="2024-06-19T16:18:33.519762" elapsed="0.000168"/>
</kw>
<kw name="Should Not Be Empty" owner="BuiltIn">
<msg time="2024-06-19T16:18:33.520252" level="INFO">Length is 2.</msg>
<arg>${json_data}</arg>
<doc>Verifies that the given item is not empty.</doc>
<status status="PASS" start="2024-06-19T16:18:33.520119" elapsed="0.000175"/>
</kw>
<kw name="Create List" owner="BuiltIn">
<msg time="2024-06-19T16:18:33.520785" level="INFO">${expected_keys} = ['gender', 'name', 'location', 'email', 'login']</msg>
<var>${expected_keys}</var>
<arg>gender</arg>
<arg>name</arg>
<arg>location</arg>
<arg>email</arg>
<arg>login</arg>
<doc>Returns a list containing given items.</doc>
<status status="PASS" start="2024-06-19T16:18:33.520593" elapsed="0.000216"/>
</kw>
<for flavor="IN">
<iter>
<kw name="Dictionary Should Contain Key" owner="Collections">
<arg>${json_data['results'][0]}</arg>
<arg>${key}</arg>
<doc>Fails if ``key`` is not found from ``dictionary``.</doc>
<status status="PASS" start="2024-06-19T16:18:33.521578" elapsed="0.000415"/>
</kw>
<kw name="Log" owner="BuiltIn">
<msg time="2024-06-19T16:18:33.522547" level="INFO">{'gender': 'male', 'name': {'title': 'Mr', 'first': 'Felix', 'last': 'Watts'}, 'location': {'street': {'number': 2149, 'name': 'White Oak Dr'}, 'city': 'Surprise', 'state': 'Kentucky', 'country': 'United States', 'postcode': 64123, 'coordinates': {'latitude': '87.0855', 'longitude': '-89.5634'}, 'timezone': {'offset': '+5:00', 'description': 'Ekaterinburg, Islamabad, Karachi, Tashkent'}}, 'email': 'felix.watts@example.com', 'login': {'uuid': '5fa3fd59-4dda-49a3-9c0c-ef2ae98693ab', 'username': 'angrypeacock902', 'password': 'sf49ers', 'salt': 'p1ZPLOmv', 'md5': 'a90dc1b54d805031b0cd8862a217a830', 'sha1': '58b7e1981f98026038167ce138be4f1b0a407038', 'sha256': '99640ae3cd0d29b9927abd1725999696329f2f13a99f756be40700735810291c'}, 'dob': {'date': '2001-04-29T23:41:02.808Z', 'age': 23}, 'registered': {'date': '2005-01-16T17:02:20.101Z', 'age': 19}, 'phone': '(955) 562-6704', 'cell': '(535) 704-8503', 'id': {'name': 'SSN', 'value': '538-23-9316'}, 'picture': {'large': 'https://randomuser.me/api/portraits/men/68.jpg', 'medium': 'https://randomuser.me/api/portraits/med/men/68.jpg', 'thumbnail': 'https://randomuser.me/api/portraits/thumb/men/68.jpg'}, 'nat': 'US'}</msg>
<arg>${json_data['results'][0]}</arg>
<doc>Logs the given message with the given level.</doc>
<status status="PASS" start="2024-06-19T16:18:33.522182" elapsed="0.000413"/>
</kw>
<kw name="Log" owner="BuiltIn">
<msg time="2024-06-19T16:18:33.523029" level="INFO">gender</msg>
<arg>${key}</arg>
<doc>Logs the given message with the given level.</doc>
<status status="PASS" start="2024-06-19T16:18:33.522899" elapsed="0.000169"/>
</kw>
<var name="${key}">gender</var>
<status status="PASS" start="2024-06-19T16:18:33.521446" elapsed="0.001841"/>
</iter>
<iter>
<kw name="Dictionary Should Contain Key" owner="Collections">
<arg>${json_data['results'][0]}</arg>
<arg>${key}</arg>
<doc>Fails if ``key`` is not found from ``dictionary``.</doc>
<status status="PASS" start="2024-06-19T16:18:33.523587" elapsed="0.000402"/>
</kw>
<kw name="Log" owner="BuiltIn">
<msg time="2024-06-19T16:18:33.524538" level="INFO">{'gender': 'male', 'name': {'title': 'Mr', 'first': 'Felix', 'last': 'Watts'}, 'location': {'street': {'number': 2149, 'name': 'White Oak Dr'}, 'city': 'Surprise', 'state': 'Kentucky', 'country': 'United States', 'postcode': 64123, 'coordinates': {'latitude': '87.0855', 'longitude': '-89.5634'}, 'timezone': {'offset': '+5:00', 'description': 'Ekaterinburg, Islamabad, Karachi, Tashkent'}}, 'email': 'felix.watts@example.com', 'login': {'uuid': '5fa3fd59-4dda-49a3-9c0c-ef2ae98693ab', 'username': 'angrypeacock902', 'password': 'sf49ers', 'salt': 'p1ZPLOmv', 'md5': 'a90dc1b54d805031b0cd8862a217a830', 'sha1': '58b7e1981f98026038167ce138be4f1b0a407038', 'sha256': '99640ae3cd0d29b9927abd1725999696329f2f13a99f756be40700735810291c'}, 'dob': {'date': '2001-04-29T23:41:02.808Z', 'age': 23}, 'registered': {'date': '2005-01-16T17:02:20.101Z', 'age': 19}, 'phone': '(955) 562-6704', 'cell': '(535) 704-8503', 'id': {'name': 'SSN', 'value': '538-23-9316'}, 'picture': {'large': 'https://randomuser.me/api/portraits/men/68.jpg', 'medium': 'https://randomuser.me/api/portraits/med/men/68.jpg', 'thumbnail': 'https://randomuser.me/api/portraits/thumb/men/68.jpg'}, 'nat': 'US'}</msg>
<arg>${json_data['results'][0]}</arg>
<doc>Logs the given message with the given level.</doc>
<status status="PASS" start="2024-06-19T16:18:33.524183" elapsed="0.000456"/>
</kw>
<kw name="Log" owner="BuiltIn">
<msg time="2024-06-19T16:18:33.525069" level="INFO">name</msg>
<arg>${key}</arg>
<doc>Logs the given message with the given level.</doc>
<status status="PASS" start="2024-06-19T16:18:33.524939" elapsed="0.000168"/>
</kw>
<var name="${key}">name</var>
<status status="PASS" start="2024-06-19T16:18:33.523476" elapsed="0.001846"/>
</iter>
<iter>
<kw name="Dictionary Should Contain Key" owner="Collections">
<arg>${json_data['results'][0]}</arg>
<arg>${key}</arg>
<doc>Fails if ``key`` is not found from ``dictionary``.</doc>
<status status="PASS" start="2024-06-19T16:18:33.525607" elapsed="0.000386"/>
</kw>
<kw name="Log" owner="BuiltIn">
<msg time="2024-06-19T16:18:33.526523" level="INFO">{'gender': 'male', 'name': {'title': 'Mr', 'first': 'Felix', 'last': 'Watts'}, 'location': {'street': {'number': 2149, 'name': 'White Oak Dr'}, 'city': 'Surprise', 'state': 'Kentucky', 'country': 'United States', 'postcode': 64123, 'coordinates': {'latitude': '87.0855', 'longitude': '-89.5634'}, 'timezone': {'offset': '+5:00', 'description': 'Ekaterinburg, Islamabad, Karachi, Tashkent'}}, 'email': 'felix.watts@example.com', 'login': {'uuid': '5fa3fd59-4dda-49a3-9c0c-ef2ae98693ab', 'username': 'angrypeacock902', 'password': 'sf49ers', 'salt': 'p1ZPLOmv', 'md5': 'a90dc1b54d805031b0cd8862a217a830', 'sha1': '58b7e1981f98026038167ce138be4f1b0a407038', 'sha256': '99640ae3cd0d29b9927abd1725999696329f2f13a99f756be40700735810291c'}, 'dob': {'date': '2001-04-29T23:41:02.808Z', 'age': 23}, 'registered': {'date': '2005-01-16T17:02:20.101Z', 'age': 19}, 'phone': '(955) 562-6704', 'cell': '(535) 704-8503', 'id': {'name': 'SSN', 'value': '538-23-9316'}, 'picture': {'large': 'https://randomuser.me/api/portraits/men/68.jpg', 'medium': 'https://randomuser.me/api/portraits/med/men/68.jpg', 'thumbnail': 'https://randomuser.me/api/portraits/thumb/men/68.jpg'}, 'nat': 'US'}</msg>
<arg>${json_data['results'][0]}</arg>
<doc>Logs the given message with the given level.</doc>
<status status="PASS" start="2024-06-19T16:18:33.526176" elapsed="0.000395"/>
</kw>
<kw name="Log" owner="BuiltIn">
<msg time="2024-06-19T16:18:33.526989" level="INFO">location</msg>
<arg>${key}</arg>
<doc>Logs the given message with the given level.</doc>
<status status="PASS" start="2024-06-19T16:18:33.526860" elapsed="0.000166"/>
</kw>
<var name="${key}">location</var>
<status status="PASS" start="2024-06-19T16:18:33.525500" elapsed="0.001740"/>
</iter>
<iter>
<kw name="Dictionary Should Contain Key" owner="Collections">
<arg>${json_data['results'][0]}</arg>
<arg>${key}</arg>
<doc>Fails if ``key`` is not found from ``dictionary``.</doc>
<status status="PASS" start="2024-06-19T16:18:33.527516" elapsed="0.000385"/>
</kw>
<kw name="Log" owner="BuiltIn">
<msg time="2024-06-19T16:18:33.528440" level="INFO">{'gender': 'male', 'name': {'title': 'Mr', 'first': 'Felix', 'last': 'Watts'}, 'location': {'street': {'number': 2149, 'name': 'White Oak Dr'}, 'city': 'Surprise', 'state': 'Kentucky', 'country': 'United States', 'postcode': 64123, 'coordinates': {'latitude': '87.0855', 'longitude': '-89.5634'}, 'timezone': {'offset': '+5:00', 'description': 'Ekaterinburg, Islamabad, Karachi, Tashkent'}}, 'email': 'felix.watts@example.com', 'login': {'uuid': '5fa3fd59-4dda-49a3-9c0c-ef2ae98693ab', 'username': 'angrypeacock902', 'password': 'sf49ers', 'salt': 'p1ZPLOmv', 'md5': 'a90dc1b54d805031b0cd8862a217a830', 'sha1': '58b7e1981f98026038167ce138be4f1b0a407038', 'sha256': '99640ae3cd0d29b9927abd1725999696329f2f13a99f756be40700735810291c'}, 'dob': {'date': '2001-04-29T23:41:02.808Z', 'age': 23}, 'registered': {'date': '2005-01-16T17:02:20.101Z', 'age': 19}, 'phone': '(955) 562-6704', 'cell': '(535) 704-8503', 'id': {'name': 'SSN', 'value': '538-23-9316'}, 'picture': {'large': 'https://randomuser.me/api/portraits/men/68.jpg', 'medium': 'https://randomuser.me/api/portraits/med/men/68.jpg', 'thumbnail': 'https://randomuser.me/api/portraits/thumb/men/68.jpg'}, 'nat': 'US'}</msg>
<arg>${json_data['results'][0]}</arg>
<doc>Logs the given message with the given level.</doc>
<status status="PASS" start="2024-06-19T16:18:33.528085" elapsed="0.000405"/>
</kw>
<kw name="Log" owner="BuiltIn">
<msg time="2024-06-19T16:18:33.528939" level="INFO">email</msg>
<arg>${key}</arg>
<doc>Logs the given message with the given level.</doc>
<status status="PASS" start="2024-06-19T16:18:33.528812" elapsed="0.000164"/>
</kw>
<var name="${key}">email</var>
<status status="PASS" start="2024-06-19T16:18:33.527410" elapsed="0.001777"/>
</iter>
<iter>
<kw name="Dictionary Should Contain Key" owner="Collections">
<arg>${json_data['results'][0]}</arg>
<arg>${key}</arg>
<doc>Fails if ``key`` is not found from ``dictionary``.</doc>
<status status="PASS" start="2024-06-19T16:18:33.529462" elapsed="0.000390"/>
</kw>
<kw name="Log" owner="BuiltIn">
<msg time="2024-06-19T16:18:33.530376" level="INFO">{'gender': 'male', 'name': {'title': 'Mr', 'first': 'Felix', 'last': 'Watts'}, 'location': {'street': {'number': 2149, 'name': 'White Oak Dr'}, 'city': 'Surprise', 'state': 'Kentucky', 'country': 'United States', 'postcode': 64123, 'coordinates': {'latitude': '87.0855', 'longitude': '-89.5634'}, 'timezone': {'offset': '+5:00', 'description': 'Ekaterinburg, Islamabad, Karachi, Tashkent'}}, 'email': 'felix.watts@example.com', 'login': {'uuid': '5fa3fd59-4dda-49a3-9c0c-ef2ae98693ab', 'username': 'angrypeacock902', 'password': 'sf49ers', 'salt': 'p1ZPLOmv', 'md5': 'a90dc1b54d805031b0cd8862a217a830', 'sha1': '58b7e1981f98026038167ce138be4f1b0a407038', 'sha256': '99640ae3cd0d29b9927abd1725999696329f2f13a99f756be40700735810291c'}, 'dob': {'date': '2001-04-29T23:41:02.808Z', 'age': 23}, 'registered': {'date': '2005-01-16T17:02:20.101Z', 'age': 19}, 'phone': '(955) 562-6704', 'cell': '(535) 704-8503', 'id': {'name': 'SSN', 'value': '538-23-9316'}, 'picture': {'large': 'https://randomuser.me/api/portraits/men/68.jpg', 'medium': 'https://randomuser.me/api/portraits/med/men/68.jpg', 'thumbnail': 'https://randomuser.me/api/portraits/thumb/men/68.jpg'}, 'nat': 'US'}</msg>
<arg>${json_data['results'][0]}</arg>
<doc>Logs the given message with the given level.</doc>
<status status="PASS" start="2024-06-19T16:18:33.530030" elapsed="0.000391"/>
</kw>
<kw name="Log" owner="BuiltIn">
<msg time="2024-06-19T16:18:33.530841" level="INFO">login</msg>
<arg>${key}</arg>
<doc>Logs the given message with the given level.</doc>
<status status="PASS" start="2024-06-19T16:18:33.530712" elapsed="0.000165"/>
</kw>
<var name="${key}">login</var>
<status status="PASS" start="2024-06-19T16:18:33.529356" elapsed="0.001732"/>
</iter>
<var>${key}</var>
<value>@{expected_keys}</value>
<status status="PASS" start="2024-06-19T16:18:33.521243" elapsed="0.009963"/>
</for>
<kw name="Create List" owner="BuiltIn">
<msg time="2024-06-19T16:18:33.531564" level="INFO">${expected_keysTwo} = ['username', 'password']</msg>
<var>${expected_keysTwo}</var>
<arg>username</arg>
<arg>password</arg>
<doc>Returns a list containing given items.</doc>
<status status="PASS" start="2024-06-19T16:18:33.531396" elapsed="0.000193"/>
</kw>
<for flavor="IN">
<iter>
<kw name="Dictionary Should Contain Key" owner="Collections">
<arg>${json_data['results'][0]['login']}</arg>
<arg>${keyTwo}</arg>
<doc>Fails if ``key`` is not found from ``dictionary``.</doc>
<status status="PASS" start="2024-06-19T16:18:33.532091" elapsed="0.000387"/>
</kw>
<kw name="Dictionary Should Contain Key" owner="Collections">
<arg>${json_data['results'][0]['login']}</arg>
<arg>${keyTwo}</arg>
<doc>Fails if ``key`` is not found from ``dictionary``.</doc>
<status status="PASS" start="2024-06-19T16:18:33.532678" elapsed="0.000385"/>
</kw>
<kw name="Log" owner="BuiltIn">
<msg time="2024-06-19T16:18:33.533370" level="INFO">username</msg>
<arg>${keyTwo}</arg>
<doc>Logs the given message with the given level.</doc>
<status status="PASS" start="2024-06-19T16:18:33.533250" elapsed="0.000158"/>
</kw>
<var name="${keyTwo}">username</var>
<status status="PASS" start="2024-06-19T16:18:33.531984" elapsed="0.001641"/>
</iter>
<iter>
<kw name="Dictionary Should Contain Key" owner="Collections">
<arg>${json_data['results'][0]['login']}</arg>
<arg>${keyTwo}</arg>
<doc>Fails if ``key`` is not found from ``dictionary``.</doc>
<status status="PASS" start="2024-06-19T16:18:33.533910" elapsed="0.000399"/>
</kw>
<kw name="Dictionary Should Contain Key" owner="Collections">
<arg>${json_data['results'][0]['login']}</arg>
<arg>${keyTwo}</arg>
<doc>Fails if ``key`` is not found from ``dictionary``.</doc>
<status status="PASS" start="2024-06-19T16:18:33.534488" elapsed="0.000377"/>
</kw>
<kw name="Log" owner="BuiltIn">
<msg time="2024-06-19T16:18:33.535160" level="INFO">password</msg>
<arg>${keyTwo}</arg>
<doc>Logs the given message with the given level.</doc>
<status status="PASS" start="2024-06-19T16:18:33.535041" elapsed="0.000156"/>
</kw>
<var name="${keyTwo}">password</var>
<status status="PASS" start="2024-06-19T16:18:33.533803" elapsed="0.001612"/>
</iter>
<var>${keyTwo}</var>
<value>@{expected_keysTwo}</value>
<status status="PASS" start="2024-06-19T16:18:33.531828" elapsed="0.003705"/>
</for>
<status status="PASS" start="2024-06-19T16:18:33.444406" elapsed="0.091267"/>
</kw>
<doc>Testa a estrutura da resposta da API.</doc>
<tag>testeEstruturaResposta</tag>
<status status="PASS" start="2024-06-19T16:18:33.443882" elapsed="0.091947"/>
</test>
<test id="s1-s1-t4" name="Validar tipos de dados" line="28">
<kw name="Teste de Tipos de Dados" owner="random-user-service">
<kw name="GET On Session" owner="RequestsLibrary">
<msg time="2024-06-19T16:18:33.620921" level="INFO">GET Request : url=https://randomuser.me/api 
 path_url=/api 
 headers={'User-Agent': 'python-requests/2.32.3', 'Accept-Encoding': 'gzip, deflate', 'Accept': '*/*', 'Connection': 'keep-alive'} 
 body=None 
 </msg>
<msg time="2024-06-19T16:18:33.621018" level="INFO">GET Response : url=https://randomuser.me/api 
 status=200, reason=OK 
 headers={'Date': 'Wed, 19 Jun 2024 16:18:33 GMT', 'Content-Type': 'application/json; charset=utf-8', 'Transfer-Encoding': 'chunked', 'Connection': 'keep-alive', 'X-Powered-By': 'Express', 'Access-Control-Allow-Origin': '*', 'Cache-Control': 'no-cache', 'ETag': 'W/"4b0-n5SmDE7xtCBoMVARMgNPpQZ7ln8"', 'Vary': 'Accept-Encoding', 'Content-Encoding': 'gzip', 'CF-Cache-Status': 'DYNAMIC', 'Report-To': '{"endpoints":[{"url":"https:\\/\\/a.nel.cloudflare.com\\/report\\/v4?s=N9P3hGdiKzjOphBHssAdIyLR%2FreG0I51iRfH6qnMXWly9LhSc1e02xRNTbG9yHzAVUlxzcsoCfNGKZa0mb8h3yU0GIKWIhRNsCyzlqMaLB71SoJQkvAzuL%2BEosAq%2Bs6%2B"}],"group":"cf-nel","max_age":604800}', 'NEL': '{"success_fraction":0,"report_to":"cf-nel","max_age":604800}', 'Server': 'cloudflare', 'CF-RAY': '8964d5efaee3820c-IAD', 'alt-svc': 'h3=":443"; ma=86400'} 
 body={"results":[{"gender":"female","name":{"title":"Miss","first":"Courtney","last":"Graham"},"location":{"street":{"number":6645,"name":"Valley View Ln"},"city":"Oklahoma City","state":"Colorado","country":"United States","postcode":93811,"coordinates":{"latitude":"88.6543","longitude":"151.7755"},"timezone":{"offset":"+11:00","description":"Magadan, Solomon Islands, New Caledonia"}},"email":"courtney.graham@example.com","login":{"uuid":"352fada1-e93c-49b7-8d24-b64bd353f404","username":"crazypeacock444","password":"beemer","salt":"KoXKTEd1","md5":"73a2f7ae9f1ccce892f266df2c9eee01","sha1":"ec16e30ddce24d8712ab5641ac011b6c4d4e5e49","sha256":"eb484cad07ff4f30db9c3b0a7450073763e873898da138309a435b1592325eb1"},"dob":{"date":"1959-12-11T04:06:22.975Z","age":64},"registered":{"date":"2016-04-24T12:55:12.294Z","age":8},"phone":"(332) 920-2589","cell":"(975) 639-4525","id":{"name":"SSN","value":"688-60-3872"},"picture":{"large":"https://randomuser.me/api/portraits/women/83.jpg","medium":"https://randomuser.me/api/portraits/med/women/83.jpg","thumbnail":"https://randomuser.me/api/portraits/thumb/women/83.jpg"},"nat":"US"}],"info":{"seed":"09cc98ba15bbf6c2","results":1,"page":1,"version":"1.4"}} 
 </msg>
<msg time="2024-06-19T16:18:33.621090" level="INFO">/opt/hostedtoolcache/Python/3.12.4/x64/lib/python3.12/site-packages/urllib3/connectionpool.py:1099: InsecureRequestWarning: Unverified HTTPS request is being made to host 'randomuser.me'. Adding certificate verification is strongly advised. See: https://urllib3.readthedocs.io/en/latest/advanced-usage.html#tls-warnings
  warnings.warn(</msg>
<msg time="2024-06-19T16:18:33.621208" level="INFO">${response} = &lt;Response [200]&gt;</msg>
<var>${response}</var>
<arg>consultarAPI</arg>
<arg>/api</arg>
<doc>Sends a GET request on a previously created HTTP Session.</doc>
<status status="PASS" start="2024-06-19T16:18:33.538447" elapsed="0.082795"/>
</kw>
<kw name="Set Variable" owner="BuiltIn">
<msg time="2024-06-19T16:18:33.622328" level="INFO">${json_data} = {'results': [{'gender': 'female', 'name': {'title': 'Miss', 'first': 'Courtney', 'last': 'Graham'}, 'location': {'street': {'number': 6645, 'name': 'Valley View Ln'}, 'city': 'Oklahoma City', 'state':...</msg>
<var>${json_data}</var>
<arg>${response.json()}</arg>
<doc>Returns the given values which can then be assigned to a variables.</doc>
<status status="PASS" start="2024-06-19T16:18:33.621805" elapsed="0.000551"/>
</kw>
<kw name="Log" owner="BuiltIn">
<msg time="2024-06-19T16:18:33.622869" level="INFO">{'results': [{'gender': 'female', 'name': {'title': 'Miss', 'first': 'Courtney', 'last': 'Graham'}, 'location': {'street': {'number': 6645, 'name': 'Valley View Ln'}, 'city': 'Oklahoma City', 'state': 'Colorado', 'country': 'United States', 'postcode': 93811, 'coordinates': {'latitude': '88.6543', 'longitude': '151.7755'}, 'timezone': {'offset': '+11:00', 'description': 'Magadan, Solomon Islands, New Caledonia'}}, 'email': 'courtney.graham@example.com', 'login': {'uuid': '352fada1-e93c-49b7-8d24-b64bd353f404', 'username': 'crazypeacock444', 'password': 'beemer', 'salt': 'KoXKTEd1', 'md5': '73a2f7ae9f1ccce892f266df2c9eee01', 'sha1': 'ec16e30ddce24d8712ab5641ac011b6c4d4e5e49', 'sha256': 'eb484cad07ff4f30db9c3b0a7450073763e873898da138309a435b1592325eb1'}, 'dob': {'date': '1959-12-11T04:06:22.975Z', 'age': 64}, 'registered': {'date': '2016-04-24T12:55:12.294Z', 'age': 8}, 'phone': '(332) 920-2589', 'cell': '(975) 639-4525', 'id': {'name': 'SSN', 'value': '688-60-3872'}, 'picture': {'large': 'https://randomuser.me/api/portraits/women/83.jpg', 'medium': 'https://randomuser.me/api/portraits/med/women/83.jpg', 'thumbnail': 'https://randomuser.me/api/portraits/thumb/women/83.jpg'}, 'nat': 'US'}], 'info': {'seed': '09cc98ba15bbf6c2', 'results': 1, 'page': 1, 'version': '1.4'}}</msg>
<arg>${json_data}</arg>
<doc>Logs the given message with the given level.</doc>
<status status="PASS" start="2024-06-19T16:18:33.622700" elapsed="0.000218"/>
</kw>
<kw name="Should Be String" owner="String">
<arg>${json_data['results'][0]['gender']}</arg>
<doc>Fails if the given ``item`` is not a string.</doc>
<status status="PASS" start="2024-06-19T16:18:33.623215" elapsed="0.000390"/>
</kw>
<kw name="Should Match Regexp" owner="BuiltIn">
<arg>${json_data['results'][0]['email']}</arg>
<arg>^[a-zA-Z0-9._%+-]+@[a-zA-Z0-9.-]+\.[a-zA-Z]{2,}$</arg>
<doc>Fails if ``string`` does not match ``pattern`` as a regular expression.</doc>
<status status="PASS" start="2024-06-19T16:18:33.623836" elapsed="0.000546"/>
</kw>
<kw name="Should Match Regexp" owner="BuiltIn">
<arg>${json_data['results'][0]['dob']['date']}</arg>
<arg>\\d{4}-\\d{2}-\\d{2}T\\d{2}:\\d{2}:\\d{2}\\.\\d{3}Z</arg>
<doc>Fails if ``string`` does not match ``pattern`` as a regular expression.</doc>
<status status="PASS" start="2024-06-19T16:18:33.624585" elapsed="0.000555"/>
</kw>
<kw name="Should Match Regexp" owner="BuiltIn">
<arg>${json_data['results'][0]['registered']['date']}</arg>
<arg>\\d{4}-\\d{2}-\\d{2}T\\d{2}:\\d{2}:\\d{2}\\.\\d{3}Z</arg>
<doc>Fails if ``string`` does not match ``pattern`` as a regular expression.</doc>
<status status="PASS" start="2024-06-19T16:18:33.625332" elapsed="0.000367"/>
</kw>
<kw name="Should Match Regexp" owner="BuiltIn">
<arg>${json_data['results'][0]['picture']['large']}</arg>
<arg>^https?://.*\.(?:png|jpe?g|gif|bmp)$</arg>
<doc>Fails if ``string`` does not match ``pattern`` as a regular expression.</doc>
<status status="PASS" start="2024-06-19T16:18:33.625885" elapsed="0.000472"/>
</kw>
<kw name="Should Match Regexp" owner="BuiltIn">
<arg>${json_data['results'][0]['picture']['medium']}</arg>
<arg>^https?://.*\.(?:png|jpe?g|gif|bmp)$</arg>
<doc>Fails if ``string`` does not match ``pattern`` as a regular expression.</doc>
<status status="PASS" start="2024-06-19T16:18:33.626544" elapsed="0.000353"/>
</kw>
<kw name="Should Match Regexp" owner="BuiltIn">
<arg>${json_data['results'][0]['picture']['thumbnail']}</arg>
<arg>^https?://.*\.(?:png|jpe?g|gif|bmp)$</arg>
<doc>Fails if ``string`` does not match ``pattern`` as a regular expression.</doc>
<status status="PASS" start="2024-06-19T16:18:33.627079" elapsed="0.000358"/>
</kw>
<kw name="Log" owner="BuiltIn">
<msg time="2024-06-19T16:18:33.627937" level="INFO">{'large': 'https://randomuser.me/api/portraits/women/83.jpg', 'medium': 'https://randomuser.me/api/portraits/med/women/83.jpg', 'thumbnail': 'https://randomuser.me/api/portraits/thumb/women/83.jpg'}</msg>
<arg>${json_data['results'][0]['picture']}</arg>
<doc>Logs the given message with the given level.</doc>
<status status="PASS" start="2024-06-19T16:18:33.627616" elapsed="0.000362"/>
</kw>
<status status="PASS" start="2024-06-19T16:18:33.538219" elapsed="0.090020"/>
</kw>
<kw name="Teste de Tipos de Dados - Postcode" owner="random-user-service">
<kw name="GET On Session" owner="RequestsLibrary">
<msg time="2024-06-19T16:18:33.740699" level="INFO">GET Request : url=https://randomuser.me/api 
 path_url=/api 
 headers={'User-Agent': 'python-requests/2.32.3', 'Accept-Encoding': 'gzip, deflate', 'Accept': '*/*', 'Connection': 'keep-alive'} 
 body=None 
 </msg>
<msg time="2024-06-19T16:18:33.740815" level="INFO">GET Response : url=https://randomuser.me/api 
 status=200, reason=OK 
 headers={'Date': 'Wed, 19 Jun 2024 16:18:33 GMT', 'Content-Type': 'application/json; charset=utf-8', 'Transfer-Encoding': 'chunked', 'Connection': 'keep-alive', 'X-Powered-By': 'Express', 'Access-Control-Allow-Origin': '*', 'Cache-Control': 'no-cache', 'ETag': 'W/"491-hnk9Heuyqe8PwX43ZcfwuRWoh+M"', 'Vary': 'Accept-Encoding', 'Content-Encoding': 'gzip', 'CF-Cache-Status': 'DYNAMIC', 'Report-To': '{"endpoints":[{"url":"https:\\/\\/a.nel.cloudflare.com\\/report\\/v4?s=yT33Tnt%2F2UX8CvnnzOzDQW0YIUTiv%2Fw75QKc55gic7bCK9GZbVIDM90wmN9wBzaJgzD2hG6HLBFoPYdZx8z86t1loBdNGM2oC8iQL4I%2FnVi%2BH%2Ftiz8dNU2aJzO5OsELw"}],"group":"cf-nel","max_age":604800}', 'NEL': '{"success_fraction":0,"report_to":"cf-nel","max_age":604800}', 'Server': 'cloudflare', 'CF-RAY': '8964d5f03fd4820c-IAD', 'alt-svc': 'h3=":443"; ma=86400'} 
 body={"results":[{"gender":"female","name":{"title":"Miss","first":"Shabari","last":"Anchan"},"location":{"street":{"number":8582,"name":"Shakespeare Sarani"},"city":"Thiruvananthapuram","state":"Telangana","country":"India","postcode":95218,"coordinates":{"latitude":"6.3909","longitude":"1.4040"},"timezone":{"offset":"+9:30","description":"Adelaide, Darwin"}},"email":"shabari.anchan@example.com","login":{"uuid":"b05eddee-fb64-489f-a5e2-d9a14daef061","username":"blackswan628","password":"swordfish","salt":"RxrGM8Av","md5":"8e9fc9a25298ad478686fbdb1b3007db","sha1":"a79c5caa0f87eaa69856eb3e38bc4a4e06383666","sha256":"739468bdc86384652548b8191b72943badc8f71558d9ed160dc971b2f5ac3aec"},"dob":{"date":"1983-01-09T12:22:24.958Z","age":41},"registered":{"date":"2003-06-26T15:31:06.779Z","age":20},"phone":"9699030079","cell":"9138574145","id":{"name":"UIDAI","value":"424884546975"},"picture":{"large":"https://randomuser.me/api/portraits/women/30.jpg","medium":"https://randomuser.me/api/portraits/med/women/30.jpg","thumbnail":"https://randomuser.me/api/portraits/thumb/women/30.jpg"},"nat":"IN"}],"info":{"seed":"9ac9519217512dbb","results":1,"page":1,"version":"1.4"}} 
 </msg>
<msg time="2024-06-19T16:18:33.740898" level="INFO">/opt/hostedtoolcache/Python/3.12.4/x64/lib/python3.12/site-packages/urllib3/connectionpool.py:1099: InsecureRequestWarning: Unverified HTTPS request is being made to host 'randomuser.me'. Adding certificate verification is strongly advised. See: https://urllib3.readthedocs.io/en/latest/advanced-usage.html#tls-warnings
  warnings.warn(</msg>
<msg time="2024-06-19T16:18:33.741024" level="INFO">${response} = &lt;Response [200]&gt;</msg>
<var>${response}</var>
<arg>consultarAPI</arg>
<arg>/api</arg>
<doc>Sends a GET request on a previously created HTTP Session.</doc>
<status status="PASS" start="2024-06-19T16:18:33.628725" elapsed="0.112325"/>
</kw>
<kw name="Set Variable" owner="BuiltIn">
<msg time="2024-06-19T16:18:33.742151" level="INFO">${json_data} = {'results': [{'gender': 'female', 'name': {'title': 'Miss', 'first': 'Shabari', 'last': 'Anchan'}, 'location': {'street': {'number': 8582, 'name': 'Shakespeare Sarani'}, 'city': 'Thiruvananthapuram', ...</msg>
<var>${json_data}</var>
<arg>${response.json()}</arg>
<doc>Returns the given values which can then be assigned to a variables.</doc>
<status status="PASS" start="2024-06-19T16:18:33.741612" elapsed="0.000569"/>
</kw>
<kw name="Log" owner="BuiltIn">
<msg time="2024-06-19T16:18:33.742735" level="INFO">{'results': [{'gender': 'female', 'name': {'title': 'Miss', 'first': 'Shabari', 'last': 'Anchan'}, 'location': {'street': {'number': 8582, 'name': 'Shakespeare Sarani'}, 'city': 'Thiruvananthapuram', 'state': 'Telangana', 'country': 'India', 'postcode': 95218, 'coordinates': {'latitude': '6.3909', 'longitude': '1.4040'}, 'timezone': {'offset': '+9:30', 'description': 'Adelaide, Darwin'}}, 'email': 'shabari.anchan@example.com', 'login': {'uuid': 'b05eddee-fb64-489f-a5e2-d9a14daef061', 'username': 'blackswan628', 'password': 'swordfish', 'salt': 'RxrGM8Av', 'md5': '8e9fc9a25298ad478686fbdb1b3007db', 'sha1': 'a79c5caa0f87eaa69856eb3e38bc4a4e06383666', 'sha256': '739468bdc86384652548b8191b72943badc8f71558d9ed160dc971b2f5ac3aec'}, 'dob': {'date': '1983-01-09T12:22:24.958Z', 'age': 41}, 'registered': {'date': '2003-06-26T15:31:06.779Z', 'age': 20}, 'phone': '9699030079', 'cell': '9138574145', 'id': {'name': 'UIDAI', 'value': '424884546975'}, 'picture': {'large': 'https://randomuser.me/api/portraits/women/30.jpg', 'medium': 'https://randomuser.me/api/portraits/med/women/30.jpg', 'thumbnail': 'https://randomuser.me/api/portraits/thumb/women/30.jpg'}, 'nat': 'IN'}], 'info': {'seed': '9ac9519217512dbb', 'results': 1, 'page': 1, 'version': '1.4'}}</msg>
<arg>${json_data}</arg>
<doc>Logs the given message with the given level.</doc>
<status status="PASS" start="2024-06-19T16:18:33.742552" elapsed="0.000235"/>
</kw>
<kw name="Should Be Equal As Numbers" owner="BuiltIn">
<arg>${json_data['results'][0]['location']['postcode']}</arg>
<arg>${json_data['results'][0]['location']['postcode']}</arg>
<doc>Fails if objects are unequal after converting them to real numbers.</doc>
<status status="PASS" start="2024-06-19T16:18:33.743116" elapsed="0.000685"/>
</kw>
<kw name="Log" owner="BuiltIn">
<msg time="2024-06-19T16:18:33.744414" level="INFO">95218</msg>
<arg>${json_data['results'][0]['location']['postcode']}</arg>
<doc>Logs the given message with the given level.</doc>
<status status="PASS" start="2024-06-19T16:18:33.744048" elapsed="0.000411"/>
</kw>
<status status="PASS" start="2024-06-19T16:18:33.628474" elapsed="0.116340"/>
</kw>
<doc>Testa se os tipos de dados na resposta da API estão corretos.</doc>
<tag>testeTiposDados</tag>
<status status="PASS" start="2024-06-19T16:18:33.537658" elapsed="0.207345"/>
</test>
<test id="s1-s1-t5" name="Validar conteudo" line="35">
<kw name="Teste de Tipos de Conteudo" owner="random-user-service">
<kw name="GET On Session" owner="RequestsLibrary">
<msg time="2024-06-19T16:18:33.833048" level="INFO">GET Request : url=https://randomuser.me/api 
 path_url=/api 
 headers={'User-Agent': 'python-requests/2.32.3', 'Accept-Encoding': 'gzip, deflate', 'Accept': '*/*', 'Connection': 'keep-alive'} 
 body=None 
 </msg>
<msg time="2024-06-19T16:18:33.833155" level="INFO">GET Response : url=https://randomuser.me/api 
 status=200, reason=OK 
 headers={'Date': 'Wed, 19 Jun 2024 16:18:33 GMT', 'Content-Type': 'application/json; charset=utf-8', 'Transfer-Encoding': 'chunked', 'Connection': 'keep-alive', 'X-Powered-By': 'Express', 'Access-Control-Allow-Origin': '*', 'Cache-Control': 'no-cache', 'ETag': 'W/"49e-0qfqE5Lo/muh9YTr86aAJTFZyZs"', 'Vary': 'Accept-Encoding', 'Content-Encoding': 'gzip', 'CF-Cache-Status': 'DYNAMIC', 'Report-To': '{"endpoints":[{"url":"https:\\/\\/a.nel.cloudflare.com\\/report\\/v4?s=eRV6KDe6o%2FJCyyPqeYgle%2Fqc2hwpWYGhMayXeowQnu2opCrvMrzrb060dO0Ho%2BftGOMUG7roHI7kV6ZwvH4PZAjH0CJAli%2BMsGZ4n9py1wrxCiI6NkEPulKgInq81Y%2Bz"}],"group":"cf-nel","max_age":604800}', 'NEL': '{"success_fraction":0,"report_to":"cf-nel","max_age":604800}', 'Server': 'cloudflare', 'CF-RAY': '8964d5f0f8cd820c-IAD', 'alt-svc': 'h3=":443"; ma=86400'} 
 body={"results":[{"gender":"female","name":{"title":"Mrs","first":"Margot","last":"Fontai"},"location":{"street":{"number":43,"name":"Avenue Vauban"},"city":"Asnières-sur-Seine","state":"Hautes-Alpes","country":"France","postcode":33884,"coordinates":{"latitude":"-16.3140","longitude":"95.1115"},"timezone":{"offset":"-12:00","description":"Eniwetok, Kwajalein"}},"email":"margot.fontai@example.com","login":{"uuid":"b4700216-4903-411d-ae18-3e930446a6d0","username":"lazyelephant897","password":"amateurs","salt":"Kboee1N7","md5":"aa1d11f9314f6f1cbc6b87a2c3ae1b6c","sha1":"f398a532a703ff8f211c460a97a629e0b095f0dc","sha256":"340027796b52d500bf085e86454a11195967d24d81b64c0e07ec533b5dc8dc8c"},"dob":{"date":"1977-07-19T01:26:09.868Z","age":46},"registered":{"date":"2006-04-21T15:33:06.193Z","age":18},"phone":"02-24-64-80-26","cell":"06-84-14-22-01","id":{"name":"INSEE","value":"2770673150463 56"},"picture":{"large":"https://randomuser.me/api/portraits/women/5.jpg","medium":"https://randomuser.me/api/portraits/med/women/5.jpg","thumbnail":"https://randomuser.me/api/portraits/thumb/women/5.jpg"},"nat":"FR"}],"info":{"seed":"c9df1d6b70c7b2e4","results":1,"page":1,"version":"1.4"}} 
 </msg>
<msg time="2024-06-19T16:18:33.833247" level="INFO">/opt/hostedtoolcache/Python/3.12.4/x64/lib/python3.12/site-packages/urllib3/connectionpool.py:1099: InsecureRequestWarning: Unverified HTTPS request is being made to host 'randomuser.me'. Adding certificate verification is strongly advised. See: https://urllib3.readthedocs.io/en/latest/advanced-usage.html#tls-warnings
  warnings.warn(</msg>
<msg time="2024-06-19T16:18:33.833375" level="INFO">${response} = &lt;Response [200]&gt;</msg>
<var>${response}</var>
<arg>consultarAPI</arg>
<arg>/api</arg>
<doc>Sends a GET request on a previously created HTTP Session.</doc>
<status status="PASS" start="2024-06-19T16:18:33.748124" elapsed="0.085278"/>
</kw>
<kw name="Set Variable" owner="BuiltIn">
<msg time="2024-06-19T16:18:33.834512" level="INFO">${json_data} = {'results': [{'gender': 'female', 'name': {'title': 'Mrs', 'first': 'Margot', 'last': 'Fontai'}, 'location': {'street': {'number': 43, 'name': 'Avenue Vauban'}, 'city': 'Asnières-sur-Seine', 'state': ...</msg>
<var>${json_data}</var>
<arg>${response.json()}</arg>
<doc>Returns the given values which can then be assigned to a variables.</doc>
<status status="PASS" start="2024-06-19T16:18:33.833984" elapsed="0.000559"/>
</kw>
<kw name="Set Variable" owner="BuiltIn">
<msg time="2024-06-19T16:18:33.835231" level="INFO">${name_title} = Mrs</msg>
<var>${name_title}</var>
<arg>${json_data["results"][0]["name"]["title"]}</arg>
<doc>Returns the given values which can then be assigned to a variables.</doc>
<status status="PASS" start="2024-06-19T16:18:33.834851" elapsed="0.000405"/>
</kw>
<kw name="Create List" owner="BuiltIn">
<msg time="2024-06-19T16:18:33.835708" level="INFO">${allowed_titles} = ['Mr', 'Ms', 'Miss', 'Mrs', 'Madame', 'Monsieur']</msg>
<var>${allowed_titles}</var>
<arg>Mr</arg>
<arg>Ms</arg>
<arg>Miss</arg>
<arg>Mrs</arg>
<arg>Madame</arg>
<arg>Monsieur</arg>
<doc>Returns a list containing given items.</doc>
<status status="PASS" start="2024-06-19T16:18:33.835559" elapsed="0.000174"/>
</kw>
<kw name="List Should Contain Value" owner="Collections">
<arg>${allowed_titles}</arg>
<arg>${name_title}</arg>
<doc>Fails if the ``value`` is not found from ``list``.</doc>
<status status="PASS" start="2024-06-19T16:18:33.836033" elapsed="0.000181"/>
</kw>
<kw name="Set Variable" owner="BuiltIn">
<msg time="2024-06-19T16:18:33.836808" level="INFO">${name_country} = FR</msg>
<var>${name_country}</var>
<arg>${json_data["results"][0]["nat"]}</arg>
<doc>Returns the given values which can then be assigned to a variables.</doc>
<status status="PASS" start="2024-06-19T16:18:33.836392" elapsed="0.000440"/>
</kw>
<kw name="Create List" owner="BuiltIn">
<msg time="2024-06-19T16:18:33.837719" level="INFO">${list_country} = ['AD', 'AE', 'AF', 'AG', 'AI', 'AL', 'AM', 'AO', 'AQ', 'AR', 'AS', 'AT', 'AU', 'AW', 'AX', 'AZ', 'BA', 'BB', 'BD', 'BE', 'BF', 'BG', 'BH', 'BI', 'BJ', 'BL', 'BM', 'BN', 'BO', 'BQ', 'BR', 'BS', 'BT', '...</msg>
<var>${list_country}</var>
<arg>AD</arg>
<arg>AE</arg>
<arg>AF</arg>
<arg>AG</arg>
<arg>AI</arg>
<arg>AL</arg>
<arg>AM</arg>
<arg>AO</arg>
<arg>AQ</arg>
<arg>AR</arg>
<arg>AS</arg>
<arg>AT</arg>
<arg>AU</arg>
<arg>AW</arg>
<arg>AX</arg>
<arg>AZ</arg>
<arg>BA</arg>
<arg>BB</arg>
<arg>BD</arg>
<arg>BE</arg>
<arg>BF</arg>
<arg>BG</arg>
<arg>BH</arg>
<arg>BI</arg>
<arg>BJ</arg>
<arg>BL</arg>
<arg>BM</arg>
<arg>BN</arg>
<arg>BO</arg>
<arg>BQ</arg>
<arg>BR</arg>
<arg>BS</arg>
<arg>BT</arg>
<arg>BV</arg>
<arg>BW</arg>
<arg>BY</arg>
<arg>BZ</arg>
<arg>CA</arg>
<arg>CC</arg>
<arg>CD</arg>
<arg>CF</arg>
<arg>CG</arg>
<arg>CH</arg>
<arg>CI</arg>
<arg>CK</arg>
<arg>CL</arg>
<arg>CM</arg>
<arg>CN</arg>
<arg>CO</arg>
<arg>CR</arg>
<arg>CU</arg>
<arg>CV</arg>
<arg>CW</arg>
<arg>CX</arg>
<arg>CY</arg>
<arg>CZ</arg>
<arg>DE</arg>
<arg>DJ</arg>
<arg>DK</arg>
<arg>DM</arg>
<arg>DO</arg>
<arg>DZ</arg>
<arg>EC</arg>
<arg>EE</arg>
<arg>EG</arg>
<arg>EH</arg>
<arg>ER</arg>
<arg>ES</arg>
<arg>ET</arg>
<arg>FI</arg>
<arg>FJ</arg>
<arg>FK</arg>
<arg>FM</arg>
<arg>FO</arg>
<arg>FR</arg>
<arg>GA</arg>
<arg>GB</arg>
<arg>GD</arg>
<arg>GE</arg>
<arg>GF</arg>
<arg>GG</arg>
<arg>GH</arg>
<arg>GI</arg>
<arg>GL</arg>
<arg>GM</arg>
<arg>GN</arg>
<arg>GP</arg>
<arg>GQ</arg>
<arg>GR</arg>
<arg>GS</arg>
<arg>GT</arg>
<arg>GU</arg>
<arg>GW</arg>
<arg>GY</arg>
<arg>HK</arg>
<arg>HM</arg>
<arg>HN</arg>
<arg>HR</arg>
<arg>HT</arg>
<arg>HU</arg>
<arg>ID</arg>
<arg>IE</arg>
<arg>IL</arg>
<arg>IM</arg>
<arg>IN</arg>
<arg>IO</arg>
<arg>IQ</arg>
<arg>IR</arg>
<arg>IS</arg>
<arg>IT</arg>
<arg>JE</arg>
<arg>JM</arg>
<arg>JO</arg>
<arg>JP</arg>
<arg>KE</arg>
<arg>KG</arg>
<arg>KH</arg>
<arg>KI</arg>
<arg>KM</arg>
<arg>KN</arg>
<arg>KP</arg>
<arg>KR</arg>
<arg>KW</arg>
<arg>KY</arg>
<arg>KZ</arg>
<arg>LA</arg>
<arg>LB</arg>
<arg>LC</arg>
<arg>LI</arg>
<arg>LK</arg>
<arg>LR</arg>
<arg>LS</arg>
<arg>LT</arg>
<arg>LU</arg>
<arg>LV</arg>
<arg>LY</arg>
<arg>MA</arg>
<arg>MC</arg>
<arg>MD</arg>
<arg>ME</arg>
<arg>MF</arg>
<arg>MG</arg>
<arg>MH</arg>
<arg>MK</arg>
<arg>ML</arg>
<arg>MM</arg>
<arg>MN</arg>
<arg>MO</arg>
<arg>MP</arg>
<arg>MQ</arg>
<arg>MR</arg>
<arg>MS</arg>
<arg>MT</arg>
<arg>MU</arg>
<arg>MV</arg>
<arg>MW</arg>
<arg>MX</arg>
<arg>MY</arg>
<arg>MZ</arg>
<arg>NA</arg>
<arg>NC</arg>
<arg>NE</arg>
<arg>NF</arg>
<arg>NG</arg>
<arg>NI</arg>
<arg>NL</arg>
<arg>NO</arg>
<arg>NP</arg>
<arg>NR</arg>
<arg>NU</arg>
<arg>NZ</arg>
<arg>OM</arg>
<arg>PA</arg>
<arg>PE</arg>
<arg>PF</arg>
<arg>PG</arg>
<arg>PH</arg>
<arg>PK</arg>
<arg>PL</arg>
<arg>PM</arg>
<arg>PN</arg>
<arg>PR</arg>
<arg>PS</arg>
<arg>PT</arg>
<arg>PW</arg>
<arg>PY</arg>
<arg>QA</arg>
<arg>RE</arg>
<arg>RO</arg>
<arg>RS</arg>
<arg>RU</arg>
<arg>RW</arg>
<arg>SA</arg>
<arg>SB</arg>
<arg>SC</arg>
<arg>SD</arg>
<arg>SE</arg>
<arg>SG</arg>
<arg>SH</arg>
<arg>SI</arg>
<arg>SJ</arg>
<arg>SK</arg>
<arg>SL</arg>
<arg>SM</arg>
<arg>SN</arg>
<arg>SO</arg>
<arg>SR</arg>
<arg>SS</arg>
<arg>ST</arg>
<arg>SV</arg>
<arg>SX</arg>
<arg>SY</arg>
<arg>SZ</arg>
<arg>TC</arg>
<arg>TD</arg>
<arg>TF</arg>
<arg>TG</arg>
<arg>TH</arg>
<arg>TJ</arg>
<arg>TK</arg>
<arg>TL</arg>
<arg>TM</arg>
<arg>TN</arg>
<arg>TO</arg>
<arg>TR</arg>
<arg>TT</arg>
<arg>TV</arg>
<arg>TW</arg>
<arg>TZ</arg>
<arg>UA</arg>
<arg>UG</arg>
<arg>UM</arg>
<arg>US</arg>
<arg>UY</arg>
<arg>UZ</arg>
<arg>VA</arg>
<arg>VC</arg>
<arg>VE</arg>
<arg>VG</arg>
<arg>VI</arg>
<arg>VN</arg>
<arg>VU</arg>
<arg>WF</arg>
<arg>WS</arg>
<arg>XK</arg>
<arg>YE</arg>
<arg>YT</arg>
<arg>ZA</arg>
<arg>ZM</arg>
<arg>ZW</arg>
<doc>Returns a list containing given items.</doc>
<status status="PASS" start="2024-06-19T16:18:33.837121" elapsed="0.000623"/>
</kw>
<kw name="List Should Contain Value" owner="Collections">
<arg>${list_country}</arg>
<arg>${name_country}</arg>
<doc>Fails if the ``value`` is not found from ``list``.</doc>
<status status="PASS" start="2024-06-19T16:18:33.838543" elapsed="0.000205"/>
</kw>
<kw name="Run Keyword If" owner="BuiltIn">
<kw name="Should Be True" owner="BuiltIn">
<arg>${True}</arg>
<doc>Fails if the given condition is not true.</doc>
<status status="PASS" start="2024-06-19T16:18:33.839691" elapsed="0.000139"/>
</kw>
<arg>${json_data["results"][0]["location"]["coordinates"]["latitude"]} &gt;= -90 and ${json_data["results"][0]["location"]["coordinates"]["latitude"]} &lt;= 90</arg>
<arg>Should Be True</arg>
<arg>${True}</arg>
<doc>Runs the given keyword with the given arguments, if ``condition`` is true.</doc>
<status status="PASS" start="2024-06-19T16:18:33.838945" elapsed="0.001008"/>
</kw>
<kw name="Run Keyword If" owner="BuiltIn">
<kw name="Should Be True" owner="BuiltIn">
<arg>${True}</arg>
<doc>Fails if the given condition is not true.</doc>
<status status="PASS" start="2024-06-19T16:18:33.840859" elapsed="0.000139"/>
</kw>
<arg>${json_data["results"][0]["location"]["coordinates"]["longitude"]} &gt;= -180 and ${json_data["results"][0]["location"]["coordinates"]["longitude"]} &lt;= 180</arg>
<arg>Should Be True</arg>
<arg>${True}</arg>
<doc>Runs the given keyword with the given arguments, if ``condition`` is true.</doc>
<status status="PASS" start="2024-06-19T16:18:33.840128" elapsed="0.001001"/>
</kw>
<status status="PASS" start="2024-06-19T16:18:33.747596" elapsed="0.093669"/>
</kw>
<doc>Testa o conteúdo específico dos campos retornados pela API.</doc>
<tag>testeConteudo</tag>
<status status="PASS" start="2024-06-19T16:18:33.746888" elapsed="0.094537"/>
</test>
<status status="PASS" start="2024-06-19T16:18:32.971638" elapsed="0.871712"/>
</suite>
<status status="PASS" start="2024-06-19T16:18:32.956292" elapsed="0.892256"/>
</suite>
<statistics>
<total>
<stat pass="5" fail="0" skip="0">All Tests</stat>
</total>
<tag>
<stat pass="1" fail="0" skip="0">testeConteudo</stat>
<stat pass="1" fail="0" skip="0">testeEstruturaResposta</stat>
<stat pass="1" fail="0" skip="0">testeRequisicaoBasica</stat>
<stat pass="1" fail="0" skip="0">testeTiposDados</stat>
</tag>
<suite>
<stat pass="5" fail="0" skip="0" id="s1" name="Tests">Tests</stat>
<stat pass="5" fail="0" skip="0" id="s1-s1" name="Random-User-Test">Tests.Random-User-Test</stat>
</suite>
</statistics>
<errors>
</errors>
</robot>
