<?xml version="1.0" encoding="UTF-8"?>
<robot generator="Robot 7.0.1 (Python 3.12.4 on linux)" generated="2024-06-21T18:20:11.171339" rpa="false" schemaversion="5">
<suite id="s1" name="Tests" source="/home/runner/work/ApiRandomUser/ApiRandomUser/RamdonUser/tests">
<suite id="s1-s1" name="Random-User-Test" source="/home/runner/work/ApiRandomUser/ApiRandomUser/RamdonUser/tests/random-user-test.robot">
<test id="s1-s1-t1" name="Conectar" line="13">
<kw name="Conectar API" owner="random-user-service">
<kw name="Create Session" owner="RequestsLibrary">
<msg time="2024-06-21T18:20:11.595862" level="INFO">Creating Session using : alias=consultarAPI, url=https://randomuser.me/, headers={},                     cookies={}, auth=None, timeout=None, proxies=None, verify=False,                     debug=0 </msg>
<arg>consultarAPI</arg>
<arg>${URL}</arg>
<doc>Create Session: create a HTTP session to a server</doc>
<status status="PASS" start="2024-06-21T18:20:11.595646" elapsed="0.000421"/>
</kw>
<status status="PASS" start="2024-06-21T18:20:11.594586" elapsed="0.001858"/>
</kw>
<status status="PASS" start="2024-06-21T18:20:11.593958" elapsed="0.002680"/>
</test>
<test id="s1-s1-t2" name="Validar retorno 200 e JSON Válido" line="16">
<kw name="Teste de Requisicao Basica" owner="random-user-service">
<kw name="GET On Session" owner="RequestsLibrary">
<msg time="2024-06-21T18:20:11.664182" level="INFO">GET Request : url=https://randomuser.me/api 
 path_url=/api 
 headers={'User-Agent': 'python-requests/2.32.3', 'Accept-Encoding': 'gzip, deflate', 'Accept': '*/*', 'Connection': 'keep-alive'} 
 body=None 
 </msg>
<msg time="2024-06-21T18:20:11.664353" level="INFO">GET Response : url=https://randomuser.me/api 
 status=200, reason=OK 
 headers={'Date': 'Fri, 21 Jun 2024 18:20:11 GMT', 'Content-Type': 'application/json; charset=utf-8', 'Transfer-Encoding': 'chunked', 'Connection': 'keep-alive', 'X-Powered-By': 'Express', 'Access-Control-Allow-Origin': '*', 'Cache-Control': 'no-cache', 'ETag': 'W/"4be-v5Lwee/DoOVLARK2+x74yelDra0"', 'Vary': 'Accept-Encoding', 'Content-Encoding': 'gzip', 'CF-Cache-Status': 'DYNAMIC', 'Report-To': '{"endpoints":[{"url":"https:\\/\\/a.nel.cloudflare.com\\/report\\/v4?s=nD9DVc9SzBsH1QaZWhmymr2DxxbXbGeEyOQbbPpKu1wEnPJrcmqL8hZQY%2BUxpVxW6I825%2FPFYlYZbLVKwDySLkNWwNIrLqo4DyzQ8uQg%2BlLdXQmg8e4hnxK6pMXPKxcF"}],"group":"cf-nel","max_age":604800}', 'NEL': '{"success_fraction":0,"report_to":"cf-nel","max_age":604800}', 'Server': 'cloudflare', 'CF-RAY': '897602dcadff2d1c-IAD', 'alt-svc': 'h3=":443"; ma=86400'} 
 body={"results":[{"gender":"female","name":{"title":"Miss","first":"Sofia","last":"González"},"location":{"street":{"number":16,"name":"Calle de Alberto Aguilera"},"city":"San Sebastián de Los Reyes","state":"Comunidad Valenciana","country":"Spain","postcode":83628,"coordinates":{"latitude":"-34.4421","longitude":"8.5725"},"timezone":{"offset":"+8:00","description":"Beijing, Perth, Singapore, Hong Kong"}},"email":"sofia.gonzalez@example.com","login":{"uuid":"e50d04b9-d960-4ed7-a064-8e082322d758","username":"crazyleopard917","password":"great","salt":"KAa31Eld","md5":"a17ad1c59c45be79da970edfc6561de5","sha1":"b0c3642ac21be079f861b39a1d69042f32c7ad5a","sha256":"f385adf9fc69029d9b26bf40cbc099c9c62f320e517e9ceeef7a70d402d917f4"},"dob":{"date":"1945-01-12T11:08:35.557Z","age":79},"registered":{"date":"2012-11-16T17:32:44.188Z","age":11},"phone":"921-184-351","cell":"690-993-072","id":{"name":"DNI","value":"80685760-Z"},"picture":{"large":"https://randomuser.me/api/portraits/women/16.jpg","medium":"https://randomuser.me/api/portraits/med/women/16.jpg","thumbnail":"https://randomuser.me/api/portraits/thumb/women/16.jpg"},"nat":"ES"}],"info":{"seed":"bd4040262b557fd2","results":1,"page":1,"version":"1.4"}} 
 </msg>
<msg time="2024-06-21T18:20:11.664442" level="INFO">/opt/hostedtoolcache/Python/3.12.4/x64/lib/python3.12/site-packages/urllib3/connectionpool.py:1099: InsecureRequestWarning: Unverified HTTPS request is being made to host 'randomuser.me'. Adding certificate verification is strongly advised. See: https://urllib3.readthedocs.io/en/latest/advanced-usage.html#tls-warnings
  warnings.warn(</msg>
<msg time="2024-06-21T18:20:11.664587" level="INFO">${response} = &lt;Response [200]&gt;</msg>
<var>${response}</var>
<arg>consultarAPI</arg>
<arg>/api</arg>
<doc>Sends a GET request on a previously created HTTP Session.</doc>
<status status="PASS" start="2024-06-21T18:20:11.599342" elapsed="0.065290"/>
</kw>
<kw name="Should Be Equal As Numbers" owner="BuiltIn">
<msg time="2024-06-21T18:20:11.665677" level="INFO">Argument types are:
&lt;class 'int'&gt;
&lt;class 'str'&gt;</msg>
<arg>${response.status_code}</arg>
<arg>200</arg>
<doc>Fails if objects are unequal after converting them to real numbers.</doc>
<status status="PASS" start="2024-06-21T18:20:11.665215" elapsed="0.000535"/>
</kw>
<kw name="Log" owner="BuiltIn">
<msg time="2024-06-21T18:20:11.666422" level="INFO">200</msg>
<arg>${response.status_code}</arg>
<doc>Logs the given message with the given level.</doc>
<status status="PASS" start="2024-06-21T18:20:11.666074" elapsed="0.000393"/>
</kw>
<kw name="Set Variable" owner="BuiltIn">
<msg time="2024-06-21T18:20:11.667269" level="INFO">${json_data} = {'results': [{'gender': 'female', 'name': {'title': 'Miss', 'first': 'Sofia', 'last': 'González'}, 'location': {'street': {'number': 16, 'name': 'Calle de Alberto Aguilera'}, 'city': 'San Sebastián de...</msg>
<var>${json_data}</var>
<arg>${response.json()}</arg>
<doc>Returns the given values which can then be assigned to a variables.</doc>
<status status="PASS" start="2024-06-21T18:20:11.666771" elapsed="0.000531"/>
</kw>
<kw name="Dictionary Should Contain Key" owner="Collections">
<arg>${json_data}</arg>
<arg>results</arg>
<doc>Fails if ``key`` is not found from ``dictionary``.</doc>
<status status="PASS" start="2024-06-21T18:20:11.667614" elapsed="0.000170"/>
</kw>
<status status="PASS" start="2024-06-21T18:20:11.599039" elapsed="0.068901"/>
</kw>
<doc>Testa se a API responde corretamente e retorna um objeto JSON válido.</doc>
<tag>testeRequisicaoBasica</tag>
<status status="PASS" start="2024-06-21T18:20:11.598559" elapsed="0.069563"/>
</test>
<test id="s1-s1-t3" name="Validar estrutura de resposta" line="22">
<kw name="Teste de Estrutura de Resposta" owner="random-user-service">
<kw name="GET On Session" owner="RequestsLibrary">
<msg time="2024-06-21T18:20:11.760182" level="INFO">GET Request : url=https://randomuser.me/api 
 path_url=/api 
 headers={'User-Agent': 'python-requests/2.32.3', 'Accept-Encoding': 'gzip, deflate', 'Accept': '*/*', 'Connection': 'keep-alive'} 
 body=None 
 </msg>
<msg time="2024-06-21T18:20:11.760292" level="INFO">GET Response : url=https://randomuser.me/api 
 status=200, reason=OK 
 headers={'Date': 'Fri, 21 Jun 2024 18:20:11 GMT', 'Content-Type': 'application/json; charset=utf-8', 'Transfer-Encoding': 'chunked', 'Connection': 'keep-alive', 'X-Powered-By': 'Express', 'Access-Control-Allow-Origin': '*', 'Cache-Control': 'no-cache', 'ETag': 'W/"483-HhYnlcpTsHnQH8keMnoY5EV9OLI"', 'Vary': 'Accept-Encoding', 'Content-Encoding': 'gzip', 'CF-Cache-Status': 'DYNAMIC', 'Report-To': '{"endpoints":[{"url":"https:\\/\\/a.nel.cloudflare.com\\/report\\/v4?s=RuZMyhE83XNmZ0QG1PSThH1eUdrXwlVLfa8HOON4tgD8gfXVfvI0B%2FHkc3iLb8tuZ0daMJqrKixVc3h3BDyvQEiEj3j81CjkKs5R6lL97u%2FZaajav6y6N8jxfJzIcX%2F2"}],"group":"cf-nel","max_age":604800}', 'NEL': '{"success_fraction":0,"report_to":"cf-nel","max_age":604800}', 'Server': 'cloudflare', 'CF-RAY': '897602dcfe612d1c-IAD', 'alt-svc': 'h3=":443"; ma=86400'} 
 body={"results":[{"gender":"female","name":{"title":"Madame","first":"Océane","last":"Lopez"},"location":{"street":{"number":2799,"name":"Place de L'Europe"},"city":"Gretzenbach","state":"Jura","country":"Switzerland","postcode":6081,"coordinates":{"latitude":"-56.8359","longitude":"19.4274"},"timezone":{"offset":"+3:30","description":"Tehran"}},"email":"oceane.lopez@example.com","login":{"uuid":"c9594356-5673-432b-8c81-e9def9977501","username":"bigwolf639","password":"m5wkqf","salt":"zCnmkUaU","md5":"2a3e0c73de835c070806943270dfc06a","sha1":"9abd20ead306b1bfbb584c93828767d97975362d","sha256":"dcaedb21e90a300f5d56d61ab0afd0a348e6ab69c517566954b465cbfd3bf48a"},"dob":{"date":"1994-03-09T10:08:08.029Z","age":30},"registered":{"date":"2021-02-11T22:28:37.871Z","age":3},"phone":"077 430 04 34","cell":"079 637 64 25","id":{"name":"AVS","value":"756.6613.0638.30"},"picture":{"large":"https://randomuser.me/api/portraits/women/95.jpg","medium":"https://randomuser.me/api/portraits/med/women/95.jpg","thumbnail":"https://randomuser.me/api/portraits/thumb/women/95.jpg"},"nat":"CH"}],"info":{"seed":"4add0b3c362816b8","results":1,"page":1,"version":"1.4"}} 
 </msg>
<msg time="2024-06-21T18:20:11.760434" level="INFO">/opt/hostedtoolcache/Python/3.12.4/x64/lib/python3.12/site-packages/urllib3/connectionpool.py:1099: InsecureRequestWarning: Unverified HTTPS request is being made to host 'randomuser.me'. Adding certificate verification is strongly advised. See: https://urllib3.readthedocs.io/en/latest/advanced-usage.html#tls-warnings
  warnings.warn(</msg>
<msg time="2024-06-21T18:20:11.760572" level="INFO">${response} = &lt;Response [200]&gt;</msg>
<var>${response}</var>
<arg>consultarAPI</arg>
<arg>/api</arg>
<doc>Sends a GET request on a previously created HTTP Session.</doc>
<status status="PASS" start="2024-06-21T18:20:11.670735" elapsed="0.089878"/>
</kw>
<kw name="Set Variable" owner="BuiltIn">
<msg time="2024-06-21T18:20:11.761681" level="INFO">${json_data} = {'results': [{'gender': 'female', 'name': {'title': 'Madame', 'first': 'Océane', 'last': 'Lopez'}, 'location': {'street': {'number': 2799, 'name': "Place de L'Europe"}, 'city': 'Gretzenbach', 'state':...</msg>
<var>${json_data}</var>
<arg>${response.json()}</arg>
<doc>Returns the given values which can then be assigned to a variables.</doc>
<status status="PASS" start="2024-06-21T18:20:11.761155" elapsed="0.000556"/>
</kw>
<kw name="Log" owner="BuiltIn">
<msg time="2024-06-21T18:20:11.762199" level="INFO">{'results': [{'gender': 'female', 'name': {'title': 'Madame', 'first': 'Océane', 'last': 'Lopez'}, 'location': {'street': {'number': 2799, 'name': "Place de L'Europe"}, 'city': 'Gretzenbach', 'state': 'Jura', 'country': 'Switzerland', 'postcode': 6081, 'coordinates': {'latitude': '-56.8359', 'longitude': '19.4274'}, 'timezone': {'offset': '+3:30', 'description': 'Tehran'}}, 'email': 'oceane.lopez@example.com', 'login': {'uuid': 'c9594356-5673-432b-8c81-e9def9977501', 'username': 'bigwolf639', 'password': 'm5wkqf', 'salt': 'zCnmkUaU', 'md5': '2a3e0c73de835c070806943270dfc06a', 'sha1': '9abd20ead306b1bfbb584c93828767d97975362d', 'sha256': 'dcaedb21e90a300f5d56d61ab0afd0a348e6ab69c517566954b465cbfd3bf48a'}, 'dob': {'date': '1994-03-09T10:08:08.029Z', 'age': 30}, 'registered': {'date': '2021-02-11T22:28:37.871Z', 'age': 3}, 'phone': '077 430 04 34', 'cell': '079 637 64 25', 'id': {'name': 'AVS', 'value': '756.6613.0638.30'}, 'picture': {'large': 'https://randomuser.me/api/portraits/women/95.jpg', 'medium': 'https://randomuser.me/api/portraits/med/women/95.jpg', 'thumbnail': 'https://randomuser.me/api/portraits/thumb/women/95.jpg'}, 'nat': 'CH'}], 'info': {'seed': '4add0b3c362816b8', 'results': 1, 'page': 1, 'version': '1.4'}}</msg>
<arg>${json_data}</arg>
<doc>Logs the given message with the given level.</doc>
<status status="PASS" start="2024-06-21T18:20:11.762027" elapsed="0.000225"/>
</kw>
<kw name="Dictionary Should Contain Key" owner="Collections">
<arg>${json_data}</arg>
<arg>results</arg>
<doc>Fails if ``key`` is not found from ``dictionary``.</doc>
<status status="PASS" start="2024-06-21T18:20:11.762549" elapsed="0.000161"/>
</kw>
<kw name="Should Not Be Empty" owner="BuiltIn">
<msg time="2024-06-21T18:20:11.763020" level="INFO">Length is 2.</msg>
<arg>${json_data}</arg>
<doc>Verifies that the given item is not empty.</doc>
<status status="PASS" start="2024-06-21T18:20:11.762895" elapsed="0.000165"/>
</kw>
<kw name="Create List" owner="BuiltIn">
<msg time="2024-06-21T18:20:11.763729" level="INFO">${expected_keys} = ['gender', 'name', 'location', 'email', 'login']</msg>
<var>${expected_keys}</var>
<arg>gender</arg>
<arg>name</arg>
<arg>location</arg>
<arg>email</arg>
<arg>login</arg>
<doc>Returns a list containing given items.</doc>
<status status="PASS" start="2024-06-21T18:20:11.763407" elapsed="0.000347"/>
</kw>
<for flavor="IN">
<iter>
<kw name="Dictionary Should Contain Key" owner="Collections">
<arg>${json_data['results'][0]}</arg>
<arg>${key}</arg>
<doc>Fails if ``key`` is not found from ``dictionary``.</doc>
<status status="PASS" start="2024-06-21T18:20:11.764359" elapsed="0.000415"/>
</kw>
<kw name="Log" owner="BuiltIn">
<msg time="2024-06-21T18:20:11.765335" level="INFO">{'gender': 'female', 'name': {'title': 'Madame', 'first': 'Océane', 'last': 'Lopez'}, 'location': {'street': {'number': 2799, 'name': "Place de L'Europe"}, 'city': 'Gretzenbach', 'state': 'Jura', 'country': 'Switzerland', 'postcode': 6081, 'coordinates': {'latitude': '-56.8359', 'longitude': '19.4274'}, 'timezone': {'offset': '+3:30', 'description': 'Tehran'}}, 'email': 'oceane.lopez@example.com', 'login': {'uuid': 'c9594356-5673-432b-8c81-e9def9977501', 'username': 'bigwolf639', 'password': 'm5wkqf', 'salt': 'zCnmkUaU', 'md5': '2a3e0c73de835c070806943270dfc06a', 'sha1': '9abd20ead306b1bfbb584c93828767d97975362d', 'sha256': 'dcaedb21e90a300f5d56d61ab0afd0a348e6ab69c517566954b465cbfd3bf48a'}, 'dob': {'date': '1994-03-09T10:08:08.029Z', 'age': 30}, 'registered': {'date': '2021-02-11T22:28:37.871Z', 'age': 3}, 'phone': '077 430 04 34', 'cell': '079 637 64 25', 'id': {'name': 'AVS', 'value': '756.6613.0638.30'}, 'picture': {'large': 'https://randomuser.me/api/portraits/women/95.jpg', 'medium': 'https://randomuser.me/api/portraits/med/women/95.jpg', 'thumbnail': 'https://randomuser.me/api/portraits/thumb/women/95.jpg'}, 'nat': 'CH'}</msg>
<arg>${json_data['results'][0]}</arg>
<doc>Logs the given message with the given level.</doc>
<status status="PASS" start="2024-06-21T18:20:11.764968" elapsed="0.000419"/>
</kw>
<kw name="Log" owner="BuiltIn">
<msg time="2024-06-21T18:20:11.765824" level="INFO">gender</msg>
<arg>${key}</arg>
<doc>Logs the given message with the given level.</doc>
<status status="PASS" start="2024-06-21T18:20:11.765695" elapsed="0.000170"/>
</kw>
<var name="${key}">gender</var>
<status status="PASS" start="2024-06-21T18:20:11.764230" elapsed="0.001858"/>
</iter>
<iter>
<kw name="Dictionary Should Contain Key" owner="Collections">
<arg>${json_data['results'][0]}</arg>
<arg>${key}</arg>
<doc>Fails if ``key`` is not found from ``dictionary``.</doc>
<status status="PASS" start="2024-06-21T18:20:11.766392" elapsed="0.000388"/>
</kw>
<kw name="Log" owner="BuiltIn">
<msg time="2024-06-21T18:20:11.767371" level="INFO">{'gender': 'female', 'name': {'title': 'Madame', 'first': 'Océane', 'last': 'Lopez'}, 'location': {'street': {'number': 2799, 'name': "Place de L'Europe"}, 'city': 'Gretzenbach', 'state': 'Jura', 'country': 'Switzerland', 'postcode': 6081, 'coordinates': {'latitude': '-56.8359', 'longitude': '19.4274'}, 'timezone': {'offset': '+3:30', 'description': 'Tehran'}}, 'email': 'oceane.lopez@example.com', 'login': {'uuid': 'c9594356-5673-432b-8c81-e9def9977501', 'username': 'bigwolf639', 'password': 'm5wkqf', 'salt': 'zCnmkUaU', 'md5': '2a3e0c73de835c070806943270dfc06a', 'sha1': '9abd20ead306b1bfbb584c93828767d97975362d', 'sha256': 'dcaedb21e90a300f5d56d61ab0afd0a348e6ab69c517566954b465cbfd3bf48a'}, 'dob': {'date': '1994-03-09T10:08:08.029Z', 'age': 30}, 'registered': {'date': '2021-02-11T22:28:37.871Z', 'age': 3}, 'phone': '077 430 04 34', 'cell': '079 637 64 25', 'id': {'name': 'AVS', 'value': '756.6613.0638.30'}, 'picture': {'large': 'https://randomuser.me/api/portraits/women/95.jpg', 'medium': 'https://randomuser.me/api/portraits/med/women/95.jpg', 'thumbnail': 'https://randomuser.me/api/portraits/thumb/women/95.jpg'}, 'nat': 'CH'}</msg>
<arg>${json_data['results'][0]}</arg>
<doc>Logs the given message with the given level.</doc>
<status status="PASS" start="2024-06-21T18:20:11.766973" elapsed="0.000497"/>
</kw>
<kw name="Log" owner="BuiltIn">
<msg time="2024-06-21T18:20:11.767903" level="INFO">name</msg>
<arg>${key}</arg>
<doc>Logs the given message with the given level.</doc>
<status status="PASS" start="2024-06-21T18:20:11.767772" elapsed="0.000171"/>
</kw>
<var name="${key}">name</var>
<status status="PASS" start="2024-06-21T18:20:11.766278" elapsed="0.001886"/>
</iter>
<iter>
<kw name="Dictionary Should Contain Key" owner="Collections">
<arg>${json_data['results'][0]}</arg>
<arg>${key}</arg>
<doc>Fails if ``key`` is not found from ``dictionary``.</doc>
<status status="PASS" start="2024-06-21T18:20:11.768449" elapsed="0.000385"/>
</kw>
<kw name="Log" owner="BuiltIn">
<msg time="2024-06-21T18:20:11.769373" level="INFO">{'gender': 'female', 'name': {'title': 'Madame', 'first': 'Océane', 'last': 'Lopez'}, 'location': {'street': {'number': 2799, 'name': "Place de L'Europe"}, 'city': 'Gretzenbach', 'state': 'Jura', 'country': 'Switzerland', 'postcode': 6081, 'coordinates': {'latitude': '-56.8359', 'longitude': '19.4274'}, 'timezone': {'offset': '+3:30', 'description': 'Tehran'}}, 'email': 'oceane.lopez@example.com', 'login': {'uuid': 'c9594356-5673-432b-8c81-e9def9977501', 'username': 'bigwolf639', 'password': 'm5wkqf', 'salt': 'zCnmkUaU', 'md5': '2a3e0c73de835c070806943270dfc06a', 'sha1': '9abd20ead306b1bfbb584c93828767d97975362d', 'sha256': 'dcaedb21e90a300f5d56d61ab0afd0a348e6ab69c517566954b465cbfd3bf48a'}, 'dob': {'date': '1994-03-09T10:08:08.029Z', 'age': 30}, 'registered': {'date': '2021-02-11T22:28:37.871Z', 'age': 3}, 'phone': '077 430 04 34', 'cell': '079 637 64 25', 'id': {'name': 'AVS', 'value': '756.6613.0638.30'}, 'picture': {'large': 'https://randomuser.me/api/portraits/women/95.jpg', 'medium': 'https://randomuser.me/api/portraits/med/women/95.jpg', 'thumbnail': 'https://randomuser.me/api/portraits/thumb/women/95.jpg'}, 'nat': 'CH'}</msg>
<arg>${json_data['results'][0]}</arg>
<doc>Logs the given message with the given level.</doc>
<status status="PASS" start="2024-06-21T18:20:11.769017" elapsed="0.000407"/>
</kw>
<kw name="Log" owner="BuiltIn">
<msg time="2024-06-21T18:20:11.769849" level="INFO">location</msg>
<arg>${key}</arg>
<doc>Logs the given message with the given level.</doc>
<status status="PASS" start="2024-06-21T18:20:11.769722" elapsed="0.000166"/>
</kw>
<var name="${key}">location</var>
<status status="PASS" start="2024-06-21T18:20:11.768341" elapsed="0.001763"/>
</iter>
<iter>
<kw name="Dictionary Should Contain Key" owner="Collections">
<arg>${json_data['results'][0]}</arg>
<arg>${key}</arg>
<doc>Fails if ``key`` is not found from ``dictionary``.</doc>
<status status="PASS" start="2024-06-21T18:20:11.770386" elapsed="0.000378"/>
</kw>
<kw name="Log" owner="BuiltIn">
<msg time="2024-06-21T18:20:11.771368" level="INFO">{'gender': 'female', 'name': {'title': 'Madame', 'first': 'Océane', 'last': 'Lopez'}, 'location': {'street': {'number': 2799, 'name': "Place de L'Europe"}, 'city': 'Gretzenbach', 'state': 'Jura', 'country': 'Switzerland', 'postcode': 6081, 'coordinates': {'latitude': '-56.8359', 'longitude': '19.4274'}, 'timezone': {'offset': '+3:30', 'description': 'Tehran'}}, 'email': 'oceane.lopez@example.com', 'login': {'uuid': 'c9594356-5673-432b-8c81-e9def9977501', 'username': 'bigwolf639', 'password': 'm5wkqf', 'salt': 'zCnmkUaU', 'md5': '2a3e0c73de835c070806943270dfc06a', 'sha1': '9abd20ead306b1bfbb584c93828767d97975362d', 'sha256': 'dcaedb21e90a300f5d56d61ab0afd0a348e6ab69c517566954b465cbfd3bf48a'}, 'dob': {'date': '1994-03-09T10:08:08.029Z', 'age': 30}, 'registered': {'date': '2021-02-11T22:28:37.871Z', 'age': 3}, 'phone': '077 430 04 34', 'cell': '079 637 64 25', 'id': {'name': 'AVS', 'value': '756.6613.0638.30'}, 'picture': {'large': 'https://randomuser.me/api/portraits/women/95.jpg', 'medium': 'https://randomuser.me/api/portraits/med/women/95.jpg', 'thumbnail': 'https://randomuser.me/api/portraits/thumb/women/95.jpg'}, 'nat': 'CH'}</msg>
<arg>${json_data['results'][0]}</arg>
<doc>Logs the given message with the given level.</doc>
<status status="PASS" start="2024-06-21T18:20:11.770962" elapsed="0.000469"/>
</kw>
<kw name="Log" owner="BuiltIn">
<msg time="2024-06-21T18:20:11.771892" level="INFO">email</msg>
<arg>${key}</arg>
<doc>Logs the given message with the given level.</doc>
<status status="PASS" start="2024-06-21T18:20:11.771754" elapsed="0.000181"/>
</kw>
<var name="${key}">email</var>
<status status="PASS" start="2024-06-21T18:20:11.770279" elapsed="0.001923"/>
</iter>
<iter>
<kw name="Dictionary Should Contain Key" owner="Collections">
<arg>${json_data['results'][0]}</arg>
<arg>${key}</arg>
<doc>Fails if ``key`` is not found from ``dictionary``.</doc>
<status status="PASS" start="2024-06-21T18:20:11.772494" elapsed="0.000392"/>
</kw>
<kw name="Log" owner="BuiltIn">
<msg time="2024-06-21T18:20:11.773419" level="INFO">{'gender': 'female', 'name': {'title': 'Madame', 'first': 'Océane', 'last': 'Lopez'}, 'location': {'street': {'number': 2799, 'name': "Place de L'Europe"}, 'city': 'Gretzenbach', 'state': 'Jura', 'country': 'Switzerland', 'postcode': 6081, 'coordinates': {'latitude': '-56.8359', 'longitude': '19.4274'}, 'timezone': {'offset': '+3:30', 'description': 'Tehran'}}, 'email': 'oceane.lopez@example.com', 'login': {'uuid': 'c9594356-5673-432b-8c81-e9def9977501', 'username': 'bigwolf639', 'password': 'm5wkqf', 'salt': 'zCnmkUaU', 'md5': '2a3e0c73de835c070806943270dfc06a', 'sha1': '9abd20ead306b1bfbb584c93828767d97975362d', 'sha256': 'dcaedb21e90a300f5d56d61ab0afd0a348e6ab69c517566954b465cbfd3bf48a'}, 'dob': {'date': '1994-03-09T10:08:08.029Z', 'age': 30}, 'registered': {'date': '2021-02-11T22:28:37.871Z', 'age': 3}, 'phone': '077 430 04 34', 'cell': '079 637 64 25', 'id': {'name': 'AVS', 'value': '756.6613.0638.30'}, 'picture': {'large': 'https://randomuser.me/api/portraits/women/95.jpg', 'medium': 'https://randomuser.me/api/portraits/med/women/95.jpg', 'thumbnail': 'https://randomuser.me/api/portraits/thumb/women/95.jpg'}, 'nat': 'CH'}</msg>
<arg>${json_data['results'][0]}</arg>
<doc>Logs the given message with the given level.</doc>
<status status="PASS" start="2024-06-21T18:20:11.773070" elapsed="0.000398"/>
</kw>
<kw name="Log" owner="BuiltIn">
<msg time="2024-06-21T18:20:11.773897" level="INFO">login</msg>
<arg>${key}</arg>
<doc>Logs the given message with the given level.</doc>
<status status="PASS" start="2024-06-21T18:20:11.773767" elapsed="0.000169"/>
</kw>
<var name="${key}">login</var>
<status status="PASS" start="2024-06-21T18:20:11.772385" elapsed="0.001767"/>
</iter>
<var>${key}</var>
<value>@{expected_keys}</value>
<status status="PASS" start="2024-06-21T18:20:11.764022" elapsed="0.010251"/>
</for>
<kw name="Create List" owner="BuiltIn">
<msg time="2024-06-21T18:20:11.774605" level="INFO">${expected_keysTwo} = ['username', 'password']</msg>
<var>${expected_keysTwo}</var>
<arg>username</arg>
<arg>password</arg>
<doc>Returns a list containing given items.</doc>
<status status="PASS" start="2024-06-21T18:20:11.774468" elapsed="0.000161"/>
</kw>
<for flavor="IN">
<iter>
<kw name="Dictionary Should Contain Key" owner="Collections">
<arg>${json_data['results'][0]['login']}</arg>
<arg>${keyTwo}</arg>
<doc>Fails if ``key`` is not found from ``dictionary``.</doc>
<status status="PASS" start="2024-06-21T18:20:11.775186" elapsed="0.000392"/>
</kw>
<kw name="Dictionary Should Contain Key" owner="Collections">
<arg>${json_data['results'][0]['login']}</arg>
<arg>${keyTwo}</arg>
<doc>Fails if ``key`` is not found from ``dictionary``.</doc>
<status status="PASS" start="2024-06-21T18:20:11.775765" elapsed="0.000371"/>
</kw>
<kw name="Log" owner="BuiltIn">
<msg time="2024-06-21T18:20:11.776431" level="INFO">username</msg>
<arg>${keyTwo}</arg>
<doc>Logs the given message with the given level.</doc>
<status status="PASS" start="2024-06-21T18:20:11.776312" elapsed="0.000157"/>
</kw>
<var name="${keyTwo}">username</var>
<status status="PASS" start="2024-06-21T18:20:11.775054" elapsed="0.001641"/>
</iter>
<iter>
<kw name="Dictionary Should Contain Key" owner="Collections">
<arg>${json_data['results'][0]['login']}</arg>
<arg>${keyTwo}</arg>
<doc>Fails if ``key`` is not found from ``dictionary``.</doc>
<status status="PASS" start="2024-06-21T18:20:11.777026" elapsed="0.000413"/>
</kw>
<kw name="Dictionary Should Contain Key" owner="Collections">
<arg>${json_data['results'][0]['login']}</arg>
<arg>${keyTwo}</arg>
<doc>Fails if ``key`` is not found from ``dictionary``.</doc>
<status status="PASS" start="2024-06-21T18:20:11.777619" elapsed="0.000377"/>
</kw>
<kw name="Log" owner="BuiltIn">
<msg time="2024-06-21T18:20:11.778294" level="INFO">password</msg>
<arg>${keyTwo}</arg>
<doc>Logs the given message with the given level.</doc>
<status status="PASS" start="2024-06-21T18:20:11.778174" elapsed="0.000158"/>
</kw>
<var name="${keyTwo}">password</var>
<status status="PASS" start="2024-06-21T18:20:11.776868" elapsed="0.001796"/>
</iter>
<var>${keyTwo}</var>
<value>@{expected_keysTwo}</value>
<status status="PASS" start="2024-06-21T18:20:11.774895" elapsed="0.003891"/>
</for>
<status status="PASS" start="2024-06-21T18:20:11.670492" elapsed="0.108439"/>
</kw>
<doc>Testa a estrutura da resposta da API.</doc>
<tag>testeEstruturaResposta</tag>
<status status="PASS" start="2024-06-21T18:20:11.669966" elapsed="0.109124"/>
</test>
<test id="s1-s1-t4" name="Validar tipos de dados" line="28">
<kw name="Teste de Tipos de Dados" owner="random-user-service">
<kw name="GET On Session" owner="RequestsLibrary">
<msg time="2024-06-21T18:20:11.873670" level="INFO">GET Request : url=https://randomuser.me/api 
 path_url=/api 
 headers={'User-Agent': 'python-requests/2.32.3', 'Accept-Encoding': 'gzip, deflate', 'Accept': '*/*', 'Connection': 'keep-alive'} 
 body=None 
 </msg>
<msg time="2024-06-21T18:20:11.873774" level="INFO">GET Response : url=https://randomuser.me/api 
 status=200, reason=OK 
 headers={'Date': 'Fri, 21 Jun 2024 18:20:11 GMT', 'Content-Type': 'application/json; charset=utf-8', 'Transfer-Encoding': 'chunked', 'Connection': 'keep-alive', 'X-Powered-By': 'Express', 'Access-Control-Allow-Origin': '*', 'Cache-Control': 'no-cache', 'ETag': 'W/"495-qmlcsbbJ/j5GgR/bVvjhyE0S27U"', 'Vary': 'Accept-Encoding', 'Content-Encoding': 'gzip', 'CF-Cache-Status': 'DYNAMIC', 'Report-To': '{"endpoints":[{"url":"https:\\/\\/a.nel.cloudflare.com\\/report\\/v4?s=c9sxZa2TvuSs686lzlyU9TyQxNeSk%2BJXNO%2BK45merW0W9pAn2qteYBMbusv7gl1fVMxTyz2VzN%2Bw5HQh5rdVsaUqk88%2FT4g3sAcUMWz8%2BM7NEr%2FDA4pKv8VYld%2Bf%2FJ%2F2"}],"group":"cf-nel","max_age":604800}', 'NEL': '{"success_fraction":0,"report_to":"cf-nel","max_age":604800}', 'Server': 'cloudflare', 'CF-RAY': '897602ddaf682d1c-IAD', 'alt-svc': 'h3=":443"; ma=86400'} 
 body={"results":[{"gender":"male","name":{"title":"Mr","first":"Rodney","last":"Ford"},"location":{"street":{"number":3981,"name":"Washington Ave"},"city":"Brisbane","state":"Northern Territory","country":"Australia","postcode":8884,"coordinates":{"latitude":"-83.4648","longitude":"-150.2912"},"timezone":{"offset":"+11:00","description":"Magadan, Solomon Islands, New Caledonia"}},"email":"rodney.ford@example.com","login":{"uuid":"d4f6f248-2260-45e1-a712-8f546016c752","username":"bigdog558","password":"jeter2","salt":"kjAaw3ek","md5":"53770b10cec732c76c3357386af02188","sha1":"3259957b02067d81dca5318c6246cd091e414324","sha256":"533ed96482bd7c30a07d6090ed78222b631e2abbff4f9160cc18f8462c9555d5"},"dob":{"date":"2001-04-25T12:05:25.674Z","age":23},"registered":{"date":"2008-11-16T12:16:42.325Z","age":15},"phone":"03-0147-4316","cell":"0429-739-214","id":{"name":"TFN","value":"574006111"},"picture":{"large":"https://randomuser.me/api/portraits/men/29.jpg","medium":"https://randomuser.me/api/portraits/med/men/29.jpg","thumbnail":"https://randomuser.me/api/portraits/thumb/men/29.jpg"},"nat":"AU"}],"info":{"seed":"35e6111caf77b976","results":1,"page":1,"version":"1.4"}} 
 </msg>
<msg time="2024-06-21T18:20:11.873859" level="INFO">/opt/hostedtoolcache/Python/3.12.4/x64/lib/python3.12/site-packages/urllib3/connectionpool.py:1099: InsecureRequestWarning: Unverified HTTPS request is being made to host 'randomuser.me'. Adding certificate verification is strongly advised. See: https://urllib3.readthedocs.io/en/latest/advanced-usage.html#tls-warnings
  warnings.warn(</msg>
<msg time="2024-06-21T18:20:11.873993" level="INFO">${response} = &lt;Response [200]&gt;</msg>
<var>${response}</var>
<arg>consultarAPI</arg>
<arg>/api</arg>
<doc>Sends a GET request on a previously created HTTP Session.</doc>
<status status="PASS" start="2024-06-21T18:20:11.781612" elapsed="0.092424"/>
</kw>
<kw name="Set Variable" owner="BuiltIn">
<msg time="2024-06-21T18:20:11.875122" level="INFO">${json_data} = {'results': [{'gender': 'male', 'name': {'title': 'Mr', 'first': 'Rodney', 'last': 'Ford'}, 'location': {'street': {'number': 3981, 'name': 'Washington Ave'}, 'city': 'Brisbane', 'state': 'Northern Te...</msg>
<var>${json_data}</var>
<arg>${response.json()}</arg>
<doc>Returns the given values which can then be assigned to a variables.</doc>
<status status="PASS" start="2024-06-21T18:20:11.874592" elapsed="0.000590"/>
</kw>
<kw name="Log" owner="BuiltIn">
<msg time="2024-06-21T18:20:11.875674" level="INFO">{'results': [{'gender': 'male', 'name': {'title': 'Mr', 'first': 'Rodney', 'last': 'Ford'}, 'location': {'street': {'number': 3981, 'name': 'Washington Ave'}, 'city': 'Brisbane', 'state': 'Northern Territory', 'country': 'Australia', 'postcode': 8884, 'coordinates': {'latitude': '-83.4648', 'longitude': '-150.2912'}, 'timezone': {'offset': '+11:00', 'description': 'Magadan, Solomon Islands, New Caledonia'}}, 'email': 'rodney.ford@example.com', 'login': {'uuid': 'd4f6f248-2260-45e1-a712-8f546016c752', 'username': 'bigdog558', 'password': 'jeter2', 'salt': 'kjAaw3ek', 'md5': '53770b10cec732c76c3357386af02188', 'sha1': '3259957b02067d81dca5318c6246cd091e414324', 'sha256': '533ed96482bd7c30a07d6090ed78222b631e2abbff4f9160cc18f8462c9555d5'}, 'dob': {'date': '2001-04-25T12:05:25.674Z', 'age': 23}, 'registered': {'date': '2008-11-16T12:16:42.325Z', 'age': 15}, 'phone': '03-0147-4316', 'cell': '0429-739-214', 'id': {'name': 'TFN', 'value': '574006111'}, 'picture': {'large': 'https://randomuser.me/api/portraits/men/29.jpg', 'medium': 'https://randomuser.me/api/portraits/med/men/29.jpg', 'thumbnail': 'https://randomuser.me/api/portraits/thumb/men/29.jpg'}, 'nat': 'AU'}], 'info': {'seed': '35e6111caf77b976', 'results': 1, 'page': 1, 'version': '1.4'}}</msg>
<arg>${json_data}</arg>
<doc>Logs the given message with the given level.</doc>
<status status="PASS" start="2024-06-21T18:20:11.875515" elapsed="0.000209"/>
</kw>
<kw name="Should Be String" owner="String">
<arg>${json_data['results'][0]['gender']}</arg>
<doc>Fails if the given ``item`` is not a string.</doc>
<status status="PASS" start="2024-06-21T18:20:11.876019" elapsed="0.000395"/>
</kw>
<kw name="Should Match Regexp" owner="BuiltIn">
<arg>${json_data['results'][0]['email']}</arg>
<arg>^[a-zA-Z0-9._%+-]+@[a-zA-Z0-9.-]+\.[a-zA-Z]{2,}$</arg>
<doc>Fails if ``string`` does not match ``pattern`` as a regular expression.</doc>
<status status="PASS" start="2024-06-21T18:20:11.876604" elapsed="0.000525"/>
</kw>
<kw name="Should Match Regexp" owner="BuiltIn">
<arg>${json_data['results'][0]['dob']['date']}</arg>
<arg>\\d{4}-\\d{2}-\\d{2}T\\d{2}:\\d{2}:\\d{2}\\.\\d{3}Z</arg>
<doc>Fails if ``string`` does not match ``pattern`` as a regular expression.</doc>
<status status="PASS" start="2024-06-21T18:20:11.877359" elapsed="0.000489"/>
</kw>
<kw name="Should Match Regexp" owner="BuiltIn">
<arg>${json_data['results'][0]['registered']['date']}</arg>
<arg>\\d{4}-\\d{2}-\\d{2}T\\d{2}:\\d{2}:\\d{2}\\.\\d{3}Z</arg>
<doc>Fails if ``string`` does not match ``pattern`` as a regular expression.</doc>
<status status="PASS" start="2024-06-21T18:20:11.878042" elapsed="0.000376"/>
</kw>
<kw name="Should Match Regexp" owner="BuiltIn">
<arg>${json_data['results'][0]['picture']['large']}</arg>
<arg>^https?://.*\.(?:png|jpe?g|gif|bmp)$</arg>
<doc>Fails if ``string`` does not match ``pattern`` as a regular expression.</doc>
<status status="PASS" start="2024-06-21T18:20:11.878605" elapsed="0.000461"/>
</kw>
<kw name="Should Match Regexp" owner="BuiltIn">
<arg>${json_data['results'][0]['picture']['medium']}</arg>
<arg>^https?://.*\.(?:png|jpe?g|gif|bmp)$</arg>
<doc>Fails if ``string`` does not match ``pattern`` as a regular expression.</doc>
<status status="PASS" start="2024-06-21T18:20:11.879278" elapsed="0.000356"/>
</kw>
<kw name="Should Match Regexp" owner="BuiltIn">
<arg>${json_data['results'][0]['picture']['thumbnail']}</arg>
<arg>^https?://.*\.(?:png|jpe?g|gif|bmp)$</arg>
<doc>Fails if ``string`` does not match ``pattern`` as a regular expression.</doc>
<status status="PASS" start="2024-06-21T18:20:11.879818" elapsed="0.000349"/>
</kw>
<kw name="Log" owner="BuiltIn">
<msg time="2024-06-21T18:20:11.880680" level="INFO">{'large': 'https://randomuser.me/api/portraits/men/29.jpg', 'medium': 'https://randomuser.me/api/portraits/med/men/29.jpg', 'thumbnail': 'https://randomuser.me/api/portraits/thumb/men/29.jpg'}</msg>
<arg>${json_data['results'][0]['picture']}</arg>
<doc>Logs the given message with the given level.</doc>
<status status="PASS" start="2024-06-21T18:20:11.880347" elapsed="0.000378"/>
</kw>
<status status="PASS" start="2024-06-21T18:20:11.781382" elapsed="0.099633"/>
</kw>
<kw name="Teste de Tipos de Dados - Postcode" owner="random-user-service">
<kw name="GET On Session" owner="RequestsLibrary">
<msg time="2024-06-21T18:20:12.055797" level="INFO">GET Request : url=https://randomuser.me/api 
 path_url=/api 
 headers={'User-Agent': 'python-requests/2.32.3', 'Accept-Encoding': 'gzip, deflate', 'Accept': '*/*', 'Connection': 'keep-alive'} 
 body=None 
 </msg>
<msg time="2024-06-21T18:20:12.055897" level="INFO">GET Response : url=https://randomuser.me/api 
 status=200, reason=OK 
 headers={'Date': 'Fri, 21 Jun 2024 18:20:12 GMT', 'Content-Type': 'application/json; charset=utf-8', 'Transfer-Encoding': 'chunked', 'Connection': 'keep-alive', 'X-Powered-By': 'Express', 'Access-Control-Allow-Origin': '*', 'Cache-Control': 'no-cache', 'ETag': 'W/"482-5j7aS/W9/s/COd5Y1TVsd16hg2o"', 'Vary': 'Accept-Encoding', 'Content-Encoding': 'gzip', 'CF-Cache-Status': 'DYNAMIC', 'Report-To': '{"endpoints":[{"url":"https:\\/\\/a.nel.cloudflare.com\\/report\\/v4?s=pVkM%2B%2B8PYVQKIZYsPywbekxvroEzRfq66zi9GgC6SJst%2F1OkFT4QNSlQUxRsVEagO3Y%2FWALyY2TpVwlWqwnN2xwgfdPaW%2FG0S57y2SE2JDA3dzQLdNCfMqtKNdCd8v16"}],"group":"cf-nel","max_age":604800}', 'NEL': '{"success_fraction":0,"report_to":"cf-nel","max_age":604800}', 'Server': 'cloudflare', 'CF-RAY': '897602de48492d1c-IAD', 'alt-svc': 'h3=":443"; ma=86400'} 
 body={"results":[{"gender":"female","name":{"title":"Mrs","first":"Emma","last":"Makinen"},"location":{"street":{"number":2333,"name":"Tehtaankatu"},"city":"Simo","state":"North Karelia","country":"Finland","postcode":60908,"coordinates":{"latitude":"-28.7186","longitude":"114.4870"},"timezone":{"offset":"-3:30","description":"Newfoundland"}},"email":"emma.makinen@example.com","login":{"uuid":"38a53ec5-94bc-46f1-af6a-2cd529425637","username":"purplecat794","password":"gilbert","salt":"tTVx9g67","md5":"db9fa377266697d15453a7c104ba6b5a","sha1":"78adaabced3a5c0f597fb5ef09da0f57d506c9e9","sha256":"96daa8e835ae8b143d4167e8ad1d085e0b842beb2e766a6b95abaf6e40ab1d3b"},"dob":{"date":"1992-04-27T12:34:22.346Z","age":32},"registered":{"date":"2008-11-30T00:55:04.357Z","age":15},"phone":"06-213-424","cell":"044-134-32-73","id":{"name":"HETU","value":"NaNNA338undefined"},"picture":{"large":"https://randomuser.me/api/portraits/women/12.jpg","medium":"https://randomuser.me/api/portraits/med/women/12.jpg","thumbnail":"https://randomuser.me/api/portraits/thumb/women/12.jpg"},"nat":"FI"}],"info":{"seed":"240a42fc777b0a97","results":1,"page":1,"version":"1.4"}} 
 </msg>
<msg time="2024-06-21T18:20:12.055973" level="INFO">/opt/hostedtoolcache/Python/3.12.4/x64/lib/python3.12/site-packages/urllib3/connectionpool.py:1099: InsecureRequestWarning: Unverified HTTPS request is being made to host 'randomuser.me'. Adding certificate verification is strongly advised. See: https://urllib3.readthedocs.io/en/latest/advanced-usage.html#tls-warnings
  warnings.warn(</msg>
<msg time="2024-06-21T18:20:12.056101" level="INFO">${response} = &lt;Response [200]&gt;</msg>
<var>${response}</var>
<arg>consultarAPI</arg>
<arg>/api</arg>
<doc>Sends a GET request on a previously created HTTP Session.</doc>
<status status="PASS" start="2024-06-21T18:20:11.881483" elapsed="0.174661"/>
</kw>
<kw name="Set Variable" owner="BuiltIn">
<msg time="2024-06-21T18:20:12.057214" level="INFO">${json_data} = {'results': [{'gender': 'female', 'name': {'title': 'Mrs', 'first': 'Emma', 'last': 'Makinen'}, 'location': {'street': {'number': 2333, 'name': 'Tehtaankatu'}, 'city': 'Simo', 'state': 'North Karelia'...</msg>
<var>${json_data}</var>
<arg>${response.json()}</arg>
<doc>Returns the given values which can then be assigned to a variables.</doc>
<status status="PASS" start="2024-06-21T18:20:12.056691" elapsed="0.000554"/>
</kw>
<kw name="Log" owner="BuiltIn">
<msg time="2024-06-21T18:20:12.057716" level="INFO">{'results': [{'gender': 'female', 'name': {'title': 'Mrs', 'first': 'Emma', 'last': 'Makinen'}, 'location': {'street': {'number': 2333, 'name': 'Tehtaankatu'}, 'city': 'Simo', 'state': 'North Karelia', 'country': 'Finland', 'postcode': 60908, 'coordinates': {'latitude': '-28.7186', 'longitude': '114.4870'}, 'timezone': {'offset': '-3:30', 'description': 'Newfoundland'}}, 'email': 'emma.makinen@example.com', 'login': {'uuid': '38a53ec5-94bc-46f1-af6a-2cd529425637', 'username': 'purplecat794', 'password': 'gilbert', 'salt': 'tTVx9g67', 'md5': 'db9fa377266697d15453a7c104ba6b5a', 'sha1': '78adaabced3a5c0f597fb5ef09da0f57d506c9e9', 'sha256': '96daa8e835ae8b143d4167e8ad1d085e0b842beb2e766a6b95abaf6e40ab1d3b'}, 'dob': {'date': '1992-04-27T12:34:22.346Z', 'age': 32}, 'registered': {'date': '2008-11-30T00:55:04.357Z', 'age': 15}, 'phone': '06-213-424', 'cell': '044-134-32-73', 'id': {'name': 'HETU', 'value': 'NaNNA338undefined'}, 'picture': {'large': 'https://randomuser.me/api/portraits/women/12.jpg', 'medium': 'https://randomuser.me/api/portraits/med/women/12.jpg', 'thumbnail': 'https://randomuser.me/api/portraits/thumb/women/12.jpg'}, 'nat': 'FI'}], 'info': {'seed': '240a42fc777b0a97', 'results': 1, 'page': 1, 'version': '1.4'}}</msg>
<arg>${json_data}</arg>
<doc>Logs the given message with the given level.</doc>
<status status="PASS" start="2024-06-21T18:20:12.057557" elapsed="0.000208"/>
</kw>
<kw name="Should Be Equal As Numbers" owner="BuiltIn">
<arg>${json_data['results'][0]['location']['postcode']}</arg>
<arg>${json_data['results'][0]['location']['postcode']}</arg>
<doc>Fails if objects are unequal after converting them to real numbers.</doc>
<status status="PASS" start="2024-06-21T18:20:12.058062" elapsed="0.000628"/>
</kw>
<kw name="Log" owner="BuiltIn">
<msg time="2024-06-21T18:20:12.059424" level="INFO">60908</msg>
<arg>${json_data['results'][0]['location']['postcode']}</arg>
<doc>Logs the given message with the given level.</doc>
<status status="PASS" start="2024-06-21T18:20:12.058879" elapsed="0.000588"/>
</kw>
<status status="PASS" start="2024-06-21T18:20:11.881249" elapsed="0.178514"/>
</kw>
<doc>Testa se os tipos de dados na resposta da API estão corretos.</doc>
<tag>testeTiposDados</tag>
<status status="PASS" start="2024-06-21T18:20:11.780916" elapsed="0.279019"/>
</test>
<test id="s1-s1-t5" name="Validar conteudo" line="35">
<kw name="Teste de Tipos de Conteudo" owner="random-user-service">
<kw name="GET On Session" owner="RequestsLibrary">
<msg time="2024-06-21T18:20:12.365566" level="INFO">GET Request : url=https://randomuser.me/api 
 path_url=/api 
 headers={'User-Agent': 'python-requests/2.32.3', 'Accept-Encoding': 'gzip, deflate', 'Accept': '*/*', 'Connection': 'keep-alive'} 
 body=None 
 </msg>
<msg time="2024-06-21T18:20:12.365667" level="INFO">GET Response : url=https://randomuser.me/api 
 status=200, reason=OK 
 headers={'Date': 'Fri, 21 Jun 2024 18:20:12 GMT', 'Content-Type': 'application/json; charset=utf-8', 'Transfer-Encoding': 'chunked', 'Connection': 'keep-alive', 'X-Powered-By': 'Express', 'Access-Control-Allow-Origin': '*', 'Cache-Control': 'no-cache', 'ETag': 'W/"49e-XFkZBhrS55Vfau0gpSfA6/BKQlE"', 'Vary': 'Accept-Encoding', 'Content-Encoding': 'gzip', 'CF-Cache-Status': 'DYNAMIC', 'Report-To': '{"endpoints":[{"url":"https:\\/\\/a.nel.cloudflare.com\\/report\\/v4?s=7E62wCgAWiY8f40V%2Fo%2FGDDu07uGe%2BAPM82v5ocje1ZPBbsB1P%2BQcblgjNKukL4gK6tXmT2jbPyEGHWCQRtoLMa06h3Wx965g3umY1EfoETwtgtbOCpz7aEdxMrwNywiY"}],"group":"cf-nel","max_age":604800}', 'NEL': '{"success_fraction":0,"report_to":"cf-nel","max_age":604800}', 'Server': 'cloudflare', 'CF-RAY': '897602df69d42d1c-IAD', 'alt-svc': 'h3=":443"; ma=86400'} 
 body={"results":[{"gender":"male","name":{"title":"Mr","first":"Bent","last":"Van der Stam"},"location":{"street":{"number":8001,"name":"Brugsteen"},"city":"Nieuwenhoorn","state":"Groningen","country":"Netherlands","postcode":"9977 QH","coordinates":{"latitude":"30.1870","longitude":"-159.2185"},"timezone":{"offset":"+5:30","description":"Bombay, Calcutta, Madras, New Delhi"}},"email":"bent.vanderstam@example.com","login":{"uuid":"1cbc3953-545d-4855-95d7-b378c73b2d62","username":"ticklishkoala721","password":"errors","salt":"xtuYFvtv","md5":"3753df571d1a38bd8c6828008b29fa35","sha1":"36bc04a92c49bb2dc5a8e90e88f9a11f5b2ee885","sha256":"ab0f3f2954098dbc287df78e75d91683c26de3a011a365d862519ca93c129502"},"dob":{"date":"1955-08-16T22:24:48.562Z","age":68},"registered":{"date":"2012-02-22T12:58:03.032Z","age":12},"phone":"(0643) 112060","cell":"(06) 73107156","id":{"name":"BSN","value":"91337297"},"picture":{"large":"https://randomuser.me/api/portraits/men/51.jpg","medium":"https://randomuser.me/api/portraits/med/men/51.jpg","thumbnail":"https://randomuser.me/api/portraits/thumb/men/51.jpg"},"nat":"NL"}],"info":{"seed":"eee38751954d2f69","results":1,"page":1,"version":"1.4"}} 
 </msg>
<msg time="2024-06-21T18:20:12.365740" level="INFO">/opt/hostedtoolcache/Python/3.12.4/x64/lib/python3.12/site-packages/urllib3/connectionpool.py:1099: InsecureRequestWarning: Unverified HTTPS request is being made to host 'randomuser.me'. Adding certificate verification is strongly advised. See: https://urllib3.readthedocs.io/en/latest/advanced-usage.html#tls-warnings
  warnings.warn(</msg>
<msg time="2024-06-21T18:20:12.365865" level="INFO">${response} = &lt;Response [200]&gt;</msg>
<var>${response}</var>
<arg>consultarAPI</arg>
<arg>/api</arg>
<doc>Sends a GET request on a previously created HTTP Session.</doc>
<status status="PASS" start="2024-06-21T18:20:12.062936" elapsed="0.302969"/>
</kw>
<kw name="Set Variable" owner="BuiltIn">
<msg time="2024-06-21T18:20:12.366957" level="INFO">${json_data} = {'results': [{'gender': 'male', 'name': {'title': 'Mr', 'first': 'Bent', 'last': 'Van der Stam'}, 'location': {'street': {'number': 8001, 'name': 'Brugsteen'}, 'city': 'Nieuwenhoorn', 'state': 'Gronin...</msg>
<var>${json_data}</var>
<arg>${response.json()}</arg>
<doc>Returns the given values which can then be assigned to a variables.</doc>
<status status="PASS" start="2024-06-21T18:20:12.366443" elapsed="0.000542"/>
</kw>
<kw name="Set Variable" owner="BuiltIn">
<msg time="2024-06-21T18:20:12.367739" level="INFO">${name_title} = Mr</msg>
<var>${name_title}</var>
<arg>${json_data["results"][0]["name"]["title"]}</arg>
<doc>Returns the given values which can then be assigned to a variables.</doc>
<status status="PASS" start="2024-06-21T18:20:12.367344" elapsed="0.000420"/>
</kw>
<kw name="Create List" owner="BuiltIn">
<msg time="2024-06-21T18:20:12.368221" level="INFO">${allowed_titles} = ['Mr', 'Ms', 'Miss', 'Mrs', 'Madame', 'Monsieur']</msg>
<var>${allowed_titles}</var>
<arg>Mr</arg>
<arg>Ms</arg>
<arg>Miss</arg>
<arg>Mrs</arg>
<arg>Madame</arg>
<arg>Monsieur</arg>
<doc>Returns a list containing given items.</doc>
<status status="PASS" start="2024-06-21T18:20:12.368065" elapsed="0.000180"/>
</kw>
<kw name="List Should Contain Value" owner="Collections">
<arg>${allowed_titles}</arg>
<arg>${name_title}</arg>
<doc>Fails if the ``value`` is not found from ``list``.</doc>
<status status="PASS" start="2024-06-21T18:20:12.368544" elapsed="0.000178"/>
</kw>
<kw name="Set Variable" owner="BuiltIn">
<msg time="2024-06-21T18:20:12.369269" level="INFO">${name_country} = NL</msg>
<var>${name_country}</var>
<arg>${json_data["results"][0]["nat"]}</arg>
<doc>Returns the given values which can then be assigned to a variables.</doc>
<status status="PASS" start="2024-06-21T18:20:12.368901" elapsed="0.000394"/>
</kw>
<kw name="Create List" owner="BuiltIn">
<msg time="2024-06-21T18:20:12.370184" level="INFO">${list_country} = ['AD', 'AE', 'AF', 'AG', 'AI', 'AL', 'AM', 'AO', 'AQ', 'AR', 'AS', 'AT', 'AU', 'AW', 'AX', 'AZ', 'BA', 'BB', 'BD', 'BE', 'BF', 'BG', 'BH', 'BI', 'BJ', 'BL', 'BM', 'BN', 'BO', 'BQ', 'BR', 'BS', 'BT', '...</msg>
<var>${list_country}</var>
<arg>AD</arg>
<arg>AE</arg>
<arg>AF</arg>
<arg>AG</arg>
<arg>AI</arg>
<arg>AL</arg>
<arg>AM</arg>
<arg>AO</arg>
<arg>AQ</arg>
<arg>AR</arg>
<arg>AS</arg>
<arg>AT</arg>
<arg>AU</arg>
<arg>AW</arg>
<arg>AX</arg>
<arg>AZ</arg>
<arg>BA</arg>
<arg>BB</arg>
<arg>BD</arg>
<arg>BE</arg>
<arg>BF</arg>
<arg>BG</arg>
<arg>BH</arg>
<arg>BI</arg>
<arg>BJ</arg>
<arg>BL</arg>
<arg>BM</arg>
<arg>BN</arg>
<arg>BO</arg>
<arg>BQ</arg>
<arg>BR</arg>
<arg>BS</arg>
<arg>BT</arg>
<arg>BV</arg>
<arg>BW</arg>
<arg>BY</arg>
<arg>BZ</arg>
<arg>CA</arg>
<arg>CC</arg>
<arg>CD</arg>
<arg>CF</arg>
<arg>CG</arg>
<arg>CH</arg>
<arg>CI</arg>
<arg>CK</arg>
<arg>CL</arg>
<arg>CM</arg>
<arg>CN</arg>
<arg>CO</arg>
<arg>CR</arg>
<arg>CU</arg>
<arg>CV</arg>
<arg>CW</arg>
<arg>CX</arg>
<arg>CY</arg>
<arg>CZ</arg>
<arg>DE</arg>
<arg>DJ</arg>
<arg>DK</arg>
<arg>DM</arg>
<arg>DO</arg>
<arg>DZ</arg>
<arg>EC</arg>
<arg>EE</arg>
<arg>EG</arg>
<arg>EH</arg>
<arg>ER</arg>
<arg>ES</arg>
<arg>ET</arg>
<arg>FI</arg>
<arg>FJ</arg>
<arg>FK</arg>
<arg>FM</arg>
<arg>FO</arg>
<arg>FR</arg>
<arg>GA</arg>
<arg>GB</arg>
<arg>GD</arg>
<arg>GE</arg>
<arg>GF</arg>
<arg>GG</arg>
<arg>GH</arg>
<arg>GI</arg>
<arg>GL</arg>
<arg>GM</arg>
<arg>GN</arg>
<arg>GP</arg>
<arg>GQ</arg>
<arg>GR</arg>
<arg>GS</arg>
<arg>GT</arg>
<arg>GU</arg>
<arg>GW</arg>
<arg>GY</arg>
<arg>HK</arg>
<arg>HM</arg>
<arg>HN</arg>
<arg>HR</arg>
<arg>HT</arg>
<arg>HU</arg>
<arg>ID</arg>
<arg>IE</arg>
<arg>IL</arg>
<arg>IM</arg>
<arg>IN</arg>
<arg>IO</arg>
<arg>IQ</arg>
<arg>IR</arg>
<arg>IS</arg>
<arg>IT</arg>
<arg>JE</arg>
<arg>JM</arg>
<arg>JO</arg>
<arg>JP</arg>
<arg>KE</arg>
<arg>KG</arg>
<arg>KH</arg>
<arg>KI</arg>
<arg>KM</arg>
<arg>KN</arg>
<arg>KP</arg>
<arg>KR</arg>
<arg>KW</arg>
<arg>KY</arg>
<arg>KZ</arg>
<arg>LA</arg>
<arg>LB</arg>
<arg>LC</arg>
<arg>LI</arg>
<arg>LK</arg>
<arg>LR</arg>
<arg>LS</arg>
<arg>LT</arg>
<arg>LU</arg>
<arg>LV</arg>
<arg>LY</arg>
<arg>MA</arg>
<arg>MC</arg>
<arg>MD</arg>
<arg>ME</arg>
<arg>MF</arg>
<arg>MG</arg>
<arg>MH</arg>
<arg>MK</arg>
<arg>ML</arg>
<arg>MM</arg>
<arg>MN</arg>
<arg>MO</arg>
<arg>MP</arg>
<arg>MQ</arg>
<arg>MR</arg>
<arg>MS</arg>
<arg>MT</arg>
<arg>MU</arg>
<arg>MV</arg>
<arg>MW</arg>
<arg>MX</arg>
<arg>MY</arg>
<arg>MZ</arg>
<arg>NA</arg>
<arg>NC</arg>
<arg>NE</arg>
<arg>NF</arg>
<arg>NG</arg>
<arg>NI</arg>
<arg>NL</arg>
<arg>NO</arg>
<arg>NP</arg>
<arg>NR</arg>
<arg>NU</arg>
<arg>NZ</arg>
<arg>OM</arg>
<arg>PA</arg>
<arg>PE</arg>
<arg>PF</arg>
<arg>PG</arg>
<arg>PH</arg>
<arg>PK</arg>
<arg>PL</arg>
<arg>PM</arg>
<arg>PN</arg>
<arg>PR</arg>
<arg>PS</arg>
<arg>PT</arg>
<arg>PW</arg>
<arg>PY</arg>
<arg>QA</arg>
<arg>RE</arg>
<arg>RO</arg>
<arg>RS</arg>
<arg>RU</arg>
<arg>RW</arg>
<arg>SA</arg>
<arg>SB</arg>
<arg>SC</arg>
<arg>SD</arg>
<arg>SE</arg>
<arg>SG</arg>
<arg>SH</arg>
<arg>SI</arg>
<arg>SJ</arg>
<arg>SK</arg>
<arg>SL</arg>
<arg>SM</arg>
<arg>SN</arg>
<arg>SO</arg>
<arg>SR</arg>
<arg>SS</arg>
<arg>ST</arg>
<arg>SV</arg>
<arg>SX</arg>
<arg>SY</arg>
<arg>SZ</arg>
<arg>TC</arg>
<arg>TD</arg>
<arg>TF</arg>
<arg>TG</arg>
<arg>TH</arg>
<arg>TJ</arg>
<arg>TK</arg>
<arg>TL</arg>
<arg>TM</arg>
<arg>TN</arg>
<arg>TO</arg>
<arg>TR</arg>
<arg>TT</arg>
<arg>TV</arg>
<arg>TW</arg>
<arg>TZ</arg>
<arg>UA</arg>
<arg>UG</arg>
<arg>UM</arg>
<arg>US</arg>
<arg>UY</arg>
<arg>UZ</arg>
<arg>VA</arg>
<arg>VC</arg>
<arg>VE</arg>
<arg>VG</arg>
<arg>VI</arg>
<arg>VN</arg>
<arg>VU</arg>
<arg>WF</arg>
<arg>WS</arg>
<arg>XK</arg>
<arg>YE</arg>
<arg>YT</arg>
<arg>ZA</arg>
<arg>ZM</arg>
<arg>ZW</arg>
<doc>Returns a list containing given items.</doc>
<status status="PASS" start="2024-06-21T18:20:12.369588" elapsed="0.000622"/>
</kw>
<kw name="List Should Contain Value" owner="Collections">
<arg>${list_country}</arg>
<arg>${name_country}</arg>
<doc>Fails if the ``value`` is not found from ``list``.</doc>
<status status="PASS" start="2024-06-21T18:20:12.371014" elapsed="0.000229"/>
</kw>
<kw name="Run Keyword If" owner="BuiltIn">
<kw name="Should Be True" owner="BuiltIn">
<arg>${True}</arg>
<doc>Fails if the given condition is not true.</doc>
<status status="PASS" start="2024-06-21T18:20:12.372189" elapsed="0.000144"/>
</kw>
<arg>${json_data["results"][0]["location"]["coordinates"]["latitude"]} &gt;= -90 and ${json_data["results"][0]["location"]["coordinates"]["latitude"]} &lt;= 90</arg>
<arg>Should Be True</arg>
<arg>${True}</arg>
<doc>Runs the given keyword with the given arguments, if ``condition`` is true.</doc>
<status status="PASS" start="2024-06-21T18:20:12.371447" elapsed="0.001011"/>
</kw>
<kw name="Run Keyword If" owner="BuiltIn">
<kw name="Should Be True" owner="BuiltIn">
<arg>${True}</arg>
<doc>Fails if the given condition is not true.</doc>
<status status="PASS" start="2024-06-21T18:20:12.373316" elapsed="0.000253"/>
</kw>
<arg>${json_data["results"][0]["location"]["coordinates"]["longitude"]} &gt;= -180 and ${json_data["results"][0]["location"]["coordinates"]["longitude"]} &lt;= 180</arg>
<arg>Should Be True</arg>
<arg>${True}</arg>
<doc>Runs the given keyword with the given arguments, if ``condition`` is true.</doc>
<status status="PASS" start="2024-06-21T18:20:12.372634" elapsed="0.001064"/>
</kw>
<status status="PASS" start="2024-06-21T18:20:12.062528" elapsed="0.311304"/>
</kw>
<doc>Testa o conteúdo específico dos campos retornados pela API.</doc>
<tag>testeConteudo</tag>
<status status="PASS" start="2024-06-21T18:20:12.061796" elapsed="0.312191"/>
</test>
<status status="PASS" start="2024-06-21T18:20:11.231825" elapsed="1.144180"/>
</suite>
<status status="PASS" start="2024-06-21T18:20:11.217044" elapsed="1.164210"/>
</suite>
<statistics>
<total>
<stat pass="5" fail="0" skip="0">All Tests</stat>
</total>
<tag>
<stat pass="1" fail="0" skip="0">testeConteudo</stat>
<stat pass="1" fail="0" skip="0">testeEstruturaResposta</stat>
<stat pass="1" fail="0" skip="0">testeRequisicaoBasica</stat>
<stat pass="1" fail="0" skip="0">testeTiposDados</stat>
</tag>
<suite>
<stat pass="5" fail="0" skip="0" id="s1" name="Tests">Tests</stat>
<stat pass="5" fail="0" skip="0" id="s1-s1" name="Random-User-Test">Tests.Random-User-Test</stat>
</suite>
</statistics>
<errors>
</errors>
</robot>
