<?xml version="1.0" encoding="UTF-8"?>
<robot generator="Robot 7.0.1 (Python 3.12.4 on linux)" generated="2024-07-29T12:30:04.333000" rpa="false" schemaversion="5">
<suite id="s1" name="Tests" source="/home/runner/work/ApiRandomUser/ApiRandomUser/RamdonUser/tests">
<suite id="s1-s1" name="Random-User-Test" source="/home/runner/work/ApiRandomUser/ApiRandomUser/RamdonUser/tests/random-user-test.robot">
<test id="s1-s1-t1" name="Conectar" line="13">
<kw name="Conectar API" owner="random-user-service">
<kw name="Create Session" owner="RequestsLibrary">
<msg time="2024-07-29T12:30:04.764077" level="INFO">Creating Session using : alias=consultarAPI, url=https://randomuser.me/, headers={},                     cookies={}, auth=None, timeout=None, proxies=None, verify=False,                     debug=0 </msg>
<arg>consultarAPI</arg>
<arg>${URL}</arg>
<doc>Create Session: create a HTTP session to a server</doc>
<status status="PASS" start="2024-07-29T12:30:04.763819" elapsed="0.000490"/>
</kw>
<status status="PASS" start="2024-07-29T12:30:04.762601" elapsed="0.002140"/>
</kw>
<status status="PASS" start="2024-07-29T12:30:04.761826" elapsed="0.003146"/>
</test>
<test id="s1-s1-t2" name="Validar retorno 200 e JSON Válido" line="16">
<kw name="Teste de Requisicao Basica" owner="random-user-service">
<kw name="GET On Session" owner="RequestsLibrary">
<msg time="2024-07-29T12:30:05.100681" level="INFO">GET Request : url=https://randomuser.me/api 
 path_url=/api 
 headers={'User-Agent': 'python-requests/2.32.3', 'Accept-Encoding': 'gzip, deflate', 'Accept': '*/*', 'Connection': 'keep-alive'} 
 body=None 
 </msg>
<msg time="2024-07-29T12:30:05.100842" level="INFO">GET Response : url=https://randomuser.me/api 
 status=200, reason=OK 
 headers={'Date': 'Mon, 29 Jul 2024 12:30:05 GMT', 'Content-Type': 'application/json; charset=utf-8', 'Transfer-Encoding': 'chunked', 'Connection': 'keep-alive', 'X-Powered-By': 'Express', 'Access-Control-Allow-Origin': '*', 'Cache-Control': 'no-cache', 'ETag': 'W/"47f-v5fgRqz1VWVFhW0G/mlbnSDYcuQ"', 'Vary': 'Accept-Encoding', 'Content-Encoding': 'gzip', 'CF-Cache-Status': 'DYNAMIC', 'Report-To': '{"endpoints":[{"url":"https:\\/\\/a.nel.cloudflare.com\\/report\\/v4?s=TTVfznmIMOylH6%2Br%2B%2Fmc8BMGMH3EwIGEYsHaA8toi8Do6%2BAt%2FpUsgXOfQ36ewvBBcawhMdIz5kZHau0NMu3KkEGQ9MDPBu3bH5bcea%2Fe9UvMmaNmOAo%2BzgeHPzZj9Yw5"}],"group":"cf-nel","max_age":604800}', 'NEL': '{"success_fraction":0,"report_to":"cf-nel","max_age":604800}', 'Server': 'cloudflare', 'CF-RAY': '8aad1e40a9c0023b-ORD', 'alt-svc': 'h3=":443"; ma=86400'} 
 body={"results":[{"gender":"male","name":{"title":"Mr","first":"Connor","last":"Jackson"},"location":{"street":{"number":9580,"name":"Russell Street"},"city":"Palmerston North","state":"Manawatu-Wanganui","country":"New Zealand","postcode":10101,"coordinates":{"latitude":"53.5336","longitude":"-14.9604"},"timezone":{"offset":"+4:30","description":"Kabul"}},"email":"connor.jackson@example.com","login":{"uuid":"34afc950-45cc-4a6b-b0ab-0e1a84d817bc","username":"redpanda122","password":"123456789","salt":"svXXOySC","md5":"db06a4520bbf25b37903273bade5d621","sha1":"4c8b7eb97c55ddcd4f215d26866044bd686ed054","sha256":"52858ccd3fdee24197add0571b4b6af5574ba98f8a7debaa8d845636f2a03af8"},"dob":{"date":"1994-11-17T12:06:52.522Z","age":29},"registered":{"date":"2003-12-07T05:44:23.273Z","age":20},"phone":"(528)-514-7762","cell":"(142)-231-7771","id":{"name":"","value":null},"picture":{"large":"https://randomuser.me/api/portraits/men/64.jpg","medium":"https://randomuser.me/api/portraits/med/men/64.jpg","thumbnail":"https://randomuser.me/api/portraits/thumb/men/64.jpg"},"nat":"NZ"}],"info":{"seed":"f8c76c269c126257","results":1,"page":1,"version":"1.4"}} 
 </msg>
<msg time="2024-07-29T12:30:05.100932" level="INFO">/opt/hostedtoolcache/Python/3.12.4/x64/lib/python3.12/site-packages/urllib3/connectionpool.py:1099: InsecureRequestWarning: Unverified HTTPS request is being made to host 'randomuser.me'. Adding certificate verification is strongly advised. See: https://urllib3.readthedocs.io/en/latest/advanced-usage.html#tls-warnings
  warnings.warn(</msg>
<msg time="2024-07-29T12:30:05.101080" level="INFO">${response} = &lt;Response [200]&gt;</msg>
<var>${response}</var>
<arg>consultarAPI</arg>
<arg>/api</arg>
<doc>Sends a GET request on a previously created HTTP Session.</doc>
<status status="PASS" start="2024-07-29T12:30:04.767904" elapsed="0.333218"/>
</kw>
<kw name="Should Be Equal As Numbers" owner="BuiltIn">
<msg time="2024-07-29T12:30:05.102472" level="INFO">Argument types are:
&lt;class 'int'&gt;
&lt;class 'str'&gt;</msg>
<arg>${response.status_code}</arg>
<arg>200</arg>
<doc>Fails if objects are unequal after converting them to real numbers.</doc>
<status status="PASS" start="2024-07-29T12:30:05.101875" elapsed="0.000662"/>
</kw>
<kw name="Log" owner="BuiltIn">
<msg time="2024-07-29T12:30:05.103218" level="INFO">200</msg>
<arg>${response.status_code}</arg>
<doc>Logs the given message with the given level.</doc>
<status status="PASS" start="2024-07-29T12:30:05.102866" elapsed="0.000395"/>
</kw>
<kw name="Set Variable" owner="BuiltIn">
<msg time="2024-07-29T12:30:05.103990" level="INFO">${json_data} = {'results': [{'gender': 'male', 'name': {'title': 'Mr', 'first': 'Connor', 'last': 'Jackson'}, 'location': {'street': {'number': 9580, 'name': 'Russell Street'}, 'city': 'Palmerston North', 'state': '...</msg>
<var>${json_data}</var>
<arg>${response.json()}</arg>
<doc>Returns the given values which can then be assigned to a variables.</doc>
<status status="PASS" start="2024-07-29T12:30:05.103562" elapsed="0.000455"/>
</kw>
<kw name="Dictionary Should Contain Key" owner="Collections">
<arg>${json_data}</arg>
<arg>results</arg>
<doc>Fails if ``key`` is not found from ``dictionary``.</doc>
<status status="PASS" start="2024-07-29T12:30:05.104321" elapsed="0.000331"/>
</kw>
<status status="PASS" start="2024-07-29T12:30:04.767605" elapsed="0.337199"/>
</kw>
<doc>Testa se a API responde corretamente e retorna um objeto JSON válido.</doc>
<tag>testeRequisicaoBasica</tag>
<status status="PASS" start="2024-07-29T12:30:04.767052" elapsed="0.337925"/>
</test>
<test id="s1-s1-t3" name="Validar estrutura de resposta" line="22">
<kw name="Teste de Estrutura de Resposta" owner="random-user-service">
<kw name="GET On Session" owner="RequestsLibrary">
<msg time="2024-07-29T12:30:05.264165" level="INFO">GET Request : url=https://randomuser.me/api 
 path_url=/api 
 headers={'User-Agent': 'python-requests/2.32.3', 'Accept-Encoding': 'gzip, deflate', 'Accept': '*/*', 'Connection': 'keep-alive'} 
 body=None 
 </msg>
<msg time="2024-07-29T12:30:05.264285" level="INFO">GET Response : url=https://randomuser.me/api 
 status=200, reason=OK 
 headers={'Date': 'Mon, 29 Jul 2024 12:30:05 GMT', 'Content-Type': 'application/json; charset=utf-8', 'Transfer-Encoding': 'chunked', 'Connection': 'keep-alive', 'X-Powered-By': 'Express', 'Access-Control-Allow-Origin': '*', 'Cache-Control': 'no-cache', 'ETag': 'W/"485-NDTHciIHPGxv+v9ang35aAYprKQ"', 'Vary': 'Accept-Encoding', 'Content-Encoding': 'gzip', 'CF-Cache-Status': 'DYNAMIC', 'Report-To': '{"endpoints":[{"url":"https:\\/\\/a.nel.cloudflare.com\\/report\\/v4?s=BzQw1ReljI2KN4VH51KdlkJVJCTQFJDlBG6wQzEvaJXqWjlCA7w0D0bWkGZA%2BOmRZDeNBSA605BRlYT3EkbokX%2B4qmbMYp8ESH0CVSWXJyucs4RPco611dl%2FXgduLPMv"}],"group":"cf-nel","max_age":604800}', 'NEL': '{"success_fraction":0,"report_to":"cf-nel","max_age":604800}', 'Server': 'cloudflare', 'CF-RAY': '8aad1e41ebba023b-ORD', 'alt-svc': 'h3=":443"; ma=86400'} 
 body={"results":[{"gender":"female","name":{"title":"Ms","first":"Zoe","last":"Lo"},"location":{"street":{"number":9629,"name":"Richmond Ave"},"city":"Carleton","state":"Québec","country":"Canada","postcode":"S4L 9C5","coordinates":{"latitude":"-71.5990","longitude":"101.4042"},"timezone":{"offset":"+5:30","description":"Bombay, Calcutta, Madras, New Delhi"}},"email":"zoe.lo@example.com","login":{"uuid":"f8ebfc2c-fe11-4096-95c3-8bdfd4e56a54","username":"bluelion756","password":"sealteam","salt":"4ehcLyfu","md5":"709596ba5dc3327db7e3e8baf460656d","sha1":"4b8bf9c417b5d29ba4013e81a1f2f166f28e53d5","sha256":"47d6b7c5ccc85826a351b0f85017cc12f2740c0d73456910262df3294e5fff6d"},"dob":{"date":"1993-08-05T04:39:43.531Z","age":30},"registered":{"date":"2021-04-14T13:05:47.709Z","age":3},"phone":"H83 L63-3366","cell":"W33 U87-7604","id":{"name":"SIN","value":"976916221"},"picture":{"large":"https://randomuser.me/api/portraits/women/78.jpg","medium":"https://randomuser.me/api/portraits/med/women/78.jpg","thumbnail":"https://randomuser.me/api/portraits/thumb/women/78.jpg"},"nat":"CA"}],"info":{"seed":"2b4fc19d49ba42df","results":1,"page":1,"version":"1.4"}} 
 </msg>
<msg time="2024-07-29T12:30:05.264449" level="INFO">/opt/hostedtoolcache/Python/3.12.4/x64/lib/python3.12/site-packages/urllib3/connectionpool.py:1099: InsecureRequestWarning: Unverified HTTPS request is being made to host 'randomuser.me'. Adding certificate verification is strongly advised. See: https://urllib3.readthedocs.io/en/latest/advanced-usage.html#tls-warnings
  warnings.warn(</msg>
<msg time="2024-07-29T12:30:05.264611" level="INFO">${response} = &lt;Response [200]&gt;</msg>
<var>${response}</var>
<arg>consultarAPI</arg>
<arg>/api</arg>
<doc>Sends a GET request on a previously created HTTP Session.</doc>
<status status="PASS" start="2024-07-29T12:30:05.107677" elapsed="0.156978"/>
</kw>
<kw name="Set Variable" owner="BuiltIn">
<msg time="2024-07-29T12:30:05.266044" level="INFO">${json_data} = {'results': [{'gender': 'female', 'name': {'title': 'Ms', 'first': 'Zoe', 'last': 'Lo'}, 'location': {'street': {'number': 9629, 'name': 'Richmond Ave'}, 'city': 'Carleton', 'state': 'Québec', 'countr...</msg>
<var>${json_data}</var>
<arg>${response.json()}</arg>
<doc>Returns the given values which can then be assigned to a variables.</doc>
<status status="PASS" start="2024-07-29T12:30:05.265358" elapsed="0.000715"/>
</kw>
<kw name="Log" owner="BuiltIn">
<msg time="2024-07-29T12:30:05.266603" level="INFO">{'results': [{'gender': 'female', 'name': {'title': 'Ms', 'first': 'Zoe', 'last': 'Lo'}, 'location': {'street': {'number': 9629, 'name': 'Richmond Ave'}, 'city': 'Carleton', 'state': 'Québec', 'country': 'Canada', 'postcode': 'S4L 9C5', 'coordinates': {'latitude': '-71.5990', 'longitude': '101.4042'}, 'timezone': {'offset': '+5:30', 'description': 'Bombay, Calcutta, Madras, New Delhi'}}, 'email': 'zoe.lo@example.com', 'login': {'uuid': 'f8ebfc2c-fe11-4096-95c3-8bdfd4e56a54', 'username': 'bluelion756', 'password': 'sealteam', 'salt': '4ehcLyfu', 'md5': '709596ba5dc3327db7e3e8baf460656d', 'sha1': '4b8bf9c417b5d29ba4013e81a1f2f166f28e53d5', 'sha256': '47d6b7c5ccc85826a351b0f85017cc12f2740c0d73456910262df3294e5fff6d'}, 'dob': {'date': '1993-08-05T04:39:43.531Z', 'age': 30}, 'registered': {'date': '2021-04-14T13:05:47.709Z', 'age': 3}, 'phone': 'H83 L63-3366', 'cell': 'W33 U87-7604', 'id': {'name': 'SIN', 'value': '976916221'}, 'picture': {'large': 'https://randomuser.me/api/portraits/women/78.jpg', 'medium': 'https://randomuser.me/api/portraits/med/women/78.jpg', 'thumbnail': 'https://randomuser.me/api/portraits/thumb/women/78.jpg'}, 'nat': 'CA'}], 'info': {'seed': '2b4fc19d49ba42df', 'results': 1, 'page': 1, 'version': '1.4'}}</msg>
<arg>${json_data}</arg>
<doc>Logs the given message with the given level.</doc>
<status status="PASS" start="2024-07-29T12:30:05.266436" elapsed="0.000218"/>
</kw>
<kw name="Dictionary Should Contain Key" owner="Collections">
<arg>${json_data}</arg>
<arg>results</arg>
<doc>Fails if ``key`` is not found from ``dictionary``.</doc>
<status status="PASS" start="2024-07-29T12:30:05.266949" elapsed="0.000163"/>
</kw>
<kw name="Should Not Be Empty" owner="BuiltIn">
<msg time="2024-07-29T12:30:05.267431" level="INFO">Length is 2.</msg>
<arg>${json_data}</arg>
<doc>Verifies that the given item is not empty.</doc>
<status status="PASS" start="2024-07-29T12:30:05.267300" elapsed="0.000169"/>
</kw>
<kw name="Create List" owner="BuiltIn">
<msg time="2024-07-29T12:30:05.267907" level="INFO">${expected_keys} = ['gender', 'name', 'location', 'email', 'login']</msg>
<var>${expected_keys}</var>
<arg>gender</arg>
<arg>name</arg>
<arg>location</arg>
<arg>email</arg>
<arg>login</arg>
<doc>Returns a list containing given items.</doc>
<status status="PASS" start="2024-07-29T12:30:05.267754" elapsed="0.000176"/>
</kw>
<for flavor="IN">
<iter>
<kw name="Dictionary Should Contain Key" owner="Collections">
<arg>${json_data['results'][0]}</arg>
<arg>${key}</arg>
<doc>Fails if ``key`` is not found from ``dictionary``.</doc>
<status status="PASS" start="2024-07-29T12:30:05.268513" elapsed="0.000405"/>
</kw>
<kw name="Log" owner="BuiltIn">
<msg time="2024-07-29T12:30:05.269464" level="INFO">{'gender': 'female', 'name': {'title': 'Ms', 'first': 'Zoe', 'last': 'Lo'}, 'location': {'street': {'number': 9629, 'name': 'Richmond Ave'}, 'city': 'Carleton', 'state': 'Québec', 'country': 'Canada', 'postcode': 'S4L 9C5', 'coordinates': {'latitude': '-71.5990', 'longitude': '101.4042'}, 'timezone': {'offset': '+5:30', 'description': 'Bombay, Calcutta, Madras, New Delhi'}}, 'email': 'zoe.lo@example.com', 'login': {'uuid': 'f8ebfc2c-fe11-4096-95c3-8bdfd4e56a54', 'username': 'bluelion756', 'password': 'sealteam', 'salt': '4ehcLyfu', 'md5': '709596ba5dc3327db7e3e8baf460656d', 'sha1': '4b8bf9c417b5d29ba4013e81a1f2f166f28e53d5', 'sha256': '47d6b7c5ccc85826a351b0f85017cc12f2740c0d73456910262df3294e5fff6d'}, 'dob': {'date': '1993-08-05T04:39:43.531Z', 'age': 30}, 'registered': {'date': '2021-04-14T13:05:47.709Z', 'age': 3}, 'phone': 'H83 L63-3366', 'cell': 'W33 U87-7604', 'id': {'name': 'SIN', 'value': '976916221'}, 'picture': {'large': 'https://randomuser.me/api/portraits/women/78.jpg', 'medium': 'https://randomuser.me/api/portraits/med/women/78.jpg', 'thumbnail': 'https://randomuser.me/api/portraits/thumb/women/78.jpg'}, 'nat': 'CA'}</msg>
<arg>${json_data['results'][0]}</arg>
<doc>Logs the given message with the given level.</doc>
<status status="PASS" start="2024-07-29T12:30:05.269106" elapsed="0.000407"/>
</kw>
<kw name="Log" owner="BuiltIn">
<msg time="2024-07-29T12:30:05.269943" level="INFO">gender</msg>
<arg>${key}</arg>
<doc>Logs the given message with the given level.</doc>
<status status="PASS" start="2024-07-29T12:30:05.269815" elapsed="0.000167"/>
</kw>
<var name="${key}">gender</var>
<status status="PASS" start="2024-07-29T12:30:05.268382" elapsed="0.001840"/>
</iter>
<iter>
<kw name="Dictionary Should Contain Key" owner="Collections">
<arg>${json_data['results'][0]}</arg>
<arg>${key}</arg>
<doc>Fails if ``key`` is not found from ``dictionary``.</doc>
<status status="PASS" start="2024-07-29T12:30:05.270522" elapsed="0.000388"/>
</kw>
<kw name="Log" owner="BuiltIn">
<msg time="2024-07-29T12:30:05.271451" level="INFO">{'gender': 'female', 'name': {'title': 'Ms', 'first': 'Zoe', 'last': 'Lo'}, 'location': {'street': {'number': 9629, 'name': 'Richmond Ave'}, 'city': 'Carleton', 'state': 'Québec', 'country': 'Canada', 'postcode': 'S4L 9C5', 'coordinates': {'latitude': '-71.5990', 'longitude': '101.4042'}, 'timezone': {'offset': '+5:30', 'description': 'Bombay, Calcutta, Madras, New Delhi'}}, 'email': 'zoe.lo@example.com', 'login': {'uuid': 'f8ebfc2c-fe11-4096-95c3-8bdfd4e56a54', 'username': 'bluelion756', 'password': 'sealteam', 'salt': '4ehcLyfu', 'md5': '709596ba5dc3327db7e3e8baf460656d', 'sha1': '4b8bf9c417b5d29ba4013e81a1f2f166f28e53d5', 'sha256': '47d6b7c5ccc85826a351b0f85017cc12f2740c0d73456910262df3294e5fff6d'}, 'dob': {'date': '1993-08-05T04:39:43.531Z', 'age': 30}, 'registered': {'date': '2021-04-14T13:05:47.709Z', 'age': 3}, 'phone': 'H83 L63-3366', 'cell': 'W33 U87-7604', 'id': {'name': 'SIN', 'value': '976916221'}, 'picture': {'large': 'https://randomuser.me/api/portraits/women/78.jpg', 'medium': 'https://randomuser.me/api/portraits/med/women/78.jpg', 'thumbnail': 'https://randomuser.me/api/portraits/thumb/women/78.jpg'}, 'nat': 'CA'}</msg>
<arg>${json_data['results'][0]}</arg>
<doc>Logs the given message with the given level.</doc>
<status status="PASS" start="2024-07-29T12:30:05.271091" elapsed="0.000442"/>
</kw>
<kw name="Log" owner="BuiltIn">
<msg time="2024-07-29T12:30:05.271957" level="INFO">name</msg>
<arg>${key}</arg>
<doc>Logs the given message with the given level.</doc>
<status status="PASS" start="2024-07-29T12:30:05.271830" elapsed="0.000164"/>
</kw>
<var name="${key}">name</var>
<status status="PASS" start="2024-07-29T12:30:05.270410" elapsed="0.001798"/>
</iter>
<iter>
<kw name="Dictionary Should Contain Key" owner="Collections">
<arg>${json_data['results'][0]}</arg>
<arg>${key}</arg>
<doc>Fails if ``key`` is not found from ``dictionary``.</doc>
<status status="PASS" start="2024-07-29T12:30:05.272493" elapsed="0.000376"/>
</kw>
<kw name="Log" owner="BuiltIn">
<msg time="2024-07-29T12:30:05.273405" level="INFO">{'gender': 'female', 'name': {'title': 'Ms', 'first': 'Zoe', 'last': 'Lo'}, 'location': {'street': {'number': 9629, 'name': 'Richmond Ave'}, 'city': 'Carleton', 'state': 'Québec', 'country': 'Canada', 'postcode': 'S4L 9C5', 'coordinates': {'latitude': '-71.5990', 'longitude': '101.4042'}, 'timezone': {'offset': '+5:30', 'description': 'Bombay, Calcutta, Madras, New Delhi'}}, 'email': 'zoe.lo@example.com', 'login': {'uuid': 'f8ebfc2c-fe11-4096-95c3-8bdfd4e56a54', 'username': 'bluelion756', 'password': 'sealteam', 'salt': '4ehcLyfu', 'md5': '709596ba5dc3327db7e3e8baf460656d', 'sha1': '4b8bf9c417b5d29ba4013e81a1f2f166f28e53d5', 'sha256': '47d6b7c5ccc85826a351b0f85017cc12f2740c0d73456910262df3294e5fff6d'}, 'dob': {'date': '1993-08-05T04:39:43.531Z', 'age': 30}, 'registered': {'date': '2021-04-14T13:05:47.709Z', 'age': 3}, 'phone': 'H83 L63-3366', 'cell': 'W33 U87-7604', 'id': {'name': 'SIN', 'value': '976916221'}, 'picture': {'large': 'https://randomuser.me/api/portraits/women/78.jpg', 'medium': 'https://randomuser.me/api/portraits/med/women/78.jpg', 'thumbnail': 'https://randomuser.me/api/portraits/thumb/women/78.jpg'}, 'nat': 'CA'}</msg>
<arg>${json_data['results'][0]}</arg>
<doc>Logs the given message with the given level.</doc>
<status status="PASS" start="2024-07-29T12:30:05.273055" elapsed="0.000399"/>
</kw>
<kw name="Log" owner="BuiltIn">
<msg time="2024-07-29T12:30:05.273889" level="INFO">location</msg>
<arg>${key}</arg>
<doc>Logs the given message with the given level.</doc>
<status status="PASS" start="2024-07-29T12:30:05.273747" elapsed="0.000181"/>
</kw>
<var name="${key}">location</var>
<status status="PASS" start="2024-07-29T12:30:05.272386" elapsed="0.001794"/>
</iter>
<iter>
<kw name="Dictionary Should Contain Key" owner="Collections">
<arg>${json_data['results'][0]}</arg>
<arg>${key}</arg>
<doc>Fails if ``key`` is not found from ``dictionary``.</doc>
<status status="PASS" start="2024-07-29T12:30:05.274470" elapsed="0.000373"/>
</kw>
<kw name="Log" owner="BuiltIn">
<msg time="2024-07-29T12:30:05.275496" level="INFO">{'gender': 'female', 'name': {'title': 'Ms', 'first': 'Zoe', 'last': 'Lo'}, 'location': {'street': {'number': 9629, 'name': 'Richmond Ave'}, 'city': 'Carleton', 'state': 'Québec', 'country': 'Canada', 'postcode': 'S4L 9C5', 'coordinates': {'latitude': '-71.5990', 'longitude': '101.4042'}, 'timezone': {'offset': '+5:30', 'description': 'Bombay, Calcutta, Madras, New Delhi'}}, 'email': 'zoe.lo@example.com', 'login': {'uuid': 'f8ebfc2c-fe11-4096-95c3-8bdfd4e56a54', 'username': 'bluelion756', 'password': 'sealteam', 'salt': '4ehcLyfu', 'md5': '709596ba5dc3327db7e3e8baf460656d', 'sha1': '4b8bf9c417b5d29ba4013e81a1f2f166f28e53d5', 'sha256': '47d6b7c5ccc85826a351b0f85017cc12f2740c0d73456910262df3294e5fff6d'}, 'dob': {'date': '1993-08-05T04:39:43.531Z', 'age': 30}, 'registered': {'date': '2021-04-14T13:05:47.709Z', 'age': 3}, 'phone': 'H83 L63-3366', 'cell': 'W33 U87-7604', 'id': {'name': 'SIN', 'value': '976916221'}, 'picture': {'large': 'https://randomuser.me/api/portraits/women/78.jpg', 'medium': 'https://randomuser.me/api/portraits/med/women/78.jpg', 'thumbnail': 'https://randomuser.me/api/portraits/thumb/women/78.jpg'}, 'nat': 'CA'}</msg>
<arg>${json_data['results'][0]}</arg>
<doc>Logs the given message with the given level.</doc>
<status status="PASS" start="2024-07-29T12:30:05.275145" elapsed="0.000400"/>
</kw>
<kw name="Log" owner="BuiltIn">
<msg time="2024-07-29T12:30:05.275968" level="INFO">email</msg>
<arg>${key}</arg>
<doc>Logs the given message with the given level.</doc>
<status status="PASS" start="2024-07-29T12:30:05.275839" elapsed="0.000167"/>
</kw>
<var name="${key}">email</var>
<status status="PASS" start="2024-07-29T12:30:05.274364" elapsed="0.001856"/>
</iter>
<iter>
<kw name="Dictionary Should Contain Key" owner="Collections">
<arg>${json_data['results'][0]}</arg>
<arg>${key}</arg>
<doc>Fails if ``key`` is not found from ``dictionary``.</doc>
<status status="PASS" start="2024-07-29T12:30:05.276500" elapsed="0.000372"/>
</kw>
<kw name="Log" owner="BuiltIn">
<msg time="2024-07-29T12:30:05.277398" level="INFO">{'gender': 'female', 'name': {'title': 'Ms', 'first': 'Zoe', 'last': 'Lo'}, 'location': {'street': {'number': 9629, 'name': 'Richmond Ave'}, 'city': 'Carleton', 'state': 'Québec', 'country': 'Canada', 'postcode': 'S4L 9C5', 'coordinates': {'latitude': '-71.5990', 'longitude': '101.4042'}, 'timezone': {'offset': '+5:30', 'description': 'Bombay, Calcutta, Madras, New Delhi'}}, 'email': 'zoe.lo@example.com', 'login': {'uuid': 'f8ebfc2c-fe11-4096-95c3-8bdfd4e56a54', 'username': 'bluelion756', 'password': 'sealteam', 'salt': '4ehcLyfu', 'md5': '709596ba5dc3327db7e3e8baf460656d', 'sha1': '4b8bf9c417b5d29ba4013e81a1f2f166f28e53d5', 'sha256': '47d6b7c5ccc85826a351b0f85017cc12f2740c0d73456910262df3294e5fff6d'}, 'dob': {'date': '1993-08-05T04:39:43.531Z', 'age': 30}, 'registered': {'date': '2021-04-14T13:05:47.709Z', 'age': 3}, 'phone': 'H83 L63-3366', 'cell': 'W33 U87-7604', 'id': {'name': 'SIN', 'value': '976916221'}, 'picture': {'large': 'https://randomuser.me/api/portraits/women/78.jpg', 'medium': 'https://randomuser.me/api/portraits/med/women/78.jpg', 'thumbnail': 'https://randomuser.me/api/portraits/thumb/women/78.jpg'}, 'nat': 'CA'}</msg>
<arg>${json_data['results'][0]}</arg>
<doc>Logs the given message with the given level.</doc>
<status status="PASS" start="2024-07-29T12:30:05.277050" elapsed="0.000394"/>
</kw>
<kw name="Log" owner="BuiltIn">
<msg time="2024-07-29T12:30:05.277861" level="INFO">login</msg>
<arg>${key}</arg>
<doc>Logs the given message with the given level.</doc>
<status status="PASS" start="2024-07-29T12:30:05.277735" elapsed="0.000162"/>
</kw>
<var name="${key}">login</var>
<status status="PASS" start="2024-07-29T12:30:05.276393" elapsed="0.001719"/>
</iter>
<var>${key}</var>
<value>@{expected_keys}</value>
<status status="PASS" start="2024-07-29T12:30:05.268190" elapsed="0.010076"/>
</for>
<kw name="Create List" owner="BuiltIn">
<msg time="2024-07-29T12:30:05.278588" level="INFO">${expected_keysTwo} = ['username', 'password']</msg>
<var>${expected_keysTwo}</var>
<arg>username</arg>
<arg>password</arg>
<doc>Returns a list containing given items.</doc>
<status status="PASS" start="2024-07-29T12:30:05.278454" elapsed="0.000158"/>
</kw>
<for flavor="IN">
<iter>
<kw name="Dictionary Should Contain Key" owner="Collections">
<arg>${json_data['results'][0]['login']}</arg>
<arg>${keyTwo}</arg>
<doc>Fails if ``key`` is not found from ``dictionary``.</doc>
<status status="PASS" start="2024-07-29T12:30:05.279142" elapsed="0.000386"/>
</kw>
<kw name="Dictionary Should Contain Key" owner="Collections">
<arg>${json_data['results'][0]['login']}</arg>
<arg>${keyTwo}</arg>
<doc>Fails if ``key`` is not found from ``dictionary``.</doc>
<status status="PASS" start="2024-07-29T12:30:05.279709" elapsed="0.000400"/>
</kw>
<kw name="Log" owner="BuiltIn">
<msg time="2024-07-29T12:30:05.280436" level="INFO">username</msg>
<arg>${keyTwo}</arg>
<doc>Logs the given message with the given level.</doc>
<status status="PASS" start="2024-07-29T12:30:05.280314" elapsed="0.000159"/>
</kw>
<var name="${keyTwo}">username</var>
<status status="PASS" start="2024-07-29T12:30:05.279035" elapsed="0.001656"/>
</iter>
<iter>
<kw name="Dictionary Should Contain Key" owner="Collections">
<arg>${json_data['results'][0]['login']}</arg>
<arg>${keyTwo}</arg>
<doc>Fails if ``key`` is not found from ``dictionary``.</doc>
<status status="PASS" start="2024-07-29T12:30:05.280974" elapsed="0.000374"/>
</kw>
<kw name="Dictionary Should Contain Key" owner="Collections">
<arg>${json_data['results'][0]['login']}</arg>
<arg>${keyTwo}</arg>
<doc>Fails if ``key`` is not found from ``dictionary``.</doc>
<status status="PASS" start="2024-07-29T12:30:05.281525" elapsed="0.000361"/>
</kw>
<kw name="Log" owner="BuiltIn">
<msg time="2024-07-29T12:30:05.282204" level="INFO">password</msg>
<arg>${keyTwo}</arg>
<doc>Logs the given message with the given level.</doc>
<status status="PASS" start="2024-07-29T12:30:05.282059" elapsed="0.000183"/>
</kw>
<var name="${keyTwo}">password</var>
<status status="PASS" start="2024-07-29T12:30:05.280862" elapsed="0.001614"/>
</iter>
<var>${keyTwo}</var>
<value>@{expected_keysTwo}</value>
<status status="PASS" start="2024-07-29T12:30:05.278882" elapsed="0.003714"/>
</for>
<status status="PASS" start="2024-07-29T12:30:05.107441" elapsed="0.175297"/>
</kw>
<doc>Testa a estrutura da resposta da API.</doc>
<tag>testeEstruturaResposta</tag>
<status status="PASS" start="2024-07-29T12:30:05.106825" elapsed="0.176067"/>
</test>
<test id="s1-s1-t4" name="Validar tipos de dados" line="28">
<kw name="Teste de Tipos de Dados" owner="random-user-service">
<kw name="GET On Session" owner="RequestsLibrary">
<msg time="2024-07-29T12:30:05.407423" level="INFO">GET Request : url=https://randomuser.me/api 
 path_url=/api 
 headers={'User-Agent': 'python-requests/2.32.3', 'Accept-Encoding': 'gzip, deflate', 'Accept': '*/*', 'Connection': 'keep-alive'} 
 body=None 
 </msg>
<msg time="2024-07-29T12:30:05.407535" level="INFO">GET Response : url=https://randomuser.me/api 
 status=200, reason=OK 
 headers={'Date': 'Mon, 29 Jul 2024 12:30:05 GMT', 'Content-Type': 'application/json; charset=utf-8', 'Transfer-Encoding': 'chunked', 'Connection': 'keep-alive', 'X-Powered-By': 'Express', 'Access-Control-Allow-Origin': '*', 'Cache-Control': 'no-cache', 'ETag': 'W/"49d-QDm4HhqPwmUIKXPND0FI2/YM+EI"', 'Vary': 'Accept-Encoding', 'Content-Encoding': 'gzip', 'CF-Cache-Status': 'DYNAMIC', 'Report-To': '{"endpoints":[{"url":"https:\\/\\/a.nel.cloudflare.com\\/report\\/v4?s=hSfzAeCTvZioL9slGjiUpP6slLAXsEZh5Sg1d1zxHlLo%2Bm2pf2cjsQcaxRfb5d%2FFRoN4xz3ejCU%2F2jF%2BxLn6REHWdxqZEqNCkMwwvwhXcoZf6qiTyRRtEMWWMoCv5O%2FR"}],"group":"cf-nel","max_age":604800}', 'NEL': '{"success_fraction":0,"report_to":"cf-nel","max_age":604800}', 'Server': 'cloudflare', 'CF-RAY': '8aad1e430d43023b-ORD', 'alt-svc': 'h3=":443"; ma=86400'} 
 body={"results":[{"gender":"female","name":{"title":"Mrs","first":"Godofreda","last":"da Luz"},"location":{"street":{"number":5576,"name":"Rua Quatro"},"city":"Botucatu","state":"Minas Gerais","country":"Brazil","postcode":50569,"coordinates":{"latitude":"-80.1634","longitude":"88.4034"},"timezone":{"offset":"+5:30","description":"Bombay, Calcutta, Madras, New Delhi"}},"email":"godofreda.daluz@example.com","login":{"uuid":"64ab8927-78b0-493e-838a-20dd55067a92","username":"redcat112","password":"looking","salt":"GTaMm4dn","md5":"c6c7b52298187e094d4d73f75b72ca88","sha1":"5d5deecf372499c3ed2495a0bbe3631d6a676ecb","sha256":"2660a9d0172a565ba0f44bf93dbf629131bad169810a036cb1991499f345c9e8"},"dob":{"date":"1991-02-16T18:11:20.068Z","age":33},"registered":{"date":"2019-04-14T16:54:20.293Z","age":5},"phone":"(30) 3466-1574","cell":"(13) 8049-0410","id":{"name":"CPF","value":"030.958.728-39"},"picture":{"large":"https://randomuser.me/api/portraits/women/32.jpg","medium":"https://randomuser.me/api/portraits/med/women/32.jpg","thumbnail":"https://randomuser.me/api/portraits/thumb/women/32.jpg"},"nat":"BR"}],"info":{"seed":"9f37244d7d18f395","results":1,"page":1,"version":"1.4"}} 
 </msg>
<msg time="2024-07-29T12:30:05.407622" level="INFO">/opt/hostedtoolcache/Python/3.12.4/x64/lib/python3.12/site-packages/urllib3/connectionpool.py:1099: InsecureRequestWarning: Unverified HTTPS request is being made to host 'randomuser.me'. Adding certificate verification is strongly advised. See: https://urllib3.readthedocs.io/en/latest/advanced-usage.html#tls-warnings
  warnings.warn(</msg>
<msg time="2024-07-29T12:30:05.407758" level="INFO">${response} = &lt;Response [200]&gt;</msg>
<var>${response}</var>
<arg>consultarAPI</arg>
<arg>/api</arg>
<doc>Sends a GET request on a previously created HTTP Session.</doc>
<status status="PASS" start="2024-07-29T12:30:05.285427" elapsed="0.122377"/>
</kw>
<kw name="Set Variable" owner="BuiltIn">
<msg time="2024-07-29T12:30:05.408895" level="INFO">${json_data} = {'results': [{'gender': 'female', 'name': {'title': 'Mrs', 'first': 'Godofreda', 'last': 'da Luz'}, 'location': {'street': {'number': 5576, 'name': 'Rua Quatro'}, 'city': 'Botucatu', 'state': 'Minas G...</msg>
<var>${json_data}</var>
<arg>${response.json()}</arg>
<doc>Returns the given values which can then be assigned to a variables.</doc>
<status status="PASS" start="2024-07-29T12:30:05.408353" elapsed="0.000570"/>
</kw>
<kw name="Log" owner="BuiltIn">
<msg time="2024-07-29T12:30:05.409384" level="INFO">{'results': [{'gender': 'female', 'name': {'title': 'Mrs', 'first': 'Godofreda', 'last': 'da Luz'}, 'location': {'street': {'number': 5576, 'name': 'Rua Quatro'}, 'city': 'Botucatu', 'state': 'Minas Gerais', 'country': 'Brazil', 'postcode': 50569, 'coordinates': {'latitude': '-80.1634', 'longitude': '88.4034'}, 'timezone': {'offset': '+5:30', 'description': 'Bombay, Calcutta, Madras, New Delhi'}}, 'email': 'godofreda.daluz@example.com', 'login': {'uuid': '64ab8927-78b0-493e-838a-20dd55067a92', 'username': 'redcat112', 'password': 'looking', 'salt': 'GTaMm4dn', 'md5': 'c6c7b52298187e094d4d73f75b72ca88', 'sha1': '5d5deecf372499c3ed2495a0bbe3631d6a676ecb', 'sha256': '2660a9d0172a565ba0f44bf93dbf629131bad169810a036cb1991499f345c9e8'}, 'dob': {'date': '1991-02-16T18:11:20.068Z', 'age': 33}, 'registered': {'date': '2019-04-14T16:54:20.293Z', 'age': 5}, 'phone': '(30) 3466-1574', 'cell': '(13) 8049-0410', 'id': {'name': 'CPF', 'value': '030.958.728-39'}, 'picture': {'large': 'https://randomuser.me/api/portraits/women/32.jpg', 'medium': 'https://randomuser.me/api/portraits/med/women/32.jpg', 'thumbnail': 'https://randomuser.me/api/portraits/thumb/women/32.jpg'}, 'nat': 'BR'}], 'info': {'seed': '9f37244d7d18f395', 'results': 1, 'page': 1, 'version': '1.4'}}</msg>
<arg>${json_data}</arg>
<doc>Logs the given message with the given level.</doc>
<status status="PASS" start="2024-07-29T12:30:05.409227" elapsed="0.000204"/>
</kw>
<kw name="Should Be String" owner="String">
<arg>${json_data['results'][0]['gender']}</arg>
<doc>Fails if the given ``item`` is not a string.</doc>
<status status="PASS" start="2024-07-29T12:30:05.409719" elapsed="0.000364"/>
</kw>
<kw name="Should Match Regexp" owner="BuiltIn">
<arg>${json_data['results'][0]['email']}</arg>
<arg>^[a-zA-Z0-9._%+-]+@[a-zA-Z0-9.-]+\.[a-zA-Z]{2,}$</arg>
<doc>Fails if ``string`` does not match ``pattern`` as a regular expression.</doc>
<status status="PASS" start="2024-07-29T12:30:05.410322" elapsed="0.000519"/>
</kw>
<kw name="Should Match Regexp" owner="BuiltIn">
<arg>${json_data['results'][0]['dob']['date']}</arg>
<arg>\\d{4}-\\d{2}-\\d{2}T\\d{2}:\\d{2}:\\d{2}\\.\\d{3}Z</arg>
<doc>Fails if ``string`` does not match ``pattern`` as a regular expression.</doc>
<status status="PASS" start="2024-07-29T12:30:05.411073" elapsed="0.000636"/>
</kw>
<kw name="Should Match Regexp" owner="BuiltIn">
<arg>${json_data['results'][0]['registered']['date']}</arg>
<arg>\\d{4}-\\d{2}-\\d{2}T\\d{2}:\\d{2}:\\d{2}\\.\\d{3}Z</arg>
<doc>Fails if ``string`` does not match ``pattern`` as a regular expression.</doc>
<status status="PASS" start="2024-07-29T12:30:05.411900" elapsed="0.000369"/>
</kw>
<kw name="Should Match Regexp" owner="BuiltIn">
<arg>${json_data['results'][0]['picture']['large']}</arg>
<arg>^https?://.*\.(?:png|jpe?g|gif|bmp)$</arg>
<doc>Fails if ``string`` does not match ``pattern`` as a regular expression.</doc>
<status status="PASS" start="2024-07-29T12:30:05.412458" elapsed="0.000451"/>
</kw>
<kw name="Should Match Regexp" owner="BuiltIn">
<arg>${json_data['results'][0]['picture']['medium']}</arg>
<arg>^https?://.*\.(?:png|jpe?g|gif|bmp)$</arg>
<doc>Fails if ``string`` does not match ``pattern`` as a regular expression.</doc>
<status status="PASS" start="2024-07-29T12:30:05.413095" elapsed="0.000347"/>
</kw>
<kw name="Should Match Regexp" owner="BuiltIn">
<arg>${json_data['results'][0]['picture']['thumbnail']}</arg>
<arg>^https?://.*\.(?:png|jpe?g|gif|bmp)$</arg>
<doc>Fails if ``string`` does not match ``pattern`` as a regular expression.</doc>
<status status="PASS" start="2024-07-29T12:30:05.413623" elapsed="0.000348"/>
</kw>
<kw name="Log" owner="BuiltIn">
<msg time="2024-07-29T12:30:05.414489" level="INFO">{'large': 'https://randomuser.me/api/portraits/women/32.jpg', 'medium': 'https://randomuser.me/api/portraits/med/women/32.jpg', 'thumbnail': 'https://randomuser.me/api/portraits/thumb/women/32.jpg'}</msg>
<arg>${json_data['results'][0]['picture']}</arg>
<doc>Logs the given message with the given level.</doc>
<status status="PASS" start="2024-07-29T12:30:05.414164" elapsed="0.000366"/>
</kw>
<status status="PASS" start="2024-07-29T12:30:05.285200" elapsed="0.129591"/>
</kw>
<kw name="Teste de Tipos de Dados - Postcode" owner="random-user-service">
<kw name="GET On Session" owner="RequestsLibrary">
<msg time="2024-07-29T12:30:05.467870" level="INFO">GET Request : url=https://randomuser.me/api 
 path_url=/api 
 headers={'User-Agent': 'python-requests/2.32.3', 'Accept-Encoding': 'gzip, deflate', 'Accept': '*/*', 'Connection': 'keep-alive'} 
 body=None 
 </msg>
<msg time="2024-07-29T12:30:05.467981" level="INFO">GET Response : url=https://randomuser.me/api 
 status=200, reason=OK 
 headers={'Date': 'Mon, 29 Jul 2024 12:30:05 GMT', 'Content-Type': 'application/json; charset=utf-8', 'Transfer-Encoding': 'chunked', 'Connection': 'keep-alive', 'X-Powered-By': 'Express', 'Access-Control-Allow-Origin': '*', 'Cache-Control': 'no-cache', 'ETag': 'W/"4a0-fOBGaK79b7rx7eRp32C1XoS6NjU"', 'Vary': 'Accept-Encoding', 'Content-Encoding': 'gzip', 'CF-Cache-Status': 'DYNAMIC', 'Report-To': '{"endpoints":[{"url":"https:\\/\\/a.nel.cloudflare.com\\/report\\/v4?s=9CslUHSwdq%2B71o6ZsnBgFQBsk1AJr%2Fiwlp09ZN3IvvtYfTycqeXDjsmj5WN0UP3m1GEsuPpxL0qzMsIFLrYngiR3IECIr2GwinoVenAz0yfjG0KmK%2B8pVreddeNmxwPA"}],"group":"cf-nel","max_age":604800}', 'NEL': '{"success_fraction":0,"report_to":"cf-nel","max_age":604800}', 'Server': 'cloudflare', 'CF-RAY': '8aad1e43de70023b-ORD', 'alt-svc': 'h3=":443"; ma=86400'} 
 body={"results":[{"gender":"female","name":{"title":"Miss","first":"سوگند","last":"کوتی"},"location":{"street":{"number":5121,"name":"خالد اسلامبولی"},"city":"زنجان","state":"خوزستان","country":"Iran","postcode":51169,"coordinates":{"latitude":"19.8052","longitude":"112.8971"},"timezone":{"offset":"+1:00","description":"Brussels, Copenhagen, Madrid, Paris"}},"email":"swgnd.khwty@example.com","login":{"uuid":"8e478376-75f8-4d8a-81f2-0800767f7ecb","username":"blackbear557","password":"women","salt":"t7I2GNcg","md5":"aaaaf6da1ee71a4b09870bd982e741a8","sha1":"a992f9b7d2c40a6cef5b4f6beb0ed5a393903e3e","sha256":"c4bd9948077ed9b24e7ae2f0651827aeb0e01289ae55b561ea60278cc4b4cd3d"},"dob":{"date":"1945-07-10T23:53:43.695Z","age":79},"registered":{"date":"2003-02-19T17:37:05.364Z","age":21},"phone":"034-94976667","cell":"0933-137-5513","id":{"name":"","value":null},"picture":{"large":"https://randomuser.me/api/portraits/women/45.jpg","medium":"https://randomuser.me/api/portraits/med/women/45.jpg","thumbnail":"https://randomuser.me/api/portraits/thumb/women/45.jpg"},"nat":"IR"}],"info":{"seed":"2061fade456a491c","results":1,"page":1,"version":"1.4"}} 
 </msg>
<msg time="2024-07-29T12:30:05.468062" level="INFO">/opt/hostedtoolcache/Python/3.12.4/x64/lib/python3.12/site-packages/urllib3/connectionpool.py:1099: InsecureRequestWarning: Unverified HTTPS request is being made to host 'randomuser.me'. Adding certificate verification is strongly advised. See: https://urllib3.readthedocs.io/en/latest/advanced-usage.html#tls-warnings
  warnings.warn(</msg>
<msg time="2024-07-29T12:30:05.468175" level="INFO">${response} = &lt;Response [200]&gt;</msg>
<var>${response}</var>
<arg>consultarAPI</arg>
<arg>/api</arg>
<doc>Sends a GET request on a previously created HTTP Session.</doc>
<status status="PASS" start="2024-07-29T12:30:05.415252" elapsed="0.052962"/>
</kw>
<kw name="Set Variable" owner="BuiltIn">
<msg time="2024-07-29T12:30:05.469258" level="INFO">${json_data} = {'results': [{'gender': 'female', 'name': {'title': 'Miss', 'first': 'سوگند', 'last': 'کوتی'}, 'location': {'street': {'number': 5121, 'name': 'خالد اسلامبولی'}, 'city': 'زنجان', 'state': 'خوزستان', '...</msg>
<var>${json_data}</var>
<arg>${response.json()}</arg>
<doc>Returns the given values which can then be assigned to a variables.</doc>
<status status="PASS" start="2024-07-29T12:30:05.468726" elapsed="0.000562"/>
</kw>
<kw name="Log" owner="BuiltIn">
<msg time="2024-07-29T12:30:05.469761" level="INFO">{'results': [{'gender': 'female', 'name': {'title': 'Miss', 'first': 'سوگند', 'last': 'کوتی'}, 'location': {'street': {'number': 5121, 'name': 'خالد اسلامبولی'}, 'city': 'زنجان', 'state': 'خوزستان', 'country': 'Iran', 'postcode': 51169, 'coordinates': {'latitude': '19.8052', 'longitude': '112.8971'}, 'timezone': {'offset': '+1:00', 'description': 'Brussels, Copenhagen, Madrid, Paris'}}, 'email': 'swgnd.khwty@example.com', 'login': {'uuid': '8e478376-75f8-4d8a-81f2-0800767f7ecb', 'username': 'blackbear557', 'password': 'women', 'salt': 't7I2GNcg', 'md5': 'aaaaf6da1ee71a4b09870bd982e741a8', 'sha1': 'a992f9b7d2c40a6cef5b4f6beb0ed5a393903e3e', 'sha256': 'c4bd9948077ed9b24e7ae2f0651827aeb0e01289ae55b561ea60278cc4b4cd3d'}, 'dob': {'date': '1945-07-10T23:53:43.695Z', 'age': 79}, 'registered': {'date': '2003-02-19T17:37:05.364Z', 'age': 21}, 'phone': '034-94976667', 'cell': '0933-137-5513', 'id': {'name': '', 'value': None}, 'picture': {'large': 'https://randomuser.me/api/portraits/women/45.jpg', 'medium': 'https://randomuser.me/api/portraits/med/women/45.jpg', 'thumbnail': 'https://randomuser.me/api/portraits/thumb/women/45.jpg'}, 'nat': 'IR'}], 'info': {'seed': '2061fade456a491c', 'results': 1, 'page': 1, 'version': '1.4'}}</msg>
<arg>${json_data}</arg>
<doc>Logs the given message with the given level.</doc>
<status status="PASS" start="2024-07-29T12:30:05.469600" elapsed="0.000210"/>
</kw>
<kw name="Should Be Equal As Numbers" owner="BuiltIn">
<arg>${json_data['results'][0]['location']['postcode']}</arg>
<arg>${json_data['results'][0]['location']['postcode']}</arg>
<doc>Fails if objects are unequal after converting them to real numbers.</doc>
<status status="PASS" start="2024-07-29T12:30:05.470111" elapsed="0.000678"/>
</kw>
<kw name="Log" owner="BuiltIn">
<msg time="2024-07-29T12:30:05.471329" level="INFO">51169</msg>
<arg>${json_data['results'][0]['location']['postcode']}</arg>
<doc>Logs the given message with the given level.</doc>
<status status="PASS" start="2024-07-29T12:30:05.470990" elapsed="0.000380"/>
</kw>
<status status="PASS" start="2024-07-29T12:30:05.415019" elapsed="0.056640"/>
</kw>
<doc>Testa se os tipos de dados na resposta da API estão corretos.</doc>
<tag>testeTiposDados</tag>
<status status="PASS" start="2024-07-29T12:30:05.284627" elapsed="0.187206"/>
</test>
<test id="s1-s1-t5" name="Validar conteudo" line="35">
<kw name="Teste de Tipos de Conteudo" owner="random-user-service">
<kw name="GET On Session" owner="RequestsLibrary">
<msg time="2024-07-29T12:30:05.597614" level="INFO">GET Request : url=https://randomuser.me/api 
 path_url=/api 
 headers={'User-Agent': 'python-requests/2.32.3', 'Accept-Encoding': 'gzip, deflate', 'Accept': '*/*', 'Connection': 'keep-alive'} 
 body=None 
 </msg>
<msg time="2024-07-29T12:30:05.597718" level="INFO">GET Response : url=https://randomuser.me/api 
 status=200, reason=OK 
 headers={'Date': 'Mon, 29 Jul 2024 12:30:05 GMT', 'Content-Type': 'application/json; charset=utf-8', 'Transfer-Encoding': 'chunked', 'Connection': 'keep-alive', 'X-Powered-By': 'Express', 'Access-Control-Allow-Origin': '*', 'Cache-Control': 'no-cache', 'ETag': 'W/"48d-C2Dl+txZjuquxTL9gjlaZY2pcf4"', 'Vary': 'Accept-Encoding', 'Content-Encoding': 'gzip', 'CF-Cache-Status': 'DYNAMIC', 'Report-To': '{"endpoints":[{"url":"https:\\/\\/a.nel.cloudflare.com\\/report\\/v4?s=0iuZJWLOmKqH%2BGRP72xD7hz5hIn4zrLvB5Z3%2FJIJ7Y1WHNYVq1MwBgzaxFkkfXPqTO4cQHzQ7k7ZyegCt9iwZF3cgfbjn0Ve1Zp4TDfX6q8PZk3iYQSSKDOjoFtUKvoT"}],"group":"cf-nel","max_age":604800}', 'NEL': '{"success_fraction":0,"report_to":"cf-nel","max_age":604800}', 'Server': 'cloudflare', 'CF-RAY': '8aad1e443f66023b-ORD', 'alt-svc': 'h3=":443"; ma=86400'} 
 body={"results":[{"gender":"female","name":{"title":"Mrs","first":"Mayina","last":"Lebedenko"},"location":{"street":{"number":5952,"name":"Teodoziyi Brizh"},"city":"P'yatihatki","state":"Zaporizka","country":"Ukraine","postcode":45478,"coordinates":{"latitude":"77.9882","longitude":"174.1649"},"timezone":{"offset":"-11:00","description":"Midway Island, Samoa"}},"email":"mayina.lebedenko@example.com","login":{"uuid":"779091b4-608b-42af-a710-e4ace97672ee","username":"beautifulwolf335","password":"amber1","salt":"dIRiO0hD","md5":"5a315bf61db34f0b4414fcac9e5120a8","sha1":"39d8aaff99dce5f5d2e8b9dfb83d28d7e5d273a3","sha256":"b58679ef3b8f0bce1931e0f616eecd55d1ff360feef4f968ccc0658b1cc5fa7d"},"dob":{"date":"1983-06-02T10:37:48.860Z","age":41},"registered":{"date":"2017-11-11T19:07:35.897Z","age":6},"phone":"(097) M34-1897","cell":"(066) F67-1049","id":{"name":"","value":null},"picture":{"large":"https://randomuser.me/api/portraits/women/87.jpg","medium":"https://randomuser.me/api/portraits/med/women/87.jpg","thumbnail":"https://randomuser.me/api/portraits/thumb/women/87.jpg"},"nat":"UA"}],"info":{"seed":"fad260e663dacdaa","results":1,"page":1,"version":"1.4"}} 
 </msg>
<msg time="2024-07-29T12:30:05.597796" level="INFO">/opt/hostedtoolcache/Python/3.12.4/x64/lib/python3.12/site-packages/urllib3/connectionpool.py:1099: InsecureRequestWarning: Unverified HTTPS request is being made to host 'randomuser.me'. Adding certificate verification is strongly advised. See: https://urllib3.readthedocs.io/en/latest/advanced-usage.html#tls-warnings
  warnings.warn(</msg>
<msg time="2024-07-29T12:30:05.597920" level="INFO">${response} = &lt;Response [200]&gt;</msg>
<var>${response}</var>
<arg>consultarAPI</arg>
<arg>/api</arg>
<doc>Sends a GET request on a previously created HTTP Session.</doc>
<status status="PASS" start="2024-07-29T12:30:05.474801" elapsed="0.123146"/>
</kw>
<kw name="Set Variable" owner="BuiltIn">
<msg time="2024-07-29T12:30:05.599183" level="INFO">${json_data} = {'results': [{'gender': 'female', 'name': {'title': 'Mrs', 'first': 'Mayina', 'last': 'Lebedenko'}, 'location': {'street': {'number': 5952, 'name': 'Teodoziyi Brizh'}, 'city': "P'yatihatki", 'state': ...</msg>
<var>${json_data}</var>
<arg>${response.json()}</arg>
<doc>Returns the given values which can then be assigned to a variables.</doc>
<status status="PASS" start="2024-07-29T12:30:05.598633" elapsed="0.000580"/>
</kw>
<kw name="Set Variable" owner="BuiltIn">
<msg time="2024-07-29T12:30:05.599909" level="INFO">${name_title} = Mrs</msg>
<var>${name_title}</var>
<arg>${json_data["results"][0]["name"]["title"]}</arg>
<doc>Returns the given values which can then be assigned to a variables.</doc>
<status status="PASS" start="2024-07-29T12:30:05.599520" elapsed="0.000416"/>
</kw>
<kw name="Create List" owner="BuiltIn">
<msg time="2024-07-29T12:30:05.600381" level="INFO">${allowed_titles} = ['Mr', 'Ms', 'Miss', 'Mrs', 'Madame', 'Monsieur']</msg>
<var>${allowed_titles}</var>
<arg>Mr</arg>
<arg>Ms</arg>
<arg>Miss</arg>
<arg>Mrs</arg>
<arg>Madame</arg>
<arg>Monsieur</arg>
<doc>Returns a list containing given items.</doc>
<status status="PASS" start="2024-07-29T12:30:05.600232" elapsed="0.000173"/>
</kw>
<kw name="List Should Contain Value" owner="Collections">
<arg>${allowed_titles}</arg>
<arg>${name_title}</arg>
<doc>Fails if the ``value`` is not found from ``list``.</doc>
<status status="PASS" start="2024-07-29T12:30:05.600701" elapsed="0.000185"/>
</kw>
<kw name="Set Variable" owner="BuiltIn">
<msg time="2024-07-29T12:30:05.601438" level="INFO">${name_country} = UA</msg>
<var>${name_country}</var>
<arg>${json_data["results"][0]["nat"]}</arg>
<doc>Returns the given values which can then be assigned to a variables.</doc>
<status status="PASS" start="2024-07-29T12:30:05.601067" elapsed="0.000396"/>
</kw>
<kw name="Create List" owner="BuiltIn">
<msg time="2024-07-29T12:30:05.602398" level="INFO">${list_country} = ['AD', 'AE', 'AF', 'AG', 'AI', 'AL', 'AM', 'AO', 'AQ', 'AR', 'AS', 'AT', 'AU', 'AW', 'AX', 'AZ', 'BA', 'BB', 'BD', 'BE', 'BF', 'BG', 'BH', 'BI', 'BJ', 'BL', 'BM', 'BN', 'BO', 'BQ', 'BR', 'BS', 'BT', '...</msg>
<var>${list_country}</var>
<arg>AD</arg>
<arg>AE</arg>
<arg>AF</arg>
<arg>AG</arg>
<arg>AI</arg>
<arg>AL</arg>
<arg>AM</arg>
<arg>AO</arg>
<arg>AQ</arg>
<arg>AR</arg>
<arg>AS</arg>
<arg>AT</arg>
<arg>AU</arg>
<arg>AW</arg>
<arg>AX</arg>
<arg>AZ</arg>
<arg>BA</arg>
<arg>BB</arg>
<arg>BD</arg>
<arg>BE</arg>
<arg>BF</arg>
<arg>BG</arg>
<arg>BH</arg>
<arg>BI</arg>
<arg>BJ</arg>
<arg>BL</arg>
<arg>BM</arg>
<arg>BN</arg>
<arg>BO</arg>
<arg>BQ</arg>
<arg>BR</arg>
<arg>BS</arg>
<arg>BT</arg>
<arg>BV</arg>
<arg>BW</arg>
<arg>BY</arg>
<arg>BZ</arg>
<arg>CA</arg>
<arg>CC</arg>
<arg>CD</arg>
<arg>CF</arg>
<arg>CG</arg>
<arg>CH</arg>
<arg>CI</arg>
<arg>CK</arg>
<arg>CL</arg>
<arg>CM</arg>
<arg>CN</arg>
<arg>CO</arg>
<arg>CR</arg>
<arg>CU</arg>
<arg>CV</arg>
<arg>CW</arg>
<arg>CX</arg>
<arg>CY</arg>
<arg>CZ</arg>
<arg>DE</arg>
<arg>DJ</arg>
<arg>DK</arg>
<arg>DM</arg>
<arg>DO</arg>
<arg>DZ</arg>
<arg>EC</arg>
<arg>EE</arg>
<arg>EG</arg>
<arg>EH</arg>
<arg>ER</arg>
<arg>ES</arg>
<arg>ET</arg>
<arg>FI</arg>
<arg>FJ</arg>
<arg>FK</arg>
<arg>FM</arg>
<arg>FO</arg>
<arg>FR</arg>
<arg>GA</arg>
<arg>GB</arg>
<arg>GD</arg>
<arg>GE</arg>
<arg>GF</arg>
<arg>GG</arg>
<arg>GH</arg>
<arg>GI</arg>
<arg>GL</arg>
<arg>GM</arg>
<arg>GN</arg>
<arg>GP</arg>
<arg>GQ</arg>
<arg>GR</arg>
<arg>GS</arg>
<arg>GT</arg>
<arg>GU</arg>
<arg>GW</arg>
<arg>GY</arg>
<arg>HK</arg>
<arg>HM</arg>
<arg>HN</arg>
<arg>HR</arg>
<arg>HT</arg>
<arg>HU</arg>
<arg>ID</arg>
<arg>IE</arg>
<arg>IL</arg>
<arg>IM</arg>
<arg>IN</arg>
<arg>IO</arg>
<arg>IQ</arg>
<arg>IR</arg>
<arg>IS</arg>
<arg>IT</arg>
<arg>JE</arg>
<arg>JM</arg>
<arg>JO</arg>
<arg>JP</arg>
<arg>KE</arg>
<arg>KG</arg>
<arg>KH</arg>
<arg>KI</arg>
<arg>KM</arg>
<arg>KN</arg>
<arg>KP</arg>
<arg>KR</arg>
<arg>KW</arg>
<arg>KY</arg>
<arg>KZ</arg>
<arg>LA</arg>
<arg>LB</arg>
<arg>LC</arg>
<arg>LI</arg>
<arg>LK</arg>
<arg>LR</arg>
<arg>LS</arg>
<arg>LT</arg>
<arg>LU</arg>
<arg>LV</arg>
<arg>LY</arg>
<arg>MA</arg>
<arg>MC</arg>
<arg>MD</arg>
<arg>ME</arg>
<arg>MF</arg>
<arg>MG</arg>
<arg>MH</arg>
<arg>MK</arg>
<arg>ML</arg>
<arg>MM</arg>
<arg>MN</arg>
<arg>MO</arg>
<arg>MP</arg>
<arg>MQ</arg>
<arg>MR</arg>
<arg>MS</arg>
<arg>MT</arg>
<arg>MU</arg>
<arg>MV</arg>
<arg>MW</arg>
<arg>MX</arg>
<arg>MY</arg>
<arg>MZ</arg>
<arg>NA</arg>
<arg>NC</arg>
<arg>NE</arg>
<arg>NF</arg>
<arg>NG</arg>
<arg>NI</arg>
<arg>NL</arg>
<arg>NO</arg>
<arg>NP</arg>
<arg>NR</arg>
<arg>NU</arg>
<arg>NZ</arg>
<arg>OM</arg>
<arg>PA</arg>
<arg>PE</arg>
<arg>PF</arg>
<arg>PG</arg>
<arg>PH</arg>
<arg>PK</arg>
<arg>PL</arg>
<arg>PM</arg>
<arg>PN</arg>
<arg>PR</arg>
<arg>PS</arg>
<arg>PT</arg>
<arg>PW</arg>
<arg>PY</arg>
<arg>QA</arg>
<arg>RE</arg>
<arg>RO</arg>
<arg>RS</arg>
<arg>RU</arg>
<arg>RW</arg>
<arg>SA</arg>
<arg>SB</arg>
<arg>SC</arg>
<arg>SD</arg>
<arg>SE</arg>
<arg>SG</arg>
<arg>SH</arg>
<arg>SI</arg>
<arg>SJ</arg>
<arg>SK</arg>
<arg>SL</arg>
<arg>SM</arg>
<arg>SN</arg>
<arg>SO</arg>
<arg>SR</arg>
<arg>SS</arg>
<arg>ST</arg>
<arg>SV</arg>
<arg>SX</arg>
<arg>SY</arg>
<arg>SZ</arg>
<arg>TC</arg>
<arg>TD</arg>
<arg>TF</arg>
<arg>TG</arg>
<arg>TH</arg>
<arg>TJ</arg>
<arg>TK</arg>
<arg>TL</arg>
<arg>TM</arg>
<arg>TN</arg>
<arg>TO</arg>
<arg>TR</arg>
<arg>TT</arg>
<arg>TV</arg>
<arg>TW</arg>
<arg>TZ</arg>
<arg>UA</arg>
<arg>UG</arg>
<arg>UM</arg>
<arg>US</arg>
<arg>UY</arg>
<arg>UZ</arg>
<arg>VA</arg>
<arg>VC</arg>
<arg>VE</arg>
<arg>VG</arg>
<arg>VI</arg>
<arg>VN</arg>
<arg>VU</arg>
<arg>WF</arg>
<arg>WS</arg>
<arg>XK</arg>
<arg>YE</arg>
<arg>YT</arg>
<arg>ZA</arg>
<arg>ZM</arg>
<arg>ZW</arg>
<doc>Returns a list containing given items.</doc>
<status status="PASS" start="2024-07-29T12:30:05.601758" elapsed="0.000668"/>
</kw>
<kw name="List Should Contain Value" owner="Collections">
<arg>${list_country}</arg>
<arg>${name_country}</arg>
<doc>Fails if the ``value`` is not found from ``list``.</doc>
<status status="PASS" start="2024-07-29T12:30:05.603414" elapsed="0.000213"/>
</kw>
<kw name="Run Keyword If" owner="BuiltIn">
<kw name="Should Be True" owner="BuiltIn">
<arg>${True}</arg>
<doc>Fails if the given condition is not true.</doc>
<status status="PASS" start="2024-07-29T12:30:05.604584" elapsed="0.000144"/>
</kw>
<arg>${json_data["results"][0]["location"]["coordinates"]["latitude"]} &gt;= -90 and ${json_data["results"][0]["location"]["coordinates"]["latitude"]} &lt;= 90</arg>
<arg>Should Be True</arg>
<arg>${True}</arg>
<doc>Runs the given keyword with the given arguments, if ``condition`` is true.</doc>
<status status="PASS" start="2024-07-29T12:30:05.603833" elapsed="0.001022"/>
</kw>
<kw name="Run Keyword If" owner="BuiltIn">
<kw name="Should Be True" owner="BuiltIn">
<arg>${True}</arg>
<doc>Fails if the given condition is not true.</doc>
<status status="PASS" start="2024-07-29T12:30:05.605732" elapsed="0.000137"/>
</kw>
<arg>${json_data["results"][0]["location"]["coordinates"]["longitude"]} &gt;= -180 and ${json_data["results"][0]["location"]["coordinates"]["longitude"]} &lt;= 180</arg>
<arg>Should Be True</arg>
<arg>${True}</arg>
<doc>Runs the given keyword with the given arguments, if ``condition`` is true.</doc>
<status status="PASS" start="2024-07-29T12:30:05.605041" elapsed="0.000952"/>
</kw>
<status status="PASS" start="2024-07-29T12:30:05.474427" elapsed="0.131697"/>
</kw>
<doc>Testa o conteúdo específico dos campos retornados pela API.</doc>
<tag>testeConteudo</tag>
<status status="PASS" start="2024-07-29T12:30:05.473698" elapsed="0.132660"/>
</test>
<status status="PASS" start="2024-07-29T12:30:04.394190" elapsed="1.214096"/>
</suite>
<status status="PASS" start="2024-07-29T12:30:04.379459" elapsed="1.233984"/>
</suite>
<statistics>
<total>
<stat pass="5" fail="0" skip="0">All Tests</stat>
</total>
<tag>
<stat pass="1" fail="0" skip="0">testeConteudo</stat>
<stat pass="1" fail="0" skip="0">testeEstruturaResposta</stat>
<stat pass="1" fail="0" skip="0">testeRequisicaoBasica</stat>
<stat pass="1" fail="0" skip="0">testeTiposDados</stat>
</tag>
<suite>
<stat pass="5" fail="0" skip="0" id="s1" name="Tests">Tests</stat>
<stat pass="5" fail="0" skip="0" id="s1-s1" name="Random-User-Test">Tests.Random-User-Test</stat>
</suite>
</statistics>
<errors>
</errors>
</robot>
