<?xml version="1.0" encoding="UTF-8"?>
<robot generator="Robot 7.0 (Python 3.12.3 on linux)" generated="2024-05-25T20:14:09.732082" rpa="false" schemaversion="5">
<suite id="s1" name="Tests" source="/home/runner/work/ApiRandomUser/ApiRandomUser/RamdonUser/tests">
<suite id="s1-s1" name="Random-User-Test" source="/home/runner/work/ApiRandomUser/ApiRandomUser/RamdonUser/tests/random-user-test.robot">
<test id="s1-s1-t1" name="Conectar" line="13">
<kw name="Conectar API" owner="random-user-service">
<kw name="Create Session" owner="RequestsLibrary">
<msg time="2024-05-25T20:14:10.129072" level="INFO">Creating Session using : alias=consultarAPI, url=https://randomuser.me/, headers={},                     cookies={}, auth=None, timeout=None, proxies=None, verify=False,                     debug=0 </msg>
<arg>consultarAPI</arg>
<arg>${URL}</arg>
<doc>Create Session: create a HTTP session to a server</doc>
<status status="PASS" start="2024-05-25T20:14:10.128843" elapsed="0.000417"/>
</kw>
<status status="PASS" start="2024-05-25T20:14:10.127751" elapsed="0.001892"/>
</kw>
<status status="PASS" start="2024-05-25T20:14:10.127106" elapsed="0.002731"/>
</test>
<test id="s1-s1-t2" name="Validar retorno 200 e JSON Válido" line="16">
<kw name="Teste de Requisicao Basica" owner="random-user-service">
<kw name="GET On Session" owner="RequestsLibrary">
<msg time="2024-05-25T20:14:10.202533" level="INFO">GET Request : url=https://randomuser.me/api 
 path_url=/api 
 headers={'User-Agent': 'python-requests/2.32.2', 'Accept-Encoding': 'gzip, deflate', 'Accept': '*/*', 'Connection': 'keep-alive'} 
 body=None 
 </msg>
<msg time="2024-05-25T20:14:10.202694" level="INFO">GET Response : url=https://randomuser.me/api 
 status=200, reason=OK 
 headers={'Date': 'Sat, 25 May 2024 20:14:10 GMT', 'Content-Type': 'application/json; charset=utf-8', 'Transfer-Encoding': 'chunked', 'Connection': 'keep-alive', 'X-Powered-By': 'Express', 'Access-Control-Allow-Origin': '*', 'Cache-Control': 'no-cache', 'ETag': 'W/"4b6-TwrHjy23bBuLfz6AwmneNQ9n1UQ"', 'Vary': 'Accept-Encoding', 'Content-Encoding': 'gzip', 'CF-Cache-Status': 'DYNAMIC', 'Report-To': '{"endpoints":[{"url":"https:\\/\\/a.nel.cloudflare.com\\/report\\/v4?s=8Sxnekt6E2zkPz%2BK1ckPgjvsvv2E36j5KX2L0OIi5buzyl64bd5Fie2qE9AwibqZMGJLj%2Be9vNfjZrLZXp2tMr6xJD8ymE5KNuT%2B9iB0TaK7QU%2FVn5YGKWOSyD6%2FfvNp"}],"group":"cf-nel","max_age":604800}', 'NEL': '{"success_fraction":0,"report_to":"cf-nel","max_age":604800}', 'Server': 'cloudflare', 'CF-RAY': '889830b18f28058f-IAD', 'alt-svc': 'h3=":443"; ma=86400'} 
 body={"results":[{"gender":"female","name":{"title":"Miss","first":"Emine","last":"Gebel"},"location":{"street":{"number":2325,"name":"Friedhofstraße"},"city":"Neustadt an der Donau","state":"Schleswig-Holstein","country":"Germany","postcode":28475,"coordinates":{"latitude":"-47.7755","longitude":"166.4396"},"timezone":{"offset":"-5:00","description":"Eastern Time (US &amp; Canada), Bogota, Lima"}},"email":"emine.gebel@example.com","login":{"uuid":"4324359e-353d-4f3d-9fbc-a1061eb04909","username":"silverostrich172","password":"ranger","salt":"wo18nYK0","md5":"f7f8a18f34dfc0078853f26237a6d4a3","sha1":"e50a51952c79081e6c12dd2167ce292f7cfba27e","sha256":"4a1a875609597a63e679e12b9f13893b45b9394729b53fa1429911a4782985ed"},"dob":{"date":"1945-03-24T05:08:23.388Z","age":79},"registered":{"date":"2010-02-14T17:04:04.241Z","age":14},"phone":"0970-2505736","cell":"0174-0866374","id":{"name":"SVNR","value":"60 240345 G 785"},"picture":{"large":"https://randomuser.me/api/portraits/women/9.jpg","medium":"https://randomuser.me/api/portraits/med/women/9.jpg","thumbnail":"https://randomuser.me/api/portraits/thumb/women/9.jpg"},"nat":"DE"}],"info":{"seed":"1a885b844f6d72d7","results":1,"page":1,"version":"1.4"}} 
 </msg>
<msg time="2024-05-25T20:14:10.202795" level="INFO">/opt/hostedtoolcache/Python/3.12.3/x64/lib/python3.12/site-packages/urllib3/connectionpool.py:1103: InsecureRequestWarning: Unverified HTTPS request is being made to host 'randomuser.me'. Adding certificate verification is strongly advised. See: https://urllib3.readthedocs.io/en/latest/advanced-usage.html#tls-warnings
  warnings.warn(</msg>
<msg time="2024-05-25T20:14:10.202968" level="INFO">${response} = &lt;Response [200]&gt;</msg>
<var>${response}</var>
<arg>consultarAPI</arg>
<arg>/api</arg>
<doc>Sends a GET request on a previously created HTTP Session.</doc>
<status status="PASS" start="2024-05-25T20:14:10.132582" elapsed="0.070436"/>
</kw>
<kw name="Should Be Equal As Numbers" owner="BuiltIn">
<msg time="2024-05-25T20:14:10.203994" level="INFO">Argument types are:
&lt;class 'int'&gt;
&lt;class 'str'&gt;</msg>
<arg>${response.status_code}</arg>
<arg>200</arg>
<doc>Fails if objects are unequal after converting them to real numbers.</doc>
<status status="PASS" start="2024-05-25T20:14:10.203512" elapsed="0.000549"/>
</kw>
<kw name="Log" owner="BuiltIn">
<msg time="2024-05-25T20:14:10.204794" level="INFO">200</msg>
<arg>${response.status_code}</arg>
<doc>Logs the given message with the given level.</doc>
<status status="PASS" start="2024-05-25T20:14:10.204426" elapsed="0.000418"/>
</kw>
<kw name="Set Variable" owner="BuiltIn">
<msg time="2024-05-25T20:14:10.205602" level="INFO">${json_data} = {'results': [{'gender': 'female', 'name': {'title': 'Miss', 'first': 'Emine', 'last': 'Gebel'}, 'location': {'street': {'number': 2325, 'name': 'Friedhofstraße'}, 'city': 'Neustadt an der Donau', 'sta...</msg>
<var>${json_data}</var>
<arg>${response.json()}</arg>
<doc>Returns the given values which can then be assigned to a variables.</doc>
<status status="PASS" start="2024-05-25T20:14:10.205160" elapsed="0.000471"/>
</kw>
<kw name="Dictionary Should Contain Key" owner="Collections">
<msg time="2024-05-25T20:14:10.206153" level="INFO">False</msg>
<arg>${json_data}</arg>
<arg>results</arg>
<doc>Fails if ``key`` is not found from ``dictionary``.</doc>
<status status="PASS" start="2024-05-25T20:14:10.205974" elapsed="0.000373"/>
</kw>
<status status="PASS" start="2024-05-25T20:14:10.132332" elapsed="0.074290"/>
</kw>
<doc>Testa se a API responde corretamente e retorna um objeto JSON válido.</doc>
<tag>testeRequisicaoBasica</tag>
<status status="PASS" start="2024-05-25T20:14:10.131783" elapsed="0.075042"/>
</test>
<test id="s1-s1-t3" name="Validar estrutura de resposta" line="22">
<kw name="Teste de Estrutura de Resposta" owner="random-user-service">
<kw name="GET On Session" owner="RequestsLibrary">
<msg time="2024-05-25T20:14:10.310172" level="INFO">GET Request : url=https://randomuser.me/api 
 path_url=/api 
 headers={'User-Agent': 'python-requests/2.32.2', 'Accept-Encoding': 'gzip, deflate', 'Accept': '*/*', 'Connection': 'keep-alive'} 
 body=None 
 </msg>
<msg time="2024-05-25T20:14:10.310284" level="INFO">GET Response : url=https://randomuser.me/api 
 status=200, reason=OK 
 headers={'Date': 'Sat, 25 May 2024 20:14:10 GMT', 'Content-Type': 'application/json; charset=utf-8', 'Transfer-Encoding': 'chunked', 'Connection': 'keep-alive', 'X-Powered-By': 'Express', 'Access-Control-Allow-Origin': '*', 'Cache-Control': 'no-cache', 'ETag': 'W/"493-ZNzpyGxgTTHVct/9m+h/Ns6QhQI"', 'Vary': 'Accept-Encoding', 'Content-Encoding': 'gzip', 'CF-Cache-Status': 'DYNAMIC', 'Report-To': '{"endpoints":[{"url":"https:\\/\\/a.nel.cloudflare.com\\/report\\/v4?s=uIIgFoIhixmGCLY95EvpfujnKBvyYgJlvuFTvFgA0oAiU3BmWpR7aSQBQ2VTIixdRd1owOOUesU1JCATIRwrQcmqiHZ1lG4LwjMsmpKFIIoO8KzH1CGK9HGlz5d7c2HW"}],"group":"cf-nel","max_age":604800}', 'NEL': '{"success_fraction":0,"report_to":"cf-nel","max_age":604800}', 'Server': 'cloudflare', 'CF-RAY': '889830b1df7b058f-IAD', 'alt-svc': 'h3=":443"; ma=86400'} 
 body={"results":[{"gender":"male","name":{"title":"Mr","first":"Everhard","last":"Rasenberg"},"location":{"street":{"number":5366,"name":"Hof van Batuwe"},"city":"Odijk","state":"Flevoland","country":"Netherlands","postcode":"7248 IL","coordinates":{"latitude":"30.3782","longitude":"-142.3528"},"timezone":{"offset":"+7:00","description":"Bangkok, Hanoi, Jakarta"}},"email":"everhard.rasenberg@example.com","login":{"uuid":"49d8b91b-cf04-4217-8680-ac34536dd41d","username":"orangebear670","password":"glennwei","salt":"W8brkfCY","md5":"61ba3da3a02b65fab4f60c9e18531583","sha1":"90d0c6684e076d7389a5adf8365b2bfa0f5c44b0","sha256":"3e50227258ce56341857661d892fe01b2304eadd6cba99707c5436dd0f215dff"},"dob":{"date":"1988-09-03T19:10:08.728Z","age":35},"registered":{"date":"2006-07-09T13:29:36.261Z","age":17},"phone":"(031) 4882181","cell":"(06) 45066127","id":{"name":"BSN","value":"81448238"},"picture":{"large":"https://randomuser.me/api/portraits/men/30.jpg","medium":"https://randomuser.me/api/portraits/med/men/30.jpg","thumbnail":"https://randomuser.me/api/portraits/thumb/men/30.jpg"},"nat":"NL"}],"info":{"seed":"3942604bce87023d","results":1,"page":1,"version":"1.4"}} 
 </msg>
<msg time="2024-05-25T20:14:10.310428" level="INFO">/opt/hostedtoolcache/Python/3.12.3/x64/lib/python3.12/site-packages/urllib3/connectionpool.py:1103: InsecureRequestWarning: Unverified HTTPS request is being made to host 'randomuser.me'. Adding certificate verification is strongly advised. See: https://urllib3.readthedocs.io/en/latest/advanced-usage.html#tls-warnings
  warnings.warn(</msg>
<msg time="2024-05-25T20:14:10.310584" level="INFO">${response} = &lt;Response [200]&gt;</msg>
<var>${response}</var>
<arg>consultarAPI</arg>
<arg>/api</arg>
<doc>Sends a GET request on a previously created HTTP Session.</doc>
<status status="PASS" start="2024-05-25T20:14:10.209447" elapsed="0.101209"/>
</kw>
<kw name="Set Variable" owner="BuiltIn">
<msg time="2024-05-25T20:14:10.311739" level="INFO">${json_data} = {'results': [{'gender': 'male', 'name': {'title': 'Mr', 'first': 'Everhard', 'last': 'Rasenberg'}, 'location': {'street': {'number': 5366, 'name': 'Hof van Batuwe'}, 'city': 'Odijk', 'state': 'Flevola...</msg>
<var>${json_data}</var>
<arg>${response.json()}</arg>
<doc>Returns the given values which can then be assigned to a variables.</doc>
<status status="PASS" start="2024-05-25T20:14:10.311199" elapsed="0.000568"/>
</kw>
<kw name="Log" owner="BuiltIn">
<msg time="2024-05-25T20:14:10.312227" level="INFO">{'results': [{'gender': 'male', 'name': {'title': 'Mr', 'first': 'Everhard', 'last': 'Rasenberg'}, 'location': {'street': {'number': 5366, 'name': 'Hof van Batuwe'}, 'city': 'Odijk', 'state': 'Flevoland', 'country': 'Netherlands', 'postcode': '7248 IL', 'coordinates': {'latitude': '30.3782', 'longitude': '-142.3528'}, 'timezone': {'offset': '+7:00', 'description': 'Bangkok, Hanoi, Jakarta'}}, 'email': 'everhard.rasenberg@example.com', 'login': {'uuid': '49d8b91b-cf04-4217-8680-ac34536dd41d', 'username': 'orangebear670', 'password': 'glennwei', 'salt': 'W8brkfCY', 'md5': '61ba3da3a02b65fab4f60c9e18531583', 'sha1': '90d0c6684e076d7389a5adf8365b2bfa0f5c44b0', 'sha256': '3e50227258ce56341857661d892fe01b2304eadd6cba99707c5436dd0f215dff'}, 'dob': {'date': '1988-09-03T19:10:08.728Z', 'age': 35}, 'registered': {'date': '2006-07-09T13:29:36.261Z', 'age': 17}, 'phone': '(031) 4882181', 'cell': '(06) 45066127', 'id': {'name': 'BSN', 'value': '81448238'}, 'picture': {'large': 'https://randomuser.me/api/portraits/men/30.jpg', 'medium': 'https://randomuser.me/api/portraits/med/men/30.jpg', 'thumbnail': 'https://randomuser.me/api/portraits/thumb/men/30.jpg'}, 'nat': 'NL'}], 'info': {'seed': '3942604bce87023d', 'results': 1, 'page': 1, 'version': '1.4'}}</msg>
<arg>${json_data}</arg>
<doc>Logs the given message with the given level.</doc>
<status status="PASS" start="2024-05-25T20:14:10.312071" elapsed="0.000206"/>
</kw>
<kw name="Dictionary Should Contain Key" owner="Collections">
<msg time="2024-05-25T20:14:10.312724" level="INFO">False</msg>
<arg>${json_data}</arg>
<arg>results</arg>
<doc>Fails if ``key`` is not found from ``dictionary``.</doc>
<status status="PASS" start="2024-05-25T20:14:10.312570" elapsed="0.000206"/>
</kw>
<kw name="Should Not Be Empty" owner="BuiltIn">
<msg time="2024-05-25T20:14:10.313231" level="INFO">Length is 2.</msg>
<arg>${json_data}</arg>
<doc>Verifies that the given item is not empty.</doc>
<status status="PASS" start="2024-05-25T20:14:10.313094" elapsed="0.000175"/>
</kw>
<kw name="Create List" owner="BuiltIn">
<msg time="2024-05-25T20:14:10.313701" level="INFO">${expected_keys} = ['gender', 'name', 'location', 'email', 'login']</msg>
<var>${expected_keys}</var>
<arg>gender</arg>
<arg>name</arg>
<arg>location</arg>
<arg>email</arg>
<arg>login</arg>
<doc>Returns a list containing given items.</doc>
<status status="PASS" start="2024-05-25T20:14:10.313556" elapsed="0.000168"/>
</kw>
<for flavor="IN">
<iter>
<kw name="Dictionary Should Contain Key" owner="Collections">
<msg time="2024-05-25T20:14:10.314750" level="INFO">False</msg>
<arg>${json_data['results'][0]}</arg>
<arg>${key}</arg>
<doc>Fails if ``key`` is not found from ``dictionary``.</doc>
<status status="PASS" start="2024-05-25T20:14:10.314348" elapsed="0.000440"/>
</kw>
<kw name="Log" owner="BuiltIn">
<msg time="2024-05-25T20:14:10.315472" level="INFO">{'gender': 'male', 'name': {'title': 'Mr', 'first': 'Everhard', 'last': 'Rasenberg'}, 'location': {'street': {'number': 5366, 'name': 'Hof van Batuwe'}, 'city': 'Odijk', 'state': 'Flevoland', 'country': 'Netherlands', 'postcode': '7248 IL', 'coordinates': {'latitude': '30.3782', 'longitude': '-142.3528'}, 'timezone': {'offset': '+7:00', 'description': 'Bangkok, Hanoi, Jakarta'}}, 'email': 'everhard.rasenberg@example.com', 'login': {'uuid': '49d8b91b-cf04-4217-8680-ac34536dd41d', 'username': 'orangebear670', 'password': 'glennwei', 'salt': 'W8brkfCY', 'md5': '61ba3da3a02b65fab4f60c9e18531583', 'sha1': '90d0c6684e076d7389a5adf8365b2bfa0f5c44b0', 'sha256': '3e50227258ce56341857661d892fe01b2304eadd6cba99707c5436dd0f215dff'}, 'dob': {'date': '1988-09-03T19:10:08.728Z', 'age': 35}, 'registered': {'date': '2006-07-09T13:29:36.261Z', 'age': 17}, 'phone': '(031) 4882181', 'cell': '(06) 45066127', 'id': {'name': 'BSN', 'value': '81448238'}, 'picture': {'large': 'https://randomuser.me/api/portraits/men/30.jpg', 'medium': 'https://randomuser.me/api/portraits/med/men/30.jpg', 'thumbnail': 'https://randomuser.me/api/portraits/thumb/men/30.jpg'}, 'nat': 'NL'}</msg>
<arg>${json_data['results'][0]}</arg>
<doc>Logs the given message with the given level.</doc>
<status status="PASS" start="2024-05-25T20:14:10.315089" elapsed="0.000433"/>
</kw>
<kw name="Log" owner="BuiltIn">
<msg time="2024-05-25T20:14:10.315949" level="INFO">gender</msg>
<arg>${key}</arg>
<doc>Logs the given message with the given level.</doc>
<status status="PASS" start="2024-05-25T20:14:10.315822" elapsed="0.000163"/>
</kw>
<var name="${key}">gender</var>
<status status="PASS" start="2024-05-25T20:14:10.314218" elapsed="0.001983"/>
</iter>
<iter>
<kw name="Dictionary Should Contain Key" owner="Collections">
<msg time="2024-05-25T20:14:10.316892" level="INFO">False</msg>
<arg>${json_data['results'][0]}</arg>
<arg>${key}</arg>
<doc>Fails if ``key`` is not found from ``dictionary``.</doc>
<status status="PASS" start="2024-05-25T20:14:10.316501" elapsed="0.000428"/>
</kw>
<kw name="Log" owner="BuiltIn">
<msg time="2024-05-25T20:14:10.317605" level="INFO">{'gender': 'male', 'name': {'title': 'Mr', 'first': 'Everhard', 'last': 'Rasenberg'}, 'location': {'street': {'number': 5366, 'name': 'Hof van Batuwe'}, 'city': 'Odijk', 'state': 'Flevoland', 'country': 'Netherlands', 'postcode': '7248 IL', 'coordinates': {'latitude': '30.3782', 'longitude': '-142.3528'}, 'timezone': {'offset': '+7:00', 'description': 'Bangkok, Hanoi, Jakarta'}}, 'email': 'everhard.rasenberg@example.com', 'login': {'uuid': '49d8b91b-cf04-4217-8680-ac34536dd41d', 'username': 'orangebear670', 'password': 'glennwei', 'salt': 'W8brkfCY', 'md5': '61ba3da3a02b65fab4f60c9e18531583', 'sha1': '90d0c6684e076d7389a5adf8365b2bfa0f5c44b0', 'sha256': '3e50227258ce56341857661d892fe01b2304eadd6cba99707c5436dd0f215dff'}, 'dob': {'date': '1988-09-03T19:10:08.728Z', 'age': 35}, 'registered': {'date': '2006-07-09T13:29:36.261Z', 'age': 17}, 'phone': '(031) 4882181', 'cell': '(06) 45066127', 'id': {'name': 'BSN', 'value': '81448238'}, 'picture': {'large': 'https://randomuser.me/api/portraits/men/30.jpg', 'medium': 'https://randomuser.me/api/portraits/med/men/30.jpg', 'thumbnail': 'https://randomuser.me/api/portraits/thumb/men/30.jpg'}, 'nat': 'NL'}</msg>
<arg>${json_data['results'][0]}</arg>
<doc>Logs the given message with the given level.</doc>
<status status="PASS" start="2024-05-25T20:14:10.317250" elapsed="0.000404"/>
</kw>
<kw name="Log" owner="BuiltIn">
<msg time="2024-05-25T20:14:10.318098" level="INFO">name</msg>
<arg>${key}</arg>
<doc>Logs the given message with the given level.</doc>
<status status="PASS" start="2024-05-25T20:14:10.317970" elapsed="0.000163"/>
</kw>
<var name="${key}">name</var>
<status status="PASS" start="2024-05-25T20:14:10.316386" elapsed="0.001967"/>
</iter>
<iter>
<kw name="Dictionary Should Contain Key" owner="Collections">
<msg time="2024-05-25T20:14:10.319015" level="INFO">False</msg>
<arg>${json_data['results'][0]}</arg>
<arg>${key}</arg>
<doc>Fails if ``key`` is not found from ``dictionary``.</doc>
<status status="PASS" start="2024-05-25T20:14:10.318643" elapsed="0.000409"/>
</kw>
<kw name="Log" owner="BuiltIn">
<msg time="2024-05-25T20:14:10.319718" level="INFO">{'gender': 'male', 'name': {'title': 'Mr', 'first': 'Everhard', 'last': 'Rasenberg'}, 'location': {'street': {'number': 5366, 'name': 'Hof van Batuwe'}, 'city': 'Odijk', 'state': 'Flevoland', 'country': 'Netherlands', 'postcode': '7248 IL', 'coordinates': {'latitude': '30.3782', 'longitude': '-142.3528'}, 'timezone': {'offset': '+7:00', 'description': 'Bangkok, Hanoi, Jakarta'}}, 'email': 'everhard.rasenberg@example.com', 'login': {'uuid': '49d8b91b-cf04-4217-8680-ac34536dd41d', 'username': 'orangebear670', 'password': 'glennwei', 'salt': 'W8brkfCY', 'md5': '61ba3da3a02b65fab4f60c9e18531583', 'sha1': '90d0c6684e076d7389a5adf8365b2bfa0f5c44b0', 'sha256': '3e50227258ce56341857661d892fe01b2304eadd6cba99707c5436dd0f215dff'}, 'dob': {'date': '1988-09-03T19:10:08.728Z', 'age': 35}, 'registered': {'date': '2006-07-09T13:29:36.261Z', 'age': 17}, 'phone': '(031) 4882181', 'cell': '(06) 45066127', 'id': {'name': 'BSN', 'value': '81448238'}, 'picture': {'large': 'https://randomuser.me/api/portraits/men/30.jpg', 'medium': 'https://randomuser.me/api/portraits/med/men/30.jpg', 'thumbnail': 'https://randomuser.me/api/portraits/thumb/men/30.jpg'}, 'nat': 'NL'}</msg>
<arg>${json_data['results'][0]}</arg>
<doc>Logs the given message with the given level.</doc>
<status status="PASS" start="2024-05-25T20:14:10.319352" elapsed="0.000414"/>
</kw>
<kw name="Log" owner="BuiltIn">
<msg time="2024-05-25T20:14:10.320191" level="INFO">location</msg>
<arg>${key}</arg>
<doc>Logs the given message with the given level.</doc>
<status status="PASS" start="2024-05-25T20:14:10.320066" elapsed="0.000162"/>
</kw>
<var name="${key}">location</var>
<status status="PASS" start="2024-05-25T20:14:10.318531" elapsed="0.001912"/>
</iter>
<iter>
<kw name="Dictionary Should Contain Key" owner="Collections">
<msg time="2024-05-25T20:14:10.321222" level="INFO">False</msg>
<arg>${json_data['results'][0]}</arg>
<arg>${key}</arg>
<doc>Fails if ``key`` is not found from ``dictionary``.</doc>
<status status="PASS" start="2024-05-25T20:14:10.320725" elapsed="0.000536"/>
</kw>
<kw name="Log" owner="BuiltIn">
<msg time="2024-05-25T20:14:10.321959" level="INFO">{'gender': 'male', 'name': {'title': 'Mr', 'first': 'Everhard', 'last': 'Rasenberg'}, 'location': {'street': {'number': 5366, 'name': 'Hof van Batuwe'}, 'city': 'Odijk', 'state': 'Flevoland', 'country': 'Netherlands', 'postcode': '7248 IL', 'coordinates': {'latitude': '30.3782', 'longitude': '-142.3528'}, 'timezone': {'offset': '+7:00', 'description': 'Bangkok, Hanoi, Jakarta'}}, 'email': 'everhard.rasenberg@example.com', 'login': {'uuid': '49d8b91b-cf04-4217-8680-ac34536dd41d', 'username': 'orangebear670', 'password': 'glennwei', 'salt': 'W8brkfCY', 'md5': '61ba3da3a02b65fab4f60c9e18531583', 'sha1': '90d0c6684e076d7389a5adf8365b2bfa0f5c44b0', 'sha256': '3e50227258ce56341857661d892fe01b2304eadd6cba99707c5436dd0f215dff'}, 'dob': {'date': '1988-09-03T19:10:08.728Z', 'age': 35}, 'registered': {'date': '2006-07-09T13:29:36.261Z', 'age': 17}, 'phone': '(031) 4882181', 'cell': '(06) 45066127', 'id': {'name': 'BSN', 'value': '81448238'}, 'picture': {'large': 'https://randomuser.me/api/portraits/men/30.jpg', 'medium': 'https://randomuser.me/api/portraits/med/men/30.jpg', 'thumbnail': 'https://randomuser.me/api/portraits/thumb/men/30.jpg'}, 'nat': 'NL'}</msg>
<arg>${json_data['results'][0]}</arg>
<doc>Logs the given message with the given level.</doc>
<status status="PASS" start="2024-05-25T20:14:10.321565" elapsed="0.000444"/>
</kw>
<kw name="Log" owner="BuiltIn">
<msg time="2024-05-25T20:14:10.322460" level="INFO">email</msg>
<arg>${key}</arg>
<doc>Logs the given message with the given level.</doc>
<status status="PASS" start="2024-05-25T20:14:10.322332" elapsed="0.000164"/>
</kw>
<var name="${key}">email</var>
<status status="PASS" start="2024-05-25T20:14:10.320614" elapsed="0.002099"/>
</iter>
<iter>
<kw name="Dictionary Should Contain Key" owner="Collections">
<msg time="2024-05-25T20:14:10.323376" level="INFO">False</msg>
<arg>${json_data['results'][0]}</arg>
<arg>${key}</arg>
<doc>Fails if ``key`` is not found from ``dictionary``.</doc>
<status status="PASS" start="2024-05-25T20:14:10.323000" elapsed="0.000413"/>
</kw>
<kw name="Log" owner="BuiltIn">
<msg time="2024-05-25T20:14:10.324060" level="INFO">{'gender': 'male', 'name': {'title': 'Mr', 'first': 'Everhard', 'last': 'Rasenberg'}, 'location': {'street': {'number': 5366, 'name': 'Hof van Batuwe'}, 'city': 'Odijk', 'state': 'Flevoland', 'country': 'Netherlands', 'postcode': '7248 IL', 'coordinates': {'latitude': '30.3782', 'longitude': '-142.3528'}, 'timezone': {'offset': '+7:00', 'description': 'Bangkok, Hanoi, Jakarta'}}, 'email': 'everhard.rasenberg@example.com', 'login': {'uuid': '49d8b91b-cf04-4217-8680-ac34536dd41d', 'username': 'orangebear670', 'password': 'glennwei', 'salt': 'W8brkfCY', 'md5': '61ba3da3a02b65fab4f60c9e18531583', 'sha1': '90d0c6684e076d7389a5adf8365b2bfa0f5c44b0', 'sha256': '3e50227258ce56341857661d892fe01b2304eadd6cba99707c5436dd0f215dff'}, 'dob': {'date': '1988-09-03T19:10:08.728Z', 'age': 35}, 'registered': {'date': '2006-07-09T13:29:36.261Z', 'age': 17}, 'phone': '(031) 4882181', 'cell': '(06) 45066127', 'id': {'name': 'BSN', 'value': '81448238'}, 'picture': {'large': 'https://randomuser.me/api/portraits/men/30.jpg', 'medium': 'https://randomuser.me/api/portraits/med/men/30.jpg', 'thumbnail': 'https://randomuser.me/api/portraits/thumb/men/30.jpg'}, 'nat': 'NL'}</msg>
<arg>${json_data['results'][0]}</arg>
<doc>Logs the given message with the given level.</doc>
<status status="PASS" start="2024-05-25T20:14:10.323704" elapsed="0.000408"/>
</kw>
<kw name="Log" owner="BuiltIn">
<msg time="2024-05-25T20:14:10.324548" level="INFO">login</msg>
<arg>${key}</arg>
<doc>Logs the given message with the given level.</doc>
<status status="PASS" start="2024-05-25T20:14:10.324423" elapsed="0.000162"/>
</kw>
<var name="${key}">login</var>
<status status="PASS" start="2024-05-25T20:14:10.322888" elapsed="0.001934"/>
</iter>
<var>${key}</var>
<value>@{expected_keys}</value>
<status status="PASS" start="2024-05-25T20:14:10.314017" elapsed="0.010930"/>
</for>
<kw name="Create List" owner="BuiltIn">
<msg time="2024-05-25T20:14:10.325277" level="INFO">${expected_keysTwo} = ['username', 'password']</msg>
<var>${expected_keysTwo}</var>
<arg>username</arg>
<arg>password</arg>
<doc>Returns a list containing given items.</doc>
<status status="PASS" start="2024-05-25T20:14:10.325140" elapsed="0.000161"/>
</kw>
<for flavor="IN">
<iter>
<kw name="Dictionary Should Contain Key" owner="Collections">
<msg time="2024-05-25T20:14:10.326239" level="INFO">False</msg>
<arg>${json_data['results'][0]['login']}</arg>
<arg>${keyTwo}</arg>
<doc>Fails if ``key`` is not found from ``dictionary``.</doc>
<status status="PASS" start="2024-05-25T20:14:10.325814" elapsed="0.000480"/>
</kw>
<kw name="Dictionary Should Contain Key" owner="Collections">
<msg time="2024-05-25T20:14:10.327003" level="INFO">False</msg>
<arg>${json_data['results'][0]['login']}</arg>
<arg>${keyTwo}</arg>
<doc>Fails if ``key`` is not found from ``dictionary``.</doc>
<status status="PASS" start="2024-05-25T20:14:10.326623" elapsed="0.000418"/>
</kw>
<kw name="Log" owner="BuiltIn">
<msg time="2024-05-25T20:14:10.327466" level="INFO">username</msg>
<arg>${keyTwo}</arg>
<doc>Logs the given message with the given level.</doc>
<status status="PASS" start="2024-05-25T20:14:10.327338" elapsed="0.000165"/>
</kw>
<var name="${keyTwo}">username</var>
<status status="PASS" start="2024-05-25T20:14:10.325702" elapsed="0.002016"/>
</iter>
<iter>
<kw name="Dictionary Should Contain Key" owner="Collections">
<msg time="2024-05-25T20:14:10.328391" level="INFO">False</msg>
<arg>${json_data['results'][0]['login']}</arg>
<arg>${keyTwo}</arg>
<doc>Fails if ``key`` is not found from ``dictionary``.</doc>
<status status="PASS" start="2024-05-25T20:14:10.328001" elapsed="0.000427"/>
</kw>
<kw name="Dictionary Should Contain Key" owner="Collections">
<msg time="2024-05-25T20:14:10.329093" level="INFO">False</msg>
<arg>${json_data['results'][0]['login']}</arg>
<arg>${keyTwo}</arg>
<doc>Fails if ``key`` is not found from ``dictionary``.</doc>
<status status="PASS" start="2024-05-25T20:14:10.328720" elapsed="0.000410"/>
</kw>
<kw name="Log" owner="BuiltIn">
<msg time="2024-05-25T20:14:10.329544" level="INFO">password</msg>
<arg>${keyTwo}</arg>
<doc>Logs the given message with the given level.</doc>
<status status="PASS" start="2024-05-25T20:14:10.329420" elapsed="0.000161"/>
</kw>
<var name="${keyTwo}">password</var>
<status status="PASS" start="2024-05-25T20:14:10.327890" elapsed="0.001903"/>
</iter>
<var>${keyTwo}</var>
<value>@{expected_keysTwo}</value>
<status status="PASS" start="2024-05-25T20:14:10.325541" elapsed="0.004392"/>
</for>
<status status="PASS" start="2024-05-25T20:14:10.209209" elapsed="0.120871"/>
</kw>
<doc>Testa a estrutura da resposta da API.</doc>
<tag>testeEstruturaResposta</tag>
<status status="PASS" start="2024-05-25T20:14:10.208713" elapsed="0.121524"/>
</test>
<test id="s1-s1-t4" name="Validar tipos de dados" line="28">
<kw name="Teste de Tipos de Dados" owner="random-user-service">
<kw name="GET On Session" owner="RequestsLibrary">
<msg time="2024-05-25T20:14:10.398233" level="INFO">GET Request : url=https://randomuser.me/api 
 path_url=/api 
 headers={'User-Agent': 'python-requests/2.32.2', 'Accept-Encoding': 'gzip, deflate', 'Accept': '*/*', 'Connection': 'keep-alive'} 
 body=None 
 </msg>
<msg time="2024-05-25T20:14:10.398307" level="INFO">GET Response : url=https://randomuser.me/api 
 status=200, reason=OK 
 headers={'Date': 'Sat, 25 May 2024 20:14:10 GMT', 'Content-Type': 'application/json; charset=utf-8', 'Transfer-Encoding': 'chunked', 'Connection': 'keep-alive', 'X-Powered-By': 'Express', 'Access-Control-Allow-Origin': '*', 'Cache-Control': 'no-cache', 'ETag': 'W/"489-9C7ZBmx+TZTGOUPp3xYR14BZwcA"', 'Vary': 'Accept-Encoding', 'Content-Encoding': 'gzip', 'CF-Cache-Status': 'DYNAMIC', 'Report-To': '{"endpoints":[{"url":"https:\\/\\/a.nel.cloudflare.com\\/report\\/v4?s=DrEd2uc76jqPw41%2BIMPCo%2F%2BKWFXhSbSUY%2Bli9detBRzmMV8jWNxDX2GZyNH%2FGKM5eKpQZXC9clsYQ4i137fjt096%2BLCMGzYCokGzUlrilwvPdBpdNLnjixNizYJhM9lJ"}],"group":"cf-nel","max_age":604800}', 'NEL': '{"success_fraction":0,"report_to":"cf-nel","max_age":604800}', 'Server': 'cloudflare', 'CF-RAY': '889830b29836058f-IAD', 'alt-svc': 'h3=":443"; ma=86400'} 
 body={"results":[{"gender":"male","name":{"title":"Mr","first":"Wasim","last":"De Ronde"},"location":{"street":{"number":1311,"name":"De Fute"},"city":"Den Oever","state":"Limburg","country":"Netherlands","postcode":"8214 EN","coordinates":{"latitude":"34.4119","longitude":"-73.7481"},"timezone":{"offset":"+4:00","description":"Abu Dhabi, Muscat, Baku, Tbilisi"}},"email":"wasim.deronde@example.com","login":{"uuid":"f2925261-cc0f-40a5-a5dc-17ac230ed692","username":"tinysnake178","password":"foobar","salt":"XWd0bOw3","md5":"f0e068a109f7f9b68c57cb6b8c5e9b70","sha1":"01543c391ff8babe33cb135d8c992d8825690b60","sha256":"26b59016bbfca7c06e56c4b38dbe9efc16cca63de57c6d35d9549bfdf66f27a2"},"dob":{"date":"1972-12-15T08:55:41.967Z","age":51},"registered":{"date":"2015-02-03T13:08:13.167Z","age":9},"phone":"(011) 0984612","cell":"(06) 63457079","id":{"name":"BSN","value":"52348123"},"picture":{"large":"https://randomuser.me/api/portraits/men/76.jpg","medium":"https://randomuser.me/api/portraits/med/men/76.jpg","thumbnail":"https://randomuser.me/api/portraits/thumb/men/76.jpg"},"nat":"NL"}],"info":{"seed":"0d9882f1c6d37bb5","results":1,"page":1,"version":"1.4"}} 
 </msg>
<msg time="2024-05-25T20:14:10.398375" level="INFO">/opt/hostedtoolcache/Python/3.12.3/x64/lib/python3.12/site-packages/urllib3/connectionpool.py:1103: InsecureRequestWarning: Unverified HTTPS request is being made to host 'randomuser.me'. Adding certificate verification is strongly advised. See: https://urllib3.readthedocs.io/en/latest/advanced-usage.html#tls-warnings
  warnings.warn(</msg>
<msg time="2024-05-25T20:14:10.398487" level="INFO">${response} = &lt;Response [200]&gt;</msg>
<var>${response}</var>
<arg>consultarAPI</arg>
<arg>/api</arg>
<doc>Sends a GET request on a previously created HTTP Session.</doc>
<status status="PASS" start="2024-05-25T20:14:10.332683" elapsed="0.065843"/>
</kw>
<kw name="Set Variable" owner="BuiltIn">
<msg time="2024-05-25T20:14:10.399423" level="INFO">${json_data} = {'results': [{'gender': 'male', 'name': {'title': 'Mr', 'first': 'Wasim', 'last': 'De Ronde'}, 'location': {'street': {'number': 1311, 'name': 'De Fute'}, 'city': 'Den Oever', 'state': 'Limburg', 'cou...</msg>
<var>${json_data}</var>
<arg>${response.json()}</arg>
<doc>Returns the given values which can then be assigned to a variables.</doc>
<status status="PASS" start="2024-05-25T20:14:10.398942" elapsed="0.000510"/>
</kw>
<kw name="Log" owner="BuiltIn">
<msg time="2024-05-25T20:14:10.399927" level="INFO">{'results': [{'gender': 'male', 'name': {'title': 'Mr', 'first': 'Wasim', 'last': 'De Ronde'}, 'location': {'street': {'number': 1311, 'name': 'De Fute'}, 'city': 'Den Oever', 'state': 'Limburg', 'country': 'Netherlands', 'postcode': '8214 EN', 'coordinates': {'latitude': '34.4119', 'longitude': '-73.7481'}, 'timezone': {'offset': '+4:00', 'description': 'Abu Dhabi, Muscat, Baku, Tbilisi'}}, 'email': 'wasim.deronde@example.com', 'login': {'uuid': 'f2925261-cc0f-40a5-a5dc-17ac230ed692', 'username': 'tinysnake178', 'password': 'foobar', 'salt': 'XWd0bOw3', 'md5': 'f0e068a109f7f9b68c57cb6b8c5e9b70', 'sha1': '01543c391ff8babe33cb135d8c992d8825690b60', 'sha256': '26b59016bbfca7c06e56c4b38dbe9efc16cca63de57c6d35d9549bfdf66f27a2'}, 'dob': {'date': '1972-12-15T08:55:41.967Z', 'age': 51}, 'registered': {'date': '2015-02-03T13:08:13.167Z', 'age': 9}, 'phone': '(011) 0984612', 'cell': '(06) 63457079', 'id': {'name': 'BSN', 'value': '52348123'}, 'picture': {'large': 'https://randomuser.me/api/portraits/men/76.jpg', 'medium': 'https://randomuser.me/api/portraits/med/men/76.jpg', 'thumbnail': 'https://randomuser.me/api/portraits/thumb/men/76.jpg'}, 'nat': 'NL'}], 'info': {'seed': '0d9882f1c6d37bb5', 'results': 1, 'page': 1, 'version': '1.4'}}</msg>
<arg>${json_data}</arg>
<doc>Logs the given message with the given level.</doc>
<status status="PASS" start="2024-05-25T20:14:10.399770" elapsed="0.000239"/>
</kw>
<kw name="Should Be String" owner="String">
<arg>${json_data['results'][0]['gender']}</arg>
<doc>Fails if the given ``item`` is not a string.</doc>
<status status="PASS" start="2024-05-25T20:14:10.400310" elapsed="0.000359"/>
</kw>
<kw name="Should Match Regexp" owner="BuiltIn">
<arg>${json_data['results'][0]['email']}</arg>
<arg>^[a-zA-Z0-9._%+-]+@[a-zA-Z0-9.-]+\.[a-zA-Z]{2,}$</arg>
<doc>Fails if ``string`` does not match ``pattern`` as a regular expression.</doc>
<status status="PASS" start="2024-05-25T20:14:10.400861" elapsed="0.000647"/>
</kw>
<kw name="Should Match Regexp" owner="BuiltIn">
<arg>${json_data['results'][0]['dob']['date']}</arg>
<arg>\\d{4}-\\d{2}-\\d{2}T\\d{2}:\\d{2}:\\d{2}\\.\\d{3}Z</arg>
<doc>Fails if ``string`` does not match ``pattern`` as a regular expression.</doc>
<status status="PASS" start="2024-05-25T20:14:10.401708" elapsed="0.000529"/>
</kw>
<kw name="Should Match Regexp" owner="BuiltIn">
<arg>${json_data['results'][0]['registered']['date']}</arg>
<arg>\\d{4}-\\d{2}-\\d{2}T\\d{2}:\\d{2}:\\d{2}\\.\\d{3}Z</arg>
<doc>Fails if ``string`` does not match ``pattern`` as a regular expression.</doc>
<status status="PASS" start="2024-05-25T20:14:10.402440" elapsed="0.000376"/>
</kw>
<kw name="Should Match Regexp" owner="BuiltIn">
<arg>${json_data['results'][0]['picture']['large']}</arg>
<arg>^https?://.*\.(?:png|jpe?g|gif|bmp)$</arg>
<doc>Fails if ``string`` does not match ``pattern`` as a regular expression.</doc>
<status status="PASS" start="2024-05-25T20:14:10.403004" elapsed="0.000459"/>
</kw>
<kw name="Should Match Regexp" owner="BuiltIn">
<arg>${json_data['results'][0]['picture']['medium']}</arg>
<arg>^https?://.*\.(?:png|jpe?g|gif|bmp)$</arg>
<doc>Fails if ``string`` does not match ``pattern`` as a regular expression.</doc>
<status status="PASS" start="2024-05-25T20:14:10.403652" elapsed="0.000349"/>
</kw>
<kw name="Should Match Regexp" owner="BuiltIn">
<arg>${json_data['results'][0]['picture']['thumbnail']}</arg>
<arg>^https?://.*\.(?:png|jpe?g|gif|bmp)$</arg>
<doc>Fails if ``string`` does not match ``pattern`` as a regular expression.</doc>
<status status="PASS" start="2024-05-25T20:14:10.404202" elapsed="0.000363"/>
</kw>
<kw name="Log" owner="BuiltIn">
<msg time="2024-05-25T20:14:10.405066" level="INFO">{'large': 'https://randomuser.me/api/portraits/men/76.jpg', 'medium': 'https://randomuser.me/api/portraits/med/men/76.jpg', 'thumbnail': 'https://randomuser.me/api/portraits/thumb/men/76.jpg'}</msg>
<arg>${json_data['results'][0]['picture']}</arg>
<doc>Logs the given message with the given level.</doc>
<status status="PASS" start="2024-05-25T20:14:10.404747" elapsed="0.000361"/>
</kw>
<status status="PASS" start="2024-05-25T20:14:10.332448" elapsed="0.072915"/>
</kw>
<kw name="Teste de Tipos de Dados - Postcode" owner="random-user-service">
<kw name="GET On Session" owner="RequestsLibrary">
<msg time="2024-05-25T20:14:10.495411" level="INFO">GET Request : url=https://randomuser.me/api 
 path_url=/api 
 headers={'User-Agent': 'python-requests/2.32.2', 'Accept-Encoding': 'gzip, deflate', 'Accept': '*/*', 'Connection': 'keep-alive'} 
 body=None 
 </msg>
<msg time="2024-05-25T20:14:10.495494" level="INFO">GET Response : url=https://randomuser.me/api 
 status=200, reason=OK 
 headers={'Date': 'Sat, 25 May 2024 20:14:10 GMT', 'Content-Type': 'application/json; charset=utf-8', 'Transfer-Encoding': 'chunked', 'Connection': 'keep-alive', 'X-Powered-By': 'Express', 'Access-Control-Allow-Origin': '*', 'Cache-Control': 'no-cache', 'ETag': 'W/"494-HznBzQahwGSBBBW7AWPzZnvU9Qg"', 'Vary': 'Accept-Encoding', 'Content-Encoding': 'gzip', 'CF-Cache-Status': 'DYNAMIC', 'Report-To': '{"endpoints":[{"url":"https:\\/\\/a.nel.cloudflare.com\\/report\\/v4?s=SVbzTBLL1mOQBiTLZTDATzHB%2BBUmuuZTpZxg6W5XKEr0dOV2TA%2FPwtqtNOnp45AQBJmSBmArALfQpCI0l2AUQziN7GfAlel1m0iyqWkTZzsFT8xWA65Hktweui1ZY9sj"}],"group":"cf-nel","max_age":604800}', 'NEL': '{"success_fraction":0,"report_to":"cf-nel","max_age":604800}', 'Server': 'cloudflare', 'CF-RAY': '889830b308a8058f-IAD', 'alt-svc': 'h3=":443"; ma=86400'} 
 body={"results":[{"gender":"female","name":{"title":"Mrs","first":"Daniela","last":"Digre"},"location":{"street":{"number":5222,"name":"Charlotte Andersens vei"},"city":"Grodås","state":"Description","country":"Norway","postcode":"3017","coordinates":{"latitude":"45.9178","longitude":"145.4152"},"timezone":{"offset":"-7:00","description":"Mountain Time (US &amp; Canada)"}},"email":"daniela.digre@example.com","login":{"uuid":"32838233-482f-43fb-82c5-6daf42905759","username":"goldengorilla853","password":"scorpio1","salt":"Hi0o9Tpi","md5":"bc29e476d19c720f26872a499908e3c0","sha1":"e7d5ea03f167dab1772139f198d4b549935127e0","sha256":"308dd31f8d5c0a7b9f960c3ae86b4ba203038ed9bf0ef1045af37b8956b351fd"},"dob":{"date":"1980-09-06T13:03:17.615Z","age":43},"registered":{"date":"2021-11-21T02:00:34.157Z","age":2},"phone":"25034365","cell":"93325479","id":{"name":"FN","value":"06098006417"},"picture":{"large":"https://randomuser.me/api/portraits/women/30.jpg","medium":"https://randomuser.me/api/portraits/med/women/30.jpg","thumbnail":"https://randomuser.me/api/portraits/thumb/women/30.jpg"},"nat":"NO"}],"info":{"seed":"65284b6547b3d55f","results":1,"page":1,"version":"1.4"}} 
 </msg>
<msg time="2024-05-25T20:14:10.495566" level="INFO">/opt/hostedtoolcache/Python/3.12.3/x64/lib/python3.12/site-packages/urllib3/connectionpool.py:1103: InsecureRequestWarning: Unverified HTTPS request is being made to host 'randomuser.me'. Adding certificate verification is strongly advised. See: https://urllib3.readthedocs.io/en/latest/advanced-usage.html#tls-warnings
  warnings.warn(</msg>
<msg time="2024-05-25T20:14:10.495690" level="INFO">${response} = &lt;Response [200]&gt;</msg>
<var>${response}</var>
<arg>consultarAPI</arg>
<arg>/api</arg>
<doc>Sends a GET request on a previously created HTTP Session.</doc>
<status status="PASS" start="2024-05-25T20:14:10.405812" elapsed="0.089921"/>
</kw>
<kw name="Set Variable" owner="BuiltIn">
<msg time="2024-05-25T20:14:10.496671" level="INFO">${json_data} = {'results': [{'gender': 'female', 'name': {'title': 'Mrs', 'first': 'Daniela', 'last': 'Digre'}, 'location': {'street': {'number': 5222, 'name': 'Charlotte Andersens vei'}, 'city': 'Grodås', 'state': ...</msg>
<var>${json_data}</var>
<arg>${response.json()}</arg>
<doc>Returns the given values which can then be assigned to a variables.</doc>
<status status="PASS" start="2024-05-25T20:14:10.496169" elapsed="0.000531"/>
</kw>
<kw name="Log" owner="BuiltIn">
<msg time="2024-05-25T20:14:10.497152" level="INFO">{'results': [{'gender': 'female', 'name': {'title': 'Mrs', 'first': 'Daniela', 'last': 'Digre'}, 'location': {'street': {'number': 5222, 'name': 'Charlotte Andersens vei'}, 'city': 'Grodås', 'state': 'Description', 'country': 'Norway', 'postcode': '3017', 'coordinates': {'latitude': '45.9178', 'longitude': '145.4152'}, 'timezone': {'offset': '-7:00', 'description': 'Mountain Time (US &amp; Canada)'}}, 'email': 'daniela.digre@example.com', 'login': {'uuid': '32838233-482f-43fb-82c5-6daf42905759', 'username': 'goldengorilla853', 'password': 'scorpio1', 'salt': 'Hi0o9Tpi', 'md5': 'bc29e476d19c720f26872a499908e3c0', 'sha1': 'e7d5ea03f167dab1772139f198d4b549935127e0', 'sha256': '308dd31f8d5c0a7b9f960c3ae86b4ba203038ed9bf0ef1045af37b8956b351fd'}, 'dob': {'date': '1980-09-06T13:03:17.615Z', 'age': 43}, 'registered': {'date': '2021-11-21T02:00:34.157Z', 'age': 2}, 'phone': '25034365', 'cell': '93325479', 'id': {'name': 'FN', 'value': '06098006417'}, 'picture': {'large': 'https://randomuser.me/api/portraits/women/30.jpg', 'medium': 'https://randomuser.me/api/portraits/med/women/30.jpg', 'thumbnail': 'https://randomuser.me/api/portraits/thumb/women/30.jpg'}, 'nat': 'NO'}], 'info': {'seed': '65284b6547b3d55f', 'results': 1, 'page': 1, 'version': '1.4'}}</msg>
<arg>${json_data}</arg>
<doc>Logs the given message with the given level.</doc>
<status status="PASS" start="2024-05-25T20:14:10.497000" elapsed="0.000238"/>
</kw>
<kw name="Should Be Equal As Numbers" owner="BuiltIn">
<arg>${json_data['results'][0]['location']['postcode']}</arg>
<arg>${json_data['results'][0]['location']['postcode']}</arg>
<doc>Fails if objects are unequal after converting them to real numbers.</doc>
<status status="PASS" start="2024-05-25T20:14:10.497543" elapsed="0.000705"/>
</kw>
<kw name="Log" owner="BuiltIn">
<msg time="2024-05-25T20:14:10.498778" level="INFO">3017</msg>
<arg>${json_data['results'][0]['location']['postcode']}</arg>
<doc>Logs the given message with the given level.</doc>
<status status="PASS" start="2024-05-25T20:14:10.498444" elapsed="0.000374"/>
</kw>
<status status="PASS" start="2024-05-25T20:14:10.405582" elapsed="0.093490"/>
</kw>
<doc>Testa se os tipos de dados na resposta da API estão corretos.</doc>
<tag>testeTiposDados</tag>
<status status="PASS" start="2024-05-25T20:14:10.331972" elapsed="0.167263"/>
</test>
<test id="s1-s1-t5" name="Validar conteudo" line="35">
<kw name="Teste de Tipos de Conteudo" owner="random-user-service">
<kw name="GET On Session" owner="RequestsLibrary">
<msg time="2024-05-25T20:14:10.635235" level="INFO">GET Request : url=https://randomuser.me/api 
 path_url=/api 
 headers={'User-Agent': 'python-requests/2.32.2', 'Accept-Encoding': 'gzip, deflate', 'Accept': '*/*', 'Connection': 'keep-alive'} 
 body=None 
 </msg>
<msg time="2024-05-25T20:14:10.635357" level="INFO">GET Response : url=https://randomuser.me/api 
 status=200, reason=OK 
 headers={'Date': 'Sat, 25 May 2024 20:14:10 GMT', 'Content-Type': 'application/json; charset=utf-8', 'Transfer-Encoding': 'chunked', 'Connection': 'keep-alive', 'X-Powered-By': 'Express', 'Access-Control-Allow-Origin': '*', 'Cache-Control': 'no-cache', 'ETag': 'W/"47c-YQz0Wh+SzBbgrfohVUZYt8MJr3k"', 'Vary': 'Accept-Encoding', 'Content-Encoding': 'gzip', 'CF-Cache-Status': 'DYNAMIC', 'Report-To': '{"endpoints":[{"url":"https:\\/\\/a.nel.cloudflare.com\\/report\\/v4?s=8DFvAwNLQXsCcnbhN8o3JtAiMBwGtvMADzqVY8tEV%2FPNZojXJkdJ8ZKhsK%2BOu3pFmH85b8fYVD7RUNUpdg8%2Bdw%2FxkMlFa1BeaNawfnKZM3EO%2BzDghErTgv2zNiRj8RfY"}],"group":"cf-nel","max_age":604800}', 'NEL': '{"success_fraction":0,"report_to":"cf-nel","max_age":604800}', 'Server': 'cloudflare', 'CF-RAY': '889830b3a932058f-IAD', 'alt-svc': 'h3=":443"; ma=86400'} 
 body={"results":[{"gender":"female","name":{"title":"Mrs","first":"Hivrya","last":"Batig"},"location":{"street":{"number":4204,"name":"Reytarska"},"city":"Dublyani","state":"Hmelnicka","country":"Ukraine","postcode":65017,"coordinates":{"latitude":"81.2197","longitude":"169.6652"},"timezone":{"offset":"-8:00","description":"Pacific Time (US &amp; Canada)"}},"email":"hivrya.batig@example.com","login":{"uuid":"e0926c4e-9831-4172-949b-7d872abed8f5","username":"sadkoala876","password":"movie","salt":"HoegEj2q","md5":"01b3e53f91c13b8bdb7a4f09fda553e2","sha1":"784e07e4ae30122cc9ba5cdae54469db07d3f1b5","sha256":"67de31e11c5541aaed643e86b4d17673a7286c13669ee75f5f66cca6623d6580"},"dob":{"date":"1974-04-01T03:26:52.902Z","age":50},"registered":{"date":"2011-06-29T20:35:07.846Z","age":12},"phone":"(097) S98-5930","cell":"(097) P70-4213","id":{"name":"","value":null},"picture":{"large":"https://randomuser.me/api/portraits/women/15.jpg","medium":"https://randomuser.me/api/portraits/med/women/15.jpg","thumbnail":"https://randomuser.me/api/portraits/thumb/women/15.jpg"},"nat":"UA"}],"info":{"seed":"083d0ef1d4810ccd","results":1,"page":1,"version":"1.4"}} 
 </msg>
<msg time="2024-05-25T20:14:10.635459" level="INFO">/opt/hostedtoolcache/Python/3.12.3/x64/lib/python3.12/site-packages/urllib3/connectionpool.py:1103: InsecureRequestWarning: Unverified HTTPS request is being made to host 'randomuser.me'. Adding certificate verification is strongly advised. See: https://urllib3.readthedocs.io/en/latest/advanced-usage.html#tls-warnings
  warnings.warn(</msg>
<msg time="2024-05-25T20:14:10.635619" level="INFO">${response} = &lt;Response [200]&gt;</msg>
<var>${response}</var>
<arg>consultarAPI</arg>
<arg>/api</arg>
<doc>Sends a GET request on a previously created HTTP Session.</doc>
<status status="PASS" start="2024-05-25T20:14:10.501737" elapsed="0.133930"/>
</kw>
<kw name="Set Variable" owner="BuiltIn">
<msg time="2024-05-25T20:14:10.636808" level="INFO">${json_data} = {'results': [{'gender': 'female', 'name': {'title': 'Mrs', 'first': 'Hivrya', 'last': 'Batig'}, 'location': {'street': {'number': 4204, 'name': 'Reytarska'}, 'city': 'Dublyani', 'state': 'Hmelnicka', ...</msg>
<var>${json_data}</var>
<arg>${response.json()}</arg>
<doc>Returns the given values which can then be assigned to a variables.</doc>
<status status="PASS" start="2024-05-25T20:14:10.636237" elapsed="0.000600"/>
</kw>
<kw name="Set Variable" owner="BuiltIn">
<msg time="2024-05-25T20:14:10.637557" level="INFO">${name_title} = Mrs</msg>
<var>${name_title}</var>
<arg>${json_data["results"][0]["name"]["title"]}</arg>
<doc>Returns the given values which can then be assigned to a variables.</doc>
<status status="PASS" start="2024-05-25T20:14:10.637150" elapsed="0.000432"/>
</kw>
<kw name="Create List" owner="BuiltIn">
<msg time="2024-05-25T20:14:10.638083" level="INFO">${allowed_titles} = ['Mr', 'Ms', 'Miss', 'Mrs', 'Madame', 'Monsieur']</msg>
<var>${allowed_titles}</var>
<arg>Mr</arg>
<arg>Ms</arg>
<arg>Miss</arg>
<arg>Mrs</arg>
<arg>Madame</arg>
<arg>Monsieur</arg>
<doc>Returns a list containing given items.</doc>
<status status="PASS" start="2024-05-25T20:14:10.637886" elapsed="0.000227"/>
</kw>
<kw name="List Should Contain Value" owner="Collections">
<msg time="2024-05-25T20:14:10.638611" level="INFO">False</msg>
<arg>${allowed_titles}</arg>
<arg>${name_title}</arg>
<doc>Fails if the ``value`` is not found from ``list``.</doc>
<status status="PASS" start="2024-05-25T20:14:10.638425" elapsed="0.000225"/>
</kw>
<kw name="Set Variable" owner="BuiltIn">
<msg time="2024-05-25T20:14:10.639512" level="INFO">${name_country} = UA</msg>
<var>${name_country}</var>
<arg>${json_data["results"][0]["nat"]}</arg>
<doc>Returns the given values which can then be assigned to a variables.</doc>
<status status="PASS" start="2024-05-25T20:14:10.638943" elapsed="0.000594"/>
</kw>
<kw name="Create List" owner="BuiltIn">
<msg time="2024-05-25T20:14:10.640442" level="INFO">${list_country} = ['AD', 'AE', 'AF', 'AG', 'AI', 'AL', 'AM', 'AO', 'AQ', 'AR', 'AS', 'AT', 'AU', 'AW', 'AX', 'AZ', 'BA', 'BB', 'BD', 'BE', 'BF', 'BG', 'BH', 'BI', 'BJ', 'BL', 'BM', 'BN', 'BO', 'BQ', 'BR', 'BS', 'BT', '...</msg>
<var>${list_country}</var>
<arg>AD</arg>
<arg>AE</arg>
<arg>AF</arg>
<arg>AG</arg>
<arg>AI</arg>
<arg>AL</arg>
<arg>AM</arg>
<arg>AO</arg>
<arg>AQ</arg>
<arg>AR</arg>
<arg>AS</arg>
<arg>AT</arg>
<arg>AU</arg>
<arg>AW</arg>
<arg>AX</arg>
<arg>AZ</arg>
<arg>BA</arg>
<arg>BB</arg>
<arg>BD</arg>
<arg>BE</arg>
<arg>BF</arg>
<arg>BG</arg>
<arg>BH</arg>
<arg>BI</arg>
<arg>BJ</arg>
<arg>BL</arg>
<arg>BM</arg>
<arg>BN</arg>
<arg>BO</arg>
<arg>BQ</arg>
<arg>BR</arg>
<arg>BS</arg>
<arg>BT</arg>
<arg>BV</arg>
<arg>BW</arg>
<arg>BY</arg>
<arg>BZ</arg>
<arg>CA</arg>
<arg>CC</arg>
<arg>CD</arg>
<arg>CF</arg>
<arg>CG</arg>
<arg>CH</arg>
<arg>CI</arg>
<arg>CK</arg>
<arg>CL</arg>
<arg>CM</arg>
<arg>CN</arg>
<arg>CO</arg>
<arg>CR</arg>
<arg>CU</arg>
<arg>CV</arg>
<arg>CW</arg>
<arg>CX</arg>
<arg>CY</arg>
<arg>CZ</arg>
<arg>DE</arg>
<arg>DJ</arg>
<arg>DK</arg>
<arg>DM</arg>
<arg>DO</arg>
<arg>DZ</arg>
<arg>EC</arg>
<arg>EE</arg>
<arg>EG</arg>
<arg>EH</arg>
<arg>ER</arg>
<arg>ES</arg>
<arg>ET</arg>
<arg>FI</arg>
<arg>FJ</arg>
<arg>FK</arg>
<arg>FM</arg>
<arg>FO</arg>
<arg>FR</arg>
<arg>GA</arg>
<arg>GB</arg>
<arg>GD</arg>
<arg>GE</arg>
<arg>GF</arg>
<arg>GG</arg>
<arg>GH</arg>
<arg>GI</arg>
<arg>GL</arg>
<arg>GM</arg>
<arg>GN</arg>
<arg>GP</arg>
<arg>GQ</arg>
<arg>GR</arg>
<arg>GS</arg>
<arg>GT</arg>
<arg>GU</arg>
<arg>GW</arg>
<arg>GY</arg>
<arg>HK</arg>
<arg>HM</arg>
<arg>HN</arg>
<arg>HR</arg>
<arg>HT</arg>
<arg>HU</arg>
<arg>ID</arg>
<arg>IE</arg>
<arg>IL</arg>
<arg>IM</arg>
<arg>IN</arg>
<arg>IO</arg>
<arg>IQ</arg>
<arg>IR</arg>
<arg>IS</arg>
<arg>IT</arg>
<arg>JE</arg>
<arg>JM</arg>
<arg>JO</arg>
<arg>JP</arg>
<arg>KE</arg>
<arg>KG</arg>
<arg>KH</arg>
<arg>KI</arg>
<arg>KM</arg>
<arg>KN</arg>
<arg>KP</arg>
<arg>KR</arg>
<arg>KW</arg>
<arg>KY</arg>
<arg>KZ</arg>
<arg>LA</arg>
<arg>LB</arg>
<arg>LC</arg>
<arg>LI</arg>
<arg>LK</arg>
<arg>LR</arg>
<arg>LS</arg>
<arg>LT</arg>
<arg>LU</arg>
<arg>LV</arg>
<arg>LY</arg>
<arg>MA</arg>
<arg>MC</arg>
<arg>MD</arg>
<arg>ME</arg>
<arg>MF</arg>
<arg>MG</arg>
<arg>MH</arg>
<arg>MK</arg>
<arg>ML</arg>
<arg>MM</arg>
<arg>MN</arg>
<arg>MO</arg>
<arg>MP</arg>
<arg>MQ</arg>
<arg>MR</arg>
<arg>MS</arg>
<arg>MT</arg>
<arg>MU</arg>
<arg>MV</arg>
<arg>MW</arg>
<arg>MX</arg>
<arg>MY</arg>
<arg>MZ</arg>
<arg>NA</arg>
<arg>NC</arg>
<arg>NE</arg>
<arg>NF</arg>
<arg>NG</arg>
<arg>NI</arg>
<arg>NL</arg>
<arg>NO</arg>
<arg>NP</arg>
<arg>NR</arg>
<arg>NU</arg>
<arg>NZ</arg>
<arg>OM</arg>
<arg>PA</arg>
<arg>PE</arg>
<arg>PF</arg>
<arg>PG</arg>
<arg>PH</arg>
<arg>PK</arg>
<arg>PL</arg>
<arg>PM</arg>
<arg>PN</arg>
<arg>PR</arg>
<arg>PS</arg>
<arg>PT</arg>
<arg>PW</arg>
<arg>PY</arg>
<arg>QA</arg>
<arg>RE</arg>
<arg>RO</arg>
<arg>RS</arg>
<arg>RU</arg>
<arg>RW</arg>
<arg>SA</arg>
<arg>SB</arg>
<arg>SC</arg>
<arg>SD</arg>
<arg>SE</arg>
<arg>SG</arg>
<arg>SH</arg>
<arg>SI</arg>
<arg>SJ</arg>
<arg>SK</arg>
<arg>SL</arg>
<arg>SM</arg>
<arg>SN</arg>
<arg>SO</arg>
<arg>SR</arg>
<arg>SS</arg>
<arg>ST</arg>
<arg>SV</arg>
<arg>SX</arg>
<arg>SY</arg>
<arg>SZ</arg>
<arg>TC</arg>
<arg>TD</arg>
<arg>TF</arg>
<arg>TG</arg>
<arg>TH</arg>
<arg>TJ</arg>
<arg>TK</arg>
<arg>TL</arg>
<arg>TM</arg>
<arg>TN</arg>
<arg>TO</arg>
<arg>TR</arg>
<arg>TT</arg>
<arg>TV</arg>
<arg>TW</arg>
<arg>TZ</arg>
<arg>UA</arg>
<arg>UG</arg>
<arg>UM</arg>
<arg>US</arg>
<arg>UY</arg>
<arg>UZ</arg>
<arg>VA</arg>
<arg>VC</arg>
<arg>VE</arg>
<arg>VG</arg>
<arg>VI</arg>
<arg>VN</arg>
<arg>VU</arg>
<arg>WF</arg>
<arg>WS</arg>
<arg>XK</arg>
<arg>YE</arg>
<arg>YT</arg>
<arg>ZA</arg>
<arg>ZM</arg>
<arg>ZW</arg>
<doc>Returns a list containing given items.</doc>
<status status="PASS" start="2024-05-25T20:14:10.639844" elapsed="0.000623"/>
</kw>
<kw name="List Should Contain Value" owner="Collections">
<msg time="2024-05-25T20:14:10.641462" level="INFO">False</msg>
<arg>${list_country}</arg>
<arg>${name_country}</arg>
<doc>Fails if the ``value`` is not found from ``list``.</doc>
<status status="PASS" start="2024-05-25T20:14:10.641260" elapsed="0.000237"/>
</kw>
<kw name="Run Keyword If" owner="BuiltIn">
<kw name="Should Be True" owner="BuiltIn">
<arg>${True}</arg>
<doc>Fails if the given condition is not true.</doc>
<status status="PASS" start="2024-05-25T20:14:10.642593" elapsed="0.000145"/>
</kw>
<arg>${json_data["results"][0]["location"]["coordinates"]["latitude"]} &gt;= -90 and ${json_data["results"][0]["location"]["coordinates"]["latitude"]} &lt;= 90</arg>
<arg>Should Be True</arg>
<arg>${True}</arg>
<doc>Runs the given keyword with the given arguments, if ``condition`` is true.</doc>
<status status="PASS" start="2024-05-25T20:14:10.641810" elapsed="0.001053"/>
</kw>
<kw name="Run Keyword If" owner="BuiltIn">
<kw name="Should Be True" owner="BuiltIn">
<arg>${True}</arg>
<doc>Fails if the given condition is not true.</doc>
<status status="PASS" start="2024-05-25T20:14:10.643729" elapsed="0.000135"/>
</kw>
<arg>${json_data["results"][0]["location"]["coordinates"]["longitude"]} &gt;= -180 and ${json_data["results"][0]["location"]["coordinates"]["longitude"]} &lt;= 180</arg>
<arg>Should Be True</arg>
<arg>${True}</arg>
<doc>Runs the given keyword with the given arguments, if ``condition`` is true.</doc>
<status status="PASS" start="2024-05-25T20:14:10.643047" elapsed="0.000938"/>
</kw>
<status status="PASS" start="2024-05-25T20:14:10.501510" elapsed="0.142608"/>
</kw>
<doc>Testa o conteúdo específico dos campos retornados pela API.</doc>
<tag>testeConteudo</tag>
<status status="PASS" start="2024-05-25T20:14:10.500954" elapsed="0.143317"/>
</test>
<status status="PASS" start="2024-05-25T20:14:09.791338" elapsed="0.855018"/>
</suite>
<status status="PASS" start="2024-05-25T20:14:09.777578" elapsed="0.874156"/>
</suite>
<statistics>
<total>
<stat pass="5" fail="0" skip="0">All Tests</stat>
</total>
<tag>
<stat pass="1" fail="0" skip="0">testeConteudo</stat>
<stat pass="1" fail="0" skip="0">testeEstruturaResposta</stat>
<stat pass="1" fail="0" skip="0">testeRequisicaoBasica</stat>
<stat pass="1" fail="0" skip="0">testeTiposDados</stat>
</tag>
<suite>
<stat pass="5" fail="0" skip="0" id="s1" name="Tests">Tests</stat>
<stat pass="5" fail="0" skip="0" id="s1-s1" name="Random-User-Test">Tests.Random-User-Test</stat>
</suite>
</statistics>
<errors>
</errors>
</robot>
