<?xml version="1.0" encoding="UTF-8"?>
<robot generator="Robot 7.0 (Python 3.12.2 on linux)" generated="2024-04-06T02:19:11.163083" rpa="false" schemaversion="5">
<suite id="s1" name="Tests" source="/home/runner/work/DesafioQAItauRogerioJordao/DesafioQAItauRogerioJordao/RamdonUser/tests">
<suite id="s1-s1" name="Random-User-Test" source="/home/runner/work/DesafioQAItauRogerioJordao/DesafioQAItauRogerioJordao/RamdonUser/tests/random-user-test.robot">
<test id="s1-s1-t1" name="Conectar" line="13">
<kw name="Conectar API" owner="random-user-service">
<kw name="Create Session" owner="RequestsLibrary">
<msg time="2024-04-06T02:19:11.514800" level="INFO">Creating Session using : alias=consultarAPI, url=https://randomuser.me/, headers={},                     cookies={}, auth=None, timeout=None, proxies=None, verify=False,                     debug=0 </msg>
<arg>consultarAPI</arg>
<arg>${URL}</arg>
<doc>Create Session: create a HTTP session to a server</doc>
<status status="PASS" start="2024-04-06T02:19:11.514609" elapsed="0.000342"/>
</kw>
<status status="PASS" start="2024-04-06T02:19:11.513648" elapsed="0.001647"/>
</kw>
<status status="PASS" start="2024-04-06T02:19:11.513145" elapsed="0.002357"/>
</test>
<test id="s1-s1-t2" name="Validar retorno 200 e JSON Válido" line="16">
<kw name="Teste de Requisicao Basica" owner="random-user-service">
<kw name="GET On Session" owner="RequestsLibrary">
<msg time="2024-04-06T02:19:11.598572" level="INFO">GET Request : url=https://randomuser.me/api 
 path_url=/api 
 headers={'User-Agent': 'python-requests/2.31.0', 'Accept-Encoding': 'gzip, deflate', 'Accept': '*/*', 'Connection': 'keep-alive'} 
 body=None 
 </msg>
<msg time="2024-04-06T02:19:11.598699" level="INFO">GET Response : url=https://randomuser.me/api 
 status=200, reason=OK 
 headers={'Date': 'Sat, 06 Apr 2024 02:19:11 GMT', 'Content-Type': 'application/json; charset=utf-8', 'Transfer-Encoding': 'chunked', 'Connection': 'keep-alive', 'X-Powered-By': 'Express', 'Access-Control-Allow-Origin': '*', 'Cache-Control': 'no-cache', 'ETag': 'W/"487-aACxGk6VfkFKrZfesX3qC9KuIRA"', 'Vary': 'Accept-Encoding', 'Content-Encoding': 'gzip', 'CF-Cache-Status': 'DYNAMIC', 'Report-To': '{"endpoints":[{"url":"https:\\/\\/a.nel.cloudflare.com\\/report\\/v4?s=nCRopzsgTuFt2II5B4q7HGxcEHSoZ6bDospMP0Eovlw8VItyIZGPBxiPLW7SiVwvNcox%2FkpalXgXHGWOoTWETbd%2FgPG4n%2BMuptWoLc9R%2Fak70EVbj5%2FpBJDu2%2Bwut3LK"}],"group":"cf-nel","max_age":604800}', 'NEL': '{"success_fraction":0,"report_to":"cf-nel","max_age":604800}', 'Server': 'cloudflare', 'CF-RAY': '86fe4aa539cc397a-IAD', 'alt-svc': 'h3=":443"; ma=86400'} 
 body={"results":[{"gender":"male","name":{"title":"Mr","first":"Nicolas","last":"Roy"},"location":{"street":{"number":9679,"name":"Pine Rd"},"city":"Greenwood","state":"Prince Edward Island","country":"Canada","postcode":"C4J 8P2","coordinates":{"latitude":"-71.3859","longitude":"-60.3418"},"timezone":{"offset":"+2:00","description":"Kaliningrad, South Africa"}},"email":"nicolas.roy@example.com","login":{"uuid":"bc8fb6ba-67d5-4987-b34c-da35daa7e8f5","username":"crazysnake873","password":"caught","salt":"zD1uLGD7","md5":"70fe7dbb793c9fffc480c2eea9b0e961","sha1":"46de571ce5fd5cde91fa33d6c7ab5c4713eb291e","sha256":"b1dbf2514fd2e812ce9ca0663a57bd4ab42ed3088b54f3434435c84ca812b263"},"dob":{"date":"1980-06-06T03:02:59.346Z","age":43},"registered":{"date":"2006-10-21T02:33:02.142Z","age":17},"phone":"V66 M85-9339","cell":"G24 T78-4217","id":{"name":"SIN","value":"367356193"},"picture":{"large":"https://randomuser.me/api/portraits/men/34.jpg","medium":"https://randomuser.me/api/portraits/med/men/34.jpg","thumbnail":"https://randomuser.me/api/portraits/thumb/men/34.jpg"},"nat":"CA"}],"info":{"seed":"aa48fe427efb2eff","results":1,"page":1,"version":"1.4"}} 
 </msg>
<msg time="2024-04-06T02:19:11.598804" level="INFO">/opt/hostedtoolcache/Python/3.12.2/x64/lib/python3.12/site-packages/urllib3/connectionpool.py:1103: InsecureRequestWarning: Unverified HTTPS request is being made to host 'randomuser.me'. Adding certificate verification is strongly advised. See: https://urllib3.readthedocs.io/en/latest/advanced-usage.html#tls-warnings
  warnings.warn(</msg>
<msg time="2024-04-06T02:19:11.598925" level="INFO">${response} = &lt;Response [200]&gt;</msg>
<var>${response}</var>
<arg>consultarAPI</arg>
<arg>/api</arg>
<doc>Sends a GET request on a previously created HTTP Session.</doc>
<status status="PASS" start="2024-04-06T02:19:11.518096" elapsed="0.080864"/>
</kw>
<kw name="Should Be Equal As Numbers" owner="BuiltIn">
<msg time="2024-04-06T02:19:11.599753" level="INFO">Argument types are:
&lt;class 'int'&gt;
&lt;class 'str'&gt;</msg>
<arg>${response.status_code}</arg>
<arg>200</arg>
<doc>Fails if objects are unequal after converting them to real numbers.</doc>
<status status="PASS" start="2024-04-06T02:19:11.599363" elapsed="0.000457"/>
</kw>
<kw name="Log" owner="BuiltIn">
<msg time="2024-04-06T02:19:11.600521" level="INFO">200</msg>
<arg>${response.status_code}</arg>
<doc>Logs the given message with the given level.</doc>
<status status="PASS" start="2024-04-06T02:19:11.600139" elapsed="0.000427"/>
</kw>
<kw name="Set Variable" owner="BuiltIn">
<msg time="2024-04-06T02:19:11.601328" level="INFO">${json_data} = {'results': [{'gender': 'male', 'name': {'title': 'Mr', 'first': 'Nicolas', 'last': 'Roy'}, 'location': {'street': {'number': 9679, 'name': 'Pine Rd'}, 'city': 'Greenwood', 'state': 'Prince Edward Isl...</msg>
<var>${json_data}</var>
<arg>${response.json()}</arg>
<doc>Returns the given values which can then be assigned to a variables.</doc>
<status status="PASS" start="2024-04-06T02:19:11.600897" elapsed="0.000459"/>
</kw>
<kw name="Dictionary Should Contain Key" owner="Collections">
<msg time="2024-04-06T02:19:11.601822" level="INFO">False</msg>
<arg>${json_data}</arg>
<arg>results</arg>
<doc>Fails if ``key`` is not found from ``dictionary``.</doc>
<status status="PASS" start="2024-04-06T02:19:11.601660" elapsed="0.000201"/>
</kw>
<status status="PASS" start="2024-04-06T02:19:11.517845" elapsed="0.084272"/>
</kw>
<doc>Testa se a API responde corretamente e retorna um objeto JSON válido.</doc>
<tag>testeRequisicaoBasica</tag>
<status status="PASS" start="2024-04-06T02:19:11.517386" elapsed="0.084903"/>
</test>
<test id="s1-s1-t3" name="Validar estrutura de resposta" line="22">
<kw name="Teste de Estrutura de Resposta" owner="random-user-service">
<kw name="GET On Session" owner="RequestsLibrary">
<msg time="2024-04-06T02:19:11.946837" level="INFO">GET Request : url=https://randomuser.me/api 
 path_url=/api 
 headers={'User-Agent': 'python-requests/2.31.0', 'Accept-Encoding': 'gzip, deflate', 'Accept': '*/*', 'Connection': 'keep-alive'} 
 body=None 
 </msg>
<msg time="2024-04-06T02:19:11.946904" level="INFO">GET Response : url=https://randomuser.me/api 
 status=200, reason=OK 
 headers={'Date': 'Sat, 06 Apr 2024 02:19:11 GMT', 'Content-Type': 'application/json; charset=utf-8', 'Transfer-Encoding': 'chunked', 'Connection': 'keep-alive', 'X-Powered-By': 'Express', 'Access-Control-Allow-Origin': '*', 'Cache-Control': 'no-cache', 'ETag': 'W/"494-WEcZG0lQMs45mQEE0YUXIagM5ZU"', 'Vary': 'Accept-Encoding', 'Content-Encoding': 'gzip', 'CF-Cache-Status': 'DYNAMIC', 'Report-To': '{"endpoints":[{"url":"https:\\/\\/a.nel.cloudflare.com\\/report\\/v4?s=41HB1wyFAsNwI8x2tzTg0c9jYdK0yO8uW3IESMWJSXeIgruaz4Mr8cHn52F8Zf0m8qmmdF3GnEtseKaQccJVHR1CQfVaoolr3%2B6AMxBp3kb9JUmfzMWnCVz2Pgwsn6E8"}],"group":"cf-nel","max_age":604800}', 'NEL': '{"success_fraction":0,"report_to":"cf-nel","max_age":604800}', 'Server': 'cloudflare', 'CF-RAY': '86fe4aa58aaa397a-IAD', 'alt-svc': 'h3=":443"; ma=86400'} 
 body={"results":[{"gender":"female","name":{"title":"Mrs","first":"Geni","last":"Porto"},"location":{"street":{"number":8934,"name":"Rua Principal"},"city":"Atibaia","state":"Rio Grande do Sul","country":"Brazil","postcode":49145,"coordinates":{"latitude":"-77.6520","longitude":"106.3554"},"timezone":{"offset":"+7:00","description":"Bangkok, Hanoi, Jakarta"}},"email":"geni.porto@example.com","login":{"uuid":"5c7ce81c-64dd-4fb6-9970-7f885c55ec0d","username":"angryladybug988","password":"island","salt":"qZZ9SzwL","md5":"0fccdd11c32f9d78a8461d1397878b35","sha1":"ba96db2ae44635ee8efd80d3acdbae9ecbd92da4","sha256":"830d9f4289f7c2132b08688fb9f855c9dd6b2c623ec95d1bd9c9ee5ed3d6f820"},"dob":{"date":"1973-02-07T14:26:45.130Z","age":51},"registered":{"date":"2012-08-04T07:01:37.211Z","age":11},"phone":"(73) 3970-8712","cell":"(64) 9923-4821","id":{"name":"CPF","value":"003.941.947-59"},"picture":{"large":"https://randomuser.me/api/portraits/women/35.jpg","medium":"https://randomuser.me/api/portraits/med/women/35.jpg","thumbnail":"https://randomuser.me/api/portraits/thumb/women/35.jpg"},"nat":"BR"}],"info":{"seed":"4bc7b971f920955a","results":1,"page":1,"version":"1.4"}} 
 </msg>
<msg time="2024-04-06T02:19:11.947005" level="INFO">/opt/hostedtoolcache/Python/3.12.2/x64/lib/python3.12/site-packages/urllib3/connectionpool.py:1103: InsecureRequestWarning: Unverified HTTPS request is being made to host 'randomuser.me'. Adding certificate verification is strongly advised. See: https://urllib3.readthedocs.io/en/latest/advanced-usage.html#tls-warnings
  warnings.warn(</msg>
<msg time="2024-04-06T02:19:11.947098" level="INFO">${response} = &lt;Response [200]&gt;</msg>
<var>${response}</var>
<arg>consultarAPI</arg>
<arg>/api</arg>
<doc>Sends a GET request on a previously created HTTP Session.</doc>
<status status="PASS" start="2024-04-06T02:19:11.604995" elapsed="0.342136"/>
</kw>
<kw name="Set Variable" owner="BuiltIn">
<msg time="2024-04-06T02:19:11.947953" level="INFO">${json_data} = {'results': [{'gender': 'female', 'name': {'title': 'Mrs', 'first': 'Geni', 'last': 'Porto'}, 'location': {'street': {'number': 8934, 'name': 'Rua Principal'}, 'city': 'Atibaia', 'state': 'Rio Grande ...</msg>
<var>${json_data}</var>
<arg>${response.json()}</arg>
<doc>Returns the given values which can then be assigned to a variables.</doc>
<status status="PASS" start="2024-04-06T02:19:11.947514" elapsed="0.000467"/>
</kw>
<kw name="Log" owner="BuiltIn">
<msg time="2024-04-06T02:19:11.948443" level="INFO">{'results': [{'gender': 'female', 'name': {'title': 'Mrs', 'first': 'Geni', 'last': 'Porto'}, 'location': {'street': {'number': 8934, 'name': 'Rua Principal'}, 'city': 'Atibaia', 'state': 'Rio Grande do Sul', 'country': 'Brazil', 'postcode': 49145, 'coordinates': {'latitude': '-77.6520', 'longitude': '106.3554'}, 'timezone': {'offset': '+7:00', 'description': 'Bangkok, Hanoi, Jakarta'}}, 'email': 'geni.porto@example.com', 'login': {'uuid': '5c7ce81c-64dd-4fb6-9970-7f885c55ec0d', 'username': 'angryladybug988', 'password': 'island', 'salt': 'qZZ9SzwL', 'md5': '0fccdd11c32f9d78a8461d1397878b35', 'sha1': 'ba96db2ae44635ee8efd80d3acdbae9ecbd92da4', 'sha256': '830d9f4289f7c2132b08688fb9f855c9dd6b2c623ec95d1bd9c9ee5ed3d6f820'}, 'dob': {'date': '1973-02-07T14:26:45.130Z', 'age': 51}, 'registered': {'date': '2012-08-04T07:01:37.211Z', 'age': 11}, 'phone': '(73) 3970-8712', 'cell': '(64) 9923-4821', 'id': {'name': 'CPF', 'value': '003.941.947-59'}, 'picture': {'large': 'https://randomuser.me/api/portraits/women/35.jpg', 'medium': 'https://randomuser.me/api/portraits/med/women/35.jpg', 'thumbnail': 'https://randomuser.me/api/portraits/thumb/women/35.jpg'}, 'nat': 'BR'}], 'info': {'seed': '4bc7b971f920955a', 'results': 1, 'page': 1, 'version': '1.4'}}</msg>
<arg>${json_data}</arg>
<doc>Logs the given message with the given level.</doc>
<status status="PASS" start="2024-04-06T02:19:11.948286" elapsed="0.000256"/>
</kw>
<kw name="Dictionary Should Contain Key" owner="Collections">
<msg time="2024-04-06T02:19:11.949021" level="INFO">False</msg>
<arg>${json_data}</arg>
<arg>results</arg>
<doc>Fails if ``key`` is not found from ``dictionary``.</doc>
<status status="PASS" start="2024-04-06T02:19:11.948868" elapsed="0.000190"/>
</kw>
<kw name="Should Not Be Empty" owner="BuiltIn">
<msg time="2024-04-06T02:19:11.949481" level="INFO">Length is 2.</msg>
<arg>${json_data}</arg>
<doc>Verifies that the given item is not empty.</doc>
<status status="PASS" start="2024-04-06T02:19:11.949351" elapsed="0.000168"/>
</kw>
<kw name="Create List" owner="BuiltIn">
<msg time="2024-04-06T02:19:11.949956" level="INFO">${expected_keys} = ['gender', 'name', 'location', 'email', 'login']</msg>
<var>${expected_keys}</var>
<arg>gender</arg>
<arg>name</arg>
<arg>location</arg>
<arg>email</arg>
<arg>login</arg>
<doc>Returns a list containing given items.</doc>
<status status="PASS" start="2024-04-06T02:19:11.949805" elapsed="0.000175"/>
</kw>
<for flavor="IN">
<iter>
<kw name="Dictionary Should Contain Key" owner="Collections">
<msg time="2024-04-06T02:19:11.950912" level="INFO">False</msg>
<arg>${json_data['results'][0]}</arg>
<arg>${key}</arg>
<doc>Fails if ``key`` is not found from ``dictionary``.</doc>
<status status="PASS" start="2024-04-06T02:19:11.950522" elapsed="0.000429"/>
</kw>
<kw name="Log" owner="BuiltIn">
<msg time="2024-04-06T02:19:11.951632" level="INFO">{'gender': 'female', 'name': {'title': 'Mrs', 'first': 'Geni', 'last': 'Porto'}, 'location': {'street': {'number': 8934, 'name': 'Rua Principal'}, 'city': 'Atibaia', 'state': 'Rio Grande do Sul', 'country': 'Brazil', 'postcode': 49145, 'coordinates': {'latitude': '-77.6520', 'longitude': '106.3554'}, 'timezone': {'offset': '+7:00', 'description': 'Bangkok, Hanoi, Jakarta'}}, 'email': 'geni.porto@example.com', 'login': {'uuid': '5c7ce81c-64dd-4fb6-9970-7f885c55ec0d', 'username': 'angryladybug988', 'password': 'island', 'salt': 'qZZ9SzwL', 'md5': '0fccdd11c32f9d78a8461d1397878b35', 'sha1': 'ba96db2ae44635ee8efd80d3acdbae9ecbd92da4', 'sha256': '830d9f4289f7c2132b08688fb9f855c9dd6b2c623ec95d1bd9c9ee5ed3d6f820'}, 'dob': {'date': '1973-02-07T14:26:45.130Z', 'age': 51}, 'registered': {'date': '2012-08-04T07:01:37.211Z', 'age': 11}, 'phone': '(73) 3970-8712', 'cell': '(64) 9923-4821', 'id': {'name': 'CPF', 'value': '003.941.947-59'}, 'picture': {'large': 'https://randomuser.me/api/portraits/women/35.jpg', 'medium': 'https://randomuser.me/api/portraits/med/women/35.jpg', 'thumbnail': 'https://randomuser.me/api/portraits/thumb/women/35.jpg'}, 'nat': 'BR'}</msg>
<arg>${json_data['results'][0]}</arg>
<doc>Logs the given message with the given level.</doc>
<status status="PASS" start="2024-04-06T02:19:11.951260" elapsed="0.000421"/>
</kw>
<kw name="Log" owner="BuiltIn">
<msg time="2024-04-06T02:19:11.952106" level="INFO">gender</msg>
<arg>${key}</arg>
<doc>Logs the given message with the given level.</doc>
<status status="PASS" start="2024-04-06T02:19:11.951978" elapsed="0.000166"/>
</kw>
<var name="${key}">gender</var>
<status status="PASS" start="2024-04-06T02:19:11.950401" elapsed="0.001964"/>
</iter>
<iter>
<kw name="Dictionary Should Contain Key" owner="Collections">
<msg time="2024-04-06T02:19:11.953096" level="INFO">False</msg>
<arg>${json_data['results'][0]}</arg>
<arg>${key}</arg>
<doc>Fails if ``key`` is not found from ``dictionary``.</doc>
<status status="PASS" start="2024-04-06T02:19:11.952707" elapsed="0.000426"/>
</kw>
<kw name="Log" owner="BuiltIn">
<msg time="2024-04-06T02:19:11.953835" level="INFO">{'gender': 'female', 'name': {'title': 'Mrs', 'first': 'Geni', 'last': 'Porto'}, 'location': {'street': {'number': 8934, 'name': 'Rua Principal'}, 'city': 'Atibaia', 'state': 'Rio Grande do Sul', 'country': 'Brazil', 'postcode': 49145, 'coordinates': {'latitude': '-77.6520', 'longitude': '106.3554'}, 'timezone': {'offset': '+7:00', 'description': 'Bangkok, Hanoi, Jakarta'}}, 'email': 'geni.porto@example.com', 'login': {'uuid': '5c7ce81c-64dd-4fb6-9970-7f885c55ec0d', 'username': 'angryladybug988', 'password': 'island', 'salt': 'qZZ9SzwL', 'md5': '0fccdd11c32f9d78a8461d1397878b35', 'sha1': 'ba96db2ae44635ee8efd80d3acdbae9ecbd92da4', 'sha256': '830d9f4289f7c2132b08688fb9f855c9dd6b2c623ec95d1bd9c9ee5ed3d6f820'}, 'dob': {'date': '1973-02-07T14:26:45.130Z', 'age': 51}, 'registered': {'date': '2012-08-04T07:01:37.211Z', 'age': 11}, 'phone': '(73) 3970-8712', 'cell': '(64) 9923-4821', 'id': {'name': 'CPF', 'value': '003.941.947-59'}, 'picture': {'large': 'https://randomuser.me/api/portraits/women/35.jpg', 'medium': 'https://randomuser.me/api/portraits/med/women/35.jpg', 'thumbnail': 'https://randomuser.me/api/portraits/thumb/women/35.jpg'}, 'nat': 'BR'}</msg>
<arg>${json_data['results'][0]}</arg>
<doc>Logs the given message with the given level.</doc>
<status status="PASS" start="2024-04-06T02:19:11.953474" elapsed="0.000407"/>
</kw>
<kw name="Log" owner="BuiltIn">
<msg time="2024-04-06T02:19:11.954304" level="INFO">name</msg>
<arg>${key}</arg>
<doc>Logs the given message with the given level.</doc>
<status status="PASS" start="2024-04-06T02:19:11.954176" elapsed="0.000165"/>
</kw>
<var name="${key}">name</var>
<status status="PASS" start="2024-04-06T02:19:11.952590" elapsed="0.001967"/>
</iter>
<iter>
<kw name="Dictionary Should Contain Key" owner="Collections">
<msg time="2024-04-06T02:19:11.955226" level="INFO">False</msg>
<arg>${json_data['results'][0]}</arg>
<arg>${key}</arg>
<doc>Fails if ``key`` is not found from ``dictionary``.</doc>
<status status="PASS" start="2024-04-06T02:19:11.954846" elapsed="0.000418"/>
</kw>
<kw name="Log" owner="BuiltIn">
<msg time="2024-04-06T02:19:11.955918" level="INFO">{'gender': 'female', 'name': {'title': 'Mrs', 'first': 'Geni', 'last': 'Porto'}, 'location': {'street': {'number': 8934, 'name': 'Rua Principal'}, 'city': 'Atibaia', 'state': 'Rio Grande do Sul', 'country': 'Brazil', 'postcode': 49145, 'coordinates': {'latitude': '-77.6520', 'longitude': '106.3554'}, 'timezone': {'offset': '+7:00', 'description': 'Bangkok, Hanoi, Jakarta'}}, 'email': 'geni.porto@example.com', 'login': {'uuid': '5c7ce81c-64dd-4fb6-9970-7f885c55ec0d', 'username': 'angryladybug988', 'password': 'island', 'salt': 'qZZ9SzwL', 'md5': '0fccdd11c32f9d78a8461d1397878b35', 'sha1': 'ba96db2ae44635ee8efd80d3acdbae9ecbd92da4', 'sha256': '830d9f4289f7c2132b08688fb9f855c9dd6b2c623ec95d1bd9c9ee5ed3d6f820'}, 'dob': {'date': '1973-02-07T14:26:45.130Z', 'age': 51}, 'registered': {'date': '2012-08-04T07:01:37.211Z', 'age': 11}, 'phone': '(73) 3970-8712', 'cell': '(64) 9923-4821', 'id': {'name': 'CPF', 'value': '003.941.947-59'}, 'picture': {'large': 'https://randomuser.me/api/portraits/women/35.jpg', 'medium': 'https://randomuser.me/api/portraits/med/women/35.jpg', 'thumbnail': 'https://randomuser.me/api/portraits/thumb/women/35.jpg'}, 'nat': 'BR'}</msg>
<arg>${json_data['results'][0]}</arg>
<doc>Logs the given message with the given level.</doc>
<status status="PASS" start="2024-04-06T02:19:11.955563" elapsed="0.000406"/>
</kw>
<kw name="Log" owner="BuiltIn">
<msg time="2024-04-06T02:19:11.956385" level="INFO">location</msg>
<arg>${key}</arg>
<doc>Logs the given message with the given level.</doc>
<status status="PASS" start="2024-04-06T02:19:11.956261" elapsed="0.000161"/>
</kw>
<var name="${key}">location</var>
<status status="PASS" start="2024-04-06T02:19:11.954734" elapsed="0.001948"/>
</iter>
<iter>
<kw name="Dictionary Should Contain Key" owner="Collections">
<msg time="2024-04-06T02:19:11.957334" level="INFO">False</msg>
<arg>${json_data['results'][0]}</arg>
<arg>${key}</arg>
<doc>Fails if ``key`` is not found from ``dictionary``.</doc>
<status status="PASS" start="2024-04-06T02:19:11.956965" elapsed="0.000406"/>
</kw>
<kw name="Log" owner="BuiltIn">
<msg time="2024-04-06T02:19:11.958026" level="INFO">{'gender': 'female', 'name': {'title': 'Mrs', 'first': 'Geni', 'last': 'Porto'}, 'location': {'street': {'number': 8934, 'name': 'Rua Principal'}, 'city': 'Atibaia', 'state': 'Rio Grande do Sul', 'country': 'Brazil', 'postcode': 49145, 'coordinates': {'latitude': '-77.6520', 'longitude': '106.3554'}, 'timezone': {'offset': '+7:00', 'description': 'Bangkok, Hanoi, Jakarta'}}, 'email': 'geni.porto@example.com', 'login': {'uuid': '5c7ce81c-64dd-4fb6-9970-7f885c55ec0d', 'username': 'angryladybug988', 'password': 'island', 'salt': 'qZZ9SzwL', 'md5': '0fccdd11c32f9d78a8461d1397878b35', 'sha1': 'ba96db2ae44635ee8efd80d3acdbae9ecbd92da4', 'sha256': '830d9f4289f7c2132b08688fb9f855c9dd6b2c623ec95d1bd9c9ee5ed3d6f820'}, 'dob': {'date': '1973-02-07T14:26:45.130Z', 'age': 51}, 'registered': {'date': '2012-08-04T07:01:37.211Z', 'age': 11}, 'phone': '(73) 3970-8712', 'cell': '(64) 9923-4821', 'id': {'name': 'CPF', 'value': '003.941.947-59'}, 'picture': {'large': 'https://randomuser.me/api/portraits/women/35.jpg', 'medium': 'https://randomuser.me/api/portraits/med/women/35.jpg', 'thumbnail': 'https://randomuser.me/api/portraits/thumb/women/35.jpg'}, 'nat': 'BR'}</msg>
<arg>${json_data['results'][0]}</arg>
<doc>Logs the given message with the given level.</doc>
<status status="PASS" start="2024-04-06T02:19:11.957666" elapsed="0.000407"/>
</kw>
<kw name="Log" owner="BuiltIn">
<msg time="2024-04-06T02:19:11.958490" level="INFO">email</msg>
<arg>${key}</arg>
<doc>Logs the given message with the given level.</doc>
<status status="PASS" start="2024-04-06T02:19:11.958363" elapsed="0.000164"/>
</kw>
<var name="${key}">email</var>
<status status="PASS" start="2024-04-06T02:19:11.956854" elapsed="0.001887"/>
</iter>
<iter>
<kw name="Dictionary Should Contain Key" owner="Collections">
<msg time="2024-04-06T02:19:11.959403" level="INFO">False</msg>
<arg>${json_data['results'][0]}</arg>
<arg>${key}</arg>
<doc>Fails if ``key`` is not found from ``dictionary``.</doc>
<status status="PASS" start="2024-04-06T02:19:11.959024" elapsed="0.000415"/>
</kw>
<kw name="Log" owner="BuiltIn">
<msg time="2024-04-06T02:19:11.960089" level="INFO">{'gender': 'female', 'name': {'title': 'Mrs', 'first': 'Geni', 'last': 'Porto'}, 'location': {'street': {'number': 8934, 'name': 'Rua Principal'}, 'city': 'Atibaia', 'state': 'Rio Grande do Sul', 'country': 'Brazil', 'postcode': 49145, 'coordinates': {'latitude': '-77.6520', 'longitude': '106.3554'}, 'timezone': {'offset': '+7:00', 'description': 'Bangkok, Hanoi, Jakarta'}}, 'email': 'geni.porto@example.com', 'login': {'uuid': '5c7ce81c-64dd-4fb6-9970-7f885c55ec0d', 'username': 'angryladybug988', 'password': 'island', 'salt': 'qZZ9SzwL', 'md5': '0fccdd11c32f9d78a8461d1397878b35', 'sha1': 'ba96db2ae44635ee8efd80d3acdbae9ecbd92da4', 'sha256': '830d9f4289f7c2132b08688fb9f855c9dd6b2c623ec95d1bd9c9ee5ed3d6f820'}, 'dob': {'date': '1973-02-07T14:26:45.130Z', 'age': 51}, 'registered': {'date': '2012-08-04T07:01:37.211Z', 'age': 11}, 'phone': '(73) 3970-8712', 'cell': '(64) 9923-4821', 'id': {'name': 'CPF', 'value': '003.941.947-59'}, 'picture': {'large': 'https://randomuser.me/api/portraits/women/35.jpg', 'medium': 'https://randomuser.me/api/portraits/med/women/35.jpg', 'thumbnail': 'https://randomuser.me/api/portraits/thumb/women/35.jpg'}, 'nat': 'BR'}</msg>
<arg>${json_data['results'][0]}</arg>
<doc>Logs the given message with the given level.</doc>
<status status="PASS" start="2024-04-06T02:19:11.959732" elapsed="0.000403"/>
</kw>
<kw name="Log" owner="BuiltIn">
<msg time="2024-04-06T02:19:11.960599" level="INFO">login</msg>
<arg>${key}</arg>
<doc>Logs the given message with the given level.</doc>
<status status="PASS" start="2024-04-06T02:19:11.960431" elapsed="0.000310"/>
</kw>
<var name="${key}">login</var>
<status status="PASS" start="2024-04-06T02:19:11.958913" elapsed="0.002082"/>
</iter>
<var>${key}</var>
<value>@{expected_keys}</value>
<status status="PASS" start="2024-04-06T02:19:11.950227" elapsed="0.010896"/>
</for>
<kw name="Create List" owner="BuiltIn">
<msg time="2024-04-06T02:19:11.961449" level="INFO">${expected_keysTwo} = ['username', 'password']</msg>
<var>${expected_keysTwo}</var>
<arg>username</arg>
<arg>password</arg>
<doc>Returns a list containing given items.</doc>
<status status="PASS" start="2024-04-06T02:19:11.961313" elapsed="0.000160"/>
</kw>
<for flavor="IN">
<iter>
<kw name="Dictionary Should Contain Key" owner="Collections">
<msg time="2024-04-06T02:19:11.962341" level="INFO">False</msg>
<arg>${json_data['results'][0]['login']}</arg>
<arg>${keyTwo}</arg>
<doc>Fails if ``key`` is not found from ``dictionary``.</doc>
<status status="PASS" start="2024-04-06T02:19:11.961965" elapsed="0.000413"/>
</kw>
<kw name="Dictionary Should Contain Key" owner="Collections">
<msg time="2024-04-06T02:19:11.963055" level="INFO">False</msg>
<arg>${json_data['results'][0]['login']}</arg>
<arg>${keyTwo}</arg>
<doc>Fails if ``key`` is not found from ``dictionary``.</doc>
<status status="PASS" start="2024-04-06T02:19:11.962672" elapsed="0.000419"/>
</kw>
<kw name="Log" owner="BuiltIn">
<msg time="2024-04-06T02:19:11.963512" level="INFO">username</msg>
<arg>${keyTwo}</arg>
<doc>Logs the given message with the given level.</doc>
<status status="PASS" start="2024-04-06T02:19:11.963385" elapsed="0.000163"/>
</kw>
<var name="${keyTwo}">username</var>
<status status="PASS" start="2024-04-06T02:19:11.961858" elapsed="0.001903"/>
</iter>
<iter>
<kw name="Dictionary Should Contain Key" owner="Collections">
<msg time="2024-04-06T02:19:11.964416" level="INFO">False</msg>
<arg>${json_data['results'][0]['login']}</arg>
<arg>${keyTwo}</arg>
<doc>Fails if ``key`` is not found from ``dictionary``.</doc>
<status status="PASS" start="2024-04-06T02:19:11.964039" elapsed="0.000415"/>
</kw>
<kw name="Dictionary Should Contain Key" owner="Collections">
<msg time="2024-04-06T02:19:11.965149" level="INFO">False</msg>
<arg>${json_data['results'][0]['login']}</arg>
<arg>${keyTwo}</arg>
<doc>Fails if ``key`` is not found from ``dictionary``.</doc>
<status status="PASS" start="2024-04-06T02:19:11.964777" elapsed="0.000409"/>
</kw>
<kw name="Log" owner="BuiltIn">
<msg time="2024-04-06T02:19:11.965603" level="INFO">password</msg>
<arg>${keyTwo}</arg>
<doc>Logs the given message with the given level.</doc>
<status status="PASS" start="2024-04-06T02:19:11.965477" elapsed="0.000164"/>
</kw>
<var name="${keyTwo}">password</var>
<status status="PASS" start="2024-04-06T02:19:11.963931" elapsed="0.001923"/>
</iter>
<var>${keyTwo}</var>
<value>@{expected_keysTwo}</value>
<status status="PASS" start="2024-04-06T02:19:11.961710" elapsed="0.004264"/>
</for>
<status status="PASS" start="2024-04-06T02:19:11.604763" elapsed="0.361350"/>
</kw>
<doc>Testa a estrutura da resposta da API.</doc>
<tag>testeEstruturaResposta</tag>
<status status="PASS" start="2024-04-06T02:19:11.604105" elapsed="0.362157"/>
</test>
<test id="s1-s1-t4" name="Validar tipos de dados" line="28">
<kw name="Teste de Tipos de Dados" owner="random-user-service">
<kw name="GET On Session" owner="RequestsLibrary">
<msg time="2024-04-06T02:19:12.002595" level="INFO">GET Request : url=https://randomuser.me/api 
 path_url=/api 
 headers={'User-Agent': 'python-requests/2.31.0', 'Accept-Encoding': 'gzip, deflate', 'Accept': '*/*', 'Connection': 'keep-alive'} 
 body=None 
 </msg>
<msg time="2024-04-06T02:19:12.002655" level="INFO">GET Response : url=https://randomuser.me/api 
 status=200, reason=OK 
 headers={'Date': 'Sat, 06 Apr 2024 02:19:11 GMT', 'Content-Type': 'application/json; charset=utf-8', 'Transfer-Encoding': 'chunked', 'Connection': 'keep-alive', 'X-Powered-By': 'Express', 'Access-Control-Allow-Origin': '*', 'Cache-Control': 'no-cache', 'ETag': 'W/"486-7biZ6quv9sVoxa4j22ut1yJpmHc"', 'Vary': 'Accept-Encoding', 'Content-Encoding': 'gzip', 'CF-Cache-Status': 'DYNAMIC', 'Report-To': '{"endpoints":[{"url":"https:\\/\\/a.nel.cloudflare.com\\/report\\/v4?s=XLd0zJUnfHc7A4lgSC5xUqUh03RPeTnatyv7CPG901TdPTw8qA5uQMOV2dAADI5h3KIvJeZhbxQcUwAbapWHpxe9hKx%2BzS5I2es70OfO9RmJaqKf79%2BkBB9fbF195QAb"}],"group":"cf-nel","max_age":604800}', 'NEL': '{"success_fraction":0,"report_to":"cf-nel","max_age":604800}', 'Server': 'cloudflare', 'CF-RAY': '86fe4aa7de83397a-IAD', 'alt-svc': 'h3=":443"; ma=86400'} 
 body={"results":[{"gender":"male","name":{"title":"Mr","first":"Snovid","last":"Zabrodskiy"},"location":{"street":{"number":3992,"name":"5-ta liniya"},"city":"Kerch","state":"Odeska","country":"Ukraine","postcode":93566,"coordinates":{"latitude":"73.5929","longitude":"-34.8237"},"timezone":{"offset":"+9:00","description":"Tokyo, Seoul, Osaka, Sapporo, Yakutsk"}},"email":"snovid.zabrodskiy@example.com","login":{"uuid":"d5e6869e-88b3-4f84-9001-298793cc9135","username":"angrybird236","password":"646464","salt":"HITl9IpJ","md5":"f0ed03a597c5fda2d43084fa8d6aeada","sha1":"ac12f8ed9b9a29480b6f2f614b3058513252111c","sha256":"1e3dffa7954eabef116e84a2b117d835693b6f6664718d21f4801099b89cfbef"},"dob":{"date":"1977-06-29T20:21:08.856Z","age":46},"registered":{"date":"2012-08-28T14:46:42.152Z","age":11},"phone":"(096) F77-5013","cell":"(096) G02-0747","id":{"name":"","value":null},"picture":{"large":"https://randomuser.me/api/portraits/men/47.jpg","medium":"https://randomuser.me/api/portraits/med/men/47.jpg","thumbnail":"https://randomuser.me/api/portraits/thumb/men/47.jpg"},"nat":"UA"}],"info":{"seed":"420a514b30fc3f47","results":1,"page":1,"version":"1.4"}} 
 </msg>
<msg time="2024-04-06T02:19:12.002707" level="INFO">/opt/hostedtoolcache/Python/3.12.2/x64/lib/python3.12/site-packages/urllib3/connectionpool.py:1103: InsecureRequestWarning: Unverified HTTPS request is being made to host 'randomuser.me'. Adding certificate verification is strongly advised. See: https://urllib3.readthedocs.io/en/latest/advanced-usage.html#tls-warnings
  warnings.warn(</msg>
<msg time="2024-04-06T02:19:12.002789" level="INFO">${response} = &lt;Response [200]&gt;</msg>
<var>${response}</var>
<arg>consultarAPI</arg>
<arg>/api</arg>
<doc>Sends a GET request on a previously created HTTP Session.</doc>
<status status="PASS" start="2024-04-06T02:19:11.968638" elapsed="0.034175"/>
</kw>
<kw name="Set Variable" owner="BuiltIn">
<msg time="2024-04-06T02:19:12.003632" level="INFO">${json_data} = {'results': [{'gender': 'male', 'name': {'title': 'Mr', 'first': 'Snovid', 'last': 'Zabrodskiy'}, 'location': {'street': {'number': 3992, 'name': '5-ta liniya'}, 'city': 'Kerch', 'state': 'Odeska', 'c...</msg>
<var>${json_data}</var>
<arg>${response.json()}</arg>
<doc>Returns the given values which can then be assigned to a variables.</doc>
<status status="PASS" start="2024-04-06T02:19:12.003194" elapsed="0.000466"/>
</kw>
<kw name="Log" owner="BuiltIn">
<msg time="2024-04-06T02:19:12.004117" level="INFO">{'results': [{'gender': 'male', 'name': {'title': 'Mr', 'first': 'Snovid', 'last': 'Zabrodskiy'}, 'location': {'street': {'number': 3992, 'name': '5-ta liniya'}, 'city': 'Kerch', 'state': 'Odeska', 'country': 'Ukraine', 'postcode': 93566, 'coordinates': {'latitude': '73.5929', 'longitude': '-34.8237'}, 'timezone': {'offset': '+9:00', 'description': 'Tokyo, Seoul, Osaka, Sapporo, Yakutsk'}}, 'email': 'snovid.zabrodskiy@example.com', 'login': {'uuid': 'd5e6869e-88b3-4f84-9001-298793cc9135', 'username': 'angrybird236', 'password': '646464', 'salt': 'HITl9IpJ', 'md5': 'f0ed03a597c5fda2d43084fa8d6aeada', 'sha1': 'ac12f8ed9b9a29480b6f2f614b3058513252111c', 'sha256': '1e3dffa7954eabef116e84a2b117d835693b6f6664718d21f4801099b89cfbef'}, 'dob': {'date': '1977-06-29T20:21:08.856Z', 'age': 46}, 'registered': {'date': '2012-08-28T14:46:42.152Z', 'age': 11}, 'phone': '(096) F77-5013', 'cell': '(096) G02-0747', 'id': {'name': '', 'value': None}, 'picture': {'large': 'https://randomuser.me/api/portraits/men/47.jpg', 'medium': 'https://randomuser.me/api/portraits/med/men/47.jpg', 'thumbnail': 'https://randomuser.me/api/portraits/thumb/men/47.jpg'}, 'nat': 'UA'}], 'info': {'seed': '420a514b30fc3f47', 'results': 1, 'page': 1, 'version': '1.4'}}</msg>
<arg>${json_data}</arg>
<doc>Logs the given message with the given level.</doc>
<status status="PASS" start="2024-04-06T02:19:12.003965" elapsed="0.000235"/>
</kw>
<kw name="Should Be String" owner="String">
<arg>${json_data['results'][0]['gender']}</arg>
<doc>Fails if the given ``item`` is not a string.</doc>
<status status="PASS" start="2024-04-06T02:19:12.004523" elapsed="0.000360"/>
</kw>
<kw name="Should Match Regexp" owner="BuiltIn">
<arg>${json_data['results'][0]['email']}</arg>
<arg>^[a-zA-Z0-9._%+-]+@[a-zA-Z0-9.-]+\.[a-zA-Z]{2,}$</arg>
<doc>Fails if ``string`` does not match ``pattern`` as a regular expression.</doc>
<status status="PASS" start="2024-04-06T02:19:12.005073" elapsed="0.000489"/>
</kw>
<kw name="Should Match Regexp" owner="BuiltIn">
<arg>${json_data['results'][0]['dob']['date']}</arg>
<arg>\\d{4}-\\d{2}-\\d{2}T\\d{2}:\\d{2}:\\d{2}\\.\\d{3}Z</arg>
<doc>Fails if ``string`` does not match ``pattern`` as a regular expression.</doc>
<status status="PASS" start="2024-04-06T02:19:12.005762" elapsed="0.000476"/>
</kw>
<kw name="Should Match Regexp" owner="BuiltIn">
<arg>${json_data['results'][0]['registered']['date']}</arg>
<arg>\\d{4}-\\d{2}-\\d{2}T\\d{2}:\\d{2}:\\d{2}\\.\\d{3}Z</arg>
<doc>Fails if ``string`` does not match ``pattern`` as a regular expression.</doc>
<status status="PASS" start="2024-04-06T02:19:12.006428" elapsed="0.000364"/>
</kw>
<kw name="Should Match Regexp" owner="BuiltIn">
<arg>${json_data['results'][0]['picture']['large']}</arg>
<arg>^https?://.*\.(?:png|jpe?g|gif|bmp)$</arg>
<doc>Fails if ``string`` does not match ``pattern`` as a regular expression.</doc>
<status status="PASS" start="2024-04-06T02:19:12.006978" elapsed="0.000453"/>
</kw>
<kw name="Should Match Regexp" owner="BuiltIn">
<arg>${json_data['results'][0]['picture']['medium']}</arg>
<arg>^https?://.*\.(?:png|jpe?g|gif|bmp)$</arg>
<doc>Fails if ``string`` does not match ``pattern`` as a regular expression.</doc>
<status status="PASS" start="2024-04-06T02:19:12.007625" elapsed="0.000354"/>
</kw>
<kw name="Should Match Regexp" owner="BuiltIn">
<arg>${json_data['results'][0]['picture']['thumbnail']}</arg>
<arg>^https?://.*\.(?:png|jpe?g|gif|bmp)$</arg>
<doc>Fails if ``string`` does not match ``pattern`` as a regular expression.</doc>
<status status="PASS" start="2024-04-06T02:19:12.008165" elapsed="0.000367"/>
</kw>
<kw name="Log" owner="BuiltIn">
<msg time="2024-04-06T02:19:12.009056" level="INFO">{'large': 'https://randomuser.me/api/portraits/men/47.jpg', 'medium': 'https://randomuser.me/api/portraits/med/men/47.jpg', 'thumbnail': 'https://randomuser.me/api/portraits/thumb/men/47.jpg'}</msg>
<arg>${json_data['results'][0]['picture']}</arg>
<doc>Logs the given message with the given level.</doc>
<status status="PASS" start="2024-04-06T02:19:12.008725" elapsed="0.000373"/>
</kw>
<status status="PASS" start="2024-04-06T02:19:11.968372" elapsed="0.040978"/>
</kw>
<kw name="Teste de Tipos de Dados - Postcode" owner="random-user-service">
<kw name="GET On Session" owner="RequestsLibrary">
<msg time="2024-04-06T02:19:12.105034" level="INFO">GET Request : url=https://randomuser.me/api 
 path_url=/api 
 headers={'User-Agent': 'python-requests/2.31.0', 'Accept-Encoding': 'gzip, deflate', 'Accept': '*/*', 'Connection': 'keep-alive'} 
 body=None 
 </msg>
<msg time="2024-04-06T02:19:12.105118" level="INFO">GET Response : url=https://randomuser.me/api 
 status=200, reason=OK 
 headers={'Date': 'Sat, 06 Apr 2024 02:19:12 GMT', 'Content-Type': 'application/json; charset=utf-8', 'Transfer-Encoding': 'chunked', 'Connection': 'keep-alive', 'X-Powered-By': 'Express', 'Access-Control-Allow-Origin': '*', 'Cache-Control': 'no-cache', 'ETag': 'W/"498-AD+zBkhC3FcZOo2RXlrLjBO0EHM"', 'Vary': 'Accept-Encoding', 'Content-Encoding': 'gzip', 'CF-Cache-Status': 'DYNAMIC', 'Report-To': '{"endpoints":[{"url":"https:\\/\\/a.nel.cloudflare.com\\/report\\/v4?s=LuTth%2BR5%2BqjWvkzrNIyRQ6F2S9le9ZSUpovISQkUV%2BdZJBYfi5LodbCOH7joZL3xa6JWQR4EyVxvT%2FEUFj7YXpfJBv6ZPT6uqMKyeKxLo%2F9voiYeH8Q%2Fy6gfNoahw0YL"}],"group":"cf-nel","max_age":604800}', 'NEL': '{"success_fraction":0,"report_to":"cf-nel","max_age":604800}', 'Server': 'cloudflare', 'CF-RAY': '86fe4aa81ed9397a-IAD', 'alt-svc': 'h3=":443"; ma=86400'} 
 body={"results":[{"gender":"male","name":{"title":"Mr","first":"Lee","last":"Reynolds"},"location":{"street":{"number":6360,"name":"Oak Lawn Ave"},"city":"Darwin","state":"Northern Territory","country":"Australia","postcode":4632,"coordinates":{"latitude":"-86.7401","longitude":"-109.2309"},"timezone":{"offset":"+3:00","description":"Baghdad, Riyadh, Moscow, St. Petersburg"}},"email":"lee.reynolds@example.com","login":{"uuid":"9b8a9450-cc7a-4ab9-9957-dab8d542295e","username":"goldenladybug833","password":"martin","salt":"XWCOPRJf","md5":"7c93858ab076c17eb2bd341ec8b8630a","sha1":"b588324ca62cb1387a3496bf434421b02efb9a5c","sha256":"675eb5d309926a9343a6f5bc76f86eae4c72048007a66135a3c47d6e6607e0f9"},"dob":{"date":"1982-01-09T23:06:56.563Z","age":42},"registered":{"date":"2017-03-06T13:32:23.543Z","age":7},"phone":"08-3211-5396","cell":"0480-283-648","id":{"name":"TFN","value":"428653727"},"picture":{"large":"https://randomuser.me/api/portraits/men/50.jpg","medium":"https://randomuser.me/api/portraits/med/men/50.jpg","thumbnail":"https://randomuser.me/api/portraits/thumb/men/50.jpg"},"nat":"AU"}],"info":{"seed":"1f52ca8f3c5e9625","results":1,"page":1,"version":"1.4"}} 
 </msg>
<msg time="2024-04-06T02:19:12.105201" level="INFO">/opt/hostedtoolcache/Python/3.12.2/x64/lib/python3.12/site-packages/urllib3/connectionpool.py:1103: InsecureRequestWarning: Unverified HTTPS request is being made to host 'randomuser.me'. Adding certificate verification is strongly advised. See: https://urllib3.readthedocs.io/en/latest/advanced-usage.html#tls-warnings
  warnings.warn(</msg>
<msg time="2024-04-06T02:19:12.105314" level="INFO">${response} = &lt;Response [200]&gt;</msg>
<var>${response}</var>
<arg>consultarAPI</arg>
<arg>/api</arg>
<doc>Sends a GET request on a previously created HTTP Session.</doc>
<status status="PASS" start="2024-04-06T02:19:12.009888" elapsed="0.095466"/>
</kw>
<kw name="Set Variable" owner="BuiltIn">
<msg time="2024-04-06T02:19:12.106252" level="INFO">${json_data} = {'results': [{'gender': 'male', 'name': {'title': 'Mr', 'first': 'Lee', 'last': 'Reynolds'}, 'location': {'street': {'number': 6360, 'name': 'Oak Lawn Ave'}, 'city': 'Darwin', 'state': 'Northern Terri...</msg>
<var>${json_data}</var>
<arg>${response.json()}</arg>
<doc>Returns the given values which can then be assigned to a variables.</doc>
<status status="PASS" start="2024-04-06T02:19:12.105818" elapsed="0.000461"/>
</kw>
<kw name="Log" owner="BuiltIn">
<msg time="2024-04-06T02:19:12.106734" level="INFO">{'results': [{'gender': 'male', 'name': {'title': 'Mr', 'first': 'Lee', 'last': 'Reynolds'}, 'location': {'street': {'number': 6360, 'name': 'Oak Lawn Ave'}, 'city': 'Darwin', 'state': 'Northern Territory', 'country': 'Australia', 'postcode': 4632, 'coordinates': {'latitude': '-86.7401', 'longitude': '-109.2309'}, 'timezone': {'offset': '+3:00', 'description': 'Baghdad, Riyadh, Moscow, St. Petersburg'}}, 'email': 'lee.reynolds@example.com', 'login': {'uuid': '9b8a9450-cc7a-4ab9-9957-dab8d542295e', 'username': 'goldenladybug833', 'password': 'martin', 'salt': 'XWCOPRJf', 'md5': '7c93858ab076c17eb2bd341ec8b8630a', 'sha1': 'b588324ca62cb1387a3496bf434421b02efb9a5c', 'sha256': '675eb5d309926a9343a6f5bc76f86eae4c72048007a66135a3c47d6e6607e0f9'}, 'dob': {'date': '1982-01-09T23:06:56.563Z', 'age': 42}, 'registered': {'date': '2017-03-06T13:32:23.543Z', 'age': 7}, 'phone': '08-3211-5396', 'cell': '0480-283-648', 'id': {'name': 'TFN', 'value': '428653727'}, 'picture': {'large': 'https://randomuser.me/api/portraits/men/50.jpg', 'medium': 'https://randomuser.me/api/portraits/med/men/50.jpg', 'thumbnail': 'https://randomuser.me/api/portraits/thumb/men/50.jpg'}, 'nat': 'AU'}], 'info': {'seed': '1f52ca8f3c5e9625', 'results': 1, 'page': 1, 'version': '1.4'}}</msg>
<arg>${json_data}</arg>
<doc>Logs the given message with the given level.</doc>
<status status="PASS" start="2024-04-06T02:19:12.106581" elapsed="0.000229"/>
</kw>
<kw name="Should Be Equal As Numbers" owner="BuiltIn">
<arg>${json_data['results'][0]['location']['postcode']}</arg>
<arg>${json_data['results'][0]['location']['postcode']}</arg>
<doc>Fails if objects are unequal after converting them to real numbers.</doc>
<status status="PASS" start="2024-04-06T02:19:12.107108" elapsed="0.000614"/>
</kw>
<kw name="Log" owner="BuiltIn">
<msg time="2024-04-06T02:19:12.108247" level="INFO">4632</msg>
<arg>${json_data['results'][0]['location']['postcode']}</arg>
<doc>Logs the given message with the given level.</doc>
<status status="PASS" start="2024-04-06T02:19:12.107915" elapsed="0.000372"/>
</kw>
<status status="PASS" start="2024-04-06T02:19:12.009557" elapsed="0.099010"/>
</kw>
<doc>Testa se os tipos de dados na resposta da API estão corretos.</doc>
<tag>testeTiposDados</tag>
<status status="PASS" start="2024-04-06T02:19:11.967944" elapsed="0.140789"/>
</test>
<test id="s1-s1-t5" name="Validar conteudo" line="35">
<kw name="Teste de Tipos de Conteudo" owner="random-user-service">
<kw name="GET On Session" owner="RequestsLibrary">
<msg time="2024-04-06T02:19:12.202206" level="INFO">GET Request : url=https://randomuser.me/api 
 path_url=/api 
 headers={'User-Agent': 'python-requests/2.31.0', 'Accept-Encoding': 'gzip, deflate', 'Accept': '*/*', 'Connection': 'keep-alive'} 
 body=None 
 </msg>
<msg time="2024-04-06T02:19:12.202282" level="INFO">GET Response : url=https://randomuser.me/api 
 status=200, reason=OK 
 headers={'Date': 'Sat, 06 Apr 2024 02:19:12 GMT', 'Content-Type': 'application/json; charset=utf-8', 'Transfer-Encoding': 'chunked', 'Connection': 'keep-alive', 'X-Powered-By': 'Express', 'Access-Control-Allow-Origin': '*', 'Cache-Control': 'no-cache', 'ETag': 'W/"48c-IWONS9lBtILjpEN80IylbcZVRQ4"', 'Vary': 'Accept-Encoding', 'Content-Encoding': 'gzip', 'CF-Cache-Status': 'DYNAMIC', 'Report-To': '{"endpoints":[{"url":"https:\\/\\/a.nel.cloudflare.com\\/report\\/v4?s=LjdqVUIQLdoN1lj8XDqyzUlUs08mVhuS%2FDRn%2B7Q51imhbezGNW7RBDSSPnWgNCdtfTq2HSz4dhXi5WCVtQtYbE7c5EApNgmFVLIpdpz8jfR%2BEV2x3kj6%2FvsgqjSKltc5"}],"group":"cf-nel","max_age":604800}', 'NEL': '{"success_fraction":0,"report_to":"cf-nel","max_age":604800}', 'Server': 'cloudflare', 'CF-RAY': '86fe4aa8bfb3397a-IAD', 'alt-svc': 'h3=":443"; ma=86400'} 
 body={"results":[{"gender":"female","name":{"title":"Ms","first":"Suchita","last":"Gugale"},"location":{"street":{"number":275,"name":"Ashoka Rd"},"city":"Thiruvananthapuram","state":"Bihar","country":"India","postcode":86676,"coordinates":{"latitude":"5.0567","longitude":"78.3683"},"timezone":{"offset":"-3:00","description":"Brazil, Buenos Aires, Georgetown"}},"email":"suchita.gugale@example.com","login":{"uuid":"d5f500e2-df63-44d9-8077-e703001371c3","username":"lazytiger499","password":"hotrod","salt":"0zns3Mcb","md5":"01ec11e4d0183047c9f297912a175110","sha1":"adfe4c5acdf970758224c58178c7d369df7cdb3b","sha256":"3081f3f80e13f354f77ddf19d3bca9581dbe4538c936d6b2c22477faf082e5a4"},"dob":{"date":"1947-05-28T02:02:19.190Z","age":76},"registered":{"date":"2006-01-10T01:07:22.727Z","age":18},"phone":"7014072205","cell":"8516136294","id":{"name":"UIDAI","value":"273796269934"},"picture":{"large":"https://randomuser.me/api/portraits/women/1.jpg","medium":"https://randomuser.me/api/portraits/med/women/1.jpg","thumbnail":"https://randomuser.me/api/portraits/thumb/women/1.jpg"},"nat":"IN"}],"info":{"seed":"f3671d377b058e47","results":1,"page":1,"version":"1.4"}} 
 </msg>
<msg time="2024-04-06T02:19:12.202345" level="INFO">/opt/hostedtoolcache/Python/3.12.2/x64/lib/python3.12/site-packages/urllib3/connectionpool.py:1103: InsecureRequestWarning: Unverified HTTPS request is being made to host 'randomuser.me'. Adding certificate verification is strongly advised. See: https://urllib3.readthedocs.io/en/latest/advanced-usage.html#tls-warnings
  warnings.warn(</msg>
<msg time="2024-04-06T02:19:12.202456" level="INFO">${response} = &lt;Response [200]&gt;</msg>
<var>${response}</var>
<arg>consultarAPI</arg>
<arg>/api</arg>
<doc>Sends a GET request on a previously created HTTP Session.</doc>
<status status="PASS" start="2024-04-06T02:19:12.111057" elapsed="0.091580"/>
</kw>
<kw name="Set Variable" owner="BuiltIn">
<msg time="2024-04-06T02:19:12.203466" level="INFO">${json_data} = {'results': [{'gender': 'female', 'name': {'title': 'Ms', 'first': 'Suchita', 'last': 'Gugale'}, 'location': {'street': {'number': 275, 'name': 'Ashoka Rd'}, 'city': 'Thiruvananthapuram', 'state': 'Bi...</msg>
<var>${json_data}</var>
<arg>${response.json()}</arg>
<doc>Returns the given values which can then be assigned to a variables.</doc>
<status status="PASS" start="2024-04-06T02:19:12.203028" elapsed="0.000465"/>
</kw>
<kw name="Set Variable" owner="BuiltIn">
<msg time="2024-04-06T02:19:12.204183" level="INFO">${name_title} = Ms</msg>
<var>${name_title}</var>
<arg>${json_data["results"][0]["name"]["title"]}</arg>
<doc>Returns the given values which can then be assigned to a variables.</doc>
<status status="PASS" start="2024-04-06T02:19:12.203794" elapsed="0.000413"/>
</kw>
<kw name="Create List" owner="BuiltIn">
<msg time="2024-04-06T02:19:12.204684" level="INFO">${allowed_titles} = ['Mr', 'Ms', 'Miss', 'Mrs', 'Madame', 'Monsieur']</msg>
<var>${allowed_titles}</var>
<arg>Mr</arg>
<arg>Ms</arg>
<arg>Miss</arg>
<arg>Mrs</arg>
<arg>Madame</arg>
<arg>Monsieur</arg>
<doc>Returns a list containing given items.</doc>
<status status="PASS" start="2024-04-06T02:19:12.204533" elapsed="0.000175"/>
</kw>
<kw name="List Should Contain Value" owner="Collections">
<msg time="2024-04-06T02:19:12.205182" level="INFO">False</msg>
<arg>${allowed_titles}</arg>
<arg>${name_title}</arg>
<doc>Fails if the ``value`` is not found from ``list``.</doc>
<status status="PASS" start="2024-04-06T02:19:12.205014" elapsed="0.000204"/>
</kw>
<kw name="Set Variable" owner="BuiltIn">
<msg time="2024-04-06T02:19:12.205872" level="INFO">${name_country} = IN</msg>
<var>${name_country}</var>
<arg>${json_data["results"][0]["nat"]}</arg>
<doc>Returns the given values which can then be assigned to a variables.</doc>
<status status="PASS" start="2024-04-06T02:19:12.205504" elapsed="0.000391"/>
</kw>
<kw name="Create List" owner="BuiltIn">
<msg time="2024-04-06T02:19:12.206803" level="INFO">${list_country} = ['AD', 'AE', 'AF', 'AG', 'AI', 'AL', 'AM', 'AO', 'AQ', 'AR', 'AS', 'AT', 'AU', 'AW', 'AX', 'AZ', 'BA', 'BB', 'BD', 'BE', 'BF', 'BG', 'BH', 'BI', 'BJ', 'BL', 'BM', 'BN', 'BO', 'BQ', 'BR', 'BS', 'BT', '...</msg>
<var>${list_country}</var>
<arg>AD</arg>
<arg>AE</arg>
<arg>AF</arg>
<arg>AG</arg>
<arg>AI</arg>
<arg>AL</arg>
<arg>AM</arg>
<arg>AO</arg>
<arg>AQ</arg>
<arg>AR</arg>
<arg>AS</arg>
<arg>AT</arg>
<arg>AU</arg>
<arg>AW</arg>
<arg>AX</arg>
<arg>AZ</arg>
<arg>BA</arg>
<arg>BB</arg>
<arg>BD</arg>
<arg>BE</arg>
<arg>BF</arg>
<arg>BG</arg>
<arg>BH</arg>
<arg>BI</arg>
<arg>BJ</arg>
<arg>BL</arg>
<arg>BM</arg>
<arg>BN</arg>
<arg>BO</arg>
<arg>BQ</arg>
<arg>BR</arg>
<arg>BS</arg>
<arg>BT</arg>
<arg>BV</arg>
<arg>BW</arg>
<arg>BY</arg>
<arg>BZ</arg>
<arg>CA</arg>
<arg>CC</arg>
<arg>CD</arg>
<arg>CF</arg>
<arg>CG</arg>
<arg>CH</arg>
<arg>CI</arg>
<arg>CK</arg>
<arg>CL</arg>
<arg>CM</arg>
<arg>CN</arg>
<arg>CO</arg>
<arg>CR</arg>
<arg>CU</arg>
<arg>CV</arg>
<arg>CW</arg>
<arg>CX</arg>
<arg>CY</arg>
<arg>CZ</arg>
<arg>DE</arg>
<arg>DJ</arg>
<arg>DK</arg>
<arg>DM</arg>
<arg>DO</arg>
<arg>DZ</arg>
<arg>EC</arg>
<arg>EE</arg>
<arg>EG</arg>
<arg>EH</arg>
<arg>ER</arg>
<arg>ES</arg>
<arg>ET</arg>
<arg>FI</arg>
<arg>FJ</arg>
<arg>FK</arg>
<arg>FM</arg>
<arg>FO</arg>
<arg>FR</arg>
<arg>GA</arg>
<arg>GB</arg>
<arg>GD</arg>
<arg>GE</arg>
<arg>GF</arg>
<arg>GG</arg>
<arg>GH</arg>
<arg>GI</arg>
<arg>GL</arg>
<arg>GM</arg>
<arg>GN</arg>
<arg>GP</arg>
<arg>GQ</arg>
<arg>GR</arg>
<arg>GS</arg>
<arg>GT</arg>
<arg>GU</arg>
<arg>GW</arg>
<arg>GY</arg>
<arg>HK</arg>
<arg>HM</arg>
<arg>HN</arg>
<arg>HR</arg>
<arg>HT</arg>
<arg>HU</arg>
<arg>ID</arg>
<arg>IE</arg>
<arg>IL</arg>
<arg>IM</arg>
<arg>IN</arg>
<arg>IO</arg>
<arg>IQ</arg>
<arg>IR</arg>
<arg>IS</arg>
<arg>IT</arg>
<arg>JE</arg>
<arg>JM</arg>
<arg>JO</arg>
<arg>JP</arg>
<arg>KE</arg>
<arg>KG</arg>
<arg>KH</arg>
<arg>KI</arg>
<arg>KM</arg>
<arg>KN</arg>
<arg>KP</arg>
<arg>KR</arg>
<arg>KW</arg>
<arg>KY</arg>
<arg>KZ</arg>
<arg>LA</arg>
<arg>LB</arg>
<arg>LC</arg>
<arg>LI</arg>
<arg>LK</arg>
<arg>LR</arg>
<arg>LS</arg>
<arg>LT</arg>
<arg>LU</arg>
<arg>LV</arg>
<arg>LY</arg>
<arg>MA</arg>
<arg>MC</arg>
<arg>MD</arg>
<arg>ME</arg>
<arg>MF</arg>
<arg>MG</arg>
<arg>MH</arg>
<arg>MK</arg>
<arg>ML</arg>
<arg>MM</arg>
<arg>MN</arg>
<arg>MO</arg>
<arg>MP</arg>
<arg>MQ</arg>
<arg>MR</arg>
<arg>MS</arg>
<arg>MT</arg>
<arg>MU</arg>
<arg>MV</arg>
<arg>MW</arg>
<arg>MX</arg>
<arg>MY</arg>
<arg>MZ</arg>
<arg>NA</arg>
<arg>NC</arg>
<arg>NE</arg>
<arg>NF</arg>
<arg>NG</arg>
<arg>NI</arg>
<arg>NL</arg>
<arg>NO</arg>
<arg>NP</arg>
<arg>NR</arg>
<arg>NU</arg>
<arg>NZ</arg>
<arg>OM</arg>
<arg>PA</arg>
<arg>PE</arg>
<arg>PF</arg>
<arg>PG</arg>
<arg>PH</arg>
<arg>PK</arg>
<arg>PL</arg>
<arg>PM</arg>
<arg>PN</arg>
<arg>PR</arg>
<arg>PS</arg>
<arg>PT</arg>
<arg>PW</arg>
<arg>PY</arg>
<arg>QA</arg>
<arg>RE</arg>
<arg>RO</arg>
<arg>RS</arg>
<arg>RU</arg>
<arg>RW</arg>
<arg>SA</arg>
<arg>SB</arg>
<arg>SC</arg>
<arg>SD</arg>
<arg>SE</arg>
<arg>SG</arg>
<arg>SH</arg>
<arg>SI</arg>
<arg>SJ</arg>
<arg>SK</arg>
<arg>SL</arg>
<arg>SM</arg>
<arg>SN</arg>
<arg>SO</arg>
<arg>SR</arg>
<arg>SS</arg>
<arg>ST</arg>
<arg>SV</arg>
<arg>SX</arg>
<arg>SY</arg>
<arg>SZ</arg>
<arg>TC</arg>
<arg>TD</arg>
<arg>TF</arg>
<arg>TG</arg>
<arg>TH</arg>
<arg>TJ</arg>
<arg>TK</arg>
<arg>TL</arg>
<arg>TM</arg>
<arg>TN</arg>
<arg>TO</arg>
<arg>TR</arg>
<arg>TT</arg>
<arg>TV</arg>
<arg>TW</arg>
<arg>TZ</arg>
<arg>UA</arg>
<arg>UG</arg>
<arg>UM</arg>
<arg>US</arg>
<arg>UY</arg>
<arg>UZ</arg>
<arg>VA</arg>
<arg>VC</arg>
<arg>VE</arg>
<arg>VG</arg>
<arg>VI</arg>
<arg>VN</arg>
<arg>VU</arg>
<arg>WF</arg>
<arg>WS</arg>
<arg>XK</arg>
<arg>YE</arg>
<arg>YT</arg>
<arg>ZA</arg>
<arg>ZM</arg>
<arg>ZW</arg>
<doc>Returns a list containing given items.</doc>
<status status="PASS" start="2024-04-06T02:19:12.206198" elapsed="0.000630"/>
</kw>
<kw name="List Should Contain Value" owner="Collections">
<msg time="2024-04-06T02:19:12.207926" level="INFO">False</msg>
<arg>${list_country}</arg>
<arg>${name_country}</arg>
<doc>Fails if the ``value`` is not found from ``list``.</doc>
<status status="PASS" start="2024-04-06T02:19:12.207712" elapsed="0.000250"/>
</kw>
<kw name="Run Keyword If" owner="BuiltIn">
<kw name="Should Be True" owner="BuiltIn">
<arg>${True}</arg>
<doc>Fails if the given condition is not true.</doc>
<status status="PASS" start="2024-04-06T02:19:12.209047" elapsed="0.000146"/>
</kw>
<arg>${json_data["results"][0]["location"]["coordinates"]["latitude"]} &gt;= -90 and ${json_data["results"][0]["location"]["coordinates"]["latitude"]} &lt;= 90</arg>
<arg>Should Be True</arg>
<arg>${True}</arg>
<doc>Runs the given keyword with the given arguments, if ``condition`` is true.</doc>
<status status="PASS" start="2024-04-06T02:19:12.208270" elapsed="0.001050"/>
</kw>
<kw name="Run Keyword If" owner="BuiltIn">
<kw name="Should Be True" owner="BuiltIn">
<arg>${True}</arg>
<doc>Fails if the given condition is not true.</doc>
<status status="PASS" start="2024-04-06T02:19:12.210213" elapsed="0.000187"/>
</kw>
<arg>${json_data["results"][0]["location"]["coordinates"]["longitude"]} &gt;= -180 and ${json_data["results"][0]["location"]["coordinates"]["longitude"]} &lt;= 180</arg>
<arg>Should Be True</arg>
<arg>${True}</arg>
<doc>Runs the given keyword with the given arguments, if ``condition`` is true.</doc>
<status status="PASS" start="2024-04-06T02:19:12.209505" elapsed="0.001035"/>
</kw>
<status status="PASS" start="2024-04-06T02:19:12.110840" elapsed="0.099830"/>
</kw>
<doc>Testa o conteúdo específico dos campos retornados pela API.</doc>
<tag>testeConteudo</tag>
<status status="PASS" start="2024-04-06T02:19:12.110417" elapsed="0.100396"/>
</test>
<status status="PASS" start="2024-04-06T02:19:11.220018" elapsed="0.992720"/>
</suite>
<status status="PASS" start="2024-04-06T02:19:11.205373" elapsed="1.012575"/>
</suite>
<statistics>
<total>
<stat pass="5" fail="0" skip="0">All Tests</stat>
</total>
<tag>
<stat pass="1" fail="0" skip="0">testeConteudo</stat>
<stat pass="1" fail="0" skip="0">testeEstruturaResposta</stat>
<stat pass="1" fail="0" skip="0">testeRequisicaoBasica</stat>
<stat pass="1" fail="0" skip="0">testeTiposDados</stat>
</tag>
<suite>
<stat pass="5" fail="0" skip="0" id="s1" name="Tests">Tests</stat>
<stat pass="5" fail="0" skip="0" id="s1-s1" name="Random-User-Test">Tests.Random-User-Test</stat>
</suite>
</statistics>
<errors>
</errors>
</robot>
