<?xml version="1.0" encoding="UTF-8"?>
<robot generator="Robot 7.0 (Python 3.12.3 on linux)" generated="2024-04-27T16:15:22.205066" rpa="false" schemaversion="5">
<suite id="s1" name="Tests" source="/home/runner/work/DesafioQAItauRogerioJordao/DesafioQAItauRogerioJordao/RamdonUser/tests">
<suite id="s1-s1" name="Random-User-Test" source="/home/runner/work/DesafioQAItauRogerioJordao/DesafioQAItauRogerioJordao/RamdonUser/tests/random-user-test.robot">
<test id="s1-s1-t1" name="Conectar" line="13">
<kw name="Conectar API" owner="random-user-service">
<kw name="Create Session" owner="RequestsLibrary">
<msg time="2024-04-27T16:15:22.575551" level="INFO">Creating Session using : alias=consultarAPI, url=https://randomuser.me/, headers={},                     cookies={}, auth=None, timeout=None, proxies=None, verify=False,                     debug=0 </msg>
<arg>consultarAPI</arg>
<arg>${URL}</arg>
<doc>Create Session: create a HTTP session to a server</doc>
<status status="PASS" start="2024-04-27T16:15:22.575333" elapsed="0.000435"/>
</kw>
<status status="PASS" start="2024-04-27T16:15:22.574324" elapsed="0.001828"/>
</kw>
<status status="PASS" start="2024-04-27T16:15:22.573581" elapsed="0.002767"/>
</test>
<test id="s1-s1-t2" name="Validar retorno 200 e JSON Válido" line="16">
<kw name="Teste de Requisicao Basica" owner="random-user-service">
<kw name="GET On Session" owner="RequestsLibrary">
<msg time="2024-04-27T16:15:22.673974" level="INFO">GET Request : url=https://randomuser.me/api 
 path_url=/api 
 headers={'User-Agent': 'python-requests/2.31.0', 'Accept-Encoding': 'gzip, deflate', 'Accept': '*/*', 'Connection': 'keep-alive'} 
 body=None 
 </msg>
<msg time="2024-04-27T16:15:22.674123" level="INFO">GET Response : url=https://randomuser.me/api 
 status=200, reason=OK 
 headers={'Date': 'Sat, 27 Apr 2024 16:15:22 GMT', 'Content-Type': 'application/json; charset=utf-8', 'Transfer-Encoding': 'chunked', 'Connection': 'keep-alive', 'X-Powered-By': 'Express', 'Access-Control-Allow-Origin': '*', 'Cache-Control': 'no-cache', 'ETag': 'W/"487-YKDdMcwtMtQ34EMIAud3TGTblc8"', 'Vary': 'Accept-Encoding', 'Content-Encoding': 'gzip', 'CF-Cache-Status': 'DYNAMIC', 'Report-To': '{"endpoints":[{"url":"https:\\/\\/a.nel.cloudflare.com\\/report\\/v4?s=tREU4H3jkbh7xdoaAf0so6xWUQrAj4rJBgHrGYh1U0OpwSoSvweHIcdRoe3%2Bwhx4Nop1nW4GcDa2OwPlrJdhGTlcSyEiBV6nJJuiQLTlgtwTL0CMIDfGCSfAtnryJ%2F9Y"}],"group":"cf-nel","max_age":604800}', 'NEL': '{"success_fraction":0,"report_to":"cf-nel","max_age":604800}', 'Server': 'cloudflare', 'CF-RAY': '87b01c665abc22cf-ORD', 'alt-svc': 'h3=":443"; ma=86400'} 
 body={"results":[{"gender":"female","name":{"title":"Miss","first":"Reema","last":"Nair"},"location":{"street":{"number":1414,"name":"Sampige Rd"},"city":"Ludhiana","state":"Jammu and Kashmir","country":"India","postcode":43391,"coordinates":{"latitude":"7.3189","longitude":"154.3259"},"timezone":{"offset":"+2:00","description":"Kaliningrad, South Africa"}},"email":"reema.nair@example.com","login":{"uuid":"99182c86-5fc6-42c2-9bd0-5df9b29848b3","username":"angrygoose841","password":"sliver","salt":"7XAkXiwU","md5":"ef558415a89032d0a6ce219077ab21eb","sha1":"03b1437fe47b93763ec70079fe50c3d5df2f67d7","sha256":"c9a6010af7b6a95821e7a23b1f23dc801604bedf3ded0fb78008302335e145ba"},"dob":{"date":"1998-11-10T06:39:36.518Z","age":25},"registered":{"date":"2014-09-15T21:13:27.394Z","age":9},"phone":"7652572707","cell":"8745413472","id":{"name":"UIDAI","value":"847543678421"},"picture":{"large":"https://randomuser.me/api/portraits/women/67.jpg","medium":"https://randomuser.me/api/portraits/med/women/67.jpg","thumbnail":"https://randomuser.me/api/portraits/thumb/women/67.jpg"},"nat":"IN"}],"info":{"seed":"b2a7d2d42eed8d98","results":1,"page":1,"version":"1.4"}} 
 </msg>
<msg time="2024-04-27T16:15:22.674203" level="INFO">/opt/hostedtoolcache/Python/3.12.3/x64/lib/python3.12/site-packages/urllib3/connectionpool.py:1103: InsecureRequestWarning: Unverified HTTPS request is being made to host 'randomuser.me'. Adding certificate verification is strongly advised. See: https://urllib3.readthedocs.io/en/latest/advanced-usage.html#tls-warnings
  warnings.warn(</msg>
<msg time="2024-04-27T16:15:22.674350" level="INFO">${response} = &lt;Response [200]&gt;</msg>
<var>${response}</var>
<arg>consultarAPI</arg>
<arg>/api</arg>
<doc>Sends a GET request on a previously created HTTP Session.</doc>
<status status="PASS" start="2024-04-27T16:15:22.579144" elapsed="0.095248"/>
</kw>
<kw name="Should Be Equal As Numbers" owner="BuiltIn">
<msg time="2024-04-27T16:15:22.675413" level="INFO">Argument types are:
&lt;class 'int'&gt;
&lt;class 'str'&gt;</msg>
<arg>${response.status_code}</arg>
<arg>200</arg>
<doc>Fails if objects are unequal after converting them to real numbers.</doc>
<status status="PASS" start="2024-04-27T16:15:22.674955" elapsed="0.000524"/>
</kw>
<kw name="Log" owner="BuiltIn">
<msg time="2024-04-27T16:15:22.676195" level="INFO">200</msg>
<arg>${response.status_code}</arg>
<doc>Logs the given message with the given level.</doc>
<status status="PASS" start="2024-04-27T16:15:22.675847" elapsed="0.000390"/>
</kw>
<kw name="Set Variable" owner="BuiltIn">
<msg time="2024-04-27T16:15:22.677166" level="INFO">${json_data} = {'results': [{'gender': 'female', 'name': {'title': 'Miss', 'first': 'Reema', 'last': 'Nair'}, 'location': {'street': {'number': 1414, 'name': 'Sampige Rd'}, 'city': 'Ludhiana', 'state': 'Jammu and Ka...</msg>
<var>${json_data}</var>
<arg>${response.json()}</arg>
<doc>Returns the given values which can then be assigned to a variables.</doc>
<status status="PASS" start="2024-04-27T16:15:22.676543" elapsed="0.000654"/>
</kw>
<kw name="Dictionary Should Contain Key" owner="Collections">
<msg time="2024-04-27T16:15:22.677688" level="INFO">False</msg>
<arg>${json_data}</arg>
<arg>results</arg>
<doc>Fails if ``key`` is not found from ``dictionary``.</doc>
<status status="PASS" start="2024-04-27T16:15:22.677510" elapsed="0.000220"/>
</kw>
<status status="PASS" start="2024-04-27T16:15:22.578894" elapsed="0.099102"/>
</kw>
<doc>Testa se a API responde corretamente e retorna um objeto JSON válido.</doc>
<tag>testeRequisicaoBasica</tag>
<status status="PASS" start="2024-04-27T16:15:22.578434" elapsed="0.099750"/>
</test>
<test id="s1-s1-t3" name="Validar estrutura de resposta" line="22">
<kw name="Teste de Estrutura de Resposta" owner="random-user-service">
<kw name="GET On Session" owner="RequestsLibrary">
<msg time="2024-04-27T16:15:22.786908" level="INFO">GET Request : url=https://randomuser.me/api 
 path_url=/api 
 headers={'User-Agent': 'python-requests/2.31.0', 'Accept-Encoding': 'gzip, deflate', 'Accept': '*/*', 'Connection': 'keep-alive'} 
 body=None 
 </msg>
<msg time="2024-04-27T16:15:22.787015" level="INFO">GET Response : url=https://randomuser.me/api 
 status=200, reason=OK 
 headers={'Date': 'Sat, 27 Apr 2024 16:15:22 GMT', 'Content-Type': 'application/json; charset=utf-8', 'Transfer-Encoding': 'chunked', 'Connection': 'keep-alive', 'X-Powered-By': 'Express', 'Access-Control-Allow-Origin': '*', 'Cache-Control': 'no-cache', 'ETag': 'W/"483-lcstYD0b7HRROQY/WRAgdj0qsl8"', 'Vary': 'Accept-Encoding', 'Content-Encoding': 'gzip', 'CF-Cache-Status': 'DYNAMIC', 'Report-To': '{"endpoints":[{"url":"https:\\/\\/a.nel.cloudflare.com\\/report\\/v4?s=nFdOerh%2Fz56z50BrbJ5dMyJwIw%2F6%2FTLrhFqt8TCiGY2pj5g1lemDi0nfoS0nIuw7DfHlUtQRQNoQc1q%2FcQn40z4B5rolb1IVmMUziVWDB5f3A5OFp9Fba3RSK1dPRa9Y"}],"group":"cf-nel","max_age":604800}', 'NEL': '{"success_fraction":0,"report_to":"cf-nel","max_age":604800}', 'Server': 'cloudflare', 'CF-RAY': '87b01c66cb6122cf-ORD', 'alt-svc': 'h3=":443"; ma=86400'} 
 body={"results":[{"gender":"male","name":{"title":"Mr","first":"Ary","last":"Aragão"},"location":{"street":{"number":8037,"name":"Rua da Paz "},"city":"Patos","state":"Minas Gerais","country":"Brazil","postcode":45158,"coordinates":{"latitude":"-79.8205","longitude":"-124.4052"},"timezone":{"offset":"-12:00","description":"Eniwetok, Kwajalein"}},"email":"ary.aragao@example.com","login":{"uuid":"200c3a76-18be-47c7-a853-cc3b10493349","username":"goldenelephant780","password":"losers","salt":"hGR6BXCA","md5":"c3fd44c066b267a1f224ff92471f3979","sha1":"369a7592d25a7c67ba7f214477d9fab649473d1e","sha256":"167c3b31cb07e862663ef0e2ece7141024adcf4500b51da4442491b9dc8b6849"},"dob":{"date":"1988-01-26T03:36:36.366Z","age":36},"registered":{"date":"2006-11-28T03:20:53.601Z","age":17},"phone":"(00) 2622-2611","cell":"(53) 8041-4483","id":{"name":"CPF","value":"647.544.001-05"},"picture":{"large":"https://randomuser.me/api/portraits/men/71.jpg","medium":"https://randomuser.me/api/portraits/med/men/71.jpg","thumbnail":"https://randomuser.me/api/portraits/thumb/men/71.jpg"},"nat":"BR"}],"info":{"seed":"b2b0e04bab6d6740","results":1,"page":1,"version":"1.4"}} 
 </msg>
<msg time="2024-04-27T16:15:22.787160" level="INFO">/opt/hostedtoolcache/Python/3.12.3/x64/lib/python3.12/site-packages/urllib3/connectionpool.py:1103: InsecureRequestWarning: Unverified HTTPS request is being made to host 'randomuser.me'. Adding certificate verification is strongly advised. See: https://urllib3.readthedocs.io/en/latest/advanced-usage.html#tls-warnings
  warnings.warn(</msg>
<msg time="2024-04-27T16:15:22.787306" level="INFO">${response} = &lt;Response [200]&gt;</msg>
<var>${response}</var>
<arg>consultarAPI</arg>
<arg>/api</arg>
<doc>Sends a GET request on a previously created HTTP Session.</doc>
<status status="PASS" start="2024-04-27T16:15:22.680970" elapsed="0.106378"/>
</kw>
<kw name="Set Variable" owner="BuiltIn">
<msg time="2024-04-27T16:15:22.788671" level="INFO">${json_data} = {'results': [{'gender': 'male', 'name': {'title': 'Mr', 'first': 'Ary', 'last': 'Aragão'}, 'location': {'street': {'number': 8037, 'name': 'Rua da Paz '}, 'city': 'Patos', 'state': 'Minas Gerais', 'co...</msg>
<var>${json_data}</var>
<arg>${response.json()}</arg>
<doc>Returns the given values which can then be assigned to a variables.</doc>
<status status="PASS" start="2024-04-27T16:15:22.788008" elapsed="0.000700"/>
</kw>
<kw name="Log" owner="BuiltIn">
<msg time="2024-04-27T16:15:22.789312" level="INFO">{'results': [{'gender': 'male', 'name': {'title': 'Mr', 'first': 'Ary', 'last': 'Aragão'}, 'location': {'street': {'number': 8037, 'name': 'Rua da Paz '}, 'city': 'Patos', 'state': 'Minas Gerais', 'country': 'Brazil', 'postcode': 45158, 'coordinates': {'latitude': '-79.8205', 'longitude': '-124.4052'}, 'timezone': {'offset': '-12:00', 'description': 'Eniwetok, Kwajalein'}}, 'email': 'ary.aragao@example.com', 'login': {'uuid': '200c3a76-18be-47c7-a853-cc3b10493349', 'username': 'goldenelephant780', 'password': 'losers', 'salt': 'hGR6BXCA', 'md5': 'c3fd44c066b267a1f224ff92471f3979', 'sha1': '369a7592d25a7c67ba7f214477d9fab649473d1e', 'sha256': '167c3b31cb07e862663ef0e2ece7141024adcf4500b51da4442491b9dc8b6849'}, 'dob': {'date': '1988-01-26T03:36:36.366Z', 'age': 36}, 'registered': {'date': '2006-11-28T03:20:53.601Z', 'age': 17}, 'phone': '(00) 2622-2611', 'cell': '(53) 8041-4483', 'id': {'name': 'CPF', 'value': '647.544.001-05'}, 'picture': {'large': 'https://randomuser.me/api/portraits/men/71.jpg', 'medium': 'https://randomuser.me/api/portraits/med/men/71.jpg', 'thumbnail': 'https://randomuser.me/api/portraits/thumb/men/71.jpg'}, 'nat': 'BR'}], 'info': {'seed': 'b2b0e04bab6d6740', 'results': 1, 'page': 1, 'version': '1.4'}}</msg>
<arg>${json_data}</arg>
<doc>Logs the given message with the given level.</doc>
<status status="PASS" start="2024-04-27T16:15:22.789103" elapsed="0.000266"/>
</kw>
<kw name="Dictionary Should Contain Key" owner="Collections">
<msg time="2024-04-27T16:15:22.789872" level="INFO">False</msg>
<arg>${json_data}</arg>
<arg>results</arg>
<doc>Fails if ``key`` is not found from ``dictionary``.</doc>
<status status="PASS" start="2024-04-27T16:15:22.789697" elapsed="0.000214"/>
</kw>
<kw name="Should Not Be Empty" owner="BuiltIn">
<msg time="2024-04-27T16:15:22.790372" level="INFO">Length is 2.</msg>
<arg>${json_data}</arg>
<doc>Verifies that the given item is not empty.</doc>
<status status="PASS" start="2024-04-27T16:15:22.790232" elapsed="0.000366"/>
</kw>
<kw name="Create List" owner="BuiltIn">
<msg time="2024-04-27T16:15:22.791065" level="INFO">${expected_keys} = ['gender', 'name', 'location', 'email', 'login']</msg>
<var>${expected_keys}</var>
<arg>gender</arg>
<arg>name</arg>
<arg>location</arg>
<arg>email</arg>
<arg>login</arg>
<doc>Returns a list containing given items.</doc>
<status status="PASS" start="2024-04-27T16:15:22.790904" elapsed="0.000187"/>
</kw>
<for flavor="IN">
<iter>
<kw name="Dictionary Should Contain Key" owner="Collections">
<msg time="2024-04-27T16:15:22.792121" level="INFO">False</msg>
<arg>${json_data['results'][0]}</arg>
<arg>${key}</arg>
<doc>Fails if ``key`` is not found from ``dictionary``.</doc>
<status status="PASS" start="2024-04-27T16:15:22.791700" elapsed="0.000461"/>
</kw>
<kw name="Log" owner="BuiltIn">
<msg time="2024-04-27T16:15:22.792882" level="INFO">{'gender': 'male', 'name': {'title': 'Mr', 'first': 'Ary', 'last': 'Aragão'}, 'location': {'street': {'number': 8037, 'name': 'Rua da Paz '}, 'city': 'Patos', 'state': 'Minas Gerais', 'country': 'Brazil', 'postcode': 45158, 'coordinates': {'latitude': '-79.8205', 'longitude': '-124.4052'}, 'timezone': {'offset': '-12:00', 'description': 'Eniwetok, Kwajalein'}}, 'email': 'ary.aragao@example.com', 'login': {'uuid': '200c3a76-18be-47c7-a853-cc3b10493349', 'username': 'goldenelephant780', 'password': 'losers', 'salt': 'hGR6BXCA', 'md5': 'c3fd44c066b267a1f224ff92471f3979', 'sha1': '369a7592d25a7c67ba7f214477d9fab649473d1e', 'sha256': '167c3b31cb07e862663ef0e2ece7141024adcf4500b51da4442491b9dc8b6849'}, 'dob': {'date': '1988-01-26T03:36:36.366Z', 'age': 36}, 'registered': {'date': '2006-11-28T03:20:53.601Z', 'age': 17}, 'phone': '(00) 2622-2611', 'cell': '(53) 8041-4483', 'id': {'name': 'CPF', 'value': '647.544.001-05'}, 'picture': {'large': 'https://randomuser.me/api/portraits/men/71.jpg', 'medium': 'https://randomuser.me/api/portraits/med/men/71.jpg', 'thumbnail': 'https://randomuser.me/api/portraits/thumb/men/71.jpg'}, 'nat': 'BR'}</msg>
<arg>${json_data['results'][0]}</arg>
<doc>Logs the given message with the given level.</doc>
<status status="PASS" start="2024-04-27T16:15:22.792469" elapsed="0.000466"/>
</kw>
<kw name="Log" owner="BuiltIn">
<msg time="2024-04-27T16:15:22.793385" level="INFO">gender</msg>
<arg>${key}</arg>
<doc>Logs the given message with the given level.</doc>
<status status="PASS" start="2024-04-27T16:15:22.793256" elapsed="0.000166"/>
</kw>
<var name="${key}">gender</var>
<status status="PASS" start="2024-04-27T16:15:22.791565" elapsed="0.002073"/>
</iter>
<iter>
<kw name="Dictionary Should Contain Key" owner="Collections">
<msg time="2024-04-27T16:15:22.794337" level="INFO">False</msg>
<arg>${json_data['results'][0]}</arg>
<arg>${key}</arg>
<doc>Fails if ``key`` is not found from ``dictionary``.</doc>
<status status="PASS" start="2024-04-27T16:15:22.793947" elapsed="0.000428"/>
</kw>
<kw name="Log" owner="BuiltIn">
<msg time="2024-04-27T16:15:22.795092" level="INFO">{'gender': 'male', 'name': {'title': 'Mr', 'first': 'Ary', 'last': 'Aragão'}, 'location': {'street': {'number': 8037, 'name': 'Rua da Paz '}, 'city': 'Patos', 'state': 'Minas Gerais', 'country': 'Brazil', 'postcode': 45158, 'coordinates': {'latitude': '-79.8205', 'longitude': '-124.4052'}, 'timezone': {'offset': '-12:00', 'description': 'Eniwetok, Kwajalein'}}, 'email': 'ary.aragao@example.com', 'login': {'uuid': '200c3a76-18be-47c7-a853-cc3b10493349', 'username': 'goldenelephant780', 'password': 'losers', 'salt': 'hGR6BXCA', 'md5': 'c3fd44c066b267a1f224ff92471f3979', 'sha1': '369a7592d25a7c67ba7f214477d9fab649473d1e', 'sha256': '167c3b31cb07e862663ef0e2ece7141024adcf4500b51da4442491b9dc8b6849'}, 'dob': {'date': '1988-01-26T03:36:36.366Z', 'age': 36}, 'registered': {'date': '2006-11-28T03:20:53.601Z', 'age': 17}, 'phone': '(00) 2622-2611', 'cell': '(53) 8041-4483', 'id': {'name': 'CPF', 'value': '647.544.001-05'}, 'picture': {'large': 'https://randomuser.me/api/portraits/men/71.jpg', 'medium': 'https://randomuser.me/api/portraits/med/men/71.jpg', 'thumbnail': 'https://randomuser.me/api/portraits/thumb/men/71.jpg'}, 'nat': 'BR'}</msg>
<arg>${json_data['results'][0]}</arg>
<doc>Logs the given message with the given level.</doc>
<status status="PASS" start="2024-04-27T16:15:22.794702" elapsed="0.000442"/>
</kw>
<kw name="Log" owner="BuiltIn">
<msg time="2024-04-27T16:15:22.795590" level="INFO">name</msg>
<arg>${key}</arg>
<doc>Logs the given message with the given level.</doc>
<status status="PASS" start="2024-04-27T16:15:22.795458" elapsed="0.000170"/>
</kw>
<var name="${key}">name</var>
<status status="PASS" start="2024-04-27T16:15:22.793830" elapsed="0.002026"/>
</iter>
<iter>
<kw name="Dictionary Should Contain Key" owner="Collections">
<msg time="2024-04-27T16:15:22.796571" level="INFO">False</msg>
<arg>${json_data['results'][0]}</arg>
<arg>${key}</arg>
<doc>Fails if ``key`` is not found from ``dictionary``.</doc>
<status status="PASS" start="2024-04-27T16:15:22.796182" elapsed="0.000451"/>
</kw>
<kw name="Log" owner="BuiltIn">
<msg time="2024-04-27T16:15:22.797342" level="INFO">{'gender': 'male', 'name': {'title': 'Mr', 'first': 'Ary', 'last': 'Aragão'}, 'location': {'street': {'number': 8037, 'name': 'Rua da Paz '}, 'city': 'Patos', 'state': 'Minas Gerais', 'country': 'Brazil', 'postcode': 45158, 'coordinates': {'latitude': '-79.8205', 'longitude': '-124.4052'}, 'timezone': {'offset': '-12:00', 'description': 'Eniwetok, Kwajalein'}}, 'email': 'ary.aragao@example.com', 'login': {'uuid': '200c3a76-18be-47c7-a853-cc3b10493349', 'username': 'goldenelephant780', 'password': 'losers', 'salt': 'hGR6BXCA', 'md5': 'c3fd44c066b267a1f224ff92471f3979', 'sha1': '369a7592d25a7c67ba7f214477d9fab649473d1e', 'sha256': '167c3b31cb07e862663ef0e2ece7141024adcf4500b51da4442491b9dc8b6849'}, 'dob': {'date': '1988-01-26T03:36:36.366Z', 'age': 36}, 'registered': {'date': '2006-11-28T03:20:53.601Z', 'age': 17}, 'phone': '(00) 2622-2611', 'cell': '(53) 8041-4483', 'id': {'name': 'CPF', 'value': '647.544.001-05'}, 'picture': {'large': 'https://randomuser.me/api/portraits/men/71.jpg', 'medium': 'https://randomuser.me/api/portraits/med/men/71.jpg', 'thumbnail': 'https://randomuser.me/api/portraits/thumb/men/71.jpg'}, 'nat': 'BR'}</msg>
<arg>${json_data['results'][0]}</arg>
<doc>Logs the given message with the given level.</doc>
<status status="PASS" start="2024-04-27T16:15:22.796958" elapsed="0.000435"/>
</kw>
<kw name="Log" owner="BuiltIn">
<msg time="2024-04-27T16:15:22.797823" level="INFO">location</msg>
<arg>${key}</arg>
<doc>Logs the given message with the given level.</doc>
<status status="PASS" start="2024-04-27T16:15:22.797694" elapsed="0.000168"/>
</kw>
<var name="${key}">location</var>
<status status="PASS" start="2024-04-27T16:15:22.796067" elapsed="0.002011"/>
</iter>
<iter>
<kw name="Dictionary Should Contain Key" owner="Collections">
<msg time="2024-04-27T16:15:22.798760" level="INFO">False</msg>
<arg>${json_data['results'][0]}</arg>
<arg>${key}</arg>
<doc>Fails if ``key`` is not found from ``dictionary``.</doc>
<status status="PASS" start="2024-04-27T16:15:22.798363" elapsed="0.000435"/>
</kw>
<kw name="Log" owner="BuiltIn">
<msg time="2024-04-27T16:15:22.799579" level="INFO">{'gender': 'male', 'name': {'title': 'Mr', 'first': 'Ary', 'last': 'Aragão'}, 'location': {'street': {'number': 8037, 'name': 'Rua da Paz '}, 'city': 'Patos', 'state': 'Minas Gerais', 'country': 'Brazil', 'postcode': 45158, 'coordinates': {'latitude': '-79.8205', 'longitude': '-124.4052'}, 'timezone': {'offset': '-12:00', 'description': 'Eniwetok, Kwajalein'}}, 'email': 'ary.aragao@example.com', 'login': {'uuid': '200c3a76-18be-47c7-a853-cc3b10493349', 'username': 'goldenelephant780', 'password': 'losers', 'salt': 'hGR6BXCA', 'md5': 'c3fd44c066b267a1f224ff92471f3979', 'sha1': '369a7592d25a7c67ba7f214477d9fab649473d1e', 'sha256': '167c3b31cb07e862663ef0e2ece7141024adcf4500b51da4442491b9dc8b6849'}, 'dob': {'date': '1988-01-26T03:36:36.366Z', 'age': 36}, 'registered': {'date': '2006-11-28T03:20:53.601Z', 'age': 17}, 'phone': '(00) 2622-2611', 'cell': '(53) 8041-4483', 'id': {'name': 'CPF', 'value': '647.544.001-05'}, 'picture': {'large': 'https://randomuser.me/api/portraits/men/71.jpg', 'medium': 'https://randomuser.me/api/portraits/med/men/71.jpg', 'thumbnail': 'https://randomuser.me/api/portraits/thumb/men/71.jpg'}, 'nat': 'BR'}</msg>
<arg>${json_data['results'][0]}</arg>
<doc>Logs the given message with the given level.</doc>
<status status="PASS" start="2024-04-27T16:15:22.799097" elapsed="0.000557"/>
</kw>
<kw name="Log" owner="BuiltIn">
<msg time="2024-04-27T16:15:22.800249" level="INFO">email</msg>
<arg>${key}</arg>
<doc>Logs the given message with the given level.</doc>
<status status="PASS" start="2024-04-27T16:15:22.800074" elapsed="0.000216"/>
</kw>
<var name="${key}">email</var>
<status status="PASS" start="2024-04-27T16:15:22.798251" elapsed="0.002271"/>
</iter>
<iter>
<kw name="Dictionary Should Contain Key" owner="Collections">
<msg time="2024-04-27T16:15:22.801238" level="INFO">False</msg>
<arg>${json_data['results'][0]}</arg>
<arg>${key}</arg>
<doc>Fails if ``key`` is not found from ``dictionary``.</doc>
<status status="PASS" start="2024-04-27T16:15:22.800848" elapsed="0.000427"/>
</kw>
<kw name="Log" owner="BuiltIn">
<msg time="2024-04-27T16:15:22.801949" level="INFO">{'gender': 'male', 'name': {'title': 'Mr', 'first': 'Ary', 'last': 'Aragão'}, 'location': {'street': {'number': 8037, 'name': 'Rua da Paz '}, 'city': 'Patos', 'state': 'Minas Gerais', 'country': 'Brazil', 'postcode': 45158, 'coordinates': {'latitude': '-79.8205', 'longitude': '-124.4052'}, 'timezone': {'offset': '-12:00', 'description': 'Eniwetok, Kwajalein'}}, 'email': 'ary.aragao@example.com', 'login': {'uuid': '200c3a76-18be-47c7-a853-cc3b10493349', 'username': 'goldenelephant780', 'password': 'losers', 'salt': 'hGR6BXCA', 'md5': 'c3fd44c066b267a1f224ff92471f3979', 'sha1': '369a7592d25a7c67ba7f214477d9fab649473d1e', 'sha256': '167c3b31cb07e862663ef0e2ece7141024adcf4500b51da4442491b9dc8b6849'}, 'dob': {'date': '1988-01-26T03:36:36.366Z', 'age': 36}, 'registered': {'date': '2006-11-28T03:20:53.601Z', 'age': 17}, 'phone': '(00) 2622-2611', 'cell': '(53) 8041-4483', 'id': {'name': 'CPF', 'value': '647.544.001-05'}, 'picture': {'large': 'https://randomuser.me/api/portraits/men/71.jpg', 'medium': 'https://randomuser.me/api/portraits/med/men/71.jpg', 'thumbnail': 'https://randomuser.me/api/portraits/thumb/men/71.jpg'}, 'nat': 'BR'}</msg>
<arg>${json_data['results'][0]}</arg>
<doc>Logs the given message with the given level.</doc>
<status status="PASS" start="2024-04-27T16:15:22.801572" elapsed="0.000429"/>
</kw>
<kw name="Log" owner="BuiltIn">
<msg time="2024-04-27T16:15:22.802432" level="INFO">login</msg>
<arg>${key}</arg>
<doc>Logs the given message with the given level.</doc>
<status status="PASS" start="2024-04-27T16:15:22.802305" elapsed="0.000165"/>
</kw>
<var name="${key}">login</var>
<status status="PASS" start="2024-04-27T16:15:22.800733" elapsed="0.001953"/>
</iter>
<var>${key}</var>
<value>@{expected_keys}</value>
<status status="PASS" start="2024-04-27T16:15:22.791362" elapsed="0.011475"/>
</for>
<kw name="Create List" owner="BuiltIn">
<msg time="2024-04-27T16:15:22.803185" level="INFO">${expected_keysTwo} = ['username', 'password']</msg>
<var>${expected_keysTwo}</var>
<arg>username</arg>
<arg>password</arg>
<doc>Returns a list containing given items.</doc>
<status status="PASS" start="2024-04-27T16:15:22.803045" elapsed="0.000165"/>
</kw>
<for flavor="IN">
<iter>
<kw name="Dictionary Should Contain Key" owner="Collections">
<msg time="2024-04-27T16:15:22.804121" level="INFO">False</msg>
<arg>${json_data['results'][0]['login']}</arg>
<arg>${keyTwo}</arg>
<doc>Fails if ``key`` is not found from ``dictionary``.</doc>
<status status="PASS" start="2024-04-27T16:15:22.803730" elapsed="0.000428"/>
</kw>
<kw name="Dictionary Should Contain Key" owner="Collections">
<msg time="2024-04-27T16:15:22.804888" level="INFO">False</msg>
<arg>${json_data['results'][0]['login']}</arg>
<arg>${keyTwo}</arg>
<doc>Fails if ``key`` is not found from ``dictionary``.</doc>
<status status="PASS" start="2024-04-27T16:15:22.804456" elapsed="0.000471"/>
</kw>
<kw name="Log" owner="BuiltIn">
<msg time="2024-04-27T16:15:22.805374" level="INFO">username</msg>
<arg>${keyTwo}</arg>
<doc>Logs the given message with the given level.</doc>
<status status="PASS" start="2024-04-27T16:15:22.805238" elapsed="0.000178"/>
</kw>
<var name="${keyTwo}">username</var>
<status status="PASS" start="2024-04-27T16:15:22.803620" elapsed="0.002010"/>
</iter>
<iter>
<kw name="Dictionary Should Contain Key" owner="Collections">
<msg time="2024-04-27T16:15:22.806383" level="INFO">False</msg>
<arg>${json_data['results'][0]['login']}</arg>
<arg>${keyTwo}</arg>
<doc>Fails if ``key`` is not found from ``dictionary``.</doc>
<status status="PASS" start="2024-04-27T16:15:22.805912" elapsed="0.000517"/>
</kw>
<kw name="Dictionary Should Contain Key" owner="Collections">
<msg time="2024-04-27T16:15:22.807113" level="INFO">False</msg>
<arg>${json_data['results'][0]['login']}</arg>
<arg>${keyTwo}</arg>
<doc>Fails if ``key`` is not found from ``dictionary``.</doc>
<status status="PASS" start="2024-04-27T16:15:22.806727" elapsed="0.000422"/>
</kw>
<kw name="Log" owner="BuiltIn">
<msg time="2024-04-27T16:15:22.807571" level="INFO">password</msg>
<arg>${keyTwo}</arg>
<doc>Logs the given message with the given level.</doc>
<status status="PASS" start="2024-04-27T16:15:22.807443" elapsed="0.000165"/>
</kw>
<var name="${keyTwo}">password</var>
<status status="PASS" start="2024-04-27T16:15:22.805801" elapsed="0.002023"/>
</iter>
<var>${keyTwo}</var>
<value>@{expected_keysTwo}</value>
<status status="PASS" start="2024-04-27T16:15:22.803461" elapsed="0.004482"/>
</for>
<status status="PASS" start="2024-04-27T16:15:22.680725" elapsed="0.127361"/>
</kw>
<doc>Testa a estrutura da resposta da API.</doc>
<tag>testeEstruturaResposta</tag>
<status status="PASS" start="2024-04-27T16:15:22.680072" elapsed="0.128172"/>
</test>
<test id="s1-s1-t4" name="Validar tipos de dados" line="28">
<kw name="Teste de Tipos de Dados" owner="random-user-service">
<kw name="GET On Session" owner="RequestsLibrary">
<msg time="2024-04-27T16:15:22.882661" level="INFO">GET Request : url=https://randomuser.me/api 
 path_url=/api 
 headers={'User-Agent': 'python-requests/2.31.0', 'Accept-Encoding': 'gzip, deflate', 'Accept': '*/*', 'Connection': 'keep-alive'} 
 body=None 
 </msg>
<msg time="2024-04-27T16:15:22.882775" level="INFO">GET Response : url=https://randomuser.me/api 
 status=200, reason=OK 
 headers={'Date': 'Sat, 27 Apr 2024 16:15:22 GMT', 'Content-Type': 'application/json; charset=utf-8', 'Transfer-Encoding': 'chunked', 'Connection': 'keep-alive', 'X-Powered-By': 'Express', 'Access-Control-Allow-Origin': '*', 'Cache-Control': 'no-cache', 'ETag': 'W/"497-9Xsfv55lnSHLLwFsFSlIBstIICw"', 'Vary': 'Accept-Encoding', 'Content-Encoding': 'gzip', 'CF-Cache-Status': 'DYNAMIC', 'Report-To': '{"endpoints":[{"url":"https:\\/\\/a.nel.cloudflare.com\\/report\\/v4?s=CmnUO78wL7WtmqI6%2Bd4t33B%2Bva4BaUYZ1HECQ8txK9oBiyX%2BI0ol6dB34Tv%2FWV2ElyK%2B8zARvsz6LGL0FKo1bxlXHpBYlgepiqJCvC5wpnmId7X2wxWajD74292SuKEl"}],"group":"cf-nel","max_age":604800}', 'NEL': '{"success_fraction":0,"report_to":"cf-nel","max_age":604800}', 'Server': 'cloudflare', 'CF-RAY': '87b01c679c9122cf-ORD', 'alt-svc': 'h3=":443"; ma=86400'} 
 body={"results":[{"gender":"female","name":{"title":"Ms","first":"Mestan","last":"Bakırcıoğlu"},"location":{"street":{"number":9898,"name":"Bağdat Cd"},"city":"Malatya","state":"Karabük","country":"Turkey","postcode":15754,"coordinates":{"latitude":"67.8852","longitude":"147.3648"},"timezone":{"offset":"-4:00","description":"Atlantic Time (Canada), Caracas, La Paz"}},"email":"mestan.bakircioglu@example.com","login":{"uuid":"92d4fd8f-1266-47e8-96ba-f4e2844858a0","username":"redzebra359","password":"redrose","salt":"izyE5IxA","md5":"ec45dd82199ce7c2a2318d8dc90bd126","sha1":"ab39f0ce77bd44683b16f8515e68f92fa6fab5ac","sha256":"982f2fdd7cf5511878b56957d942dca5af72623b28d0ec15fc7d921739a96261"},"dob":{"date":"1997-06-08T09:18:24.277Z","age":26},"registered":{"date":"2005-07-03T06:15:22.938Z","age":18},"phone":"(225)-356-0414","cell":"(337)-272-5083","id":{"name":"","value":null},"picture":{"large":"https://randomuser.me/api/portraits/women/49.jpg","medium":"https://randomuser.me/api/portraits/med/women/49.jpg","thumbnail":"https://randomuser.me/api/portraits/thumb/women/49.jpg"},"nat":"TR"}],"info":{"seed":"a71b5de7f5a82f4d","results":1,"page":1,"version":"1.4"}} 
 </msg>
<msg time="2024-04-27T16:15:22.882863" level="INFO">/opt/hostedtoolcache/Python/3.12.3/x64/lib/python3.12/site-packages/urllib3/connectionpool.py:1103: InsecureRequestWarning: Unverified HTTPS request is being made to host 'randomuser.me'. Adding certificate verification is strongly advised. See: https://urllib3.readthedocs.io/en/latest/advanced-usage.html#tls-warnings
  warnings.warn(</msg>
<msg time="2024-04-27T16:15:22.882996" level="INFO">${response} = &lt;Response [200]&gt;</msg>
<var>${response}</var>
<arg>consultarAPI</arg>
<arg>/api</arg>
<doc>Sends a GET request on a previously created HTTP Session.</doc>
<status status="PASS" start="2024-04-27T16:15:22.810875" elapsed="0.072157"/>
</kw>
<kw name="Set Variable" owner="BuiltIn">
<msg time="2024-04-27T16:15:22.884188" level="INFO">${json_data} = {'results': [{'gender': 'female', 'name': {'title': 'Ms', 'first': 'Mestan', 'last': 'Bakırcıoğlu'}, 'location': {'street': {'number': 9898, 'name': 'Bağdat Cd'}, 'city': 'Malatya', 'state': 'Karabük'...</msg>
<var>${json_data}</var>
<arg>${response.json()}</arg>
<doc>Returns the given values which can then be assigned to a variables.</doc>
<status status="PASS" start="2024-04-27T16:15:22.883630" elapsed="0.000589"/>
</kw>
<kw name="Log" owner="BuiltIn">
<msg time="2024-04-27T16:15:22.884818" level="INFO">{'results': [{'gender': 'female', 'name': {'title': 'Ms', 'first': 'Mestan', 'last': 'Bakırcıoğlu'}, 'location': {'street': {'number': 9898, 'name': 'Bağdat Cd'}, 'city': 'Malatya', 'state': 'Karabük', 'country': 'Turkey', 'postcode': 15754, 'coordinates': {'latitude': '67.8852', 'longitude': '147.3648'}, 'timezone': {'offset': '-4:00', 'description': 'Atlantic Time (Canada), Caracas, La Paz'}}, 'email': 'mestan.bakircioglu@example.com', 'login': {'uuid': '92d4fd8f-1266-47e8-96ba-f4e2844858a0', 'username': 'redzebra359', 'password': 'redrose', 'salt': 'izyE5IxA', 'md5': 'ec45dd82199ce7c2a2318d8dc90bd126', 'sha1': 'ab39f0ce77bd44683b16f8515e68f92fa6fab5ac', 'sha256': '982f2fdd7cf5511878b56957d942dca5af72623b28d0ec15fc7d921739a96261'}, 'dob': {'date': '1997-06-08T09:18:24.277Z', 'age': 26}, 'registered': {'date': '2005-07-03T06:15:22.938Z', 'age': 18}, 'phone': '(225)-356-0414', 'cell': '(337)-272-5083', 'id': {'name': '', 'value': None}, 'picture': {'large': 'https://randomuser.me/api/portraits/women/49.jpg', 'medium': 'https://randomuser.me/api/portraits/med/women/49.jpg', 'thumbnail': 'https://randomuser.me/api/portraits/thumb/women/49.jpg'}, 'nat': 'TR'}], 'info': {'seed': 'a71b5de7f5a82f4d', 'results': 1, 'page': 1, 'version': '1.4'}}</msg>
<arg>${json_data}</arg>
<doc>Logs the given message with the given level.</doc>
<status status="PASS" start="2024-04-27T16:15:22.884586" elapsed="0.000326"/>
</kw>
<kw name="Should Be String" owner="String">
<arg>${json_data['results'][0]['gender']}</arg>
<doc>Fails if the given ``item`` is not a string.</doc>
<status status="PASS" start="2024-04-27T16:15:22.885239" elapsed="0.000383"/>
</kw>
<kw name="Should Match Regexp" owner="BuiltIn">
<arg>${json_data['results'][0]['email']}</arg>
<arg>^[a-zA-Z0-9._%+-]+@[a-zA-Z0-9.-]+\.[a-zA-Z]{2,}$</arg>
<doc>Fails if ``string`` does not match ``pattern`` as a regular expression.</doc>
<status status="PASS" start="2024-04-27T16:15:22.885820" elapsed="0.000518"/>
</kw>
<kw name="Should Match Regexp" owner="BuiltIn">
<arg>${json_data['results'][0]['dob']['date']}</arg>
<arg>\\d{4}-\\d{2}-\\d{2}T\\d{2}:\\d{2}:\\d{2}\\.\\d{3}Z</arg>
<doc>Fails if ``string`` does not match ``pattern`` as a regular expression.</doc>
<status status="PASS" start="2024-04-27T16:15:22.886539" elapsed="0.000492"/>
</kw>
<kw name="Should Match Regexp" owner="BuiltIn">
<arg>${json_data['results'][0]['registered']['date']}</arg>
<arg>\\d{4}-\\d{2}-\\d{2}T\\d{2}:\\d{2}:\\d{2}\\.\\d{3}Z</arg>
<doc>Fails if ``string`` does not match ``pattern`` as a regular expression.</doc>
<status status="PASS" start="2024-04-27T16:15:22.887225" elapsed="0.000368"/>
</kw>
<kw name="Should Match Regexp" owner="BuiltIn">
<arg>${json_data['results'][0]['picture']['large']}</arg>
<arg>^https?://.*\.(?:png|jpe?g|gif|bmp)$</arg>
<doc>Fails if ``string`` does not match ``pattern`` as a regular expression.</doc>
<status status="PASS" start="2024-04-27T16:15:22.887780" elapsed="0.000469"/>
</kw>
<kw name="Should Match Regexp" owner="BuiltIn">
<arg>${json_data['results'][0]['picture']['medium']}</arg>
<arg>^https?://.*\.(?:png|jpe?g|gif|bmp)$</arg>
<doc>Fails if ``string`` does not match ``pattern`` as a regular expression.</doc>
<status status="PASS" start="2024-04-27T16:15:22.888443" elapsed="0.000394"/>
</kw>
<kw name="Should Match Regexp" owner="BuiltIn">
<arg>${json_data['results'][0]['picture']['thumbnail']}</arg>
<arg>^https?://.*\.(?:png|jpe?g|gif|bmp)$</arg>
<doc>Fails if ``string`` does not match ``pattern`` as a regular expression.</doc>
<status status="PASS" start="2024-04-27T16:15:22.889034" elapsed="0.000361"/>
</kw>
<kw name="Log" owner="BuiltIn">
<msg time="2024-04-27T16:15:22.889911" level="INFO">{'large': 'https://randomuser.me/api/portraits/women/49.jpg', 'medium': 'https://randomuser.me/api/portraits/med/women/49.jpg', 'thumbnail': 'https://randomuser.me/api/portraits/thumb/women/49.jpg'}</msg>
<arg>${json_data['results'][0]['picture']}</arg>
<doc>Logs the given message with the given level.</doc>
<status status="PASS" start="2024-04-27T16:15:22.889582" elapsed="0.000371"/>
</kw>
<status status="PASS" start="2024-04-27T16:15:22.810642" elapsed="0.079573"/>
</kw>
<kw name="Teste de Tipos de Dados - Postcode" owner="random-user-service">
<kw name="GET On Session" owner="RequestsLibrary">
<msg time="2024-04-27T16:15:22.963627" level="INFO">GET Request : url=https://randomuser.me/api 
 path_url=/api 
 headers={'User-Agent': 'python-requests/2.31.0', 'Accept-Encoding': 'gzip, deflate', 'Accept': '*/*', 'Connection': 'keep-alive'} 
 body=None 
 </msg>
<msg time="2024-04-27T16:15:22.963720" level="INFO">GET Response : url=https://randomuser.me/api 
 status=200, reason=OK 
 headers={'Date': 'Sat, 27 Apr 2024 16:15:22 GMT', 'Content-Type': 'application/json; charset=utf-8', 'Transfer-Encoding': 'chunked', 'Connection': 'keep-alive', 'X-Powered-By': 'Express', 'Access-Control-Allow-Origin': '*', 'Cache-Control': 'no-cache', 'ETag': 'W/"46a-5/0HwumpX4YV9DBEtRdzkDBjZWc"', 'Vary': 'Accept-Encoding', 'Content-Encoding': 'gzip', 'CF-Cache-Status': 'DYNAMIC', 'Report-To': '{"endpoints":[{"url":"https:\\/\\/a.nel.cloudflare.com\\/report\\/v4?s=Jr6qZS9cr%2FOa%2BQASCYcyuwUNKrJ8MeDUCSMP83%2BDj5kdxM%2Fwnd2PBt5jR%2FbCbGFD2XCeg12dObILl%2B4blShDeF7hg4sGffgIuoREevGmF1zP9aqU1XFvprlDEMLMdoZH"}],"group":"cf-nel","max_age":604800}', 'NEL': '{"success_fraction":0,"report_to":"cf-nel","max_age":604800}', 'Server': 'cloudflare', 'CF-RAY': '87b01c681d5222cf-ORD', 'alt-svc': 'h3=":443"; ma=86400'} 
 body={"results":[{"gender":"female","name":{"title":"Mrs","first":"Nalan","last":"Aydan"},"location":{"street":{"number":3861,"name":"Maçka Cd"},"city":"Iğdır","state":"Burdur","country":"Turkey","postcode":40446,"coordinates":{"latitude":"66.9283","longitude":"54.9605"},"timezone":{"offset":"-2:00","description":"Mid-Atlantic"}},"email":"nalan.aydan@example.com","login":{"uuid":"b2566bf2-50b2-434a-ba4a-3d0261dbf96a","username":"redelephant851","password":"deedee","salt":"bUkmrNUP","md5":"2c76bcb3b2e76ae5204182136df81412","sha1":"bf0b763ce1e554b66844e169e8c7b87c11992620","sha256":"02353fa70eec125347d7094f607900ce0d59cceb5b3e762dcc9696fec61c15ce"},"dob":{"date":"1945-08-02T23:17:37.437Z","age":78},"registered":{"date":"2005-09-08T21:41:35.370Z","age":18},"phone":"(087)-954-6774","cell":"(042)-020-2550","id":{"name":"","value":null},"picture":{"large":"https://randomuser.me/api/portraits/women/39.jpg","medium":"https://randomuser.me/api/portraits/med/women/39.jpg","thumbnail":"https://randomuser.me/api/portraits/thumb/women/39.jpg"},"nat":"TR"}],"info":{"seed":"864e70733bc38e4f","results":1,"page":1,"version":"1.4"}} 
 </msg>
<msg time="2024-04-27T16:15:22.963798" level="INFO">/opt/hostedtoolcache/Python/3.12.3/x64/lib/python3.12/site-packages/urllib3/connectionpool.py:1103: InsecureRequestWarning: Unverified HTTPS request is being made to host 'randomuser.me'. Adding certificate verification is strongly advised. See: https://urllib3.readthedocs.io/en/latest/advanced-usage.html#tls-warnings
  warnings.warn(</msg>
<msg time="2024-04-27T16:15:22.963920" level="INFO">${response} = &lt;Response [200]&gt;</msg>
<var>${response}</var>
<arg>consultarAPI</arg>
<arg>/api</arg>
<doc>Sends a GET request on a previously created HTTP Session.</doc>
<status status="PASS" start="2024-04-27T16:15:22.890696" elapsed="0.073271"/>
</kw>
<kw name="Set Variable" owner="BuiltIn">
<msg time="2024-04-27T16:15:22.964972" level="INFO">${json_data} = {'results': [{'gender': 'female', 'name': {'title': 'Mrs', 'first': 'Nalan', 'last': 'Aydan'}, 'location': {'street': {'number': 3861, 'name': 'Maçka Cd'}, 'city': 'Iğdır', 'state': 'Burdur', 'country...</msg>
<var>${json_data}</var>
<arg>${response.json()}</arg>
<doc>Returns the given values which can then be assigned to a variables.</doc>
<status status="PASS" start="2024-04-27T16:15:22.964425" elapsed="0.000578"/>
</kw>
<kw name="Log" owner="BuiltIn">
<msg time="2024-04-27T16:15:22.965496" level="INFO">{'results': [{'gender': 'female', 'name': {'title': 'Mrs', 'first': 'Nalan', 'last': 'Aydan'}, 'location': {'street': {'number': 3861, 'name': 'Maçka Cd'}, 'city': 'Iğdır', 'state': 'Burdur', 'country': 'Turkey', 'postcode': 40446, 'coordinates': {'latitude': '66.9283', 'longitude': '54.9605'}, 'timezone': {'offset': '-2:00', 'description': 'Mid-Atlantic'}}, 'email': 'nalan.aydan@example.com', 'login': {'uuid': 'b2566bf2-50b2-434a-ba4a-3d0261dbf96a', 'username': 'redelephant851', 'password': 'deedee', 'salt': 'bUkmrNUP', 'md5': '2c76bcb3b2e76ae5204182136df81412', 'sha1': 'bf0b763ce1e554b66844e169e8c7b87c11992620', 'sha256': '02353fa70eec125347d7094f607900ce0d59cceb5b3e762dcc9696fec61c15ce'}, 'dob': {'date': '1945-08-02T23:17:37.437Z', 'age': 78}, 'registered': {'date': '2005-09-08T21:41:35.370Z', 'age': 18}, 'phone': '(087)-954-6774', 'cell': '(042)-020-2550', 'id': {'name': '', 'value': None}, 'picture': {'large': 'https://randomuser.me/api/portraits/women/39.jpg', 'medium': 'https://randomuser.me/api/portraits/med/women/39.jpg', 'thumbnail': 'https://randomuser.me/api/portraits/thumb/women/39.jpg'}, 'nat': 'TR'}], 'info': {'seed': '864e70733bc38e4f', 'results': 1, 'page': 1, 'version': '1.4'}}</msg>
<arg>${json_data}</arg>
<doc>Logs the given message with the given level.</doc>
<status status="PASS" start="2024-04-27T16:15:22.965331" elapsed="0.000250"/>
</kw>
<kw name="Should Be Equal As Numbers" owner="BuiltIn">
<arg>${json_data['results'][0]['location']['postcode']}</arg>
<arg>${json_data['results'][0]['location']['postcode']}</arg>
<doc>Fails if objects are unequal after converting them to real numbers.</doc>
<status status="PASS" start="2024-04-27T16:15:22.966057" elapsed="0.000639"/>
</kw>
<kw name="Log" owner="BuiltIn">
<msg time="2024-04-27T16:15:22.967224" level="INFO">40446</msg>
<arg>${json_data['results'][0]['location']['postcode']}</arg>
<doc>Logs the given message with the given level.</doc>
<status status="PASS" start="2024-04-27T16:15:22.966889" elapsed="0.000375"/>
</kw>
<status status="PASS" start="2024-04-27T16:15:22.890449" elapsed="0.077070"/>
</kw>
<doc>Testa se os tipos de dados na resposta da API estão corretos.</doc>
<tag>testeTiposDados</tag>
<status status="PASS" start="2024-04-27T16:15:22.810088" elapsed="0.157601"/>
</test>
<test id="s1-s1-t5" name="Validar conteudo" line="35">
<kw name="Teste de Tipos de Conteudo" owner="random-user-service">
<kw name="GET On Session" owner="RequestsLibrary">
<msg time="2024-04-27T16:15:23.083742" level="INFO">GET Request : url=https://randomuser.me/api 
 path_url=/api 
 headers={'User-Agent': 'python-requests/2.31.0', 'Accept-Encoding': 'gzip, deflate', 'Accept': '*/*', 'Connection': 'keep-alive'} 
 body=None 
 </msg>
<msg time="2024-04-27T16:15:23.083841" level="INFO">GET Response : url=https://randomuser.me/api 
 status=200, reason=OK 
 headers={'Date': 'Sat, 27 Apr 2024 16:15:23 GMT', 'Content-Type': 'application/json; charset=utf-8', 'Transfer-Encoding': 'chunked', 'Connection': 'keep-alive', 'X-Powered-By': 'Express', 'Access-Control-Allow-Origin': '*', 'Cache-Control': 'no-cache', 'ETag': 'W/"481-XqO42W+ws1RA373ihXDntTnfT5E"', 'Vary': 'Accept-Encoding', 'Content-Encoding': 'gzip', 'CF-Cache-Status': 'DYNAMIC', 'Report-To': '{"endpoints":[{"url":"https:\\/\\/a.nel.cloudflare.com\\/report\\/v4?s=L2Xbp8NgSExQFn3t0s8oV%2Fy2E4PMo9zBVP9Z4fEgwq5sW%2F2AkUeSsjspcyKP58vrojHIG%2BBC0hVl850uRGNt7Wf3BLHb2S5PaXKm6KLOT5wUdQhSJMCFeJk3lSUJsZS%2B"}],"group":"cf-nel","max_age":604800}', 'NEL': '{"success_fraction":0,"report_to":"cf-nel","max_age":604800}', 'Server': 'cloudflare', 'CF-RAY': '87b01c689dea22cf-ORD', 'alt-svc': 'h3=":443"; ma=86400'} 
 body={"results":[{"gender":"female","name":{"title":"Ms","first":"Alice","last":"Kelley"},"location":{"street":{"number":5697,"name":"Taylor St"},"city":"Hampton","state":"California","country":"United States","postcode":65736,"coordinates":{"latitude":"85.1490","longitude":"108.3742"},"timezone":{"offset":"-2:00","description":"Mid-Atlantic"}},"email":"alice.kelley@example.com","login":{"uuid":"07b69d61-9f88-4674-a419-9b8b082a764c","username":"purplemeercat727","password":"amanda","salt":"0IFxBrzr","md5":"804b2dd5c51650d0074c58b3b0570382","sha1":"6d87be02e5ea07bef2b9b66278e6f582e0c7ea06","sha256":"5b3efb320fe23caec18d044287dfa9fe51b86a5b77f91b3798296d5f2731db58"},"dob":{"date":"1973-10-24T21:42:30.247Z","age":50},"registered":{"date":"2016-11-20T13:10:27.496Z","age":7},"phone":"(616) 543-7415","cell":"(262) 436-3166","id":{"name":"SSN","value":"159-15-2546"},"picture":{"large":"https://randomuser.me/api/portraits/women/4.jpg","medium":"https://randomuser.me/api/portraits/med/women/4.jpg","thumbnail":"https://randomuser.me/api/portraits/thumb/women/4.jpg"},"nat":"US"}],"info":{"seed":"dcc80ec3cc827216","results":1,"page":1,"version":"1.4"}} 
 </msg>
<msg time="2024-04-27T16:15:23.083923" level="INFO">/opt/hostedtoolcache/Python/3.12.3/x64/lib/python3.12/site-packages/urllib3/connectionpool.py:1103: InsecureRequestWarning: Unverified HTTPS request is being made to host 'randomuser.me'. Adding certificate verification is strongly advised. See: https://urllib3.readthedocs.io/en/latest/advanced-usage.html#tls-warnings
  warnings.warn(</msg>
<msg time="2024-04-27T16:15:23.084048" level="INFO">${response} = &lt;Response [200]&gt;</msg>
<var>${response}</var>
<arg>consultarAPI</arg>
<arg>/api</arg>
<doc>Sends a GET request on a previously created HTTP Session.</doc>
<status status="PASS" start="2024-04-27T16:15:22.970178" elapsed="0.113917"/>
</kw>
<kw name="Set Variable" owner="BuiltIn">
<msg time="2024-04-27T16:15:23.085140" level="INFO">${json_data} = {'results': [{'gender': 'female', 'name': {'title': 'Ms', 'first': 'Alice', 'last': 'Kelley'}, 'location': {'street': {'number': 5697, 'name': 'Taylor St'}, 'city': 'Hampton', 'state': 'California', '...</msg>
<var>${json_data}</var>
<arg>${response.json()}</arg>
<doc>Returns the given values which can then be assigned to a variables.</doc>
<status status="PASS" start="2024-04-27T16:15:23.084579" elapsed="0.000591"/>
</kw>
<kw name="Set Variable" owner="BuiltIn">
<msg time="2024-04-27T16:15:23.085910" level="INFO">${name_title} = Ms</msg>
<var>${name_title}</var>
<arg>${json_data["results"][0]["name"]["title"]}</arg>
<doc>Returns the given values which can then be assigned to a variables.</doc>
<status status="PASS" start="2024-04-27T16:15:23.085506" elapsed="0.000430"/>
</kw>
<kw name="Create List" owner="BuiltIn">
<msg time="2024-04-27T16:15:23.086399" level="INFO">${allowed_titles} = ['Mr', 'Ms', 'Miss', 'Mrs', 'Madame', 'Monsieur']</msg>
<var>${allowed_titles}</var>
<arg>Mr</arg>
<arg>Ms</arg>
<arg>Miss</arg>
<arg>Mrs</arg>
<arg>Madame</arg>
<arg>Monsieur</arg>
<doc>Returns a list containing given items.</doc>
<status status="PASS" start="2024-04-27T16:15:23.086247" elapsed="0.000177"/>
</kw>
<kw name="List Should Contain Value" owner="Collections">
<msg time="2024-04-27T16:15:23.086925" level="INFO">False</msg>
<arg>${allowed_titles}</arg>
<arg>${name_title}</arg>
<doc>Fails if the ``value`` is not found from ``list``.</doc>
<status status="PASS" start="2024-04-27T16:15:23.086746" elapsed="0.000218"/>
</kw>
<kw name="Set Variable" owner="BuiltIn">
<msg time="2024-04-27T16:15:23.087648" level="INFO">${name_country} = US</msg>
<var>${name_country}</var>
<arg>${json_data["results"][0]["nat"]}</arg>
<doc>Returns the given values which can then be assigned to a variables.</doc>
<status status="PASS" start="2024-04-27T16:15:23.087259" elapsed="0.000414"/>
</kw>
<kw name="Create List" owner="BuiltIn">
<msg time="2024-04-27T16:15:23.088570" level="INFO">${list_country} = ['AD', 'AE', 'AF', 'AG', 'AI', 'AL', 'AM', 'AO', 'AQ', 'AR', 'AS', 'AT', 'AU', 'AW', 'AX', 'AZ', 'BA', 'BB', 'BD', 'BE', 'BF', 'BG', 'BH', 'BI', 'BJ', 'BL', 'BM', 'BN', 'BO', 'BQ', 'BR', 'BS', 'BT', '...</msg>
<var>${list_country}</var>
<arg>AD</arg>
<arg>AE</arg>
<arg>AF</arg>
<arg>AG</arg>
<arg>AI</arg>
<arg>AL</arg>
<arg>AM</arg>
<arg>AO</arg>
<arg>AQ</arg>
<arg>AR</arg>
<arg>AS</arg>
<arg>AT</arg>
<arg>AU</arg>
<arg>AW</arg>
<arg>AX</arg>
<arg>AZ</arg>
<arg>BA</arg>
<arg>BB</arg>
<arg>BD</arg>
<arg>BE</arg>
<arg>BF</arg>
<arg>BG</arg>
<arg>BH</arg>
<arg>BI</arg>
<arg>BJ</arg>
<arg>BL</arg>
<arg>BM</arg>
<arg>BN</arg>
<arg>BO</arg>
<arg>BQ</arg>
<arg>BR</arg>
<arg>BS</arg>
<arg>BT</arg>
<arg>BV</arg>
<arg>BW</arg>
<arg>BY</arg>
<arg>BZ</arg>
<arg>CA</arg>
<arg>CC</arg>
<arg>CD</arg>
<arg>CF</arg>
<arg>CG</arg>
<arg>CH</arg>
<arg>CI</arg>
<arg>CK</arg>
<arg>CL</arg>
<arg>CM</arg>
<arg>CN</arg>
<arg>CO</arg>
<arg>CR</arg>
<arg>CU</arg>
<arg>CV</arg>
<arg>CW</arg>
<arg>CX</arg>
<arg>CY</arg>
<arg>CZ</arg>
<arg>DE</arg>
<arg>DJ</arg>
<arg>DK</arg>
<arg>DM</arg>
<arg>DO</arg>
<arg>DZ</arg>
<arg>EC</arg>
<arg>EE</arg>
<arg>EG</arg>
<arg>EH</arg>
<arg>ER</arg>
<arg>ES</arg>
<arg>ET</arg>
<arg>FI</arg>
<arg>FJ</arg>
<arg>FK</arg>
<arg>FM</arg>
<arg>FO</arg>
<arg>FR</arg>
<arg>GA</arg>
<arg>GB</arg>
<arg>GD</arg>
<arg>GE</arg>
<arg>GF</arg>
<arg>GG</arg>
<arg>GH</arg>
<arg>GI</arg>
<arg>GL</arg>
<arg>GM</arg>
<arg>GN</arg>
<arg>GP</arg>
<arg>GQ</arg>
<arg>GR</arg>
<arg>GS</arg>
<arg>GT</arg>
<arg>GU</arg>
<arg>GW</arg>
<arg>GY</arg>
<arg>HK</arg>
<arg>HM</arg>
<arg>HN</arg>
<arg>HR</arg>
<arg>HT</arg>
<arg>HU</arg>
<arg>ID</arg>
<arg>IE</arg>
<arg>IL</arg>
<arg>IM</arg>
<arg>IN</arg>
<arg>IO</arg>
<arg>IQ</arg>
<arg>IR</arg>
<arg>IS</arg>
<arg>IT</arg>
<arg>JE</arg>
<arg>JM</arg>
<arg>JO</arg>
<arg>JP</arg>
<arg>KE</arg>
<arg>KG</arg>
<arg>KH</arg>
<arg>KI</arg>
<arg>KM</arg>
<arg>KN</arg>
<arg>KP</arg>
<arg>KR</arg>
<arg>KW</arg>
<arg>KY</arg>
<arg>KZ</arg>
<arg>LA</arg>
<arg>LB</arg>
<arg>LC</arg>
<arg>LI</arg>
<arg>LK</arg>
<arg>LR</arg>
<arg>LS</arg>
<arg>LT</arg>
<arg>LU</arg>
<arg>LV</arg>
<arg>LY</arg>
<arg>MA</arg>
<arg>MC</arg>
<arg>MD</arg>
<arg>ME</arg>
<arg>MF</arg>
<arg>MG</arg>
<arg>MH</arg>
<arg>MK</arg>
<arg>ML</arg>
<arg>MM</arg>
<arg>MN</arg>
<arg>MO</arg>
<arg>MP</arg>
<arg>MQ</arg>
<arg>MR</arg>
<arg>MS</arg>
<arg>MT</arg>
<arg>MU</arg>
<arg>MV</arg>
<arg>MW</arg>
<arg>MX</arg>
<arg>MY</arg>
<arg>MZ</arg>
<arg>NA</arg>
<arg>NC</arg>
<arg>NE</arg>
<arg>NF</arg>
<arg>NG</arg>
<arg>NI</arg>
<arg>NL</arg>
<arg>NO</arg>
<arg>NP</arg>
<arg>NR</arg>
<arg>NU</arg>
<arg>NZ</arg>
<arg>OM</arg>
<arg>PA</arg>
<arg>PE</arg>
<arg>PF</arg>
<arg>PG</arg>
<arg>PH</arg>
<arg>PK</arg>
<arg>PL</arg>
<arg>PM</arg>
<arg>PN</arg>
<arg>PR</arg>
<arg>PS</arg>
<arg>PT</arg>
<arg>PW</arg>
<arg>PY</arg>
<arg>QA</arg>
<arg>RE</arg>
<arg>RO</arg>
<arg>RS</arg>
<arg>RU</arg>
<arg>RW</arg>
<arg>SA</arg>
<arg>SB</arg>
<arg>SC</arg>
<arg>SD</arg>
<arg>SE</arg>
<arg>SG</arg>
<arg>SH</arg>
<arg>SI</arg>
<arg>SJ</arg>
<arg>SK</arg>
<arg>SL</arg>
<arg>SM</arg>
<arg>SN</arg>
<arg>SO</arg>
<arg>SR</arg>
<arg>SS</arg>
<arg>ST</arg>
<arg>SV</arg>
<arg>SX</arg>
<arg>SY</arg>
<arg>SZ</arg>
<arg>TC</arg>
<arg>TD</arg>
<arg>TF</arg>
<arg>TG</arg>
<arg>TH</arg>
<arg>TJ</arg>
<arg>TK</arg>
<arg>TL</arg>
<arg>TM</arg>
<arg>TN</arg>
<arg>TO</arg>
<arg>TR</arg>
<arg>TT</arg>
<arg>TV</arg>
<arg>TW</arg>
<arg>TZ</arg>
<arg>UA</arg>
<arg>UG</arg>
<arg>UM</arg>
<arg>US</arg>
<arg>UY</arg>
<arg>UZ</arg>
<arg>VA</arg>
<arg>VC</arg>
<arg>VE</arg>
<arg>VG</arg>
<arg>VI</arg>
<arg>VN</arg>
<arg>VU</arg>
<arg>WF</arg>
<arg>WS</arg>
<arg>XK</arg>
<arg>YE</arg>
<arg>YT</arg>
<arg>ZA</arg>
<arg>ZM</arg>
<arg>ZW</arg>
<doc>Returns a list containing given items.</doc>
<status status="PASS" start="2024-04-27T16:15:23.087982" elapsed="0.000614"/>
</kw>
<kw name="List Should Contain Value" owner="Collections">
<msg time="2024-04-27T16:15:23.089651" level="INFO">False</msg>
<arg>${list_country}</arg>
<arg>${name_country}</arg>
<doc>Fails if the ``value`` is not found from ``list``.</doc>
<status status="PASS" start="2024-04-27T16:15:23.089446" elapsed="0.000243"/>
</kw>
<kw name="Run Keyword If" owner="BuiltIn">
<kw name="Should Be True" owner="BuiltIn">
<arg>${True}</arg>
<doc>Fails if the given condition is not true.</doc>
<status status="PASS" start="2024-04-27T16:15:23.090787" elapsed="0.000254"/>
</kw>
<arg>${json_data["results"][0]["location"]["coordinates"]["latitude"]} &gt;= -90 and ${json_data["results"][0]["location"]["coordinates"]["latitude"]} &lt;= 90</arg>
<arg>Should Be True</arg>
<arg>${True}</arg>
<doc>Runs the given keyword with the given arguments, if ``condition`` is true.</doc>
<status status="PASS" start="2024-04-27T16:15:23.090009" elapsed="0.001165"/>
</kw>
<kw name="Run Keyword If" owner="BuiltIn">
<kw name="Should Be True" owner="BuiltIn">
<arg>${True}</arg>
<doc>Fails if the given condition is not true.</doc>
<status status="PASS" start="2024-04-27T16:15:23.092084" elapsed="0.000140"/>
</kw>
<arg>${json_data["results"][0]["location"]["coordinates"]["longitude"]} &gt;= -180 and ${json_data["results"][0]["location"]["coordinates"]["longitude"]} &lt;= 180</arg>
<arg>Should Be True</arg>
<arg>${True}</arg>
<doc>Runs the given keyword with the given arguments, if ``condition`` is true.</doc>
<status status="PASS" start="2024-04-27T16:15:23.091364" elapsed="0.000985"/>
</kw>
<status status="PASS" start="2024-04-27T16:15:22.969949" elapsed="0.122532"/>
</kw>
<doc>Testa o conteúdo específico dos campos retornados pela API.</doc>
<tag>testeConteudo</tag>
<status status="PASS" start="2024-04-27T16:15:22.969496" elapsed="0.123175"/>
</test>
<status status="PASS" start="2024-04-27T16:15:22.262142" elapsed="0.832491"/>
</suite>
<status status="PASS" start="2024-04-27T16:15:22.248772" elapsed="0.851065"/>
</suite>
<statistics>
<total>
<stat pass="5" fail="0" skip="0">All Tests</stat>
</total>
<tag>
<stat pass="1" fail="0" skip="0">testeConteudo</stat>
<stat pass="1" fail="0" skip="0">testeEstruturaResposta</stat>
<stat pass="1" fail="0" skip="0">testeRequisicaoBasica</stat>
<stat pass="1" fail="0" skip="0">testeTiposDados</stat>
</tag>
<suite>
<stat pass="5" fail="0" skip="0" id="s1" name="Tests">Tests</stat>
<stat pass="5" fail="0" skip="0" id="s1-s1" name="Random-User-Test">Tests.Random-User-Test</stat>
</suite>
</statistics>
<errors>
</errors>
</robot>
