<?xml version="1.0" encoding="UTF-8"?>
<robot generator="Robot 7.0 (Python 3.12.2 on linux)" generated="2024-03-27T10:14:41.588656" rpa="false" schemaversion="5">
<suite id="s1" name="Tests" source="/home/runner/work/DesafioQAItauRogerioJordao/DesafioQAItauRogerioJordao/RamdonUser/tests">
<suite id="s1-s1" name="Random-User-Test" source="/home/runner/work/DesafioQAItauRogerioJordao/DesafioQAItauRogerioJordao/RamdonUser/tests/random-user-test.robot">
<test id="s1-s1-t1" name="Conectar" line="13">
<kw name="Conectar API" owner="random-user-service">
<kw name="Create Session" owner="RequestsLibrary">
<msg time="2024-03-27T10:14:41.982909" level="INFO">Creating Session using : alias=consultarAPI, url=https://randomuser.me/, headers={},                     cookies={}, auth=None, timeout=None, proxies=None, verify=False,                     debug=0 </msg>
<arg>consultarAPI</arg>
<arg>${URL}</arg>
<doc>Create Session: create a HTTP session to a server</doc>
<status status="PASS" start="2024-03-27T10:14:41.982688" elapsed="0.000419"/>
</kw>
<status status="PASS" start="2024-03-27T10:14:41.981533" elapsed="0.001962"/>
</kw>
<status status="PASS" start="2024-03-27T10:14:41.980758" elapsed="0.002949"/>
</test>
<test id="s1-s1-t2" name="Validar retorno 200 e JSON Válido" line="16">
<kw name="Teste de Requisicao Basica" owner="random-user-service">
<kw name="GET On Session" owner="RequestsLibrary">
<msg time="2024-03-27T10:14:42.231946" level="INFO">GET Request : url=https://randomuser.me/api 
 path_url=/api 
 headers={'User-Agent': 'python-requests/2.31.0', 'Accept-Encoding': 'gzip, deflate', 'Accept': '*/*', 'Connection': 'keep-alive'} 
 body=None 
 </msg>
<msg time="2024-03-27T10:14:42.232106" level="INFO">GET Response : url=https://randomuser.me/api 
 status=200, reason=OK 
 headers={'Date': 'Wed, 27 Mar 2024 10:14:42 GMT', 'Content-Type': 'application/json; charset=utf-8', 'Transfer-Encoding': 'chunked', 'Connection': 'keep-alive', 'X-Powered-By': 'Express', 'Access-Control-Allow-Origin': '*', 'Cache-Control': 'no-cache', 'ETag': 'W/"481-agrpsySkEUqp8ihC1YkncoOz+JY"', 'Vary': 'Accept-Encoding', 'Content-Encoding': 'gzip', 'CF-Cache-Status': 'DYNAMIC', 'Report-To': '{"endpoints":[{"url":"https:\\/\\/a.nel.cloudflare.com\\/report\\/v4?s=cTW55GkzFdmvGLd%2F%2FuhdlcoHDAI6sfx6Nt1bS02rnIHHGMs7XcQ0UNLBGMTWDGuyXZkzZTFSRCnC7oPS3uY6BOTTubrMh%2FUmrHcniAc5tLcM%2B5wmxhX0ZPIxLVXHJb3j"}],"group":"cf-nel","max_age":604800}', 'NEL': '{"success_fraction":0,"report_to":"cf-nel","max_age":604800}', 'Server': 'cloudflare', 'CF-RAY': '86ae9d719a6ce203-ORD', 'alt-svc': 'h3=":443"; ma=86400'} 
 body={"results":[{"gender":"male","name":{"title":"Mr","first":"Timeo","last":"Faure"},"location":{"street":{"number":2500,"name":"Rue Baraban"},"city":"Rueil-Malmaison","state":"Seine-et-Marne","country":"France","postcode":54685,"coordinates":{"latitude":"-21.1095","longitude":"-59.2332"},"timezone":{"offset":"+3:30","description":"Tehran"}},"email":"timeo.faure@example.com","login":{"uuid":"e4946cd7-25a1-4f28-a027-ab36765883a6","username":"blackladybug685","password":"1965","salt":"lvNf7lI4","md5":"d10ad1c36184652aeddc4a6d0505f468","sha1":"a9dd9e50cbec4fd6491abdce11eb0de54286191d","sha256":"b20ca4010127daf5aeb2cd1d79ce4c27994c0d3cff6c2b3c5b2c3f5d5a2ded67"},"dob":{"date":"1985-08-26T11:47:55.941Z","age":38},"registered":{"date":"2007-02-02T09:15:08.962Z","age":17},"phone":"03-33-55-26-47","cell":"06-56-50-50-87","id":{"name":"INSEE","value":"1850786619512 04"},"picture":{"large":"https://randomuser.me/api/portraits/men/41.jpg","medium":"https://randomuser.me/api/portraits/med/men/41.jpg","thumbnail":"https://randomuser.me/api/portraits/thumb/men/41.jpg"},"nat":"FR"}],"info":{"seed":"f4860c781df4426f","results":1,"page":1,"version":"1.4"}} 
 </msg>
<msg time="2024-03-27T10:14:42.232214" level="INFO">/opt/hostedtoolcache/Python/3.12.2/x64/lib/python3.12/site-packages/urllib3/connectionpool.py:1103: InsecureRequestWarning: Unverified HTTPS request is being made to host 'randomuser.me'. Adding certificate verification is strongly advised. See: https://urllib3.readthedocs.io/en/latest/advanced-usage.html#tls-warnings
  warnings.warn(</msg>
<msg time="2024-03-27T10:14:42.232386" level="INFO">${response} = &lt;Response [200]&gt;</msg>
<var>${response}</var>
<arg>consultarAPI</arg>
<arg>/api</arg>
<doc>Sends a GET request on a previously created HTTP Session.</doc>
<status status="PASS" start="2024-03-27T10:14:41.986372" elapsed="0.246051"/>
</kw>
<kw name="Should Be Equal As Numbers" owner="BuiltIn">
<msg time="2024-03-27T10:14:42.233440" level="INFO">Argument types are:
&lt;class 'int'&gt;
&lt;class 'str'&gt;</msg>
<arg>${response.status_code}</arg>
<arg>200</arg>
<doc>Fails if objects are unequal after converting them to real numbers.</doc>
<status status="PASS" start="2024-03-27T10:14:42.232969" elapsed="0.000538"/>
</kw>
<kw name="Log" owner="BuiltIn">
<msg time="2024-03-27T10:14:42.234238" level="INFO">200</msg>
<arg>${response.status_code}</arg>
<doc>Logs the given message with the given level.</doc>
<status status="PASS" start="2024-03-27T10:14:42.233831" elapsed="0.000451"/>
</kw>
<kw name="Set Variable" owner="BuiltIn">
<msg time="2024-03-27T10:14:42.235062" level="INFO">${json_data} = {'results': [{'gender': 'male', 'name': {'title': 'Mr', 'first': 'Timeo', 'last': 'Faure'}, 'location': {'street': {'number': 2500, 'name': 'Rue Baraban'}, 'city': 'Rueil-Malmaison', 'state': 'Seine-e...</msg>
<var>${json_data}</var>
<arg>${response.json()}</arg>
<doc>Returns the given values which can then be assigned to a variables.</doc>
<status status="PASS" start="2024-03-27T10:14:42.234618" elapsed="0.000473"/>
</kw>
<kw name="Dictionary Should Contain Key" owner="Collections">
<msg time="2024-03-27T10:14:42.235566" level="INFO">False</msg>
<arg>${json_data}</arg>
<arg>results</arg>
<doc>Fails if ``key`` is not found from ``dictionary``.</doc>
<status status="PASS" start="2024-03-27T10:14:42.235397" elapsed="0.000209"/>
</kw>
<status status="PASS" start="2024-03-27T10:14:41.986102" elapsed="0.249767"/>
</kw>
<doc>Testa se a API responde corretamente e retorna um objeto JSON válido.</doc>
<tag>testeRequisicaoBasica</tag>
<status status="PASS" start="2024-03-27T10:14:41.985589" elapsed="0.250475"/>
</test>
<test id="s1-s1-t3" name="Validar estrutura de resposta" line="22">
<kw name="Teste de Estrutura de Resposta" owner="random-user-service">
<kw name="GET On Session" owner="RequestsLibrary">
<msg time="2024-03-27T10:14:42.317834" level="INFO">GET Request : url=https://randomuser.me/api 
 path_url=/api 
 headers={'User-Agent': 'python-requests/2.31.0', 'Accept-Encoding': 'gzip, deflate', 'Accept': '*/*', 'Connection': 'keep-alive'} 
 body=None 
 </msg>
<msg time="2024-03-27T10:14:42.317975" level="INFO">GET Response : url=https://randomuser.me/api 
 status=200, reason=OK 
 headers={'Date': 'Wed, 27 Mar 2024 10:14:42 GMT', 'Content-Type': 'application/json; charset=utf-8', 'Transfer-Encoding': 'chunked', 'Connection': 'keep-alive', 'X-Powered-By': 'Express', 'Access-Control-Allow-Origin': '*', 'Cache-Control': 'no-cache', 'ETag': 'W/"49c-nve2yJgugY10/kHFqI2nvltp5h0"', 'Vary': 'Accept-Encoding', 'Content-Encoding': 'gzip', 'CF-Cache-Status': 'DYNAMIC', 'Report-To': '{"endpoints":[{"url":"https:\\/\\/a.nel.cloudflare.com\\/report\\/v4?s=WE7iZvqjuMqS%2F3bI66E380%2B%2FFmolfq4rGseNs8hJ4HUsssd26Ni6%2BQYci6cgUJttRLQjAYTs2skrtp2nd3QjiTrLximpqRKW42dWixwotNIwJH9Od3MIE4jIRMYLQ5DP"}],"group":"cf-nel","max_age":604800}', 'NEL': '{"success_fraction":0,"report_to":"cf-nel","max_age":604800}', 'Server': 'cloudflare', 'CF-RAY': '86ae9d71fab0e203-ORD', 'alt-svc': 'h3=":443"; ma=86400'} 
 body={"results":[{"gender":"male","name":{"title":"Monsieur","first":"Marvin","last":"Fernandez"},"location":{"street":{"number":7417,"name":"Rue Louis-Garrand"},"city":"Fiesch","state":"Glarus","country":"Switzerland","postcode":3499,"coordinates":{"latitude":"-63.9207","longitude":"-36.1614"},"timezone":{"offset":"+4:00","description":"Abu Dhabi, Muscat, Baku, Tbilisi"}},"email":"marvin.fernandez@example.com","login":{"uuid":"a49be45b-4026-4307-b1b2-e47f4b51c1c8","username":"sadcat906","password":"azerty","salt":"pdkxlaCm","md5":"3c1e58704778c476e67a8e0a22a8541d","sha1":"f1424d639a3dd36289ea0044451f8020483a334b","sha256":"43a702783e870cb7946af32b3d37faa6db4c0cbf4cf677953b32dde289299fc2"},"dob":{"date":"1959-05-28T11:35:16.429Z","age":64},"registered":{"date":"2011-09-02T15:10:39.656Z","age":12},"phone":"078 307 07 55","cell":"076 414 62 42","id":{"name":"AVS","value":"756.0878.1285.55"},"picture":{"large":"https://randomuser.me/api/portraits/men/95.jpg","medium":"https://randomuser.me/api/portraits/med/men/95.jpg","thumbnail":"https://randomuser.me/api/portraits/thumb/men/95.jpg"},"nat":"CH"}],"info":{"seed":"d86f79a0c6bce8f9","results":1,"page":1,"version":"1.4"}} 
 </msg>
<msg time="2024-03-27T10:14:42.318126" level="INFO">/opt/hostedtoolcache/Python/3.12.2/x64/lib/python3.12/site-packages/urllib3/connectionpool.py:1103: InsecureRequestWarning: Unverified HTTPS request is being made to host 'randomuser.me'. Adding certificate verification is strongly advised. See: https://urllib3.readthedocs.io/en/latest/advanced-usage.html#tls-warnings
  warnings.warn(</msg>
<msg time="2024-03-27T10:14:42.318279" level="INFO">${response} = &lt;Response [200]&gt;</msg>
<var>${response}</var>
<arg>consultarAPI</arg>
<arg>/api</arg>
<doc>Sends a GET request on a previously created HTTP Session.</doc>
<status status="PASS" start="2024-03-27T10:14:42.238965" elapsed="0.079358"/>
</kw>
<kw name="Set Variable" owner="BuiltIn">
<msg time="2024-03-27T10:14:42.319408" level="INFO">${json_data} = {'results': [{'gender': 'male', 'name': {'title': 'Monsieur', 'first': 'Marvin', 'last': 'Fernandez'}, 'location': {'street': {'number': 7417, 'name': 'Rue Louis-Garrand'}, 'city': 'Fiesch', 'state': ...</msg>
<var>${json_data}</var>
<arg>${response.json()}</arg>
<doc>Returns the given values which can then be assigned to a variables.</doc>
<status status="PASS" start="2024-03-27T10:14:42.318858" elapsed="0.000580"/>
</kw>
<kw name="Log" owner="BuiltIn">
<msg time="2024-03-27T10:14:42.319928" level="INFO">{'results': [{'gender': 'male', 'name': {'title': 'Monsieur', 'first': 'Marvin', 'last': 'Fernandez'}, 'location': {'street': {'number': 7417, 'name': 'Rue Louis-Garrand'}, 'city': 'Fiesch', 'state': 'Glarus', 'country': 'Switzerland', 'postcode': 3499, 'coordinates': {'latitude': '-63.9207', 'longitude': '-36.1614'}, 'timezone': {'offset': '+4:00', 'description': 'Abu Dhabi, Muscat, Baku, Tbilisi'}}, 'email': 'marvin.fernandez@example.com', 'login': {'uuid': 'a49be45b-4026-4307-b1b2-e47f4b51c1c8', 'username': 'sadcat906', 'password': 'azerty', 'salt': 'pdkxlaCm', 'md5': '3c1e58704778c476e67a8e0a22a8541d', 'sha1': 'f1424d639a3dd36289ea0044451f8020483a334b', 'sha256': '43a702783e870cb7946af32b3d37faa6db4c0cbf4cf677953b32dde289299fc2'}, 'dob': {'date': '1959-05-28T11:35:16.429Z', 'age': 64}, 'registered': {'date': '2011-09-02T15:10:39.656Z', 'age': 12}, 'phone': '078 307 07 55', 'cell': '076 414 62 42', 'id': {'name': 'AVS', 'value': '756.0878.1285.55'}, 'picture': {'large': 'https://randomuser.me/api/portraits/men/95.jpg', 'medium': 'https://randomuser.me/api/portraits/med/men/95.jpg', 'thumbnail': 'https://randomuser.me/api/portraits/thumb/men/95.jpg'}, 'nat': 'CH'}], 'info': {'seed': 'd86f79a0c6bce8f9', 'results': 1, 'page': 1, 'version': '1.4'}}</msg>
<arg>${json_data}</arg>
<doc>Logs the given message with the given level.</doc>
<status status="PASS" start="2024-03-27T10:14:42.319763" elapsed="0.000214"/>
</kw>
<kw name="Dictionary Should Contain Key" owner="Collections">
<msg time="2024-03-27T10:14:42.320442" level="INFO">False</msg>
<arg>${json_data}</arg>
<arg>results</arg>
<doc>Fails if ``key`` is not found from ``dictionary``.</doc>
<status status="PASS" start="2024-03-27T10:14:42.320279" elapsed="0.000201"/>
</kw>
<kw name="Should Not Be Empty" owner="BuiltIn">
<msg time="2024-03-27T10:14:42.320914" level="INFO">Length is 2.</msg>
<arg>${json_data}</arg>
<doc>Verifies that the given item is not empty.</doc>
<status status="PASS" start="2024-03-27T10:14:42.320779" elapsed="0.000174"/>
</kw>
<kw name="Create List" owner="BuiltIn">
<msg time="2024-03-27T10:14:42.321400" level="INFO">${expected_keys} = ['gender', 'name', 'location', 'email', 'login']</msg>
<var>${expected_keys}</var>
<arg>gender</arg>
<arg>name</arg>
<arg>location</arg>
<arg>email</arg>
<arg>login</arg>
<doc>Returns a list containing given items.</doc>
<status status="PASS" start="2024-03-27T10:14:42.321248" elapsed="0.000176"/>
</kw>
<for flavor="IN">
<iter>
<kw name="Dictionary Should Contain Key" owner="Collections">
<msg time="2024-03-27T10:14:42.322492" level="INFO">False</msg>
<arg>${json_data['results'][0]}</arg>
<arg>${key}</arg>
<doc>Fails if ``key`` is not found from ``dictionary``.</doc>
<status status="PASS" start="2024-03-27T10:14:42.322065" elapsed="0.000468"/>
</kw>
<kw name="Log" owner="BuiltIn">
<msg time="2024-03-27T10:14:42.323220" level="INFO">{'gender': 'male', 'name': {'title': 'Monsieur', 'first': 'Marvin', 'last': 'Fernandez'}, 'location': {'street': {'number': 7417, 'name': 'Rue Louis-Garrand'}, 'city': 'Fiesch', 'state': 'Glarus', 'country': 'Switzerland', 'postcode': 3499, 'coordinates': {'latitude': '-63.9207', 'longitude': '-36.1614'}, 'timezone': {'offset': '+4:00', 'description': 'Abu Dhabi, Muscat, Baku, Tbilisi'}}, 'email': 'marvin.fernandez@example.com', 'login': {'uuid': 'a49be45b-4026-4307-b1b2-e47f4b51c1c8', 'username': 'sadcat906', 'password': 'azerty', 'salt': 'pdkxlaCm', 'md5': '3c1e58704778c476e67a8e0a22a8541d', 'sha1': 'f1424d639a3dd36289ea0044451f8020483a334b', 'sha256': '43a702783e870cb7946af32b3d37faa6db4c0cbf4cf677953b32dde289299fc2'}, 'dob': {'date': '1959-05-28T11:35:16.429Z', 'age': 64}, 'registered': {'date': '2011-09-02T15:10:39.656Z', 'age': 12}, 'phone': '078 307 07 55', 'cell': '076 414 62 42', 'id': {'name': 'AVS', 'value': '756.0878.1285.55'}, 'picture': {'large': 'https://randomuser.me/api/portraits/men/95.jpg', 'medium': 'https://randomuser.me/api/portraits/med/men/95.jpg', 'thumbnail': 'https://randomuser.me/api/portraits/thumb/men/95.jpg'}, 'nat': 'CH'}</msg>
<arg>${json_data['results'][0]}</arg>
<doc>Logs the given message with the given level.</doc>
<status status="PASS" start="2024-03-27T10:14:42.322847" elapsed="0.000428"/>
</kw>
<kw name="Log" owner="BuiltIn">
<msg time="2024-03-27T10:14:42.323721" level="INFO">gender</msg>
<arg>${key}</arg>
<doc>Logs the given message with the given level.</doc>
<status status="PASS" start="2024-03-27T10:14:42.323586" elapsed="0.000174"/>
</kw>
<var name="${key}">gender</var>
<status status="PASS" start="2024-03-27T10:14:42.321898" elapsed="0.002086"/>
</iter>
<iter>
<kw name="Dictionary Should Contain Key" owner="Collections">
<msg time="2024-03-27T10:14:42.324693" level="INFO">False</msg>
<arg>${json_data['results'][0]}</arg>
<arg>${key}</arg>
<doc>Fails if ``key`` is not found from ``dictionary``.</doc>
<status status="PASS" start="2024-03-27T10:14:42.324293" elapsed="0.000438"/>
</kw>
<kw name="Log" owner="BuiltIn">
<msg time="2024-03-27T10:14:42.325434" level="INFO">{'gender': 'male', 'name': {'title': 'Monsieur', 'first': 'Marvin', 'last': 'Fernandez'}, 'location': {'street': {'number': 7417, 'name': 'Rue Louis-Garrand'}, 'city': 'Fiesch', 'state': 'Glarus', 'country': 'Switzerland', 'postcode': 3499, 'coordinates': {'latitude': '-63.9207', 'longitude': '-36.1614'}, 'timezone': {'offset': '+4:00', 'description': 'Abu Dhabi, Muscat, Baku, Tbilisi'}}, 'email': 'marvin.fernandez@example.com', 'login': {'uuid': 'a49be45b-4026-4307-b1b2-e47f4b51c1c8', 'username': 'sadcat906', 'password': 'azerty', 'salt': 'pdkxlaCm', 'md5': '3c1e58704778c476e67a8e0a22a8541d', 'sha1': 'f1424d639a3dd36289ea0044451f8020483a334b', 'sha256': '43a702783e870cb7946af32b3d37faa6db4c0cbf4cf677953b32dde289299fc2'}, 'dob': {'date': '1959-05-28T11:35:16.429Z', 'age': 64}, 'registered': {'date': '2011-09-02T15:10:39.656Z', 'age': 12}, 'phone': '078 307 07 55', 'cell': '076 414 62 42', 'id': {'name': 'AVS', 'value': '756.0878.1285.55'}, 'picture': {'large': 'https://randomuser.me/api/portraits/men/95.jpg', 'medium': 'https://randomuser.me/api/portraits/med/men/95.jpg', 'thumbnail': 'https://randomuser.me/api/portraits/thumb/men/95.jpg'}, 'nat': 'CH'}</msg>
<arg>${json_data['results'][0]}</arg>
<doc>Logs the given message with the given level.</doc>
<status status="PASS" start="2024-03-27T10:14:42.325066" elapsed="0.000416"/>
</kw>
<kw name="Log" owner="BuiltIn">
<msg time="2024-03-27T10:14:42.325914" level="INFO">name</msg>
<arg>${key}</arg>
<doc>Logs the given message with the given level.</doc>
<status status="PASS" start="2024-03-27T10:14:42.325784" elapsed="0.000207"/>
</kw>
<var name="${key}">name</var>
<status status="PASS" start="2024-03-27T10:14:42.324177" elapsed="0.002051"/>
</iter>
<iter>
<kw name="Dictionary Should Contain Key" owner="Collections">
<msg time="2024-03-27T10:14:42.326904" level="INFO">False</msg>
<arg>${json_data['results'][0]}</arg>
<arg>${key}</arg>
<doc>Fails if ``key`` is not found from ``dictionary``.</doc>
<status status="PASS" start="2024-03-27T10:14:42.326524" elapsed="0.000418"/>
</kw>
<kw name="Log" owner="BuiltIn">
<msg time="2024-03-27T10:14:42.327608" level="INFO">{'gender': 'male', 'name': {'title': 'Monsieur', 'first': 'Marvin', 'last': 'Fernandez'}, 'location': {'street': {'number': 7417, 'name': 'Rue Louis-Garrand'}, 'city': 'Fiesch', 'state': 'Glarus', 'country': 'Switzerland', 'postcode': 3499, 'coordinates': {'latitude': '-63.9207', 'longitude': '-36.1614'}, 'timezone': {'offset': '+4:00', 'description': 'Abu Dhabi, Muscat, Baku, Tbilisi'}}, 'email': 'marvin.fernandez@example.com', 'login': {'uuid': 'a49be45b-4026-4307-b1b2-e47f4b51c1c8', 'username': 'sadcat906', 'password': 'azerty', 'salt': 'pdkxlaCm', 'md5': '3c1e58704778c476e67a8e0a22a8541d', 'sha1': 'f1424d639a3dd36289ea0044451f8020483a334b', 'sha256': '43a702783e870cb7946af32b3d37faa6db4c0cbf4cf677953b32dde289299fc2'}, 'dob': {'date': '1959-05-28T11:35:16.429Z', 'age': 64}, 'registered': {'date': '2011-09-02T15:10:39.656Z', 'age': 12}, 'phone': '078 307 07 55', 'cell': '076 414 62 42', 'id': {'name': 'AVS', 'value': '756.0878.1285.55'}, 'picture': {'large': 'https://randomuser.me/api/portraits/men/95.jpg', 'medium': 'https://randomuser.me/api/portraits/med/men/95.jpg', 'thumbnail': 'https://randomuser.me/api/portraits/thumb/men/95.jpg'}, 'nat': 'CH'}</msg>
<arg>${json_data['results'][0]}</arg>
<doc>Logs the given message with the given level.</doc>
<status status="PASS" start="2024-03-27T10:14:42.327245" elapsed="0.000414"/>
</kw>
<kw name="Log" owner="BuiltIn">
<msg time="2024-03-27T10:14:42.328085" level="INFO">location</msg>
<arg>${key}</arg>
<doc>Logs the given message with the given level.</doc>
<status status="PASS" start="2024-03-27T10:14:42.327957" elapsed="0.000166"/>
</kw>
<var name="${key}">location</var>
<status status="PASS" start="2024-03-27T10:14:42.326411" elapsed="0.001929"/>
</iter>
<iter>
<kw name="Dictionary Should Contain Key" owner="Collections">
<msg time="2024-03-27T10:14:42.329010" level="INFO">False</msg>
<arg>${json_data['results'][0]}</arg>
<arg>${key}</arg>
<doc>Fails if ``key`` is not found from ``dictionary``.</doc>
<status status="PASS" start="2024-03-27T10:14:42.328625" elapsed="0.000423"/>
</kw>
<kw name="Log" owner="BuiltIn">
<msg time="2024-03-27T10:14:42.329714" level="INFO">{'gender': 'male', 'name': {'title': 'Monsieur', 'first': 'Marvin', 'last': 'Fernandez'}, 'location': {'street': {'number': 7417, 'name': 'Rue Louis-Garrand'}, 'city': 'Fiesch', 'state': 'Glarus', 'country': 'Switzerland', 'postcode': 3499, 'coordinates': {'latitude': '-63.9207', 'longitude': '-36.1614'}, 'timezone': {'offset': '+4:00', 'description': 'Abu Dhabi, Muscat, Baku, Tbilisi'}}, 'email': 'marvin.fernandez@example.com', 'login': {'uuid': 'a49be45b-4026-4307-b1b2-e47f4b51c1c8', 'username': 'sadcat906', 'password': 'azerty', 'salt': 'pdkxlaCm', 'md5': '3c1e58704778c476e67a8e0a22a8541d', 'sha1': 'f1424d639a3dd36289ea0044451f8020483a334b', 'sha256': '43a702783e870cb7946af32b3d37faa6db4c0cbf4cf677953b32dde289299fc2'}, 'dob': {'date': '1959-05-28T11:35:16.429Z', 'age': 64}, 'registered': {'date': '2011-09-02T15:10:39.656Z', 'age': 12}, 'phone': '078 307 07 55', 'cell': '076 414 62 42', 'id': {'name': 'AVS', 'value': '756.0878.1285.55'}, 'picture': {'large': 'https://randomuser.me/api/portraits/men/95.jpg', 'medium': 'https://randomuser.me/api/portraits/med/men/95.jpg', 'thumbnail': 'https://randomuser.me/api/portraits/thumb/men/95.jpg'}, 'nat': 'CH'}</msg>
<arg>${json_data['results'][0]}</arg>
<doc>Logs the given message with the given level.</doc>
<status status="PASS" start="2024-03-27T10:14:42.329349" elapsed="0.000414"/>
</kw>
<kw name="Log" owner="BuiltIn">
<msg time="2024-03-27T10:14:42.330228" level="INFO">email</msg>
<arg>${key}</arg>
<doc>Logs the given message with the given level.</doc>
<status status="PASS" start="2024-03-27T10:14:42.330097" elapsed="0.000169"/>
</kw>
<var name="${key}">email</var>
<status status="PASS" start="2024-03-27T10:14:42.328515" elapsed="0.001968"/>
</iter>
<iter>
<kw name="Dictionary Should Contain Key" owner="Collections">
<msg time="2024-03-27T10:14:42.331180" level="INFO">False</msg>
<arg>${json_data['results'][0]}</arg>
<arg>${key}</arg>
<doc>Fails if ``key`` is not found from ``dictionary``.</doc>
<status status="PASS" start="2024-03-27T10:14:42.330778" elapsed="0.000441"/>
</kw>
<kw name="Log" owner="BuiltIn">
<msg time="2024-03-27T10:14:42.331883" level="INFO">{'gender': 'male', 'name': {'title': 'Monsieur', 'first': 'Marvin', 'last': 'Fernandez'}, 'location': {'street': {'number': 7417, 'name': 'Rue Louis-Garrand'}, 'city': 'Fiesch', 'state': 'Glarus', 'country': 'Switzerland', 'postcode': 3499, 'coordinates': {'latitude': '-63.9207', 'longitude': '-36.1614'}, 'timezone': {'offset': '+4:00', 'description': 'Abu Dhabi, Muscat, Baku, Tbilisi'}}, 'email': 'marvin.fernandez@example.com', 'login': {'uuid': 'a49be45b-4026-4307-b1b2-e47f4b51c1c8', 'username': 'sadcat906', 'password': 'azerty', 'salt': 'pdkxlaCm', 'md5': '3c1e58704778c476e67a8e0a22a8541d', 'sha1': 'f1424d639a3dd36289ea0044451f8020483a334b', 'sha256': '43a702783e870cb7946af32b3d37faa6db4c0cbf4cf677953b32dde289299fc2'}, 'dob': {'date': '1959-05-28T11:35:16.429Z', 'age': 64}, 'registered': {'date': '2011-09-02T15:10:39.656Z', 'age': 12}, 'phone': '078 307 07 55', 'cell': '076 414 62 42', 'id': {'name': 'AVS', 'value': '756.0878.1285.55'}, 'picture': {'large': 'https://randomuser.me/api/portraits/men/95.jpg', 'medium': 'https://randomuser.me/api/portraits/med/men/95.jpg', 'thumbnail': 'https://randomuser.me/api/portraits/thumb/men/95.jpg'}, 'nat': 'CH'}</msg>
<arg>${json_data['results'][0]}</arg>
<doc>Logs the given message with the given level.</doc>
<status status="PASS" start="2024-03-27T10:14:42.331515" elapsed="0.000414"/>
</kw>
<kw name="Log" owner="BuiltIn">
<msg time="2024-03-27T10:14:42.332351" level="INFO">login</msg>
<arg>${key}</arg>
<doc>Logs the given message with the given level.</doc>
<status status="PASS" start="2024-03-27T10:14:42.332223" elapsed="0.000287"/>
</kw>
<var name="${key}">login</var>
<status status="PASS" start="2024-03-27T10:14:42.330660" elapsed="0.002102"/>
</iter>
<var>${key}</var>
<value>@{expected_keys}</value>
<status status="PASS" start="2024-03-27T10:14:42.321694" elapsed="0.011195"/>
</for>
<kw name="Create List" owner="BuiltIn">
<msg time="2024-03-27T10:14:42.333232" level="INFO">${expected_keysTwo} = ['username', 'password']</msg>
<var>${expected_keysTwo}</var>
<arg>username</arg>
<arg>password</arg>
<doc>Returns a list containing given items.</doc>
<status status="PASS" start="2024-03-27T10:14:42.333090" elapsed="0.000166"/>
</kw>
<for flavor="IN">
<iter>
<kw name="Dictionary Should Contain Key" owner="Collections">
<msg time="2024-03-27T10:14:42.334232" level="INFO">False</msg>
<arg>${json_data['results'][0]['login']}</arg>
<arg>${keyTwo}</arg>
<doc>Fails if ``key`` is not found from ``dictionary``.</doc>
<status status="PASS" start="2024-03-27T10:14:42.333780" elapsed="0.000490"/>
</kw>
<kw name="Dictionary Should Contain Key" owner="Collections">
<msg time="2024-03-27T10:14:42.334959" level="INFO">False</msg>
<arg>${json_data['results'][0]['login']}</arg>
<arg>${keyTwo}</arg>
<doc>Fails if ``key`` is not found from ``dictionary``.</doc>
<status status="PASS" start="2024-03-27T10:14:42.334573" elapsed="0.000424"/>
</kw>
<kw name="Log" owner="BuiltIn">
<msg time="2024-03-27T10:14:42.335427" level="INFO">username</msg>
<arg>${keyTwo}</arg>
<doc>Logs the given message with the given level.</doc>
<status status="PASS" start="2024-03-27T10:14:42.335295" elapsed="0.000174"/>
</kw>
<var name="${keyTwo}">username</var>
<status status="PASS" start="2024-03-27T10:14:42.333670" elapsed="0.002050"/>
</iter>
<iter>
<kw name="Dictionary Should Contain Key" owner="Collections">
<msg time="2024-03-27T10:14:42.336389" level="INFO">False</msg>
<arg>${json_data['results'][0]['login']}</arg>
<arg>${keyTwo}</arg>
<doc>Fails if ``key`` is not found from ``dictionary``.</doc>
<status status="PASS" start="2024-03-27T10:14:42.336008" elapsed="0.000419"/>
</kw>
<kw name="Dictionary Should Contain Key" owner="Collections">
<msg time="2024-03-27T10:14:42.337102" level="INFO">False</msg>
<arg>${json_data['results'][0]['login']}</arg>
<arg>${keyTwo}</arg>
<doc>Fails if ``key`` is not found from ``dictionary``.</doc>
<status status="PASS" start="2024-03-27T10:14:42.336724" elapsed="0.000416"/>
</kw>
<kw name="Log" owner="BuiltIn">
<msg time="2024-03-27T10:14:42.337560" level="INFO">password</msg>
<arg>${keyTwo}</arg>
<doc>Logs the given message with the given level.</doc>
<status status="PASS" start="2024-03-27T10:14:42.337433" elapsed="0.000164"/>
</kw>
<var name="${keyTwo}">password</var>
<status status="PASS" start="2024-03-27T10:14:42.335897" elapsed="0.001915"/>
</iter>
<var>${keyTwo}</var>
<value>@{expected_keysTwo}</value>
<status status="PASS" start="2024-03-27T10:14:42.333512" elapsed="0.004450"/>
</for>
<status status="PASS" start="2024-03-27T10:14:42.238707" elapsed="0.099414"/>
</kw>
<doc>Testa a estrutura da resposta da API.</doc>
<tag>testeEstruturaResposta</tag>
<status status="PASS" start="2024-03-27T10:14:42.237957" elapsed="0.100338"/>
</test>
<test id="s1-s1-t4" name="Validar tipos de dados" line="28">
<kw name="Teste de Tipos de Dados" owner="random-user-service">
<kw name="GET On Session" owner="RequestsLibrary">
<msg time="2024-03-27T10:14:42.418338" level="INFO">GET Request : url=https://randomuser.me/api 
 path_url=/api 
 headers={'User-Agent': 'python-requests/2.31.0', 'Accept-Encoding': 'gzip, deflate', 'Accept': '*/*', 'Connection': 'keep-alive'} 
 body=None 
 </msg>
<msg time="2024-03-27T10:14:42.418489" level="INFO">GET Response : url=https://randomuser.me/api 
 status=200, reason=OK 
 headers={'Date': 'Wed, 27 Mar 2024 10:14:42 GMT', 'Content-Type': 'application/json; charset=utf-8', 'Transfer-Encoding': 'chunked', 'Connection': 'keep-alive', 'X-Powered-By': 'Express', 'Access-Control-Allow-Origin': '*', 'Cache-Control': 'no-cache', 'ETag': 'W/"493-8W3eOK45RhGCPU34ovXLU8fLK9c"', 'Vary': 'Accept-Encoding', 'Content-Encoding': 'gzip', 'CF-Cache-Status': 'DYNAMIC', 'Report-To': '{"endpoints":[{"url":"https:\\/\\/a.nel.cloudflare.com\\/report\\/v4?s=dFIyHOGXCuME2gvT3%2FSFcIJBKpvVEBQ1%2BOqXLM1i3GLW%2FmeHwJyZYyYGREFwZrEt%2B5ZXwh9mqPf42QTHE7%2FjvCZHz0WcjoSFdRDAjJZISO%2BHyRwadpLgGL6twxpXSpfx"}],"group":"cf-nel","max_age":604800}', 'NEL': '{"success_fraction":0,"report_to":"cf-nel","max_age":604800}', 'Server': 'cloudflare', 'CF-RAY': '86ae9d729afbe203-ORD', 'alt-svc': 'h3=":443"; ma=86400'} 
 body={"results":[{"gender":"female","name":{"title":"Ms","first":"Cecilie","last":"Johansen"},"location":{"street":{"number":2292,"name":"Næstvedvej"},"city":"Amager","state":"Danmark","country":"Denmark","postcode":27819,"coordinates":{"latitude":"-41.2047","longitude":"159.2159"},"timezone":{"offset":"-4:00","description":"Atlantic Time (Canada), Caracas, La Paz"}},"email":"cecilie.johansen@example.com","login":{"uuid":"24f43911-303a-428a-915e-6f1d3d6931de","username":"whitegorilla946","password":"errors","salt":"dmQjGPge","md5":"c76aa5e8ed5912f4daf0eb8f39354a4a","sha1":"ab2edef8e0ce6bcbc458b796f330e2232d34a83d","sha256":"7eac6220385fb4f05b2f020fab964953ee70287019b7392b025f8f082c018283"},"dob":{"date":"1951-06-20T23:45:22.362Z","age":72},"registered":{"date":"2019-06-18T01:04:55.241Z","age":4},"phone":"84520896","cell":"65952048","id":{"name":"CPR","value":"200651-0249"},"picture":{"large":"https://randomuser.me/api/portraits/women/21.jpg","medium":"https://randomuser.me/api/portraits/med/women/21.jpg","thumbnail":"https://randomuser.me/api/portraits/thumb/women/21.jpg"},"nat":"DK"}],"info":{"seed":"e626bd26d1326650","results":1,"page":1,"version":"1.4"}} 
 </msg>
<msg time="2024-03-27T10:14:42.418610" level="INFO">/opt/hostedtoolcache/Python/3.12.2/x64/lib/python3.12/site-packages/urllib3/connectionpool.py:1103: InsecureRequestWarning: Unverified HTTPS request is being made to host 'randomuser.me'. Adding certificate verification is strongly advised. See: https://urllib3.readthedocs.io/en/latest/advanced-usage.html#tls-warnings
  warnings.warn(</msg>
<msg time="2024-03-27T10:14:42.418801" level="INFO">${response} = &lt;Response [200]&gt;</msg>
<var>${response}</var>
<arg>consultarAPI</arg>
<arg>/api</arg>
<doc>Sends a GET request on a previously created HTTP Session.</doc>
<status status="PASS" start="2024-03-27T10:14:42.340910" elapsed="0.077943"/>
</kw>
<kw name="Set Variable" owner="BuiltIn">
<msg time="2024-03-27T10:14:42.419985" level="INFO">${json_data} = {'results': [{'gender': 'female', 'name': {'title': 'Ms', 'first': 'Cecilie', 'last': 'Johansen'}, 'location': {'street': {'number': 2292, 'name': 'Næstvedvej'}, 'city': 'Amager', 'state': 'Danmark', ...</msg>
<var>${json_data}</var>
<arg>${response.json()}</arg>
<doc>Returns the given values which can then be assigned to a variables.</doc>
<status status="PASS" start="2024-03-27T10:14:42.419449" elapsed="0.000566"/>
</kw>
<kw name="Log" owner="BuiltIn">
<msg time="2024-03-27T10:14:42.420512" level="INFO">{'results': [{'gender': 'female', 'name': {'title': 'Ms', 'first': 'Cecilie', 'last': 'Johansen'}, 'location': {'street': {'number': 2292, 'name': 'Næstvedvej'}, 'city': 'Amager', 'state': 'Danmark', 'country': 'Denmark', 'postcode': 27819, 'coordinates': {'latitude': '-41.2047', 'longitude': '159.2159'}, 'timezone': {'offset': '-4:00', 'description': 'Atlantic Time (Canada), Caracas, La Paz'}}, 'email': 'cecilie.johansen@example.com', 'login': {'uuid': '24f43911-303a-428a-915e-6f1d3d6931de', 'username': 'whitegorilla946', 'password': 'errors', 'salt': 'dmQjGPge', 'md5': 'c76aa5e8ed5912f4daf0eb8f39354a4a', 'sha1': 'ab2edef8e0ce6bcbc458b796f330e2232d34a83d', 'sha256': '7eac6220385fb4f05b2f020fab964953ee70287019b7392b025f8f082c018283'}, 'dob': {'date': '1951-06-20T23:45:22.362Z', 'age': 72}, 'registered': {'date': '2019-06-18T01:04:55.241Z', 'age': 4}, 'phone': '84520896', 'cell': '65952048', 'id': {'name': 'CPR', 'value': '200651-0249'}, 'picture': {'large': 'https://randomuser.me/api/portraits/women/21.jpg', 'medium': 'https://randomuser.me/api/portraits/med/women/21.jpg', 'thumbnail': 'https://randomuser.me/api/portraits/thumb/women/21.jpg'}, 'nat': 'DK'}], 'info': {'seed': 'e626bd26d1326650', 'results': 1, 'page': 1, 'version': '1.4'}}</msg>
<arg>${json_data}</arg>
<doc>Logs the given message with the given level.</doc>
<status status="PASS" start="2024-03-27T10:14:42.420343" elapsed="0.000262"/>
</kw>
<kw name="Should Be String" owner="String">
<arg>${json_data['results'][0]['gender']}</arg>
<doc>Fails if the given ``item`` is not a string.</doc>
<status status="PASS" start="2024-03-27T10:14:42.420910" elapsed="0.000372"/>
</kw>
<kw name="Should Match Regexp" owner="BuiltIn">
<arg>${json_data['results'][0]['email']}</arg>
<arg>^[a-zA-Z0-9._%+-]+@[a-zA-Z0-9.-]+\.[a-zA-Z]{2,}$</arg>
<doc>Fails if ``string`` does not match ``pattern`` as a regular expression.</doc>
<status status="PASS" start="2024-03-27T10:14:42.421478" elapsed="0.000575"/>
</kw>
<kw name="Should Match Regexp" owner="BuiltIn">
<arg>${json_data['results'][0]['dob']['date']}</arg>
<arg>\\d{4}-\\d{2}-\\d{2}T\\d{2}:\\d{2}:\\d{2}\\.\\d{3}Z</arg>
<doc>Fails if ``string`` does not match ``pattern`` as a regular expression.</doc>
<status status="PASS" start="2024-03-27T10:14:42.422255" elapsed="0.000504"/>
</kw>
<kw name="Should Match Regexp" owner="BuiltIn">
<arg>${json_data['results'][0]['registered']['date']}</arg>
<arg>\\d{4}-\\d{2}-\\d{2}T\\d{2}:\\d{2}:\\d{2}\\.\\d{3}Z</arg>
<doc>Fails if ``string`` does not match ``pattern`` as a regular expression.</doc>
<status status="PASS" start="2024-03-27T10:14:42.422955" elapsed="0.000370"/>
</kw>
<kw name="Should Match Regexp" owner="BuiltIn">
<arg>${json_data['results'][0]['picture']['large']}</arg>
<arg>^https?://.*\.(?:png|jpe?g|gif|bmp)$</arg>
<doc>Fails if ``string`` does not match ``pattern`` as a regular expression.</doc>
<status status="PASS" start="2024-03-27T10:14:42.423515" elapsed="0.000460"/>
</kw>
<kw name="Should Match Regexp" owner="BuiltIn">
<arg>${json_data['results'][0]['picture']['medium']}</arg>
<arg>^https?://.*\.(?:png|jpe?g|gif|bmp)$</arg>
<doc>Fails if ``string`` does not match ``pattern`` as a regular expression.</doc>
<status status="PASS" start="2024-03-27T10:14:42.424167" elapsed="0.000364"/>
</kw>
<kw name="Should Match Regexp" owner="BuiltIn">
<arg>${json_data['results'][0]['picture']['thumbnail']}</arg>
<arg>^https?://.*\.(?:png|jpe?g|gif|bmp)$</arg>
<doc>Fails if ``string`` does not match ``pattern`` as a regular expression.</doc>
<status status="PASS" start="2024-03-27T10:14:42.424719" elapsed="0.000357"/>
</kw>
<kw name="Log" owner="BuiltIn">
<msg time="2024-03-27T10:14:42.425597" level="INFO">{'large': 'https://randomuser.me/api/portraits/women/21.jpg', 'medium': 'https://randomuser.me/api/portraits/med/women/21.jpg', 'thumbnail': 'https://randomuser.me/api/portraits/thumb/women/21.jpg'}</msg>
<arg>${json_data['results'][0]['picture']}</arg>
<doc>Logs the given message with the given level.</doc>
<status status="PASS" start="2024-03-27T10:14:42.425259" elapsed="0.000386"/>
</kw>
<status status="PASS" start="2024-03-27T10:14:42.340666" elapsed="0.085245"/>
</kw>
<kw name="Teste de Tipos de Dados - Postcode" owner="random-user-service">
<kw name="GET On Session" owner="RequestsLibrary">
<msg time="2024-03-27T10:14:42.523584" level="INFO">GET Request : url=https://randomuser.me/api 
 path_url=/api 
 headers={'User-Agent': 'python-requests/2.31.0', 'Accept-Encoding': 'gzip, deflate', 'Accept': '*/*', 'Connection': 'keep-alive'} 
 body=None 
 </msg>
<msg time="2024-03-27T10:14:42.523700" level="INFO">GET Response : url=https://randomuser.me/api 
 status=200, reason=OK 
 headers={'Date': 'Wed, 27 Mar 2024 10:14:42 GMT', 'Content-Type': 'application/json; charset=utf-8', 'Transfer-Encoding': 'chunked', 'Connection': 'keep-alive', 'X-Powered-By': 'Express', 'Access-Control-Allow-Origin': '*', 'Cache-Control': 'no-cache', 'ETag': 'W/"47c-pW9PZKesmxu1HxJSDx8HTlBiM/o"', 'Vary': 'Accept-Encoding', 'Content-Encoding': 'gzip', 'CF-Cache-Status': 'DYNAMIC', 'Report-To': '{"endpoints":[{"url":"https:\\/\\/a.nel.cloudflare.com\\/report\\/v4?s=hE338twgBDdQ4qnLQLFBkdfAZsa1eGOgEDLIisFyphJCNqo4pfo1NLXkq2PKzIJbBfqr8BkOJ4k9MuNuBI6S9CaUk0PBwAKkhB%2BpZHYLodkKNwGfqe7oB98aXKkwImAl"}],"group":"cf-nel","max_age":604800}', 'NEL': '{"success_fraction":0,"report_to":"cf-nel","max_age":604800}', 'Server': 'cloudflare', 'CF-RAY': '86ae9d732b59e203-ORD', 'alt-svc': 'h3=":443"; ma=86400'} 
 body={"results":[{"gender":"male","name":{"title":"Mr","first":"Franklin","last":"Pena"},"location":{"street":{"number":8360,"name":"Adams St"},"city":"Vancouver","state":"Arkansas","country":"United States","postcode":65217,"coordinates":{"latitude":"86.0326","longitude":"-143.8791"},"timezone":{"offset":"-2:00","description":"Mid-Atlantic"}},"email":"franklin.pena@example.com","login":{"uuid":"5b5d0e19-5103-4d53-8122-a98c978cbfa2","username":"blackdog710","password":"alleycat","salt":"wfcm1tnV","md5":"b0f57f9a4038c1d7fd990f88824578ae","sha1":"e521bbd35a90cd0c3113d0200dcaa33413a76eda","sha256":"5192999ecba981a6b2569be70e6292cd792244719f8250ee0dbeb3231f912f4c"},"dob":{"date":"1978-06-03T01:30:24.691Z","age":45},"registered":{"date":"2013-06-17T22:36:42.202Z","age":10},"phone":"(645) 879-6193","cell":"(313) 280-5943","id":{"name":"SSN","value":"282-85-5502"},"picture":{"large":"https://randomuser.me/api/portraits/men/76.jpg","medium":"https://randomuser.me/api/portraits/med/men/76.jpg","thumbnail":"https://randomuser.me/api/portraits/thumb/men/76.jpg"},"nat":"US"}],"info":{"seed":"ccdc827689ea25a1","results":1,"page":1,"version":"1.4"}} 
 </msg>
<msg time="2024-03-27T10:14:42.523799" level="INFO">/opt/hostedtoolcache/Python/3.12.2/x64/lib/python3.12/site-packages/urllib3/connectionpool.py:1103: InsecureRequestWarning: Unverified HTTPS request is being made to host 'randomuser.me'. Adding certificate verification is strongly advised. See: https://urllib3.readthedocs.io/en/latest/advanced-usage.html#tls-warnings
  warnings.warn(</msg>
<msg time="2024-03-27T10:14:42.523940" level="INFO">${response} = &lt;Response [200]&gt;</msg>
<var>${response}</var>
<arg>consultarAPI</arg>
<arg>/api</arg>
<doc>Sends a GET request on a previously created HTTP Session.</doc>
<status status="PASS" start="2024-03-27T10:14:42.426590" elapsed="0.097396"/>
</kw>
<kw name="Set Variable" owner="BuiltIn">
<msg time="2024-03-27T10:14:42.525070" level="INFO">${json_data} = {'results': [{'gender': 'male', 'name': {'title': 'Mr', 'first': 'Franklin', 'last': 'Pena'}, 'location': {'street': {'number': 8360, 'name': 'Adams St'}, 'city': 'Vancouver', 'state': 'Arkansas', 'co...</msg>
<var>${json_data}</var>
<arg>${response.json()}</arg>
<doc>Returns the given values which can then be assigned to a variables.</doc>
<status status="PASS" start="2024-03-27T10:14:42.524548" elapsed="0.000550"/>
</kw>
<kw name="Log" owner="BuiltIn">
<msg time="2024-03-27T10:14:42.525571" level="INFO">{'results': [{'gender': 'male', 'name': {'title': 'Mr', 'first': 'Franklin', 'last': 'Pena'}, 'location': {'street': {'number': 8360, 'name': 'Adams St'}, 'city': 'Vancouver', 'state': 'Arkansas', 'country': 'United States', 'postcode': 65217, 'coordinates': {'latitude': '86.0326', 'longitude': '-143.8791'}, 'timezone': {'offset': '-2:00', 'description': 'Mid-Atlantic'}}, 'email': 'franklin.pena@example.com', 'login': {'uuid': '5b5d0e19-5103-4d53-8122-a98c978cbfa2', 'username': 'blackdog710', 'password': 'alleycat', 'salt': 'wfcm1tnV', 'md5': 'b0f57f9a4038c1d7fd990f88824578ae', 'sha1': 'e521bbd35a90cd0c3113d0200dcaa33413a76eda', 'sha256': '5192999ecba981a6b2569be70e6292cd792244719f8250ee0dbeb3231f912f4c'}, 'dob': {'date': '1978-06-03T01:30:24.691Z', 'age': 45}, 'registered': {'date': '2013-06-17T22:36:42.202Z', 'age': 10}, 'phone': '(645) 879-6193', 'cell': '(313) 280-5943', 'id': {'name': 'SSN', 'value': '282-85-5502'}, 'picture': {'large': 'https://randomuser.me/api/portraits/men/76.jpg', 'medium': 'https://randomuser.me/api/portraits/med/men/76.jpg', 'thumbnail': 'https://randomuser.me/api/portraits/thumb/men/76.jpg'}, 'nat': 'US'}], 'info': {'seed': 'ccdc827689ea25a1', 'results': 1, 'page': 1, 'version': '1.4'}}</msg>
<arg>${json_data}</arg>
<doc>Logs the given message with the given level.</doc>
<status status="PASS" start="2024-03-27T10:14:42.525415" elapsed="0.000238"/>
</kw>
<kw name="Should Be Equal As Numbers" owner="BuiltIn">
<arg>${json_data['results'][0]['location']['postcode']}</arg>
<arg>${json_data['results'][0]['location']['postcode']}</arg>
<doc>Fails if objects are unequal after converting them to real numbers.</doc>
<status status="PASS" start="2024-03-27T10:14:42.526019" elapsed="0.000646"/>
</kw>
<kw name="Log" owner="BuiltIn">
<msg time="2024-03-27T10:14:42.527197" level="INFO">65217</msg>
<arg>${json_data['results'][0]['location']['postcode']}</arg>
<doc>Logs the given message with the given level.</doc>
<status status="PASS" start="2024-03-27T10:14:42.526861" elapsed="0.000376"/>
</kw>
<status status="PASS" start="2024-03-27T10:14:42.426188" elapsed="0.101310"/>
</kw>
<doc>Testa se os tipos de dados na resposta da API estão corretos.</doc>
<tag>testeTiposDados</tag>
<status status="PASS" start="2024-03-27T10:14:42.340083" elapsed="0.187593"/>
</test>
<test id="s1-s1-t5" name="Validar conteudo" line="35">
<kw name="Teste de Tipos de Conteudo" owner="random-user-service">
<kw name="GET On Session" owner="RequestsLibrary">
<msg time="2024-03-27T10:14:42.619817" level="INFO">GET Request : url=https://randomuser.me/api 
 path_url=/api 
 headers={'User-Agent': 'python-requests/2.31.0', 'Accept-Encoding': 'gzip, deflate', 'Accept': '*/*', 'Connection': 'keep-alive'} 
 body=None 
 </msg>
<msg time="2024-03-27T10:14:42.619931" level="INFO">GET Response : url=https://randomuser.me/api 
 status=200, reason=OK 
 headers={'Date': 'Wed, 27 Mar 2024 10:14:42 GMT', 'Content-Type': 'application/json; charset=utf-8', 'Transfer-Encoding': 'chunked', 'Connection': 'keep-alive', 'X-Powered-By': 'Express', 'Access-Control-Allow-Origin': '*', 'Cache-Control': 'no-cache', 'ETag': 'W/"499-kJjHdkh3bJPZ/i/GoDYWDmH5JBs"', 'Vary': 'Accept-Encoding', 'Content-Encoding': 'gzip', 'CF-Cache-Status': 'DYNAMIC', 'Report-To': '{"endpoints":[{"url":"https:\\/\\/a.nel.cloudflare.com\\/report\\/v4?s=Bm10URTEKIyyP9JbJqoPmiF7l0TrGkgkVYWGj6STD%2B9rNoygaM9CyDIJRkZ8xRnvb9TB3wiR38kUj66NwjSK8iZFwIznFceDr0IUHtzWIlOywOrG3LySSbB3JX5ORY6q"}],"group":"cf-nel","max_age":604800}', 'NEL': '{"success_fraction":0,"report_to":"cf-nel","max_age":604800}', 'Server': 'cloudflare', 'CF-RAY': '86ae9d73cbcce203-ORD', 'alt-svc': 'h3=":443"; ma=86400'} 
 body={"results":[{"gender":"female","name":{"title":"Miss","first":"Indie","last":"Roberts"},"location":{"street":{"number":383,"name":"Hillsborough Road"},"city":"Invercargill","state":"Taranaki","country":"New Zealand","postcode":58376,"coordinates":{"latitude":"48.9908","longitude":"22.8129"},"timezone":{"offset":"+3:00","description":"Baghdad, Riyadh, Moscow, St. Petersburg"}},"email":"indie.roberts@example.com","login":{"uuid":"6918065b-87a2-4031-b088-21f3f70e9fc2","username":"lazydog176","password":"kieran","salt":"EOjbpeDa","md5":"97950292c24862f3df60e3cf9c904531","sha1":"885697d6f40f68011700a706095044fd8853bb52","sha256":"dbc39adce58ca91de9d673cdf5fd9eeabf5837f0f58a343bb5aa481e2d02640d"},"dob":{"date":"2001-05-09T13:09:18.170Z","age":22},"registered":{"date":"2007-02-04T21:01:28.823Z","age":17},"phone":"(409)-697-1995","cell":"(041)-050-1877","id":{"name":"","value":null},"picture":{"large":"https://randomuser.me/api/portraits/women/93.jpg","medium":"https://randomuser.me/api/portraits/med/women/93.jpg","thumbnail":"https://randomuser.me/api/portraits/thumb/women/93.jpg"},"nat":"NZ"}],"info":{"seed":"089a8d9983ebfae5","results":1,"page":1,"version":"1.4"}} 
 </msg>
<msg time="2024-03-27T10:14:42.620006" level="INFO">/opt/hostedtoolcache/Python/3.12.2/x64/lib/python3.12/site-packages/urllib3/connectionpool.py:1103: InsecureRequestWarning: Unverified HTTPS request is being made to host 'randomuser.me'. Adding certificate verification is strongly advised. See: https://urllib3.readthedocs.io/en/latest/advanced-usage.html#tls-warnings
  warnings.warn(</msg>
<msg time="2024-03-27T10:14:42.620168" level="INFO">${response} = &lt;Response [200]&gt;</msg>
<var>${response}</var>
<arg>consultarAPI</arg>
<arg>/api</arg>
<doc>Sends a GET request on a previously created HTTP Session.</doc>
<status status="PASS" start="2024-03-27T10:14:42.530193" elapsed="0.090016"/>
</kw>
<kw name="Set Variable" owner="BuiltIn">
<msg time="2024-03-27T10:14:42.621290" level="INFO">${json_data} = {'results': [{'gender': 'female', 'name': {'title': 'Miss', 'first': 'Indie', 'last': 'Roberts'}, 'location': {'street': {'number': 383, 'name': 'Hillsborough Road'}, 'city': 'Invercargill', 'state': ...</msg>
<var>${json_data}</var>
<arg>${response.json()}</arg>
<doc>Returns the given values which can then be assigned to a variables.</doc>
<status status="PASS" start="2024-03-27T10:14:42.620773" elapsed="0.000545"/>
</kw>
<kw name="Set Variable" owner="BuiltIn">
<msg time="2024-03-27T10:14:42.622034" level="INFO">${name_title} = Miss</msg>
<var>${name_title}</var>
<arg>${json_data["results"][0]["name"]["title"]}</arg>
<doc>Returns the given values which can then be assigned to a variables.</doc>
<status status="PASS" start="2024-03-27T10:14:42.621620" elapsed="0.000445"/>
</kw>
<kw name="Create List" owner="BuiltIn">
<msg time="2024-03-27T10:14:42.622516" level="INFO">${allowed_titles} = ['Mr', 'Ms', 'Miss', 'Mrs', 'Madame', 'Monsieur']</msg>
<var>${allowed_titles}</var>
<arg>Mr</arg>
<arg>Ms</arg>
<arg>Miss</arg>
<arg>Mrs</arg>
<arg>Madame</arg>
<arg>Monsieur</arg>
<doc>Returns a list containing given items.</doc>
<status status="PASS" start="2024-03-27T10:14:42.622367" elapsed="0.000174"/>
</kw>
<kw name="List Should Contain Value" owner="Collections">
<msg time="2024-03-27T10:14:42.623024" level="INFO">False</msg>
<arg>${allowed_titles}</arg>
<arg>${name_title}</arg>
<doc>Fails if the ``value`` is not found from ``list``.</doc>
<status status="PASS" start="2024-03-27T10:14:42.622848" elapsed="0.000213"/>
</kw>
<kw name="Set Variable" owner="BuiltIn">
<msg time="2024-03-27T10:14:42.623726" level="INFO">${name_country} = NZ</msg>
<var>${name_country}</var>
<arg>${json_data["results"][0]["nat"]}</arg>
<doc>Returns the given values which can then be assigned to a variables.</doc>
<status status="PASS" start="2024-03-27T10:14:42.623350" elapsed="0.000401"/>
</kw>
<kw name="Create List" owner="BuiltIn">
<msg time="2024-03-27T10:14:42.624653" level="INFO">${list_country} = ['AD', 'AE', 'AF', 'AG', 'AI', 'AL', 'AM', 'AO', 'AQ', 'AR', 'AS', 'AT', 'AU', 'AW', 'AX', 'AZ', 'BA', 'BB', 'BD', 'BE', 'BF', 'BG', 'BH', 'BI', 'BJ', 'BL', 'BM', 'BN', 'BO', 'BQ', 'BR', 'BS', 'BT', '...</msg>
<var>${list_country}</var>
<arg>AD</arg>
<arg>AE</arg>
<arg>AF</arg>
<arg>AG</arg>
<arg>AI</arg>
<arg>AL</arg>
<arg>AM</arg>
<arg>AO</arg>
<arg>AQ</arg>
<arg>AR</arg>
<arg>AS</arg>
<arg>AT</arg>
<arg>AU</arg>
<arg>AW</arg>
<arg>AX</arg>
<arg>AZ</arg>
<arg>BA</arg>
<arg>BB</arg>
<arg>BD</arg>
<arg>BE</arg>
<arg>BF</arg>
<arg>BG</arg>
<arg>BH</arg>
<arg>BI</arg>
<arg>BJ</arg>
<arg>BL</arg>
<arg>BM</arg>
<arg>BN</arg>
<arg>BO</arg>
<arg>BQ</arg>
<arg>BR</arg>
<arg>BS</arg>
<arg>BT</arg>
<arg>BV</arg>
<arg>BW</arg>
<arg>BY</arg>
<arg>BZ</arg>
<arg>CA</arg>
<arg>CC</arg>
<arg>CD</arg>
<arg>CF</arg>
<arg>CG</arg>
<arg>CH</arg>
<arg>CI</arg>
<arg>CK</arg>
<arg>CL</arg>
<arg>CM</arg>
<arg>CN</arg>
<arg>CO</arg>
<arg>CR</arg>
<arg>CU</arg>
<arg>CV</arg>
<arg>CW</arg>
<arg>CX</arg>
<arg>CY</arg>
<arg>CZ</arg>
<arg>DE</arg>
<arg>DJ</arg>
<arg>DK</arg>
<arg>DM</arg>
<arg>DO</arg>
<arg>DZ</arg>
<arg>EC</arg>
<arg>EE</arg>
<arg>EG</arg>
<arg>EH</arg>
<arg>ER</arg>
<arg>ES</arg>
<arg>ET</arg>
<arg>FI</arg>
<arg>FJ</arg>
<arg>FK</arg>
<arg>FM</arg>
<arg>FO</arg>
<arg>FR</arg>
<arg>GA</arg>
<arg>GB</arg>
<arg>GD</arg>
<arg>GE</arg>
<arg>GF</arg>
<arg>GG</arg>
<arg>GH</arg>
<arg>GI</arg>
<arg>GL</arg>
<arg>GM</arg>
<arg>GN</arg>
<arg>GP</arg>
<arg>GQ</arg>
<arg>GR</arg>
<arg>GS</arg>
<arg>GT</arg>
<arg>GU</arg>
<arg>GW</arg>
<arg>GY</arg>
<arg>HK</arg>
<arg>HM</arg>
<arg>HN</arg>
<arg>HR</arg>
<arg>HT</arg>
<arg>HU</arg>
<arg>ID</arg>
<arg>IE</arg>
<arg>IL</arg>
<arg>IM</arg>
<arg>IN</arg>
<arg>IO</arg>
<arg>IQ</arg>
<arg>IR</arg>
<arg>IS</arg>
<arg>IT</arg>
<arg>JE</arg>
<arg>JM</arg>
<arg>JO</arg>
<arg>JP</arg>
<arg>KE</arg>
<arg>KG</arg>
<arg>KH</arg>
<arg>KI</arg>
<arg>KM</arg>
<arg>KN</arg>
<arg>KP</arg>
<arg>KR</arg>
<arg>KW</arg>
<arg>KY</arg>
<arg>KZ</arg>
<arg>LA</arg>
<arg>LB</arg>
<arg>LC</arg>
<arg>LI</arg>
<arg>LK</arg>
<arg>LR</arg>
<arg>LS</arg>
<arg>LT</arg>
<arg>LU</arg>
<arg>LV</arg>
<arg>LY</arg>
<arg>MA</arg>
<arg>MC</arg>
<arg>MD</arg>
<arg>ME</arg>
<arg>MF</arg>
<arg>MG</arg>
<arg>MH</arg>
<arg>MK</arg>
<arg>ML</arg>
<arg>MM</arg>
<arg>MN</arg>
<arg>MO</arg>
<arg>MP</arg>
<arg>MQ</arg>
<arg>MR</arg>
<arg>MS</arg>
<arg>MT</arg>
<arg>MU</arg>
<arg>MV</arg>
<arg>MW</arg>
<arg>MX</arg>
<arg>MY</arg>
<arg>MZ</arg>
<arg>NA</arg>
<arg>NC</arg>
<arg>NE</arg>
<arg>NF</arg>
<arg>NG</arg>
<arg>NI</arg>
<arg>NL</arg>
<arg>NO</arg>
<arg>NP</arg>
<arg>NR</arg>
<arg>NU</arg>
<arg>NZ</arg>
<arg>OM</arg>
<arg>PA</arg>
<arg>PE</arg>
<arg>PF</arg>
<arg>PG</arg>
<arg>PH</arg>
<arg>PK</arg>
<arg>PL</arg>
<arg>PM</arg>
<arg>PN</arg>
<arg>PR</arg>
<arg>PS</arg>
<arg>PT</arg>
<arg>PW</arg>
<arg>PY</arg>
<arg>QA</arg>
<arg>RE</arg>
<arg>RO</arg>
<arg>RS</arg>
<arg>RU</arg>
<arg>RW</arg>
<arg>SA</arg>
<arg>SB</arg>
<arg>SC</arg>
<arg>SD</arg>
<arg>SE</arg>
<arg>SG</arg>
<arg>SH</arg>
<arg>SI</arg>
<arg>SJ</arg>
<arg>SK</arg>
<arg>SL</arg>
<arg>SM</arg>
<arg>SN</arg>
<arg>SO</arg>
<arg>SR</arg>
<arg>SS</arg>
<arg>ST</arg>
<arg>SV</arg>
<arg>SX</arg>
<arg>SY</arg>
<arg>SZ</arg>
<arg>TC</arg>
<arg>TD</arg>
<arg>TF</arg>
<arg>TG</arg>
<arg>TH</arg>
<arg>TJ</arg>
<arg>TK</arg>
<arg>TL</arg>
<arg>TM</arg>
<arg>TN</arg>
<arg>TO</arg>
<arg>TR</arg>
<arg>TT</arg>
<arg>TV</arg>
<arg>TW</arg>
<arg>TZ</arg>
<arg>UA</arg>
<arg>UG</arg>
<arg>UM</arg>
<arg>US</arg>
<arg>UY</arg>
<arg>UZ</arg>
<arg>VA</arg>
<arg>VC</arg>
<arg>VE</arg>
<arg>VG</arg>
<arg>VI</arg>
<arg>VN</arg>
<arg>VU</arg>
<arg>WF</arg>
<arg>WS</arg>
<arg>XK</arg>
<arg>YE</arg>
<arg>YT</arg>
<arg>ZA</arg>
<arg>ZM</arg>
<arg>ZW</arg>
<doc>Returns a list containing given items.</doc>
<status status="PASS" start="2024-03-27T10:14:42.624059" elapsed="0.000619"/>
</kw>
<kw name="List Should Contain Value" owner="Collections">
<msg time="2024-03-27T10:14:42.625794" level="INFO">False</msg>
<arg>${list_country}</arg>
<arg>${name_country}</arg>
<doc>Fails if the ``value`` is not found from ``list``.</doc>
<status status="PASS" start="2024-03-27T10:14:42.625591" elapsed="0.000239"/>
</kw>
<kw name="Run Keyword If" owner="BuiltIn">
<kw name="Should Be True" owner="BuiltIn">
<arg>${True}</arg>
<doc>Fails if the given condition is not true.</doc>
<status status="PASS" start="2024-03-27T10:14:42.626935" elapsed="0.000146"/>
</kw>
<arg>${json_data["results"][0]["location"]["coordinates"]["latitude"]} &gt;= -90 and ${json_data["results"][0]["location"]["coordinates"]["latitude"]} &lt;= 90</arg>
<arg>Should Be True</arg>
<arg>${True}</arg>
<doc>Runs the given keyword with the given arguments, if ``condition`` is true.</doc>
<status status="PASS" start="2024-03-27T10:14:42.626176" elapsed="0.001032"/>
</kw>
<kw name="Run Keyword If" owner="BuiltIn">
<kw name="Should Be True" owner="BuiltIn">
<arg>${True}</arg>
<doc>Fails if the given condition is not true.</doc>
<status status="PASS" start="2024-03-27T10:14:42.628087" elapsed="0.000138"/>
</kw>
<arg>${json_data["results"][0]["location"]["coordinates"]["longitude"]} &gt;= -180 and ${json_data["results"][0]["location"]["coordinates"]["longitude"]} &lt;= 180</arg>
<arg>Should Be True</arg>
<arg>${True}</arg>
<doc>Runs the given keyword with the given arguments, if ``condition`` is true.</doc>
<status status="PASS" start="2024-03-27T10:14:42.627394" elapsed="0.000955"/>
</kw>
<status status="PASS" start="2024-03-27T10:14:42.529950" elapsed="0.098530"/>
</kw>
<doc>Testa o conteúdo específico dos campos retornados pela API.</doc>
<tag>testeConteudo</tag>
<status status="PASS" start="2024-03-27T10:14:42.529447" elapsed="0.099190"/>
</test>
<status status="PASS" start="2024-03-27T10:14:41.642490" elapsed="0.988122"/>
</suite>
<status status="PASS" start="2024-03-27T10:14:41.628684" elapsed="1.007277"/>
</suite>
<statistics>
<total>
<stat pass="5" fail="0" skip="0">All Tests</stat>
</total>
<tag>
<stat pass="1" fail="0" skip="0">testeConteudo</stat>
<stat pass="1" fail="0" skip="0">testeEstruturaResposta</stat>
<stat pass="1" fail="0" skip="0">testeRequisicaoBasica</stat>
<stat pass="1" fail="0" skip="0">testeTiposDados</stat>
</tag>
<suite>
<stat pass="5" fail="0" skip="0" id="s1" name="Tests">Tests</stat>
<stat pass="5" fail="0" skip="0" id="s1-s1" name="Random-User-Test">Tests.Random-User-Test</stat>
</suite>
</statistics>
<errors>
</errors>
</robot>
