<?xml version="1.0" encoding="UTF-8"?>
<robot generator="Robot 7.0.1 (Python 3.12.4 on linux)" generated="2024-06-21T01:04:57.318135" rpa="false" schemaversion="5">
<suite id="s1" name="Tests" source="/home/runner/work/ApiRandomUser/ApiRandomUser/RamdonUser/tests">
<suite id="s1-s1" name="Random-User-Test" source="/home/runner/work/ApiRandomUser/ApiRandomUser/RamdonUser/tests/random-user-test.robot">
<test id="s1-s1-t1" name="Conectar" line="13">
<kw name="Conectar API" owner="random-user-service">
<kw name="Create Session" owner="RequestsLibrary">
<msg time="2024-06-21T01:04:57.742369" level="INFO">Creating Session using : alias=consultarAPI, url=https://randomuser.me/, headers={},                     cookies={}, auth=None, timeout=None, proxies=None, verify=False,                     debug=0 </msg>
<arg>consultarAPI</arg>
<arg>${URL}</arg>
<doc>Create Session: create a HTTP session to a server</doc>
<status status="PASS" start="2024-06-21T01:04:57.742160" elapsed="0.000402"/>
</kw>
<status status="PASS" start="2024-06-21T01:04:57.741154" elapsed="0.001804"/>
</kw>
<status status="PASS" start="2024-06-21T01:04:57.740520" elapsed="0.002633"/>
</test>
<test id="s1-s1-t2" name="Validar retorno 200 e JSON Válido" line="16">
<kw name="Teste de Requisicao Basica" owner="random-user-service">
<kw name="GET On Session" owner="RequestsLibrary">
<msg time="2024-06-21T01:04:57.822888" level="INFO">GET Request : url=https://randomuser.me/api 
 path_url=/api 
 headers={'User-Agent': 'python-requests/2.32.3', 'Accept-Encoding': 'gzip, deflate', 'Accept': '*/*', 'Connection': 'keep-alive'} 
 body=None 
 </msg>
<msg time="2024-06-21T01:04:57.823048" level="INFO">GET Response : url=https://randomuser.me/api 
 status=200, reason=OK 
 headers={'Date': 'Fri, 21 Jun 2024 01:04:57 GMT', 'Content-Type': 'application/json; charset=utf-8', 'Transfer-Encoding': 'chunked', 'Connection': 'keep-alive', 'X-Powered-By': 'Express', 'Access-Control-Allow-Origin': '*', 'Cache-Control': 'no-cache', 'ETag': 'W/"481-x4WstKEX7OEdkSVtJbBTtq66nB8"', 'Vary': 'Accept-Encoding', 'Content-Encoding': 'gzip', 'CF-Cache-Status': 'DYNAMIC', 'Report-To': '{"endpoints":[{"url":"https:\\/\\/a.nel.cloudflare.com\\/report\\/v4?s=J%2FP3h%2FerlYJDWyqqsxsT3BouHWex3vlaxtWDS%2B70u%2BcElDDwZ2osgBKYGunlz125snk3gz0YxMoz6X91UnObQagf75WWUtDtzV7d0EKRkyFC3MS1l3Xy9vBISbA3hkHR"}],"group":"cf-nel","max_age":604800}', 'NEL': '{"success_fraction":0,"report_to":"cf-nel","max_age":604800}', 'Server': 'cloudflare', 'CF-RAY': '897016693ccf81d5-IAD', 'alt-svc': 'h3=":443"; ma=86400'} 
 body={"results":[{"gender":"male","name":{"title":"Mr","first":"Alberto","last":"Giménez"},"location":{"street":{"number":96,"name":"Calle de Arganzuela"},"city":"Vitoria","state":"Melilla","country":"Spain","postcode":54932,"coordinates":{"latitude":"-37.4434","longitude":"-172.2030"},"timezone":{"offset":"-12:00","description":"Eniwetok, Kwajalein"}},"email":"alberto.gimenez@example.com","login":{"uuid":"05004fd7-b2d0-4e43-9466-99aee739044e","username":"happygoose649","password":"cookies","salt":"Ri2a5pn2","md5":"fc8f04881896ffcec1e67f2555d9d9db","sha1":"0873d4d3caeadf77d95f01cdb9fc0f84bc00f06d","sha256":"8b4ed3a8c97ef01898a37ece57690d7e5f80bc9ce0e77b86ec70e2affc2c9179"},"dob":{"date":"1978-01-11T13:24:27.957Z","age":46},"registered":{"date":"2015-12-29T10:28:00.303Z","age":8},"phone":"984-150-229","cell":"614-579-885","id":{"name":"DNI","value":"59942744-D"},"picture":{"large":"https://randomuser.me/api/portraits/men/88.jpg","medium":"https://randomuser.me/api/portraits/med/men/88.jpg","thumbnail":"https://randomuser.me/api/portraits/thumb/men/88.jpg"},"nat":"ES"}],"info":{"seed":"c30639a60b37964f","results":1,"page":1,"version":"1.4"}} 
 </msg>
<msg time="2024-06-21T01:04:57.823135" level="INFO">/opt/hostedtoolcache/Python/3.12.4/x64/lib/python3.12/site-packages/urllib3/connectionpool.py:1099: InsecureRequestWarning: Unverified HTTPS request is being made to host 'randomuser.me'. Adding certificate verification is strongly advised. See: https://urllib3.readthedocs.io/en/latest/advanced-usage.html#tls-warnings
  warnings.warn(</msg>
<msg time="2024-06-21T01:04:57.823273" level="INFO">${response} = &lt;Response [200]&gt;</msg>
<var>${response}</var>
<arg>consultarAPI</arg>
<arg>/api</arg>
<doc>Sends a GET request on a previously created HTTP Session.</doc>
<status status="PASS" start="2024-06-21T01:04:57.745808" elapsed="0.077502"/>
</kw>
<kw name="Should Be Equal As Numbers" owner="BuiltIn">
<msg time="2024-06-21T01:04:57.824371" level="INFO">Argument types are:
&lt;class 'int'&gt;
&lt;class 'str'&gt;</msg>
<arg>${response.status_code}</arg>
<arg>200</arg>
<doc>Fails if objects are unequal after converting them to real numbers.</doc>
<status status="PASS" start="2024-06-21T01:04:57.823894" elapsed="0.000549"/>
</kw>
<kw name="Log" owner="BuiltIn">
<msg time="2024-06-21T01:04:57.825111" level="INFO">200</msg>
<arg>${response.status_code}</arg>
<doc>Logs the given message with the given level.</doc>
<status status="PASS" start="2024-06-21T01:04:57.824759" elapsed="0.000395"/>
</kw>
<kw name="Set Variable" owner="BuiltIn">
<msg time="2024-06-21T01:04:57.825904" level="INFO">${json_data} = {'results': [{'gender': 'male', 'name': {'title': 'Mr', 'first': 'Alberto', 'last': 'Giménez'}, 'location': {'street': {'number': 96, 'name': 'Calle de Arganzuela'}, 'city': 'Vitoria', 'state': 'Melil...</msg>
<var>${json_data}</var>
<arg>${response.json()}</arg>
<doc>Returns the given values which can then be assigned to a variables.</doc>
<status status="PASS" start="2024-06-21T01:04:57.825453" elapsed="0.000479"/>
</kw>
<kw name="Dictionary Should Contain Key" owner="Collections">
<arg>${json_data}</arg>
<arg>results</arg>
<doc>Fails if ``key`` is not found from ``dictionary``.</doc>
<status status="PASS" start="2024-06-21T01:04:57.826228" elapsed="0.000165"/>
</kw>
<status status="PASS" start="2024-06-21T01:04:57.745545" elapsed="0.081002"/>
</kw>
<doc>Testa se a API responde corretamente e retorna um objeto JSON válido.</doc>
<tag>testeRequisicaoBasica</tag>
<status status="PASS" start="2024-06-21T01:04:57.745016" elapsed="0.081707"/>
</test>
<test id="s1-s1-t3" name="Validar estrutura de resposta" line="22">
<kw name="Teste de Estrutura de Resposta" owner="random-user-service">
<kw name="GET On Session" owner="RequestsLibrary">
<msg time="2024-06-21T01:04:57.926676" level="INFO">GET Request : url=https://randomuser.me/api 
 path_url=/api 
 headers={'User-Agent': 'python-requests/2.32.3', 'Accept-Encoding': 'gzip, deflate', 'Accept': '*/*', 'Connection': 'keep-alive'} 
 body=None 
 </msg>
<msg time="2024-06-21T01:04:57.926780" level="INFO">GET Response : url=https://randomuser.me/api 
 status=200, reason=OK 
 headers={'Date': 'Fri, 21 Jun 2024 01:04:57 GMT', 'Content-Type': 'application/json; charset=utf-8', 'Transfer-Encoding': 'chunked', 'Connection': 'keep-alive', 'X-Powered-By': 'Express', 'Access-Control-Allow-Origin': '*', 'Cache-Control': 'no-cache', 'ETag': 'W/"49a-cj2AWIbR0dsxxaXxom372kxkekQ"', 'Vary': 'Accept-Encoding', 'Content-Encoding': 'gzip', 'CF-Cache-Status': 'DYNAMIC', 'Report-To': '{"endpoints":[{"url":"https:\\/\\/a.nel.cloudflare.com\\/report\\/v4?s=o630xXB5SxQxGINeV0YizHpXBqY58ltZrHXng7336KMPsVd4JkGd6ml%2BYmhTSyXF7ZbjW8CKXrPwXl1Ls2EKVr3zJVikFXuE1UfCmp6i8tAgAsWLNpUer7gZ95qbSPqD"}],"group":"cf-nel","max_age":604800}', 'NEL': '{"success_fraction":0,"report_to":"cf-nel","max_age":604800}', 'Server': 'cloudflare', 'CF-RAY': '897016698d2e81d5-IAD', 'alt-svc': 'h3=":443"; ma=86400'} 
 body={"results":[{"gender":"female","name":{"title":"Ms","first":"Evelyn","last":"Wells"},"location":{"street":{"number":1574,"name":"Marsh Ln"},"city":"Jersey City","state":"Minnesota","country":"United States","postcode":54776,"coordinates":{"latitude":"89.4558","longitude":"156.2845"},"timezone":{"offset":"+5:30","description":"Bombay, Calcutta, Madras, New Delhi"}},"email":"evelyn.wells@example.com","login":{"uuid":"5fab2777-748b-417a-8220-5f5675e3b0b1","username":"angryfrog965","password":"bowwow","salt":"qGTgBPak","md5":"daeaa1d398f726f218f9f0e6e4301293","sha1":"a9099d09cb83fb09a3d5c593b02cacfe0dcd33f2","sha256":"4131f47ddcb31678bc19f1115727b39b2edd279ce16b86281605e5d5aabf9ca4"},"dob":{"date":"1964-07-02T10:36:26.254Z","age":59},"registered":{"date":"2010-01-15T11:04:22.303Z","age":14},"phone":"(492) 706-0772","cell":"(335) 363-5125","id":{"name":"SSN","value":"887-76-7103"},"picture":{"large":"https://randomuser.me/api/portraits/women/46.jpg","medium":"https://randomuser.me/api/portraits/med/women/46.jpg","thumbnail":"https://randomuser.me/api/portraits/thumb/women/46.jpg"},"nat":"US"}],"info":{"seed":"04df7d2eda33ea93","results":1,"page":1,"version":"1.4"}} 
 </msg>
<msg time="2024-06-21T01:04:57.926954" level="INFO">/opt/hostedtoolcache/Python/3.12.4/x64/lib/python3.12/site-packages/urllib3/connectionpool.py:1099: InsecureRequestWarning: Unverified HTTPS request is being made to host 'randomuser.me'. Adding certificate verification is strongly advised. See: https://urllib3.readthedocs.io/en/latest/advanced-usage.html#tls-warnings
  warnings.warn(</msg>
<msg time="2024-06-21T01:04:57.927088" level="INFO">${response} = &lt;Response [200]&gt;</msg>
<var>${response}</var>
<arg>consultarAPI</arg>
<arg>/api</arg>
<doc>Sends a GET request on a previously created HTTP Session.</doc>
<status status="PASS" start="2024-06-21T01:04:57.829476" elapsed="0.097653"/>
</kw>
<kw name="Set Variable" owner="BuiltIn">
<msg time="2024-06-21T01:04:57.928338" level="INFO">${json_data} = {'results': [{'gender': 'female', 'name': {'title': 'Ms', 'first': 'Evelyn', 'last': 'Wells'}, 'location': {'street': {'number': 1574, 'name': 'Marsh Ln'}, 'city': 'Jersey City', 'state': 'Minnesota',...</msg>
<var>${json_data}</var>
<arg>${response.json()}</arg>
<doc>Returns the given values which can then be assigned to a variables.</doc>
<status status="PASS" start="2024-06-21T01:04:57.927758" elapsed="0.000609"/>
</kw>
<kw name="Log" owner="BuiltIn">
<msg time="2024-06-21T01:04:57.928844" level="INFO">{'results': [{'gender': 'female', 'name': {'title': 'Ms', 'first': 'Evelyn', 'last': 'Wells'}, 'location': {'street': {'number': 1574, 'name': 'Marsh Ln'}, 'city': 'Jersey City', 'state': 'Minnesota', 'country': 'United States', 'postcode': 54776, 'coordinates': {'latitude': '89.4558', 'longitude': '156.2845'}, 'timezone': {'offset': '+5:30', 'description': 'Bombay, Calcutta, Madras, New Delhi'}}, 'email': 'evelyn.wells@example.com', 'login': {'uuid': '5fab2777-748b-417a-8220-5f5675e3b0b1', 'username': 'angryfrog965', 'password': 'bowwow', 'salt': 'qGTgBPak', 'md5': 'daeaa1d398f726f218f9f0e6e4301293', 'sha1': 'a9099d09cb83fb09a3d5c593b02cacfe0dcd33f2', 'sha256': '4131f47ddcb31678bc19f1115727b39b2edd279ce16b86281605e5d5aabf9ca4'}, 'dob': {'date': '1964-07-02T10:36:26.254Z', 'age': 59}, 'registered': {'date': '2010-01-15T11:04:22.303Z', 'age': 14}, 'phone': '(492) 706-0772', 'cell': '(335) 363-5125', 'id': {'name': 'SSN', 'value': '887-76-7103'}, 'picture': {'large': 'https://randomuser.me/api/portraits/women/46.jpg', 'medium': 'https://randomuser.me/api/portraits/med/women/46.jpg', 'thumbnail': 'https://randomuser.me/api/portraits/thumb/women/46.jpg'}, 'nat': 'US'}], 'info': {'seed': '04df7d2eda33ea93', 'results': 1, 'page': 1, 'version': '1.4'}}</msg>
<arg>${json_data}</arg>
<doc>Logs the given message with the given level.</doc>
<status status="PASS" start="2024-06-21T01:04:57.928677" elapsed="0.000217"/>
</kw>
<kw name="Dictionary Should Contain Key" owner="Collections">
<arg>${json_data}</arg>
<arg>results</arg>
<doc>Fails if ``key`` is not found from ``dictionary``.</doc>
<status status="PASS" start="2024-06-21T01:04:57.929188" elapsed="0.000161"/>
</kw>
<kw name="Should Not Be Empty" owner="BuiltIn">
<msg time="2024-06-21T01:04:57.929671" level="INFO">Length is 2.</msg>
<arg>${json_data}</arg>
<doc>Verifies that the given item is not empty.</doc>
<status status="PASS" start="2024-06-21T01:04:57.929543" elapsed="0.000166"/>
</kw>
<kw name="Create List" owner="BuiltIn">
<msg time="2024-06-21T01:04:57.930305" level="INFO">${expected_keys} = ['gender', 'name', 'location', 'email', 'login']</msg>
<var>${expected_keys}</var>
<arg>gender</arg>
<arg>name</arg>
<arg>location</arg>
<arg>email</arg>
<arg>login</arg>
<doc>Returns a list containing given items.</doc>
<status status="PASS" start="2024-06-21T01:04:57.929993" elapsed="0.000336"/>
</kw>
<for flavor="IN">
<iter>
<kw name="Dictionary Should Contain Key" owner="Collections">
<arg>${json_data['results'][0]}</arg>
<arg>${key}</arg>
<doc>Fails if ``key`` is not found from ``dictionary``.</doc>
<status status="PASS" start="2024-06-21T01:04:57.930963" elapsed="0.000401"/>
</kw>
<kw name="Log" owner="BuiltIn">
<msg time="2024-06-21T01:04:57.931908" level="INFO">{'gender': 'female', 'name': {'title': 'Ms', 'first': 'Evelyn', 'last': 'Wells'}, 'location': {'street': {'number': 1574, 'name': 'Marsh Ln'}, 'city': 'Jersey City', 'state': 'Minnesota', 'country': 'United States', 'postcode': 54776, 'coordinates': {'latitude': '89.4558', 'longitude': '156.2845'}, 'timezone': {'offset': '+5:30', 'description': 'Bombay, Calcutta, Madras, New Delhi'}}, 'email': 'evelyn.wells@example.com', 'login': {'uuid': '5fab2777-748b-417a-8220-5f5675e3b0b1', 'username': 'angryfrog965', 'password': 'bowwow', 'salt': 'qGTgBPak', 'md5': 'daeaa1d398f726f218f9f0e6e4301293', 'sha1': 'a9099d09cb83fb09a3d5c593b02cacfe0dcd33f2', 'sha256': '4131f47ddcb31678bc19f1115727b39b2edd279ce16b86281605e5d5aabf9ca4'}, 'dob': {'date': '1964-07-02T10:36:26.254Z', 'age': 59}, 'registered': {'date': '2010-01-15T11:04:22.303Z', 'age': 14}, 'phone': '(492) 706-0772', 'cell': '(335) 363-5125', 'id': {'name': 'SSN', 'value': '887-76-7103'}, 'picture': {'large': 'https://randomuser.me/api/portraits/women/46.jpg', 'medium': 'https://randomuser.me/api/portraits/med/women/46.jpg', 'thumbnail': 'https://randomuser.me/api/portraits/thumb/women/46.jpg'}, 'nat': 'US'}</msg>
<arg>${json_data['results'][0]}</arg>
<doc>Logs the given message with the given level.</doc>
<status status="PASS" start="2024-06-21T01:04:57.931552" elapsed="0.000407"/>
</kw>
<kw name="Log" owner="BuiltIn">
<msg time="2024-06-21T01:04:57.932382" level="INFO">gender</msg>
<arg>${key}</arg>
<doc>Logs the given message with the given level.</doc>
<status status="PASS" start="2024-06-21T01:04:57.932255" elapsed="0.000165"/>
</kw>
<var name="${key}">gender</var>
<status status="PASS" start="2024-06-21T01:04:57.930827" elapsed="0.001806"/>
</iter>
<iter>
<kw name="Dictionary Should Contain Key" owner="Collections">
<arg>${json_data['results'][0]}</arg>
<arg>${key}</arg>
<doc>Fails if ``key`` is not found from ``dictionary``.</doc>
<status status="PASS" start="2024-06-21T01:04:57.932925" elapsed="0.000390"/>
</kw>
<kw name="Log" owner="BuiltIn">
<msg time="2024-06-21T01:04:57.933849" level="INFO">{'gender': 'female', 'name': {'title': 'Ms', 'first': 'Evelyn', 'last': 'Wells'}, 'location': {'street': {'number': 1574, 'name': 'Marsh Ln'}, 'city': 'Jersey City', 'state': 'Minnesota', 'country': 'United States', 'postcode': 54776, 'coordinates': {'latitude': '89.4558', 'longitude': '156.2845'}, 'timezone': {'offset': '+5:30', 'description': 'Bombay, Calcutta, Madras, New Delhi'}}, 'email': 'evelyn.wells@example.com', 'login': {'uuid': '5fab2777-748b-417a-8220-5f5675e3b0b1', 'username': 'angryfrog965', 'password': 'bowwow', 'salt': 'qGTgBPak', 'md5': 'daeaa1d398f726f218f9f0e6e4301293', 'sha1': 'a9099d09cb83fb09a3d5c593b02cacfe0dcd33f2', 'sha256': '4131f47ddcb31678bc19f1115727b39b2edd279ce16b86281605e5d5aabf9ca4'}, 'dob': {'date': '1964-07-02T10:36:26.254Z', 'age': 59}, 'registered': {'date': '2010-01-15T11:04:22.303Z', 'age': 14}, 'phone': '(492) 706-0772', 'cell': '(335) 363-5125', 'id': {'name': 'SSN', 'value': '887-76-7103'}, 'picture': {'large': 'https://randomuser.me/api/portraits/women/46.jpg', 'medium': 'https://randomuser.me/api/portraits/med/women/46.jpg', 'thumbnail': 'https://randomuser.me/api/portraits/thumb/women/46.jpg'}, 'nat': 'US'}</msg>
<arg>${json_data['results'][0]}</arg>
<doc>Logs the given message with the given level.</doc>
<status status="PASS" start="2024-06-21T01:04:57.933500" elapsed="0.000427"/>
</kw>
<kw name="Log" owner="BuiltIn">
<msg time="2024-06-21T01:04:57.934346" level="INFO">name</msg>
<arg>${key}</arg>
<doc>Logs the given message with the given level.</doc>
<status status="PASS" start="2024-06-21T01:04:57.934220" elapsed="0.000165"/>
</kw>
<var name="${key}">name</var>
<status status="PASS" start="2024-06-21T01:04:57.932814" elapsed="0.001795"/>
</iter>
<iter>
<kw name="Dictionary Should Contain Key" owner="Collections">
<arg>${json_data['results'][0]}</arg>
<arg>${key}</arg>
<doc>Fails if ``key`` is not found from ``dictionary``.</doc>
<status status="PASS" start="2024-06-21T01:04:57.934917" elapsed="0.000388"/>
</kw>
<kw name="Log" owner="BuiltIn">
<msg time="2024-06-21T01:04:57.935844" level="INFO">{'gender': 'female', 'name': {'title': 'Ms', 'first': 'Evelyn', 'last': 'Wells'}, 'location': {'street': {'number': 1574, 'name': 'Marsh Ln'}, 'city': 'Jersey City', 'state': 'Minnesota', 'country': 'United States', 'postcode': 54776, 'coordinates': {'latitude': '89.4558', 'longitude': '156.2845'}, 'timezone': {'offset': '+5:30', 'description': 'Bombay, Calcutta, Madras, New Delhi'}}, 'email': 'evelyn.wells@example.com', 'login': {'uuid': '5fab2777-748b-417a-8220-5f5675e3b0b1', 'username': 'angryfrog965', 'password': 'bowwow', 'salt': 'qGTgBPak', 'md5': 'daeaa1d398f726f218f9f0e6e4301293', 'sha1': 'a9099d09cb83fb09a3d5c593b02cacfe0dcd33f2', 'sha256': '4131f47ddcb31678bc19f1115727b39b2edd279ce16b86281605e5d5aabf9ca4'}, 'dob': {'date': '1964-07-02T10:36:26.254Z', 'age': 59}, 'registered': {'date': '2010-01-15T11:04:22.303Z', 'age': 14}, 'phone': '(492) 706-0772', 'cell': '(335) 363-5125', 'id': {'name': 'SSN', 'value': '887-76-7103'}, 'picture': {'large': 'https://randomuser.me/api/portraits/women/46.jpg', 'medium': 'https://randomuser.me/api/portraits/med/women/46.jpg', 'thumbnail': 'https://randomuser.me/api/portraits/thumb/women/46.jpg'}, 'nat': 'US'}</msg>
<arg>${json_data['results'][0]}</arg>
<doc>Logs the given message with the given level.</doc>
<status status="PASS" start="2024-06-21T01:04:57.935485" elapsed="0.000407"/>
</kw>
<kw name="Log" owner="BuiltIn">
<msg time="2024-06-21T01:04:57.936307" level="INFO">location</msg>
<arg>${key}</arg>
<doc>Logs the given message with the given level.</doc>
<status status="PASS" start="2024-06-21T01:04:57.936182" elapsed="0.000162"/>
</kw>
<var name="${key}">location</var>
<status status="PASS" start="2024-06-21T01:04:57.934786" elapsed="0.001785"/>
</iter>
<iter>
<kw name="Dictionary Should Contain Key" owner="Collections">
<arg>${json_data['results'][0]}</arg>
<arg>${key}</arg>
<doc>Fails if ``key`` is not found from ``dictionary``.</doc>
<status status="PASS" start="2024-06-21T01:04:57.937027" elapsed="0.000422"/>
</kw>
<kw name="Log" owner="BuiltIn">
<msg time="2024-06-21T01:04:57.937986" level="INFO">{'gender': 'female', 'name': {'title': 'Ms', 'first': 'Evelyn', 'last': 'Wells'}, 'location': {'street': {'number': 1574, 'name': 'Marsh Ln'}, 'city': 'Jersey City', 'state': 'Minnesota', 'country': 'United States', 'postcode': 54776, 'coordinates': {'latitude': '89.4558', 'longitude': '156.2845'}, 'timezone': {'offset': '+5:30', 'description': 'Bombay, Calcutta, Madras, New Delhi'}}, 'email': 'evelyn.wells@example.com', 'login': {'uuid': '5fab2777-748b-417a-8220-5f5675e3b0b1', 'username': 'angryfrog965', 'password': 'bowwow', 'salt': 'qGTgBPak', 'md5': 'daeaa1d398f726f218f9f0e6e4301293', 'sha1': 'a9099d09cb83fb09a3d5c593b02cacfe0dcd33f2', 'sha256': '4131f47ddcb31678bc19f1115727b39b2edd279ce16b86281605e5d5aabf9ca4'}, 'dob': {'date': '1964-07-02T10:36:26.254Z', 'age': 59}, 'registered': {'date': '2010-01-15T11:04:22.303Z', 'age': 14}, 'phone': '(492) 706-0772', 'cell': '(335) 363-5125', 'id': {'name': 'SSN', 'value': '887-76-7103'}, 'picture': {'large': 'https://randomuser.me/api/portraits/women/46.jpg', 'medium': 'https://randomuser.me/api/portraits/med/women/46.jpg', 'thumbnail': 'https://randomuser.me/api/portraits/thumb/women/46.jpg'}, 'nat': 'US'}</msg>
<arg>${json_data['results'][0]}</arg>
<doc>Logs the given message with the given level.</doc>
<status status="PASS" start="2024-06-21T01:04:57.937636" elapsed="0.000402"/>
</kw>
<kw name="Log" owner="BuiltIn">
<msg time="2024-06-21T01:04:57.938456" level="INFO">email</msg>
<arg>${key}</arg>
<doc>Logs the given message with the given level.</doc>
<status status="PASS" start="2024-06-21T01:04:57.938330" elapsed="0.000164"/>
</kw>
<var name="${key}">email</var>
<status status="PASS" start="2024-06-21T01:04:57.936831" elapsed="0.001874"/>
</iter>
<iter>
<kw name="Dictionary Should Contain Key" owner="Collections">
<arg>${json_data['results'][0]}</arg>
<arg>${key}</arg>
<doc>Fails if ``key`` is not found from ``dictionary``.</doc>
<status status="PASS" start="2024-06-21T01:04:57.939019" elapsed="0.000393"/>
</kw>
<kw name="Log" owner="BuiltIn">
<msg time="2024-06-21T01:04:57.939947" level="INFO">{'gender': 'female', 'name': {'title': 'Ms', 'first': 'Evelyn', 'last': 'Wells'}, 'location': {'street': {'number': 1574, 'name': 'Marsh Ln'}, 'city': 'Jersey City', 'state': 'Minnesota', 'country': 'United States', 'postcode': 54776, 'coordinates': {'latitude': '89.4558', 'longitude': '156.2845'}, 'timezone': {'offset': '+5:30', 'description': 'Bombay, Calcutta, Madras, New Delhi'}}, 'email': 'evelyn.wells@example.com', 'login': {'uuid': '5fab2777-748b-417a-8220-5f5675e3b0b1', 'username': 'angryfrog965', 'password': 'bowwow', 'salt': 'qGTgBPak', 'md5': 'daeaa1d398f726f218f9f0e6e4301293', 'sha1': 'a9099d09cb83fb09a3d5c593b02cacfe0dcd33f2', 'sha256': '4131f47ddcb31678bc19f1115727b39b2edd279ce16b86281605e5d5aabf9ca4'}, 'dob': {'date': '1964-07-02T10:36:26.254Z', 'age': 59}, 'registered': {'date': '2010-01-15T11:04:22.303Z', 'age': 14}, 'phone': '(492) 706-0772', 'cell': '(335) 363-5125', 'id': {'name': 'SSN', 'value': '887-76-7103'}, 'picture': {'large': 'https://randomuser.me/api/portraits/women/46.jpg', 'medium': 'https://randomuser.me/api/portraits/med/women/46.jpg', 'thumbnail': 'https://randomuser.me/api/portraits/thumb/women/46.jpg'}, 'nat': 'US'}</msg>
<arg>${json_data['results'][0]}</arg>
<doc>Logs the given message with the given level.</doc>
<status status="PASS" start="2024-06-21T01:04:57.939599" elapsed="0.000395"/>
</kw>
<kw name="Log" owner="BuiltIn">
<msg time="2024-06-21T01:04:57.940416" level="INFO">login</msg>
<arg>${key}</arg>
<doc>Logs the given message with the given level.</doc>
<status status="PASS" start="2024-06-21T01:04:57.940290" elapsed="0.000164"/>
</kw>
<var name="${key}">login</var>
<status status="PASS" start="2024-06-21T01:04:57.938909" elapsed="0.001755"/>
</iter>
<var>${key}</var>
<value>@{expected_keys}</value>
<status status="PASS" start="2024-06-21T01:04:57.930595" elapsed="0.010185"/>
</for>
<kw name="Create List" owner="BuiltIn">
<msg time="2024-06-21T01:04:57.941129" level="INFO">${expected_keysTwo} = ['username', 'password']</msg>
<var>${expected_keysTwo}</var>
<arg>username</arg>
<arg>password</arg>
<doc>Returns a list containing given items.</doc>
<status status="PASS" start="2024-06-21T01:04:57.940963" elapsed="0.000191"/>
</kw>
<for flavor="IN">
<iter>
<kw name="Dictionary Should Contain Key" owner="Collections">
<arg>${json_data['results'][0]['login']}</arg>
<arg>${keyTwo}</arg>
<doc>Fails if ``key`` is not found from ``dictionary``.</doc>
<status status="PASS" start="2024-06-21T01:04:57.941648" elapsed="0.000387"/>
</kw>
<kw name="Dictionary Should Contain Key" owner="Collections">
<arg>${json_data['results'][0]['login']}</arg>
<arg>${keyTwo}</arg>
<doc>Fails if ``key`` is not found from ``dictionary``.</doc>
<status status="PASS" start="2024-06-21T01:04:57.942218" elapsed="0.000377"/>
</kw>
<kw name="Log" owner="BuiltIn">
<msg time="2024-06-21T01:04:57.942923" level="INFO">username</msg>
<arg>${keyTwo}</arg>
<doc>Logs the given message with the given level.</doc>
<status status="PASS" start="2024-06-21T01:04:57.942771" elapsed="0.000192"/>
</kw>
<var name="${keyTwo}">username</var>
<status status="PASS" start="2024-06-21T01:04:57.941541" elapsed="0.001645"/>
</iter>
<iter>
<kw name="Dictionary Should Contain Key" owner="Collections">
<arg>${json_data['results'][0]['login']}</arg>
<arg>${keyTwo}</arg>
<doc>Fails if ``key`` is not found from ``dictionary``.</doc>
<status status="PASS" start="2024-06-21T01:04:57.943460" elapsed="0.000380"/>
</kw>
<kw name="Dictionary Should Contain Key" owner="Collections">
<arg>${json_data['results'][0]['login']}</arg>
<arg>${keyTwo}</arg>
<doc>Fails if ``key`` is not found from ``dictionary``.</doc>
<status status="PASS" start="2024-06-21T01:04:57.944016" elapsed="0.000381"/>
</kw>
<kw name="Log" owner="BuiltIn">
<msg time="2024-06-21T01:04:57.944693" level="INFO">password</msg>
<arg>${keyTwo}</arg>
<doc>Logs the given message with the given level.</doc>
<status status="PASS" start="2024-06-21T01:04:57.944575" elapsed="0.000155"/>
</kw>
<var name="${keyTwo}">password</var>
<status status="PASS" start="2024-06-21T01:04:57.943354" elapsed="0.001682"/>
</iter>
<var>${keyTwo}</var>
<value>@{expected_keysTwo}</value>
<status status="PASS" start="2024-06-21T01:04:57.941388" elapsed="0.003767"/>
</for>
<status status="PASS" start="2024-06-21T01:04:57.829233" elapsed="0.116064"/>
</kw>
<doc>Testa a estrutura da resposta da API.</doc>
<tag>testeEstruturaResposta</tag>
<status status="PASS" start="2024-06-21T01:04:57.828613" elapsed="0.116838"/>
</test>
<test id="s1-s1-t4" name="Validar tipos de dados" line="28">
<kw name="Teste de Tipos de Dados" owner="random-user-service">
<kw name="GET On Session" owner="RequestsLibrary">
<msg time="2024-06-21T01:04:58.029352" level="INFO">GET Request : url=https://randomuser.me/api 
 path_url=/api 
 headers={'User-Agent': 'python-requests/2.32.3', 'Accept-Encoding': 'gzip, deflate', 'Accept': '*/*', 'Connection': 'keep-alive'} 
 body=None 
 </msg>
<msg time="2024-06-21T01:04:58.029466" level="INFO">GET Response : url=https://randomuser.me/api 
 status=200, reason=OK 
 headers={'Date': 'Fri, 21 Jun 2024 01:04:58 GMT', 'Content-Type': 'application/json; charset=utf-8', 'Transfer-Encoding': 'chunked', 'Connection': 'keep-alive', 'X-Powered-By': 'Express', 'Access-Control-Allow-Origin': '*', 'Cache-Control': 'no-cache', 'ETag': 'W/"4a1-wUD6U/iYh+9BfXQipiijLkKca6Q"', 'Vary': 'Accept-Encoding', 'Content-Encoding': 'gzip', 'CF-Cache-Status': 'DYNAMIC', 'Report-To': '{"endpoints":[{"url":"https:\\/\\/a.nel.cloudflare.com\\/report\\/v4?s=36YHYSe2XLhIAZ2PPeM9p81ta81GW8sWqefeDiRyHoWycvBeYFCMH%2Bpqfn4O9%2FGTxHhRyqPfKBh%2Fgdaxj2hnYB0vWIS3A%2BSu7jjwEtb8KaTA02G%2B6aobKjXfahYR2tl4"}],"group":"cf-nel","max_age":604800}', 'NEL': '{"success_fraction":0,"report_to":"cf-nel","max_age":604800}', 'Server': 'cloudflare', 'CF-RAY': '8970166a3e1781d5-IAD', 'alt-svc': 'h3=":443"; ma=86400'} 
 body={"results":[{"gender":"female","name":{"title":"Mrs","first":"Emeline","last":"Bonnet"},"location":{"street":{"number":9851,"name":"Avenue Paul Eluard"},"city":"Aulnay-sous-Bois","state":"Deux-Sèvres","country":"France","postcode":54769,"coordinates":{"latitude":"-18.9844","longitude":"22.3555"},"timezone":{"offset":"-2:00","description":"Mid-Atlantic"}},"email":"emeline.bonnet@example.com","login":{"uuid":"5176f113-7f3d-414b-9cc1-af719d032046","username":"beautifulmouse948","password":"scoobydo","salt":"0pZgqQuU","md5":"51c437ae8f8d2346c3ff6a5ce5dcef1b","sha1":"a8f5a4c9c24c52b2fff3c557ecdee0ab0112998d","sha256":"fa7d1fb7ced1b632965fdc2d99e918eee2f1fee4e43c856544c62e694a43f198"},"dob":{"date":"1971-06-04T09:52:54.982Z","age":53},"registered":{"date":"2003-06-30T23:06:07.105Z","age":20},"phone":"05-02-10-24-18","cell":"06-48-85-37-15","id":{"name":"INSEE","value":"2710516079613 70"},"picture":{"large":"https://randomuser.me/api/portraits/women/56.jpg","medium":"https://randomuser.me/api/portraits/med/women/56.jpg","thumbnail":"https://randomuser.me/api/portraits/thumb/women/56.jpg"},"nat":"FR"}],"info":{"seed":"7b1dfac4ce32efa5","results":1,"page":1,"version":"1.4"}} 
 </msg>
<msg time="2024-06-21T01:04:58.029554" level="INFO">/opt/hostedtoolcache/Python/3.12.4/x64/lib/python3.12/site-packages/urllib3/connectionpool.py:1099: InsecureRequestWarning: Unverified HTTPS request is being made to host 'randomuser.me'. Adding certificate verification is strongly advised. See: https://urllib3.readthedocs.io/en/latest/advanced-usage.html#tls-warnings
  warnings.warn(</msg>
<msg time="2024-06-21T01:04:58.029698" level="INFO">${response} = &lt;Response [200]&gt;</msg>
<var>${response}</var>
<arg>consultarAPI</arg>
<arg>/api</arg>
<doc>Sends a GET request on a previously created HTTP Session.</doc>
<status status="PASS" start="2024-06-21T01:04:57.948048" elapsed="0.081698"/>
</kw>
<kw name="Set Variable" owner="BuiltIn">
<msg time="2024-06-21T01:04:58.031084" level="INFO">${json_data} = {'results': [{'gender': 'female', 'name': {'title': 'Mrs', 'first': 'Emeline', 'last': 'Bonnet'}, 'location': {'street': {'number': 9851, 'name': 'Avenue Paul Eluard'}, 'city': 'Aulnay-sous-Bois', 'st...</msg>
<var>${json_data}</var>
<arg>${response.json()}</arg>
<doc>Returns the given values which can then be assigned to a variables.</doc>
<status status="PASS" start="2024-06-21T01:04:58.030418" elapsed="0.000695"/>
</kw>
<kw name="Log" owner="BuiltIn">
<msg time="2024-06-21T01:04:58.031578" level="INFO">{'results': [{'gender': 'female', 'name': {'title': 'Mrs', 'first': 'Emeline', 'last': 'Bonnet'}, 'location': {'street': {'number': 9851, 'name': 'Avenue Paul Eluard'}, 'city': 'Aulnay-sous-Bois', 'state': 'Deux-Sèvres', 'country': 'France', 'postcode': 54769, 'coordinates': {'latitude': '-18.9844', 'longitude': '22.3555'}, 'timezone': {'offset': '-2:00', 'description': 'Mid-Atlantic'}}, 'email': 'emeline.bonnet@example.com', 'login': {'uuid': '5176f113-7f3d-414b-9cc1-af719d032046', 'username': 'beautifulmouse948', 'password': 'scoobydo', 'salt': '0pZgqQuU', 'md5': '51c437ae8f8d2346c3ff6a5ce5dcef1b', 'sha1': 'a8f5a4c9c24c52b2fff3c557ecdee0ab0112998d', 'sha256': 'fa7d1fb7ced1b632965fdc2d99e918eee2f1fee4e43c856544c62e694a43f198'}, 'dob': {'date': '1971-06-04T09:52:54.982Z', 'age': 53}, 'registered': {'date': '2003-06-30T23:06:07.105Z', 'age': 20}, 'phone': '05-02-10-24-18', 'cell': '06-48-85-37-15', 'id': {'name': 'INSEE', 'value': '2710516079613 70'}, 'picture': {'large': 'https://randomuser.me/api/portraits/women/56.jpg', 'medium': 'https://randomuser.me/api/portraits/med/women/56.jpg', 'thumbnail': 'https://randomuser.me/api/portraits/thumb/women/56.jpg'}, 'nat': 'FR'}], 'info': {'seed': '7b1dfac4ce32efa5', 'results': 1, 'page': 1, 'version': '1.4'}}</msg>
<arg>${json_data}</arg>
<doc>Logs the given message with the given level.</doc>
<status status="PASS" start="2024-06-21T01:04:58.031420" elapsed="0.000210"/>
</kw>
<kw name="Should Be String" owner="String">
<arg>${json_data['results'][0]['gender']}</arg>
<doc>Fails if the given ``item`` is not a string.</doc>
<status status="PASS" start="2024-06-21T01:04:58.031919" elapsed="0.000366"/>
</kw>
<kw name="Should Match Regexp" owner="BuiltIn">
<arg>${json_data['results'][0]['email']}</arg>
<arg>^[a-zA-Z0-9._%+-]+@[a-zA-Z0-9.-]+\.[a-zA-Z]{2,}$</arg>
<doc>Fails if ``string`` does not match ``pattern`` as a regular expression.</doc>
<status status="PASS" start="2024-06-21T01:04:58.032511" elapsed="0.000529"/>
</kw>
<kw name="Should Match Regexp" owner="BuiltIn">
<arg>${json_data['results'][0]['dob']['date']}</arg>
<arg>\\d{4}-\\d{2}-\\d{2}T\\d{2}:\\d{2}:\\d{2}\\.\\d{3}Z</arg>
<doc>Fails if ``string`` does not match ``pattern`` as a regular expression.</doc>
<status status="PASS" start="2024-06-21T01:04:58.033233" elapsed="0.000481"/>
</kw>
<kw name="Should Match Regexp" owner="BuiltIn">
<arg>${json_data['results'][0]['registered']['date']}</arg>
<arg>\\d{4}-\\d{2}-\\d{2}T\\d{2}:\\d{2}:\\d{2}\\.\\d{3}Z</arg>
<doc>Fails if ``string`` does not match ``pattern`` as a regular expression.</doc>
<status status="PASS" start="2024-06-21T01:04:58.033900" elapsed="0.000365"/>
</kw>
<kw name="Should Match Regexp" owner="BuiltIn">
<arg>${json_data['results'][0]['picture']['large']}</arg>
<arg>^https?://.*\.(?:png|jpe?g|gif|bmp)$</arg>
<doc>Fails if ``string`` does not match ``pattern`` as a regular expression.</doc>
<status status="PASS" start="2024-06-21T01:04:58.034447" elapsed="0.000502"/>
</kw>
<kw name="Should Match Regexp" owner="BuiltIn">
<arg>${json_data['results'][0]['picture']['medium']}</arg>
<arg>^https?://.*\.(?:png|jpe?g|gif|bmp)$</arg>
<doc>Fails if ``string`` does not match ``pattern`` as a regular expression.</doc>
<status status="PASS" start="2024-06-21T01:04:58.035142" elapsed="0.000366"/>
</kw>
<kw name="Should Match Regexp" owner="BuiltIn">
<arg>${json_data['results'][0]['picture']['thumbnail']}</arg>
<arg>^https?://.*\.(?:png|jpe?g|gif|bmp)$</arg>
<doc>Fails if ``string`` does not match ``pattern`` as a regular expression.</doc>
<status status="PASS" start="2024-06-21T01:04:58.035689" elapsed="0.000349"/>
</kw>
<kw name="Log" owner="BuiltIn">
<msg time="2024-06-21T01:04:58.036540" level="INFO">{'large': 'https://randomuser.me/api/portraits/women/56.jpg', 'medium': 'https://randomuser.me/api/portraits/med/women/56.jpg', 'thumbnail': 'https://randomuser.me/api/portraits/thumb/women/56.jpg'}</msg>
<arg>${json_data['results'][0]['picture']}</arg>
<doc>Logs the given message with the given level.</doc>
<status status="PASS" start="2024-06-21T01:04:58.036217" elapsed="0.000366"/>
</kw>
<status status="PASS" start="2024-06-21T01:04:57.947823" elapsed="0.089018"/>
</kw>
<kw name="Teste de Tipos de Dados - Postcode" owner="random-user-service">
<kw name="GET On Session" owner="RequestsLibrary">
<msg time="2024-06-21T01:04:58.118416" level="INFO">GET Request : url=https://randomuser.me/api 
 path_url=/api 
 headers={'User-Agent': 'python-requests/2.32.3', 'Accept-Encoding': 'gzip, deflate', 'Accept': '*/*', 'Connection': 'keep-alive'} 
 body=None 
 </msg>
<msg time="2024-06-21T01:04:58.118523" level="INFO">GET Response : url=https://randomuser.me/api 
 status=200, reason=OK 
 headers={'Date': 'Fri, 21 Jun 2024 01:04:58 GMT', 'Content-Type': 'application/json; charset=utf-8', 'Transfer-Encoding': 'chunked', 'Connection': 'keep-alive', 'X-Powered-By': 'Express', 'Access-Control-Allow-Origin': '*', 'Cache-Control': 'no-cache', 'ETag': 'W/"486-39LUEyEvo+NdjPnLm4YYEENB6j8"', 'Vary': 'Accept-Encoding', 'Content-Encoding': 'gzip', 'CF-Cache-Status': 'DYNAMIC', 'Report-To': '{"endpoints":[{"url":"https:\\/\\/a.nel.cloudflare.com\\/report\\/v4?s=w9mfi31G69F5qetmwyrEA4bUfHip6rOoJu6Oqc67abdfjlO2h6w2%2BHSCJoY%2BEuf8M03C4BrSC23hPgC6phe2ryg6Oi48yFbMNvLAmQUqURFwWPHg7CZjZPa3VcjiZjxH"}],"group":"cf-nel","max_age":604800}', 'NEL': '{"success_fraction":0,"report_to":"cf-nel","max_age":604800}', 'Server': 'cloudflare', 'CF-RAY': '8970166acee481d5-IAD', 'alt-svc': 'h3=":443"; ma=86400'} 
 body={"results":[{"gender":"female","name":{"title":"Ms","first":"Mirjam","last":"Scheidt"},"location":{"street":{"number":7080,"name":"Wiesenweg"},"city":"Rothenfels","state":"Sachsen-Anhalt","country":"Germany","postcode":65340,"coordinates":{"latitude":"-50.2997","longitude":"137.6654"},"timezone":{"offset":"+5:45","description":"Kathmandu"}},"email":"mirjam.scheidt@example.com","login":{"uuid":"bcecbfbd-95a0-4ca8-9df4-ebfe7685eeed","username":"crazywolf731","password":"wrinkle1","salt":"wMdUOHJ3","md5":"9cdbef95c8d58ba87100e6578386bf08","sha1":"6737cba0f4d817cc015286c59bf635472df1c839","sha256":"5bf88d0e039b827b59c1957530f60e57bc1102847d5eee4cf6a967ecaf144f0c"},"dob":{"date":"1999-07-29T00:44:59.597Z","age":24},"registered":{"date":"2019-12-24T17:27:09.194Z","age":4},"phone":"0453-8998645","cell":"0174-3886762","id":{"name":"SVNR","value":"81 280799 S 966"},"picture":{"large":"https://randomuser.me/api/portraits/women/44.jpg","medium":"https://randomuser.me/api/portraits/med/women/44.jpg","thumbnail":"https://randomuser.me/api/portraits/thumb/women/44.jpg"},"nat":"DE"}],"info":{"seed":"0b64f6389a32d26c","results":1,"page":1,"version":"1.4"}} 
 </msg>
<msg time="2024-06-21T01:04:58.118606" level="INFO">/opt/hostedtoolcache/Python/3.12.4/x64/lib/python3.12/site-packages/urllib3/connectionpool.py:1099: InsecureRequestWarning: Unverified HTTPS request is being made to host 'randomuser.me'. Adding certificate verification is strongly advised. See: https://urllib3.readthedocs.io/en/latest/advanced-usage.html#tls-warnings
  warnings.warn(</msg>
<msg time="2024-06-21T01:04:58.118752" level="INFO">${response} = &lt;Response [200]&gt;</msg>
<var>${response}</var>
<arg>consultarAPI</arg>
<arg>/api</arg>
<doc>Sends a GET request on a previously created HTTP Session.</doc>
<status status="PASS" start="2024-06-21T01:04:58.037294" elapsed="0.081529"/>
</kw>
<kw name="Set Variable" owner="BuiltIn">
<msg time="2024-06-21T01:04:58.120078" level="INFO">${json_data} = {'results': [{'gender': 'female', 'name': {'title': 'Ms', 'first': 'Mirjam', 'last': 'Scheidt'}, 'location': {'street': {'number': 7080, 'name': 'Wiesenweg'}, 'city': 'Rothenfels', 'state': 'Sachsen-A...</msg>
<var>${json_data}</var>
<arg>${response.json()}</arg>
<doc>Returns the given values which can then be assigned to a variables.</doc>
<status status="PASS" start="2024-06-21T01:04:58.119499" elapsed="0.000607"/>
</kw>
<kw name="Log" owner="BuiltIn">
<msg time="2024-06-21T01:04:58.120561" level="INFO">{'results': [{'gender': 'female', 'name': {'title': 'Ms', 'first': 'Mirjam', 'last': 'Scheidt'}, 'location': {'street': {'number': 7080, 'name': 'Wiesenweg'}, 'city': 'Rothenfels', 'state': 'Sachsen-Anhalt', 'country': 'Germany', 'postcode': 65340, 'coordinates': {'latitude': '-50.2997', 'longitude': '137.6654'}, 'timezone': {'offset': '+5:45', 'description': 'Kathmandu'}}, 'email': 'mirjam.scheidt@example.com', 'login': {'uuid': 'bcecbfbd-95a0-4ca8-9df4-ebfe7685eeed', 'username': 'crazywolf731', 'password': 'wrinkle1', 'salt': 'wMdUOHJ3', 'md5': '9cdbef95c8d58ba87100e6578386bf08', 'sha1': '6737cba0f4d817cc015286c59bf635472df1c839', 'sha256': '5bf88d0e039b827b59c1957530f60e57bc1102847d5eee4cf6a967ecaf144f0c'}, 'dob': {'date': '1999-07-29T00:44:59.597Z', 'age': 24}, 'registered': {'date': '2019-12-24T17:27:09.194Z', 'age': 4}, 'phone': '0453-8998645', 'cell': '0174-3886762', 'id': {'name': 'SVNR', 'value': '81 280799 S 966'}, 'picture': {'large': 'https://randomuser.me/api/portraits/women/44.jpg', 'medium': 'https://randomuser.me/api/portraits/med/women/44.jpg', 'thumbnail': 'https://randomuser.me/api/portraits/thumb/women/44.jpg'}, 'nat': 'DE'}], 'info': {'seed': '0b64f6389a32d26c', 'results': 1, 'page': 1, 'version': '1.4'}}</msg>
<arg>${json_data}</arg>
<doc>Logs the given message with the given level.</doc>
<status status="PASS" start="2024-06-21T01:04:58.120404" elapsed="0.000206"/>
</kw>
<kw name="Should Be Equal As Numbers" owner="BuiltIn">
<arg>${json_data['results'][0]['location']['postcode']}</arg>
<arg>${json_data['results'][0]['location']['postcode']}</arg>
<doc>Fails if objects are unequal after converting them to real numbers.</doc>
<status status="PASS" start="2024-06-21T01:04:58.120901" elapsed="0.000623"/>
</kw>
<kw name="Log" owner="BuiltIn">
<msg time="2024-06-21T01:04:58.122253" level="INFO">65340</msg>
<arg>${json_data['results'][0]['location']['postcode']}</arg>
<doc>Logs the given message with the given level.</doc>
<status status="PASS" start="2024-06-21T01:04:58.121708" elapsed="0.000587"/>
</kw>
<status status="PASS" start="2024-06-21T01:04:58.037070" elapsed="0.085483"/>
</kw>
<doc>Testa se os tipos de dados na resposta da API estão corretos.</doc>
<tag>testeTiposDados</tag>
<status status="PASS" start="2024-06-21T01:04:57.947252" elapsed="0.175465"/>
</test>
<test id="s1-s1-t5" name="Validar conteudo" line="35">
<kw name="Teste de Tipos de Conteudo" owner="random-user-service">
<kw name="GET On Session" owner="RequestsLibrary">
<msg time="2024-06-21T01:04:58.233455" level="INFO">GET Request : url=https://randomuser.me/api 
 path_url=/api 
 headers={'User-Agent': 'python-requests/2.32.3', 'Accept-Encoding': 'gzip, deflate', 'Accept': '*/*', 'Connection': 'keep-alive'} 
 body=None 
 </msg>
<msg time="2024-06-21T01:04:58.233552" level="INFO">GET Response : url=https://randomuser.me/api 
 status=200, reason=OK 
 headers={'Date': 'Fri, 21 Jun 2024 01:04:58 GMT', 'Content-Type': 'application/json; charset=utf-8', 'Transfer-Encoding': 'chunked', 'Connection': 'keep-alive', 'X-Powered-By': 'Express', 'Access-Control-Allow-Origin': '*', 'Cache-Control': 'no-cache', 'ETag': 'W/"47b-ZBsr/yIn0lcXJWbNFkswwrkcoqA"', 'Vary': 'Accept-Encoding', 'Content-Encoding': 'gzip', 'CF-Cache-Status': 'DYNAMIC', 'Report-To': '{"endpoints":[{"url":"https:\\/\\/a.nel.cloudflare.com\\/report\\/v4?s=JuPjykFEamm1l%2BJ5sqIlcIWt3oqchbzuC%2Fw3eXEeMbpBGXxWgmXklBsLH%2Fci7asEoHfbfQY7qh7q0lyI35vh9qYeUC1Xve3bHdiGbM6%2FSGZbcf8fPXdpuo2VDwj5I6kf"}],"group":"cf-nel","max_age":604800}', 'NEL': '{"success_fraction":0,"report_to":"cf-nel","max_age":604800}', 'Server': 'cloudflare', 'CF-RAY': '8970166b5f7081d5-IAD', 'alt-svc': 'h3=":443"; ma=86400'} 
 body={"results":[{"gender":"male","name":{"title":"Mr","first":"Byron","last":"Newman"},"location":{"street":{"number":5958,"name":"The Crescent"},"city":"Carrick-on-Shannon","state":"Mayo","country":"Ireland","postcode":55557,"coordinates":{"latitude":"-3.7107","longitude":"-97.5435"},"timezone":{"offset":"-12:00","description":"Eniwetok, Kwajalein"}},"email":"byron.newman@example.com","login":{"uuid":"2a09d298-059e-49b0-9aea-7fc3485a5993","username":"tinymouse521","password":"obiwan","salt":"buL4MRc1","md5":"4e58fb605c0f06b1a6eb81987e033bbd","sha1":"71f0d96ea2af9aa5ed53806abbb21548128e8709","sha256":"9012170d4607fe26832b8feac3ef730fc6be8fd0501d4247d71b9eca45e491c1"},"dob":{"date":"2001-04-30T14:12:36.309Z","age":23},"registered":{"date":"2018-04-18T03:31:16.072Z","age":6},"phone":"021-536-3652","cell":"081-422-4545","id":{"name":"PPS","value":"0828379T"},"picture":{"large":"https://randomuser.me/api/portraits/men/19.jpg","medium":"https://randomuser.me/api/portraits/med/men/19.jpg","thumbnail":"https://randomuser.me/api/portraits/thumb/men/19.jpg"},"nat":"IE"}],"info":{"seed":"ad28f9ce3c5acfb1","results":1,"page":1,"version":"1.4"}} 
 </msg>
<msg time="2024-06-21T01:04:58.233624" level="INFO">/opt/hostedtoolcache/Python/3.12.4/x64/lib/python3.12/site-packages/urllib3/connectionpool.py:1099: InsecureRequestWarning: Unverified HTTPS request is being made to host 'randomuser.me'. Adding certificate verification is strongly advised. See: https://urllib3.readthedocs.io/en/latest/advanced-usage.html#tls-warnings
  warnings.warn(</msg>
<msg time="2024-06-21T01:04:58.233749" level="INFO">${response} = &lt;Response [200]&gt;</msg>
<var>${response}</var>
<arg>consultarAPI</arg>
<arg>/api</arg>
<doc>Sends a GET request on a previously created HTTP Session.</doc>
<status status="PASS" start="2024-06-21T01:04:58.125286" elapsed="0.108503"/>
</kw>
<kw name="Set Variable" owner="BuiltIn">
<msg time="2024-06-21T01:04:58.235028" level="INFO">${json_data} = {'results': [{'gender': 'male', 'name': {'title': 'Mr', 'first': 'Byron', 'last': 'Newman'}, 'location': {'street': {'number': 5958, 'name': 'The Crescent'}, 'city': 'Carrick-on-Shannon', 'state': 'Ma...</msg>
<var>${json_data}</var>
<arg>${response.json()}</arg>
<doc>Returns the given values which can then be assigned to a variables.</doc>
<status status="PASS" start="2024-06-21T01:04:58.234427" elapsed="0.000630"/>
</kw>
<kw name="Set Variable" owner="BuiltIn">
<msg time="2024-06-21T01:04:58.235745" level="INFO">${name_title} = Mr</msg>
<var>${name_title}</var>
<arg>${json_data["results"][0]["name"]["title"]}</arg>
<doc>Returns the given values which can then be assigned to a variables.</doc>
<status status="PASS" start="2024-06-21T01:04:58.235359" elapsed="0.000411"/>
</kw>
<kw name="Create List" owner="BuiltIn">
<msg time="2024-06-21T01:04:58.236209" level="INFO">${allowed_titles} = ['Mr', 'Ms', 'Miss', 'Mrs', 'Madame', 'Monsieur']</msg>
<var>${allowed_titles}</var>
<arg>Mr</arg>
<arg>Ms</arg>
<arg>Miss</arg>
<arg>Mrs</arg>
<arg>Madame</arg>
<arg>Monsieur</arg>
<doc>Returns a list containing given items.</doc>
<status status="PASS" start="2024-06-21T01:04:58.236061" elapsed="0.000172"/>
</kw>
<kw name="List Should Contain Value" owner="Collections">
<arg>${allowed_titles}</arg>
<arg>${name_title}</arg>
<doc>Fails if the ``value`` is not found from ``list``.</doc>
<status status="PASS" start="2024-06-21T01:04:58.236529" elapsed="0.000175"/>
</kw>
<kw name="Set Variable" owner="BuiltIn">
<msg time="2024-06-21T01:04:58.237248" level="INFO">${name_country} = IE</msg>
<var>${name_country}</var>
<arg>${json_data["results"][0]["nat"]}</arg>
<doc>Returns the given values which can then be assigned to a variables.</doc>
<status status="PASS" start="2024-06-21T01:04:58.236879" elapsed="0.000394"/>
</kw>
<kw name="Create List" owner="BuiltIn">
<msg time="2024-06-21T01:04:58.238175" level="INFO">${list_country} = ['AD', 'AE', 'AF', 'AG', 'AI', 'AL', 'AM', 'AO', 'AQ', 'AR', 'AS', 'AT', 'AU', 'AW', 'AX', 'AZ', 'BA', 'BB', 'BD', 'BE', 'BF', 'BG', 'BH', 'BI', 'BJ', 'BL', 'BM', 'BN', 'BO', 'BQ', 'BR', 'BS', 'BT', '...</msg>
<var>${list_country}</var>
<arg>AD</arg>
<arg>AE</arg>
<arg>AF</arg>
<arg>AG</arg>
<arg>AI</arg>
<arg>AL</arg>
<arg>AM</arg>
<arg>AO</arg>
<arg>AQ</arg>
<arg>AR</arg>
<arg>AS</arg>
<arg>AT</arg>
<arg>AU</arg>
<arg>AW</arg>
<arg>AX</arg>
<arg>AZ</arg>
<arg>BA</arg>
<arg>BB</arg>
<arg>BD</arg>
<arg>BE</arg>
<arg>BF</arg>
<arg>BG</arg>
<arg>BH</arg>
<arg>BI</arg>
<arg>BJ</arg>
<arg>BL</arg>
<arg>BM</arg>
<arg>BN</arg>
<arg>BO</arg>
<arg>BQ</arg>
<arg>BR</arg>
<arg>BS</arg>
<arg>BT</arg>
<arg>BV</arg>
<arg>BW</arg>
<arg>BY</arg>
<arg>BZ</arg>
<arg>CA</arg>
<arg>CC</arg>
<arg>CD</arg>
<arg>CF</arg>
<arg>CG</arg>
<arg>CH</arg>
<arg>CI</arg>
<arg>CK</arg>
<arg>CL</arg>
<arg>CM</arg>
<arg>CN</arg>
<arg>CO</arg>
<arg>CR</arg>
<arg>CU</arg>
<arg>CV</arg>
<arg>CW</arg>
<arg>CX</arg>
<arg>CY</arg>
<arg>CZ</arg>
<arg>DE</arg>
<arg>DJ</arg>
<arg>DK</arg>
<arg>DM</arg>
<arg>DO</arg>
<arg>DZ</arg>
<arg>EC</arg>
<arg>EE</arg>
<arg>EG</arg>
<arg>EH</arg>
<arg>ER</arg>
<arg>ES</arg>
<arg>ET</arg>
<arg>FI</arg>
<arg>FJ</arg>
<arg>FK</arg>
<arg>FM</arg>
<arg>FO</arg>
<arg>FR</arg>
<arg>GA</arg>
<arg>GB</arg>
<arg>GD</arg>
<arg>GE</arg>
<arg>GF</arg>
<arg>GG</arg>
<arg>GH</arg>
<arg>GI</arg>
<arg>GL</arg>
<arg>GM</arg>
<arg>GN</arg>
<arg>GP</arg>
<arg>GQ</arg>
<arg>GR</arg>
<arg>GS</arg>
<arg>GT</arg>
<arg>GU</arg>
<arg>GW</arg>
<arg>GY</arg>
<arg>HK</arg>
<arg>HM</arg>
<arg>HN</arg>
<arg>HR</arg>
<arg>HT</arg>
<arg>HU</arg>
<arg>ID</arg>
<arg>IE</arg>
<arg>IL</arg>
<arg>IM</arg>
<arg>IN</arg>
<arg>IO</arg>
<arg>IQ</arg>
<arg>IR</arg>
<arg>IS</arg>
<arg>IT</arg>
<arg>JE</arg>
<arg>JM</arg>
<arg>JO</arg>
<arg>JP</arg>
<arg>KE</arg>
<arg>KG</arg>
<arg>KH</arg>
<arg>KI</arg>
<arg>KM</arg>
<arg>KN</arg>
<arg>KP</arg>
<arg>KR</arg>
<arg>KW</arg>
<arg>KY</arg>
<arg>KZ</arg>
<arg>LA</arg>
<arg>LB</arg>
<arg>LC</arg>
<arg>LI</arg>
<arg>LK</arg>
<arg>LR</arg>
<arg>LS</arg>
<arg>LT</arg>
<arg>LU</arg>
<arg>LV</arg>
<arg>LY</arg>
<arg>MA</arg>
<arg>MC</arg>
<arg>MD</arg>
<arg>ME</arg>
<arg>MF</arg>
<arg>MG</arg>
<arg>MH</arg>
<arg>MK</arg>
<arg>ML</arg>
<arg>MM</arg>
<arg>MN</arg>
<arg>MO</arg>
<arg>MP</arg>
<arg>MQ</arg>
<arg>MR</arg>
<arg>MS</arg>
<arg>MT</arg>
<arg>MU</arg>
<arg>MV</arg>
<arg>MW</arg>
<arg>MX</arg>
<arg>MY</arg>
<arg>MZ</arg>
<arg>NA</arg>
<arg>NC</arg>
<arg>NE</arg>
<arg>NF</arg>
<arg>NG</arg>
<arg>NI</arg>
<arg>NL</arg>
<arg>NO</arg>
<arg>NP</arg>
<arg>NR</arg>
<arg>NU</arg>
<arg>NZ</arg>
<arg>OM</arg>
<arg>PA</arg>
<arg>PE</arg>
<arg>PF</arg>
<arg>PG</arg>
<arg>PH</arg>
<arg>PK</arg>
<arg>PL</arg>
<arg>PM</arg>
<arg>PN</arg>
<arg>PR</arg>
<arg>PS</arg>
<arg>PT</arg>
<arg>PW</arg>
<arg>PY</arg>
<arg>QA</arg>
<arg>RE</arg>
<arg>RO</arg>
<arg>RS</arg>
<arg>RU</arg>
<arg>RW</arg>
<arg>SA</arg>
<arg>SB</arg>
<arg>SC</arg>
<arg>SD</arg>
<arg>SE</arg>
<arg>SG</arg>
<arg>SH</arg>
<arg>SI</arg>
<arg>SJ</arg>
<arg>SK</arg>
<arg>SL</arg>
<arg>SM</arg>
<arg>SN</arg>
<arg>SO</arg>
<arg>SR</arg>
<arg>SS</arg>
<arg>ST</arg>
<arg>SV</arg>
<arg>SX</arg>
<arg>SY</arg>
<arg>SZ</arg>
<arg>TC</arg>
<arg>TD</arg>
<arg>TF</arg>
<arg>TG</arg>
<arg>TH</arg>
<arg>TJ</arg>
<arg>TK</arg>
<arg>TL</arg>
<arg>TM</arg>
<arg>TN</arg>
<arg>TO</arg>
<arg>TR</arg>
<arg>TT</arg>
<arg>TV</arg>
<arg>TW</arg>
<arg>TZ</arg>
<arg>UA</arg>
<arg>UG</arg>
<arg>UM</arg>
<arg>US</arg>
<arg>UY</arg>
<arg>UZ</arg>
<arg>VA</arg>
<arg>VC</arg>
<arg>VE</arg>
<arg>VG</arg>
<arg>VI</arg>
<arg>VN</arg>
<arg>VU</arg>
<arg>WF</arg>
<arg>WS</arg>
<arg>XK</arg>
<arg>YE</arg>
<arg>YT</arg>
<arg>ZA</arg>
<arg>ZM</arg>
<arg>ZW</arg>
<doc>Returns a list containing given items.</doc>
<status status="PASS" start="2024-06-21T01:04:58.237558" elapsed="0.000642"/>
</kw>
<kw name="List Should Contain Value" owner="Collections">
<arg>${list_country}</arg>
<arg>${name_country}</arg>
<doc>Fails if the ``value`` is not found from ``list``.</doc>
<status status="PASS" start="2024-06-21T01:04:58.239024" elapsed="0.000204"/>
</kw>
<kw name="Run Keyword If" owner="BuiltIn">
<kw name="Should Be True" owner="BuiltIn">
<arg>${True}</arg>
<doc>Fails if the given condition is not true.</doc>
<status status="PASS" start="2024-06-21T01:04:58.240176" elapsed="0.000141"/>
</kw>
<arg>${json_data["results"][0]["location"]["coordinates"]["latitude"]} &gt;= -90 and ${json_data["results"][0]["location"]["coordinates"]["latitude"]} &lt;= 90</arg>
<arg>Should Be True</arg>
<arg>${True}</arg>
<doc>Runs the given keyword with the given arguments, if ``condition`` is true.</doc>
<status status="PASS" start="2024-06-21T01:04:58.239426" elapsed="0.001015"/>
</kw>
<kw name="Run Keyword If" owner="BuiltIn">
<kw name="Should Be True" owner="BuiltIn">
<arg>${True}</arg>
<doc>Fails if the given condition is not true.</doc>
<status status="PASS" start="2024-06-21T01:04:58.241301" elapsed="0.000240"/>
</kw>
<arg>${json_data["results"][0]["location"]["coordinates"]["longitude"]} &gt;= -180 and ${json_data["results"][0]["location"]["coordinates"]["longitude"]} &lt;= 180</arg>
<arg>Should Be True</arg>
<arg>${True}</arg>
<doc>Runs the given keyword with the given arguments, if ``condition`` is true.</doc>
<status status="PASS" start="2024-06-21T01:04:58.240618" elapsed="0.001056"/>
</kw>
<status status="PASS" start="2024-06-21T01:04:58.125065" elapsed="0.116739"/>
</kw>
<doc>Testa o conteúdo específico dos campos retornados pela API.</doc>
<tag>testeConteudo</tag>
<status status="PASS" start="2024-06-21T01:04:58.124528" elapsed="0.117425"/>
</test>
<status status="PASS" start="2024-06-21T01:04:57.376636" elapsed="0.867344"/>
</suite>
<status status="PASS" start="2024-06-21T01:04:57.362329" elapsed="0.886767"/>
</suite>
<statistics>
<total>
<stat pass="5" fail="0" skip="0">All Tests</stat>
</total>
<tag>
<stat pass="1" fail="0" skip="0">testeConteudo</stat>
<stat pass="1" fail="0" skip="0">testeEstruturaResposta</stat>
<stat pass="1" fail="0" skip="0">testeRequisicaoBasica</stat>
<stat pass="1" fail="0" skip="0">testeTiposDados</stat>
</tag>
<suite>
<stat pass="5" fail="0" skip="0" id="s1" name="Tests">Tests</stat>
<stat pass="5" fail="0" skip="0" id="s1-s1" name="Random-User-Test">Tests.Random-User-Test</stat>
</suite>
</statistics>
<errors>
</errors>
</robot>
