<?xml version="1.0" encoding="UTF-8"?>
<robot generator="Robot 7.0 (Python 3.12.2 on linux)" generated="2024-03-26T12:25:37.159723" rpa="false" schemaversion="5">
<suite id="s1" name="Tests" source="/home/runner/work/DesafioQAItauRogerioJordao/DesafioQAItauRogerioJordao/RamdonUser/tests">
<suite id="s1-s1" name="Random-User-Test" source="/home/runner/work/DesafioQAItauRogerioJordao/DesafioQAItauRogerioJordao/RamdonUser/tests/random-user-test.robot">
<test id="s1-s1-t1" name="Conectar" line="13">
<kw name="Conectar API" owner="random-user-service">
<kw name="Create Session" owner="RequestsLibrary">
<msg time="2024-03-26T12:25:37.531557" level="INFO">Creating Session using : alias=consultarAPI, url=https://randomuser.me/, headers={},                     cookies={}, auth=None, timeout=None, proxies=None, verify=False,                     debug=0 </msg>
<arg>consultarAPI</arg>
<arg>${URL}</arg>
<doc>Create Session: create a HTTP session to a server</doc>
<status status="PASS" start="2024-03-26T12:25:37.531350" elapsed="0.000398"/>
</kw>
<status status="PASS" start="2024-03-26T12:25:37.530306" elapsed="0.001808"/>
</kw>
<status status="PASS" start="2024-03-26T12:25:37.529702" elapsed="0.002617"/>
</test>
<test id="s1-s1-t2" name="Validar retorno 200 e JSON Válido" line="16">
<kw name="Teste de Requisicao Basica" owner="random-user-service">
<kw name="GET On Session" owner="RequestsLibrary">
<msg time="2024-03-26T12:25:37.708293" level="INFO">GET Request : url=https://randomuser.me/api 
 path_url=/api 
 headers={'User-Agent': 'python-requests/2.31.0', 'Accept-Encoding': 'gzip, deflate', 'Accept': '*/*', 'Connection': 'keep-alive'} 
 body=None 
 </msg>
<msg time="2024-03-26T12:25:37.708468" level="INFO">GET Response : url=https://randomuser.me/api 
 status=200, reason=OK 
 headers={'Date': 'Tue, 26 Mar 2024 12:25:37 GMT', 'Content-Type': 'application/json; charset=utf-8', 'Transfer-Encoding': 'chunked', 'Connection': 'keep-alive', 'X-Powered-By': 'Express', 'Access-Control-Allow-Origin': '*', 'Cache-Control': 'no-cache', 'ETag': 'W/"46c-0ddEFY4iEYJRRjodCiN0SQJYyVE"', 'Vary': 'Accept-Encoding', 'Content-Encoding': 'gzip', 'CF-Cache-Status': 'DYNAMIC', 'Report-To': '{"endpoints":[{"url":"https:\\/\\/a.nel.cloudflare.com\\/report\\/v4?s=9JaZZqMe87Pag5U45rHmUaLRqjbFLwmGWy9l%2Fsyl1JMT8PRCC%2FifRt53HIiFvvi1WyD%2Bkm43Njonde6WhGP21gBC0NOsEPbhwvn8HSSvLn%2B2OU7a7eooQos2oagkYXsS"}],"group":"cf-nel","max_age":604800}', 'NEL': '{"success_fraction":0,"report_to":"cf-nel","max_age":604800}', 'Server': 'cloudflare', 'CF-RAY': '86a71fda79057007-IAD', 'alt-svc': 'h3=":443"; ma=86400'} 
 body={"results":[{"gender":"female","name":{"title":"Miss","first":"Nurdan","last":"Aydan"},"location":{"street":{"number":9051,"name":"Anafartalar Cd"},"city":"Antalya","state":"Nevşehir","country":"Turkey","postcode":21557,"coordinates":{"latitude":"71.4331","longitude":"171.6182"},"timezone":{"offset":"+4:30","description":"Kabul"}},"email":"nurdan.aydan@example.com","login":{"uuid":"b20ae119-247f-4e90-a6ff-559e529a4ad1","username":"yellowfrog397","password":"vince","salt":"sE97LcNz","md5":"acf567843181ea9109729f46d4d790fd","sha1":"686e0b372eec95a97e22d412200ad491dca3d9b3","sha256":"a7f818ce7cbe34b3d7a089c6a09fcba264d0c81c81d52c714b69082959269e21"},"dob":{"date":"1976-11-18T15:33:45.779Z","age":47},"registered":{"date":"2020-01-07T07:59:36.921Z","age":4},"phone":"(156)-268-0425","cell":"(595)-736-8754","id":{"name":"","value":null},"picture":{"large":"https://randomuser.me/api/portraits/women/35.jpg","medium":"https://randomuser.me/api/portraits/med/women/35.jpg","thumbnail":"https://randomuser.me/api/portraits/thumb/women/35.jpg"},"nat":"TR"}],"info":{"seed":"e0e93e10b06c35b0","results":1,"page":1,"version":"1.4"}} 
 </msg>
<msg time="2024-03-26T12:25:37.708604" level="INFO">/opt/hostedtoolcache/Python/3.12.2/x64/lib/python3.12/site-packages/urllib3/connectionpool.py:1103: InsecureRequestWarning: Unverified HTTPS request is being made to host 'randomuser.me'. Adding certificate verification is strongly advised. See: https://urllib3.readthedocs.io/en/latest/advanced-usage.html#tls-warnings
  warnings.warn(</msg>
<msg time="2024-03-26T12:25:37.708780" level="INFO">${response} = &lt;Response [200]&gt;</msg>
<var>${response}</var>
<arg>consultarAPI</arg>
<arg>/api</arg>
<doc>Sends a GET request on a previously created HTTP Session.</doc>
<status status="PASS" start="2024-03-26T12:25:37.534972" elapsed="0.173848"/>
</kw>
<kw name="Should Be Equal As Numbers" owner="BuiltIn">
<msg time="2024-03-26T12:25:37.709841" level="INFO">Argument types are:
&lt;class 'int'&gt;
&lt;class 'str'&gt;</msg>
<arg>${response.status_code}</arg>
<arg>200</arg>
<doc>Fails if objects are unequal after converting them to real numbers.</doc>
<status status="PASS" start="2024-03-26T12:25:37.709347" elapsed="0.000562"/>
</kw>
<kw name="Log" owner="BuiltIn">
<msg time="2024-03-26T12:25:37.710647" level="INFO">200</msg>
<arg>${response.status_code}</arg>
<doc>Logs the given message with the given level.</doc>
<status status="PASS" start="2024-03-26T12:25:37.710260" elapsed="0.000431"/>
</kw>
<kw name="Set Variable" owner="BuiltIn">
<msg time="2024-03-26T12:25:37.711544" level="INFO">${json_data} = {'results': [{'gender': 'female', 'name': {'title': 'Miss', 'first': 'Nurdan', 'last': 'Aydan'}, 'location': {'street': {'number': 9051, 'name': 'Anafartalar Cd'}, 'city': 'Antalya', 'state': 'Nevşehi...</msg>
<var>${json_data}</var>
<arg>${response.json()}</arg>
<doc>Returns the given values which can then be assigned to a variables.</doc>
<status status="PASS" start="2024-03-26T12:25:37.711062" elapsed="0.000512"/>
</kw>
<kw name="Dictionary Should Contain Key" owner="Collections">
<msg time="2024-03-26T12:25:37.712077" level="INFO">False</msg>
<arg>${json_data}</arg>
<arg>results</arg>
<doc>Fails if ``key`` is not found from ``dictionary``.</doc>
<status status="PASS" start="2024-03-26T12:25:37.711902" elapsed="0.000215"/>
</kw>
<status status="PASS" start="2024-03-26T12:25:37.534720" elapsed="0.177658"/>
</kw>
<doc>Testa se a API responde corretamente e retorna um objeto JSON válido.</doc>
<tag>testeRequisicaoBasica</tag>
<status status="PASS" start="2024-03-26T12:25:37.534202" elapsed="0.178367"/>
</test>
<test id="s1-s1-t3" name="Validar estrutura de resposta" line="22">
<kw name="Teste de Estrutura de Resposta" owner="random-user-service">
<kw name="GET On Session" owner="RequestsLibrary">
<msg time="2024-03-26T12:25:37.818278" level="INFO">GET Request : url=https://randomuser.me/api 
 path_url=/api 
 headers={'User-Agent': 'python-requests/2.31.0', 'Accept-Encoding': 'gzip, deflate', 'Accept': '*/*', 'Connection': 'keep-alive'} 
 body=None 
 </msg>
<msg time="2024-03-26T12:25:37.818374" level="INFO">GET Response : url=https://randomuser.me/api 
 status=200, reason=OK 
 headers={'Date': 'Tue, 26 Mar 2024 12:25:37 GMT', 'Content-Type': 'application/json; charset=utf-8', 'Transfer-Encoding': 'chunked', 'Connection': 'keep-alive', 'X-Powered-By': 'Express', 'Access-Control-Allow-Origin': '*', 'Cache-Control': 'no-cache', 'ETag': 'W/"470-ZUEN7nraCdAsQq+A3h6VK+tTJs4"', 'Vary': 'Accept-Encoding', 'Content-Encoding': 'gzip', 'CF-Cache-Status': 'DYNAMIC', 'Report-To': '{"endpoints":[{"url":"https:\\/\\/a.nel.cloudflare.com\\/report\\/v4?s=1ujUjOGagYOr52GkAGzA90eD5qMXdruPsS96gBO1u1TMLi%2FW8v7rY0KgjSX3KtAaE%2Fv5SjWbbV3oLrrcSrNuiAIhO2DLTAjC14dFhIc9KGzLs3vFnpvDAg6Ws1NvTZyZ"}],"group":"cf-nel","max_age":604800}', 'NEL': '{"success_fraction":0,"report_to":"cf-nel","max_age":604800}', 'Server': 'cloudflare', 'CF-RAY': '86a71fdab92d7007-IAD', 'alt-svc': 'h3=":443"; ma=86400'} 
 body={"results":[{"gender":"male","name":{"title":"Mr","first":"Sander","last":"Hansen"},"location":{"street":{"number":4104,"name":"Landevejen"},"city":"Billum","state":"Syddanmark","country":"Denmark","postcode":10336,"coordinates":{"latitude":"-44.0305","longitude":"-87.5138"},"timezone":{"offset":"-11:00","description":"Midway Island, Samoa"}},"email":"sander.hansen@example.com","login":{"uuid":"c30672e0-a2c2-4a80-b971-e4b31fc94b06","username":"lazycat915","password":"muppet","salt":"OlVkQIc7","md5":"7ace9962d35ea3f056a229f9875ab558","sha1":"6d9d3603d654a82f4de8ac448419b0a9c88f48c2","sha256":"db61041a1703964201cbc1d1b7b23d3f8d34f54b5dd44fceb062fee1248de5f8"},"dob":{"date":"1959-12-04T02:49:13.385Z","age":64},"registered":{"date":"2017-01-30T07:26:22.358Z","age":7},"phone":"09862703","cell":"53235403","id":{"name":"CPR","value":"031259-1791"},"picture":{"large":"https://randomuser.me/api/portraits/men/24.jpg","medium":"https://randomuser.me/api/portraits/med/men/24.jpg","thumbnail":"https://randomuser.me/api/portraits/thumb/men/24.jpg"},"nat":"DK"}],"info":{"seed":"9b430b4b6e1bba62","results":1,"page":1,"version":"1.4"}} 
 </msg>
<msg time="2024-03-26T12:25:37.818512" level="INFO">/opt/hostedtoolcache/Python/3.12.2/x64/lib/python3.12/site-packages/urllib3/connectionpool.py:1103: InsecureRequestWarning: Unverified HTTPS request is being made to host 'randomuser.me'. Adding certificate verification is strongly advised. See: https://urllib3.readthedocs.io/en/latest/advanced-usage.html#tls-warnings
  warnings.warn(</msg>
<msg time="2024-03-26T12:25:37.818641" level="INFO">${response} = &lt;Response [200]&gt;</msg>
<var>${response}</var>
<arg>consultarAPI</arg>
<arg>/api</arg>
<doc>Sends a GET request on a previously created HTTP Session.</doc>
<status status="PASS" start="2024-03-26T12:25:37.715349" elapsed="0.103333"/>
</kw>
<kw name="Set Variable" owner="BuiltIn">
<msg time="2024-03-26T12:25:37.819678" level="INFO">${json_data} = {'results': [{'gender': 'male', 'name': {'title': 'Mr', 'first': 'Sander', 'last': 'Hansen'}, 'location': {'street': {'number': 4104, 'name': 'Landevejen'}, 'city': 'Billum', 'state': 'Syddanmark', 'c...</msg>
<var>${json_data}</var>
<arg>${response.json()}</arg>
<doc>Returns the given values which can then be assigned to a variables.</doc>
<status status="PASS" start="2024-03-26T12:25:37.819166" elapsed="0.000540"/>
</kw>
<kw name="Log" owner="BuiltIn">
<msg time="2024-03-26T12:25:37.820202" level="INFO">{'results': [{'gender': 'male', 'name': {'title': 'Mr', 'first': 'Sander', 'last': 'Hansen'}, 'location': {'street': {'number': 4104, 'name': 'Landevejen'}, 'city': 'Billum', 'state': 'Syddanmark', 'country': 'Denmark', 'postcode': 10336, 'coordinates': {'latitude': '-44.0305', 'longitude': '-87.5138'}, 'timezone': {'offset': '-11:00', 'description': 'Midway Island, Samoa'}}, 'email': 'sander.hansen@example.com', 'login': {'uuid': 'c30672e0-a2c2-4a80-b971-e4b31fc94b06', 'username': 'lazycat915', 'password': 'muppet', 'salt': 'OlVkQIc7', 'md5': '7ace9962d35ea3f056a229f9875ab558', 'sha1': '6d9d3603d654a82f4de8ac448419b0a9c88f48c2', 'sha256': 'db61041a1703964201cbc1d1b7b23d3f8d34f54b5dd44fceb062fee1248de5f8'}, 'dob': {'date': '1959-12-04T02:49:13.385Z', 'age': 64}, 'registered': {'date': '2017-01-30T07:26:22.358Z', 'age': 7}, 'phone': '09862703', 'cell': '53235403', 'id': {'name': 'CPR', 'value': '031259-1791'}, 'picture': {'large': 'https://randomuser.me/api/portraits/men/24.jpg', 'medium': 'https://randomuser.me/api/portraits/med/men/24.jpg', 'thumbnail': 'https://randomuser.me/api/portraits/thumb/men/24.jpg'}, 'nat': 'DK'}], 'info': {'seed': '9b430b4b6e1bba62', 'results': 1, 'page': 1, 'version': '1.4'}}</msg>
<arg>${json_data}</arg>
<doc>Logs the given message with the given level.</doc>
<status status="PASS" start="2024-03-26T12:25:37.820037" elapsed="0.000212"/>
</kw>
<kw name="Dictionary Should Contain Key" owner="Collections">
<msg time="2024-03-26T12:25:37.820706" level="INFO">False</msg>
<arg>${json_data}</arg>
<arg>results</arg>
<doc>Fails if ``key`` is not found from ``dictionary``.</doc>
<status status="PASS" start="2024-03-26T12:25:37.820547" elapsed="0.000196"/>
</kw>
<kw name="Should Not Be Empty" owner="BuiltIn">
<msg time="2024-03-26T12:25:37.821170" level="INFO">Length is 2.</msg>
<arg>${json_data}</arg>
<doc>Verifies that the given item is not empty.</doc>
<status status="PASS" start="2024-03-26T12:25:37.821038" elapsed="0.000171"/>
</kw>
<kw name="Create List" owner="BuiltIn">
<msg time="2024-03-26T12:25:37.821695" level="INFO">${expected_keys} = ['gender', 'name', 'location', 'email', 'login']</msg>
<var>${expected_keys}</var>
<arg>gender</arg>
<arg>name</arg>
<arg>location</arg>
<arg>email</arg>
<arg>login</arg>
<doc>Returns a list containing given items.</doc>
<status status="PASS" start="2024-03-26T12:25:37.821509" elapsed="0.000211"/>
</kw>
<for flavor="IN">
<iter>
<kw name="Dictionary Should Contain Key" owner="Collections">
<msg time="2024-03-26T12:25:37.822746" level="INFO">False</msg>
<arg>${json_data['results'][0]}</arg>
<arg>${key}</arg>
<doc>Fails if ``key`` is not found from ``dictionary``.</doc>
<status status="PASS" start="2024-03-26T12:25:37.822322" elapsed="0.000464"/>
</kw>
<kw name="Log" owner="BuiltIn">
<msg time="2024-03-26T12:25:37.823473" level="INFO">{'gender': 'male', 'name': {'title': 'Mr', 'first': 'Sander', 'last': 'Hansen'}, 'location': {'street': {'number': 4104, 'name': 'Landevejen'}, 'city': 'Billum', 'state': 'Syddanmark', 'country': 'Denmark', 'postcode': 10336, 'coordinates': {'latitude': '-44.0305', 'longitude': '-87.5138'}, 'timezone': {'offset': '-11:00', 'description': 'Midway Island, Samoa'}}, 'email': 'sander.hansen@example.com', 'login': {'uuid': 'c30672e0-a2c2-4a80-b971-e4b31fc94b06', 'username': 'lazycat915', 'password': 'muppet', 'salt': 'OlVkQIc7', 'md5': '7ace9962d35ea3f056a229f9875ab558', 'sha1': '6d9d3603d654a82f4de8ac448419b0a9c88f48c2', 'sha256': 'db61041a1703964201cbc1d1b7b23d3f8d34f54b5dd44fceb062fee1248de5f8'}, 'dob': {'date': '1959-12-04T02:49:13.385Z', 'age': 64}, 'registered': {'date': '2017-01-30T07:26:22.358Z', 'age': 7}, 'phone': '09862703', 'cell': '53235403', 'id': {'name': 'CPR', 'value': '031259-1791'}, 'picture': {'large': 'https://randomuser.me/api/portraits/men/24.jpg', 'medium': 'https://randomuser.me/api/portraits/med/men/24.jpg', 'thumbnail': 'https://randomuser.me/api/portraits/thumb/men/24.jpg'}, 'nat': 'DK'}</msg>
<arg>${json_data['results'][0]}</arg>
<doc>Logs the given message with the given level.</doc>
<status status="PASS" start="2024-03-26T12:25:37.823098" elapsed="0.000428"/>
</kw>
<kw name="Log" owner="BuiltIn">
<msg time="2024-03-26T12:25:37.823958" level="INFO">gender</msg>
<arg>${key}</arg>
<doc>Logs the given message with the given level.</doc>
<status status="PASS" start="2024-03-26T12:25:37.823827" elapsed="0.000169"/>
</kw>
<var name="${key}">gender</var>
<status status="PASS" start="2024-03-26T12:25:37.822197" elapsed="0.002024"/>
</iter>
<iter>
<kw name="Dictionary Should Contain Key" owner="Collections">
<msg time="2024-03-26T12:25:37.824915" level="INFO">False</msg>
<arg>${json_data['results'][0]}</arg>
<arg>${key}</arg>
<doc>Fails if ``key`` is not found from ``dictionary``.</doc>
<status status="PASS" start="2024-03-26T12:25:37.824528" elapsed="0.000425"/>
</kw>
<kw name="Log" owner="BuiltIn">
<msg time="2024-03-26T12:25:37.825668" level="INFO">{'gender': 'male', 'name': {'title': 'Mr', 'first': 'Sander', 'last': 'Hansen'}, 'location': {'street': {'number': 4104, 'name': 'Landevejen'}, 'city': 'Billum', 'state': 'Syddanmark', 'country': 'Denmark', 'postcode': 10336, 'coordinates': {'latitude': '-44.0305', 'longitude': '-87.5138'}, 'timezone': {'offset': '-11:00', 'description': 'Midway Island, Samoa'}}, 'email': 'sander.hansen@example.com', 'login': {'uuid': 'c30672e0-a2c2-4a80-b971-e4b31fc94b06', 'username': 'lazycat915', 'password': 'muppet', 'salt': 'OlVkQIc7', 'md5': '7ace9962d35ea3f056a229f9875ab558', 'sha1': '6d9d3603d654a82f4de8ac448419b0a9c88f48c2', 'sha256': 'db61041a1703964201cbc1d1b7b23d3f8d34f54b5dd44fceb062fee1248de5f8'}, 'dob': {'date': '1959-12-04T02:49:13.385Z', 'age': 64}, 'registered': {'date': '2017-01-30T07:26:22.358Z', 'age': 7}, 'phone': '09862703', 'cell': '53235403', 'id': {'name': 'CPR', 'value': '031259-1791'}, 'picture': {'large': 'https://randomuser.me/api/portraits/men/24.jpg', 'medium': 'https://randomuser.me/api/portraits/med/men/24.jpg', 'thumbnail': 'https://randomuser.me/api/portraits/thumb/men/24.jpg'}, 'nat': 'DK'}</msg>
<arg>${json_data['results'][0]}</arg>
<doc>Logs the given message with the given level.</doc>
<status status="PASS" start="2024-03-26T12:25:37.825284" elapsed="0.000432"/>
</kw>
<kw name="Log" owner="BuiltIn">
<msg time="2024-03-26T12:25:37.826143" level="INFO">name</msg>
<arg>${key}</arg>
<doc>Logs the given message with the given level.</doc>
<status status="PASS" start="2024-03-26T12:25:37.826015" elapsed="0.000166"/>
</kw>
<var name="${key}">name</var>
<status status="PASS" start="2024-03-26T12:25:37.824411" elapsed="0.001987"/>
</iter>
<iter>
<kw name="Dictionary Should Contain Key" owner="Collections">
<msg time="2024-03-26T12:25:37.827071" level="INFO">False</msg>
<arg>${json_data['results'][0]}</arg>
<arg>${key}</arg>
<doc>Fails if ``key`` is not found from ``dictionary``.</doc>
<status status="PASS" start="2024-03-26T12:25:37.826688" elapsed="0.000420"/>
</kw>
<kw name="Log" owner="BuiltIn">
<msg time="2024-03-26T12:25:37.827761" level="INFO">{'gender': 'male', 'name': {'title': 'Mr', 'first': 'Sander', 'last': 'Hansen'}, 'location': {'street': {'number': 4104, 'name': 'Landevejen'}, 'city': 'Billum', 'state': 'Syddanmark', 'country': 'Denmark', 'postcode': 10336, 'coordinates': {'latitude': '-44.0305', 'longitude': '-87.5138'}, 'timezone': {'offset': '-11:00', 'description': 'Midway Island, Samoa'}}, 'email': 'sander.hansen@example.com', 'login': {'uuid': 'c30672e0-a2c2-4a80-b971-e4b31fc94b06', 'username': 'lazycat915', 'password': 'muppet', 'salt': 'OlVkQIc7', 'md5': '7ace9962d35ea3f056a229f9875ab558', 'sha1': '6d9d3603d654a82f4de8ac448419b0a9c88f48c2', 'sha256': 'db61041a1703964201cbc1d1b7b23d3f8d34f54b5dd44fceb062fee1248de5f8'}, 'dob': {'date': '1959-12-04T02:49:13.385Z', 'age': 64}, 'registered': {'date': '2017-01-30T07:26:22.358Z', 'age': 7}, 'phone': '09862703', 'cell': '53235403', 'id': {'name': 'CPR', 'value': '031259-1791'}, 'picture': {'large': 'https://randomuser.me/api/portraits/men/24.jpg', 'medium': 'https://randomuser.me/api/portraits/med/men/24.jpg', 'thumbnail': 'https://randomuser.me/api/portraits/thumb/men/24.jpg'}, 'nat': 'DK'}</msg>
<arg>${json_data['results'][0]}</arg>
<doc>Logs the given message with the given level.</doc>
<status status="PASS" start="2024-03-26T12:25:37.827405" elapsed="0.000408"/>
</kw>
<kw name="Log" owner="BuiltIn">
<msg time="2024-03-26T12:25:37.828228" level="INFO">location</msg>
<arg>${key}</arg>
<doc>Logs the given message with the given level.</doc>
<status status="PASS" start="2024-03-26T12:25:37.828102" elapsed="0.000164"/>
</kw>
<var name="${key}">location</var>
<status status="PASS" start="2024-03-26T12:25:37.826577" elapsed="0.001904"/>
</iter>
<iter>
<kw name="Dictionary Should Contain Key" owner="Collections">
<msg time="2024-03-26T12:25:37.829136" level="INFO">False</msg>
<arg>${json_data['results'][0]}</arg>
<arg>${key}</arg>
<doc>Fails if ``key`` is not found from ``dictionary``.</doc>
<status status="PASS" start="2024-03-26T12:25:37.828760" elapsed="0.000413"/>
</kw>
<kw name="Log" owner="BuiltIn">
<msg time="2024-03-26T12:25:37.829847" level="INFO">{'gender': 'male', 'name': {'title': 'Mr', 'first': 'Sander', 'last': 'Hansen'}, 'location': {'street': {'number': 4104, 'name': 'Landevejen'}, 'city': 'Billum', 'state': 'Syddanmark', 'country': 'Denmark', 'postcode': 10336, 'coordinates': {'latitude': '-44.0305', 'longitude': '-87.5138'}, 'timezone': {'offset': '-11:00', 'description': 'Midway Island, Samoa'}}, 'email': 'sander.hansen@example.com', 'login': {'uuid': 'c30672e0-a2c2-4a80-b971-e4b31fc94b06', 'username': 'lazycat915', 'password': 'muppet', 'salt': 'OlVkQIc7', 'md5': '7ace9962d35ea3f056a229f9875ab558', 'sha1': '6d9d3603d654a82f4de8ac448419b0a9c88f48c2', 'sha256': 'db61041a1703964201cbc1d1b7b23d3f8d34f54b5dd44fceb062fee1248de5f8'}, 'dob': {'date': '1959-12-04T02:49:13.385Z', 'age': 64}, 'registered': {'date': '2017-01-30T07:26:22.358Z', 'age': 7}, 'phone': '09862703', 'cell': '53235403', 'id': {'name': 'CPR', 'value': '031259-1791'}, 'picture': {'large': 'https://randomuser.me/api/portraits/men/24.jpg', 'medium': 'https://randomuser.me/api/portraits/med/men/24.jpg', 'thumbnail': 'https://randomuser.me/api/portraits/thumb/men/24.jpg'}, 'nat': 'DK'}</msg>
<arg>${json_data['results'][0]}</arg>
<doc>Logs the given message with the given level.</doc>
<status status="PASS" start="2024-03-26T12:25:37.829467" elapsed="0.000427"/>
</kw>
<kw name="Log" owner="BuiltIn">
<msg time="2024-03-26T12:25:37.830309" level="INFO">email</msg>
<arg>${key}</arg>
<doc>Logs the given message with the given level.</doc>
<status status="PASS" start="2024-03-26T12:25:37.830184" elapsed="0.000162"/>
</kw>
<var name="${key}">email</var>
<status status="PASS" start="2024-03-26T12:25:37.828652" elapsed="0.001906"/>
</iter>
<iter>
<kw name="Dictionary Should Contain Key" owner="Collections">
<msg time="2024-03-26T12:25:37.831226" level="INFO">False</msg>
<arg>${json_data['results'][0]}</arg>
<arg>${key}</arg>
<doc>Fails if ``key`` is not found from ``dictionary``.</doc>
<status status="PASS" start="2024-03-26T12:25:37.830843" elapsed="0.000419"/>
</kw>
<kw name="Log" owner="BuiltIn">
<msg time="2024-03-26T12:25:37.831918" level="INFO">{'gender': 'male', 'name': {'title': 'Mr', 'first': 'Sander', 'last': 'Hansen'}, 'location': {'street': {'number': 4104, 'name': 'Landevejen'}, 'city': 'Billum', 'state': 'Syddanmark', 'country': 'Denmark', 'postcode': 10336, 'coordinates': {'latitude': '-44.0305', 'longitude': '-87.5138'}, 'timezone': {'offset': '-11:00', 'description': 'Midway Island, Samoa'}}, 'email': 'sander.hansen@example.com', 'login': {'uuid': 'c30672e0-a2c2-4a80-b971-e4b31fc94b06', 'username': 'lazycat915', 'password': 'muppet', 'salt': 'OlVkQIc7', 'md5': '7ace9962d35ea3f056a229f9875ab558', 'sha1': '6d9d3603d654a82f4de8ac448419b0a9c88f48c2', 'sha256': 'db61041a1703964201cbc1d1b7b23d3f8d34f54b5dd44fceb062fee1248de5f8'}, 'dob': {'date': '1959-12-04T02:49:13.385Z', 'age': 64}, 'registered': {'date': '2017-01-30T07:26:22.358Z', 'age': 7}, 'phone': '09862703', 'cell': '53235403', 'id': {'name': 'CPR', 'value': '031259-1791'}, 'picture': {'large': 'https://randomuser.me/api/portraits/men/24.jpg', 'medium': 'https://randomuser.me/api/portraits/med/men/24.jpg', 'thumbnail': 'https://randomuser.me/api/portraits/thumb/men/24.jpg'}, 'nat': 'DK'}</msg>
<arg>${json_data['results'][0]}</arg>
<doc>Logs the given message with the given level.</doc>
<status status="PASS" start="2024-03-26T12:25:37.831555" elapsed="0.000409"/>
</kw>
<kw name="Log" owner="BuiltIn">
<msg time="2024-03-26T12:25:37.832378" level="INFO">login</msg>
<arg>${key}</arg>
<doc>Logs the given message with the given level.</doc>
<status status="PASS" start="2024-03-26T12:25:37.832252" elapsed="0.000271"/>
</kw>
<var name="${key}">login</var>
<status status="PASS" start="2024-03-26T12:25:37.830729" elapsed="0.002020"/>
</iter>
<var>${key}</var>
<value>@{expected_keys}</value>
<status status="PASS" start="2024-03-26T12:25:37.822001" elapsed="0.010869"/>
</for>
<kw name="Create List" owner="BuiltIn">
<msg time="2024-03-26T12:25:37.833232" level="INFO">${expected_keysTwo} = ['username', 'password']</msg>
<var>${expected_keysTwo}</var>
<arg>username</arg>
<arg>password</arg>
<doc>Returns a list containing given items.</doc>
<status status="PASS" start="2024-03-26T12:25:37.833094" elapsed="0.000161"/>
</kw>
<for flavor="IN">
<iter>
<kw name="Dictionary Should Contain Key" owner="Collections">
<msg time="2024-03-26T12:25:37.834155" level="INFO">False</msg>
<arg>${json_data['results'][0]['login']}</arg>
<arg>${keyTwo}</arg>
<doc>Fails if ``key`` is not found from ``dictionary``.</doc>
<status status="PASS" start="2024-03-26T12:25:37.833778" elapsed="0.000415"/>
</kw>
<kw name="Dictionary Should Contain Key" owner="Collections">
<msg time="2024-03-26T12:25:37.834861" level="INFO">False</msg>
<arg>${json_data['results'][0]['login']}</arg>
<arg>${keyTwo}</arg>
<doc>Fails if ``key`` is not found from ``dictionary``.</doc>
<status status="PASS" start="2024-03-26T12:25:37.834488" elapsed="0.000410"/>
</kw>
<kw name="Log" owner="BuiltIn">
<msg time="2024-03-26T12:25:37.835314" level="INFO">username</msg>
<arg>${keyTwo}</arg>
<doc>Logs the given message with the given level.</doc>
<status status="PASS" start="2024-03-26T12:25:37.835188" elapsed="0.000164"/>
</kw>
<var name="${keyTwo}">username</var>
<status status="PASS" start="2024-03-26T12:25:37.833666" elapsed="0.001900"/>
</iter>
<iter>
<kw name="Dictionary Should Contain Key" owner="Collections">
<msg time="2024-03-26T12:25:37.836221" level="INFO">False</msg>
<arg>${json_data['results'][0]['login']}</arg>
<arg>${keyTwo}</arg>
<doc>Fails if ``key`` is not found from ``dictionary``.</doc>
<status status="PASS" start="2024-03-26T12:25:37.835846" elapsed="0.000411"/>
</kw>
<kw name="Dictionary Should Contain Key" owner="Collections">
<msg time="2024-03-26T12:25:37.836927" level="INFO">False</msg>
<arg>${json_data['results'][0]['login']}</arg>
<arg>${keyTwo}</arg>
<doc>Fails if ``key`` is not found from ``dictionary``.</doc>
<status status="PASS" start="2024-03-26T12:25:37.836548" elapsed="0.000415"/>
</kw>
<kw name="Log" owner="BuiltIn">
<msg time="2024-03-26T12:25:37.837380" level="INFO">password</msg>
<arg>${keyTwo}</arg>
<doc>Logs the given message with the given level.</doc>
<status status="PASS" start="2024-03-26T12:25:37.837254" elapsed="0.000162"/>
</kw>
<var name="${keyTwo}">password</var>
<status status="PASS" start="2024-03-26T12:25:37.835737" elapsed="0.001910"/>
</iter>
<var>${keyTwo}</var>
<value>@{expected_keysTwo}</value>
<status status="PASS" start="2024-03-26T12:25:37.833490" elapsed="0.004279"/>
</for>
<status status="PASS" start="2024-03-26T12:25:37.715106" elapsed="0.122804"/>
</kw>
<doc>Testa a estrutura da resposta da API.</doc>
<tag>testeEstruturaResposta</tag>
<status status="PASS" start="2024-03-26T12:25:37.714451" elapsed="0.123623"/>
</test>
<test id="s1-s1-t4" name="Validar tipos de dados" line="28">
<kw name="Teste de Tipos de Dados" owner="random-user-service">
<kw name="GET On Session" owner="RequestsLibrary">
<msg time="2024-03-26T12:25:37.947270" level="INFO">GET Request : url=https://randomuser.me/api 
 path_url=/api 
 headers={'User-Agent': 'python-requests/2.31.0', 'Accept-Encoding': 'gzip, deflate', 'Accept': '*/*', 'Connection': 'keep-alive'} 
 body=None 
 </msg>
<msg time="2024-03-26T12:25:37.947354" level="INFO">GET Response : url=https://randomuser.me/api 
 status=200, reason=OK 
 headers={'Date': 'Tue, 26 Mar 2024 12:25:37 GMT', 'Content-Type': 'application/json; charset=utf-8', 'Transfer-Encoding': 'chunked', 'Connection': 'keep-alive', 'X-Powered-By': 'Express', 'Access-Control-Allow-Origin': '*', 'Cache-Control': 'no-cache', 'ETag': 'W/"47c-KuddiTMQs3pHwaOk7NDOKKsfy2E"', 'Vary': 'Accept-Encoding', 'Content-Encoding': 'gzip', 'CF-Cache-Status': 'DYNAMIC', 'Report-To': '{"endpoints":[{"url":"https:\\/\\/a.nel.cloudflare.com\\/report\\/v4?s=5pVyPCe3jXEeqNFPRPAx3ZrcPYBub5p6D8dRGwFLtULHzyQf41f9JXmCrXNR1BYadr4TrTWRyCMhsbP%2BsWeu%2FYMGsWUsn9pEIC%2B1mKqUw9%2FT5O8RBHTMsdVtEZQBg1EA"}],"group":"cf-nel","max_age":604800}', 'NEL': '{"success_fraction":0,"report_to":"cf-nel","max_age":604800}', 'Server': 'cloudflare', 'CF-RAY': '86a71fdb89d07007-IAD', 'alt-svc': 'h3=":443"; ma=86400'} 
 body={"results":[{"gender":"female","name":{"title":"Mrs","first":"Selma","last":"Jensen"},"location":{"street":{"number":9541,"name":"Engen"},"city":"Sandved","state":"Syddanmark","country":"Denmark","postcode":99442,"coordinates":{"latitude":"-44.3710","longitude":"8.3836"},"timezone":{"offset":"-8:00","description":"Pacific Time (US &amp; Canada)"}},"email":"selma.jensen@example.com","login":{"uuid":"d352f2be-f0cc-4bf3-84ed-1481983b8f8f","username":"ticklishcat347","password":"trident","salt":"aXYT9pGq","md5":"fcb707d8ad275806ba98e01763106120","sha1":"894cea4eebfe7ff5e2cf0bfad22690cfbe77958b","sha256":"0ac28c7d9801e0fd7930de69201dcfc2bdb3b72684238709f69ed313abed29ee"},"dob":{"date":"1973-04-21T23:54:40.422Z","age":50},"registered":{"date":"2003-11-24T20:08:52.361Z","age":20},"phone":"52759599","cell":"08138769","id":{"name":"CPR","value":"210473-4696"},"picture":{"large":"https://randomuser.me/api/portraits/women/57.jpg","medium":"https://randomuser.me/api/portraits/med/women/57.jpg","thumbnail":"https://randomuser.me/api/portraits/thumb/women/57.jpg"},"nat":"DK"}],"info":{"seed":"5adc1c3cc43e0a40","results":1,"page":1,"version":"1.4"}} 
 </msg>
<msg time="2024-03-26T12:25:37.947419" level="INFO">/opt/hostedtoolcache/Python/3.12.2/x64/lib/python3.12/site-packages/urllib3/connectionpool.py:1103: InsecureRequestWarning: Unverified HTTPS request is being made to host 'randomuser.me'. Adding certificate verification is strongly advised. See: https://urllib3.readthedocs.io/en/latest/advanced-usage.html#tls-warnings
  warnings.warn(</msg>
<msg time="2024-03-26T12:25:37.947537" level="INFO">${response} = &lt;Response [200]&gt;</msg>
<var>${response}</var>
<arg>consultarAPI</arg>
<arg>/api</arg>
<doc>Sends a GET request on a previously created HTTP Session.</doc>
<status status="PASS" start="2024-03-26T12:25:37.840556" elapsed="0.107018"/>
</kw>
<kw name="Set Variable" owner="BuiltIn">
<msg time="2024-03-26T12:25:37.948566" level="INFO">${json_data} = {'results': [{'gender': 'female', 'name': {'title': 'Mrs', 'first': 'Selma', 'last': 'Jensen'}, 'location': {'street': {'number': 9541, 'name': 'Engen'}, 'city': 'Sandved', 'state': 'Syddanmark', 'cou...</msg>
<var>${json_data}</var>
<arg>${response.json()}</arg>
<doc>Returns the given values which can then be assigned to a variables.</doc>
<status status="PASS" start="2024-03-26T12:25:37.948058" elapsed="0.000536"/>
</kw>
<kw name="Log" owner="BuiltIn">
<msg time="2024-03-26T12:25:37.949065" level="INFO">{'results': [{'gender': 'female', 'name': {'title': 'Mrs', 'first': 'Selma', 'last': 'Jensen'}, 'location': {'street': {'number': 9541, 'name': 'Engen'}, 'city': 'Sandved', 'state': 'Syddanmark', 'country': 'Denmark', 'postcode': 99442, 'coordinates': {'latitude': '-44.3710', 'longitude': '8.3836'}, 'timezone': {'offset': '-8:00', 'description': 'Pacific Time (US &amp; Canada)'}}, 'email': 'selma.jensen@example.com', 'login': {'uuid': 'd352f2be-f0cc-4bf3-84ed-1481983b8f8f', 'username': 'ticklishcat347', 'password': 'trident', 'salt': 'aXYT9pGq', 'md5': 'fcb707d8ad275806ba98e01763106120', 'sha1': '894cea4eebfe7ff5e2cf0bfad22690cfbe77958b', 'sha256': '0ac28c7d9801e0fd7930de69201dcfc2bdb3b72684238709f69ed313abed29ee'}, 'dob': {'date': '1973-04-21T23:54:40.422Z', 'age': 50}, 'registered': {'date': '2003-11-24T20:08:52.361Z', 'age': 20}, 'phone': '52759599', 'cell': '08138769', 'id': {'name': 'CPR', 'value': '210473-4696'}, 'picture': {'large': 'https://randomuser.me/api/portraits/women/57.jpg', 'medium': 'https://randomuser.me/api/portraits/med/women/57.jpg', 'thumbnail': 'https://randomuser.me/api/portraits/thumb/women/57.jpg'}, 'nat': 'DK'}], 'info': {'seed': '5adc1c3cc43e0a40', 'results': 1, 'page': 1, 'version': '1.4'}}</msg>
<arg>${json_data}</arg>
<doc>Logs the given message with the given level.</doc>
<status status="PASS" start="2024-03-26T12:25:37.948906" elapsed="0.000209"/>
</kw>
<kw name="Should Be String" owner="String">
<arg>${json_data['results'][0]['gender']}</arg>
<doc>Fails if the given ``item`` is not a string.</doc>
<status status="PASS" start="2024-03-26T12:25:37.949437" elapsed="0.000393"/>
</kw>
<kw name="Should Match Regexp" owner="BuiltIn">
<arg>${json_data['results'][0]['email']}</arg>
<arg>^[a-zA-Z0-9._%+-]+@[a-zA-Z0-9.-]+\.[a-zA-Z]{2,}$</arg>
<doc>Fails if ``string`` does not match ``pattern`` as a regular expression.</doc>
<status status="PASS" start="2024-03-26T12:25:37.950023" elapsed="0.000518"/>
</kw>
<kw name="Should Match Regexp" owner="BuiltIn">
<arg>${json_data['results'][0]['dob']['date']}</arg>
<arg>\\d{4}-\\d{2}-\\d{2}T\\d{2}:\\d{2}:\\d{2}\\.\\d{3}Z</arg>
<doc>Fails if ``string`` does not match ``pattern`` as a regular expression.</doc>
<status status="PASS" start="2024-03-26T12:25:37.950738" elapsed="0.000493"/>
</kw>
<kw name="Should Match Regexp" owner="BuiltIn">
<arg>${json_data['results'][0]['registered']['date']}</arg>
<arg>\\d{4}-\\d{2}-\\d{2}T\\d{2}:\\d{2}:\\d{2}\\.\\d{3}Z</arg>
<doc>Fails if ``string`` does not match ``pattern`` as a regular expression.</doc>
<status status="PASS" start="2024-03-26T12:25:37.951423" elapsed="0.000379"/>
</kw>
<kw name="Should Match Regexp" owner="BuiltIn">
<arg>${json_data['results'][0]['picture']['large']}</arg>
<arg>^https?://.*\.(?:png|jpe?g|gif|bmp)$</arg>
<doc>Fails if ``string`` does not match ``pattern`` as a regular expression.</doc>
<status status="PASS" start="2024-03-26T12:25:37.951988" elapsed="0.000457"/>
</kw>
<kw name="Should Match Regexp" owner="BuiltIn">
<arg>${json_data['results'][0]['picture']['medium']}</arg>
<arg>^https?://.*\.(?:png|jpe?g|gif|bmp)$</arg>
<doc>Fails if ``string`` does not match ``pattern`` as a regular expression.</doc>
<status status="PASS" start="2024-03-26T12:25:37.952629" elapsed="0.000356"/>
</kw>
<kw name="Should Match Regexp" owner="BuiltIn">
<arg>${json_data['results'][0]['picture']['thumbnail']}</arg>
<arg>^https?://.*\.(?:png|jpe?g|gif|bmp)$</arg>
<doc>Fails if ``string`` does not match ``pattern`` as a regular expression.</doc>
<status status="PASS" start="2024-03-26T12:25:37.953169" elapsed="0.000358"/>
</kw>
<kw name="Log" owner="BuiltIn">
<msg time="2024-03-26T12:25:37.954068" level="INFO">{'large': 'https://randomuser.me/api/portraits/women/57.jpg', 'medium': 'https://randomuser.me/api/portraits/med/women/57.jpg', 'thumbnail': 'https://randomuser.me/api/portraits/thumb/women/57.jpg'}</msg>
<arg>${json_data['results'][0]['picture']}</arg>
<doc>Logs the given message with the given level.</doc>
<status status="PASS" start="2024-03-26T12:25:37.953743" elapsed="0.000371"/>
</kw>
<status status="PASS" start="2024-03-26T12:25:37.840318" elapsed="0.114051"/>
</kw>
<kw name="Teste de Tipos de Dados - Postcode" owner="random-user-service">
<kw name="GET On Session" owner="RequestsLibrary">
<msg time="2024-03-26T12:25:38.011159" level="INFO">GET Request : url=https://randomuser.me/api 
 path_url=/api 
 headers={'User-Agent': 'python-requests/2.31.0', 'Accept-Encoding': 'gzip, deflate', 'Accept': '*/*', 'Connection': 'keep-alive'} 
 body=None 
 </msg>
<msg time="2024-03-26T12:25:38.011252" level="INFO">GET Response : url=https://randomuser.me/api 
 status=200, reason=OK 
 headers={'Date': 'Tue, 26 Mar 2024 12:25:38 GMT', 'Content-Type': 'application/json; charset=utf-8', 'Transfer-Encoding': 'chunked', 'Connection': 'keep-alive', 'X-Powered-By': 'Express', 'Access-Control-Allow-Origin': '*', 'Cache-Control': 'no-cache', 'ETag': 'W/"4b3-cDlkVC9TeOMzgbAFZ1bIWU4AFO4"', 'Vary': 'Accept-Encoding', 'Content-Encoding': 'gzip', 'CF-Cache-Status': 'DYNAMIC', 'Report-To': '{"endpoints":[{"url":"https:\\/\\/a.nel.cloudflare.com\\/report\\/v4?s=bPyZo8Wgv5BpmIrhsWgPc8hMV5s2VRnDOGu7wF3dgYfBWv11X67DWEZXXwoKqZbxx%2BVmZ%2FFLdV%2B%2Brn9dpOwh6iZWHXy3awsORiCzJ6tg3A%2B8kpj%2FSMzGJ2ybx26x9rRY"}],"group":"cf-nel","max_age":604800}', 'NEL': '{"success_fraction":0,"report_to":"cf-nel","max_age":604800}', 'Server': 'cloudflare', 'CF-RAY': '86a71fdc3a537007-IAD', 'alt-svc': 'h3=":443"; ma=86400'} 
 body={"results":[{"gender":"female","name":{"title":"Mrs","first":"Martha","last":"Samaniego"},"location":{"street":{"number":1330,"name":"Peatonal Norte Santana"},"city":"Etzatlán","state":"Tamaulipas","country":"Mexico","postcode":75861,"coordinates":{"latitude":"23.0362","longitude":"17.0507"},"timezone":{"offset":"-5:00","description":"Eastern Time (US &amp; Canada), Bogota, Lima"}},"email":"martha.samaniego@example.com","login":{"uuid":"bd842b4d-bb09-4f98-bf33-7de7e6247313","username":"brownladybug860","password":"cigar","salt":"SaL9MHU8","md5":"6367df24dc994f7b7266a4d6e65ddfac","sha1":"67976d8659b14937996ef60c9be15f66d2f65122","sha256":"6f7c21ea63b7a8050855ff122397552eab0a9da941d92e798b0f4d309ea870f0"},"dob":{"date":"1995-10-01T15:28:00.360Z","age":28},"registered":{"date":"2011-07-16T13:52:42.882Z","age":12},"phone":"(641) 242 1205","cell":"(620) 776 4311","id":{"name":"NSS","value":"03 47 12 1304 2"},"picture":{"large":"https://randomuser.me/api/portraits/women/87.jpg","medium":"https://randomuser.me/api/portraits/med/women/87.jpg","thumbnail":"https://randomuser.me/api/portraits/thumb/women/87.jpg"},"nat":"MX"}],"info":{"seed":"0a3ceff9f569ab5f","results":1,"page":1,"version":"1.4"}} 
 </msg>
<msg time="2024-03-26T12:25:38.011349" level="INFO">/opt/hostedtoolcache/Python/3.12.2/x64/lib/python3.12/site-packages/urllib3/connectionpool.py:1103: InsecureRequestWarning: Unverified HTTPS request is being made to host 'randomuser.me'. Adding certificate verification is strongly advised. See: https://urllib3.readthedocs.io/en/latest/advanced-usage.html#tls-warnings
  warnings.warn(</msg>
<msg time="2024-03-26T12:25:38.011482" level="INFO">${response} = &lt;Response [200]&gt;</msg>
<var>${response}</var>
<arg>consultarAPI</arg>
<arg>/api</arg>
<doc>Sends a GET request on a previously created HTTP Session.</doc>
<status status="PASS" start="2024-03-26T12:25:37.954969" elapsed="0.056551"/>
</kw>
<kw name="Set Variable" owner="BuiltIn">
<msg time="2024-03-26T12:25:38.012392" level="INFO">${json_data} = {'results': [{'gender': 'female', 'name': {'title': 'Mrs', 'first': 'Martha', 'last': 'Samaniego'}, 'location': {'street': {'number': 1330, 'name': 'Peatonal Norte Santana'}, 'city': 'Etzatlán', 'stat...</msg>
<var>${json_data}</var>
<arg>${response.json()}</arg>
<doc>Returns the given values which can then be assigned to a variables.</doc>
<status status="PASS" start="2024-03-26T12:25:38.011933" elapsed="0.000488"/>
</kw>
<kw name="Log" owner="BuiltIn">
<msg time="2024-03-26T12:25:38.012879" level="INFO">{'results': [{'gender': 'female', 'name': {'title': 'Mrs', 'first': 'Martha', 'last': 'Samaniego'}, 'location': {'street': {'number': 1330, 'name': 'Peatonal Norte Santana'}, 'city': 'Etzatlán', 'state': 'Tamaulipas', 'country': 'Mexico', 'postcode': 75861, 'coordinates': {'latitude': '23.0362', 'longitude': '17.0507'}, 'timezone': {'offset': '-5:00', 'description': 'Eastern Time (US &amp; Canada), Bogota, Lima'}}, 'email': 'martha.samaniego@example.com', 'login': {'uuid': 'bd842b4d-bb09-4f98-bf33-7de7e6247313', 'username': 'brownladybug860', 'password': 'cigar', 'salt': 'SaL9MHU8', 'md5': '6367df24dc994f7b7266a4d6e65ddfac', 'sha1': '67976d8659b14937996ef60c9be15f66d2f65122', 'sha256': '6f7c21ea63b7a8050855ff122397552eab0a9da941d92e798b0f4d309ea870f0'}, 'dob': {'date': '1995-10-01T15:28:00.360Z', 'age': 28}, 'registered': {'date': '2011-07-16T13:52:42.882Z', 'age': 12}, 'phone': '(641) 242 1205', 'cell': '(620) 776 4311', 'id': {'name': 'NSS', 'value': '03 47 12 1304 2'}, 'picture': {'large': 'https://randomuser.me/api/portraits/women/87.jpg', 'medium': 'https://randomuser.me/api/portraits/med/women/87.jpg', 'thumbnail': 'https://randomuser.me/api/portraits/thumb/women/87.jpg'}, 'nat': 'MX'}], 'info': {'seed': '0a3ceff9f569ab5f', 'results': 1, 'page': 1, 'version': '1.4'}}</msg>
<arg>${json_data}</arg>
<doc>Logs the given message with the given level.</doc>
<status status="PASS" start="2024-03-26T12:25:38.012726" elapsed="0.000203"/>
</kw>
<kw name="Should Be Equal As Numbers" owner="BuiltIn">
<arg>${json_data['results'][0]['location']['postcode']}</arg>
<arg>${json_data['results'][0]['location']['postcode']}</arg>
<doc>Fails if objects are unequal after converting them to real numbers.</doc>
<status status="PASS" start="2024-03-26T12:25:38.013253" elapsed="0.000656"/>
</kw>
<kw name="Log" owner="BuiltIn">
<msg time="2024-03-26T12:25:38.014441" level="INFO">75861</msg>
<arg>${json_data['results'][0]['location']['postcode']}</arg>
<doc>Logs the given message with the given level.</doc>
<status status="PASS" start="2024-03-26T12:25:38.014109" elapsed="0.000372"/>
</kw>
<status status="PASS" start="2024-03-26T12:25:37.954594" elapsed="0.060141"/>
</kw>
<doc>Testa se os tipos de dados na resposta da API estão corretos.</doc>
<tag>testeTiposDados</tag>
<status status="PASS" start="2024-03-26T12:25:37.839880" elapsed="0.175022"/>
</test>
<test id="s1-s1-t5" name="Validar conteudo" line="35">
<kw name="Teste de Tipos de Conteudo" owner="random-user-service">
<kw name="GET On Session" owner="RequestsLibrary">
<msg time="2024-03-26T12:25:38.108509" level="INFO">GET Request : url=https://randomuser.me/api 
 path_url=/api 
 headers={'User-Agent': 'python-requests/2.31.0', 'Accept-Encoding': 'gzip, deflate', 'Accept': '*/*', 'Connection': 'keep-alive'} 
 body=None 
 </msg>
<msg time="2024-03-26T12:25:38.108608" level="INFO">GET Response : url=https://randomuser.me/api 
 status=200, reason=OK 
 headers={'Date': 'Tue, 26 Mar 2024 12:25:38 GMT', 'Content-Type': 'application/json; charset=utf-8', 'Transfer-Encoding': 'chunked', 'Connection': 'keep-alive', 'X-Powered-By': 'Express', 'Access-Control-Allow-Origin': '*', 'Cache-Control': 'no-cache', 'ETag': 'W/"4a9-e49cu5v0NWOTl3o7v7sTbEsilDY"', 'Vary': 'Accept-Encoding', 'Content-Encoding': 'gzip', 'CF-Cache-Status': 'DYNAMIC', 'Report-To': '{"endpoints":[{"url":"https:\\/\\/a.nel.cloudflare.com\\/report\\/v4?s=CzgojwZErWQmqermoTIR1FJgJymlWxxDDOlbrtYZ4Gk0BOpMLUskD9Nul9Fx%2F9FS7EhmaMMAw8Q93COZyYB6zUKuAthYrCyRNlittY%2FFFntPU8ElZq2XuPTQG3hGfO72"}],"group":"cf-nel","max_age":604800}', 'NEL': '{"success_fraction":0,"report_to":"cf-nel","max_age":604800}', 'Server': 'cloudflare', 'CF-RAY': '86a71fdc9a947007-IAD', 'alt-svc': 'h3=":443"; ma=86400'} 
 body={"results":[{"gender":"male","name":{"title":"Mr","first":"کوروش","last":"زارعی"},"location":{"street":{"number":1208,"name":"شهید کبیری طامه"},"city":"اهواز","state":"خراسان شمالی","country":"Iran","postcode":56257,"coordinates":{"latitude":"17.4883","longitude":"-133.2081"},"timezone":{"offset":"-4:00","description":"Atlantic Time (Canada), Caracas, La Paz"}},"email":"khwrwsh.zraay@example.com","login":{"uuid":"f4418258-212c-480f-9c31-758596a1923e","username":"bluecat549","password":"shearer","salt":"jgkXGa71","md5":"82bfc4b2e86a571d77844b3586cde5f9","sha1":"98ea5c09a2d4bef19591c81b02d62e18ff642e43","sha256":"f6e0fe4f2196957430cf29bb16ba3ec2e4876b56e3d773b273cdc7f7eea97850"},"dob":{"date":"1964-09-04T06:19:52.024Z","age":59},"registered":{"date":"2013-05-16T03:51:52.163Z","age":10},"phone":"064-61512944","cell":"0985-628-8638","id":{"name":"","value":null},"picture":{"large":"https://randomuser.me/api/portraits/men/35.jpg","medium":"https://randomuser.me/api/portraits/med/men/35.jpg","thumbnail":"https://randomuser.me/api/portraits/thumb/men/35.jpg"},"nat":"IR"}],"info":{"seed":"dcfc68357485dd05","results":1,"page":1,"version":"1.4"}} 
 </msg>
<msg time="2024-03-26T12:25:38.108679" level="INFO">/opt/hostedtoolcache/Python/3.12.2/x64/lib/python3.12/site-packages/urllib3/connectionpool.py:1103: InsecureRequestWarning: Unverified HTTPS request is being made to host 'randomuser.me'. Adding certificate verification is strongly advised. See: https://urllib3.readthedocs.io/en/latest/advanced-usage.html#tls-warnings
  warnings.warn(</msg>
<msg time="2024-03-26T12:25:38.108803" level="INFO">${response} = &lt;Response [200]&gt;</msg>
<var>${response}</var>
<arg>consultarAPI</arg>
<arg>/api</arg>
<doc>Sends a GET request on a previously created HTTP Session.</doc>
<status status="PASS" start="2024-03-26T12:25:38.017349" elapsed="0.091494"/>
</kw>
<kw name="Set Variable" owner="BuiltIn">
<msg time="2024-03-26T12:25:38.109921" level="INFO">${json_data} = {'results': [{'gender': 'male', 'name': {'title': 'Mr', 'first': 'کوروش', 'last': 'زارعی'}, 'location': {'street': {'number': 1208, 'name': 'شهید کبیری طامه'}, 'city': 'اهواز', 'state': 'خراسان شمالی'...</msg>
<var>${json_data}</var>
<arg>${response.json()}</arg>
<doc>Returns the given values which can then be assigned to a variables.</doc>
<status status="PASS" start="2024-03-26T12:25:38.109379" elapsed="0.000572"/>
</kw>
<kw name="Set Variable" owner="BuiltIn">
<msg time="2024-03-26T12:25:38.110631" level="INFO">${name_title} = Mr</msg>
<var>${name_title}</var>
<arg>${json_data["results"][0]["name"]["title"]}</arg>
<doc>Returns the given values which can then be assigned to a variables.</doc>
<status status="PASS" start="2024-03-26T12:25:38.110256" elapsed="0.000400"/>
</kw>
<kw name="Create List" owner="BuiltIn">
<msg time="2024-03-26T12:25:38.111109" level="INFO">${allowed_titles} = ['Mr', 'Ms', 'Miss', 'Mrs', 'Madame', 'Monsieur']</msg>
<var>${allowed_titles}</var>
<arg>Mr</arg>
<arg>Ms</arg>
<arg>Miss</arg>
<arg>Mrs</arg>
<arg>Madame</arg>
<arg>Monsieur</arg>
<doc>Returns a list containing given items.</doc>
<status status="PASS" start="2024-03-26T12:25:38.110963" elapsed="0.000170"/>
</kw>
<kw name="List Should Contain Value" owner="Collections">
<msg time="2024-03-26T12:25:38.111614" level="INFO">False</msg>
<arg>${allowed_titles}</arg>
<arg>${name_title}</arg>
<doc>Fails if the ``value`` is not found from ``list``.</doc>
<status status="PASS" start="2024-03-26T12:25:38.111440" elapsed="0.000211"/>
</kw>
<kw name="Set Variable" owner="BuiltIn">
<msg time="2024-03-26T12:25:38.112320" level="INFO">${name_country} = IR</msg>
<var>${name_country}</var>
<arg>${json_data["results"][0]["nat"]}</arg>
<doc>Returns the given values which can then be assigned to a variables.</doc>
<status status="PASS" start="2024-03-26T12:25:38.111943" elapsed="0.000401"/>
</kw>
<kw name="Create List" owner="BuiltIn">
<msg time="2024-03-26T12:25:38.113238" level="INFO">${list_country} = ['AD', 'AE', 'AF', 'AG', 'AI', 'AL', 'AM', 'AO', 'AQ', 'AR', 'AS', 'AT', 'AU', 'AW', 'AX', 'AZ', 'BA', 'BB', 'BD', 'BE', 'BF', 'BG', 'BH', 'BI', 'BJ', 'BL', 'BM', 'BN', 'BO', 'BQ', 'BR', 'BS', 'BT', '...</msg>
<var>${list_country}</var>
<arg>AD</arg>
<arg>AE</arg>
<arg>AF</arg>
<arg>AG</arg>
<arg>AI</arg>
<arg>AL</arg>
<arg>AM</arg>
<arg>AO</arg>
<arg>AQ</arg>
<arg>AR</arg>
<arg>AS</arg>
<arg>AT</arg>
<arg>AU</arg>
<arg>AW</arg>
<arg>AX</arg>
<arg>AZ</arg>
<arg>BA</arg>
<arg>BB</arg>
<arg>BD</arg>
<arg>BE</arg>
<arg>BF</arg>
<arg>BG</arg>
<arg>BH</arg>
<arg>BI</arg>
<arg>BJ</arg>
<arg>BL</arg>
<arg>BM</arg>
<arg>BN</arg>
<arg>BO</arg>
<arg>BQ</arg>
<arg>BR</arg>
<arg>BS</arg>
<arg>BT</arg>
<arg>BV</arg>
<arg>BW</arg>
<arg>BY</arg>
<arg>BZ</arg>
<arg>CA</arg>
<arg>CC</arg>
<arg>CD</arg>
<arg>CF</arg>
<arg>CG</arg>
<arg>CH</arg>
<arg>CI</arg>
<arg>CK</arg>
<arg>CL</arg>
<arg>CM</arg>
<arg>CN</arg>
<arg>CO</arg>
<arg>CR</arg>
<arg>CU</arg>
<arg>CV</arg>
<arg>CW</arg>
<arg>CX</arg>
<arg>CY</arg>
<arg>CZ</arg>
<arg>DE</arg>
<arg>DJ</arg>
<arg>DK</arg>
<arg>DM</arg>
<arg>DO</arg>
<arg>DZ</arg>
<arg>EC</arg>
<arg>EE</arg>
<arg>EG</arg>
<arg>EH</arg>
<arg>ER</arg>
<arg>ES</arg>
<arg>ET</arg>
<arg>FI</arg>
<arg>FJ</arg>
<arg>FK</arg>
<arg>FM</arg>
<arg>FO</arg>
<arg>FR</arg>
<arg>GA</arg>
<arg>GB</arg>
<arg>GD</arg>
<arg>GE</arg>
<arg>GF</arg>
<arg>GG</arg>
<arg>GH</arg>
<arg>GI</arg>
<arg>GL</arg>
<arg>GM</arg>
<arg>GN</arg>
<arg>GP</arg>
<arg>GQ</arg>
<arg>GR</arg>
<arg>GS</arg>
<arg>GT</arg>
<arg>GU</arg>
<arg>GW</arg>
<arg>GY</arg>
<arg>HK</arg>
<arg>HM</arg>
<arg>HN</arg>
<arg>HR</arg>
<arg>HT</arg>
<arg>HU</arg>
<arg>ID</arg>
<arg>IE</arg>
<arg>IL</arg>
<arg>IM</arg>
<arg>IN</arg>
<arg>IO</arg>
<arg>IQ</arg>
<arg>IR</arg>
<arg>IS</arg>
<arg>IT</arg>
<arg>JE</arg>
<arg>JM</arg>
<arg>JO</arg>
<arg>JP</arg>
<arg>KE</arg>
<arg>KG</arg>
<arg>KH</arg>
<arg>KI</arg>
<arg>KM</arg>
<arg>KN</arg>
<arg>KP</arg>
<arg>KR</arg>
<arg>KW</arg>
<arg>KY</arg>
<arg>KZ</arg>
<arg>LA</arg>
<arg>LB</arg>
<arg>LC</arg>
<arg>LI</arg>
<arg>LK</arg>
<arg>LR</arg>
<arg>LS</arg>
<arg>LT</arg>
<arg>LU</arg>
<arg>LV</arg>
<arg>LY</arg>
<arg>MA</arg>
<arg>MC</arg>
<arg>MD</arg>
<arg>ME</arg>
<arg>MF</arg>
<arg>MG</arg>
<arg>MH</arg>
<arg>MK</arg>
<arg>ML</arg>
<arg>MM</arg>
<arg>MN</arg>
<arg>MO</arg>
<arg>MP</arg>
<arg>MQ</arg>
<arg>MR</arg>
<arg>MS</arg>
<arg>MT</arg>
<arg>MU</arg>
<arg>MV</arg>
<arg>MW</arg>
<arg>MX</arg>
<arg>MY</arg>
<arg>MZ</arg>
<arg>NA</arg>
<arg>NC</arg>
<arg>NE</arg>
<arg>NF</arg>
<arg>NG</arg>
<arg>NI</arg>
<arg>NL</arg>
<arg>NO</arg>
<arg>NP</arg>
<arg>NR</arg>
<arg>NU</arg>
<arg>NZ</arg>
<arg>OM</arg>
<arg>PA</arg>
<arg>PE</arg>
<arg>PF</arg>
<arg>PG</arg>
<arg>PH</arg>
<arg>PK</arg>
<arg>PL</arg>
<arg>PM</arg>
<arg>PN</arg>
<arg>PR</arg>
<arg>PS</arg>
<arg>PT</arg>
<arg>PW</arg>
<arg>PY</arg>
<arg>QA</arg>
<arg>RE</arg>
<arg>RO</arg>
<arg>RS</arg>
<arg>RU</arg>
<arg>RW</arg>
<arg>SA</arg>
<arg>SB</arg>
<arg>SC</arg>
<arg>SD</arg>
<arg>SE</arg>
<arg>SG</arg>
<arg>SH</arg>
<arg>SI</arg>
<arg>SJ</arg>
<arg>SK</arg>
<arg>SL</arg>
<arg>SM</arg>
<arg>SN</arg>
<arg>SO</arg>
<arg>SR</arg>
<arg>SS</arg>
<arg>ST</arg>
<arg>SV</arg>
<arg>SX</arg>
<arg>SY</arg>
<arg>SZ</arg>
<arg>TC</arg>
<arg>TD</arg>
<arg>TF</arg>
<arg>TG</arg>
<arg>TH</arg>
<arg>TJ</arg>
<arg>TK</arg>
<arg>TL</arg>
<arg>TM</arg>
<arg>TN</arg>
<arg>TO</arg>
<arg>TR</arg>
<arg>TT</arg>
<arg>TV</arg>
<arg>TW</arg>
<arg>TZ</arg>
<arg>UA</arg>
<arg>UG</arg>
<arg>UM</arg>
<arg>US</arg>
<arg>UY</arg>
<arg>UZ</arg>
<arg>VA</arg>
<arg>VC</arg>
<arg>VE</arg>
<arg>VG</arg>
<arg>VI</arg>
<arg>VN</arg>
<arg>VU</arg>
<arg>WF</arg>
<arg>WS</arg>
<arg>XK</arg>
<arg>YE</arg>
<arg>YT</arg>
<arg>ZA</arg>
<arg>ZM</arg>
<arg>ZW</arg>
<doc>Returns a list containing given items.</doc>
<status status="PASS" start="2024-03-26T12:25:38.112644" elapsed="0.000619"/>
</kw>
<kw name="List Should Contain Value" owner="Collections">
<msg time="2024-03-26T12:25:38.114411" level="INFO">False</msg>
<arg>${list_country}</arg>
<arg>${name_country}</arg>
<doc>Fails if the ``value`` is not found from ``list``.</doc>
<status status="PASS" start="2024-03-26T12:25:38.114207" elapsed="0.000242"/>
</kw>
<kw name="Run Keyword If" owner="BuiltIn">
<kw name="Should Be True" owner="BuiltIn">
<arg>${True}</arg>
<doc>Fails if the given condition is not true.</doc>
<status status="PASS" start="2024-03-26T12:25:38.115552" elapsed="0.000165"/>
</kw>
<arg>${json_data["results"][0]["location"]["coordinates"]["latitude"]} &gt;= -90 and ${json_data["results"][0]["location"]["coordinates"]["latitude"]} &lt;= 90</arg>
<arg>Should Be True</arg>
<arg>${True}</arg>
<doc>Runs the given keyword with the given arguments, if ``condition`` is true.</doc>
<status status="PASS" start="2024-03-26T12:25:38.114765" elapsed="0.001081"/>
</kw>
<kw name="Run Keyword If" owner="BuiltIn">
<kw name="Should Be True" owner="BuiltIn">
<arg>${True}</arg>
<doc>Fails if the given condition is not true.</doc>
<status status="PASS" start="2024-03-26T12:25:38.116728" elapsed="0.000138"/>
</kw>
<arg>${json_data["results"][0]["location"]["coordinates"]["longitude"]} &gt;= -180 and ${json_data["results"][0]["location"]["coordinates"]["longitude"]} &lt;= 180</arg>
<arg>Should Be True</arg>
<arg>${True}</arg>
<doc>Runs the given keyword with the given arguments, if ``condition`` is true.</doc>
<status status="PASS" start="2024-03-26T12:25:38.116032" elapsed="0.000960"/>
</kw>
<status status="PASS" start="2024-03-26T12:25:38.017122" elapsed="0.100003"/>
</kw>
<doc>Testa o conteúdo específico dos campos retornados pela API.</doc>
<tag>testeConteudo</tag>
<status status="PASS" start="2024-03-26T12:25:38.016661" elapsed="0.100616"/>
</test>
<status status="PASS" start="2024-03-26T12:25:37.213201" elapsed="0.906004"/>
</suite>
<status status="PASS" start="2024-03-26T12:25:37.198469" elapsed="0.926046"/>
</suite>
<statistics>
<total>
<stat pass="5" fail="0" skip="0">All Tests</stat>
</total>
<tag>
<stat pass="1" fail="0" skip="0">testeConteudo</stat>
<stat pass="1" fail="0" skip="0">testeEstruturaResposta</stat>
<stat pass="1" fail="0" skip="0">testeRequisicaoBasica</stat>
<stat pass="1" fail="0" skip="0">testeTiposDados</stat>
</tag>
<suite>
<stat pass="5" fail="0" skip="0" id="s1" name="Tests">Tests</stat>
<stat pass="5" fail="0" skip="0" id="s1-s1" name="Random-User-Test">Tests.Random-User-Test</stat>
</suite>
</statistics>
<errors>
</errors>
</robot>
