<?xml version="1.0" encoding="UTF-8"?>
<robot generator="Robot 7.0.1 (Python 3.12.4 on linux)" generated="2024-06-27T19:13:45.264296" rpa="false" schemaversion="5">
<suite id="s1" name="Tests" source="/home/runner/work/ApiRandomUser/ApiRandomUser/RamdonUser/tests">
<suite id="s1-s1" name="Random-User-Test" source="/home/runner/work/ApiRandomUser/ApiRandomUser/RamdonUser/tests/random-user-test.robot">
<test id="s1-s1-t1" name="Conectar" line="13">
<kw name="Conectar API" owner="random-user-service">
<kw name="Create Session" owner="RequestsLibrary">
<msg time="2024-06-27T19:13:45.681400" level="INFO">Creating Session using : alias=consultarAPI, url=https://randomuser.me/, headers={},                     cookies={}, auth=None, timeout=None, proxies=None, verify=False,                     debug=0 </msg>
<arg>consultarAPI</arg>
<arg>${URL}</arg>
<doc>Create Session: create a HTTP session to a server</doc>
<status status="PASS" start="2024-06-27T19:13:45.681195" elapsed="0.000397"/>
</kw>
<status status="PASS" start="2024-06-27T19:13:45.680156" elapsed="0.001803"/>
</kw>
<status status="PASS" start="2024-06-27T19:13:45.679571" elapsed="0.002583"/>
</test>
<test id="s1-s1-t2" name="Validar retorno 200 e JSON Válido" line="16">
<kw name="Teste de Requisicao Basica" owner="random-user-service">
<kw name="GET On Session" owner="RequestsLibrary">
<msg time="2024-06-27T19:13:45.874619" level="INFO">GET Request : url=https://randomuser.me/api 
 path_url=/api 
 headers={'User-Agent': 'python-requests/2.32.3', 'Accept-Encoding': 'gzip, deflate', 'Accept': '*/*', 'Connection': 'keep-alive'} 
 body=None 
 </msg>
<msg time="2024-06-27T19:13:45.874826" level="INFO">GET Response : url=https://randomuser.me/api 
 status=200, reason=OK 
 headers={'Date': 'Thu, 27 Jun 2024 19:13:45 GMT', 'Content-Type': 'application/json; charset=utf-8', 'Transfer-Encoding': 'chunked', 'Connection': 'keep-alive', 'X-Powered-By': 'Express', 'Access-Control-Allow-Origin': '*', 'Cache-Control': 'no-cache', 'ETag': 'W/"491-fi5OgsugPIns/gYbhtAVoFULfCs"', 'Vary': 'Accept-Encoding', 'Content-Encoding': 'gzip', 'CF-Cache-Status': 'DYNAMIC', 'Report-To': '{"endpoints":[{"url":"https:\\/\\/a.nel.cloudflare.com\\/report\\/v4?s=7o3kkewTafiF%2FkbgM0zD94ccuJhoyC6w%2BUnT%2FxcVmbUN8414SI5bS%2Byu5Eq9UAgFsDDt08X%2BwPJPZyMFu280evCHWL2mB5ANH%2BguPHas81EAXD2EudscJcSj%2B47WY6TW"}],"group":"cf-nel","max_age":604800}', 'NEL': '{"success_fraction":0,"report_to":"cf-nel","max_age":604800}', 'Server': 'cloudflare', 'CF-RAY': '89a7c1957fbe07b3-IAD', 'alt-svc': 'h3=":443"; ma=86400'} 
 body={"results":[{"gender":"female","name":{"title":"Mrs","first":"Jasna","last":"Glavaš"},"location":{"street":{"number":7443,"name":"Dvadesetdrugog Decembra"},"city":"Lajkovac","state":"Mačva","country":"Serbia","postcode":90362,"coordinates":{"latitude":"57.1560","longitude":"51.8908"},"timezone":{"offset":"-7:00","description":"Mountain Time (US &amp; Canada)"}},"email":"jasna.glavas@example.com","login":{"uuid":"5293b364-ef91-42dc-a43f-aec2d8133e4e","username":"yellowostrich924","password":"coco","salt":"0Jfj1V6s","md5":"797669598bd74bd36887a3908da3959b","sha1":"df3a4dbd8ebb41d62d236e5f10f17248ef1c7e94","sha256":"3afdca75687a37b702f56e4ab5d16c728e494277a914da0bc6174979c424d4c4"},"dob":{"date":"1990-04-15T23:16:19.140Z","age":34},"registered":{"date":"2005-07-27T21:39:44.831Z","age":18},"phone":"020-2282-970","cell":"065-3129-231","id":{"name":"SID","value":"267693742"},"picture":{"large":"https://randomuser.me/api/portraits/women/83.jpg","medium":"https://randomuser.me/api/portraits/med/women/83.jpg","thumbnail":"https://randomuser.me/api/portraits/thumb/women/83.jpg"},"nat":"RS"}],"info":{"seed":"70a4154a7e3c9840","results":1,"page":1,"version":"1.4"}} 
 </msg>
<msg time="2024-06-27T19:13:45.874954" level="INFO">/opt/hostedtoolcache/Python/3.12.4/x64/lib/python3.12/site-packages/urllib3/connectionpool.py:1099: InsecureRequestWarning: Unverified HTTPS request is being made to host 'randomuser.me'. Adding certificate verification is strongly advised. See: https://urllib3.readthedocs.io/en/latest/advanced-usage.html#tls-warnings
  warnings.warn(</msg>
<msg time="2024-06-27T19:13:45.875137" level="INFO">${response} = &lt;Response [200]&gt;</msg>
<var>${response}</var>
<arg>consultarAPI</arg>
<arg>/api</arg>
<doc>Sends a GET request on a previously created HTTP Session.</doc>
<status status="PASS" start="2024-06-27T19:13:45.684793" elapsed="0.190394"/>
</kw>
<kw name="Should Be Equal As Numbers" owner="BuiltIn">
<msg time="2024-06-27T19:13:45.876420" level="INFO">Argument types are:
&lt;class 'int'&gt;
&lt;class 'str'&gt;</msg>
<arg>${response.status_code}</arg>
<arg>200</arg>
<doc>Fails if objects are unequal after converting them to real numbers.</doc>
<status status="PASS" start="2024-06-27T19:13:45.875850" elapsed="0.000644"/>
</kw>
<kw name="Log" owner="BuiltIn">
<msg time="2024-06-27T19:13:45.877247" level="INFO">200</msg>
<arg>${response.status_code}</arg>
<doc>Logs the given message with the given level.</doc>
<status status="PASS" start="2024-06-27T19:13:45.876861" elapsed="0.000430"/>
</kw>
<kw name="Set Variable" owner="BuiltIn">
<msg time="2024-06-27T19:13:45.878083" level="INFO">${json_data} = {'results': [{'gender': 'female', 'name': {'title': 'Mrs', 'first': 'Jasna', 'last': 'Glavaš'}, 'location': {'street': {'number': 7443, 'name': 'Dvadesetdrugog Decembra'}, 'city': 'Lajkovac', 'state':...</msg>
<var>${json_data}</var>
<arg>${response.json()}</arg>
<doc>Returns the given values which can then be assigned to a variables.</doc>
<status status="PASS" start="2024-06-27T19:13:45.877602" elapsed="0.000512"/>
</kw>
<kw name="Dictionary Should Contain Key" owner="Collections">
<arg>${json_data}</arg>
<arg>results</arg>
<doc>Fails if ``key`` is not found from ``dictionary``.</doc>
<status status="PASS" start="2024-06-27T19:13:45.878417" elapsed="0.000168"/>
</kw>
<status status="PASS" start="2024-06-27T19:13:45.684538" elapsed="0.194207"/>
</kw>
<doc>Testa se a API responde corretamente e retorna um objeto JSON válido.</doc>
<tag>testeRequisicaoBasica</tag>
<status status="PASS" start="2024-06-27T19:13:45.684053" elapsed="0.194881"/>
</test>
<test id="s1-s1-t3" name="Validar estrutura de resposta" line="22">
<kw name="Teste de Estrutura de Resposta" owner="random-user-service">
<kw name="GET On Session" owner="RequestsLibrary">
<msg time="2024-06-27T19:13:45.993931" level="INFO">GET Request : url=https://randomuser.me/api 
 path_url=/api 
 headers={'User-Agent': 'python-requests/2.32.3', 'Accept-Encoding': 'gzip, deflate', 'Accept': '*/*', 'Connection': 'keep-alive'} 
 body=None 
 </msg>
<msg time="2024-06-27T19:13:45.994060" level="INFO">GET Response : url=https://randomuser.me/api 
 status=200, reason=OK 
 headers={'Date': 'Thu, 27 Jun 2024 19:13:45 GMT', 'Content-Type': 'application/json; charset=utf-8', 'Transfer-Encoding': 'chunked', 'Connection': 'keep-alive', 'X-Powered-By': 'Express', 'Access-Control-Allow-Origin': '*', 'Cache-Control': 'no-cache', 'ETag': 'W/"482-Jx4O3TWLYjIctvBe92mnwbjCSu4"', 'Vary': 'Accept-Encoding', 'Content-Encoding': 'gzip', 'CF-Cache-Status': 'DYNAMIC', 'Report-To': '{"endpoints":[{"url":"https:\\/\\/a.nel.cloudflare.com\\/report\\/v4?s=b3zsksu0g2Kez3xm3SeEgieFgz5cef5lo3f3LZkpRaCxHJc8IjiR6lv77wCjJAyCptniO%2F7t6qT7S0vZ%2BaSTWLZuuiI2TPobZwZ%2FUYvuYw0hKyt2NFgYDSuQ%2FFx%2FqMJc"}],"group":"cf-nel","max_age":604800}', 'NEL': '{"success_fraction":0,"report_to":"cf-nel","max_age":604800}', 'Server': 'cloudflare', 'CF-RAY': '89a7c195c81c07b3-IAD', 'alt-svc': 'h3=":443"; ma=86400'} 
 body={"results":[{"gender":"male","name":{"title":"Mr","first":"Dragoljub","last":"Babić"},"location":{"street":{"number":2836,"name":"Parlovska"},"city":"Bor","state":"Peć","country":"Serbia","postcode":61040,"coordinates":{"latitude":"63.5743","longitude":"-78.2925"},"timezone":{"offset":"-4:00","description":"Atlantic Time (Canada), Caracas, La Paz"}},"email":"dragoljub.babic@example.com","login":{"uuid":"3044a279-498c-4650-9044-259b87a9d0ee","username":"crazyfish255","password":"1245","salt":"tIHXzwbv","md5":"877d5d3fa04d6eca808f4940f843010e","sha1":"c361e9a13a5bddc0d77a04b953afa8f615fa88b2","sha256":"b1334295f2a9ae8836c60ebac3270ba9dddb7ad302e813ceeb7e8ae08aa379a0"},"dob":{"date":"1965-05-23T08:45:40.559Z","age":59},"registered":{"date":"2014-01-10T03:05:05.092Z","age":10},"phone":"024-6680-890","cell":"061-1245-431","id":{"name":"SID","value":"590206037"},"picture":{"large":"https://randomuser.me/api/portraits/men/71.jpg","medium":"https://randomuser.me/api/portraits/med/men/71.jpg","thumbnail":"https://randomuser.me/api/portraits/thumb/men/71.jpg"},"nat":"RS"}],"info":{"seed":"a6e03865d7598e9e","results":1,"page":1,"version":"1.4"}} 
 </msg>
<msg time="2024-06-27T19:13:45.994236" level="INFO">/opt/hostedtoolcache/Python/3.12.4/x64/lib/python3.12/site-packages/urllib3/connectionpool.py:1099: InsecureRequestWarning: Unverified HTTPS request is being made to host 'randomuser.me'. Adding certificate verification is strongly advised. See: https://urllib3.readthedocs.io/en/latest/advanced-usage.html#tls-warnings
  warnings.warn(</msg>
<msg time="2024-06-27T19:13:45.994374" level="INFO">${response} = &lt;Response [200]&gt;</msg>
<var>${response}</var>
<arg>consultarAPI</arg>
<arg>/api</arg>
<doc>Sends a GET request on a previously created HTTP Session.</doc>
<status status="PASS" start="2024-06-27T19:13:45.882047" elapsed="0.112372"/>
</kw>
<kw name="Set Variable" owner="BuiltIn">
<msg time="2024-06-27T19:13:45.995611" level="INFO">${json_data} = {'results': [{'gender': 'male', 'name': {'title': 'Mr', 'first': 'Dragoljub', 'last': 'Babić'}, 'location': {'street': {'number': 2836, 'name': 'Parlovska'}, 'city': 'Bor', 'state': 'Peć', 'country': ...</msg>
<var>${json_data}</var>
<arg>${response.json()}</arg>
<doc>Returns the given values which can then be assigned to a variables.</doc>
<status status="PASS" start="2024-06-27T19:13:45.995025" elapsed="0.000618"/>
</kw>
<kw name="Log" owner="BuiltIn">
<msg time="2024-06-27T19:13:45.996140" level="INFO">{'results': [{'gender': 'male', 'name': {'title': 'Mr', 'first': 'Dragoljub', 'last': 'Babić'}, 'location': {'street': {'number': 2836, 'name': 'Parlovska'}, 'city': 'Bor', 'state': 'Peć', 'country': 'Serbia', 'postcode': 61040, 'coordinates': {'latitude': '63.5743', 'longitude': '-78.2925'}, 'timezone': {'offset': '-4:00', 'description': 'Atlantic Time (Canada), Caracas, La Paz'}}, 'email': 'dragoljub.babic@example.com', 'login': {'uuid': '3044a279-498c-4650-9044-259b87a9d0ee', 'username': 'crazyfish255', 'password': '1245', 'salt': 'tIHXzwbv', 'md5': '877d5d3fa04d6eca808f4940f843010e', 'sha1': 'c361e9a13a5bddc0d77a04b953afa8f615fa88b2', 'sha256': 'b1334295f2a9ae8836c60ebac3270ba9dddb7ad302e813ceeb7e8ae08aa379a0'}, 'dob': {'date': '1965-05-23T08:45:40.559Z', 'age': 59}, 'registered': {'date': '2014-01-10T03:05:05.092Z', 'age': 10}, 'phone': '024-6680-890', 'cell': '061-1245-431', 'id': {'name': 'SID', 'value': '590206037'}, 'picture': {'large': 'https://randomuser.me/api/portraits/men/71.jpg', 'medium': 'https://randomuser.me/api/portraits/med/men/71.jpg', 'thumbnail': 'https://randomuser.me/api/portraits/thumb/men/71.jpg'}, 'nat': 'RS'}], 'info': {'seed': 'a6e03865d7598e9e', 'results': 1, 'page': 1, 'version': '1.4'}}</msg>
<arg>${json_data}</arg>
<doc>Logs the given message with the given level.</doc>
<status status="PASS" start="2024-06-27T19:13:45.995970" elapsed="0.000226"/>
</kw>
<kw name="Dictionary Should Contain Key" owner="Collections">
<arg>${json_data}</arg>
<arg>results</arg>
<doc>Fails if ``key`` is not found from ``dictionary``.</doc>
<status status="PASS" start="2024-06-27T19:13:45.996539" elapsed="0.000161"/>
</kw>
<kw name="Should Not Be Empty" owner="BuiltIn">
<msg time="2024-06-27T19:13:45.997023" level="INFO">Length is 2.</msg>
<arg>${json_data}</arg>
<doc>Verifies that the given item is not empty.</doc>
<status status="PASS" start="2024-06-27T19:13:45.996886" elapsed="0.000177"/>
</kw>
<kw name="Create List" owner="BuiltIn">
<msg time="2024-06-27T19:13:45.997685" level="INFO">${expected_keys} = ['gender', 'name', 'location', 'email', 'login']</msg>
<var>${expected_keys}</var>
<arg>gender</arg>
<arg>name</arg>
<arg>location</arg>
<arg>email</arg>
<arg>login</arg>
<doc>Returns a list containing given items.</doc>
<status status="PASS" start="2024-06-27T19:13:45.997366" elapsed="0.000345"/>
</kw>
<for flavor="IN">
<iter>
<kw name="Dictionary Should Contain Key" owner="Collections">
<arg>${json_data['results'][0]}</arg>
<arg>${key}</arg>
<doc>Fails if ``key`` is not found from ``dictionary``.</doc>
<status status="PASS" start="2024-06-27T19:13:45.998309" elapsed="0.000452"/>
</kw>
<kw name="Log" owner="BuiltIn">
<msg time="2024-06-27T19:13:45.999333" level="INFO">{'gender': 'male', 'name': {'title': 'Mr', 'first': 'Dragoljub', 'last': 'Babić'}, 'location': {'street': {'number': 2836, 'name': 'Parlovska'}, 'city': 'Bor', 'state': 'Peć', 'country': 'Serbia', 'postcode': 61040, 'coordinates': {'latitude': '63.5743', 'longitude': '-78.2925'}, 'timezone': {'offset': '-4:00', 'description': 'Atlantic Time (Canada), Caracas, La Paz'}}, 'email': 'dragoljub.babic@example.com', 'login': {'uuid': '3044a279-498c-4650-9044-259b87a9d0ee', 'username': 'crazyfish255', 'password': '1245', 'salt': 'tIHXzwbv', 'md5': '877d5d3fa04d6eca808f4940f843010e', 'sha1': 'c361e9a13a5bddc0d77a04b953afa8f615fa88b2', 'sha256': 'b1334295f2a9ae8836c60ebac3270ba9dddb7ad302e813ceeb7e8ae08aa379a0'}, 'dob': {'date': '1965-05-23T08:45:40.559Z', 'age': 59}, 'registered': {'date': '2014-01-10T03:05:05.092Z', 'age': 10}, 'phone': '024-6680-890', 'cell': '061-1245-431', 'id': {'name': 'SID', 'value': '590206037'}, 'picture': {'large': 'https://randomuser.me/api/portraits/men/71.jpg', 'medium': 'https://randomuser.me/api/portraits/med/men/71.jpg', 'thumbnail': 'https://randomuser.me/api/portraits/thumb/men/71.jpg'}, 'nat': 'RS'}</msg>
<arg>${json_data['results'][0]}</arg>
<doc>Logs the given message with the given level.</doc>
<status status="PASS" start="2024-06-27T19:13:45.998963" elapsed="0.000422"/>
</kw>
<kw name="Log" owner="BuiltIn">
<msg time="2024-06-27T19:13:45.999825" level="INFO">gender</msg>
<arg>${key}</arg>
<doc>Logs the given message with the given level.</doc>
<status status="PASS" start="2024-06-27T19:13:45.999695" elapsed="0.000167"/>
</kw>
<var name="${key}">gender</var>
<status status="PASS" start="2024-06-27T19:13:45.998184" elapsed="0.001897"/>
</iter>
<iter>
<kw name="Dictionary Should Contain Key" owner="Collections">
<arg>${json_data['results'][0]}</arg>
<arg>${key}</arg>
<doc>Fails if ``key`` is not found from ``dictionary``.</doc>
<status status="PASS" start="2024-06-27T19:13:46.000407" elapsed="0.000392"/>
</kw>
<kw name="Log" owner="BuiltIn">
<msg time="2024-06-27T19:13:46.001342" level="INFO">{'gender': 'male', 'name': {'title': 'Mr', 'first': 'Dragoljub', 'last': 'Babić'}, 'location': {'street': {'number': 2836, 'name': 'Parlovska'}, 'city': 'Bor', 'state': 'Peć', 'country': 'Serbia', 'postcode': 61040, 'coordinates': {'latitude': '63.5743', 'longitude': '-78.2925'}, 'timezone': {'offset': '-4:00', 'description': 'Atlantic Time (Canada), Caracas, La Paz'}}, 'email': 'dragoljub.babic@example.com', 'login': {'uuid': '3044a279-498c-4650-9044-259b87a9d0ee', 'username': 'crazyfish255', 'password': '1245', 'salt': 'tIHXzwbv', 'md5': '877d5d3fa04d6eca808f4940f843010e', 'sha1': 'c361e9a13a5bddc0d77a04b953afa8f615fa88b2', 'sha256': 'b1334295f2a9ae8836c60ebac3270ba9dddb7ad302e813ceeb7e8ae08aa379a0'}, 'dob': {'date': '1965-05-23T08:45:40.559Z', 'age': 59}, 'registered': {'date': '2014-01-10T03:05:05.092Z', 'age': 10}, 'phone': '024-6680-890', 'cell': '061-1245-431', 'id': {'name': 'SID', 'value': '590206037'}, 'picture': {'large': 'https://randomuser.me/api/portraits/men/71.jpg', 'medium': 'https://randomuser.me/api/portraits/med/men/71.jpg', 'thumbnail': 'https://randomuser.me/api/portraits/thumb/men/71.jpg'}, 'nat': 'RS'}</msg>
<arg>${json_data['results'][0]}</arg>
<doc>Logs the given message with the given level.</doc>
<status status="PASS" start="2024-06-27T19:13:46.000982" elapsed="0.000441"/>
</kw>
<kw name="Log" owner="BuiltIn">
<msg time="2024-06-27T19:13:46.001856" level="INFO">name</msg>
<arg>${key}</arg>
<doc>Logs the given message with the given level.</doc>
<status status="PASS" start="2024-06-27T19:13:46.001726" elapsed="0.000168"/>
</kw>
<var name="${key}">name</var>
<status status="PASS" start="2024-06-27T19:13:46.000290" elapsed="0.001824"/>
</iter>
<iter>
<kw name="Dictionary Should Contain Key" owner="Collections">
<arg>${json_data['results'][0]}</arg>
<arg>${key}</arg>
<doc>Fails if ``key`` is not found from ``dictionary``.</doc>
<status status="PASS" start="2024-06-27T19:13:46.002400" elapsed="0.000379"/>
</kw>
<kw name="Log" owner="BuiltIn">
<msg time="2024-06-27T19:13:46.003313" level="INFO">{'gender': 'male', 'name': {'title': 'Mr', 'first': 'Dragoljub', 'last': 'Babić'}, 'location': {'street': {'number': 2836, 'name': 'Parlovska'}, 'city': 'Bor', 'state': 'Peć', 'country': 'Serbia', 'postcode': 61040, 'coordinates': {'latitude': '63.5743', 'longitude': '-78.2925'}, 'timezone': {'offset': '-4:00', 'description': 'Atlantic Time (Canada), Caracas, La Paz'}}, 'email': 'dragoljub.babic@example.com', 'login': {'uuid': '3044a279-498c-4650-9044-259b87a9d0ee', 'username': 'crazyfish255', 'password': '1245', 'salt': 'tIHXzwbv', 'md5': '877d5d3fa04d6eca808f4940f843010e', 'sha1': 'c361e9a13a5bddc0d77a04b953afa8f615fa88b2', 'sha256': 'b1334295f2a9ae8836c60ebac3270ba9dddb7ad302e813ceeb7e8ae08aa379a0'}, 'dob': {'date': '1965-05-23T08:45:40.559Z', 'age': 59}, 'registered': {'date': '2014-01-10T03:05:05.092Z', 'age': 10}, 'phone': '024-6680-890', 'cell': '061-1245-431', 'id': {'name': 'SID', 'value': '590206037'}, 'picture': {'large': 'https://randomuser.me/api/portraits/men/71.jpg', 'medium': 'https://randomuser.me/api/portraits/med/men/71.jpg', 'thumbnail': 'https://randomuser.me/api/portraits/thumb/men/71.jpg'}, 'nat': 'RS'}</msg>
<arg>${json_data['results'][0]}</arg>
<doc>Logs the given message with the given level.</doc>
<status status="PASS" start="2024-06-27T19:13:46.002961" elapsed="0.000401"/>
</kw>
<kw name="Log" owner="BuiltIn">
<msg time="2024-06-27T19:13:46.003791" level="INFO">location</msg>
<arg>${key}</arg>
<doc>Logs the given message with the given level.</doc>
<status status="PASS" start="2024-06-27T19:13:46.003661" elapsed="0.000168"/>
</kw>
<var name="${key}">location</var>
<status status="PASS" start="2024-06-27T19:13:46.002291" elapsed="0.001756"/>
</iter>
<iter>
<kw name="Dictionary Should Contain Key" owner="Collections">
<arg>${json_data['results'][0]}</arg>
<arg>${key}</arg>
<doc>Fails if ``key`` is not found from ``dictionary``.</doc>
<status status="PASS" start="2024-06-27T19:13:46.004343" elapsed="0.000404"/>
</kw>
<kw name="Log" owner="BuiltIn">
<msg time="2024-06-27T19:13:46.005295" level="INFO">{'gender': 'male', 'name': {'title': 'Mr', 'first': 'Dragoljub', 'last': 'Babić'}, 'location': {'street': {'number': 2836, 'name': 'Parlovska'}, 'city': 'Bor', 'state': 'Peć', 'country': 'Serbia', 'postcode': 61040, 'coordinates': {'latitude': '63.5743', 'longitude': '-78.2925'}, 'timezone': {'offset': '-4:00', 'description': 'Atlantic Time (Canada), Caracas, La Paz'}}, 'email': 'dragoljub.babic@example.com', 'login': {'uuid': '3044a279-498c-4650-9044-259b87a9d0ee', 'username': 'crazyfish255', 'password': '1245', 'salt': 'tIHXzwbv', 'md5': '877d5d3fa04d6eca808f4940f843010e', 'sha1': 'c361e9a13a5bddc0d77a04b953afa8f615fa88b2', 'sha256': 'b1334295f2a9ae8836c60ebac3270ba9dddb7ad302e813ceeb7e8ae08aa379a0'}, 'dob': {'date': '1965-05-23T08:45:40.559Z', 'age': 59}, 'registered': {'date': '2014-01-10T03:05:05.092Z', 'age': 10}, 'phone': '024-6680-890', 'cell': '061-1245-431', 'id': {'name': 'SID', 'value': '590206037'}, 'picture': {'large': 'https://randomuser.me/api/portraits/men/71.jpg', 'medium': 'https://randomuser.me/api/portraits/med/men/71.jpg', 'thumbnail': 'https://randomuser.me/api/portraits/thumb/men/71.jpg'}, 'nat': 'RS'}</msg>
<arg>${json_data['results'][0]}</arg>
<doc>Logs the given message with the given level.</doc>
<status status="PASS" start="2024-06-27T19:13:46.004929" elapsed="0.000417"/>
</kw>
<kw name="Log" owner="BuiltIn">
<msg time="2024-06-27T19:13:46.005772" level="INFO">email</msg>
<arg>${key}</arg>
<doc>Logs the given message with the given level.</doc>
<status status="PASS" start="2024-06-27T19:13:46.005645" elapsed="0.000166"/>
</kw>
<var name="${key}">email</var>
<status status="PASS" start="2024-06-27T19:13:46.004217" elapsed="0.001815"/>
</iter>
<iter>
<kw name="Dictionary Should Contain Key" owner="Collections">
<arg>${json_data['results'][0]}</arg>
<arg>${key}</arg>
<doc>Fails if ``key`` is not found from ``dictionary``.</doc>
<status status="PASS" start="2024-06-27T19:13:46.006322" elapsed="0.000389"/>
</kw>
<kw name="Log" owner="BuiltIn">
<msg time="2024-06-27T19:13:46.007259" level="INFO">{'gender': 'male', 'name': {'title': 'Mr', 'first': 'Dragoljub', 'last': 'Babić'}, 'location': {'street': {'number': 2836, 'name': 'Parlovska'}, 'city': 'Bor', 'state': 'Peć', 'country': 'Serbia', 'postcode': 61040, 'coordinates': {'latitude': '63.5743', 'longitude': '-78.2925'}, 'timezone': {'offset': '-4:00', 'description': 'Atlantic Time (Canada), Caracas, La Paz'}}, 'email': 'dragoljub.babic@example.com', 'login': {'uuid': '3044a279-498c-4650-9044-259b87a9d0ee', 'username': 'crazyfish255', 'password': '1245', 'salt': 'tIHXzwbv', 'md5': '877d5d3fa04d6eca808f4940f843010e', 'sha1': 'c361e9a13a5bddc0d77a04b953afa8f615fa88b2', 'sha256': 'b1334295f2a9ae8836c60ebac3270ba9dddb7ad302e813ceeb7e8ae08aa379a0'}, 'dob': {'date': '1965-05-23T08:45:40.559Z', 'age': 59}, 'registered': {'date': '2014-01-10T03:05:05.092Z', 'age': 10}, 'phone': '024-6680-890', 'cell': '061-1245-431', 'id': {'name': 'SID', 'value': '590206037'}, 'picture': {'large': 'https://randomuser.me/api/portraits/men/71.jpg', 'medium': 'https://randomuser.me/api/portraits/med/men/71.jpg', 'thumbnail': 'https://randomuser.me/api/portraits/thumb/men/71.jpg'}, 'nat': 'RS'}</msg>
<arg>${json_data['results'][0]}</arg>
<doc>Logs the given message with the given level.</doc>
<status status="PASS" start="2024-06-27T19:13:46.006895" elapsed="0.000414"/>
</kw>
<kw name="Log" owner="BuiltIn">
<msg time="2024-06-27T19:13:46.007734" level="INFO">login</msg>
<arg>${key}</arg>
<doc>Logs the given message with the given level.</doc>
<status status="PASS" start="2024-06-27T19:13:46.007606" elapsed="0.000165"/>
</kw>
<var name="${key}">login</var>
<status status="PASS" start="2024-06-27T19:13:46.006204" elapsed="0.001784"/>
</iter>
<var>${key}</var>
<value>@{expected_keys}</value>
<status status="PASS" start="2024-06-27T19:13:45.997980" elapsed="0.010129"/>
</for>
<kw name="Create List" owner="BuiltIn">
<msg time="2024-06-27T19:13:46.008491" level="INFO">${expected_keysTwo} = ['username', 'password']</msg>
<var>${expected_keysTwo}</var>
<arg>username</arg>
<arg>password</arg>
<doc>Returns a list containing given items.</doc>
<status status="PASS" start="2024-06-27T19:13:46.008338" elapsed="0.000178"/>
</kw>
<for flavor="IN">
<iter>
<kw name="Dictionary Should Contain Key" owner="Collections">
<arg>${json_data['results'][0]['login']}</arg>
<arg>${keyTwo}</arg>
<doc>Fails if ``key`` is not found from ``dictionary``.</doc>
<status status="PASS" start="2024-06-27T19:13:46.009041" elapsed="0.000384"/>
</kw>
<kw name="Dictionary Should Contain Key" owner="Collections">
<arg>${json_data['results'][0]['login']}</arg>
<arg>${keyTwo}</arg>
<doc>Fails if ``key`` is not found from ``dictionary``.</doc>
<status status="PASS" start="2024-06-27T19:13:46.009605" elapsed="0.000376"/>
</kw>
<kw name="Log" owner="BuiltIn">
<msg time="2024-06-27T19:13:46.010284" level="INFO">username</msg>
<arg>${keyTwo}</arg>
<doc>Logs the given message with the given level.</doc>
<status status="PASS" start="2024-06-27T19:13:46.010162" elapsed="0.000159"/>
</kw>
<var name="${keyTwo}">username</var>
<status status="PASS" start="2024-06-27T19:13:46.008935" elapsed="0.001614"/>
</iter>
<iter>
<kw name="Dictionary Should Contain Key" owner="Collections">
<arg>${json_data['results'][0]['login']}</arg>
<arg>${keyTwo}</arg>
<doc>Fails if ``key`` is not found from ``dictionary``.</doc>
<status status="PASS" start="2024-06-27T19:13:46.010827" elapsed="0.000381"/>
</kw>
<kw name="Dictionary Should Contain Key" owner="Collections">
<arg>${json_data['results'][0]['login']}</arg>
<arg>${keyTwo}</arg>
<doc>Fails if ``key`` is not found from ``dictionary``.</doc>
<status status="PASS" start="2024-06-27T19:13:46.011384" elapsed="0.000362"/>
</kw>
<kw name="Log" owner="BuiltIn">
<msg time="2024-06-27T19:13:46.012045" level="INFO">password</msg>
<arg>${keyTwo}</arg>
<doc>Logs the given message with the given level.</doc>
<status status="PASS" start="2024-06-27T19:13:46.011929" elapsed="0.000159"/>
</kw>
<var name="${keyTwo}">password</var>
<status status="PASS" start="2024-06-27T19:13:46.010721" elapsed="0.001723"/>
</iter>
<var>${keyTwo}</var>
<value>@{expected_keysTwo}</value>
<status status="PASS" start="2024-06-27T19:13:46.008782" elapsed="0.003783"/>
</for>
<status status="PASS" start="2024-06-27T19:13:45.881697" elapsed="0.131023"/>
</kw>
<doc>Testa a estrutura da resposta da API.</doc>
<tag>testeEstruturaResposta</tag>
<status status="PASS" start="2024-06-27T19:13:45.880877" elapsed="0.132002"/>
</test>
<test id="s1-s1-t4" name="Validar tipos de dados" line="28">
<kw name="Teste de Tipos de Dados" owner="random-user-service">
<kw name="GET On Session" owner="RequestsLibrary">
<msg time="2024-06-27T19:13:46.072861" level="INFO">GET Request : url=https://randomuser.me/api 
 path_url=/api 
 headers={'User-Agent': 'python-requests/2.32.3', 'Accept-Encoding': 'gzip, deflate', 'Accept': '*/*', 'Connection': 'keep-alive'} 
 body=None 
 </msg>
<msg time="2024-06-27T19:13:46.072993" level="INFO">GET Response : url=https://randomuser.me/api 
 status=200, reason=OK 
 headers={'Date': 'Thu, 27 Jun 2024 19:13:46 GMT', 'Content-Type': 'application/json; charset=utf-8', 'Transfer-Encoding': 'chunked', 'Connection': 'keep-alive', 'X-Powered-By': 'Express', 'Access-Control-Allow-Origin': '*', 'Cache-Control': 'no-cache', 'ETag': 'W/"49d-BFu7FMpbOJRaxU/32tgZOH3KNbI"', 'Vary': 'Accept-Encoding', 'Content-Encoding': 'gzip', 'CF-Cache-Status': 'DYNAMIC', 'Report-To': '{"endpoints":[{"url":"https:\\/\\/a.nel.cloudflare.com\\/report\\/v4?s=xLyV%2FXjAFUVP6QFM%2BFB3XMWyISxcXnTvJzFVu6c7JD6dv44JvZNa%2B%2F3KQpsGxxz%2BImd1MgK%2F4oYL%2BdCFhhEciKGMjvmFZGG3NyKMrLCPF0ukBGN0SUt02UDWdtTesjhj"}],"group":"cf-nel","max_age":604800}', 'NEL': '{"success_fraction":0,"report_to":"cf-nel","max_age":604800}', 'Server': 'cloudflare', 'CF-RAY': '89a7c196a92d07b3-IAD', 'alt-svc': 'h3=":443"; ma=86400'} 
 body={"results":[{"gender":"male","name":{"title":"Mr","first":"Hadrien","last":"Renard"},"location":{"street":{"number":420,"name":"Rue Barrème"},"city":"Vitry-sur-Seine","state":"Charente-Maritime","country":"France","postcode":74389,"coordinates":{"latitude":"-13.5308","longitude":"-166.6350"},"timezone":{"offset":"-8:00","description":"Pacific Time (US &amp; Canada)"}},"email":"hadrien.renard@example.com","login":{"uuid":"5d206f2b-639d-4803-aec4-ad5a06e4895c","username":"smallfish666","password":"ttttt","salt":"AoK2HdpA","md5":"abfe3ae3d614bba7d29fa3bc587bbff8","sha1":"49703a000a389fd1aeee46f4c433eff510bdf8ea","sha256":"98f753688261b6d11aef04010bc3d5f1568acbcb3a9fdcea9bf8cba980d8537e"},"dob":{"date":"1991-08-12T21:56:00.047Z","age":32},"registered":{"date":"2008-11-12T20:50:21.920Z","age":15},"phone":"01-49-25-53-76","cell":"06-76-45-86-50","id":{"name":"INSEE","value":"1910732437281 69"},"picture":{"large":"https://randomuser.me/api/portraits/men/67.jpg","medium":"https://randomuser.me/api/portraits/med/men/67.jpg","thumbnail":"https://randomuser.me/api/portraits/thumb/men/67.jpg"},"nat":"FR"}],"info":{"seed":"130ffcc014034daf","results":1,"page":1,"version":"1.4"}} 
 </msg>
<msg time="2024-06-27T19:13:46.073105" level="INFO">/opt/hostedtoolcache/Python/3.12.4/x64/lib/python3.12/site-packages/urllib3/connectionpool.py:1099: InsecureRequestWarning: Unverified HTTPS request is being made to host 'randomuser.me'. Adding certificate verification is strongly advised. See: https://urllib3.readthedocs.io/en/latest/advanced-usage.html#tls-warnings
  warnings.warn(</msg>
<msg time="2024-06-27T19:13:46.073262" level="INFO">${response} = &lt;Response [200]&gt;</msg>
<var>${response}</var>
<arg>consultarAPI</arg>
<arg>/api</arg>
<doc>Sends a GET request on a previously created HTTP Session.</doc>
<status status="PASS" start="2024-06-27T19:13:46.015399" elapsed="0.057904"/>
</kw>
<kw name="Set Variable" owner="BuiltIn">
<msg time="2024-06-27T19:13:46.074514" level="INFO">${json_data} = {'results': [{'gender': 'male', 'name': {'title': 'Mr', 'first': 'Hadrien', 'last': 'Renard'}, 'location': {'street': {'number': 420, 'name': 'Rue Barrème'}, 'city': 'Vitry-sur-Seine', 'state': 'Chare...</msg>
<var>${json_data}</var>
<arg>${response.json()}</arg>
<doc>Returns the given values which can then be assigned to a variables.</doc>
<status status="PASS" start="2024-06-27T19:13:46.073900" elapsed="0.000644"/>
</kw>
<kw name="Log" owner="BuiltIn">
<msg time="2024-06-27T19:13:46.075032" level="INFO">{'results': [{'gender': 'male', 'name': {'title': 'Mr', 'first': 'Hadrien', 'last': 'Renard'}, 'location': {'street': {'number': 420, 'name': 'Rue Barrème'}, 'city': 'Vitry-sur-Seine', 'state': 'Charente-Maritime', 'country': 'France', 'postcode': 74389, 'coordinates': {'latitude': '-13.5308', 'longitude': '-166.6350'}, 'timezone': {'offset': '-8:00', 'description': 'Pacific Time (US &amp; Canada)'}}, 'email': 'hadrien.renard@example.com', 'login': {'uuid': '5d206f2b-639d-4803-aec4-ad5a06e4895c', 'username': 'smallfish666', 'password': 'ttttt', 'salt': 'AoK2HdpA', 'md5': 'abfe3ae3d614bba7d29fa3bc587bbff8', 'sha1': '49703a000a389fd1aeee46f4c433eff510bdf8ea', 'sha256': '98f753688261b6d11aef04010bc3d5f1568acbcb3a9fdcea9bf8cba980d8537e'}, 'dob': {'date': '1991-08-12T21:56:00.047Z', 'age': 32}, 'registered': {'date': '2008-11-12T20:50:21.920Z', 'age': 15}, 'phone': '01-49-25-53-76', 'cell': '06-76-45-86-50', 'id': {'name': 'INSEE', 'value': '1910732437281 69'}, 'picture': {'large': 'https://randomuser.me/api/portraits/men/67.jpg', 'medium': 'https://randomuser.me/api/portraits/med/men/67.jpg', 'thumbnail': 'https://randomuser.me/api/portraits/thumb/men/67.jpg'}, 'nat': 'FR'}], 'info': {'seed': '130ffcc014034daf', 'results': 1, 'page': 1, 'version': '1.4'}}</msg>
<arg>${json_data}</arg>
<doc>Logs the given message with the given level.</doc>
<status status="PASS" start="2024-06-27T19:13:46.074866" elapsed="0.000223"/>
</kw>
<kw name="Should Be String" owner="String">
<arg>${json_data['results'][0]['gender']}</arg>
<doc>Fails if the given ``item`` is not a string.</doc>
<status status="PASS" start="2024-06-27T19:13:46.075389" elapsed="0.000363"/>
</kw>
<kw name="Should Match Regexp" owner="BuiltIn">
<arg>${json_data['results'][0]['email']}</arg>
<arg>^[a-zA-Z0-9._%+-]+@[a-zA-Z0-9.-]+\.[a-zA-Z]{2,}$</arg>
<doc>Fails if ``string`` does not match ``pattern`` as a regular expression.</doc>
<status status="PASS" start="2024-06-27T19:13:46.075942" elapsed="0.000553"/>
</kw>
<kw name="Should Match Regexp" owner="BuiltIn">
<arg>${json_data['results'][0]['dob']['date']}</arg>
<arg>\\d{4}-\\d{2}-\\d{2}T\\d{2}:\\d{2}:\\d{2}\\.\\d{3}Z</arg>
<doc>Fails if ``string`` does not match ``pattern`` as a regular expression.</doc>
<status status="PASS" start="2024-06-27T19:13:46.076738" elapsed="0.000485"/>
</kw>
<kw name="Should Match Regexp" owner="BuiltIn">
<arg>${json_data['results'][0]['registered']['date']}</arg>
<arg>\\d{4}-\\d{2}-\\d{2}T\\d{2}:\\d{2}:\\d{2}\\.\\d{3}Z</arg>
<doc>Fails if ``string`` does not match ``pattern`` as a regular expression.</doc>
<status status="PASS" start="2024-06-27T19:13:46.077411" elapsed="0.000362"/>
</kw>
<kw name="Should Match Regexp" owner="BuiltIn">
<arg>${json_data['results'][0]['picture']['large']}</arg>
<arg>^https?://.*\.(?:png|jpe?g|gif|bmp)$</arg>
<doc>Fails if ``string`` does not match ``pattern`` as a regular expression.</doc>
<status status="PASS" start="2024-06-27T19:13:46.077969" elapsed="0.000456"/>
</kw>
<kw name="Should Match Regexp" owner="BuiltIn">
<arg>${json_data['results'][0]['picture']['medium']}</arg>
<arg>^https?://.*\.(?:png|jpe?g|gif|bmp)$</arg>
<doc>Fails if ``string`` does not match ``pattern`` as a regular expression.</doc>
<status status="PASS" start="2024-06-27T19:13:46.078612" elapsed="0.000350"/>
</kw>
<kw name="Should Match Regexp" owner="BuiltIn">
<arg>${json_data['results'][0]['picture']['thumbnail']}</arg>
<arg>^https?://.*\.(?:png|jpe?g|gif|bmp)$</arg>
<doc>Fails if ``string`` does not match ``pattern`` as a regular expression.</doc>
<status status="PASS" start="2024-06-27T19:13:46.079142" elapsed="0.000343"/>
</kw>
<kw name="Log" owner="BuiltIn">
<msg time="2024-06-27T19:13:46.079991" level="INFO">{'large': 'https://randomuser.me/api/portraits/men/67.jpg', 'medium': 'https://randomuser.me/api/portraits/med/men/67.jpg', 'thumbnail': 'https://randomuser.me/api/portraits/thumb/men/67.jpg'}</msg>
<arg>${json_data['results'][0]['picture']}</arg>
<doc>Logs the given message with the given level.</doc>
<status status="PASS" start="2024-06-27T19:13:46.079666" elapsed="0.000367"/>
</kw>
<status status="PASS" start="2024-06-27T19:13:46.015143" elapsed="0.065190"/>
</kw>
<kw name="Teste de Tipos de Dados - Postcode" owner="random-user-service">
<kw name="GET On Session" owner="RequestsLibrary">
<msg time="2024-06-27T19:13:46.176303" level="INFO">GET Request : url=https://randomuser.me/api 
 path_url=/api 
 headers={'User-Agent': 'python-requests/2.32.3', 'Accept-Encoding': 'gzip, deflate', 'Accept': '*/*', 'Connection': 'keep-alive'} 
 body=None 
 </msg>
<msg time="2024-06-27T19:13:46.176432" level="INFO">GET Response : url=https://randomuser.me/api 
 status=200, reason=OK 
 headers={'Date': 'Thu, 27 Jun 2024 19:13:46 GMT', 'Content-Type': 'application/json; charset=utf-8', 'Transfer-Encoding': 'chunked', 'Connection': 'keep-alive', 'X-Powered-By': 'Express', 'Access-Control-Allow-Origin': '*', 'Cache-Control': 'no-cache', 'ETag': 'W/"46d-C2GE69m161IcgKvgI3EEa81CUnA"', 'Vary': 'Accept-Encoding', 'Content-Encoding': 'gzip', 'CF-Cache-Status': 'DYNAMIC', 'Report-To': '{"endpoints":[{"url":"https:\\/\\/a.nel.cloudflare.com\\/report\\/v4?s=D3ok3NTTqPP8G3fsVhJdxP4kf6u1OsillrAW8JCHEOarzd9%2BWEyEJgQDu9lEExHln9wwEgBCS9pCteUSk4cLdBbzzpL3oIZqNZj6ru0u7sjc2RuUHWB6df%2FD4dM41qxy"}],"group":"cf-nel","max_age":604800}', 'NEL': '{"success_fraction":0,"report_to":"cf-nel","max_age":604800}', 'Server': 'cloudflare', 'CF-RAY': '89a7c19709c007b3-IAD', 'alt-svc': 'h3=":443"; ma=86400'} 
 body={"results":[{"gender":"female","name":{"title":"Ms","first":"Begüm","last":"Arslanoğlu"},"location":{"street":{"number":4976,"name":"Maçka Cd"},"city":"Ankara","state":"Sivas","country":"Turkey","postcode":34989,"coordinates":{"latitude":"65.1936","longitude":"155.1560"},"timezone":{"offset":"+4:30","description":"Kabul"}},"email":"begum.arslanoglu@example.com","login":{"uuid":"21ca7b1b-4607-4c82-bd1b-f2985da38074","username":"silverwolf224","password":"abcdefg","salt":"ybBXGkmZ","md5":"6ac4e56831b1d3ebcb4d3d51b109207d","sha1":"c5544eb907cb84ac9ffe2776742dc43c08515942","sha256":"aff2260abd58bfb63cdd964fd41891b9e09dd995c7faa61c335f0fff1e7a19c0"},"dob":{"date":"1979-12-24T11:07:27.354Z","age":44},"registered":{"date":"2013-01-15T17:16:19.247Z","age":11},"phone":"(862)-504-2662","cell":"(983)-406-9201","id":{"name":"","value":null},"picture":{"large":"https://randomuser.me/api/portraits/women/31.jpg","medium":"https://randomuser.me/api/portraits/med/women/31.jpg","thumbnail":"https://randomuser.me/api/portraits/thumb/women/31.jpg"},"nat":"TR"}],"info":{"seed":"3ef934b29502ec2a","results":1,"page":1,"version":"1.4"}} 
 </msg>
<msg time="2024-06-27T19:13:46.176529" level="INFO">/opt/hostedtoolcache/Python/3.12.4/x64/lib/python3.12/site-packages/urllib3/connectionpool.py:1099: InsecureRequestWarning: Unverified HTTPS request is being made to host 'randomuser.me'. Adding certificate verification is strongly advised. See: https://urllib3.readthedocs.io/en/latest/advanced-usage.html#tls-warnings
  warnings.warn(</msg>
<msg time="2024-06-27T19:13:46.176667" level="INFO">${response} = &lt;Response [200]&gt;</msg>
<var>${response}</var>
<arg>consultarAPI</arg>
<arg>/api</arg>
<doc>Sends a GET request on a previously created HTTP Session.</doc>
<status status="PASS" start="2024-06-27T19:13:46.080812" elapsed="0.095894"/>
</kw>
<kw name="Set Variable" owner="BuiltIn">
<msg time="2024-06-27T19:13:46.178143" level="INFO">${json_data} = {'results': [{'gender': 'female', 'name': {'title': 'Ms', 'first': 'Begüm', 'last': 'Arslanoğlu'}, 'location': {'street': {'number': 4976, 'name': 'Maçka Cd'}, 'city': 'Ankara', 'state': 'Sivas', 'cou...</msg>
<var>${json_data}</var>
<arg>${response.json()}</arg>
<doc>Returns the given values which can then be assigned to a variables.</doc>
<status status="PASS" start="2024-06-27T19:13:46.177484" elapsed="0.000691"/>
</kw>
<kw name="Log" owner="BuiltIn">
<msg time="2024-06-27T19:13:46.178703" level="INFO">{'results': [{'gender': 'female', 'name': {'title': 'Ms', 'first': 'Begüm', 'last': 'Arslanoğlu'}, 'location': {'street': {'number': 4976, 'name': 'Maçka Cd'}, 'city': 'Ankara', 'state': 'Sivas', 'country': 'Turkey', 'postcode': 34989, 'coordinates': {'latitude': '65.1936', 'longitude': '155.1560'}, 'timezone': {'offset': '+4:30', 'description': 'Kabul'}}, 'email': 'begum.arslanoglu@example.com', 'login': {'uuid': '21ca7b1b-4607-4c82-bd1b-f2985da38074', 'username': 'silverwolf224', 'password': 'abcdefg', 'salt': 'ybBXGkmZ', 'md5': '6ac4e56831b1d3ebcb4d3d51b109207d', 'sha1': 'c5544eb907cb84ac9ffe2776742dc43c08515942', 'sha256': 'aff2260abd58bfb63cdd964fd41891b9e09dd995c7faa61c335f0fff1e7a19c0'}, 'dob': {'date': '1979-12-24T11:07:27.354Z', 'age': 44}, 'registered': {'date': '2013-01-15T17:16:19.247Z', 'age': 11}, 'phone': '(862)-504-2662', 'cell': '(983)-406-9201', 'id': {'name': '', 'value': None}, 'picture': {'large': 'https://randomuser.me/api/portraits/women/31.jpg', 'medium': 'https://randomuser.me/api/portraits/med/women/31.jpg', 'thumbnail': 'https://randomuser.me/api/portraits/thumb/women/31.jpg'}, 'nat': 'TR'}], 'info': {'seed': '3ef934b29502ec2a', 'results': 1, 'page': 1, 'version': '1.4'}}</msg>
<arg>${json_data}</arg>
<doc>Logs the given message with the given level.</doc>
<status status="PASS" start="2024-06-27T19:13:46.178528" elapsed="0.000228"/>
</kw>
<kw name="Should Be Equal As Numbers" owner="BuiltIn">
<arg>${json_data['results'][0]['location']['postcode']}</arg>
<arg>${json_data['results'][0]['location']['postcode']}</arg>
<doc>Fails if objects are unequal after converting them to real numbers.</doc>
<status status="PASS" start="2024-06-27T19:13:46.179058" elapsed="0.000645"/>
</kw>
<kw name="Log" owner="BuiltIn">
<msg time="2024-06-27T19:13:46.180467" level="INFO">34989</msg>
<arg>${json_data['results'][0]['location']['postcode']}</arg>
<doc>Logs the given message with the given level.</doc>
<status status="PASS" start="2024-06-27T19:13:46.179897" elapsed="0.000612"/>
</kw>
<status status="PASS" start="2024-06-27T19:13:46.080579" elapsed="0.100224"/>
</kw>
<doc>Testa se os tipos de dados na resposta da API estão corretos.</doc>
<tag>testeTiposDados</tag>
<status status="PASS" start="2024-06-27T19:13:46.014661" elapsed="0.166316"/>
</test>
<test id="s1-s1-t5" name="Validar conteudo" line="35">
<kw name="Teste de Tipos de Conteudo" owner="random-user-service">
<kw name="GET On Session" owner="RequestsLibrary">
<msg time="2024-06-27T19:13:46.277132" level="INFO">GET Request : url=https://randomuser.me/api 
 path_url=/api 
 headers={'User-Agent': 'python-requests/2.32.3', 'Accept-Encoding': 'gzip, deflate', 'Accept': '*/*', 'Connection': 'keep-alive'} 
 body=None 
 </msg>
<msg time="2024-06-27T19:13:46.277249" level="INFO">GET Response : url=https://randomuser.me/api 
 status=200, reason=OK 
 headers={'Date': 'Thu, 27 Jun 2024 19:13:46 GMT', 'Content-Type': 'application/json; charset=utf-8', 'Transfer-Encoding': 'chunked', 'Connection': 'keep-alive', 'X-Powered-By': 'Express', 'Access-Control-Allow-Origin': '*', 'Cache-Control': 'no-cache', 'ETag': 'W/"482-0GNiIcTk1aeRwACCH5I7My92UwA"', 'Vary': 'Accept-Encoding', 'Content-Encoding': 'gzip', 'CF-Cache-Status': 'DYNAMIC', 'Report-To': '{"endpoints":[{"url":"https:\\/\\/a.nel.cloudflare.com\\/report\\/v4?s=T%2B%2FqSY7zkgzec%2FsPf%2BTJwrrZrxnlUK4kJcHNzuXFWEiUXTyM7u%2BaXrWAQQGJ9OOMYXl%2BHR2se%2Fn%2BZ3WhdZCe1yq8RJeP4aH4yVmkXvXy0t1PVXs5qJ5Jdzgl8x80jD9o"}],"group":"cf-nel","max_age":604800}', 'NEL': '{"success_fraction":0,"report_to":"cf-nel","max_age":604800}', 'Server': 'cloudflare', 'CF-RAY': '89a7c197aabd07b3-IAD', 'alt-svc': 'h3=":443"; ma=86400'} 
 body={"results":[{"gender":"female","name":{"title":"Miss","first":"Dyon","last":"De Palm"},"location":{"street":{"number":3878,"name":"Bij de Watertoren"},"city":"Deventer","state":"Drenthe","country":"Netherlands","postcode":"6711 ZY","coordinates":{"latitude":"32.4284","longitude":"26.1147"},"timezone":{"offset":"-9:00","description":"Alaska"}},"email":"dyon.depalm@example.com","login":{"uuid":"32116220-589a-486d-9db2-88c2b86d8684","username":"blackleopard575","password":"postman","salt":"HLQGAZv1","md5":"2667fc8ab71ef17f3f0e2abf318da47a","sha1":"de4e89a6f1cbaa910a05c02c6da3c82b7764783e","sha256":"93e9afea8976c05ebc769a7c7e20799d4417cf12d5d1015b3ec9bbc3acec39ee"},"dob":{"date":"1989-12-12T13:58:10.271Z","age":34},"registered":{"date":"2004-10-12T08:48:38.512Z","age":19},"phone":"(0381) 863480","cell":"(06) 31528129","id":{"name":"BSN","value":"86296550"},"picture":{"large":"https://randomuser.me/api/portraits/women/68.jpg","medium":"https://randomuser.me/api/portraits/med/women/68.jpg","thumbnail":"https://randomuser.me/api/portraits/thumb/women/68.jpg"},"nat":"NL"}],"info":{"seed":"162a4953d81fd629","results":1,"page":1,"version":"1.4"}} 
 </msg>
<msg time="2024-06-27T19:13:46.277336" level="INFO">/opt/hostedtoolcache/Python/3.12.4/x64/lib/python3.12/site-packages/urllib3/connectionpool.py:1099: InsecureRequestWarning: Unverified HTTPS request is being made to host 'randomuser.me'. Adding certificate verification is strongly advised. See: https://urllib3.readthedocs.io/en/latest/advanced-usage.html#tls-warnings
  warnings.warn(</msg>
<msg time="2024-06-27T19:13:46.277483" level="INFO">${response} = &lt;Response [200]&gt;</msg>
<var>${response}</var>
<arg>consultarAPI</arg>
<arg>/api</arg>
<doc>Sends a GET request on a previously created HTTP Session.</doc>
<status status="PASS" start="2024-06-27T19:13:46.183550" elapsed="0.093977"/>
</kw>
<kw name="Set Variable" owner="BuiltIn">
<msg time="2024-06-27T19:13:46.278761" level="INFO">${json_data} = {'results': [{'gender': 'female', 'name': {'title': 'Miss', 'first': 'Dyon', 'last': 'De Palm'}, 'location': {'street': {'number': 3878, 'name': 'Bij de Watertoren'}, 'city': 'Deventer', 'state': 'Dre...</msg>
<var>${json_data}</var>
<arg>${response.json()}</arg>
<doc>Returns the given values which can then be assigned to a variables.</doc>
<status status="PASS" start="2024-06-27T19:13:46.278167" elapsed="0.000623"/>
</kw>
<kw name="Set Variable" owner="BuiltIn">
<msg time="2024-06-27T19:13:46.279487" level="INFO">${name_title} = Miss</msg>
<var>${name_title}</var>
<arg>${json_data["results"][0]["name"]["title"]}</arg>
<doc>Returns the given values which can then be assigned to a variables.</doc>
<status status="PASS" start="2024-06-27T19:13:46.279099" elapsed="0.000414"/>
</kw>
<kw name="Create List" owner="BuiltIn">
<msg time="2024-06-27T19:13:46.279967" level="INFO">${allowed_titles} = ['Mr', 'Ms', 'Miss', 'Mrs', 'Madame', 'Monsieur']</msg>
<var>${allowed_titles}</var>
<arg>Mr</arg>
<arg>Ms</arg>
<arg>Miss</arg>
<arg>Mrs</arg>
<arg>Madame</arg>
<arg>Monsieur</arg>
<doc>Returns a list containing given items.</doc>
<status status="PASS" start="2024-06-27T19:13:46.279817" elapsed="0.000175"/>
</kw>
<kw name="List Should Contain Value" owner="Collections">
<arg>${allowed_titles}</arg>
<arg>${name_title}</arg>
<doc>Fails if the ``value`` is not found from ``list``.</doc>
<status status="PASS" start="2024-06-27T19:13:46.280331" elapsed="0.000213"/>
</kw>
<kw name="Set Variable" owner="BuiltIn">
<msg time="2024-06-27T19:13:46.281096" level="INFO">${name_country} = NL</msg>
<var>${name_country}</var>
<arg>${json_data["results"][0]["nat"]}</arg>
<doc>Returns the given values which can then be assigned to a variables.</doc>
<status status="PASS" start="2024-06-27T19:13:46.280726" elapsed="0.000395"/>
</kw>
<kw name="Create List" owner="BuiltIn">
<msg time="2024-06-27T19:13:46.282027" level="INFO">${list_country} = ['AD', 'AE', 'AF', 'AG', 'AI', 'AL', 'AM', 'AO', 'AQ', 'AR', 'AS', 'AT', 'AU', 'AW', 'AX', 'AZ', 'BA', 'BB', 'BD', 'BE', 'BF', 'BG', 'BH', 'BI', 'BJ', 'BL', 'BM', 'BN', 'BO', 'BQ', 'BR', 'BS', 'BT', '...</msg>
<var>${list_country}</var>
<arg>AD</arg>
<arg>AE</arg>
<arg>AF</arg>
<arg>AG</arg>
<arg>AI</arg>
<arg>AL</arg>
<arg>AM</arg>
<arg>AO</arg>
<arg>AQ</arg>
<arg>AR</arg>
<arg>AS</arg>
<arg>AT</arg>
<arg>AU</arg>
<arg>AW</arg>
<arg>AX</arg>
<arg>AZ</arg>
<arg>BA</arg>
<arg>BB</arg>
<arg>BD</arg>
<arg>BE</arg>
<arg>BF</arg>
<arg>BG</arg>
<arg>BH</arg>
<arg>BI</arg>
<arg>BJ</arg>
<arg>BL</arg>
<arg>BM</arg>
<arg>BN</arg>
<arg>BO</arg>
<arg>BQ</arg>
<arg>BR</arg>
<arg>BS</arg>
<arg>BT</arg>
<arg>BV</arg>
<arg>BW</arg>
<arg>BY</arg>
<arg>BZ</arg>
<arg>CA</arg>
<arg>CC</arg>
<arg>CD</arg>
<arg>CF</arg>
<arg>CG</arg>
<arg>CH</arg>
<arg>CI</arg>
<arg>CK</arg>
<arg>CL</arg>
<arg>CM</arg>
<arg>CN</arg>
<arg>CO</arg>
<arg>CR</arg>
<arg>CU</arg>
<arg>CV</arg>
<arg>CW</arg>
<arg>CX</arg>
<arg>CY</arg>
<arg>CZ</arg>
<arg>DE</arg>
<arg>DJ</arg>
<arg>DK</arg>
<arg>DM</arg>
<arg>DO</arg>
<arg>DZ</arg>
<arg>EC</arg>
<arg>EE</arg>
<arg>EG</arg>
<arg>EH</arg>
<arg>ER</arg>
<arg>ES</arg>
<arg>ET</arg>
<arg>FI</arg>
<arg>FJ</arg>
<arg>FK</arg>
<arg>FM</arg>
<arg>FO</arg>
<arg>FR</arg>
<arg>GA</arg>
<arg>GB</arg>
<arg>GD</arg>
<arg>GE</arg>
<arg>GF</arg>
<arg>GG</arg>
<arg>GH</arg>
<arg>GI</arg>
<arg>GL</arg>
<arg>GM</arg>
<arg>GN</arg>
<arg>GP</arg>
<arg>GQ</arg>
<arg>GR</arg>
<arg>GS</arg>
<arg>GT</arg>
<arg>GU</arg>
<arg>GW</arg>
<arg>GY</arg>
<arg>HK</arg>
<arg>HM</arg>
<arg>HN</arg>
<arg>HR</arg>
<arg>HT</arg>
<arg>HU</arg>
<arg>ID</arg>
<arg>IE</arg>
<arg>IL</arg>
<arg>IM</arg>
<arg>IN</arg>
<arg>IO</arg>
<arg>IQ</arg>
<arg>IR</arg>
<arg>IS</arg>
<arg>IT</arg>
<arg>JE</arg>
<arg>JM</arg>
<arg>JO</arg>
<arg>JP</arg>
<arg>KE</arg>
<arg>KG</arg>
<arg>KH</arg>
<arg>KI</arg>
<arg>KM</arg>
<arg>KN</arg>
<arg>KP</arg>
<arg>KR</arg>
<arg>KW</arg>
<arg>KY</arg>
<arg>KZ</arg>
<arg>LA</arg>
<arg>LB</arg>
<arg>LC</arg>
<arg>LI</arg>
<arg>LK</arg>
<arg>LR</arg>
<arg>LS</arg>
<arg>LT</arg>
<arg>LU</arg>
<arg>LV</arg>
<arg>LY</arg>
<arg>MA</arg>
<arg>MC</arg>
<arg>MD</arg>
<arg>ME</arg>
<arg>MF</arg>
<arg>MG</arg>
<arg>MH</arg>
<arg>MK</arg>
<arg>ML</arg>
<arg>MM</arg>
<arg>MN</arg>
<arg>MO</arg>
<arg>MP</arg>
<arg>MQ</arg>
<arg>MR</arg>
<arg>MS</arg>
<arg>MT</arg>
<arg>MU</arg>
<arg>MV</arg>
<arg>MW</arg>
<arg>MX</arg>
<arg>MY</arg>
<arg>MZ</arg>
<arg>NA</arg>
<arg>NC</arg>
<arg>NE</arg>
<arg>NF</arg>
<arg>NG</arg>
<arg>NI</arg>
<arg>NL</arg>
<arg>NO</arg>
<arg>NP</arg>
<arg>NR</arg>
<arg>NU</arg>
<arg>NZ</arg>
<arg>OM</arg>
<arg>PA</arg>
<arg>PE</arg>
<arg>PF</arg>
<arg>PG</arg>
<arg>PH</arg>
<arg>PK</arg>
<arg>PL</arg>
<arg>PM</arg>
<arg>PN</arg>
<arg>PR</arg>
<arg>PS</arg>
<arg>PT</arg>
<arg>PW</arg>
<arg>PY</arg>
<arg>QA</arg>
<arg>RE</arg>
<arg>RO</arg>
<arg>RS</arg>
<arg>RU</arg>
<arg>RW</arg>
<arg>SA</arg>
<arg>SB</arg>
<arg>SC</arg>
<arg>SD</arg>
<arg>SE</arg>
<arg>SG</arg>
<arg>SH</arg>
<arg>SI</arg>
<arg>SJ</arg>
<arg>SK</arg>
<arg>SL</arg>
<arg>SM</arg>
<arg>SN</arg>
<arg>SO</arg>
<arg>SR</arg>
<arg>SS</arg>
<arg>ST</arg>
<arg>SV</arg>
<arg>SX</arg>
<arg>SY</arg>
<arg>SZ</arg>
<arg>TC</arg>
<arg>TD</arg>
<arg>TF</arg>
<arg>TG</arg>
<arg>TH</arg>
<arg>TJ</arg>
<arg>TK</arg>
<arg>TL</arg>
<arg>TM</arg>
<arg>TN</arg>
<arg>TO</arg>
<arg>TR</arg>
<arg>TT</arg>
<arg>TV</arg>
<arg>TW</arg>
<arg>TZ</arg>
<arg>UA</arg>
<arg>UG</arg>
<arg>UM</arg>
<arg>US</arg>
<arg>UY</arg>
<arg>UZ</arg>
<arg>VA</arg>
<arg>VC</arg>
<arg>VE</arg>
<arg>VG</arg>
<arg>VI</arg>
<arg>VN</arg>
<arg>VU</arg>
<arg>WF</arg>
<arg>WS</arg>
<arg>XK</arg>
<arg>YE</arg>
<arg>YT</arg>
<arg>ZA</arg>
<arg>ZM</arg>
<arg>ZW</arg>
<doc>Returns a list containing given items.</doc>
<status status="PASS" start="2024-06-27T19:13:46.281423" elapsed="0.000629"/>
</kw>
<kw name="List Should Contain Value" owner="Collections">
<arg>${list_country}</arg>
<arg>${name_country}</arg>
<doc>Fails if the ``value`` is not found from ``list``.</doc>
<status status="PASS" start="2024-06-27T19:13:46.282866" elapsed="0.000205"/>
</kw>
<kw name="Run Keyword If" owner="BuiltIn">
<kw name="Should Be True" owner="BuiltIn">
<arg>${True}</arg>
<doc>Fails if the given condition is not true.</doc>
<status status="PASS" start="2024-06-27T19:13:46.284053" elapsed="0.000147"/>
</kw>
<arg>${json_data["results"][0]["location"]["coordinates"]["latitude"]} &gt;= -90 and ${json_data["results"][0]["location"]["coordinates"]["latitude"]} &lt;= 90</arg>
<arg>Should Be True</arg>
<arg>${True}</arg>
<doc>Runs the given keyword with the given arguments, if ``condition`` is true.</doc>
<status status="PASS" start="2024-06-27T19:13:46.283282" elapsed="0.001078"/>
</kw>
<kw name="Run Keyword If" owner="BuiltIn">
<kw name="Should Be True" owner="BuiltIn">
<arg>${True}</arg>
<doc>Fails if the given condition is not true.</doc>
<status status="PASS" start="2024-06-27T19:13:46.285256" elapsed="0.000270"/>
</kw>
<arg>${json_data["results"][0]["location"]["coordinates"]["longitude"]} &gt;= -180 and ${json_data["results"][0]["location"]["coordinates"]["longitude"]} &lt;= 180</arg>
<arg>Should Be True</arg>
<arg>${True}</arg>
<doc>Runs the given keyword with the given arguments, if ``condition`` is true.</doc>
<status status="PASS" start="2024-06-27T19:13:46.284543" elapsed="0.001115"/>
</kw>
<status status="PASS" start="2024-06-27T19:13:46.183320" elapsed="0.102476"/>
</kw>
<doc>Testa o conteúdo específico dos campos retornados pela API.</doc>
<tag>testeConteudo</tag>
<status status="PASS" start="2024-06-27T19:13:46.182763" elapsed="0.103201"/>
</test>
<status status="PASS" start="2024-06-27T19:13:45.325190" elapsed="0.962855"/>
</suite>
<status status="PASS" start="2024-06-27T19:13:45.309974" elapsed="0.983328"/>
</suite>
<statistics>
<total>
<stat pass="5" fail="0" skip="0">All Tests</stat>
</total>
<tag>
<stat pass="1" fail="0" skip="0">testeConteudo</stat>
<stat pass="1" fail="0" skip="0">testeEstruturaResposta</stat>
<stat pass="1" fail="0" skip="0">testeRequisicaoBasica</stat>
<stat pass="1" fail="0" skip="0">testeTiposDados</stat>
</tag>
<suite>
<stat pass="5" fail="0" skip="0" id="s1" name="Tests">Tests</stat>
<stat pass="5" fail="0" skip="0" id="s1-s1" name="Random-User-Test">Tests.Random-User-Test</stat>
</suite>
</statistics>
<errors>
</errors>
</robot>
