<?xml version="1.0" encoding="UTF-8"?>
<robot generator="Robot 7.0.1 (Python 3.12.4 on linux)" generated="2024-07-14T04:20:11.821372" rpa="false" schemaversion="5">
<suite id="s1" name="Tests" source="/home/runner/work/ApiRandomUser/ApiRandomUser/RamdonUser/tests">
<suite id="s1-s1" name="Random-User-Test" source="/home/runner/work/ApiRandomUser/ApiRandomUser/RamdonUser/tests/random-user-test.robot">
<test id="s1-s1-t1" name="Conectar" line="13">
<kw name="Conectar API" owner="random-user-service">
<kw name="Create Session" owner="RequestsLibrary">
<msg time="2024-07-14T04:20:12.235465" level="INFO">Creating Session using : alias=consultarAPI, url=https://randomuser.me/, headers={},                     cookies={}, auth=None, timeout=None, proxies=None, verify=False,                     debug=0 </msg>
<arg>consultarAPI</arg>
<arg>${URL}</arg>
<doc>Create Session: create a HTTP session to a server</doc>
<status status="PASS" start="2024-07-14T04:20:12.235267" elapsed="0.000395"/>
</kw>
<status status="PASS" start="2024-07-14T04:20:12.234326" elapsed="0.001688"/>
</kw>
<status status="PASS" start="2024-07-14T04:20:12.233804" elapsed="0.002399"/>
</test>
<test id="s1-s1-t2" name="Validar retorno 200 e JSON Válido" line="16">
<kw name="Teste de Requisicao Basica" owner="random-user-service">
<kw name="GET On Session" owner="RequestsLibrary">
<msg time="2024-07-14T04:20:12.320704" level="INFO">GET Request : url=https://randomuser.me/api 
 path_url=/api 
 headers={'User-Agent': 'python-requests/2.32.3', 'Accept-Encoding': 'gzip, deflate', 'Accept': '*/*', 'Connection': 'keep-alive'} 
 body=None 
 </msg>
<msg time="2024-07-14T04:20:12.320806" level="INFO">GET Response : url=https://randomuser.me/api 
 status=200, reason=OK 
 headers={'Date': 'Sun, 14 Jul 2024 04:20:12 GMT', 'Content-Type': 'application/json; charset=utf-8', 'Transfer-Encoding': 'chunked', 'Connection': 'keep-alive', 'X-Powered-By': 'Express', 'Access-Control-Allow-Origin': '*', 'Cache-Control': 'no-cache', 'ETag': 'W/"46e-6pRrmfedYhZ2iiU13N8fYaXZ4Ec"', 'Vary': 'Accept-Encoding', 'Content-Encoding': 'gzip', 'CF-Cache-Status': 'DYNAMIC', 'Report-To': '{"endpoints":[{"url":"https:\\/\\/a.nel.cloudflare.com\\/report\\/v4?s=wt2wWRpqSQOWvFTZIMU7Vd4upP8jy5veHp5y0Fzah2uY4%2Bw1%2B%2Bgxj1vJ1BA%2Fqp4nH4I0U3q4mL4FOBibH92bfQBNbRBec9UtIefU8dlpcHIrDBE3jhBN8Nmi5Wr64%2FhX"}],"group":"cf-nel","max_age":604800}', 'NEL': '{"success_fraction":0,"report_to":"cf-nel","max_age":604800}', 'Server': 'cloudflare', 'CF-RAY': '8a2eb808d8010812-IAD', 'alt-svc': 'h3=":443"; ma=86400'} 
 body={"results":[{"gender":"female","name":{"title":"Mrs","first":"Rosa","last":"Andersen"},"location":{"street":{"number":9546,"name":"Skansevej"},"city":"København N","state":"Danmark","country":"Denmark","postcode":46457,"coordinates":{"latitude":"-44.1870","longitude":"32.3045"},"timezone":{"offset":"-9:00","description":"Alaska"}},"email":"rosa.andersen@example.com","login":{"uuid":"c052fb61-66b2-4a07-ab05-8423cd5edecd","username":"greenlion364","password":"555666","salt":"zRiPbD3S","md5":"54456673997a02cea340a366ffc0382d","sha1":"918b9562b6bb755800d82b2436073ea8edc3950f","sha256":"26ec77d90aaa56cd00e4ba7cd0731bdc20afbd383542ebd97d78b56450e51d04"},"dob":{"date":"1954-08-27T23:54:36.030Z","age":69},"registered":{"date":"2006-04-08T09:14:03.405Z","age":18},"phone":"83989784","cell":"55575709","id":{"name":"CPR","value":"270854-8241"},"picture":{"large":"https://randomuser.me/api/portraits/women/76.jpg","medium":"https://randomuser.me/api/portraits/med/women/76.jpg","thumbnail":"https://randomuser.me/api/portraits/thumb/women/76.jpg"},"nat":"DK"}],"info":{"seed":"f46d833d37695167","results":1,"page":1,"version":"1.4"}} 
 </msg>
<msg time="2024-07-14T04:20:12.320880" level="INFO">/opt/hostedtoolcache/Python/3.12.4/x64/lib/python3.12/site-packages/urllib3/connectionpool.py:1099: InsecureRequestWarning: Unverified HTTPS request is being made to host 'randomuser.me'. Adding certificate verification is strongly advised. See: https://urllib3.readthedocs.io/en/latest/advanced-usage.html#tls-warnings
  warnings.warn(</msg>
<msg time="2024-07-14T04:20:12.320996" level="INFO">${response} = &lt;Response [200]&gt;</msg>
<var>${response}</var>
<arg>consultarAPI</arg>
<arg>/api</arg>
<doc>Sends a GET request on a previously created HTTP Session.</doc>
<status status="PASS" start="2024-07-14T04:20:12.238722" elapsed="0.082319"/>
</kw>
<kw name="Should Be Equal As Numbers" owner="BuiltIn">
<msg time="2024-07-14T04:20:12.321836" level="INFO">Argument types are:
&lt;class 'int'&gt;
&lt;class 'str'&gt;</msg>
<arg>${response.status_code}</arg>
<arg>200</arg>
<doc>Fails if objects are unequal after converting them to real numbers.</doc>
<status status="PASS" start="2024-07-14T04:20:12.321435" elapsed="0.000463"/>
</kw>
<kw name="Log" owner="BuiltIn">
<msg time="2024-07-14T04:20:12.322558" level="INFO">200</msg>
<arg>${response.status_code}</arg>
<doc>Logs the given message with the given level.</doc>
<status status="PASS" start="2024-07-14T04:20:12.322212" elapsed="0.000389"/>
</kw>
<kw name="Set Variable" owner="BuiltIn">
<msg time="2024-07-14T04:20:12.323340" level="INFO">${json_data} = {'results': [{'gender': 'female', 'name': {'title': 'Mrs', 'first': 'Rosa', 'last': 'Andersen'}, 'location': {'street': {'number': 9546, 'name': 'Skansevej'}, 'city': 'København N', 'state': 'Danmark'...</msg>
<var>${json_data}</var>
<arg>${response.json()}</arg>
<doc>Returns the given values which can then be assigned to a variables.</doc>
<status status="PASS" start="2024-07-14T04:20:12.322907" elapsed="0.000462"/>
</kw>
<kw name="Dictionary Should Contain Key" owner="Collections">
<arg>${json_data}</arg>
<arg>results</arg>
<doc>Fails if ``key`` is not found from ``dictionary``.</doc>
<status status="PASS" start="2024-07-14T04:20:12.323702" elapsed="0.000171"/>
</kw>
<status status="PASS" start="2024-07-14T04:20:12.238476" elapsed="0.085560"/>
</kw>
<doc>Testa se a API responde corretamente e retorna um objeto JSON válido.</doc>
<tag>testeRequisicaoBasica</tag>
<status status="PASS" start="2024-07-14T04:20:12.238029" elapsed="0.086171"/>
</test>
<test id="s1-s1-t3" name="Validar estrutura de resposta" line="22">
<kw name="Teste de Estrutura de Resposta" owner="random-user-service">
<kw name="GET On Session" owner="RequestsLibrary">
<msg time="2024-07-14T04:20:12.440239" level="INFO">GET Request : url=https://randomuser.me/api 
 path_url=/api 
 headers={'User-Agent': 'python-requests/2.32.3', 'Accept-Encoding': 'gzip, deflate', 'Accept': '*/*', 'Connection': 'keep-alive'} 
 body=None 
 </msg>
<msg time="2024-07-14T04:20:12.440327" level="INFO">GET Response : url=https://randomuser.me/api 
 status=200, reason=OK 
 headers={'Date': 'Sun, 14 Jul 2024 04:20:12 GMT', 'Content-Type': 'application/json; charset=utf-8', 'Transfer-Encoding': 'chunked', 'Connection': 'keep-alive', 'X-Powered-By': 'Express', 'Access-Control-Allow-Origin': '*', 'Cache-Control': 'no-cache', 'ETag': 'W/"495-svCvOaq564eotXVPtq8ijKIkgcc"', 'Vary': 'Accept-Encoding', 'Content-Encoding': 'gzip', 'CF-Cache-Status': 'DYNAMIC', 'Report-To': '{"endpoints":[{"url":"https:\\/\\/a.nel.cloudflare.com\\/report\\/v4?s=xXoJL9NWyYyA%2BxesvSx4QK%2BD9lZYJIU4HAtfLXEHfekEL4sKLn6cjRPhvkM84EaGFTn3lY1RZs1u5WnlsGg7EZC8SffMpslvcxmzzH2byil1NvceNw8sXefw3ZwEuInB"}],"group":"cf-nel","max_age":604800}', 'NEL': '{"success_fraction":0,"report_to":"cf-nel","max_age":604800}', 'Server': 'cloudflare', 'CF-RAY': '8a2eb80918490812-IAD', 'alt-svc': 'h3=":443"; ma=86400'} 
 body={"results":[{"gender":"female","name":{"title":"Mrs","first":"Linnea","last":"Haapala"},"location":{"street":{"number":9190,"name":"Visiokatu"},"city":"Tampere","state":"Kymenlaakso","country":"Finland","postcode":61308,"coordinates":{"latitude":"-22.8071","longitude":"162.3340"},"timezone":{"offset":"-7:00","description":"Mountain Time (US &amp; Canada)"}},"email":"linnea.haapala@example.com","login":{"uuid":"7183efd4-9c11-413c-91da-d107ab53e656","username":"purplesnake202","password":"spring","salt":"UfhflVfe","md5":"d7f9f4ee9adca25fee3411d1a05f27aa","sha1":"ba90a67651bea37fecf55885ecee5ee7673c12b8","sha256":"dd2b5da0bc52a95e467399affa39b32e1bd830f6ed1bac39a4e6e7f60fb45d37"},"dob":{"date":"1947-03-29T13:22:13.370Z","age":77},"registered":{"date":"2011-02-15T15:56:40.127Z","age":13},"phone":"07-328-433","cell":"046-942-31-54","id":{"name":"HETU","value":"NaNNA204undefined"},"picture":{"large":"https://randomuser.me/api/portraits/women/61.jpg","medium":"https://randomuser.me/api/portraits/med/women/61.jpg","thumbnail":"https://randomuser.me/api/portraits/thumb/women/61.jpg"},"nat":"FI"}],"info":{"seed":"69172da97fd2ceb9","results":1,"page":1,"version":"1.4"}} 
 </msg>
<msg time="2024-07-14T04:20:12.440450" level="INFO">/opt/hostedtoolcache/Python/3.12.4/x64/lib/python3.12/site-packages/urllib3/connectionpool.py:1099: InsecureRequestWarning: Unverified HTTPS request is being made to host 'randomuser.me'. Adding certificate verification is strongly advised. See: https://urllib3.readthedocs.io/en/latest/advanced-usage.html#tls-warnings
  warnings.warn(</msg>
<msg time="2024-07-14T04:20:12.440574" level="INFO">${response} = &lt;Response [200]&gt;</msg>
<var>${response}</var>
<arg>consultarAPI</arg>
<arg>/api</arg>
<doc>Sends a GET request on a previously created HTTP Session.</doc>
<status status="PASS" start="2024-07-14T04:20:12.327075" elapsed="0.113547"/>
</kw>
<kw name="Set Variable" owner="BuiltIn">
<msg time="2024-07-14T04:20:12.441463" level="INFO">${json_data} = {'results': [{'gender': 'female', 'name': {'title': 'Mrs', 'first': 'Linnea', 'last': 'Haapala'}, 'location': {'street': {'number': 9190, 'name': 'Visiokatu'}, 'city': 'Tampere', 'state': 'Kymenlaakso...</msg>
<var>${json_data}</var>
<arg>${response.json()}</arg>
<doc>Returns the given values which can then be assigned to a variables.</doc>
<status status="PASS" start="2024-07-14T04:20:12.441014" elapsed="0.000478"/>
</kw>
<kw name="Log" owner="BuiltIn">
<msg time="2024-07-14T04:20:12.441954" level="INFO">{'results': [{'gender': 'female', 'name': {'title': 'Mrs', 'first': 'Linnea', 'last': 'Haapala'}, 'location': {'street': {'number': 9190, 'name': 'Visiokatu'}, 'city': 'Tampere', 'state': 'Kymenlaakso', 'country': 'Finland', 'postcode': 61308, 'coordinates': {'latitude': '-22.8071', 'longitude': '162.3340'}, 'timezone': {'offset': '-7:00', 'description': 'Mountain Time (US &amp; Canada)'}}, 'email': 'linnea.haapala@example.com', 'login': {'uuid': '7183efd4-9c11-413c-91da-d107ab53e656', 'username': 'purplesnake202', 'password': 'spring', 'salt': 'UfhflVfe', 'md5': 'd7f9f4ee9adca25fee3411d1a05f27aa', 'sha1': 'ba90a67651bea37fecf55885ecee5ee7673c12b8', 'sha256': 'dd2b5da0bc52a95e467399affa39b32e1bd830f6ed1bac39a4e6e7f60fb45d37'}, 'dob': {'date': '1947-03-29T13:22:13.370Z', 'age': 77}, 'registered': {'date': '2011-02-15T15:56:40.127Z', 'age': 13}, 'phone': '07-328-433', 'cell': '046-942-31-54', 'id': {'name': 'HETU', 'value': 'NaNNA204undefined'}, 'picture': {'large': 'https://randomuser.me/api/portraits/women/61.jpg', 'medium': 'https://randomuser.me/api/portraits/med/women/61.jpg', 'thumbnail': 'https://randomuser.me/api/portraits/thumb/women/61.jpg'}, 'nat': 'FI'}], 'info': {'seed': '69172da97fd2ceb9', 'results': 1, 'page': 1, 'version': '1.4'}}</msg>
<arg>${json_data}</arg>
<doc>Logs the given message with the given level.</doc>
<status status="PASS" start="2024-07-14T04:20:12.441799" elapsed="0.000206"/>
</kw>
<kw name="Dictionary Should Contain Key" owner="Collections">
<arg>${json_data}</arg>
<arg>results</arg>
<doc>Fails if ``key`` is not found from ``dictionary``.</doc>
<status status="PASS" start="2024-07-14T04:20:12.442291" elapsed="0.000158"/>
</kw>
<kw name="Should Not Be Empty" owner="BuiltIn">
<msg time="2024-07-14T04:20:12.442758" level="INFO">Length is 2.</msg>
<arg>${json_data}</arg>
<doc>Verifies that the given item is not empty.</doc>
<status status="PASS" start="2024-07-14T04:20:12.442631" elapsed="0.000165"/>
</kw>
<kw name="Create List" owner="BuiltIn">
<msg time="2024-07-14T04:20:12.443351" level="INFO">${expected_keys} = ['gender', 'name', 'location', 'email', 'login']</msg>
<var>${expected_keys}</var>
<arg>gender</arg>
<arg>name</arg>
<arg>location</arg>
<arg>email</arg>
<arg>login</arg>
<doc>Returns a list containing given items.</doc>
<status status="PASS" start="2024-07-14T04:20:12.443081" elapsed="0.000296"/>
</kw>
<for flavor="IN">
<iter>
<kw name="Dictionary Should Contain Key" owner="Collections">
<arg>${json_data['results'][0]}</arg>
<arg>${key}</arg>
<doc>Fails if ``key`` is not found from ``dictionary``.</doc>
<status status="PASS" start="2024-07-14T04:20:12.443996" elapsed="0.000400"/>
</kw>
<kw name="Log" owner="BuiltIn">
<msg time="2024-07-14T04:20:12.444947" level="INFO">{'gender': 'female', 'name': {'title': 'Mrs', 'first': 'Linnea', 'last': 'Haapala'}, 'location': {'street': {'number': 9190, 'name': 'Visiokatu'}, 'city': 'Tampere', 'state': 'Kymenlaakso', 'country': 'Finland', 'postcode': 61308, 'coordinates': {'latitude': '-22.8071', 'longitude': '162.3340'}, 'timezone': {'offset': '-7:00', 'description': 'Mountain Time (US &amp; Canada)'}}, 'email': 'linnea.haapala@example.com', 'login': {'uuid': '7183efd4-9c11-413c-91da-d107ab53e656', 'username': 'purplesnake202', 'password': 'spring', 'salt': 'UfhflVfe', 'md5': 'd7f9f4ee9adca25fee3411d1a05f27aa', 'sha1': 'ba90a67651bea37fecf55885ecee5ee7673c12b8', 'sha256': 'dd2b5da0bc52a95e467399affa39b32e1bd830f6ed1bac39a4e6e7f60fb45d37'}, 'dob': {'date': '1947-03-29T13:22:13.370Z', 'age': 77}, 'registered': {'date': '2011-02-15T15:56:40.127Z', 'age': 13}, 'phone': '07-328-433', 'cell': '046-942-31-54', 'id': {'name': 'HETU', 'value': 'NaNNA204undefined'}, 'picture': {'large': 'https://randomuser.me/api/portraits/women/61.jpg', 'medium': 'https://randomuser.me/api/portraits/med/women/61.jpg', 'thumbnail': 'https://randomuser.me/api/portraits/thumb/women/61.jpg'}, 'nat': 'FI'}</msg>
<arg>${json_data['results'][0]}</arg>
<doc>Logs the given message with the given level.</doc>
<status status="PASS" start="2024-07-14T04:20:12.444586" elapsed="0.000413"/>
</kw>
<kw name="Log" owner="BuiltIn">
<msg time="2024-07-14T04:20:12.445430" level="INFO">gender</msg>
<arg>${key}</arg>
<doc>Logs the given message with the given level.</doc>
<status status="PASS" start="2024-07-14T04:20:12.445301" elapsed="0.000167"/>
</kw>
<var name="${key}">gender</var>
<status status="PASS" start="2024-07-14T04:20:12.443872" elapsed="0.001811"/>
</iter>
<iter>
<kw name="Dictionary Should Contain Key" owner="Collections">
<arg>${json_data['results'][0]}</arg>
<arg>${key}</arg>
<doc>Fails if ``key`` is not found from ``dictionary``.</doc>
<status status="PASS" start="2024-07-14T04:20:12.445988" elapsed="0.000392"/>
</kw>
<kw name="Log" owner="BuiltIn">
<msg time="2024-07-14T04:20:12.446934" level="INFO">{'gender': 'female', 'name': {'title': 'Mrs', 'first': 'Linnea', 'last': 'Haapala'}, 'location': {'street': {'number': 9190, 'name': 'Visiokatu'}, 'city': 'Tampere', 'state': 'Kymenlaakso', 'country': 'Finland', 'postcode': 61308, 'coordinates': {'latitude': '-22.8071', 'longitude': '162.3340'}, 'timezone': {'offset': '-7:00', 'description': 'Mountain Time (US &amp; Canada)'}}, 'email': 'linnea.haapala@example.com', 'login': {'uuid': '7183efd4-9c11-413c-91da-d107ab53e656', 'username': 'purplesnake202', 'password': 'spring', 'salt': 'UfhflVfe', 'md5': 'd7f9f4ee9adca25fee3411d1a05f27aa', 'sha1': 'ba90a67651bea37fecf55885ecee5ee7673c12b8', 'sha256': 'dd2b5da0bc52a95e467399affa39b32e1bd830f6ed1bac39a4e6e7f60fb45d37'}, 'dob': {'date': '1947-03-29T13:22:13.370Z', 'age': 77}, 'registered': {'date': '2011-02-15T15:56:40.127Z', 'age': 13}, 'phone': '07-328-433', 'cell': '046-942-31-54', 'id': {'name': 'HETU', 'value': 'NaNNA204undefined'}, 'picture': {'large': 'https://randomuser.me/api/portraits/women/61.jpg', 'medium': 'https://randomuser.me/api/portraits/med/women/61.jpg', 'thumbnail': 'https://randomuser.me/api/portraits/thumb/women/61.jpg'}, 'nat': 'FI'}</msg>
<arg>${json_data['results'][0]}</arg>
<doc>Logs the given message with the given level.</doc>
<status status="PASS" start="2024-07-14T04:20:12.446562" elapsed="0.000473"/>
</kw>
<kw name="Log" owner="BuiltIn">
<msg time="2024-07-14T04:20:12.447478" level="INFO">name</msg>
<arg>${key}</arg>
<doc>Logs the given message with the given level.</doc>
<status status="PASS" start="2024-07-14T04:20:12.447350" elapsed="0.000192"/>
</kw>
<var name="${key}">name</var>
<status status="PASS" start="2024-07-14T04:20:12.445868" elapsed="0.001921"/>
</iter>
<iter>
<kw name="Dictionary Should Contain Key" owner="Collections">
<arg>${json_data['results'][0]}</arg>
<arg>${key}</arg>
<doc>Fails if ``key`` is not found from ``dictionary``.</doc>
<status status="PASS" start="2024-07-14T04:20:12.448075" elapsed="0.000387"/>
</kw>
<kw name="Log" owner="BuiltIn">
<msg time="2024-07-14T04:20:12.448992" level="INFO">{'gender': 'female', 'name': {'title': 'Mrs', 'first': 'Linnea', 'last': 'Haapala'}, 'location': {'street': {'number': 9190, 'name': 'Visiokatu'}, 'city': 'Tampere', 'state': 'Kymenlaakso', 'country': 'Finland', 'postcode': 61308, 'coordinates': {'latitude': '-22.8071', 'longitude': '162.3340'}, 'timezone': {'offset': '-7:00', 'description': 'Mountain Time (US &amp; Canada)'}}, 'email': 'linnea.haapala@example.com', 'login': {'uuid': '7183efd4-9c11-413c-91da-d107ab53e656', 'username': 'purplesnake202', 'password': 'spring', 'salt': 'UfhflVfe', 'md5': 'd7f9f4ee9adca25fee3411d1a05f27aa', 'sha1': 'ba90a67651bea37fecf55885ecee5ee7673c12b8', 'sha256': 'dd2b5da0bc52a95e467399affa39b32e1bd830f6ed1bac39a4e6e7f60fb45d37'}, 'dob': {'date': '1947-03-29T13:22:13.370Z', 'age': 77}, 'registered': {'date': '2011-02-15T15:56:40.127Z', 'age': 13}, 'phone': '07-328-433', 'cell': '046-942-31-54', 'id': {'name': 'HETU', 'value': 'NaNNA204undefined'}, 'picture': {'large': 'https://randomuser.me/api/portraits/women/61.jpg', 'medium': 'https://randomuser.me/api/portraits/med/women/61.jpg', 'thumbnail': 'https://randomuser.me/api/portraits/thumb/women/61.jpg'}, 'nat': 'FI'}</msg>
<arg>${json_data['results'][0]}</arg>
<doc>Logs the given message with the given level.</doc>
<status status="PASS" start="2024-07-14T04:20:12.448646" elapsed="0.000396"/>
</kw>
<kw name="Log" owner="BuiltIn">
<msg time="2024-07-14T04:20:12.449464" level="INFO">location</msg>
<arg>${key}</arg>
<doc>Logs the given message with the given level.</doc>
<status status="PASS" start="2024-07-14T04:20:12.449338" elapsed="0.000163"/>
</kw>
<var name="${key}">location</var>
<status status="PASS" start="2024-07-14T04:20:12.447966" elapsed="0.001753"/>
</iter>
<iter>
<kw name="Dictionary Should Contain Key" owner="Collections">
<arg>${json_data['results'][0]}</arg>
<arg>${key}</arg>
<doc>Fails if ``key`` is not found from ``dictionary``.</doc>
<status status="PASS" start="2024-07-14T04:20:12.449999" elapsed="0.000391"/>
</kw>
<kw name="Log" owner="BuiltIn">
<msg time="2024-07-14T04:20:12.450926" level="INFO">{'gender': 'female', 'name': {'title': 'Mrs', 'first': 'Linnea', 'last': 'Haapala'}, 'location': {'street': {'number': 9190, 'name': 'Visiokatu'}, 'city': 'Tampere', 'state': 'Kymenlaakso', 'country': 'Finland', 'postcode': 61308, 'coordinates': {'latitude': '-22.8071', 'longitude': '162.3340'}, 'timezone': {'offset': '-7:00', 'description': 'Mountain Time (US &amp; Canada)'}}, 'email': 'linnea.haapala@example.com', 'login': {'uuid': '7183efd4-9c11-413c-91da-d107ab53e656', 'username': 'purplesnake202', 'password': 'spring', 'salt': 'UfhflVfe', 'md5': 'd7f9f4ee9adca25fee3411d1a05f27aa', 'sha1': 'ba90a67651bea37fecf55885ecee5ee7673c12b8', 'sha256': 'dd2b5da0bc52a95e467399affa39b32e1bd830f6ed1bac39a4e6e7f60fb45d37'}, 'dob': {'date': '1947-03-29T13:22:13.370Z', 'age': 77}, 'registered': {'date': '2011-02-15T15:56:40.127Z', 'age': 13}, 'phone': '07-328-433', 'cell': '046-942-31-54', 'id': {'name': 'HETU', 'value': 'NaNNA204undefined'}, 'picture': {'large': 'https://randomuser.me/api/portraits/women/61.jpg', 'medium': 'https://randomuser.me/api/portraits/med/women/61.jpg', 'thumbnail': 'https://randomuser.me/api/portraits/thumb/women/61.jpg'}, 'nat': 'FI'}</msg>
<arg>${json_data['results'][0]}</arg>
<doc>Logs the given message with the given level.</doc>
<status status="PASS" start="2024-07-14T04:20:12.450578" elapsed="0.000398"/>
</kw>
<kw name="Log" owner="BuiltIn">
<msg time="2024-07-14T04:20:12.451406" level="INFO">email</msg>
<arg>${key}</arg>
<doc>Logs the given message with the given level.</doc>
<status status="PASS" start="2024-07-14T04:20:12.451274" elapsed="0.000171"/>
</kw>
<var name="${key}">email</var>
<status status="PASS" start="2024-07-14T04:20:12.449890" elapsed="0.001796"/>
</iter>
<iter>
<kw name="Dictionary Should Contain Key" owner="Collections">
<arg>${json_data['results'][0]}</arg>
<arg>${key}</arg>
<doc>Fails if ``key`` is not found from ``dictionary``.</doc>
<status status="PASS" start="2024-07-14T04:20:12.451973" elapsed="0.000386"/>
</kw>
<kw name="Log" owner="BuiltIn">
<msg time="2024-07-14T04:20:12.452892" level="INFO">{'gender': 'female', 'name': {'title': 'Mrs', 'first': 'Linnea', 'last': 'Haapala'}, 'location': {'street': {'number': 9190, 'name': 'Visiokatu'}, 'city': 'Tampere', 'state': 'Kymenlaakso', 'country': 'Finland', 'postcode': 61308, 'coordinates': {'latitude': '-22.8071', 'longitude': '162.3340'}, 'timezone': {'offset': '-7:00', 'description': 'Mountain Time (US &amp; Canada)'}}, 'email': 'linnea.haapala@example.com', 'login': {'uuid': '7183efd4-9c11-413c-91da-d107ab53e656', 'username': 'purplesnake202', 'password': 'spring', 'salt': 'UfhflVfe', 'md5': 'd7f9f4ee9adca25fee3411d1a05f27aa', 'sha1': 'ba90a67651bea37fecf55885ecee5ee7673c12b8', 'sha256': 'dd2b5da0bc52a95e467399affa39b32e1bd830f6ed1bac39a4e6e7f60fb45d37'}, 'dob': {'date': '1947-03-29T13:22:13.370Z', 'age': 77}, 'registered': {'date': '2011-02-15T15:56:40.127Z', 'age': 13}, 'phone': '07-328-433', 'cell': '046-942-31-54', 'id': {'name': 'HETU', 'value': 'NaNNA204undefined'}, 'picture': {'large': 'https://randomuser.me/api/portraits/women/61.jpg', 'medium': 'https://randomuser.me/api/portraits/med/women/61.jpg', 'thumbnail': 'https://randomuser.me/api/portraits/thumb/women/61.jpg'}, 'nat': 'FI'}</msg>
<arg>${json_data['results'][0]}</arg>
<doc>Logs the given message with the given level.</doc>
<status status="PASS" start="2024-07-14T04:20:12.452541" elapsed="0.000402"/>
</kw>
<kw name="Log" owner="BuiltIn">
<msg time="2024-07-14T04:20:12.453357" level="INFO">login</msg>
<arg>${key}</arg>
<doc>Logs the given message with the given level.</doc>
<status status="PASS" start="2024-07-14T04:20:12.453232" elapsed="0.000162"/>
</kw>
<var name="${key}">login</var>
<status status="PASS" start="2024-07-14T04:20:12.451858" elapsed="0.001747"/>
</iter>
<var>${key}</var>
<value>@{expected_keys}</value>
<status status="PASS" start="2024-07-14T04:20:12.443685" elapsed="0.010039"/>
</for>
<kw name="Create List" owner="BuiltIn">
<msg time="2024-07-14T04:20:12.454085" level="INFO">${expected_keysTwo} = ['username', 'password']</msg>
<var>${expected_keysTwo}</var>
<arg>username</arg>
<arg>password</arg>
<doc>Returns a list containing given items.</doc>
<status status="PASS" start="2024-07-14T04:20:12.453912" elapsed="0.000199"/>
</kw>
<for flavor="IN">
<iter>
<kw name="Dictionary Should Contain Key" owner="Collections">
<arg>${json_data['results'][0]['login']}</arg>
<arg>${keyTwo}</arg>
<doc>Fails if ``key`` is not found from ``dictionary``.</doc>
<status status="PASS" start="2024-07-14T04:20:12.454599" elapsed="0.000381"/>
</kw>
<kw name="Dictionary Should Contain Key" owner="Collections">
<arg>${json_data['results'][0]['login']}</arg>
<arg>${keyTwo}</arg>
<doc>Fails if ``key`` is not found from ``dictionary``.</doc>
<status status="PASS" start="2024-07-14T04:20:12.455160" elapsed="0.000393"/>
</kw>
<kw name="Log" owner="BuiltIn">
<msg time="2024-07-14T04:20:12.455862" level="INFO">username</msg>
<arg>${keyTwo}</arg>
<doc>Logs the given message with the given level.</doc>
<status status="PASS" start="2024-07-14T04:20:12.455744" elapsed="0.000155"/>
</kw>
<var name="${keyTwo}">username</var>
<status status="PASS" start="2024-07-14T04:20:12.454492" elapsed="0.001624"/>
</iter>
<iter>
<kw name="Dictionary Should Contain Key" owner="Collections">
<arg>${json_data['results'][0]['login']}</arg>
<arg>${keyTwo}</arg>
<doc>Fails if ``key`` is not found from ``dictionary``.</doc>
<status status="PASS" start="2024-07-14T04:20:12.456392" elapsed="0.000387"/>
</kw>
<kw name="Dictionary Should Contain Key" owner="Collections">
<arg>${json_data['results'][0]['login']}</arg>
<arg>${keyTwo}</arg>
<doc>Fails if ``key`` is not found from ``dictionary``.</doc>
<status status="PASS" start="2024-07-14T04:20:12.456959" elapsed="0.000363"/>
</kw>
<kw name="Log" owner="BuiltIn">
<msg time="2024-07-14T04:20:12.457615" level="INFO">password</msg>
<arg>${keyTwo}</arg>
<doc>Logs the given message with the given level.</doc>
<status status="PASS" start="2024-07-14T04:20:12.457498" elapsed="0.000159"/>
</kw>
<var name="${keyTwo}">password</var>
<status status="PASS" start="2024-07-14T04:20:12.456286" elapsed="0.001677"/>
</iter>
<var>${keyTwo}</var>
<value>@{expected_keysTwo}</value>
<status status="PASS" start="2024-07-14T04:20:12.454344" elapsed="0.003741"/>
</for>
<status status="PASS" start="2024-07-14T04:20:12.326747" elapsed="0.131476"/>
</kw>
<doc>Testa a estrutura da resposta da API.</doc>
<tag>testeEstruturaResposta</tag>
<status status="PASS" start="2024-07-14T04:20:12.326008" elapsed="0.132357"/>
</test>
<test id="s1-s1-t4" name="Validar tipos de dados" line="28">
<kw name="Teste de Tipos de Dados" owner="random-user-service">
<kw name="GET On Session" owner="RequestsLibrary">
<msg time="2024-07-14T04:20:12.524369" level="INFO">GET Request : url=https://randomuser.me/api 
 path_url=/api 
 headers={'User-Agent': 'python-requests/2.32.3', 'Accept-Encoding': 'gzip, deflate', 'Accept': '*/*', 'Connection': 'keep-alive'} 
 body=None 
 </msg>
<msg time="2024-07-14T04:20:12.524444" level="INFO">GET Response : url=https://randomuser.me/api 
 status=200, reason=OK 
 headers={'Date': 'Sun, 14 Jul 2024 04:20:12 GMT', 'Content-Type': 'application/json; charset=utf-8', 'Transfer-Encoding': 'chunked', 'Connection': 'keep-alive', 'X-Powered-By': 'Express', 'Access-Control-Allow-Origin': '*', 'Cache-Control': 'no-cache', 'ETag': 'W/"484-bKfZg7rmFaCxpHvcYq/WhqRCErg"', 'Vary': 'Accept-Encoding', 'Content-Encoding': 'gzip', 'CF-Cache-Status': 'DYNAMIC', 'Report-To': '{"endpoints":[{"url":"https:\\/\\/a.nel.cloudflare.com\\/report\\/v4?s=%2BtRJ9V1%2Bl9oU8SnaV8uS7F0s3%2FnKGZUrMezkTovtl12mGZufzczJKr3hhahAer1EoJu8O8SRgyvIqPEdWUcrY0KSiJlSTZBuEt2LauQwTDJ6pBoXXV1435%2Fcv1DXuNim"}],"group":"cf-nel","max_age":604800}', 'NEL': '{"success_fraction":0,"report_to":"cf-nel","max_age":604800}', 'Server': 'cloudflare', 'CF-RAY': '8a2eb809e93e0812-IAD', 'alt-svc': 'h3=":443"; ma=86400'} 
 body={"results":[{"gender":"female","name":{"title":"Ms","first":"Leah","last":"Edwards"},"location":{"street":{"number":9992,"name":"Madras Street"},"city":"Auckland","state":"Hawke'S Bay","country":"New Zealand","postcode":48857,"coordinates":{"latitude":"51.8200","longitude":"120.6875"},"timezone":{"offset":"-11:00","description":"Midway Island, Samoa"}},"email":"leah.edwards@example.com","login":{"uuid":"82c0f704-6800-43e4-9c2f-1fe7129bd9a2","username":"yellowbutterfly959","password":"br549","salt":"Fddn5s1V","md5":"dee4f6eb1dfd79171890de52a5d3c7c3","sha1":"1368bc41067f3073128ab48bfddfda709c6dba9e","sha256":"d39e56192d496266018998cfad36352e211fa8b8c2e9baab9c408a133e8f559f"},"dob":{"date":"1996-12-18T01:24:04.514Z","age":27},"registered":{"date":"2011-07-30T22:17:51.287Z","age":12},"phone":"(157)-866-1546","cell":"(336)-109-0541","id":{"name":"","value":null},"picture":{"large":"https://randomuser.me/api/portraits/women/8.jpg","medium":"https://randomuser.me/api/portraits/med/women/8.jpg","thumbnail":"https://randomuser.me/api/portraits/thumb/women/8.jpg"},"nat":"NZ"}],"info":{"seed":"991479e404a4ed2e","results":1,"page":1,"version":"1.4"}} 
 </msg>
<msg time="2024-07-14T04:20:12.524509" level="INFO">/opt/hostedtoolcache/Python/3.12.4/x64/lib/python3.12/site-packages/urllib3/connectionpool.py:1099: InsecureRequestWarning: Unverified HTTPS request is being made to host 'randomuser.me'. Adding certificate verification is strongly advised. See: https://urllib3.readthedocs.io/en/latest/advanced-usage.html#tls-warnings
  warnings.warn(</msg>
<msg time="2024-07-14T04:20:12.524609" level="INFO">${response} = &lt;Response [200]&gt;</msg>
<var>${response}</var>
<arg>consultarAPI</arg>
<arg>/api</arg>
<doc>Sends a GET request on a previously created HTTP Session.</doc>
<status status="PASS" start="2024-07-14T04:20:12.460752" elapsed="0.063897"/>
</kw>
<kw name="Set Variable" owner="BuiltIn">
<msg time="2024-07-14T04:20:12.525491" level="INFO">${json_data} = {'results': [{'gender': 'female', 'name': {'title': 'Ms', 'first': 'Leah', 'last': 'Edwards'}, 'location': {'street': {'number': 9992, 'name': 'Madras Street'}, 'city': 'Auckland', 'state': "Hawke'S B...</msg>
<var>${json_data}</var>
<arg>${response.json()}</arg>
<doc>Returns the given values which can then be assigned to a variables.</doc>
<status status="PASS" start="2024-07-14T04:20:12.525047" elapsed="0.000473"/>
</kw>
<kw name="Log" owner="BuiltIn">
<msg time="2024-07-14T04:20:12.525961" level="INFO">{'results': [{'gender': 'female', 'name': {'title': 'Ms', 'first': 'Leah', 'last': 'Edwards'}, 'location': {'street': {'number': 9992, 'name': 'Madras Street'}, 'city': 'Auckland', 'state': "Hawke'S Bay", 'country': 'New Zealand', 'postcode': 48857, 'coordinates': {'latitude': '51.8200', 'longitude': '120.6875'}, 'timezone': {'offset': '-11:00', 'description': 'Midway Island, Samoa'}}, 'email': 'leah.edwards@example.com', 'login': {'uuid': '82c0f704-6800-43e4-9c2f-1fe7129bd9a2', 'username': 'yellowbutterfly959', 'password': 'br549', 'salt': 'Fddn5s1V', 'md5': 'dee4f6eb1dfd79171890de52a5d3c7c3', 'sha1': '1368bc41067f3073128ab48bfddfda709c6dba9e', 'sha256': 'd39e56192d496266018998cfad36352e211fa8b8c2e9baab9c408a133e8f559f'}, 'dob': {'date': '1996-12-18T01:24:04.514Z', 'age': 27}, 'registered': {'date': '2011-07-30T22:17:51.287Z', 'age': 12}, 'phone': '(157)-866-1546', 'cell': '(336)-109-0541', 'id': {'name': '', 'value': None}, 'picture': {'large': 'https://randomuser.me/api/portraits/women/8.jpg', 'medium': 'https://randomuser.me/api/portraits/med/women/8.jpg', 'thumbnail': 'https://randomuser.me/api/portraits/thumb/women/8.jpg'}, 'nat': 'NZ'}], 'info': {'seed': '991479e404a4ed2e', 'results': 1, 'page': 1, 'version': '1.4'}}</msg>
<arg>${json_data}</arg>
<doc>Logs the given message with the given level.</doc>
<status status="PASS" start="2024-07-14T04:20:12.525814" elapsed="0.000213"/>
</kw>
<kw name="Should Be String" owner="String">
<arg>${json_data['results'][0]['gender']}</arg>
<doc>Fails if the given ``item`` is not a string.</doc>
<status status="PASS" start="2024-07-14T04:20:12.526319" elapsed="0.000354"/>
</kw>
<kw name="Should Match Regexp" owner="BuiltIn">
<arg>${json_data['results'][0]['email']}</arg>
<arg>^[a-zA-Z0-9._%+-]+@[a-zA-Z0-9.-]+\.[a-zA-Z]{2,}$</arg>
<doc>Fails if ``string`` does not match ``pattern`` as a regular expression.</doc>
<status status="PASS" start="2024-07-14T04:20:12.526858" elapsed="0.000490"/>
</kw>
<kw name="Should Match Regexp" owner="BuiltIn">
<arg>${json_data['results'][0]['dob']['date']}</arg>
<arg>\\d{4}-\\d{2}-\\d{2}T\\d{2}:\\d{2}:\\d{2}\\.\\d{3}Z</arg>
<doc>Fails if ``string`` does not match ``pattern`` as a regular expression.</doc>
<status status="PASS" start="2024-07-14T04:20:12.527613" elapsed="0.000487"/>
</kw>
<kw name="Should Match Regexp" owner="BuiltIn">
<arg>${json_data['results'][0]['registered']['date']}</arg>
<arg>\\d{4}-\\d{2}-\\d{2}T\\d{2}:\\d{2}:\\d{2}\\.\\d{3}Z</arg>
<doc>Fails if ``string`` does not match ``pattern`` as a regular expression.</doc>
<status status="PASS" start="2024-07-14T04:20:12.528289" elapsed="0.000360"/>
</kw>
<kw name="Should Match Regexp" owner="BuiltIn">
<arg>${json_data['results'][0]['picture']['large']}</arg>
<arg>^https?://.*\.(?:png|jpe?g|gif|bmp)$</arg>
<doc>Fails if ``string`` does not match ``pattern`` as a regular expression.</doc>
<status status="PASS" start="2024-07-14T04:20:12.528832" elapsed="0.000449"/>
</kw>
<kw name="Should Match Regexp" owner="BuiltIn">
<arg>${json_data['results'][0]['picture']['medium']}</arg>
<arg>^https?://.*\.(?:png|jpe?g|gif|bmp)$</arg>
<doc>Fails if ``string`` does not match ``pattern`` as a regular expression.</doc>
<status status="PASS" start="2024-07-14T04:20:12.529466" elapsed="0.000344"/>
</kw>
<kw name="Should Match Regexp" owner="BuiltIn">
<arg>${json_data['results'][0]['picture']['thumbnail']}</arg>
<arg>^https?://.*\.(?:png|jpe?g|gif|bmp)$</arg>
<doc>Fails if ``string`` does not match ``pattern`` as a regular expression.</doc>
<status status="PASS" start="2024-07-14T04:20:12.529991" elapsed="0.000342"/>
</kw>
<kw name="Log" owner="BuiltIn">
<msg time="2024-07-14T04:20:12.530849" level="INFO">{'large': 'https://randomuser.me/api/portraits/women/8.jpg', 'medium': 'https://randomuser.me/api/portraits/med/women/8.jpg', 'thumbnail': 'https://randomuser.me/api/portraits/thumb/women/8.jpg'}</msg>
<arg>${json_data['results'][0]['picture']}</arg>
<doc>Logs the given message with the given level.</doc>
<status status="PASS" start="2024-07-14T04:20:12.530515" elapsed="0.000378"/>
</kw>
<status status="PASS" start="2024-07-14T04:20:12.460539" elapsed="0.070602"/>
</kw>
<kw name="Teste de Tipos de Dados - Postcode" owner="random-user-service">
<kw name="GET On Session" owner="RequestsLibrary">
<msg time="2024-07-14T04:20:12.621738" level="INFO">GET Request : url=https://randomuser.me/api 
 path_url=/api 
 headers={'User-Agent': 'python-requests/2.32.3', 'Accept-Encoding': 'gzip, deflate', 'Accept': '*/*', 'Connection': 'keep-alive'} 
 body=None 
 </msg>
<msg time="2024-07-14T04:20:12.621814" level="INFO">GET Response : url=https://randomuser.me/api 
 status=200, reason=OK 
 headers={'Date': 'Sun, 14 Jul 2024 04:20:12 GMT', 'Content-Type': 'application/json; charset=utf-8', 'Transfer-Encoding': 'chunked', 'Connection': 'keep-alive', 'X-Powered-By': 'Express', 'Access-Control-Allow-Origin': '*', 'Cache-Control': 'no-cache', 'ETag': 'W/"499-LvO4/lZ+b6cPfw4ZQZbRC2Jviec"', 'Vary': 'Accept-Encoding', 'Content-Encoding': 'gzip', 'CF-Cache-Status': 'DYNAMIC', 'Report-To': '{"endpoints":[{"url":"https:\\/\\/a.nel.cloudflare.com\\/report\\/v4?s=1VfAj7v1Ps7JQavf2276ewptSUIWTzMfONrn8s%2FWYnkOfhFACRZvVn42edyGQvI64Ejtu7s8dJRM3x%2Bfurqwu2lHw5Uv2ytBIHMNbfGUnhGGzoxXJVfrh5ya6Y8z1fLt"}],"group":"cf-nel","max_age":604800}', 'NEL': '{"success_fraction":0,"report_to":"cf-nel","max_age":604800}', 'Server': 'cloudflare', 'CF-RAY': '8a2eb80a59da0812-IAD', 'alt-svc': 'h3=":443"; ma=86400'} 
 body={"results":[{"gender":"female","name":{"title":"Ms","first":"Natalia","last":"Caballero"},"location":{"street":{"number":7503,"name":"Calle de Ángel García"},"city":"San Sebastián","state":"Andalucía","country":"Spain","postcode":56097,"coordinates":{"latitude":"-33.3761","longitude":"169.1953"},"timezone":{"offset":"+6:00","description":"Almaty, Dhaka, Colombo"}},"email":"natalia.caballero@example.com","login":{"uuid":"b1eccbb0-8e35-467d-8933-c09bbc675ed5","username":"bluesnake139","password":"club","salt":"3ovzDYWJ","md5":"7d29bf3f6652d024b40c4a4e0d7cf1d2","sha1":"8349a4adc65bf520e4035c0ae5e1eb7ddc19df16","sha256":"5ba53241be489b4df1853d9112d09fd7739bc2917447430c2f45770c8719305c"},"dob":{"date":"1977-05-12T17:56:50.942Z","age":47},"registered":{"date":"2016-10-30T18:09:54.590Z","age":7},"phone":"973-439-830","cell":"673-906-743","id":{"name":"DNI","value":"47135284-N"},"picture":{"large":"https://randomuser.me/api/portraits/women/67.jpg","medium":"https://randomuser.me/api/portraits/med/women/67.jpg","thumbnail":"https://randomuser.me/api/portraits/thumb/women/67.jpg"},"nat":"ES"}],"info":{"seed":"cc4e95d0c90c2ff7","results":1,"page":1,"version":"1.4"}} 
 </msg>
<msg time="2024-07-14T04:20:12.621885" level="INFO">/opt/hostedtoolcache/Python/3.12.4/x64/lib/python3.12/site-packages/urllib3/connectionpool.py:1099: InsecureRequestWarning: Unverified HTTPS request is being made to host 'randomuser.me'. Adding certificate verification is strongly advised. See: https://urllib3.readthedocs.io/en/latest/advanced-usage.html#tls-warnings
  warnings.warn(</msg>
<msg time="2024-07-14T04:20:12.621986" level="INFO">${response} = &lt;Response [200]&gt;</msg>
<var>${response}</var>
<arg>consultarAPI</arg>
<arg>/api</arg>
<doc>Sends a GET request on a previously created HTTP Session.</doc>
<status status="PASS" start="2024-07-14T04:20:12.531582" elapsed="0.090445"/>
</kw>
<kw name="Set Variable" owner="BuiltIn">
<msg time="2024-07-14T04:20:12.622835" level="INFO">${json_data} = {'results': [{'gender': 'female', 'name': {'title': 'Ms', 'first': 'Natalia', 'last': 'Caballero'}, 'location': {'street': {'number': 7503, 'name': 'Calle de Ángel García'}, 'city': 'San Sebastián', '...</msg>
<var>${json_data}</var>
<arg>${response.json()}</arg>
<doc>Returns the given values which can then be assigned to a variables.</doc>
<status status="PASS" start="2024-07-14T04:20:12.622394" elapsed="0.000470"/>
</kw>
<kw name="Log" owner="BuiltIn">
<msg time="2024-07-14T04:20:12.623320" level="INFO">{'results': [{'gender': 'female', 'name': {'title': 'Ms', 'first': 'Natalia', 'last': 'Caballero'}, 'location': {'street': {'number': 7503, 'name': 'Calle de Ángel García'}, 'city': 'San Sebastián', 'state': 'Andalucía', 'country': 'Spain', 'postcode': 56097, 'coordinates': {'latitude': '-33.3761', 'longitude': '169.1953'}, 'timezone': {'offset': '+6:00', 'description': 'Almaty, Dhaka, Colombo'}}, 'email': 'natalia.caballero@example.com', 'login': {'uuid': 'b1eccbb0-8e35-467d-8933-c09bbc675ed5', 'username': 'bluesnake139', 'password': 'club', 'salt': '3ovzDYWJ', 'md5': '7d29bf3f6652d024b40c4a4e0d7cf1d2', 'sha1': '8349a4adc65bf520e4035c0ae5e1eb7ddc19df16', 'sha256': '5ba53241be489b4df1853d9112d09fd7739bc2917447430c2f45770c8719305c'}, 'dob': {'date': '1977-05-12T17:56:50.942Z', 'age': 47}, 'registered': {'date': '2016-10-30T18:09:54.590Z', 'age': 7}, 'phone': '973-439-830', 'cell': '673-906-743', 'id': {'name': 'DNI', 'value': '47135284-N'}, 'picture': {'large': 'https://randomuser.me/api/portraits/women/67.jpg', 'medium': 'https://randomuser.me/api/portraits/med/women/67.jpg', 'thumbnail': 'https://randomuser.me/api/portraits/thumb/women/67.jpg'}, 'nat': 'ES'}], 'info': {'seed': 'cc4e95d0c90c2ff7', 'results': 1, 'page': 1, 'version': '1.4'}}</msg>
<arg>${json_data}</arg>
<doc>Logs the given message with the given level.</doc>
<status status="PASS" start="2024-07-14T04:20:12.623165" elapsed="0.000204"/>
</kw>
<kw name="Should Be Equal As Numbers" owner="BuiltIn">
<arg>${json_data['results'][0]['location']['postcode']}</arg>
<arg>${json_data['results'][0]['location']['postcode']}</arg>
<doc>Fails if objects are unequal after converting them to real numbers.</doc>
<status status="PASS" start="2024-07-14T04:20:12.623699" elapsed="0.000618"/>
</kw>
<kw name="Log" owner="BuiltIn">
<msg time="2024-07-14T04:20:12.624960" level="INFO">56097</msg>
<arg>${json_data['results'][0]['location']['postcode']}</arg>
<doc>Logs the given message with the given level.</doc>
<status status="PASS" start="2024-07-14T04:20:12.624505" elapsed="0.000498"/>
</kw>
<status status="PASS" start="2024-07-14T04:20:12.531346" elapsed="0.093932"/>
</kw>
<doc>Testa se os tipos de dados na resposta da API estão corretos.</doc>
<tag>testeTiposDados</tag>
<status status="PASS" start="2024-07-14T04:20:12.460115" elapsed="0.165320"/>
</test>
<test id="s1-s1-t5" name="Validar conteudo" line="35">
<kw name="Teste de Tipos de Conteudo" owner="random-user-service">
<kw name="GET On Session" owner="RequestsLibrary">
<msg time="2024-07-14T04:20:12.720721" level="INFO">GET Request : url=https://randomuser.me/api 
 path_url=/api 
 headers={'User-Agent': 'python-requests/2.32.3', 'Accept-Encoding': 'gzip, deflate', 'Accept': '*/*', 'Connection': 'keep-alive'} 
 body=None 
 </msg>
<msg time="2024-07-14T04:20:12.720786" level="INFO">GET Response : url=https://randomuser.me/api 
 status=200, reason=OK 
 headers={'Date': 'Sun, 14 Jul 2024 04:20:12 GMT', 'Content-Type': 'application/json; charset=utf-8', 'Transfer-Encoding': 'chunked', 'Connection': 'keep-alive', 'X-Powered-By': 'Express', 'Access-Control-Allow-Origin': '*', 'Cache-Control': 'no-cache', 'ETag': 'W/"488-PG4paSiFxZb8hp1YRw0ebpNG8Xc"', 'Vary': 'Accept-Encoding', 'Content-Encoding': 'gzip', 'CF-Cache-Status': 'DYNAMIC', 'Report-To': '{"endpoints":[{"url":"https:\\/\\/a.nel.cloudflare.com\\/report\\/v4?s=uwm55%2BOvOrcVBboF9t2fT0adT9G9lbncGaXdjytC8B2qjtRxsI6FVvWvFFLnCfPMIXy%2BWK2utjYze2w5eIPyGxoGPUloyGN0%2FKR5NYL3R15vPNNLnOQco0RxUZgfROMw"}],"group":"cf-nel","max_age":604800}', 'NEL': '{"success_fraction":0,"report_to":"cf-nel","max_age":604800}', 'Server': 'cloudflare', 'CF-RAY': '8a2eb80afaad0812-IAD', 'alt-svc': 'h3=":443"; ma=86400'} 
 body={"results":[{"gender":"male","name":{"title":"Mr","first":"Carlos","last":"Davidson"},"location":{"street":{"number":2111,"name":"Main Street"},"city":"Bath","state":"Lancashire","country":"United Kingdom","postcode":"AH13 6NZ","coordinates":{"latitude":"-8.6204","longitude":"-94.7942"},"timezone":{"offset":"-11:00","description":"Midway Island, Samoa"}},"email":"carlos.davidson@example.com","login":{"uuid":"2303608d-784f-4a0b-a112-39be73583494","username":"bigcat294","password":"animal","salt":"CFp0PcS6","md5":"15ce9dbf1582e8a48d4504407c8a5701","sha1":"88909a4d4bddedbbe40fdc02f7dfb78428e4f664","sha256":"86d2e1264aece62f81c19421bc4e08789dbf0a8f96f1821d879b264a95ad942d"},"dob":{"date":"1977-02-22T05:21:10.767Z","age":47},"registered":{"date":"2016-03-11T15:13:14.752Z","age":8},"phone":"017684 86449","cell":"07055 386313","id":{"name":"NINO","value":"HH 99 05 86 J"},"picture":{"large":"https://randomuser.me/api/portraits/men/93.jpg","medium":"https://randomuser.me/api/portraits/med/men/93.jpg","thumbnail":"https://randomuser.me/api/portraits/thumb/men/93.jpg"},"nat":"GB"}],"info":{"seed":"1c456d35ad9fe61e","results":1,"page":1,"version":"1.4"}} 
 </msg>
<msg time="2024-07-14T04:20:12.720840" level="INFO">/opt/hostedtoolcache/Python/3.12.4/x64/lib/python3.12/site-packages/urllib3/connectionpool.py:1099: InsecureRequestWarning: Unverified HTTPS request is being made to host 'randomuser.me'. Adding certificate verification is strongly advised. See: https://urllib3.readthedocs.io/en/latest/advanced-usage.html#tls-warnings
  warnings.warn(</msg>
<msg time="2024-07-14T04:20:12.720933" level="INFO">${response} = &lt;Response [200]&gt;</msg>
<var>${response}</var>
<arg>consultarAPI</arg>
<arg>/api</arg>
<doc>Sends a GET request on a previously created HTTP Session.</doc>
<status status="PASS" start="2024-07-14T04:20:12.627798" elapsed="0.093159"/>
</kw>
<kw name="Set Variable" owner="BuiltIn">
<msg time="2024-07-14T04:20:12.721766" level="INFO">${json_data} = {'results': [{'gender': 'male', 'name': {'title': 'Mr', 'first': 'Carlos', 'last': 'Davidson'}, 'location': {'street': {'number': 2111, 'name': 'Main Street'}, 'city': 'Bath', 'state': 'Lancashire', '...</msg>
<var>${json_data}</var>
<arg>${response.json()}</arg>
<doc>Returns the given values which can then be assigned to a variables.</doc>
<status status="PASS" start="2024-07-14T04:20:12.721334" elapsed="0.000460"/>
</kw>
<kw name="Set Variable" owner="BuiltIn">
<msg time="2024-07-14T04:20:12.722471" level="INFO">${name_title} = Mr</msg>
<var>${name_title}</var>
<arg>${json_data["results"][0]["name"]["title"]}</arg>
<doc>Returns the given values which can then be assigned to a variables.</doc>
<status status="PASS" start="2024-07-14T04:20:12.722093" elapsed="0.000403"/>
</kw>
<kw name="Create List" owner="BuiltIn">
<msg time="2024-07-14T04:20:12.722938" level="INFO">${allowed_titles} = ['Mr', 'Ms', 'Miss', 'Mrs', 'Madame', 'Monsieur']</msg>
<var>${allowed_titles}</var>
<arg>Mr</arg>
<arg>Ms</arg>
<arg>Miss</arg>
<arg>Mrs</arg>
<arg>Madame</arg>
<arg>Monsieur</arg>
<doc>Returns a list containing given items.</doc>
<status status="PASS" start="2024-07-14T04:20:12.722793" elapsed="0.000170"/>
</kw>
<kw name="List Should Contain Value" owner="Collections">
<arg>${allowed_titles}</arg>
<arg>${name_title}</arg>
<doc>Fails if the ``value`` is not found from ``list``.</doc>
<status status="PASS" start="2024-07-14T04:20:12.723258" elapsed="0.000170"/>
</kw>
<kw name="Set Variable" owner="BuiltIn">
<msg time="2024-07-14T04:20:12.724038" level="INFO">${name_country} = GB</msg>
<var>${name_country}</var>
<arg>${json_data["results"][0]["nat"]}</arg>
<doc>Returns the given values which can then be assigned to a variables.</doc>
<status status="PASS" start="2024-07-14T04:20:12.723665" elapsed="0.000397"/>
</kw>
<kw name="Create List" owner="BuiltIn">
<msg time="2024-07-14T04:20:12.724942" level="INFO">${list_country} = ['AD', 'AE', 'AF', 'AG', 'AI', 'AL', 'AM', 'AO', 'AQ', 'AR', 'AS', 'AT', 'AU', 'AW', 'AX', 'AZ', 'BA', 'BB', 'BD', 'BE', 'BF', 'BG', 'BH', 'BI', 'BJ', 'BL', 'BM', 'BN', 'BO', 'BQ', 'BR', 'BS', 'BT', '...</msg>
<var>${list_country}</var>
<arg>AD</arg>
<arg>AE</arg>
<arg>AF</arg>
<arg>AG</arg>
<arg>AI</arg>
<arg>AL</arg>
<arg>AM</arg>
<arg>AO</arg>
<arg>AQ</arg>
<arg>AR</arg>
<arg>AS</arg>
<arg>AT</arg>
<arg>AU</arg>
<arg>AW</arg>
<arg>AX</arg>
<arg>AZ</arg>
<arg>BA</arg>
<arg>BB</arg>
<arg>BD</arg>
<arg>BE</arg>
<arg>BF</arg>
<arg>BG</arg>
<arg>BH</arg>
<arg>BI</arg>
<arg>BJ</arg>
<arg>BL</arg>
<arg>BM</arg>
<arg>BN</arg>
<arg>BO</arg>
<arg>BQ</arg>
<arg>BR</arg>
<arg>BS</arg>
<arg>BT</arg>
<arg>BV</arg>
<arg>BW</arg>
<arg>BY</arg>
<arg>BZ</arg>
<arg>CA</arg>
<arg>CC</arg>
<arg>CD</arg>
<arg>CF</arg>
<arg>CG</arg>
<arg>CH</arg>
<arg>CI</arg>
<arg>CK</arg>
<arg>CL</arg>
<arg>CM</arg>
<arg>CN</arg>
<arg>CO</arg>
<arg>CR</arg>
<arg>CU</arg>
<arg>CV</arg>
<arg>CW</arg>
<arg>CX</arg>
<arg>CY</arg>
<arg>CZ</arg>
<arg>DE</arg>
<arg>DJ</arg>
<arg>DK</arg>
<arg>DM</arg>
<arg>DO</arg>
<arg>DZ</arg>
<arg>EC</arg>
<arg>EE</arg>
<arg>EG</arg>
<arg>EH</arg>
<arg>ER</arg>
<arg>ES</arg>
<arg>ET</arg>
<arg>FI</arg>
<arg>FJ</arg>
<arg>FK</arg>
<arg>FM</arg>
<arg>FO</arg>
<arg>FR</arg>
<arg>GA</arg>
<arg>GB</arg>
<arg>GD</arg>
<arg>GE</arg>
<arg>GF</arg>
<arg>GG</arg>
<arg>GH</arg>
<arg>GI</arg>
<arg>GL</arg>
<arg>GM</arg>
<arg>GN</arg>
<arg>GP</arg>
<arg>GQ</arg>
<arg>GR</arg>
<arg>GS</arg>
<arg>GT</arg>
<arg>GU</arg>
<arg>GW</arg>
<arg>GY</arg>
<arg>HK</arg>
<arg>HM</arg>
<arg>HN</arg>
<arg>HR</arg>
<arg>HT</arg>
<arg>HU</arg>
<arg>ID</arg>
<arg>IE</arg>
<arg>IL</arg>
<arg>IM</arg>
<arg>IN</arg>
<arg>IO</arg>
<arg>IQ</arg>
<arg>IR</arg>
<arg>IS</arg>
<arg>IT</arg>
<arg>JE</arg>
<arg>JM</arg>
<arg>JO</arg>
<arg>JP</arg>
<arg>KE</arg>
<arg>KG</arg>
<arg>KH</arg>
<arg>KI</arg>
<arg>KM</arg>
<arg>KN</arg>
<arg>KP</arg>
<arg>KR</arg>
<arg>KW</arg>
<arg>KY</arg>
<arg>KZ</arg>
<arg>LA</arg>
<arg>LB</arg>
<arg>LC</arg>
<arg>LI</arg>
<arg>LK</arg>
<arg>LR</arg>
<arg>LS</arg>
<arg>LT</arg>
<arg>LU</arg>
<arg>LV</arg>
<arg>LY</arg>
<arg>MA</arg>
<arg>MC</arg>
<arg>MD</arg>
<arg>ME</arg>
<arg>MF</arg>
<arg>MG</arg>
<arg>MH</arg>
<arg>MK</arg>
<arg>ML</arg>
<arg>MM</arg>
<arg>MN</arg>
<arg>MO</arg>
<arg>MP</arg>
<arg>MQ</arg>
<arg>MR</arg>
<arg>MS</arg>
<arg>MT</arg>
<arg>MU</arg>
<arg>MV</arg>
<arg>MW</arg>
<arg>MX</arg>
<arg>MY</arg>
<arg>MZ</arg>
<arg>NA</arg>
<arg>NC</arg>
<arg>NE</arg>
<arg>NF</arg>
<arg>NG</arg>
<arg>NI</arg>
<arg>NL</arg>
<arg>NO</arg>
<arg>NP</arg>
<arg>NR</arg>
<arg>NU</arg>
<arg>NZ</arg>
<arg>OM</arg>
<arg>PA</arg>
<arg>PE</arg>
<arg>PF</arg>
<arg>PG</arg>
<arg>PH</arg>
<arg>PK</arg>
<arg>PL</arg>
<arg>PM</arg>
<arg>PN</arg>
<arg>PR</arg>
<arg>PS</arg>
<arg>PT</arg>
<arg>PW</arg>
<arg>PY</arg>
<arg>QA</arg>
<arg>RE</arg>
<arg>RO</arg>
<arg>RS</arg>
<arg>RU</arg>
<arg>RW</arg>
<arg>SA</arg>
<arg>SB</arg>
<arg>SC</arg>
<arg>SD</arg>
<arg>SE</arg>
<arg>SG</arg>
<arg>SH</arg>
<arg>SI</arg>
<arg>SJ</arg>
<arg>SK</arg>
<arg>SL</arg>
<arg>SM</arg>
<arg>SN</arg>
<arg>SO</arg>
<arg>SR</arg>
<arg>SS</arg>
<arg>ST</arg>
<arg>SV</arg>
<arg>SX</arg>
<arg>SY</arg>
<arg>SZ</arg>
<arg>TC</arg>
<arg>TD</arg>
<arg>TF</arg>
<arg>TG</arg>
<arg>TH</arg>
<arg>TJ</arg>
<arg>TK</arg>
<arg>TL</arg>
<arg>TM</arg>
<arg>TN</arg>
<arg>TO</arg>
<arg>TR</arg>
<arg>TT</arg>
<arg>TV</arg>
<arg>TW</arg>
<arg>TZ</arg>
<arg>UA</arg>
<arg>UG</arg>
<arg>UM</arg>
<arg>US</arg>
<arg>UY</arg>
<arg>UZ</arg>
<arg>VA</arg>
<arg>VC</arg>
<arg>VE</arg>
<arg>VG</arg>
<arg>VI</arg>
<arg>VN</arg>
<arg>VU</arg>
<arg>WF</arg>
<arg>WS</arg>
<arg>XK</arg>
<arg>YE</arg>
<arg>YT</arg>
<arg>ZA</arg>
<arg>ZM</arg>
<arg>ZW</arg>
<doc>Returns a list containing given items.</doc>
<status status="PASS" start="2024-07-14T04:20:12.724350" elapsed="0.000617"/>
</kw>
<kw name="List Should Contain Value" owner="Collections">
<arg>${list_country}</arg>
<arg>${name_country}</arg>
<doc>Fails if the ``value`` is not found from ``list``.</doc>
<status status="PASS" start="2024-07-14T04:20:12.725750" elapsed="0.000196"/>
</kw>
<kw name="Run Keyword If" owner="BuiltIn">
<kw name="Should Be True" owner="BuiltIn">
<arg>${True}</arg>
<doc>Fails if the given condition is not true.</doc>
<status status="PASS" start="2024-07-14T04:20:12.726867" elapsed="0.000139"/>
</kw>
<arg>${json_data["results"][0]["location"]["coordinates"]["latitude"]} &gt;= -90 and ${json_data["results"][0]["location"]["coordinates"]["latitude"]} &lt;= 90</arg>
<arg>Should Be True</arg>
<arg>${True}</arg>
<doc>Runs the given keyword with the given arguments, if ``condition`` is true.</doc>
<status status="PASS" start="2024-07-14T04:20:12.726140" elapsed="0.000989"/>
</kw>
<kw name="Run Keyword If" owner="BuiltIn">
<kw name="Should Be True" owner="BuiltIn">
<arg>${True}</arg>
<doc>Fails if the given condition is not true.</doc>
<status status="PASS" start="2024-07-14T04:20:12.728023" elapsed="0.000226"/>
</kw>
<arg>${json_data["results"][0]["location"]["coordinates"]["longitude"]} &gt;= -180 and ${json_data["results"][0]["location"]["coordinates"]["longitude"]} &lt;= 180</arg>
<arg>Should Be True</arg>
<arg>${True}</arg>
<doc>Runs the given keyword with the given arguments, if ``condition`` is true.</doc>
<status status="PASS" start="2024-07-14T04:20:12.727306" elapsed="0.001070"/>
</kw>
<status status="PASS" start="2024-07-14T04:20:12.627581" elapsed="0.100926"/>
</kw>
<doc>Testa o conteúdo específico dos campos retornados pela API.</doc>
<tag>testeConteudo</tag>
<status status="PASS" start="2024-07-14T04:20:12.627132" elapsed="0.101516"/>
</test>
<status status="PASS" start="2024-07-14T04:20:11.881052" elapsed="0.849491"/>
</suite>
<status status="PASS" start="2024-07-14T04:20:11.865447" elapsed="0.870031"/>
</suite>
<statistics>
<total>
<stat pass="5" fail="0" skip="0">All Tests</stat>
</total>
<tag>
<stat pass="1" fail="0" skip="0">testeConteudo</stat>
<stat pass="1" fail="0" skip="0">testeEstruturaResposta</stat>
<stat pass="1" fail="0" skip="0">testeRequisicaoBasica</stat>
<stat pass="1" fail="0" skip="0">testeTiposDados</stat>
</tag>
<suite>
<stat pass="5" fail="0" skip="0" id="s1" name="Tests">Tests</stat>
<stat pass="5" fail="0" skip="0" id="s1-s1" name="Random-User-Test">Tests.Random-User-Test</stat>
</suite>
</statistics>
<errors>
</errors>
</robot>
