<?xml version="1.0" encoding="UTF-8"?>
<robot generator="Robot 7.0 (Python 3.12.3 on linux)" generated="2024-04-23T07:13:11.430967" rpa="false" schemaversion="5">
<suite id="s1" name="Tests" source="/home/runner/work/DesafioQAItauRogerioJordao/DesafioQAItauRogerioJordao/RamdonUser/tests">
<suite id="s1-s1" name="Random-User-Test" source="/home/runner/work/DesafioQAItauRogerioJordao/DesafioQAItauRogerioJordao/RamdonUser/tests/random-user-test.robot">
<test id="s1-s1-t1" name="Conectar" line="13">
<kw name="Conectar API" owner="random-user-service">
<kw name="Create Session" owner="RequestsLibrary">
<msg time="2024-04-23T07:13:11.807763" level="INFO">Creating Session using : alias=consultarAPI, url=https://randomuser.me/, headers={},                     cookies={}, auth=None, timeout=None, proxies=None, verify=False,                     debug=0 </msg>
<arg>consultarAPI</arg>
<arg>${URL}</arg>
<doc>Create Session: create a HTTP session to a server</doc>
<status status="PASS" start="2024-04-23T07:13:11.807551" elapsed="0.000416"/>
</kw>
<status status="PASS" start="2024-04-23T07:13:11.806515" elapsed="0.001831"/>
</kw>
<status status="PASS" start="2024-04-23T07:13:11.805880" elapsed="0.002659"/>
</test>
<test id="s1-s1-t2" name="Validar retorno 200 e JSON Válido" line="16">
<kw name="Teste de Requisicao Basica" owner="random-user-service">
<kw name="GET On Session" owner="RequestsLibrary">
<msg time="2024-04-23T07:13:13.057624" level="INFO">GET Request : url=https://randomuser.me/api 
 path_url=/api 
 headers={'User-Agent': 'python-requests/2.31.0', 'Accept-Encoding': 'gzip, deflate', 'Accept': '*/*', 'Connection': 'keep-alive'} 
 body=None 
 </msg>
<msg time="2024-04-23T07:13:13.057780" level="INFO">GET Response : url=https://randomuser.me/api 
 status=200, reason=OK 
 headers={'Date': 'Tue, 23 Apr 2024 07:13:13 GMT', 'Content-Type': 'application/json; charset=utf-8', 'Transfer-Encoding': 'chunked', 'Connection': 'keep-alive', 'X-Powered-By': 'Express', 'Access-Control-Allow-Origin': '*', 'Cache-Control': 'no-cache', 'ETag': 'W/"4a5-0zrzlN464/6HJwoCDkavxo5tWgE"', 'Vary': 'Accept-Encoding', 'Content-Encoding': 'gzip', 'CF-Cache-Status': 'DYNAMIC', 'Report-To': '{"endpoints":[{"url":"https:\\/\\/a.nel.cloudflare.com\\/report\\/v4?s=KfeHgVZVuk3l3jh6p3Y73F%2BBCsvjI4H1VCuVUEmQUnpH2gzXvc8Vt7UlN8MomLLmzFHFepan9zzJ9%2FvyoYgBCh8FzODSnNSI12yAZfd6%2Bii5%2FAQrMSxKGnGbXGouUzyi"}],"group":"cf-nel","max_age":604800}', 'NEL': '{"success_fraction":0,"report_to":"cf-nel","max_age":604800}', 'Server': 'cloudflare', 'CF-RAY': '878c0cb10a892385-SJC', 'alt-svc': 'h3=":443"; ma=86400'} 
 body={"results":[{"gender":"female","name":{"title":"Miss","first":"Evin","last":"Bekkers"},"location":{"street":{"number":3545,"name":"Jan Peelenplantsoen"},"city":"Makkum Fr","state":"Utrecht","country":"Netherlands","postcode":"8463 IB","coordinates":{"latitude":"33.6093","longitude":"133.9826"},"timezone":{"offset":"+11:00","description":"Magadan, Solomon Islands, New Caledonia"}},"email":"evin.bekkers@example.com","login":{"uuid":"404f5d8c-555d-496a-a0d6-28628deff5e5","username":"happydog580","password":"sleeper","salt":"vwYMANPd","md5":"7cb1ad3f67a8cf24e27132b8f57fbf24","sha1":"e4e88ca4b318bea54ca2624f8266f955542b591e","sha256":"cda1ff0bdd1cf1b0531704ff1dc6a726d74b798d89b882b7a01315f000bee283"},"dob":{"date":"1968-06-25T23:18:00.220Z","age":55},"registered":{"date":"2004-12-19T18:24:39.173Z","age":19},"phone":"(0522) 312799","cell":"(06) 68217946","id":{"name":"BSN","value":"44303304"},"picture":{"large":"https://randomuser.me/api/portraits/women/53.jpg","medium":"https://randomuser.me/api/portraits/med/women/53.jpg","thumbnail":"https://randomuser.me/api/portraits/thumb/women/53.jpg"},"nat":"NL"}],"info":{"seed":"0e9ee18a90c056f2","results":1,"page":1,"version":"1.4"}} 
 </msg>
<msg time="2024-04-23T07:13:13.057866" level="INFO">/opt/hostedtoolcache/Python/3.12.3/x64/lib/python3.12/site-packages/urllib3/connectionpool.py:1103: InsecureRequestWarning: Unverified HTTPS request is being made to host 'randomuser.me'. Adding certificate verification is strongly advised. See: https://urllib3.readthedocs.io/en/latest/advanced-usage.html#tls-warnings
  warnings.warn(</msg>
<msg time="2024-04-23T07:13:13.058021" level="INFO">${response} = &lt;Response [200]&gt;</msg>
<var>${response}</var>
<arg>consultarAPI</arg>
<arg>/api</arg>
<doc>Sends a GET request on a previously created HTTP Session.</doc>
<status status="PASS" start="2024-04-23T07:13:11.811214" elapsed="1.246852"/>
</kw>
<kw name="Should Be Equal As Numbers" owner="BuiltIn">
<msg time="2024-04-23T07:13:13.059284" level="INFO">Argument types are:
&lt;class 'int'&gt;
&lt;class 'str'&gt;</msg>
<arg>${response.status_code}</arg>
<arg>200</arg>
<doc>Fails if objects are unequal after converting them to real numbers.</doc>
<status status="PASS" start="2024-04-23T07:13:13.058785" elapsed="0.000566"/>
</kw>
<kw name="Log" owner="BuiltIn">
<msg time="2024-04-23T07:13:13.060051" level="INFO">200</msg>
<arg>${response.status_code}</arg>
<doc>Logs the given message with the given level.</doc>
<status status="PASS" start="2024-04-23T07:13:13.059697" elapsed="0.000395"/>
</kw>
<kw name="Set Variable" owner="BuiltIn">
<msg time="2024-04-23T07:13:13.060824" level="INFO">${json_data} = {'results': [{'gender': 'female', 'name': {'title': 'Miss', 'first': 'Evin', 'last': 'Bekkers'}, 'location': {'street': {'number': 3545, 'name': 'Jan Peelenplantsoen'}, 'city': 'Makkum Fr', 'state': '...</msg>
<var>${json_data}</var>
<arg>${response.json()}</arg>
<doc>Returns the given values which can then be assigned to a variables.</doc>
<status status="PASS" start="2024-04-23T07:13:13.060391" elapsed="0.000461"/>
</kw>
<kw name="Dictionary Should Contain Key" owner="Collections">
<msg time="2024-04-23T07:13:13.061331" level="INFO">False</msg>
<arg>${json_data}</arg>
<arg>results</arg>
<doc>Fails if ``key`` is not found from ``dictionary``.</doc>
<status status="PASS" start="2024-04-23T07:13:13.061155" elapsed="0.000216"/>
</kw>
<status status="PASS" start="2024-04-23T07:13:11.810962" elapsed="1.250727"/>
</kw>
<doc>Testa se a API responde corretamente e retorna um objeto JSON válido.</doc>
<tag>testeRequisicaoBasica</tag>
<status status="PASS" start="2024-04-23T07:13:11.810488" elapsed="1.251390"/>
</test>
<test id="s1-s1-t3" name="Validar estrutura de resposta" line="22">
<kw name="Teste de Estrutura de Resposta" owner="random-user-service">
<kw name="GET On Session" owner="RequestsLibrary">
<msg time="2024-04-23T07:13:13.321317" level="INFO">GET Request : url=https://randomuser.me/api 
 path_url=/api 
 headers={'User-Agent': 'python-requests/2.31.0', 'Accept-Encoding': 'gzip, deflate', 'Accept': '*/*', 'Connection': 'keep-alive'} 
 body=None 
 </msg>
<msg time="2024-04-23T07:13:13.321422" level="INFO">GET Response : url=https://randomuser.me/api 
 status=200, reason=OK 
 headers={'Date': 'Tue, 23 Apr 2024 07:13:13 GMT', 'Content-Type': 'application/json; charset=utf-8', 'Transfer-Encoding': 'chunked', 'Connection': 'keep-alive', 'X-Powered-By': 'Express', 'Access-Control-Allow-Origin': '*', 'Cache-Control': 'no-cache', 'ETag': 'W/"481-apITNkEEdIuk1dEqRUk/g35Q8gI"', 'Vary': 'Accept-Encoding', 'Content-Encoding': 'gzip', 'CF-Cache-Status': 'DYNAMIC', 'Report-To': '{"endpoints":[{"url":"https:\\/\\/a.nel.cloudflare.com\\/report\\/v4?s=gKQj%2FqQ6j4xntssL%2FVfJErjVQNPe1ejCRa3oaHSAMFrZEzZph%2FCszUFkzckHSpdGLn8KKum26xsvV0TGpA8of6YQxdcXbeuxQJqxf21iMG7v3%2FpZtzyoNHEKv6sXW%2FKG"}],"group":"cf-nel","max_age":604800}', 'NEL': '{"success_fraction":0,"report_to":"cf-nel","max_age":604800}', 'Server': 'cloudflare', 'CF-RAY': '878c0cb8a8372385-SJC', 'alt-svc': 'h3=":443"; ma=86400'} 
 body={"results":[{"gender":"male","name":{"title":"Mr","first":"Victor","last":"Møller"},"location":{"street":{"number":9426,"name":"Aastrupvej"},"city":"Ulsted, Hals","state":"Nordjylland","country":"Denmark","postcode":94168,"coordinates":{"latitude":"-45.1473","longitude":"-77.0880"},"timezone":{"offset":"-8:00","description":"Pacific Time (US &amp; Canada)"}},"email":"victor.moller@example.com","login":{"uuid":"f82f0eae-e35a-4eb4-b37c-530ca5dbbe49","username":"heavyrabbit430","password":"caddy","salt":"6mvP5Rs9","md5":"c8f8cde03fc71cb3c5642aecb2bb2aaa","sha1":"0e05d31b0b9048dd40923274b99fda537783ab92","sha256":"201122b889c31d24de2c6ede657e0caec191948d56a4154fc255bf77d36de4ad"},"dob":{"date":"1958-05-04T01:16:56.633Z","age":65},"registered":{"date":"2003-02-17T16:59:36.910Z","age":21},"phone":"63877925","cell":"20410557","id":{"name":"CPR","value":"030558-3719"},"picture":{"large":"https://randomuser.me/api/portraits/men/81.jpg","medium":"https://randomuser.me/api/portraits/med/men/81.jpg","thumbnail":"https://randomuser.me/api/portraits/thumb/men/81.jpg"},"nat":"DK"}],"info":{"seed":"3a2068f5cae2255d","results":1,"page":1,"version":"1.4"}} 
 </msg>
<msg time="2024-04-23T07:13:13.321593" level="INFO">/opt/hostedtoolcache/Python/3.12.3/x64/lib/python3.12/site-packages/urllib3/connectionpool.py:1103: InsecureRequestWarning: Unverified HTTPS request is being made to host 'randomuser.me'. Adding certificate verification is strongly advised. See: https://urllib3.readthedocs.io/en/latest/advanced-usage.html#tls-warnings
  warnings.warn(</msg>
<msg time="2024-04-23T07:13:13.321724" level="INFO">${response} = &lt;Response [200]&gt;</msg>
<var>${response}</var>
<arg>consultarAPI</arg>
<arg>/api</arg>
<doc>Sends a GET request on a previously created HTTP Session.</doc>
<status status="PASS" start="2024-04-23T07:13:13.064449" elapsed="0.257303"/>
</kw>
<kw name="Set Variable" owner="BuiltIn">
<msg time="2024-04-23T07:13:13.322832" level="INFO">${json_data} = {'results': [{'gender': 'male', 'name': {'title': 'Mr', 'first': 'Victor', 'last': 'Møller'}, 'location': {'street': {'number': 9426, 'name': 'Aastrupvej'}, 'city': 'Ulsted, Hals', 'state': 'Nordjylla...</msg>
<var>${json_data}</var>
<arg>${response.json()}</arg>
<doc>Returns the given values which can then be assigned to a variables.</doc>
<status status="PASS" start="2024-04-23T07:13:13.322294" elapsed="0.000568"/>
</kw>
<kw name="Log" owner="BuiltIn">
<msg time="2024-04-23T07:13:13.323337" level="INFO">{'results': [{'gender': 'male', 'name': {'title': 'Mr', 'first': 'Victor', 'last': 'Møller'}, 'location': {'street': {'number': 9426, 'name': 'Aastrupvej'}, 'city': 'Ulsted, Hals', 'state': 'Nordjylland', 'country': 'Denmark', 'postcode': 94168, 'coordinates': {'latitude': '-45.1473', 'longitude': '-77.0880'}, 'timezone': {'offset': '-8:00', 'description': 'Pacific Time (US &amp; Canada)'}}, 'email': 'victor.moller@example.com', 'login': {'uuid': 'f82f0eae-e35a-4eb4-b37c-530ca5dbbe49', 'username': 'heavyrabbit430', 'password': 'caddy', 'salt': '6mvP5Rs9', 'md5': 'c8f8cde03fc71cb3c5642aecb2bb2aaa', 'sha1': '0e05d31b0b9048dd40923274b99fda537783ab92', 'sha256': '201122b889c31d24de2c6ede657e0caec191948d56a4154fc255bf77d36de4ad'}, 'dob': {'date': '1958-05-04T01:16:56.633Z', 'age': 65}, 'registered': {'date': '2003-02-17T16:59:36.910Z', 'age': 21}, 'phone': '63877925', 'cell': '20410557', 'id': {'name': 'CPR', 'value': '030558-3719'}, 'picture': {'large': 'https://randomuser.me/api/portraits/men/81.jpg', 'medium': 'https://randomuser.me/api/portraits/med/men/81.jpg', 'thumbnail': 'https://randomuser.me/api/portraits/thumb/men/81.jpg'}, 'nat': 'DK'}], 'info': {'seed': '3a2068f5cae2255d', 'results': 1, 'page': 1, 'version': '1.4'}}</msg>
<arg>${json_data}</arg>
<doc>Logs the given message with the given level.</doc>
<status status="PASS" start="2024-04-23T07:13:13.323175" elapsed="0.000212"/>
</kw>
<kw name="Dictionary Should Contain Key" owner="Collections">
<msg time="2024-04-23T07:13:13.323838" level="INFO">False</msg>
<arg>${json_data}</arg>
<arg>results</arg>
<doc>Fails if ``key`` is not found from ``dictionary``.</doc>
<status status="PASS" start="2024-04-23T07:13:13.323678" elapsed="0.000196"/>
</kw>
<kw name="Should Not Be Empty" owner="BuiltIn">
<msg time="2024-04-23T07:13:13.324298" level="INFO">Length is 2.</msg>
<arg>${json_data}</arg>
<doc>Verifies that the given item is not empty.</doc>
<status status="PASS" start="2024-04-23T07:13:13.324162" elapsed="0.000341"/>
</kw>
<kw name="Create List" owner="BuiltIn">
<msg time="2024-04-23T07:13:13.324944" level="INFO">${expected_keys} = ['gender', 'name', 'location', 'email', 'login']</msg>
<var>${expected_keys}</var>
<arg>gender</arg>
<arg>name</arg>
<arg>location</arg>
<arg>email</arg>
<arg>login</arg>
<doc>Returns a list containing given items.</doc>
<status status="PASS" start="2024-04-23T07:13:13.324794" elapsed="0.000173"/>
</kw>
<for flavor="IN">
<iter>
<kw name="Dictionary Should Contain Key" owner="Collections">
<msg time="2024-04-23T07:13:13.326006" level="INFO">False</msg>
<arg>${json_data['results'][0]}</arg>
<arg>${key}</arg>
<doc>Fails if ``key`` is not found from ``dictionary``.</doc>
<status status="PASS" start="2024-04-23T07:13:13.325589" elapsed="0.000456"/>
</kw>
<kw name="Log" owner="BuiltIn">
<msg time="2024-04-23T07:13:13.326707" level="INFO">{'gender': 'male', 'name': {'title': 'Mr', 'first': 'Victor', 'last': 'Møller'}, 'location': {'street': {'number': 9426, 'name': 'Aastrupvej'}, 'city': 'Ulsted, Hals', 'state': 'Nordjylland', 'country': 'Denmark', 'postcode': 94168, 'coordinates': {'latitude': '-45.1473', 'longitude': '-77.0880'}, 'timezone': {'offset': '-8:00', 'description': 'Pacific Time (US &amp; Canada)'}}, 'email': 'victor.moller@example.com', 'login': {'uuid': 'f82f0eae-e35a-4eb4-b37c-530ca5dbbe49', 'username': 'heavyrabbit430', 'password': 'caddy', 'salt': '6mvP5Rs9', 'md5': 'c8f8cde03fc71cb3c5642aecb2bb2aaa', 'sha1': '0e05d31b0b9048dd40923274b99fda537783ab92', 'sha256': '201122b889c31d24de2c6ede657e0caec191948d56a4154fc255bf77d36de4ad'}, 'dob': {'date': '1958-05-04T01:16:56.633Z', 'age': 65}, 'registered': {'date': '2003-02-17T16:59:36.910Z', 'age': 21}, 'phone': '63877925', 'cell': '20410557', 'id': {'name': 'CPR', 'value': '030558-3719'}, 'picture': {'large': 'https://randomuser.me/api/portraits/men/81.jpg', 'medium': 'https://randomuser.me/api/portraits/med/men/81.jpg', 'thumbnail': 'https://randomuser.me/api/portraits/thumb/men/81.jpg'}, 'nat': 'DK'}</msg>
<arg>${json_data['results'][0]}</arg>
<doc>Logs the given message with the given level.</doc>
<status status="PASS" start="2024-04-23T07:13:13.326343" elapsed="0.000415"/>
</kw>
<kw name="Log" owner="BuiltIn">
<msg time="2024-04-23T07:13:13.327174" level="INFO">gender</msg>
<arg>${key}</arg>
<doc>Logs the given message with the given level.</doc>
<status status="PASS" start="2024-04-23T07:13:13.327049" elapsed="0.000161"/>
</kw>
<var name="${key}">gender</var>
<status status="PASS" start="2024-04-23T07:13:13.325423" elapsed="0.002001"/>
</iter>
<iter>
<kw name="Dictionary Should Contain Key" owner="Collections">
<msg time="2024-04-23T07:13:13.328100" level="INFO">False</msg>
<arg>${json_data['results'][0]}</arg>
<arg>${key}</arg>
<doc>Fails if ``key`` is not found from ``dictionary``.</doc>
<status status="PASS" start="2024-04-23T07:13:13.327726" elapsed="0.000409"/>
</kw>
<kw name="Log" owner="BuiltIn">
<msg time="2024-04-23T07:13:13.328821" level="INFO">{'gender': 'male', 'name': {'title': 'Mr', 'first': 'Victor', 'last': 'Møller'}, 'location': {'street': {'number': 9426, 'name': 'Aastrupvej'}, 'city': 'Ulsted, Hals', 'state': 'Nordjylland', 'country': 'Denmark', 'postcode': 94168, 'coordinates': {'latitude': '-45.1473', 'longitude': '-77.0880'}, 'timezone': {'offset': '-8:00', 'description': 'Pacific Time (US &amp; Canada)'}}, 'email': 'victor.moller@example.com', 'login': {'uuid': 'f82f0eae-e35a-4eb4-b37c-530ca5dbbe49', 'username': 'heavyrabbit430', 'password': 'caddy', 'salt': '6mvP5Rs9', 'md5': 'c8f8cde03fc71cb3c5642aecb2bb2aaa', 'sha1': '0e05d31b0b9048dd40923274b99fda537783ab92', 'sha256': '201122b889c31d24de2c6ede657e0caec191948d56a4154fc255bf77d36de4ad'}, 'dob': {'date': '1958-05-04T01:16:56.633Z', 'age': 65}, 'registered': {'date': '2003-02-17T16:59:36.910Z', 'age': 21}, 'phone': '63877925', 'cell': '20410557', 'id': {'name': 'CPR', 'value': '030558-3719'}, 'picture': {'large': 'https://randomuser.me/api/portraits/men/81.jpg', 'medium': 'https://randomuser.me/api/portraits/med/men/81.jpg', 'thumbnail': 'https://randomuser.me/api/portraits/thumb/men/81.jpg'}, 'nat': 'DK'}</msg>
<arg>${json_data['results'][0]}</arg>
<doc>Logs the given message with the given level.</doc>
<status status="PASS" start="2024-04-23T07:13:13.328461" elapsed="0.000409"/>
</kw>
<kw name="Log" owner="BuiltIn">
<msg time="2024-04-23T07:13:13.329281" level="INFO">name</msg>
<arg>${key}</arg>
<doc>Logs the given message with the given level.</doc>
<status status="PASS" start="2024-04-23T07:13:13.329159" elapsed="0.000157"/>
</kw>
<var name="${key}">name</var>
<status status="PASS" start="2024-04-23T07:13:13.327607" elapsed="0.001937"/>
</iter>
<iter>
<kw name="Dictionary Should Contain Key" owner="Collections">
<msg time="2024-04-23T07:13:13.330222" level="INFO">False</msg>
<arg>${json_data['results'][0]}</arg>
<arg>${key}</arg>
<doc>Fails if ``key`` is not found from ``dictionary``.</doc>
<status status="PASS" start="2024-04-23T07:13:13.329841" elapsed="0.000418"/>
</kw>
<kw name="Log" owner="BuiltIn">
<msg time="2024-04-23T07:13:13.330920" level="INFO">{'gender': 'male', 'name': {'title': 'Mr', 'first': 'Victor', 'last': 'Møller'}, 'location': {'street': {'number': 9426, 'name': 'Aastrupvej'}, 'city': 'Ulsted, Hals', 'state': 'Nordjylland', 'country': 'Denmark', 'postcode': 94168, 'coordinates': {'latitude': '-45.1473', 'longitude': '-77.0880'}, 'timezone': {'offset': '-8:00', 'description': 'Pacific Time (US &amp; Canada)'}}, 'email': 'victor.moller@example.com', 'login': {'uuid': 'f82f0eae-e35a-4eb4-b37c-530ca5dbbe49', 'username': 'heavyrabbit430', 'password': 'caddy', 'salt': '6mvP5Rs9', 'md5': 'c8f8cde03fc71cb3c5642aecb2bb2aaa', 'sha1': '0e05d31b0b9048dd40923274b99fda537783ab92', 'sha256': '201122b889c31d24de2c6ede657e0caec191948d56a4154fc255bf77d36de4ad'}, 'dob': {'date': '1958-05-04T01:16:56.633Z', 'age': 65}, 'registered': {'date': '2003-02-17T16:59:36.910Z', 'age': 21}, 'phone': '63877925', 'cell': '20410557', 'id': {'name': 'CPR', 'value': '030558-3719'}, 'picture': {'large': 'https://randomuser.me/api/portraits/men/81.jpg', 'medium': 'https://randomuser.me/api/portraits/med/men/81.jpg', 'thumbnail': 'https://randomuser.me/api/portraits/thumb/men/81.jpg'}, 'nat': 'DK'}</msg>
<arg>${json_data['results'][0]}</arg>
<doc>Logs the given message with the given level.</doc>
<status status="PASS" start="2024-04-23T07:13:13.330558" elapsed="0.000412"/>
</kw>
<kw name="Log" owner="BuiltIn">
<msg time="2024-04-23T07:13:13.331385" level="INFO">location</msg>
<arg>${key}</arg>
<doc>Logs the given message with the given level.</doc>
<status status="PASS" start="2024-04-23T07:13:13.331262" elapsed="0.000159"/>
</kw>
<var name="${key}">location</var>
<status status="PASS" start="2024-04-23T07:13:13.329729" elapsed="0.001904"/>
</iter>
<iter>
<kw name="Dictionary Should Contain Key" owner="Collections">
<msg time="2024-04-23T07:13:13.332288" level="INFO">False</msg>
<arg>${json_data['results'][0]}</arg>
<arg>${key}</arg>
<doc>Fails if ``key`` is not found from ``dictionary``.</doc>
<status status="PASS" start="2024-04-23T07:13:13.331911" elapsed="0.000413"/>
</kw>
<kw name="Log" owner="BuiltIn">
<msg time="2024-04-23T07:13:13.332963" level="INFO">{'gender': 'male', 'name': {'title': 'Mr', 'first': 'Victor', 'last': 'Møller'}, 'location': {'street': {'number': 9426, 'name': 'Aastrupvej'}, 'city': 'Ulsted, Hals', 'state': 'Nordjylland', 'country': 'Denmark', 'postcode': 94168, 'coordinates': {'latitude': '-45.1473', 'longitude': '-77.0880'}, 'timezone': {'offset': '-8:00', 'description': 'Pacific Time (US &amp; Canada)'}}, 'email': 'victor.moller@example.com', 'login': {'uuid': 'f82f0eae-e35a-4eb4-b37c-530ca5dbbe49', 'username': 'heavyrabbit430', 'password': 'caddy', 'salt': '6mvP5Rs9', 'md5': 'c8f8cde03fc71cb3c5642aecb2bb2aaa', 'sha1': '0e05d31b0b9048dd40923274b99fda537783ab92', 'sha256': '201122b889c31d24de2c6ede657e0caec191948d56a4154fc255bf77d36de4ad'}, 'dob': {'date': '1958-05-04T01:16:56.633Z', 'age': 65}, 'registered': {'date': '2003-02-17T16:59:36.910Z', 'age': 21}, 'phone': '63877925', 'cell': '20410557', 'id': {'name': 'CPR', 'value': '030558-3719'}, 'picture': {'large': 'https://randomuser.me/api/portraits/men/81.jpg', 'medium': 'https://randomuser.me/api/portraits/med/men/81.jpg', 'thumbnail': 'https://randomuser.me/api/portraits/thumb/men/81.jpg'}, 'nat': 'DK'}</msg>
<arg>${json_data['results'][0]}</arg>
<doc>Logs the given message with the given level.</doc>
<status status="PASS" start="2024-04-23T07:13:13.332612" elapsed="0.000400"/>
</kw>
<kw name="Log" owner="BuiltIn">
<msg time="2024-04-23T07:13:13.333420" level="INFO">email</msg>
<arg>${key}</arg>
<doc>Logs the given message with the given level.</doc>
<status status="PASS" start="2024-04-23T07:13:13.333298" elapsed="0.000157"/>
</kw>
<var name="${key}">email</var>
<status status="PASS" start="2024-04-23T07:13:13.331801" elapsed="0.001918"/>
</iter>
<iter>
<kw name="Dictionary Should Contain Key" owner="Collections">
<msg time="2024-04-23T07:13:13.334375" level="INFO">False</msg>
<arg>${json_data['results'][0]}</arg>
<arg>${key}</arg>
<doc>Fails if ``key`` is not found from ``dictionary``.</doc>
<status status="PASS" start="2024-04-23T07:13:13.334000" elapsed="0.000410"/>
</kw>
<kw name="Log" owner="BuiltIn">
<msg time="2024-04-23T07:13:13.335059" level="INFO">{'gender': 'male', 'name': {'title': 'Mr', 'first': 'Victor', 'last': 'Møller'}, 'location': {'street': {'number': 9426, 'name': 'Aastrupvej'}, 'city': 'Ulsted, Hals', 'state': 'Nordjylland', 'country': 'Denmark', 'postcode': 94168, 'coordinates': {'latitude': '-45.1473', 'longitude': '-77.0880'}, 'timezone': {'offset': '-8:00', 'description': 'Pacific Time (US &amp; Canada)'}}, 'email': 'victor.moller@example.com', 'login': {'uuid': 'f82f0eae-e35a-4eb4-b37c-530ca5dbbe49', 'username': 'heavyrabbit430', 'password': 'caddy', 'salt': '6mvP5Rs9', 'md5': 'c8f8cde03fc71cb3c5642aecb2bb2aaa', 'sha1': '0e05d31b0b9048dd40923274b99fda537783ab92', 'sha256': '201122b889c31d24de2c6ede657e0caec191948d56a4154fc255bf77d36de4ad'}, 'dob': {'date': '1958-05-04T01:16:56.633Z', 'age': 65}, 'registered': {'date': '2003-02-17T16:59:36.910Z', 'age': 21}, 'phone': '63877925', 'cell': '20410557', 'id': {'name': 'CPR', 'value': '030558-3719'}, 'picture': {'large': 'https://randomuser.me/api/portraits/men/81.jpg', 'medium': 'https://randomuser.me/api/portraits/med/men/81.jpg', 'thumbnail': 'https://randomuser.me/api/portraits/thumb/men/81.jpg'}, 'nat': 'DK'}</msg>
<arg>${json_data['results'][0]}</arg>
<doc>Logs the given message with the given level.</doc>
<status status="PASS" start="2024-04-23T07:13:13.334701" elapsed="0.000408"/>
</kw>
<kw name="Log" owner="BuiltIn">
<msg time="2024-04-23T07:13:13.335529" level="INFO">login</msg>
<arg>${key}</arg>
<doc>Logs the given message with the given level.</doc>
<status status="PASS" start="2024-04-23T07:13:13.335400" elapsed="0.000166"/>
</kw>
<var name="${key}">login</var>
<status status="PASS" start="2024-04-23T07:13:13.333891" elapsed="0.001889"/>
</iter>
<var>${key}</var>
<value>@{expected_keys}</value>
<status status="PASS" start="2024-04-23T07:13:13.325222" elapsed="0.010703"/>
</for>
<kw name="Create List" owner="BuiltIn">
<msg time="2024-04-23T07:13:13.336251" level="INFO">${expected_keysTwo} = ['username', 'password']</msg>
<var>${expected_keysTwo}</var>
<arg>username</arg>
<arg>password</arg>
<doc>Returns a list containing given items.</doc>
<status status="PASS" start="2024-04-23T07:13:13.336118" elapsed="0.000156"/>
</kw>
<for flavor="IN">
<iter>
<kw name="Dictionary Should Contain Key" owner="Collections">
<msg time="2024-04-23T07:13:13.337163" level="INFO">False</msg>
<arg>${json_data['results'][0]['login']}</arg>
<arg>${keyTwo}</arg>
<doc>Fails if ``key`` is not found from ``dictionary``.</doc>
<status status="PASS" start="2024-04-23T07:13:13.336778" elapsed="0.000422"/>
</kw>
<kw name="Dictionary Should Contain Key" owner="Collections">
<msg time="2024-04-23T07:13:13.337899" level="INFO">False</msg>
<arg>${json_data['results'][0]['login']}</arg>
<arg>${keyTwo}</arg>
<doc>Fails if ``key`` is not found from ``dictionary``.</doc>
<status status="PASS" start="2024-04-23T07:13:13.337488" elapsed="0.000448"/>
</kw>
<kw name="Log" owner="BuiltIn">
<msg time="2024-04-23T07:13:13.338349" level="INFO">username</msg>
<arg>${keyTwo}</arg>
<doc>Logs the given message with the given level.</doc>
<status status="PASS" start="2024-04-23T07:13:13.338225" elapsed="0.000166"/>
</kw>
<var name="${keyTwo}">username</var>
<status status="PASS" start="2024-04-23T07:13:13.336655" elapsed="0.001946"/>
</iter>
<iter>
<kw name="Dictionary Should Contain Key" owner="Collections">
<msg time="2024-04-23T07:13:13.339331" level="INFO">False</msg>
<arg>${json_data['results'][0]['login']}</arg>
<arg>${keyTwo}</arg>
<doc>Fails if ``key`` is not found from ``dictionary``.</doc>
<status status="PASS" start="2024-04-23T07:13:13.338879" elapsed="0.000496"/>
</kw>
<kw name="Dictionary Should Contain Key" owner="Collections">
<msg time="2024-04-23T07:13:13.340041" level="INFO">False</msg>
<arg>${json_data['results'][0]['login']}</arg>
<arg>${keyTwo}</arg>
<doc>Fails if ``key`` is not found from ``dictionary``.</doc>
<status status="PASS" start="2024-04-23T07:13:13.339667" elapsed="0.000410"/>
</kw>
<kw name="Log" owner="BuiltIn">
<msg time="2024-04-23T07:13:13.340493" level="INFO">password</msg>
<arg>${keyTwo}</arg>
<doc>Logs the given message with the given level.</doc>
<status status="PASS" start="2024-04-23T07:13:13.340369" elapsed="0.000161"/>
</kw>
<var name="${keyTwo}">password</var>
<status status="PASS" start="2024-04-23T07:13:13.338769" elapsed="0.001973"/>
</iter>
<var>${keyTwo}</var>
<value>@{expected_keysTwo}</value>
<status status="PASS" start="2024-04-23T07:13:13.336505" elapsed="0.004356"/>
</for>
<status status="PASS" start="2024-04-23T07:13:13.064211" elapsed="0.276788"/>
</kw>
<doc>Testa a estrutura da resposta da API.</doc>
<tag>testeEstruturaResposta</tag>
<status status="PASS" start="2024-04-23T07:13:13.063709" elapsed="0.277451"/>
</test>
<test id="s1-s1-t4" name="Validar tipos de dados" line="28">
<kw name="Teste de Tipos de Dados" owner="random-user-service">
<kw name="GET On Session" owner="RequestsLibrary">
<msg time="2024-04-23T07:13:13.499442" level="INFO">GET Request : url=https://randomuser.me/api 
 path_url=/api 
 headers={'User-Agent': 'python-requests/2.31.0', 'Accept-Encoding': 'gzip, deflate', 'Accept': '*/*', 'Connection': 'keep-alive'} 
 body=None 
 </msg>
<msg time="2024-04-23T07:13:13.499551" level="INFO">GET Response : url=https://randomuser.me/api 
 status=200, reason=OK 
 headers={'Date': 'Tue, 23 Apr 2024 07:13:13 GMT', 'Content-Type': 'application/json; charset=utf-8', 'Transfer-Encoding': 'chunked', 'Connection': 'keep-alive', 'X-Powered-By': 'Express', 'Access-Control-Allow-Origin': '*', 'Cache-Control': 'no-cache', 'ETag': 'W/"4a6-jIg9/STZnYjZAuHRBeI6JA67WLg"', 'Vary': 'Accept-Encoding', 'Content-Encoding': 'gzip', 'CF-Cache-Status': 'DYNAMIC', 'Report-To': '{"endpoints":[{"url":"https:\\/\\/a.nel.cloudflare.com\\/report\\/v4?s=VATx8VsJc2l5O7Rip6Tpz39KyElDuzgMZWgtjMjnlcSD6TzP%2BdtNFKyUyHr539%2FAkKdPDMWvSJBbgolhAAUDzt7Sxu9hah6xr9ug2lOgV5aRRGmZp1lPvbVXp%2FIVx6ON"}],"group":"cf-nel","max_age":604800}', 'NEL': '{"success_fraction":0,"report_to":"cf-nel","max_age":604800}', 'Server': 'cloudflare', 'CF-RAY': '878c0cba69a12385-SJC', 'alt-svc': 'h3=":443"; ma=86400'} 
 body={"results":[{"gender":"female","name":{"title":"Mrs","first":"Ana","last":"Bennett"},"location":{"street":{"number":5359,"name":"Lone Wolf Trail"},"city":"Adelaide","state":"Western Australia","country":"Australia","postcode":2132,"coordinates":{"latitude":"-85.5076","longitude":"51.0005"},"timezone":{"offset":"-5:00","description":"Eastern Time (US &amp; Canada), Bogota, Lima"}},"email":"ana.bennett@example.com","login":{"uuid":"0073870e-6e53-43b6-91ff-10f4487cb867","username":"yellowbutterfly141","password":"wizards","salt":"5vooTzfe","md5":"fa797f98bb9a373a479859ed7982a3bd","sha1":"71e7a786da356887040ba3a1a0321f13cd75efd1","sha256":"d0a1ef8816d78588ec564a890aab8105ccd30a30a4d3b81502c7549d4c468904"},"dob":{"date":"2000-11-02T22:56:45.004Z","age":23},"registered":{"date":"2007-07-07T04:57:38.801Z","age":16},"phone":"05-4775-3494","cell":"0463-910-564","id":{"name":"TFN","value":"227755041"},"picture":{"large":"https://randomuser.me/api/portraits/women/24.jpg","medium":"https://randomuser.me/api/portraits/med/women/24.jpg","thumbnail":"https://randomuser.me/api/portraits/thumb/women/24.jpg"},"nat":"AU"}],"info":{"seed":"6569e86a83262384","results":1,"page":1,"version":"1.4"}} 
 </msg>
<msg time="2024-04-23T07:13:13.499629" level="INFO">/opt/hostedtoolcache/Python/3.12.3/x64/lib/python3.12/site-packages/urllib3/connectionpool.py:1103: InsecureRequestWarning: Unverified HTTPS request is being made to host 'randomuser.me'. Adding certificate verification is strongly advised. See: https://urllib3.readthedocs.io/en/latest/advanced-usage.html#tls-warnings
  warnings.warn(</msg>
<msg time="2024-04-23T07:13:13.499753" level="INFO">${response} = &lt;Response [200]&gt;</msg>
<var>${response}</var>
<arg>consultarAPI</arg>
<arg>/api</arg>
<doc>Sends a GET request on a previously created HTTP Session.</doc>
<status status="PASS" start="2024-04-23T07:13:13.343719" elapsed="0.156064"/>
</kw>
<kw name="Set Variable" owner="BuiltIn">
<msg time="2024-04-23T07:13:13.500909" level="INFO">${json_data} = {'results': [{'gender': 'female', 'name': {'title': 'Mrs', 'first': 'Ana', 'last': 'Bennett'}, 'location': {'street': {'number': 5359, 'name': 'Lone Wolf Trail'}, 'city': 'Adelaide', 'state': 'Western...</msg>
<var>${json_data}</var>
<arg>${response.json()}</arg>
<doc>Returns the given values which can then be assigned to a variables.</doc>
<status status="PASS" start="2024-04-23T07:13:13.500370" elapsed="0.000568"/>
</kw>
<kw name="Log" owner="BuiltIn">
<msg time="2024-04-23T07:13:13.501405" level="INFO">{'results': [{'gender': 'female', 'name': {'title': 'Mrs', 'first': 'Ana', 'last': 'Bennett'}, 'location': {'street': {'number': 5359, 'name': 'Lone Wolf Trail'}, 'city': 'Adelaide', 'state': 'Western Australia', 'country': 'Australia', 'postcode': 2132, 'coordinates': {'latitude': '-85.5076', 'longitude': '51.0005'}, 'timezone': {'offset': '-5:00', 'description': 'Eastern Time (US &amp; Canada), Bogota, Lima'}}, 'email': 'ana.bennett@example.com', 'login': {'uuid': '0073870e-6e53-43b6-91ff-10f4487cb867', 'username': 'yellowbutterfly141', 'password': 'wizards', 'salt': '5vooTzfe', 'md5': 'fa797f98bb9a373a479859ed7982a3bd', 'sha1': '71e7a786da356887040ba3a1a0321f13cd75efd1', 'sha256': 'd0a1ef8816d78588ec564a890aab8105ccd30a30a4d3b81502c7549d4c468904'}, 'dob': {'date': '2000-11-02T22:56:45.004Z', 'age': 23}, 'registered': {'date': '2007-07-07T04:57:38.801Z', 'age': 16}, 'phone': '05-4775-3494', 'cell': '0463-910-564', 'id': {'name': 'TFN', 'value': '227755041'}, 'picture': {'large': 'https://randomuser.me/api/portraits/women/24.jpg', 'medium': 'https://randomuser.me/api/portraits/med/women/24.jpg', 'thumbnail': 'https://randomuser.me/api/portraits/thumb/women/24.jpg'}, 'nat': 'AU'}], 'info': {'seed': '6569e86a83262384', 'results': 1, 'page': 1, 'version': '1.4'}}</msg>
<arg>${json_data}</arg>
<doc>Logs the given message with the given level.</doc>
<status status="PASS" start="2024-04-23T07:13:13.501251" elapsed="0.000242"/>
</kw>
<kw name="Should Be String" owner="String">
<arg>${json_data['results'][0]['gender']}</arg>
<doc>Fails if the given ``item`` is not a string.</doc>
<status status="PASS" start="2024-04-23T07:13:13.501855" elapsed="0.000360"/>
</kw>
<kw name="Should Match Regexp" owner="BuiltIn">
<arg>${json_data['results'][0]['email']}</arg>
<arg>^[a-zA-Z0-9._%+-]+@[a-zA-Z0-9.-]+\.[a-zA-Z]{2,}$</arg>
<doc>Fails if ``string`` does not match ``pattern`` as a regular expression.</doc>
<status status="PASS" start="2024-04-23T07:13:13.502404" elapsed="0.000519"/>
</kw>
<kw name="Should Match Regexp" owner="BuiltIn">
<arg>${json_data['results'][0]['dob']['date']}</arg>
<arg>\\d{4}-\\d{2}-\\d{2}T\\d{2}:\\d{2}:\\d{2}\\.\\d{3}Z</arg>
<doc>Fails if ``string`` does not match ``pattern`` as a regular expression.</doc>
<status status="PASS" start="2024-04-23T07:13:13.503116" elapsed="0.000475"/>
</kw>
<kw name="Should Match Regexp" owner="BuiltIn">
<arg>${json_data['results'][0]['registered']['date']}</arg>
<arg>\\d{4}-\\d{2}-\\d{2}T\\d{2}:\\d{2}:\\d{2}\\.\\d{3}Z</arg>
<doc>Fails if ``string`` does not match ``pattern`` as a regular expression.</doc>
<status status="PASS" start="2024-04-23T07:13:13.503778" elapsed="0.000364"/>
</kw>
<kw name="Should Match Regexp" owner="BuiltIn">
<arg>${json_data['results'][0]['picture']['large']}</arg>
<arg>^https?://.*\.(?:png|jpe?g|gif|bmp)$</arg>
<doc>Fails if ``string`` does not match ``pattern`` as a regular expression.</doc>
<status status="PASS" start="2024-04-23T07:13:13.504323" elapsed="0.000466"/>
</kw>
<kw name="Should Match Regexp" owner="BuiltIn">
<arg>${json_data['results'][0]['picture']['medium']}</arg>
<arg>^https?://.*\.(?:png|jpe?g|gif|bmp)$</arg>
<doc>Fails if ``string`` does not match ``pattern`` as a regular expression.</doc>
<status status="PASS" start="2024-04-23T07:13:13.504974" elapsed="0.000353"/>
</kw>
<kw name="Should Match Regexp" owner="BuiltIn">
<arg>${json_data['results'][0]['picture']['thumbnail']}</arg>
<arg>^https?://.*\.(?:png|jpe?g|gif|bmp)$</arg>
<doc>Fails if ``string`` does not match ``pattern`` as a regular expression.</doc>
<status status="PASS" start="2024-04-23T07:13:13.505511" elapsed="0.000374"/>
</kw>
<kw name="Log" owner="BuiltIn">
<msg time="2024-04-23T07:13:13.506380" level="INFO">{'large': 'https://randomuser.me/api/portraits/women/24.jpg', 'medium': 'https://randomuser.me/api/portraits/med/women/24.jpg', 'thumbnail': 'https://randomuser.me/api/portraits/thumb/women/24.jpg'}</msg>
<arg>${json_data['results'][0]['picture']}</arg>
<doc>Logs the given message with the given level.</doc>
<status status="PASS" start="2024-04-23T07:13:13.506063" elapsed="0.000358"/>
</kw>
<status status="PASS" start="2024-04-23T07:13:13.343492" elapsed="0.163185"/>
</kw>
<kw name="Teste de Tipos de Dados - Postcode" owner="random-user-service">
<kw name="GET On Session" owner="RequestsLibrary">
<msg time="2024-04-23T07:13:13.592858" level="INFO">GET Request : url=https://randomuser.me/api 
 path_url=/api 
 headers={'User-Agent': 'python-requests/2.31.0', 'Accept-Encoding': 'gzip, deflate', 'Accept': '*/*', 'Connection': 'keep-alive'} 
 body=None 
 </msg>
<msg time="2024-04-23T07:13:13.592970" level="INFO">GET Response : url=https://randomuser.me/api 
 status=200, reason=OK 
 headers={'Date': 'Tue, 23 Apr 2024 07:13:13 GMT', 'Content-Type': 'application/json; charset=utf-8', 'Transfer-Encoding': 'chunked', 'Connection': 'keep-alive', 'X-Powered-By': 'Express', 'Access-Control-Allow-Origin': '*', 'Cache-Control': 'no-cache', 'ETag': 'W/"4b5-khgnKBp/kX2PetmV/+zHWcmSBcI"', 'Vary': 'Accept-Encoding', 'Content-Encoding': 'gzip', 'CF-Cache-Status': 'DYNAMIC', 'Report-To': '{"endpoints":[{"url":"https:\\/\\/a.nel.cloudflare.com\\/report\\/v4?s=zTSPhnkx3315BnFjkFtW9XydGFniJfkklC2UFEk6CUeqMMbPhLq4f5EiXMoqpIjSZ8e2buOtZBIAevN9sP3CGKx%2FBPQLuCl0lY4bpEmDfV5hQWqABxppiH5E1H1ZK4Md"}],"group":"cf-nel","max_age":604800}', 'NEL': '{"success_fraction":0,"report_to":"cf-nel","max_age":604800}', 'Server': 'cloudflare', 'CF-RAY': '878c0cbb7a8d2385-SJC', 'alt-svc': 'h3=":443"; ma=86400'} 
 body={"results":[{"gender":"male","name":{"title":"Monsieur","first":"Enrico","last":"Leroux"},"location":{"street":{"number":533,"name":"Place de L'Abbé-Franz-Stock"},"city":"Trun","state":"Appenzell Innerrhoden","country":"Switzerland","postcode":7275,"coordinates":{"latitude":"-64.0166","longitude":"-128.5369"},"timezone":{"offset":"-4:00","description":"Atlantic Time (Canada), Caracas, La Paz"}},"email":"enrico.leroux@example.com","login":{"uuid":"49403e11-24a5-4fd8-8975-5ea0b27e6dcd","username":"lazygoose434","password":"martini","salt":"lsNu03HH","md5":"b684b5b37f9879a3a203c914575f94df","sha1":"d2d6ce1b6ca94b8d603177000c1cc8b5bdad9d93","sha256":"06700e4954ae785c55380d9c7e6417d06e32c2ead759e23e67cab49c55d1f536"},"dob":{"date":"1997-03-21T21:37:46.402Z","age":27},"registered":{"date":"2015-01-10T14:00:37.992Z","age":9},"phone":"075 484 87 87","cell":"078 896 06 75","id":{"name":"AVS","value":"756.2402.7412.53"},"picture":{"large":"https://randomuser.me/api/portraits/men/1.jpg","medium":"https://randomuser.me/api/portraits/med/men/1.jpg","thumbnail":"https://randomuser.me/api/portraits/thumb/men/1.jpg"},"nat":"CH"}],"info":{"seed":"6709223ed67206fc","results":1,"page":1,"version":"1.4"}} 
 </msg>
<msg time="2024-04-23T07:13:13.593054" level="INFO">/opt/hostedtoolcache/Python/3.12.3/x64/lib/python3.12/site-packages/urllib3/connectionpool.py:1103: InsecureRequestWarning: Unverified HTTPS request is being made to host 'randomuser.me'. Adding certificate verification is strongly advised. See: https://urllib3.readthedocs.io/en/latest/advanced-usage.html#tls-warnings
  warnings.warn(</msg>
<msg time="2024-04-23T07:13:13.593190" level="INFO">${response} = &lt;Response [200]&gt;</msg>
<var>${response}</var>
<arg>consultarAPI</arg>
<arg>/api</arg>
<doc>Sends a GET request on a previously created HTTP Session.</doc>
<status status="PASS" start="2024-04-23T07:13:13.507142" elapsed="0.086087"/>
</kw>
<kw name="Set Variable" owner="BuiltIn">
<msg time="2024-04-23T07:13:13.594324" level="INFO">${json_data} = {'results': [{'gender': 'male', 'name': {'title': 'Monsieur', 'first': 'Enrico', 'last': 'Leroux'}, 'location': {'street': {'number': 533, 'name': "Place de L'Abbé-Franz-Stock"}, 'city': 'Trun', 'stat...</msg>
<var>${json_data}</var>
<arg>${response.json()}</arg>
<doc>Returns the given values which can then be assigned to a variables.</doc>
<status status="PASS" start="2024-04-23T07:13:13.593792" elapsed="0.000561"/>
</kw>
<kw name="Log" owner="BuiltIn">
<msg time="2024-04-23T07:13:13.594821" level="INFO">{'results': [{'gender': 'male', 'name': {'title': 'Monsieur', 'first': 'Enrico', 'last': 'Leroux'}, 'location': {'street': {'number': 533, 'name': "Place de L'Abbé-Franz-Stock"}, 'city': 'Trun', 'state': 'Appenzell Innerrhoden', 'country': 'Switzerland', 'postcode': 7275, 'coordinates': {'latitude': '-64.0166', 'longitude': '-128.5369'}, 'timezone': {'offset': '-4:00', 'description': 'Atlantic Time (Canada), Caracas, La Paz'}}, 'email': 'enrico.leroux@example.com', 'login': {'uuid': '49403e11-24a5-4fd8-8975-5ea0b27e6dcd', 'username': 'lazygoose434', 'password': 'martini', 'salt': 'lsNu03HH', 'md5': 'b684b5b37f9879a3a203c914575f94df', 'sha1': 'd2d6ce1b6ca94b8d603177000c1cc8b5bdad9d93', 'sha256': '06700e4954ae785c55380d9c7e6417d06e32c2ead759e23e67cab49c55d1f536'}, 'dob': {'date': '1997-03-21T21:37:46.402Z', 'age': 27}, 'registered': {'date': '2015-01-10T14:00:37.992Z', 'age': 9}, 'phone': '075 484 87 87', 'cell': '078 896 06 75', 'id': {'name': 'AVS', 'value': '756.2402.7412.53'}, 'picture': {'large': 'https://randomuser.me/api/portraits/men/1.jpg', 'medium': 'https://randomuser.me/api/portraits/med/men/1.jpg', 'thumbnail': 'https://randomuser.me/api/portraits/thumb/men/1.jpg'}, 'nat': 'CH'}], 'info': {'seed': '6709223ed67206fc', 'results': 1, 'page': 1, 'version': '1.4'}}</msg>
<arg>${json_data}</arg>
<doc>Logs the given message with the given level.</doc>
<status status="PASS" start="2024-04-23T07:13:13.594661" elapsed="0.000243"/>
</kw>
<kw name="Should Be Equal As Numbers" owner="BuiltIn">
<arg>${json_data['results'][0]['location']['postcode']}</arg>
<arg>${json_data['results'][0]['location']['postcode']}</arg>
<doc>Fails if objects are unequal after converting them to real numbers.</doc>
<status status="PASS" start="2024-04-23T07:13:13.595387" elapsed="0.000613"/>
</kw>
<kw name="Log" owner="BuiltIn">
<msg time="2024-04-23T07:13:13.596521" level="INFO">7275</msg>
<arg>${json_data['results'][0]['location']['postcode']}</arg>
<doc>Logs the given message with the given level.</doc>
<status status="PASS" start="2024-04-23T07:13:13.596190" elapsed="0.000370"/>
</kw>
<status status="PASS" start="2024-04-23T07:13:13.506903" elapsed="0.089909"/>
</kw>
<doc>Testa se os tipos de dados na resposta da API estão corretos.</doc>
<tag>testeTiposDados</tag>
<status status="PASS" start="2024-04-23T07:13:13.343013" elapsed="0.253962"/>
</test>
<test id="s1-s1-t5" name="Validar conteudo" line="35">
<kw name="Teste de Tipos de Conteudo" owner="random-user-service">
<kw name="GET On Session" owner="RequestsLibrary">
<msg time="2024-04-23T07:13:13.715964" level="INFO">GET Request : url=https://randomuser.me/api 
 path_url=/api 
 headers={'User-Agent': 'python-requests/2.31.0', 'Accept-Encoding': 'gzip, deflate', 'Accept': '*/*', 'Connection': 'keep-alive'} 
 body=None 
 </msg>
<msg time="2024-04-23T07:13:13.716076" level="INFO">GET Response : url=https://randomuser.me/api 
 status=200, reason=OK 
 headers={'Date': 'Tue, 23 Apr 2024 07:13:13 GMT', 'Content-Type': 'application/json; charset=utf-8', 'Transfer-Encoding': 'chunked', 'Connection': 'keep-alive', 'X-Powered-By': 'Express', 'Access-Control-Allow-Origin': '*', 'Cache-Control': 'no-cache', 'ETag': 'W/"46c-Zsogxc5CPb0bHrnsDcA5ypp3vSM"', 'Vary': 'Accept-Encoding', 'Content-Encoding': 'gzip', 'CF-Cache-Status': 'DYNAMIC', 'Report-To': '{"endpoints":[{"url":"https:\\/\\/a.nel.cloudflare.com\\/report\\/v4?s=QNW3ud%2FJopz1ubpm5WYIdE7ADqwyvX%2FnWVJzvJ4XR%2Bnf0moGkoUxZn%2BJNNowZSm004TTtt0KPtFR%2B6CrFsjaaFMgDbWtOsrBI%2FbtrnffdVASgstvvTLXMY2tlu1OdzK%2B"}],"group":"cf-nel","max_age":604800}', 'NEL': '{"success_fraction":0,"report_to":"cf-nel","max_age":604800}', 'Server': 'cloudflare', 'CF-RAY': '878c0cbc0b282385-SJC', 'alt-svc': 'h3=":443"; ma=86400'} 
 body={"results":[{"gender":"male","name":{"title":"Mr","first":"Ross","last":"Boyd"},"location":{"street":{"number":5544,"name":"Woodland St"},"city":"Ballarat","state":"Queensland","country":"Australia","postcode":5533,"coordinates":{"latitude":"-83.6615","longitude":"-105.7225"},"timezone":{"offset":"-3:30","description":"Newfoundland"}},"email":"ross.boyd@example.com","login":{"uuid":"d158f165-efd5-4a63-beeb-b83f5e0f5591","username":"tinypanda727","password":"thick","salt":"691uOAoB","md5":"87499c777744fe4dee6bc185630278bc","sha1":"ea1f067b036dd8b8a1407da40e1bec92266f680b","sha256":"350781aa08fc506ebdbb13ac990e6a5ff9edfc3d8abb340706af82b8822158a9"},"dob":{"date":"1975-10-31T20:29:19.970Z","age":48},"registered":{"date":"2006-10-08T20:28:34.328Z","age":17},"phone":"03-8093-3600","cell":"0455-702-252","id":{"name":"TFN","value":"097459136"},"picture":{"large":"https://randomuser.me/api/portraits/men/98.jpg","medium":"https://randomuser.me/api/portraits/med/men/98.jpg","thumbnail":"https://randomuser.me/api/portraits/thumb/men/98.jpg"},"nat":"AU"}],"info":{"seed":"0fc9c7c94a822966","results":1,"page":1,"version":"1.4"}} 
 </msg>
<msg time="2024-04-23T07:13:13.716161" level="INFO">/opt/hostedtoolcache/Python/3.12.3/x64/lib/python3.12/site-packages/urllib3/connectionpool.py:1103: InsecureRequestWarning: Unverified HTTPS request is being made to host 'randomuser.me'. Adding certificate verification is strongly advised. See: https://urllib3.readthedocs.io/en/latest/advanced-usage.html#tls-warnings
  warnings.warn(</msg>
<msg time="2024-04-23T07:13:13.716295" level="INFO">${response} = &lt;Response [200]&gt;</msg>
<var>${response}</var>
<arg>consultarAPI</arg>
<arg>/api</arg>
<doc>Sends a GET request on a previously created HTTP Session.</doc>
<status status="PASS" start="2024-04-23T07:13:13.599521" elapsed="0.116815"/>
</kw>
<kw name="Set Variable" owner="BuiltIn">
<msg time="2024-04-23T07:13:13.717408" level="INFO">${json_data} = {'results': [{'gender': 'male', 'name': {'title': 'Mr', 'first': 'Ross', 'last': 'Boyd'}, 'location': {'street': {'number': 5544, 'name': 'Woodland St'}, 'city': 'Ballarat', 'state': 'Queensland', 'co...</msg>
<var>${json_data}</var>
<arg>${response.json()}</arg>
<doc>Returns the given values which can then be assigned to a variables.</doc>
<status status="PASS" start="2024-04-23T07:13:13.716897" elapsed="0.000539"/>
</kw>
<kw name="Set Variable" owner="BuiltIn">
<msg time="2024-04-23T07:13:13.718174" level="INFO">${name_title} = Mr</msg>
<var>${name_title}</var>
<arg>${json_data["results"][0]["name"]["title"]}</arg>
<doc>Returns the given values which can then be assigned to a variables.</doc>
<status status="PASS" start="2024-04-23T07:13:13.717791" elapsed="0.000408"/>
</kw>
<kw name="Create List" owner="BuiltIn">
<msg time="2024-04-23T07:13:13.718647" level="INFO">${allowed_titles} = ['Mr', 'Ms', 'Miss', 'Mrs', 'Madame', 'Monsieur']</msg>
<var>${allowed_titles}</var>
<arg>Mr</arg>
<arg>Ms</arg>
<arg>Miss</arg>
<arg>Mrs</arg>
<arg>Madame</arg>
<arg>Monsieur</arg>
<doc>Returns a list containing given items.</doc>
<status status="PASS" start="2024-04-23T07:13:13.718497" elapsed="0.000175"/>
</kw>
<kw name="List Should Contain Value" owner="Collections">
<msg time="2024-04-23T07:13:13.719141" level="INFO">False</msg>
<arg>${allowed_titles}</arg>
<arg>${name_title}</arg>
<doc>Fails if the ``value`` is not found from ``list``.</doc>
<status status="PASS" start="2024-04-23T07:13:13.718968" elapsed="0.000209"/>
</kw>
<kw name="Set Variable" owner="BuiltIn">
<msg time="2024-04-23T07:13:13.719877" level="INFO">${name_country} = AU</msg>
<var>${name_country}</var>
<arg>${json_data["results"][0]["nat"]}</arg>
<doc>Returns the given values which can then be assigned to a variables.</doc>
<status status="PASS" start="2024-04-23T07:13:13.719490" elapsed="0.000412"/>
</kw>
<kw name="Create List" owner="BuiltIn">
<msg time="2024-04-23T07:13:13.720786" level="INFO">${list_country} = ['AD', 'AE', 'AF', 'AG', 'AI', 'AL', 'AM', 'AO', 'AQ', 'AR', 'AS', 'AT', 'AU', 'AW', 'AX', 'AZ', 'BA', 'BB', 'BD', 'BE', 'BF', 'BG', 'BH', 'BI', 'BJ', 'BL', 'BM', 'BN', 'BO', 'BQ', 'BR', 'BS', 'BT', '...</msg>
<var>${list_country}</var>
<arg>AD</arg>
<arg>AE</arg>
<arg>AF</arg>
<arg>AG</arg>
<arg>AI</arg>
<arg>AL</arg>
<arg>AM</arg>
<arg>AO</arg>
<arg>AQ</arg>
<arg>AR</arg>
<arg>AS</arg>
<arg>AT</arg>
<arg>AU</arg>
<arg>AW</arg>
<arg>AX</arg>
<arg>AZ</arg>
<arg>BA</arg>
<arg>BB</arg>
<arg>BD</arg>
<arg>BE</arg>
<arg>BF</arg>
<arg>BG</arg>
<arg>BH</arg>
<arg>BI</arg>
<arg>BJ</arg>
<arg>BL</arg>
<arg>BM</arg>
<arg>BN</arg>
<arg>BO</arg>
<arg>BQ</arg>
<arg>BR</arg>
<arg>BS</arg>
<arg>BT</arg>
<arg>BV</arg>
<arg>BW</arg>
<arg>BY</arg>
<arg>BZ</arg>
<arg>CA</arg>
<arg>CC</arg>
<arg>CD</arg>
<arg>CF</arg>
<arg>CG</arg>
<arg>CH</arg>
<arg>CI</arg>
<arg>CK</arg>
<arg>CL</arg>
<arg>CM</arg>
<arg>CN</arg>
<arg>CO</arg>
<arg>CR</arg>
<arg>CU</arg>
<arg>CV</arg>
<arg>CW</arg>
<arg>CX</arg>
<arg>CY</arg>
<arg>CZ</arg>
<arg>DE</arg>
<arg>DJ</arg>
<arg>DK</arg>
<arg>DM</arg>
<arg>DO</arg>
<arg>DZ</arg>
<arg>EC</arg>
<arg>EE</arg>
<arg>EG</arg>
<arg>EH</arg>
<arg>ER</arg>
<arg>ES</arg>
<arg>ET</arg>
<arg>FI</arg>
<arg>FJ</arg>
<arg>FK</arg>
<arg>FM</arg>
<arg>FO</arg>
<arg>FR</arg>
<arg>GA</arg>
<arg>GB</arg>
<arg>GD</arg>
<arg>GE</arg>
<arg>GF</arg>
<arg>GG</arg>
<arg>GH</arg>
<arg>GI</arg>
<arg>GL</arg>
<arg>GM</arg>
<arg>GN</arg>
<arg>GP</arg>
<arg>GQ</arg>
<arg>GR</arg>
<arg>GS</arg>
<arg>GT</arg>
<arg>GU</arg>
<arg>GW</arg>
<arg>GY</arg>
<arg>HK</arg>
<arg>HM</arg>
<arg>HN</arg>
<arg>HR</arg>
<arg>HT</arg>
<arg>HU</arg>
<arg>ID</arg>
<arg>IE</arg>
<arg>IL</arg>
<arg>IM</arg>
<arg>IN</arg>
<arg>IO</arg>
<arg>IQ</arg>
<arg>IR</arg>
<arg>IS</arg>
<arg>IT</arg>
<arg>JE</arg>
<arg>JM</arg>
<arg>JO</arg>
<arg>JP</arg>
<arg>KE</arg>
<arg>KG</arg>
<arg>KH</arg>
<arg>KI</arg>
<arg>KM</arg>
<arg>KN</arg>
<arg>KP</arg>
<arg>KR</arg>
<arg>KW</arg>
<arg>KY</arg>
<arg>KZ</arg>
<arg>LA</arg>
<arg>LB</arg>
<arg>LC</arg>
<arg>LI</arg>
<arg>LK</arg>
<arg>LR</arg>
<arg>LS</arg>
<arg>LT</arg>
<arg>LU</arg>
<arg>LV</arg>
<arg>LY</arg>
<arg>MA</arg>
<arg>MC</arg>
<arg>MD</arg>
<arg>ME</arg>
<arg>MF</arg>
<arg>MG</arg>
<arg>MH</arg>
<arg>MK</arg>
<arg>ML</arg>
<arg>MM</arg>
<arg>MN</arg>
<arg>MO</arg>
<arg>MP</arg>
<arg>MQ</arg>
<arg>MR</arg>
<arg>MS</arg>
<arg>MT</arg>
<arg>MU</arg>
<arg>MV</arg>
<arg>MW</arg>
<arg>MX</arg>
<arg>MY</arg>
<arg>MZ</arg>
<arg>NA</arg>
<arg>NC</arg>
<arg>NE</arg>
<arg>NF</arg>
<arg>NG</arg>
<arg>NI</arg>
<arg>NL</arg>
<arg>NO</arg>
<arg>NP</arg>
<arg>NR</arg>
<arg>NU</arg>
<arg>NZ</arg>
<arg>OM</arg>
<arg>PA</arg>
<arg>PE</arg>
<arg>PF</arg>
<arg>PG</arg>
<arg>PH</arg>
<arg>PK</arg>
<arg>PL</arg>
<arg>PM</arg>
<arg>PN</arg>
<arg>PR</arg>
<arg>PS</arg>
<arg>PT</arg>
<arg>PW</arg>
<arg>PY</arg>
<arg>QA</arg>
<arg>RE</arg>
<arg>RO</arg>
<arg>RS</arg>
<arg>RU</arg>
<arg>RW</arg>
<arg>SA</arg>
<arg>SB</arg>
<arg>SC</arg>
<arg>SD</arg>
<arg>SE</arg>
<arg>SG</arg>
<arg>SH</arg>
<arg>SI</arg>
<arg>SJ</arg>
<arg>SK</arg>
<arg>SL</arg>
<arg>SM</arg>
<arg>SN</arg>
<arg>SO</arg>
<arg>SR</arg>
<arg>SS</arg>
<arg>ST</arg>
<arg>SV</arg>
<arg>SX</arg>
<arg>SY</arg>
<arg>SZ</arg>
<arg>TC</arg>
<arg>TD</arg>
<arg>TF</arg>
<arg>TG</arg>
<arg>TH</arg>
<arg>TJ</arg>
<arg>TK</arg>
<arg>TL</arg>
<arg>TM</arg>
<arg>TN</arg>
<arg>TO</arg>
<arg>TR</arg>
<arg>TT</arg>
<arg>TV</arg>
<arg>TW</arg>
<arg>TZ</arg>
<arg>UA</arg>
<arg>UG</arg>
<arg>UM</arg>
<arg>US</arg>
<arg>UY</arg>
<arg>UZ</arg>
<arg>VA</arg>
<arg>VC</arg>
<arg>VE</arg>
<arg>VG</arg>
<arg>VI</arg>
<arg>VN</arg>
<arg>VU</arg>
<arg>WF</arg>
<arg>WS</arg>
<arg>XK</arg>
<arg>YE</arg>
<arg>YT</arg>
<arg>ZA</arg>
<arg>ZM</arg>
<arg>ZW</arg>
<doc>Returns a list containing given items.</doc>
<status status="PASS" start="2024-04-23T07:13:13.720202" elapsed="0.000609"/>
</kw>
<kw name="List Should Contain Value" owner="Collections">
<msg time="2024-04-23T07:13:13.721827" level="INFO">False</msg>
<arg>${list_country}</arg>
<arg>${name_country}</arg>
<doc>Fails if the ``value`` is not found from ``list``.</doc>
<status status="PASS" start="2024-04-23T07:13:13.721627" elapsed="0.000236"/>
</kw>
<kw name="Run Keyword If" owner="BuiltIn">
<kw name="Should Be True" owner="BuiltIn">
<arg>${True}</arg>
<doc>Fails if the given condition is not true.</doc>
<status status="PASS" start="2024-04-23T07:13:13.722928" elapsed="0.000260"/>
</kw>
<arg>${json_data["results"][0]["location"]["coordinates"]["latitude"]} &gt;= -90 and ${json_data["results"][0]["location"]["coordinates"]["latitude"]} &lt;= 90</arg>
<arg>Should Be True</arg>
<arg>${True}</arg>
<doc>Runs the given keyword with the given arguments, if ``condition`` is true.</doc>
<status status="PASS" start="2024-04-23T07:13:13.722172" elapsed="0.001149"/>
</kw>
<kw name="Run Keyword If" owner="BuiltIn">
<kw name="Should Be True" owner="BuiltIn">
<arg>${True}</arg>
<doc>Fails if the given condition is not true.</doc>
<status status="PASS" start="2024-04-23T07:13:13.724253" elapsed="0.000138"/>
</kw>
<arg>${json_data["results"][0]["location"]["coordinates"]["longitude"]} &gt;= -180 and ${json_data["results"][0]["location"]["coordinates"]["longitude"]} &lt;= 180</arg>
<arg>Should Be True</arg>
<arg>${True}</arg>
<doc>Runs the given keyword with the given arguments, if ``condition`` is true.</doc>
<status status="PASS" start="2024-04-23T07:13:13.723542" elapsed="0.000972"/>
</kw>
<status status="PASS" start="2024-04-23T07:13:13.599294" elapsed="0.125352"/>
</kw>
<doc>Testa o conteúdo específico dos campos retornados pela API.</doc>
<tag>testeConteudo</tag>
<status status="PASS" start="2024-04-23T07:13:13.598822" elapsed="0.125971"/>
</test>
<status status="PASS" start="2024-04-23T07:13:11.490144" elapsed="2.236647"/>
</suite>
<status status="PASS" start="2024-04-23T07:13:11.475887" elapsed="2.256053"/>
</suite>
<statistics>
<total>
<stat pass="5" fail="0" skip="0">All Tests</stat>
</total>
<tag>
<stat pass="1" fail="0" skip="0">testeConteudo</stat>
<stat pass="1" fail="0" skip="0">testeEstruturaResposta</stat>
<stat pass="1" fail="0" skip="0">testeRequisicaoBasica</stat>
<stat pass="1" fail="0" skip="0">testeTiposDados</stat>
</tag>
<suite>
<stat pass="5" fail="0" skip="0" id="s1" name="Tests">Tests</stat>
<stat pass="5" fail="0" skip="0" id="s1-s1" name="Random-User-Test">Tests.Random-User-Test</stat>
</suite>
</statistics>
<errors>
</errors>
</robot>
