<?xml version="1.0" encoding="UTF-8"?>
<robot generator="Robot 7.0 (Python 3.12.2 on linux)" generated="2024-03-21T20:14:30.646967" rpa="false" schemaversion="5">
<suite id="s1" name="Tests" source="/home/runner/work/DesafioQAItauRogerioJordao/DesafioQAItauRogerioJordao/RamdonUser/tests">
<suite id="s1-s1" name="Random-User-Test" source="/home/runner/work/DesafioQAItauRogerioJordao/DesafioQAItauRogerioJordao/RamdonUser/tests/random-user-test.robot">
<test id="s1-s1-t1" name="Conectar" line="13">
<kw name="Conectar API" owner="random-user-service">
<kw name="Create Session" owner="RequestsLibrary">
<msg time="2024-03-21T20:14:31.011473" level="INFO">Creating Session using : alias=consultarAPI, url=https://randomuser.me/, headers={},                     cookies={}, auth=None, timeout=None, proxies=None, verify=False,                     debug=0 </msg>
<arg>consultarAPI</arg>
<arg>${URL}</arg>
<doc>Create Session: create a HTTP session to a server</doc>
<status status="PASS" start="2024-03-21T20:14:31.011218" elapsed="0.000448"/>
</kw>
<status status="PASS" start="2024-03-21T20:14:31.010109" elapsed="0.001951"/>
</kw>
<status status="PASS" start="2024-03-21T20:14:31.009486" elapsed="0.002790"/>
</test>
<test id="s1-s1-t2" name="Validar retorno 200 e JSON Válido" line="16">
<kw name="Teste de Requisicao Basica" owner="random-user-service">
<kw name="GET On Session" owner="RequestsLibrary">
<msg time="2024-03-21T20:14:31.191080" level="INFO">GET Request : url=https://randomuser.me/api 
 path_url=/api 
 headers={'User-Agent': 'python-requests/2.31.0', 'Accept-Encoding': 'gzip, deflate', 'Accept': '*/*', 'Connection': 'keep-alive'} 
 body=None 
 </msg>
<msg time="2024-03-21T20:14:31.191261" level="INFO">GET Response : url=https://randomuser.me/api 
 status=200, reason=OK 
 headers={'Date': 'Thu, 21 Mar 2024 20:14:31 GMT', 'Content-Type': 'application/json; charset=utf-8', 'Transfer-Encoding': 'chunked', 'Connection': 'keep-alive', 'X-Powered-By': 'Express', 'Access-Control-Allow-Origin': '*', 'Cache-Control': 'no-cache', 'ETag': 'W/"470-3f81RMJRNiKdfIlSFU8r/CXDNnA"', 'Vary': 'Accept-Encoding', 'Content-Encoding': 'gzip', 'CF-Cache-Status': 'DYNAMIC', 'Report-To': '{"endpoints":[{"url":"https:\\/\\/a.nel.cloudflare.com\\/report\\/v4?s=blmOTFRbYEvOBxlCu6ObResBRmu4qajMc%2BXa5lRF2PoNjrXJLreORC4alPcVAgugUG%2BUaP4hSQR8VG%2BpSK3j0DIg%2B681gqpPEpyCo7O7cYhS8gwZHf%2FHSVfp4H%2BgAxTT"}],"group":"cf-nel","max_age":604800}', 'NEL': '{"success_fraction":0,"report_to":"cf-nel","max_age":604800}', 'Server': 'cloudflare', 'CF-RAY': '86809bd4b85c9c22-IAD', 'alt-svc': 'h3=":443"; ma=86400'} 
 body={"results":[{"gender":"male","name":{"title":"Mr","first":"Ruben","last":"Øvstedal"},"location":{"street":{"number":5033,"name":"St. Halvards plass"},"city":"Brandal","state":"Description","country":"Norway","postcode":"2637","coordinates":{"latitude":"44.4460","longitude":"-40.6150"},"timezone":{"offset":"-10:00","description":"Hawaii"}},"email":"ruben.ovstedal@example.com","login":{"uuid":"cf18c13c-8197-447f-8535-c0a556e9a876","username":"bluefrog785","password":"ericsson","salt":"HgLDtD7d","md5":"48b4703ff6a1f7aa92b75a7e6424f806","sha1":"1fa07119f3f3e92b67b6f2586ca5b20c1f49c196","sha256":"6f14ed3545a8bd053d3d4836e73cd4b4604b753fccc9a34e71cfcbe468188b82"},"dob":{"date":"1945-06-25T06:51:15.019Z","age":78},"registered":{"date":"2015-09-17T10:50:13.635Z","age":8},"phone":"54956544","cell":"43312163","id":{"name":"FN","value":"25064520515"},"picture":{"large":"https://randomuser.me/api/portraits/men/36.jpg","medium":"https://randomuser.me/api/portraits/med/men/36.jpg","thumbnail":"https://randomuser.me/api/portraits/thumb/men/36.jpg"},"nat":"NO"}],"info":{"seed":"098eaf5632e2ec29","results":1,"page":1,"version":"1.4"}} 
 </msg>
<msg time="2024-03-21T20:14:31.191428" level="INFO">/opt/hostedtoolcache/Python/3.12.2/x64/lib/python3.12/site-packages/urllib3/connectionpool.py:1103: InsecureRequestWarning: Unverified HTTPS request is being made to host 'randomuser.me'. Adding certificate verification is strongly advised. See: https://urllib3.readthedocs.io/en/latest/advanced-usage.html#tls-warnings
  warnings.warn(</msg>
<msg time="2024-03-21T20:14:31.191597" level="INFO">${response} = &lt;Response [200]&gt;</msg>
<var>${response}</var>
<arg>consultarAPI</arg>
<arg>/api</arg>
<doc>Sends a GET request on a previously created HTTP Session.</doc>
<status status="PASS" start="2024-03-21T20:14:31.014969" elapsed="0.176677"/>
</kw>
<kw name="Should Be Equal As Numbers" owner="BuiltIn">
<msg time="2024-03-21T20:14:31.192743" level="INFO">Argument types are:
&lt;class 'int'&gt;
&lt;class 'str'&gt;</msg>
<arg>${response.status_code}</arg>
<arg>200</arg>
<doc>Fails if objects are unequal after converting them to real numbers.</doc>
<status status="PASS" start="2024-03-21T20:14:31.192258" elapsed="0.000557"/>
</kw>
<kw name="Log" owner="BuiltIn">
<msg time="2024-03-21T20:14:31.193583" level="INFO">200</msg>
<arg>${response.status_code}</arg>
<doc>Logs the given message with the given level.</doc>
<status status="PASS" start="2024-03-21T20:14:31.193194" elapsed="0.000435"/>
</kw>
<kw name="Set Variable" owner="BuiltIn">
<msg time="2024-03-21T20:14:31.194468" level="INFO">${json_data} = {'results': [{'gender': 'male', 'name': {'title': 'Mr', 'first': 'Ruben', 'last': 'Øvstedal'}, 'location': {'street': {'number': 5033, 'name': 'St. Halvards plass'}, 'city': 'Brandal', 'state': 'Descr...</msg>
<var>${json_data}</var>
<arg>${response.json()}</arg>
<doc>Returns the given values which can then be assigned to a variables.</doc>
<status status="PASS" start="2024-03-21T20:14:31.193992" elapsed="0.000506"/>
</kw>
<kw name="Dictionary Should Contain Key" owner="Collections">
<msg time="2024-03-21T20:14:31.194997" level="INFO">False</msg>
<arg>${json_data}</arg>
<arg>results</arg>
<doc>Fails if ``key`` is not found from ``dictionary``.</doc>
<status status="PASS" start="2024-03-21T20:14:31.194816" elapsed="0.000223"/>
</kw>
<status status="PASS" start="2024-03-21T20:14:31.014705" elapsed="0.180608"/>
</kw>
<doc>Testa se a API responde corretamente e retorna um objeto JSON válido.</doc>
<tag>testeRequisicaoBasica</tag>
<status status="PASS" start="2024-03-21T20:14:31.014160" elapsed="0.181396"/>
</test>
<test id="s1-s1-t3" name="Validar estrutura de resposta" line="22">
<kw name="Teste de Estrutura de Resposta" owner="random-user-service">
<kw name="GET On Session" owner="RequestsLibrary">
<msg time="2024-03-21T20:14:31.294925" level="INFO">GET Request : url=https://randomuser.me/api 
 path_url=/api 
 headers={'User-Agent': 'python-requests/2.31.0', 'Accept-Encoding': 'gzip, deflate', 'Accept': '*/*', 'Connection': 'keep-alive'} 
 body=None 
 </msg>
<msg time="2024-03-21T20:14:31.295036" level="INFO">GET Response : url=https://randomuser.me/api 
 status=200, reason=OK 
 headers={'Date': 'Thu, 21 Mar 2024 20:14:31 GMT', 'Content-Type': 'application/json; charset=utf-8', 'Transfer-Encoding': 'chunked', 'Connection': 'keep-alive', 'X-Powered-By': 'Express', 'Access-Control-Allow-Origin': '*', 'Cache-Control': 'no-cache', 'ETag': 'W/"47d-4KJLButvSd+MV/zOBh5bRKw1Bcw"', 'Vary': 'Accept-Encoding', 'Content-Encoding': 'gzip', 'CF-Cache-Status': 'DYNAMIC', 'Report-To': '{"endpoints":[{"url":"https:\\/\\/a.nel.cloudflare.com\\/report\\/v4?s=%2FnNbDxMwBb2Fc8RanNBsUUobtv5xHajSqMCsV40WWsYglNVV%2FKeuOdwDF%2BJeYArL8OBlO3Qwmx%2FlAtQwGDRNZskQ0PmFGXKg9JduUPkwWSPCpI5D7Mh7lIXKmQVESBof"}],"group":"cf-nel","max_age":604800}', 'NEL': '{"success_fraction":0,"report_to":"cf-nel","max_age":604800}', 'Server': 'cloudflare', 'CF-RAY': '86809bd508929c22-IAD', 'alt-svc': 'h3=":443"; ma=86400'} 
 body={"results":[{"gender":"male","name":{"title":"Mr","first":"Viktor","last":"Aarvik"},"location":{"street":{"number":2953,"name":"Bjørnstadbakken"},"city":"Haugesund","state":"Oppland","country":"Norway","postcode":"4636","coordinates":{"latitude":"40.5891","longitude":"-151.8730"},"timezone":{"offset":"-7:00","description":"Mountain Time (US &amp; Canada)"}},"email":"viktor.aarvik@example.com","login":{"uuid":"ff34148b-83e7-44b4-8bce-6b7eab7e1d10","username":"smalltiger486","password":"redd","salt":"Gn5EqRrI","md5":"e0c42c91f64e3ba701772519e756f98b","sha1":"d3285c8373ae0b0560bfa92b6ae78f4ac2cc2660","sha256":"f444994424da21da3e0bfff72e500d9675e655f758704072cf305b1fae50fe38"},"dob":{"date":"1984-06-28T07:10:10.141Z","age":39},"registered":{"date":"2012-04-09T05:49:37.135Z","age":11},"phone":"66491800","cell":"49854685","id":{"name":"FN","value":"28068426547"},"picture":{"large":"https://randomuser.me/api/portraits/men/92.jpg","medium":"https://randomuser.me/api/portraits/med/men/92.jpg","thumbnail":"https://randomuser.me/api/portraits/thumb/men/92.jpg"},"nat":"NO"}],"info":{"seed":"23094177c0d35402","results":1,"page":1,"version":"1.4"}} 
 </msg>
<msg time="2024-03-21T20:14:31.295202" level="INFO">/opt/hostedtoolcache/Python/3.12.2/x64/lib/python3.12/site-packages/urllib3/connectionpool.py:1103: InsecureRequestWarning: Unverified HTTPS request is being made to host 'randomuser.me'. Adding certificate verification is strongly advised. See: https://urllib3.readthedocs.io/en/latest/advanced-usage.html#tls-warnings
  warnings.warn(</msg>
<msg time="2024-03-21T20:14:31.295386" level="INFO">${response} = &lt;Response [200]&gt;</msg>
<var>${response}</var>
<arg>consultarAPI</arg>
<arg>/api</arg>
<doc>Sends a GET request on a previously created HTTP Session.</doc>
<status status="PASS" start="2024-03-21T20:14:31.198501" elapsed="0.096934"/>
</kw>
<kw name="Set Variable" owner="BuiltIn">
<msg time="2024-03-21T20:14:31.296554" level="INFO">${json_data} = {'results': [{'gender': 'male', 'name': {'title': 'Mr', 'first': 'Viktor', 'last': 'Aarvik'}, 'location': {'street': {'number': 2953, 'name': 'Bjørnstadbakken'}, 'city': 'Haugesund', 'state': 'Oppland...</msg>
<var>${json_data}</var>
<arg>${response.json()}</arg>
<doc>Returns the given values which can then be assigned to a variables.</doc>
<status status="PASS" start="2024-03-21T20:14:31.295988" elapsed="0.000598"/>
</kw>
<kw name="Log" owner="BuiltIn">
<msg time="2024-03-21T20:14:31.297132" level="INFO">{'results': [{'gender': 'male', 'name': {'title': 'Mr', 'first': 'Viktor', 'last': 'Aarvik'}, 'location': {'street': {'number': 2953, 'name': 'Bjørnstadbakken'}, 'city': 'Haugesund', 'state': 'Oppland', 'country': 'Norway', 'postcode': '4636', 'coordinates': {'latitude': '40.5891', 'longitude': '-151.8730'}, 'timezone': {'offset': '-7:00', 'description': 'Mountain Time (US &amp; Canada)'}}, 'email': 'viktor.aarvik@example.com', 'login': {'uuid': 'ff34148b-83e7-44b4-8bce-6b7eab7e1d10', 'username': 'smalltiger486', 'password': 'redd', 'salt': 'Gn5EqRrI', 'md5': 'e0c42c91f64e3ba701772519e756f98b', 'sha1': 'd3285c8373ae0b0560bfa92b6ae78f4ac2cc2660', 'sha256': 'f444994424da21da3e0bfff72e500d9675e655f758704072cf305b1fae50fe38'}, 'dob': {'date': '1984-06-28T07:10:10.141Z', 'age': 39}, 'registered': {'date': '2012-04-09T05:49:37.135Z', 'age': 11}, 'phone': '66491800', 'cell': '49854685', 'id': {'name': 'FN', 'value': '28068426547'}, 'picture': {'large': 'https://randomuser.me/api/portraits/men/92.jpg', 'medium': 'https://randomuser.me/api/portraits/med/men/92.jpg', 'thumbnail': 'https://randomuser.me/api/portraits/thumb/men/92.jpg'}, 'nat': 'NO'}], 'info': {'seed': '23094177c0d35402', 'results': 1, 'page': 1, 'version': '1.4'}}</msg>
<arg>${json_data}</arg>
<doc>Logs the given message with the given level.</doc>
<status status="PASS" start="2024-03-21T20:14:31.296949" elapsed="0.000237"/>
</kw>
<kw name="Dictionary Should Contain Key" owner="Collections">
<msg time="2024-03-21T20:14:31.297677" level="INFO">False</msg>
<arg>${json_data}</arg>
<arg>results</arg>
<doc>Fails if ``key`` is not found from ``dictionary``.</doc>
<status status="PASS" start="2024-03-21T20:14:31.297509" elapsed="0.000209"/>
</kw>
<kw name="Should Not Be Empty" owner="BuiltIn">
<msg time="2024-03-21T20:14:31.298171" level="INFO">Length is 2.</msg>
<arg>${json_data}</arg>
<doc>Verifies that the given item is not empty.</doc>
<status status="PASS" start="2024-03-21T20:14:31.298031" elapsed="0.000181"/>
</kw>
<kw name="Create List" owner="BuiltIn">
<msg time="2024-03-21T20:14:31.298676" level="INFO">${expected_keys} = ['gender', 'name', 'location', 'email', 'login']</msg>
<var>${expected_keys}</var>
<arg>gender</arg>
<arg>name</arg>
<arg>location</arg>
<arg>email</arg>
<arg>login</arg>
<doc>Returns a list containing given items.</doc>
<status status="PASS" start="2024-03-21T20:14:31.298512" elapsed="0.000190"/>
</kw>
<for flavor="IN">
<iter>
<kw name="Dictionary Should Contain Key" owner="Collections">
<msg time="2024-03-21T20:14:31.299791" level="INFO">False</msg>
<arg>${json_data['results'][0]}</arg>
<arg>${key}</arg>
<doc>Fails if ``key`` is not found from ``dictionary``.</doc>
<status status="PASS" start="2024-03-21T20:14:31.299316" elapsed="0.000517"/>
</kw>
<kw name="Log" owner="BuiltIn">
<msg time="2024-03-21T20:14:31.300549" level="INFO">{'gender': 'male', 'name': {'title': 'Mr', 'first': 'Viktor', 'last': 'Aarvik'}, 'location': {'street': {'number': 2953, 'name': 'Bjørnstadbakken'}, 'city': 'Haugesund', 'state': 'Oppland', 'country': 'Norway', 'postcode': '4636', 'coordinates': {'latitude': '40.5891', 'longitude': '-151.8730'}, 'timezone': {'offset': '-7:00', 'description': 'Mountain Time (US &amp; Canada)'}}, 'email': 'viktor.aarvik@example.com', 'login': {'uuid': 'ff34148b-83e7-44b4-8bce-6b7eab7e1d10', 'username': 'smalltiger486', 'password': 'redd', 'salt': 'Gn5EqRrI', 'md5': 'e0c42c91f64e3ba701772519e756f98b', 'sha1': 'd3285c8373ae0b0560bfa92b6ae78f4ac2cc2660', 'sha256': 'f444994424da21da3e0bfff72e500d9675e655f758704072cf305b1fae50fe38'}, 'dob': {'date': '1984-06-28T07:10:10.141Z', 'age': 39}, 'registered': {'date': '2012-04-09T05:49:37.135Z', 'age': 11}, 'phone': '66491800', 'cell': '49854685', 'id': {'name': 'FN', 'value': '28068426547'}, 'picture': {'large': 'https://randomuser.me/api/portraits/men/92.jpg', 'medium': 'https://randomuser.me/api/portraits/med/men/92.jpg', 'thumbnail': 'https://randomuser.me/api/portraits/thumb/men/92.jpg'}, 'nat': 'NO'}</msg>
<arg>${json_data['results'][0]}</arg>
<doc>Logs the given message with the given level.</doc>
<status status="PASS" start="2024-03-21T20:14:31.300150" elapsed="0.000459"/>
</kw>
<kw name="Log" owner="BuiltIn">
<msg time="2024-03-21T20:14:31.301056" level="INFO">gender</msg>
<arg>${key}</arg>
<doc>Logs the given message with the given level.</doc>
<status status="PASS" start="2024-03-21T20:14:31.300923" elapsed="0.000174"/>
</kw>
<var name="${key}">gender</var>
<status status="PASS" start="2024-03-21T20:14:31.299186" elapsed="0.002136"/>
</iter>
<iter>
<kw name="Dictionary Should Contain Key" owner="Collections">
<msg time="2024-03-21T20:14:31.302037" level="INFO">False</msg>
<arg>${json_data['results'][0]}</arg>
<arg>${key}</arg>
<doc>Fails if ``key`` is not found from ``dictionary``.</doc>
<status status="PASS" start="2024-03-21T20:14:31.301646" elapsed="0.000431"/>
</kw>
<kw name="Log" owner="BuiltIn">
<msg time="2024-03-21T20:14:31.302781" level="INFO">{'gender': 'male', 'name': {'title': 'Mr', 'first': 'Viktor', 'last': 'Aarvik'}, 'location': {'street': {'number': 2953, 'name': 'Bjørnstadbakken'}, 'city': 'Haugesund', 'state': 'Oppland', 'country': 'Norway', 'postcode': '4636', 'coordinates': {'latitude': '40.5891', 'longitude': '-151.8730'}, 'timezone': {'offset': '-7:00', 'description': 'Mountain Time (US &amp; Canada)'}}, 'email': 'viktor.aarvik@example.com', 'login': {'uuid': 'ff34148b-83e7-44b4-8bce-6b7eab7e1d10', 'username': 'smalltiger486', 'password': 'redd', 'salt': 'Gn5EqRrI', 'md5': 'e0c42c91f64e3ba701772519e756f98b', 'sha1': 'd3285c8373ae0b0560bfa92b6ae78f4ac2cc2660', 'sha256': 'f444994424da21da3e0bfff72e500d9675e655f758704072cf305b1fae50fe38'}, 'dob': {'date': '1984-06-28T07:10:10.141Z', 'age': 39}, 'registered': {'date': '2012-04-09T05:49:37.135Z', 'age': 11}, 'phone': '66491800', 'cell': '49854685', 'id': {'name': 'FN', 'value': '28068426547'}, 'picture': {'large': 'https://randomuser.me/api/portraits/men/92.jpg', 'medium': 'https://randomuser.me/api/portraits/med/men/92.jpg', 'thumbnail': 'https://randomuser.me/api/portraits/thumb/men/92.jpg'}, 'nat': 'NO'}</msg>
<arg>${json_data['results'][0]}</arg>
<doc>Logs the given message with the given level.</doc>
<status status="PASS" start="2024-03-21T20:14:31.302415" elapsed="0.000419"/>
</kw>
<kw name="Log" owner="BuiltIn">
<msg time="2024-03-21T20:14:31.303268" level="INFO">name</msg>
<arg>${key}</arg>
<doc>Logs the given message with the given level.</doc>
<status status="PASS" start="2024-03-21T20:14:31.303137" elapsed="0.000171"/>
</kw>
<var name="${key}">name</var>
<status status="PASS" start="2024-03-21T20:14:31.301526" elapsed="0.002025"/>
</iter>
<iter>
<kw name="Dictionary Should Contain Key" owner="Collections">
<msg time="2024-03-21T20:14:31.304240" level="INFO">False</msg>
<arg>${json_data['results'][0]}</arg>
<arg>${key}</arg>
<doc>Fails if ``key`` is not found from ``dictionary``.</doc>
<status status="PASS" start="2024-03-21T20:14:31.303850" elapsed="0.000430"/>
</kw>
<kw name="Log" owner="BuiltIn">
<msg time="2024-03-21T20:14:31.304948" level="INFO">{'gender': 'male', 'name': {'title': 'Mr', 'first': 'Viktor', 'last': 'Aarvik'}, 'location': {'street': {'number': 2953, 'name': 'Bjørnstadbakken'}, 'city': 'Haugesund', 'state': 'Oppland', 'country': 'Norway', 'postcode': '4636', 'coordinates': {'latitude': '40.5891', 'longitude': '-151.8730'}, 'timezone': {'offset': '-7:00', 'description': 'Mountain Time (US &amp; Canada)'}}, 'email': 'viktor.aarvik@example.com', 'login': {'uuid': 'ff34148b-83e7-44b4-8bce-6b7eab7e1d10', 'username': 'smalltiger486', 'password': 'redd', 'salt': 'Gn5EqRrI', 'md5': 'e0c42c91f64e3ba701772519e756f98b', 'sha1': 'd3285c8373ae0b0560bfa92b6ae78f4ac2cc2660', 'sha256': 'f444994424da21da3e0bfff72e500d9675e655f758704072cf305b1fae50fe38'}, 'dob': {'date': '1984-06-28T07:10:10.141Z', 'age': 39}, 'registered': {'date': '2012-04-09T05:49:37.135Z', 'age': 11}, 'phone': '66491800', 'cell': '49854685', 'id': {'name': 'FN', 'value': '28068426547'}, 'picture': {'large': 'https://randomuser.me/api/portraits/men/92.jpg', 'medium': 'https://randomuser.me/api/portraits/med/men/92.jpg', 'thumbnail': 'https://randomuser.me/api/portraits/thumb/men/92.jpg'}, 'nat': 'NO'}</msg>
<arg>${json_data['results'][0]}</arg>
<doc>Logs the given message with the given level.</doc>
<status status="PASS" start="2024-03-21T20:14:31.304582" elapsed="0.000423"/>
</kw>
<kw name="Log" owner="BuiltIn">
<msg time="2024-03-21T20:14:31.305433" level="INFO">location</msg>
<arg>${key}</arg>
<doc>Logs the given message with the given level.</doc>
<status status="PASS" start="2024-03-21T20:14:31.305304" elapsed="0.000169"/>
</kw>
<var name="${key}">location</var>
<status status="PASS" start="2024-03-21T20:14:31.303737" elapsed="0.001954"/>
</iter>
<iter>
<kw name="Dictionary Should Contain Key" owner="Collections">
<msg time="2024-03-21T20:14:31.306369" level="INFO">False</msg>
<arg>${json_data['results'][0]}</arg>
<arg>${key}</arg>
<doc>Fails if ``key`` is not found from ``dictionary``.</doc>
<status status="PASS" start="2024-03-21T20:14:31.305991" elapsed="0.000417"/>
</kw>
<kw name="Log" owner="BuiltIn">
<msg time="2024-03-21T20:14:31.307059" level="INFO">{'gender': 'male', 'name': {'title': 'Mr', 'first': 'Viktor', 'last': 'Aarvik'}, 'location': {'street': {'number': 2953, 'name': 'Bjørnstadbakken'}, 'city': 'Haugesund', 'state': 'Oppland', 'country': 'Norway', 'postcode': '4636', 'coordinates': {'latitude': '40.5891', 'longitude': '-151.8730'}, 'timezone': {'offset': '-7:00', 'description': 'Mountain Time (US &amp; Canada)'}}, 'email': 'viktor.aarvik@example.com', 'login': {'uuid': 'ff34148b-83e7-44b4-8bce-6b7eab7e1d10', 'username': 'smalltiger486', 'password': 'redd', 'salt': 'Gn5EqRrI', 'md5': 'e0c42c91f64e3ba701772519e756f98b', 'sha1': 'd3285c8373ae0b0560bfa92b6ae78f4ac2cc2660', 'sha256': 'f444994424da21da3e0bfff72e500d9675e655f758704072cf305b1fae50fe38'}, 'dob': {'date': '1984-06-28T07:10:10.141Z', 'age': 39}, 'registered': {'date': '2012-04-09T05:49:37.135Z', 'age': 11}, 'phone': '66491800', 'cell': '49854685', 'id': {'name': 'FN', 'value': '28068426547'}, 'picture': {'large': 'https://randomuser.me/api/portraits/men/92.jpg', 'medium': 'https://randomuser.me/api/portraits/med/men/92.jpg', 'thumbnail': 'https://randomuser.me/api/portraits/thumb/men/92.jpg'}, 'nat': 'NO'}</msg>
<arg>${json_data['results'][0]}</arg>
<doc>Logs the given message with the given level.</doc>
<status status="PASS" start="2024-03-21T20:14:31.306705" elapsed="0.000405"/>
</kw>
<kw name="Log" owner="BuiltIn">
<msg time="2024-03-21T20:14:31.307577" level="INFO">email</msg>
<arg>${key}</arg>
<doc>Logs the given message with the given level.</doc>
<status status="PASS" start="2024-03-21T20:14:31.307443" elapsed="0.000173"/>
</kw>
<var name="${key}">email</var>
<status status="PASS" start="2024-03-21T20:14:31.305870" elapsed="0.001966"/>
</iter>
<iter>
<kw name="Dictionary Should Contain Key" owner="Collections">
<msg time="2024-03-21T20:14:31.308512" level="INFO">False</msg>
<arg>${json_data['results'][0]}</arg>
<arg>${key}</arg>
<doc>Fails if ``key`` is not found from ``dictionary``.</doc>
<status status="PASS" start="2024-03-21T20:14:31.308125" elapsed="0.000426"/>
</kw>
<kw name="Log" owner="BuiltIn">
<msg time="2024-03-21T20:14:31.309207" level="INFO">{'gender': 'male', 'name': {'title': 'Mr', 'first': 'Viktor', 'last': 'Aarvik'}, 'location': {'street': {'number': 2953, 'name': 'Bjørnstadbakken'}, 'city': 'Haugesund', 'state': 'Oppland', 'country': 'Norway', 'postcode': '4636', 'coordinates': {'latitude': '40.5891', 'longitude': '-151.8730'}, 'timezone': {'offset': '-7:00', 'description': 'Mountain Time (US &amp; Canada)'}}, 'email': 'viktor.aarvik@example.com', 'login': {'uuid': 'ff34148b-83e7-44b4-8bce-6b7eab7e1d10', 'username': 'smalltiger486', 'password': 'redd', 'salt': 'Gn5EqRrI', 'md5': 'e0c42c91f64e3ba701772519e756f98b', 'sha1': 'd3285c8373ae0b0560bfa92b6ae78f4ac2cc2660', 'sha256': 'f444994424da21da3e0bfff72e500d9675e655f758704072cf305b1fae50fe38'}, 'dob': {'date': '1984-06-28T07:10:10.141Z', 'age': 39}, 'registered': {'date': '2012-04-09T05:49:37.135Z', 'age': 11}, 'phone': '66491800', 'cell': '49854685', 'id': {'name': 'FN', 'value': '28068426547'}, 'picture': {'large': 'https://randomuser.me/api/portraits/men/92.jpg', 'medium': 'https://randomuser.me/api/portraits/med/men/92.jpg', 'thumbnail': 'https://randomuser.me/api/portraits/thumb/men/92.jpg'}, 'nat': 'NO'}</msg>
<arg>${json_data['results'][0]}</arg>
<doc>Logs the given message with the given level.</doc>
<status status="PASS" start="2024-03-21T20:14:31.308844" elapsed="0.000415"/>
</kw>
<kw name="Log" owner="BuiltIn">
<msg time="2024-03-21T20:14:31.309694" level="INFO">login</msg>
<arg>${key}</arg>
<doc>Logs the given message with the given level.</doc>
<status status="PASS" start="2024-03-21T20:14:31.309565" elapsed="0.000286"/>
</kw>
<var name="${key}">login</var>
<status status="PASS" start="2024-03-21T20:14:31.308010" elapsed="0.002088"/>
</iter>
<var>${key}</var>
<value>@{expected_keys}</value>
<status status="PASS" start="2024-03-21T20:14:31.298980" elapsed="0.011273"/>
</for>
<kw name="Create List" owner="BuiltIn">
<msg time="2024-03-21T20:14:31.310618" level="INFO">${expected_keysTwo} = ['username', 'password']</msg>
<var>${expected_keysTwo}</var>
<arg>username</arg>
<arg>password</arg>
<doc>Returns a list containing given items.</doc>
<status status="PASS" start="2024-03-21T20:14:31.310474" elapsed="0.000169"/>
</kw>
<for flavor="IN">
<iter>
<kw name="Dictionary Should Contain Key" owner="Collections">
<msg time="2024-03-21T20:14:31.311598" level="INFO">False</msg>
<arg>${json_data['results'][0]['login']}</arg>
<arg>${keyTwo}</arg>
<doc>Fails if ``key`` is not found from ``dictionary``.</doc>
<status status="PASS" start="2024-03-21T20:14:31.311158" elapsed="0.000480"/>
</kw>
<kw name="Dictionary Should Contain Key" owner="Collections">
<msg time="2024-03-21T20:14:31.312314" level="INFO">False</msg>
<arg>${json_data['results'][0]['login']}</arg>
<arg>${keyTwo}</arg>
<doc>Fails if ``key`` is not found from ``dictionary``.</doc>
<status status="PASS" start="2024-03-21T20:14:31.311936" elapsed="0.000415"/>
</kw>
<kw name="Log" owner="BuiltIn">
<msg time="2024-03-21T20:14:31.312776" level="INFO">username</msg>
<arg>${keyTwo}</arg>
<doc>Logs the given message with the given level.</doc>
<status status="PASS" start="2024-03-21T20:14:31.312647" elapsed="0.000167"/>
</kw>
<var name="${keyTwo}">username</var>
<status status="PASS" start="2024-03-21T20:14:31.311047" elapsed="0.001982"/>
</iter>
<iter>
<kw name="Dictionary Should Contain Key" owner="Collections">
<msg time="2024-03-21T20:14:31.313687" level="INFO">False</msg>
<arg>${json_data['results'][0]['login']}</arg>
<arg>${keyTwo}</arg>
<doc>Fails if ``key`` is not found from ``dictionary``.</doc>
<status status="PASS" start="2024-03-21T20:14:31.313314" elapsed="0.000412"/>
</kw>
<kw name="Dictionary Should Contain Key" owner="Collections">
<msg time="2024-03-21T20:14:31.314411" level="INFO">False</msg>
<arg>${json_data['results'][0]['login']}</arg>
<arg>${keyTwo}</arg>
<doc>Fails if ``key`` is not found from ``dictionary``.</doc>
<status status="PASS" start="2024-03-21T20:14:31.314028" elapsed="0.000420"/>
</kw>
<kw name="Log" owner="BuiltIn">
<msg time="2024-03-21T20:14:31.314866" level="INFO">password</msg>
<arg>${keyTwo}</arg>
<doc>Logs the given message with the given level.</doc>
<status status="PASS" start="2024-03-21T20:14:31.314738" elapsed="0.000166"/>
</kw>
<var name="${keyTwo}">password</var>
<status status="PASS" start="2024-03-21T20:14:31.313204" elapsed="0.001920"/>
</iter>
<var>${keyTwo}</var>
<value>@{expected_keysTwo}</value>
<status status="PASS" start="2024-03-21T20:14:31.310888" elapsed="0.004357"/>
</for>
<status status="PASS" start="2024-03-21T20:14:31.198249" elapsed="0.117173"/>
</kw>
<doc>Testa a estrutura da resposta da API.</doc>
<tag>testeEstruturaResposta</tag>
<status status="PASS" start="2024-03-21T20:14:31.197430" elapsed="0.118170"/>
</test>
<test id="s1-s1-t4" name="Validar tipos de dados" line="28">
<kw name="Teste de Tipos de Dados" owner="random-user-service">
<kw name="GET On Session" owner="RequestsLibrary">
<msg time="2024-03-21T20:14:31.399844" level="INFO">GET Request : url=https://randomuser.me/api 
 path_url=/api 
 headers={'User-Agent': 'python-requests/2.31.0', 'Accept-Encoding': 'gzip, deflate', 'Accept': '*/*', 'Connection': 'keep-alive'} 
 body=None 
 </msg>
<msg time="2024-03-21T20:14:31.399952" level="INFO">GET Response : url=https://randomuser.me/api 
 status=200, reason=OK 
 headers={'Date': 'Thu, 21 Mar 2024 20:14:31 GMT', 'Content-Type': 'application/json; charset=utf-8', 'Transfer-Encoding': 'chunked', 'Connection': 'keep-alive', 'X-Powered-By': 'Express', 'Access-Control-Allow-Origin': '*', 'Cache-Control': 'no-cache', 'ETag': 'W/"497-IZ32CdwKIxjy/TGWtIBwVtK9edk"', 'Vary': 'Accept-Encoding', 'Content-Encoding': 'gzip', 'CF-Cache-Status': 'DYNAMIC', 'Report-To': '{"endpoints":[{"url":"https:\\/\\/a.nel.cloudflare.com\\/report\\/v4?s=5lCXffhrVxat63Qwy2G88uLQG1wUGZQSHTbyIJaU2jKkKUdtKCgfrk%2FzrRFhWi%2BiaHtVsP2JhCGwQRUU6URmihGKfbNJejQ57Tzfga6jfYIsaQOVW5%2FUsQk17DGvHD7t"}],"group":"cf-nel","max_age":604800}', 'NEL': '{"success_fraction":0,"report_to":"cf-nel","max_age":604800}', 'Server': 'cloudflare', 'CF-RAY': '86809bd5c9519c22-IAD', 'alt-svc': 'h3=":443"; ma=86400'} 
 body={"results":[{"gender":"male","name":{"title":"Mr","first":"رادین","last":"نجاتی"},"location":{"street":{"number":2745,"name":"فلسطین"},"city":"اصفهان","state":"آذربایجان غربی","country":"Iran","postcode":92929,"coordinates":{"latitude":"20.1083","longitude":"-58.3288"},"timezone":{"offset":"+3:00","description":"Baghdad, Riyadh, Moscow, St. Petersburg"}},"email":"rdyn.njty@example.com","login":{"uuid":"6b84910e-4c73-4c9b-8db3-03f14e893938","username":"sadduck124","password":"slowhand","salt":"sWEmVKQV","md5":"e0e53c1b069c515eea30c00af77a1061","sha1":"6f5e27e5693732cb904319b449c3ca09481b9f5e","sha256":"ab679e84d4ad0500eb2f2d171d660e1dd6880fe7d4ee2f0c741e8749d239319d"},"dob":{"date":"1956-01-11T01:00:58.812Z","age":68},"registered":{"date":"2022-05-06T18:30:12.826Z","age":1},"phone":"029-55251562","cell":"0973-685-3071","id":{"name":"","value":null},"picture":{"large":"https://randomuser.me/api/portraits/men/7.jpg","medium":"https://randomuser.me/api/portraits/med/men/7.jpg","thumbnail":"https://randomuser.me/api/portraits/thumb/men/7.jpg"},"nat":"IR"}],"info":{"seed":"c8b273481fbe4248","results":1,"page":1,"version":"1.4"}} 
 </msg>
<msg time="2024-03-21T20:14:31.400028" level="INFO">/opt/hostedtoolcache/Python/3.12.2/x64/lib/python3.12/site-packages/urllib3/connectionpool.py:1103: InsecureRequestWarning: Unverified HTTPS request is being made to host 'randomuser.me'. Adding certificate verification is strongly advised. See: https://urllib3.readthedocs.io/en/latest/advanced-usage.html#tls-warnings
  warnings.warn(</msg>
<msg time="2024-03-21T20:14:31.400172" level="INFO">${response} = &lt;Response [200]&gt;</msg>
<var>${response}</var>
<arg>consultarAPI</arg>
<arg>/api</arg>
<doc>Sends a GET request on a previously created HTTP Session.</doc>
<status status="PASS" start="2024-03-21T20:14:31.318212" elapsed="0.082001"/>
</kw>
<kw name="Set Variable" owner="BuiltIn">
<msg time="2024-03-21T20:14:31.401451" level="INFO">${json_data} = {'results': [{'gender': 'male', 'name': {'title': 'Mr', 'first': 'رادین', 'last': 'نجاتی'}, 'location': {'street': {'number': 2745, 'name': 'فلسطین'}, 'city': 'اصفهان', 'state': 'آذربایجان غربی', 'cou...</msg>
<var>${json_data}</var>
<arg>${response.json()}</arg>
<doc>Returns the given values which can then be assigned to a variables.</doc>
<status status="PASS" start="2024-03-21T20:14:31.400879" elapsed="0.000604"/>
</kw>
<kw name="Log" owner="BuiltIn">
<msg time="2024-03-21T20:14:31.401989" level="INFO">{'results': [{'gender': 'male', 'name': {'title': 'Mr', 'first': 'رادین', 'last': 'نجاتی'}, 'location': {'street': {'number': 2745, 'name': 'فلسطین'}, 'city': 'اصفهان', 'state': 'آذربایجان غربی', 'country': 'Iran', 'postcode': 92929, 'coordinates': {'latitude': '20.1083', 'longitude': '-58.3288'}, 'timezone': {'offset': '+3:00', 'description': 'Baghdad, Riyadh, Moscow, St. Petersburg'}}, 'email': 'rdyn.njty@example.com', 'login': {'uuid': '6b84910e-4c73-4c9b-8db3-03f14e893938', 'username': 'sadduck124', 'password': 'slowhand', 'salt': 'sWEmVKQV', 'md5': 'e0e53c1b069c515eea30c00af77a1061', 'sha1': '6f5e27e5693732cb904319b449c3ca09481b9f5e', 'sha256': 'ab679e84d4ad0500eb2f2d171d660e1dd6880fe7d4ee2f0c741e8749d239319d'}, 'dob': {'date': '1956-01-11T01:00:58.812Z', 'age': 68}, 'registered': {'date': '2022-05-06T18:30:12.826Z', 'age': 1}, 'phone': '029-55251562', 'cell': '0973-685-3071', 'id': {'name': '', 'value': None}, 'picture': {'large': 'https://randomuser.me/api/portraits/men/7.jpg', 'medium': 'https://randomuser.me/api/portraits/med/men/7.jpg', 'thumbnail': 'https://randomuser.me/api/portraits/thumb/men/7.jpg'}, 'nat': 'IR'}], 'info': {'seed': 'c8b273481fbe4248', 'results': 1, 'page': 1, 'version': '1.4'}}</msg>
<arg>${json_data}</arg>
<doc>Logs the given message with the given level.</doc>
<status status="PASS" start="2024-03-21T20:14:31.401812" elapsed="0.000268"/>
</kw>
<kw name="Should Be String" owner="String">
<arg>${json_data['results'][0]['gender']}</arg>
<doc>Fails if the given ``item`` is not a string.</doc>
<status status="PASS" start="2024-03-21T20:14:31.402391" elapsed="0.000394"/>
</kw>
<kw name="Should Match Regexp" owner="BuiltIn">
<arg>${json_data['results'][0]['email']}</arg>
<arg>^[a-zA-Z0-9._%+-]+@[a-zA-Z0-9.-]+\.[a-zA-Z]{2,}$</arg>
<doc>Fails if ``string`` does not match ``pattern`` as a regular expression.</doc>
<status status="PASS" start="2024-03-21T20:14:31.402983" elapsed="0.000576"/>
</kw>
<kw name="Should Match Regexp" owner="BuiltIn">
<arg>${json_data['results'][0]['dob']['date']}</arg>
<arg>\\d{4}-\\d{2}-\\d{2}T\\d{2}:\\d{2}:\\d{2}\\.\\d{3}Z</arg>
<doc>Fails if ``string`` does not match ``pattern`` as a regular expression.</doc>
<status status="PASS" start="2024-03-21T20:14:31.403765" elapsed="0.000538"/>
</kw>
<kw name="Should Match Regexp" owner="BuiltIn">
<arg>${json_data['results'][0]['registered']['date']}</arg>
<arg>\\d{4}-\\d{2}-\\d{2}T\\d{2}:\\d{2}:\\d{2}\\.\\d{3}Z</arg>
<doc>Fails if ``string`` does not match ``pattern`` as a regular expression.</doc>
<status status="PASS" start="2024-03-21T20:14:31.404512" elapsed="0.000393"/>
</kw>
<kw name="Should Match Regexp" owner="BuiltIn">
<arg>${json_data['results'][0]['picture']['large']}</arg>
<arg>^https?://.*\.(?:png|jpe?g|gif|bmp)$</arg>
<doc>Fails if ``string`` does not match ``pattern`` as a regular expression.</doc>
<status status="PASS" start="2024-03-21T20:14:31.405095" elapsed="0.000474"/>
</kw>
<kw name="Should Match Regexp" owner="BuiltIn">
<arg>${json_data['results'][0]['picture']['medium']}</arg>
<arg>^https?://.*\.(?:png|jpe?g|gif|bmp)$</arg>
<doc>Fails if ``string`` does not match ``pattern`` as a regular expression.</doc>
<status status="PASS" start="2024-03-21T20:14:31.405758" elapsed="0.000369"/>
</kw>
<kw name="Should Match Regexp" owner="BuiltIn">
<arg>${json_data['results'][0]['picture']['thumbnail']}</arg>
<arg>^https?://.*\.(?:png|jpe?g|gif|bmp)$</arg>
<doc>Fails if ``string`` does not match ``pattern`` as a regular expression.</doc>
<status status="PASS" start="2024-03-21T20:14:31.406313" elapsed="0.000354"/>
</kw>
<kw name="Log" owner="BuiltIn">
<msg time="2024-03-21T20:14:31.407184" level="INFO">{'large': 'https://randomuser.me/api/portraits/men/7.jpg', 'medium': 'https://randomuser.me/api/portraits/med/men/7.jpg', 'thumbnail': 'https://randomuser.me/api/portraits/thumb/men/7.jpg'}</msg>
<arg>${json_data['results'][0]['picture']}</arg>
<doc>Logs the given message with the given level.</doc>
<status status="PASS" start="2024-03-21T20:14:31.406851" elapsed="0.000381"/>
</kw>
<status status="PASS" start="2024-03-21T20:14:31.317975" elapsed="0.089555"/>
</kw>
<kw name="Teste de Tipos de Dados - Postcode" owner="random-user-service">
<kw name="GET On Session" owner="RequestsLibrary">
<msg time="2024-03-21T20:14:31.519343" level="INFO">GET Request : url=https://randomuser.me/api 
 path_url=/api 
 headers={'User-Agent': 'python-requests/2.31.0', 'Accept-Encoding': 'gzip, deflate', 'Accept': '*/*', 'Connection': 'keep-alive'} 
 body=None 
 </msg>
<msg time="2024-03-21T20:14:31.519472" level="INFO">GET Response : url=https://randomuser.me/api 
 status=200, reason=OK 
 headers={'Date': 'Thu, 21 Mar 2024 20:14:31 GMT', 'Content-Type': 'application/json; charset=utf-8', 'Transfer-Encoding': 'chunked', 'Connection': 'keep-alive', 'X-Powered-By': 'Express', 'Access-Control-Allow-Origin': '*', 'Cache-Control': 'no-cache', 'ETag': 'W/"483-NbvVo8XfzFG4OpSABBxjwGRoqyI"', 'Vary': 'Accept-Encoding', 'Content-Encoding': 'gzip', 'CF-Cache-Status': 'DYNAMIC', 'Report-To': '{"endpoints":[{"url":"https:\\/\\/a.nel.cloudflare.com\\/report\\/v4?s=b7HccplugdYzrQT4CcCkRt20gJ5dckyLUZegLtONt4vKuKyzJDZltVKMpb6kDmMDWeSIvcPwoUulNyyIPTJt2mACDr8WzOtM50IB8El8BDriPYvPRRNYxEnmL6n%2F5LPh"}],"group":"cf-nel","max_age":604800}', 'NEL': '{"success_fraction":0,"report_to":"cf-nel","max_age":604800}', 'Server': 'cloudflare', 'CF-RAY': '86809bd659ca9c22-IAD', 'alt-svc': 'h3=":443"; ma=86400'} 
 body={"results":[{"gender":"male","name":{"title":"Mr","first":"Villads","last":"Andersen"},"location":{"street":{"number":5840,"name":"Kløvermarksvej"},"city":"Sønder Stenderup","state":"Midtjylland","country":"Denmark","postcode":43158,"coordinates":{"latitude":"-42.6486","longitude":"-118.6610"},"timezone":{"offset":"+5:45","description":"Kathmandu"}},"email":"villads.andersen@example.com","login":{"uuid":"f0b96d55-7acd-47a0-96b6-a1957aa04288","username":"silvergorilla686","password":"having","salt":"COX1DQcg","md5":"09172ed6fba3a93d1985856f5eeab655","sha1":"b0887b0b5a182c447b4f5c9e704758190c523192","sha256":"65dedd78ad28253a89d0c3bb7b192bd24336f7a816867582336a165e300b9cb3"},"dob":{"date":"1950-07-04T19:16:55.523Z","age":73},"registered":{"date":"2013-10-18T18:15:29.972Z","age":10},"phone":"46603155","cell":"69144668","id":{"name":"CPR","value":"040750-0462"},"picture":{"large":"https://randomuser.me/api/portraits/men/34.jpg","medium":"https://randomuser.me/api/portraits/med/men/34.jpg","thumbnail":"https://randomuser.me/api/portraits/thumb/men/34.jpg"},"nat":"DK"}],"info":{"seed":"b3e40097572a29db","results":1,"page":1,"version":"1.4"}} 
 </msg>
<msg time="2024-03-21T20:14:31.519567" level="INFO">/opt/hostedtoolcache/Python/3.12.2/x64/lib/python3.12/site-packages/urllib3/connectionpool.py:1103: InsecureRequestWarning: Unverified HTTPS request is being made to host 'randomuser.me'. Adding certificate verification is strongly advised. See: https://urllib3.readthedocs.io/en/latest/advanced-usage.html#tls-warnings
  warnings.warn(</msg>
<msg time="2024-03-21T20:14:31.519697" level="INFO">${response} = &lt;Response [200]&gt;</msg>
<var>${response}</var>
<arg>consultarAPI</arg>
<arg>/api</arg>
<doc>Sends a GET request on a previously created HTTP Session.</doc>
<status status="PASS" start="2024-03-21T20:14:31.408175" elapsed="0.111567"/>
</kw>
<kw name="Set Variable" owner="BuiltIn">
<msg time="2024-03-21T20:14:31.520957" level="INFO">${json_data} = {'results': [{'gender': 'male', 'name': {'title': 'Mr', 'first': 'Villads', 'last': 'Andersen'}, 'location': {'street': {'number': 5840, 'name': 'Kløvermarksvej'}, 'city': 'Sønder Stenderup', 'state':...</msg>
<var>${json_data}</var>
<arg>${response.json()}</arg>
<doc>Returns the given values which can then be assigned to a variables.</doc>
<status status="PASS" start="2024-03-21T20:14:31.520392" elapsed="0.000594"/>
</kw>
<kw name="Log" owner="BuiltIn">
<msg time="2024-03-21T20:14:31.521466" level="INFO">{'results': [{'gender': 'male', 'name': {'title': 'Mr', 'first': 'Villads', 'last': 'Andersen'}, 'location': {'street': {'number': 5840, 'name': 'Kløvermarksvej'}, 'city': 'Sønder Stenderup', 'state': 'Midtjylland', 'country': 'Denmark', 'postcode': 43158, 'coordinates': {'latitude': '-42.6486', 'longitude': '-118.6610'}, 'timezone': {'offset': '+5:45', 'description': 'Kathmandu'}}, 'email': 'villads.andersen@example.com', 'login': {'uuid': 'f0b96d55-7acd-47a0-96b6-a1957aa04288', 'username': 'silvergorilla686', 'password': 'having', 'salt': 'COX1DQcg', 'md5': '09172ed6fba3a93d1985856f5eeab655', 'sha1': 'b0887b0b5a182c447b4f5c9e704758190c523192', 'sha256': '65dedd78ad28253a89d0c3bb7b192bd24336f7a816867582336a165e300b9cb3'}, 'dob': {'date': '1950-07-04T19:16:55.523Z', 'age': 73}, 'registered': {'date': '2013-10-18T18:15:29.972Z', 'age': 10}, 'phone': '46603155', 'cell': '69144668', 'id': {'name': 'CPR', 'value': '040750-0462'}, 'picture': {'large': 'https://randomuser.me/api/portraits/men/34.jpg', 'medium': 'https://randomuser.me/api/portraits/med/men/34.jpg', 'thumbnail': 'https://randomuser.me/api/portraits/thumb/men/34.jpg'}, 'nat': 'DK'}], 'info': {'seed': 'b3e40097572a29db', 'results': 1, 'page': 1, 'version': '1.4'}}</msg>
<arg>${json_data}</arg>
<doc>Logs the given message with the given level.</doc>
<status status="PASS" start="2024-03-21T20:14:31.521303" elapsed="0.000248"/>
</kw>
<kw name="Should Be Equal As Numbers" owner="BuiltIn">
<arg>${json_data['results'][0]['location']['postcode']}</arg>
<arg>${json_data['results'][0]['location']['postcode']}</arg>
<doc>Fails if objects are unequal after converting them to real numbers.</doc>
<status status="PASS" start="2024-03-21T20:14:31.521860" elapsed="0.000978"/>
</kw>
<kw name="Log" owner="BuiltIn">
<msg time="2024-03-21T20:14:31.523539" level="INFO">43158</msg>
<arg>${json_data['results'][0]['location']['postcode']}</arg>
<doc>Logs the given message with the given level.</doc>
<status status="PASS" start="2024-03-21T20:14:31.523132" elapsed="0.000450"/>
</kw>
<status status="PASS" start="2024-03-21T20:14:31.407772" elapsed="0.116082"/>
</kw>
<doc>Testa se os tipos de dados na resposta da API estão corretos.</doc>
<tag>testeTiposDados</tag>
<status status="PASS" start="2024-03-21T20:14:31.317398" elapsed="0.206631"/>
</test>
<test id="s1-s1-t5" name="Validar conteudo" line="35">
<kw name="Teste de Tipos de Conteudo" owner="random-user-service">
<kw name="GET On Session" owner="RequestsLibrary">
<msg time="2024-03-21T20:14:31.599969" level="INFO">GET Request : url=https://randomuser.me/api 
 path_url=/api 
 headers={'User-Agent': 'python-requests/2.31.0', 'Accept-Encoding': 'gzip, deflate', 'Accept': '*/*', 'Connection': 'keep-alive'} 
 body=None 
 </msg>
<msg time="2024-03-21T20:14:31.600086" level="INFO">GET Response : url=https://randomuser.me/api 
 status=200, reason=OK 
 headers={'Date': 'Thu, 21 Mar 2024 20:14:31 GMT', 'Content-Type': 'application/json; charset=utf-8', 'Transfer-Encoding': 'chunked', 'Connection': 'keep-alive', 'X-Powered-By': 'Express', 'Access-Control-Allow-Origin': '*', 'Cache-Control': 'no-cache', 'ETag': 'W/"47c-abuWwrgRUsOibth0B5a3HnoL2WI"', 'Vary': 'Accept-Encoding', 'Content-Encoding': 'gzip', 'CF-Cache-Status': 'DYNAMIC', 'Report-To': '{"endpoints":[{"url":"https:\\/\\/a.nel.cloudflare.com\\/report\\/v4?s=Uci7awB0uc0W92CRA7IMtJ1ue958h%2FMISyl0OivBlxqZHi%2BU7FM0TMYsLKNBApO7eZwqipe655Pa%2BE2d2P1DPeUhtX8ImGYODx0ltoCW8KeAeWbJVf%2FIyJJXvfWY%2BpYT"}],"group":"cf-nel","max_age":604800}', 'NEL': '{"success_fraction":0,"report_to":"cf-nel","max_age":604800}', 'Server': 'cloudflare', 'CF-RAY': '86809bd70a759c22-IAD', 'alt-svc': 'h3=":443"; ma=86400'} 
 body={"results":[{"gender":"female","name":{"title":"Ms","first":"Esmeralda","last":"Fesun"},"location":{"street":{"number":8648,"name":"Delegatskiy provulok"},"city":"Debalceve","state":"Luganska","country":"Ukraine","postcode":63989,"coordinates":{"latitude":"72.9640","longitude":"163.6812"},"timezone":{"offset":"+4:30","description":"Kabul"}},"email":"esmeralda.fesun@example.com","login":{"uuid":"4ebad437-96e9-4e7c-9725-4db99add1598","username":"greenelephant886","password":"briggs","salt":"A4J4BVgC","md5":"319c26ec1d9cd3db29f34a423c2bd2eb","sha1":"dbc84623fcac17760cfcfa88b1b5ebef198c26e2","sha256":"41ffabc23222703b44562b727c680e1b94ce97df49ac1699330cecc868c9e024"},"dob":{"date":"1986-07-05T04:46:53.798Z","age":37},"registered":{"date":"2014-04-25T06:18:32.554Z","age":9},"phone":"(097) W81-3557","cell":"(066) L25-4029","id":{"name":"","value":null},"picture":{"large":"https://randomuser.me/api/portraits/women/57.jpg","medium":"https://randomuser.me/api/portraits/med/women/57.jpg","thumbnail":"https://randomuser.me/api/portraits/thumb/women/57.jpg"},"nat":"UA"}],"info":{"seed":"6e7b66a345d35dc6","results":1,"page":1,"version":"1.4"}} 
 </msg>
<msg time="2024-03-21T20:14:31.600165" level="INFO">/opt/hostedtoolcache/Python/3.12.2/x64/lib/python3.12/site-packages/urllib3/connectionpool.py:1103: InsecureRequestWarning: Unverified HTTPS request is being made to host 'randomuser.me'. Adding certificate verification is strongly advised. See: https://urllib3.readthedocs.io/en/latest/advanced-usage.html#tls-warnings
  warnings.warn(</msg>
<msg time="2024-03-21T20:14:31.600291" level="INFO">${response} = &lt;Response [200]&gt;</msg>
<var>${response}</var>
<arg>consultarAPI</arg>
<arg>/api</arg>
<doc>Sends a GET request on a previously created HTTP Session.</doc>
<status status="PASS" start="2024-03-21T20:14:31.526612" elapsed="0.073719"/>
</kw>
<kw name="Set Variable" owner="BuiltIn">
<msg time="2024-03-21T20:14:31.601551" level="INFO">${json_data} = {'results': [{'gender': 'female', 'name': {'title': 'Ms', 'first': 'Esmeralda', 'last': 'Fesun'}, 'location': {'street': {'number': 8648, 'name': 'Delegatskiy provulok'}, 'city': 'Debalceve', 'state':...</msg>
<var>${json_data}</var>
<arg>${response.json()}</arg>
<doc>Returns the given values which can then be assigned to a variables.</doc>
<status status="PASS" start="2024-03-21T20:14:31.600984" elapsed="0.000596"/>
</kw>
<kw name="Set Variable" owner="BuiltIn">
<msg time="2024-03-21T20:14:31.602280" level="INFO">${name_title} = Ms</msg>
<var>${name_title}</var>
<arg>${json_data["results"][0]["name"]["title"]}</arg>
<doc>Returns the given values which can then be assigned to a variables.</doc>
<status status="PASS" start="2024-03-21T20:14:31.601895" elapsed="0.000411"/>
</kw>
<kw name="Create List" owner="BuiltIn">
<msg time="2024-03-21T20:14:31.602754" level="INFO">${allowed_titles} = ['Mr', 'Ms', 'Miss', 'Mrs', 'Madame', 'Monsieur']</msg>
<var>${allowed_titles}</var>
<arg>Mr</arg>
<arg>Ms</arg>
<arg>Miss</arg>
<arg>Mrs</arg>
<arg>Madame</arg>
<arg>Monsieur</arg>
<doc>Returns a list containing given items.</doc>
<status status="PASS" start="2024-03-21T20:14:31.602606" elapsed="0.000172"/>
</kw>
<kw name="List Should Contain Value" owner="Collections">
<msg time="2024-03-21T20:14:31.603274" level="INFO">False</msg>
<arg>${allowed_titles}</arg>
<arg>${name_title}</arg>
<doc>Fails if the ``value`` is not found from ``list``.</doc>
<status status="PASS" start="2024-03-21T20:14:31.603085" elapsed="0.000229"/>
</kw>
<kw name="Set Variable" owner="BuiltIn">
<msg time="2024-03-21T20:14:31.604028" level="INFO">${name_country} = UA</msg>
<var>${name_country}</var>
<arg>${json_data["results"][0]["nat"]}</arg>
<doc>Returns the given values which can then be assigned to a variables.</doc>
<status status="PASS" start="2024-03-21T20:14:31.603653" elapsed="0.000400"/>
</kw>
<kw name="Create List" owner="BuiltIn">
<msg time="2024-03-21T20:14:31.604967" level="INFO">${list_country} = ['AD', 'AE', 'AF', 'AG', 'AI', 'AL', 'AM', 'AO', 'AQ', 'AR', 'AS', 'AT', 'AU', 'AW', 'AX', 'AZ', 'BA', 'BB', 'BD', 'BE', 'BF', 'BG', 'BH', 'BI', 'BJ', 'BL', 'BM', 'BN', 'BO', 'BQ', 'BR', 'BS', 'BT', '...</msg>
<var>${list_country}</var>
<arg>AD</arg>
<arg>AE</arg>
<arg>AF</arg>
<arg>AG</arg>
<arg>AI</arg>
<arg>AL</arg>
<arg>AM</arg>
<arg>AO</arg>
<arg>AQ</arg>
<arg>AR</arg>
<arg>AS</arg>
<arg>AT</arg>
<arg>AU</arg>
<arg>AW</arg>
<arg>AX</arg>
<arg>AZ</arg>
<arg>BA</arg>
<arg>BB</arg>
<arg>BD</arg>
<arg>BE</arg>
<arg>BF</arg>
<arg>BG</arg>
<arg>BH</arg>
<arg>BI</arg>
<arg>BJ</arg>
<arg>BL</arg>
<arg>BM</arg>
<arg>BN</arg>
<arg>BO</arg>
<arg>BQ</arg>
<arg>BR</arg>
<arg>BS</arg>
<arg>BT</arg>
<arg>BV</arg>
<arg>BW</arg>
<arg>BY</arg>
<arg>BZ</arg>
<arg>CA</arg>
<arg>CC</arg>
<arg>CD</arg>
<arg>CF</arg>
<arg>CG</arg>
<arg>CH</arg>
<arg>CI</arg>
<arg>CK</arg>
<arg>CL</arg>
<arg>CM</arg>
<arg>CN</arg>
<arg>CO</arg>
<arg>CR</arg>
<arg>CU</arg>
<arg>CV</arg>
<arg>CW</arg>
<arg>CX</arg>
<arg>CY</arg>
<arg>CZ</arg>
<arg>DE</arg>
<arg>DJ</arg>
<arg>DK</arg>
<arg>DM</arg>
<arg>DO</arg>
<arg>DZ</arg>
<arg>EC</arg>
<arg>EE</arg>
<arg>EG</arg>
<arg>EH</arg>
<arg>ER</arg>
<arg>ES</arg>
<arg>ET</arg>
<arg>FI</arg>
<arg>FJ</arg>
<arg>FK</arg>
<arg>FM</arg>
<arg>FO</arg>
<arg>FR</arg>
<arg>GA</arg>
<arg>GB</arg>
<arg>GD</arg>
<arg>GE</arg>
<arg>GF</arg>
<arg>GG</arg>
<arg>GH</arg>
<arg>GI</arg>
<arg>GL</arg>
<arg>GM</arg>
<arg>GN</arg>
<arg>GP</arg>
<arg>GQ</arg>
<arg>GR</arg>
<arg>GS</arg>
<arg>GT</arg>
<arg>GU</arg>
<arg>GW</arg>
<arg>GY</arg>
<arg>HK</arg>
<arg>HM</arg>
<arg>HN</arg>
<arg>HR</arg>
<arg>HT</arg>
<arg>HU</arg>
<arg>ID</arg>
<arg>IE</arg>
<arg>IL</arg>
<arg>IM</arg>
<arg>IN</arg>
<arg>IO</arg>
<arg>IQ</arg>
<arg>IR</arg>
<arg>IS</arg>
<arg>IT</arg>
<arg>JE</arg>
<arg>JM</arg>
<arg>JO</arg>
<arg>JP</arg>
<arg>KE</arg>
<arg>KG</arg>
<arg>KH</arg>
<arg>KI</arg>
<arg>KM</arg>
<arg>KN</arg>
<arg>KP</arg>
<arg>KR</arg>
<arg>KW</arg>
<arg>KY</arg>
<arg>KZ</arg>
<arg>LA</arg>
<arg>LB</arg>
<arg>LC</arg>
<arg>LI</arg>
<arg>LK</arg>
<arg>LR</arg>
<arg>LS</arg>
<arg>LT</arg>
<arg>LU</arg>
<arg>LV</arg>
<arg>LY</arg>
<arg>MA</arg>
<arg>MC</arg>
<arg>MD</arg>
<arg>ME</arg>
<arg>MF</arg>
<arg>MG</arg>
<arg>MH</arg>
<arg>MK</arg>
<arg>ML</arg>
<arg>MM</arg>
<arg>MN</arg>
<arg>MO</arg>
<arg>MP</arg>
<arg>MQ</arg>
<arg>MR</arg>
<arg>MS</arg>
<arg>MT</arg>
<arg>MU</arg>
<arg>MV</arg>
<arg>MW</arg>
<arg>MX</arg>
<arg>MY</arg>
<arg>MZ</arg>
<arg>NA</arg>
<arg>NC</arg>
<arg>NE</arg>
<arg>NF</arg>
<arg>NG</arg>
<arg>NI</arg>
<arg>NL</arg>
<arg>NO</arg>
<arg>NP</arg>
<arg>NR</arg>
<arg>NU</arg>
<arg>NZ</arg>
<arg>OM</arg>
<arg>PA</arg>
<arg>PE</arg>
<arg>PF</arg>
<arg>PG</arg>
<arg>PH</arg>
<arg>PK</arg>
<arg>PL</arg>
<arg>PM</arg>
<arg>PN</arg>
<arg>PR</arg>
<arg>PS</arg>
<arg>PT</arg>
<arg>PW</arg>
<arg>PY</arg>
<arg>QA</arg>
<arg>RE</arg>
<arg>RO</arg>
<arg>RS</arg>
<arg>RU</arg>
<arg>RW</arg>
<arg>SA</arg>
<arg>SB</arg>
<arg>SC</arg>
<arg>SD</arg>
<arg>SE</arg>
<arg>SG</arg>
<arg>SH</arg>
<arg>SI</arg>
<arg>SJ</arg>
<arg>SK</arg>
<arg>SL</arg>
<arg>SM</arg>
<arg>SN</arg>
<arg>SO</arg>
<arg>SR</arg>
<arg>SS</arg>
<arg>ST</arg>
<arg>SV</arg>
<arg>SX</arg>
<arg>SY</arg>
<arg>SZ</arg>
<arg>TC</arg>
<arg>TD</arg>
<arg>TF</arg>
<arg>TG</arg>
<arg>TH</arg>
<arg>TJ</arg>
<arg>TK</arg>
<arg>TL</arg>
<arg>TM</arg>
<arg>TN</arg>
<arg>TO</arg>
<arg>TR</arg>
<arg>TT</arg>
<arg>TV</arg>
<arg>TW</arg>
<arg>TZ</arg>
<arg>UA</arg>
<arg>UG</arg>
<arg>UM</arg>
<arg>US</arg>
<arg>UY</arg>
<arg>UZ</arg>
<arg>VA</arg>
<arg>VC</arg>
<arg>VE</arg>
<arg>VG</arg>
<arg>VI</arg>
<arg>VN</arg>
<arg>VU</arg>
<arg>WF</arg>
<arg>WS</arg>
<arg>XK</arg>
<arg>YE</arg>
<arg>YT</arg>
<arg>ZA</arg>
<arg>ZM</arg>
<arg>ZW</arg>
<doc>Returns a list containing given items.</doc>
<status status="PASS" start="2024-03-21T20:14:31.604366" elapsed="0.000627"/>
</kw>
<kw name="List Should Contain Value" owner="Collections">
<msg time="2024-03-21T20:14:31.606136" level="INFO">False</msg>
<arg>${list_country}</arg>
<arg>${name_country}</arg>
<doc>Fails if the ``value`` is not found from ``list``.</doc>
<status status="PASS" start="2024-03-21T20:14:31.605928" elapsed="0.000247"/>
</kw>
<kw name="Run Keyword If" owner="BuiltIn">
<kw name="Should Be True" owner="BuiltIn">
<arg>${True}</arg>
<doc>Fails if the given condition is not true.</doc>
<status status="PASS" start="2024-03-21T20:14:31.607258" elapsed="0.000175"/>
</kw>
<arg>${json_data["results"][0]["location"]["coordinates"]["latitude"]} &gt;= -90 and ${json_data["results"][0]["location"]["coordinates"]["latitude"]} &lt;= 90</arg>
<arg>Should Be True</arg>
<arg>${True}</arg>
<doc>Runs the given keyword with the given arguments, if ``condition`` is true.</doc>
<status status="PASS" start="2024-03-21T20:14:31.606491" elapsed="0.001078"/>
</kw>
<kw name="Run Keyword If" owner="BuiltIn">
<kw name="Should Be True" owner="BuiltIn">
<arg>${True}</arg>
<doc>Fails if the given condition is not true.</doc>
<status status="PASS" start="2024-03-21T20:14:31.608464" elapsed="0.000140"/>
</kw>
<arg>${json_data["results"][0]["location"]["coordinates"]["longitude"]} &gt;= -180 and ${json_data["results"][0]["location"]["coordinates"]["longitude"]} &lt;= 180</arg>
<arg>Should Be True</arg>
<arg>${True}</arg>
<doc>Runs the given keyword with the given arguments, if ``condition`` is true.</doc>
<status status="PASS" start="2024-03-21T20:14:31.607759" elapsed="0.000973"/>
</kw>
<status status="PASS" start="2024-03-21T20:14:31.526369" elapsed="0.082497"/>
</kw>
<doc>Testa o conteúdo específico dos campos retornados pela API.</doc>
<tag>testeConteudo</tag>
<status status="PASS" start="2024-03-21T20:14:31.525790" elapsed="0.083235"/>
</test>
<status status="PASS" start="2024-03-21T20:14:30.700212" elapsed="0.910775"/>
</suite>
<status status="PASS" start="2024-03-21T20:14:30.686236" elapsed="0.930335"/>
</suite>
<statistics>
<total>
<stat pass="5" fail="0" skip="0">All Tests</stat>
</total>
<tag>
<stat pass="1" fail="0" skip="0">testeConteudo</stat>
<stat pass="1" fail="0" skip="0">testeEstruturaResposta</stat>
<stat pass="1" fail="0" skip="0">testeRequisicaoBasica</stat>
<stat pass="1" fail="0" skip="0">testeTiposDados</stat>
</tag>
<suite>
<stat pass="5" fail="0" skip="0" id="s1" name="Tests">Tests</stat>
<stat pass="5" fail="0" skip="0" id="s1-s1" name="Random-User-Test">Tests.Random-User-Test</stat>
</suite>
</statistics>
<errors>
</errors>
</robot>
