<?xml version="1.0" encoding="UTF-8"?>
<robot generator="Robot 7.0.1 (Python 3.12.4 on linux)" generated="2024-06-30T20:15:27.310842" rpa="false" schemaversion="5">
<suite id="s1" name="Tests" source="/home/runner/work/ApiRandomUser/ApiRandomUser/RamdonUser/tests">
<suite id="s1-s1" name="Random-User-Test" source="/home/runner/work/ApiRandomUser/ApiRandomUser/RamdonUser/tests/random-user-test.robot">
<test id="s1-s1-t1" name="Conectar" line="13">
<kw name="Conectar API" owner="random-user-service">
<kw name="Create Session" owner="RequestsLibrary">
<msg time="2024-06-30T20:15:27.775175" level="INFO">Creating Session using : alias=consultarAPI, url=https://randomuser.me/, headers={},                     cookies={}, auth=None, timeout=None, proxies=None, verify=False,                     debug=0 </msg>
<arg>consultarAPI</arg>
<arg>${URL}</arg>
<doc>Create Session: create a HTTP session to a server</doc>
<status status="PASS" start="2024-06-30T20:15:27.774955" elapsed="0.000429"/>
</kw>
<status status="PASS" start="2024-06-30T20:15:27.773967" elapsed="0.001832"/>
</kw>
<status status="PASS" start="2024-06-30T20:15:27.773399" elapsed="0.002595"/>
</test>
<test id="s1-s1-t2" name="Validar retorno 200 e JSON Válido" line="16">
<kw name="Teste de Requisicao Basica" owner="random-user-service">
<kw name="GET On Session" owner="RequestsLibrary">
<msg time="2024-06-30T20:15:28.110035" level="INFO">GET Request : url=https://randomuser.me/api 
 path_url=/api 
 headers={'User-Agent': 'python-requests/2.32.3', 'Accept-Encoding': 'gzip, deflate', 'Accept': '*/*', 'Connection': 'keep-alive'} 
 body=None 
 </msg>
<msg time="2024-06-30T20:15:28.110182" level="INFO">GET Response : url=https://randomuser.me/api 
 status=200, reason=OK 
 headers={'Date': 'Sun, 30 Jun 2024 20:15:28 GMT', 'Content-Type': 'application/json; charset=utf-8', 'Transfer-Encoding': 'chunked', 'Connection': 'keep-alive', 'X-Powered-By': 'Express', 'Access-Control-Allow-Origin': '*', 'Cache-Control': 'no-cache', 'ETag': 'W/"47a-ddUxqNY3iD+KU142yTQXfzNUhc0"', 'Vary': 'Accept-Encoding', 'Content-Encoding': 'gzip', 'CF-Cache-Status': 'DYNAMIC', 'Report-To': '{"endpoints":[{"url":"https:\\/\\/a.nel.cloudflare.com\\/report\\/v4?s=2XzD8LzHIomelkM1Q4WVlAnGVqUwwwvSvEU8WYjTAyKy23HEaOobyi76PpdSueaJXf0qPTyEyWkKVTiKckIRbU5Nxy2Dred%2BKjCFJ7wR1mIR33NZTN0xhM9N3pIGkT6X"}],"group":"cf-nel","max_age":604800}', 'NEL': '{"success_fraction":0,"report_to":"cf-nel","max_age":604800}', 'Server': 'cloudflare', 'CF-RAY': '89c0d41819e108e2-LAX', 'alt-svc': 'h3=":443"; ma=86400'} 
 body={"results":[{"gender":"female","name":{"title":"Miss","first":"Ege","last":"Köybaşı"},"location":{"street":{"number":9642,"name":"Talak Göktepe Cd"},"city":"Şanlıurfa","state":"İstanbul","country":"Turkey","postcode":42969,"coordinates":{"latitude":"72.3726","longitude":"155.4089"},"timezone":{"offset":"-9:00","description":"Alaska"}},"email":"ege.koybasi@example.com","login":{"uuid":"4911f4c6-52a0-421b-ad89-7ae55c907499","username":"purpleladybug671","password":"kokoko","salt":"iPajeTk2","md5":"ac220196eaff8988613390b79ae4cd37","sha1":"9fa0456daf9077692fe8703330d74e43fbd060eb","sha256":"4dfd4d8a20b057ef5880b3695a36f4c59752118c7b14eb08872bf8e39c16d4a1"},"dob":{"date":"1995-08-13T05:58:45.913Z","age":28},"registered":{"date":"2009-08-27T20:57:49.134Z","age":14},"phone":"(760)-426-5240","cell":"(921)-845-8267","id":{"name":"","value":null},"picture":{"large":"https://randomuser.me/api/portraits/women/33.jpg","medium":"https://randomuser.me/api/portraits/med/women/33.jpg","thumbnail":"https://randomuser.me/api/portraits/thumb/women/33.jpg"},"nat":"TR"}],"info":{"seed":"b1dbe7fac147ae5a","results":1,"page":1,"version":"1.4"}} 
 </msg>
<msg time="2024-06-30T20:15:28.110272" level="INFO">/opt/hostedtoolcache/Python/3.12.4/x64/lib/python3.12/site-packages/urllib3/connectionpool.py:1099: InsecureRequestWarning: Unverified HTTPS request is being made to host 'randomuser.me'. Adding certificate verification is strongly advised. See: https://urllib3.readthedocs.io/en/latest/advanced-usage.html#tls-warnings
  warnings.warn(</msg>
<msg time="2024-06-30T20:15:28.110427" level="INFO">${response} = &lt;Response [200]&gt;</msg>
<var>${response}</var>
<arg>consultarAPI</arg>
<arg>/api</arg>
<doc>Sends a GET request on a previously created HTTP Session.</doc>
<status status="PASS" start="2024-06-30T20:15:27.778611" elapsed="0.331858"/>
</kw>
<kw name="Should Be Equal As Numbers" owner="BuiltIn">
<msg time="2024-06-30T20:15:28.111691" level="INFO">Argument types are:
&lt;class 'int'&gt;
&lt;class 'str'&gt;</msg>
<arg>${response.status_code}</arg>
<arg>200</arg>
<doc>Fails if objects are unequal after converting them to real numbers.</doc>
<status status="PASS" start="2024-06-30T20:15:28.111132" elapsed="0.000623"/>
</kw>
<kw name="Log" owner="BuiltIn">
<msg time="2024-06-30T20:15:28.112415" level="INFO">200</msg>
<arg>${response.status_code}</arg>
<doc>Logs the given message with the given level.</doc>
<status status="PASS" start="2024-06-30T20:15:28.112072" elapsed="0.000385"/>
</kw>
<kw name="Set Variable" owner="BuiltIn">
<msg time="2024-06-30T20:15:28.113189" level="INFO">${json_data} = {'results': [{'gender': 'female', 'name': {'title': 'Miss', 'first': 'Ege', 'last': 'Köybaşı'}, 'location': {'street': {'number': 9642, 'name': 'Talak Göktepe Cd'}, 'city': 'Şanlıurfa', 'state': 'İsta...</msg>
<var>${json_data}</var>
<arg>${response.json()}</arg>
<doc>Returns the given values which can then be assigned to a variables.</doc>
<status status="PASS" start="2024-06-30T20:15:28.112754" elapsed="0.000466"/>
</kw>
<kw name="Dictionary Should Contain Key" owner="Collections">
<arg>${json_data}</arg>
<arg>results</arg>
<doc>Fails if ``key`` is not found from ``dictionary``.</doc>
<status status="PASS" start="2024-06-30T20:15:28.113518" elapsed="0.000161"/>
</kw>
<status status="PASS" start="2024-06-30T20:15:27.778353" elapsed="0.335479"/>
</kw>
<doc>Testa se a API responde corretamente e retorna um objeto JSON válido.</doc>
<tag>testeRequisicaoBasica</tag>
<status status="PASS" start="2024-06-30T20:15:27.777882" elapsed="0.336122"/>
</test>
<test id="s1-s1-t3" name="Validar estrutura de resposta" line="22">
<kw name="Teste de Estrutura de Resposta" owner="random-user-service">
<kw name="GET On Session" owner="RequestsLibrary">
<msg time="2024-06-30T20:15:28.213901" level="INFO">GET Request : url=https://randomuser.me/api 
 path_url=/api 
 headers={'User-Agent': 'python-requests/2.32.3', 'Accept-Encoding': 'gzip, deflate', 'Accept': '*/*', 'Connection': 'keep-alive'} 
 body=None 
 </msg>
<msg time="2024-06-30T20:15:28.214018" level="INFO">GET Response : url=https://randomuser.me/api 
 status=200, reason=OK 
 headers={'Date': 'Sun, 30 Jun 2024 20:15:28 GMT', 'Content-Type': 'application/json; charset=utf-8', 'Transfer-Encoding': 'chunked', 'Connection': 'keep-alive', 'X-Powered-By': 'Express', 'Access-Control-Allow-Origin': '*', 'Cache-Control': 'no-cache', 'ETag': 'W/"483-TX8xm2i9afzioU6ylvNJK1wJfgM"', 'Vary': 'Accept-Encoding', 'Content-Encoding': 'gzip', 'CF-Cache-Status': 'DYNAMIC', 'Report-To': '{"endpoints":[{"url":"https:\\/\\/a.nel.cloudflare.com\\/report\\/v4?s=Vnc0OuVZXkHdTic7%2Bhpzr%2FSnHxPMKWjI3apwI57YBlGNS2NEOmON3rTrtKz4QA7fQ6FnveWsWrp0Q16KIVe7jMRVKC%2FoACD4KIscPqpVuCuCoHr%2BaoGyo3S%2ByD1XF0kd"}],"group":"cf-nel","max_age":604800}', 'NEL': '{"success_fraction":0,"report_to":"cf-nel","max_age":604800}', 'Server': 'cloudflare', 'CF-RAY': '89c0d418cabd08e2-LAX', 'alt-svc': 'h3=":443"; ma=86400'} 
 body={"results":[{"gender":"female","name":{"title":"Ms","first":"Julia","last":"Cox"},"location":{"street":{"number":2515,"name":"King Street"},"city":"Edinburgh","state":"Devon","country":"United Kingdom","postcode":"C20 8PJ","coordinates":{"latitude":"-8.0358","longitude":"141.8623"},"timezone":{"offset":"+9:30","description":"Adelaide, Darwin"}},"email":"julia.cox@example.com","login":{"uuid":"72be4444-edf8-4648-b464-71edc8a2c1b2","username":"brownkoala206","password":"hamster","salt":"Y8IApGCq","md5":"b72835873d23bbbe0a49cab549458131","sha1":"36bcfc7dda25c60898c14728a20b3a925d7faa4a","sha256":"9a0519f98c22efca39c1c5f63f130a3b879456da2ba3df49cc1749d923f52338"},"dob":{"date":"1996-02-21T17:50:18.155Z","age":28},"registered":{"date":"2018-12-15T22:38:56.434Z","age":5},"phone":"016977 68960","cell":"07108 165605","id":{"name":"NINO","value":"ZS 82 59 33 N"},"picture":{"large":"https://randomuser.me/api/portraits/women/73.jpg","medium":"https://randomuser.me/api/portraits/med/women/73.jpg","thumbnail":"https://randomuser.me/api/portraits/thumb/women/73.jpg"},"nat":"GB"}],"info":{"seed":"48822169ea187911","results":1,"page":1,"version":"1.4"}} 
 </msg>
<msg time="2024-06-30T20:15:28.214167" level="INFO">/opt/hostedtoolcache/Python/3.12.4/x64/lib/python3.12/site-packages/urllib3/connectionpool.py:1099: InsecureRequestWarning: Unverified HTTPS request is being made to host 'randomuser.me'. Adding certificate verification is strongly advised. See: https://urllib3.readthedocs.io/en/latest/advanced-usage.html#tls-warnings
  warnings.warn(</msg>
<msg time="2024-06-30T20:15:28.214294" level="INFO">${response} = &lt;Response [200]&gt;</msg>
<var>${response}</var>
<arg>consultarAPI</arg>
<arg>/api</arg>
<doc>Sends a GET request on a previously created HTTP Session.</doc>
<status status="PASS" start="2024-06-30T20:15:28.116666" elapsed="0.097664"/>
</kw>
<kw name="Set Variable" owner="BuiltIn">
<msg time="2024-06-30T20:15:28.215353" level="INFO">${json_data} = {'results': [{'gender': 'female', 'name': {'title': 'Ms', 'first': 'Julia', 'last': 'Cox'}, 'location': {'street': {'number': 2515, 'name': 'King Street'}, 'city': 'Edinburgh', 'state': 'Devon', 'coun...</msg>
<var>${json_data}</var>
<arg>${response.json()}</arg>
<doc>Returns the given values which can then be assigned to a variables.</doc>
<status status="PASS" start="2024-06-30T20:15:28.214845" elapsed="0.000536"/>
</kw>
<kw name="Log" owner="BuiltIn">
<msg time="2024-06-30T20:15:28.215906" level="INFO">{'results': [{'gender': 'female', 'name': {'title': 'Ms', 'first': 'Julia', 'last': 'Cox'}, 'location': {'street': {'number': 2515, 'name': 'King Street'}, 'city': 'Edinburgh', 'state': 'Devon', 'country': 'United Kingdom', 'postcode': 'C20 8PJ', 'coordinates': {'latitude': '-8.0358', 'longitude': '141.8623'}, 'timezone': {'offset': '+9:30', 'description': 'Adelaide, Darwin'}}, 'email': 'julia.cox@example.com', 'login': {'uuid': '72be4444-edf8-4648-b464-71edc8a2c1b2', 'username': 'brownkoala206', 'password': 'hamster', 'salt': 'Y8IApGCq', 'md5': 'b72835873d23bbbe0a49cab549458131', 'sha1': '36bcfc7dda25c60898c14728a20b3a925d7faa4a', 'sha256': '9a0519f98c22efca39c1c5f63f130a3b879456da2ba3df49cc1749d923f52338'}, 'dob': {'date': '1996-02-21T17:50:18.155Z', 'age': 28}, 'registered': {'date': '2018-12-15T22:38:56.434Z', 'age': 5}, 'phone': '016977 68960', 'cell': '07108 165605', 'id': {'name': 'NINO', 'value': 'ZS 82 59 33 N'}, 'picture': {'large': 'https://randomuser.me/api/portraits/women/73.jpg', 'medium': 'https://randomuser.me/api/portraits/med/women/73.jpg', 'thumbnail': 'https://randomuser.me/api/portraits/thumb/women/73.jpg'}, 'nat': 'GB'}], 'info': {'seed': '48822169ea187911', 'results': 1, 'page': 1, 'version': '1.4'}}</msg>
<arg>${json_data}</arg>
<doc>Logs the given message with the given level.</doc>
<status status="PASS" start="2024-06-30T20:15:28.215748" elapsed="0.000205"/>
</kw>
<kw name="Dictionary Should Contain Key" owner="Collections">
<arg>${json_data}</arg>
<arg>results</arg>
<doc>Fails if ``key`` is not found from ``dictionary``.</doc>
<status status="PASS" start="2024-06-30T20:15:28.216236" elapsed="0.000155"/>
</kw>
<kw name="Should Not Be Empty" owner="BuiltIn">
<msg time="2024-06-30T20:15:28.216700" level="INFO">Length is 2.</msg>
<arg>${json_data}</arg>
<doc>Verifies that the given item is not empty.</doc>
<status status="PASS" start="2024-06-30T20:15:28.216570" elapsed="0.000168"/>
</kw>
<kw name="Create List" owner="BuiltIn">
<msg time="2024-06-30T20:15:28.217327" level="INFO">${expected_keys} = ['gender', 'name', 'location', 'email', 'login']</msg>
<var>${expected_keys}</var>
<arg>gender</arg>
<arg>name</arg>
<arg>location</arg>
<arg>email</arg>
<arg>login</arg>
<doc>Returns a list containing given items.</doc>
<status status="PASS" start="2024-06-30T20:15:28.217026" elapsed="0.000325"/>
</kw>
<for flavor="IN">
<iter>
<kw name="Dictionary Should Contain Key" owner="Collections">
<arg>${json_data['results'][0]}</arg>
<arg>${key}</arg>
<doc>Fails if ``key`` is not found from ``dictionary``.</doc>
<status status="PASS" start="2024-06-30T20:15:28.217925" elapsed="0.000395"/>
</kw>
<kw name="Log" owner="BuiltIn">
<msg time="2024-06-30T20:15:28.218854" level="INFO">{'gender': 'female', 'name': {'title': 'Ms', 'first': 'Julia', 'last': 'Cox'}, 'location': {'street': {'number': 2515, 'name': 'King Street'}, 'city': 'Edinburgh', 'state': 'Devon', 'country': 'United Kingdom', 'postcode': 'C20 8PJ', 'coordinates': {'latitude': '-8.0358', 'longitude': '141.8623'}, 'timezone': {'offset': '+9:30', 'description': 'Adelaide, Darwin'}}, 'email': 'julia.cox@example.com', 'login': {'uuid': '72be4444-edf8-4648-b464-71edc8a2c1b2', 'username': 'brownkoala206', 'password': 'hamster', 'salt': 'Y8IApGCq', 'md5': 'b72835873d23bbbe0a49cab549458131', 'sha1': '36bcfc7dda25c60898c14728a20b3a925d7faa4a', 'sha256': '9a0519f98c22efca39c1c5f63f130a3b879456da2ba3df49cc1749d923f52338'}, 'dob': {'date': '1996-02-21T17:50:18.155Z', 'age': 28}, 'registered': {'date': '2018-12-15T22:38:56.434Z', 'age': 5}, 'phone': '016977 68960', 'cell': '07108 165605', 'id': {'name': 'NINO', 'value': 'ZS 82 59 33 N'}, 'picture': {'large': 'https://randomuser.me/api/portraits/women/73.jpg', 'medium': 'https://randomuser.me/api/portraits/med/women/73.jpg', 'thumbnail': 'https://randomuser.me/api/portraits/thumb/women/73.jpg'}, 'nat': 'GB'}</msg>
<arg>${json_data['results'][0]}</arg>
<doc>Logs the given message with the given level.</doc>
<status status="PASS" start="2024-06-30T20:15:28.218501" elapsed="0.000401"/>
</kw>
<kw name="Log" owner="BuiltIn">
<msg time="2024-06-30T20:15:28.219323" level="INFO">gender</msg>
<arg>${key}</arg>
<doc>Logs the given message with the given level.</doc>
<status status="PASS" start="2024-06-30T20:15:28.219196" elapsed="0.000165"/>
</kw>
<var name="${key}">gender</var>
<status status="PASS" start="2024-06-30T20:15:28.217802" elapsed="0.001797"/>
</iter>
<iter>
<kw name="Dictionary Should Contain Key" owner="Collections">
<arg>${json_data['results'][0]}</arg>
<arg>${key}</arg>
<doc>Fails if ``key`` is not found from ``dictionary``.</doc>
<status status="PASS" start="2024-06-30T20:15:28.219963" elapsed="0.000409"/>
</kw>
<kw name="Log" owner="BuiltIn">
<msg time="2024-06-30T20:15:28.220897" level="INFO">{'gender': 'female', 'name': {'title': 'Ms', 'first': 'Julia', 'last': 'Cox'}, 'location': {'street': {'number': 2515, 'name': 'King Street'}, 'city': 'Edinburgh', 'state': 'Devon', 'country': 'United Kingdom', 'postcode': 'C20 8PJ', 'coordinates': {'latitude': '-8.0358', 'longitude': '141.8623'}, 'timezone': {'offset': '+9:30', 'description': 'Adelaide, Darwin'}}, 'email': 'julia.cox@example.com', 'login': {'uuid': '72be4444-edf8-4648-b464-71edc8a2c1b2', 'username': 'brownkoala206', 'password': 'hamster', 'salt': 'Y8IApGCq', 'md5': 'b72835873d23bbbe0a49cab549458131', 'sha1': '36bcfc7dda25c60898c14728a20b3a925d7faa4a', 'sha256': '9a0519f98c22efca39c1c5f63f130a3b879456da2ba3df49cc1749d923f52338'}, 'dob': {'date': '1996-02-21T17:50:18.155Z', 'age': 28}, 'registered': {'date': '2018-12-15T22:38:56.434Z', 'age': 5}, 'phone': '016977 68960', 'cell': '07108 165605', 'id': {'name': 'NINO', 'value': 'ZS 82 59 33 N'}, 'picture': {'large': 'https://randomuser.me/api/portraits/women/73.jpg', 'medium': 'https://randomuser.me/api/portraits/med/women/73.jpg', 'thumbnail': 'https://randomuser.me/api/portraits/thumb/women/73.jpg'}, 'nat': 'GB'}</msg>
<arg>${json_data['results'][0]}</arg>
<doc>Logs the given message with the given level.</doc>
<status status="PASS" start="2024-06-30T20:15:28.220549" elapsed="0.000428"/>
</kw>
<kw name="Log" owner="BuiltIn">
<msg time="2024-06-30T20:15:28.221391" level="INFO">name</msg>
<arg>${key}</arg>
<doc>Logs the given message with the given level.</doc>
<status status="PASS" start="2024-06-30T20:15:28.221267" elapsed="0.000161"/>
</kw>
<var name="${key}">name</var>
<status status="PASS" start="2024-06-30T20:15:28.219820" elapsed="0.001819"/>
</iter>
<iter>
<kw name="Dictionary Should Contain Key" owner="Collections">
<arg>${json_data['results'][0]}</arg>
<arg>${key}</arg>
<doc>Fails if ``key`` is not found from ``dictionary``.</doc>
<status status="PASS" start="2024-06-30T20:15:28.221919" elapsed="0.000369"/>
</kw>
<kw name="Log" owner="BuiltIn">
<msg time="2024-06-30T20:15:28.222815" level="INFO">{'gender': 'female', 'name': {'title': 'Ms', 'first': 'Julia', 'last': 'Cox'}, 'location': {'street': {'number': 2515, 'name': 'King Street'}, 'city': 'Edinburgh', 'state': 'Devon', 'country': 'United Kingdom', 'postcode': 'C20 8PJ', 'coordinates': {'latitude': '-8.0358', 'longitude': '141.8623'}, 'timezone': {'offset': '+9:30', 'description': 'Adelaide, Darwin'}}, 'email': 'julia.cox@example.com', 'login': {'uuid': '72be4444-edf8-4648-b464-71edc8a2c1b2', 'username': 'brownkoala206', 'password': 'hamster', 'salt': 'Y8IApGCq', 'md5': 'b72835873d23bbbe0a49cab549458131', 'sha1': '36bcfc7dda25c60898c14728a20b3a925d7faa4a', 'sha256': '9a0519f98c22efca39c1c5f63f130a3b879456da2ba3df49cc1749d923f52338'}, 'dob': {'date': '1996-02-21T17:50:18.155Z', 'age': 28}, 'registered': {'date': '2018-12-15T22:38:56.434Z', 'age': 5}, 'phone': '016977 68960', 'cell': '07108 165605', 'id': {'name': 'NINO', 'value': 'ZS 82 59 33 N'}, 'picture': {'large': 'https://randomuser.me/api/portraits/women/73.jpg', 'medium': 'https://randomuser.me/api/portraits/med/women/73.jpg', 'thumbnail': 'https://randomuser.me/api/portraits/thumb/women/73.jpg'}, 'nat': 'GB'}</msg>
<arg>${json_data['results'][0]}</arg>
<doc>Logs the given message with the given level.</doc>
<status status="PASS" start="2024-06-30T20:15:28.222467" elapsed="0.000395"/>
</kw>
<kw name="Log" owner="BuiltIn">
<msg time="2024-06-30T20:15:28.223277" level="INFO">location</msg>
<arg>${key}</arg>
<doc>Logs the given message with the given level.</doc>
<status status="PASS" start="2024-06-30T20:15:28.223153" elapsed="0.000160"/>
</kw>
<var name="${key}">location</var>
<status status="PASS" start="2024-06-30T20:15:28.221813" elapsed="0.001752"/>
</iter>
<iter>
<kw name="Dictionary Should Contain Key" owner="Collections">
<arg>${json_data['results'][0]}</arg>
<arg>${key}</arg>
<doc>Fails if ``key`` is not found from ``dictionary``.</doc>
<status status="PASS" start="2024-06-30T20:15:28.223849" elapsed="0.000387"/>
</kw>
<kw name="Log" owner="BuiltIn">
<msg time="2024-06-30T20:15:28.224757" level="INFO">{'gender': 'female', 'name': {'title': 'Ms', 'first': 'Julia', 'last': 'Cox'}, 'location': {'street': {'number': 2515, 'name': 'King Street'}, 'city': 'Edinburgh', 'state': 'Devon', 'country': 'United Kingdom', 'postcode': 'C20 8PJ', 'coordinates': {'latitude': '-8.0358', 'longitude': '141.8623'}, 'timezone': {'offset': '+9:30', 'description': 'Adelaide, Darwin'}}, 'email': 'julia.cox@example.com', 'login': {'uuid': '72be4444-edf8-4648-b464-71edc8a2c1b2', 'username': 'brownkoala206', 'password': 'hamster', 'salt': 'Y8IApGCq', 'md5': 'b72835873d23bbbe0a49cab549458131', 'sha1': '36bcfc7dda25c60898c14728a20b3a925d7faa4a', 'sha256': '9a0519f98c22efca39c1c5f63f130a3b879456da2ba3df49cc1749d923f52338'}, 'dob': {'date': '1996-02-21T17:50:18.155Z', 'age': 28}, 'registered': {'date': '2018-12-15T22:38:56.434Z', 'age': 5}, 'phone': '016977 68960', 'cell': '07108 165605', 'id': {'name': 'NINO', 'value': 'ZS 82 59 33 N'}, 'picture': {'large': 'https://randomuser.me/api/portraits/women/73.jpg', 'medium': 'https://randomuser.me/api/portraits/med/women/73.jpg', 'thumbnail': 'https://randomuser.me/api/portraits/thumb/women/73.jpg'}, 'nat': 'GB'}</msg>
<arg>${json_data['results'][0]}</arg>
<doc>Logs the given message with the given level.</doc>
<status status="PASS" start="2024-06-30T20:15:28.224414" elapsed="0.000389"/>
</kw>
<kw name="Log" owner="BuiltIn">
<msg time="2024-06-30T20:15:28.225217" level="INFO">email</msg>
<arg>${key}</arg>
<doc>Logs the given message with the given level.</doc>
<status status="PASS" start="2024-06-30T20:15:28.225092" elapsed="0.000163"/>
</kw>
<var name="${key}">email</var>
<status status="PASS" start="2024-06-30T20:15:28.223741" elapsed="0.001727"/>
</iter>
<iter>
<kw name="Dictionary Should Contain Key" owner="Collections">
<arg>${json_data['results'][0]}</arg>
<arg>${key}</arg>
<doc>Fails if ``key`` is not found from ``dictionary``.</doc>
<status status="PASS" start="2024-06-30T20:15:28.225751" elapsed="0.000393"/>
</kw>
<kw name="Log" owner="BuiltIn">
<msg time="2024-06-30T20:15:28.226675" level="INFO">{'gender': 'female', 'name': {'title': 'Ms', 'first': 'Julia', 'last': 'Cox'}, 'location': {'street': {'number': 2515, 'name': 'King Street'}, 'city': 'Edinburgh', 'state': 'Devon', 'country': 'United Kingdom', 'postcode': 'C20 8PJ', 'coordinates': {'latitude': '-8.0358', 'longitude': '141.8623'}, 'timezone': {'offset': '+9:30', 'description': 'Adelaide, Darwin'}}, 'email': 'julia.cox@example.com', 'login': {'uuid': '72be4444-edf8-4648-b464-71edc8a2c1b2', 'username': 'brownkoala206', 'password': 'hamster', 'salt': 'Y8IApGCq', 'md5': 'b72835873d23bbbe0a49cab549458131', 'sha1': '36bcfc7dda25c60898c14728a20b3a925d7faa4a', 'sha256': '9a0519f98c22efca39c1c5f63f130a3b879456da2ba3df49cc1749d923f52338'}, 'dob': {'date': '1996-02-21T17:50:18.155Z', 'age': 28}, 'registered': {'date': '2018-12-15T22:38:56.434Z', 'age': 5}, 'phone': '016977 68960', 'cell': '07108 165605', 'id': {'name': 'NINO', 'value': 'ZS 82 59 33 N'}, 'picture': {'large': 'https://randomuser.me/api/portraits/women/73.jpg', 'medium': 'https://randomuser.me/api/portraits/med/women/73.jpg', 'thumbnail': 'https://randomuser.me/api/portraits/thumb/women/73.jpg'}, 'nat': 'GB'}</msg>
<arg>${json_data['results'][0]}</arg>
<doc>Logs the given message with the given level.</doc>
<status status="PASS" start="2024-06-30T20:15:28.226325" elapsed="0.000396"/>
</kw>
<kw name="Log" owner="BuiltIn">
<msg time="2024-06-30T20:15:28.227127" level="INFO">login</msg>
<arg>${key}</arg>
<doc>Logs the given message with the given level.</doc>
<status status="PASS" start="2024-06-30T20:15:28.227004" elapsed="0.000160"/>
</kw>
<var name="${key}">login</var>
<status status="PASS" start="2024-06-30T20:15:28.225636" elapsed="0.001736"/>
</iter>
<var>${key}</var>
<value>@{expected_keys}</value>
<status status="PASS" start="2024-06-30T20:15:28.217609" elapsed="0.009916"/>
</for>
<kw name="Create List" owner="BuiltIn">
<msg time="2024-06-30T20:15:28.227870" level="INFO">${expected_keysTwo} = ['username', 'password']</msg>
<var>${expected_keysTwo}</var>
<arg>username</arg>
<arg>password</arg>
<doc>Returns a list containing given items.</doc>
<status status="PASS" start="2024-06-30T20:15:28.227732" elapsed="0.000161"/>
</kw>
<for flavor="IN">
<iter>
<kw name="Dictionary Should Contain Key" owner="Collections">
<arg>${json_data['results'][0]['login']}</arg>
<arg>${keyTwo}</arg>
<doc>Fails if ``key`` is not found from ``dictionary``.</doc>
<status status="PASS" start="2024-06-30T20:15:28.228415" elapsed="0.000379"/>
</kw>
<kw name="Dictionary Should Contain Key" owner="Collections">
<arg>${json_data['results'][0]['login']}</arg>
<arg>${keyTwo}</arg>
<doc>Fails if ``key`` is not found from ``dictionary``.</doc>
<status status="PASS" start="2024-06-30T20:15:28.228970" elapsed="0.000367"/>
</kw>
<kw name="Log" owner="BuiltIn">
<msg time="2024-06-30T20:15:28.229631" level="INFO">username</msg>
<arg>${keyTwo}</arg>
<doc>Logs the given message with the given level.</doc>
<status status="PASS" start="2024-06-30T20:15:28.229513" elapsed="0.000154"/>
</kw>
<var name="${keyTwo}">username</var>
<status status="PASS" start="2024-06-30T20:15:28.228311" elapsed="0.001574"/>
</iter>
<iter>
<kw name="Dictionary Should Contain Key" owner="Collections">
<arg>${json_data['results'][0]['login']}</arg>
<arg>${keyTwo}</arg>
<doc>Fails if ``key`` is not found from ``dictionary``.</doc>
<status status="PASS" start="2024-06-30T20:15:28.230160" elapsed="0.000379"/>
</kw>
<kw name="Dictionary Should Contain Key" owner="Collections">
<arg>${json_data['results'][0]['login']}</arg>
<arg>${keyTwo}</arg>
<doc>Fails if ``key`` is not found from ``dictionary``.</doc>
<status status="PASS" start="2024-06-30T20:15:28.230711" elapsed="0.000366"/>
</kw>
<kw name="Log" owner="BuiltIn">
<msg time="2024-06-30T20:15:28.231363" level="INFO">password</msg>
<arg>${keyTwo}</arg>
<doc>Logs the given message with the given level.</doc>
<status status="PASS" start="2024-06-30T20:15:28.231248" elapsed="0.000156"/>
</kw>
<var name="${keyTwo}">password</var>
<status status="PASS" start="2024-06-30T20:15:28.230055" elapsed="0.001686"/>
</iter>
<var>${keyTwo}</var>
<value>@{expected_keysTwo}</value>
<status status="PASS" start="2024-06-30T20:15:28.228155" elapsed="0.003704"/>
</for>
<status status="PASS" start="2024-06-30T20:15:28.116435" elapsed="0.115563"/>
</kw>
<doc>Testa a estrutura da resposta da API.</doc>
<tag>testeEstruturaResposta</tag>
<status status="PASS" start="2024-06-30T20:15:28.115830" elapsed="0.116322"/>
</test>
<test id="s1-s1-t4" name="Validar tipos de dados" line="28">
<kw name="Teste de Tipos de Dados" owner="random-user-service">
<kw name="GET On Session" owner="RequestsLibrary">
<msg time="2024-06-30T20:15:28.356740" level="INFO">GET Request : url=https://randomuser.me/api 
 path_url=/api 
 headers={'User-Agent': 'python-requests/2.32.3', 'Accept-Encoding': 'gzip, deflate', 'Accept': '*/*', 'Connection': 'keep-alive'} 
 body=None 
 </msg>
<msg time="2024-06-30T20:15:28.356844" level="INFO">GET Response : url=https://randomuser.me/api 
 status=200, reason=OK 
 headers={'Date': 'Sun, 30 Jun 2024 20:15:28 GMT', 'Content-Type': 'application/json; charset=utf-8', 'Transfer-Encoding': 'chunked', 'Connection': 'keep-alive', 'X-Powered-By': 'Express', 'Access-Control-Allow-Origin': '*', 'Cache-Control': 'no-cache', 'ETag': 'W/"48b-oJ2tdYS+JzVOGtD5vULH9k09dFc"', 'Vary': 'Accept-Encoding', 'Content-Encoding': 'gzip', 'CF-Cache-Status': 'DYNAMIC', 'Report-To': '{"endpoints":[{"url":"https:\\/\\/a.nel.cloudflare.com\\/report\\/v4?s=xbCFZUYHJtFLgp0FcGIse1eT18I4Xga2XLFHPRtu4OQRnkqnDTyv%2FSw9FkwFnOrRnURmycHc4WKqsg%2BOPg%2BM6sT%2BAZOSmp1qIKS6RsgfZgKAQAlNJRyFc2lWJlsIw7rB"}],"group":"cf-nel","max_age":604800}', 'NEL': '{"success_fraction":0,"report_to":"cf-nel","max_age":604800}', 'Server': 'cloudflare', 'CF-RAY': '89c0d4197ba208e2-LAX', 'alt-svc': 'h3=":443"; ma=86400'} 
 body={"results":[{"gender":"male","name":{"title":"Mr","first":"Kalenik","last":"Verhovinec"},"location":{"street":{"number":7201,"name":"Politehnichna"},"city":"Slavuta","state":"Kirovogradska","country":"Ukraine","postcode":31188,"coordinates":{"latitude":"73.2314","longitude":"-154.9616"},"timezone":{"offset":"-8:00","description":"Pacific Time (US &amp; Canada)"}},"email":"kalenik.verhovinec@example.com","login":{"uuid":"722bbc73-b06a-435b-a240-0a6d785e47e7","username":"crazybear119","password":"building","salt":"TaxNnuQl","md5":"0cce95274f331fca53623478d236ca19","sha1":"cf33d382f7ee0986662b9fc920c4d507d4531dba","sha256":"71c5b6e12f682d864c84d6025297be5aa109ebf627526743f89a394069658e97"},"dob":{"date":"1982-06-27T19:27:06.682Z","age":42},"registered":{"date":"2010-06-29T21:03:18.271Z","age":14},"phone":"(096) N39-2494","cell":"(067) G01-8645","id":{"name":"","value":null},"picture":{"large":"https://randomuser.me/api/portraits/men/83.jpg","medium":"https://randomuser.me/api/portraits/med/men/83.jpg","thumbnail":"https://randomuser.me/api/portraits/thumb/men/83.jpg"},"nat":"UA"}],"info":{"seed":"09d673c3be58b40d","results":1,"page":1,"version":"1.4"}} 
 </msg>
<msg time="2024-06-30T20:15:28.356925" level="INFO">/opt/hostedtoolcache/Python/3.12.4/x64/lib/python3.12/site-packages/urllib3/connectionpool.py:1099: InsecureRequestWarning: Unverified HTTPS request is being made to host 'randomuser.me'. Adding certificate verification is strongly advised. See: https://urllib3.readthedocs.io/en/latest/advanced-usage.html#tls-warnings
  warnings.warn(</msg>
<msg time="2024-06-30T20:15:28.357059" level="INFO">${response} = &lt;Response [200]&gt;</msg>
<var>${response}</var>
<arg>consultarAPI</arg>
<arg>/api</arg>
<doc>Sends a GET request on a previously created HTTP Session.</doc>
<status status="PASS" start="2024-06-30T20:15:28.234581" elapsed="0.122525"/>
</kw>
<kw name="Set Variable" owner="BuiltIn">
<msg time="2024-06-30T20:15:28.358120" level="INFO">${json_data} = {'results': [{'gender': 'male', 'name': {'title': 'Mr', 'first': 'Kalenik', 'last': 'Verhovinec'}, 'location': {'street': {'number': 7201, 'name': 'Politehnichna'}, 'city': 'Slavuta', 'state': 'Kirovo...</msg>
<var>${json_data}</var>
<arg>${response.json()}</arg>
<doc>Returns the given values which can then be assigned to a variables.</doc>
<status status="PASS" start="2024-06-30T20:15:28.357626" elapsed="0.000523"/>
</kw>
<kw name="Log" owner="BuiltIn">
<msg time="2024-06-30T20:15:28.358608" level="INFO">{'results': [{'gender': 'male', 'name': {'title': 'Mr', 'first': 'Kalenik', 'last': 'Verhovinec'}, 'location': {'street': {'number': 7201, 'name': 'Politehnichna'}, 'city': 'Slavuta', 'state': 'Kirovogradska', 'country': 'Ukraine', 'postcode': 31188, 'coordinates': {'latitude': '73.2314', 'longitude': '-154.9616'}, 'timezone': {'offset': '-8:00', 'description': 'Pacific Time (US &amp; Canada)'}}, 'email': 'kalenik.verhovinec@example.com', 'login': {'uuid': '722bbc73-b06a-435b-a240-0a6d785e47e7', 'username': 'crazybear119', 'password': 'building', 'salt': 'TaxNnuQl', 'md5': '0cce95274f331fca53623478d236ca19', 'sha1': 'cf33d382f7ee0986662b9fc920c4d507d4531dba', 'sha256': '71c5b6e12f682d864c84d6025297be5aa109ebf627526743f89a394069658e97'}, 'dob': {'date': '1982-06-27T19:27:06.682Z', 'age': 42}, 'registered': {'date': '2010-06-29T21:03:18.271Z', 'age': 14}, 'phone': '(096) N39-2494', 'cell': '(067) G01-8645', 'id': {'name': '', 'value': None}, 'picture': {'large': 'https://randomuser.me/api/portraits/men/83.jpg', 'medium': 'https://randomuser.me/api/portraits/med/men/83.jpg', 'thumbnail': 'https://randomuser.me/api/portraits/thumb/men/83.jpg'}, 'nat': 'UA'}], 'info': {'seed': '09d673c3be58b40d', 'results': 1, 'page': 1, 'version': '1.4'}}</msg>
<arg>${json_data}</arg>
<doc>Logs the given message with the given level.</doc>
<status status="PASS" start="2024-06-30T20:15:28.358449" elapsed="0.000208"/>
</kw>
<kw name="Should Be String" owner="String">
<arg>${json_data['results'][0]['gender']}</arg>
<doc>Fails if the given ``item`` is not a string.</doc>
<status status="PASS" start="2024-06-30T20:15:28.358938" elapsed="0.000359"/>
</kw>
<kw name="Should Match Regexp" owner="BuiltIn">
<arg>${json_data['results'][0]['email']}</arg>
<arg>^[a-zA-Z0-9._%+-]+@[a-zA-Z0-9.-]+\.[a-zA-Z]{2,}$</arg>
<doc>Fails if ``string`` does not match ``pattern`` as a regular expression.</doc>
<status status="PASS" start="2024-06-30T20:15:28.359526" elapsed="0.000521"/>
</kw>
<kw name="Should Match Regexp" owner="BuiltIn">
<arg>${json_data['results'][0]['dob']['date']}</arg>
<arg>\\d{4}-\\d{2}-\\d{2}T\\d{2}:\\d{2}:\\d{2}\\.\\d{3}Z</arg>
<doc>Fails if ``string`` does not match ``pattern`` as a regular expression.</doc>
<status status="PASS" start="2024-06-30T20:15:28.360274" elapsed="0.000485"/>
</kw>
<kw name="Should Match Regexp" owner="BuiltIn">
<arg>${json_data['results'][0]['registered']['date']}</arg>
<arg>\\d{4}-\\d{2}-\\d{2}T\\d{2}:\\d{2}:\\d{2}\\.\\d{3}Z</arg>
<doc>Fails if ``string`` does not match ``pattern`` as a regular expression.</doc>
<status status="PASS" start="2024-06-30T20:15:28.360945" elapsed="0.000358"/>
</kw>
<kw name="Should Match Regexp" owner="BuiltIn">
<arg>${json_data['results'][0]['picture']['large']}</arg>
<arg>^https?://.*\.(?:png|jpe?g|gif|bmp)$</arg>
<doc>Fails if ``string`` does not match ``pattern`` as a regular expression.</doc>
<status status="PASS" start="2024-06-30T20:15:28.361481" elapsed="0.000448"/>
</kw>
<kw name="Should Match Regexp" owner="BuiltIn">
<arg>${json_data['results'][0]['picture']['medium']}</arg>
<arg>^https?://.*\.(?:png|jpe?g|gif|bmp)$</arg>
<doc>Fails if ``string`` does not match ``pattern`` as a regular expression.</doc>
<status status="PASS" start="2024-06-30T20:15:28.362110" elapsed="0.000342"/>
</kw>
<kw name="Should Match Regexp" owner="BuiltIn">
<arg>${json_data['results'][0]['picture']['thumbnail']}</arg>
<arg>^https?://.*\.(?:png|jpe?g|gif|bmp)$</arg>
<doc>Fails if ``string`` does not match ``pattern`` as a regular expression.</doc>
<status status="PASS" start="2024-06-30T20:15:28.362627" elapsed="0.000337"/>
</kw>
<kw name="Log" owner="BuiltIn">
<msg time="2024-06-30T20:15:28.363481" level="INFO">{'large': 'https://randomuser.me/api/portraits/men/83.jpg', 'medium': 'https://randomuser.me/api/portraits/med/men/83.jpg', 'thumbnail': 'https://randomuser.me/api/portraits/thumb/men/83.jpg'}</msg>
<arg>${json_data['results'][0]['picture']}</arg>
<doc>Logs the given message with the given level.</doc>
<status status="PASS" start="2024-06-30T20:15:28.363140" elapsed="0.000386"/>
</kw>
<status status="PASS" start="2024-06-30T20:15:28.234358" elapsed="0.129430"/>
</kw>
<kw name="Teste de Tipos de Dados - Postcode" owner="random-user-service">
<kw name="GET On Session" owner="RequestsLibrary">
<msg time="2024-06-30T20:15:28.474449" level="INFO">GET Request : url=https://randomuser.me/api 
 path_url=/api 
 headers={'User-Agent': 'python-requests/2.32.3', 'Accept-Encoding': 'gzip, deflate', 'Accept': '*/*', 'Connection': 'keep-alive'} 
 body=None 
 </msg>
<msg time="2024-06-30T20:15:28.474553" level="INFO">GET Response : url=https://randomuser.me/api 
 status=200, reason=OK 
 headers={'Date': 'Sun, 30 Jun 2024 20:15:28 GMT', 'Content-Type': 'application/json; charset=utf-8', 'Transfer-Encoding': 'chunked', 'Connection': 'keep-alive', 'X-Powered-By': 'Express', 'Access-Control-Allow-Origin': '*', 'Cache-Control': 'no-cache', 'ETag': 'W/"484-0+bbVN/i5abDO/HxB18V0Y+lL4w"', 'Vary': 'Accept-Encoding', 'Content-Encoding': 'gzip', 'CF-Cache-Status': 'DYNAMIC', 'Report-To': '{"endpoints":[{"url":"https:\\/\\/a.nel.cloudflare.com\\/report\\/v4?s=oTu2tFB4LWlDb3lKaNIpCJmjUDiU6QQGpzLNPUptQ7dgi3vkRINZdl9ApGLr5G730UvWA9qk9VW8uyhnG1hf9ABDTV46V1zEMIMIvCyLoVfZA6TXrNLAvmiJjQ69oBTz"}],"group":"cf-nel","max_age":604800}', 'NEL': '{"success_fraction":0,"report_to":"cf-nel","max_age":604800}', 'Server': 'cloudflare', 'CF-RAY': '89c0d41a4c6208e2-LAX', 'alt-svc': 'h3=":443"; ma=86400'} 
 body={"results":[{"gender":"female","name":{"title":"Mrs","first":"Alice","last":"Berger"},"location":{"street":{"number":3999,"name":"Route de Genas"},"city":"Montpellier","state":"Tarn","country":"France","postcode":67790,"coordinates":{"latitude":"-19.1953","longitude":"59.7120"},"timezone":{"offset":"+5:45","description":"Kathmandu"}},"email":"alice.berger@example.com","login":{"uuid":"006c658e-a0a3-4d92-8a24-5d32823677d8","username":"goldengoose864","password":"buddie","salt":"dQoZMhHP","md5":"59d9743461f22979f799f901e6dd04d8","sha1":"ca5c4a5e839fa89cea6cc35f148fe8e8d1602a7f","sha256":"6ee7ef506841e137137cedec4580864f1150049c361ed0506cb7589e249344cc"},"dob":{"date":"1957-09-23T11:34:39.179Z","age":66},"registered":{"date":"2005-05-28T20:45:32.978Z","age":19},"phone":"01-24-44-85-96","cell":"06-26-77-94-08","id":{"name":"INSEE","value":"2570823021692 45"},"picture":{"large":"https://randomuser.me/api/portraits/women/51.jpg","medium":"https://randomuser.me/api/portraits/med/women/51.jpg","thumbnail":"https://randomuser.me/api/portraits/thumb/women/51.jpg"},"nat":"FR"}],"info":{"seed":"3544325536c52216","results":1,"page":1,"version":"1.4"}} 
 </msg>
<msg time="2024-06-30T20:15:28.474632" level="INFO">/opt/hostedtoolcache/Python/3.12.4/x64/lib/python3.12/site-packages/urllib3/connectionpool.py:1099: InsecureRequestWarning: Unverified HTTPS request is being made to host 'randomuser.me'. Adding certificate verification is strongly advised. See: https://urllib3.readthedocs.io/en/latest/advanced-usage.html#tls-warnings
  warnings.warn(</msg>
<msg time="2024-06-30T20:15:28.474753" level="INFO">${response} = &lt;Response [200]&gt;</msg>
<var>${response}</var>
<arg>consultarAPI</arg>
<arg>/api</arg>
<doc>Sends a GET request on a previously created HTTP Session.</doc>
<status status="PASS" start="2024-06-30T20:15:28.364234" elapsed="0.110559"/>
</kw>
<kw name="Set Variable" owner="BuiltIn">
<msg time="2024-06-30T20:15:28.475752" level="INFO">${json_data} = {'results': [{'gender': 'female', 'name': {'title': 'Mrs', 'first': 'Alice', 'last': 'Berger'}, 'location': {'street': {'number': 3999, 'name': 'Route de Genas'}, 'city': 'Montpellier', 'state': 'Tarn...</msg>
<var>${json_data}</var>
<arg>${response.json()}</arg>
<doc>Returns the given values which can then be assigned to a variables.</doc>
<status status="PASS" start="2024-06-30T20:15:28.475226" elapsed="0.000553"/>
</kw>
<kw name="Log" owner="BuiltIn">
<msg time="2024-06-30T20:15:28.476231" level="INFO">{'results': [{'gender': 'female', 'name': {'title': 'Mrs', 'first': 'Alice', 'last': 'Berger'}, 'location': {'street': {'number': 3999, 'name': 'Route de Genas'}, 'city': 'Montpellier', 'state': 'Tarn', 'country': 'France', 'postcode': 67790, 'coordinates': {'latitude': '-19.1953', 'longitude': '59.7120'}, 'timezone': {'offset': '+5:45', 'description': 'Kathmandu'}}, 'email': 'alice.berger@example.com', 'login': {'uuid': '006c658e-a0a3-4d92-8a24-5d32823677d8', 'username': 'goldengoose864', 'password': 'buddie', 'salt': 'dQoZMhHP', 'md5': '59d9743461f22979f799f901e6dd04d8', 'sha1': 'ca5c4a5e839fa89cea6cc35f148fe8e8d1602a7f', 'sha256': '6ee7ef506841e137137cedec4580864f1150049c361ed0506cb7589e249344cc'}, 'dob': {'date': '1957-09-23T11:34:39.179Z', 'age': 66}, 'registered': {'date': '2005-05-28T20:45:32.978Z', 'age': 19}, 'phone': '01-24-44-85-96', 'cell': '06-26-77-94-08', 'id': {'name': 'INSEE', 'value': '2570823021692 45'}, 'picture': {'large': 'https://randomuser.me/api/portraits/women/51.jpg', 'medium': 'https://randomuser.me/api/portraits/med/women/51.jpg', 'thumbnail': 'https://randomuser.me/api/portraits/thumb/women/51.jpg'}, 'nat': 'FR'}], 'info': {'seed': '3544325536c52216', 'results': 1, 'page': 1, 'version': '1.4'}}</msg>
<arg>${json_data}</arg>
<doc>Logs the given message with the given level.</doc>
<status status="PASS" start="2024-06-30T20:15:28.476079" elapsed="0.000197"/>
</kw>
<kw name="Should Be Equal As Numbers" owner="BuiltIn">
<arg>${json_data['results'][0]['location']['postcode']}</arg>
<arg>${json_data['results'][0]['location']['postcode']}</arg>
<doc>Fails if objects are unequal after converting them to real numbers.</doc>
<status status="PASS" start="2024-06-30T20:15:28.476564" elapsed="0.000616"/>
</kw>
<kw name="Log" owner="BuiltIn">
<msg time="2024-06-30T20:15:28.477862" level="INFO">67790</msg>
<arg>${json_data['results'][0]['location']['postcode']}</arg>
<doc>Logs the given message with the given level.</doc>
<status status="PASS" start="2024-06-30T20:15:28.477367" elapsed="0.000535"/>
</kw>
<status status="PASS" start="2024-06-30T20:15:28.364009" elapsed="0.114172"/>
</kw>
<doc>Testa se os tipos de dados na resposta da API estão corretos.</doc>
<tag>testeTiposDados</tag>
<status status="PASS" start="2024-06-30T20:15:28.233899" elapsed="0.244446"/>
</test>
<test id="s1-s1-t5" name="Validar conteudo" line="35">
<kw name="Teste de Tipos de Conteudo" owner="random-user-service">
<kw name="GET On Session" owner="RequestsLibrary">
<msg time="2024-06-30T20:15:28.586256" level="INFO">GET Request : url=https://randomuser.me/api 
 path_url=/api 
 headers={'User-Agent': 'python-requests/2.32.3', 'Accept-Encoding': 'gzip, deflate', 'Accept': '*/*', 'Connection': 'keep-alive'} 
 body=None 
 </msg>
<msg time="2024-06-30T20:15:28.586336" level="INFO">GET Response : url=https://randomuser.me/api 
 status=200, reason=OK 
 headers={'Date': 'Sun, 30 Jun 2024 20:15:28 GMT', 'Content-Type': 'application/json; charset=utf-8', 'Transfer-Encoding': 'chunked', 'Connection': 'keep-alive', 'X-Powered-By': 'Express', 'Access-Control-Allow-Origin': '*', 'Cache-Control': 'no-cache', 'ETag': 'W/"494-6DoXydVPh94uaHrfnxQZOLBG0Wo"', 'Vary': 'Accept-Encoding', 'Content-Encoding': 'gzip', 'CF-Cache-Status': 'DYNAMIC', 'Report-To': '{"endpoints":[{"url":"https:\\/\\/a.nel.cloudflare.com\\/report\\/v4?s=drzOrnSpEeTHdnu2%2F4WGBhTumSnAdRAtqLEFdjCzPtGdR5di4Xk0Id9gbNwb3aWLyapSQXfGU2GaFDvQXBIcfW8tFvZXcuRnpQXeVq%2B%2BqYxRSjFmVFD5zBYamXZfKnEI"}],"group":"cf-nel","max_age":604800}', 'NEL': '{"success_fraction":0,"report_to":"cf-nel","max_age":604800}', 'Server': 'cloudflare', 'CF-RAY': '89c0d41b0d3e08e2-LAX', 'alt-svc': 'h3=":443"; ma=86400'} 
 body={"results":[{"gender":"female","name":{"title":"Miss","first":"Elaine","last":"Hart"},"location":{"street":{"number":6928,"name":"Stevens Creek Blvd"},"city":"Wollongong","state":"New South Wales","country":"Australia","postcode":7123,"coordinates":{"latitude":"-88.7269","longitude":"155.5562"},"timezone":{"offset":"+7:00","description":"Bangkok, Hanoi, Jakarta"}},"email":"elaine.hart@example.com","login":{"uuid":"460cbcf3-080f-42e5-b78b-3a1ba467225f","username":"sadelephant674","password":"latina","salt":"Ha8i4uTE","md5":"84f5d0ccb6f12df1debbb894c546ad00","sha1":"76848003eebe87fbc98a651cbcd018aaca19d752","sha256":"c2a5769bb20864bfe487d6f3c1fe40a4881c4c31621168576c2c7415039c298b"},"dob":{"date":"1950-12-15T03:09:00.089Z","age":73},"registered":{"date":"2017-04-27T02:37:20.303Z","age":7},"phone":"02-4411-3983","cell":"0472-886-495","id":{"name":"TFN","value":"732165141"},"picture":{"large":"https://randomuser.me/api/portraits/women/61.jpg","medium":"https://randomuser.me/api/portraits/med/women/61.jpg","thumbnail":"https://randomuser.me/api/portraits/thumb/women/61.jpg"},"nat":"AU"}],"info":{"seed":"1744f38448f51519","results":1,"page":1,"version":"1.4"}} 
 </msg>
<msg time="2024-06-30T20:15:28.586409" level="INFO">/opt/hostedtoolcache/Python/3.12.4/x64/lib/python3.12/site-packages/urllib3/connectionpool.py:1099: InsecureRequestWarning: Unverified HTTPS request is being made to host 'randomuser.me'. Adding certificate verification is strongly advised. See: https://urllib3.readthedocs.io/en/latest/advanced-usage.html#tls-warnings
  warnings.warn(</msg>
<msg time="2024-06-30T20:15:28.586512" level="INFO">${response} = &lt;Response [200]&gt;</msg>
<var>${response}</var>
<arg>consultarAPI</arg>
<arg>/api</arg>
<doc>Sends a GET request on a previously created HTTP Session.</doc>
<status status="PASS" start="2024-06-30T20:15:28.480782" elapsed="0.105768"/>
</kw>
<kw name="Set Variable" owner="BuiltIn">
<msg time="2024-06-30T20:15:28.587433" level="INFO">${json_data} = {'results': [{'gender': 'female', 'name': {'title': 'Miss', 'first': 'Elaine', 'last': 'Hart'}, 'location': {'street': {'number': 6928, 'name': 'Stevens Creek Blvd'}, 'city': 'Wollongong', 'state': 'N...</msg>
<var>${json_data}</var>
<arg>${response.json()}</arg>
<doc>Returns the given values which can then be assigned to a variables.</doc>
<status status="PASS" start="2024-06-30T20:15:28.586991" elapsed="0.000508"/>
</kw>
<kw name="Set Variable" owner="BuiltIn">
<msg time="2024-06-30T20:15:28.588205" level="INFO">${name_title} = Miss</msg>
<var>${name_title}</var>
<arg>${json_data["results"][0]["name"]["title"]}</arg>
<doc>Returns the given values which can then be assigned to a variables.</doc>
<status status="PASS" start="2024-06-30T20:15:28.587827" elapsed="0.000402"/>
</kw>
<kw name="Create List" owner="BuiltIn">
<msg time="2024-06-30T20:15:28.588672" level="INFO">${allowed_titles} = ['Mr', 'Ms', 'Miss', 'Mrs', 'Madame', 'Monsieur']</msg>
<var>${allowed_titles}</var>
<arg>Mr</arg>
<arg>Ms</arg>
<arg>Miss</arg>
<arg>Mrs</arg>
<arg>Madame</arg>
<arg>Monsieur</arg>
<doc>Returns a list containing given items.</doc>
<status status="PASS" start="2024-06-30T20:15:28.588517" elapsed="0.000179"/>
</kw>
<kw name="List Should Contain Value" owner="Collections">
<arg>${allowed_titles}</arg>
<arg>${name_title}</arg>
<doc>Fails if the ``value`` is not found from ``list``.</doc>
<status status="PASS" start="2024-06-30T20:15:28.588985" elapsed="0.000180"/>
</kw>
<kw name="Set Variable" owner="BuiltIn">
<msg time="2024-06-30T20:15:28.589706" level="INFO">${name_country} = AU</msg>
<var>${name_country}</var>
<arg>${json_data["results"][0]["nat"]}</arg>
<doc>Returns the given values which can then be assigned to a variables.</doc>
<status status="PASS" start="2024-06-30T20:15:28.589341" elapsed="0.000389"/>
</kw>
<kw name="Create List" owner="BuiltIn">
<msg time="2024-06-30T20:15:28.590616" level="INFO">${list_country} = ['AD', 'AE', 'AF', 'AG', 'AI', 'AL', 'AM', 'AO', 'AQ', 'AR', 'AS', 'AT', 'AU', 'AW', 'AX', 'AZ', 'BA', 'BB', 'BD', 'BE', 'BF', 'BG', 'BH', 'BI', 'BJ', 'BL', 'BM', 'BN', 'BO', 'BQ', 'BR', 'BS', 'BT', '...</msg>
<var>${list_country}</var>
<arg>AD</arg>
<arg>AE</arg>
<arg>AF</arg>
<arg>AG</arg>
<arg>AI</arg>
<arg>AL</arg>
<arg>AM</arg>
<arg>AO</arg>
<arg>AQ</arg>
<arg>AR</arg>
<arg>AS</arg>
<arg>AT</arg>
<arg>AU</arg>
<arg>AW</arg>
<arg>AX</arg>
<arg>AZ</arg>
<arg>BA</arg>
<arg>BB</arg>
<arg>BD</arg>
<arg>BE</arg>
<arg>BF</arg>
<arg>BG</arg>
<arg>BH</arg>
<arg>BI</arg>
<arg>BJ</arg>
<arg>BL</arg>
<arg>BM</arg>
<arg>BN</arg>
<arg>BO</arg>
<arg>BQ</arg>
<arg>BR</arg>
<arg>BS</arg>
<arg>BT</arg>
<arg>BV</arg>
<arg>BW</arg>
<arg>BY</arg>
<arg>BZ</arg>
<arg>CA</arg>
<arg>CC</arg>
<arg>CD</arg>
<arg>CF</arg>
<arg>CG</arg>
<arg>CH</arg>
<arg>CI</arg>
<arg>CK</arg>
<arg>CL</arg>
<arg>CM</arg>
<arg>CN</arg>
<arg>CO</arg>
<arg>CR</arg>
<arg>CU</arg>
<arg>CV</arg>
<arg>CW</arg>
<arg>CX</arg>
<arg>CY</arg>
<arg>CZ</arg>
<arg>DE</arg>
<arg>DJ</arg>
<arg>DK</arg>
<arg>DM</arg>
<arg>DO</arg>
<arg>DZ</arg>
<arg>EC</arg>
<arg>EE</arg>
<arg>EG</arg>
<arg>EH</arg>
<arg>ER</arg>
<arg>ES</arg>
<arg>ET</arg>
<arg>FI</arg>
<arg>FJ</arg>
<arg>FK</arg>
<arg>FM</arg>
<arg>FO</arg>
<arg>FR</arg>
<arg>GA</arg>
<arg>GB</arg>
<arg>GD</arg>
<arg>GE</arg>
<arg>GF</arg>
<arg>GG</arg>
<arg>GH</arg>
<arg>GI</arg>
<arg>GL</arg>
<arg>GM</arg>
<arg>GN</arg>
<arg>GP</arg>
<arg>GQ</arg>
<arg>GR</arg>
<arg>GS</arg>
<arg>GT</arg>
<arg>GU</arg>
<arg>GW</arg>
<arg>GY</arg>
<arg>HK</arg>
<arg>HM</arg>
<arg>HN</arg>
<arg>HR</arg>
<arg>HT</arg>
<arg>HU</arg>
<arg>ID</arg>
<arg>IE</arg>
<arg>IL</arg>
<arg>IM</arg>
<arg>IN</arg>
<arg>IO</arg>
<arg>IQ</arg>
<arg>IR</arg>
<arg>IS</arg>
<arg>IT</arg>
<arg>JE</arg>
<arg>JM</arg>
<arg>JO</arg>
<arg>JP</arg>
<arg>KE</arg>
<arg>KG</arg>
<arg>KH</arg>
<arg>KI</arg>
<arg>KM</arg>
<arg>KN</arg>
<arg>KP</arg>
<arg>KR</arg>
<arg>KW</arg>
<arg>KY</arg>
<arg>KZ</arg>
<arg>LA</arg>
<arg>LB</arg>
<arg>LC</arg>
<arg>LI</arg>
<arg>LK</arg>
<arg>LR</arg>
<arg>LS</arg>
<arg>LT</arg>
<arg>LU</arg>
<arg>LV</arg>
<arg>LY</arg>
<arg>MA</arg>
<arg>MC</arg>
<arg>MD</arg>
<arg>ME</arg>
<arg>MF</arg>
<arg>MG</arg>
<arg>MH</arg>
<arg>MK</arg>
<arg>ML</arg>
<arg>MM</arg>
<arg>MN</arg>
<arg>MO</arg>
<arg>MP</arg>
<arg>MQ</arg>
<arg>MR</arg>
<arg>MS</arg>
<arg>MT</arg>
<arg>MU</arg>
<arg>MV</arg>
<arg>MW</arg>
<arg>MX</arg>
<arg>MY</arg>
<arg>MZ</arg>
<arg>NA</arg>
<arg>NC</arg>
<arg>NE</arg>
<arg>NF</arg>
<arg>NG</arg>
<arg>NI</arg>
<arg>NL</arg>
<arg>NO</arg>
<arg>NP</arg>
<arg>NR</arg>
<arg>NU</arg>
<arg>NZ</arg>
<arg>OM</arg>
<arg>PA</arg>
<arg>PE</arg>
<arg>PF</arg>
<arg>PG</arg>
<arg>PH</arg>
<arg>PK</arg>
<arg>PL</arg>
<arg>PM</arg>
<arg>PN</arg>
<arg>PR</arg>
<arg>PS</arg>
<arg>PT</arg>
<arg>PW</arg>
<arg>PY</arg>
<arg>QA</arg>
<arg>RE</arg>
<arg>RO</arg>
<arg>RS</arg>
<arg>RU</arg>
<arg>RW</arg>
<arg>SA</arg>
<arg>SB</arg>
<arg>SC</arg>
<arg>SD</arg>
<arg>SE</arg>
<arg>SG</arg>
<arg>SH</arg>
<arg>SI</arg>
<arg>SJ</arg>
<arg>SK</arg>
<arg>SL</arg>
<arg>SM</arg>
<arg>SN</arg>
<arg>SO</arg>
<arg>SR</arg>
<arg>SS</arg>
<arg>ST</arg>
<arg>SV</arg>
<arg>SX</arg>
<arg>SY</arg>
<arg>SZ</arg>
<arg>TC</arg>
<arg>TD</arg>
<arg>TF</arg>
<arg>TG</arg>
<arg>TH</arg>
<arg>TJ</arg>
<arg>TK</arg>
<arg>TL</arg>
<arg>TM</arg>
<arg>TN</arg>
<arg>TO</arg>
<arg>TR</arg>
<arg>TT</arg>
<arg>TV</arg>
<arg>TW</arg>
<arg>TZ</arg>
<arg>UA</arg>
<arg>UG</arg>
<arg>UM</arg>
<arg>US</arg>
<arg>UY</arg>
<arg>UZ</arg>
<arg>VA</arg>
<arg>VC</arg>
<arg>VE</arg>
<arg>VG</arg>
<arg>VI</arg>
<arg>VN</arg>
<arg>VU</arg>
<arg>WF</arg>
<arg>WS</arg>
<arg>XK</arg>
<arg>YE</arg>
<arg>YT</arg>
<arg>ZA</arg>
<arg>ZM</arg>
<arg>ZW</arg>
<doc>Returns a list containing given items.</doc>
<status status="PASS" start="2024-06-30T20:15:28.590014" elapsed="0.000627"/>
</kw>
<kw name="List Should Contain Value" owner="Collections">
<arg>${list_country}</arg>
<arg>${name_country}</arg>
<doc>Fails if the ``value`` is not found from ``list``.</doc>
<status status="PASS" start="2024-06-30T20:15:28.591426" elapsed="0.000217"/>
</kw>
<kw name="Run Keyword If" owner="BuiltIn">
<kw name="Should Be True" owner="BuiltIn">
<arg>${True}</arg>
<doc>Fails if the given condition is not true.</doc>
<status status="PASS" start="2024-06-30T20:15:28.592556" elapsed="0.000138"/>
</kw>
<arg>${json_data["results"][0]["location"]["coordinates"]["latitude"]} &gt;= -90 and ${json_data["results"][0]["location"]["coordinates"]["latitude"]} &lt;= 90</arg>
<arg>Should Be True</arg>
<arg>${True}</arg>
<doc>Runs the given keyword with the given arguments, if ``condition`` is true.</doc>
<status status="PASS" start="2024-06-30T20:15:28.591836" elapsed="0.000980"/>
</kw>
<kw name="Run Keyword If" owner="BuiltIn">
<kw name="Should Be True" owner="BuiltIn">
<arg>${True}</arg>
<doc>Fails if the given condition is not true.</doc>
<status status="PASS" start="2024-06-30T20:15:28.593679" elapsed="0.000226"/>
</kw>
<arg>${json_data["results"][0]["location"]["coordinates"]["longitude"]} &gt;= -180 and ${json_data["results"][0]["location"]["coordinates"]["longitude"]} &lt;= 180</arg>
<arg>Should Be True</arg>
<arg>${True}</arg>
<doc>Runs the given keyword with the given arguments, if ``condition`` is true.</doc>
<status status="PASS" start="2024-06-30T20:15:28.592993" elapsed="0.001038"/>
</kw>
<status status="PASS" start="2024-06-30T20:15:28.480563" elapsed="0.113598"/>
</kw>
<doc>Testa o conteúdo específico dos campos retornados pela API.</doc>
<tag>testeConteudo</tag>
<status status="PASS" start="2024-06-30T20:15:28.480110" elapsed="0.114195"/>
</test>
<status status="PASS" start="2024-06-30T20:15:27.371197" elapsed="1.225066"/>
</suite>
<status status="PASS" start="2024-06-30T20:15:27.356610" elapsed="1.244635"/>
</suite>
<statistics>
<total>
<stat pass="5" fail="0" skip="0">All Tests</stat>
</total>
<tag>
<stat pass="1" fail="0" skip="0">testeConteudo</stat>
<stat pass="1" fail="0" skip="0">testeEstruturaResposta</stat>
<stat pass="1" fail="0" skip="0">testeRequisicaoBasica</stat>
<stat pass="1" fail="0" skip="0">testeTiposDados</stat>
</tag>
<suite>
<stat pass="5" fail="0" skip="0" id="s1" name="Tests">Tests</stat>
<stat pass="5" fail="0" skip="0" id="s1-s1" name="Random-User-Test">Tests.Random-User-Test</stat>
</suite>
</statistics>
<errors>
</errors>
</robot>
