<?xml version="1.0" encoding="UTF-8"?>
<robot generator="Robot 7.0.1 (Python 3.12.3 on linux)" generated="2024-06-15T07:14:43.796387" rpa="false" schemaversion="5">
<suite id="s1" name="Tests" source="/home/runner/work/ApiRandomUser/ApiRandomUser/RamdonUser/tests">
<suite id="s1-s1" name="Random-User-Test" source="/home/runner/work/ApiRandomUser/ApiRandomUser/RamdonUser/tests/random-user-test.robot">
<test id="s1-s1-t1" name="Conectar" line="13">
<kw name="Conectar API" owner="random-user-service">
<kw name="Create Session" owner="RequestsLibrary">
<msg time="2024-06-15T07:14:44.179083" level="INFO">Creating Session using : alias=consultarAPI, url=https://randomuser.me/, headers={},                     cookies={}, auth=None, timeout=None, proxies=None, verify=False,                     debug=0 </msg>
<arg>consultarAPI</arg>
<arg>${URL}</arg>
<doc>Create Session: create a HTTP session to a server</doc>
<status status="PASS" start="2024-06-15T07:14:44.178886" elapsed="0.000375"/>
</kw>
<status status="PASS" start="2024-06-15T07:14:44.177834" elapsed="0.001780"/>
</kw>
<status status="PASS" start="2024-06-15T07:14:44.177321" elapsed="0.002487"/>
</test>
<test id="s1-s1-t2" name="Validar retorno 200 e JSON Válido" line="16">
<kw name="Teste de Requisicao Basica" owner="random-user-service">
<kw name="GET On Session" owner="RequestsLibrary">
<msg time="2024-06-15T07:14:44.361167" level="INFO">GET Request : url=https://randomuser.me/api 
 path_url=/api 
 headers={'User-Agent': 'python-requests/2.32.3', 'Accept-Encoding': 'gzip, deflate', 'Accept': '*/*', 'Connection': 'keep-alive'} 
 body=None 
 </msg>
<msg time="2024-06-15T07:14:44.361313" level="INFO">GET Response : url=https://randomuser.me/api 
 status=200, reason=OK 
 headers={'Date': 'Sat, 15 Jun 2024 07:14:44 GMT', 'Content-Type': 'application/json; charset=utf-8', 'Transfer-Encoding': 'chunked', 'Connection': 'keep-alive', 'X-Powered-By': 'Express', 'Access-Control-Allow-Origin': '*', 'Cache-Control': 'no-cache', 'ETag': 'W/"4a0-tiFdvqeBfM49hztkOc1MXrJXZ+8"', 'Vary': 'Accept-Encoding', 'Content-Encoding': 'gzip', 'CF-Cache-Status': 'DYNAMIC', 'Report-To': '{"endpoints":[{"url":"https:\\/\\/a.nel.cloudflare.com\\/report\\/v4?s=K7jFXsuBXENWvj%2FGHNaWxzmoq%2FPfcS4LC21ZrVxg06GnmKSevnCt9lhQK%2BC001C0XN7q4DRFAXrn3ZkD0sTIAP5p5rhWItGU5x0USe7ZogERjhRP5542%2FRV09Hh5kfAW"}],"group":"cf-nel","max_age":604800}', 'NEL': '{"success_fraction":0,"report_to":"cf-nel","max_age":604800}', 'Server': 'cloudflare', 'CF-RAY': '8940c3d2fe17241e-IAD', 'alt-svc': 'h3=":443"; ma=86400'} 
 body={"results":[{"gender":"female","name":{"title":"Miss","first":"Alejandra","last":"Carmona"},"location":{"street":{"number":1742,"name":"Calle del Barquillo"},"city":"Alcalá de Henares","state":"Navarra","country":"Spain","postcode":24995,"coordinates":{"latitude":"-33.4352","longitude":"74.1442"},"timezone":{"offset":"+7:00","description":"Bangkok, Hanoi, Jakarta"}},"email":"alejandra.carmona@example.com","login":{"uuid":"012c2c0d-2311-4c5b-9211-a955dbdc1190","username":"beautifulmouse626","password":"apple1","salt":"oegVvRZj","md5":"733478d90378d207c843d720d0cfe074","sha1":"4d50715fe51601240054d73f9718b75ddd601770","sha256":"37395d2a5a649ad239ecec200754519008272329c72024dc48b82332fbc5cfaf"},"dob":{"date":"1965-01-18T18:17:52.188Z","age":59},"registered":{"date":"2009-02-20T04:33:08.384Z","age":15},"phone":"968-701-505","cell":"693-895-588","id":{"name":"DNI","value":"96425885-E"},"picture":{"large":"https://randomuser.me/api/portraits/women/81.jpg","medium":"https://randomuser.me/api/portraits/med/women/81.jpg","thumbnail":"https://randomuser.me/api/portraits/thumb/women/81.jpg"},"nat":"ES"}],"info":{"seed":"35844bdc6bafbf6c","results":1,"page":1,"version":"1.4"}} 
 </msg>
<msg time="2024-06-15T07:14:44.361402" level="INFO">/opt/hostedtoolcache/Python/3.12.3/x64/lib/python3.12/site-packages/urllib3/connectionpool.py:1103: InsecureRequestWarning: Unverified HTTPS request is being made to host 'randomuser.me'. Adding certificate verification is strongly advised. See: https://urllib3.readthedocs.io/en/latest/advanced-usage.html#tls-warnings
  warnings.warn(</msg>
<msg time="2024-06-15T07:14:44.361544" level="INFO">${response} = &lt;Response [200]&gt;</msg>
<var>${response}</var>
<arg>consultarAPI</arg>
<arg>/api</arg>
<doc>Sends a GET request on a previously created HTTP Session.</doc>
<status status="PASS" start="2024-06-15T07:14:44.182383" elapsed="0.179213"/>
</kw>
<kw name="Should Be Equal As Numbers" owner="BuiltIn">
<msg time="2024-06-15T07:14:44.362474" level="INFO">Argument types are:
&lt;class 'int'&gt;
&lt;class 'str'&gt;</msg>
<arg>${response.status_code}</arg>
<arg>200</arg>
<doc>Fails if objects are unequal after converting them to real numbers.</doc>
<status status="PASS" start="2024-06-15T07:14:44.362066" elapsed="0.000472"/>
</kw>
<kw name="Log" owner="BuiltIn">
<msg time="2024-06-15T07:14:44.363226" level="INFO">200</msg>
<arg>${response.status_code}</arg>
<doc>Logs the given message with the given level.</doc>
<status status="PASS" start="2024-06-15T07:14:44.362875" elapsed="0.000397"/>
</kw>
<kw name="Set Variable" owner="BuiltIn">
<msg time="2024-06-15T07:14:44.364012" level="INFO">${json_data} = {'results': [{'gender': 'female', 'name': {'title': 'Miss', 'first': 'Alejandra', 'last': 'Carmona'}, 'location': {'street': {'number': 1742, 'name': 'Calle del Barquillo'}, 'city': 'Alcalá de Henares...</msg>
<var>${json_data}</var>
<arg>${response.json()}</arg>
<doc>Returns the given values which can then be assigned to a variables.</doc>
<status status="PASS" start="2024-06-15T07:14:44.363578" elapsed="0.000462"/>
</kw>
<kw name="Dictionary Should Contain Key" owner="Collections">
<arg>${json_data}</arg>
<arg>results</arg>
<doc>Fails if ``key`` is not found from ``dictionary``.</doc>
<status status="PASS" start="2024-06-15T07:14:44.364334" elapsed="0.000161"/>
</kw>
<status status="PASS" start="2024-06-15T07:14:44.182143" elapsed="0.182497"/>
</kw>
<doc>Testa se a API responde corretamente e retorna um objeto JSON válido.</doc>
<tag>testeRequisicaoBasica</tag>
<status status="PASS" start="2024-06-15T07:14:44.181640" elapsed="0.183162"/>
</test>
<test id="s1-s1-t3" name="Validar estrutura de resposta" line="22">
<kw name="Teste de Estrutura de Resposta" owner="random-user-service">
<kw name="GET On Session" owner="RequestsLibrary">
<msg time="2024-06-15T07:14:44.449494" level="INFO">GET Request : url=https://randomuser.me/api 
 path_url=/api 
 headers={'User-Agent': 'python-requests/2.32.3', 'Accept-Encoding': 'gzip, deflate', 'Accept': '*/*', 'Connection': 'keep-alive'} 
 body=None 
 </msg>
<msg time="2024-06-15T07:14:44.449581" level="INFO">GET Response : url=https://randomuser.me/api 
 status=200, reason=OK 
 headers={'Date': 'Sat, 15 Jun 2024 07:14:44 GMT', 'Content-Type': 'application/json; charset=utf-8', 'Transfer-Encoding': 'chunked', 'Connection': 'keep-alive', 'X-Powered-By': 'Express', 'Access-Control-Allow-Origin': '*', 'Cache-Control': 'no-cache', 'ETag': 'W/"499-4eI7UdDxa74ONR+qkj0YXN02Zao"', 'Vary': 'Accept-Encoding', 'Content-Encoding': 'gzip', 'CF-Cache-Status': 'DYNAMIC', 'Report-To': '{"endpoints":[{"url":"https:\\/\\/a.nel.cloudflare.com\\/report\\/v4?s=QHKuel%2BsjI%2FOrYBHCG8o%2FErSRqWacuF4Y5vZFwGNRJfwGDoD%2FfNHxYRnkq6eY8tY4icAjpJKxT9TLpgTPcNojXXP6y%2FkTFrrkuZSXdxXO8KHjjubIAaywR%2FKC5T5M6JU"}],"group":"cf-nel","max_age":604800}', 'NEL': '{"success_fraction":0,"report_to":"cf-nel","max_age":604800}', 'Server': 'cloudflare', 'CF-RAY': '8940c3d34e6c241e-IAD', 'alt-svc': 'h3=":443"; ma=86400'} 
 body={"results":[{"gender":"male","name":{"title":"Mr","first":"Bruno","last":"Zapata"},"location":{"street":{"number":3439,"name":"Corredor Mayorga"},"city":"Mexicaltzingo","state":"Yucatan","country":"Mexico","postcode":33772,"coordinates":{"latitude":"22.1852","longitude":"-75.0733"},"timezone":{"offset":"+10:00","description":"Eastern Australia, Guam, Vladivostok"}},"email":"bruno.zapata@example.com","login":{"uuid":"2ff587f4-4764-4c8a-8e71-24f323fdc046","username":"heavycat237","password":"testing1","salt":"rCztWGNq","md5":"689b44b905797be0d9c5405981efb498","sha1":"d7ce9e9e29e665eb925c2df55867c8aa6429f877","sha256":"d33da6b61ab888fe7d9226ec3f672e8e516200569b2b236907e2b83b8af23061"},"dob":{"date":"1960-10-03T05:00:18.412Z","age":63},"registered":{"date":"2021-08-11T12:22:04.165Z","age":2},"phone":"(612) 987 0243","cell":"(667) 202 9379","id":{"name":"NSS","value":"79 74 33 4861 5"},"picture":{"large":"https://randomuser.me/api/portraits/men/22.jpg","medium":"https://randomuser.me/api/portraits/med/men/22.jpg","thumbnail":"https://randomuser.me/api/portraits/thumb/men/22.jpg"},"nat":"MX"}],"info":{"seed":"0d4eb7be9268d24a","results":1,"page":1,"version":"1.4"}} 
 </msg>
<msg time="2024-06-15T07:14:44.449722" level="INFO">/opt/hostedtoolcache/Python/3.12.3/x64/lib/python3.12/site-packages/urllib3/connectionpool.py:1103: InsecureRequestWarning: Unverified HTTPS request is being made to host 'randomuser.me'. Adding certificate verification is strongly advised. See: https://urllib3.readthedocs.io/en/latest/advanced-usage.html#tls-warnings
  warnings.warn(</msg>
<msg time="2024-06-15T07:14:44.449851" level="INFO">${response} = &lt;Response [200]&gt;</msg>
<var>${response}</var>
<arg>consultarAPI</arg>
<arg>/api</arg>
<doc>Sends a GET request on a previously created HTTP Session.</doc>
<status status="PASS" start="2024-06-15T07:14:44.367904" elapsed="0.081986"/>
</kw>
<kw name="Set Variable" owner="BuiltIn">
<msg time="2024-06-15T07:14:44.450686" level="INFO">${json_data} = {'results': [{'gender': 'male', 'name': {'title': 'Mr', 'first': 'Bruno', 'last': 'Zapata'}, 'location': {'street': {'number': 3439, 'name': 'Corredor Mayorga'}, 'city': 'Mexicaltzingo', 'state': 'Yuc...</msg>
<var>${json_data}</var>
<arg>${response.json()}</arg>
<doc>Returns the given values which can then be assigned to a variables.</doc>
<status status="PASS" start="2024-06-15T07:14:44.450252" elapsed="0.000462"/>
</kw>
<kw name="Log" owner="BuiltIn">
<msg time="2024-06-15T07:14:44.451203" level="INFO">{'results': [{'gender': 'male', 'name': {'title': 'Mr', 'first': 'Bruno', 'last': 'Zapata'}, 'location': {'street': {'number': 3439, 'name': 'Corredor Mayorga'}, 'city': 'Mexicaltzingo', 'state': 'Yucatan', 'country': 'Mexico', 'postcode': 33772, 'coordinates': {'latitude': '22.1852', 'longitude': '-75.0733'}, 'timezone': {'offset': '+10:00', 'description': 'Eastern Australia, Guam, Vladivostok'}}, 'email': 'bruno.zapata@example.com', 'login': {'uuid': '2ff587f4-4764-4c8a-8e71-24f323fdc046', 'username': 'heavycat237', 'password': 'testing1', 'salt': 'rCztWGNq', 'md5': '689b44b905797be0d9c5405981efb498', 'sha1': 'd7ce9e9e29e665eb925c2df55867c8aa6429f877', 'sha256': 'd33da6b61ab888fe7d9226ec3f672e8e516200569b2b236907e2b83b8af23061'}, 'dob': {'date': '1960-10-03T05:00:18.412Z', 'age': 63}, 'registered': {'date': '2021-08-11T12:22:04.165Z', 'age': 2}, 'phone': '(612) 987 0243', 'cell': '(667) 202 9379', 'id': {'name': 'NSS', 'value': '79 74 33 4861 5'}, 'picture': {'large': 'https://randomuser.me/api/portraits/men/22.jpg', 'medium': 'https://randomuser.me/api/portraits/med/men/22.jpg', 'thumbnail': 'https://randomuser.me/api/portraits/thumb/men/22.jpg'}, 'nat': 'MX'}], 'info': {'seed': '0d4eb7be9268d24a', 'results': 1, 'page': 1, 'version': '1.4'}}</msg>
<arg>${json_data}</arg>
<doc>Logs the given message with the given level.</doc>
<status status="PASS" start="2024-06-15T07:14:44.451048" elapsed="0.000202"/>
</kw>
<kw name="Dictionary Should Contain Key" owner="Collections">
<arg>${json_data}</arg>
<arg>results</arg>
<doc>Fails if ``key`` is not found from ``dictionary``.</doc>
<status status="PASS" start="2024-06-15T07:14:44.451542" elapsed="0.000152"/>
</kw>
<kw name="Should Not Be Empty" owner="BuiltIn">
<msg time="2024-06-15T07:14:44.452010" level="INFO">Length is 2.</msg>
<arg>${json_data}</arg>
<doc>Verifies that the given item is not empty.</doc>
<status status="PASS" start="2024-06-15T07:14:44.451889" elapsed="0.000158"/>
</kw>
<kw name="Create List" owner="BuiltIn">
<msg time="2024-06-15T07:14:44.452477" level="INFO">${expected_keys} = ['gender', 'name', 'location', 'email', 'login']</msg>
<var>${expected_keys}</var>
<arg>gender</arg>
<arg>name</arg>
<arg>location</arg>
<arg>email</arg>
<arg>login</arg>
<doc>Returns a list containing given items.</doc>
<status status="PASS" start="2024-06-15T07:14:44.452330" elapsed="0.000170"/>
</kw>
<for flavor="IN">
<iter>
<kw name="Dictionary Should Contain Key" owner="Collections">
<arg>${json_data['results'][0]}</arg>
<arg>${key}</arg>
<doc>Fails if ``key`` is not found from ``dictionary``.</doc>
<status status="PASS" start="2024-06-15T07:14:44.453060" elapsed="0.000399"/>
</kw>
<kw name="Log" owner="BuiltIn">
<msg time="2024-06-15T07:14:44.454019" level="INFO">{'gender': 'male', 'name': {'title': 'Mr', 'first': 'Bruno', 'last': 'Zapata'}, 'location': {'street': {'number': 3439, 'name': 'Corredor Mayorga'}, 'city': 'Mexicaltzingo', 'state': 'Yucatan', 'country': 'Mexico', 'postcode': 33772, 'coordinates': {'latitude': '22.1852', 'longitude': '-75.0733'}, 'timezone': {'offset': '+10:00', 'description': 'Eastern Australia, Guam, Vladivostok'}}, 'email': 'bruno.zapata@example.com', 'login': {'uuid': '2ff587f4-4764-4c8a-8e71-24f323fdc046', 'username': 'heavycat237', 'password': 'testing1', 'salt': 'rCztWGNq', 'md5': '689b44b905797be0d9c5405981efb498', 'sha1': 'd7ce9e9e29e665eb925c2df55867c8aa6429f877', 'sha256': 'd33da6b61ab888fe7d9226ec3f672e8e516200569b2b236907e2b83b8af23061'}, 'dob': {'date': '1960-10-03T05:00:18.412Z', 'age': 63}, 'registered': {'date': '2021-08-11T12:22:04.165Z', 'age': 2}, 'phone': '(612) 987 0243', 'cell': '(667) 202 9379', 'id': {'name': 'NSS', 'value': '79 74 33 4861 5'}, 'picture': {'large': 'https://randomuser.me/api/portraits/men/22.jpg', 'medium': 'https://randomuser.me/api/portraits/med/men/22.jpg', 'thumbnail': 'https://randomuser.me/api/portraits/thumb/men/22.jpg'}, 'nat': 'MX'}</msg>
<arg>${json_data['results'][0]}</arg>
<doc>Logs the given message with the given level.</doc>
<status status="PASS" start="2024-06-15T07:14:44.453650" elapsed="0.000419"/>
</kw>
<kw name="Log" owner="BuiltIn">
<msg time="2024-06-15T07:14:44.454492" level="INFO">gender</msg>
<arg>${key}</arg>
<doc>Logs the given message with the given level.</doc>
<status status="PASS" start="2024-06-15T07:14:44.454365" elapsed="0.000165"/>
</kw>
<var name="${key}">gender</var>
<status status="PASS" start="2024-06-15T07:14:44.452940" elapsed="0.001831"/>
</iter>
<iter>
<kw name="Dictionary Should Contain Key" owner="Collections">
<arg>${json_data['results'][0]}</arg>
<arg>${key}</arg>
<doc>Fails if ``key`` is not found from ``dictionary``.</doc>
<status status="PASS" start="2024-06-15T07:14:44.455071" elapsed="0.000383"/>
</kw>
<kw name="Log" owner="BuiltIn">
<msg time="2024-06-15T07:14:44.455979" level="INFO">{'gender': 'male', 'name': {'title': 'Mr', 'first': 'Bruno', 'last': 'Zapata'}, 'location': {'street': {'number': 3439, 'name': 'Corredor Mayorga'}, 'city': 'Mexicaltzingo', 'state': 'Yucatan', 'country': 'Mexico', 'postcode': 33772, 'coordinates': {'latitude': '22.1852', 'longitude': '-75.0733'}, 'timezone': {'offset': '+10:00', 'description': 'Eastern Australia, Guam, Vladivostok'}}, 'email': 'bruno.zapata@example.com', 'login': {'uuid': '2ff587f4-4764-4c8a-8e71-24f323fdc046', 'username': 'heavycat237', 'password': 'testing1', 'salt': 'rCztWGNq', 'md5': '689b44b905797be0d9c5405981efb498', 'sha1': 'd7ce9e9e29e665eb925c2df55867c8aa6429f877', 'sha256': 'd33da6b61ab888fe7d9226ec3f672e8e516200569b2b236907e2b83b8af23061'}, 'dob': {'date': '1960-10-03T05:00:18.412Z', 'age': 63}, 'registered': {'date': '2021-08-11T12:22:04.165Z', 'age': 2}, 'phone': '(612) 987 0243', 'cell': '(667) 202 9379', 'id': {'name': 'NSS', 'value': '79 74 33 4861 5'}, 'picture': {'large': 'https://randomuser.me/api/portraits/men/22.jpg', 'medium': 'https://randomuser.me/api/portraits/med/men/22.jpg', 'thumbnail': 'https://randomuser.me/api/portraits/thumb/men/22.jpg'}, 'nat': 'MX'}</msg>
<arg>${json_data['results'][0]}</arg>
<doc>Logs the given message with the given level.</doc>
<status status="PASS" start="2024-06-15T07:14:44.455636" elapsed="0.000423"/>
</kw>
<kw name="Log" owner="BuiltIn">
<msg time="2024-06-15T07:14:44.456494" level="INFO">name</msg>
<arg>${key}</arg>
<doc>Logs the given message with the given level.</doc>
<status status="PASS" start="2024-06-15T07:14:44.456358" elapsed="0.000175"/>
</kw>
<var name="${key}">name</var>
<status status="PASS" start="2024-06-15T07:14:44.454959" elapsed="0.001800"/>
</iter>
<iter>
<kw name="Dictionary Should Contain Key" owner="Collections">
<arg>${json_data['results'][0]}</arg>
<arg>${key}</arg>
<doc>Fails if ``key`` is not found from ``dictionary``.</doc>
<status status="PASS" start="2024-06-15T07:14:44.457048" elapsed="0.000379"/>
</kw>
<kw name="Log" owner="BuiltIn">
<msg time="2024-06-15T07:14:44.457976" level="INFO">{'gender': 'male', 'name': {'title': 'Mr', 'first': 'Bruno', 'last': 'Zapata'}, 'location': {'street': {'number': 3439, 'name': 'Corredor Mayorga'}, 'city': 'Mexicaltzingo', 'state': 'Yucatan', 'country': 'Mexico', 'postcode': 33772, 'coordinates': {'latitude': '22.1852', 'longitude': '-75.0733'}, 'timezone': {'offset': '+10:00', 'description': 'Eastern Australia, Guam, Vladivostok'}}, 'email': 'bruno.zapata@example.com', 'login': {'uuid': '2ff587f4-4764-4c8a-8e71-24f323fdc046', 'username': 'heavycat237', 'password': 'testing1', 'salt': 'rCztWGNq', 'md5': '689b44b905797be0d9c5405981efb498', 'sha1': 'd7ce9e9e29e665eb925c2df55867c8aa6429f877', 'sha256': 'd33da6b61ab888fe7d9226ec3f672e8e516200569b2b236907e2b83b8af23061'}, 'dob': {'date': '1960-10-03T05:00:18.412Z', 'age': 63}, 'registered': {'date': '2021-08-11T12:22:04.165Z', 'age': 2}, 'phone': '(612) 987 0243', 'cell': '(667) 202 9379', 'id': {'name': 'NSS', 'value': '79 74 33 4861 5'}, 'picture': {'large': 'https://randomuser.me/api/portraits/men/22.jpg', 'medium': 'https://randomuser.me/api/portraits/med/men/22.jpg', 'thumbnail': 'https://randomuser.me/api/portraits/thumb/men/22.jpg'}, 'nat': 'MX'}</msg>
<arg>${json_data['results'][0]}</arg>
<doc>Logs the given message with the given level.</doc>
<status status="PASS" start="2024-06-15T07:14:44.457613" elapsed="0.000410"/>
</kw>
<kw name="Log" owner="BuiltIn">
<msg time="2024-06-15T07:14:44.458438" level="INFO">location</msg>
<arg>${key}</arg>
<doc>Logs the given message with the given level.</doc>
<status status="PASS" start="2024-06-15T07:14:44.458313" elapsed="0.000162"/>
</kw>
<var name="${key}">location</var>
<status status="PASS" start="2024-06-15T07:14:44.456941" elapsed="0.001752"/>
</iter>
<iter>
<kw name="Dictionary Should Contain Key" owner="Collections">
<arg>${json_data['results'][0]}</arg>
<arg>${key}</arg>
<doc>Fails if ``key`` is not found from ``dictionary``.</doc>
<status status="PASS" start="2024-06-15T07:14:44.458991" elapsed="0.000372"/>
</kw>
<kw name="Log" owner="BuiltIn">
<msg time="2024-06-15T07:14:44.459937" level="INFO">{'gender': 'male', 'name': {'title': 'Mr', 'first': 'Bruno', 'last': 'Zapata'}, 'location': {'street': {'number': 3439, 'name': 'Corredor Mayorga'}, 'city': 'Mexicaltzingo', 'state': 'Yucatan', 'country': 'Mexico', 'postcode': 33772, 'coordinates': {'latitude': '22.1852', 'longitude': '-75.0733'}, 'timezone': {'offset': '+10:00', 'description': 'Eastern Australia, Guam, Vladivostok'}}, 'email': 'bruno.zapata@example.com', 'login': {'uuid': '2ff587f4-4764-4c8a-8e71-24f323fdc046', 'username': 'heavycat237', 'password': 'testing1', 'salt': 'rCztWGNq', 'md5': '689b44b905797be0d9c5405981efb498', 'sha1': 'd7ce9e9e29e665eb925c2df55867c8aa6429f877', 'sha256': 'd33da6b61ab888fe7d9226ec3f672e8e516200569b2b236907e2b83b8af23061'}, 'dob': {'date': '1960-10-03T05:00:18.412Z', 'age': 63}, 'registered': {'date': '2021-08-11T12:22:04.165Z', 'age': 2}, 'phone': '(612) 987 0243', 'cell': '(667) 202 9379', 'id': {'name': 'NSS', 'value': '79 74 33 4861 5'}, 'picture': {'large': 'https://randomuser.me/api/portraits/men/22.jpg', 'medium': 'https://randomuser.me/api/portraits/med/men/22.jpg', 'thumbnail': 'https://randomuser.me/api/portraits/thumb/men/22.jpg'}, 'nat': 'MX'}</msg>
<arg>${json_data['results'][0]}</arg>
<doc>Logs the given message with the given level.</doc>
<status status="PASS" start="2024-06-15T07:14:44.459579" elapsed="0.000415"/>
</kw>
<kw name="Log" owner="BuiltIn">
<msg time="2024-06-15T07:14:44.460417" level="INFO">email</msg>
<arg>${key}</arg>
<doc>Logs the given message with the given level.</doc>
<status status="PASS" start="2024-06-15T07:14:44.460292" elapsed="0.000162"/>
</kw>
<var name="${key}">email</var>
<status status="PASS" start="2024-06-15T07:14:44.458884" elapsed="0.001781"/>
</iter>
<iter>
<kw name="Dictionary Should Contain Key" owner="Collections">
<arg>${json_data['results'][0]}</arg>
<arg>${key}</arg>
<doc>Fails if ``key`` is not found from ``dictionary``.</doc>
<status status="PASS" start="2024-06-15T07:14:44.460961" elapsed="0.000376"/>
</kw>
<kw name="Log" owner="BuiltIn">
<msg time="2024-06-15T07:14:44.461887" level="INFO">{'gender': 'male', 'name': {'title': 'Mr', 'first': 'Bruno', 'last': 'Zapata'}, 'location': {'street': {'number': 3439, 'name': 'Corredor Mayorga'}, 'city': 'Mexicaltzingo', 'state': 'Yucatan', 'country': 'Mexico', 'postcode': 33772, 'coordinates': {'latitude': '22.1852', 'longitude': '-75.0733'}, 'timezone': {'offset': '+10:00', 'description': 'Eastern Australia, Guam, Vladivostok'}}, 'email': 'bruno.zapata@example.com', 'login': {'uuid': '2ff587f4-4764-4c8a-8e71-24f323fdc046', 'username': 'heavycat237', 'password': 'testing1', 'salt': 'rCztWGNq', 'md5': '689b44b905797be0d9c5405981efb498', 'sha1': 'd7ce9e9e29e665eb925c2df55867c8aa6429f877', 'sha256': 'd33da6b61ab888fe7d9226ec3f672e8e516200569b2b236907e2b83b8af23061'}, 'dob': {'date': '1960-10-03T05:00:18.412Z', 'age': 63}, 'registered': {'date': '2021-08-11T12:22:04.165Z', 'age': 2}, 'phone': '(612) 987 0243', 'cell': '(667) 202 9379', 'id': {'name': 'NSS', 'value': '79 74 33 4861 5'}, 'picture': {'large': 'https://randomuser.me/api/portraits/men/22.jpg', 'medium': 'https://randomuser.me/api/portraits/med/men/22.jpg', 'thumbnail': 'https://randomuser.me/api/portraits/thumb/men/22.jpg'}, 'nat': 'MX'}</msg>
<arg>${json_data['results'][0]}</arg>
<doc>Logs the given message with the given level.</doc>
<status status="PASS" start="2024-06-15T07:14:44.461525" elapsed="0.000419"/>
</kw>
<kw name="Log" owner="BuiltIn">
<msg time="2024-06-15T07:14:44.462480" level="INFO">login</msg>
<arg>${key}</arg>
<doc>Logs the given message with the given level.</doc>
<status status="PASS" start="2024-06-15T07:14:44.462251" elapsed="0.000267"/>
</kw>
<var name="${key}">login</var>
<status status="PASS" start="2024-06-15T07:14:44.460853" elapsed="0.001904"/>
</iter>
<var>${key}</var>
<value>@{expected_keys}</value>
<status status="PASS" start="2024-06-15T07:14:44.452761" elapsed="0.010126"/>
</for>
<kw name="Create List" owner="BuiltIn">
<msg time="2024-06-15T07:14:44.463243" level="INFO">${expected_keysTwo} = ['username', 'password']</msg>
<var>${expected_keysTwo}</var>
<arg>username</arg>
<arg>password</arg>
<doc>Returns a list containing given items.</doc>
<status status="PASS" start="2024-06-15T07:14:44.463073" elapsed="0.000194"/>
</kw>
<for flavor="IN">
<iter>
<kw name="Dictionary Should Contain Key" owner="Collections">
<arg>${json_data['results'][0]['login']}</arg>
<arg>${keyTwo}</arg>
<doc>Fails if ``key`` is not found from ``dictionary``.</doc>
<status status="PASS" start="2024-06-15T07:14:44.463800" elapsed="0.000395"/>
</kw>
<kw name="Dictionary Should Contain Key" owner="Collections">
<arg>${json_data['results'][0]['login']}</arg>
<arg>${keyTwo}</arg>
<doc>Fails if ``key`` is not found from ``dictionary``.</doc>
<status status="PASS" start="2024-06-15T07:14:44.464375" elapsed="0.000374"/>
</kw>
<kw name="Log" owner="BuiltIn">
<msg time="2024-06-15T07:14:44.465045" level="INFO">username</msg>
<arg>${keyTwo}</arg>
<doc>Logs the given message with the given level.</doc>
<status status="PASS" start="2024-06-15T07:14:44.464926" elapsed="0.000155"/>
</kw>
<var name="${keyTwo}">username</var>
<status status="PASS" start="2024-06-15T07:14:44.463684" elapsed="0.001619"/>
</iter>
<iter>
<kw name="Dictionary Should Contain Key" owner="Collections">
<arg>${json_data['results'][0]['login']}</arg>
<arg>${keyTwo}</arg>
<doc>Fails if ``key`` is not found from ``dictionary``.</doc>
<status status="PASS" start="2024-06-15T07:14:44.465588" elapsed="0.000365"/>
</kw>
<kw name="Dictionary Should Contain Key" owner="Collections">
<arg>${json_data['results'][0]['login']}</arg>
<arg>${keyTwo}</arg>
<doc>Fails if ``key`` is not found from ``dictionary``.</doc>
<status status="PASS" start="2024-06-15T07:14:44.466130" elapsed="0.000368"/>
</kw>
<kw name="Log" owner="BuiltIn">
<msg time="2024-06-15T07:14:44.466813" level="INFO">password</msg>
<arg>${keyTwo}</arg>
<doc>Logs the given message with the given level.</doc>
<status status="PASS" start="2024-06-15T07:14:44.466675" elapsed="0.000176"/>
</kw>
<var name="${keyTwo}">password</var>
<status status="PASS" start="2024-06-15T07:14:44.465480" elapsed="0.001588"/>
</iter>
<var>${keyTwo}</var>
<value>@{expected_keysTwo}</value>
<status status="PASS" start="2024-06-15T07:14:44.463503" elapsed="0.003685"/>
</for>
<status status="PASS" start="2024-06-15T07:14:44.367586" elapsed="0.099737"/>
</kw>
<doc>Testa a estrutura da resposta da API.</doc>
<tag>testeEstruturaResposta</tag>
<status status="PASS" start="2024-06-15T07:14:44.366619" elapsed="0.100850"/>
</test>
<test id="s1-s1-t4" name="Validar tipos de dados" line="28">
<kw name="Teste de Tipos de Dados" owner="random-user-service">
<kw name="GET On Session" owner="RequestsLibrary">
<msg time="2024-06-15T07:14:44.553775" level="INFO">GET Request : url=https://randomuser.me/api 
 path_url=/api 
 headers={'User-Agent': 'python-requests/2.32.3', 'Accept-Encoding': 'gzip, deflate', 'Accept': '*/*', 'Connection': 'keep-alive'} 
 body=None 
 </msg>
<msg time="2024-06-15T07:14:44.553856" level="INFO">GET Response : url=https://randomuser.me/api 
 status=200, reason=OK 
 headers={'Date': 'Sat, 15 Jun 2024 07:14:44 GMT', 'Content-Type': 'application/json; charset=utf-8', 'Transfer-Encoding': 'chunked', 'Connection': 'keep-alive', 'X-Powered-By': 'Express', 'Access-Control-Allow-Origin': '*', 'Cache-Control': 'no-cache', 'ETag': 'W/"489-+R85yL5CsSs8ABTIXwxLqkXue3E"', 'Vary': 'Accept-Encoding', 'Content-Encoding': 'gzip', 'CF-Cache-Status': 'DYNAMIC', 'Report-To': '{"endpoints":[{"url":"https:\\/\\/a.nel.cloudflare.com\\/report\\/v4?s=5qWlCqA03xewbbi9gTLkKmtTaE6WULdeLBdK8cuFEh5Nr8Cm%2BegS5s7dLUumk2dE718gXl9Dc33rmpalDb6Q6lUZztTS8jskxRql9Ao6Oy4PeQiFCiF3v7847S%2FC5Xdj"}],"group":"cf-nel","max_age":604800}', 'NEL': '{"success_fraction":0,"report_to":"cf-nel","max_age":604800}', 'Server': 'cloudflare', 'CF-RAY': '8940c3d3fefc241e-IAD', 'alt-svc': 'h3=":443"; ma=86400'} 
 body={"results":[{"gender":"female","name":{"title":"Miss","first":"Amber","last":"White"},"location":{"street":{"number":8470,"name":"Victoria Road"},"city":"Auckland","state":"Otago","country":"New Zealand","postcode":28736,"coordinates":{"latitude":"55.3618","longitude":"132.4686"},"timezone":{"offset":"+5:30","description":"Bombay, Calcutta, Madras, New Delhi"}},"email":"amber.white@example.com","login":{"uuid":"1d1bde09-35fd-43a0-8548-99a9951ed827","username":"lazymouse607","password":"draco","salt":"w01mPccu","md5":"07a1c126238668bff98528a80956403c","sha1":"9df13fa3a12b0f7437db6ef593ca4045f0ae4d31","sha256":"e1b5ccc00d5406f4a2d29ac0736ddce5e4cf3bccf786e439f7d05e640c78fda1"},"dob":{"date":"1983-07-24T07:37:45.358Z","age":40},"registered":{"date":"2013-11-12T20:03:32.091Z","age":10},"phone":"(308)-851-4481","cell":"(031)-857-6978","id":{"name":"","value":null},"picture":{"large":"https://randomuser.me/api/portraits/women/60.jpg","medium":"https://randomuser.me/api/portraits/med/women/60.jpg","thumbnail":"https://randomuser.me/api/portraits/thumb/women/60.jpg"},"nat":"NZ"}],"info":{"seed":"e5383f3261397bd7","results":1,"page":1,"version":"1.4"}} 
 </msg>
<msg time="2024-06-15T07:14:44.553930" level="INFO">/opt/hostedtoolcache/Python/3.12.3/x64/lib/python3.12/site-packages/urllib3/connectionpool.py:1103: InsecureRequestWarning: Unverified HTTPS request is being made to host 'randomuser.me'. Adding certificate verification is strongly advised. See: https://urllib3.readthedocs.io/en/latest/advanced-usage.html#tls-warnings
  warnings.warn(</msg>
<msg time="2024-06-15T07:14:44.554031" level="INFO">${response} = &lt;Response [200]&gt;</msg>
<var>${response}</var>
<arg>consultarAPI</arg>
<arg>/api</arg>
<doc>Sends a GET request on a previously created HTTP Session.</doc>
<status status="PASS" start="2024-06-15T07:14:44.469924" elapsed="0.084148"/>
</kw>
<kw name="Set Variable" owner="BuiltIn">
<msg time="2024-06-15T07:14:44.555140" level="INFO">${json_data} = {'results': [{'gender': 'female', 'name': {'title': 'Miss', 'first': 'Amber', 'last': 'White'}, 'location': {'street': {'number': 8470, 'name': 'Victoria Road'}, 'city': 'Auckland', 'state': 'Otago', ...</msg>
<var>${json_data}</var>
<arg>${response.json()}</arg>
<doc>Returns the given values which can then be assigned to a variables.</doc>
<status status="PASS" start="2024-06-15T07:14:44.554524" elapsed="0.000645"/>
</kw>
<kw name="Log" owner="BuiltIn">
<msg time="2024-06-15T07:14:44.555623" level="INFO">{'results': [{'gender': 'female', 'name': {'title': 'Miss', 'first': 'Amber', 'last': 'White'}, 'location': {'street': {'number': 8470, 'name': 'Victoria Road'}, 'city': 'Auckland', 'state': 'Otago', 'country': 'New Zealand', 'postcode': 28736, 'coordinates': {'latitude': '55.3618', 'longitude': '132.4686'}, 'timezone': {'offset': '+5:30', 'description': 'Bombay, Calcutta, Madras, New Delhi'}}, 'email': 'amber.white@example.com', 'login': {'uuid': '1d1bde09-35fd-43a0-8548-99a9951ed827', 'username': 'lazymouse607', 'password': 'draco', 'salt': 'w01mPccu', 'md5': '07a1c126238668bff98528a80956403c', 'sha1': '9df13fa3a12b0f7437db6ef593ca4045f0ae4d31', 'sha256': 'e1b5ccc00d5406f4a2d29ac0736ddce5e4cf3bccf786e439f7d05e640c78fda1'}, 'dob': {'date': '1983-07-24T07:37:45.358Z', 'age': 40}, 'registered': {'date': '2013-11-12T20:03:32.091Z', 'age': 10}, 'phone': '(308)-851-4481', 'cell': '(031)-857-6978', 'id': {'name': '', 'value': None}, 'picture': {'large': 'https://randomuser.me/api/portraits/women/60.jpg', 'medium': 'https://randomuser.me/api/portraits/med/women/60.jpg', 'thumbnail': 'https://randomuser.me/api/portraits/thumb/women/60.jpg'}, 'nat': 'NZ'}], 'info': {'seed': 'e5383f3261397bd7', 'results': 1, 'page': 1, 'version': '1.4'}}</msg>
<arg>${json_data}</arg>
<doc>Logs the given message with the given level.</doc>
<status status="PASS" start="2024-06-15T07:14:44.555473" elapsed="0.000197"/>
</kw>
<kw name="Should Be String" owner="String">
<arg>${json_data['results'][0]['gender']}</arg>
<doc>Fails if the given ``item`` is not a string.</doc>
<status status="PASS" start="2024-06-15T07:14:44.555953" elapsed="0.000356"/>
</kw>
<kw name="Should Match Regexp" owner="BuiltIn">
<arg>${json_data['results'][0]['email']}</arg>
<arg>^[a-zA-Z0-9._%+-]+@[a-zA-Z0-9.-]+\.[a-zA-Z]{2,}$</arg>
<doc>Fails if ``string`` does not match ``pattern`` as a regular expression.</doc>
<status status="PASS" start="2024-06-15T07:14:44.556494" elapsed="0.000498"/>
</kw>
<kw name="Should Match Regexp" owner="BuiltIn">
<arg>${json_data['results'][0]['dob']['date']}</arg>
<arg>\\d{4}-\\d{2}-\\d{2}T\\d{2}:\\d{2}:\\d{2}\\.\\d{3}Z</arg>
<doc>Fails if ``string`` does not match ``pattern`` as a regular expression.</doc>
<status status="PASS" start="2024-06-15T07:14:44.557223" elapsed="0.000490"/>
</kw>
<kw name="Should Match Regexp" owner="BuiltIn">
<arg>${json_data['results'][0]['registered']['date']}</arg>
<arg>\\d{4}-\\d{2}-\\d{2}T\\d{2}:\\d{2}:\\d{2}\\.\\d{3}Z</arg>
<doc>Fails if ``string`` does not match ``pattern`` as a regular expression.</doc>
<status status="PASS" start="2024-06-15T07:14:44.557901" elapsed="0.000361"/>
</kw>
<kw name="Should Match Regexp" owner="BuiltIn">
<arg>${json_data['results'][0]['picture']['large']}</arg>
<arg>^https?://.*\.(?:png|jpe?g|gif|bmp)$</arg>
<doc>Fails if ``string`` does not match ``pattern`` as a regular expression.</doc>
<status status="PASS" start="2024-06-15T07:14:44.558448" elapsed="0.000485"/>
</kw>
<kw name="Should Match Regexp" owner="BuiltIn">
<arg>${json_data['results'][0]['picture']['medium']}</arg>
<arg>^https?://.*\.(?:png|jpe?g|gif|bmp)$</arg>
<doc>Fails if ``string`` does not match ``pattern`` as a regular expression.</doc>
<status status="PASS" start="2024-06-15T07:14:44.559126" elapsed="0.000353"/>
</kw>
<kw name="Should Match Regexp" owner="BuiltIn">
<arg>${json_data['results'][0]['picture']['thumbnail']}</arg>
<arg>^https?://.*\.(?:png|jpe?g|gif|bmp)$</arg>
<doc>Fails if ``string`` does not match ``pattern`` as a regular expression.</doc>
<status status="PASS" start="2024-06-15T07:14:44.559666" elapsed="0.000363"/>
</kw>
<kw name="Log" owner="BuiltIn">
<msg time="2024-06-15T07:14:44.560546" level="INFO">{'large': 'https://randomuser.me/api/portraits/women/60.jpg', 'medium': 'https://randomuser.me/api/portraits/med/women/60.jpg', 'thumbnail': 'https://randomuser.me/api/portraits/thumb/women/60.jpg'}</msg>
<arg>${json_data['results'][0]['picture']}</arg>
<doc>Logs the given message with the given level.</doc>
<status status="PASS" start="2024-06-15T07:14:44.560220" elapsed="0.000368"/>
</kw>
<status status="PASS" start="2024-06-15T07:14:44.469701" elapsed="0.091133"/>
</kw>
<kw name="Teste de Tipos de Dados - Postcode" owner="random-user-service">
<kw name="GET On Session" owner="RequestsLibrary">
<msg time="2024-06-15T07:14:44.653581" level="INFO">GET Request : url=https://randomuser.me/api 
 path_url=/api 
 headers={'User-Agent': 'python-requests/2.32.3', 'Accept-Encoding': 'gzip, deflate', 'Accept': '*/*', 'Connection': 'keep-alive'} 
 body=None 
 </msg>
<msg time="2024-06-15T07:14:44.653658" level="INFO">GET Response : url=https://randomuser.me/api 
 status=200, reason=OK 
 headers={'Date': 'Sat, 15 Jun 2024 07:14:44 GMT', 'Content-Type': 'application/json; charset=utf-8', 'Transfer-Encoding': 'chunked', 'Connection': 'keep-alive', 'X-Powered-By': 'Express', 'Access-Control-Allow-Origin': '*', 'Cache-Control': 'no-cache', 'ETag': 'W/"48d-GGMVRbCGfntirOy8TemRduXCHDc"', 'Vary': 'Accept-Encoding', 'Content-Encoding': 'gzip', 'CF-Cache-Status': 'DYNAMIC', 'Report-To': '{"endpoints":[{"url":"https:\\/\\/a.nel.cloudflare.com\\/report\\/v4?s=lVeXCmccgMas8%2FTQHn%2B1EfbpbZZXA4IxBTmdIrXrpz7swED6G8JbEHexY4cXkZ6S%2Fik3ODRN3nZcEBk67sx7EmBnKxc%2FmNYLGeSJ5ySwWSQ8nfU42O72afEyVzw5tQ57"}],"group":"cf-nel","max_age":604800}', 'NEL': '{"success_fraction":0,"report_to":"cf-nel","max_age":604800}', 'Server': 'cloudflare', 'CF-RAY': '8940c3d48f68241e-IAD', 'alt-svc': 'h3=":443"; ma=86400'} 
 body={"results":[{"gender":"male","name":{"title":"Mr","first":"Evan","last":"Morgan"},"location":{"street":{"number":9919,"name":"Washington Ave"},"city":"Victorville","state":"Idaho","country":"United States","postcode":41180,"coordinates":{"latitude":"83.3875","longitude":"-172.5283"},"timezone":{"offset":"-7:00","description":"Mountain Time (US &amp; Canada)"}},"email":"evan.morgan@example.com","login":{"uuid":"592fff35-3e70-4780-99cc-43f2640755fa","username":"silverpeacock366","password":"mannn","salt":"o6EdBGch","md5":"8e6abba921f5b0c2b870ea336fe765de","sha1":"b19af8f93e6736ceae865e47dd21f62b2a474908","sha256":"7cf22fd9114fb3f60b890a3e2f8e284bd93081c218df46211cb4fc0703a27290"},"dob":{"date":"1957-01-09T12:48:11.468Z","age":67},"registered":{"date":"2021-03-23T03:45:03.244Z","age":3},"phone":"(530) 533-9640","cell":"(656) 812-6004","id":{"name":"SSN","value":"351-37-2002"},"picture":{"large":"https://randomuser.me/api/portraits/men/13.jpg","medium":"https://randomuser.me/api/portraits/med/men/13.jpg","thumbnail":"https://randomuser.me/api/portraits/thumb/men/13.jpg"},"nat":"US"}],"info":{"seed":"628e3ae0d59ed451","results":1,"page":1,"version":"1.4"}} 
 </msg>
<msg time="2024-06-15T07:14:44.653740" level="INFO">/opt/hostedtoolcache/Python/3.12.3/x64/lib/python3.12/site-packages/urllib3/connectionpool.py:1103: InsecureRequestWarning: Unverified HTTPS request is being made to host 'randomuser.me'. Adding certificate verification is strongly advised. See: https://urllib3.readthedocs.io/en/latest/advanced-usage.html#tls-warnings
  warnings.warn(</msg>
<msg time="2024-06-15T07:14:44.653849" level="INFO">${response} = &lt;Response [200]&gt;</msg>
<var>${response}</var>
<arg>consultarAPI</arg>
<arg>/api</arg>
<doc>Sends a GET request on a previously created HTTP Session.</doc>
<status status="PASS" start="2024-06-15T07:14:44.561260" elapsed="0.092639"/>
</kw>
<kw name="Set Variable" owner="BuiltIn">
<msg time="2024-06-15T07:14:44.655052" level="INFO">${json_data} = {'results': [{'gender': 'male', 'name': {'title': 'Mr', 'first': 'Evan', 'last': 'Morgan'}, 'location': {'street': {'number': 9919, 'name': 'Washington Ave'}, 'city': 'Victorville', 'state': 'Idaho', ...</msg>
<var>${json_data}</var>
<arg>${response.json()}</arg>
<doc>Returns the given values which can then be assigned to a variables.</doc>
<status status="PASS" start="2024-06-15T07:14:44.654406" elapsed="0.000675"/>
</kw>
<kw name="Log" owner="BuiltIn">
<msg time="2024-06-15T07:14:44.655534" level="INFO">{'results': [{'gender': 'male', 'name': {'title': 'Mr', 'first': 'Evan', 'last': 'Morgan'}, 'location': {'street': {'number': 9919, 'name': 'Washington Ave'}, 'city': 'Victorville', 'state': 'Idaho', 'country': 'United States', 'postcode': 41180, 'coordinates': {'latitude': '83.3875', 'longitude': '-172.5283'}, 'timezone': {'offset': '-7:00', 'description': 'Mountain Time (US &amp; Canada)'}}, 'email': 'evan.morgan@example.com', 'login': {'uuid': '592fff35-3e70-4780-99cc-43f2640755fa', 'username': 'silverpeacock366', 'password': 'mannn', 'salt': 'o6EdBGch', 'md5': '8e6abba921f5b0c2b870ea336fe765de', 'sha1': 'b19af8f93e6736ceae865e47dd21f62b2a474908', 'sha256': '7cf22fd9114fb3f60b890a3e2f8e284bd93081c218df46211cb4fc0703a27290'}, 'dob': {'date': '1957-01-09T12:48:11.468Z', 'age': 67}, 'registered': {'date': '2021-03-23T03:45:03.244Z', 'age': 3}, 'phone': '(530) 533-9640', 'cell': '(656) 812-6004', 'id': {'name': 'SSN', 'value': '351-37-2002'}, 'picture': {'large': 'https://randomuser.me/api/portraits/men/13.jpg', 'medium': 'https://randomuser.me/api/portraits/med/men/13.jpg', 'thumbnail': 'https://randomuser.me/api/portraits/thumb/men/13.jpg'}, 'nat': 'US'}], 'info': {'seed': '628e3ae0d59ed451', 'results': 1, 'page': 1, 'version': '1.4'}}</msg>
<arg>${json_data}</arg>
<doc>Logs the given message with the given level.</doc>
<status status="PASS" start="2024-06-15T07:14:44.655384" elapsed="0.000197"/>
</kw>
<kw name="Should Be Equal As Numbers" owner="BuiltIn">
<arg>${json_data['results'][0]['location']['postcode']}</arg>
<arg>${json_data['results'][0]['location']['postcode']}</arg>
<doc>Fails if objects are unequal after converting them to real numbers.</doc>
<status status="PASS" start="2024-06-15T07:14:44.655878" elapsed="0.000620"/>
</kw>
<kw name="Log" owner="BuiltIn">
<msg time="2024-06-15T07:14:44.657020" level="INFO">41180</msg>
<arg>${json_data['results'][0]['location']['postcode']}</arg>
<doc>Logs the given message with the given level.</doc>
<status status="PASS" start="2024-06-15T07:14:44.656687" elapsed="0.000372"/>
</kw>
<status status="PASS" start="2024-06-15T07:14:44.561037" elapsed="0.096295"/>
</kw>
<doc>Testa se os tipos de dados na resposta da API estão corretos.</doc>
<tag>testeTiposDados</tag>
<status status="PASS" start="2024-06-15T07:14:44.469195" elapsed="0.188291"/>
</test>
<test id="s1-s1-t5" name="Validar conteudo" line="35">
<kw name="Teste de Tipos de Conteudo" owner="random-user-service">
<kw name="GET On Session" owner="RequestsLibrary">
<msg time="2024-06-15T07:14:44.750899" level="INFO">GET Request : url=https://randomuser.me/api 
 path_url=/api 
 headers={'User-Agent': 'python-requests/2.32.3', 'Accept-Encoding': 'gzip, deflate', 'Accept': '*/*', 'Connection': 'keep-alive'} 
 body=None 
 </msg>
<msg time="2024-06-15T07:14:44.750981" level="INFO">GET Response : url=https://randomuser.me/api 
 status=200, reason=OK 
 headers={'Date': 'Sat, 15 Jun 2024 07:14:44 GMT', 'Content-Type': 'application/json; charset=utf-8', 'Transfer-Encoding': 'chunked', 'Connection': 'keep-alive', 'X-Powered-By': 'Express', 'Access-Control-Allow-Origin': '*', 'Cache-Control': 'no-cache', 'ETag': 'W/"47f-pTgqavVh2egAEY9C+hWPQKvJPdQ"', 'Vary': 'Accept-Encoding', 'Content-Encoding': 'gzip', 'CF-Cache-Status': 'DYNAMIC', 'Report-To': '{"endpoints":[{"url":"https:\\/\\/a.nel.cloudflare.com\\/report\\/v4?s=eJEsrc8XXlRnbyd5XIzTeqpFc%2BCEU6N6yUKqo5D5Dzlj3EDIGd2STWxmDuHYDm8vPLWL4vPRKUNr34Z6XMoWpX%2FLw93oubenHEd7rYn6hTzbwhukijO5D961JjBCoqm2"}],"group":"cf-nel","max_age":604800}', 'NEL': '{"success_fraction":0,"report_to":"cf-nel","max_age":604800}', 'Server': 'cloudflare', 'CF-RAY': '8940c3d51805241e-IAD', 'alt-svc': 'h3=":443"; ma=86400'} 
 body={"results":[{"gender":"female","name":{"title":"Ms","first":"Kitty","last":"Brewer"},"location":{"street":{"number":3293,"name":"Mockingbird Hill"},"city":"Albury","state":"Western Australia","country":"Australia","postcode":8858,"coordinates":{"latitude":"-89.0129","longitude":"131.8292"},"timezone":{"offset":"-9:00","description":"Alaska"}},"email":"kitty.brewer@example.com","login":{"uuid":"81c1580f-c337-4df2-84b5-321e55022063","username":"greenduck214","password":"porkchop","salt":"plD28hYr","md5":"20271293fb0ed49c14212df492b151e3","sha1":"c3c64b3377a744334f847af89e0f06411a7ba70d","sha256":"1657cc563731ffe692ddc86ad8828a37e409dda3cf5e6fc6dffebc53d69783f9"},"dob":{"date":"1949-03-22T02:12:55.522Z","age":75},"registered":{"date":"2020-06-01T03:48:38.211Z","age":4},"phone":"03-0110-3251","cell":"0435-759-093","id":{"name":"TFN","value":"578526361"},"picture":{"large":"https://randomuser.me/api/portraits/women/31.jpg","medium":"https://randomuser.me/api/portraits/med/women/31.jpg","thumbnail":"https://randomuser.me/api/portraits/thumb/women/31.jpg"},"nat":"AU"}],"info":{"seed":"867a3d6ce90419e6","results":1,"page":1,"version":"1.4"}} 
 </msg>
<msg time="2024-06-15T07:14:44.751054" level="INFO">/opt/hostedtoolcache/Python/3.12.3/x64/lib/python3.12/site-packages/urllib3/connectionpool.py:1103: InsecureRequestWarning: Unverified HTTPS request is being made to host 'randomuser.me'. Adding certificate verification is strongly advised. See: https://urllib3.readthedocs.io/en/latest/advanced-usage.html#tls-warnings
  warnings.warn(</msg>
<msg time="2024-06-15T07:14:44.751168" level="INFO">${response} = &lt;Response [200]&gt;</msg>
<var>${response}</var>
<arg>consultarAPI</arg>
<arg>/api</arg>
<doc>Sends a GET request on a previously created HTTP Session.</doc>
<status status="PASS" start="2024-06-15T07:14:44.659930" elapsed="0.091292"/>
</kw>
<kw name="Set Variable" owner="BuiltIn">
<msg time="2024-06-15T07:14:44.752294" level="INFO">${json_data} = {'results': [{'gender': 'female', 'name': {'title': 'Ms', 'first': 'Kitty', 'last': 'Brewer'}, 'location': {'street': {'number': 3293, 'name': 'Mockingbird Hill'}, 'city': 'Albury', 'state': 'Western ...</msg>
<var>${json_data}</var>
<arg>${response.json()}</arg>
<doc>Returns the given values which can then be assigned to a variables.</doc>
<status status="PASS" start="2024-06-15T07:14:44.751713" elapsed="0.000612"/>
</kw>
<kw name="Set Variable" owner="BuiltIn">
<msg time="2024-06-15T07:14:44.752998" level="INFO">${name_title} = Ms</msg>
<var>${name_title}</var>
<arg>${json_data["results"][0]["name"]["title"]}</arg>
<doc>Returns the given values which can then be assigned to a variables.</doc>
<status status="PASS" start="2024-06-15T07:14:44.752623" elapsed="0.000399"/>
</kw>
<kw name="Create List" owner="BuiltIn">
<msg time="2024-06-15T07:14:44.753460" level="INFO">${allowed_titles} = ['Mr', 'Ms', 'Miss', 'Mrs', 'Madame', 'Monsieur']</msg>
<var>${allowed_titles}</var>
<arg>Mr</arg>
<arg>Ms</arg>
<arg>Miss</arg>
<arg>Mrs</arg>
<arg>Madame</arg>
<arg>Monsieur</arg>
<doc>Returns a list containing given items.</doc>
<status status="PASS" start="2024-06-15T07:14:44.753314" elapsed="0.000170"/>
</kw>
<kw name="List Should Contain Value" owner="Collections">
<arg>${allowed_titles}</arg>
<arg>${name_title}</arg>
<doc>Fails if the ``value`` is not found from ``list``.</doc>
<status status="PASS" start="2024-06-15T07:14:44.753771" elapsed="0.000168"/>
</kw>
<kw name="Set Variable" owner="BuiltIn">
<msg time="2024-06-15T07:14:44.754483" level="INFO">${name_country} = AU</msg>
<var>${name_country}</var>
<arg>${json_data["results"][0]["nat"]}</arg>
<doc>Returns the given values which can then be assigned to a variables.</doc>
<status status="PASS" start="2024-06-15T07:14:44.754115" elapsed="0.000393"/>
</kw>
<kw name="Create List" owner="BuiltIn">
<msg time="2024-06-15T07:14:44.755426" level="INFO">${list_country} = ['AD', 'AE', 'AF', 'AG', 'AI', 'AL', 'AM', 'AO', 'AQ', 'AR', 'AS', 'AT', 'AU', 'AW', 'AX', 'AZ', 'BA', 'BB', 'BD', 'BE', 'BF', 'BG', 'BH', 'BI', 'BJ', 'BL', 'BM', 'BN', 'BO', 'BQ', 'BR', 'BS', 'BT', '...</msg>
<var>${list_country}</var>
<arg>AD</arg>
<arg>AE</arg>
<arg>AF</arg>
<arg>AG</arg>
<arg>AI</arg>
<arg>AL</arg>
<arg>AM</arg>
<arg>AO</arg>
<arg>AQ</arg>
<arg>AR</arg>
<arg>AS</arg>
<arg>AT</arg>
<arg>AU</arg>
<arg>AW</arg>
<arg>AX</arg>
<arg>AZ</arg>
<arg>BA</arg>
<arg>BB</arg>
<arg>BD</arg>
<arg>BE</arg>
<arg>BF</arg>
<arg>BG</arg>
<arg>BH</arg>
<arg>BI</arg>
<arg>BJ</arg>
<arg>BL</arg>
<arg>BM</arg>
<arg>BN</arg>
<arg>BO</arg>
<arg>BQ</arg>
<arg>BR</arg>
<arg>BS</arg>
<arg>BT</arg>
<arg>BV</arg>
<arg>BW</arg>
<arg>BY</arg>
<arg>BZ</arg>
<arg>CA</arg>
<arg>CC</arg>
<arg>CD</arg>
<arg>CF</arg>
<arg>CG</arg>
<arg>CH</arg>
<arg>CI</arg>
<arg>CK</arg>
<arg>CL</arg>
<arg>CM</arg>
<arg>CN</arg>
<arg>CO</arg>
<arg>CR</arg>
<arg>CU</arg>
<arg>CV</arg>
<arg>CW</arg>
<arg>CX</arg>
<arg>CY</arg>
<arg>CZ</arg>
<arg>DE</arg>
<arg>DJ</arg>
<arg>DK</arg>
<arg>DM</arg>
<arg>DO</arg>
<arg>DZ</arg>
<arg>EC</arg>
<arg>EE</arg>
<arg>EG</arg>
<arg>EH</arg>
<arg>ER</arg>
<arg>ES</arg>
<arg>ET</arg>
<arg>FI</arg>
<arg>FJ</arg>
<arg>FK</arg>
<arg>FM</arg>
<arg>FO</arg>
<arg>FR</arg>
<arg>GA</arg>
<arg>GB</arg>
<arg>GD</arg>
<arg>GE</arg>
<arg>GF</arg>
<arg>GG</arg>
<arg>GH</arg>
<arg>GI</arg>
<arg>GL</arg>
<arg>GM</arg>
<arg>GN</arg>
<arg>GP</arg>
<arg>GQ</arg>
<arg>GR</arg>
<arg>GS</arg>
<arg>GT</arg>
<arg>GU</arg>
<arg>GW</arg>
<arg>GY</arg>
<arg>HK</arg>
<arg>HM</arg>
<arg>HN</arg>
<arg>HR</arg>
<arg>HT</arg>
<arg>HU</arg>
<arg>ID</arg>
<arg>IE</arg>
<arg>IL</arg>
<arg>IM</arg>
<arg>IN</arg>
<arg>IO</arg>
<arg>IQ</arg>
<arg>IR</arg>
<arg>IS</arg>
<arg>IT</arg>
<arg>JE</arg>
<arg>JM</arg>
<arg>JO</arg>
<arg>JP</arg>
<arg>KE</arg>
<arg>KG</arg>
<arg>KH</arg>
<arg>KI</arg>
<arg>KM</arg>
<arg>KN</arg>
<arg>KP</arg>
<arg>KR</arg>
<arg>KW</arg>
<arg>KY</arg>
<arg>KZ</arg>
<arg>LA</arg>
<arg>LB</arg>
<arg>LC</arg>
<arg>LI</arg>
<arg>LK</arg>
<arg>LR</arg>
<arg>LS</arg>
<arg>LT</arg>
<arg>LU</arg>
<arg>LV</arg>
<arg>LY</arg>
<arg>MA</arg>
<arg>MC</arg>
<arg>MD</arg>
<arg>ME</arg>
<arg>MF</arg>
<arg>MG</arg>
<arg>MH</arg>
<arg>MK</arg>
<arg>ML</arg>
<arg>MM</arg>
<arg>MN</arg>
<arg>MO</arg>
<arg>MP</arg>
<arg>MQ</arg>
<arg>MR</arg>
<arg>MS</arg>
<arg>MT</arg>
<arg>MU</arg>
<arg>MV</arg>
<arg>MW</arg>
<arg>MX</arg>
<arg>MY</arg>
<arg>MZ</arg>
<arg>NA</arg>
<arg>NC</arg>
<arg>NE</arg>
<arg>NF</arg>
<arg>NG</arg>
<arg>NI</arg>
<arg>NL</arg>
<arg>NO</arg>
<arg>NP</arg>
<arg>NR</arg>
<arg>NU</arg>
<arg>NZ</arg>
<arg>OM</arg>
<arg>PA</arg>
<arg>PE</arg>
<arg>PF</arg>
<arg>PG</arg>
<arg>PH</arg>
<arg>PK</arg>
<arg>PL</arg>
<arg>PM</arg>
<arg>PN</arg>
<arg>PR</arg>
<arg>PS</arg>
<arg>PT</arg>
<arg>PW</arg>
<arg>PY</arg>
<arg>QA</arg>
<arg>RE</arg>
<arg>RO</arg>
<arg>RS</arg>
<arg>RU</arg>
<arg>RW</arg>
<arg>SA</arg>
<arg>SB</arg>
<arg>SC</arg>
<arg>SD</arg>
<arg>SE</arg>
<arg>SG</arg>
<arg>SH</arg>
<arg>SI</arg>
<arg>SJ</arg>
<arg>SK</arg>
<arg>SL</arg>
<arg>SM</arg>
<arg>SN</arg>
<arg>SO</arg>
<arg>SR</arg>
<arg>SS</arg>
<arg>ST</arg>
<arg>SV</arg>
<arg>SX</arg>
<arg>SY</arg>
<arg>SZ</arg>
<arg>TC</arg>
<arg>TD</arg>
<arg>TF</arg>
<arg>TG</arg>
<arg>TH</arg>
<arg>TJ</arg>
<arg>TK</arg>
<arg>TL</arg>
<arg>TM</arg>
<arg>TN</arg>
<arg>TO</arg>
<arg>TR</arg>
<arg>TT</arg>
<arg>TV</arg>
<arg>TW</arg>
<arg>TZ</arg>
<arg>UA</arg>
<arg>UG</arg>
<arg>UM</arg>
<arg>US</arg>
<arg>UY</arg>
<arg>UZ</arg>
<arg>VA</arg>
<arg>VC</arg>
<arg>VE</arg>
<arg>VG</arg>
<arg>VI</arg>
<arg>VN</arg>
<arg>VU</arg>
<arg>WF</arg>
<arg>WS</arg>
<arg>XK</arg>
<arg>YE</arg>
<arg>YT</arg>
<arg>ZA</arg>
<arg>ZM</arg>
<arg>ZW</arg>
<doc>Returns a list containing given items.</doc>
<status status="PASS" start="2024-06-15T07:14:44.754821" elapsed="0.000630"/>
</kw>
<kw name="List Should Contain Value" owner="Collections">
<arg>${list_country}</arg>
<arg>${name_country}</arg>
<doc>Fails if the ``value`` is not found from ``list``.</doc>
<status status="PASS" start="2024-06-15T07:14:44.756235" elapsed="0.000198"/>
</kw>
<kw name="Run Keyword If" owner="BuiltIn">
<kw name="Should Be True" owner="BuiltIn">
<arg>${True}</arg>
<doc>Fails if the given condition is not true.</doc>
<status status="PASS" start="2024-06-15T07:14:44.757454" elapsed="0.000140"/>
</kw>
<arg>${json_data["results"][0]["location"]["coordinates"]["latitude"]} &gt;= -90 and ${json_data["results"][0]["location"]["coordinates"]["latitude"]} &lt;= 90</arg>
<arg>Should Be True</arg>
<arg>${True}</arg>
<doc>Runs the given keyword with the given arguments, if ``condition`` is true.</doc>
<status status="PASS" start="2024-06-15T07:14:44.756627" elapsed="0.001092"/>
</kw>
<kw name="Run Keyword If" owner="BuiltIn">
<kw name="Should Be True" owner="BuiltIn">
<arg>${True}</arg>
<doc>Fails if the given condition is not true.</doc>
<status status="PASS" start="2024-06-15T07:14:44.758587" elapsed="0.000136"/>
</kw>
<arg>${json_data["results"][0]["location"]["coordinates"]["longitude"]} &gt;= -180 and ${json_data["results"][0]["location"]["coordinates"]["longitude"]} &lt;= 180</arg>
<arg>Should Be True</arg>
<arg>${True}</arg>
<doc>Runs the given keyword with the given arguments, if ``condition`` is true.</doc>
<status status="PASS" start="2024-06-15T07:14:44.757901" elapsed="0.000968"/>
</kw>
<status status="PASS" start="2024-06-15T07:14:44.659715" elapsed="0.099281"/>
</kw>
<doc>Testa o conteúdo específico dos campos retornados pela API.</doc>
<tag>testeConteudo</tag>
<status status="PASS" start="2024-06-15T07:14:44.659223" elapsed="0.099913"/>
</test>
<status status="PASS" start="2024-06-15T07:14:43.853970" elapsed="0.907065"/>
</suite>
<status status="PASS" start="2024-06-15T07:14:43.840586" elapsed="0.925429"/>
</suite>
<statistics>
<total>
<stat pass="5" fail="0" skip="0">All Tests</stat>
</total>
<tag>
<stat pass="1" fail="0" skip="0">testeConteudo</stat>
<stat pass="1" fail="0" skip="0">testeEstruturaResposta</stat>
<stat pass="1" fail="0" skip="0">testeRequisicaoBasica</stat>
<stat pass="1" fail="0" skip="0">testeTiposDados</stat>
</tag>
<suite>
<stat pass="5" fail="0" skip="0" id="s1" name="Tests">Tests</stat>
<stat pass="5" fail="0" skip="0" id="s1-s1" name="Random-User-Test">Tests.Random-User-Test</stat>
</suite>
</statistics>
<errors>
</errors>
</robot>
