<?xml version="1.0" encoding="UTF-8"?>
<robot generator="Robot 7.0.1 (Python 3.12.3 on linux)" generated="2024-06-16T17:12:27.980335" rpa="false" schemaversion="5">
<suite id="s1" name="Tests" source="/home/runner/work/ApiRandomUser/ApiRandomUser/RamdonUser/tests">
<suite id="s1-s1" name="Random-User-Test" source="/home/runner/work/ApiRandomUser/ApiRandomUser/RamdonUser/tests/random-user-test.robot">
<test id="s1-s1-t1" name="Conectar" line="13">
<kw name="Conectar API" owner="random-user-service">
<kw name="Create Session" owner="RequestsLibrary">
<msg time="2024-06-16T17:12:28.371730" level="INFO">Creating Session using : alias=consultarAPI, url=https://randomuser.me/, headers={},                     cookies={}, auth=None, timeout=None, proxies=None, verify=False,                     debug=0 </msg>
<arg>consultarAPI</arg>
<arg>${URL}</arg>
<doc>Create Session: create a HTTP session to a server</doc>
<status status="PASS" start="2024-06-16T17:12:28.371535" elapsed="0.000371"/>
</kw>
<status status="PASS" start="2024-06-16T17:12:28.370509" elapsed="0.001760"/>
</kw>
<status status="PASS" start="2024-06-16T17:12:28.369891" elapsed="0.002578"/>
</test>
<test id="s1-s1-t2" name="Validar retorno 200 e JSON Válido" line="16">
<kw name="Teste de Requisicao Basica" owner="random-user-service">
<kw name="GET On Session" owner="RequestsLibrary">
<msg time="2024-06-16T17:12:28.539400" level="INFO">GET Request : url=https://randomuser.me/api 
 path_url=/api 
 headers={'User-Agent': 'python-requests/2.32.3', 'Accept-Encoding': 'gzip, deflate', 'Accept': '*/*', 'Connection': 'keep-alive'} 
 body=None 
 </msg>
<msg time="2024-06-16T17:12:28.539578" level="INFO">GET Response : url=https://randomuser.me/api 
 status=200, reason=OK 
 headers={'Date': 'Sun, 16 Jun 2024 17:12:28 GMT', 'Content-Type': 'application/json; charset=utf-8', 'Transfer-Encoding': 'chunked', 'Connection': 'keep-alive', 'X-Powered-By': 'Express', 'Access-Control-Allow-Origin': '*', 'Cache-Control': 'no-cache', 'ETag': 'W/"484-DYKxuA5TReUMIBq6KFlYOtipD/I"', 'Vary': 'Accept-Encoding', 'Content-Encoding': 'gzip', 'CF-Cache-Status': 'DYNAMIC', 'Report-To': '{"endpoints":[{"url":"https:\\/\\/a.nel.cloudflare.com\\/report\\/v4?s=r5RC1E8%2F8FYT1uRaTCMMGou7PKLnx3cPh036fYIw%2Bwgz2Q2fA%2FpxXpD9elTl5eJDEBaGRoAnalUiuD2ThDNGoDIPpZRhSyy0KhQqVhz54FbN6w2FRkCxI1KhkRLV%2Bl7B"}],"group":"cf-nel","max_age":604800}', 'NEL': '{"success_fraction":0,"report_to":"cf-nel","max_age":604800}', 'Server': 'cloudflare', 'CF-RAY': '894c6cca387d81a9-IAD', 'alt-svc': 'h3=":443"; ma=86400'} 
 body={"results":[{"gender":"male","name":{"title":"Mr","first":"P'ier","last":"Blazhevskiy"},"location":{"street":{"number":5682,"name":"Sklyaniy provulok"},"city":"Kalinivka","state":"Zhitomirska","country":"Ukraine","postcode":76931,"coordinates":{"latitude":"79.8572","longitude":"-82.4702"},"timezone":{"offset":"+6:00","description":"Almaty, Dhaka, Colombo"}},"email":"p'ier.blazhevskiy@example.com","login":{"uuid":"a1c9d63b-5a4e-419c-acb2-610a366b4af9","username":"sadcat479","password":"scrappy","salt":"uNq6eLV5","md5":"ed28c842ad84cd8152dacbd87c3e1aac","sha1":"0cab66d42e470bd0bb27d8674d1ff8f9fce8c8ba","sha256":"1ce5462ea14763cfc38b27c84091292c7a320c62f6a90548e03aa34f00d15482"},"dob":{"date":"1948-07-30T11:38:18.076Z","age":75},"registered":{"date":"2002-07-03T12:52:21.576Z","age":21},"phone":"(067) K37-2695","cell":"(067) D87-3956","id":{"name":"","value":null},"picture":{"large":"https://randomuser.me/api/portraits/men/65.jpg","medium":"https://randomuser.me/api/portraits/med/men/65.jpg","thumbnail":"https://randomuser.me/api/portraits/thumb/men/65.jpg"},"nat":"UA"}],"info":{"seed":"96280b6d4aabd949","results":1,"page":1,"version":"1.4"}} 
 </msg>
<msg time="2024-06-16T17:12:28.539681" level="INFO">/opt/hostedtoolcache/Python/3.12.3/x64/lib/python3.12/site-packages/urllib3/connectionpool.py:1103: InsecureRequestWarning: Unverified HTTPS request is being made to host 'randomuser.me'. Adding certificate verification is strongly advised. See: https://urllib3.readthedocs.io/en/latest/advanced-usage.html#tls-warnings
  warnings.warn(</msg>
<msg time="2024-06-16T17:12:28.539822" level="INFO">${response} = &lt;Response [200]&gt;</msg>
<var>${response}</var>
<arg>consultarAPI</arg>
<arg>/api</arg>
<doc>Sends a GET request on a previously created HTTP Session.</doc>
<status status="PASS" start="2024-06-16T17:12:28.375181" elapsed="0.164685"/>
</kw>
<kw name="Should Be Equal As Numbers" owner="BuiltIn">
<msg time="2024-06-16T17:12:28.540886" level="INFO">Argument types are:
&lt;class 'int'&gt;
&lt;class 'str'&gt;</msg>
<arg>${response.status_code}</arg>
<arg>200</arg>
<doc>Fails if objects are unequal after converting them to real numbers.</doc>
<status status="PASS" start="2024-06-16T17:12:28.540427" elapsed="0.000524"/>
</kw>
<kw name="Log" owner="BuiltIn">
<msg time="2024-06-16T17:12:28.541648" level="INFO">200</msg>
<arg>${response.status_code}</arg>
<doc>Logs the given message with the given level.</doc>
<status status="PASS" start="2024-06-16T17:12:28.541277" elapsed="0.000420"/>
</kw>
<kw name="Set Variable" owner="BuiltIn">
<msg time="2024-06-16T17:12:28.542441" level="INFO">${json_data} = {'results': [{'gender': 'male', 'name': {'title': 'Mr', 'first': "P'ier", 'last': 'Blazhevskiy'}, 'location': {'street': {'number': 5682, 'name': 'Sklyaniy provulok'}, 'city': 'Kalinivka', 'state': 'Z...</msg>
<var>${json_data}</var>
<arg>${response.json()}</arg>
<doc>Returns the given values which can then be assigned to a variables.</doc>
<status status="PASS" start="2024-06-16T17:12:28.542007" elapsed="0.000463"/>
</kw>
<kw name="Dictionary Should Contain Key" owner="Collections">
<arg>${json_data}</arg>
<arg>results</arg>
<doc>Fails if ``key`` is not found from ``dictionary``.</doc>
<status status="PASS" start="2024-06-16T17:12:28.542769" elapsed="0.000170"/>
</kw>
<status status="PASS" start="2024-06-16T17:12:28.374940" elapsed="0.168153"/>
</kw>
<doc>Testa se a API responde corretamente e retorna um objeto JSON válido.</doc>
<tag>testeRequisicaoBasica</tag>
<status status="PASS" start="2024-06-16T17:12:28.374399" elapsed="0.168874"/>
</test>
<test id="s1-s1-t3" name="Validar estrutura de resposta" line="22">
<kw name="Teste de Estrutura de Resposta" owner="random-user-service">
<kw name="GET On Session" owner="RequestsLibrary">
<msg time="2024-06-16T17:12:28.651126" level="INFO">GET Request : url=https://randomuser.me/api 
 path_url=/api 
 headers={'User-Agent': 'python-requests/2.32.3', 'Accept-Encoding': 'gzip, deflate', 'Accept': '*/*', 'Connection': 'keep-alive'} 
 body=None 
 </msg>
<msg time="2024-06-16T17:12:28.651210" level="INFO">GET Response : url=https://randomuser.me/api 
 status=200, reason=OK 
 headers={'Date': 'Sun, 16 Jun 2024 17:12:28 GMT', 'Content-Type': 'application/json; charset=utf-8', 'Transfer-Encoding': 'chunked', 'Connection': 'keep-alive', 'X-Powered-By': 'Express', 'Access-Control-Allow-Origin': '*', 'Cache-Control': 'no-cache', 'ETag': 'W/"47d-Vu6IXYDI5Msl1QydecpvkWzXk4Y"', 'Vary': 'Accept-Encoding', 'Content-Encoding': 'gzip', 'CF-Cache-Status': 'DYNAMIC', 'Report-To': '{"endpoints":[{"url":"https:\\/\\/a.nel.cloudflare.com\\/report\\/v4?s=vbh8BM9CzMA8l4p0VP8uWrbOcZYPOg6K7CcJ25QaH%2F7mD9FMYTSItD82mG6wZKXLOk%2FL5nHYaq5QvulUs1snp8GJ7Hz9qyc5qOdj3r3Quntpjfp%2FOnhwqLfJwdrEccn7"}],"group":"cf-nel","max_age":604800}', 'NEL': '{"success_fraction":0,"report_to":"cf-nel","max_age":604800}', 'Server': 'cloudflare', 'CF-RAY': '894c6cca68bc81a9-IAD', 'alt-svc': 'h3=":443"; ma=86400'} 
 body={"results":[{"gender":"male","name":{"title":"Mr","first":"Jack","last":"Hall"},"location":{"street":{"number":6056,"name":"Anglesea Street"},"city":"Gisborne","state":"Gisborne","country":"New Zealand","postcode":10694,"coordinates":{"latitude":"52.2586","longitude":"-12.2860"},"timezone":{"offset":"+4:00","description":"Abu Dhabi, Muscat, Baku, Tbilisi"}},"email":"jack.hall@example.com","login":{"uuid":"73990230-e537-4a2b-937e-a1f4c52f8152","username":"lazywolf715","password":"candace","salt":"3vpEOhSv","md5":"38e477fbdc17901ca7e786d605f48d2f","sha1":"43aa73331b436bd537f4c2826ba011a99114e54e","sha256":"91bd22d22162d0ffdb9ae38dd7feb1b91fd5bfdd1d5fa6967a6c4f5bed76fbed"},"dob":{"date":"1950-11-30T14:04:18.009Z","age":73},"registered":{"date":"2021-04-27T16:00:43.045Z","age":3},"phone":"(731)-950-3122","cell":"(691)-536-7041","id":{"name":"","value":null},"picture":{"large":"https://randomuser.me/api/portraits/men/25.jpg","medium":"https://randomuser.me/api/portraits/med/men/25.jpg","thumbnail":"https://randomuser.me/api/portraits/thumb/men/25.jpg"},"nat":"NZ"}],"info":{"seed":"4c07fe4865b0f83b","results":1,"page":1,"version":"1.4"}} 
 </msg>
<msg time="2024-06-16T17:12:28.651351" level="INFO">/opt/hostedtoolcache/Python/3.12.3/x64/lib/python3.12/site-packages/urllib3/connectionpool.py:1103: InsecureRequestWarning: Unverified HTTPS request is being made to host 'randomuser.me'. Adding certificate verification is strongly advised. See: https://urllib3.readthedocs.io/en/latest/advanced-usage.html#tls-warnings
  warnings.warn(</msg>
<msg time="2024-06-16T17:12:28.651461" level="INFO">${response} = &lt;Response [200]&gt;</msg>
<var>${response}</var>
<arg>consultarAPI</arg>
<arg>/api</arg>
<doc>Sends a GET request on a previously created HTTP Session.</doc>
<status status="PASS" start="2024-06-16T17:12:28.546092" elapsed="0.105396"/>
</kw>
<kw name="Set Variable" owner="BuiltIn">
<msg time="2024-06-16T17:12:28.652348" level="INFO">${json_data} = {'results': [{'gender': 'male', 'name': {'title': 'Mr', 'first': 'Jack', 'last': 'Hall'}, 'location': {'street': {'number': 6056, 'name': 'Anglesea Street'}, 'city': 'Gisborne', 'state': 'Gisborne', '...</msg>
<var>${json_data}</var>
<arg>${response.json()}</arg>
<doc>Returns the given values which can then be assigned to a variables.</doc>
<status status="PASS" start="2024-06-16T17:12:28.651896" elapsed="0.000480"/>
</kw>
<kw name="Log" owner="BuiltIn">
<msg time="2024-06-16T17:12:28.652842" level="INFO">{'results': [{'gender': 'male', 'name': {'title': 'Mr', 'first': 'Jack', 'last': 'Hall'}, 'location': {'street': {'number': 6056, 'name': 'Anglesea Street'}, 'city': 'Gisborne', 'state': 'Gisborne', 'country': 'New Zealand', 'postcode': 10694, 'coordinates': {'latitude': '52.2586', 'longitude': '-12.2860'}, 'timezone': {'offset': '+4:00', 'description': 'Abu Dhabi, Muscat, Baku, Tbilisi'}}, 'email': 'jack.hall@example.com', 'login': {'uuid': '73990230-e537-4a2b-937e-a1f4c52f8152', 'username': 'lazywolf715', 'password': 'candace', 'salt': '3vpEOhSv', 'md5': '38e477fbdc17901ca7e786d605f48d2f', 'sha1': '43aa73331b436bd537f4c2826ba011a99114e54e', 'sha256': '91bd22d22162d0ffdb9ae38dd7feb1b91fd5bfdd1d5fa6967a6c4f5bed76fbed'}, 'dob': {'date': '1950-11-30T14:04:18.009Z', 'age': 73}, 'registered': {'date': '2021-04-27T16:00:43.045Z', 'age': 3}, 'phone': '(731)-950-3122', 'cell': '(691)-536-7041', 'id': {'name': '', 'value': None}, 'picture': {'large': 'https://randomuser.me/api/portraits/men/25.jpg', 'medium': 'https://randomuser.me/api/portraits/med/men/25.jpg', 'thumbnail': 'https://randomuser.me/api/portraits/thumb/men/25.jpg'}, 'nat': 'NZ'}], 'info': {'seed': '4c07fe4865b0f83b', 'results': 1, 'page': 1, 'version': '1.4'}}</msg>
<arg>${json_data}</arg>
<doc>Logs the given message with the given level.</doc>
<status status="PASS" start="2024-06-16T17:12:28.652683" elapsed="0.000206"/>
</kw>
<kw name="Dictionary Should Contain Key" owner="Collections">
<arg>${json_data}</arg>
<arg>results</arg>
<doc>Fails if ``key`` is not found from ``dictionary``.</doc>
<status status="PASS" start="2024-06-16T17:12:28.653190" elapsed="0.000158"/>
</kw>
<kw name="Should Not Be Empty" owner="BuiltIn">
<msg time="2024-06-16T17:12:28.653705" level="INFO">Length is 2.</msg>
<arg>${json_data}</arg>
<doc>Verifies that the given item is not empty.</doc>
<status status="PASS" start="2024-06-16T17:12:28.653567" elapsed="0.000178"/>
</kw>
<kw name="Create List" owner="BuiltIn">
<msg time="2024-06-16T17:12:28.654186" level="INFO">${expected_keys} = ['gender', 'name', 'location', 'email', 'login']</msg>
<var>${expected_keys}</var>
<arg>gender</arg>
<arg>name</arg>
<arg>location</arg>
<arg>email</arg>
<arg>login</arg>
<doc>Returns a list containing given items.</doc>
<status status="PASS" start="2024-06-16T17:12:28.654038" elapsed="0.000173"/>
</kw>
<for flavor="IN">
<iter>
<kw name="Dictionary Should Contain Key" owner="Collections">
<arg>${json_data['results'][0]}</arg>
<arg>${key}</arg>
<doc>Fails if ``key`` is not found from ``dictionary``.</doc>
<status status="PASS" start="2024-06-16T17:12:28.654797" elapsed="0.000409"/>
</kw>
<kw name="Log" owner="BuiltIn">
<msg time="2024-06-16T17:12:28.655762" level="INFO">{'gender': 'male', 'name': {'title': 'Mr', 'first': 'Jack', 'last': 'Hall'}, 'location': {'street': {'number': 6056, 'name': 'Anglesea Street'}, 'city': 'Gisborne', 'state': 'Gisborne', 'country': 'New Zealand', 'postcode': 10694, 'coordinates': {'latitude': '52.2586', 'longitude': '-12.2860'}, 'timezone': {'offset': '+4:00', 'description': 'Abu Dhabi, Muscat, Baku, Tbilisi'}}, 'email': 'jack.hall@example.com', 'login': {'uuid': '73990230-e537-4a2b-937e-a1f4c52f8152', 'username': 'lazywolf715', 'password': 'candace', 'salt': '3vpEOhSv', 'md5': '38e477fbdc17901ca7e786d605f48d2f', 'sha1': '43aa73331b436bd537f4c2826ba011a99114e54e', 'sha256': '91bd22d22162d0ffdb9ae38dd7feb1b91fd5bfdd1d5fa6967a6c4f5bed76fbed'}, 'dob': {'date': '1950-11-30T14:04:18.009Z', 'age': 73}, 'registered': {'date': '2021-04-27T16:00:43.045Z', 'age': 3}, 'phone': '(731)-950-3122', 'cell': '(691)-536-7041', 'id': {'name': '', 'value': None}, 'picture': {'large': 'https://randomuser.me/api/portraits/men/25.jpg', 'medium': 'https://randomuser.me/api/portraits/med/men/25.jpg', 'thumbnail': 'https://randomuser.me/api/portraits/thumb/men/25.jpg'}, 'nat': 'NZ'}</msg>
<arg>${json_data['results'][0]}</arg>
<doc>Logs the given message with the given level.</doc>
<status status="PASS" start="2024-06-16T17:12:28.655401" elapsed="0.000412"/>
</kw>
<kw name="Log" owner="BuiltIn">
<msg time="2024-06-16T17:12:28.656246" level="INFO">gender</msg>
<arg>${key}</arg>
<doc>Logs the given message with the given level.</doc>
<status status="PASS" start="2024-06-16T17:12:28.656115" elapsed="0.000170"/>
</kw>
<var name="${key}">gender</var>
<status status="PASS" start="2024-06-16T17:12:28.654674" elapsed="0.001837"/>
</iter>
<iter>
<kw name="Dictionary Should Contain Key" owner="Collections">
<arg>${json_data['results'][0]}</arg>
<arg>${key}</arg>
<doc>Fails if ``key`` is not found from ``dictionary``.</doc>
<status status="PASS" start="2024-06-16T17:12:28.656822" elapsed="0.000427"/>
</kw>
<kw name="Log" owner="BuiltIn">
<msg time="2024-06-16T17:12:28.657805" level="INFO">{'gender': 'male', 'name': {'title': 'Mr', 'first': 'Jack', 'last': 'Hall'}, 'location': {'street': {'number': 6056, 'name': 'Anglesea Street'}, 'city': 'Gisborne', 'state': 'Gisborne', 'country': 'New Zealand', 'postcode': 10694, 'coordinates': {'latitude': '52.2586', 'longitude': '-12.2860'}, 'timezone': {'offset': '+4:00', 'description': 'Abu Dhabi, Muscat, Baku, Tbilisi'}}, 'email': 'jack.hall@example.com', 'login': {'uuid': '73990230-e537-4a2b-937e-a1f4c52f8152', 'username': 'lazywolf715', 'password': 'candace', 'salt': '3vpEOhSv', 'md5': '38e477fbdc17901ca7e786d605f48d2f', 'sha1': '43aa73331b436bd537f4c2826ba011a99114e54e', 'sha256': '91bd22d22162d0ffdb9ae38dd7feb1b91fd5bfdd1d5fa6967a6c4f5bed76fbed'}, 'dob': {'date': '1950-11-30T14:04:18.009Z', 'age': 73}, 'registered': {'date': '2021-04-27T16:00:43.045Z', 'age': 3}, 'phone': '(731)-950-3122', 'cell': '(691)-536-7041', 'id': {'name': '', 'value': None}, 'picture': {'large': 'https://randomuser.me/api/portraits/men/25.jpg', 'medium': 'https://randomuser.me/api/portraits/med/men/25.jpg', 'thumbnail': 'https://randomuser.me/api/portraits/thumb/men/25.jpg'}, 'nat': 'NZ'}</msg>
<arg>${json_data['results'][0]}</arg>
<doc>Logs the given message with the given level.</doc>
<status status="PASS" start="2024-06-16T17:12:28.657436" elapsed="0.000449"/>
</kw>
<kw name="Log" owner="BuiltIn">
<msg time="2024-06-16T17:12:28.658320" level="INFO">name</msg>
<arg>${key}</arg>
<doc>Logs the given message with the given level.</doc>
<status status="PASS" start="2024-06-16T17:12:28.658189" elapsed="0.000170"/>
</kw>
<var name="${key}">name</var>
<status status="PASS" start="2024-06-16T17:12:28.656706" elapsed="0.001872"/>
</iter>
<iter>
<kw name="Dictionary Should Contain Key" owner="Collections">
<arg>${json_data['results'][0]}</arg>
<arg>${key}</arg>
<doc>Fails if ``key`` is not found from ``dictionary``.</doc>
<status status="PASS" start="2024-06-16T17:12:28.658878" elapsed="0.000379"/>
</kw>
<kw name="Log" owner="BuiltIn">
<msg time="2024-06-16T17:12:28.659801" level="INFO">{'gender': 'male', 'name': {'title': 'Mr', 'first': 'Jack', 'last': 'Hall'}, 'location': {'street': {'number': 6056, 'name': 'Anglesea Street'}, 'city': 'Gisborne', 'state': 'Gisborne', 'country': 'New Zealand', 'postcode': 10694, 'coordinates': {'latitude': '52.2586', 'longitude': '-12.2860'}, 'timezone': {'offset': '+4:00', 'description': 'Abu Dhabi, Muscat, Baku, Tbilisi'}}, 'email': 'jack.hall@example.com', 'login': {'uuid': '73990230-e537-4a2b-937e-a1f4c52f8152', 'username': 'lazywolf715', 'password': 'candace', 'salt': '3vpEOhSv', 'md5': '38e477fbdc17901ca7e786d605f48d2f', 'sha1': '43aa73331b436bd537f4c2826ba011a99114e54e', 'sha256': '91bd22d22162d0ffdb9ae38dd7feb1b91fd5bfdd1d5fa6967a6c4f5bed76fbed'}, 'dob': {'date': '1950-11-30T14:04:18.009Z', 'age': 73}, 'registered': {'date': '2021-04-27T16:00:43.045Z', 'age': 3}, 'phone': '(731)-950-3122', 'cell': '(691)-536-7041', 'id': {'name': '', 'value': None}, 'picture': {'large': 'https://randomuser.me/api/portraits/men/25.jpg', 'medium': 'https://randomuser.me/api/portraits/med/men/25.jpg', 'thumbnail': 'https://randomuser.me/api/portraits/thumb/men/25.jpg'}, 'nat': 'NZ'}</msg>
<arg>${json_data['results'][0]}</arg>
<doc>Logs the given message with the given level.</doc>
<status status="PASS" start="2024-06-16T17:12:28.659446" elapsed="0.000408"/>
</kw>
<kw name="Log" owner="BuiltIn">
<msg time="2024-06-16T17:12:28.660301" level="INFO">location</msg>
<arg>${key}</arg>
<doc>Logs the given message with the given level.</doc>
<status status="PASS" start="2024-06-16T17:12:28.660174" elapsed="0.000164"/>
</kw>
<var name="${key}">location</var>
<status status="PASS" start="2024-06-16T17:12:28.658768" elapsed="0.001795"/>
</iter>
<iter>
<kw name="Dictionary Should Contain Key" owner="Collections">
<arg>${json_data['results'][0]}</arg>
<arg>${key}</arg>
<doc>Fails if ``key`` is not found from ``dictionary``.</doc>
<status status="PASS" start="2024-06-16T17:12:28.660848" elapsed="0.000378"/>
</kw>
<kw name="Log" owner="BuiltIn">
<msg time="2024-06-16T17:12:28.661803" level="INFO">{'gender': 'male', 'name': {'title': 'Mr', 'first': 'Jack', 'last': 'Hall'}, 'location': {'street': {'number': 6056, 'name': 'Anglesea Street'}, 'city': 'Gisborne', 'state': 'Gisborne', 'country': 'New Zealand', 'postcode': 10694, 'coordinates': {'latitude': '52.2586', 'longitude': '-12.2860'}, 'timezone': {'offset': '+4:00', 'description': 'Abu Dhabi, Muscat, Baku, Tbilisi'}}, 'email': 'jack.hall@example.com', 'login': {'uuid': '73990230-e537-4a2b-937e-a1f4c52f8152', 'username': 'lazywolf715', 'password': 'candace', 'salt': '3vpEOhSv', 'md5': '38e477fbdc17901ca7e786d605f48d2f', 'sha1': '43aa73331b436bd537f4c2826ba011a99114e54e', 'sha256': '91bd22d22162d0ffdb9ae38dd7feb1b91fd5bfdd1d5fa6967a6c4f5bed76fbed'}, 'dob': {'date': '1950-11-30T14:04:18.009Z', 'age': 73}, 'registered': {'date': '2021-04-27T16:00:43.045Z', 'age': 3}, 'phone': '(731)-950-3122', 'cell': '(691)-536-7041', 'id': {'name': '', 'value': None}, 'picture': {'large': 'https://randomuser.me/api/portraits/men/25.jpg', 'medium': 'https://randomuser.me/api/portraits/med/men/25.jpg', 'thumbnail': 'https://randomuser.me/api/portraits/thumb/men/25.jpg'}, 'nat': 'NZ'}</msg>
<arg>${json_data['results'][0]}</arg>
<doc>Logs the given message with the given level.</doc>
<status status="PASS" start="2024-06-16T17:12:28.661410" elapsed="0.000451"/>
</kw>
<kw name="Log" owner="BuiltIn">
<msg time="2024-06-16T17:12:28.662356" level="INFO">email</msg>
<arg>${key}</arg>
<doc>Logs the given message with the given level.</doc>
<status status="PASS" start="2024-06-16T17:12:28.662225" elapsed="0.000169"/>
</kw>
<var name="${key}">email</var>
<status status="PASS" start="2024-06-16T17:12:28.660740" elapsed="0.001874"/>
</iter>
<iter>
<kw name="Dictionary Should Contain Key" owner="Collections">
<arg>${json_data['results'][0]}</arg>
<arg>${key}</arg>
<doc>Fails if ``key`` is not found from ``dictionary``.</doc>
<status status="PASS" start="2024-06-16T17:12:28.662902" elapsed="0.000381"/>
</kw>
<kw name="Log" owner="BuiltIn">
<msg time="2024-06-16T17:12:28.663815" level="INFO">{'gender': 'male', 'name': {'title': 'Mr', 'first': 'Jack', 'last': 'Hall'}, 'location': {'street': {'number': 6056, 'name': 'Anglesea Street'}, 'city': 'Gisborne', 'state': 'Gisborne', 'country': 'New Zealand', 'postcode': 10694, 'coordinates': {'latitude': '52.2586', 'longitude': '-12.2860'}, 'timezone': {'offset': '+4:00', 'description': 'Abu Dhabi, Muscat, Baku, Tbilisi'}}, 'email': 'jack.hall@example.com', 'login': {'uuid': '73990230-e537-4a2b-937e-a1f4c52f8152', 'username': 'lazywolf715', 'password': 'candace', 'salt': '3vpEOhSv', 'md5': '38e477fbdc17901ca7e786d605f48d2f', 'sha1': '43aa73331b436bd537f4c2826ba011a99114e54e', 'sha256': '91bd22d22162d0ffdb9ae38dd7feb1b91fd5bfdd1d5fa6967a6c4f5bed76fbed'}, 'dob': {'date': '1950-11-30T14:04:18.009Z', 'age': 73}, 'registered': {'date': '2021-04-27T16:00:43.045Z', 'age': 3}, 'phone': '(731)-950-3122', 'cell': '(691)-536-7041', 'id': {'name': '', 'value': None}, 'picture': {'large': 'https://randomuser.me/api/portraits/men/25.jpg', 'medium': 'https://randomuser.me/api/portraits/med/men/25.jpg', 'thumbnail': 'https://randomuser.me/api/portraits/thumb/men/25.jpg'}, 'nat': 'NZ'}</msg>
<arg>${json_data['results'][0]}</arg>
<doc>Logs the given message with the given level.</doc>
<status status="PASS" start="2024-06-16T17:12:28.663471" elapsed="0.000391"/>
</kw>
<kw name="Log" owner="BuiltIn">
<msg time="2024-06-16T17:12:28.664387" level="INFO">login</msg>
<arg>${key}</arg>
<doc>Logs the given message with the given level.</doc>
<status status="PASS" start="2024-06-16T17:12:28.664155" elapsed="0.000270"/>
</kw>
<var name="${key}">login</var>
<status status="PASS" start="2024-06-16T17:12:28.662794" elapsed="0.001850"/>
</iter>
<var>${key}</var>
<value>@{expected_keys}</value>
<status status="PASS" start="2024-06-16T17:12:28.654476" elapsed="0.010312"/>
</for>
<kw name="Create List" owner="BuiltIn">
<msg time="2024-06-16T17:12:28.665105" level="INFO">${expected_keysTwo} = ['username', 'password']</msg>
<var>${expected_keysTwo}</var>
<arg>username</arg>
<arg>password</arg>
<doc>Returns a list containing given items.</doc>
<status status="PASS" start="2024-06-16T17:12:28.664974" elapsed="0.000155"/>
</kw>
<for flavor="IN">
<iter>
<kw name="Dictionary Should Contain Key" owner="Collections">
<arg>${json_data['results'][0]['login']}</arg>
<arg>${keyTwo}</arg>
<doc>Fails if ``key`` is not found from ``dictionary``.</doc>
<status status="PASS" start="2024-06-16T17:12:28.665679" elapsed="0.000381"/>
</kw>
<kw name="Dictionary Should Contain Key" owner="Collections">
<arg>${json_data['results'][0]['login']}</arg>
<arg>${keyTwo}</arg>
<doc>Fails if ``key`` is not found from ``dictionary``.</doc>
<status status="PASS" start="2024-06-16T17:12:28.666240" elapsed="0.000373"/>
</kw>
<kw name="Log" owner="BuiltIn">
<msg time="2024-06-16T17:12:28.666909" level="INFO">username</msg>
<arg>${keyTwo}</arg>
<doc>Logs the given message with the given level.</doc>
<status status="PASS" start="2024-06-16T17:12:28.666790" elapsed="0.000155"/>
</kw>
<var name="${keyTwo}">username</var>
<status status="PASS" start="2024-06-16T17:12:28.665568" elapsed="0.001599"/>
</iter>
<iter>
<kw name="Dictionary Should Contain Key" owner="Collections">
<arg>${json_data['results'][0]['login']}</arg>
<arg>${keyTwo}</arg>
<doc>Fails if ``key`` is not found from ``dictionary``.</doc>
<status status="PASS" start="2024-06-16T17:12:28.667463" elapsed="0.000374"/>
</kw>
<kw name="Dictionary Should Contain Key" owner="Collections">
<arg>${json_data['results'][0]['login']}</arg>
<arg>${keyTwo}</arg>
<doc>Fails if ``key`` is not found from ``dictionary``.</doc>
<status status="PASS" start="2024-06-16T17:12:28.668017" elapsed="0.000361"/>
</kw>
<kw name="Log" owner="BuiltIn">
<msg time="2024-06-16T17:12:28.668678" level="INFO">password</msg>
<arg>${keyTwo}</arg>
<doc>Logs the given message with the given level.</doc>
<status status="PASS" start="2024-06-16T17:12:28.668554" elapsed="0.000160"/>
</kw>
<var name="${keyTwo}">password</var>
<status status="PASS" start="2024-06-16T17:12:28.667357" elapsed="0.001576"/>
</iter>
<var>${keyTwo}</var>
<value>@{expected_keysTwo}</value>
<status status="PASS" start="2024-06-16T17:12:28.665392" elapsed="0.003664"/>
</for>
<status status="PASS" start="2024-06-16T17:12:28.545850" elapsed="0.123346"/>
</kw>
<doc>Testa a estrutura da resposta da API.</doc>
<tag>testeEstruturaResposta</tag>
<status status="PASS" start="2024-06-16T17:12:28.545122" elapsed="0.124225"/>
</test>
<test id="s1-s1-t4" name="Validar tipos de dados" line="28">
<kw name="Teste de Tipos de Dados" owner="random-user-service">
<kw name="GET On Session" owner="RequestsLibrary">
<msg time="2024-06-16T17:12:28.741428" level="INFO">GET Request : url=https://randomuser.me/api 
 path_url=/api 
 headers={'User-Agent': 'python-requests/2.32.3', 'Accept-Encoding': 'gzip, deflate', 'Accept': '*/*', 'Connection': 'keep-alive'} 
 body=None 
 </msg>
<msg time="2024-06-16T17:12:28.741510" level="INFO">GET Response : url=https://randomuser.me/api 
 status=200, reason=OK 
 headers={'Date': 'Sun, 16 Jun 2024 17:12:28 GMT', 'Content-Type': 'application/json; charset=utf-8', 'Transfer-Encoding': 'chunked', 'Connection': 'keep-alive', 'X-Powered-By': 'Express', 'Access-Control-Allow-Origin': '*', 'Cache-Control': 'no-cache', 'ETag': 'W/"48a-0Q2IMmyyQ3vshu9GiLLjHcE19P4"', 'Vary': 'Accept-Encoding', 'Content-Encoding': 'gzip', 'CF-Cache-Status': 'DYNAMIC', 'Report-To': '{"endpoints":[{"url":"https:\\/\\/a.nel.cloudflare.com\\/report\\/v4?s=LAs%2FNfkrw1mXdm2jRTMluSVFP4%2BxeGJvkGh8zbjhtArRaFrUDNE42a2tyJq8Noj66sWNukw8j4oqkheKdFUMOrnfUStQve5BUcKjgofqlK1uA1zv448qHGcFFC1GZ2wS"}],"group":"cf-nel","max_age":604800}', 'NEL': '{"success_fraction":0,"report_to":"cf-nel","max_age":604800}', 'Server': 'cloudflare', 'CF-RAY': '894c6ccb39a981a9-IAD', 'alt-svc': 'h3=":443"; ma=86400'} 
 body={"results":[{"gender":"female","name":{"title":"Mrs","first":"Sabrina","last":"Bezditko"},"location":{"street":{"number":238,"name":"Raygorodska"},"city":"Zbarazh","state":"Mikolayivska","country":"Ukraine","postcode":19827,"coordinates":{"latitude":"75.6125","longitude":"150.1001"},"timezone":{"offset":"-8:00","description":"Pacific Time (US &amp; Canada)"}},"email":"sabrina.bezditko@example.com","login":{"uuid":"c0520c59-1ce9-4918-8b0c-fafda14302cc","username":"silverzebra662","password":"123654","salt":"X4MMhIXS","md5":"2df7ec7786797f8623ee5ba4fe3274ee","sha1":"3cc7b6c30fc8370fdf752865ff40d930f966a464","sha256":"80bbe8e0ad39c0bfb05c5202aabf75d85ab14006afe361b4bb67bac72da706ce"},"dob":{"date":"1998-12-02T06:35:07.369Z","age":25},"registered":{"date":"2019-06-08T23:26:31.386Z","age":5},"phone":"(066) G20-1780","cell":"(097) E99-2057","id":{"name":"","value":null},"picture":{"large":"https://randomuser.me/api/portraits/women/62.jpg","medium":"https://randomuser.me/api/portraits/med/women/62.jpg","thumbnail":"https://randomuser.me/api/portraits/thumb/women/62.jpg"},"nat":"UA"}],"info":{"seed":"2e4c997b0bc5b3e2","results":1,"page":1,"version":"1.4"}} 
 </msg>
<msg time="2024-06-16T17:12:28.741627" level="INFO">/opt/hostedtoolcache/Python/3.12.3/x64/lib/python3.12/site-packages/urllib3/connectionpool.py:1103: InsecureRequestWarning: Unverified HTTPS request is being made to host 'randomuser.me'. Adding certificate verification is strongly advised. See: https://urllib3.readthedocs.io/en/latest/advanced-usage.html#tls-warnings
  warnings.warn(</msg>
<msg time="2024-06-16T17:12:28.741753" level="INFO">${response} = &lt;Response [200]&gt;</msg>
<var>${response}</var>
<arg>consultarAPI</arg>
<arg>/api</arg>
<doc>Sends a GET request on a previously created HTTP Session.</doc>
<status status="PASS" start="2024-06-16T17:12:28.671795" elapsed="0.070011"/>
</kw>
<kw name="Set Variable" owner="BuiltIn">
<msg time="2024-06-16T17:12:28.742905" level="INFO">${json_data} = {'results': [{'gender': 'female', 'name': {'title': 'Mrs', 'first': 'Sabrina', 'last': 'Bezditko'}, 'location': {'street': {'number': 238, 'name': 'Raygorodska'}, 'city': 'Zbarazh', 'state': 'Mikolayi...</msg>
<var>${json_data}</var>
<arg>${response.json()}</arg>
<doc>Returns the given values which can then be assigned to a variables.</doc>
<status status="PASS" start="2024-06-16T17:12:28.742307" elapsed="0.000626"/>
</kw>
<kw name="Log" owner="BuiltIn">
<msg time="2024-06-16T17:12:28.743385" level="INFO">{'results': [{'gender': 'female', 'name': {'title': 'Mrs', 'first': 'Sabrina', 'last': 'Bezditko'}, 'location': {'street': {'number': 238, 'name': 'Raygorodska'}, 'city': 'Zbarazh', 'state': 'Mikolayivska', 'country': 'Ukraine', 'postcode': 19827, 'coordinates': {'latitude': '75.6125', 'longitude': '150.1001'}, 'timezone': {'offset': '-8:00', 'description': 'Pacific Time (US &amp; Canada)'}}, 'email': 'sabrina.bezditko@example.com', 'login': {'uuid': 'c0520c59-1ce9-4918-8b0c-fafda14302cc', 'username': 'silverzebra662', 'password': '123654', 'salt': 'X4MMhIXS', 'md5': '2df7ec7786797f8623ee5ba4fe3274ee', 'sha1': '3cc7b6c30fc8370fdf752865ff40d930f966a464', 'sha256': '80bbe8e0ad39c0bfb05c5202aabf75d85ab14006afe361b4bb67bac72da706ce'}, 'dob': {'date': '1998-12-02T06:35:07.369Z', 'age': 25}, 'registered': {'date': '2019-06-08T23:26:31.386Z', 'age': 5}, 'phone': '(066) G20-1780', 'cell': '(097) E99-2057', 'id': {'name': '', 'value': None}, 'picture': {'large': 'https://randomuser.me/api/portraits/women/62.jpg', 'medium': 'https://randomuser.me/api/portraits/med/women/62.jpg', 'thumbnail': 'https://randomuser.me/api/portraits/thumb/women/62.jpg'}, 'nat': 'UA'}], 'info': {'seed': '2e4c997b0bc5b3e2', 'results': 1, 'page': 1, 'version': '1.4'}}</msg>
<arg>${json_data}</arg>
<doc>Logs the given message with the given level.</doc>
<status status="PASS" start="2024-06-16T17:12:28.743236" elapsed="0.000195"/>
</kw>
<kw name="Should Be String" owner="String">
<arg>${json_data['results'][0]['gender']}</arg>
<doc>Fails if the given ``item`` is not a string.</doc>
<status status="PASS" start="2024-06-16T17:12:28.743718" elapsed="0.000362"/>
</kw>
<kw name="Should Match Regexp" owner="BuiltIn">
<arg>${json_data['results'][0]['email']}</arg>
<arg>^[a-zA-Z0-9._%+-]+@[a-zA-Z0-9.-]+\.[a-zA-Z]{2,}$</arg>
<doc>Fails if ``string`` does not match ``pattern`` as a regular expression.</doc>
<status status="PASS" start="2024-06-16T17:12:28.744269" elapsed="0.000503"/>
</kw>
<kw name="Should Match Regexp" owner="BuiltIn">
<arg>${json_data['results'][0]['dob']['date']}</arg>
<arg>\\d{4}-\\d{2}-\\d{2}T\\d{2}:\\d{2}:\\d{2}\\.\\d{3}Z</arg>
<doc>Fails if ``string`` does not match ``pattern`` as a regular expression.</doc>
<status status="PASS" start="2024-06-16T17:12:28.745001" elapsed="0.000498"/>
</kw>
<kw name="Should Match Regexp" owner="BuiltIn">
<arg>${json_data['results'][0]['registered']['date']}</arg>
<arg>\\d{4}-\\d{2}-\\d{2}T\\d{2}:\\d{2}:\\d{2}\\.\\d{3}Z</arg>
<doc>Fails if ``string`` does not match ``pattern`` as a regular expression.</doc>
<status status="PASS" start="2024-06-16T17:12:28.745729" elapsed="0.000368"/>
</kw>
<kw name="Should Match Regexp" owner="BuiltIn">
<arg>${json_data['results'][0]['picture']['large']}</arg>
<arg>^https?://.*\.(?:png|jpe?g|gif|bmp)$</arg>
<doc>Fails if ``string`` does not match ``pattern`` as a regular expression.</doc>
<status status="PASS" start="2024-06-16T17:12:28.746285" elapsed="0.000449"/>
</kw>
<kw name="Should Match Regexp" owner="BuiltIn">
<arg>${json_data['results'][0]['picture']['medium']}</arg>
<arg>^https?://.*\.(?:png|jpe?g|gif|bmp)$</arg>
<doc>Fails if ``string`` does not match ``pattern`` as a regular expression.</doc>
<status status="PASS" start="2024-06-16T17:12:28.746923" elapsed="0.000354"/>
</kw>
<kw name="Should Match Regexp" owner="BuiltIn">
<arg>${json_data['results'][0]['picture']['thumbnail']}</arg>
<arg>^https?://.*\.(?:png|jpe?g|gif|bmp)$</arg>
<doc>Fails if ``string`` does not match ``pattern`` as a regular expression.</doc>
<status status="PASS" start="2024-06-16T17:12:28.747470" elapsed="0.000343"/>
</kw>
<kw name="Log" owner="BuiltIn">
<msg time="2024-06-16T17:12:28.748316" level="INFO">{'large': 'https://randomuser.me/api/portraits/women/62.jpg', 'medium': 'https://randomuser.me/api/portraits/med/women/62.jpg', 'thumbnail': 'https://randomuser.me/api/portraits/thumb/women/62.jpg'}</msg>
<arg>${json_data['results'][0]['picture']}</arg>
<doc>Logs the given message with the given level.</doc>
<status status="PASS" start="2024-06-16T17:12:28.747992" elapsed="0.000366"/>
</kw>
<status status="PASS" start="2024-06-16T17:12:28.671568" elapsed="0.077039"/>
</kw>
<kw name="Teste de Tipos de Dados - Postcode" owner="random-user-service">
<kw name="GET On Session" owner="RequestsLibrary">
<msg time="2024-06-16T17:12:28.843270" level="INFO">GET Request : url=https://randomuser.me/api 
 path_url=/api 
 headers={'User-Agent': 'python-requests/2.32.3', 'Accept-Encoding': 'gzip, deflate', 'Accept': '*/*', 'Connection': 'keep-alive'} 
 body=None 
 </msg>
<msg time="2024-06-16T17:12:28.843342" level="INFO">GET Response : url=https://randomuser.me/api 
 status=200, reason=OK 
 headers={'Date': 'Sun, 16 Jun 2024 17:12:28 GMT', 'Content-Type': 'application/json; charset=utf-8', 'Transfer-Encoding': 'chunked', 'Connection': 'keep-alive', 'X-Powered-By': 'Express', 'Access-Control-Allow-Origin': '*', 'Cache-Control': 'no-cache', 'ETag': 'W/"4ae-Gsp6kuKX7T+If1134Hv0c6RCqWM"', 'Vary': 'Accept-Encoding', 'Content-Encoding': 'gzip', 'CF-Cache-Status': 'DYNAMIC', 'Report-To': '{"endpoints":[{"url":"https:\\/\\/a.nel.cloudflare.com\\/report\\/v4?s=7HiGNncE3OJaTFoULNopGoV8fsYs9ErXJvc%2F2A41sDfmRf%2FFNlafYZd7HRKjJfqEYZKJPLVTNIS7rA2fnTwyQLxq50mYJ%2BTRBNk50gELG8wf8fml21S2Mdt8O2n47hcj"}],"group":"cf-nel","max_age":604800}', 'NEL': '{"success_fraction":0,"report_to":"cf-nel","max_age":604800}', 'Server': 'cloudflare', 'CF-RAY': '894c6ccbba2b81a9-IAD', 'alt-svc': 'h3=":443"; ma=86400'} 
 body={"results":[{"gender":"male","name":{"title":"Monsieur","first":"Maurizio","last":"Da Silva"},"location":{"street":{"number":2251,"name":"Rue de la Baleine"},"city":"Aesch (Lu)","state":"Graubünden","country":"Switzerland","postcode":9264,"coordinates":{"latitude":"-59.6597","longitude":"-12.5499"},"timezone":{"offset":"-6:00","description":"Central Time (US &amp; Canada), Mexico City"}},"email":"maurizio.dasilva@example.com","login":{"uuid":"a2339066-12df-41f5-b621-2e21e2e22bdc","username":"blackbird262","password":"gore","salt":"djZ8e7wo","md5":"2e13391e8546e66f827d5a46d17b09fe","sha1":"988351875e8197a66439b69f337b9c95d13e4684","sha256":"931d32cad656a7183bee05924807f1a0ea35ba32d7947b5b60da9dfb274f169e"},"dob":{"date":"1995-10-31T01:28:51.418Z","age":28},"registered":{"date":"2005-09-06T02:55:39.030Z","age":18},"phone":"075 911 78 77","cell":"078 234 55 64","id":{"name":"AVS","value":"756.5707.1590.64"},"picture":{"large":"https://randomuser.me/api/portraits/men/10.jpg","medium":"https://randomuser.me/api/portraits/med/men/10.jpg","thumbnail":"https://randomuser.me/api/portraits/thumb/men/10.jpg"},"nat":"CH"}],"info":{"seed":"81b77995054220cf","results":1,"page":1,"version":"1.4"}} 
 </msg>
<msg time="2024-06-16T17:12:28.843420" level="INFO">/opt/hostedtoolcache/Python/3.12.3/x64/lib/python3.12/site-packages/urllib3/connectionpool.py:1103: InsecureRequestWarning: Unverified HTTPS request is being made to host 'randomuser.me'. Adding certificate verification is strongly advised. See: https://urllib3.readthedocs.io/en/latest/advanced-usage.html#tls-warnings
  warnings.warn(</msg>
<msg time="2024-06-16T17:12:28.843525" level="INFO">${response} = &lt;Response [200]&gt;</msg>
<var>${response}</var>
<arg>consultarAPI</arg>
<arg>/api</arg>
<doc>Sends a GET request on a previously created HTTP Session.</doc>
<status status="PASS" start="2024-06-16T17:12:28.749041" elapsed="0.094523"/>
</kw>
<kw name="Set Variable" owner="BuiltIn">
<msg time="2024-06-16T17:12:28.844633" level="INFO">${json_data} = {'results': [{'gender': 'male', 'name': {'title': 'Monsieur', 'first': 'Maurizio', 'last': 'Da Silva'}, 'location': {'street': {'number': 2251, 'name': 'Rue de la Baleine'}, 'city': 'Aesch (Lu)', 'sta...</msg>
<var>${json_data}</var>
<arg>${response.json()}</arg>
<doc>Returns the given values which can then be assigned to a variables.</doc>
<status status="PASS" start="2024-06-16T17:12:28.844056" elapsed="0.000606"/>
</kw>
<kw name="Log" owner="BuiltIn">
<msg time="2024-06-16T17:12:28.845127" level="INFO">{'results': [{'gender': 'male', 'name': {'title': 'Monsieur', 'first': 'Maurizio', 'last': 'Da Silva'}, 'location': {'street': {'number': 2251, 'name': 'Rue de la Baleine'}, 'city': 'Aesch (Lu)', 'state': 'Graubünden', 'country': 'Switzerland', 'postcode': 9264, 'coordinates': {'latitude': '-59.6597', 'longitude': '-12.5499'}, 'timezone': {'offset': '-6:00', 'description': 'Central Time (US &amp; Canada), Mexico City'}}, 'email': 'maurizio.dasilva@example.com', 'login': {'uuid': 'a2339066-12df-41f5-b621-2e21e2e22bdc', 'username': 'blackbird262', 'password': 'gore', 'salt': 'djZ8e7wo', 'md5': '2e13391e8546e66f827d5a46d17b09fe', 'sha1': '988351875e8197a66439b69f337b9c95d13e4684', 'sha256': '931d32cad656a7183bee05924807f1a0ea35ba32d7947b5b60da9dfb274f169e'}, 'dob': {'date': '1995-10-31T01:28:51.418Z', 'age': 28}, 'registered': {'date': '2005-09-06T02:55:39.030Z', 'age': 18}, 'phone': '075 911 78 77', 'cell': '078 234 55 64', 'id': {'name': 'AVS', 'value': '756.5707.1590.64'}, 'picture': {'large': 'https://randomuser.me/api/portraits/men/10.jpg', 'medium': 'https://randomuser.me/api/portraits/med/men/10.jpg', 'thumbnail': 'https://randomuser.me/api/portraits/thumb/men/10.jpg'}, 'nat': 'CH'}], 'info': {'seed': '81b77995054220cf', 'results': 1, 'page': 1, 'version': '1.4'}}</msg>
<arg>${json_data}</arg>
<doc>Logs the given message with the given level.</doc>
<status status="PASS" start="2024-06-16T17:12:28.844969" elapsed="0.000208"/>
</kw>
<kw name="Should Be Equal As Numbers" owner="BuiltIn">
<arg>${json_data['results'][0]['location']['postcode']}</arg>
<arg>${json_data['results'][0]['location']['postcode']}</arg>
<doc>Fails if objects are unequal after converting them to real numbers.</doc>
<status status="PASS" start="2024-06-16T17:12:28.845486" elapsed="0.000658"/>
</kw>
<kw name="Log" owner="BuiltIn">
<msg time="2024-06-16T17:12:28.846681" level="INFO">9264</msg>
<arg>${json_data['results'][0]['location']['postcode']}</arg>
<doc>Logs the given message with the given level.</doc>
<status status="PASS" start="2024-06-16T17:12:28.846346" elapsed="0.000374"/>
</kw>
<status status="PASS" start="2024-06-16T17:12:28.748817" elapsed="0.098195"/>
</kw>
<doc>Testa se os tipos de dados na resposta da API estão corretos.</doc>
<tag>testeTiposDados</tag>
<status status="PASS" start="2024-06-16T17:12:28.671129" elapsed="0.176054"/>
</test>
<test id="s1-s1-t5" name="Validar conteudo" line="35">
<kw name="Teste de Tipos de Conteudo" owner="random-user-service">
<kw name="GET On Session" owner="RequestsLibrary">
<msg time="2024-06-16T17:12:28.965878" level="INFO">GET Request : url=https://randomuser.me/api 
 path_url=/api 
 headers={'User-Agent': 'python-requests/2.32.3', 'Accept-Encoding': 'gzip, deflate', 'Accept': '*/*', 'Connection': 'keep-alive'} 
 body=None 
 </msg>
<msg time="2024-06-16T17:12:28.965988" level="INFO">GET Response : url=https://randomuser.me/api 
 status=200, reason=OK 
 headers={'Date': 'Sun, 16 Jun 2024 17:12:28 GMT', 'Content-Type': 'application/json; charset=utf-8', 'Transfer-Encoding': 'chunked', 'Connection': 'keep-alive', 'X-Powered-By': 'Express', 'Access-Control-Allow-Origin': '*', 'Cache-Control': 'no-cache', 'ETag': 'W/"49c-ZkdeRoPHj7PBIwxgqIZhNSN5Kwo"', 'Vary': 'Accept-Encoding', 'Content-Encoding': 'gzip', 'CF-Cache-Status': 'DYNAMIC', 'Report-To': '{"endpoints":[{"url":"https:\\/\\/a.nel.cloudflare.com\\/report\\/v4?s=t4X911nRfG9rM3bixTLlp5hlu8ySq%2FXrmZ3LPI3Goxt6ehA9sVtNgURQAI2qMarOFwRTzOgudGMFThbTQNuZN0vZl5gGS%2BoSbyfvXnZWQMsqo12VqyHJVPYuyQUTomXm"}],"group":"cf-nel","max_age":604800}', 'NEL': '{"success_fraction":0,"report_to":"cf-nel","max_age":604800}', 'Server': 'cloudflare', 'CF-RAY': '894c6ccc5ae981a9-IAD', 'alt-svc': 'h3=":443"; ma=86400'} 
 body={"results":[{"gender":"male","name":{"title":"Mr","first":"Dobrovist","last":"Suheckiy"},"location":{"street":{"number":1384,"name":"Prospekt Trubnikiv"},"city":"Dergachi","state":"Chernivecka","country":"Ukraine","postcode":40003,"coordinates":{"latitude":"76.3963","longitude":"-124.5309"},"timezone":{"offset":"-5:00","description":"Eastern Time (US &amp; Canada), Bogota, Lima"}},"email":"dobrovist.suheckiy@example.com","login":{"uuid":"5d42b4f5-f369-4d76-b787-8d378c94714c","username":"lazyladybug558","password":"iiiii","salt":"9ozKYDAD","md5":"27f6b746e89b0e290b1d46aea9d146fe","sha1":"596a94d7e69324d02678a2a461028b7fd4d11f86","sha256":"06f76a82057c587508b8d9aedd33aa1b57fe463df2626a13aa0a2741fdec68b5"},"dob":{"date":"1993-05-19T20:52:59.137Z","age":31},"registered":{"date":"2006-12-03T17:19:32.681Z","age":17},"phone":"(096) U52-4137","cell":"(097) V85-8663","id":{"name":"","value":null},"picture":{"large":"https://randomuser.me/api/portraits/men/46.jpg","medium":"https://randomuser.me/api/portraits/med/men/46.jpg","thumbnail":"https://randomuser.me/api/portraits/thumb/men/46.jpg"},"nat":"UA"}],"info":{"seed":"87c3c71fb7e1c805","results":1,"page":1,"version":"1.4"}} 
 </msg>
<msg time="2024-06-16T17:12:28.966070" level="INFO">/opt/hostedtoolcache/Python/3.12.3/x64/lib/python3.12/site-packages/urllib3/connectionpool.py:1103: InsecureRequestWarning: Unverified HTTPS request is being made to host 'randomuser.me'. Adding certificate verification is strongly advised. See: https://urllib3.readthedocs.io/en/latest/advanced-usage.html#tls-warnings
  warnings.warn(</msg>
<msg time="2024-06-16T17:12:28.966219" level="INFO">${response} = &lt;Response [200]&gt;</msg>
<var>${response}</var>
<arg>consultarAPI</arg>
<arg>/api</arg>
<doc>Sends a GET request on a previously created HTTP Session.</doc>
<status status="PASS" start="2024-06-16T17:12:28.849709" elapsed="0.116556"/>
</kw>
<kw name="Set Variable" owner="BuiltIn">
<msg time="2024-06-16T17:12:28.967444" level="INFO">${json_data} = {'results': [{'gender': 'male', 'name': {'title': 'Mr', 'first': 'Dobrovist', 'last': 'Suheckiy'}, 'location': {'street': {'number': 1384, 'name': 'Prospekt Trubnikiv'}, 'city': 'Dergachi', 'state': '...</msg>
<var>${json_data}</var>
<arg>${response.json()}</arg>
<doc>Returns the given values which can then be assigned to a variables.</doc>
<status status="PASS" start="2024-06-16T17:12:28.966896" elapsed="0.000577"/>
</kw>
<kw name="Set Variable" owner="BuiltIn">
<msg time="2024-06-16T17:12:28.968149" level="INFO">${name_title} = Mr</msg>
<var>${name_title}</var>
<arg>${json_data["results"][0]["name"]["title"]}</arg>
<doc>Returns the given values which can then be assigned to a variables.</doc>
<status status="PASS" start="2024-06-16T17:12:28.967771" elapsed="0.000402"/>
</kw>
<kw name="Create List" owner="BuiltIn">
<msg time="2024-06-16T17:12:28.968629" level="INFO">${allowed_titles} = ['Mr', 'Ms', 'Miss', 'Mrs', 'Madame', 'Monsieur']</msg>
<var>${allowed_titles}</var>
<arg>Mr</arg>
<arg>Ms</arg>
<arg>Miss</arg>
<arg>Mrs</arg>
<arg>Madame</arg>
<arg>Monsieur</arg>
<doc>Returns a list containing given items.</doc>
<status status="PASS" start="2024-06-16T17:12:28.968479" elapsed="0.000173"/>
</kw>
<kw name="List Should Contain Value" owner="Collections">
<arg>${allowed_titles}</arg>
<arg>${name_title}</arg>
<doc>Fails if the ``value`` is not found from ``list``.</doc>
<status status="PASS" start="2024-06-16T17:12:28.968948" elapsed="0.000176"/>
</kw>
<kw name="Set Variable" owner="BuiltIn">
<msg time="2024-06-16T17:12:28.969731" level="INFO">${name_country} = UA</msg>
<var>${name_country}</var>
<arg>${json_data["results"][0]["nat"]}</arg>
<doc>Returns the given values which can then be assigned to a variables.</doc>
<status status="PASS" start="2024-06-16T17:12:28.969301" elapsed="0.000456"/>
</kw>
<kw name="Create List" owner="BuiltIn">
<msg time="2024-06-16T17:12:28.970660" level="INFO">${list_country} = ['AD', 'AE', 'AF', 'AG', 'AI', 'AL', 'AM', 'AO', 'AQ', 'AR', 'AS', 'AT', 'AU', 'AW', 'AX', 'AZ', 'BA', 'BB', 'BD', 'BE', 'BF', 'BG', 'BH', 'BI', 'BJ', 'BL', 'BM', 'BN', 'BO', 'BQ', 'BR', 'BS', 'BT', '...</msg>
<var>${list_country}</var>
<arg>AD</arg>
<arg>AE</arg>
<arg>AF</arg>
<arg>AG</arg>
<arg>AI</arg>
<arg>AL</arg>
<arg>AM</arg>
<arg>AO</arg>
<arg>AQ</arg>
<arg>AR</arg>
<arg>AS</arg>
<arg>AT</arg>
<arg>AU</arg>
<arg>AW</arg>
<arg>AX</arg>
<arg>AZ</arg>
<arg>BA</arg>
<arg>BB</arg>
<arg>BD</arg>
<arg>BE</arg>
<arg>BF</arg>
<arg>BG</arg>
<arg>BH</arg>
<arg>BI</arg>
<arg>BJ</arg>
<arg>BL</arg>
<arg>BM</arg>
<arg>BN</arg>
<arg>BO</arg>
<arg>BQ</arg>
<arg>BR</arg>
<arg>BS</arg>
<arg>BT</arg>
<arg>BV</arg>
<arg>BW</arg>
<arg>BY</arg>
<arg>BZ</arg>
<arg>CA</arg>
<arg>CC</arg>
<arg>CD</arg>
<arg>CF</arg>
<arg>CG</arg>
<arg>CH</arg>
<arg>CI</arg>
<arg>CK</arg>
<arg>CL</arg>
<arg>CM</arg>
<arg>CN</arg>
<arg>CO</arg>
<arg>CR</arg>
<arg>CU</arg>
<arg>CV</arg>
<arg>CW</arg>
<arg>CX</arg>
<arg>CY</arg>
<arg>CZ</arg>
<arg>DE</arg>
<arg>DJ</arg>
<arg>DK</arg>
<arg>DM</arg>
<arg>DO</arg>
<arg>DZ</arg>
<arg>EC</arg>
<arg>EE</arg>
<arg>EG</arg>
<arg>EH</arg>
<arg>ER</arg>
<arg>ES</arg>
<arg>ET</arg>
<arg>FI</arg>
<arg>FJ</arg>
<arg>FK</arg>
<arg>FM</arg>
<arg>FO</arg>
<arg>FR</arg>
<arg>GA</arg>
<arg>GB</arg>
<arg>GD</arg>
<arg>GE</arg>
<arg>GF</arg>
<arg>GG</arg>
<arg>GH</arg>
<arg>GI</arg>
<arg>GL</arg>
<arg>GM</arg>
<arg>GN</arg>
<arg>GP</arg>
<arg>GQ</arg>
<arg>GR</arg>
<arg>GS</arg>
<arg>GT</arg>
<arg>GU</arg>
<arg>GW</arg>
<arg>GY</arg>
<arg>HK</arg>
<arg>HM</arg>
<arg>HN</arg>
<arg>HR</arg>
<arg>HT</arg>
<arg>HU</arg>
<arg>ID</arg>
<arg>IE</arg>
<arg>IL</arg>
<arg>IM</arg>
<arg>IN</arg>
<arg>IO</arg>
<arg>IQ</arg>
<arg>IR</arg>
<arg>IS</arg>
<arg>IT</arg>
<arg>JE</arg>
<arg>JM</arg>
<arg>JO</arg>
<arg>JP</arg>
<arg>KE</arg>
<arg>KG</arg>
<arg>KH</arg>
<arg>KI</arg>
<arg>KM</arg>
<arg>KN</arg>
<arg>KP</arg>
<arg>KR</arg>
<arg>KW</arg>
<arg>KY</arg>
<arg>KZ</arg>
<arg>LA</arg>
<arg>LB</arg>
<arg>LC</arg>
<arg>LI</arg>
<arg>LK</arg>
<arg>LR</arg>
<arg>LS</arg>
<arg>LT</arg>
<arg>LU</arg>
<arg>LV</arg>
<arg>LY</arg>
<arg>MA</arg>
<arg>MC</arg>
<arg>MD</arg>
<arg>ME</arg>
<arg>MF</arg>
<arg>MG</arg>
<arg>MH</arg>
<arg>MK</arg>
<arg>ML</arg>
<arg>MM</arg>
<arg>MN</arg>
<arg>MO</arg>
<arg>MP</arg>
<arg>MQ</arg>
<arg>MR</arg>
<arg>MS</arg>
<arg>MT</arg>
<arg>MU</arg>
<arg>MV</arg>
<arg>MW</arg>
<arg>MX</arg>
<arg>MY</arg>
<arg>MZ</arg>
<arg>NA</arg>
<arg>NC</arg>
<arg>NE</arg>
<arg>NF</arg>
<arg>NG</arg>
<arg>NI</arg>
<arg>NL</arg>
<arg>NO</arg>
<arg>NP</arg>
<arg>NR</arg>
<arg>NU</arg>
<arg>NZ</arg>
<arg>OM</arg>
<arg>PA</arg>
<arg>PE</arg>
<arg>PF</arg>
<arg>PG</arg>
<arg>PH</arg>
<arg>PK</arg>
<arg>PL</arg>
<arg>PM</arg>
<arg>PN</arg>
<arg>PR</arg>
<arg>PS</arg>
<arg>PT</arg>
<arg>PW</arg>
<arg>PY</arg>
<arg>QA</arg>
<arg>RE</arg>
<arg>RO</arg>
<arg>RS</arg>
<arg>RU</arg>
<arg>RW</arg>
<arg>SA</arg>
<arg>SB</arg>
<arg>SC</arg>
<arg>SD</arg>
<arg>SE</arg>
<arg>SG</arg>
<arg>SH</arg>
<arg>SI</arg>
<arg>SJ</arg>
<arg>SK</arg>
<arg>SL</arg>
<arg>SM</arg>
<arg>SN</arg>
<arg>SO</arg>
<arg>SR</arg>
<arg>SS</arg>
<arg>ST</arg>
<arg>SV</arg>
<arg>SX</arg>
<arg>SY</arg>
<arg>SZ</arg>
<arg>TC</arg>
<arg>TD</arg>
<arg>TF</arg>
<arg>TG</arg>
<arg>TH</arg>
<arg>TJ</arg>
<arg>TK</arg>
<arg>TL</arg>
<arg>TM</arg>
<arg>TN</arg>
<arg>TO</arg>
<arg>TR</arg>
<arg>TT</arg>
<arg>TV</arg>
<arg>TW</arg>
<arg>TZ</arg>
<arg>UA</arg>
<arg>UG</arg>
<arg>UM</arg>
<arg>US</arg>
<arg>UY</arg>
<arg>UZ</arg>
<arg>VA</arg>
<arg>VC</arg>
<arg>VE</arg>
<arg>VG</arg>
<arg>VI</arg>
<arg>VN</arg>
<arg>VU</arg>
<arg>WF</arg>
<arg>WS</arg>
<arg>XK</arg>
<arg>YE</arg>
<arg>YT</arg>
<arg>ZA</arg>
<arg>ZM</arg>
<arg>ZW</arg>
<doc>Returns a list containing given items.</doc>
<status status="PASS" start="2024-06-16T17:12:28.970055" elapsed="0.000631"/>
</kw>
<kw name="List Should Contain Value" owner="Collections">
<arg>${list_country}</arg>
<arg>${name_country}</arg>
<doc>Fails if the ``value`` is not found from ``list``.</doc>
<status status="PASS" start="2024-06-16T17:12:28.971476" elapsed="0.000201"/>
</kw>
<kw name="Run Keyword If" owner="BuiltIn">
<kw name="Should Be True" owner="BuiltIn">
<arg>${True}</arg>
<doc>Fails if the given condition is not true.</doc>
<status status="PASS" start="2024-06-16T17:12:28.972741" elapsed="0.000142"/>
</kw>
<arg>${json_data["results"][0]["location"]["coordinates"]["latitude"]} &gt;= -90 and ${json_data["results"][0]["location"]["coordinates"]["latitude"]} &lt;= 90</arg>
<arg>Should Be True</arg>
<arg>${True}</arg>
<doc>Runs the given keyword with the given arguments, if ``condition`` is true.</doc>
<status status="PASS" start="2024-06-16T17:12:28.971877" elapsed="0.001131"/>
</kw>
<kw name="Run Keyword If" owner="BuiltIn">
<kw name="Should Be True" owner="BuiltIn">
<arg>${True}</arg>
<doc>Fails if the given condition is not true.</doc>
<status status="PASS" start="2024-06-16T17:12:28.973908" elapsed="0.000138"/>
</kw>
<arg>${json_data["results"][0]["location"]["coordinates"]["longitude"]} &gt;= -180 and ${json_data["results"][0]["location"]["coordinates"]["longitude"]} &lt;= 180</arg>
<arg>Should Be True</arg>
<arg>${True}</arg>
<doc>Runs the given keyword with the given arguments, if ``condition`` is true.</doc>
<status status="PASS" start="2024-06-16T17:12:28.973191" elapsed="0.000977"/>
</kw>
<status status="PASS" start="2024-06-16T17:12:28.849455" elapsed="0.124843"/>
</kw>
<doc>Testa o conteúdo específico dos campos retornados pela API.</doc>
<tag>testeConteudo</tag>
<status status="PASS" start="2024-06-16T17:12:28.848945" elapsed="0.125503"/>
</test>
<status status="PASS" start="2024-06-16T17:12:28.038677" elapsed="0.937743"/>
</suite>
<status status="PASS" start="2024-06-16T17:12:28.025172" elapsed="0.956350"/>
</suite>
<statistics>
<total>
<stat pass="5" fail="0" skip="0">All Tests</stat>
</total>
<tag>
<stat pass="1" fail="0" skip="0">testeConteudo</stat>
<stat pass="1" fail="0" skip="0">testeEstruturaResposta</stat>
<stat pass="1" fail="0" skip="0">testeRequisicaoBasica</stat>
<stat pass="1" fail="0" skip="0">testeTiposDados</stat>
</tag>
<suite>
<stat pass="5" fail="0" skip="0" id="s1" name="Tests">Tests</stat>
<stat pass="5" fail="0" skip="0" id="s1-s1" name="Random-User-Test">Tests.Random-User-Test</stat>
</suite>
</statistics>
<errors>
</errors>
</robot>
