<?xml version="1.0" encoding="UTF-8"?>
<robot generator="Robot 7.0 (Python 3.12.3 on linux)" generated="2024-04-30T19:11:00.063870" rpa="false" schemaversion="5">
<suite id="s1" name="Tests" source="/home/runner/work/DesafioQAItauRogerioJordao/DesafioQAItauRogerioJordao/RamdonUser/tests">
<suite id="s1-s1" name="Random-User-Test" source="/home/runner/work/DesafioQAItauRogerioJordao/DesafioQAItauRogerioJordao/RamdonUser/tests/random-user-test.robot">
<test id="s1-s1-t1" name="Conectar" line="13">
<kw name="Conectar API" owner="random-user-service">
<kw name="Create Session" owner="RequestsLibrary">
<msg time="2024-04-30T19:11:00.428776" level="INFO">Creating Session using : alias=consultarAPI, url=https://randomuser.me/, headers={},                     cookies={}, auth=None, timeout=None, proxies=None, verify=False,                     debug=0 </msg>
<arg>consultarAPI</arg>
<arg>${URL}</arg>
<doc>Create Session: create a HTTP session to a server</doc>
<status status="PASS" start="2024-04-30T19:11:00.428572" elapsed="0.000384"/>
</kw>
<status status="PASS" start="2024-04-30T19:11:00.427586" elapsed="0.001741"/>
</kw>
<status status="PASS" start="2024-04-30T19:11:00.426944" elapsed="0.002587"/>
</test>
<test id="s1-s1-t2" name="Validar retorno 200 e JSON Válido" line="16">
<kw name="Teste de Requisicao Basica" owner="random-user-service">
<kw name="GET On Session" owner="RequestsLibrary">
<msg time="2024-04-30T19:11:00.618961" level="INFO">GET Request : url=https://randomuser.me/api 
 path_url=/api 
 headers={'User-Agent': 'python-requests/2.31.0', 'Accept-Encoding': 'gzip, deflate', 'Accept': '*/*', 'Connection': 'keep-alive'} 
 body=None 
 </msg>
<msg time="2024-04-30T19:11:00.619133" level="INFO">GET Response : url=https://randomuser.me/api 
 status=200, reason=OK 
 headers={'Date': 'Tue, 30 Apr 2024 19:11:00 GMT', 'Content-Type': 'application/json; charset=utf-8', 'Transfer-Encoding': 'chunked', 'Connection': 'keep-alive', 'X-Powered-By': 'Express', 'Access-Control-Allow-Origin': '*', 'Cache-Control': 'no-cache', 'ETag': 'W/"4b2-X8ICgEsJ1TtCiYCAU0wZbHhgF/c"', 'Vary': 'Accept-Encoding', 'Content-Encoding': 'gzip', 'CF-Cache-Status': 'DYNAMIC', 'Report-To': '{"endpoints":[{"url":"https:\\/\\/a.nel.cloudflare.com\\/report\\/v4?s=UMteCvXs4ZnZjP2CigGtYRSy%2Faz9XOx7F2zTYy4BkvsZXv9yLtM%2FRArxDbv2fF0RRE5Mxi%2FxTM6NZDPaYmjXZfBgqKVXc8gTQeJOFJ4lRbmYIWI4hTFxTIg6WGY61sP%2B"}],"group":"cf-nel","max_age":604800}', 'NEL': '{"success_fraction":0,"report_to":"cf-nel","max_age":604800}', 'Server': 'cloudflare', 'CF-RAY': '87c9d5cbe9a52511-SJC', 'alt-svc': 'h3=":443"; ma=86400'} 
 body={"results":[{"gender":"female","name":{"title":"Miss","first":"Suzanne","last":"Rivera"},"location":{"street":{"number":9791,"name":"The Avenue"},"city":"City of London","state":"West Glamorgan","country":"United Kingdom","postcode":"NM7Q 3JE","coordinates":{"latitude":"-10.0679","longitude":"91.9007"},"timezone":{"offset":"-4:00","description":"Atlantic Time (Canada), Caracas, La Paz"}},"email":"suzanne.rivera@example.com","login":{"uuid":"ec54fd3e-412f-467d-8bf5-8b461301dcf5","username":"goldenlion720","password":"zachary","salt":"hh7ABYVR","md5":"420f40201c8409102a77f5531b19da96","sha1":"5231d07ce6f92716a7c640061fcfdc4c00a4a8fe","sha256":"c4772345602d22023e03b9a4a70c83091da35ce54ca9186f8b4f6ea0689b89f0"},"dob":{"date":"1960-12-01T19:34:15.024Z","age":63},"registered":{"date":"2010-05-13T07:44:33.743Z","age":13},"phone":"017687 03616","cell":"07138 439178","id":{"name":"NINO","value":"LB 87 79 45 I"},"picture":{"large":"https://randomuser.me/api/portraits/women/7.jpg","medium":"https://randomuser.me/api/portraits/med/women/7.jpg","thumbnail":"https://randomuser.me/api/portraits/thumb/women/7.jpg"},"nat":"GB"}],"info":{"seed":"d0e657115c8450bb","results":1,"page":1,"version":"1.4"}} 
 </msg>
<msg time="2024-04-30T19:11:00.619227" level="INFO">/opt/hostedtoolcache/Python/3.12.3/x64/lib/python3.12/site-packages/urllib3/connectionpool.py:1103: InsecureRequestWarning: Unverified HTTPS request is being made to host 'randomuser.me'. Adding certificate verification is strongly advised. See: https://urllib3.readthedocs.io/en/latest/advanced-usage.html#tls-warnings
  warnings.warn(</msg>
<msg time="2024-04-30T19:11:00.619409" level="INFO">${response} = &lt;Response [200]&gt;</msg>
<var>${response}</var>
<arg>consultarAPI</arg>
<arg>/api</arg>
<doc>Sends a GET request on a previously created HTTP Session.</doc>
<status status="PASS" start="2024-04-30T19:11:00.432251" elapsed="0.187200"/>
</kw>
<kw name="Should Be Equal As Numbers" owner="BuiltIn">
<msg time="2024-04-30T19:11:00.620441" level="INFO">Argument types are:
&lt;class 'int'&gt;
&lt;class 'str'&gt;</msg>
<arg>${response.status_code}</arg>
<arg>200</arg>
<doc>Fails if objects are unequal after converting them to real numbers.</doc>
<status status="PASS" start="2024-04-30T19:11:00.619981" elapsed="0.000523"/>
</kw>
<kw name="Log" owner="BuiltIn">
<msg time="2024-04-30T19:11:00.621176" level="INFO">200</msg>
<arg>${response.status_code}</arg>
<doc>Logs the given message with the given level.</doc>
<status status="PASS" start="2024-04-30T19:11:00.620836" elapsed="0.000380"/>
</kw>
<kw name="Set Variable" owner="BuiltIn">
<msg time="2024-04-30T19:11:00.621991" level="INFO">${json_data} = {'results': [{'gender': 'female', 'name': {'title': 'Miss', 'first': 'Suzanne', 'last': 'Rivera'}, 'location': {'street': {'number': 9791, 'name': 'The Avenue'}, 'city': 'City of London', 'state': 'We...</msg>
<var>${json_data}</var>
<arg>${response.json()}</arg>
<doc>Returns the given values which can then be assigned to a variables.</doc>
<status status="PASS" start="2024-04-30T19:11:00.621511" elapsed="0.000508"/>
</kw>
<kw name="Dictionary Should Contain Key" owner="Collections">
<msg time="2024-04-30T19:11:00.622492" level="INFO">False</msg>
<arg>${json_data}</arg>
<arg>results</arg>
<doc>Fails if ``key`` is not found from ``dictionary``.</doc>
<status status="PASS" start="2024-04-30T19:11:00.622321" elapsed="0.000214"/>
</kw>
<status status="PASS" start="2024-04-30T19:11:00.432003" elapsed="0.190788"/>
</kw>
<doc>Testa se a API responde corretamente e retorna um objeto JSON válido.</doc>
<tag>testeRequisicaoBasica</tag>
<status status="PASS" start="2024-04-30T19:11:00.431462" elapsed="0.191517"/>
</test>
<test id="s1-s1-t3" name="Validar estrutura de resposta" line="22">
<kw name="Teste de Estrutura de Resposta" owner="random-user-service">
<kw name="GET On Session" owner="RequestsLibrary">
<msg time="2024-04-30T19:11:00.747469" level="INFO">GET Request : url=https://randomuser.me/api 
 path_url=/api 
 headers={'User-Agent': 'python-requests/2.31.0', 'Accept-Encoding': 'gzip, deflate', 'Accept': '*/*', 'Connection': 'keep-alive'} 
 body=None 
 </msg>
<msg time="2024-04-30T19:11:00.747583" level="INFO">GET Response : url=https://randomuser.me/api 
 status=200, reason=OK 
 headers={'Date': 'Tue, 30 Apr 2024 19:11:00 GMT', 'Content-Type': 'application/json; charset=utf-8', 'Transfer-Encoding': 'chunked', 'Connection': 'keep-alive', 'X-Powered-By': 'Express', 'Access-Control-Allow-Origin': '*', 'Cache-Control': 'no-cache', 'ETag': 'W/"49e-GxeqzV3YSDCLzkLxVkAoBlON3aU"', 'Vary': 'Accept-Encoding', 'Content-Encoding': 'gzip', 'CF-Cache-Status': 'DYNAMIC', 'Report-To': '{"endpoints":[{"url":"https:\\/\\/a.nel.cloudflare.com\\/report\\/v4?s=tfvaSSmTd4ydRHjXE6jCFVf%2Bj67H%2Fvs1kyoRW225XdVcw6gV2LigP4j1PfFVz4heTAO7JhzTYbjXIIAJLS4RjjsPx0VuwyrD0nlDTUCDDfNyHgEcgel6ZRd%2BbvwAqRBZ"}],"group":"cf-nel","max_age":604800}', 'NEL': '{"success_fraction":0,"report_to":"cf-nel","max_age":604800}', 'Server': 'cloudflare', 'CF-RAY': '87c9d5ccea812511-SJC', 'alt-svc': 'h3=":443"; ma=86400'} 
 body={"results":[{"gender":"female","name":{"title":"Miss","first":"Fem","last":"Lanser"},"location":{"street":{"number":8863,"name":"De Sterkerij"},"city":"Spijkenisse","state":"Zuid-Holland","country":"Netherlands","postcode":"6531 SK","coordinates":{"latitude":"38.3340","longitude":"88.6417"},"timezone":{"offset":"-4:00","description":"Atlantic Time (Canada), Caracas, La Paz"}},"email":"fem.lanser@example.com","login":{"uuid":"4624e6cf-5110-49c4-b13e-7e30328e1f84","username":"whitekoala942","password":"cola","salt":"ggbLUqme","md5":"ae9fcfd617a50da6534519d53148d672","sha1":"6fd1127c1b75357cdee4d11eaf22d1e8cb84f2e1","sha256":"90b0f13c4a6537587e40d002c8ba050e9f17feadd00eb9f6857c6f95de18bd8a"},"dob":{"date":"1957-05-30T01:19:10.059Z","age":66},"registered":{"date":"2003-02-07T00:26:42.096Z","age":21},"phone":"(0934) 843679","cell":"(06) 31556261","id":{"name":"BSN","value":"74912192"},"picture":{"large":"https://randomuser.me/api/portraits/women/24.jpg","medium":"https://randomuser.me/api/portraits/med/women/24.jpg","thumbnail":"https://randomuser.me/api/portraits/thumb/women/24.jpg"},"nat":"NL"}],"info":{"seed":"4ebda2b7430466d2","results":1,"page":1,"version":"1.4"}} 
 </msg>
<msg time="2024-04-30T19:11:00.747720" level="INFO">/opt/hostedtoolcache/Python/3.12.3/x64/lib/python3.12/site-packages/urllib3/connectionpool.py:1103: InsecureRequestWarning: Unverified HTTPS request is being made to host 'randomuser.me'. Adding certificate verification is strongly advised. See: https://urllib3.readthedocs.io/en/latest/advanced-usage.html#tls-warnings
  warnings.warn(</msg>
<msg time="2024-04-30T19:11:00.747872" level="INFO">${response} = &lt;Response [200]&gt;</msg>
<var>${response}</var>
<arg>consultarAPI</arg>
<arg>/api</arg>
<doc>Sends a GET request on a previously created HTTP Session.</doc>
<status status="PASS" start="2024-04-30T19:11:00.625599" elapsed="0.122309"/>
</kw>
<kw name="Set Variable" owner="BuiltIn">
<msg time="2024-04-30T19:11:00.748922" level="INFO">${json_data} = {'results': [{'gender': 'female', 'name': {'title': 'Miss', 'first': 'Fem', 'last': 'Lanser'}, 'location': {'street': {'number': 8863, 'name': 'De Sterkerij'}, 'city': 'Spijkenisse', 'state': 'Zuid-Ho...</msg>
<var>${json_data}</var>
<arg>${response.json()}</arg>
<doc>Returns the given values which can then be assigned to a variables.</doc>
<status status="PASS" start="2024-04-30T19:11:00.748393" elapsed="0.000557"/>
</kw>
<kw name="Log" owner="BuiltIn">
<msg time="2024-04-30T19:11:00.749428" level="INFO">{'results': [{'gender': 'female', 'name': {'title': 'Miss', 'first': 'Fem', 'last': 'Lanser'}, 'location': {'street': {'number': 8863, 'name': 'De Sterkerij'}, 'city': 'Spijkenisse', 'state': 'Zuid-Holland', 'country': 'Netherlands', 'postcode': '6531 SK', 'coordinates': {'latitude': '38.3340', 'longitude': '88.6417'}, 'timezone': {'offset': '-4:00', 'description': 'Atlantic Time (Canada), Caracas, La Paz'}}, 'email': 'fem.lanser@example.com', 'login': {'uuid': '4624e6cf-5110-49c4-b13e-7e30328e1f84', 'username': 'whitekoala942', 'password': 'cola', 'salt': 'ggbLUqme', 'md5': 'ae9fcfd617a50da6534519d53148d672', 'sha1': '6fd1127c1b75357cdee4d11eaf22d1e8cb84f2e1', 'sha256': '90b0f13c4a6537587e40d002c8ba050e9f17feadd00eb9f6857c6f95de18bd8a'}, 'dob': {'date': '1957-05-30T01:19:10.059Z', 'age': 66}, 'registered': {'date': '2003-02-07T00:26:42.096Z', 'age': 21}, 'phone': '(0934) 843679', 'cell': '(06) 31556261', 'id': {'name': 'BSN', 'value': '74912192'}, 'picture': {'large': 'https://randomuser.me/api/portraits/women/24.jpg', 'medium': 'https://randomuser.me/api/portraits/med/women/24.jpg', 'thumbnail': 'https://randomuser.me/api/portraits/thumb/women/24.jpg'}, 'nat': 'NL'}], 'info': {'seed': '4ebda2b7430466d2', 'results': 1, 'page': 1, 'version': '1.4'}}</msg>
<arg>${json_data}</arg>
<doc>Logs the given message with the given level.</doc>
<status status="PASS" start="2024-04-30T19:11:00.749267" elapsed="0.000209"/>
</kw>
<kw name="Dictionary Should Contain Key" owner="Collections">
<msg time="2024-04-30T19:11:00.749977" level="INFO">False</msg>
<arg>${json_data}</arg>
<arg>results</arg>
<doc>Fails if ``key`` is not found from ``dictionary``.</doc>
<status status="PASS" start="2024-04-30T19:11:00.749815" elapsed="0.000198"/>
</kw>
<kw name="Should Not Be Empty" owner="BuiltIn">
<msg time="2024-04-30T19:11:00.750435" level="INFO">Length is 2.</msg>
<arg>${json_data}</arg>
<doc>Verifies that the given item is not empty.</doc>
<status status="PASS" start="2024-04-30T19:11:00.750305" elapsed="0.000330"/>
</kw>
<kw name="Create List" owner="BuiltIn">
<msg time="2024-04-30T19:11:00.751082" level="INFO">${expected_keys} = ['gender', 'name', 'location', 'email', 'login']</msg>
<var>${expected_keys}</var>
<arg>gender</arg>
<arg>name</arg>
<arg>location</arg>
<arg>email</arg>
<arg>login</arg>
<doc>Returns a list containing given items.</doc>
<status status="PASS" start="2024-04-30T19:11:00.750931" elapsed="0.000175"/>
</kw>
<for flavor="IN">
<iter>
<kw name="Dictionary Should Contain Key" owner="Collections">
<msg time="2024-04-30T19:11:00.752128" level="INFO">False</msg>
<arg>${json_data['results'][0]}</arg>
<arg>${key}</arg>
<doc>Fails if ``key`` is not found from ``dictionary``.</doc>
<status status="PASS" start="2024-04-30T19:11:00.751702" elapsed="0.000465"/>
</kw>
<kw name="Log" owner="BuiltIn">
<msg time="2024-04-30T19:11:00.752840" level="INFO">{'gender': 'female', 'name': {'title': 'Miss', 'first': 'Fem', 'last': 'Lanser'}, 'location': {'street': {'number': 8863, 'name': 'De Sterkerij'}, 'city': 'Spijkenisse', 'state': 'Zuid-Holland', 'country': 'Netherlands', 'postcode': '6531 SK', 'coordinates': {'latitude': '38.3340', 'longitude': '88.6417'}, 'timezone': {'offset': '-4:00', 'description': 'Atlantic Time (Canada), Caracas, La Paz'}}, 'email': 'fem.lanser@example.com', 'login': {'uuid': '4624e6cf-5110-49c4-b13e-7e30328e1f84', 'username': 'whitekoala942', 'password': 'cola', 'salt': 'ggbLUqme', 'md5': 'ae9fcfd617a50da6534519d53148d672', 'sha1': '6fd1127c1b75357cdee4d11eaf22d1e8cb84f2e1', 'sha256': '90b0f13c4a6537587e40d002c8ba050e9f17feadd00eb9f6857c6f95de18bd8a'}, 'dob': {'date': '1957-05-30T01:19:10.059Z', 'age': 66}, 'registered': {'date': '2003-02-07T00:26:42.096Z', 'age': 21}, 'phone': '(0934) 843679', 'cell': '(06) 31556261', 'id': {'name': 'BSN', 'value': '74912192'}, 'picture': {'large': 'https://randomuser.me/api/portraits/women/24.jpg', 'medium': 'https://randomuser.me/api/portraits/med/women/24.jpg', 'thumbnail': 'https://randomuser.me/api/portraits/thumb/women/24.jpg'}, 'nat': 'NL'}</msg>
<arg>${json_data['results'][0]}</arg>
<doc>Logs the given message with the given level.</doc>
<status status="PASS" start="2024-04-30T19:11:00.752471" elapsed="0.000418"/>
</kw>
<kw name="Log" owner="BuiltIn">
<msg time="2024-04-30T19:11:00.753316" level="INFO">gender</msg>
<arg>${key}</arg>
<doc>Logs the given message with the given level.</doc>
<status status="PASS" start="2024-04-30T19:11:00.753188" elapsed="0.000166"/>
</kw>
<var name="${key}">gender</var>
<status status="PASS" start="2024-04-30T19:11:00.751576" elapsed="0.002011"/>
</iter>
<iter>
<kw name="Dictionary Should Contain Key" owner="Collections">
<msg time="2024-04-30T19:11:00.754321" level="INFO">False</msg>
<arg>${json_data['results'][0]}</arg>
<arg>${key}</arg>
<doc>Fails if ``key`` is not found from ``dictionary``.</doc>
<status status="PASS" start="2024-04-30T19:11:00.753891" elapsed="0.000471"/>
</kw>
<kw name="Log" owner="BuiltIn">
<msg time="2024-04-30T19:11:00.755074" level="INFO">{'gender': 'female', 'name': {'title': 'Miss', 'first': 'Fem', 'last': 'Lanser'}, 'location': {'street': {'number': 8863, 'name': 'De Sterkerij'}, 'city': 'Spijkenisse', 'state': 'Zuid-Holland', 'country': 'Netherlands', 'postcode': '6531 SK', 'coordinates': {'latitude': '38.3340', 'longitude': '88.6417'}, 'timezone': {'offset': '-4:00', 'description': 'Atlantic Time (Canada), Caracas, La Paz'}}, 'email': 'fem.lanser@example.com', 'login': {'uuid': '4624e6cf-5110-49c4-b13e-7e30328e1f84', 'username': 'whitekoala942', 'password': 'cola', 'salt': 'ggbLUqme', 'md5': 'ae9fcfd617a50da6534519d53148d672', 'sha1': '6fd1127c1b75357cdee4d11eaf22d1e8cb84f2e1', 'sha256': '90b0f13c4a6537587e40d002c8ba050e9f17feadd00eb9f6857c6f95de18bd8a'}, 'dob': {'date': '1957-05-30T01:19:10.059Z', 'age': 66}, 'registered': {'date': '2003-02-07T00:26:42.096Z', 'age': 21}, 'phone': '(0934) 843679', 'cell': '(06) 31556261', 'id': {'name': 'BSN', 'value': '74912192'}, 'picture': {'large': 'https://randomuser.me/api/portraits/women/24.jpg', 'medium': 'https://randomuser.me/api/portraits/med/women/24.jpg', 'thumbnail': 'https://randomuser.me/api/portraits/thumb/women/24.jpg'}, 'nat': 'NL'}</msg>
<arg>${json_data['results'][0]}</arg>
<doc>Logs the given message with the given level.</doc>
<status status="PASS" start="2024-04-30T19:11:00.754698" elapsed="0.000427"/>
</kw>
<kw name="Log" owner="BuiltIn">
<msg time="2024-04-30T19:11:00.755552" level="INFO">name</msg>
<arg>${key}</arg>
<doc>Logs the given message with the given level.</doc>
<status status="PASS" start="2024-04-30T19:11:00.755424" elapsed="0.000166"/>
</kw>
<var name="${key}">name</var>
<status status="PASS" start="2024-04-30T19:11:00.753776" elapsed="0.002027"/>
</iter>
<iter>
<kw name="Dictionary Should Contain Key" owner="Collections">
<msg time="2024-04-30T19:11:00.756479" level="INFO">False</msg>
<arg>${json_data['results'][0]}</arg>
<arg>${key}</arg>
<doc>Fails if ``key`` is not found from ``dictionary``.</doc>
<status status="PASS" start="2024-04-30T19:11:00.756093" elapsed="0.000424"/>
</kw>
<kw name="Log" owner="BuiltIn">
<msg time="2024-04-30T19:11:00.757169" level="INFO">{'gender': 'female', 'name': {'title': 'Miss', 'first': 'Fem', 'last': 'Lanser'}, 'location': {'street': {'number': 8863, 'name': 'De Sterkerij'}, 'city': 'Spijkenisse', 'state': 'Zuid-Holland', 'country': 'Netherlands', 'postcode': '6531 SK', 'coordinates': {'latitude': '38.3340', 'longitude': '88.6417'}, 'timezone': {'offset': '-4:00', 'description': 'Atlantic Time (Canada), Caracas, La Paz'}}, 'email': 'fem.lanser@example.com', 'login': {'uuid': '4624e6cf-5110-49c4-b13e-7e30328e1f84', 'username': 'whitekoala942', 'password': 'cola', 'salt': 'ggbLUqme', 'md5': 'ae9fcfd617a50da6534519d53148d672', 'sha1': '6fd1127c1b75357cdee4d11eaf22d1e8cb84f2e1', 'sha256': '90b0f13c4a6537587e40d002c8ba050e9f17feadd00eb9f6857c6f95de18bd8a'}, 'dob': {'date': '1957-05-30T01:19:10.059Z', 'age': 66}, 'registered': {'date': '2003-02-07T00:26:42.096Z', 'age': 21}, 'phone': '(0934) 843679', 'cell': '(06) 31556261', 'id': {'name': 'BSN', 'value': '74912192'}, 'picture': {'large': 'https://randomuser.me/api/portraits/women/24.jpg', 'medium': 'https://randomuser.me/api/portraits/med/women/24.jpg', 'thumbnail': 'https://randomuser.me/api/portraits/thumb/women/24.jpg'}, 'nat': 'NL'}</msg>
<arg>${json_data['results'][0]}</arg>
<doc>Logs the given message with the given level.</doc>
<status status="PASS" start="2024-04-30T19:11:00.756812" elapsed="0.000405"/>
</kw>
<kw name="Log" owner="BuiltIn">
<msg time="2024-04-30T19:11:00.757656" level="INFO">location</msg>
<arg>${key}</arg>
<doc>Logs the given message with the given level.</doc>
<status status="PASS" start="2024-04-30T19:11:00.757508" elapsed="0.000188"/>
</kw>
<var name="${key}">location</var>
<status status="PASS" start="2024-04-30T19:11:00.755982" elapsed="0.001930"/>
</iter>
<iter>
<kw name="Dictionary Should Contain Key" owner="Collections">
<msg time="2024-04-30T19:11:00.758578" level="INFO">False</msg>
<arg>${json_data['results'][0]}</arg>
<arg>${key}</arg>
<doc>Fails if ``key`` is not found from ``dictionary``.</doc>
<status status="PASS" start="2024-04-30T19:11:00.758192" elapsed="0.000424"/>
</kw>
<kw name="Log" owner="BuiltIn">
<msg time="2024-04-30T19:11:00.759275" level="INFO">{'gender': 'female', 'name': {'title': 'Miss', 'first': 'Fem', 'last': 'Lanser'}, 'location': {'street': {'number': 8863, 'name': 'De Sterkerij'}, 'city': 'Spijkenisse', 'state': 'Zuid-Holland', 'country': 'Netherlands', 'postcode': '6531 SK', 'coordinates': {'latitude': '38.3340', 'longitude': '88.6417'}, 'timezone': {'offset': '-4:00', 'description': 'Atlantic Time (Canada), Caracas, La Paz'}}, 'email': 'fem.lanser@example.com', 'login': {'uuid': '4624e6cf-5110-49c4-b13e-7e30328e1f84', 'username': 'whitekoala942', 'password': 'cola', 'salt': 'ggbLUqme', 'md5': 'ae9fcfd617a50da6534519d53148d672', 'sha1': '6fd1127c1b75357cdee4d11eaf22d1e8cb84f2e1', 'sha256': '90b0f13c4a6537587e40d002c8ba050e9f17feadd00eb9f6857c6f95de18bd8a'}, 'dob': {'date': '1957-05-30T01:19:10.059Z', 'age': 66}, 'registered': {'date': '2003-02-07T00:26:42.096Z', 'age': 21}, 'phone': '(0934) 843679', 'cell': '(06) 31556261', 'id': {'name': 'BSN', 'value': '74912192'}, 'picture': {'large': 'https://randomuser.me/api/portraits/women/24.jpg', 'medium': 'https://randomuser.me/api/portraits/med/women/24.jpg', 'thumbnail': 'https://randomuser.me/api/portraits/thumb/women/24.jpg'}, 'nat': 'NL'}</msg>
<arg>${json_data['results'][0]}</arg>
<doc>Logs the given message with the given level.</doc>
<status status="PASS" start="2024-04-30T19:11:00.758916" elapsed="0.000408"/>
</kw>
<kw name="Log" owner="BuiltIn">
<msg time="2024-04-30T19:11:00.759740" level="INFO">email</msg>
<arg>${key}</arg>
<doc>Logs the given message with the given level.</doc>
<status status="PASS" start="2024-04-30T19:11:00.759613" elapsed="0.000166"/>
</kw>
<var name="${key}">email</var>
<status status="PASS" start="2024-04-30T19:11:00.758083" elapsed="0.001925"/>
</iter>
<iter>
<kw name="Dictionary Should Contain Key" owner="Collections">
<msg time="2024-04-30T19:11:00.760677" level="INFO">False</msg>
<arg>${json_data['results'][0]}</arg>
<arg>${key}</arg>
<doc>Fails if ``key`` is not found from ``dictionary``.</doc>
<status status="PASS" start="2024-04-30T19:11:00.760293" elapsed="0.000422"/>
</kw>
<kw name="Log" owner="BuiltIn">
<msg time="2024-04-30T19:11:00.761375" level="INFO">{'gender': 'female', 'name': {'title': 'Miss', 'first': 'Fem', 'last': 'Lanser'}, 'location': {'street': {'number': 8863, 'name': 'De Sterkerij'}, 'city': 'Spijkenisse', 'state': 'Zuid-Holland', 'country': 'Netherlands', 'postcode': '6531 SK', 'coordinates': {'latitude': '38.3340', 'longitude': '88.6417'}, 'timezone': {'offset': '-4:00', 'description': 'Atlantic Time (Canada), Caracas, La Paz'}}, 'email': 'fem.lanser@example.com', 'login': {'uuid': '4624e6cf-5110-49c4-b13e-7e30328e1f84', 'username': 'whitekoala942', 'password': 'cola', 'salt': 'ggbLUqme', 'md5': 'ae9fcfd617a50da6534519d53148d672', 'sha1': '6fd1127c1b75357cdee4d11eaf22d1e8cb84f2e1', 'sha256': '90b0f13c4a6537587e40d002c8ba050e9f17feadd00eb9f6857c6f95de18bd8a'}, 'dob': {'date': '1957-05-30T01:19:10.059Z', 'age': 66}, 'registered': {'date': '2003-02-07T00:26:42.096Z', 'age': 21}, 'phone': '(0934) 843679', 'cell': '(06) 31556261', 'id': {'name': 'BSN', 'value': '74912192'}, 'picture': {'large': 'https://randomuser.me/api/portraits/women/24.jpg', 'medium': 'https://randomuser.me/api/portraits/med/women/24.jpg', 'thumbnail': 'https://randomuser.me/api/portraits/thumb/women/24.jpg'}, 'nat': 'NL'}</msg>
<arg>${json_data['results'][0]}</arg>
<doc>Logs the given message with the given level.</doc>
<status status="PASS" start="2024-04-30T19:11:00.761008" elapsed="0.000416"/>
</kw>
<kw name="Log" owner="BuiltIn">
<msg time="2024-04-30T19:11:00.761874" level="INFO">login</msg>
<arg>${key}</arg>
<doc>Logs the given message with the given level.</doc>
<status status="PASS" start="2024-04-30T19:11:00.761741" elapsed="0.000172"/>
</kw>
<var name="${key}">login</var>
<status status="PASS" start="2024-04-30T19:11:00.760182" elapsed="0.001967"/>
</iter>
<var>${key}</var>
<value>@{expected_keys}</value>
<status status="PASS" start="2024-04-30T19:11:00.751375" elapsed="0.010897"/>
</for>
<kw name="Create List" owner="BuiltIn">
<msg time="2024-04-30T19:11:00.762602" level="INFO">${expected_keysTwo} = ['username', 'password']</msg>
<var>${expected_keysTwo}</var>
<arg>username</arg>
<arg>password</arg>
<doc>Returns a list containing given items.</doc>
<status status="PASS" start="2024-04-30T19:11:00.762465" elapsed="0.000161"/>
</kw>
<for flavor="IN">
<iter>
<kw name="Dictionary Should Contain Key" owner="Collections">
<msg time="2024-04-30T19:11:00.763516" level="INFO">False</msg>
<arg>${json_data['results'][0]['login']}</arg>
<arg>${keyTwo}</arg>
<doc>Fails if ``key`` is not found from ``dictionary``.</doc>
<status status="PASS" start="2024-04-30T19:11:00.763121" elapsed="0.000433"/>
</kw>
<kw name="Dictionary Should Contain Key" owner="Collections">
<msg time="2024-04-30T19:11:00.764237" level="INFO">False</msg>
<arg>${json_data['results'][0]['login']}</arg>
<arg>${keyTwo}</arg>
<doc>Fails if ``key`` is not found from ``dictionary``.</doc>
<status status="PASS" start="2024-04-30T19:11:00.763854" elapsed="0.000420"/>
</kw>
<kw name="Log" owner="BuiltIn">
<msg time="2024-04-30T19:11:00.764688" level="INFO">username</msg>
<arg>${keyTwo}</arg>
<doc>Logs the given message with the given level.</doc>
<status status="PASS" start="2024-04-30T19:11:00.764562" elapsed="0.000169"/>
</kw>
<var name="${keyTwo}">username</var>
<status status="PASS" start="2024-04-30T19:11:00.763012" elapsed="0.001939"/>
</iter>
<iter>
<kw name="Dictionary Should Contain Key" owner="Collections">
<msg time="2024-04-30T19:11:00.765719" level="INFO">False</msg>
<arg>${json_data['results'][0]['login']}</arg>
<arg>${keyTwo}</arg>
<doc>Fails if ``key`` is not found from ``dictionary``.</doc>
<status status="PASS" start="2024-04-30T19:11:00.765233" elapsed="0.000527"/>
</kw>
<kw name="Dictionary Should Contain Key" owner="Collections">
<msg time="2024-04-30T19:11:00.766445" level="INFO">False</msg>
<arg>${json_data['results'][0]['login']}</arg>
<arg>${keyTwo}</arg>
<doc>Fails if ``key`` is not found from ``dictionary``.</doc>
<status status="PASS" start="2024-04-30T19:11:00.766065" elapsed="0.000416"/>
</kw>
<kw name="Log" owner="BuiltIn">
<msg time="2024-04-30T19:11:00.766896" level="INFO">password</msg>
<arg>${keyTwo}</arg>
<doc>Logs the given message with the given level.</doc>
<status status="PASS" start="2024-04-30T19:11:00.766770" elapsed="0.000164"/>
</kw>
<var name="${keyTwo}">password</var>
<status status="PASS" start="2024-04-30T19:11:00.765126" elapsed="0.002032"/>
</iter>
<var>${keyTwo}</var>
<value>@{expected_keysTwo}</value>
<status status="PASS" start="2024-04-30T19:11:00.762861" elapsed="0.004416"/>
</for>
<status status="PASS" start="2024-04-30T19:11:00.625339" elapsed="0.142080"/>
</kw>
<doc>Testa a estrutura da resposta da API.</doc>
<tag>testeEstruturaResposta</tag>
<status status="PASS" start="2024-04-30T19:11:00.624820" elapsed="0.142757"/>
</test>
<test id="s1-s1-t4" name="Validar tipos de dados" line="28">
<kw name="Teste de Tipos de Dados" owner="random-user-service">
<kw name="GET On Session" owner="RequestsLibrary">
<msg time="2024-04-30T19:11:00.862731" level="INFO">GET Request : url=https://randomuser.me/api 
 path_url=/api 
 headers={'User-Agent': 'python-requests/2.31.0', 'Accept-Encoding': 'gzip, deflate', 'Accept': '*/*', 'Connection': 'keep-alive'} 
 body=None 
 </msg>
<msg time="2024-04-30T19:11:00.862836" level="INFO">GET Response : url=https://randomuser.me/api 
 status=200, reason=OK 
 headers={'Date': 'Tue, 30 Apr 2024 19:11:00 GMT', 'Content-Type': 'application/json; charset=utf-8', 'Transfer-Encoding': 'chunked', 'Connection': 'keep-alive', 'X-Powered-By': 'Express', 'Access-Control-Allow-Origin': '*', 'Cache-Control': 'no-cache', 'ETag': 'W/"486-/6wtd92hNog8Cw1F+qPxVLEaMKE"', 'Vary': 'Accept-Encoding', 'Content-Encoding': 'gzip', 'CF-Cache-Status': 'DYNAMIC', 'Report-To': '{"endpoints":[{"url":"https:\\/\\/a.nel.cloudflare.com\\/report\\/v4?s=XHdXKD4D9kSh3uP8pqOqwMtpFO4TwTnQZFeaUeNgQ3Bjgp8O7jJ6eHxRB4nPKMKkDHI0g%2BTXiNCWvzmZy%2F%2BWhWoRdhSJ5BtGi9I%2F65xDBNUd7%2BOLXvFVuCSBBBOO%2BuPn"}],"group":"cf-nel","max_age":604800}', 'NEL': '{"success_fraction":0,"report_to":"cf-nel","max_age":604800}', 'Server': 'cloudflare', 'CF-RAY': '87c9d5cddb6a2511-SJC', 'alt-svc': 'h3=":443"; ma=86400'} 
 body={"results":[{"gender":"male","name":{"title":"Mr","first":"Kyle","last":"Nelson"},"location":{"street":{"number":5404,"name":"Robinson Rd"},"city":"Plano","state":"Illinois","country":"United States","postcode":42788,"coordinates":{"latitude":"84.0207","longitude":"-26.3563"},"timezone":{"offset":"-3:00","description":"Brazil, Buenos Aires, Georgetown"}},"email":"kyle.nelson@example.com","login":{"uuid":"9a58ba35-88b3-4c16-891e-33e7a558e333","username":"bigtiger307","password":"major","salt":"FGTpWfxr","md5":"7fa8754fa09bd2e2ceb73b53a8d1c9f9","sha1":"9a676d033d7dfb1b24af9aadc48c611c2bad2e4e","sha256":"419f13c353905c4ac0018205ed544dced949d67c4c72edf578e5e0b5e162bd25"},"dob":{"date":"1958-08-26T11:37:05.740Z","age":65},"registered":{"date":"2020-05-12T11:29:46.662Z","age":3},"phone":"(733) 692-2137","cell":"(952) 832-8789","id":{"name":"SSN","value":"659-24-9499"},"picture":{"large":"https://randomuser.me/api/portraits/men/48.jpg","medium":"https://randomuser.me/api/portraits/med/men/48.jpg","thumbnail":"https://randomuser.me/api/portraits/thumb/men/48.jpg"},"nat":"US"}],"info":{"seed":"baffc6d80be40400","results":1,"page":1,"version":"1.4"}} 
 </msg>
<msg time="2024-04-30T19:11:00.862912" level="INFO">/opt/hostedtoolcache/Python/3.12.3/x64/lib/python3.12/site-packages/urllib3/connectionpool.py:1103: InsecureRequestWarning: Unverified HTTPS request is being made to host 'randomuser.me'. Adding certificate verification is strongly advised. See: https://urllib3.readthedocs.io/en/latest/advanced-usage.html#tls-warnings
  warnings.warn(</msg>
<msg time="2024-04-30T19:11:00.863046" level="INFO">${response} = &lt;Response [200]&gt;</msg>
<var>${response}</var>
<arg>consultarAPI</arg>
<arg>/api</arg>
<doc>Sends a GET request on a previously created HTTP Session.</doc>
<status status="PASS" start="2024-04-30T19:11:00.770042" elapsed="0.093052"/>
</kw>
<kw name="Set Variable" owner="BuiltIn">
<msg time="2024-04-30T19:11:00.864120" level="INFO">${json_data} = {'results': [{'gender': 'male', 'name': {'title': 'Mr', 'first': 'Kyle', 'last': 'Nelson'}, 'location': {'street': {'number': 5404, 'name': 'Robinson Rd'}, 'city': 'Plano', 'state': 'Illinois', 'count...</msg>
<var>${json_data}</var>
<arg>${response.json()}</arg>
<doc>Returns the given values which can then be assigned to a variables.</doc>
<status status="PASS" start="2024-04-30T19:11:00.863578" elapsed="0.000572"/>
</kw>
<kw name="Log" owner="BuiltIn">
<msg time="2024-04-30T19:11:00.864659" level="INFO">{'results': [{'gender': 'male', 'name': {'title': 'Mr', 'first': 'Kyle', 'last': 'Nelson'}, 'location': {'street': {'number': 5404, 'name': 'Robinson Rd'}, 'city': 'Plano', 'state': 'Illinois', 'country': 'United States', 'postcode': 42788, 'coordinates': {'latitude': '84.0207', 'longitude': '-26.3563'}, 'timezone': {'offset': '-3:00', 'description': 'Brazil, Buenos Aires, Georgetown'}}, 'email': 'kyle.nelson@example.com', 'login': {'uuid': '9a58ba35-88b3-4c16-891e-33e7a558e333', 'username': 'bigtiger307', 'password': 'major', 'salt': 'FGTpWfxr', 'md5': '7fa8754fa09bd2e2ceb73b53a8d1c9f9', 'sha1': '9a676d033d7dfb1b24af9aadc48c611c2bad2e4e', 'sha256': '419f13c353905c4ac0018205ed544dced949d67c4c72edf578e5e0b5e162bd25'}, 'dob': {'date': '1958-08-26T11:37:05.740Z', 'age': 65}, 'registered': {'date': '2020-05-12T11:29:46.662Z', 'age': 3}, 'phone': '(733) 692-2137', 'cell': '(952) 832-8789', 'id': {'name': 'SSN', 'value': '659-24-9499'}, 'picture': {'large': 'https://randomuser.me/api/portraits/men/48.jpg', 'medium': 'https://randomuser.me/api/portraits/med/men/48.jpg', 'thumbnail': 'https://randomuser.me/api/portraits/thumb/men/48.jpg'}, 'nat': 'US'}], 'info': {'seed': 'baffc6d80be40400', 'results': 1, 'page': 1, 'version': '1.4'}}</msg>
<arg>${json_data}</arg>
<doc>Logs the given message with the given level.</doc>
<status status="PASS" start="2024-04-30T19:11:00.864494" elapsed="0.000250"/>
</kw>
<kw name="Should Be String" owner="String">
<arg>${json_data['results'][0]['gender']}</arg>
<doc>Fails if the given ``item`` is not a string.</doc>
<status status="PASS" start="2024-04-30T19:11:00.865053" elapsed="0.000371"/>
</kw>
<kw name="Should Match Regexp" owner="BuiltIn">
<arg>${json_data['results'][0]['email']}</arg>
<arg>^[a-zA-Z0-9._%+-]+@[a-zA-Z0-9.-]+\.[a-zA-Z]{2,}$</arg>
<doc>Fails if ``string`` does not match ``pattern`` as a regular expression.</doc>
<status status="PASS" start="2024-04-30T19:11:00.865664" elapsed="0.000534"/>
</kw>
<kw name="Should Match Regexp" owner="BuiltIn">
<arg>${json_data['results'][0]['dob']['date']}</arg>
<arg>\\d{4}-\\d{2}-\\d{2}T\\d{2}:\\d{2}:\\d{2}\\.\\d{3}Z</arg>
<doc>Fails if ``string`` does not match ``pattern`` as a regular expression.</doc>
<status status="PASS" start="2024-04-30T19:11:00.866396" elapsed="0.000489"/>
</kw>
<kw name="Should Match Regexp" owner="BuiltIn">
<arg>${json_data['results'][0]['registered']['date']}</arg>
<arg>\\d{4}-\\d{2}-\\d{2}T\\d{2}:\\d{2}:\\d{2}\\.\\d{3}Z</arg>
<doc>Fails if ``string`` does not match ``pattern`` as a regular expression.</doc>
<status status="PASS" start="2024-04-30T19:11:00.867090" elapsed="0.000374"/>
</kw>
<kw name="Should Match Regexp" owner="BuiltIn">
<arg>${json_data['results'][0]['picture']['large']}</arg>
<arg>^https?://.*\.(?:png|jpe?g|gif|bmp)$</arg>
<doc>Fails if ``string`` does not match ``pattern`` as a regular expression.</doc>
<status status="PASS" start="2024-04-30T19:11:00.867652" elapsed="0.000469"/>
</kw>
<kw name="Should Match Regexp" owner="BuiltIn">
<arg>${json_data['results'][0]['picture']['medium']}</arg>
<arg>^https?://.*\.(?:png|jpe?g|gif|bmp)$</arg>
<doc>Fails if ``string`` does not match ``pattern`` as a regular expression.</doc>
<status status="PASS" start="2024-04-30T19:11:00.868307" elapsed="0.000361"/>
</kw>
<kw name="Should Match Regexp" owner="BuiltIn">
<arg>${json_data['results'][0]['picture']['thumbnail']}</arg>
<arg>^https?://.*\.(?:png|jpe?g|gif|bmp)$</arg>
<doc>Fails if ``string`` does not match ``pattern`` as a regular expression.</doc>
<status status="PASS" start="2024-04-30T19:11:00.868857" elapsed="0.000349"/>
</kw>
<kw name="Log" owner="BuiltIn">
<msg time="2024-04-30T19:11:00.869740" level="INFO">{'large': 'https://randomuser.me/api/portraits/men/48.jpg', 'medium': 'https://randomuser.me/api/portraits/med/men/48.jpg', 'thumbnail': 'https://randomuser.me/api/portraits/thumb/men/48.jpg'}</msg>
<arg>${json_data['results'][0]['picture']}</arg>
<doc>Logs the given message with the given level.</doc>
<status status="PASS" start="2024-04-30T19:11:00.869387" elapsed="0.000394"/>
</kw>
<status status="PASS" start="2024-04-30T19:11:00.769813" elapsed="0.100229"/>
</kw>
<kw name="Teste de Tipos de Dados - Postcode" owner="random-user-service">
<kw name="GET On Session" owner="RequestsLibrary">
<msg time="2024-04-30T19:11:00.961249" level="INFO">GET Request : url=https://randomuser.me/api 
 path_url=/api 
 headers={'User-Agent': 'python-requests/2.31.0', 'Accept-Encoding': 'gzip, deflate', 'Accept': '*/*', 'Connection': 'keep-alive'} 
 body=None 
 </msg>
<msg time="2024-04-30T19:11:00.961351" level="INFO">GET Response : url=https://randomuser.me/api 
 status=200, reason=OK 
 headers={'Date': 'Tue, 30 Apr 2024 19:11:00 GMT', 'Content-Type': 'application/json; charset=utf-8', 'Transfer-Encoding': 'chunked', 'Connection': 'keep-alive', 'X-Powered-By': 'Express', 'Access-Control-Allow-Origin': '*', 'Cache-Control': 'no-cache', 'ETag': 'W/"471-VxjpVfFkk0eCtbKALZH4RhJP1uo"', 'Vary': 'Accept-Encoding', 'Content-Encoding': 'gzip', 'CF-Cache-Status': 'DYNAMIC', 'Report-To': '{"endpoints":[{"url":"https:\\/\\/a.nel.cloudflare.com\\/report\\/v4?s=q9hikz1FKw%2FwKHJCWQLJezdvogsPfj%2BdWSK3UM6uhnw8uoGdTQYA7IyFSIWT6EiAcnvSnQQMvNi6ElXssQsZ%2Fo0tC2UHKn5gVRQ2Qen5f0hs72KzZ8oRFKQOwVTgJz%2BX"}],"group":"cf-nel","max_age":604800}', 'NEL': '{"success_fraction":0,"report_to":"cf-nel","max_age":604800}', 'Server': 'cloudflare', 'CF-RAY': '87c9d5ce7bff2511-SJC', 'alt-svc': 'h3=":443"; ma=86400'} 
 body={"results":[{"gender":"female","name":{"title":"Mrs","first":"مهرسا","last":"احمدی"},"location":{"street":{"number":5177,"name":"میدان سلماس"},"city":"قم","state":"گیلان","country":"Iran","postcode":39743,"coordinates":{"latitude":"14.0801","longitude":"17.9647"},"timezone":{"offset":"-10:00","description":"Hawaii"}},"email":"mhrs.hmdy@example.com","login":{"uuid":"b0618bbf-5790-4537-aacb-836d9fd1c6cf","username":"sadleopard285","password":"sean","salt":"BKculCQP","md5":"f4ae68041b5d387c709df6da238fe8ab","sha1":"b4727d966c937decba90a20b5fe8a311d036007b","sha256":"91ed920197dc77b271c7169224f0579163ef0ac193d9800e7d72bba91d960aa9"},"dob":{"date":"1969-06-02T20:04:57.253Z","age":54},"registered":{"date":"2019-06-12T18:59:26.182Z","age":4},"phone":"098-07379879","cell":"0939-119-7836","id":{"name":"","value":null},"picture":{"large":"https://randomuser.me/api/portraits/women/57.jpg","medium":"https://randomuser.me/api/portraits/med/women/57.jpg","thumbnail":"https://randomuser.me/api/portraits/thumb/women/57.jpg"},"nat":"IR"}],"info":{"seed":"b861a804371150c7","results":1,"page":1,"version":"1.4"}} 
 </msg>
<msg time="2024-04-30T19:11:00.961476" level="INFO">/opt/hostedtoolcache/Python/3.12.3/x64/lib/python3.12/site-packages/urllib3/connectionpool.py:1103: InsecureRequestWarning: Unverified HTTPS request is being made to host 'randomuser.me'. Adding certificate verification is strongly advised. See: https://urllib3.readthedocs.io/en/latest/advanced-usage.html#tls-warnings
  warnings.warn(</msg>
<msg time="2024-04-30T19:11:00.961690" level="INFO">${response} = &lt;Response [200]&gt;</msg>
<var>${response}</var>
<arg>consultarAPI</arg>
<arg>/api</arg>
<doc>Sends a GET request on a previously created HTTP Session.</doc>
<status status="PASS" start="2024-04-30T19:11:00.870513" elapsed="0.091215"/>
</kw>
<kw name="Set Variable" owner="BuiltIn">
<msg time="2024-04-30T19:11:00.962842" level="INFO">${json_data} = {'results': [{'gender': 'female', 'name': {'title': 'Mrs', 'first': 'مهرسا', 'last': 'احمدی'}, 'location': {'street': {'number': 5177, 'name': 'میدان سلماس'}, 'city': 'قم', 'state': 'گیلان', 'country'...</msg>
<var>${json_data}</var>
<arg>${response.json()}</arg>
<doc>Returns the given values which can then be assigned to a variables.</doc>
<status status="PASS" start="2024-04-30T19:11:00.962274" elapsed="0.000598"/>
</kw>
<kw name="Log" owner="BuiltIn">
<msg time="2024-04-30T19:11:00.963356" level="INFO">{'results': [{'gender': 'female', 'name': {'title': 'Mrs', 'first': 'مهرسا', 'last': 'احمدی'}, 'location': {'street': {'number': 5177, 'name': 'میدان سلماس'}, 'city': 'قم', 'state': 'گیلان', 'country': 'Iran', 'postcode': 39743, 'coordinates': {'latitude': '14.0801', 'longitude': '17.9647'}, 'timezone': {'offset': '-10:00', 'description': 'Hawaii'}}, 'email': 'mhrs.hmdy@example.com', 'login': {'uuid': 'b0618bbf-5790-4537-aacb-836d9fd1c6cf', 'username': 'sadleopard285', 'password': 'sean', 'salt': 'BKculCQP', 'md5': 'f4ae68041b5d387c709df6da238fe8ab', 'sha1': 'b4727d966c937decba90a20b5fe8a311d036007b', 'sha256': '91ed920197dc77b271c7169224f0579163ef0ac193d9800e7d72bba91d960aa9'}, 'dob': {'date': '1969-06-02T20:04:57.253Z', 'age': 54}, 'registered': {'date': '2019-06-12T18:59:26.182Z', 'age': 4}, 'phone': '098-07379879', 'cell': '0939-119-7836', 'id': {'name': '', 'value': None}, 'picture': {'large': 'https://randomuser.me/api/portraits/women/57.jpg', 'medium': 'https://randomuser.me/api/portraits/med/women/57.jpg', 'thumbnail': 'https://randomuser.me/api/portraits/thumb/women/57.jpg'}, 'nat': 'IR'}], 'info': {'seed': 'b861a804371150c7', 'results': 1, 'page': 1, 'version': '1.4'}}</msg>
<arg>${json_data}</arg>
<doc>Logs the given message with the given level.</doc>
<status status="PASS" start="2024-04-30T19:11:00.963194" elapsed="0.000248"/>
</kw>
<kw name="Should Be Equal As Numbers" owner="BuiltIn">
<arg>${json_data['results'][0]['location']['postcode']}</arg>
<arg>${json_data['results'][0]['location']['postcode']}</arg>
<doc>Fails if objects are unequal after converting them to real numbers.</doc>
<status status="PASS" start="2024-04-30T19:11:00.963933" elapsed="0.000628"/>
</kw>
<kw name="Log" owner="BuiltIn">
<msg time="2024-04-30T19:11:00.965085" level="INFO">39743</msg>
<arg>${json_data['results'][0]['location']['postcode']}</arg>
<doc>Logs the given message with the given level.</doc>
<status status="PASS" start="2024-04-30T19:11:00.964754" elapsed="0.000370"/>
</kw>
<status status="PASS" start="2024-04-30T19:11:00.870272" elapsed="0.095104"/>
</kw>
<doc>Testa se os tipos de dados na resposta da API estão corretos.</doc>
<tag>testeTiposDados</tag>
<status status="PASS" start="2024-04-30T19:11:00.769342" elapsed="0.196198"/>
</test>
<test id="s1-s1-t5" name="Validar conteudo" line="35">
<kw name="Teste de Tipos de Conteudo" owner="random-user-service">
<kw name="GET On Session" owner="RequestsLibrary">
<msg time="2024-04-30T19:11:01.069101" level="INFO">GET Request : url=https://randomuser.me/api 
 path_url=/api 
 headers={'User-Agent': 'python-requests/2.31.0', 'Accept-Encoding': 'gzip, deflate', 'Accept': '*/*', 'Connection': 'keep-alive'} 
 body=None 
 </msg>
<msg time="2024-04-30T19:11:01.069221" level="INFO">GET Response : url=https://randomuser.me/api 
 status=200, reason=OK 
 headers={'Date': 'Tue, 30 Apr 2024 19:11:01 GMT', 'Content-Type': 'application/json; charset=utf-8', 'Transfer-Encoding': 'chunked', 'Connection': 'keep-alive', 'X-Powered-By': 'Express', 'Access-Control-Allow-Origin': '*', 'Cache-Control': 'no-cache', 'ETag': 'W/"472-e8rF9MMiHZ9qHPKxy/N0fg17+sM"', 'Vary': 'Accept-Encoding', 'Content-Encoding': 'gzip', 'CF-Cache-Status': 'DYNAMIC', 'Report-To': '{"endpoints":[{"url":"https:\\/\\/a.nel.cloudflare.com\\/report\\/v4?s=Hf2idlhXINFMkOBgJSTjWGjYf2YQQBbjFG5NUPtQMr9%2FcKHX76RKPTnbnalc0F%2BKh6OXBgf5hbvBOvU7l7NWbvtwtiLlJlbP3u2mZqc%2BjYR%2FIHOa9tYyG3cw%2Fi%2FXCp4M"}],"group":"cf-nel","max_age":604800}', 'NEL': '{"success_fraction":0,"report_to":"cf-nel","max_age":604800}', 'Server': 'cloudflare', 'CF-RAY': '87c9d5cf1cad2511-SJC', 'alt-svc': 'h3=":443"; ma=86400'} 
 body={"results":[{"gender":"male","name":{"title":"Mr","first":"Jerry","last":"Ward"},"location":{"street":{"number":7022,"name":"Dame Street"},"city":"Clonmel","state":"Longford","country":"Ireland","postcode":67888,"coordinates":{"latitude":"-2.2041","longitude":"-173.5315"},"timezone":{"offset":"-11:00","description":"Midway Island, Samoa"}},"email":"jerry.ward@example.com","login":{"uuid":"7e0b249a-e7ef-4daa-855d-f366b373acf2","username":"greensnake954","password":"edgar","salt":"3D392PPY","md5":"8cfa49d893dfede51f5cbc4c30a1de45","sha1":"0150d02f6ea5b560b16f4fdfc3d45d77519a8626","sha256":"e27864597bf939f9a1d86b86b581dce1d5eec6158f292b233de30355617c994d"},"dob":{"date":"1956-09-30T23:06:05.085Z","age":67},"registered":{"date":"2010-12-23T13:53:33.485Z","age":13},"phone":"061-242-6791","cell":"081-905-6758","id":{"name":"PPS","value":"6196463T"},"picture":{"large":"https://randomuser.me/api/portraits/men/41.jpg","medium":"https://randomuser.me/api/portraits/med/men/41.jpg","thumbnail":"https://randomuser.me/api/portraits/thumb/men/41.jpg"},"nat":"IE"}],"info":{"seed":"7664dd3bbee81418","results":1,"page":1,"version":"1.4"}} 
 </msg>
<msg time="2024-04-30T19:11:01.069294" level="INFO">/opt/hostedtoolcache/Python/3.12.3/x64/lib/python3.12/site-packages/urllib3/connectionpool.py:1103: InsecureRequestWarning: Unverified HTTPS request is being made to host 'randomuser.me'. Adding certificate verification is strongly advised. See: https://urllib3.readthedocs.io/en/latest/advanced-usage.html#tls-warnings
  warnings.warn(</msg>
<msg time="2024-04-30T19:11:01.069421" level="INFO">${response} = &lt;Response [200]&gt;</msg>
<var>${response}</var>
<arg>consultarAPI</arg>
<arg>/api</arg>
<doc>Sends a GET request on a previously created HTTP Session.</doc>
<status status="PASS" start="2024-04-30T19:11:00.968067" elapsed="0.101394"/>
</kw>
<kw name="Set Variable" owner="BuiltIn">
<msg time="2024-04-30T19:11:01.070677" level="INFO">${json_data} = {'results': [{'gender': 'male', 'name': {'title': 'Mr', 'first': 'Jerry', 'last': 'Ward'}, 'location': {'street': {'number': 7022, 'name': 'Dame Street'}, 'city': 'Clonmel', 'state': 'Longford', 'coun...</msg>
<var>${json_data}</var>
<arg>${response.json()}</arg>
<doc>Returns the given values which can then be assigned to a variables.</doc>
<status status="PASS" start="2024-04-30T19:11:01.070125" elapsed="0.000580"/>
</kw>
<kw name="Set Variable" owner="BuiltIn">
<msg time="2024-04-30T19:11:01.071393" level="INFO">${name_title} = Mr</msg>
<var>${name_title}</var>
<arg>${json_data["results"][0]["name"]["title"]}</arg>
<doc>Returns the given values which can then be assigned to a variables.</doc>
<status status="PASS" start="2024-04-30T19:11:01.071008" elapsed="0.000410"/>
</kw>
<kw name="Create List" owner="BuiltIn">
<msg time="2024-04-30T19:11:01.071869" level="INFO">${allowed_titles} = ['Mr', 'Ms', 'Miss', 'Mrs', 'Madame', 'Monsieur']</msg>
<var>${allowed_titles}</var>
<arg>Mr</arg>
<arg>Ms</arg>
<arg>Miss</arg>
<arg>Mrs</arg>
<arg>Madame</arg>
<arg>Monsieur</arg>
<doc>Returns a list containing given items.</doc>
<status status="PASS" start="2024-04-30T19:11:01.071720" elapsed="0.000173"/>
</kw>
<kw name="List Should Contain Value" owner="Collections">
<msg time="2024-04-30T19:11:01.072364" level="INFO">False</msg>
<arg>${allowed_titles}</arg>
<arg>${name_title}</arg>
<doc>Fails if the ``value`` is not found from ``list``.</doc>
<status status="PASS" start="2024-04-30T19:11:01.072191" elapsed="0.000208"/>
</kw>
<kw name="Set Variable" owner="BuiltIn">
<msg time="2024-04-30T19:11:01.073062" level="INFO">${name_country} = IE</msg>
<var>${name_country}</var>
<arg>${json_data["results"][0]["nat"]}</arg>
<doc>Returns the given values which can then be assigned to a variables.</doc>
<status status="PASS" start="2024-04-30T19:11:01.072683" elapsed="0.000404"/>
</kw>
<kw name="Create List" owner="BuiltIn">
<msg time="2024-04-30T19:11:01.073997" level="INFO">${list_country} = ['AD', 'AE', 'AF', 'AG', 'AI', 'AL', 'AM', 'AO', 'AQ', 'AR', 'AS', 'AT', 'AU', 'AW', 'AX', 'AZ', 'BA', 'BB', 'BD', 'BE', 'BF', 'BG', 'BH', 'BI', 'BJ', 'BL', 'BM', 'BN', 'BO', 'BQ', 'BR', 'BS', 'BT', '...</msg>
<var>${list_country}</var>
<arg>AD</arg>
<arg>AE</arg>
<arg>AF</arg>
<arg>AG</arg>
<arg>AI</arg>
<arg>AL</arg>
<arg>AM</arg>
<arg>AO</arg>
<arg>AQ</arg>
<arg>AR</arg>
<arg>AS</arg>
<arg>AT</arg>
<arg>AU</arg>
<arg>AW</arg>
<arg>AX</arg>
<arg>AZ</arg>
<arg>BA</arg>
<arg>BB</arg>
<arg>BD</arg>
<arg>BE</arg>
<arg>BF</arg>
<arg>BG</arg>
<arg>BH</arg>
<arg>BI</arg>
<arg>BJ</arg>
<arg>BL</arg>
<arg>BM</arg>
<arg>BN</arg>
<arg>BO</arg>
<arg>BQ</arg>
<arg>BR</arg>
<arg>BS</arg>
<arg>BT</arg>
<arg>BV</arg>
<arg>BW</arg>
<arg>BY</arg>
<arg>BZ</arg>
<arg>CA</arg>
<arg>CC</arg>
<arg>CD</arg>
<arg>CF</arg>
<arg>CG</arg>
<arg>CH</arg>
<arg>CI</arg>
<arg>CK</arg>
<arg>CL</arg>
<arg>CM</arg>
<arg>CN</arg>
<arg>CO</arg>
<arg>CR</arg>
<arg>CU</arg>
<arg>CV</arg>
<arg>CW</arg>
<arg>CX</arg>
<arg>CY</arg>
<arg>CZ</arg>
<arg>DE</arg>
<arg>DJ</arg>
<arg>DK</arg>
<arg>DM</arg>
<arg>DO</arg>
<arg>DZ</arg>
<arg>EC</arg>
<arg>EE</arg>
<arg>EG</arg>
<arg>EH</arg>
<arg>ER</arg>
<arg>ES</arg>
<arg>ET</arg>
<arg>FI</arg>
<arg>FJ</arg>
<arg>FK</arg>
<arg>FM</arg>
<arg>FO</arg>
<arg>FR</arg>
<arg>GA</arg>
<arg>GB</arg>
<arg>GD</arg>
<arg>GE</arg>
<arg>GF</arg>
<arg>GG</arg>
<arg>GH</arg>
<arg>GI</arg>
<arg>GL</arg>
<arg>GM</arg>
<arg>GN</arg>
<arg>GP</arg>
<arg>GQ</arg>
<arg>GR</arg>
<arg>GS</arg>
<arg>GT</arg>
<arg>GU</arg>
<arg>GW</arg>
<arg>GY</arg>
<arg>HK</arg>
<arg>HM</arg>
<arg>HN</arg>
<arg>HR</arg>
<arg>HT</arg>
<arg>HU</arg>
<arg>ID</arg>
<arg>IE</arg>
<arg>IL</arg>
<arg>IM</arg>
<arg>IN</arg>
<arg>IO</arg>
<arg>IQ</arg>
<arg>IR</arg>
<arg>IS</arg>
<arg>IT</arg>
<arg>JE</arg>
<arg>JM</arg>
<arg>JO</arg>
<arg>JP</arg>
<arg>KE</arg>
<arg>KG</arg>
<arg>KH</arg>
<arg>KI</arg>
<arg>KM</arg>
<arg>KN</arg>
<arg>KP</arg>
<arg>KR</arg>
<arg>KW</arg>
<arg>KY</arg>
<arg>KZ</arg>
<arg>LA</arg>
<arg>LB</arg>
<arg>LC</arg>
<arg>LI</arg>
<arg>LK</arg>
<arg>LR</arg>
<arg>LS</arg>
<arg>LT</arg>
<arg>LU</arg>
<arg>LV</arg>
<arg>LY</arg>
<arg>MA</arg>
<arg>MC</arg>
<arg>MD</arg>
<arg>ME</arg>
<arg>MF</arg>
<arg>MG</arg>
<arg>MH</arg>
<arg>MK</arg>
<arg>ML</arg>
<arg>MM</arg>
<arg>MN</arg>
<arg>MO</arg>
<arg>MP</arg>
<arg>MQ</arg>
<arg>MR</arg>
<arg>MS</arg>
<arg>MT</arg>
<arg>MU</arg>
<arg>MV</arg>
<arg>MW</arg>
<arg>MX</arg>
<arg>MY</arg>
<arg>MZ</arg>
<arg>NA</arg>
<arg>NC</arg>
<arg>NE</arg>
<arg>NF</arg>
<arg>NG</arg>
<arg>NI</arg>
<arg>NL</arg>
<arg>NO</arg>
<arg>NP</arg>
<arg>NR</arg>
<arg>NU</arg>
<arg>NZ</arg>
<arg>OM</arg>
<arg>PA</arg>
<arg>PE</arg>
<arg>PF</arg>
<arg>PG</arg>
<arg>PH</arg>
<arg>PK</arg>
<arg>PL</arg>
<arg>PM</arg>
<arg>PN</arg>
<arg>PR</arg>
<arg>PS</arg>
<arg>PT</arg>
<arg>PW</arg>
<arg>PY</arg>
<arg>QA</arg>
<arg>RE</arg>
<arg>RO</arg>
<arg>RS</arg>
<arg>RU</arg>
<arg>RW</arg>
<arg>SA</arg>
<arg>SB</arg>
<arg>SC</arg>
<arg>SD</arg>
<arg>SE</arg>
<arg>SG</arg>
<arg>SH</arg>
<arg>SI</arg>
<arg>SJ</arg>
<arg>SK</arg>
<arg>SL</arg>
<arg>SM</arg>
<arg>SN</arg>
<arg>SO</arg>
<arg>SR</arg>
<arg>SS</arg>
<arg>ST</arg>
<arg>SV</arg>
<arg>SX</arg>
<arg>SY</arg>
<arg>SZ</arg>
<arg>TC</arg>
<arg>TD</arg>
<arg>TF</arg>
<arg>TG</arg>
<arg>TH</arg>
<arg>TJ</arg>
<arg>TK</arg>
<arg>TL</arg>
<arg>TM</arg>
<arg>TN</arg>
<arg>TO</arg>
<arg>TR</arg>
<arg>TT</arg>
<arg>TV</arg>
<arg>TW</arg>
<arg>TZ</arg>
<arg>UA</arg>
<arg>UG</arg>
<arg>UM</arg>
<arg>US</arg>
<arg>UY</arg>
<arg>UZ</arg>
<arg>VA</arg>
<arg>VC</arg>
<arg>VE</arg>
<arg>VG</arg>
<arg>VI</arg>
<arg>VN</arg>
<arg>VU</arg>
<arg>WF</arg>
<arg>WS</arg>
<arg>XK</arg>
<arg>YE</arg>
<arg>YT</arg>
<arg>ZA</arg>
<arg>ZM</arg>
<arg>ZW</arg>
<doc>Returns a list containing given items.</doc>
<status status="PASS" start="2024-04-30T19:11:01.073385" elapsed="0.000637"/>
</kw>
<kw name="List Should Contain Value" owner="Collections">
<msg time="2024-04-30T19:11:01.075029" level="INFO">False</msg>
<arg>${list_country}</arg>
<arg>${name_country}</arg>
<doc>Fails if the ``value`` is not found from ``list``.</doc>
<status status="PASS" start="2024-04-30T19:11:01.074827" elapsed="0.000239"/>
</kw>
<kw name="Run Keyword If" owner="BuiltIn">
<kw name="Should Be True" owner="BuiltIn">
<arg>${True}</arg>
<doc>Fails if the given condition is not true.</doc>
<status status="PASS" start="2024-04-30T19:11:01.076136" elapsed="0.000263"/>
</kw>
<arg>${json_data["results"][0]["location"]["coordinates"]["latitude"]} &gt;= -90 and ${json_data["results"][0]["location"]["coordinates"]["latitude"]} &lt;= 90</arg>
<arg>Should Be True</arg>
<arg>${True}</arg>
<doc>Runs the given keyword with the given arguments, if ``condition`` is true.</doc>
<status status="PASS" start="2024-04-30T19:11:01.075378" elapsed="0.001152"/>
</kw>
<kw name="Run Keyword If" owner="BuiltIn">
<kw name="Should Be True" owner="BuiltIn">
<arg>${True}</arg>
<doc>Fails if the given condition is not true.</doc>
<status status="PASS" start="2024-04-30T19:11:01.077437" elapsed="0.000169"/>
</kw>
<arg>${json_data["results"][0]["location"]["coordinates"]["longitude"]} &gt;= -180 and ${json_data["results"][0]["location"]["coordinates"]["longitude"]} &lt;= 180</arg>
<arg>Should Be True</arg>
<arg>${True}</arg>
<doc>Runs the given keyword with the given arguments, if ``condition`` is true.</doc>
<status status="PASS" start="2024-04-30T19:11:01.076721" elapsed="0.001018"/>
</kw>
<status status="PASS" start="2024-04-30T19:11:00.967841" elapsed="0.110033"/>
</kw>
<doc>Testa o conteúdo específico dos campos retornados pela API.</doc>
<tag>testeConteudo</tag>
<status status="PASS" start="2024-04-30T19:11:00.967360" elapsed="0.110668"/>
</test>
<status status="PASS" start="2024-04-30T19:11:00.122498" elapsed="0.957591"/>
</suite>
<status status="PASS" start="2024-04-30T19:11:00.108824" elapsed="0.976507"/>
</suite>
<statistics>
<total>
<stat pass="5" fail="0" skip="0">All Tests</stat>
</total>
<tag>
<stat pass="1" fail="0" skip="0">testeConteudo</stat>
<stat pass="1" fail="0" skip="0">testeEstruturaResposta</stat>
<stat pass="1" fail="0" skip="0">testeRequisicaoBasica</stat>
<stat pass="1" fail="0" skip="0">testeTiposDados</stat>
</tag>
<suite>
<stat pass="5" fail="0" skip="0" id="s1" name="Tests">Tests</stat>
<stat pass="5" fail="0" skip="0" id="s1-s1" name="Random-User-Test">Tests.Random-User-Test</stat>
</suite>
</statistics>
<errors>
</errors>
</robot>
