<?xml version="1.0" encoding="UTF-8"?>
<robot generator="Robot 7.0.1 (Python 3.12.4 on linux)" generated="2024-08-04T20:16:03.344520" rpa="false" schemaversion="5">
<suite id="s1" name="Tests" source="/home/runner/work/ApiRandomUser/ApiRandomUser/RamdonUser/tests">
<suite id="s1-s1" name="Random-User-Test" source="/home/runner/work/ApiRandomUser/ApiRandomUser/RamdonUser/tests/random-user-test.robot">
<test id="s1-s1-t1" name="Conectar" line="13">
<kw name="Conectar API" owner="random-user-service">
<kw name="Create Session" owner="RequestsLibrary">
<msg time="2024-08-04T20:16:03.752718" level="INFO">Creating Session using : alias=consultarAPI, url=https://randomuser.me/, headers={},                     cookies={}, auth=None, timeout=None, proxies=None, verify=False,                     debug=0 </msg>
<arg>consultarAPI</arg>
<arg>${URL}</arg>
<doc>Create Session: create a HTTP session to a server</doc>
<status status="PASS" start="2024-08-04T20:16:03.752524" elapsed="0.000367"/>
</kw>
<status status="PASS" start="2024-08-04T20:16:03.751472" elapsed="0.001765"/>
</kw>
<status status="PASS" start="2024-08-04T20:16:03.750881" elapsed="0.002548"/>
</test>
<test id="s1-s1-t2" name="Validar retorno 200 e JSON Válido" line="16">
<kw name="Teste de Requisicao Basica" owner="random-user-service">
<kw name="GET On Session" owner="RequestsLibrary">
<msg time="2024-08-04T20:16:03.971651" level="INFO">GET Request : url=https://randomuser.me/api 
 path_url=/api 
 headers={'User-Agent': 'python-requests/2.32.3', 'Accept-Encoding': 'gzip, deflate', 'Accept': '*/*', 'Connection': 'keep-alive'} 
 body=None 
 </msg>
<msg time="2024-08-04T20:16:03.971827" level="INFO">GET Response : url=https://randomuser.me/api 
 status=200, reason=OK 
 headers={'Date': 'Sun, 04 Aug 2024 20:16:03 GMT', 'Content-Type': 'application/json; charset=utf-8', 'Transfer-Encoding': 'chunked', 'Connection': 'keep-alive', 'X-Powered-By': 'Express', 'Access-Control-Allow-Origin': '*', 'Cache-Control': 'no-cache', 'ETag': 'W/"48d-F2WciiMa8i9EpmAEseD+oRMgra8"', 'Vary': 'Accept-Encoding', 'Content-Encoding': 'gzip', 'CF-Cache-Status': 'DYNAMIC', 'Report-To': '{"endpoints":[{"url":"https:\\/\\/a.nel.cloudflare.com\\/report\\/v4?s=s2RWgQ%2BWMIwg0ABbEBcBD18kIdOlufIKFjb%2B1HSDjiyYOW3NJLVCfLh88Hu%2FBX2CzEsZH%2FDyAoc4ROJVcr6YlzgZgx%2Fv19RaAV5DA%2FZIAPcT09l89im6iQk%2FgpLrQj5n"}],"group":"cf-nel","max_age":604800}', 'NEL': '{"success_fraction":0,"report_to":"cf-nel","max_age":604800}', 'Server': 'cloudflare', 'CF-RAY': '8ae13917bfcb1776-IAD', 'alt-svc': 'h3=":443"; ma=86400'} 
 body={"results":[{"gender":"female","name":{"title":"Miss","first":"Magdalena","last":"Grujić"},"location":{"street":{"number":7118,"name":"Slavka Milićevića"},"city":"Novi Sad","state":"Kosovo-Pomoravlje","country":"Serbia","postcode":24417,"coordinates":{"latitude":"60.9060","longitude":"75.0499"},"timezone":{"offset":"+4:30","description":"Kabul"}},"email":"magdalena.grujic@example.com","login":{"uuid":"720abc83-22af-4c68-97a1-b76a86550bb0","username":"beautifulpanda521","password":"oberon","salt":"kO9WyGeE","md5":"e363b6e020f74b3cae425b01152afee6","sha1":"8cc9c1016c32042598bfea802f7b6aa61e0c17c7","sha256":"fc91bf01b27a93a5257a130c61f27c61e6592cfe60adaeba71dbb7e0785276ce"},"dob":{"date":"1966-01-19T04:47:55.002Z","age":58},"registered":{"date":"2015-02-26T18:52:47.350Z","age":9},"phone":"023-3077-046","cell":"060-8323-682","id":{"name":"SID","value":"799487787"},"picture":{"large":"https://randomuser.me/api/portraits/women/50.jpg","medium":"https://randomuser.me/api/portraits/med/women/50.jpg","thumbnail":"https://randomuser.me/api/portraits/thumb/women/50.jpg"},"nat":"RS"}],"info":{"seed":"8147581b4bac0eec","results":1,"page":1,"version":"1.4"}} 
 </msg>
<msg time="2024-08-04T20:16:03.971928" level="INFO">/opt/hostedtoolcache/Python/3.12.4/x64/lib/python3.12/site-packages/urllib3/connectionpool.py:1099: InsecureRequestWarning: Unverified HTTPS request is being made to host 'randomuser.me'. Adding certificate verification is strongly advised. See: https://urllib3.readthedocs.io/en/latest/advanced-usage.html#tls-warnings
  warnings.warn(</msg>
<msg time="2024-08-04T20:16:03.972126" level="INFO">${response} = &lt;Response [200]&gt;</msg>
<var>${response}</var>
<arg>consultarAPI</arg>
<arg>/api</arg>
<doc>Sends a GET request on a previously created HTTP Session.</doc>
<status status="PASS" start="2024-08-04T20:16:03.755991" elapsed="0.216182"/>
</kw>
<kw name="Should Be Equal As Numbers" owner="BuiltIn">
<msg time="2024-08-04T20:16:03.973415" level="INFO">Argument types are:
&lt;class 'int'&gt;
&lt;class 'str'&gt;</msg>
<arg>${response.status_code}</arg>
<arg>200</arg>
<doc>Fails if objects are unequal after converting them to real numbers.</doc>
<status status="PASS" start="2024-08-04T20:16:03.972871" elapsed="0.000610"/>
</kw>
<kw name="Log" owner="BuiltIn">
<msg time="2024-08-04T20:16:03.974151" level="INFO">200</msg>
<arg>${response.status_code}</arg>
<doc>Logs the given message with the given level.</doc>
<status status="PASS" start="2024-08-04T20:16:03.973793" elapsed="0.000400"/>
</kw>
<kw name="Set Variable" owner="BuiltIn">
<msg time="2024-08-04T20:16:03.974953" level="INFO">${json_data} = {'results': [{'gender': 'female', 'name': {'title': 'Miss', 'first': 'Magdalena', 'last': 'Grujić'}, 'location': {'street': {'number': 7118, 'name': 'Slavka Milićevića'}, 'city': 'Novi Sad', 'state': ...</msg>
<var>${json_data}</var>
<arg>${response.json()}</arg>
<doc>Returns the given values which can then be assigned to a variables.</doc>
<status status="PASS" start="2024-08-04T20:16:03.974500" elapsed="0.000484"/>
</kw>
<kw name="Dictionary Should Contain Key" owner="Collections">
<arg>${json_data}</arg>
<arg>results</arg>
<doc>Fails if ``key`` is not found from ``dictionary``.</doc>
<status status="PASS" start="2024-08-04T20:16:03.975284" elapsed="0.000320"/>
</kw>
<status status="PASS" start="2024-08-04T20:16:03.755752" elapsed="0.220005"/>
</kw>
<doc>Testa se a API responde corretamente e retorna um objeto JSON válido.</doc>
<tag>testeRequisicaoBasica</tag>
<status status="PASS" start="2024-08-04T20:16:03.755248" elapsed="0.220686"/>
</test>
<test id="s1-s1-t3" name="Validar estrutura de resposta" line="22">
<kw name="Teste de Estrutura de Resposta" owner="random-user-service">
<kw name="GET On Session" owner="RequestsLibrary">
<msg time="2024-08-04T20:16:04.116193" level="INFO">GET Request : url=https://randomuser.me/api 
 path_url=/api 
 headers={'User-Agent': 'python-requests/2.32.3', 'Accept-Encoding': 'gzip, deflate', 'Accept': '*/*', 'Connection': 'keep-alive'} 
 body=None 
 </msg>
<msg time="2024-08-04T20:16:04.116293" level="INFO">GET Response : url=https://randomuser.me/api 
 status=200, reason=OK 
 headers={'Date': 'Sun, 04 Aug 2024 20:16:04 GMT', 'Content-Type': 'application/json; charset=utf-8', 'Transfer-Encoding': 'chunked', 'Connection': 'keep-alive', 'X-Powered-By': 'Express', 'Access-Control-Allow-Origin': '*', 'Cache-Control': 'no-cache', 'ETag': 'W/"49b-52vrGMObkLzrTscETzNwHJ7ibpc"', 'Vary': 'Accept-Encoding', 'Content-Encoding': 'gzip', 'CF-Cache-Status': 'DYNAMIC', 'Report-To': '{"endpoints":[{"url":"https:\\/\\/a.nel.cloudflare.com\\/report\\/v4?s=fWETP4mq%2FsVdNFrdLTsASLk9FciKYoV2hkjtQR5fEMTzMo%2BkeSL5wW9qnICxH2ThOMvxlNaB8TIac6w7asf%2F3OGZJVF7qpoZQdZqniGigmtJfnKt%2BVKE8wsYNbxn2PKm"}],"group":"cf-nel","max_age":604800}', 'NEL': '{"success_fraction":0,"report_to":"cf-nel","max_age":604800}', 'Server': 'cloudflare', 'CF-RAY': '8ae13918e8611776-IAD', 'alt-svc': 'h3=":443"; ma=86400'} 
 body={"results":[{"gender":"male","name":{"title":"Mr","first":"Jaiden","last":"Arkema"},"location":{"street":{"number":4765,"name":"Bikkelsweg"},"city":"Beuningen Ov","state":"Noord-Brabant","country":"Netherlands","postcode":"9602 IX","coordinates":{"latitude":"37.2140","longitude":"-170.0426"},"timezone":{"offset":"+1:00","description":"Brussels, Copenhagen, Madrid, Paris"}},"email":"jaiden.arkema@example.com","login":{"uuid":"6077218d-62b8-48b0-8468-85bad145e2ee","username":"happyleopard571","password":"dayton","salt":"xkSGIQaF","md5":"4cc82809e007e0677b099e9090393458","sha1":"b0c779bdfee5fc207719458090cd4f433ba1ce5b","sha256":"36483eb445478735b47a8c67165d369e6b685e70b934a3b358f045c007541ec4"},"dob":{"date":"1964-08-05T21:28:06.563Z","age":59},"registered":{"date":"2016-09-20T07:17:52.704Z","age":7},"phone":"(0850) 382358","cell":"(06) 59916107","id":{"name":"BSN","value":"97160021"},"picture":{"large":"https://randomuser.me/api/portraits/men/65.jpg","medium":"https://randomuser.me/api/portraits/med/men/65.jpg","thumbnail":"https://randomuser.me/api/portraits/thumb/men/65.jpg"},"nat":"NL"}],"info":{"seed":"7d7afef528832bc1","results":1,"page":1,"version":"1.4"}} 
 </msg>
<msg time="2024-08-04T20:16:04.116416" level="INFO">/opt/hostedtoolcache/Python/3.12.4/x64/lib/python3.12/site-packages/urllib3/connectionpool.py:1099: InsecureRequestWarning: Unverified HTTPS request is being made to host 'randomuser.me'. Adding certificate verification is strongly advised. See: https://urllib3.readthedocs.io/en/latest/advanced-usage.html#tls-warnings
  warnings.warn(</msg>
<msg time="2024-08-04T20:16:04.116536" level="INFO">${response} = &lt;Response [200]&gt;</msg>
<var>${response}</var>
<arg>consultarAPI</arg>
<arg>/api</arg>
<doc>Sends a GET request on a previously created HTTP Session.</doc>
<status status="PASS" start="2024-08-04T20:16:03.978698" elapsed="0.137879"/>
</kw>
<kw name="Set Variable" owner="BuiltIn">
<msg time="2024-08-04T20:16:04.117774" level="INFO">${json_data} = {'results': [{'gender': 'male', 'name': {'title': 'Mr', 'first': 'Jaiden', 'last': 'Arkema'}, 'location': {'street': {'number': 4765, 'name': 'Bikkelsweg'}, 'city': 'Beuningen Ov', 'state': 'Noord-Bra...</msg>
<var>${json_data}</var>
<arg>${response.json()}</arg>
<doc>Returns the given values which can then be assigned to a variables.</doc>
<status status="PASS" start="2024-08-04T20:16:04.117170" elapsed="0.000634"/>
</kw>
<kw name="Log" owner="BuiltIn">
<msg time="2024-08-04T20:16:04.118266" level="INFO">{'results': [{'gender': 'male', 'name': {'title': 'Mr', 'first': 'Jaiden', 'last': 'Arkema'}, 'location': {'street': {'number': 4765, 'name': 'Bikkelsweg'}, 'city': 'Beuningen Ov', 'state': 'Noord-Brabant', 'country': 'Netherlands', 'postcode': '9602 IX', 'coordinates': {'latitude': '37.2140', 'longitude': '-170.0426'}, 'timezone': {'offset': '+1:00', 'description': 'Brussels, Copenhagen, Madrid, Paris'}}, 'email': 'jaiden.arkema@example.com', 'login': {'uuid': '6077218d-62b8-48b0-8468-85bad145e2ee', 'username': 'happyleopard571', 'password': 'dayton', 'salt': 'xkSGIQaF', 'md5': '4cc82809e007e0677b099e9090393458', 'sha1': 'b0c779bdfee5fc207719458090cd4f433ba1ce5b', 'sha256': '36483eb445478735b47a8c67165d369e6b685e70b934a3b358f045c007541ec4'}, 'dob': {'date': '1964-08-05T21:28:06.563Z', 'age': 59}, 'registered': {'date': '2016-09-20T07:17:52.704Z', 'age': 7}, 'phone': '(0850) 382358', 'cell': '(06) 59916107', 'id': {'name': 'BSN', 'value': '97160021'}, 'picture': {'large': 'https://randomuser.me/api/portraits/men/65.jpg', 'medium': 'https://randomuser.me/api/portraits/med/men/65.jpg', 'thumbnail': 'https://randomuser.me/api/portraits/thumb/men/65.jpg'}, 'nat': 'NL'}], 'info': {'seed': '7d7afef528832bc1', 'results': 1, 'page': 1, 'version': '1.4'}}</msg>
<arg>${json_data}</arg>
<doc>Logs the given message with the given level.</doc>
<status status="PASS" start="2024-08-04T20:16:04.118105" elapsed="0.000221"/>
</kw>
<kw name="Dictionary Should Contain Key" owner="Collections">
<arg>${json_data}</arg>
<arg>results</arg>
<doc>Fails if ``key`` is not found from ``dictionary``.</doc>
<status status="PASS" start="2024-08-04T20:16:04.118613" elapsed="0.000160"/>
</kw>
<kw name="Should Not Be Empty" owner="BuiltIn">
<msg time="2024-08-04T20:16:04.119079" level="INFO">Length is 2.</msg>
<arg>${json_data}</arg>
<doc>Verifies that the given item is not empty.</doc>
<status status="PASS" start="2024-08-04T20:16:04.118954" elapsed="0.000163"/>
</kw>
<kw name="Create List" owner="BuiltIn">
<msg time="2024-08-04T20:16:04.119539" level="INFO">${expected_keys} = ['gender', 'name', 'location', 'email', 'login']</msg>
<var>${expected_keys}</var>
<arg>gender</arg>
<arg>name</arg>
<arg>location</arg>
<arg>email</arg>
<arg>login</arg>
<doc>Returns a list containing given items.</doc>
<status status="PASS" start="2024-08-04T20:16:04.119395" elapsed="0.000168"/>
</kw>
<for flavor="IN">
<iter>
<kw name="Dictionary Should Contain Key" owner="Collections">
<arg>${json_data['results'][0]}</arg>
<arg>${key}</arg>
<doc>Fails if ``key`` is not found from ``dictionary``.</doc>
<status status="PASS" start="2024-08-04T20:16:04.120175" elapsed="0.000396"/>
</kw>
<kw name="Log" owner="BuiltIn">
<msg time="2024-08-04T20:16:04.121120" level="INFO">{'gender': 'male', 'name': {'title': 'Mr', 'first': 'Jaiden', 'last': 'Arkema'}, 'location': {'street': {'number': 4765, 'name': 'Bikkelsweg'}, 'city': 'Beuningen Ov', 'state': 'Noord-Brabant', 'country': 'Netherlands', 'postcode': '9602 IX', 'coordinates': {'latitude': '37.2140', 'longitude': '-170.0426'}, 'timezone': {'offset': '+1:00', 'description': 'Brussels, Copenhagen, Madrid, Paris'}}, 'email': 'jaiden.arkema@example.com', 'login': {'uuid': '6077218d-62b8-48b0-8468-85bad145e2ee', 'username': 'happyleopard571', 'password': 'dayton', 'salt': 'xkSGIQaF', 'md5': '4cc82809e007e0677b099e9090393458', 'sha1': 'b0c779bdfee5fc207719458090cd4f433ba1ce5b', 'sha256': '36483eb445478735b47a8c67165d369e6b685e70b934a3b358f045c007541ec4'}, 'dob': {'date': '1964-08-05T21:28:06.563Z', 'age': 59}, 'registered': {'date': '2016-09-20T07:17:52.704Z', 'age': 7}, 'phone': '(0850) 382358', 'cell': '(06) 59916107', 'id': {'name': 'BSN', 'value': '97160021'}, 'picture': {'large': 'https://randomuser.me/api/portraits/men/65.jpg', 'medium': 'https://randomuser.me/api/portraits/med/men/65.jpg', 'thumbnail': 'https://randomuser.me/api/portraits/thumb/men/65.jpg'}, 'nat': 'NL'}</msg>
<arg>${json_data['results'][0]}</arg>
<doc>Logs the given message with the given level.</doc>
<status status="PASS" start="2024-08-04T20:16:04.120759" elapsed="0.000409"/>
</kw>
<kw name="Log" owner="BuiltIn">
<msg time="2024-08-04T20:16:04.121601" level="INFO">gender</msg>
<arg>${key}</arg>
<doc>Logs the given message with the given level.</doc>
<status status="PASS" start="2024-08-04T20:16:04.121467" elapsed="0.000173"/>
</kw>
<var name="${key}">gender</var>
<status status="PASS" start="2024-08-04T20:16:04.120038" elapsed="0.001818"/>
</iter>
<iter>
<kw name="Dictionary Should Contain Key" owner="Collections">
<arg>${json_data['results'][0]}</arg>
<arg>${key}</arg>
<doc>Fails if ``key`` is not found from ``dictionary``.</doc>
<status status="PASS" start="2024-08-04T20:16:04.122155" elapsed="0.000386"/>
</kw>
<kw name="Log" owner="BuiltIn">
<msg time="2024-08-04T20:16:04.123075" level="INFO">{'gender': 'male', 'name': {'title': 'Mr', 'first': 'Jaiden', 'last': 'Arkema'}, 'location': {'street': {'number': 4765, 'name': 'Bikkelsweg'}, 'city': 'Beuningen Ov', 'state': 'Noord-Brabant', 'country': 'Netherlands', 'postcode': '9602 IX', 'coordinates': {'latitude': '37.2140', 'longitude': '-170.0426'}, 'timezone': {'offset': '+1:00', 'description': 'Brussels, Copenhagen, Madrid, Paris'}}, 'email': 'jaiden.arkema@example.com', 'login': {'uuid': '6077218d-62b8-48b0-8468-85bad145e2ee', 'username': 'happyleopard571', 'password': 'dayton', 'salt': 'xkSGIQaF', 'md5': '4cc82809e007e0677b099e9090393458', 'sha1': 'b0c779bdfee5fc207719458090cd4f433ba1ce5b', 'sha256': '36483eb445478735b47a8c67165d369e6b685e70b934a3b358f045c007541ec4'}, 'dob': {'date': '1964-08-05T21:28:06.563Z', 'age': 59}, 'registered': {'date': '2016-09-20T07:17:52.704Z', 'age': 7}, 'phone': '(0850) 382358', 'cell': '(06) 59916107', 'id': {'name': 'BSN', 'value': '97160021'}, 'picture': {'large': 'https://randomuser.me/api/portraits/men/65.jpg', 'medium': 'https://randomuser.me/api/portraits/med/men/65.jpg', 'thumbnail': 'https://randomuser.me/api/portraits/thumb/men/65.jpg'}, 'nat': 'NL'}</msg>
<arg>${json_data['results'][0]}</arg>
<doc>Logs the given message with the given level.</doc>
<status status="PASS" start="2024-08-04T20:16:04.122722" elapsed="0.000435"/>
</kw>
<kw name="Log" owner="BuiltIn">
<msg time="2024-08-04T20:16:04.123578" level="INFO">name</msg>
<arg>${key}</arg>
<doc>Logs the given message with the given level.</doc>
<status status="PASS" start="2024-08-04T20:16:04.123451" elapsed="0.000165"/>
</kw>
<var name="${key}">name</var>
<status status="PASS" start="2024-08-04T20:16:04.122037" elapsed="0.001794"/>
</iter>
<iter>
<kw name="Dictionary Should Contain Key" owner="Collections">
<arg>${json_data['results'][0]}</arg>
<arg>${key}</arg>
<doc>Fails if ``key`` is not found from ``dictionary``.</doc>
<status status="PASS" start="2024-08-04T20:16:04.124147" elapsed="0.000378"/>
</kw>
<kw name="Log" owner="BuiltIn">
<msg time="2024-08-04T20:16:04.125056" level="INFO">{'gender': 'male', 'name': {'title': 'Mr', 'first': 'Jaiden', 'last': 'Arkema'}, 'location': {'street': {'number': 4765, 'name': 'Bikkelsweg'}, 'city': 'Beuningen Ov', 'state': 'Noord-Brabant', 'country': 'Netherlands', 'postcode': '9602 IX', 'coordinates': {'latitude': '37.2140', 'longitude': '-170.0426'}, 'timezone': {'offset': '+1:00', 'description': 'Brussels, Copenhagen, Madrid, Paris'}}, 'email': 'jaiden.arkema@example.com', 'login': {'uuid': '6077218d-62b8-48b0-8468-85bad145e2ee', 'username': 'happyleopard571', 'password': 'dayton', 'salt': 'xkSGIQaF', 'md5': '4cc82809e007e0677b099e9090393458', 'sha1': 'b0c779bdfee5fc207719458090cd4f433ba1ce5b', 'sha256': '36483eb445478735b47a8c67165d369e6b685e70b934a3b358f045c007541ec4'}, 'dob': {'date': '1964-08-05T21:28:06.563Z', 'age': 59}, 'registered': {'date': '2016-09-20T07:17:52.704Z', 'age': 7}, 'phone': '(0850) 382358', 'cell': '(06) 59916107', 'id': {'name': 'BSN', 'value': '97160021'}, 'picture': {'large': 'https://randomuser.me/api/portraits/men/65.jpg', 'medium': 'https://randomuser.me/api/portraits/med/men/65.jpg', 'thumbnail': 'https://randomuser.me/api/portraits/thumb/men/65.jpg'}, 'nat': 'NL'}</msg>
<arg>${json_data['results'][0]}</arg>
<doc>Logs the given message with the given level.</doc>
<status status="PASS" start="2024-08-04T20:16:04.124707" elapsed="0.000405"/>
</kw>
<kw name="Log" owner="BuiltIn">
<msg time="2024-08-04T20:16:04.125533" level="INFO">location</msg>
<arg>${key}</arg>
<doc>Logs the given message with the given level.</doc>
<status status="PASS" start="2024-08-04T20:16:04.125406" elapsed="0.000164"/>
</kw>
<var name="${key}">location</var>
<status status="PASS" start="2024-08-04T20:16:04.124029" elapsed="0.001765"/>
</iter>
<iter>
<kw name="Dictionary Should Contain Key" owner="Collections">
<arg>${json_data['results'][0]}</arg>
<arg>${key}</arg>
<doc>Fails if ``key`` is not found from ``dictionary``.</doc>
<status status="PASS" start="2024-08-04T20:16:04.126067" elapsed="0.000382"/>
</kw>
<kw name="Log" owner="BuiltIn">
<msg time="2024-08-04T20:16:04.127092" level="INFO">{'gender': 'male', 'name': {'title': 'Mr', 'first': 'Jaiden', 'last': 'Arkema'}, 'location': {'street': {'number': 4765, 'name': 'Bikkelsweg'}, 'city': 'Beuningen Ov', 'state': 'Noord-Brabant', 'country': 'Netherlands', 'postcode': '9602 IX', 'coordinates': {'latitude': '37.2140', 'longitude': '-170.0426'}, 'timezone': {'offset': '+1:00', 'description': 'Brussels, Copenhagen, Madrid, Paris'}}, 'email': 'jaiden.arkema@example.com', 'login': {'uuid': '6077218d-62b8-48b0-8468-85bad145e2ee', 'username': 'happyleopard571', 'password': 'dayton', 'salt': 'xkSGIQaF', 'md5': '4cc82809e007e0677b099e9090393458', 'sha1': 'b0c779bdfee5fc207719458090cd4f433ba1ce5b', 'sha256': '36483eb445478735b47a8c67165d369e6b685e70b934a3b358f045c007541ec4'}, 'dob': {'date': '1964-08-05T21:28:06.563Z', 'age': 59}, 'registered': {'date': '2016-09-20T07:17:52.704Z', 'age': 7}, 'phone': '(0850) 382358', 'cell': '(06) 59916107', 'id': {'name': 'BSN', 'value': '97160021'}, 'picture': {'large': 'https://randomuser.me/api/portraits/men/65.jpg', 'medium': 'https://randomuser.me/api/portraits/med/men/65.jpg', 'thumbnail': 'https://randomuser.me/api/portraits/thumb/men/65.jpg'}, 'nat': 'NL'}</msg>
<arg>${json_data['results'][0]}</arg>
<doc>Logs the given message with the given level.</doc>
<status status="PASS" start="2024-08-04T20:16:04.126742" elapsed="0.000397"/>
</kw>
<kw name="Log" owner="BuiltIn">
<msg time="2024-08-04T20:16:04.127565" level="INFO">email</msg>
<arg>${key}</arg>
<doc>Logs the given message with the given level.</doc>
<status status="PASS" start="2024-08-04T20:16:04.127437" elapsed="0.000167"/>
</kw>
<var name="${key}">email</var>
<status status="PASS" start="2024-08-04T20:16:04.125960" elapsed="0.001855"/>
</iter>
<iter>
<kw name="Dictionary Should Contain Key" owner="Collections">
<arg>${json_data['results'][0]}</arg>
<arg>${key}</arg>
<doc>Fails if ``key`` is not found from ``dictionary``.</doc>
<status status="PASS" start="2024-08-04T20:16:04.128125" elapsed="0.000383"/>
</kw>
<kw name="Log" owner="BuiltIn">
<msg time="2024-08-04T20:16:04.129034" level="INFO">{'gender': 'male', 'name': {'title': 'Mr', 'first': 'Jaiden', 'last': 'Arkema'}, 'location': {'street': {'number': 4765, 'name': 'Bikkelsweg'}, 'city': 'Beuningen Ov', 'state': 'Noord-Brabant', 'country': 'Netherlands', 'postcode': '9602 IX', 'coordinates': {'latitude': '37.2140', 'longitude': '-170.0426'}, 'timezone': {'offset': '+1:00', 'description': 'Brussels, Copenhagen, Madrid, Paris'}}, 'email': 'jaiden.arkema@example.com', 'login': {'uuid': '6077218d-62b8-48b0-8468-85bad145e2ee', 'username': 'happyleopard571', 'password': 'dayton', 'salt': 'xkSGIQaF', 'md5': '4cc82809e007e0677b099e9090393458', 'sha1': 'b0c779bdfee5fc207719458090cd4f433ba1ce5b', 'sha256': '36483eb445478735b47a8c67165d369e6b685e70b934a3b358f045c007541ec4'}, 'dob': {'date': '1964-08-05T21:28:06.563Z', 'age': 59}, 'registered': {'date': '2016-09-20T07:17:52.704Z', 'age': 7}, 'phone': '(0850) 382358', 'cell': '(06) 59916107', 'id': {'name': 'BSN', 'value': '97160021'}, 'picture': {'large': 'https://randomuser.me/api/portraits/men/65.jpg', 'medium': 'https://randomuser.me/api/portraits/med/men/65.jpg', 'thumbnail': 'https://randomuser.me/api/portraits/thumb/men/65.jpg'}, 'nat': 'NL'}</msg>
<arg>${json_data['results'][0]}</arg>
<doc>Logs the given message with the given level.</doc>
<status status="PASS" start="2024-08-04T20:16:04.128689" elapsed="0.000391"/>
</kw>
<kw name="Log" owner="BuiltIn">
<msg time="2024-08-04T20:16:04.129492" level="INFO">login</msg>
<arg>${key}</arg>
<doc>Logs the given message with the given level.</doc>
<status status="PASS" start="2024-08-04T20:16:04.129366" elapsed="0.000162"/>
</kw>
<var name="${key}">login</var>
<status status="PASS" start="2024-08-04T20:16:04.127986" elapsed="0.001753"/>
</iter>
<var>${key}</var>
<value>@{expected_keys}</value>
<status status="PASS" start="2024-08-04T20:16:04.119821" elapsed="0.010036"/>
</for>
<kw name="Create List" owner="BuiltIn">
<msg time="2024-08-04T20:16:04.130208" level="INFO">${expected_keysTwo} = ['username', 'password']</msg>
<var>${expected_keysTwo}</var>
<arg>username</arg>
<arg>password</arg>
<doc>Returns a list containing given items.</doc>
<status status="PASS" start="2024-08-04T20:16:04.130042" elapsed="0.000190"/>
</kw>
<for flavor="IN">
<iter>
<kw name="Dictionary Should Contain Key" owner="Collections">
<arg>${json_data['results'][0]['login']}</arg>
<arg>${keyTwo}</arg>
<doc>Fails if ``key`` is not found from ``dictionary``.</doc>
<status status="PASS" start="2024-08-04T20:16:04.130723" elapsed="0.000392"/>
</kw>
<kw name="Dictionary Should Contain Key" owner="Collections">
<arg>${json_data['results'][0]['login']}</arg>
<arg>${keyTwo}</arg>
<doc>Fails if ``key`` is not found from ``dictionary``.</doc>
<status status="PASS" start="2024-08-04T20:16:04.131293" elapsed="0.000382"/>
</kw>
<kw name="Log" owner="BuiltIn">
<msg time="2024-08-04T20:16:04.131969" level="INFO">username</msg>
<arg>${keyTwo}</arg>
<doc>Logs the given message with the given level.</doc>
<status status="PASS" start="2024-08-04T20:16:04.131851" elapsed="0.000180"/>
</kw>
<var name="${keyTwo}">username</var>
<status status="PASS" start="2024-08-04T20:16:04.130617" elapsed="0.001645"/>
</iter>
<iter>
<kw name="Dictionary Should Contain Key" owner="Collections">
<arg>${json_data['results'][0]['login']}</arg>
<arg>${keyTwo}</arg>
<doc>Fails if ``key`` is not found from ``dictionary``.</doc>
<status status="PASS" start="2024-08-04T20:16:04.132539" elapsed="0.000385"/>
</kw>
<kw name="Dictionary Should Contain Key" owner="Collections">
<arg>${json_data['results'][0]['login']}</arg>
<arg>${keyTwo}</arg>
<doc>Fails if ``key`` is not found from ``dictionary``.</doc>
<status status="PASS" start="2024-08-04T20:16:04.133100" elapsed="0.000367"/>
</kw>
<kw name="Log" owner="BuiltIn">
<msg time="2024-08-04T20:16:04.133758" level="INFO">password</msg>
<arg>${keyTwo}</arg>
<doc>Logs the given message with the given level.</doc>
<status status="PASS" start="2024-08-04T20:16:04.133640" elapsed="0.000154"/>
</kw>
<var name="${keyTwo}">password</var>
<status status="PASS" start="2024-08-04T20:16:04.132433" elapsed="0.001581"/>
</iter>
<var>${keyTwo}</var>
<value>@{expected_keysTwo}</value>
<status status="PASS" start="2024-08-04T20:16:04.130468" elapsed="0.003667"/>
</for>
<status status="PASS" start="2024-08-04T20:16:03.978458" elapsed="0.155818"/>
</kw>
<doc>Testa a estrutura da resposta da API.</doc>
<tag>testeEstruturaResposta</tag>
<status status="PASS" start="2024-08-04T20:16:03.977795" elapsed="0.156638"/>
</test>
<test id="s1-s1-t4" name="Validar tipos de dados" line="28">
<kw name="Teste de Tipos de Dados" owner="random-user-service">
<kw name="GET On Session" owner="RequestsLibrary">
<msg time="2024-08-04T20:16:04.290165" level="INFO">GET Request : url=https://randomuser.me/api 
 path_url=/api 
 headers={'User-Agent': 'python-requests/2.32.3', 'Accept-Encoding': 'gzip, deflate', 'Accept': '*/*', 'Connection': 'keep-alive'} 
 body=None 
 </msg>
<msg time="2024-08-04T20:16:04.290275" level="INFO">GET Response : url=https://randomuser.me/api 
 status=200, reason=OK 
 headers={'Date': 'Sun, 04 Aug 2024 20:16:04 GMT', 'Content-Type': 'application/json; charset=utf-8', 'Transfer-Encoding': 'chunked', 'Connection': 'keep-alive', 'X-Powered-By': 'Express', 'Access-Control-Allow-Origin': '*', 'Cache-Control': 'no-cache', 'ETag': 'W/"4a8-d496vp/jf0lQxTKs0GCX4dNU890"', 'Vary': 'Accept-Encoding', 'Content-Encoding': 'gzip', 'CF-Cache-Status': 'DYNAMIC', 'Report-To': '{"endpoints":[{"url":"https:\\/\\/a.nel.cloudflare.com\\/report\\/v4?s=GKq%2Fh6kFkR8jcWx3pXBOYodeN72WIYlqyLwKFgx0wsre1gDN89yzQIeuZrwJjqAJ1N8xWbX4dmqe7nk%2FDUxxiuLl4%2BgMABxEZp%2B12oDD%2Bl8liO5Uh0SpGUnSccN0VKhP"}],"group":"cf-nel","max_age":604800}', 'NEL': '{"success_fraction":0,"report_to":"cf-nel","max_age":604800}', 'Server': 'cloudflare', 'CF-RAY': '8ae13919e8dd1776-IAD', 'alt-svc': 'h3=":443"; ma=86400'} 
 body={"results":[{"gender":"female","name":{"title":"Ms","first":"Iida","last":"Lehtonen"},"location":{"street":{"number":875,"name":"Siilitie"},"city":"Saarijärvi","state":"Northern Ostrobothnia","country":"Finland","postcode":69875,"coordinates":{"latitude":"-26.1812","longitude":"116.7778"},"timezone":{"offset":"+5:30","description":"Bombay, Calcutta, Madras, New Delhi"}},"email":"iida.lehtonen@example.com","login":{"uuid":"57cb1dc6-a720-45d0-9e40-b0bd3b6d3b23","username":"beautifulpanda106","password":"dotcom","salt":"EiduZcg5","md5":"4e2874aa81a22d16dd51d49f49c10df9","sha1":"467aad1fea1d0d6e45eb72cd8be585952cb6cb56","sha256":"3109bf6013c6b299ee5f2c585ec172f7c9a164e6c17c44bc8ad9bd053bf7f383"},"dob":{"date":"1986-12-12T03:24:42.087Z","age":37},"registered":{"date":"2019-04-07T05:11:58.872Z","age":5},"phone":"07-382-711","cell":"040-802-71-03","id":{"name":"HETU","value":"NaNNA736undefined"},"picture":{"large":"https://randomuser.me/api/portraits/women/20.jpg","medium":"https://randomuser.me/api/portraits/med/women/20.jpg","thumbnail":"https://randomuser.me/api/portraits/thumb/women/20.jpg"},"nat":"FI"}],"info":{"seed":"013d78aec629296d","results":1,"page":1,"version":"1.4"}} 
 </msg>
<msg time="2024-08-04T20:16:04.290364" level="INFO">/opt/hostedtoolcache/Python/3.12.4/x64/lib/python3.12/site-packages/urllib3/connectionpool.py:1099: InsecureRequestWarning: Unverified HTTPS request is being made to host 'randomuser.me'. Adding certificate verification is strongly advised. See: https://urllib3.readthedocs.io/en/latest/advanced-usage.html#tls-warnings
  warnings.warn(</msg>
<msg time="2024-08-04T20:16:04.290510" level="INFO">${response} = &lt;Response [200]&gt;</msg>
<var>${response}</var>
<arg>consultarAPI</arg>
<arg>/api</arg>
<doc>Sends a GET request on a previously created HTTP Session.</doc>
<status status="PASS" start="2024-08-04T20:16:04.136919" elapsed="0.153643"/>
</kw>
<kw name="Set Variable" owner="BuiltIn">
<msg time="2024-08-04T20:16:04.291796" level="INFO">${json_data} = {'results': [{'gender': 'female', 'name': {'title': 'Ms', 'first': 'Iida', 'last': 'Lehtonen'}, 'location': {'street': {'number': 875, 'name': 'Siilitie'}, 'city': 'Saarijärvi', 'state': 'Northern Ost...</msg>
<var>${json_data}</var>
<arg>${response.json()}</arg>
<doc>Returns the given values which can then be assigned to a variables.</doc>
<status status="PASS" start="2024-08-04T20:16:04.291190" elapsed="0.000636"/>
</kw>
<kw name="Log" owner="BuiltIn">
<msg time="2024-08-04T20:16:04.292335" level="INFO">{'results': [{'gender': 'female', 'name': {'title': 'Ms', 'first': 'Iida', 'last': 'Lehtonen'}, 'location': {'street': {'number': 875, 'name': 'Siilitie'}, 'city': 'Saarijärvi', 'state': 'Northern Ostrobothnia', 'country': 'Finland', 'postcode': 69875, 'coordinates': {'latitude': '-26.1812', 'longitude': '116.7778'}, 'timezone': {'offset': '+5:30', 'description': 'Bombay, Calcutta, Madras, New Delhi'}}, 'email': 'iida.lehtonen@example.com', 'login': {'uuid': '57cb1dc6-a720-45d0-9e40-b0bd3b6d3b23', 'username': 'beautifulpanda106', 'password': 'dotcom', 'salt': 'EiduZcg5', 'md5': '4e2874aa81a22d16dd51d49f49c10df9', 'sha1': '467aad1fea1d0d6e45eb72cd8be585952cb6cb56', 'sha256': '3109bf6013c6b299ee5f2c585ec172f7c9a164e6c17c44bc8ad9bd053bf7f383'}, 'dob': {'date': '1986-12-12T03:24:42.087Z', 'age': 37}, 'registered': {'date': '2019-04-07T05:11:58.872Z', 'age': 5}, 'phone': '07-382-711', 'cell': '040-802-71-03', 'id': {'name': 'HETU', 'value': 'NaNNA736undefined'}, 'picture': {'large': 'https://randomuser.me/api/portraits/women/20.jpg', 'medium': 'https://randomuser.me/api/portraits/med/women/20.jpg', 'thumbnail': 'https://randomuser.me/api/portraits/thumb/women/20.jpg'}, 'nat': 'FI'}], 'info': {'seed': '013d78aec629296d', 'results': 1, 'page': 1, 'version': '1.4'}}</msg>
<arg>${json_data}</arg>
<doc>Logs the given message with the given level.</doc>
<status status="PASS" start="2024-08-04T20:16:04.292175" elapsed="0.000208"/>
</kw>
<kw name="Should Be String" owner="String">
<arg>${json_data['results'][0]['gender']}</arg>
<doc>Fails if the given ``item`` is not a string.</doc>
<status status="PASS" start="2024-08-04T20:16:04.292681" elapsed="0.000362"/>
</kw>
<kw name="Should Match Regexp" owner="BuiltIn">
<arg>${json_data['results'][0]['email']}</arg>
<arg>^[a-zA-Z0-9._%+-]+@[a-zA-Z0-9.-]+\.[a-zA-Z]{2,}$</arg>
<doc>Fails if ``string`` does not match ``pattern`` as a regular expression.</doc>
<status status="PASS" start="2024-08-04T20:16:04.293280" elapsed="0.000508"/>
</kw>
<kw name="Should Match Regexp" owner="BuiltIn">
<arg>${json_data['results'][0]['dob']['date']}</arg>
<arg>\\d{4}-\\d{2}-\\d{2}T\\d{2}:\\d{2}:\\d{2}\\.\\d{3}Z</arg>
<doc>Fails if ``string`` does not match ``pattern`` as a regular expression.</doc>
<status status="PASS" start="2024-08-04T20:16:04.293979" elapsed="0.000621"/>
</kw>
<kw name="Should Match Regexp" owner="BuiltIn">
<arg>${json_data['results'][0]['registered']['date']}</arg>
<arg>\\d{4}-\\d{2}-\\d{2}T\\d{2}:\\d{2}:\\d{2}\\.\\d{3}Z</arg>
<doc>Fails if ``string`` does not match ``pattern`` as a regular expression.</doc>
<status status="PASS" start="2024-08-04T20:16:04.294794" elapsed="0.000369"/>
</kw>
<kw name="Should Match Regexp" owner="BuiltIn">
<arg>${json_data['results'][0]['picture']['large']}</arg>
<arg>^https?://.*\.(?:png|jpe?g|gif|bmp)$</arg>
<doc>Fails if ``string`` does not match ``pattern`` as a regular expression.</doc>
<status status="PASS" start="2024-08-04T20:16:04.295349" elapsed="0.000456"/>
</kw>
<kw name="Should Match Regexp" owner="BuiltIn">
<arg>${json_data['results'][0]['picture']['medium']}</arg>
<arg>^https?://.*\.(?:png|jpe?g|gif|bmp)$</arg>
<doc>Fails if ``string`` does not match ``pattern`` as a regular expression.</doc>
<status status="PASS" start="2024-08-04T20:16:04.295992" elapsed="0.000386"/>
</kw>
<kw name="Should Match Regexp" owner="BuiltIn">
<arg>${json_data['results'][0]['picture']['thumbnail']}</arg>
<arg>^https?://.*\.(?:png|jpe?g|gif|bmp)$</arg>
<doc>Fails if ``string`` does not match ``pattern`` as a regular expression.</doc>
<status status="PASS" start="2024-08-04T20:16:04.296561" elapsed="0.000345"/>
</kw>
<kw name="Log" owner="BuiltIn">
<msg time="2024-08-04T20:16:04.297406" level="INFO">{'large': 'https://randomuser.me/api/portraits/women/20.jpg', 'medium': 'https://randomuser.me/api/portraits/med/women/20.jpg', 'thumbnail': 'https://randomuser.me/api/portraits/thumb/women/20.jpg'}</msg>
<arg>${json_data['results'][0]['picture']}</arg>
<doc>Logs the given message with the given level.</doc>
<status status="PASS" start="2024-08-04T20:16:04.297082" elapsed="0.000367"/>
</kw>
<status status="PASS" start="2024-08-04T20:16:04.136690" elapsed="0.161013"/>
</kw>
<kw name="Teste de Tipos de Dados - Postcode" owner="random-user-service">
<kw name="GET On Session" owner="RequestsLibrary">
<msg time="2024-08-04T20:16:04.355591" level="INFO">GET Request : url=https://randomuser.me/api 
 path_url=/api 
 headers={'User-Agent': 'python-requests/2.32.3', 'Accept-Encoding': 'gzip, deflate', 'Accept': '*/*', 'Connection': 'keep-alive'} 
 body=None 
 </msg>
<msg time="2024-08-04T20:16:04.355655" level="INFO">GET Response : url=https://randomuser.me/api 
 status=200, reason=OK 
 headers={'Date': 'Sun, 04 Aug 2024 20:16:04 GMT', 'Content-Type': 'application/json; charset=utf-8', 'Transfer-Encoding': 'chunked', 'Connection': 'keep-alive', 'X-Powered-By': 'Express', 'Access-Control-Allow-Origin': '*', 'Cache-Control': 'no-cache', 'ETag': 'W/"46f-Gm6EnO4jSktt+tGtKO8laZAxRSQ"', 'Vary': 'Accept-Encoding', 'Content-Encoding': 'gzip', 'CF-Cache-Status': 'DYNAMIC', 'Report-To': '{"endpoints":[{"url":"https:\\/\\/a.nel.cloudflare.com\\/report\\/v4?s=hL5qeRIJca0FzdW54yaF%2FUWZUCeYLDQ8Kq%2BLzD%2BYpZlFH8loJdAEyXDTWpnMI3Lifssq2Hd8Nl%2FnF5NzFUwCkFmfp1wHXQ3zM6t3XMzWBJjM2oX36%2Bx1%2Fh%2BbWegwZPmF"}],"group":"cf-nel","max_age":604800}', 'NEL': '{"success_fraction":0,"report_to":"cf-nel","max_age":604800}', 'Server': 'cloudflare', 'CF-RAY': '8ae1391ae94a1776-IAD', 'alt-svc': 'h3=":443"; ma=86400'} 
 body={"results":[{"gender":"male","name":{"title":"Mr","first":"Radilo","last":"Ravlyuk"},"location":{"street":{"number":8484,"name":"Dobrovolskogo"},"city":"Zolotonosha","state":"Hmelnicka","country":"Ukraine","postcode":17890,"coordinates":{"latitude":"73.7438","longitude":"-41.8426"},"timezone":{"offset":"+5:45","description":"Kathmandu"}},"email":"radilo.ravlyuk@example.com","login":{"uuid":"bbbd45e1-f5e2-4ed0-8343-845bc7dfdd45","username":"brownduck579","password":"chichi","salt":"8w6i6Zbc","md5":"21ed7501af6e6d5d22da8265a65a333c","sha1":"8c3a7c67e757811e086af7d074dbf6be29dd2339","sha256":"ac22bc04ab06f8c38577e46df0f07de07ec814c47b17a05ed023d8aaf8a1809d"},"dob":{"date":"1962-02-01T05:11:28.389Z","age":62},"registered":{"date":"2009-09-15T15:17:18.204Z","age":14},"phone":"(098) M89-8833","cell":"(066) T92-8308","id":{"name":"","value":null},"picture":{"large":"https://randomuser.me/api/portraits/men/71.jpg","medium":"https://randomuser.me/api/portraits/med/men/71.jpg","thumbnail":"https://randomuser.me/api/portraits/thumb/men/71.jpg"},"nat":"UA"}],"info":{"seed":"702157f7ece4eb6c","results":1,"page":1,"version":"1.4"}} 
 </msg>
<msg time="2024-08-04T20:16:04.355712" level="INFO">/opt/hostedtoolcache/Python/3.12.4/x64/lib/python3.12/site-packages/urllib3/connectionpool.py:1099: InsecureRequestWarning: Unverified HTTPS request is being made to host 'randomuser.me'. Adding certificate verification is strongly advised. See: https://urllib3.readthedocs.io/en/latest/advanced-usage.html#tls-warnings
  warnings.warn(</msg>
<msg time="2024-08-04T20:16:04.355797" level="INFO">${response} = &lt;Response [200]&gt;</msg>
<var>${response}</var>
<arg>consultarAPI</arg>
<arg>/api</arg>
<doc>Sends a GET request on a previously created HTTP Session.</doc>
<status status="PASS" start="2024-08-04T20:16:04.298149" elapsed="0.057678"/>
</kw>
<kw name="Set Variable" owner="BuiltIn">
<msg time="2024-08-04T20:16:04.356655" level="INFO">${json_data} = {'results': [{'gender': 'male', 'name': {'title': 'Mr', 'first': 'Radilo', 'last': 'Ravlyuk'}, 'location': {'street': {'number': 8484, 'name': 'Dobrovolskogo'}, 'city': 'Zolotonosha', 'state': 'Hmelni...</msg>
<var>${json_data}</var>
<arg>${response.json()}</arg>
<doc>Returns the given values which can then be assigned to a variables.</doc>
<status status="PASS" start="2024-08-04T20:16:04.356218" elapsed="0.000465"/>
</kw>
<kw name="Log" owner="BuiltIn">
<msg time="2024-08-04T20:16:04.357134" level="INFO">{'results': [{'gender': 'male', 'name': {'title': 'Mr', 'first': 'Radilo', 'last': 'Ravlyuk'}, 'location': {'street': {'number': 8484, 'name': 'Dobrovolskogo'}, 'city': 'Zolotonosha', 'state': 'Hmelnicka', 'country': 'Ukraine', 'postcode': 17890, 'coordinates': {'latitude': '73.7438', 'longitude': '-41.8426'}, 'timezone': {'offset': '+5:45', 'description': 'Kathmandu'}}, 'email': 'radilo.ravlyuk@example.com', 'login': {'uuid': 'bbbd45e1-f5e2-4ed0-8343-845bc7dfdd45', 'username': 'brownduck579', 'password': 'chichi', 'salt': '8w6i6Zbc', 'md5': '21ed7501af6e6d5d22da8265a65a333c', 'sha1': '8c3a7c67e757811e086af7d074dbf6be29dd2339', 'sha256': 'ac22bc04ab06f8c38577e46df0f07de07ec814c47b17a05ed023d8aaf8a1809d'}, 'dob': {'date': '1962-02-01T05:11:28.389Z', 'age': 62}, 'registered': {'date': '2009-09-15T15:17:18.204Z', 'age': 14}, 'phone': '(098) M89-8833', 'cell': '(066) T92-8308', 'id': {'name': '', 'value': None}, 'picture': {'large': 'https://randomuser.me/api/portraits/men/71.jpg', 'medium': 'https://randomuser.me/api/portraits/med/men/71.jpg', 'thumbnail': 'https://randomuser.me/api/portraits/thumb/men/71.jpg'}, 'nat': 'UA'}], 'info': {'seed': '702157f7ece4eb6c', 'results': 1, 'page': 1, 'version': '1.4'}}</msg>
<arg>${json_data}</arg>
<doc>Logs the given message with the given level.</doc>
<status status="PASS" start="2024-08-04T20:16:04.356983" elapsed="0.000199"/>
</kw>
<kw name="Should Be Equal As Numbers" owner="BuiltIn">
<arg>${json_data['results'][0]['location']['postcode']}</arg>
<arg>${json_data['results'][0]['location']['postcode']}</arg>
<doc>Fails if objects are unequal after converting them to real numbers.</doc>
<status status="PASS" start="2024-08-04T20:16:04.357473" elapsed="0.000615"/>
</kw>
<kw name="Log" owner="BuiltIn">
<msg time="2024-08-04T20:16:04.358612" level="INFO">17890</msg>
<arg>${json_data['results'][0]['location']['postcode']}</arg>
<doc>Logs the given message with the given level.</doc>
<status status="PASS" start="2024-08-04T20:16:04.358275" elapsed="0.000409"/>
</kw>
<status status="PASS" start="2024-08-04T20:16:04.297927" elapsed="0.061012"/>
</kw>
<doc>Testa se os tipos de dados na resposta da API estão corretos.</doc>
<tag>testeTiposDados</tag>
<status status="PASS" start="2024-08-04T20:16:04.136232" elapsed="0.222869"/>
</test>
<test id="s1-s1-t5" name="Validar conteudo" line="35">
<kw name="Teste de Tipos de Conteudo" owner="random-user-service">
<kw name="GET On Session" owner="RequestsLibrary">
<msg time="2024-08-04T20:16:04.522196" level="INFO">GET Request : url=https://randomuser.me/api 
 path_url=/api 
 headers={'User-Agent': 'python-requests/2.32.3', 'Accept-Encoding': 'gzip, deflate', 'Accept': '*/*', 'Connection': 'keep-alive'} 
 body=None 
 </msg>
<msg time="2024-08-04T20:16:04.522295" level="INFO">GET Response : url=https://randomuser.me/api 
 status=200, reason=OK 
 headers={'Date': 'Sun, 04 Aug 2024 20:16:04 GMT', 'Content-Type': 'application/json; charset=utf-8', 'Transfer-Encoding': 'chunked', 'Connection': 'keep-alive', 'X-Powered-By': 'Express', 'Access-Control-Allow-Origin': '*', 'Cache-Control': 'no-cache', 'ETag': 'W/"495-QdFJl2HKhsBAeJQK+KHJ4chfHPg"', 'Vary': 'Accept-Encoding', 'Content-Encoding': 'gzip', 'CF-Cache-Status': 'DYNAMIC', 'Report-To': '{"endpoints":[{"url":"https:\\/\\/a.nel.cloudflare.com\\/report\\/v4?s=k9oMKZw5v6EQZutLDPQlS4fxNLxjiKltFDpbBRDuVuU6hVUXyLUofEmpvfSC2hhuf72QzvPfSnEiukskjI4%2FLvOH%2FQBUVVIQvI4cpmYfMySwT8Y4lNiG4dz%2Br8gkXDj6"}],"group":"cf-nel","max_age":604800}', 'NEL': '{"success_fraction":0,"report_to":"cf-nel","max_age":604800}', 'Server': 'cloudflare', 'CF-RAY': '8ae1391b49861776-IAD', 'alt-svc': 'h3=":443"; ma=86400'} 
 body={"results":[{"gender":"male","name":{"title":"Mr","first":"Chestislav","last":"Fedina"},"location":{"street":{"number":6170,"name":"Olgi Gasin"},"city":"Novoyavorivsk","state":"Zakarpatska","country":"Ukraine","postcode":59922,"coordinates":{"latitude":"75.7340","longitude":"-47.3480"},"timezone":{"offset":"-4:00","description":"Atlantic Time (Canada), Caracas, La Paz"}},"email":"chestislav.fedina@example.com","login":{"uuid":"fd493948-b486-45f1-838f-74aee594a761","username":"orangezebra524","password":"celica","salt":"RsHBu8gp","md5":"3526b284cbdb0a549370db78b68bea19","sha1":"460dba0cb6d2aaccaa0d5ab2f0725624839b356e","sha256":"2e37be058bfd3aa9e2d271047b1a4e2fefa7d9919c05d6b54d0872b158c7309e"},"dob":{"date":"1960-12-10T22:24:07.079Z","age":63},"registered":{"date":"2015-10-23T02:00:35.581Z","age":8},"phone":"(099) I52-6440","cell":"(068) X67-6174","id":{"name":"","value":null},"picture":{"large":"https://randomuser.me/api/portraits/men/88.jpg","medium":"https://randomuser.me/api/portraits/med/men/88.jpg","thumbnail":"https://randomuser.me/api/portraits/thumb/men/88.jpg"},"nat":"UA"}],"info":{"seed":"e9ac5068e676a449","results":1,"page":1,"version":"1.4"}} 
 </msg>
<msg time="2024-08-04T20:16:04.522366" level="INFO">/opt/hostedtoolcache/Python/3.12.4/x64/lib/python3.12/site-packages/urllib3/connectionpool.py:1099: InsecureRequestWarning: Unverified HTTPS request is being made to host 'randomuser.me'. Adding certificate verification is strongly advised. See: https://urllib3.readthedocs.io/en/latest/advanced-usage.html#tls-warnings
  warnings.warn(</msg>
<msg time="2024-08-04T20:16:04.522482" level="INFO">${response} = &lt;Response [200]&gt;</msg>
<var>${response}</var>
<arg>consultarAPI</arg>
<arg>/api</arg>
<doc>Sends a GET request on a previously created HTTP Session.</doc>
<status status="PASS" start="2024-08-04T20:16:04.361896" elapsed="0.160613"/>
</kw>
<kw name="Set Variable" owner="BuiltIn">
<msg time="2024-08-04T20:16:04.523542" level="INFO">${json_data} = {'results': [{'gender': 'male', 'name': {'title': 'Mr', 'first': 'Chestislav', 'last': 'Fedina'}, 'location': {'street': {'number': 6170, 'name': 'Olgi Gasin'}, 'city': 'Novoyavorivsk', 'state': 'Zaka...</msg>
<var>${json_data}</var>
<arg>${response.json()}</arg>
<doc>Returns the given values which can then be assigned to a variables.</doc>
<status status="PASS" start="2024-08-04T20:16:04.523028" elapsed="0.000543"/>
</kw>
<kw name="Set Variable" owner="BuiltIn">
<msg time="2024-08-04T20:16:04.524306" level="INFO">${name_title} = Mr</msg>
<var>${name_title}</var>
<arg>${json_data["results"][0]["name"]["title"]}</arg>
<doc>Returns the given values which can then be assigned to a variables.</doc>
<status status="PASS" start="2024-08-04T20:16:04.523875" elapsed="0.000458"/>
</kw>
<kw name="Create List" owner="BuiltIn">
<msg time="2024-08-04T20:16:04.524796" level="INFO">${allowed_titles} = ['Mr', 'Ms', 'Miss', 'Mrs', 'Madame', 'Monsieur']</msg>
<var>${allowed_titles}</var>
<arg>Mr</arg>
<arg>Ms</arg>
<arg>Miss</arg>
<arg>Mrs</arg>
<arg>Madame</arg>
<arg>Monsieur</arg>
<doc>Returns a list containing given items.</doc>
<status status="PASS" start="2024-08-04T20:16:04.524644" elapsed="0.000177"/>
</kw>
<kw name="List Should Contain Value" owner="Collections">
<arg>${allowed_titles}</arg>
<arg>${name_title}</arg>
<doc>Fails if the ``value`` is not found from ``list``.</doc>
<status status="PASS" start="2024-08-04T20:16:04.525117" elapsed="0.000179"/>
</kw>
<kw name="Set Variable" owner="BuiltIn">
<msg time="2024-08-04T20:16:04.525848" level="INFO">${name_country} = UA</msg>
<var>${name_country}</var>
<arg>${json_data["results"][0]["nat"]}</arg>
<doc>Returns the given values which can then be assigned to a variables.</doc>
<status status="PASS" start="2024-08-04T20:16:04.525478" elapsed="0.000395"/>
</kw>
<kw name="Create List" owner="BuiltIn">
<msg time="2024-08-04T20:16:04.526755" level="INFO">${list_country} = ['AD', 'AE', 'AF', 'AG', 'AI', 'AL', 'AM', 'AO', 'AQ', 'AR', 'AS', 'AT', 'AU', 'AW', 'AX', 'AZ', 'BA', 'BB', 'BD', 'BE', 'BF', 'BG', 'BH', 'BI', 'BJ', 'BL', 'BM', 'BN', 'BO', 'BQ', 'BR', 'BS', 'BT', '...</msg>
<var>${list_country}</var>
<arg>AD</arg>
<arg>AE</arg>
<arg>AF</arg>
<arg>AG</arg>
<arg>AI</arg>
<arg>AL</arg>
<arg>AM</arg>
<arg>AO</arg>
<arg>AQ</arg>
<arg>AR</arg>
<arg>AS</arg>
<arg>AT</arg>
<arg>AU</arg>
<arg>AW</arg>
<arg>AX</arg>
<arg>AZ</arg>
<arg>BA</arg>
<arg>BB</arg>
<arg>BD</arg>
<arg>BE</arg>
<arg>BF</arg>
<arg>BG</arg>
<arg>BH</arg>
<arg>BI</arg>
<arg>BJ</arg>
<arg>BL</arg>
<arg>BM</arg>
<arg>BN</arg>
<arg>BO</arg>
<arg>BQ</arg>
<arg>BR</arg>
<arg>BS</arg>
<arg>BT</arg>
<arg>BV</arg>
<arg>BW</arg>
<arg>BY</arg>
<arg>BZ</arg>
<arg>CA</arg>
<arg>CC</arg>
<arg>CD</arg>
<arg>CF</arg>
<arg>CG</arg>
<arg>CH</arg>
<arg>CI</arg>
<arg>CK</arg>
<arg>CL</arg>
<arg>CM</arg>
<arg>CN</arg>
<arg>CO</arg>
<arg>CR</arg>
<arg>CU</arg>
<arg>CV</arg>
<arg>CW</arg>
<arg>CX</arg>
<arg>CY</arg>
<arg>CZ</arg>
<arg>DE</arg>
<arg>DJ</arg>
<arg>DK</arg>
<arg>DM</arg>
<arg>DO</arg>
<arg>DZ</arg>
<arg>EC</arg>
<arg>EE</arg>
<arg>EG</arg>
<arg>EH</arg>
<arg>ER</arg>
<arg>ES</arg>
<arg>ET</arg>
<arg>FI</arg>
<arg>FJ</arg>
<arg>FK</arg>
<arg>FM</arg>
<arg>FO</arg>
<arg>FR</arg>
<arg>GA</arg>
<arg>GB</arg>
<arg>GD</arg>
<arg>GE</arg>
<arg>GF</arg>
<arg>GG</arg>
<arg>GH</arg>
<arg>GI</arg>
<arg>GL</arg>
<arg>GM</arg>
<arg>GN</arg>
<arg>GP</arg>
<arg>GQ</arg>
<arg>GR</arg>
<arg>GS</arg>
<arg>GT</arg>
<arg>GU</arg>
<arg>GW</arg>
<arg>GY</arg>
<arg>HK</arg>
<arg>HM</arg>
<arg>HN</arg>
<arg>HR</arg>
<arg>HT</arg>
<arg>HU</arg>
<arg>ID</arg>
<arg>IE</arg>
<arg>IL</arg>
<arg>IM</arg>
<arg>IN</arg>
<arg>IO</arg>
<arg>IQ</arg>
<arg>IR</arg>
<arg>IS</arg>
<arg>IT</arg>
<arg>JE</arg>
<arg>JM</arg>
<arg>JO</arg>
<arg>JP</arg>
<arg>KE</arg>
<arg>KG</arg>
<arg>KH</arg>
<arg>KI</arg>
<arg>KM</arg>
<arg>KN</arg>
<arg>KP</arg>
<arg>KR</arg>
<arg>KW</arg>
<arg>KY</arg>
<arg>KZ</arg>
<arg>LA</arg>
<arg>LB</arg>
<arg>LC</arg>
<arg>LI</arg>
<arg>LK</arg>
<arg>LR</arg>
<arg>LS</arg>
<arg>LT</arg>
<arg>LU</arg>
<arg>LV</arg>
<arg>LY</arg>
<arg>MA</arg>
<arg>MC</arg>
<arg>MD</arg>
<arg>ME</arg>
<arg>MF</arg>
<arg>MG</arg>
<arg>MH</arg>
<arg>MK</arg>
<arg>ML</arg>
<arg>MM</arg>
<arg>MN</arg>
<arg>MO</arg>
<arg>MP</arg>
<arg>MQ</arg>
<arg>MR</arg>
<arg>MS</arg>
<arg>MT</arg>
<arg>MU</arg>
<arg>MV</arg>
<arg>MW</arg>
<arg>MX</arg>
<arg>MY</arg>
<arg>MZ</arg>
<arg>NA</arg>
<arg>NC</arg>
<arg>NE</arg>
<arg>NF</arg>
<arg>NG</arg>
<arg>NI</arg>
<arg>NL</arg>
<arg>NO</arg>
<arg>NP</arg>
<arg>NR</arg>
<arg>NU</arg>
<arg>NZ</arg>
<arg>OM</arg>
<arg>PA</arg>
<arg>PE</arg>
<arg>PF</arg>
<arg>PG</arg>
<arg>PH</arg>
<arg>PK</arg>
<arg>PL</arg>
<arg>PM</arg>
<arg>PN</arg>
<arg>PR</arg>
<arg>PS</arg>
<arg>PT</arg>
<arg>PW</arg>
<arg>PY</arg>
<arg>QA</arg>
<arg>RE</arg>
<arg>RO</arg>
<arg>RS</arg>
<arg>RU</arg>
<arg>RW</arg>
<arg>SA</arg>
<arg>SB</arg>
<arg>SC</arg>
<arg>SD</arg>
<arg>SE</arg>
<arg>SG</arg>
<arg>SH</arg>
<arg>SI</arg>
<arg>SJ</arg>
<arg>SK</arg>
<arg>SL</arg>
<arg>SM</arg>
<arg>SN</arg>
<arg>SO</arg>
<arg>SR</arg>
<arg>SS</arg>
<arg>ST</arg>
<arg>SV</arg>
<arg>SX</arg>
<arg>SY</arg>
<arg>SZ</arg>
<arg>TC</arg>
<arg>TD</arg>
<arg>TF</arg>
<arg>TG</arg>
<arg>TH</arg>
<arg>TJ</arg>
<arg>TK</arg>
<arg>TL</arg>
<arg>TM</arg>
<arg>TN</arg>
<arg>TO</arg>
<arg>TR</arg>
<arg>TT</arg>
<arg>TV</arg>
<arg>TW</arg>
<arg>TZ</arg>
<arg>UA</arg>
<arg>UG</arg>
<arg>UM</arg>
<arg>US</arg>
<arg>UY</arg>
<arg>UZ</arg>
<arg>VA</arg>
<arg>VC</arg>
<arg>VE</arg>
<arg>VG</arg>
<arg>VI</arg>
<arg>VN</arg>
<arg>VU</arg>
<arg>WF</arg>
<arg>WS</arg>
<arg>XK</arg>
<arg>YE</arg>
<arg>YT</arg>
<arg>ZA</arg>
<arg>ZM</arg>
<arg>ZW</arg>
<doc>Returns a list containing given items.</doc>
<status status="PASS" start="2024-08-04T20:16:04.526161" elapsed="0.000620"/>
</kw>
<kw name="List Should Contain Value" owner="Collections">
<arg>${list_country}</arg>
<arg>${name_country}</arg>
<doc>Fails if the ``value`` is not found from ``list``.</doc>
<status status="PASS" start="2024-08-04T20:16:04.527752" elapsed="0.000210"/>
</kw>
<kw name="Run Keyword If" owner="BuiltIn">
<kw name="Should Be True" owner="BuiltIn">
<arg>${True}</arg>
<doc>Fails if the given condition is not true.</doc>
<status status="PASS" start="2024-08-04T20:16:04.528932" elapsed="0.000142"/>
</kw>
<arg>${json_data["results"][0]["location"]["coordinates"]["latitude"]} &gt;= -90 and ${json_data["results"][0]["location"]["coordinates"]["latitude"]} &lt;= 90</arg>
<arg>Should Be True</arg>
<arg>${True}</arg>
<doc>Runs the given keyword with the given arguments, if ``condition`` is true.</doc>
<status status="PASS" start="2024-08-04T20:16:04.528187" elapsed="0.001013"/>
</kw>
<kw name="Run Keyword If" owner="BuiltIn">
<kw name="Should Be True" owner="BuiltIn">
<arg>${True}</arg>
<doc>Fails if the given condition is not true.</doc>
<status status="PASS" start="2024-08-04T20:16:04.530066" elapsed="0.000138"/>
</kw>
<arg>${json_data["results"][0]["location"]["coordinates"]["longitude"]} &gt;= -180 and ${json_data["results"][0]["location"]["coordinates"]["longitude"]} &lt;= 180</arg>
<arg>Should Be True</arg>
<arg>${True}</arg>
<doc>Runs the given keyword with the given arguments, if ``condition`` is true.</doc>
<status status="PASS" start="2024-08-04T20:16:04.529379" elapsed="0.000949"/>
</kw>
<status status="PASS" start="2024-08-04T20:16:04.361534" elapsed="0.168935"/>
</kw>
<doc>Testa o conteúdo específico dos campos retornados pela API.</doc>
<tag>testeConteudo</tag>
<status status="PASS" start="2024-08-04T20:16:04.360898" elapsed="0.169722"/>
</test>
<status status="PASS" start="2024-08-04T20:16:03.406022" elapsed="1.126632"/>
</suite>
<status status="PASS" start="2024-08-04T20:16:03.390765" elapsed="1.147180"/>
</suite>
<statistics>
<total>
<stat pass="5" fail="0" skip="0">All Tests</stat>
</total>
<tag>
<stat pass="1" fail="0" skip="0">testeConteudo</stat>
<stat pass="1" fail="0" skip="0">testeEstruturaResposta</stat>
<stat pass="1" fail="0" skip="0">testeRequisicaoBasica</stat>
<stat pass="1" fail="0" skip="0">testeTiposDados</stat>
</tag>
<suite>
<stat pass="5" fail="0" skip="0" id="s1" name="Tests">Tests</stat>
<stat pass="5" fail="0" skip="0" id="s1-s1" name="Random-User-Test">Tests.Random-User-Test</stat>
</suite>
</statistics>
<errors>
</errors>
</robot>
