<?xml version="1.0" encoding="UTF-8"?>
<robot generator="Robot 7.0.1 (Python 3.12.4 on linux)" generated="2024-06-27T01:05:58.224333" rpa="false" schemaversion="5">
<suite id="s1" name="Tests" source="/home/runner/work/ApiRandomUser/ApiRandomUser/RamdonUser/tests">
<suite id="s1-s1" name="Random-User-Test" source="/home/runner/work/ApiRandomUser/ApiRandomUser/RamdonUser/tests/random-user-test.robot">
<test id="s1-s1-t1" name="Conectar" line="13">
<kw name="Conectar API" owner="random-user-service">
<kw name="Create Session" owner="RequestsLibrary">
<msg time="2024-06-27T01:05:58.619524" level="INFO">Creating Session using : alias=consultarAPI, url=https://randomuser.me/, headers={},                     cookies={}, auth=None, timeout=None, proxies=None, verify=False,                     debug=0 </msg>
<arg>consultarAPI</arg>
<arg>${URL}</arg>
<doc>Create Session: create a HTTP session to a server</doc>
<status status="PASS" start="2024-06-27T01:05:58.619310" elapsed="0.000410"/>
</kw>
<status status="PASS" start="2024-06-27T01:05:58.618307" elapsed="0.001808"/>
</kw>
<status status="PASS" start="2024-06-27T01:05:58.617723" elapsed="0.002588"/>
</test>
<test id="s1-s1-t2" name="Validar retorno 200 e JSON Válido" line="16">
<kw name="Teste de Requisicao Basica" owner="random-user-service">
<kw name="GET On Session" owner="RequestsLibrary">
<msg time="2024-06-27T01:05:58.850584" level="INFO">GET Request : url=https://randomuser.me/api 
 path_url=/api 
 headers={'User-Agent': 'python-requests/2.32.3', 'Accept-Encoding': 'gzip, deflate', 'Accept': '*/*', 'Connection': 'keep-alive'} 
 body=None 
 </msg>
<msg time="2024-06-27T01:05:58.850731" level="INFO">GET Response : url=https://randomuser.me/api 
 status=200, reason=OK 
 headers={'Date': 'Thu, 27 Jun 2024 01:05:58 GMT', 'Content-Type': 'application/json; charset=utf-8', 'Transfer-Encoding': 'chunked', 'Connection': 'keep-alive', 'X-Powered-By': 'Express', 'Access-Control-Allow-Origin': '*', 'Cache-Control': 'no-cache', 'ETag': 'W/"493-Gln2WdjGl3ZmxiOYcdfWyVEWmx8"', 'Vary': 'Accept-Encoding', 'Content-Encoding': 'gzip', 'CF-Cache-Status': 'DYNAMIC', 'Report-To': '{"endpoints":[{"url":"https:\\/\\/a.nel.cloudflare.com\\/report\\/v4?s=uksVOZ7mTgTyliTQX6MNgy7VgOoMwkzTPYeponNuVtPaeF1QG7QO1BktH6e63%2F8UvaBSVA%2Fx0Qz%2BKs%2FKNzpm8KgHVz1JXMGi1O7wI8qE6uXH5KBvkaboBDG8fntam41j"}],"group":"cf-nel","max_age":604800}', 'NEL': '{"success_fraction":0,"report_to":"cf-nel","max_age":604800}', 'Server': 'cloudflare', 'CF-RAY': '89a18826982607df-IAD', 'alt-svc': 'h3=":443"; ma=86400'} 
 body={"results":[{"gender":"female","name":{"title":"Mrs","first":"Iida","last":"Ruona"},"location":{"street":{"number":4469,"name":"Fredrikinkatu"},"city":"Salla","state":"Kainuu","country":"Finland","postcode":28678,"coordinates":{"latitude":"-26.3998","longitude":"129.9869"},"timezone":{"offset":"-6:00","description":"Central Time (US &amp; Canada), Mexico City"}},"email":"iida.ruona@example.com","login":{"uuid":"5c6372c2-3374-4df2-89ee-834dc1a824ae","username":"tinyleopard298","password":"tool","salt":"oEt27iaL","md5":"85c4ebcf649609dc0515870aa1b40d00","sha1":"2d5ae42d15e3c17960b262d541f1f3af221fb97e","sha256":"93f28d7c9556c6b99e1768f6bb05b47e13518e30365bc325697f381c58c012d0"},"dob":{"date":"1962-04-04T18:37:55.483Z","age":62},"registered":{"date":"2019-07-17T23:42:23.923Z","age":4},"phone":"02-651-369","cell":"049-508-51-45","id":{"name":"HETU","value":"NaNNA288undefined"},"picture":{"large":"https://randomuser.me/api/portraits/women/75.jpg","medium":"https://randomuser.me/api/portraits/med/women/75.jpg","thumbnail":"https://randomuser.me/api/portraits/thumb/women/75.jpg"},"nat":"FI"}],"info":{"seed":"11450234219e6952","results":1,"page":1,"version":"1.4"}} 
 </msg>
<msg time="2024-06-27T01:05:58.850820" level="INFO">/opt/hostedtoolcache/Python/3.12.4/x64/lib/python3.12/site-packages/urllib3/connectionpool.py:1099: InsecureRequestWarning: Unverified HTTPS request is being made to host 'randomuser.me'. Adding certificate verification is strongly advised. See: https://urllib3.readthedocs.io/en/latest/advanced-usage.html#tls-warnings
  warnings.warn(</msg>
<msg time="2024-06-27T01:05:58.850975" level="INFO">${response} = &lt;Response [200]&gt;</msg>
<var>${response}</var>
<arg>consultarAPI</arg>
<arg>/api</arg>
<doc>Sends a GET request on a previously created HTTP Session.</doc>
<status status="PASS" start="2024-06-27T01:05:58.622946" elapsed="0.228072"/>
</kw>
<kw name="Should Be Equal As Numbers" owner="BuiltIn">
<msg time="2024-06-27T01:05:58.852228" level="INFO">Argument types are:
&lt;class 'int'&gt;
&lt;class 'str'&gt;</msg>
<arg>${response.status_code}</arg>
<arg>200</arg>
<doc>Fails if objects are unequal after converting them to real numbers.</doc>
<status status="PASS" start="2024-06-27T01:05:58.851686" elapsed="0.000610"/>
</kw>
<kw name="Log" owner="BuiltIn">
<msg time="2024-06-27T01:05:58.852969" level="INFO">200</msg>
<arg>${response.status_code}</arg>
<doc>Logs the given message with the given level.</doc>
<status status="PASS" start="2024-06-27T01:05:58.852617" elapsed="0.000396"/>
</kw>
<kw name="Set Variable" owner="BuiltIn">
<msg time="2024-06-27T01:05:58.853764" level="INFO">${json_data} = {'results': [{'gender': 'female', 'name': {'title': 'Mrs', 'first': 'Iida', 'last': 'Ruona'}, 'location': {'street': {'number': 4469, 'name': 'Fredrikinkatu'}, 'city': 'Salla', 'state': 'Kainuu', 'cou...</msg>
<var>${json_data}</var>
<arg>${response.json()}</arg>
<doc>Returns the given values which can then be assigned to a variables.</doc>
<status status="PASS" start="2024-06-27T01:05:58.853317" elapsed="0.000475"/>
</kw>
<kw name="Dictionary Should Contain Key" owner="Collections">
<arg>${json_data}</arg>
<arg>results</arg>
<doc>Fails if ``key`` is not found from ``dictionary``.</doc>
<status status="PASS" start="2024-06-27T01:05:58.854087" elapsed="0.000170"/>
</kw>
<status status="PASS" start="2024-06-27T01:05:58.622702" elapsed="0.231710"/>
</kw>
<doc>Testa se a API responde corretamente e retorna um objeto JSON válido.</doc>
<tag>testeRequisicaoBasica</tag>
<status status="PASS" start="2024-06-27T01:05:58.622247" elapsed="0.232347"/>
</test>
<test id="s1-s1-t3" name="Validar estrutura de resposta" line="22">
<kw name="Teste de Estrutura de Resposta" owner="random-user-service">
<kw name="GET On Session" owner="RequestsLibrary">
<msg time="2024-06-27T01:05:58.947436" level="INFO">GET Request : url=https://randomuser.me/api 
 path_url=/api 
 headers={'User-Agent': 'python-requests/2.32.3', 'Accept-Encoding': 'gzip, deflate', 'Accept': '*/*', 'Connection': 'keep-alive'} 
 body=None 
 </msg>
<msg time="2024-06-27T01:05:58.947542" level="INFO">GET Response : url=https://randomuser.me/api 
 status=200, reason=OK 
 headers={'Date': 'Thu, 27 Jun 2024 01:05:58 GMT', 'Content-Type': 'application/json; charset=utf-8', 'Transfer-Encoding': 'chunked', 'Connection': 'keep-alive', 'X-Powered-By': 'Express', 'Access-Control-Allow-Origin': '*', 'Cache-Control': 'no-cache', 'ETag': 'W/"481-EHRho0RsS5g4x3w8qvC4pIXakX4"', 'Vary': 'Accept-Encoding', 'Content-Encoding': 'gzip', 'CF-Cache-Status': 'DYNAMIC', 'Report-To': '{"endpoints":[{"url":"https:\\/\\/a.nel.cloudflare.com\\/report\\/v4?s=8TUEm3uJJ8U7STD%2BEHs%2Ba%2BpX2Wp%2FnIDsgAsGdUDNfk21OuLkanPsmGluYwnEMbUY2dvRno4rY%2FbRaAd7rqp%2FF8CU9OCQ5gZT%2Buyaz0VD2wHpugnKsZqedPoZYWYELdrw"}],"group":"cf-nel","max_age":604800}', 'NEL': '{"success_fraction":0,"report_to":"cf-nel","max_age":604800}', 'Server': 'cloudflare', 'CF-RAY': '89a18826e86007df-IAD', 'alt-svc': 'h3=":443"; ma=86400'} 
 body={"results":[{"gender":"male","name":{"title":"Mr","first":"Martín","last":"Prieto"},"location":{"street":{"number":2250,"name":"Paseo de Extremadura"},"city":"Parla","state":"Canarias","country":"Spain","postcode":62259,"coordinates":{"latitude":"-34.7759","longitude":"-149.9476"},"timezone":{"offset":"+6:00","description":"Almaty, Dhaka, Colombo"}},"email":"martin.prieto@example.com","login":{"uuid":"cbc3ea29-4c9f-450c-bf43-1d210f349235","username":"crazyduck191","password":"volcano","salt":"qWJ0vdWB","md5":"5bdb4d247dc36d3e3e84894782fc699f","sha1":"fd7eb38fe5bb5e9f537663013150f1774d199479","sha256":"afe66c860c6ab59f70bda59462a5272d4f05745abafdffd20dabc18fbd71d559"},"dob":{"date":"1992-05-26T00:09:11.601Z","age":32},"registered":{"date":"2004-12-14T22:46:19.496Z","age":19},"phone":"909-225-113","cell":"618-359-196","id":{"name":"DNI","value":"91933922-G"},"picture":{"large":"https://randomuser.me/api/portraits/men/10.jpg","medium":"https://randomuser.me/api/portraits/med/men/10.jpg","thumbnail":"https://randomuser.me/api/portraits/thumb/men/10.jpg"},"nat":"ES"}],"info":{"seed":"f90255e791737251","results":1,"page":1,"version":"1.4"}} 
 </msg>
<msg time="2024-06-27T01:05:58.947678" level="INFO">/opt/hostedtoolcache/Python/3.12.4/x64/lib/python3.12/site-packages/urllib3/connectionpool.py:1099: InsecureRequestWarning: Unverified HTTPS request is being made to host 'randomuser.me'. Adding certificate verification is strongly advised. See: https://urllib3.readthedocs.io/en/latest/advanced-usage.html#tls-warnings
  warnings.warn(</msg>
<msg time="2024-06-27T01:05:58.947793" level="INFO">${response} = &lt;Response [200]&gt;</msg>
<var>${response}</var>
<arg>consultarAPI</arg>
<arg>/api</arg>
<doc>Sends a GET request on a previously created HTTP Session.</doc>
<status status="PASS" start="2024-06-27T01:05:58.857255" elapsed="0.090578"/>
</kw>
<kw name="Set Variable" owner="BuiltIn">
<msg time="2024-06-27T01:05:58.949015" level="INFO">${json_data} = {'results': [{'gender': 'male', 'name': {'title': 'Mr', 'first': 'Martín', 'last': 'Prieto'}, 'location': {'street': {'number': 2250, 'name': 'Paseo de Extremadura'}, 'city': 'Parla', 'state': 'Canari...</msg>
<var>${json_data}</var>
<arg>${response.json()}</arg>
<doc>Returns the given values which can then be assigned to a variables.</doc>
<status status="PASS" start="2024-06-27T01:05:58.948429" elapsed="0.000616"/>
</kw>
<kw name="Log" owner="BuiltIn">
<msg time="2024-06-27T01:05:58.949514" level="INFO">{'results': [{'gender': 'male', 'name': {'title': 'Mr', 'first': 'Martín', 'last': 'Prieto'}, 'location': {'street': {'number': 2250, 'name': 'Paseo de Extremadura'}, 'city': 'Parla', 'state': 'Canarias', 'country': 'Spain', 'postcode': 62259, 'coordinates': {'latitude': '-34.7759', 'longitude': '-149.9476'}, 'timezone': {'offset': '+6:00', 'description': 'Almaty, Dhaka, Colombo'}}, 'email': 'martin.prieto@example.com', 'login': {'uuid': 'cbc3ea29-4c9f-450c-bf43-1d210f349235', 'username': 'crazyduck191', 'password': 'volcano', 'salt': 'qWJ0vdWB', 'md5': '5bdb4d247dc36d3e3e84894782fc699f', 'sha1': 'fd7eb38fe5bb5e9f537663013150f1774d199479', 'sha256': 'afe66c860c6ab59f70bda59462a5272d4f05745abafdffd20dabc18fbd71d559'}, 'dob': {'date': '1992-05-26T00:09:11.601Z', 'age': 32}, 'registered': {'date': '2004-12-14T22:46:19.496Z', 'age': 19}, 'phone': '909-225-113', 'cell': '618-359-196', 'id': {'name': 'DNI', 'value': '91933922-G'}, 'picture': {'large': 'https://randomuser.me/api/portraits/men/10.jpg', 'medium': 'https://randomuser.me/api/portraits/med/men/10.jpg', 'thumbnail': 'https://randomuser.me/api/portraits/thumb/men/10.jpg'}, 'nat': 'ES'}], 'info': {'seed': 'f90255e791737251', 'results': 1, 'page': 1, 'version': '1.4'}}</msg>
<arg>${json_data}</arg>
<doc>Logs the given message with the given level.</doc>
<status status="PASS" start="2024-06-27T01:05:58.949355" elapsed="0.000209"/>
</kw>
<kw name="Dictionary Should Contain Key" owner="Collections">
<arg>${json_data}</arg>
<arg>results</arg>
<doc>Fails if ``key`` is not found from ``dictionary``.</doc>
<status status="PASS" start="2024-06-27T01:05:58.949851" elapsed="0.000161"/>
</kw>
<kw name="Should Not Be Empty" owner="BuiltIn">
<msg time="2024-06-27T01:05:58.950455" level="INFO">Length is 2.</msg>
<arg>${json_data}</arg>
<doc>Verifies that the given item is not empty.</doc>
<status status="PASS" start="2024-06-27T01:05:58.950264" elapsed="0.000251"/>
</kw>
<kw name="Create List" owner="BuiltIn">
<msg time="2024-06-27T01:05:58.951116" level="INFO">${expected_keys} = ['gender', 'name', 'location', 'email', 'login']</msg>
<var>${expected_keys}</var>
<arg>gender</arg>
<arg>name</arg>
<arg>location</arg>
<arg>email</arg>
<arg>login</arg>
<doc>Returns a list containing given items.</doc>
<status status="PASS" start="2024-06-27T01:05:58.950819" elapsed="0.000322"/>
</kw>
<for flavor="IN">
<iter>
<kw name="Dictionary Should Contain Key" owner="Collections">
<arg>${json_data['results'][0]}</arg>
<arg>${key}</arg>
<doc>Fails if ``key`` is not found from ``dictionary``.</doc>
<status status="PASS" start="2024-06-27T01:05:58.951717" elapsed="0.000437"/>
</kw>
<kw name="Log" owner="BuiltIn">
<msg time="2024-06-27T01:05:58.952693" level="INFO">{'gender': 'male', 'name': {'title': 'Mr', 'first': 'Martín', 'last': 'Prieto'}, 'location': {'street': {'number': 2250, 'name': 'Paseo de Extremadura'}, 'city': 'Parla', 'state': 'Canarias', 'country': 'Spain', 'postcode': 62259, 'coordinates': {'latitude': '-34.7759', 'longitude': '-149.9476'}, 'timezone': {'offset': '+6:00', 'description': 'Almaty, Dhaka, Colombo'}}, 'email': 'martin.prieto@example.com', 'login': {'uuid': 'cbc3ea29-4c9f-450c-bf43-1d210f349235', 'username': 'crazyduck191', 'password': 'volcano', 'salt': 'qWJ0vdWB', 'md5': '5bdb4d247dc36d3e3e84894782fc699f', 'sha1': 'fd7eb38fe5bb5e9f537663013150f1774d199479', 'sha256': 'afe66c860c6ab59f70bda59462a5272d4f05745abafdffd20dabc18fbd71d559'}, 'dob': {'date': '1992-05-26T00:09:11.601Z', 'age': 32}, 'registered': {'date': '2004-12-14T22:46:19.496Z', 'age': 19}, 'phone': '909-225-113', 'cell': '618-359-196', 'id': {'name': 'DNI', 'value': '91933922-G'}, 'picture': {'large': 'https://randomuser.me/api/portraits/men/10.jpg', 'medium': 'https://randomuser.me/api/portraits/med/men/10.jpg', 'thumbnail': 'https://randomuser.me/api/portraits/thumb/men/10.jpg'}, 'nat': 'ES'}</msg>
<arg>${json_data['results'][0]}</arg>
<doc>Logs the given message with the given level.</doc>
<status status="PASS" start="2024-06-27T01:05:58.952339" elapsed="0.000403"/>
</kw>
<kw name="Log" owner="BuiltIn">
<msg time="2024-06-27T01:05:58.953180" level="INFO">gender</msg>
<arg>${key}</arg>
<doc>Logs the given message with the given level.</doc>
<status status="PASS" start="2024-06-27T01:05:58.953041" elapsed="0.000176"/>
</kw>
<var name="${key}">gender</var>
<status status="PASS" start="2024-06-27T01:05:58.951595" elapsed="0.001838"/>
</iter>
<iter>
<kw name="Dictionary Should Contain Key" owner="Collections">
<arg>${json_data['results'][0]}</arg>
<arg>${key}</arg>
<doc>Fails if ``key`` is not found from ``dictionary``.</doc>
<status status="PASS" start="2024-06-27T01:05:58.953725" elapsed="0.000383"/>
</kw>
<kw name="Log" owner="BuiltIn">
<msg time="2024-06-27T01:05:58.954637" level="INFO">{'gender': 'male', 'name': {'title': 'Mr', 'first': 'Martín', 'last': 'Prieto'}, 'location': {'street': {'number': 2250, 'name': 'Paseo de Extremadura'}, 'city': 'Parla', 'state': 'Canarias', 'country': 'Spain', 'postcode': 62259, 'coordinates': {'latitude': '-34.7759', 'longitude': '-149.9476'}, 'timezone': {'offset': '+6:00', 'description': 'Almaty, Dhaka, Colombo'}}, 'email': 'martin.prieto@example.com', 'login': {'uuid': 'cbc3ea29-4c9f-450c-bf43-1d210f349235', 'username': 'crazyduck191', 'password': 'volcano', 'salt': 'qWJ0vdWB', 'md5': '5bdb4d247dc36d3e3e84894782fc699f', 'sha1': 'fd7eb38fe5bb5e9f537663013150f1774d199479', 'sha256': 'afe66c860c6ab59f70bda59462a5272d4f05745abafdffd20dabc18fbd71d559'}, 'dob': {'date': '1992-05-26T00:09:11.601Z', 'age': 32}, 'registered': {'date': '2004-12-14T22:46:19.496Z', 'age': 19}, 'phone': '909-225-113', 'cell': '618-359-196', 'id': {'name': 'DNI', 'value': '91933922-G'}, 'picture': {'large': 'https://randomuser.me/api/portraits/men/10.jpg', 'medium': 'https://randomuser.me/api/portraits/med/men/10.jpg', 'thumbnail': 'https://randomuser.me/api/portraits/thumb/men/10.jpg'}, 'nat': 'ES'}</msg>
<arg>${json_data['results'][0]}</arg>
<doc>Logs the given message with the given level.</doc>
<status status="PASS" start="2024-06-27T01:05:58.954285" elapsed="0.000432"/>
</kw>
<kw name="Log" owner="BuiltIn">
<msg time="2024-06-27T01:05:58.955141" level="INFO">name</msg>
<arg>${key}</arg>
<doc>Logs the given message with the given level.</doc>
<status status="PASS" start="2024-06-27T01:05:58.955014" elapsed="0.000164"/>
</kw>
<var name="${key}">name</var>
<status status="PASS" start="2024-06-27T01:05:58.953616" elapsed="0.001801"/>
</iter>
<iter>
<kw name="Dictionary Should Contain Key" owner="Collections">
<arg>${json_data['results'][0]}</arg>
<arg>${key}</arg>
<doc>Fails if ``key`` is not found from ``dictionary``.</doc>
<status status="PASS" start="2024-06-27T01:05:58.955698" elapsed="0.000412"/>
</kw>
<kw name="Log" owner="BuiltIn">
<msg time="2024-06-27T01:05:58.956639" level="INFO">{'gender': 'male', 'name': {'title': 'Mr', 'first': 'Martín', 'last': 'Prieto'}, 'location': {'street': {'number': 2250, 'name': 'Paseo de Extremadura'}, 'city': 'Parla', 'state': 'Canarias', 'country': 'Spain', 'postcode': 62259, 'coordinates': {'latitude': '-34.7759', 'longitude': '-149.9476'}, 'timezone': {'offset': '+6:00', 'description': 'Almaty, Dhaka, Colombo'}}, 'email': 'martin.prieto@example.com', 'login': {'uuid': 'cbc3ea29-4c9f-450c-bf43-1d210f349235', 'username': 'crazyduck191', 'password': 'volcano', 'salt': 'qWJ0vdWB', 'md5': '5bdb4d247dc36d3e3e84894782fc699f', 'sha1': 'fd7eb38fe5bb5e9f537663013150f1774d199479', 'sha256': 'afe66c860c6ab59f70bda59462a5272d4f05745abafdffd20dabc18fbd71d559'}, 'dob': {'date': '1992-05-26T00:09:11.601Z', 'age': 32}, 'registered': {'date': '2004-12-14T22:46:19.496Z', 'age': 19}, 'phone': '909-225-113', 'cell': '618-359-196', 'id': {'name': 'DNI', 'value': '91933922-G'}, 'picture': {'large': 'https://randomuser.me/api/portraits/men/10.jpg', 'medium': 'https://randomuser.me/api/portraits/med/men/10.jpg', 'thumbnail': 'https://randomuser.me/api/portraits/thumb/men/10.jpg'}, 'nat': 'ES'}</msg>
<arg>${json_data['results'][0]}</arg>
<doc>Logs the given message with the given level.</doc>
<status status="PASS" start="2024-06-27T01:05:58.956291" elapsed="0.000397"/>
</kw>
<kw name="Log" owner="BuiltIn">
<msg time="2024-06-27T01:05:58.957121" level="INFO">location</msg>
<arg>${key}</arg>
<doc>Logs the given message with the given level.</doc>
<status status="PASS" start="2024-06-27T01:05:58.956996" elapsed="0.000161"/>
</kw>
<var name="${key}">location</var>
<status status="PASS" start="2024-06-27T01:05:58.955592" elapsed="0.001781"/>
</iter>
<iter>
<kw name="Dictionary Should Contain Key" owner="Collections">
<arg>${json_data['results'][0]}</arg>
<arg>${key}</arg>
<doc>Fails if ``key`` is not found from ``dictionary``.</doc>
<status status="PASS" start="2024-06-27T01:05:58.957647" elapsed="0.000376"/>
</kw>
<kw name="Log" owner="BuiltIn">
<msg time="2024-06-27T01:05:58.958568" level="INFO">{'gender': 'male', 'name': {'title': 'Mr', 'first': 'Martín', 'last': 'Prieto'}, 'location': {'street': {'number': 2250, 'name': 'Paseo de Extremadura'}, 'city': 'Parla', 'state': 'Canarias', 'country': 'Spain', 'postcode': 62259, 'coordinates': {'latitude': '-34.7759', 'longitude': '-149.9476'}, 'timezone': {'offset': '+6:00', 'description': 'Almaty, Dhaka, Colombo'}}, 'email': 'martin.prieto@example.com', 'login': {'uuid': 'cbc3ea29-4c9f-450c-bf43-1d210f349235', 'username': 'crazyduck191', 'password': 'volcano', 'salt': 'qWJ0vdWB', 'md5': '5bdb4d247dc36d3e3e84894782fc699f', 'sha1': 'fd7eb38fe5bb5e9f537663013150f1774d199479', 'sha256': 'afe66c860c6ab59f70bda59462a5272d4f05745abafdffd20dabc18fbd71d559'}, 'dob': {'date': '1992-05-26T00:09:11.601Z', 'age': 32}, 'registered': {'date': '2004-12-14T22:46:19.496Z', 'age': 19}, 'phone': '909-225-113', 'cell': '618-359-196', 'id': {'name': 'DNI', 'value': '91933922-G'}, 'picture': {'large': 'https://randomuser.me/api/portraits/men/10.jpg', 'medium': 'https://randomuser.me/api/portraits/med/men/10.jpg', 'thumbnail': 'https://randomuser.me/api/portraits/thumb/men/10.jpg'}, 'nat': 'ES'}</msg>
<arg>${json_data['results'][0]}</arg>
<doc>Logs the given message with the given level.</doc>
<status status="PASS" start="2024-06-27T01:05:58.958217" elapsed="0.000400"/>
</kw>
<kw name="Log" owner="BuiltIn">
<msg time="2024-06-27T01:05:58.959031" level="INFO">email</msg>
<arg>${key}</arg>
<doc>Logs the given message with the given level.</doc>
<status status="PASS" start="2024-06-27T01:05:58.958907" elapsed="0.000161"/>
</kw>
<var name="${key}">email</var>
<status status="PASS" start="2024-06-27T01:05:58.957542" elapsed="0.001750"/>
</iter>
<iter>
<kw name="Dictionary Should Contain Key" owner="Collections">
<arg>${json_data['results'][0]}</arg>
<arg>${key}</arg>
<doc>Fails if ``key`` is not found from ``dictionary``.</doc>
<status status="PASS" start="2024-06-27T01:05:58.959582" elapsed="0.000417"/>
</kw>
<kw name="Log" owner="BuiltIn">
<msg time="2024-06-27T01:05:58.960538" level="INFO">{'gender': 'male', 'name': {'title': 'Mr', 'first': 'Martín', 'last': 'Prieto'}, 'location': {'street': {'number': 2250, 'name': 'Paseo de Extremadura'}, 'city': 'Parla', 'state': 'Canarias', 'country': 'Spain', 'postcode': 62259, 'coordinates': {'latitude': '-34.7759', 'longitude': '-149.9476'}, 'timezone': {'offset': '+6:00', 'description': 'Almaty, Dhaka, Colombo'}}, 'email': 'martin.prieto@example.com', 'login': {'uuid': 'cbc3ea29-4c9f-450c-bf43-1d210f349235', 'username': 'crazyduck191', 'password': 'volcano', 'salt': 'qWJ0vdWB', 'md5': '5bdb4d247dc36d3e3e84894782fc699f', 'sha1': 'fd7eb38fe5bb5e9f537663013150f1774d199479', 'sha256': 'afe66c860c6ab59f70bda59462a5272d4f05745abafdffd20dabc18fbd71d559'}, 'dob': {'date': '1992-05-26T00:09:11.601Z', 'age': 32}, 'registered': {'date': '2004-12-14T22:46:19.496Z', 'age': 19}, 'phone': '909-225-113', 'cell': '618-359-196', 'id': {'name': 'DNI', 'value': '91933922-G'}, 'picture': {'large': 'https://randomuser.me/api/portraits/men/10.jpg', 'medium': 'https://randomuser.me/api/portraits/med/men/10.jpg', 'thumbnail': 'https://randomuser.me/api/portraits/thumb/men/10.jpg'}, 'nat': 'ES'}</msg>
<arg>${json_data['results'][0]}</arg>
<doc>Logs the given message with the given level.</doc>
<status status="PASS" start="2024-06-27T01:05:58.960188" elapsed="0.000398"/>
</kw>
<kw name="Log" owner="BuiltIn">
<msg time="2024-06-27T01:05:58.961001" level="INFO">login</msg>
<arg>${key}</arg>
<doc>Logs the given message with the given level.</doc>
<status status="PASS" start="2024-06-27T01:05:58.960878" elapsed="0.000160"/>
</kw>
<var name="${key}">login</var>
<status status="PASS" start="2024-06-27T01:05:58.959468" elapsed="0.001779"/>
</iter>
<var>${key}</var>
<value>@{expected_keys}</value>
<status status="PASS" start="2024-06-27T01:05:58.951405" elapsed="0.009959"/>
</for>
<kw name="Create List" owner="BuiltIn">
<msg time="2024-06-27T01:05:58.961688" level="INFO">${expected_keysTwo} = ['username', 'password']</msg>
<var>${expected_keysTwo}</var>
<arg>username</arg>
<arg>password</arg>
<doc>Returns a list containing given items.</doc>
<status status="PASS" start="2024-06-27T01:05:58.961548" elapsed="0.000164"/>
</kw>
<for flavor="IN">
<iter>
<kw name="Dictionary Should Contain Key" owner="Collections">
<arg>${json_data['results'][0]['login']}</arg>
<arg>${keyTwo}</arg>
<doc>Fails if ``key`` is not found from ``dictionary``.</doc>
<status status="PASS" start="2024-06-27T01:05:58.962224" elapsed="0.000381"/>
</kw>
<kw name="Dictionary Should Contain Key" owner="Collections">
<arg>${json_data['results'][0]['login']}</arg>
<arg>${keyTwo}</arg>
<doc>Fails if ``key`` is not found from ``dictionary``.</doc>
<status status="PASS" start="2024-06-27T01:05:58.962780" elapsed="0.000366"/>
</kw>
<kw name="Log" owner="BuiltIn">
<msg time="2024-06-27T01:05:58.963438" level="INFO">username</msg>
<arg>${keyTwo}</arg>
<doc>Logs the given message with the given level.</doc>
<status status="PASS" start="2024-06-27T01:05:58.963320" elapsed="0.000154"/>
</kw>
<var name="${keyTwo}">username</var>
<status status="PASS" start="2024-06-27T01:05:58.962120" elapsed="0.001575"/>
</iter>
<iter>
<kw name="Dictionary Should Contain Key" owner="Collections">
<arg>${json_data['results'][0]['login']}</arg>
<arg>${keyTwo}</arg>
<doc>Fails if ``key`` is not found from ``dictionary``.</doc>
<status status="PASS" start="2024-06-27T01:05:58.964002" elapsed="0.000399"/>
</kw>
<kw name="Dictionary Should Contain Key" owner="Collections">
<arg>${json_data['results'][0]['login']}</arg>
<arg>${keyTwo}</arg>
<doc>Fails if ``key`` is not found from ``dictionary``.</doc>
<status status="PASS" start="2024-06-27T01:05:58.964577" elapsed="0.000364"/>
</kw>
<kw name="Log" owner="BuiltIn">
<msg time="2024-06-27T01:05:58.965229" level="INFO">password</msg>
<arg>${keyTwo}</arg>
<doc>Logs the given message with the given level.</doc>
<status status="PASS" start="2024-06-27T01:05:58.965113" elapsed="0.000157"/>
</kw>
<var name="${keyTwo}">password</var>
<status status="PASS" start="2024-06-27T01:05:58.963864" elapsed="0.001715"/>
</iter>
<var>${keyTwo}</var>
<value>@{expected_keysTwo}</value>
<status status="PASS" start="2024-06-27T01:05:58.961970" elapsed="0.003728"/>
</for>
<status status="PASS" start="2024-06-27T01:05:58.857018" elapsed="0.108818"/>
</kw>
<doc>Testa a estrutura da resposta da API.</doc>
<tag>testeEstruturaResposta</tag>
<status status="PASS" start="2024-06-27T01:05:58.856488" elapsed="0.109498"/>
</test>
<test id="s1-s1-t4" name="Validar tipos de dados" line="28">
<kw name="Teste de Tipos de Dados" owner="random-user-service">
<kw name="GET On Session" owner="RequestsLibrary">
<msg time="2024-06-27T01:05:59.048138" level="INFO">GET Request : url=https://randomuser.me/api 
 path_url=/api 
 headers={'User-Agent': 'python-requests/2.32.3', 'Accept-Encoding': 'gzip, deflate', 'Accept': '*/*', 'Connection': 'keep-alive'} 
 body=None 
 </msg>
<msg time="2024-06-27T01:05:59.048219" level="INFO">GET Response : url=https://randomuser.me/api 
 status=200, reason=OK 
 headers={'Date': 'Thu, 27 Jun 2024 01:05:59 GMT', 'Content-Type': 'application/json; charset=utf-8', 'Transfer-Encoding': 'chunked', 'Connection': 'keep-alive', 'X-Powered-By': 'Express', 'Access-Control-Allow-Origin': '*', 'Cache-Control': 'no-cache', 'ETag': 'W/"499-IIp/0hQIS24NbWctHuR02hp7eFQ"', 'Vary': 'Accept-Encoding', 'Content-Encoding': 'gzip', 'CF-Cache-Status': 'DYNAMIC', 'Report-To': '{"endpoints":[{"url":"https:\\/\\/a.nel.cloudflare.com\\/report\\/v4?s=ey8SChoQF1X0wg0mOnRozZlTFflMUMfQeT4K6ytFk214wto9NbGQUVwAOn6hz1gDWIT1OnaxLDqqXvRP8HGfbe%2BW5MEO%2Ffu4bcalr81s%2B3Y%2FLiWjPHAEeZDYEnMvbuuT"}],"group":"cf-nel","max_age":604800}', 'NEL': '{"success_fraction":0,"report_to":"cf-nel","max_age":604800}', 'Server': 'cloudflare', 'CF-RAY': '89a18827992507df-IAD', 'alt-svc': 'h3=":443"; ma=86400'} 
 body={"results":[{"gender":"male","name":{"title":"Mr","first":"Klaus-Dieter","last":"Gutzeit"},"location":{"street":{"number":304,"name":"Waldstraße"},"city":"Eislingen/Fils","state":"Nordrhein-Westfalen","country":"Germany","postcode":12798,"coordinates":{"latitude":"-50.1090","longitude":"-6.6852"},"timezone":{"offset":"-9:00","description":"Alaska"}},"email":"klaus-dieter.gutzeit@example.com","login":{"uuid":"9410f390-f84a-4eec-bc0a-3f568ba640ba","username":"beautifulostrich324","password":"sebastia","salt":"8IrN56X7","md5":"b01d8b94f06d140e9d8201110a5f0531","sha1":"8e76e5c18bd5279182dee6f3ca8107492f351008","sha256":"6b09f1807b99f3bcf05c5ba7f378a89b2e05952aaa0404ea61b1e254711f112a"},"dob":{"date":"2000-04-29T19:18:59.963Z","age":24},"registered":{"date":"2009-03-11T10:26:27.940Z","age":15},"phone":"0576-4206647","cell":"0179-5819760","id":{"name":"SVNR","value":"11 2904100 G 317"},"picture":{"large":"https://randomuser.me/api/portraits/men/38.jpg","medium":"https://randomuser.me/api/portraits/med/men/38.jpg","thumbnail":"https://randomuser.me/api/portraits/thumb/men/38.jpg"},"nat":"DE"}],"info":{"seed":"78241c621fbbda5d","results":1,"page":1,"version":"1.4"}} 
 </msg>
<msg time="2024-06-27T01:05:59.048293" level="INFO">/opt/hostedtoolcache/Python/3.12.4/x64/lib/python3.12/site-packages/urllib3/connectionpool.py:1099: InsecureRequestWarning: Unverified HTTPS request is being made to host 'randomuser.me'. Adding certificate verification is strongly advised. See: https://urllib3.readthedocs.io/en/latest/advanced-usage.html#tls-warnings
  warnings.warn(</msg>
<msg time="2024-06-27T01:05:59.048413" level="INFO">${response} = &lt;Response [200]&gt;</msg>
<var>${response}</var>
<arg>consultarAPI</arg>
<arg>/api</arg>
<doc>Sends a GET request on a previously created HTTP Session.</doc>
<status status="PASS" start="2024-06-27T01:05:58.968435" elapsed="0.080026"/>
</kw>
<kw name="Set Variable" owner="BuiltIn">
<msg time="2024-06-27T01:05:59.049576" level="INFO">${json_data} = {'results': [{'gender': 'male', 'name': {'title': 'Mr', 'first': 'Klaus-Dieter', 'last': 'Gutzeit'}, 'location': {'street': {'number': 304, 'name': 'Waldstraße'}, 'city': 'Eislingen/Fils', 'state': 'N...</msg>
<var>${json_data}</var>
<arg>${response.json()}</arg>
<doc>Returns the given values which can then be assigned to a variables.</doc>
<status status="PASS" start="2024-06-27T01:05:59.048985" elapsed="0.000621"/>
</kw>
<kw name="Log" owner="BuiltIn">
<msg time="2024-06-27T01:05:59.050076" level="INFO">{'results': [{'gender': 'male', 'name': {'title': 'Mr', 'first': 'Klaus-Dieter', 'last': 'Gutzeit'}, 'location': {'street': {'number': 304, 'name': 'Waldstraße'}, 'city': 'Eislingen/Fils', 'state': 'Nordrhein-Westfalen', 'country': 'Germany', 'postcode': 12798, 'coordinates': {'latitude': '-50.1090', 'longitude': '-6.6852'}, 'timezone': {'offset': '-9:00', 'description': 'Alaska'}}, 'email': 'klaus-dieter.gutzeit@example.com', 'login': {'uuid': '9410f390-f84a-4eec-bc0a-3f568ba640ba', 'username': 'beautifulostrich324', 'password': 'sebastia', 'salt': '8IrN56X7', 'md5': 'b01d8b94f06d140e9d8201110a5f0531', 'sha1': '8e76e5c18bd5279182dee6f3ca8107492f351008', 'sha256': '6b09f1807b99f3bcf05c5ba7f378a89b2e05952aaa0404ea61b1e254711f112a'}, 'dob': {'date': '2000-04-29T19:18:59.963Z', 'age': 24}, 'registered': {'date': '2009-03-11T10:26:27.940Z', 'age': 15}, 'phone': '0576-4206647', 'cell': '0179-5819760', 'id': {'name': 'SVNR', 'value': '11 2904100 G 317'}, 'picture': {'large': 'https://randomuser.me/api/portraits/men/38.jpg', 'medium': 'https://randomuser.me/api/portraits/med/men/38.jpg', 'thumbnail': 'https://randomuser.me/api/portraits/thumb/men/38.jpg'}, 'nat': 'DE'}], 'info': {'seed': '78241c621fbbda5d', 'results': 1, 'page': 1, 'version': '1.4'}}</msg>
<arg>${json_data}</arg>
<doc>Logs the given message with the given level.</doc>
<status status="PASS" start="2024-06-27T01:05:59.049918" elapsed="0.000205"/>
</kw>
<kw name="Should Be String" owner="String">
<arg>${json_data['results'][0]['gender']}</arg>
<doc>Fails if the given ``item`` is not a string.</doc>
<status status="PASS" start="2024-06-27T01:05:59.050413" elapsed="0.000356"/>
</kw>
<kw name="Should Match Regexp" owner="BuiltIn">
<arg>${json_data['results'][0]['email']}</arg>
<arg>^[a-zA-Z0-9._%+-]+@[a-zA-Z0-9.-]+\.[a-zA-Z]{2,}$</arg>
<doc>Fails if ``string`` does not match ``pattern`` as a regular expression.</doc>
<status status="PASS" start="2024-06-27T01:05:59.050955" elapsed="0.000506"/>
</kw>
<kw name="Should Match Regexp" owner="BuiltIn">
<arg>${json_data['results'][0]['dob']['date']}</arg>
<arg>\\d{4}-\\d{2}-\\d{2}T\\d{2}:\\d{2}:\\d{2}\\.\\d{3}Z</arg>
<doc>Fails if ``string`` does not match ``pattern`` as a regular expression.</doc>
<status status="PASS" start="2024-06-27T01:05:59.051685" elapsed="0.000527"/>
</kw>
<kw name="Should Match Regexp" owner="BuiltIn">
<arg>${json_data['results'][0]['registered']['date']}</arg>
<arg>\\d{4}-\\d{2}-\\d{2}T\\d{2}:\\d{2}:\\d{2}\\.\\d{3}Z</arg>
<doc>Fails if ``string`` does not match ``pattern`` as a regular expression.</doc>
<status status="PASS" start="2024-06-27T01:05:59.052406" elapsed="0.000369"/>
</kw>
<kw name="Should Match Regexp" owner="BuiltIn">
<arg>${json_data['results'][0]['picture']['large']}</arg>
<arg>^https?://.*\.(?:png|jpe?g|gif|bmp)$</arg>
<doc>Fails if ``string`` does not match ``pattern`` as a regular expression.</doc>
<status status="PASS" start="2024-06-27T01:05:59.052957" elapsed="0.000454"/>
</kw>
<kw name="Should Match Regexp" owner="BuiltIn">
<arg>${json_data['results'][0]['picture']['medium']}</arg>
<arg>^https?://.*\.(?:png|jpe?g|gif|bmp)$</arg>
<doc>Fails if ``string`` does not match ``pattern`` as a regular expression.</doc>
<status status="PASS" start="2024-06-27T01:05:59.053595" elapsed="0.000351"/>
</kw>
<kw name="Should Match Regexp" owner="BuiltIn">
<arg>${json_data['results'][0]['picture']['thumbnail']}</arg>
<arg>^https?://.*\.(?:png|jpe?g|gif|bmp)$</arg>
<doc>Fails if ``string`` does not match ``pattern`` as a regular expression.</doc>
<status status="PASS" start="2024-06-27T01:05:59.054133" elapsed="0.000345"/>
</kw>
<kw name="Log" owner="BuiltIn">
<msg time="2024-06-27T01:05:59.054993" level="INFO">{'large': 'https://randomuser.me/api/portraits/men/38.jpg', 'medium': 'https://randomuser.me/api/portraits/med/men/38.jpg', 'thumbnail': 'https://randomuser.me/api/portraits/thumb/men/38.jpg'}</msg>
<arg>${json_data['results'][0]['picture']}</arg>
<doc>Logs the given message with the given level.</doc>
<status status="PASS" start="2024-06-27T01:05:59.054664" elapsed="0.000371"/>
</kw>
<status status="PASS" start="2024-06-27T01:05:58.968214" elapsed="0.087076"/>
</kw>
<kw name="Teste de Tipos de Dados - Postcode" owner="random-user-service">
<kw name="GET On Session" owner="RequestsLibrary">
<msg time="2024-06-27T01:05:59.148641" level="INFO">GET Request : url=https://randomuser.me/api 
 path_url=/api 
 headers={'User-Agent': 'python-requests/2.32.3', 'Accept-Encoding': 'gzip, deflate', 'Accept': '*/*', 'Connection': 'keep-alive'} 
 body=None 
 </msg>
<msg time="2024-06-27T01:05:59.148740" level="INFO">GET Response : url=https://randomuser.me/api 
 status=200, reason=OK 
 headers={'Date': 'Thu, 27 Jun 2024 01:05:59 GMT', 'Content-Type': 'application/json; charset=utf-8', 'Transfer-Encoding': 'chunked', 'Connection': 'keep-alive', 'X-Powered-By': 'Express', 'Access-Control-Allow-Origin': '*', 'Cache-Control': 'no-cache', 'ETag': 'W/"4b2-Kh9x8O5/HnWahip1+etEuNeDUtM"', 'Vary': 'Accept-Encoding', 'Content-Encoding': 'gzip', 'CF-Cache-Status': 'DYNAMIC', 'Report-To': '{"endpoints":[{"url":"https:\\/\\/a.nel.cloudflare.com\\/report\\/v4?s=VT9%2B6%2BTKjKeiwakzz4WNjF4NaYWAB%2FqZ%2FCh%2FCJH6ZHpDMdYRt2ug1SnLZaJrtvRJUylT9e%2FWxvdlKpEnXdmwfMjIaSpga5NK86aRO994MIy4gRM0YBH%2B9DPNtYAtY%2FhI"}],"group":"cf-nel","max_age":604800}', 'NEL': '{"success_fraction":0,"report_to":"cf-nel","max_age":604800}', 'Server': 'cloudflare', 'CF-RAY': '89a1882819ae07df-IAD', 'alt-svc': 'h3=":443"; ma=86400'} 
 body={"results":[{"gender":"female","name":{"title":"Mademoiselle","first":"Hannelore","last":"Riviere"},"location":{"street":{"number":5284,"name":"Rue Abel-Gance"},"city":"Ballens","state":"Luzern","country":"Switzerland","postcode":6582,"coordinates":{"latitude":"-57.7623","longitude":"171.4008"},"timezone":{"offset":"-6:00","description":"Central Time (US &amp; Canada), Mexico City"}},"email":"hannelore.riviere@example.com","login":{"uuid":"6d338507-a1a7-4f79-9f84-b16a659f9910","username":"brownpanda177","password":"lesley","salt":"eOC7EMh0","md5":"2b280fc529842de16141b0fa9e05f633","sha1":"1711d31355c020c630b6a73686f85219ce61c6f9","sha256":"fd835e8b8544b1a988eba498313677d059a682861e810ae31bcb636c6717a9b7"},"dob":{"date":"1968-04-28T10:52:51.327Z","age":56},"registered":{"date":"2015-09-12T05:29:41.230Z","age":8},"phone":"079 550 06 18","cell":"077 443 98 93","id":{"name":"AVS","value":"756.8136.5142.88"},"picture":{"large":"https://randomuser.me/api/portraits/women/41.jpg","medium":"https://randomuser.me/api/portraits/med/women/41.jpg","thumbnail":"https://randomuser.me/api/portraits/thumb/women/41.jpg"},"nat":"CH"}],"info":{"seed":"1e310c9250ff26ae","results":1,"page":1,"version":"1.4"}} 
 </msg>
<msg time="2024-06-27T01:05:59.148821" level="INFO">/opt/hostedtoolcache/Python/3.12.4/x64/lib/python3.12/site-packages/urllib3/connectionpool.py:1099: InsecureRequestWarning: Unverified HTTPS request is being made to host 'randomuser.me'. Adding certificate verification is strongly advised. See: https://urllib3.readthedocs.io/en/latest/advanced-usage.html#tls-warnings
  warnings.warn(</msg>
<msg time="2024-06-27T01:05:59.148956" level="INFO">${response} = &lt;Response [200]&gt;</msg>
<var>${response}</var>
<arg>consultarAPI</arg>
<arg>/api</arg>
<doc>Sends a GET request on a previously created HTTP Session.</doc>
<status status="PASS" start="2024-06-27T01:05:59.055721" elapsed="0.093277"/>
</kw>
<kw name="Set Variable" owner="BuiltIn">
<msg time="2024-06-27T01:05:59.150144" level="INFO">${json_data} = {'results': [{'gender': 'female', 'name': {'title': 'Mademoiselle', 'first': 'Hannelore', 'last': 'Riviere'}, 'location': {'street': {'number': 5284, 'name': 'Rue Abel-Gance'}, 'city': 'Ballens', 'sta...</msg>
<var>${json_data}</var>
<arg>${response.json()}</arg>
<doc>Returns the given values which can then be assigned to a variables.</doc>
<status status="PASS" start="2024-06-27T01:05:59.149578" elapsed="0.000594"/>
</kw>
<kw name="Log" owner="BuiltIn">
<msg time="2024-06-27T01:05:59.150633" level="INFO">{'results': [{'gender': 'female', 'name': {'title': 'Mademoiselle', 'first': 'Hannelore', 'last': 'Riviere'}, 'location': {'street': {'number': 5284, 'name': 'Rue Abel-Gance'}, 'city': 'Ballens', 'state': 'Luzern', 'country': 'Switzerland', 'postcode': 6582, 'coordinates': {'latitude': '-57.7623', 'longitude': '171.4008'}, 'timezone': {'offset': '-6:00', 'description': 'Central Time (US &amp; Canada), Mexico City'}}, 'email': 'hannelore.riviere@example.com', 'login': {'uuid': '6d338507-a1a7-4f79-9f84-b16a659f9910', 'username': 'brownpanda177', 'password': 'lesley', 'salt': 'eOC7EMh0', 'md5': '2b280fc529842de16141b0fa9e05f633', 'sha1': '1711d31355c020c630b6a73686f85219ce61c6f9', 'sha256': 'fd835e8b8544b1a988eba498313677d059a682861e810ae31bcb636c6717a9b7'}, 'dob': {'date': '1968-04-28T10:52:51.327Z', 'age': 56}, 'registered': {'date': '2015-09-12T05:29:41.230Z', 'age': 8}, 'phone': '079 550 06 18', 'cell': '077 443 98 93', 'id': {'name': 'AVS', 'value': '756.8136.5142.88'}, 'picture': {'large': 'https://randomuser.me/api/portraits/women/41.jpg', 'medium': 'https://randomuser.me/api/portraits/med/women/41.jpg', 'thumbnail': 'https://randomuser.me/api/portraits/thumb/women/41.jpg'}, 'nat': 'CH'}], 'info': {'seed': '1e310c9250ff26ae', 'results': 1, 'page': 1, 'version': '1.4'}}</msg>
<arg>${json_data}</arg>
<doc>Logs the given message with the given level.</doc>
<status status="PASS" start="2024-06-27T01:05:59.150475" elapsed="0.000205"/>
</kw>
<kw name="Should Be Equal As Numbers" owner="BuiltIn">
<arg>${json_data['results'][0]['location']['postcode']}</arg>
<arg>${json_data['results'][0]['location']['postcode']}</arg>
<doc>Fails if objects are unequal after converting them to real numbers.</doc>
<status status="PASS" start="2024-06-27T01:05:59.150967" elapsed="0.000624"/>
</kw>
<kw name="Log" owner="BuiltIn">
<msg time="2024-06-27T01:05:59.152326" level="INFO">6582</msg>
<arg>${json_data['results'][0]['location']['postcode']}</arg>
<doc>Logs the given message with the given level.</doc>
<status status="PASS" start="2024-06-27T01:05:59.151781" elapsed="0.000587"/>
</kw>
<status status="PASS" start="2024-06-27T01:05:59.055506" elapsed="0.097144"/>
</kw>
<doc>Testa se os tipos de dados na resposta da API estão corretos.</doc>
<tag>testeTiposDados</tag>
<status status="PASS" start="2024-06-27T01:05:58.967747" elapsed="0.185071"/>
</test>
<test id="s1-s1-t5" name="Validar conteudo" line="35">
<kw name="Teste de Tipos de Conteudo" owner="random-user-service">
<kw name="GET On Session" owner="RequestsLibrary">
<msg time="2024-06-27T01:05:59.278276" level="INFO">GET Request : url=https://randomuser.me/api 
 path_url=/api 
 headers={'User-Agent': 'python-requests/2.32.3', 'Accept-Encoding': 'gzip, deflate', 'Accept': '*/*', 'Connection': 'keep-alive'} 
 body=None 
 </msg>
<msg time="2024-06-27T01:05:59.278362" level="INFO">GET Response : url=https://randomuser.me/api 
 status=200, reason=OK 
 headers={'Date': 'Thu, 27 Jun 2024 01:05:59 GMT', 'Content-Type': 'application/json; charset=utf-8', 'Transfer-Encoding': 'chunked', 'Connection': 'keep-alive', 'X-Powered-By': 'Express', 'Access-Control-Allow-Origin': '*', 'Cache-Control': 'no-cache', 'ETag': 'W/"47e-3WoOwJuUHN5ehxxn6vxzU8BW12s"', 'Vary': 'Accept-Encoding', 'Content-Encoding': 'gzip', 'CF-Cache-Status': 'DYNAMIC', 'Report-To': '{"endpoints":[{"url":"https:\\/\\/a.nel.cloudflare.com\\/report\\/v4?s=sYIPg2i5GXbf%2FZe0Xb0Sujmx7VeACbR6Q55awZ7OcpvBDSQhyqIcr2G3t%2BKo2qRTgkjoFc8lk1r76g3gQRW%2F26lMHk7uUwwSMhebThF50UKPiyuiAq%2BLh307IyuzTuEL"}],"group":"cf-nel","max_age":604800}', 'NEL': '{"success_fraction":0,"report_to":"cf-nel","max_age":604800}', 'Server': 'cloudflare', 'CF-RAY': '89a18828ba4a07df-IAD', 'alt-svc': 'h3=":443"; ma=86400'} 
 body={"results":[{"gender":"female","name":{"title":"Ms","first":"زهرا","last":"رضاییان"},"location":{"street":{"number":2644,"name":"دکتر چمران"},"city":"اسلام‌شهر","state":"تهران","country":"Iran","postcode":53542,"coordinates":{"latitude":"15.3374","longitude":"140.4877"},"timezone":{"offset":"+4:30","description":"Kabul"}},"email":"zhr.rdyyn@example.com","login":{"uuid":"63ba4414-7c21-4dfb-a5f4-6c4d2f204f86","username":"crazygoose828","password":"zhou","salt":"Ujf18SAt","md5":"15716fb38e7e7791473cade8b8e8669e","sha1":"3fb2d458bba3ac202922370db3af477b189cd0a9","sha256":"de6647fa0487ccc07d32123f16a302a736395deef2aac2e3b2389b4f7c1dee63"},"dob":{"date":"1960-08-17T16:42:12.625Z","age":63},"registered":{"date":"2018-12-27T10:08:40.350Z","age":5},"phone":"091-03953036","cell":"0965-205-9527","id":{"name":"","value":null},"picture":{"large":"https://randomuser.me/api/portraits/women/13.jpg","medium":"https://randomuser.me/api/portraits/med/women/13.jpg","thumbnail":"https://randomuser.me/api/portraits/thumb/women/13.jpg"},"nat":"IR"}],"info":{"seed":"e1089d085145c510","results":1,"page":1,"version":"1.4"}} 
 </msg>
<msg time="2024-06-27T01:05:59.278430" level="INFO">/opt/hostedtoolcache/Python/3.12.4/x64/lib/python3.12/site-packages/urllib3/connectionpool.py:1099: InsecureRequestWarning: Unverified HTTPS request is being made to host 'randomuser.me'. Adding certificate verification is strongly advised. See: https://urllib3.readthedocs.io/en/latest/advanced-usage.html#tls-warnings
  warnings.warn(</msg>
<msg time="2024-06-27T01:05:59.278535" level="INFO">${response} = &lt;Response [200]&gt;</msg>
<var>${response}</var>
<arg>consultarAPI</arg>
<arg>/api</arg>
<doc>Sends a GET request on a previously created HTTP Session.</doc>
<status status="PASS" start="2024-06-27T01:05:59.155218" elapsed="0.123357"/>
</kw>
<kw name="Set Variable" owner="BuiltIn">
<msg time="2024-06-27T01:05:59.279697" level="INFO">${json_data} = {'results': [{'gender': 'female', 'name': {'title': 'Ms', 'first': 'زهرا', 'last': 'رضاییان'}, 'location': {'street': {'number': 2644, 'name': 'دکتر چمران'}, 'city': 'اسلام\u200cشهر', 'state': 'تهران'...</msg>
<var>${json_data}</var>
<arg>${response.json()}</arg>
<doc>Returns the given values which can then be assigned to a variables.</doc>
<status status="PASS" start="2024-06-27T01:05:59.279116" elapsed="0.000612"/>
</kw>
<kw name="Set Variable" owner="BuiltIn">
<msg time="2024-06-27T01:05:59.280462" level="INFO">${name_title} = Ms</msg>
<var>${name_title}</var>
<arg>${json_data["results"][0]["name"]["title"]}</arg>
<doc>Returns the given values which can then be assigned to a variables.</doc>
<status status="PASS" start="2024-06-27T01:05:59.280076" elapsed="0.000411"/>
</kw>
<kw name="Create List" owner="BuiltIn">
<msg time="2024-06-27T01:05:59.280929" level="INFO">${allowed_titles} = ['Mr', 'Ms', 'Miss', 'Mrs', 'Madame', 'Monsieur']</msg>
<var>${allowed_titles}</var>
<arg>Mr</arg>
<arg>Ms</arg>
<arg>Miss</arg>
<arg>Mrs</arg>
<arg>Madame</arg>
<arg>Monsieur</arg>
<doc>Returns a list containing given items.</doc>
<status status="PASS" start="2024-06-27T01:05:59.280782" elapsed="0.000171"/>
</kw>
<kw name="List Should Contain Value" owner="Collections">
<arg>${allowed_titles}</arg>
<arg>${name_title}</arg>
<doc>Fails if the ``value`` is not found from ``list``.</doc>
<status status="PASS" start="2024-06-27T01:05:59.281251" elapsed="0.000175"/>
</kw>
<kw name="Set Variable" owner="BuiltIn">
<msg time="2024-06-27T01:05:59.281971" level="INFO">${name_country} = IR</msg>
<var>${name_country}</var>
<arg>${json_data["results"][0]["nat"]}</arg>
<doc>Returns the given values which can then be assigned to a variables.</doc>
<status status="PASS" start="2024-06-27T01:05:59.281603" elapsed="0.000393"/>
</kw>
<kw name="Create List" owner="BuiltIn">
<msg time="2024-06-27T01:05:59.282871" level="INFO">${list_country} = ['AD', 'AE', 'AF', 'AG', 'AI', 'AL', 'AM', 'AO', 'AQ', 'AR', 'AS', 'AT', 'AU', 'AW', 'AX', 'AZ', 'BA', 'BB', 'BD', 'BE', 'BF', 'BG', 'BH', 'BI', 'BJ', 'BL', 'BM', 'BN', 'BO', 'BQ', 'BR', 'BS', 'BT', '...</msg>
<var>${list_country}</var>
<arg>AD</arg>
<arg>AE</arg>
<arg>AF</arg>
<arg>AG</arg>
<arg>AI</arg>
<arg>AL</arg>
<arg>AM</arg>
<arg>AO</arg>
<arg>AQ</arg>
<arg>AR</arg>
<arg>AS</arg>
<arg>AT</arg>
<arg>AU</arg>
<arg>AW</arg>
<arg>AX</arg>
<arg>AZ</arg>
<arg>BA</arg>
<arg>BB</arg>
<arg>BD</arg>
<arg>BE</arg>
<arg>BF</arg>
<arg>BG</arg>
<arg>BH</arg>
<arg>BI</arg>
<arg>BJ</arg>
<arg>BL</arg>
<arg>BM</arg>
<arg>BN</arg>
<arg>BO</arg>
<arg>BQ</arg>
<arg>BR</arg>
<arg>BS</arg>
<arg>BT</arg>
<arg>BV</arg>
<arg>BW</arg>
<arg>BY</arg>
<arg>BZ</arg>
<arg>CA</arg>
<arg>CC</arg>
<arg>CD</arg>
<arg>CF</arg>
<arg>CG</arg>
<arg>CH</arg>
<arg>CI</arg>
<arg>CK</arg>
<arg>CL</arg>
<arg>CM</arg>
<arg>CN</arg>
<arg>CO</arg>
<arg>CR</arg>
<arg>CU</arg>
<arg>CV</arg>
<arg>CW</arg>
<arg>CX</arg>
<arg>CY</arg>
<arg>CZ</arg>
<arg>DE</arg>
<arg>DJ</arg>
<arg>DK</arg>
<arg>DM</arg>
<arg>DO</arg>
<arg>DZ</arg>
<arg>EC</arg>
<arg>EE</arg>
<arg>EG</arg>
<arg>EH</arg>
<arg>ER</arg>
<arg>ES</arg>
<arg>ET</arg>
<arg>FI</arg>
<arg>FJ</arg>
<arg>FK</arg>
<arg>FM</arg>
<arg>FO</arg>
<arg>FR</arg>
<arg>GA</arg>
<arg>GB</arg>
<arg>GD</arg>
<arg>GE</arg>
<arg>GF</arg>
<arg>GG</arg>
<arg>GH</arg>
<arg>GI</arg>
<arg>GL</arg>
<arg>GM</arg>
<arg>GN</arg>
<arg>GP</arg>
<arg>GQ</arg>
<arg>GR</arg>
<arg>GS</arg>
<arg>GT</arg>
<arg>GU</arg>
<arg>GW</arg>
<arg>GY</arg>
<arg>HK</arg>
<arg>HM</arg>
<arg>HN</arg>
<arg>HR</arg>
<arg>HT</arg>
<arg>HU</arg>
<arg>ID</arg>
<arg>IE</arg>
<arg>IL</arg>
<arg>IM</arg>
<arg>IN</arg>
<arg>IO</arg>
<arg>IQ</arg>
<arg>IR</arg>
<arg>IS</arg>
<arg>IT</arg>
<arg>JE</arg>
<arg>JM</arg>
<arg>JO</arg>
<arg>JP</arg>
<arg>KE</arg>
<arg>KG</arg>
<arg>KH</arg>
<arg>KI</arg>
<arg>KM</arg>
<arg>KN</arg>
<arg>KP</arg>
<arg>KR</arg>
<arg>KW</arg>
<arg>KY</arg>
<arg>KZ</arg>
<arg>LA</arg>
<arg>LB</arg>
<arg>LC</arg>
<arg>LI</arg>
<arg>LK</arg>
<arg>LR</arg>
<arg>LS</arg>
<arg>LT</arg>
<arg>LU</arg>
<arg>LV</arg>
<arg>LY</arg>
<arg>MA</arg>
<arg>MC</arg>
<arg>MD</arg>
<arg>ME</arg>
<arg>MF</arg>
<arg>MG</arg>
<arg>MH</arg>
<arg>MK</arg>
<arg>ML</arg>
<arg>MM</arg>
<arg>MN</arg>
<arg>MO</arg>
<arg>MP</arg>
<arg>MQ</arg>
<arg>MR</arg>
<arg>MS</arg>
<arg>MT</arg>
<arg>MU</arg>
<arg>MV</arg>
<arg>MW</arg>
<arg>MX</arg>
<arg>MY</arg>
<arg>MZ</arg>
<arg>NA</arg>
<arg>NC</arg>
<arg>NE</arg>
<arg>NF</arg>
<arg>NG</arg>
<arg>NI</arg>
<arg>NL</arg>
<arg>NO</arg>
<arg>NP</arg>
<arg>NR</arg>
<arg>NU</arg>
<arg>NZ</arg>
<arg>OM</arg>
<arg>PA</arg>
<arg>PE</arg>
<arg>PF</arg>
<arg>PG</arg>
<arg>PH</arg>
<arg>PK</arg>
<arg>PL</arg>
<arg>PM</arg>
<arg>PN</arg>
<arg>PR</arg>
<arg>PS</arg>
<arg>PT</arg>
<arg>PW</arg>
<arg>PY</arg>
<arg>QA</arg>
<arg>RE</arg>
<arg>RO</arg>
<arg>RS</arg>
<arg>RU</arg>
<arg>RW</arg>
<arg>SA</arg>
<arg>SB</arg>
<arg>SC</arg>
<arg>SD</arg>
<arg>SE</arg>
<arg>SG</arg>
<arg>SH</arg>
<arg>SI</arg>
<arg>SJ</arg>
<arg>SK</arg>
<arg>SL</arg>
<arg>SM</arg>
<arg>SN</arg>
<arg>SO</arg>
<arg>SR</arg>
<arg>SS</arg>
<arg>ST</arg>
<arg>SV</arg>
<arg>SX</arg>
<arg>SY</arg>
<arg>SZ</arg>
<arg>TC</arg>
<arg>TD</arg>
<arg>TF</arg>
<arg>TG</arg>
<arg>TH</arg>
<arg>TJ</arg>
<arg>TK</arg>
<arg>TL</arg>
<arg>TM</arg>
<arg>TN</arg>
<arg>TO</arg>
<arg>TR</arg>
<arg>TT</arg>
<arg>TV</arg>
<arg>TW</arg>
<arg>TZ</arg>
<arg>UA</arg>
<arg>UG</arg>
<arg>UM</arg>
<arg>US</arg>
<arg>UY</arg>
<arg>UZ</arg>
<arg>VA</arg>
<arg>VC</arg>
<arg>VE</arg>
<arg>VG</arg>
<arg>VI</arg>
<arg>VN</arg>
<arg>VU</arg>
<arg>WF</arg>
<arg>WS</arg>
<arg>XK</arg>
<arg>YE</arg>
<arg>YT</arg>
<arg>ZA</arg>
<arg>ZM</arg>
<arg>ZW</arg>
<doc>Returns a list containing given items.</doc>
<status status="PASS" start="2024-06-27T01:05:59.282283" elapsed="0.000613"/>
</kw>
<kw name="List Should Contain Value" owner="Collections">
<arg>${list_country}</arg>
<arg>${name_country}</arg>
<doc>Fails if the ``value`` is not found from ``list``.</doc>
<status status="PASS" start="2024-06-27T01:05:59.283684" elapsed="0.000198"/>
</kw>
<kw name="Run Keyword If" owner="BuiltIn">
<kw name="Should Be True" owner="BuiltIn">
<arg>${True}</arg>
<doc>Fails if the given condition is not true.</doc>
<status status="PASS" start="2024-06-27T01:05:59.284847" elapsed="0.000141"/>
</kw>
<arg>${json_data["results"][0]["location"]["coordinates"]["latitude"]} &gt;= -90 and ${json_data["results"][0]["location"]["coordinates"]["latitude"]} &lt;= 90</arg>
<arg>Should Be True</arg>
<arg>${True}</arg>
<doc>Runs the given keyword with the given arguments, if ``condition`` is true.</doc>
<status status="PASS" start="2024-06-27T01:05:59.284106" elapsed="0.001005"/>
</kw>
<kw name="Run Keyword If" owner="BuiltIn">
<kw name="Should Be True" owner="BuiltIn">
<arg>${True}</arg>
<doc>Fails if the given condition is not true.</doc>
<status status="PASS" start="2024-06-27T01:05:59.285985" elapsed="0.000235"/>
</kw>
<arg>${json_data["results"][0]["location"]["coordinates"]["longitude"]} &gt;= -180 and ${json_data["results"][0]["location"]["coordinates"]["longitude"]} &lt;= 180</arg>
<arg>Should Be True</arg>
<arg>${True}</arg>
<doc>Runs the given keyword with the given arguments, if ``condition`` is true.</doc>
<status status="PASS" start="2024-06-27T01:05:59.285288" elapsed="0.001059"/>
</kw>
<status status="PASS" start="2024-06-27T01:05:59.155000" elapsed="0.131480"/>
</kw>
<doc>Testa o conteúdo específico dos campos retornados pela API.</doc>
<tag>testeConteudo</tag>
<status status="PASS" start="2024-06-27T01:05:59.154563" elapsed="0.132063"/>
</test>
<status status="PASS" start="2024-06-27T01:05:58.284417" elapsed="1.004193"/>
</suite>
<status status="PASS" start="2024-06-27T01:05:58.269720" elapsed="1.023910"/>
</suite>
<statistics>
<total>
<stat pass="5" fail="0" skip="0">All Tests</stat>
</total>
<tag>
<stat pass="1" fail="0" skip="0">testeConteudo</stat>
<stat pass="1" fail="0" skip="0">testeEstruturaResposta</stat>
<stat pass="1" fail="0" skip="0">testeRequisicaoBasica</stat>
<stat pass="1" fail="0" skip="0">testeTiposDados</stat>
</tag>
<suite>
<stat pass="5" fail="0" skip="0" id="s1" name="Tests">Tests</stat>
<stat pass="5" fail="0" skip="0" id="s1-s1" name="Random-User-Test">Tests.Random-User-Test</stat>
</suite>
</statistics>
<errors>
</errors>
</robot>
