<?xml version="1.0" encoding="UTF-8"?>
<robot generator="Robot 7.0 (Python 3.12.3 on linux)" generated="2024-04-24T03:15:41.377197" rpa="false" schemaversion="5">
<suite id="s1" name="Tests" source="/home/runner/work/DesafioQAItauRogerioJordao/DesafioQAItauRogerioJordao/RamdonUser/tests">
<suite id="s1-s1" name="Random-User-Test" source="/home/runner/work/DesafioQAItauRogerioJordao/DesafioQAItauRogerioJordao/RamdonUser/tests/random-user-test.robot">
<test id="s1-s1-t1" name="Conectar" line="13">
<kw name="Conectar API" owner="random-user-service">
<kw name="Create Session" owner="RequestsLibrary">
<msg time="2024-04-24T03:15:41.740135" level="INFO">Creating Session using : alias=consultarAPI, url=https://randomuser.me/, headers={},                     cookies={}, auth=None, timeout=None, proxies=None, verify=False,                     debug=0 </msg>
<arg>consultarAPI</arg>
<arg>${URL}</arg>
<doc>Create Session: create a HTTP session to a server</doc>
<status status="PASS" start="2024-04-24T03:15:41.739928" elapsed="0.000401"/>
</kw>
<status status="PASS" start="2024-04-24T03:15:41.738932" elapsed="0.001768"/>
</kw>
<status status="PASS" start="2024-04-24T03:15:41.738324" elapsed="0.002577"/>
</test>
<test id="s1-s1-t2" name="Validar retorno 200 e JSON Válido" line="16">
<kw name="Teste de Requisicao Basica" owner="random-user-service">
<kw name="GET On Session" owner="RequestsLibrary">
<msg time="2024-04-24T03:15:41.813217" level="INFO">GET Request : url=https://randomuser.me/api 
 path_url=/api 
 headers={'User-Agent': 'python-requests/2.31.0', 'Accept-Encoding': 'gzip, deflate', 'Accept': '*/*', 'Connection': 'keep-alive'} 
 body=None 
 </msg>
<msg time="2024-04-24T03:15:41.813364" level="INFO">GET Response : url=https://randomuser.me/api 
 status=200, reason=OK 
 headers={'Date': 'Wed, 24 Apr 2024 03:15:41 GMT', 'Content-Type': 'application/json; charset=utf-8', 'Transfer-Encoding': 'chunked', 'Connection': 'keep-alive', 'X-Powered-By': 'Express', 'Access-Control-Allow-Origin': '*', 'Cache-Control': 'no-cache', 'ETag': 'W/"488-FbqtPAbsSupJqRyvQTqsxi57yaE"', 'Vary': 'Accept-Encoding', 'Content-Encoding': 'gzip', 'CF-Cache-Status': 'DYNAMIC', 'Report-To': '{"endpoints":[{"url":"https:\\/\\/a.nel.cloudflare.com\\/report\\/v4?s=t9Y9R3Wn8ZnG8mboCA2M8qtMYutubEcbB0S1DozTUtce%2BR5Fo6CLkSWjgN2fijcohvzUT23I8CeplPtGHQRMF2r8QbrndgAPiALjlcEwL5K60KgMYKhub%2BfmrwvjCkJU"}],"group":"cf-nel","max_age":604800}', 'NEL': '{"success_fraction":0,"report_to":"cf-nel","max_age":604800}', 'Server': 'cloudflare', 'CF-RAY': '8792ee2a1f3e6fbc-IAD', 'alt-svc': 'h3=":443"; ma=86400'} 
 body={"results":[{"gender":"male","name":{"title":"Mr","first":"Giray","last":"Kumcuoğlu"},"location":{"street":{"number":5751,"name":"Bağdat Cd"},"city":"Iğdır","state":"Yalova","country":"Turkey","postcode":91373,"coordinates":{"latitude":"67.9080","longitude":"-57.4741"},"timezone":{"offset":"-5:00","description":"Eastern Time (US &amp; Canada), Bogota, Lima"}},"email":"giray.kumcuoglu@example.com","login":{"uuid":"7839dffe-23c1-47a5-b6dc-afcf2b55e1be","username":"tinyrabbit666","password":"hattrick","salt":"kpVfDQuU","md5":"812d6e9fd93ee1173f24f19d4e9b2ced","sha1":"eded72a872ba4ffc1177a973e6dfca8f14081600","sha256":"501eb08aca69d6bced923f8e0ab8556907e029c7fc1b3271f93e81a0d23924a0"},"dob":{"date":"2001-03-27T06:28:08.022Z","age":23},"registered":{"date":"2018-02-18T23:51:32.222Z","age":6},"phone":"(173)-380-7911","cell":"(110)-797-9111","id":{"name":"","value":null},"picture":{"large":"https://randomuser.me/api/portraits/men/99.jpg","medium":"https://randomuser.me/api/portraits/med/men/99.jpg","thumbnail":"https://randomuser.me/api/portraits/thumb/men/99.jpg"},"nat":"TR"}],"info":{"seed":"e671ae5395883aad","results":1,"page":1,"version":"1.4"}} 
 </msg>
<msg time="2024-04-24T03:15:41.813453" level="INFO">/opt/hostedtoolcache/Python/3.12.3/x64/lib/python3.12/site-packages/urllib3/connectionpool.py:1103: InsecureRequestWarning: Unverified HTTPS request is being made to host 'randomuser.me'. Adding certificate verification is strongly advised. See: https://urllib3.readthedocs.io/en/latest/advanced-usage.html#tls-warnings
  warnings.warn(</msg>
<msg time="2024-04-24T03:15:41.813596" level="INFO">${response} = &lt;Response [200]&gt;</msg>
<var>${response}</var>
<arg>consultarAPI</arg>
<arg>/api</arg>
<doc>Sends a GET request on a previously created HTTP Session.</doc>
<status status="PASS" start="2024-04-24T03:15:41.743606" elapsed="0.070034"/>
</kw>
<kw name="Should Be Equal As Numbers" owner="BuiltIn">
<msg time="2024-04-24T03:15:41.814672" level="INFO">Argument types are:
&lt;class 'int'&gt;
&lt;class 'str'&gt;</msg>
<arg>${response.status_code}</arg>
<arg>200</arg>
<doc>Fails if objects are unequal after converting them to real numbers.</doc>
<status status="PASS" start="2024-04-24T03:15:41.814185" elapsed="0.000557"/>
</kw>
<kw name="Log" owner="BuiltIn">
<msg time="2024-04-24T03:15:41.815527" level="INFO">200</msg>
<arg>${response.status_code}</arg>
<doc>Logs the given message with the given level.</doc>
<status status="PASS" start="2024-04-24T03:15:41.815147" elapsed="0.000424"/>
</kw>
<kw name="Set Variable" owner="BuiltIn">
<msg time="2024-04-24T03:15:41.816357" level="INFO">${json_data} = {'results': [{'gender': 'male', 'name': {'title': 'Mr', 'first': 'Giray', 'last': 'Kumcuoğlu'}, 'location': {'street': {'number': 5751, 'name': 'Bağdat Cd'}, 'city': 'Iğdır', 'state': 'Yalova', 'count...</msg>
<var>${json_data}</var>
<arg>${response.json()}</arg>
<doc>Returns the given values which can then be assigned to a variables.</doc>
<status status="PASS" start="2024-04-24T03:15:41.815891" elapsed="0.000497"/>
</kw>
<kw name="Dictionary Should Contain Key" owner="Collections">
<msg time="2024-04-24T03:15:41.816875" level="INFO">False</msg>
<arg>${json_data}</arg>
<arg>results</arg>
<doc>Fails if ``key`` is not found from ``dictionary``.</doc>
<status status="PASS" start="2024-04-24T03:15:41.816704" elapsed="0.000216"/>
</kw>
<status status="PASS" start="2024-04-24T03:15:41.743343" elapsed="0.073884"/>
</kw>
<doc>Testa se a API responde corretamente e retorna um objeto JSON válido.</doc>
<tag>testeRequisicaoBasica</tag>
<status status="PASS" start="2024-04-24T03:15:41.742869" elapsed="0.074549"/>
</test>
<test id="s1-s1-t3" name="Validar estrutura de resposta" line="22">
<kw name="Teste de Estrutura de Resposta" owner="random-user-service">
<kw name="GET On Session" owner="RequestsLibrary">
<msg time="2024-04-24T03:15:41.928448" level="INFO">GET Request : url=https://randomuser.me/api 
 path_url=/api 
 headers={'User-Agent': 'python-requests/2.31.0', 'Accept-Encoding': 'gzip, deflate', 'Accept': '*/*', 'Connection': 'keep-alive'} 
 body=None 
 </msg>
<msg time="2024-04-24T03:15:41.928562" level="INFO">GET Response : url=https://randomuser.me/api 
 status=200, reason=OK 
 headers={'Date': 'Wed, 24 Apr 2024 03:15:41 GMT', 'Content-Type': 'application/json; charset=utf-8', 'Transfer-Encoding': 'chunked', 'Connection': 'keep-alive', 'X-Powered-By': 'Express', 'Access-Control-Allow-Origin': '*', 'Cache-Control': 'no-cache', 'ETag': 'W/"49c-GjuPO0pNrrKWfupu0vzLOlEBPo0"', 'Vary': 'Accept-Encoding', 'Content-Encoding': 'gzip', 'CF-Cache-Status': 'DYNAMIC', 'Report-To': '{"endpoints":[{"url":"https:\\/\\/a.nel.cloudflare.com\\/report\\/v4?s=V8VEQVVmbYR1N7CoGXs%2Bm5xyB2IIGD3mhQBv2ikqKxJW2OcGLxVqOsUMMZtHA9JIlDQezc3yio7CMKrww%2Bs67kinA85vqu83sYCA7ALQd4qVHz5GTOYAn5EGahs1jB4j"}],"group":"cf-nel","max_age":604800}', 'NEL': '{"success_fraction":0,"report_to":"cf-nel","max_age":604800}', 'Server': 'cloudflare', 'CF-RAY': '8792ee2a5f796fbc-IAD', 'alt-svc': 'h3=":443"; ma=86400'} 
 body={"results":[{"gender":"male","name":{"title":"Mr","first":"Enrique","last":"Benavídez"},"location":{"street":{"number":582,"name":"Pasaje Tello"},"city":"Amarillas de Esparza","state":"Guerrero","country":"Mexico","postcode":94190,"coordinates":{"latitude":"25.3449","longitude":"-2.5211"},"timezone":{"offset":"-8:00","description":"Pacific Time (US &amp; Canada)"}},"email":"enrique.benavidez@example.com","login":{"uuid":"4120b06e-908b-49cb-becd-15921b77446b","username":"smallsnake159","password":"thebear","salt":"JcFRMUTQ","md5":"19f44e7c04a90e116da17bb4cda0ba58","sha1":"c1f36bbcdd904a23cf80afd905985928129067a9","sha256":"20025a28bfaa5327f38fcf60759e6174e6906611ce07a420754e2fb6ed2ac0ca"},"dob":{"date":"1962-07-20T08:57:11.172Z","age":61},"registered":{"date":"2014-08-12T02:24:42.349Z","age":9},"phone":"(607) 442 2475","cell":"(665) 004 3440","id":{"name":"NSS","value":"31 16 53 1397 5"},"picture":{"large":"https://randomuser.me/api/portraits/men/16.jpg","medium":"https://randomuser.me/api/portraits/med/men/16.jpg","thumbnail":"https://randomuser.me/api/portraits/thumb/men/16.jpg"},"nat":"MX"}],"info":{"seed":"ba13de37c1e59096","results":1,"page":1,"version":"1.4"}} 
 </msg>
<msg time="2024-04-24T03:15:41.928715" level="INFO">/opt/hostedtoolcache/Python/3.12.3/x64/lib/python3.12/site-packages/urllib3/connectionpool.py:1103: InsecureRequestWarning: Unverified HTTPS request is being made to host 'randomuser.me'. Adding certificate verification is strongly advised. See: https://urllib3.readthedocs.io/en/latest/advanced-usage.html#tls-warnings
  warnings.warn(</msg>
<msg time="2024-04-24T03:15:41.928870" level="INFO">${response} = &lt;Response [200]&gt;</msg>
<var>${response}</var>
<arg>consultarAPI</arg>
<arg>/api</arg>
<doc>Sends a GET request on a previously created HTTP Session.</doc>
<status status="PASS" start="2024-04-24T03:15:41.820049" elapsed="0.108862"/>
</kw>
<kw name="Set Variable" owner="BuiltIn">
<msg time="2024-04-24T03:15:41.930131" level="INFO">${json_data} = {'results': [{'gender': 'male', 'name': {'title': 'Mr', 'first': 'Enrique', 'last': 'Benavídez'}, 'location': {'street': {'number': 582, 'name': 'Pasaje Tello'}, 'city': 'Amarillas de Esparza', 'state...</msg>
<var>${json_data}</var>
<arg>${response.json()}</arg>
<doc>Returns the given values which can then be assigned to a variables.</doc>
<status status="PASS" start="2024-04-24T03:15:41.929510" elapsed="0.000651"/>
</kw>
<kw name="Log" owner="BuiltIn">
<msg time="2024-04-24T03:15:41.930693" level="INFO">{'results': [{'gender': 'male', 'name': {'title': 'Mr', 'first': 'Enrique', 'last': 'Benavídez'}, 'location': {'street': {'number': 582, 'name': 'Pasaje Tello'}, 'city': 'Amarillas de Esparza', 'state': 'Guerrero', 'country': 'Mexico', 'postcode': 94190, 'coordinates': {'latitude': '25.3449', 'longitude': '-2.5211'}, 'timezone': {'offset': '-8:00', 'description': 'Pacific Time (US &amp; Canada)'}}, 'email': 'enrique.benavidez@example.com', 'login': {'uuid': '4120b06e-908b-49cb-becd-15921b77446b', 'username': 'smallsnake159', 'password': 'thebear', 'salt': 'JcFRMUTQ', 'md5': '19f44e7c04a90e116da17bb4cda0ba58', 'sha1': 'c1f36bbcdd904a23cf80afd905985928129067a9', 'sha256': '20025a28bfaa5327f38fcf60759e6174e6906611ce07a420754e2fb6ed2ac0ca'}, 'dob': {'date': '1962-07-20T08:57:11.172Z', 'age': 61}, 'registered': {'date': '2014-08-12T02:24:42.349Z', 'age': 9}, 'phone': '(607) 442 2475', 'cell': '(665) 004 3440', 'id': {'name': 'NSS', 'value': '31 16 53 1397 5'}, 'picture': {'large': 'https://randomuser.me/api/portraits/men/16.jpg', 'medium': 'https://randomuser.me/api/portraits/med/men/16.jpg', 'thumbnail': 'https://randomuser.me/api/portraits/thumb/men/16.jpg'}, 'nat': 'MX'}], 'info': {'seed': 'ba13de37c1e59096', 'results': 1, 'page': 1, 'version': '1.4'}}</msg>
<arg>${json_data}</arg>
<doc>Logs the given message with the given level.</doc>
<status status="PASS" start="2024-04-24T03:15:41.930522" elapsed="0.000226"/>
</kw>
<kw name="Dictionary Should Contain Key" owner="Collections">
<msg time="2024-04-24T03:15:41.931227" level="INFO">False</msg>
<arg>${json_data}</arg>
<arg>results</arg>
<doc>Fails if ``key`` is not found from ``dictionary``.</doc>
<status status="PASS" start="2024-04-24T03:15:41.931061" elapsed="0.000205"/>
</kw>
<kw name="Should Not Be Empty" owner="BuiltIn">
<msg time="2024-04-24T03:15:41.931732" level="INFO">Length is 2.</msg>
<arg>${json_data}</arg>
<doc>Verifies that the given item is not empty.</doc>
<status status="PASS" start="2024-04-24T03:15:41.931591" elapsed="0.000352"/>
</kw>
<kw name="Create List" owner="BuiltIn">
<msg time="2024-04-24T03:15:41.932403" level="INFO">${expected_keys} = ['gender', 'name', 'location', 'email', 'login']</msg>
<var>${expected_keys}</var>
<arg>gender</arg>
<arg>name</arg>
<arg>location</arg>
<arg>email</arg>
<arg>login</arg>
<doc>Returns a list containing given items.</doc>
<status status="PASS" start="2024-04-24T03:15:41.932248" elapsed="0.000181"/>
</kw>
<for flavor="IN">
<iter>
<kw name="Dictionary Should Contain Key" owner="Collections">
<msg time="2024-04-24T03:15:41.933485" level="INFO">False</msg>
<arg>${json_data['results'][0]}</arg>
<arg>${key}</arg>
<doc>Fails if ``key`` is not found from ``dictionary``.</doc>
<status status="PASS" start="2024-04-24T03:15:41.933069" elapsed="0.000455"/>
</kw>
<kw name="Log" owner="BuiltIn">
<msg time="2024-04-24T03:15:41.934214" level="INFO">{'gender': 'male', 'name': {'title': 'Mr', 'first': 'Enrique', 'last': 'Benavídez'}, 'location': {'street': {'number': 582, 'name': 'Pasaje Tello'}, 'city': 'Amarillas de Esparza', 'state': 'Guerrero', 'country': 'Mexico', 'postcode': 94190, 'coordinates': {'latitude': '25.3449', 'longitude': '-2.5211'}, 'timezone': {'offset': '-8:00', 'description': 'Pacific Time (US &amp; Canada)'}}, 'email': 'enrique.benavidez@example.com', 'login': {'uuid': '4120b06e-908b-49cb-becd-15921b77446b', 'username': 'smallsnake159', 'password': 'thebear', 'salt': 'JcFRMUTQ', 'md5': '19f44e7c04a90e116da17bb4cda0ba58', 'sha1': 'c1f36bbcdd904a23cf80afd905985928129067a9', 'sha256': '20025a28bfaa5327f38fcf60759e6174e6906611ce07a420754e2fb6ed2ac0ca'}, 'dob': {'date': '1962-07-20T08:57:11.172Z', 'age': 61}, 'registered': {'date': '2014-08-12T02:24:42.349Z', 'age': 9}, 'phone': '(607) 442 2475', 'cell': '(665) 004 3440', 'id': {'name': 'NSS', 'value': '31 16 53 1397 5'}, 'picture': {'large': 'https://randomuser.me/api/portraits/men/16.jpg', 'medium': 'https://randomuser.me/api/portraits/med/men/16.jpg', 'thumbnail': 'https://randomuser.me/api/portraits/thumb/men/16.jpg'}, 'nat': 'MX'}</msg>
<arg>${json_data['results'][0]}</arg>
<doc>Logs the given message with the given level.</doc>
<status status="PASS" start="2024-04-24T03:15:41.933834" elapsed="0.000432"/>
</kw>
<kw name="Log" owner="BuiltIn">
<msg time="2024-04-24T03:15:41.934696" level="INFO">gender</msg>
<arg>${key}</arg>
<doc>Logs the given message with the given level.</doc>
<status status="PASS" start="2024-04-24T03:15:41.934565" elapsed="0.000169"/>
</kw>
<var name="${key}">gender</var>
<status status="PASS" start="2024-04-24T03:15:41.932900" elapsed="0.002049"/>
</iter>
<iter>
<kw name="Dictionary Should Contain Key" owner="Collections">
<msg time="2024-04-24T03:15:41.935643" level="INFO">False</msg>
<arg>${json_data['results'][0]}</arg>
<arg>${key}</arg>
<doc>Fails if ``key`` is not found from ``dictionary``.</doc>
<status status="PASS" start="2024-04-24T03:15:41.935261" elapsed="0.000420"/>
</kw>
<kw name="Log" owner="BuiltIn">
<msg time="2024-04-24T03:15:41.936391" level="INFO">{'gender': 'male', 'name': {'title': 'Mr', 'first': 'Enrique', 'last': 'Benavídez'}, 'location': {'street': {'number': 582, 'name': 'Pasaje Tello'}, 'city': 'Amarillas de Esparza', 'state': 'Guerrero', 'country': 'Mexico', 'postcode': 94190, 'coordinates': {'latitude': '25.3449', 'longitude': '-2.5211'}, 'timezone': {'offset': '-8:00', 'description': 'Pacific Time (US &amp; Canada)'}}, 'email': 'enrique.benavidez@example.com', 'login': {'uuid': '4120b06e-908b-49cb-becd-15921b77446b', 'username': 'smallsnake159', 'password': 'thebear', 'salt': 'JcFRMUTQ', 'md5': '19f44e7c04a90e116da17bb4cda0ba58', 'sha1': 'c1f36bbcdd904a23cf80afd905985928129067a9', 'sha256': '20025a28bfaa5327f38fcf60759e6174e6906611ce07a420754e2fb6ed2ac0ca'}, 'dob': {'date': '1962-07-20T08:57:11.172Z', 'age': 61}, 'registered': {'date': '2014-08-12T02:24:42.349Z', 'age': 9}, 'phone': '(607) 442 2475', 'cell': '(665) 004 3440', 'id': {'name': 'NSS', 'value': '31 16 53 1397 5'}, 'picture': {'large': 'https://randomuser.me/api/portraits/men/16.jpg', 'medium': 'https://randomuser.me/api/portraits/med/men/16.jpg', 'thumbnail': 'https://randomuser.me/api/portraits/thumb/men/16.jpg'}, 'nat': 'MX'}</msg>
<arg>${json_data['results'][0]}</arg>
<doc>Logs the given message with the given level.</doc>
<status status="PASS" start="2024-04-24T03:15:41.936013" elapsed="0.000431"/>
</kw>
<kw name="Log" owner="BuiltIn">
<msg time="2024-04-24T03:15:41.936874" level="INFO">name</msg>
<arg>${key}</arg>
<doc>Logs the given message with the given level.</doc>
<status status="PASS" start="2024-04-24T03:15:41.936745" elapsed="0.000167"/>
</kw>
<var name="${key}">name</var>
<status status="PASS" start="2024-04-24T03:15:41.935141" elapsed="0.002013"/>
</iter>
<iter>
<kw name="Dictionary Should Contain Key" owner="Collections">
<msg time="2024-04-24T03:15:41.937831" level="INFO">False</msg>
<arg>${json_data['results'][0]}</arg>
<arg>${key}</arg>
<doc>Fails if ``key`` is not found from ``dictionary``.</doc>
<status status="PASS" start="2024-04-24T03:15:41.937445" elapsed="0.000424"/>
</kw>
<kw name="Log" owner="BuiltIn">
<msg time="2024-04-24T03:15:41.938534" level="INFO">{'gender': 'male', 'name': {'title': 'Mr', 'first': 'Enrique', 'last': 'Benavídez'}, 'location': {'street': {'number': 582, 'name': 'Pasaje Tello'}, 'city': 'Amarillas de Esparza', 'state': 'Guerrero', 'country': 'Mexico', 'postcode': 94190, 'coordinates': {'latitude': '25.3449', 'longitude': '-2.5211'}, 'timezone': {'offset': '-8:00', 'description': 'Pacific Time (US &amp; Canada)'}}, 'email': 'enrique.benavidez@example.com', 'login': {'uuid': '4120b06e-908b-49cb-becd-15921b77446b', 'username': 'smallsnake159', 'password': 'thebear', 'salt': 'JcFRMUTQ', 'md5': '19f44e7c04a90e116da17bb4cda0ba58', 'sha1': 'c1f36bbcdd904a23cf80afd905985928129067a9', 'sha256': '20025a28bfaa5327f38fcf60759e6174e6906611ce07a420754e2fb6ed2ac0ca'}, 'dob': {'date': '1962-07-20T08:57:11.172Z', 'age': 61}, 'registered': {'date': '2014-08-12T02:24:42.349Z', 'age': 9}, 'phone': '(607) 442 2475', 'cell': '(665) 004 3440', 'id': {'name': 'NSS', 'value': '31 16 53 1397 5'}, 'picture': {'large': 'https://randomuser.me/api/portraits/men/16.jpg', 'medium': 'https://randomuser.me/api/portraits/med/men/16.jpg', 'thumbnail': 'https://randomuser.me/api/portraits/thumb/men/16.jpg'}, 'nat': 'MX'}</msg>
<arg>${json_data['results'][0]}</arg>
<doc>Logs the given message with the given level.</doc>
<status status="PASS" start="2024-04-24T03:15:41.938173" elapsed="0.000412"/>
</kw>
<kw name="Log" owner="BuiltIn">
<msg time="2024-04-24T03:15:41.939004" level="INFO">location</msg>
<arg>${key}</arg>
<doc>Logs the given message with the given level.</doc>
<status status="PASS" start="2024-04-24T03:15:41.938879" elapsed="0.000163"/>
</kw>
<var name="${key}">location</var>
<status status="PASS" start="2024-04-24T03:15:41.937333" elapsed="0.001922"/>
</iter>
<iter>
<kw name="Dictionary Should Contain Key" owner="Collections">
<msg time="2024-04-24T03:15:41.939934" level="INFO">False</msg>
<arg>${json_data['results'][0]}</arg>
<arg>${key}</arg>
<doc>Fails if ``key`` is not found from ``dictionary``.</doc>
<status status="PASS" start="2024-04-24T03:15:41.939550" elapsed="0.000423"/>
</kw>
<kw name="Log" owner="BuiltIn">
<msg time="2024-04-24T03:15:41.940634" level="INFO">{'gender': 'male', 'name': {'title': 'Mr', 'first': 'Enrique', 'last': 'Benavídez'}, 'location': {'street': {'number': 582, 'name': 'Pasaje Tello'}, 'city': 'Amarillas de Esparza', 'state': 'Guerrero', 'country': 'Mexico', 'postcode': 94190, 'coordinates': {'latitude': '25.3449', 'longitude': '-2.5211'}, 'timezone': {'offset': '-8:00', 'description': 'Pacific Time (US &amp; Canada)'}}, 'email': 'enrique.benavidez@example.com', 'login': {'uuid': '4120b06e-908b-49cb-becd-15921b77446b', 'username': 'smallsnake159', 'password': 'thebear', 'salt': 'JcFRMUTQ', 'md5': '19f44e7c04a90e116da17bb4cda0ba58', 'sha1': 'c1f36bbcdd904a23cf80afd905985928129067a9', 'sha256': '20025a28bfaa5327f38fcf60759e6174e6906611ce07a420754e2fb6ed2ac0ca'}, 'dob': {'date': '1962-07-20T08:57:11.172Z', 'age': 61}, 'registered': {'date': '2014-08-12T02:24:42.349Z', 'age': 9}, 'phone': '(607) 442 2475', 'cell': '(665) 004 3440', 'id': {'name': 'NSS', 'value': '31 16 53 1397 5'}, 'picture': {'large': 'https://randomuser.me/api/portraits/men/16.jpg', 'medium': 'https://randomuser.me/api/portraits/med/men/16.jpg', 'thumbnail': 'https://randomuser.me/api/portraits/thumb/men/16.jpg'}, 'nat': 'MX'}</msg>
<arg>${json_data['results'][0]}</arg>
<doc>Logs the given message with the given level.</doc>
<status status="PASS" start="2024-04-24T03:15:41.940274" elapsed="0.000412"/>
</kw>
<kw name="Log" owner="BuiltIn">
<msg time="2024-04-24T03:15:41.941161" level="INFO">email</msg>
<arg>${key}</arg>
<doc>Logs the given message with the given level.</doc>
<status status="PASS" start="2024-04-24T03:15:41.941027" elapsed="0.000173"/>
</kw>
<var name="${key}">email</var>
<status status="PASS" start="2024-04-24T03:15:41.939440" elapsed="0.001974"/>
</iter>
<iter>
<kw name="Dictionary Should Contain Key" owner="Collections">
<msg time="2024-04-24T03:15:41.942083" level="INFO">False</msg>
<arg>${json_data['results'][0]}</arg>
<arg>${key}</arg>
<doc>Fails if ``key`` is not found from ``dictionary``.</doc>
<status status="PASS" start="2024-04-24T03:15:41.941701" elapsed="0.000421"/>
</kw>
<kw name="Log" owner="BuiltIn">
<msg time="2024-04-24T03:15:41.942791" level="INFO">{'gender': 'male', 'name': {'title': 'Mr', 'first': 'Enrique', 'last': 'Benavídez'}, 'location': {'street': {'number': 582, 'name': 'Pasaje Tello'}, 'city': 'Amarillas de Esparza', 'state': 'Guerrero', 'country': 'Mexico', 'postcode': 94190, 'coordinates': {'latitude': '25.3449', 'longitude': '-2.5211'}, 'timezone': {'offset': '-8:00', 'description': 'Pacific Time (US &amp; Canada)'}}, 'email': 'enrique.benavidez@example.com', 'login': {'uuid': '4120b06e-908b-49cb-becd-15921b77446b', 'username': 'smallsnake159', 'password': 'thebear', 'salt': 'JcFRMUTQ', 'md5': '19f44e7c04a90e116da17bb4cda0ba58', 'sha1': 'c1f36bbcdd904a23cf80afd905985928129067a9', 'sha256': '20025a28bfaa5327f38fcf60759e6174e6906611ce07a420754e2fb6ed2ac0ca'}, 'dob': {'date': '1962-07-20T08:57:11.172Z', 'age': 61}, 'registered': {'date': '2014-08-12T02:24:42.349Z', 'age': 9}, 'phone': '(607) 442 2475', 'cell': '(665) 004 3440', 'id': {'name': 'NSS', 'value': '31 16 53 1397 5'}, 'picture': {'large': 'https://randomuser.me/api/portraits/men/16.jpg', 'medium': 'https://randomuser.me/api/portraits/med/men/16.jpg', 'thumbnail': 'https://randomuser.me/api/portraits/thumb/men/16.jpg'}, 'nat': 'MX'}</msg>
<arg>${json_data['results'][0]}</arg>
<doc>Logs the given message with the given level.</doc>
<status status="PASS" start="2024-04-24T03:15:41.942421" elapsed="0.000421"/>
</kw>
<kw name="Log" owner="BuiltIn">
<msg time="2024-04-24T03:15:41.943266" level="INFO">login</msg>
<arg>${key}</arg>
<doc>Logs the given message with the given level.</doc>
<status status="PASS" start="2024-04-24T03:15:41.943140" elapsed="0.000165"/>
</kw>
<var name="${key}">login</var>
<status status="PASS" start="2024-04-24T03:15:41.941590" elapsed="0.001953"/>
</iter>
<var>${key}</var>
<value>@{expected_keys}</value>
<status status="PASS" start="2024-04-24T03:15:41.932702" elapsed="0.010965"/>
</for>
<kw name="Create List" owner="BuiltIn">
<msg time="2024-04-24T03:15:41.944001" level="INFO">${expected_keysTwo} = ['username', 'password']</msg>
<var>${expected_keysTwo}</var>
<arg>username</arg>
<arg>password</arg>
<doc>Returns a list containing given items.</doc>
<status status="PASS" start="2024-04-24T03:15:41.943864" elapsed="0.000161"/>
</kw>
<for flavor="IN">
<iter>
<kw name="Dictionary Should Contain Key" owner="Collections">
<msg time="2024-04-24T03:15:41.944911" level="INFO">False</msg>
<arg>${json_data['results'][0]['login']}</arg>
<arg>${keyTwo}</arg>
<doc>Fails if ``key`` is not found from ``dictionary``.</doc>
<status status="PASS" start="2024-04-24T03:15:41.944531" elapsed="0.000443"/>
</kw>
<kw name="Dictionary Should Contain Key" owner="Collections">
<msg time="2024-04-24T03:15:41.945660" level="INFO">False</msg>
<arg>${json_data['results'][0]['login']}</arg>
<arg>${keyTwo}</arg>
<doc>Fails if ``key`` is not found from ``dictionary``.</doc>
<status status="PASS" start="2024-04-24T03:15:41.945271" elapsed="0.000427"/>
</kw>
<kw name="Log" owner="BuiltIn">
<msg time="2024-04-24T03:15:41.946116" level="INFO">username</msg>
<arg>${keyTwo}</arg>
<doc>Logs the given message with the given level.</doc>
<status status="PASS" start="2024-04-24T03:15:41.945991" elapsed="0.000162"/>
</kw>
<var name="${keyTwo}">username</var>
<status status="PASS" start="2024-04-24T03:15:41.944416" elapsed="0.001948"/>
</iter>
<iter>
<kw name="Dictionary Should Contain Key" owner="Collections">
<msg time="2024-04-24T03:15:41.947115" level="INFO">False</msg>
<arg>${json_data['results'][0]['login']}</arg>
<arg>${keyTwo}</arg>
<doc>Fails if ``key`` is not found from ``dictionary``.</doc>
<status status="PASS" start="2024-04-24T03:15:41.946646" elapsed="0.000514"/>
</kw>
<kw name="Dictionary Should Contain Key" owner="Collections">
<msg time="2024-04-24T03:15:41.947834" level="INFO">False</msg>
<arg>${json_data['results'][0]['login']}</arg>
<arg>${keyTwo}</arg>
<doc>Fails if ``key`` is not found from ``dictionary``.</doc>
<status status="PASS" start="2024-04-24T03:15:41.947459" elapsed="0.000412"/>
</kw>
<kw name="Log" owner="BuiltIn">
<msg time="2024-04-24T03:15:41.948285" level="INFO">password</msg>
<arg>${keyTwo}</arg>
<doc>Logs the given message with the given level.</doc>
<status status="PASS" start="2024-04-24T03:15:41.948159" elapsed="0.000163"/>
</kw>
<var name="${keyTwo}">password</var>
<status status="PASS" start="2024-04-24T03:15:41.946536" elapsed="0.002002"/>
</iter>
<var>${keyTwo}</var>
<value>@{expected_keysTwo}</value>
<status status="PASS" start="2024-04-24T03:15:41.944261" elapsed="0.004397"/>
</for>
<status status="PASS" start="2024-04-24T03:15:41.819802" elapsed="0.129001"/>
</kw>
<doc>Testa a estrutura da resposta da API.</doc>
<tag>testeEstruturaResposta</tag>
<status status="PASS" start="2024-04-24T03:15:41.819280" elapsed="0.129724"/>
</test>
<test id="s1-s1-t4" name="Validar tipos de dados" line="28">
<kw name="Teste de Tipos de Dados" owner="random-user-service">
<kw name="GET On Session" owner="RequestsLibrary">
<msg time="2024-04-24T03:15:42.348221" level="INFO">GET Request : url=https://randomuser.me/api 
 path_url=/api 
 headers={'User-Agent': 'python-requests/2.31.0', 'Accept-Encoding': 'gzip, deflate', 'Accept': '*/*', 'Connection': 'keep-alive'} 
 body=None 
 </msg>
<msg time="2024-04-24T03:15:42.348331" level="INFO">GET Response : url=https://randomuser.me/api 
 status=200, reason=OK 
 headers={'Date': 'Wed, 24 Apr 2024 03:15:42 GMT', 'Content-Type': 'application/json; charset=utf-8', 'Transfer-Encoding': 'chunked', 'Connection': 'keep-alive', 'X-Powered-By': 'Express', 'Access-Control-Allow-Origin': '*', 'Cache-Control': 'no-cache', 'ETag': 'W/"49b-BAYBIK9WBbr5OCnPYQxk9Ux8YTE"', 'Vary': 'Accept-Encoding', 'Content-Encoding': 'gzip', 'CF-Cache-Status': 'DYNAMIC', 'Report-To': '{"endpoints":[{"url":"https:\\/\\/a.nel.cloudflare.com\\/report\\/v4?s=cJ6W6DR1eI5%2FWw5BCF0OB9AQZXl39M7zRPz1ns2ZHR8tuSyyNb%2FJnDC7PLLjUAm%2Ft%2Bljy%2FXoc7apGE97yalWHdXF2X7aOM59XkoAndtI6QH4KV7XfIC%2BEjr7Iqp04XYE"}],"group":"cf-nel","max_age":604800}', 'NEL': '{"success_fraction":0,"report_to":"cf-nel","max_age":604800}', 'Server': 'cloudflare', 'CF-RAY': '8792ee2b28126fbc-IAD', 'alt-svc': 'h3=":443"; ma=86400'} 
 body={"results":[{"gender":"female","name":{"title":"Ms","first":"Ružica","last":"Santrač"},"location":{"street":{"number":1361,"name":"Porodice Zarić"},"city":"Ražanj","state":"Pčinja","country":"Serbia","postcode":68873,"coordinates":{"latitude":"57.0830","longitude":"175.8440"},"timezone":{"offset":"+5:00","description":"Ekaterinburg, Islamabad, Karachi, Tashkent"}},"email":"ruzica.santrac@example.com","login":{"uuid":"babb2bba-aa44-4752-8146-327e5f19b1d4","username":"happyduck239","password":"disney1","salt":"QrpDujdf","md5":"8409c63d3ace5034865405da3178f3ac","sha1":"998ac5de329f743acafa769734aa27aa50496f44","sha256":"beffe0ea9cfee6e3b43146685938eb212feb3acfb669b7090099436841d257e1"},"dob":{"date":"1971-09-16T06:34:02.013Z","age":52},"registered":{"date":"2020-08-29T08:38:08.815Z","age":3},"phone":"031-6608-251","cell":"068-3754-117","id":{"name":"SID","value":"801909937"},"picture":{"large":"https://randomuser.me/api/portraits/women/33.jpg","medium":"https://randomuser.me/api/portraits/med/women/33.jpg","thumbnail":"https://randomuser.me/api/portraits/thumb/women/33.jpg"},"nat":"RS"}],"info":{"seed":"ed3003e6315523d8","results":1,"page":1,"version":"1.4"}} 
 </msg>
<msg time="2024-04-24T03:15:42.348415" level="INFO">/opt/hostedtoolcache/Python/3.12.3/x64/lib/python3.12/site-packages/urllib3/connectionpool.py:1103: InsecureRequestWarning: Unverified HTTPS request is being made to host 'randomuser.me'. Adding certificate verification is strongly advised. See: https://urllib3.readthedocs.io/en/latest/advanced-usage.html#tls-warnings
  warnings.warn(</msg>
<msg time="2024-04-24T03:15:42.348551" level="INFO">${response} = &lt;Response [200]&gt;</msg>
<var>${response}</var>
<arg>consultarAPI</arg>
<arg>/api</arg>
<doc>Sends a GET request on a previously created HTTP Session.</doc>
<status status="PASS" start="2024-04-24T03:15:41.951601" elapsed="0.396983"/>
</kw>
<kw name="Set Variable" owner="BuiltIn">
<msg time="2024-04-24T03:15:42.349710" level="INFO">${json_data} = {'results': [{'gender': 'female', 'name': {'title': 'Ms', 'first': 'Ružica', 'last': 'Santrač'}, 'location': {'street': {'number': 1361, 'name': 'Porodice Zarić'}, 'city': 'Ražanj', 'state': 'Pčinja',...</msg>
<var>${json_data}</var>
<arg>${response.json()}</arg>
<doc>Returns the given values which can then be assigned to a variables.</doc>
<status status="PASS" start="2024-04-24T03:15:42.349176" elapsed="0.000565"/>
</kw>
<kw name="Log" owner="BuiltIn">
<msg time="2024-04-24T03:15:42.350218" level="INFO">{'results': [{'gender': 'female', 'name': {'title': 'Ms', 'first': 'Ružica', 'last': 'Santrač'}, 'location': {'street': {'number': 1361, 'name': 'Porodice Zarić'}, 'city': 'Ražanj', 'state': 'Pčinja', 'country': 'Serbia', 'postcode': 68873, 'coordinates': {'latitude': '57.0830', 'longitude': '175.8440'}, 'timezone': {'offset': '+5:00', 'description': 'Ekaterinburg, Islamabad, Karachi, Tashkent'}}, 'email': 'ruzica.santrac@example.com', 'login': {'uuid': 'babb2bba-aa44-4752-8146-327e5f19b1d4', 'username': 'happyduck239', 'password': 'disney1', 'salt': 'QrpDujdf', 'md5': '8409c63d3ace5034865405da3178f3ac', 'sha1': '998ac5de329f743acafa769734aa27aa50496f44', 'sha256': 'beffe0ea9cfee6e3b43146685938eb212feb3acfb669b7090099436841d257e1'}, 'dob': {'date': '1971-09-16T06:34:02.013Z', 'age': 52}, 'registered': {'date': '2020-08-29T08:38:08.815Z', 'age': 3}, 'phone': '031-6608-251', 'cell': '068-3754-117', 'id': {'name': 'SID', 'value': '801909937'}, 'picture': {'large': 'https://randomuser.me/api/portraits/women/33.jpg', 'medium': 'https://randomuser.me/api/portraits/med/women/33.jpg', 'thumbnail': 'https://randomuser.me/api/portraits/thumb/women/33.jpg'}, 'nat': 'RS'}], 'info': {'seed': 'ed3003e6315523d8', 'results': 1, 'page': 1, 'version': '1.4'}}</msg>
<arg>${json_data}</arg>
<doc>Logs the given message with the given level.</doc>
<status status="PASS" start="2024-04-24T03:15:42.350055" elapsed="0.000250"/>
</kw>
<kw name="Should Be String" owner="String">
<arg>${json_data['results'][0]['gender']}</arg>
<doc>Fails if the given ``item`` is not a string.</doc>
<status status="PASS" start="2024-04-24T03:15:42.350604" elapsed="0.000357"/>
</kw>
<kw name="Should Match Regexp" owner="BuiltIn">
<arg>${json_data['results'][0]['email']}</arg>
<arg>^[a-zA-Z0-9._%+-]+@[a-zA-Z0-9.-]+\.[a-zA-Z]{2,}$</arg>
<doc>Fails if ``string`` does not match ``pattern`` as a regular expression.</doc>
<status status="PASS" start="2024-04-24T03:15:42.351147" elapsed="0.000511"/>
</kw>
<kw name="Should Match Regexp" owner="BuiltIn">
<arg>${json_data['results'][0]['dob']['date']}</arg>
<arg>\\d{4}-\\d{2}-\\d{2}T\\d{2}:\\d{2}:\\d{2}\\.\\d{3}Z</arg>
<doc>Fails if ``string`` does not match ``pattern`` as a regular expression.</doc>
<status status="PASS" start="2024-04-24T03:15:42.351848" elapsed="0.000472"/>
</kw>
<kw name="Should Match Regexp" owner="BuiltIn">
<arg>${json_data['results'][0]['registered']['date']}</arg>
<arg>\\d{4}-\\d{2}-\\d{2}T\\d{2}:\\d{2}:\\d{2}\\.\\d{3}Z</arg>
<doc>Fails if ``string`` does not match ``pattern`` as a regular expression.</doc>
<status status="PASS" start="2024-04-24T03:15:42.352506" elapsed="0.000362"/>
</kw>
<kw name="Should Match Regexp" owner="BuiltIn">
<arg>${json_data['results'][0]['picture']['large']}</arg>
<arg>^https?://.*\.(?:png|jpe?g|gif|bmp)$</arg>
<doc>Fails if ``string`` does not match ``pattern`` as a regular expression.</doc>
<status status="PASS" start="2024-04-24T03:15:42.353080" elapsed="0.000457"/>
</kw>
<kw name="Should Match Regexp" owner="BuiltIn">
<arg>${json_data['results'][0]['picture']['medium']}</arg>
<arg>^https?://.*\.(?:png|jpe?g|gif|bmp)$</arg>
<doc>Fails if ``string`` does not match ``pattern`` as a regular expression.</doc>
<status status="PASS" start="2024-04-24T03:15:42.353725" elapsed="0.000366"/>
</kw>
<kw name="Should Match Regexp" owner="BuiltIn">
<arg>${json_data['results'][0]['picture']['thumbnail']}</arg>
<arg>^https?://.*\.(?:png|jpe?g|gif|bmp)$</arg>
<doc>Fails if ``string`` does not match ``pattern`` as a regular expression.</doc>
<status status="PASS" start="2024-04-24T03:15:42.354277" elapsed="0.000346"/>
</kw>
<kw name="Log" owner="BuiltIn">
<msg time="2024-04-24T03:15:42.355118" level="INFO">{'large': 'https://randomuser.me/api/portraits/women/33.jpg', 'medium': 'https://randomuser.me/api/portraits/med/women/33.jpg', 'thumbnail': 'https://randomuser.me/api/portraits/thumb/women/33.jpg'}</msg>
<arg>${json_data['results'][0]['picture']}</arg>
<doc>Logs the given message with the given level.</doc>
<status status="PASS" start="2024-04-24T03:15:42.354800" elapsed="0.000359"/>
</kw>
<status status="PASS" start="2024-04-24T03:15:41.951369" elapsed="0.404043"/>
</kw>
<kw name="Teste de Tipos de Dados - Postcode" owner="random-user-service">
<kw name="GET On Session" owner="RequestsLibrary">
<msg time="2024-04-24T03:15:42.491252" level="INFO">GET Request : url=https://randomuser.me/api 
 path_url=/api 
 headers={'User-Agent': 'python-requests/2.31.0', 'Accept-Encoding': 'gzip, deflate', 'Accept': '*/*', 'Connection': 'keep-alive'} 
 body=None 
 </msg>
<msg time="2024-04-24T03:15:42.491360" level="INFO">GET Response : url=https://randomuser.me/api 
 status=200, reason=OK 
 headers={'Date': 'Wed, 24 Apr 2024 03:15:42 GMT', 'Content-Type': 'application/json; charset=utf-8', 'Transfer-Encoding': 'chunked', 'Connection': 'keep-alive', 'X-Powered-By': 'Express', 'Access-Control-Allow-Origin': '*', 'Cache-Control': 'no-cache', 'ETag': 'W/"47c-8/O4QmHYtXTuGgrzKeES8ipcWj0"', 'Vary': 'Accept-Encoding', 'Content-Encoding': 'gzip', 'CF-Cache-Status': 'DYNAMIC', 'Report-To': '{"endpoints":[{"url":"https:\\/\\/a.nel.cloudflare.com\\/report\\/v4?s=%2FSVBNTYSRVWygfZRnTQZmytiabB4mu6KBsiD9YauxmOSBQBf5EgkZxkqE80knztikwQTzlXtG%2Bc0ixGo0ky4FQ4vUbxyoAWK%2Bl8P3YquEFSOsHzBySiNHRNPvT%2B1BGAF"}],"group":"cf-nel","max_age":604800}', 'NEL': '{"success_fraction":0,"report_to":"cf-nel","max_age":604800}', 'Server': 'cloudflare', 'CF-RAY': '8792ee2dba1d6fbc-IAD', 'alt-svc': 'h3=":443"; ma=86400'} 
 body={"results":[{"gender":"female","name":{"title":"Miss","first":"Esma","last":"Dizdar"},"location":{"street":{"number":1991,"name":"Atatürk Sk"},"city":"Adana","state":"Eskişehir","country":"Turkey","postcode":92505,"coordinates":{"latitude":"69.2340","longitude":"78.6838"},"timezone":{"offset":"+5:30","description":"Bombay, Calcutta, Madras, New Delhi"}},"email":"esma.dizdar@example.com","login":{"uuid":"541b3005-ebc3-4343-934b-2560025515f0","username":"saddog418","password":"dani","salt":"TXmopnKn","md5":"9a1893e107a8db571246fa0d7342817e","sha1":"707269a84ddcea7cc99de0ff2e24bcb72adb8088","sha256":"95b30a9a76006d3ea32761598a0b79a265f9a513f4a39c2a720f2cce6eb117ed"},"dob":{"date":"1966-12-05T09:14:43.097Z","age":57},"registered":{"date":"2002-09-20T11:56:43.159Z","age":21},"phone":"(133)-039-0928","cell":"(361)-310-4146","id":{"name":"","value":null},"picture":{"large":"https://randomuser.me/api/portraits/women/2.jpg","medium":"https://randomuser.me/api/portraits/med/women/2.jpg","thumbnail":"https://randomuser.me/api/portraits/thumb/women/2.jpg"},"nat":"TR"}],"info":{"seed":"29213a83947fe964","results":1,"page":1,"version":"1.4"}} 
 </msg>
<msg time="2024-04-24T03:15:42.491442" level="INFO">/opt/hostedtoolcache/Python/3.12.3/x64/lib/python3.12/site-packages/urllib3/connectionpool.py:1103: InsecureRequestWarning: Unverified HTTPS request is being made to host 'randomuser.me'. Adding certificate verification is strongly advised. See: https://urllib3.readthedocs.io/en/latest/advanced-usage.html#tls-warnings
  warnings.warn(</msg>
<msg time="2024-04-24T03:15:42.491586" level="INFO">${response} = &lt;Response [200]&gt;</msg>
<var>${response}</var>
<arg>consultarAPI</arg>
<arg>/api</arg>
<doc>Sends a GET request on a previously created HTTP Session.</doc>
<status status="PASS" start="2024-04-24T03:15:42.355874" elapsed="0.135760"/>
</kw>
<kw name="Set Variable" owner="BuiltIn">
<msg time="2024-04-24T03:15:42.492679" level="INFO">${json_data} = {'results': [{'gender': 'female', 'name': {'title': 'Miss', 'first': 'Esma', 'last': 'Dizdar'}, 'location': {'street': {'number': 1991, 'name': 'Atatürk Sk'}, 'city': 'Adana', 'state': 'Eskişehir', 'c...</msg>
<var>${json_data}</var>
<arg>${response.json()}</arg>
<doc>Returns the given values which can then be assigned to a variables.</doc>
<status status="PASS" start="2024-04-24T03:15:42.492153" elapsed="0.000555"/>
</kw>
<kw name="Log" owner="BuiltIn">
<msg time="2024-04-24T03:15:42.493239" level="INFO">{'results': [{'gender': 'female', 'name': {'title': 'Miss', 'first': 'Esma', 'last': 'Dizdar'}, 'location': {'street': {'number': 1991, 'name': 'Atatürk Sk'}, 'city': 'Adana', 'state': 'Eskişehir', 'country': 'Turkey', 'postcode': 92505, 'coordinates': {'latitude': '69.2340', 'longitude': '78.6838'}, 'timezone': {'offset': '+5:30', 'description': 'Bombay, Calcutta, Madras, New Delhi'}}, 'email': 'esma.dizdar@example.com', 'login': {'uuid': '541b3005-ebc3-4343-934b-2560025515f0', 'username': 'saddog418', 'password': 'dani', 'salt': 'TXmopnKn', 'md5': '9a1893e107a8db571246fa0d7342817e', 'sha1': '707269a84ddcea7cc99de0ff2e24bcb72adb8088', 'sha256': '95b30a9a76006d3ea32761598a0b79a265f9a513f4a39c2a720f2cce6eb117ed'}, 'dob': {'date': '1966-12-05T09:14:43.097Z', 'age': 57}, 'registered': {'date': '2002-09-20T11:56:43.159Z', 'age': 21}, 'phone': '(133)-039-0928', 'cell': '(361)-310-4146', 'id': {'name': '', 'value': None}, 'picture': {'large': 'https://randomuser.me/api/portraits/women/2.jpg', 'medium': 'https://randomuser.me/api/portraits/med/women/2.jpg', 'thumbnail': 'https://randomuser.me/api/portraits/thumb/women/2.jpg'}, 'nat': 'TR'}], 'info': {'seed': '29213a83947fe964', 'results': 1, 'page': 1, 'version': '1.4'}}</msg>
<arg>${json_data}</arg>
<doc>Logs the given message with the given level.</doc>
<status status="PASS" start="2024-04-24T03:15:42.493071" elapsed="0.000260"/>
</kw>
<kw name="Should Be Equal As Numbers" owner="BuiltIn">
<arg>${json_data['results'][0]['location']['postcode']}</arg>
<arg>${json_data['results'][0]['location']['postcode']}</arg>
<doc>Fails if objects are unequal after converting them to real numbers.</doc>
<status status="PASS" start="2024-04-24T03:15:42.493815" elapsed="0.000620"/>
</kw>
<kw name="Log" owner="BuiltIn">
<msg time="2024-04-24T03:15:42.494960" level="INFO">92505</msg>
<arg>${json_data['results'][0]['location']['postcode']}</arg>
<doc>Logs the given message with the given level.</doc>
<status status="PASS" start="2024-04-24T03:15:42.494626" elapsed="0.000375"/>
</kw>
<status status="PASS" start="2024-04-24T03:15:42.355637" elapsed="0.139617"/>
</kw>
<doc>Testa se os tipos de dados na resposta da API estão corretos.</doc>
<tag>testeTiposDados</tag>
<status status="PASS" start="2024-04-24T03:15:41.950812" elapsed="0.544607"/>
</test>
<test id="s1-s1-t5" name="Validar conteudo" line="35">
<kw name="Teste de Tipos de Conteudo" owner="random-user-service">
<kw name="GET On Session" owner="RequestsLibrary">
<msg time="2024-04-24T03:15:42.534591" level="INFO">GET Request : url=https://randomuser.me/api 
 path_url=/api 
 headers={'User-Agent': 'python-requests/2.31.0', 'Accept-Encoding': 'gzip, deflate', 'Accept': '*/*', 'Connection': 'keep-alive'} 
 body=None 
 </msg>
<msg time="2024-04-24T03:15:42.534677" level="INFO">GET Response : url=https://randomuser.me/api 
 status=200, reason=OK 
 headers={'Date': 'Wed, 24 Apr 2024 03:15:42 GMT', 'Content-Type': 'application/json; charset=utf-8', 'Transfer-Encoding': 'chunked', 'Connection': 'keep-alive', 'X-Powered-By': 'Express', 'Access-Control-Allow-Origin': '*', 'Cache-Control': 'no-cache', 'ETag': 'W/"4a7-296tkbR7X/RIdc747bWRFvbwe2I"', 'Vary': 'Accept-Encoding', 'Content-Encoding': 'gzip', 'CF-Cache-Status': 'DYNAMIC', 'Report-To': '{"endpoints":[{"url":"https:\\/\\/a.nel.cloudflare.com\\/report\\/v4?s=wQRp8RkTdsafJt7pBgnGw4nTyuV7pFZ3yMnWLx7USu%2FCq9LU5j3vIxpVnQchX5WZMoZIWiGk3G8GfeAUGuEpLpbcdVwORq3YUm8cWXalP7SZWv74cHpTLtHWV1OnbKT2"}],"group":"cf-nel","max_age":604800}', 'NEL': '{"success_fraction":0,"report_to":"cf-nel","max_age":604800}', 'Server': 'cloudflare', 'CF-RAY': '8792ee2e9ae46fbc-IAD', 'alt-svc': 'h3=":443"; ma=86400'} 
 body={"results":[{"gender":"female","name":{"title":"Ms","first":"Palma","last":"das Neves"},"location":{"street":{"number":8645,"name":"Rua Duque de Caxias "},"city":"Macaé","state":"Sergipe","country":"Brazil","postcode":10456,"coordinates":{"latitude":"-79.0614","longitude":"3.2943"},"timezone":{"offset":"+3:00","description":"Baghdad, Riyadh, Moscow, St. Petersburg"}},"email":"palma.dasneves@example.com","login":{"uuid":"c5f8d58e-051d-443b-b79d-0b6785492f04","username":"ticklishbird747","password":"mercury","salt":"teYqmUmD","md5":"ef00fff53caa13ad8d64aae72d08e9f1","sha1":"e2a357eb63e9f035985f0df1e12ecfb2a6acc945","sha256":"2adcf9a60e9d0e7ff18416e502b02b4d1f98b72774cb6a8059c54eb6669d2266"},"dob":{"date":"1968-01-22T17:50:59.031Z","age":56},"registered":{"date":"2011-07-07T20:48:57.140Z","age":12},"phone":"(32) 5190-3949","cell":"(81) 9879-4957","id":{"name":"CPF","value":"827.358.001-45"},"picture":{"large":"https://randomuser.me/api/portraits/women/51.jpg","medium":"https://randomuser.me/api/portraits/med/women/51.jpg","thumbnail":"https://randomuser.me/api/portraits/thumb/women/51.jpg"},"nat":"BR"}],"info":{"seed":"c8d380dac7fe8ca7","results":1,"page":1,"version":"1.4"}} 
 </msg>
<msg time="2024-04-24T03:15:42.534740" level="INFO">/opt/hostedtoolcache/Python/3.12.3/x64/lib/python3.12/site-packages/urllib3/connectionpool.py:1103: InsecureRequestWarning: Unverified HTTPS request is being made to host 'randomuser.me'. Adding certificate verification is strongly advised. See: https://urllib3.readthedocs.io/en/latest/advanced-usage.html#tls-warnings
  warnings.warn(</msg>
<msg time="2024-04-24T03:15:42.534838" level="INFO">${response} = &lt;Response [200]&gt;</msg>
<var>${response}</var>
<arg>consultarAPI</arg>
<arg>/api</arg>
<doc>Sends a GET request on a previously created HTTP Session.</doc>
<status status="PASS" start="2024-04-24T03:15:42.497866" elapsed="0.037001"/>
</kw>
<kw name="Set Variable" owner="BuiltIn">
<msg time="2024-04-24T03:15:42.535795" level="INFO">${json_data} = {'results': [{'gender': 'female', 'name': {'title': 'Ms', 'first': 'Palma', 'last': 'das Neves'}, 'location': {'street': {'number': 8645, 'name': 'Rua Duque de Caxias '}, 'city': 'Macaé', 'state': 'Se...</msg>
<var>${json_data}</var>
<arg>${response.json()}</arg>
<doc>Returns the given values which can then be assigned to a variables.</doc>
<status status="PASS" start="2024-04-24T03:15:42.535320" elapsed="0.000504"/>
</kw>
<kw name="Set Variable" owner="BuiltIn">
<msg time="2024-04-24T03:15:42.536513" level="INFO">${name_title} = Ms</msg>
<var>${name_title}</var>
<arg>${json_data["results"][0]["name"]["title"]}</arg>
<doc>Returns the given values which can then be assigned to a variables.</doc>
<status status="PASS" start="2024-04-24T03:15:42.536128" elapsed="0.000410"/>
</kw>
<kw name="Create List" owner="BuiltIn">
<msg time="2024-04-24T03:15:42.537040" level="INFO">${allowed_titles} = ['Mr', 'Ms', 'Miss', 'Mrs', 'Madame', 'Monsieur']</msg>
<var>${allowed_titles}</var>
<arg>Mr</arg>
<arg>Ms</arg>
<arg>Miss</arg>
<arg>Mrs</arg>
<arg>Madame</arg>
<arg>Monsieur</arg>
<doc>Returns a list containing given items.</doc>
<status status="PASS" start="2024-04-24T03:15:42.536837" elapsed="0.000230"/>
</kw>
<kw name="List Should Contain Value" owner="Collections">
<msg time="2024-04-24T03:15:42.537542" level="INFO">False</msg>
<arg>${allowed_titles}</arg>
<arg>${name_title}</arg>
<doc>Fails if the ``value`` is not found from ``list``.</doc>
<status status="PASS" start="2024-04-24T03:15:42.537370" elapsed="0.000209"/>
</kw>
<kw name="Set Variable" owner="BuiltIn">
<msg time="2024-04-24T03:15:42.538247" level="INFO">${name_country} = BR</msg>
<var>${name_country}</var>
<arg>${json_data["results"][0]["nat"]}</arg>
<doc>Returns the given values which can then be assigned to a variables.</doc>
<status status="PASS" start="2024-04-24T03:15:42.537867" elapsed="0.000406"/>
</kw>
<kw name="Create List" owner="BuiltIn">
<msg time="2024-04-24T03:15:42.539157" level="INFO">${list_country} = ['AD', 'AE', 'AF', 'AG', 'AI', 'AL', 'AM', 'AO', 'AQ', 'AR', 'AS', 'AT', 'AU', 'AW', 'AX', 'AZ', 'BA', 'BB', 'BD', 'BE', 'BF', 'BG', 'BH', 'BI', 'BJ', 'BL', 'BM', 'BN', 'BO', 'BQ', 'BR', 'BS', 'BT', '...</msg>
<var>${list_country}</var>
<arg>AD</arg>
<arg>AE</arg>
<arg>AF</arg>
<arg>AG</arg>
<arg>AI</arg>
<arg>AL</arg>
<arg>AM</arg>
<arg>AO</arg>
<arg>AQ</arg>
<arg>AR</arg>
<arg>AS</arg>
<arg>AT</arg>
<arg>AU</arg>
<arg>AW</arg>
<arg>AX</arg>
<arg>AZ</arg>
<arg>BA</arg>
<arg>BB</arg>
<arg>BD</arg>
<arg>BE</arg>
<arg>BF</arg>
<arg>BG</arg>
<arg>BH</arg>
<arg>BI</arg>
<arg>BJ</arg>
<arg>BL</arg>
<arg>BM</arg>
<arg>BN</arg>
<arg>BO</arg>
<arg>BQ</arg>
<arg>BR</arg>
<arg>BS</arg>
<arg>BT</arg>
<arg>BV</arg>
<arg>BW</arg>
<arg>BY</arg>
<arg>BZ</arg>
<arg>CA</arg>
<arg>CC</arg>
<arg>CD</arg>
<arg>CF</arg>
<arg>CG</arg>
<arg>CH</arg>
<arg>CI</arg>
<arg>CK</arg>
<arg>CL</arg>
<arg>CM</arg>
<arg>CN</arg>
<arg>CO</arg>
<arg>CR</arg>
<arg>CU</arg>
<arg>CV</arg>
<arg>CW</arg>
<arg>CX</arg>
<arg>CY</arg>
<arg>CZ</arg>
<arg>DE</arg>
<arg>DJ</arg>
<arg>DK</arg>
<arg>DM</arg>
<arg>DO</arg>
<arg>DZ</arg>
<arg>EC</arg>
<arg>EE</arg>
<arg>EG</arg>
<arg>EH</arg>
<arg>ER</arg>
<arg>ES</arg>
<arg>ET</arg>
<arg>FI</arg>
<arg>FJ</arg>
<arg>FK</arg>
<arg>FM</arg>
<arg>FO</arg>
<arg>FR</arg>
<arg>GA</arg>
<arg>GB</arg>
<arg>GD</arg>
<arg>GE</arg>
<arg>GF</arg>
<arg>GG</arg>
<arg>GH</arg>
<arg>GI</arg>
<arg>GL</arg>
<arg>GM</arg>
<arg>GN</arg>
<arg>GP</arg>
<arg>GQ</arg>
<arg>GR</arg>
<arg>GS</arg>
<arg>GT</arg>
<arg>GU</arg>
<arg>GW</arg>
<arg>GY</arg>
<arg>HK</arg>
<arg>HM</arg>
<arg>HN</arg>
<arg>HR</arg>
<arg>HT</arg>
<arg>HU</arg>
<arg>ID</arg>
<arg>IE</arg>
<arg>IL</arg>
<arg>IM</arg>
<arg>IN</arg>
<arg>IO</arg>
<arg>IQ</arg>
<arg>IR</arg>
<arg>IS</arg>
<arg>IT</arg>
<arg>JE</arg>
<arg>JM</arg>
<arg>JO</arg>
<arg>JP</arg>
<arg>KE</arg>
<arg>KG</arg>
<arg>KH</arg>
<arg>KI</arg>
<arg>KM</arg>
<arg>KN</arg>
<arg>KP</arg>
<arg>KR</arg>
<arg>KW</arg>
<arg>KY</arg>
<arg>KZ</arg>
<arg>LA</arg>
<arg>LB</arg>
<arg>LC</arg>
<arg>LI</arg>
<arg>LK</arg>
<arg>LR</arg>
<arg>LS</arg>
<arg>LT</arg>
<arg>LU</arg>
<arg>LV</arg>
<arg>LY</arg>
<arg>MA</arg>
<arg>MC</arg>
<arg>MD</arg>
<arg>ME</arg>
<arg>MF</arg>
<arg>MG</arg>
<arg>MH</arg>
<arg>MK</arg>
<arg>ML</arg>
<arg>MM</arg>
<arg>MN</arg>
<arg>MO</arg>
<arg>MP</arg>
<arg>MQ</arg>
<arg>MR</arg>
<arg>MS</arg>
<arg>MT</arg>
<arg>MU</arg>
<arg>MV</arg>
<arg>MW</arg>
<arg>MX</arg>
<arg>MY</arg>
<arg>MZ</arg>
<arg>NA</arg>
<arg>NC</arg>
<arg>NE</arg>
<arg>NF</arg>
<arg>NG</arg>
<arg>NI</arg>
<arg>NL</arg>
<arg>NO</arg>
<arg>NP</arg>
<arg>NR</arg>
<arg>NU</arg>
<arg>NZ</arg>
<arg>OM</arg>
<arg>PA</arg>
<arg>PE</arg>
<arg>PF</arg>
<arg>PG</arg>
<arg>PH</arg>
<arg>PK</arg>
<arg>PL</arg>
<arg>PM</arg>
<arg>PN</arg>
<arg>PR</arg>
<arg>PS</arg>
<arg>PT</arg>
<arg>PW</arg>
<arg>PY</arg>
<arg>QA</arg>
<arg>RE</arg>
<arg>RO</arg>
<arg>RS</arg>
<arg>RU</arg>
<arg>RW</arg>
<arg>SA</arg>
<arg>SB</arg>
<arg>SC</arg>
<arg>SD</arg>
<arg>SE</arg>
<arg>SG</arg>
<arg>SH</arg>
<arg>SI</arg>
<arg>SJ</arg>
<arg>SK</arg>
<arg>SL</arg>
<arg>SM</arg>
<arg>SN</arg>
<arg>SO</arg>
<arg>SR</arg>
<arg>SS</arg>
<arg>ST</arg>
<arg>SV</arg>
<arg>SX</arg>
<arg>SY</arg>
<arg>SZ</arg>
<arg>TC</arg>
<arg>TD</arg>
<arg>TF</arg>
<arg>TG</arg>
<arg>TH</arg>
<arg>TJ</arg>
<arg>TK</arg>
<arg>TL</arg>
<arg>TM</arg>
<arg>TN</arg>
<arg>TO</arg>
<arg>TR</arg>
<arg>TT</arg>
<arg>TV</arg>
<arg>TW</arg>
<arg>TZ</arg>
<arg>UA</arg>
<arg>UG</arg>
<arg>UM</arg>
<arg>US</arg>
<arg>UY</arg>
<arg>UZ</arg>
<arg>VA</arg>
<arg>VC</arg>
<arg>VE</arg>
<arg>VG</arg>
<arg>VI</arg>
<arg>VN</arg>
<arg>VU</arg>
<arg>WF</arg>
<arg>WS</arg>
<arg>XK</arg>
<arg>YE</arg>
<arg>YT</arg>
<arg>ZA</arg>
<arg>ZM</arg>
<arg>ZW</arg>
<doc>Returns a list containing given items.</doc>
<status status="PASS" start="2024-04-24T03:15:42.538575" elapsed="0.000607"/>
</kw>
<kw name="List Should Contain Value" owner="Collections">
<msg time="2024-04-24T03:15:42.540168" level="INFO">False</msg>
<arg>${list_country}</arg>
<arg>${name_country}</arg>
<doc>Fails if the ``value`` is not found from ``list``.</doc>
<status status="PASS" start="2024-04-24T03:15:42.539969" elapsed="0.000235"/>
</kw>
<kw name="Run Keyword If" owner="BuiltIn">
<kw name="Should Be True" owner="BuiltIn">
<arg>${True}</arg>
<doc>Fails if the given condition is not true.</doc>
<status status="PASS" start="2024-04-24T03:15:42.541300" elapsed="0.000248"/>
</kw>
<arg>${json_data["results"][0]["location"]["coordinates"]["latitude"]} &gt;= -90 and ${json_data["results"][0]["location"]["coordinates"]["latitude"]} &lt;= 90</arg>
<arg>Should Be True</arg>
<arg>${True}</arg>
<doc>Runs the given keyword with the given arguments, if ``condition`` is true.</doc>
<status status="PASS" start="2024-04-24T03:15:42.540512" elapsed="0.001168"/>
</kw>
<kw name="Run Keyword If" owner="BuiltIn">
<kw name="Should Be True" owner="BuiltIn">
<arg>${True}</arg>
<doc>Fails if the given condition is not true.</doc>
<status status="PASS" start="2024-04-24T03:15:42.542589" elapsed="0.000139"/>
</kw>
<arg>${json_data["results"][0]["location"]["coordinates"]["longitude"]} &gt;= -180 and ${json_data["results"][0]["location"]["coordinates"]["longitude"]} &lt;= 180</arg>
<arg>Should Be True</arg>
<arg>${True}</arg>
<doc>Runs the given keyword with the given arguments, if ``condition`` is true.</doc>
<status status="PASS" start="2024-04-24T03:15:42.541867" elapsed="0.000986"/>
</kw>
<status status="PASS" start="2024-04-24T03:15:42.497639" elapsed="0.045346"/>
</kw>
<doc>Testa o conteúdo específico dos campos retornados pela API.</doc>
<tag>testeConteudo</tag>
<status status="PASS" start="2024-04-24T03:15:42.497174" elapsed="0.045960"/>
</test>
<status status="PASS" start="2024-04-24T03:15:41.434997" elapsed="1.110110"/>
</suite>
<status status="PASS" start="2024-04-24T03:15:41.421200" elapsed="1.129086"/>
</suite>
<statistics>
<total>
<stat pass="5" fail="0" skip="0">All Tests</stat>
</total>
<tag>
<stat pass="1" fail="0" skip="0">testeConteudo</stat>
<stat pass="1" fail="0" skip="0">testeEstruturaResposta</stat>
<stat pass="1" fail="0" skip="0">testeRequisicaoBasica</stat>
<stat pass="1" fail="0" skip="0">testeTiposDados</stat>
</tag>
<suite>
<stat pass="5" fail="0" skip="0" id="s1" name="Tests">Tests</stat>
<stat pass="5" fail="0" skip="0" id="s1-s1" name="Random-User-Test">Tests.Random-User-Test</stat>
</suite>
</statistics>
<errors>
</errors>
</robot>
