<?xml version="1.0" encoding="UTF-8"?>
<robot generator="Robot 7.0 (Python 3.12.3 on linux)" generated="2024-05-08T07:14:57.153614" rpa="false" schemaversion="5">
<suite id="s1" name="Tests" source="/home/runner/work/DesafioQAItauRogerioJordao/DesafioQAItauRogerioJordao/RamdonUser/tests">
<suite id="s1-s1" name="Random-User-Test" source="/home/runner/work/DesafioQAItauRogerioJordao/DesafioQAItauRogerioJordao/RamdonUser/tests/random-user-test.robot">
<test id="s1-s1-t1" name="Conectar" line="13">
<kw name="Conectar API" owner="random-user-service">
<kw name="Create Session" owner="RequestsLibrary">
<msg time="2024-05-08T07:14:57.546873" level="INFO">Creating Session using : alias=consultarAPI, url=https://randomuser.me/, headers={},                     cookies={}, auth=None, timeout=None, proxies=None, verify=False,                     debug=0 </msg>
<arg>consultarAPI</arg>
<arg>${URL}</arg>
<doc>Create Session: create a HTTP session to a server</doc>
<status status="PASS" start="2024-05-08T07:14:57.546594" elapsed="0.000541"/>
</kw>
<status status="PASS" start="2024-05-08T07:14:57.545657" elapsed="0.001853"/>
</kw>
<status status="PASS" start="2024-05-08T07:14:57.545082" elapsed="0.002713"/>
</test>
<test id="s1-s1-t2" name="Validar retorno 200 e JSON Válido" line="16">
<kw name="Teste de Requisicao Basica" owner="random-user-service">
<kw name="GET On Session" owner="RequestsLibrary">
<msg time="2024-05-08T07:14:58.123784" level="INFO">GET Request : url=https://randomuser.me/api 
 path_url=/api 
 headers={'User-Agent': 'python-requests/2.31.0', 'Accept-Encoding': 'gzip, deflate', 'Accept': '*/*', 'Connection': 'keep-alive'} 
 body=None 
 </msg>
<msg time="2024-05-08T07:14:58.123952" level="INFO">GET Response : url=https://randomuser.me/api 
 status=200, reason=OK 
 headers={'Date': 'Wed, 08 May 2024 07:14:58 GMT', 'Content-Type': 'application/json; charset=utf-8', 'Transfer-Encoding': 'chunked', 'Connection': 'keep-alive', 'X-Powered-By': 'Express', 'Access-Control-Allow-Origin': '*', 'Cache-Control': 'no-cache', 'ETag': 'W/"4a4-yjzPitSMz7JNVbW5Ve/hm5Zmd/A"', 'Vary': 'Accept-Encoding', 'Content-Encoding': 'gzip', 'CF-Cache-Status': 'DYNAMIC', 'Report-To': '{"endpoints":[{"url":"https:\\/\\/a.nel.cloudflare.com\\/report\\/v4?s=xkF6amaCVdTf1%2FRfbc%2Fc%2FtlwIByjnPj7K1wG2C5y%2Fz8BWsqJAUbUIYkrNfHhYQLqx6hTChpwpGqn9NZVrk%2FniC2Du3s1HCcnvOhDr83RwKkYYk14L6KL0Mrl1Zs%2BRu3c"}],"group":"cf-nel","max_age":604800}', 'NEL': '{"success_fraction":0,"report_to":"cf-nel","max_age":604800}', 'Server': 'cloudflare', 'CF-RAY': '8807a7e5fcd039b0-IAD', 'alt-svc': 'h3=":443"; ma=86400'} 
 body={"results":[{"gender":"female","name":{"title":"Ms","first":"Monica","last":"Peterson"},"location":{"street":{"number":4606,"name":"Lakeview St"},"city":"Rancho Cucamonga","state":"Kansas","country":"United States","postcode":68809,"coordinates":{"latitude":"84.6902","longitude":"161.4827"},"timezone":{"offset":"+1:00","description":"Brussels, Copenhagen, Madrid, Paris"}},"email":"monica.peterson@example.com","login":{"uuid":"bbe777b5-ad86-4b90-a92f-2faf43b612ae","username":"yellowdog979","password":"bianca","salt":"ZGxUKbPM","md5":"e024c4ff39ebf3b4e3bba8f61fa79fc7","sha1":"e3162b773ed912c636b2d082097e5f16aef7d082","sha256":"56091999ab1d7b35ea9d2d2286eaf4020b9601a776d94b46dfa8426446b37749"},"dob":{"date":"1982-07-28T15:56:28.378Z","age":41},"registered":{"date":"2022-04-08T06:22:35.944Z","age":2},"phone":"(374) 216-8759","cell":"(596) 414-3599","id":{"name":"SSN","value":"538-85-7711"},"picture":{"large":"https://randomuser.me/api/portraits/women/25.jpg","medium":"https://randomuser.me/api/portraits/med/women/25.jpg","thumbnail":"https://randomuser.me/api/portraits/thumb/women/25.jpg"},"nat":"US"}],"info":{"seed":"8580f644a2615d0b","results":1,"page":1,"version":"1.4"}} 
 </msg>
<msg time="2024-05-08T07:14:58.124048" level="INFO">/opt/hostedtoolcache/Python/3.12.3/x64/lib/python3.12/site-packages/urllib3/connectionpool.py:1103: InsecureRequestWarning: Unverified HTTPS request is being made to host 'randomuser.me'. Adding certificate verification is strongly advised. See: https://urllib3.readthedocs.io/en/latest/advanced-usage.html#tls-warnings
  warnings.warn(</msg>
<msg time="2024-05-08T07:14:58.124202" level="INFO">${response} = &lt;Response [200]&gt;</msg>
<var>${response}</var>
<arg>consultarAPI</arg>
<arg>/api</arg>
<doc>Sends a GET request on a previously created HTTP Session.</doc>
<status status="PASS" start="2024-05-08T07:14:57.550566" elapsed="0.573684"/>
</kw>
<kw name="Should Be Equal As Numbers" owner="BuiltIn">
<msg time="2024-05-08T07:14:58.125405" level="INFO">Argument types are:
&lt;class 'int'&gt;
&lt;class 'str'&gt;</msg>
<arg>${response.status_code}</arg>
<arg>200</arg>
<doc>Fails if objects are unequal after converting them to real numbers.</doc>
<status status="PASS" start="2024-05-08T07:14:58.124868" elapsed="0.000603"/>
</kw>
<kw name="Log" owner="BuiltIn">
<msg time="2024-05-08T07:14:58.126183" level="INFO">200</msg>
<arg>${response.status_code}</arg>
<doc>Logs the given message with the given level.</doc>
<status status="PASS" start="2024-05-08T07:14:58.125826" elapsed="0.000398"/>
</kw>
<kw name="Set Variable" owner="BuiltIn">
<msg time="2024-05-08T07:14:58.126959" level="INFO">${json_data} = {'results': [{'gender': 'female', 'name': {'title': 'Ms', 'first': 'Monica', 'last': 'Peterson'}, 'location': {'street': {'number': 4606, 'name': 'Lakeview St'}, 'city': 'Rancho Cucamonga', 'state': '...</msg>
<var>${json_data}</var>
<arg>${response.json()}</arg>
<doc>Returns the given values which can then be assigned to a variables.</doc>
<status status="PASS" start="2024-05-08T07:14:58.126524" elapsed="0.000463"/>
</kw>
<kw name="Dictionary Should Contain Key" owner="Collections">
<msg time="2024-05-08T07:14:58.127449" level="INFO">False</msg>
<arg>${json_data}</arg>
<arg>results</arg>
<doc>Fails if ``key`` is not found from ``dictionary``.</doc>
<status status="PASS" start="2024-05-08T07:14:58.127282" elapsed="0.000207"/>
</kw>
<status status="PASS" start="2024-05-08T07:14:57.550321" elapsed="0.577421"/>
</kw>
<doc>Testa se a API responde corretamente e retorna um objeto JSON válido.</doc>
<tag>testeRequisicaoBasica</tag>
<status status="PASS" start="2024-05-08T07:14:57.549791" elapsed="0.578129"/>
</test>
<test id="s1-s1-t3" name="Validar estrutura de resposta" line="22">
<kw name="Teste de Estrutura de Resposta" owner="random-user-service">
<kw name="GET On Session" owner="RequestsLibrary">
<msg time="2024-05-08T07:14:58.204286" level="INFO">GET Request : url=https://randomuser.me/api 
 path_url=/api 
 headers={'User-Agent': 'python-requests/2.31.0', 'Accept-Encoding': 'gzip, deflate', 'Accept': '*/*', 'Connection': 'keep-alive'} 
 body=None 
 </msg>
<msg time="2024-05-08T07:14:58.204369" level="INFO">GET Response : url=https://randomuser.me/api 
 status=200, reason=OK 
 headers={'Date': 'Wed, 08 May 2024 07:14:58 GMT', 'Content-Type': 'application/json; charset=utf-8', 'Transfer-Encoding': 'chunked', 'Connection': 'keep-alive', 'X-Powered-By': 'Express', 'Access-Control-Allow-Origin': '*', 'Cache-Control': 'no-cache', 'ETag': 'W/"47d-S9jqnagOhgqBhEiiEevDJyqi/rg"', 'Vary': 'Accept-Encoding', 'Content-Encoding': 'gzip', 'CF-Cache-Status': 'DYNAMIC', 'Report-To': '{"endpoints":[{"url":"https:\\/\\/a.nel.cloudflare.com\\/report\\/v4?s=Jin29f57chxChoBDEf9NBaC7lig2traS8KSpyWVWfGNc8pXNhxPzSUFmFdECeLjmmYNpeaI7l7G8XQAvjFH0z8cMk4xtUcU6EXKPJUKi3oR%2Biy8XISbUsvLsTK25xIWt"}],"group":"cf-nel","max_age":604800}', 'NEL': '{"success_fraction":0,"report_to":"cf-nel","max_age":604800}', 'Server': 'cloudflare', 'CF-RAY': '8807a7e95f7b39b0-IAD', 'alt-svc': 'h3=":443"; ma=86400'} 
 body={"results":[{"gender":"male","name":{"title":"Mr","first":"Ceyhun","last":"Sandalcı"},"location":{"street":{"number":5961,"name":"Tunalı Hilmi Cd"},"city":"Kütahya","state":"Bartın","country":"Turkey","postcode":75525,"coordinates":{"latitude":"67.1333","longitude":"-134.7644"},"timezone":{"offset":"-11:00","description":"Midway Island, Samoa"}},"email":"ceyhun.sandalci@example.com","login":{"uuid":"2b09a8eb-2252-4a0b-a387-05f55aa6611b","username":"lazyladybug103","password":"carbon","salt":"iithObRA","md5":"2275c5dd99b76f325afe69fa50fc7506","sha1":"218a2b367cef09577e4bb274c0d752bc6785cc0f","sha256":"e260b9abfe25a2873373031c783662b71f4a997e62af76acae34b16b7e4184b4"},"dob":{"date":"1964-09-03T09:06:50.184Z","age":59},"registered":{"date":"2021-05-22T13:25:03.519Z","age":2},"phone":"(366)-331-0764","cell":"(380)-586-8506","id":{"name":"","value":null},"picture":{"large":"https://randomuser.me/api/portraits/men/35.jpg","medium":"https://randomuser.me/api/portraits/med/men/35.jpg","thumbnail":"https://randomuser.me/api/portraits/thumb/men/35.jpg"},"nat":"TR"}],"info":{"seed":"7887c2b8831161cc","results":1,"page":1,"version":"1.4"}} 
 </msg>
<msg time="2024-05-08T07:14:58.204483" level="INFO">/opt/hostedtoolcache/Python/3.12.3/x64/lib/python3.12/site-packages/urllib3/connectionpool.py:1103: InsecureRequestWarning: Unverified HTTPS request is being made to host 'randomuser.me'. Adding certificate verification is strongly advised. See: https://urllib3.readthedocs.io/en/latest/advanced-usage.html#tls-warnings
  warnings.warn(</msg>
<msg time="2024-05-08T07:14:58.204578" level="INFO">${response} = &lt;Response [200]&gt;</msg>
<var>${response}</var>
<arg>consultarAPI</arg>
<arg>/api</arg>
<doc>Sends a GET request on a previously created HTTP Session.</doc>
<status status="PASS" start="2024-05-08T07:14:58.130877" elapsed="0.073736"/>
</kw>
<kw name="Set Variable" owner="BuiltIn">
<msg time="2024-05-08T07:14:58.205537" level="INFO">${json_data} = {'results': [{'gender': 'male', 'name': {'title': 'Mr', 'first': 'Ceyhun', 'last': 'Sandalcı'}, 'location': {'street': {'number': 5961, 'name': 'Tunalı Hilmi Cd'}, 'city': 'Kütahya', 'state': 'Bartın'...</msg>
<var>${json_data}</var>
<arg>${response.json()}</arg>
<doc>Returns the given values which can then be assigned to a variables.</doc>
<status status="PASS" start="2024-05-08T07:14:58.205030" elapsed="0.000536"/>
</kw>
<kw name="Log" owner="BuiltIn">
<msg time="2024-05-08T07:14:58.206035" level="INFO">{'results': [{'gender': 'male', 'name': {'title': 'Mr', 'first': 'Ceyhun', 'last': 'Sandalcı'}, 'location': {'street': {'number': 5961, 'name': 'Tunalı Hilmi Cd'}, 'city': 'Kütahya', 'state': 'Bartın', 'country': 'Turkey', 'postcode': 75525, 'coordinates': {'latitude': '67.1333', 'longitude': '-134.7644'}, 'timezone': {'offset': '-11:00', 'description': 'Midway Island, Samoa'}}, 'email': 'ceyhun.sandalci@example.com', 'login': {'uuid': '2b09a8eb-2252-4a0b-a387-05f55aa6611b', 'username': 'lazyladybug103', 'password': 'carbon', 'salt': 'iithObRA', 'md5': '2275c5dd99b76f325afe69fa50fc7506', 'sha1': '218a2b367cef09577e4bb274c0d752bc6785cc0f', 'sha256': 'e260b9abfe25a2873373031c783662b71f4a997e62af76acae34b16b7e4184b4'}, 'dob': {'date': '1964-09-03T09:06:50.184Z', 'age': 59}, 'registered': {'date': '2021-05-22T13:25:03.519Z', 'age': 2}, 'phone': '(366)-331-0764', 'cell': '(380)-586-8506', 'id': {'name': '', 'value': None}, 'picture': {'large': 'https://randomuser.me/api/portraits/men/35.jpg', 'medium': 'https://randomuser.me/api/portraits/med/men/35.jpg', 'thumbnail': 'https://randomuser.me/api/portraits/thumb/men/35.jpg'}, 'nat': 'TR'}], 'info': {'seed': '7887c2b8831161cc', 'results': 1, 'page': 1, 'version': '1.4'}}</msg>
<arg>${json_data}</arg>
<doc>Logs the given message with the given level.</doc>
<status status="PASS" start="2024-05-08T07:14:58.205870" elapsed="0.000215"/>
</kw>
<kw name="Dictionary Should Contain Key" owner="Collections">
<msg time="2024-05-08T07:14:58.206532" level="INFO">False</msg>
<arg>${json_data}</arg>
<arg>results</arg>
<doc>Fails if ``key`` is not found from ``dictionary``.</doc>
<status status="PASS" start="2024-05-08T07:14:58.206379" elapsed="0.000188"/>
</kw>
<kw name="Should Not Be Empty" owner="BuiltIn">
<msg time="2024-05-08T07:14:58.206986" level="INFO">Length is 2.</msg>
<arg>${json_data}</arg>
<doc>Verifies that the given item is not empty.</doc>
<status status="PASS" start="2024-05-08T07:14:58.206853" elapsed="0.000307"/>
</kw>
<kw name="Create List" owner="BuiltIn">
<msg time="2024-05-08T07:14:58.207600" level="INFO">${expected_keys} = ['gender', 'name', 'location', 'email', 'login']</msg>
<var>${expected_keys}</var>
<arg>gender</arg>
<arg>name</arg>
<arg>location</arg>
<arg>email</arg>
<arg>login</arg>
<doc>Returns a list containing given items.</doc>
<status status="PASS" start="2024-05-08T07:14:58.207448" elapsed="0.000175"/>
</kw>
<for flavor="IN">
<iter>
<kw name="Dictionary Should Contain Key" owner="Collections">
<msg time="2024-05-08T07:14:58.208586" level="INFO">False</msg>
<arg>${json_data['results'][0]}</arg>
<arg>${key}</arg>
<doc>Fails if ``key`` is not found from ``dictionary``.</doc>
<status status="PASS" start="2024-05-08T07:14:58.208180" elapsed="0.000443"/>
</kw>
<kw name="Log" owner="BuiltIn">
<msg time="2024-05-08T07:14:58.209338" level="INFO">{'gender': 'male', 'name': {'title': 'Mr', 'first': 'Ceyhun', 'last': 'Sandalcı'}, 'location': {'street': {'number': 5961, 'name': 'Tunalı Hilmi Cd'}, 'city': 'Kütahya', 'state': 'Bartın', 'country': 'Turkey', 'postcode': 75525, 'coordinates': {'latitude': '67.1333', 'longitude': '-134.7644'}, 'timezone': {'offset': '-11:00', 'description': 'Midway Island, Samoa'}}, 'email': 'ceyhun.sandalci@example.com', 'login': {'uuid': '2b09a8eb-2252-4a0b-a387-05f55aa6611b', 'username': 'lazyladybug103', 'password': 'carbon', 'salt': 'iithObRA', 'md5': '2275c5dd99b76f325afe69fa50fc7506', 'sha1': '218a2b367cef09577e4bb274c0d752bc6785cc0f', 'sha256': 'e260b9abfe25a2873373031c783662b71f4a997e62af76acae34b16b7e4184b4'}, 'dob': {'date': '1964-09-03T09:06:50.184Z', 'age': 59}, 'registered': {'date': '2021-05-22T13:25:03.519Z', 'age': 2}, 'phone': '(366)-331-0764', 'cell': '(380)-586-8506', 'id': {'name': '', 'value': None}, 'picture': {'large': 'https://randomuser.me/api/portraits/men/35.jpg', 'medium': 'https://randomuser.me/api/portraits/med/men/35.jpg', 'thumbnail': 'https://randomuser.me/api/portraits/thumb/men/35.jpg'}, 'nat': 'TR'}</msg>
<arg>${json_data['results'][0]}</arg>
<doc>Logs the given message with the given level.</doc>
<status status="PASS" start="2024-05-08T07:14:58.208961" elapsed="0.000427"/>
</kw>
<kw name="Log" owner="BuiltIn">
<msg time="2024-05-08T07:14:58.209818" level="INFO">gender</msg>
<arg>${key}</arg>
<doc>Logs the given message with the given level.</doc>
<status status="PASS" start="2024-05-08T07:14:58.209690" elapsed="0.000164"/>
</kw>
<var name="${key}">gender</var>
<status status="PASS" start="2024-05-08T07:14:58.208056" elapsed="0.002011"/>
</iter>
<iter>
<kw name="Dictionary Should Contain Key" owner="Collections">
<msg time="2024-05-08T07:14:58.210737" level="INFO">False</msg>
<arg>${json_data['results'][0]}</arg>
<arg>${key}</arg>
<doc>Fails if ``key`` is not found from ``dictionary``.</doc>
<status status="PASS" start="2024-05-08T07:14:58.210362" elapsed="0.000413"/>
</kw>
<kw name="Log" owner="BuiltIn">
<msg time="2024-05-08T07:14:58.211454" level="INFO">{'gender': 'male', 'name': {'title': 'Mr', 'first': 'Ceyhun', 'last': 'Sandalcı'}, 'location': {'street': {'number': 5961, 'name': 'Tunalı Hilmi Cd'}, 'city': 'Kütahya', 'state': 'Bartın', 'country': 'Turkey', 'postcode': 75525, 'coordinates': {'latitude': '67.1333', 'longitude': '-134.7644'}, 'timezone': {'offset': '-11:00', 'description': 'Midway Island, Samoa'}}, 'email': 'ceyhun.sandalci@example.com', 'login': {'uuid': '2b09a8eb-2252-4a0b-a387-05f55aa6611b', 'username': 'lazyladybug103', 'password': 'carbon', 'salt': 'iithObRA', 'md5': '2275c5dd99b76f325afe69fa50fc7506', 'sha1': '218a2b367cef09577e4bb274c0d752bc6785cc0f', 'sha256': 'e260b9abfe25a2873373031c783662b71f4a997e62af76acae34b16b7e4184b4'}, 'dob': {'date': '1964-09-03T09:06:50.184Z', 'age': 59}, 'registered': {'date': '2021-05-22T13:25:03.519Z', 'age': 2}, 'phone': '(366)-331-0764', 'cell': '(380)-586-8506', 'id': {'name': '', 'value': None}, 'picture': {'large': 'https://randomuser.me/api/portraits/men/35.jpg', 'medium': 'https://randomuser.me/api/portraits/med/men/35.jpg', 'thumbnail': 'https://randomuser.me/api/portraits/thumb/men/35.jpg'}, 'nat': 'TR'}</msg>
<arg>${json_data['results'][0]}</arg>
<doc>Logs the given message with the given level.</doc>
<status status="PASS" start="2024-05-08T07:14:58.211092" elapsed="0.000411"/>
</kw>
<kw name="Log" owner="BuiltIn">
<msg time="2024-05-08T07:14:58.211923" level="INFO">name</msg>
<arg>${key}</arg>
<doc>Logs the given message with the given level.</doc>
<status status="PASS" start="2024-05-08T07:14:58.211798" elapsed="0.000161"/>
</kw>
<var name="${key}">name</var>
<status status="PASS" start="2024-05-08T07:14:58.210248" elapsed="0.001920"/>
</iter>
<iter>
<kw name="Dictionary Should Contain Key" owner="Collections">
<msg time="2024-05-08T07:14:58.212848" level="INFO">False</msg>
<arg>${json_data['results'][0]}</arg>
<arg>${key}</arg>
<doc>Fails if ``key`` is not found from ``dictionary``.</doc>
<status status="PASS" start="2024-05-08T07:14:58.212451" elapsed="0.000433"/>
</kw>
<kw name="Log" owner="BuiltIn">
<msg time="2024-05-08T07:14:58.213549" level="INFO">{'gender': 'male', 'name': {'title': 'Mr', 'first': 'Ceyhun', 'last': 'Sandalcı'}, 'location': {'street': {'number': 5961, 'name': 'Tunalı Hilmi Cd'}, 'city': 'Kütahya', 'state': 'Bartın', 'country': 'Turkey', 'postcode': 75525, 'coordinates': {'latitude': '67.1333', 'longitude': '-134.7644'}, 'timezone': {'offset': '-11:00', 'description': 'Midway Island, Samoa'}}, 'email': 'ceyhun.sandalci@example.com', 'login': {'uuid': '2b09a8eb-2252-4a0b-a387-05f55aa6611b', 'username': 'lazyladybug103', 'password': 'carbon', 'salt': 'iithObRA', 'md5': '2275c5dd99b76f325afe69fa50fc7506', 'sha1': '218a2b367cef09577e4bb274c0d752bc6785cc0f', 'sha256': 'e260b9abfe25a2873373031c783662b71f4a997e62af76acae34b16b7e4184b4'}, 'dob': {'date': '1964-09-03T09:06:50.184Z', 'age': 59}, 'registered': {'date': '2021-05-22T13:25:03.519Z', 'age': 2}, 'phone': '(366)-331-0764', 'cell': '(380)-586-8506', 'id': {'name': '', 'value': None}, 'picture': {'large': 'https://randomuser.me/api/portraits/men/35.jpg', 'medium': 'https://randomuser.me/api/portraits/med/men/35.jpg', 'thumbnail': 'https://randomuser.me/api/portraits/thumb/men/35.jpg'}, 'nat': 'TR'}</msg>
<arg>${json_data['results'][0]}</arg>
<doc>Logs the given message with the given level.</doc>
<status status="PASS" start="2024-05-08T07:14:58.213177" elapsed="0.000422"/>
</kw>
<kw name="Log" owner="BuiltIn">
<msg time="2024-05-08T07:14:58.214034" level="INFO">location</msg>
<arg>${key}</arg>
<doc>Logs the given message with the given level.</doc>
<status status="PASS" start="2024-05-08T07:14:58.213911" elapsed="0.000159"/>
</kw>
<var name="${key}">location</var>
<status status="PASS" start="2024-05-08T07:14:58.212342" elapsed="0.001936"/>
</iter>
<iter>
<kw name="Dictionary Should Contain Key" owner="Collections">
<msg time="2024-05-08T07:14:58.214935" level="INFO">False</msg>
<arg>${json_data['results'][0]}</arg>
<arg>${key}</arg>
<doc>Fails if ``key`` is not found from ``dictionary``.</doc>
<status status="PASS" start="2024-05-08T07:14:58.214553" elapsed="0.000419"/>
</kw>
<kw name="Log" owner="BuiltIn">
<msg time="2024-05-08T07:14:58.215628" level="INFO">{'gender': 'male', 'name': {'title': 'Mr', 'first': 'Ceyhun', 'last': 'Sandalcı'}, 'location': {'street': {'number': 5961, 'name': 'Tunalı Hilmi Cd'}, 'city': 'Kütahya', 'state': 'Bartın', 'country': 'Turkey', 'postcode': 75525, 'coordinates': {'latitude': '67.1333', 'longitude': '-134.7644'}, 'timezone': {'offset': '-11:00', 'description': 'Midway Island, Samoa'}}, 'email': 'ceyhun.sandalci@example.com', 'login': {'uuid': '2b09a8eb-2252-4a0b-a387-05f55aa6611b', 'username': 'lazyladybug103', 'password': 'carbon', 'salt': 'iithObRA', 'md5': '2275c5dd99b76f325afe69fa50fc7506', 'sha1': '218a2b367cef09577e4bb274c0d752bc6785cc0f', 'sha256': 'e260b9abfe25a2873373031c783662b71f4a997e62af76acae34b16b7e4184b4'}, 'dob': {'date': '1964-09-03T09:06:50.184Z', 'age': 59}, 'registered': {'date': '2021-05-22T13:25:03.519Z', 'age': 2}, 'phone': '(366)-331-0764', 'cell': '(380)-586-8506', 'id': {'name': '', 'value': None}, 'picture': {'large': 'https://randomuser.me/api/portraits/men/35.jpg', 'medium': 'https://randomuser.me/api/portraits/med/men/35.jpg', 'thumbnail': 'https://randomuser.me/api/portraits/thumb/men/35.jpg'}, 'nat': 'TR'}</msg>
<arg>${json_data['results'][0]}</arg>
<doc>Logs the given message with the given level.</doc>
<status status="PASS" start="2024-05-08T07:14:58.215265" elapsed="0.000412"/>
</kw>
<kw name="Log" owner="BuiltIn">
<msg time="2024-05-08T07:14:58.216095" level="INFO">email</msg>
<arg>${key}</arg>
<doc>Logs the given message with the given level.</doc>
<status status="PASS" start="2024-05-08T07:14:58.215970" elapsed="0.000162"/>
</kw>
<var name="${key}">email</var>
<status status="PASS" start="2024-05-08T07:14:58.214445" elapsed="0.001896"/>
</iter>
<iter>
<kw name="Dictionary Should Contain Key" owner="Collections">
<msg time="2024-05-08T07:14:58.217046" level="INFO">False</msg>
<arg>${json_data['results'][0]}</arg>
<arg>${key}</arg>
<doc>Fails if ``key`` is not found from ``dictionary``.</doc>
<status status="PASS" start="2024-05-08T07:14:58.216617" elapsed="0.000465"/>
</kw>
<kw name="Log" owner="BuiltIn">
<msg time="2024-05-08T07:14:58.217747" level="INFO">{'gender': 'male', 'name': {'title': 'Mr', 'first': 'Ceyhun', 'last': 'Sandalcı'}, 'location': {'street': {'number': 5961, 'name': 'Tunalı Hilmi Cd'}, 'city': 'Kütahya', 'state': 'Bartın', 'country': 'Turkey', 'postcode': 75525, 'coordinates': {'latitude': '67.1333', 'longitude': '-134.7644'}, 'timezone': {'offset': '-11:00', 'description': 'Midway Island, Samoa'}}, 'email': 'ceyhun.sandalci@example.com', 'login': {'uuid': '2b09a8eb-2252-4a0b-a387-05f55aa6611b', 'username': 'lazyladybug103', 'password': 'carbon', 'salt': 'iithObRA', 'md5': '2275c5dd99b76f325afe69fa50fc7506', 'sha1': '218a2b367cef09577e4bb274c0d752bc6785cc0f', 'sha256': 'e260b9abfe25a2873373031c783662b71f4a997e62af76acae34b16b7e4184b4'}, 'dob': {'date': '1964-09-03T09:06:50.184Z', 'age': 59}, 'registered': {'date': '2021-05-22T13:25:03.519Z', 'age': 2}, 'phone': '(366)-331-0764', 'cell': '(380)-586-8506', 'id': {'name': '', 'value': None}, 'picture': {'large': 'https://randomuser.me/api/portraits/men/35.jpg', 'medium': 'https://randomuser.me/api/portraits/med/men/35.jpg', 'thumbnail': 'https://randomuser.me/api/portraits/thumb/men/35.jpg'}, 'nat': 'TR'}</msg>
<arg>${json_data['results'][0]}</arg>
<doc>Logs the given message with the given level.</doc>
<status status="PASS" start="2024-05-08T07:14:58.217377" elapsed="0.000420"/>
</kw>
<kw name="Log" owner="BuiltIn">
<msg time="2024-05-08T07:14:58.218220" level="INFO">login</msg>
<arg>${key}</arg>
<doc>Logs the given message with the given level.</doc>
<status status="PASS" start="2024-05-08T07:14:58.218093" elapsed="0.000164"/>
</kw>
<var name="${key}">login</var>
<status status="PASS" start="2024-05-08T07:14:58.216508" elapsed="0.001967"/>
</iter>
<var>${key}</var>
<value>@{expected_keys}</value>
<status status="PASS" start="2024-05-08T07:14:58.207871" elapsed="0.010750"/>
</for>
<kw name="Create List" owner="BuiltIn">
<msg time="2024-05-08T07:14:58.218952" level="INFO">${expected_keysTwo} = ['username', 'password']</msg>
<var>${expected_keysTwo}</var>
<arg>username</arg>
<arg>password</arg>
<doc>Returns a list containing given items.</doc>
<status status="PASS" start="2024-05-08T07:14:58.218816" elapsed="0.000159"/>
</kw>
<for flavor="IN">
<iter>
<kw name="Dictionary Should Contain Key" owner="Collections">
<msg time="2024-05-08T07:14:58.219848" level="INFO">False</msg>
<arg>${json_data['results'][0]['login']}</arg>
<arg>${keyTwo}</arg>
<doc>Fails if ``key`` is not found from ``dictionary``.</doc>
<status status="PASS" start="2024-05-08T07:14:58.219463" elapsed="0.000421"/>
</kw>
<kw name="Dictionary Should Contain Key" owner="Collections">
<msg time="2024-05-08T07:14:58.220543" level="INFO">False</msg>
<arg>${json_data['results'][0]['login']}</arg>
<arg>${keyTwo}</arg>
<doc>Fails if ``key`` is not found from ``dictionary``.</doc>
<status status="PASS" start="2024-05-08T07:14:58.220172" elapsed="0.000408"/>
</kw>
<kw name="Log" owner="BuiltIn">
<msg time="2024-05-08T07:14:58.221015" level="INFO">username</msg>
<arg>${keyTwo}</arg>
<doc>Logs the given message with the given level.</doc>
<status status="PASS" start="2024-05-08T07:14:58.220890" elapsed="0.000165"/>
</kw>
<var name="${keyTwo}">username</var>
<status status="PASS" start="2024-05-08T07:14:58.219356" elapsed="0.001911"/>
</iter>
<iter>
<kw name="Dictionary Should Contain Key" owner="Collections">
<msg time="2024-05-08T07:14:58.222000" level="INFO">False</msg>
<arg>${json_data['results'][0]['login']}</arg>
<arg>${keyTwo}</arg>
<doc>Fails if ``key`` is not found from ``dictionary``.</doc>
<status status="PASS" start="2024-05-08T07:14:58.221541" elapsed="0.000498"/>
</kw>
<kw name="Dictionary Should Contain Key" owner="Collections">
<msg time="2024-05-08T07:14:58.222710" level="INFO">False</msg>
<arg>${json_data['results'][0]['login']}</arg>
<arg>${keyTwo}</arg>
<doc>Fails if ``key`` is not found from ``dictionary``.</doc>
<status status="PASS" start="2024-05-08T07:14:58.222335" elapsed="0.000410"/>
</kw>
<kw name="Log" owner="BuiltIn">
<msg time="2024-05-08T07:14:58.223158" level="INFO">password</msg>
<arg>${keyTwo}</arg>
<doc>Logs the given message with the given level.</doc>
<status status="PASS" start="2024-05-08T07:14:58.223034" elapsed="0.000161"/>
</kw>
<var name="${keyTwo}">password</var>
<status status="PASS" start="2024-05-08T07:14:58.221434" elapsed="0.001975"/>
</iter>
<var>${keyTwo}</var>
<value>@{expected_keysTwo}</value>
<status status="PASS" start="2024-05-08T07:14:58.219205" elapsed="0.004324"/>
</for>
<status status="PASS" start="2024-05-08T07:14:58.130536" elapsed="0.093127"/>
</kw>
<doc>Testa a estrutura da resposta da API.</doc>
<tag>testeEstruturaResposta</tag>
<status status="PASS" start="2024-05-08T07:14:58.129747" elapsed="0.094060"/>
</test>
<test id="s1-s1-t4" name="Validar tipos de dados" line="28">
<kw name="Teste de Tipos de Dados" owner="random-user-service">
<kw name="GET On Session" owner="RequestsLibrary">
<msg time="2024-05-08T07:14:58.266462" level="INFO">GET Request : url=https://randomuser.me/api 
 path_url=/api 
 headers={'User-Agent': 'python-requests/2.31.0', 'Accept-Encoding': 'gzip, deflate', 'Accept': '*/*', 'Connection': 'keep-alive'} 
 body=None 
 </msg>
<msg time="2024-05-08T07:14:58.266536" level="INFO">GET Response : url=https://randomuser.me/api 
 status=200, reason=OK 
 headers={'Date': 'Wed, 08 May 2024 07:14:58 GMT', 'Content-Type': 'application/json; charset=utf-8', 'Transfer-Encoding': 'chunked', 'Connection': 'keep-alive', 'X-Powered-By': 'Express', 'Access-Control-Allow-Origin': '*', 'Cache-Control': 'no-cache', 'ETag': 'W/"499-36Gq/w0nRS810oVGWpryFAZXmfE"', 'Vary': 'Accept-Encoding', 'Content-Encoding': 'gzip', 'CF-Cache-Status': 'DYNAMIC', 'Report-To': '{"endpoints":[{"url":"https:\\/\\/a.nel.cloudflare.com\\/report\\/v4?s=vY%2Fj7Dam9ogYweZB0QJCa%2BAbIoqoYKPPAY0tFFLoSxZInAZAkluxe2s41imDqdY3AABe%2F0x1R2%2B6b5Aez3lb%2B2dqofFfMoqHppKGK1x0lo%2B78YAXNLt5HVSfso8E3ebc"}],"group":"cf-nel","max_age":604800}', 'NEL': '{"success_fraction":0,"report_to":"cf-nel","max_age":604800}', 'Server': 'cloudflare', 'CF-RAY': '8807a7e9fff839b0-IAD', 'alt-svc': 'h3=":443"; ma=86400'} 
 body={"results":[{"gender":"female","name":{"title":"Miss","first":"Ella","last":"Jordan"},"location":{"street":{"number":4365,"name":"Park Lane"},"city":"Lichfield","state":"East Sussex","country":"United Kingdom","postcode":"IU0I 7XN","coordinates":{"latitude":"-8.9469","longitude":"6.3570"},"timezone":{"offset":"+1:00","description":"Brussels, Copenhagen, Madrid, Paris"}},"email":"ella.jordan@example.com","login":{"uuid":"57076975-ed59-4357-995b-3f4d4359c151","username":"saddog981","password":"eeeee","salt":"1uLouEgJ","md5":"f42978cf736d0de4d9521961a4d7b705","sha1":"ba372569db53a241e9f820c7b075c63b0d317917","sha256":"14ac7a39f27039a14b02f41c8b9dd964457a8f2cf08b828a531272f68489493c"},"dob":{"date":"1961-01-31T22:13:54.300Z","age":63},"registered":{"date":"2018-08-29T08:51:51.802Z","age":5},"phone":"017683 11963","cell":"07646 535138","id":{"name":"NINO","value":"EK 73 77 75 D"},"picture":{"large":"https://randomuser.me/api/portraits/women/26.jpg","medium":"https://randomuser.me/api/portraits/med/women/26.jpg","thumbnail":"https://randomuser.me/api/portraits/thumb/women/26.jpg"},"nat":"GB"}],"info":{"seed":"ed995fcd17a1a0e5","results":1,"page":1,"version":"1.4"}} 
 </msg>
<msg time="2024-05-08T07:14:58.266598" level="INFO">/opt/hostedtoolcache/Python/3.12.3/x64/lib/python3.12/site-packages/urllib3/connectionpool.py:1103: InsecureRequestWarning: Unverified HTTPS request is being made to host 'randomuser.me'. Adding certificate verification is strongly advised. See: https://urllib3.readthedocs.io/en/latest/advanced-usage.html#tls-warnings
  warnings.warn(</msg>
<msg time="2024-05-08T07:14:58.266682" level="INFO">${response} = &lt;Response [200]&gt;</msg>
<var>${response}</var>
<arg>consultarAPI</arg>
<arg>/api</arg>
<doc>Sends a GET request on a previously created HTTP Session.</doc>
<status status="PASS" start="2024-05-08T07:14:58.226244" elapsed="0.040472"/>
</kw>
<kw name="Set Variable" owner="BuiltIn">
<msg time="2024-05-08T07:14:58.267584" level="INFO">${json_data} = {'results': [{'gender': 'female', 'name': {'title': 'Miss', 'first': 'Ella', 'last': 'Jordan'}, 'location': {'street': {'number': 4365, 'name': 'Park Lane'}, 'city': 'Lichfield', 'state': 'East Sussex...</msg>
<var>${json_data}</var>
<arg>${response.json()}</arg>
<doc>Returns the given values which can then be assigned to a variables.</doc>
<status status="PASS" start="2024-05-08T07:14:58.267097" elapsed="0.000514"/>
</kw>
<kw name="Log" owner="BuiltIn">
<msg time="2024-05-08T07:14:58.268054" level="INFO">{'results': [{'gender': 'female', 'name': {'title': 'Miss', 'first': 'Ella', 'last': 'Jordan'}, 'location': {'street': {'number': 4365, 'name': 'Park Lane'}, 'city': 'Lichfield', 'state': 'East Sussex', 'country': 'United Kingdom', 'postcode': 'IU0I 7XN', 'coordinates': {'latitude': '-8.9469', 'longitude': '6.3570'}, 'timezone': {'offset': '+1:00', 'description': 'Brussels, Copenhagen, Madrid, Paris'}}, 'email': 'ella.jordan@example.com', 'login': {'uuid': '57076975-ed59-4357-995b-3f4d4359c151', 'username': 'saddog981', 'password': 'eeeee', 'salt': '1uLouEgJ', 'md5': 'f42978cf736d0de4d9521961a4d7b705', 'sha1': 'ba372569db53a241e9f820c7b075c63b0d317917', 'sha256': '14ac7a39f27039a14b02f41c8b9dd964457a8f2cf08b828a531272f68489493c'}, 'dob': {'date': '1961-01-31T22:13:54.300Z', 'age': 63}, 'registered': {'date': '2018-08-29T08:51:51.802Z', 'age': 5}, 'phone': '017683 11963', 'cell': '07646 535138', 'id': {'name': 'NINO', 'value': 'EK 73 77 75 D'}, 'picture': {'large': 'https://randomuser.me/api/portraits/women/26.jpg', 'medium': 'https://randomuser.me/api/portraits/med/women/26.jpg', 'thumbnail': 'https://randomuser.me/api/portraits/thumb/women/26.jpg'}, 'nat': 'GB'}], 'info': {'seed': 'ed995fcd17a1a0e5', 'results': 1, 'page': 1, 'version': '1.4'}}</msg>
<arg>${json_data}</arg>
<doc>Logs the given message with the given level.</doc>
<status status="PASS" start="2024-05-08T07:14:58.267906" elapsed="0.000224"/>
</kw>
<kw name="Should Be String" owner="String">
<arg>${json_data['results'][0]['gender']}</arg>
<doc>Fails if the given ``item`` is not a string.</doc>
<status status="PASS" start="2024-05-08T07:14:58.268428" elapsed="0.000421"/>
</kw>
<kw name="Should Match Regexp" owner="BuiltIn">
<arg>${json_data['results'][0]['email']}</arg>
<arg>^[a-zA-Z0-9._%+-]+@[a-zA-Z0-9.-]+\.[a-zA-Z]{2,}$</arg>
<doc>Fails if ``string`` does not match ``pattern`` as a regular expression.</doc>
<status status="PASS" start="2024-05-08T07:14:58.269046" elapsed="0.000505"/>
</kw>
<kw name="Should Match Regexp" owner="BuiltIn">
<arg>${json_data['results'][0]['dob']['date']}</arg>
<arg>\\d{4}-\\d{2}-\\d{2}T\\d{2}:\\d{2}:\\d{2}\\.\\d{3}Z</arg>
<doc>Fails if ``string`` does not match ``pattern`` as a regular expression.</doc>
<status status="PASS" start="2024-05-08T07:14:58.269742" elapsed="0.000485"/>
</kw>
<kw name="Should Match Regexp" owner="BuiltIn">
<arg>${json_data['results'][0]['registered']['date']}</arg>
<arg>\\d{4}-\\d{2}-\\d{2}T\\d{2}:\\d{2}:\\d{2}\\.\\d{3}Z</arg>
<doc>Fails if ``string`` does not match ``pattern`` as a regular expression.</doc>
<status status="PASS" start="2024-05-08T07:14:58.270414" elapsed="0.000368"/>
</kw>
<kw name="Should Match Regexp" owner="BuiltIn">
<arg>${json_data['results'][0]['picture']['large']}</arg>
<arg>^https?://.*\.(?:png|jpe?g|gif|bmp)$</arg>
<doc>Fails if ``string`` does not match ``pattern`` as a regular expression.</doc>
<status status="PASS" start="2024-05-08T07:14:58.270970" elapsed="0.000450"/>
</kw>
<kw name="Should Match Regexp" owner="BuiltIn">
<arg>${json_data['results'][0]['picture']['medium']}</arg>
<arg>^https?://.*\.(?:png|jpe?g|gif|bmp)$</arg>
<doc>Fails if ``string`` does not match ``pattern`` as a regular expression.</doc>
<status status="PASS" start="2024-05-08T07:14:58.271605" elapsed="0.000347"/>
</kw>
<kw name="Should Match Regexp" owner="BuiltIn">
<arg>${json_data['results'][0]['picture']['thumbnail']}</arg>
<arg>^https?://.*\.(?:png|jpe?g|gif|bmp)$</arg>
<doc>Fails if ``string`` does not match ``pattern`` as a regular expression.</doc>
<status status="PASS" start="2024-05-08T07:14:58.272137" elapsed="0.000344"/>
</kw>
<kw name="Log" owner="BuiltIn">
<msg time="2024-05-08T07:14:58.272997" level="INFO">{'large': 'https://randomuser.me/api/portraits/women/26.jpg', 'medium': 'https://randomuser.me/api/portraits/med/women/26.jpg', 'thumbnail': 'https://randomuser.me/api/portraits/thumb/women/26.jpg'}</msg>
<arg>${json_data['results'][0]['picture']}</arg>
<doc>Logs the given message with the given level.</doc>
<status status="PASS" start="2024-05-08T07:14:58.272656" elapsed="0.000382"/>
</kw>
<status status="PASS" start="2024-05-08T07:14:58.226024" elapsed="0.047264"/>
</kw>
<kw name="Teste de Tipos de Dados - Postcode" owner="random-user-service">
<kw name="GET On Session" owner="RequestsLibrary">
<msg time="2024-05-08T07:14:58.372381" level="INFO">GET Request : url=https://randomuser.me/api 
 path_url=/api 
 headers={'User-Agent': 'python-requests/2.31.0', 'Accept-Encoding': 'gzip, deflate', 'Accept': '*/*', 'Connection': 'keep-alive'} 
 body=None 
 </msg>
<msg time="2024-05-08T07:14:58.372460" level="INFO">GET Response : url=https://randomuser.me/api 
 status=200, reason=OK 
 headers={'Date': 'Wed, 08 May 2024 07:14:58 GMT', 'Content-Type': 'application/json; charset=utf-8', 'Transfer-Encoding': 'chunked', 'Connection': 'keep-alive', 'X-Powered-By': 'Express', 'Access-Control-Allow-Origin': '*', 'Cache-Control': 'no-cache', 'ETag': 'W/"4a5-g0cFyPHsQO6O4tqgZhX34uF095A"', 'Vary': 'Accept-Encoding', 'Content-Encoding': 'gzip', 'CF-Cache-Status': 'DYNAMIC', 'Report-To': '{"endpoints":[{"url":"https:\\/\\/a.nel.cloudflare.com\\/report\\/v4?s=Aee9ughxxCny0J9v0Fr2fI3Drz6u5D9p9BFdFwm3%2B5yEnaZ0Rvl1bxli%2FXcDz2GxPZIlxC4Dl4UBOpq8AKyWrFJD8sdyO40PbGH3TMplrrutgqoePk6xxO9up6xb%2F9DY"}],"group":"cf-nel","max_age":604800}', 'NEL': '{"success_fraction":0,"report_to":"cf-nel","max_age":604800}', 'Server': 'cloudflare', 'CF-RAY': '8807a7ea382839b0-IAD', 'alt-svc': 'h3=":443"; ma=86400'} 
 body={"results":[{"gender":"female","name":{"title":"Mrs","first":"Alexia","last":"Schmitt"},"location":{"street":{"number":2,"name":"Rue Barrème"},"city":"Clermont-Ferrand","state":"Cher","country":"France","postcode":86445,"coordinates":{"latitude":"-14.0874","longitude":"39.9758"},"timezone":{"offset":"-6:00","description":"Central Time (US &amp; Canada), Mexico City"}},"email":"alexia.schmitt@example.com","login":{"uuid":"0f930632-de89-4d1c-bb00-0b7daadf1dc6","username":"angrybear723","password":"51505150","salt":"6IKZgX0S","md5":"d83c832a81ee86b0df1fe9abfb8d6141","sha1":"0e9a7370dd1610caa2f0950699be1622bc2d92e4","sha256":"cdec6a0ff8057279a5c7f1de2267077af59e873bff0bbf8cde196ddeb1e61f1e"},"dob":{"date":"1970-05-30T20:04:01.554Z","age":53},"registered":{"date":"2018-09-26T20:55:09.276Z","age":5},"phone":"04-89-08-73-76","cell":"06-08-43-83-66","id":{"name":"INSEE","value":"2700413983479 67"},"picture":{"large":"https://randomuser.me/api/portraits/women/61.jpg","medium":"https://randomuser.me/api/portraits/med/women/61.jpg","thumbnail":"https://randomuser.me/api/portraits/thumb/women/61.jpg"},"nat":"FR"}],"info":{"seed":"7b28b450406cdd1f","results":1,"page":1,"version":"1.4"}} 
 </msg>
<msg time="2024-05-08T07:14:58.372538" level="INFO">/opt/hostedtoolcache/Python/3.12.3/x64/lib/python3.12/site-packages/urllib3/connectionpool.py:1103: InsecureRequestWarning: Unverified HTTPS request is being made to host 'randomuser.me'. Adding certificate verification is strongly advised. See: https://urllib3.readthedocs.io/en/latest/advanced-usage.html#tls-warnings
  warnings.warn(</msg>
<msg time="2024-05-08T07:14:58.372638" level="INFO">${response} = &lt;Response [200]&gt;</msg>
<var>${response}</var>
<arg>consultarAPI</arg>
<arg>/api</arg>
<doc>Sends a GET request on a previously created HTTP Session.</doc>
<status status="PASS" start="2024-05-08T07:14:58.273704" elapsed="0.098971"/>
</kw>
<kw name="Set Variable" owner="BuiltIn">
<msg time="2024-05-08T07:14:58.373605" level="INFO">${json_data} = {'results': [{'gender': 'female', 'name': {'title': 'Mrs', 'first': 'Alexia', 'last': 'Schmitt'}, 'location': {'street': {'number': 2, 'name': 'Rue Barrème'}, 'city': 'Clermont-Ferrand', 'state': 'Che...</msg>
<var>${json_data}</var>
<arg>${response.json()}</arg>
<doc>Returns the given values which can then be assigned to a variables.</doc>
<status status="PASS" start="2024-05-08T07:14:58.373108" elapsed="0.000527"/>
</kw>
<kw name="Log" owner="BuiltIn">
<msg time="2024-05-08T07:14:58.374093" level="INFO">{'results': [{'gender': 'female', 'name': {'title': 'Mrs', 'first': 'Alexia', 'last': 'Schmitt'}, 'location': {'street': {'number': 2, 'name': 'Rue Barrème'}, 'city': 'Clermont-Ferrand', 'state': 'Cher', 'country': 'France', 'postcode': 86445, 'coordinates': {'latitude': '-14.0874', 'longitude': '39.9758'}, 'timezone': {'offset': '-6:00', 'description': 'Central Time (US &amp; Canada), Mexico City'}}, 'email': 'alexia.schmitt@example.com', 'login': {'uuid': '0f930632-de89-4d1c-bb00-0b7daadf1dc6', 'username': 'angrybear723', 'password': '51505150', 'salt': '6IKZgX0S', 'md5': 'd83c832a81ee86b0df1fe9abfb8d6141', 'sha1': '0e9a7370dd1610caa2f0950699be1622bc2d92e4', 'sha256': 'cdec6a0ff8057279a5c7f1de2267077af59e873bff0bbf8cde196ddeb1e61f1e'}, 'dob': {'date': '1970-05-30T20:04:01.554Z', 'age': 53}, 'registered': {'date': '2018-09-26T20:55:09.276Z', 'age': 5}, 'phone': '04-89-08-73-76', 'cell': '06-08-43-83-66', 'id': {'name': 'INSEE', 'value': '2700413983479 67'}, 'picture': {'large': 'https://randomuser.me/api/portraits/women/61.jpg', 'medium': 'https://randomuser.me/api/portraits/med/women/61.jpg', 'thumbnail': 'https://randomuser.me/api/portraits/thumb/women/61.jpg'}, 'nat': 'FR'}], 'info': {'seed': '7b28b450406cdd1f', 'results': 1, 'page': 1, 'version': '1.4'}}</msg>
<arg>${json_data}</arg>
<doc>Logs the given message with the given level.</doc>
<status status="PASS" start="2024-05-08T07:14:58.373942" elapsed="0.000229"/>
</kw>
<kw name="Should Be Equal As Numbers" owner="BuiltIn">
<arg>${json_data['results'][0]['location']['postcode']}</arg>
<arg>${json_data['results'][0]['location']['postcode']}</arg>
<doc>Fails if objects are unequal after converting them to real numbers.</doc>
<status status="PASS" start="2024-05-08T07:14:58.374590" elapsed="0.000608"/>
</kw>
<kw name="Log" owner="BuiltIn">
<msg time="2024-05-08T07:14:58.375720" level="INFO">86445</msg>
<arg>${json_data['results'][0]['location']['postcode']}</arg>
<doc>Logs the given message with the given level.</doc>
<status status="PASS" start="2024-05-08T07:14:58.375387" elapsed="0.000372"/>
</kw>
<status status="PASS" start="2024-05-08T07:14:58.273492" elapsed="0.102514"/>
</kw>
<doc>Testa se os tipos de dados na resposta da API estão corretos.</doc>
<tag>testeTiposDados</tag>
<status status="PASS" start="2024-05-08T07:14:58.225595" elapsed="0.150564"/>
</test>
<test id="s1-s1-t5" name="Validar conteudo" line="35">
<kw name="Teste de Tipos de Conteudo" owner="random-user-service">
<kw name="GET On Session" owner="RequestsLibrary">
<msg time="2024-05-08T07:14:58.487289" level="INFO">GET Request : url=https://randomuser.me/api 
 path_url=/api 
 headers={'User-Agent': 'python-requests/2.31.0', 'Accept-Encoding': 'gzip, deflate', 'Accept': '*/*', 'Connection': 'keep-alive'} 
 body=None 
 </msg>
<msg time="2024-05-08T07:14:58.487386" level="INFO">GET Response : url=https://randomuser.me/api 
 status=200, reason=OK 
 headers={'Date': 'Wed, 08 May 2024 07:14:58 GMT', 'Content-Type': 'application/json; charset=utf-8', 'Transfer-Encoding': 'chunked', 'Connection': 'keep-alive', 'X-Powered-By': 'Express', 'Access-Control-Allow-Origin': '*', 'Cache-Control': 'no-cache', 'ETag': 'W/"482-7D82403isK8l/QctGdGntcYjSHQ"', 'Vary': 'Accept-Encoding', 'Content-Encoding': 'gzip', 'CF-Cache-Status': 'DYNAMIC', 'Report-To': '{"endpoints":[{"url":"https:\\/\\/a.nel.cloudflare.com\\/report\\/v4?s=lOsa5YXexWR8VKxD6x11B9%2F4%2BexI38ZSheGXO4FrWEfDhsY6qbhuKxdwDxm%2F1s6J96bA4orpiAvz9G7egFTzVJEdmGt%2BMuUgeCjhWqbh0SuL4TFtL5OieA9QbgxlTn47"}],"group":"cf-nel","max_age":604800}', 'NEL': '{"success_fraction":0,"report_to":"cf-nel","max_age":604800}', 'Server': 'cloudflare', 'CF-RAY': '8807a7eae8a139b0-IAD', 'alt-svc': 'h3=":443"; ma=86400'} 
 body={"results":[{"gender":"male","name":{"title":"Mr","first":"Marvão","last":"Farias"},"location":{"street":{"number":720,"name":"Rua Santa Maria "},"city":"Marabá","state":"Mato Grosso do Sul","country":"Brazil","postcode":74214,"coordinates":{"latitude":"-73.5104","longitude":"-144.2973"},"timezone":{"offset":"-9:00","description":"Alaska"}},"email":"marvao.farias@example.com","login":{"uuid":"a611a86b-3b2c-467d-a240-4d9ac1d0bcb0","username":"crazybird349","password":"brandy","salt":"oTiVzE14","md5":"bfa2adc16c103d0a37bcd73960998d85","sha1":"5e070a76e7f07a5fd7bcb0171fd324484a26ce65","sha256":"b925c4ef6b553309fc7b588be75d92e160bf2f1b665c293c1296ac651f9115e1"},"dob":{"date":"1992-11-05T13:59:18.964Z","age":31},"registered":{"date":"2013-08-28T06:32:45.664Z","age":10},"phone":"(80) 8077-7019","cell":"(51) 3200-5329","id":{"name":"CPF","value":"692.951.397-91"},"picture":{"large":"https://randomuser.me/api/portraits/men/66.jpg","medium":"https://randomuser.me/api/portraits/med/men/66.jpg","thumbnail":"https://randomuser.me/api/portraits/thumb/men/66.jpg"},"nat":"BR"}],"info":{"seed":"ad69af0ec66ee7b7","results":1,"page":1,"version":"1.4"}} 
 </msg>
<msg time="2024-05-08T07:14:58.487473" level="INFO">/opt/hostedtoolcache/Python/3.12.3/x64/lib/python3.12/site-packages/urllib3/connectionpool.py:1103: InsecureRequestWarning: Unverified HTTPS request is being made to host 'randomuser.me'. Adding certificate verification is strongly advised. See: https://urllib3.readthedocs.io/en/latest/advanced-usage.html#tls-warnings
  warnings.warn(</msg>
<msg time="2024-05-08T07:14:58.487602" level="INFO">${response} = &lt;Response [200]&gt;</msg>
<var>${response}</var>
<arg>consultarAPI</arg>
<arg>/api</arg>
<doc>Sends a GET request on a previously created HTTP Session.</doc>
<status status="PASS" start="2024-05-08T07:14:58.378925" elapsed="0.108725"/>
</kw>
<kw name="Set Variable" owner="BuiltIn">
<msg time="2024-05-08T07:14:58.489134" level="INFO">${json_data} = {'results': [{'gender': 'male', 'name': {'title': 'Mr', 'first': 'Marvão', 'last': 'Farias'}, 'location': {'street': {'number': 720, 'name': 'Rua Santa Maria '}, 'city': 'Marabá', 'state': 'Mato Gross...</msg>
<var>${json_data}</var>
<arg>${response.json()}</arg>
<doc>Returns the given values which can then be assigned to a variables.</doc>
<status status="PASS" start="2024-05-08T07:14:58.488316" elapsed="0.000847"/>
</kw>
<kw name="Set Variable" owner="BuiltIn">
<msg time="2024-05-08T07:14:58.489854" level="INFO">${name_title} = Mr</msg>
<var>${name_title}</var>
<arg>${json_data["results"][0]["name"]["title"]}</arg>
<doc>Returns the given values which can then be assigned to a variables.</doc>
<status status="PASS" start="2024-05-08T07:14:58.489470" elapsed="0.000409"/>
</kw>
<kw name="Create List" owner="BuiltIn">
<msg time="2024-05-08T07:14:58.490320" level="INFO">${allowed_titles} = ['Mr', 'Ms', 'Miss', 'Mrs', 'Madame', 'Monsieur']</msg>
<var>${allowed_titles}</var>
<arg>Mr</arg>
<arg>Ms</arg>
<arg>Miss</arg>
<arg>Mrs</arg>
<arg>Madame</arg>
<arg>Monsieur</arg>
<doc>Returns a list containing given items.</doc>
<status status="PASS" start="2024-05-08T07:14:58.490172" elapsed="0.000173"/>
</kw>
<kw name="List Should Contain Value" owner="Collections">
<msg time="2024-05-08T07:14:58.490813" level="INFO">False</msg>
<arg>${allowed_titles}</arg>
<arg>${name_title}</arg>
<doc>Fails if the ``value`` is not found from ``list``.</doc>
<status status="PASS" start="2024-05-08T07:14:58.490643" elapsed="0.000206"/>
</kw>
<kw name="Set Variable" owner="BuiltIn">
<msg time="2024-05-08T07:14:58.491516" level="INFO">${name_country} = BR</msg>
<var>${name_country}</var>
<arg>${json_data["results"][0]["nat"]}</arg>
<doc>Returns the given values which can then be assigned to a variables.</doc>
<status status="PASS" start="2024-05-08T07:14:58.491137" elapsed="0.000404"/>
</kw>
<kw name="Create List" owner="BuiltIn">
<msg time="2024-05-08T07:14:58.492423" level="INFO">${list_country} = ['AD', 'AE', 'AF', 'AG', 'AI', 'AL', 'AM', 'AO', 'AQ', 'AR', 'AS', 'AT', 'AU', 'AW', 'AX', 'AZ', 'BA', 'BB', 'BD', 'BE', 'BF', 'BG', 'BH', 'BI', 'BJ', 'BL', 'BM', 'BN', 'BO', 'BQ', 'BR', 'BS', 'BT', '...</msg>
<var>${list_country}</var>
<arg>AD</arg>
<arg>AE</arg>
<arg>AF</arg>
<arg>AG</arg>
<arg>AI</arg>
<arg>AL</arg>
<arg>AM</arg>
<arg>AO</arg>
<arg>AQ</arg>
<arg>AR</arg>
<arg>AS</arg>
<arg>AT</arg>
<arg>AU</arg>
<arg>AW</arg>
<arg>AX</arg>
<arg>AZ</arg>
<arg>BA</arg>
<arg>BB</arg>
<arg>BD</arg>
<arg>BE</arg>
<arg>BF</arg>
<arg>BG</arg>
<arg>BH</arg>
<arg>BI</arg>
<arg>BJ</arg>
<arg>BL</arg>
<arg>BM</arg>
<arg>BN</arg>
<arg>BO</arg>
<arg>BQ</arg>
<arg>BR</arg>
<arg>BS</arg>
<arg>BT</arg>
<arg>BV</arg>
<arg>BW</arg>
<arg>BY</arg>
<arg>BZ</arg>
<arg>CA</arg>
<arg>CC</arg>
<arg>CD</arg>
<arg>CF</arg>
<arg>CG</arg>
<arg>CH</arg>
<arg>CI</arg>
<arg>CK</arg>
<arg>CL</arg>
<arg>CM</arg>
<arg>CN</arg>
<arg>CO</arg>
<arg>CR</arg>
<arg>CU</arg>
<arg>CV</arg>
<arg>CW</arg>
<arg>CX</arg>
<arg>CY</arg>
<arg>CZ</arg>
<arg>DE</arg>
<arg>DJ</arg>
<arg>DK</arg>
<arg>DM</arg>
<arg>DO</arg>
<arg>DZ</arg>
<arg>EC</arg>
<arg>EE</arg>
<arg>EG</arg>
<arg>EH</arg>
<arg>ER</arg>
<arg>ES</arg>
<arg>ET</arg>
<arg>FI</arg>
<arg>FJ</arg>
<arg>FK</arg>
<arg>FM</arg>
<arg>FO</arg>
<arg>FR</arg>
<arg>GA</arg>
<arg>GB</arg>
<arg>GD</arg>
<arg>GE</arg>
<arg>GF</arg>
<arg>GG</arg>
<arg>GH</arg>
<arg>GI</arg>
<arg>GL</arg>
<arg>GM</arg>
<arg>GN</arg>
<arg>GP</arg>
<arg>GQ</arg>
<arg>GR</arg>
<arg>GS</arg>
<arg>GT</arg>
<arg>GU</arg>
<arg>GW</arg>
<arg>GY</arg>
<arg>HK</arg>
<arg>HM</arg>
<arg>HN</arg>
<arg>HR</arg>
<arg>HT</arg>
<arg>HU</arg>
<arg>ID</arg>
<arg>IE</arg>
<arg>IL</arg>
<arg>IM</arg>
<arg>IN</arg>
<arg>IO</arg>
<arg>IQ</arg>
<arg>IR</arg>
<arg>IS</arg>
<arg>IT</arg>
<arg>JE</arg>
<arg>JM</arg>
<arg>JO</arg>
<arg>JP</arg>
<arg>KE</arg>
<arg>KG</arg>
<arg>KH</arg>
<arg>KI</arg>
<arg>KM</arg>
<arg>KN</arg>
<arg>KP</arg>
<arg>KR</arg>
<arg>KW</arg>
<arg>KY</arg>
<arg>KZ</arg>
<arg>LA</arg>
<arg>LB</arg>
<arg>LC</arg>
<arg>LI</arg>
<arg>LK</arg>
<arg>LR</arg>
<arg>LS</arg>
<arg>LT</arg>
<arg>LU</arg>
<arg>LV</arg>
<arg>LY</arg>
<arg>MA</arg>
<arg>MC</arg>
<arg>MD</arg>
<arg>ME</arg>
<arg>MF</arg>
<arg>MG</arg>
<arg>MH</arg>
<arg>MK</arg>
<arg>ML</arg>
<arg>MM</arg>
<arg>MN</arg>
<arg>MO</arg>
<arg>MP</arg>
<arg>MQ</arg>
<arg>MR</arg>
<arg>MS</arg>
<arg>MT</arg>
<arg>MU</arg>
<arg>MV</arg>
<arg>MW</arg>
<arg>MX</arg>
<arg>MY</arg>
<arg>MZ</arg>
<arg>NA</arg>
<arg>NC</arg>
<arg>NE</arg>
<arg>NF</arg>
<arg>NG</arg>
<arg>NI</arg>
<arg>NL</arg>
<arg>NO</arg>
<arg>NP</arg>
<arg>NR</arg>
<arg>NU</arg>
<arg>NZ</arg>
<arg>OM</arg>
<arg>PA</arg>
<arg>PE</arg>
<arg>PF</arg>
<arg>PG</arg>
<arg>PH</arg>
<arg>PK</arg>
<arg>PL</arg>
<arg>PM</arg>
<arg>PN</arg>
<arg>PR</arg>
<arg>PS</arg>
<arg>PT</arg>
<arg>PW</arg>
<arg>PY</arg>
<arg>QA</arg>
<arg>RE</arg>
<arg>RO</arg>
<arg>RS</arg>
<arg>RU</arg>
<arg>RW</arg>
<arg>SA</arg>
<arg>SB</arg>
<arg>SC</arg>
<arg>SD</arg>
<arg>SE</arg>
<arg>SG</arg>
<arg>SH</arg>
<arg>SI</arg>
<arg>SJ</arg>
<arg>SK</arg>
<arg>SL</arg>
<arg>SM</arg>
<arg>SN</arg>
<arg>SO</arg>
<arg>SR</arg>
<arg>SS</arg>
<arg>ST</arg>
<arg>SV</arg>
<arg>SX</arg>
<arg>SY</arg>
<arg>SZ</arg>
<arg>TC</arg>
<arg>TD</arg>
<arg>TF</arg>
<arg>TG</arg>
<arg>TH</arg>
<arg>TJ</arg>
<arg>TK</arg>
<arg>TL</arg>
<arg>TM</arg>
<arg>TN</arg>
<arg>TO</arg>
<arg>TR</arg>
<arg>TT</arg>
<arg>TV</arg>
<arg>TW</arg>
<arg>TZ</arg>
<arg>UA</arg>
<arg>UG</arg>
<arg>UM</arg>
<arg>US</arg>
<arg>UY</arg>
<arg>UZ</arg>
<arg>VA</arg>
<arg>VC</arg>
<arg>VE</arg>
<arg>VG</arg>
<arg>VI</arg>
<arg>VN</arg>
<arg>VU</arg>
<arg>WF</arg>
<arg>WS</arg>
<arg>XK</arg>
<arg>YE</arg>
<arg>YT</arg>
<arg>ZA</arg>
<arg>ZM</arg>
<arg>ZW</arg>
<doc>Returns a list containing given items.</doc>
<status status="PASS" start="2024-05-08T07:14:58.491839" elapsed="0.000609"/>
</kw>
<kw name="List Should Contain Value" owner="Collections">
<msg time="2024-05-08T07:14:58.493469" level="INFO">False</msg>
<arg>${list_country}</arg>
<arg>${name_country}</arg>
<doc>Fails if the ``value`` is not found from ``list``.</doc>
<status status="PASS" start="2024-05-08T07:14:58.493270" elapsed="0.000236"/>
</kw>
<kw name="Run Keyword If" owner="BuiltIn">
<kw name="Should Be True" owner="BuiltIn">
<arg>${True}</arg>
<doc>Fails if the given condition is not true.</doc>
<status status="PASS" start="2024-05-08T07:14:58.494576" elapsed="0.000259"/>
</kw>
<arg>${json_data["results"][0]["location"]["coordinates"]["latitude"]} &gt;= -90 and ${json_data["results"][0]["location"]["coordinates"]["latitude"]} &lt;= 90</arg>
<arg>Should Be True</arg>
<arg>${True}</arg>
<doc>Runs the given keyword with the given arguments, if ``condition`` is true.</doc>
<status status="PASS" start="2024-05-08T07:14:58.493819" elapsed="0.001162"/>
</kw>
<kw name="Run Keyword If" owner="BuiltIn">
<kw name="Should Be True" owner="BuiltIn">
<arg>${True}</arg>
<doc>Fails if the given condition is not true.</doc>
<status status="PASS" start="2024-05-08T07:14:58.495874" elapsed="0.000139"/>
</kw>
<arg>${json_data["results"][0]["location"]["coordinates"]["longitude"]} &gt;= -180 and ${json_data["results"][0]["location"]["coordinates"]["longitude"]} &lt;= 180</arg>
<arg>Should Be True</arg>
<arg>${True}</arg>
<doc>Runs the given keyword with the given arguments, if ``condition`` is true.</doc>
<status status="PASS" start="2024-05-08T07:14:58.495169" elapsed="0.000968"/>
</kw>
<status status="PASS" start="2024-05-08T07:14:58.378563" elapsed="0.117705"/>
</kw>
<doc>Testa o conteúdo específico dos campos retornados pela API.</doc>
<tag>testeConteudo</tag>
<status status="PASS" start="2024-05-08T07:14:58.377926" elapsed="0.118490"/>
</test>
<status status="PASS" start="2024-05-08T07:14:57.211683" elapsed="1.286759"/>
</suite>
<status status="PASS" start="2024-05-08T07:14:57.198103" elapsed="1.305501"/>
</suite>
<statistics>
<total>
<stat pass="5" fail="0" skip="0">All Tests</stat>
</total>
<tag>
<stat pass="1" fail="0" skip="0">testeConteudo</stat>
<stat pass="1" fail="0" skip="0">testeEstruturaResposta</stat>
<stat pass="1" fail="0" skip="0">testeRequisicaoBasica</stat>
<stat pass="1" fail="0" skip="0">testeTiposDados</stat>
</tag>
<suite>
<stat pass="5" fail="0" skip="0" id="s1" name="Tests">Tests</stat>
<stat pass="5" fail="0" skip="0" id="s1-s1" name="Random-User-Test">Tests.Random-User-Test</stat>
</suite>
</statistics>
<errors>
</errors>
</robot>
