<?xml version="1.0" encoding="UTF-8"?>
<robot generator="Robot 7.0.1 (Python 3.12.3 on linux)" generated="2024-06-11T10:16:42.290275" rpa="false" schemaversion="5">
<suite id="s1" name="Tests" source="/home/runner/work/ApiRandomUser/ApiRandomUser/RamdonUser/tests">
<suite id="s1-s1" name="Random-User-Test" source="/home/runner/work/ApiRandomUser/ApiRandomUser/RamdonUser/tests/random-user-test.robot">
<test id="s1-s1-t1" name="Conectar" line="13">
<kw name="Conectar API" owner="random-user-service">
<kw name="Create Session" owner="RequestsLibrary">
<msg time="2024-06-11T10:16:42.696067" level="INFO">Creating Session using : alias=consultarAPI, url=https://randomuser.me/, headers={},                     cookies={}, auth=None, timeout=None, proxies=None, verify=False,                     debug=0 </msg>
<arg>consultarAPI</arg>
<arg>${URL}</arg>
<doc>Create Session: create a HTTP session to a server</doc>
<status status="PASS" start="2024-06-11T10:16:42.695844" elapsed="0.000436"/>
</kw>
<status status="PASS" start="2024-06-11T10:16:42.694727" elapsed="0.001956"/>
</kw>
<status status="PASS" start="2024-06-11T10:16:42.694063" elapsed="0.002818"/>
</test>
<test id="s1-s1-t2" name="Validar retorno 200 e JSON Válido" line="16">
<kw name="Teste de Requisicao Basica" owner="random-user-service">
<kw name="GET On Session" owner="RequestsLibrary">
<msg time="2024-06-11T10:16:42.892450" level="INFO">GET Request : url=https://randomuser.me/api 
 path_url=/api 
 headers={'User-Agent': 'python-requests/2.32.3', 'Accept-Encoding': 'gzip, deflate', 'Accept': '*/*', 'Connection': 'keep-alive'} 
 body=None 
 </msg>
<msg time="2024-06-11T10:16:42.892621" level="INFO">GET Response : url=https://randomuser.me/api 
 status=200, reason=OK 
 headers={'Date': 'Tue, 11 Jun 2024 10:16:42 GMT', 'Content-Type': 'application/json; charset=utf-8', 'Transfer-Encoding': 'chunked', 'Connection': 'keep-alive', 'X-Powered-By': 'Express', 'Access-Control-Allow-Origin': '*', 'Cache-Control': 'no-cache', 'ETag': 'W/"4b4-B5KR2Jw3i/+e4rYIT9aRGrDBChg"', 'Vary': 'Accept-Encoding', 'Content-Encoding': 'gzip', 'CF-Cache-Status': 'DYNAMIC', 'Report-To': '{"endpoints":[{"url":"https:\\/\\/a.nel.cloudflare.com\\/report\\/v4?s=8I0x95ZhDoe8%2FZgsaltYEaDqCR5WKzu1H7fVijBXkhFJ1WzKy8fXUHXTejJndrV6oaqxrnRAl5pAIV4%2Flogk0lMSWd08WceS9cXed0R2dwbI3MmVPXc26A0UY7o3uGeJ"}],"group":"cf-nel","max_age":604800}', 'NEL': '{"success_fraction":0,"report_to":"cf-nel","max_age":604800}', 'Server': 'cloudflare', 'CF-RAY': '8920d8e3bc8c5b4d-IAD', 'alt-svc': 'h3=":443"; ma=86400'} 
 body={"results":[{"gender":"female","name":{"title":"Miss","first":"آرمیتا","last":"سلطانی نژاد"},"location":{"street":{"number":4417,"name":"شهید محمد منتظری"},"city":"دزفول","state":"گلستان","country":"Iran","postcode":16943,"coordinates":{"latitude":"20.9920","longitude":"63.3180"},"timezone":{"offset":"+10:00","description":"Eastern Australia, Guam, Vladivostok"}},"email":"armyt.sltnynjd@example.com","login":{"uuid":"051f776e-1eb4-40cd-b490-ebcdcbbab5d4","username":"angryswan769","password":"mobile","salt":"5QraY20p","md5":"406a06eb89559e1bcc7918b28bcdff99","sha1":"a168d4c239e75fb40561dbaefdf843de30f5f76c","sha256":"d2769692753bb99280e1b1cfb9860df3158fa6faa9c5b42b5b4dbc8f547cccd1"},"dob":{"date":"1989-10-23T11:32:13.273Z","age":34},"registered":{"date":"2018-12-21T14:21:50.946Z","age":5},"phone":"077-67382041","cell":"0929-941-7443","id":{"name":"","value":null},"picture":{"large":"https://randomuser.me/api/portraits/women/77.jpg","medium":"https://randomuser.me/api/portraits/med/women/77.jpg","thumbnail":"https://randomuser.me/api/portraits/thumb/women/77.jpg"},"nat":"IR"}],"info":{"seed":"f24aadd2eec4f076","results":1,"page":1,"version":"1.4"}} 
 </msg>
<msg time="2024-06-11T10:16:42.892709" level="INFO">/opt/hostedtoolcache/Python/3.12.3/x64/lib/python3.12/site-packages/urllib3/connectionpool.py:1103: InsecureRequestWarning: Unverified HTTPS request is being made to host 'randomuser.me'. Adding certificate verification is strongly advised. See: https://urllib3.readthedocs.io/en/latest/advanced-usage.html#tls-warnings
  warnings.warn(</msg>
<msg time="2024-06-11T10:16:42.892856" level="INFO">${response} = &lt;Response [200]&gt;</msg>
<var>${response}</var>
<arg>consultarAPI</arg>
<arg>/api</arg>
<doc>Sends a GET request on a previously created HTTP Session.</doc>
<status status="PASS" start="2024-06-11T10:16:42.699755" elapsed="0.193144"/>
</kw>
<kw name="Should Be Equal As Numbers" owner="BuiltIn">
<msg time="2024-06-11T10:16:42.894092" level="INFO">Argument types are:
&lt;class 'int'&gt;
&lt;class 'str'&gt;</msg>
<arg>${response.status_code}</arg>
<arg>200</arg>
<doc>Fails if objects are unequal after converting them to real numbers.</doc>
<status status="PASS" start="2024-06-11T10:16:42.893603" elapsed="0.000556"/>
</kw>
<kw name="Log" owner="BuiltIn">
<msg time="2024-06-11T10:16:42.894897" level="INFO">200</msg>
<arg>${response.status_code}</arg>
<doc>Logs the given message with the given level.</doc>
<status status="PASS" start="2024-06-11T10:16:42.894546" elapsed="0.000400"/>
</kw>
<kw name="Set Variable" owner="BuiltIn">
<msg time="2024-06-11T10:16:42.895710" level="INFO">${json_data} = {'results': [{'gender': 'female', 'name': {'title': 'Miss', 'first': 'آرمیتا', 'last': 'سلطانی نژاد'}, 'location': {'street': {'number': 4417, 'name': 'شهید محمد منتظری'}, 'city': 'دزفول', 'state': 'گ...</msg>
<var>${json_data}</var>
<arg>${response.json()}</arg>
<doc>Returns the given values which can then be assigned to a variables.</doc>
<status status="PASS" start="2024-06-11T10:16:42.895255" elapsed="0.000486"/>
</kw>
<kw name="Dictionary Should Contain Key" owner="Collections">
<arg>${json_data}</arg>
<arg>results</arg>
<doc>Fails if ``key`` is not found from ``dictionary``.</doc>
<status status="PASS" start="2024-06-11T10:16:42.896052" elapsed="0.000172"/>
</kw>
<status status="PASS" start="2024-06-11T10:16:42.699488" elapsed="0.196887"/>
</kw>
<doc>Testa se a API responde corretamente e retorna um objeto JSON válido.</doc>
<tag>testeRequisicaoBasica</tag>
<status status="PASS" start="2024-06-11T10:16:42.698981" elapsed="0.197576"/>
</test>
<test id="s1-s1-t3" name="Validar estrutura de resposta" line="22">
<kw name="Teste de Estrutura de Resposta" owner="random-user-service">
<kw name="GET On Session" owner="RequestsLibrary">
<msg time="2024-06-11T10:16:42.963992" level="INFO">GET Request : url=https://randomuser.me/api 
 path_url=/api 
 headers={'User-Agent': 'python-requests/2.32.3', 'Accept-Encoding': 'gzip, deflate', 'Accept': '*/*', 'Connection': 'keep-alive'} 
 body=None 
 </msg>
<msg time="2024-06-11T10:16:42.964096" level="INFO">GET Response : url=https://randomuser.me/api 
 status=200, reason=OK 
 headers={'Date': 'Tue, 11 Jun 2024 10:16:42 GMT', 'Content-Type': 'application/json; charset=utf-8', 'Transfer-Encoding': 'chunked', 'Connection': 'keep-alive', 'X-Powered-By': 'Express', 'Access-Control-Allow-Origin': '*', 'Cache-Control': 'no-cache', 'ETag': 'W/"49e-aAfjTLZdUlzDB9tRZM1AckvgKzo"', 'Vary': 'Accept-Encoding', 'Content-Encoding': 'gzip', 'CF-Cache-Status': 'DYNAMIC', 'Report-To': '{"endpoints":[{"url":"https:\\/\\/a.nel.cloudflare.com\\/report\\/v4?s=007crewVZ6fiBVvEreLl9MTR94EQeecsOJaefaAMCTb%2BJ9xhs600nsSpJYPsvioK8qeh4TT%2B8PkCShBMe7SK07BUOP2DPwk7kwL575h3dwbeLp9%2Bl5AlB4xFQrKY85nF"}],"group":"cf-nel","max_age":604800}', 'NEL': '{"success_fraction":0,"report_to":"cf-nel","max_age":604800}', 'Server': 'cloudflare', 'CF-RAY': '8920d8e42ccf5b4d-IAD', 'alt-svc': 'h3=":443"; ma=86400'} 
 body={"results":[{"gender":"female","name":{"title":"Ms","first":"Natalia","last":"Duran"},"location":{"street":{"number":237,"name":"Calle de Arturo Soria"},"city":"Barcelona","state":"Castilla la Mancha","country":"Spain","postcode":95268,"coordinates":{"latitude":"-33.1022","longitude":"137.6219"},"timezone":{"offset":"+1:00","description":"Brussels, Copenhagen, Madrid, Paris"}},"email":"natalia.duran@example.com","login":{"uuid":"b3d70614-f1b8-492b-9ff4-d99215796cd7","username":"goldensnake614","password":"yoda","salt":"fSIKkUL7","md5":"b4bf6a4e9bd95f2f81a4a17bbfd59f14","sha1":"e102b5896203231c5382bd7315a39696f99f56b2","sha256":"cb5b8bff9cfd1d2d78378383321c4700effe74cb8b74c99d83ca8bb8ec0e130f"},"dob":{"date":"1979-08-13T03:54:58.129Z","age":44},"registered":{"date":"2005-09-15T21:04:07.837Z","age":18},"phone":"934-647-846","cell":"663-113-483","id":{"name":"DNI","value":"02337503-R"},"picture":{"large":"https://randomuser.me/api/portraits/women/6.jpg","medium":"https://randomuser.me/api/portraits/med/women/6.jpg","thumbnail":"https://randomuser.me/api/portraits/thumb/women/6.jpg"},"nat":"ES"}],"info":{"seed":"2cb196ab9db41da2","results":1,"page":1,"version":"1.4"}} 
 </msg>
<msg time="2024-06-11T10:16:42.964245" level="INFO">/opt/hostedtoolcache/Python/3.12.3/x64/lib/python3.12/site-packages/urllib3/connectionpool.py:1103: InsecureRequestWarning: Unverified HTTPS request is being made to host 'randomuser.me'. Adding certificate verification is strongly advised. See: https://urllib3.readthedocs.io/en/latest/advanced-usage.html#tls-warnings
  warnings.warn(</msg>
<msg time="2024-06-11T10:16:42.964387" level="INFO">${response} = &lt;Response [200]&gt;</msg>
<var>${response}</var>
<arg>consultarAPI</arg>
<arg>/api</arg>
<doc>Sends a GET request on a previously created HTTP Session.</doc>
<status status="PASS" start="2024-06-11T10:16:42.899433" elapsed="0.064998"/>
</kw>
<kw name="Set Variable" owner="BuiltIn">
<msg time="2024-06-11T10:16:42.965618" level="INFO">${json_data} = {'results': [{'gender': 'female', 'name': {'title': 'Ms', 'first': 'Natalia', 'last': 'Duran'}, 'location': {'street': {'number': 237, 'name': 'Calle de Arturo Soria'}, 'city': 'Barcelona', 'state': '...</msg>
<var>${json_data}</var>
<arg>${response.json()}</arg>
<doc>Returns the given values which can then be assigned to a variables.</doc>
<status status="PASS" start="2024-06-11T10:16:42.965070" elapsed="0.000579"/>
</kw>
<kw name="Log" owner="BuiltIn">
<msg time="2024-06-11T10:16:42.966118" level="INFO">{'results': [{'gender': 'female', 'name': {'title': 'Ms', 'first': 'Natalia', 'last': 'Duran'}, 'location': {'street': {'number': 237, 'name': 'Calle de Arturo Soria'}, 'city': 'Barcelona', 'state': 'Castilla la Mancha', 'country': 'Spain', 'postcode': 95268, 'coordinates': {'latitude': '-33.1022', 'longitude': '137.6219'}, 'timezone': {'offset': '+1:00', 'description': 'Brussels, Copenhagen, Madrid, Paris'}}, 'email': 'natalia.duran@example.com', 'login': {'uuid': 'b3d70614-f1b8-492b-9ff4-d99215796cd7', 'username': 'goldensnake614', 'password': 'yoda', 'salt': 'fSIKkUL7', 'md5': 'b4bf6a4e9bd95f2f81a4a17bbfd59f14', 'sha1': 'e102b5896203231c5382bd7315a39696f99f56b2', 'sha256': 'cb5b8bff9cfd1d2d78378383321c4700effe74cb8b74c99d83ca8bb8ec0e130f'}, 'dob': {'date': '1979-08-13T03:54:58.129Z', 'age': 44}, 'registered': {'date': '2005-09-15T21:04:07.837Z', 'age': 18}, 'phone': '934-647-846', 'cell': '663-113-483', 'id': {'name': 'DNI', 'value': '02337503-R'}, 'picture': {'large': 'https://randomuser.me/api/portraits/women/6.jpg', 'medium': 'https://randomuser.me/api/portraits/med/women/6.jpg', 'thumbnail': 'https://randomuser.me/api/portraits/thumb/women/6.jpg'}, 'nat': 'ES'}], 'info': {'seed': '2cb196ab9db41da2', 'results': 1, 'page': 1, 'version': '1.4'}}</msg>
<arg>${json_data}</arg>
<doc>Logs the given message with the given level.</doc>
<status status="PASS" start="2024-06-11T10:16:42.965959" elapsed="0.000206"/>
</kw>
<kw name="Dictionary Should Contain Key" owner="Collections">
<arg>${json_data}</arg>
<arg>results</arg>
<doc>Fails if ``key`` is not found from ``dictionary``.</doc>
<status status="PASS" start="2024-06-11T10:16:42.966501" elapsed="0.000168"/>
</kw>
<kw name="Should Not Be Empty" owner="BuiltIn">
<msg time="2024-06-11T10:16:42.966985" level="INFO">Length is 2.</msg>
<arg>${json_data}</arg>
<doc>Verifies that the given item is not empty.</doc>
<status status="PASS" start="2024-06-11T10:16:42.966854" elapsed="0.000170"/>
</kw>
<kw name="Create List" owner="BuiltIn">
<msg time="2024-06-11T10:16:42.967472" level="INFO">${expected_keys} = ['gender', 'name', 'location', 'email', 'login']</msg>
<var>${expected_keys}</var>
<arg>gender</arg>
<arg>name</arg>
<arg>location</arg>
<arg>email</arg>
<arg>login</arg>
<doc>Returns a list containing given items.</doc>
<status status="PASS" start="2024-06-11T10:16:42.967322" elapsed="0.000174"/>
</kw>
<for flavor="IN">
<iter>
<kw name="Dictionary Should Contain Key" owner="Collections">
<arg>${json_data['results'][0]}</arg>
<arg>${key}</arg>
<doc>Fails if ``key`` is not found from ``dictionary``.</doc>
<status status="PASS" start="2024-06-11T10:16:42.968092" elapsed="0.000403"/>
</kw>
<kw name="Log" owner="BuiltIn">
<msg time="2024-06-11T10:16:42.969045" level="INFO">{'gender': 'female', 'name': {'title': 'Ms', 'first': 'Natalia', 'last': 'Duran'}, 'location': {'street': {'number': 237, 'name': 'Calle de Arturo Soria'}, 'city': 'Barcelona', 'state': 'Castilla la Mancha', 'country': 'Spain', 'postcode': 95268, 'coordinates': {'latitude': '-33.1022', 'longitude': '137.6219'}, 'timezone': {'offset': '+1:00', 'description': 'Brussels, Copenhagen, Madrid, Paris'}}, 'email': 'natalia.duran@example.com', 'login': {'uuid': 'b3d70614-f1b8-492b-9ff4-d99215796cd7', 'username': 'goldensnake614', 'password': 'yoda', 'salt': 'fSIKkUL7', 'md5': 'b4bf6a4e9bd95f2f81a4a17bbfd59f14', 'sha1': 'e102b5896203231c5382bd7315a39696f99f56b2', 'sha256': 'cb5b8bff9cfd1d2d78378383321c4700effe74cb8b74c99d83ca8bb8ec0e130f'}, 'dob': {'date': '1979-08-13T03:54:58.129Z', 'age': 44}, 'registered': {'date': '2005-09-15T21:04:07.837Z', 'age': 18}, 'phone': '934-647-846', 'cell': '663-113-483', 'id': {'name': 'DNI', 'value': '02337503-R'}, 'picture': {'large': 'https://randomuser.me/api/portraits/women/6.jpg', 'medium': 'https://randomuser.me/api/portraits/med/women/6.jpg', 'thumbnail': 'https://randomuser.me/api/portraits/thumb/women/6.jpg'}, 'nat': 'ES'}</msg>
<arg>${json_data['results'][0]}</arg>
<doc>Logs the given message with the given level.</doc>
<status status="PASS" start="2024-06-11T10:16:42.968687" elapsed="0.000408"/>
</kw>
<kw name="Log" owner="BuiltIn">
<msg time="2024-06-11T10:16:42.969522" level="INFO">gender</msg>
<arg>${key}</arg>
<doc>Logs the given message with the given level.</doc>
<status status="PASS" start="2024-06-11T10:16:42.969391" elapsed="0.000170"/>
</kw>
<var name="${key}">gender</var>
<status status="PASS" start="2024-06-11T10:16:42.967959" elapsed="0.001827"/>
</iter>
<iter>
<kw name="Dictionary Should Contain Key" owner="Collections">
<arg>${json_data['results'][0]}</arg>
<arg>${key}</arg>
<doc>Fails if ``key`` is not found from ``dictionary``.</doc>
<status status="PASS" start="2024-06-11T10:16:42.970090" elapsed="0.000431"/>
</kw>
<kw name="Log" owner="BuiltIn">
<msg time="2024-06-11T10:16:42.971106" level="INFO">{'gender': 'female', 'name': {'title': 'Ms', 'first': 'Natalia', 'last': 'Duran'}, 'location': {'street': {'number': 237, 'name': 'Calle de Arturo Soria'}, 'city': 'Barcelona', 'state': 'Castilla la Mancha', 'country': 'Spain', 'postcode': 95268, 'coordinates': {'latitude': '-33.1022', 'longitude': '137.6219'}, 'timezone': {'offset': '+1:00', 'description': 'Brussels, Copenhagen, Madrid, Paris'}}, 'email': 'natalia.duran@example.com', 'login': {'uuid': 'b3d70614-f1b8-492b-9ff4-d99215796cd7', 'username': 'goldensnake614', 'password': 'yoda', 'salt': 'fSIKkUL7', 'md5': 'b4bf6a4e9bd95f2f81a4a17bbfd59f14', 'sha1': 'e102b5896203231c5382bd7315a39696f99f56b2', 'sha256': 'cb5b8bff9cfd1d2d78378383321c4700effe74cb8b74c99d83ca8bb8ec0e130f'}, 'dob': {'date': '1979-08-13T03:54:58.129Z', 'age': 44}, 'registered': {'date': '2005-09-15T21:04:07.837Z', 'age': 18}, 'phone': '934-647-846', 'cell': '663-113-483', 'id': {'name': 'DNI', 'value': '02337503-R'}, 'picture': {'large': 'https://randomuser.me/api/portraits/women/6.jpg', 'medium': 'https://randomuser.me/api/portraits/med/women/6.jpg', 'thumbnail': 'https://randomuser.me/api/portraits/thumb/women/6.jpg'}, 'nat': 'ES'}</msg>
<arg>${json_data['results'][0]}</arg>
<doc>Logs the given message with the given level.</doc>
<status status="PASS" start="2024-06-11T10:16:42.970714" elapsed="0.000443"/>
</kw>
<kw name="Log" owner="BuiltIn">
<msg time="2024-06-11T10:16:42.971587" level="INFO">name</msg>
<arg>${key}</arg>
<doc>Logs the given message with the given level.</doc>
<status status="PASS" start="2024-06-11T10:16:42.971455" elapsed="0.000172"/>
</kw>
<var name="${key}">name</var>
<status status="PASS" start="2024-06-11T10:16:42.969977" elapsed="0.001865"/>
</iter>
<iter>
<kw name="Dictionary Should Contain Key" owner="Collections">
<arg>${json_data['results'][0]}</arg>
<arg>${key}</arg>
<doc>Fails if ``key`` is not found from ``dictionary``.</doc>
<status status="PASS" start="2024-06-11T10:16:42.972129" elapsed="0.000382"/>
</kw>
<kw name="Log" owner="BuiltIn">
<msg time="2024-06-11T10:16:42.973044" level="INFO">{'gender': 'female', 'name': {'title': 'Ms', 'first': 'Natalia', 'last': 'Duran'}, 'location': {'street': {'number': 237, 'name': 'Calle de Arturo Soria'}, 'city': 'Barcelona', 'state': 'Castilla la Mancha', 'country': 'Spain', 'postcode': 95268, 'coordinates': {'latitude': '-33.1022', 'longitude': '137.6219'}, 'timezone': {'offset': '+1:00', 'description': 'Brussels, Copenhagen, Madrid, Paris'}}, 'email': 'natalia.duran@example.com', 'login': {'uuid': 'b3d70614-f1b8-492b-9ff4-d99215796cd7', 'username': 'goldensnake614', 'password': 'yoda', 'salt': 'fSIKkUL7', 'md5': 'b4bf6a4e9bd95f2f81a4a17bbfd59f14', 'sha1': 'e102b5896203231c5382bd7315a39696f99f56b2', 'sha256': 'cb5b8bff9cfd1d2d78378383321c4700effe74cb8b74c99d83ca8bb8ec0e130f'}, 'dob': {'date': '1979-08-13T03:54:58.129Z', 'age': 44}, 'registered': {'date': '2005-09-15T21:04:07.837Z', 'age': 18}, 'phone': '934-647-846', 'cell': '663-113-483', 'id': {'name': 'DNI', 'value': '02337503-R'}, 'picture': {'large': 'https://randomuser.me/api/portraits/women/6.jpg', 'medium': 'https://randomuser.me/api/portraits/med/women/6.jpg', 'thumbnail': 'https://randomuser.me/api/portraits/thumb/women/6.jpg'}, 'nat': 'ES'}</msg>
<arg>${json_data['results'][0]}</arg>
<doc>Logs the given message with the given level.</doc>
<status status="PASS" start="2024-06-11T10:16:42.972700" elapsed="0.000393"/>
</kw>
<kw name="Log" owner="BuiltIn">
<msg time="2024-06-11T10:16:42.973505" level="INFO">location</msg>
<arg>${key}</arg>
<doc>Logs the given message with the given level.</doc>
<status status="PASS" start="2024-06-11T10:16:42.973380" elapsed="0.000163"/>
</kw>
<var name="${key}">location</var>
<status status="PASS" start="2024-06-11T10:16:42.972020" elapsed="0.001743"/>
</iter>
<iter>
<kw name="Dictionary Should Contain Key" owner="Collections">
<arg>${json_data['results'][0]}</arg>
<arg>${key}</arg>
<doc>Fails if ``key`` is not found from ``dictionary``.</doc>
<status status="PASS" start="2024-06-11T10:16:42.974043" elapsed="0.000406"/>
</kw>
<kw name="Log" owner="BuiltIn">
<msg time="2024-06-11T10:16:42.974990" level="INFO">{'gender': 'female', 'name': {'title': 'Ms', 'first': 'Natalia', 'last': 'Duran'}, 'location': {'street': {'number': 237, 'name': 'Calle de Arturo Soria'}, 'city': 'Barcelona', 'state': 'Castilla la Mancha', 'country': 'Spain', 'postcode': 95268, 'coordinates': {'latitude': '-33.1022', 'longitude': '137.6219'}, 'timezone': {'offset': '+1:00', 'description': 'Brussels, Copenhagen, Madrid, Paris'}}, 'email': 'natalia.duran@example.com', 'login': {'uuid': 'b3d70614-f1b8-492b-9ff4-d99215796cd7', 'username': 'goldensnake614', 'password': 'yoda', 'salt': 'fSIKkUL7', 'md5': 'b4bf6a4e9bd95f2f81a4a17bbfd59f14', 'sha1': 'e102b5896203231c5382bd7315a39696f99f56b2', 'sha256': 'cb5b8bff9cfd1d2d78378383321c4700effe74cb8b74c99d83ca8bb8ec0e130f'}, 'dob': {'date': '1979-08-13T03:54:58.129Z', 'age': 44}, 'registered': {'date': '2005-09-15T21:04:07.837Z', 'age': 18}, 'phone': '934-647-846', 'cell': '663-113-483', 'id': {'name': 'DNI', 'value': '02337503-R'}, 'picture': {'large': 'https://randomuser.me/api/portraits/women/6.jpg', 'medium': 'https://randomuser.me/api/portraits/med/women/6.jpg', 'thumbnail': 'https://randomuser.me/api/portraits/thumb/women/6.jpg'}, 'nat': 'ES'}</msg>
<arg>${json_data['results'][0]}</arg>
<doc>Logs the given message with the given level.</doc>
<status status="PASS" start="2024-06-11T10:16:42.974634" elapsed="0.000404"/>
</kw>
<kw name="Log" owner="BuiltIn">
<msg time="2024-06-11T10:16:42.975460" level="INFO">email</msg>
<arg>${key}</arg>
<doc>Logs the given message with the given level.</doc>
<status status="PASS" start="2024-06-11T10:16:42.975332" elapsed="0.000166"/>
</kw>
<var name="${key}">email</var>
<status status="PASS" start="2024-06-11T10:16:42.973935" elapsed="0.001777"/>
</iter>
<iter>
<kw name="Dictionary Should Contain Key" owner="Collections">
<arg>${json_data['results'][0]}</arg>
<arg>${key}</arg>
<doc>Fails if ``key`` is not found from ``dictionary``.</doc>
<status status="PASS" start="2024-06-11T10:16:42.975994" elapsed="0.000370"/>
</kw>
<kw name="Log" owner="BuiltIn">
<msg time="2024-06-11T10:16:42.976895" level="INFO">{'gender': 'female', 'name': {'title': 'Ms', 'first': 'Natalia', 'last': 'Duran'}, 'location': {'street': {'number': 237, 'name': 'Calle de Arturo Soria'}, 'city': 'Barcelona', 'state': 'Castilla la Mancha', 'country': 'Spain', 'postcode': 95268, 'coordinates': {'latitude': '-33.1022', 'longitude': '137.6219'}, 'timezone': {'offset': '+1:00', 'description': 'Brussels, Copenhagen, Madrid, Paris'}}, 'email': 'natalia.duran@example.com', 'login': {'uuid': 'b3d70614-f1b8-492b-9ff4-d99215796cd7', 'username': 'goldensnake614', 'password': 'yoda', 'salt': 'fSIKkUL7', 'md5': 'b4bf6a4e9bd95f2f81a4a17bbfd59f14', 'sha1': 'e102b5896203231c5382bd7315a39696f99f56b2', 'sha256': 'cb5b8bff9cfd1d2d78378383321c4700effe74cb8b74c99d83ca8bb8ec0e130f'}, 'dob': {'date': '1979-08-13T03:54:58.129Z', 'age': 44}, 'registered': {'date': '2005-09-15T21:04:07.837Z', 'age': 18}, 'phone': '934-647-846', 'cell': '663-113-483', 'id': {'name': 'DNI', 'value': '02337503-R'}, 'picture': {'large': 'https://randomuser.me/api/portraits/women/6.jpg', 'medium': 'https://randomuser.me/api/portraits/med/women/6.jpg', 'thumbnail': 'https://randomuser.me/api/portraits/thumb/women/6.jpg'}, 'nat': 'ES'}</msg>
<arg>${json_data['results'][0]}</arg>
<doc>Logs the given message with the given level.</doc>
<status status="PASS" start="2024-06-11T10:16:42.976550" elapsed="0.000398"/>
</kw>
<kw name="Log" owner="BuiltIn">
<msg time="2024-06-11T10:16:42.977477" level="INFO">login</msg>
<arg>${key}</arg>
<doc>Logs the given message with the given level.</doc>
<status status="PASS" start="2024-06-11T10:16:42.977237" elapsed="0.000279"/>
</kw>
<var name="${key}">login</var>
<status status="PASS" start="2024-06-11T10:16:42.975886" elapsed="0.001848"/>
</iter>
<var>${key}</var>
<value>@{expected_keys}</value>
<status status="PASS" start="2024-06-11T10:16:42.967759" elapsed="0.010097"/>
</for>
<kw name="Create List" owner="BuiltIn">
<msg time="2024-06-11T10:16:42.978211" level="INFO">${expected_keysTwo} = ['username', 'password']</msg>
<var>${expected_keysTwo}</var>
<arg>username</arg>
<arg>password</arg>
<doc>Returns a list containing given items.</doc>
<status status="PASS" start="2024-06-11T10:16:42.978074" elapsed="0.000161"/>
</kw>
<for flavor="IN">
<iter>
<kw name="Dictionary Should Contain Key" owner="Collections">
<arg>${json_data['results'][0]['login']}</arg>
<arg>${keyTwo}</arg>
<doc>Fails if ``key`` is not found from ``dictionary``.</doc>
<status status="PASS" start="2024-06-11T10:16:42.978774" elapsed="0.000381"/>
</kw>
<kw name="Dictionary Should Contain Key" owner="Collections">
<arg>${json_data['results'][0]['login']}</arg>
<arg>${keyTwo}</arg>
<doc>Fails if ``key`` is not found from ``dictionary``.</doc>
<status status="PASS" start="2024-06-11T10:16:42.979336" elapsed="0.000377"/>
</kw>
<kw name="Log" owner="BuiltIn">
<msg time="2024-06-11T10:16:42.980009" level="INFO">username</msg>
<arg>${keyTwo}</arg>
<doc>Logs the given message with the given level.</doc>
<status status="PASS" start="2024-06-11T10:16:42.979890" elapsed="0.000155"/>
</kw>
<var name="${keyTwo}">username</var>
<status status="PASS" start="2024-06-11T10:16:42.978667" elapsed="0.001596"/>
</iter>
<iter>
<kw name="Dictionary Should Contain Key" owner="Collections">
<arg>${json_data['results'][0]['login']}</arg>
<arg>${keyTwo}</arg>
<doc>Fails if ``key`` is not found from ``dictionary``.</doc>
<status status="PASS" start="2024-06-11T10:16:42.980549" elapsed="0.000371"/>
</kw>
<kw name="Dictionary Should Contain Key" owner="Collections">
<arg>${json_data['results'][0]['login']}</arg>
<arg>${keyTwo}</arg>
<doc>Fails if ``key`` is not found from ``dictionary``.</doc>
<status status="PASS" start="2024-06-11T10:16:42.981097" elapsed="0.000361"/>
</kw>
<kw name="Log" owner="BuiltIn">
<msg time="2024-06-11T10:16:42.981750" level="INFO">password</msg>
<arg>${keyTwo}</arg>
<doc>Logs the given message with the given level.</doc>
<status status="PASS" start="2024-06-11T10:16:42.981634" elapsed="0.000152"/>
</kw>
<var name="${keyTwo}">password</var>
<status status="PASS" start="2024-06-11T10:16:42.980441" elapsed="0.001564"/>
</iter>
<var>${keyTwo}</var>
<value>@{expected_keysTwo}</value>
<status status="PASS" start="2024-06-11T10:16:42.978508" elapsed="0.003620"/>
</for>
<status status="PASS" start="2024-06-11T10:16:42.899198" elapsed="0.083072"/>
</kw>
<doc>Testa a estrutura da resposta da API.</doc>
<tag>testeEstruturaResposta</tag>
<status status="PASS" start="2024-06-11T10:16:42.898515" elapsed="0.083953"/>
</test>
<test id="s1-s1-t4" name="Validar tipos de dados" line="28">
<kw name="Teste de Tipos de Dados" owner="random-user-service">
<kw name="GET On Session" owner="RequestsLibrary">
<msg time="2024-06-11T10:16:43.064900" level="INFO">GET Request : url=https://randomuser.me/api 
 path_url=/api 
 headers={'User-Agent': 'python-requests/2.32.3', 'Accept-Encoding': 'gzip, deflate', 'Accept': '*/*', 'Connection': 'keep-alive'} 
 body=None 
 </msg>
<msg time="2024-06-11T10:16:43.064997" level="INFO">GET Response : url=https://randomuser.me/api 
 status=200, reason=OK 
 headers={'Date': 'Tue, 11 Jun 2024 10:16:43 GMT', 'Content-Type': 'application/json; charset=utf-8', 'Transfer-Encoding': 'chunked', 'Connection': 'keep-alive', 'X-Powered-By': 'Express', 'Access-Control-Allow-Origin': '*', 'Cache-Control': 'no-cache', 'ETag': 'W/"477-/JUWJACYx2fY0ftGk3UFFcjgOLY"', 'Vary': 'Accept-Encoding', 'Content-Encoding': 'gzip', 'CF-Cache-Status': 'DYNAMIC', 'Report-To': '{"endpoints":[{"url":"https:\\/\\/a.nel.cloudflare.com\\/report\\/v4?s=59YInnj8LA44jwNnxCCfNEbkqriGHUu%2BWwrstiIC9wRAxBfyvM%2BeZXjn5kgohNvCOfvGJ7oo%2Fw72vSq5JMziFMnjCXlcQyrvpfDPu1K892Ef9PNgciX%2FFtZRB6Ak5az%2B"}],"group":"cf-nel","max_age":604800}', 'NEL': '{"success_fraction":0,"report_to":"cf-nel","max_age":604800}', 'Server': 'cloudflare', 'CF-RAY': '8920d8e4ad435b4d-IAD', 'alt-svc': 'h3=":443"; ma=86400'} 
 body={"results":[{"gender":"female","name":{"title":"Mrs","first":"Akshatha","last":"Shah"},"location":{"street":{"number":3146,"name":"Racecource Rd"},"city":"Giridih","state":"Punjab","country":"India","postcode":47582,"coordinates":{"latitude":"5.2277","longitude":"141.6702"},"timezone":{"offset":"-2:00","description":"Mid-Atlantic"}},"email":"akshatha.shah@example.com","login":{"uuid":"0d665a5c-63d7-4777-81fd-067b11ead7a0","username":"ticklishbear459","password":"waterboy","salt":"p1DBCCrf","md5":"611d49bf37e9858adf83d6f7a2adb83c","sha1":"4faf11120d7a0961f1e5406d2b59d5e1d67f05c9","sha256":"11dcd5430163ba57601a43853f06930e0a092a33e874b88cf1efbbea8907fe59"},"dob":{"date":"1971-04-18T22:16:52.585Z","age":53},"registered":{"date":"2016-09-19T03:56:53.554Z","age":7},"phone":"7968460881","cell":"7460052215","id":{"name":"UIDAI","value":"002699398853"},"picture":{"large":"https://randomuser.me/api/portraits/women/6.jpg","medium":"https://randomuser.me/api/portraits/med/women/6.jpg","thumbnail":"https://randomuser.me/api/portraits/thumb/women/6.jpg"},"nat":"IN"}],"info":{"seed":"311fb865c1faef4c","results":1,"page":1,"version":"1.4"}} 
 </msg>
<msg time="2024-06-11T10:16:43.065070" level="INFO">/opt/hostedtoolcache/Python/3.12.3/x64/lib/python3.12/site-packages/urllib3/connectionpool.py:1103: InsecureRequestWarning: Unverified HTTPS request is being made to host 'randomuser.me'. Adding certificate verification is strongly advised. See: https://urllib3.readthedocs.io/en/latest/advanced-usage.html#tls-warnings
  warnings.warn(</msg>
<msg time="2024-06-11T10:16:43.065209" level="INFO">${response} = &lt;Response [200]&gt;</msg>
<var>${response}</var>
<arg>consultarAPI</arg>
<arg>/api</arg>
<doc>Sends a GET request on a previously created HTTP Session.</doc>
<status status="PASS" start="2024-06-11T10:16:42.984902" elapsed="0.080347"/>
</kw>
<kw name="Set Variable" owner="BuiltIn">
<msg time="2024-06-11T10:16:43.066337" level="INFO">${json_data} = {'results': [{'gender': 'female', 'name': {'title': 'Mrs', 'first': 'Akshatha', 'last': 'Shah'}, 'location': {'street': {'number': 3146, 'name': 'Racecource Rd'}, 'city': 'Giridih', 'state': 'Punjab',...</msg>
<var>${json_data}</var>
<arg>${response.json()}</arg>
<doc>Returns the given values which can then be assigned to a variables.</doc>
<status status="PASS" start="2024-06-11T10:16:43.065830" elapsed="0.000535"/>
</kw>
<kw name="Log" owner="BuiltIn">
<msg time="2024-06-11T10:16:43.066912" level="INFO">{'results': [{'gender': 'female', 'name': {'title': 'Mrs', 'first': 'Akshatha', 'last': 'Shah'}, 'location': {'street': {'number': 3146, 'name': 'Racecource Rd'}, 'city': 'Giridih', 'state': 'Punjab', 'country': 'India', 'postcode': 47582, 'coordinates': {'latitude': '5.2277', 'longitude': '141.6702'}, 'timezone': {'offset': '-2:00', 'description': 'Mid-Atlantic'}}, 'email': 'akshatha.shah@example.com', 'login': {'uuid': '0d665a5c-63d7-4777-81fd-067b11ead7a0', 'username': 'ticklishbear459', 'password': 'waterboy', 'salt': 'p1DBCCrf', 'md5': '611d49bf37e9858adf83d6f7a2adb83c', 'sha1': '4faf11120d7a0961f1e5406d2b59d5e1d67f05c9', 'sha256': '11dcd5430163ba57601a43853f06930e0a092a33e874b88cf1efbbea8907fe59'}, 'dob': {'date': '1971-04-18T22:16:52.585Z', 'age': 53}, 'registered': {'date': '2016-09-19T03:56:53.554Z', 'age': 7}, 'phone': '7968460881', 'cell': '7460052215', 'id': {'name': 'UIDAI', 'value': '002699398853'}, 'picture': {'large': 'https://randomuser.me/api/portraits/women/6.jpg', 'medium': 'https://randomuser.me/api/portraits/med/women/6.jpg', 'thumbnail': 'https://randomuser.me/api/portraits/thumb/women/6.jpg'}, 'nat': 'IN'}], 'info': {'seed': '311fb865c1faef4c', 'results': 1, 'page': 1, 'version': '1.4'}}</msg>
<arg>${json_data}</arg>
<doc>Logs the given message with the given level.</doc>
<status status="PASS" start="2024-06-11T10:16:43.066749" elapsed="0.000213"/>
</kw>
<kw name="Should Be String" owner="String">
<arg>${json_data['results'][0]['gender']}</arg>
<doc>Fails if the given ``item`` is not a string.</doc>
<status status="PASS" start="2024-06-11T10:16:43.067252" elapsed="0.000357"/>
</kw>
<kw name="Should Match Regexp" owner="BuiltIn">
<arg>${json_data['results'][0]['email']}</arg>
<arg>^[a-zA-Z0-9._%+-]+@[a-zA-Z0-9.-]+\.[a-zA-Z]{2,}$</arg>
<doc>Fails if ``string`` does not match ``pattern`` as a regular expression.</doc>
<status status="PASS" start="2024-06-11T10:16:43.067836" elapsed="0.000516"/>
</kw>
<kw name="Should Match Regexp" owner="BuiltIn">
<arg>${json_data['results'][0]['dob']['date']}</arg>
<arg>\\d{4}-\\d{2}-\\d{2}T\\d{2}:\\d{2}:\\d{2}\\.\\d{3}Z</arg>
<doc>Fails if ``string`` does not match ``pattern`` as a regular expression.</doc>
<status status="PASS" start="2024-06-11T10:16:43.068549" elapsed="0.000486"/>
</kw>
<kw name="Should Match Regexp" owner="BuiltIn">
<arg>${json_data['results'][0]['registered']['date']}</arg>
<arg>\\d{4}-\\d{2}-\\d{2}T\\d{2}:\\d{2}:\\d{2}\\.\\d{3}Z</arg>
<doc>Fails if ``string`` does not match ``pattern`` as a regular expression.</doc>
<status status="PASS" start="2024-06-11T10:16:43.069222" elapsed="0.000359"/>
</kw>
<kw name="Should Match Regexp" owner="BuiltIn">
<arg>${json_data['results'][0]['picture']['large']}</arg>
<arg>^https?://.*\.(?:png|jpe?g|gif|bmp)$</arg>
<doc>Fails if ``string`` does not match ``pattern`` as a regular expression.</doc>
<status status="PASS" start="2024-06-11T10:16:43.069763" elapsed="0.000447"/>
</kw>
<kw name="Should Match Regexp" owner="BuiltIn">
<arg>${json_data['results'][0]['picture']['medium']}</arg>
<arg>^https?://.*\.(?:png|jpe?g|gif|bmp)$</arg>
<doc>Fails if ``string`` does not match ``pattern`` as a regular expression.</doc>
<status status="PASS" start="2024-06-11T10:16:43.070424" elapsed="0.000354"/>
</kw>
<kw name="Should Match Regexp" owner="BuiltIn">
<arg>${json_data['results'][0]['picture']['thumbnail']}</arg>
<arg>^https?://.*\.(?:png|jpe?g|gif|bmp)$</arg>
<doc>Fails if ``string`` does not match ``pattern`` as a regular expression.</doc>
<status status="PASS" start="2024-06-11T10:16:43.070965" elapsed="0.000362"/>
</kw>
<kw name="Log" owner="BuiltIn">
<msg time="2024-06-11T10:16:43.071827" level="INFO">{'large': 'https://randomuser.me/api/portraits/women/6.jpg', 'medium': 'https://randomuser.me/api/portraits/med/women/6.jpg', 'thumbnail': 'https://randomuser.me/api/portraits/thumb/women/6.jpg'}</msg>
<arg>${json_data['results'][0]['picture']}</arg>
<doc>Logs the given message with the given level.</doc>
<status status="PASS" start="2024-06-11T10:16:43.071506" elapsed="0.000362"/>
</kw>
<status status="PASS" start="2024-06-11T10:16:42.984674" elapsed="0.087448"/>
</kw>
<kw name="Teste de Tipos de Dados - Postcode" owner="random-user-service">
<kw name="GET On Session" owner="RequestsLibrary">
<msg time="2024-06-11T10:16:43.178442" level="INFO">GET Request : url=https://randomuser.me/api 
 path_url=/api 
 headers={'User-Agent': 'python-requests/2.32.3', 'Accept-Encoding': 'gzip, deflate', 'Accept': '*/*', 'Connection': 'keep-alive'} 
 body=None 
 </msg>
<msg time="2024-06-11T10:16:43.178543" level="INFO">GET Response : url=https://randomuser.me/api 
 status=200, reason=OK 
 headers={'Date': 'Tue, 11 Jun 2024 10:16:43 GMT', 'Content-Type': 'application/json; charset=utf-8', 'Transfer-Encoding': 'chunked', 'Connection': 'keep-alive', 'X-Powered-By': 'Express', 'Access-Control-Allow-Origin': '*', 'Cache-Control': 'no-cache', 'ETag': 'W/"46f-D8nAQf0xrOc3wRMl1MK9yMgySiw"', 'Vary': 'Accept-Encoding', 'Content-Encoding': 'gzip', 'CF-Cache-Status': 'DYNAMIC', 'Report-To': '{"endpoints":[{"url":"https:\\/\\/a.nel.cloudflare.com\\/report\\/v4?s=LLmN9%2BbMNK3xGZSNx%2BMebVeyI%2BQ1pqjbfKdbpcUaIDRvipx3wo%2FDbylTpt5bNR9Nrc9eg8eGDMYhyFRHCjOFkt0uppg%2Byty54jobXAuvSObQi6nLT%2FIfpAEtgcGQ%2BSzK"}],"group":"cf-nel","max_age":604800}', 'NEL': '{"success_fraction":0,"report_to":"cf-nel","max_age":604800}', 'Server': 'cloudflare', 'CF-RAY': '8920d8e53dc25b4d-IAD', 'alt-svc': 'h3=":443"; ma=86400'} 
 body={"results":[{"gender":"male","name":{"title":"Mr","first":"Mehmet","last":"Korol"},"location":{"street":{"number":6853,"name":"Istiklal Cd"},"city":"Şırnak","state":"Kastamonu","country":"Turkey","postcode":71087,"coordinates":{"latitude":"71.5970","longitude":"-64.5947"},"timezone":{"offset":"+6:00","description":"Almaty, Dhaka, Colombo"}},"email":"mehmet.korol@example.com","login":{"uuid":"a8ca7e7a-40c1-4421-9d23-a27cf32ea41d","username":"blueduck666","password":"soul","salt":"qcXeqjfu","md5":"96a6669ac2b3e0f4f7f9dee8940eac42","sha1":"95b612f1890198ff72ef40a7f7b273b5eb23d8e7","sha256":"0473ba2f59a0f01691c43e402af87a45ad141e495f97a4c914069a07b707fa8b"},"dob":{"date":"1953-01-22T19:20:01.922Z","age":71},"registered":{"date":"2011-07-14T20:48:26.135Z","age":12},"phone":"(921)-962-1898","cell":"(811)-165-8086","id":{"name":"","value":null},"picture":{"large":"https://randomuser.me/api/portraits/men/75.jpg","medium":"https://randomuser.me/api/portraits/med/men/75.jpg","thumbnail":"https://randomuser.me/api/portraits/thumb/men/75.jpg"},"nat":"TR"}],"info":{"seed":"d76b9908a25489c6","results":1,"page":1,"version":"1.4"}} 
 </msg>
<msg time="2024-06-11T10:16:43.178640" level="INFO">/opt/hostedtoolcache/Python/3.12.3/x64/lib/python3.12/site-packages/urllib3/connectionpool.py:1103: InsecureRequestWarning: Unverified HTTPS request is being made to host 'randomuser.me'. Adding certificate verification is strongly advised. See: https://urllib3.readthedocs.io/en/latest/advanced-usage.html#tls-warnings
  warnings.warn(</msg>
<msg time="2024-06-11T10:16:43.178780" level="INFO">${response} = &lt;Response [200]&gt;</msg>
<var>${response}</var>
<arg>consultarAPI</arg>
<arg>/api</arg>
<doc>Sends a GET request on a previously created HTTP Session.</doc>
<status status="PASS" start="2024-06-11T10:16:43.072587" elapsed="0.106234"/>
</kw>
<kw name="Set Variable" owner="BuiltIn">
<msg time="2024-06-11T10:16:43.179859" level="INFO">${json_data} = {'results': [{'gender': 'male', 'name': {'title': 'Mr', 'first': 'Mehmet', 'last': 'Korol'}, 'location': {'street': {'number': 6853, 'name': 'Istiklal Cd'}, 'city': 'Şırnak', 'state': 'Kastamonu', 'co...</msg>
<var>${json_data}</var>
<arg>${response.json()}</arg>
<doc>Returns the given values which can then be assigned to a variables.</doc>
<status status="PASS" start="2024-06-11T10:16:43.179345" elapsed="0.000547"/>
</kw>
<kw name="Log" owner="BuiltIn">
<msg time="2024-06-11T10:16:43.180387" level="INFO">{'results': [{'gender': 'male', 'name': {'title': 'Mr', 'first': 'Mehmet', 'last': 'Korol'}, 'location': {'street': {'number': 6853, 'name': 'Istiklal Cd'}, 'city': 'Şırnak', 'state': 'Kastamonu', 'country': 'Turkey', 'postcode': 71087, 'coordinates': {'latitude': '71.5970', 'longitude': '-64.5947'}, 'timezone': {'offset': '+6:00', 'description': 'Almaty, Dhaka, Colombo'}}, 'email': 'mehmet.korol@example.com', 'login': {'uuid': 'a8ca7e7a-40c1-4421-9d23-a27cf32ea41d', 'username': 'blueduck666', 'password': 'soul', 'salt': 'qcXeqjfu', 'md5': '96a6669ac2b3e0f4f7f9dee8940eac42', 'sha1': '95b612f1890198ff72ef40a7f7b273b5eb23d8e7', 'sha256': '0473ba2f59a0f01691c43e402af87a45ad141e495f97a4c914069a07b707fa8b'}, 'dob': {'date': '1953-01-22T19:20:01.922Z', 'age': 71}, 'registered': {'date': '2011-07-14T20:48:26.135Z', 'age': 12}, 'phone': '(921)-962-1898', 'cell': '(811)-165-8086', 'id': {'name': '', 'value': None}, 'picture': {'large': 'https://randomuser.me/api/portraits/men/75.jpg', 'medium': 'https://randomuser.me/api/portraits/med/men/75.jpg', 'thumbnail': 'https://randomuser.me/api/portraits/thumb/men/75.jpg'}, 'nat': 'TR'}], 'info': {'seed': 'd76b9908a25489c6', 'results': 1, 'page': 1, 'version': '1.4'}}</msg>
<arg>${json_data}</arg>
<doc>Logs the given message with the given level.</doc>
<status status="PASS" start="2024-06-11T10:16:43.180218" elapsed="0.000219"/>
</kw>
<kw name="Should Be Equal As Numbers" owner="BuiltIn">
<arg>${json_data['results'][0]['location']['postcode']}</arg>
<arg>${json_data['results'][0]['location']['postcode']}</arg>
<doc>Fails if objects are unequal after converting them to real numbers.</doc>
<status status="PASS" start="2024-06-11T10:16:43.180735" elapsed="0.000637"/>
</kw>
<kw name="Log" owner="BuiltIn">
<msg time="2024-06-11T10:16:43.181895" level="INFO">71087</msg>
<arg>${json_data['results'][0]['location']['postcode']}</arg>
<doc>Logs the given message with the given level.</doc>
<status status="PASS" start="2024-06-11T10:16:43.181563" elapsed="0.000407"/>
</kw>
<status status="PASS" start="2024-06-11T10:16:43.072351" elapsed="0.109879"/>
</kw>
<doc>Testa se os tipos de dados na resposta da API estão corretos.</doc>
<tag>testeTiposDados</tag>
<status status="PASS" start="2024-06-11T10:16:42.984231" elapsed="0.198197"/>
</test>
<test id="s1-s1-t5" name="Validar conteudo" line="35">
<kw name="Teste de Tipos de Conteudo" owner="random-user-service">
<kw name="GET On Session" owner="RequestsLibrary">
<msg time="2024-06-11T10:16:43.265804" level="INFO">GET Request : url=https://randomuser.me/api 
 path_url=/api 
 headers={'User-Agent': 'python-requests/2.32.3', 'Accept-Encoding': 'gzip, deflate', 'Accept': '*/*', 'Connection': 'keep-alive'} 
 body=None 
 </msg>
<msg time="2024-06-11T10:16:43.265901" level="INFO">GET Response : url=https://randomuser.me/api 
 status=200, reason=OK 
 headers={'Date': 'Tue, 11 Jun 2024 10:16:43 GMT', 'Content-Type': 'application/json; charset=utf-8', 'Transfer-Encoding': 'chunked', 'Connection': 'keep-alive', 'X-Powered-By': 'Express', 'Access-Control-Allow-Origin': '*', 'Cache-Control': 'no-cache', 'ETag': 'W/"474-RYDvAXugUx9ooZDqe3NcOTu+Hps"', 'Vary': 'Accept-Encoding', 'Content-Encoding': 'gzip', 'CF-Cache-Status': 'DYNAMIC', 'Report-To': '{"endpoints":[{"url":"https:\\/\\/a.nel.cloudflare.com\\/report\\/v4?s=3Mo4AsjQLXnXbCEu25MWVAjoll1M90hVO5ky5cxU%2F8PJRBqOVrjide%2FXAu1uPoJ3PocuIxCBEo7xTcefyJzvrePpXAVLdmupnUvDNo22h1AeJZOWdGkxiZj9rrfMqdAp"}],"group":"cf-nel","max_age":604800}', 'NEL': '{"success_fraction":0,"report_to":"cf-nel","max_age":604800}', 'Server': 'cloudflare', 'CF-RAY': '8920d8e5ee695b4d-IAD', 'alt-svc': 'h3=":443"; ma=86400'} 
 body={"results":[{"gender":"female","name":{"title":"Mrs","first":"Willow","last":"Jackson"},"location":{"street":{"number":7600,"name":"Beach Road"},"city":"Whanganui","state":"Taranaki","country":"New Zealand","postcode":68225,"coordinates":{"latitude":"49.0334","longitude":"19.4406"},"timezone":{"offset":"+3:30","description":"Tehran"}},"email":"willow.jackson@example.com","login":{"uuid":"f459c1fb-ac65-496c-8147-89a1aee9e2c2","username":"heavyleopard642","password":"cyrus","salt":"VAtMxYah","md5":"d98eee540123ef5e88a353914b170a59","sha1":"165d1aeba07ee5cea578a71dd6cf6a7dffc599d4","sha256":"7324e2fcc3927a7bf701d306d780c20fa8691735d3ffb3dd4bfc11b79ee963dc"},"dob":{"date":"1980-03-15T01:56:59.171Z","age":44},"registered":{"date":"2003-11-11T21:17:23.606Z","age":20},"phone":"(986)-917-1589","cell":"(910)-580-7494","id":{"name":"","value":null},"picture":{"large":"https://randomuser.me/api/portraits/women/62.jpg","medium":"https://randomuser.me/api/portraits/med/women/62.jpg","thumbnail":"https://randomuser.me/api/portraits/thumb/women/62.jpg"},"nat":"NZ"}],"info":{"seed":"09865e2f2408f264","results":1,"page":1,"version":"1.4"}} 
 </msg>
<msg time="2024-06-11T10:16:43.265971" level="INFO">/opt/hostedtoolcache/Python/3.12.3/x64/lib/python3.12/site-packages/urllib3/connectionpool.py:1103: InsecureRequestWarning: Unverified HTTPS request is being made to host 'randomuser.me'. Adding certificate verification is strongly advised. See: https://urllib3.readthedocs.io/en/latest/advanced-usage.html#tls-warnings
  warnings.warn(</msg>
<msg time="2024-06-11T10:16:43.266108" level="INFO">${response} = &lt;Response [200]&gt;</msg>
<var>${response}</var>
<arg>consultarAPI</arg>
<arg>/api</arg>
<doc>Sends a GET request on a previously created HTTP Session.</doc>
<status status="PASS" start="2024-06-11T10:16:43.185001" elapsed="0.081146"/>
</kw>
<kw name="Set Variable" owner="BuiltIn">
<msg time="2024-06-11T10:16:43.267247" level="INFO">${json_data} = {'results': [{'gender': 'female', 'name': {'title': 'Mrs', 'first': 'Willow', 'last': 'Jackson'}, 'location': {'street': {'number': 7600, 'name': 'Beach Road'}, 'city': 'Whanganui', 'state': 'Taranaki...</msg>
<var>${json_data}</var>
<arg>${response.json()}</arg>
<doc>Returns the given values which can then be assigned to a variables.</doc>
<status status="PASS" start="2024-06-11T10:16:43.266742" elapsed="0.000533"/>
</kw>
<kw name="Set Variable" owner="BuiltIn">
<msg time="2024-06-11T10:16:43.267955" level="INFO">${name_title} = Mrs</msg>
<var>${name_title}</var>
<arg>${json_data["results"][0]["name"]["title"]}</arg>
<doc>Returns the given values which can then be assigned to a variables.</doc>
<status status="PASS" start="2024-06-11T10:16:43.267579" elapsed="0.000400"/>
</kw>
<kw name="Create List" owner="BuiltIn">
<msg time="2024-06-11T10:16:43.268421" level="INFO">${allowed_titles} = ['Mr', 'Ms', 'Miss', 'Mrs', 'Madame', 'Monsieur']</msg>
<var>${allowed_titles}</var>
<arg>Mr</arg>
<arg>Ms</arg>
<arg>Miss</arg>
<arg>Mrs</arg>
<arg>Madame</arg>
<arg>Monsieur</arg>
<doc>Returns a list containing given items.</doc>
<status status="PASS" start="2024-06-11T10:16:43.268274" elapsed="0.000170"/>
</kw>
<kw name="List Should Contain Value" owner="Collections">
<arg>${allowed_titles}</arg>
<arg>${name_title}</arg>
<doc>Fails if the ``value`` is not found from ``list``.</doc>
<status status="PASS" start="2024-06-11T10:16:43.268739" elapsed="0.000173"/>
</kw>
<kw name="Set Variable" owner="BuiltIn">
<msg time="2024-06-11T10:16:43.269456" level="INFO">${name_country} = NZ</msg>
<var>${name_country}</var>
<arg>${json_data["results"][0]["nat"]}</arg>
<doc>Returns the given values which can then be assigned to a variables.</doc>
<status status="PASS" start="2024-06-11T10:16:43.269086" elapsed="0.000394"/>
</kw>
<kw name="Create List" owner="BuiltIn">
<msg time="2024-06-11T10:16:43.270364" level="INFO">${list_country} = ['AD', 'AE', 'AF', 'AG', 'AI', 'AL', 'AM', 'AO', 'AQ', 'AR', 'AS', 'AT', 'AU', 'AW', 'AX', 'AZ', 'BA', 'BB', 'BD', 'BE', 'BF', 'BG', 'BH', 'BI', 'BJ', 'BL', 'BM', 'BN', 'BO', 'BQ', 'BR', 'BS', 'BT', '...</msg>
<var>${list_country}</var>
<arg>AD</arg>
<arg>AE</arg>
<arg>AF</arg>
<arg>AG</arg>
<arg>AI</arg>
<arg>AL</arg>
<arg>AM</arg>
<arg>AO</arg>
<arg>AQ</arg>
<arg>AR</arg>
<arg>AS</arg>
<arg>AT</arg>
<arg>AU</arg>
<arg>AW</arg>
<arg>AX</arg>
<arg>AZ</arg>
<arg>BA</arg>
<arg>BB</arg>
<arg>BD</arg>
<arg>BE</arg>
<arg>BF</arg>
<arg>BG</arg>
<arg>BH</arg>
<arg>BI</arg>
<arg>BJ</arg>
<arg>BL</arg>
<arg>BM</arg>
<arg>BN</arg>
<arg>BO</arg>
<arg>BQ</arg>
<arg>BR</arg>
<arg>BS</arg>
<arg>BT</arg>
<arg>BV</arg>
<arg>BW</arg>
<arg>BY</arg>
<arg>BZ</arg>
<arg>CA</arg>
<arg>CC</arg>
<arg>CD</arg>
<arg>CF</arg>
<arg>CG</arg>
<arg>CH</arg>
<arg>CI</arg>
<arg>CK</arg>
<arg>CL</arg>
<arg>CM</arg>
<arg>CN</arg>
<arg>CO</arg>
<arg>CR</arg>
<arg>CU</arg>
<arg>CV</arg>
<arg>CW</arg>
<arg>CX</arg>
<arg>CY</arg>
<arg>CZ</arg>
<arg>DE</arg>
<arg>DJ</arg>
<arg>DK</arg>
<arg>DM</arg>
<arg>DO</arg>
<arg>DZ</arg>
<arg>EC</arg>
<arg>EE</arg>
<arg>EG</arg>
<arg>EH</arg>
<arg>ER</arg>
<arg>ES</arg>
<arg>ET</arg>
<arg>FI</arg>
<arg>FJ</arg>
<arg>FK</arg>
<arg>FM</arg>
<arg>FO</arg>
<arg>FR</arg>
<arg>GA</arg>
<arg>GB</arg>
<arg>GD</arg>
<arg>GE</arg>
<arg>GF</arg>
<arg>GG</arg>
<arg>GH</arg>
<arg>GI</arg>
<arg>GL</arg>
<arg>GM</arg>
<arg>GN</arg>
<arg>GP</arg>
<arg>GQ</arg>
<arg>GR</arg>
<arg>GS</arg>
<arg>GT</arg>
<arg>GU</arg>
<arg>GW</arg>
<arg>GY</arg>
<arg>HK</arg>
<arg>HM</arg>
<arg>HN</arg>
<arg>HR</arg>
<arg>HT</arg>
<arg>HU</arg>
<arg>ID</arg>
<arg>IE</arg>
<arg>IL</arg>
<arg>IM</arg>
<arg>IN</arg>
<arg>IO</arg>
<arg>IQ</arg>
<arg>IR</arg>
<arg>IS</arg>
<arg>IT</arg>
<arg>JE</arg>
<arg>JM</arg>
<arg>JO</arg>
<arg>JP</arg>
<arg>KE</arg>
<arg>KG</arg>
<arg>KH</arg>
<arg>KI</arg>
<arg>KM</arg>
<arg>KN</arg>
<arg>KP</arg>
<arg>KR</arg>
<arg>KW</arg>
<arg>KY</arg>
<arg>KZ</arg>
<arg>LA</arg>
<arg>LB</arg>
<arg>LC</arg>
<arg>LI</arg>
<arg>LK</arg>
<arg>LR</arg>
<arg>LS</arg>
<arg>LT</arg>
<arg>LU</arg>
<arg>LV</arg>
<arg>LY</arg>
<arg>MA</arg>
<arg>MC</arg>
<arg>MD</arg>
<arg>ME</arg>
<arg>MF</arg>
<arg>MG</arg>
<arg>MH</arg>
<arg>MK</arg>
<arg>ML</arg>
<arg>MM</arg>
<arg>MN</arg>
<arg>MO</arg>
<arg>MP</arg>
<arg>MQ</arg>
<arg>MR</arg>
<arg>MS</arg>
<arg>MT</arg>
<arg>MU</arg>
<arg>MV</arg>
<arg>MW</arg>
<arg>MX</arg>
<arg>MY</arg>
<arg>MZ</arg>
<arg>NA</arg>
<arg>NC</arg>
<arg>NE</arg>
<arg>NF</arg>
<arg>NG</arg>
<arg>NI</arg>
<arg>NL</arg>
<arg>NO</arg>
<arg>NP</arg>
<arg>NR</arg>
<arg>NU</arg>
<arg>NZ</arg>
<arg>OM</arg>
<arg>PA</arg>
<arg>PE</arg>
<arg>PF</arg>
<arg>PG</arg>
<arg>PH</arg>
<arg>PK</arg>
<arg>PL</arg>
<arg>PM</arg>
<arg>PN</arg>
<arg>PR</arg>
<arg>PS</arg>
<arg>PT</arg>
<arg>PW</arg>
<arg>PY</arg>
<arg>QA</arg>
<arg>RE</arg>
<arg>RO</arg>
<arg>RS</arg>
<arg>RU</arg>
<arg>RW</arg>
<arg>SA</arg>
<arg>SB</arg>
<arg>SC</arg>
<arg>SD</arg>
<arg>SE</arg>
<arg>SG</arg>
<arg>SH</arg>
<arg>SI</arg>
<arg>SJ</arg>
<arg>SK</arg>
<arg>SL</arg>
<arg>SM</arg>
<arg>SN</arg>
<arg>SO</arg>
<arg>SR</arg>
<arg>SS</arg>
<arg>ST</arg>
<arg>SV</arg>
<arg>SX</arg>
<arg>SY</arg>
<arg>SZ</arg>
<arg>TC</arg>
<arg>TD</arg>
<arg>TF</arg>
<arg>TG</arg>
<arg>TH</arg>
<arg>TJ</arg>
<arg>TK</arg>
<arg>TL</arg>
<arg>TM</arg>
<arg>TN</arg>
<arg>TO</arg>
<arg>TR</arg>
<arg>TT</arg>
<arg>TV</arg>
<arg>TW</arg>
<arg>TZ</arg>
<arg>UA</arg>
<arg>UG</arg>
<arg>UM</arg>
<arg>US</arg>
<arg>UY</arg>
<arg>UZ</arg>
<arg>VA</arg>
<arg>VC</arg>
<arg>VE</arg>
<arg>VG</arg>
<arg>VI</arg>
<arg>VN</arg>
<arg>VU</arg>
<arg>WF</arg>
<arg>WS</arg>
<arg>XK</arg>
<arg>YE</arg>
<arg>YT</arg>
<arg>ZA</arg>
<arg>ZM</arg>
<arg>ZW</arg>
<doc>Returns a list containing given items.</doc>
<status status="PASS" start="2024-06-11T10:16:43.269767" elapsed="0.000665"/>
</kw>
<kw name="List Should Contain Value" owner="Collections">
<arg>${list_country}</arg>
<arg>${name_country}</arg>
<doc>Fails if the ``value`` is not found from ``list``.</doc>
<status status="PASS" start="2024-06-11T10:16:43.271234" elapsed="0.000203"/>
</kw>
<kw name="Run Keyword If" owner="BuiltIn">
<kw name="Should Be True" owner="BuiltIn">
<arg>${True}</arg>
<doc>Fails if the given condition is not true.</doc>
<status status="PASS" start="2024-06-11T10:16:43.272503" elapsed="0.000143"/>
</kw>
<arg>${json_data["results"][0]["location"]["coordinates"]["latitude"]} &gt;= -90 and ${json_data["results"][0]["location"]["coordinates"]["latitude"]} &lt;= 90</arg>
<arg>Should Be True</arg>
<arg>${True}</arg>
<doc>Runs the given keyword with the given arguments, if ``condition`` is true.</doc>
<status status="PASS" start="2024-06-11T10:16:43.271636" elapsed="0.001136"/>
</kw>
<kw name="Run Keyword If" owner="BuiltIn">
<kw name="Should Be True" owner="BuiltIn">
<arg>${True}</arg>
<doc>Fails if the given condition is not true.</doc>
<status status="PASS" start="2024-06-11T10:16:43.273633" elapsed="0.000137"/>
</kw>
<arg>${json_data["results"][0]["location"]["coordinates"]["longitude"]} &gt;= -180 and ${json_data["results"][0]["location"]["coordinates"]["longitude"]} &lt;= 180</arg>
<arg>Should Be True</arg>
<arg>${True}</arg>
<doc>Runs the given keyword with the given arguments, if ``condition`` is true.</doc>
<status status="PASS" start="2024-06-11T10:16:43.272954" elapsed="0.000936"/>
</kw>
<status status="PASS" start="2024-06-11T10:16:43.184768" elapsed="0.089250"/>
</kw>
<doc>Testa o conteúdo específico dos campos retornados pela API.</doc>
<tag>testeConteudo</tag>
<status status="PASS" start="2024-06-11T10:16:43.184193" elapsed="0.089979"/>
</test>
<status status="PASS" start="2024-06-11T10:16:42.350827" elapsed="0.925375"/>
</suite>
<status status="PASS" start="2024-06-11T10:16:42.336874" elapsed="0.944647"/>
</suite>
<statistics>
<total>
<stat pass="5" fail="0" skip="0">All Tests</stat>
</total>
<tag>
<stat pass="1" fail="0" skip="0">testeConteudo</stat>
<stat pass="1" fail="0" skip="0">testeEstruturaResposta</stat>
<stat pass="1" fail="0" skip="0">testeRequisicaoBasica</stat>
<stat pass="1" fail="0" skip="0">testeTiposDados</stat>
</tag>
<suite>
<stat pass="5" fail="0" skip="0" id="s1" name="Tests">Tests</stat>
<stat pass="5" fail="0" skip="0" id="s1-s1" name="Random-User-Test">Tests.Random-User-Test</stat>
</suite>
</statistics>
<errors>
</errors>
</robot>
