<?xml version="1.0" encoding="UTF-8"?>
<robot generator="Robot 7.0.1 (Python 3.12.4 on linux)" generated="2024-06-18T21:13:49.947767" rpa="false" schemaversion="5">
<suite id="s1" name="Tests" source="/home/runner/work/ApiRandomUser/ApiRandomUser/RamdonUser/tests">
<suite id="s1-s1" name="Random-User-Test" source="/home/runner/work/ApiRandomUser/ApiRandomUser/RamdonUser/tests/random-user-test.robot">
<test id="s1-s1-t1" name="Conectar" line="13">
<kw name="Conectar API" owner="random-user-service">
<kw name="Create Session" owner="RequestsLibrary">
<msg time="2024-06-18T21:13:50.355108" level="INFO">Creating Session using : alias=consultarAPI, url=https://randomuser.me/, headers={},                     cookies={}, auth=None, timeout=None, proxies=None, verify=False,                     debug=0 </msg>
<arg>consultarAPI</arg>
<arg>${URL}</arg>
<doc>Create Session: create a HTTP session to a server</doc>
<status status="PASS" start="2024-06-18T21:13:50.354899" elapsed="0.000396"/>
</kw>
<status status="PASS" start="2024-06-18T21:13:50.353853" elapsed="0.001812"/>
</kw>
<status status="PASS" start="2024-06-18T21:13:50.353234" elapsed="0.002629"/>
</test>
<test id="s1-s1-t2" name="Validar retorno 200 e JSON Válido" line="16">
<kw name="Teste de Requisicao Basica" owner="random-user-service">
<kw name="GET On Session" owner="RequestsLibrary">
<msg time="2024-06-18T21:13:50.540212" level="INFO">GET Request : url=https://randomuser.me/api 
 path_url=/api 
 headers={'User-Agent': 'python-requests/2.32.3', 'Accept-Encoding': 'gzip, deflate', 'Accept': '*/*', 'Connection': 'keep-alive'} 
 body=None 
 </msg>
<msg time="2024-06-18T21:13:50.540358" level="INFO">GET Response : url=https://randomuser.me/api 
 status=200, reason=OK 
 headers={'Date': 'Tue, 18 Jun 2024 21:13:50 GMT', 'Content-Type': 'application/json; charset=utf-8', 'Transfer-Encoding': 'chunked', 'Connection': 'keep-alive', 'X-Powered-By': 'Express', 'Access-Control-Allow-Origin': '*', 'Cache-Control': 'no-cache', 'ETag': 'W/"497-NTvMmX8Gee0wAzQBVBaCF69ymf0"', 'Vary': 'Accept-Encoding', 'Content-Encoding': 'gzip', 'CF-Cache-Status': 'DYNAMIC', 'Report-To': '{"endpoints":[{"url":"https:\\/\\/a.nel.cloudflare.com\\/report\\/v4?s=Xdtd%2FPSibJSWtf2I4MIppUgsQfCLqnp6Jlw625WOjLWB6wGcf7%2BuYbyRDN6RYhNC%2BtLjt5gQxwmQzxDay5c2Nu4m0pk8wwO4Uhapr235TNF6NywjZN2kqUbsznTPYyw5"}],"group":"cf-nel","max_age":604800}', 'NEL': '{"success_fraction":0,"report_to":"cf-nel","max_age":604800}', 'Server': 'cloudflare', 'CF-RAY': '895e491aadf27fca-IAD', 'alt-svc': 'h3=":443"; ma=86400'} 
 body={"results":[{"gender":"male","name":{"title":"Mr","first":"Youssri","last":"Van Cuijk"},"location":{"street":{"number":8215,"name":"Hunenoord"},"city":"Meerveld","state":"Overijssel","country":"Netherlands","postcode":"9332 UL","coordinates":{"latitude":"33.1800","longitude":"-134.8183"},"timezone":{"offset":"+4:00","description":"Abu Dhabi, Muscat, Baku, Tbilisi"}},"email":"youssri.vancuijk@example.com","login":{"uuid":"fb9dc8bf-1cf1-43f2-85ec-52e47ecceedf","username":"whitepeacock413","password":"escape","salt":"fW0fl0jp","md5":"8e767429a9746456ff7dc4a392668985","sha1":"15907758f411143aa96f6156f54a99257166d8a1","sha256":"359f409ec26b878010ddd9b0978d2b821f7ca0080b2420fdbe13aa8988ec59b0"},"dob":{"date":"1955-04-13T10:05:17.635Z","age":69},"registered":{"date":"2020-10-15T20:20:07.502Z","age":3},"phone":"(0781) 335347","cell":"(06) 40139961","id":{"name":"BSN","value":"77045808"},"picture":{"large":"https://randomuser.me/api/portraits/men/29.jpg","medium":"https://randomuser.me/api/portraits/med/men/29.jpg","thumbnail":"https://randomuser.me/api/portraits/thumb/men/29.jpg"},"nat":"NL"}],"info":{"seed":"5348c42be684c605","results":1,"page":1,"version":"1.4"}} 
 </msg>
<msg time="2024-06-18T21:13:50.540447" level="INFO">/opt/hostedtoolcache/Python/3.12.4/x64/lib/python3.12/site-packages/urllib3/connectionpool.py:1099: InsecureRequestWarning: Unverified HTTPS request is being made to host 'randomuser.me'. Adding certificate verification is strongly advised. See: https://urllib3.readthedocs.io/en/latest/advanced-usage.html#tls-warnings
  warnings.warn(</msg>
<msg time="2024-06-18T21:13:50.540607" level="INFO">${response} = &lt;Response [200]&gt;</msg>
<var>${response}</var>
<arg>consultarAPI</arg>
<arg>/api</arg>
<doc>Sends a GET request on a previously created HTTP Session.</doc>
<status status="PASS" start="2024-06-18T21:13:50.358594" elapsed="0.182054"/>
</kw>
<kw name="Should Be Equal As Numbers" owner="BuiltIn">
<msg time="2024-06-18T21:13:50.541679" level="INFO">Argument types are:
&lt;class 'int'&gt;
&lt;class 'str'&gt;</msg>
<arg>${response.status_code}</arg>
<arg>200</arg>
<doc>Fails if objects are unequal after converting them to real numbers.</doc>
<status status="PASS" start="2024-06-18T21:13:50.541210" elapsed="0.000539"/>
</kw>
<kw name="Log" owner="BuiltIn">
<msg time="2024-06-18T21:13:50.542494" level="INFO">200</msg>
<arg>${response.status_code}</arg>
<doc>Logs the given message with the given level.</doc>
<status status="PASS" start="2024-06-18T21:13:50.542124" elapsed="0.000412"/>
</kw>
<kw name="Set Variable" owner="BuiltIn">
<msg time="2024-06-18T21:13:50.543289" level="INFO">${json_data} = {'results': [{'gender': 'male', 'name': {'title': 'Mr', 'first': 'Youssri', 'last': 'Van Cuijk'}, 'location': {'street': {'number': 8215, 'name': 'Hunenoord'}, 'city': 'Meerveld', 'state': 'Overijssel...</msg>
<var>${json_data}</var>
<arg>${response.json()}</arg>
<doc>Returns the given values which can then be assigned to a variables.</doc>
<status status="PASS" start="2024-06-18T21:13:50.542849" elapsed="0.000470"/>
</kw>
<kw name="Dictionary Should Contain Key" owner="Collections">
<arg>${json_data}</arg>
<arg>results</arg>
<doc>Fails if ``key`` is not found from ``dictionary``.</doc>
<status status="PASS" start="2024-06-18T21:13:50.543622" elapsed="0.000172"/>
</kw>
<status status="PASS" start="2024-06-18T21:13:50.358338" elapsed="0.185611"/>
</kw>
<doc>Testa se a API responde corretamente e retorna um objeto JSON válido.</doc>
<tag>testeRequisicaoBasica</tag>
<status status="PASS" start="2024-06-18T21:13:50.357779" elapsed="0.186348"/>
</test>
<test id="s1-s1-t3" name="Validar estrutura de resposta" line="22">
<kw name="Teste de Estrutura de Resposta" owner="random-user-service">
<kw name="GET On Session" owner="RequestsLibrary">
<msg time="2024-06-18T21:13:50.639602" level="INFO">GET Request : url=https://randomuser.me/api 
 path_url=/api 
 headers={'User-Agent': 'python-requests/2.32.3', 'Accept-Encoding': 'gzip, deflate', 'Accept': '*/*', 'Connection': 'keep-alive'} 
 body=None 
 </msg>
<msg time="2024-06-18T21:13:50.639692" level="INFO">GET Response : url=https://randomuser.me/api 
 status=200, reason=OK 
 headers={'Date': 'Tue, 18 Jun 2024 21:13:50 GMT', 'Content-Type': 'application/json; charset=utf-8', 'Transfer-Encoding': 'chunked', 'Connection': 'keep-alive', 'X-Powered-By': 'Express', 'Access-Control-Allow-Origin': '*', 'Cache-Control': 'no-cache', 'ETag': 'W/"48a-89B5zBwREUfCt2Qkhz7WmzXITCg"', 'Vary': 'Accept-Encoding', 'Content-Encoding': 'gzip', 'CF-Cache-Status': 'DYNAMIC', 'Report-To': '{"endpoints":[{"url":"https:\\/\\/a.nel.cloudflare.com\\/report\\/v4?s=w%2ByRja2qEigHuBK67wq%2BWwL1pAQJbq3kokSDSsd7IfOD3fBMNIzwJ17XuyAMuZqthOMfWFg04kCzYLK0MJwZQHJUbdGnLSFV%2B%2FR4ICaq06CI7cYngv2%2FK90%2Fgg7yRLsE"}],"group":"cf-nel","max_age":604800}', 'NEL': '{"success_fraction":0,"report_to":"cf-nel","max_age":604800}', 'Server': 'cloudflare', 'CF-RAY': '895e491aee537fca-IAD', 'alt-svc': 'h3=":443"; ma=86400'} 
 body={"results":[{"gender":"male","name":{"title":"Mr","first":"Efe","last":"Tokatlıoğlu"},"location":{"street":{"number":2782,"name":"Necatibey Cd"},"city":"Malatya","state":"Kastamonu","country":"Turkey","postcode":54041,"coordinates":{"latitude":"68.0770","longitude":"-46.3698"},"timezone":{"offset":"+10:00","description":"Eastern Australia, Guam, Vladivostok"}},"email":"efe.tokatlioglu@example.com","login":{"uuid":"4cf48877-25be-4a8a-b02a-fec31172767d","username":"blackostrich992","password":"66666","salt":"jvT4OGOD","md5":"974813c4b3ba1870d683fc52bc88d28f","sha1":"8e677f26b2380e9947dd7d375d5220887ffad438","sha256":"e8af468fedf3e60f446236affe26036bbd53004fecb5b81e05f9bc7a853d2f8a"},"dob":{"date":"1997-09-22T12:31:28.161Z","age":26},"registered":{"date":"2018-01-08T03:29:25.626Z","age":6},"phone":"(004)-144-4821","cell":"(295)-177-2773","id":{"name":"","value":null},"picture":{"large":"https://randomuser.me/api/portraits/men/23.jpg","medium":"https://randomuser.me/api/portraits/med/men/23.jpg","thumbnail":"https://randomuser.me/api/portraits/thumb/men/23.jpg"},"nat":"TR"}],"info":{"seed":"f47191c00c3afc75","results":1,"page":1,"version":"1.4"}} 
 </msg>
<msg time="2024-06-18T21:13:50.639838" level="INFO">/opt/hostedtoolcache/Python/3.12.4/x64/lib/python3.12/site-packages/urllib3/connectionpool.py:1099: InsecureRequestWarning: Unverified HTTPS request is being made to host 'randomuser.me'. Adding certificate verification is strongly advised. See: https://urllib3.readthedocs.io/en/latest/advanced-usage.html#tls-warnings
  warnings.warn(</msg>
<msg time="2024-06-18T21:13:50.639981" level="INFO">${response} = &lt;Response [200]&gt;</msg>
<var>${response}</var>
<arg>consultarAPI</arg>
<arg>/api</arg>
<doc>Sends a GET request on a previously created HTTP Session.</doc>
<status status="PASS" start="2024-06-18T21:13:50.547061" elapsed="0.092974"/>
</kw>
<kw name="Set Variable" owner="BuiltIn">
<msg time="2024-06-18T21:13:50.640893" level="INFO">${json_data} = {'results': [{'gender': 'male', 'name': {'title': 'Mr', 'first': 'Efe', 'last': 'Tokatlıoğlu'}, 'location': {'street': {'number': 2782, 'name': 'Necatibey Cd'}, 'city': 'Malatya', 'state': 'Kastamonu'...</msg>
<var>${json_data}</var>
<arg>${response.json()}</arg>
<doc>Returns the given values which can then be assigned to a variables.</doc>
<status status="PASS" start="2024-06-18T21:13:50.640425" elapsed="0.000499"/>
</kw>
<kw name="Log" owner="BuiltIn">
<msg time="2024-06-18T21:13:50.641452" level="INFO">{'results': [{'gender': 'male', 'name': {'title': 'Mr', 'first': 'Efe', 'last': 'Tokatlıoğlu'}, 'location': {'street': {'number': 2782, 'name': 'Necatibey Cd'}, 'city': 'Malatya', 'state': 'Kastamonu', 'country': 'Turkey', 'postcode': 54041, 'coordinates': {'latitude': '68.0770', 'longitude': '-46.3698'}, 'timezone': {'offset': '+10:00', 'description': 'Eastern Australia, Guam, Vladivostok'}}, 'email': 'efe.tokatlioglu@example.com', 'login': {'uuid': '4cf48877-25be-4a8a-b02a-fec31172767d', 'username': 'blackostrich992', 'password': '66666', 'salt': 'jvT4OGOD', 'md5': '974813c4b3ba1870d683fc52bc88d28f', 'sha1': '8e677f26b2380e9947dd7d375d5220887ffad438', 'sha256': 'e8af468fedf3e60f446236affe26036bbd53004fecb5b81e05f9bc7a853d2f8a'}, 'dob': {'date': '1997-09-22T12:31:28.161Z', 'age': 26}, 'registered': {'date': '2018-01-08T03:29:25.626Z', 'age': 6}, 'phone': '(004)-144-4821', 'cell': '(295)-177-2773', 'id': {'name': '', 'value': None}, 'picture': {'large': 'https://randomuser.me/api/portraits/men/23.jpg', 'medium': 'https://randomuser.me/api/portraits/med/men/23.jpg', 'thumbnail': 'https://randomuser.me/api/portraits/thumb/men/23.jpg'}, 'nat': 'TR'}], 'info': {'seed': 'f47191c00c3afc75', 'results': 1, 'page': 1, 'version': '1.4'}}</msg>
<arg>${json_data}</arg>
<doc>Logs the given message with the given level.</doc>
<status status="PASS" start="2024-06-18T21:13:50.641291" elapsed="0.000211"/>
</kw>
<kw name="Dictionary Should Contain Key" owner="Collections">
<arg>${json_data}</arg>
<arg>results</arg>
<doc>Fails if ``key`` is not found from ``dictionary``.</doc>
<status status="PASS" start="2024-06-18T21:13:50.641792" elapsed="0.000153"/>
</kw>
<kw name="Should Not Be Empty" owner="BuiltIn">
<msg time="2024-06-18T21:13:50.642248" level="INFO">Length is 2.</msg>
<arg>${json_data}</arg>
<doc>Verifies that the given item is not empty.</doc>
<status status="PASS" start="2024-06-18T21:13:50.642126" elapsed="0.000160"/>
</kw>
<kw name="Create List" owner="BuiltIn">
<msg time="2024-06-18T21:13:50.642717" level="INFO">${expected_keys} = ['gender', 'name', 'location', 'email', 'login']</msg>
<var>${expected_keys}</var>
<arg>gender</arg>
<arg>name</arg>
<arg>location</arg>
<arg>email</arg>
<arg>login</arg>
<doc>Returns a list containing given items.</doc>
<status status="PASS" start="2024-06-18T21:13:50.642572" elapsed="0.000168"/>
</kw>
<for flavor="IN">
<iter>
<kw name="Dictionary Should Contain Key" owner="Collections">
<arg>${json_data['results'][0]}</arg>
<arg>${key}</arg>
<doc>Fails if ``key`` is not found from ``dictionary``.</doc>
<status status="PASS" start="2024-06-18T21:13:50.643308" elapsed="0.000414"/>
</kw>
<kw name="Log" owner="BuiltIn">
<msg time="2024-06-18T21:13:50.644268" level="INFO">{'gender': 'male', 'name': {'title': 'Mr', 'first': 'Efe', 'last': 'Tokatlıoğlu'}, 'location': {'street': {'number': 2782, 'name': 'Necatibey Cd'}, 'city': 'Malatya', 'state': 'Kastamonu', 'country': 'Turkey', 'postcode': 54041, 'coordinates': {'latitude': '68.0770', 'longitude': '-46.3698'}, 'timezone': {'offset': '+10:00', 'description': 'Eastern Australia, Guam, Vladivostok'}}, 'email': 'efe.tokatlioglu@example.com', 'login': {'uuid': '4cf48877-25be-4a8a-b02a-fec31172767d', 'username': 'blackostrich992', 'password': '66666', 'salt': 'jvT4OGOD', 'md5': '974813c4b3ba1870d683fc52bc88d28f', 'sha1': '8e677f26b2380e9947dd7d375d5220887ffad438', 'sha256': 'e8af468fedf3e60f446236affe26036bbd53004fecb5b81e05f9bc7a853d2f8a'}, 'dob': {'date': '1997-09-22T12:31:28.161Z', 'age': 26}, 'registered': {'date': '2018-01-08T03:29:25.626Z', 'age': 6}, 'phone': '(004)-144-4821', 'cell': '(295)-177-2773', 'id': {'name': '', 'value': None}, 'picture': {'large': 'https://randomuser.me/api/portraits/men/23.jpg', 'medium': 'https://randomuser.me/api/portraits/med/men/23.jpg', 'thumbnail': 'https://randomuser.me/api/portraits/thumb/men/23.jpg'}, 'nat': 'TR'}</msg>
<arg>${json_data['results'][0]}</arg>
<doc>Logs the given message with the given level.</doc>
<status status="PASS" start="2024-06-18T21:13:50.643908" elapsed="0.000414"/>
</kw>
<kw name="Log" owner="BuiltIn">
<msg time="2024-06-18T21:13:50.644776" level="INFO">gender</msg>
<arg>${key}</arg>
<doc>Logs the given message with the given level.</doc>
<status status="PASS" start="2024-06-18T21:13:50.644623" elapsed="0.000190"/>
</kw>
<var name="${key}">gender</var>
<status status="PASS" start="2024-06-18T21:13:50.643185" elapsed="0.001867"/>
</iter>
<iter>
<kw name="Dictionary Should Contain Key" owner="Collections">
<arg>${json_data['results'][0]}</arg>
<arg>${key}</arg>
<doc>Fails if ``key`` is not found from ``dictionary``.</doc>
<status status="PASS" start="2024-06-18T21:13:50.645352" elapsed="0.000398"/>
</kw>
<kw name="Log" owner="BuiltIn">
<msg time="2024-06-18T21:13:50.646290" level="INFO">{'gender': 'male', 'name': {'title': 'Mr', 'first': 'Efe', 'last': 'Tokatlıoğlu'}, 'location': {'street': {'number': 2782, 'name': 'Necatibey Cd'}, 'city': 'Malatya', 'state': 'Kastamonu', 'country': 'Turkey', 'postcode': 54041, 'coordinates': {'latitude': '68.0770', 'longitude': '-46.3698'}, 'timezone': {'offset': '+10:00', 'description': 'Eastern Australia, Guam, Vladivostok'}}, 'email': 'efe.tokatlioglu@example.com', 'login': {'uuid': '4cf48877-25be-4a8a-b02a-fec31172767d', 'username': 'blackostrich992', 'password': '66666', 'salt': 'jvT4OGOD', 'md5': '974813c4b3ba1870d683fc52bc88d28f', 'sha1': '8e677f26b2380e9947dd7d375d5220887ffad438', 'sha256': 'e8af468fedf3e60f446236affe26036bbd53004fecb5b81e05f9bc7a853d2f8a'}, 'dob': {'date': '1997-09-22T12:31:28.161Z', 'age': 26}, 'registered': {'date': '2018-01-08T03:29:25.626Z', 'age': 6}, 'phone': '(004)-144-4821', 'cell': '(295)-177-2773', 'id': {'name': '', 'value': None}, 'picture': {'large': 'https://randomuser.me/api/portraits/men/23.jpg', 'medium': 'https://randomuser.me/api/portraits/med/men/23.jpg', 'thumbnail': 'https://randomuser.me/api/portraits/thumb/men/23.jpg'}, 'nat': 'TR'}</msg>
<arg>${json_data['results'][0]}</arg>
<doc>Logs the given message with the given level.</doc>
<status status="PASS" start="2024-06-18T21:13:50.645936" elapsed="0.000443"/>
</kw>
<kw name="Log" owner="BuiltIn">
<msg time="2024-06-18T21:13:50.646809" level="INFO">name</msg>
<arg>${key}</arg>
<doc>Logs the given message with the given level.</doc>
<status status="PASS" start="2024-06-18T21:13:50.646681" elapsed="0.000166"/>
</kw>
<var name="${key}">name</var>
<status status="PASS" start="2024-06-18T21:13:50.645242" elapsed="0.001826"/>
</iter>
<iter>
<kw name="Dictionary Should Contain Key" owner="Collections">
<arg>${json_data['results'][0]}</arg>
<arg>${key}</arg>
<doc>Fails if ``key`` is not found from ``dictionary``.</doc>
<status status="PASS" start="2024-06-18T21:13:50.647355" elapsed="0.000383"/>
</kw>
<kw name="Log" owner="BuiltIn">
<msg time="2024-06-18T21:13:50.648269" level="INFO">{'gender': 'male', 'name': {'title': 'Mr', 'first': 'Efe', 'last': 'Tokatlıoğlu'}, 'location': {'street': {'number': 2782, 'name': 'Necatibey Cd'}, 'city': 'Malatya', 'state': 'Kastamonu', 'country': 'Turkey', 'postcode': 54041, 'coordinates': {'latitude': '68.0770', 'longitude': '-46.3698'}, 'timezone': {'offset': '+10:00', 'description': 'Eastern Australia, Guam, Vladivostok'}}, 'email': 'efe.tokatlioglu@example.com', 'login': {'uuid': '4cf48877-25be-4a8a-b02a-fec31172767d', 'username': 'blackostrich992', 'password': '66666', 'salt': 'jvT4OGOD', 'md5': '974813c4b3ba1870d683fc52bc88d28f', 'sha1': '8e677f26b2380e9947dd7d375d5220887ffad438', 'sha256': 'e8af468fedf3e60f446236affe26036bbd53004fecb5b81e05f9bc7a853d2f8a'}, 'dob': {'date': '1997-09-22T12:31:28.161Z', 'age': 26}, 'registered': {'date': '2018-01-08T03:29:25.626Z', 'age': 6}, 'phone': '(004)-144-4821', 'cell': '(295)-177-2773', 'id': {'name': '', 'value': None}, 'picture': {'large': 'https://randomuser.me/api/portraits/men/23.jpg', 'medium': 'https://randomuser.me/api/portraits/med/men/23.jpg', 'thumbnail': 'https://randomuser.me/api/portraits/thumb/men/23.jpg'}, 'nat': 'TR'}</msg>
<arg>${json_data['results'][0]}</arg>
<doc>Logs the given message with the given level.</doc>
<status status="PASS" start="2024-06-18T21:13:50.647920" elapsed="0.000400"/>
</kw>
<kw name="Log" owner="BuiltIn">
<msg time="2024-06-18T21:13:50.648739" level="INFO">location</msg>
<arg>${key}</arg>
<doc>Logs the given message with the given level.</doc>
<status status="PASS" start="2024-06-18T21:13:50.648612" elapsed="0.000164"/>
</kw>
<var name="${key}">location</var>
<status status="PASS" start="2024-06-18T21:13:50.647247" elapsed="0.001746"/>
</iter>
<iter>
<kw name="Dictionary Should Contain Key" owner="Collections">
<arg>${json_data['results'][0]}</arg>
<arg>${key}</arg>
<doc>Fails if ``key`` is not found from ``dictionary``.</doc>
<status status="PASS" start="2024-06-18T21:13:50.649319" elapsed="0.000385"/>
</kw>
<kw name="Log" owner="BuiltIn">
<msg time="2024-06-18T21:13:50.650251" level="INFO">{'gender': 'male', 'name': {'title': 'Mr', 'first': 'Efe', 'last': 'Tokatlıoğlu'}, 'location': {'street': {'number': 2782, 'name': 'Necatibey Cd'}, 'city': 'Malatya', 'state': 'Kastamonu', 'country': 'Turkey', 'postcode': 54041, 'coordinates': {'latitude': '68.0770', 'longitude': '-46.3698'}, 'timezone': {'offset': '+10:00', 'description': 'Eastern Australia, Guam, Vladivostok'}}, 'email': 'efe.tokatlioglu@example.com', 'login': {'uuid': '4cf48877-25be-4a8a-b02a-fec31172767d', 'username': 'blackostrich992', 'password': '66666', 'salt': 'jvT4OGOD', 'md5': '974813c4b3ba1870d683fc52bc88d28f', 'sha1': '8e677f26b2380e9947dd7d375d5220887ffad438', 'sha256': 'e8af468fedf3e60f446236affe26036bbd53004fecb5b81e05f9bc7a853d2f8a'}, 'dob': {'date': '1997-09-22T12:31:28.161Z', 'age': 26}, 'registered': {'date': '2018-01-08T03:29:25.626Z', 'age': 6}, 'phone': '(004)-144-4821', 'cell': '(295)-177-2773', 'id': {'name': '', 'value': None}, 'picture': {'large': 'https://randomuser.me/api/portraits/men/23.jpg', 'medium': 'https://randomuser.me/api/portraits/med/men/23.jpg', 'thumbnail': 'https://randomuser.me/api/portraits/thumb/men/23.jpg'}, 'nat': 'TR'}</msg>
<arg>${json_data['results'][0]}</arg>
<doc>Logs the given message with the given level.</doc>
<status status="PASS" start="2024-06-18T21:13:50.649891" elapsed="0.000412"/>
</kw>
<kw name="Log" owner="BuiltIn">
<msg time="2024-06-18T21:13:50.650741" level="INFO">email</msg>
<arg>${key}</arg>
<doc>Logs the given message with the given level.</doc>
<status status="PASS" start="2024-06-18T21:13:50.650613" elapsed="0.000166"/>
</kw>
<var name="${key}">email</var>
<status status="PASS" start="2024-06-18T21:13:50.649208" elapsed="0.001785"/>
</iter>
<iter>
<kw name="Dictionary Should Contain Key" owner="Collections">
<arg>${json_data['results'][0]}</arg>
<arg>${key}</arg>
<doc>Fails if ``key`` is not found from ``dictionary``.</doc>
<status status="PASS" start="2024-06-18T21:13:50.651275" elapsed="0.000384"/>
</kw>
<kw name="Log" owner="BuiltIn">
<msg time="2024-06-18T21:13:50.652195" level="INFO">{'gender': 'male', 'name': {'title': 'Mr', 'first': 'Efe', 'last': 'Tokatlıoğlu'}, 'location': {'street': {'number': 2782, 'name': 'Necatibey Cd'}, 'city': 'Malatya', 'state': 'Kastamonu', 'country': 'Turkey', 'postcode': 54041, 'coordinates': {'latitude': '68.0770', 'longitude': '-46.3698'}, 'timezone': {'offset': '+10:00', 'description': 'Eastern Australia, Guam, Vladivostok'}}, 'email': 'efe.tokatlioglu@example.com', 'login': {'uuid': '4cf48877-25be-4a8a-b02a-fec31172767d', 'username': 'blackostrich992', 'password': '66666', 'salt': 'jvT4OGOD', 'md5': '974813c4b3ba1870d683fc52bc88d28f', 'sha1': '8e677f26b2380e9947dd7d375d5220887ffad438', 'sha256': 'e8af468fedf3e60f446236affe26036bbd53004fecb5b81e05f9bc7a853d2f8a'}, 'dob': {'date': '1997-09-22T12:31:28.161Z', 'age': 26}, 'registered': {'date': '2018-01-08T03:29:25.626Z', 'age': 6}, 'phone': '(004)-144-4821', 'cell': '(295)-177-2773', 'id': {'name': '', 'value': None}, 'picture': {'large': 'https://randomuser.me/api/portraits/men/23.jpg', 'medium': 'https://randomuser.me/api/portraits/med/men/23.jpg', 'thumbnail': 'https://randomuser.me/api/portraits/thumb/men/23.jpg'}, 'nat': 'TR'}</msg>
<arg>${json_data['results'][0]}</arg>
<doc>Logs the given message with the given level.</doc>
<status status="PASS" start="2024-06-18T21:13:50.651842" elapsed="0.000404"/>
</kw>
<kw name="Log" owner="BuiltIn">
<msg time="2024-06-18T21:13:50.652779" level="INFO">login</msg>
<arg>${key}</arg>
<doc>Logs the given message with the given level.</doc>
<status status="PASS" start="2024-06-18T21:13:50.652539" elapsed="0.000278"/>
</kw>
<var name="${key}">login</var>
<status status="PASS" start="2024-06-18T21:13:50.651166" elapsed="0.001894"/>
</iter>
<var>${key}</var>
<value>@{expected_keys}</value>
<status status="PASS" start="2024-06-18T21:13:50.642996" elapsed="0.010187"/>
</for>
<kw name="Create List" owner="BuiltIn">
<msg time="2024-06-18T21:13:50.653505" level="INFO">${expected_keysTwo} = ['username', 'password']</msg>
<var>${expected_keysTwo}</var>
<arg>username</arg>
<arg>password</arg>
<doc>Returns a list containing given items.</doc>
<status status="PASS" start="2024-06-18T21:13:50.653373" elapsed="0.000184"/>
</kw>
<for flavor="IN">
<iter>
<kw name="Dictionary Should Contain Key" owner="Collections">
<arg>${json_data['results'][0]['login']}</arg>
<arg>${keyTwo}</arg>
<doc>Fails if ``key`` is not found from ``dictionary``.</doc>
<status status="PASS" start="2024-06-18T21:13:50.654061" elapsed="0.000387"/>
</kw>
<kw name="Dictionary Should Contain Key" owner="Collections">
<arg>${json_data['results'][0]['login']}</arg>
<arg>${keyTwo}</arg>
<doc>Fails if ``key`` is not found from ``dictionary``.</doc>
<status status="PASS" start="2024-06-18T21:13:50.654626" elapsed="0.000372"/>
</kw>
<kw name="Log" owner="BuiltIn">
<msg time="2024-06-18T21:13:50.655293" level="INFO">username</msg>
<arg>${keyTwo}</arg>
<doc>Logs the given message with the given level.</doc>
<status status="PASS" start="2024-06-18T21:13:50.655175" elapsed="0.000155"/>
</kw>
<var name="${keyTwo}">username</var>
<status status="PASS" start="2024-06-18T21:13:50.653954" elapsed="0.001600"/>
</iter>
<iter>
<kw name="Dictionary Should Contain Key" owner="Collections">
<arg>${json_data['results'][0]['login']}</arg>
<arg>${keyTwo}</arg>
<doc>Fails if ``key`` is not found from ``dictionary``.</doc>
<status status="PASS" start="2024-06-18T21:13:50.655832" elapsed="0.000372"/>
</kw>
<kw name="Dictionary Should Contain Key" owner="Collections">
<arg>${json_data['results'][0]['login']}</arg>
<arg>${keyTwo}</arg>
<doc>Fails if ``key`` is not found from ``dictionary``.</doc>
<status status="PASS" start="2024-06-18T21:13:50.656381" elapsed="0.000374"/>
</kw>
<kw name="Log" owner="BuiltIn">
<msg time="2024-06-18T21:13:50.657089" level="INFO">password</msg>
<arg>${keyTwo}</arg>
<doc>Logs the given message with the given level.</doc>
<status status="PASS" start="2024-06-18T21:13:50.656930" elapsed="0.000198"/>
</kw>
<var name="${keyTwo}">password</var>
<status status="PASS" start="2024-06-18T21:13:50.655725" elapsed="0.001628"/>
</iter>
<var>${keyTwo}</var>
<value>@{expected_keysTwo}</value>
<status status="PASS" start="2024-06-18T21:13:50.653802" elapsed="0.003674"/>
</for>
<status status="PASS" start="2024-06-18T21:13:50.546822" elapsed="0.110797"/>
</kw>
<doc>Testa a estrutura da resposta da API.</doc>
<tag>testeEstruturaResposta</tag>
<status status="PASS" start="2024-06-18T21:13:50.546032" elapsed="0.111741"/>
</test>
<test id="s1-s1-t4" name="Validar tipos de dados" line="28">
<kw name="Teste de Tipos de Dados" owner="random-user-service">
<kw name="GET On Session" owner="RequestsLibrary">
<msg time="2024-06-18T21:13:50.735008" level="INFO">GET Request : url=https://randomuser.me/api 
 path_url=/api 
 headers={'User-Agent': 'python-requests/2.32.3', 'Accept-Encoding': 'gzip, deflate', 'Accept': '*/*', 'Connection': 'keep-alive'} 
 body=None 
 </msg>
<msg time="2024-06-18T21:13:50.735106" level="INFO">GET Response : url=https://randomuser.me/api 
 status=200, reason=OK 
 headers={'Date': 'Tue, 18 Jun 2024 21:13:50 GMT', 'Content-Type': 'application/json; charset=utf-8', 'Transfer-Encoding': 'chunked', 'Connection': 'keep-alive', 'X-Powered-By': 'Express', 'Access-Control-Allow-Origin': '*', 'Cache-Control': 'no-cache', 'ETag': 'W/"47f-vd94rJr7n+FMEY+CZiQjMoFzhZg"', 'Vary': 'Accept-Encoding', 'Content-Encoding': 'gzip', 'CF-Cache-Status': 'DYNAMIC', 'Report-To': '{"endpoints":[{"url":"https:\\/\\/a.nel.cloudflare.com\\/report\\/v4?s=9%2Fhw8%2FAiH08BL2mZf2VIAmDLJaKgOKKuvL635yncxSIHlI1hPsry4NpQtZhnmk9SzLs6RGc0CTkRzCtOH7csDeZi%2B%2F%2BNiOc%2F8DRNCeiOuZAR8pm0fsNNTOmc4ijWCCWs"}],"group":"cf-nel","max_age":604800}', 'NEL': '{"success_fraction":0,"report_to":"cf-nel","max_age":604800}', 'Server': 'cloudflare', 'CF-RAY': '895e491baf317fca-IAD', 'alt-svc': 'h3=":443"; ma=86400'} 
 body={"results":[{"gender":"male","name":{"title":"Mr","first":"Firmo","last":"Silva"},"location":{"street":{"number":4102,"name":"Rua Um"},"city":"Ponta Grossa","state":"Amazonas","country":"Brazil","postcode":70715,"coordinates":{"latitude":"-78.6401","longitude":"-90.5776"},"timezone":{"offset":"+6:00","description":"Almaty, Dhaka, Colombo"}},"email":"firmo.silva@example.com","login":{"uuid":"6ec6ea1a-f04f-4b51-9644-0e55c3bb76a8","username":"crazyfrog145","password":"gillian","salt":"8ds7Rtfv","md5":"f3032de62d61d637ceb1e78331eebe62","sha1":"feb037b3c7e9cade074f33a78cd8d3537bb58b4f","sha256":"6509801c56df26fc328c6e88a5d4d72ff6c7ad5190ab22b9311eb5332db4bea0"},"dob":{"date":"1996-11-22T11:55:02.949Z","age":27},"registered":{"date":"2009-09-13T06:19:27.090Z","age":14},"phone":"(72) 6743-6577","cell":"(46) 3973-7893","id":{"name":"CPF","value":"111.743.132-72"},"picture":{"large":"https://randomuser.me/api/portraits/men/33.jpg","medium":"https://randomuser.me/api/portraits/med/men/33.jpg","thumbnail":"https://randomuser.me/api/portraits/thumb/men/33.jpg"},"nat":"BR"}],"info":{"seed":"77b8a3706e93367e","results":1,"page":1,"version":"1.4"}} 
 </msg>
<msg time="2024-06-18T21:13:50.735179" level="INFO">/opt/hostedtoolcache/Python/3.12.4/x64/lib/python3.12/site-packages/urllib3/connectionpool.py:1099: InsecureRequestWarning: Unverified HTTPS request is being made to host 'randomuser.me'. Adding certificate verification is strongly advised. See: https://urllib3.readthedocs.io/en/latest/advanced-usage.html#tls-warnings
  warnings.warn(</msg>
<msg time="2024-06-18T21:13:50.735318" level="INFO">${response} = &lt;Response [200]&gt;</msg>
<var>${response}</var>
<arg>consultarAPI</arg>
<arg>/api</arg>
<doc>Sends a GET request on a previously created HTTP Session.</doc>
<status status="PASS" start="2024-06-18T21:13:50.660316" elapsed="0.075040"/>
</kw>
<kw name="Set Variable" owner="BuiltIn">
<msg time="2024-06-18T21:13:50.736372" level="INFO">${json_data} = {'results': [{'gender': 'male', 'name': {'title': 'Mr', 'first': 'Firmo', 'last': 'Silva'}, 'location': {'street': {'number': 4102, 'name': 'Rua Um'}, 'city': 'Ponta Grossa', 'state': 'Amazonas', 'cou...</msg>
<var>${json_data}</var>
<arg>${response.json()}</arg>
<doc>Returns the given values which can then be assigned to a variables.</doc>
<status status="PASS" start="2024-06-18T21:13:50.735844" elapsed="0.000556"/>
</kw>
<kw name="Log" owner="BuiltIn">
<msg time="2024-06-18T21:13:50.736896" level="INFO">{'results': [{'gender': 'male', 'name': {'title': 'Mr', 'first': 'Firmo', 'last': 'Silva'}, 'location': {'street': {'number': 4102, 'name': 'Rua Um'}, 'city': 'Ponta Grossa', 'state': 'Amazonas', 'country': 'Brazil', 'postcode': 70715, 'coordinates': {'latitude': '-78.6401', 'longitude': '-90.5776'}, 'timezone': {'offset': '+6:00', 'description': 'Almaty, Dhaka, Colombo'}}, 'email': 'firmo.silva@example.com', 'login': {'uuid': '6ec6ea1a-f04f-4b51-9644-0e55c3bb76a8', 'username': 'crazyfrog145', 'password': 'gillian', 'salt': '8ds7Rtfv', 'md5': 'f3032de62d61d637ceb1e78331eebe62', 'sha1': 'feb037b3c7e9cade074f33a78cd8d3537bb58b4f', 'sha256': '6509801c56df26fc328c6e88a5d4d72ff6c7ad5190ab22b9311eb5332db4bea0'}, 'dob': {'date': '1996-11-22T11:55:02.949Z', 'age': 27}, 'registered': {'date': '2009-09-13T06:19:27.090Z', 'age': 14}, 'phone': '(72) 6743-6577', 'cell': '(46) 3973-7893', 'id': {'name': 'CPF', 'value': '111.743.132-72'}, 'picture': {'large': 'https://randomuser.me/api/portraits/men/33.jpg', 'medium': 'https://randomuser.me/api/portraits/med/men/33.jpg', 'thumbnail': 'https://randomuser.me/api/portraits/thumb/men/33.jpg'}, 'nat': 'BR'}], 'info': {'seed': '77b8a3706e93367e', 'results': 1, 'page': 1, 'version': '1.4'}}</msg>
<arg>${json_data}</arg>
<doc>Logs the given message with the given level.</doc>
<status status="PASS" start="2024-06-18T21:13:50.736735" elapsed="0.000210"/>
</kw>
<kw name="Should Be String" owner="String">
<arg>${json_data['results'][0]['gender']}</arg>
<doc>Fails if the given ``item`` is not a string.</doc>
<status status="PASS" start="2024-06-18T21:13:50.737299" elapsed="0.000380"/>
</kw>
<kw name="Should Match Regexp" owner="BuiltIn">
<arg>${json_data['results'][0]['email']}</arg>
<arg>^[a-zA-Z0-9._%+-]+@[a-zA-Z0-9.-]+\.[a-zA-Z]{2,}$</arg>
<doc>Fails if ``string`` does not match ``pattern`` as a regular expression.</doc>
<status status="PASS" start="2024-06-18T21:13:50.737873" elapsed="0.000524"/>
</kw>
<kw name="Should Match Regexp" owner="BuiltIn">
<arg>${json_data['results'][0]['dob']['date']}</arg>
<arg>\\d{4}-\\d{2}-\\d{2}T\\d{2}:\\d{2}:\\d{2}\\.\\d{3}Z</arg>
<doc>Fails if ``string`` does not match ``pattern`` as a regular expression.</doc>
<status status="PASS" start="2024-06-18T21:13:50.738654" elapsed="0.000515"/>
</kw>
<kw name="Should Match Regexp" owner="BuiltIn">
<arg>${json_data['results'][0]['registered']['date']}</arg>
<arg>\\d{4}-\\d{2}-\\d{2}T\\d{2}:\\d{2}:\\d{2}\\.\\d{3}Z</arg>
<doc>Fails if ``string`` does not match ``pattern`` as a regular expression.</doc>
<status status="PASS" start="2024-06-18T21:13:50.739361" elapsed="0.000370"/>
</kw>
<kw name="Should Match Regexp" owner="BuiltIn">
<arg>${json_data['results'][0]['picture']['large']}</arg>
<arg>^https?://.*\.(?:png|jpe?g|gif|bmp)$</arg>
<doc>Fails if ``string`` does not match ``pattern`` as a regular expression.</doc>
<status status="PASS" start="2024-06-18T21:13:50.739915" elapsed="0.000466"/>
</kw>
<kw name="Should Match Regexp" owner="BuiltIn">
<arg>${json_data['results'][0]['picture']['medium']}</arg>
<arg>^https?://.*\.(?:png|jpe?g|gif|bmp)$</arg>
<doc>Fails if ``string`` does not match ``pattern`` as a regular expression.</doc>
<status status="PASS" start="2024-06-18T21:13:50.740569" elapsed="0.000351"/>
</kw>
<kw name="Should Match Regexp" owner="BuiltIn">
<arg>${json_data['results'][0]['picture']['thumbnail']}</arg>
<arg>^https?://.*\.(?:png|jpe?g|gif|bmp)$</arg>
<doc>Fails if ``string`` does not match ``pattern`` as a regular expression.</doc>
<status status="PASS" start="2024-06-18T21:13:50.741136" elapsed="0.000358"/>
</kw>
<kw name="Log" owner="BuiltIn">
<msg time="2024-06-18T21:13:50.742009" level="INFO">{'large': 'https://randomuser.me/api/portraits/men/33.jpg', 'medium': 'https://randomuser.me/api/portraits/med/men/33.jpg', 'thumbnail': 'https://randomuser.me/api/portraits/thumb/men/33.jpg'}</msg>
<arg>${json_data['results'][0]['picture']}</arg>
<doc>Logs the given message with the given level.</doc>
<status status="PASS" start="2024-06-18T21:13:50.741680" elapsed="0.000372"/>
</kw>
<status status="PASS" start="2024-06-18T21:13:50.660087" elapsed="0.082230"/>
</kw>
<kw name="Teste de Tipos de Dados - Postcode" owner="random-user-service">
<kw name="GET On Session" owner="RequestsLibrary">
<msg time="2024-06-18T21:13:50.836402" level="INFO">GET Request : url=https://randomuser.me/api 
 path_url=/api 
 headers={'User-Agent': 'python-requests/2.32.3', 'Accept-Encoding': 'gzip, deflate', 'Accept': '*/*', 'Connection': 'keep-alive'} 
 body=None 
 </msg>
<msg time="2024-06-18T21:13:50.836491" level="INFO">GET Response : url=https://randomuser.me/api 
 status=200, reason=OK 
 headers={'Date': 'Tue, 18 Jun 2024 21:13:50 GMT', 'Content-Type': 'application/json; charset=utf-8', 'Transfer-Encoding': 'chunked', 'Connection': 'keep-alive', 'X-Powered-By': 'Express', 'Access-Control-Allow-Origin': '*', 'Cache-Control': 'no-cache', 'ETag': 'W/"483-5l11Oexp9E/uRwBoPqmaYIUJ+GA"', 'Vary': 'Accept-Encoding', 'Content-Encoding': 'gzip', 'CF-Cache-Status': 'DYNAMIC', 'Report-To': '{"endpoints":[{"url":"https:\\/\\/a.nel.cloudflare.com\\/report\\/v4?s=0N7bpDRxQrECtcnzDVVJOkOOdGC1InAI71Bh1VZZs6GNQDahmtMMacXmCvKwHvkAdPNWtvUlT1AE9qLhk24ZWp21gMX3M3dX9ot5Verx8SmGANXc5ZM%2BiFWqLdGu5cxR"}],"group":"cf-nel","max_age":604800}', 'NEL': '{"success_fraction":0,"report_to":"cf-nel","max_age":604800}', 'Server': 'cloudflare', 'CF-RAY': '895e491c2fdd7fca-IAD', 'alt-svc': 'h3=":443"; ma=86400'} 
 body={"results":[{"gender":"male","name":{"title":"Mr","first":"Arlo","last":"Thomas"},"location":{"street":{"number":3736,"name":"Riccarton Road"},"city":"Gisborne","state":"Hawke'S Bay","country":"New Zealand","postcode":95607,"coordinates":{"latitude":"47.3484","longitude":"-177.0144"},"timezone":{"offset":"-7:00","description":"Mountain Time (US &amp; Canada)"}},"email":"arlo.thomas@example.com","login":{"uuid":"1b25c24f-a876-4591-ac5b-b1e8e974d3c9","username":"goldenpeacock741","password":"screen","salt":"NFDxvJfN","md5":"82bd1602a5e2caf9b9eee0f1a005e60f","sha1":"fa8f38a58bc07bbdd5f7626dc2350dc328bd68cf","sha256":"8d63d826f509d8f3e4fd93ce4fb8456b075abd654e6c3f66f343cfa10ea04238"},"dob":{"date":"1950-02-11T22:16:37.023Z","age":74},"registered":{"date":"2021-01-18T07:24:24.669Z","age":3},"phone":"(964)-282-7503","cell":"(436)-963-7611","id":{"name":"","value":null},"picture":{"large":"https://randomuser.me/api/portraits/men/51.jpg","medium":"https://randomuser.me/api/portraits/med/men/51.jpg","thumbnail":"https://randomuser.me/api/portraits/thumb/men/51.jpg"},"nat":"NZ"}],"info":{"seed":"c381f0aeb1ea0b57","results":1,"page":1,"version":"1.4"}} 
 </msg>
<msg time="2024-06-18T21:13:50.836579" level="INFO">/opt/hostedtoolcache/Python/3.12.4/x64/lib/python3.12/site-packages/urllib3/connectionpool.py:1099: InsecureRequestWarning: Unverified HTTPS request is being made to host 'randomuser.me'. Adding certificate verification is strongly advised. See: https://urllib3.readthedocs.io/en/latest/advanced-usage.html#tls-warnings
  warnings.warn(</msg>
<msg time="2024-06-18T21:13:50.836712" level="INFO">${response} = &lt;Response [200]&gt;</msg>
<var>${response}</var>
<arg>consultarAPI</arg>
<arg>/api</arg>
<doc>Sends a GET request on a previously created HTTP Session.</doc>
<status status="PASS" start="2024-06-18T21:13:50.742787" elapsed="0.093966"/>
</kw>
<kw name="Set Variable" owner="BuiltIn">
<msg time="2024-06-18T21:13:50.837767" level="INFO">${json_data} = {'results': [{'gender': 'male', 'name': {'title': 'Mr', 'first': 'Arlo', 'last': 'Thomas'}, 'location': {'street': {'number': 3736, 'name': 'Riccarton Road'}, 'city': 'Gisborne', 'state': "Hawke'S Bay...</msg>
<var>${json_data}</var>
<arg>${response.json()}</arg>
<doc>Returns the given values which can then be assigned to a variables.</doc>
<status status="PASS" start="2024-06-18T21:13:50.837263" elapsed="0.000533"/>
</kw>
<kw name="Log" owner="BuiltIn">
<msg time="2024-06-18T21:13:50.838280" level="INFO">{'results': [{'gender': 'male', 'name': {'title': 'Mr', 'first': 'Arlo', 'last': 'Thomas'}, 'location': {'street': {'number': 3736, 'name': 'Riccarton Road'}, 'city': 'Gisborne', 'state': "Hawke'S Bay", 'country': 'New Zealand', 'postcode': 95607, 'coordinates': {'latitude': '47.3484', 'longitude': '-177.0144'}, 'timezone': {'offset': '-7:00', 'description': 'Mountain Time (US &amp; Canada)'}}, 'email': 'arlo.thomas@example.com', 'login': {'uuid': '1b25c24f-a876-4591-ac5b-b1e8e974d3c9', 'username': 'goldenpeacock741', 'password': 'screen', 'salt': 'NFDxvJfN', 'md5': '82bd1602a5e2caf9b9eee0f1a005e60f', 'sha1': 'fa8f38a58bc07bbdd5f7626dc2350dc328bd68cf', 'sha256': '8d63d826f509d8f3e4fd93ce4fb8456b075abd654e6c3f66f343cfa10ea04238'}, 'dob': {'date': '1950-02-11T22:16:37.023Z', 'age': 74}, 'registered': {'date': '2021-01-18T07:24:24.669Z', 'age': 3}, 'phone': '(964)-282-7503', 'cell': '(436)-963-7611', 'id': {'name': '', 'value': None}, 'picture': {'large': 'https://randomuser.me/api/portraits/men/51.jpg', 'medium': 'https://randomuser.me/api/portraits/med/men/51.jpg', 'thumbnail': 'https://randomuser.me/api/portraits/thumb/men/51.jpg'}, 'nat': 'NZ'}], 'info': {'seed': 'c381f0aeb1ea0b57', 'results': 1, 'page': 1, 'version': '1.4'}}</msg>
<arg>${json_data}</arg>
<doc>Logs the given message with the given level.</doc>
<status status="PASS" start="2024-06-18T21:13:50.838124" elapsed="0.000205"/>
</kw>
<kw name="Should Be Equal As Numbers" owner="BuiltIn">
<arg>${json_data['results'][0]['location']['postcode']}</arg>
<arg>${json_data['results'][0]['location']['postcode']}</arg>
<doc>Fails if objects are unequal after converting them to real numbers.</doc>
<status status="PASS" start="2024-06-18T21:13:50.838628" elapsed="0.000633"/>
</kw>
<kw name="Log" owner="BuiltIn">
<msg time="2024-06-18T21:13:50.839782" level="INFO">95607</msg>
<arg>${json_data['results'][0]['location']['postcode']}</arg>
<doc>Logs the given message with the given level.</doc>
<status status="PASS" start="2024-06-18T21:13:50.839451" elapsed="0.000372"/>
</kw>
<status status="PASS" start="2024-06-18T21:13:50.742549" elapsed="0.097558"/>
</kw>
<doc>Testa se os tipos de dados na resposta da API estão corretos.</doc>
<tag>testeTiposDados</tag>
<status status="PASS" start="2024-06-18T21:13:50.659530" elapsed="0.180748"/>
</test>
<test id="s1-s1-t5" name="Validar conteudo" line="35">
<kw name="Teste de Tipos de Conteudo" owner="random-user-service">
<kw name="GET On Session" owner="RequestsLibrary">
<msg time="2024-06-18T21:13:50.948725" level="INFO">GET Request : url=https://randomuser.me/api 
 path_url=/api 
 headers={'User-Agent': 'python-requests/2.32.3', 'Accept-Encoding': 'gzip, deflate', 'Accept': '*/*', 'Connection': 'keep-alive'} 
 body=None 
 </msg>
<msg time="2024-06-18T21:13:50.948800" level="INFO">GET Response : url=https://randomuser.me/api 
 status=200, reason=OK 
 headers={'Date': 'Tue, 18 Jun 2024 21:13:50 GMT', 'Content-Type': 'application/json; charset=utf-8', 'Transfer-Encoding': 'chunked', 'Connection': 'keep-alive', 'X-Powered-By': 'Express', 'Access-Control-Allow-Origin': '*', 'Cache-Control': 'no-cache', 'ETag': 'W/"485-BG09ChRhuC/TIi3Xjvwq7FzPaA0"', 'Vary': 'Accept-Encoding', 'Content-Encoding': 'gzip', 'CF-Cache-Status': 'DYNAMIC', 'Report-To': '{"endpoints":[{"url":"https:\\/\\/a.nel.cloudflare.com\\/report\\/v4?s=8Z1ebQ56rm1vodaQfsVPAE%2Bq62N13%2BpRg1RHjoCvmtbJwuWJoPramfS%2B4gH3u0PAIWXhyUeRw1R2S6ZYuVBjy7uZ%2BypcDeyXR4E%2FC1GE%2FlfLMense5qyxQdtvivihA8%2F"}],"group":"cf-nel","max_age":604800}', 'NEL': '{"success_fraction":0,"report_to":"cf-nel","max_age":604800}', 'Server': 'cloudflare', 'CF-RAY': '895e491cc8a67fca-IAD', 'alt-svc': 'h3=":443"; ma=86400'} 
 body={"results":[{"gender":"male","name":{"title":"Mr","first":"Ekkehart","last":"Mack"},"location":{"street":{"number":5320,"name":"Feldstraße"},"city":"Oestrich-Winkel","state":"Baden-Württemberg","country":"Germany","postcode":99560,"coordinates":{"latitude":"-48.3526","longitude":"-71.4407"},"timezone":{"offset":"+5:45","description":"Kathmandu"}},"email":"ekkehart.mack@example.com","login":{"uuid":"38b84a0f-b89f-48cf-b9ef-58b2fab7ce81","username":"tinyzebra386","password":"monday","salt":"SHM0GW0m","md5":"ea1fe280ac150dea2b5450a79f65e1f2","sha1":"28882840d00e5b45e59efde3e70d63db4d16235f","sha256":"f283869718617f61db2fda1ec4642893c4540e27153f2c37ebd1bb7bb2c52ae9"},"dob":{"date":"1973-02-20T12:07:11.111Z","age":51},"registered":{"date":"2016-07-08T10:17:33.818Z","age":7},"phone":"0966-4795075","cell":"0173-3856596","id":{"name":"SVNR","value":"03 200273 M 283"},"picture":{"large":"https://randomuser.me/api/portraits/men/13.jpg","medium":"https://randomuser.me/api/portraits/med/men/13.jpg","thumbnail":"https://randomuser.me/api/portraits/thumb/men/13.jpg"},"nat":"DE"}],"info":{"seed":"6b38a04988b2761d","results":1,"page":1,"version":"1.4"}} 
 </msg>
<msg time="2024-06-18T21:13:50.948866" level="INFO">/opt/hostedtoolcache/Python/3.12.4/x64/lib/python3.12/site-packages/urllib3/connectionpool.py:1099: InsecureRequestWarning: Unverified HTTPS request is being made to host 'randomuser.me'. Adding certificate verification is strongly advised. See: https://urllib3.readthedocs.io/en/latest/advanced-usage.html#tls-warnings
  warnings.warn(</msg>
<msg time="2024-06-18T21:13:50.948982" level="INFO">${response} = &lt;Response [200]&gt;</msg>
<var>${response}</var>
<arg>consultarAPI</arg>
<arg>/api</arg>
<doc>Sends a GET request on a previously created HTTP Session.</doc>
<status status="PASS" start="2024-06-18T21:13:50.842858" elapsed="0.106199"/>
</kw>
<kw name="Set Variable" owner="BuiltIn">
<msg time="2024-06-18T21:13:50.949950" level="INFO">${json_data} = {'results': [{'gender': 'male', 'name': {'title': 'Mr', 'first': 'Ekkehart', 'last': 'Mack'}, 'location': {'street': {'number': 5320, 'name': 'Feldstraße'}, 'city': 'Oestrich-Winkel', 'state': 'Baden-...</msg>
<var>${json_data}</var>
<arg>${response.json()}</arg>
<doc>Returns the given values which can then be assigned to a variables.</doc>
<status status="PASS" start="2024-06-18T21:13:50.949469" elapsed="0.000513"/>
</kw>
<kw name="Set Variable" owner="BuiltIn">
<msg time="2024-06-18T21:13:50.950656" level="INFO">${name_title} = Mr</msg>
<var>${name_title}</var>
<arg>${json_data["results"][0]["name"]["title"]}</arg>
<doc>Returns the given values which can then be assigned to a variables.</doc>
<status status="PASS" start="2024-06-18T21:13:50.950279" elapsed="0.000403"/>
</kw>
<kw name="Create List" owner="BuiltIn">
<msg time="2024-06-18T21:13:50.951119" level="INFO">${allowed_titles} = ['Mr', 'Ms', 'Miss', 'Mrs', 'Madame', 'Monsieur']</msg>
<var>${allowed_titles}</var>
<arg>Mr</arg>
<arg>Ms</arg>
<arg>Miss</arg>
<arg>Mrs</arg>
<arg>Madame</arg>
<arg>Monsieur</arg>
<doc>Returns a list containing given items.</doc>
<status status="PASS" start="2024-06-18T21:13:50.950974" elapsed="0.000170"/>
</kw>
<kw name="List Should Contain Value" owner="Collections">
<arg>${allowed_titles}</arg>
<arg>${name_title}</arg>
<doc>Fails if the ``value`` is not found from ``list``.</doc>
<status status="PASS" start="2024-06-18T21:13:50.951444" elapsed="0.000176"/>
</kw>
<kw name="Set Variable" owner="BuiltIn">
<msg time="2024-06-18T21:13:50.952171" level="INFO">${name_country} = DE</msg>
<var>${name_country}</var>
<arg>${json_data["results"][0]["nat"]}</arg>
<doc>Returns the given values which can then be assigned to a variables.</doc>
<status status="PASS" start="2024-06-18T21:13:50.951808" elapsed="0.000387"/>
</kw>
<kw name="Create List" owner="BuiltIn">
<msg time="2024-06-18T21:13:50.953117" level="INFO">${list_country} = ['AD', 'AE', 'AF', 'AG', 'AI', 'AL', 'AM', 'AO', 'AQ', 'AR', 'AS', 'AT', 'AU', 'AW', 'AX', 'AZ', 'BA', 'BB', 'BD', 'BE', 'BF', 'BG', 'BH', 'BI', 'BJ', 'BL', 'BM', 'BN', 'BO', 'BQ', 'BR', 'BS', 'BT', '...</msg>
<var>${list_country}</var>
<arg>AD</arg>
<arg>AE</arg>
<arg>AF</arg>
<arg>AG</arg>
<arg>AI</arg>
<arg>AL</arg>
<arg>AM</arg>
<arg>AO</arg>
<arg>AQ</arg>
<arg>AR</arg>
<arg>AS</arg>
<arg>AT</arg>
<arg>AU</arg>
<arg>AW</arg>
<arg>AX</arg>
<arg>AZ</arg>
<arg>BA</arg>
<arg>BB</arg>
<arg>BD</arg>
<arg>BE</arg>
<arg>BF</arg>
<arg>BG</arg>
<arg>BH</arg>
<arg>BI</arg>
<arg>BJ</arg>
<arg>BL</arg>
<arg>BM</arg>
<arg>BN</arg>
<arg>BO</arg>
<arg>BQ</arg>
<arg>BR</arg>
<arg>BS</arg>
<arg>BT</arg>
<arg>BV</arg>
<arg>BW</arg>
<arg>BY</arg>
<arg>BZ</arg>
<arg>CA</arg>
<arg>CC</arg>
<arg>CD</arg>
<arg>CF</arg>
<arg>CG</arg>
<arg>CH</arg>
<arg>CI</arg>
<arg>CK</arg>
<arg>CL</arg>
<arg>CM</arg>
<arg>CN</arg>
<arg>CO</arg>
<arg>CR</arg>
<arg>CU</arg>
<arg>CV</arg>
<arg>CW</arg>
<arg>CX</arg>
<arg>CY</arg>
<arg>CZ</arg>
<arg>DE</arg>
<arg>DJ</arg>
<arg>DK</arg>
<arg>DM</arg>
<arg>DO</arg>
<arg>DZ</arg>
<arg>EC</arg>
<arg>EE</arg>
<arg>EG</arg>
<arg>EH</arg>
<arg>ER</arg>
<arg>ES</arg>
<arg>ET</arg>
<arg>FI</arg>
<arg>FJ</arg>
<arg>FK</arg>
<arg>FM</arg>
<arg>FO</arg>
<arg>FR</arg>
<arg>GA</arg>
<arg>GB</arg>
<arg>GD</arg>
<arg>GE</arg>
<arg>GF</arg>
<arg>GG</arg>
<arg>GH</arg>
<arg>GI</arg>
<arg>GL</arg>
<arg>GM</arg>
<arg>GN</arg>
<arg>GP</arg>
<arg>GQ</arg>
<arg>GR</arg>
<arg>GS</arg>
<arg>GT</arg>
<arg>GU</arg>
<arg>GW</arg>
<arg>GY</arg>
<arg>HK</arg>
<arg>HM</arg>
<arg>HN</arg>
<arg>HR</arg>
<arg>HT</arg>
<arg>HU</arg>
<arg>ID</arg>
<arg>IE</arg>
<arg>IL</arg>
<arg>IM</arg>
<arg>IN</arg>
<arg>IO</arg>
<arg>IQ</arg>
<arg>IR</arg>
<arg>IS</arg>
<arg>IT</arg>
<arg>JE</arg>
<arg>JM</arg>
<arg>JO</arg>
<arg>JP</arg>
<arg>KE</arg>
<arg>KG</arg>
<arg>KH</arg>
<arg>KI</arg>
<arg>KM</arg>
<arg>KN</arg>
<arg>KP</arg>
<arg>KR</arg>
<arg>KW</arg>
<arg>KY</arg>
<arg>KZ</arg>
<arg>LA</arg>
<arg>LB</arg>
<arg>LC</arg>
<arg>LI</arg>
<arg>LK</arg>
<arg>LR</arg>
<arg>LS</arg>
<arg>LT</arg>
<arg>LU</arg>
<arg>LV</arg>
<arg>LY</arg>
<arg>MA</arg>
<arg>MC</arg>
<arg>MD</arg>
<arg>ME</arg>
<arg>MF</arg>
<arg>MG</arg>
<arg>MH</arg>
<arg>MK</arg>
<arg>ML</arg>
<arg>MM</arg>
<arg>MN</arg>
<arg>MO</arg>
<arg>MP</arg>
<arg>MQ</arg>
<arg>MR</arg>
<arg>MS</arg>
<arg>MT</arg>
<arg>MU</arg>
<arg>MV</arg>
<arg>MW</arg>
<arg>MX</arg>
<arg>MY</arg>
<arg>MZ</arg>
<arg>NA</arg>
<arg>NC</arg>
<arg>NE</arg>
<arg>NF</arg>
<arg>NG</arg>
<arg>NI</arg>
<arg>NL</arg>
<arg>NO</arg>
<arg>NP</arg>
<arg>NR</arg>
<arg>NU</arg>
<arg>NZ</arg>
<arg>OM</arg>
<arg>PA</arg>
<arg>PE</arg>
<arg>PF</arg>
<arg>PG</arg>
<arg>PH</arg>
<arg>PK</arg>
<arg>PL</arg>
<arg>PM</arg>
<arg>PN</arg>
<arg>PR</arg>
<arg>PS</arg>
<arg>PT</arg>
<arg>PW</arg>
<arg>PY</arg>
<arg>QA</arg>
<arg>RE</arg>
<arg>RO</arg>
<arg>RS</arg>
<arg>RU</arg>
<arg>RW</arg>
<arg>SA</arg>
<arg>SB</arg>
<arg>SC</arg>
<arg>SD</arg>
<arg>SE</arg>
<arg>SG</arg>
<arg>SH</arg>
<arg>SI</arg>
<arg>SJ</arg>
<arg>SK</arg>
<arg>SL</arg>
<arg>SM</arg>
<arg>SN</arg>
<arg>SO</arg>
<arg>SR</arg>
<arg>SS</arg>
<arg>ST</arg>
<arg>SV</arg>
<arg>SX</arg>
<arg>SY</arg>
<arg>SZ</arg>
<arg>TC</arg>
<arg>TD</arg>
<arg>TF</arg>
<arg>TG</arg>
<arg>TH</arg>
<arg>TJ</arg>
<arg>TK</arg>
<arg>TL</arg>
<arg>TM</arg>
<arg>TN</arg>
<arg>TO</arg>
<arg>TR</arg>
<arg>TT</arg>
<arg>TV</arg>
<arg>TW</arg>
<arg>TZ</arg>
<arg>UA</arg>
<arg>UG</arg>
<arg>UM</arg>
<arg>US</arg>
<arg>UY</arg>
<arg>UZ</arg>
<arg>VA</arg>
<arg>VC</arg>
<arg>VE</arg>
<arg>VG</arg>
<arg>VI</arg>
<arg>VN</arg>
<arg>VU</arg>
<arg>WF</arg>
<arg>WS</arg>
<arg>XK</arg>
<arg>YE</arg>
<arg>YT</arg>
<arg>ZA</arg>
<arg>ZM</arg>
<arg>ZW</arg>
<doc>Returns a list containing given items.</doc>
<status status="PASS" start="2024-06-18T21:13:50.952482" elapsed="0.000663"/>
</kw>
<kw name="List Should Contain Value" owner="Collections">
<arg>${list_country}</arg>
<arg>${name_country}</arg>
<doc>Fails if the ``value`` is not found from ``list``.</doc>
<status status="PASS" start="2024-06-18T21:13:50.953937" elapsed="0.000202"/>
</kw>
<kw name="Run Keyword If" owner="BuiltIn">
<kw name="Should Be True" owner="BuiltIn">
<arg>${True}</arg>
<doc>Fails if the given condition is not true.</doc>
<status status="PASS" start="2024-06-18T21:13:50.955196" elapsed="0.000141"/>
</kw>
<arg>${json_data["results"][0]["location"]["coordinates"]["latitude"]} &gt;= -90 and ${json_data["results"][0]["location"]["coordinates"]["latitude"]} &lt;= 90</arg>
<arg>Should Be True</arg>
<arg>${True}</arg>
<doc>Runs the given keyword with the given arguments, if ``condition`` is true.</doc>
<status status="PASS" start="2024-06-18T21:13:50.954337" elapsed="0.001124"/>
</kw>
<kw name="Run Keyword If" owner="BuiltIn">
<kw name="Should Be True" owner="BuiltIn">
<arg>${True}</arg>
<doc>Fails if the given condition is not true.</doc>
<status status="PASS" start="2024-06-18T21:13:50.956328" elapsed="0.000135"/>
</kw>
<arg>${json_data["results"][0]["location"]["coordinates"]["longitude"]} &gt;= -180 and ${json_data["results"][0]["location"]["coordinates"]["longitude"]} &lt;= 180</arg>
<arg>Should Be True</arg>
<arg>${True}</arg>
<doc>Runs the given keyword with the given arguments, if ``condition`` is true.</doc>
<status status="PASS" start="2024-06-18T21:13:50.955642" elapsed="0.000943"/>
</kw>
<status status="PASS" start="2024-06-18T21:13:50.842629" elapsed="0.114087"/>
</kw>
<doc>Testa o conteúdo específico dos campos retornados pela API.</doc>
<tag>testeConteudo</tag>
<status status="PASS" start="2024-06-18T21:13:50.842084" elapsed="0.114776"/>
</test>
<status status="PASS" start="2024-06-18T21:13:50.010875" elapsed="0.947970"/>
</suite>
<status status="PASS" start="2024-06-18T21:13:49.995947" elapsed="0.968086"/>
</suite>
<statistics>
<total>
<stat pass="5" fail="0" skip="0">All Tests</stat>
</total>
<tag>
<stat pass="1" fail="0" skip="0">testeConteudo</stat>
<stat pass="1" fail="0" skip="0">testeEstruturaResposta</stat>
<stat pass="1" fail="0" skip="0">testeRequisicaoBasica</stat>
<stat pass="1" fail="0" skip="0">testeTiposDados</stat>
</tag>
<suite>
<stat pass="5" fail="0" skip="0" id="s1" name="Tests">Tests</stat>
<stat pass="5" fail="0" skip="0" id="s1-s1" name="Random-User-Test">Tests.Random-User-Test</stat>
</suite>
</statistics>
<errors>
</errors>
</robot>
