<?xml version="1.0" encoding="UTF-8"?>
<robot generator="Robot 7.0 (Python 3.12.3 on linux)" generated="2024-05-11T16:16:55.824102" rpa="false" schemaversion="5">
<suite id="s1" name="Tests" source="/home/runner/work/DesafioQAItauRogerioJordao/DesafioQAItauRogerioJordao/RamdonUser/tests">
<suite id="s1-s1" name="Random-User-Test" source="/home/runner/work/DesafioQAItauRogerioJordao/DesafioQAItauRogerioJordao/RamdonUser/tests/random-user-test.robot">
<test id="s1-s1-t1" name="Conectar" line="13">
<kw name="Conectar API" owner="random-user-service">
<kw name="Create Session" owner="RequestsLibrary">
<msg time="2024-05-11T16:16:56.180854" level="INFO">Creating Session using : alias=consultarAPI, url=https://randomuser.me/, headers={},                     cookies={}, auth=None, timeout=None, proxies=None, verify=False,                     debug=0 </msg>
<arg>consultarAPI</arg>
<arg>${URL}</arg>
<doc>Create Session: create a HTTP session to a server</doc>
<status status="PASS" start="2024-05-11T16:16:56.180666" elapsed="0.000354"/>
</kw>
<status status="PASS" start="2024-05-11T16:16:56.179738" elapsed="0.001620"/>
</kw>
<status status="PASS" start="2024-05-11T16:16:56.179170" elapsed="0.002378"/>
</test>
<test id="s1-s1-t2" name="Validar retorno 200 e JSON Válido" line="16">
<kw name="Teste de Requisicao Basica" owner="random-user-service">
<kw name="GET On Session" owner="RequestsLibrary">
<msg time="2024-05-11T16:17:02.954417" level="INFO">GET Request : url=https://randomuser.me/api 
 path_url=/api 
 headers={'User-Agent': 'python-requests/2.31.0', 'Accept-Encoding': 'gzip, deflate', 'Accept': '*/*', 'Connection': 'keep-alive'} 
 body=None 
 </msg>
<msg time="2024-05-11T16:17:02.954568" level="INFO">GET Response : url=https://randomuser.me/api 
 status=200, reason=OK 
 headers={'Date': 'Sat, 11 May 2024 16:17:02 GMT', 'Content-Type': 'application/json; charset=utf-8', 'Transfer-Encoding': 'chunked', 'Connection': 'keep-alive', 'X-Powered-By': 'Express', 'Access-Control-Allow-Origin': '*', 'Cache-Control': 'no-cache', 'ETag': 'W/"49d-nTG/r4Aw8mciACXAjpYL6V6Ct3I"', 'Vary': 'Accept-Encoding', 'Content-Encoding': 'gzip', 'CF-Cache-Status': 'DYNAMIC', 'Report-To': '{"endpoints":[{"url":"https:\\/\\/a.nel.cloudflare.com\\/report\\/v4?s=75W%2BSrXclh9JdsEmvw0erzoIdiV0wgvoq1hRmYW0Lsz07NKD8%2B6mEyxgqCNvMJfwyWMe7Q8Uc0B%2BsI9lICLvmpDMr%2Fs8IoHkvT%2FLg38ZZEthhq%2BIluqwpczpU8ljnk8i"}],"group":"cf-nel","max_age":604800}', 'NEL': '{"success_fraction":0,"report_to":"cf-nel","max_age":604800}', 'Server': 'cloudflare', 'CF-RAY': '882379f00e805a69-IAD', 'alt-svc': 'h3=":443"; ma=86400'} 
 body={"results":[{"gender":"male","name":{"title":"Mr","first":"Willie","last":"Wood"},"location":{"street":{"number":546,"name":"W Sherman Dr"},"city":"Australian Capital Territory","state":"Victoria","country":"Australia","postcode":7112,"coordinates":{"latitude":"-89.0855","longitude":"-76.6847"},"timezone":{"offset":"+10:00","description":"Eastern Australia, Guam, Vladivostok"}},"email":"willie.wood@example.com","login":{"uuid":"fff0e1c5-964d-4f31-89ca-96489c05939b","username":"smallmouse652","password":"milfnew","salt":"Lyr30pfr","md5":"a87b9ca0389c5763161b7711dba12e54","sha1":"0dc8dfd61b83b78e272b5ff6e376f2d82f63dced","sha256":"9f6df708f2b019cbda9acf5848ef4d2788d1b16c16fb2376cc202119a9bc3867"},"dob":{"date":"1966-01-02T14:36:30.946Z","age":58},"registered":{"date":"2008-07-08T06:25:35.678Z","age":15},"phone":"05-7035-2672","cell":"0406-305-050","id":{"name":"TFN","value":"144312913"},"picture":{"large":"https://randomuser.me/api/portraits/men/55.jpg","medium":"https://randomuser.me/api/portraits/med/men/55.jpg","thumbnail":"https://randomuser.me/api/portraits/thumb/men/55.jpg"},"nat":"AU"}],"info":{"seed":"76be8b7a8f893753","results":1,"page":1,"version":"1.4"}} 
 </msg>
<msg time="2024-05-11T16:17:02.954648" level="INFO">/opt/hostedtoolcache/Python/3.12.3/x64/lib/python3.12/site-packages/urllib3/connectionpool.py:1103: InsecureRequestWarning: Unverified HTTPS request is being made to host 'randomuser.me'. Adding certificate verification is strongly advised. See: https://urllib3.readthedocs.io/en/latest/advanced-usage.html#tls-warnings
  warnings.warn(</msg>
<msg time="2024-05-11T16:17:02.954812" level="INFO">${response} = &lt;Response [200]&gt;</msg>
<var>${response}</var>
<arg>consultarAPI</arg>
<arg>/api</arg>
<doc>Sends a GET request on a previously created HTTP Session.</doc>
<status status="PASS" start="2024-05-11T16:16:56.184101" elapsed="6.770754"/>
</kw>
<kw name="Should Be Equal As Numbers" owner="BuiltIn">
<msg time="2024-05-11T16:17:02.955836" level="INFO">Argument types are:
&lt;class 'int'&gt;
&lt;class 'str'&gt;</msg>
<arg>${response.status_code}</arg>
<arg>200</arg>
<doc>Fails if objects are unequal after converting them to real numbers.</doc>
<status status="PASS" start="2024-05-11T16:17:02.955377" elapsed="0.000523"/>
</kw>
<kw name="Log" owner="BuiltIn">
<msg time="2024-05-11T16:17:02.956612" level="INFO">200</msg>
<arg>${response.status_code}</arg>
<doc>Logs the given message with the given level.</doc>
<status status="PASS" start="2024-05-11T16:17:02.956247" elapsed="0.000406"/>
</kw>
<kw name="Set Variable" owner="BuiltIn">
<msg time="2024-05-11T16:17:02.957401" level="INFO">${json_data} = {'results': [{'gender': 'male', 'name': {'title': 'Mr', 'first': 'Willie', 'last': 'Wood'}, 'location': {'street': {'number': 546, 'name': 'W Sherman Dr'}, 'city': 'Australian Capital Territory', 'sta...</msg>
<var>${json_data}</var>
<arg>${response.json()}</arg>
<doc>Returns the given values which can then be assigned to a variables.</doc>
<status status="PASS" start="2024-05-11T16:17:02.956959" elapsed="0.000470"/>
</kw>
<kw name="Dictionary Should Contain Key" owner="Collections">
<msg time="2024-05-11T16:17:02.957890" level="INFO">False</msg>
<arg>${json_data}</arg>
<arg>results</arg>
<doc>Fails if ``key`` is not found from ``dictionary``.</doc>
<status status="PASS" start="2024-05-11T16:17:02.957727" elapsed="0.000201"/>
</kw>
<status status="PASS" start="2024-05-11T16:16:56.183863" elapsed="6.774319"/>
</kw>
<doc>Testa se a API responde corretamente e retorna um objeto JSON válido.</doc>
<tag>testeRequisicaoBasica</tag>
<status status="PASS" start="2024-05-11T16:16:56.183416" elapsed="6.774949"/>
</test>
<test id="s1-s1-t3" name="Validar estrutura de resposta" line="22">
<kw name="Teste de Estrutura de Resposta" owner="random-user-service">
<kw name="GET On Session" owner="RequestsLibrary">
<msg time="2024-05-11T16:17:04.831623" level="INFO">GET Request : url=https://randomuser.me/api 
 path_url=/api 
 headers={'User-Agent': 'python-requests/2.31.0', 'Accept-Encoding': 'gzip, deflate', 'Accept': '*/*', 'Connection': 'keep-alive'} 
 body=None 
 </msg>
<msg time="2024-05-11T16:17:04.831747" level="INFO">GET Response : url=https://randomuser.me/api 
 status=200, reason=OK 
 headers={'Date': 'Sat, 11 May 2024 16:17:04 GMT', 'Content-Type': 'application/json; charset=utf-8', 'Transfer-Encoding': 'chunked', 'Connection': 'keep-alive', 'X-Powered-By': 'Express', 'Access-Control-Allow-Origin': '*', 'Cache-Control': 'no-cache', 'ETag': 'W/"4aa-/HfpYFEyLMStSJ/zEyDoeOc0q6Y"', 'Vary': 'Accept-Encoding', 'Content-Encoding': 'gzip', 'CF-Cache-Status': 'DYNAMIC', 'Report-To': '{"endpoints":[{"url":"https:\\/\\/a.nel.cloudflare.com\\/report\\/v4?s=nL8mZflb7tNqt2Ya5hh8P2zF9T6no%2F0DwF2B8XpHcGVYzI3ZU%2BHIBFDQBpHuqOoKHeptZYNT55a1UhbMQrMhpm2GaJLhVbNqNzNJc4ncnRdSLxrNluChwMkaU6I%2BbbTC"}],"group":"cf-nel","max_age":604800}', 'NEL': '{"success_fraction":0,"report_to":"cf-nel","max_age":604800}', 'Server': 'cloudflare', 'CF-RAY': '88237a198e435a69-IAD', 'alt-svc': 'h3=":443"; ma=86400'} 
 body={"results":[{"gender":"female","name":{"title":"Ms","first":"Rebecca","last":"Sutton"},"location":{"street":{"number":8246,"name":"Chester Road"},"city":"Birmingham","state":"Suffolk","country":"United Kingdom","postcode":"SJ2P 9TQ","coordinates":{"latitude":"-6.9585","longitude":"103.6917"},"timezone":{"offset":"-6:00","description":"Central Time (US &amp; Canada), Mexico City"}},"email":"rebecca.sutton@example.com","login":{"uuid":"ced3d11d-9186-4371-9cf8-cfcb7587e8b9","username":"orangerabbit960","password":"wasser","salt":"gHyoCgwV","md5":"a66b0a0ed0aa76680445800f422c5e8d","sha1":"49e6a4d7f564e65abc3f9dec2563329200f6c3fe","sha256":"06df5aa8e0e41bcb9c99609600bd5c0919c1b5db448d0000a01115b4bb4c45fb"},"dob":{"date":"1988-05-10T05:20:33.717Z","age":36},"registered":{"date":"2016-09-29T06:16:07.505Z","age":7},"phone":"019467 10572","cell":"07393 390055","id":{"name":"NINO","value":"AT 16 99 36 Q"},"picture":{"large":"https://randomuser.me/api/portraits/women/47.jpg","medium":"https://randomuser.me/api/portraits/med/women/47.jpg","thumbnail":"https://randomuser.me/api/portraits/thumb/women/47.jpg"},"nat":"GB"}],"info":{"seed":"9f5b5d6bec4e66d4","results":1,"page":1,"version":"1.4"}} 
 </msg>
<msg time="2024-05-11T16:17:04.831902" level="INFO">/opt/hostedtoolcache/Python/3.12.3/x64/lib/python3.12/site-packages/urllib3/connectionpool.py:1103: InsecureRequestWarning: Unverified HTTPS request is being made to host 'randomuser.me'. Adding certificate verification is strongly advised. See: https://urllib3.readthedocs.io/en/latest/advanced-usage.html#tls-warnings
  warnings.warn(</msg>
<msg time="2024-05-11T16:17:04.832051" level="INFO">${response} = &lt;Response [200]&gt;</msg>
<var>${response}</var>
<arg>consultarAPI</arg>
<arg>/api</arg>
<doc>Sends a GET request on a previously created HTTP Session.</doc>
<status status="PASS" start="2024-05-11T16:17:02.961066" elapsed="1.871029"/>
</kw>
<kw name="Set Variable" owner="BuiltIn">
<msg time="2024-05-11T16:17:04.833146" level="INFO">${json_data} = {'results': [{'gender': 'female', 'name': {'title': 'Ms', 'first': 'Rebecca', 'last': 'Sutton'}, 'location': {'street': {'number': 8246, 'name': 'Chester Road'}, 'city': 'Birmingham', 'state': 'Suffol...</msg>
<var>${json_data}</var>
<arg>${response.json()}</arg>
<doc>Returns the given values which can then be assigned to a variables.</doc>
<status status="PASS" start="2024-05-11T16:17:04.832630" elapsed="0.000544"/>
</kw>
<kw name="Log" owner="BuiltIn">
<msg time="2024-05-11T16:17:04.833635" level="INFO">{'results': [{'gender': 'female', 'name': {'title': 'Ms', 'first': 'Rebecca', 'last': 'Sutton'}, 'location': {'street': {'number': 8246, 'name': 'Chester Road'}, 'city': 'Birmingham', 'state': 'Suffolk', 'country': 'United Kingdom', 'postcode': 'SJ2P 9TQ', 'coordinates': {'latitude': '-6.9585', 'longitude': '103.6917'}, 'timezone': {'offset': '-6:00', 'description': 'Central Time (US &amp; Canada), Mexico City'}}, 'email': 'rebecca.sutton@example.com', 'login': {'uuid': 'ced3d11d-9186-4371-9cf8-cfcb7587e8b9', 'username': 'orangerabbit960', 'password': 'wasser', 'salt': 'gHyoCgwV', 'md5': 'a66b0a0ed0aa76680445800f422c5e8d', 'sha1': '49e6a4d7f564e65abc3f9dec2563329200f6c3fe', 'sha256': '06df5aa8e0e41bcb9c99609600bd5c0919c1b5db448d0000a01115b4bb4c45fb'}, 'dob': {'date': '1988-05-10T05:20:33.717Z', 'age': 36}, 'registered': {'date': '2016-09-29T06:16:07.505Z', 'age': 7}, 'phone': '019467 10572', 'cell': '07393 390055', 'id': {'name': 'NINO', 'value': 'AT 16 99 36 Q'}, 'picture': {'large': 'https://randomuser.me/api/portraits/women/47.jpg', 'medium': 'https://randomuser.me/api/portraits/med/women/47.jpg', 'thumbnail': 'https://randomuser.me/api/portraits/thumb/women/47.jpg'}, 'nat': 'GB'}], 'info': {'seed': '9f5b5d6bec4e66d4', 'results': 1, 'page': 1, 'version': '1.4'}}</msg>
<arg>${json_data}</arg>
<doc>Logs the given message with the given level.</doc>
<status status="PASS" start="2024-05-11T16:17:04.833472" elapsed="0.000213"/>
</kw>
<kw name="Dictionary Should Contain Key" owner="Collections">
<msg time="2024-05-11T16:17:04.834136" level="INFO">False</msg>
<arg>${json_data}</arg>
<arg>results</arg>
<doc>Fails if ``key`` is not found from ``dictionary``.</doc>
<status status="PASS" start="2024-05-11T16:17:04.833981" elapsed="0.000192"/>
</kw>
<kw name="Should Not Be Empty" owner="BuiltIn">
<msg time="2024-05-11T16:17:04.834585" level="INFO">Length is 2.</msg>
<arg>${json_data}</arg>
<doc>Verifies that the given item is not empty.</doc>
<status status="PASS" start="2024-05-11T16:17:04.834458" elapsed="0.000164"/>
</kw>
<kw name="Create List" owner="BuiltIn">
<msg time="2024-05-11T16:17:04.835218" level="INFO">${expected_keys} = ['gender', 'name', 'location', 'email', 'login']</msg>
<var>${expected_keys}</var>
<arg>gender</arg>
<arg>name</arg>
<arg>location</arg>
<arg>email</arg>
<arg>login</arg>
<doc>Returns a list containing given items.</doc>
<status status="PASS" start="2024-05-11T16:17:04.834909" elapsed="0.000334"/>
</kw>
<for flavor="IN">
<iter>
<kw name="Dictionary Should Contain Key" owner="Collections">
<msg time="2024-05-11T16:17:04.836256" level="INFO">False</msg>
<arg>${json_data['results'][0]}</arg>
<arg>${key}</arg>
<doc>Fails if ``key`` is not found from ``dictionary``.</doc>
<status status="PASS" start="2024-05-11T16:17:04.835824" elapsed="0.000486"/>
</kw>
<kw name="Log" owner="BuiltIn">
<msg time="2024-05-11T16:17:04.836998" level="INFO">{'gender': 'female', 'name': {'title': 'Ms', 'first': 'Rebecca', 'last': 'Sutton'}, 'location': {'street': {'number': 8246, 'name': 'Chester Road'}, 'city': 'Birmingham', 'state': 'Suffolk', 'country': 'United Kingdom', 'postcode': 'SJ2P 9TQ', 'coordinates': {'latitude': '-6.9585', 'longitude': '103.6917'}, 'timezone': {'offset': '-6:00', 'description': 'Central Time (US &amp; Canada), Mexico City'}}, 'email': 'rebecca.sutton@example.com', 'login': {'uuid': 'ced3d11d-9186-4371-9cf8-cfcb7587e8b9', 'username': 'orangerabbit960', 'password': 'wasser', 'salt': 'gHyoCgwV', 'md5': 'a66b0a0ed0aa76680445800f422c5e8d', 'sha1': '49e6a4d7f564e65abc3f9dec2563329200f6c3fe', 'sha256': '06df5aa8e0e41bcb9c99609600bd5c0919c1b5db448d0000a01115b4bb4c45fb'}, 'dob': {'date': '1988-05-10T05:20:33.717Z', 'age': 36}, 'registered': {'date': '2016-09-29T06:16:07.505Z', 'age': 7}, 'phone': '019467 10572', 'cell': '07393 390055', 'id': {'name': 'NINO', 'value': 'AT 16 99 36 Q'}, 'picture': {'large': 'https://randomuser.me/api/portraits/women/47.jpg', 'medium': 'https://randomuser.me/api/portraits/med/women/47.jpg', 'thumbnail': 'https://randomuser.me/api/portraits/thumb/women/47.jpg'}, 'nat': 'GB'}</msg>
<arg>${json_data['results'][0]}</arg>
<doc>Logs the given message with the given level.</doc>
<status status="PASS" start="2024-05-11T16:17:04.836640" elapsed="0.000407"/>
</kw>
<kw name="Log" owner="BuiltIn">
<msg time="2024-05-11T16:17:04.837509" level="INFO">gender</msg>
<arg>${key}</arg>
<doc>Logs the given message with the given level.</doc>
<status status="PASS" start="2024-05-11T16:17:04.837380" elapsed="0.000166"/>
</kw>
<var name="${key}">gender</var>
<status status="PASS" start="2024-05-11T16:17:04.835700" elapsed="0.002057"/>
</iter>
<iter>
<kw name="Dictionary Should Contain Key" owner="Collections">
<msg time="2024-05-11T16:17:04.838437" level="INFO">False</msg>
<arg>${json_data['results'][0]}</arg>
<arg>${key}</arg>
<doc>Fails if ``key`` is not found from ``dictionary``.</doc>
<status status="PASS" start="2024-05-11T16:17:04.838054" elapsed="0.000451"/>
</kw>
<kw name="Log" owner="BuiltIn">
<msg time="2024-05-11T16:17:04.839159" level="INFO">{'gender': 'female', 'name': {'title': 'Ms', 'first': 'Rebecca', 'last': 'Sutton'}, 'location': {'street': {'number': 8246, 'name': 'Chester Road'}, 'city': 'Birmingham', 'state': 'Suffolk', 'country': 'United Kingdom', 'postcode': 'SJ2P 9TQ', 'coordinates': {'latitude': '-6.9585', 'longitude': '103.6917'}, 'timezone': {'offset': '-6:00', 'description': 'Central Time (US &amp; Canada), Mexico City'}}, 'email': 'rebecca.sutton@example.com', 'login': {'uuid': 'ced3d11d-9186-4371-9cf8-cfcb7587e8b9', 'username': 'orangerabbit960', 'password': 'wasser', 'salt': 'gHyoCgwV', 'md5': 'a66b0a0ed0aa76680445800f422c5e8d', 'sha1': '49e6a4d7f564e65abc3f9dec2563329200f6c3fe', 'sha256': '06df5aa8e0e41bcb9c99609600bd5c0919c1b5db448d0000a01115b4bb4c45fb'}, 'dob': {'date': '1988-05-10T05:20:33.717Z', 'age': 36}, 'registered': {'date': '2016-09-29T06:16:07.505Z', 'age': 7}, 'phone': '019467 10572', 'cell': '07393 390055', 'id': {'name': 'NINO', 'value': 'AT 16 99 36 Q'}, 'picture': {'large': 'https://randomuser.me/api/portraits/women/47.jpg', 'medium': 'https://randomuser.me/api/portraits/med/women/47.jpg', 'thumbnail': 'https://randomuser.me/api/portraits/thumb/women/47.jpg'}, 'nat': 'GB'}</msg>
<arg>${json_data['results'][0]}</arg>
<doc>Logs the given message with the given level.</doc>
<status status="PASS" start="2024-05-11T16:17:04.838804" elapsed="0.000402"/>
</kw>
<kw name="Log" owner="BuiltIn">
<msg time="2024-05-11T16:17:04.839620" level="INFO">name</msg>
<arg>${key}</arg>
<doc>Logs the given message with the given level.</doc>
<status status="PASS" start="2024-05-11T16:17:04.839497" elapsed="0.000158"/>
</kw>
<var name="${key}">name</var>
<status status="PASS" start="2024-05-11T16:17:04.837941" elapsed="0.001923"/>
</iter>
<iter>
<kw name="Dictionary Should Contain Key" owner="Collections">
<msg time="2024-05-11T16:17:04.840554" level="INFO">False</msg>
<arg>${json_data['results'][0]}</arg>
<arg>${key}</arg>
<doc>Fails if ``key`` is not found from ``dictionary``.</doc>
<status status="PASS" start="2024-05-11T16:17:04.840146" elapsed="0.000444"/>
</kw>
<kw name="Log" owner="BuiltIn">
<msg time="2024-05-11T16:17:04.841237" level="INFO">{'gender': 'female', 'name': {'title': 'Ms', 'first': 'Rebecca', 'last': 'Sutton'}, 'location': {'street': {'number': 8246, 'name': 'Chester Road'}, 'city': 'Birmingham', 'state': 'Suffolk', 'country': 'United Kingdom', 'postcode': 'SJ2P 9TQ', 'coordinates': {'latitude': '-6.9585', 'longitude': '103.6917'}, 'timezone': {'offset': '-6:00', 'description': 'Central Time (US &amp; Canada), Mexico City'}}, 'email': 'rebecca.sutton@example.com', 'login': {'uuid': 'ced3d11d-9186-4371-9cf8-cfcb7587e8b9', 'username': 'orangerabbit960', 'password': 'wasser', 'salt': 'gHyoCgwV', 'md5': 'a66b0a0ed0aa76680445800f422c5e8d', 'sha1': '49e6a4d7f564e65abc3f9dec2563329200f6c3fe', 'sha256': '06df5aa8e0e41bcb9c99609600bd5c0919c1b5db448d0000a01115b4bb4c45fb'}, 'dob': {'date': '1988-05-10T05:20:33.717Z', 'age': 36}, 'registered': {'date': '2016-09-29T06:16:07.505Z', 'age': 7}, 'phone': '019467 10572', 'cell': '07393 390055', 'id': {'name': 'NINO', 'value': 'AT 16 99 36 Q'}, 'picture': {'large': 'https://randomuser.me/api/portraits/women/47.jpg', 'medium': 'https://randomuser.me/api/portraits/med/women/47.jpg', 'thumbnail': 'https://randomuser.me/api/portraits/thumb/women/47.jpg'}, 'nat': 'GB'}</msg>
<arg>${json_data['results'][0]}</arg>
<doc>Logs the given message with the given level.</doc>
<status status="PASS" start="2024-05-11T16:17:04.840886" elapsed="0.000398"/>
</kw>
<kw name="Log" owner="BuiltIn">
<msg time="2024-05-11T16:17:04.841694" level="INFO">location</msg>
<arg>${key}</arg>
<doc>Logs the given message with the given level.</doc>
<status status="PASS" start="2024-05-11T16:17:04.841571" elapsed="0.000159"/>
</kw>
<var name="${key}">location</var>
<status status="PASS" start="2024-05-11T16:17:04.840036" elapsed="0.001902"/>
</iter>
<iter>
<kw name="Dictionary Should Contain Key" owner="Collections">
<msg time="2024-05-11T16:17:04.842602" level="INFO">False</msg>
<arg>${json_data['results'][0]}</arg>
<arg>${key}</arg>
<doc>Fails if ``key`` is not found from ``dictionary``.</doc>
<status status="PASS" start="2024-05-11T16:17:04.842215" elapsed="0.000423"/>
</kw>
<kw name="Log" owner="BuiltIn">
<msg time="2024-05-11T16:17:04.843293" level="INFO">{'gender': 'female', 'name': {'title': 'Ms', 'first': 'Rebecca', 'last': 'Sutton'}, 'location': {'street': {'number': 8246, 'name': 'Chester Road'}, 'city': 'Birmingham', 'state': 'Suffolk', 'country': 'United Kingdom', 'postcode': 'SJ2P 9TQ', 'coordinates': {'latitude': '-6.9585', 'longitude': '103.6917'}, 'timezone': {'offset': '-6:00', 'description': 'Central Time (US &amp; Canada), Mexico City'}}, 'email': 'rebecca.sutton@example.com', 'login': {'uuid': 'ced3d11d-9186-4371-9cf8-cfcb7587e8b9', 'username': 'orangerabbit960', 'password': 'wasser', 'salt': 'gHyoCgwV', 'md5': 'a66b0a0ed0aa76680445800f422c5e8d', 'sha1': '49e6a4d7f564e65abc3f9dec2563329200f6c3fe', 'sha256': '06df5aa8e0e41bcb9c99609600bd5c0919c1b5db448d0000a01115b4bb4c45fb'}, 'dob': {'date': '1988-05-10T05:20:33.717Z', 'age': 36}, 'registered': {'date': '2016-09-29T06:16:07.505Z', 'age': 7}, 'phone': '019467 10572', 'cell': '07393 390055', 'id': {'name': 'NINO', 'value': 'AT 16 99 36 Q'}, 'picture': {'large': 'https://randomuser.me/api/portraits/women/47.jpg', 'medium': 'https://randomuser.me/api/portraits/med/women/47.jpg', 'thumbnail': 'https://randomuser.me/api/portraits/thumb/women/47.jpg'}, 'nat': 'GB'}</msg>
<arg>${json_data['results'][0]}</arg>
<doc>Logs the given message with the given level.</doc>
<status status="PASS" start="2024-05-11T16:17:04.842931" elapsed="0.000409"/>
</kw>
<kw name="Log" owner="BuiltIn">
<msg time="2024-05-11T16:17:04.843746" level="INFO">email</msg>
<arg>${key}</arg>
<doc>Logs the given message with the given level.</doc>
<status status="PASS" start="2024-05-11T16:17:04.843625" elapsed="0.000157"/>
</kw>
<var name="${key}">email</var>
<status status="PASS" start="2024-05-11T16:17:04.842107" elapsed="0.001885"/>
</iter>
<iter>
<kw name="Dictionary Should Contain Key" owner="Collections">
<msg time="2024-05-11T16:17:04.844700" level="INFO">False</msg>
<arg>${json_data['results'][0]}</arg>
<arg>${key}</arg>
<doc>Fails if ``key`` is not found from ``dictionary``.</doc>
<status status="PASS" start="2024-05-11T16:17:04.844304" elapsed="0.000431"/>
</kw>
<kw name="Log" owner="BuiltIn">
<msg time="2024-05-11T16:17:04.845378" level="INFO">{'gender': 'female', 'name': {'title': 'Ms', 'first': 'Rebecca', 'last': 'Sutton'}, 'location': {'street': {'number': 8246, 'name': 'Chester Road'}, 'city': 'Birmingham', 'state': 'Suffolk', 'country': 'United Kingdom', 'postcode': 'SJ2P 9TQ', 'coordinates': {'latitude': '-6.9585', 'longitude': '103.6917'}, 'timezone': {'offset': '-6:00', 'description': 'Central Time (US &amp; Canada), Mexico City'}}, 'email': 'rebecca.sutton@example.com', 'login': {'uuid': 'ced3d11d-9186-4371-9cf8-cfcb7587e8b9', 'username': 'orangerabbit960', 'password': 'wasser', 'salt': 'gHyoCgwV', 'md5': 'a66b0a0ed0aa76680445800f422c5e8d', 'sha1': '49e6a4d7f564e65abc3f9dec2563329200f6c3fe', 'sha256': '06df5aa8e0e41bcb9c99609600bd5c0919c1b5db448d0000a01115b4bb4c45fb'}, 'dob': {'date': '1988-05-10T05:20:33.717Z', 'age': 36}, 'registered': {'date': '2016-09-29T06:16:07.505Z', 'age': 7}, 'phone': '019467 10572', 'cell': '07393 390055', 'id': {'name': 'NINO', 'value': 'AT 16 99 36 Q'}, 'picture': {'large': 'https://randomuser.me/api/portraits/women/47.jpg', 'medium': 'https://randomuser.me/api/portraits/med/women/47.jpg', 'thumbnail': 'https://randomuser.me/api/portraits/thumb/women/47.jpg'}, 'nat': 'GB'}</msg>
<arg>${json_data['results'][0]}</arg>
<doc>Logs the given message with the given level.</doc>
<status status="PASS" start="2024-05-11T16:17:04.845027" elapsed="0.000398"/>
</kw>
<kw name="Log" owner="BuiltIn">
<msg time="2024-05-11T16:17:04.845873" level="INFO">login</msg>
<arg>${key}</arg>
<doc>Logs the given message with the given level.</doc>
<status status="PASS" start="2024-05-11T16:17:04.845720" elapsed="0.000190"/>
</kw>
<var name="${key}">login</var>
<status status="PASS" start="2024-05-11T16:17:04.844158" elapsed="0.001963"/>
</iter>
<var>${key}</var>
<value>@{expected_keys}</value>
<status status="PASS" start="2024-05-11T16:17:04.835509" elapsed="0.010730"/>
</for>
<kw name="Create List" owner="BuiltIn">
<msg time="2024-05-11T16:17:04.846558" level="INFO">${expected_keysTwo} = ['username', 'password']</msg>
<var>${expected_keysTwo}</var>
<arg>username</arg>
<arg>password</arg>
<doc>Returns a list containing given items.</doc>
<status status="PASS" start="2024-05-11T16:17:04.846425" elapsed="0.000156"/>
</kw>
<for flavor="IN">
<iter>
<kw name="Dictionary Should Contain Key" owner="Collections">
<msg time="2024-05-11T16:17:04.847459" level="INFO">False</msg>
<arg>${json_data['results'][0]['login']}</arg>
<arg>${keyTwo}</arg>
<doc>Fails if ``key`` is not found from ``dictionary``.</doc>
<status status="PASS" start="2024-05-11T16:17:04.847070" elapsed="0.000425"/>
</kw>
<kw name="Dictionary Should Contain Key" owner="Collections">
<msg time="2024-05-11T16:17:04.848160" level="INFO">False</msg>
<arg>${json_data['results'][0]['login']}</arg>
<arg>${keyTwo}</arg>
<doc>Fails if ``key`` is not found from ``dictionary``.</doc>
<status status="PASS" start="2024-05-11T16:17:04.847787" elapsed="0.000410"/>
</kw>
<kw name="Log" owner="BuiltIn">
<msg time="2024-05-11T16:17:04.848636" level="INFO">username</msg>
<arg>${keyTwo}</arg>
<doc>Logs the given message with the given level.</doc>
<status status="PASS" start="2024-05-11T16:17:04.848512" elapsed="0.000166"/>
</kw>
<var name="${keyTwo}">username</var>
<status status="PASS" start="2024-05-11T16:17:04.846962" elapsed="0.001923"/>
</iter>
<iter>
<kw name="Dictionary Should Contain Key" owner="Collections">
<msg time="2024-05-11T16:17:04.849541" level="INFO">False</msg>
<arg>${json_data['results'][0]['login']}</arg>
<arg>${keyTwo}</arg>
<doc>Fails if ``key`` is not found from ``dictionary``.</doc>
<status status="PASS" start="2024-05-11T16:17:04.849158" elapsed="0.000418"/>
</kw>
<kw name="Dictionary Should Contain Key" owner="Collections">
<msg time="2024-05-11T16:17:04.850318" level="INFO">False</msg>
<arg>${json_data['results'][0]['login']}</arg>
<arg>${keyTwo}</arg>
<doc>Fails if ``key`` is not found from ``dictionary``.</doc>
<status status="PASS" start="2024-05-11T16:17:04.849863" elapsed="0.000493"/>
</kw>
<kw name="Log" owner="BuiltIn">
<msg time="2024-05-11T16:17:04.850770" level="INFO">password</msg>
<arg>${keyTwo}</arg>
<doc>Logs the given message with the given level.</doc>
<status status="PASS" start="2024-05-11T16:17:04.850647" elapsed="0.000159"/>
</kw>
<var name="${keyTwo}">password</var>
<status status="PASS" start="2024-05-11T16:17:04.849050" elapsed="0.001971"/>
</iter>
<var>${keyTwo}</var>
<value>@{expected_keysTwo}</value>
<status status="PASS" start="2024-05-11T16:17:04.846812" elapsed="0.004329"/>
</for>
<status status="PASS" start="2024-05-11T16:17:02.960831" elapsed="1.890449"/>
</kw>
<doc>Testa a estrutura da resposta da API.</doc>
<tag>testeEstruturaResposta</tag>
<status status="PASS" start="2024-05-11T16:17:02.960182" elapsed="1.891256"/>
</test>
<test id="s1-s1-t4" name="Validar tipos de dados" line="28">
<kw name="Teste de Tipos de Dados" owner="random-user-service">
<kw name="GET On Session" owner="RequestsLibrary">
<msg time="2024-05-11T16:17:05.140592" level="INFO">GET Request : url=https://randomuser.me/api 
 path_url=/api 
 headers={'User-Agent': 'python-requests/2.31.0', 'Accept-Encoding': 'gzip, deflate', 'Accept': '*/*', 'Connection': 'keep-alive'} 
 body=None 
 </msg>
<msg time="2024-05-11T16:17:05.140658" level="INFO">GET Response : url=https://randomuser.me/api 
 status=200, reason=OK 
 headers={'Date': 'Sat, 11 May 2024 16:17:05 GMT', 'Content-Type': 'application/json; charset=utf-8', 'Transfer-Encoding': 'chunked', 'Connection': 'keep-alive', 'X-Powered-By': 'Express', 'Access-Control-Allow-Origin': '*', 'Cache-Control': 'no-cache', 'ETag': 'W/"495-hTSiDHVjUp1vX8jNxeNbZB5qS7E"', 'Vary': 'Accept-Encoding', 'Content-Encoding': 'gzip', 'CF-Cache-Status': 'DYNAMIC', 'Report-To': '{"endpoints":[{"url":"https:\\/\\/a.nel.cloudflare.com\\/report\\/v4?s=XwWqURJ0L0Tt%2B5fwO5BbDM7SxLT9mVu1s4sfucVlOv36DyMzTQMjKz0fzeLPvIuX%2BX5AfFGnTAJSNce0kF1CllWzSfvapFEcutPv7AZ5vEoRCMnYWvM9zc%2B59QgaHJlQ"}],"group":"cf-nel","max_age":604800}', 'NEL': '{"success_fraction":0,"report_to":"cf-nel","max_age":604800}', 'Server': 'cloudflare', 'CF-RAY': '88237a25594d5a69-IAD', 'alt-svc': 'h3=":443"; ma=86400'} 
 body={"results":[{"gender":"female","name":{"title":"Mrs","first":"Diana","last":"Mason"},"location":{"street":{"number":6283,"name":"Camden Ave"},"city":"Albany","state":"Hawaii","country":"United States","postcode":11018,"coordinates":{"latitude":"87.4344","longitude":"57.9193"},"timezone":{"offset":"+1:00","description":"Brussels, Copenhagen, Madrid, Paris"}},"email":"diana.mason@example.com","login":{"uuid":"4897a103-024b-4c4c-91ce-921744d07f96","username":"whitemeercat228","password":"silent","salt":"jsSWqX2e","md5":"9469418e512d6a94ffce8dbe85091000","sha1":"39fe42b93664a57d27646a23769801fd06b9d985","sha256":"6519b7bba3435347f8ffdd143ea10b9ad9ab85b46a68f68a499a961b6137e825"},"dob":{"date":"1951-04-20T23:56:09.672Z","age":73},"registered":{"date":"2012-01-21T12:23:35.463Z","age":12},"phone":"(480) 596-4026","cell":"(365) 496-9750","id":{"name":"SSN","value":"895-75-6309"},"picture":{"large":"https://randomuser.me/api/portraits/women/26.jpg","medium":"https://randomuser.me/api/portraits/med/women/26.jpg","thumbnail":"https://randomuser.me/api/portraits/thumb/women/26.jpg"},"nat":"US"}],"info":{"seed":"30ed166926f58c59","results":1,"page":1,"version":"1.4"}} 
 </msg>
<msg time="2024-05-11T16:17:05.140714" level="INFO">/opt/hostedtoolcache/Python/3.12.3/x64/lib/python3.12/site-packages/urllib3/connectionpool.py:1103: InsecureRequestWarning: Unverified HTTPS request is being made to host 'randomuser.me'. Adding certificate verification is strongly advised. See: https://urllib3.readthedocs.io/en/latest/advanced-usage.html#tls-warnings
  warnings.warn(</msg>
<msg time="2024-05-11T16:17:05.140824" level="INFO">${response} = &lt;Response [200]&gt;</msg>
<var>${response}</var>
<arg>consultarAPI</arg>
<arg>/api</arg>
<doc>Sends a GET request on a previously created HTTP Session.</doc>
<status status="PASS" start="2024-05-11T16:17:04.853940" elapsed="0.286921"/>
</kw>
<kw name="Set Variable" owner="BuiltIn">
<msg time="2024-05-11T16:17:05.141691" level="INFO">${json_data} = {'results': [{'gender': 'female', 'name': {'title': 'Mrs', 'first': 'Diana', 'last': 'Mason'}, 'location': {'street': {'number': 6283, 'name': 'Camden Ave'}, 'city': 'Albany', 'state': 'Hawaii', 'coun...</msg>
<var>${json_data}</var>
<arg>${response.json()}</arg>
<doc>Returns the given values which can then be assigned to a variables.</doc>
<status status="PASS" start="2024-05-11T16:17:05.141237" elapsed="0.000482"/>
</kw>
<kw name="Log" owner="BuiltIn">
<msg time="2024-05-11T16:17:05.142195" level="INFO">{'results': [{'gender': 'female', 'name': {'title': 'Mrs', 'first': 'Diana', 'last': 'Mason'}, 'location': {'street': {'number': 6283, 'name': 'Camden Ave'}, 'city': 'Albany', 'state': 'Hawaii', 'country': 'United States', 'postcode': 11018, 'coordinates': {'latitude': '87.4344', 'longitude': '57.9193'}, 'timezone': {'offset': '+1:00', 'description': 'Brussels, Copenhagen, Madrid, Paris'}}, 'email': 'diana.mason@example.com', 'login': {'uuid': '4897a103-024b-4c4c-91ce-921744d07f96', 'username': 'whitemeercat228', 'password': 'silent', 'salt': 'jsSWqX2e', 'md5': '9469418e512d6a94ffce8dbe85091000', 'sha1': '39fe42b93664a57d27646a23769801fd06b9d985', 'sha256': '6519b7bba3435347f8ffdd143ea10b9ad9ab85b46a68f68a499a961b6137e825'}, 'dob': {'date': '1951-04-20T23:56:09.672Z', 'age': 73}, 'registered': {'date': '2012-01-21T12:23:35.463Z', 'age': 12}, 'phone': '(480) 596-4026', 'cell': '(365) 496-9750', 'id': {'name': 'SSN', 'value': '895-75-6309'}, 'picture': {'large': 'https://randomuser.me/api/portraits/women/26.jpg', 'medium': 'https://randomuser.me/api/portraits/med/women/26.jpg', 'thumbnail': 'https://randomuser.me/api/portraits/thumb/women/26.jpg'}, 'nat': 'US'}], 'info': {'seed': '30ed166926f58c59', 'results': 1, 'page': 1, 'version': '1.4'}}</msg>
<arg>${json_data}</arg>
<doc>Logs the given message with the given level.</doc>
<status status="PASS" start="2024-05-11T16:17:05.142045" elapsed="0.000229"/>
</kw>
<kw name="Should Be String" owner="String">
<arg>${json_data['results'][0]['gender']}</arg>
<doc>Fails if the given ``item`` is not a string.</doc>
<status status="PASS" start="2024-05-11T16:17:05.142570" elapsed="0.000354"/>
</kw>
<kw name="Should Match Regexp" owner="BuiltIn">
<arg>${json_data['results'][0]['email']}</arg>
<arg>^[a-zA-Z0-9._%+-]+@[a-zA-Z0-9.-]+\.[a-zA-Z]{2,}$</arg>
<doc>Fails if ``string`` does not match ``pattern`` as a regular expression.</doc>
<status status="PASS" start="2024-05-11T16:17:05.143110" elapsed="0.000504"/>
</kw>
<kw name="Should Match Regexp" owner="BuiltIn">
<arg>${json_data['results'][0]['dob']['date']}</arg>
<arg>\\d{4}-\\d{2}-\\d{2}T\\d{2}:\\d{2}:\\d{2}\\.\\d{3}Z</arg>
<doc>Fails if ``string`` does not match ``pattern`` as a regular expression.</doc>
<status status="PASS" start="2024-05-11T16:17:05.143806" elapsed="0.000541"/>
</kw>
<kw name="Should Match Regexp" owner="BuiltIn">
<arg>${json_data['results'][0]['registered']['date']}</arg>
<arg>\\d{4}-\\d{2}-\\d{2}T\\d{2}:\\d{2}:\\d{2}\\.\\d{3}Z</arg>
<doc>Fails if ``string`` does not match ``pattern`` as a regular expression.</doc>
<status status="PASS" start="2024-05-11T16:17:05.144541" elapsed="0.000367"/>
</kw>
<kw name="Should Match Regexp" owner="BuiltIn">
<arg>${json_data['results'][0]['picture']['large']}</arg>
<arg>^https?://.*\.(?:png|jpe?g|gif|bmp)$</arg>
<doc>Fails if ``string`` does not match ``pattern`` as a regular expression.</doc>
<status status="PASS" start="2024-05-11T16:17:05.145092" elapsed="0.000453"/>
</kw>
<kw name="Should Match Regexp" owner="BuiltIn">
<arg>${json_data['results'][0]['picture']['medium']}</arg>
<arg>^https?://.*\.(?:png|jpe?g|gif|bmp)$</arg>
<doc>Fails if ``string`` does not match ``pattern`` as a regular expression.</doc>
<status status="PASS" start="2024-05-11T16:17:05.145731" elapsed="0.000418"/>
</kw>
<kw name="Should Match Regexp" owner="BuiltIn">
<arg>${json_data['results'][0]['picture']['thumbnail']}</arg>
<arg>^https?://.*\.(?:png|jpe?g|gif|bmp)$</arg>
<doc>Fails if ``string`` does not match ``pattern`` as a regular expression.</doc>
<status status="PASS" start="2024-05-11T16:17:05.146421" elapsed="0.000363"/>
</kw>
<kw name="Log" owner="BuiltIn">
<msg time="2024-05-11T16:17:05.147294" level="INFO">{'large': 'https://randomuser.me/api/portraits/women/26.jpg', 'medium': 'https://randomuser.me/api/portraits/med/women/26.jpg', 'thumbnail': 'https://randomuser.me/api/portraits/thumb/women/26.jpg'}</msg>
<arg>${json_data['results'][0]['picture']}</arg>
<doc>Logs the given message with the given level.</doc>
<status status="PASS" start="2024-05-11T16:17:05.146965" elapsed="0.000369"/>
</kw>
<status status="PASS" start="2024-05-11T16:17:04.853716" elapsed="0.293867"/>
</kw>
<kw name="Teste de Tipos de Dados - Postcode" owner="random-user-service">
<kw name="GET On Session" owner="RequestsLibrary">
<msg time="2024-05-11T16:17:05.319124" level="INFO">GET Request : url=https://randomuser.me/api 
 path_url=/api 
 headers={'User-Agent': 'python-requests/2.31.0', 'Accept-Encoding': 'gzip, deflate', 'Accept': '*/*', 'Connection': 'keep-alive'} 
 body=None 
 </msg>
<msg time="2024-05-11T16:17:05.319206" level="INFO">GET Response : url=https://randomuser.me/api 
 status=200, reason=OK 
 headers={'Date': 'Sat, 11 May 2024 16:17:05 GMT', 'Content-Type': 'application/json; charset=utf-8', 'Transfer-Encoding': 'chunked', 'Connection': 'keep-alive', 'X-Powered-By': 'Express', 'Access-Control-Allow-Origin': '*', 'Cache-Control': 'no-cache', 'ETag': 'W/"490-Hy8750FOAnHK91r4SekUdISUTGU"', 'Vary': 'Accept-Encoding', 'Content-Encoding': 'gzip', 'CF-Cache-Status': 'DYNAMIC', 'Report-To': '{"endpoints":[{"url":"https:\\/\\/a.nel.cloudflare.com\\/report\\/v4?s=94XcYHg9YmxL%2BLbVnVgCNEb5oEDscQAqR4GOQ%2BJ%2BLENhIcE0mi8ilrUS2pPztU2JYBs%2F1rurnMoulsoFeF6BNI%2BFfywjzszZ3uxPfp%2FBgRGTflkL5Pqn5xav3Sw4mm1m"}],"group":"cf-nel","max_age":604800}', 'NEL': '{"success_fraction":0,"report_to":"cf-nel","max_age":604800}', 'Server': 'cloudflare', 'CF-RAY': '88237a273ae45a69-IAD', 'alt-svc': 'h3=":443"; ma=86400'} 
 body={"results":[{"gender":"female","name":{"title":"Miss","first":"Carrie","last":"Bradley"},"location":{"street":{"number":2072,"name":"Northaven Rd"},"city":"Cairns","state":"Western Australia","country":"Australia","postcode":4311,"coordinates":{"latitude":"-82.8875","longitude":"98.7719"},"timezone":{"offset":"-11:00","description":"Midway Island, Samoa"}},"email":"carrie.bradley@example.com","login":{"uuid":"2121384f-e09f-433c-a223-79e7f9721948","username":"blueladybug612","password":"billy1","salt":"dL9ppV6i","md5":"07c7f13d2ce2218a0d0faf2d2ac1c536","sha1":"60417564f32977febfc33bceb8c7a0621605a638","sha256":"819c79affa693c057c64c46c4774cf7b5c29cbef96a84ff3d67186221281aa31"},"dob":{"date":"1996-08-23T15:46:33.159Z","age":27},"registered":{"date":"2011-11-03T08:07:12.798Z","age":12},"phone":"06-4116-2589","cell":"0476-852-407","id":{"name":"TFN","value":"988935343"},"picture":{"large":"https://randomuser.me/api/portraits/women/94.jpg","medium":"https://randomuser.me/api/portraits/med/women/94.jpg","thumbnail":"https://randomuser.me/api/portraits/thumb/women/94.jpg"},"nat":"AU"}],"info":{"seed":"4c0b81ed06f88801","results":1,"page":1,"version":"1.4"}} 
 </msg>
<msg time="2024-05-11T16:17:05.319278" level="INFO">/opt/hostedtoolcache/Python/3.12.3/x64/lib/python3.12/site-packages/urllib3/connectionpool.py:1103: InsecureRequestWarning: Unverified HTTPS request is being made to host 'randomuser.me'. Adding certificate verification is strongly advised. See: https://urllib3.readthedocs.io/en/latest/advanced-usage.html#tls-warnings
  warnings.warn(</msg>
<msg time="2024-05-11T16:17:05.319414" level="INFO">${response} = &lt;Response [200]&gt;</msg>
<var>${response}</var>
<arg>consultarAPI</arg>
<arg>/api</arg>
<doc>Sends a GET request on a previously created HTTP Session.</doc>
<status status="PASS" start="2024-05-11T16:17:05.148016" elapsed="0.171455"/>
</kw>
<kw name="Set Variable" owner="BuiltIn">
<msg time="2024-05-11T16:17:05.320410" level="INFO">${json_data} = {'results': [{'gender': 'female', 'name': {'title': 'Miss', 'first': 'Carrie', 'last': 'Bradley'}, 'location': {'street': {'number': 2072, 'name': 'Northaven Rd'}, 'city': 'Cairns', 'state': 'Western ...</msg>
<var>${json_data}</var>
<arg>${response.json()}</arg>
<doc>Returns the given values which can then be assigned to a variables.</doc>
<status status="PASS" start="2024-05-11T16:17:05.319895" elapsed="0.000544"/>
</kw>
<kw name="Log" owner="BuiltIn">
<msg time="2024-05-11T16:17:05.320932" level="INFO">{'results': [{'gender': 'female', 'name': {'title': 'Miss', 'first': 'Carrie', 'last': 'Bradley'}, 'location': {'street': {'number': 2072, 'name': 'Northaven Rd'}, 'city': 'Cairns', 'state': 'Western Australia', 'country': 'Australia', 'postcode': 4311, 'coordinates': {'latitude': '-82.8875', 'longitude': '98.7719'}, 'timezone': {'offset': '-11:00', 'description': 'Midway Island, Samoa'}}, 'email': 'carrie.bradley@example.com', 'login': {'uuid': '2121384f-e09f-433c-a223-79e7f9721948', 'username': 'blueladybug612', 'password': 'billy1', 'salt': 'dL9ppV6i', 'md5': '07c7f13d2ce2218a0d0faf2d2ac1c536', 'sha1': '60417564f32977febfc33bceb8c7a0621605a638', 'sha256': '819c79affa693c057c64c46c4774cf7b5c29cbef96a84ff3d67186221281aa31'}, 'dob': {'date': '1996-08-23T15:46:33.159Z', 'age': 27}, 'registered': {'date': '2011-11-03T08:07:12.798Z', 'age': 12}, 'phone': '06-4116-2589', 'cell': '0476-852-407', 'id': {'name': 'TFN', 'value': '988935343'}, 'picture': {'large': 'https://randomuser.me/api/portraits/women/94.jpg', 'medium': 'https://randomuser.me/api/portraits/med/women/94.jpg', 'thumbnail': 'https://randomuser.me/api/portraits/thumb/women/94.jpg'}, 'nat': 'AU'}], 'info': {'seed': '4c0b81ed06f88801', 'results': 1, 'page': 1, 'version': '1.4'}}</msg>
<arg>${json_data}</arg>
<doc>Logs the given message with the given level.</doc>
<status status="PASS" start="2024-05-11T16:17:05.320761" elapsed="0.000247"/>
</kw>
<kw name="Should Be Equal As Numbers" owner="BuiltIn">
<arg>${json_data['results'][0]['location']['postcode']}</arg>
<arg>${json_data['results'][0]['location']['postcode']}</arg>
<doc>Fails if objects are unequal after converting them to real numbers.</doc>
<status status="PASS" start="2024-05-11T16:17:05.321306" elapsed="0.000738"/>
</kw>
<kw name="Log" owner="BuiltIn">
<msg time="2024-05-11T16:17:05.322565" level="INFO">4311</msg>
<arg>${json_data['results'][0]['location']['postcode']}</arg>
<doc>Logs the given message with the given level.</doc>
<status status="PASS" start="2024-05-11T16:17:05.322234" elapsed="0.000369"/>
</kw>
<status status="PASS" start="2024-05-11T16:17:05.147796" elapsed="0.175053"/>
</kw>
<doc>Testa se os tipos de dados na resposta da API estão corretos.</doc>
<tag>testeTiposDados</tag>
<status status="PASS" start="2024-05-11T16:17:04.853260" elapsed="0.469745"/>
</test>
<test id="s1-s1-t5" name="Validar conteudo" line="35">
<kw name="Teste de Tipos de Conteudo" owner="random-user-service">
<kw name="GET On Session" owner="RequestsLibrary">
<msg time="2024-05-11T16:17:05.448366" level="INFO">GET Request : url=https://randomuser.me/api 
 path_url=/api 
 headers={'User-Agent': 'python-requests/2.31.0', 'Accept-Encoding': 'gzip, deflate', 'Accept': '*/*', 'Connection': 'keep-alive'} 
 body=None 
 </msg>
<msg time="2024-05-11T16:17:05.448451" level="INFO">GET Response : url=https://randomuser.me/api 
 status=200, reason=OK 
 headers={'Date': 'Sat, 11 May 2024 16:17:05 GMT', 'Content-Type': 'application/json; charset=utf-8', 'Transfer-Encoding': 'chunked', 'Connection': 'keep-alive', 'X-Powered-By': 'Express', 'Access-Control-Allow-Origin': '*', 'Cache-Control': 'no-cache', 'ETag': 'W/"48f-LOO+7f9NOcgUfB6RfBJN+SuUqNw"', 'Vary': 'Accept-Encoding', 'Content-Encoding': 'gzip', 'CF-Cache-Status': 'DYNAMIC', 'Report-To': '{"endpoints":[{"url":"https:\\/\\/a.nel.cloudflare.com\\/report\\/v4?s=l3DkZPg7OTDvT8LIMlQpWJtBtFZ5PkvTGt%2B%2F8uHglhi2QK2WOEaI67PKYrgT47pAbCbtP2likaPhh8NA3qkXRX3hNseoANn%2FU5Yq8mlSiT2mIictDjW2u4nW0yJQyLmd"}],"group":"cf-nel","max_age":604800}', 'NEL': '{"success_fraction":0,"report_to":"cf-nel","max_age":604800}', 'Server': 'cloudflare', 'CF-RAY': '88237a284c155a69-IAD', 'alt-svc': 'h3=":443"; ma=86400'} 
 body={"results":[{"gender":"female","name":{"title":"Ms","first":"Svitolika","last":"Kuzemskiy"},"location":{"street":{"number":3860,"name":"Dokuchaievskiy provulok"},"city":"Gorishni Plavni","state":"Zakarpatska","country":"Ukraine","postcode":45542,"coordinates":{"latitude":"74.7325","longitude":"39.9649"},"timezone":{"offset":"-10:00","description":"Hawaii"}},"email":"svitolika.kuzemskiy@example.com","login":{"uuid":"c7f16434-6498-4190-bc75-6acadafdb121","username":"goldengoose699","password":"jason1","salt":"rJGhKd9W","md5":"3bc310ce5dcdbb322ff2783a2b574519","sha1":"123bfd557e7da7687d99f1a2952e437161273bff","sha256":"904b01f63977d8bcc95dbf4741f2eb25a7b9ba7bce9ab12ad511334f90180fde"},"dob":{"date":"1990-09-28T10:36:55.813Z","age":33},"registered":{"date":"2015-01-31T17:23:23.694Z","age":9},"phone":"(097) Z87-1108","cell":"(098) K83-5690","id":{"name":"","value":null},"picture":{"large":"https://randomuser.me/api/portraits/women/78.jpg","medium":"https://randomuser.me/api/portraits/med/women/78.jpg","thumbnail":"https://randomuser.me/api/portraits/thumb/women/78.jpg"},"nat":"UA"}],"info":{"seed":"db0448d530f8d696","results":1,"page":1,"version":"1.4"}} 
 </msg>
<msg time="2024-05-11T16:17:05.448523" level="INFO">/opt/hostedtoolcache/Python/3.12.3/x64/lib/python3.12/site-packages/urllib3/connectionpool.py:1103: InsecureRequestWarning: Unverified HTTPS request is being made to host 'randomuser.me'. Adding certificate verification is strongly advised. See: https://urllib3.readthedocs.io/en/latest/advanced-usage.html#tls-warnings
  warnings.warn(</msg>
<msg time="2024-05-11T16:17:05.448662" level="INFO">${response} = &lt;Response [200]&gt;</msg>
<var>${response}</var>
<arg>consultarAPI</arg>
<arg>/api</arg>
<doc>Sends a GET request on a previously created HTTP Session.</doc>
<status status="PASS" start="2024-05-11T16:17:05.325484" elapsed="0.123228"/>
</kw>
<kw name="Set Variable" owner="BuiltIn">
<msg time="2024-05-11T16:17:05.449598" level="INFO">${json_data} = {'results': [{'gender': 'female', 'name': {'title': 'Ms', 'first': 'Svitolika', 'last': 'Kuzemskiy'}, 'location': {'street': {'number': 3860, 'name': 'Dokuchaievskiy provulok'}, 'city': 'Gorishni Plav...</msg>
<var>${json_data}</var>
<arg>${response.json()}</arg>
<doc>Returns the given values which can then be assigned to a variables.</doc>
<status status="PASS" start="2024-05-11T16:17:05.449153" elapsed="0.000473"/>
</kw>
<kw name="Set Variable" owner="BuiltIn">
<msg time="2024-05-11T16:17:05.450305" level="INFO">${name_title} = Ms</msg>
<var>${name_title}</var>
<arg>${json_data["results"][0]["name"]["title"]}</arg>
<doc>Returns the given values which can then be assigned to a variables.</doc>
<status status="PASS" start="2024-05-11T16:17:05.449924" elapsed="0.000406"/>
</kw>
<kw name="Create List" owner="BuiltIn">
<msg time="2024-05-11T16:17:05.450770" level="INFO">${allowed_titles} = ['Mr', 'Ms', 'Miss', 'Mrs', 'Madame', 'Monsieur']</msg>
<var>${allowed_titles}</var>
<arg>Mr</arg>
<arg>Ms</arg>
<arg>Miss</arg>
<arg>Mrs</arg>
<arg>Madame</arg>
<arg>Monsieur</arg>
<doc>Returns a list containing given items.</doc>
<status status="PASS" start="2024-05-11T16:17:05.450625" elapsed="0.000169"/>
</kw>
<kw name="List Should Contain Value" owner="Collections">
<msg time="2024-05-11T16:17:05.451261" level="INFO">False</msg>
<arg>${allowed_titles}</arg>
<arg>${name_title}</arg>
<doc>Fails if the ``value`` is not found from ``list``.</doc>
<status status="PASS" start="2024-05-11T16:17:05.451086" elapsed="0.000212"/>
</kw>
<kw name="Set Variable" owner="BuiltIn">
<msg time="2024-05-11T16:17:05.451955" level="INFO">${name_country} = UA</msg>
<var>${name_country}</var>
<arg>${json_data["results"][0]["nat"]}</arg>
<doc>Returns the given values which can then be assigned to a variables.</doc>
<status status="PASS" start="2024-05-11T16:17:05.451585" elapsed="0.000394"/>
</kw>
<kw name="Create List" owner="BuiltIn">
<msg time="2024-05-11T16:17:05.452903" level="INFO">${list_country} = ['AD', 'AE', 'AF', 'AG', 'AI', 'AL', 'AM', 'AO', 'AQ', 'AR', 'AS', 'AT', 'AU', 'AW', 'AX', 'AZ', 'BA', 'BB', 'BD', 'BE', 'BF', 'BG', 'BH', 'BI', 'BJ', 'BL', 'BM', 'BN', 'BO', 'BQ', 'BR', 'BS', 'BT', '...</msg>
<var>${list_country}</var>
<arg>AD</arg>
<arg>AE</arg>
<arg>AF</arg>
<arg>AG</arg>
<arg>AI</arg>
<arg>AL</arg>
<arg>AM</arg>
<arg>AO</arg>
<arg>AQ</arg>
<arg>AR</arg>
<arg>AS</arg>
<arg>AT</arg>
<arg>AU</arg>
<arg>AW</arg>
<arg>AX</arg>
<arg>AZ</arg>
<arg>BA</arg>
<arg>BB</arg>
<arg>BD</arg>
<arg>BE</arg>
<arg>BF</arg>
<arg>BG</arg>
<arg>BH</arg>
<arg>BI</arg>
<arg>BJ</arg>
<arg>BL</arg>
<arg>BM</arg>
<arg>BN</arg>
<arg>BO</arg>
<arg>BQ</arg>
<arg>BR</arg>
<arg>BS</arg>
<arg>BT</arg>
<arg>BV</arg>
<arg>BW</arg>
<arg>BY</arg>
<arg>BZ</arg>
<arg>CA</arg>
<arg>CC</arg>
<arg>CD</arg>
<arg>CF</arg>
<arg>CG</arg>
<arg>CH</arg>
<arg>CI</arg>
<arg>CK</arg>
<arg>CL</arg>
<arg>CM</arg>
<arg>CN</arg>
<arg>CO</arg>
<arg>CR</arg>
<arg>CU</arg>
<arg>CV</arg>
<arg>CW</arg>
<arg>CX</arg>
<arg>CY</arg>
<arg>CZ</arg>
<arg>DE</arg>
<arg>DJ</arg>
<arg>DK</arg>
<arg>DM</arg>
<arg>DO</arg>
<arg>DZ</arg>
<arg>EC</arg>
<arg>EE</arg>
<arg>EG</arg>
<arg>EH</arg>
<arg>ER</arg>
<arg>ES</arg>
<arg>ET</arg>
<arg>FI</arg>
<arg>FJ</arg>
<arg>FK</arg>
<arg>FM</arg>
<arg>FO</arg>
<arg>FR</arg>
<arg>GA</arg>
<arg>GB</arg>
<arg>GD</arg>
<arg>GE</arg>
<arg>GF</arg>
<arg>GG</arg>
<arg>GH</arg>
<arg>GI</arg>
<arg>GL</arg>
<arg>GM</arg>
<arg>GN</arg>
<arg>GP</arg>
<arg>GQ</arg>
<arg>GR</arg>
<arg>GS</arg>
<arg>GT</arg>
<arg>GU</arg>
<arg>GW</arg>
<arg>GY</arg>
<arg>HK</arg>
<arg>HM</arg>
<arg>HN</arg>
<arg>HR</arg>
<arg>HT</arg>
<arg>HU</arg>
<arg>ID</arg>
<arg>IE</arg>
<arg>IL</arg>
<arg>IM</arg>
<arg>IN</arg>
<arg>IO</arg>
<arg>IQ</arg>
<arg>IR</arg>
<arg>IS</arg>
<arg>IT</arg>
<arg>JE</arg>
<arg>JM</arg>
<arg>JO</arg>
<arg>JP</arg>
<arg>KE</arg>
<arg>KG</arg>
<arg>KH</arg>
<arg>KI</arg>
<arg>KM</arg>
<arg>KN</arg>
<arg>KP</arg>
<arg>KR</arg>
<arg>KW</arg>
<arg>KY</arg>
<arg>KZ</arg>
<arg>LA</arg>
<arg>LB</arg>
<arg>LC</arg>
<arg>LI</arg>
<arg>LK</arg>
<arg>LR</arg>
<arg>LS</arg>
<arg>LT</arg>
<arg>LU</arg>
<arg>LV</arg>
<arg>LY</arg>
<arg>MA</arg>
<arg>MC</arg>
<arg>MD</arg>
<arg>ME</arg>
<arg>MF</arg>
<arg>MG</arg>
<arg>MH</arg>
<arg>MK</arg>
<arg>ML</arg>
<arg>MM</arg>
<arg>MN</arg>
<arg>MO</arg>
<arg>MP</arg>
<arg>MQ</arg>
<arg>MR</arg>
<arg>MS</arg>
<arg>MT</arg>
<arg>MU</arg>
<arg>MV</arg>
<arg>MW</arg>
<arg>MX</arg>
<arg>MY</arg>
<arg>MZ</arg>
<arg>NA</arg>
<arg>NC</arg>
<arg>NE</arg>
<arg>NF</arg>
<arg>NG</arg>
<arg>NI</arg>
<arg>NL</arg>
<arg>NO</arg>
<arg>NP</arg>
<arg>NR</arg>
<arg>NU</arg>
<arg>NZ</arg>
<arg>OM</arg>
<arg>PA</arg>
<arg>PE</arg>
<arg>PF</arg>
<arg>PG</arg>
<arg>PH</arg>
<arg>PK</arg>
<arg>PL</arg>
<arg>PM</arg>
<arg>PN</arg>
<arg>PR</arg>
<arg>PS</arg>
<arg>PT</arg>
<arg>PW</arg>
<arg>PY</arg>
<arg>QA</arg>
<arg>RE</arg>
<arg>RO</arg>
<arg>RS</arg>
<arg>RU</arg>
<arg>RW</arg>
<arg>SA</arg>
<arg>SB</arg>
<arg>SC</arg>
<arg>SD</arg>
<arg>SE</arg>
<arg>SG</arg>
<arg>SH</arg>
<arg>SI</arg>
<arg>SJ</arg>
<arg>SK</arg>
<arg>SL</arg>
<arg>SM</arg>
<arg>SN</arg>
<arg>SO</arg>
<arg>SR</arg>
<arg>SS</arg>
<arg>ST</arg>
<arg>SV</arg>
<arg>SX</arg>
<arg>SY</arg>
<arg>SZ</arg>
<arg>TC</arg>
<arg>TD</arg>
<arg>TF</arg>
<arg>TG</arg>
<arg>TH</arg>
<arg>TJ</arg>
<arg>TK</arg>
<arg>TL</arg>
<arg>TM</arg>
<arg>TN</arg>
<arg>TO</arg>
<arg>TR</arg>
<arg>TT</arg>
<arg>TV</arg>
<arg>TW</arg>
<arg>TZ</arg>
<arg>UA</arg>
<arg>UG</arg>
<arg>UM</arg>
<arg>US</arg>
<arg>UY</arg>
<arg>UZ</arg>
<arg>VA</arg>
<arg>VC</arg>
<arg>VE</arg>
<arg>VG</arg>
<arg>VI</arg>
<arg>VN</arg>
<arg>VU</arg>
<arg>WF</arg>
<arg>WS</arg>
<arg>XK</arg>
<arg>YE</arg>
<arg>YT</arg>
<arg>ZA</arg>
<arg>ZM</arg>
<arg>ZW</arg>
<doc>Returns a list containing given items.</doc>
<status status="PASS" start="2024-05-11T16:17:05.452316" elapsed="0.000611"/>
</kw>
<kw name="List Should Contain Value" owner="Collections">
<msg time="2024-05-11T16:17:05.453905" level="INFO">False</msg>
<arg>${list_country}</arg>
<arg>${name_country}</arg>
<doc>Fails if the ``value`` is not found from ``list``.</doc>
<status status="PASS" start="2024-05-11T16:17:05.453709" elapsed="0.000231"/>
</kw>
<kw name="Run Keyword If" owner="BuiltIn">
<kw name="Should Be True" owner="BuiltIn">
<arg>${True}</arg>
<doc>Fails if the given condition is not true.</doc>
<status status="PASS" start="2024-05-11T16:17:05.454994" elapsed="0.000141"/>
</kw>
<arg>${json_data["results"][0]["location"]["coordinates"]["latitude"]} &gt;= -90 and ${json_data["results"][0]["location"]["coordinates"]["latitude"]} &lt;= 90</arg>
<arg>Should Be True</arg>
<arg>${True}</arg>
<doc>Runs the given keyword with the given arguments, if ``condition`` is true.</doc>
<status status="PASS" start="2024-05-11T16:17:05.454245" elapsed="0.001014"/>
</kw>
<kw name="Run Keyword If" owner="BuiltIn">
<kw name="Should Be True" owner="BuiltIn">
<arg>${True}</arg>
<doc>Fails if the given condition is not true.</doc>
<status status="PASS" start="2024-05-11T16:17:05.456130" elapsed="0.000263"/>
</kw>
<arg>${json_data["results"][0]["location"]["coordinates"]["longitude"]} &gt;= -180 and ${json_data["results"][0]["location"]["coordinates"]["longitude"]} &lt;= 180</arg>
<arg>Should Be True</arg>
<arg>${True}</arg>
<doc>Runs the given keyword with the given arguments, if ``condition`` is true.</doc>
<status status="PASS" start="2024-05-11T16:17:05.455438" elapsed="0.001079"/>
</kw>
<status status="PASS" start="2024-05-11T16:17:05.325267" elapsed="0.131375"/>
</kw>
<doc>Testa o conteúdo específico dos campos retornados pela API.</doc>
<tag>testeConteudo</tag>
<status status="PASS" start="2024-05-11T16:17:05.324763" elapsed="0.132020"/>
</test>
<status status="PASS" start="2024-05-11T16:16:55.881175" elapsed="9.577540"/>
</suite>
<status status="PASS" start="2024-05-11T16:16:55.867901" elapsed="9.595976"/>
</suite>
<statistics>
<total>
<stat pass="5" fail="0" skip="0">All Tests</stat>
</total>
<tag>
<stat pass="1" fail="0" skip="0">testeConteudo</stat>
<stat pass="1" fail="0" skip="0">testeEstruturaResposta</stat>
<stat pass="1" fail="0" skip="0">testeRequisicaoBasica</stat>
<stat pass="1" fail="0" skip="0">testeTiposDados</stat>
</tag>
<suite>
<stat pass="5" fail="0" skip="0" id="s1" name="Tests">Tests</stat>
<stat pass="5" fail="0" skip="0" id="s1-s1" name="Random-User-Test">Tests.Random-User-Test</stat>
</suite>
</statistics>
<errors>
</errors>
</robot>
