<?xml version="1.0" encoding="UTF-8"?>
<robot generator="Robot 7.0.1 (Python 3.12.4 on linux)" generated="2024-06-27T07:14:00.314366" rpa="false" schemaversion="5">
<suite id="s1" name="Tests" source="/home/runner/work/ApiRandomUser/ApiRandomUser/RamdonUser/tests">
<suite id="s1-s1" name="Random-User-Test" source="/home/runner/work/ApiRandomUser/ApiRandomUser/RamdonUser/tests/random-user-test.robot">
<test id="s1-s1-t1" name="Conectar" line="13">
<kw name="Conectar API" owner="random-user-service">
<kw name="Create Session" owner="RequestsLibrary">
<msg time="2024-06-27T07:14:00.750777" level="INFO">Creating Session using : alias=consultarAPI, url=https://randomuser.me/, headers={},                     cookies={}, auth=None, timeout=None, proxies=None, verify=False,                     debug=0 </msg>
<arg>consultarAPI</arg>
<arg>${URL}</arg>
<doc>Create Session: create a HTTP session to a server</doc>
<status status="PASS" start="2024-06-27T07:14:00.750562" elapsed="0.000402"/>
</kw>
<status status="PASS" start="2024-06-27T07:14:00.749548" elapsed="0.001793"/>
</kw>
<status status="PASS" start="2024-06-27T07:14:00.748867" elapsed="0.002671"/>
</test>
<test id="s1-s1-t2" name="Validar retorno 200 e JSON Válido" line="16">
<kw name="Teste de Requisicao Basica" owner="random-user-service">
<kw name="GET On Session" owner="RequestsLibrary">
<msg time="2024-06-27T07:14:00.943107" level="INFO">GET Request : url=https://randomuser.me/api 
 path_url=/api 
 headers={'User-Agent': 'python-requests/2.32.3', 'Accept-Encoding': 'gzip, deflate', 'Accept': '*/*', 'Connection': 'keep-alive'} 
 body=None 
 </msg>
<msg time="2024-06-27T07:14:00.943305" level="INFO">GET Response : url=https://randomuser.me/api 
 status=200, reason=OK 
 headers={'Date': 'Thu, 27 Jun 2024 07:14:00 GMT', 'Content-Type': 'application/json; charset=utf-8', 'Transfer-Encoding': 'chunked', 'Connection': 'keep-alive', 'X-Powered-By': 'Express', 'Access-Control-Allow-Origin': '*', 'Cache-Control': 'no-cache', 'ETag': 'W/"4a5-W6SihzgR6ff6ykzNQY5PKS+g5sQ"', 'Vary': 'Accept-Encoding', 'Content-Encoding': 'gzip', 'CF-Cache-Status': 'DYNAMIC', 'Report-To': '{"endpoints":[{"url":"https:\\/\\/a.nel.cloudflare.com\\/report\\/v4?s=3bDeGzHXPzrm0yN3PntyfLcLlbBPYlnpynDYrtamSD6RP2uRQot8bSs5MGq04c%2BykRT0S94%2B5RrtTFv0h34Do767YKh42s6cKfkXaiiqJYAsBFQsGCGlab0iZ%2FqcBCbp"}],"group":"cf-nel","max_age":604800}', 'NEL': '{"success_fraction":0,"report_to":"cf-nel","max_age":604800}', 'Server': 'cloudflare', 'CF-RAY': '89a3a3439aff57c4-IAD', 'alt-svc': 'h3=":443"; ma=86400'} 
 body={"results":[{"gender":"male","name":{"title":"Mr","first":"Cristian","last":"Navarro"},"location":{"street":{"number":9766,"name":"Avenida de América"},"city":"Sevilla","state":"Comunidad Valenciana","country":"Spain","postcode":26556,"coordinates":{"latitude":"-35.0784","longitude":"-12.6957"},"timezone":{"offset":"+5:00","description":"Ekaterinburg, Islamabad, Karachi, Tashkent"}},"email":"cristian.navarro@example.com","login":{"uuid":"3aaf0d82-7eeb-4ab4-8964-1de78b6e01d1","username":"happyfish198","password":"maxwell","salt":"B35SPTqq","md5":"b258b18472103a933aa7530f8d9cd97e","sha1":"bfb88bfd3c64cb614be3c016b3eb40ecb50492dc","sha256":"bba82bd311b921bd8c5d0029a648868a8e7a1a3e81d6a70aa733d54db432d5eb"},"dob":{"date":"1992-09-03T00:54:45.150Z","age":31},"registered":{"date":"2020-07-25T14:58:58.306Z","age":3},"phone":"957-390-181","cell":"619-362-696","id":{"name":"DNI","value":"28028926-N"},"picture":{"large":"https://randomuser.me/api/portraits/men/44.jpg","medium":"https://randomuser.me/api/portraits/med/men/44.jpg","thumbnail":"https://randomuser.me/api/portraits/thumb/men/44.jpg"},"nat":"ES"}],"info":{"seed":"6bd916ee768a872f","results":1,"page":1,"version":"1.4"}} 
 </msg>
<msg time="2024-06-27T07:14:00.943422" level="INFO">/opt/hostedtoolcache/Python/3.12.4/x64/lib/python3.12/site-packages/urllib3/connectionpool.py:1099: InsecureRequestWarning: Unverified HTTPS request is being made to host 'randomuser.me'. Adding certificate verification is strongly advised. See: https://urllib3.readthedocs.io/en/latest/advanced-usage.html#tls-warnings
  warnings.warn(</msg>
<msg time="2024-06-27T07:14:00.943607" level="INFO">${response} = &lt;Response [200]&gt;</msg>
<var>${response}</var>
<arg>consultarAPI</arg>
<arg>/api</arg>
<doc>Sends a GET request on a previously created HTTP Session.</doc>
<status status="PASS" start="2024-06-27T07:14:00.754349" elapsed="0.189303"/>
</kw>
<kw name="Should Be Equal As Numbers" owner="BuiltIn">
<msg time="2024-06-27T07:14:00.945303" level="INFO">Argument types are:
&lt;class 'int'&gt;
&lt;class 'str'&gt;</msg>
<arg>${response.status_code}</arg>
<arg>200</arg>
<doc>Fails if objects are unequal after converting them to real numbers.</doc>
<status status="PASS" start="2024-06-27T07:14:00.944526" elapsed="0.000848"/>
</kw>
<kw name="Log" owner="BuiltIn">
<msg time="2024-06-27T07:14:00.946125" level="INFO">200</msg>
<arg>${response.status_code}</arg>
<doc>Logs the given message with the given level.</doc>
<status status="PASS" start="2024-06-27T07:14:00.945728" elapsed="0.000441"/>
</kw>
<kw name="Set Variable" owner="BuiltIn">
<msg time="2024-06-27T07:14:00.946977" level="INFO">${json_data} = {'results': [{'gender': 'male', 'name': {'title': 'Mr', 'first': 'Cristian', 'last': 'Navarro'}, 'location': {'street': {'number': 9766, 'name': 'Avenida de América'}, 'city': 'Sevilla', 'state': 'Com...</msg>
<var>${json_data}</var>
<arg>${response.json()}</arg>
<doc>Returns the given values which can then be assigned to a variables.</doc>
<status status="PASS" start="2024-06-27T07:14:00.946489" elapsed="0.000518"/>
</kw>
<kw name="Dictionary Should Contain Key" owner="Collections">
<arg>${json_data}</arg>
<arg>results</arg>
<doc>Fails if ``key`` is not found from ``dictionary``.</doc>
<status status="PASS" start="2024-06-27T07:14:00.947319" elapsed="0.000169"/>
</kw>
<status status="PASS" start="2024-06-27T07:14:00.754097" elapsed="0.193552"/>
</kw>
<doc>Testa se a API responde corretamente e retorna um objeto JSON válido.</doc>
<tag>testeRequisicaoBasica</tag>
<status status="PASS" start="2024-06-27T07:14:00.753522" elapsed="0.194323"/>
</test>
<test id="s1-s1-t3" name="Validar estrutura de resposta" line="22">
<kw name="Teste de Estrutura de Resposta" owner="random-user-service">
<kw name="GET On Session" owner="RequestsLibrary">
<msg time="2024-06-27T07:14:01.043209" level="INFO">GET Request : url=https://randomuser.me/api 
 path_url=/api 
 headers={'User-Agent': 'python-requests/2.32.3', 'Accept-Encoding': 'gzip, deflate', 'Accept': '*/*', 'Connection': 'keep-alive'} 
 body=None 
 </msg>
<msg time="2024-06-27T07:14:01.043339" level="INFO">GET Response : url=https://randomuser.me/api 
 status=200, reason=OK 
 headers={'Date': 'Thu, 27 Jun 2024 07:14:01 GMT', 'Content-Type': 'application/json; charset=utf-8', 'Transfer-Encoding': 'chunked', 'Connection': 'keep-alive', 'X-Powered-By': 'Express', 'Access-Control-Allow-Origin': '*', 'Cache-Control': 'no-cache', 'ETag': 'W/"471-jnmudmVL45/3JJHUCRhVWdkJRR0"', 'Vary': 'Accept-Encoding', 'Content-Encoding': 'gzip', 'CF-Cache-Status': 'DYNAMIC', 'Report-To': '{"endpoints":[{"url":"https:\\/\\/a.nel.cloudflare.com\\/report\\/v4?s=6QwKlYHgGvHcxhFhN9ai3lf8ik1EmrQ5RC9%2FaczvGACKogTnGm%2BNaAPmwicBpE%2BmMC9Uyf86M6ydMWpI1fslYbCXU7Qq%2BSuciLQ%2BiEg4ANKhqnFMHoBDfq%2BgAV6QwbIx"}],"group":"cf-nel","max_age":604800}', 'NEL': '{"success_fraction":0,"report_to":"cf-nel","max_age":604800}', 'Server': 'cloudflare', 'CF-RAY': '89a3a343fb3f57c4-IAD', 'alt-svc': 'h3=":443"; ma=86400'} 
 body={"results":[{"gender":"male","name":{"title":"Mr","first":"Malik","last":"Thompson"},"location":{"street":{"number":3749,"name":"Frederick Ave"},"city":"Melbourne","state":"Ontario","country":"Canada","postcode":"K4Q 0Y2","coordinates":{"latitude":"-66.2420","longitude":"-20.9865"},"timezone":{"offset":"+5:45","description":"Kathmandu"}},"email":"malik.thompson@example.com","login":{"uuid":"9eb579ac-e96c-430f-ab19-e95d33621b54","username":"biglion905","password":"puck","salt":"3KzVlc7N","md5":"f3e695f2f55491081ff832a68712178d","sha1":"8c2f3244101cc421b68b3c5f67637b436674d977","sha256":"d7a93f5900df69af06cca24d69ce0b9cfbccd5c6ef34273b3fa898d4219fe187"},"dob":{"date":"1978-06-28T14:54:18.496Z","age":45},"registered":{"date":"2009-09-21T11:37:59.437Z","age":14},"phone":"F23 D07-3224","cell":"O83 P60-5095","id":{"name":"SIN","value":"688838150"},"picture":{"large":"https://randomuser.me/api/portraits/men/83.jpg","medium":"https://randomuser.me/api/portraits/med/men/83.jpg","thumbnail":"https://randomuser.me/api/portraits/thumb/men/83.jpg"},"nat":"CA"}],"info":{"seed":"f3af9779c820b6c9","results":1,"page":1,"version":"1.4"}} 
 </msg>
<msg time="2024-06-27T07:14:01.043512" level="INFO">/opt/hostedtoolcache/Python/3.12.4/x64/lib/python3.12/site-packages/urllib3/connectionpool.py:1099: InsecureRequestWarning: Unverified HTTPS request is being made to host 'randomuser.me'. Adding certificate verification is strongly advised. See: https://urllib3.readthedocs.io/en/latest/advanced-usage.html#tls-warnings
  warnings.warn(</msg>
<msg time="2024-06-27T07:14:01.043682" level="INFO">${response} = &lt;Response [200]&gt;</msg>
<var>${response}</var>
<arg>consultarAPI</arg>
<arg>/api</arg>
<doc>Sends a GET request on a previously created HTTP Session.</doc>
<status status="PASS" start="2024-06-27T07:14:00.950894" elapsed="0.092849"/>
</kw>
<kw name="Set Variable" owner="BuiltIn">
<msg time="2024-06-27T07:14:01.045818" level="INFO">${json_data} = {'results': [{'gender': 'male', 'name': {'title': 'Mr', 'first': 'Malik', 'last': 'Thompson'}, 'location': {'street': {'number': 3749, 'name': 'Frederick Ave'}, 'city': 'Melbourne', 'state': 'Ontario'...</msg>
<var>${json_data}</var>
<arg>${response.json()}</arg>
<doc>Returns the given values which can then be assigned to a variables.</doc>
<status status="PASS" start="2024-06-27T07:14:01.044663" elapsed="0.001197"/>
</kw>
<kw name="Log" owner="BuiltIn">
<msg time="2024-06-27T07:14:01.046436" level="INFO">{'results': [{'gender': 'male', 'name': {'title': 'Mr', 'first': 'Malik', 'last': 'Thompson'}, 'location': {'street': {'number': 3749, 'name': 'Frederick Ave'}, 'city': 'Melbourne', 'state': 'Ontario', 'country': 'Canada', 'postcode': 'K4Q 0Y2', 'coordinates': {'latitude': '-66.2420', 'longitude': '-20.9865'}, 'timezone': {'offset': '+5:45', 'description': 'Kathmandu'}}, 'email': 'malik.thompson@example.com', 'login': {'uuid': '9eb579ac-e96c-430f-ab19-e95d33621b54', 'username': 'biglion905', 'password': 'puck', 'salt': '3KzVlc7N', 'md5': 'f3e695f2f55491081ff832a68712178d', 'sha1': '8c2f3244101cc421b68b3c5f67637b436674d977', 'sha256': 'd7a93f5900df69af06cca24d69ce0b9cfbccd5c6ef34273b3fa898d4219fe187'}, 'dob': {'date': '1978-06-28T14:54:18.496Z', 'age': 45}, 'registered': {'date': '2009-09-21T11:37:59.437Z', 'age': 14}, 'phone': 'F23 D07-3224', 'cell': 'O83 P60-5095', 'id': {'name': 'SIN', 'value': '688838150'}, 'picture': {'large': 'https://randomuser.me/api/portraits/men/83.jpg', 'medium': 'https://randomuser.me/api/portraits/med/men/83.jpg', 'thumbnail': 'https://randomuser.me/api/portraits/thumb/men/83.jpg'}, 'nat': 'CA'}], 'info': {'seed': 'f3af9779c820b6c9', 'results': 1, 'page': 1, 'version': '1.4'}}</msg>
<arg>${json_data}</arg>
<doc>Logs the given message with the given level.</doc>
<status status="PASS" start="2024-06-27T07:14:01.046250" elapsed="0.000248"/>
</kw>
<kw name="Dictionary Should Contain Key" owner="Collections">
<arg>${json_data}</arg>
<arg>results</arg>
<doc>Fails if ``key`` is not found from ``dictionary``.</doc>
<status status="PASS" start="2024-06-27T07:14:01.046842" elapsed="0.000188"/>
</kw>
<kw name="Should Not Be Empty" owner="BuiltIn">
<msg time="2024-06-27T07:14:01.047370" level="INFO">Length is 2.</msg>
<arg>${json_data}</arg>
<doc>Verifies that the given item is not empty.</doc>
<status status="PASS" start="2024-06-27T07:14:01.047239" elapsed="0.000172"/>
</kw>
<kw name="Create List" owner="BuiltIn">
<msg time="2024-06-27T07:14:01.047891" level="INFO">${expected_keys} = ['gender', 'name', 'location', 'email', 'login']</msg>
<var>${expected_keys}</var>
<arg>gender</arg>
<arg>name</arg>
<arg>location</arg>
<arg>email</arg>
<arg>login</arg>
<doc>Returns a list containing given items.</doc>
<status status="PASS" start="2024-06-27T07:14:01.047730" elapsed="0.000188"/>
</kw>
<for flavor="IN">
<iter>
<kw name="Dictionary Should Contain Key" owner="Collections">
<arg>${json_data['results'][0]}</arg>
<arg>${key}</arg>
<doc>Fails if ``key`` is not found from ``dictionary``.</doc>
<status status="PASS" start="2024-06-27T07:14:01.048711" elapsed="0.000475"/>
</kw>
<kw name="Log" owner="BuiltIn">
<msg time="2024-06-27T07:14:01.049818" level="INFO">{'gender': 'male', 'name': {'title': 'Mr', 'first': 'Malik', 'last': 'Thompson'}, 'location': {'street': {'number': 3749, 'name': 'Frederick Ave'}, 'city': 'Melbourne', 'state': 'Ontario', 'country': 'Canada', 'postcode': 'K4Q 0Y2', 'coordinates': {'latitude': '-66.2420', 'longitude': '-20.9865'}, 'timezone': {'offset': '+5:45', 'description': 'Kathmandu'}}, 'email': 'malik.thompson@example.com', 'login': {'uuid': '9eb579ac-e96c-430f-ab19-e95d33621b54', 'username': 'biglion905', 'password': 'puck', 'salt': '3KzVlc7N', 'md5': 'f3e695f2f55491081ff832a68712178d', 'sha1': '8c2f3244101cc421b68b3c5f67637b436674d977', 'sha256': 'd7a93f5900df69af06cca24d69ce0b9cfbccd5c6ef34273b3fa898d4219fe187'}, 'dob': {'date': '1978-06-28T14:54:18.496Z', 'age': 45}, 'registered': {'date': '2009-09-21T11:37:59.437Z', 'age': 14}, 'phone': 'F23 D07-3224', 'cell': 'O83 P60-5095', 'id': {'name': 'SIN', 'value': '688838150'}, 'picture': {'large': 'https://randomuser.me/api/portraits/men/83.jpg', 'medium': 'https://randomuser.me/api/portraits/med/men/83.jpg', 'thumbnail': 'https://randomuser.me/api/portraits/thumb/men/83.jpg'}, 'nat': 'CA'}</msg>
<arg>${json_data['results'][0]}</arg>
<doc>Logs the given message with the given level.</doc>
<status status="PASS" start="2024-06-27T07:14:01.049400" elapsed="0.000473"/>
</kw>
<kw name="Log" owner="BuiltIn">
<msg time="2024-06-27T07:14:01.050326" level="INFO">gender</msg>
<arg>${key}</arg>
<doc>Logs the given message with the given level.</doc>
<status status="PASS" start="2024-06-27T07:14:01.050193" elapsed="0.000173"/>
</kw>
<var name="${key}">gender</var>
<status status="PASS" start="2024-06-27T07:14:01.048579" elapsed="0.002013"/>
</iter>
<iter>
<kw name="Dictionary Should Contain Key" owner="Collections">
<arg>${json_data['results'][0]}</arg>
<arg>${key}</arg>
<doc>Fails if ``key`` is not found from ``dictionary``.</doc>
<status status="PASS" start="2024-06-27T07:14:01.050902" elapsed="0.000417"/>
</kw>
<kw name="Log" owner="BuiltIn">
<msg time="2024-06-27T07:14:01.051869" level="INFO">{'gender': 'male', 'name': {'title': 'Mr', 'first': 'Malik', 'last': 'Thompson'}, 'location': {'street': {'number': 3749, 'name': 'Frederick Ave'}, 'city': 'Melbourne', 'state': 'Ontario', 'country': 'Canada', 'postcode': 'K4Q 0Y2', 'coordinates': {'latitude': '-66.2420', 'longitude': '-20.9865'}, 'timezone': {'offset': '+5:45', 'description': 'Kathmandu'}}, 'email': 'malik.thompson@example.com', 'login': {'uuid': '9eb579ac-e96c-430f-ab19-e95d33621b54', 'username': 'biglion905', 'password': 'puck', 'salt': '3KzVlc7N', 'md5': 'f3e695f2f55491081ff832a68712178d', 'sha1': '8c2f3244101cc421b68b3c5f67637b436674d977', 'sha256': 'd7a93f5900df69af06cca24d69ce0b9cfbccd5c6ef34273b3fa898d4219fe187'}, 'dob': {'date': '1978-06-28T14:54:18.496Z', 'age': 45}, 'registered': {'date': '2009-09-21T11:37:59.437Z', 'age': 14}, 'phone': 'F23 D07-3224', 'cell': 'O83 P60-5095', 'id': {'name': 'SIN', 'value': '688838150'}, 'picture': {'large': 'https://randomuser.me/api/portraits/men/83.jpg', 'medium': 'https://randomuser.me/api/portraits/med/men/83.jpg', 'thumbnail': 'https://randomuser.me/api/portraits/thumb/men/83.jpg'}, 'nat': 'CA'}</msg>
<arg>${json_data['results'][0]}</arg>
<doc>Logs the given message with the given level.</doc>
<status status="PASS" start="2024-06-27T07:14:01.051508" elapsed="0.000444"/>
</kw>
<kw name="Log" owner="BuiltIn">
<msg time="2024-06-27T07:14:01.052391" level="INFO">name</msg>
<arg>${key}</arg>
<doc>Logs the given message with the given level.</doc>
<status status="PASS" start="2024-06-27T07:14:01.052261" elapsed="0.000169"/>
</kw>
<var name="${key}">name</var>
<status status="PASS" start="2024-06-27T07:14:01.050785" elapsed="0.001868"/>
</iter>
<iter>
<kw name="Dictionary Should Contain Key" owner="Collections">
<arg>${json_data['results'][0]}</arg>
<arg>${key}</arg>
<doc>Fails if ``key`` is not found from ``dictionary``.</doc>
<status status="PASS" start="2024-06-27T07:14:01.052947" elapsed="0.000438"/>
</kw>
<kw name="Log" owner="BuiltIn">
<msg time="2024-06-27T07:14:01.053945" level="INFO">{'gender': 'male', 'name': {'title': 'Mr', 'first': 'Malik', 'last': 'Thompson'}, 'location': {'street': {'number': 3749, 'name': 'Frederick Ave'}, 'city': 'Melbourne', 'state': 'Ontario', 'country': 'Canada', 'postcode': 'K4Q 0Y2', 'coordinates': {'latitude': '-66.2420', 'longitude': '-20.9865'}, 'timezone': {'offset': '+5:45', 'description': 'Kathmandu'}}, 'email': 'malik.thompson@example.com', 'login': {'uuid': '9eb579ac-e96c-430f-ab19-e95d33621b54', 'username': 'biglion905', 'password': 'puck', 'salt': '3KzVlc7N', 'md5': 'f3e695f2f55491081ff832a68712178d', 'sha1': '8c2f3244101cc421b68b3c5f67637b436674d977', 'sha256': 'd7a93f5900df69af06cca24d69ce0b9cfbccd5c6ef34273b3fa898d4219fe187'}, 'dob': {'date': '1978-06-28T14:54:18.496Z', 'age': 45}, 'registered': {'date': '2009-09-21T11:37:59.437Z', 'age': 14}, 'phone': 'F23 D07-3224', 'cell': 'O83 P60-5095', 'id': {'name': 'SIN', 'value': '688838150'}, 'picture': {'large': 'https://randomuser.me/api/portraits/men/83.jpg', 'medium': 'https://randomuser.me/api/portraits/med/men/83.jpg', 'thumbnail': 'https://randomuser.me/api/portraits/thumb/men/83.jpg'}, 'nat': 'CA'}</msg>
<arg>${json_data['results'][0]}</arg>
<doc>Logs the given message with the given level.</doc>
<status status="PASS" start="2024-06-27T07:14:01.053577" elapsed="0.000418"/>
</kw>
<kw name="Log" owner="BuiltIn">
<msg time="2024-06-27T07:14:01.054436" level="INFO">location</msg>
<arg>${key}</arg>
<doc>Logs the given message with the given level.</doc>
<status status="PASS" start="2024-06-27T07:14:01.054305" elapsed="0.000169"/>
</kw>
<var name="${key}">location</var>
<status status="PASS" start="2024-06-27T07:14:01.052836" elapsed="0.001866"/>
</iter>
<iter>
<kw name="Dictionary Should Contain Key" owner="Collections">
<arg>${json_data['results'][0]}</arg>
<arg>${key}</arg>
<doc>Fails if ``key`` is not found from ``dictionary``.</doc>
<status status="PASS" start="2024-06-27T07:14:01.055000" elapsed="0.000399"/>
</kw>
<kw name="Log" owner="BuiltIn">
<msg time="2024-06-27T07:14:01.055967" level="INFO">{'gender': 'male', 'name': {'title': 'Mr', 'first': 'Malik', 'last': 'Thompson'}, 'location': {'street': {'number': 3749, 'name': 'Frederick Ave'}, 'city': 'Melbourne', 'state': 'Ontario', 'country': 'Canada', 'postcode': 'K4Q 0Y2', 'coordinates': {'latitude': '-66.2420', 'longitude': '-20.9865'}, 'timezone': {'offset': '+5:45', 'description': 'Kathmandu'}}, 'email': 'malik.thompson@example.com', 'login': {'uuid': '9eb579ac-e96c-430f-ab19-e95d33621b54', 'username': 'biglion905', 'password': 'puck', 'salt': '3KzVlc7N', 'md5': 'f3e695f2f55491081ff832a68712178d', 'sha1': '8c2f3244101cc421b68b3c5f67637b436674d977', 'sha256': 'd7a93f5900df69af06cca24d69ce0b9cfbccd5c6ef34273b3fa898d4219fe187'}, 'dob': {'date': '1978-06-28T14:54:18.496Z', 'age': 45}, 'registered': {'date': '2009-09-21T11:37:59.437Z', 'age': 14}, 'phone': 'F23 D07-3224', 'cell': 'O83 P60-5095', 'id': {'name': 'SIN', 'value': '688838150'}, 'picture': {'large': 'https://randomuser.me/api/portraits/men/83.jpg', 'medium': 'https://randomuser.me/api/portraits/med/men/83.jpg', 'thumbnail': 'https://randomuser.me/api/portraits/thumb/men/83.jpg'}, 'nat': 'CA'}</msg>
<arg>${json_data['results'][0]}</arg>
<doc>Logs the given message with the given level.</doc>
<status status="PASS" start="2024-06-27T07:14:01.055593" elapsed="0.000424"/>
</kw>
<kw name="Log" owner="BuiltIn">
<msg time="2024-06-27T07:14:01.056463" level="INFO">email</msg>
<arg>${key}</arg>
<doc>Logs the given message with the given level.</doc>
<status status="PASS" start="2024-06-27T07:14:01.056333" elapsed="0.000170"/>
</kw>
<var name="${key}">email</var>
<status status="PASS" start="2024-06-27T07:14:01.054889" elapsed="0.001847"/>
</iter>
<iter>
<kw name="Dictionary Should Contain Key" owner="Collections">
<arg>${json_data['results'][0]}</arg>
<arg>${key}</arg>
<doc>Fails if ``key`` is not found from ``dictionary``.</doc>
<status status="PASS" start="2024-06-27T07:14:01.057064" elapsed="0.000422"/>
</kw>
<kw name="Log" owner="BuiltIn">
<msg time="2024-06-27T07:14:01.058054" level="INFO">{'gender': 'male', 'name': {'title': 'Mr', 'first': 'Malik', 'last': 'Thompson'}, 'location': {'street': {'number': 3749, 'name': 'Frederick Ave'}, 'city': 'Melbourne', 'state': 'Ontario', 'country': 'Canada', 'postcode': 'K4Q 0Y2', 'coordinates': {'latitude': '-66.2420', 'longitude': '-20.9865'}, 'timezone': {'offset': '+5:45', 'description': 'Kathmandu'}}, 'email': 'malik.thompson@example.com', 'login': {'uuid': '9eb579ac-e96c-430f-ab19-e95d33621b54', 'username': 'biglion905', 'password': 'puck', 'salt': '3KzVlc7N', 'md5': 'f3e695f2f55491081ff832a68712178d', 'sha1': '8c2f3244101cc421b68b3c5f67637b436674d977', 'sha256': 'd7a93f5900df69af06cca24d69ce0b9cfbccd5c6ef34273b3fa898d4219fe187'}, 'dob': {'date': '1978-06-28T14:54:18.496Z', 'age': 45}, 'registered': {'date': '2009-09-21T11:37:59.437Z', 'age': 14}, 'phone': 'F23 D07-3224', 'cell': 'O83 P60-5095', 'id': {'name': 'SIN', 'value': '688838150'}, 'picture': {'large': 'https://randomuser.me/api/portraits/men/83.jpg', 'medium': 'https://randomuser.me/api/portraits/med/men/83.jpg', 'thumbnail': 'https://randomuser.me/api/portraits/thumb/men/83.jpg'}, 'nat': 'CA'}</msg>
<arg>${json_data['results'][0]}</arg>
<doc>Logs the given message with the given level.</doc>
<status status="PASS" start="2024-06-27T07:14:01.057680" elapsed="0.000426"/>
</kw>
<kw name="Log" owner="BuiltIn">
<msg time="2024-06-27T07:14:01.058595" level="INFO">login</msg>
<arg>${key}</arg>
<doc>Logs the given message with the given level.</doc>
<status status="PASS" start="2024-06-27T07:14:01.058458" elapsed="0.000177"/>
</kw>
<var name="${key}">login</var>
<status status="PASS" start="2024-06-27T07:14:01.056915" elapsed="0.001951"/>
</iter>
<var>${key}</var>
<value>@{expected_keys}</value>
<status status="PASS" start="2024-06-27T07:14:01.048374" elapsed="0.010618"/>
</for>
<kw name="Create List" owner="BuiltIn">
<msg time="2024-06-27T07:14:01.059335" level="INFO">${expected_keysTwo} = ['username', 'password']</msg>
<var>${expected_keysTwo}</var>
<arg>username</arg>
<arg>password</arg>
<doc>Returns a list containing given items.</doc>
<status status="PASS" start="2024-06-27T07:14:01.059194" elapsed="0.000167"/>
</kw>
<for flavor="IN">
<iter>
<kw name="Dictionary Should Contain Key" owner="Collections">
<arg>${json_data['results'][0]['login']}</arg>
<arg>${keyTwo}</arg>
<doc>Fails if ``key`` is not found from ``dictionary``.</doc>
<status status="PASS" start="2024-06-27T07:14:01.059903" elapsed="0.000409"/>
</kw>
<kw name="Dictionary Should Contain Key" owner="Collections">
<arg>${json_data['results'][0]['login']}</arg>
<arg>${keyTwo}</arg>
<doc>Fails if ``key`` is not found from ``dictionary``.</doc>
<status status="PASS" start="2024-06-27T07:14:01.060500" elapsed="0.000398"/>
</kw>
<kw name="Log" owner="BuiltIn">
<msg time="2024-06-27T07:14:01.061276" level="INFO">username</msg>
<arg>${keyTwo}</arg>
<doc>Logs the given message with the given level.</doc>
<status status="PASS" start="2024-06-27T07:14:01.061126" elapsed="0.000192"/>
</kw>
<var name="${keyTwo}">username</var>
<status status="PASS" start="2024-06-27T07:14:01.059793" elapsed="0.001759"/>
</iter>
<iter>
<kw name="Dictionary Should Contain Key" owner="Collections">
<arg>${json_data['results'][0]['login']}</arg>
<arg>${keyTwo}</arg>
<doc>Fails if ``key`` is not found from ``dictionary``.</doc>
<status status="PASS" start="2024-06-27T07:14:01.061846" elapsed="0.000418"/>
</kw>
<kw name="Dictionary Should Contain Key" owner="Collections">
<arg>${json_data['results'][0]['login']}</arg>
<arg>${keyTwo}</arg>
<doc>Fails if ``key`` is not found from ``dictionary``.</doc>
<status status="PASS" start="2024-06-27T07:14:01.062453" elapsed="0.000405"/>
</kw>
<kw name="Log" owner="BuiltIn">
<msg time="2024-06-27T07:14:01.063169" level="INFO">password</msg>
<arg>${keyTwo}</arg>
<doc>Logs the given message with the given level.</doc>
<status status="PASS" start="2024-06-27T07:14:01.063046" elapsed="0.000166"/>
</kw>
<var name="${keyTwo}">password</var>
<status status="PASS" start="2024-06-27T07:14:01.061734" elapsed="0.001709"/>
</iter>
<var>${keyTwo}</var>
<value>@{expected_keysTwo}</value>
<status status="PASS" start="2024-06-27T07:14:01.059632" elapsed="0.003935"/>
</for>
<status status="PASS" start="2024-06-27T07:14:00.950653" elapsed="0.113062"/>
</kw>
<doc>Testa a estrutura da resposta da API.</doc>
<tag>testeEstruturaResposta</tag>
<status status="PASS" start="2024-06-27T07:14:00.949973" elapsed="0.113911"/>
</test>
<test id="s1-s1-t4" name="Validar tipos de dados" line="28">
<kw name="Teste de Tipos de Dados" owner="random-user-service">
<kw name="GET On Session" owner="RequestsLibrary">
<msg time="2024-06-27T07:14:01.149044" level="INFO">GET Request : url=https://randomuser.me/api 
 path_url=/api 
 headers={'User-Agent': 'python-requests/2.32.3', 'Accept-Encoding': 'gzip, deflate', 'Accept': '*/*', 'Connection': 'keep-alive'} 
 body=None 
 </msg>
<msg time="2024-06-27T07:14:01.149184" level="INFO">GET Response : url=https://randomuser.me/api 
 status=200, reason=OK 
 headers={'Date': 'Thu, 27 Jun 2024 07:14:01 GMT', 'Content-Type': 'application/json; charset=utf-8', 'Transfer-Encoding': 'chunked', 'Connection': 'keep-alive', 'X-Powered-By': 'Express', 'Access-Control-Allow-Origin': '*', 'Cache-Control': 'no-cache', 'ETag': 'W/"478-ab9P9qMxJaSWgtHSYTyDUvroT3w"', 'Vary': 'Accept-Encoding', 'Content-Encoding': 'gzip', 'CF-Cache-Status': 'DYNAMIC', 'Report-To': '{"endpoints":[{"url":"https:\\/\\/a.nel.cloudflare.com\\/report\\/v4?s=uj8WEuBQPfIfBQgt%2B0m9C0XphCXpdqr7IAH5QCnUBsxuRSTaGTX8aTQLbiCx4W6e13ih12wt6m2N3%2BH4PpDX0FpuF3jgA58nmWfqQItFvu3SS24gVnkEVfEg8qBKoLFW"}],"group":"cf-nel","max_age":604800}', 'NEL': '{"success_fraction":0,"report_to":"cf-nel","max_age":604800}', 'Server': 'cloudflare', 'CF-RAY': '89a3a344abc357c4-IAD', 'alt-svc': 'h3=":443"; ma=86400'} 
 body={"results":[{"gender":"male","name":{"title":"Mr","first":"Alvin","last":"Mjølhus"},"location":{"street":{"number":6390,"name":"Hofftunet"},"city":"Skarpengland","state":"Akershus","country":"Norway","postcode":"6819","coordinates":{"latitude":"45.9520","longitude":"-28.5393"},"timezone":{"offset":"+2:00","description":"Kaliningrad, South Africa"}},"email":"alvin.mjolhus@example.com","login":{"uuid":"088a5b0b-4680-43bf-8ce9-be933c6b4cb5","username":"tinylion724","password":"sarah1","salt":"sAHdpT0W","md5":"5dba1e3017508debccce3d421e7b19d6","sha1":"78de66d74c4c854d9d78d00e34b94018a03e2965","sha256":"6118f43e5a4da7f8d66a72a44937cc3b0f07448fedbf3a16eb830bcf6f0131bc"},"dob":{"date":"1997-01-01T19:10:19.666Z","age":27},"registered":{"date":"2014-03-20T14:25:25.288Z","age":10},"phone":"38472773","cell":"44902595","id":{"name":"FN","value":"01019742152"},"picture":{"large":"https://randomuser.me/api/portraits/men/22.jpg","medium":"https://randomuser.me/api/portraits/med/men/22.jpg","thumbnail":"https://randomuser.me/api/portraits/thumb/men/22.jpg"},"nat":"NO"}],"info":{"seed":"f2f24b6818b0e819","results":1,"page":1,"version":"1.4"}} 
 </msg>
<msg time="2024-06-27T07:14:01.149296" level="INFO">/opt/hostedtoolcache/Python/3.12.4/x64/lib/python3.12/site-packages/urllib3/connectionpool.py:1099: InsecureRequestWarning: Unverified HTTPS request is being made to host 'randomuser.me'. Adding certificate verification is strongly advised. See: https://urllib3.readthedocs.io/en/latest/advanced-usage.html#tls-warnings
  warnings.warn(</msg>
<msg time="2024-06-27T07:14:01.149411" level="INFO">${response} = &lt;Response [200]&gt;</msg>
<var>${response}</var>
<arg>consultarAPI</arg>
<arg>/api</arg>
<doc>Sends a GET request on a previously created HTTP Session.</doc>
<status status="PASS" start="2024-06-27T07:14:01.066959" elapsed="0.082507"/>
</kw>
<kw name="Set Variable" owner="BuiltIn">
<msg time="2024-06-27T07:14:01.151121" level="INFO">${json_data} = {'results': [{'gender': 'male', 'name': {'title': 'Mr', 'first': 'Alvin', 'last': 'Mjølhus'}, 'location': {'street': {'number': 6390, 'name': 'Hofftunet'}, 'city': 'Skarpengland', 'state': 'Akershus',...</msg>
<var>${json_data}</var>
<arg>${response.json()}</arg>
<doc>Returns the given values which can then be assigned to a variables.</doc>
<status status="PASS" start="2024-06-27T07:14:01.150173" elapsed="0.000987"/>
</kw>
<kw name="Log" owner="BuiltIn">
<msg time="2024-06-27T07:14:01.151674" level="INFO">{'results': [{'gender': 'male', 'name': {'title': 'Mr', 'first': 'Alvin', 'last': 'Mjølhus'}, 'location': {'street': {'number': 6390, 'name': 'Hofftunet'}, 'city': 'Skarpengland', 'state': 'Akershus', 'country': 'Norway', 'postcode': '6819', 'coordinates': {'latitude': '45.9520', 'longitude': '-28.5393'}, 'timezone': {'offset': '+2:00', 'description': 'Kaliningrad, South Africa'}}, 'email': 'alvin.mjolhus@example.com', 'login': {'uuid': '088a5b0b-4680-43bf-8ce9-be933c6b4cb5', 'username': 'tinylion724', 'password': 'sarah1', 'salt': 'sAHdpT0W', 'md5': '5dba1e3017508debccce3d421e7b19d6', 'sha1': '78de66d74c4c854d9d78d00e34b94018a03e2965', 'sha256': '6118f43e5a4da7f8d66a72a44937cc3b0f07448fedbf3a16eb830bcf6f0131bc'}, 'dob': {'date': '1997-01-01T19:10:19.666Z', 'age': 27}, 'registered': {'date': '2014-03-20T14:25:25.288Z', 'age': 10}, 'phone': '38472773', 'cell': '44902595', 'id': {'name': 'FN', 'value': '01019742152'}, 'picture': {'large': 'https://randomuser.me/api/portraits/men/22.jpg', 'medium': 'https://randomuser.me/api/portraits/med/men/22.jpg', 'thumbnail': 'https://randomuser.me/api/portraits/thumb/men/22.jpg'}, 'nat': 'NO'}], 'info': {'seed': 'f2f24b6818b0e819', 'results': 1, 'page': 1, 'version': '1.4'}}</msg>
<arg>${json_data}</arg>
<doc>Logs the given message with the given level.</doc>
<status status="PASS" start="2024-06-27T07:14:01.151506" elapsed="0.000224"/>
</kw>
<kw name="Should Be String" owner="String">
<arg>${json_data['results'][0]['gender']}</arg>
<doc>Fails if the given ``item`` is not a string.</doc>
<status status="PASS" start="2024-06-27T07:14:01.152042" elapsed="0.000422"/>
</kw>
<kw name="Should Match Regexp" owner="BuiltIn">
<arg>${json_data['results'][0]['email']}</arg>
<arg>^[a-zA-Z0-9._%+-]+@[a-zA-Z0-9.-]+\.[a-zA-Z]{2,}$</arg>
<doc>Fails if ``string`` does not match ``pattern`` as a regular expression.</doc>
<status status="PASS" start="2024-06-27T07:14:01.152659" elapsed="0.000588"/>
</kw>
<kw name="Should Match Regexp" owner="BuiltIn">
<arg>${json_data['results'][0]['dob']['date']}</arg>
<arg>\\d{4}-\\d{2}-\\d{2}T\\d{2}:\\d{2}:\\d{2}\\.\\d{3}Z</arg>
<doc>Fails if ``string`` does not match ``pattern`` as a regular expression.</doc>
<status status="PASS" start="2024-06-27T07:14:01.153491" elapsed="0.000531"/>
</kw>
<kw name="Should Match Regexp" owner="BuiltIn">
<arg>${json_data['results'][0]['registered']['date']}</arg>
<arg>\\d{4}-\\d{2}-\\d{2}T\\d{2}:\\d{2}:\\d{2}\\.\\d{3}Z</arg>
<doc>Fails if ``string`` does not match ``pattern`` as a regular expression.</doc>
<status status="PASS" start="2024-06-27T07:14:01.154227" elapsed="0.000405"/>
</kw>
<kw name="Should Match Regexp" owner="BuiltIn">
<arg>${json_data['results'][0]['picture']['large']}</arg>
<arg>^https?://.*\.(?:png|jpe?g|gif|bmp)$</arg>
<doc>Fails if ``string`` does not match ``pattern`` as a regular expression.</doc>
<status status="PASS" start="2024-06-27T07:14:01.154833" elapsed="0.000501"/>
</kw>
<kw name="Should Match Regexp" owner="BuiltIn">
<arg>${json_data['results'][0]['picture']['medium']}</arg>
<arg>^https?://.*\.(?:png|jpe?g|gif|bmp)$</arg>
<doc>Fails if ``string`` does not match ``pattern`` as a regular expression.</doc>
<status status="PASS" start="2024-06-27T07:14:01.155527" elapsed="0.000378"/>
</kw>
<kw name="Should Match Regexp" owner="BuiltIn">
<arg>${json_data['results'][0]['picture']['thumbnail']}</arg>
<arg>^https?://.*\.(?:png|jpe?g|gif|bmp)$</arg>
<doc>Fails if ``string`` does not match ``pattern`` as a regular expression.</doc>
<status status="PASS" start="2024-06-27T07:14:01.156098" elapsed="0.000369"/>
</kw>
<kw name="Log" owner="BuiltIn">
<msg time="2024-06-27T07:14:01.157031" level="INFO">{'large': 'https://randomuser.me/api/portraits/men/22.jpg', 'medium': 'https://randomuser.me/api/portraits/med/men/22.jpg', 'thumbnail': 'https://randomuser.me/api/portraits/thumb/men/22.jpg'}</msg>
<arg>${json_data['results'][0]['picture']}</arg>
<doc>Logs the given message with the given level.</doc>
<status status="PASS" start="2024-06-27T07:14:01.156660" elapsed="0.000418"/>
</kw>
<status status="PASS" start="2024-06-27T07:14:01.066713" elapsed="0.090626"/>
</kw>
<kw name="Teste de Tipos de Dados - Postcode" owner="random-user-service">
<kw name="GET On Session" owner="RequestsLibrary">
<msg time="2024-06-27T07:14:01.242836" level="INFO">GET Request : url=https://randomuser.me/api 
 path_url=/api 
 headers={'User-Agent': 'python-requests/2.32.3', 'Accept-Encoding': 'gzip, deflate', 'Accept': '*/*', 'Connection': 'keep-alive'} 
 body=None 
 </msg>
<msg time="2024-06-27T07:14:01.242952" level="INFO">GET Response : url=https://randomuser.me/api 
 status=200, reason=OK 
 headers={'Date': 'Thu, 27 Jun 2024 07:14:01 GMT', 'Content-Type': 'application/json; charset=utf-8', 'Transfer-Encoding': 'chunked', 'Connection': 'keep-alive', 'X-Powered-By': 'Express', 'Access-Control-Allow-Origin': '*', 'Cache-Control': 'no-cache', 'ETag': 'W/"49c-v1hvCKSb+LHCWRFFa4WWbakknXk"', 'Vary': 'Accept-Encoding', 'Content-Encoding': 'gzip', 'CF-Cache-Status': 'DYNAMIC', 'Report-To': '{"endpoints":[{"url":"https:\\/\\/a.nel.cloudflare.com\\/report\\/v4?s=woopuYulrxnrHIoZ5Z13vuPLijxc0a68ic6Lz2Ld6JnkmEsDn%2BYBnT%2B0uWAP0pG9dzeNP2hFhl96Zh57ap4FOtaWv77Z5sqz8tNHYgPS8LGy8pDgaSv2CLfpY3l2O4uF"}],"group":"cf-nel","max_age":604800}', 'NEL': '{"success_fraction":0,"report_to":"cf-nel","max_age":604800}', 'Server': 'cloudflare', 'CF-RAY': '89a3a3453c2757c4-IAD', 'alt-svc': 'h3=":443"; ma=86400'} 
 body={"results":[{"gender":"female","name":{"title":"Ms","first":"Margarita","last":"Jiménez"},"location":{"street":{"number":2592,"name":"Calle de Ferraz"},"city":"Elche","state":"Islas Baleares","country":"Spain","postcode":54251,"coordinates":{"latitude":"-32.1368","longitude":"145.0088"},"timezone":{"offset":"+1:00","description":"Brussels, Copenhagen, Madrid, Paris"}},"email":"margarita.jimenez@example.com","login":{"uuid":"97b7473b-767a-4c64-9285-bbc9fe5cdb90","username":"greenpanda764","password":"kent","salt":"zCQWysLk","md5":"aaedc4ccc1f76a5eadc89d720d0b2b2b","sha1":"2c1bf21c1bbe6d3426e3ab20594f7bdef7d2bf7e","sha256":"2f59bd309dc4dbbc5a86792e0ab7ab508e982ad82c2909d325dde009189e7686"},"dob":{"date":"1988-07-30T17:50:18.006Z","age":35},"registered":{"date":"2014-02-10T17:58:15.965Z","age":10},"phone":"993-787-506","cell":"694-089-966","id":{"name":"DNI","value":"72216274-N"},"picture":{"large":"https://randomuser.me/api/portraits/women/92.jpg","medium":"https://randomuser.me/api/portraits/med/women/92.jpg","thumbnail":"https://randomuser.me/api/portraits/thumb/women/92.jpg"},"nat":"ES"}],"info":{"seed":"c38974797394da35","results":1,"page":1,"version":"1.4"}} 
 </msg>
<msg time="2024-06-27T07:14:01.243054" level="INFO">/opt/hostedtoolcache/Python/3.12.4/x64/lib/python3.12/site-packages/urllib3/connectionpool.py:1099: InsecureRequestWarning: Unverified HTTPS request is being made to host 'randomuser.me'. Adding certificate verification is strongly advised. See: https://urllib3.readthedocs.io/en/latest/advanced-usage.html#tls-warnings
  warnings.warn(</msg>
<msg time="2024-06-27T07:14:01.243211" level="INFO">${response} = &lt;Response [200]&gt;</msg>
<var>${response}</var>
<arg>consultarAPI</arg>
<arg>/api</arg>
<doc>Sends a GET request on a previously created HTTP Session.</doc>
<status status="PASS" start="2024-06-27T07:14:01.157800" elapsed="0.085472"/>
</kw>
<kw name="Set Variable" owner="BuiltIn">
<msg time="2024-06-27T07:14:01.245229" level="INFO">${json_data} = {'results': [{'gender': 'female', 'name': {'title': 'Ms', 'first': 'Margarita', 'last': 'Jiménez'}, 'location': {'street': {'number': 2592, 'name': 'Calle de Ferraz'}, 'city': 'Elche', 'state': 'Islas...</msg>
<var>${json_data}</var>
<arg>${response.json()}</arg>
<doc>Returns the given values which can then be assigned to a variables.</doc>
<status status="PASS" start="2024-06-27T07:14:01.244199" elapsed="0.001067"/>
</kw>
<kw name="Log" owner="BuiltIn">
<msg time="2024-06-27T07:14:01.245833" level="INFO">{'results': [{'gender': 'female', 'name': {'title': 'Ms', 'first': 'Margarita', 'last': 'Jiménez'}, 'location': {'street': {'number': 2592, 'name': 'Calle de Ferraz'}, 'city': 'Elche', 'state': 'Islas Baleares', 'country': 'Spain', 'postcode': 54251, 'coordinates': {'latitude': '-32.1368', 'longitude': '145.0088'}, 'timezone': {'offset': '+1:00', 'description': 'Brussels, Copenhagen, Madrid, Paris'}}, 'email': 'margarita.jimenez@example.com', 'login': {'uuid': '97b7473b-767a-4c64-9285-bbc9fe5cdb90', 'username': 'greenpanda764', 'password': 'kent', 'salt': 'zCQWysLk', 'md5': 'aaedc4ccc1f76a5eadc89d720d0b2b2b', 'sha1': '2c1bf21c1bbe6d3426e3ab20594f7bdef7d2bf7e', 'sha256': '2f59bd309dc4dbbc5a86792e0ab7ab508e982ad82c2909d325dde009189e7686'}, 'dob': {'date': '1988-07-30T17:50:18.006Z', 'age': 35}, 'registered': {'date': '2014-02-10T17:58:15.965Z', 'age': 10}, 'phone': '993-787-506', 'cell': '694-089-966', 'id': {'name': 'DNI', 'value': '72216274-N'}, 'picture': {'large': 'https://randomuser.me/api/portraits/women/92.jpg', 'medium': 'https://randomuser.me/api/portraits/med/women/92.jpg', 'thumbnail': 'https://randomuser.me/api/portraits/thumb/women/92.jpg'}, 'nat': 'ES'}], 'info': {'seed': 'c38974797394da35', 'results': 1, 'page': 1, 'version': '1.4'}}</msg>
<arg>${json_data}</arg>
<doc>Logs the given message with the given level.</doc>
<status status="PASS" start="2024-06-27T07:14:01.245637" elapsed="0.000260"/>
</kw>
<kw name="Should Be Equal As Numbers" owner="BuiltIn">
<arg>${json_data['results'][0]['location']['postcode']}</arg>
<arg>${json_data['results'][0]['location']['postcode']}</arg>
<doc>Fails if objects are unequal after converting them to real numbers.</doc>
<status status="PASS" start="2024-06-27T07:14:01.246249" elapsed="0.000742"/>
</kw>
<kw name="Log" owner="BuiltIn">
<msg time="2024-06-27T07:14:01.247592" level="INFO">54251</msg>
<arg>${json_data['results'][0]['location']['postcode']}</arg>
<doc>Logs the given message with the given level.</doc>
<status status="PASS" start="2024-06-27T07:14:01.247202" elapsed="0.000433"/>
</kw>
<status status="PASS" start="2024-06-27T07:14:01.157557" elapsed="0.090370"/>
</kw>
<doc>Testa se os tipos de dados na resposta da API estão corretos.</doc>
<tag>testeTiposDados</tag>
<status status="PASS" start="2024-06-27T07:14:01.065949" elapsed="0.182160"/>
</test>
<test id="s1-s1-t5" name="Validar conteudo" line="35">
<kw name="Teste de Tipos de Conteudo" owner="random-user-service">
<kw name="GET On Session" owner="RequestsLibrary">
<msg time="2024-06-27T07:14:01.333534" level="INFO">GET Request : url=https://randomuser.me/api 
 path_url=/api 
 headers={'User-Agent': 'python-requests/2.32.3', 'Accept-Encoding': 'gzip, deflate', 'Accept': '*/*', 'Connection': 'keep-alive'} 
 body=None 
 </msg>
<msg time="2024-06-27T07:14:01.333660" level="INFO">GET Response : url=https://randomuser.me/api 
 status=200, reason=OK 
 headers={'Date': 'Thu, 27 Jun 2024 07:14:01 GMT', 'Content-Type': 'application/json; charset=utf-8', 'Transfer-Encoding': 'chunked', 'Connection': 'keep-alive', 'X-Powered-By': 'Express', 'Access-Control-Allow-Origin': '*', 'Cache-Control': 'no-cache', 'ETag': 'W/"483-+lrPT4gXeDTXQe3PMyoVZoUpW+Y"', 'Vary': 'Accept-Encoding', 'Content-Encoding': 'gzip', 'CF-Cache-Status': 'DYNAMIC', 'Report-To': '{"endpoints":[{"url":"https:\\/\\/a.nel.cloudflare.com\\/report\\/v4?s=NUkajlQ36WQFDLAkEprkv3rSC2%2FL%2BFRInB181fBB3mcyzSV6APciX9rStq%2BszHv47ZyYy%2FO4A4WfRFmTyCf%2BECmXrKEpVG9KP521xCVB56PCvQiBMgONSUMbiXNOasdw"}],"group":"cf-nel","max_age":604800}', 'NEL': '{"success_fraction":0,"report_to":"cf-nel","max_age":604800}', 'Server': 'cloudflare', 'CF-RAY': '89a3a345dc7957c4-IAD', 'alt-svc': 'h3=":443"; ma=86400'} 
 body={"results":[{"gender":"male","name":{"title":"Mr","first":"Volkan","last":"Abanuz"},"location":{"street":{"number":9680,"name":"Doktorlar Cd"},"city":"Konya","state":"Elazığ","country":"Turkey","postcode":33423,"coordinates":{"latitude":"67.0529","longitude":"-136.6425"},"timezone":{"offset":"+10:00","description":"Eastern Australia, Guam, Vladivostok"}},"email":"volkan.abanuz@example.com","login":{"uuid":"f0ff2844-678e-4621-83aa-aeea58208240","username":"purpleostrich716","password":"candy","salt":"AEH6AigG","md5":"4dbb23be411fc393c5763a0e76f6e91f","sha1":"e62102fedf6611092e0f4ed44c112796d20ca187","sha256":"b5ca96bf0926b398b305079e07c652f849fa46951088894e9b002423bb21a6ef"},"dob":{"date":"1994-12-10T12:18:09.091Z","age":29},"registered":{"date":"2020-01-03T23:39:22.552Z","age":4},"phone":"(351)-051-3009","cell":"(226)-113-8651","id":{"name":"","value":null},"picture":{"large":"https://randomuser.me/api/portraits/men/65.jpg","medium":"https://randomuser.me/api/portraits/med/men/65.jpg","thumbnail":"https://randomuser.me/api/portraits/thumb/men/65.jpg"},"nat":"TR"}],"info":{"seed":"c9a2fe15d92e2dac","results":1,"page":1,"version":"1.4"}} 
 </msg>
<msg time="2024-06-27T07:14:01.333794" level="INFO">/opt/hostedtoolcache/Python/3.12.4/x64/lib/python3.12/site-packages/urllib3/connectionpool.py:1099: InsecureRequestWarning: Unverified HTTPS request is being made to host 'randomuser.me'. Adding certificate verification is strongly advised. See: https://urllib3.readthedocs.io/en/latest/advanced-usage.html#tls-warnings
  warnings.warn(</msg>
<msg time="2024-06-27T07:14:01.333943" level="INFO">${response} = &lt;Response [200]&gt;</msg>
<var>${response}</var>
<arg>consultarAPI</arg>
<arg>/api</arg>
<doc>Sends a GET request on a previously created HTTP Session.</doc>
<status status="PASS" start="2024-06-27T07:14:01.251181" elapsed="0.082832"/>
</kw>
<kw name="Set Variable" owner="BuiltIn">
<msg time="2024-06-27T07:14:01.335290" level="INFO">${json_data} = {'results': [{'gender': 'male', 'name': {'title': 'Mr', 'first': 'Volkan', 'last': 'Abanuz'}, 'location': {'street': {'number': 9680, 'name': 'Doktorlar Cd'}, 'city': 'Konya', 'state': 'Elazığ', 'coun...</msg>
<var>${json_data}</var>
<arg>${response.json()}</arg>
<doc>Returns the given values which can then be assigned to a variables.</doc>
<status status="PASS" start="2024-06-27T07:14:01.334662" elapsed="0.000664"/>
</kw>
<kw name="Set Variable" owner="BuiltIn">
<msg time="2024-06-27T07:14:01.336168" level="INFO">${name_title} = Mr</msg>
<var>${name_title}</var>
<arg>${json_data["results"][0]["name"]["title"]}</arg>
<doc>Returns the given values which can then be assigned to a variables.</doc>
<status status="PASS" start="2024-06-27T07:14:01.335685" elapsed="0.000514"/>
</kw>
<kw name="Create List" owner="BuiltIn">
<msg time="2024-06-27T07:14:01.336711" level="INFO">${allowed_titles} = ['Mr', 'Ms', 'Miss', 'Mrs', 'Madame', 'Monsieur']</msg>
<var>${allowed_titles}</var>
<arg>Mr</arg>
<arg>Ms</arg>
<arg>Miss</arg>
<arg>Mrs</arg>
<arg>Madame</arg>
<arg>Monsieur</arg>
<doc>Returns a list containing given items.</doc>
<status status="PASS" start="2024-06-27T07:14:01.336546" elapsed="0.000191"/>
</kw>
<kw name="List Should Contain Value" owner="Collections">
<arg>${allowed_titles}</arg>
<arg>${name_title}</arg>
<doc>Fails if the ``value`` is not found from ``list``.</doc>
<status status="PASS" start="2024-06-27T07:14:01.337095" elapsed="0.000207"/>
</kw>
<kw name="Set Variable" owner="BuiltIn">
<msg time="2024-06-27T07:14:01.337908" level="INFO">${name_country} = TR</msg>
<var>${name_country}</var>
<arg>${json_data["results"][0]["nat"]}</arg>
<doc>Returns the given values which can then be assigned to a variables.</doc>
<status status="PASS" start="2024-06-27T07:14:01.337505" elapsed="0.000434"/>
</kw>
<kw name="Create List" owner="BuiltIn">
<msg time="2024-06-27T07:14:01.338999" level="INFO">${list_country} = ['AD', 'AE', 'AF', 'AG', 'AI', 'AL', 'AM', 'AO', 'AQ', 'AR', 'AS', 'AT', 'AU', 'AW', 'AX', 'AZ', 'BA', 'BB', 'BD', 'BE', 'BF', 'BG', 'BH', 'BI', 'BJ', 'BL', 'BM', 'BN', 'BO', 'BQ', 'BR', 'BS', 'BT', '...</msg>
<var>${list_country}</var>
<arg>AD</arg>
<arg>AE</arg>
<arg>AF</arg>
<arg>AG</arg>
<arg>AI</arg>
<arg>AL</arg>
<arg>AM</arg>
<arg>AO</arg>
<arg>AQ</arg>
<arg>AR</arg>
<arg>AS</arg>
<arg>AT</arg>
<arg>AU</arg>
<arg>AW</arg>
<arg>AX</arg>
<arg>AZ</arg>
<arg>BA</arg>
<arg>BB</arg>
<arg>BD</arg>
<arg>BE</arg>
<arg>BF</arg>
<arg>BG</arg>
<arg>BH</arg>
<arg>BI</arg>
<arg>BJ</arg>
<arg>BL</arg>
<arg>BM</arg>
<arg>BN</arg>
<arg>BO</arg>
<arg>BQ</arg>
<arg>BR</arg>
<arg>BS</arg>
<arg>BT</arg>
<arg>BV</arg>
<arg>BW</arg>
<arg>BY</arg>
<arg>BZ</arg>
<arg>CA</arg>
<arg>CC</arg>
<arg>CD</arg>
<arg>CF</arg>
<arg>CG</arg>
<arg>CH</arg>
<arg>CI</arg>
<arg>CK</arg>
<arg>CL</arg>
<arg>CM</arg>
<arg>CN</arg>
<arg>CO</arg>
<arg>CR</arg>
<arg>CU</arg>
<arg>CV</arg>
<arg>CW</arg>
<arg>CX</arg>
<arg>CY</arg>
<arg>CZ</arg>
<arg>DE</arg>
<arg>DJ</arg>
<arg>DK</arg>
<arg>DM</arg>
<arg>DO</arg>
<arg>DZ</arg>
<arg>EC</arg>
<arg>EE</arg>
<arg>EG</arg>
<arg>EH</arg>
<arg>ER</arg>
<arg>ES</arg>
<arg>ET</arg>
<arg>FI</arg>
<arg>FJ</arg>
<arg>FK</arg>
<arg>FM</arg>
<arg>FO</arg>
<arg>FR</arg>
<arg>GA</arg>
<arg>GB</arg>
<arg>GD</arg>
<arg>GE</arg>
<arg>GF</arg>
<arg>GG</arg>
<arg>GH</arg>
<arg>GI</arg>
<arg>GL</arg>
<arg>GM</arg>
<arg>GN</arg>
<arg>GP</arg>
<arg>GQ</arg>
<arg>GR</arg>
<arg>GS</arg>
<arg>GT</arg>
<arg>GU</arg>
<arg>GW</arg>
<arg>GY</arg>
<arg>HK</arg>
<arg>HM</arg>
<arg>HN</arg>
<arg>HR</arg>
<arg>HT</arg>
<arg>HU</arg>
<arg>ID</arg>
<arg>IE</arg>
<arg>IL</arg>
<arg>IM</arg>
<arg>IN</arg>
<arg>IO</arg>
<arg>IQ</arg>
<arg>IR</arg>
<arg>IS</arg>
<arg>IT</arg>
<arg>JE</arg>
<arg>JM</arg>
<arg>JO</arg>
<arg>JP</arg>
<arg>KE</arg>
<arg>KG</arg>
<arg>KH</arg>
<arg>KI</arg>
<arg>KM</arg>
<arg>KN</arg>
<arg>KP</arg>
<arg>KR</arg>
<arg>KW</arg>
<arg>KY</arg>
<arg>KZ</arg>
<arg>LA</arg>
<arg>LB</arg>
<arg>LC</arg>
<arg>LI</arg>
<arg>LK</arg>
<arg>LR</arg>
<arg>LS</arg>
<arg>LT</arg>
<arg>LU</arg>
<arg>LV</arg>
<arg>LY</arg>
<arg>MA</arg>
<arg>MC</arg>
<arg>MD</arg>
<arg>ME</arg>
<arg>MF</arg>
<arg>MG</arg>
<arg>MH</arg>
<arg>MK</arg>
<arg>ML</arg>
<arg>MM</arg>
<arg>MN</arg>
<arg>MO</arg>
<arg>MP</arg>
<arg>MQ</arg>
<arg>MR</arg>
<arg>MS</arg>
<arg>MT</arg>
<arg>MU</arg>
<arg>MV</arg>
<arg>MW</arg>
<arg>MX</arg>
<arg>MY</arg>
<arg>MZ</arg>
<arg>NA</arg>
<arg>NC</arg>
<arg>NE</arg>
<arg>NF</arg>
<arg>NG</arg>
<arg>NI</arg>
<arg>NL</arg>
<arg>NO</arg>
<arg>NP</arg>
<arg>NR</arg>
<arg>NU</arg>
<arg>NZ</arg>
<arg>OM</arg>
<arg>PA</arg>
<arg>PE</arg>
<arg>PF</arg>
<arg>PG</arg>
<arg>PH</arg>
<arg>PK</arg>
<arg>PL</arg>
<arg>PM</arg>
<arg>PN</arg>
<arg>PR</arg>
<arg>PS</arg>
<arg>PT</arg>
<arg>PW</arg>
<arg>PY</arg>
<arg>QA</arg>
<arg>RE</arg>
<arg>RO</arg>
<arg>RS</arg>
<arg>RU</arg>
<arg>RW</arg>
<arg>SA</arg>
<arg>SB</arg>
<arg>SC</arg>
<arg>SD</arg>
<arg>SE</arg>
<arg>SG</arg>
<arg>SH</arg>
<arg>SI</arg>
<arg>SJ</arg>
<arg>SK</arg>
<arg>SL</arg>
<arg>SM</arg>
<arg>SN</arg>
<arg>SO</arg>
<arg>SR</arg>
<arg>SS</arg>
<arg>ST</arg>
<arg>SV</arg>
<arg>SX</arg>
<arg>SY</arg>
<arg>SZ</arg>
<arg>TC</arg>
<arg>TD</arg>
<arg>TF</arg>
<arg>TG</arg>
<arg>TH</arg>
<arg>TJ</arg>
<arg>TK</arg>
<arg>TL</arg>
<arg>TM</arg>
<arg>TN</arg>
<arg>TO</arg>
<arg>TR</arg>
<arg>TT</arg>
<arg>TV</arg>
<arg>TW</arg>
<arg>TZ</arg>
<arg>UA</arg>
<arg>UG</arg>
<arg>UM</arg>
<arg>US</arg>
<arg>UY</arg>
<arg>UZ</arg>
<arg>VA</arg>
<arg>VC</arg>
<arg>VE</arg>
<arg>VG</arg>
<arg>VI</arg>
<arg>VN</arg>
<arg>VU</arg>
<arg>WF</arg>
<arg>WS</arg>
<arg>XK</arg>
<arg>YE</arg>
<arg>YT</arg>
<arg>ZA</arg>
<arg>ZM</arg>
<arg>ZW</arg>
<doc>Returns a list containing given items.</doc>
<status status="PASS" start="2024-06-27T07:14:01.338253" elapsed="0.000773"/>
</kw>
<kw name="List Should Contain Value" owner="Collections">
<arg>${list_country}</arg>
<arg>${name_country}</arg>
<doc>Fails if the ``value`` is not found from ``list``.</doc>
<status status="PASS" start="2024-06-27T07:14:01.339994" elapsed="0.000234"/>
</kw>
<kw name="Run Keyword If" owner="BuiltIn">
<kw name="Should Be True" owner="BuiltIn">
<arg>${True}</arg>
<doc>Fails if the given condition is not true.</doc>
<status status="PASS" start="2024-06-27T07:14:01.341352" elapsed="0.000152"/>
</kw>
<arg>${json_data["results"][0]["location"]["coordinates"]["latitude"]} &gt;= -90 and ${json_data["results"][0]["location"]["coordinates"]["latitude"]} &lt;= 90</arg>
<arg>Should Be True</arg>
<arg>${True}</arg>
<doc>Runs the given keyword with the given arguments, if ``condition`` is true.</doc>
<status status="PASS" start="2024-06-27T07:14:01.340441" elapsed="0.001221"/>
</kw>
<kw name="Run Keyword If" owner="BuiltIn">
<kw name="Should Be True" owner="BuiltIn">
<arg>${True}</arg>
<doc>Fails if the given condition is not true.</doc>
<status status="PASS" start="2024-06-27T07:14:01.342641" elapsed="0.000144"/>
</kw>
<arg>${json_data["results"][0]["location"]["coordinates"]["longitude"]} &gt;= -180 and ${json_data["results"][0]["location"]["coordinates"]["longitude"]} &lt;= 180</arg>
<arg>Should Be True</arg>
<arg>${True}</arg>
<doc>Runs the given keyword with the given arguments, if ``condition`` is true.</doc>
<status status="PASS" start="2024-06-27T07:14:01.341868" elapsed="0.001073"/>
</kw>
<status status="PASS" start="2024-06-27T07:14:01.250785" elapsed="0.092302"/>
</kw>
<doc>Testa o conteúdo específico dos campos retornados pela API.</doc>
<tag>testeConteudo</tag>
<status status="PASS" start="2024-06-27T07:14:01.250145" elapsed="0.093104"/>
</test>
<status status="PASS" start="2024-06-27T07:14:00.377224" elapsed="0.968162"/>
</suite>
<status status="PASS" start="2024-06-27T07:14:00.362071" elapsed="0.989749"/>
</suite>
<statistics>
<total>
<stat pass="5" fail="0" skip="0">All Tests</stat>
</total>
<tag>
<stat pass="1" fail="0" skip="0">testeConteudo</stat>
<stat pass="1" fail="0" skip="0">testeEstruturaResposta</stat>
<stat pass="1" fail="0" skip="0">testeRequisicaoBasica</stat>
<stat pass="1" fail="0" skip="0">testeTiposDados</stat>
</tag>
<suite>
<stat pass="5" fail="0" skip="0" id="s1" name="Tests">Tests</stat>
<stat pass="5" fail="0" skip="0" id="s1-s1" name="Random-User-Test">Tests.Random-User-Test</stat>
</suite>
</statistics>
<errors>
</errors>
</robot>
