<?xml version="1.0" encoding="UTF-8"?>
<robot generator="Robot 7.0 (Python 3.12.3 on linux)" generated="2024-05-12T10:13:43.394503" rpa="false" schemaversion="5">
<suite id="s1" name="Tests" source="/home/runner/work/DesafioQAItauRogerioJordao/DesafioQAItauRogerioJordao/RamdonUser/tests">
<suite id="s1-s1" name="Random-User-Test" source="/home/runner/work/DesafioQAItauRogerioJordao/DesafioQAItauRogerioJordao/RamdonUser/tests/random-user-test.robot">
<test id="s1-s1-t1" name="Conectar" line="13">
<kw name="Conectar API" owner="random-user-service">
<kw name="Create Session" owner="RequestsLibrary">
<msg time="2024-05-12T10:13:43.771867" level="INFO">Creating Session using : alias=consultarAPI, url=https://randomuser.me/, headers={},                     cookies={}, auth=None, timeout=None, proxies=None, verify=False,                     debug=0 </msg>
<arg>consultarAPI</arg>
<arg>${URL}</arg>
<doc>Create Session: create a HTTP session to a server</doc>
<status status="PASS" start="2024-05-12T10:13:43.771670" elapsed="0.000373"/>
</kw>
<status status="PASS" start="2024-05-12T10:13:43.770705" elapsed="0.001692"/>
</kw>
<status status="PASS" start="2024-05-12T10:13:43.770118" elapsed="0.002477"/>
</test>
<test id="s1-s1-t2" name="Validar retorno 200 e JSON Válido" line="16">
<kw name="Teste de Requisicao Basica" owner="random-user-service">
<kw name="GET On Session" owner="RequestsLibrary">
<msg time="2024-05-12T10:13:43.955816" level="INFO">GET Request : url=https://randomuser.me/api 
 path_url=/api 
 headers={'User-Agent': 'python-requests/2.31.0', 'Accept-Encoding': 'gzip, deflate', 'Accept': '*/*', 'Connection': 'keep-alive'} 
 body=None 
 </msg>
<msg time="2024-05-12T10:13:43.955929" level="INFO">GET Response : url=https://randomuser.me/api 
 status=200, reason=OK 
 headers={'Date': 'Sun, 12 May 2024 10:13:43 GMT', 'Content-Type': 'application/json; charset=utf-8', 'Transfer-Encoding': 'chunked', 'Connection': 'keep-alive', 'X-Powered-By': 'Express', 'Access-Control-Allow-Origin': '*', 'Cache-Control': 'no-cache', 'ETag': 'W/"4a6-CcTELxvpCkniycLFQSP6p+cvT80"', 'Vary': 'Accept-Encoding', 'Content-Encoding': 'gzip', 'CF-Cache-Status': 'DYNAMIC', 'Report-To': '{"endpoints":[{"url":"https:\\/\\/a.nel.cloudflare.com\\/report\\/v4?s=Yn5k0rjSdYJ1jQJopPLzNyIjdjufRQW6ofNsukJyajuhK9kmij5nrQ6GvtKz6pAYGWV%2BsF8k25iq25YeOLkJK30lRoAmzA628LLEKk1OswLL58o0ZchAuxkTkvlHSUtr"}],"group":"cf-nel","max_age":604800}', 'NEL': '{"success_fraction":0,"report_to":"cf-nel","max_age":604800}', 'Server': 'cloudflare', 'CF-RAY': '8829a3458a170a05-IAD', 'alt-svc': 'h3=":443"; ma=86400'} 
 body={"results":[{"gender":"female","name":{"title":"Miss","first":"Laurie","last":"Jimenez"},"location":{"street":{"number":4566,"name":"Homestead Rd"},"city":"Salt Lake City","state":"Montana","country":"United States","postcode":74120,"coordinates":{"latitude":"88.3614","longitude":"120.1377"},"timezone":{"offset":"-3:00","description":"Brazil, Buenos Aires, Georgetown"}},"email":"laurie.jimenez@example.com","login":{"uuid":"874576c8-bdb6-4fe4-b3f8-ec48333864ac","username":"orangetiger786","password":"vanguard","salt":"1Sy76rpl","md5":"927e8094ebc0e7fc7e59685a47beb784","sha1":"d05135f8772e3ff815ab22757134dab4fb4b3a28","sha256":"aea55f717ec867ee696d5dd8a1743218debab2204dd9ce7570358eaf6bc7f392"},"dob":{"date":"1961-12-15T18:15:26.861Z","age":62},"registered":{"date":"2012-06-11T08:04:28.212Z","age":11},"phone":"(325) 526-8624","cell":"(378) 485-8407","id":{"name":"SSN","value":"628-55-8194"},"picture":{"large":"https://randomuser.me/api/portraits/women/22.jpg","medium":"https://randomuser.me/api/portraits/med/women/22.jpg","thumbnail":"https://randomuser.me/api/portraits/thumb/women/22.jpg"},"nat":"US"}],"info":{"seed":"783334a61c649597","results":1,"page":1,"version":"1.4"}} 
 </msg>
<msg time="2024-05-12T10:13:43.955999" level="INFO">/opt/hostedtoolcache/Python/3.12.3/x64/lib/python3.12/site-packages/urllib3/connectionpool.py:1103: InsecureRequestWarning: Unverified HTTPS request is being made to host 'randomuser.me'. Adding certificate verification is strongly advised. See: https://urllib3.readthedocs.io/en/latest/advanced-usage.html#tls-warnings
  warnings.warn(</msg>
<msg time="2024-05-12T10:13:43.956124" level="INFO">${response} = &lt;Response [200]&gt;</msg>
<var>${response}</var>
<arg>consultarAPI</arg>
<arg>/api</arg>
<doc>Sends a GET request on a previously created HTTP Session.</doc>
<status status="PASS" start="2024-05-12T10:13:43.775296" elapsed="0.180869"/>
</kw>
<kw name="Should Be Equal As Numbers" owner="BuiltIn">
<msg time="2024-05-12T10:13:43.957152" level="INFO">Argument types are:
&lt;class 'int'&gt;
&lt;class 'str'&gt;</msg>
<arg>${response.status_code}</arg>
<arg>200</arg>
<doc>Fails if objects are unequal after converting them to real numbers.</doc>
<status status="PASS" start="2024-05-12T10:13:43.956669" elapsed="0.000549"/>
</kw>
<kw name="Log" owner="BuiltIn">
<msg time="2024-05-12T10:13:43.957973" level="INFO">200</msg>
<arg>${response.status_code}</arg>
<doc>Logs the given message with the given level.</doc>
<status status="PASS" start="2024-05-12T10:13:43.957566" elapsed="0.000452"/>
</kw>
<kw name="Set Variable" owner="BuiltIn">
<msg time="2024-05-12T10:13:43.958770" level="INFO">${json_data} = {'results': [{'gender': 'female', 'name': {'title': 'Miss', 'first': 'Laurie', 'last': 'Jimenez'}, 'location': {'street': {'number': 4566, 'name': 'Homestead Rd'}, 'city': 'Salt Lake City', 'state': '...</msg>
<var>${json_data}</var>
<arg>${response.json()}</arg>
<doc>Returns the given values which can then be assigned to a variables.</doc>
<status status="PASS" start="2024-05-12T10:13:43.958328" elapsed="0.000471"/>
</kw>
<kw name="Dictionary Should Contain Key" owner="Collections">
<msg time="2024-05-12T10:13:43.959278" level="INFO">False</msg>
<arg>${json_data}</arg>
<arg>results</arg>
<doc>Fails if ``key`` is not found from ``dictionary``.</doc>
<status status="PASS" start="2024-05-12T10:13:43.959108" elapsed="0.000211"/>
</kw>
<status status="PASS" start="2024-05-12T10:13:43.775054" elapsed="0.184527"/>
</kw>
<doc>Testa se a API responde corretamente e retorna um objeto JSON válido.</doc>
<tag>testeRequisicaoBasica</tag>
<status status="PASS" start="2024-05-12T10:13:43.774540" elapsed="0.185216"/>
</test>
<test id="s1-s1-t3" name="Validar estrutura de resposta" line="22">
<kw name="Teste de Estrutura de Resposta" owner="random-user-service">
<kw name="GET On Session" owner="RequestsLibrary">
<msg time="2024-05-12T10:13:44.056319" level="INFO">GET Request : url=https://randomuser.me/api 
 path_url=/api 
 headers={'User-Agent': 'python-requests/2.31.0', 'Accept-Encoding': 'gzip, deflate', 'Accept': '*/*', 'Connection': 'keep-alive'} 
 body=None 
 </msg>
<msg time="2024-05-12T10:13:44.056402" level="INFO">GET Response : url=https://randomuser.me/api 
 status=200, reason=OK 
 headers={'Date': 'Sun, 12 May 2024 10:13:44 GMT', 'Content-Type': 'application/json; charset=utf-8', 'Transfer-Encoding': 'chunked', 'Connection': 'keep-alive', 'X-Powered-By': 'Express', 'Access-Control-Allow-Origin': '*', 'Cache-Control': 'no-cache', 'ETag': 'W/"466-5u3OOUl6OxgCLnJ1TuNjxhtLrEY"', 'Vary': 'Accept-Encoding', 'Content-Encoding': 'gzip', 'CF-Cache-Status': 'DYNAMIC', 'Report-To': '{"endpoints":[{"url":"https:\\/\\/a.nel.cloudflare.com\\/report\\/v4?s=KoHUSdhGWQRXKm0b9Nk8tBroSnEcBbeR9gG%2FZ%2B7PB2EqIKoCW22K79zKSZNcQ3CbiwZuI0Xf4B2gKQRcQOXJp%2Ff1zLN9H1UA5XjFdDUPHiEDdHuYCoLIqyY1zZbZCHkF"}],"group":"cf-nel","max_age":604800}', 'NEL': '{"success_fraction":0,"report_to":"cf-nel","max_age":604800}', 'Server': 'cloudflare', 'CF-RAY': '8829a345ca390a05-IAD', 'alt-svc': 'h3=":443"; ma=86400'} 
 body={"results":[{"gender":"male","name":{"title":"Mr","first":"Flynn","last":"Walker"},"location":{"street":{"number":7502,"name":"Wairau Road"},"city":"Upper Hutt","state":"Otago","country":"New Zealand","postcode":41844,"coordinates":{"latitude":"50.9039","longitude":"-93.3358"},"timezone":{"offset":"-10:00","description":"Hawaii"}},"email":"flynn.walker@example.com","login":{"uuid":"6c1cfd95-d6d5-4192-936b-64d2b4dff063","username":"happypanda462","password":"clarke","salt":"2A1weMjZ","md5":"85800f70022b2b77197e95b559409de2","sha1":"2ef7986e294d5f14a26fb3134cb3186820484004","sha256":"5e30e019045e19de92b67db93a1b8da328bb97df1d4e01ad0fe230b0551793be"},"dob":{"date":"1959-12-05T02:01:04.185Z","age":64},"registered":{"date":"2018-09-15T23:26:56.620Z","age":5},"phone":"(738)-990-3289","cell":"(796)-031-2732","id":{"name":"","value":null},"picture":{"large":"https://randomuser.me/api/portraits/men/18.jpg","medium":"https://randomuser.me/api/portraits/med/men/18.jpg","thumbnail":"https://randomuser.me/api/portraits/thumb/men/18.jpg"},"nat":"NZ"}],"info":{"seed":"3a9725eb95cf72df","results":1,"page":1,"version":"1.4"}} 
 </msg>
<msg time="2024-05-12T10:13:44.056517" level="INFO">/opt/hostedtoolcache/Python/3.12.3/x64/lib/python3.12/site-packages/urllib3/connectionpool.py:1103: InsecureRequestWarning: Unverified HTTPS request is being made to host 'randomuser.me'. Adding certificate verification is strongly advised. See: https://urllib3.readthedocs.io/en/latest/advanced-usage.html#tls-warnings
  warnings.warn(</msg>
<msg time="2024-05-12T10:13:44.056635" level="INFO">${response} = &lt;Response [200]&gt;</msg>
<var>${response}</var>
<arg>consultarAPI</arg>
<arg>/api</arg>
<doc>Sends a GET request on a previously created HTTP Session.</doc>
<status status="PASS" start="2024-05-12T10:13:43.962450" elapsed="0.094235"/>
</kw>
<kw name="Set Variable" owner="BuiltIn">
<msg time="2024-05-12T10:13:44.057788" level="INFO">${json_data} = {'results': [{'gender': 'male', 'name': {'title': 'Mr', 'first': 'Flynn', 'last': 'Walker'}, 'location': {'street': {'number': 7502, 'name': 'Wairau Road'}, 'city': 'Upper Hutt', 'state': 'Otago', 'co...</msg>
<var>${json_data}</var>
<arg>${response.json()}</arg>
<doc>Returns the given values which can then be assigned to a variables.</doc>
<status status="PASS" start="2024-05-12T10:13:44.057193" elapsed="0.000635"/>
</kw>
<kw name="Log" owner="BuiltIn">
<msg time="2024-05-12T10:13:44.058299" level="INFO">{'results': [{'gender': 'male', 'name': {'title': 'Mr', 'first': 'Flynn', 'last': 'Walker'}, 'location': {'street': {'number': 7502, 'name': 'Wairau Road'}, 'city': 'Upper Hutt', 'state': 'Otago', 'country': 'New Zealand', 'postcode': 41844, 'coordinates': {'latitude': '50.9039', 'longitude': '-93.3358'}, 'timezone': {'offset': '-10:00', 'description': 'Hawaii'}}, 'email': 'flynn.walker@example.com', 'login': {'uuid': '6c1cfd95-d6d5-4192-936b-64d2b4dff063', 'username': 'happypanda462', 'password': 'clarke', 'salt': '2A1weMjZ', 'md5': '85800f70022b2b77197e95b559409de2', 'sha1': '2ef7986e294d5f14a26fb3134cb3186820484004', 'sha256': '5e30e019045e19de92b67db93a1b8da328bb97df1d4e01ad0fe230b0551793be'}, 'dob': {'date': '1959-12-05T02:01:04.185Z', 'age': 64}, 'registered': {'date': '2018-09-15T23:26:56.620Z', 'age': 5}, 'phone': '(738)-990-3289', 'cell': '(796)-031-2732', 'id': {'name': '', 'value': None}, 'picture': {'large': 'https://randomuser.me/api/portraits/men/18.jpg', 'medium': 'https://randomuser.me/api/portraits/med/men/18.jpg', 'thumbnail': 'https://randomuser.me/api/portraits/thumb/men/18.jpg'}, 'nat': 'NZ'}], 'info': {'seed': '3a9725eb95cf72df', 'results': 1, 'page': 1, 'version': '1.4'}}</msg>
<arg>${json_data}</arg>
<doc>Logs the given message with the given level.</doc>
<status status="PASS" start="2024-05-12T10:13:44.058140" elapsed="0.000210"/>
</kw>
<kw name="Dictionary Should Contain Key" owner="Collections">
<msg time="2024-05-12T10:13:44.058813" level="INFO">False</msg>
<arg>${json_data}</arg>
<arg>results</arg>
<doc>Fails if ``key`` is not found from ``dictionary``.</doc>
<status status="PASS" start="2024-05-12T10:13:44.058649" elapsed="0.000202"/>
</kw>
<kw name="Should Not Be Empty" owner="BuiltIn">
<msg time="2024-05-12T10:13:44.059277" level="INFO">Length is 2.</msg>
<arg>${json_data}</arg>
<doc>Verifies that the given item is not empty.</doc>
<status status="PASS" start="2024-05-12T10:13:44.059145" elapsed="0.000308"/>
</kw>
<kw name="Create List" owner="BuiltIn">
<msg time="2024-05-12T10:13:44.059904" level="INFO">${expected_keys} = ['gender', 'name', 'location', 'email', 'login']</msg>
<var>${expected_keys}</var>
<arg>gender</arg>
<arg>name</arg>
<arg>location</arg>
<arg>email</arg>
<arg>login</arg>
<doc>Returns a list containing given items.</doc>
<status status="PASS" start="2024-05-12T10:13:44.059749" elapsed="0.000180"/>
</kw>
<for flavor="IN">
<iter>
<kw name="Dictionary Should Contain Key" owner="Collections">
<msg time="2024-05-12T10:13:44.060903" level="INFO">False</msg>
<arg>${json_data['results'][0]}</arg>
<arg>${key}</arg>
<doc>Fails if ``key`` is not found from ``dictionary``.</doc>
<status status="PASS" start="2024-05-12T10:13:44.060498" elapsed="0.000445"/>
</kw>
<kw name="Log" owner="BuiltIn">
<msg time="2024-05-12T10:13:44.061614" level="INFO">{'gender': 'male', 'name': {'title': 'Mr', 'first': 'Flynn', 'last': 'Walker'}, 'location': {'street': {'number': 7502, 'name': 'Wairau Road'}, 'city': 'Upper Hutt', 'state': 'Otago', 'country': 'New Zealand', 'postcode': 41844, 'coordinates': {'latitude': '50.9039', 'longitude': '-93.3358'}, 'timezone': {'offset': '-10:00', 'description': 'Hawaii'}}, 'email': 'flynn.walker@example.com', 'login': {'uuid': '6c1cfd95-d6d5-4192-936b-64d2b4dff063', 'username': 'happypanda462', 'password': 'clarke', 'salt': '2A1weMjZ', 'md5': '85800f70022b2b77197e95b559409de2', 'sha1': '2ef7986e294d5f14a26fb3134cb3186820484004', 'sha256': '5e30e019045e19de92b67db93a1b8da328bb97df1d4e01ad0fe230b0551793be'}, 'dob': {'date': '1959-12-05T02:01:04.185Z', 'age': 64}, 'registered': {'date': '2018-09-15T23:26:56.620Z', 'age': 5}, 'phone': '(738)-990-3289', 'cell': '(796)-031-2732', 'id': {'name': '', 'value': None}, 'picture': {'large': 'https://randomuser.me/api/portraits/men/18.jpg', 'medium': 'https://randomuser.me/api/portraits/med/men/18.jpg', 'thumbnail': 'https://randomuser.me/api/portraits/thumb/men/18.jpg'}, 'nat': 'NZ'}</msg>
<arg>${json_data['results'][0]}</arg>
<doc>Logs the given message with the given level.</doc>
<status status="PASS" start="2024-05-12T10:13:44.061243" elapsed="0.000421"/>
</kw>
<kw name="Log" owner="BuiltIn">
<msg time="2024-05-12T10:13:44.062130" level="INFO">gender</msg>
<arg>${key}</arg>
<doc>Logs the given message with the given level.</doc>
<status status="PASS" start="2024-05-12T10:13:44.062000" elapsed="0.000169"/>
</kw>
<var name="${key}">gender</var>
<status status="PASS" start="2024-05-12T10:13:44.060373" elapsed="0.002013"/>
</iter>
<iter>
<kw name="Dictionary Should Contain Key" owner="Collections">
<msg time="2024-05-12T10:13:44.063084" level="INFO">False</msg>
<arg>${json_data['results'][0]}</arg>
<arg>${key}</arg>
<doc>Fails if ``key`` is not found from ``dictionary``.</doc>
<status status="PASS" start="2024-05-12T10:13:44.062697" elapsed="0.000425"/>
</kw>
<kw name="Log" owner="BuiltIn">
<msg time="2024-05-12T10:13:44.063822" level="INFO">{'gender': 'male', 'name': {'title': 'Mr', 'first': 'Flynn', 'last': 'Walker'}, 'location': {'street': {'number': 7502, 'name': 'Wairau Road'}, 'city': 'Upper Hutt', 'state': 'Otago', 'country': 'New Zealand', 'postcode': 41844, 'coordinates': {'latitude': '50.9039', 'longitude': '-93.3358'}, 'timezone': {'offset': '-10:00', 'description': 'Hawaii'}}, 'email': 'flynn.walker@example.com', 'login': {'uuid': '6c1cfd95-d6d5-4192-936b-64d2b4dff063', 'username': 'happypanda462', 'password': 'clarke', 'salt': '2A1weMjZ', 'md5': '85800f70022b2b77197e95b559409de2', 'sha1': '2ef7986e294d5f14a26fb3134cb3186820484004', 'sha256': '5e30e019045e19de92b67db93a1b8da328bb97df1d4e01ad0fe230b0551793be'}, 'dob': {'date': '1959-12-05T02:01:04.185Z', 'age': 64}, 'registered': {'date': '2018-09-15T23:26:56.620Z', 'age': 5}, 'phone': '(738)-990-3289', 'cell': '(796)-031-2732', 'id': {'name': '', 'value': None}, 'picture': {'large': 'https://randomuser.me/api/portraits/men/18.jpg', 'medium': 'https://randomuser.me/api/portraits/med/men/18.jpg', 'thumbnail': 'https://randomuser.me/api/portraits/thumb/men/18.jpg'}, 'nat': 'NZ'}</msg>
<arg>${json_data['results'][0]}</arg>
<doc>Logs the given message with the given level.</doc>
<status status="PASS" start="2024-05-12T10:13:44.063420" elapsed="0.000451"/>
</kw>
<kw name="Log" owner="BuiltIn">
<msg time="2024-05-12T10:13:44.064297" level="INFO">name</msg>
<arg>${key}</arg>
<doc>Logs the given message with the given level.</doc>
<status status="PASS" start="2024-05-12T10:13:44.064170" elapsed="0.000165"/>
</kw>
<var name="${key}">name</var>
<status status="PASS" start="2024-05-12T10:13:44.062576" elapsed="0.001976"/>
</iter>
<iter>
<kw name="Dictionary Should Contain Key" owner="Collections">
<msg time="2024-05-12T10:13:44.065239" level="INFO">False</msg>
<arg>${json_data['results'][0]}</arg>
<arg>${key}</arg>
<doc>Fails if ``key`` is not found from ``dictionary``.</doc>
<status status="PASS" start="2024-05-12T10:13:44.064847" elapsed="0.000429"/>
</kw>
<kw name="Log" owner="BuiltIn">
<msg time="2024-05-12T10:13:44.065977" level="INFO">{'gender': 'male', 'name': {'title': 'Mr', 'first': 'Flynn', 'last': 'Walker'}, 'location': {'street': {'number': 7502, 'name': 'Wairau Road'}, 'city': 'Upper Hutt', 'state': 'Otago', 'country': 'New Zealand', 'postcode': 41844, 'coordinates': {'latitude': '50.9039', 'longitude': '-93.3358'}, 'timezone': {'offset': '-10:00', 'description': 'Hawaii'}}, 'email': 'flynn.walker@example.com', 'login': {'uuid': '6c1cfd95-d6d5-4192-936b-64d2b4dff063', 'username': 'happypanda462', 'password': 'clarke', 'salt': '2A1weMjZ', 'md5': '85800f70022b2b77197e95b559409de2', 'sha1': '2ef7986e294d5f14a26fb3134cb3186820484004', 'sha256': '5e30e019045e19de92b67db93a1b8da328bb97df1d4e01ad0fe230b0551793be'}, 'dob': {'date': '1959-12-05T02:01:04.185Z', 'age': 64}, 'registered': {'date': '2018-09-15T23:26:56.620Z', 'age': 5}, 'phone': '(738)-990-3289', 'cell': '(796)-031-2732', 'id': {'name': '', 'value': None}, 'picture': {'large': 'https://randomuser.me/api/portraits/men/18.jpg', 'medium': 'https://randomuser.me/api/portraits/med/men/18.jpg', 'thumbnail': 'https://randomuser.me/api/portraits/thumb/men/18.jpg'}, 'nat': 'NZ'}</msg>
<arg>${json_data['results'][0]}</arg>
<doc>Logs the given message with the given level.</doc>
<status status="PASS" start="2024-05-12T10:13:44.065577" elapsed="0.000449"/>
</kw>
<kw name="Log" owner="BuiltIn">
<msg time="2024-05-12T10:13:44.066457" level="INFO">location</msg>
<arg>${key}</arg>
<doc>Logs the given message with the given level.</doc>
<status status="PASS" start="2024-05-12T10:13:44.066329" elapsed="0.000167"/>
</kw>
<var name="${key}">location</var>
<status status="PASS" start="2024-05-12T10:13:44.064734" elapsed="0.001980"/>
</iter>
<iter>
<kw name="Dictionary Should Contain Key" owner="Collections">
<msg time="2024-05-12T10:13:44.067393" level="INFO">False</msg>
<arg>${json_data['results'][0]}</arg>
<arg>${key}</arg>
<doc>Fails if ``key`` is not found from ``dictionary``.</doc>
<status status="PASS" start="2024-05-12T10:13:44.067005" elapsed="0.000426"/>
</kw>
<kw name="Log" owner="BuiltIn">
<msg time="2024-05-12T10:13:44.068093" level="INFO">{'gender': 'male', 'name': {'title': 'Mr', 'first': 'Flynn', 'last': 'Walker'}, 'location': {'street': {'number': 7502, 'name': 'Wairau Road'}, 'city': 'Upper Hutt', 'state': 'Otago', 'country': 'New Zealand', 'postcode': 41844, 'coordinates': {'latitude': '50.9039', 'longitude': '-93.3358'}, 'timezone': {'offset': '-10:00', 'description': 'Hawaii'}}, 'email': 'flynn.walker@example.com', 'login': {'uuid': '6c1cfd95-d6d5-4192-936b-64d2b4dff063', 'username': 'happypanda462', 'password': 'clarke', 'salt': '2A1weMjZ', 'md5': '85800f70022b2b77197e95b559409de2', 'sha1': '2ef7986e294d5f14a26fb3134cb3186820484004', 'sha256': '5e30e019045e19de92b67db93a1b8da328bb97df1d4e01ad0fe230b0551793be'}, 'dob': {'date': '1959-12-05T02:01:04.185Z', 'age': 64}, 'registered': {'date': '2018-09-15T23:26:56.620Z', 'age': 5}, 'phone': '(738)-990-3289', 'cell': '(796)-031-2732', 'id': {'name': '', 'value': None}, 'picture': {'large': 'https://randomuser.me/api/portraits/men/18.jpg', 'medium': 'https://randomuser.me/api/portraits/med/men/18.jpg', 'thumbnail': 'https://randomuser.me/api/portraits/thumb/men/18.jpg'}, 'nat': 'NZ'}</msg>
<arg>${json_data['results'][0]}</arg>
<doc>Logs the given message with the given level.</doc>
<status status="PASS" start="2024-05-12T10:13:44.067732" elapsed="0.000409"/>
</kw>
<kw name="Log" owner="BuiltIn">
<msg time="2024-05-12T10:13:44.068561" level="INFO">email</msg>
<arg>${key}</arg>
<doc>Logs the given message with the given level.</doc>
<status status="PASS" start="2024-05-12T10:13:44.068436" elapsed="0.000162"/>
</kw>
<var name="${key}">email</var>
<status status="PASS" start="2024-05-12T10:13:44.066891" elapsed="0.001919"/>
</iter>
<iter>
<kw name="Dictionary Should Contain Key" owner="Collections">
<msg time="2024-05-12T10:13:44.069499" level="INFO">False</msg>
<arg>${json_data['results'][0]}</arg>
<arg>${key}</arg>
<doc>Fails if ``key`` is not found from ``dictionary``.</doc>
<status status="PASS" start="2024-05-12T10:13:44.069105" elapsed="0.000433"/>
</kw>
<kw name="Log" owner="BuiltIn">
<msg time="2024-05-12T10:13:44.070235" level="INFO">{'gender': 'male', 'name': {'title': 'Mr', 'first': 'Flynn', 'last': 'Walker'}, 'location': {'street': {'number': 7502, 'name': 'Wairau Road'}, 'city': 'Upper Hutt', 'state': 'Otago', 'country': 'New Zealand', 'postcode': 41844, 'coordinates': {'latitude': '50.9039', 'longitude': '-93.3358'}, 'timezone': {'offset': '-10:00', 'description': 'Hawaii'}}, 'email': 'flynn.walker@example.com', 'login': {'uuid': '6c1cfd95-d6d5-4192-936b-64d2b4dff063', 'username': 'happypanda462', 'password': 'clarke', 'salt': '2A1weMjZ', 'md5': '85800f70022b2b77197e95b559409de2', 'sha1': '2ef7986e294d5f14a26fb3134cb3186820484004', 'sha256': '5e30e019045e19de92b67db93a1b8da328bb97df1d4e01ad0fe230b0551793be'}, 'dob': {'date': '1959-12-05T02:01:04.185Z', 'age': 64}, 'registered': {'date': '2018-09-15T23:26:56.620Z', 'age': 5}, 'phone': '(738)-990-3289', 'cell': '(796)-031-2732', 'id': {'name': '', 'value': None}, 'picture': {'large': 'https://randomuser.me/api/portraits/men/18.jpg', 'medium': 'https://randomuser.me/api/portraits/med/men/18.jpg', 'thumbnail': 'https://randomuser.me/api/portraits/thumb/men/18.jpg'}, 'nat': 'NZ'}</msg>
<arg>${json_data['results'][0]}</arg>
<doc>Logs the given message with the given level.</doc>
<status status="PASS" start="2024-05-12T10:13:44.069860" elapsed="0.000423"/>
</kw>
<kw name="Log" owner="BuiltIn">
<msg time="2024-05-12T10:13:44.070713" level="INFO">login</msg>
<arg>${key}</arg>
<doc>Logs the given message with the given level.</doc>
<status status="PASS" start="2024-05-12T10:13:44.070583" elapsed="0.000169"/>
</kw>
<var name="${key}">login</var>
<status status="PASS" start="2024-05-12T10:13:44.068985" elapsed="0.001988"/>
</iter>
<var>${key}</var>
<value>@{expected_keys}</value>
<status status="PASS" start="2024-05-12T10:13:44.060186" elapsed="0.010909"/>
</for>
<kw name="Create List" owner="BuiltIn">
<msg time="2024-05-12T10:13:44.071460" level="INFO">${expected_keysTwo} = ['username', 'password']</msg>
<var>${expected_keysTwo}</var>
<arg>username</arg>
<arg>password</arg>
<doc>Returns a list containing given items.</doc>
<status status="PASS" start="2024-05-12T10:13:44.071292" elapsed="0.000192"/>
</kw>
<for flavor="IN">
<iter>
<kw name="Dictionary Should Contain Key" owner="Collections">
<msg time="2024-05-12T10:13:44.072392" level="INFO">False</msg>
<arg>${json_data['results'][0]['login']}</arg>
<arg>${keyTwo}</arg>
<doc>Fails if ``key`` is not found from ``dictionary``.</doc>
<status status="PASS" start="2024-05-12T10:13:44.071988" elapsed="0.000442"/>
</kw>
<kw name="Dictionary Should Contain Key" owner="Collections">
<msg time="2024-05-12T10:13:44.073123" level="INFO">False</msg>
<arg>${json_data['results'][0]['login']}</arg>
<arg>${keyTwo}</arg>
<doc>Fails if ``key`` is not found from ``dictionary``.</doc>
<status status="PASS" start="2024-05-12T10:13:44.072738" elapsed="0.000424"/>
</kw>
<kw name="Log" owner="BuiltIn">
<msg time="2024-05-12T10:13:44.073583" level="INFO">username</msg>
<arg>${keyTwo}</arg>
<doc>Logs the given message with the given level.</doc>
<status status="PASS" start="2024-05-12T10:13:44.073455" elapsed="0.000171"/>
</kw>
<var name="${keyTwo}">username</var>
<status status="PASS" start="2024-05-12T10:13:44.071878" elapsed="0.002004"/>
</iter>
<iter>
<kw name="Dictionary Should Contain Key" owner="Collections">
<msg time="2024-05-12T10:13:44.074642" level="INFO">False</msg>
<arg>${json_data['results'][0]['login']}</arg>
<arg>${keyTwo}</arg>
<doc>Fails if ``key`` is not found from ``dictionary``.</doc>
<status status="PASS" start="2024-05-12T10:13:44.074170" elapsed="0.000513"/>
</kw>
<kw name="Dictionary Should Contain Key" owner="Collections">
<msg time="2024-05-12T10:13:44.075364" level="INFO">False</msg>
<arg>${json_data['results'][0]['login']}</arg>
<arg>${keyTwo}</arg>
<doc>Fails if ``key`` is not found from ``dictionary``.</doc>
<status status="PASS" start="2024-05-12T10:13:44.074983" elapsed="0.000419"/>
</kw>
<kw name="Log" owner="BuiltIn">
<msg time="2024-05-12T10:13:44.075824" level="INFO">password</msg>
<arg>${keyTwo}</arg>
<doc>Logs the given message with the given level.</doc>
<status status="PASS" start="2024-05-12T10:13:44.075697" elapsed="0.000165"/>
</kw>
<var name="${keyTwo}">password</var>
<status status="PASS" start="2024-05-12T10:13:44.074059" elapsed="0.002018"/>
</iter>
<var>${keyTwo}</var>
<value>@{expected_keysTwo}</value>
<status status="PASS" start="2024-05-12T10:13:44.071722" elapsed="0.004476"/>
</for>
<status status="PASS" start="2024-05-12T10:13:43.962217" elapsed="0.114118"/>
</kw>
<doc>Testa a estrutura da resposta da API.</doc>
<tag>testeEstruturaResposta</tag>
<status status="PASS" start="2024-05-12T10:13:43.961596" elapsed="0.114892"/>
</test>
<test id="s1-s1-t4" name="Validar tipos de dados" line="28">
<kw name="Teste de Tipos de Dados" owner="random-user-service">
<kw name="GET On Session" owner="RequestsLibrary">
<msg time="2024-05-12T10:13:44.154916" level="INFO">GET Request : url=https://randomuser.me/api 
 path_url=/api 
 headers={'User-Agent': 'python-requests/2.31.0', 'Accept-Encoding': 'gzip, deflate', 'Accept': '*/*', 'Connection': 'keep-alive'} 
 body=None 
 </msg>
<msg time="2024-05-12T10:13:44.155002" level="INFO">GET Response : url=https://randomuser.me/api 
 status=200, reason=OK 
 headers={'Date': 'Sun, 12 May 2024 10:13:44 GMT', 'Content-Type': 'application/json; charset=utf-8', 'Transfer-Encoding': 'chunked', 'Connection': 'keep-alive', 'X-Powered-By': 'Express', 'Access-Control-Allow-Origin': '*', 'Cache-Control': 'no-cache', 'ETag': 'W/"48f-HFc9/vlqzKYqDasAYklpSfJNGVs"', 'Vary': 'Accept-Encoding', 'Content-Encoding': 'gzip', 'CF-Cache-Status': 'DYNAMIC', 'Report-To': '{"endpoints":[{"url":"https:\\/\\/a.nel.cloudflare.com\\/report\\/v4?s=UPX59RJ5Qs2vdfqSyvxAm%2BfEvhOGQyldrvnDYoYQIrtynAvkaYQNSzldA%2BDgyF%2BYs%2F8lhzJgFopxqWKirROQeCebj3ldWBxA9osjQ%2FQK9j1LBzNM2K5qFw820yKc1ydG"}],"group":"cf-nel","max_age":604800}', 'NEL': '{"success_fraction":0,"report_to":"cf-nel","max_age":604800}', 'Server': 'cloudflare', 'CF-RAY': '8829a3468a900a05-IAD', 'alt-svc': 'h3=":443"; ma=86400'} 
 body={"results":[{"gender":"male","name":{"title":"Mr","first":"Vincent","last":"Gagné"},"location":{"street":{"number":4965,"name":"Dufferin St"},"city":"Deer Lake","state":"Manitoba","country":"Canada","postcode":"M7W 5J8","coordinates":{"latitude":"-64.9179","longitude":"-84.7121"},"timezone":{"offset":"-5:00","description":"Eastern Time (US &amp; Canada), Bogota, Lima"}},"email":"vincent.gagne@example.com","login":{"uuid":"e547632f-98b2-4ee9-90e4-7fb3d13687be","username":"whitefish542","password":"1991","salt":"MHSl34MM","md5":"eb5aab55fc5d967f4afa768bfa09a80c","sha1":"18e0a5eff7168bd67bb84706f4762c25112c83ef","sha256":"f547c9bd4c66f00c54219d567423bc0b9263ea224818739e08e2c99a91ed11fd"},"dob":{"date":"1998-12-24T15:30:06.078Z","age":25},"registered":{"date":"2017-02-26T23:07:34.025Z","age":7},"phone":"W02 L54-7909","cell":"X00 J10-8003","id":{"name":"SIN","value":"313306714"},"picture":{"large":"https://randomuser.me/api/portraits/men/24.jpg","medium":"https://randomuser.me/api/portraits/med/men/24.jpg","thumbnail":"https://randomuser.me/api/portraits/thumb/men/24.jpg"},"nat":"CA"}],"info":{"seed":"4a73f979ff0e08b6","results":1,"page":1,"version":"1.4"}} 
 </msg>
<msg time="2024-05-12T10:13:44.155078" level="INFO">/opt/hostedtoolcache/Python/3.12.3/x64/lib/python3.12/site-packages/urllib3/connectionpool.py:1103: InsecureRequestWarning: Unverified HTTPS request is being made to host 'randomuser.me'. Adding certificate verification is strongly advised. See: https://urllib3.readthedocs.io/en/latest/advanced-usage.html#tls-warnings
  warnings.warn(</msg>
<msg time="2024-05-12T10:13:44.155187" level="INFO">${response} = &lt;Response [200]&gt;</msg>
<var>${response}</var>
<arg>consultarAPI</arg>
<arg>/api</arg>
<doc>Sends a GET request on a previously created HTTP Session.</doc>
<status status="PASS" start="2024-05-12T10:13:44.079061" elapsed="0.076187"/>
</kw>
<kw name="Set Variable" owner="BuiltIn">
<msg time="2024-05-12T10:13:44.156285" level="INFO">${json_data} = {'results': [{'gender': 'male', 'name': {'title': 'Mr', 'first': 'Vincent', 'last': 'Gagné'}, 'location': {'street': {'number': 4965, 'name': 'Dufferin St'}, 'city': 'Deer Lake', 'state': 'Manitoba', ...</msg>
<var>${json_data}</var>
<arg>${response.json()}</arg>
<doc>Returns the given values which can then be assigned to a variables.</doc>
<status status="PASS" start="2024-05-12T10:13:44.155741" elapsed="0.000574"/>
</kw>
<kw name="Log" owner="BuiltIn">
<msg time="2024-05-12T10:13:44.156791" level="INFO">{'results': [{'gender': 'male', 'name': {'title': 'Mr', 'first': 'Vincent', 'last': 'Gagné'}, 'location': {'street': {'number': 4965, 'name': 'Dufferin St'}, 'city': 'Deer Lake', 'state': 'Manitoba', 'country': 'Canada', 'postcode': 'M7W 5J8', 'coordinates': {'latitude': '-64.9179', 'longitude': '-84.7121'}, 'timezone': {'offset': '-5:00', 'description': 'Eastern Time (US &amp; Canada), Bogota, Lima'}}, 'email': 'vincent.gagne@example.com', 'login': {'uuid': 'e547632f-98b2-4ee9-90e4-7fb3d13687be', 'username': 'whitefish542', 'password': '1991', 'salt': 'MHSl34MM', 'md5': 'eb5aab55fc5d967f4afa768bfa09a80c', 'sha1': '18e0a5eff7168bd67bb84706f4762c25112c83ef', 'sha256': 'f547c9bd4c66f00c54219d567423bc0b9263ea224818739e08e2c99a91ed11fd'}, 'dob': {'date': '1998-12-24T15:30:06.078Z', 'age': 25}, 'registered': {'date': '2017-02-26T23:07:34.025Z', 'age': 7}, 'phone': 'W02 L54-7909', 'cell': 'X00 J10-8003', 'id': {'name': 'SIN', 'value': '313306714'}, 'picture': {'large': 'https://randomuser.me/api/portraits/men/24.jpg', 'medium': 'https://randomuser.me/api/portraits/med/men/24.jpg', 'thumbnail': 'https://randomuser.me/api/portraits/thumb/men/24.jpg'}, 'nat': 'CA'}], 'info': {'seed': '4a73f979ff0e08b6', 'results': 1, 'page': 1, 'version': '1.4'}}</msg>
<arg>${json_data}</arg>
<doc>Logs the given message with the given level.</doc>
<status status="PASS" start="2024-05-12T10:13:44.156632" elapsed="0.000210"/>
</kw>
<kw name="Should Be String" owner="String">
<arg>${json_data['results'][0]['gender']}</arg>
<doc>Fails if the given ``item`` is not a string.</doc>
<status status="PASS" start="2024-05-12T10:13:44.157169" elapsed="0.000377"/>
</kw>
<kw name="Should Match Regexp" owner="BuiltIn">
<arg>${json_data['results'][0]['email']}</arg>
<arg>^[a-zA-Z0-9._%+-]+@[a-zA-Z0-9.-]+\.[a-zA-Z]{2,}$</arg>
<doc>Fails if ``string`` does not match ``pattern`` as a regular expression.</doc>
<status status="PASS" start="2024-05-12T10:13:44.157772" elapsed="0.000540"/>
</kw>
<kw name="Should Match Regexp" owner="BuiltIn">
<arg>${json_data['results'][0]['dob']['date']}</arg>
<arg>\\d{4}-\\d{2}-\\d{2}T\\d{2}:\\d{2}:\\d{2}\\.\\d{3}Z</arg>
<doc>Fails if ``string`` does not match ``pattern`` as a regular expression.</doc>
<status status="PASS" start="2024-05-12T10:13:44.158518" elapsed="0.000503"/>
</kw>
<kw name="Should Match Regexp" owner="BuiltIn">
<arg>${json_data['results'][0]['registered']['date']}</arg>
<arg>\\d{4}-\\d{2}-\\d{2}T\\d{2}:\\d{2}:\\d{2}\\.\\d{3}Z</arg>
<doc>Fails if ``string`` does not match ``pattern`` as a regular expression.</doc>
<status status="PASS" start="2024-05-12T10:13:44.159220" elapsed="0.000372"/>
</kw>
<kw name="Should Match Regexp" owner="BuiltIn">
<arg>${json_data['results'][0]['picture']['large']}</arg>
<arg>^https?://.*\.(?:png|jpe?g|gif|bmp)$</arg>
<doc>Fails if ``string`` does not match ``pattern`` as a regular expression.</doc>
<status status="PASS" start="2024-05-12T10:13:44.159785" elapsed="0.000465"/>
</kw>
<kw name="Should Match Regexp" owner="BuiltIn">
<arg>${json_data['results'][0]['picture']['medium']}</arg>
<arg>^https?://.*\.(?:png|jpe?g|gif|bmp)$</arg>
<doc>Fails if ``string`` does not match ``pattern`` as a regular expression.</doc>
<status status="PASS" start="2024-05-12T10:13:44.160441" elapsed="0.000361"/>
</kw>
<kw name="Should Match Regexp" owner="BuiltIn">
<arg>${json_data['results'][0]['picture']['thumbnail']}</arg>
<arg>^https?://.*\.(?:png|jpe?g|gif|bmp)$</arg>
<doc>Fails if ``string`` does not match ``pattern`` as a regular expression.</doc>
<status status="PASS" start="2024-05-12T10:13:44.160994" elapsed="0.000355"/>
</kw>
<kw name="Log" owner="BuiltIn">
<msg time="2024-05-12T10:13:44.161907" level="INFO">{'large': 'https://randomuser.me/api/portraits/men/24.jpg', 'medium': 'https://randomuser.me/api/portraits/med/men/24.jpg', 'thumbnail': 'https://randomuser.me/api/portraits/thumb/men/24.jpg'}</msg>
<arg>${json_data['results'][0]['picture']}</arg>
<doc>Logs the given message with the given level.</doc>
<status status="PASS" start="2024-05-12T10:13:44.161532" elapsed="0.000418"/>
</kw>
<status status="PASS" start="2024-05-12T10:13:44.078836" elapsed="0.083369"/>
</kw>
<kw name="Teste de Tipos de Dados - Postcode" owner="random-user-service">
<kw name="GET On Session" owner="RequestsLibrary">
<msg time="2024-05-12T10:13:44.264711" level="INFO">GET Request : url=https://randomuser.me/api 
 path_url=/api 
 headers={'User-Agent': 'python-requests/2.31.0', 'Accept-Encoding': 'gzip, deflate', 'Accept': '*/*', 'Connection': 'keep-alive'} 
 body=None 
 </msg>
<msg time="2024-05-12T10:13:44.264798" level="INFO">GET Response : url=https://randomuser.me/api 
 status=200, reason=OK 
 headers={'Date': 'Sun, 12 May 2024 10:13:44 GMT', 'Content-Type': 'application/json; charset=utf-8', 'Transfer-Encoding': 'chunked', 'Connection': 'keep-alive', 'X-Powered-By': 'Express', 'Access-Control-Allow-Origin': '*', 'Cache-Control': 'no-cache', 'ETag': 'W/"4c5-X8jLkCqDcUdhtkdnQch1SF6w+qQ"', 'Vary': 'Accept-Encoding', 'Content-Encoding': 'gzip', 'CF-Cache-Status': 'DYNAMIC', 'Report-To': '{"endpoints":[{"url":"https:\\/\\/a.nel.cloudflare.com\\/report\\/v4?s=b9oEMJbr4SlcIINhz%2BPx6YLPCnaPnNwqd%2Fdv%2FSG8kJ3d7aElsCXS4kCBotuVjjp2p2ygaNv2JEPDBbB6%2BacduileECp%2F5S7Gh1h0ALqL%2FM6lPaoLN4DHcGndM0AinYoq"}],"group":"cf-nel","max_age":604800}', 'NEL': '{"success_fraction":0,"report_to":"cf-nel","max_age":604800}', 'Server': 'cloudflare', 'CF-RAY': '8829a3470ad10a05-IAD', 'alt-svc': 'h3=":443"; ma=86400'} 
 body={"results":[{"gender":"male","name":{"title":"Mr","first":"Francisco Javier","last":"de la Fuente"},"location":{"street":{"number":3635,"name":"Eje vial Guerrero"},"city":"Golfo de Santa Clara","state":"Colima","country":"Mexico","postcode":37528,"coordinates":{"latitude":"26.2037","longitude":"-164.7221"},"timezone":{"offset":"-6:00","description":"Central Time (US &amp; Canada), Mexico City"}},"email":"franciscojavier.delafuente@example.com","login":{"uuid":"54359544-bc6d-4029-a402-331d7cfe5af6","username":"beautifuldog282","password":"donnie","salt":"TUz1akM6","md5":"7db4507092c04bb38d8787c6191be21c","sha1":"98b369a81360517412728765f634e98d273e6a0a","sha256":"cd44d7859dd3cf457a75e7985167f1966accbf635d5ad368ee89909f973f6415"},"dob":{"date":"1955-09-04T05:44:17.748Z","age":68},"registered":{"date":"2004-01-01T12:05:35.660Z","age":20},"phone":"(648) 983 6945","cell":"(613) 588 9828","id":{"name":"NSS","value":"33 11 36 6128 5"},"picture":{"large":"https://randomuser.me/api/portraits/men/87.jpg","medium":"https://randomuser.me/api/portraits/med/men/87.jpg","thumbnail":"https://randomuser.me/api/portraits/thumb/men/87.jpg"},"nat":"MX"}],"info":{"seed":"2a7b7f5aa766dc0b","results":1,"page":1,"version":"1.4"}} 
 </msg>
<msg time="2024-05-12T10:13:44.264873" level="INFO">/opt/hostedtoolcache/Python/3.12.3/x64/lib/python3.12/site-packages/urllib3/connectionpool.py:1103: InsecureRequestWarning: Unverified HTTPS request is being made to host 'randomuser.me'. Adding certificate verification is strongly advised. See: https://urllib3.readthedocs.io/en/latest/advanced-usage.html#tls-warnings
  warnings.warn(</msg>
<msg time="2024-05-12T10:13:44.264990" level="INFO">${response} = &lt;Response [200]&gt;</msg>
<var>${response}</var>
<arg>consultarAPI</arg>
<arg>/api</arg>
<doc>Sends a GET request on a previously created HTTP Session.</doc>
<status status="PASS" start="2024-05-12T10:13:44.162656" elapsed="0.102389"/>
</kw>
<kw name="Set Variable" owner="BuiltIn">
<msg time="2024-05-12T10:13:44.266168" level="INFO">${json_data} = {'results': [{'gender': 'male', 'name': {'title': 'Mr', 'first': 'Francisco Javier', 'last': 'de la Fuente'}, 'location': {'street': {'number': 3635, 'name': 'Eje vial Guerrero'}, 'city': 'Golfo de Sa...</msg>
<var>${json_data}</var>
<arg>${response.json()}</arg>
<doc>Returns the given values which can then be assigned to a variables.</doc>
<status status="PASS" start="2024-05-12T10:13:44.265597" elapsed="0.000599"/>
</kw>
<kw name="Log" owner="BuiltIn">
<msg time="2024-05-12T10:13:44.266659" level="INFO">{'results': [{'gender': 'male', 'name': {'title': 'Mr', 'first': 'Francisco Javier', 'last': 'de la Fuente'}, 'location': {'street': {'number': 3635, 'name': 'Eje vial Guerrero'}, 'city': 'Golfo de Santa Clara', 'state': 'Colima', 'country': 'Mexico', 'postcode': 37528, 'coordinates': {'latitude': '26.2037', 'longitude': '-164.7221'}, 'timezone': {'offset': '-6:00', 'description': 'Central Time (US &amp; Canada), Mexico City'}}, 'email': 'franciscojavier.delafuente@example.com', 'login': {'uuid': '54359544-bc6d-4029-a402-331d7cfe5af6', 'username': 'beautifuldog282', 'password': 'donnie', 'salt': 'TUz1akM6', 'md5': '7db4507092c04bb38d8787c6191be21c', 'sha1': '98b369a81360517412728765f634e98d273e6a0a', 'sha256': 'cd44d7859dd3cf457a75e7985167f1966accbf635d5ad368ee89909f973f6415'}, 'dob': {'date': '1955-09-04T05:44:17.748Z', 'age': 68}, 'registered': {'date': '2004-01-01T12:05:35.660Z', 'age': 20}, 'phone': '(648) 983 6945', 'cell': '(613) 588 9828', 'id': {'name': 'NSS', 'value': '33 11 36 6128 5'}, 'picture': {'large': 'https://randomuser.me/api/portraits/men/87.jpg', 'medium': 'https://randomuser.me/api/portraits/med/men/87.jpg', 'thumbnail': 'https://randomuser.me/api/portraits/thumb/men/87.jpg'}, 'nat': 'MX'}], 'info': {'seed': '2a7b7f5aa766dc0b', 'results': 1, 'page': 1, 'version': '1.4'}}</msg>
<arg>${json_data}</arg>
<doc>Logs the given message with the given level.</doc>
<status status="PASS" start="2024-05-12T10:13:44.266507" elapsed="0.000201"/>
</kw>
<kw name="Should Be Equal As Numbers" owner="BuiltIn">
<arg>${json_data['results'][0]['location']['postcode']}</arg>
<arg>${json_data['results'][0]['location']['postcode']}</arg>
<doc>Fails if objects are unequal after converting them to real numbers.</doc>
<status status="PASS" start="2024-05-12T10:13:44.267169" elapsed="0.000629"/>
</kw>
<kw name="Log" owner="BuiltIn">
<msg time="2024-05-12T10:13:44.268324" level="INFO">37528</msg>
<arg>${json_data['results'][0]['location']['postcode']}</arg>
<doc>Logs the given message with the given level.</doc>
<status status="PASS" start="2024-05-12T10:13:44.267990" elapsed="0.000375"/>
</kw>
<status status="PASS" start="2024-05-12T10:13:44.162428" elapsed="0.106187"/>
</kw>
<doc>Testa se os tipos de dados na resposta da API estão corretos.</doc>
<tag>testeTiposDados</tag>
<status status="PASS" start="2024-05-12T10:13:44.078290" elapsed="0.190491"/>
</test>
<test id="s1-s1-t5" name="Validar conteudo" line="35">
<kw name="Teste de Tipos de Conteudo" owner="random-user-service">
<kw name="GET On Session" owner="RequestsLibrary">
<msg time="2024-05-12T10:13:44.356020" level="INFO">GET Request : url=https://randomuser.me/api 
 path_url=/api 
 headers={'User-Agent': 'python-requests/2.31.0', 'Accept-Encoding': 'gzip, deflate', 'Accept': '*/*', 'Connection': 'keep-alive'} 
 body=None 
 </msg>
<msg time="2024-05-12T10:13:44.356115" level="INFO">GET Response : url=https://randomuser.me/api 
 status=200, reason=OK 
 headers={'Date': 'Sun, 12 May 2024 10:13:44 GMT', 'Content-Type': 'application/json; charset=utf-8', 'Transfer-Encoding': 'chunked', 'Connection': 'keep-alive', 'X-Powered-By': 'Express', 'Access-Control-Allow-Origin': '*', 'Cache-Control': 'no-cache', 'ETag': 'W/"47c-6NwILwY4xUXB2M2XvjmTNhIKn4Q"', 'Vary': 'Accept-Encoding', 'Content-Encoding': 'gzip', 'CF-Cache-Status': 'DYNAMIC', 'Report-To': '{"endpoints":[{"url":"https:\\/\\/a.nel.cloudflare.com\\/report\\/v4?s=F%2BoXvFDoZUFI7WyOTA4%2BLeLUO2X0qh2p340cs%2BnMvYFRIjUkyaQHxM%2FOIrUtpzwNC1ZxJm2GAbZafwkSUerUNEeKqKZhnN%2FEQRkMAd7MLx4Ia1tx46HBxv4Mrr1pX37s"}],"group":"cf-nel","max_age":604800}', 'NEL': '{"success_fraction":0,"report_to":"cf-nel","max_age":604800}', 'Server': 'cloudflare', 'CF-RAY': '8829a347bb2f0a05-IAD', 'alt-svc': 'h3=":443"; ma=86400'} 
 body={"results":[{"gender":"female","name":{"title":"Ms","first":"Valdirene","last":"da Rosa"},"location":{"street":{"number":6912,"name":"Rua Onze "},"city":"Mesquita","state":"Paraná","country":"Brazil","postcode":61248,"coordinates":{"latitude":"-74.8673","longitude":"27.6621"},"timezone":{"offset":"-10:00","description":"Hawaii"}},"email":"valdirene.darosa@example.com","login":{"uuid":"e5a1b787-9706-4b0a-bb02-14155535c86e","username":"blackcat328","password":"1986","salt":"EcyScOCT","md5":"1da859e8b9424bb6b4d7ed66dc73b11c","sha1":"6e76368b94bd4e9333cf9be9bf3a99b3b7d04212","sha256":"1ae93ff2a8cc0f2eb2d5d2eff1e4dfea55bbe5eeb4706752b4958c0817d83264"},"dob":{"date":"1951-05-24T01:00:16.010Z","age":72},"registered":{"date":"2008-08-31T07:10:36.825Z","age":15},"phone":"(32) 3754-8642","cell":"(68) 1447-3192","id":{"name":"CPF","value":"071.730.139-59"},"picture":{"large":"https://randomuser.me/api/portraits/women/30.jpg","medium":"https://randomuser.me/api/portraits/med/women/30.jpg","thumbnail":"https://randomuser.me/api/portraits/thumb/women/30.jpg"},"nat":"BR"}],"info":{"seed":"7696241942d00820","results":1,"page":1,"version":"1.4"}} 
 </msg>
<msg time="2024-05-12T10:13:44.356192" level="INFO">/opt/hostedtoolcache/Python/3.12.3/x64/lib/python3.12/site-packages/urllib3/connectionpool.py:1103: InsecureRequestWarning: Unverified HTTPS request is being made to host 'randomuser.me'. Adding certificate verification is strongly advised. See: https://urllib3.readthedocs.io/en/latest/advanced-usage.html#tls-warnings
  warnings.warn(</msg>
<msg time="2024-05-12T10:13:44.356332" level="INFO">${response} = &lt;Response [200]&gt;</msg>
<var>${response}</var>
<arg>consultarAPI</arg>
<arg>/api</arg>
<doc>Sends a GET request on a previously created HTTP Session.</doc>
<status status="PASS" start="2024-05-12T10:13:44.271323" elapsed="0.085061"/>
</kw>
<kw name="Set Variable" owner="BuiltIn">
<msg time="2024-05-12T10:13:44.357461" level="INFO">${json_data} = {'results': [{'gender': 'female', 'name': {'title': 'Ms', 'first': 'Valdirene', 'last': 'da Rosa'}, 'location': {'street': {'number': 6912, 'name': 'Rua Onze '}, 'city': 'Mesquita', 'state': 'Paraná',...</msg>
<var>${json_data}</var>
<arg>${response.json()}</arg>
<doc>Returns the given values which can then be assigned to a variables.</doc>
<status status="PASS" start="2024-05-12T10:13:44.356906" elapsed="0.000586"/>
</kw>
<kw name="Set Variable" owner="BuiltIn">
<msg time="2024-05-12T10:13:44.358226" level="INFO">${name_title} = Ms</msg>
<var>${name_title}</var>
<arg>${json_data["results"][0]["name"]["title"]}</arg>
<doc>Returns the given values which can then be assigned to a variables.</doc>
<status status="PASS" start="2024-05-12T10:13:44.357832" elapsed="0.000419"/>
</kw>
<kw name="Create List" owner="BuiltIn">
<msg time="2024-05-12T10:13:44.358700" level="INFO">${allowed_titles} = ['Mr', 'Ms', 'Miss', 'Mrs', 'Madame', 'Monsieur']</msg>
<var>${allowed_titles}</var>
<arg>Mr</arg>
<arg>Ms</arg>
<arg>Miss</arg>
<arg>Mrs</arg>
<arg>Madame</arg>
<arg>Monsieur</arg>
<doc>Returns a list containing given items.</doc>
<status status="PASS" start="2024-05-12T10:13:44.358552" elapsed="0.000173"/>
</kw>
<kw name="List Should Contain Value" owner="Collections">
<msg time="2024-05-12T10:13:44.359193" level="INFO">False</msg>
<arg>${allowed_titles}</arg>
<arg>${name_title}</arg>
<doc>Fails if the ``value`` is not found from ``list``.</doc>
<status status="PASS" start="2024-05-12T10:13:44.359021" elapsed="0.000208"/>
</kw>
<kw name="Set Variable" owner="BuiltIn">
<msg time="2024-05-12T10:13:44.359898" level="INFO">${name_country} = BR</msg>
<var>${name_country}</var>
<arg>${json_data["results"][0]["nat"]}</arg>
<doc>Returns the given values which can then be assigned to a variables.</doc>
<status status="PASS" start="2024-05-12T10:13:44.359523" elapsed="0.000400"/>
</kw>
<kw name="Create List" owner="BuiltIn">
<msg time="2024-05-12T10:13:44.360802" level="INFO">${list_country} = ['AD', 'AE', 'AF', 'AG', 'AI', 'AL', 'AM', 'AO', 'AQ', 'AR', 'AS', 'AT', 'AU', 'AW', 'AX', 'AZ', 'BA', 'BB', 'BD', 'BE', 'BF', 'BG', 'BH', 'BI', 'BJ', 'BL', 'BM', 'BN', 'BO', 'BQ', 'BR', 'BS', 'BT', '...</msg>
<var>${list_country}</var>
<arg>AD</arg>
<arg>AE</arg>
<arg>AF</arg>
<arg>AG</arg>
<arg>AI</arg>
<arg>AL</arg>
<arg>AM</arg>
<arg>AO</arg>
<arg>AQ</arg>
<arg>AR</arg>
<arg>AS</arg>
<arg>AT</arg>
<arg>AU</arg>
<arg>AW</arg>
<arg>AX</arg>
<arg>AZ</arg>
<arg>BA</arg>
<arg>BB</arg>
<arg>BD</arg>
<arg>BE</arg>
<arg>BF</arg>
<arg>BG</arg>
<arg>BH</arg>
<arg>BI</arg>
<arg>BJ</arg>
<arg>BL</arg>
<arg>BM</arg>
<arg>BN</arg>
<arg>BO</arg>
<arg>BQ</arg>
<arg>BR</arg>
<arg>BS</arg>
<arg>BT</arg>
<arg>BV</arg>
<arg>BW</arg>
<arg>BY</arg>
<arg>BZ</arg>
<arg>CA</arg>
<arg>CC</arg>
<arg>CD</arg>
<arg>CF</arg>
<arg>CG</arg>
<arg>CH</arg>
<arg>CI</arg>
<arg>CK</arg>
<arg>CL</arg>
<arg>CM</arg>
<arg>CN</arg>
<arg>CO</arg>
<arg>CR</arg>
<arg>CU</arg>
<arg>CV</arg>
<arg>CW</arg>
<arg>CX</arg>
<arg>CY</arg>
<arg>CZ</arg>
<arg>DE</arg>
<arg>DJ</arg>
<arg>DK</arg>
<arg>DM</arg>
<arg>DO</arg>
<arg>DZ</arg>
<arg>EC</arg>
<arg>EE</arg>
<arg>EG</arg>
<arg>EH</arg>
<arg>ER</arg>
<arg>ES</arg>
<arg>ET</arg>
<arg>FI</arg>
<arg>FJ</arg>
<arg>FK</arg>
<arg>FM</arg>
<arg>FO</arg>
<arg>FR</arg>
<arg>GA</arg>
<arg>GB</arg>
<arg>GD</arg>
<arg>GE</arg>
<arg>GF</arg>
<arg>GG</arg>
<arg>GH</arg>
<arg>GI</arg>
<arg>GL</arg>
<arg>GM</arg>
<arg>GN</arg>
<arg>GP</arg>
<arg>GQ</arg>
<arg>GR</arg>
<arg>GS</arg>
<arg>GT</arg>
<arg>GU</arg>
<arg>GW</arg>
<arg>GY</arg>
<arg>HK</arg>
<arg>HM</arg>
<arg>HN</arg>
<arg>HR</arg>
<arg>HT</arg>
<arg>HU</arg>
<arg>ID</arg>
<arg>IE</arg>
<arg>IL</arg>
<arg>IM</arg>
<arg>IN</arg>
<arg>IO</arg>
<arg>IQ</arg>
<arg>IR</arg>
<arg>IS</arg>
<arg>IT</arg>
<arg>JE</arg>
<arg>JM</arg>
<arg>JO</arg>
<arg>JP</arg>
<arg>KE</arg>
<arg>KG</arg>
<arg>KH</arg>
<arg>KI</arg>
<arg>KM</arg>
<arg>KN</arg>
<arg>KP</arg>
<arg>KR</arg>
<arg>KW</arg>
<arg>KY</arg>
<arg>KZ</arg>
<arg>LA</arg>
<arg>LB</arg>
<arg>LC</arg>
<arg>LI</arg>
<arg>LK</arg>
<arg>LR</arg>
<arg>LS</arg>
<arg>LT</arg>
<arg>LU</arg>
<arg>LV</arg>
<arg>LY</arg>
<arg>MA</arg>
<arg>MC</arg>
<arg>MD</arg>
<arg>ME</arg>
<arg>MF</arg>
<arg>MG</arg>
<arg>MH</arg>
<arg>MK</arg>
<arg>ML</arg>
<arg>MM</arg>
<arg>MN</arg>
<arg>MO</arg>
<arg>MP</arg>
<arg>MQ</arg>
<arg>MR</arg>
<arg>MS</arg>
<arg>MT</arg>
<arg>MU</arg>
<arg>MV</arg>
<arg>MW</arg>
<arg>MX</arg>
<arg>MY</arg>
<arg>MZ</arg>
<arg>NA</arg>
<arg>NC</arg>
<arg>NE</arg>
<arg>NF</arg>
<arg>NG</arg>
<arg>NI</arg>
<arg>NL</arg>
<arg>NO</arg>
<arg>NP</arg>
<arg>NR</arg>
<arg>NU</arg>
<arg>NZ</arg>
<arg>OM</arg>
<arg>PA</arg>
<arg>PE</arg>
<arg>PF</arg>
<arg>PG</arg>
<arg>PH</arg>
<arg>PK</arg>
<arg>PL</arg>
<arg>PM</arg>
<arg>PN</arg>
<arg>PR</arg>
<arg>PS</arg>
<arg>PT</arg>
<arg>PW</arg>
<arg>PY</arg>
<arg>QA</arg>
<arg>RE</arg>
<arg>RO</arg>
<arg>RS</arg>
<arg>RU</arg>
<arg>RW</arg>
<arg>SA</arg>
<arg>SB</arg>
<arg>SC</arg>
<arg>SD</arg>
<arg>SE</arg>
<arg>SG</arg>
<arg>SH</arg>
<arg>SI</arg>
<arg>SJ</arg>
<arg>SK</arg>
<arg>SL</arg>
<arg>SM</arg>
<arg>SN</arg>
<arg>SO</arg>
<arg>SR</arg>
<arg>SS</arg>
<arg>ST</arg>
<arg>SV</arg>
<arg>SX</arg>
<arg>SY</arg>
<arg>SZ</arg>
<arg>TC</arg>
<arg>TD</arg>
<arg>TF</arg>
<arg>TG</arg>
<arg>TH</arg>
<arg>TJ</arg>
<arg>TK</arg>
<arg>TL</arg>
<arg>TM</arg>
<arg>TN</arg>
<arg>TO</arg>
<arg>TR</arg>
<arg>TT</arg>
<arg>TV</arg>
<arg>TW</arg>
<arg>TZ</arg>
<arg>UA</arg>
<arg>UG</arg>
<arg>UM</arg>
<arg>US</arg>
<arg>UY</arg>
<arg>UZ</arg>
<arg>VA</arg>
<arg>VC</arg>
<arg>VE</arg>
<arg>VG</arg>
<arg>VI</arg>
<arg>VN</arg>
<arg>VU</arg>
<arg>WF</arg>
<arg>WS</arg>
<arg>XK</arg>
<arg>YE</arg>
<arg>YT</arg>
<arg>ZA</arg>
<arg>ZM</arg>
<arg>ZW</arg>
<doc>Returns a list containing given items.</doc>
<status status="PASS" start="2024-05-12T10:13:44.360220" elapsed="0.000608"/>
</kw>
<kw name="List Should Contain Value" owner="Collections">
<msg time="2024-05-12T10:13:44.361856" level="INFO">False</msg>
<arg>${list_country}</arg>
<arg>${name_country}</arg>
<doc>Fails if the ``value`` is not found from ``list``.</doc>
<status status="PASS" start="2024-05-12T10:13:44.361621" elapsed="0.000273"/>
</kw>
<kw name="Run Keyword If" owner="BuiltIn">
<kw name="Should Be True" owner="BuiltIn">
<arg>${True}</arg>
<doc>Fails if the given condition is not true.</doc>
<status status="PASS" start="2024-05-12T10:13:44.362961" elapsed="0.000244"/>
</kw>
<arg>${json_data["results"][0]["location"]["coordinates"]["latitude"]} &gt;= -90 and ${json_data["results"][0]["location"]["coordinates"]["latitude"]} &lt;= 90</arg>
<arg>Should Be True</arg>
<arg>${True}</arg>
<doc>Runs the given keyword with the given arguments, if ``condition`` is true.</doc>
<status status="PASS" start="2024-05-12T10:13:44.362211" elapsed="0.001125"/>
</kw>
<kw name="Run Keyword If" owner="BuiltIn">
<kw name="Should Be True" owner="BuiltIn">
<arg>${True}</arg>
<doc>Fails if the given condition is not true.</doc>
<status status="PASS" start="2024-05-12T10:13:44.364219" elapsed="0.000137"/>
</kw>
<arg>${json_data["results"][0]["location"]["coordinates"]["longitude"]} &gt;= -180 and ${json_data["results"][0]["location"]["coordinates"]["longitude"]} &lt;= 180</arg>
<arg>Should Be True</arg>
<arg>${True}</arg>
<doc>Runs the given keyword with the given arguments, if ``condition`` is true.</doc>
<status status="PASS" start="2024-05-12T10:13:44.363524" elapsed="0.000952"/>
</kw>
<status status="PASS" start="2024-05-12T10:13:44.271100" elapsed="0.093504"/>
</kw>
<doc>Testa o conteúdo específico dos campos retornados pela API.</doc>
<tag>testeConteudo</tag>
<status status="PASS" start="2024-05-12T10:13:44.270563" elapsed="0.094184"/>
</test>
<status status="PASS" start="2024-05-12T10:13:43.451831" elapsed="0.914940"/>
</suite>
<status status="PASS" start="2024-05-12T10:13:43.438338" elapsed="0.933561"/>
</suite>
<statistics>
<total>
<stat pass="5" fail="0" skip="0">All Tests</stat>
</total>
<tag>
<stat pass="1" fail="0" skip="0">testeConteudo</stat>
<stat pass="1" fail="0" skip="0">testeEstruturaResposta</stat>
<stat pass="1" fail="0" skip="0">testeRequisicaoBasica</stat>
<stat pass="1" fail="0" skip="0">testeTiposDados</stat>
</tag>
<suite>
<stat pass="5" fail="0" skip="0" id="s1" name="Tests">Tests</stat>
<stat pass="5" fail="0" skip="0" id="s1-s1" name="Random-User-Test">Tests.Random-User-Test</stat>
</suite>
</statistics>
<errors>
</errors>
</robot>
