<?xml version="1.0" encoding="UTF-8"?>
<robot generator="Robot 7.0.1 (Python 3.12.4 on linux)" generated="2024-07-22T08:20:41.686077" rpa="false" schemaversion="5">
<suite id="s1" name="Tests" source="/home/runner/work/ApiRandomUser/ApiRandomUser/RamdonUser/tests">
<suite id="s1-s1" name="Random-User-Test" source="/home/runner/work/ApiRandomUser/ApiRandomUser/RamdonUser/tests/random-user-test.robot">
<test id="s1-s1-t1" name="Conectar" line="13">
<kw name="Conectar API" owner="random-user-service">
<kw name="Create Session" owner="RequestsLibrary">
<msg time="2024-07-22T08:20:42.094558" level="INFO">Creating Session using : alias=consultarAPI, url=https://randomuser.me/, headers={},                     cookies={}, auth=None, timeout=None, proxies=None, verify=False,                     debug=0 </msg>
<arg>consultarAPI</arg>
<arg>${URL}</arg>
<doc>Create Session: create a HTTP session to a server</doc>
<status status="PASS" start="2024-07-22T08:20:42.094356" elapsed="0.000394"/>
</kw>
<status status="PASS" start="2024-07-22T08:20:42.093249" elapsed="0.001866"/>
</kw>
<status status="PASS" start="2024-07-22T08:20:42.092536" elapsed="0.002774"/>
</test>
<test id="s1-s1-t2" name="Validar retorno 200 e JSON Válido" line="16">
<kw name="Teste de Requisicao Basica" owner="random-user-service">
<kw name="GET On Session" owner="RequestsLibrary">
<msg time="2024-07-22T08:20:42.273066" level="INFO">GET Request : url=https://randomuser.me/api 
 path_url=/api 
 headers={'User-Agent': 'python-requests/2.32.3', 'Accept-Encoding': 'gzip, deflate', 'Accept': '*/*', 'Connection': 'keep-alive'} 
 body=None 
 </msg>
<msg time="2024-07-22T08:20:42.273238" level="INFO">GET Response : url=https://randomuser.me/api 
 status=200, reason=OK 
 headers={'Date': 'Mon, 22 Jul 2024 08:20:42 GMT', 'Content-Type': 'application/json; charset=utf-8', 'Transfer-Encoding': 'chunked', 'Connection': 'keep-alive', 'X-Powered-By': 'Express', 'Access-Control-Allow-Origin': '*', 'Cache-Control': 'no-cache', 'ETag': 'W/"49c-nudYm/Nil8QiSyWxdVzNr01qbuQ"', 'Vary': 'Accept-Encoding', 'Content-Encoding': 'gzip', 'CF-Cache-Status': 'DYNAMIC', 'Report-To': '{"endpoints":[{"url":"https:\\/\\/a.nel.cloudflare.com\\/report\\/v4?s=hvHrngDBq8srVS%2FG5femiFE6V43GcujcF3wKjLjWDpecB8d0xpvGy4VE24j6lxMAaApiC1bQdlQxjt0gZsbeuqsa0ketMk4AApkzRxe%2FDgiEP8V0F0ZMTK85pLBTuO74"}],"group":"cf-nel","max_age":604800}', 'NEL': '{"success_fraction":0,"report_to":"cf-nel","max_age":604800}', 'Server': 'cloudflare', 'CF-RAY': '8a7203540e6f05ee-IAD', 'alt-svc': 'h3=":443"; ma=86400'} 
 body={"results":[{"gender":"male","name":{"title":"Mr","first":"Siddharth","last":"Vernekar"},"location":{"street":{"number":8254,"name":"Hazratganj"},"city":"Kottayam","state":"Jammu and Kashmir","country":"India","postcode":64901,"coordinates":{"latitude":"7.2726","longitude":"-93.1715"},"timezone":{"offset":"+5:30","description":"Bombay, Calcutta, Madras, New Delhi"}},"email":"siddharth.vernekar@example.com","login":{"uuid":"efbd5869-7b1f-45c4-b499-11fd3f52d580","username":"organicmeercat189","password":"dreamer","salt":"DRg0vWrE","md5":"45e68341b2b013e1b386c97237f4013f","sha1":"12e56878a2cb0c83dd1d3d4ae8a996da688fdcdf","sha256":"d3df612d14a56d591169862467e65af8aa24eef4af860e0b8bb660254e7cc8fb"},"dob":{"date":"1948-06-08T13:46:28.939Z","age":76},"registered":{"date":"2022-03-03T19:30:55.767Z","age":2},"phone":"7931835063","cell":"9072719921","id":{"name":"UIDAI","value":"209572183602"},"picture":{"large":"https://randomuser.me/api/portraits/men/84.jpg","medium":"https://randomuser.me/api/portraits/med/men/84.jpg","thumbnail":"https://randomuser.me/api/portraits/thumb/men/84.jpg"},"nat":"IN"}],"info":{"seed":"d19984a64db1a757","results":1,"page":1,"version":"1.4"}} 
 </msg>
<msg time="2024-07-22T08:20:42.273336" level="INFO">/opt/hostedtoolcache/Python/3.12.4/x64/lib/python3.12/site-packages/urllib3/connectionpool.py:1099: InsecureRequestWarning: Unverified HTTPS request is being made to host 'randomuser.me'. Adding certificate verification is strongly advised. See: https://urllib3.readthedocs.io/en/latest/advanced-usage.html#tls-warnings
  warnings.warn(</msg>
<msg time="2024-07-22T08:20:42.273484" level="INFO">${response} = &lt;Response [200]&gt;</msg>
<var>${response}</var>
<arg>consultarAPI</arg>
<arg>/api</arg>
<doc>Sends a GET request on a previously created HTTP Session.</doc>
<status status="PASS" start="2024-07-22T08:20:42.097971" elapsed="0.175554"/>
</kw>
<kw name="Should Be Equal As Numbers" owner="BuiltIn">
<msg time="2024-07-22T08:20:42.274503" level="INFO">Argument types are:
&lt;class 'int'&gt;
&lt;class 'str'&gt;</msg>
<arg>${response.status_code}</arg>
<arg>200</arg>
<doc>Fails if objects are unequal after converting them to real numbers.</doc>
<status status="PASS" start="2024-07-22T08:20:42.274032" elapsed="0.000538"/>
</kw>
<kw name="Log" owner="BuiltIn">
<msg time="2024-07-22T08:20:42.275252" level="INFO">200</msg>
<arg>${response.status_code}</arg>
<doc>Logs the given message with the given level.</doc>
<status status="PASS" start="2024-07-22T08:20:42.274894" elapsed="0.000402"/>
</kw>
<kw name="Set Variable" owner="BuiltIn">
<msg time="2024-07-22T08:20:42.276076" level="INFO">${json_data} = {'results': [{'gender': 'male', 'name': {'title': 'Mr', 'first': 'Siddharth', 'last': 'Vernekar'}, 'location': {'street': {'number': 8254, 'name': 'Hazratganj'}, 'city': 'Kottayam', 'state': 'Jammu an...</msg>
<var>${json_data}</var>
<arg>${response.json()}</arg>
<doc>Returns the given values which can then be assigned to a variables.</doc>
<status status="PASS" start="2024-07-22T08:20:42.275644" elapsed="0.000461"/>
</kw>
<kw name="Dictionary Should Contain Key" owner="Collections">
<arg>${json_data}</arg>
<arg>results</arg>
<doc>Fails if ``key`` is not found from ``dictionary``.</doc>
<status status="PASS" start="2024-07-22T08:20:42.276410" elapsed="0.000322"/>
</kw>
<status status="PASS" start="2024-07-22T08:20:42.097725" elapsed="0.179161"/>
</kw>
<doc>Testa se a API responde corretamente e retorna um objeto JSON válido.</doc>
<tag>testeRequisicaoBasica</tag>
<status status="PASS" start="2024-07-22T08:20:42.097235" elapsed="0.179831"/>
</test>
<test id="s1-s1-t3" name="Validar estrutura de resposta" line="22">
<kw name="Teste de Estrutura de Resposta" owner="random-user-service">
<kw name="GET On Session" owner="RequestsLibrary">
<msg time="2024-07-22T08:20:42.378038" level="INFO">GET Request : url=https://randomuser.me/api 
 path_url=/api 
 headers={'User-Agent': 'python-requests/2.32.3', 'Accept-Encoding': 'gzip, deflate', 'Accept': '*/*', 'Connection': 'keep-alive'} 
 body=None 
 </msg>
<msg time="2024-07-22T08:20:42.378126" level="INFO">GET Response : url=https://randomuser.me/api 
 status=200, reason=OK 
 headers={'Date': 'Mon, 22 Jul 2024 08:20:42 GMT', 'Content-Type': 'application/json; charset=utf-8', 'Transfer-Encoding': 'chunked', 'Connection': 'keep-alive', 'X-Powered-By': 'Express', 'Access-Control-Allow-Origin': '*', 'Cache-Control': 'no-cache', 'ETag': 'W/"476-AGt0R0y/GVN1d7gfPede9zPNaZY"', 'Vary': 'Accept-Encoding', 'Content-Encoding': 'gzip', 'CF-Cache-Status': 'DYNAMIC', 'Report-To': '{"endpoints":[{"url":"https:\\/\\/a.nel.cloudflare.com\\/report\\/v4?s=ssd3rLOCrfIWECRFCviGWtXhcz%2FCeTLMxukC4aC6sbIOTfznUxncoCdp62teozY3pI1Va5zL69kF0ioICVHGSlxkdKb7cO1cWqwI5PaFpTvoZ62IBVQl4FHznKfkisQU"}],"group":"cf-nel","max_age":604800}', 'NEL': '{"success_fraction":0,"report_to":"cf-nel","max_age":604800}', 'Server': 'cloudflare', 'CF-RAY': '8a7203544eae05ee-IAD', 'alt-svc': 'h3=":443"; ma=86400'} 
 body={"results":[{"gender":"female","name":{"title":"Miss","first":"Lara","last":"Ebert"},"location":{"street":{"number":1027,"name":"Feldstraße"},"city":"Nassau","state":"Bremen","country":"Germany","postcode":88585,"coordinates":{"latitude":"-48.5561","longitude":"151.4663"},"timezone":{"offset":"-2:00","description":"Mid-Atlantic"}},"email":"lara.ebert@example.com","login":{"uuid":"92361494-dcf8-424e-9315-8c592a9106db","username":"greenlion829","password":"baby","salt":"X9Flp4Jm","md5":"f0a55cfd0555d117f3474bf580f55f58","sha1":"8825d70eaee03d721ffe3129a064648682dc2c1f","sha256":"657d3a6f845444c4af2b390061c554b4ce7de58800e457d7bf630f429f8c549f"},"dob":{"date":"1962-06-16T03:27:12.643Z","age":62},"registered":{"date":"2013-10-26T22:22:58.842Z","age":10},"phone":"0661-0487910","cell":"0179-7856572","id":{"name":"SVNR","value":"26 150662 E 607"},"picture":{"large":"https://randomuser.me/api/portraits/women/17.jpg","medium":"https://randomuser.me/api/portraits/med/women/17.jpg","thumbnail":"https://randomuser.me/api/portraits/thumb/women/17.jpg"},"nat":"DE"}],"info":{"seed":"c8bec0b062269acc","results":1,"page":1,"version":"1.4"}} 
 </msg>
<msg time="2024-07-22T08:20:42.378252" level="INFO">/opt/hostedtoolcache/Python/3.12.4/x64/lib/python3.12/site-packages/urllib3/connectionpool.py:1099: InsecureRequestWarning: Unverified HTTPS request is being made to host 'randomuser.me'. Adding certificate verification is strongly advised. See: https://urllib3.readthedocs.io/en/latest/advanced-usage.html#tls-warnings
  warnings.warn(</msg>
<msg time="2024-07-22T08:20:42.378376" level="INFO">${response} = &lt;Response [200]&gt;</msg>
<var>${response}</var>
<arg>consultarAPI</arg>
<arg>/api</arg>
<doc>Sends a GET request on a previously created HTTP Session.</doc>
<status status="PASS" start="2024-07-22T08:20:42.279687" elapsed="0.098741"/>
</kw>
<kw name="Set Variable" owner="BuiltIn">
<msg time="2024-07-22T08:20:42.379321" level="INFO">${json_data} = {'results': [{'gender': 'female', 'name': {'title': 'Miss', 'first': 'Lara', 'last': 'Ebert'}, 'location': {'street': {'number': 1027, 'name': 'Feldstraße'}, 'city': 'Nassau', 'state': 'Bremen', 'coun...</msg>
<var>${json_data}</var>
<arg>${response.json()}</arg>
<doc>Returns the given values which can then be assigned to a variables.</doc>
<status status="PASS" start="2024-07-22T08:20:42.378854" elapsed="0.000498"/>
</kw>
<kw name="Log" owner="BuiltIn">
<msg time="2024-07-22T08:20:42.379883" level="INFO">{'results': [{'gender': 'female', 'name': {'title': 'Miss', 'first': 'Lara', 'last': 'Ebert'}, 'location': {'street': {'number': 1027, 'name': 'Feldstraße'}, 'city': 'Nassau', 'state': 'Bremen', 'country': 'Germany', 'postcode': 88585, 'coordinates': {'latitude': '-48.5561', 'longitude': '151.4663'}, 'timezone': {'offset': '-2:00', 'description': 'Mid-Atlantic'}}, 'email': 'lara.ebert@example.com', 'login': {'uuid': '92361494-dcf8-424e-9315-8c592a9106db', 'username': 'greenlion829', 'password': 'baby', 'salt': 'X9Flp4Jm', 'md5': 'f0a55cfd0555d117f3474bf580f55f58', 'sha1': '8825d70eaee03d721ffe3129a064648682dc2c1f', 'sha256': '657d3a6f845444c4af2b390061c554b4ce7de58800e457d7bf630f429f8c549f'}, 'dob': {'date': '1962-06-16T03:27:12.643Z', 'age': 62}, 'registered': {'date': '2013-10-26T22:22:58.842Z', 'age': 10}, 'phone': '0661-0487910', 'cell': '0179-7856572', 'id': {'name': 'SVNR', 'value': '26 150662 E 607'}, 'picture': {'large': 'https://randomuser.me/api/portraits/women/17.jpg', 'medium': 'https://randomuser.me/api/portraits/med/women/17.jpg', 'thumbnail': 'https://randomuser.me/api/portraits/thumb/women/17.jpg'}, 'nat': 'DE'}], 'info': {'seed': 'c8bec0b062269acc', 'results': 1, 'page': 1, 'version': '1.4'}}</msg>
<arg>${json_data}</arg>
<doc>Logs the given message with the given level.</doc>
<status status="PASS" start="2024-07-22T08:20:42.379717" elapsed="0.000217"/>
</kw>
<kw name="Dictionary Should Contain Key" owner="Collections">
<arg>${json_data}</arg>
<arg>results</arg>
<doc>Fails if ``key`` is not found from ``dictionary``.</doc>
<status status="PASS" start="2024-07-22T08:20:42.380230" elapsed="0.000162"/>
</kw>
<kw name="Should Not Be Empty" owner="BuiltIn">
<msg time="2024-07-22T08:20:42.380722" level="INFO">Length is 2.</msg>
<arg>${json_data}</arg>
<doc>Verifies that the given item is not empty.</doc>
<status status="PASS" start="2024-07-22T08:20:42.380582" elapsed="0.000179"/>
</kw>
<kw name="Create List" owner="BuiltIn">
<msg time="2024-07-22T08:20:42.381218" level="INFO">${expected_keys} = ['gender', 'name', 'location', 'email', 'login']</msg>
<var>${expected_keys}</var>
<arg>gender</arg>
<arg>name</arg>
<arg>location</arg>
<arg>email</arg>
<arg>login</arg>
<doc>Returns a list containing given items.</doc>
<status status="PASS" start="2024-07-22T08:20:42.381061" elapsed="0.000183"/>
</kw>
<for flavor="IN">
<iter>
<kw name="Dictionary Should Contain Key" owner="Collections">
<arg>${json_data['results'][0]}</arg>
<arg>${key}</arg>
<doc>Fails if ``key`` is not found from ``dictionary``.</doc>
<status status="PASS" start="2024-07-22T08:20:42.381822" elapsed="0.000405"/>
</kw>
<kw name="Log" owner="BuiltIn">
<msg time="2024-07-22T08:20:42.382775" level="INFO">{'gender': 'female', 'name': {'title': 'Miss', 'first': 'Lara', 'last': 'Ebert'}, 'location': {'street': {'number': 1027, 'name': 'Feldstraße'}, 'city': 'Nassau', 'state': 'Bremen', 'country': 'Germany', 'postcode': 88585, 'coordinates': {'latitude': '-48.5561', 'longitude': '151.4663'}, 'timezone': {'offset': '-2:00', 'description': 'Mid-Atlantic'}}, 'email': 'lara.ebert@example.com', 'login': {'uuid': '92361494-dcf8-424e-9315-8c592a9106db', 'username': 'greenlion829', 'password': 'baby', 'salt': 'X9Flp4Jm', 'md5': 'f0a55cfd0555d117f3474bf580f55f58', 'sha1': '8825d70eaee03d721ffe3129a064648682dc2c1f', 'sha256': '657d3a6f845444c4af2b390061c554b4ce7de58800e457d7bf630f429f8c549f'}, 'dob': {'date': '1962-06-16T03:27:12.643Z', 'age': 62}, 'registered': {'date': '2013-10-26T22:22:58.842Z', 'age': 10}, 'phone': '0661-0487910', 'cell': '0179-7856572', 'id': {'name': 'SVNR', 'value': '26 150662 E 607'}, 'picture': {'large': 'https://randomuser.me/api/portraits/women/17.jpg', 'medium': 'https://randomuser.me/api/portraits/med/women/17.jpg', 'thumbnail': 'https://randomuser.me/api/portraits/thumb/women/17.jpg'}, 'nat': 'DE'}</msg>
<arg>${json_data['results'][0]}</arg>
<doc>Logs the given message with the given level.</doc>
<status status="PASS" start="2024-07-22T08:20:42.382413" elapsed="0.000416"/>
</kw>
<kw name="Log" owner="BuiltIn">
<msg time="2024-07-22T08:20:42.383262" level="INFO">gender</msg>
<arg>${key}</arg>
<doc>Logs the given message with the given level.</doc>
<status status="PASS" start="2024-07-22T08:20:42.383133" elapsed="0.000181"/>
</kw>
<var name="${key}">gender</var>
<status status="PASS" start="2024-07-22T08:20:42.381693" elapsed="0.001862"/>
</iter>
<iter>
<kw name="Dictionary Should Contain Key" owner="Collections">
<arg>${json_data['results'][0]}</arg>
<arg>${key}</arg>
<doc>Fails if ``key`` is not found from ``dictionary``.</doc>
<status status="PASS" start="2024-07-22T08:20:42.383856" elapsed="0.000393"/>
</kw>
<kw name="Log" owner="BuiltIn">
<msg time="2024-07-22T08:20:42.384790" level="INFO">{'gender': 'female', 'name': {'title': 'Miss', 'first': 'Lara', 'last': 'Ebert'}, 'location': {'street': {'number': 1027, 'name': 'Feldstraße'}, 'city': 'Nassau', 'state': 'Bremen', 'country': 'Germany', 'postcode': 88585, 'coordinates': {'latitude': '-48.5561', 'longitude': '151.4663'}, 'timezone': {'offset': '-2:00', 'description': 'Mid-Atlantic'}}, 'email': 'lara.ebert@example.com', 'login': {'uuid': '92361494-dcf8-424e-9315-8c592a9106db', 'username': 'greenlion829', 'password': 'baby', 'salt': 'X9Flp4Jm', 'md5': 'f0a55cfd0555d117f3474bf580f55f58', 'sha1': '8825d70eaee03d721ffe3129a064648682dc2c1f', 'sha256': '657d3a6f845444c4af2b390061c554b4ce7de58800e457d7bf630f429f8c549f'}, 'dob': {'date': '1962-06-16T03:27:12.643Z', 'age': 62}, 'registered': {'date': '2013-10-26T22:22:58.842Z', 'age': 10}, 'phone': '0661-0487910', 'cell': '0179-7856572', 'id': {'name': 'SVNR', 'value': '26 150662 E 607'}, 'picture': {'large': 'https://randomuser.me/api/portraits/women/17.jpg', 'medium': 'https://randomuser.me/api/portraits/med/women/17.jpg', 'thumbnail': 'https://randomuser.me/api/portraits/thumb/women/17.jpg'}, 'nat': 'DE'}</msg>
<arg>${json_data['results'][0]}</arg>
<doc>Logs the given message with the given level.</doc>
<status status="PASS" start="2024-07-22T08:20:42.384435" elapsed="0.000439"/>
</kw>
<kw name="Log" owner="BuiltIn">
<msg time="2024-07-22T08:20:42.385305" level="INFO">name</msg>
<arg>${key}</arg>
<doc>Logs the given message with the given level.</doc>
<status status="PASS" start="2024-07-22T08:20:42.385176" elapsed="0.000167"/>
</kw>
<var name="${key}">name</var>
<status status="PASS" start="2024-07-22T08:20:42.383742" elapsed="0.001816"/>
</iter>
<iter>
<kw name="Dictionary Should Contain Key" owner="Collections">
<arg>${json_data['results'][0]}</arg>
<arg>${key}</arg>
<doc>Fails if ``key`` is not found from ``dictionary``.</doc>
<status status="PASS" start="2024-07-22T08:20:42.385848" elapsed="0.000385"/>
</kw>
<kw name="Log" owner="BuiltIn">
<msg time="2024-07-22T08:20:42.386776" level="INFO">{'gender': 'female', 'name': {'title': 'Miss', 'first': 'Lara', 'last': 'Ebert'}, 'location': {'street': {'number': 1027, 'name': 'Feldstraße'}, 'city': 'Nassau', 'state': 'Bremen', 'country': 'Germany', 'postcode': 88585, 'coordinates': {'latitude': '-48.5561', 'longitude': '151.4663'}, 'timezone': {'offset': '-2:00', 'description': 'Mid-Atlantic'}}, 'email': 'lara.ebert@example.com', 'login': {'uuid': '92361494-dcf8-424e-9315-8c592a9106db', 'username': 'greenlion829', 'password': 'baby', 'salt': 'X9Flp4Jm', 'md5': 'f0a55cfd0555d117f3474bf580f55f58', 'sha1': '8825d70eaee03d721ffe3129a064648682dc2c1f', 'sha256': '657d3a6f845444c4af2b390061c554b4ce7de58800e457d7bf630f429f8c549f'}, 'dob': {'date': '1962-06-16T03:27:12.643Z', 'age': 62}, 'registered': {'date': '2013-10-26T22:22:58.842Z', 'age': 10}, 'phone': '0661-0487910', 'cell': '0179-7856572', 'id': {'name': 'SVNR', 'value': '26 150662 E 607'}, 'picture': {'large': 'https://randomuser.me/api/portraits/women/17.jpg', 'medium': 'https://randomuser.me/api/portraits/med/women/17.jpg', 'thumbnail': 'https://randomuser.me/api/portraits/thumb/women/17.jpg'}, 'nat': 'DE'}</msg>
<arg>${json_data['results'][0]}</arg>
<doc>Logs the given message with the given level.</doc>
<status status="PASS" start="2024-07-22T08:20:42.386421" elapsed="0.000406"/>
</kw>
<kw name="Log" owner="BuiltIn">
<msg time="2024-07-22T08:20:42.387251" level="INFO">location</msg>
<arg>${key}</arg>
<doc>Logs the given message with the given level.</doc>
<status status="PASS" start="2024-07-22T08:20:42.387125" elapsed="0.000164"/>
</kw>
<var name="${key}">location</var>
<status status="PASS" start="2024-07-22T08:20:42.385739" elapsed="0.001813"/>
</iter>
<iter>
<kw name="Dictionary Should Contain Key" owner="Collections">
<arg>${json_data['results'][0]}</arg>
<arg>${key}</arg>
<doc>Fails if ``key`` is not found from ``dictionary``.</doc>
<status status="PASS" start="2024-07-22T08:20:42.387836" elapsed="0.000383"/>
</kw>
<kw name="Log" owner="BuiltIn">
<msg time="2024-07-22T08:20:42.388879" level="INFO">{'gender': 'female', 'name': {'title': 'Miss', 'first': 'Lara', 'last': 'Ebert'}, 'location': {'street': {'number': 1027, 'name': 'Feldstraße'}, 'city': 'Nassau', 'state': 'Bremen', 'country': 'Germany', 'postcode': 88585, 'coordinates': {'latitude': '-48.5561', 'longitude': '151.4663'}, 'timezone': {'offset': '-2:00', 'description': 'Mid-Atlantic'}}, 'email': 'lara.ebert@example.com', 'login': {'uuid': '92361494-dcf8-424e-9315-8c592a9106db', 'username': 'greenlion829', 'password': 'baby', 'salt': 'X9Flp4Jm', 'md5': 'f0a55cfd0555d117f3474bf580f55f58', 'sha1': '8825d70eaee03d721ffe3129a064648682dc2c1f', 'sha256': '657d3a6f845444c4af2b390061c554b4ce7de58800e457d7bf630f429f8c549f'}, 'dob': {'date': '1962-06-16T03:27:12.643Z', 'age': 62}, 'registered': {'date': '2013-10-26T22:22:58.842Z', 'age': 10}, 'phone': '0661-0487910', 'cell': '0179-7856572', 'id': {'name': 'SVNR', 'value': '26 150662 E 607'}, 'picture': {'large': 'https://randomuser.me/api/portraits/women/17.jpg', 'medium': 'https://randomuser.me/api/portraits/med/women/17.jpg', 'thumbnail': 'https://randomuser.me/api/portraits/thumb/women/17.jpg'}, 'nat': 'DE'}</msg>
<arg>${json_data['results'][0]}</arg>
<doc>Logs the given message with the given level.</doc>
<status status="PASS" start="2024-07-22T08:20:42.388522" elapsed="0.000409"/>
</kw>
<kw name="Log" owner="BuiltIn">
<msg time="2024-07-22T08:20:42.389357" level="INFO">email</msg>
<arg>${key}</arg>
<doc>Logs the given message with the given level.</doc>
<status status="PASS" start="2024-07-22T08:20:42.389229" elapsed="0.000166"/>
</kw>
<var name="${key}">email</var>
<status status="PASS" start="2024-07-22T08:20:42.387727" elapsed="0.001881"/>
</iter>
<iter>
<kw name="Dictionary Should Contain Key" owner="Collections">
<arg>${json_data['results'][0]}</arg>
<arg>${key}</arg>
<doc>Fails if ``key`` is not found from ``dictionary``.</doc>
<status status="PASS" start="2024-07-22T08:20:42.389890" elapsed="0.000370"/>
</kw>
<kw name="Log" owner="BuiltIn">
<msg time="2024-07-22T08:20:42.390790" level="INFO">{'gender': 'female', 'name': {'title': 'Miss', 'first': 'Lara', 'last': 'Ebert'}, 'location': {'street': {'number': 1027, 'name': 'Feldstraße'}, 'city': 'Nassau', 'state': 'Bremen', 'country': 'Germany', 'postcode': 88585, 'coordinates': {'latitude': '-48.5561', 'longitude': '151.4663'}, 'timezone': {'offset': '-2:00', 'description': 'Mid-Atlantic'}}, 'email': 'lara.ebert@example.com', 'login': {'uuid': '92361494-dcf8-424e-9315-8c592a9106db', 'username': 'greenlion829', 'password': 'baby', 'salt': 'X9Flp4Jm', 'md5': 'f0a55cfd0555d117f3474bf580f55f58', 'sha1': '8825d70eaee03d721ffe3129a064648682dc2c1f', 'sha256': '657d3a6f845444c4af2b390061c554b4ce7de58800e457d7bf630f429f8c549f'}, 'dob': {'date': '1962-06-16T03:27:12.643Z', 'age': 62}, 'registered': {'date': '2013-10-26T22:22:58.842Z', 'age': 10}, 'phone': '0661-0487910', 'cell': '0179-7856572', 'id': {'name': 'SVNR', 'value': '26 150662 E 607'}, 'picture': {'large': 'https://randomuser.me/api/portraits/women/17.jpg', 'medium': 'https://randomuser.me/api/portraits/med/women/17.jpg', 'thumbnail': 'https://randomuser.me/api/portraits/thumb/women/17.jpg'}, 'nat': 'DE'}</msg>
<arg>${json_data['results'][0]}</arg>
<doc>Logs the given message with the given level.</doc>
<status status="PASS" start="2024-07-22T08:20:42.390440" elapsed="0.000400"/>
</kw>
<kw name="Log" owner="BuiltIn">
<msg time="2024-07-22T08:20:42.391255" level="INFO">login</msg>
<arg>${key}</arg>
<doc>Logs the given message with the given level.</doc>
<status status="PASS" start="2024-07-22T08:20:42.391131" elapsed="0.000162"/>
</kw>
<var name="${key}">login</var>
<status status="PASS" start="2024-07-22T08:20:42.389781" elapsed="0.001745"/>
</iter>
<var>${key}</var>
<value>@{expected_keys}</value>
<status status="PASS" start="2024-07-22T08:20:42.381506" elapsed="0.010149"/>
</for>
<kw name="Create List" owner="BuiltIn">
<msg time="2024-07-22T08:20:42.391977" level="INFO">${expected_keysTwo} = ['username', 'password']</msg>
<var>${expected_keysTwo}</var>
<arg>username</arg>
<arg>password</arg>
<doc>Returns a list containing given items.</doc>
<status status="PASS" start="2024-07-22T08:20:42.391842" elapsed="0.000160"/>
</kw>
<for flavor="IN">
<iter>
<kw name="Dictionary Should Contain Key" owner="Collections">
<arg>${json_data['results'][0]['login']}</arg>
<arg>${keyTwo}</arg>
<doc>Fails if ``key`` is not found from ``dictionary``.</doc>
<status status="PASS" start="2024-07-22T08:20:42.392516" elapsed="0.000382"/>
</kw>
<kw name="Dictionary Should Contain Key" owner="Collections">
<arg>${json_data['results'][0]['login']}</arg>
<arg>${keyTwo}</arg>
<doc>Fails if ``key`` is not found from ``dictionary``.</doc>
<status status="PASS" start="2024-07-22T08:20:42.393080" elapsed="0.000369"/>
</kw>
<kw name="Log" owner="BuiltIn">
<msg time="2024-07-22T08:20:42.393747" level="INFO">username</msg>
<arg>${keyTwo}</arg>
<doc>Logs the given message with the given level.</doc>
<status status="PASS" start="2024-07-22T08:20:42.393628" elapsed="0.000157"/>
</kw>
<var name="${keyTwo}">username</var>
<status status="PASS" start="2024-07-22T08:20:42.392410" elapsed="0.001592"/>
</iter>
<iter>
<kw name="Dictionary Should Contain Key" owner="Collections">
<arg>${json_data['results'][0]['login']}</arg>
<arg>${keyTwo}</arg>
<doc>Fails if ``key`` is not found from ``dictionary``.</doc>
<status status="PASS" start="2024-07-22T08:20:42.394285" elapsed="0.000381"/>
</kw>
<kw name="Dictionary Should Contain Key" owner="Collections">
<arg>${json_data['results'][0]['login']}</arg>
<arg>${keyTwo}</arg>
<doc>Fails if ``key`` is not found from ``dictionary``.</doc>
<status status="PASS" start="2024-07-22T08:20:42.394844" elapsed="0.000375"/>
</kw>
<kw name="Log" owner="BuiltIn">
<msg time="2024-07-22T08:20:42.395572" level="INFO">password</msg>
<arg>${keyTwo}</arg>
<doc>Logs the given message with the given level.</doc>
<status status="PASS" start="2024-07-22T08:20:42.395432" elapsed="0.000180"/>
</kw>
<var name="${keyTwo}">password</var>
<status status="PASS" start="2024-07-22T08:20:42.394174" elapsed="0.001662"/>
</iter>
<var>${keyTwo}</var>
<value>@{expected_keysTwo}</value>
<status status="PASS" start="2024-07-22T08:20:42.392259" elapsed="0.003697"/>
</for>
<status status="PASS" start="2024-07-22T08:20:42.279447" elapsed="0.116647"/>
</kw>
<doc>Testa a estrutura da resposta da API.</doc>
<tag>testeEstruturaResposta</tag>
<status status="PASS" start="2024-07-22T08:20:42.278923" elapsed="0.117318"/>
</test>
<test id="s1-s1-t4" name="Validar tipos de dados" line="28">
<kw name="Teste de Tipos de Dados" owner="random-user-service">
<kw name="GET On Session" owner="RequestsLibrary">
<msg time="2024-07-22T08:20:42.472193" level="INFO">GET Request : url=https://randomuser.me/api 
 path_url=/api 
 headers={'User-Agent': 'python-requests/2.32.3', 'Accept-Encoding': 'gzip, deflate', 'Accept': '*/*', 'Connection': 'keep-alive'} 
 body=None 
 </msg>
<msg time="2024-07-22T08:20:42.472280" level="INFO">GET Response : url=https://randomuser.me/api 
 status=200, reason=OK 
 headers={'Date': 'Mon, 22 Jul 2024 08:20:42 GMT', 'Content-Type': 'application/json; charset=utf-8', 'Transfer-Encoding': 'chunked', 'Connection': 'keep-alive', 'X-Powered-By': 'Express', 'Access-Control-Allow-Origin': '*', 'Cache-Control': 'no-cache', 'ETag': 'W/"483-Od5h78Hd3F+xvo/jE2vndDPZJLI"', 'Vary': 'Accept-Encoding', 'Content-Encoding': 'gzip', 'CF-Cache-Status': 'DYNAMIC', 'Report-To': '{"endpoints":[{"url":"https:\\/\\/a.nel.cloudflare.com\\/report\\/v4?s=sspovDUQxN1WwMB%2FaaYgNT48ZgpFuuswvLjjTRRzF%2Fk3V6DFezQkAdaGZ0oLq4KppgOCai6GMX3vZNPf8CtLOspj07LDHSv%2Fs%2FlJWrl71cKikFsSnCnsAIwe2YWYARQ1"}],"group":"cf-nel","max_age":604800}', 'NEL': '{"success_fraction":0,"report_to":"cf-nel","max_age":604800}', 'Server': 'cloudflare', 'CF-RAY': '8a7203550f4e05ee-IAD', 'alt-svc': 'h3=":443"; ma=86400'} 
 body={"results":[{"gender":"male","name":{"title":"Mr","first":"بنیامین","last":"یاسمی"},"location":{"street":{"number":7078,"name":"دکتر فاطمی"},"city":"کرمان","state":"گیلان","country":"Iran","postcode":25317,"coordinates":{"latitude":"15.8202","longitude":"-12.5560"},"timezone":{"offset":"+7:00","description":"Bangkok, Hanoi, Jakarta"}},"email":"bnymyn.ysmy@example.com","login":{"uuid":"4fdb4ef2-2332-4e67-b950-63a07880b0b0","username":"greenbird457","password":"ministry","salt":"kooj4yE0","md5":"69b36c078524ec42f9e730c8bc16e29a","sha1":"4449336d7cc2d5841cc9300e443fb372b09e3160","sha256":"3447f3aaf16ac370712e97f5a6b64067a259fefc105eb1a7b77a5ceb8dc1a2ea"},"dob":{"date":"1957-09-06T01:44:35.167Z","age":66},"registered":{"date":"2015-11-04T23:15:22.351Z","age":8},"phone":"045-50707058","cell":"0967-089-6774","id":{"name":"","value":null},"picture":{"large":"https://randomuser.me/api/portraits/men/1.jpg","medium":"https://randomuser.me/api/portraits/med/men/1.jpg","thumbnail":"https://randomuser.me/api/portraits/thumb/men/1.jpg"},"nat":"IR"}],"info":{"seed":"15eae21ba66b77bf","results":1,"page":1,"version":"1.4"}} 
 </msg>
<msg time="2024-07-22T08:20:42.472359" level="INFO">/opt/hostedtoolcache/Python/3.12.4/x64/lib/python3.12/site-packages/urllib3/connectionpool.py:1099: InsecureRequestWarning: Unverified HTTPS request is being made to host 'randomuser.me'. Adding certificate verification is strongly advised. See: https://urllib3.readthedocs.io/en/latest/advanced-usage.html#tls-warnings
  warnings.warn(</msg>
<msg time="2024-07-22T08:20:42.472472" level="INFO">${response} = &lt;Response [200]&gt;</msg>
<var>${response}</var>
<arg>consultarAPI</arg>
<arg>/api</arg>
<doc>Sends a GET request on a previously created HTTP Session.</doc>
<status status="PASS" start="2024-07-22T08:20:42.398680" elapsed="0.073843"/>
</kw>
<kw name="Set Variable" owner="BuiltIn">
<msg time="2024-07-22T08:20:42.473417" level="INFO">${json_data} = {'results': [{'gender': 'male', 'name': {'title': 'Mr', 'first': 'بنیامین', 'last': 'یاسمی'}, 'location': {'street': {'number': 7078, 'name': 'دکتر فاطمی'}, 'city': 'کرمان', 'state': 'گیلان', 'country...</msg>
<var>${json_data}</var>
<arg>${response.json()}</arg>
<doc>Returns the given values which can then be assigned to a variables.</doc>
<status status="PASS" start="2024-07-22T08:20:42.472959" elapsed="0.000489"/>
</kw>
<kw name="Log" owner="BuiltIn">
<msg time="2024-07-22T08:20:42.473912" level="INFO">{'results': [{'gender': 'male', 'name': {'title': 'Mr', 'first': 'بنیامین', 'last': 'یاسمی'}, 'location': {'street': {'number': 7078, 'name': 'دکتر فاطمی'}, 'city': 'کرمان', 'state': 'گیلان', 'country': 'Iran', 'postcode': 25317, 'coordinates': {'latitude': '15.8202', 'longitude': '-12.5560'}, 'timezone': {'offset': '+7:00', 'description': 'Bangkok, Hanoi, Jakarta'}}, 'email': 'bnymyn.ysmy@example.com', 'login': {'uuid': '4fdb4ef2-2332-4e67-b950-63a07880b0b0', 'username': 'greenbird457', 'password': 'ministry', 'salt': 'kooj4yE0', 'md5': '69b36c078524ec42f9e730c8bc16e29a', 'sha1': '4449336d7cc2d5841cc9300e443fb372b09e3160', 'sha256': '3447f3aaf16ac370712e97f5a6b64067a259fefc105eb1a7b77a5ceb8dc1a2ea'}, 'dob': {'date': '1957-09-06T01:44:35.167Z', 'age': 66}, 'registered': {'date': '2015-11-04T23:15:22.351Z', 'age': 8}, 'phone': '045-50707058', 'cell': '0967-089-6774', 'id': {'name': '', 'value': None}, 'picture': {'large': 'https://randomuser.me/api/portraits/men/1.jpg', 'medium': 'https://randomuser.me/api/portraits/med/men/1.jpg', 'thumbnail': 'https://randomuser.me/api/portraits/thumb/men/1.jpg'}, 'nat': 'IR'}], 'info': {'seed': '15eae21ba66b77bf', 'results': 1, 'page': 1, 'version': '1.4'}}</msg>
<arg>${json_data}</arg>
<doc>Logs the given message with the given level.</doc>
<status status="PASS" start="2024-07-22T08:20:42.473756" elapsed="0.000206"/>
</kw>
<kw name="Should Be String" owner="String">
<arg>${json_data['results'][0]['gender']}</arg>
<doc>Fails if the given ``item`` is not a string.</doc>
<status status="PASS" start="2024-07-22T08:20:42.474253" elapsed="0.000369"/>
</kw>
<kw name="Should Match Regexp" owner="BuiltIn">
<arg>${json_data['results'][0]['email']}</arg>
<arg>^[a-zA-Z0-9._%+-]+@[a-zA-Z0-9.-]+\.[a-zA-Z]{2,}$</arg>
<doc>Fails if ``string`` does not match ``pattern`` as a regular expression.</doc>
<status status="PASS" start="2024-07-22T08:20:42.474812" elapsed="0.000506"/>
</kw>
<kw name="Should Match Regexp" owner="BuiltIn">
<arg>${json_data['results'][0]['dob']['date']}</arg>
<arg>\\d{4}-\\d{2}-\\d{2}T\\d{2}:\\d{2}:\\d{2}\\.\\d{3}Z</arg>
<doc>Fails if ``string`` does not match ``pattern`` as a regular expression.</doc>
<status status="PASS" start="2024-07-22T08:20:42.475597" elapsed="0.000601"/>
</kw>
<kw name="Should Match Regexp" owner="BuiltIn">
<arg>${json_data['results'][0]['registered']['date']}</arg>
<arg>\\d{4}-\\d{2}-\\d{2}T\\d{2}:\\d{2}:\\d{2}\\.\\d{3}Z</arg>
<doc>Fails if ``string`` does not match ``pattern`` as a regular expression.</doc>
<status status="PASS" start="2024-07-22T08:20:42.476392" elapsed="0.000370"/>
</kw>
<kw name="Should Match Regexp" owner="BuiltIn">
<arg>${json_data['results'][0]['picture']['large']}</arg>
<arg>^https?://.*\.(?:png|jpe?g|gif|bmp)$</arg>
<doc>Fails if ``string`` does not match ``pattern`` as a regular expression.</doc>
<status status="PASS" start="2024-07-22T08:20:42.476949" elapsed="0.000464"/>
</kw>
<kw name="Should Match Regexp" owner="BuiltIn">
<arg>${json_data['results'][0]['picture']['medium']}</arg>
<arg>^https?://.*\.(?:png|jpe?g|gif|bmp)$</arg>
<doc>Fails if ``string`` does not match ``pattern`` as a regular expression.</doc>
<status status="PASS" start="2024-07-22T08:20:42.477601" elapsed="0.000350"/>
</kw>
<kw name="Should Match Regexp" owner="BuiltIn">
<arg>${json_data['results'][0]['picture']['thumbnail']}</arg>
<arg>^https?://.*\.(?:png|jpe?g|gif|bmp)$</arg>
<doc>Fails if ``string`` does not match ``pattern`` as a regular expression.</doc>
<status status="PASS" start="2024-07-22T08:20:42.478142" elapsed="0.000348"/>
</kw>
<kw name="Log" owner="BuiltIn">
<msg time="2024-07-22T08:20:42.478994" level="INFO">{'large': 'https://randomuser.me/api/portraits/men/1.jpg', 'medium': 'https://randomuser.me/api/portraits/med/men/1.jpg', 'thumbnail': 'https://randomuser.me/api/portraits/thumb/men/1.jpg'}</msg>
<arg>${json_data['results'][0]['picture']}</arg>
<doc>Logs the given message with the given level.</doc>
<status status="PASS" start="2024-07-22T08:20:42.478671" elapsed="0.000366"/>
</kw>
<status status="PASS" start="2024-07-22T08:20:42.398460" elapsed="0.080830"/>
</kw>
<kw name="Teste de Tipos de Dados - Postcode" owner="random-user-service">
<kw name="GET On Session" owner="RequestsLibrary">
<msg time="2024-07-22T08:20:42.571873" level="INFO">GET Request : url=https://randomuser.me/api 
 path_url=/api 
 headers={'User-Agent': 'python-requests/2.32.3', 'Accept-Encoding': 'gzip, deflate', 'Accept': '*/*', 'Connection': 'keep-alive'} 
 body=None 
 </msg>
<msg time="2024-07-22T08:20:42.571953" level="INFO">GET Response : url=https://randomuser.me/api 
 status=200, reason=OK 
 headers={'Date': 'Mon, 22 Jul 2024 08:20:42 GMT', 'Content-Type': 'application/json; charset=utf-8', 'Transfer-Encoding': 'chunked', 'Connection': 'keep-alive', 'X-Powered-By': 'Express', 'Access-Control-Allow-Origin': '*', 'Cache-Control': 'no-cache', 'ETag': 'W/"489-/K5MRSGigkMpzLdxqs6FcMHRP5Q"', 'Vary': 'Accept-Encoding', 'Content-Encoding': 'gzip', 'CF-Cache-Status': 'DYNAMIC', 'Report-To': '{"endpoints":[{"url":"https:\\/\\/a.nel.cloudflare.com\\/report\\/v4?s=YZw0neknR4tEtw5KwZCKsVYquF%2FLgAetWrxlKHg3i2pRuAl75H0YqxE0ARyyZ%2BHArLj9G8YcEr%2FQemtmXG8CAiMSsJC4N5a%2FlQ27%2BLoXV6jRbS6TEQKDVBg09mrYex3S"}],"group":"cf-nel","max_age":604800}', 'NEL': '{"success_fraction":0,"report_to":"cf-nel","max_age":604800}', 'Server': 'cloudflare', 'CF-RAY': '8a7203558fb405ee-IAD', 'alt-svc': 'h3=":443"; ma=86400'} 
 body={"results":[{"gender":"female","name":{"title":"Mrs","first":"Adira","last":"Souza"},"location":{"street":{"number":8845,"name":"Rua Quinze de Novembro "},"city":"Jundiaí","state":"Mato Grosso do Sul","country":"Brazil","postcode":80984,"coordinates":{"latitude":"-77.8409","longitude":"106.8986"},"timezone":{"offset":"-10:00","description":"Hawaii"}},"email":"adira.souza@example.com","login":{"uuid":"0f61e976-c3b6-465f-a66a-f69f15a20008","username":"redwolf489","password":"genius","salt":"mSxxw85z","md5":"9efc34b28bad2122a70e2489d83281fe","sha1":"1d48a1985b765deaf0e5049a522756f6ebb61199","sha256":"7e11a3901cd76739d52705278d13ff4f620a0f6fbb2ab2bdfcdb0d74cfe70c7d"},"dob":{"date":"1976-11-29T16:50:46.695Z","age":47},"registered":{"date":"2021-12-16T09:04:54.988Z","age":2},"phone":"(36) 1000-5050","cell":"(07) 3132-1533","id":{"name":"CPF","value":"975.950.014-16"},"picture":{"large":"https://randomuser.me/api/portraits/women/9.jpg","medium":"https://randomuser.me/api/portraits/med/women/9.jpg","thumbnail":"https://randomuser.me/api/portraits/thumb/women/9.jpg"},"nat":"BR"}],"info":{"seed":"af66a990f1a24c07","results":1,"page":1,"version":"1.4"}} 
 </msg>
<msg time="2024-07-22T08:20:42.572025" level="INFO">/opt/hostedtoolcache/Python/3.12.4/x64/lib/python3.12/site-packages/urllib3/connectionpool.py:1099: InsecureRequestWarning: Unverified HTTPS request is being made to host 'randomuser.me'. Adding certificate verification is strongly advised. See: https://urllib3.readthedocs.io/en/latest/advanced-usage.html#tls-warnings
  warnings.warn(</msg>
<msg time="2024-07-22T08:20:42.572128" level="INFO">${response} = &lt;Response [200]&gt;</msg>
<var>${response}</var>
<arg>consultarAPI</arg>
<arg>/api</arg>
<doc>Sends a GET request on a previously created HTTP Session.</doc>
<status status="PASS" start="2024-07-22T08:20:42.479765" elapsed="0.092401"/>
</kw>
<kw name="Set Variable" owner="BuiltIn">
<msg time="2024-07-22T08:20:42.573080" level="INFO">${json_data} = {'results': [{'gender': 'female', 'name': {'title': 'Mrs', 'first': 'Adira', 'last': 'Souza'}, 'location': {'street': {'number': 8845, 'name': 'Rua Quinze de Novembro '}, 'city': 'Jundiaí', 'state': '...</msg>
<var>${json_data}</var>
<arg>${response.json()}</arg>
<doc>Returns the given values which can then be assigned to a variables.</doc>
<status status="PASS" start="2024-07-22T08:20:42.572634" elapsed="0.000476"/>
</kw>
<kw name="Log" owner="BuiltIn">
<msg time="2024-07-22T08:20:42.573563" level="INFO">{'results': [{'gender': 'female', 'name': {'title': 'Mrs', 'first': 'Adira', 'last': 'Souza'}, 'location': {'street': {'number': 8845, 'name': 'Rua Quinze de Novembro '}, 'city': 'Jundiaí', 'state': 'Mato Grosso do Sul', 'country': 'Brazil', 'postcode': 80984, 'coordinates': {'latitude': '-77.8409', 'longitude': '106.8986'}, 'timezone': {'offset': '-10:00', 'description': 'Hawaii'}}, 'email': 'adira.souza@example.com', 'login': {'uuid': '0f61e976-c3b6-465f-a66a-f69f15a20008', 'username': 'redwolf489', 'password': 'genius', 'salt': 'mSxxw85z', 'md5': '9efc34b28bad2122a70e2489d83281fe', 'sha1': '1d48a1985b765deaf0e5049a522756f6ebb61199', 'sha256': '7e11a3901cd76739d52705278d13ff4f620a0f6fbb2ab2bdfcdb0d74cfe70c7d'}, 'dob': {'date': '1976-11-29T16:50:46.695Z', 'age': 47}, 'registered': {'date': '2021-12-16T09:04:54.988Z', 'age': 2}, 'phone': '(36) 1000-5050', 'cell': '(07) 3132-1533', 'id': {'name': 'CPF', 'value': '975.950.014-16'}, 'picture': {'large': 'https://randomuser.me/api/portraits/women/9.jpg', 'medium': 'https://randomuser.me/api/portraits/med/women/9.jpg', 'thumbnail': 'https://randomuser.me/api/portraits/thumb/women/9.jpg'}, 'nat': 'BR'}], 'info': {'seed': 'af66a990f1a24c07', 'results': 1, 'page': 1, 'version': '1.4'}}</msg>
<arg>${json_data}</arg>
<doc>Logs the given message with the given level.</doc>
<status status="PASS" start="2024-07-22T08:20:42.573408" elapsed="0.000213"/>
</kw>
<kw name="Should Be Equal As Numbers" owner="BuiltIn">
<arg>${json_data['results'][0]['location']['postcode']}</arg>
<arg>${json_data['results'][0]['location']['postcode']}</arg>
<doc>Fails if objects are unequal after converting them to real numbers.</doc>
<status status="PASS" start="2024-07-22T08:20:42.573908" elapsed="0.000613"/>
</kw>
<kw name="Log" owner="BuiltIn">
<msg time="2024-07-22T08:20:42.575042" level="INFO">80984</msg>
<arg>${json_data['results'][0]['location']['postcode']}</arg>
<doc>Logs the given message with the given level.</doc>
<status status="PASS" start="2024-07-22T08:20:42.574713" elapsed="0.000368"/>
</kw>
<status status="PASS" start="2024-07-22T08:20:42.479529" elapsed="0.095832"/>
</kw>
<doc>Testa se os tipos de dados na resposta da API estão corretos.</doc>
<tag>testeTiposDados</tag>
<status status="PASS" start="2024-07-22T08:20:42.398009" elapsed="0.177583"/>
</test>
<test id="s1-s1-t5" name="Validar conteudo" line="35">
<kw name="Teste de Tipos de Conteudo" owner="random-user-service">
<kw name="GET On Session" owner="RequestsLibrary">
<msg time="2024-07-22T08:20:42.678705" level="INFO">GET Request : url=https://randomuser.me/api 
 path_url=/api 
 headers={'User-Agent': 'python-requests/2.32.3', 'Accept-Encoding': 'gzip, deflate', 'Accept': '*/*', 'Connection': 'keep-alive'} 
 body=None 
 </msg>
<msg time="2024-07-22T08:20:42.678793" level="INFO">GET Response : url=https://randomuser.me/api 
 status=200, reason=OK 
 headers={'Date': 'Mon, 22 Jul 2024 08:20:42 GMT', 'Content-Type': 'application/json; charset=utf-8', 'Transfer-Encoding': 'chunked', 'Connection': 'keep-alive', 'X-Powered-By': 'Express', 'Access-Control-Allow-Origin': '*', 'Cache-Control': 'no-cache', 'ETag': 'W/"46b-vdSNDstKNhTkmPMPdvMWY+pOuNE"', 'Vary': 'Accept-Encoding', 'Content-Encoding': 'gzip', 'CF-Cache-Status': 'DYNAMIC', 'Report-To': '{"endpoints":[{"url":"https:\\/\\/a.nel.cloudflare.com\\/report\\/v4?s=%2BIWviVOOIdO25mLYKW2fqwz23AGvFwL11YvJD0nA0x7pzj%2FJfuWWszXORA3V67QeSSQz9fX7T%2FGfMYIpolVll8MiR3fXy%2BZ3lOcwnt78wm9TW82L4hqR%2Br1En5WC5m9F"}],"group":"cf-nel","max_age":604800}', 'NEL': '{"success_fraction":0,"report_to":"cf-nel","max_age":604800}', 'Server': 'cloudflare', 'CF-RAY': '8a720356282305ee-IAD', 'alt-svc': 'h3=":443"; ma=86400'} 
 body={"results":[{"gender":"male","name":{"title":"Mr","first":"Vincent","last":"Hauan"},"location":{"street":{"number":3005,"name":"Doktor Rustads vei"},"city":"Bagn","state":"Buskerud","country":"Norway","postcode":"1291","coordinates":{"latitude":"44.0041","longitude":"-6.3181"},"timezone":{"offset":"-10:00","description":"Hawaii"}},"email":"vincent.hauan@example.com","login":{"uuid":"f4142028-2c41-4ca4-8dd7-7bc3ae4a3d60","username":"ticklishladybug513","password":"sonics","salt":"iYsfVNsX","md5":"fb275efb507d70d37545ad13608242d2","sha1":"88147773bef7780ba5d649a05ca85bfda755a820","sha256":"b2a296775a85c470282146f9d88c2f19ee7a55a4a830d26cb61bd267c9c52b72"},"dob":{"date":"1984-07-10T07:40:38.606Z","age":40},"registered":{"date":"2017-11-21T22:46:07.534Z","age":6},"phone":"69362840","cell":"98216629","id":{"name":"FN","value":"10078409938"},"picture":{"large":"https://randomuser.me/api/portraits/men/22.jpg","medium":"https://randomuser.me/api/portraits/med/men/22.jpg","thumbnail":"https://randomuser.me/api/portraits/thumb/men/22.jpg"},"nat":"NO"}],"info":{"seed":"b375db51036025e9","results":1,"page":1,"version":"1.4"}} 
 </msg>
<msg time="2024-07-22T08:20:42.678865" level="INFO">/opt/hostedtoolcache/Python/3.12.4/x64/lib/python3.12/site-packages/urllib3/connectionpool.py:1099: InsecureRequestWarning: Unverified HTTPS request is being made to host 'randomuser.me'. Adding certificate verification is strongly advised. See: https://urllib3.readthedocs.io/en/latest/advanced-usage.html#tls-warnings
  warnings.warn(</msg>
<msg time="2024-07-22T08:20:42.678977" level="INFO">${response} = &lt;Response [200]&gt;</msg>
<var>${response}</var>
<arg>consultarAPI</arg>
<arg>/api</arg>
<doc>Sends a GET request on a previously created HTTP Session.</doc>
<status status="PASS" start="2024-07-22T08:20:42.578278" elapsed="0.100741"/>
</kw>
<kw name="Set Variable" owner="BuiltIn">
<msg time="2024-07-22T08:20:42.679966" level="INFO">${json_data} = {'results': [{'gender': 'male', 'name': {'title': 'Mr', 'first': 'Vincent', 'last': 'Hauan'}, 'location': {'street': {'number': 3005, 'name': 'Doktor Rustads vei'}, 'city': 'Bagn', 'state': 'Buskerud'...</msg>
<var>${json_data}</var>
<arg>${response.json()}</arg>
<doc>Returns the given values which can then be assigned to a variables.</doc>
<status status="PASS" start="2024-07-22T08:20:42.679495" elapsed="0.000500"/>
</kw>
<kw name="Set Variable" owner="BuiltIn">
<msg time="2024-07-22T08:20:42.680683" level="INFO">${name_title} = Mr</msg>
<var>${name_title}</var>
<arg>${json_data["results"][0]["name"]["title"]}</arg>
<doc>Returns the given values which can then be assigned to a variables.</doc>
<status status="PASS" start="2024-07-22T08:20:42.680302" elapsed="0.000406"/>
</kw>
<kw name="Create List" owner="BuiltIn">
<msg time="2024-07-22T08:20:42.681162" level="INFO">${allowed_titles} = ['Mr', 'Ms', 'Miss', 'Mrs', 'Madame', 'Monsieur']</msg>
<var>${allowed_titles}</var>
<arg>Mr</arg>
<arg>Ms</arg>
<arg>Miss</arg>
<arg>Mrs</arg>
<arg>Madame</arg>
<arg>Monsieur</arg>
<doc>Returns a list containing given items.</doc>
<status status="PASS" start="2024-07-22T08:20:42.681015" elapsed="0.000172"/>
</kw>
<kw name="List Should Contain Value" owner="Collections">
<arg>${allowed_titles}</arg>
<arg>${name_title}</arg>
<doc>Fails if the ``value`` is not found from ``list``.</doc>
<status status="PASS" start="2024-07-22T08:20:42.681477" elapsed="0.000187"/>
</kw>
<kw name="Set Variable" owner="BuiltIn">
<msg time="2024-07-22T08:20:42.682225" level="INFO">${name_country} = NO</msg>
<var>${name_country}</var>
<arg>${json_data["results"][0]["nat"]}</arg>
<doc>Returns the given values which can then be assigned to a variables.</doc>
<status status="PASS" start="2024-07-22T08:20:42.681852" elapsed="0.000398"/>
</kw>
<kw name="Create List" owner="BuiltIn">
<msg time="2024-07-22T08:20:42.683136" level="INFO">${list_country} = ['AD', 'AE', 'AF', 'AG', 'AI', 'AL', 'AM', 'AO', 'AQ', 'AR', 'AS', 'AT', 'AU', 'AW', 'AX', 'AZ', 'BA', 'BB', 'BD', 'BE', 'BF', 'BG', 'BH', 'BI', 'BJ', 'BL', 'BM', 'BN', 'BO', 'BQ', 'BR', 'BS', 'BT', '...</msg>
<var>${list_country}</var>
<arg>AD</arg>
<arg>AE</arg>
<arg>AF</arg>
<arg>AG</arg>
<arg>AI</arg>
<arg>AL</arg>
<arg>AM</arg>
<arg>AO</arg>
<arg>AQ</arg>
<arg>AR</arg>
<arg>AS</arg>
<arg>AT</arg>
<arg>AU</arg>
<arg>AW</arg>
<arg>AX</arg>
<arg>AZ</arg>
<arg>BA</arg>
<arg>BB</arg>
<arg>BD</arg>
<arg>BE</arg>
<arg>BF</arg>
<arg>BG</arg>
<arg>BH</arg>
<arg>BI</arg>
<arg>BJ</arg>
<arg>BL</arg>
<arg>BM</arg>
<arg>BN</arg>
<arg>BO</arg>
<arg>BQ</arg>
<arg>BR</arg>
<arg>BS</arg>
<arg>BT</arg>
<arg>BV</arg>
<arg>BW</arg>
<arg>BY</arg>
<arg>BZ</arg>
<arg>CA</arg>
<arg>CC</arg>
<arg>CD</arg>
<arg>CF</arg>
<arg>CG</arg>
<arg>CH</arg>
<arg>CI</arg>
<arg>CK</arg>
<arg>CL</arg>
<arg>CM</arg>
<arg>CN</arg>
<arg>CO</arg>
<arg>CR</arg>
<arg>CU</arg>
<arg>CV</arg>
<arg>CW</arg>
<arg>CX</arg>
<arg>CY</arg>
<arg>CZ</arg>
<arg>DE</arg>
<arg>DJ</arg>
<arg>DK</arg>
<arg>DM</arg>
<arg>DO</arg>
<arg>DZ</arg>
<arg>EC</arg>
<arg>EE</arg>
<arg>EG</arg>
<arg>EH</arg>
<arg>ER</arg>
<arg>ES</arg>
<arg>ET</arg>
<arg>FI</arg>
<arg>FJ</arg>
<arg>FK</arg>
<arg>FM</arg>
<arg>FO</arg>
<arg>FR</arg>
<arg>GA</arg>
<arg>GB</arg>
<arg>GD</arg>
<arg>GE</arg>
<arg>GF</arg>
<arg>GG</arg>
<arg>GH</arg>
<arg>GI</arg>
<arg>GL</arg>
<arg>GM</arg>
<arg>GN</arg>
<arg>GP</arg>
<arg>GQ</arg>
<arg>GR</arg>
<arg>GS</arg>
<arg>GT</arg>
<arg>GU</arg>
<arg>GW</arg>
<arg>GY</arg>
<arg>HK</arg>
<arg>HM</arg>
<arg>HN</arg>
<arg>HR</arg>
<arg>HT</arg>
<arg>HU</arg>
<arg>ID</arg>
<arg>IE</arg>
<arg>IL</arg>
<arg>IM</arg>
<arg>IN</arg>
<arg>IO</arg>
<arg>IQ</arg>
<arg>IR</arg>
<arg>IS</arg>
<arg>IT</arg>
<arg>JE</arg>
<arg>JM</arg>
<arg>JO</arg>
<arg>JP</arg>
<arg>KE</arg>
<arg>KG</arg>
<arg>KH</arg>
<arg>KI</arg>
<arg>KM</arg>
<arg>KN</arg>
<arg>KP</arg>
<arg>KR</arg>
<arg>KW</arg>
<arg>KY</arg>
<arg>KZ</arg>
<arg>LA</arg>
<arg>LB</arg>
<arg>LC</arg>
<arg>LI</arg>
<arg>LK</arg>
<arg>LR</arg>
<arg>LS</arg>
<arg>LT</arg>
<arg>LU</arg>
<arg>LV</arg>
<arg>LY</arg>
<arg>MA</arg>
<arg>MC</arg>
<arg>MD</arg>
<arg>ME</arg>
<arg>MF</arg>
<arg>MG</arg>
<arg>MH</arg>
<arg>MK</arg>
<arg>ML</arg>
<arg>MM</arg>
<arg>MN</arg>
<arg>MO</arg>
<arg>MP</arg>
<arg>MQ</arg>
<arg>MR</arg>
<arg>MS</arg>
<arg>MT</arg>
<arg>MU</arg>
<arg>MV</arg>
<arg>MW</arg>
<arg>MX</arg>
<arg>MY</arg>
<arg>MZ</arg>
<arg>NA</arg>
<arg>NC</arg>
<arg>NE</arg>
<arg>NF</arg>
<arg>NG</arg>
<arg>NI</arg>
<arg>NL</arg>
<arg>NO</arg>
<arg>NP</arg>
<arg>NR</arg>
<arg>NU</arg>
<arg>NZ</arg>
<arg>OM</arg>
<arg>PA</arg>
<arg>PE</arg>
<arg>PF</arg>
<arg>PG</arg>
<arg>PH</arg>
<arg>PK</arg>
<arg>PL</arg>
<arg>PM</arg>
<arg>PN</arg>
<arg>PR</arg>
<arg>PS</arg>
<arg>PT</arg>
<arg>PW</arg>
<arg>PY</arg>
<arg>QA</arg>
<arg>RE</arg>
<arg>RO</arg>
<arg>RS</arg>
<arg>RU</arg>
<arg>RW</arg>
<arg>SA</arg>
<arg>SB</arg>
<arg>SC</arg>
<arg>SD</arg>
<arg>SE</arg>
<arg>SG</arg>
<arg>SH</arg>
<arg>SI</arg>
<arg>SJ</arg>
<arg>SK</arg>
<arg>SL</arg>
<arg>SM</arg>
<arg>SN</arg>
<arg>SO</arg>
<arg>SR</arg>
<arg>SS</arg>
<arg>ST</arg>
<arg>SV</arg>
<arg>SX</arg>
<arg>SY</arg>
<arg>SZ</arg>
<arg>TC</arg>
<arg>TD</arg>
<arg>TF</arg>
<arg>TG</arg>
<arg>TH</arg>
<arg>TJ</arg>
<arg>TK</arg>
<arg>TL</arg>
<arg>TM</arg>
<arg>TN</arg>
<arg>TO</arg>
<arg>TR</arg>
<arg>TT</arg>
<arg>TV</arg>
<arg>TW</arg>
<arg>TZ</arg>
<arg>UA</arg>
<arg>UG</arg>
<arg>UM</arg>
<arg>US</arg>
<arg>UY</arg>
<arg>UZ</arg>
<arg>VA</arg>
<arg>VC</arg>
<arg>VE</arg>
<arg>VG</arg>
<arg>VI</arg>
<arg>VN</arg>
<arg>VU</arg>
<arg>WF</arg>
<arg>WS</arg>
<arg>XK</arg>
<arg>YE</arg>
<arg>YT</arg>
<arg>ZA</arg>
<arg>ZM</arg>
<arg>ZW</arg>
<doc>Returns a list containing given items.</doc>
<status status="PASS" start="2024-07-22T08:20:42.682539" elapsed="0.000623"/>
</kw>
<kw name="List Should Contain Value" owner="Collections">
<arg>${list_country}</arg>
<arg>${name_country}</arg>
<doc>Fails if the ``value`` is not found from ``list``.</doc>
<status status="PASS" start="2024-07-22T08:20:42.684152" elapsed="0.000209"/>
</kw>
<kw name="Run Keyword If" owner="BuiltIn">
<kw name="Should Be True" owner="BuiltIn">
<arg>${True}</arg>
<doc>Fails if the given condition is not true.</doc>
<status status="PASS" start="2024-07-22T08:20:42.685302" elapsed="0.000138"/>
</kw>
<arg>${json_data["results"][0]["location"]["coordinates"]["latitude"]} &gt;= -90 and ${json_data["results"][0]["location"]["coordinates"]["latitude"]} &lt;= 90</arg>
<arg>Should Be True</arg>
<arg>${True}</arg>
<doc>Runs the given keyword with the given arguments, if ``condition`` is true.</doc>
<status status="PASS" start="2024-07-22T08:20:42.684561" elapsed="0.001002"/>
</kw>
<kw name="Run Keyword If" owner="BuiltIn">
<kw name="Should Be True" owner="BuiltIn">
<arg>${True}</arg>
<doc>Fails if the given condition is not true.</doc>
<status status="PASS" start="2024-07-22T08:20:42.686424" elapsed="0.000134"/>
</kw>
<arg>${json_data["results"][0]["location"]["coordinates"]["longitude"]} &gt;= -180 and ${json_data["results"][0]["location"]["coordinates"]["longitude"]} &lt;= 180</arg>
<arg>Should Be True</arg>
<arg>${True}</arg>
<doc>Runs the given keyword with the given arguments, if ``condition`` is true.</doc>
<status status="PASS" start="2024-07-22T08:20:42.685742" elapsed="0.000939"/>
</kw>
<status status="PASS" start="2024-07-22T08:20:42.577914" elapsed="0.108897"/>
</kw>
<doc>Testa o conteúdo específico dos campos retornados pela API.</doc>
<tag>testeConteudo</tag>
<status status="PASS" start="2024-07-22T08:20:42.577299" elapsed="0.109655"/>
</test>
<status status="PASS" start="2024-07-22T08:20:41.745799" elapsed="0.943120"/>
</suite>
<status status="PASS" start="2024-07-22T08:20:41.730638" elapsed="0.963231"/>
</suite>
<statistics>
<total>
<stat pass="5" fail="0" skip="0">All Tests</stat>
</total>
<tag>
<stat pass="1" fail="0" skip="0">testeConteudo</stat>
<stat pass="1" fail="0" skip="0">testeEstruturaResposta</stat>
<stat pass="1" fail="0" skip="0">testeRequisicaoBasica</stat>
<stat pass="1" fail="0" skip="0">testeTiposDados</stat>
</tag>
<suite>
<stat pass="5" fail="0" skip="0" id="s1" name="Tests">Tests</stat>
<stat pass="5" fail="0" skip="0" id="s1-s1" name="Random-User-Test">Tests.Random-User-Test</stat>
</suite>
</statistics>
<errors>
</errors>
</robot>
