<?xml version="1.0" encoding="UTF-8"?>
<robot generator="Robot 7.0 (Python 3.12.3 on linux)" generated="2024-06-01T21:14:08.393606" rpa="false" schemaversion="5">
<suite id="s1" name="Tests" source="/home/runner/work/ApiRandomUser/ApiRandomUser/RamdonUser/tests">
<suite id="s1-s1" name="Random-User-Test" source="/home/runner/work/ApiRandomUser/ApiRandomUser/RamdonUser/tests/random-user-test.robot">
<test id="s1-s1-t1" name="Conectar" line="13">
<kw name="Conectar API" owner="random-user-service">
<kw name="Create Session" owner="RequestsLibrary">
<msg time="2024-06-01T21:14:08.790970" level="INFO">Creating Session using : alias=consultarAPI, url=https://randomuser.me/, headers={},                     cookies={}, auth=None, timeout=None, proxies=None, verify=False,                     debug=0 </msg>
<arg>consultarAPI</arg>
<arg>${URL}</arg>
<doc>Create Session: create a HTTP session to a server</doc>
<status status="PASS" start="2024-06-01T21:14:08.790760" elapsed="0.000371"/>
</kw>
<status status="PASS" start="2024-06-01T21:14:08.789743" elapsed="0.001732"/>
</kw>
<status status="PASS" start="2024-06-01T21:14:08.789238" elapsed="0.002428"/>
</test>
<test id="s1-s1-t2" name="Validar retorno 200 e JSON Válido" line="16">
<kw name="Teste de Requisicao Basica" owner="random-user-service">
<kw name="GET On Session" owner="RequestsLibrary">
<msg time="2024-06-01T21:14:08.866026" level="INFO">GET Request : url=https://randomuser.me/api 
 path_url=/api 
 headers={'User-Agent': 'python-requests/2.32.3', 'Accept-Encoding': 'gzip, deflate', 'Accept': '*/*', 'Connection': 'keep-alive'} 
 body=None 
 </msg>
<msg time="2024-06-01T21:14:08.866199" level="INFO">GET Response : url=https://randomuser.me/api 
 status=200, reason=OK 
 headers={'Date': 'Sat, 01 Jun 2024 21:14:08 GMT', 'Content-Type': 'application/json; charset=utf-8', 'Transfer-Encoding': 'chunked', 'Connection': 'keep-alive', 'X-Powered-By': 'Express', 'Access-Control-Allow-Origin': '*', 'Cache-Control': 'no-cache', 'ETag': 'W/"47b-U6kwNErGZgLPyC98PbcHTUYKQtk"', 'Vary': 'Accept-Encoding', 'Content-Encoding': 'gzip', 'CF-Cache-Status': 'DYNAMIC', 'Report-To': '{"endpoints":[{"url":"https:\\/\\/a.nel.cloudflare.com\\/report\\/v4?s=82zYV13ATQyzgHEY6JEPrV2N0Se7nceLR138Wv5WGM8Bk8%2FLM3lE2eKs1VBoh7lza3MEDLZSLTkfOxBVFBtbTP296Go7eBqrTZxkMxmCvKMWpoUayflK0kvwwGq3h%2FDh"}],"group":"cf-nel","max_age":604800}', 'NEL': '{"success_fraction":0,"report_to":"cf-nel","max_age":604800}', 'Server': 'cloudflare', 'CF-RAY': '88d2362d3ab83973-IAD', 'alt-svc': 'h3=":443"; ma=86400'} 
 body={"results":[{"gender":"male","name":{"title":"Mr","first":"Andre","last":"Adams"},"location":{"street":{"number":9458,"name":"High Street"},"city":"Ballina","state":"Offaly","country":"Ireland","postcode":55873,"coordinates":{"latitude":"3.5245","longitude":"-148.7121"},"timezone":{"offset":"-8:00","description":"Pacific Time (US &amp; Canada)"}},"email":"andre.adams@example.com","login":{"uuid":"002f41b8-810a-4041-96d6-0e8371fc624c","username":"smallgorilla119","password":"gandalf1","salt":"GfcQcseg","md5":"aa42d698baca4e0d4319b485162d0e5e","sha1":"7c60434faebde5265b09545e285a3cf7d0c154fe","sha256":"372a5313fa922f0c1cb9de3d3dcfb7b574bf27dbcbe29b91b9a069c13012d1ae"},"dob":{"date":"1997-01-01T22:16:31.221Z","age":27},"registered":{"date":"2013-07-07T23:53:16.952Z","age":10},"phone":"041-097-4127","cell":"081-157-5559","id":{"name":"PPS","value":"9774546T"},"picture":{"large":"https://randomuser.me/api/portraits/men/23.jpg","medium":"https://randomuser.me/api/portraits/med/men/23.jpg","thumbnail":"https://randomuser.me/api/portraits/thumb/men/23.jpg"},"nat":"IE"}],"info":{"seed":"de862b5bb6a80609","results":1,"page":1,"version":"1.4"}} 
 </msg>
<msg time="2024-06-01T21:14:08.866318" level="INFO">/opt/hostedtoolcache/Python/3.12.3/x64/lib/python3.12/site-packages/urllib3/connectionpool.py:1103: InsecureRequestWarning: Unverified HTTPS request is being made to host 'randomuser.me'. Adding certificate verification is strongly advised. See: https://urllib3.readthedocs.io/en/latest/advanced-usage.html#tls-warnings
  warnings.warn(</msg>
<msg time="2024-06-01T21:14:08.866528" level="INFO">${response} = &lt;Response [200]&gt;</msg>
<var>${response}</var>
<arg>consultarAPI</arg>
<arg>/api</arg>
<doc>Sends a GET request on a previously created HTTP Session.</doc>
<status status="PASS" start="2024-06-01T21:14:08.794203" elapsed="0.072373"/>
</kw>
<kw name="Should Be Equal As Numbers" owner="BuiltIn">
<msg time="2024-06-01T21:14:08.867874" level="INFO">Argument types are:
&lt;class 'int'&gt;
&lt;class 'str'&gt;</msg>
<arg>${response.status_code}</arg>
<arg>200</arg>
<doc>Fails if objects are unequal after converting them to real numbers.</doc>
<status status="PASS" start="2024-06-01T21:14:08.867217" elapsed="0.000762"/>
</kw>
<kw name="Log" owner="BuiltIn">
<msg time="2024-06-01T21:14:08.869056" level="INFO">200</msg>
<arg>${response.status_code}</arg>
<doc>Logs the given message with the given level.</doc>
<status status="PASS" start="2024-06-01T21:14:08.868463" elapsed="0.000666"/>
</kw>
<kw name="Set Variable" owner="BuiltIn">
<msg time="2024-06-01T21:14:08.870280" level="INFO">${json_data} = {'results': [{'gender': 'male', 'name': {'title': 'Mr', 'first': 'Andre', 'last': 'Adams'}, 'location': {'street': {'number': 9458, 'name': 'High Street'}, 'city': 'Ballina', 'state': 'Offaly', 'count...</msg>
<var>${json_data}</var>
<arg>${response.json()}</arg>
<doc>Returns the given values which can then be assigned to a variables.</doc>
<status status="PASS" start="2024-06-01T21:14:08.869579" elapsed="0.000748"/>
</kw>
<kw name="Dictionary Should Contain Key" owner="Collections">
<msg time="2024-06-01T21:14:08.871083" level="INFO">False</msg>
<arg>${json_data}</arg>
<arg>results</arg>
<doc>Fails if ``key`` is not found from ``dictionary``.</doc>
<status status="PASS" start="2024-06-01T21:14:08.870840" elapsed="0.000520"/>
</kw>
<status status="PASS" start="2024-06-01T21:14:08.793965" elapsed="0.077818"/>
</kw>
<doc>Testa se a API responde corretamente e retorna um objeto JSON válido.</doc>
<tag>testeRequisicaoBasica</tag>
<status status="PASS" start="2024-06-01T21:14:08.793505" elapsed="0.078574"/>
</test>
<test id="s1-s1-t3" name="Validar estrutura de resposta" line="22">
<kw name="Teste de Estrutura de Resposta" owner="random-user-service">
<kw name="GET On Session" owner="RequestsLibrary">
<msg time="2024-06-01T21:14:08.963122" level="INFO">GET Request : url=https://randomuser.me/api 
 path_url=/api 
 headers={'User-Agent': 'python-requests/2.32.3', 'Accept-Encoding': 'gzip, deflate', 'Accept': '*/*', 'Connection': 'keep-alive'} 
 body=None 
 </msg>
<msg time="2024-06-01T21:14:08.963206" level="INFO">GET Response : url=https://randomuser.me/api 
 status=200, reason=OK 
 headers={'Date': 'Sat, 01 Jun 2024 21:14:08 GMT', 'Content-Type': 'application/json; charset=utf-8', 'Transfer-Encoding': 'chunked', 'Connection': 'keep-alive', 'X-Powered-By': 'Express', 'Access-Control-Allow-Origin': '*', 'Cache-Control': 'no-cache', 'ETag': 'W/"49a-/XSPztVNGQnUnOP66S4YYg0nStw"', 'Vary': 'Accept-Encoding', 'Content-Encoding': 'gzip', 'CF-Cache-Status': 'DYNAMIC', 'Report-To': '{"endpoints":[{"url":"https:\\/\\/a.nel.cloudflare.com\\/report\\/v4?s=1KsDseswp91ilTaDo51HwFBZhPu9OFi%2FGp8781iUtl2taRgN6j7rZ2r5GxoRIYKsQ2BIvX83X9c6YhJ1%2BCHUne47%2FHx4P7W9m9jagZNMSgvdoYAmMFU5rwFkzy5%2BpCgp"}],"group":"cf-nel","max_age":604800}', 'NEL': '{"success_fraction":0,"report_to":"cf-nel","max_age":604800}', 'Server': 'cloudflare', 'CF-RAY': '88d2362d8b2a3973-IAD', 'alt-svc': 'h3=":443"; ma=86400'} 
 body={"results":[{"gender":"male","name":{"title":"Mr","first":"Jake","last":"Alexander"},"location":{"street":{"number":3836,"name":"Main Street"},"city":"Manchester","state":"Durham","country":"United Kingdom","postcode":"UO45 3BE","coordinates":{"latitude":"-7.3357","longitude":"-9.4926"},"timezone":{"offset":"-4:00","description":"Atlantic Time (Canada), Caracas, La Paz"}},"email":"jake.alexander@example.com","login":{"uuid":"70466854-2323-4023-b453-12a0cded5c9f","username":"goldenduck205","password":"diesel","salt":"jnknbinS","md5":"eececca7c7e750dbf02e5707135303a6","sha1":"080720145065baf9ba662454a9e2ec6ca2b49b97","sha256":"b40d3d6dc308a237895a13945ec511745f14ad6b4e7dd3b90ef4a5383c1a5254"},"dob":{"date":"1954-01-13T13:06:29.855Z","age":70},"registered":{"date":"2014-12-10T09:17:44.218Z","age":9},"phone":"016974 38175","cell":"07648 938583","id":{"name":"NINO","value":"AA 88 97 91 O"},"picture":{"large":"https://randomuser.me/api/portraits/men/2.jpg","medium":"https://randomuser.me/api/portraits/med/men/2.jpg","thumbnail":"https://randomuser.me/api/portraits/thumb/men/2.jpg"},"nat":"GB"}],"info":{"seed":"2297bdffd55c73c8","results":1,"page":1,"version":"1.4"}} 
 </msg>
<msg time="2024-06-01T21:14:08.963320" level="INFO">/opt/hostedtoolcache/Python/3.12.3/x64/lib/python3.12/site-packages/urllib3/connectionpool.py:1103: InsecureRequestWarning: Unverified HTTPS request is being made to host 'randomuser.me'. Adding certificate verification is strongly advised. See: https://urllib3.readthedocs.io/en/latest/advanced-usage.html#tls-warnings
  warnings.warn(</msg>
<msg time="2024-06-01T21:14:08.963455" level="INFO">${response} = &lt;Response [200]&gt;</msg>
<var>${response}</var>
<arg>consultarAPI</arg>
<arg>/api</arg>
<doc>Sends a GET request on a previously created HTTP Session.</doc>
<status status="PASS" start="2024-06-01T21:14:08.876438" elapsed="0.087065"/>
</kw>
<kw name="Set Variable" owner="BuiltIn">
<msg time="2024-06-01T21:14:08.964591" level="INFO">${json_data} = {'results': [{'gender': 'male', 'name': {'title': 'Mr', 'first': 'Jake', 'last': 'Alexander'}, 'location': {'street': {'number': 3836, 'name': 'Main Street'}, 'city': 'Manchester', 'state': 'Durham', ...</msg>
<var>${json_data}</var>
<arg>${response.json()}</arg>
<doc>Returns the given values which can then be assigned to a variables.</doc>
<status status="PASS" start="2024-06-01T21:14:08.964009" elapsed="0.000611"/>
</kw>
<kw name="Log" owner="BuiltIn">
<msg time="2024-06-01T21:14:08.965088" level="INFO">{'results': [{'gender': 'male', 'name': {'title': 'Mr', 'first': 'Jake', 'last': 'Alexander'}, 'location': {'street': {'number': 3836, 'name': 'Main Street'}, 'city': 'Manchester', 'state': 'Durham', 'country': 'United Kingdom', 'postcode': 'UO45 3BE', 'coordinates': {'latitude': '-7.3357', 'longitude': '-9.4926'}, 'timezone': {'offset': '-4:00', 'description': 'Atlantic Time (Canada), Caracas, La Paz'}}, 'email': 'jake.alexander@example.com', 'login': {'uuid': '70466854-2323-4023-b453-12a0cded5c9f', 'username': 'goldenduck205', 'password': 'diesel', 'salt': 'jnknbinS', 'md5': 'eececca7c7e750dbf02e5707135303a6', 'sha1': '080720145065baf9ba662454a9e2ec6ca2b49b97', 'sha256': 'b40d3d6dc308a237895a13945ec511745f14ad6b4e7dd3b90ef4a5383c1a5254'}, 'dob': {'date': '1954-01-13T13:06:29.855Z', 'age': 70}, 'registered': {'date': '2014-12-10T09:17:44.218Z', 'age': 9}, 'phone': '016974 38175', 'cell': '07648 938583', 'id': {'name': 'NINO', 'value': 'AA 88 97 91 O'}, 'picture': {'large': 'https://randomuser.me/api/portraits/men/2.jpg', 'medium': 'https://randomuser.me/api/portraits/med/men/2.jpg', 'thumbnail': 'https://randomuser.me/api/portraits/thumb/men/2.jpg'}, 'nat': 'GB'}], 'info': {'seed': '2297bdffd55c73c8', 'results': 1, 'page': 1, 'version': '1.4'}}</msg>
<arg>${json_data}</arg>
<doc>Logs the given message with the given level.</doc>
<status status="PASS" start="2024-06-01T21:14:08.964932" elapsed="0.000203"/>
</kw>
<kw name="Dictionary Should Contain Key" owner="Collections">
<msg time="2024-06-01T21:14:08.965588" level="INFO">False</msg>
<arg>${json_data}</arg>
<arg>results</arg>
<doc>Fails if ``key`` is not found from ``dictionary``.</doc>
<status status="PASS" start="2024-06-01T21:14:08.965429" elapsed="0.000200"/>
</kw>
<kw name="Should Not Be Empty" owner="BuiltIn">
<msg time="2024-06-01T21:14:08.966057" level="INFO">Length is 2.</msg>
<arg>${json_data}</arg>
<doc>Verifies that the given item is not empty.</doc>
<status status="PASS" start="2024-06-01T21:14:08.965926" elapsed="0.000170"/>
</kw>
<kw name="Create List" owner="BuiltIn">
<msg time="2024-06-01T21:14:08.966576" level="INFO">${expected_keys} = ['gender', 'name', 'location', 'email', 'login']</msg>
<var>${expected_keys}</var>
<arg>gender</arg>
<arg>name</arg>
<arg>location</arg>
<arg>email</arg>
<arg>login</arg>
<doc>Returns a list containing given items.</doc>
<status status="PASS" start="2024-06-01T21:14:08.966419" elapsed="0.000181"/>
</kw>
<for flavor="IN">
<iter>
<kw name="Dictionary Should Contain Key" owner="Collections">
<msg time="2024-06-01T21:14:08.967581" level="INFO">False</msg>
<arg>${json_data['results'][0]}</arg>
<arg>${key}</arg>
<doc>Fails if ``key`` is not found from ``dictionary``.</doc>
<status status="PASS" start="2024-06-01T21:14:08.967172" elapsed="0.000453"/>
</kw>
<kw name="Log" owner="BuiltIn">
<msg time="2024-06-01T21:14:08.968288" level="INFO">{'gender': 'male', 'name': {'title': 'Mr', 'first': 'Jake', 'last': 'Alexander'}, 'location': {'street': {'number': 3836, 'name': 'Main Street'}, 'city': 'Manchester', 'state': 'Durham', 'country': 'United Kingdom', 'postcode': 'UO45 3BE', 'coordinates': {'latitude': '-7.3357', 'longitude': '-9.4926'}, 'timezone': {'offset': '-4:00', 'description': 'Atlantic Time (Canada), Caracas, La Paz'}}, 'email': 'jake.alexander@example.com', 'login': {'uuid': '70466854-2323-4023-b453-12a0cded5c9f', 'username': 'goldenduck205', 'password': 'diesel', 'salt': 'jnknbinS', 'md5': 'eececca7c7e750dbf02e5707135303a6', 'sha1': '080720145065baf9ba662454a9e2ec6ca2b49b97', 'sha256': 'b40d3d6dc308a237895a13945ec511745f14ad6b4e7dd3b90ef4a5383c1a5254'}, 'dob': {'date': '1954-01-13T13:06:29.855Z', 'age': 70}, 'registered': {'date': '2014-12-10T09:17:44.218Z', 'age': 9}, 'phone': '016974 38175', 'cell': '07648 938583', 'id': {'name': 'NINO', 'value': 'AA 88 97 91 O'}, 'picture': {'large': 'https://randomuser.me/api/portraits/men/2.jpg', 'medium': 'https://randomuser.me/api/portraits/med/men/2.jpg', 'thumbnail': 'https://randomuser.me/api/portraits/thumb/men/2.jpg'}, 'nat': 'GB'}</msg>
<arg>${json_data['results'][0]}</arg>
<doc>Logs the given message with the given level.</doc>
<status status="PASS" start="2024-06-01T21:14:08.967926" elapsed="0.000409"/>
</kw>
<kw name="Log" owner="BuiltIn">
<msg time="2024-06-01T21:14:08.968771" level="INFO">gender</msg>
<arg>${key}</arg>
<doc>Logs the given message with the given level.</doc>
<status status="PASS" start="2024-06-01T21:14:08.968640" elapsed="0.000169"/>
</kw>
<var name="${key}">gender</var>
<status status="PASS" start="2024-06-01T21:14:08.967045" elapsed="0.001978"/>
</iter>
<iter>
<kw name="Dictionary Should Contain Key" owner="Collections">
<msg time="2024-06-01T21:14:08.969711" level="INFO">False</msg>
<arg>${json_data['results'][0]}</arg>
<arg>${key}</arg>
<doc>Fails if ``key`` is not found from ``dictionary``.</doc>
<status status="PASS" start="2024-06-01T21:14:08.969322" elapsed="0.000427"/>
</kw>
<kw name="Log" owner="BuiltIn">
<msg time="2024-06-01T21:14:08.970465" level="INFO">{'gender': 'male', 'name': {'title': 'Mr', 'first': 'Jake', 'last': 'Alexander'}, 'location': {'street': {'number': 3836, 'name': 'Main Street'}, 'city': 'Manchester', 'state': 'Durham', 'country': 'United Kingdom', 'postcode': 'UO45 3BE', 'coordinates': {'latitude': '-7.3357', 'longitude': '-9.4926'}, 'timezone': {'offset': '-4:00', 'description': 'Atlantic Time (Canada), Caracas, La Paz'}}, 'email': 'jake.alexander@example.com', 'login': {'uuid': '70466854-2323-4023-b453-12a0cded5c9f', 'username': 'goldenduck205', 'password': 'diesel', 'salt': 'jnknbinS', 'md5': 'eececca7c7e750dbf02e5707135303a6', 'sha1': '080720145065baf9ba662454a9e2ec6ca2b49b97', 'sha256': 'b40d3d6dc308a237895a13945ec511745f14ad6b4e7dd3b90ef4a5383c1a5254'}, 'dob': {'date': '1954-01-13T13:06:29.855Z', 'age': 70}, 'registered': {'date': '2014-12-10T09:17:44.218Z', 'age': 9}, 'phone': '016974 38175', 'cell': '07648 938583', 'id': {'name': 'NINO', 'value': 'AA 88 97 91 O'}, 'picture': {'large': 'https://randomuser.me/api/portraits/men/2.jpg', 'medium': 'https://randomuser.me/api/portraits/med/men/2.jpg', 'thumbnail': 'https://randomuser.me/api/portraits/thumb/men/2.jpg'}, 'nat': 'GB'}</msg>
<arg>${json_data['results'][0]}</arg>
<doc>Logs the given message with the given level.</doc>
<status status="PASS" start="2024-06-01T21:14:08.970068" elapsed="0.000447"/>
</kw>
<kw name="Log" owner="BuiltIn">
<msg time="2024-06-01T21:14:08.970944" level="INFO">name</msg>
<arg>${key}</arg>
<doc>Logs the given message with the given level.</doc>
<status status="PASS" start="2024-06-01T21:14:08.970815" elapsed="0.000167"/>
</kw>
<var name="${key}">name</var>
<status status="PASS" start="2024-06-01T21:14:08.969207" elapsed="0.001993"/>
</iter>
<iter>
<kw name="Dictionary Should Contain Key" owner="Collections">
<msg time="2024-06-01T21:14:08.971875" level="INFO">False</msg>
<arg>${json_data['results'][0]}</arg>
<arg>${key}</arg>
<doc>Fails if ``key`` is not found from ``dictionary``.</doc>
<status status="PASS" start="2024-06-01T21:14:08.971491" elapsed="0.000421"/>
</kw>
<kw name="Log" owner="BuiltIn">
<msg time="2024-06-01T21:14:08.972576" level="INFO">{'gender': 'male', 'name': {'title': 'Mr', 'first': 'Jake', 'last': 'Alexander'}, 'location': {'street': {'number': 3836, 'name': 'Main Street'}, 'city': 'Manchester', 'state': 'Durham', 'country': 'United Kingdom', 'postcode': 'UO45 3BE', 'coordinates': {'latitude': '-7.3357', 'longitude': '-9.4926'}, 'timezone': {'offset': '-4:00', 'description': 'Atlantic Time (Canada), Caracas, La Paz'}}, 'email': 'jake.alexander@example.com', 'login': {'uuid': '70466854-2323-4023-b453-12a0cded5c9f', 'username': 'goldenduck205', 'password': 'diesel', 'salt': 'jnknbinS', 'md5': 'eececca7c7e750dbf02e5707135303a6', 'sha1': '080720145065baf9ba662454a9e2ec6ca2b49b97', 'sha256': 'b40d3d6dc308a237895a13945ec511745f14ad6b4e7dd3b90ef4a5383c1a5254'}, 'dob': {'date': '1954-01-13T13:06:29.855Z', 'age': 70}, 'registered': {'date': '2014-12-10T09:17:44.218Z', 'age': 9}, 'phone': '016974 38175', 'cell': '07648 938583', 'id': {'name': 'NINO', 'value': 'AA 88 97 91 O'}, 'picture': {'large': 'https://randomuser.me/api/portraits/men/2.jpg', 'medium': 'https://randomuser.me/api/portraits/med/men/2.jpg', 'thumbnail': 'https://randomuser.me/api/portraits/thumb/men/2.jpg'}, 'nat': 'GB'}</msg>
<arg>${json_data['results'][0]}</arg>
<doc>Logs the given message with the given level.</doc>
<status status="PASS" start="2024-06-01T21:14:08.972209" elapsed="0.000416"/>
</kw>
<kw name="Log" owner="BuiltIn">
<msg time="2024-06-01T21:14:08.973053" level="INFO">location</msg>
<arg>${key}</arg>
<doc>Logs the given message with the given level.</doc>
<status status="PASS" start="2024-06-01T21:14:08.972926" elapsed="0.000164"/>
</kw>
<var name="${key}">location</var>
<status status="PASS" start="2024-06-01T21:14:08.971379" elapsed="0.001923"/>
</iter>
<iter>
<kw name="Dictionary Should Contain Key" owner="Collections">
<msg time="2024-06-01T21:14:08.974062" level="INFO">False</msg>
<arg>${json_data['results'][0]}</arg>
<arg>${key}</arg>
<doc>Fails if ``key`` is not found from ``dictionary``.</doc>
<status status="PASS" start="2024-06-01T21:14:08.973583" elapsed="0.000517"/>
</kw>
<kw name="Log" owner="BuiltIn">
<msg time="2024-06-01T21:14:08.974788" level="INFO">{'gender': 'male', 'name': {'title': 'Mr', 'first': 'Jake', 'last': 'Alexander'}, 'location': {'street': {'number': 3836, 'name': 'Main Street'}, 'city': 'Manchester', 'state': 'Durham', 'country': 'United Kingdom', 'postcode': 'UO45 3BE', 'coordinates': {'latitude': '-7.3357', 'longitude': '-9.4926'}, 'timezone': {'offset': '-4:00', 'description': 'Atlantic Time (Canada), Caracas, La Paz'}}, 'email': 'jake.alexander@example.com', 'login': {'uuid': '70466854-2323-4023-b453-12a0cded5c9f', 'username': 'goldenduck205', 'password': 'diesel', 'salt': 'jnknbinS', 'md5': 'eececca7c7e750dbf02e5707135303a6', 'sha1': '080720145065baf9ba662454a9e2ec6ca2b49b97', 'sha256': 'b40d3d6dc308a237895a13945ec511745f14ad6b4e7dd3b90ef4a5383c1a5254'}, 'dob': {'date': '1954-01-13T13:06:29.855Z', 'age': 70}, 'registered': {'date': '2014-12-10T09:17:44.218Z', 'age': 9}, 'phone': '016974 38175', 'cell': '07648 938583', 'id': {'name': 'NINO', 'value': 'AA 88 97 91 O'}, 'picture': {'large': 'https://randomuser.me/api/portraits/men/2.jpg', 'medium': 'https://randomuser.me/api/portraits/med/men/2.jpg', 'thumbnail': 'https://randomuser.me/api/portraits/thumb/men/2.jpg'}, 'nat': 'GB'}</msg>
<arg>${json_data['results'][0]}</arg>
<doc>Logs the given message with the given level.</doc>
<status status="PASS" start="2024-06-01T21:14:08.974423" elapsed="0.000413"/>
</kw>
<kw name="Log" owner="BuiltIn">
<msg time="2024-06-01T21:14:08.975259" level="INFO">email</msg>
<arg>${key}</arg>
<doc>Logs the given message with the given level.</doc>
<status status="PASS" start="2024-06-01T21:14:08.975131" elapsed="0.000165"/>
</kw>
<var name="${key}">email</var>
<status status="PASS" start="2024-06-01T21:14:08.973473" elapsed="0.002037"/>
</iter>
<iter>
<kw name="Dictionary Should Contain Key" owner="Collections">
<msg time="2024-06-01T21:14:08.976175" level="INFO">False</msg>
<arg>${json_data['results'][0]}</arg>
<arg>${key}</arg>
<doc>Fails if ``key`` is not found from ``dictionary``.</doc>
<status status="PASS" start="2024-06-01T21:14:08.975797" elapsed="0.000416"/>
</kw>
<kw name="Log" owner="BuiltIn">
<msg time="2024-06-01T21:14:08.976867" level="INFO">{'gender': 'male', 'name': {'title': 'Mr', 'first': 'Jake', 'last': 'Alexander'}, 'location': {'street': {'number': 3836, 'name': 'Main Street'}, 'city': 'Manchester', 'state': 'Durham', 'country': 'United Kingdom', 'postcode': 'UO45 3BE', 'coordinates': {'latitude': '-7.3357', 'longitude': '-9.4926'}, 'timezone': {'offset': '-4:00', 'description': 'Atlantic Time (Canada), Caracas, La Paz'}}, 'email': 'jake.alexander@example.com', 'login': {'uuid': '70466854-2323-4023-b453-12a0cded5c9f', 'username': 'goldenduck205', 'password': 'diesel', 'salt': 'jnknbinS', 'md5': 'eececca7c7e750dbf02e5707135303a6', 'sha1': '080720145065baf9ba662454a9e2ec6ca2b49b97', 'sha256': 'b40d3d6dc308a237895a13945ec511745f14ad6b4e7dd3b90ef4a5383c1a5254'}, 'dob': {'date': '1954-01-13T13:06:29.855Z', 'age': 70}, 'registered': {'date': '2014-12-10T09:17:44.218Z', 'age': 9}, 'phone': '016974 38175', 'cell': '07648 938583', 'id': {'name': 'NINO', 'value': 'AA 88 97 91 O'}, 'picture': {'large': 'https://randomuser.me/api/portraits/men/2.jpg', 'medium': 'https://randomuser.me/api/portraits/med/men/2.jpg', 'thumbnail': 'https://randomuser.me/api/portraits/thumb/men/2.jpg'}, 'nat': 'GB'}</msg>
<arg>${json_data['results'][0]}</arg>
<doc>Logs the given message with the given level.</doc>
<status status="PASS" start="2024-06-01T21:14:08.976506" elapsed="0.000408"/>
</kw>
<kw name="Log" owner="BuiltIn">
<msg time="2024-06-01T21:14:08.977330" level="INFO">login</msg>
<arg>${key}</arg>
<doc>Logs the given message with the given level.</doc>
<status status="PASS" start="2024-06-01T21:14:08.977204" elapsed="0.000163"/>
</kw>
<var name="${key}">login</var>
<status status="PASS" start="2024-06-01T21:14:08.975686" elapsed="0.001920"/>
</iter>
<var>${key}</var>
<value>@{expected_keys}</value>
<status status="PASS" start="2024-06-01T21:14:08.966861" elapsed="0.010872"/>
</for>
<kw name="Create List" owner="BuiltIn">
<msg time="2024-06-01T21:14:08.978064" level="INFO">${expected_keysTwo} = ['username', 'password']</msg>
<var>${expected_keysTwo}</var>
<arg>username</arg>
<arg>password</arg>
<doc>Returns a list containing given items.</doc>
<status status="PASS" start="2024-06-01T21:14:08.977927" elapsed="0.000161"/>
</kw>
<for flavor="IN">
<iter>
<kw name="Dictionary Should Contain Key" owner="Collections">
<msg time="2024-06-01T21:14:08.979013" level="INFO">False</msg>
<arg>${json_data['results'][0]['login']}</arg>
<arg>${keyTwo}</arg>
<doc>Fails if ``key`` is not found from ``dictionary``.</doc>
<status status="PASS" start="2024-06-01T21:14:08.978627" elapsed="0.000423"/>
</kw>
<kw name="Dictionary Should Contain Key" owner="Collections">
<msg time="2024-06-01T21:14:08.979724" level="INFO">False</msg>
<arg>${json_data['results'][0]['login']}</arg>
<arg>${keyTwo}</arg>
<doc>Fails if ``key`` is not found from ``dictionary``.</doc>
<status status="PASS" start="2024-06-01T21:14:08.979347" elapsed="0.000414"/>
</kw>
<kw name="Log" owner="BuiltIn">
<msg time="2024-06-01T21:14:08.980201" level="INFO">username</msg>
<arg>${keyTwo}</arg>
<doc>Logs the given message with the given level.</doc>
<status status="PASS" start="2024-06-01T21:14:08.980064" elapsed="0.000175"/>
</kw>
<var name="${keyTwo}">username</var>
<status status="PASS" start="2024-06-01T21:14:08.978516" elapsed="0.001937"/>
</iter>
<iter>
<kw name="Dictionary Should Contain Key" owner="Collections">
<msg time="2024-06-01T21:14:08.981115" level="INFO">False</msg>
<arg>${json_data['results'][0]['login']}</arg>
<arg>${keyTwo}</arg>
<doc>Fails if ``key`` is not found from ``dictionary``.</doc>
<status status="PASS" start="2024-06-01T21:14:08.980735" elapsed="0.000417"/>
</kw>
<kw name="Dictionary Should Contain Key" owner="Collections">
<msg time="2024-06-01T21:14:08.981824" level="INFO">False</msg>
<arg>${json_data['results'][0]['login']}</arg>
<arg>${keyTwo}</arg>
<doc>Fails if ``key`` is not found from ``dictionary``.</doc>
<status status="PASS" start="2024-06-01T21:14:08.981443" elapsed="0.000425"/>
</kw>
<kw name="Log" owner="BuiltIn">
<msg time="2024-06-01T21:14:08.982287" level="INFO">password</msg>
<arg>${keyTwo}</arg>
<doc>Logs the given message with the given level.</doc>
<status status="PASS" start="2024-06-01T21:14:08.982162" elapsed="0.000162"/>
</kw>
<var name="${keyTwo}">password</var>
<status status="PASS" start="2024-06-01T21:14:08.980625" elapsed="0.001970"/>
</iter>
<var>${keyTwo}</var>
<value>@{expected_keysTwo}</value>
<status status="PASS" start="2024-06-01T21:14:08.978324" elapsed="0.004391"/>
</for>
<status status="PASS" start="2024-06-01T21:14:08.876055" elapsed="0.106800"/>
</kw>
<doc>Testa a estrutura da resposta da API.</doc>
<tag>testeEstruturaResposta</tag>
<status status="PASS" start="2024-06-01T21:14:08.875358" elapsed="0.107647"/>
</test>
<test id="s1-s1-t4" name="Validar tipos de dados" line="28">
<kw name="Teste de Tipos de Dados" owner="random-user-service">
<kw name="GET On Session" owner="RequestsLibrary">
<msg time="2024-06-01T21:14:09.086492" level="INFO">GET Request : url=https://randomuser.me/api 
 path_url=/api 
 headers={'User-Agent': 'python-requests/2.32.3', 'Accept-Encoding': 'gzip, deflate', 'Accept': '*/*', 'Connection': 'keep-alive'} 
 body=None 
 </msg>
<msg time="2024-06-01T21:14:09.086568" level="INFO">GET Response : url=https://randomuser.me/api 
 status=200, reason=OK 
 headers={'Date': 'Sat, 01 Jun 2024 21:14:09 GMT', 'Content-Type': 'application/json; charset=utf-8', 'Transfer-Encoding': 'chunked', 'Connection': 'keep-alive', 'X-Powered-By': 'Express', 'Access-Control-Allow-Origin': '*', 'Cache-Control': 'no-cache', 'ETag': 'W/"490-dmGZKjo3qgY6ce9S+fVcMBgg620"', 'Vary': 'Accept-Encoding', 'Content-Encoding': 'gzip', 'CF-Cache-Status': 'DYNAMIC', 'Report-To': '{"endpoints":[{"url":"https:\\/\\/a.nel.cloudflare.com\\/report\\/v4?s=p83fKJ0dKvhcJ9R4kd8%2FDiENPRf0hJsNQEQVJKLBDgeDnqjS%2FxmOnizuALr4xVYLI4Y9c57GZeuddInfl71%2FJ9Frfy%2F1T64FsPj0WdGhabDcTOw4TVPER6b6IRBnDF3A"}],"group":"cf-nel","max_age":604800}', 'NEL': '{"success_fraction":0,"report_to":"cf-nel","max_age":604800}', 'Server': 'cloudflare', 'CF-RAY': '88d2362e2c943973-IAD', 'alt-svc': 'h3=":443"; ma=86400'} 
 body={"results":[{"gender":"female","name":{"title":"Ms","first":"Teresa","last":"Woods"},"location":{"street":{"number":7696,"name":"Highfield Road"},"city":"Londonderry","state":"Gwynedd County","country":"United Kingdom","postcode":"Z9 2FQ","coordinates":{"latitude":"-5.3731","longitude":"154.1686"},"timezone":{"offset":"-3:30","description":"Newfoundland"}},"email":"teresa.woods@example.com","login":{"uuid":"ffd5c487-8046-4ed6-8722-bd165a272f6c","username":"bigpeacock838","password":"beau","salt":"cry6YysB","md5":"63f7f8044118006008600c7973471fef","sha1":"58297f652c62f0d0c578849c1fbaeea3be0cc737","sha256":"7213f0ae46656000e5c5dee414a260c49e8b32d3dab90107e44a13744222d5cd"},"dob":{"date":"1949-10-06T07:11:52.942Z","age":74},"registered":{"date":"2010-09-08T04:29:25.492Z","age":13},"phone":"01639 156347","cell":"07934 097870","id":{"name":"NINO","value":"BC 46 54 62 Y"},"picture":{"large":"https://randomuser.me/api/portraits/women/30.jpg","medium":"https://randomuser.me/api/portraits/med/women/30.jpg","thumbnail":"https://randomuser.me/api/portraits/thumb/women/30.jpg"},"nat":"GB"}],"info":{"seed":"bdfda4f2066c6ba2","results":1,"page":1,"version":"1.4"}} 
 </msg>
<msg time="2024-06-01T21:14:09.086638" level="INFO">/opt/hostedtoolcache/Python/3.12.3/x64/lib/python3.12/site-packages/urllib3/connectionpool.py:1103: InsecureRequestWarning: Unverified HTTPS request is being made to host 'randomuser.me'. Adding certificate verification is strongly advised. See: https://urllib3.readthedocs.io/en/latest/advanced-usage.html#tls-warnings
  warnings.warn(</msg>
<msg time="2024-06-01T21:14:09.086744" level="INFO">${response} = &lt;Response [200]&gt;</msg>
<var>${response}</var>
<arg>consultarAPI</arg>
<arg>/api</arg>
<doc>Sends a GET request on a previously created HTTP Session.</doc>
<status status="PASS" start="2024-06-01T21:14:08.985511" elapsed="0.101283"/>
</kw>
<kw name="Set Variable" owner="BuiltIn">
<msg time="2024-06-01T21:14:09.087878" level="INFO">${json_data} = {'results': [{'gender': 'female', 'name': {'title': 'Ms', 'first': 'Teresa', 'last': 'Woods'}, 'location': {'street': {'number': 7696, 'name': 'Highfield Road'}, 'city': 'Londonderry', 'state': 'Gwyne...</msg>
<var>${json_data}</var>
<arg>${response.json()}</arg>
<doc>Returns the given values which can then be assigned to a variables.</doc>
<status status="PASS" start="2024-06-01T21:14:09.087294" elapsed="0.000612"/>
</kw>
<kw name="Log" owner="BuiltIn">
<msg time="2024-06-01T21:14:09.088369" level="INFO">{'results': [{'gender': 'female', 'name': {'title': 'Ms', 'first': 'Teresa', 'last': 'Woods'}, 'location': {'street': {'number': 7696, 'name': 'Highfield Road'}, 'city': 'Londonderry', 'state': 'Gwynedd County', 'country': 'United Kingdom', 'postcode': 'Z9 2FQ', 'coordinates': {'latitude': '-5.3731', 'longitude': '154.1686'}, 'timezone': {'offset': '-3:30', 'description': 'Newfoundland'}}, 'email': 'teresa.woods@example.com', 'login': {'uuid': 'ffd5c487-8046-4ed6-8722-bd165a272f6c', 'username': 'bigpeacock838', 'password': 'beau', 'salt': 'cry6YysB', 'md5': '63f7f8044118006008600c7973471fef', 'sha1': '58297f652c62f0d0c578849c1fbaeea3be0cc737', 'sha256': '7213f0ae46656000e5c5dee414a260c49e8b32d3dab90107e44a13744222d5cd'}, 'dob': {'date': '1949-10-06T07:11:52.942Z', 'age': 74}, 'registered': {'date': '2010-09-08T04:29:25.492Z', 'age': 13}, 'phone': '01639 156347', 'cell': '07934 097870', 'id': {'name': 'NINO', 'value': 'BC 46 54 62 Y'}, 'picture': {'large': 'https://randomuser.me/api/portraits/women/30.jpg', 'medium': 'https://randomuser.me/api/portraits/med/women/30.jpg', 'thumbnail': 'https://randomuser.me/api/portraits/thumb/women/30.jpg'}, 'nat': 'GB'}], 'info': {'seed': 'bdfda4f2066c6ba2', 'results': 1, 'page': 1, 'version': '1.4'}}</msg>
<arg>${json_data}</arg>
<doc>Logs the given message with the given level.</doc>
<status status="PASS" start="2024-06-01T21:14:09.088215" elapsed="0.000233"/>
</kw>
<kw name="Should Be String" owner="String">
<arg>${json_data['results'][0]['gender']}</arg>
<doc>Fails if the given ``item`` is not a string.</doc>
<status status="PASS" start="2024-06-01T21:14:09.088744" elapsed="0.000363"/>
</kw>
<kw name="Should Match Regexp" owner="BuiltIn">
<arg>${json_data['results'][0]['email']}</arg>
<arg>^[a-zA-Z0-9._%+-]+@[a-zA-Z0-9.-]+\.[a-zA-Z]{2,}$</arg>
<doc>Fails if ``string`` does not match ``pattern`` as a regular expression.</doc>
<status status="PASS" start="2024-06-01T21:14:09.089296" elapsed="0.000623"/>
</kw>
<kw name="Should Match Regexp" owner="BuiltIn">
<arg>${json_data['results'][0]['dob']['date']}</arg>
<arg>\\d{4}-\\d{2}-\\d{2}T\\d{2}:\\d{2}:\\d{2}\\.\\d{3}Z</arg>
<doc>Fails if ``string`` does not match ``pattern`` as a regular expression.</doc>
<status status="PASS" start="2024-06-01T21:14:09.090117" elapsed="0.000528"/>
</kw>
<kw name="Should Match Regexp" owner="BuiltIn">
<arg>${json_data['results'][0]['registered']['date']}</arg>
<arg>\\d{4}-\\d{2}-\\d{2}T\\d{2}:\\d{2}:\\d{2}\\.\\d{3}Z</arg>
<doc>Fails if ``string`` does not match ``pattern`` as a regular expression.</doc>
<status status="PASS" start="2024-06-01T21:14:09.090841" elapsed="0.000371"/>
</kw>
<kw name="Should Match Regexp" owner="BuiltIn">
<arg>${json_data['results'][0]['picture']['large']}</arg>
<arg>^https?://.*\.(?:png|jpe?g|gif|bmp)$</arg>
<doc>Fails if ``string`` does not match ``pattern`` as a regular expression.</doc>
<status status="PASS" start="2024-06-01T21:14:09.091398" elapsed="0.000465"/>
</kw>
<kw name="Should Match Regexp" owner="BuiltIn">
<arg>${json_data['results'][0]['picture']['medium']}</arg>
<arg>^https?://.*\.(?:png|jpe?g|gif|bmp)$</arg>
<doc>Fails if ``string`` does not match ``pattern`` as a regular expression.</doc>
<status status="PASS" start="2024-06-01T21:14:09.092051" elapsed="0.000348"/>
</kw>
<kw name="Should Match Regexp" owner="BuiltIn">
<arg>${json_data['results'][0]['picture']['thumbnail']}</arg>
<arg>^https?://.*\.(?:png|jpe?g|gif|bmp)$</arg>
<doc>Fails if ``string`` does not match ``pattern`` as a regular expression.</doc>
<status status="PASS" start="2024-06-01T21:14:09.092586" elapsed="0.000345"/>
</kw>
<kw name="Log" owner="BuiltIn">
<msg time="2024-06-01T21:14:09.093436" level="INFO">{'large': 'https://randomuser.me/api/portraits/women/30.jpg', 'medium': 'https://randomuser.me/api/portraits/med/women/30.jpg', 'thumbnail': 'https://randomuser.me/api/portraits/thumb/women/30.jpg'}</msg>
<arg>${json_data['results'][0]['picture']}</arg>
<doc>Logs the given message with the given level.</doc>
<status status="PASS" start="2024-06-01T21:14:09.093109" elapsed="0.000369"/>
</kw>
<status status="PASS" start="2024-06-01T21:14:08.985282" elapsed="0.108445"/>
</kw>
<kw name="Teste de Tipos de Dados - Postcode" owner="random-user-service">
<kw name="GET On Session" owner="RequestsLibrary">
<msg time="2024-06-01T21:14:09.166055" level="INFO">GET Request : url=https://randomuser.me/api 
 path_url=/api 
 headers={'User-Agent': 'python-requests/2.32.3', 'Accept-Encoding': 'gzip, deflate', 'Accept': '*/*', 'Connection': 'keep-alive'} 
 body=None 
 </msg>
<msg time="2024-06-01T21:14:09.166134" level="INFO">GET Response : url=https://randomuser.me/api 
 status=200, reason=OK 
 headers={'Date': 'Sat, 01 Jun 2024 21:14:09 GMT', 'Content-Type': 'application/json; charset=utf-8', 'Transfer-Encoding': 'chunked', 'Connection': 'keep-alive', 'X-Powered-By': 'Express', 'Access-Control-Allow-Origin': '*', 'Cache-Control': 'no-cache', 'ETag': 'W/"48f-bN+c0lWK5XFjZYqn71vJgE/h8vY"', 'Vary': 'Accept-Encoding', 'Content-Encoding': 'gzip', 'CF-Cache-Status': 'DYNAMIC', 'Report-To': '{"endpoints":[{"url":"https:\\/\\/a.nel.cloudflare.com\\/report\\/v4?s=B9%2BEU3pa%2BI2xLQ0WYfYC0ElCNfy2nJ1IcEB4Ex5xBGh0x%2Bo3RGD1VDlidL%2FWmUXscIUjSD%2FJry2bcBWYlpMmoyzls1CVASj9sEvhLvEX2eK7Z99%2FT5N8NVObPcVhtNYF"}],"group":"cf-nel","max_age":604800}', 'NEL': '{"success_fraction":0,"report_to":"cf-nel","max_age":604800}', 'Server': 'cloudflare', 'CF-RAY': '88d2362edd943973-IAD', 'alt-svc': 'h3=":443"; ma=86400'} 
 body={"results":[{"gender":"female","name":{"title":"Ms","first":"Asha","last":"Thampy"},"location":{"street":{"number":4186,"name":"Mall Rd"},"city":"Kollam","state":"Dadra and Nagar Haveli","country":"India","postcode":44950,"coordinates":{"latitude":"12.7571","longitude":"0.0576"},"timezone":{"offset":"+1:00","description":"Brussels, Copenhagen, Madrid, Paris"}},"email":"asha.thampy@example.com","login":{"uuid":"2fb76783-6bc0-4c2f-871e-488e5358ab25","username":"tinyfish561","password":"alfredo","salt":"QXaUj0cE","md5":"9461e6f33ad3a7d58224d6e100da9949","sha1":"b77fa09fbec9aa1332fcd26ae75113906b78c846","sha256":"29c0c66e8ab1d4f240fd3b2db8ae3aaed0d4d76d87365e19b8600990149413b5"},"dob":{"date":"1973-05-29T10:43:04.064Z","age":51},"registered":{"date":"2020-10-04T20:40:41.601Z","age":3},"phone":"7356713234","cell":"9488074895","id":{"name":"UIDAI","value":"083566304071"},"picture":{"large":"https://randomuser.me/api/portraits/women/36.jpg","medium":"https://randomuser.me/api/portraits/med/women/36.jpg","thumbnail":"https://randomuser.me/api/portraits/thumb/women/36.jpg"},"nat":"IN"}],"info":{"seed":"8793257bfd2ee0ee","results":1,"page":1,"version":"1.4"}} 
 </msg>
<msg time="2024-06-01T21:14:09.166198" level="INFO">/opt/hostedtoolcache/Python/3.12.3/x64/lib/python3.12/site-packages/urllib3/connectionpool.py:1103: InsecureRequestWarning: Unverified HTTPS request is being made to host 'randomuser.me'. Adding certificate verification is strongly advised. See: https://urllib3.readthedocs.io/en/latest/advanced-usage.html#tls-warnings
  warnings.warn(</msg>
<msg time="2024-06-01T21:14:09.166283" level="INFO">${response} = &lt;Response [200]&gt;</msg>
<var>${response}</var>
<arg>consultarAPI</arg>
<arg>/api</arg>
<doc>Sends a GET request on a previously created HTTP Session.</doc>
<status status="PASS" start="2024-06-01T21:14:09.094155" elapsed="0.072159"/>
</kw>
<kw name="Set Variable" owner="BuiltIn">
<msg time="2024-06-01T21:14:09.167163" level="INFO">${json_data} = {'results': [{'gender': 'female', 'name': {'title': 'Ms', 'first': 'Asha', 'last': 'Thampy'}, 'location': {'street': {'number': 4186, 'name': 'Mall Rd'}, 'city': 'Kollam', 'state': 'Dadra and Nagar Ha...</msg>
<var>${json_data}</var>
<arg>${response.json()}</arg>
<doc>Returns the given values which can then be assigned to a variables.</doc>
<status status="PASS" start="2024-06-01T21:14:09.166718" elapsed="0.000475"/>
</kw>
<kw name="Log" owner="BuiltIn">
<msg time="2024-06-01T21:14:09.167649" level="INFO">{'results': [{'gender': 'female', 'name': {'title': 'Ms', 'first': 'Asha', 'last': 'Thampy'}, 'location': {'street': {'number': 4186, 'name': 'Mall Rd'}, 'city': 'Kollam', 'state': 'Dadra and Nagar Haveli', 'country': 'India', 'postcode': 44950, 'coordinates': {'latitude': '12.7571', 'longitude': '0.0576'}, 'timezone': {'offset': '+1:00', 'description': 'Brussels, Copenhagen, Madrid, Paris'}}, 'email': 'asha.thampy@example.com', 'login': {'uuid': '2fb76783-6bc0-4c2f-871e-488e5358ab25', 'username': 'tinyfish561', 'password': 'alfredo', 'salt': 'QXaUj0cE', 'md5': '9461e6f33ad3a7d58224d6e100da9949', 'sha1': 'b77fa09fbec9aa1332fcd26ae75113906b78c846', 'sha256': '29c0c66e8ab1d4f240fd3b2db8ae3aaed0d4d76d87365e19b8600990149413b5'}, 'dob': {'date': '1973-05-29T10:43:04.064Z', 'age': 51}, 'registered': {'date': '2020-10-04T20:40:41.601Z', 'age': 3}, 'phone': '7356713234', 'cell': '9488074895', 'id': {'name': 'UIDAI', 'value': '083566304071'}, 'picture': {'large': 'https://randomuser.me/api/portraits/women/36.jpg', 'medium': 'https://randomuser.me/api/portraits/med/women/36.jpg', 'thumbnail': 'https://randomuser.me/api/portraits/thumb/women/36.jpg'}, 'nat': 'IN'}], 'info': {'seed': '8793257bfd2ee0ee', 'results': 1, 'page': 1, 'version': '1.4'}}</msg>
<arg>${json_data}</arg>
<doc>Logs the given message with the given level.</doc>
<status status="PASS" start="2024-06-01T21:14:09.167497" elapsed="0.000231"/>
</kw>
<kw name="Should Be Equal As Numbers" owner="BuiltIn">
<arg>${json_data['results'][0]['location']['postcode']}</arg>
<arg>${json_data['results'][0]['location']['postcode']}</arg>
<doc>Fails if objects are unequal after converting them to real numbers.</doc>
<status status="PASS" start="2024-06-01T21:14:09.168030" elapsed="0.000630"/>
</kw>
<kw name="Log" owner="BuiltIn">
<msg time="2024-06-01T21:14:09.169182" level="INFO">44950</msg>
<arg>${json_data['results'][0]['location']['postcode']}</arg>
<doc>Logs the given message with the given level.</doc>
<status status="PASS" start="2024-06-01T21:14:09.168851" elapsed="0.000371"/>
</kw>
<status status="PASS" start="2024-06-01T21:14:09.093937" elapsed="0.075532"/>
</kw>
<doc>Testa se os tipos de dados na resposta da API estão corretos.</doc>
<tag>testeTiposDados</tag>
<status status="PASS" start="2024-06-01T21:14:08.984734" elapsed="0.184893"/>
</test>
<test id="s1-s1-t5" name="Validar conteudo" line="35">
<kw name="Teste de Tipos de Conteudo" owner="random-user-service">
<kw name="GET On Session" owner="RequestsLibrary">
<msg time="2024-06-01T21:14:09.264475" level="INFO">GET Request : url=https://randomuser.me/api 
 path_url=/api 
 headers={'User-Agent': 'python-requests/2.32.3', 'Accept-Encoding': 'gzip, deflate', 'Accept': '*/*', 'Connection': 'keep-alive'} 
 body=None 
 </msg>
<msg time="2024-06-01T21:14:09.264552" level="INFO">GET Response : url=https://randomuser.me/api 
 status=200, reason=OK 
 headers={'Date': 'Sat, 01 Jun 2024 21:14:09 GMT', 'Content-Type': 'application/json; charset=utf-8', 'Transfer-Encoding': 'chunked', 'Connection': 'keep-alive', 'X-Powered-By': 'Express', 'Access-Control-Allow-Origin': '*', 'Cache-Control': 'no-cache', 'ETag': 'W/"49e-2fz9xZvPWNNfbg3Ak2eQCLN49yU"', 'Vary': 'Accept-Encoding', 'Content-Encoding': 'gzip', 'CF-Cache-Status': 'DYNAMIC', 'Report-To': '{"endpoints":[{"url":"https:\\/\\/a.nel.cloudflare.com\\/report\\/v4?s=c4QBe1t7a%2FK87zmWnSBXkslqLeUvfhhGWQx8%2F4FmqK7tK0kCA%2BAY6rk4hXp0XfS5LWRaoI%2B1x8Uk2ACfVD3EJyc5jWIpvTvSrZEy4iVG0MCo8k%2FABlpejysHG9HYVJcp"}],"group":"cf-nel","max_age":604800}', 'NEL': '{"success_fraction":0,"report_to":"cf-nel","max_age":604800}', 'Server': 'cloudflare', 'CF-RAY': '88d2362f5e4e3973-IAD', 'alt-svc': 'h3=":443"; ma=86400'} 
 body={"results":[{"gender":"female","name":{"title":"Ms","first":"Rufina","last":"Onipko"},"location":{"street":{"number":3345,"name":"Prospekt Petra Grigorenka"},"city":"Zhdanivka","state":"Mikolayivska","country":"Ukraine","postcode":88655,"coordinates":{"latitude":"76.1120","longitude":"88.8406"},"timezone":{"offset":"-4:00","description":"Atlantic Time (Canada), Caracas, La Paz"}},"email":"rufina.onipko@example.com","login":{"uuid":"caf45448-d222-4ca2-b893-e560687e5c21","username":"bluetiger381","password":"molly","salt":"iiiXNlRI","md5":"7b9014d920361d039736db8f76afa00f","sha1":"a8c1b3ea6f2c45701aed6a7c7d35bd077b066416","sha256":"9b4b24c7541d01d659f6e2d26b036cccc05801f99afe4b41983b335c55637140"},"dob":{"date":"1967-06-18T04:38:24.422Z","age":56},"registered":{"date":"2003-04-20T17:53:14.430Z","age":21},"phone":"(096) L83-7119","cell":"(096) H58-9311","id":{"name":"","value":null},"picture":{"large":"https://randomuser.me/api/portraits/women/41.jpg","medium":"https://randomuser.me/api/portraits/med/women/41.jpg","thumbnail":"https://randomuser.me/api/portraits/thumb/women/41.jpg"},"nat":"UA"}],"info":{"seed":"2dc16e04b42aab56","results":1,"page":1,"version":"1.4"}} 
 </msg>
<msg time="2024-06-01T21:14:09.264620" level="INFO">/opt/hostedtoolcache/Python/3.12.3/x64/lib/python3.12/site-packages/urllib3/connectionpool.py:1103: InsecureRequestWarning: Unverified HTTPS request is being made to host 'randomuser.me'. Adding certificate verification is strongly advised. See: https://urllib3.readthedocs.io/en/latest/advanced-usage.html#tls-warnings
  warnings.warn(</msg>
<msg time="2024-06-01T21:14:09.264733" level="INFO">${response} = &lt;Response [200]&gt;</msg>
<var>${response}</var>
<arg>consultarAPI</arg>
<arg>/api</arg>
<doc>Sends a GET request on a previously created HTTP Session.</doc>
<status status="PASS" start="2024-06-01T21:14:09.172155" elapsed="0.092630"/>
</kw>
<kw name="Set Variable" owner="BuiltIn">
<msg time="2024-06-01T21:14:09.265918" level="INFO">${json_data} = {'results': [{'gender': 'female', 'name': {'title': 'Ms', 'first': 'Rufina', 'last': 'Onipko'}, 'location': {'street': {'number': 3345, 'name': 'Prospekt Petra Grigorenka'}, 'city': 'Zhdanivka', 'stat...</msg>
<var>${json_data}</var>
<arg>${response.json()}</arg>
<doc>Returns the given values which can then be assigned to a variables.</doc>
<status status="PASS" start="2024-06-01T21:14:09.265340" elapsed="0.000606"/>
</kw>
<kw name="Set Variable" owner="BuiltIn">
<msg time="2024-06-01T21:14:09.266670" level="INFO">${name_title} = Ms</msg>
<var>${name_title}</var>
<arg>${json_data["results"][0]["name"]["title"]}</arg>
<doc>Returns the given values which can then be assigned to a variables.</doc>
<status status="PASS" start="2024-06-01T21:14:09.266252" elapsed="0.000445"/>
</kw>
<kw name="Create List" owner="BuiltIn">
<msg time="2024-06-01T21:14:09.267143" level="INFO">${allowed_titles} = ['Mr', 'Ms', 'Miss', 'Mrs', 'Madame', 'Monsieur']</msg>
<var>${allowed_titles}</var>
<arg>Mr</arg>
<arg>Ms</arg>
<arg>Miss</arg>
<arg>Mrs</arg>
<arg>Madame</arg>
<arg>Monsieur</arg>
<doc>Returns a list containing given items.</doc>
<status status="PASS" start="2024-06-01T21:14:09.266997" elapsed="0.000170"/>
</kw>
<kw name="List Should Contain Value" owner="Collections">
<msg time="2024-06-01T21:14:09.267642" level="INFO">False</msg>
<arg>${allowed_titles}</arg>
<arg>${name_title}</arg>
<doc>Fails if the ``value`` is not found from ``list``.</doc>
<status status="PASS" start="2024-06-01T21:14:09.267471" elapsed="0.000207"/>
</kw>
<kw name="Set Variable" owner="BuiltIn">
<msg time="2024-06-01T21:14:09.268488" level="INFO">${name_country} = UA</msg>
<var>${name_country}</var>
<arg>${json_data["results"][0]["nat"]}</arg>
<doc>Returns the given values which can then be assigned to a variables.</doc>
<status status="PASS" start="2024-06-01T21:14:09.267979" elapsed="0.000534"/>
</kw>
<kw name="Create List" owner="BuiltIn">
<msg time="2024-06-01T21:14:09.269412" level="INFO">${list_country} = ['AD', 'AE', 'AF', 'AG', 'AI', 'AL', 'AM', 'AO', 'AQ', 'AR', 'AS', 'AT', 'AU', 'AW', 'AX', 'AZ', 'BA', 'BB', 'BD', 'BE', 'BF', 'BG', 'BH', 'BI', 'BJ', 'BL', 'BM', 'BN', 'BO', 'BQ', 'BR', 'BS', 'BT', '...</msg>
<var>${list_country}</var>
<arg>AD</arg>
<arg>AE</arg>
<arg>AF</arg>
<arg>AG</arg>
<arg>AI</arg>
<arg>AL</arg>
<arg>AM</arg>
<arg>AO</arg>
<arg>AQ</arg>
<arg>AR</arg>
<arg>AS</arg>
<arg>AT</arg>
<arg>AU</arg>
<arg>AW</arg>
<arg>AX</arg>
<arg>AZ</arg>
<arg>BA</arg>
<arg>BB</arg>
<arg>BD</arg>
<arg>BE</arg>
<arg>BF</arg>
<arg>BG</arg>
<arg>BH</arg>
<arg>BI</arg>
<arg>BJ</arg>
<arg>BL</arg>
<arg>BM</arg>
<arg>BN</arg>
<arg>BO</arg>
<arg>BQ</arg>
<arg>BR</arg>
<arg>BS</arg>
<arg>BT</arg>
<arg>BV</arg>
<arg>BW</arg>
<arg>BY</arg>
<arg>BZ</arg>
<arg>CA</arg>
<arg>CC</arg>
<arg>CD</arg>
<arg>CF</arg>
<arg>CG</arg>
<arg>CH</arg>
<arg>CI</arg>
<arg>CK</arg>
<arg>CL</arg>
<arg>CM</arg>
<arg>CN</arg>
<arg>CO</arg>
<arg>CR</arg>
<arg>CU</arg>
<arg>CV</arg>
<arg>CW</arg>
<arg>CX</arg>
<arg>CY</arg>
<arg>CZ</arg>
<arg>DE</arg>
<arg>DJ</arg>
<arg>DK</arg>
<arg>DM</arg>
<arg>DO</arg>
<arg>DZ</arg>
<arg>EC</arg>
<arg>EE</arg>
<arg>EG</arg>
<arg>EH</arg>
<arg>ER</arg>
<arg>ES</arg>
<arg>ET</arg>
<arg>FI</arg>
<arg>FJ</arg>
<arg>FK</arg>
<arg>FM</arg>
<arg>FO</arg>
<arg>FR</arg>
<arg>GA</arg>
<arg>GB</arg>
<arg>GD</arg>
<arg>GE</arg>
<arg>GF</arg>
<arg>GG</arg>
<arg>GH</arg>
<arg>GI</arg>
<arg>GL</arg>
<arg>GM</arg>
<arg>GN</arg>
<arg>GP</arg>
<arg>GQ</arg>
<arg>GR</arg>
<arg>GS</arg>
<arg>GT</arg>
<arg>GU</arg>
<arg>GW</arg>
<arg>GY</arg>
<arg>HK</arg>
<arg>HM</arg>
<arg>HN</arg>
<arg>HR</arg>
<arg>HT</arg>
<arg>HU</arg>
<arg>ID</arg>
<arg>IE</arg>
<arg>IL</arg>
<arg>IM</arg>
<arg>IN</arg>
<arg>IO</arg>
<arg>IQ</arg>
<arg>IR</arg>
<arg>IS</arg>
<arg>IT</arg>
<arg>JE</arg>
<arg>JM</arg>
<arg>JO</arg>
<arg>JP</arg>
<arg>KE</arg>
<arg>KG</arg>
<arg>KH</arg>
<arg>KI</arg>
<arg>KM</arg>
<arg>KN</arg>
<arg>KP</arg>
<arg>KR</arg>
<arg>KW</arg>
<arg>KY</arg>
<arg>KZ</arg>
<arg>LA</arg>
<arg>LB</arg>
<arg>LC</arg>
<arg>LI</arg>
<arg>LK</arg>
<arg>LR</arg>
<arg>LS</arg>
<arg>LT</arg>
<arg>LU</arg>
<arg>LV</arg>
<arg>LY</arg>
<arg>MA</arg>
<arg>MC</arg>
<arg>MD</arg>
<arg>ME</arg>
<arg>MF</arg>
<arg>MG</arg>
<arg>MH</arg>
<arg>MK</arg>
<arg>ML</arg>
<arg>MM</arg>
<arg>MN</arg>
<arg>MO</arg>
<arg>MP</arg>
<arg>MQ</arg>
<arg>MR</arg>
<arg>MS</arg>
<arg>MT</arg>
<arg>MU</arg>
<arg>MV</arg>
<arg>MW</arg>
<arg>MX</arg>
<arg>MY</arg>
<arg>MZ</arg>
<arg>NA</arg>
<arg>NC</arg>
<arg>NE</arg>
<arg>NF</arg>
<arg>NG</arg>
<arg>NI</arg>
<arg>NL</arg>
<arg>NO</arg>
<arg>NP</arg>
<arg>NR</arg>
<arg>NU</arg>
<arg>NZ</arg>
<arg>OM</arg>
<arg>PA</arg>
<arg>PE</arg>
<arg>PF</arg>
<arg>PG</arg>
<arg>PH</arg>
<arg>PK</arg>
<arg>PL</arg>
<arg>PM</arg>
<arg>PN</arg>
<arg>PR</arg>
<arg>PS</arg>
<arg>PT</arg>
<arg>PW</arg>
<arg>PY</arg>
<arg>QA</arg>
<arg>RE</arg>
<arg>RO</arg>
<arg>RS</arg>
<arg>RU</arg>
<arg>RW</arg>
<arg>SA</arg>
<arg>SB</arg>
<arg>SC</arg>
<arg>SD</arg>
<arg>SE</arg>
<arg>SG</arg>
<arg>SH</arg>
<arg>SI</arg>
<arg>SJ</arg>
<arg>SK</arg>
<arg>SL</arg>
<arg>SM</arg>
<arg>SN</arg>
<arg>SO</arg>
<arg>SR</arg>
<arg>SS</arg>
<arg>ST</arg>
<arg>SV</arg>
<arg>SX</arg>
<arg>SY</arg>
<arg>SZ</arg>
<arg>TC</arg>
<arg>TD</arg>
<arg>TF</arg>
<arg>TG</arg>
<arg>TH</arg>
<arg>TJ</arg>
<arg>TK</arg>
<arg>TL</arg>
<arg>TM</arg>
<arg>TN</arg>
<arg>TO</arg>
<arg>TR</arg>
<arg>TT</arg>
<arg>TV</arg>
<arg>TW</arg>
<arg>TZ</arg>
<arg>UA</arg>
<arg>UG</arg>
<arg>UM</arg>
<arg>US</arg>
<arg>UY</arg>
<arg>UZ</arg>
<arg>VA</arg>
<arg>VC</arg>
<arg>VE</arg>
<arg>VG</arg>
<arg>VI</arg>
<arg>VN</arg>
<arg>VU</arg>
<arg>WF</arg>
<arg>WS</arg>
<arg>XK</arg>
<arg>YE</arg>
<arg>YT</arg>
<arg>ZA</arg>
<arg>ZM</arg>
<arg>ZW</arg>
<doc>Returns a list containing given items.</doc>
<status status="PASS" start="2024-06-01T21:14:09.268817" elapsed="0.000620"/>
</kw>
<kw name="List Should Contain Value" owner="Collections">
<msg time="2024-06-01T21:14:09.270454" level="INFO">False</msg>
<arg>${list_country}</arg>
<arg>${name_country}</arg>
<doc>Fails if the ``value`` is not found from ``list``.</doc>
<status status="PASS" start="2024-06-01T21:14:09.270213" elapsed="0.000280"/>
</kw>
<kw name="Run Keyword If" owner="BuiltIn">
<kw name="Should Be True" owner="BuiltIn">
<arg>${True}</arg>
<doc>Fails if the given condition is not true.</doc>
<status status="PASS" start="2024-06-01T21:14:09.271545" elapsed="0.000143"/>
</kw>
<arg>${json_data["results"][0]["location"]["coordinates"]["latitude"]} &gt;= -90 and ${json_data["results"][0]["location"]["coordinates"]["latitude"]} &lt;= 90</arg>
<arg>Should Be True</arg>
<arg>${True}</arg>
<doc>Runs the given keyword with the given arguments, if ``condition`` is true.</doc>
<status status="PASS" start="2024-06-01T21:14:09.270809" elapsed="0.001004"/>
</kw>
<kw name="Run Keyword If" owner="BuiltIn">
<kw name="Should Be True" owner="BuiltIn">
<arg>${True}</arg>
<doc>Fails if the given condition is not true.</doc>
<status status="PASS" start="2024-06-01T21:14:09.272690" elapsed="0.000142"/>
</kw>
<arg>${json_data["results"][0]["location"]["coordinates"]["longitude"]} &gt;= -180 and ${json_data["results"][0]["location"]["coordinates"]["longitude"]} &lt;= 180</arg>
<arg>Should Be True</arg>
<arg>${True}</arg>
<doc>Runs the given keyword with the given arguments, if ``condition`` is true.</doc>
<status status="PASS" start="2024-06-01T21:14:09.272004" elapsed="0.000950"/>
</kw>
<status status="PASS" start="2024-06-01T21:14:09.171928" elapsed="0.101153"/>
</kw>
<doc>Testa o conteúdo específico dos campos retornados pela API.</doc>
<tag>testeConteudo</tag>
<status status="PASS" start="2024-06-01T21:14:09.171432" elapsed="0.101788"/>
</test>
<status status="PASS" start="2024-06-01T21:14:08.450160" elapsed="0.824966"/>
</suite>
<status status="PASS" start="2024-06-01T21:14:08.436753" elapsed="0.843428"/>
</suite>
<statistics>
<total>
<stat pass="5" fail="0" skip="0">All Tests</stat>
</total>
<tag>
<stat pass="1" fail="0" skip="0">testeConteudo</stat>
<stat pass="1" fail="0" skip="0">testeEstruturaResposta</stat>
<stat pass="1" fail="0" skip="0">testeRequisicaoBasica</stat>
<stat pass="1" fail="0" skip="0">testeTiposDados</stat>
</tag>
<suite>
<stat pass="5" fail="0" skip="0" id="s1" name="Tests">Tests</stat>
<stat pass="5" fail="0" skip="0" id="s1-s1" name="Random-User-Test">Tests.Random-User-Test</stat>
</suite>
</statistics>
<errors>
</errors>
</robot>
