<?xml version="1.0" encoding="UTF-8"?>
<robot generator="Robot 7.0.1 (Python 3.12.4 on linux)" generated="2024-07-03T21:14:53.143157" rpa="false" schemaversion="5">
<suite id="s1" name="Tests" source="/home/runner/work/ApiRandomUser/ApiRandomUser/RamdonUser/tests">
<suite id="s1-s1" name="Random-User-Test" source="/home/runner/work/ApiRandomUser/ApiRandomUser/RamdonUser/tests/random-user-test.robot">
<test id="s1-s1-t1" name="Conectar" line="13">
<kw name="Conectar API" owner="random-user-service">
<kw name="Create Session" owner="RequestsLibrary">
<msg time="2024-07-03T21:14:53.557099" level="INFO">Creating Session using : alias=consultarAPI, url=https://randomuser.me/, headers={},                     cookies={}, auth=None, timeout=None, proxies=None, verify=False,                     debug=0 </msg>
<arg>consultarAPI</arg>
<arg>${URL}</arg>
<doc>Create Session: create a HTTP session to a server</doc>
<status status="PASS" start="2024-07-03T21:14:53.556861" elapsed="0.000455"/>
</kw>
<status status="PASS" start="2024-07-03T21:14:53.555770" elapsed="0.001933"/>
</kw>
<status status="PASS" start="2024-07-03T21:14:53.555086" elapsed="0.002815"/>
</test>
<test id="s1-s1-t2" name="Validar retorno 200 e JSON Válido" line="16">
<kw name="Teste de Requisicao Basica" owner="random-user-service">
<kw name="GET On Session" owner="RequestsLibrary">
<msg time="2024-07-03T21:14:53.786207" level="INFO">GET Request : url=https://randomuser.me/api 
 path_url=/api 
 headers={'User-Agent': 'python-requests/2.32.3', 'Accept-Encoding': 'gzip, deflate', 'Accept': '*/*', 'Connection': 'keep-alive'} 
 body=None 
 </msg>
<msg time="2024-07-03T21:14:53.786373" level="INFO">GET Response : url=https://randomuser.me/api 
 status=200, reason=OK 
 headers={'Date': 'Wed, 03 Jul 2024 21:14:53 GMT', 'Content-Type': 'application/json; charset=utf-8', 'Transfer-Encoding': 'chunked', 'Connection': 'keep-alive', 'X-Powered-By': 'Express', 'Access-Control-Allow-Origin': '*', 'Cache-Control': 'no-cache', 'ETag': 'W/"47b-kIItlV8wVLk4erju2N4KIaq4W8U"', 'Vary': 'Accept-Encoding', 'Content-Encoding': 'gzip', 'CF-Cache-Status': 'DYNAMIC', 'Report-To': '{"endpoints":[{"url":"https:\\/\\/a.nel.cloudflare.com\\/report\\/v4?s=mTzg6Cg6AXMX7%2Fv6C6i1xVmiRGkCSdzW94Lx49nCc7kzqB5%2B0ASssClBKjrXjDcmN7688YkTRF9csPAplDO3hfA8XB18kGBlxKaLOZ2W6RFcqB3txUSSZPjQTwTIKnTW"}],"group":"cf-nel","max_age":604800}', 'NEL': '{"success_fraction":0,"report_to":"cf-nel","max_age":604800}', 'Server': 'cloudflare', 'CF-RAY': '89d9e345f825062b-IAD', 'alt-svc': 'h3=":443"; ma=86400'} 
 body={"results":[{"gender":"female","name":{"title":"Mrs","first":"مارال","last":"نجاتی"},"location":{"street":{"number":7069,"name":"میدان 7 تیر"},"city":"بندرعباس","state":"یزد","country":"Iran","postcode":66866,"coordinates":{"latitude":"16.9270","longitude":"172.0287"},"timezone":{"offset":"+5:45","description":"Kathmandu"}},"email":"mrl.njty@example.com","login":{"uuid":"9b6cba3f-a4ad-4562-8dae-b6f0aedf6faf","username":"tinypanda462","password":"nnnnnn","salt":"pQYwxiIZ","md5":"ff1748a009abba138b0718b1a9da353a","sha1":"b4fd481e3c1f8556b18172c327c4933f1501335f","sha256":"e0baab2a4ebae8f03441342ad0db54a38c1c1a2afb7e8ca2f82f25d2506bb743"},"dob":{"date":"1999-08-09T20:56:36.561Z","age":24},"registered":{"date":"2002-05-15T08:36:01.243Z","age":22},"phone":"098-94969424","cell":"0936-118-4012","id":{"name":"","value":null},"picture":{"large":"https://randomuser.me/api/portraits/women/65.jpg","medium":"https://randomuser.me/api/portraits/med/women/65.jpg","thumbnail":"https://randomuser.me/api/portraits/thumb/women/65.jpg"},"nat":"IR"}],"info":{"seed":"4af93380930d4655","results":1,"page":1,"version":"1.4"}} 
 </msg>
<msg time="2024-07-03T21:14:53.786472" level="INFO">/opt/hostedtoolcache/Python/3.12.4/x64/lib/python3.12/site-packages/urllib3/connectionpool.py:1099: InsecureRequestWarning: Unverified HTTPS request is being made to host 'randomuser.me'. Adding certificate verification is strongly advised. See: https://urllib3.readthedocs.io/en/latest/advanced-usage.html#tls-warnings
  warnings.warn(</msg>
<msg time="2024-07-03T21:14:53.786637" level="INFO">${response} = &lt;Response [200]&gt;</msg>
<var>${response}</var>
<arg>consultarAPI</arg>
<arg>/api</arg>
<doc>Sends a GET request on a previously created HTTP Session.</doc>
<status status="PASS" start="2024-07-03T21:14:53.560658" elapsed="0.226126"/>
</kw>
<kw name="Should Be Equal As Numbers" owner="BuiltIn">
<msg time="2024-07-03T21:14:53.787953" level="INFO">Argument types are:
&lt;class 'int'&gt;
&lt;class 'str'&gt;</msg>
<arg>${response.status_code}</arg>
<arg>200</arg>
<doc>Fails if objects are unequal after converting them to real numbers.</doc>
<status status="PASS" start="2024-07-03T21:14:53.787483" elapsed="0.000537"/>
</kw>
<kw name="Log" owner="BuiltIn">
<msg time="2024-07-03T21:14:53.788734" level="INFO">200</msg>
<arg>${response.status_code}</arg>
<doc>Logs the given message with the given level.</doc>
<status status="PASS" start="2024-07-03T21:14:53.788375" elapsed="0.000402"/>
</kw>
<kw name="Set Variable" owner="BuiltIn">
<msg time="2024-07-03T21:14:53.789607" level="INFO">${json_data} = {'results': [{'gender': 'female', 'name': {'title': 'Mrs', 'first': 'مارال', 'last': 'نجاتی'}, 'location': {'street': {'number': 7069, 'name': 'میدان 7 تیر'}, 'city': 'بندرعباس', 'state': 'یزد', 'coun...</msg>
<var>${json_data}</var>
<arg>${response.json()}</arg>
<doc>Returns the given values which can then be assigned to a variables.</doc>
<status status="PASS" start="2024-07-03T21:14:53.789083" elapsed="0.000567"/>
</kw>
<kw name="Dictionary Should Contain Key" owner="Collections">
<arg>${json_data}</arg>
<arg>results</arg>
<doc>Fails if ``key`` is not found from ``dictionary``.</doc>
<status status="PASS" start="2024-07-03T21:14:53.790058" elapsed="0.000229"/>
</kw>
<status status="PASS" start="2024-07-03T21:14:53.560404" elapsed="0.230110"/>
</kw>
<doc>Testa se a API responde corretamente e retorna um objeto JSON válido.</doc>
<tag>testeRequisicaoBasica</tag>
<status status="PASS" start="2024-07-03T21:14:53.559844" elapsed="0.230893"/>
</test>
<test id="s1-s1-t3" name="Validar estrutura de resposta" line="22">
<kw name="Teste de Estrutura de Resposta" owner="random-user-service">
<kw name="GET On Session" owner="RequestsLibrary">
<msg time="2024-07-03T21:14:53.887090" level="INFO">GET Request : url=https://randomuser.me/api 
 path_url=/api 
 headers={'User-Agent': 'python-requests/2.32.3', 'Accept-Encoding': 'gzip, deflate', 'Accept': '*/*', 'Connection': 'keep-alive'} 
 body=None 
 </msg>
<msg time="2024-07-03T21:14:53.887197" level="INFO">GET Response : url=https://randomuser.me/api 
 status=200, reason=OK 
 headers={'Date': 'Wed, 03 Jul 2024 21:14:53 GMT', 'Content-Type': 'application/json; charset=utf-8', 'Transfer-Encoding': 'chunked', 'Connection': 'keep-alive', 'X-Powered-By': 'Express', 'Access-Control-Allow-Origin': '*', 'Cache-Control': 'no-cache', 'ETag': 'W/"485-qUkfqqDlDP+qM4WT7+SKIhGvFPs"', 'Vary': 'Accept-Encoding', 'Content-Encoding': 'gzip', 'CF-Cache-Status': 'DYNAMIC', 'Report-To': '{"endpoints":[{"url":"https:\\/\\/a.nel.cloudflare.com\\/report\\/v4?s=V6%2F7qpkn%2BleZJD7%2FzTWvcaxJehVoBV1fFAauKi03fif4C%2BqzvQC%2BEZS%2FTjNR1EpjNkqNm19hwlXv5hVvUbbKJp%2FLFJt0bpfTgmP41cPY2B4KPbTQOGDk6hMybg4p6nHH"}],"group":"cf-nel","max_age":604800}', 'NEL': '{"success_fraction":0,"report_to":"cf-nel","max_age":604800}', 'Server': 'cloudflare', 'CF-RAY': '89d9e3463854062b-IAD', 'alt-svc': 'h3=":443"; ma=86400'} 
 body={"results":[{"gender":"male","name":{"title":"Mr","first":"Steve","last":"Neal"},"location":{"street":{"number":1589,"name":"Avondale Ave"},"city":"Townsville","state":"New South Wales","country":"Australia","postcode":4573,"coordinates":{"latitude":"-89.3628","longitude":"-131.4626"},"timezone":{"offset":"-8:00","description":"Pacific Time (US &amp; Canada)"}},"email":"steve.neal@example.com","login":{"uuid":"ea220d27-8865-4f6d-aa58-dcaf714ce458","username":"goldenlion851","password":"peter1","salt":"FHzw7x14","md5":"7098cfb4c9f7bea0bbc302e38cdd10f0","sha1":"695048e13f659af0eed19bf198ee16934c6fc1ad","sha256":"0d4bfe662b79e4980927d5d1cb670624bdd8f0fb55b9c4a17fb5413e3e523291"},"dob":{"date":"1988-05-21T04:18:05.871Z","age":36},"registered":{"date":"2015-12-26T06:33:38.172Z","age":8},"phone":"04-1379-2354","cell":"0494-000-621","id":{"name":"TFN","value":"783668972"},"picture":{"large":"https://randomuser.me/api/portraits/men/96.jpg","medium":"https://randomuser.me/api/portraits/med/men/96.jpg","thumbnail":"https://randomuser.me/api/portraits/thumb/men/96.jpg"},"nat":"AU"}],"info":{"seed":"78f299a031a38d8b","results":1,"page":1,"version":"1.4"}} 
 </msg>
<msg time="2024-07-03T21:14:53.887328" level="INFO">/opt/hostedtoolcache/Python/3.12.4/x64/lib/python3.12/site-packages/urllib3/connectionpool.py:1099: InsecureRequestWarning: Unverified HTTPS request is being made to host 'randomuser.me'. Adding certificate verification is strongly advised. See: https://urllib3.readthedocs.io/en/latest/advanced-usage.html#tls-warnings
  warnings.warn(</msg>
<msg time="2024-07-03T21:14:53.887495" level="INFO">${response} = &lt;Response [200]&gt;</msg>
<var>${response}</var>
<arg>consultarAPI</arg>
<arg>/api</arg>
<doc>Sends a GET request on a previously created HTTP Session.</doc>
<status status="PASS" start="2024-07-03T21:14:53.793506" elapsed="0.094032"/>
</kw>
<kw name="Set Variable" owner="BuiltIn">
<msg time="2024-07-03T21:14:53.888818" level="INFO">${json_data} = {'results': [{'gender': 'male', 'name': {'title': 'Mr', 'first': 'Steve', 'last': 'Neal'}, 'location': {'street': {'number': 1589, 'name': 'Avondale Ave'}, 'city': 'Townsville', 'state': 'New South Wa...</msg>
<var>${json_data}</var>
<arg>${response.json()}</arg>
<doc>Returns the given values which can then be assigned to a variables.</doc>
<status status="PASS" start="2024-07-03T21:14:53.888164" elapsed="0.000700"/>
</kw>
<kw name="Log" owner="BuiltIn">
<msg time="2024-07-03T21:14:53.889386" level="INFO">{'results': [{'gender': 'male', 'name': {'title': 'Mr', 'first': 'Steve', 'last': 'Neal'}, 'location': {'street': {'number': 1589, 'name': 'Avondale Ave'}, 'city': 'Townsville', 'state': 'New South Wales', 'country': 'Australia', 'postcode': 4573, 'coordinates': {'latitude': '-89.3628', 'longitude': '-131.4626'}, 'timezone': {'offset': '-8:00', 'description': 'Pacific Time (US &amp; Canada)'}}, 'email': 'steve.neal@example.com', 'login': {'uuid': 'ea220d27-8865-4f6d-aa58-dcaf714ce458', 'username': 'goldenlion851', 'password': 'peter1', 'salt': 'FHzw7x14', 'md5': '7098cfb4c9f7bea0bbc302e38cdd10f0', 'sha1': '695048e13f659af0eed19bf198ee16934c6fc1ad', 'sha256': '0d4bfe662b79e4980927d5d1cb670624bdd8f0fb55b9c4a17fb5413e3e523291'}, 'dob': {'date': '1988-05-21T04:18:05.871Z', 'age': 36}, 'registered': {'date': '2015-12-26T06:33:38.172Z', 'age': 8}, 'phone': '04-1379-2354', 'cell': '0494-000-621', 'id': {'name': 'TFN', 'value': '783668972'}, 'picture': {'large': 'https://randomuser.me/api/portraits/men/96.jpg', 'medium': 'https://randomuser.me/api/portraits/med/men/96.jpg', 'thumbnail': 'https://randomuser.me/api/portraits/thumb/men/96.jpg'}, 'nat': 'AU'}], 'info': {'seed': '78f299a031a38d8b', 'results': 1, 'page': 1, 'version': '1.4'}}</msg>
<arg>${json_data}</arg>
<doc>Logs the given message with the given level.</doc>
<status status="PASS" start="2024-07-03T21:14:53.889225" elapsed="0.000211"/>
</kw>
<kw name="Dictionary Should Contain Key" owner="Collections">
<arg>${json_data}</arg>
<arg>results</arg>
<doc>Fails if ``key`` is not found from ``dictionary``.</doc>
<status status="PASS" start="2024-07-03T21:14:53.889728" elapsed="0.000166"/>
</kw>
<kw name="Should Not Be Empty" owner="BuiltIn">
<msg time="2024-07-03T21:14:53.890212" level="INFO">Length is 2.</msg>
<arg>${json_data}</arg>
<doc>Verifies that the given item is not empty.</doc>
<status status="PASS" start="2024-07-03T21:14:53.890078" elapsed="0.000173"/>
</kw>
<kw name="Create List" owner="BuiltIn">
<msg time="2024-07-03T21:14:53.890872" level="INFO">${expected_keys} = ['gender', 'name', 'location', 'email', 'login']</msg>
<var>${expected_keys}</var>
<arg>gender</arg>
<arg>name</arg>
<arg>location</arg>
<arg>email</arg>
<arg>login</arg>
<doc>Returns a list containing given items.</doc>
<status status="PASS" start="2024-07-03T21:14:53.890548" elapsed="0.000349"/>
</kw>
<for flavor="IN">
<iter>
<kw name="Dictionary Should Contain Key" owner="Collections">
<arg>${json_data['results'][0]}</arg>
<arg>${key}</arg>
<doc>Fails if ``key`` is not found from ``dictionary``.</doc>
<status status="PASS" start="2024-07-03T21:14:53.891549" elapsed="0.000409"/>
</kw>
<kw name="Log" owner="BuiltIn">
<msg time="2024-07-03T21:14:53.892534" level="INFO">{'gender': 'male', 'name': {'title': 'Mr', 'first': 'Steve', 'last': 'Neal'}, 'location': {'street': {'number': 1589, 'name': 'Avondale Ave'}, 'city': 'Townsville', 'state': 'New South Wales', 'country': 'Australia', 'postcode': 4573, 'coordinates': {'latitude': '-89.3628', 'longitude': '-131.4626'}, 'timezone': {'offset': '-8:00', 'description': 'Pacific Time (US &amp; Canada)'}}, 'email': 'steve.neal@example.com', 'login': {'uuid': 'ea220d27-8865-4f6d-aa58-dcaf714ce458', 'username': 'goldenlion851', 'password': 'peter1', 'salt': 'FHzw7x14', 'md5': '7098cfb4c9f7bea0bbc302e38cdd10f0', 'sha1': '695048e13f659af0eed19bf198ee16934c6fc1ad', 'sha256': '0d4bfe662b79e4980927d5d1cb670624bdd8f0fb55b9c4a17fb5413e3e523291'}, 'dob': {'date': '1988-05-21T04:18:05.871Z', 'age': 36}, 'registered': {'date': '2015-12-26T06:33:38.172Z', 'age': 8}, 'phone': '04-1379-2354', 'cell': '0494-000-621', 'id': {'name': 'TFN', 'value': '783668972'}, 'picture': {'large': 'https://randomuser.me/api/portraits/men/96.jpg', 'medium': 'https://randomuser.me/api/portraits/med/men/96.jpg', 'thumbnail': 'https://randomuser.me/api/portraits/thumb/men/96.jpg'}, 'nat': 'AU'}</msg>
<arg>${json_data['results'][0]}</arg>
<doc>Logs the given message with the given level.</doc>
<status status="PASS" start="2024-07-03T21:14:53.892145" elapsed="0.000439"/>
</kw>
<kw name="Log" owner="BuiltIn">
<msg time="2024-07-03T21:14:53.893014" level="INFO">gender</msg>
<arg>${key}</arg>
<doc>Logs the given message with the given level.</doc>
<status status="PASS" start="2024-07-03T21:14:53.892886" elapsed="0.000166"/>
</kw>
<var name="${key}">gender</var>
<status status="PASS" start="2024-07-03T21:14:53.891418" elapsed="0.001851"/>
</iter>
<iter>
<kw name="Dictionary Should Contain Key" owner="Collections">
<arg>${json_data['results'][0]}</arg>
<arg>${key}</arg>
<doc>Fails if ``key`` is not found from ``dictionary``.</doc>
<status status="PASS" start="2024-07-03T21:14:53.893571" elapsed="0.000393"/>
</kw>
<kw name="Log" owner="BuiltIn">
<msg time="2024-07-03T21:14:53.894495" level="INFO">{'gender': 'male', 'name': {'title': 'Mr', 'first': 'Steve', 'last': 'Neal'}, 'location': {'street': {'number': 1589, 'name': 'Avondale Ave'}, 'city': 'Townsville', 'state': 'New South Wales', 'country': 'Australia', 'postcode': 4573, 'coordinates': {'latitude': '-89.3628', 'longitude': '-131.4626'}, 'timezone': {'offset': '-8:00', 'description': 'Pacific Time (US &amp; Canada)'}}, 'email': 'steve.neal@example.com', 'login': {'uuid': 'ea220d27-8865-4f6d-aa58-dcaf714ce458', 'username': 'goldenlion851', 'password': 'peter1', 'salt': 'FHzw7x14', 'md5': '7098cfb4c9f7bea0bbc302e38cdd10f0', 'sha1': '695048e13f659af0eed19bf198ee16934c6fc1ad', 'sha256': '0d4bfe662b79e4980927d5d1cb670624bdd8f0fb55b9c4a17fb5413e3e523291'}, 'dob': {'date': '1988-05-21T04:18:05.871Z', 'age': 36}, 'registered': {'date': '2015-12-26T06:33:38.172Z', 'age': 8}, 'phone': '04-1379-2354', 'cell': '0494-000-621', 'id': {'name': 'TFN', 'value': '783668972'}, 'picture': {'large': 'https://randomuser.me/api/portraits/men/96.jpg', 'medium': 'https://randomuser.me/api/portraits/med/men/96.jpg', 'thumbnail': 'https://randomuser.me/api/portraits/thumb/men/96.jpg'}, 'nat': 'AU'}</msg>
<arg>${json_data['results'][0]}</arg>
<doc>Logs the given message with the given level.</doc>
<status status="PASS" start="2024-07-03T21:14:53.894147" elapsed="0.000430"/>
</kw>
<kw name="Log" owner="BuiltIn">
<msg time="2024-07-03T21:14:53.895001" level="INFO">name</msg>
<arg>${key}</arg>
<doc>Logs the given message with the given level.</doc>
<status status="PASS" start="2024-07-03T21:14:53.894873" elapsed="0.000166"/>
</kw>
<var name="${key}">name</var>
<status status="PASS" start="2024-07-03T21:14:53.893458" elapsed="0.001835"/>
</iter>
<iter>
<kw name="Dictionary Should Contain Key" owner="Collections">
<arg>${json_data['results'][0]}</arg>
<arg>${key}</arg>
<doc>Fails if ``key`` is not found from ``dictionary``.</doc>
<status status="PASS" start="2024-07-03T21:14:53.895583" elapsed="0.000378"/>
</kw>
<kw name="Log" owner="BuiltIn">
<msg time="2024-07-03T21:14:53.896531" level="INFO">{'gender': 'male', 'name': {'title': 'Mr', 'first': 'Steve', 'last': 'Neal'}, 'location': {'street': {'number': 1589, 'name': 'Avondale Ave'}, 'city': 'Townsville', 'state': 'New South Wales', 'country': 'Australia', 'postcode': 4573, 'coordinates': {'latitude': '-89.3628', 'longitude': '-131.4626'}, 'timezone': {'offset': '-8:00', 'description': 'Pacific Time (US &amp; Canada)'}}, 'email': 'steve.neal@example.com', 'login': {'uuid': 'ea220d27-8865-4f6d-aa58-dcaf714ce458', 'username': 'goldenlion851', 'password': 'peter1', 'salt': 'FHzw7x14', 'md5': '7098cfb4c9f7bea0bbc302e38cdd10f0', 'sha1': '695048e13f659af0eed19bf198ee16934c6fc1ad', 'sha256': '0d4bfe662b79e4980927d5d1cb670624bdd8f0fb55b9c4a17fb5413e3e523291'}, 'dob': {'date': '1988-05-21T04:18:05.871Z', 'age': 36}, 'registered': {'date': '2015-12-26T06:33:38.172Z', 'age': 8}, 'phone': '04-1379-2354', 'cell': '0494-000-621', 'id': {'name': 'TFN', 'value': '783668972'}, 'picture': {'large': 'https://randomuser.me/api/portraits/men/96.jpg', 'medium': 'https://randomuser.me/api/portraits/med/men/96.jpg', 'thumbnail': 'https://randomuser.me/api/portraits/thumb/men/96.jpg'}, 'nat': 'AU'}</msg>
<arg>${json_data['results'][0]}</arg>
<doc>Logs the given message with the given level.</doc>
<status status="PASS" start="2024-07-03T21:14:53.896142" elapsed="0.000474"/>
</kw>
<kw name="Log" owner="BuiltIn">
<msg time="2024-07-03T21:14:53.897093" level="INFO">location</msg>
<arg>${key}</arg>
<doc>Logs the given message with the given level.</doc>
<status status="PASS" start="2024-07-03T21:14:53.896945" elapsed="0.000186"/>
</kw>
<var name="${key}">location</var>
<status status="PASS" start="2024-07-03T21:14:53.895476" elapsed="0.001870"/>
</iter>
<iter>
<kw name="Dictionary Should Contain Key" owner="Collections">
<arg>${json_data['results'][0]}</arg>
<arg>${key}</arg>
<doc>Fails if ``key`` is not found from ``dictionary``.</doc>
<status status="PASS" start="2024-07-03T21:14:53.897623" elapsed="0.000623"/>
</kw>
<kw name="Log" owner="BuiltIn">
<msg time="2024-07-03T21:14:53.898957" level="INFO">{'gender': 'male', 'name': {'title': 'Mr', 'first': 'Steve', 'last': 'Neal'}, 'location': {'street': {'number': 1589, 'name': 'Avondale Ave'}, 'city': 'Townsville', 'state': 'New South Wales', 'country': 'Australia', 'postcode': 4573, 'coordinates': {'latitude': '-89.3628', 'longitude': '-131.4626'}, 'timezone': {'offset': '-8:00', 'description': 'Pacific Time (US &amp; Canada)'}}, 'email': 'steve.neal@example.com', 'login': {'uuid': 'ea220d27-8865-4f6d-aa58-dcaf714ce458', 'username': 'goldenlion851', 'password': 'peter1', 'salt': 'FHzw7x14', 'md5': '7098cfb4c9f7bea0bbc302e38cdd10f0', 'sha1': '695048e13f659af0eed19bf198ee16934c6fc1ad', 'sha256': '0d4bfe662b79e4980927d5d1cb670624bdd8f0fb55b9c4a17fb5413e3e523291'}, 'dob': {'date': '1988-05-21T04:18:05.871Z', 'age': 36}, 'registered': {'date': '2015-12-26T06:33:38.172Z', 'age': 8}, 'phone': '04-1379-2354', 'cell': '0494-000-621', 'id': {'name': 'TFN', 'value': '783668972'}, 'picture': {'large': 'https://randomuser.me/api/portraits/men/96.jpg', 'medium': 'https://randomuser.me/api/portraits/med/men/96.jpg', 'thumbnail': 'https://randomuser.me/api/portraits/thumb/men/96.jpg'}, 'nat': 'AU'}</msg>
<arg>${json_data['results'][0]}</arg>
<doc>Logs the given message with the given level.</doc>
<status status="PASS" start="2024-07-03T21:14:53.898488" elapsed="0.000532"/>
</kw>
<kw name="Log" owner="BuiltIn">
<msg time="2024-07-03T21:14:53.899543" level="INFO">email</msg>
<arg>${key}</arg>
<doc>Logs the given message with the given level.</doc>
<status status="PASS" start="2024-07-03T21:14:53.899388" elapsed="0.000205"/>
</kw>
<var name="${key}">email</var>
<status status="PASS" start="2024-07-03T21:14:53.897515" elapsed="0.002362"/>
</iter>
<iter>
<kw name="Dictionary Should Contain Key" owner="Collections">
<arg>${json_data['results'][0]}</arg>
<arg>${key}</arg>
<doc>Fails if ``key`` is not found from ``dictionary``.</doc>
<status status="PASS" start="2024-07-03T21:14:53.900277" elapsed="0.000519"/>
</kw>
<kw name="Log" owner="BuiltIn">
<msg time="2024-07-03T21:14:53.901400" level="INFO">{'gender': 'male', 'name': {'title': 'Mr', 'first': 'Steve', 'last': 'Neal'}, 'location': {'street': {'number': 1589, 'name': 'Avondale Ave'}, 'city': 'Townsville', 'state': 'New South Wales', 'country': 'Australia', 'postcode': 4573, 'coordinates': {'latitude': '-89.3628', 'longitude': '-131.4626'}, 'timezone': {'offset': '-8:00', 'description': 'Pacific Time (US &amp; Canada)'}}, 'email': 'steve.neal@example.com', 'login': {'uuid': 'ea220d27-8865-4f6d-aa58-dcaf714ce458', 'username': 'goldenlion851', 'password': 'peter1', 'salt': 'FHzw7x14', 'md5': '7098cfb4c9f7bea0bbc302e38cdd10f0', 'sha1': '695048e13f659af0eed19bf198ee16934c6fc1ad', 'sha256': '0d4bfe662b79e4980927d5d1cb670624bdd8f0fb55b9c4a17fb5413e3e523291'}, 'dob': {'date': '1988-05-21T04:18:05.871Z', 'age': 36}, 'registered': {'date': '2015-12-26T06:33:38.172Z', 'age': 8}, 'phone': '04-1379-2354', 'cell': '0494-000-621', 'id': {'name': 'TFN', 'value': '783668972'}, 'picture': {'large': 'https://randomuser.me/api/portraits/men/96.jpg', 'medium': 'https://randomuser.me/api/portraits/med/men/96.jpg', 'thumbnail': 'https://randomuser.me/api/portraits/thumb/men/96.jpg'}, 'nat': 'AU'}</msg>
<arg>${json_data['results'][0]}</arg>
<doc>Logs the given message with the given level.</doc>
<status status="PASS" start="2024-07-03T21:14:53.901033" elapsed="0.000418"/>
</kw>
<kw name="Log" owner="BuiltIn">
<msg time="2024-07-03T21:14:53.901875" level="INFO">login</msg>
<arg>${key}</arg>
<doc>Logs the given message with the given level.</doc>
<status status="PASS" start="2024-07-03T21:14:53.901746" elapsed="0.000167"/>
</kw>
<var name="${key}">login</var>
<status status="PASS" start="2024-07-03T21:14:53.900100" elapsed="0.002138"/>
</iter>
<var>${key}</var>
<value>@{expected_keys}</value>
<status status="PASS" start="2024-07-03T21:14:53.891165" elapsed="0.011248"/>
</for>
<kw name="Create List" owner="BuiltIn">
<msg time="2024-07-03T21:14:53.902908" level="INFO">${expected_keysTwo} = ['username', 'password']</msg>
<var>${expected_keysTwo}</var>
<arg>username</arg>
<arg>password</arg>
<doc>Returns a list containing given items.</doc>
<status status="PASS" start="2024-07-03T21:14:53.902700" elapsed="0.000283"/>
</kw>
<for flavor="IN">
<iter>
<kw name="Dictionary Should Contain Key" owner="Collections">
<arg>${json_data['results'][0]['login']}</arg>
<arg>${keyTwo}</arg>
<doc>Fails if ``key`` is not found from ``dictionary``.</doc>
<status status="PASS" start="2024-07-03T21:14:53.903535" elapsed="0.000389"/>
</kw>
<kw name="Dictionary Should Contain Key" owner="Collections">
<arg>${json_data['results'][0]['login']}</arg>
<arg>${keyTwo}</arg>
<doc>Fails if ``key`` is not found from ``dictionary``.</doc>
<status status="PASS" start="2024-07-03T21:14:53.904108" elapsed="0.000417"/>
</kw>
<kw name="Log" owner="BuiltIn">
<msg time="2024-07-03T21:14:53.904837" level="INFO">username</msg>
<arg>${keyTwo}</arg>
<doc>Logs the given message with the given level.</doc>
<status status="PASS" start="2024-07-03T21:14:53.904714" elapsed="0.000162"/>
</kw>
<var name="${keyTwo}">username</var>
<status status="PASS" start="2024-07-03T21:14:53.903424" elapsed="0.001678"/>
</iter>
<iter>
<kw name="Dictionary Should Contain Key" owner="Collections">
<arg>${json_data['results'][0]['login']}</arg>
<arg>${keyTwo}</arg>
<doc>Fails if ``key`` is not found from ``dictionary``.</doc>
<status status="PASS" start="2024-07-03T21:14:53.905382" elapsed="0.000393"/>
</kw>
<kw name="Dictionary Should Contain Key" owner="Collections">
<arg>${json_data['results'][0]['login']}</arg>
<arg>${keyTwo}</arg>
<doc>Fails if ``key`` is not found from ``dictionary``.</doc>
<status status="PASS" start="2024-07-03T21:14:53.905952" elapsed="0.000371"/>
</kw>
<kw name="Log" owner="BuiltIn">
<msg time="2024-07-03T21:14:53.906622" level="INFO">password</msg>
<arg>${keyTwo}</arg>
<doc>Logs the given message with the given level.</doc>
<status status="PASS" start="2024-07-03T21:14:53.906502" elapsed="0.000163"/>
</kw>
<var name="${keyTwo}">password</var>
<status status="PASS" start="2024-07-03T21:14:53.905274" elapsed="0.001718"/>
</iter>
<var>${keyTwo}</var>
<value>@{expected_keysTwo}</value>
<status status="PASS" start="2024-07-03T21:14:53.903260" elapsed="0.003854"/>
</for>
<status status="PASS" start="2024-07-03T21:14:53.793254" elapsed="0.114005"/>
</kw>
<doc>Testa a estrutura da resposta da API.</doc>
<tag>testeEstruturaResposta</tag>
<status status="PASS" start="2024-07-03T21:14:53.792628" elapsed="0.114791"/>
</test>
<test id="s1-s1-t4" name="Validar tipos de dados" line="28">
<kw name="Teste de Tipos de Dados" owner="random-user-service">
<kw name="GET On Session" owner="RequestsLibrary">
<msg time="2024-07-03T21:14:53.981363" level="INFO">GET Request : url=https://randomuser.me/api 
 path_url=/api 
 headers={'User-Agent': 'python-requests/2.32.3', 'Accept-Encoding': 'gzip, deflate', 'Accept': '*/*', 'Connection': 'keep-alive'} 
 body=None 
 </msg>
<msg time="2024-07-03T21:14:53.981467" level="INFO">GET Response : url=https://randomuser.me/api 
 status=200, reason=OK 
 headers={'Date': 'Wed, 03 Jul 2024 21:14:53 GMT', 'Content-Type': 'application/json; charset=utf-8', 'Transfer-Encoding': 'chunked', 'Connection': 'keep-alive', 'X-Powered-By': 'Express', 'Access-Control-Allow-Origin': '*', 'Cache-Control': 'no-cache', 'ETag': 'W/"46d-/lV2Urhb+2nE6scFB5g96WQC3RI"', 'Vary': 'Accept-Encoding', 'Content-Encoding': 'gzip', 'CF-Cache-Status': 'DYNAMIC', 'Report-To': '{"endpoints":[{"url":"https:\\/\\/a.nel.cloudflare.com\\/report\\/v4?s=QM5MtuvTnwtHUYwVYwwjtrORY0Jevro7Nl%2FwyZLqgQ5U8JEfcg3loqubd8q%2BdmanGEVUY1zZ2NKFs6nrKUAdLeTwgI4a0mRRhOl0sk%2FnGoK3BId02%2Bm6rUoNCWYritUF"}],"group":"cf-nel","max_age":604800}', 'NEL': '{"success_fraction":0,"report_to":"cf-nel","max_age":604800}', 'Server': 'cloudflare', 'CF-RAY': '89d9e346f8f2062b-IAD', 'alt-svc': 'h3=":443"; ma=86400'} 
 body={"results":[{"gender":"male","name":{"title":"Mr","first":"Nathan","last":"Chow"},"location":{"street":{"number":6250,"name":"St. Catherine St"},"city":"Lafontaine","state":"Manitoba","country":"Canada","postcode":"J0B 9K6","coordinates":{"latitude":"-65.7097","longitude":"-134.0004"},"timezone":{"offset":"+3:30","description":"Tehran"}},"email":"nathan.chow@example.com","login":{"uuid":"a39ad824-3d72-49e4-8112-8c293132fc07","username":"bigdog569","password":"bear","salt":"mZBjJ3pa","md5":"f8f7f50d78bab84042087264856239a6","sha1":"aff1bf83515ff467ecc8a88cdab0d9343634f2cf","sha256":"10647130fb5c98060f097e11e6ddccc6e73c33cf0c73d31cf1b5b2c4a82c1eba"},"dob":{"date":"1988-01-19T09:27:58.574Z","age":36},"registered":{"date":"2005-10-27T09:12:32.003Z","age":18},"phone":"F12 D97-0449","cell":"J88 R37-2534","id":{"name":"SIN","value":"734957004"},"picture":{"large":"https://randomuser.me/api/portraits/men/58.jpg","medium":"https://randomuser.me/api/portraits/med/men/58.jpg","thumbnail":"https://randomuser.me/api/portraits/thumb/men/58.jpg"},"nat":"CA"}],"info":{"seed":"db923d8f2e1f5fd7","results":1,"page":1,"version":"1.4"}} 
 </msg>
<msg time="2024-07-03T21:14:53.981543" level="INFO">/opt/hostedtoolcache/Python/3.12.4/x64/lib/python3.12/site-packages/urllib3/connectionpool.py:1099: InsecureRequestWarning: Unverified HTTPS request is being made to host 'randomuser.me'. Adding certificate verification is strongly advised. See: https://urllib3.readthedocs.io/en/latest/advanced-usage.html#tls-warnings
  warnings.warn(</msg>
<msg time="2024-07-03T21:14:53.981681" level="INFO">${response} = &lt;Response [200]&gt;</msg>
<var>${response}</var>
<arg>consultarAPI</arg>
<arg>/api</arg>
<doc>Sends a GET request on a previously created HTTP Session.</doc>
<status status="PASS" start="2024-07-03T21:14:53.910058" elapsed="0.071663"/>
</kw>
<kw name="Set Variable" owner="BuiltIn">
<msg time="2024-07-03T21:14:53.982952" level="INFO">${json_data} = {'results': [{'gender': 'male', 'name': {'title': 'Mr', 'first': 'Nathan', 'last': 'Chow'}, 'location': {'street': {'number': 6250, 'name': 'St. Catherine St'}, 'city': 'Lafontaine', 'state': 'Manitob...</msg>
<var>${json_data}</var>
<arg>${response.json()}</arg>
<doc>Returns the given values which can then be assigned to a variables.</doc>
<status status="PASS" start="2024-07-03T21:14:53.982380" elapsed="0.000602"/>
</kw>
<kw name="Log" owner="BuiltIn">
<msg time="2024-07-03T21:14:53.983466" level="INFO">{'results': [{'gender': 'male', 'name': {'title': 'Mr', 'first': 'Nathan', 'last': 'Chow'}, 'location': {'street': {'number': 6250, 'name': 'St. Catherine St'}, 'city': 'Lafontaine', 'state': 'Manitoba', 'country': 'Canada', 'postcode': 'J0B 9K6', 'coordinates': {'latitude': '-65.7097', 'longitude': '-134.0004'}, 'timezone': {'offset': '+3:30', 'description': 'Tehran'}}, 'email': 'nathan.chow@example.com', 'login': {'uuid': 'a39ad824-3d72-49e4-8112-8c293132fc07', 'username': 'bigdog569', 'password': 'bear', 'salt': 'mZBjJ3pa', 'md5': 'f8f7f50d78bab84042087264856239a6', 'sha1': 'aff1bf83515ff467ecc8a88cdab0d9343634f2cf', 'sha256': '10647130fb5c98060f097e11e6ddccc6e73c33cf0c73d31cf1b5b2c4a82c1eba'}, 'dob': {'date': '1988-01-19T09:27:58.574Z', 'age': 36}, 'registered': {'date': '2005-10-27T09:12:32.003Z', 'age': 18}, 'phone': 'F12 D97-0449', 'cell': 'J88 R37-2534', 'id': {'name': 'SIN', 'value': '734957004'}, 'picture': {'large': 'https://randomuser.me/api/portraits/men/58.jpg', 'medium': 'https://randomuser.me/api/portraits/med/men/58.jpg', 'thumbnail': 'https://randomuser.me/api/portraits/thumb/men/58.jpg'}, 'nat': 'CA'}], 'info': {'seed': 'db923d8f2e1f5fd7', 'results': 1, 'page': 1, 'version': '1.4'}}</msg>
<arg>${json_data}</arg>
<doc>Logs the given message with the given level.</doc>
<status status="PASS" start="2024-07-03T21:14:53.983300" elapsed="0.000215"/>
</kw>
<kw name="Should Be String" owner="String">
<arg>${json_data['results'][0]['gender']}</arg>
<doc>Fails if the given ``item`` is not a string.</doc>
<status status="PASS" start="2024-07-03T21:14:53.983804" elapsed="0.000367"/>
</kw>
<kw name="Should Match Regexp" owner="BuiltIn">
<arg>${json_data['results'][0]['email']}</arg>
<arg>^[a-zA-Z0-9._%+-]+@[a-zA-Z0-9.-]+\.[a-zA-Z]{2,}$</arg>
<doc>Fails if ``string`` does not match ``pattern`` as a regular expression.</doc>
<status status="PASS" start="2024-07-03T21:14:53.984405" elapsed="0.000524"/>
</kw>
<kw name="Should Match Regexp" owner="BuiltIn">
<arg>${json_data['results'][0]['dob']['date']}</arg>
<arg>\\d{4}-\\d{2}-\\d{2}T\\d{2}:\\d{2}:\\d{2}\\.\\d{3}Z</arg>
<doc>Fails if ``string`` does not match ``pattern`` as a regular expression.</doc>
<status status="PASS" start="2024-07-03T21:14:53.985167" elapsed="0.000504"/>
</kw>
<kw name="Should Match Regexp" owner="BuiltIn">
<arg>${json_data['results'][0]['registered']['date']}</arg>
<arg>\\d{4}-\\d{2}-\\d{2}T\\d{2}:\\d{2}:\\d{2}\\.\\d{3}Z</arg>
<doc>Fails if ``string`` does not match ``pattern`` as a regular expression.</doc>
<status status="PASS" start="2024-07-03T21:14:53.985860" elapsed="0.000363"/>
</kw>
<kw name="Should Match Regexp" owner="BuiltIn">
<arg>${json_data['results'][0]['picture']['large']}</arg>
<arg>^https?://.*\.(?:png|jpe?g|gif|bmp)$</arg>
<doc>Fails if ``string`` does not match ``pattern`` as a regular expression.</doc>
<status status="PASS" start="2024-07-03T21:14:53.986404" elapsed="0.000455"/>
</kw>
<kw name="Should Match Regexp" owner="BuiltIn">
<arg>${json_data['results'][0]['picture']['medium']}</arg>
<arg>^https?://.*\.(?:png|jpe?g|gif|bmp)$</arg>
<doc>Fails if ``string`` does not match ``pattern`` as a regular expression.</doc>
<status status="PASS" start="2024-07-03T21:14:53.987043" elapsed="0.000352"/>
</kw>
<kw name="Should Match Regexp" owner="BuiltIn">
<arg>${json_data['results'][0]['picture']['thumbnail']}</arg>
<arg>^https?://.*\.(?:png|jpe?g|gif|bmp)$</arg>
<doc>Fails if ``string`` does not match ``pattern`` as a regular expression.</doc>
<status status="PASS" start="2024-07-03T21:14:53.987575" elapsed="0.000345"/>
</kw>
<kw name="Log" owner="BuiltIn">
<msg time="2024-07-03T21:14:53.988471" level="INFO">{'large': 'https://randomuser.me/api/portraits/men/58.jpg', 'medium': 'https://randomuser.me/api/portraits/med/men/58.jpg', 'thumbnail': 'https://randomuser.me/api/portraits/thumb/men/58.jpg'}</msg>
<arg>${json_data['results'][0]['picture']}</arg>
<doc>Logs the given message with the given level.</doc>
<status status="PASS" start="2024-07-03T21:14:53.988106" elapsed="0.000410"/>
</kw>
<status status="PASS" start="2024-07-03T21:14:53.909819" elapsed="0.078969"/>
</kw>
<kw name="Teste de Tipos de Dados - Postcode" owner="random-user-service">
<kw name="GET On Session" owner="RequestsLibrary">
<msg time="2024-07-03T21:14:54.085913" level="INFO">GET Request : url=https://randomuser.me/api 
 path_url=/api 
 headers={'User-Agent': 'python-requests/2.32.3', 'Accept-Encoding': 'gzip, deflate', 'Accept': '*/*', 'Connection': 'keep-alive'} 
 body=None 
 </msg>
<msg time="2024-07-03T21:14:54.086032" level="INFO">GET Response : url=https://randomuser.me/api 
 status=200, reason=OK 
 headers={'Date': 'Wed, 03 Jul 2024 21:14:54 GMT', 'Content-Type': 'application/json; charset=utf-8', 'Transfer-Encoding': 'chunked', 'Connection': 'keep-alive', 'X-Powered-By': 'Express', 'Access-Control-Allow-Origin': '*', 'Cache-Control': 'no-cache', 'ETag': 'W/"491-VIR9HuHBLGwztAcYWDZP5aL+3oM"', 'Vary': 'Accept-Encoding', 'Content-Encoding': 'gzip', 'CF-Cache-Status': 'DYNAMIC', 'Report-To': '{"endpoints":[{"url":"https:\\/\\/a.nel.cloudflare.com\\/report\\/v4?s=V7wdPL8cHH9PocEOwnKylEzVn1d2PAm6pob%2FzlAUR8k51vNTjR2F4ngZpmyXk1VprtYUYZ4atIwm2EvCbYJMo9KAt6pi%2BKTim3dAyoq5OGfgih1DImB22xoEuwJUXMQF"}],"group":"cf-nel","max_age":604800}', 'NEL': '{"success_fraction":0,"report_to":"cf-nel","max_age":604800}', 'Server': 'cloudflare', 'CF-RAY': '89d9e3477941062b-IAD', 'alt-svc': 'h3=":443"; ma=86400'} 
 body={"results":[{"gender":"male","name":{"title":"Mr","first":"Allan","last":"Hunt"},"location":{"street":{"number":2070,"name":"Hogan St"},"city":"Launceston","state":"Northern Territory","country":"Australia","postcode":6648,"coordinates":{"latitude":"-84.5697","longitude":"-79.3940"},"timezone":{"offset":"-6:00","description":"Central Time (US &amp; Canada), Mexico City"}},"email":"allan.hunt@example.com","login":{"uuid":"07336844-b7f6-4243-a895-a6bc5a146bfe","username":"organicfrog705","password":"kansas","salt":"TC9Alsn6","md5":"b5ce19fd88df2230b874fcb9b50e114b","sha1":"ecbc17aeb4d6e650617e31cb407ba85a21c5a144","sha256":"a26d1cd476d9b00434b76d860b06159ddd31b6aeafabe648f0a6fcc1124d9fbb"},"dob":{"date":"1968-01-31T11:14:14.348Z","age":56},"registered":{"date":"2016-10-05T07:20:58.049Z","age":7},"phone":"03-6024-7999","cell":"0485-847-344","id":{"name":"TFN","value":"894100757"},"picture":{"large":"https://randomuser.me/api/portraits/men/77.jpg","medium":"https://randomuser.me/api/portraits/med/men/77.jpg","thumbnail":"https://randomuser.me/api/portraits/thumb/men/77.jpg"},"nat":"AU"}],"info":{"seed":"2826c2031012be4e","results":1,"page":1,"version":"1.4"}} 
 </msg>
<msg time="2024-07-03T21:14:54.086122" level="INFO">/opt/hostedtoolcache/Python/3.12.4/x64/lib/python3.12/site-packages/urllib3/connectionpool.py:1099: InsecureRequestWarning: Unverified HTTPS request is being made to host 'randomuser.me'. Adding certificate verification is strongly advised. See: https://urllib3.readthedocs.io/en/latest/advanced-usage.html#tls-warnings
  warnings.warn(</msg>
<msg time="2024-07-03T21:14:54.086289" level="INFO">${response} = &lt;Response [200]&gt;</msg>
<var>${response}</var>
<arg>consultarAPI</arg>
<arg>/api</arg>
<doc>Sends a GET request on a previously created HTTP Session.</doc>
<status status="PASS" start="2024-07-03T21:14:53.989256" elapsed="0.097084"/>
</kw>
<kw name="Set Variable" owner="BuiltIn">
<msg time="2024-07-03T21:14:54.087596" level="INFO">${json_data} = {'results': [{'gender': 'male', 'name': {'title': 'Mr', 'first': 'Allan', 'last': 'Hunt'}, 'location': {'street': {'number': 2070, 'name': 'Hogan St'}, 'city': 'Launceston', 'state': 'Northern Territo...</msg>
<var>${json_data}</var>
<arg>${response.json()}</arg>
<doc>Returns the given values which can then be assigned to a variables.</doc>
<status status="PASS" start="2024-07-03T21:14:54.087031" elapsed="0.000594"/>
</kw>
<kw name="Log" owner="BuiltIn">
<msg time="2024-07-03T21:14:54.088116" level="INFO">{'results': [{'gender': 'male', 'name': {'title': 'Mr', 'first': 'Allan', 'last': 'Hunt'}, 'location': {'street': {'number': 2070, 'name': 'Hogan St'}, 'city': 'Launceston', 'state': 'Northern Territory', 'country': 'Australia', 'postcode': 6648, 'coordinates': {'latitude': '-84.5697', 'longitude': '-79.3940'}, 'timezone': {'offset': '-6:00', 'description': 'Central Time (US &amp; Canada), Mexico City'}}, 'email': 'allan.hunt@example.com', 'login': {'uuid': '07336844-b7f6-4243-a895-a6bc5a146bfe', 'username': 'organicfrog705', 'password': 'kansas', 'salt': 'TC9Alsn6', 'md5': 'b5ce19fd88df2230b874fcb9b50e114b', 'sha1': 'ecbc17aeb4d6e650617e31cb407ba85a21c5a144', 'sha256': 'a26d1cd476d9b00434b76d860b06159ddd31b6aeafabe648f0a6fcc1124d9fbb'}, 'dob': {'date': '1968-01-31T11:14:14.348Z', 'age': 56}, 'registered': {'date': '2016-10-05T07:20:58.049Z', 'age': 7}, 'phone': '03-6024-7999', 'cell': '0485-847-344', 'id': {'name': 'TFN', 'value': '894100757'}, 'picture': {'large': 'https://randomuser.me/api/portraits/men/77.jpg', 'medium': 'https://randomuser.me/api/portraits/med/men/77.jpg', 'thumbnail': 'https://randomuser.me/api/portraits/thumb/men/77.jpg'}, 'nat': 'AU'}], 'info': {'seed': '2826c2031012be4e', 'results': 1, 'page': 1, 'version': '1.4'}}</msg>
<arg>${json_data}</arg>
<doc>Logs the given message with the given level.</doc>
<status status="PASS" start="2024-07-03T21:14:54.087958" elapsed="0.000208"/>
</kw>
<kw name="Should Be Equal As Numbers" owner="BuiltIn">
<arg>${json_data['results'][0]['location']['postcode']}</arg>
<arg>${json_data['results'][0]['location']['postcode']}</arg>
<doc>Fails if objects are unequal after converting them to real numbers.</doc>
<status status="PASS" start="2024-07-03T21:14:54.088507" elapsed="0.000634"/>
</kw>
<kw name="Log" owner="BuiltIn">
<msg time="2024-07-03T21:14:54.089853" level="INFO">6648</msg>
<arg>${json_data['results'][0]['location']['postcode']}</arg>
<doc>Logs the given message with the given level.</doc>
<status status="PASS" start="2024-07-03T21:14:54.089331" elapsed="0.000564"/>
</kw>
<status status="PASS" start="2024-07-03T21:14:53.989022" elapsed="0.101176"/>
</kw>
<doc>Testa se os tipos de dados na resposta da API estão corretos.</doc>
<tag>testeTiposDados</tag>
<status status="PASS" start="2024-07-03T21:14:53.909250" elapsed="0.181120"/>
</test>
<test id="s1-s1-t5" name="Validar conteudo" line="35">
<kw name="Teste de Tipos de Conteudo" owner="random-user-service">
<kw name="GET On Session" owner="RequestsLibrary">
<msg time="2024-07-03T21:14:54.183927" level="INFO">GET Request : url=https://randomuser.me/api 
 path_url=/api 
 headers={'User-Agent': 'python-requests/2.32.3', 'Accept-Encoding': 'gzip, deflate', 'Accept': '*/*', 'Connection': 'keep-alive'} 
 body=None 
 </msg>
<msg time="2024-07-03T21:14:54.184028" level="INFO">GET Response : url=https://randomuser.me/api 
 status=200, reason=OK 
 headers={'Date': 'Wed, 03 Jul 2024 21:14:54 GMT', 'Content-Type': 'application/json; charset=utf-8', 'Transfer-Encoding': 'chunked', 'Connection': 'keep-alive', 'X-Powered-By': 'Express', 'Access-Control-Allow-Origin': '*', 'Cache-Control': 'no-cache', 'ETag': 'W/"46c-irExoeQudcB5gLVg2MXoBXQIsCg"', 'Vary': 'Accept-Encoding', 'Content-Encoding': 'gzip', 'CF-Cache-Status': 'DYNAMIC', 'Report-To': '{"endpoints":[{"url":"https:\\/\\/a.nel.cloudflare.com\\/report\\/v4?s=73IdoSIDbyVfvBhG1nH%2BqkQXr%2BtB6dwyJbV8RjyLdRE59R1o5tAJNIOYjudVYR6Ls1QhYk%2FTXZF6%2FF7oEIXqo3rZ4RiAeB8M0eEZ%2BsyNYzmZbvGhwNdr8KV%2FFWGyY%2BZz"}],"group":"cf-nel","max_age":604800}', 'NEL': '{"success_fraction":0,"report_to":"cf-nel","max_age":604800}', 'Server': 'cloudflare', 'CF-RAY': '89d9e34819bf062b-IAD', 'alt-svc': 'h3=":443"; ma=86400'} 
 body={"results":[{"gender":"male","name":{"title":"Mr","first":"Samuel","last":"Romero"},"location":{"street":{"number":2326,"name":"Calle de Tetuán"},"city":"Almería","state":"Asturias","country":"Spain","postcode":71422,"coordinates":{"latitude":"-30.5898","longitude":"-164.6743"},"timezone":{"offset":"-9:00","description":"Alaska"}},"email":"samuel.romero@example.com","login":{"uuid":"ec13a12a-57af-4ee6-94b6-764b726b67a5","username":"sadgoose511","password":"danni","salt":"wBN844zJ","md5":"c9190d6764024f2592b5cd3e267b785f","sha1":"75486f6028e8f19c24942ab7f4d893004eccd4c8","sha256":"ac9274a8db3857cc8256a0a0dff200eadcb73004e98ae396602a87d73b6d62ff"},"dob":{"date":"1968-06-29T12:16:12.889Z","age":56},"registered":{"date":"2007-09-25T00:59:30.962Z","age":16},"phone":"941-373-463","cell":"657-358-535","id":{"name":"DNI","value":"50125364-C"},"picture":{"large":"https://randomuser.me/api/portraits/men/73.jpg","medium":"https://randomuser.me/api/portraits/med/men/73.jpg","thumbnail":"https://randomuser.me/api/portraits/thumb/men/73.jpg"},"nat":"ES"}],"info":{"seed":"1cf614b3797bea15","results":1,"page":1,"version":"1.4"}} 
 </msg>
<msg time="2024-07-03T21:14:54.184100" level="INFO">/opt/hostedtoolcache/Python/3.12.4/x64/lib/python3.12/site-packages/urllib3/connectionpool.py:1099: InsecureRequestWarning: Unverified HTTPS request is being made to host 'randomuser.me'. Adding certificate verification is strongly advised. See: https://urllib3.readthedocs.io/en/latest/advanced-usage.html#tls-warnings
  warnings.warn(</msg>
<msg time="2024-07-03T21:14:54.184225" level="INFO">${response} = &lt;Response [200]&gt;</msg>
<var>${response}</var>
<arg>consultarAPI</arg>
<arg>/api</arg>
<doc>Sends a GET request on a previously created HTTP Session.</doc>
<status status="PASS" start="2024-07-03T21:14:54.092982" elapsed="0.091307"/>
</kw>
<kw name="Set Variable" owner="BuiltIn">
<msg time="2024-07-03T21:14:54.185499" level="INFO">${json_data} = {'results': [{'gender': 'male', 'name': {'title': 'Mr', 'first': 'Samuel', 'last': 'Romero'}, 'location': {'street': {'number': 2326, 'name': 'Calle de Tetuán'}, 'city': 'Almería', 'state': 'Asturias'...</msg>
<var>${json_data}</var>
<arg>${response.json()}</arg>
<doc>Returns the given values which can then be assigned to a variables.</doc>
<status status="PASS" start="2024-07-03T21:14:54.184937" elapsed="0.000591"/>
</kw>
<kw name="Set Variable" owner="BuiltIn">
<msg time="2024-07-03T21:14:54.186219" level="INFO">${name_title} = Mr</msg>
<var>${name_title}</var>
<arg>${json_data["results"][0]["name"]["title"]}</arg>
<doc>Returns the given values which can then be assigned to a variables.</doc>
<status status="PASS" start="2024-07-03T21:14:54.185839" elapsed="0.000405"/>
</kw>
<kw name="Create List" owner="BuiltIn">
<msg time="2024-07-03T21:14:54.186683" level="INFO">${allowed_titles} = ['Mr', 'Ms', 'Miss', 'Mrs', 'Madame', 'Monsieur']</msg>
<var>${allowed_titles}</var>
<arg>Mr</arg>
<arg>Ms</arg>
<arg>Miss</arg>
<arg>Mrs</arg>
<arg>Madame</arg>
<arg>Monsieur</arg>
<doc>Returns a list containing given items.</doc>
<status status="PASS" start="2024-07-03T21:14:54.186535" elapsed="0.000172"/>
</kw>
<kw name="List Should Contain Value" owner="Collections">
<arg>${allowed_titles}</arg>
<arg>${name_title}</arg>
<doc>Fails if the ``value`` is not found from ``list``.</doc>
<status status="PASS" start="2024-07-03T21:14:54.187012" elapsed="0.000175"/>
</kw>
<kw name="Set Variable" owner="BuiltIn">
<msg time="2024-07-03T21:14:54.187730" level="INFO">${name_country} = ES</msg>
<var>${name_country}</var>
<arg>${json_data["results"][0]["nat"]}</arg>
<doc>Returns the given values which can then be assigned to a variables.</doc>
<status status="PASS" start="2024-07-03T21:14:54.187370" elapsed="0.000384"/>
</kw>
<kw name="Create List" owner="BuiltIn">
<msg time="2024-07-03T21:14:54.188674" level="INFO">${list_country} = ['AD', 'AE', 'AF', 'AG', 'AI', 'AL', 'AM', 'AO', 'AQ', 'AR', 'AS', 'AT', 'AU', 'AW', 'AX', 'AZ', 'BA', 'BB', 'BD', 'BE', 'BF', 'BG', 'BH', 'BI', 'BJ', 'BL', 'BM', 'BN', 'BO', 'BQ', 'BR', 'BS', 'BT', '...</msg>
<var>${list_country}</var>
<arg>AD</arg>
<arg>AE</arg>
<arg>AF</arg>
<arg>AG</arg>
<arg>AI</arg>
<arg>AL</arg>
<arg>AM</arg>
<arg>AO</arg>
<arg>AQ</arg>
<arg>AR</arg>
<arg>AS</arg>
<arg>AT</arg>
<arg>AU</arg>
<arg>AW</arg>
<arg>AX</arg>
<arg>AZ</arg>
<arg>BA</arg>
<arg>BB</arg>
<arg>BD</arg>
<arg>BE</arg>
<arg>BF</arg>
<arg>BG</arg>
<arg>BH</arg>
<arg>BI</arg>
<arg>BJ</arg>
<arg>BL</arg>
<arg>BM</arg>
<arg>BN</arg>
<arg>BO</arg>
<arg>BQ</arg>
<arg>BR</arg>
<arg>BS</arg>
<arg>BT</arg>
<arg>BV</arg>
<arg>BW</arg>
<arg>BY</arg>
<arg>BZ</arg>
<arg>CA</arg>
<arg>CC</arg>
<arg>CD</arg>
<arg>CF</arg>
<arg>CG</arg>
<arg>CH</arg>
<arg>CI</arg>
<arg>CK</arg>
<arg>CL</arg>
<arg>CM</arg>
<arg>CN</arg>
<arg>CO</arg>
<arg>CR</arg>
<arg>CU</arg>
<arg>CV</arg>
<arg>CW</arg>
<arg>CX</arg>
<arg>CY</arg>
<arg>CZ</arg>
<arg>DE</arg>
<arg>DJ</arg>
<arg>DK</arg>
<arg>DM</arg>
<arg>DO</arg>
<arg>DZ</arg>
<arg>EC</arg>
<arg>EE</arg>
<arg>EG</arg>
<arg>EH</arg>
<arg>ER</arg>
<arg>ES</arg>
<arg>ET</arg>
<arg>FI</arg>
<arg>FJ</arg>
<arg>FK</arg>
<arg>FM</arg>
<arg>FO</arg>
<arg>FR</arg>
<arg>GA</arg>
<arg>GB</arg>
<arg>GD</arg>
<arg>GE</arg>
<arg>GF</arg>
<arg>GG</arg>
<arg>GH</arg>
<arg>GI</arg>
<arg>GL</arg>
<arg>GM</arg>
<arg>GN</arg>
<arg>GP</arg>
<arg>GQ</arg>
<arg>GR</arg>
<arg>GS</arg>
<arg>GT</arg>
<arg>GU</arg>
<arg>GW</arg>
<arg>GY</arg>
<arg>HK</arg>
<arg>HM</arg>
<arg>HN</arg>
<arg>HR</arg>
<arg>HT</arg>
<arg>HU</arg>
<arg>ID</arg>
<arg>IE</arg>
<arg>IL</arg>
<arg>IM</arg>
<arg>IN</arg>
<arg>IO</arg>
<arg>IQ</arg>
<arg>IR</arg>
<arg>IS</arg>
<arg>IT</arg>
<arg>JE</arg>
<arg>JM</arg>
<arg>JO</arg>
<arg>JP</arg>
<arg>KE</arg>
<arg>KG</arg>
<arg>KH</arg>
<arg>KI</arg>
<arg>KM</arg>
<arg>KN</arg>
<arg>KP</arg>
<arg>KR</arg>
<arg>KW</arg>
<arg>KY</arg>
<arg>KZ</arg>
<arg>LA</arg>
<arg>LB</arg>
<arg>LC</arg>
<arg>LI</arg>
<arg>LK</arg>
<arg>LR</arg>
<arg>LS</arg>
<arg>LT</arg>
<arg>LU</arg>
<arg>LV</arg>
<arg>LY</arg>
<arg>MA</arg>
<arg>MC</arg>
<arg>MD</arg>
<arg>ME</arg>
<arg>MF</arg>
<arg>MG</arg>
<arg>MH</arg>
<arg>MK</arg>
<arg>ML</arg>
<arg>MM</arg>
<arg>MN</arg>
<arg>MO</arg>
<arg>MP</arg>
<arg>MQ</arg>
<arg>MR</arg>
<arg>MS</arg>
<arg>MT</arg>
<arg>MU</arg>
<arg>MV</arg>
<arg>MW</arg>
<arg>MX</arg>
<arg>MY</arg>
<arg>MZ</arg>
<arg>NA</arg>
<arg>NC</arg>
<arg>NE</arg>
<arg>NF</arg>
<arg>NG</arg>
<arg>NI</arg>
<arg>NL</arg>
<arg>NO</arg>
<arg>NP</arg>
<arg>NR</arg>
<arg>NU</arg>
<arg>NZ</arg>
<arg>OM</arg>
<arg>PA</arg>
<arg>PE</arg>
<arg>PF</arg>
<arg>PG</arg>
<arg>PH</arg>
<arg>PK</arg>
<arg>PL</arg>
<arg>PM</arg>
<arg>PN</arg>
<arg>PR</arg>
<arg>PS</arg>
<arg>PT</arg>
<arg>PW</arg>
<arg>PY</arg>
<arg>QA</arg>
<arg>RE</arg>
<arg>RO</arg>
<arg>RS</arg>
<arg>RU</arg>
<arg>RW</arg>
<arg>SA</arg>
<arg>SB</arg>
<arg>SC</arg>
<arg>SD</arg>
<arg>SE</arg>
<arg>SG</arg>
<arg>SH</arg>
<arg>SI</arg>
<arg>SJ</arg>
<arg>SK</arg>
<arg>SL</arg>
<arg>SM</arg>
<arg>SN</arg>
<arg>SO</arg>
<arg>SR</arg>
<arg>SS</arg>
<arg>ST</arg>
<arg>SV</arg>
<arg>SX</arg>
<arg>SY</arg>
<arg>SZ</arg>
<arg>TC</arg>
<arg>TD</arg>
<arg>TF</arg>
<arg>TG</arg>
<arg>TH</arg>
<arg>TJ</arg>
<arg>TK</arg>
<arg>TL</arg>
<arg>TM</arg>
<arg>TN</arg>
<arg>TO</arg>
<arg>TR</arg>
<arg>TT</arg>
<arg>TV</arg>
<arg>TW</arg>
<arg>TZ</arg>
<arg>UA</arg>
<arg>UG</arg>
<arg>UM</arg>
<arg>US</arg>
<arg>UY</arg>
<arg>UZ</arg>
<arg>VA</arg>
<arg>VC</arg>
<arg>VE</arg>
<arg>VG</arg>
<arg>VI</arg>
<arg>VN</arg>
<arg>VU</arg>
<arg>WF</arg>
<arg>WS</arg>
<arg>XK</arg>
<arg>YE</arg>
<arg>YT</arg>
<arg>ZA</arg>
<arg>ZM</arg>
<arg>ZW</arg>
<doc>Returns a list containing given items.</doc>
<status status="PASS" start="2024-07-03T21:14:54.188042" elapsed="0.000658"/>
</kw>
<kw name="List Should Contain Value" owner="Collections">
<arg>${list_country}</arg>
<arg>${name_country}</arg>
<doc>Fails if the ``value`` is not found from ``list``.</doc>
<status status="PASS" start="2024-07-03T21:14:54.189495" elapsed="0.000198"/>
</kw>
<kw name="Run Keyword If" owner="BuiltIn">
<kw name="Should Be True" owner="BuiltIn">
<arg>${True}</arg>
<doc>Fails if the given condition is not true.</doc>
<status status="PASS" start="2024-07-03T21:14:54.190634" elapsed="0.000150"/>
</kw>
<arg>${json_data["results"][0]["location"]["coordinates"]["latitude"]} &gt;= -90 and ${json_data["results"][0]["location"]["coordinates"]["latitude"]} &lt;= 90</arg>
<arg>Should Be True</arg>
<arg>${True}</arg>
<doc>Runs the given keyword with the given arguments, if ``condition`` is true.</doc>
<status status="PASS" start="2024-07-03T21:14:54.189883" elapsed="0.001022"/>
</kw>
<kw name="Run Keyword If" owner="BuiltIn">
<kw name="Should Be True" owner="BuiltIn">
<arg>${True}</arg>
<doc>Fails if the given condition is not true.</doc>
<status status="PASS" start="2024-07-03T21:14:54.191768" elapsed="0.000240"/>
</kw>
<arg>${json_data["results"][0]["location"]["coordinates"]["longitude"]} &gt;= -180 and ${json_data["results"][0]["location"]["coordinates"]["longitude"]} &lt;= 180</arg>
<arg>Should Be True</arg>
<arg>${True}</arg>
<doc>Runs the given keyword with the given arguments, if ``condition`` is true.</doc>
<status status="PASS" start="2024-07-03T21:14:54.191080" elapsed="0.001054"/>
</kw>
<status status="PASS" start="2024-07-03T21:14:54.092747" elapsed="0.099562"/>
</kw>
<doc>Testa o conteúdo específico dos campos retornados pela API.</doc>
<tag>testeConteudo</tag>
<status status="PASS" start="2024-07-03T21:14:54.092156" elapsed="0.100314"/>
</test>
<status status="PASS" start="2024-07-03T21:14:53.203589" elapsed="0.990846"/>
</suite>
<status status="PASS" start="2024-07-03T21:14:53.188990" elapsed="1.010651"/>
</suite>
<statistics>
<total>
<stat pass="5" fail="0" skip="0">All Tests</stat>
</total>
<tag>
<stat pass="1" fail="0" skip="0">testeConteudo</stat>
<stat pass="1" fail="0" skip="0">testeEstruturaResposta</stat>
<stat pass="1" fail="0" skip="0">testeRequisicaoBasica</stat>
<stat pass="1" fail="0" skip="0">testeTiposDados</stat>
</tag>
<suite>
<stat pass="5" fail="0" skip="0" id="s1" name="Tests">Tests</stat>
<stat pass="5" fail="0" skip="0" id="s1-s1" name="Random-User-Test">Tests.Random-User-Test</stat>
</suite>
</statistics>
<errors>
</errors>
</robot>
