<?xml version="1.0" encoding="UTF-8"?>
<robot generator="Robot 7.0.1 (Python 3.12.4 on linux)" generated="2024-07-06T07:13:05.242481" rpa="false" schemaversion="5">
<suite id="s1" name="Tests" source="/home/runner/work/ApiRandomUser/ApiRandomUser/RamdonUser/tests">
<suite id="s1-s1" name="Random-User-Test" source="/home/runner/work/ApiRandomUser/ApiRandomUser/RamdonUser/tests/random-user-test.robot">
<test id="s1-s1-t1" name="Conectar" line="13">
<kw name="Conectar API" owner="random-user-service">
<kw name="Create Session" owner="RequestsLibrary">
<msg time="2024-07-06T07:13:05.678588" level="INFO">Creating Session using : alias=consultarAPI, url=https://randomuser.me/, headers={},                     cookies={}, auth=None, timeout=None, proxies=None, verify=False,                     debug=0 </msg>
<arg>consultarAPI</arg>
<arg>${URL}</arg>
<doc>Create Session: create a HTTP session to a server</doc>
<status status="PASS" start="2024-07-06T07:13:05.678388" elapsed="0.000373"/>
</kw>
<status status="PASS" start="2024-07-06T07:13:05.677469" elapsed="0.001645"/>
</kw>
<status status="PASS" start="2024-07-06T07:13:05.676934" elapsed="0.002371"/>
</test>
<test id="s1-s1-t2" name="Validar retorno 200 e JSON Válido" line="16">
<kw name="Teste de Requisicao Basica" owner="random-user-service">
<kw name="GET On Session" owner="RequestsLibrary">
<msg time="2024-07-06T07:13:05.743817" level="INFO">GET Request : url=https://randomuser.me/api 
 path_url=/api 
 headers={'User-Agent': 'python-requests/2.32.3', 'Accept-Encoding': 'gzip, deflate', 'Accept': '*/*', 'Connection': 'keep-alive'} 
 body=None 
 </msg>
<msg time="2024-07-06T07:13:05.743924" level="INFO">GET Response : url=https://randomuser.me/api 
 status=200, reason=OK 
 headers={'Date': 'Sat, 06 Jul 2024 07:13:05 GMT', 'Content-Type': 'application/json; charset=utf-8', 'Transfer-Encoding': 'chunked', 'Connection': 'keep-alive', 'X-Powered-By': 'Express', 'Access-Control-Allow-Origin': '*', 'Cache-Control': 'no-cache', 'ETag': 'W/"4a4-5gFB5XDV+zygklJqT4UZ+S+Y19Y"', 'Vary': 'Accept-Encoding', 'Content-Encoding': 'gzip', 'CF-Cache-Status': 'DYNAMIC', 'Report-To': '{"endpoints":[{"url":"https:\\/\\/a.nel.cloudflare.com\\/report\\/v4?s=io52re6OA7sFlXqac6vG0KymZC%2BeCrNsoxsUuOyGKsclzRPFrBAZ0xKdAeyPoFZNjz4V11x3vVQZBZD8GkalP5xKvDQnlL7zpu7fGycUPyDFCsEfRAwJXaWB3EQISO4D"}],"group":"cf-nel","max_age":604800}', 'NEL': '{"success_fraction":0,"report_to":"cf-nel","max_age":604800}', 'Server': 'cloudflare', 'CF-RAY': '89edca4abfc12027-IAD', 'alt-svc': 'h3=":443"; ma=86400'} 
 body={"results":[{"gender":"male","name":{"title":"Mr","first":"Mariano","last":"Domínguez"},"location":{"street":{"number":2681,"name":"Calle de Alberto Aguilera"},"city":"Fuenlabrada","state":"Extremadura","country":"Spain","postcode":84013,"coordinates":{"latitude":"-33.7818","longitude":"-50.5146"},"timezone":{"offset":"+8:00","description":"Beijing, Perth, Singapore, Hong Kong"}},"email":"mariano.dominguez@example.com","login":{"uuid":"b3d444ad-e7e2-41bb-9f71-9f53f04f12b3","username":"heavybird643","password":"warlord","salt":"6B6lgQRg","md5":"31b0c8cfb107fbf08d185360baccaf64","sha1":"8bac44180050b134f17313ed8fca711daa1a9b3d","sha256":"22a09e02a1d2d365274005714d5817a8291f8415168f6374c56d6f81ed0fde83"},"dob":{"date":"1999-07-12T01:58:14.326Z","age":24},"registered":{"date":"2008-11-06T09:45:27.368Z","age":15},"phone":"990-291-172","cell":"661-802-746","id":{"name":"DNI","value":"96106779-S"},"picture":{"large":"https://randomuser.me/api/portraits/men/19.jpg","medium":"https://randomuser.me/api/portraits/med/men/19.jpg","thumbnail":"https://randomuser.me/api/portraits/thumb/men/19.jpg"},"nat":"ES"}],"info":{"seed":"ec19477d4a1707f2","results":1,"page":1,"version":"1.4"}} 
 </msg>
<msg time="2024-07-06T07:13:05.744000" level="INFO">/opt/hostedtoolcache/Python/3.12.4/x64/lib/python3.12/site-packages/urllib3/connectionpool.py:1099: InsecureRequestWarning: Unverified HTTPS request is being made to host 'randomuser.me'. Adding certificate verification is strongly advised. See: https://urllib3.readthedocs.io/en/latest/advanced-usage.html#tls-warnings
  warnings.warn(</msg>
<msg time="2024-07-06T07:13:05.744102" level="INFO">${response} = &lt;Response [200]&gt;</msg>
<var>${response}</var>
<arg>consultarAPI</arg>
<arg>/api</arg>
<doc>Sends a GET request on a previously created HTTP Session.</doc>
<status status="PASS" start="2024-07-06T07:13:05.681908" elapsed="0.062227"/>
</kw>
<kw name="Should Be Equal As Numbers" owner="BuiltIn">
<msg time="2024-07-06T07:13:05.744943" level="INFO">Argument types are:
&lt;class 'int'&gt;
&lt;class 'str'&gt;</msg>
<arg>${response.status_code}</arg>
<arg>200</arg>
<doc>Fails if objects are unequal after converting them to real numbers.</doc>
<status status="PASS" start="2024-07-06T07:13:05.744544" elapsed="0.000462"/>
</kw>
<kw name="Log" owner="BuiltIn">
<msg time="2024-07-06T07:13:05.745699" level="INFO">200</msg>
<arg>${response.status_code}</arg>
<doc>Logs the given message with the given level.</doc>
<status status="PASS" start="2024-07-06T07:13:05.745338" elapsed="0.000404"/>
</kw>
<kw name="Set Variable" owner="BuiltIn">
<msg time="2024-07-06T07:13:05.746485" level="INFO">${json_data} = {'results': [{'gender': 'male', 'name': {'title': 'Mr', 'first': 'Mariano', 'last': 'Domínguez'}, 'location': {'street': {'number': 2681, 'name': 'Calle de Alberto Aguilera'}, 'city': 'Fuenlabrada', '...</msg>
<var>${json_data}</var>
<arg>${response.json()}</arg>
<doc>Returns the given values which can then be assigned to a variables.</doc>
<status status="PASS" start="2024-07-06T07:13:05.746046" elapsed="0.000468"/>
</kw>
<kw name="Dictionary Should Contain Key" owner="Collections">
<arg>${json_data}</arg>
<arg>results</arg>
<doc>Fails if ``key`` is not found from ``dictionary``.</doc>
<status status="PASS" start="2024-07-06T07:13:05.746809" elapsed="0.000166"/>
</kw>
<status status="PASS" start="2024-07-06T07:13:05.681662" elapsed="0.065457"/>
</kw>
<doc>Testa se a API responde corretamente e retorna um objeto JSON válido.</doc>
<tag>testeRequisicaoBasica</tag>
<status status="PASS" start="2024-07-06T07:13:05.681200" elapsed="0.066085"/>
</test>
<test id="s1-s1-t3" name="Validar estrutura de resposta" line="22">
<kw name="Teste de Estrutura de Resposta" owner="random-user-service">
<kw name="GET On Session" owner="RequestsLibrary">
<msg time="2024-07-06T07:13:05.844395" level="INFO">GET Request : url=https://randomuser.me/api 
 path_url=/api 
 headers={'User-Agent': 'python-requests/2.32.3', 'Accept-Encoding': 'gzip, deflate', 'Accept': '*/*', 'Connection': 'keep-alive'} 
 body=None 
 </msg>
<msg time="2024-07-06T07:13:05.844484" level="INFO">GET Response : url=https://randomuser.me/api 
 status=200, reason=OK 
 headers={'Date': 'Sat, 06 Jul 2024 07:13:05 GMT', 'Content-Type': 'application/json; charset=utf-8', 'Transfer-Encoding': 'chunked', 'Connection': 'keep-alive', 'X-Powered-By': 'Express', 'Access-Control-Allow-Origin': '*', 'Cache-Control': 'no-cache', 'ETag': 'W/"481-wpIovUwQ9fm4f9Dhi6q/XDsbAUM"', 'Vary': 'Accept-Encoding', 'Content-Encoding': 'gzip', 'CF-Cache-Status': 'DYNAMIC', 'Report-To': '{"endpoints":[{"url":"https:\\/\\/a.nel.cloudflare.com\\/report\\/v4?s=S4FBxbUOgs7ib4FhsJN3Xd4t%2Fj%2BnOsRmq44e1Dpdt9eomHY8FOykWe%2B95BWZQ6FsXgh93hHq29mzMMRIaKMlA04qvRJilQ05u23qUZi%2FF%2BrL1SM%2BqC5PDVwmezc%2BGkGv"}],"group":"cf-nel","max_age":604800}', 'NEL': '{"success_fraction":0,"report_to":"cf-nel","max_age":604800}', 'Server': 'cloudflare', 'CF-RAY': '89edca4affeb2027-IAD', 'alt-svc': 'h3=":443"; ma=86400'} 
 body={"results":[{"gender":"female","name":{"title":"Miss","first":"Irmgard","last":"Pickel"},"location":{"street":{"number":1928,"name":"Fasanenweg"},"city":"Weißenhorn","state":"Thüringen","country":"Germany","postcode":59953,"coordinates":{"latitude":"-53.4317","longitude":"12.1938"},"timezone":{"offset":"+4:30","description":"Kabul"}},"email":"irmgard.pickel@example.com","login":{"uuid":"7a0a34ff-838d-4363-8262-b45e190f5cca","username":"blackpanda327","password":"goddess","salt":"nFZpAmXi","md5":"75cdfe411b80f8e7c9fe6718acd5a0cf","sha1":"d6c3869cfc90b79e93ee0b199ec757d9597aa737","sha256":"d488769807e654313b9f2278dcfa02d95e29f14467f7539cfc83300cf184f156"},"dob":{"date":"1965-03-24T05:11:27.173Z","age":59},"registered":{"date":"2020-01-06T06:06:29.824Z","age":4},"phone":"0509-3876827","cell":"0174-4475089","id":{"name":"SVNR","value":"55 230365 P 723"},"picture":{"large":"https://randomuser.me/api/portraits/women/10.jpg","medium":"https://randomuser.me/api/portraits/med/women/10.jpg","thumbnail":"https://randomuser.me/api/portraits/thumb/women/10.jpg"},"nat":"DE"}],"info":{"seed":"7881481426487ac8","results":1,"page":1,"version":"1.4"}} 
 </msg>
<msg time="2024-07-06T07:13:05.844614" level="INFO">/opt/hostedtoolcache/Python/3.12.4/x64/lib/python3.12/site-packages/urllib3/connectionpool.py:1099: InsecureRequestWarning: Unverified HTTPS request is being made to host 'randomuser.me'. Adding certificate verification is strongly advised. See: https://urllib3.readthedocs.io/en/latest/advanced-usage.html#tls-warnings
  warnings.warn(</msg>
<msg time="2024-07-06T07:13:05.844744" level="INFO">${response} = &lt;Response [200]&gt;</msg>
<var>${response}</var>
<arg>consultarAPI</arg>
<arg>/api</arg>
<doc>Sends a GET request on a previously created HTTP Session.</doc>
<status status="PASS" start="2024-07-06T07:13:05.749879" elapsed="0.094923"/>
</kw>
<kw name="Set Variable" owner="BuiltIn">
<msg time="2024-07-06T07:13:05.845950" level="INFO">${json_data} = {'results': [{'gender': 'female', 'name': {'title': 'Miss', 'first': 'Irmgard', 'last': 'Pickel'}, 'location': {'street': {'number': 1928, 'name': 'Fasanenweg'}, 'city': 'Weißenhorn', 'state': 'Thürin...</msg>
<var>${json_data}</var>
<arg>${response.json()}</arg>
<doc>Returns the given values which can then be assigned to a variables.</doc>
<status status="PASS" start="2024-07-06T07:13:05.845377" elapsed="0.000603"/>
</kw>
<kw name="Log" owner="BuiltIn">
<msg time="2024-07-06T07:13:05.846452" level="INFO">{'results': [{'gender': 'female', 'name': {'title': 'Miss', 'first': 'Irmgard', 'last': 'Pickel'}, 'location': {'street': {'number': 1928, 'name': 'Fasanenweg'}, 'city': 'Weißenhorn', 'state': 'Thüringen', 'country': 'Germany', 'postcode': 59953, 'coordinates': {'latitude': '-53.4317', 'longitude': '12.1938'}, 'timezone': {'offset': '+4:30', 'description': 'Kabul'}}, 'email': 'irmgard.pickel@example.com', 'login': {'uuid': '7a0a34ff-838d-4363-8262-b45e190f5cca', 'username': 'blackpanda327', 'password': 'goddess', 'salt': 'nFZpAmXi', 'md5': '75cdfe411b80f8e7c9fe6718acd5a0cf', 'sha1': 'd6c3869cfc90b79e93ee0b199ec757d9597aa737', 'sha256': 'd488769807e654313b9f2278dcfa02d95e29f14467f7539cfc83300cf184f156'}, 'dob': {'date': '1965-03-24T05:11:27.173Z', 'age': 59}, 'registered': {'date': '2020-01-06T06:06:29.824Z', 'age': 4}, 'phone': '0509-3876827', 'cell': '0174-4475089', 'id': {'name': 'SVNR', 'value': '55 230365 P 723'}, 'picture': {'large': 'https://randomuser.me/api/portraits/women/10.jpg', 'medium': 'https://randomuser.me/api/portraits/med/women/10.jpg', 'thumbnail': 'https://randomuser.me/api/portraits/thumb/women/10.jpg'}, 'nat': 'DE'}], 'info': {'seed': '7881481426487ac8', 'results': 1, 'page': 1, 'version': '1.4'}}</msg>
<arg>${json_data}</arg>
<doc>Logs the given message with the given level.</doc>
<status status="PASS" start="2024-07-06T07:13:05.846294" elapsed="0.000209"/>
</kw>
<kw name="Dictionary Should Contain Key" owner="Collections">
<arg>${json_data}</arg>
<arg>results</arg>
<doc>Fails if ``key`` is not found from ``dictionary``.</doc>
<status status="PASS" start="2024-07-06T07:13:05.846794" elapsed="0.000166"/>
</kw>
<kw name="Should Not Be Empty" owner="BuiltIn">
<msg time="2024-07-06T07:13:05.847271" level="INFO">Length is 2.</msg>
<arg>${json_data}</arg>
<doc>Verifies that the given item is not empty.</doc>
<status status="PASS" start="2024-07-06T07:13:05.847143" elapsed="0.000168"/>
</kw>
<kw name="Create List" owner="BuiltIn">
<msg time="2024-07-06T07:13:05.847935" level="INFO">${expected_keys} = ['gender', 'name', 'location', 'email', 'login']</msg>
<var>${expected_keys}</var>
<arg>gender</arg>
<arg>name</arg>
<arg>location</arg>
<arg>email</arg>
<arg>login</arg>
<doc>Returns a list containing given items.</doc>
<status status="PASS" start="2024-07-06T07:13:05.847654" elapsed="0.000306"/>
</kw>
<for flavor="IN">
<iter>
<kw name="Dictionary Should Contain Key" owner="Collections">
<arg>${json_data['results'][0]}</arg>
<arg>${key}</arg>
<doc>Fails if ``key`` is not found from ``dictionary``.</doc>
<status status="PASS" start="2024-07-06T07:13:05.848531" elapsed="0.000433"/>
</kw>
<kw name="Log" owner="BuiltIn">
<msg time="2024-07-06T07:13:05.849845" level="INFO">{'gender': 'female', 'name': {'title': 'Miss', 'first': 'Irmgard', 'last': 'Pickel'}, 'location': {'street': {'number': 1928, 'name': 'Fasanenweg'}, 'city': 'Weißenhorn', 'state': 'Thüringen', 'country': 'Germany', 'postcode': 59953, 'coordinates': {'latitude': '-53.4317', 'longitude': '12.1938'}, 'timezone': {'offset': '+4:30', 'description': 'Kabul'}}, 'email': 'irmgard.pickel@example.com', 'login': {'uuid': '7a0a34ff-838d-4363-8262-b45e190f5cca', 'username': 'blackpanda327', 'password': 'goddess', 'salt': 'nFZpAmXi', 'md5': '75cdfe411b80f8e7c9fe6718acd5a0cf', 'sha1': 'd6c3869cfc90b79e93ee0b199ec757d9597aa737', 'sha256': 'd488769807e654313b9f2278dcfa02d95e29f14467f7539cfc83300cf184f156'}, 'dob': {'date': '1965-03-24T05:11:27.173Z', 'age': 59}, 'registered': {'date': '2020-01-06T06:06:29.824Z', 'age': 4}, 'phone': '0509-3876827', 'cell': '0174-4475089', 'id': {'name': 'SVNR', 'value': '55 230365 P 723'}, 'picture': {'large': 'https://randomuser.me/api/portraits/women/10.jpg', 'medium': 'https://randomuser.me/api/portraits/med/women/10.jpg', 'thumbnail': 'https://randomuser.me/api/portraits/thumb/women/10.jpg'}, 'nat': 'DE'}</msg>
<arg>${json_data['results'][0]}</arg>
<doc>Logs the given message with the given level.</doc>
<status status="PASS" start="2024-07-06T07:13:05.849271" elapsed="0.000654"/>
</kw>
<kw name="Log" owner="BuiltIn">
<msg time="2024-07-06T07:13:05.850429" level="INFO">gender</msg>
<arg>${key}</arg>
<doc>Logs the given message with the given level.</doc>
<status status="PASS" start="2024-07-06T07:13:05.850298" elapsed="0.000171"/>
</kw>
<var name="${key}">gender</var>
<status status="PASS" start="2024-07-06T07:13:05.848407" elapsed="0.002281"/>
</iter>
<iter>
<kw name="Dictionary Should Contain Key" owner="Collections">
<arg>${json_data['results'][0]}</arg>
<arg>${key}</arg>
<doc>Fails if ``key`` is not found from ``dictionary``.</doc>
<status status="PASS" start="2024-07-06T07:13:05.850990" elapsed="0.000391"/>
</kw>
<kw name="Log" owner="BuiltIn">
<msg time="2024-07-06T07:13:05.851970" level="INFO">{'gender': 'female', 'name': {'title': 'Miss', 'first': 'Irmgard', 'last': 'Pickel'}, 'location': {'street': {'number': 1928, 'name': 'Fasanenweg'}, 'city': 'Weißenhorn', 'state': 'Thüringen', 'country': 'Germany', 'postcode': 59953, 'coordinates': {'latitude': '-53.4317', 'longitude': '12.1938'}, 'timezone': {'offset': '+4:30', 'description': 'Kabul'}}, 'email': 'irmgard.pickel@example.com', 'login': {'uuid': '7a0a34ff-838d-4363-8262-b45e190f5cca', 'username': 'blackpanda327', 'password': 'goddess', 'salt': 'nFZpAmXi', 'md5': '75cdfe411b80f8e7c9fe6718acd5a0cf', 'sha1': 'd6c3869cfc90b79e93ee0b199ec757d9597aa737', 'sha256': 'd488769807e654313b9f2278dcfa02d95e29f14467f7539cfc83300cf184f156'}, 'dob': {'date': '1965-03-24T05:11:27.173Z', 'age': 59}, 'registered': {'date': '2020-01-06T06:06:29.824Z', 'age': 4}, 'phone': '0509-3876827', 'cell': '0174-4475089', 'id': {'name': 'SVNR', 'value': '55 230365 P 723'}, 'picture': {'large': 'https://randomuser.me/api/portraits/women/10.jpg', 'medium': 'https://randomuser.me/api/portraits/med/women/10.jpg', 'thumbnail': 'https://randomuser.me/api/portraits/thumb/women/10.jpg'}, 'nat': 'DE'}</msg>
<arg>${json_data['results'][0]}</arg>
<doc>Logs the given message with the given level.</doc>
<status status="PASS" start="2024-07-06T07:13:05.851597" elapsed="0.000456"/>
</kw>
<kw name="Log" owner="BuiltIn">
<msg time="2024-07-06T07:13:05.852518" level="INFO">name</msg>
<arg>${key}</arg>
<doc>Logs the given message with the given level.</doc>
<status status="PASS" start="2024-07-06T07:13:05.852389" elapsed="0.000167"/>
</kw>
<var name="${key}">name</var>
<status status="PASS" start="2024-07-06T07:13:05.850872" elapsed="0.001902"/>
</iter>
<iter>
<kw name="Dictionary Should Contain Key" owner="Collections">
<arg>${json_data['results'][0]}</arg>
<arg>${key}</arg>
<doc>Fails if ``key`` is not found from ``dictionary``.</doc>
<status status="PASS" start="2024-07-06T07:13:05.853072" elapsed="0.000378"/>
</kw>
<kw name="Log" owner="BuiltIn">
<msg time="2024-07-06T07:13:05.853978" level="INFO">{'gender': 'female', 'name': {'title': 'Miss', 'first': 'Irmgard', 'last': 'Pickel'}, 'location': {'street': {'number': 1928, 'name': 'Fasanenweg'}, 'city': 'Weißenhorn', 'state': 'Thüringen', 'country': 'Germany', 'postcode': 59953, 'coordinates': {'latitude': '-53.4317', 'longitude': '12.1938'}, 'timezone': {'offset': '+4:30', 'description': 'Kabul'}}, 'email': 'irmgard.pickel@example.com', 'login': {'uuid': '7a0a34ff-838d-4363-8262-b45e190f5cca', 'username': 'blackpanda327', 'password': 'goddess', 'salt': 'nFZpAmXi', 'md5': '75cdfe411b80f8e7c9fe6718acd5a0cf', 'sha1': 'd6c3869cfc90b79e93ee0b199ec757d9597aa737', 'sha256': 'd488769807e654313b9f2278dcfa02d95e29f14467f7539cfc83300cf184f156'}, 'dob': {'date': '1965-03-24T05:11:27.173Z', 'age': 59}, 'registered': {'date': '2020-01-06T06:06:29.824Z', 'age': 4}, 'phone': '0509-3876827', 'cell': '0174-4475089', 'id': {'name': 'SVNR', 'value': '55 230365 P 723'}, 'picture': {'large': 'https://randomuser.me/api/portraits/women/10.jpg', 'medium': 'https://randomuser.me/api/portraits/med/women/10.jpg', 'thumbnail': 'https://randomuser.me/api/portraits/thumb/women/10.jpg'}, 'nat': 'DE'}</msg>
<arg>${json_data['results'][0]}</arg>
<doc>Logs the given message with the given level.</doc>
<status status="PASS" start="2024-07-06T07:13:05.853631" elapsed="0.000396"/>
</kw>
<kw name="Log" owner="BuiltIn">
<msg time="2024-07-06T07:13:05.854490" level="INFO">location</msg>
<arg>${key}</arg>
<doc>Logs the given message with the given level.</doc>
<status status="PASS" start="2024-07-06T07:13:05.854327" elapsed="0.000203"/>
</kw>
<var name="${key}">location</var>
<status status="PASS" start="2024-07-06T07:13:05.852953" elapsed="0.001794"/>
</iter>
<iter>
<kw name="Dictionary Should Contain Key" owner="Collections">
<arg>${json_data['results'][0]}</arg>
<arg>${key}</arg>
<doc>Fails if ``key`` is not found from ``dictionary``.</doc>
<status status="PASS" start="2024-07-06T07:13:05.855021" elapsed="0.000383"/>
</kw>
<kw name="Log" owner="BuiltIn">
<msg time="2024-07-06T07:13:05.856012" level="INFO">{'gender': 'female', 'name': {'title': 'Miss', 'first': 'Irmgard', 'last': 'Pickel'}, 'location': {'street': {'number': 1928, 'name': 'Fasanenweg'}, 'city': 'Weißenhorn', 'state': 'Thüringen', 'country': 'Germany', 'postcode': 59953, 'coordinates': {'latitude': '-53.4317', 'longitude': '12.1938'}, 'timezone': {'offset': '+4:30', 'description': 'Kabul'}}, 'email': 'irmgard.pickel@example.com', 'login': {'uuid': '7a0a34ff-838d-4363-8262-b45e190f5cca', 'username': 'blackpanda327', 'password': 'goddess', 'salt': 'nFZpAmXi', 'md5': '75cdfe411b80f8e7c9fe6718acd5a0cf', 'sha1': 'd6c3869cfc90b79e93ee0b199ec757d9597aa737', 'sha256': 'd488769807e654313b9f2278dcfa02d95e29f14467f7539cfc83300cf184f156'}, 'dob': {'date': '1965-03-24T05:11:27.173Z', 'age': 59}, 'registered': {'date': '2020-01-06T06:06:29.824Z', 'age': 4}, 'phone': '0509-3876827', 'cell': '0174-4475089', 'id': {'name': 'SVNR', 'value': '55 230365 P 723'}, 'picture': {'large': 'https://randomuser.me/api/portraits/women/10.jpg', 'medium': 'https://randomuser.me/api/portraits/med/women/10.jpg', 'thumbnail': 'https://randomuser.me/api/portraits/thumb/women/10.jpg'}, 'nat': 'DE'}</msg>
<arg>${json_data['results'][0]}</arg>
<doc>Logs the given message with the given level.</doc>
<status status="PASS" start="2024-07-06T07:13:05.855656" elapsed="0.000407"/>
</kw>
<kw name="Log" owner="BuiltIn">
<msg time="2024-07-06T07:13:05.856493" level="INFO">email</msg>
<arg>${key}</arg>
<doc>Logs the given message with the given level.</doc>
<status status="PASS" start="2024-07-06T07:13:05.856367" elapsed="0.000164"/>
</kw>
<var name="${key}">email</var>
<status status="PASS" start="2024-07-06T07:13:05.854915" elapsed="0.001830"/>
</iter>
<iter>
<kw name="Dictionary Should Contain Key" owner="Collections">
<arg>${json_data['results'][0]}</arg>
<arg>${key}</arg>
<doc>Fails if ``key`` is not found from ``dictionary``.</doc>
<status status="PASS" start="2024-07-06T07:13:05.857025" elapsed="0.000387"/>
</kw>
<kw name="Log" owner="BuiltIn">
<msg time="2024-07-06T07:13:05.857949" level="INFO">{'gender': 'female', 'name': {'title': 'Miss', 'first': 'Irmgard', 'last': 'Pickel'}, 'location': {'street': {'number': 1928, 'name': 'Fasanenweg'}, 'city': 'Weißenhorn', 'state': 'Thüringen', 'country': 'Germany', 'postcode': 59953, 'coordinates': {'latitude': '-53.4317', 'longitude': '12.1938'}, 'timezone': {'offset': '+4:30', 'description': 'Kabul'}}, 'email': 'irmgard.pickel@example.com', 'login': {'uuid': '7a0a34ff-838d-4363-8262-b45e190f5cca', 'username': 'blackpanda327', 'password': 'goddess', 'salt': 'nFZpAmXi', 'md5': '75cdfe411b80f8e7c9fe6718acd5a0cf', 'sha1': 'd6c3869cfc90b79e93ee0b199ec757d9597aa737', 'sha256': 'd488769807e654313b9f2278dcfa02d95e29f14467f7539cfc83300cf184f156'}, 'dob': {'date': '1965-03-24T05:11:27.173Z', 'age': 59}, 'registered': {'date': '2020-01-06T06:06:29.824Z', 'age': 4}, 'phone': '0509-3876827', 'cell': '0174-4475089', 'id': {'name': 'SVNR', 'value': '55 230365 P 723'}, 'picture': {'large': 'https://randomuser.me/api/portraits/women/10.jpg', 'medium': 'https://randomuser.me/api/portraits/med/women/10.jpg', 'thumbnail': 'https://randomuser.me/api/portraits/thumb/women/10.jpg'}, 'nat': 'DE'}</msg>
<arg>${json_data['results'][0]}</arg>
<doc>Logs the given message with the given level.</doc>
<status status="PASS" start="2024-07-06T07:13:05.857592" elapsed="0.000417"/>
</kw>
<kw name="Log" owner="BuiltIn">
<msg time="2024-07-06T07:13:05.858428" level="INFO">login</msg>
<arg>${key}</arg>
<doc>Logs the given message with the given level.</doc>
<status status="PASS" start="2024-07-06T07:13:05.858303" elapsed="0.000162"/>
</kw>
<var name="${key}">login</var>
<status status="PASS" start="2024-07-06T07:13:05.856912" elapsed="0.001768"/>
</iter>
<var>${key}</var>
<value>@{expected_keys}</value>
<status status="PASS" start="2024-07-06T07:13:05.848223" elapsed="0.010576"/>
</for>
<kw name="Create List" owner="BuiltIn">
<msg time="2024-07-06T07:13:05.859124" level="INFO">${expected_keysTwo} = ['username', 'password']</msg>
<var>${expected_keysTwo}</var>
<arg>username</arg>
<arg>password</arg>
<doc>Returns a list containing given items.</doc>
<status status="PASS" start="2024-07-06T07:13:05.858987" elapsed="0.000162"/>
</kw>
<for flavor="IN">
<iter>
<kw name="Dictionary Should Contain Key" owner="Collections">
<arg>${json_data['results'][0]['login']}</arg>
<arg>${keyTwo}</arg>
<doc>Fails if ``key`` is not found from ``dictionary``.</doc>
<status status="PASS" start="2024-07-06T07:13:05.859715" elapsed="0.000381"/>
</kw>
<kw name="Dictionary Should Contain Key" owner="Collections">
<arg>${json_data['results'][0]['login']}</arg>
<arg>${keyTwo}</arg>
<doc>Fails if ``key`` is not found from ``dictionary``.</doc>
<status status="PASS" start="2024-07-06T07:13:05.860276" elapsed="0.000379"/>
</kw>
<kw name="Log" owner="BuiltIn">
<msg time="2024-07-06T07:13:05.860959" level="INFO">username</msg>
<arg>${keyTwo}</arg>
<doc>Logs the given message with the given level.</doc>
<status status="PASS" start="2024-07-06T07:13:05.860838" elapsed="0.000159"/>
</kw>
<var name="${keyTwo}">username</var>
<status status="PASS" start="2024-07-06T07:13:05.859605" elapsed="0.001617"/>
</iter>
<iter>
<kw name="Dictionary Should Contain Key" owner="Collections">
<arg>${json_data['results'][0]['login']}</arg>
<arg>${keyTwo}</arg>
<doc>Fails if ``key`` is not found from ``dictionary``.</doc>
<status status="PASS" start="2024-07-06T07:13:05.861499" elapsed="0.000378"/>
</kw>
<kw name="Dictionary Should Contain Key" owner="Collections">
<arg>${json_data['results'][0]['login']}</arg>
<arg>${keyTwo}</arg>
<doc>Fails if ``key`` is not found from ``dictionary``.</doc>
<status status="PASS" start="2024-07-06T07:13:05.862055" elapsed="0.000364"/>
</kw>
<kw name="Log" owner="BuiltIn">
<msg time="2024-07-06T07:13:05.862708" level="INFO">password</msg>
<arg>${keyTwo}</arg>
<doc>Logs the given message with the given level.</doc>
<status status="PASS" start="2024-07-06T07:13:05.862593" elapsed="0.000156"/>
</kw>
<var name="${keyTwo}">password</var>
<status status="PASS" start="2024-07-06T07:13:05.861393" elapsed="0.001667"/>
</iter>
<var>${keyTwo}</var>
<value>@{expected_keysTwo}</value>
<status status="PASS" start="2024-07-06T07:13:05.859410" elapsed="0.003771"/>
</for>
<status status="PASS" start="2024-07-06T07:13:05.749651" elapsed="0.113667"/>
</kw>
<doc>Testa a estrutura da resposta da API.</doc>
<tag>testeEstruturaResposta</tag>
<status status="PASS" start="2024-07-06T07:13:05.749141" elapsed="0.114321"/>
</test>
<test id="s1-s1-t4" name="Validar tipos de dados" line="28">
<kw name="Teste de Tipos de Dados" owner="random-user-service">
<kw name="GET On Session" owner="RequestsLibrary">
<msg time="2024-07-06T07:13:05.964208" level="INFO">GET Request : url=https://randomuser.me/api 
 path_url=/api 
 headers={'User-Agent': 'python-requests/2.32.3', 'Accept-Encoding': 'gzip, deflate', 'Accept': '*/*', 'Connection': 'keep-alive'} 
 body=None 
 </msg>
<msg time="2024-07-06T07:13:05.964294" level="INFO">GET Response : url=https://randomuser.me/api 
 status=200, reason=OK 
 headers={'Date': 'Sat, 06 Jul 2024 07:13:05 GMT', 'Content-Type': 'application/json; charset=utf-8', 'Transfer-Encoding': 'chunked', 'Connection': 'keep-alive', 'X-Powered-By': 'Express', 'Access-Control-Allow-Origin': '*', 'Cache-Control': 'no-cache', 'ETag': 'W/"494-5eQzXGd7a5KQYkfkTlq0IvhnF6M"', 'Vary': 'Accept-Encoding', 'Content-Encoding': 'gzip', 'CF-Cache-Status': 'DYNAMIC', 'Report-To': '{"endpoints":[{"url":"https:\\/\\/a.nel.cloudflare.com\\/report\\/v4?s=n3SaI4zWLTgi61SXhsEopbMN6HRjH4iVmzaeRVGmgQScStihKXnmkIXVcX82x%2F2%2FtVixBKNG1dzYmVIV%2Fxebd8wUNl7jdO1aQ6Bk6Fgf14wJRmDXD%2BvGOvsWljj%2Biq4s"}],"group":"cf-nel","max_age":604800}', 'NEL': '{"success_fraction":0,"report_to":"cf-nel","max_age":604800}', 'Server': 'cloudflare', 'CF-RAY': '89edca4ba86e2027-IAD', 'alt-svc': 'h3=":443"; ma=86400'} 
 body={"results":[{"gender":"female","name":{"title":"Mrs","first":"Madelen","last":"Yri"},"location":{"street":{"number":7612,"name":"Apotekergata"},"city":"Hjelset","state":"Nord-Trøndelag","country":"Norway","postcode":"1393","coordinates":{"latitude":"41.4110","longitude":"161.5745"},"timezone":{"offset":"-4:00","description":"Atlantic Time (Canada), Caracas, La Paz"}},"email":"madelen.yri@example.com","login":{"uuid":"9f94c047-8863-496f-8875-6e4ed3977706","username":"goldengorilla927","password":"hogtied","salt":"GBoLx9UG","md5":"4e15864bf006ad4fb00514cc6b87b809","sha1":"a4921a4483d91c1c681a30faabfc73b57d286404","sha256":"ee7d08f10c9c9cde1625d410e61ad75a91d22d4e529fa0e886a8621fa13884b3"},"dob":{"date":"1960-01-07T20:45:50.727Z","age":64},"registered":{"date":"2019-11-18T23:49:36.566Z","age":4},"phone":"35444040","cell":"92213323","id":{"name":"FN","value":"07016041453"},"picture":{"large":"https://randomuser.me/api/portraits/women/82.jpg","medium":"https://randomuser.me/api/portraits/med/women/82.jpg","thumbnail":"https://randomuser.me/api/portraits/thumb/women/82.jpg"},"nat":"NO"}],"info":{"seed":"3eb6422c64b7ee07","results":1,"page":1,"version":"1.4"}} 
 </msg>
<msg time="2024-07-06T07:13:05.964355" level="INFO">/opt/hostedtoolcache/Python/3.12.4/x64/lib/python3.12/site-packages/urllib3/connectionpool.py:1099: InsecureRequestWarning: Unverified HTTPS request is being made to host 'randomuser.me'. Adding certificate verification is strongly advised. See: https://urllib3.readthedocs.io/en/latest/advanced-usage.html#tls-warnings
  warnings.warn(</msg>
<msg time="2024-07-06T07:13:05.964446" level="INFO">${response} = &lt;Response [200]&gt;</msg>
<var>${response}</var>
<arg>consultarAPI</arg>
<arg>/api</arg>
<doc>Sends a GET request on a previously created HTTP Session.</doc>
<status status="PASS" start="2024-07-06T07:13:05.865898" elapsed="0.098590"/>
</kw>
<kw name="Set Variable" owner="BuiltIn">
<msg time="2024-07-06T07:13:05.965506" level="INFO">${json_data} = {'results': [{'gender': 'female', 'name': {'title': 'Mrs', 'first': 'Madelen', 'last': 'Yri'}, 'location': {'street': {'number': 7612, 'name': 'Apotekergata'}, 'city': 'Hjelset', 'state': 'Nord-Trønde...</msg>
<var>${json_data}</var>
<arg>${response.json()}</arg>
<doc>Returns the given values which can then be assigned to a variables.</doc>
<status status="PASS" start="2024-07-06T07:13:05.964942" elapsed="0.000594"/>
</kw>
<kw name="Log" owner="BuiltIn">
<msg time="2024-07-06T07:13:05.966014" level="INFO">{'results': [{'gender': 'female', 'name': {'title': 'Mrs', 'first': 'Madelen', 'last': 'Yri'}, 'location': {'street': {'number': 7612, 'name': 'Apotekergata'}, 'city': 'Hjelset', 'state': 'Nord-Trøndelag', 'country': 'Norway', 'postcode': '1393', 'coordinates': {'latitude': '41.4110', 'longitude': '161.5745'}, 'timezone': {'offset': '-4:00', 'description': 'Atlantic Time (Canada), Caracas, La Paz'}}, 'email': 'madelen.yri@example.com', 'login': {'uuid': '9f94c047-8863-496f-8875-6e4ed3977706', 'username': 'goldengorilla927', 'password': 'hogtied', 'salt': 'GBoLx9UG', 'md5': '4e15864bf006ad4fb00514cc6b87b809', 'sha1': 'a4921a4483d91c1c681a30faabfc73b57d286404', 'sha256': 'ee7d08f10c9c9cde1625d410e61ad75a91d22d4e529fa0e886a8621fa13884b3'}, 'dob': {'date': '1960-01-07T20:45:50.727Z', 'age': 64}, 'registered': {'date': '2019-11-18T23:49:36.566Z', 'age': 4}, 'phone': '35444040', 'cell': '92213323', 'id': {'name': 'FN', 'value': '07016041453'}, 'picture': {'large': 'https://randomuser.me/api/portraits/women/82.jpg', 'medium': 'https://randomuser.me/api/portraits/med/women/82.jpg', 'thumbnail': 'https://randomuser.me/api/portraits/thumb/women/82.jpg'}, 'nat': 'NO'}], 'info': {'seed': '3eb6422c64b7ee07', 'results': 1, 'page': 1, 'version': '1.4'}}</msg>
<arg>${json_data}</arg>
<doc>Logs the given message with the given level.</doc>
<status status="PASS" start="2024-07-06T07:13:05.965855" elapsed="0.000208"/>
</kw>
<kw name="Should Be String" owner="String">
<arg>${json_data['results'][0]['gender']}</arg>
<doc>Fails if the given ``item`` is not a string.</doc>
<status status="PASS" start="2024-07-06T07:13:05.966360" elapsed="0.000384"/>
</kw>
<kw name="Should Match Regexp" owner="BuiltIn">
<arg>${json_data['results'][0]['email']}</arg>
<arg>^[a-zA-Z0-9._%+-]+@[a-zA-Z0-9.-]+\.[a-zA-Z]{2,}$</arg>
<doc>Fails if ``string`` does not match ``pattern`` as a regular expression.</doc>
<status status="PASS" start="2024-07-06T07:13:05.966948" elapsed="0.000550"/>
</kw>
<kw name="Should Match Regexp" owner="BuiltIn">
<arg>${json_data['results'][0]['dob']['date']}</arg>
<arg>\\d{4}-\\d{2}-\\d{2}T\\d{2}:\\d{2}:\\d{2}\\.\\d{3}Z</arg>
<doc>Fails if ``string`` does not match ``pattern`` as a regular expression.</doc>
<status status="PASS" start="2024-07-06T07:13:05.967747" elapsed="0.000499"/>
</kw>
<kw name="Should Match Regexp" owner="BuiltIn">
<arg>${json_data['results'][0]['registered']['date']}</arg>
<arg>\\d{4}-\\d{2}-\\d{2}T\\d{2}:\\d{2}:\\d{2}\\.\\d{3}Z</arg>
<doc>Fails if ``string`` does not match ``pattern`` as a regular expression.</doc>
<status status="PASS" start="2024-07-06T07:13:05.968442" elapsed="0.000370"/>
</kw>
<kw name="Should Match Regexp" owner="BuiltIn">
<arg>${json_data['results'][0]['picture']['large']}</arg>
<arg>^https?://.*\.(?:png|jpe?g|gif|bmp)$</arg>
<doc>Fails if ``string`` does not match ``pattern`` as a regular expression.</doc>
<status status="PASS" start="2024-07-06T07:13:05.969002" elapsed="0.000458"/>
</kw>
<kw name="Should Match Regexp" owner="BuiltIn">
<arg>${json_data['results'][0]['picture']['medium']}</arg>
<arg>^https?://.*\.(?:png|jpe?g|gif|bmp)$</arg>
<doc>Fails if ``string`` does not match ``pattern`` as a regular expression.</doc>
<status status="PASS" start="2024-07-06T07:13:05.969649" elapsed="0.000351"/>
</kw>
<kw name="Should Match Regexp" owner="BuiltIn">
<arg>${json_data['results'][0]['picture']['thumbnail']}</arg>
<arg>^https?://.*\.(?:png|jpe?g|gif|bmp)$</arg>
<doc>Fails if ``string`` does not match ``pattern`` as a regular expression.</doc>
<status status="PASS" start="2024-07-06T07:13:05.970185" elapsed="0.000345"/>
</kw>
<kw name="Log" owner="BuiltIn">
<msg time="2024-07-06T07:13:05.971040" level="INFO">{'large': 'https://randomuser.me/api/portraits/women/82.jpg', 'medium': 'https://randomuser.me/api/portraits/med/women/82.jpg', 'thumbnail': 'https://randomuser.me/api/portraits/thumb/women/82.jpg'}</msg>
<arg>${json_data['results'][0]['picture']}</arg>
<doc>Logs the given message with the given level.</doc>
<status status="PASS" start="2024-07-06T07:13:05.970708" elapsed="0.000375"/>
</kw>
<status status="PASS" start="2024-07-06T07:13:05.865679" elapsed="0.105660"/>
</kw>
<kw name="Teste de Tipos de Dados - Postcode" owner="random-user-service">
<kw name="GET On Session" owner="RequestsLibrary">
<msg time="2024-07-06T07:13:06.061509" level="INFO">GET Request : url=https://randomuser.me/api 
 path_url=/api 
 headers={'User-Agent': 'python-requests/2.32.3', 'Accept-Encoding': 'gzip, deflate', 'Accept': '*/*', 'Connection': 'keep-alive'} 
 body=None 
 </msg>
<msg time="2024-07-06T07:13:06.061572" level="INFO">GET Response : url=https://randomuser.me/api 
 status=200, reason=OK 
 headers={'Date': 'Sat, 06 Jul 2024 07:13:06 GMT', 'Content-Type': 'application/json; charset=utf-8', 'Transfer-Encoding': 'chunked', 'Connection': 'keep-alive', 'X-Powered-By': 'Express', 'Access-Control-Allow-Origin': '*', 'Cache-Control': 'no-cache', 'ETag': 'W/"479-P5DlEVCVFF9aVgTdFeO4Vqu0/lk"', 'Vary': 'Accept-Encoding', 'Content-Encoding': 'gzip', 'CF-Cache-Status': 'DYNAMIC', 'Report-To': '{"endpoints":[{"url":"https:\\/\\/a.nel.cloudflare.com\\/report\\/v4?s=mKa2rr%2Bdf%2FMwLGLEak9ZCFUIp0DHv6ibqWiDteZLiCu6grMO%2BBtRw2vXPNzQU1zBiBrAjl0bNDHd9DavnVegG99jahhzb692yvwf1zZ%2B8EtnBw7illXcnnhs8RV4q05n"}],"group":"cf-nel","max_age":604800}', 'NEL': '{"success_fraction":0,"report_to":"cf-nel","max_age":604800}', 'Server': 'cloudflare', 'CF-RAY': '89edca4c58f92027-IAD', 'alt-svc': 'h3=":443"; ma=86400'} 
 body={"results":[{"gender":"female","name":{"title":"Mrs","first":"Maja","last":"Jensen"},"location":{"street":{"number":543,"name":"Klintevej"},"city":"Kvistgaard","state":"Sjælland","country":"Denmark","postcode":24479,"coordinates":{"latitude":"-44.6897","longitude":"79.4745"},"timezone":{"offset":"-12:00","description":"Eniwetok, Kwajalein"}},"email":"maja.jensen@example.com","login":{"uuid":"9380066b-27da-4b3e-8e20-58a26a5d758a","username":"angryfrog569","password":"blacklab","salt":"D1NUn4t4","md5":"b868f2b871469f55d0da1b5aad3ce534","sha1":"76522448688873e54448d6e0df9ff31c6193e015","sha256":"aebf86b03e7e4c5303e14d54966fabbc4dceca9ef7b39776904050e633374d2e"},"dob":{"date":"1982-07-08T01:50:17.004Z","age":41},"registered":{"date":"2005-03-19T07:41:27.488Z","age":19},"phone":"63843565","cell":"17884236","id":{"name":"CPR","value":"070782-6522"},"picture":{"large":"https://randomuser.me/api/portraits/women/42.jpg","medium":"https://randomuser.me/api/portraits/med/women/42.jpg","thumbnail":"https://randomuser.me/api/portraits/thumb/women/42.jpg"},"nat":"DK"}],"info":{"seed":"5f0a434a5f8485d1","results":1,"page":1,"version":"1.4"}} 
 </msg>
<msg time="2024-07-06T07:13:06.061631" level="INFO">/opt/hostedtoolcache/Python/3.12.4/x64/lib/python3.12/site-packages/urllib3/connectionpool.py:1099: InsecureRequestWarning: Unverified HTTPS request is being made to host 'randomuser.me'. Adding certificate verification is strongly advised. See: https://urllib3.readthedocs.io/en/latest/advanced-usage.html#tls-warnings
  warnings.warn(</msg>
<msg time="2024-07-06T07:13:06.061729" level="INFO">${response} = &lt;Response [200]&gt;</msg>
<var>${response}</var>
<arg>consultarAPI</arg>
<arg>/api</arg>
<doc>Sends a GET request on a previously created HTTP Session.</doc>
<status status="PASS" start="2024-07-06T07:13:05.971806" elapsed="0.089963"/>
</kw>
<kw name="Set Variable" owner="BuiltIn">
<msg time="2024-07-06T07:13:06.062821" level="INFO">${json_data} = {'results': [{'gender': 'female', 'name': {'title': 'Mrs', 'first': 'Maja', 'last': 'Jensen'}, 'location': {'street': {'number': 543, 'name': 'Klintevej'}, 'city': 'Kvistgaard', 'state': 'Sjælland', '...</msg>
<var>${json_data}</var>
<arg>${response.json()}</arg>
<doc>Returns the given values which can then be assigned to a variables.</doc>
<status status="PASS" start="2024-07-06T07:13:06.062221" elapsed="0.000631"/>
</kw>
<kw name="Log" owner="BuiltIn">
<msg time="2024-07-06T07:13:06.063321" level="INFO">{'results': [{'gender': 'female', 'name': {'title': 'Mrs', 'first': 'Maja', 'last': 'Jensen'}, 'location': {'street': {'number': 543, 'name': 'Klintevej'}, 'city': 'Kvistgaard', 'state': 'Sjælland', 'country': 'Denmark', 'postcode': 24479, 'coordinates': {'latitude': '-44.6897', 'longitude': '79.4745'}, 'timezone': {'offset': '-12:00', 'description': 'Eniwetok, Kwajalein'}}, 'email': 'maja.jensen@example.com', 'login': {'uuid': '9380066b-27da-4b3e-8e20-58a26a5d758a', 'username': 'angryfrog569', 'password': 'blacklab', 'salt': 'D1NUn4t4', 'md5': 'b868f2b871469f55d0da1b5aad3ce534', 'sha1': '76522448688873e54448d6e0df9ff31c6193e015', 'sha256': 'aebf86b03e7e4c5303e14d54966fabbc4dceca9ef7b39776904050e633374d2e'}, 'dob': {'date': '1982-07-08T01:50:17.004Z', 'age': 41}, 'registered': {'date': '2005-03-19T07:41:27.488Z', 'age': 19}, 'phone': '63843565', 'cell': '17884236', 'id': {'name': 'CPR', 'value': '070782-6522'}, 'picture': {'large': 'https://randomuser.me/api/portraits/women/42.jpg', 'medium': 'https://randomuser.me/api/portraits/med/women/42.jpg', 'thumbnail': 'https://randomuser.me/api/portraits/thumb/women/42.jpg'}, 'nat': 'DK'}], 'info': {'seed': '5f0a434a5f8485d1', 'results': 1, 'page': 1, 'version': '1.4'}}</msg>
<arg>${json_data}</arg>
<doc>Logs the given message with the given level.</doc>
<status status="PASS" start="2024-07-06T07:13:06.063163" elapsed="0.000207"/>
</kw>
<kw name="Should Be Equal As Numbers" owner="BuiltIn">
<arg>${json_data['results'][0]['location']['postcode']}</arg>
<arg>${json_data['results'][0]['location']['postcode']}</arg>
<doc>Fails if objects are unequal after converting them to real numbers.</doc>
<status status="PASS" start="2024-07-06T07:13:06.063701" elapsed="0.000626"/>
</kw>
<kw name="Log" owner="BuiltIn">
<msg time="2024-07-06T07:13:06.064983" level="INFO">24479</msg>
<arg>${json_data['results'][0]['location']['postcode']}</arg>
<doc>Logs the given message with the given level.</doc>
<status status="PASS" start="2024-07-06T07:13:06.064522" elapsed="0.000503"/>
</kw>
<status status="PASS" start="2024-07-06T07:13:05.971582" elapsed="0.093724"/>
</kw>
<doc>Testa se os tipos de dados na resposta da API estão corretos.</doc>
<tag>testeTiposDados</tag>
<status status="PASS" start="2024-07-06T07:13:05.865246" elapsed="0.200222"/>
</test>
<test id="s1-s1-t5" name="Validar conteudo" line="35">
<kw name="Teste de Tipos de Conteudo" owner="random-user-service">
<kw name="GET On Session" owner="RequestsLibrary">
<msg time="2024-07-06T07:13:06.169343" level="INFO">GET Request : url=https://randomuser.me/api 
 path_url=/api 
 headers={'User-Agent': 'python-requests/2.32.3', 'Accept-Encoding': 'gzip, deflate', 'Accept': '*/*', 'Connection': 'keep-alive'} 
 body=None 
 </msg>
<msg time="2024-07-06T07:13:06.169418" level="INFO">GET Response : url=https://randomuser.me/api 
 status=200, reason=OK 
 headers={'Date': 'Sat, 06 Jul 2024 07:13:06 GMT', 'Content-Type': 'application/json; charset=utf-8', 'Transfer-Encoding': 'chunked', 'Connection': 'keep-alive', 'X-Powered-By': 'Express', 'Access-Control-Allow-Origin': '*', 'Cache-Control': 'no-cache', 'ETag': 'W/"479-iMMRXmd1FE6lCsIEUxaHul06NYg"', 'Vary': 'Accept-Encoding', 'Content-Encoding': 'gzip', 'CF-Cache-Status': 'DYNAMIC', 'Report-To': '{"endpoints":[{"url":"https:\\/\\/a.nel.cloudflare.com\\/report\\/v4?s=TL3%2Fvjo5mtMI6kOSxohW2a%2Fiy%2Bh7SEE8IbNnrt4atGz0XZN1E7QLdqG7rVCpcc1K0gzK6GyZKaltypZ1HhRi3xwct%2BewP7%2Bo%2FKIn%2FBdgn9BExSJTrjO%2Bu22tovthgCAS"}],"group":"cf-nel","max_age":604800}', 'NEL': '{"success_fraction":0,"report_to":"cf-nel","max_age":604800}', 'Server': 'cloudflare', 'CF-RAY': '89edca4cf97c2027-IAD', 'alt-svc': 'h3=":443"; ma=86400'} 
 body={"results":[{"gender":"female","name":{"title":"Mrs","first":"Sadie","last":"Edwards"},"location":{"street":{"number":7110,"name":"Manchester Street"},"city":"Invercargill","state":"Waikato","country":"New Zealand","postcode":47957,"coordinates":{"latitude":"52.3049","longitude":"39.2680"},"timezone":{"offset":"+3:30","description":"Tehran"}},"email":"sadie.edwards@example.com","login":{"uuid":"d289b85d-680d-4b6a-9074-f65dcf8bb303","username":"crazyzebra443","password":"icu812","salt":"FcYSzQec","md5":"12f5fd61c44e58fa081a44ad3d6b503a","sha1":"7e778055906fcca87807734476bc7ec660f4e29b","sha256":"a32e8c90bdc851380e16e67921def3235ba726489a5c1609d94c53b7bc59e345"},"dob":{"date":"1962-12-20T12:06:15.928Z","age":61},"registered":{"date":"2019-01-16T02:00:03.993Z","age":5},"phone":"(957)-720-1058","cell":"(019)-736-7555","id":{"name":"","value":null},"picture":{"large":"https://randomuser.me/api/portraits/women/73.jpg","medium":"https://randomuser.me/api/portraits/med/women/73.jpg","thumbnail":"https://randomuser.me/api/portraits/thumb/women/73.jpg"},"nat":"NZ"}],"info":{"seed":"729e1c44eaec42de","results":1,"page":1,"version":"1.4"}} 
 </msg>
<msg time="2024-07-06T07:13:06.169483" level="INFO">/opt/hostedtoolcache/Python/3.12.4/x64/lib/python3.12/site-packages/urllib3/connectionpool.py:1099: InsecureRequestWarning: Unverified HTTPS request is being made to host 'randomuser.me'. Adding certificate verification is strongly advised. See: https://urllib3.readthedocs.io/en/latest/advanced-usage.html#tls-warnings
  warnings.warn(</msg>
<msg time="2024-07-06T07:13:06.169595" level="INFO">${response} = &lt;Response [200]&gt;</msg>
<var>${response}</var>
<arg>consultarAPI</arg>
<arg>/api</arg>
<doc>Sends a GET request on a previously created HTTP Session.</doc>
<status status="PASS" start="2024-07-06T07:13:06.067856" elapsed="0.101790"/>
</kw>
<kw name="Set Variable" owner="BuiltIn">
<msg time="2024-07-06T07:13:06.170678" level="INFO">${json_data} = {'results': [{'gender': 'female', 'name': {'title': 'Mrs', 'first': 'Sadie', 'last': 'Edwards'}, 'location': {'street': {'number': 7110, 'name': 'Manchester Street'}, 'city': 'Invercargill', 'state': ...</msg>
<var>${json_data}</var>
<arg>${response.json()}</arg>
<doc>Returns the given values which can then be assigned to a variables.</doc>
<status status="PASS" start="2024-07-06T07:13:06.170098" elapsed="0.000609"/>
</kw>
<kw name="Set Variable" owner="BuiltIn">
<msg time="2024-07-06T07:13:06.171381" level="INFO">${name_title} = Mrs</msg>
<var>${name_title}</var>
<arg>${json_data["results"][0]["name"]["title"]}</arg>
<doc>Returns the given values which can then be assigned to a variables.</doc>
<status status="PASS" start="2024-07-06T07:13:06.171009" elapsed="0.000397"/>
</kw>
<kw name="Create List" owner="BuiltIn">
<msg time="2024-07-06T07:13:06.171906" level="INFO">${allowed_titles} = ['Mr', 'Ms', 'Miss', 'Mrs', 'Madame', 'Monsieur']</msg>
<var>${allowed_titles}</var>
<arg>Mr</arg>
<arg>Ms</arg>
<arg>Miss</arg>
<arg>Mrs</arg>
<arg>Madame</arg>
<arg>Monsieur</arg>
<doc>Returns a list containing given items.</doc>
<status status="PASS" start="2024-07-06T07:13:06.171753" elapsed="0.000177"/>
</kw>
<kw name="List Should Contain Value" owner="Collections">
<arg>${allowed_titles}</arg>
<arg>${name_title}</arg>
<doc>Fails if the ``value`` is not found from ``list``.</doc>
<status status="PASS" start="2024-07-06T07:13:06.172225" elapsed="0.000177"/>
</kw>
<kw name="Set Variable" owner="BuiltIn">
<msg time="2024-07-06T07:13:06.172938" level="INFO">${name_country} = NZ</msg>
<var>${name_country}</var>
<arg>${json_data["results"][0]["nat"]}</arg>
<doc>Returns the given values which can then be assigned to a variables.</doc>
<status status="PASS" start="2024-07-06T07:13:06.172577" elapsed="0.000385"/>
</kw>
<kw name="Create List" owner="BuiltIn">
<msg time="2024-07-06T07:13:06.173841" level="INFO">${list_country} = ['AD', 'AE', 'AF', 'AG', 'AI', 'AL', 'AM', 'AO', 'AQ', 'AR', 'AS', 'AT', 'AU', 'AW', 'AX', 'AZ', 'BA', 'BB', 'BD', 'BE', 'BF', 'BG', 'BH', 'BI', 'BJ', 'BL', 'BM', 'BN', 'BO', 'BQ', 'BR', 'BS', 'BT', '...</msg>
<var>${list_country}</var>
<arg>AD</arg>
<arg>AE</arg>
<arg>AF</arg>
<arg>AG</arg>
<arg>AI</arg>
<arg>AL</arg>
<arg>AM</arg>
<arg>AO</arg>
<arg>AQ</arg>
<arg>AR</arg>
<arg>AS</arg>
<arg>AT</arg>
<arg>AU</arg>
<arg>AW</arg>
<arg>AX</arg>
<arg>AZ</arg>
<arg>BA</arg>
<arg>BB</arg>
<arg>BD</arg>
<arg>BE</arg>
<arg>BF</arg>
<arg>BG</arg>
<arg>BH</arg>
<arg>BI</arg>
<arg>BJ</arg>
<arg>BL</arg>
<arg>BM</arg>
<arg>BN</arg>
<arg>BO</arg>
<arg>BQ</arg>
<arg>BR</arg>
<arg>BS</arg>
<arg>BT</arg>
<arg>BV</arg>
<arg>BW</arg>
<arg>BY</arg>
<arg>BZ</arg>
<arg>CA</arg>
<arg>CC</arg>
<arg>CD</arg>
<arg>CF</arg>
<arg>CG</arg>
<arg>CH</arg>
<arg>CI</arg>
<arg>CK</arg>
<arg>CL</arg>
<arg>CM</arg>
<arg>CN</arg>
<arg>CO</arg>
<arg>CR</arg>
<arg>CU</arg>
<arg>CV</arg>
<arg>CW</arg>
<arg>CX</arg>
<arg>CY</arg>
<arg>CZ</arg>
<arg>DE</arg>
<arg>DJ</arg>
<arg>DK</arg>
<arg>DM</arg>
<arg>DO</arg>
<arg>DZ</arg>
<arg>EC</arg>
<arg>EE</arg>
<arg>EG</arg>
<arg>EH</arg>
<arg>ER</arg>
<arg>ES</arg>
<arg>ET</arg>
<arg>FI</arg>
<arg>FJ</arg>
<arg>FK</arg>
<arg>FM</arg>
<arg>FO</arg>
<arg>FR</arg>
<arg>GA</arg>
<arg>GB</arg>
<arg>GD</arg>
<arg>GE</arg>
<arg>GF</arg>
<arg>GG</arg>
<arg>GH</arg>
<arg>GI</arg>
<arg>GL</arg>
<arg>GM</arg>
<arg>GN</arg>
<arg>GP</arg>
<arg>GQ</arg>
<arg>GR</arg>
<arg>GS</arg>
<arg>GT</arg>
<arg>GU</arg>
<arg>GW</arg>
<arg>GY</arg>
<arg>HK</arg>
<arg>HM</arg>
<arg>HN</arg>
<arg>HR</arg>
<arg>HT</arg>
<arg>HU</arg>
<arg>ID</arg>
<arg>IE</arg>
<arg>IL</arg>
<arg>IM</arg>
<arg>IN</arg>
<arg>IO</arg>
<arg>IQ</arg>
<arg>IR</arg>
<arg>IS</arg>
<arg>IT</arg>
<arg>JE</arg>
<arg>JM</arg>
<arg>JO</arg>
<arg>JP</arg>
<arg>KE</arg>
<arg>KG</arg>
<arg>KH</arg>
<arg>KI</arg>
<arg>KM</arg>
<arg>KN</arg>
<arg>KP</arg>
<arg>KR</arg>
<arg>KW</arg>
<arg>KY</arg>
<arg>KZ</arg>
<arg>LA</arg>
<arg>LB</arg>
<arg>LC</arg>
<arg>LI</arg>
<arg>LK</arg>
<arg>LR</arg>
<arg>LS</arg>
<arg>LT</arg>
<arg>LU</arg>
<arg>LV</arg>
<arg>LY</arg>
<arg>MA</arg>
<arg>MC</arg>
<arg>MD</arg>
<arg>ME</arg>
<arg>MF</arg>
<arg>MG</arg>
<arg>MH</arg>
<arg>MK</arg>
<arg>ML</arg>
<arg>MM</arg>
<arg>MN</arg>
<arg>MO</arg>
<arg>MP</arg>
<arg>MQ</arg>
<arg>MR</arg>
<arg>MS</arg>
<arg>MT</arg>
<arg>MU</arg>
<arg>MV</arg>
<arg>MW</arg>
<arg>MX</arg>
<arg>MY</arg>
<arg>MZ</arg>
<arg>NA</arg>
<arg>NC</arg>
<arg>NE</arg>
<arg>NF</arg>
<arg>NG</arg>
<arg>NI</arg>
<arg>NL</arg>
<arg>NO</arg>
<arg>NP</arg>
<arg>NR</arg>
<arg>NU</arg>
<arg>NZ</arg>
<arg>OM</arg>
<arg>PA</arg>
<arg>PE</arg>
<arg>PF</arg>
<arg>PG</arg>
<arg>PH</arg>
<arg>PK</arg>
<arg>PL</arg>
<arg>PM</arg>
<arg>PN</arg>
<arg>PR</arg>
<arg>PS</arg>
<arg>PT</arg>
<arg>PW</arg>
<arg>PY</arg>
<arg>QA</arg>
<arg>RE</arg>
<arg>RO</arg>
<arg>RS</arg>
<arg>RU</arg>
<arg>RW</arg>
<arg>SA</arg>
<arg>SB</arg>
<arg>SC</arg>
<arg>SD</arg>
<arg>SE</arg>
<arg>SG</arg>
<arg>SH</arg>
<arg>SI</arg>
<arg>SJ</arg>
<arg>SK</arg>
<arg>SL</arg>
<arg>SM</arg>
<arg>SN</arg>
<arg>SO</arg>
<arg>SR</arg>
<arg>SS</arg>
<arg>ST</arg>
<arg>SV</arg>
<arg>SX</arg>
<arg>SY</arg>
<arg>SZ</arg>
<arg>TC</arg>
<arg>TD</arg>
<arg>TF</arg>
<arg>TG</arg>
<arg>TH</arg>
<arg>TJ</arg>
<arg>TK</arg>
<arg>TL</arg>
<arg>TM</arg>
<arg>TN</arg>
<arg>TO</arg>
<arg>TR</arg>
<arg>TT</arg>
<arg>TV</arg>
<arg>TW</arg>
<arg>TZ</arg>
<arg>UA</arg>
<arg>UG</arg>
<arg>UM</arg>
<arg>US</arg>
<arg>UY</arg>
<arg>UZ</arg>
<arg>VA</arg>
<arg>VC</arg>
<arg>VE</arg>
<arg>VG</arg>
<arg>VI</arg>
<arg>VN</arg>
<arg>VU</arg>
<arg>WF</arg>
<arg>WS</arg>
<arg>XK</arg>
<arg>YE</arg>
<arg>YT</arg>
<arg>ZA</arg>
<arg>ZM</arg>
<arg>ZW</arg>
<doc>Returns a list containing given items.</doc>
<status status="PASS" start="2024-07-06T07:13:06.173255" elapsed="0.000611"/>
</kw>
<kw name="List Should Contain Value" owner="Collections">
<arg>${list_country}</arg>
<arg>${name_country}</arg>
<doc>Fails if the ``value`` is not found from ``list``.</doc>
<status status="PASS" start="2024-07-06T07:13:06.174656" elapsed="0.000201"/>
</kw>
<kw name="Run Keyword If" owner="BuiltIn">
<kw name="Should Be True" owner="BuiltIn">
<arg>${True}</arg>
<doc>Fails if the given condition is not true.</doc>
<status status="PASS" start="2024-07-06T07:13:06.175810" elapsed="0.000141"/>
</kw>
<arg>${json_data["results"][0]["location"]["coordinates"]["latitude"]} &gt;= -90 and ${json_data["results"][0]["location"]["coordinates"]["latitude"]} &lt;= 90</arg>
<arg>Should Be True</arg>
<arg>${True}</arg>
<doc>Runs the given keyword with the given arguments, if ``condition`` is true.</doc>
<status status="PASS" start="2024-07-06T07:13:06.175050" elapsed="0.001026"/>
</kw>
<kw name="Run Keyword If" owner="BuiltIn">
<kw name="Should Be True" owner="BuiltIn">
<arg>${True}</arg>
<doc>Fails if the given condition is not true.</doc>
<status status="PASS" start="2024-07-06T07:13:06.176950" elapsed="0.000229"/>
</kw>
<arg>${json_data["results"][0]["location"]["coordinates"]["longitude"]} &gt;= -180 and ${json_data["results"][0]["location"]["coordinates"]["longitude"]} &lt;= 180</arg>
<arg>Should Be True</arg>
<arg>${True}</arg>
<doc>Runs the given keyword with the given arguments, if ``condition`` is true.</doc>
<status status="PASS" start="2024-07-06T07:13:06.176257" elapsed="0.001051"/>
</kw>
<status status="PASS" start="2024-07-06T07:13:06.067637" elapsed="0.109802"/>
</kw>
<doc>Testa o conteúdo específico dos campos retornados pela API.</doc>
<tag>testeConteudo</tag>
<status status="PASS" start="2024-07-06T07:13:06.067202" elapsed="0.110380"/>
</test>
<status status="PASS" start="2024-07-06T07:13:05.323182" elapsed="0.856277"/>
</suite>
<status status="PASS" start="2024-07-06T07:13:05.308922" elapsed="0.875640"/>
</suite>
<statistics>
<total>
<stat pass="5" fail="0" skip="0">All Tests</stat>
</total>
<tag>
<stat pass="1" fail="0" skip="0">testeConteudo</stat>
<stat pass="1" fail="0" skip="0">testeEstruturaResposta</stat>
<stat pass="1" fail="0" skip="0">testeRequisicaoBasica</stat>
<stat pass="1" fail="0" skip="0">testeTiposDados</stat>
</tag>
<suite>
<stat pass="5" fail="0" skip="0" id="s1" name="Tests">Tests</stat>
<stat pass="5" fail="0" skip="0" id="s1-s1" name="Random-User-Test">Tests.Random-User-Test</stat>
</suite>
</statistics>
<errors>
</errors>
</robot>
