<?xml version="1.0" encoding="UTF-8"?>
<robot generator="Robot 7.0 (Python 3.12.3 on linux)" generated="2024-06-05T15:15:33.814377" rpa="false" schemaversion="5">
<suite id="s1" name="Tests" source="/home/runner/work/ApiRandomUser/ApiRandomUser/RamdonUser/tests">
<suite id="s1-s1" name="Random-User-Test" source="/home/runner/work/ApiRandomUser/ApiRandomUser/RamdonUser/tests/random-user-test.robot">
<test id="s1-s1-t1" name="Conectar" line="13">
<kw name="Conectar API" owner="random-user-service">
<kw name="Create Session" owner="RequestsLibrary">
<msg time="2024-06-05T15:15:34.226224" level="INFO">Creating Session using : alias=consultarAPI, url=https://randomuser.me/, headers={},                     cookies={}, auth=None, timeout=None, proxies=None, verify=False,                     debug=0 </msg>
<arg>consultarAPI</arg>
<arg>${URL}</arg>
<doc>Create Session: create a HTTP session to a server</doc>
<status status="PASS" start="2024-06-05T15:15:34.225979" elapsed="0.000466"/>
</kw>
<status status="PASS" start="2024-06-05T15:15:34.224866" elapsed="0.002025"/>
</kw>
<status status="PASS" start="2024-06-05T15:15:34.224159" elapsed="0.002956"/>
</test>
<test id="s1-s1-t2" name="Validar retorno 200 e JSON Válido" line="16">
<kw name="Teste de Requisicao Basica" owner="random-user-service">
<kw name="GET On Session" owner="RequestsLibrary">
<msg time="2024-06-05T15:15:34.396703" level="INFO">GET Request : url=https://randomuser.me/api 
 path_url=/api 
 headers={'User-Agent': 'python-requests/2.32.3', 'Accept-Encoding': 'gzip, deflate', 'Accept': '*/*', 'Connection': 'keep-alive'} 
 body=None 
 </msg>
<msg time="2024-06-05T15:15:34.396882" level="INFO">GET Response : url=https://randomuser.me/api 
 status=200, reason=OK 
 headers={'Date': 'Wed, 05 Jun 2024 15:15:34 GMT', 'Content-Type': 'application/json; charset=utf-8', 'Transfer-Encoding': 'chunked', 'Connection': 'keep-alive', 'X-Powered-By': 'Express', 'Access-Control-Allow-Origin': '*', 'Cache-Control': 'no-cache', 'ETag': 'W/"474-cMqwiq/N3GG43XNNMS+tJz+/z18"', 'Vary': 'Accept-Encoding', 'Content-Encoding': 'gzip', 'CF-Cache-Status': 'DYNAMIC', 'Report-To': '{"endpoints":[{"url":"https:\\/\\/a.nel.cloudflare.com\\/report\\/v4?s=FrYhYeO1Xezp146IOjZA9B8Gh2dv3njBPE94EiAJwPXmPruu1jZoQjk4d8nvWyFtH%2FCJ6oQxA%2FXFDZV3QIS7G5hwcq1fKDVS7x96Wd%2F9C3PTg32xyTdJ2qySF4r6Q%2B9l"}],"group":"cf-nel","max_age":604800}', 'NEL': '{"success_fraction":0,"report_to":"cf-nel","max_age":604800}', 'Server': 'cloudflare', 'CF-RAY': '88f11e6b5f7131fd-LAX', 'alt-svc': 'h3=":443"; ma=86400'} 
 body={"results":[{"gender":"male","name":{"title":"Mr","first":"Harro","last":"Reusch"},"location":{"street":{"number":5087,"name":"Rosenweg"},"city":"Bad Kötzting","state":"Bremen","country":"Germany","postcode":17905,"coordinates":{"latitude":"-49.1889","longitude":"-161.8689"},"timezone":{"offset":"+5:45","description":"Kathmandu"}},"email":"harro.reusch@example.com","login":{"uuid":"6bc8c041-6551-4e66-a68f-4780786146ea","username":"orangezebra342","password":"goodbye","salt":"ywwe3zxh","md5":"fa9def1e5c571343948dbca6e42e0967","sha1":"0e82271089238713233b800760a9ca65d6680aab","sha256":"30bc729ed5588adec9db81c3786ddc27405cb7526b827f52d5367044d247884a"},"dob":{"date":"1969-10-26T16:39:41.701Z","age":54},"registered":{"date":"2013-03-15T10:56:12.236Z","age":11},"phone":"0454-0249614","cell":"0178-0075742","id":{"name":"SVNR","value":"47 261069 R 446"},"picture":{"large":"https://randomuser.me/api/portraits/men/0.jpg","medium":"https://randomuser.me/api/portraits/med/men/0.jpg","thumbnail":"https://randomuser.me/api/portraits/thumb/men/0.jpg"},"nat":"DE"}],"info":{"seed":"b371321c9a245b1c","results":1,"page":1,"version":"1.4"}} 
 </msg>
<msg time="2024-06-05T15:15:34.396978" level="INFO">/opt/hostedtoolcache/Python/3.12.3/x64/lib/python3.12/site-packages/urllib3/connectionpool.py:1103: InsecureRequestWarning: Unverified HTTPS request is being made to host 'randomuser.me'. Adding certificate verification is strongly advised. See: https://urllib3.readthedocs.io/en/latest/advanced-usage.html#tls-warnings
  warnings.warn(</msg>
<msg time="2024-06-05T15:15:34.397148" level="INFO">${response} = &lt;Response [200]&gt;</msg>
<var>${response}</var>
<arg>consultarAPI</arg>
<arg>/api</arg>
<doc>Sends a GET request on a previously created HTTP Session.</doc>
<status status="PASS" start="2024-06-05T15:15:34.230142" elapsed="0.167050"/>
</kw>
<kw name="Should Be Equal As Numbers" owner="BuiltIn">
<msg time="2024-06-05T15:15:34.398243" level="INFO">Argument types are:
&lt;class 'int'&gt;
&lt;class 'str'&gt;</msg>
<arg>${response.status_code}</arg>
<arg>200</arg>
<doc>Fails if objects are unequal after converting them to real numbers.</doc>
<status status="PASS" start="2024-06-05T15:15:34.397762" elapsed="0.000554"/>
</kw>
<kw name="Log" owner="BuiltIn">
<msg time="2024-06-05T15:15:34.399115" level="INFO">200</msg>
<arg>${response.status_code}</arg>
<doc>Logs the given message with the given level.</doc>
<status status="PASS" start="2024-06-05T15:15:34.398725" elapsed="0.000442"/>
</kw>
<kw name="Set Variable" owner="BuiltIn">
<msg time="2024-06-05T15:15:34.400031" level="INFO">${json_data} = {'results': [{'gender': 'male', 'name': {'title': 'Mr', 'first': 'Harro', 'last': 'Reusch'}, 'location': {'street': {'number': 5087, 'name': 'Rosenweg'}, 'city': 'Bad Kötzting', 'state': 'Bremen', 'co...</msg>
<var>${json_data}</var>
<arg>${response.json()}</arg>
<doc>Returns the given values which can then be assigned to a variables.</doc>
<status status="PASS" start="2024-06-05T15:15:34.399511" elapsed="0.000550"/>
</kw>
<kw name="Dictionary Should Contain Key" owner="Collections">
<msg time="2024-06-05T15:15:34.400568" level="INFO">False</msg>
<arg>${json_data}</arg>
<arg>results</arg>
<doc>Fails if ``key`` is not found from ``dictionary``.</doc>
<status status="PASS" start="2024-06-05T15:15:34.400389" elapsed="0.000220"/>
</kw>
<status status="PASS" start="2024-06-05T15:15:34.229797" elapsed="0.171083"/>
</kw>
<doc>Testa se a API responde corretamente e retorna um objeto JSON válido.</doc>
<tag>testeRequisicaoBasica</tag>
<status status="PASS" start="2024-06-05T15:15:34.229188" elapsed="0.171881"/>
</test>
<test id="s1-s1-t3" name="Validar estrutura de resposta" line="22">
<kw name="Teste de Estrutura de Resposta" owner="random-user-service">
<kw name="GET On Session" owner="RequestsLibrary">
<msg time="2024-06-05T15:15:34.518176" level="INFO">GET Request : url=https://randomuser.me/api 
 path_url=/api 
 headers={'User-Agent': 'python-requests/2.32.3', 'Accept-Encoding': 'gzip, deflate', 'Accept': '*/*', 'Connection': 'keep-alive'} 
 body=None 
 </msg>
<msg time="2024-06-05T15:15:34.518293" level="INFO">GET Response : url=https://randomuser.me/api 
 status=200, reason=OK 
 headers={'Date': 'Wed, 05 Jun 2024 15:15:34 GMT', 'Content-Type': 'application/json; charset=utf-8', 'Transfer-Encoding': 'chunked', 'Connection': 'keep-alive', 'X-Powered-By': 'Express', 'Access-Control-Allow-Origin': '*', 'Cache-Control': 'no-cache', 'ETag': 'W/"498-dbcuBQC2Ilm4g0YfnuxxXVGfL+0"', 'Vary': 'Accept-Encoding', 'Content-Encoding': 'gzip', 'CF-Cache-Status': 'DYNAMIC', 'Report-To': '{"endpoints":[{"url":"https:\\/\\/a.nel.cloudflare.com\\/report\\/v4?s=HI9B5%2BmvKUs1elMS1DDYE%2BoGvV5WgbPZlY2b6oJ1MDtzEFWhYIJ385tHUOI1UWLfoxylOwdGD%2BRJjCxrBTHIt7eDXsX2m5GIJG6KnvtYwm5RJp0WNNkwdBHiC9zjobcL"}],"group":"cf-nel","max_age":604800}', 'NEL': '{"success_fraction":0,"report_to":"cf-nel","max_age":604800}', 'Server': 'cloudflare', 'CF-RAY': '88f11e6c083431fd-LAX', 'alt-svc': 'h3=":443"; ma=86400'} 
 body={"results":[{"gender":"female","name":{"title":"Miss","first":"Pieterdina","last":"Kara"},"location":{"street":{"number":1740,"name":"Bruningstraat"},"city":"Lage Zwaluwe","state":"Overijssel","country":"Netherlands","postcode":"8992 HI","coordinates":{"latitude":"38.3769","longitude":"24.3545"},"timezone":{"offset":"+6:00","description":"Almaty, Dhaka, Colombo"}},"email":"pieterdina.kara@example.com","login":{"uuid":"b52c237b-93c6-4e94-9c57-0a07d3bf3842","username":"heavybear712","password":"fowler","salt":"mXy3MrYV","md5":"ecc34c25d3c9c60ffc8c89ff284394e3","sha1":"7c21cdab669b26c67177f922c67e9761c972c12b","sha256":"d1c6617e35b37f5a22a890936f7c9eec60ba9e6dbde68201a6f95c29beff439c"},"dob":{"date":"1945-07-02T12:43:16.091Z","age":78},"registered":{"date":"2011-10-19T21:50:04.401Z","age":12},"phone":"(017) 9252147","cell":"(06) 73143022","id":{"name":"BSN","value":"13492598"},"picture":{"large":"https://randomuser.me/api/portraits/women/84.jpg","medium":"https://randomuser.me/api/portraits/med/women/84.jpg","thumbnail":"https://randomuser.me/api/portraits/thumb/women/84.jpg"},"nat":"NL"}],"info":{"seed":"71760ec68c889a5a","results":1,"page":1,"version":"1.4"}} 
 </msg>
<msg time="2024-06-05T15:15:34.518445" level="INFO">/opt/hostedtoolcache/Python/3.12.3/x64/lib/python3.12/site-packages/urllib3/connectionpool.py:1103: InsecureRequestWarning: Unverified HTTPS request is being made to host 'randomuser.me'. Adding certificate verification is strongly advised. See: https://urllib3.readthedocs.io/en/latest/advanced-usage.html#tls-warnings
  warnings.warn(</msg>
<msg time="2024-06-05T15:15:34.518621" level="INFO">${response} = &lt;Response [200]&gt;</msg>
<var>${response}</var>
<arg>consultarAPI</arg>
<arg>/api</arg>
<doc>Sends a GET request on a previously created HTTP Session.</doc>
<status status="PASS" start="2024-06-05T15:15:34.403903" elapsed="0.114764"/>
</kw>
<kw name="Set Variable" owner="BuiltIn">
<msg time="2024-06-05T15:15:34.519807" level="INFO">${json_data} = {'results': [{'gender': 'female', 'name': {'title': 'Miss', 'first': 'Pieterdina', 'last': 'Kara'}, 'location': {'street': {'number': 1740, 'name': 'Bruningstraat'}, 'city': 'Lage Zwaluwe', 'state': '...</msg>
<var>${json_data}</var>
<arg>${response.json()}</arg>
<doc>Returns the given values which can then be assigned to a variables.</doc>
<status status="PASS" start="2024-06-05T15:15:34.519200" elapsed="0.000637"/>
</kw>
<kw name="Log" owner="BuiltIn">
<msg time="2024-06-05T15:15:34.520392" level="INFO">{'results': [{'gender': 'female', 'name': {'title': 'Miss', 'first': 'Pieterdina', 'last': 'Kara'}, 'location': {'street': {'number': 1740, 'name': 'Bruningstraat'}, 'city': 'Lage Zwaluwe', 'state': 'Overijssel', 'country': 'Netherlands', 'postcode': '8992 HI', 'coordinates': {'latitude': '38.3769', 'longitude': '24.3545'}, 'timezone': {'offset': '+6:00', 'description': 'Almaty, Dhaka, Colombo'}}, 'email': 'pieterdina.kara@example.com', 'login': {'uuid': 'b52c237b-93c6-4e94-9c57-0a07d3bf3842', 'username': 'heavybear712', 'password': 'fowler', 'salt': 'mXy3MrYV', 'md5': 'ecc34c25d3c9c60ffc8c89ff284394e3', 'sha1': '7c21cdab669b26c67177f922c67e9761c972c12b', 'sha256': 'd1c6617e35b37f5a22a890936f7c9eec60ba9e6dbde68201a6f95c29beff439c'}, 'dob': {'date': '1945-07-02T12:43:16.091Z', 'age': 78}, 'registered': {'date': '2011-10-19T21:50:04.401Z', 'age': 12}, 'phone': '(017) 9252147', 'cell': '(06) 73143022', 'id': {'name': 'BSN', 'value': '13492598'}, 'picture': {'large': 'https://randomuser.me/api/portraits/women/84.jpg', 'medium': 'https://randomuser.me/api/portraits/med/women/84.jpg', 'thumbnail': 'https://randomuser.me/api/portraits/thumb/women/84.jpg'}, 'nat': 'NL'}], 'info': {'seed': '71760ec68c889a5a', 'results': 1, 'page': 1, 'version': '1.4'}}</msg>
<arg>${json_data}</arg>
<doc>Logs the given message with the given level.</doc>
<status status="PASS" start="2024-06-05T15:15:34.520217" elapsed="0.000231"/>
</kw>
<kw name="Dictionary Should Contain Key" owner="Collections">
<msg time="2024-06-05T15:15:34.520932" level="INFO">False</msg>
<arg>${json_data}</arg>
<arg>results</arg>
<doc>Fails if ``key`` is not found from ``dictionary``.</doc>
<status status="PASS" start="2024-06-05T15:15:34.520767" elapsed="0.000203"/>
</kw>
<kw name="Should Not Be Empty" owner="BuiltIn">
<msg time="2024-06-05T15:15:34.521418" level="INFO">Length is 2.</msg>
<arg>${json_data}</arg>
<doc>Verifies that the given item is not empty.</doc>
<status status="PASS" start="2024-06-05T15:15:34.521279" elapsed="0.000179"/>
</kw>
<kw name="Create List" owner="BuiltIn">
<msg time="2024-06-05T15:15:34.522084" level="INFO">${expected_keys} = ['gender', 'name', 'location', 'email', 'login']</msg>
<var>${expected_keys}</var>
<arg>gender</arg>
<arg>name</arg>
<arg>location</arg>
<arg>email</arg>
<arg>login</arg>
<doc>Returns a list containing given items.</doc>
<status status="PASS" start="2024-06-05T15:15:34.521755" elapsed="0.000355"/>
</kw>
<for flavor="IN">
<iter>
<kw name="Dictionary Should Contain Key" owner="Collections">
<msg time="2024-06-05T15:15:34.523142" level="INFO">False</msg>
<arg>${json_data['results'][0]}</arg>
<arg>${key}</arg>
<doc>Fails if ``key`` is not found from ``dictionary``.</doc>
<status status="PASS" start="2024-06-05T15:15:34.522732" elapsed="0.000449"/>
</kw>
<kw name="Log" owner="BuiltIn">
<msg time="2024-06-05T15:15:34.523890" level="INFO">{'gender': 'female', 'name': {'title': 'Miss', 'first': 'Pieterdina', 'last': 'Kara'}, 'location': {'street': {'number': 1740, 'name': 'Bruningstraat'}, 'city': 'Lage Zwaluwe', 'state': 'Overijssel', 'country': 'Netherlands', 'postcode': '8992 HI', 'coordinates': {'latitude': '38.3769', 'longitude': '24.3545'}, 'timezone': {'offset': '+6:00', 'description': 'Almaty, Dhaka, Colombo'}}, 'email': 'pieterdina.kara@example.com', 'login': {'uuid': 'b52c237b-93c6-4e94-9c57-0a07d3bf3842', 'username': 'heavybear712', 'password': 'fowler', 'salt': 'mXy3MrYV', 'md5': 'ecc34c25d3c9c60ffc8c89ff284394e3', 'sha1': '7c21cdab669b26c67177f922c67e9761c972c12b', 'sha256': 'd1c6617e35b37f5a22a890936f7c9eec60ba9e6dbde68201a6f95c29beff439c'}, 'dob': {'date': '1945-07-02T12:43:16.091Z', 'age': 78}, 'registered': {'date': '2011-10-19T21:50:04.401Z', 'age': 12}, 'phone': '(017) 9252147', 'cell': '(06) 73143022', 'id': {'name': 'BSN', 'value': '13492598'}, 'picture': {'large': 'https://randomuser.me/api/portraits/women/84.jpg', 'medium': 'https://randomuser.me/api/portraits/med/women/84.jpg', 'thumbnail': 'https://randomuser.me/api/portraits/thumb/women/84.jpg'}, 'nat': 'NL'}</msg>
<arg>${json_data['results'][0]}</arg>
<doc>Logs the given message with the given level.</doc>
<status status="PASS" start="2024-06-05T15:15:34.523486" elapsed="0.000452"/>
</kw>
<kw name="Log" owner="BuiltIn">
<msg time="2024-06-05T15:15:34.524367" level="INFO">gender</msg>
<arg>${key}</arg>
<doc>Logs the given message with the given level.</doc>
<status status="PASS" start="2024-06-05T15:15:34.524236" elapsed="0.000171"/>
</kw>
<var name="${key}">gender</var>
<status status="PASS" start="2024-06-05T15:15:34.522602" elapsed="0.002026"/>
</iter>
<iter>
<kw name="Dictionary Should Contain Key" owner="Collections">
<msg time="2024-06-05T15:15:34.525331" level="INFO">False</msg>
<arg>${json_data['results'][0]}</arg>
<arg>${key}</arg>
<doc>Fails if ``key`` is not found from ``dictionary``.</doc>
<status status="PASS" start="2024-06-05T15:15:34.524944" elapsed="0.000424"/>
</kw>
<kw name="Log" owner="BuiltIn">
<msg time="2024-06-05T15:15:34.526049" level="INFO">{'gender': 'female', 'name': {'title': 'Miss', 'first': 'Pieterdina', 'last': 'Kara'}, 'location': {'street': {'number': 1740, 'name': 'Bruningstraat'}, 'city': 'Lage Zwaluwe', 'state': 'Overijssel', 'country': 'Netherlands', 'postcode': '8992 HI', 'coordinates': {'latitude': '38.3769', 'longitude': '24.3545'}, 'timezone': {'offset': '+6:00', 'description': 'Almaty, Dhaka, Colombo'}}, 'email': 'pieterdina.kara@example.com', 'login': {'uuid': 'b52c237b-93c6-4e94-9c57-0a07d3bf3842', 'username': 'heavybear712', 'password': 'fowler', 'salt': 'mXy3MrYV', 'md5': 'ecc34c25d3c9c60ffc8c89ff284394e3', 'sha1': '7c21cdab669b26c67177f922c67e9761c972c12b', 'sha256': 'd1c6617e35b37f5a22a890936f7c9eec60ba9e6dbde68201a6f95c29beff439c'}, 'dob': {'date': '1945-07-02T12:43:16.091Z', 'age': 78}, 'registered': {'date': '2011-10-19T21:50:04.401Z', 'age': 12}, 'phone': '(017) 9252147', 'cell': '(06) 73143022', 'id': {'name': 'BSN', 'value': '13492598'}, 'picture': {'large': 'https://randomuser.me/api/portraits/women/84.jpg', 'medium': 'https://randomuser.me/api/portraits/med/women/84.jpg', 'thumbnail': 'https://randomuser.me/api/portraits/thumb/women/84.jpg'}, 'nat': 'NL'}</msg>
<arg>${json_data['results'][0]}</arg>
<doc>Logs the given message with the given level.</doc>
<status status="PASS" start="2024-06-05T15:15:34.525694" elapsed="0.000403"/>
</kw>
<kw name="Log" owner="BuiltIn">
<msg time="2024-06-05T15:15:34.526514" level="INFO">name</msg>
<arg>${key}</arg>
<doc>Logs the given message with the given level.</doc>
<status status="PASS" start="2024-06-05T15:15:34.526390" elapsed="0.000161"/>
</kw>
<var name="${key}">name</var>
<status status="PASS" start="2024-06-05T15:15:34.524826" elapsed="0.001935"/>
</iter>
<iter>
<kw name="Dictionary Should Contain Key" owner="Collections">
<msg time="2024-06-05T15:15:34.527428" level="INFO">False</msg>
<arg>${json_data['results'][0]}</arg>
<arg>${key}</arg>
<doc>Fails if ``key`` is not found from ``dictionary``.</doc>
<status status="PASS" start="2024-06-05T15:15:34.527054" elapsed="0.000411"/>
</kw>
<kw name="Log" owner="BuiltIn">
<msg time="2024-06-05T15:15:34.528152" level="INFO">{'gender': 'female', 'name': {'title': 'Miss', 'first': 'Pieterdina', 'last': 'Kara'}, 'location': {'street': {'number': 1740, 'name': 'Bruningstraat'}, 'city': 'Lage Zwaluwe', 'state': 'Overijssel', 'country': 'Netherlands', 'postcode': '8992 HI', 'coordinates': {'latitude': '38.3769', 'longitude': '24.3545'}, 'timezone': {'offset': '+6:00', 'description': 'Almaty, Dhaka, Colombo'}}, 'email': 'pieterdina.kara@example.com', 'login': {'uuid': 'b52c237b-93c6-4e94-9c57-0a07d3bf3842', 'username': 'heavybear712', 'password': 'fowler', 'salt': 'mXy3MrYV', 'md5': 'ecc34c25d3c9c60ffc8c89ff284394e3', 'sha1': '7c21cdab669b26c67177f922c67e9761c972c12b', 'sha256': 'd1c6617e35b37f5a22a890936f7c9eec60ba9e6dbde68201a6f95c29beff439c'}, 'dob': {'date': '1945-07-02T12:43:16.091Z', 'age': 78}, 'registered': {'date': '2011-10-19T21:50:04.401Z', 'age': 12}, 'phone': '(017) 9252147', 'cell': '(06) 73143022', 'id': {'name': 'BSN', 'value': '13492598'}, 'picture': {'large': 'https://randomuser.me/api/portraits/women/84.jpg', 'medium': 'https://randomuser.me/api/portraits/med/women/84.jpg', 'thumbnail': 'https://randomuser.me/api/portraits/thumb/women/84.jpg'}, 'nat': 'NL'}</msg>
<arg>${json_data['results'][0]}</arg>
<doc>Logs the given message with the given level.</doc>
<status status="PASS" start="2024-06-05T15:15:34.527793" elapsed="0.000407"/>
</kw>
<kw name="Log" owner="BuiltIn">
<msg time="2024-06-05T15:15:34.528629" level="INFO">location</msg>
<arg>${key}</arg>
<doc>Logs the given message with the given level.</doc>
<status status="PASS" start="2024-06-05T15:15:34.528503" elapsed="0.000163"/>
</kw>
<var name="${key}">location</var>
<status status="PASS" start="2024-06-05T15:15:34.526942" elapsed="0.001935"/>
</iter>
<iter>
<kw name="Dictionary Should Contain Key" owner="Collections">
<msg time="2024-06-05T15:15:34.529552" level="INFO">False</msg>
<arg>${json_data['results'][0]}</arg>
<arg>${key}</arg>
<doc>Fails if ``key`` is not found from ``dictionary``.</doc>
<status status="PASS" start="2024-06-05T15:15:34.529175" elapsed="0.000415"/>
</kw>
<kw name="Log" owner="BuiltIn">
<msg time="2024-06-05T15:15:34.530242" level="INFO">{'gender': 'female', 'name': {'title': 'Miss', 'first': 'Pieterdina', 'last': 'Kara'}, 'location': {'street': {'number': 1740, 'name': 'Bruningstraat'}, 'city': 'Lage Zwaluwe', 'state': 'Overijssel', 'country': 'Netherlands', 'postcode': '8992 HI', 'coordinates': {'latitude': '38.3769', 'longitude': '24.3545'}, 'timezone': {'offset': '+6:00', 'description': 'Almaty, Dhaka, Colombo'}}, 'email': 'pieterdina.kara@example.com', 'login': {'uuid': 'b52c237b-93c6-4e94-9c57-0a07d3bf3842', 'username': 'heavybear712', 'password': 'fowler', 'salt': 'mXy3MrYV', 'md5': 'ecc34c25d3c9c60ffc8c89ff284394e3', 'sha1': '7c21cdab669b26c67177f922c67e9761c972c12b', 'sha256': 'd1c6617e35b37f5a22a890936f7c9eec60ba9e6dbde68201a6f95c29beff439c'}, 'dob': {'date': '1945-07-02T12:43:16.091Z', 'age': 78}, 'registered': {'date': '2011-10-19T21:50:04.401Z', 'age': 12}, 'phone': '(017) 9252147', 'cell': '(06) 73143022', 'id': {'name': 'BSN', 'value': '13492598'}, 'picture': {'large': 'https://randomuser.me/api/portraits/women/84.jpg', 'medium': 'https://randomuser.me/api/portraits/med/women/84.jpg', 'thumbnail': 'https://randomuser.me/api/portraits/thumb/women/84.jpg'}, 'nat': 'NL'}</msg>
<arg>${json_data['results'][0]}</arg>
<doc>Logs the given message with the given level.</doc>
<status status="PASS" start="2024-06-05T15:15:34.529883" elapsed="0.000409"/>
</kw>
<kw name="Log" owner="BuiltIn">
<msg time="2024-06-05T15:15:34.530712" level="INFO">email</msg>
<arg>${key}</arg>
<doc>Logs the given message with the given level.</doc>
<status status="PASS" start="2024-06-05T15:15:34.530585" elapsed="0.000165"/>
</kw>
<var name="${key}">email</var>
<status status="PASS" start="2024-06-05T15:15:34.529053" elapsed="0.001911"/>
</iter>
<iter>
<kw name="Dictionary Should Contain Key" owner="Collections">
<msg time="2024-06-05T15:15:34.531631" level="INFO">False</msg>
<arg>${json_data['results'][0]}</arg>
<arg>${key}</arg>
<doc>Fails if ``key`` is not found from ``dictionary``.</doc>
<status status="PASS" start="2024-06-05T15:15:34.531246" elapsed="0.000423"/>
</kw>
<kw name="Log" owner="BuiltIn">
<msg time="2024-06-05T15:15:34.532345" level="INFO">{'gender': 'female', 'name': {'title': 'Miss', 'first': 'Pieterdina', 'last': 'Kara'}, 'location': {'street': {'number': 1740, 'name': 'Bruningstraat'}, 'city': 'Lage Zwaluwe', 'state': 'Overijssel', 'country': 'Netherlands', 'postcode': '8992 HI', 'coordinates': {'latitude': '38.3769', 'longitude': '24.3545'}, 'timezone': {'offset': '+6:00', 'description': 'Almaty, Dhaka, Colombo'}}, 'email': 'pieterdina.kara@example.com', 'login': {'uuid': 'b52c237b-93c6-4e94-9c57-0a07d3bf3842', 'username': 'heavybear712', 'password': 'fowler', 'salt': 'mXy3MrYV', 'md5': 'ecc34c25d3c9c60ffc8c89ff284394e3', 'sha1': '7c21cdab669b26c67177f922c67e9761c972c12b', 'sha256': 'd1c6617e35b37f5a22a890936f7c9eec60ba9e6dbde68201a6f95c29beff439c'}, 'dob': {'date': '1945-07-02T12:43:16.091Z', 'age': 78}, 'registered': {'date': '2011-10-19T21:50:04.401Z', 'age': 12}, 'phone': '(017) 9252147', 'cell': '(06) 73143022', 'id': {'name': 'BSN', 'value': '13492598'}, 'picture': {'large': 'https://randomuser.me/api/portraits/women/84.jpg', 'medium': 'https://randomuser.me/api/portraits/med/women/84.jpg', 'thumbnail': 'https://randomuser.me/api/portraits/thumb/women/84.jpg'}, 'nat': 'NL'}</msg>
<arg>${json_data['results'][0]}</arg>
<doc>Logs the given message with the given level.</doc>
<status status="PASS" start="2024-06-05T15:15:34.531987" elapsed="0.000406"/>
</kw>
<kw name="Log" owner="BuiltIn">
<msg time="2024-06-05T15:15:34.532812" level="INFO">login</msg>
<arg>${key}</arg>
<doc>Logs the given message with the given level.</doc>
<status status="PASS" start="2024-06-05T15:15:34.532684" elapsed="0.000166"/>
</kw>
<var name="${key}">login</var>
<status status="PASS" start="2024-06-05T15:15:34.531136" elapsed="0.001952"/>
</iter>
<var>${key}</var>
<value>@{expected_keys}</value>
<status status="PASS" start="2024-06-05T15:15:34.522394" elapsed="0.010820"/>
</for>
<kw name="Create List" owner="BuiltIn">
<msg time="2024-06-05T15:15:34.533559" level="INFO">${expected_keysTwo} = ['username', 'password']</msg>
<var>${expected_keysTwo}</var>
<arg>username</arg>
<arg>password</arg>
<doc>Returns a list containing given items.</doc>
<status status="PASS" start="2024-06-05T15:15:34.533418" elapsed="0.000164"/>
</kw>
<for flavor="IN">
<iter>
<kw name="Dictionary Should Contain Key" owner="Collections">
<msg time="2024-06-05T15:15:34.534477" level="INFO">False</msg>
<arg>${json_data['results'][0]['login']}</arg>
<arg>${keyTwo}</arg>
<doc>Fails if ``key`` is not found from ``dictionary``.</doc>
<status status="PASS" start="2024-06-05T15:15:34.534086" elapsed="0.000428"/>
</kw>
<kw name="Dictionary Should Contain Key" owner="Collections">
<msg time="2024-06-05T15:15:34.535198" level="INFO">False</msg>
<arg>${json_data['results'][0]['login']}</arg>
<arg>${keyTwo}</arg>
<doc>Fails if ``key`` is not found from ``dictionary``.</doc>
<status status="PASS" start="2024-06-05T15:15:34.534809" elapsed="0.000427"/>
</kw>
<kw name="Log" owner="BuiltIn">
<msg time="2024-06-05T15:15:34.535652" level="INFO">username</msg>
<arg>${keyTwo}</arg>
<doc>Logs the given message with the given level.</doc>
<status status="PASS" start="2024-06-05T15:15:34.535527" elapsed="0.000162"/>
</kw>
<var name="${keyTwo}">username</var>
<status status="PASS" start="2024-06-05T15:15:34.533976" elapsed="0.001971"/>
</iter>
<iter>
<kw name="Dictionary Should Contain Key" owner="Collections">
<msg time="2024-06-05T15:15:34.536622" level="INFO">False</msg>
<arg>${json_data['results'][0]['login']}</arg>
<arg>${keyTwo}</arg>
<doc>Fails if ``key`` is not found from ``dictionary``.</doc>
<status status="PASS" start="2024-06-05T15:15:34.536241" elapsed="0.000420"/>
</kw>
<kw name="Dictionary Should Contain Key" owner="Collections">
<msg time="2024-06-05T15:15:34.537428" level="INFO">False</msg>
<arg>${json_data['results'][0]['login']}</arg>
<arg>${keyTwo}</arg>
<doc>Fails if ``key`` is not found from ``dictionary``.</doc>
<status status="PASS" start="2024-06-05T15:15:34.536960" elapsed="0.000508"/>
</kw>
<kw name="Log" owner="BuiltIn">
<msg time="2024-06-05T15:15:34.537897" level="INFO">password</msg>
<arg>${keyTwo}</arg>
<doc>Logs the given message with the given level.</doc>
<status status="PASS" start="2024-06-05T15:15:34.537769" elapsed="0.000166"/>
</kw>
<var name="${keyTwo}">password</var>
<status status="PASS" start="2024-06-05T15:15:34.536123" elapsed="0.002024"/>
</iter>
<var>${keyTwo}</var>
<value>@{expected_keysTwo}</value>
<status status="PASS" start="2024-06-05T15:15:34.533822" elapsed="0.004445"/>
</for>
<status status="PASS" start="2024-06-05T15:15:34.403610" elapsed="0.134802"/>
</kw>
<doc>Testa a estrutura da resposta da API.</doc>
<tag>testeEstruturaResposta</tag>
<status status="PASS" start="2024-06-05T15:15:34.402964" elapsed="0.135607"/>
</test>
<test id="s1-s1-t4" name="Validar tipos de dados" line="28">
<kw name="Teste de Tipos de Dados" owner="random-user-service">
<kw name="GET On Session" owner="RequestsLibrary">
<msg time="2024-06-05T15:15:34.641332" level="INFO">GET Request : url=https://randomuser.me/api 
 path_url=/api 
 headers={'User-Agent': 'python-requests/2.32.3', 'Accept-Encoding': 'gzip, deflate', 'Accept': '*/*', 'Connection': 'keep-alive'} 
 body=None 
 </msg>
<msg time="2024-06-05T15:15:34.641449" level="INFO">GET Response : url=https://randomuser.me/api 
 status=200, reason=OK 
 headers={'Date': 'Wed, 05 Jun 2024 15:15:34 GMT', 'Content-Type': 'application/json; charset=utf-8', 'Transfer-Encoding': 'chunked', 'Connection': 'keep-alive', 'X-Powered-By': 'Express', 'Access-Control-Allow-Origin': '*', 'Cache-Control': 'no-cache', 'ETag': 'W/"489-SXIjtyRy20taX9ECCzulNX3JpeE"', 'Vary': 'Accept-Encoding', 'Content-Encoding': 'gzip', 'CF-Cache-Status': 'DYNAMIC', 'Report-To': '{"endpoints":[{"url":"https:\\/\\/a.nel.cloudflare.com\\/report\\/v4?s=SFwX0aOnvMAx9Uwmn4PnlxmhLWqxIATvBeecdt6RnocwzAuBPPEqh%2FvmRGHlLAgj4ImecmtKSAImF1tdSnDIK3tHoPrt1DUR%2Fp0W9ZZBXpY1ftDhDKqU%2FqzArg2catCU"}],"group":"cf-nel","max_age":604800}', 'NEL': '{"success_fraction":0,"report_to":"cf-nel","max_age":604800}', 'Server': 'cloudflare', 'CF-RAY': '88f11e6ce8f131fd-LAX', 'alt-svc': 'h3=":443"; ma=86400'} 
 body={"results":[{"gender":"female","name":{"title":"Ms","first":"Diana","last":"Solyanik"},"location":{"street":{"number":4129,"name":"Bukova"},"city":"Smila","state":"Luganska","country":"Ukraine","postcode":14161,"coordinates":{"latitude":"75.7697","longitude":"92.2658"},"timezone":{"offset":"+5:00","description":"Ekaterinburg, Islamabad, Karachi, Tashkent"}},"email":"diana.solyanik@example.com","login":{"uuid":"3cdb61c7-0466-4b2d-9725-de84a79e2be4","username":"goldenswan897","password":"betty","salt":"szxTiYgD","md5":"dfde2545ad5e97cdaf4800eb5c4b051a","sha1":"605616bac6e0c0d57a72b7037838c569a3e79a6e","sha256":"e29fce347ccec0d97797a84b3d140f1c47e7363176e1e3153d8571ef849c819a"},"dob":{"date":"1976-06-19T08:10:47.191Z","age":47},"registered":{"date":"2007-07-11T06:00:21.511Z","age":16},"phone":"(096) P91-7826","cell":"(098) G21-3359","id":{"name":"","value":null},"picture":{"large":"https://randomuser.me/api/portraits/women/63.jpg","medium":"https://randomuser.me/api/portraits/med/women/63.jpg","thumbnail":"https://randomuser.me/api/portraits/thumb/women/63.jpg"},"nat":"UA"}],"info":{"seed":"0242b8c576aa72d6","results":1,"page":1,"version":"1.4"}} 
 </msg>
<msg time="2024-06-05T15:15:34.641534" level="INFO">/opt/hostedtoolcache/Python/3.12.3/x64/lib/python3.12/site-packages/urllib3/connectionpool.py:1103: InsecureRequestWarning: Unverified HTTPS request is being made to host 'randomuser.me'. Adding certificate verification is strongly advised. See: https://urllib3.readthedocs.io/en/latest/advanced-usage.html#tls-warnings
  warnings.warn(</msg>
<msg time="2024-06-05T15:15:34.641700" level="INFO">${response} = &lt;Response [200]&gt;</msg>
<var>${response}</var>
<arg>consultarAPI</arg>
<arg>/api</arg>
<doc>Sends a GET request on a previously created HTTP Session.</doc>
<status status="PASS" start="2024-06-05T15:15:34.541179" elapsed="0.100577"/>
</kw>
<kw name="Set Variable" owner="BuiltIn">
<msg time="2024-06-05T15:15:34.643000" level="INFO">${json_data} = {'results': [{'gender': 'female', 'name': {'title': 'Ms', 'first': 'Diana', 'last': 'Solyanik'}, 'location': {'street': {'number': 4129, 'name': 'Bukova'}, 'city': 'Smila', 'state': 'Luganska', 'count...</msg>
<var>${json_data}</var>
<arg>${response.json()}</arg>
<doc>Returns the given values which can then be assigned to a variables.</doc>
<status status="PASS" start="2024-06-05T15:15:34.642434" elapsed="0.000597"/>
</kw>
<kw name="Log" owner="BuiltIn">
<msg time="2024-06-05T15:15:34.643588" level="INFO">{'results': [{'gender': 'female', 'name': {'title': 'Ms', 'first': 'Diana', 'last': 'Solyanik'}, 'location': {'street': {'number': 4129, 'name': 'Bukova'}, 'city': 'Smila', 'state': 'Luganska', 'country': 'Ukraine', 'postcode': 14161, 'coordinates': {'latitude': '75.7697', 'longitude': '92.2658'}, 'timezone': {'offset': '+5:00', 'description': 'Ekaterinburg, Islamabad, Karachi, Tashkent'}}, 'email': 'diana.solyanik@example.com', 'login': {'uuid': '3cdb61c7-0466-4b2d-9725-de84a79e2be4', 'username': 'goldenswan897', 'password': 'betty', 'salt': 'szxTiYgD', 'md5': 'dfde2545ad5e97cdaf4800eb5c4b051a', 'sha1': '605616bac6e0c0d57a72b7037838c569a3e79a6e', 'sha256': 'e29fce347ccec0d97797a84b3d140f1c47e7363176e1e3153d8571ef849c819a'}, 'dob': {'date': '1976-06-19T08:10:47.191Z', 'age': 47}, 'registered': {'date': '2007-07-11T06:00:21.511Z', 'age': 16}, 'phone': '(096) P91-7826', 'cell': '(098) G21-3359', 'id': {'name': '', 'value': None}, 'picture': {'large': 'https://randomuser.me/api/portraits/women/63.jpg', 'medium': 'https://randomuser.me/api/portraits/med/women/63.jpg', 'thumbnail': 'https://randomuser.me/api/portraits/thumb/women/63.jpg'}, 'nat': 'UA'}], 'info': {'seed': '0242b8c576aa72d6', 'results': 1, 'page': 1, 'version': '1.4'}}</msg>
<arg>${json_data}</arg>
<doc>Logs the given message with the given level.</doc>
<status status="PASS" start="2024-06-05T15:15:34.643408" elapsed="0.000270"/>
</kw>
<kw name="Should Be String" owner="String">
<arg>${json_data['results'][0]['gender']}</arg>
<doc>Fails if the given ``item`` is not a string.</doc>
<status status="PASS" start="2024-06-05T15:15:34.644048" elapsed="0.000406"/>
</kw>
<kw name="Should Match Regexp" owner="BuiltIn">
<arg>${json_data['results'][0]['email']}</arg>
<arg>^[a-zA-Z0-9._%+-]+@[a-zA-Z0-9.-]+\.[a-zA-Z]{2,}$</arg>
<doc>Fails if ``string`` does not match ``pattern`` as a regular expression.</doc>
<status status="PASS" start="2024-06-05T15:15:34.644666" elapsed="0.000560"/>
</kw>
<kw name="Should Match Regexp" owner="BuiltIn">
<arg>${json_data['results'][0]['dob']['date']}</arg>
<arg>\\d{4}-\\d{2}-\\d{2}T\\d{2}:\\d{2}:\\d{2}\\.\\d{3}Z</arg>
<doc>Fails if ``string`` does not match ``pattern`` as a regular expression.</doc>
<status status="PASS" start="2024-06-05T15:15:34.645472" elapsed="0.000563"/>
</kw>
<kw name="Should Match Regexp" owner="BuiltIn">
<arg>${json_data['results'][0]['registered']['date']}</arg>
<arg>\\d{4}-\\d{2}-\\d{2}T\\d{2}:\\d{2}:\\d{2}\\.\\d{3}Z</arg>
<doc>Fails if ``string`` does not match ``pattern`` as a regular expression.</doc>
<status status="PASS" start="2024-06-05T15:15:34.646239" elapsed="0.000382"/>
</kw>
<kw name="Should Match Regexp" owner="BuiltIn">
<arg>${json_data['results'][0]['picture']['large']}</arg>
<arg>^https?://.*\.(?:png|jpe?g|gif|bmp)$</arg>
<doc>Fails if ``string`` does not match ``pattern`` as a regular expression.</doc>
<status status="PASS" start="2024-06-05T15:15:34.646814" elapsed="0.000473"/>
</kw>
<kw name="Should Match Regexp" owner="BuiltIn">
<arg>${json_data['results'][0]['picture']['medium']}</arg>
<arg>^https?://.*\.(?:png|jpe?g|gif|bmp)$</arg>
<doc>Fails if ``string`` does not match ``pattern`` as a regular expression.</doc>
<status status="PASS" start="2024-06-05T15:15:34.647478" elapsed="0.000386"/>
</kw>
<kw name="Should Match Regexp" owner="BuiltIn">
<arg>${json_data['results'][0]['picture']['thumbnail']}</arg>
<arg>^https?://.*\.(?:png|jpe?g|gif|bmp)$</arg>
<doc>Fails if ``string`` does not match ``pattern`` as a regular expression.</doc>
<status status="PASS" start="2024-06-05T15:15:34.648052" elapsed="0.000353"/>
</kw>
<kw name="Log" owner="BuiltIn">
<msg time="2024-06-05T15:15:34.648927" level="INFO">{'large': 'https://randomuser.me/api/portraits/women/63.jpg', 'medium': 'https://randomuser.me/api/portraits/med/women/63.jpg', 'thumbnail': 'https://randomuser.me/api/portraits/thumb/women/63.jpg'}</msg>
<arg>${json_data['results'][0]['picture']}</arg>
<doc>Logs the given message with the given level.</doc>
<status status="PASS" start="2024-06-05T15:15:34.648598" elapsed="0.000370"/>
</kw>
<status status="PASS" start="2024-06-05T15:15:34.540939" elapsed="0.108296"/>
</kw>
<kw name="Teste de Tipos de Dados - Postcode" owner="random-user-service">
<kw name="GET On Session" owner="RequestsLibrary">
<msg time="2024-06-05T15:15:34.755553" level="INFO">GET Request : url=https://randomuser.me/api 
 path_url=/api 
 headers={'User-Agent': 'python-requests/2.32.3', 'Accept-Encoding': 'gzip, deflate', 'Accept': '*/*', 'Connection': 'keep-alive'} 
 body=None 
 </msg>
<msg time="2024-06-05T15:15:34.755667" level="INFO">GET Response : url=https://randomuser.me/api 
 status=200, reason=OK 
 headers={'Date': 'Wed, 05 Jun 2024 15:15:34 GMT', 'Content-Type': 'application/json; charset=utf-8', 'Transfer-Encoding': 'chunked', 'Connection': 'keep-alive', 'X-Powered-By': 'Express', 'Access-Control-Allow-Origin': '*', 'Cache-Control': 'no-cache', 'ETag': 'W/"486-yLZ5oOGfs10CI7STmppERZoRlBk"', 'Vary': 'Accept-Encoding', 'Content-Encoding': 'gzip', 'CF-Cache-Status': 'DYNAMIC', 'Report-To': '{"endpoints":[{"url":"https:\\/\\/a.nel.cloudflare.com\\/report\\/v4?s=qjgenpG51AIBZWRwfyrNVTZmqimVR9mlJyhpBKMAAJGhcc%2FCpQ8qmrKE%2Fo%2FgglaWKz2PKl%2BdsG%2BWhUT7X5nxHOA0mun03BJMYkYj39CCUtPXhLtj5LtE6CY9%2FIIILDV2"}],"group":"cf-nel","max_age":604800}', 'NEL': '{"success_fraction":0,"report_to":"cf-nel","max_age":604800}', 'Server': 'cloudflare', 'CF-RAY': '88f11e6d998d31fd-LAX', 'alt-svc': 'h3=":443"; ma=86400'} 
 body={"results":[{"gender":"male","name":{"title":"Mr","first":"Valtteri","last":"Saarinen"},"location":{"street":{"number":1304,"name":"Reijolankatu"},"city":"Liperi","state":"Finland Proper","country":"Finland","postcode":52554,"coordinates":{"latitude":"-26.3686","longitude":"-103.4196"},"timezone":{"offset":"+3:30","description":"Tehran"}},"email":"valtteri.saarinen@example.com","login":{"uuid":"ed92b727-8303-40fc-9573-6f164ade89fe","username":"heavyelephant455","password":"feeling","salt":"Fpbmb9XK","md5":"e51c24e095bdb33707aa6d79f57e06be","sha1":"e00c2988ebf61e6d9d88fe2436076bb4d773a72d","sha256":"0bd43332445292139a0abc7e19b87b9d45c5679aa9a89f921c4a7496c317e5ef"},"dob":{"date":"2000-08-06T22:10:01.644Z","age":23},"registered":{"date":"2003-06-27T01:01:40.440Z","age":20},"phone":"04-688-569","cell":"049-264-63-57","id":{"name":"HETU","value":"NaNNA571undefined"},"picture":{"large":"https://randomuser.me/api/portraits/men/41.jpg","medium":"https://randomuser.me/api/portraits/med/men/41.jpg","thumbnail":"https://randomuser.me/api/portraits/thumb/men/41.jpg"},"nat":"FI"}],"info":{"seed":"f8bc560e619c3e9f","results":1,"page":1,"version":"1.4"}} 
 </msg>
<msg time="2024-06-05T15:15:34.755778" level="INFO">/opt/hostedtoolcache/Python/3.12.3/x64/lib/python3.12/site-packages/urllib3/connectionpool.py:1103: InsecureRequestWarning: Unverified HTTPS request is being made to host 'randomuser.me'. Adding certificate verification is strongly advised. See: https://urllib3.readthedocs.io/en/latest/advanced-usage.html#tls-warnings
  warnings.warn(</msg>
<msg time="2024-06-05T15:15:34.755957" level="INFO">${response} = &lt;Response [200]&gt;</msg>
<var>${response}</var>
<arg>consultarAPI</arg>
<arg>/api</arg>
<doc>Sends a GET request on a previously created HTTP Session.</doc>
<status status="PASS" start="2024-06-05T15:15:34.649708" elapsed="0.106305"/>
</kw>
<kw name="Set Variable" owner="BuiltIn">
<msg time="2024-06-05T15:15:34.757097" level="INFO">${json_data} = {'results': [{'gender': 'male', 'name': {'title': 'Mr', 'first': 'Valtteri', 'last': 'Saarinen'}, 'location': {'street': {'number': 1304, 'name': 'Reijolankatu'}, 'city': 'Liperi', 'state': 'Finland P...</msg>
<var>${json_data}</var>
<arg>${response.json()}</arg>
<doc>Returns the given values which can then be assigned to a variables.</doc>
<status status="PASS" start="2024-06-05T15:15:34.756532" elapsed="0.000597"/>
</kw>
<kw name="Log" owner="BuiltIn">
<msg time="2024-06-05T15:15:34.757663" level="INFO">{'results': [{'gender': 'male', 'name': {'title': 'Mr', 'first': 'Valtteri', 'last': 'Saarinen'}, 'location': {'street': {'number': 1304, 'name': 'Reijolankatu'}, 'city': 'Liperi', 'state': 'Finland Proper', 'country': 'Finland', 'postcode': 52554, 'coordinates': {'latitude': '-26.3686', 'longitude': '-103.4196'}, 'timezone': {'offset': '+3:30', 'description': 'Tehran'}}, 'email': 'valtteri.saarinen@example.com', 'login': {'uuid': 'ed92b727-8303-40fc-9573-6f164ade89fe', 'username': 'heavyelephant455', 'password': 'feeling', 'salt': 'Fpbmb9XK', 'md5': 'e51c24e095bdb33707aa6d79f57e06be', 'sha1': 'e00c2988ebf61e6d9d88fe2436076bb4d773a72d', 'sha256': '0bd43332445292139a0abc7e19b87b9d45c5679aa9a89f921c4a7496c317e5ef'}, 'dob': {'date': '2000-08-06T22:10:01.644Z', 'age': 23}, 'registered': {'date': '2003-06-27T01:01:40.440Z', 'age': 20}, 'phone': '04-688-569', 'cell': '049-264-63-57', 'id': {'name': 'HETU', 'value': 'NaNNA571undefined'}, 'picture': {'large': 'https://randomuser.me/api/portraits/men/41.jpg', 'medium': 'https://randomuser.me/api/portraits/med/men/41.jpg', 'thumbnail': 'https://randomuser.me/api/portraits/thumb/men/41.jpg'}, 'nat': 'FI'}], 'info': {'seed': 'f8bc560e619c3e9f', 'results': 1, 'page': 1, 'version': '1.4'}}</msg>
<arg>${json_data}</arg>
<doc>Logs the given message with the given level.</doc>
<status status="PASS" start="2024-06-05T15:15:34.757492" elapsed="0.000270"/>
</kw>
<kw name="Should Be Equal As Numbers" owner="BuiltIn">
<arg>${json_data['results'][0]['location']['postcode']}</arg>
<arg>${json_data['results'][0]['location']['postcode']}</arg>
<doc>Fails if objects are unequal after converting them to real numbers.</doc>
<status status="PASS" start="2024-06-05T15:15:34.758095" elapsed="0.000848"/>
</kw>
<kw name="Log" owner="BuiltIn">
<msg time="2024-06-05T15:15:34.759501" level="INFO">52554</msg>
<arg>${json_data['results'][0]['location']['postcode']}</arg>
<doc>Logs the given message with the given level.</doc>
<status status="PASS" start="2024-06-05T15:15:34.759152" elapsed="0.000390"/>
</kw>
<status status="PASS" start="2024-06-05T15:15:34.649470" elapsed="0.110372"/>
</kw>
<doc>Testa se os tipos de dados na resposta da API estão corretos.</doc>
<tag>testeTiposDados</tag>
<status status="PASS" start="2024-06-05T15:15:34.540373" elapsed="0.219647"/>
</test>
<test id="s1-s1-t5" name="Validar conteudo" line="35">
<kw name="Teste de Tipos de Conteudo" owner="random-user-service">
<kw name="GET On Session" owner="RequestsLibrary">
<msg time="2024-06-05T15:15:34.859638" level="INFO">GET Request : url=https://randomuser.me/api 
 path_url=/api 
 headers={'User-Agent': 'python-requests/2.32.3', 'Accept-Encoding': 'gzip, deflate', 'Accept': '*/*', 'Connection': 'keep-alive'} 
 body=None 
 </msg>
<msg time="2024-06-05T15:15:34.859818" level="INFO">GET Response : url=https://randomuser.me/api 
 status=200, reason=OK 
 headers={'Date': 'Wed, 05 Jun 2024 15:15:34 GMT', 'Content-Type': 'application/json; charset=utf-8', 'Transfer-Encoding': 'chunked', 'Connection': 'keep-alive', 'X-Powered-By': 'Express', 'Access-Control-Allow-Origin': '*', 'Cache-Control': 'no-cache', 'ETag': 'W/"4a0-/cGfxmKSXIFxPUAdipNwhm739tc"', 'Vary': 'Accept-Encoding', 'Content-Encoding': 'gzip', 'CF-Cache-Status': 'DYNAMIC', 'Report-To': '{"endpoints":[{"url":"https:\\/\\/a.nel.cloudflare.com\\/report\\/v4?s=nxgjxP7pIQcU3ZRlwkexe%2BnrJGeD%2BXaXgwmxo8GhOXhOqT%2F2tjmprFe0DZzKGqgwS%2Bj9JpUtlkLg9FW36LySMrSxschsM5hJAOOPo6fuO4j0OaVmV6%2F%2FCmI59O39gPRV"}],"group":"cf-nel","max_age":604800}', 'NEL': '{"success_fraction":0,"report_to":"cf-nel","max_age":604800}', 'Server': 'cloudflare', 'CF-RAY': '88f11e6e4a4831fd-LAX', 'alt-svc': 'h3=":443"; ma=86400'} 
 body={"results":[{"gender":"male","name":{"title":"Mr","first":"Djuri","last":"Van Esch"},"location":{"street":{"number":4584,"name":"Ferdinand Bolplantsoen"},"city":"Bergen Nh","state":"Groningen","country":"Netherlands","postcode":"7699 VU","coordinates":{"latitude":"33.5267","longitude":"-130.9286"},"timezone":{"offset":"+9:00","description":"Tokyo, Seoul, Osaka, Sapporo, Yakutsk"}},"email":"djuri.vanesch@example.com","login":{"uuid":"3dd7815a-27ca-4fbe-a6cf-61c0e8d1d3ab","username":"silverwolf471","password":"hetfield","salt":"jBXP7S5O","md5":"f09256c2e1fb42c1f3fd96011236cc5d","sha1":"6a09b67875a0672d2bb8cade0b92acb0f219dc6b","sha256":"654db7d7398c594f5b06a28ae559add2b6f5a44d1210166d0a4bb335a24a85c2"},"dob":{"date":"1949-09-20T21:54:17.081Z","age":74},"registered":{"date":"2017-10-22T06:03:20.408Z","age":6},"phone":"(0223) 893811","cell":"(06) 71440543","id":{"name":"BSN","value":"69903992"},"picture":{"large":"https://randomuser.me/api/portraits/men/3.jpg","medium":"https://randomuser.me/api/portraits/med/men/3.jpg","thumbnail":"https://randomuser.me/api/portraits/thumb/men/3.jpg"},"nat":"NL"}],"info":{"seed":"90b16024a9ade5b7","results":1,"page":1,"version":"1.4"}} 
 </msg>
<msg time="2024-06-05T15:15:34.859917" level="INFO">/opt/hostedtoolcache/Python/3.12.3/x64/lib/python3.12/site-packages/urllib3/connectionpool.py:1103: InsecureRequestWarning: Unverified HTTPS request is being made to host 'randomuser.me'. Adding certificate verification is strongly advised. See: https://urllib3.readthedocs.io/en/latest/advanced-usage.html#tls-warnings
  warnings.warn(</msg>
<msg time="2024-06-05T15:15:34.860086" level="INFO">${response} = &lt;Response [200]&gt;</msg>
<var>${response}</var>
<arg>consultarAPI</arg>
<arg>/api</arg>
<doc>Sends a GET request on a previously created HTTP Session.</doc>
<status status="PASS" start="2024-06-05T15:15:34.762860" elapsed="0.097282"/>
</kw>
<kw name="Set Variable" owner="BuiltIn">
<msg time="2024-06-05T15:15:34.861292" level="INFO">${json_data} = {'results': [{'gender': 'male', 'name': {'title': 'Mr', 'first': 'Djuri', 'last': 'Van Esch'}, 'location': {'street': {'number': 4584, 'name': 'Ferdinand Bolplantsoen'}, 'city': 'Bergen Nh', 'state': ...</msg>
<var>${json_data}</var>
<arg>${response.json()}</arg>
<doc>Returns the given values which can then be assigned to a variables.</doc>
<status status="PASS" start="2024-06-05T15:15:34.860711" elapsed="0.000615"/>
</kw>
<kw name="Set Variable" owner="BuiltIn">
<msg time="2024-06-05T15:15:34.862209" level="INFO">${name_title} = Mr</msg>
<var>${name_title}</var>
<arg>${json_data["results"][0]["name"]["title"]}</arg>
<doc>Returns the given values which can then be assigned to a variables.</doc>
<status status="PASS" start="2024-06-05T15:15:34.861756" elapsed="0.000481"/>
</kw>
<kw name="Create List" owner="BuiltIn">
<msg time="2024-06-05T15:15:34.862797" level="INFO">${allowed_titles} = ['Mr', 'Ms', 'Miss', 'Mrs', 'Madame', 'Monsieur']</msg>
<var>${allowed_titles}</var>
<arg>Mr</arg>
<arg>Ms</arg>
<arg>Miss</arg>
<arg>Mrs</arg>
<arg>Madame</arg>
<arg>Monsieur</arg>
<doc>Returns a list containing given items.</doc>
<status status="PASS" start="2024-06-05T15:15:34.862617" elapsed="0.000205"/>
</kw>
<kw name="List Should Contain Value" owner="Collections">
<msg time="2024-06-05T15:15:34.863402" level="INFO">False</msg>
<arg>${allowed_titles}</arg>
<arg>${name_title}</arg>
<doc>Fails if the ``value`` is not found from ``list``.</doc>
<status status="PASS" start="2024-06-05T15:15:34.863188" elapsed="0.000257"/>
</kw>
<kw name="Set Variable" owner="BuiltIn">
<msg time="2024-06-05T15:15:34.864346" level="INFO">${name_country} = NL</msg>
<var>${name_country}</var>
<arg>${json_data["results"][0]["nat"]}</arg>
<doc>Returns the given values which can then be assigned to a variables.</doc>
<status status="PASS" start="2024-06-05T15:15:34.863877" elapsed="0.000495"/>
</kw>
<kw name="Create List" owner="BuiltIn">
<msg time="2024-06-05T15:15:34.865349" level="INFO">${list_country} = ['AD', 'AE', 'AF', 'AG', 'AI', 'AL', 'AM', 'AO', 'AQ', 'AR', 'AS', 'AT', 'AU', 'AW', 'AX', 'AZ', 'BA', 'BB', 'BD', 'BE', 'BF', 'BG', 'BH', 'BI', 'BJ', 'BL', 'BM', 'BN', 'BO', 'BQ', 'BR', 'BS', 'BT', '...</msg>
<var>${list_country}</var>
<arg>AD</arg>
<arg>AE</arg>
<arg>AF</arg>
<arg>AG</arg>
<arg>AI</arg>
<arg>AL</arg>
<arg>AM</arg>
<arg>AO</arg>
<arg>AQ</arg>
<arg>AR</arg>
<arg>AS</arg>
<arg>AT</arg>
<arg>AU</arg>
<arg>AW</arg>
<arg>AX</arg>
<arg>AZ</arg>
<arg>BA</arg>
<arg>BB</arg>
<arg>BD</arg>
<arg>BE</arg>
<arg>BF</arg>
<arg>BG</arg>
<arg>BH</arg>
<arg>BI</arg>
<arg>BJ</arg>
<arg>BL</arg>
<arg>BM</arg>
<arg>BN</arg>
<arg>BO</arg>
<arg>BQ</arg>
<arg>BR</arg>
<arg>BS</arg>
<arg>BT</arg>
<arg>BV</arg>
<arg>BW</arg>
<arg>BY</arg>
<arg>BZ</arg>
<arg>CA</arg>
<arg>CC</arg>
<arg>CD</arg>
<arg>CF</arg>
<arg>CG</arg>
<arg>CH</arg>
<arg>CI</arg>
<arg>CK</arg>
<arg>CL</arg>
<arg>CM</arg>
<arg>CN</arg>
<arg>CO</arg>
<arg>CR</arg>
<arg>CU</arg>
<arg>CV</arg>
<arg>CW</arg>
<arg>CX</arg>
<arg>CY</arg>
<arg>CZ</arg>
<arg>DE</arg>
<arg>DJ</arg>
<arg>DK</arg>
<arg>DM</arg>
<arg>DO</arg>
<arg>DZ</arg>
<arg>EC</arg>
<arg>EE</arg>
<arg>EG</arg>
<arg>EH</arg>
<arg>ER</arg>
<arg>ES</arg>
<arg>ET</arg>
<arg>FI</arg>
<arg>FJ</arg>
<arg>FK</arg>
<arg>FM</arg>
<arg>FO</arg>
<arg>FR</arg>
<arg>GA</arg>
<arg>GB</arg>
<arg>GD</arg>
<arg>GE</arg>
<arg>GF</arg>
<arg>GG</arg>
<arg>GH</arg>
<arg>GI</arg>
<arg>GL</arg>
<arg>GM</arg>
<arg>GN</arg>
<arg>GP</arg>
<arg>GQ</arg>
<arg>GR</arg>
<arg>GS</arg>
<arg>GT</arg>
<arg>GU</arg>
<arg>GW</arg>
<arg>GY</arg>
<arg>HK</arg>
<arg>HM</arg>
<arg>HN</arg>
<arg>HR</arg>
<arg>HT</arg>
<arg>HU</arg>
<arg>ID</arg>
<arg>IE</arg>
<arg>IL</arg>
<arg>IM</arg>
<arg>IN</arg>
<arg>IO</arg>
<arg>IQ</arg>
<arg>IR</arg>
<arg>IS</arg>
<arg>IT</arg>
<arg>JE</arg>
<arg>JM</arg>
<arg>JO</arg>
<arg>JP</arg>
<arg>KE</arg>
<arg>KG</arg>
<arg>KH</arg>
<arg>KI</arg>
<arg>KM</arg>
<arg>KN</arg>
<arg>KP</arg>
<arg>KR</arg>
<arg>KW</arg>
<arg>KY</arg>
<arg>KZ</arg>
<arg>LA</arg>
<arg>LB</arg>
<arg>LC</arg>
<arg>LI</arg>
<arg>LK</arg>
<arg>LR</arg>
<arg>LS</arg>
<arg>LT</arg>
<arg>LU</arg>
<arg>LV</arg>
<arg>LY</arg>
<arg>MA</arg>
<arg>MC</arg>
<arg>MD</arg>
<arg>ME</arg>
<arg>MF</arg>
<arg>MG</arg>
<arg>MH</arg>
<arg>MK</arg>
<arg>ML</arg>
<arg>MM</arg>
<arg>MN</arg>
<arg>MO</arg>
<arg>MP</arg>
<arg>MQ</arg>
<arg>MR</arg>
<arg>MS</arg>
<arg>MT</arg>
<arg>MU</arg>
<arg>MV</arg>
<arg>MW</arg>
<arg>MX</arg>
<arg>MY</arg>
<arg>MZ</arg>
<arg>NA</arg>
<arg>NC</arg>
<arg>NE</arg>
<arg>NF</arg>
<arg>NG</arg>
<arg>NI</arg>
<arg>NL</arg>
<arg>NO</arg>
<arg>NP</arg>
<arg>NR</arg>
<arg>NU</arg>
<arg>NZ</arg>
<arg>OM</arg>
<arg>PA</arg>
<arg>PE</arg>
<arg>PF</arg>
<arg>PG</arg>
<arg>PH</arg>
<arg>PK</arg>
<arg>PL</arg>
<arg>PM</arg>
<arg>PN</arg>
<arg>PR</arg>
<arg>PS</arg>
<arg>PT</arg>
<arg>PW</arg>
<arg>PY</arg>
<arg>QA</arg>
<arg>RE</arg>
<arg>RO</arg>
<arg>RS</arg>
<arg>RU</arg>
<arg>RW</arg>
<arg>SA</arg>
<arg>SB</arg>
<arg>SC</arg>
<arg>SD</arg>
<arg>SE</arg>
<arg>SG</arg>
<arg>SH</arg>
<arg>SI</arg>
<arg>SJ</arg>
<arg>SK</arg>
<arg>SL</arg>
<arg>SM</arg>
<arg>SN</arg>
<arg>SO</arg>
<arg>SR</arg>
<arg>SS</arg>
<arg>ST</arg>
<arg>SV</arg>
<arg>SX</arg>
<arg>SY</arg>
<arg>SZ</arg>
<arg>TC</arg>
<arg>TD</arg>
<arg>TF</arg>
<arg>TG</arg>
<arg>TH</arg>
<arg>TJ</arg>
<arg>TK</arg>
<arg>TL</arg>
<arg>TM</arg>
<arg>TN</arg>
<arg>TO</arg>
<arg>TR</arg>
<arg>TT</arg>
<arg>TV</arg>
<arg>TW</arg>
<arg>TZ</arg>
<arg>UA</arg>
<arg>UG</arg>
<arg>UM</arg>
<arg>US</arg>
<arg>UY</arg>
<arg>UZ</arg>
<arg>VA</arg>
<arg>VC</arg>
<arg>VE</arg>
<arg>VG</arg>
<arg>VI</arg>
<arg>VN</arg>
<arg>VU</arg>
<arg>WF</arg>
<arg>WS</arg>
<arg>XK</arg>
<arg>YE</arg>
<arg>YT</arg>
<arg>ZA</arg>
<arg>ZM</arg>
<arg>ZW</arg>
<doc>Returns a list containing given items.</doc>
<status status="PASS" start="2024-06-05T15:15:34.864726" elapsed="0.000650"/>
</kw>
<kw name="List Should Contain Value" owner="Collections">
<msg time="2024-06-05T15:15:34.866437" level="INFO">False</msg>
<arg>${list_country}</arg>
<arg>${name_country}</arg>
<doc>Fails if the ``value`` is not found from ``list``.</doc>
<status status="PASS" start="2024-06-05T15:15:34.866204" elapsed="0.000273"/>
</kw>
<kw name="Run Keyword If" owner="BuiltIn">
<kw name="Should Be True" owner="BuiltIn">
<arg>${True}</arg>
<doc>Fails if the given condition is not true.</doc>
<status status="PASS" start="2024-06-05T15:15:34.867601" elapsed="0.000180"/>
</kw>
<arg>${json_data["results"][0]["location"]["coordinates"]["latitude"]} &gt;= -90 and ${json_data["results"][0]["location"]["coordinates"]["latitude"]} &lt;= 90</arg>
<arg>Should Be True</arg>
<arg>${True}</arg>
<doc>Runs the given keyword with the given arguments, if ``condition`` is true.</doc>
<status status="PASS" start="2024-06-05T15:15:34.866810" elapsed="0.001106"/>
</kw>
<kw name="Run Keyword If" owner="BuiltIn">
<kw name="Should Be True" owner="BuiltIn">
<arg>${True}</arg>
<doc>Fails if the given condition is not true.</doc>
<status status="PASS" start="2024-06-05T15:15:34.868832" elapsed="0.000277"/>
</kw>
<arg>${json_data["results"][0]["location"]["coordinates"]["longitude"]} &gt;= -180 and ${json_data["results"][0]["location"]["coordinates"]["longitude"]} &lt;= 180</arg>
<arg>Should Be True</arg>
<arg>${True}</arg>
<doc>Runs the given keyword with the given arguments, if ``condition`` is true.</doc>
<status status="PASS" start="2024-06-05T15:15:34.868109" elapsed="0.001129"/>
</kw>
<status status="PASS" start="2024-06-05T15:15:34.762470" elapsed="0.106907"/>
</kw>
<doc>Testa o conteúdo específico dos campos retornados pela API.</doc>
<tag>testeConteudo</tag>
<status status="PASS" start="2024-06-05T15:15:34.761783" elapsed="0.107752"/>
</test>
<status status="PASS" start="2024-06-05T15:15:33.875079" elapsed="0.996453"/>
</suite>
<status status="PASS" start="2024-06-05T15:15:33.860775" elapsed="1.016178"/>
</suite>
<statistics>
<total>
<stat pass="5" fail="0" skip="0">All Tests</stat>
</total>
<tag>
<stat pass="1" fail="0" skip="0">testeConteudo</stat>
<stat pass="1" fail="0" skip="0">testeEstruturaResposta</stat>
<stat pass="1" fail="0" skip="0">testeRequisicaoBasica</stat>
<stat pass="1" fail="0" skip="0">testeTiposDados</stat>
</tag>
<suite>
<stat pass="5" fail="0" skip="0" id="s1" name="Tests">Tests</stat>
<stat pass="5" fail="0" skip="0" id="s1-s1" name="Random-User-Test">Tests.Random-User-Test</stat>
</suite>
</statistics>
<errors>
</errors>
</robot>
