<?xml version="1.0" encoding="UTF-8"?>
<robot generator="Robot 7.0.1 (Python 3.12.4 on linux)" generated="2024-06-22T10:15:55.187889" rpa="false" schemaversion="5">
<suite id="s1" name="Tests" source="/home/runner/work/ApiRandomUser/ApiRandomUser/RamdonUser/tests">
<suite id="s1-s1" name="Random-User-Test" source="/home/runner/work/ApiRandomUser/ApiRandomUser/RamdonUser/tests/random-user-test.robot">
<test id="s1-s1-t1" name="Conectar" line="13">
<kw name="Conectar API" owner="random-user-service">
<kw name="Create Session" owner="RequestsLibrary">
<msg time="2024-06-22T10:15:55.597304" level="INFO">Creating Session using : alias=consultarAPI, url=https://randomuser.me/, headers={},                     cookies={}, auth=None, timeout=None, proxies=None, verify=False,                     debug=0 </msg>
<arg>consultarAPI</arg>
<arg>${URL}</arg>
<doc>Create Session: create a HTTP session to a server</doc>
<status status="PASS" start="2024-06-22T10:15:55.597090" elapsed="0.000388"/>
</kw>
<status status="PASS" start="2024-06-22T10:15:55.596104" elapsed="0.001734"/>
</kw>
<status status="PASS" start="2024-06-22T10:15:55.595520" elapsed="0.002511"/>
</test>
<test id="s1-s1-t2" name="Validar retorno 200 e JSON Válido" line="16">
<kw name="Teste de Requisicao Basica" owner="random-user-service">
<kw name="GET On Session" owner="RequestsLibrary">
<msg time="2024-06-22T10:15:55.931094" level="INFO">GET Request : url=https://randomuser.me/api 
 path_url=/api 
 headers={'User-Agent': 'python-requests/2.32.3', 'Accept-Encoding': 'gzip, deflate', 'Accept': '*/*', 'Connection': 'keep-alive'} 
 body=None 
 </msg>
<msg time="2024-06-22T10:15:55.931265" level="INFO">GET Response : url=https://randomuser.me/api 
 status=200, reason=OK 
 headers={'Date': 'Sat, 22 Jun 2024 10:15:55 GMT', 'Content-Type': 'application/json; charset=utf-8', 'Transfer-Encoding': 'chunked', 'Connection': 'keep-alive', 'X-Powered-By': 'Express', 'Access-Control-Allow-Origin': '*', 'Cache-Control': 'no-cache', 'ETag': 'W/"46f-h+Cv2/x17jmHk/e21HvwZ/GvssA"', 'Vary': 'Accept-Encoding', 'Content-Encoding': 'gzip', 'CF-Cache-Status': 'DYNAMIC', 'Report-To': '{"endpoints":[{"url":"https:\\/\\/a.nel.cloudflare.com\\/report\\/v4?s=tJQ4lhnTHLvD%2BhDMUkinpQX2l49U8e6m17kkC8FnEZ7CqwRV88%2F4ZpI6JIaBbQbLcbGbhZW2vYrZfTnuByNm40kXmPENkc9bWISPNdhhgXfKM1g%2FBY0NJofKB1H8oD7C"}],"group":"cf-nel","max_age":604800}', 'NEL': '{"success_fraction":0,"report_to":"cf-nel","max_age":604800}', 'Server': 'cloudflare', 'CF-RAY': '897b7addffc8312b-LAX', 'alt-svc': 'h3=":443"; ma=86400'} 
 body={"results":[{"gender":"male","name":{"title":"Mr","first":"Adam","last":"Kowalski"},"location":{"street":{"number":76,"name":"22nd Ave"},"city":"Havelock","state":"Alberta","country":"Canada","postcode":"O3Z 1Y5","coordinates":{"latitude":"-65.5052","longitude":"-97.0964"},"timezone":{"offset":"-10:00","description":"Hawaii"}},"email":"adam.kowalski@example.com","login":{"uuid":"07100606-4501-4ea8-b3a7-8901f0d8d132","username":"purpleladybug582","password":"candyman","salt":"swbd5OGB","md5":"146cc34c94b55e23d0ec0d2c4f3d2770","sha1":"ba464eae4aff50e4c1ddda3d85e89a9966ba49a8","sha256":"519f6cf6201b367a63c692873c9420ce4f76bf438188eb47a53b744821a4dc53"},"dob":{"date":"1977-11-08T11:31:13.375Z","age":46},"registered":{"date":"2002-08-26T02:23:19.731Z","age":21},"phone":"Y08 N80-2163","cell":"B36 C46-9670","id":{"name":"SIN","value":"486115058"},"picture":{"large":"https://randomuser.me/api/portraits/men/10.jpg","medium":"https://randomuser.me/api/portraits/med/men/10.jpg","thumbnail":"https://randomuser.me/api/portraits/thumb/men/10.jpg"},"nat":"CA"}],"info":{"seed":"54fea7c48dabd851","results":1,"page":1,"version":"1.4"}} 
 </msg>
<msg time="2024-06-22T10:15:55.931359" level="INFO">/opt/hostedtoolcache/Python/3.12.4/x64/lib/python3.12/site-packages/urllib3/connectionpool.py:1099: InsecureRequestWarning: Unverified HTTPS request is being made to host 'randomuser.me'. Adding certificate verification is strongly advised. See: https://urllib3.readthedocs.io/en/latest/advanced-usage.html#tls-warnings
  warnings.warn(</msg>
<msg time="2024-06-22T10:15:55.931559" level="INFO">${response} = &lt;Response [200]&gt;</msg>
<var>${response}</var>
<arg>consultarAPI</arg>
<arg>/api</arg>
<doc>Sends a GET request on a previously created HTTP Session.</doc>
<status status="PASS" start="2024-06-22T10:15:55.600666" elapsed="0.330945"/>
</kw>
<kw name="Should Be Equal As Numbers" owner="BuiltIn">
<msg time="2024-06-22T10:15:55.932631" level="INFO">Argument types are:
&lt;class 'int'&gt;
&lt;class 'str'&gt;</msg>
<arg>${response.status_code}</arg>
<arg>200</arg>
<doc>Fails if objects are unequal after converting them to real numbers.</doc>
<status status="PASS" start="2024-06-22T10:15:55.932166" elapsed="0.000530"/>
</kw>
<kw name="Log" owner="BuiltIn">
<msg time="2024-06-22T10:15:55.933379" level="INFO">200</msg>
<arg>${response.status_code}</arg>
<doc>Logs the given message with the given level.</doc>
<status status="PASS" start="2024-06-22T10:15:55.933004" elapsed="0.000417"/>
</kw>
<kw name="Set Variable" owner="BuiltIn">
<msg time="2024-06-22T10:15:55.934145" level="INFO">${json_data} = {'results': [{'gender': 'male', 'name': {'title': 'Mr', 'first': 'Adam', 'last': 'Kowalski'}, 'location': {'street': {'number': 76, 'name': '22nd Ave'}, 'city': 'Havelock', 'state': 'Alberta', 'countr...</msg>
<var>${json_data}</var>
<arg>${response.json()}</arg>
<doc>Returns the given values which can then be assigned to a variables.</doc>
<status status="PASS" start="2024-06-22T10:15:55.933718" elapsed="0.000454"/>
</kw>
<kw name="Dictionary Should Contain Key" owner="Collections">
<arg>${json_data}</arg>
<arg>results</arg>
<doc>Fails if ``key`` is not found from ``dictionary``.</doc>
<status status="PASS" start="2024-06-22T10:15:55.934461" elapsed="0.000165"/>
</kw>
<status status="PASS" start="2024-06-22T10:15:55.600420" elapsed="0.334351"/>
</kw>
<doc>Testa se a API responde corretamente e retorna um objeto JSON válido.</doc>
<tag>testeRequisicaoBasica</tag>
<status status="PASS" start="2024-06-22T10:15:55.599931" elapsed="0.335011"/>
</test>
<test id="s1-s1-t3" name="Validar estrutura de resposta" line="22">
<kw name="Teste de Estrutura de Resposta" owner="random-user-service">
<kw name="GET On Session" owner="RequestsLibrary">
<msg time="2024-06-22T10:15:56.042054" level="INFO">GET Request : url=https://randomuser.me/api 
 path_url=/api 
 headers={'User-Agent': 'python-requests/2.32.3', 'Accept-Encoding': 'gzip, deflate', 'Accept': '*/*', 'Connection': 'keep-alive'} 
 body=None 
 </msg>
<msg time="2024-06-22T10:15:56.042163" level="INFO">GET Response : url=https://randomuser.me/api 
 status=200, reason=OK 
 headers={'Date': 'Sat, 22 Jun 2024 10:15:56 GMT', 'Content-Type': 'application/json; charset=utf-8', 'Transfer-Encoding': 'chunked', 'Connection': 'keep-alive', 'X-Powered-By': 'Express', 'Access-Control-Allow-Origin': '*', 'Cache-Control': 'no-cache', 'ETag': 'W/"47e-sIH5aviXlGjIQ4w0/PT/rueehWw"', 'Vary': 'Accept-Encoding', 'Content-Encoding': 'gzip', 'CF-Cache-Status': 'DYNAMIC', 'Report-To': '{"endpoints":[{"url":"https:\\/\\/a.nel.cloudflare.com\\/report\\/v4?s=x8GjbV4fcaWqKujYVSa6otKdV%2Bdv9exaXcBehgtcrzH2mr%2F88gJjX6ZdY6F3uSn2ITFI4%2FZBSL1dMfSQz2bBVdZeAPysoty%2BOAz7z8ZPeUDP0rRPOaxRK3WuL2hiLb74"}],"group":"cf-nel","max_age":604800}', 'NEL': '{"success_fraction":0,"report_to":"cf-nel","max_age":604800}', 'Server': 'cloudflare', 'CF-RAY': '897b7adea80b312b-LAX', 'alt-svc': 'h3=":443"; ma=86400'} 
 body={"results":[{"gender":"male","name":{"title":"Mr","first":"Jonas","last":"Christensen"},"location":{"street":{"number":8047,"name":"Grenåvej"},"city":"Branderup J","state":"Midtjylland","country":"Denmark","postcode":69664,"coordinates":{"latitude":"-40.0879","longitude":"-28.7527"},"timezone":{"offset":"-11:00","description":"Midway Island, Samoa"}},"email":"jonas.christensen@example.com","login":{"uuid":"710c426a-63d2-4e8f-a4bc-048d5e06d4a7","username":"sadrabbit136","password":"cubs","salt":"xo3l3I0Q","md5":"4864bf2d6e8d1c953c2c8ba6ce37c787","sha1":"691c4173433a2f93420cc0a067abab699f9cbbc7","sha256":"b27453af30c5e576a0871a4bcd6b4b0215e9d531d6a69e163adfd845eb066500"},"dob":{"date":"1958-12-09T11:50:33.489Z","age":65},"registered":{"date":"2012-05-06T03:16:07.073Z","age":12},"phone":"38038264","cell":"88205776","id":{"name":"CPR","value":"091258-6711"},"picture":{"large":"https://randomuser.me/api/portraits/men/81.jpg","medium":"https://randomuser.me/api/portraits/med/men/81.jpg","thumbnail":"https://randomuser.me/api/portraits/thumb/men/81.jpg"},"nat":"DK"}],"info":{"seed":"ea51e83d8452e112","results":1,"page":1,"version":"1.4"}} 
 </msg>
<msg time="2024-06-22T10:15:56.042322" level="INFO">/opt/hostedtoolcache/Python/3.12.4/x64/lib/python3.12/site-packages/urllib3/connectionpool.py:1099: InsecureRequestWarning: Unverified HTTPS request is being made to host 'randomuser.me'. Adding certificate verification is strongly advised. See: https://urllib3.readthedocs.io/en/latest/advanced-usage.html#tls-warnings
  warnings.warn(</msg>
<msg time="2024-06-22T10:15:56.042474" level="INFO">${response} = &lt;Response [200]&gt;</msg>
<var>${response}</var>
<arg>consultarAPI</arg>
<arg>/api</arg>
<doc>Sends a GET request on a previously created HTTP Session.</doc>
<status status="PASS" start="2024-06-22T10:15:55.937556" elapsed="0.104963"/>
</kw>
<kw name="Set Variable" owner="BuiltIn">
<msg time="2024-06-22T10:15:56.043524" level="INFO">${json_data} = {'results': [{'gender': 'male', 'name': {'title': 'Mr', 'first': 'Jonas', 'last': 'Christensen'}, 'location': {'street': {'number': 8047, 'name': 'Grenåvej'}, 'city': 'Branderup J', 'state': 'Midtjyll...</msg>
<var>${json_data}</var>
<arg>${response.json()}</arg>
<doc>Returns the given values which can then be assigned to a variables.</doc>
<status status="PASS" start="2024-06-22T10:15:56.043014" elapsed="0.000541"/>
</kw>
<kw name="Log" owner="BuiltIn">
<msg time="2024-06-22T10:15:56.044027" level="INFO">{'results': [{'gender': 'male', 'name': {'title': 'Mr', 'first': 'Jonas', 'last': 'Christensen'}, 'location': {'street': {'number': 8047, 'name': 'Grenåvej'}, 'city': 'Branderup J', 'state': 'Midtjylland', 'country': 'Denmark', 'postcode': 69664, 'coordinates': {'latitude': '-40.0879', 'longitude': '-28.7527'}, 'timezone': {'offset': '-11:00', 'description': 'Midway Island, Samoa'}}, 'email': 'jonas.christensen@example.com', 'login': {'uuid': '710c426a-63d2-4e8f-a4bc-048d5e06d4a7', 'username': 'sadrabbit136', 'password': 'cubs', 'salt': 'xo3l3I0Q', 'md5': '4864bf2d6e8d1c953c2c8ba6ce37c787', 'sha1': '691c4173433a2f93420cc0a067abab699f9cbbc7', 'sha256': 'b27453af30c5e576a0871a4bcd6b4b0215e9d531d6a69e163adfd845eb066500'}, 'dob': {'date': '1958-12-09T11:50:33.489Z', 'age': 65}, 'registered': {'date': '2012-05-06T03:16:07.073Z', 'age': 12}, 'phone': '38038264', 'cell': '88205776', 'id': {'name': 'CPR', 'value': '091258-6711'}, 'picture': {'large': 'https://randomuser.me/api/portraits/men/81.jpg', 'medium': 'https://randomuser.me/api/portraits/med/men/81.jpg', 'thumbnail': 'https://randomuser.me/api/portraits/thumb/men/81.jpg'}, 'nat': 'DK'}], 'info': {'seed': 'ea51e83d8452e112', 'results': 1, 'page': 1, 'version': '1.4'}}</msg>
<arg>${json_data}</arg>
<doc>Logs the given message with the given level.</doc>
<status status="PASS" start="2024-06-22T10:15:56.043863" elapsed="0.000215"/>
</kw>
<kw name="Dictionary Should Contain Key" owner="Collections">
<arg>${json_data}</arg>
<arg>results</arg>
<doc>Fails if ``key`` is not found from ``dictionary``.</doc>
<status status="PASS" start="2024-06-22T10:15:56.044373" elapsed="0.000166"/>
</kw>
<kw name="Should Not Be Empty" owner="BuiltIn">
<msg time="2024-06-22T10:15:56.044842" level="INFO">Length is 2.</msg>
<arg>${json_data}</arg>
<doc>Verifies that the given item is not empty.</doc>
<status status="PASS" start="2024-06-22T10:15:56.044720" elapsed="0.000165"/>
</kw>
<kw name="Create List" owner="BuiltIn">
<msg time="2024-06-22T10:15:56.045395" level="INFO">${expected_keys} = ['gender', 'name', 'location', 'email', 'login']</msg>
<var>${expected_keys}</var>
<arg>gender</arg>
<arg>name</arg>
<arg>location</arg>
<arg>email</arg>
<arg>login</arg>
<doc>Returns a list containing given items.</doc>
<status status="PASS" start="2024-06-22T10:15:56.045244" elapsed="0.000176"/>
</kw>
<for flavor="IN">
<iter>
<kw name="Dictionary Should Contain Key" owner="Collections">
<arg>${json_data['results'][0]}</arg>
<arg>${key}</arg>
<doc>Fails if ``key`` is not found from ``dictionary``.</doc>
<status status="PASS" start="2024-06-22T10:15:56.046161" elapsed="0.000404"/>
</kw>
<kw name="Log" owner="BuiltIn">
<msg time="2024-06-22T10:15:56.047103" level="INFO">{'gender': 'male', 'name': {'title': 'Mr', 'first': 'Jonas', 'last': 'Christensen'}, 'location': {'street': {'number': 8047, 'name': 'Grenåvej'}, 'city': 'Branderup J', 'state': 'Midtjylland', 'country': 'Denmark', 'postcode': 69664, 'coordinates': {'latitude': '-40.0879', 'longitude': '-28.7527'}, 'timezone': {'offset': '-11:00', 'description': 'Midway Island, Samoa'}}, 'email': 'jonas.christensen@example.com', 'login': {'uuid': '710c426a-63d2-4e8f-a4bc-048d5e06d4a7', 'username': 'sadrabbit136', 'password': 'cubs', 'salt': 'xo3l3I0Q', 'md5': '4864bf2d6e8d1c953c2c8ba6ce37c787', 'sha1': '691c4173433a2f93420cc0a067abab699f9cbbc7', 'sha256': 'b27453af30c5e576a0871a4bcd6b4b0215e9d531d6a69e163adfd845eb066500'}, 'dob': {'date': '1958-12-09T11:50:33.489Z', 'age': 65}, 'registered': {'date': '2012-05-06T03:16:07.073Z', 'age': 12}, 'phone': '38038264', 'cell': '88205776', 'id': {'name': 'CPR', 'value': '091258-6711'}, 'picture': {'large': 'https://randomuser.me/api/portraits/men/81.jpg', 'medium': 'https://randomuser.me/api/portraits/med/men/81.jpg', 'thumbnail': 'https://randomuser.me/api/portraits/thumb/men/81.jpg'}, 'nat': 'DK'}</msg>
<arg>${json_data['results'][0]}</arg>
<doc>Logs the given message with the given level.</doc>
<status status="PASS" start="2024-06-22T10:15:56.046748" elapsed="0.000404"/>
</kw>
<kw name="Log" owner="BuiltIn">
<msg time="2024-06-22T10:15:56.047573" level="INFO">gender</msg>
<arg>${key}</arg>
<doc>Logs the given message with the given level.</doc>
<status status="PASS" start="2024-06-22T10:15:56.047446" elapsed="0.000164"/>
</kw>
<var name="${key}">gender</var>
<status status="PASS" start="2024-06-22T10:15:56.046031" elapsed="0.001794"/>
</iter>
<iter>
<kw name="Dictionary Should Contain Key" owner="Collections">
<arg>${json_data['results'][0]}</arg>
<arg>${key}</arg>
<doc>Fails if ``key`` is not found from ``dictionary``.</doc>
<status status="PASS" start="2024-06-22T10:15:56.048154" elapsed="0.000386"/>
</kw>
<kw name="Log" owner="BuiltIn">
<msg time="2024-06-22T10:15:56.049093" level="INFO">{'gender': 'male', 'name': {'title': 'Mr', 'first': 'Jonas', 'last': 'Christensen'}, 'location': {'street': {'number': 8047, 'name': 'Grenåvej'}, 'city': 'Branderup J', 'state': 'Midtjylland', 'country': 'Denmark', 'postcode': 69664, 'coordinates': {'latitude': '-40.0879', 'longitude': '-28.7527'}, 'timezone': {'offset': '-11:00', 'description': 'Midway Island, Samoa'}}, 'email': 'jonas.christensen@example.com', 'login': {'uuid': '710c426a-63d2-4e8f-a4bc-048d5e06d4a7', 'username': 'sadrabbit136', 'password': 'cubs', 'salt': 'xo3l3I0Q', 'md5': '4864bf2d6e8d1c953c2c8ba6ce37c787', 'sha1': '691c4173433a2f93420cc0a067abab699f9cbbc7', 'sha256': 'b27453af30c5e576a0871a4bcd6b4b0215e9d531d6a69e163adfd845eb066500'}, 'dob': {'date': '1958-12-09T11:50:33.489Z', 'age': 65}, 'registered': {'date': '2012-05-06T03:16:07.073Z', 'age': 12}, 'phone': '38038264', 'cell': '88205776', 'id': {'name': 'CPR', 'value': '091258-6711'}, 'picture': {'large': 'https://randomuser.me/api/portraits/men/81.jpg', 'medium': 'https://randomuser.me/api/portraits/med/men/81.jpg', 'thumbnail': 'https://randomuser.me/api/portraits/thumb/men/81.jpg'}, 'nat': 'DK'}</msg>
<arg>${json_data['results'][0]}</arg>
<doc>Logs the given message with the given level.</doc>
<status status="PASS" start="2024-06-22T10:15:56.048722" elapsed="0.000462"/>
</kw>
<kw name="Log" owner="BuiltIn">
<msg time="2024-06-22T10:15:56.049608" level="INFO">name</msg>
<arg>${key}</arg>
<doc>Logs the given message with the given level.</doc>
<status status="PASS" start="2024-06-22T10:15:56.049481" elapsed="0.000164"/>
</kw>
<var name="${key}">name</var>
<status status="PASS" start="2024-06-22T10:15:56.048042" elapsed="0.001815"/>
</iter>
<iter>
<kw name="Dictionary Should Contain Key" owner="Collections">
<arg>${json_data['results'][0]}</arg>
<arg>${key}</arg>
<doc>Fails if ``key`` is not found from ``dictionary``.</doc>
<status status="PASS" start="2024-06-22T10:15:56.050137" elapsed="0.000381"/>
</kw>
<kw name="Log" owner="BuiltIn">
<msg time="2024-06-22T10:15:56.051040" level="INFO">{'gender': 'male', 'name': {'title': 'Mr', 'first': 'Jonas', 'last': 'Christensen'}, 'location': {'street': {'number': 8047, 'name': 'Grenåvej'}, 'city': 'Branderup J', 'state': 'Midtjylland', 'country': 'Denmark', 'postcode': 69664, 'coordinates': {'latitude': '-40.0879', 'longitude': '-28.7527'}, 'timezone': {'offset': '-11:00', 'description': 'Midway Island, Samoa'}}, 'email': 'jonas.christensen@example.com', 'login': {'uuid': '710c426a-63d2-4e8f-a4bc-048d5e06d4a7', 'username': 'sadrabbit136', 'password': 'cubs', 'salt': 'xo3l3I0Q', 'md5': '4864bf2d6e8d1c953c2c8ba6ce37c787', 'sha1': '691c4173433a2f93420cc0a067abab699f9cbbc7', 'sha256': 'b27453af30c5e576a0871a4bcd6b4b0215e9d531d6a69e163adfd845eb066500'}, 'dob': {'date': '1958-12-09T11:50:33.489Z', 'age': 65}, 'registered': {'date': '2012-05-06T03:16:07.073Z', 'age': 12}, 'phone': '38038264', 'cell': '88205776', 'id': {'name': 'CPR', 'value': '091258-6711'}, 'picture': {'large': 'https://randomuser.me/api/portraits/men/81.jpg', 'medium': 'https://randomuser.me/api/portraits/med/men/81.jpg', 'thumbnail': 'https://randomuser.me/api/portraits/thumb/men/81.jpg'}, 'nat': 'DK'}</msg>
<arg>${json_data['results'][0]}</arg>
<doc>Logs the given message with the given level.</doc>
<status status="PASS" start="2024-06-22T10:15:56.050695" elapsed="0.000393"/>
</kw>
<kw name="Log" owner="BuiltIn">
<msg time="2024-06-22T10:15:56.051503" level="INFO">location</msg>
<arg>${key}</arg>
<doc>Logs the given message with the given level.</doc>
<status status="PASS" start="2024-06-22T10:15:56.051377" elapsed="0.000162"/>
</kw>
<var name="${key}">location</var>
<status status="PASS" start="2024-06-22T10:15:56.050031" elapsed="0.001718"/>
</iter>
<iter>
<kw name="Dictionary Should Contain Key" owner="Collections">
<arg>${json_data['results'][0]}</arg>
<arg>${key}</arg>
<doc>Fails if ``key`` is not found from ``dictionary``.</doc>
<status status="PASS" start="2024-06-22T10:15:56.052034" elapsed="0.000370"/>
</kw>
<kw name="Log" owner="BuiltIn">
<msg time="2024-06-22T10:15:56.052939" level="INFO">{'gender': 'male', 'name': {'title': 'Mr', 'first': 'Jonas', 'last': 'Christensen'}, 'location': {'street': {'number': 8047, 'name': 'Grenåvej'}, 'city': 'Branderup J', 'state': 'Midtjylland', 'country': 'Denmark', 'postcode': 69664, 'coordinates': {'latitude': '-40.0879', 'longitude': '-28.7527'}, 'timezone': {'offset': '-11:00', 'description': 'Midway Island, Samoa'}}, 'email': 'jonas.christensen@example.com', 'login': {'uuid': '710c426a-63d2-4e8f-a4bc-048d5e06d4a7', 'username': 'sadrabbit136', 'password': 'cubs', 'salt': 'xo3l3I0Q', 'md5': '4864bf2d6e8d1c953c2c8ba6ce37c787', 'sha1': '691c4173433a2f93420cc0a067abab699f9cbbc7', 'sha256': 'b27453af30c5e576a0871a4bcd6b4b0215e9d531d6a69e163adfd845eb066500'}, 'dob': {'date': '1958-12-09T11:50:33.489Z', 'age': 65}, 'registered': {'date': '2012-05-06T03:16:07.073Z', 'age': 12}, 'phone': '38038264', 'cell': '88205776', 'id': {'name': 'CPR', 'value': '091258-6711'}, 'picture': {'large': 'https://randomuser.me/api/portraits/men/81.jpg', 'medium': 'https://randomuser.me/api/portraits/med/men/81.jpg', 'thumbnail': 'https://randomuser.me/api/portraits/thumb/men/81.jpg'}, 'nat': 'DK'}</msg>
<arg>${json_data['results'][0]}</arg>
<doc>Logs the given message with the given level.</doc>
<status status="PASS" start="2024-06-22T10:15:56.052586" elapsed="0.000404"/>
</kw>
<kw name="Log" owner="BuiltIn">
<msg time="2024-06-22T10:15:56.053446" level="INFO">email</msg>
<arg>${key}</arg>
<doc>Logs the given message with the given level.</doc>
<status status="PASS" start="2024-06-22T10:15:56.053319" elapsed="0.000164"/>
</kw>
<var name="${key}">email</var>
<status status="PASS" start="2024-06-22T10:15:56.051929" elapsed="0.001765"/>
</iter>
<iter>
<kw name="Dictionary Should Contain Key" owner="Collections">
<arg>${json_data['results'][0]}</arg>
<arg>${key}</arg>
<doc>Fails if ``key`` is not found from ``dictionary``.</doc>
<status status="PASS" start="2024-06-22T10:15:56.053963" elapsed="0.000385"/>
</kw>
<kw name="Log" owner="BuiltIn">
<msg time="2024-06-22T10:15:56.054876" level="INFO">{'gender': 'male', 'name': {'title': 'Mr', 'first': 'Jonas', 'last': 'Christensen'}, 'location': {'street': {'number': 8047, 'name': 'Grenåvej'}, 'city': 'Branderup J', 'state': 'Midtjylland', 'country': 'Denmark', 'postcode': 69664, 'coordinates': {'latitude': '-40.0879', 'longitude': '-28.7527'}, 'timezone': {'offset': '-11:00', 'description': 'Midway Island, Samoa'}}, 'email': 'jonas.christensen@example.com', 'login': {'uuid': '710c426a-63d2-4e8f-a4bc-048d5e06d4a7', 'username': 'sadrabbit136', 'password': 'cubs', 'salt': 'xo3l3I0Q', 'md5': '4864bf2d6e8d1c953c2c8ba6ce37c787', 'sha1': '691c4173433a2f93420cc0a067abab699f9cbbc7', 'sha256': 'b27453af30c5e576a0871a4bcd6b4b0215e9d531d6a69e163adfd845eb066500'}, 'dob': {'date': '1958-12-09T11:50:33.489Z', 'age': 65}, 'registered': {'date': '2012-05-06T03:16:07.073Z', 'age': 12}, 'phone': '38038264', 'cell': '88205776', 'id': {'name': 'CPR', 'value': '091258-6711'}, 'picture': {'large': 'https://randomuser.me/api/portraits/men/81.jpg', 'medium': 'https://randomuser.me/api/portraits/med/men/81.jpg', 'thumbnail': 'https://randomuser.me/api/portraits/thumb/men/81.jpg'}, 'nat': 'DK'}</msg>
<arg>${json_data['results'][0]}</arg>
<doc>Logs the given message with the given level.</doc>
<status status="PASS" start="2024-06-22T10:15:56.054531" elapsed="0.000394"/>
</kw>
<kw name="Log" owner="BuiltIn">
<msg time="2024-06-22T10:15:56.055355" level="INFO">login</msg>
<arg>${key}</arg>
<doc>Logs the given message with the given level.</doc>
<status status="PASS" start="2024-06-22T10:15:56.055224" elapsed="0.000168"/>
</kw>
<var name="${key}">login</var>
<status status="PASS" start="2024-06-22T10:15:56.053858" elapsed="0.001746"/>
</iter>
<var>${key}</var>
<value>@{expected_keys}</value>
<status status="PASS" start="2024-06-22T10:15:56.045837" elapsed="0.009883"/>
</for>
<kw name="Create List" owner="BuiltIn">
<msg time="2024-06-22T10:15:56.056037" level="INFO">${expected_keysTwo} = ['username', 'password']</msg>
<var>${expected_keysTwo}</var>
<arg>username</arg>
<arg>password</arg>
<doc>Returns a list containing given items.</doc>
<status status="PASS" start="2024-06-22T10:15:56.055906" elapsed="0.000155"/>
</kw>
<for flavor="IN">
<iter>
<kw name="Dictionary Should Contain Key" owner="Collections">
<arg>${json_data['results'][0]['login']}</arg>
<arg>${keyTwo}</arg>
<doc>Fails if ``key`` is not found from ``dictionary``.</doc>
<status status="PASS" start="2024-06-22T10:15:56.056578" elapsed="0.000386"/>
</kw>
<kw name="Dictionary Should Contain Key" owner="Collections">
<arg>${json_data['results'][0]['login']}</arg>
<arg>${keyTwo}</arg>
<doc>Fails if ``key`` is not found from ``dictionary``.</doc>
<status status="PASS" start="2024-06-22T10:15:56.057166" elapsed="0.000374"/>
</kw>
<kw name="Log" owner="BuiltIn">
<msg time="2024-06-22T10:15:56.057834" level="INFO">username</msg>
<arg>${keyTwo}</arg>
<doc>Logs the given message with the given level.</doc>
<status status="PASS" start="2024-06-22T10:15:56.057717" elapsed="0.000154"/>
</kw>
<var name="${keyTwo}">username</var>
<status status="PASS" start="2024-06-22T10:15:56.056473" elapsed="0.001629"/>
</iter>
<iter>
<kw name="Dictionary Should Contain Key" owner="Collections">
<arg>${json_data['results'][0]['login']}</arg>
<arg>${keyTwo}</arg>
<doc>Fails if ``key`` is not found from ``dictionary``.</doc>
<status status="PASS" start="2024-06-22T10:15:56.058375" elapsed="0.000372"/>
</kw>
<kw name="Dictionary Should Contain Key" owner="Collections">
<arg>${json_data['results'][0]['login']}</arg>
<arg>${keyTwo}</arg>
<doc>Fails if ``key`` is not found from ``dictionary``.</doc>
<status status="PASS" start="2024-06-22T10:15:56.058927" elapsed="0.000371"/>
</kw>
<kw name="Log" owner="BuiltIn">
<msg time="2024-06-22T10:15:56.059598" level="INFO">password</msg>
<arg>${keyTwo}</arg>
<doc>Logs the given message with the given level.</doc>
<status status="PASS" start="2024-06-22T10:15:56.059479" elapsed="0.000157"/>
</kw>
<var name="${keyTwo}">password</var>
<status status="PASS" start="2024-06-22T10:15:56.058269" elapsed="0.001585"/>
</iter>
<var>${keyTwo}</var>
<value>@{expected_keysTwo}</value>
<status status="PASS" start="2024-06-22T10:15:56.056320" elapsed="0.003652"/>
</for>
<status status="PASS" start="2024-06-22T10:15:55.937330" elapsed="0.122783"/>
</kw>
<doc>Testa a estrutura da resposta da API.</doc>
<tag>testeEstruturaResposta</tag>
<status status="PASS" start="2024-06-22T10:15:55.936745" elapsed="0.123519"/>
</test>
<test id="s1-s1-t4" name="Validar tipos de dados" line="28">
<kw name="Teste de Tipos de Dados" owner="random-user-service">
<kw name="GET On Session" owner="RequestsLibrary">
<msg time="2024-06-22T10:15:56.168781" level="INFO">GET Request : url=https://randomuser.me/api 
 path_url=/api 
 headers={'User-Agent': 'python-requests/2.32.3', 'Accept-Encoding': 'gzip, deflate', 'Accept': '*/*', 'Connection': 'keep-alive'} 
 body=None 
 </msg>
<msg time="2024-06-22T10:15:56.168878" level="INFO">GET Response : url=https://randomuser.me/api 
 status=200, reason=OK 
 headers={'Date': 'Sat, 22 Jun 2024 10:15:56 GMT', 'Content-Type': 'application/json; charset=utf-8', 'Transfer-Encoding': 'chunked', 'Connection': 'keep-alive', 'X-Powered-By': 'Express', 'Access-Control-Allow-Origin': '*', 'Cache-Control': 'no-cache', 'ETag': 'W/"491-fzMT/TRWENExDUlakRtFvV5Aydc"', 'Vary': 'Accept-Encoding', 'Content-Encoding': 'gzip', 'CF-Cache-Status': 'DYNAMIC', 'Report-To': '{"endpoints":[{"url":"https:\\/\\/a.nel.cloudflare.com\\/report\\/v4?s=OoulbdWCaR%2B8EtX8LlaFw3GKktR2IOVwimiUIuq17Cjcm%2F8q%2FjiUpy8gCH5zr01QpquqjD%2FXWLy5zw0Rcob%2BwV%2BAjtf8wFCoPAIx3VW2P4rYY%2B16zc5HFYz08LG70DJn"}],"group":"cf-nel","max_age":604800}', 'NEL': '{"success_fraction":0,"report_to":"cf-nel","max_age":604800}', 'Server': 'cloudflare', 'CF-RAY': '897b7adf686e312b-LAX', 'alt-svc': 'h3=":443"; ma=86400'} 
 body={"results":[{"gender":"female","name":{"title":"Mrs","first":"Mattie","last":"Fowler"},"location":{"street":{"number":7572,"name":"Adams St"},"city":"York","state":"Oklahoma","country":"United States","postcode":15809,"coordinates":{"latitude":"83.0278","longitude":"11.0421"},"timezone":{"offset":"-3:00","description":"Brazil, Buenos Aires, Georgetown"}},"email":"mattie.fowler@example.com","login":{"uuid":"a495c0fb-1e03-4ba6-a441-78fbdf81dfab","username":"bigladybug596","password":"donald","salt":"4dmRNzkr","md5":"4d97622195aff9448c14f4ae71389be7","sha1":"01e3085b85a1c01b4048311c2754310318a27244","sha256":"a8320a591f00551631e7c7607ce05d534abca8c29b47dbe978c729f1580bbde1"},"dob":{"date":"1998-08-02T18:09:12.032Z","age":25},"registered":{"date":"2016-08-10T14:59:51.034Z","age":7},"phone":"(950) 896-7526","cell":"(804) 277-6765","id":{"name":"SSN","value":"244-93-7330"},"picture":{"large":"https://randomuser.me/api/portraits/women/82.jpg","medium":"https://randomuser.me/api/portraits/med/women/82.jpg","thumbnail":"https://randomuser.me/api/portraits/thumb/women/82.jpg"},"nat":"US"}],"info":{"seed":"7bd8c803057ba8d6","results":1,"page":1,"version":"1.4"}} 
 </msg>
<msg time="2024-06-22T10:15:56.168946" level="INFO">/opt/hostedtoolcache/Python/3.12.4/x64/lib/python3.12/site-packages/urllib3/connectionpool.py:1099: InsecureRequestWarning: Unverified HTTPS request is being made to host 'randomuser.me'. Adding certificate verification is strongly advised. See: https://urllib3.readthedocs.io/en/latest/advanced-usage.html#tls-warnings
  warnings.warn(</msg>
<msg time="2024-06-22T10:15:56.169099" level="INFO">${response} = &lt;Response [200]&gt;</msg>
<var>${response}</var>
<arg>consultarAPI</arg>
<arg>/api</arg>
<doc>Sends a GET request on a previously created HTTP Session.</doc>
<status status="PASS" start="2024-06-22T10:15:56.062989" elapsed="0.106149"/>
</kw>
<kw name="Set Variable" owner="BuiltIn">
<msg time="2024-06-22T10:15:56.170280" level="INFO">${json_data} = {'results': [{'gender': 'female', 'name': {'title': 'Mrs', 'first': 'Mattie', 'last': 'Fowler'}, 'location': {'street': {'number': 7572, 'name': 'Adams St'}, 'city': 'York', 'state': 'Oklahoma', 'coun...</msg>
<var>${json_data}</var>
<arg>${response.json()}</arg>
<doc>Returns the given values which can then be assigned to a variables.</doc>
<status status="PASS" start="2024-06-22T10:15:56.169727" elapsed="0.000598"/>
</kw>
<kw name="Log" owner="BuiltIn">
<msg time="2024-06-22T10:15:56.170858" level="INFO">{'results': [{'gender': 'female', 'name': {'title': 'Mrs', 'first': 'Mattie', 'last': 'Fowler'}, 'location': {'street': {'number': 7572, 'name': 'Adams St'}, 'city': 'York', 'state': 'Oklahoma', 'country': 'United States', 'postcode': 15809, 'coordinates': {'latitude': '83.0278', 'longitude': '11.0421'}, 'timezone': {'offset': '-3:00', 'description': 'Brazil, Buenos Aires, Georgetown'}}, 'email': 'mattie.fowler@example.com', 'login': {'uuid': 'a495c0fb-1e03-4ba6-a441-78fbdf81dfab', 'username': 'bigladybug596', 'password': 'donald', 'salt': '4dmRNzkr', 'md5': '4d97622195aff9448c14f4ae71389be7', 'sha1': '01e3085b85a1c01b4048311c2754310318a27244', 'sha256': 'a8320a591f00551631e7c7607ce05d534abca8c29b47dbe978c729f1580bbde1'}, 'dob': {'date': '1998-08-02T18:09:12.032Z', 'age': 25}, 'registered': {'date': '2016-08-10T14:59:51.034Z', 'age': 7}, 'phone': '(950) 896-7526', 'cell': '(804) 277-6765', 'id': {'name': 'SSN', 'value': '244-93-7330'}, 'picture': {'large': 'https://randomuser.me/api/portraits/women/82.jpg', 'medium': 'https://randomuser.me/api/portraits/med/women/82.jpg', 'thumbnail': 'https://randomuser.me/api/portraits/thumb/women/82.jpg'}, 'nat': 'US'}], 'info': {'seed': '7bd8c803057ba8d6', 'results': 1, 'page': 1, 'version': '1.4'}}</msg>
<arg>${json_data}</arg>
<doc>Logs the given message with the given level.</doc>
<status status="PASS" start="2024-06-22T10:15:56.170699" elapsed="0.000226"/>
</kw>
<kw name="Should Be String" owner="String">
<arg>${json_data['results'][0]['gender']}</arg>
<doc>Fails if the given ``item`` is not a string.</doc>
<status status="PASS" start="2024-06-22T10:15:56.171217" elapsed="0.000477"/>
</kw>
<kw name="Should Match Regexp" owner="BuiltIn">
<arg>${json_data['results'][0]['email']}</arg>
<arg>^[a-zA-Z0-9._%+-]+@[a-zA-Z0-9.-]+\.[a-zA-Z]{2,}$</arg>
<doc>Fails if ``string`` does not match ``pattern`` as a regular expression.</doc>
<status status="PASS" start="2024-06-22T10:15:56.171963" elapsed="0.000527"/>
</kw>
<kw name="Should Match Regexp" owner="BuiltIn">
<arg>${json_data['results'][0]['dob']['date']}</arg>
<arg>\\d{4}-\\d{2}-\\d{2}T\\d{2}:\\d{2}:\\d{2}\\.\\d{3}Z</arg>
<doc>Fails if ``string`` does not match ``pattern`` as a regular expression.</doc>
<status status="PASS" start="2024-06-22T10:15:56.172816" elapsed="0.000754"/>
</kw>
<kw name="Should Match Regexp" owner="BuiltIn">
<arg>${json_data['results'][0]['registered']['date']}</arg>
<arg>\\d{4}-\\d{2}-\\d{2}T\\d{2}:\\d{2}:\\d{2}\\.\\d{3}Z</arg>
<doc>Fails if ``string`` does not match ``pattern`` as a regular expression.</doc>
<status status="PASS" start="2024-06-22T10:15:56.173799" elapsed="0.000376"/>
</kw>
<kw name="Should Match Regexp" owner="BuiltIn">
<arg>${json_data['results'][0]['picture']['large']}</arg>
<arg>^https?://.*\.(?:png|jpe?g|gif|bmp)$</arg>
<doc>Fails if ``string`` does not match ``pattern`` as a regular expression.</doc>
<status status="PASS" start="2024-06-22T10:15:56.174357" elapsed="0.000452"/>
</kw>
<kw name="Should Match Regexp" owner="BuiltIn">
<arg>${json_data['results'][0]['picture']['medium']}</arg>
<arg>^https?://.*\.(?:png|jpe?g|gif|bmp)$</arg>
<doc>Fails if ``string`` does not match ``pattern`` as a regular expression.</doc>
<status status="PASS" start="2024-06-22T10:15:56.174992" elapsed="0.000348"/>
</kw>
<kw name="Should Match Regexp" owner="BuiltIn">
<arg>${json_data['results'][0]['picture']['thumbnail']}</arg>
<arg>^https?://.*\.(?:png|jpe?g|gif|bmp)$</arg>
<doc>Fails if ``string`` does not match ``pattern`` as a regular expression.</doc>
<status status="PASS" start="2024-06-22T10:15:56.175521" elapsed="0.000342"/>
</kw>
<kw name="Log" owner="BuiltIn">
<msg time="2024-06-22T10:15:56.176356" level="INFO">{'large': 'https://randomuser.me/api/portraits/women/82.jpg', 'medium': 'https://randomuser.me/api/portraits/med/women/82.jpg', 'thumbnail': 'https://randomuser.me/api/portraits/thumb/women/82.jpg'}</msg>
<arg>${json_data['results'][0]['picture']}</arg>
<doc>Logs the given message with the given level.</doc>
<status status="PASS" start="2024-06-22T10:15:56.176039" elapsed="0.000360"/>
</kw>
<status status="PASS" start="2024-06-22T10:15:56.062757" elapsed="0.113898"/>
</kw>
<kw name="Teste de Tipos de Dados - Postcode" owner="random-user-service">
<kw name="GET On Session" owner="RequestsLibrary">
<msg time="2024-06-22T10:15:56.277687" level="INFO">GET Request : url=https://randomuser.me/api 
 path_url=/api 
 headers={'User-Agent': 'python-requests/2.32.3', 'Accept-Encoding': 'gzip, deflate', 'Accept': '*/*', 'Connection': 'keep-alive'} 
 body=None 
 </msg>
<msg time="2024-06-22T10:15:56.277779" level="INFO">GET Response : url=https://randomuser.me/api 
 status=200, reason=OK 
 headers={'Date': 'Sat, 22 Jun 2024 10:15:56 GMT', 'Content-Type': 'application/json; charset=utf-8', 'Transfer-Encoding': 'chunked', 'Connection': 'keep-alive', 'X-Powered-By': 'Express', 'Access-Control-Allow-Origin': '*', 'Cache-Control': 'no-cache', 'ETag': 'W/"495-EKeqXBKn4CsO+gXkO5aDvsP2QIA"', 'Vary': 'Accept-Encoding', 'Content-Encoding': 'gzip', 'CF-Cache-Status': 'DYNAMIC', 'Report-To': '{"endpoints":[{"url":"https:\\/\\/a.nel.cloudflare.com\\/report\\/v4?s=%2F8rq7VT22O1oiasD5g2vC%2FqrnhPJO7konblh9DIULZSCltMyNq8bGUbn%2FQb2Ft8blTLjead9Z04g5GeZvVI7GzXNn%2BwO8QqMYvtlILyb8cN%2F9z4XFZ7kH4PZl2YWCRs8"}],"group":"cf-nel","max_age":604800}', 'NEL': '{"success_fraction":0,"report_to":"cf-nel","max_age":604800}', 'Server': 'cloudflare', 'CF-RAY': '897b7ae028b0312b-LAX', 'alt-svc': 'h3=":443"; ma=86400'} 
 body={"results":[{"gender":"male","name":{"title":"Mr","first":"Arthur","last":"Mendoza"},"location":{"street":{"number":4922,"name":"Photinia Ave"},"city":"Cape Coral","state":"Indiana","country":"United States","postcode":78306,"coordinates":{"latitude":"89.0407","longitude":"-69.8150"},"timezone":{"offset":"-3:00","description":"Brazil, Buenos Aires, Georgetown"}},"email":"arthur.mendoza@example.com","login":{"uuid":"1957924c-dfd9-40de-a0c2-6dd443d5bd79","username":"silvercat458","password":"11235813","salt":"371Lc15O","md5":"b764befbc3bbb9555edea9e8ebf583e7","sha1":"98270e62b10d4252cac4d68aad5c90d39b045108","sha256":"e76b98992b40c23034814df4b818c342c5f6b429c970e21abd8234029167a2aa"},"dob":{"date":"1993-05-13T10:05:02.094Z","age":31},"registered":{"date":"2019-06-09T09:47:22.478Z","age":5},"phone":"(428) 478-4598","cell":"(560) 796-2012","id":{"name":"SSN","value":"052-60-5303"},"picture":{"large":"https://randomuser.me/api/portraits/men/25.jpg","medium":"https://randomuser.me/api/portraits/med/men/25.jpg","thumbnail":"https://randomuser.me/api/portraits/thumb/men/25.jpg"},"nat":"US"}],"info":{"seed":"352fd270bb79cd27","results":1,"page":1,"version":"1.4"}} 
 </msg>
<msg time="2024-06-22T10:15:56.277856" level="INFO">/opt/hostedtoolcache/Python/3.12.4/x64/lib/python3.12/site-packages/urllib3/connectionpool.py:1099: InsecureRequestWarning: Unverified HTTPS request is being made to host 'randomuser.me'. Adding certificate verification is strongly advised. See: https://urllib3.readthedocs.io/en/latest/advanced-usage.html#tls-warnings
  warnings.warn(</msg>
<msg time="2024-06-22T10:15:56.277981" level="INFO">${response} = &lt;Response [200]&gt;</msg>
<var>${response}</var>
<arg>consultarAPI</arg>
<arg>/api</arg>
<doc>Sends a GET request on a previously created HTTP Session.</doc>
<status status="PASS" start="2024-06-22T10:15:56.177149" elapsed="0.100881"/>
</kw>
<kw name="Set Variable" owner="BuiltIn">
<msg time="2024-06-22T10:15:56.279176" level="INFO">${json_data} = {'results': [{'gender': 'male', 'name': {'title': 'Mr', 'first': 'Arthur', 'last': 'Mendoza'}, 'location': {'street': {'number': 4922, 'name': 'Photinia Ave'}, 'city': 'Cape Coral', 'state': 'Indiana'...</msg>
<var>${json_data}</var>
<arg>${response.json()}</arg>
<doc>Returns the given values which can then be assigned to a variables.</doc>
<status status="PASS" start="2024-06-22T10:15:56.278608" elapsed="0.000596"/>
</kw>
<kw name="Log" owner="BuiltIn">
<msg time="2024-06-22T10:15:56.279657" level="INFO">{'results': [{'gender': 'male', 'name': {'title': 'Mr', 'first': 'Arthur', 'last': 'Mendoza'}, 'location': {'street': {'number': 4922, 'name': 'Photinia Ave'}, 'city': 'Cape Coral', 'state': 'Indiana', 'country': 'United States', 'postcode': 78306, 'coordinates': {'latitude': '89.0407', 'longitude': '-69.8150'}, 'timezone': {'offset': '-3:00', 'description': 'Brazil, Buenos Aires, Georgetown'}}, 'email': 'arthur.mendoza@example.com', 'login': {'uuid': '1957924c-dfd9-40de-a0c2-6dd443d5bd79', 'username': 'silvercat458', 'password': '11235813', 'salt': '371Lc15O', 'md5': 'b764befbc3bbb9555edea9e8ebf583e7', 'sha1': '98270e62b10d4252cac4d68aad5c90d39b045108', 'sha256': 'e76b98992b40c23034814df4b818c342c5f6b429c970e21abd8234029167a2aa'}, 'dob': {'date': '1993-05-13T10:05:02.094Z', 'age': 31}, 'registered': {'date': '2019-06-09T09:47:22.478Z', 'age': 5}, 'phone': '(428) 478-4598', 'cell': '(560) 796-2012', 'id': {'name': 'SSN', 'value': '052-60-5303'}, 'picture': {'large': 'https://randomuser.me/api/portraits/men/25.jpg', 'medium': 'https://randomuser.me/api/portraits/med/men/25.jpg', 'thumbnail': 'https://randomuser.me/api/portraits/thumb/men/25.jpg'}, 'nat': 'US'}], 'info': {'seed': '352fd270bb79cd27', 'results': 1, 'page': 1, 'version': '1.4'}}</msg>
<arg>${json_data}</arg>
<doc>Logs the given message with the given level.</doc>
<status status="PASS" start="2024-06-22T10:15:56.279501" elapsed="0.000204"/>
</kw>
<kw name="Should Be Equal As Numbers" owner="BuiltIn">
<arg>${json_data['results'][0]['location']['postcode']}</arg>
<arg>${json_data['results'][0]['location']['postcode']}</arg>
<doc>Fails if objects are unequal after converting them to real numbers.</doc>
<status status="PASS" start="2024-06-22T10:15:56.279996" elapsed="0.000619"/>
</kw>
<kw name="Log" owner="BuiltIn">
<msg time="2024-06-22T10:15:56.281184" level="INFO">78306</msg>
<arg>${json_data['results'][0]['location']['postcode']}</arg>
<doc>Logs the given message with the given level.</doc>
<status status="PASS" start="2024-06-22T10:15:56.280801" elapsed="0.000425"/>
</kw>
<status status="PASS" start="2024-06-22T10:15:56.176890" elapsed="0.104614"/>
</kw>
<doc>Testa se os tipos de dados na resposta da API estão corretos.</doc>
<tag>testeTiposDados</tag>
<status status="PASS" start="2024-06-22T10:15:56.062068" elapsed="0.219599"/>
</test>
<test id="s1-s1-t5" name="Validar conteudo" line="35">
<kw name="Teste de Tipos de Conteudo" owner="random-user-service">
<kw name="GET On Session" owner="RequestsLibrary">
<msg time="2024-06-22T10:15:56.396929" level="INFO">GET Request : url=https://randomuser.me/api 
 path_url=/api 
 headers={'User-Agent': 'python-requests/2.32.3', 'Accept-Encoding': 'gzip, deflate', 'Accept': '*/*', 'Connection': 'keep-alive'} 
 body=None 
 </msg>
<msg time="2024-06-22T10:15:56.397074" level="INFO">GET Response : url=https://randomuser.me/api 
 status=200, reason=OK 
 headers={'Date': 'Sat, 22 Jun 2024 10:15:56 GMT', 'Content-Type': 'application/json; charset=utf-8', 'Transfer-Encoding': 'chunked', 'Connection': 'keep-alive', 'X-Powered-By': 'Express', 'Access-Control-Allow-Origin': '*', 'Cache-Control': 'no-cache', 'ETag': 'W/"49b-k/JSWXE39PfkP2DqlQmwZ0GmMTs"', 'Vary': 'Accept-Encoding', 'Content-Encoding': 'gzip', 'CF-Cache-Status': 'DYNAMIC', 'Report-To': '{"endpoints":[{"url":"https:\\/\\/a.nel.cloudflare.com\\/report\\/v4?s=xJeb5hqithqtcdYg2egnM7SfniXZgGjcNHx1wzIel%2Fnxa3yGIorzkzNHeMMtTA%2FTZuDZrv8vzt6dYjHvrGs%2Bb7GA2%2BfX%2FVqAJ%2BjbHCBnCX09%2F0pI016zXhQ%2Fj0fy0f%2F8"}],"group":"cf-nel","max_age":604800}', 'NEL': '{"success_fraction":0,"report_to":"cf-nel","max_age":604800}', 'Server': 'cloudflare', 'CF-RAY': '897b7ae0c901312b-LAX', 'alt-svc': 'h3=":443"; ma=86400'} 
 body={"results":[{"gender":"female","name":{"title":"Miss","first":"Deborah","last":"Fowler"},"location":{"street":{"number":8668,"name":"Church Street"},"city":"Westminster","state":"Dyfed","country":"United Kingdom","postcode":"F2T 4JP","coordinates":{"latitude":"-9.0232","longitude":"71.0207"},"timezone":{"offset":"-11:00","description":"Midway Island, Samoa"}},"email":"deborah.fowler@example.com","login":{"uuid":"4410d2e5-9dd4-4fbe-a6b0-5aa9645b83b1","username":"beautifulfrog670","password":"pool6123","salt":"21q9S3Oy","md5":"3ab5b21bc4520ac6c0ceab6d5d4f0f80","sha1":"ddf459333fe1ebed3d36e68cf744d84578494788","sha256":"5a8a97d473b1e9ef2acb3de007fa05eaaf1d354d118210948c0b58717b51472d"},"dob":{"date":"1981-01-31T16:08:36.430Z","age":43},"registered":{"date":"2014-09-10T10:26:49.276Z","age":9},"phone":"013873 90491","cell":"07000 207359","id":{"name":"NINO","value":"AY 18 57 17 D"},"picture":{"large":"https://randomuser.me/api/portraits/women/41.jpg","medium":"https://randomuser.me/api/portraits/med/women/41.jpg","thumbnail":"https://randomuser.me/api/portraits/thumb/women/41.jpg"},"nat":"GB"}],"info":{"seed":"357b2106ee2799d4","results":1,"page":1,"version":"1.4"}} 
 </msg>
<msg time="2024-06-22T10:15:56.397167" level="INFO">/opt/hostedtoolcache/Python/3.12.4/x64/lib/python3.12/site-packages/urllib3/connectionpool.py:1099: InsecureRequestWarning: Unverified HTTPS request is being made to host 'randomuser.me'. Adding certificate verification is strongly advised. See: https://urllib3.readthedocs.io/en/latest/advanced-usage.html#tls-warnings
  warnings.warn(</msg>
<msg time="2024-06-22T10:15:56.397283" level="INFO">${response} = &lt;Response [200]&gt;</msg>
<var>${response}</var>
<arg>consultarAPI</arg>
<arg>/api</arg>
<doc>Sends a GET request on a previously created HTTP Session.</doc>
<status status="PASS" start="2024-06-22T10:15:56.284186" elapsed="0.113139"/>
</kw>
<kw name="Set Variable" owner="BuiltIn">
<msg time="2024-06-22T10:15:56.398320" level="INFO">${json_data} = {'results': [{'gender': 'female', 'name': {'title': 'Miss', 'first': 'Deborah', 'last': 'Fowler'}, 'location': {'street': {'number': 8668, 'name': 'Church Street'}, 'city': 'Westminster', 'state': 'Dy...</msg>
<var>${json_data}</var>
<arg>${response.json()}</arg>
<doc>Returns the given values which can then be assigned to a variables.</doc>
<status status="PASS" start="2024-06-22T10:15:56.397823" elapsed="0.000525"/>
</kw>
<kw name="Set Variable" owner="BuiltIn">
<msg time="2024-06-22T10:15:56.399019" level="INFO">${name_title} = Miss</msg>
<var>${name_title}</var>
<arg>${json_data["results"][0]["name"]["title"]}</arg>
<doc>Returns the given values which can then be assigned to a variables.</doc>
<status status="PASS" start="2024-06-22T10:15:56.398645" elapsed="0.000399"/>
</kw>
<kw name="Create List" owner="BuiltIn">
<msg time="2024-06-22T10:15:56.399475" level="INFO">${allowed_titles} = ['Mr', 'Ms', 'Miss', 'Mrs', 'Madame', 'Monsieur']</msg>
<var>${allowed_titles}</var>
<arg>Mr</arg>
<arg>Ms</arg>
<arg>Miss</arg>
<arg>Mrs</arg>
<arg>Madame</arg>
<arg>Monsieur</arg>
<doc>Returns a list containing given items.</doc>
<status status="PASS" start="2024-06-22T10:15:56.399331" elapsed="0.000168"/>
</kw>
<kw name="List Should Contain Value" owner="Collections">
<arg>${allowed_titles}</arg>
<arg>${name_title}</arg>
<doc>Fails if the ``value`` is not found from ``list``.</doc>
<status status="PASS" start="2024-06-22T10:15:56.399787" elapsed="0.000174"/>
</kw>
<kw name="Set Variable" owner="BuiltIn">
<msg time="2024-06-22T10:15:56.400488" level="INFO">${name_country} = GB</msg>
<var>${name_country}</var>
<arg>${json_data["results"][0]["nat"]}</arg>
<doc>Returns the given values which can then be assigned to a variables.</doc>
<status status="PASS" start="2024-06-22T10:15:56.400133" elapsed="0.000378"/>
</kw>
<kw name="Create List" owner="BuiltIn">
<msg time="2024-06-22T10:15:56.401417" level="INFO">${list_country} = ['AD', 'AE', 'AF', 'AG', 'AI', 'AL', 'AM', 'AO', 'AQ', 'AR', 'AS', 'AT', 'AU', 'AW', 'AX', 'AZ', 'BA', 'BB', 'BD', 'BE', 'BF', 'BG', 'BH', 'BI', 'BJ', 'BL', 'BM', 'BN', 'BO', 'BQ', 'BR', 'BS', 'BT', '...</msg>
<var>${list_country}</var>
<arg>AD</arg>
<arg>AE</arg>
<arg>AF</arg>
<arg>AG</arg>
<arg>AI</arg>
<arg>AL</arg>
<arg>AM</arg>
<arg>AO</arg>
<arg>AQ</arg>
<arg>AR</arg>
<arg>AS</arg>
<arg>AT</arg>
<arg>AU</arg>
<arg>AW</arg>
<arg>AX</arg>
<arg>AZ</arg>
<arg>BA</arg>
<arg>BB</arg>
<arg>BD</arg>
<arg>BE</arg>
<arg>BF</arg>
<arg>BG</arg>
<arg>BH</arg>
<arg>BI</arg>
<arg>BJ</arg>
<arg>BL</arg>
<arg>BM</arg>
<arg>BN</arg>
<arg>BO</arg>
<arg>BQ</arg>
<arg>BR</arg>
<arg>BS</arg>
<arg>BT</arg>
<arg>BV</arg>
<arg>BW</arg>
<arg>BY</arg>
<arg>BZ</arg>
<arg>CA</arg>
<arg>CC</arg>
<arg>CD</arg>
<arg>CF</arg>
<arg>CG</arg>
<arg>CH</arg>
<arg>CI</arg>
<arg>CK</arg>
<arg>CL</arg>
<arg>CM</arg>
<arg>CN</arg>
<arg>CO</arg>
<arg>CR</arg>
<arg>CU</arg>
<arg>CV</arg>
<arg>CW</arg>
<arg>CX</arg>
<arg>CY</arg>
<arg>CZ</arg>
<arg>DE</arg>
<arg>DJ</arg>
<arg>DK</arg>
<arg>DM</arg>
<arg>DO</arg>
<arg>DZ</arg>
<arg>EC</arg>
<arg>EE</arg>
<arg>EG</arg>
<arg>EH</arg>
<arg>ER</arg>
<arg>ES</arg>
<arg>ET</arg>
<arg>FI</arg>
<arg>FJ</arg>
<arg>FK</arg>
<arg>FM</arg>
<arg>FO</arg>
<arg>FR</arg>
<arg>GA</arg>
<arg>GB</arg>
<arg>GD</arg>
<arg>GE</arg>
<arg>GF</arg>
<arg>GG</arg>
<arg>GH</arg>
<arg>GI</arg>
<arg>GL</arg>
<arg>GM</arg>
<arg>GN</arg>
<arg>GP</arg>
<arg>GQ</arg>
<arg>GR</arg>
<arg>GS</arg>
<arg>GT</arg>
<arg>GU</arg>
<arg>GW</arg>
<arg>GY</arg>
<arg>HK</arg>
<arg>HM</arg>
<arg>HN</arg>
<arg>HR</arg>
<arg>HT</arg>
<arg>HU</arg>
<arg>ID</arg>
<arg>IE</arg>
<arg>IL</arg>
<arg>IM</arg>
<arg>IN</arg>
<arg>IO</arg>
<arg>IQ</arg>
<arg>IR</arg>
<arg>IS</arg>
<arg>IT</arg>
<arg>JE</arg>
<arg>JM</arg>
<arg>JO</arg>
<arg>JP</arg>
<arg>KE</arg>
<arg>KG</arg>
<arg>KH</arg>
<arg>KI</arg>
<arg>KM</arg>
<arg>KN</arg>
<arg>KP</arg>
<arg>KR</arg>
<arg>KW</arg>
<arg>KY</arg>
<arg>KZ</arg>
<arg>LA</arg>
<arg>LB</arg>
<arg>LC</arg>
<arg>LI</arg>
<arg>LK</arg>
<arg>LR</arg>
<arg>LS</arg>
<arg>LT</arg>
<arg>LU</arg>
<arg>LV</arg>
<arg>LY</arg>
<arg>MA</arg>
<arg>MC</arg>
<arg>MD</arg>
<arg>ME</arg>
<arg>MF</arg>
<arg>MG</arg>
<arg>MH</arg>
<arg>MK</arg>
<arg>ML</arg>
<arg>MM</arg>
<arg>MN</arg>
<arg>MO</arg>
<arg>MP</arg>
<arg>MQ</arg>
<arg>MR</arg>
<arg>MS</arg>
<arg>MT</arg>
<arg>MU</arg>
<arg>MV</arg>
<arg>MW</arg>
<arg>MX</arg>
<arg>MY</arg>
<arg>MZ</arg>
<arg>NA</arg>
<arg>NC</arg>
<arg>NE</arg>
<arg>NF</arg>
<arg>NG</arg>
<arg>NI</arg>
<arg>NL</arg>
<arg>NO</arg>
<arg>NP</arg>
<arg>NR</arg>
<arg>NU</arg>
<arg>NZ</arg>
<arg>OM</arg>
<arg>PA</arg>
<arg>PE</arg>
<arg>PF</arg>
<arg>PG</arg>
<arg>PH</arg>
<arg>PK</arg>
<arg>PL</arg>
<arg>PM</arg>
<arg>PN</arg>
<arg>PR</arg>
<arg>PS</arg>
<arg>PT</arg>
<arg>PW</arg>
<arg>PY</arg>
<arg>QA</arg>
<arg>RE</arg>
<arg>RO</arg>
<arg>RS</arg>
<arg>RU</arg>
<arg>RW</arg>
<arg>SA</arg>
<arg>SB</arg>
<arg>SC</arg>
<arg>SD</arg>
<arg>SE</arg>
<arg>SG</arg>
<arg>SH</arg>
<arg>SI</arg>
<arg>SJ</arg>
<arg>SK</arg>
<arg>SL</arg>
<arg>SM</arg>
<arg>SN</arg>
<arg>SO</arg>
<arg>SR</arg>
<arg>SS</arg>
<arg>ST</arg>
<arg>SV</arg>
<arg>SX</arg>
<arg>SY</arg>
<arg>SZ</arg>
<arg>TC</arg>
<arg>TD</arg>
<arg>TF</arg>
<arg>TG</arg>
<arg>TH</arg>
<arg>TJ</arg>
<arg>TK</arg>
<arg>TL</arg>
<arg>TM</arg>
<arg>TN</arg>
<arg>TO</arg>
<arg>TR</arg>
<arg>TT</arg>
<arg>TV</arg>
<arg>TW</arg>
<arg>TZ</arg>
<arg>UA</arg>
<arg>UG</arg>
<arg>UM</arg>
<arg>US</arg>
<arg>UY</arg>
<arg>UZ</arg>
<arg>VA</arg>
<arg>VC</arg>
<arg>VE</arg>
<arg>VG</arg>
<arg>VI</arg>
<arg>VN</arg>
<arg>VU</arg>
<arg>WF</arg>
<arg>WS</arg>
<arg>XK</arg>
<arg>YE</arg>
<arg>YT</arg>
<arg>ZA</arg>
<arg>ZM</arg>
<arg>ZW</arg>
<doc>Returns a list containing given items.</doc>
<status status="PASS" start="2024-06-22T10:15:56.400799" elapsed="0.000643"/>
</kw>
<kw name="List Should Contain Value" owner="Collections">
<arg>${list_country}</arg>
<arg>${name_country}</arg>
<doc>Fails if the ``value`` is not found from ``list``.</doc>
<status status="PASS" start="2024-06-22T10:15:56.402231" elapsed="0.000200"/>
</kw>
<kw name="Run Keyword If" owner="BuiltIn">
<kw name="Should Be True" owner="BuiltIn">
<arg>${True}</arg>
<doc>Fails if the given condition is not true.</doc>
<status status="PASS" start="2024-06-22T10:15:56.403354" elapsed="0.000138"/>
</kw>
<arg>${json_data["results"][0]["location"]["coordinates"]["latitude"]} &gt;= -90 and ${json_data["results"][0]["location"]["coordinates"]["latitude"]} &lt;= 90</arg>
<arg>Should Be True</arg>
<arg>${True}</arg>
<doc>Runs the given keyword with the given arguments, if ``condition`` is true.</doc>
<status status="PASS" start="2024-06-22T10:15:56.402621" elapsed="0.000993"/>
</kw>
<kw name="Run Keyword If" owner="BuiltIn">
<kw name="Should Be True" owner="BuiltIn">
<arg>${True}</arg>
<doc>Fails if the given condition is not true.</doc>
<status status="PASS" start="2024-06-22T10:15:56.404479" elapsed="0.000133"/>
</kw>
<arg>${json_data["results"][0]["location"]["coordinates"]["longitude"]} &gt;= -180 and ${json_data["results"][0]["location"]["coordinates"]["longitude"]} &lt;= 180</arg>
<arg>Should Be True</arg>
<arg>${True}</arg>
<doc>Runs the given keyword with the given arguments, if ``condition`` is true.</doc>
<status status="PASS" start="2024-06-22T10:15:56.403790" elapsed="0.000944"/>
</kw>
<status status="PASS" start="2024-06-22T10:15:56.283820" elapsed="0.121044"/>
</kw>
<doc>Testa o conteúdo específico dos campos retornados pela API.</doc>
<tag>testeConteudo</tag>
<status status="PASS" start="2024-06-22T10:15:56.283392" elapsed="0.121623"/>
</test>
<status status="PASS" start="2024-06-22T10:15:55.248191" elapsed="1.158767"/>
</suite>
<status status="PASS" start="2024-06-22T10:15:55.233830" elapsed="1.178220"/>
</suite>
<statistics>
<total>
<stat pass="5" fail="0" skip="0">All Tests</stat>
</total>
<tag>
<stat pass="1" fail="0" skip="0">testeConteudo</stat>
<stat pass="1" fail="0" skip="0">testeEstruturaResposta</stat>
<stat pass="1" fail="0" skip="0">testeRequisicaoBasica</stat>
<stat pass="1" fail="0" skip="0">testeTiposDados</stat>
</tag>
<suite>
<stat pass="5" fail="0" skip="0" id="s1" name="Tests">Tests</stat>
<stat pass="5" fail="0" skip="0" id="s1-s1" name="Random-User-Test">Tests.Random-User-Test</stat>
</suite>
</statistics>
<errors>
</errors>
</robot>
