<?xml version="1.0" encoding="UTF-8"?>
<robot generator="Robot 7.0 (Python 3.12.2 on linux)" generated="2024-03-31T03:15:46.150737" rpa="false" schemaversion="5">
<suite id="s1" name="Tests" source="/home/runner/work/DesafioQAItauRogerioJordao/DesafioQAItauRogerioJordao/RamdonUser/tests">
<suite id="s1-s1" name="Random-User-Test" source="/home/runner/work/DesafioQAItauRogerioJordao/DesafioQAItauRogerioJordao/RamdonUser/tests/random-user-test.robot">
<test id="s1-s1-t1" name="Conectar" line="13">
<kw name="Conectar API" owner="random-user-service">
<kw name="Create Session" owner="RequestsLibrary">
<msg time="2024-03-31T03:15:46.495591" level="INFO">Creating Session using : alias=consultarAPI, url=https://randomuser.me/, headers={},                     cookies={}, auth=None, timeout=None, proxies=None, verify=False,                     debug=0 </msg>
<arg>consultarAPI</arg>
<arg>${URL}</arg>
<doc>Create Session: create a HTTP session to a server</doc>
<status status="PASS" start="2024-03-31T03:15:46.495392" elapsed="0.000360"/>
</kw>
<status status="PASS" start="2024-03-31T03:15:46.494398" elapsed="0.001696"/>
</kw>
<status status="PASS" start="2024-03-31T03:15:46.493884" elapsed="0.002412"/>
</test>
<test id="s1-s1-t2" name="Validar retorno 200 e JSON Válido" line="16">
<kw name="Teste de Requisicao Basica" owner="random-user-service">
<kw name="GET On Session" owner="RequestsLibrary">
<msg time="2024-03-31T03:15:46.573289" level="INFO">GET Request : url=https://randomuser.me/api 
 path_url=/api 
 headers={'User-Agent': 'python-requests/2.31.0', 'Accept-Encoding': 'gzip, deflate', 'Accept': '*/*', 'Connection': 'keep-alive'} 
 body=None 
 </msg>
<msg time="2024-03-31T03:15:46.573424" level="INFO">GET Response : url=https://randomuser.me/api 
 status=200, reason=OK 
 headers={'Date': 'Sun, 31 Mar 2024 03:15:46 GMT', 'Content-Type': 'application/json; charset=utf-8', 'Transfer-Encoding': 'chunked', 'Connection': 'keep-alive', 'X-Powered-By': 'Express', 'Access-Control-Allow-Origin': '*', 'Cache-Control': 'no-cache', 'ETag': 'W/"470-71ga0BPsU1VEgz/AJgMJDGUSJB8"', 'Vary': 'Accept-Encoding', 'Content-Encoding': 'gzip', 'CF-Cache-Status': 'DYNAMIC', 'Report-To': '{"endpoints":[{"url":"https:\\/\\/a.nel.cloudflare.com\\/report\\/v4?s=mIrYxzPd2Jm7JcqNv1aEjS1xUVcvcgIr2eDZECWEvMziW0as5Zp8Hv%2FJw56gLkZuUYL9wPDwgyg0sBY8YqH0f3WPmbhTUdbTlz3yGipUtaiXrxLtIbV9KdHE0a%2BZRRsL"}],"group":"cf-nel","max_age":604800}', 'NEL': '{"success_fraction":0,"report_to":"cf-nel","max_age":604800}', 'Server': 'cloudflare', 'CF-RAY': '86cd2d47bf17e24c-ORD', 'alt-svc': 'h3=":443"; ma=86400'} 
 body={"results":[{"gender":"male","name":{"title":"Mr","first":"Malte","last":"Schacht"},"location":{"street":{"number":8372,"name":"Mittelstraße"},"city":"Teublitz","state":"Hessen","country":"Germany","postcode":44708,"coordinates":{"latitude":"-50.7159","longitude":"-83.4450"},"timezone":{"offset":"+4:30","description":"Kabul"}},"email":"malte.schacht@example.com","login":{"uuid":"acadad66-a23c-4cd1-99ff-e2d547efb0ea","username":"yellowwolf909","password":"missy","salt":"OjnVVZfJ","md5":"cb5d29fe501d2f6e6459de0246ea752e","sha1":"7672496787fe6c4f7b514b4d0aed884126ce219e","sha256":"a879bc6cfb007419bfcf5b6339941ac0f2103554f9297961e7fbaf27105d527d"},"dob":{"date":"1953-11-28T11:20:09.954Z","age":70},"registered":{"date":"2018-11-26T07:12:15.417Z","age":5},"phone":"0248-9709619","cell":"0171-9172516","id":{"name":"SVNR","value":"15 281153 S 454"},"picture":{"large":"https://randomuser.me/api/portraits/men/35.jpg","medium":"https://randomuser.me/api/portraits/med/men/35.jpg","thumbnail":"https://randomuser.me/api/portraits/thumb/men/35.jpg"},"nat":"DE"}],"info":{"seed":"2f25d6890705c8d2","results":1,"page":1,"version":"1.4"}} 
 </msg>
<msg time="2024-03-31T03:15:46.573538" level="INFO">/opt/hostedtoolcache/Python/3.12.2/x64/lib/python3.12/site-packages/urllib3/connectionpool.py:1103: InsecureRequestWarning: Unverified HTTPS request is being made to host 'randomuser.me'. Adding certificate verification is strongly advised. See: https://urllib3.readthedocs.io/en/latest/advanced-usage.html#tls-warnings
  warnings.warn(</msg>
<msg time="2024-03-31T03:15:46.573665" level="INFO">${response} = &lt;Response [200]&gt;</msg>
<var>${response}</var>
<arg>consultarAPI</arg>
<arg>/api</arg>
<doc>Sends a GET request on a previously created HTTP Session.</doc>
<status status="PASS" start="2024-03-31T03:15:46.498909" elapsed="0.074801"/>
</kw>
<kw name="Should Be Equal As Numbers" owner="BuiltIn">
<msg time="2024-03-31T03:15:46.574503" level="INFO">Argument types are:
&lt;class 'int'&gt;
&lt;class 'str'&gt;</msg>
<arg>${response.status_code}</arg>
<arg>200</arg>
<doc>Fails if objects are unequal after converting them to real numbers.</doc>
<status status="PASS" start="2024-03-31T03:15:46.574095" elapsed="0.000471"/>
</kw>
<kw name="Log" owner="BuiltIn">
<msg time="2024-03-31T03:15:46.575297" level="INFO">200</msg>
<arg>${response.status_code}</arg>
<doc>Logs the given message with the given level.</doc>
<status status="PASS" start="2024-03-31T03:15:46.574892" elapsed="0.000449"/>
</kw>
<kw name="Set Variable" owner="BuiltIn">
<msg time="2024-03-31T03:15:46.576129" level="INFO">${json_data} = {'results': [{'gender': 'male', 'name': {'title': 'Mr', 'first': 'Malte', 'last': 'Schacht'}, 'location': {'street': {'number': 8372, 'name': 'Mittelstraße'}, 'city': 'Teublitz', 'state': 'Hessen', 'c...</msg>
<var>${json_data}</var>
<arg>${response.json()}</arg>
<doc>Returns the given values which can then be assigned to a variables.</doc>
<status status="PASS" start="2024-03-31T03:15:46.575679" elapsed="0.000479"/>
</kw>
<kw name="Dictionary Should Contain Key" owner="Collections">
<msg time="2024-03-31T03:15:46.576630" level="INFO">False</msg>
<arg>${json_data}</arg>
<arg>results</arg>
<doc>Fails if ``key`` is not found from ``dictionary``.</doc>
<status status="PASS" start="2024-03-31T03:15:46.576464" elapsed="0.000207"/>
</kw>
<status status="PASS" start="2024-03-31T03:15:46.498662" elapsed="0.078262"/>
</kw>
<doc>Testa se a API responde corretamente e retorna um objeto JSON válido.</doc>
<tag>testeRequisicaoBasica</tag>
<status status="PASS" start="2024-03-31T03:15:46.498176" elapsed="0.078921"/>
</test>
<test id="s1-s1-t3" name="Validar estrutura de resposta" line="22">
<kw name="Teste de Estrutura de Resposta" owner="random-user-service">
<kw name="GET On Session" owner="RequestsLibrary">
<msg time="2024-03-31T03:15:46.676118" level="INFO">GET Request : url=https://randomuser.me/api 
 path_url=/api 
 headers={'User-Agent': 'python-requests/2.31.0', 'Accept-Encoding': 'gzip, deflate', 'Accept': '*/*', 'Connection': 'keep-alive'} 
 body=None 
 </msg>
<msg time="2024-03-31T03:15:46.676198" level="INFO">GET Response : url=https://randomuser.me/api 
 status=200, reason=OK 
 headers={'Date': 'Sun, 31 Mar 2024 03:15:46 GMT', 'Content-Type': 'application/json; charset=utf-8', 'Transfer-Encoding': 'chunked', 'Connection': 'keep-alive', 'X-Powered-By': 'Express', 'Access-Control-Allow-Origin': '*', 'Cache-Control': 'no-cache', 'ETag': 'W/"482-U7bTWvS/hYDDnCTY+YCBusEBFJo"', 'Vary': 'Accept-Encoding', 'Content-Encoding': 'gzip', 'CF-Cache-Status': 'DYNAMIC', 'Report-To': '{"endpoints":[{"url":"https:\\/\\/a.nel.cloudflare.com\\/report\\/v4?s=ttMNh2juYeNEfrHL53ylkZVvH6m9v9MqMOmBNtCgDU4ALMyuiLG7rzdbhl9bckaIu7fjrgMnjUJT2M3f%2FqAGlal0j6iljyltXDcsigtzS9mEyf1jPLWqLBNAoTCDv7sE"}],"group":"cf-nel","max_age":604800}', 'NEL': '{"success_fraction":0,"report_to":"cf-nel","max_age":604800}', 'Server': 'cloudflare', 'CF-RAY': '86cd2d481f65e24c-ORD', 'alt-svc': 'h3=":443"; ma=86400'} 
 body={"results":[{"gender":"male","name":{"title":"Mr","first":"Mihailo","last":"Rajković"},"location":{"street":{"number":3195,"name":"Vučka Milićevića"},"city":"Surdulica","state":"Nišava","country":"Serbia","postcode":59496,"coordinates":{"latitude":"56.5552","longitude":"-31.7237"},"timezone":{"offset":"+9:30","description":"Adelaide, Darwin"}},"email":"mihailo.rajkovic@example.com","login":{"uuid":"79e5fd68-818e-4fb4-87d3-b6800aba8d13","username":"ticklishduck765","password":"island","salt":"GfG50TrI","md5":"6a698e5b892fe10842da8610254947a8","sha1":"810c05d9f953859faab632b4277baf68f24915c2","sha256":"04acce5fa7d658f28545f59f2b54d54b775f5e1496f0fe2472505cca8c02e827"},"dob":{"date":"1967-10-25T12:43:25.820Z","age":56},"registered":{"date":"2013-07-21T14:27:36.891Z","age":10},"phone":"016-7658-129","cell":"064-1435-488","id":{"name":"SID","value":"063515323"},"picture":{"large":"https://randomuser.me/api/portraits/men/4.jpg","medium":"https://randomuser.me/api/portraits/med/men/4.jpg","thumbnail":"https://randomuser.me/api/portraits/thumb/men/4.jpg"},"nat":"RS"}],"info":{"seed":"5d4bfceec95c425f","results":1,"page":1,"version":"1.4"}} 
 </msg>
<msg time="2024-03-31T03:15:46.676323" level="INFO">/opt/hostedtoolcache/Python/3.12.2/x64/lib/python3.12/site-packages/urllib3/connectionpool.py:1103: InsecureRequestWarning: Unverified HTTPS request is being made to host 'randomuser.me'. Adding certificate verification is strongly advised. See: https://urllib3.readthedocs.io/en/latest/advanced-usage.html#tls-warnings
  warnings.warn(</msg>
<msg time="2024-03-31T03:15:46.676459" level="INFO">${response} = &lt;Response [200]&gt;</msg>
<var>${response}</var>
<arg>consultarAPI</arg>
<arg>/api</arg>
<doc>Sends a GET request on a previously created HTTP Session.</doc>
<status status="PASS" start="2024-03-31T03:15:46.579792" elapsed="0.096718"/>
</kw>
<kw name="Set Variable" owner="BuiltIn">
<msg time="2024-03-31T03:15:46.677356" level="INFO">${json_data} = {'results': [{'gender': 'male', 'name': {'title': 'Mr', 'first': 'Mihailo', 'last': 'Rajković'}, 'location': {'street': {'number': 3195, 'name': 'Vučka Milićevića'}, 'city': 'Surdulica', 'state': 'Niš...</msg>
<var>${json_data}</var>
<arg>${response.json()}</arg>
<doc>Returns the given values which can then be assigned to a variables.</doc>
<status status="PASS" start="2024-03-31T03:15:46.676897" elapsed="0.000490"/>
</kw>
<kw name="Log" owner="BuiltIn">
<msg time="2024-03-31T03:15:46.677858" level="INFO">{'results': [{'gender': 'male', 'name': {'title': 'Mr', 'first': 'Mihailo', 'last': 'Rajković'}, 'location': {'street': {'number': 3195, 'name': 'Vučka Milićevića'}, 'city': 'Surdulica', 'state': 'Nišava', 'country': 'Serbia', 'postcode': 59496, 'coordinates': {'latitude': '56.5552', 'longitude': '-31.7237'}, 'timezone': {'offset': '+9:30', 'description': 'Adelaide, Darwin'}}, 'email': 'mihailo.rajkovic@example.com', 'login': {'uuid': '79e5fd68-818e-4fb4-87d3-b6800aba8d13', 'username': 'ticklishduck765', 'password': 'island', 'salt': 'GfG50TrI', 'md5': '6a698e5b892fe10842da8610254947a8', 'sha1': '810c05d9f953859faab632b4277baf68f24915c2', 'sha256': '04acce5fa7d658f28545f59f2b54d54b775f5e1496f0fe2472505cca8c02e827'}, 'dob': {'date': '1967-10-25T12:43:25.820Z', 'age': 56}, 'registered': {'date': '2013-07-21T14:27:36.891Z', 'age': 10}, 'phone': '016-7658-129', 'cell': '064-1435-488', 'id': {'name': 'SID', 'value': '063515323'}, 'picture': {'large': 'https://randomuser.me/api/portraits/men/4.jpg', 'medium': 'https://randomuser.me/api/portraits/med/men/4.jpg', 'thumbnail': 'https://randomuser.me/api/portraits/thumb/men/4.jpg'}, 'nat': 'RS'}], 'info': {'seed': '5d4bfceec95c425f', 'results': 1, 'page': 1, 'version': '1.4'}}</msg>
<arg>${json_data}</arg>
<doc>Logs the given message with the given level.</doc>
<status status="PASS" start="2024-03-31T03:15:46.677696" elapsed="0.000212"/>
</kw>
<kw name="Dictionary Should Contain Key" owner="Collections">
<msg time="2024-03-31T03:15:46.678355" level="INFO">False</msg>
<arg>${json_data}</arg>
<arg>results</arg>
<doc>Fails if ``key`` is not found from ``dictionary``.</doc>
<status status="PASS" start="2024-03-31T03:15:46.678205" elapsed="0.000187"/>
</kw>
<kw name="Should Not Be Empty" owner="BuiltIn">
<msg time="2024-03-31T03:15:46.678823" level="INFO">Length is 2.</msg>
<arg>${json_data}</arg>
<doc>Verifies that the given item is not empty.</doc>
<status status="PASS" start="2024-03-31T03:15:46.678688" elapsed="0.000173"/>
</kw>
<kw name="Create List" owner="BuiltIn">
<msg time="2024-03-31T03:15:46.679353" level="INFO">${expected_keys} = ['gender', 'name', 'location', 'email', 'login']</msg>
<var>${expected_keys}</var>
<arg>gender</arg>
<arg>name</arg>
<arg>location</arg>
<arg>email</arg>
<arg>login</arg>
<doc>Returns a list containing given items.</doc>
<status status="PASS" start="2024-03-31T03:15:46.679196" elapsed="0.000182"/>
</kw>
<for flavor="IN">
<iter>
<kw name="Dictionary Should Contain Key" owner="Collections">
<msg time="2024-03-31T03:15:46.680358" level="INFO">False</msg>
<arg>${json_data['results'][0]}</arg>
<arg>${key}</arg>
<doc>Fails if ``key`` is not found from ``dictionary``.</doc>
<status status="PASS" start="2024-03-31T03:15:46.679945" elapsed="0.000453"/>
</kw>
<kw name="Log" owner="BuiltIn">
<msg time="2024-03-31T03:15:46.681077" level="INFO">{'gender': 'male', 'name': {'title': 'Mr', 'first': 'Mihailo', 'last': 'Rajković'}, 'location': {'street': {'number': 3195, 'name': 'Vučka Milićevića'}, 'city': 'Surdulica', 'state': 'Nišava', 'country': 'Serbia', 'postcode': 59496, 'coordinates': {'latitude': '56.5552', 'longitude': '-31.7237'}, 'timezone': {'offset': '+9:30', 'description': 'Adelaide, Darwin'}}, 'email': 'mihailo.rajkovic@example.com', 'login': {'uuid': '79e5fd68-818e-4fb4-87d3-b6800aba8d13', 'username': 'ticklishduck765', 'password': 'island', 'salt': 'GfG50TrI', 'md5': '6a698e5b892fe10842da8610254947a8', 'sha1': '810c05d9f953859faab632b4277baf68f24915c2', 'sha256': '04acce5fa7d658f28545f59f2b54d54b775f5e1496f0fe2472505cca8c02e827'}, 'dob': {'date': '1967-10-25T12:43:25.820Z', 'age': 56}, 'registered': {'date': '2013-07-21T14:27:36.891Z', 'age': 10}, 'phone': '016-7658-129', 'cell': '064-1435-488', 'id': {'name': 'SID', 'value': '063515323'}, 'picture': {'large': 'https://randomuser.me/api/portraits/men/4.jpg', 'medium': 'https://randomuser.me/api/portraits/med/men/4.jpg', 'thumbnail': 'https://randomuser.me/api/portraits/thumb/men/4.jpg'}, 'nat': 'RS'}</msg>
<arg>${json_data['results'][0]}</arg>
<doc>Logs the given message with the given level.</doc>
<status status="PASS" start="2024-03-31T03:15:46.680704" elapsed="0.000430"/>
</kw>
<kw name="Log" owner="BuiltIn">
<msg time="2024-03-31T03:15:46.681579" level="INFO">gender</msg>
<arg>${key}</arg>
<doc>Logs the given message with the given level.</doc>
<status status="PASS" start="2024-03-31T03:15:46.681443" elapsed="0.000175"/>
</kw>
<var name="${key}">gender</var>
<status status="PASS" start="2024-03-31T03:15:46.679822" elapsed="0.002019"/>
</iter>
<iter>
<kw name="Dictionary Should Contain Key" owner="Collections">
<msg time="2024-03-31T03:15:46.682534" level="INFO">False</msg>
<arg>${json_data['results'][0]}</arg>
<arg>${key}</arg>
<doc>Fails if ``key`` is not found from ``dictionary``.</doc>
<status status="PASS" start="2024-03-31T03:15:46.682147" elapsed="0.000425"/>
</kw>
<kw name="Log" owner="BuiltIn">
<msg time="2024-03-31T03:15:46.683307" level="INFO">{'gender': 'male', 'name': {'title': 'Mr', 'first': 'Mihailo', 'last': 'Rajković'}, 'location': {'street': {'number': 3195, 'name': 'Vučka Milićevića'}, 'city': 'Surdulica', 'state': 'Nišava', 'country': 'Serbia', 'postcode': 59496, 'coordinates': {'latitude': '56.5552', 'longitude': '-31.7237'}, 'timezone': {'offset': '+9:30', 'description': 'Adelaide, Darwin'}}, 'email': 'mihailo.rajkovic@example.com', 'login': {'uuid': '79e5fd68-818e-4fb4-87d3-b6800aba8d13', 'username': 'ticklishduck765', 'password': 'island', 'salt': 'GfG50TrI', 'md5': '6a698e5b892fe10842da8610254947a8', 'sha1': '810c05d9f953859faab632b4277baf68f24915c2', 'sha256': '04acce5fa7d658f28545f59f2b54d54b775f5e1496f0fe2472505cca8c02e827'}, 'dob': {'date': '1967-10-25T12:43:25.820Z', 'age': 56}, 'registered': {'date': '2013-07-21T14:27:36.891Z', 'age': 10}, 'phone': '016-7658-129', 'cell': '064-1435-488', 'id': {'name': 'SID', 'value': '063515323'}, 'picture': {'large': 'https://randomuser.me/api/portraits/men/4.jpg', 'medium': 'https://randomuser.me/api/portraits/med/men/4.jpg', 'thumbnail': 'https://randomuser.me/api/portraits/thumb/men/4.jpg'}, 'nat': 'RS'}</msg>
<arg>${json_data['results'][0]}</arg>
<doc>Logs the given message with the given level.</doc>
<status status="PASS" start="2024-03-31T03:15:46.682907" elapsed="0.000452"/>
</kw>
<kw name="Log" owner="BuiltIn">
<msg time="2024-03-31T03:15:46.683795" level="INFO">name</msg>
<arg>${key}</arg>
<doc>Logs the given message with the given level.</doc>
<status status="PASS" start="2024-03-31T03:15:46.683664" elapsed="0.000169"/>
</kw>
<var name="${key}">name</var>
<status status="PASS" start="2024-03-31T03:15:46.682031" elapsed="0.002020"/>
</iter>
<iter>
<kw name="Dictionary Should Contain Key" owner="Collections">
<msg time="2024-03-31T03:15:46.684735" level="INFO">False</msg>
<arg>${json_data['results'][0]}</arg>
<arg>${key}</arg>
<doc>Fails if ``key`` is not found from ``dictionary``.</doc>
<status status="PASS" start="2024-03-31T03:15:46.684348" elapsed="0.000425"/>
</kw>
<kw name="Log" owner="BuiltIn">
<msg time="2024-03-31T03:15:46.685442" level="INFO">{'gender': 'male', 'name': {'title': 'Mr', 'first': 'Mihailo', 'last': 'Rajković'}, 'location': {'street': {'number': 3195, 'name': 'Vučka Milićevića'}, 'city': 'Surdulica', 'state': 'Nišava', 'country': 'Serbia', 'postcode': 59496, 'coordinates': {'latitude': '56.5552', 'longitude': '-31.7237'}, 'timezone': {'offset': '+9:30', 'description': 'Adelaide, Darwin'}}, 'email': 'mihailo.rajkovic@example.com', 'login': {'uuid': '79e5fd68-818e-4fb4-87d3-b6800aba8d13', 'username': 'ticklishduck765', 'password': 'island', 'salt': 'GfG50TrI', 'md5': '6a698e5b892fe10842da8610254947a8', 'sha1': '810c05d9f953859faab632b4277baf68f24915c2', 'sha256': '04acce5fa7d658f28545f59f2b54d54b775f5e1496f0fe2472505cca8c02e827'}, 'dob': {'date': '1967-10-25T12:43:25.820Z', 'age': 56}, 'registered': {'date': '2013-07-21T14:27:36.891Z', 'age': 10}, 'phone': '016-7658-129', 'cell': '064-1435-488', 'id': {'name': 'SID', 'value': '063515323'}, 'picture': {'large': 'https://randomuser.me/api/portraits/men/4.jpg', 'medium': 'https://randomuser.me/api/portraits/med/men/4.jpg', 'thumbnail': 'https://randomuser.me/api/portraits/thumb/men/4.jpg'}, 'nat': 'RS'}</msg>
<arg>${json_data['results'][0]}</arg>
<doc>Logs the given message with the given level.</doc>
<status status="PASS" start="2024-03-31T03:15:46.685075" elapsed="0.000424"/>
</kw>
<kw name="Log" owner="BuiltIn">
<msg time="2024-03-31T03:15:46.685927" level="INFO">location</msg>
<arg>${key}</arg>
<doc>Logs the given message with the given level.</doc>
<status status="PASS" start="2024-03-31T03:15:46.685797" elapsed="0.000168"/>
</kw>
<var name="${key}">location</var>
<status status="PASS" start="2024-03-31T03:15:46.684234" elapsed="0.001950"/>
</iter>
<iter>
<kw name="Dictionary Should Contain Key" owner="Collections">
<msg time="2024-03-31T03:15:46.686859" level="INFO">False</msg>
<arg>${json_data['results'][0]}</arg>
<arg>${key}</arg>
<doc>Fails if ``key`` is not found from ``dictionary``.</doc>
<status status="PASS" start="2024-03-31T03:15:46.686476" elapsed="0.000421"/>
</kw>
<kw name="Log" owner="BuiltIn">
<msg time="2024-03-31T03:15:46.687592" level="INFO">{'gender': 'male', 'name': {'title': 'Mr', 'first': 'Mihailo', 'last': 'Rajković'}, 'location': {'street': {'number': 3195, 'name': 'Vučka Milićevića'}, 'city': 'Surdulica', 'state': 'Nišava', 'country': 'Serbia', 'postcode': 59496, 'coordinates': {'latitude': '56.5552', 'longitude': '-31.7237'}, 'timezone': {'offset': '+9:30', 'description': 'Adelaide, Darwin'}}, 'email': 'mihailo.rajkovic@example.com', 'login': {'uuid': '79e5fd68-818e-4fb4-87d3-b6800aba8d13', 'username': 'ticklishduck765', 'password': 'island', 'salt': 'GfG50TrI', 'md5': '6a698e5b892fe10842da8610254947a8', 'sha1': '810c05d9f953859faab632b4277baf68f24915c2', 'sha256': '04acce5fa7d658f28545f59f2b54d54b775f5e1496f0fe2472505cca8c02e827'}, 'dob': {'date': '1967-10-25T12:43:25.820Z', 'age': 56}, 'registered': {'date': '2013-07-21T14:27:36.891Z', 'age': 10}, 'phone': '016-7658-129', 'cell': '064-1435-488', 'id': {'name': 'SID', 'value': '063515323'}, 'picture': {'large': 'https://randomuser.me/api/portraits/men/4.jpg', 'medium': 'https://randomuser.me/api/portraits/med/men/4.jpg', 'thumbnail': 'https://randomuser.me/api/portraits/thumb/men/4.jpg'}, 'nat': 'RS'}</msg>
<arg>${json_data['results'][0]}</arg>
<doc>Logs the given message with the given level.</doc>
<status status="PASS" start="2024-03-31T03:15:46.687229" elapsed="0.000413"/>
</kw>
<kw name="Log" owner="BuiltIn">
<msg time="2024-03-31T03:15:46.688075" level="INFO">email</msg>
<arg>${key}</arg>
<doc>Logs the given message with the given level.</doc>
<status status="PASS" start="2024-03-31T03:15:46.687946" elapsed="0.000168"/>
</kw>
<var name="${key}">email</var>
<status status="PASS" start="2024-03-31T03:15:46.686360" elapsed="0.001971"/>
</iter>
<iter>
<kw name="Dictionary Should Contain Key" owner="Collections">
<msg time="2024-03-31T03:15:46.689020" level="INFO">False</msg>
<arg>${json_data['results'][0]}</arg>
<arg>${key}</arg>
<doc>Fails if ``key`` is not found from ``dictionary``.</doc>
<status status="PASS" start="2024-03-31T03:15:46.688622" elapsed="0.000437"/>
</kw>
<kw name="Log" owner="BuiltIn">
<msg time="2024-03-31T03:15:46.689771" level="INFO">{'gender': 'male', 'name': {'title': 'Mr', 'first': 'Mihailo', 'last': 'Rajković'}, 'location': {'street': {'number': 3195, 'name': 'Vučka Milićevića'}, 'city': 'Surdulica', 'state': 'Nišava', 'country': 'Serbia', 'postcode': 59496, 'coordinates': {'latitude': '56.5552', 'longitude': '-31.7237'}, 'timezone': {'offset': '+9:30', 'description': 'Adelaide, Darwin'}}, 'email': 'mihailo.rajkovic@example.com', 'login': {'uuid': '79e5fd68-818e-4fb4-87d3-b6800aba8d13', 'username': 'ticklishduck765', 'password': 'island', 'salt': 'GfG50TrI', 'md5': '6a698e5b892fe10842da8610254947a8', 'sha1': '810c05d9f953859faab632b4277baf68f24915c2', 'sha256': '04acce5fa7d658f28545f59f2b54d54b775f5e1496f0fe2472505cca8c02e827'}, 'dob': {'date': '1967-10-25T12:43:25.820Z', 'age': 56}, 'registered': {'date': '2013-07-21T14:27:36.891Z', 'age': 10}, 'phone': '016-7658-129', 'cell': '064-1435-488', 'id': {'name': 'SID', 'value': '063515323'}, 'picture': {'large': 'https://randomuser.me/api/portraits/men/4.jpg', 'medium': 'https://randomuser.me/api/portraits/med/men/4.jpg', 'thumbnail': 'https://randomuser.me/api/portraits/thumb/men/4.jpg'}, 'nat': 'RS'}</msg>
<arg>${json_data['results'][0]}</arg>
<doc>Logs the given message with the given level.</doc>
<status status="PASS" start="2024-03-31T03:15:46.689368" elapsed="0.000455"/>
</kw>
<kw name="Log" owner="BuiltIn">
<msg time="2024-03-31T03:15:46.690254" level="INFO">login</msg>
<arg>${key}</arg>
<doc>Logs the given message with the given level.</doc>
<status status="PASS" start="2024-03-31T03:15:46.690123" elapsed="0.000271"/>
</kw>
<var name="${key}">login</var>
<status status="PASS" start="2024-03-31T03:15:46.688505" elapsed="0.002115"/>
</iter>
<var>${key}</var>
<value>@{expected_keys}</value>
<status status="PASS" start="2024-03-31T03:15:46.679643" elapsed="0.011125"/>
</for>
<kw name="Create List" owner="BuiltIn">
<msg time="2024-03-31T03:15:46.691142" level="INFO">${expected_keysTwo} = ['username', 'password']</msg>
<var>${expected_keysTwo}</var>
<arg>username</arg>
<arg>password</arg>
<doc>Returns a list containing given items.</doc>
<status status="PASS" start="2024-03-31T03:15:46.690992" elapsed="0.000174"/>
</kw>
<for flavor="IN">
<iter>
<kw name="Dictionary Should Contain Key" owner="Collections">
<msg time="2024-03-31T03:15:46.692062" level="INFO">False</msg>
<arg>${json_data['results'][0]['login']}</arg>
<arg>${keyTwo}</arg>
<doc>Fails if ``key`` is not found from ``dictionary``.</doc>
<status status="PASS" start="2024-03-31T03:15:46.691673" elapsed="0.000427"/>
</kw>
<kw name="Dictionary Should Contain Key" owner="Collections">
<msg time="2024-03-31T03:15:46.692785" level="INFO">False</msg>
<arg>${json_data['results'][0]['login']}</arg>
<arg>${keyTwo}</arg>
<doc>Fails if ``key`` is not found from ``dictionary``.</doc>
<status status="PASS" start="2024-03-31T03:15:46.692403" elapsed="0.000420"/>
</kw>
<kw name="Log" owner="BuiltIn">
<msg time="2024-03-31T03:15:46.693252" level="INFO">username</msg>
<arg>${keyTwo}</arg>
<doc>Logs the given message with the given level.</doc>
<status status="PASS" start="2024-03-31T03:15:46.693122" elapsed="0.000168"/>
</kw>
<var name="${keyTwo}">username</var>
<status status="PASS" start="2024-03-31T03:15:46.691560" elapsed="0.001946"/>
</iter>
<iter>
<kw name="Dictionary Should Contain Key" owner="Collections">
<msg time="2024-03-31T03:15:46.694172" level="INFO">False</msg>
<arg>${json_data['results'][0]['login']}</arg>
<arg>${keyTwo}</arg>
<doc>Fails if ``key`` is not found from ``dictionary``.</doc>
<status status="PASS" start="2024-03-31T03:15:46.693794" elapsed="0.000415"/>
</kw>
<kw name="Dictionary Should Contain Key" owner="Collections">
<msg time="2024-03-31T03:15:46.694889" level="INFO">False</msg>
<arg>${json_data['results'][0]['login']}</arg>
<arg>${keyTwo}</arg>
<doc>Fails if ``key`` is not found from ``dictionary``.</doc>
<status status="PASS" start="2024-03-31T03:15:46.694506" elapsed="0.000420"/>
</kw>
<kw name="Log" owner="BuiltIn">
<msg time="2024-03-31T03:15:46.695381" level="INFO">password</msg>
<arg>${keyTwo}</arg>
<doc>Logs the given message with the given level.</doc>
<status status="PASS" start="2024-03-31T03:15:46.695254" elapsed="0.000164"/>
</kw>
<var name="${keyTwo}">password</var>
<status status="PASS" start="2024-03-31T03:15:46.693683" elapsed="0.001951"/>
</iter>
<var>${keyTwo}</var>
<value>@{expected_keysTwo}</value>
<status status="PASS" start="2024-03-31T03:15:46.691407" elapsed="0.004350"/>
</for>
<status status="PASS" start="2024-03-31T03:15:46.579558" elapsed="0.116338"/>
</kw>
<doc>Testa a estrutura da resposta da API.</doc>
<tag>testeEstruturaResposta</tag>
<status status="PASS" start="2024-03-31T03:15:46.578915" elapsed="0.117134"/>
</test>
<test id="s1-s1-t4" name="Validar tipos de dados" line="28">
<kw name="Teste de Tipos de Dados" owner="random-user-service">
<kw name="GET On Session" owner="RequestsLibrary">
<msg time="2024-03-31T03:15:46.773622" level="INFO">GET Request : url=https://randomuser.me/api 
 path_url=/api 
 headers={'User-Agent': 'python-requests/2.31.0', 'Accept-Encoding': 'gzip, deflate', 'Accept': '*/*', 'Connection': 'keep-alive'} 
 body=None 
 </msg>
<msg time="2024-03-31T03:15:46.773697" level="INFO">GET Response : url=https://randomuser.me/api 
 status=200, reason=OK 
 headers={'Date': 'Sun, 31 Mar 2024 03:15:46 GMT', 'Content-Type': 'application/json; charset=utf-8', 'Transfer-Encoding': 'chunked', 'Connection': 'keep-alive', 'X-Powered-By': 'Express', 'Access-Control-Allow-Origin': '*', 'Cache-Control': 'no-cache', 'ETag': 'W/"485-sc+dZpON4Sy2+q6H8L6gns4h3k8"', 'Vary': 'Accept-Encoding', 'Content-Encoding': 'gzip', 'CF-Cache-Status': 'DYNAMIC', 'Report-To': '{"endpoints":[{"url":"https:\\/\\/a.nel.cloudflare.com\\/report\\/v4?s=yj2E1tfEfn5IQmD9I8n7AlwNxg1eNTphjnhIDPfx6eOZy6LlmLi8kVRHaxYsZRonAp59TKShc3AvCt7TCE5V8SkKIc3T1scjFOdClzPO9iJLKHJQ7pYv%2FTdkQVtazDpv"}],"group":"cf-nel","max_age":604800}', 'NEL': '{"success_fraction":0,"report_to":"cf-nel","max_age":604800}', 'Server': 'cloudflare', 'CF-RAY': '86cd2d48dffae24c-ORD', 'alt-svc': 'h3=":443"; ma=86400'} 
 body={"results":[{"gender":"male","name":{"title":"Mr","first":"Ekapad","last":"Salian"},"location":{"street":{"number":8558,"name":"Rajpath"},"city":"Fatehpur","state":"Puducherry","country":"India","postcode":60569,"coordinates":{"latitude":"4.5504","longitude":"-12.5630"},"timezone":{"offset":"+8:00","description":"Beijing, Perth, Singapore, Hong Kong"}},"email":"ekapad.salian@example.com","login":{"uuid":"5cdda4c8-f70e-4815-92fa-f2da60516b2b","username":"yellowmouse959","password":"bunny1","salt":"9Ca6HfwK","md5":"3f1d3b81917a27cc7e6a1af363f38e01","sha1":"07187d9111f0bb0ee44141876d07b60fda235868","sha256":"fd5e9f0b042973cc964ba3759d16998ffd3c27963e4d7dac4f4446da032fc8ed"},"dob":{"date":"1955-03-13T10:35:36.349Z","age":69},"registered":{"date":"2018-11-03T05:27:08.565Z","age":5},"phone":"8031471769","cell":"8843856070","id":{"name":"UIDAI","value":"263400378482"},"picture":{"large":"https://randomuser.me/api/portraits/men/67.jpg","medium":"https://randomuser.me/api/portraits/med/men/67.jpg","thumbnail":"https://randomuser.me/api/portraits/thumb/men/67.jpg"},"nat":"IN"}],"info":{"seed":"4e9e01ee956810f3","results":1,"page":1,"version":"1.4"}} 
 </msg>
<msg time="2024-03-31T03:15:46.773761" level="INFO">/opt/hostedtoolcache/Python/3.12.2/x64/lib/python3.12/site-packages/urllib3/connectionpool.py:1103: InsecureRequestWarning: Unverified HTTPS request is being made to host 'randomuser.me'. Adding certificate verification is strongly advised. See: https://urllib3.readthedocs.io/en/latest/advanced-usage.html#tls-warnings
  warnings.warn(</msg>
<msg time="2024-03-31T03:15:46.773882" level="INFO">${response} = &lt;Response [200]&gt;</msg>
<var>${response}</var>
<arg>consultarAPI</arg>
<arg>/api</arg>
<doc>Sends a GET request on a previously created HTTP Session.</doc>
<status status="PASS" start="2024-03-31T03:15:46.698474" elapsed="0.075445"/>
</kw>
<kw name="Set Variable" owner="BuiltIn">
<msg time="2024-03-31T03:15:46.774705" level="INFO">${json_data} = {'results': [{'gender': 'male', 'name': {'title': 'Mr', 'first': 'Ekapad', 'last': 'Salian'}, 'location': {'street': {'number': 8558, 'name': 'Rajpath'}, 'city': 'Fatehpur', 'state': 'Puducherry', 'co...</msg>
<var>${json_data}</var>
<arg>${response.json()}</arg>
<doc>Returns the given values which can then be assigned to a variables.</doc>
<status status="PASS" start="2024-03-31T03:15:46.774267" elapsed="0.000465"/>
</kw>
<kw name="Log" owner="BuiltIn">
<msg time="2024-03-31T03:15:46.775220" level="INFO">{'results': [{'gender': 'male', 'name': {'title': 'Mr', 'first': 'Ekapad', 'last': 'Salian'}, 'location': {'street': {'number': 8558, 'name': 'Rajpath'}, 'city': 'Fatehpur', 'state': 'Puducherry', 'country': 'India', 'postcode': 60569, 'coordinates': {'latitude': '4.5504', 'longitude': '-12.5630'}, 'timezone': {'offset': '+8:00', 'description': 'Beijing, Perth, Singapore, Hong Kong'}}, 'email': 'ekapad.salian@example.com', 'login': {'uuid': '5cdda4c8-f70e-4815-92fa-f2da60516b2b', 'username': 'yellowmouse959', 'password': 'bunny1', 'salt': '9Ca6HfwK', 'md5': '3f1d3b81917a27cc7e6a1af363f38e01', 'sha1': '07187d9111f0bb0ee44141876d07b60fda235868', 'sha256': 'fd5e9f0b042973cc964ba3759d16998ffd3c27963e4d7dac4f4446da032fc8ed'}, 'dob': {'date': '1955-03-13T10:35:36.349Z', 'age': 69}, 'registered': {'date': '2018-11-03T05:27:08.565Z', 'age': 5}, 'phone': '8031471769', 'cell': '8843856070', 'id': {'name': 'UIDAI', 'value': '263400378482'}, 'picture': {'large': 'https://randomuser.me/api/portraits/men/67.jpg', 'medium': 'https://randomuser.me/api/portraits/med/men/67.jpg', 'thumbnail': 'https://randomuser.me/api/portraits/thumb/men/67.jpg'}, 'nat': 'IN'}], 'info': {'seed': '4e9e01ee956810f3', 'results': 1, 'page': 1, 'version': '1.4'}}</msg>
<arg>${json_data}</arg>
<doc>Logs the given message with the given level.</doc>
<status status="PASS" start="2024-03-31T03:15:46.775067" elapsed="0.000232"/>
</kw>
<kw name="Should Be String" owner="String">
<arg>${json_data['results'][0]['gender']}</arg>
<doc>Fails if the given ``item`` is not a string.</doc>
<status status="PASS" start="2024-03-31T03:15:46.775603" elapsed="0.000366"/>
</kw>
<kw name="Should Match Regexp" owner="BuiltIn">
<arg>${json_data['results'][0]['email']}</arg>
<arg>^[a-zA-Z0-9._%+-]+@[a-zA-Z0-9.-]+\.[a-zA-Z]{2,}$</arg>
<doc>Fails if ``string`` does not match ``pattern`` as a regular expression.</doc>
<status status="PASS" start="2024-03-31T03:15:46.776163" elapsed="0.000504"/>
</kw>
<kw name="Should Match Regexp" owner="BuiltIn">
<arg>${json_data['results'][0]['dob']['date']}</arg>
<arg>\\d{4}-\\d{2}-\\d{2}T\\d{2}:\\d{2}:\\d{2}\\.\\d{3}Z</arg>
<doc>Fails if ``string`` does not match ``pattern`` as a regular expression.</doc>
<status status="PASS" start="2024-03-31T03:15:46.776866" elapsed="0.000490"/>
</kw>
<kw name="Should Match Regexp" owner="BuiltIn">
<arg>${json_data['results'][0]['registered']['date']}</arg>
<arg>\\d{4}-\\d{2}-\\d{2}T\\d{2}:\\d{2}:\\d{2}\\.\\d{3}Z</arg>
<doc>Fails if ``string`` does not match ``pattern`` as a regular expression.</doc>
<status status="PASS" start="2024-03-31T03:15:46.777552" elapsed="0.000367"/>
</kw>
<kw name="Should Match Regexp" owner="BuiltIn">
<arg>${json_data['results'][0]['picture']['large']}</arg>
<arg>^https?://.*\.(?:png|jpe?g|gif|bmp)$</arg>
<doc>Fails if ``string`` does not match ``pattern`` as a regular expression.</doc>
<status status="PASS" start="2024-03-31T03:15:46.778110" elapsed="0.000463"/>
</kw>
<kw name="Should Match Regexp" owner="BuiltIn">
<arg>${json_data['results'][0]['picture']['medium']}</arg>
<arg>^https?://.*\.(?:png|jpe?g|gif|bmp)$</arg>
<doc>Fails if ``string`` does not match ``pattern`` as a regular expression.</doc>
<status status="PASS" start="2024-03-31T03:15:46.778767" elapsed="0.000392"/>
</kw>
<kw name="Should Match Regexp" owner="BuiltIn">
<arg>${json_data['results'][0]['picture']['thumbnail']}</arg>
<arg>^https?://.*\.(?:png|jpe?g|gif|bmp)$</arg>
<doc>Fails if ``string`` does not match ``pattern`` as a regular expression.</doc>
<status status="PASS" start="2024-03-31T03:15:46.779350" elapsed="0.000355"/>
</kw>
<kw name="Log" owner="BuiltIn">
<msg time="2024-03-31T03:15:46.780221" level="INFO">{'large': 'https://randomuser.me/api/portraits/men/67.jpg', 'medium': 'https://randomuser.me/api/portraits/med/men/67.jpg', 'thumbnail': 'https://randomuser.me/api/portraits/thumb/men/67.jpg'}</msg>
<arg>${json_data['results'][0]['picture']}</arg>
<doc>Logs the given message with the given level.</doc>
<status status="PASS" start="2024-03-31T03:15:46.779891" elapsed="0.000377"/>
</kw>
<status status="PASS" start="2024-03-31T03:15:46.698251" elapsed="0.082273"/>
</kw>
<kw name="Teste de Tipos de Dados - Postcode" owner="random-user-service">
<kw name="GET On Session" owner="RequestsLibrary">
<msg time="2024-03-31T03:15:46.885018" level="INFO">GET Request : url=https://randomuser.me/api 
 path_url=/api 
 headers={'User-Agent': 'python-requests/2.31.0', 'Accept-Encoding': 'gzip, deflate', 'Accept': '*/*', 'Connection': 'keep-alive'} 
 body=None 
 </msg>
<msg time="2024-03-31T03:15:46.885088" level="INFO">GET Response : url=https://randomuser.me/api 
 status=200, reason=OK 
 headers={'Date': 'Sun, 31 Mar 2024 03:15:46 GMT', 'Content-Type': 'application/json; charset=utf-8', 'Transfer-Encoding': 'chunked', 'Connection': 'keep-alive', 'X-Powered-By': 'Express', 'Access-Control-Allow-Origin': '*', 'Cache-Control': 'no-cache', 'ETag': 'W/"488-e2moT7gcz3yLI4vk23OUIEzDkN8"', 'Vary': 'Accept-Encoding', 'Content-Encoding': 'gzip', 'CF-Cache-Status': 'DYNAMIC', 'Report-To': '{"endpoints":[{"url":"https:\\/\\/a.nel.cloudflare.com\\/report\\/v4?s=zggcPz0kaPT5TIVKbbiKb67rMoENc9HzeA3ONsUSjO1FsXadjYbIVpbIjVgn4VXgXawYwED4mCWqoE%2B9nOCiPm%2F3bnLcvM7gLg%2BiSzA31qPlMe2j00wMHTkhL1AaAkFn"}],"group":"cf-nel","max_age":604800}', 'NEL': '{"success_fraction":0,"report_to":"cf-nel","max_age":604800}', 'Server': 'cloudflare', 'CF-RAY': '86cd2d49686be24c-ORD', 'alt-svc': 'h3=":443"; ma=86400'} 
 body={"results":[{"gender":"female","name":{"title":"Miss","first":"Oona","last":"Pollari"},"location":{"street":{"number":6096,"name":"Verkatehtaankatu"},"city":"Rautalampi","state":"Kainuu","country":"Finland","postcode":38863,"coordinates":{"latitude":"-29.7648","longitude":"178.8960"},"timezone":{"offset":"+9:30","description":"Adelaide, Darwin"}},"email":"oona.pollari@example.com","login":{"uuid":"bb2e9eb2-5670-4866-afd1-dcf0bdf77a26","username":"bigswan803","password":"summit","salt":"yDcFyzO0","md5":"4d546e34ba93abf340e71a95d6ed6489","sha1":"624f4a3d7911d065ce5ec0a2b8c94cca1b1a67fc","sha256":"83982b7f814c7b123b50c913ccacdbb5aa098a0d2a214095d9f309746801703f"},"dob":{"date":"2000-03-26T15:30:52.448Z","age":24},"registered":{"date":"2002-12-27T12:09:48.750Z","age":21},"phone":"08-944-614","cell":"041-944-11-25","id":{"name":"HETU","value":"NaNNA042undefined"},"picture":{"large":"https://randomuser.me/api/portraits/women/70.jpg","medium":"https://randomuser.me/api/portraits/med/women/70.jpg","thumbnail":"https://randomuser.me/api/portraits/thumb/women/70.jpg"},"nat":"FI"}],"info":{"seed":"930cc1311ab07fdf","results":1,"page":1,"version":"1.4"}} 
 </msg>
<msg time="2024-03-31T03:15:46.885151" level="INFO">/opt/hostedtoolcache/Python/3.12.2/x64/lib/python3.12/site-packages/urllib3/connectionpool.py:1103: InsecureRequestWarning: Unverified HTTPS request is being made to host 'randomuser.me'. Adding certificate verification is strongly advised. See: https://urllib3.readthedocs.io/en/latest/advanced-usage.html#tls-warnings
  warnings.warn(</msg>
<msg time="2024-03-31T03:15:46.885258" level="INFO">${response} = &lt;Response [200]&gt;</msg>
<var>${response}</var>
<arg>consultarAPI</arg>
<arg>/api</arg>
<doc>Sends a GET request on a previously created HTTP Session.</doc>
<status status="PASS" start="2024-03-31T03:15:46.781075" elapsed="0.104223"/>
</kw>
<kw name="Set Variable" owner="BuiltIn">
<msg time="2024-03-31T03:15:46.886158" level="INFO">${json_data} = {'results': [{'gender': 'female', 'name': {'title': 'Miss', 'first': 'Oona', 'last': 'Pollari'}, 'location': {'street': {'number': 6096, 'name': 'Verkatehtaankatu'}, 'city': 'Rautalampi', 'state': 'Ka...</msg>
<var>${json_data}</var>
<arg>${response.json()}</arg>
<doc>Returns the given values which can then be assigned to a variables.</doc>
<status status="PASS" start="2024-03-31T03:15:46.885729" elapsed="0.000457"/>
</kw>
<kw name="Log" owner="BuiltIn">
<msg time="2024-03-31T03:15:46.886642" level="INFO">{'results': [{'gender': 'female', 'name': {'title': 'Miss', 'first': 'Oona', 'last': 'Pollari'}, 'location': {'street': {'number': 6096, 'name': 'Verkatehtaankatu'}, 'city': 'Rautalampi', 'state': 'Kainuu', 'country': 'Finland', 'postcode': 38863, 'coordinates': {'latitude': '-29.7648', 'longitude': '178.8960'}, 'timezone': {'offset': '+9:30', 'description': 'Adelaide, Darwin'}}, 'email': 'oona.pollari@example.com', 'login': {'uuid': 'bb2e9eb2-5670-4866-afd1-dcf0bdf77a26', 'username': 'bigswan803', 'password': 'summit', 'salt': 'yDcFyzO0', 'md5': '4d546e34ba93abf340e71a95d6ed6489', 'sha1': '624f4a3d7911d065ce5ec0a2b8c94cca1b1a67fc', 'sha256': '83982b7f814c7b123b50c913ccacdbb5aa098a0d2a214095d9f309746801703f'}, 'dob': {'date': '2000-03-26T15:30:52.448Z', 'age': 24}, 'registered': {'date': '2002-12-27T12:09:48.750Z', 'age': 21}, 'phone': '08-944-614', 'cell': '041-944-11-25', 'id': {'name': 'HETU', 'value': 'NaNNA042undefined'}, 'picture': {'large': 'https://randomuser.me/api/portraits/women/70.jpg', 'medium': 'https://randomuser.me/api/portraits/med/women/70.jpg', 'thumbnail': 'https://randomuser.me/api/portraits/thumb/women/70.jpg'}, 'nat': 'FI'}], 'info': {'seed': '930cc1311ab07fdf', 'results': 1, 'page': 1, 'version': '1.4'}}</msg>
<arg>${json_data}</arg>
<doc>Logs the given message with the given level.</doc>
<status status="PASS" start="2024-03-31T03:15:46.886491" elapsed="0.000227"/>
</kw>
<kw name="Should Be Equal As Numbers" owner="BuiltIn">
<arg>${json_data['results'][0]['location']['postcode']}</arg>
<arg>${json_data['results'][0]['location']['postcode']}</arg>
<doc>Fails if objects are unequal after converting them to real numbers.</doc>
<status status="PASS" start="2024-03-31T03:15:46.887054" elapsed="0.000623"/>
</kw>
<kw name="Log" owner="BuiltIn">
<msg time="2024-03-31T03:15:46.888201" level="INFO">38863</msg>
<arg>${json_data['results'][0]['location']['postcode']}</arg>
<doc>Logs the given message with the given level.</doc>
<status status="PASS" start="2024-03-31T03:15:46.887868" elapsed="0.000373"/>
</kw>
<status status="PASS" start="2024-03-31T03:15:46.780738" elapsed="0.107787"/>
</kw>
<doc>Testa se os tipos de dados na resposta da API estão corretos.</doc>
<tag>testeTiposDados</tag>
<status status="PASS" start="2024-03-31T03:15:46.697802" elapsed="0.190882"/>
</test>
<test id="s1-s1-t5" name="Validar conteudo" line="35">
<kw name="Teste de Tipos de Conteudo" owner="random-user-service">
<kw name="GET On Session" owner="RequestsLibrary">
<msg time="2024-03-31T03:15:46.974298" level="INFO">GET Request : url=https://randomuser.me/api 
 path_url=/api 
 headers={'User-Agent': 'python-requests/2.31.0', 'Accept-Encoding': 'gzip, deflate', 'Accept': '*/*', 'Connection': 'keep-alive'} 
 body=None 
 </msg>
<msg time="2024-03-31T03:15:46.974361" level="INFO">GET Response : url=https://randomuser.me/api 
 status=200, reason=OK 
 headers={'Date': 'Sun, 31 Mar 2024 03:15:46 GMT', 'Content-Type': 'application/json; charset=utf-8', 'Transfer-Encoding': 'chunked', 'Connection': 'keep-alive', 'X-Powered-By': 'Express', 'Access-Control-Allow-Origin': '*', 'Cache-Control': 'no-cache', 'ETag': 'W/"48e-w1RAH7kKuoNkV4EaJr/Fqud+RBE"', 'Vary': 'Accept-Encoding', 'Content-Encoding': 'gzip', 'CF-Cache-Status': 'DYNAMIC', 'Report-To': '{"endpoints":[{"url":"https:\\/\\/a.nel.cloudflare.com\\/report\\/v4?s=O2sOs2zqzdnkGNoZBjINcWzNPXaBOsjzyu0o2Y%2FP6QmO3AGfgGe2huaDTxnUEEYPIMgUNXB1qxejXHeNZSpfELb4fhHNQtf7Z376xXmJ7Dxflg8QkmqrW78%2FYahUf6nJ"}],"group":"cf-nel","max_age":604800}', 'NEL': '{"success_fraction":0,"report_to":"cf-nel","max_age":604800}', 'Server': 'cloudflare', 'CF-RAY': '86cd2d4a18f5e24c-ORD', 'alt-svc': 'h3=":443"; ma=86400'} 
 body={"results":[{"gender":"male","name":{"title":"Mr","first":"Aditya","last":"Tipparti"},"location":{"street":{"number":2920,"name":"Shakespeare Sarani"},"city":"Siwan","state":"Jharkhand","country":"India","postcode":80503,"coordinates":{"latitude":"10.7210","longitude":"-19.5672"},"timezone":{"offset":"+1:00","description":"Brussels, Copenhagen, Madrid, Paris"}},"email":"aditya.tipparti@example.com","login":{"uuid":"0f74dd6c-59ed-491e-b3c5-34ff807c65c2","username":"smallfrog285","password":"casino","salt":"vJ31Je6S","md5":"4ac0c8b1791e515663caff02bf5ce0f7","sha1":"cb3b36a985cc413708ecd482ed6a6424e679757b","sha256":"1eb22f1052aebebf60cc1c61c95ee02195d2888483a1edb306a4b643d24f331d"},"dob":{"date":"1958-11-26T18:27:00.158Z","age":65},"registered":{"date":"2021-07-12T23:59:57.053Z","age":2},"phone":"8047437156","cell":"7037263649","id":{"name":"UIDAI","value":"594790787906"},"picture":{"large":"https://randomuser.me/api/portraits/men/94.jpg","medium":"https://randomuser.me/api/portraits/med/men/94.jpg","thumbnail":"https://randomuser.me/api/portraits/thumb/men/94.jpg"},"nat":"IN"}],"info":{"seed":"6fb18c8b3654d2ab","results":1,"page":1,"version":"1.4"}} 
 </msg>
<msg time="2024-03-31T03:15:46.974412" level="INFO">/opt/hostedtoolcache/Python/3.12.2/x64/lib/python3.12/site-packages/urllib3/connectionpool.py:1103: InsecureRequestWarning: Unverified HTTPS request is being made to host 'randomuser.me'. Adding certificate verification is strongly advised. See: https://urllib3.readthedocs.io/en/latest/advanced-usage.html#tls-warnings
  warnings.warn(</msg>
<msg time="2024-03-31T03:15:46.974496" level="INFO">${response} = &lt;Response [200]&gt;</msg>
<var>${response}</var>
<arg>consultarAPI</arg>
<arg>/api</arg>
<doc>Sends a GET request on a previously created HTTP Session.</doc>
<status status="PASS" start="2024-03-31T03:15:46.891435" elapsed="0.083094"/>
</kw>
<kw name="Set Variable" owner="BuiltIn">
<msg time="2024-03-31T03:15:46.975563" level="INFO">${json_data} = {'results': [{'gender': 'male', 'name': {'title': 'Mr', 'first': 'Aditya', 'last': 'Tipparti'}, 'location': {'street': {'number': 2920, 'name': 'Shakespeare Sarani'}, 'city': 'Siwan', 'state': 'Jharkh...</msg>
<var>${json_data}</var>
<arg>${response.json()}</arg>
<doc>Returns the given values which can then be assigned to a variables.</doc>
<status status="PASS" start="2024-03-31T03:15:46.975004" elapsed="0.000587"/>
</kw>
<kw name="Set Variable" owner="BuiltIn">
<msg time="2024-03-31T03:15:46.976281" level="INFO">${name_title} = Mr</msg>
<var>${name_title}</var>
<arg>${json_data["results"][0]["name"]["title"]}</arg>
<doc>Returns the given values which can then be assigned to a variables.</doc>
<status status="PASS" start="2024-03-31T03:15:46.975900" elapsed="0.000406"/>
</kw>
<kw name="Create List" owner="BuiltIn">
<msg time="2024-03-31T03:15:46.976756" level="INFO">${allowed_titles} = ['Mr', 'Ms', 'Miss', 'Mrs', 'Madame', 'Monsieur']</msg>
<var>${allowed_titles}</var>
<arg>Mr</arg>
<arg>Ms</arg>
<arg>Miss</arg>
<arg>Mrs</arg>
<arg>Madame</arg>
<arg>Monsieur</arg>
<doc>Returns a list containing given items.</doc>
<status status="PASS" start="2024-03-31T03:15:46.976606" elapsed="0.000174"/>
</kw>
<kw name="List Should Contain Value" owner="Collections">
<msg time="2024-03-31T03:15:46.977263" level="INFO">False</msg>
<arg>${allowed_titles}</arg>
<arg>${name_title}</arg>
<doc>Fails if the ``value`` is not found from ``list``.</doc>
<status status="PASS" start="2024-03-31T03:15:46.977087" elapsed="0.000213"/>
</kw>
<kw name="Set Variable" owner="BuiltIn">
<msg time="2024-03-31T03:15:46.977972" level="INFO">${name_country} = IN</msg>
<var>${name_country}</var>
<arg>${json_data["results"][0]["nat"]}</arg>
<doc>Returns the given values which can then be assigned to a variables.</doc>
<status status="PASS" start="2024-03-31T03:15:46.977594" elapsed="0.000404"/>
</kw>
<kw name="Create List" owner="BuiltIn">
<msg time="2024-03-31T03:15:46.978907" level="INFO">${list_country} = ['AD', 'AE', 'AF', 'AG', 'AI', 'AL', 'AM', 'AO', 'AQ', 'AR', 'AS', 'AT', 'AU', 'AW', 'AX', 'AZ', 'BA', 'BB', 'BD', 'BE', 'BF', 'BG', 'BH', 'BI', 'BJ', 'BL', 'BM', 'BN', 'BO', 'BQ', 'BR', 'BS', 'BT', '...</msg>
<var>${list_country}</var>
<arg>AD</arg>
<arg>AE</arg>
<arg>AF</arg>
<arg>AG</arg>
<arg>AI</arg>
<arg>AL</arg>
<arg>AM</arg>
<arg>AO</arg>
<arg>AQ</arg>
<arg>AR</arg>
<arg>AS</arg>
<arg>AT</arg>
<arg>AU</arg>
<arg>AW</arg>
<arg>AX</arg>
<arg>AZ</arg>
<arg>BA</arg>
<arg>BB</arg>
<arg>BD</arg>
<arg>BE</arg>
<arg>BF</arg>
<arg>BG</arg>
<arg>BH</arg>
<arg>BI</arg>
<arg>BJ</arg>
<arg>BL</arg>
<arg>BM</arg>
<arg>BN</arg>
<arg>BO</arg>
<arg>BQ</arg>
<arg>BR</arg>
<arg>BS</arg>
<arg>BT</arg>
<arg>BV</arg>
<arg>BW</arg>
<arg>BY</arg>
<arg>BZ</arg>
<arg>CA</arg>
<arg>CC</arg>
<arg>CD</arg>
<arg>CF</arg>
<arg>CG</arg>
<arg>CH</arg>
<arg>CI</arg>
<arg>CK</arg>
<arg>CL</arg>
<arg>CM</arg>
<arg>CN</arg>
<arg>CO</arg>
<arg>CR</arg>
<arg>CU</arg>
<arg>CV</arg>
<arg>CW</arg>
<arg>CX</arg>
<arg>CY</arg>
<arg>CZ</arg>
<arg>DE</arg>
<arg>DJ</arg>
<arg>DK</arg>
<arg>DM</arg>
<arg>DO</arg>
<arg>DZ</arg>
<arg>EC</arg>
<arg>EE</arg>
<arg>EG</arg>
<arg>EH</arg>
<arg>ER</arg>
<arg>ES</arg>
<arg>ET</arg>
<arg>FI</arg>
<arg>FJ</arg>
<arg>FK</arg>
<arg>FM</arg>
<arg>FO</arg>
<arg>FR</arg>
<arg>GA</arg>
<arg>GB</arg>
<arg>GD</arg>
<arg>GE</arg>
<arg>GF</arg>
<arg>GG</arg>
<arg>GH</arg>
<arg>GI</arg>
<arg>GL</arg>
<arg>GM</arg>
<arg>GN</arg>
<arg>GP</arg>
<arg>GQ</arg>
<arg>GR</arg>
<arg>GS</arg>
<arg>GT</arg>
<arg>GU</arg>
<arg>GW</arg>
<arg>GY</arg>
<arg>HK</arg>
<arg>HM</arg>
<arg>HN</arg>
<arg>HR</arg>
<arg>HT</arg>
<arg>HU</arg>
<arg>ID</arg>
<arg>IE</arg>
<arg>IL</arg>
<arg>IM</arg>
<arg>IN</arg>
<arg>IO</arg>
<arg>IQ</arg>
<arg>IR</arg>
<arg>IS</arg>
<arg>IT</arg>
<arg>JE</arg>
<arg>JM</arg>
<arg>JO</arg>
<arg>JP</arg>
<arg>KE</arg>
<arg>KG</arg>
<arg>KH</arg>
<arg>KI</arg>
<arg>KM</arg>
<arg>KN</arg>
<arg>KP</arg>
<arg>KR</arg>
<arg>KW</arg>
<arg>KY</arg>
<arg>KZ</arg>
<arg>LA</arg>
<arg>LB</arg>
<arg>LC</arg>
<arg>LI</arg>
<arg>LK</arg>
<arg>LR</arg>
<arg>LS</arg>
<arg>LT</arg>
<arg>LU</arg>
<arg>LV</arg>
<arg>LY</arg>
<arg>MA</arg>
<arg>MC</arg>
<arg>MD</arg>
<arg>ME</arg>
<arg>MF</arg>
<arg>MG</arg>
<arg>MH</arg>
<arg>MK</arg>
<arg>ML</arg>
<arg>MM</arg>
<arg>MN</arg>
<arg>MO</arg>
<arg>MP</arg>
<arg>MQ</arg>
<arg>MR</arg>
<arg>MS</arg>
<arg>MT</arg>
<arg>MU</arg>
<arg>MV</arg>
<arg>MW</arg>
<arg>MX</arg>
<arg>MY</arg>
<arg>MZ</arg>
<arg>NA</arg>
<arg>NC</arg>
<arg>NE</arg>
<arg>NF</arg>
<arg>NG</arg>
<arg>NI</arg>
<arg>NL</arg>
<arg>NO</arg>
<arg>NP</arg>
<arg>NR</arg>
<arg>NU</arg>
<arg>NZ</arg>
<arg>OM</arg>
<arg>PA</arg>
<arg>PE</arg>
<arg>PF</arg>
<arg>PG</arg>
<arg>PH</arg>
<arg>PK</arg>
<arg>PL</arg>
<arg>PM</arg>
<arg>PN</arg>
<arg>PR</arg>
<arg>PS</arg>
<arg>PT</arg>
<arg>PW</arg>
<arg>PY</arg>
<arg>QA</arg>
<arg>RE</arg>
<arg>RO</arg>
<arg>RS</arg>
<arg>RU</arg>
<arg>RW</arg>
<arg>SA</arg>
<arg>SB</arg>
<arg>SC</arg>
<arg>SD</arg>
<arg>SE</arg>
<arg>SG</arg>
<arg>SH</arg>
<arg>SI</arg>
<arg>SJ</arg>
<arg>SK</arg>
<arg>SL</arg>
<arg>SM</arg>
<arg>SN</arg>
<arg>SO</arg>
<arg>SR</arg>
<arg>SS</arg>
<arg>ST</arg>
<arg>SV</arg>
<arg>SX</arg>
<arg>SY</arg>
<arg>SZ</arg>
<arg>TC</arg>
<arg>TD</arg>
<arg>TF</arg>
<arg>TG</arg>
<arg>TH</arg>
<arg>TJ</arg>
<arg>TK</arg>
<arg>TL</arg>
<arg>TM</arg>
<arg>TN</arg>
<arg>TO</arg>
<arg>TR</arg>
<arg>TT</arg>
<arg>TV</arg>
<arg>TW</arg>
<arg>TZ</arg>
<arg>UA</arg>
<arg>UG</arg>
<arg>UM</arg>
<arg>US</arg>
<arg>UY</arg>
<arg>UZ</arg>
<arg>VA</arg>
<arg>VC</arg>
<arg>VE</arg>
<arg>VG</arg>
<arg>VI</arg>
<arg>VN</arg>
<arg>VU</arg>
<arg>WF</arg>
<arg>WS</arg>
<arg>XK</arg>
<arg>YE</arg>
<arg>YT</arg>
<arg>ZA</arg>
<arg>ZM</arg>
<arg>ZW</arg>
<doc>Returns a list containing given items.</doc>
<status status="PASS" start="2024-03-31T03:15:46.978304" elapsed="0.000628"/>
</kw>
<kw name="List Should Contain Value" owner="Collections">
<msg time="2024-03-31T03:15:46.980093" level="INFO">False</msg>
<arg>${list_country}</arg>
<arg>${name_country}</arg>
<doc>Fails if the ``value`` is not found from ``list``.</doc>
<status status="PASS" start="2024-03-31T03:15:46.979887" elapsed="0.000244"/>
</kw>
<kw name="Run Keyword If" owner="BuiltIn">
<kw name="Should Be True" owner="BuiltIn">
<arg>${True}</arg>
<doc>Fails if the given condition is not true.</doc>
<status status="PASS" start="2024-03-31T03:15:46.981193" elapsed="0.000149"/>
</kw>
<arg>${json_data["results"][0]["location"]["coordinates"]["latitude"]} &gt;= -90 and ${json_data["results"][0]["location"]["coordinates"]["latitude"]} &lt;= 90</arg>
<arg>Should Be True</arg>
<arg>${True}</arg>
<doc>Runs the given keyword with the given arguments, if ``condition`` is true.</doc>
<status status="PASS" start="2024-03-31T03:15:46.980446" elapsed="0.001025"/>
</kw>
<kw name="Run Keyword If" owner="BuiltIn">
<kw name="Should Be True" owner="BuiltIn">
<arg>${True}</arg>
<doc>Fails if the given condition is not true.</doc>
<status status="PASS" start="2024-03-31T03:15:46.982371" elapsed="0.000141"/>
</kw>
<arg>${json_data["results"][0]["location"]["coordinates"]["longitude"]} &gt;= -180 and ${json_data["results"][0]["location"]["coordinates"]["longitude"]} &lt;= 180</arg>
<arg>Should Be True</arg>
<arg>${True}</arg>
<doc>Runs the given keyword with the given arguments, if ``condition`` is true.</doc>
<status status="PASS" start="2024-03-31T03:15:46.981658" elapsed="0.000979"/>
</kw>
<status status="PASS" start="2024-03-31T03:15:46.891062" elapsed="0.091705"/>
</kw>
<doc>Testa o conteúdo específico dos campos retornados pela API.</doc>
<tag>testeConteudo</tag>
<status status="PASS" start="2024-03-31T03:15:46.890388" elapsed="0.092524"/>
</test>
<status status="PASS" start="2024-03-31T03:15:46.202622" elapsed="0.782257"/>
</suite>
<status status="PASS" start="2024-03-31T03:15:46.188969" elapsed="0.801237"/>
</suite>
<statistics>
<total>
<stat pass="5" fail="0" skip="0">All Tests</stat>
</total>
<tag>
<stat pass="1" fail="0" skip="0">testeConteudo</stat>
<stat pass="1" fail="0" skip="0">testeEstruturaResposta</stat>
<stat pass="1" fail="0" skip="0">testeRequisicaoBasica</stat>
<stat pass="1" fail="0" skip="0">testeTiposDados</stat>
</tag>
<suite>
<stat pass="5" fail="0" skip="0" id="s1" name="Tests">Tests</stat>
<stat pass="5" fail="0" skip="0" id="s1-s1" name="Random-User-Test">Tests.Random-User-Test</stat>
</suite>
</statistics>
<errors>
</errors>
</robot>
