<?xml version="1.0" encoding="UTF-8"?>
<robot generator="Robot 7.0.1 (Python 3.12.4 on linux)" generated="2024-07-26T06:21:58.547284" rpa="false" schemaversion="5">
<suite id="s1" name="Tests" source="/home/runner/work/ApiRandomUser/ApiRandomUser/RamdonUser/tests">
<suite id="s1-s1" name="Random-User-Test" source="/home/runner/work/ApiRandomUser/ApiRandomUser/RamdonUser/tests/random-user-test.robot">
<test id="s1-s1-t1" name="Conectar" line="13">
<kw name="Conectar API" owner="random-user-service">
<kw name="Create Session" owner="RequestsLibrary">
<msg time="2024-07-26T06:21:58.940427" level="INFO">Creating Session using : alias=consultarAPI, url=https://randomuser.me/, headers={},                     cookies={}, auth=None, timeout=None, proxies=None, verify=False,                     debug=0 </msg>
<arg>consultarAPI</arg>
<arg>${URL}</arg>
<doc>Create Session: create a HTTP session to a server</doc>
<status status="PASS" start="2024-07-26T06:21:58.940224" elapsed="0.000385"/>
</kw>
<status status="PASS" start="2024-07-26T06:21:58.939179" elapsed="0.001802"/>
</kw>
<status status="PASS" start="2024-07-26T06:21:58.938587" elapsed="0.002589"/>
</test>
<test id="s1-s1-t2" name="Validar retorno 200 e JSON Válido" line="16">
<kw name="Teste de Requisicao Basica" owner="random-user-service">
<kw name="GET On Session" owner="RequestsLibrary">
<msg time="2024-07-26T06:21:59.024524" level="INFO">GET Request : url=https://randomuser.me/api 
 path_url=/api 
 headers={'User-Agent': 'python-requests/2.32.3', 'Accept-Encoding': 'gzip, deflate', 'Accept': '*/*', 'Connection': 'keep-alive'} 
 body=None 
 </msg>
<msg time="2024-07-26T06:21:59.024663" level="INFO">GET Response : url=https://randomuser.me/api 
 status=200, reason=OK 
 headers={'Date': 'Fri, 26 Jul 2024 06:21:59 GMT', 'Content-Type': 'application/json; charset=utf-8', 'Transfer-Encoding': 'chunked', 'Connection': 'keep-alive', 'X-Powered-By': 'Express', 'Access-Control-Allow-Origin': '*', 'Cache-Control': 'no-cache', 'ETag': 'W/"4b0-5KtpexdyNYn0ywhY7OiHPPJDOBg"', 'Vary': 'Accept-Encoding', 'Content-Encoding': 'gzip', 'CF-Cache-Status': 'DYNAMIC', 'Report-To': '{"endpoints":[{"url":"https:\\/\\/a.nel.cloudflare.com\\/report\\/v4?s=6s2h0btdtX3vIMEEf5%2B8g6f%2Bk1vEjZ8b6X4LJqc6yfq4BvxUZQORVYf%2BujvYeGg4UZDlQ35TQ20ZsiCRK4dsXBvmOgOHpaOoKz6TXdzVcP5uE2jHsvjChk4pqduhGgo2"}],"group":"cf-nel","max_age":604800}', 'NEL': '{"success_fraction":0,"report_to":"cf-nel","max_age":604800}', 'Server': 'cloudflare', 'CF-RAY': '8a924aeb99092326-ORD', 'alt-svc': 'h3=":443"; ma=86400'} 
 body={"results":[{"gender":"female","name":{"title":"Mademoiselle","first":"Lea","last":"Morin"},"location":{"street":{"number":1019,"name":"Place du 8 Novembre 1942"},"city":"Altdorf (Ur)","state":"Aargau","country":"Switzerland","postcode":4789,"coordinates":{"latitude":"-57.2005","longitude":"106.2286"},"timezone":{"offset":"-6:00","description":"Central Time (US &amp; Canada), Mexico City"}},"email":"lea.morin@example.com","login":{"uuid":"8bd31400-9bf4-414b-bce3-c82f14621ca6","username":"bluepeacock601","password":"tarheel","salt":"U0rfpUUU","md5":"677899cb0dad1e7bb7598d15f71dc4ef","sha1":"b0afcab520eb9fb687724036c5b245831e4dc937","sha256":"79bc40799eaf16861de9d11cfe99cdb98cf8e125bfe92c5df6dcf4229eeae81d"},"dob":{"date":"1953-11-25T08:15:35.816Z","age":70},"registered":{"date":"2021-09-04T13:27:41.467Z","age":2},"phone":"075 176 49 07","cell":"078 211 84 80","id":{"name":"AVS","value":"756.7198.9454.51"},"picture":{"large":"https://randomuser.me/api/portraits/women/7.jpg","medium":"https://randomuser.me/api/portraits/med/women/7.jpg","thumbnail":"https://randomuser.me/api/portraits/thumb/women/7.jpg"},"nat":"CH"}],"info":{"seed":"a36b24229d75d630","results":1,"page":1,"version":"1.4"}} 
 </msg>
<msg time="2024-07-26T06:21:59.024764" level="INFO">/opt/hostedtoolcache/Python/3.12.4/x64/lib/python3.12/site-packages/urllib3/connectionpool.py:1099: InsecureRequestWarning: Unverified HTTPS request is being made to host 'randomuser.me'. Adding certificate verification is strongly advised. See: https://urllib3.readthedocs.io/en/latest/advanced-usage.html#tls-warnings
  warnings.warn(</msg>
<msg time="2024-07-26T06:21:59.024898" level="INFO">${response} = &lt;Response [200]&gt;</msg>
<var>${response}</var>
<arg>consultarAPI</arg>
<arg>/api</arg>
<doc>Sends a GET request on a previously created HTTP Session.</doc>
<status status="PASS" start="2024-07-26T06:21:58.943783" elapsed="0.081167"/>
</kw>
<kw name="Should Be Equal As Numbers" owner="BuiltIn">
<msg time="2024-07-26T06:21:59.025792" level="INFO">Argument types are:
&lt;class 'int'&gt;
&lt;class 'str'&gt;</msg>
<arg>${response.status_code}</arg>
<arg>200</arg>
<doc>Fails if objects are unequal after converting them to real numbers.</doc>
<status status="PASS" start="2024-07-26T06:21:59.025387" elapsed="0.000468"/>
</kw>
<kw name="Log" owner="BuiltIn">
<msg time="2024-07-26T06:21:59.026546" level="INFO">200</msg>
<arg>${response.status_code}</arg>
<doc>Logs the given message with the given level.</doc>
<status status="PASS" start="2024-07-26T06:21:59.026183" elapsed="0.000407"/>
</kw>
<kw name="Set Variable" owner="BuiltIn">
<msg time="2024-07-26T06:21:59.027389" level="INFO">${json_data} = {'results': [{'gender': 'female', 'name': {'title': 'Mademoiselle', 'first': 'Lea', 'last': 'Morin'}, 'location': {'street': {'number': 1019, 'name': 'Place du 8 Novembre 1942'}, 'city': 'Altdorf (Ur)...</msg>
<var>${json_data}</var>
<arg>${response.json()}</arg>
<doc>Returns the given values which can then be assigned to a variables.</doc>
<status status="PASS" start="2024-07-26T06:21:59.026936" elapsed="0.000482"/>
</kw>
<kw name="Dictionary Should Contain Key" owner="Collections">
<arg>${json_data}</arg>
<arg>results</arg>
<doc>Fails if ``key`` is not found from ``dictionary``.</doc>
<status status="PASS" start="2024-07-26T06:21:59.027727" elapsed="0.000290"/>
</kw>
<status status="PASS" start="2024-07-26T06:21:58.943529" elapsed="0.084638"/>
</kw>
<doc>Testa se a API responde corretamente e retorna um objeto JSON válido.</doc>
<tag>testeRequisicaoBasica</tag>
<status status="PASS" start="2024-07-26T06:21:58.943059" elapsed="0.085272"/>
</test>
<test id="s1-s1-t3" name="Validar estrutura de resposta" line="22">
<kw name="Teste de Estrutura de Resposta" owner="random-user-service">
<kw name="GET On Session" owner="RequestsLibrary">
<msg time="2024-07-26T06:21:59.350373" level="INFO">GET Request : url=https://randomuser.me/api 
 path_url=/api 
 headers={'User-Agent': 'python-requests/2.32.3', 'Accept-Encoding': 'gzip, deflate', 'Accept': '*/*', 'Connection': 'keep-alive'} 
 body=None 
 </msg>
<msg time="2024-07-26T06:21:59.350464" level="INFO">GET Response : url=https://randomuser.me/api 
 status=200, reason=OK 
 headers={'Date': 'Fri, 26 Jul 2024 06:21:59 GMT', 'Content-Type': 'application/json; charset=utf-8', 'Transfer-Encoding': 'chunked', 'Connection': 'keep-alive', 'X-Powered-By': 'Express', 'Access-Control-Allow-Origin': '*', 'Cache-Control': 'no-cache', 'ETag': 'W/"495-3vpfbqEKiFh7jMO5N8mj7qFWbG8"', 'Vary': 'Accept-Encoding', 'Content-Encoding': 'gzip', 'CF-Cache-Status': 'DYNAMIC', 'Report-To': '{"endpoints":[{"url":"https:\\/\\/a.nel.cloudflare.com\\/report\\/v4?s=AXMdfKfhnFN32Kykh%2FQhKhaEI9QbMdfzTeTdByXrZyeMbO71vrHe6EpXTefinJr%2FBgnMkM0Xj0jPOAowr57zX%2FWmNHcuS4uCj7%2FA23hm4K35%2F2mYtMU7hmTAyekCgux4"}],"group":"cf-nel","max_age":604800}', 'NEL': '{"success_fraction":0,"report_to":"cf-nel","max_age":604800}', 'Server': 'cloudflare', 'CF-RAY': '8a924aebf9552326-ORD', 'alt-svc': 'h3=":443"; ma=86400'} 
 body={"results":[{"gender":"female","name":{"title":"Miss","first":"Fiona","last":"Slijkhuis"},"location":{"street":{"number":9845,"name":"Crocusweg"},"city":"Spijk Gld","state":"Noord-Brabant","country":"Netherlands","postcode":"8980 HK","coordinates":{"latitude":"35.5719","longitude":"68.5101"},"timezone":{"offset":"-11:00","description":"Midway Island, Samoa"}},"email":"fiona.slijkhuis@example.com","login":{"uuid":"4a30f4c9-9c53-48a5-a2a6-7b206cf1515b","username":"happykoala721","password":"ontario","salt":"WwnHPw5l","md5":"bc0d8f1b5c1594ee67f1733961899970","sha1":"258cc422c666dcda4cf095fe87bd1a2c65fb7e20","sha256":"9990096fdd6aebcf6802a7b8e9862271a0a6a19e983e9fbee4a90ad4f7a2b889"},"dob":{"date":"1951-10-04T21:18:19.779Z","age":72},"registered":{"date":"2002-10-24T05:48:31.036Z","age":21},"phone":"(079) 0303761","cell":"(06) 31499121","id":{"name":"BSN","value":"63983022"},"picture":{"large":"https://randomuser.me/api/portraits/women/41.jpg","medium":"https://randomuser.me/api/portraits/med/women/41.jpg","thumbnail":"https://randomuser.me/api/portraits/thumb/women/41.jpg"},"nat":"NL"}],"info":{"seed":"5579666f06035615","results":1,"page":1,"version":"1.4"}} 
 </msg>
<msg time="2024-07-26T06:21:59.350593" level="INFO">/opt/hostedtoolcache/Python/3.12.4/x64/lib/python3.12/site-packages/urllib3/connectionpool.py:1099: InsecureRequestWarning: Unverified HTTPS request is being made to host 'randomuser.me'. Adding certificate verification is strongly advised. See: https://urllib3.readthedocs.io/en/latest/advanced-usage.html#tls-warnings
  warnings.warn(</msg>
<msg time="2024-07-26T06:21:59.350718" level="INFO">${response} = &lt;Response [200]&gt;</msg>
<var>${response}</var>
<arg>consultarAPI</arg>
<arg>/api</arg>
<doc>Sends a GET request on a previously created HTTP Session.</doc>
<status status="PASS" start="2024-07-26T06:21:59.030846" elapsed="0.319898"/>
</kw>
<kw name="Set Variable" owner="BuiltIn">
<msg time="2024-07-26T06:21:59.351713" level="INFO">${json_data} = {'results': [{'gender': 'female', 'name': {'title': 'Miss', 'first': 'Fiona', 'last': 'Slijkhuis'}, 'location': {'street': {'number': 9845, 'name': 'Crocusweg'}, 'city': 'Spijk Gld', 'state': 'Noord-B...</msg>
<var>${json_data}</var>
<arg>${response.json()}</arg>
<doc>Returns the given values which can then be assigned to a variables.</doc>
<status status="PASS" start="2024-07-26T06:21:59.351251" elapsed="0.000490"/>
</kw>
<kw name="Log" owner="BuiltIn">
<msg time="2024-07-26T06:21:59.352209" level="INFO">{'results': [{'gender': 'female', 'name': {'title': 'Miss', 'first': 'Fiona', 'last': 'Slijkhuis'}, 'location': {'street': {'number': 9845, 'name': 'Crocusweg'}, 'city': 'Spijk Gld', 'state': 'Noord-Brabant', 'country': 'Netherlands', 'postcode': '8980 HK', 'coordinates': {'latitude': '35.5719', 'longitude': '68.5101'}, 'timezone': {'offset': '-11:00', 'description': 'Midway Island, Samoa'}}, 'email': 'fiona.slijkhuis@example.com', 'login': {'uuid': '4a30f4c9-9c53-48a5-a2a6-7b206cf1515b', 'username': 'happykoala721', 'password': 'ontario', 'salt': 'WwnHPw5l', 'md5': 'bc0d8f1b5c1594ee67f1733961899970', 'sha1': '258cc422c666dcda4cf095fe87bd1a2c65fb7e20', 'sha256': '9990096fdd6aebcf6802a7b8e9862271a0a6a19e983e9fbee4a90ad4f7a2b889'}, 'dob': {'date': '1951-10-04T21:18:19.779Z', 'age': 72}, 'registered': {'date': '2002-10-24T05:48:31.036Z', 'age': 21}, 'phone': '(079) 0303761', 'cell': '(06) 31499121', 'id': {'name': 'BSN', 'value': '63983022'}, 'picture': {'large': 'https://randomuser.me/api/portraits/women/41.jpg', 'medium': 'https://randomuser.me/api/portraits/med/women/41.jpg', 'thumbnail': 'https://randomuser.me/api/portraits/thumb/women/41.jpg'}, 'nat': 'NL'}], 'info': {'seed': '5579666f06035615', 'results': 1, 'page': 1, 'version': '1.4'}}</msg>
<arg>${json_data}</arg>
<doc>Logs the given message with the given level.</doc>
<status status="PASS" start="2024-07-26T06:21:59.352047" elapsed="0.000209"/>
</kw>
<kw name="Dictionary Should Contain Key" owner="Collections">
<arg>${json_data}</arg>
<arg>results</arg>
<doc>Fails if ``key`` is not found from ``dictionary``.</doc>
<status status="PASS" start="2024-07-26T06:21:59.352554" elapsed="0.000162"/>
</kw>
<kw name="Should Not Be Empty" owner="BuiltIn">
<msg time="2024-07-26T06:21:59.353026" level="INFO">Length is 2.</msg>
<arg>${json_data}</arg>
<doc>Verifies that the given item is not empty.</doc>
<status status="PASS" start="2024-07-26T06:21:59.352902" elapsed="0.000160"/>
</kw>
<kw name="Create List" owner="BuiltIn">
<msg time="2024-07-26T06:21:59.353496" level="INFO">${expected_keys} = ['gender', 'name', 'location', 'email', 'login']</msg>
<var>${expected_keys}</var>
<arg>gender</arg>
<arg>name</arg>
<arg>location</arg>
<arg>email</arg>
<arg>login</arg>
<doc>Returns a list containing given items.</doc>
<status status="PASS" start="2024-07-26T06:21:59.353346" elapsed="0.000173"/>
</kw>
<for flavor="IN">
<iter>
<kw name="Dictionary Should Contain Key" owner="Collections">
<arg>${json_data['results'][0]}</arg>
<arg>${key}</arg>
<doc>Fails if ``key`` is not found from ``dictionary``.</doc>
<status status="PASS" start="2024-07-26T06:21:59.354089" elapsed="0.000401"/>
</kw>
<kw name="Log" owner="BuiltIn">
<msg time="2024-07-26T06:21:59.355085" level="INFO">{'gender': 'female', 'name': {'title': 'Miss', 'first': 'Fiona', 'last': 'Slijkhuis'}, 'location': {'street': {'number': 9845, 'name': 'Crocusweg'}, 'city': 'Spijk Gld', 'state': 'Noord-Brabant', 'country': 'Netherlands', 'postcode': '8980 HK', 'coordinates': {'latitude': '35.5719', 'longitude': '68.5101'}, 'timezone': {'offset': '-11:00', 'description': 'Midway Island, Samoa'}}, 'email': 'fiona.slijkhuis@example.com', 'login': {'uuid': '4a30f4c9-9c53-48a5-a2a6-7b206cf1515b', 'username': 'happykoala721', 'password': 'ontario', 'salt': 'WwnHPw5l', 'md5': 'bc0d8f1b5c1594ee67f1733961899970', 'sha1': '258cc422c666dcda4cf095fe87bd1a2c65fb7e20', 'sha256': '9990096fdd6aebcf6802a7b8e9862271a0a6a19e983e9fbee4a90ad4f7a2b889'}, 'dob': {'date': '1951-10-04T21:18:19.779Z', 'age': 72}, 'registered': {'date': '2002-10-24T05:48:31.036Z', 'age': 21}, 'phone': '(079) 0303761', 'cell': '(06) 31499121', 'id': {'name': 'BSN', 'value': '63983022'}, 'picture': {'large': 'https://randomuser.me/api/portraits/women/41.jpg', 'medium': 'https://randomuser.me/api/portraits/med/women/41.jpg', 'thumbnail': 'https://randomuser.me/api/portraits/thumb/women/41.jpg'}, 'nat': 'NL'}</msg>
<arg>${json_data['results'][0]}</arg>
<doc>Logs the given message with the given level.</doc>
<status status="PASS" start="2024-07-26T06:21:59.354685" elapsed="0.000448"/>
</kw>
<kw name="Log" owner="BuiltIn">
<msg time="2024-07-26T06:21:59.355558" level="INFO">gender</msg>
<arg>${key}</arg>
<doc>Logs the given message with the given level.</doc>
<status status="PASS" start="2024-07-26T06:21:59.355429" elapsed="0.000167"/>
</kw>
<var name="${key}">gender</var>
<status status="PASS" start="2024-07-26T06:21:59.353961" elapsed="0.001852"/>
</iter>
<iter>
<kw name="Dictionary Should Contain Key" owner="Collections">
<arg>${json_data['results'][0]}</arg>
<arg>${key}</arg>
<doc>Fails if ``key`` is not found from ``dictionary``.</doc>
<status status="PASS" start="2024-07-26T06:21:59.356110" elapsed="0.000388"/>
</kw>
<kw name="Log" owner="BuiltIn">
<msg time="2024-07-26T06:21:59.357033" level="INFO">{'gender': 'female', 'name': {'title': 'Miss', 'first': 'Fiona', 'last': 'Slijkhuis'}, 'location': {'street': {'number': 9845, 'name': 'Crocusweg'}, 'city': 'Spijk Gld', 'state': 'Noord-Brabant', 'country': 'Netherlands', 'postcode': '8980 HK', 'coordinates': {'latitude': '35.5719', 'longitude': '68.5101'}, 'timezone': {'offset': '-11:00', 'description': 'Midway Island, Samoa'}}, 'email': 'fiona.slijkhuis@example.com', 'login': {'uuid': '4a30f4c9-9c53-48a5-a2a6-7b206cf1515b', 'username': 'happykoala721', 'password': 'ontario', 'salt': 'WwnHPw5l', 'md5': 'bc0d8f1b5c1594ee67f1733961899970', 'sha1': '258cc422c666dcda4cf095fe87bd1a2c65fb7e20', 'sha256': '9990096fdd6aebcf6802a7b8e9862271a0a6a19e983e9fbee4a90ad4f7a2b889'}, 'dob': {'date': '1951-10-04T21:18:19.779Z', 'age': 72}, 'registered': {'date': '2002-10-24T05:48:31.036Z', 'age': 21}, 'phone': '(079) 0303761', 'cell': '(06) 31499121', 'id': {'name': 'BSN', 'value': '63983022'}, 'picture': {'large': 'https://randomuser.me/api/portraits/women/41.jpg', 'medium': 'https://randomuser.me/api/portraits/med/women/41.jpg', 'thumbnail': 'https://randomuser.me/api/portraits/thumb/women/41.jpg'}, 'nat': 'NL'}</msg>
<arg>${json_data['results'][0]}</arg>
<doc>Logs the given message with the given level.</doc>
<status status="PASS" start="2024-07-26T06:21:59.356680" elapsed="0.000432"/>
</kw>
<kw name="Log" owner="BuiltIn">
<msg time="2024-07-26T06:21:59.357539" level="INFO">name</msg>
<arg>${key}</arg>
<doc>Logs the given message with the given level.</doc>
<status status="PASS" start="2024-07-26T06:21:59.357411" elapsed="0.000166"/>
</kw>
<var name="${key}">name</var>
<status status="PASS" start="2024-07-26T06:21:59.355998" elapsed="0.001803"/>
</iter>
<iter>
<kw name="Dictionary Should Contain Key" owner="Collections">
<arg>${json_data['results'][0]}</arg>
<arg>${key}</arg>
<doc>Fails if ``key`` is not found from ``dictionary``.</doc>
<status status="PASS" start="2024-07-26T06:21:59.358086" elapsed="0.000387"/>
</kw>
<kw name="Log" owner="BuiltIn">
<msg time="2024-07-26T06:21:59.359046" level="INFO">{'gender': 'female', 'name': {'title': 'Miss', 'first': 'Fiona', 'last': 'Slijkhuis'}, 'location': {'street': {'number': 9845, 'name': 'Crocusweg'}, 'city': 'Spijk Gld', 'state': 'Noord-Brabant', 'country': 'Netherlands', 'postcode': '8980 HK', 'coordinates': {'latitude': '35.5719', 'longitude': '68.5101'}, 'timezone': {'offset': '-11:00', 'description': 'Midway Island, Samoa'}}, 'email': 'fiona.slijkhuis@example.com', 'login': {'uuid': '4a30f4c9-9c53-48a5-a2a6-7b206cf1515b', 'username': 'happykoala721', 'password': 'ontario', 'salt': 'WwnHPw5l', 'md5': 'bc0d8f1b5c1594ee67f1733961899970', 'sha1': '258cc422c666dcda4cf095fe87bd1a2c65fb7e20', 'sha256': '9990096fdd6aebcf6802a7b8e9862271a0a6a19e983e9fbee4a90ad4f7a2b889'}, 'dob': {'date': '1951-10-04T21:18:19.779Z', 'age': 72}, 'registered': {'date': '2002-10-24T05:48:31.036Z', 'age': 21}, 'phone': '(079) 0303761', 'cell': '(06) 31499121', 'id': {'name': 'BSN', 'value': '63983022'}, 'picture': {'large': 'https://randomuser.me/api/portraits/women/41.jpg', 'medium': 'https://randomuser.me/api/portraits/med/women/41.jpg', 'thumbnail': 'https://randomuser.me/api/portraits/thumb/women/41.jpg'}, 'nat': 'NL'}</msg>
<arg>${json_data['results'][0]}</arg>
<doc>Logs the given message with the given level.</doc>
<status status="PASS" start="2024-07-26T06:21:59.358667" elapsed="0.000426"/>
</kw>
<kw name="Log" owner="BuiltIn">
<msg time="2024-07-26T06:21:59.359533" level="INFO">location</msg>
<arg>${key}</arg>
<doc>Logs the given message with the given level.</doc>
<status status="PASS" start="2024-07-26T06:21:59.359393" elapsed="0.000176"/>
</kw>
<var name="${key}">location</var>
<status status="PASS" start="2024-07-26T06:21:59.357979" elapsed="0.001805"/>
</iter>
<iter>
<kw name="Dictionary Should Contain Key" owner="Collections">
<arg>${json_data['results'][0]}</arg>
<arg>${key}</arg>
<doc>Fails if ``key`` is not found from ``dictionary``.</doc>
<status status="PASS" start="2024-07-26T06:21:59.360065" elapsed="0.000378"/>
</kw>
<kw name="Log" owner="BuiltIn">
<msg time="2024-07-26T06:21:59.361096" level="INFO">{'gender': 'female', 'name': {'title': 'Miss', 'first': 'Fiona', 'last': 'Slijkhuis'}, 'location': {'street': {'number': 9845, 'name': 'Crocusweg'}, 'city': 'Spijk Gld', 'state': 'Noord-Brabant', 'country': 'Netherlands', 'postcode': '8980 HK', 'coordinates': {'latitude': '35.5719', 'longitude': '68.5101'}, 'timezone': {'offset': '-11:00', 'description': 'Midway Island, Samoa'}}, 'email': 'fiona.slijkhuis@example.com', 'login': {'uuid': '4a30f4c9-9c53-48a5-a2a6-7b206cf1515b', 'username': 'happykoala721', 'password': 'ontario', 'salt': 'WwnHPw5l', 'md5': 'bc0d8f1b5c1594ee67f1733961899970', 'sha1': '258cc422c666dcda4cf095fe87bd1a2c65fb7e20', 'sha256': '9990096fdd6aebcf6802a7b8e9862271a0a6a19e983e9fbee4a90ad4f7a2b889'}, 'dob': {'date': '1951-10-04T21:18:19.779Z', 'age': 72}, 'registered': {'date': '2002-10-24T05:48:31.036Z', 'age': 21}, 'phone': '(079) 0303761', 'cell': '(06) 31499121', 'id': {'name': 'BSN', 'value': '63983022'}, 'picture': {'large': 'https://randomuser.me/api/portraits/women/41.jpg', 'medium': 'https://randomuser.me/api/portraits/med/women/41.jpg', 'thumbnail': 'https://randomuser.me/api/portraits/thumb/women/41.jpg'}, 'nat': 'NL'}</msg>
<arg>${json_data['results'][0]}</arg>
<doc>Logs the given message with the given level.</doc>
<status status="PASS" start="2024-07-26T06:21:59.360738" elapsed="0.000407"/>
</kw>
<kw name="Log" owner="BuiltIn">
<msg time="2024-07-26T06:21:59.361568" level="INFO">email</msg>
<arg>${key}</arg>
<doc>Logs the given message with the given level.</doc>
<status status="PASS" start="2024-07-26T06:21:59.361440" elapsed="0.000165"/>
</kw>
<var name="${key}">email</var>
<status status="PASS" start="2024-07-26T06:21:59.359957" elapsed="0.001863"/>
</iter>
<iter>
<kw name="Dictionary Should Contain Key" owner="Collections">
<arg>${json_data['results'][0]}</arg>
<arg>${key}</arg>
<doc>Fails if ``key`` is not found from ``dictionary``.</doc>
<status status="PASS" start="2024-07-26T06:21:59.362101" elapsed="0.000373"/>
</kw>
<kw name="Log" owner="BuiltIn">
<msg time="2024-07-26T06:21:59.363036" level="INFO">{'gender': 'female', 'name': {'title': 'Miss', 'first': 'Fiona', 'last': 'Slijkhuis'}, 'location': {'street': {'number': 9845, 'name': 'Crocusweg'}, 'city': 'Spijk Gld', 'state': 'Noord-Brabant', 'country': 'Netherlands', 'postcode': '8980 HK', 'coordinates': {'latitude': '35.5719', 'longitude': '68.5101'}, 'timezone': {'offset': '-11:00', 'description': 'Midway Island, Samoa'}}, 'email': 'fiona.slijkhuis@example.com', 'login': {'uuid': '4a30f4c9-9c53-48a5-a2a6-7b206cf1515b', 'username': 'happykoala721', 'password': 'ontario', 'salt': 'WwnHPw5l', 'md5': 'bc0d8f1b5c1594ee67f1733961899970', 'sha1': '258cc422c666dcda4cf095fe87bd1a2c65fb7e20', 'sha256': '9990096fdd6aebcf6802a7b8e9862271a0a6a19e983e9fbee4a90ad4f7a2b889'}, 'dob': {'date': '1951-10-04T21:18:19.779Z', 'age': 72}, 'registered': {'date': '2002-10-24T05:48:31.036Z', 'age': 21}, 'phone': '(079) 0303761', 'cell': '(06) 31499121', 'id': {'name': 'BSN', 'value': '63983022'}, 'picture': {'large': 'https://randomuser.me/api/portraits/women/41.jpg', 'medium': 'https://randomuser.me/api/portraits/med/women/41.jpg', 'thumbnail': 'https://randomuser.me/api/portraits/thumb/women/41.jpg'}, 'nat': 'NL'}</msg>
<arg>${json_data['results'][0]}</arg>
<doc>Logs the given message with the given level.</doc>
<status status="PASS" start="2024-07-26T06:21:59.362654" elapsed="0.000429"/>
</kw>
<kw name="Log" owner="BuiltIn">
<msg time="2024-07-26T06:21:59.363501" level="INFO">login</msg>
<arg>${key}</arg>
<doc>Logs the given message with the given level.</doc>
<status status="PASS" start="2024-07-26T06:21:59.363374" elapsed="0.000164"/>
</kw>
<var name="${key}">login</var>
<status status="PASS" start="2024-07-26T06:21:59.361993" elapsed="0.001759"/>
</iter>
<var>${key}</var>
<value>@{expected_keys}</value>
<status status="PASS" start="2024-07-26T06:21:59.353776" elapsed="0.010095"/>
</for>
<kw name="Create List" owner="BuiltIn">
<msg time="2024-07-26T06:21:59.364191" level="INFO">${expected_keysTwo} = ['username', 'password']</msg>
<var>${expected_keysTwo}</var>
<arg>username</arg>
<arg>password</arg>
<doc>Returns a list containing given items.</doc>
<status status="PASS" start="2024-07-26T06:21:59.364057" elapsed="0.000186"/>
</kw>
<for flavor="IN">
<iter>
<kw name="Dictionary Should Contain Key" owner="Collections">
<arg>${json_data['results'][0]['login']}</arg>
<arg>${keyTwo}</arg>
<doc>Fails if ``key`` is not found from ``dictionary``.</doc>
<status status="PASS" start="2024-07-26T06:21:59.364746" elapsed="0.000387"/>
</kw>
<kw name="Dictionary Should Contain Key" owner="Collections">
<arg>${json_data['results'][0]['login']}</arg>
<arg>${keyTwo}</arg>
<doc>Fails if ``key`` is not found from ``dictionary``.</doc>
<status status="PASS" start="2024-07-26T06:21:59.365312" elapsed="0.000369"/>
</kw>
<kw name="Log" owner="BuiltIn">
<msg time="2024-07-26T06:21:59.365974" level="INFO">username</msg>
<arg>${keyTwo}</arg>
<doc>Logs the given message with the given level.</doc>
<status status="PASS" start="2024-07-26T06:21:59.365855" elapsed="0.000156"/>
</kw>
<var name="${keyTwo}">username</var>
<status status="PASS" start="2024-07-26T06:21:59.364637" elapsed="0.001590"/>
</iter>
<iter>
<kw name="Dictionary Should Contain Key" owner="Collections">
<arg>${json_data['results'][0]['login']}</arg>
<arg>${keyTwo}</arg>
<doc>Fails if ``key`` is not found from ``dictionary``.</doc>
<status status="PASS" start="2024-07-26T06:21:59.366512" elapsed="0.000399"/>
</kw>
<kw name="Dictionary Should Contain Key" owner="Collections">
<arg>${json_data['results'][0]['login']}</arg>
<arg>${keyTwo}</arg>
<doc>Fails if ``key`` is not found from ``dictionary``.</doc>
<status status="PASS" start="2024-07-26T06:21:59.367095" elapsed="0.000371"/>
</kw>
<kw name="Log" owner="BuiltIn">
<msg time="2024-07-26T06:21:59.367763" level="INFO">password</msg>
<arg>${keyTwo}</arg>
<doc>Logs the given message with the given level.</doc>
<status status="PASS" start="2024-07-26T06:21:59.367640" elapsed="0.000159"/>
</kw>
<var name="${keyTwo}">password</var>
<status status="PASS" start="2024-07-26T06:21:59.366398" elapsed="0.001619"/>
</iter>
<var>${keyTwo}</var>
<value>@{expected_keysTwo}</value>
<status status="PASS" start="2024-07-26T06:21:59.364486" elapsed="0.003652"/>
</for>
<status status="PASS" start="2024-07-26T06:21:59.030618" elapsed="0.337658"/>
</kw>
<doc>Testa a estrutura da resposta da API.</doc>
<tag>testeEstruturaResposta</tag>
<status status="PASS" start="2024-07-26T06:21:59.030134" elapsed="0.338291"/>
</test>
<test id="s1-s1-t4" name="Validar tipos de dados" line="28">
<kw name="Teste de Tipos de Dados" owner="random-user-service">
<kw name="GET On Session" owner="RequestsLibrary">
<msg time="2024-07-26T06:21:59.473205" level="INFO">GET Request : url=https://randomuser.me/api 
 path_url=/api 
 headers={'User-Agent': 'python-requests/2.32.3', 'Accept-Encoding': 'gzip, deflate', 'Accept': '*/*', 'Connection': 'keep-alive'} 
 body=None 
 </msg>
<msg time="2024-07-26T06:21:59.473287" level="INFO">GET Response : url=https://randomuser.me/api 
 status=200, reason=OK 
 headers={'Date': 'Fri, 26 Jul 2024 06:21:59 GMT', 'Content-Type': 'application/json; charset=utf-8', 'Transfer-Encoding': 'chunked', 'Connection': 'keep-alive', 'X-Powered-By': 'Express', 'Access-Control-Allow-Origin': '*', 'Cache-Control': 'no-cache', 'ETag': 'W/"478-eQEluKPzyJjaT26H9sx6ZHuFt/M"', 'Vary': 'Accept-Encoding', 'Content-Encoding': 'gzip', 'CF-Cache-Status': 'DYNAMIC', 'Report-To': '{"endpoints":[{"url":"https:\\/\\/a.nel.cloudflare.com\\/report\\/v4?s=H3kNbfNTO7fH1Hd%2FPRwAF1hyvHqpN3Yk3A312rrMPXXTfWU9Y%2FcweZE2Mlsbp9DUvmFsVnhBaHjUSenT1n3WcuaVhY9Pcz5ORylxy28KxgJ8l3YybR%2Ba6GStOlfmn8Jq"}],"group":"cf-nel","max_age":604800}', 'NEL': '{"success_fraction":0,"report_to":"cf-nel","max_age":604800}', 'Server': 'cloudflare', 'CF-RAY': '8a924aee1ae72326-ORD', 'alt-svc': 'h3=":443"; ma=86400'} 
 body={"results":[{"gender":"female","name":{"title":"Ms","first":"Elizabeth","last":"Bates"},"location":{"street":{"number":6610,"name":"Mill Road"},"city":"Ennis","state":"Wicklow","country":"Ireland","postcode":59354,"coordinates":{"latitude":"2.1716","longitude":"54.9517"},"timezone":{"offset":"-12:00","description":"Eniwetok, Kwajalein"}},"email":"elizabeth.bates@example.com","login":{"uuid":"50d0a66f-8183-4652-84c5-314e0d4e52fc","username":"greendog188","password":"sebastia","salt":"fHlxxiFs","md5":"80fd080d9e68421a6f394a423d43b27b","sha1":"2ada77e84c25ff61db190e541fa41f1468fd4bf0","sha256":"91fe62fc8a2bfabb3596ec6ab8d01b158a6c95ae663ece3e7f6e8556abd44ca5"},"dob":{"date":"1961-08-25T23:40:58.607Z","age":62},"registered":{"date":"2021-01-14T04:09:23.935Z","age":3},"phone":"061-283-1972","cell":"081-010-7957","id":{"name":"PPS","value":"3266238T"},"picture":{"large":"https://randomuser.me/api/portraits/women/0.jpg","medium":"https://randomuser.me/api/portraits/med/women/0.jpg","thumbnail":"https://randomuser.me/api/portraits/thumb/women/0.jpg"},"nat":"IE"}],"info":{"seed":"29571b6422c40eb1","results":1,"page":1,"version":"1.4"}} 
 </msg>
<msg time="2024-07-26T06:21:59.473360" level="INFO">/opt/hostedtoolcache/Python/3.12.4/x64/lib/python3.12/site-packages/urllib3/connectionpool.py:1099: InsecureRequestWarning: Unverified HTTPS request is being made to host 'randomuser.me'. Adding certificate verification is strongly advised. See: https://urllib3.readthedocs.io/en/latest/advanced-usage.html#tls-warnings
  warnings.warn(</msg>
<msg time="2024-07-26T06:21:59.473478" level="INFO">${response} = &lt;Response [200]&gt;</msg>
<var>${response}</var>
<arg>consultarAPI</arg>
<arg>/api</arg>
<doc>Sends a GET request on a previously created HTTP Session.</doc>
<status status="PASS" start="2024-07-26T06:21:59.370934" elapsed="0.102599"/>
</kw>
<kw name="Set Variable" owner="BuiltIn">
<msg time="2024-07-26T06:21:59.474641" level="INFO">${json_data} = {'results': [{'gender': 'female', 'name': {'title': 'Ms', 'first': 'Elizabeth', 'last': 'Bates'}, 'location': {'street': {'number': 6610, 'name': 'Mill Road'}, 'city': 'Ennis', 'state': 'Wicklow', 'co...</msg>
<var>${json_data}</var>
<arg>${response.json()}</arg>
<doc>Returns the given values which can then be assigned to a variables.</doc>
<status status="PASS" start="2024-07-26T06:21:59.474085" elapsed="0.000584"/>
</kw>
<kw name="Log" owner="BuiltIn">
<msg time="2024-07-26T06:21:59.475165" level="INFO">{'results': [{'gender': 'female', 'name': {'title': 'Ms', 'first': 'Elizabeth', 'last': 'Bates'}, 'location': {'street': {'number': 6610, 'name': 'Mill Road'}, 'city': 'Ennis', 'state': 'Wicklow', 'country': 'Ireland', 'postcode': 59354, 'coordinates': {'latitude': '2.1716', 'longitude': '54.9517'}, 'timezone': {'offset': '-12:00', 'description': 'Eniwetok, Kwajalein'}}, 'email': 'elizabeth.bates@example.com', 'login': {'uuid': '50d0a66f-8183-4652-84c5-314e0d4e52fc', 'username': 'greendog188', 'password': 'sebastia', 'salt': 'fHlxxiFs', 'md5': '80fd080d9e68421a6f394a423d43b27b', 'sha1': '2ada77e84c25ff61db190e541fa41f1468fd4bf0', 'sha256': '91fe62fc8a2bfabb3596ec6ab8d01b158a6c95ae663ece3e7f6e8556abd44ca5'}, 'dob': {'date': '1961-08-25T23:40:58.607Z', 'age': 62}, 'registered': {'date': '2021-01-14T04:09:23.935Z', 'age': 3}, 'phone': '061-283-1972', 'cell': '081-010-7957', 'id': {'name': 'PPS', 'value': '3266238T'}, 'picture': {'large': 'https://randomuser.me/api/portraits/women/0.jpg', 'medium': 'https://randomuser.me/api/portraits/med/women/0.jpg', 'thumbnail': 'https://randomuser.me/api/portraits/thumb/women/0.jpg'}, 'nat': 'IE'}], 'info': {'seed': '29571b6422c40eb1', 'results': 1, 'page': 1, 'version': '1.4'}}</msg>
<arg>${json_data}</arg>
<doc>Logs the given message with the given level.</doc>
<status status="PASS" start="2024-07-26T06:21:59.475012" elapsed="0.000199"/>
</kw>
<kw name="Should Be String" owner="String">
<arg>${json_data['results'][0]['gender']}</arg>
<doc>Fails if the given ``item`` is not a string.</doc>
<status status="PASS" start="2024-07-26T06:21:59.475500" elapsed="0.000360"/>
</kw>
<kw name="Should Match Regexp" owner="BuiltIn">
<arg>${json_data['results'][0]['email']}</arg>
<arg>^[a-zA-Z0-9._%+-]+@[a-zA-Z0-9.-]+\.[a-zA-Z]{2,}$</arg>
<doc>Fails if ``string`` does not match ``pattern`` as a regular expression.</doc>
<status status="PASS" start="2024-07-26T06:21:59.476055" elapsed="0.000504"/>
</kw>
<kw name="Should Match Regexp" owner="BuiltIn">
<arg>${json_data['results'][0]['dob']['date']}</arg>
<arg>\\d{4}-\\d{2}-\\d{2}T\\d{2}:\\d{2}:\\d{2}\\.\\d{3}Z</arg>
<doc>Fails if ``string`` does not match ``pattern`` as a regular expression.</doc>
<status status="PASS" start="2024-07-26T06:21:59.476786" elapsed="0.000589"/>
</kw>
<kw name="Should Match Regexp" owner="BuiltIn">
<arg>${json_data['results'][0]['registered']['date']}</arg>
<arg>\\d{4}-\\d{2}-\\d{2}T\\d{2}:\\d{2}:\\d{2}\\.\\d{3}Z</arg>
<doc>Fails if ``string`` does not match ``pattern`` as a regular expression.</doc>
<status status="PASS" start="2024-07-26T06:21:59.477566" elapsed="0.000369"/>
</kw>
<kw name="Should Match Regexp" owner="BuiltIn">
<arg>${json_data['results'][0]['picture']['large']}</arg>
<arg>^https?://.*\.(?:png|jpe?g|gif|bmp)$</arg>
<doc>Fails if ``string`` does not match ``pattern`` as a regular expression.</doc>
<status status="PASS" start="2024-07-26T06:21:59.478119" elapsed="0.000456"/>
</kw>
<kw name="Should Match Regexp" owner="BuiltIn">
<arg>${json_data['results'][0]['picture']['medium']}</arg>
<arg>^https?://.*\.(?:png|jpe?g|gif|bmp)$</arg>
<doc>Fails if ``string`` does not match ``pattern`` as a regular expression.</doc>
<status status="PASS" start="2024-07-26T06:21:59.478764" elapsed="0.000381"/>
</kw>
<kw name="Should Match Regexp" owner="BuiltIn">
<arg>${json_data['results'][0]['picture']['thumbnail']}</arg>
<arg>^https?://.*\.(?:png|jpe?g|gif|bmp)$</arg>
<doc>Fails if ``string`` does not match ``pattern`` as a regular expression.</doc>
<status status="PASS" start="2024-07-26T06:21:59.479328" elapsed="0.000353"/>
</kw>
<kw name="Log" owner="BuiltIn">
<msg time="2024-07-26T06:21:59.480182" level="INFO">{'large': 'https://randomuser.me/api/portraits/women/0.jpg', 'medium': 'https://randomuser.me/api/portraits/med/women/0.jpg', 'thumbnail': 'https://randomuser.me/api/portraits/thumb/women/0.jpg'}</msg>
<arg>${json_data['results'][0]['picture']}</arg>
<doc>Logs the given message with the given level.</doc>
<status status="PASS" start="2024-07-26T06:21:59.479859" elapsed="0.000365"/>
</kw>
<status status="PASS" start="2024-07-26T06:21:59.370697" elapsed="0.109777"/>
</kw>
<kw name="Teste de Tipos de Dados - Postcode" owner="random-user-service">
<kw name="GET On Session" owner="RequestsLibrary">
<msg time="2024-07-26T06:21:59.583794" level="INFO">GET Request : url=https://randomuser.me/api 
 path_url=/api 
 headers={'User-Agent': 'python-requests/2.32.3', 'Accept-Encoding': 'gzip, deflate', 'Accept': '*/*', 'Connection': 'keep-alive'} 
 body=None 
 </msg>
<msg time="2024-07-26T06:21:59.583871" level="INFO">GET Response : url=https://randomuser.me/api 
 status=200, reason=OK 
 headers={'Date': 'Fri, 26 Jul 2024 06:21:59 GMT', 'Content-Type': 'application/json; charset=utf-8', 'Transfer-Encoding': 'chunked', 'Connection': 'keep-alive', 'X-Powered-By': 'Express', 'Access-Control-Allow-Origin': '*', 'Cache-Control': 'no-cache', 'ETag': 'W/"487-eRbVnuC+K+BGGASB1yz492Bvfik"', 'Vary': 'Accept-Encoding', 'Content-Encoding': 'gzip', 'CF-Cache-Status': 'DYNAMIC', 'Report-To': '{"endpoints":[{"url":"https:\\/\\/a.nel.cloudflare.com\\/report\\/v4?s=SXaXX%2FSkOm47ihkNt8xuVzNV4jRoJVWnkznnf6lqY5hNYxCujfO8sJ%2FI9rWSA1%2BMRlj6dxcdImcPEvfHR585zYTiTjAzRWpiwKGP%2FnFne8K47wOLxgxdTJXjl7NoBQ4f"}],"group":"cf-nel","max_age":604800}', 'NEL': '{"success_fraction":0,"report_to":"cf-nel","max_age":604800}', 'Server': 'cloudflare', 'CF-RAY': '8a924aeecb742326-ORD', 'alt-svc': 'h3=":443"; ma=86400'} 
 body={"results":[{"gender":"female","name":{"title":"Ms","first":"Remedios","last":"Benítez"},"location":{"street":{"number":7380,"name":"Calle de Ferraz"},"city":"Albacete","state":"Comunidad de Madrid","country":"Spain","postcode":73074,"coordinates":{"latitude":"-36.0198","longitude":"34.8515"},"timezone":{"offset":"+4:30","description":"Kabul"}},"email":"remedios.benitez@example.com","login":{"uuid":"d0dab708-b921-4d7a-b636-93d1bdc04594","username":"greenmeercat300","password":"claude","salt":"Mkh2ENmx","md5":"3ea2e81402946766ce07e4325f3b2013","sha1":"bf84af33c3834fb3bd994da8235eb8d25fde648d","sha256":"9ae41c1d7d2e214549f20e635ab2e34743b14f5548fbed8b614811f63a55de78"},"dob":{"date":"1991-05-17T13:38:38.680Z","age":33},"registered":{"date":"2004-09-07T19:19:03.091Z","age":19},"phone":"987-033-629","cell":"670-013-501","id":{"name":"DNI","value":"13268855-I"},"picture":{"large":"https://randomuser.me/api/portraits/women/70.jpg","medium":"https://randomuser.me/api/portraits/med/women/70.jpg","thumbnail":"https://randomuser.me/api/portraits/thumb/women/70.jpg"},"nat":"ES"}],"info":{"seed":"0074600a167c541a","results":1,"page":1,"version":"1.4"}} 
 </msg>
<msg time="2024-07-26T06:21:59.583942" level="INFO">/opt/hostedtoolcache/Python/3.12.4/x64/lib/python3.12/site-packages/urllib3/connectionpool.py:1099: InsecureRequestWarning: Unverified HTTPS request is being made to host 'randomuser.me'. Adding certificate verification is strongly advised. See: https://urllib3.readthedocs.io/en/latest/advanced-usage.html#tls-warnings
  warnings.warn(</msg>
<msg time="2024-07-26T06:21:59.584050" level="INFO">${response} = &lt;Response [200]&gt;</msg>
<var>${response}</var>
<arg>consultarAPI</arg>
<arg>/api</arg>
<doc>Sends a GET request on a previously created HTTP Session.</doc>
<status status="PASS" start="2024-07-26T06:21:59.480902" elapsed="0.103209"/>
</kw>
<kw name="Set Variable" owner="BuiltIn">
<msg time="2024-07-26T06:21:59.585168" level="INFO">${json_data} = {'results': [{'gender': 'female', 'name': {'title': 'Ms', 'first': 'Remedios', 'last': 'Benítez'}, 'location': {'street': {'number': 7380, 'name': 'Calle de Ferraz'}, 'city': 'Albacete', 'state': 'Com...</msg>
<var>${json_data}</var>
<arg>${response.json()}</arg>
<doc>Returns the given values which can then be assigned to a variables.</doc>
<status status="PASS" start="2024-07-26T06:21:59.584579" elapsed="0.000618"/>
</kw>
<kw name="Log" owner="BuiltIn">
<msg time="2024-07-26T06:21:59.585667" level="INFO">{'results': [{'gender': 'female', 'name': {'title': 'Ms', 'first': 'Remedios', 'last': 'Benítez'}, 'location': {'street': {'number': 7380, 'name': 'Calle de Ferraz'}, 'city': 'Albacete', 'state': 'Comunidad de Madrid', 'country': 'Spain', 'postcode': 73074, 'coordinates': {'latitude': '-36.0198', 'longitude': '34.8515'}, 'timezone': {'offset': '+4:30', 'description': 'Kabul'}}, 'email': 'remedios.benitez@example.com', 'login': {'uuid': 'd0dab708-b921-4d7a-b636-93d1bdc04594', 'username': 'greenmeercat300', 'password': 'claude', 'salt': 'Mkh2ENmx', 'md5': '3ea2e81402946766ce07e4325f3b2013', 'sha1': 'bf84af33c3834fb3bd994da8235eb8d25fde648d', 'sha256': '9ae41c1d7d2e214549f20e635ab2e34743b14f5548fbed8b614811f63a55de78'}, 'dob': {'date': '1991-05-17T13:38:38.680Z', 'age': 33}, 'registered': {'date': '2004-09-07T19:19:03.091Z', 'age': 19}, 'phone': '987-033-629', 'cell': '670-013-501', 'id': {'name': 'DNI', 'value': '13268855-I'}, 'picture': {'large': 'https://randomuser.me/api/portraits/women/70.jpg', 'medium': 'https://randomuser.me/api/portraits/med/women/70.jpg', 'thumbnail': 'https://randomuser.me/api/portraits/thumb/women/70.jpg'}, 'nat': 'ES'}], 'info': {'seed': '0074600a167c541a', 'results': 1, 'page': 1, 'version': '1.4'}}</msg>
<arg>${json_data}</arg>
<doc>Logs the given message with the given level.</doc>
<status status="PASS" start="2024-07-26T06:21:59.585506" elapsed="0.000208"/>
</kw>
<kw name="Should Be Equal As Numbers" owner="BuiltIn">
<arg>${json_data['results'][0]['location']['postcode']}</arg>
<arg>${json_data['results'][0]['location']['postcode']}</arg>
<doc>Fails if objects are unequal after converting them to real numbers.</doc>
<status status="PASS" start="2024-07-26T06:21:59.586006" elapsed="0.000614"/>
</kw>
<kw name="Log" owner="BuiltIn">
<msg time="2024-07-26T06:21:59.587189" level="INFO">73074</msg>
<arg>${json_data['results'][0]['location']['postcode']}</arg>
<doc>Logs the given message with the given level.</doc>
<status status="PASS" start="2024-07-26T06:21:59.586811" elapsed="0.000418"/>
</kw>
<status status="PASS" start="2024-07-26T06:21:59.480681" elapsed="0.106827"/>
</kw>
<doc>Testa se os tipos de dados na resposta da API estão corretos.</doc>
<tag>testeTiposDados</tag>
<status status="PASS" start="2024-07-26T06:21:59.370171" elapsed="0.217493"/>
</test>
<test id="s1-s1-t5" name="Validar conteudo" line="35">
<kw name="Teste de Tipos de Conteudo" owner="random-user-service">
<kw name="GET On Session" owner="RequestsLibrary">
<msg time="2024-07-26T06:21:59.691138" level="INFO">GET Request : url=https://randomuser.me/api 
 path_url=/api 
 headers={'User-Agent': 'python-requests/2.32.3', 'Accept-Encoding': 'gzip, deflate', 'Accept': '*/*', 'Connection': 'keep-alive'} 
 body=None 
 </msg>
<msg time="2024-07-26T06:21:59.691222" level="INFO">GET Response : url=https://randomuser.me/api 
 status=200, reason=OK 
 headers={'Date': 'Fri, 26 Jul 2024 06:21:59 GMT', 'Content-Type': 'application/json; charset=utf-8', 'Transfer-Encoding': 'chunked', 'Connection': 'keep-alive', 'X-Powered-By': 'Express', 'Access-Control-Allow-Origin': '*', 'Cache-Control': 'no-cache', 'ETag': 'W/"48f-S2tWhMYzl0LbYWmApCOnOMewp78"', 'Vary': 'Accept-Encoding', 'Content-Encoding': 'gzip', 'CF-Cache-Status': 'DYNAMIC', 'Report-To': '{"endpoints":[{"url":"https:\\/\\/a.nel.cloudflare.com\\/report\\/v4?s=uAFPezl5To54Qo8ZPSQzwoE4X40ZDyMSXI0hJWFE3jP3IiYpnqISxoJQoxQ24aeC74k4rK9ZPgv2QDaOnqBQidLIvRzX7GbyHC%2FMsgqMaIW%2FKqpANxp2dkCIX7X7M5sf"}],"group":"cf-nel","max_age":604800}', 'NEL': '{"success_fraction":0,"report_to":"cf-nel","max_age":604800}', 'Server': 'cloudflare', 'CF-RAY': '8a924aef7be32326-ORD', 'alt-svc': 'h3=":443"; ma=86400'} 
 body={"results":[{"gender":"female","name":{"title":"Ms","first":"Ava","last":"Fernandez"},"location":{"street":{"number":2686,"name":"Paddock Way"},"city":"Milwaukee","state":"Hawaii","country":"United States","postcode":30996,"coordinates":{"latitude":"89.3068","longitude":"114.7529"},"timezone":{"offset":"+6:00","description":"Almaty, Dhaka, Colombo"}},"email":"ava.fernandez@example.com","login":{"uuid":"13ec4983-3b2f-4df3-a20c-be4ec17730f9","username":"smallpeacock931","password":"323232","salt":"Rj7Z0mll","md5":"d3fb93e5d745542d88440a83e020e495","sha1":"906aeefcb3afdb0e86f94cd96c176e8cabd8af19","sha256":"1e76b59b830eb81b269595bd661eabcd819a1d172a4ba8a19bdc6d0b46cbb468"},"dob":{"date":"1960-05-06T21:44:31.606Z","age":64},"registered":{"date":"2020-06-21T00:25:34.620Z","age":4},"phone":"(244) 309-5661","cell":"(276) 345-1309","id":{"name":"SSN","value":"866-79-1608"},"picture":{"large":"https://randomuser.me/api/portraits/women/74.jpg","medium":"https://randomuser.me/api/portraits/med/women/74.jpg","thumbnail":"https://randomuser.me/api/portraits/thumb/women/74.jpg"},"nat":"US"}],"info":{"seed":"b1aee1ef3c8d75d0","results":1,"page":1,"version":"1.4"}} 
 </msg>
<msg time="2024-07-26T06:21:59.691296" level="INFO">/opt/hostedtoolcache/Python/3.12.4/x64/lib/python3.12/site-packages/urllib3/connectionpool.py:1099: InsecureRequestWarning: Unverified HTTPS request is being made to host 'randomuser.me'. Adding certificate verification is strongly advised. See: https://urllib3.readthedocs.io/en/latest/advanced-usage.html#tls-warnings
  warnings.warn(</msg>
<msg time="2024-07-26T06:21:59.691390" level="INFO">${response} = &lt;Response [200]&gt;</msg>
<var>${response}</var>
<arg>consultarAPI</arg>
<arg>/api</arg>
<doc>Sends a GET request on a previously created HTTP Session.</doc>
<status status="PASS" start="2024-07-26T06:21:59.590061" elapsed="0.101354"/>
</kw>
<kw name="Set Variable" owner="BuiltIn">
<msg time="2024-07-26T06:21:59.692256" level="INFO">${json_data} = {'results': [{'gender': 'female', 'name': {'title': 'Ms', 'first': 'Ava', 'last': 'Fernandez'}, 'location': {'street': {'number': 2686, 'name': 'Paddock Way'}, 'city': 'Milwaukee', 'state': 'Hawaii', ...</msg>
<var>${json_data}</var>
<arg>${response.json()}</arg>
<doc>Returns the given values which can then be assigned to a variables.</doc>
<status status="PASS" start="2024-07-26T06:21:59.691803" elapsed="0.000481"/>
</kw>
<kw name="Set Variable" owner="BuiltIn">
<msg time="2024-07-26T06:21:59.692961" level="INFO">${name_title} = Ms</msg>
<var>${name_title}</var>
<arg>${json_data["results"][0]["name"]["title"]}</arg>
<doc>Returns the given values which can then be assigned to a variables.</doc>
<status status="PASS" start="2024-07-26T06:21:59.692587" elapsed="0.000399"/>
</kw>
<kw name="Create List" owner="BuiltIn">
<msg time="2024-07-26T06:21:59.693430" level="INFO">${allowed_titles} = ['Mr', 'Ms', 'Miss', 'Mrs', 'Madame', 'Monsieur']</msg>
<var>${allowed_titles}</var>
<arg>Mr</arg>
<arg>Ms</arg>
<arg>Miss</arg>
<arg>Mrs</arg>
<arg>Madame</arg>
<arg>Monsieur</arg>
<doc>Returns a list containing given items.</doc>
<status status="PASS" start="2024-07-26T06:21:59.693281" elapsed="0.000173"/>
</kw>
<kw name="List Should Contain Value" owner="Collections">
<arg>${allowed_titles}</arg>
<arg>${name_title}</arg>
<doc>Fails if the ``value`` is not found from ``list``.</doc>
<status status="PASS" start="2024-07-26T06:21:59.693745" elapsed="0.000178"/>
</kw>
<kw name="Set Variable" owner="BuiltIn">
<msg time="2024-07-26T06:21:59.694472" level="INFO">${name_country} = US</msg>
<var>${name_country}</var>
<arg>${json_data["results"][0]["nat"]}</arg>
<doc>Returns the given values which can then be assigned to a variables.</doc>
<status status="PASS" start="2024-07-26T06:21:59.694101" elapsed="0.000396"/>
</kw>
<kw name="Create List" owner="BuiltIn">
<msg time="2024-07-26T06:21:59.695413" level="INFO">${list_country} = ['AD', 'AE', 'AF', 'AG', 'AI', 'AL', 'AM', 'AO', 'AQ', 'AR', 'AS', 'AT', 'AU', 'AW', 'AX', 'AZ', 'BA', 'BB', 'BD', 'BE', 'BF', 'BG', 'BH', 'BI', 'BJ', 'BL', 'BM', 'BN', 'BO', 'BQ', 'BR', 'BS', 'BT', '...</msg>
<var>${list_country}</var>
<arg>AD</arg>
<arg>AE</arg>
<arg>AF</arg>
<arg>AG</arg>
<arg>AI</arg>
<arg>AL</arg>
<arg>AM</arg>
<arg>AO</arg>
<arg>AQ</arg>
<arg>AR</arg>
<arg>AS</arg>
<arg>AT</arg>
<arg>AU</arg>
<arg>AW</arg>
<arg>AX</arg>
<arg>AZ</arg>
<arg>BA</arg>
<arg>BB</arg>
<arg>BD</arg>
<arg>BE</arg>
<arg>BF</arg>
<arg>BG</arg>
<arg>BH</arg>
<arg>BI</arg>
<arg>BJ</arg>
<arg>BL</arg>
<arg>BM</arg>
<arg>BN</arg>
<arg>BO</arg>
<arg>BQ</arg>
<arg>BR</arg>
<arg>BS</arg>
<arg>BT</arg>
<arg>BV</arg>
<arg>BW</arg>
<arg>BY</arg>
<arg>BZ</arg>
<arg>CA</arg>
<arg>CC</arg>
<arg>CD</arg>
<arg>CF</arg>
<arg>CG</arg>
<arg>CH</arg>
<arg>CI</arg>
<arg>CK</arg>
<arg>CL</arg>
<arg>CM</arg>
<arg>CN</arg>
<arg>CO</arg>
<arg>CR</arg>
<arg>CU</arg>
<arg>CV</arg>
<arg>CW</arg>
<arg>CX</arg>
<arg>CY</arg>
<arg>CZ</arg>
<arg>DE</arg>
<arg>DJ</arg>
<arg>DK</arg>
<arg>DM</arg>
<arg>DO</arg>
<arg>DZ</arg>
<arg>EC</arg>
<arg>EE</arg>
<arg>EG</arg>
<arg>EH</arg>
<arg>ER</arg>
<arg>ES</arg>
<arg>ET</arg>
<arg>FI</arg>
<arg>FJ</arg>
<arg>FK</arg>
<arg>FM</arg>
<arg>FO</arg>
<arg>FR</arg>
<arg>GA</arg>
<arg>GB</arg>
<arg>GD</arg>
<arg>GE</arg>
<arg>GF</arg>
<arg>GG</arg>
<arg>GH</arg>
<arg>GI</arg>
<arg>GL</arg>
<arg>GM</arg>
<arg>GN</arg>
<arg>GP</arg>
<arg>GQ</arg>
<arg>GR</arg>
<arg>GS</arg>
<arg>GT</arg>
<arg>GU</arg>
<arg>GW</arg>
<arg>GY</arg>
<arg>HK</arg>
<arg>HM</arg>
<arg>HN</arg>
<arg>HR</arg>
<arg>HT</arg>
<arg>HU</arg>
<arg>ID</arg>
<arg>IE</arg>
<arg>IL</arg>
<arg>IM</arg>
<arg>IN</arg>
<arg>IO</arg>
<arg>IQ</arg>
<arg>IR</arg>
<arg>IS</arg>
<arg>IT</arg>
<arg>JE</arg>
<arg>JM</arg>
<arg>JO</arg>
<arg>JP</arg>
<arg>KE</arg>
<arg>KG</arg>
<arg>KH</arg>
<arg>KI</arg>
<arg>KM</arg>
<arg>KN</arg>
<arg>KP</arg>
<arg>KR</arg>
<arg>KW</arg>
<arg>KY</arg>
<arg>KZ</arg>
<arg>LA</arg>
<arg>LB</arg>
<arg>LC</arg>
<arg>LI</arg>
<arg>LK</arg>
<arg>LR</arg>
<arg>LS</arg>
<arg>LT</arg>
<arg>LU</arg>
<arg>LV</arg>
<arg>LY</arg>
<arg>MA</arg>
<arg>MC</arg>
<arg>MD</arg>
<arg>ME</arg>
<arg>MF</arg>
<arg>MG</arg>
<arg>MH</arg>
<arg>MK</arg>
<arg>ML</arg>
<arg>MM</arg>
<arg>MN</arg>
<arg>MO</arg>
<arg>MP</arg>
<arg>MQ</arg>
<arg>MR</arg>
<arg>MS</arg>
<arg>MT</arg>
<arg>MU</arg>
<arg>MV</arg>
<arg>MW</arg>
<arg>MX</arg>
<arg>MY</arg>
<arg>MZ</arg>
<arg>NA</arg>
<arg>NC</arg>
<arg>NE</arg>
<arg>NF</arg>
<arg>NG</arg>
<arg>NI</arg>
<arg>NL</arg>
<arg>NO</arg>
<arg>NP</arg>
<arg>NR</arg>
<arg>NU</arg>
<arg>NZ</arg>
<arg>OM</arg>
<arg>PA</arg>
<arg>PE</arg>
<arg>PF</arg>
<arg>PG</arg>
<arg>PH</arg>
<arg>PK</arg>
<arg>PL</arg>
<arg>PM</arg>
<arg>PN</arg>
<arg>PR</arg>
<arg>PS</arg>
<arg>PT</arg>
<arg>PW</arg>
<arg>PY</arg>
<arg>QA</arg>
<arg>RE</arg>
<arg>RO</arg>
<arg>RS</arg>
<arg>RU</arg>
<arg>RW</arg>
<arg>SA</arg>
<arg>SB</arg>
<arg>SC</arg>
<arg>SD</arg>
<arg>SE</arg>
<arg>SG</arg>
<arg>SH</arg>
<arg>SI</arg>
<arg>SJ</arg>
<arg>SK</arg>
<arg>SL</arg>
<arg>SM</arg>
<arg>SN</arg>
<arg>SO</arg>
<arg>SR</arg>
<arg>SS</arg>
<arg>ST</arg>
<arg>SV</arg>
<arg>SX</arg>
<arg>SY</arg>
<arg>SZ</arg>
<arg>TC</arg>
<arg>TD</arg>
<arg>TF</arg>
<arg>TG</arg>
<arg>TH</arg>
<arg>TJ</arg>
<arg>TK</arg>
<arg>TL</arg>
<arg>TM</arg>
<arg>TN</arg>
<arg>TO</arg>
<arg>TR</arg>
<arg>TT</arg>
<arg>TV</arg>
<arg>TW</arg>
<arg>TZ</arg>
<arg>UA</arg>
<arg>UG</arg>
<arg>UM</arg>
<arg>US</arg>
<arg>UY</arg>
<arg>UZ</arg>
<arg>VA</arg>
<arg>VC</arg>
<arg>VE</arg>
<arg>VG</arg>
<arg>VI</arg>
<arg>VN</arg>
<arg>VU</arg>
<arg>WF</arg>
<arg>WS</arg>
<arg>XK</arg>
<arg>YE</arg>
<arg>YT</arg>
<arg>ZA</arg>
<arg>ZM</arg>
<arg>ZW</arg>
<doc>Returns a list containing given items.</doc>
<status status="PASS" start="2024-07-26T06:21:59.694794" elapsed="0.000645"/>
</kw>
<kw name="List Should Contain Value" owner="Collections">
<arg>${list_country}</arg>
<arg>${name_country}</arg>
<doc>Fails if the ``value`` is not found from ``list``.</doc>
<status status="PASS" start="2024-07-26T06:21:59.696367" elapsed="0.000209"/>
</kw>
<kw name="Run Keyword If" owner="BuiltIn">
<kw name="Should Be True" owner="BuiltIn">
<arg>${True}</arg>
<doc>Fails if the given condition is not true.</doc>
<status status="PASS" start="2024-07-26T06:21:59.697513" elapsed="0.000141"/>
</kw>
<arg>${json_data["results"][0]["location"]["coordinates"]["latitude"]} &gt;= -90 and ${json_data["results"][0]["location"]["coordinates"]["latitude"]} &lt;= 90</arg>
<arg>Should Be True</arg>
<arg>${True}</arg>
<doc>Runs the given keyword with the given arguments, if ``condition`` is true.</doc>
<status status="PASS" start="2024-07-26T06:21:59.696772" elapsed="0.001006"/>
</kw>
<kw name="Run Keyword If" owner="BuiltIn">
<kw name="Should Be True" owner="BuiltIn">
<arg>${True}</arg>
<doc>Fails if the given condition is not true.</doc>
<status status="PASS" start="2024-07-26T06:21:59.698655" elapsed="0.000137"/>
</kw>
<arg>${json_data["results"][0]["location"]["coordinates"]["longitude"]} &gt;= -180 and ${json_data["results"][0]["location"]["coordinates"]["longitude"]} &lt;= 180</arg>
<arg>Should Be True</arg>
<arg>${True}</arg>
<doc>Runs the given keyword with the given arguments, if ``condition`` is true.</doc>
<status status="PASS" start="2024-07-26T06:21:59.697967" elapsed="0.000973"/>
</kw>
<status status="PASS" start="2024-07-26T06:21:59.589845" elapsed="0.109234"/>
</kw>
<doc>Testa o conteúdo específico dos campos retornados pela API.</doc>
<tag>testeConteudo</tag>
<status status="PASS" start="2024-07-26T06:21:59.589341" elapsed="0.109880"/>
</test>
<status status="PASS" start="2024-07-26T06:21:58.605936" elapsed="1.095135"/>
</suite>
<status status="PASS" start="2024-07-26T06:21:58.591525" elapsed="1.114511"/>
</suite>
<statistics>
<total>
<stat pass="5" fail="0" skip="0">All Tests</stat>
</total>
<tag>
<stat pass="1" fail="0" skip="0">testeConteudo</stat>
<stat pass="1" fail="0" skip="0">testeEstruturaResposta</stat>
<stat pass="1" fail="0" skip="0">testeRequisicaoBasica</stat>
<stat pass="1" fail="0" skip="0">testeTiposDados</stat>
</tag>
<suite>
<stat pass="5" fail="0" skip="0" id="s1" name="Tests">Tests</stat>
<stat pass="5" fail="0" skip="0" id="s1-s1" name="Random-User-Test">Tests.Random-User-Test</stat>
</suite>
</statistics>
<errors>
</errors>
</robot>
