<?xml version="1.0" encoding="UTF-8"?>
<robot generator="Robot 7.0 (Python 3.12.2 on linux)" generated="2024-04-14T03:15:30.196223" rpa="false" schemaversion="5">
<suite id="s1" name="Tests" source="/home/runner/work/DesafioQAItauRogerioJordao/DesafioQAItauRogerioJordao/RamdonUser/tests">
<suite id="s1-s1" name="Random-User-Test" source="/home/runner/work/DesafioQAItauRogerioJordao/DesafioQAItauRogerioJordao/RamdonUser/tests/random-user-test.robot">
<test id="s1-s1-t1" name="Conectar" line="13">
<kw name="Conectar API" owner="random-user-service">
<kw name="Create Session" owner="RequestsLibrary">
<msg time="2024-04-14T03:15:30.586971" level="INFO">Creating Session using : alias=consultarAPI, url=https://randomuser.me/, headers={},                     cookies={}, auth=None, timeout=None, proxies=None, verify=False,                     debug=0 </msg>
<arg>consultarAPI</arg>
<arg>${URL}</arg>
<doc>Create Session: create a HTTP session to a server</doc>
<status status="PASS" start="2024-04-14T03:15:30.586754" elapsed="0.000427"/>
</kw>
<status status="PASS" start="2024-04-14T03:15:30.585631" elapsed="0.001938"/>
</kw>
<status status="PASS" start="2024-04-14T03:15:30.585029" elapsed="0.002748"/>
</test>
<test id="s1-s1-t2" name="Validar retorno 200 e JSON Válido" line="16">
<kw name="Teste de Requisicao Basica" owner="random-user-service">
<kw name="GET On Session" owner="RequestsLibrary">
<msg time="2024-04-14T03:15:30.713746" level="INFO">GET Request : url=https://randomuser.me/api 
 path_url=/api 
 headers={'User-Agent': 'python-requests/2.31.0', 'Accept-Encoding': 'gzip, deflate', 'Accept': '*/*', 'Connection': 'keep-alive'} 
 body=None 
 </msg>
<msg time="2024-04-14T03:15:30.713941" level="INFO">GET Response : url=https://randomuser.me/api 
 status=200, reason=OK 
 headers={'Date': 'Sun, 14 Apr 2024 03:15:30 GMT', 'Content-Type': 'application/json; charset=utf-8', 'Transfer-Encoding': 'chunked', 'Connection': 'keep-alive', 'X-Powered-By': 'Express', 'Access-Control-Allow-Origin': '*', 'Cache-Control': 'no-cache', 'ETag': 'W/"475-ANFIAGNHNwa0bfyyUHwr0jWJKt8"', 'Vary': 'Accept-Encoding', 'Content-Encoding': 'gzip', 'CF-Cache-Status': 'DYNAMIC', 'Report-To': '{"endpoints":[{"url":"https:\\/\\/a.nel.cloudflare.com\\/report\\/v4?s=J%2FbhZR8wm84jP5ZrlEPT773pP8wwEDV0kabNzA5hRZ4FyAlcvPRef1sPmKHFA0%2FG%2FYF8JA4pmKuCt%2FOaA%2BfaxNUNmwN%2B%2BAHqI4X2pkL4%2BI2uH0iO0dDrDOPp67TIWMUr"}],"group":"cf-nel","max_age":604800}', 'NEL': '{"success_fraction":0,"report_to":"cf-nel","max_age":604800}', 'Server': 'cloudflare', 'CF-RAY': '874088246cc8f9cc-SJC', 'alt-svc': 'h3=":443"; ma=86400'} 
 body={"results":[{"gender":"male","name":{"title":"Mr","first":"Magnus","last":"Kristensen"},"location":{"street":{"number":9742,"name":"Hyldevej"},"city":"Ugerløse","state":"Syddanmark","country":"Denmark","postcode":55552,"coordinates":{"latitude":"-43.9783","longitude":"-103.0196"},"timezone":{"offset":"+5:45","description":"Kathmandu"}},"email":"magnus.kristensen@example.com","login":{"uuid":"86bf5ee8-21fa-4d82-bec6-8048d9cace0d","username":"silvergorilla605","password":"towers","salt":"lg7P2FjS","md5":"7581416885a0474102953f695f7385ae","sha1":"6d290b7fd3dfada1cd1ba3b69a6fadd0e89dc0f3","sha256":"4bc659f875cbe2ebef9afa54ed1ce44198277d38021e4b9f6c1e8ee70081b4c1"},"dob":{"date":"1946-08-03T13:18:47.657Z","age":77},"registered":{"date":"2008-03-03T14:07:46.399Z","age":16},"phone":"85768908","cell":"53263965","id":{"name":"CPR","value":"030846-0059"},"picture":{"large":"https://randomuser.me/api/portraits/men/53.jpg","medium":"https://randomuser.me/api/portraits/med/men/53.jpg","thumbnail":"https://randomuser.me/api/portraits/thumb/men/53.jpg"},"nat":"DK"}],"info":{"seed":"d7f8299d0c5db796","results":1,"page":1,"version":"1.4"}} 
 </msg>
<msg time="2024-04-14T03:15:30.714061" level="INFO">/opt/hostedtoolcache/Python/3.12.2/x64/lib/python3.12/site-packages/urllib3/connectionpool.py:1103: InsecureRequestWarning: Unverified HTTPS request is being made to host 'randomuser.me'. Adding certificate verification is strongly advised. See: https://urllib3.readthedocs.io/en/latest/advanced-usage.html#tls-warnings
  warnings.warn(</msg>
<msg time="2024-04-14T03:15:30.714259" level="INFO">${response} = &lt;Response [200]&gt;</msg>
<var>${response}</var>
<arg>consultarAPI</arg>
<arg>/api</arg>
<doc>Sends a GET request on a previously created HTTP Session.</doc>
<status status="PASS" start="2024-04-14T03:15:30.590499" elapsed="0.123803"/>
</kw>
<kw name="Should Be Equal As Numbers" owner="BuiltIn">
<msg time="2024-04-14T03:15:30.715486" level="INFO">Argument types are:
&lt;class 'int'&gt;
&lt;class 'str'&gt;</msg>
<arg>${response.status_code}</arg>
<arg>200</arg>
<doc>Fails if objects are unequal after converting them to real numbers.</doc>
<status status="PASS" start="2024-04-14T03:15:30.714957" elapsed="0.000605"/>
</kw>
<kw name="Log" owner="BuiltIn">
<msg time="2024-04-14T03:15:30.716399" level="INFO">200</msg>
<arg>${response.status_code}</arg>
<doc>Logs the given message with the given level.</doc>
<status status="PASS" start="2024-04-14T03:15:30.715992" elapsed="0.000452"/>
</kw>
<kw name="Set Variable" owner="BuiltIn">
<msg time="2024-04-14T03:15:30.717294" level="INFO">${json_data} = {'results': [{'gender': 'male', 'name': {'title': 'Mr', 'first': 'Magnus', 'last': 'Kristensen'}, 'location': {'street': {'number': 9742, 'name': 'Hyldevej'}, 'city': 'Ugerløse', 'state': 'Syddanmark'...</msg>
<var>${json_data}</var>
<arg>${response.json()}</arg>
<doc>Returns the given values which can then be assigned to a variables.</doc>
<status status="PASS" start="2024-04-14T03:15:30.716807" elapsed="0.000517"/>
</kw>
<kw name="Dictionary Should Contain Key" owner="Collections">
<msg time="2024-04-14T03:15:30.717822" level="INFO">False</msg>
<arg>${json_data}</arg>
<arg>results</arg>
<doc>Fails if ``key`` is not found from ``dictionary``.</doc>
<status status="PASS" start="2024-04-14T03:15:30.717642" elapsed="0.000226"/>
</kw>
<status status="PASS" start="2024-04-14T03:15:30.590227" elapsed="0.127918"/>
</kw>
<doc>Testa se a API responde corretamente e retorna um objeto JSON válido.</doc>
<tag>testeRequisicaoBasica</tag>
<status status="PASS" start="2024-04-14T03:15:30.589693" elapsed="0.128652"/>
</test>
<test id="s1-s1-t3" name="Validar estrutura de resposta" line="22">
<kw name="Teste de Estrutura de Resposta" owner="random-user-service">
<kw name="GET On Session" owner="RequestsLibrary">
<msg time="2024-04-14T03:15:30.809551" level="INFO">GET Request : url=https://randomuser.me/api 
 path_url=/api 
 headers={'User-Agent': 'python-requests/2.31.0', 'Accept-Encoding': 'gzip, deflate', 'Accept': '*/*', 'Connection': 'keep-alive'} 
 body=None 
 </msg>
<msg time="2024-04-14T03:15:30.809677" level="INFO">GET Response : url=https://randomuser.me/api 
 status=200, reason=OK 
 headers={'Date': 'Sun, 14 Apr 2024 03:15:30 GMT', 'Content-Type': 'application/json; charset=utf-8', 'Transfer-Encoding': 'chunked', 'Connection': 'keep-alive', 'X-Powered-By': 'Express', 'Access-Control-Allow-Origin': '*', 'Cache-Control': 'no-cache', 'ETag': 'W/"496-xaJmMFEpwLdvbDMdt1wWBLVuIt8"', 'Vary': 'Accept-Encoding', 'Content-Encoding': 'gzip', 'CF-Cache-Status': 'DYNAMIC', 'Report-To': '{"endpoints":[{"url":"https:\\/\\/a.nel.cloudflare.com\\/report\\/v4?s=1s11%2FOX9FFKmSBQPfSgaFPHP9OdWAiep4OsgDPmNKFH4Su3x%2Fihy6z5zt8EhqBIrZVahQNurJXtDBw2BpCegEOt4LErhln7kp6vdunlWfyoq9b3uixIXu6a86sJrihxv"}],"group":"cf-nel","max_age":604800}', 'NEL': '{"success_fraction":0,"report_to":"cf-nel","max_age":604800}', 'Server': 'cloudflare', 'CF-RAY': '874088250d4ef9cc-SJC', 'alt-svc': 'h3=":443"; ma=86400'} 
 body={"results":[{"gender":"male","name":{"title":"Mr","first":"Salvador","last":"Hidalgo"},"location":{"street":{"number":3313,"name":"Calle de Toledo"},"city":"Málaga","state":"La Rioja","country":"Spain","postcode":32238,"coordinates":{"latitude":"-31.7954","longitude":"-163.3897"},"timezone":{"offset":"+3:00","description":"Baghdad, Riyadh, Moscow, St. Petersburg"}},"email":"salvador.hidalgo@example.com","login":{"uuid":"e685a8b3-423e-4e24-8346-fcdff1e9a8b2","username":"browngorilla962","password":"collins","salt":"pjp66lsc","md5":"af584682ac78baa9973cf83b0f7db044","sha1":"e52047186424b83da52382fdd89dc344212188c9","sha256":"243313962f4c29b63867ea93b74cee348969216e1f2d00a52fa58042444d0983"},"dob":{"date":"1987-05-19T00:19:01.946Z","age":36},"registered":{"date":"2018-08-21T15:24:19.123Z","age":5},"phone":"991-956-571","cell":"643-692-245","id":{"name":"DNI","value":"76569917-U"},"picture":{"large":"https://randomuser.me/api/portraits/men/94.jpg","medium":"https://randomuser.me/api/portraits/med/men/94.jpg","thumbnail":"https://randomuser.me/api/portraits/thumb/men/94.jpg"},"nat":"ES"}],"info":{"seed":"ef13dc98ed1545e5","results":1,"page":1,"version":"1.4"}} 
 </msg>
<msg time="2024-04-14T03:15:30.809868" level="INFO">/opt/hostedtoolcache/Python/3.12.2/x64/lib/python3.12/site-packages/urllib3/connectionpool.py:1103: InsecureRequestWarning: Unverified HTTPS request is being made to host 'randomuser.me'. Adding certificate verification is strongly advised. See: https://urllib3.readthedocs.io/en/latest/advanced-usage.html#tls-warnings
  warnings.warn(</msg>
<msg time="2024-04-14T03:15:30.810046" level="INFO">${response} = &lt;Response [200]&gt;</msg>
<var>${response}</var>
<arg>consultarAPI</arg>
<arg>/api</arg>
<doc>Sends a GET request on a previously created HTTP Session.</doc>
<status status="PASS" start="2024-04-14T03:15:30.721413" elapsed="0.088686"/>
</kw>
<kw name="Set Variable" owner="BuiltIn">
<msg time="2024-04-14T03:15:30.811314" level="INFO">${json_data} = {'results': [{'gender': 'male', 'name': {'title': 'Mr', 'first': 'Salvador', 'last': 'Hidalgo'}, 'location': {'street': {'number': 3313, 'name': 'Calle de Toledo'}, 'city': 'Málaga', 'state': 'La Rioj...</msg>
<var>${json_data}</var>
<arg>${response.json()}</arg>
<doc>Returns the given values which can then be assigned to a variables.</doc>
<status status="PASS" start="2024-04-14T03:15:30.810691" elapsed="0.000654"/>
</kw>
<kw name="Log" owner="BuiltIn">
<msg time="2024-04-14T03:15:30.811850" level="INFO">{'results': [{'gender': 'male', 'name': {'title': 'Mr', 'first': 'Salvador', 'last': 'Hidalgo'}, 'location': {'street': {'number': 3313, 'name': 'Calle de Toledo'}, 'city': 'Málaga', 'state': 'La Rioja', 'country': 'Spain', 'postcode': 32238, 'coordinates': {'latitude': '-31.7954', 'longitude': '-163.3897'}, 'timezone': {'offset': '+3:00', 'description': 'Baghdad, Riyadh, Moscow, St. Petersburg'}}, 'email': 'salvador.hidalgo@example.com', 'login': {'uuid': 'e685a8b3-423e-4e24-8346-fcdff1e9a8b2', 'username': 'browngorilla962', 'password': 'collins', 'salt': 'pjp66lsc', 'md5': 'af584682ac78baa9973cf83b0f7db044', 'sha1': 'e52047186424b83da52382fdd89dc344212188c9', 'sha256': '243313962f4c29b63867ea93b74cee348969216e1f2d00a52fa58042444d0983'}, 'dob': {'date': '1987-05-19T00:19:01.946Z', 'age': 36}, 'registered': {'date': '2018-08-21T15:24:19.123Z', 'age': 5}, 'phone': '991-956-571', 'cell': '643-692-245', 'id': {'name': 'DNI', 'value': '76569917-U'}, 'picture': {'large': 'https://randomuser.me/api/portraits/men/94.jpg', 'medium': 'https://randomuser.me/api/portraits/med/men/94.jpg', 'thumbnail': 'https://randomuser.me/api/portraits/thumb/men/94.jpg'}, 'nat': 'ES'}], 'info': {'seed': 'ef13dc98ed1545e5', 'results': 1, 'page': 1, 'version': '1.4'}}</msg>
<arg>${json_data}</arg>
<doc>Logs the given message with the given level.</doc>
<status status="PASS" start="2024-04-14T03:15:30.811678" elapsed="0.000276"/>
</kw>
<kw name="Dictionary Should Contain Key" owner="Collections">
<msg time="2024-04-14T03:15:30.812439" level="INFO">False</msg>
<arg>${json_data}</arg>
<arg>results</arg>
<doc>Fails if ``key`` is not found from ``dictionary``.</doc>
<status status="PASS" start="2024-04-14T03:15:30.812276" elapsed="0.000208"/>
</kw>
<kw name="Should Not Be Empty" owner="BuiltIn">
<msg time="2024-04-14T03:15:30.812923" level="INFO">Length is 2.</msg>
<arg>${json_data}</arg>
<doc>Verifies that the given item is not empty.</doc>
<status status="PASS" start="2024-04-14T03:15:30.812784" elapsed="0.000179"/>
</kw>
<kw name="Create List" owner="BuiltIn">
<msg time="2024-04-14T03:15:30.813432" level="INFO">${expected_keys} = ['gender', 'name', 'location', 'email', 'login']</msg>
<var>${expected_keys}</var>
<arg>gender</arg>
<arg>name</arg>
<arg>location</arg>
<arg>email</arg>
<arg>login</arg>
<doc>Returns a list containing given items.</doc>
<status status="PASS" start="2024-04-14T03:15:30.813273" elapsed="0.000186"/>
</kw>
<for flavor="IN">
<iter>
<kw name="Dictionary Should Contain Key" owner="Collections">
<msg time="2024-04-14T03:15:30.814491" level="INFO">False</msg>
<arg>${json_data['results'][0]}</arg>
<arg>${key}</arg>
<doc>Fails if ``key`` is not found from ``dictionary``.</doc>
<status status="PASS" start="2024-04-14T03:15:30.814067" elapsed="0.000464"/>
</kw>
<kw name="Log" owner="BuiltIn">
<msg time="2024-04-14T03:15:30.815222" level="INFO">{'gender': 'male', 'name': {'title': 'Mr', 'first': 'Salvador', 'last': 'Hidalgo'}, 'location': {'street': {'number': 3313, 'name': 'Calle de Toledo'}, 'city': 'Málaga', 'state': 'La Rioja', 'country': 'Spain', 'postcode': 32238, 'coordinates': {'latitude': '-31.7954', 'longitude': '-163.3897'}, 'timezone': {'offset': '+3:00', 'description': 'Baghdad, Riyadh, Moscow, St. Petersburg'}}, 'email': 'salvador.hidalgo@example.com', 'login': {'uuid': 'e685a8b3-423e-4e24-8346-fcdff1e9a8b2', 'username': 'browngorilla962', 'password': 'collins', 'salt': 'pjp66lsc', 'md5': 'af584682ac78baa9973cf83b0f7db044', 'sha1': 'e52047186424b83da52382fdd89dc344212188c9', 'sha256': '243313962f4c29b63867ea93b74cee348969216e1f2d00a52fa58042444d0983'}, 'dob': {'date': '1987-05-19T00:19:01.946Z', 'age': 36}, 'registered': {'date': '2018-08-21T15:24:19.123Z', 'age': 5}, 'phone': '991-956-571', 'cell': '643-692-245', 'id': {'name': 'DNI', 'value': '76569917-U'}, 'picture': {'large': 'https://randomuser.me/api/portraits/men/94.jpg', 'medium': 'https://randomuser.me/api/portraits/med/men/94.jpg', 'thumbnail': 'https://randomuser.me/api/portraits/thumb/men/94.jpg'}, 'nat': 'ES'}</msg>
<arg>${json_data['results'][0]}</arg>
<doc>Logs the given message with the given level.</doc>
<status status="PASS" start="2024-04-14T03:15:30.814843" elapsed="0.000432"/>
</kw>
<kw name="Log" owner="BuiltIn">
<msg time="2024-04-14T03:15:30.815729" level="INFO">gender</msg>
<arg>${key}</arg>
<doc>Logs the given message with the given level.</doc>
<status status="PASS" start="2024-04-14T03:15:30.815596" elapsed="0.000174"/>
</kw>
<var name="${key}">gender</var>
<status status="PASS" start="2024-04-14T03:15:30.813938" elapsed="0.002146"/>
</iter>
<iter>
<kw name="Dictionary Should Contain Key" owner="Collections">
<msg time="2024-04-14T03:15:30.816806" level="INFO">False</msg>
<arg>${json_data['results'][0]}</arg>
<arg>${key}</arg>
<doc>Fails if ``key`` is not found from ``dictionary``.</doc>
<status status="PASS" start="2024-04-14T03:15:30.816415" elapsed="0.000430"/>
</kw>
<kw name="Log" owner="BuiltIn">
<msg time="2024-04-14T03:15:30.817564" level="INFO">{'gender': 'male', 'name': {'title': 'Mr', 'first': 'Salvador', 'last': 'Hidalgo'}, 'location': {'street': {'number': 3313, 'name': 'Calle de Toledo'}, 'city': 'Málaga', 'state': 'La Rioja', 'country': 'Spain', 'postcode': 32238, 'coordinates': {'latitude': '-31.7954', 'longitude': '-163.3897'}, 'timezone': {'offset': '+3:00', 'description': 'Baghdad, Riyadh, Moscow, St. Petersburg'}}, 'email': 'salvador.hidalgo@example.com', 'login': {'uuid': 'e685a8b3-423e-4e24-8346-fcdff1e9a8b2', 'username': 'browngorilla962', 'password': 'collins', 'salt': 'pjp66lsc', 'md5': 'af584682ac78baa9973cf83b0f7db044', 'sha1': 'e52047186424b83da52382fdd89dc344212188c9', 'sha256': '243313962f4c29b63867ea93b74cee348969216e1f2d00a52fa58042444d0983'}, 'dob': {'date': '1987-05-19T00:19:01.946Z', 'age': 36}, 'registered': {'date': '2018-08-21T15:24:19.123Z', 'age': 5}, 'phone': '991-956-571', 'cell': '643-692-245', 'id': {'name': 'DNI', 'value': '76569917-U'}, 'picture': {'large': 'https://randomuser.me/api/portraits/men/94.jpg', 'medium': 'https://randomuser.me/api/portraits/med/men/94.jpg', 'thumbnail': 'https://randomuser.me/api/portraits/thumb/men/94.jpg'}, 'nat': 'ES'}</msg>
<arg>${json_data['results'][0]}</arg>
<doc>Logs the given message with the given level.</doc>
<status status="PASS" start="2024-04-14T03:15:30.817183" elapsed="0.000437"/>
</kw>
<kw name="Log" owner="BuiltIn">
<msg time="2024-04-14T03:15:30.818178" level="INFO">name</msg>
<arg>${key}</arg>
<doc>Logs the given message with the given level.</doc>
<status status="PASS" start="2024-04-14T03:15:30.817989" elapsed="0.000246"/>
</kw>
<var name="${key}">name</var>
<status status="PASS" start="2024-04-14T03:15:30.816295" elapsed="0.002244"/>
</iter>
<iter>
<kw name="Dictionary Should Contain Key" owner="Collections">
<msg time="2024-04-14T03:15:30.819396" level="INFO">False</msg>
<arg>${json_data['results'][0]}</arg>
<arg>${key}</arg>
<doc>Fails if ``key`` is not found from ``dictionary``.</doc>
<status status="PASS" start="2024-04-14T03:15:30.818987" elapsed="0.000448"/>
</kw>
<kw name="Log" owner="BuiltIn">
<msg time="2024-04-14T03:15:30.820164" level="INFO">{'gender': 'male', 'name': {'title': 'Mr', 'first': 'Salvador', 'last': 'Hidalgo'}, 'location': {'street': {'number': 3313, 'name': 'Calle de Toledo'}, 'city': 'Málaga', 'state': 'La Rioja', 'country': 'Spain', 'postcode': 32238, 'coordinates': {'latitude': '-31.7954', 'longitude': '-163.3897'}, 'timezone': {'offset': '+3:00', 'description': 'Baghdad, Riyadh, Moscow, St. Petersburg'}}, 'email': 'salvador.hidalgo@example.com', 'login': {'uuid': 'e685a8b3-423e-4e24-8346-fcdff1e9a8b2', 'username': 'browngorilla962', 'password': 'collins', 'salt': 'pjp66lsc', 'md5': 'af584682ac78baa9973cf83b0f7db044', 'sha1': 'e52047186424b83da52382fdd89dc344212188c9', 'sha256': '243313962f4c29b63867ea93b74cee348969216e1f2d00a52fa58042444d0983'}, 'dob': {'date': '1987-05-19T00:19:01.946Z', 'age': 36}, 'registered': {'date': '2018-08-21T15:24:19.123Z', 'age': 5}, 'phone': '991-956-571', 'cell': '643-692-245', 'id': {'name': 'DNI', 'value': '76569917-U'}, 'picture': {'large': 'https://randomuser.me/api/portraits/men/94.jpg', 'medium': 'https://randomuser.me/api/portraits/med/men/94.jpg', 'thumbnail': 'https://randomuser.me/api/portraits/thumb/men/94.jpg'}, 'nat': 'ES'}</msg>
<arg>${json_data['results'][0]}</arg>
<doc>Logs the given message with the given level.</doc>
<status status="PASS" start="2024-04-14T03:15:30.819742" elapsed="0.000474"/>
</kw>
<kw name="Log" owner="BuiltIn">
<msg time="2024-04-14T03:15:30.820656" level="INFO">location</msg>
<arg>${key}</arg>
<doc>Logs the given message with the given level.</doc>
<status status="PASS" start="2024-04-14T03:15:30.820524" elapsed="0.000172"/>
</kw>
<var name="${key}">location</var>
<status status="PASS" start="2024-04-14T03:15:30.818817" elapsed="0.002102"/>
</iter>
<iter>
<kw name="Dictionary Should Contain Key" owner="Collections">
<msg time="2024-04-14T03:15:30.821622" level="INFO">False</msg>
<arg>${json_data['results'][0]}</arg>
<arg>${key}</arg>
<doc>Fails if ``key`` is not found from ``dictionary``.</doc>
<status status="PASS" start="2024-04-14T03:15:30.821218" elapsed="0.000454"/>
</kw>
<kw name="Log" owner="BuiltIn">
<msg time="2024-04-14T03:15:30.822352" level="INFO">{'gender': 'male', 'name': {'title': 'Mr', 'first': 'Salvador', 'last': 'Hidalgo'}, 'location': {'street': {'number': 3313, 'name': 'Calle de Toledo'}, 'city': 'Málaga', 'state': 'La Rioja', 'country': 'Spain', 'postcode': 32238, 'coordinates': {'latitude': '-31.7954', 'longitude': '-163.3897'}, 'timezone': {'offset': '+3:00', 'description': 'Baghdad, Riyadh, Moscow, St. Petersburg'}}, 'email': 'salvador.hidalgo@example.com', 'login': {'uuid': 'e685a8b3-423e-4e24-8346-fcdff1e9a8b2', 'username': 'browngorilla962', 'password': 'collins', 'salt': 'pjp66lsc', 'md5': 'af584682ac78baa9973cf83b0f7db044', 'sha1': 'e52047186424b83da52382fdd89dc344212188c9', 'sha256': '243313962f4c29b63867ea93b74cee348969216e1f2d00a52fa58042444d0983'}, 'dob': {'date': '1987-05-19T00:19:01.946Z', 'age': 36}, 'registered': {'date': '2018-08-21T15:24:19.123Z', 'age': 5}, 'phone': '991-956-571', 'cell': '643-692-245', 'id': {'name': 'DNI', 'value': '76569917-U'}, 'picture': {'large': 'https://randomuser.me/api/portraits/men/94.jpg', 'medium': 'https://randomuser.me/api/portraits/med/men/94.jpg', 'thumbnail': 'https://randomuser.me/api/portraits/thumb/men/94.jpg'}, 'nat': 'ES'}</msg>
<arg>${json_data['results'][0]}</arg>
<doc>Logs the given message with the given level.</doc>
<status status="PASS" start="2024-04-14T03:15:30.821980" elapsed="0.000424"/>
</kw>
<kw name="Log" owner="BuiltIn">
<msg time="2024-04-14T03:15:30.822841" level="INFO">email</msg>
<arg>${key}</arg>
<doc>Logs the given message with the given level.</doc>
<status status="PASS" start="2024-04-14T03:15:30.822711" elapsed="0.000169"/>
</kw>
<var name="${key}">email</var>
<status status="PASS" start="2024-04-14T03:15:30.821100" elapsed="0.002000"/>
</iter>
<iter>
<kw name="Dictionary Should Contain Key" owner="Collections">
<msg time="2024-04-14T03:15:30.823781" level="INFO">False</msg>
<arg>${json_data['results'][0]}</arg>
<arg>${key}</arg>
<doc>Fails if ``key`` is not found from ``dictionary``.</doc>
<status status="PASS" start="2024-04-14T03:15:30.823391" elapsed="0.000429"/>
</kw>
<kw name="Log" owner="BuiltIn">
<msg time="2024-04-14T03:15:30.824535" level="INFO">{'gender': 'male', 'name': {'title': 'Mr', 'first': 'Salvador', 'last': 'Hidalgo'}, 'location': {'street': {'number': 3313, 'name': 'Calle de Toledo'}, 'city': 'Málaga', 'state': 'La Rioja', 'country': 'Spain', 'postcode': 32238, 'coordinates': {'latitude': '-31.7954', 'longitude': '-163.3897'}, 'timezone': {'offset': '+3:00', 'description': 'Baghdad, Riyadh, Moscow, St. Petersburg'}}, 'email': 'salvador.hidalgo@example.com', 'login': {'uuid': 'e685a8b3-423e-4e24-8346-fcdff1e9a8b2', 'username': 'browngorilla962', 'password': 'collins', 'salt': 'pjp66lsc', 'md5': 'af584682ac78baa9973cf83b0f7db044', 'sha1': 'e52047186424b83da52382fdd89dc344212188c9', 'sha256': '243313962f4c29b63867ea93b74cee348969216e1f2d00a52fa58042444d0983'}, 'dob': {'date': '1987-05-19T00:19:01.946Z', 'age': 36}, 'registered': {'date': '2018-08-21T15:24:19.123Z', 'age': 5}, 'phone': '991-956-571', 'cell': '643-692-245', 'id': {'name': 'DNI', 'value': '76569917-U'}, 'picture': {'large': 'https://randomuser.me/api/portraits/men/94.jpg', 'medium': 'https://randomuser.me/api/portraits/med/men/94.jpg', 'thumbnail': 'https://randomuser.me/api/portraits/thumb/men/94.jpg'}, 'nat': 'ES'}</msg>
<arg>${json_data['results'][0]}</arg>
<doc>Logs the given message with the given level.</doc>
<status status="PASS" start="2024-04-14T03:15:30.824173" elapsed="0.000413"/>
</kw>
<kw name="Log" owner="BuiltIn">
<msg time="2024-04-14T03:15:30.825016" level="INFO">login</msg>
<arg>${key}</arg>
<doc>Logs the given message with the given level.</doc>
<status status="PASS" start="2024-04-14T03:15:30.824887" elapsed="0.000169"/>
</kw>
<var name="${key}">login</var>
<status status="PASS" start="2024-04-14T03:15:30.823279" elapsed="0.002026"/>
</iter>
<var>${key}</var>
<value>@{expected_keys}</value>
<status status="PASS" start="2024-04-14T03:15:30.813730" elapsed="0.011706"/>
</for>
<kw name="Create List" owner="BuiltIn">
<msg time="2024-04-14T03:15:30.825791" level="INFO">${expected_keysTwo} = ['username', 'password']</msg>
<var>${expected_keysTwo}</var>
<arg>username</arg>
<arg>password</arg>
<doc>Returns a list containing given items.</doc>
<status status="PASS" start="2024-04-14T03:15:30.825646" elapsed="0.000170"/>
</kw>
<for flavor="IN">
<iter>
<kw name="Dictionary Should Contain Key" owner="Collections">
<msg time="2024-04-14T03:15:30.826867" level="INFO">False</msg>
<arg>${json_data['results'][0]['login']}</arg>
<arg>${keyTwo}</arg>
<doc>Fails if ``key`` is not found from ``dictionary``.</doc>
<status status="PASS" start="2024-04-14T03:15:30.826478" elapsed="0.000427"/>
</kw>
<kw name="Dictionary Should Contain Key" owner="Collections">
<msg time="2024-04-14T03:15:30.827595" level="INFO">False</msg>
<arg>${json_data['results'][0]['login']}</arg>
<arg>${keyTwo}</arg>
<doc>Fails if ``key`` is not found from ``dictionary``.</doc>
<status status="PASS" start="2024-04-14T03:15:30.827207" elapsed="0.000427"/>
</kw>
<kw name="Log" owner="BuiltIn">
<msg time="2024-04-14T03:15:30.828104" level="INFO">username</msg>
<arg>${keyTwo}</arg>
<doc>Logs the given message with the given level.</doc>
<status status="PASS" start="2024-04-14T03:15:30.827970" elapsed="0.000172"/>
</kw>
<var name="${keyTwo}">username</var>
<status status="PASS" start="2024-04-14T03:15:30.826363" elapsed="0.001999"/>
</iter>
<iter>
<kw name="Dictionary Should Contain Key" owner="Collections">
<msg time="2024-04-14T03:15:30.829033" level="INFO">False</msg>
<arg>${json_data['results'][0]['login']}</arg>
<arg>${keyTwo}</arg>
<doc>Fails if ``key`` is not found from ``dictionary``.</doc>
<status status="PASS" start="2024-04-14T03:15:30.828654" elapsed="0.000417"/>
</kw>
<kw name="Dictionary Should Contain Key" owner="Collections">
<msg time="2024-04-14T03:15:30.829763" level="INFO">False</msg>
<arg>${json_data['results'][0]['login']}</arg>
<arg>${keyTwo}</arg>
<doc>Fails if ``key`` is not found from ``dictionary``.</doc>
<status status="PASS" start="2024-04-14T03:15:30.829369" elapsed="0.000432"/>
</kw>
<kw name="Log" owner="BuiltIn">
<msg time="2024-04-14T03:15:30.830235" level="INFO">password</msg>
<arg>${keyTwo}</arg>
<doc>Logs the given message with the given level.</doc>
<status status="PASS" start="2024-04-14T03:15:30.830105" elapsed="0.000170"/>
</kw>
<var name="${keyTwo}">password</var>
<status status="PASS" start="2024-04-14T03:15:30.828541" elapsed="0.001956"/>
</iter>
<var>${keyTwo}</var>
<value>@{expected_keysTwo}</value>
<status status="PASS" start="2024-04-14T03:15:30.826062" elapsed="0.004560"/>
</for>
<status status="PASS" start="2024-04-14T03:15:30.721155" elapsed="0.109619"/>
</kw>
<doc>Testa a estrutura da resposta da API.</doc>
<tag>testeEstruturaResposta</tag>
<status status="PASS" start="2024-04-14T03:15:30.720286" elapsed="0.110666"/>
</test>
<test id="s1-s1-t4" name="Validar tipos de dados" line="28">
<kw name="Teste de Tipos de Dados" owner="random-user-service">
<kw name="GET On Session" owner="RequestsLibrary">
<msg time="2024-04-14T03:15:30.918853" level="INFO">GET Request : url=https://randomuser.me/api 
 path_url=/api 
 headers={'User-Agent': 'python-requests/2.31.0', 'Accept-Encoding': 'gzip, deflate', 'Accept': '*/*', 'Connection': 'keep-alive'} 
 body=None 
 </msg>
<msg time="2024-04-14T03:15:30.918961" level="INFO">GET Response : url=https://randomuser.me/api 
 status=200, reason=OK 
 headers={'Date': 'Sun, 14 Apr 2024 03:15:30 GMT', 'Content-Type': 'application/json; charset=utf-8', 'Transfer-Encoding': 'chunked', 'Connection': 'keep-alive', 'X-Powered-By': 'Express', 'Access-Control-Allow-Origin': '*', 'Cache-Control': 'no-cache', 'ETag': 'W/"48a-XxRqV5Hxcq305yv4DEV7b/UQQ/M"', 'Vary': 'Accept-Encoding', 'Content-Encoding': 'gzip', 'CF-Cache-Status': 'DYNAMIC', 'Report-To': '{"endpoints":[{"url":"https:\\/\\/a.nel.cloudflare.com\\/report\\/v4?s=TRDFt7%2BUcgASoypSU77Qib3%2FC9RPJWj7Ue5V1HixH9begI%2FS6N%2F37y%2FRWNX656QN3s7oP8zhLDrL%2FOcQaQzDf5GjZhBG%2FtBraSMISAbC5%2BJTdpSnlAOtB%2BRSEEsTxQWZ"}],"group":"cf-nel","max_age":604800}', 'NEL': '{"success_fraction":0,"report_to":"cf-nel","max_age":604800}', 'Server': 'cloudflare', 'CF-RAY': '87408825be0af9cc-SJC', 'alt-svc': 'h3=":443"; ma=86400'} 
 body={"results":[{"gender":"male","name":{"title":"Mr","first":"Wilhelm","last":"Kvammen"},"location":{"street":{"number":2132,"name":"Valborgs vei"},"city":"Isebakke","state":"Aust-Agder","country":"Norway","postcode":"7529","coordinates":{"latitude":"41.1027","longitude":"-178.6910"},"timezone":{"offset":"+8:00","description":"Beijing, Perth, Singapore, Hong Kong"}},"email":"wilhelm.kvammen@example.com","login":{"uuid":"f7d3e510-2fdd-466f-8864-117e251f7737","username":"happyfish199","password":"love123","salt":"j012yy7X","md5":"64007602c2a3e74d6595a765c42aa5ba","sha1":"39459716e315336f2f1e04a643f638f519d95d12","sha256":"b534bbbbcff91f4438639d90201c5fd8287b65d09ee56fd9e46b7fdc6b1753b3"},"dob":{"date":"1949-01-10T13:36:07.038Z","age":75},"registered":{"date":"2011-03-12T13:39:44.800Z","age":13},"phone":"33194424","cell":"43426547","id":{"name":"FN","value":"10014913586"},"picture":{"large":"https://randomuser.me/api/portraits/men/92.jpg","medium":"https://randomuser.me/api/portraits/med/men/92.jpg","thumbnail":"https://randomuser.me/api/portraits/thumb/men/92.jpg"},"nat":"NO"}],"info":{"seed":"80c077055f285cb1","results":1,"page":1,"version":"1.4"}} 
 </msg>
<msg time="2024-04-14T03:15:30.919040" level="INFO">/opt/hostedtoolcache/Python/3.12.2/x64/lib/python3.12/site-packages/urllib3/connectionpool.py:1103: InsecureRequestWarning: Unverified HTTPS request is being made to host 'randomuser.me'. Adding certificate verification is strongly advised. See: https://urllib3.readthedocs.io/en/latest/advanced-usage.html#tls-warnings
  warnings.warn(</msg>
<msg time="2024-04-14T03:15:30.919183" level="INFO">${response} = &lt;Response [200]&gt;</msg>
<var>${response}</var>
<arg>consultarAPI</arg>
<arg>/api</arg>
<doc>Sends a GET request on a previously created HTTP Session.</doc>
<status status="PASS" start="2024-04-14T03:15:30.833708" elapsed="0.085506"/>
</kw>
<kw name="Set Variable" owner="BuiltIn">
<msg time="2024-04-14T03:15:30.920324" level="INFO">${json_data} = {'results': [{'gender': 'male', 'name': {'title': 'Mr', 'first': 'Wilhelm', 'last': 'Kvammen'}, 'location': {'street': {'number': 2132, 'name': 'Valborgs vei'}, 'city': 'Isebakke', 'state': 'Aust-Agde...</msg>
<var>${json_data}</var>
<arg>${response.json()}</arg>
<doc>Returns the given values which can then be assigned to a variables.</doc>
<status status="PASS" start="2024-04-14T03:15:30.919750" elapsed="0.000604"/>
</kw>
<kw name="Log" owner="BuiltIn">
<msg time="2024-04-14T03:15:30.920839" level="INFO">{'results': [{'gender': 'male', 'name': {'title': 'Mr', 'first': 'Wilhelm', 'last': 'Kvammen'}, 'location': {'street': {'number': 2132, 'name': 'Valborgs vei'}, 'city': 'Isebakke', 'state': 'Aust-Agder', 'country': 'Norway', 'postcode': '7529', 'coordinates': {'latitude': '41.1027', 'longitude': '-178.6910'}, 'timezone': {'offset': '+8:00', 'description': 'Beijing, Perth, Singapore, Hong Kong'}}, 'email': 'wilhelm.kvammen@example.com', 'login': {'uuid': 'f7d3e510-2fdd-466f-8864-117e251f7737', 'username': 'happyfish199', 'password': 'love123', 'salt': 'j012yy7X', 'md5': '64007602c2a3e74d6595a765c42aa5ba', 'sha1': '39459716e315336f2f1e04a643f638f519d95d12', 'sha256': 'b534bbbbcff91f4438639d90201c5fd8287b65d09ee56fd9e46b7fdc6b1753b3'}, 'dob': {'date': '1949-01-10T13:36:07.038Z', 'age': 75}, 'registered': {'date': '2011-03-12T13:39:44.800Z', 'age': 13}, 'phone': '33194424', 'cell': '43426547', 'id': {'name': 'FN', 'value': '10014913586'}, 'picture': {'large': 'https://randomuser.me/api/portraits/men/92.jpg', 'medium': 'https://randomuser.me/api/portraits/med/men/92.jpg', 'thumbnail': 'https://randomuser.me/api/portraits/thumb/men/92.jpg'}, 'nat': 'NO'}], 'info': {'seed': '80c077055f285cb1', 'results': 1, 'page': 1, 'version': '1.4'}}</msg>
<arg>${json_data}</arg>
<doc>Logs the given message with the given level.</doc>
<status status="PASS" start="2024-04-14T03:15:30.920675" elapsed="0.000251"/>
</kw>
<kw name="Should Be String" owner="String">
<arg>${json_data['results'][0]['gender']}</arg>
<doc>Fails if the given ``item`` is not a string.</doc>
<status status="PASS" start="2024-04-14T03:15:30.921237" elapsed="0.000368"/>
</kw>
<kw name="Should Match Regexp" owner="BuiltIn">
<arg>${json_data['results'][0]['email']}</arg>
<arg>^[a-zA-Z0-9._%+-]+@[a-zA-Z0-9.-]+\.[a-zA-Z]{2,}$</arg>
<doc>Fails if ``string`` does not match ``pattern`` as a regular expression.</doc>
<status status="PASS" start="2024-04-14T03:15:30.921800" elapsed="0.000536"/>
</kw>
<kw name="Should Match Regexp" owner="BuiltIn">
<arg>${json_data['results'][0]['dob']['date']}</arg>
<arg>\\d{4}-\\d{2}-\\d{2}T\\d{2}:\\d{2}:\\d{2}\\.\\d{3}Z</arg>
<doc>Fails if ``string`` does not match ``pattern`` as a regular expression.</doc>
<status status="PASS" start="2024-04-14T03:15:30.922538" elapsed="0.000497"/>
</kw>
<kw name="Should Match Regexp" owner="BuiltIn">
<arg>${json_data['results'][0]['registered']['date']}</arg>
<arg>\\d{4}-\\d{2}-\\d{2}T\\d{2}:\\d{2}:\\d{2}\\.\\d{3}Z</arg>
<doc>Fails if ``string`` does not match ``pattern`` as a regular expression.</doc>
<status status="PASS" start="2024-04-14T03:15:30.923236" elapsed="0.000392"/>
</kw>
<kw name="Should Match Regexp" owner="BuiltIn">
<arg>${json_data['results'][0]['picture']['large']}</arg>
<arg>^https?://.*\.(?:png|jpe?g|gif|bmp)$</arg>
<doc>Fails if ``string`` does not match ``pattern`` as a regular expression.</doc>
<status status="PASS" start="2024-04-14T03:15:30.923819" elapsed="0.000514"/>
</kw>
<kw name="Should Match Regexp" owner="BuiltIn">
<arg>${json_data['results'][0]['picture']['medium']}</arg>
<arg>^https?://.*\.(?:png|jpe?g|gif|bmp)$</arg>
<doc>Fails if ``string`` does not match ``pattern`` as a regular expression.</doc>
<status status="PASS" start="2024-04-14T03:15:30.924530" elapsed="0.000363"/>
</kw>
<kw name="Should Match Regexp" owner="BuiltIn">
<arg>${json_data['results'][0]['picture']['thumbnail']}</arg>
<arg>^https?://.*\.(?:png|jpe?g|gif|bmp)$</arg>
<doc>Fails if ``string`` does not match ``pattern`` as a regular expression.</doc>
<status status="PASS" start="2024-04-14T03:15:30.925101" elapsed="0.000379"/>
</kw>
<kw name="Log" owner="BuiltIn">
<msg time="2024-04-14T03:15:30.926023" level="INFO">{'large': 'https://randomuser.me/api/portraits/men/92.jpg', 'medium': 'https://randomuser.me/api/portraits/med/men/92.jpg', 'thumbnail': 'https://randomuser.me/api/portraits/thumb/men/92.jpg'}</msg>
<arg>${json_data['results'][0]['picture']}</arg>
<doc>Logs the given message with the given level.</doc>
<status status="PASS" start="2024-04-14T03:15:30.925684" elapsed="0.000383"/>
</kw>
<status status="PASS" start="2024-04-14T03:15:30.833461" elapsed="0.092874"/>
</kw>
<kw name="Teste de Tipos de Dados - Postcode" owner="random-user-service">
<kw name="GET On Session" owner="RequestsLibrary">
<msg time="2024-04-14T03:15:31.018455" level="INFO">GET Request : url=https://randomuser.me/api 
 path_url=/api 
 headers={'User-Agent': 'python-requests/2.31.0', 'Accept-Encoding': 'gzip, deflate', 'Accept': '*/*', 'Connection': 'keep-alive'} 
 body=None 
 </msg>
<msg time="2024-04-14T03:15:31.018575" level="INFO">GET Response : url=https://randomuser.me/api 
 status=200, reason=OK 
 headers={'Date': 'Sun, 14 Apr 2024 03:15:31 GMT', 'Content-Type': 'application/json; charset=utf-8', 'Transfer-Encoding': 'chunked', 'Connection': 'keep-alive', 'X-Powered-By': 'Express', 'Access-Control-Allow-Origin': '*', 'Cache-Control': 'no-cache', 'ETag': 'W/"46c-P3skBAktY2iDtywiuQyiwG3LioE"', 'Vary': 'Accept-Encoding', 'Content-Encoding': 'gzip', 'CF-Cache-Status': 'DYNAMIC', 'Report-To': '{"endpoints":[{"url":"https:\\/\\/a.nel.cloudflare.com\\/report\\/v4?s=IOkVEyAc8Gs5F5Z%2Bn1meSa%2FLEsb%2FOWcpEhWfVDn7kL5GyzdHUdu40h54HnTD5AFtA8aJg7EyJ4PkVgfkLmVrKfZVTTYoLj54OHXYt9XpTV7OsbGHVcFbbDMMyquyEjUo"}],"group":"cf-nel","max_age":604800}', 'NEL': '{"success_fraction":0,"report_to":"cf-nel","max_age":604800}', 'Server': 'cloudflare', 'CF-RAY': '874088264e9bf9cc-SJC', 'alt-svc': 'h3=":443"; ma=86400'} 
 body={"results":[{"gender":"male","name":{"title":"Mr","first":"Revun","last":"Skorik"},"location":{"street":{"number":9606,"name":"Ploshcha Polyaka"},"city":"Bogoduhiv","state":"Sumska","country":"Ukraine","postcode":60561,"coordinates":{"latitude":"76.8704","longitude":"-149.2067"},"timezone":{"offset":"-3:30","description":"Newfoundland"}},"email":"revun.skorik@example.com","login":{"uuid":"bc5fb1b8-7f5b-43d1-af26-ff8050e30c12","username":"bluekoala967","password":"whiskers","salt":"C7vRn1g4","md5":"4b64c9394f5f7a5fa96e0ed4e3ac1ba0","sha1":"bfdbef3a1e5b33ee732585c7a83efbcec9491d19","sha256":"1c2cb9b952a07e02fab1dd1a32d72cf0a8aeee8956586a395b02f3941cbce124"},"dob":{"date":"1999-12-31T15:59:12.739Z","age":24},"registered":{"date":"2013-01-21T17:11:03.236Z","age":11},"phone":"(068) B81-0801","cell":"(099) X19-2008","id":{"name":"","value":null},"picture":{"large":"https://randomuser.me/api/portraits/men/6.jpg","medium":"https://randomuser.me/api/portraits/med/men/6.jpg","thumbnail":"https://randomuser.me/api/portraits/thumb/men/6.jpg"},"nat":"UA"}],"info":{"seed":"17390e23fbd2da93","results":1,"page":1,"version":"1.4"}} 
 </msg>
<msg time="2024-04-14T03:15:31.018684" level="INFO">/opt/hostedtoolcache/Python/3.12.2/x64/lib/python3.12/site-packages/urllib3/connectionpool.py:1103: InsecureRequestWarning: Unverified HTTPS request is being made to host 'randomuser.me'. Adding certificate verification is strongly advised. See: https://urllib3.readthedocs.io/en/latest/advanced-usage.html#tls-warnings
  warnings.warn(</msg>
<msg time="2024-04-14T03:15:31.018845" level="INFO">${response} = &lt;Response [200]&gt;</msg>
<var>${response}</var>
<arg>consultarAPI</arg>
<arg>/api</arg>
<doc>Sends a GET request on a previously created HTTP Session.</doc>
<status status="PASS" start="2024-04-14T03:15:30.926819" elapsed="0.092072"/>
</kw>
<kw name="Set Variable" owner="BuiltIn">
<msg time="2024-04-14T03:15:31.020263" level="INFO">${json_data} = {'results': [{'gender': 'male', 'name': {'title': 'Mr', 'first': 'Revun', 'last': 'Skorik'}, 'location': {'street': {'number': 9606, 'name': 'Ploshcha Polyaka'}, 'city': 'Bogoduhiv', 'state': 'Sumska'...</msg>
<var>${json_data}</var>
<arg>${response.json()}</arg>
<doc>Returns the given values which can then be assigned to a variables.</doc>
<status status="PASS" start="2024-04-14T03:15:31.019637" elapsed="0.000656"/>
</kw>
<kw name="Log" owner="BuiltIn">
<msg time="2024-04-14T03:15:31.020800" level="INFO">{'results': [{'gender': 'male', 'name': {'title': 'Mr', 'first': 'Revun', 'last': 'Skorik'}, 'location': {'street': {'number': 9606, 'name': 'Ploshcha Polyaka'}, 'city': 'Bogoduhiv', 'state': 'Sumska', 'country': 'Ukraine', 'postcode': 60561, 'coordinates': {'latitude': '76.8704', 'longitude': '-149.2067'}, 'timezone': {'offset': '-3:30', 'description': 'Newfoundland'}}, 'email': 'revun.skorik@example.com', 'login': {'uuid': 'bc5fb1b8-7f5b-43d1-af26-ff8050e30c12', 'username': 'bluekoala967', 'password': 'whiskers', 'salt': 'C7vRn1g4', 'md5': '4b64c9394f5f7a5fa96e0ed4e3ac1ba0', 'sha1': 'bfdbef3a1e5b33ee732585c7a83efbcec9491d19', 'sha256': '1c2cb9b952a07e02fab1dd1a32d72cf0a8aeee8956586a395b02f3941cbce124'}, 'dob': {'date': '1999-12-31T15:59:12.739Z', 'age': 24}, 'registered': {'date': '2013-01-21T17:11:03.236Z', 'age': 11}, 'phone': '(068) B81-0801', 'cell': '(099) X19-2008', 'id': {'name': '', 'value': None}, 'picture': {'large': 'https://randomuser.me/api/portraits/men/6.jpg', 'medium': 'https://randomuser.me/api/portraits/med/men/6.jpg', 'thumbnail': 'https://randomuser.me/api/portraits/thumb/men/6.jpg'}, 'nat': 'UA'}], 'info': {'seed': '17390e23fbd2da93', 'results': 1, 'page': 1, 'version': '1.4'}}</msg>
<arg>${json_data}</arg>
<doc>Logs the given message with the given level.</doc>
<status status="PASS" start="2024-04-14T03:15:31.020635" elapsed="0.000253"/>
</kw>
<kw name="Should Be Equal As Numbers" owner="BuiltIn">
<arg>${json_data['results'][0]['location']['postcode']}</arg>
<arg>${json_data['results'][0]['location']['postcode']}</arg>
<doc>Fails if objects are unequal after converting them to real numbers.</doc>
<status status="PASS" start="2024-04-14T03:15:31.021204" elapsed="0.000669"/>
</kw>
<kw name="Log" owner="BuiltIn">
<msg time="2024-04-14T03:15:31.022416" level="INFO">60561</msg>
<arg>${json_data['results'][0]['location']['postcode']}</arg>
<doc>Logs the given message with the given level.</doc>
<status status="PASS" start="2024-04-14T03:15:31.022070" elapsed="0.000388"/>
</kw>
<status status="PASS" start="2024-04-14T03:15:30.926576" elapsed="0.096149"/>
</kw>
<doc>Testa se os tipos de dados na resposta da API estão corretos.</doc>
<tag>testeTiposDados</tag>
<status status="PASS" start="2024-04-14T03:15:30.832812" elapsed="0.190094"/>
</test>
<test id="s1-s1-t5" name="Validar conteudo" line="35">
<kw name="Teste de Tipos de Conteudo" owner="random-user-service">
<kw name="GET On Session" owner="RequestsLibrary">
<msg time="2024-04-14T03:15:31.121143" level="INFO">GET Request : url=https://randomuser.me/api 
 path_url=/api 
 headers={'User-Agent': 'python-requests/2.31.0', 'Accept-Encoding': 'gzip, deflate', 'Accept': '*/*', 'Connection': 'keep-alive'} 
 body=None 
 </msg>
<msg time="2024-04-14T03:15:31.121253" level="INFO">GET Response : url=https://randomuser.me/api 
 status=200, reason=OK 
 headers={'Date': 'Sun, 14 Apr 2024 03:15:31 GMT', 'Content-Type': 'application/json; charset=utf-8', 'Transfer-Encoding': 'chunked', 'Connection': 'keep-alive', 'X-Powered-By': 'Express', 'Access-Control-Allow-Origin': '*', 'Cache-Control': 'no-cache', 'ETag': 'W/"4af-uvHNaHALPQpdOOsyEVirs8T46VI"', 'Vary': 'Accept-Encoding', 'Content-Encoding': 'gzip', 'CF-Cache-Status': 'DYNAMIC', 'Report-To': '{"endpoints":[{"url":"https:\\/\\/a.nel.cloudflare.com\\/report\\/v4?s=OcPLJjapDzvcEjWj%2B91%2FQuW1OciGyDwa96pfQ6AhUIPFaNb9CjBsYLv1cS7cL4Yjw2yaHbUU%2F0GlH89GK67rE4zvNDNyVMk0ey%2FaSQ6zQ2ZZIgrgio1U%2Bfe2ygc4Gigc"}],"group":"cf-nel","max_age":604800}', 'NEL': '{"success_fraction":0,"report_to":"cf-nel","max_age":604800}', 'Server': 'cloudflare', 'CF-RAY': '87408826ef26f9cc-SJC', 'alt-svc': 'h3=":443"; ma=86400'} 
 body={"results":[{"gender":"female","name":{"title":"Mrs","first":"Belina","last":"Rezende"},"location":{"street":{"number":9826,"name":"Avenida D. Pedro Ii"},"city":"Maceió","state":"Rio Grande do Sul","country":"Brazil","postcode":50379,"coordinates":{"latitude":"-75.2474","longitude":"106.7745"},"timezone":{"offset":"-6:00","description":"Central Time (US &amp; Canada), Mexico City"}},"email":"belina.rezende@example.com","login":{"uuid":"1d63f08c-74f5-408d-b48c-d08a6a2c5ca1","username":"silverswan149","password":"keenan","salt":"s9wdHYpq","md5":"90ddb8b6ff70458ed1cce09fc756bec4","sha1":"8ab13f3846f411e1761aba36f0524116fac5b82c","sha256":"dc2eaf9445d33c05ffd76c68856191dc8b95f3003ded1fc9a348d0032a390378"},"dob":{"date":"1974-10-27T23:25:58.942Z","age":49},"registered":{"date":"2015-04-06T01:51:19.238Z","age":9},"phone":"(61) 7376-1902","cell":"(69) 1945-6222","id":{"name":"CPF","value":"304.974.788-72"},"picture":{"large":"https://randomuser.me/api/portraits/women/39.jpg","medium":"https://randomuser.me/api/portraits/med/women/39.jpg","thumbnail":"https://randomuser.me/api/portraits/thumb/women/39.jpg"},"nat":"BR"}],"info":{"seed":"79b264bdb4006b4b","results":1,"page":1,"version":"1.4"}} 
 </msg>
<msg time="2024-04-14T03:15:31.121344" level="INFO">/opt/hostedtoolcache/Python/3.12.2/x64/lib/python3.12/site-packages/urllib3/connectionpool.py:1103: InsecureRequestWarning: Unverified HTTPS request is being made to host 'randomuser.me'. Adding certificate verification is strongly advised. See: https://urllib3.readthedocs.io/en/latest/advanced-usage.html#tls-warnings
  warnings.warn(</msg>
<msg time="2024-04-14T03:15:31.121498" level="INFO">${response} = &lt;Response [200]&gt;</msg>
<var>${response}</var>
<arg>consultarAPI</arg>
<arg>/api</arg>
<doc>Sends a GET request on a previously created HTTP Session.</doc>
<status status="PASS" start="2024-04-14T03:15:31.025661" elapsed="0.095885"/>
</kw>
<kw name="Set Variable" owner="BuiltIn">
<msg time="2024-04-14T03:15:31.122723" level="INFO">${json_data} = {'results': [{'gender': 'female', 'name': {'title': 'Mrs', 'first': 'Belina', 'last': 'Rezende'}, 'location': {'street': {'number': 9826, 'name': 'Avenida D. Pedro Ii'}, 'city': 'Maceió', 'state': 'Ri...</msg>
<var>${json_data}</var>
<arg>${response.json()}</arg>
<doc>Returns the given values which can then be assigned to a variables.</doc>
<status status="PASS" start="2024-04-14T03:15:31.122107" elapsed="0.000649"/>
</kw>
<kw name="Set Variable" owner="BuiltIn">
<msg time="2024-04-14T03:15:31.123486" level="INFO">${name_title} = Mrs</msg>
<var>${name_title}</var>
<arg>${json_data["results"][0]["name"]["title"]}</arg>
<doc>Returns the given values which can then be assigned to a variables.</doc>
<status status="PASS" start="2024-04-14T03:15:31.123076" elapsed="0.000437"/>
</kw>
<kw name="Create List" owner="BuiltIn">
<msg time="2024-04-14T03:15:31.124017" level="INFO">${allowed_titles} = ['Mr', 'Ms', 'Miss', 'Mrs', 'Madame', 'Monsieur']</msg>
<var>${allowed_titles}</var>
<arg>Mr</arg>
<arg>Ms</arg>
<arg>Miss</arg>
<arg>Mrs</arg>
<arg>Madame</arg>
<arg>Monsieur</arg>
<doc>Returns a list containing given items.</doc>
<status status="PASS" start="2024-04-14T03:15:31.123818" elapsed="0.000225"/>
</kw>
<kw name="List Should Contain Value" owner="Collections">
<msg time="2024-04-14T03:15:31.124535" level="INFO">False</msg>
<arg>${allowed_titles}</arg>
<arg>${name_title}</arg>
<doc>Fails if the ``value`` is not found from ``list``.</doc>
<status status="PASS" start="2024-04-14T03:15:31.124353" elapsed="0.000228"/>
</kw>
<kw name="Set Variable" owner="BuiltIn">
<msg time="2024-04-14T03:15:31.125287" level="INFO">${name_country} = BR</msg>
<var>${name_country}</var>
<arg>${json_data["results"][0]["nat"]}</arg>
<doc>Returns the given values which can then be assigned to a variables.</doc>
<status status="PASS" start="2024-04-14T03:15:31.124896" elapsed="0.000422"/>
</kw>
<kw name="Create List" owner="BuiltIn">
<msg time="2024-04-14T03:15:31.126280" level="INFO">${list_country} = ['AD', 'AE', 'AF', 'AG', 'AI', 'AL', 'AM', 'AO', 'AQ', 'AR', 'AS', 'AT', 'AU', 'AW', 'AX', 'AZ', 'BA', 'BB', 'BD', 'BE', 'BF', 'BG', 'BH', 'BI', 'BJ', 'BL', 'BM', 'BN', 'BO', 'BQ', 'BR', 'BS', 'BT', '...</msg>
<var>${list_country}</var>
<arg>AD</arg>
<arg>AE</arg>
<arg>AF</arg>
<arg>AG</arg>
<arg>AI</arg>
<arg>AL</arg>
<arg>AM</arg>
<arg>AO</arg>
<arg>AQ</arg>
<arg>AR</arg>
<arg>AS</arg>
<arg>AT</arg>
<arg>AU</arg>
<arg>AW</arg>
<arg>AX</arg>
<arg>AZ</arg>
<arg>BA</arg>
<arg>BB</arg>
<arg>BD</arg>
<arg>BE</arg>
<arg>BF</arg>
<arg>BG</arg>
<arg>BH</arg>
<arg>BI</arg>
<arg>BJ</arg>
<arg>BL</arg>
<arg>BM</arg>
<arg>BN</arg>
<arg>BO</arg>
<arg>BQ</arg>
<arg>BR</arg>
<arg>BS</arg>
<arg>BT</arg>
<arg>BV</arg>
<arg>BW</arg>
<arg>BY</arg>
<arg>BZ</arg>
<arg>CA</arg>
<arg>CC</arg>
<arg>CD</arg>
<arg>CF</arg>
<arg>CG</arg>
<arg>CH</arg>
<arg>CI</arg>
<arg>CK</arg>
<arg>CL</arg>
<arg>CM</arg>
<arg>CN</arg>
<arg>CO</arg>
<arg>CR</arg>
<arg>CU</arg>
<arg>CV</arg>
<arg>CW</arg>
<arg>CX</arg>
<arg>CY</arg>
<arg>CZ</arg>
<arg>DE</arg>
<arg>DJ</arg>
<arg>DK</arg>
<arg>DM</arg>
<arg>DO</arg>
<arg>DZ</arg>
<arg>EC</arg>
<arg>EE</arg>
<arg>EG</arg>
<arg>EH</arg>
<arg>ER</arg>
<arg>ES</arg>
<arg>ET</arg>
<arg>FI</arg>
<arg>FJ</arg>
<arg>FK</arg>
<arg>FM</arg>
<arg>FO</arg>
<arg>FR</arg>
<arg>GA</arg>
<arg>GB</arg>
<arg>GD</arg>
<arg>GE</arg>
<arg>GF</arg>
<arg>GG</arg>
<arg>GH</arg>
<arg>GI</arg>
<arg>GL</arg>
<arg>GM</arg>
<arg>GN</arg>
<arg>GP</arg>
<arg>GQ</arg>
<arg>GR</arg>
<arg>GS</arg>
<arg>GT</arg>
<arg>GU</arg>
<arg>GW</arg>
<arg>GY</arg>
<arg>HK</arg>
<arg>HM</arg>
<arg>HN</arg>
<arg>HR</arg>
<arg>HT</arg>
<arg>HU</arg>
<arg>ID</arg>
<arg>IE</arg>
<arg>IL</arg>
<arg>IM</arg>
<arg>IN</arg>
<arg>IO</arg>
<arg>IQ</arg>
<arg>IR</arg>
<arg>IS</arg>
<arg>IT</arg>
<arg>JE</arg>
<arg>JM</arg>
<arg>JO</arg>
<arg>JP</arg>
<arg>KE</arg>
<arg>KG</arg>
<arg>KH</arg>
<arg>KI</arg>
<arg>KM</arg>
<arg>KN</arg>
<arg>KP</arg>
<arg>KR</arg>
<arg>KW</arg>
<arg>KY</arg>
<arg>KZ</arg>
<arg>LA</arg>
<arg>LB</arg>
<arg>LC</arg>
<arg>LI</arg>
<arg>LK</arg>
<arg>LR</arg>
<arg>LS</arg>
<arg>LT</arg>
<arg>LU</arg>
<arg>LV</arg>
<arg>LY</arg>
<arg>MA</arg>
<arg>MC</arg>
<arg>MD</arg>
<arg>ME</arg>
<arg>MF</arg>
<arg>MG</arg>
<arg>MH</arg>
<arg>MK</arg>
<arg>ML</arg>
<arg>MM</arg>
<arg>MN</arg>
<arg>MO</arg>
<arg>MP</arg>
<arg>MQ</arg>
<arg>MR</arg>
<arg>MS</arg>
<arg>MT</arg>
<arg>MU</arg>
<arg>MV</arg>
<arg>MW</arg>
<arg>MX</arg>
<arg>MY</arg>
<arg>MZ</arg>
<arg>NA</arg>
<arg>NC</arg>
<arg>NE</arg>
<arg>NF</arg>
<arg>NG</arg>
<arg>NI</arg>
<arg>NL</arg>
<arg>NO</arg>
<arg>NP</arg>
<arg>NR</arg>
<arg>NU</arg>
<arg>NZ</arg>
<arg>OM</arg>
<arg>PA</arg>
<arg>PE</arg>
<arg>PF</arg>
<arg>PG</arg>
<arg>PH</arg>
<arg>PK</arg>
<arg>PL</arg>
<arg>PM</arg>
<arg>PN</arg>
<arg>PR</arg>
<arg>PS</arg>
<arg>PT</arg>
<arg>PW</arg>
<arg>PY</arg>
<arg>QA</arg>
<arg>RE</arg>
<arg>RO</arg>
<arg>RS</arg>
<arg>RU</arg>
<arg>RW</arg>
<arg>SA</arg>
<arg>SB</arg>
<arg>SC</arg>
<arg>SD</arg>
<arg>SE</arg>
<arg>SG</arg>
<arg>SH</arg>
<arg>SI</arg>
<arg>SJ</arg>
<arg>SK</arg>
<arg>SL</arg>
<arg>SM</arg>
<arg>SN</arg>
<arg>SO</arg>
<arg>SR</arg>
<arg>SS</arg>
<arg>ST</arg>
<arg>SV</arg>
<arg>SX</arg>
<arg>SY</arg>
<arg>SZ</arg>
<arg>TC</arg>
<arg>TD</arg>
<arg>TF</arg>
<arg>TG</arg>
<arg>TH</arg>
<arg>TJ</arg>
<arg>TK</arg>
<arg>TL</arg>
<arg>TM</arg>
<arg>TN</arg>
<arg>TO</arg>
<arg>TR</arg>
<arg>TT</arg>
<arg>TV</arg>
<arg>TW</arg>
<arg>TZ</arg>
<arg>UA</arg>
<arg>UG</arg>
<arg>UM</arg>
<arg>US</arg>
<arg>UY</arg>
<arg>UZ</arg>
<arg>VA</arg>
<arg>VC</arg>
<arg>VE</arg>
<arg>VG</arg>
<arg>VI</arg>
<arg>VN</arg>
<arg>VU</arg>
<arg>WF</arg>
<arg>WS</arg>
<arg>XK</arg>
<arg>YE</arg>
<arg>YT</arg>
<arg>ZA</arg>
<arg>ZM</arg>
<arg>ZW</arg>
<doc>Returns a list containing given items.</doc>
<status status="PASS" start="2024-04-14T03:15:31.125626" elapsed="0.000681"/>
</kw>
<kw name="List Should Contain Value" owner="Collections">
<msg time="2024-04-14T03:15:31.127313" level="INFO">False</msg>
<arg>${list_country}</arg>
<arg>${name_country}</arg>
<doc>Fails if the ``value`` is not found from ``list``.</doc>
<status status="PASS" start="2024-04-14T03:15:31.127104" elapsed="0.000247"/>
</kw>
<kw name="Run Keyword If" owner="BuiltIn">
<kw name="Should Be True" owner="BuiltIn">
<arg>${True}</arg>
<doc>Fails if the given condition is not true.</doc>
<status status="PASS" start="2024-04-14T03:15:31.128601" elapsed="0.000150"/>
</kw>
<arg>${json_data["results"][0]["location"]["coordinates"]["latitude"]} &gt;= -90 and ${json_data["results"][0]["location"]["coordinates"]["latitude"]} &lt;= 90</arg>
<arg>Should Be True</arg>
<arg>${True}</arg>
<doc>Runs the given keyword with the given arguments, if ``condition`` is true.</doc>
<status status="PASS" start="2024-04-14T03:15:31.127668" elapsed="0.001214"/>
</kw>
<kw name="Run Keyword If" owner="BuiltIn">
<kw name="Should Be True" owner="BuiltIn">
<arg>${True}</arg>
<doc>Fails if the given condition is not true.</doc>
<status status="PASS" start="2024-04-14T03:15:31.129780" elapsed="0.000139"/>
</kw>
<arg>${json_data["results"][0]["location"]["coordinates"]["longitude"]} &gt;= -180 and ${json_data["results"][0]["location"]["coordinates"]["longitude"]} &lt;= 180</arg>
<arg>Should Be True</arg>
<arg>${True}</arg>
<doc>Runs the given keyword with the given arguments, if ``condition`` is true.</doc>
<status status="PASS" start="2024-04-14T03:15:31.129073" elapsed="0.000971"/>
</kw>
<status status="PASS" start="2024-04-14T03:15:31.025419" elapsed="0.104760"/>
</kw>
<doc>Testa o conteúdo específico dos campos retornados pela API.</doc>
<tag>testeConteudo</tag>
<status status="PASS" start="2024-04-14T03:15:31.024809" elapsed="0.105525"/>
</test>
<status status="PASS" start="2024-04-14T03:15:30.251594" elapsed="0.880717"/>
</suite>
<status status="PASS" start="2024-04-14T03:15:30.237475" elapsed="0.900225"/>
</suite>
<statistics>
<total>
<stat pass="5" fail="0" skip="0">All Tests</stat>
</total>
<tag>
<stat pass="1" fail="0" skip="0">testeConteudo</stat>
<stat pass="1" fail="0" skip="0">testeEstruturaResposta</stat>
<stat pass="1" fail="0" skip="0">testeRequisicaoBasica</stat>
<stat pass="1" fail="0" skip="0">testeTiposDados</stat>
</tag>
<suite>
<stat pass="5" fail="0" skip="0" id="s1" name="Tests">Tests</stat>
<stat pass="5" fail="0" skip="0" id="s1-s1" name="Random-User-Test">Tests.Random-User-Test</stat>
</suite>
</statistics>
<errors>
</errors>
</robot>
