<?xml version="1.0" encoding="UTF-8"?>
<robot generator="Robot 7.0.1 (Python 3.12.4 on linux)" generated="2024-07-03T06:22:23.195675" rpa="false" schemaversion="5">
<suite id="s1" name="Tests" source="/home/runner/work/ApiRandomUser/ApiRandomUser/RamdonUser/tests">
<suite id="s1-s1" name="Random-User-Test" source="/home/runner/work/ApiRandomUser/ApiRandomUser/RamdonUser/tests/random-user-test.robot">
<test id="s1-s1-t1" name="Conectar" line="13">
<kw name="Conectar API" owner="random-user-service">
<kw name="Create Session" owner="RequestsLibrary">
<msg time="2024-07-03T06:22:23.616273" level="INFO">Creating Session using : alias=consultarAPI, url=https://randomuser.me/, headers={},                     cookies={}, auth=None, timeout=None, proxies=None, verify=False,                     debug=0 </msg>
<arg>consultarAPI</arg>
<arg>${URL}</arg>
<doc>Create Session: create a HTTP session to a server</doc>
<status status="PASS" start="2024-07-03T06:22:23.616065" elapsed="0.000400"/>
</kw>
<status status="PASS" start="2024-07-03T06:22:23.615067" elapsed="0.001763"/>
</kw>
<status status="PASS" start="2024-07-03T06:22:23.614459" elapsed="0.002565"/>
</test>
<test id="s1-s1-t2" name="Validar retorno 200 e JSON Válido" line="16">
<kw name="Teste de Requisicao Basica" owner="random-user-service">
<kw name="GET On Session" owner="RequestsLibrary">
<msg time="2024-07-03T06:22:23.807204" level="INFO">GET Request : url=https://randomuser.me/api 
 path_url=/api 
 headers={'User-Agent': 'python-requests/2.32.3', 'Accept-Encoding': 'gzip, deflate', 'Accept': '*/*', 'Connection': 'keep-alive'} 
 body=None 
 </msg>
<msg time="2024-07-03T06:22:23.807365" level="INFO">GET Response : url=https://randomuser.me/api 
 status=200, reason=OK 
 headers={'Date': 'Wed, 03 Jul 2024 06:22:23 GMT', 'Content-Type': 'application/json; charset=utf-8', 'Transfer-Encoding': 'chunked', 'Connection': 'keep-alive', 'X-Powered-By': 'Express', 'Access-Control-Allow-Origin': '*', 'Cache-Control': 'no-cache', 'ETag': 'W/"483-x85T8iJ5KSi22caTp9RWwCIlAcw"', 'Vary': 'Accept-Encoding', 'Content-Encoding': 'gzip', 'CF-Cache-Status': 'DYNAMIC', 'Report-To': '{"endpoints":[{"url":"https:\\/\\/a.nel.cloudflare.com\\/report\\/v4?s=dCnoOiVWlVg6wnA%2FER20Bg3UhPcu45xCvpuM%2BkZAlMcqy2s7NzhZETKpBeJ9IYuVXuGwWhaW4bPgWxJYT3ei7sgfo%2B9Q%2F3V%2BA0xzVqfMlQWwVl2B%2BF2K7TUyltzxfKGr"}],"group":"cf-nel","max_age":604800}', 'NEL': '{"success_fraction":0,"report_to":"cf-nel","max_age":604800}', 'Server': 'cloudflare', 'CF-RAY': '89d4c7e68a412423-IAD', 'alt-svc': 'h3=":443"; ma=86400'} 
 body={"results":[{"gender":"female","name":{"title":"Ms","first":"Katherine","last":"Bell"},"location":{"street":{"number":2318,"name":"North Street"},"city":"York","state":"Grampian","country":"United Kingdom","postcode":"W9N 2AD","coordinates":{"latitude":"-6.1998","longitude":"15.3565"},"timezone":{"offset":"+9:30","description":"Adelaide, Darwin"}},"email":"katherine.bell@example.com","login":{"uuid":"80fe38f6-41d6-4f00-9a8b-5ba215b183b9","username":"sadfrog756","password":"luis","salt":"g1x8bdxM","md5":"de4c840c1657b14f75473be45249b550","sha1":"68971718613eac101315ebe0b2e542fa2f0f15d8","sha256":"92b850b134e897e2fcfbb9891281c35eb348ea08f9a90cd64eda992a9fb6e7f7"},"dob":{"date":"1980-07-08T05:34:38.554Z","age":43},"registered":{"date":"2005-12-06T09:43:44.872Z","age":18},"phone":"015242 79976","cell":"07814 259134","id":{"name":"NINO","value":"XK 59 74 62 H"},"picture":{"large":"https://randomuser.me/api/portraits/women/7.jpg","medium":"https://randomuser.me/api/portraits/med/women/7.jpg","thumbnail":"https://randomuser.me/api/portraits/thumb/women/7.jpg"},"nat":"GB"}],"info":{"seed":"69d785be99317100","results":1,"page":1,"version":"1.4"}} 
 </msg>
<msg time="2024-07-03T06:22:23.807460" level="INFO">/opt/hostedtoolcache/Python/3.12.4/x64/lib/python3.12/site-packages/urllib3/connectionpool.py:1099: InsecureRequestWarning: Unverified HTTPS request is being made to host 'randomuser.me'. Adding certificate verification is strongly advised. See: https://urllib3.readthedocs.io/en/latest/advanced-usage.html#tls-warnings
  warnings.warn(</msg>
<msg time="2024-07-03T06:22:23.807622" level="INFO">${response} = &lt;Response [200]&gt;</msg>
<var>${response}</var>
<arg>consultarAPI</arg>
<arg>/api</arg>
<doc>Sends a GET request on a previously created HTTP Session.</doc>
<status status="PASS" start="2024-07-03T06:22:23.619783" elapsed="0.187886"/>
</kw>
<kw name="Should Be Equal As Numbers" owner="BuiltIn">
<msg time="2024-07-03T06:22:23.808951" level="INFO">Argument types are:
&lt;class 'int'&gt;
&lt;class 'str'&gt;</msg>
<arg>${response.status_code}</arg>
<arg>200</arg>
<doc>Fails if objects are unequal after converting them to real numbers.</doc>
<status status="PASS" start="2024-07-03T06:22:23.808410" elapsed="0.000611"/>
</kw>
<kw name="Log" owner="BuiltIn">
<msg time="2024-07-03T06:22:23.809761" level="INFO">200</msg>
<arg>${response.status_code}</arg>
<doc>Logs the given message with the given level.</doc>
<status status="PASS" start="2024-07-03T06:22:23.809404" elapsed="0.000400"/>
</kw>
<kw name="Set Variable" owner="BuiltIn">
<msg time="2024-07-03T06:22:23.810560" level="INFO">${json_data} = {'results': [{'gender': 'female', 'name': {'title': 'Ms', 'first': 'Katherine', 'last': 'Bell'}, 'location': {'street': {'number': 2318, 'name': 'North Street'}, 'city': 'York', 'state': 'Grampian', '...</msg>
<var>${json_data}</var>
<arg>${response.json()}</arg>
<doc>Returns the given values which can then be assigned to a variables.</doc>
<status status="PASS" start="2024-07-03T06:22:23.810116" elapsed="0.000472"/>
</kw>
<kw name="Dictionary Should Contain Key" owner="Collections">
<arg>${json_data}</arg>
<arg>results</arg>
<doc>Fails if ``key`` is not found from ``dictionary``.</doc>
<status status="PASS" start="2024-07-03T06:22:23.810889" elapsed="0.000167"/>
</kw>
<status status="PASS" start="2024-07-03T06:22:23.619530" elapsed="0.191679"/>
</kw>
<doc>Testa se a API responde corretamente e retorna um objeto JSON válido.</doc>
<tag>testeRequisicaoBasica</tag>
<status status="PASS" start="2024-07-03T06:22:23.619038" elapsed="0.192352"/>
</test>
<test id="s1-s1-t3" name="Validar estrutura de resposta" line="22">
<kw name="Teste de Estrutura de Resposta" owner="random-user-service">
<kw name="GET On Session" owner="RequestsLibrary">
<msg time="2024-07-03T06:22:23.899959" level="INFO">GET Request : url=https://randomuser.me/api 
 path_url=/api 
 headers={'User-Agent': 'python-requests/2.32.3', 'Accept-Encoding': 'gzip, deflate', 'Accept': '*/*', 'Connection': 'keep-alive'} 
 body=None 
 </msg>
<msg time="2024-07-03T06:22:23.900079" level="INFO">GET Response : url=https://randomuser.me/api 
 status=200, reason=OK 
 headers={'Date': 'Wed, 03 Jul 2024 06:22:23 GMT', 'Content-Type': 'application/json; charset=utf-8', 'Transfer-Encoding': 'chunked', 'Connection': 'keep-alive', 'X-Powered-By': 'Express', 'Access-Control-Allow-Origin': '*', 'Cache-Control': 'no-cache', 'ETag': 'W/"497-NpxjrkJbzHpsWdWfxIa1X5zNjjg"', 'Vary': 'Accept-Encoding', 'Content-Encoding': 'gzip', 'CF-Cache-Status': 'DYNAMIC', 'Report-To': '{"endpoints":[{"url":"https:\\/\\/a.nel.cloudflare.com\\/report\\/v4?s=dOadmTyiUPdQh984RRktDSi1yk3bjiw4MR%2FsSIW%2FLpHMlEV0gobpWaJ8zkVjJ8tsKshabVgTmWrpZXU0nLPAA8aJGbNwTu1HlrX2lhaD8YzDpGNstVpyigX5Y4cOyHEe"}],"group":"cf-nel","max_age":604800}', 'NEL': '{"success_fraction":0,"report_to":"cf-nel","max_age":604800}', 'Server': 'cloudflare', 'CF-RAY': '89d4c7e6daa12423-IAD', 'alt-svc': 'h3=":443"; ma=86400'} 
 body={"results":[{"gender":"female","name":{"title":"Mrs","first":"Kerttu","last":"Korpi"},"location":{"street":{"number":4269,"name":"Hatanpään Valtatie"},"city":"Hattula","state":"Central Ostrobothnia","country":"Finland","postcode":75780,"coordinates":{"latitude":"-29.0392","longitude":"155.3643"},"timezone":{"offset":"-3:30","description":"Newfoundland"}},"email":"kerttu.korpi@example.com","login":{"uuid":"75556211-b3c0-48cf-9cb5-4480cc0ff76d","username":"goldenfish333","password":"reddwarf","salt":"nVaHW7eX","md5":"4b8e0335870b9f754aee6d14e0ffbde4","sha1":"3f5deef424d2c2cb8f98560efb47618174ddf483","sha256":"748f9543c0ba48640f93c6509f4368be211132ab98d3f38344208b2e8483f2e8"},"dob":{"date":"1975-01-12T21:39:10.411Z","age":49},"registered":{"date":"2002-11-26T17:31:25.655Z","age":21},"phone":"08-099-448","cell":"043-989-62-06","id":{"name":"HETU","value":"NaNNA426undefined"},"picture":{"large":"https://randomuser.me/api/portraits/women/76.jpg","medium":"https://randomuser.me/api/portraits/med/women/76.jpg","thumbnail":"https://randomuser.me/api/portraits/thumb/women/76.jpg"},"nat":"FI"}],"info":{"seed":"f98244200f36bc43","results":1,"page":1,"version":"1.4"}} 
 </msg>
<msg time="2024-07-03T06:22:23.900225" level="INFO">/opt/hostedtoolcache/Python/3.12.4/x64/lib/python3.12/site-packages/urllib3/connectionpool.py:1099: InsecureRequestWarning: Unverified HTTPS request is being made to host 'randomuser.me'. Adding certificate verification is strongly advised. See: https://urllib3.readthedocs.io/en/latest/advanced-usage.html#tls-warnings
  warnings.warn(</msg>
<msg time="2024-07-03T06:22:23.900367" level="INFO">${response} = &lt;Response [200]&gt;</msg>
<var>${response}</var>
<arg>consultarAPI</arg>
<arg>/api</arg>
<doc>Sends a GET request on a previously created HTTP Session.</doc>
<status status="PASS" start="2024-07-03T06:22:23.814048" elapsed="0.086361"/>
</kw>
<kw name="Set Variable" owner="BuiltIn">
<msg time="2024-07-03T06:22:23.901762" level="INFO">${json_data} = {'results': [{'gender': 'female', 'name': {'title': 'Mrs', 'first': 'Kerttu', 'last': 'Korpi'}, 'location': {'street': {'number': 4269, 'name': 'Hatanpään Valtatie'}, 'city': 'Hattula', 'state': 'Cent...</msg>
<var>${json_data}</var>
<arg>${response.json()}</arg>
<doc>Returns the given values which can then be assigned to a variables.</doc>
<status status="PASS" start="2024-07-03T06:22:23.901137" elapsed="0.000655"/>
</kw>
<kw name="Log" owner="BuiltIn">
<msg time="2024-07-03T06:22:23.902282" level="INFO">{'results': [{'gender': 'female', 'name': {'title': 'Mrs', 'first': 'Kerttu', 'last': 'Korpi'}, 'location': {'street': {'number': 4269, 'name': 'Hatanpään Valtatie'}, 'city': 'Hattula', 'state': 'Central Ostrobothnia', 'country': 'Finland', 'postcode': 75780, 'coordinates': {'latitude': '-29.0392', 'longitude': '155.3643'}, 'timezone': {'offset': '-3:30', 'description': 'Newfoundland'}}, 'email': 'kerttu.korpi@example.com', 'login': {'uuid': '75556211-b3c0-48cf-9cb5-4480cc0ff76d', 'username': 'goldenfish333', 'password': 'reddwarf', 'salt': 'nVaHW7eX', 'md5': '4b8e0335870b9f754aee6d14e0ffbde4', 'sha1': '3f5deef424d2c2cb8f98560efb47618174ddf483', 'sha256': '748f9543c0ba48640f93c6509f4368be211132ab98d3f38344208b2e8483f2e8'}, 'dob': {'date': '1975-01-12T21:39:10.411Z', 'age': 49}, 'registered': {'date': '2002-11-26T17:31:25.655Z', 'age': 21}, 'phone': '08-099-448', 'cell': '043-989-62-06', 'id': {'name': 'HETU', 'value': 'NaNNA426undefined'}, 'picture': {'large': 'https://randomuser.me/api/portraits/women/76.jpg', 'medium': 'https://randomuser.me/api/portraits/med/women/76.jpg', 'thumbnail': 'https://randomuser.me/api/portraits/thumb/women/76.jpg'}, 'nat': 'FI'}], 'info': {'seed': 'f98244200f36bc43', 'results': 1, 'page': 1, 'version': '1.4'}}</msg>
<arg>${json_data}</arg>
<doc>Logs the given message with the given level.</doc>
<status status="PASS" start="2024-07-03T06:22:23.902118" elapsed="0.000216"/>
</kw>
<kw name="Dictionary Should Contain Key" owner="Collections">
<arg>${json_data}</arg>
<arg>results</arg>
<doc>Fails if ``key`` is not found from ``dictionary``.</doc>
<status status="PASS" start="2024-07-03T06:22:23.902632" elapsed="0.000160"/>
</kw>
<kw name="Should Not Be Empty" owner="BuiltIn">
<msg time="2024-07-03T06:22:23.903110" level="INFO">Length is 2.</msg>
<arg>${json_data}</arg>
<doc>Verifies that the given item is not empty.</doc>
<status status="PASS" start="2024-07-03T06:22:23.902976" elapsed="0.000175"/>
</kw>
<kw name="Create List" owner="BuiltIn">
<msg time="2024-07-03T06:22:23.903768" level="INFO">${expected_keys} = ['gender', 'name', 'location', 'email', 'login']</msg>
<var>${expected_keys}</var>
<arg>gender</arg>
<arg>name</arg>
<arg>location</arg>
<arg>email</arg>
<arg>login</arg>
<doc>Returns a list containing given items.</doc>
<status status="PASS" start="2024-07-03T06:22:23.903451" elapsed="0.000342"/>
</kw>
<for flavor="IN">
<iter>
<kw name="Dictionary Should Contain Key" owner="Collections">
<arg>${json_data['results'][0]}</arg>
<arg>${key}</arg>
<doc>Fails if ``key`` is not found from ``dictionary``.</doc>
<status status="PASS" start="2024-07-03T06:22:23.904392" elapsed="0.000405"/>
</kw>
<kw name="Log" owner="BuiltIn">
<msg time="2024-07-03T06:22:23.905389" level="INFO">{'gender': 'female', 'name': {'title': 'Mrs', 'first': 'Kerttu', 'last': 'Korpi'}, 'location': {'street': {'number': 4269, 'name': 'Hatanpään Valtatie'}, 'city': 'Hattula', 'state': 'Central Ostrobothnia', 'country': 'Finland', 'postcode': 75780, 'coordinates': {'latitude': '-29.0392', 'longitude': '155.3643'}, 'timezone': {'offset': '-3:30', 'description': 'Newfoundland'}}, 'email': 'kerttu.korpi@example.com', 'login': {'uuid': '75556211-b3c0-48cf-9cb5-4480cc0ff76d', 'username': 'goldenfish333', 'password': 'reddwarf', 'salt': 'nVaHW7eX', 'md5': '4b8e0335870b9f754aee6d14e0ffbde4', 'sha1': '3f5deef424d2c2cb8f98560efb47618174ddf483', 'sha256': '748f9543c0ba48640f93c6509f4368be211132ab98d3f38344208b2e8483f2e8'}, 'dob': {'date': '1975-01-12T21:39:10.411Z', 'age': 49}, 'registered': {'date': '2002-11-26T17:31:25.655Z', 'age': 21}, 'phone': '08-099-448', 'cell': '043-989-62-06', 'id': {'name': 'HETU', 'value': 'NaNNA426undefined'}, 'picture': {'large': 'https://randomuser.me/api/portraits/women/76.jpg', 'medium': 'https://randomuser.me/api/portraits/med/women/76.jpg', 'thumbnail': 'https://randomuser.me/api/portraits/thumb/women/76.jpg'}, 'nat': 'FI'}</msg>
<arg>${json_data['results'][0]}</arg>
<doc>Logs the given message with the given level.</doc>
<status status="PASS" start="2024-07-03T06:22:23.904984" elapsed="0.000456"/>
</kw>
<kw name="Log" owner="BuiltIn">
<msg time="2024-07-03T06:22:23.905883" level="INFO">gender</msg>
<arg>${key}</arg>
<doc>Logs the given message with the given level.</doc>
<status status="PASS" start="2024-07-03T06:22:23.905752" elapsed="0.000170"/>
</kw>
<var name="${key}">gender</var>
<status status="PASS" start="2024-07-03T06:22:23.904264" elapsed="0.001881"/>
</iter>
<iter>
<kw name="Dictionary Should Contain Key" owner="Collections">
<arg>${json_data['results'][0]}</arg>
<arg>${key}</arg>
<doc>Fails if ``key`` is not found from ``dictionary``.</doc>
<status status="PASS" start="2024-07-03T06:22:23.906445" elapsed="0.000394"/>
</kw>
<kw name="Log" owner="BuiltIn">
<msg time="2024-07-03T06:22:23.907380" level="INFO">{'gender': 'female', 'name': {'title': 'Mrs', 'first': 'Kerttu', 'last': 'Korpi'}, 'location': {'street': {'number': 4269, 'name': 'Hatanpään Valtatie'}, 'city': 'Hattula', 'state': 'Central Ostrobothnia', 'country': 'Finland', 'postcode': 75780, 'coordinates': {'latitude': '-29.0392', 'longitude': '155.3643'}, 'timezone': {'offset': '-3:30', 'description': 'Newfoundland'}}, 'email': 'kerttu.korpi@example.com', 'login': {'uuid': '75556211-b3c0-48cf-9cb5-4480cc0ff76d', 'username': 'goldenfish333', 'password': 'reddwarf', 'salt': 'nVaHW7eX', 'md5': '4b8e0335870b9f754aee6d14e0ffbde4', 'sha1': '3f5deef424d2c2cb8f98560efb47618174ddf483', 'sha256': '748f9543c0ba48640f93c6509f4368be211132ab98d3f38344208b2e8483f2e8'}, 'dob': {'date': '1975-01-12T21:39:10.411Z', 'age': 49}, 'registered': {'date': '2002-11-26T17:31:25.655Z', 'age': 21}, 'phone': '08-099-448', 'cell': '043-989-62-06', 'id': {'name': 'HETU', 'value': 'NaNNA426undefined'}, 'picture': {'large': 'https://randomuser.me/api/portraits/women/76.jpg', 'medium': 'https://randomuser.me/api/portraits/med/women/76.jpg', 'thumbnail': 'https://randomuser.me/api/portraits/thumb/women/76.jpg'}, 'nat': 'FI'}</msg>
<arg>${json_data['results'][0]}</arg>
<doc>Logs the given message with the given level.</doc>
<status status="PASS" start="2024-07-03T06:22:23.907023" elapsed="0.000441"/>
</kw>
<kw name="Log" owner="BuiltIn">
<msg time="2024-07-03T06:22:23.907898" level="INFO">name</msg>
<arg>${key}</arg>
<doc>Logs the given message with the given level.</doc>
<status status="PASS" start="2024-07-03T06:22:23.907768" elapsed="0.000168"/>
</kw>
<var name="${key}">name</var>
<status status="PASS" start="2024-07-03T06:22:23.906334" elapsed="0.001823"/>
</iter>
<iter>
<kw name="Dictionary Should Contain Key" owner="Collections">
<arg>${json_data['results'][0]}</arg>
<arg>${key}</arg>
<doc>Fails if ``key`` is not found from ``dictionary``.</doc>
<status status="PASS" start="2024-07-03T06:22:23.908439" elapsed="0.000378"/>
</kw>
<kw name="Log" owner="BuiltIn">
<msg time="2024-07-03T06:22:23.909394" level="INFO">{'gender': 'female', 'name': {'title': 'Mrs', 'first': 'Kerttu', 'last': 'Korpi'}, 'location': {'street': {'number': 4269, 'name': 'Hatanpään Valtatie'}, 'city': 'Hattula', 'state': 'Central Ostrobothnia', 'country': 'Finland', 'postcode': 75780, 'coordinates': {'latitude': '-29.0392', 'longitude': '155.3643'}, 'timezone': {'offset': '-3:30', 'description': 'Newfoundland'}}, 'email': 'kerttu.korpi@example.com', 'login': {'uuid': '75556211-b3c0-48cf-9cb5-4480cc0ff76d', 'username': 'goldenfish333', 'password': 'reddwarf', 'salt': 'nVaHW7eX', 'md5': '4b8e0335870b9f754aee6d14e0ffbde4', 'sha1': '3f5deef424d2c2cb8f98560efb47618174ddf483', 'sha256': '748f9543c0ba48640f93c6509f4368be211132ab98d3f38344208b2e8483f2e8'}, 'dob': {'date': '1975-01-12T21:39:10.411Z', 'age': 49}, 'registered': {'date': '2002-11-26T17:31:25.655Z', 'age': 21}, 'phone': '08-099-448', 'cell': '043-989-62-06', 'id': {'name': 'HETU', 'value': 'NaNNA426undefined'}, 'picture': {'large': 'https://randomuser.me/api/portraits/women/76.jpg', 'medium': 'https://randomuser.me/api/portraits/med/women/76.jpg', 'thumbnail': 'https://randomuser.me/api/portraits/thumb/women/76.jpg'}, 'nat': 'FI'}</msg>
<arg>${json_data['results'][0]}</arg>
<doc>Logs the given message with the given level.</doc>
<status status="PASS" start="2024-07-03T06:22:23.908998" elapsed="0.000446"/>
</kw>
<kw name="Log" owner="BuiltIn">
<msg time="2024-07-03T06:22:23.909886" level="INFO">location</msg>
<arg>${key}</arg>
<doc>Logs the given message with the given level.</doc>
<status status="PASS" start="2024-07-03T06:22:23.909758" elapsed="0.000166"/>
</kw>
<var name="${key}">location</var>
<status status="PASS" start="2024-07-03T06:22:23.908332" elapsed="0.001818"/>
</iter>
<iter>
<kw name="Dictionary Should Contain Key" owner="Collections">
<arg>${json_data['results'][0]}</arg>
<arg>${key}</arg>
<doc>Fails if ``key`` is not found from ``dictionary``.</doc>
<status status="PASS" start="2024-07-03T06:22:23.910427" elapsed="0.000398"/>
</kw>
<kw name="Log" owner="BuiltIn">
<msg time="2024-07-03T06:22:23.911365" level="INFO">{'gender': 'female', 'name': {'title': 'Mrs', 'first': 'Kerttu', 'last': 'Korpi'}, 'location': {'street': {'number': 4269, 'name': 'Hatanpään Valtatie'}, 'city': 'Hattula', 'state': 'Central Ostrobothnia', 'country': 'Finland', 'postcode': 75780, 'coordinates': {'latitude': '-29.0392', 'longitude': '155.3643'}, 'timezone': {'offset': '-3:30', 'description': 'Newfoundland'}}, 'email': 'kerttu.korpi@example.com', 'login': {'uuid': '75556211-b3c0-48cf-9cb5-4480cc0ff76d', 'username': 'goldenfish333', 'password': 'reddwarf', 'salt': 'nVaHW7eX', 'md5': '4b8e0335870b9f754aee6d14e0ffbde4', 'sha1': '3f5deef424d2c2cb8f98560efb47618174ddf483', 'sha256': '748f9543c0ba48640f93c6509f4368be211132ab98d3f38344208b2e8483f2e8'}, 'dob': {'date': '1975-01-12T21:39:10.411Z', 'age': 49}, 'registered': {'date': '2002-11-26T17:31:25.655Z', 'age': 21}, 'phone': '08-099-448', 'cell': '043-989-62-06', 'id': {'name': 'HETU', 'value': 'NaNNA426undefined'}, 'picture': {'large': 'https://randomuser.me/api/portraits/women/76.jpg', 'medium': 'https://randomuser.me/api/portraits/med/women/76.jpg', 'thumbnail': 'https://randomuser.me/api/portraits/thumb/women/76.jpg'}, 'nat': 'FI'}</msg>
<arg>${json_data['results'][0]}</arg>
<doc>Logs the given message with the given level.</doc>
<status status="PASS" start="2024-07-03T06:22:23.911009" elapsed="0.000406"/>
</kw>
<kw name="Log" owner="BuiltIn">
<msg time="2024-07-03T06:22:23.911838" level="INFO">email</msg>
<arg>${key}</arg>
<doc>Logs the given message with the given level.</doc>
<status status="PASS" start="2024-07-03T06:22:23.911713" elapsed="0.000165"/>
</kw>
<var name="${key}">email</var>
<status status="PASS" start="2024-07-03T06:22:23.910320" elapsed="0.001785"/>
</iter>
<iter>
<kw name="Dictionary Should Contain Key" owner="Collections">
<arg>${json_data['results'][0]}</arg>
<arg>${key}</arg>
<doc>Fails if ``key`` is not found from ``dictionary``.</doc>
<status status="PASS" start="2024-07-03T06:22:23.912404" elapsed="0.000388"/>
</kw>
<kw name="Log" owner="BuiltIn">
<msg time="2024-07-03T06:22:23.913373" level="INFO">{'gender': 'female', 'name': {'title': 'Mrs', 'first': 'Kerttu', 'last': 'Korpi'}, 'location': {'street': {'number': 4269, 'name': 'Hatanpään Valtatie'}, 'city': 'Hattula', 'state': 'Central Ostrobothnia', 'country': 'Finland', 'postcode': 75780, 'coordinates': {'latitude': '-29.0392', 'longitude': '155.3643'}, 'timezone': {'offset': '-3:30', 'description': 'Newfoundland'}}, 'email': 'kerttu.korpi@example.com', 'login': {'uuid': '75556211-b3c0-48cf-9cb5-4480cc0ff76d', 'username': 'goldenfish333', 'password': 'reddwarf', 'salt': 'nVaHW7eX', 'md5': '4b8e0335870b9f754aee6d14e0ffbde4', 'sha1': '3f5deef424d2c2cb8f98560efb47618174ddf483', 'sha256': '748f9543c0ba48640f93c6509f4368be211132ab98d3f38344208b2e8483f2e8'}, 'dob': {'date': '1975-01-12T21:39:10.411Z', 'age': 49}, 'registered': {'date': '2002-11-26T17:31:25.655Z', 'age': 21}, 'phone': '08-099-448', 'cell': '043-989-62-06', 'id': {'name': 'HETU', 'value': 'NaNNA426undefined'}, 'picture': {'large': 'https://randomuser.me/api/portraits/women/76.jpg', 'medium': 'https://randomuser.me/api/portraits/med/women/76.jpg', 'thumbnail': 'https://randomuser.me/api/portraits/thumb/women/76.jpg'}, 'nat': 'FI'}</msg>
<arg>${json_data['results'][0]}</arg>
<doc>Logs the given message with the given level.</doc>
<status status="PASS" start="2024-07-03T06:22:23.912974" elapsed="0.000450"/>
</kw>
<kw name="Log" owner="BuiltIn">
<msg time="2024-07-03T06:22:23.913851" level="INFO">login</msg>
<arg>${key}</arg>
<doc>Logs the given message with the given level.</doc>
<status status="PASS" start="2024-07-03T06:22:23.913724" elapsed="0.000166"/>
</kw>
<var name="${key}">login</var>
<status status="PASS" start="2024-07-03T06:22:23.912278" elapsed="0.001834"/>
</iter>
<var>${key}</var>
<value>@{expected_keys}</value>
<status status="PASS" start="2024-07-03T06:22:23.904065" elapsed="0.010169"/>
</for>
<kw name="Create List" owner="BuiltIn">
<msg time="2024-07-03T06:22:23.914563" level="INFO">${expected_keysTwo} = ['username', 'password']</msg>
<var>${expected_keysTwo}</var>
<arg>username</arg>
<arg>password</arg>
<doc>Returns a list containing given items.</doc>
<status status="PASS" start="2024-07-03T06:22:23.914423" elapsed="0.000193"/>
</kw>
<for flavor="IN">
<iter>
<kw name="Dictionary Should Contain Key" owner="Collections">
<arg>${json_data['results'][0]['login']}</arg>
<arg>${keyTwo}</arg>
<doc>Fails if ``key`` is not found from ``dictionary``.</doc>
<status status="PASS" start="2024-07-03T06:22:23.915131" elapsed="0.000390"/>
</kw>
<kw name="Dictionary Should Contain Key" owner="Collections">
<arg>${json_data['results'][0]['login']}</arg>
<arg>${keyTwo}</arg>
<doc>Fails if ``key`` is not found from ``dictionary``.</doc>
<status status="PASS" start="2024-07-03T06:22:23.915712" elapsed="0.000386"/>
</kw>
<kw name="Log" owner="BuiltIn">
<msg time="2024-07-03T06:22:23.916405" level="INFO">username</msg>
<arg>${keyTwo}</arg>
<doc>Logs the given message with the given level.</doc>
<status status="PASS" start="2024-07-03T06:22:23.916282" elapsed="0.000160"/>
</kw>
<var name="${keyTwo}">username</var>
<status status="PASS" start="2024-07-03T06:22:23.915020" elapsed="0.001652"/>
</iter>
<iter>
<kw name="Dictionary Should Contain Key" owner="Collections">
<arg>${json_data['results'][0]['login']}</arg>
<arg>${keyTwo}</arg>
<doc>Fails if ``key`` is not found from ``dictionary``.</doc>
<status status="PASS" start="2024-07-03T06:22:23.916953" elapsed="0.000425"/>
</kw>
<kw name="Dictionary Should Contain Key" owner="Collections">
<arg>${json_data['results'][0]['login']}</arg>
<arg>${keyTwo}</arg>
<doc>Fails if ``key`` is not found from ``dictionary``.</doc>
<status status="PASS" start="2024-07-03T06:22:23.917559" elapsed="0.000380"/>
</kw>
<kw name="Log" owner="BuiltIn">
<msg time="2024-07-03T06:22:23.918237" level="INFO">password</msg>
<arg>${keyTwo}</arg>
<doc>Logs the given message with the given level.</doc>
<status status="PASS" start="2024-07-03T06:22:23.918118" elapsed="0.000162"/>
</kw>
<var name="${keyTwo}">password</var>
<status status="PASS" start="2024-07-03T06:22:23.916847" elapsed="0.001759"/>
</iter>
<var>${keyTwo}</var>
<value>@{expected_keysTwo}</value>
<status status="PASS" start="2024-07-03T06:22:23.914866" elapsed="0.003867"/>
</for>
<status status="PASS" start="2024-07-03T06:22:23.813794" elapsed="0.105082"/>
</kw>
<doc>Testa a estrutura da resposta da API.</doc>
<tag>testeEstruturaResposta</tag>
<status status="PASS" start="2024-07-03T06:22:23.813263" elapsed="0.105771"/>
</test>
<test id="s1-s1-t4" name="Validar tipos de dados" line="28">
<kw name="Teste de Tipos de Dados" owner="random-user-service">
<kw name="GET On Session" owner="RequestsLibrary">
<msg time="2024-07-03T06:22:24.002425" level="INFO">GET Request : url=https://randomuser.me/api 
 path_url=/api 
 headers={'User-Agent': 'python-requests/2.32.3', 'Accept-Encoding': 'gzip, deflate', 'Accept': '*/*', 'Connection': 'keep-alive'} 
 body=None 
 </msg>
<msg time="2024-07-03T06:22:24.002530" level="INFO">GET Response : url=https://randomuser.me/api 
 status=200, reason=OK 
 headers={'Date': 'Wed, 03 Jul 2024 06:22:23 GMT', 'Content-Type': 'application/json; charset=utf-8', 'Transfer-Encoding': 'chunked', 'Connection': 'keep-alive', 'X-Powered-By': 'Express', 'Access-Control-Allow-Origin': '*', 'Cache-Control': 'no-cache', 'ETag': 'W/"48e-Yc+HWvEpcLG1ZgOdOdZi/hgH60o"', 'Vary': 'Accept-Encoding', 'Content-Encoding': 'gzip', 'CF-Cache-Status': 'DYNAMIC', 'Report-To': '{"endpoints":[{"url":"https:\\/\\/a.nel.cloudflare.com\\/report\\/v4?s=K1rddJUqBvZKQg7RrlSSYs4T%2F5NKu%2FRQ6h7L%2Fenxu8ERTWW1w75xyrzFYIdsgFg76dIhJtz38WUPczKNzlyW%2BnBcr6389R3O58yKiMTScUthpnU8%2BuNn7ihdUtsOYvgw"}],"group":"cf-nel","max_age":604800}', 'NEL': '{"success_fraction":0,"report_to":"cf-nel","max_age":604800}', 'Server': 'cloudflare', 'CF-RAY': '89d4c7e78b192423-IAD', 'alt-svc': 'h3=":443"; ma=86400'} 
 body={"results":[{"gender":"male","name":{"title":"Mr","first":"Howard","last":"Williamson"},"location":{"street":{"number":3838,"name":"South Street"},"city":"Gloucester","state":"Mid Glamorgan","country":"United Kingdom","postcode":"DS1 8DS","coordinates":{"latitude":"-9.8998","longitude":"-66.1136"},"timezone":{"offset":"-9:00","description":"Alaska"}},"email":"howard.williamson@example.com","login":{"uuid":"6f16b5a5-9a4c-409f-b4e6-c3d3843341ce","username":"whitegorilla817","password":"cyclone","salt":"JMsXbJ7l","md5":"53b900f14e366943cec1b4263f28031b","sha1":"0562967ddeced22b32523e52796c1a6a7f1e052e","sha256":"fcc507e97c9a1c301824aeeac6783edd834d9167a88709a5f0271ad44a4a7ae8"},"dob":{"date":"1958-02-23T11:08:25.900Z","age":66},"registered":{"date":"2019-02-19T14:49:06.467Z","age":5},"phone":"028 5029 7902","cell":"07478 800518","id":{"name":"NINO","value":"RG 59 40 18 R"},"picture":{"large":"https://randomuser.me/api/portraits/men/21.jpg","medium":"https://randomuser.me/api/portraits/med/men/21.jpg","thumbnail":"https://randomuser.me/api/portraits/thumb/men/21.jpg"},"nat":"GB"}],"info":{"seed":"45747935c8cea43a","results":1,"page":1,"version":"1.4"}} 
 </msg>
<msg time="2024-07-03T06:22:24.002602" level="INFO">/opt/hostedtoolcache/Python/3.12.4/x64/lib/python3.12/site-packages/urllib3/connectionpool.py:1099: InsecureRequestWarning: Unverified HTTPS request is being made to host 'randomuser.me'. Adding certificate verification is strongly advised. See: https://urllib3.readthedocs.io/en/latest/advanced-usage.html#tls-warnings
  warnings.warn(</msg>
<msg time="2024-07-03T06:22:24.002755" level="INFO">${response} = &lt;Response [200]&gt;</msg>
<var>${response}</var>
<arg>consultarAPI</arg>
<arg>/api</arg>
<doc>Sends a GET request on a previously created HTTP Session.</doc>
<status status="PASS" start="2024-07-03T06:22:23.921646" elapsed="0.081154"/>
</kw>
<kw name="Set Variable" owner="BuiltIn">
<msg time="2024-07-03T06:22:24.004060" level="INFO">${json_data} = {'results': [{'gender': 'male', 'name': {'title': 'Mr', 'first': 'Howard', 'last': 'Williamson'}, 'location': {'street': {'number': 3838, 'name': 'South Street'}, 'city': 'Gloucester', 'state': 'Mid G...</msg>
<var>${json_data}</var>
<arg>${response.json()}</arg>
<doc>Returns the given values which can then be assigned to a variables.</doc>
<status status="PASS" start="2024-07-03T06:22:24.003474" elapsed="0.000616"/>
</kw>
<kw name="Log" owner="BuiltIn">
<msg time="2024-07-03T06:22:24.004623" level="INFO">{'results': [{'gender': 'male', 'name': {'title': 'Mr', 'first': 'Howard', 'last': 'Williamson'}, 'location': {'street': {'number': 3838, 'name': 'South Street'}, 'city': 'Gloucester', 'state': 'Mid Glamorgan', 'country': 'United Kingdom', 'postcode': 'DS1 8DS', 'coordinates': {'latitude': '-9.8998', 'longitude': '-66.1136'}, 'timezone': {'offset': '-9:00', 'description': 'Alaska'}}, 'email': 'howard.williamson@example.com', 'login': {'uuid': '6f16b5a5-9a4c-409f-b4e6-c3d3843341ce', 'username': 'whitegorilla817', 'password': 'cyclone', 'salt': 'JMsXbJ7l', 'md5': '53b900f14e366943cec1b4263f28031b', 'sha1': '0562967ddeced22b32523e52796c1a6a7f1e052e', 'sha256': 'fcc507e97c9a1c301824aeeac6783edd834d9167a88709a5f0271ad44a4a7ae8'}, 'dob': {'date': '1958-02-23T11:08:25.900Z', 'age': 66}, 'registered': {'date': '2019-02-19T14:49:06.467Z', 'age': 5}, 'phone': '028 5029 7902', 'cell': '07478 800518', 'id': {'name': 'NINO', 'value': 'RG 59 40 18 R'}, 'picture': {'large': 'https://randomuser.me/api/portraits/men/21.jpg', 'medium': 'https://randomuser.me/api/portraits/med/men/21.jpg', 'thumbnail': 'https://randomuser.me/api/portraits/thumb/men/21.jpg'}, 'nat': 'GB'}], 'info': {'seed': '45747935c8cea43a', 'results': 1, 'page': 1, 'version': '1.4'}}</msg>
<arg>${json_data}</arg>
<doc>Logs the given message with the given level.</doc>
<status status="PASS" start="2024-07-03T06:22:24.004455" elapsed="0.000220"/>
</kw>
<kw name="Should Be String" owner="String">
<arg>${json_data['results'][0]['gender']}</arg>
<doc>Fails if the given ``item`` is not a string.</doc>
<status status="PASS" start="2024-07-03T06:22:24.004986" elapsed="0.000456"/>
</kw>
<kw name="Should Match Regexp" owner="BuiltIn">
<arg>${json_data['results'][0]['email']}</arg>
<arg>^[a-zA-Z0-9._%+-]+@[a-zA-Z0-9.-]+\.[a-zA-Z]{2,}$</arg>
<doc>Fails if ``string`` does not match ``pattern`` as a regular expression.</doc>
<status status="PASS" start="2024-07-03T06:22:24.005641" elapsed="0.000592"/>
</kw>
<kw name="Should Match Regexp" owner="BuiltIn">
<arg>${json_data['results'][0]['dob']['date']}</arg>
<arg>\\d{4}-\\d{2}-\\d{2}T\\d{2}:\\d{2}:\\d{2}\\.\\d{3}Z</arg>
<doc>Fails if ``string`` does not match ``pattern`` as a regular expression.</doc>
<status status="PASS" start="2024-07-03T06:22:24.006444" elapsed="0.000508"/>
</kw>
<kw name="Should Match Regexp" owner="BuiltIn">
<arg>${json_data['results'][0]['registered']['date']}</arg>
<arg>\\d{4}-\\d{2}-\\d{2}T\\d{2}:\\d{2}:\\d{2}\\.\\d{3}Z</arg>
<doc>Fails if ``string`` does not match ``pattern`` as a regular expression.</doc>
<status status="PASS" start="2024-07-03T06:22:24.007143" elapsed="0.000371"/>
</kw>
<kw name="Should Match Regexp" owner="BuiltIn">
<arg>${json_data['results'][0]['picture']['large']}</arg>
<arg>^https?://.*\.(?:png|jpe?g|gif|bmp)$</arg>
<doc>Fails if ``string`` does not match ``pattern`` as a regular expression.</doc>
<status status="PASS" start="2024-07-03T06:22:24.007696" elapsed="0.000467"/>
</kw>
<kw name="Should Match Regexp" owner="BuiltIn">
<arg>${json_data['results'][0]['picture']['medium']}</arg>
<arg>^https?://.*\.(?:png|jpe?g|gif|bmp)$</arg>
<doc>Fails if ``string`` does not match ``pattern`` as a regular expression.</doc>
<status status="PASS" start="2024-07-03T06:22:24.008359" elapsed="0.000369"/>
</kw>
<kw name="Should Match Regexp" owner="BuiltIn">
<arg>${json_data['results'][0]['picture']['thumbnail']}</arg>
<arg>^https?://.*\.(?:png|jpe?g|gif|bmp)$</arg>
<doc>Fails if ``string`` does not match ``pattern`` as a regular expression.</doc>
<status status="PASS" start="2024-07-03T06:22:24.008912" elapsed="0.000381"/>
</kw>
<kw name="Log" owner="BuiltIn">
<msg time="2024-07-03T06:22:24.009825" level="INFO">{'large': 'https://randomuser.me/api/portraits/men/21.jpg', 'medium': 'https://randomuser.me/api/portraits/med/men/21.jpg', 'thumbnail': 'https://randomuser.me/api/portraits/thumb/men/21.jpg'}</msg>
<arg>${json_data['results'][0]['picture']}</arg>
<doc>Logs the given message with the given level.</doc>
<status status="PASS" start="2024-07-03T06:22:24.009486" elapsed="0.000384"/>
</kw>
<status status="PASS" start="2024-07-03T06:22:23.921409" elapsed="0.088808"/>
</kw>
<kw name="Teste de Tipos de Dados - Postcode" owner="random-user-service">
<kw name="GET On Session" owner="RequestsLibrary">
<msg time="2024-07-03T06:22:24.098477" level="INFO">GET Request : url=https://randomuser.me/api 
 path_url=/api 
 headers={'User-Agent': 'python-requests/2.32.3', 'Accept-Encoding': 'gzip, deflate', 'Accept': '*/*', 'Connection': 'keep-alive'} 
 body=None 
 </msg>
<msg time="2024-07-03T06:22:24.098578" level="INFO">GET Response : url=https://randomuser.me/api 
 status=200, reason=OK 
 headers={'Date': 'Wed, 03 Jul 2024 06:22:24 GMT', 'Content-Type': 'application/json; charset=utf-8', 'Transfer-Encoding': 'chunked', 'Connection': 'keep-alive', 'X-Powered-By': 'Express', 'Access-Control-Allow-Origin': '*', 'Cache-Control': 'no-cache', 'ETag': 'W/"481-n0mBjtUUDx9OW6rOZHblM3/b9t4"', 'Vary': 'Accept-Encoding', 'Content-Encoding': 'gzip', 'CF-Cache-Status': 'DYNAMIC', 'Report-To': '{"endpoints":[{"url":"https:\\/\\/a.nel.cloudflare.com\\/report\\/v4?s=3ZBSquR%2FO4Cp2bk%2BwRd9EFWGLFD0wM%2BEMovh0FYUDNvr0g5jMkvCvolHrmcvuVZq8JA5yedZtZBBo4V99ZS11a%2Fflb1PvA4AAcTQy5z%2BnUAsWCJP%2Bed8MxazYW1tlEZk"}],"group":"cf-nel","max_age":604800}', 'NEL': '{"success_fraction":0,"report_to":"cf-nel","max_age":604800}', 'Server': 'cloudflare', 'CF-RAY': '89d4c7e81b932423-IAD', 'alt-svc': 'h3=":443"; ma=86400'} 
 body={"results":[{"gender":"male","name":{"title":"Mr","first":"Rodion","last":"Popovich"},"location":{"street":{"number":4902,"name":"Ploshcha Panteleymona Kulisha"},"city":"Lebedin","state":"Volinska","country":"Ukraine","postcode":48418,"coordinates":{"latitude":"73.5016","longitude":"-178.3093"},"timezone":{"offset":"-2:00","description":"Mid-Atlantic"}},"email":"rodion.popovich@example.com","login":{"uuid":"bb677716-e79b-42e2-9c7c-0d8fb2ee1227","username":"heavyrabbit131","password":"shawn","salt":"3EMRk6hw","md5":"f53df4f2bf5ffbda94e6c05a1e516c74","sha1":"afbca723bdc4de6baa37ff937acc7e89789c67b9","sha256":"e555bb1b13c2b1dff4be5b6c8bf988b122dc62bdb11ed4a8cd55e90658a638a6"},"dob":{"date":"1993-08-28T10:22:38.220Z","age":30},"registered":{"date":"2012-12-04T02:47:17.262Z","age":11},"phone":"(098) D99-1114","cell":"(099) K63-4042","id":{"name":"","value":null},"picture":{"large":"https://randomuser.me/api/portraits/men/99.jpg","medium":"https://randomuser.me/api/portraits/med/men/99.jpg","thumbnail":"https://randomuser.me/api/portraits/thumb/men/99.jpg"},"nat":"UA"}],"info":{"seed":"c5cb2b34a5783ea0","results":1,"page":1,"version":"1.4"}} 
 </msg>
<msg time="2024-07-03T06:22:24.098649" level="INFO">/opt/hostedtoolcache/Python/3.12.4/x64/lib/python3.12/site-packages/urllib3/connectionpool.py:1099: InsecureRequestWarning: Unverified HTTPS request is being made to host 'randomuser.me'. Adding certificate verification is strongly advised. See: https://urllib3.readthedocs.io/en/latest/advanced-usage.html#tls-warnings
  warnings.warn(</msg>
<msg time="2024-07-03T06:22:24.098772" level="INFO">${response} = &lt;Response [200]&gt;</msg>
<var>${response}</var>
<arg>consultarAPI</arg>
<arg>/api</arg>
<doc>Sends a GET request on a previously created HTTP Session.</doc>
<status status="PASS" start="2024-07-03T06:22:24.010706" elapsed="0.088092"/>
</kw>
<kw name="Set Variable" owner="BuiltIn">
<msg time="2024-07-03T06:22:24.099857" level="INFO">${json_data} = {'results': [{'gender': 'male', 'name': {'title': 'Mr', 'first': 'Rodion', 'last': 'Popovich'}, 'location': {'street': {'number': 4902, 'name': 'Ploshcha Panteleymona Kulisha'}, 'city': 'Lebedin', 'st...</msg>
<var>${json_data}</var>
<arg>${response.json()}</arg>
<doc>Returns the given values which can then be assigned to a variables.</doc>
<status status="PASS" start="2024-07-03T06:22:24.099333" elapsed="0.000553"/>
</kw>
<kw name="Log" owner="BuiltIn">
<msg time="2024-07-03T06:22:24.100351" level="INFO">{'results': [{'gender': 'male', 'name': {'title': 'Mr', 'first': 'Rodion', 'last': 'Popovich'}, 'location': {'street': {'number': 4902, 'name': 'Ploshcha Panteleymona Kulisha'}, 'city': 'Lebedin', 'state': 'Volinska', 'country': 'Ukraine', 'postcode': 48418, 'coordinates': {'latitude': '73.5016', 'longitude': '-178.3093'}, 'timezone': {'offset': '-2:00', 'description': 'Mid-Atlantic'}}, 'email': 'rodion.popovich@example.com', 'login': {'uuid': 'bb677716-e79b-42e2-9c7c-0d8fb2ee1227', 'username': 'heavyrabbit131', 'password': 'shawn', 'salt': '3EMRk6hw', 'md5': 'f53df4f2bf5ffbda94e6c05a1e516c74', 'sha1': 'afbca723bdc4de6baa37ff937acc7e89789c67b9', 'sha256': 'e555bb1b13c2b1dff4be5b6c8bf988b122dc62bdb11ed4a8cd55e90658a638a6'}, 'dob': {'date': '1993-08-28T10:22:38.220Z', 'age': 30}, 'registered': {'date': '2012-12-04T02:47:17.262Z', 'age': 11}, 'phone': '(098) D99-1114', 'cell': '(099) K63-4042', 'id': {'name': '', 'value': None}, 'picture': {'large': 'https://randomuser.me/api/portraits/men/99.jpg', 'medium': 'https://randomuser.me/api/portraits/med/men/99.jpg', 'thumbnail': 'https://randomuser.me/api/portraits/thumb/men/99.jpg'}, 'nat': 'UA'}], 'info': {'seed': 'c5cb2b34a5783ea0', 'results': 1, 'page': 1, 'version': '1.4'}}</msg>
<arg>${json_data}</arg>
<doc>Logs the given message with the given level.</doc>
<status status="PASS" start="2024-07-03T06:22:24.100195" elapsed="0.000203"/>
</kw>
<kw name="Should Be Equal As Numbers" owner="BuiltIn">
<arg>${json_data['results'][0]['location']['postcode']}</arg>
<arg>${json_data['results'][0]['location']['postcode']}</arg>
<doc>Fails if objects are unequal after converting them to real numbers.</doc>
<status status="PASS" start="2024-07-03T06:22:24.100692" elapsed="0.000682"/>
</kw>
<kw name="Log" owner="BuiltIn">
<msg time="2024-07-03T06:22:24.102076" level="INFO">48418</msg>
<arg>${json_data['results'][0]['location']['postcode']}</arg>
<doc>Logs the given message with the given level.</doc>
<status status="PASS" start="2024-07-03T06:22:24.101566" elapsed="0.000552"/>
</kw>
<status status="PASS" start="2024-07-03T06:22:24.010458" elapsed="0.091946"/>
</kw>
<doc>Testa se os tipos de dados na resposta da API estão corretos.</doc>
<tag>testeTiposDados</tag>
<status status="PASS" start="2024-07-03T06:22:23.920855" elapsed="0.181713"/>
</test>
<test id="s1-s1-t5" name="Validar conteudo" line="35">
<kw name="Teste de Tipos de Conteudo" owner="random-user-service">
<kw name="GET On Session" owner="RequestsLibrary">
<msg time="2024-07-03T06:22:24.199041" level="INFO">GET Request : url=https://randomuser.me/api 
 path_url=/api 
 headers={'User-Agent': 'python-requests/2.32.3', 'Accept-Encoding': 'gzip, deflate', 'Accept': '*/*', 'Connection': 'keep-alive'} 
 body=None 
 </msg>
<msg time="2024-07-03T06:22:24.199139" level="INFO">GET Response : url=https://randomuser.me/api 
 status=200, reason=OK 
 headers={'Date': 'Wed, 03 Jul 2024 06:22:24 GMT', 'Content-Type': 'application/json; charset=utf-8', 'Transfer-Encoding': 'chunked', 'Connection': 'keep-alive', 'X-Powered-By': 'Express', 'Access-Control-Allow-Origin': '*', 'Cache-Control': 'no-cache', 'ETag': 'W/"48d-N8VTJGF+rzpfqdkSDrq4R1Cp1Ag"', 'Vary': 'Accept-Encoding', 'Content-Encoding': 'gzip', 'CF-Cache-Status': 'DYNAMIC', 'Report-To': '{"endpoints":[{"url":"https:\\/\\/a.nel.cloudflare.com\\/report\\/v4?s=eht4pGAEe7AuZax0KMmEtfemBbO12ndWbRGHUVjFT2uAqHsygWE84SSPhr%2BEcquxZCgGvlJZKJXcn2Oz5xFEPFivmHyFgqI7Gy9Bq78S4pixqs2zrVIbf1PwlHSooF4y"}],"group":"cf-nel","max_age":604800}', 'NEL': '{"success_fraction":0,"report_to":"cf-nel","max_age":604800}', 'Server': 'cloudflare', 'CF-RAY': '89d4c7e8ac062423-IAD', 'alt-svc': 'h3=":443"; ma=86400'} 
 body={"results":[{"gender":"female","name":{"title":"Ms","first":"Letitia","last":"Boyd"},"location":{"street":{"number":8808,"name":"Lone Wolf Trail"},"city":"Maitland","state":"New South Wales","country":"Australia","postcode":2849,"coordinates":{"latitude":"-82.9559","longitude":"1.9214"},"timezone":{"offset":"-8:00","description":"Pacific Time (US &amp; Canada)"}},"email":"letitia.boyd@example.com","login":{"uuid":"91c2e782-3f6d-4a5d-afde-41a782648c49","username":"tinyfish170","password":"sonic","salt":"0A1PvYx0","md5":"aaa0bc31682b77e9dc8aa8f7094c67cd","sha1":"17aecfa7a15c2df82553dc62137720ec4fabe93e","sha256":"9b54c0bf3037fbec2cf8d712cbef7072d2b2496883ee6865c8236bdae7bc2cef"},"dob":{"date":"1981-08-20T04:35:31.053Z","age":42},"registered":{"date":"2012-02-06T08:26:21.549Z","age":12},"phone":"01-4257-2679","cell":"0417-322-972","id":{"name":"TFN","value":"540870260"},"picture":{"large":"https://randomuser.me/api/portraits/women/54.jpg","medium":"https://randomuser.me/api/portraits/med/women/54.jpg","thumbnail":"https://randomuser.me/api/portraits/thumb/women/54.jpg"},"nat":"AU"}],"info":{"seed":"d21dac22d3bce325","results":1,"page":1,"version":"1.4"}} 
 </msg>
<msg time="2024-07-03T06:22:24.199211" level="INFO">/opt/hostedtoolcache/Python/3.12.4/x64/lib/python3.12/site-packages/urllib3/connectionpool.py:1099: InsecureRequestWarning: Unverified HTTPS request is being made to host 'randomuser.me'. Adding certificate verification is strongly advised. See: https://urllib3.readthedocs.io/en/latest/advanced-usage.html#tls-warnings
  warnings.warn(</msg>
<msg time="2024-07-03T06:22:24.199335" level="INFO">${response} = &lt;Response [200]&gt;</msg>
<var>${response}</var>
<arg>consultarAPI</arg>
<arg>/api</arg>
<doc>Sends a GET request on a previously created HTTP Session.</doc>
<status status="PASS" start="2024-07-03T06:22:24.105049" elapsed="0.094326"/>
</kw>
<kw name="Set Variable" owner="BuiltIn">
<msg time="2024-07-03T06:22:24.200384" level="INFO">${json_data} = {'results': [{'gender': 'female', 'name': {'title': 'Ms', 'first': 'Letitia', 'last': 'Boyd'}, 'location': {'street': {'number': 8808, 'name': 'Lone Wolf Trail'}, 'city': 'Maitland', 'state': 'New Sou...</msg>
<var>${json_data}</var>
<arg>${response.json()}</arg>
<doc>Returns the given values which can then be assigned to a variables.</doc>
<status status="PASS" start="2024-07-03T06:22:24.199877" elapsed="0.000535"/>
</kw>
<kw name="Set Variable" owner="BuiltIn">
<msg time="2024-07-03T06:22:24.201126" level="INFO">${name_title} = Ms</msg>
<var>${name_title}</var>
<arg>${json_data["results"][0]["name"]["title"]}</arg>
<doc>Returns the given values which can then be assigned to a variables.</doc>
<status status="PASS" start="2024-07-03T06:22:24.200713" elapsed="0.000442"/>
</kw>
<kw name="Create List" owner="BuiltIn">
<msg time="2024-07-03T06:22:24.201601" level="INFO">${allowed_titles} = ['Mr', 'Ms', 'Miss', 'Mrs', 'Madame', 'Monsieur']</msg>
<var>${allowed_titles}</var>
<arg>Mr</arg>
<arg>Ms</arg>
<arg>Miss</arg>
<arg>Mrs</arg>
<arg>Madame</arg>
<arg>Monsieur</arg>
<doc>Returns a list containing given items.</doc>
<status status="PASS" start="2024-07-03T06:22:24.201453" elapsed="0.000171"/>
</kw>
<kw name="List Should Contain Value" owner="Collections">
<arg>${allowed_titles}</arg>
<arg>${name_title}</arg>
<doc>Fails if the ``value`` is not found from ``list``.</doc>
<status status="PASS" start="2024-07-03T06:22:24.201922" elapsed="0.000184"/>
</kw>
<kw name="Set Variable" owner="BuiltIn">
<msg time="2024-07-03T06:22:24.202649" level="INFO">${name_country} = AU</msg>
<var>${name_country}</var>
<arg>${json_data["results"][0]["nat"]}</arg>
<doc>Returns the given values which can then be assigned to a variables.</doc>
<status status="PASS" start="2024-07-03T06:22:24.202285" elapsed="0.000390"/>
</kw>
<kw name="Create List" owner="BuiltIn">
<msg time="2024-07-03T06:22:24.203565" level="INFO">${list_country} = ['AD', 'AE', 'AF', 'AG', 'AI', 'AL', 'AM', 'AO', 'AQ', 'AR', 'AS', 'AT', 'AU', 'AW', 'AX', 'AZ', 'BA', 'BB', 'BD', 'BE', 'BF', 'BG', 'BH', 'BI', 'BJ', 'BL', 'BM', 'BN', 'BO', 'BQ', 'BR', 'BS', 'BT', '...</msg>
<var>${list_country}</var>
<arg>AD</arg>
<arg>AE</arg>
<arg>AF</arg>
<arg>AG</arg>
<arg>AI</arg>
<arg>AL</arg>
<arg>AM</arg>
<arg>AO</arg>
<arg>AQ</arg>
<arg>AR</arg>
<arg>AS</arg>
<arg>AT</arg>
<arg>AU</arg>
<arg>AW</arg>
<arg>AX</arg>
<arg>AZ</arg>
<arg>BA</arg>
<arg>BB</arg>
<arg>BD</arg>
<arg>BE</arg>
<arg>BF</arg>
<arg>BG</arg>
<arg>BH</arg>
<arg>BI</arg>
<arg>BJ</arg>
<arg>BL</arg>
<arg>BM</arg>
<arg>BN</arg>
<arg>BO</arg>
<arg>BQ</arg>
<arg>BR</arg>
<arg>BS</arg>
<arg>BT</arg>
<arg>BV</arg>
<arg>BW</arg>
<arg>BY</arg>
<arg>BZ</arg>
<arg>CA</arg>
<arg>CC</arg>
<arg>CD</arg>
<arg>CF</arg>
<arg>CG</arg>
<arg>CH</arg>
<arg>CI</arg>
<arg>CK</arg>
<arg>CL</arg>
<arg>CM</arg>
<arg>CN</arg>
<arg>CO</arg>
<arg>CR</arg>
<arg>CU</arg>
<arg>CV</arg>
<arg>CW</arg>
<arg>CX</arg>
<arg>CY</arg>
<arg>CZ</arg>
<arg>DE</arg>
<arg>DJ</arg>
<arg>DK</arg>
<arg>DM</arg>
<arg>DO</arg>
<arg>DZ</arg>
<arg>EC</arg>
<arg>EE</arg>
<arg>EG</arg>
<arg>EH</arg>
<arg>ER</arg>
<arg>ES</arg>
<arg>ET</arg>
<arg>FI</arg>
<arg>FJ</arg>
<arg>FK</arg>
<arg>FM</arg>
<arg>FO</arg>
<arg>FR</arg>
<arg>GA</arg>
<arg>GB</arg>
<arg>GD</arg>
<arg>GE</arg>
<arg>GF</arg>
<arg>GG</arg>
<arg>GH</arg>
<arg>GI</arg>
<arg>GL</arg>
<arg>GM</arg>
<arg>GN</arg>
<arg>GP</arg>
<arg>GQ</arg>
<arg>GR</arg>
<arg>GS</arg>
<arg>GT</arg>
<arg>GU</arg>
<arg>GW</arg>
<arg>GY</arg>
<arg>HK</arg>
<arg>HM</arg>
<arg>HN</arg>
<arg>HR</arg>
<arg>HT</arg>
<arg>HU</arg>
<arg>ID</arg>
<arg>IE</arg>
<arg>IL</arg>
<arg>IM</arg>
<arg>IN</arg>
<arg>IO</arg>
<arg>IQ</arg>
<arg>IR</arg>
<arg>IS</arg>
<arg>IT</arg>
<arg>JE</arg>
<arg>JM</arg>
<arg>JO</arg>
<arg>JP</arg>
<arg>KE</arg>
<arg>KG</arg>
<arg>KH</arg>
<arg>KI</arg>
<arg>KM</arg>
<arg>KN</arg>
<arg>KP</arg>
<arg>KR</arg>
<arg>KW</arg>
<arg>KY</arg>
<arg>KZ</arg>
<arg>LA</arg>
<arg>LB</arg>
<arg>LC</arg>
<arg>LI</arg>
<arg>LK</arg>
<arg>LR</arg>
<arg>LS</arg>
<arg>LT</arg>
<arg>LU</arg>
<arg>LV</arg>
<arg>LY</arg>
<arg>MA</arg>
<arg>MC</arg>
<arg>MD</arg>
<arg>ME</arg>
<arg>MF</arg>
<arg>MG</arg>
<arg>MH</arg>
<arg>MK</arg>
<arg>ML</arg>
<arg>MM</arg>
<arg>MN</arg>
<arg>MO</arg>
<arg>MP</arg>
<arg>MQ</arg>
<arg>MR</arg>
<arg>MS</arg>
<arg>MT</arg>
<arg>MU</arg>
<arg>MV</arg>
<arg>MW</arg>
<arg>MX</arg>
<arg>MY</arg>
<arg>MZ</arg>
<arg>NA</arg>
<arg>NC</arg>
<arg>NE</arg>
<arg>NF</arg>
<arg>NG</arg>
<arg>NI</arg>
<arg>NL</arg>
<arg>NO</arg>
<arg>NP</arg>
<arg>NR</arg>
<arg>NU</arg>
<arg>NZ</arg>
<arg>OM</arg>
<arg>PA</arg>
<arg>PE</arg>
<arg>PF</arg>
<arg>PG</arg>
<arg>PH</arg>
<arg>PK</arg>
<arg>PL</arg>
<arg>PM</arg>
<arg>PN</arg>
<arg>PR</arg>
<arg>PS</arg>
<arg>PT</arg>
<arg>PW</arg>
<arg>PY</arg>
<arg>QA</arg>
<arg>RE</arg>
<arg>RO</arg>
<arg>RS</arg>
<arg>RU</arg>
<arg>RW</arg>
<arg>SA</arg>
<arg>SB</arg>
<arg>SC</arg>
<arg>SD</arg>
<arg>SE</arg>
<arg>SG</arg>
<arg>SH</arg>
<arg>SI</arg>
<arg>SJ</arg>
<arg>SK</arg>
<arg>SL</arg>
<arg>SM</arg>
<arg>SN</arg>
<arg>SO</arg>
<arg>SR</arg>
<arg>SS</arg>
<arg>ST</arg>
<arg>SV</arg>
<arg>SX</arg>
<arg>SY</arg>
<arg>SZ</arg>
<arg>TC</arg>
<arg>TD</arg>
<arg>TF</arg>
<arg>TG</arg>
<arg>TH</arg>
<arg>TJ</arg>
<arg>TK</arg>
<arg>TL</arg>
<arg>TM</arg>
<arg>TN</arg>
<arg>TO</arg>
<arg>TR</arg>
<arg>TT</arg>
<arg>TV</arg>
<arg>TW</arg>
<arg>TZ</arg>
<arg>UA</arg>
<arg>UG</arg>
<arg>UM</arg>
<arg>US</arg>
<arg>UY</arg>
<arg>UZ</arg>
<arg>VA</arg>
<arg>VC</arg>
<arg>VE</arg>
<arg>VG</arg>
<arg>VI</arg>
<arg>VN</arg>
<arg>VU</arg>
<arg>WF</arg>
<arg>WS</arg>
<arg>XK</arg>
<arg>YE</arg>
<arg>YT</arg>
<arg>ZA</arg>
<arg>ZM</arg>
<arg>ZW</arg>
<doc>Returns a list containing given items.</doc>
<status status="PASS" start="2024-07-03T06:22:24.202973" elapsed="0.000618"/>
</kw>
<kw name="List Should Contain Value" owner="Collections">
<arg>${list_country}</arg>
<arg>${name_country}</arg>
<doc>Fails if the ``value`` is not found from ``list``.</doc>
<status status="PASS" start="2024-07-03T06:22:24.204389" elapsed="0.000209"/>
</kw>
<kw name="Run Keyword If" owner="BuiltIn">
<kw name="Should Be True" owner="BuiltIn">
<arg>${True}</arg>
<doc>Fails if the given condition is not true.</doc>
<status status="PASS" start="2024-07-03T06:22:24.205602" elapsed="0.000147"/>
</kw>
<arg>${json_data["results"][0]["location"]["coordinates"]["latitude"]} &gt;= -90 and ${json_data["results"][0]["location"]["coordinates"]["latitude"]} &lt;= 90</arg>
<arg>Should Be True</arg>
<arg>${True}</arg>
<doc>Runs the given keyword with the given arguments, if ``condition`` is true.</doc>
<status status="PASS" start="2024-07-03T06:22:24.204797" elapsed="0.001077"/>
</kw>
<kw name="Run Keyword If" owner="BuiltIn">
<kw name="Should Be True" owner="BuiltIn">
<arg>${True}</arg>
<doc>Fails if the given condition is not true.</doc>
<status status="PASS" start="2024-07-03T06:22:24.206742" elapsed="0.000246"/>
</kw>
<arg>${json_data["results"][0]["location"]["coordinates"]["longitude"]} &gt;= -180 and ${json_data["results"][0]["location"]["coordinates"]["longitude"]} &lt;= 180</arg>
<arg>Should Be True</arg>
<arg>${True}</arg>
<doc>Runs the given keyword with the given arguments, if ``condition`` is true.</doc>
<status status="PASS" start="2024-07-03T06:22:24.206054" elapsed="0.001061"/>
</kw>
<status status="PASS" start="2024-07-03T06:22:24.104827" elapsed="0.102420"/>
</kw>
<doc>Testa o conteúdo específico dos campos retornados pela API.</doc>
<tag>testeConteudo</tag>
<status status="PASS" start="2024-07-03T06:22:24.104361" elapsed="0.103038"/>
</test>
<status status="PASS" start="2024-07-03T06:22:23.255848" elapsed="0.953512"/>
</suite>
<status status="PASS" start="2024-07-03T06:22:23.241337" elapsed="0.973105"/>
</suite>
<statistics>
<total>
<stat pass="5" fail="0" skip="0">All Tests</stat>
</total>
<tag>
<stat pass="1" fail="0" skip="0">testeConteudo</stat>
<stat pass="1" fail="0" skip="0">testeEstruturaResposta</stat>
<stat pass="1" fail="0" skip="0">testeRequisicaoBasica</stat>
<stat pass="1" fail="0" skip="0">testeTiposDados</stat>
</tag>
<suite>
<stat pass="5" fail="0" skip="0" id="s1" name="Tests">Tests</stat>
<stat pass="5" fail="0" skip="0" id="s1-s1" name="Random-User-Test">Tests.Random-User-Test</stat>
</suite>
</statistics>
<errors>
</errors>
</robot>
