<?xml version="1.0" encoding="UTF-8"?>
<robot generator="Robot 7.0.1 (Python 3.12.4 on linux)" generated="2024-06-23T05:13:59.362885" rpa="false" schemaversion="5">
<suite id="s1" name="Tests" source="/home/runner/work/ApiRandomUser/ApiRandomUser/RamdonUser/tests">
<suite id="s1-s1" name="Random-User-Test" source="/home/runner/work/ApiRandomUser/ApiRandomUser/RamdonUser/tests/random-user-test.robot">
<test id="s1-s1-t1" name="Conectar" line="13">
<kw name="Conectar API" owner="random-user-service">
<kw name="Create Session" owner="RequestsLibrary">
<msg time="2024-06-23T05:13:59.768509" level="INFO">Creating Session using : alias=consultarAPI, url=https://randomuser.me/, headers={},                     cookies={}, auth=None, timeout=None, proxies=None, verify=False,                     debug=0 </msg>
<arg>consultarAPI</arg>
<arg>${URL}</arg>
<doc>Create Session: create a HTTP session to a server</doc>
<status status="PASS" start="2024-06-23T05:13:59.768304" elapsed="0.000396"/>
</kw>
<status status="PASS" start="2024-06-23T05:13:59.767317" elapsed="0.001746"/>
</kw>
<status status="PASS" start="2024-06-23T05:13:59.766746" elapsed="0.002510"/>
</test>
<test id="s1-s1-t2" name="Validar retorno 200 e JSON Válido" line="16">
<kw name="Teste de Requisicao Basica" owner="random-user-service">
<kw name="GET On Session" owner="RequestsLibrary">
<msg time="2024-06-23T05:13:59.938811" level="INFO">GET Request : url=https://randomuser.me/api 
 path_url=/api 
 headers={'User-Agent': 'python-requests/2.32.3', 'Accept-Encoding': 'gzip, deflate', 'Accept': '*/*', 'Connection': 'keep-alive'} 
 body=None 
 </msg>
<msg time="2024-06-23T05:13:59.938986" level="INFO">GET Response : url=https://randomuser.me/api 
 status=200, reason=OK 
 headers={'Date': 'Sun, 23 Jun 2024 05:13:59 GMT', 'Content-Type': 'application/json; charset=utf-8', 'Transfer-Encoding': 'chunked', 'Connection': 'keep-alive', 'X-Powered-By': 'Express', 'Access-Control-Allow-Origin': '*', 'Cache-Control': 'no-cache', 'ETag': 'W/"46e-80V4Xt0x8aMBgdt34UiOPkm4oWU"', 'Vary': 'Accept-Encoding', 'Content-Encoding': 'gzip', 'CF-Cache-Status': 'DYNAMIC', 'Report-To': '{"endpoints":[{"url":"https:\\/\\/a.nel.cloudflare.com\\/report\\/v4?s=4ODq1AyI8T40BKZORk0b00tDu%2FWr%2F8WngZUOsl3uUPpy%2FDfDctksr1O5Br20hTmc63r%2Fr9oO3gcTFsFLvtKqUifPT2YZ1yYNFxNe7yLxPvai%2Blxj%2FnbYgKXIKtPzsTGf"}],"group":"cf-nel","max_age":604800}', 'NEL': '{"success_fraction":0,"report_to":"cf-nel","max_age":604800}', 'Server': 'cloudflare', 'CF-RAY': '8981fdf558f157ea-IAD', 'alt-svc': 'h3=":443"; ma=86400'} 
 body={"results":[{"gender":"male","name":{"title":"Mr","first":"Cohen","last":"Wood"},"location":{"street":{"number":2845,"name":"Domain Road"},"city":"New Plymouth","state":"Northland","country":"New Zealand","postcode":92091,"coordinates":{"latitude":"52.7801","longitude":"-1.9985"},"timezone":{"offset":"-2:00","description":"Mid-Atlantic"}},"email":"cohen.wood@example.com","login":{"uuid":"3f54398e-9805-4da0-9239-e998d0d8e3ba","username":"brownmeercat907","password":"boxer","salt":"KGbt1Naw","md5":"4ae05526d1b6b07ef4cb4f7368d80d09","sha1":"e1cbc94822b4c5a5ecb822f087d2d18015cfd5a3","sha256":"48202e7beed2c4db2ffd8e704228bb981f810fb84f3a3ff926783ab29018cd87"},"dob":{"date":"1977-09-19T02:58:56.076Z","age":46},"registered":{"date":"2014-01-18T22:06:27.465Z","age":10},"phone":"(808)-582-7684","cell":"(581)-546-5807","id":{"name":"","value":null},"picture":{"large":"https://randomuser.me/api/portraits/men/53.jpg","medium":"https://randomuser.me/api/portraits/med/men/53.jpg","thumbnail":"https://randomuser.me/api/portraits/thumb/men/53.jpg"},"nat":"NZ"}],"info":{"seed":"5a9b696045333820","results":1,"page":1,"version":"1.4"}} 
 </msg>
<msg time="2024-06-23T05:13:59.939070" level="INFO">/opt/hostedtoolcache/Python/3.12.4/x64/lib/python3.12/site-packages/urllib3/connectionpool.py:1099: InsecureRequestWarning: Unverified HTTPS request is being made to host 'randomuser.me'. Adding certificate verification is strongly advised. See: https://urllib3.readthedocs.io/en/latest/advanced-usage.html#tls-warnings
  warnings.warn(</msg>
<msg time="2024-06-23T05:13:59.939236" level="INFO">${response} = &lt;Response [200]&gt;</msg>
<var>${response}</var>
<arg>consultarAPI</arg>
<arg>/api</arg>
<doc>Sends a GET request on a previously created HTTP Session.</doc>
<status status="PASS" start="2024-06-23T05:13:59.771924" elapsed="0.167354"/>
</kw>
<kw name="Should Be Equal As Numbers" owner="BuiltIn">
<msg time="2024-06-23T05:13:59.940303" level="INFO">Argument types are:
&lt;class 'int'&gt;
&lt;class 'str'&gt;</msg>
<arg>${response.status_code}</arg>
<arg>200</arg>
<doc>Fails if objects are unequal after converting them to real numbers.</doc>
<status status="PASS" start="2024-06-23T05:13:59.939827" elapsed="0.000550"/>
</kw>
<kw name="Log" owner="BuiltIn">
<msg time="2024-06-23T05:13:59.941064" level="INFO">200</msg>
<arg>${response.status_code}</arg>
<doc>Logs the given message with the given level.</doc>
<status status="PASS" start="2024-06-23T05:13:59.940701" elapsed="0.000407"/>
</kw>
<kw name="Set Variable" owner="BuiltIn">
<msg time="2024-06-23T05:13:59.941924" level="INFO">${json_data} = {'results': [{'gender': 'male', 'name': {'title': 'Mr', 'first': 'Cohen', 'last': 'Wood'}, 'location': {'street': {'number': 2845, 'name': 'Domain Road'}, 'city': 'New Plymouth', 'state': 'Northland',...</msg>
<var>${json_data}</var>
<arg>${response.json()}</arg>
<doc>Returns the given values which can then be assigned to a variables.</doc>
<status status="PASS" start="2024-06-23T05:13:59.941460" elapsed="0.000493"/>
</kw>
<kw name="Dictionary Should Contain Key" owner="Collections">
<arg>${json_data}</arg>
<arg>results</arg>
<doc>Fails if ``key`` is not found from ``dictionary``.</doc>
<status status="PASS" start="2024-06-23T05:13:59.942258" elapsed="0.000177"/>
</kw>
<status status="PASS" start="2024-06-23T05:13:59.771666" elapsed="0.170923"/>
</kw>
<doc>Testa se a API responde corretamente e retorna um objeto JSON válido.</doc>
<tag>testeRequisicaoBasica</tag>
<status status="PASS" start="2024-06-23T05:13:59.771225" elapsed="0.171543"/>
</test>
<test id="s1-s1-t3" name="Validar estrutura de resposta" line="22">
<kw name="Teste de Estrutura de Resposta" owner="random-user-service">
<kw name="GET On Session" owner="RequestsLibrary">
<msg time="2024-06-23T05:14:00.033358" level="INFO">GET Request : url=https://randomuser.me/api 
 path_url=/api 
 headers={'User-Agent': 'python-requests/2.32.3', 'Accept-Encoding': 'gzip, deflate', 'Accept': '*/*', 'Connection': 'keep-alive'} 
 body=None 
 </msg>
<msg time="2024-06-23T05:14:00.033470" level="INFO">GET Response : url=https://randomuser.me/api 
 status=200, reason=OK 
 headers={'Date': 'Sun, 23 Jun 2024 05:14:00 GMT', 'Content-Type': 'application/json; charset=utf-8', 'Transfer-Encoding': 'chunked', 'Connection': 'keep-alive', 'X-Powered-By': 'Express', 'Access-Control-Allow-Origin': '*', 'Cache-Control': 'no-cache', 'ETag': 'W/"492-dNghpjTMDvB8MdionJ21Nt0i7cI"', 'Vary': 'Accept-Encoding', 'Content-Encoding': 'gzip', 'CF-Cache-Status': 'DYNAMIC', 'Report-To': '{"endpoints":[{"url":"https:\\/\\/a.nel.cloudflare.com\\/report\\/v4?s=9nOOz24Zmu%2FMDY2zMNFjnOwplKA5kcUorcAsl2%2BNx9ghQZ33RBfzYyXURq9bfsuMW%2B20lLCvBFX7E%2BadxYBDkXJV5qlHwnEeiRJms5WrG9ye4RIzfpSdeZBLOsOklyRX"}],"group":"cf-nel","max_age":604800}', 'NEL': '{"success_fraction":0,"report_to":"cf-nel","max_age":604800}', 'Server': 'cloudflare', 'CF-RAY': '8981fdf5991c57ea-IAD', 'alt-svc': 'h3=":443"; ma=86400'} 
 body={"results":[{"gender":"female","name":{"title":"Miss","first":"Frida","last":"Christensen"},"location":{"street":{"number":9789,"name":"Lyngbyvej"},"city":"Kvistgaard","state":"Nordjylland","country":"Denmark","postcode":82824,"coordinates":{"latitude":"-42.0728","longitude":"52.3498"},"timezone":{"offset":"+4:00","description":"Abu Dhabi, Muscat, Baku, Tbilisi"}},"email":"frida.christensen@example.com","login":{"uuid":"512af76a-ceda-4521-92e4-5df02b69494c","username":"browngoose850","password":"true","salt":"42PvihJj","md5":"567fe83ab2ef818ce7d7215c75381441","sha1":"aa505caf1587cc26804575348c0e8d7356900afe","sha256":"6032b9c045c11b35ca5aca8a2ba7e5401847bfed3d1340ad508aa2be8f932e36"},"dob":{"date":"1999-04-29T17:31:11.297Z","age":25},"registered":{"date":"2003-02-26T18:50:41.941Z","age":21},"phone":"73536370","cell":"30459789","id":{"name":"CPR","value":"290499-3624"},"picture":{"large":"https://randomuser.me/api/portraits/women/12.jpg","medium":"https://randomuser.me/api/portraits/med/women/12.jpg","thumbnail":"https://randomuser.me/api/portraits/thumb/women/12.jpg"},"nat":"DK"}],"info":{"seed":"9c91fcd7b6d51875","results":1,"page":1,"version":"1.4"}} 
 </msg>
<msg time="2024-06-23T05:14:00.033608" level="INFO">/opt/hostedtoolcache/Python/3.12.4/x64/lib/python3.12/site-packages/urllib3/connectionpool.py:1099: InsecureRequestWarning: Unverified HTTPS request is being made to host 'randomuser.me'. Adding certificate verification is strongly advised. See: https://urllib3.readthedocs.io/en/latest/advanced-usage.html#tls-warnings
  warnings.warn(</msg>
<msg time="2024-06-23T05:14:00.033767" level="INFO">${response} = &lt;Response [200]&gt;</msg>
<var>${response}</var>
<arg>consultarAPI</arg>
<arg>/api</arg>
<doc>Sends a GET request on a previously created HTTP Session.</doc>
<status status="PASS" start="2024-06-23T05:13:59.945899" elapsed="0.087913"/>
</kw>
<kw name="Set Variable" owner="BuiltIn">
<msg time="2024-06-23T05:14:00.034880" level="INFO">${json_data} = {'results': [{'gender': 'female', 'name': {'title': 'Miss', 'first': 'Frida', 'last': 'Christensen'}, 'location': {'street': {'number': 9789, 'name': 'Lyngbyvej'}, 'city': 'Kvistgaard', 'state': 'Nord...</msg>
<var>${json_data}</var>
<arg>${response.json()}</arg>
<doc>Returns the given values which can then be assigned to a variables.</doc>
<status status="PASS" start="2024-06-23T05:14:00.034342" elapsed="0.000569"/>
</kw>
<kw name="Log" owner="BuiltIn">
<msg time="2024-06-23T05:14:00.035407" level="INFO">{'results': [{'gender': 'female', 'name': {'title': 'Miss', 'first': 'Frida', 'last': 'Christensen'}, 'location': {'street': {'number': 9789, 'name': 'Lyngbyvej'}, 'city': 'Kvistgaard', 'state': 'Nordjylland', 'country': 'Denmark', 'postcode': 82824, 'coordinates': {'latitude': '-42.0728', 'longitude': '52.3498'}, 'timezone': {'offset': '+4:00', 'description': 'Abu Dhabi, Muscat, Baku, Tbilisi'}}, 'email': 'frida.christensen@example.com', 'login': {'uuid': '512af76a-ceda-4521-92e4-5df02b69494c', 'username': 'browngoose850', 'password': 'true', 'salt': '42PvihJj', 'md5': '567fe83ab2ef818ce7d7215c75381441', 'sha1': 'aa505caf1587cc26804575348c0e8d7356900afe', 'sha256': '6032b9c045c11b35ca5aca8a2ba7e5401847bfed3d1340ad508aa2be8f932e36'}, 'dob': {'date': '1999-04-29T17:31:11.297Z', 'age': 25}, 'registered': {'date': '2003-02-26T18:50:41.941Z', 'age': 21}, 'phone': '73536370', 'cell': '30459789', 'id': {'name': 'CPR', 'value': '290499-3624'}, 'picture': {'large': 'https://randomuser.me/api/portraits/women/12.jpg', 'medium': 'https://randomuser.me/api/portraits/med/women/12.jpg', 'thumbnail': 'https://randomuser.me/api/portraits/thumb/women/12.jpg'}, 'nat': 'DK'}], 'info': {'seed': '9c91fcd7b6d51875', 'results': 1, 'page': 1, 'version': '1.4'}}</msg>
<arg>${json_data}</arg>
<doc>Logs the given message with the given level.</doc>
<status status="PASS" start="2024-06-23T05:14:00.035234" elapsed="0.000225"/>
</kw>
<kw name="Dictionary Should Contain Key" owner="Collections">
<arg>${json_data}</arg>
<arg>results</arg>
<doc>Fails if ``key`` is not found from ``dictionary``.</doc>
<status status="PASS" start="2024-06-23T05:14:00.035760" elapsed="0.000164"/>
</kw>
<kw name="Should Not Be Empty" owner="BuiltIn">
<msg time="2024-06-23T05:14:00.036239" level="INFO">Length is 2.</msg>
<arg>${json_data}</arg>
<doc>Verifies that the given item is not empty.</doc>
<status status="PASS" start="2024-06-23T05:14:00.036110" elapsed="0.000177"/>
</kw>
<kw name="Create List" owner="BuiltIn">
<msg time="2024-06-23T05:14:00.036929" level="INFO">${expected_keys} = ['gender', 'name', 'location', 'email', 'login']</msg>
<var>${expected_keys}</var>
<arg>gender</arg>
<arg>name</arg>
<arg>location</arg>
<arg>email</arg>
<arg>login</arg>
<doc>Returns a list containing given items.</doc>
<status status="PASS" start="2024-06-23T05:14:00.036596" elapsed="0.000358"/>
</kw>
<for flavor="IN">
<iter>
<kw name="Dictionary Should Contain Key" owner="Collections">
<arg>${json_data['results'][0]}</arg>
<arg>${key}</arg>
<doc>Fails if ``key`` is not found from ``dictionary``.</doc>
<status status="PASS" start="2024-06-23T05:14:00.037617" elapsed="0.000431"/>
</kw>
<kw name="Log" owner="BuiltIn">
<msg time="2024-06-23T05:14:00.038606" level="INFO">{'gender': 'female', 'name': {'title': 'Miss', 'first': 'Frida', 'last': 'Christensen'}, 'location': {'street': {'number': 9789, 'name': 'Lyngbyvej'}, 'city': 'Kvistgaard', 'state': 'Nordjylland', 'country': 'Denmark', 'postcode': 82824, 'coordinates': {'latitude': '-42.0728', 'longitude': '52.3498'}, 'timezone': {'offset': '+4:00', 'description': 'Abu Dhabi, Muscat, Baku, Tbilisi'}}, 'email': 'frida.christensen@example.com', 'login': {'uuid': '512af76a-ceda-4521-92e4-5df02b69494c', 'username': 'browngoose850', 'password': 'true', 'salt': '42PvihJj', 'md5': '567fe83ab2ef818ce7d7215c75381441', 'sha1': 'aa505caf1587cc26804575348c0e8d7356900afe', 'sha256': '6032b9c045c11b35ca5aca8a2ba7e5401847bfed3d1340ad508aa2be8f932e36'}, 'dob': {'date': '1999-04-29T17:31:11.297Z', 'age': 25}, 'registered': {'date': '2003-02-26T18:50:41.941Z', 'age': 21}, 'phone': '73536370', 'cell': '30459789', 'id': {'name': 'CPR', 'value': '290499-3624'}, 'picture': {'large': 'https://randomuser.me/api/portraits/women/12.jpg', 'medium': 'https://randomuser.me/api/portraits/med/women/12.jpg', 'thumbnail': 'https://randomuser.me/api/portraits/thumb/women/12.jpg'}, 'nat': 'DK'}</msg>
<arg>${json_data['results'][0]}</arg>
<doc>Logs the given message with the given level.</doc>
<status status="PASS" start="2024-06-23T05:14:00.038243" elapsed="0.000413"/>
</kw>
<kw name="Log" owner="BuiltIn">
<msg time="2024-06-23T05:14:00.039100" level="INFO">gender</msg>
<arg>${key}</arg>
<doc>Logs the given message with the given level.</doc>
<status status="PASS" start="2024-06-23T05:14:00.038967" elapsed="0.000176"/>
</kw>
<var name="${key}">gender</var>
<status status="PASS" start="2024-06-23T05:14:00.037484" elapsed="0.001879"/>
</iter>
<iter>
<kw name="Dictionary Should Contain Key" owner="Collections">
<arg>${json_data['results'][0]}</arg>
<arg>${key}</arg>
<doc>Fails if ``key`` is not found from ``dictionary``.</doc>
<status status="PASS" start="2024-06-23T05:14:00.039673" elapsed="0.000410"/>
</kw>
<kw name="Log" owner="BuiltIn">
<msg time="2024-06-23T05:14:00.040632" level="INFO">{'gender': 'female', 'name': {'title': 'Miss', 'first': 'Frida', 'last': 'Christensen'}, 'location': {'street': {'number': 9789, 'name': 'Lyngbyvej'}, 'city': 'Kvistgaard', 'state': 'Nordjylland', 'country': 'Denmark', 'postcode': 82824, 'coordinates': {'latitude': '-42.0728', 'longitude': '52.3498'}, 'timezone': {'offset': '+4:00', 'description': 'Abu Dhabi, Muscat, Baku, Tbilisi'}}, 'email': 'frida.christensen@example.com', 'login': {'uuid': '512af76a-ceda-4521-92e4-5df02b69494c', 'username': 'browngoose850', 'password': 'true', 'salt': '42PvihJj', 'md5': '567fe83ab2ef818ce7d7215c75381441', 'sha1': 'aa505caf1587cc26804575348c0e8d7356900afe', 'sha256': '6032b9c045c11b35ca5aca8a2ba7e5401847bfed3d1340ad508aa2be8f932e36'}, 'dob': {'date': '1999-04-29T17:31:11.297Z', 'age': 25}, 'registered': {'date': '2003-02-26T18:50:41.941Z', 'age': 21}, 'phone': '73536370', 'cell': '30459789', 'id': {'name': 'CPR', 'value': '290499-3624'}, 'picture': {'large': 'https://randomuser.me/api/portraits/women/12.jpg', 'medium': 'https://randomuser.me/api/portraits/med/women/12.jpg', 'thumbnail': 'https://randomuser.me/api/portraits/thumb/women/12.jpg'}, 'nat': 'DK'}</msg>
<arg>${json_data['results'][0]}</arg>
<doc>Logs the given message with the given level.</doc>
<status status="PASS" start="2024-06-23T05:14:00.040273" elapsed="0.000452"/>
</kw>
<kw name="Log" owner="BuiltIn">
<msg time="2024-06-23T05:14:00.041167" level="INFO">name</msg>
<arg>${key}</arg>
<doc>Logs the given message with the given level.</doc>
<status status="PASS" start="2024-06-23T05:14:00.041037" elapsed="0.000170"/>
</kw>
<var name="${key}">name</var>
<status status="PASS" start="2024-06-23T05:14:00.039555" elapsed="0.001898"/>
</iter>
<iter>
<kw name="Dictionary Should Contain Key" owner="Collections">
<arg>${json_data['results'][0]}</arg>
<arg>${key}</arg>
<doc>Fails if ``key`` is not found from ``dictionary``.</doc>
<status status="PASS" start="2024-06-23T05:14:00.041746" elapsed="0.000401"/>
</kw>
<kw name="Log" owner="BuiltIn">
<msg time="2024-06-23T05:14:00.042695" level="INFO">{'gender': 'female', 'name': {'title': 'Miss', 'first': 'Frida', 'last': 'Christensen'}, 'location': {'street': {'number': 9789, 'name': 'Lyngbyvej'}, 'city': 'Kvistgaard', 'state': 'Nordjylland', 'country': 'Denmark', 'postcode': 82824, 'coordinates': {'latitude': '-42.0728', 'longitude': '52.3498'}, 'timezone': {'offset': '+4:00', 'description': 'Abu Dhabi, Muscat, Baku, Tbilisi'}}, 'email': 'frida.christensen@example.com', 'login': {'uuid': '512af76a-ceda-4521-92e4-5df02b69494c', 'username': 'browngoose850', 'password': 'true', 'salt': '42PvihJj', 'md5': '567fe83ab2ef818ce7d7215c75381441', 'sha1': 'aa505caf1587cc26804575348c0e8d7356900afe', 'sha256': '6032b9c045c11b35ca5aca8a2ba7e5401847bfed3d1340ad508aa2be8f932e36'}, 'dob': {'date': '1999-04-29T17:31:11.297Z', 'age': 25}, 'registered': {'date': '2003-02-26T18:50:41.941Z', 'age': 21}, 'phone': '73536370', 'cell': '30459789', 'id': {'name': 'CPR', 'value': '290499-3624'}, 'picture': {'large': 'https://randomuser.me/api/portraits/women/12.jpg', 'medium': 'https://randomuser.me/api/portraits/med/women/12.jpg', 'thumbnail': 'https://randomuser.me/api/portraits/thumb/women/12.jpg'}, 'nat': 'DK'}</msg>
<arg>${json_data['results'][0]}</arg>
<doc>Logs the given message with the given level.</doc>
<status status="PASS" start="2024-06-23T05:14:00.042334" elapsed="0.000411"/>
</kw>
<kw name="Log" owner="BuiltIn">
<msg time="2024-06-23T05:14:00.043173" level="INFO">location</msg>
<arg>${key}</arg>
<doc>Logs the given message with the given level.</doc>
<status status="PASS" start="2024-06-23T05:14:00.043042" elapsed="0.000170"/>
</kw>
<var name="${key}">location</var>
<status status="PASS" start="2024-06-23T05:14:00.041637" elapsed="0.001797"/>
</iter>
<iter>
<kw name="Dictionary Should Contain Key" owner="Collections">
<arg>${json_data['results'][0]}</arg>
<arg>${key}</arg>
<doc>Fails if ``key`` is not found from ``dictionary``.</doc>
<status status="PASS" start="2024-06-23T05:14:00.043723" elapsed="0.000385"/>
</kw>
<kw name="Log" owner="BuiltIn">
<msg time="2024-06-23T05:14:00.044656" level="INFO">{'gender': 'female', 'name': {'title': 'Miss', 'first': 'Frida', 'last': 'Christensen'}, 'location': {'street': {'number': 9789, 'name': 'Lyngbyvej'}, 'city': 'Kvistgaard', 'state': 'Nordjylland', 'country': 'Denmark', 'postcode': 82824, 'coordinates': {'latitude': '-42.0728', 'longitude': '52.3498'}, 'timezone': {'offset': '+4:00', 'description': 'Abu Dhabi, Muscat, Baku, Tbilisi'}}, 'email': 'frida.christensen@example.com', 'login': {'uuid': '512af76a-ceda-4521-92e4-5df02b69494c', 'username': 'browngoose850', 'password': 'true', 'salt': '42PvihJj', 'md5': '567fe83ab2ef818ce7d7215c75381441', 'sha1': 'aa505caf1587cc26804575348c0e8d7356900afe', 'sha256': '6032b9c045c11b35ca5aca8a2ba7e5401847bfed3d1340ad508aa2be8f932e36'}, 'dob': {'date': '1999-04-29T17:31:11.297Z', 'age': 25}, 'registered': {'date': '2003-02-26T18:50:41.941Z', 'age': 21}, 'phone': '73536370', 'cell': '30459789', 'id': {'name': 'CPR', 'value': '290499-3624'}, 'picture': {'large': 'https://randomuser.me/api/portraits/women/12.jpg', 'medium': 'https://randomuser.me/api/portraits/med/women/12.jpg', 'thumbnail': 'https://randomuser.me/api/portraits/thumb/women/12.jpg'}, 'nat': 'DK'}</msg>
<arg>${json_data['results'][0]}</arg>
<doc>Logs the given message with the given level.</doc>
<status status="PASS" start="2024-06-23T05:14:00.044298" elapsed="0.000411"/>
</kw>
<kw name="Log" owner="BuiltIn">
<msg time="2024-06-23T05:14:00.045140" level="INFO">email</msg>
<arg>${key}</arg>
<doc>Logs the given message with the given level.</doc>
<status status="PASS" start="2024-06-23T05:14:00.045015" elapsed="0.000165"/>
</kw>
<var name="${key}">email</var>
<status status="PASS" start="2024-06-23T05:14:00.043613" elapsed="0.001828"/>
</iter>
<iter>
<kw name="Dictionary Should Contain Key" owner="Collections">
<arg>${json_data['results'][0]}</arg>
<arg>${key}</arg>
<doc>Fails if ``key`` is not found from ``dictionary``.</doc>
<status status="PASS" start="2024-06-23T05:14:00.045732" elapsed="0.000404"/>
</kw>
<kw name="Log" owner="BuiltIn">
<msg time="2024-06-23T05:14:00.046681" level="INFO">{'gender': 'female', 'name': {'title': 'Miss', 'first': 'Frida', 'last': 'Christensen'}, 'location': {'street': {'number': 9789, 'name': 'Lyngbyvej'}, 'city': 'Kvistgaard', 'state': 'Nordjylland', 'country': 'Denmark', 'postcode': 82824, 'coordinates': {'latitude': '-42.0728', 'longitude': '52.3498'}, 'timezone': {'offset': '+4:00', 'description': 'Abu Dhabi, Muscat, Baku, Tbilisi'}}, 'email': 'frida.christensen@example.com', 'login': {'uuid': '512af76a-ceda-4521-92e4-5df02b69494c', 'username': 'browngoose850', 'password': 'true', 'salt': '42PvihJj', 'md5': '567fe83ab2ef818ce7d7215c75381441', 'sha1': 'aa505caf1587cc26804575348c0e8d7356900afe', 'sha256': '6032b9c045c11b35ca5aca8a2ba7e5401847bfed3d1340ad508aa2be8f932e36'}, 'dob': {'date': '1999-04-29T17:31:11.297Z', 'age': 25}, 'registered': {'date': '2003-02-26T18:50:41.941Z', 'age': 21}, 'phone': '73536370', 'cell': '30459789', 'id': {'name': 'CPR', 'value': '290499-3624'}, 'picture': {'large': 'https://randomuser.me/api/portraits/women/12.jpg', 'medium': 'https://randomuser.me/api/portraits/med/women/12.jpg', 'thumbnail': 'https://randomuser.me/api/portraits/thumb/women/12.jpg'}, 'nat': 'DK'}</msg>
<arg>${json_data['results'][0]}</arg>
<doc>Logs the given message with the given level.</doc>
<status status="PASS" start="2024-06-23T05:14:00.046328" elapsed="0.000402"/>
</kw>
<kw name="Log" owner="BuiltIn">
<msg time="2024-06-23T05:14:00.047172" level="INFO">login</msg>
<arg>${key}</arg>
<doc>Logs the given message with the given level.</doc>
<status status="PASS" start="2024-06-23T05:14:00.047041" elapsed="0.000170"/>
</kw>
<var name="${key}">login</var>
<status status="PASS" start="2024-06-23T05:14:00.045619" elapsed="0.001809"/>
</iter>
<var>${key}</var>
<value>@{expected_keys}</value>
<status status="PASS" start="2024-06-23T05:14:00.037227" elapsed="0.010322"/>
</for>
<kw name="Create List" owner="BuiltIn">
<msg time="2024-06-23T05:14:00.047879" level="INFO">${expected_keysTwo} = ['username', 'password']</msg>
<var>${expected_keysTwo}</var>
<arg>username</arg>
<arg>password</arg>
<doc>Returns a list containing given items.</doc>
<status status="PASS" start="2024-06-23T05:14:00.047740" elapsed="0.000193"/>
</kw>
<for flavor="IN">
<iter>
<kw name="Dictionary Should Contain Key" owner="Collections">
<arg>${json_data['results'][0]['login']}</arg>
<arg>${keyTwo}</arg>
<doc>Fails if ``key`` is not found from ``dictionary``.</doc>
<status status="PASS" start="2024-06-23T05:14:00.048442" elapsed="0.000394"/>
</kw>
<kw name="Dictionary Should Contain Key" owner="Collections">
<arg>${json_data['results'][0]['login']}</arg>
<arg>${keyTwo}</arg>
<doc>Fails if ``key`` is not found from ``dictionary``.</doc>
<status status="PASS" start="2024-06-23T05:14:00.049027" elapsed="0.000444"/>
</kw>
<kw name="Log" owner="BuiltIn">
<msg time="2024-06-23T05:14:00.049784" level="INFO">username</msg>
<arg>${keyTwo}</arg>
<doc>Logs the given message with the given level.</doc>
<status status="PASS" start="2024-06-23T05:14:00.049658" elapsed="0.000165"/>
</kw>
<var name="${keyTwo}">username</var>
<status status="PASS" start="2024-06-23T05:14:00.048334" elapsed="0.001720"/>
</iter>
<iter>
<kw name="Dictionary Should Contain Key" owner="Collections">
<arg>${json_data['results'][0]['login']}</arg>
<arg>${keyTwo}</arg>
<doc>Fails if ``key`` is not found from ``dictionary``.</doc>
<status status="PASS" start="2024-06-23T05:14:00.050337" elapsed="0.000384"/>
</kw>
<kw name="Dictionary Should Contain Key" owner="Collections">
<arg>${json_data['results'][0]['login']}</arg>
<arg>${keyTwo}</arg>
<doc>Fails if ``key`` is not found from ``dictionary``.</doc>
<status status="PASS" start="2024-06-23T05:14:00.050901" elapsed="0.000398"/>
</kw>
<kw name="Log" owner="BuiltIn">
<msg time="2024-06-23T05:14:00.051596" level="INFO">password</msg>
<arg>${keyTwo}</arg>
<doc>Logs the given message with the given level.</doc>
<status status="PASS" start="2024-06-23T05:14:00.051478" elapsed="0.000156"/>
</kw>
<var name="${keyTwo}">password</var>
<status status="PASS" start="2024-06-23T05:14:00.050228" elapsed="0.001729"/>
</iter>
<var>${keyTwo}</var>
<value>@{expected_keysTwo}</value>
<status status="PASS" start="2024-06-23T05:14:00.048180" elapsed="0.003900"/>
</for>
<status status="PASS" start="2024-06-23T05:13:59.945536" elapsed="0.106682"/>
</kw>
<doc>Testa a estrutura da resposta da API.</doc>
<tag>testeEstruturaResposta</tag>
<status status="PASS" start="2024-06-23T05:13:59.944726" elapsed="0.107647"/>
</test>
<test id="s1-s1-t4" name="Validar tipos de dados" line="28">
<kw name="Teste de Tipos de Dados" owner="random-user-service">
<kw name="GET On Session" owner="RequestsLibrary">
<msg time="2024-06-23T05:14:00.348482" level="INFO">GET Request : url=https://randomuser.me/api 
 path_url=/api 
 headers={'User-Agent': 'python-requests/2.32.3', 'Accept-Encoding': 'gzip, deflate', 'Accept': '*/*', 'Connection': 'keep-alive'} 
 body=None 
 </msg>
<msg time="2024-06-23T05:14:00.348598" level="INFO">GET Response : url=https://randomuser.me/api 
 status=200, reason=OK 
 headers={'Date': 'Sun, 23 Jun 2024 05:14:00 GMT', 'Content-Type': 'application/json; charset=utf-8', 'Transfer-Encoding': 'chunked', 'Connection': 'keep-alive', 'X-Powered-By': 'Express', 'Access-Control-Allow-Origin': '*', 'Cache-Control': 'no-cache', 'ETag': 'W/"47c-JgsCFSftoGu95P4kc0tKMKPAdfE"', 'Vary': 'Accept-Encoding', 'Content-Encoding': 'gzip', 'CF-Cache-Status': 'DYNAMIC', 'Report-To': '{"endpoints":[{"url":"https:\\/\\/a.nel.cloudflare.com\\/report\\/v4?s=Wyaa3RyO9UbggX97xdoT3MGeDqBe3tTrBBIy%2BaF2%2FZL6BHns8MsG7QHN5I498pdwJRs3UIS8ZHWtzhM50jofZg5sGaG2hiNlrnN6JOYv3W1aqzbqKOd05y3o%2FzmdAJj9"}],"group":"cf-nel","max_age":604800}', 'NEL': '{"success_fraction":0,"report_to":"cf-nel","max_age":604800}', 'Server': 'cloudflare', 'CF-RAY': '8981fdf6497d57ea-IAD', 'alt-svc': 'h3=":443"; ma=86400'} 
 body={"results":[{"gender":"female","name":{"title":"Mrs","first":"Afet","last":"Evliyaoğlu"},"location":{"street":{"number":4984,"name":"Istiklal Cd"},"city":"Ordu","state":"Kastamonu","country":"Turkey","postcode":99093,"coordinates":{"latitude":"69.4509","longitude":"155.2262"},"timezone":{"offset":"-11:00","description":"Midway Island, Samoa"}},"email":"afet.evliyaoglu@example.com","login":{"uuid":"065077a7-f22a-4091-8005-b37104b64fee","username":"goldenpeacock283","password":"4711","salt":"kkMbMhXc","md5":"d7f39e73017adbdd740defc948f49f1b","sha1":"15f8c4524e8356cf46dcdb22d3eb3edfa79de806","sha256":"c120f898d7b5b5e353ae5d0276c4804ec741dba2244a77183344d1bc2bd0544a"},"dob":{"date":"1972-11-03T09:46:14.295Z","age":51},"registered":{"date":"2004-09-24T17:07:09.043Z","age":19},"phone":"(274)-299-9938","cell":"(737)-710-2736","id":{"name":"","value":null},"picture":{"large":"https://randomuser.me/api/portraits/women/0.jpg","medium":"https://randomuser.me/api/portraits/med/women/0.jpg","thumbnail":"https://randomuser.me/api/portraits/thumb/women/0.jpg"},"nat":"TR"}],"info":{"seed":"3aa1917628321e91","results":1,"page":1,"version":"1.4"}} 
 </msg>
<msg time="2024-06-23T05:14:00.348693" level="INFO">/opt/hostedtoolcache/Python/3.12.4/x64/lib/python3.12/site-packages/urllib3/connectionpool.py:1099: InsecureRequestWarning: Unverified HTTPS request is being made to host 'randomuser.me'. Adding certificate verification is strongly advised. See: https://urllib3.readthedocs.io/en/latest/advanced-usage.html#tls-warnings
  warnings.warn(</msg>
<msg time="2024-06-23T05:14:00.348834" level="INFO">${response} = &lt;Response [200]&gt;</msg>
<var>${response}</var>
<arg>consultarAPI</arg>
<arg>/api</arg>
<doc>Sends a GET request on a previously created HTTP Session.</doc>
<status status="PASS" start="2024-06-23T05:14:00.054993" elapsed="0.293889"/>
</kw>
<kw name="Set Variable" owner="BuiltIn">
<msg time="2024-06-23T05:14:00.349971" level="INFO">${json_data} = {'results': [{'gender': 'female', 'name': {'title': 'Mrs', 'first': 'Afet', 'last': 'Evliyaoğlu'}, 'location': {'street': {'number': 4984, 'name': 'Istiklal Cd'}, 'city': 'Ordu', 'state': 'Kastamonu',...</msg>
<var>${json_data}</var>
<arg>${response.json()}</arg>
<doc>Returns the given values which can then be assigned to a variables.</doc>
<status status="PASS" start="2024-06-23T05:14:00.349444" elapsed="0.000558"/>
</kw>
<kw name="Log" owner="BuiltIn">
<msg time="2024-06-23T05:14:00.350483" level="INFO">{'results': [{'gender': 'female', 'name': {'title': 'Mrs', 'first': 'Afet', 'last': 'Evliyaoğlu'}, 'location': {'street': {'number': 4984, 'name': 'Istiklal Cd'}, 'city': 'Ordu', 'state': 'Kastamonu', 'country': 'Turkey', 'postcode': 99093, 'coordinates': {'latitude': '69.4509', 'longitude': '155.2262'}, 'timezone': {'offset': '-11:00', 'description': 'Midway Island, Samoa'}}, 'email': 'afet.evliyaoglu@example.com', 'login': {'uuid': '065077a7-f22a-4091-8005-b37104b64fee', 'username': 'goldenpeacock283', 'password': '4711', 'salt': 'kkMbMhXc', 'md5': 'd7f39e73017adbdd740defc948f49f1b', 'sha1': '15f8c4524e8356cf46dcdb22d3eb3edfa79de806', 'sha256': 'c120f898d7b5b5e353ae5d0276c4804ec741dba2244a77183344d1bc2bd0544a'}, 'dob': {'date': '1972-11-03T09:46:14.295Z', 'age': 51}, 'registered': {'date': '2004-09-24T17:07:09.043Z', 'age': 19}, 'phone': '(274)-299-9938', 'cell': '(737)-710-2736', 'id': {'name': '', 'value': None}, 'picture': {'large': 'https://randomuser.me/api/portraits/women/0.jpg', 'medium': 'https://randomuser.me/api/portraits/med/women/0.jpg', 'thumbnail': 'https://randomuser.me/api/portraits/thumb/women/0.jpg'}, 'nat': 'TR'}], 'info': {'seed': '3aa1917628321e91', 'results': 1, 'page': 1, 'version': '1.4'}}</msg>
<arg>${json_data}</arg>
<doc>Logs the given message with the given level.</doc>
<status status="PASS" start="2024-06-23T05:14:00.350308" elapsed="0.000225"/>
</kw>
<kw name="Should Be String" owner="String">
<arg>${json_data['results'][0]['gender']}</arg>
<doc>Fails if the given ``item`` is not a string.</doc>
<status status="PASS" start="2024-06-23T05:14:00.350821" elapsed="0.000375"/>
</kw>
<kw name="Should Match Regexp" owner="BuiltIn">
<arg>${json_data['results'][0]['email']}</arg>
<arg>^[a-zA-Z0-9._%+-]+@[a-zA-Z0-9.-]+\.[a-zA-Z]{2,}$</arg>
<doc>Fails if ``string`` does not match ``pattern`` as a regular expression.</doc>
<status status="PASS" start="2024-06-23T05:14:00.351386" elapsed="0.000518"/>
</kw>
<kw name="Should Match Regexp" owner="BuiltIn">
<arg>${json_data['results'][0]['dob']['date']}</arg>
<arg>\\d{4}-\\d{2}-\\d{2}T\\d{2}:\\d{2}:\\d{2}\\.\\d{3}Z</arg>
<doc>Fails if ``string`` does not match ``pattern`` as a regular expression.</doc>
<status status="PASS" start="2024-06-23T05:14:00.352134" elapsed="0.000486"/>
</kw>
<kw name="Should Match Regexp" owner="BuiltIn">
<arg>${json_data['results'][0]['registered']['date']}</arg>
<arg>\\d{4}-\\d{2}-\\d{2}T\\d{2}:\\d{2}:\\d{2}\\.\\d{3}Z</arg>
<doc>Fails if ``string`` does not match ``pattern`` as a regular expression.</doc>
<status status="PASS" start="2024-06-23T05:14:00.352809" elapsed="0.000372"/>
</kw>
<kw name="Should Match Regexp" owner="BuiltIn">
<arg>${json_data['results'][0]['picture']['large']}</arg>
<arg>^https?://.*\.(?:png|jpe?g|gif|bmp)$</arg>
<doc>Fails if ``string`` does not match ``pattern`` as a regular expression.</doc>
<status status="PASS" start="2024-06-23T05:14:00.353396" elapsed="0.000487"/>
</kw>
<kw name="Should Match Regexp" owner="BuiltIn">
<arg>${json_data['results'][0]['picture']['medium']}</arg>
<arg>^https?://.*\.(?:png|jpe?g|gif|bmp)$</arg>
<doc>Fails if ``string`` does not match ``pattern`` as a regular expression.</doc>
<status status="PASS" start="2024-06-23T05:14:00.354069" elapsed="0.000357"/>
</kw>
<kw name="Should Match Regexp" owner="BuiltIn">
<arg>${json_data['results'][0]['picture']['thumbnail']}</arg>
<arg>^https?://.*\.(?:png|jpe?g|gif|bmp)$</arg>
<doc>Fails if ``string`` does not match ``pattern`` as a regular expression.</doc>
<status status="PASS" start="2024-06-23T05:14:00.354607" elapsed="0.000347"/>
</kw>
<kw name="Log" owner="BuiltIn">
<msg time="2024-06-23T05:14:00.355455" level="INFO">{'large': 'https://randomuser.me/api/portraits/women/0.jpg', 'medium': 'https://randomuser.me/api/portraits/med/women/0.jpg', 'thumbnail': 'https://randomuser.me/api/portraits/thumb/women/0.jpg'}</msg>
<arg>${json_data['results'][0]['picture']}</arg>
<doc>Logs the given message with the given level.</doc>
<status status="PASS" start="2024-06-23T05:14:00.355133" elapsed="0.000367"/>
</kw>
<status status="PASS" start="2024-06-23T05:14:00.054759" elapsed="0.300996"/>
</kw>
<kw name="Teste de Tipos de Dados - Postcode" owner="random-user-service">
<kw name="GET On Session" owner="RequestsLibrary">
<msg time="2024-06-23T05:14:00.615217" level="INFO">GET Request : url=https://randomuser.me/api 
 path_url=/api 
 headers={'User-Agent': 'python-requests/2.32.3', 'Accept-Encoding': 'gzip, deflate', 'Accept': '*/*', 'Connection': 'keep-alive'} 
 body=None 
 </msg>
<msg time="2024-06-23T05:14:00.615319" level="INFO">GET Response : url=https://randomuser.me/api 
 status=200, reason=OK 
 headers={'Date': 'Sun, 23 Jun 2024 05:14:00 GMT', 'Content-Type': 'application/json; charset=utf-8', 'Transfer-Encoding': 'chunked', 'Connection': 'keep-alive', 'X-Powered-By': 'Express', 'Access-Control-Allow-Origin': '*', 'Cache-Control': 'no-cache', 'ETag': 'W/"49a-p9cGQPpU2A9XkSDDFOolgX0M6J8"', 'Vary': 'Accept-Encoding', 'Content-Encoding': 'gzip', 'CF-Cache-Status': 'DYNAMIC', 'Report-To': '{"endpoints":[{"url":"https:\\/\\/a.nel.cloudflare.com\\/report\\/v4?s=o7J7m0r3RfOJ4XiLVm9jhHhZCmHpvz1sNkP7eCFbfDNw8jopwCjVIAqbY1p8PAa7v1qB%2B5wmRiGhyvIvfNTTOVmpMZXgwROXDXCVuyUhPQHehSv4Oo71SjXWtMVlhcAF"}],"group":"cf-nel","max_age":604800}', 'NEL': '{"success_fraction":0,"report_to":"cf-nel","max_age":604800}', 'Server': 'cloudflare', 'CF-RAY': '8981fdf82a7357ea-IAD', 'alt-svc': 'h3=":443"; ma=86400'} 
 body={"results":[{"gender":"female","name":{"title":"Ms","first":"Adelheid","last":"Bär"},"location":{"street":{"number":7939,"name":"Kirchplatz"},"city":"Burgstädt","state":"Saarland","country":"Germany","postcode":15790,"coordinates":{"latitude":"-49.9803","longitude":"16.5156"},"timezone":{"offset":"+8:00","description":"Beijing, Perth, Singapore, Hong Kong"}},"email":"adelheid.bar@example.com","login":{"uuid":"01bdc82b-1e3c-484c-b66a-4c98778345e4","username":"purplefish819","password":"hardball","salt":"6nYGrUox","md5":"c38ec4b8b6514512f794ed571f294729","sha1":"1d8142363feaf0199e70f648be78f10f43ba08cc","sha256":"d9847e4c4753a3158980fffc9081fb9e0c876abb3225e60f9ae438e3e983475b"},"dob":{"date":"1977-07-03T12:21:20.782Z","age":46},"registered":{"date":"2013-01-19T15:06:57.734Z","age":11},"phone":"0452-2382550","cell":"0179-3531719","id":{"name":"SVNR","value":"69 030777 B 747"},"picture":{"large":"https://randomuser.me/api/portraits/women/47.jpg","medium":"https://randomuser.me/api/portraits/med/women/47.jpg","thumbnail":"https://randomuser.me/api/portraits/thumb/women/47.jpg"},"nat":"DE"}],"info":{"seed":"6048020000494314","results":1,"page":1,"version":"1.4"}} 
 </msg>
<msg time="2024-06-23T05:14:00.615390" level="INFO">/opt/hostedtoolcache/Python/3.12.4/x64/lib/python3.12/site-packages/urllib3/connectionpool.py:1099: InsecureRequestWarning: Unverified HTTPS request is being made to host 'randomuser.me'. Adding certificate verification is strongly advised. See: https://urllib3.readthedocs.io/en/latest/advanced-usage.html#tls-warnings
  warnings.warn(</msg>
<msg time="2024-06-23T05:14:00.615526" level="INFO">${response} = &lt;Response [200]&gt;</msg>
<var>${response}</var>
<arg>consultarAPI</arg>
<arg>/api</arg>
<doc>Sends a GET request on a previously created HTTP Session.</doc>
<status status="PASS" start="2024-06-23T05:14:00.356209" elapsed="0.259358"/>
</kw>
<kw name="Set Variable" owner="BuiltIn">
<msg time="2024-06-23T05:14:00.616630" level="INFO">${json_data} = {'results': [{'gender': 'female', 'name': {'title': 'Ms', 'first': 'Adelheid', 'last': 'Bär'}, 'location': {'street': {'number': 7939, 'name': 'Kirchplatz'}, 'city': 'Burgstädt', 'state': 'Saarland', ...</msg>
<var>${json_data}</var>
<arg>${response.json()}</arg>
<doc>Returns the given values which can then be assigned to a variables.</doc>
<status status="PASS" start="2024-06-23T05:14:00.616100" elapsed="0.000561"/>
</kw>
<kw name="Log" owner="BuiltIn">
<msg time="2024-06-23T05:14:00.617118" level="INFO">{'results': [{'gender': 'female', 'name': {'title': 'Ms', 'first': 'Adelheid', 'last': 'Bär'}, 'location': {'street': {'number': 7939, 'name': 'Kirchplatz'}, 'city': 'Burgstädt', 'state': 'Saarland', 'country': 'Germany', 'postcode': 15790, 'coordinates': {'latitude': '-49.9803', 'longitude': '16.5156'}, 'timezone': {'offset': '+8:00', 'description': 'Beijing, Perth, Singapore, Hong Kong'}}, 'email': 'adelheid.bar@example.com', 'login': {'uuid': '01bdc82b-1e3c-484c-b66a-4c98778345e4', 'username': 'purplefish819', 'password': 'hardball', 'salt': '6nYGrUox', 'md5': 'c38ec4b8b6514512f794ed571f294729', 'sha1': '1d8142363feaf0199e70f648be78f10f43ba08cc', 'sha256': 'd9847e4c4753a3158980fffc9081fb9e0c876abb3225e60f9ae438e3e983475b'}, 'dob': {'date': '1977-07-03T12:21:20.782Z', 'age': 46}, 'registered': {'date': '2013-01-19T15:06:57.734Z', 'age': 11}, 'phone': '0452-2382550', 'cell': '0179-3531719', 'id': {'name': 'SVNR', 'value': '69 030777 B 747'}, 'picture': {'large': 'https://randomuser.me/api/portraits/women/47.jpg', 'medium': 'https://randomuser.me/api/portraits/med/women/47.jpg', 'thumbnail': 'https://randomuser.me/api/portraits/thumb/women/47.jpg'}, 'nat': 'DE'}], 'info': {'seed': '6048020000494314', 'results': 1, 'page': 1, 'version': '1.4'}}</msg>
<arg>${json_data}</arg>
<doc>Logs the given message with the given level.</doc>
<status status="PASS" start="2024-06-23T05:14:00.616962" elapsed="0.000231"/>
</kw>
<kw name="Should Be Equal As Numbers" owner="BuiltIn">
<arg>${json_data['results'][0]['location']['postcode']}</arg>
<arg>${json_data['results'][0]['location']['postcode']}</arg>
<doc>Fails if objects are unequal after converting them to real numbers.</doc>
<status status="PASS" start="2024-06-23T05:14:00.617545" elapsed="0.000621"/>
</kw>
<kw name="Log" owner="BuiltIn">
<msg time="2024-06-23T05:14:00.618858" level="INFO">15790</msg>
<arg>${json_data['results'][0]['location']['postcode']}</arg>
<doc>Logs the given message with the given level.</doc>
<status status="PASS" start="2024-06-23T05:14:00.618351" elapsed="0.000549"/>
</kw>
<status status="PASS" start="2024-06-23T05:14:00.355981" elapsed="0.263204"/>
</kw>
<doc>Testa se os tipos de dados na resposta da API estão corretos.</doc>
<tag>testeTiposDados</tag>
<status status="PASS" start="2024-06-23T05:14:00.054277" elapsed="0.565121"/>
</test>
<test id="s1-s1-t5" name="Validar conteudo" line="35">
<kw name="Teste de Tipos de Conteudo" owner="random-user-service">
<kw name="GET On Session" owner="RequestsLibrary">
<msg time="2024-06-23T05:14:00.685017" level="INFO">GET Request : url=https://randomuser.me/api 
 path_url=/api 
 headers={'User-Agent': 'python-requests/2.32.3', 'Accept-Encoding': 'gzip, deflate', 'Accept': '*/*', 'Connection': 'keep-alive'} 
 body=None 
 </msg>
<msg time="2024-06-23T05:14:00.685122" level="INFO">GET Response : url=https://randomuser.me/api 
 status=200, reason=OK 
 headers={'Date': 'Sun, 23 Jun 2024 05:14:00 GMT', 'Content-Type': 'application/json; charset=utf-8', 'Transfer-Encoding': 'chunked', 'Connection': 'keep-alive', 'X-Powered-By': 'Express', 'Access-Control-Allow-Origin': '*', 'Cache-Control': 'no-cache', 'ETag': 'W/"494-vt0W3FtXNjxASZGg3ITRTKDKXOw"', 'Vary': 'Accept-Encoding', 'Content-Encoding': 'gzip', 'CF-Cache-Status': 'DYNAMIC', 'Report-To': '{"endpoints":[{"url":"https:\\/\\/a.nel.cloudflare.com\\/report\\/v4?s=IFwUSGml%2FEful0671wRFgN%2Fl7A6nUYBsSj%2FmLV%2BXfjY56KeXuAYUxgJ%2BUPDMT%2FTko0Wqfa7MJwwkogO4in9fHeg8qP%2BIdTFszI89uPEcpPh9OQzcSOudYpLZ9ZlhjvBu"}],"group":"cf-nel","max_age":604800}', 'NEL': '{"success_fraction":0,"report_to":"cf-nel","max_age":604800}', 'Server': 'cloudflare', 'CF-RAY': '8981fdf9db5157ea-IAD', 'alt-svc': 'h3=":443"; ma=86400'} 
 body={"results":[{"gender":"female","name":{"title":"Mrs","first":"Eva","last":"Sales"},"location":{"street":{"number":9909,"name":"Avenida da Legalidade"},"city":"Taboão da Serra","state":"Rio Grande do Norte","country":"Brazil","postcode":75520,"coordinates":{"latitude":"-79.5294","longitude":"112.6026"},"timezone":{"offset":"+3:30","description":"Tehran"}},"email":"eva.sales@example.com","login":{"uuid":"5e89f0eb-b61d-41e5-9563-51b0ca462ca2","username":"browngoose161","password":"guardian","salt":"zf2h4wJw","md5":"ae70f1b4aa505f12f3152a66b0de18d9","sha1":"8aa9c1c38b8989a41d7640148debee92952a4106","sha256":"910e514d4fb9869e99abab958bd47634305af649ee523a824c8a093005ec3b99"},"dob":{"date":"1983-10-29T23:57:05.824Z","age":40},"registered":{"date":"2002-04-29T01:18:50.671Z","age":22},"phone":"(62) 3186-1972","cell":"(06) 2968-5983","id":{"name":"CPF","value":"114.820.620-56"},"picture":{"large":"https://randomuser.me/api/portraits/women/78.jpg","medium":"https://randomuser.me/api/portraits/med/women/78.jpg","thumbnail":"https://randomuser.me/api/portraits/thumb/women/78.jpg"},"nat":"BR"}],"info":{"seed":"d75b4fda2eed3720","results":1,"page":1,"version":"1.4"}} 
 </msg>
<msg time="2024-06-23T05:14:00.685201" level="INFO">/opt/hostedtoolcache/Python/3.12.4/x64/lib/python3.12/site-packages/urllib3/connectionpool.py:1099: InsecureRequestWarning: Unverified HTTPS request is being made to host 'randomuser.me'. Adding certificate verification is strongly advised. See: https://urllib3.readthedocs.io/en/latest/advanced-usage.html#tls-warnings
  warnings.warn(</msg>
<msg time="2024-06-23T05:14:00.685371" level="INFO">${response} = &lt;Response [200]&gt;</msg>
<var>${response}</var>
<arg>consultarAPI</arg>
<arg>/api</arg>
<doc>Sends a GET request on a previously created HTTP Session.</doc>
<status status="PASS" start="2024-06-23T05:14:00.622309" elapsed="0.063106"/>
</kw>
<kw name="Set Variable" owner="BuiltIn">
<msg time="2024-06-23T05:14:00.686362" level="INFO">${json_data} = {'results': [{'gender': 'female', 'name': {'title': 'Mrs', 'first': 'Eva', 'last': 'Sales'}, 'location': {'street': {'number': 9909, 'name': 'Avenida da Legalidade'}, 'city': 'Taboão da Serra', 'state...</msg>
<var>${json_data}</var>
<arg>${response.json()}</arg>
<doc>Returns the given values which can then be assigned to a variables.</doc>
<status status="PASS" start="2024-06-23T05:14:00.685863" elapsed="0.000529"/>
</kw>
<kw name="Set Variable" owner="BuiltIn">
<msg time="2024-06-23T05:14:00.687078" level="INFO">${name_title} = Mrs</msg>
<var>${name_title}</var>
<arg>${json_data["results"][0]["name"]["title"]}</arg>
<doc>Returns the given values which can then be assigned to a variables.</doc>
<status status="PASS" start="2024-06-23T05:14:00.686691" elapsed="0.000413"/>
</kw>
<kw name="Create List" owner="BuiltIn">
<msg time="2024-06-23T05:14:00.687547" level="INFO">${allowed_titles} = ['Mr', 'Ms', 'Miss', 'Mrs', 'Madame', 'Monsieur']</msg>
<var>${allowed_titles}</var>
<arg>Mr</arg>
<arg>Ms</arg>
<arg>Miss</arg>
<arg>Mrs</arg>
<arg>Madame</arg>
<arg>Monsieur</arg>
<doc>Returns a list containing given items.</doc>
<status status="PASS" start="2024-06-23T05:14:00.687400" elapsed="0.000171"/>
</kw>
<kw name="List Should Contain Value" owner="Collections">
<arg>${allowed_titles}</arg>
<arg>${name_title}</arg>
<doc>Fails if the ``value`` is not found from ``list``.</doc>
<status status="PASS" start="2024-06-23T05:14:00.687870" elapsed="0.000179"/>
</kw>
<kw name="Set Variable" owner="BuiltIn">
<msg time="2024-06-23T05:14:00.688605" level="INFO">${name_country} = BR</msg>
<var>${name_country}</var>
<arg>${json_data["results"][0]["nat"]}</arg>
<doc>Returns the given values which can then be assigned to a variables.</doc>
<status status="PASS" start="2024-06-23T05:14:00.688226" elapsed="0.000404"/>
</kw>
<kw name="Create List" owner="BuiltIn">
<msg time="2024-06-23T05:14:00.689552" level="INFO">${list_country} = ['AD', 'AE', 'AF', 'AG', 'AI', 'AL', 'AM', 'AO', 'AQ', 'AR', 'AS', 'AT', 'AU', 'AW', 'AX', 'AZ', 'BA', 'BB', 'BD', 'BE', 'BF', 'BG', 'BH', 'BI', 'BJ', 'BL', 'BM', 'BN', 'BO', 'BQ', 'BR', 'BS', 'BT', '...</msg>
<var>${list_country}</var>
<arg>AD</arg>
<arg>AE</arg>
<arg>AF</arg>
<arg>AG</arg>
<arg>AI</arg>
<arg>AL</arg>
<arg>AM</arg>
<arg>AO</arg>
<arg>AQ</arg>
<arg>AR</arg>
<arg>AS</arg>
<arg>AT</arg>
<arg>AU</arg>
<arg>AW</arg>
<arg>AX</arg>
<arg>AZ</arg>
<arg>BA</arg>
<arg>BB</arg>
<arg>BD</arg>
<arg>BE</arg>
<arg>BF</arg>
<arg>BG</arg>
<arg>BH</arg>
<arg>BI</arg>
<arg>BJ</arg>
<arg>BL</arg>
<arg>BM</arg>
<arg>BN</arg>
<arg>BO</arg>
<arg>BQ</arg>
<arg>BR</arg>
<arg>BS</arg>
<arg>BT</arg>
<arg>BV</arg>
<arg>BW</arg>
<arg>BY</arg>
<arg>BZ</arg>
<arg>CA</arg>
<arg>CC</arg>
<arg>CD</arg>
<arg>CF</arg>
<arg>CG</arg>
<arg>CH</arg>
<arg>CI</arg>
<arg>CK</arg>
<arg>CL</arg>
<arg>CM</arg>
<arg>CN</arg>
<arg>CO</arg>
<arg>CR</arg>
<arg>CU</arg>
<arg>CV</arg>
<arg>CW</arg>
<arg>CX</arg>
<arg>CY</arg>
<arg>CZ</arg>
<arg>DE</arg>
<arg>DJ</arg>
<arg>DK</arg>
<arg>DM</arg>
<arg>DO</arg>
<arg>DZ</arg>
<arg>EC</arg>
<arg>EE</arg>
<arg>EG</arg>
<arg>EH</arg>
<arg>ER</arg>
<arg>ES</arg>
<arg>ET</arg>
<arg>FI</arg>
<arg>FJ</arg>
<arg>FK</arg>
<arg>FM</arg>
<arg>FO</arg>
<arg>FR</arg>
<arg>GA</arg>
<arg>GB</arg>
<arg>GD</arg>
<arg>GE</arg>
<arg>GF</arg>
<arg>GG</arg>
<arg>GH</arg>
<arg>GI</arg>
<arg>GL</arg>
<arg>GM</arg>
<arg>GN</arg>
<arg>GP</arg>
<arg>GQ</arg>
<arg>GR</arg>
<arg>GS</arg>
<arg>GT</arg>
<arg>GU</arg>
<arg>GW</arg>
<arg>GY</arg>
<arg>HK</arg>
<arg>HM</arg>
<arg>HN</arg>
<arg>HR</arg>
<arg>HT</arg>
<arg>HU</arg>
<arg>ID</arg>
<arg>IE</arg>
<arg>IL</arg>
<arg>IM</arg>
<arg>IN</arg>
<arg>IO</arg>
<arg>IQ</arg>
<arg>IR</arg>
<arg>IS</arg>
<arg>IT</arg>
<arg>JE</arg>
<arg>JM</arg>
<arg>JO</arg>
<arg>JP</arg>
<arg>KE</arg>
<arg>KG</arg>
<arg>KH</arg>
<arg>KI</arg>
<arg>KM</arg>
<arg>KN</arg>
<arg>KP</arg>
<arg>KR</arg>
<arg>KW</arg>
<arg>KY</arg>
<arg>KZ</arg>
<arg>LA</arg>
<arg>LB</arg>
<arg>LC</arg>
<arg>LI</arg>
<arg>LK</arg>
<arg>LR</arg>
<arg>LS</arg>
<arg>LT</arg>
<arg>LU</arg>
<arg>LV</arg>
<arg>LY</arg>
<arg>MA</arg>
<arg>MC</arg>
<arg>MD</arg>
<arg>ME</arg>
<arg>MF</arg>
<arg>MG</arg>
<arg>MH</arg>
<arg>MK</arg>
<arg>ML</arg>
<arg>MM</arg>
<arg>MN</arg>
<arg>MO</arg>
<arg>MP</arg>
<arg>MQ</arg>
<arg>MR</arg>
<arg>MS</arg>
<arg>MT</arg>
<arg>MU</arg>
<arg>MV</arg>
<arg>MW</arg>
<arg>MX</arg>
<arg>MY</arg>
<arg>MZ</arg>
<arg>NA</arg>
<arg>NC</arg>
<arg>NE</arg>
<arg>NF</arg>
<arg>NG</arg>
<arg>NI</arg>
<arg>NL</arg>
<arg>NO</arg>
<arg>NP</arg>
<arg>NR</arg>
<arg>NU</arg>
<arg>NZ</arg>
<arg>OM</arg>
<arg>PA</arg>
<arg>PE</arg>
<arg>PF</arg>
<arg>PG</arg>
<arg>PH</arg>
<arg>PK</arg>
<arg>PL</arg>
<arg>PM</arg>
<arg>PN</arg>
<arg>PR</arg>
<arg>PS</arg>
<arg>PT</arg>
<arg>PW</arg>
<arg>PY</arg>
<arg>QA</arg>
<arg>RE</arg>
<arg>RO</arg>
<arg>RS</arg>
<arg>RU</arg>
<arg>RW</arg>
<arg>SA</arg>
<arg>SB</arg>
<arg>SC</arg>
<arg>SD</arg>
<arg>SE</arg>
<arg>SG</arg>
<arg>SH</arg>
<arg>SI</arg>
<arg>SJ</arg>
<arg>SK</arg>
<arg>SL</arg>
<arg>SM</arg>
<arg>SN</arg>
<arg>SO</arg>
<arg>SR</arg>
<arg>SS</arg>
<arg>ST</arg>
<arg>SV</arg>
<arg>SX</arg>
<arg>SY</arg>
<arg>SZ</arg>
<arg>TC</arg>
<arg>TD</arg>
<arg>TF</arg>
<arg>TG</arg>
<arg>TH</arg>
<arg>TJ</arg>
<arg>TK</arg>
<arg>TL</arg>
<arg>TM</arg>
<arg>TN</arg>
<arg>TO</arg>
<arg>TR</arg>
<arg>TT</arg>
<arg>TV</arg>
<arg>TW</arg>
<arg>TZ</arg>
<arg>UA</arg>
<arg>UG</arg>
<arg>UM</arg>
<arg>US</arg>
<arg>UY</arg>
<arg>UZ</arg>
<arg>VA</arg>
<arg>VC</arg>
<arg>VE</arg>
<arg>VG</arg>
<arg>VI</arg>
<arg>VN</arg>
<arg>VU</arg>
<arg>WF</arg>
<arg>WS</arg>
<arg>XK</arg>
<arg>YE</arg>
<arg>YT</arg>
<arg>ZA</arg>
<arg>ZM</arg>
<arg>ZW</arg>
<doc>Returns a list containing given items.</doc>
<status status="PASS" start="2024-06-23T05:14:00.688916" elapsed="0.000664"/>
</kw>
<kw name="List Should Contain Value" owner="Collections">
<arg>${list_country}</arg>
<arg>${name_country}</arg>
<doc>Fails if the ``value`` is not found from ``list``.</doc>
<status status="PASS" start="2024-06-23T05:14:00.690395" elapsed="0.000210"/>
</kw>
<kw name="Run Keyword If" owner="BuiltIn">
<kw name="Should Be True" owner="BuiltIn">
<arg>${True}</arg>
<doc>Fails if the given condition is not true.</doc>
<status status="PASS" start="2024-06-23T05:14:00.691577" elapsed="0.000170"/>
</kw>
<arg>${json_data["results"][0]["location"]["coordinates"]["latitude"]} &gt;= -90 and ${json_data["results"][0]["location"]["coordinates"]["latitude"]} &lt;= 90</arg>
<arg>Should Be True</arg>
<arg>${True}</arg>
<doc>Runs the given keyword with the given arguments, if ``condition`` is true.</doc>
<status status="PASS" start="2024-06-23T05:14:00.690805" elapsed="0.001069"/>
</kw>
<kw name="Run Keyword If" owner="BuiltIn">
<kw name="Should Be True" owner="BuiltIn">
<arg>${True}</arg>
<doc>Fails if the given condition is not true.</doc>
<status status="PASS" start="2024-06-23T05:14:00.692759" elapsed="0.000240"/>
</kw>
<arg>${json_data["results"][0]["location"]["coordinates"]["longitude"]} &gt;= -180 and ${json_data["results"][0]["location"]["coordinates"]["longitude"]} &lt;= 180</arg>
<arg>Should Be True</arg>
<arg>${True}</arg>
<doc>Runs the given keyword with the given arguments, if ``condition`` is true.</doc>
<status status="PASS" start="2024-06-23T05:14:00.692054" elapsed="0.001076"/>
</kw>
<status status="PASS" start="2024-06-23T05:14:00.621940" elapsed="0.071322"/>
</kw>
<doc>Testa o conteúdo específico dos campos retornados pela API.</doc>
<tag>testeConteudo</tag>
<status status="PASS" start="2024-06-23T05:14:00.621258" elapsed="0.072192"/>
</test>
<status status="PASS" start="2024-06-23T05:13:59.422626" elapsed="1.272828"/>
</suite>
<status status="PASS" start="2024-06-23T05:13:59.407934" elapsed="1.292568"/>
</suite>
<statistics>
<total>
<stat pass="5" fail="0" skip="0">All Tests</stat>
</total>
<tag>
<stat pass="1" fail="0" skip="0">testeConteudo</stat>
<stat pass="1" fail="0" skip="0">testeEstruturaResposta</stat>
<stat pass="1" fail="0" skip="0">testeRequisicaoBasica</stat>
<stat pass="1" fail="0" skip="0">testeTiposDados</stat>
</tag>
<suite>
<stat pass="5" fail="0" skip="0" id="s1" name="Tests">Tests</stat>
<stat pass="5" fail="0" skip="0" id="s1-s1" name="Random-User-Test">Tests.Random-User-Test</stat>
</suite>
</statistics>
<errors>
</errors>
</robot>
