<?xml version="1.0" encoding="UTF-8"?>
<robot generator="Robot 7.0.1 (Python 3.12.4 on linux)" generated="2024-07-13T01:07:47.225271" rpa="false" schemaversion="5">
<suite id="s1" name="Tests" source="/home/runner/work/ApiRandomUser/ApiRandomUser/RamdonUser/tests">
<suite id="s1-s1" name="Random-User-Test" source="/home/runner/work/ApiRandomUser/ApiRandomUser/RamdonUser/tests/random-user-test.robot">
<test id="s1-s1-t1" name="Conectar" line="13">
<kw name="Conectar API" owner="random-user-service">
<kw name="Create Session" owner="RequestsLibrary">
<msg time="2024-07-13T01:07:47.638327" level="INFO">Creating Session using : alias=consultarAPI, url=https://randomuser.me/, headers={},                     cookies={}, auth=None, timeout=None, proxies=None, verify=False,                     debug=0 </msg>
<arg>consultarAPI</arg>
<arg>${URL}</arg>
<doc>Create Session: create a HTTP session to a server</doc>
<status status="PASS" start="2024-07-13T01:07:47.638001" elapsed="0.000594"/>
</kw>
<status status="PASS" start="2024-07-13T01:07:47.636188" elapsed="0.002871"/>
</kw>
<status status="PASS" start="2024-07-13T01:07:47.635371" elapsed="0.003952"/>
</test>
<test id="s1-s1-t2" name="Validar retorno 200 e JSON Válido" line="16">
<kw name="Teste de Requisicao Basica" owner="random-user-service">
<kw name="GET On Session" owner="RequestsLibrary">
<msg time="2024-07-13T01:07:47.822863" level="INFO">GET Request : url=https://randomuser.me/api 
 path_url=/api 
 headers={'User-Agent': 'python-requests/2.32.3', 'Accept-Encoding': 'gzip, deflate', 'Accept': '*/*', 'Connection': 'keep-alive'} 
 body=None 
 </msg>
<msg time="2024-07-13T01:07:47.823001" level="INFO">GET Response : url=https://randomuser.me/api 
 status=200, reason=OK 
 headers={'Date': 'Sat, 13 Jul 2024 01:07:47 GMT', 'Content-Type': 'application/json; charset=utf-8', 'Transfer-Encoding': 'chunked', 'Connection': 'keep-alive', 'X-Powered-By': 'Express', 'Access-Control-Allow-Origin': '*', 'Cache-Control': 'no-cache', 'ETag': 'W/"498-Em/v4VtK39L2a8qM1i1C5rRtfHc"', 'Vary': 'Accept-Encoding', 'Content-Encoding': 'gzip', 'CF-Cache-Status': 'DYNAMIC', 'Report-To': '{"endpoints":[{"url":"https:\\/\\/a.nel.cloudflare.com\\/report\\/v4?s=TBQ7zMHFsXzjCIRONRLgI8oyJLuLjrEhUvEdZpNmh581kKhDkxIJ1NPLhp0RLwIS%2BiJjdfgLhOVTJiC6GqHfN59ydCIdbH6T3hTboz%2FX333K2oXZ1MT70OnlJJ1lh3tg"}],"group":"cf-nel","max_age":604800}', 'NEL': '{"success_fraction":0,"report_to":"cf-nel","max_age":604800}', 'Server': 'cloudflare', 'CF-RAY': '8a2560cf9c4b59ec-IAD', 'alt-svc': 'h3=":443"; ma=86400'} 
 body={"results":[{"gender":"male","name":{"title":"Mr","first":"Miguel Ángel","last":"Garza"},"location":{"street":{"number":5227,"name":"Andador Bangladesh"},"city":"Progreso","state":"Guerrero","country":"Mexico","postcode":99908,"coordinates":{"latitude":"24.3654","longitude":"-68.3067"},"timezone":{"offset":"-12:00","description":"Eniwetok, Kwajalein"}},"email":"miguelangel.garza@example.com","login":{"uuid":"b508096f-c836-432c-955a-ab5c28969ff1","username":"goldenostrich664","password":"franklin","salt":"WHnzoiV1","md5":"21518038a7657cd04d4c941c63d4ed86","sha1":"ecd3c3476ad959661274f682c2cf393d8191129a","sha256":"44438288550ee9fc7f6c5c97d7378eecb2ad4cd55fd053eb7ee26315478140b7"},"dob":{"date":"1983-11-28T14:41:18.379Z","age":40},"registered":{"date":"2009-01-20T11:13:27.399Z","age":15},"phone":"(615) 545 9917","cell":"(626) 712 4007","id":{"name":"NSS","value":"61 61 13 8562 1"},"picture":{"large":"https://randomuser.me/api/portraits/men/77.jpg","medium":"https://randomuser.me/api/portraits/med/men/77.jpg","thumbnail":"https://randomuser.me/api/portraits/thumb/men/77.jpg"},"nat":"MX"}],"info":{"seed":"e6a311bd2fb9d176","results":1,"page":1,"version":"1.4"}} 
 </msg>
<msg time="2024-07-13T01:07:47.823084" level="INFO">/opt/hostedtoolcache/Python/3.12.4/x64/lib/python3.12/site-packages/urllib3/connectionpool.py:1099: InsecureRequestWarning: Unverified HTTPS request is being made to host 'randomuser.me'. Adding certificate verification is strongly advised. See: https://urllib3.readthedocs.io/en/latest/advanced-usage.html#tls-warnings
  warnings.warn(</msg>
<msg time="2024-07-13T01:07:47.823222" level="INFO">${response} = &lt;Response [200]&gt;</msg>
<var>${response}</var>
<arg>consultarAPI</arg>
<arg>/api</arg>
<doc>Sends a GET request on a previously created HTTP Session.</doc>
<status status="PASS" start="2024-07-13T01:07:47.643389" elapsed="0.179878"/>
</kw>
<kw name="Should Be Equal As Numbers" owner="BuiltIn">
<msg time="2024-07-13T01:07:47.824197" level="INFO">Argument types are:
&lt;class 'int'&gt;
&lt;class 'str'&gt;</msg>
<arg>${response.status_code}</arg>
<arg>200</arg>
<doc>Fails if objects are unequal after converting them to real numbers.</doc>
<status status="PASS" start="2024-07-13T01:07:47.823752" elapsed="0.000521"/>
</kw>
<kw name="Log" owner="BuiltIn">
<msg time="2024-07-13T01:07:47.824947" level="INFO">200</msg>
<arg>${response.status_code}</arg>
<doc>Logs the given message with the given level.</doc>
<status status="PASS" start="2024-07-13T01:07:47.824601" elapsed="0.000388"/>
</kw>
<kw name="Set Variable" owner="BuiltIn">
<msg time="2024-07-13T01:07:47.825742" level="INFO">${json_data} = {'results': [{'gender': 'male', 'name': {'title': 'Mr', 'first': 'Miguel Ángel', 'last': 'Garza'}, 'location': {'street': {'number': 5227, 'name': 'Andador Bangladesh'}, 'city': 'Progreso', 'state': '...</msg>
<var>${json_data}</var>
<arg>${response.json()}</arg>
<doc>Returns the given values which can then be assigned to a variables.</doc>
<status status="PASS" start="2024-07-13T01:07:47.825292" elapsed="0.000478"/>
</kw>
<kw name="Dictionary Should Contain Key" owner="Collections">
<arg>${json_data}</arg>
<arg>results</arg>
<doc>Fails if ``key`` is not found from ``dictionary``.</doc>
<status status="PASS" start="2024-07-13T01:07:47.826069" elapsed="0.000160"/>
</kw>
<status status="PASS" start="2024-07-13T01:07:47.643017" elapsed="0.183401"/>
</kw>
<doc>Testa se a API responde corretamente e retorna um objeto JSON válido.</doc>
<tag>testeRequisicaoBasica</tag>
<status status="PASS" start="2024-07-13T01:07:47.642352" elapsed="0.184251"/>
</test>
<test id="s1-s1-t3" name="Validar estrutura de resposta" line="22">
<kw name="Teste de Estrutura de Resposta" owner="random-user-service">
<kw name="GET On Session" owner="RequestsLibrary">
<msg time="2024-07-13T01:07:47.915517" level="INFO">GET Request : url=https://randomuser.me/api 
 path_url=/api 
 headers={'User-Agent': 'python-requests/2.32.3', 'Accept-Encoding': 'gzip, deflate', 'Accept': '*/*', 'Connection': 'keep-alive'} 
 body=None 
 </msg>
<msg time="2024-07-13T01:07:47.915588" level="INFO">GET Response : url=https://randomuser.me/api 
 status=200, reason=OK 
 headers={'Date': 'Sat, 13 Jul 2024 01:07:47 GMT', 'Content-Type': 'application/json; charset=utf-8', 'Transfer-Encoding': 'chunked', 'Connection': 'keep-alive', 'X-Powered-By': 'Express', 'Access-Control-Allow-Origin': '*', 'Cache-Control': 'no-cache', 'ETag': 'W/"495-UjVVgQQEiEe+BJvQC+lToNJUCRA"', 'Vary': 'Accept-Encoding', 'Content-Encoding': 'gzip', 'CF-Cache-Status': 'DYNAMIC', 'Report-To': '{"endpoints":[{"url":"https:\\/\\/a.nel.cloudflare.com\\/report\\/v4?s=fCrltdDKQUt08SgUJhiZOh8zONjPSsNLgxCDu%2F%2BpLKgoXt%2FvdOhmZJTdlAnlOp8vy93bi899blRhxdAMZVNtC7GmjrWi7Uuey6doJxba9EQSr1nCS2IZzzvZXdEd%2FxrR"}],"group":"cf-nel","max_age":604800}', 'NEL': '{"success_fraction":0,"report_to":"cf-nel","max_age":604800}', 'Server': 'cloudflare', 'CF-RAY': '8a2560cffc9459ec-IAD', 'alt-svc': 'h3=":443"; ma=86400'} 
 body={"results":[{"gender":"male","name":{"title":"Mr","first":"Domoslav","last":"Zabolotniy"},"location":{"street":{"number":2986,"name":"Pavlivska"},"city":"Korosten","state":"Hmelnicka","country":"Ukraine","postcode":28301,"coordinates":{"latitude":"74.0650","longitude":"-151.6934"},"timezone":{"offset":"-5:00","description":"Eastern Time (US &amp; Canada), Bogota, Lima"}},"email":"domoslav.zabolotniy@example.com","login":{"uuid":"5544a7e3-6a2e-4491-a80c-32076b2f8e38","username":"angrypeacock290","password":"mackie","salt":"yOk5qLeA","md5":"f70b04ecc2e0f778509dd7a3ff5cdb96","sha1":"4dd21fc76829eec382d2a1a39f8d09dbaa1fd342","sha256":"f77aecd0373364d89c7b3921ca84e66ff7c58972ed53d65013d3a3baa047d690"},"dob":{"date":"1954-09-05T16:55:26.873Z","age":69},"registered":{"date":"2002-05-03T14:53:59.212Z","age":22},"phone":"(068) S19-5915","cell":"(098) Z24-3505","id":{"name":"","value":null},"picture":{"large":"https://randomuser.me/api/portraits/men/47.jpg","medium":"https://randomuser.me/api/portraits/med/men/47.jpg","thumbnail":"https://randomuser.me/api/portraits/thumb/men/47.jpg"},"nat":"UA"}],"info":{"seed":"28bf0dca75b2dbab","results":1,"page":1,"version":"1.4"}} 
 </msg>
<msg time="2024-07-13T01:07:47.915691" level="INFO">/opt/hostedtoolcache/Python/3.12.4/x64/lib/python3.12/site-packages/urllib3/connectionpool.py:1099: InsecureRequestWarning: Unverified HTTPS request is being made to host 'randomuser.me'. Adding certificate verification is strongly advised. See: https://urllib3.readthedocs.io/en/latest/advanced-usage.html#tls-warnings
  warnings.warn(</msg>
<msg time="2024-07-13T01:07:47.915792" level="INFO">${response} = &lt;Response [200]&gt;</msg>
<var>${response}</var>
<arg>consultarAPI</arg>
<arg>/api</arg>
<doc>Sends a GET request on a previously created HTTP Session.</doc>
<status status="PASS" start="2024-07-13T01:07:47.829225" elapsed="0.086605"/>
</kw>
<kw name="Set Variable" owner="BuiltIn">
<msg time="2024-07-13T01:07:47.916656" level="INFO">${json_data} = {'results': [{'gender': 'male', 'name': {'title': 'Mr', 'first': 'Domoslav', 'last': 'Zabolotniy'}, 'location': {'street': {'number': 2986, 'name': 'Pavlivska'}, 'city': 'Korosten', 'state': 'Hmelnick...</msg>
<var>${json_data}</var>
<arg>${response.json()}</arg>
<doc>Returns the given values which can then be assigned to a variables.</doc>
<status status="PASS" start="2024-07-13T01:07:47.916204" elapsed="0.000481"/>
</kw>
<kw name="Log" owner="BuiltIn">
<msg time="2024-07-13T01:07:47.917141" level="INFO">{'results': [{'gender': 'male', 'name': {'title': 'Mr', 'first': 'Domoslav', 'last': 'Zabolotniy'}, 'location': {'street': {'number': 2986, 'name': 'Pavlivska'}, 'city': 'Korosten', 'state': 'Hmelnicka', 'country': 'Ukraine', 'postcode': 28301, 'coordinates': {'latitude': '74.0650', 'longitude': '-151.6934'}, 'timezone': {'offset': '-5:00', 'description': 'Eastern Time (US &amp; Canada), Bogota, Lima'}}, 'email': 'domoslav.zabolotniy@example.com', 'login': {'uuid': '5544a7e3-6a2e-4491-a80c-32076b2f8e38', 'username': 'angrypeacock290', 'password': 'mackie', 'salt': 'yOk5qLeA', 'md5': 'f70b04ecc2e0f778509dd7a3ff5cdb96', 'sha1': '4dd21fc76829eec382d2a1a39f8d09dbaa1fd342', 'sha256': 'f77aecd0373364d89c7b3921ca84e66ff7c58972ed53d65013d3a3baa047d690'}, 'dob': {'date': '1954-09-05T16:55:26.873Z', 'age': 69}, 'registered': {'date': '2002-05-03T14:53:59.212Z', 'age': 22}, 'phone': '(068) S19-5915', 'cell': '(098) Z24-3505', 'id': {'name': '', 'value': None}, 'picture': {'large': 'https://randomuser.me/api/portraits/men/47.jpg', 'medium': 'https://randomuser.me/api/portraits/med/men/47.jpg', 'thumbnail': 'https://randomuser.me/api/portraits/thumb/men/47.jpg'}, 'nat': 'UA'}], 'info': {'seed': '28bf0dca75b2dbab', 'results': 1, 'page': 1, 'version': '1.4'}}</msg>
<arg>${json_data}</arg>
<doc>Logs the given message with the given level.</doc>
<status status="PASS" start="2024-07-13T01:07:47.916988" elapsed="0.000202"/>
</kw>
<kw name="Dictionary Should Contain Key" owner="Collections">
<arg>${json_data}</arg>
<arg>results</arg>
<doc>Fails if ``key`` is not found from ``dictionary``.</doc>
<status status="PASS" start="2024-07-13T01:07:47.917476" elapsed="0.000152"/>
</kw>
<kw name="Should Not Be Empty" owner="BuiltIn">
<msg time="2024-07-13T01:07:47.917936" level="INFO">Length is 2.</msg>
<arg>${json_data}</arg>
<doc>Verifies that the given item is not empty.</doc>
<status status="PASS" start="2024-07-13T01:07:47.917806" elapsed="0.000168"/>
</kw>
<kw name="Create List" owner="BuiltIn">
<msg time="2024-07-13T01:07:47.918569" level="INFO">${expected_keys} = ['gender', 'name', 'location', 'email', 'login']</msg>
<var>${expected_keys}</var>
<arg>gender</arg>
<arg>name</arg>
<arg>location</arg>
<arg>email</arg>
<arg>login</arg>
<doc>Returns a list containing given items.</doc>
<status status="PASS" start="2024-07-13T01:07:47.918281" elapsed="0.000312"/>
</kw>
<for flavor="IN">
<iter>
<kw name="Dictionary Should Contain Key" owner="Collections">
<arg>${json_data['results'][0]}</arg>
<arg>${key}</arg>
<doc>Fails if ``key`` is not found from ``dictionary``.</doc>
<status status="PASS" start="2024-07-13T01:07:47.919161" elapsed="0.000397"/>
</kw>
<kw name="Log" owner="BuiltIn">
<msg time="2024-07-13T01:07:47.920095" level="INFO">{'gender': 'male', 'name': {'title': 'Mr', 'first': 'Domoslav', 'last': 'Zabolotniy'}, 'location': {'street': {'number': 2986, 'name': 'Pavlivska'}, 'city': 'Korosten', 'state': 'Hmelnicka', 'country': 'Ukraine', 'postcode': 28301, 'coordinates': {'latitude': '74.0650', 'longitude': '-151.6934'}, 'timezone': {'offset': '-5:00', 'description': 'Eastern Time (US &amp; Canada), Bogota, Lima'}}, 'email': 'domoslav.zabolotniy@example.com', 'login': {'uuid': '5544a7e3-6a2e-4491-a80c-32076b2f8e38', 'username': 'angrypeacock290', 'password': 'mackie', 'salt': 'yOk5qLeA', 'md5': 'f70b04ecc2e0f778509dd7a3ff5cdb96', 'sha1': '4dd21fc76829eec382d2a1a39f8d09dbaa1fd342', 'sha256': 'f77aecd0373364d89c7b3921ca84e66ff7c58972ed53d65013d3a3baa047d690'}, 'dob': {'date': '1954-09-05T16:55:26.873Z', 'age': 69}, 'registered': {'date': '2002-05-03T14:53:59.212Z', 'age': 22}, 'phone': '(068) S19-5915', 'cell': '(098) Z24-3505', 'id': {'name': '', 'value': None}, 'picture': {'large': 'https://randomuser.me/api/portraits/men/47.jpg', 'medium': 'https://randomuser.me/api/portraits/med/men/47.jpg', 'thumbnail': 'https://randomuser.me/api/portraits/thumb/men/47.jpg'}, 'nat': 'UA'}</msg>
<arg>${json_data['results'][0]}</arg>
<doc>Logs the given message with the given level.</doc>
<status status="PASS" start="2024-07-13T01:07:47.919740" elapsed="0.000403"/>
</kw>
<kw name="Log" owner="BuiltIn">
<msg time="2024-07-13T01:07:47.920566" level="INFO">gender</msg>
<arg>${key}</arg>
<doc>Logs the given message with the given level.</doc>
<status status="PASS" start="2024-07-13T01:07:47.920440" elapsed="0.000163"/>
</kw>
<var name="${key}">gender</var>
<status status="PASS" start="2024-07-13T01:07:47.919038" elapsed="0.001777"/>
</iter>
<iter>
<kw name="Dictionary Should Contain Key" owner="Collections">
<arg>${json_data['results'][0]}</arg>
<arg>${key}</arg>
<doc>Fails if ``key`` is not found from ``dictionary``.</doc>
<status status="PASS" start="2024-07-13T01:07:47.921100" elapsed="0.000382"/>
</kw>
<kw name="Log" owner="BuiltIn">
<msg time="2024-07-13T01:07:47.922009" level="INFO">{'gender': 'male', 'name': {'title': 'Mr', 'first': 'Domoslav', 'last': 'Zabolotniy'}, 'location': {'street': {'number': 2986, 'name': 'Pavlivska'}, 'city': 'Korosten', 'state': 'Hmelnicka', 'country': 'Ukraine', 'postcode': 28301, 'coordinates': {'latitude': '74.0650', 'longitude': '-151.6934'}, 'timezone': {'offset': '-5:00', 'description': 'Eastern Time (US &amp; Canada), Bogota, Lima'}}, 'email': 'domoslav.zabolotniy@example.com', 'login': {'uuid': '5544a7e3-6a2e-4491-a80c-32076b2f8e38', 'username': 'angrypeacock290', 'password': 'mackie', 'salt': 'yOk5qLeA', 'md5': 'f70b04ecc2e0f778509dd7a3ff5cdb96', 'sha1': '4dd21fc76829eec382d2a1a39f8d09dbaa1fd342', 'sha256': 'f77aecd0373364d89c7b3921ca84e66ff7c58972ed53d65013d3a3baa047d690'}, 'dob': {'date': '1954-09-05T16:55:26.873Z', 'age': 69}, 'registered': {'date': '2002-05-03T14:53:59.212Z', 'age': 22}, 'phone': '(068) S19-5915', 'cell': '(098) Z24-3505', 'id': {'name': '', 'value': None}, 'picture': {'large': 'https://randomuser.me/api/portraits/men/47.jpg', 'medium': 'https://randomuser.me/api/portraits/med/men/47.jpg', 'thumbnail': 'https://randomuser.me/api/portraits/thumb/men/47.jpg'}, 'nat': 'UA'}</msg>
<arg>${json_data['results'][0]}</arg>
<doc>Logs the given message with the given level.</doc>
<status status="PASS" start="2024-07-13T01:07:47.921660" elapsed="0.000429"/>
</kw>
<kw name="Log" owner="BuiltIn">
<msg time="2024-07-13T01:07:47.922534" level="INFO">name</msg>
<arg>${key}</arg>
<doc>Logs the given message with the given level.</doc>
<status status="PASS" start="2024-07-13T01:07:47.922405" elapsed="0.000166"/>
</kw>
<var name="${key}">name</var>
<status status="PASS" start="2024-07-13T01:07:47.920991" elapsed="0.001799"/>
</iter>
<iter>
<kw name="Dictionary Should Contain Key" owner="Collections">
<arg>${json_data['results'][0]}</arg>
<arg>${key}</arg>
<doc>Fails if ``key`` is not found from ``dictionary``.</doc>
<status status="PASS" start="2024-07-13T01:07:47.923068" elapsed="0.000377"/>
</kw>
<kw name="Log" owner="BuiltIn">
<msg time="2024-07-13T01:07:47.923968" level="INFO">{'gender': 'male', 'name': {'title': 'Mr', 'first': 'Domoslav', 'last': 'Zabolotniy'}, 'location': {'street': {'number': 2986, 'name': 'Pavlivska'}, 'city': 'Korosten', 'state': 'Hmelnicka', 'country': 'Ukraine', 'postcode': 28301, 'coordinates': {'latitude': '74.0650', 'longitude': '-151.6934'}, 'timezone': {'offset': '-5:00', 'description': 'Eastern Time (US &amp; Canada), Bogota, Lima'}}, 'email': 'domoslav.zabolotniy@example.com', 'login': {'uuid': '5544a7e3-6a2e-4491-a80c-32076b2f8e38', 'username': 'angrypeacock290', 'password': 'mackie', 'salt': 'yOk5qLeA', 'md5': 'f70b04ecc2e0f778509dd7a3ff5cdb96', 'sha1': '4dd21fc76829eec382d2a1a39f8d09dbaa1fd342', 'sha256': 'f77aecd0373364d89c7b3921ca84e66ff7c58972ed53d65013d3a3baa047d690'}, 'dob': {'date': '1954-09-05T16:55:26.873Z', 'age': 69}, 'registered': {'date': '2002-05-03T14:53:59.212Z', 'age': 22}, 'phone': '(068) S19-5915', 'cell': '(098) Z24-3505', 'id': {'name': '', 'value': None}, 'picture': {'large': 'https://randomuser.me/api/portraits/men/47.jpg', 'medium': 'https://randomuser.me/api/portraits/med/men/47.jpg', 'thumbnail': 'https://randomuser.me/api/portraits/thumb/men/47.jpg'}, 'nat': 'UA'}</msg>
<arg>${json_data['results'][0]}</arg>
<doc>Logs the given message with the given level.</doc>
<status status="PASS" start="2024-07-13T01:07:47.923624" elapsed="0.000392"/>
</kw>
<kw name="Log" owner="BuiltIn">
<msg time="2024-07-13T01:07:47.924430" level="INFO">location</msg>
<arg>${key}</arg>
<doc>Logs the given message with the given level.</doc>
<status status="PASS" start="2024-07-13T01:07:47.924306" elapsed="0.000160"/>
</kw>
<var name="${key}">location</var>
<status status="PASS" start="2024-07-13T01:07:47.922961" elapsed="0.001715"/>
</iter>
<iter>
<kw name="Dictionary Should Contain Key" owner="Collections">
<arg>${json_data['results'][0]}</arg>
<arg>${key}</arg>
<doc>Fails if ``key`` is not found from ``dictionary``.</doc>
<status status="PASS" start="2024-07-13T01:07:47.924958" elapsed="0.000380"/>
</kw>
<kw name="Log" owner="BuiltIn">
<msg time="2024-07-13T01:07:47.925871" level="INFO">{'gender': 'male', 'name': {'title': 'Mr', 'first': 'Domoslav', 'last': 'Zabolotniy'}, 'location': {'street': {'number': 2986, 'name': 'Pavlivska'}, 'city': 'Korosten', 'state': 'Hmelnicka', 'country': 'Ukraine', 'postcode': 28301, 'coordinates': {'latitude': '74.0650', 'longitude': '-151.6934'}, 'timezone': {'offset': '-5:00', 'description': 'Eastern Time (US &amp; Canada), Bogota, Lima'}}, 'email': 'domoslav.zabolotniy@example.com', 'login': {'uuid': '5544a7e3-6a2e-4491-a80c-32076b2f8e38', 'username': 'angrypeacock290', 'password': 'mackie', 'salt': 'yOk5qLeA', 'md5': 'f70b04ecc2e0f778509dd7a3ff5cdb96', 'sha1': '4dd21fc76829eec382d2a1a39f8d09dbaa1fd342', 'sha256': 'f77aecd0373364d89c7b3921ca84e66ff7c58972ed53d65013d3a3baa047d690'}, 'dob': {'date': '1954-09-05T16:55:26.873Z', 'age': 69}, 'registered': {'date': '2002-05-03T14:53:59.212Z', 'age': 22}, 'phone': '(068) S19-5915', 'cell': '(098) Z24-3505', 'id': {'name': '', 'value': None}, 'picture': {'large': 'https://randomuser.me/api/portraits/men/47.jpg', 'medium': 'https://randomuser.me/api/portraits/med/men/47.jpg', 'thumbnail': 'https://randomuser.me/api/portraits/thumb/men/47.jpg'}, 'nat': 'UA'}</msg>
<arg>${json_data['results'][0]}</arg>
<doc>Logs the given message with the given level.</doc>
<status status="PASS" start="2024-07-13T01:07:47.925523" elapsed="0.000396"/>
</kw>
<kw name="Log" owner="BuiltIn">
<msg time="2024-07-13T01:07:47.926387" level="INFO">email</msg>
<arg>${key}</arg>
<doc>Logs the given message with the given level.</doc>
<status status="PASS" start="2024-07-13T01:07:47.926210" elapsed="0.000215"/>
</kw>
<var name="${key}">email</var>
<status status="PASS" start="2024-07-13T01:07:47.924841" elapsed="0.001801"/>
</iter>
<iter>
<kw name="Dictionary Should Contain Key" owner="Collections">
<arg>${json_data['results'][0]}</arg>
<arg>${key}</arg>
<doc>Fails if ``key`` is not found from ``dictionary``.</doc>
<status status="PASS" start="2024-07-13T01:07:47.926923" elapsed="0.000379"/>
</kw>
<kw name="Log" owner="BuiltIn">
<msg time="2024-07-13T01:07:47.927819" level="INFO">{'gender': 'male', 'name': {'title': 'Mr', 'first': 'Domoslav', 'last': 'Zabolotniy'}, 'location': {'street': {'number': 2986, 'name': 'Pavlivska'}, 'city': 'Korosten', 'state': 'Hmelnicka', 'country': 'Ukraine', 'postcode': 28301, 'coordinates': {'latitude': '74.0650', 'longitude': '-151.6934'}, 'timezone': {'offset': '-5:00', 'description': 'Eastern Time (US &amp; Canada), Bogota, Lima'}}, 'email': 'domoslav.zabolotniy@example.com', 'login': {'uuid': '5544a7e3-6a2e-4491-a80c-32076b2f8e38', 'username': 'angrypeacock290', 'password': 'mackie', 'salt': 'yOk5qLeA', 'md5': 'f70b04ecc2e0f778509dd7a3ff5cdb96', 'sha1': '4dd21fc76829eec382d2a1a39f8d09dbaa1fd342', 'sha256': 'f77aecd0373364d89c7b3921ca84e66ff7c58972ed53d65013d3a3baa047d690'}, 'dob': {'date': '1954-09-05T16:55:26.873Z', 'age': 69}, 'registered': {'date': '2002-05-03T14:53:59.212Z', 'age': 22}, 'phone': '(068) S19-5915', 'cell': '(098) Z24-3505', 'id': {'name': '', 'value': None}, 'picture': {'large': 'https://randomuser.me/api/portraits/men/47.jpg', 'medium': 'https://randomuser.me/api/portraits/med/men/47.jpg', 'thumbnail': 'https://randomuser.me/api/portraits/thumb/men/47.jpg'}, 'nat': 'UA'}</msg>
<arg>${json_data['results'][0]}</arg>
<doc>Logs the given message with the given level.</doc>
<status status="PASS" start="2024-07-13T01:07:47.927479" elapsed="0.000388"/>
</kw>
<kw name="Log" owner="BuiltIn">
<msg time="2024-07-13T01:07:47.928277" level="INFO">login</msg>
<arg>${key}</arg>
<doc>Logs the given message with the given level.</doc>
<status status="PASS" start="2024-07-13T01:07:47.928153" elapsed="0.000161"/>
</kw>
<var name="${key}">login</var>
<status status="PASS" start="2024-07-13T01:07:47.926811" elapsed="0.001712"/>
</iter>
<var>${key}</var>
<value>@{expected_keys}</value>
<status status="PASS" start="2024-07-13T01:07:47.918854" elapsed="0.009787"/>
</for>
<kw name="Create List" owner="BuiltIn">
<msg time="2024-07-13T01:07:47.928992" level="INFO">${expected_keysTwo} = ['username', 'password']</msg>
<var>${expected_keysTwo}</var>
<arg>username</arg>
<arg>password</arg>
<doc>Returns a list containing given items.</doc>
<status status="PASS" start="2024-07-13T01:07:47.928824" elapsed="0.000193"/>
</kw>
<for flavor="IN">
<iter>
<kw name="Dictionary Should Contain Key" owner="Collections">
<arg>${json_data['results'][0]['login']}</arg>
<arg>${keyTwo}</arg>
<doc>Fails if ``key`` is not found from ``dictionary``.</doc>
<status status="PASS" start="2024-07-13T01:07:47.929504" elapsed="0.000388"/>
</kw>
<kw name="Dictionary Should Contain Key" owner="Collections">
<arg>${json_data['results'][0]['login']}</arg>
<arg>${keyTwo}</arg>
<doc>Fails if ``key`` is not found from ``dictionary``.</doc>
<status status="PASS" start="2024-07-13T01:07:47.930081" elapsed="0.000389"/>
</kw>
<kw name="Log" owner="BuiltIn">
<msg time="2024-07-13T01:07:47.930771" level="INFO">username</msg>
<arg>${keyTwo}</arg>
<doc>Logs the given message with the given level.</doc>
<status status="PASS" start="2024-07-13T01:07:47.930653" elapsed="0.000154"/>
</kw>
<var name="${keyTwo}">username</var>
<status status="PASS" start="2024-07-13T01:07:47.929399" elapsed="0.001625"/>
</iter>
<iter>
<kw name="Dictionary Should Contain Key" owner="Collections">
<arg>${json_data['results'][0]['login']}</arg>
<arg>${keyTwo}</arg>
<doc>Fails if ``key`` is not found from ``dictionary``.</doc>
<status status="PASS" start="2024-07-13T01:07:47.931296" elapsed="0.000385"/>
</kw>
<kw name="Dictionary Should Contain Key" owner="Collections">
<arg>${json_data['results'][0]['login']}</arg>
<arg>${keyTwo}</arg>
<doc>Fails if ``key`` is not found from ``dictionary``.</doc>
<status status="PASS" start="2024-07-13T01:07:47.931856" elapsed="0.000359"/>
</kw>
<kw name="Log" owner="BuiltIn">
<msg time="2024-07-13T01:07:47.932503" level="INFO">password</msg>
<arg>${keyTwo}</arg>
<doc>Logs the given message with the given level.</doc>
<status status="PASS" start="2024-07-13T01:07:47.932387" elapsed="0.000156"/>
</kw>
<var name="${keyTwo}">password</var>
<status status="PASS" start="2024-07-13T01:07:47.931192" elapsed="0.001656"/>
</iter>
<var>${keyTwo}</var>
<value>@{expected_keysTwo}</value>
<status status="PASS" start="2024-07-13T01:07:47.929250" elapsed="0.003718"/>
</for>
<status status="PASS" start="2024-07-13T01:07:47.828996" elapsed="0.104107"/>
</kw>
<doc>Testa a estrutura da resposta da API.</doc>
<tag>testeEstruturaResposta</tag>
<status status="PASS" start="2024-07-13T01:07:47.828483" elapsed="0.104767"/>
</test>
<test id="s1-s1-t4" name="Validar tipos de dados" line="28">
<kw name="Teste de Tipos de Dados" owner="random-user-service">
<kw name="GET On Session" owner="RequestsLibrary">
<msg time="2024-07-13T01:07:48.023749" level="INFO">GET Request : url=https://randomuser.me/api 
 path_url=/api 
 headers={'User-Agent': 'python-requests/2.32.3', 'Accept-Encoding': 'gzip, deflate', 'Accept': '*/*', 'Connection': 'keep-alive'} 
 body=None 
 </msg>
<msg time="2024-07-13T01:07:48.023835" level="INFO">GET Response : url=https://randomuser.me/api 
 status=200, reason=OK 
 headers={'Date': 'Sat, 13 Jul 2024 01:07:48 GMT', 'Content-Type': 'application/json; charset=utf-8', 'Transfer-Encoding': 'chunked', 'Connection': 'keep-alive', 'X-Powered-By': 'Express', 'Access-Control-Allow-Origin': '*', 'Cache-Control': 'no-cache', 'ETag': 'W/"4a5-rGF9zkA1/QEzcYJNJm7MJoihkkI"', 'Vary': 'Accept-Encoding', 'Content-Encoding': 'gzip', 'CF-Cache-Status': 'DYNAMIC', 'Report-To': '{"endpoints":[{"url":"https:\\/\\/a.nel.cloudflare.com\\/report\\/v4?s=7YFTxgGvE6aTDTRDIp9s7%2Byv3cO6LlX3t280MMlHqFy%2F%2FRJvd2IBTefaSG34%2BA1R1pGxDU%2BbYg%2F2w9KXMFnd%2Bj2WoKDTLzq7%2B8J0tyci%2BjYJNot5ksTDk8rPM28uhXgc"}],"group":"cf-nel","max_age":604800}', 'NEL': '{"success_fraction":0,"report_to":"cf-nel","max_age":604800}', 'Server': 'cloudflare', 'CF-RAY': '8a2560d09d1b59ec-IAD', 'alt-svc': 'h3=":443"; ma=86400'} 
 body={"results":[{"gender":"male","name":{"title":"Mr","first":"Chester","last":"Wells"},"location":{"street":{"number":966,"name":"Hunters Creek Dr"},"city":"Garden Grove","state":"Washington","country":"United States","postcode":67654,"coordinates":{"latitude":"86.2797","longitude":"-109.7911"},"timezone":{"offset":"+5:00","description":"Ekaterinburg, Islamabad, Karachi, Tashkent"}},"email":"chester.wells@example.com","login":{"uuid":"2fb165ea-ed85-4185-b41b-c605f5b05f33","username":"bigpanda800","password":"dragons","salt":"5YGwgItT","md5":"e38ae05d92c0b0e42c5005103c612d59","sha1":"451a77ba6448a5ba408ce933ec6c440f7be484e7","sha256":"4d158a851e00eab7a0d82d4acbfbab3d34f9fed1d60de62393d3e1e9767075d7"},"dob":{"date":"1969-04-24T02:24:50.334Z","age":55},"registered":{"date":"2002-11-09T00:06:29.820Z","age":21},"phone":"(937) 239-2281","cell":"(327) 509-4670","id":{"name":"SSN","value":"552-65-6442"},"picture":{"large":"https://randomuser.me/api/portraits/men/32.jpg","medium":"https://randomuser.me/api/portraits/med/men/32.jpg","thumbnail":"https://randomuser.me/api/portraits/thumb/men/32.jpg"},"nat":"US"}],"info":{"seed":"6d54123e561c4d25","results":1,"page":1,"version":"1.4"}} 
 </msg>
<msg time="2024-07-13T01:07:48.023907" level="INFO">/opt/hostedtoolcache/Python/3.12.4/x64/lib/python3.12/site-packages/urllib3/connectionpool.py:1099: InsecureRequestWarning: Unverified HTTPS request is being made to host 'randomuser.me'. Adding certificate verification is strongly advised. See: https://urllib3.readthedocs.io/en/latest/advanced-usage.html#tls-warnings
  warnings.warn(</msg>
<msg time="2024-07-13T01:07:48.024028" level="INFO">${response} = &lt;Response [200]&gt;</msg>
<var>${response}</var>
<arg>consultarAPI</arg>
<arg>/api</arg>
<doc>Sends a GET request on a previously created HTTP Session.</doc>
<status status="PASS" start="2024-07-13T01:07:47.935705" elapsed="0.088372"/>
</kw>
<kw name="Set Variable" owner="BuiltIn">
<msg time="2024-07-13T01:07:48.025164" level="INFO">${json_data} = {'results': [{'gender': 'male', 'name': {'title': 'Mr', 'first': 'Chester', 'last': 'Wells'}, 'location': {'street': {'number': 966, 'name': 'Hunters Creek Dr'}, 'city': 'Garden Grove', 'state': 'Wash...</msg>
<var>${json_data}</var>
<arg>${response.json()}</arg>
<doc>Returns the given values which can then be assigned to a variables.</doc>
<status status="PASS" start="2024-07-13T01:07:48.024605" elapsed="0.000588"/>
</kw>
<kw name="Log" owner="BuiltIn">
<msg time="2024-07-13T01:07:48.025651" level="INFO">{'results': [{'gender': 'male', 'name': {'title': 'Mr', 'first': 'Chester', 'last': 'Wells'}, 'location': {'street': {'number': 966, 'name': 'Hunters Creek Dr'}, 'city': 'Garden Grove', 'state': 'Washington', 'country': 'United States', 'postcode': 67654, 'coordinates': {'latitude': '86.2797', 'longitude': '-109.7911'}, 'timezone': {'offset': '+5:00', 'description': 'Ekaterinburg, Islamabad, Karachi, Tashkent'}}, 'email': 'chester.wells@example.com', 'login': {'uuid': '2fb165ea-ed85-4185-b41b-c605f5b05f33', 'username': 'bigpanda800', 'password': 'dragons', 'salt': '5YGwgItT', 'md5': 'e38ae05d92c0b0e42c5005103c612d59', 'sha1': '451a77ba6448a5ba408ce933ec6c440f7be484e7', 'sha256': '4d158a851e00eab7a0d82d4acbfbab3d34f9fed1d60de62393d3e1e9767075d7'}, 'dob': {'date': '1969-04-24T02:24:50.334Z', 'age': 55}, 'registered': {'date': '2002-11-09T00:06:29.820Z', 'age': 21}, 'phone': '(937) 239-2281', 'cell': '(327) 509-4670', 'id': {'name': 'SSN', 'value': '552-65-6442'}, 'picture': {'large': 'https://randomuser.me/api/portraits/men/32.jpg', 'medium': 'https://randomuser.me/api/portraits/med/men/32.jpg', 'thumbnail': 'https://randomuser.me/api/portraits/thumb/men/32.jpg'}, 'nat': 'US'}], 'info': {'seed': '6d54123e561c4d25', 'results': 1, 'page': 1, 'version': '1.4'}}</msg>
<arg>${json_data}</arg>
<doc>Logs the given message with the given level.</doc>
<status status="PASS" start="2024-07-13T01:07:48.025502" elapsed="0.000197"/>
</kw>
<kw name="Should Be String" owner="String">
<arg>${json_data['results'][0]['gender']}</arg>
<doc>Fails if the given ``item`` is not a string.</doc>
<status status="PASS" start="2024-07-13T01:07:48.025990" elapsed="0.000390"/>
</kw>
<kw name="Should Match Regexp" owner="BuiltIn">
<arg>${json_data['results'][0]['email']}</arg>
<arg>^[a-zA-Z0-9._%+-]+@[a-zA-Z0-9.-]+\.[a-zA-Z]{2,}$</arg>
<doc>Fails if ``string`` does not match ``pattern`` as a regular expression.</doc>
<status status="PASS" start="2024-07-13T01:07:48.026606" elapsed="0.000521"/>
</kw>
<kw name="Should Match Regexp" owner="BuiltIn">
<arg>${json_data['results'][0]['dob']['date']}</arg>
<arg>\\d{4}-\\d{2}-\\d{2}T\\d{2}:\\d{2}:\\d{2}\\.\\d{3}Z</arg>
<doc>Fails if ``string`` does not match ``pattern`` as a regular expression.</doc>
<status status="PASS" start="2024-07-13T01:07:48.027316" elapsed="0.000482"/>
</kw>
<kw name="Should Match Regexp" owner="BuiltIn">
<arg>${json_data['results'][0]['registered']['date']}</arg>
<arg>\\d{4}-\\d{2}-\\d{2}T\\d{2}:\\d{2}:\\d{2}\\.\\d{3}Z</arg>
<doc>Fails if ``string`` does not match ``pattern`` as a regular expression.</doc>
<status status="PASS" start="2024-07-13T01:07:48.027985" elapsed="0.000361"/>
</kw>
<kw name="Should Match Regexp" owner="BuiltIn">
<arg>${json_data['results'][0]['picture']['large']}</arg>
<arg>^https?://.*\.(?:png|jpe?g|gif|bmp)$</arg>
<doc>Fails if ``string`` does not match ``pattern`` as a regular expression.</doc>
<status status="PASS" start="2024-07-13T01:07:48.028527" elapsed="0.000453"/>
</kw>
<kw name="Should Match Regexp" owner="BuiltIn">
<arg>${json_data['results'][0]['picture']['medium']}</arg>
<arg>^https?://.*\.(?:png|jpe?g|gif|bmp)$</arg>
<doc>Fails if ``string`` does not match ``pattern`` as a regular expression.</doc>
<status status="PASS" start="2024-07-13T01:07:48.029166" elapsed="0.000350"/>
</kw>
<kw name="Should Match Regexp" owner="BuiltIn">
<arg>${json_data['results'][0]['picture']['thumbnail']}</arg>
<arg>^https?://.*\.(?:png|jpe?g|gif|bmp)$</arg>
<doc>Fails if ``string`` does not match ``pattern`` as a regular expression.</doc>
<status status="PASS" start="2024-07-13T01:07:48.029699" elapsed="0.000346"/>
</kw>
<kw name="Log" owner="BuiltIn">
<msg time="2024-07-13T01:07:48.030599" level="INFO">{'large': 'https://randomuser.me/api/portraits/men/32.jpg', 'medium': 'https://randomuser.me/api/portraits/med/men/32.jpg', 'thumbnail': 'https://randomuser.me/api/portraits/thumb/men/32.jpg'}</msg>
<arg>${json_data['results'][0]['picture']}</arg>
<doc>Logs the given message with the given level.</doc>
<status status="PASS" start="2024-07-13T01:07:48.030227" elapsed="0.000415"/>
</kw>
<status status="PASS" start="2024-07-13T01:07:47.935486" elapsed="0.095412"/>
</kw>
<kw name="Teste de Tipos de Dados - Postcode" owner="random-user-service">
<kw name="GET On Session" owner="RequestsLibrary">
<msg time="2024-07-13T01:07:48.111565" level="INFO">GET Request : url=https://randomuser.me/api 
 path_url=/api 
 headers={'User-Agent': 'python-requests/2.32.3', 'Accept-Encoding': 'gzip, deflate', 'Accept': '*/*', 'Connection': 'keep-alive'} 
 body=None 
 </msg>
<msg time="2024-07-13T01:07:48.111665" level="INFO">GET Response : url=https://randomuser.me/api 
 status=200, reason=OK 
 headers={'Date': 'Sat, 13 Jul 2024 01:07:48 GMT', 'Content-Type': 'application/json; charset=utf-8', 'Transfer-Encoding': 'chunked', 'Connection': 'keep-alive', 'X-Powered-By': 'Express', 'Access-Control-Allow-Origin': '*', 'Cache-Control': 'no-cache', 'ETag': 'W/"481-D8tJj4YKNELZjI+vb3Zx47U/RI4"', 'Vary': 'Accept-Encoding', 'Content-Encoding': 'gzip', 'CF-Cache-Status': 'DYNAMIC', 'Report-To': '{"endpoints":[{"url":"https:\\/\\/a.nel.cloudflare.com\\/report\\/v4?s=6Ta%2BOREMlPSp1GTH35qZ8dawOCEmTyMdImOdkHQ21zpNiIFWJq2rhffllrH4nyHcqZKMo9vdEIJctaTLQOgFVUF71ck36QTA8dti2pHbWqP0lqZ4qrjpB07Xj40OWxUc"}],"group":"cf-nel","max_age":604800}', 'NEL': '{"success_fraction":0,"report_to":"cf-nel","max_age":604800}', 'Server': 'cloudflare', 'CF-RAY': '8a2560d13d8759ec-IAD', 'alt-svc': 'h3=":443"; ma=86400'} 
 body={"results":[{"gender":"female","name":{"title":"Miss","first":"Ljiljana","last":"Paunović"},"location":{"street":{"number":5961,"name":"Braće Mitrovića"},"city":"Arilje","state":"Nišava","country":"Serbia","postcode":83250,"coordinates":{"latitude":"61.3408","longitude":"62.5067"},"timezone":{"offset":"+5:45","description":"Kathmandu"}},"email":"ljiljana.paunovic@example.com","login":{"uuid":"683c9105-da15-4252-bf8b-936f875b5b8a","username":"sadmeercat280","password":"kristi","salt":"Oeuiujn9","md5":"de63f8f6c97502271931bbb1395e6ad0","sha1":"5993b084613b9c199b2a6ccbb370c892618d737a","sha256":"8a53db5a41c8e9450d0ec9853b6bd16e9d62bea7a5a5eb44c5c9f9ee82bcd8a3"},"dob":{"date":"1968-04-20T00:14:10.757Z","age":56},"registered":{"date":"2021-03-21T02:28:11.808Z","age":3},"phone":"023-7365-628","cell":"063-3684-767","id":{"name":"SID","value":"674731060"},"picture":{"large":"https://randomuser.me/api/portraits/women/53.jpg","medium":"https://randomuser.me/api/portraits/med/women/53.jpg","thumbnail":"https://randomuser.me/api/portraits/thumb/women/53.jpg"},"nat":"RS"}],"info":{"seed":"01d2c886139595da","results":1,"page":1,"version":"1.4"}} 
 </msg>
<msg time="2024-07-13T01:07:48.111749" level="INFO">/opt/hostedtoolcache/Python/3.12.4/x64/lib/python3.12/site-packages/urllib3/connectionpool.py:1099: InsecureRequestWarning: Unverified HTTPS request is being made to host 'randomuser.me'. Adding certificate verification is strongly advised. See: https://urllib3.readthedocs.io/en/latest/advanced-usage.html#tls-warnings
  warnings.warn(</msg>
<msg time="2024-07-13T01:07:48.111860" level="INFO">${response} = &lt;Response [200]&gt;</msg>
<var>${response}</var>
<arg>consultarAPI</arg>
<arg>/api</arg>
<doc>Sends a GET request on a previously created HTTP Session.</doc>
<status status="PASS" start="2024-07-13T01:07:48.031351" elapsed="0.080547"/>
</kw>
<kw name="Set Variable" owner="BuiltIn">
<msg time="2024-07-13T01:07:48.112798" level="INFO">${json_data} = {'results': [{'gender': 'female', 'name': {'title': 'Miss', 'first': 'Ljiljana', 'last': 'Paunović'}, 'location': {'street': {'number': 5961, 'name': 'Braće Mitrovića'}, 'city': 'Arilje', 'state': 'Ni...</msg>
<var>${json_data}</var>
<arg>${response.json()}</arg>
<doc>Returns the given values which can then be assigned to a variables.</doc>
<status status="PASS" start="2024-07-13T01:07:48.112316" elapsed="0.000512"/>
</kw>
<kw name="Log" owner="BuiltIn">
<msg time="2024-07-13T01:07:48.113294" level="INFO">{'results': [{'gender': 'female', 'name': {'title': 'Miss', 'first': 'Ljiljana', 'last': 'Paunović'}, 'location': {'street': {'number': 5961, 'name': 'Braće Mitrovića'}, 'city': 'Arilje', 'state': 'Nišava', 'country': 'Serbia', 'postcode': 83250, 'coordinates': {'latitude': '61.3408', 'longitude': '62.5067'}, 'timezone': {'offset': '+5:45', 'description': 'Kathmandu'}}, 'email': 'ljiljana.paunovic@example.com', 'login': {'uuid': '683c9105-da15-4252-bf8b-936f875b5b8a', 'username': 'sadmeercat280', 'password': 'kristi', 'salt': 'Oeuiujn9', 'md5': 'de63f8f6c97502271931bbb1395e6ad0', 'sha1': '5993b084613b9c199b2a6ccbb370c892618d737a', 'sha256': '8a53db5a41c8e9450d0ec9853b6bd16e9d62bea7a5a5eb44c5c9f9ee82bcd8a3'}, 'dob': {'date': '1968-04-20T00:14:10.757Z', 'age': 56}, 'registered': {'date': '2021-03-21T02:28:11.808Z', 'age': 3}, 'phone': '023-7365-628', 'cell': '063-3684-767', 'id': {'name': 'SID', 'value': '674731060'}, 'picture': {'large': 'https://randomuser.me/api/portraits/women/53.jpg', 'medium': 'https://randomuser.me/api/portraits/med/women/53.jpg', 'thumbnail': 'https://randomuser.me/api/portraits/thumb/women/53.jpg'}, 'nat': 'RS'}], 'info': {'seed': '01d2c886139595da', 'results': 1, 'page': 1, 'version': '1.4'}}</msg>
<arg>${json_data}</arg>
<doc>Logs the given message with the given level.</doc>
<status status="PASS" start="2024-07-13T01:07:48.113135" elapsed="0.000208"/>
</kw>
<kw name="Should Be Equal As Numbers" owner="BuiltIn">
<arg>${json_data['results'][0]['location']['postcode']}</arg>
<arg>${json_data['results'][0]['location']['postcode']}</arg>
<doc>Fails if objects are unequal after converting them to real numbers.</doc>
<status status="PASS" start="2024-07-13T01:07:48.113634" elapsed="0.000673"/>
</kw>
<kw name="Log" owner="BuiltIn">
<msg time="2024-07-13T01:07:48.115022" level="INFO">83250</msg>
<arg>${json_data['results'][0]['location']['postcode']}</arg>
<doc>Logs the given message with the given level.</doc>
<status status="PASS" start="2024-07-13T01:07:48.114500" elapsed="0.000564"/>
</kw>
<status status="PASS" start="2024-07-13T01:07:48.031128" elapsed="0.084191"/>
</kw>
<doc>Testa se os tipos de dados na resposta da API estão corretos.</doc>
<tag>testeTiposDados</tag>
<status status="PASS" start="2024-07-13T01:07:47.935042" elapsed="0.180442"/>
</test>
<test id="s1-s1-t5" name="Validar conteudo" line="35">
<kw name="Teste de Tipos de Conteudo" owner="random-user-service">
<kw name="GET On Session" owner="RequestsLibrary">
<msg time="2024-07-13T01:07:48.215261" level="INFO">GET Request : url=https://randomuser.me/api 
 path_url=/api 
 headers={'User-Agent': 'python-requests/2.32.3', 'Accept-Encoding': 'gzip, deflate', 'Accept': '*/*', 'Connection': 'keep-alive'} 
 body=None 
 </msg>
<msg time="2024-07-13T01:07:48.215347" level="INFO">GET Response : url=https://randomuser.me/api 
 status=200, reason=OK 
 headers={'Date': 'Sat, 13 Jul 2024 01:07:48 GMT', 'Content-Type': 'application/json; charset=utf-8', 'Transfer-Encoding': 'chunked', 'Connection': 'keep-alive', 'X-Powered-By': 'Express', 'Access-Control-Allow-Origin': '*', 'Cache-Control': 'no-cache', 'ETag': 'W/"47c-ampfxt5kkXffuqUODJZFCRl+6A8"', 'Vary': 'Accept-Encoding', 'Content-Encoding': 'gzip', 'CF-Cache-Status': 'DYNAMIC', 'Report-To': '{"endpoints":[{"url":"https:\\/\\/a.nel.cloudflare.com\\/report\\/v4?s=fRLdRdq9F729TiGrNR6iBmojEiiMnGHBjcHnb%2FutsgExWPs8kmbYLKzkx6WOWSgCuwJIOP16aWd4NNEf9%2Bfl1EG8F9%2F1uRxDlIgpw5tmJ115KwQQykBow76PBlGOzjSc"}],"group":"cf-nel","max_age":604800}', 'NEL': '{"success_fraction":0,"report_to":"cf-nel","max_age":604800}', 'Server': 'cloudflare', 'CF-RAY': '8a2560d1bde859ec-IAD', 'alt-svc': 'h3=":443"; ma=86400'} 
 body={"results":[{"gender":"female","name":{"title":"Ms","first":"Ella","last":"Martin"},"location":{"street":{"number":8626,"name":"Kennedy Road"},"city":"Blenheim","state":"Otago","country":"New Zealand","postcode":22893,"coordinates":{"latitude":"53.4396","longitude":"164.2188"},"timezone":{"offset":"-11:00","description":"Midway Island, Samoa"}},"email":"ella.martin@example.com","login":{"uuid":"37d0d609-29b5-4832-8ef4-74177592a16a","username":"brownladybug366","password":"wutang","salt":"LRwFplW3","md5":"eb2524d9d9c6f15433b69af1c741d530","sha1":"ae45f9d43e64e18f719973fc90b994be17dfcf3b","sha256":"34121dd1a502870953823d47dd5d62deeae9e754dce89a3f24a60d2590a4ca0f"},"dob":{"date":"1949-04-15T16:23:25.948Z","age":75},"registered":{"date":"2011-10-12T01:06:16.095Z","age":12},"phone":"(351)-613-6658","cell":"(383)-584-4316","id":{"name":"","value":null},"picture":{"large":"https://randomuser.me/api/portraits/women/43.jpg","medium":"https://randomuser.me/api/portraits/med/women/43.jpg","thumbnail":"https://randomuser.me/api/portraits/thumb/women/43.jpg"},"nat":"NZ"}],"info":{"seed":"35c2ccf448330a09","results":1,"page":1,"version":"1.4"}} 
 </msg>
<msg time="2024-07-13T01:07:48.215421" level="INFO">/opt/hostedtoolcache/Python/3.12.4/x64/lib/python3.12/site-packages/urllib3/connectionpool.py:1099: InsecureRequestWarning: Unverified HTTPS request is being made to host 'randomuser.me'. Adding certificate verification is strongly advised. See: https://urllib3.readthedocs.io/en/latest/advanced-usage.html#tls-warnings
  warnings.warn(</msg>
<msg time="2024-07-13T01:07:48.215537" level="INFO">${response} = &lt;Response [200]&gt;</msg>
<var>${response}</var>
<arg>consultarAPI</arg>
<arg>/api</arg>
<doc>Sends a GET request on a previously created HTTP Session.</doc>
<status status="PASS" start="2024-07-13T01:07:48.118222" elapsed="0.097355"/>
</kw>
<kw name="Set Variable" owner="BuiltIn">
<msg time="2024-07-13T01:07:48.216505" level="INFO">${json_data} = {'results': [{'gender': 'female', 'name': {'title': 'Ms', 'first': 'Ella', 'last': 'Martin'}, 'location': {'street': {'number': 8626, 'name': 'Kennedy Road'}, 'city': 'Blenheim', 'state': 'Otago', 'co...</msg>
<var>${json_data}</var>
<arg>${response.json()}</arg>
<doc>Returns the given values which can then be assigned to a variables.</doc>
<status status="PASS" start="2024-07-13T01:07:48.216062" elapsed="0.000472"/>
</kw>
<kw name="Set Variable" owner="BuiltIn">
<msg time="2024-07-13T01:07:48.217197" level="INFO">${name_title} = Ms</msg>
<var>${name_title}</var>
<arg>${json_data["results"][0]["name"]["title"]}</arg>
<doc>Returns the given values which can then be assigned to a variables.</doc>
<status status="PASS" start="2024-07-13T01:07:48.216830" elapsed="0.000393"/>
</kw>
<kw name="Create List" owner="BuiltIn">
<msg time="2024-07-13T01:07:48.217660" level="INFO">${allowed_titles} = ['Mr', 'Ms', 'Miss', 'Mrs', 'Madame', 'Monsieur']</msg>
<var>${allowed_titles}</var>
<arg>Mr</arg>
<arg>Ms</arg>
<arg>Miss</arg>
<arg>Mrs</arg>
<arg>Madame</arg>
<arg>Monsieur</arg>
<doc>Returns a list containing given items.</doc>
<status status="PASS" start="2024-07-13T01:07:48.217516" elapsed="0.000168"/>
</kw>
<kw name="List Should Contain Value" owner="Collections">
<arg>${allowed_titles}</arg>
<arg>${name_title}</arg>
<doc>Fails if the ``value`` is not found from ``list``.</doc>
<status status="PASS" start="2024-07-13T01:07:48.217984" elapsed="0.000171"/>
</kw>
<kw name="Set Variable" owner="BuiltIn">
<msg time="2024-07-13T01:07:48.218762" level="INFO">${name_country} = NZ</msg>
<var>${name_country}</var>
<arg>${json_data["results"][0]["nat"]}</arg>
<doc>Returns the given values which can then be assigned to a variables.</doc>
<status status="PASS" start="2024-07-13T01:07:48.218380" elapsed="0.000407"/>
</kw>
<kw name="Create List" owner="BuiltIn">
<msg time="2024-07-13T01:07:48.219660" level="INFO">${list_country} = ['AD', 'AE', 'AF', 'AG', 'AI', 'AL', 'AM', 'AO', 'AQ', 'AR', 'AS', 'AT', 'AU', 'AW', 'AX', 'AZ', 'BA', 'BB', 'BD', 'BE', 'BF', 'BG', 'BH', 'BI', 'BJ', 'BL', 'BM', 'BN', 'BO', 'BQ', 'BR', 'BS', 'BT', '...</msg>
<var>${list_country}</var>
<arg>AD</arg>
<arg>AE</arg>
<arg>AF</arg>
<arg>AG</arg>
<arg>AI</arg>
<arg>AL</arg>
<arg>AM</arg>
<arg>AO</arg>
<arg>AQ</arg>
<arg>AR</arg>
<arg>AS</arg>
<arg>AT</arg>
<arg>AU</arg>
<arg>AW</arg>
<arg>AX</arg>
<arg>AZ</arg>
<arg>BA</arg>
<arg>BB</arg>
<arg>BD</arg>
<arg>BE</arg>
<arg>BF</arg>
<arg>BG</arg>
<arg>BH</arg>
<arg>BI</arg>
<arg>BJ</arg>
<arg>BL</arg>
<arg>BM</arg>
<arg>BN</arg>
<arg>BO</arg>
<arg>BQ</arg>
<arg>BR</arg>
<arg>BS</arg>
<arg>BT</arg>
<arg>BV</arg>
<arg>BW</arg>
<arg>BY</arg>
<arg>BZ</arg>
<arg>CA</arg>
<arg>CC</arg>
<arg>CD</arg>
<arg>CF</arg>
<arg>CG</arg>
<arg>CH</arg>
<arg>CI</arg>
<arg>CK</arg>
<arg>CL</arg>
<arg>CM</arg>
<arg>CN</arg>
<arg>CO</arg>
<arg>CR</arg>
<arg>CU</arg>
<arg>CV</arg>
<arg>CW</arg>
<arg>CX</arg>
<arg>CY</arg>
<arg>CZ</arg>
<arg>DE</arg>
<arg>DJ</arg>
<arg>DK</arg>
<arg>DM</arg>
<arg>DO</arg>
<arg>DZ</arg>
<arg>EC</arg>
<arg>EE</arg>
<arg>EG</arg>
<arg>EH</arg>
<arg>ER</arg>
<arg>ES</arg>
<arg>ET</arg>
<arg>FI</arg>
<arg>FJ</arg>
<arg>FK</arg>
<arg>FM</arg>
<arg>FO</arg>
<arg>FR</arg>
<arg>GA</arg>
<arg>GB</arg>
<arg>GD</arg>
<arg>GE</arg>
<arg>GF</arg>
<arg>GG</arg>
<arg>GH</arg>
<arg>GI</arg>
<arg>GL</arg>
<arg>GM</arg>
<arg>GN</arg>
<arg>GP</arg>
<arg>GQ</arg>
<arg>GR</arg>
<arg>GS</arg>
<arg>GT</arg>
<arg>GU</arg>
<arg>GW</arg>
<arg>GY</arg>
<arg>HK</arg>
<arg>HM</arg>
<arg>HN</arg>
<arg>HR</arg>
<arg>HT</arg>
<arg>HU</arg>
<arg>ID</arg>
<arg>IE</arg>
<arg>IL</arg>
<arg>IM</arg>
<arg>IN</arg>
<arg>IO</arg>
<arg>IQ</arg>
<arg>IR</arg>
<arg>IS</arg>
<arg>IT</arg>
<arg>JE</arg>
<arg>JM</arg>
<arg>JO</arg>
<arg>JP</arg>
<arg>KE</arg>
<arg>KG</arg>
<arg>KH</arg>
<arg>KI</arg>
<arg>KM</arg>
<arg>KN</arg>
<arg>KP</arg>
<arg>KR</arg>
<arg>KW</arg>
<arg>KY</arg>
<arg>KZ</arg>
<arg>LA</arg>
<arg>LB</arg>
<arg>LC</arg>
<arg>LI</arg>
<arg>LK</arg>
<arg>LR</arg>
<arg>LS</arg>
<arg>LT</arg>
<arg>LU</arg>
<arg>LV</arg>
<arg>LY</arg>
<arg>MA</arg>
<arg>MC</arg>
<arg>MD</arg>
<arg>ME</arg>
<arg>MF</arg>
<arg>MG</arg>
<arg>MH</arg>
<arg>MK</arg>
<arg>ML</arg>
<arg>MM</arg>
<arg>MN</arg>
<arg>MO</arg>
<arg>MP</arg>
<arg>MQ</arg>
<arg>MR</arg>
<arg>MS</arg>
<arg>MT</arg>
<arg>MU</arg>
<arg>MV</arg>
<arg>MW</arg>
<arg>MX</arg>
<arg>MY</arg>
<arg>MZ</arg>
<arg>NA</arg>
<arg>NC</arg>
<arg>NE</arg>
<arg>NF</arg>
<arg>NG</arg>
<arg>NI</arg>
<arg>NL</arg>
<arg>NO</arg>
<arg>NP</arg>
<arg>NR</arg>
<arg>NU</arg>
<arg>NZ</arg>
<arg>OM</arg>
<arg>PA</arg>
<arg>PE</arg>
<arg>PF</arg>
<arg>PG</arg>
<arg>PH</arg>
<arg>PK</arg>
<arg>PL</arg>
<arg>PM</arg>
<arg>PN</arg>
<arg>PR</arg>
<arg>PS</arg>
<arg>PT</arg>
<arg>PW</arg>
<arg>PY</arg>
<arg>QA</arg>
<arg>RE</arg>
<arg>RO</arg>
<arg>RS</arg>
<arg>RU</arg>
<arg>RW</arg>
<arg>SA</arg>
<arg>SB</arg>
<arg>SC</arg>
<arg>SD</arg>
<arg>SE</arg>
<arg>SG</arg>
<arg>SH</arg>
<arg>SI</arg>
<arg>SJ</arg>
<arg>SK</arg>
<arg>SL</arg>
<arg>SM</arg>
<arg>SN</arg>
<arg>SO</arg>
<arg>SR</arg>
<arg>SS</arg>
<arg>ST</arg>
<arg>SV</arg>
<arg>SX</arg>
<arg>SY</arg>
<arg>SZ</arg>
<arg>TC</arg>
<arg>TD</arg>
<arg>TF</arg>
<arg>TG</arg>
<arg>TH</arg>
<arg>TJ</arg>
<arg>TK</arg>
<arg>TL</arg>
<arg>TM</arg>
<arg>TN</arg>
<arg>TO</arg>
<arg>TR</arg>
<arg>TT</arg>
<arg>TV</arg>
<arg>TW</arg>
<arg>TZ</arg>
<arg>UA</arg>
<arg>UG</arg>
<arg>UM</arg>
<arg>US</arg>
<arg>UY</arg>
<arg>UZ</arg>
<arg>VA</arg>
<arg>VC</arg>
<arg>VE</arg>
<arg>VG</arg>
<arg>VI</arg>
<arg>VN</arg>
<arg>VU</arg>
<arg>WF</arg>
<arg>WS</arg>
<arg>XK</arg>
<arg>YE</arg>
<arg>YT</arg>
<arg>ZA</arg>
<arg>ZM</arg>
<arg>ZW</arg>
<doc>Returns a list containing given items.</doc>
<status status="PASS" start="2024-07-13T01:07:48.219078" elapsed="0.000607"/>
</kw>
<kw name="List Should Contain Value" owner="Collections">
<arg>${list_country}</arg>
<arg>${name_country}</arg>
<doc>Fails if the ``value`` is not found from ``list``.</doc>
<status status="PASS" start="2024-07-13T01:07:48.220472" elapsed="0.000201"/>
</kw>
<kw name="Run Keyword If" owner="BuiltIn">
<kw name="Should Be True" owner="BuiltIn">
<arg>${True}</arg>
<doc>Fails if the given condition is not true.</doc>
<status status="PASS" start="2024-07-13T01:07:48.221583" elapsed="0.000140"/>
</kw>
<arg>${json_data["results"][0]["location"]["coordinates"]["latitude"]} &gt;= -90 and ${json_data["results"][0]["location"]["coordinates"]["latitude"]} &lt;= 90</arg>
<arg>Should Be True</arg>
<arg>${True}</arg>
<doc>Runs the given keyword with the given arguments, if ``condition`` is true.</doc>
<status status="PASS" start="2024-07-13T01:07:48.220863" elapsed="0.000983"/>
</kw>
<kw name="Run Keyword If" owner="BuiltIn">
<kw name="Should Be True" owner="BuiltIn">
<arg>${True}</arg>
<doc>Fails if the given condition is not true.</doc>
<status status="PASS" start="2024-07-13T01:07:48.222745" elapsed="0.000235"/>
</kw>
<arg>${json_data["results"][0]["location"]["coordinates"]["longitude"]} &gt;= -180 and ${json_data["results"][0]["location"]["coordinates"]["longitude"]} &lt;= 180</arg>
<arg>Should Be True</arg>
<arg>${True}</arg>
<doc>Runs the given keyword with the given arguments, if ``condition`` is true.</doc>
<status status="PASS" start="2024-07-13T01:07:48.222026" elapsed="0.001083"/>
</kw>
<status status="PASS" start="2024-07-13T01:07:48.117859" elapsed="0.105382"/>
</kw>
<doc>Testa o conteúdo específico dos campos retornados pela API.</doc>
<tag>testeConteudo</tag>
<status status="PASS" start="2024-07-13T01:07:48.117216" elapsed="0.106168"/>
</test>
<status status="PASS" start="2024-07-13T01:07:47.287667" elapsed="0.937608"/>
</suite>
<status status="PASS" start="2024-07-13T01:07:47.269504" elapsed="0.960698"/>
</suite>
<statistics>
<total>
<stat pass="5" fail="0" skip="0">All Tests</stat>
</total>
<tag>
<stat pass="1" fail="0" skip="0">testeConteudo</stat>
<stat pass="1" fail="0" skip="0">testeEstruturaResposta</stat>
<stat pass="1" fail="0" skip="0">testeRequisicaoBasica</stat>
<stat pass="1" fail="0" skip="0">testeTiposDados</stat>
</tag>
<suite>
<stat pass="5" fail="0" skip="0" id="s1" name="Tests">Tests</stat>
<stat pass="5" fail="0" skip="0" id="s1-s1" name="Random-User-Test">Tests.Random-User-Test</stat>
</suite>
</statistics>
<errors>
</errors>
</robot>
