<?xml version="1.0" encoding="UTF-8"?>
<robot generator="Robot 7.0 (Python 3.12.3 on linux)" generated="2024-05-01T21:12:53.033930" rpa="false" schemaversion="5">
<suite id="s1" name="Tests" source="/home/runner/work/DesafioQAItauRogerioJordao/DesafioQAItauRogerioJordao/RamdonUser/tests">
<suite id="s1-s1" name="Random-User-Test" source="/home/runner/work/DesafioQAItauRogerioJordao/DesafioQAItauRogerioJordao/RamdonUser/tests/random-user-test.robot">
<test id="s1-s1-t1" name="Conectar" line="13">
<kw name="Conectar API" owner="random-user-service">
<kw name="Create Session" owner="RequestsLibrary">
<msg time="2024-05-01T21:12:53.387712" level="INFO">Creating Session using : alias=consultarAPI, url=https://randomuser.me/, headers={},                     cookies={}, auth=None, timeout=None, proxies=None, verify=False,                     debug=0 </msg>
<arg>consultarAPI</arg>
<arg>${URL}</arg>
<doc>Create Session: create a HTTP session to a server</doc>
<status status="PASS" start="2024-05-01T21:12:53.387522" elapsed="0.000352"/>
</kw>
<status status="PASS" start="2024-05-01T21:12:53.386614" elapsed="0.001609"/>
</kw>
<status status="PASS" start="2024-05-01T21:12:53.386100" elapsed="0.002316"/>
</test>
<test id="s1-s1-t2" name="Validar retorno 200 e JSON Válido" line="16">
<kw name="Teste de Requisicao Basica" owner="random-user-service">
<kw name="GET On Session" owner="RequestsLibrary">
<msg time="2024-05-01T21:12:53.573784" level="INFO">GET Request : url=https://randomuser.me/api 
 path_url=/api 
 headers={'User-Agent': 'python-requests/2.31.0', 'Accept-Encoding': 'gzip, deflate', 'Accept': '*/*', 'Connection': 'keep-alive'} 
 body=None 
 </msg>
<msg time="2024-05-01T21:12:53.573920" level="INFO">GET Response : url=https://randomuser.me/api 
 status=200, reason=OK 
 headers={'Date': 'Wed, 01 May 2024 21:12:53 GMT', 'Content-Type': 'application/json; charset=utf-8', 'Transfer-Encoding': 'chunked', 'Connection': 'keep-alive', 'X-Powered-By': 'Express', 'Access-Control-Allow-Origin': '*', 'Cache-Control': 'no-cache', 'ETag': 'W/"49c-Jv5gDRZQ+jXWmLkVmIPybr7Lsvo"', 'Vary': 'Accept-Encoding', 'Content-Encoding': 'gzip', 'CF-Cache-Status': 'DYNAMIC', 'Report-To': '{"endpoints":[{"url":"https:\\/\\/a.nel.cloudflare.com\\/report\\/v4?s=2D%2FOwmYMyVG0bF%2FTjzsfKQTd2sG86hYwMZ4X75eXr8RfgAtWDt8NevDfsUtDC9%2B2D7Y2oDRemy5YMg%2BH1JB5ynWsHr17ORrQimUZJsGOejoFQhUVDmKLR13wbHpyr1B5"}],"group":"cf-nel","max_age":604800}', 'NEL': '{"success_fraction":0,"report_to":"cf-nel","max_age":604800}', 'Server': 'cloudflare', 'CF-RAY': '87d2c5b63c707c36-LAX', 'alt-svc': 'h3=":443"; ma=86400'} 
 body={"results":[{"gender":"female","name":{"title":"Miss","first":"Jorien","last":"Sneller"},"location":{"street":{"number":2760,"name":"De Loanen"},"city":"Gerkesklooster","state":"Noord-Brabant","country":"Netherlands","postcode":"0909 NU","coordinates":{"latitude":"32.0861","longitude":"122.6646"},"timezone":{"offset":"-7:00","description":"Mountain Time (US &amp; Canada)"}},"email":"jorien.sneller@example.com","login":{"uuid":"7a224548-f203-4711-92a4-81f40d756e55","username":"brownleopard169","password":"panic","salt":"idpEghLi","md5":"9bb683f14a803314c3fca4aa97108f76","sha1":"b23f5d6f6baf915a57804a207a8c9d00492055ec","sha256":"c209b6bf5f7b5b717c740d5d4e9596e3ee4c8fc50b3b4478b10b06a91b0823e1"},"dob":{"date":"2000-08-10T13:45:40.238Z","age":23},"registered":{"date":"2008-06-18T00:15:52.791Z","age":15},"phone":"(084) 3393335","cell":"(06) 75279927","id":{"name":"BSN","value":"44604216"},"picture":{"large":"https://randomuser.me/api/portraits/women/3.jpg","medium":"https://randomuser.me/api/portraits/med/women/3.jpg","thumbnail":"https://randomuser.me/api/portraits/thumb/women/3.jpg"},"nat":"NL"}],"info":{"seed":"7c579b42f7af70cd","results":1,"page":1,"version":"1.4"}} 
 </msg>
<msg time="2024-05-01T21:12:53.573998" level="INFO">/opt/hostedtoolcache/Python/3.12.3/x64/lib/python3.12/site-packages/urllib3/connectionpool.py:1103: InsecureRequestWarning: Unverified HTTPS request is being made to host 'randomuser.me'. Adding certificate verification is strongly advised. See: https://urllib3.readthedocs.io/en/latest/advanced-usage.html#tls-warnings
  warnings.warn(</msg>
<msg time="2024-05-01T21:12:53.574134" level="INFO">${response} = &lt;Response [200]&gt;</msg>
<var>${response}</var>
<arg>consultarAPI</arg>
<arg>/api</arg>
<doc>Sends a GET request on a previously created HTTP Session.</doc>
<status status="PASS" start="2024-05-01T21:12:53.391048" elapsed="0.183127"/>
</kw>
<kw name="Should Be Equal As Numbers" owner="BuiltIn">
<msg time="2024-05-01T21:12:53.575262" level="INFO">Argument types are:
&lt;class 'int'&gt;
&lt;class 'str'&gt;</msg>
<arg>${response.status_code}</arg>
<arg>200</arg>
<doc>Fails if objects are unequal after converting them to real numbers.</doc>
<status status="PASS" start="2024-05-01T21:12:53.574775" elapsed="0.000552"/>
</kw>
<kw name="Log" owner="BuiltIn">
<msg time="2024-05-01T21:12:53.576032" level="INFO">200</msg>
<arg>${response.status_code}</arg>
<doc>Logs the given message with the given level.</doc>
<status status="PASS" start="2024-05-01T21:12:53.575682" elapsed="0.000392"/>
</kw>
<kw name="Set Variable" owner="BuiltIn">
<msg time="2024-05-01T21:12:53.576809" level="INFO">${json_data} = {'results': [{'gender': 'female', 'name': {'title': 'Miss', 'first': 'Jorien', 'last': 'Sneller'}, 'location': {'street': {'number': 2760, 'name': 'De Loanen'}, 'city': 'Gerkesklooster', 'state': 'Noo...</msg>
<var>${json_data}</var>
<arg>${response.json()}</arg>
<doc>Returns the given values which can then be assigned to a variables.</doc>
<status status="PASS" start="2024-05-01T21:12:53.576380" elapsed="0.000495"/>
</kw>
<kw name="Dictionary Should Contain Key" owner="Collections">
<msg time="2024-05-01T21:12:53.577362" level="INFO">False</msg>
<arg>${json_data}</arg>
<arg>results</arg>
<doc>Fails if ``key`` is not found from ``dictionary``.</doc>
<status status="PASS" start="2024-05-01T21:12:53.577192" elapsed="0.000212"/>
</kw>
<status status="PASS" start="2024-05-01T21:12:53.390807" elapsed="0.186853"/>
</kw>
<doc>Testa se a API responde corretamente e retorna um objeto JSON válido.</doc>
<tag>testeRequisicaoBasica</tag>
<status status="PASS" start="2024-05-01T21:12:53.390359" elapsed="0.187483"/>
</test>
<test id="s1-s1-t3" name="Validar estrutura de resposta" line="22">
<kw name="Teste de Estrutura de Resposta" owner="random-user-service">
<kw name="GET On Session" owner="RequestsLibrary">
<msg time="2024-05-01T21:12:53.688791" level="INFO">GET Request : url=https://randomuser.me/api 
 path_url=/api 
 headers={'User-Agent': 'python-requests/2.31.0', 'Accept-Encoding': 'gzip, deflate', 'Accept': '*/*', 'Connection': 'keep-alive'} 
 body=None 
 </msg>
<msg time="2024-05-01T21:12:53.688932" level="INFO">GET Response : url=https://randomuser.me/api 
 status=200, reason=OK 
 headers={'Date': 'Wed, 01 May 2024 21:12:53 GMT', 'Content-Type': 'application/json; charset=utf-8', 'Transfer-Encoding': 'chunked', 'Connection': 'keep-alive', 'X-Powered-By': 'Express', 'Access-Control-Allow-Origin': '*', 'Cache-Control': 'no-cache', 'ETag': 'W/"4b2-+E5NV00wOerKv4E2kkADCcpg1+w"', 'Vary': 'Accept-Encoding', 'Content-Encoding': 'gzip', 'CF-Cache-Status': 'DYNAMIC', 'Report-To': '{"endpoints":[{"url":"https:\\/\\/a.nel.cloudflare.com\\/report\\/v4?s=5%2BGcI%2FvtYul5sZ4rh53bY8Dh4Z%2FZGkT3JOerjWqZDTVVZoyDQDmyGodCAJF4%2FvSXnhM65jTrihgtaLIK2apmszioI9i2MXLQIxNXGhkQnrDmjSPWpH%2BQy%2BQ9cMeFW%2B9G"}],"group":"cf-nel","max_age":604800}', 'NEL': '{"success_fraction":0,"report_to":"cf-nel","max_age":604800}', 'Server': 'cloudflare', 'CF-RAY': '87d2c5b6ecf27c36-LAX', 'alt-svc': 'h3=":443"; ma=86400'} 
 body={"results":[{"gender":"female","name":{"title":"Ms","first":"مهدیس","last":"سهيلي راد"},"location":{"street":{"number":2102,"name":"میدان صادقیه"},"city":"سنندج","state":"هرمزگان","country":"Iran","postcode":96386,"coordinates":{"latitude":"19.7511","longitude":"145.8898"},"timezone":{"offset":"+11:00","description":"Magadan, Solomon Islands, New Caledonia"}},"email":"mhdys.shylyrd@example.com","login":{"uuid":"b6ef3c8b-fe93-4716-9d99-47dcba044a5d","username":"organicelephant543","password":"majestic","salt":"3JmEgAwZ","md5":"097c5f497ee1331bf8b9ce5ea6895251","sha1":"909b2cf631272cce518e1ebd901ff64c5a3609ce","sha256":"bb90302750b08851ecbca8ee0358045306e3b6a2d3b2b2c0804c502c9f7b1b9a"},"dob":{"date":"1992-01-29T00:59:52.785Z","age":32},"registered":{"date":"2018-02-05T10:52:25.033Z","age":6},"phone":"060-22638370","cell":"0908-291-1395","id":{"name":"","value":null},"picture":{"large":"https://randomuser.me/api/portraits/women/67.jpg","medium":"https://randomuser.me/api/portraits/med/women/67.jpg","thumbnail":"https://randomuser.me/api/portraits/thumb/women/67.jpg"},"nat":"IR"}],"info":{"seed":"328c7f61c96fc0f9","results":1,"page":1,"version":"1.4"}} 
 </msg>
<msg time="2024-05-01T21:12:53.689043" level="INFO">/opt/hostedtoolcache/Python/3.12.3/x64/lib/python3.12/site-packages/urllib3/connectionpool.py:1103: InsecureRequestWarning: Unverified HTTPS request is being made to host 'randomuser.me'. Adding certificate verification is strongly advised. See: https://urllib3.readthedocs.io/en/latest/advanced-usage.html#tls-warnings
  warnings.warn(</msg>
<msg time="2024-05-01T21:12:53.689139" level="INFO">${response} = &lt;Response [200]&gt;</msg>
<var>${response}</var>
<arg>consultarAPI</arg>
<arg>/api</arg>
<doc>Sends a GET request on a previously created HTTP Session.</doc>
<status status="PASS" start="2024-05-01T21:12:53.580535" elapsed="0.108638"/>
</kw>
<kw name="Set Variable" owner="BuiltIn">
<msg time="2024-05-01T21:12:53.690096" level="INFO">${json_data} = {'results': [{'gender': 'female', 'name': {'title': 'Ms', 'first': 'مهدیس', 'last': 'سهيلي راد'}, 'location': {'street': {'number': 2102, 'name': 'میدان صادقیه'}, 'city': 'سنندج', 'state': 'هرمزگان', ...</msg>
<var>${json_data}</var>
<arg>${response.json()}</arg>
<doc>Returns the given values which can then be assigned to a variables.</doc>
<status status="PASS" start="2024-05-01T21:12:53.689590" elapsed="0.000538"/>
</kw>
<kw name="Log" owner="BuiltIn">
<msg time="2024-05-01T21:12:53.690609" level="INFO">{'results': [{'gender': 'female', 'name': {'title': 'Ms', 'first': 'مهدیس', 'last': 'سهيلي راد'}, 'location': {'street': {'number': 2102, 'name': 'میدان صادقیه'}, 'city': 'سنندج', 'state': 'هرمزگان', 'country': 'Iran', 'postcode': 96386, 'coordinates': {'latitude': '19.7511', 'longitude': '145.8898'}, 'timezone': {'offset': '+11:00', 'description': 'Magadan, Solomon Islands, New Caledonia'}}, 'email': 'mhdys.shylyrd@example.com', 'login': {'uuid': 'b6ef3c8b-fe93-4716-9d99-47dcba044a5d', 'username': 'organicelephant543', 'password': 'majestic', 'salt': '3JmEgAwZ', 'md5': '097c5f497ee1331bf8b9ce5ea6895251', 'sha1': '909b2cf631272cce518e1ebd901ff64c5a3609ce', 'sha256': 'bb90302750b08851ecbca8ee0358045306e3b6a2d3b2b2c0804c502c9f7b1b9a'}, 'dob': {'date': '1992-01-29T00:59:52.785Z', 'age': 32}, 'registered': {'date': '2018-02-05T10:52:25.033Z', 'age': 6}, 'phone': '060-22638370', 'cell': '0908-291-1395', 'id': {'name': '', 'value': None}, 'picture': {'large': 'https://randomuser.me/api/portraits/women/67.jpg', 'medium': 'https://randomuser.me/api/portraits/med/women/67.jpg', 'thumbnail': 'https://randomuser.me/api/portraits/thumb/women/67.jpg'}, 'nat': 'IR'}], 'info': {'seed': '328c7f61c96fc0f9', 'results': 1, 'page': 1, 'version': '1.4'}}</msg>
<arg>${json_data}</arg>
<doc>Logs the given message with the given level.</doc>
<status status="PASS" start="2024-05-01T21:12:53.690444" elapsed="0.000218"/>
</kw>
<kw name="Dictionary Should Contain Key" owner="Collections">
<msg time="2024-05-01T21:12:53.691126" level="INFO">False</msg>
<arg>${json_data}</arg>
<arg>results</arg>
<doc>Fails if ``key`` is not found from ``dictionary``.</doc>
<status status="PASS" start="2024-05-01T21:12:53.690962" elapsed="0.000202"/>
</kw>
<kw name="Should Not Be Empty" owner="BuiltIn">
<msg time="2024-05-01T21:12:53.691594" level="INFO">Length is 2.</msg>
<arg>${json_data}</arg>
<doc>Verifies that the given item is not empty.</doc>
<status status="PASS" start="2024-05-01T21:12:53.691461" elapsed="0.000317"/>
</kw>
<kw name="Create List" owner="BuiltIn">
<msg time="2024-05-01T21:12:53.692229" level="INFO">${expected_keys} = ['gender', 'name', 'location', 'email', 'login']</msg>
<var>${expected_keys}</var>
<arg>gender</arg>
<arg>name</arg>
<arg>location</arg>
<arg>email</arg>
<arg>login</arg>
<doc>Returns a list containing given items.</doc>
<status status="PASS" start="2024-05-01T21:12:53.692074" elapsed="0.000179"/>
</kw>
<for flavor="IN">
<iter>
<kw name="Dictionary Should Contain Key" owner="Collections">
<msg time="2024-05-01T21:12:53.693273" level="INFO">False</msg>
<arg>${json_data['results'][0]}</arg>
<arg>${key}</arg>
<doc>Fails if ``key`` is not found from ``dictionary``.</doc>
<status status="PASS" start="2024-05-01T21:12:53.692855" elapsed="0.000456"/>
</kw>
<kw name="Log" owner="BuiltIn">
<msg time="2024-05-01T21:12:53.693991" level="INFO">{'gender': 'female', 'name': {'title': 'Ms', 'first': 'مهدیس', 'last': 'سهيلي راد'}, 'location': {'street': {'number': 2102, 'name': 'میدان صادقیه'}, 'city': 'سنندج', 'state': 'هرمزگان', 'country': 'Iran', 'postcode': 96386, 'coordinates': {'latitude': '19.7511', 'longitude': '145.8898'}, 'timezone': {'offset': '+11:00', 'description': 'Magadan, Solomon Islands, New Caledonia'}}, 'email': 'mhdys.shylyrd@example.com', 'login': {'uuid': 'b6ef3c8b-fe93-4716-9d99-47dcba044a5d', 'username': 'organicelephant543', 'password': 'majestic', 'salt': '3JmEgAwZ', 'md5': '097c5f497ee1331bf8b9ce5ea6895251', 'sha1': '909b2cf631272cce518e1ebd901ff64c5a3609ce', 'sha256': 'bb90302750b08851ecbca8ee0358045306e3b6a2d3b2b2c0804c502c9f7b1b9a'}, 'dob': {'date': '1992-01-29T00:59:52.785Z', 'age': 32}, 'registered': {'date': '2018-02-05T10:52:25.033Z', 'age': 6}, 'phone': '060-22638370', 'cell': '0908-291-1395', 'id': {'name': '', 'value': None}, 'picture': {'large': 'https://randomuser.me/api/portraits/women/67.jpg', 'medium': 'https://randomuser.me/api/portraits/med/women/67.jpg', 'thumbnail': 'https://randomuser.me/api/portraits/thumb/women/67.jpg'}, 'nat': 'IR'}</msg>
<arg>${json_data['results'][0]}</arg>
<doc>Logs the given message with the given level.</doc>
<status status="PASS" start="2024-05-01T21:12:53.693612" elapsed="0.000431"/>
</kw>
<kw name="Log" owner="BuiltIn">
<msg time="2024-05-01T21:12:53.694474" level="INFO">gender</msg>
<arg>${key}</arg>
<doc>Logs the given message with the given level.</doc>
<status status="PASS" start="2024-05-01T21:12:53.694344" elapsed="0.000168"/>
</kw>
<var name="${key}">gender</var>
<status status="PASS" start="2024-05-01T21:12:53.692704" elapsed="0.002023"/>
</iter>
<iter>
<kw name="Dictionary Should Contain Key" owner="Collections">
<msg time="2024-05-01T21:12:53.695453" level="INFO">False</msg>
<arg>${json_data['results'][0]}</arg>
<arg>${key}</arg>
<doc>Fails if ``key`` is not found from ``dictionary``.</doc>
<status status="PASS" start="2024-05-01T21:12:53.695030" elapsed="0.000461"/>
</kw>
<kw name="Log" owner="BuiltIn">
<msg time="2024-05-01T21:12:53.696150" level="INFO">{'gender': 'female', 'name': {'title': 'Ms', 'first': 'مهدیس', 'last': 'سهيلي راد'}, 'location': {'street': {'number': 2102, 'name': 'میدان صادقیه'}, 'city': 'سنندج', 'state': 'هرمزگان', 'country': 'Iran', 'postcode': 96386, 'coordinates': {'latitude': '19.7511', 'longitude': '145.8898'}, 'timezone': {'offset': '+11:00', 'description': 'Magadan, Solomon Islands, New Caledonia'}}, 'email': 'mhdys.shylyrd@example.com', 'login': {'uuid': 'b6ef3c8b-fe93-4716-9d99-47dcba044a5d', 'username': 'organicelephant543', 'password': 'majestic', 'salt': '3JmEgAwZ', 'md5': '097c5f497ee1331bf8b9ce5ea6895251', 'sha1': '909b2cf631272cce518e1ebd901ff64c5a3609ce', 'sha256': 'bb90302750b08851ecbca8ee0358045306e3b6a2d3b2b2c0804c502c9f7b1b9a'}, 'dob': {'date': '1992-01-29T00:59:52.785Z', 'age': 32}, 'registered': {'date': '2018-02-05T10:52:25.033Z', 'age': 6}, 'phone': '060-22638370', 'cell': '0908-291-1395', 'id': {'name': '', 'value': None}, 'picture': {'large': 'https://randomuser.me/api/portraits/women/67.jpg', 'medium': 'https://randomuser.me/api/portraits/med/women/67.jpg', 'thumbnail': 'https://randomuser.me/api/portraits/thumb/women/67.jpg'}, 'nat': 'IR'}</msg>
<arg>${json_data['results'][0]}</arg>
<doc>Logs the given message with the given level.</doc>
<status status="PASS" start="2024-05-01T21:12:53.695790" elapsed="0.000411"/>
</kw>
<kw name="Log" owner="BuiltIn">
<msg time="2024-05-01T21:12:53.696619" level="INFO">name</msg>
<arg>${key}</arg>
<doc>Logs the given message with the given level.</doc>
<status status="PASS" start="2024-05-01T21:12:53.696493" elapsed="0.000163"/>
</kw>
<var name="${key}">name</var>
<status status="PASS" start="2024-05-01T21:12:53.694915" elapsed="0.001982"/>
</iter>
<iter>
<kw name="Dictionary Should Contain Key" owner="Collections">
<msg time="2024-05-01T21:12:53.697582" level="INFO">False</msg>
<arg>${json_data['results'][0]}</arg>
<arg>${key}</arg>
<doc>Fails if ``key`` is not found from ``dictionary``.</doc>
<status status="PASS" start="2024-05-01T21:12:53.697192" elapsed="0.000428"/>
</kw>
<kw name="Log" owner="BuiltIn">
<msg time="2024-05-01T21:12:53.698292" level="INFO">{'gender': 'female', 'name': {'title': 'Ms', 'first': 'مهدیس', 'last': 'سهيلي راد'}, 'location': {'street': {'number': 2102, 'name': 'میدان صادقیه'}, 'city': 'سنندج', 'state': 'هرمزگان', 'country': 'Iran', 'postcode': 96386, 'coordinates': {'latitude': '19.7511', 'longitude': '145.8898'}, 'timezone': {'offset': '+11:00', 'description': 'Magadan, Solomon Islands, New Caledonia'}}, 'email': 'mhdys.shylyrd@example.com', 'login': {'uuid': 'b6ef3c8b-fe93-4716-9d99-47dcba044a5d', 'username': 'organicelephant543', 'password': 'majestic', 'salt': '3JmEgAwZ', 'md5': '097c5f497ee1331bf8b9ce5ea6895251', 'sha1': '909b2cf631272cce518e1ebd901ff64c5a3609ce', 'sha256': 'bb90302750b08851ecbca8ee0358045306e3b6a2d3b2b2c0804c502c9f7b1b9a'}, 'dob': {'date': '1992-01-29T00:59:52.785Z', 'age': 32}, 'registered': {'date': '2018-02-05T10:52:25.033Z', 'age': 6}, 'phone': '060-22638370', 'cell': '0908-291-1395', 'id': {'name': '', 'value': None}, 'picture': {'large': 'https://randomuser.me/api/portraits/women/67.jpg', 'medium': 'https://randomuser.me/api/portraits/med/women/67.jpg', 'thumbnail': 'https://randomuser.me/api/portraits/thumb/women/67.jpg'}, 'nat': 'IR'}</msg>
<arg>${json_data['results'][0]}</arg>
<doc>Logs the given message with the given level.</doc>
<status status="PASS" start="2024-05-01T21:12:53.697919" elapsed="0.000423"/>
</kw>
<kw name="Log" owner="BuiltIn">
<msg time="2024-05-01T21:12:53.698761" level="INFO">location</msg>
<arg>${key}</arg>
<doc>Logs the given message with the given level.</doc>
<status status="PASS" start="2024-05-01T21:12:53.698635" elapsed="0.000164"/>
</kw>
<var name="${key}">location</var>
<status status="PASS" start="2024-05-01T21:12:53.697079" elapsed="0.001932"/>
</iter>
<iter>
<kw name="Dictionary Should Contain Key" owner="Collections">
<msg time="2024-05-01T21:12:53.699684" level="INFO">False</msg>
<arg>${json_data['results'][0]}</arg>
<arg>${key}</arg>
<doc>Fails if ``key`` is not found from ``dictionary``.</doc>
<status status="PASS" start="2024-05-01T21:12:53.699293" elapsed="0.000430"/>
</kw>
<kw name="Log" owner="BuiltIn">
<msg time="2024-05-01T21:12:53.700385" level="INFO">{'gender': 'female', 'name': {'title': 'Ms', 'first': 'مهدیس', 'last': 'سهيلي راد'}, 'location': {'street': {'number': 2102, 'name': 'میدان صادقیه'}, 'city': 'سنندج', 'state': 'هرمزگان', 'country': 'Iran', 'postcode': 96386, 'coordinates': {'latitude': '19.7511', 'longitude': '145.8898'}, 'timezone': {'offset': '+11:00', 'description': 'Magadan, Solomon Islands, New Caledonia'}}, 'email': 'mhdys.shylyrd@example.com', 'login': {'uuid': 'b6ef3c8b-fe93-4716-9d99-47dcba044a5d', 'username': 'organicelephant543', 'password': 'majestic', 'salt': '3JmEgAwZ', 'md5': '097c5f497ee1331bf8b9ce5ea6895251', 'sha1': '909b2cf631272cce518e1ebd901ff64c5a3609ce', 'sha256': 'bb90302750b08851ecbca8ee0358045306e3b6a2d3b2b2c0804c502c9f7b1b9a'}, 'dob': {'date': '1992-01-29T00:59:52.785Z', 'age': 32}, 'registered': {'date': '2018-02-05T10:52:25.033Z', 'age': 6}, 'phone': '060-22638370', 'cell': '0908-291-1395', 'id': {'name': '', 'value': None}, 'picture': {'large': 'https://randomuser.me/api/portraits/women/67.jpg', 'medium': 'https://randomuser.me/api/portraits/med/women/67.jpg', 'thumbnail': 'https://randomuser.me/api/portraits/thumb/women/67.jpg'}, 'nat': 'IR'}</msg>
<arg>${json_data['results'][0]}</arg>
<doc>Logs the given message with the given level.</doc>
<status status="PASS" start="2024-05-01T21:12:53.700023" elapsed="0.000412"/>
</kw>
<kw name="Log" owner="BuiltIn">
<msg time="2024-05-01T21:12:53.700888" level="INFO">email</msg>
<arg>${key}</arg>
<doc>Logs the given message with the given level.</doc>
<status status="PASS" start="2024-05-01T21:12:53.700733" elapsed="0.000196"/>
</kw>
<var name="${key}">email</var>
<status status="PASS" start="2024-05-01T21:12:53.699184" elapsed="0.001962"/>
</iter>
<iter>
<kw name="Dictionary Should Contain Key" owner="Collections">
<msg time="2024-05-01T21:12:53.701809" level="INFO">False</msg>
<arg>${json_data['results'][0]}</arg>
<arg>${key}</arg>
<doc>Fails if ``key`` is not found from ``dictionary``.</doc>
<status status="PASS" start="2024-05-01T21:12:53.701428" elapsed="0.000418"/>
</kw>
<kw name="Log" owner="BuiltIn">
<msg time="2024-05-01T21:12:53.702510" level="INFO">{'gender': 'female', 'name': {'title': 'Ms', 'first': 'مهدیس', 'last': 'سهيلي راد'}, 'location': {'street': {'number': 2102, 'name': 'میدان صادقیه'}, 'city': 'سنندج', 'state': 'هرمزگان', 'country': 'Iran', 'postcode': 96386, 'coordinates': {'latitude': '19.7511', 'longitude': '145.8898'}, 'timezone': {'offset': '+11:00', 'description': 'Magadan, Solomon Islands, New Caledonia'}}, 'email': 'mhdys.shylyrd@example.com', 'login': {'uuid': 'b6ef3c8b-fe93-4716-9d99-47dcba044a5d', 'username': 'organicelephant543', 'password': 'majestic', 'salt': '3JmEgAwZ', 'md5': '097c5f497ee1331bf8b9ce5ea6895251', 'sha1': '909b2cf631272cce518e1ebd901ff64c5a3609ce', 'sha256': 'bb90302750b08851ecbca8ee0358045306e3b6a2d3b2b2c0804c502c9f7b1b9a'}, 'dob': {'date': '1992-01-29T00:59:52.785Z', 'age': 32}, 'registered': {'date': '2018-02-05T10:52:25.033Z', 'age': 6}, 'phone': '060-22638370', 'cell': '0908-291-1395', 'id': {'name': '', 'value': None}, 'picture': {'large': 'https://randomuser.me/api/portraits/women/67.jpg', 'medium': 'https://randomuser.me/api/portraits/med/women/67.jpg', 'thumbnail': 'https://randomuser.me/api/portraits/thumb/women/67.jpg'}, 'nat': 'IR'}</msg>
<arg>${json_data['results'][0]}</arg>
<doc>Logs the given message with the given level.</doc>
<status status="PASS" start="2024-05-01T21:12:53.702142" elapsed="0.000418"/>
</kw>
<kw name="Log" owner="BuiltIn">
<msg time="2024-05-01T21:12:53.703003" level="INFO">login</msg>
<arg>${key}</arg>
<doc>Logs the given message with the given level.</doc>
<status status="PASS" start="2024-05-01T21:12:53.702877" elapsed="0.000163"/>
</kw>
<var name="${key}">login</var>
<status status="PASS" start="2024-05-01T21:12:53.701317" elapsed="0.001939"/>
</iter>
<var>${key}</var>
<value>@{expected_keys}</value>
<status status="PASS" start="2024-05-01T21:12:53.692514" elapsed="0.010863"/>
</for>
<kw name="Create List" owner="BuiltIn">
<msg time="2024-05-01T21:12:53.703703" level="INFO">${expected_keysTwo} = ['username', 'password']</msg>
<var>${expected_keysTwo}</var>
<arg>username</arg>
<arg>password</arg>
<doc>Returns a list containing given items.</doc>
<status status="PASS" start="2024-05-01T21:12:53.703569" elapsed="0.000158"/>
</kw>
<for flavor="IN">
<iter>
<kw name="Dictionary Should Contain Key" owner="Collections">
<msg time="2024-05-01T21:12:53.704624" level="INFO">False</msg>
<arg>${json_data['results'][0]['login']}</arg>
<arg>${keyTwo}</arg>
<doc>Fails if ``key`` is not found from ``dictionary``.</doc>
<status status="PASS" start="2024-05-01T21:12:53.704220" elapsed="0.000444"/>
</kw>
<kw name="Dictionary Should Contain Key" owner="Collections">
<msg time="2024-05-01T21:12:53.705373" level="INFO">False</msg>
<arg>${json_data['results'][0]['login']}</arg>
<arg>${keyTwo}</arg>
<doc>Fails if ``key`` is not found from ``dictionary``.</doc>
<status status="PASS" start="2024-05-01T21:12:53.704989" elapsed="0.000422"/>
</kw>
<kw name="Log" owner="BuiltIn">
<msg time="2024-05-01T21:12:53.705830" level="INFO">username</msg>
<arg>${keyTwo}</arg>
<doc>Logs the given message with the given level.</doc>
<status status="PASS" start="2024-05-01T21:12:53.705704" elapsed="0.000168"/>
</kw>
<var name="${keyTwo}">username</var>
<status status="PASS" start="2024-05-01T21:12:53.704112" elapsed="0.001975"/>
</iter>
<iter>
<kw name="Dictionary Should Contain Key" owner="Collections">
<msg time="2024-05-01T21:12:53.706833" level="INFO">False</msg>
<arg>${json_data['results'][0]['login']}</arg>
<arg>${keyTwo}</arg>
<doc>Fails if ``key`` is not found from ``dictionary``.</doc>
<status status="PASS" start="2024-05-01T21:12:53.706367" elapsed="0.000506"/>
</kw>
<kw name="Dictionary Should Contain Key" owner="Collections">
<msg time="2024-05-01T21:12:53.707541" level="INFO">False</msg>
<arg>${json_data['results'][0]['login']}</arg>
<arg>${keyTwo}</arg>
<doc>Fails if ``key`` is not found from ``dictionary``.</doc>
<status status="PASS" start="2024-05-01T21:12:53.707167" elapsed="0.000411"/>
</kw>
<kw name="Log" owner="BuiltIn">
<msg time="2024-05-01T21:12:53.707998" level="INFO">password</msg>
<arg>${keyTwo}</arg>
<doc>Logs the given message with the given level.</doc>
<status status="PASS" start="2024-05-01T21:12:53.707870" elapsed="0.000165"/>
</kw>
<var name="${keyTwo}">password</var>
<status status="PASS" start="2024-05-01T21:12:53.706259" elapsed="0.001988"/>
</iter>
<var>${keyTwo}</var>
<value>@{expected_keysTwo}</value>
<status status="PASS" start="2024-05-01T21:12:53.703962" elapsed="0.004404"/>
</for>
<status status="PASS" start="2024-05-01T21:12:53.580297" elapsed="0.128207"/>
</kw>
<doc>Testa a estrutura da resposta da API.</doc>
<tag>testeEstruturaResposta</tag>
<status status="PASS" start="2024-05-01T21:12:53.579682" elapsed="0.128975"/>
</test>
<test id="s1-s1-t4" name="Validar tipos de dados" line="28">
<kw name="Teste de Tipos de Dados" owner="random-user-service">
<kw name="GET On Session" owner="RequestsLibrary">
<msg time="2024-05-01T21:12:53.816547" level="INFO">GET Request : url=https://randomuser.me/api 
 path_url=/api 
 headers={'User-Agent': 'python-requests/2.31.0', 'Accept-Encoding': 'gzip, deflate', 'Accept': '*/*', 'Connection': 'keep-alive'} 
 body=None 
 </msg>
<msg time="2024-05-01T21:12:53.816628" level="INFO">GET Response : url=https://randomuser.me/api 
 status=200, reason=OK 
 headers={'Date': 'Wed, 01 May 2024 21:12:53 GMT', 'Content-Type': 'application/json; charset=utf-8', 'Transfer-Encoding': 'chunked', 'Connection': 'keep-alive', 'X-Powered-By': 'Express', 'Access-Control-Allow-Origin': '*', 'Cache-Control': 'no-cache', 'ETag': 'W/"49d-45caL87grNuUS/xrKkR1viHGtno"', 'Vary': 'Accept-Encoding', 'Content-Encoding': 'gzip', 'CF-Cache-Status': 'DYNAMIC', 'Report-To': '{"endpoints":[{"url":"https:\\/\\/a.nel.cloudflare.com\\/report\\/v4?s=Z3qCBtJTKZMtZhxp6dwa7G2aVsr38Y8u8YCTfShAcIdN0QeEphgND7BqEEPM0AEis4bQaZvcRJMue8nKQw2YsgsVuB59WUanPCPjm%2FUaRG8IaavRvTwj%2F0EgRQ%2FSlMKc"}],"group":"cf-nel","max_age":604800}', 'NEL': '{"success_fraction":0,"report_to":"cf-nel","max_age":604800}', 'Server': 'cloudflare', 'CF-RAY': '87d2c5b7bd6f7c36-LAX', 'alt-svc': 'h3=":443"; ma=86400'} 
 body={"results":[{"gender":"female","name":{"title":"Madame","first":"Kerstin","last":"Boyer"},"location":{"street":{"number":226,"name":"Quai Charles-De-Gaulle"},"city":"Heimberg","state":"Schwyz","country":"Switzerland","postcode":6082,"coordinates":{"latitude":"-56.2291","longitude":"125.0972"},"timezone":{"offset":"+6:00","description":"Almaty, Dhaka, Colombo"}},"email":"kerstin.boyer@example.com","login":{"uuid":"81dc056a-1dff-448b-b8b8-65051c92c279","username":"orangegorilla398","password":"redd","salt":"180rHSoG","md5":"7e4a7ebf98c8610913cd52a98aed353b","sha1":"5dda3dea6f9daceaf52ce8671699d5fd71c7ed83","sha256":"a0399a4d87ade475a22dc5680b70687b7227f4850eebc0b56d28a8bced752ac6"},"dob":{"date":"1945-04-17T15:48:58.135Z","age":79},"registered":{"date":"2008-12-09T09:09:11.130Z","age":15},"phone":"075 714 60 36","cell":"077 501 13 36","id":{"name":"AVS","value":"756.6602.1689.53"},"picture":{"large":"https://randomuser.me/api/portraits/women/10.jpg","medium":"https://randomuser.me/api/portraits/med/women/10.jpg","thumbnail":"https://randomuser.me/api/portraits/thumb/women/10.jpg"},"nat":"CH"}],"info":{"seed":"4dddcb7677aef8c2","results":1,"page":1,"version":"1.4"}} 
 </msg>
<msg time="2024-05-01T21:12:53.816695" level="INFO">/opt/hostedtoolcache/Python/3.12.3/x64/lib/python3.12/site-packages/urllib3/connectionpool.py:1103: InsecureRequestWarning: Unverified HTTPS request is being made to host 'randomuser.me'. Adding certificate verification is strongly advised. See: https://urllib3.readthedocs.io/en/latest/advanced-usage.html#tls-warnings
  warnings.warn(</msg>
<msg time="2024-05-01T21:12:53.816804" level="INFO">${response} = &lt;Response [200]&gt;</msg>
<var>${response}</var>
<arg>consultarAPI</arg>
<arg>/api</arg>
<doc>Sends a GET request on a previously created HTTP Session.</doc>
<status status="PASS" start="2024-05-01T21:12:53.711219" elapsed="0.105657"/>
</kw>
<kw name="Set Variable" owner="BuiltIn">
<msg time="2024-05-01T21:12:53.817756" level="INFO">${json_data} = {'results': [{'gender': 'female', 'name': {'title': 'Madame', 'first': 'Kerstin', 'last': 'Boyer'}, 'location': {'street': {'number': 226, 'name': 'Quai Charles-De-Gaulle'}, 'city': 'Heimberg', 'state...</msg>
<var>${json_data}</var>
<arg>${response.json()}</arg>
<doc>Returns the given values which can then be assigned to a variables.</doc>
<status status="PASS" start="2024-05-01T21:12:53.817310" elapsed="0.000475"/>
</kw>
<kw name="Log" owner="BuiltIn">
<msg time="2024-05-01T21:12:53.818239" level="INFO">{'results': [{'gender': 'female', 'name': {'title': 'Madame', 'first': 'Kerstin', 'last': 'Boyer'}, 'location': {'street': {'number': 226, 'name': 'Quai Charles-De-Gaulle'}, 'city': 'Heimberg', 'state': 'Schwyz', 'country': 'Switzerland', 'postcode': 6082, 'coordinates': {'latitude': '-56.2291', 'longitude': '125.0972'}, 'timezone': {'offset': '+6:00', 'description': 'Almaty, Dhaka, Colombo'}}, 'email': 'kerstin.boyer@example.com', 'login': {'uuid': '81dc056a-1dff-448b-b8b8-65051c92c279', 'username': 'orangegorilla398', 'password': 'redd', 'salt': '180rHSoG', 'md5': '7e4a7ebf98c8610913cd52a98aed353b', 'sha1': '5dda3dea6f9daceaf52ce8671699d5fd71c7ed83', 'sha256': 'a0399a4d87ade475a22dc5680b70687b7227f4850eebc0b56d28a8bced752ac6'}, 'dob': {'date': '1945-04-17T15:48:58.135Z', 'age': 79}, 'registered': {'date': '2008-12-09T09:09:11.130Z', 'age': 15}, 'phone': '075 714 60 36', 'cell': '077 501 13 36', 'id': {'name': 'AVS', 'value': '756.6602.1689.53'}, 'picture': {'large': 'https://randomuser.me/api/portraits/women/10.jpg', 'medium': 'https://randomuser.me/api/portraits/med/women/10.jpg', 'thumbnail': 'https://randomuser.me/api/portraits/thumb/women/10.jpg'}, 'nat': 'CH'}], 'info': {'seed': '4dddcb7677aef8c2', 'results': 1, 'page': 1, 'version': '1.4'}}</msg>
<arg>${json_data}</arg>
<doc>Logs the given message with the given level.</doc>
<status status="PASS" start="2024-05-01T21:12:53.818086" elapsed="0.000233"/>
</kw>
<kw name="Should Be String" owner="String">
<arg>${json_data['results'][0]['gender']}</arg>
<doc>Fails if the given ``item`` is not a string.</doc>
<status status="PASS" start="2024-05-01T21:12:53.818615" elapsed="0.000365"/>
</kw>
<kw name="Should Match Regexp" owner="BuiltIn">
<arg>${json_data['results'][0]['email']}</arg>
<arg>^[a-zA-Z0-9._%+-]+@[a-zA-Z0-9.-]+\.[a-zA-Z]{2,}$</arg>
<doc>Fails if ``string`` does not match ``pattern`` as a regular expression.</doc>
<status status="PASS" start="2024-05-01T21:12:53.819196" elapsed="0.000513"/>
</kw>
<kw name="Should Match Regexp" owner="BuiltIn">
<arg>${json_data['results'][0]['dob']['date']}</arg>
<arg>\\d{4}-\\d{2}-\\d{2}T\\d{2}:\\d{2}:\\d{2}\\.\\d{3}Z</arg>
<doc>Fails if ``string`` does not match ``pattern`` as a regular expression.</doc>
<status status="PASS" start="2024-05-01T21:12:53.819903" elapsed="0.000498"/>
</kw>
<kw name="Should Match Regexp" owner="BuiltIn">
<arg>${json_data['results'][0]['registered']['date']}</arg>
<arg>\\d{4}-\\d{2}-\\d{2}T\\d{2}:\\d{2}:\\d{2}\\.\\d{3}Z</arg>
<doc>Fails if ``string`` does not match ``pattern`` as a regular expression.</doc>
<status status="PASS" start="2024-05-01T21:12:53.820590" elapsed="0.000405"/>
</kw>
<kw name="Should Match Regexp" owner="BuiltIn">
<arg>${json_data['results'][0]['picture']['large']}</arg>
<arg>^https?://.*\.(?:png|jpe?g|gif|bmp)$</arg>
<doc>Fails if ``string`` does not match ``pattern`` as a regular expression.</doc>
<status status="PASS" start="2024-05-01T21:12:53.821190" elapsed="0.000461"/>
</kw>
<kw name="Should Match Regexp" owner="BuiltIn">
<arg>${json_data['results'][0]['picture']['medium']}</arg>
<arg>^https?://.*\.(?:png|jpe?g|gif|bmp)$</arg>
<doc>Fails if ``string`` does not match ``pattern`` as a regular expression.</doc>
<status status="PASS" start="2024-05-01T21:12:53.821839" elapsed="0.000355"/>
</kw>
<kw name="Should Match Regexp" owner="BuiltIn">
<arg>${json_data['results'][0]['picture']['thumbnail']}</arg>
<arg>^https?://.*\.(?:png|jpe?g|gif|bmp)$</arg>
<doc>Fails if ``string`` does not match ``pattern`` as a regular expression.</doc>
<status status="PASS" start="2024-05-01T21:12:53.822385" elapsed="0.000355"/>
</kw>
<kw name="Log" owner="BuiltIn">
<msg time="2024-05-01T21:12:53.823250" level="INFO">{'large': 'https://randomuser.me/api/portraits/women/10.jpg', 'medium': 'https://randomuser.me/api/portraits/med/women/10.jpg', 'thumbnail': 'https://randomuser.me/api/portraits/thumb/women/10.jpg'}</msg>
<arg>${json_data['results'][0]['picture']}</arg>
<doc>Logs the given message with the given level.</doc>
<status status="PASS" start="2024-05-01T21:12:53.822921" elapsed="0.000372"/>
</kw>
<status status="PASS" start="2024-05-01T21:12:53.710992" elapsed="0.112552"/>
</kw>
<kw name="Teste de Tipos de Dados - Postcode" owner="random-user-service">
<kw name="GET On Session" owner="RequestsLibrary">
<msg time="2024-05-01T21:12:53.936292" level="INFO">GET Request : url=https://randomuser.me/api 
 path_url=/api 
 headers={'User-Agent': 'python-requests/2.31.0', 'Accept-Encoding': 'gzip, deflate', 'Accept': '*/*', 'Connection': 'keep-alive'} 
 body=None 
 </msg>
<msg time="2024-05-01T21:12:53.936376" level="INFO">GET Response : url=https://randomuser.me/api 
 status=200, reason=OK 
 headers={'Date': 'Wed, 01 May 2024 21:12:53 GMT', 'Content-Type': 'application/json; charset=utf-8', 'Transfer-Encoding': 'chunked', 'Connection': 'keep-alive', 'X-Powered-By': 'Express', 'Access-Control-Allow-Origin': '*', 'Cache-Control': 'no-cache', 'ETag': 'W/"496-yyJad6HbXvjWvjtJpKGeQhMED80"', 'Vary': 'Accept-Encoding', 'Content-Encoding': 'gzip', 'CF-Cache-Status': 'DYNAMIC', 'Report-To': '{"endpoints":[{"url":"https:\\/\\/a.nel.cloudflare.com\\/report\\/v4?s=GQoMhM6KYFfqCU8IrvfktPALMwndWAGlmQpYrrvBOMx1l688O1xAFQD80BmLNwx0DGyngUfHRgu6bTePK%2FN9zRXryDgSj1CiCQOmyDyoGE%2BHBMAWBsneDAKF6oSO%2BdO2"}],"group":"cf-nel","max_age":604800}', 'NEL': '{"success_fraction":0,"report_to":"cf-nel","max_age":604800}', 'Server': 'cloudflare', 'CF-RAY': '87d2c5b86df57c36-LAX', 'alt-svc': 'h3=":443"; ma=86400'} 
 body={"results":[{"gender":"female","name":{"title":"Mrs","first":"Sarah","last":"Russell"},"location":{"street":{"number":6724,"name":"York Road"},"city":"Portarlington","state":"Waterford","country":"Ireland","postcode":48034,"coordinates":{"latitude":"1.0479","longitude":"165.8507"},"timezone":{"offset":"+8:00","description":"Beijing, Perth, Singapore, Hong Kong"}},"email":"sarah.russell@example.com","login":{"uuid":"dc6dafce-6ff8-438c-bf0c-36df645577a5","username":"smallelephant485","password":"112233","salt":"77ImGVE9","md5":"88da3176cebccce6fd42b9e72d93e651","sha1":"ae9d91ad46c8c5b5af124ee1bd4cb227eda048c4","sha256":"c758e5cd24eb747c4e793bbe02ec1b5b5eb7218edaad985b4db702959c1572c5"},"dob":{"date":"1991-06-21T13:24:31.288Z","age":32},"registered":{"date":"2021-05-20T10:08:21.006Z","age":2},"phone":"031-334-4637","cell":"081-319-6435","id":{"name":"PPS","value":"6375906T"},"picture":{"large":"https://randomuser.me/api/portraits/women/38.jpg","medium":"https://randomuser.me/api/portraits/med/women/38.jpg","thumbnail":"https://randomuser.me/api/portraits/thumb/women/38.jpg"},"nat":"IE"}],"info":{"seed":"f2c1622283f7ec00","results":1,"page":1,"version":"1.4"}} 
 </msg>
<msg time="2024-05-01T21:12:53.936449" level="INFO">/opt/hostedtoolcache/Python/3.12.3/x64/lib/python3.12/site-packages/urllib3/connectionpool.py:1103: InsecureRequestWarning: Unverified HTTPS request is being made to host 'randomuser.me'. Adding certificate verification is strongly advised. See: https://urllib3.readthedocs.io/en/latest/advanced-usage.html#tls-warnings
  warnings.warn(</msg>
<msg time="2024-05-01T21:12:53.936563" level="INFO">${response} = &lt;Response [200]&gt;</msg>
<var>${response}</var>
<arg>consultarAPI</arg>
<arg>/api</arg>
<doc>Sends a GET request on a previously created HTTP Session.</doc>
<status status="PASS" start="2024-05-01T21:12:53.823982" elapsed="0.112627"/>
</kw>
<kw name="Set Variable" owner="BuiltIn">
<msg time="2024-05-01T21:12:53.937456" level="INFO">${json_data} = {'results': [{'gender': 'female', 'name': {'title': 'Mrs', 'first': 'Sarah', 'last': 'Russell'}, 'location': {'street': {'number': 6724, 'name': 'York Road'}, 'city': 'Portarlington', 'state': 'Waterf...</msg>
<var>${json_data}</var>
<arg>${response.json()}</arg>
<doc>Returns the given values which can then be assigned to a variables.</doc>
<status status="PASS" start="2024-05-01T21:12:53.937011" elapsed="0.000473"/>
</kw>
<kw name="Log" owner="BuiltIn">
<msg time="2024-05-01T21:12:53.937939" level="INFO">{'results': [{'gender': 'female', 'name': {'title': 'Mrs', 'first': 'Sarah', 'last': 'Russell'}, 'location': {'street': {'number': 6724, 'name': 'York Road'}, 'city': 'Portarlington', 'state': 'Waterford', 'country': 'Ireland', 'postcode': 48034, 'coordinates': {'latitude': '1.0479', 'longitude': '165.8507'}, 'timezone': {'offset': '+8:00', 'description': 'Beijing, Perth, Singapore, Hong Kong'}}, 'email': 'sarah.russell@example.com', 'login': {'uuid': 'dc6dafce-6ff8-438c-bf0c-36df645577a5', 'username': 'smallelephant485', 'password': '112233', 'salt': '77ImGVE9', 'md5': '88da3176cebccce6fd42b9e72d93e651', 'sha1': 'ae9d91ad46c8c5b5af124ee1bd4cb227eda048c4', 'sha256': 'c758e5cd24eb747c4e793bbe02ec1b5b5eb7218edaad985b4db702959c1572c5'}, 'dob': {'date': '1991-06-21T13:24:31.288Z', 'age': 32}, 'registered': {'date': '2021-05-20T10:08:21.006Z', 'age': 2}, 'phone': '031-334-4637', 'cell': '081-319-6435', 'id': {'name': 'PPS', 'value': '6375906T'}, 'picture': {'large': 'https://randomuser.me/api/portraits/women/38.jpg', 'medium': 'https://randomuser.me/api/portraits/med/women/38.jpg', 'thumbnail': 'https://randomuser.me/api/portraits/thumb/women/38.jpg'}, 'nat': 'IE'}], 'info': {'seed': 'f2c1622283f7ec00', 'results': 1, 'page': 1, 'version': '1.4'}}</msg>
<arg>${json_data}</arg>
<doc>Logs the given message with the given level.</doc>
<status status="PASS" start="2024-05-01T21:12:53.937789" elapsed="0.000228"/>
</kw>
<kw name="Should Be Equal As Numbers" owner="BuiltIn">
<arg>${json_data['results'][0]['location']['postcode']}</arg>
<arg>${json_data['results'][0]['location']['postcode']}</arg>
<doc>Fails if objects are unequal after converting them to real numbers.</doc>
<status status="PASS" start="2024-05-01T21:12:53.938457" elapsed="0.000659"/>
</kw>
<kw name="Log" owner="BuiltIn">
<msg time="2024-05-01T21:12:53.939640" level="INFO">48034</msg>
<arg>${json_data['results'][0]['location']['postcode']}</arg>
<doc>Logs the given message with the given level.</doc>
<status status="PASS" start="2024-05-01T21:12:53.939307" elapsed="0.000372"/>
</kw>
<status status="PASS" start="2024-05-01T21:12:53.823760" elapsed="0.116166"/>
</kw>
<doc>Testa se os tipos de dados na resposta da API estão corretos.</doc>
<tag>testeTiposDados</tag>
<status status="PASS" start="2024-05-01T21:12:53.710505" elapsed="0.229583"/>
</test>
<test id="s1-s1-t5" name="Validar conteudo" line="35">
<kw name="Teste de Tipos de Conteudo" owner="random-user-service">
<kw name="GET On Session" owner="RequestsLibrary">
<msg time="2024-05-01T21:12:54.048423" level="INFO">GET Request : url=https://randomuser.me/api 
 path_url=/api 
 headers={'User-Agent': 'python-requests/2.31.0', 'Accept-Encoding': 'gzip, deflate', 'Accept': '*/*', 'Connection': 'keep-alive'} 
 body=None 
 </msg>
<msg time="2024-05-01T21:12:54.048511" level="INFO">GET Response : url=https://randomuser.me/api 
 status=200, reason=OK 
 headers={'Date': 'Wed, 01 May 2024 21:12:54 GMT', 'Content-Type': 'application/json; charset=utf-8', 'Transfer-Encoding': 'chunked', 'Connection': 'keep-alive', 'X-Powered-By': 'Express', 'Access-Control-Allow-Origin': '*', 'Cache-Control': 'no-cache', 'ETag': 'W/"48d-VoEpjdZ1N/oOzhzNS3ZgSeLbG7E"', 'Vary': 'Accept-Encoding', 'Content-Encoding': 'gzip', 'CF-Cache-Status': 'DYNAMIC', 'Report-To': '{"endpoints":[{"url":"https:\\/\\/a.nel.cloudflare.com\\/report\\/v4?s=eNnnh%2FV9%2FBNmOssUaWzXHbAaMOaLHzYJbxPJMusbmVU87Sqr6YGfioFOu7zYFi18Ods9UrOmhPEnQw2H7qEQ8BG5Y9bRoOD59zfATvmnB11oEIqgYtAXlB%2BilmCM7PgI"}],"group":"cf-nel","max_age":604800}', 'NEL': '{"success_fraction":0,"report_to":"cf-nel","max_age":604800}', 'Server': 'cloudflare', 'CF-RAY': '87d2c5b92ee67c36-LAX', 'alt-svc': 'h3=":443"; ma=86400'} 
 body={"results":[{"gender":"male","name":{"title":"Mr","first":"ایلیا","last":"زارعی"},"location":{"street":{"number":3234,"name":"آیت الله کاشانی"},"city":"بوشهر","state":"کرمانشاه","country":"Iran","postcode":57323,"coordinates":{"latitude":"13.3976","longitude":"-154.9792"},"timezone":{"offset":"-12:00","description":"Eniwetok, Kwajalein"}},"email":"yly.zraay@example.com","login":{"uuid":"340514d8-566e-4a1a-aa4f-1606237245e3","username":"brownzebra198","password":"newman","salt":"uAA3PfNx","md5":"21160b95c98f00c98b616610c2ad4d21","sha1":"dda823a4bf61bd32b55c2bf69ea1414e0624d416","sha256":"f8df161502bda3dd7092588d521288c03aa1137217d6b860cd571c2ff934f109"},"dob":{"date":"1966-06-30T09:21:07.453Z","age":57},"registered":{"date":"2002-07-06T02:50:34.261Z","age":21},"phone":"011-41338297","cell":"0993-233-0699","id":{"name":"","value":null},"picture":{"large":"https://randomuser.me/api/portraits/men/43.jpg","medium":"https://randomuser.me/api/portraits/med/men/43.jpg","thumbnail":"https://randomuser.me/api/portraits/thumb/men/43.jpg"},"nat":"IR"}],"info":{"seed":"2d6f3339d0e7f859","results":1,"page":1,"version":"1.4"}} 
 </msg>
<msg time="2024-05-01T21:12:54.048587" level="INFO">/opt/hostedtoolcache/Python/3.12.3/x64/lib/python3.12/site-packages/urllib3/connectionpool.py:1103: InsecureRequestWarning: Unverified HTTPS request is being made to host 'randomuser.me'. Adding certificate verification is strongly advised. See: https://urllib3.readthedocs.io/en/latest/advanced-usage.html#tls-warnings
  warnings.warn(</msg>
<msg time="2024-05-01T21:12:54.048689" level="INFO">${response} = &lt;Response [200]&gt;</msg>
<var>${response}</var>
<arg>consultarAPI</arg>
<arg>/api</arg>
<doc>Sends a GET request on a previously created HTTP Session.</doc>
<status status="PASS" start="2024-05-01T21:12:53.942966" elapsed="0.105764"/>
</kw>
<kw name="Set Variable" owner="BuiltIn">
<msg time="2024-05-01T21:12:54.049744" level="INFO">${json_data} = {'results': [{'gender': 'male', 'name': {'title': 'Mr', 'first': 'ایلیا', 'last': 'زارعی'}, 'location': {'street': {'number': 3234, 'name': 'آیت الله کاشانی'}, 'city': 'بوشهر', 'state': 'کرمانشاه', 'c...</msg>
<var>${json_data}</var>
<arg>${response.json()}</arg>
<doc>Returns the given values which can then be assigned to a variables.</doc>
<status status="PASS" start="2024-05-01T21:12:54.049205" elapsed="0.000570"/>
</kw>
<kw name="Set Variable" owner="BuiltIn">
<msg time="2024-05-01T21:12:54.050455" level="INFO">${name_title} = Mr</msg>
<var>${name_title}</var>
<arg>${json_data["results"][0]["name"]["title"]}</arg>
<doc>Returns the given values which can then be assigned to a variables.</doc>
<status status="PASS" start="2024-05-01T21:12:54.050080" elapsed="0.000400"/>
</kw>
<kw name="Create List" owner="BuiltIn">
<msg time="2024-05-01T21:12:54.050923" level="INFO">${allowed_titles} = ['Mr', 'Ms', 'Miss', 'Mrs', 'Madame', 'Monsieur']</msg>
<var>${allowed_titles}</var>
<arg>Mr</arg>
<arg>Ms</arg>
<arg>Miss</arg>
<arg>Mrs</arg>
<arg>Madame</arg>
<arg>Monsieur</arg>
<doc>Returns a list containing given items.</doc>
<status status="PASS" start="2024-05-01T21:12:54.050772" elapsed="0.000176"/>
</kw>
<kw name="List Should Contain Value" owner="Collections">
<msg time="2024-05-01T21:12:54.051412" level="INFO">False</msg>
<arg>${allowed_titles}</arg>
<arg>${name_title}</arg>
<doc>Fails if the ``value`` is not found from ``list``.</doc>
<status status="PASS" start="2024-05-01T21:12:54.051245" elapsed="0.000203"/>
</kw>
<kw name="Set Variable" owner="BuiltIn">
<msg time="2024-05-01T21:12:54.052105" level="INFO">${name_country} = IR</msg>
<var>${name_country}</var>
<arg>${json_data["results"][0]["nat"]}</arg>
<doc>Returns the given values which can then be assigned to a variables.</doc>
<status status="PASS" start="2024-05-01T21:12:54.051734" elapsed="0.000396"/>
</kw>
<kw name="Create List" owner="BuiltIn">
<msg time="2024-05-01T21:12:54.053050" level="INFO">${list_country} = ['AD', 'AE', 'AF', 'AG', 'AI', 'AL', 'AM', 'AO', 'AQ', 'AR', 'AS', 'AT', 'AU', 'AW', 'AX', 'AZ', 'BA', 'BB', 'BD', 'BE', 'BF', 'BG', 'BH', 'BI', 'BJ', 'BL', 'BM', 'BN', 'BO', 'BQ', 'BR', 'BS', 'BT', '...</msg>
<var>${list_country}</var>
<arg>AD</arg>
<arg>AE</arg>
<arg>AF</arg>
<arg>AG</arg>
<arg>AI</arg>
<arg>AL</arg>
<arg>AM</arg>
<arg>AO</arg>
<arg>AQ</arg>
<arg>AR</arg>
<arg>AS</arg>
<arg>AT</arg>
<arg>AU</arg>
<arg>AW</arg>
<arg>AX</arg>
<arg>AZ</arg>
<arg>BA</arg>
<arg>BB</arg>
<arg>BD</arg>
<arg>BE</arg>
<arg>BF</arg>
<arg>BG</arg>
<arg>BH</arg>
<arg>BI</arg>
<arg>BJ</arg>
<arg>BL</arg>
<arg>BM</arg>
<arg>BN</arg>
<arg>BO</arg>
<arg>BQ</arg>
<arg>BR</arg>
<arg>BS</arg>
<arg>BT</arg>
<arg>BV</arg>
<arg>BW</arg>
<arg>BY</arg>
<arg>BZ</arg>
<arg>CA</arg>
<arg>CC</arg>
<arg>CD</arg>
<arg>CF</arg>
<arg>CG</arg>
<arg>CH</arg>
<arg>CI</arg>
<arg>CK</arg>
<arg>CL</arg>
<arg>CM</arg>
<arg>CN</arg>
<arg>CO</arg>
<arg>CR</arg>
<arg>CU</arg>
<arg>CV</arg>
<arg>CW</arg>
<arg>CX</arg>
<arg>CY</arg>
<arg>CZ</arg>
<arg>DE</arg>
<arg>DJ</arg>
<arg>DK</arg>
<arg>DM</arg>
<arg>DO</arg>
<arg>DZ</arg>
<arg>EC</arg>
<arg>EE</arg>
<arg>EG</arg>
<arg>EH</arg>
<arg>ER</arg>
<arg>ES</arg>
<arg>ET</arg>
<arg>FI</arg>
<arg>FJ</arg>
<arg>FK</arg>
<arg>FM</arg>
<arg>FO</arg>
<arg>FR</arg>
<arg>GA</arg>
<arg>GB</arg>
<arg>GD</arg>
<arg>GE</arg>
<arg>GF</arg>
<arg>GG</arg>
<arg>GH</arg>
<arg>GI</arg>
<arg>GL</arg>
<arg>GM</arg>
<arg>GN</arg>
<arg>GP</arg>
<arg>GQ</arg>
<arg>GR</arg>
<arg>GS</arg>
<arg>GT</arg>
<arg>GU</arg>
<arg>GW</arg>
<arg>GY</arg>
<arg>HK</arg>
<arg>HM</arg>
<arg>HN</arg>
<arg>HR</arg>
<arg>HT</arg>
<arg>HU</arg>
<arg>ID</arg>
<arg>IE</arg>
<arg>IL</arg>
<arg>IM</arg>
<arg>IN</arg>
<arg>IO</arg>
<arg>IQ</arg>
<arg>IR</arg>
<arg>IS</arg>
<arg>IT</arg>
<arg>JE</arg>
<arg>JM</arg>
<arg>JO</arg>
<arg>JP</arg>
<arg>KE</arg>
<arg>KG</arg>
<arg>KH</arg>
<arg>KI</arg>
<arg>KM</arg>
<arg>KN</arg>
<arg>KP</arg>
<arg>KR</arg>
<arg>KW</arg>
<arg>KY</arg>
<arg>KZ</arg>
<arg>LA</arg>
<arg>LB</arg>
<arg>LC</arg>
<arg>LI</arg>
<arg>LK</arg>
<arg>LR</arg>
<arg>LS</arg>
<arg>LT</arg>
<arg>LU</arg>
<arg>LV</arg>
<arg>LY</arg>
<arg>MA</arg>
<arg>MC</arg>
<arg>MD</arg>
<arg>ME</arg>
<arg>MF</arg>
<arg>MG</arg>
<arg>MH</arg>
<arg>MK</arg>
<arg>ML</arg>
<arg>MM</arg>
<arg>MN</arg>
<arg>MO</arg>
<arg>MP</arg>
<arg>MQ</arg>
<arg>MR</arg>
<arg>MS</arg>
<arg>MT</arg>
<arg>MU</arg>
<arg>MV</arg>
<arg>MW</arg>
<arg>MX</arg>
<arg>MY</arg>
<arg>MZ</arg>
<arg>NA</arg>
<arg>NC</arg>
<arg>NE</arg>
<arg>NF</arg>
<arg>NG</arg>
<arg>NI</arg>
<arg>NL</arg>
<arg>NO</arg>
<arg>NP</arg>
<arg>NR</arg>
<arg>NU</arg>
<arg>NZ</arg>
<arg>OM</arg>
<arg>PA</arg>
<arg>PE</arg>
<arg>PF</arg>
<arg>PG</arg>
<arg>PH</arg>
<arg>PK</arg>
<arg>PL</arg>
<arg>PM</arg>
<arg>PN</arg>
<arg>PR</arg>
<arg>PS</arg>
<arg>PT</arg>
<arg>PW</arg>
<arg>PY</arg>
<arg>QA</arg>
<arg>RE</arg>
<arg>RO</arg>
<arg>RS</arg>
<arg>RU</arg>
<arg>RW</arg>
<arg>SA</arg>
<arg>SB</arg>
<arg>SC</arg>
<arg>SD</arg>
<arg>SE</arg>
<arg>SG</arg>
<arg>SH</arg>
<arg>SI</arg>
<arg>SJ</arg>
<arg>SK</arg>
<arg>SL</arg>
<arg>SM</arg>
<arg>SN</arg>
<arg>SO</arg>
<arg>SR</arg>
<arg>SS</arg>
<arg>ST</arg>
<arg>SV</arg>
<arg>SX</arg>
<arg>SY</arg>
<arg>SZ</arg>
<arg>TC</arg>
<arg>TD</arg>
<arg>TF</arg>
<arg>TG</arg>
<arg>TH</arg>
<arg>TJ</arg>
<arg>TK</arg>
<arg>TL</arg>
<arg>TM</arg>
<arg>TN</arg>
<arg>TO</arg>
<arg>TR</arg>
<arg>TT</arg>
<arg>TV</arg>
<arg>TW</arg>
<arg>TZ</arg>
<arg>UA</arg>
<arg>UG</arg>
<arg>UM</arg>
<arg>US</arg>
<arg>UY</arg>
<arg>UZ</arg>
<arg>VA</arg>
<arg>VC</arg>
<arg>VE</arg>
<arg>VG</arg>
<arg>VI</arg>
<arg>VN</arg>
<arg>VU</arg>
<arg>WF</arg>
<arg>WS</arg>
<arg>XK</arg>
<arg>YE</arg>
<arg>YT</arg>
<arg>ZA</arg>
<arg>ZM</arg>
<arg>ZW</arg>
<doc>Returns a list containing given items.</doc>
<status status="PASS" start="2024-05-01T21:12:54.052425" elapsed="0.000651"/>
</kw>
<kw name="List Should Contain Value" owner="Collections">
<msg time="2024-05-01T21:12:54.054056" level="INFO">False</msg>
<arg>${list_country}</arg>
<arg>${name_country}</arg>
<doc>Fails if the ``value`` is not found from ``list``.</doc>
<status status="PASS" start="2024-05-01T21:12:54.053861" elapsed="0.000232"/>
</kw>
<kw name="Run Keyword If" owner="BuiltIn">
<kw name="Should Be True" owner="BuiltIn">
<arg>${True}</arg>
<doc>Fails if the given condition is not true.</doc>
<status status="PASS" start="2024-05-01T21:12:54.055149" elapsed="0.000241"/>
</kw>
<arg>${json_data["results"][0]["location"]["coordinates"]["latitude"]} &gt;= -90 and ${json_data["results"][0]["location"]["coordinates"]["latitude"]} &lt;= 90</arg>
<arg>Should Be True</arg>
<arg>${True}</arg>
<doc>Runs the given keyword with the given arguments, if ``condition`` is true.</doc>
<status status="PASS" start="2024-05-01T21:12:54.054401" elapsed="0.001118"/>
</kw>
<kw name="Run Keyword If" owner="BuiltIn">
<kw name="Should Be True" owner="BuiltIn">
<arg>${True}</arg>
<doc>Fails if the given condition is not true.</doc>
<status status="PASS" start="2024-05-01T21:12:54.056409" elapsed="0.000139"/>
</kw>
<arg>${json_data["results"][0]["location"]["coordinates"]["longitude"]} &gt;= -180 and ${json_data["results"][0]["location"]["coordinates"]["longitude"]} &lt;= 180</arg>
<arg>Should Be True</arg>
<arg>${True}</arg>
<doc>Runs the given keyword with the given arguments, if ``condition`` is true.</doc>
<status status="PASS" start="2024-05-01T21:12:54.055710" elapsed="0.000963"/>
</kw>
<status status="PASS" start="2024-05-01T21:12:53.942596" elapsed="0.114205"/>
</kw>
<doc>Testa o conteúdo específico dos campos retornados pela API.</doc>
<tag>testeConteudo</tag>
<status status="PASS" start="2024-05-01T21:12:53.941929" elapsed="0.115041"/>
</test>
<status status="PASS" start="2024-05-01T21:12:53.091413" elapsed="0.967513"/>
</suite>
<status status="PASS" start="2024-05-01T21:12:53.077940" elapsed="0.986130"/>
</suite>
<statistics>
<total>
<stat pass="5" fail="0" skip="0">All Tests</stat>
</total>
<tag>
<stat pass="1" fail="0" skip="0">testeConteudo</stat>
<stat pass="1" fail="0" skip="0">testeEstruturaResposta</stat>
<stat pass="1" fail="0" skip="0">testeRequisicaoBasica</stat>
<stat pass="1" fail="0" skip="0">testeTiposDados</stat>
</tag>
<suite>
<stat pass="5" fail="0" skip="0" id="s1" name="Tests">Tests</stat>
<stat pass="5" fail="0" skip="0" id="s1-s1" name="Random-User-Test">Tests.Random-User-Test</stat>
</suite>
</statistics>
<errors>
</errors>
</robot>
