<?xml version="1.0" encoding="UTF-8"?>
<robot generator="Robot 7.0.1 (Python 3.12.4 on linux)" generated="2024-06-21T16:17:48.485047" rpa="false" schemaversion="5">
<suite id="s1" name="Tests" source="/home/runner/work/ApiRandomUser/ApiRandomUser/RamdonUser/tests">
<suite id="s1-s1" name="Random-User-Test" source="/home/runner/work/ApiRandomUser/ApiRandomUser/RamdonUser/tests/random-user-test.robot">
<test id="s1-s1-t1" name="Conectar" line="13">
<kw name="Conectar API" owner="random-user-service">
<kw name="Create Session" owner="RequestsLibrary">
<msg time="2024-06-21T16:17:48.918603" level="INFO">Creating Session using : alias=consultarAPI, url=https://randomuser.me/, headers={},                     cookies={}, auth=None, timeout=None, proxies=None, verify=False,                     debug=0 </msg>
<arg>consultarAPI</arg>
<arg>${URL}</arg>
<doc>Create Session: create a HTTP session to a server</doc>
<status status="PASS" start="2024-06-21T16:17:48.918375" elapsed="0.000426"/>
</kw>
<status status="PASS" start="2024-06-21T16:17:48.917353" elapsed="0.001822"/>
</kw>
<status status="PASS" start="2024-06-21T16:17:48.916645" elapsed="0.002727"/>
</test>
<test id="s1-s1-t2" name="Validar retorno 200 e JSON Válido" line="16">
<kw name="Teste de Requisicao Basica" owner="random-user-service">
<kw name="GET On Session" owner="RequestsLibrary">
<msg time="2024-06-21T16:17:49.113790" level="INFO">GET Request : url=https://randomuser.me/api 
 path_url=/api 
 headers={'User-Agent': 'python-requests/2.32.3', 'Accept-Encoding': 'gzip, deflate', 'Accept': '*/*', 'Connection': 'keep-alive'} 
 body=None 
 </msg>
<msg time="2024-06-21T16:17:49.113954" level="INFO">GET Response : url=https://randomuser.me/api 
 status=200, reason=OK 
 headers={'Date': 'Fri, 21 Jun 2024 16:17:49 GMT', 'Content-Type': 'application/json; charset=utf-8', 'Transfer-Encoding': 'chunked', 'Connection': 'keep-alive', 'X-Powered-By': 'Express', 'Access-Control-Allow-Origin': '*', 'Cache-Control': 'no-cache', 'ETag': 'W/"487-X09/BOS3ozuBGL6J/cafqMZhkoA"', 'Vary': 'Accept-Encoding', 'Content-Encoding': 'gzip', 'CF-Cache-Status': 'DYNAMIC', 'Report-To': '{"endpoints":[{"url":"https:\\/\\/a.nel.cloudflare.com\\/report\\/v4?s=MvUxfBi2rSjsF1CpzuxErUT%2FPqy%2FeFaKO07jPj2bO2urkDK9jqirUPVOM2br3xlI%2B7lFztN1ushSY7HLRHHBJ33mUzli6wbI%2FT3n0qsXGCahNp1mfGeGCUzd7987vQua"}],"group":"cf-nel","max_age":604800}', 'NEL': '{"success_fraction":0,"report_to":"cf-nel","max_age":604800}', 'Server': 'cloudflare', 'CF-RAY': '89754f999d2c7f9e-IAD', 'alt-svc': 'h3=":443"; ma=86400'} 
 body={"results":[{"gender":"female","name":{"title":"Mrs","first":"Ilona","last":"Kalm"},"location":{"street":{"number":3105,"name":"Myllypuronkatu"},"city":"Pomarkku","state":"Southern Ostrobothnia","country":"Finland","postcode":68767,"coordinates":{"latitude":"-29.2685","longitude":"101.4328"},"timezone":{"offset":"+3:30","description":"Tehran"}},"email":"ilona.kalm@example.com","login":{"uuid":"64a947ac-ad11-4265-860e-d6426d4c30cf","username":"whitesnake453","password":"142536","salt":"ZgfiBtIB","md5":"7b6edfddd2a80e51cf8b6df80de5800b","sha1":"a1a601cef866ac8aae6c63889c5381f668d3944a","sha256":"206a0c2d03528d09e9e4d8c0fae99a701b6c983951c80d5801add7444bc865c1"},"dob":{"date":"1960-02-10T13:31:38.717Z","age":64},"registered":{"date":"2005-08-29T13:46:34.632Z","age":18},"phone":"08-272-079","cell":"049-330-73-13","id":{"name":"HETU","value":"NaNNA276undefined"},"picture":{"large":"https://randomuser.me/api/portraits/women/38.jpg","medium":"https://randomuser.me/api/portraits/med/women/38.jpg","thumbnail":"https://randomuser.me/api/portraits/thumb/women/38.jpg"},"nat":"FI"}],"info":{"seed":"30be3669996d587a","results":1,"page":1,"version":"1.4"}} 
 </msg>
<msg time="2024-06-21T16:17:49.114045" level="INFO">/opt/hostedtoolcache/Python/3.12.4/x64/lib/python3.12/site-packages/urllib3/connectionpool.py:1099: InsecureRequestWarning: Unverified HTTPS request is being made to host 'randomuser.me'. Adding certificate verification is strongly advised. See: https://urllib3.readthedocs.io/en/latest/advanced-usage.html#tls-warnings
  warnings.warn(</msg>
<msg time="2024-06-21T16:17:49.114225" level="INFO">${response} = &lt;Response [200]&gt;</msg>
<var>${response}</var>
<arg>consultarAPI</arg>
<arg>/api</arg>
<doc>Sends a GET request on a previously created HTTP Session.</doc>
<status status="PASS" start="2024-06-21T16:17:48.922156" elapsed="0.192116"/>
</kw>
<kw name="Should Be Equal As Numbers" owner="BuiltIn">
<msg time="2024-06-21T16:17:49.115373" level="INFO">Argument types are:
&lt;class 'int'&gt;
&lt;class 'str'&gt;</msg>
<arg>${response.status_code}</arg>
<arg>200</arg>
<doc>Fails if objects are unequal after converting them to real numbers.</doc>
<status status="PASS" start="2024-06-21T16:17:49.114889" elapsed="0.000560"/>
</kw>
<kw name="Log" owner="BuiltIn">
<msg time="2024-06-21T16:17:49.116230" level="INFO">200</msg>
<arg>${response.status_code}</arg>
<doc>Logs the given message with the given level.</doc>
<status status="PASS" start="2024-06-21T16:17:49.115848" elapsed="0.000427"/>
</kw>
<kw name="Set Variable" owner="BuiltIn">
<msg time="2024-06-21T16:17:49.117113" level="INFO">${json_data} = {'results': [{'gender': 'female', 'name': {'title': 'Mrs', 'first': 'Ilona', 'last': 'Kalm'}, 'location': {'street': {'number': 3105, 'name': 'Myllypuronkatu'}, 'city': 'Pomarkku', 'state': 'Southern ...</msg>
<var>${json_data}</var>
<arg>${response.json()}</arg>
<doc>Returns the given values which can then be assigned to a variables.</doc>
<status status="PASS" start="2024-06-21T16:17:49.116646" elapsed="0.000497"/>
</kw>
<kw name="Dictionary Should Contain Key" owner="Collections">
<arg>${json_data}</arg>
<arg>results</arg>
<doc>Fails if ``key`` is not found from ``dictionary``.</doc>
<status status="PASS" start="2024-06-21T16:17:49.117459" elapsed="0.000178"/>
</kw>
<status status="PASS" start="2024-06-21T16:17:48.921894" elapsed="0.195898"/>
</kw>
<doc>Testa se a API responde corretamente e retorna um objeto JSON válido.</doc>
<tag>testeRequisicaoBasica</tag>
<status status="PASS" start="2024-06-21T16:17:48.921327" elapsed="0.196646"/>
</test>
<test id="s1-s1-t3" name="Validar estrutura de resposta" line="22">
<kw name="Teste de Estrutura de Resposta" owner="random-user-service">
<kw name="GET On Session" owner="RequestsLibrary">
<msg time="2024-06-21T16:17:49.209996" level="INFO">GET Request : url=https://randomuser.me/api 
 path_url=/api 
 headers={'User-Agent': 'python-requests/2.32.3', 'Accept-Encoding': 'gzip, deflate', 'Accept': '*/*', 'Connection': 'keep-alive'} 
 body=None 
 </msg>
<msg time="2024-06-21T16:17:49.210118" level="INFO">GET Response : url=https://randomuser.me/api 
 status=200, reason=OK 
 headers={'Date': 'Fri, 21 Jun 2024 16:17:49 GMT', 'Content-Type': 'application/json; charset=utf-8', 'Transfer-Encoding': 'chunked', 'Connection': 'keep-alive', 'X-Powered-By': 'Express', 'Access-Control-Allow-Origin': '*', 'Cache-Control': 'no-cache', 'ETag': 'W/"498-aJN+wHpppeDFrdMsErtSfXkOjuA"', 'Vary': 'Accept-Encoding', 'Content-Encoding': 'gzip', 'CF-Cache-Status': 'DYNAMIC', 'Report-To': '{"endpoints":[{"url":"https:\\/\\/a.nel.cloudflare.com\\/report\\/v4?s=186phOjMnLBCVUP2yBx2XzyrR6jNKQ5d4d%2FF4bSnkEL9cgM%2FE7%2F5LEkmu5XuDXaJICtBSXOFAVdNrkX7zNl4J7rtUtLr66E02XROTYK43YW7VFgPXgwuVkfYhHxcvIER"}],"group":"cf-nel","max_age":604800}', 'NEL': '{"success_fraction":0,"report_to":"cf-nel","max_age":604800}', 'Server': 'cloudflare', 'CF-RAY': '89754f9a0dc77f9e-IAD', 'alt-svc': 'h3=":443"; ma=86400'} 
 body={"results":[{"gender":"male","name":{"title":"Mr","first":"Kenneth","last":"Carr"},"location":{"street":{"number":9708,"name":"O'Connell Avenue"},"city":"Passage West","state":"Limerick","country":"Ireland","postcode":99913,"coordinates":{"latitude":"1.2088","longitude":"-109.7785"},"timezone":{"offset":"-5:00","description":"Eastern Time (US &amp; Canada), Bogota, Lima"}},"email":"kenneth.carr@example.com","login":{"uuid":"923f8b8f-c269-491b-bd10-e54291151d64","username":"beautifulbear902","password":"stallion","salt":"XixJKeSE","md5":"eaea52e6745a8ebd40ebcadc07d002f2","sha1":"f07f6236950a6df603e20c8d11c7e2fc09a57f35","sha256":"ef0c91d66d137331013439ad9defb8719d8db82c53ad2217cee9b886ec878c17"},"dob":{"date":"1962-12-07T19:32:44.308Z","age":61},"registered":{"date":"2007-11-04T14:58:56.614Z","age":16},"phone":"051-103-0843","cell":"081-955-9791","id":{"name":"PPS","value":"0324268T"},"picture":{"large":"https://randomuser.me/api/portraits/men/16.jpg","medium":"https://randomuser.me/api/portraits/med/men/16.jpg","thumbnail":"https://randomuser.me/api/portraits/thumb/men/16.jpg"},"nat":"IE"}],"info":{"seed":"9f38b908b3d1d9df","results":1,"page":1,"version":"1.4"}} 
 </msg>
<msg time="2024-06-21T16:17:49.210285" level="INFO">/opt/hostedtoolcache/Python/3.12.4/x64/lib/python3.12/site-packages/urllib3/connectionpool.py:1099: InsecureRequestWarning: Unverified HTTPS request is being made to host 'randomuser.me'. Adding certificate verification is strongly advised. See: https://urllib3.readthedocs.io/en/latest/advanced-usage.html#tls-warnings
  warnings.warn(</msg>
<msg time="2024-06-21T16:17:49.210435" level="INFO">${response} = &lt;Response [200]&gt;</msg>
<var>${response}</var>
<arg>consultarAPI</arg>
<arg>/api</arg>
<doc>Sends a GET request on a previously created HTTP Session.</doc>
<status status="PASS" start="2024-06-21T16:17:49.120716" elapsed="0.089761"/>
</kw>
<kw name="Set Variable" owner="BuiltIn">
<msg time="2024-06-21T16:17:49.211882" level="INFO">${json_data} = {'results': [{'gender': 'male', 'name': {'title': 'Mr', 'first': 'Kenneth', 'last': 'Carr'}, 'location': {'street': {'number': 9708, 'name': "O'Connell Avenue"}, 'city': 'Passage West', 'state': 'Lime...</msg>
<var>${json_data}</var>
<arg>${response.json()}</arg>
<doc>Returns the given values which can then be assigned to a variables.</doc>
<status status="PASS" start="2024-06-21T16:17:49.211180" elapsed="0.000731"/>
</kw>
<kw name="Log" owner="BuiltIn">
<msg time="2024-06-21T16:17:49.212528" level="INFO">{'results': [{'gender': 'male', 'name': {'title': 'Mr', 'first': 'Kenneth', 'last': 'Carr'}, 'location': {'street': {'number': 9708, 'name': "O'Connell Avenue"}, 'city': 'Passage West', 'state': 'Limerick', 'country': 'Ireland', 'postcode': 99913, 'coordinates': {'latitude': '1.2088', 'longitude': '-109.7785'}, 'timezone': {'offset': '-5:00', 'description': 'Eastern Time (US &amp; Canada), Bogota, Lima'}}, 'email': 'kenneth.carr@example.com', 'login': {'uuid': '923f8b8f-c269-491b-bd10-e54291151d64', 'username': 'beautifulbear902', 'password': 'stallion', 'salt': 'XixJKeSE', 'md5': 'eaea52e6745a8ebd40ebcadc07d002f2', 'sha1': 'f07f6236950a6df603e20c8d11c7e2fc09a57f35', 'sha256': 'ef0c91d66d137331013439ad9defb8719d8db82c53ad2217cee9b886ec878c17'}, 'dob': {'date': '1962-12-07T19:32:44.308Z', 'age': 61}, 'registered': {'date': '2007-11-04T14:58:56.614Z', 'age': 16}, 'phone': '051-103-0843', 'cell': '081-955-9791', 'id': {'name': 'PPS', 'value': '0324268T'}, 'picture': {'large': 'https://randomuser.me/api/portraits/men/16.jpg', 'medium': 'https://randomuser.me/api/portraits/med/men/16.jpg', 'thumbnail': 'https://randomuser.me/api/portraits/thumb/men/16.jpg'}, 'nat': 'IE'}], 'info': {'seed': '9f38b908b3d1d9df', 'results': 1, 'page': 1, 'version': '1.4'}}</msg>
<arg>${json_data}</arg>
<doc>Logs the given message with the given level.</doc>
<status status="PASS" start="2024-06-21T16:17:49.212301" elapsed="0.000290"/>
</kw>
<kw name="Dictionary Should Contain Key" owner="Collections">
<arg>${json_data}</arg>
<arg>results</arg>
<doc>Fails if ``key`` is not found from ``dictionary``.</doc>
<status status="PASS" start="2024-06-21T16:17:49.212950" elapsed="0.000184"/>
</kw>
<kw name="Should Not Be Empty" owner="BuiltIn">
<msg time="2024-06-21T16:17:49.213467" level="INFO">Length is 2.</msg>
<arg>${json_data}</arg>
<doc>Verifies that the given item is not empty.</doc>
<status status="PASS" start="2024-06-21T16:17:49.213332" elapsed="0.000175"/>
</kw>
<kw name="Create List" owner="BuiltIn">
<msg time="2024-06-21T16:17:49.214189" level="INFO">${expected_keys} = ['gender', 'name', 'location', 'email', 'login']</msg>
<var>${expected_keys}</var>
<arg>gender</arg>
<arg>name</arg>
<arg>location</arg>
<arg>email</arg>
<arg>login</arg>
<doc>Returns a list containing given items.</doc>
<status status="PASS" start="2024-06-21T16:17:49.213823" elapsed="0.000392"/>
</kw>
<for flavor="IN">
<iter>
<kw name="Dictionary Should Contain Key" owner="Collections">
<arg>${json_data['results'][0]}</arg>
<arg>${key}</arg>
<doc>Fails if ``key`` is not found from ``dictionary``.</doc>
<status status="PASS" start="2024-06-21T16:17:49.214834" elapsed="0.000430"/>
</kw>
<kw name="Log" owner="BuiltIn">
<msg time="2024-06-21T16:17:49.215829" level="INFO">{'gender': 'male', 'name': {'title': 'Mr', 'first': 'Kenneth', 'last': 'Carr'}, 'location': {'street': {'number': 9708, 'name': "O'Connell Avenue"}, 'city': 'Passage West', 'state': 'Limerick', 'country': 'Ireland', 'postcode': 99913, 'coordinates': {'latitude': '1.2088', 'longitude': '-109.7785'}, 'timezone': {'offset': '-5:00', 'description': 'Eastern Time (US &amp; Canada), Bogota, Lima'}}, 'email': 'kenneth.carr@example.com', 'login': {'uuid': '923f8b8f-c269-491b-bd10-e54291151d64', 'username': 'beautifulbear902', 'password': 'stallion', 'salt': 'XixJKeSE', 'md5': 'eaea52e6745a8ebd40ebcadc07d002f2', 'sha1': 'f07f6236950a6df603e20c8d11c7e2fc09a57f35', 'sha256': 'ef0c91d66d137331013439ad9defb8719d8db82c53ad2217cee9b886ec878c17'}, 'dob': {'date': '1962-12-07T19:32:44.308Z', 'age': 61}, 'registered': {'date': '2007-11-04T14:58:56.614Z', 'age': 16}, 'phone': '051-103-0843', 'cell': '081-955-9791', 'id': {'name': 'PPS', 'value': '0324268T'}, 'picture': {'large': 'https://randomuser.me/api/portraits/men/16.jpg', 'medium': 'https://randomuser.me/api/portraits/med/men/16.jpg', 'thumbnail': 'https://randomuser.me/api/portraits/thumb/men/16.jpg'}, 'nat': 'IE'}</msg>
<arg>${json_data['results'][0]}</arg>
<doc>Logs the given message with the given level.</doc>
<status status="PASS" start="2024-06-21T16:17:49.215457" elapsed="0.000423"/>
</kw>
<kw name="Log" owner="BuiltIn">
<msg time="2024-06-21T16:17:49.216318" level="INFO">gender</msg>
<arg>${key}</arg>
<doc>Logs the given message with the given level.</doc>
<status status="PASS" start="2024-06-21T16:17:49.216189" elapsed="0.000169"/>
</kw>
<var name="${key}">gender</var>
<status status="PASS" start="2024-06-21T16:17:49.214703" elapsed="0.001921"/>
</iter>
<iter>
<kw name="Dictionary Should Contain Key" owner="Collections">
<arg>${json_data['results'][0]}</arg>
<arg>${key}</arg>
<doc>Fails if ``key`` is not found from ``dictionary``.</doc>
<status status="PASS" start="2024-06-21T16:17:49.216951" elapsed="0.000401"/>
</kw>
<kw name="Log" owner="BuiltIn">
<msg time="2024-06-21T16:17:49.217946" level="INFO">{'gender': 'male', 'name': {'title': 'Mr', 'first': 'Kenneth', 'last': 'Carr'}, 'location': {'street': {'number': 9708, 'name': "O'Connell Avenue"}, 'city': 'Passage West', 'state': 'Limerick', 'country': 'Ireland', 'postcode': 99913, 'coordinates': {'latitude': '1.2088', 'longitude': '-109.7785'}, 'timezone': {'offset': '-5:00', 'description': 'Eastern Time (US &amp; Canada), Bogota, Lima'}}, 'email': 'kenneth.carr@example.com', 'login': {'uuid': '923f8b8f-c269-491b-bd10-e54291151d64', 'username': 'beautifulbear902', 'password': 'stallion', 'salt': 'XixJKeSE', 'md5': 'eaea52e6745a8ebd40ebcadc07d002f2', 'sha1': 'f07f6236950a6df603e20c8d11c7e2fc09a57f35', 'sha256': 'ef0c91d66d137331013439ad9defb8719d8db82c53ad2217cee9b886ec878c17'}, 'dob': {'date': '1962-12-07T19:32:44.308Z', 'age': 61}, 'registered': {'date': '2007-11-04T14:58:56.614Z', 'age': 16}, 'phone': '051-103-0843', 'cell': '081-955-9791', 'id': {'name': 'PPS', 'value': '0324268T'}, 'picture': {'large': 'https://randomuser.me/api/portraits/men/16.jpg', 'medium': 'https://randomuser.me/api/portraits/med/men/16.jpg', 'thumbnail': 'https://randomuser.me/api/portraits/thumb/men/16.jpg'}, 'nat': 'IE'}</msg>
<arg>${json_data['results'][0]}</arg>
<doc>Logs the given message with the given level.</doc>
<status status="PASS" start="2024-06-21T16:17:49.217543" elapsed="0.000464"/>
</kw>
<kw name="Log" owner="BuiltIn">
<msg time="2024-06-21T16:17:49.218442" level="INFO">name</msg>
<arg>${key}</arg>
<doc>Logs the given message with the given level.</doc>
<status status="PASS" start="2024-06-21T16:17:49.218313" elapsed="0.000166"/>
</kw>
<var name="${key}">name</var>
<status status="PASS" start="2024-06-21T16:17:49.216830" elapsed="0.001866"/>
</iter>
<iter>
<kw name="Dictionary Should Contain Key" owner="Collections">
<arg>${json_data['results'][0]}</arg>
<arg>${key}</arg>
<doc>Fails if ``key`` is not found from ``dictionary``.</doc>
<status status="PASS" start="2024-06-21T16:17:49.218988" elapsed="0.000395"/>
</kw>
<kw name="Log" owner="BuiltIn">
<msg time="2024-06-21T16:17:49.219923" level="INFO">{'gender': 'male', 'name': {'title': 'Mr', 'first': 'Kenneth', 'last': 'Carr'}, 'location': {'street': {'number': 9708, 'name': "O'Connell Avenue"}, 'city': 'Passage West', 'state': 'Limerick', 'country': 'Ireland', 'postcode': 99913, 'coordinates': {'latitude': '1.2088', 'longitude': '-109.7785'}, 'timezone': {'offset': '-5:00', 'description': 'Eastern Time (US &amp; Canada), Bogota, Lima'}}, 'email': 'kenneth.carr@example.com', 'login': {'uuid': '923f8b8f-c269-491b-bd10-e54291151d64', 'username': 'beautifulbear902', 'password': 'stallion', 'salt': 'XixJKeSE', 'md5': 'eaea52e6745a8ebd40ebcadc07d002f2', 'sha1': 'f07f6236950a6df603e20c8d11c7e2fc09a57f35', 'sha256': 'ef0c91d66d137331013439ad9defb8719d8db82c53ad2217cee9b886ec878c17'}, 'dob': {'date': '1962-12-07T19:32:44.308Z', 'age': 61}, 'registered': {'date': '2007-11-04T14:58:56.614Z', 'age': 16}, 'phone': '051-103-0843', 'cell': '081-955-9791', 'id': {'name': 'PPS', 'value': '0324268T'}, 'picture': {'large': 'https://randomuser.me/api/portraits/men/16.jpg', 'medium': 'https://randomuser.me/api/portraits/med/men/16.jpg', 'thumbnail': 'https://randomuser.me/api/portraits/thumb/men/16.jpg'}, 'nat': 'IE'}</msg>
<arg>${json_data['results'][0]}</arg>
<doc>Logs the given message with the given level.</doc>
<status status="PASS" start="2024-06-21T16:17:49.219564" elapsed="0.000408"/>
</kw>
<kw name="Log" owner="BuiltIn">
<msg time="2024-06-21T16:17:49.220389" level="INFO">location</msg>
<arg>${key}</arg>
<doc>Logs the given message with the given level.</doc>
<status status="PASS" start="2024-06-21T16:17:49.220264" elapsed="0.000162"/>
</kw>
<var name="${key}">location</var>
<status status="PASS" start="2024-06-21T16:17:49.218880" elapsed="0.001804"/>
</iter>
<iter>
<kw name="Dictionary Should Contain Key" owner="Collections">
<arg>${json_data['results'][0]}</arg>
<arg>${key}</arg>
<doc>Fails if ``key`` is not found from ``dictionary``.</doc>
<status status="PASS" start="2024-06-21T16:17:49.220966" elapsed="0.000389"/>
</kw>
<kw name="Log" owner="BuiltIn">
<msg time="2024-06-21T16:17:49.221917" level="INFO">{'gender': 'male', 'name': {'title': 'Mr', 'first': 'Kenneth', 'last': 'Carr'}, 'location': {'street': {'number': 9708, 'name': "O'Connell Avenue"}, 'city': 'Passage West', 'state': 'Limerick', 'country': 'Ireland', 'postcode': 99913, 'coordinates': {'latitude': '1.2088', 'longitude': '-109.7785'}, 'timezone': {'offset': '-5:00', 'description': 'Eastern Time (US &amp; Canada), Bogota, Lima'}}, 'email': 'kenneth.carr@example.com', 'login': {'uuid': '923f8b8f-c269-491b-bd10-e54291151d64', 'username': 'beautifulbear902', 'password': 'stallion', 'salt': 'XixJKeSE', 'md5': 'eaea52e6745a8ebd40ebcadc07d002f2', 'sha1': 'f07f6236950a6df603e20c8d11c7e2fc09a57f35', 'sha256': 'ef0c91d66d137331013439ad9defb8719d8db82c53ad2217cee9b886ec878c17'}, 'dob': {'date': '1962-12-07T19:32:44.308Z', 'age': 61}, 'registered': {'date': '2007-11-04T14:58:56.614Z', 'age': 16}, 'phone': '051-103-0843', 'cell': '081-955-9791', 'id': {'name': 'PPS', 'value': '0324268T'}, 'picture': {'large': 'https://randomuser.me/api/portraits/men/16.jpg', 'medium': 'https://randomuser.me/api/portraits/med/men/16.jpg', 'thumbnail': 'https://randomuser.me/api/portraits/thumb/men/16.jpg'}, 'nat': 'IE'}</msg>
<arg>${json_data['results'][0]}</arg>
<doc>Logs the given message with the given level.</doc>
<status status="PASS" start="2024-06-21T16:17:49.221563" elapsed="0.000417"/>
</kw>
<kw name="Log" owner="BuiltIn">
<msg time="2024-06-21T16:17:49.222399" level="INFO">email</msg>
<arg>${key}</arg>
<doc>Logs the given message with the given level.</doc>
<status status="PASS" start="2024-06-21T16:17:49.222274" elapsed="0.000163"/>
</kw>
<var name="${key}">email</var>
<status status="PASS" start="2024-06-21T16:17:49.220858" elapsed="0.001795"/>
</iter>
<iter>
<kw name="Dictionary Should Contain Key" owner="Collections">
<arg>${json_data['results'][0]}</arg>
<arg>${key}</arg>
<doc>Fails if ``key`` is not found from ``dictionary``.</doc>
<status status="PASS" start="2024-06-21T16:17:49.222942" elapsed="0.000387"/>
</kw>
<kw name="Log" owner="BuiltIn">
<msg time="2024-06-21T16:17:49.223866" level="INFO">{'gender': 'male', 'name': {'title': 'Mr', 'first': 'Kenneth', 'last': 'Carr'}, 'location': {'street': {'number': 9708, 'name': "O'Connell Avenue"}, 'city': 'Passage West', 'state': 'Limerick', 'country': 'Ireland', 'postcode': 99913, 'coordinates': {'latitude': '1.2088', 'longitude': '-109.7785'}, 'timezone': {'offset': '-5:00', 'description': 'Eastern Time (US &amp; Canada), Bogota, Lima'}}, 'email': 'kenneth.carr@example.com', 'login': {'uuid': '923f8b8f-c269-491b-bd10-e54291151d64', 'username': 'beautifulbear902', 'password': 'stallion', 'salt': 'XixJKeSE', 'md5': 'eaea52e6745a8ebd40ebcadc07d002f2', 'sha1': 'f07f6236950a6df603e20c8d11c7e2fc09a57f35', 'sha256': 'ef0c91d66d137331013439ad9defb8719d8db82c53ad2217cee9b886ec878c17'}, 'dob': {'date': '1962-12-07T19:32:44.308Z', 'age': 61}, 'registered': {'date': '2007-11-04T14:58:56.614Z', 'age': 16}, 'phone': '051-103-0843', 'cell': '081-955-9791', 'id': {'name': 'PPS', 'value': '0324268T'}, 'picture': {'large': 'https://randomuser.me/api/portraits/men/16.jpg', 'medium': 'https://randomuser.me/api/portraits/med/men/16.jpg', 'thumbnail': 'https://randomuser.me/api/portraits/thumb/men/16.jpg'}, 'nat': 'IE'}</msg>
<arg>${json_data['results'][0]}</arg>
<doc>Logs the given message with the given level.</doc>
<status status="PASS" start="2024-06-21T16:17:49.223519" elapsed="0.000396"/>
</kw>
<kw name="Log" owner="BuiltIn">
<msg time="2024-06-21T16:17:49.224338" level="INFO">login</msg>
<arg>${key}</arg>
<doc>Logs the given message with the given level.</doc>
<status status="PASS" start="2024-06-21T16:17:49.224212" elapsed="0.000163"/>
</kw>
<var name="${key}">login</var>
<status status="PASS" start="2024-06-21T16:17:49.222834" elapsed="0.001787"/>
</iter>
<var>${key}</var>
<value>@{expected_keys}</value>
<status status="PASS" start="2024-06-21T16:17:49.214494" elapsed="0.010251"/>
</for>
<kw name="Create List" owner="BuiltIn">
<msg time="2024-06-21T16:17:49.225126" level="INFO">${expected_keysTwo} = ['username', 'password']</msg>
<var>${expected_keysTwo}</var>
<arg>username</arg>
<arg>password</arg>
<doc>Returns a list containing given items.</doc>
<status status="PASS" start="2024-06-21T16:17:49.224951" elapsed="0.000200"/>
</kw>
<for flavor="IN">
<iter>
<kw name="Dictionary Should Contain Key" owner="Collections">
<arg>${json_data['results'][0]['login']}</arg>
<arg>${keyTwo}</arg>
<doc>Fails if ``key`` is not found from ``dictionary``.</doc>
<status status="PASS" start="2024-06-21T16:17:49.225663" elapsed="0.000393"/>
</kw>
<kw name="Dictionary Should Contain Key" owner="Collections">
<arg>${json_data['results'][0]['login']}</arg>
<arg>${keyTwo}</arg>
<doc>Fails if ``key`` is not found from ``dictionary``.</doc>
<status status="PASS" start="2024-06-21T16:17:49.226241" elapsed="0.000371"/>
</kw>
<kw name="Log" owner="BuiltIn">
<msg time="2024-06-21T16:17:49.226924" level="INFO">username</msg>
<arg>${keyTwo}</arg>
<doc>Logs the given message with the given level.</doc>
<status status="PASS" start="2024-06-21T16:17:49.226792" elapsed="0.000169"/>
</kw>
<var name="${keyTwo}">username</var>
<status status="PASS" start="2024-06-21T16:17:49.225555" elapsed="0.001633"/>
</iter>
<iter>
<kw name="Dictionary Should Contain Key" owner="Collections">
<arg>${json_data['results'][0]['login']}</arg>
<arg>${keyTwo}</arg>
<doc>Fails if ``key`` is not found from ``dictionary``.</doc>
<status status="PASS" start="2024-06-21T16:17:49.227463" elapsed="0.000391"/>
</kw>
<kw name="Dictionary Should Contain Key" owner="Collections">
<arg>${json_data['results'][0]['login']}</arg>
<arg>${keyTwo}</arg>
<doc>Fails if ``key`` is not found from ``dictionary``.</doc>
<status status="PASS" start="2024-06-21T16:17:49.228040" elapsed="0.000379"/>
</kw>
<kw name="Log" owner="BuiltIn">
<msg time="2024-06-21T16:17:49.228755" level="INFO">password</msg>
<arg>${keyTwo}</arg>
<doc>Logs the given message with the given level.</doc>
<status status="PASS" start="2024-06-21T16:17:49.228625" elapsed="0.000167"/>
</kw>
<var name="${keyTwo}">password</var>
<status status="PASS" start="2024-06-21T16:17:49.227357" elapsed="0.001823"/>
</iter>
<var>${keyTwo}</var>
<value>@{expected_keysTwo}</value>
<status status="PASS" start="2024-06-21T16:17:49.225392" elapsed="0.003990"/>
</for>
<status status="PASS" start="2024-06-21T16:17:49.120446" elapsed="0.109120"/>
</kw>
<doc>Testa a estrutura da resposta da API.</doc>
<tag>testeEstruturaResposta</tag>
<status status="PASS" start="2024-06-21T16:17:49.119832" elapsed="0.109894"/>
</test>
<test id="s1-s1-t4" name="Validar tipos de dados" line="28">
<kw name="Teste de Tipos de Dados" owner="random-user-service">
<kw name="GET On Session" owner="RequestsLibrary">
<msg time="2024-06-21T16:17:49.305247" level="INFO">GET Request : url=https://randomuser.me/api 
 path_url=/api 
 headers={'User-Agent': 'python-requests/2.32.3', 'Accept-Encoding': 'gzip, deflate', 'Accept': '*/*', 'Connection': 'keep-alive'} 
 body=None 
 </msg>
<msg time="2024-06-21T16:17:49.305359" level="INFO">GET Response : url=https://randomuser.me/api 
 status=200, reason=OK 
 headers={'Date': 'Fri, 21 Jun 2024 16:17:49 GMT', 'Content-Type': 'application/json; charset=utf-8', 'Transfer-Encoding': 'chunked', 'Connection': 'keep-alive', 'X-Powered-By': 'Express', 'Access-Control-Allow-Origin': '*', 'Cache-Control': 'no-cache', 'ETag': 'W/"499-WKDf+8kKrEViADGnPghq+8LtYYY"', 'Vary': 'Accept-Encoding', 'Content-Encoding': 'gzip', 'CF-Cache-Status': 'DYNAMIC', 'Report-To': '{"endpoints":[{"url":"https:\\/\\/a.nel.cloudflare.com\\/report\\/v4?s=LNWvCjh5kPL7awnQj44sIFmHQytm%2F4%2BxAoKJKeRqh9LSb8qZX6TUijn7wS3vz4XRmtKp%2BqRm7laI504BFiPnXNFnjdTPHX7tStDlwPtJ5tQuh7qy4T5c7%2BM%2B%2BS1zqZej"}],"group":"cf-nel","max_age":604800}', 'NEL': '{"success_fraction":0,"report_to":"cf-nel","max_age":604800}', 'Server': 'cloudflare', 'CF-RAY': '89754f9abebd7f9e-IAD', 'alt-svc': 'h3=":443"; ma=86400'} 
 body={"results":[{"gender":"female","name":{"title":"Miss","first":"Diane","last":"Roberts"},"location":{"street":{"number":7458,"name":"Woodlawn Avenue"},"city":"Oranmore","state":"Cork","country":"Ireland","postcode":51080,"coordinates":{"latitude":"-4.2183","longitude":"117.5774"},"timezone":{"offset":"+5:00","description":"Ekaterinburg, Islamabad, Karachi, Tashkent"}},"email":"diane.roberts@example.com","login":{"uuid":"4c1bbfb1-70c5-47ed-b1c1-8b4674d89007","username":"bigleopard763","password":"scamper","salt":"dYxC53Dh","md5":"0d4f805ad1cba9f154cc8c2ad8913753","sha1":"1fb7789a4e9bdd7d751938f9e68a9c3ac56770f6","sha256":"9eb4c261e219e9feba30d2c802072d1e01fa8afbb66b5d0629956765254d4354"},"dob":{"date":"1960-01-24T06:35:45.232Z","age":64},"registered":{"date":"2010-07-21T07:51:09.773Z","age":13},"phone":"031-855-0047","cell":"081-149-2977","id":{"name":"PPS","value":"9382781T"},"picture":{"large":"https://randomuser.me/api/portraits/women/44.jpg","medium":"https://randomuser.me/api/portraits/med/women/44.jpg","thumbnail":"https://randomuser.me/api/portraits/thumb/women/44.jpg"},"nat":"IE"}],"info":{"seed":"94b4200dfc853cf9","results":1,"page":1,"version":"1.4"}} 
 </msg>
<msg time="2024-06-21T16:17:49.305447" level="INFO">/opt/hostedtoolcache/Python/3.12.4/x64/lib/python3.12/site-packages/urllib3/connectionpool.py:1099: InsecureRequestWarning: Unverified HTTPS request is being made to host 'randomuser.me'. Adding certificate verification is strongly advised. See: https://urllib3.readthedocs.io/en/latest/advanced-usage.html#tls-warnings
  warnings.warn(</msg>
<msg time="2024-06-21T16:17:49.305592" level="INFO">${response} = &lt;Response [200]&gt;</msg>
<var>${response}</var>
<arg>consultarAPI</arg>
<arg>/api</arg>
<doc>Sends a GET request on a previously created HTTP Session.</doc>
<status status="PASS" start="2024-06-21T16:17:49.232353" elapsed="0.073282"/>
</kw>
<kw name="Set Variable" owner="BuiltIn">
<msg time="2024-06-21T16:17:49.306965" level="INFO">${json_data} = {'results': [{'gender': 'female', 'name': {'title': 'Miss', 'first': 'Diane', 'last': 'Roberts'}, 'location': {'street': {'number': 7458, 'name': 'Woodlawn Avenue'}, 'city': 'Oranmore', 'state': 'Cork...</msg>
<var>${json_data}</var>
<arg>${response.json()}</arg>
<doc>Returns the given values which can then be assigned to a variables.</doc>
<status status="PASS" start="2024-06-21T16:17:49.306331" elapsed="0.000662"/>
</kw>
<kw name="Log" owner="BuiltIn">
<msg time="2024-06-21T16:17:49.307467" level="INFO">{'results': [{'gender': 'female', 'name': {'title': 'Miss', 'first': 'Diane', 'last': 'Roberts'}, 'location': {'street': {'number': 7458, 'name': 'Woodlawn Avenue'}, 'city': 'Oranmore', 'state': 'Cork', 'country': 'Ireland', 'postcode': 51080, 'coordinates': {'latitude': '-4.2183', 'longitude': '117.5774'}, 'timezone': {'offset': '+5:00', 'description': 'Ekaterinburg, Islamabad, Karachi, Tashkent'}}, 'email': 'diane.roberts@example.com', 'login': {'uuid': '4c1bbfb1-70c5-47ed-b1c1-8b4674d89007', 'username': 'bigleopard763', 'password': 'scamper', 'salt': 'dYxC53Dh', 'md5': '0d4f805ad1cba9f154cc8c2ad8913753', 'sha1': '1fb7789a4e9bdd7d751938f9e68a9c3ac56770f6', 'sha256': '9eb4c261e219e9feba30d2c802072d1e01fa8afbb66b5d0629956765254d4354'}, 'dob': {'date': '1960-01-24T06:35:45.232Z', 'age': 64}, 'registered': {'date': '2010-07-21T07:51:09.773Z', 'age': 13}, 'phone': '031-855-0047', 'cell': '081-149-2977', 'id': {'name': 'PPS', 'value': '9382781T'}, 'picture': {'large': 'https://randomuser.me/api/portraits/women/44.jpg', 'medium': 'https://randomuser.me/api/portraits/med/women/44.jpg', 'thumbnail': 'https://randomuser.me/api/portraits/thumb/women/44.jpg'}, 'nat': 'IE'}], 'info': {'seed': '94b4200dfc853cf9', 'results': 1, 'page': 1, 'version': '1.4'}}</msg>
<arg>${json_data}</arg>
<doc>Logs the given message with the given level.</doc>
<status status="PASS" start="2024-06-21T16:17:49.307303" elapsed="0.000213"/>
</kw>
<kw name="Should Be String" owner="String">
<arg>${json_data['results'][0]['gender']}</arg>
<doc>Fails if the given ``item`` is not a string.</doc>
<status status="PASS" start="2024-06-21T16:17:49.307804" elapsed="0.000368"/>
</kw>
<kw name="Should Match Regexp" owner="BuiltIn">
<arg>${json_data['results'][0]['email']}</arg>
<arg>^[a-zA-Z0-9._%+-]+@[a-zA-Z0-9.-]+\.[a-zA-Z]{2,}$</arg>
<doc>Fails if ``string`` does not match ``pattern`` as a regular expression.</doc>
<status status="PASS" start="2024-06-21T16:17:49.308393" elapsed="0.000573"/>
</kw>
<kw name="Should Match Regexp" owner="BuiltIn">
<arg>${json_data['results'][0]['dob']['date']}</arg>
<arg>\\d{4}-\\d{2}-\\d{2}T\\d{2}:\\d{2}:\\d{2}\\.\\d{3}Z</arg>
<doc>Fails if ``string`` does not match ``pattern`` as a regular expression.</doc>
<status status="PASS" start="2024-06-21T16:17:49.309158" elapsed="0.000485"/>
</kw>
<kw name="Should Match Regexp" owner="BuiltIn">
<arg>${json_data['results'][0]['registered']['date']}</arg>
<arg>\\d{4}-\\d{2}-\\d{2}T\\d{2}:\\d{2}:\\d{2}\\.\\d{3}Z</arg>
<doc>Fails if ``string`` does not match ``pattern`` as a regular expression.</doc>
<status status="PASS" start="2024-06-21T16:17:49.309830" elapsed="0.000373"/>
</kw>
<kw name="Should Match Regexp" owner="BuiltIn">
<arg>${json_data['results'][0]['picture']['large']}</arg>
<arg>^https?://.*\.(?:png|jpe?g|gif|bmp)$</arg>
<doc>Fails if ``string`` does not match ``pattern`` as a regular expression.</doc>
<status status="PASS" start="2024-06-21T16:17:49.310385" elapsed="0.000453"/>
</kw>
<kw name="Should Match Regexp" owner="BuiltIn">
<arg>${json_data['results'][0]['picture']['medium']}</arg>
<arg>^https?://.*\.(?:png|jpe?g|gif|bmp)$</arg>
<doc>Fails if ``string`` does not match ``pattern`` as a regular expression.</doc>
<status status="PASS" start="2024-06-21T16:17:49.311020" elapsed="0.000356"/>
</kw>
<kw name="Should Match Regexp" owner="BuiltIn">
<arg>${json_data['results'][0]['picture']['thumbnail']}</arg>
<arg>^https?://.*\.(?:png|jpe?g|gif|bmp)$</arg>
<doc>Fails if ``string`` does not match ``pattern`` as a regular expression.</doc>
<status status="PASS" start="2024-06-21T16:17:49.311555" elapsed="0.000343"/>
</kw>
<kw name="Log" owner="BuiltIn">
<msg time="2024-06-21T16:17:49.312393" level="INFO">{'large': 'https://randomuser.me/api/portraits/women/44.jpg', 'medium': 'https://randomuser.me/api/portraits/med/women/44.jpg', 'thumbnail': 'https://randomuser.me/api/portraits/thumb/women/44.jpg'}</msg>
<arg>${json_data['results'][0]['picture']}</arg>
<doc>Logs the given message with the given level.</doc>
<status status="PASS" start="2024-06-21T16:17:49.312073" elapsed="0.000363"/>
</kw>
<status status="PASS" start="2024-06-21T16:17:49.232084" elapsed="0.080647"/>
</kw>
<kw name="Teste de Tipos de Dados - Postcode" owner="random-user-service">
<kw name="GET On Session" owner="RequestsLibrary">
<msg time="2024-06-21T16:17:49.420152" level="INFO">GET Request : url=https://randomuser.me/api 
 path_url=/api 
 headers={'User-Agent': 'python-requests/2.32.3', 'Accept-Encoding': 'gzip, deflate', 'Accept': '*/*', 'Connection': 'keep-alive'} 
 body=None 
 </msg>
<msg time="2024-06-21T16:17:49.420255" level="INFO">GET Response : url=https://randomuser.me/api 
 status=200, reason=OK 
 headers={'Date': 'Fri, 21 Jun 2024 16:17:49 GMT', 'Content-Type': 'application/json; charset=utf-8', 'Transfer-Encoding': 'chunked', 'Connection': 'keep-alive', 'X-Powered-By': 'Express', 'Access-Control-Allow-Origin': '*', 'Cache-Control': 'no-cache', 'ETag': 'W/"48b-vHkSM8Ezav7GCcGzOpRQyeyixhk"', 'Vary': 'Accept-Encoding', 'Content-Encoding': 'gzip', 'CF-Cache-Status': 'DYNAMIC', 'Report-To': '{"endpoints":[{"url":"https:\\/\\/a.nel.cloudflare.com\\/report\\/v4?s=LKTiA7SRj3PcErDlb963jgflxUsdQVmVnIV9Yl7J%2FJEntFUnDsKQ6vRuNptCKvh%2BVNI1X8R9xZ7LfXnNuMHg6hmSorkC7JVBzFKFA0oXDGn%2FhTdKcTazfR0EvM5oSF1L"}],"group":"cf-nel","max_age":604800}', 'NEL': '{"success_fraction":0,"report_to":"cf-nel","max_age":604800}', 'Server': 'cloudflare', 'CF-RAY': '89754f9b3f557f9e-IAD', 'alt-svc': 'h3=":443"; ma=86400'} 
 body={"results":[{"gender":"male","name":{"title":"Mr","first":"Rémi","last":"Legrand"},"location":{"street":{"number":253,"name":"Place de L'Abbé-Jean-Lebeuf"},"city":"Dunkerque","state":"Mayenne","country":"France","postcode":29011,"coordinates":{"latitude":"-16.9786","longitude":"-177.9635"},"timezone":{"offset":"-9:00","description":"Alaska"}},"email":"remi.legrand@example.com","login":{"uuid":"d81035a3-14ac-4880-89da-96c9da1a6836","username":"ticklishmouse629","password":"miller1","salt":"htPVGGcI","md5":"efe0ba0fb51767fe39e533aa3255b6e7","sha1":"8fd6d04b05b7ad7de840e4ad3e45535cc437e8bd","sha256":"d23e9c84ac6642b466144345127f76c9ebd96c44c6f6ebd177ad0474291c967b"},"dob":{"date":"1968-07-19T02:13:43.488Z","age":55},"registered":{"date":"2018-05-15T17:08:33.115Z","age":6},"phone":"05-60-64-52-38","cell":"06-57-74-56-31","id":{"name":"INSEE","value":"1680601778850 45"},"picture":{"large":"https://randomuser.me/api/portraits/men/62.jpg","medium":"https://randomuser.me/api/portraits/med/men/62.jpg","thumbnail":"https://randomuser.me/api/portraits/thumb/men/62.jpg"},"nat":"FR"}],"info":{"seed":"548bca93b8300a88","results":1,"page":1,"version":"1.4"}} 
 </msg>
<msg time="2024-06-21T16:17:49.420335" level="INFO">/opt/hostedtoolcache/Python/3.12.4/x64/lib/python3.12/site-packages/urllib3/connectionpool.py:1099: InsecureRequestWarning: Unverified HTTPS request is being made to host 'randomuser.me'. Adding certificate verification is strongly advised. See: https://urllib3.readthedocs.io/en/latest/advanced-usage.html#tls-warnings
  warnings.warn(</msg>
<msg time="2024-06-21T16:17:49.420457" level="INFO">${response} = &lt;Response [200]&gt;</msg>
<var>${response}</var>
<arg>consultarAPI</arg>
<arg>/api</arg>
<doc>Sends a GET request on a previously created HTTP Session.</doc>
<status status="PASS" start="2024-06-21T16:17:49.313191" elapsed="0.107293"/>
</kw>
<kw name="Set Variable" owner="BuiltIn">
<msg time="2024-06-21T16:17:49.421637" level="INFO">${json_data} = {'results': [{'gender': 'male', 'name': {'title': 'Mr', 'first': 'Rémi', 'last': 'Legrand'}, 'location': {'street': {'number': 253, 'name': "Place de L'Abbé-Jean-Lebeuf"}, 'city': 'Dunkerque', 'state'...</msg>
<var>${json_data}</var>
<arg>${response.json()}</arg>
<doc>Returns the given values which can then be assigned to a variables.</doc>
<status status="PASS" start="2024-06-21T16:17:49.421096" elapsed="0.000571"/>
</kw>
<kw name="Log" owner="BuiltIn">
<msg time="2024-06-21T16:17:49.422131" level="INFO">{'results': [{'gender': 'male', 'name': {'title': 'Mr', 'first': 'Rémi', 'last': 'Legrand'}, 'location': {'street': {'number': 253, 'name': "Place de L'Abbé-Jean-Lebeuf"}, 'city': 'Dunkerque', 'state': 'Mayenne', 'country': 'France', 'postcode': 29011, 'coordinates': {'latitude': '-16.9786', 'longitude': '-177.9635'}, 'timezone': {'offset': '-9:00', 'description': 'Alaska'}}, 'email': 'remi.legrand@example.com', 'login': {'uuid': 'd81035a3-14ac-4880-89da-96c9da1a6836', 'username': 'ticklishmouse629', 'password': 'miller1', 'salt': 'htPVGGcI', 'md5': 'efe0ba0fb51767fe39e533aa3255b6e7', 'sha1': '8fd6d04b05b7ad7de840e4ad3e45535cc437e8bd', 'sha256': 'd23e9c84ac6642b466144345127f76c9ebd96c44c6f6ebd177ad0474291c967b'}, 'dob': {'date': '1968-07-19T02:13:43.488Z', 'age': 55}, 'registered': {'date': '2018-05-15T17:08:33.115Z', 'age': 6}, 'phone': '05-60-64-52-38', 'cell': '06-57-74-56-31', 'id': {'name': 'INSEE', 'value': '1680601778850 45'}, 'picture': {'large': 'https://randomuser.me/api/portraits/men/62.jpg', 'medium': 'https://randomuser.me/api/portraits/med/men/62.jpg', 'thumbnail': 'https://randomuser.me/api/portraits/thumb/men/62.jpg'}, 'nat': 'FR'}], 'info': {'seed': '548bca93b8300a88', 'results': 1, 'page': 1, 'version': '1.4'}}</msg>
<arg>${json_data}</arg>
<doc>Logs the given message with the given level.</doc>
<status status="PASS" start="2024-06-21T16:17:49.421972" elapsed="0.000219"/>
</kw>
<kw name="Should Be Equal As Numbers" owner="BuiltIn">
<arg>${json_data['results'][0]['location']['postcode']}</arg>
<arg>${json_data['results'][0]['location']['postcode']}</arg>
<doc>Fails if objects are unequal after converting them to real numbers.</doc>
<status status="PASS" start="2024-06-21T16:17:49.422496" elapsed="0.000621"/>
</kw>
<kw name="Log" owner="BuiltIn">
<msg time="2024-06-21T16:17:49.423845" level="INFO">29011</msg>
<arg>${json_data['results'][0]['location']['postcode']}</arg>
<doc>Logs the given message with the given level.</doc>
<status status="PASS" start="2024-06-21T16:17:49.423336" elapsed="0.000549"/>
</kw>
<status status="PASS" start="2024-06-21T16:17:49.312963" elapsed="0.111180"/>
</kw>
<doc>Testa se os tipos de dados na resposta da API estão corretos.</doc>
<tag>testeTiposDados</tag>
<status status="PASS" start="2024-06-21T16:17:49.231504" elapsed="0.192810"/>
</test>
<test id="s1-s1-t5" name="Validar conteudo" line="35">
<kw name="Teste de Tipos de Conteudo" owner="random-user-service">
<kw name="GET On Session" owner="RequestsLibrary">
<msg time="2024-06-21T16:17:49.514763" level="INFO">GET Request : url=https://randomuser.me/api 
 path_url=/api 
 headers={'User-Agent': 'python-requests/2.32.3', 'Accept-Encoding': 'gzip, deflate', 'Accept': '*/*', 'Connection': 'keep-alive'} 
 body=None 
 </msg>
<msg time="2024-06-21T16:17:49.514879" level="INFO">GET Response : url=https://randomuser.me/api 
 status=200, reason=OK 
 headers={'Date': 'Fri, 21 Jun 2024 16:17:49 GMT', 'Content-Type': 'application/json; charset=utf-8', 'Transfer-Encoding': 'chunked', 'Connection': 'keep-alive', 'X-Powered-By': 'Express', 'Access-Control-Allow-Origin': '*', 'Cache-Control': 'no-cache', 'ETag': 'W/"473-FP2pgWZ9wsNwOhWekCkLKLbCTeI"', 'Vary': 'Accept-Encoding', 'Content-Encoding': 'gzip', 'CF-Cache-Status': 'DYNAMIC', 'Report-To': '{"endpoints":[{"url":"https:\\/\\/a.nel.cloudflare.com\\/report\\/v4?s=lSZE%2F86Ql4qHd0a4uUaicjRnmqPsrpn%2FPn3jZKkLVz3Hr5DLXIA1wLZedQae3ww73dN%2BuKhBeEbOrIeqZMVXUqJdMRl5JTmCOaGxLmG8Dnw7kFf7tnaVHc70eHMDrxYf"}],"group":"cf-nel","max_age":604800}', 'NEL': '{"success_fraction":0,"report_to":"cf-nel","max_age":604800}', 'Server': 'cloudflare', 'CF-RAY': '89754f9be85c7f9e-IAD', 'alt-svc': 'h3=":443"; ma=86400'} 
 body={"results":[{"gender":"male","name":{"title":"Mr","first":"Samu","last":"Valli"},"location":{"street":{"number":8245,"name":"Bulevardi"},"city":"Laihia","state":"Kymenlaakso","country":"Finland","postcode":36403,"coordinates":{"latitude":"-27.2361","longitude":"-62.3537"},"timezone":{"offset":"-2:00","description":"Mid-Atlantic"}},"email":"samu.valli@example.com","login":{"uuid":"de6d1644-73a8-4157-9b9c-3a80eb0b5e92","username":"organicrabbit270","password":"pippin","salt":"DoOGhwEw","md5":"46a0d702802c374dfd3a51e54d3ed71d","sha1":"1f4419ea57ea64ac463c6406bc455e527cc3a2f5","sha256":"2645c29f420c740ec6afd20492790acdba0eb635541b5698ac00a773bb713fe5"},"dob":{"date":"1983-05-13T03:09:15.213Z","age":41},"registered":{"date":"2012-09-26T05:44:39.104Z","age":11},"phone":"09-707-395","cell":"041-136-98-71","id":{"name":"HETU","value":"NaNNA187undefined"},"picture":{"large":"https://randomuser.me/api/portraits/men/4.jpg","medium":"https://randomuser.me/api/portraits/med/men/4.jpg","thumbnail":"https://randomuser.me/api/portraits/thumb/men/4.jpg"},"nat":"FI"}],"info":{"seed":"1f28289328e4c149","results":1,"page":1,"version":"1.4"}} 
 </msg>
<msg time="2024-06-21T16:17:49.514968" level="INFO">/opt/hostedtoolcache/Python/3.12.4/x64/lib/python3.12/site-packages/urllib3/connectionpool.py:1099: InsecureRequestWarning: Unverified HTTPS request is being made to host 'randomuser.me'. Adding certificate verification is strongly advised. See: https://urllib3.readthedocs.io/en/latest/advanced-usage.html#tls-warnings
  warnings.warn(</msg>
<msg time="2024-06-21T16:17:49.515089" level="INFO">${response} = &lt;Response [200]&gt;</msg>
<var>${response}</var>
<arg>consultarAPI</arg>
<arg>/api</arg>
<doc>Sends a GET request on a previously created HTTP Session.</doc>
<status status="PASS" start="2024-06-21T16:17:49.427124" elapsed="0.087990"/>
</kw>
<kw name="Set Variable" owner="BuiltIn">
<msg time="2024-06-21T16:17:49.516245" level="INFO">${json_data} = {'results': [{'gender': 'male', 'name': {'title': 'Mr', 'first': 'Samu', 'last': 'Valli'}, 'location': {'street': {'number': 8245, 'name': 'Bulevardi'}, 'city': 'Laihia', 'state': 'Kymenlaakso', 'coun...</msg>
<var>${json_data}</var>
<arg>${response.json()}</arg>
<doc>Returns the given values which can then be assigned to a variables.</doc>
<status status="PASS" start="2024-06-21T16:17:49.515708" elapsed="0.000565"/>
</kw>
<kw name="Set Variable" owner="BuiltIn">
<msg time="2024-06-21T16:17:49.517002" level="INFO">${name_title} = Mr</msg>
<var>${name_title}</var>
<arg>${json_data["results"][0]["name"]["title"]}</arg>
<doc>Returns the given values which can then be assigned to a variables.</doc>
<status status="PASS" start="2024-06-21T16:17:49.516609" elapsed="0.000418"/>
</kw>
<kw name="Create List" owner="BuiltIn">
<msg time="2024-06-21T16:17:49.517468" level="INFO">${allowed_titles} = ['Mr', 'Ms', 'Miss', 'Mrs', 'Madame', 'Monsieur']</msg>
<var>${allowed_titles}</var>
<arg>Mr</arg>
<arg>Ms</arg>
<arg>Miss</arg>
<arg>Mrs</arg>
<arg>Madame</arg>
<arg>Monsieur</arg>
<doc>Returns a list containing given items.</doc>
<status status="PASS" start="2024-06-21T16:17:49.517321" elapsed="0.000171"/>
</kw>
<kw name="List Should Contain Value" owner="Collections">
<arg>${allowed_titles}</arg>
<arg>${name_title}</arg>
<doc>Fails if the ``value`` is not found from ``list``.</doc>
<status status="PASS" start="2024-06-21T16:17:49.517789" elapsed="0.000176"/>
</kw>
<kw name="Set Variable" owner="BuiltIn">
<msg time="2024-06-21T16:17:49.518512" level="INFO">${name_country} = FI</msg>
<var>${name_country}</var>
<arg>${json_data["results"][0]["nat"]}</arg>
<doc>Returns the given values which can then be assigned to a variables.</doc>
<status status="PASS" start="2024-06-21T16:17:49.518144" elapsed="0.000392"/>
</kw>
<kw name="Create List" owner="BuiltIn">
<msg time="2024-06-21T16:17:49.519424" level="INFO">${list_country} = ['AD', 'AE', 'AF', 'AG', 'AI', 'AL', 'AM', 'AO', 'AQ', 'AR', 'AS', 'AT', 'AU', 'AW', 'AX', 'AZ', 'BA', 'BB', 'BD', 'BE', 'BF', 'BG', 'BH', 'BI', 'BJ', 'BL', 'BM', 'BN', 'BO', 'BQ', 'BR', 'BS', 'BT', '...</msg>
<var>${list_country}</var>
<arg>AD</arg>
<arg>AE</arg>
<arg>AF</arg>
<arg>AG</arg>
<arg>AI</arg>
<arg>AL</arg>
<arg>AM</arg>
<arg>AO</arg>
<arg>AQ</arg>
<arg>AR</arg>
<arg>AS</arg>
<arg>AT</arg>
<arg>AU</arg>
<arg>AW</arg>
<arg>AX</arg>
<arg>AZ</arg>
<arg>BA</arg>
<arg>BB</arg>
<arg>BD</arg>
<arg>BE</arg>
<arg>BF</arg>
<arg>BG</arg>
<arg>BH</arg>
<arg>BI</arg>
<arg>BJ</arg>
<arg>BL</arg>
<arg>BM</arg>
<arg>BN</arg>
<arg>BO</arg>
<arg>BQ</arg>
<arg>BR</arg>
<arg>BS</arg>
<arg>BT</arg>
<arg>BV</arg>
<arg>BW</arg>
<arg>BY</arg>
<arg>BZ</arg>
<arg>CA</arg>
<arg>CC</arg>
<arg>CD</arg>
<arg>CF</arg>
<arg>CG</arg>
<arg>CH</arg>
<arg>CI</arg>
<arg>CK</arg>
<arg>CL</arg>
<arg>CM</arg>
<arg>CN</arg>
<arg>CO</arg>
<arg>CR</arg>
<arg>CU</arg>
<arg>CV</arg>
<arg>CW</arg>
<arg>CX</arg>
<arg>CY</arg>
<arg>CZ</arg>
<arg>DE</arg>
<arg>DJ</arg>
<arg>DK</arg>
<arg>DM</arg>
<arg>DO</arg>
<arg>DZ</arg>
<arg>EC</arg>
<arg>EE</arg>
<arg>EG</arg>
<arg>EH</arg>
<arg>ER</arg>
<arg>ES</arg>
<arg>ET</arg>
<arg>FI</arg>
<arg>FJ</arg>
<arg>FK</arg>
<arg>FM</arg>
<arg>FO</arg>
<arg>FR</arg>
<arg>GA</arg>
<arg>GB</arg>
<arg>GD</arg>
<arg>GE</arg>
<arg>GF</arg>
<arg>GG</arg>
<arg>GH</arg>
<arg>GI</arg>
<arg>GL</arg>
<arg>GM</arg>
<arg>GN</arg>
<arg>GP</arg>
<arg>GQ</arg>
<arg>GR</arg>
<arg>GS</arg>
<arg>GT</arg>
<arg>GU</arg>
<arg>GW</arg>
<arg>GY</arg>
<arg>HK</arg>
<arg>HM</arg>
<arg>HN</arg>
<arg>HR</arg>
<arg>HT</arg>
<arg>HU</arg>
<arg>ID</arg>
<arg>IE</arg>
<arg>IL</arg>
<arg>IM</arg>
<arg>IN</arg>
<arg>IO</arg>
<arg>IQ</arg>
<arg>IR</arg>
<arg>IS</arg>
<arg>IT</arg>
<arg>JE</arg>
<arg>JM</arg>
<arg>JO</arg>
<arg>JP</arg>
<arg>KE</arg>
<arg>KG</arg>
<arg>KH</arg>
<arg>KI</arg>
<arg>KM</arg>
<arg>KN</arg>
<arg>KP</arg>
<arg>KR</arg>
<arg>KW</arg>
<arg>KY</arg>
<arg>KZ</arg>
<arg>LA</arg>
<arg>LB</arg>
<arg>LC</arg>
<arg>LI</arg>
<arg>LK</arg>
<arg>LR</arg>
<arg>LS</arg>
<arg>LT</arg>
<arg>LU</arg>
<arg>LV</arg>
<arg>LY</arg>
<arg>MA</arg>
<arg>MC</arg>
<arg>MD</arg>
<arg>ME</arg>
<arg>MF</arg>
<arg>MG</arg>
<arg>MH</arg>
<arg>MK</arg>
<arg>ML</arg>
<arg>MM</arg>
<arg>MN</arg>
<arg>MO</arg>
<arg>MP</arg>
<arg>MQ</arg>
<arg>MR</arg>
<arg>MS</arg>
<arg>MT</arg>
<arg>MU</arg>
<arg>MV</arg>
<arg>MW</arg>
<arg>MX</arg>
<arg>MY</arg>
<arg>MZ</arg>
<arg>NA</arg>
<arg>NC</arg>
<arg>NE</arg>
<arg>NF</arg>
<arg>NG</arg>
<arg>NI</arg>
<arg>NL</arg>
<arg>NO</arg>
<arg>NP</arg>
<arg>NR</arg>
<arg>NU</arg>
<arg>NZ</arg>
<arg>OM</arg>
<arg>PA</arg>
<arg>PE</arg>
<arg>PF</arg>
<arg>PG</arg>
<arg>PH</arg>
<arg>PK</arg>
<arg>PL</arg>
<arg>PM</arg>
<arg>PN</arg>
<arg>PR</arg>
<arg>PS</arg>
<arg>PT</arg>
<arg>PW</arg>
<arg>PY</arg>
<arg>QA</arg>
<arg>RE</arg>
<arg>RO</arg>
<arg>RS</arg>
<arg>RU</arg>
<arg>RW</arg>
<arg>SA</arg>
<arg>SB</arg>
<arg>SC</arg>
<arg>SD</arg>
<arg>SE</arg>
<arg>SG</arg>
<arg>SH</arg>
<arg>SI</arg>
<arg>SJ</arg>
<arg>SK</arg>
<arg>SL</arg>
<arg>SM</arg>
<arg>SN</arg>
<arg>SO</arg>
<arg>SR</arg>
<arg>SS</arg>
<arg>ST</arg>
<arg>SV</arg>
<arg>SX</arg>
<arg>SY</arg>
<arg>SZ</arg>
<arg>TC</arg>
<arg>TD</arg>
<arg>TF</arg>
<arg>TG</arg>
<arg>TH</arg>
<arg>TJ</arg>
<arg>TK</arg>
<arg>TL</arg>
<arg>TM</arg>
<arg>TN</arg>
<arg>TO</arg>
<arg>TR</arg>
<arg>TT</arg>
<arg>TV</arg>
<arg>TW</arg>
<arg>TZ</arg>
<arg>UA</arg>
<arg>UG</arg>
<arg>UM</arg>
<arg>US</arg>
<arg>UY</arg>
<arg>UZ</arg>
<arg>VA</arg>
<arg>VC</arg>
<arg>VE</arg>
<arg>VG</arg>
<arg>VI</arg>
<arg>VN</arg>
<arg>VU</arg>
<arg>WF</arg>
<arg>WS</arg>
<arg>XK</arg>
<arg>YE</arg>
<arg>YT</arg>
<arg>ZA</arg>
<arg>ZM</arg>
<arg>ZW</arg>
<doc>Returns a list containing given items.</doc>
<status status="PASS" start="2024-06-21T16:17:49.518820" elapsed="0.000628"/>
</kw>
<kw name="List Should Contain Value" owner="Collections">
<arg>${list_country}</arg>
<arg>${name_country}</arg>
<doc>Fails if the ``value`` is not found from ``list``.</doc>
<status status="PASS" start="2024-06-21T16:17:49.520244" elapsed="0.000210"/>
</kw>
<kw name="Run Keyword If" owner="BuiltIn">
<kw name="Should Be True" owner="BuiltIn">
<arg>${True}</arg>
<doc>Fails if the given condition is not true.</doc>
<status status="PASS" start="2024-06-21T16:17:49.521432" elapsed="0.000142"/>
</kw>
<arg>${json_data["results"][0]["location"]["coordinates"]["latitude"]} &gt;= -90 and ${json_data["results"][0]["location"]["coordinates"]["latitude"]} &lt;= 90</arg>
<arg>Should Be True</arg>
<arg>${True}</arg>
<doc>Runs the given keyword with the given arguments, if ``condition`` is true.</doc>
<status status="PASS" start="2024-06-21T16:17:49.520694" elapsed="0.001013"/>
</kw>
<kw name="Run Keyword If" owner="BuiltIn">
<kw name="Should Be True" owner="BuiltIn">
<arg>${True}</arg>
<doc>Fails if the given condition is not true.</doc>
<status status="PASS" start="2024-06-21T16:17:49.522571" elapsed="0.000250"/>
</kw>
<arg>${json_data["results"][0]["location"]["coordinates"]["longitude"]} &gt;= -180 and ${json_data["results"][0]["location"]["coordinates"]["longitude"]} &lt;= 180</arg>
<arg>Should Be True</arg>
<arg>${True}</arg>
<doc>Runs the given keyword with the given arguments, if ``condition`` is true.</doc>
<status status="PASS" start="2024-06-21T16:17:49.521884" elapsed="0.001065"/>
</kw>
<status status="PASS" start="2024-06-21T16:17:49.426750" elapsed="0.096332"/>
</kw>
<doc>Testa o conteúdo específico dos campos retornados pela API.</doc>
<tag>testeConteudo</tag>
<status status="PASS" start="2024-06-21T16:17:49.426086" elapsed="0.097147"/>
</test>
<status status="PASS" start="2024-06-21T16:17:48.546332" elapsed="0.978902"/>
</suite>
<status status="PASS" start="2024-06-21T16:17:48.531143" elapsed="0.999192"/>
</suite>
<statistics>
<total>
<stat pass="5" fail="0" skip="0">All Tests</stat>
</total>
<tag>
<stat pass="1" fail="0" skip="0">testeConteudo</stat>
<stat pass="1" fail="0" skip="0">testeEstruturaResposta</stat>
<stat pass="1" fail="0" skip="0">testeRequisicaoBasica</stat>
<stat pass="1" fail="0" skip="0">testeTiposDados</stat>
</tag>
<suite>
<stat pass="5" fail="0" skip="0" id="s1" name="Tests">Tests</stat>
<stat pass="5" fail="0" skip="0" id="s1-s1" name="Random-User-Test">Tests.Random-User-Test</stat>
</suite>
</statistics>
<errors>
</errors>
</robot>
