<?xml version="1.0" encoding="UTF-8"?>
<robot generator="Robot 7.0 (Python 3.12.2 on linux)" generated="2024-04-01T09:15:12.773307" rpa="false" schemaversion="5">
<suite id="s1" name="Tests" source="/home/runner/work/DesafioQAItauRogerioJordao/DesafioQAItauRogerioJordao/RamdonUser/tests">
<suite id="s1-s1" name="Random-User-Test" source="/home/runner/work/DesafioQAItauRogerioJordao/DesafioQAItauRogerioJordao/RamdonUser/tests/random-user-test.robot">
<test id="s1-s1-t1" name="Conectar" line="13">
<kw name="Conectar API" owner="random-user-service">
<kw name="Create Session" owner="RequestsLibrary">
<msg time="2024-04-01T09:15:13.148125" level="INFO">Creating Session using : alias=consultarAPI, url=https://randomuser.me/, headers={},                     cookies={}, auth=None, timeout=None, proxies=None, verify=False,                     debug=0 </msg>
<arg>consultarAPI</arg>
<arg>${URL}</arg>
<doc>Create Session: create a HTTP session to a server</doc>
<status status="PASS" start="2024-04-01T09:15:13.147899" elapsed="0.000431"/>
</kw>
<status status="PASS" start="2024-04-01T09:15:13.146786" elapsed="0.001949"/>
</kw>
<status status="PASS" start="2024-04-01T09:15:13.146139" elapsed="0.002812"/>
</test>
<test id="s1-s1-t2" name="Validar retorno 200 e JSON Válido" line="16">
<kw name="Teste de Requisicao Basica" owner="random-user-service">
<kw name="GET On Session" owner="RequestsLibrary">
<msg time="2024-04-01T09:15:13.522012" level="INFO">GET Request : url=https://randomuser.me/api 
 path_url=/api 
 headers={'User-Agent': 'python-requests/2.31.0', 'Accept-Encoding': 'gzip, deflate', 'Accept': '*/*', 'Connection': 'keep-alive'} 
 body=None 
 </msg>
<msg time="2024-04-01T09:15:13.522183" level="INFO">GET Response : url=https://randomuser.me/api 
 status=200, reason=OK 
 headers={'Date': 'Mon, 01 Apr 2024 09:15:13 GMT', 'Content-Type': 'application/json; charset=utf-8', 'Transfer-Encoding': 'chunked', 'Connection': 'keep-alive', 'X-Powered-By': 'Express', 'Access-Control-Allow-Origin': '*', 'Cache-Control': 'no-cache', 'ETag': 'W/"480-QzhhHp6pCGsu21gI/f4wsLKBFZs"', 'Vary': 'Accept-Encoding', 'Content-Encoding': 'gzip', 'CF-Cache-Status': 'DYNAMIC', 'Report-To': '{"endpoints":[{"url":"https:\\/\\/a.nel.cloudflare.com\\/report\\/v4?s=c6zF0J%2FB0RREC25NW6k57oB9%2BUWXrqJmzK6E6T4LXjZPOqnswfWK1rcYR9AZuIZWWjc%2FfSZfmpUcGujuzVdkOgmeG6fTQ%2FBHQnkiN71zBjBMhcMB3KanN0xbKEUGUvPw"}],"group":"cf-nel","max_age":604800}', 'NEL': '{"success_fraction":0,"report_to":"cf-nel","max_age":604800}', 'Server': 'cloudflare', 'CF-RAY': '86d77930fccff96b-SJC', 'alt-svc': 'h3=":443"; ma=86400'} 
 body={"results":[{"gender":"male","name":{"title":"Mr","first":"Alfred","last":"Poulsen"},"location":{"street":{"number":4033,"name":"Kastrupvej"},"city":"København S","state":"Sjælland","country":"Denmark","postcode":30365,"coordinates":{"latitude":"-43.6858","longitude":"-131.4835"},"timezone":{"offset":"-8:00","description":"Pacific Time (US &amp; Canada)"}},"email":"alfred.poulsen@example.com","login":{"uuid":"1d2666c3-8ef8-4693-8d2c-f5c57f790c58","username":"blackrabbit982","password":"spawn","salt":"F48FyJot","md5":"ca309656a3ae07f407e022ad406df57c","sha1":"4a17c0a670c7ba760fbfc490bd50de227847d146","sha256":"7178eb4066e20ba63d4c1e27be6ac242a17a469502078d7907ce1078eff486c4"},"dob":{"date":"1963-09-27T12:56:08.329Z","age":60},"registered":{"date":"2017-05-09T01:12:01.268Z","age":6},"phone":"49450735","cell":"40431138","id":{"name":"CPR","value":"270963-1294"},"picture":{"large":"https://randomuser.me/api/portraits/men/36.jpg","medium":"https://randomuser.me/api/portraits/med/men/36.jpg","thumbnail":"https://randomuser.me/api/portraits/thumb/men/36.jpg"},"nat":"DK"}],"info":{"seed":"8d0c1a9aebcc1ef9","results":1,"page":1,"version":"1.4"}} 
 </msg>
<msg time="2024-04-01T09:15:13.522315" level="INFO">/opt/hostedtoolcache/Python/3.12.2/x64/lib/python3.12/site-packages/urllib3/connectionpool.py:1103: InsecureRequestWarning: Unverified HTTPS request is being made to host 'randomuser.me'. Adding certificate verification is strongly advised. See: https://urllib3.readthedocs.io/en/latest/advanced-usage.html#tls-warnings
  warnings.warn(</msg>
<msg time="2024-04-01T09:15:13.522474" level="INFO">${response} = &lt;Response [200]&gt;</msg>
<var>${response}</var>
<arg>consultarAPI</arg>
<arg>/api</arg>
<doc>Sends a GET request on a previously created HTTP Session.</doc>
<status status="PASS" start="2024-04-01T09:15:13.151645" elapsed="0.370876"/>
</kw>
<kw name="Should Be Equal As Numbers" owner="BuiltIn">
<msg time="2024-04-01T09:15:13.523587" level="INFO">Argument types are:
&lt;class 'int'&gt;
&lt;class 'str'&gt;</msg>
<arg>${response.status_code}</arg>
<arg>200</arg>
<doc>Fails if objects are unequal after converting them to real numbers.</doc>
<status status="PASS" start="2024-04-01T09:15:13.523119" elapsed="0.000533"/>
</kw>
<kw name="Log" owner="BuiltIn">
<msg time="2024-04-01T09:15:13.524322" level="INFO">200</msg>
<arg>${response.status_code}</arg>
<doc>Logs the given message with the given level.</doc>
<status status="PASS" start="2024-04-01T09:15:13.523968" elapsed="0.000397"/>
</kw>
<kw name="Set Variable" owner="BuiltIn">
<msg time="2024-04-01T09:15:13.525132" level="INFO">${json_data} = {'results': [{'gender': 'male', 'name': {'title': 'Mr', 'first': 'Alfred', 'last': 'Poulsen'}, 'location': {'street': {'number': 4033, 'name': 'Kastrupvej'}, 'city': 'København S', 'state': 'Sjælland'...</msg>
<var>${json_data}</var>
<arg>${response.json()}</arg>
<doc>Returns the given values which can then be assigned to a variables.</doc>
<status status="PASS" start="2024-04-01T09:15:13.524685" elapsed="0.000477"/>
</kw>
<kw name="Dictionary Should Contain Key" owner="Collections">
<msg time="2024-04-01T09:15:13.525625" level="INFO">False</msg>
<arg>${json_data}</arg>
<arg>results</arg>
<doc>Fails if ``key`` is not found from ``dictionary``.</doc>
<status status="PASS" start="2024-04-01T09:15:13.525459" elapsed="0.000204"/>
</kw>
<status status="PASS" start="2024-04-01T09:15:13.151374" elapsed="0.374544"/>
</kw>
<doc>Testa se a API responde corretamente e retorna um objeto JSON válido.</doc>
<tag>testeRequisicaoBasica</tag>
<status status="PASS" start="2024-04-01T09:15:13.150868" elapsed="0.375238"/>
</test>
<test id="s1-s1-t3" name="Validar estrutura de resposta" line="22">
<kw name="Teste de Estrutura de Resposta" owner="random-user-service">
<kw name="GET On Session" owner="RequestsLibrary">
<msg time="2024-04-01T09:15:13.615523" level="INFO">GET Request : url=https://randomuser.me/api 
 path_url=/api 
 headers={'User-Agent': 'python-requests/2.31.0', 'Accept-Encoding': 'gzip, deflate', 'Accept': '*/*', 'Connection': 'keep-alive'} 
 body=None 
 </msg>
<msg time="2024-04-01T09:15:13.615626" level="INFO">GET Response : url=https://randomuser.me/api 
 status=200, reason=OK 
 headers={'Date': 'Mon, 01 Apr 2024 09:15:13 GMT', 'Content-Type': 'application/json; charset=utf-8', 'Transfer-Encoding': 'chunked', 'Connection': 'keep-alive', 'X-Powered-By': 'Express', 'Access-Control-Allow-Origin': '*', 'Cache-Control': 'no-cache', 'ETag': 'W/"4a7-PgDaG2aVvp8gTw3d4osapaswPS0"', 'Vary': 'Accept-Encoding', 'Content-Encoding': 'gzip', 'CF-Cache-Status': 'DYNAMIC', 'Report-To': '{"endpoints":[{"url":"https:\\/\\/a.nel.cloudflare.com\\/report\\/v4?s=nHAQt1I%2BnJLzFjyJPx3js0Ke2HVC0SpP6CjEGv8VAfZYsvY2HghXNZnfhxP3kh4PqhsbT7Nle6FnMLa%2FyF3EYfnUcvLUzvTplybeBq4beDnmHbYhnIweEuYNLQ8wj5tl"}],"group":"cf-nel","max_age":604800}', 'NEL': '{"success_fraction":0,"report_to":"cf-nel","max_age":604800}', 'Server': 'cloudflare', 'CF-RAY': '86d779319d55f96b-SJC', 'alt-svc': 'h3=":443"; ma=86400'} 
 body={"results":[{"gender":"male","name":{"title":"Mr","first":"Niilo","last":"Tuomala"},"location":{"street":{"number":7373,"name":"Pyynikintie"},"city":"Lappajärvi","state":"Northern Ostrobothnia","country":"Finland","postcode":53536,"coordinates":{"latitude":"-25.6748","longitude":"-169.7412"},"timezone":{"offset":"-6:00","description":"Central Time (US &amp; Canada), Mexico City"}},"email":"niilo.tuomala@example.com","login":{"uuid":"9e3ba667-d9d7-4d0c-b824-3a1cf3d2cbd6","username":"blackfish290","password":"lifehack","salt":"1K3C2bVR","md5":"40eb2373567e1d564d67c51d7f9ec8f2","sha1":"d5ef3bad66389dfa8f94081bf3f64971f000bb43","sha256":"ebb6cdfe9937b3d8ab42f8fc8a06d498d4fd68939f08a36b818ebb06ab4faf15"},"dob":{"date":"1981-11-04T07:34:05.456Z","age":42},"registered":{"date":"2003-10-25T21:51:36.522Z","age":20},"phone":"09-181-778","cell":"043-303-64-45","id":{"name":"HETU","value":"NaNNA463undefined"},"picture":{"large":"https://randomuser.me/api/portraits/men/77.jpg","medium":"https://randomuser.me/api/portraits/med/men/77.jpg","thumbnail":"https://randomuser.me/api/portraits/thumb/men/77.jpg"},"nat":"FI"}],"info":{"seed":"d5c1c7ee6d41bf01","results":1,"page":1,"version":"1.4"}} 
 </msg>
<msg time="2024-04-01T09:15:13.615773" level="INFO">/opt/hostedtoolcache/Python/3.12.2/x64/lib/python3.12/site-packages/urllib3/connectionpool.py:1103: InsecureRequestWarning: Unverified HTTPS request is being made to host 'randomuser.me'. Adding certificate verification is strongly advised. See: https://urllib3.readthedocs.io/en/latest/advanced-usage.html#tls-warnings
  warnings.warn(</msg>
<msg time="2024-04-01T09:15:13.615906" level="INFO">${response} = &lt;Response [200]&gt;</msg>
<var>${response}</var>
<arg>consultarAPI</arg>
<arg>/api</arg>
<doc>Sends a GET request on a previously created HTTP Session.</doc>
<status status="PASS" start="2024-04-01T09:15:13.528851" elapsed="0.087095"/>
</kw>
<kw name="Set Variable" owner="BuiltIn">
<msg time="2024-04-01T09:15:13.617186" level="INFO">${json_data} = {'results': [{'gender': 'male', 'name': {'title': 'Mr', 'first': 'Niilo', 'last': 'Tuomala'}, 'location': {'street': {'number': 7373, 'name': 'Pyynikintie'}, 'city': 'Lappajärvi', 'state': 'Northern O...</msg>
<var>${json_data}</var>
<arg>${response.json()}</arg>
<doc>Returns the given values which can then be assigned to a variables.</doc>
<status status="PASS" start="2024-04-01T09:15:13.616606" elapsed="0.000609"/>
</kw>
<kw name="Log" owner="BuiltIn">
<msg time="2024-04-01T09:15:13.617699" level="INFO">{'results': [{'gender': 'male', 'name': {'title': 'Mr', 'first': 'Niilo', 'last': 'Tuomala'}, 'location': {'street': {'number': 7373, 'name': 'Pyynikintie'}, 'city': 'Lappajärvi', 'state': 'Northern Ostrobothnia', 'country': 'Finland', 'postcode': 53536, 'coordinates': {'latitude': '-25.6748', 'longitude': '-169.7412'}, 'timezone': {'offset': '-6:00', 'description': 'Central Time (US &amp; Canada), Mexico City'}}, 'email': 'niilo.tuomala@example.com', 'login': {'uuid': '9e3ba667-d9d7-4d0c-b824-3a1cf3d2cbd6', 'username': 'blackfish290', 'password': 'lifehack', 'salt': '1K3C2bVR', 'md5': '40eb2373567e1d564d67c51d7f9ec8f2', 'sha1': 'd5ef3bad66389dfa8f94081bf3f64971f000bb43', 'sha256': 'ebb6cdfe9937b3d8ab42f8fc8a06d498d4fd68939f08a36b818ebb06ab4faf15'}, 'dob': {'date': '1981-11-04T07:34:05.456Z', 'age': 42}, 'registered': {'date': '2003-10-25T21:51:36.522Z', 'age': 20}, 'phone': '09-181-778', 'cell': '043-303-64-45', 'id': {'name': 'HETU', 'value': 'NaNNA463undefined'}, 'picture': {'large': 'https://randomuser.me/api/portraits/men/77.jpg', 'medium': 'https://randomuser.me/api/portraits/med/men/77.jpg', 'thumbnail': 'https://randomuser.me/api/portraits/thumb/men/77.jpg'}, 'nat': 'FI'}], 'info': {'seed': 'd5c1c7ee6d41bf01', 'results': 1, 'page': 1, 'version': '1.4'}}</msg>
<arg>${json_data}</arg>
<doc>Logs the given message with the given level.</doc>
<status status="PASS" start="2024-04-01T09:15:13.617534" elapsed="0.000216"/>
</kw>
<kw name="Dictionary Should Contain Key" owner="Collections">
<msg time="2024-04-01T09:15:13.618209" level="INFO">False</msg>
<arg>${json_data}</arg>
<arg>results</arg>
<doc>Fails if ``key`` is not found from ``dictionary``.</doc>
<status status="PASS" start="2024-04-01T09:15:13.618047" elapsed="0.000200"/>
</kw>
<kw name="Should Not Be Empty" owner="BuiltIn">
<msg time="2024-04-01T09:15:13.618720" level="INFO">Length is 2.</msg>
<arg>${json_data}</arg>
<doc>Verifies that the given item is not empty.</doc>
<status status="PASS" start="2024-04-01T09:15:13.618540" elapsed="0.000219"/>
</kw>
<kw name="Create List" owner="BuiltIn">
<msg time="2024-04-01T09:15:13.619205" level="INFO">${expected_keys} = ['gender', 'name', 'location', 'email', 'login']</msg>
<var>${expected_keys}</var>
<arg>gender</arg>
<arg>name</arg>
<arg>location</arg>
<arg>email</arg>
<arg>login</arg>
<doc>Returns a list containing given items.</doc>
<status status="PASS" start="2024-04-01T09:15:13.619053" elapsed="0.000177"/>
</kw>
<for flavor="IN">
<iter>
<kw name="Dictionary Should Contain Key" owner="Collections">
<msg time="2024-04-01T09:15:13.620232" level="INFO">False</msg>
<arg>${json_data['results'][0]}</arg>
<arg>${key}</arg>
<doc>Fails if ``key`` is not found from ``dictionary``.</doc>
<status status="PASS" start="2024-04-01T09:15:13.619822" elapsed="0.000450"/>
</kw>
<kw name="Log" owner="BuiltIn">
<msg time="2024-04-01T09:15:13.620948" level="INFO">{'gender': 'male', 'name': {'title': 'Mr', 'first': 'Niilo', 'last': 'Tuomala'}, 'location': {'street': {'number': 7373, 'name': 'Pyynikintie'}, 'city': 'Lappajärvi', 'state': 'Northern Ostrobothnia', 'country': 'Finland', 'postcode': 53536, 'coordinates': {'latitude': '-25.6748', 'longitude': '-169.7412'}, 'timezone': {'offset': '-6:00', 'description': 'Central Time (US &amp; Canada), Mexico City'}}, 'email': 'niilo.tuomala@example.com', 'login': {'uuid': '9e3ba667-d9d7-4d0c-b824-3a1cf3d2cbd6', 'username': 'blackfish290', 'password': 'lifehack', 'salt': '1K3C2bVR', 'md5': '40eb2373567e1d564d67c51d7f9ec8f2', 'sha1': 'd5ef3bad66389dfa8f94081bf3f64971f000bb43', 'sha256': 'ebb6cdfe9937b3d8ab42f8fc8a06d498d4fd68939f08a36b818ebb06ab4faf15'}, 'dob': {'date': '1981-11-04T07:34:05.456Z', 'age': 42}, 'registered': {'date': '2003-10-25T21:51:36.522Z', 'age': 20}, 'phone': '09-181-778', 'cell': '043-303-64-45', 'id': {'name': 'HETU', 'value': 'NaNNA463undefined'}, 'picture': {'large': 'https://randomuser.me/api/portraits/men/77.jpg', 'medium': 'https://randomuser.me/api/portraits/med/men/77.jpg', 'thumbnail': 'https://randomuser.me/api/portraits/thumb/men/77.jpg'}, 'nat': 'FI'}</msg>
<arg>${json_data['results'][0]}</arg>
<doc>Logs the given message with the given level.</doc>
<status status="PASS" start="2024-04-01T09:15:13.620577" elapsed="0.000428"/>
</kw>
<kw name="Log" owner="BuiltIn">
<msg time="2024-04-01T09:15:13.621435" level="INFO">gender</msg>
<arg>${key}</arg>
<doc>Logs the given message with the given level.</doc>
<status status="PASS" start="2024-04-01T09:15:13.621305" elapsed="0.000167"/>
</kw>
<var name="${key}">gender</var>
<status status="PASS" start="2024-04-01T09:15:13.619698" elapsed="0.002002"/>
</iter>
<iter>
<kw name="Dictionary Should Contain Key" owner="Collections">
<msg time="2024-04-01T09:15:13.622392" level="INFO">False</msg>
<arg>${json_data['results'][0]}</arg>
<arg>${key}</arg>
<doc>Fails if ``key`` is not found from ``dictionary``.</doc>
<status status="PASS" start="2024-04-01T09:15:13.622008" elapsed="0.000457"/>
</kw>
<kw name="Log" owner="BuiltIn">
<msg time="2024-04-01T09:15:13.623153" level="INFO">{'gender': 'male', 'name': {'title': 'Mr', 'first': 'Niilo', 'last': 'Tuomala'}, 'location': {'street': {'number': 7373, 'name': 'Pyynikintie'}, 'city': 'Lappajärvi', 'state': 'Northern Ostrobothnia', 'country': 'Finland', 'postcode': 53536, 'coordinates': {'latitude': '-25.6748', 'longitude': '-169.7412'}, 'timezone': {'offset': '-6:00', 'description': 'Central Time (US &amp; Canada), Mexico City'}}, 'email': 'niilo.tuomala@example.com', 'login': {'uuid': '9e3ba667-d9d7-4d0c-b824-3a1cf3d2cbd6', 'username': 'blackfish290', 'password': 'lifehack', 'salt': '1K3C2bVR', 'md5': '40eb2373567e1d564d67c51d7f9ec8f2', 'sha1': 'd5ef3bad66389dfa8f94081bf3f64971f000bb43', 'sha256': 'ebb6cdfe9937b3d8ab42f8fc8a06d498d4fd68939f08a36b818ebb06ab4faf15'}, 'dob': {'date': '1981-11-04T07:34:05.456Z', 'age': 42}, 'registered': {'date': '2003-10-25T21:51:36.522Z', 'age': 20}, 'phone': '09-181-778', 'cell': '043-303-64-45', 'id': {'name': 'HETU', 'value': 'NaNNA463undefined'}, 'picture': {'large': 'https://randomuser.me/api/portraits/men/77.jpg', 'medium': 'https://randomuser.me/api/portraits/med/men/77.jpg', 'thumbnail': 'https://randomuser.me/api/portraits/thumb/men/77.jpg'}, 'nat': 'FI'}</msg>
<arg>${json_data['results'][0]}</arg>
<doc>Logs the given message with the given level.</doc>
<status status="PASS" start="2024-04-01T09:15:13.622793" elapsed="0.000410"/>
</kw>
<kw name="Log" owner="BuiltIn">
<msg time="2024-04-01T09:15:13.623629" level="INFO">name</msg>
<arg>${key}</arg>
<doc>Logs the given message with the given level.</doc>
<status status="PASS" start="2024-04-01T09:15:13.623502" elapsed="0.000166"/>
</kw>
<var name="${key}">name</var>
<status status="PASS" start="2024-04-01T09:15:13.621893" elapsed="0.001995"/>
</iter>
<iter>
<kw name="Dictionary Should Contain Key" owner="Collections">
<msg time="2024-04-01T09:15:13.624549" level="INFO">False</msg>
<arg>${json_data['results'][0]}</arg>
<arg>${key}</arg>
<doc>Fails if ``key`` is not found from ``dictionary``.</doc>
<status status="PASS" start="2024-04-01T09:15:13.624176" elapsed="0.000410"/>
</kw>
<kw name="Log" owner="BuiltIn">
<msg time="2024-04-01T09:15:13.625249" level="INFO">{'gender': 'male', 'name': {'title': 'Mr', 'first': 'Niilo', 'last': 'Tuomala'}, 'location': {'street': {'number': 7373, 'name': 'Pyynikintie'}, 'city': 'Lappajärvi', 'state': 'Northern Ostrobothnia', 'country': 'Finland', 'postcode': 53536, 'coordinates': {'latitude': '-25.6748', 'longitude': '-169.7412'}, 'timezone': {'offset': '-6:00', 'description': 'Central Time (US &amp; Canada), Mexico City'}}, 'email': 'niilo.tuomala@example.com', 'login': {'uuid': '9e3ba667-d9d7-4d0c-b824-3a1cf3d2cbd6', 'username': 'blackfish290', 'password': 'lifehack', 'salt': '1K3C2bVR', 'md5': '40eb2373567e1d564d67c51d7f9ec8f2', 'sha1': 'd5ef3bad66389dfa8f94081bf3f64971f000bb43', 'sha256': 'ebb6cdfe9937b3d8ab42f8fc8a06d498d4fd68939f08a36b818ebb06ab4faf15'}, 'dob': {'date': '1981-11-04T07:34:05.456Z', 'age': 42}, 'registered': {'date': '2003-10-25T21:51:36.522Z', 'age': 20}, 'phone': '09-181-778', 'cell': '043-303-64-45', 'id': {'name': 'HETU', 'value': 'NaNNA463undefined'}, 'picture': {'large': 'https://randomuser.me/api/portraits/men/77.jpg', 'medium': 'https://randomuser.me/api/portraits/med/men/77.jpg', 'thumbnail': 'https://randomuser.me/api/portraits/thumb/men/77.jpg'}, 'nat': 'FI'}</msg>
<arg>${json_data['results'][0]}</arg>
<doc>Logs the given message with the given level.</doc>
<status status="PASS" start="2024-04-01T09:15:13.624881" elapsed="0.000423"/>
</kw>
<kw name="Log" owner="BuiltIn">
<msg time="2024-04-01T09:15:13.625723" level="INFO">location</msg>
<arg>${key}</arg>
<doc>Logs the given message with the given level.</doc>
<status status="PASS" start="2024-04-01T09:15:13.625596" elapsed="0.000165"/>
</kw>
<var name="${key}">location</var>
<status status="PASS" start="2024-04-01T09:15:13.624066" elapsed="0.001908"/>
</iter>
<iter>
<kw name="Dictionary Should Contain Key" owner="Collections">
<msg time="2024-04-01T09:15:13.626683" level="INFO">False</msg>
<arg>${json_data['results'][0]}</arg>
<arg>${key}</arg>
<doc>Fails if ``key`` is not found from ``dictionary``.</doc>
<status status="PASS" start="2024-04-01T09:15:13.626259" elapsed="0.000465"/>
</kw>
<kw name="Log" owner="BuiltIn">
<msg time="2024-04-01T09:15:13.627405" level="INFO">{'gender': 'male', 'name': {'title': 'Mr', 'first': 'Niilo', 'last': 'Tuomala'}, 'location': {'street': {'number': 7373, 'name': 'Pyynikintie'}, 'city': 'Lappajärvi', 'state': 'Northern Ostrobothnia', 'country': 'Finland', 'postcode': 53536, 'coordinates': {'latitude': '-25.6748', 'longitude': '-169.7412'}, 'timezone': {'offset': '-6:00', 'description': 'Central Time (US &amp; Canada), Mexico City'}}, 'email': 'niilo.tuomala@example.com', 'login': {'uuid': '9e3ba667-d9d7-4d0c-b824-3a1cf3d2cbd6', 'username': 'blackfish290', 'password': 'lifehack', 'salt': '1K3C2bVR', 'md5': '40eb2373567e1d564d67c51d7f9ec8f2', 'sha1': 'd5ef3bad66389dfa8f94081bf3f64971f000bb43', 'sha256': 'ebb6cdfe9937b3d8ab42f8fc8a06d498d4fd68939f08a36b818ebb06ab4faf15'}, 'dob': {'date': '1981-11-04T07:34:05.456Z', 'age': 42}, 'registered': {'date': '2003-10-25T21:51:36.522Z', 'age': 20}, 'phone': '09-181-778', 'cell': '043-303-64-45', 'id': {'name': 'HETU', 'value': 'NaNNA463undefined'}, 'picture': {'large': 'https://randomuser.me/api/portraits/men/77.jpg', 'medium': 'https://randomuser.me/api/portraits/med/men/77.jpg', 'thumbnail': 'https://randomuser.me/api/portraits/thumb/men/77.jpg'}, 'nat': 'FI'}</msg>
<arg>${json_data['results'][0]}</arg>
<doc>Logs the given message with the given level.</doc>
<status status="PASS" start="2024-04-01T09:15:13.627040" elapsed="0.000416"/>
</kw>
<kw name="Log" owner="BuiltIn">
<msg time="2024-04-01T09:15:13.627905" level="INFO">email</msg>
<arg>${key}</arg>
<doc>Logs the given message with the given level.</doc>
<status status="PASS" start="2024-04-01T09:15:13.627777" elapsed="0.000166"/>
</kw>
<var name="${key}">email</var>
<status status="PASS" start="2024-04-01T09:15:13.626150" elapsed="0.002009"/>
</iter>
<iter>
<kw name="Dictionary Should Contain Key" owner="Collections">
<msg time="2024-04-01T09:15:13.628822" level="INFO">False</msg>
<arg>${json_data['results'][0]}</arg>
<arg>${key}</arg>
<doc>Fails if ``key`` is not found from ``dictionary``.</doc>
<status status="PASS" start="2024-04-01T09:15:13.628442" elapsed="0.000417"/>
</kw>
<kw name="Log" owner="BuiltIn">
<msg time="2024-04-01T09:15:13.629520" level="INFO">{'gender': 'male', 'name': {'title': 'Mr', 'first': 'Niilo', 'last': 'Tuomala'}, 'location': {'street': {'number': 7373, 'name': 'Pyynikintie'}, 'city': 'Lappajärvi', 'state': 'Northern Ostrobothnia', 'country': 'Finland', 'postcode': 53536, 'coordinates': {'latitude': '-25.6748', 'longitude': '-169.7412'}, 'timezone': {'offset': '-6:00', 'description': 'Central Time (US &amp; Canada), Mexico City'}}, 'email': 'niilo.tuomala@example.com', 'login': {'uuid': '9e3ba667-d9d7-4d0c-b824-3a1cf3d2cbd6', 'username': 'blackfish290', 'password': 'lifehack', 'salt': '1K3C2bVR', 'md5': '40eb2373567e1d564d67c51d7f9ec8f2', 'sha1': 'd5ef3bad66389dfa8f94081bf3f64971f000bb43', 'sha256': 'ebb6cdfe9937b3d8ab42f8fc8a06d498d4fd68939f08a36b818ebb06ab4faf15'}, 'dob': {'date': '1981-11-04T07:34:05.456Z', 'age': 42}, 'registered': {'date': '2003-10-25T21:51:36.522Z', 'age': 20}, 'phone': '09-181-778', 'cell': '043-303-64-45', 'id': {'name': 'HETU', 'value': 'NaNNA463undefined'}, 'picture': {'large': 'https://randomuser.me/api/portraits/men/77.jpg', 'medium': 'https://randomuser.me/api/portraits/med/men/77.jpg', 'thumbnail': 'https://randomuser.me/api/portraits/thumb/men/77.jpg'}, 'nat': 'FI'}</msg>
<arg>${json_data['results'][0]}</arg>
<doc>Logs the given message with the given level.</doc>
<status status="PASS" start="2024-04-01T09:15:13.629151" elapsed="0.000419"/>
</kw>
<kw name="Log" owner="BuiltIn">
<msg time="2024-04-01T09:15:13.629988" level="INFO">login</msg>
<arg>${key}</arg>
<doc>Logs the given message with the given level.</doc>
<status status="PASS" start="2024-04-01T09:15:13.629861" elapsed="0.000304"/>
</kw>
<var name="${key}">login</var>
<status status="PASS" start="2024-04-01T09:15:13.628330" elapsed="0.002060"/>
</iter>
<var>${key}</var>
<value>@{expected_keys}</value>
<status status="PASS" start="2024-04-01T09:15:13.619499" elapsed="0.011013"/>
</for>
<kw name="Create List" owner="BuiltIn">
<msg time="2024-04-01T09:15:13.630875" level="INFO">${expected_keysTwo} = ['username', 'password']</msg>
<var>${expected_keysTwo}</var>
<arg>username</arg>
<arg>password</arg>
<doc>Returns a list containing given items.</doc>
<status status="PASS" start="2024-04-01T09:15:13.630737" elapsed="0.000162"/>
</kw>
<for flavor="IN">
<iter>
<kw name="Dictionary Should Contain Key" owner="Collections">
<msg time="2024-04-01T09:15:13.631783" level="INFO">False</msg>
<arg>${json_data['results'][0]['login']}</arg>
<arg>${keyTwo}</arg>
<doc>Fails if ``key`` is not found from ``dictionary``.</doc>
<status status="PASS" start="2024-04-01T09:15:13.631403" elapsed="0.000416"/>
</kw>
<kw name="Dictionary Should Contain Key" owner="Collections">
<msg time="2024-04-01T09:15:13.632509" level="INFO">False</msg>
<arg>${json_data['results'][0]['login']}</arg>
<arg>${keyTwo}</arg>
<doc>Fails if ``key`` is not found from ``dictionary``.</doc>
<status status="PASS" start="2024-04-01T09:15:13.632130" elapsed="0.000416"/>
</kw>
<kw name="Log" owner="BuiltIn">
<msg time="2024-04-01T09:15:13.632966" level="INFO">username</msg>
<arg>${keyTwo}</arg>
<doc>Logs the given message with the given level.</doc>
<status status="PASS" start="2024-04-01T09:15:13.632837" elapsed="0.000165"/>
</kw>
<var name="${keyTwo}">username</var>
<status status="PASS" start="2024-04-01T09:15:13.631293" elapsed="0.001923"/>
</iter>
<iter>
<kw name="Dictionary Should Contain Key" owner="Collections">
<msg time="2024-04-01T09:15:13.633877" level="INFO">False</msg>
<arg>${json_data['results'][0]['login']}</arg>
<arg>${keyTwo}</arg>
<doc>Fails if ``key`` is not found from ``dictionary``.</doc>
<status status="PASS" start="2024-04-01T09:15:13.633499" elapsed="0.000415"/>
</kw>
<kw name="Dictionary Should Contain Key" owner="Collections">
<msg time="2024-04-01T09:15:13.634610" level="INFO">False</msg>
<arg>${json_data['results'][0]['login']}</arg>
<arg>${keyTwo}</arg>
<doc>Fails if ``key`` is not found from ``dictionary``.</doc>
<status status="PASS" start="2024-04-01T09:15:13.634204" elapsed="0.000446"/>
</kw>
<kw name="Log" owner="BuiltIn">
<msg time="2024-04-01T09:15:13.635072" level="INFO">password</msg>
<arg>${keyTwo}</arg>
<doc>Logs the given message with the given level.</doc>
<status status="PASS" start="2024-04-01T09:15:13.634944" elapsed="0.000166"/>
</kw>
<var name="${keyTwo}">password</var>
<status status="PASS" start="2024-04-01T09:15:13.633390" elapsed="0.001934"/>
</iter>
<var>${keyTwo}</var>
<value>@{expected_keysTwo}</value>
<status status="PASS" start="2024-04-01T09:15:13.631138" elapsed="0.004308"/>
</for>
<status status="PASS" start="2024-04-01T09:15:13.528614" elapsed="0.106978"/>
</kw>
<doc>Testa a estrutura da resposta da API.</doc>
<tag>testeEstruturaResposta</tag>
<status status="PASS" start="2024-04-01T09:15:13.527959" elapsed="0.107802"/>
</test>
<test id="s1-s1-t4" name="Validar tipos de dados" line="28">
<kw name="Teste de Tipos de Dados" owner="random-user-service">
<kw name="GET On Session" owner="RequestsLibrary">
<msg time="2024-04-01T09:15:13.727884" level="INFO">GET Request : url=https://randomuser.me/api 
 path_url=/api 
 headers={'User-Agent': 'python-requests/2.31.0', 'Accept-Encoding': 'gzip, deflate', 'Accept': '*/*', 'Connection': 'keep-alive'} 
 body=None 
 </msg>
<msg time="2024-04-01T09:15:13.727996" level="INFO">GET Response : url=https://randomuser.me/api 
 status=200, reason=OK 
 headers={'Date': 'Mon, 01 Apr 2024 09:15:13 GMT', 'Content-Type': 'application/json; charset=utf-8', 'Transfer-Encoding': 'chunked', 'Connection': 'keep-alive', 'X-Powered-By': 'Express', 'Access-Control-Allow-Origin': '*', 'Cache-Control': 'no-cache', 'ETag': 'W/"48e-WPmWRBKwrhCQ9j8+EEsvrEfJ5B0"', 'Vary': 'Accept-Encoding', 'Content-Encoding': 'gzip', 'CF-Cache-Status': 'DYNAMIC', 'Report-To': '{"endpoints":[{"url":"https:\\/\\/a.nel.cloudflare.com\\/report\\/v4?s=4oHpuhBrKXavfNKSr2Wtp9OJc6FFeSM%2F6umLaCKGZuMCSDTxgWrma7DQezEhvNBXYh6zq3pvoQIbW6xv1It%2FbVhO1Bx0rBJa2IST%2FgK2swSTwXIge7hLZ6A9YeNzwPVR"}],"group":"cf-nel","max_age":604800}', 'NEL': '{"success_fraction":0,"report_to":"cf-nel","max_age":604800}', 'Server': 'cloudflare', 'CF-RAY': '86d779324e13f96b-SJC', 'alt-svc': 'h3=":443"; ma=86400'} 
 body={"results":[{"gender":"male","name":{"title":"Mr","first":"Claudio","last":"Dippel"},"location":{"street":{"number":5664,"name":"Burgstraße"},"city":"Mengen","state":"Bremen","country":"Germany","postcode":39877,"coordinates":{"latitude":"-50.9065","longitude":"-14.8137"},"timezone":{"offset":"+8:00","description":"Beijing, Perth, Singapore, Hong Kong"}},"email":"claudio.dippel@example.com","login":{"uuid":"22d93845-6477-4fbc-b534-64254306a0ae","username":"brownfish480","password":"expert","salt":"ysDB9RX8","md5":"444822450a816db1dcc73585d6261d0f","sha1":"12af61d4900d39601f6f8abb6bf5856f5ec037f6","sha256":"5a3a5c40cc6bce6f7959c19f257c03cab9b361ba1343f88e77bf0bcaada59e60"},"dob":{"date":"1959-01-15T00:08:20.929Z","age":65},"registered":{"date":"2005-10-27T11:00:51.722Z","age":18},"phone":"0220-3606811","cell":"0170-4225549","id":{"name":"SVNR","value":"58 140159 D 162"},"picture":{"large":"https://randomuser.me/api/portraits/men/37.jpg","medium":"https://randomuser.me/api/portraits/med/men/37.jpg","thumbnail":"https://randomuser.me/api/portraits/thumb/men/37.jpg"},"nat":"DE"}],"info":{"seed":"36a1f3f07e9addfc","results":1,"page":1,"version":"1.4"}} 
 </msg>
<msg time="2024-04-01T09:15:13.728078" level="INFO">/opt/hostedtoolcache/Python/3.12.2/x64/lib/python3.12/site-packages/urllib3/connectionpool.py:1103: InsecureRequestWarning: Unverified HTTPS request is being made to host 'randomuser.me'. Adding certificate verification is strongly advised. See: https://urllib3.readthedocs.io/en/latest/advanced-usage.html#tls-warnings
  warnings.warn(</msg>
<msg time="2024-04-01T09:15:13.728242" level="INFO">${response} = &lt;Response [200]&gt;</msg>
<var>${response}</var>
<arg>consultarAPI</arg>
<arg>/api</arg>
<doc>Sends a GET request on a previously created HTTP Session.</doc>
<status status="PASS" start="2024-04-01T09:15:13.638361" elapsed="0.089929"/>
</kw>
<kw name="Set Variable" owner="BuiltIn">
<msg time="2024-04-01T09:15:13.729505" level="INFO">${json_data} = {'results': [{'gender': 'male', 'name': {'title': 'Mr', 'first': 'Claudio', 'last': 'Dippel'}, 'location': {'street': {'number': 5664, 'name': 'Burgstraße'}, 'city': 'Mengen', 'state': 'Bremen', 'coun...</msg>
<var>${json_data}</var>
<arg>${response.json()}</arg>
<doc>Returns the given values which can then be assigned to a variables.</doc>
<status status="PASS" start="2024-04-01T09:15:13.728931" elapsed="0.000605"/>
</kw>
<kw name="Log" owner="BuiltIn">
<msg time="2024-04-01T09:15:13.730121" level="INFO">{'results': [{'gender': 'male', 'name': {'title': 'Mr', 'first': 'Claudio', 'last': 'Dippel'}, 'location': {'street': {'number': 5664, 'name': 'Burgstraße'}, 'city': 'Mengen', 'state': 'Bremen', 'country': 'Germany', 'postcode': 39877, 'coordinates': {'latitude': '-50.9065', 'longitude': '-14.8137'}, 'timezone': {'offset': '+8:00', 'description': 'Beijing, Perth, Singapore, Hong Kong'}}, 'email': 'claudio.dippel@example.com', 'login': {'uuid': '22d93845-6477-4fbc-b534-64254306a0ae', 'username': 'brownfish480', 'password': 'expert', 'salt': 'ysDB9RX8', 'md5': '444822450a816db1dcc73585d6261d0f', 'sha1': '12af61d4900d39601f6f8abb6bf5856f5ec037f6', 'sha256': '5a3a5c40cc6bce6f7959c19f257c03cab9b361ba1343f88e77bf0bcaada59e60'}, 'dob': {'date': '1959-01-15T00:08:20.929Z', 'age': 65}, 'registered': {'date': '2005-10-27T11:00:51.722Z', 'age': 18}, 'phone': '0220-3606811', 'cell': '0170-4225549', 'id': {'name': 'SVNR', 'value': '58 140159 D 162'}, 'picture': {'large': 'https://randomuser.me/api/portraits/men/37.jpg', 'medium': 'https://randomuser.me/api/portraits/med/men/37.jpg', 'thumbnail': 'https://randomuser.me/api/portraits/thumb/men/37.jpg'}, 'nat': 'DE'}], 'info': {'seed': '36a1f3f07e9addfc', 'results': 1, 'page': 1, 'version': '1.4'}}</msg>
<arg>${json_data}</arg>
<doc>Logs the given message with the given level.</doc>
<status status="PASS" start="2024-04-01T09:15:13.729934" elapsed="0.000284"/>
</kw>
<kw name="Should Be String" owner="String">
<arg>${json_data['results'][0]['gender']}</arg>
<doc>Fails if the given ``item`` is not a string.</doc>
<status status="PASS" start="2024-04-01T09:15:13.730589" elapsed="0.000421"/>
</kw>
<kw name="Should Match Regexp" owner="BuiltIn">
<arg>${json_data['results'][0]['email']}</arg>
<arg>^[a-zA-Z0-9._%+-]+@[a-zA-Z0-9.-]+\.[a-zA-Z]{2,}$</arg>
<doc>Fails if ``string`` does not match ``pattern`` as a regular expression.</doc>
<status status="PASS" start="2024-04-01T09:15:13.731221" elapsed="0.000551"/>
</kw>
<kw name="Should Match Regexp" owner="BuiltIn">
<arg>${json_data['results'][0]['dob']['date']}</arg>
<arg>\\d{4}-\\d{2}-\\d{2}T\\d{2}:\\d{2}:\\d{2}\\.\\d{3}Z</arg>
<doc>Fails if ``string`` does not match ``pattern`` as a regular expression.</doc>
<status status="PASS" start="2024-04-01T09:15:13.731976" elapsed="0.000512"/>
</kw>
<kw name="Should Match Regexp" owner="BuiltIn">
<arg>${json_data['results'][0]['registered']['date']}</arg>
<arg>\\d{4}-\\d{2}-\\d{2}T\\d{2}:\\d{2}:\\d{2}\\.\\d{3}Z</arg>
<doc>Fails if ``string`` does not match ``pattern`` as a regular expression.</doc>
<status status="PASS" start="2024-04-01T09:15:13.732687" elapsed="0.000375"/>
</kw>
<kw name="Should Match Regexp" owner="BuiltIn">
<arg>${json_data['results'][0]['picture']['large']}</arg>
<arg>^https?://.*\.(?:png|jpe?g|gif|bmp)$</arg>
<doc>Fails if ``string`` does not match ``pattern`` as a regular expression.</doc>
<status status="PASS" start="2024-04-01T09:15:13.733252" elapsed="0.000474"/>
</kw>
<kw name="Should Match Regexp" owner="BuiltIn">
<arg>${json_data['results'][0]['picture']['medium']}</arg>
<arg>^https?://.*\.(?:png|jpe?g|gif|bmp)$</arg>
<doc>Fails if ``string`` does not match ``pattern`` as a regular expression.</doc>
<status status="PASS" start="2024-04-01T09:15:13.733917" elapsed="0.000368"/>
</kw>
<kw name="Should Match Regexp" owner="BuiltIn">
<arg>${json_data['results'][0]['picture']['thumbnail']}</arg>
<arg>^https?://.*\.(?:png|jpe?g|gif|bmp)$</arg>
<doc>Fails if ``string`` does not match ``pattern`` as a regular expression.</doc>
<status status="PASS" start="2024-04-01T09:15:13.734472" elapsed="0.000399"/>
</kw>
<kw name="Log" owner="BuiltIn">
<msg time="2024-04-01T09:15:13.735395" level="INFO">{'large': 'https://randomuser.me/api/portraits/men/37.jpg', 'medium': 'https://randomuser.me/api/portraits/med/men/37.jpg', 'thumbnail': 'https://randomuser.me/api/portraits/thumb/men/37.jpg'}</msg>
<arg>${json_data['results'][0]['picture']}</arg>
<doc>Logs the given message with the given level.</doc>
<status status="PASS" start="2024-04-01T09:15:13.735058" elapsed="0.000384"/>
</kw>
<status status="PASS" start="2024-04-01T09:15:13.638126" elapsed="0.097599"/>
</kw>
<kw name="Teste de Tipos de Dados - Postcode" owner="random-user-service">
<kw name="GET On Session" owner="RequestsLibrary">
<msg time="2024-04-01T09:15:13.822540" level="INFO">GET Request : url=https://randomuser.me/api 
 path_url=/api 
 headers={'User-Agent': 'python-requests/2.31.0', 'Accept-Encoding': 'gzip, deflate', 'Accept': '*/*', 'Connection': 'keep-alive'} 
 body=None 
 </msg>
<msg time="2024-04-01T09:15:13.822688" level="INFO">GET Response : url=https://randomuser.me/api 
 status=200, reason=OK 
 headers={'Date': 'Mon, 01 Apr 2024 09:15:13 GMT', 'Content-Type': 'application/json; charset=utf-8', 'Transfer-Encoding': 'chunked', 'Connection': 'keep-alive', 'X-Powered-By': 'Express', 'Access-Control-Allow-Origin': '*', 'Cache-Control': 'no-cache', 'ETag': 'W/"485-skD5F6StD5VwoNgnTDWrtr1LczY"', 'Vary': 'Accept-Encoding', 'Content-Encoding': 'gzip', 'CF-Cache-Status': 'DYNAMIC', 'Report-To': '{"endpoints":[{"url":"https:\\/\\/a.nel.cloudflare.com\\/report\\/v4?s=agmPxyE8Y%2B2qCkKY7oGwFYggO2AQVBdrDCcsFTG955%2Bmf%2FJyFpp1jswGEuNKPZadogjemUAN1degDkl92vP0Zra195cvR7niwsqILcfpQsdqFSAbTvU2iGwdDZp9FsfG"}],"group":"cf-nel","max_age":604800}', 'NEL': '{"success_fraction":0,"report_to":"cf-nel","max_age":604800}', 'Server': 'cloudflare', 'CF-RAY': '86d77932ee71f96b-SJC', 'alt-svc': 'h3=":443"; ma=86400'} 
 body={"results":[{"gender":"male","name":{"title":"Mr","first":"Tim","last":"Nicolai"},"location":{"street":{"number":1837,"name":"Gartenstraße"},"city":"Hungen","state":"Brandenburg","country":"Germany","postcode":56497,"coordinates":{"latitude":"-49.6213","longitude":"-122.8564"},"timezone":{"offset":"-1:00","description":"Azores, Cape Verde Islands"}},"email":"tim.nicolai@example.com","login":{"uuid":"e9625638-de85-46cb-b33b-9aa6dd8f008e","username":"blueostrich632","password":"cola","salt":"Z4GvyUR0","md5":"d6f65da73d6a87e8b0c1ba1d88510942","sha1":"7a7b9e961d2dc7ea287b1bfa1650a7d6bbdf8047","sha256":"f8fcbd7f52edf77c32fc22b58a18cbe7f5395a96a40f3ce6ad3ceecabeec5589"},"dob":{"date":"1981-02-08T01:28:23.904Z","age":43},"registered":{"date":"2015-11-18T21:01:32.523Z","age":8},"phone":"0885-9005868","cell":"0170-4287427","id":{"name":"SVNR","value":"04 070281 N 341"},"picture":{"large":"https://randomuser.me/api/portraits/men/38.jpg","medium":"https://randomuser.me/api/portraits/med/men/38.jpg","thumbnail":"https://randomuser.me/api/portraits/thumb/men/38.jpg"},"nat":"DE"}],"info":{"seed":"a9d49e9b7d5cac97","results":1,"page":1,"version":"1.4"}} 
 </msg>
<msg time="2024-04-01T09:15:13.822789" level="INFO">/opt/hostedtoolcache/Python/3.12.2/x64/lib/python3.12/site-packages/urllib3/connectionpool.py:1103: InsecureRequestWarning: Unverified HTTPS request is being made to host 'randomuser.me'. Adding certificate verification is strongly advised. See: https://urllib3.readthedocs.io/en/latest/advanced-usage.html#tls-warnings
  warnings.warn(</msg>
<msg time="2024-04-01T09:15:13.822918" level="INFO">${response} = &lt;Response [200]&gt;</msg>
<var>${response}</var>
<arg>consultarAPI</arg>
<arg>/api</arg>
<doc>Sends a GET request on a previously created HTTP Session.</doc>
<status status="PASS" start="2024-04-01T09:15:13.736374" elapsed="0.086585"/>
</kw>
<kw name="Set Variable" owner="BuiltIn">
<msg time="2024-04-01T09:15:13.823880" level="INFO">${json_data} = {'results': [{'gender': 'male', 'name': {'title': 'Mr', 'first': 'Tim', 'last': 'Nicolai'}, 'location': {'street': {'number': 1837, 'name': 'Gartenstraße'}, 'city': 'Hungen', 'state': 'Brandenburg', '...</msg>
<var>${json_data}</var>
<arg>${response.json()}</arg>
<doc>Returns the given values which can then be assigned to a variables.</doc>
<status status="PASS" start="2024-04-01T09:15:13.823396" elapsed="0.000522"/>
</kw>
<kw name="Log" owner="BuiltIn">
<msg time="2024-04-01T09:15:13.824380" level="INFO">{'results': [{'gender': 'male', 'name': {'title': 'Mr', 'first': 'Tim', 'last': 'Nicolai'}, 'location': {'street': {'number': 1837, 'name': 'Gartenstraße'}, 'city': 'Hungen', 'state': 'Brandenburg', 'country': 'Germany', 'postcode': 56497, 'coordinates': {'latitude': '-49.6213', 'longitude': '-122.8564'}, 'timezone': {'offset': '-1:00', 'description': 'Azores, Cape Verde Islands'}}, 'email': 'tim.nicolai@example.com', 'login': {'uuid': 'e9625638-de85-46cb-b33b-9aa6dd8f008e', 'username': 'blueostrich632', 'password': 'cola', 'salt': 'Z4GvyUR0', 'md5': 'd6f65da73d6a87e8b0c1ba1d88510942', 'sha1': '7a7b9e961d2dc7ea287b1bfa1650a7d6bbdf8047', 'sha256': 'f8fcbd7f52edf77c32fc22b58a18cbe7f5395a96a40f3ce6ad3ceecabeec5589'}, 'dob': {'date': '1981-02-08T01:28:23.904Z', 'age': 43}, 'registered': {'date': '2015-11-18T21:01:32.523Z', 'age': 8}, 'phone': '0885-9005868', 'cell': '0170-4287427', 'id': {'name': 'SVNR', 'value': '04 070281 N 341'}, 'picture': {'large': 'https://randomuser.me/api/portraits/men/38.jpg', 'medium': 'https://randomuser.me/api/portraits/med/men/38.jpg', 'thumbnail': 'https://randomuser.me/api/portraits/thumb/men/38.jpg'}, 'nat': 'DE'}], 'info': {'seed': 'a9d49e9b7d5cac97', 'results': 1, 'page': 1, 'version': '1.4'}}</msg>
<arg>${json_data}</arg>
<doc>Logs the given message with the given level.</doc>
<status status="PASS" start="2024-04-01T09:15:13.824223" elapsed="0.000239"/>
</kw>
<kw name="Should Be Equal As Numbers" owner="BuiltIn">
<arg>${json_data['results'][0]['location']['postcode']}</arg>
<arg>${json_data['results'][0]['location']['postcode']}</arg>
<doc>Fails if objects are unequal after converting them to real numbers.</doc>
<status status="PASS" start="2024-04-01T09:15:13.824764" elapsed="0.000629"/>
</kw>
<kw name="Log" owner="BuiltIn">
<msg time="2024-04-01T09:15:13.825918" level="INFO">56497</msg>
<arg>${json_data['results'][0]['location']['postcode']}</arg>
<doc>Logs the given message with the given level.</doc>
<status status="PASS" start="2024-04-01T09:15:13.825584" elapsed="0.000375"/>
</kw>
<status status="PASS" start="2024-04-01T09:15:13.735964" elapsed="0.090250"/>
</kw>
<doc>Testa se os tipos de dados na resposta da API estão corretos.</doc>
<tag>testeTiposDados</tag>
<status status="PASS" start="2024-04-01T09:15:13.637529" elapsed="0.188856"/>
</test>
<test id="s1-s1-t5" name="Validar conteudo" line="35">
<kw name="Teste de Tipos de Conteudo" owner="random-user-service">
<kw name="GET On Session" owner="RequestsLibrary">
<msg time="2024-04-01T09:15:14.202132" level="INFO">GET Request : url=https://randomuser.me/api 
 path_url=/api 
 headers={'User-Agent': 'python-requests/2.31.0', 'Accept-Encoding': 'gzip, deflate', 'Accept': '*/*', 'Connection': 'keep-alive'} 
 body=None 
 </msg>
<msg time="2024-04-01T09:15:14.202252" level="INFO">GET Response : url=https://randomuser.me/api 
 status=200, reason=OK 
 headers={'Date': 'Mon, 01 Apr 2024 09:15:14 GMT', 'Content-Type': 'application/json; charset=utf-8', 'Transfer-Encoding': 'chunked', 'Connection': 'keep-alive', 'X-Powered-By': 'Express', 'Access-Control-Allow-Origin': '*', 'Cache-Control': 'no-cache', 'ETag': 'W/"476-7r1FG8y73nLmaA2YJqT5rpvgNno"', 'Vary': 'Accept-Encoding', 'Content-Encoding': 'gzip', 'CF-Cache-Status': 'DYNAMIC', 'Report-To': '{"endpoints":[{"url":"https:\\/\\/a.nel.cloudflare.com\\/report\\/v4?s=QaFi%2FblMUMr9HSrU5nEFnN%2B9SVq6guqo5occHyKnttj196n4oCaZAS6BAemzGE2WLKZPyhkqKyFrXP%2FKnd7bApQtsFwjaWB8Kyz8oX7xbUBulatDE1FRN8oShwyUF8ZI"}],"group":"cf-nel","max_age":604800}', 'NEL': '{"success_fraction":0,"report_to":"cf-nel","max_age":604800}', 'Server': 'cloudflare', 'CF-RAY': '86d779337f0cf96b-SJC', 'alt-svc': 'h3=":443"; ma=86400'} 
 body={"results":[{"gender":"female","name":{"title":"Miss","first":"Hanna","last":"Gjersøe"},"location":{"street":{"number":3580,"name":"Øvre Skogvei"},"city":"Øvre Årdal","state":"Buskerud","country":"Norway","postcode":"6772","coordinates":{"latitude":"45.6688","longitude":"103.0747"},"timezone":{"offset":"-2:00","description":"Mid-Atlantic"}},"email":"hanna.gjersoe@example.com","login":{"uuid":"53055ff2-81a2-41e5-94cb-379c4a1a3029","username":"redduck535","password":"shuai","salt":"ePjf6vKq","md5":"62ee5b11e4293ce0569d828ebe7ba085","sha1":"1639f3fc7f99854a3ae50f9fa4c69b274996b76a","sha256":"c72f9ac82f9fce5b6bfbd6dabde0f169626ceec1e14f5ec300ba9abb6033f408"},"dob":{"date":"1977-04-01T04:34:06.866Z","age":47},"registered":{"date":"2017-12-11T14:09:30.067Z","age":6},"phone":"60620156","cell":"93315907","id":{"name":"FN","value":"01047743474"},"picture":{"large":"https://randomuser.me/api/portraits/women/27.jpg","medium":"https://randomuser.me/api/portraits/med/women/27.jpg","thumbnail":"https://randomuser.me/api/portraits/thumb/women/27.jpg"},"nat":"NO"}],"info":{"seed":"81785f1f3f30c878","results":1,"page":1,"version":"1.4"}} 
 </msg>
<msg time="2024-04-01T09:15:14.202341" level="INFO">/opt/hostedtoolcache/Python/3.12.2/x64/lib/python3.12/site-packages/urllib3/connectionpool.py:1103: InsecureRequestWarning: Unverified HTTPS request is being made to host 'randomuser.me'. Adding certificate verification is strongly advised. See: https://urllib3.readthedocs.io/en/latest/advanced-usage.html#tls-warnings
  warnings.warn(</msg>
<msg time="2024-04-01T09:15:14.202482" level="INFO">${response} = &lt;Response [200]&gt;</msg>
<var>${response}</var>
<arg>consultarAPI</arg>
<arg>/api</arg>
<doc>Sends a GET request on a previously created HTTP Session.</doc>
<status status="PASS" start="2024-04-01T09:15:13.829244" elapsed="0.373279"/>
</kw>
<kw name="Set Variable" owner="BuiltIn">
<msg time="2024-04-01T09:15:14.203606" level="INFO">${json_data} = {'results': [{'gender': 'female', 'name': {'title': 'Miss', 'first': 'Hanna', 'last': 'Gjersøe'}, 'location': {'street': {'number': 3580, 'name': 'Øvre Skogvei'}, 'city': 'Øvre Årdal', 'state': 'Buske...</msg>
<var>${json_data}</var>
<arg>${response.json()}</arg>
<doc>Returns the given values which can then be assigned to a variables.</doc>
<status status="PASS" start="2024-04-01T09:15:14.203088" elapsed="0.000546"/>
</kw>
<kw name="Set Variable" owner="BuiltIn">
<msg time="2024-04-01T09:15:14.204324" level="INFO">${name_title} = Miss</msg>
<var>${name_title}</var>
<arg>${json_data["results"][0]["name"]["title"]}</arg>
<doc>Returns the given values which can then be assigned to a variables.</doc>
<status status="PASS" start="2024-04-01T09:15:14.203940" elapsed="0.000409"/>
</kw>
<kw name="Create List" owner="BuiltIn">
<msg time="2024-04-01T09:15:14.204797" level="INFO">${allowed_titles} = ['Mr', 'Ms', 'Miss', 'Mrs', 'Madame', 'Monsieur']</msg>
<var>${allowed_titles}</var>
<arg>Mr</arg>
<arg>Ms</arg>
<arg>Miss</arg>
<arg>Mrs</arg>
<arg>Madame</arg>
<arg>Monsieur</arg>
<doc>Returns a list containing given items.</doc>
<status status="PASS" start="2024-04-01T09:15:14.204648" elapsed="0.000173"/>
</kw>
<kw name="List Should Contain Value" owner="Collections">
<msg time="2024-04-01T09:15:14.205307" level="INFO">False</msg>
<arg>${allowed_titles}</arg>
<arg>${name_title}</arg>
<doc>Fails if the ``value`` is not found from ``list``.</doc>
<status status="PASS" start="2024-04-01T09:15:14.205128" elapsed="0.000216"/>
</kw>
<kw name="Set Variable" owner="BuiltIn">
<msg time="2024-04-01T09:15:14.206007" level="INFO">${name_country} = NO</msg>
<var>${name_country}</var>
<arg>${json_data["results"][0]["nat"]}</arg>
<doc>Returns the given values which can then be assigned to a variables.</doc>
<status status="PASS" start="2024-04-01T09:15:14.205631" elapsed="0.000401"/>
</kw>
<kw name="Create List" owner="BuiltIn">
<msg time="2024-04-01T09:15:14.206983" level="INFO">${list_country} = ['AD', 'AE', 'AF', 'AG', 'AI', 'AL', 'AM', 'AO', 'AQ', 'AR', 'AS', 'AT', 'AU', 'AW', 'AX', 'AZ', 'BA', 'BB', 'BD', 'BE', 'BF', 'BG', 'BH', 'BI', 'BJ', 'BL', 'BM', 'BN', 'BO', 'BQ', 'BR', 'BS', 'BT', '...</msg>
<var>${list_country}</var>
<arg>AD</arg>
<arg>AE</arg>
<arg>AF</arg>
<arg>AG</arg>
<arg>AI</arg>
<arg>AL</arg>
<arg>AM</arg>
<arg>AO</arg>
<arg>AQ</arg>
<arg>AR</arg>
<arg>AS</arg>
<arg>AT</arg>
<arg>AU</arg>
<arg>AW</arg>
<arg>AX</arg>
<arg>AZ</arg>
<arg>BA</arg>
<arg>BB</arg>
<arg>BD</arg>
<arg>BE</arg>
<arg>BF</arg>
<arg>BG</arg>
<arg>BH</arg>
<arg>BI</arg>
<arg>BJ</arg>
<arg>BL</arg>
<arg>BM</arg>
<arg>BN</arg>
<arg>BO</arg>
<arg>BQ</arg>
<arg>BR</arg>
<arg>BS</arg>
<arg>BT</arg>
<arg>BV</arg>
<arg>BW</arg>
<arg>BY</arg>
<arg>BZ</arg>
<arg>CA</arg>
<arg>CC</arg>
<arg>CD</arg>
<arg>CF</arg>
<arg>CG</arg>
<arg>CH</arg>
<arg>CI</arg>
<arg>CK</arg>
<arg>CL</arg>
<arg>CM</arg>
<arg>CN</arg>
<arg>CO</arg>
<arg>CR</arg>
<arg>CU</arg>
<arg>CV</arg>
<arg>CW</arg>
<arg>CX</arg>
<arg>CY</arg>
<arg>CZ</arg>
<arg>DE</arg>
<arg>DJ</arg>
<arg>DK</arg>
<arg>DM</arg>
<arg>DO</arg>
<arg>DZ</arg>
<arg>EC</arg>
<arg>EE</arg>
<arg>EG</arg>
<arg>EH</arg>
<arg>ER</arg>
<arg>ES</arg>
<arg>ET</arg>
<arg>FI</arg>
<arg>FJ</arg>
<arg>FK</arg>
<arg>FM</arg>
<arg>FO</arg>
<arg>FR</arg>
<arg>GA</arg>
<arg>GB</arg>
<arg>GD</arg>
<arg>GE</arg>
<arg>GF</arg>
<arg>GG</arg>
<arg>GH</arg>
<arg>GI</arg>
<arg>GL</arg>
<arg>GM</arg>
<arg>GN</arg>
<arg>GP</arg>
<arg>GQ</arg>
<arg>GR</arg>
<arg>GS</arg>
<arg>GT</arg>
<arg>GU</arg>
<arg>GW</arg>
<arg>GY</arg>
<arg>HK</arg>
<arg>HM</arg>
<arg>HN</arg>
<arg>HR</arg>
<arg>HT</arg>
<arg>HU</arg>
<arg>ID</arg>
<arg>IE</arg>
<arg>IL</arg>
<arg>IM</arg>
<arg>IN</arg>
<arg>IO</arg>
<arg>IQ</arg>
<arg>IR</arg>
<arg>IS</arg>
<arg>IT</arg>
<arg>JE</arg>
<arg>JM</arg>
<arg>JO</arg>
<arg>JP</arg>
<arg>KE</arg>
<arg>KG</arg>
<arg>KH</arg>
<arg>KI</arg>
<arg>KM</arg>
<arg>KN</arg>
<arg>KP</arg>
<arg>KR</arg>
<arg>KW</arg>
<arg>KY</arg>
<arg>KZ</arg>
<arg>LA</arg>
<arg>LB</arg>
<arg>LC</arg>
<arg>LI</arg>
<arg>LK</arg>
<arg>LR</arg>
<arg>LS</arg>
<arg>LT</arg>
<arg>LU</arg>
<arg>LV</arg>
<arg>LY</arg>
<arg>MA</arg>
<arg>MC</arg>
<arg>MD</arg>
<arg>ME</arg>
<arg>MF</arg>
<arg>MG</arg>
<arg>MH</arg>
<arg>MK</arg>
<arg>ML</arg>
<arg>MM</arg>
<arg>MN</arg>
<arg>MO</arg>
<arg>MP</arg>
<arg>MQ</arg>
<arg>MR</arg>
<arg>MS</arg>
<arg>MT</arg>
<arg>MU</arg>
<arg>MV</arg>
<arg>MW</arg>
<arg>MX</arg>
<arg>MY</arg>
<arg>MZ</arg>
<arg>NA</arg>
<arg>NC</arg>
<arg>NE</arg>
<arg>NF</arg>
<arg>NG</arg>
<arg>NI</arg>
<arg>NL</arg>
<arg>NO</arg>
<arg>NP</arg>
<arg>NR</arg>
<arg>NU</arg>
<arg>NZ</arg>
<arg>OM</arg>
<arg>PA</arg>
<arg>PE</arg>
<arg>PF</arg>
<arg>PG</arg>
<arg>PH</arg>
<arg>PK</arg>
<arg>PL</arg>
<arg>PM</arg>
<arg>PN</arg>
<arg>PR</arg>
<arg>PS</arg>
<arg>PT</arg>
<arg>PW</arg>
<arg>PY</arg>
<arg>QA</arg>
<arg>RE</arg>
<arg>RO</arg>
<arg>RS</arg>
<arg>RU</arg>
<arg>RW</arg>
<arg>SA</arg>
<arg>SB</arg>
<arg>SC</arg>
<arg>SD</arg>
<arg>SE</arg>
<arg>SG</arg>
<arg>SH</arg>
<arg>SI</arg>
<arg>SJ</arg>
<arg>SK</arg>
<arg>SL</arg>
<arg>SM</arg>
<arg>SN</arg>
<arg>SO</arg>
<arg>SR</arg>
<arg>SS</arg>
<arg>ST</arg>
<arg>SV</arg>
<arg>SX</arg>
<arg>SY</arg>
<arg>SZ</arg>
<arg>TC</arg>
<arg>TD</arg>
<arg>TF</arg>
<arg>TG</arg>
<arg>TH</arg>
<arg>TJ</arg>
<arg>TK</arg>
<arg>TL</arg>
<arg>TM</arg>
<arg>TN</arg>
<arg>TO</arg>
<arg>TR</arg>
<arg>TT</arg>
<arg>TV</arg>
<arg>TW</arg>
<arg>TZ</arg>
<arg>UA</arg>
<arg>UG</arg>
<arg>UM</arg>
<arg>US</arg>
<arg>UY</arg>
<arg>UZ</arg>
<arg>VA</arg>
<arg>VC</arg>
<arg>VE</arg>
<arg>VG</arg>
<arg>VI</arg>
<arg>VN</arg>
<arg>VU</arg>
<arg>WF</arg>
<arg>WS</arg>
<arg>XK</arg>
<arg>YE</arg>
<arg>YT</arg>
<arg>ZA</arg>
<arg>ZM</arg>
<arg>ZW</arg>
<doc>Returns a list containing given items.</doc>
<status status="PASS" start="2024-04-01T09:15:14.206341" elapsed="0.000669"/>
</kw>
<kw name="List Should Contain Value" owner="Collections">
<msg time="2024-04-01T09:15:14.208140" level="INFO">False</msg>
<arg>${list_country}</arg>
<arg>${name_country}</arg>
<doc>Fails if the ``value`` is not found from ``list``.</doc>
<status status="PASS" start="2024-04-01T09:15:14.207936" elapsed="0.000241"/>
</kw>
<kw name="Run Keyword If" owner="BuiltIn">
<kw name="Should Be True" owner="BuiltIn">
<arg>${True}</arg>
<doc>Fails if the given condition is not true.</doc>
<status status="PASS" start="2024-04-01T09:15:14.209248" elapsed="0.000145"/>
</kw>
<arg>${json_data["results"][0]["location"]["coordinates"]["latitude"]} &gt;= -90 and ${json_data["results"][0]["location"]["coordinates"]["latitude"]} &lt;= 90</arg>
<arg>Should Be True</arg>
<arg>${True}</arg>
<doc>Runs the given keyword with the given arguments, if ``condition`` is true.</doc>
<status status="PASS" start="2024-04-01T09:15:14.208493" elapsed="0.001028"/>
</kw>
<kw name="Run Keyword If" owner="BuiltIn">
<kw name="Should Be True" owner="BuiltIn">
<arg>${True}</arg>
<doc>Fails if the given condition is not true.</doc>
<status status="PASS" start="2024-04-01T09:15:14.210399" elapsed="0.000137"/>
</kw>
<arg>${json_data["results"][0]["location"]["coordinates"]["longitude"]} &gt;= -180 and ${json_data["results"][0]["location"]["coordinates"]["longitude"]} &lt;= 180</arg>
<arg>Should Be True</arg>
<arg>${True}</arg>
<doc>Runs the given keyword with the given arguments, if ``condition`` is true.</doc>
<status status="PASS" start="2024-04-01T09:15:14.209706" elapsed="0.001000"/>
</kw>
<status status="PASS" start="2024-04-01T09:15:13.828843" elapsed="0.382007"/>
</kw>
<doc>Testa o conteúdo específico dos campos retornados pela API.</doc>
<tag>testeConteudo</tag>
<status status="PASS" start="2024-04-01T09:15:13.828172" elapsed="0.382837"/>
</test>
<status status="PASS" start="2024-04-01T09:15:12.827660" elapsed="1.385309"/>
</suite>
<status status="PASS" start="2024-04-01T09:15:12.813579" elapsed="1.404782"/>
</suite>
<statistics>
<total>
<stat pass="5" fail="0" skip="0">All Tests</stat>
</total>
<tag>
<stat pass="1" fail="0" skip="0">testeConteudo</stat>
<stat pass="1" fail="0" skip="0">testeEstruturaResposta</stat>
<stat pass="1" fail="0" skip="0">testeRequisicaoBasica</stat>
<stat pass="1" fail="0" skip="0">testeTiposDados</stat>
</tag>
<suite>
<stat pass="5" fail="0" skip="0" id="s1" name="Tests">Tests</stat>
<stat pass="5" fail="0" skip="0" id="s1-s1" name="Random-User-Test">Tests.Random-User-Test</stat>
</suite>
</statistics>
<errors>
</errors>
</robot>
