<?xml version="1.0" encoding="UTF-8"?>
<robot generator="Robot 7.0 (Python 3.12.3 on linux)" generated="2024-05-15T12:28:37.946837" rpa="false" schemaversion="5">
<suite id="s1" name="Tests" source="/home/runner/work/DesafioQAItauRogerioJordao/DesafioQAItauRogerioJordao/RamdonUser/tests">
<suite id="s1-s1" name="Random-User-Test" source="/home/runner/work/DesafioQAItauRogerioJordao/DesafioQAItauRogerioJordao/RamdonUser/tests/random-user-test.robot">
<test id="s1-s1-t1" name="Conectar" line="13">
<kw name="Conectar API" owner="random-user-service">
<kw name="Create Session" owner="RequestsLibrary">
<msg time="2024-05-15T12:28:38.351822" level="INFO">Creating Session using : alias=consultarAPI, url=https://randomuser.me/, headers={},                     cookies={}, auth=None, timeout=None, proxies=None, verify=False,                     debug=0 </msg>
<arg>consultarAPI</arg>
<arg>${URL}</arg>
<doc>Create Session: create a HTTP session to a server</doc>
<status status="PASS" start="2024-05-15T12:28:38.351577" elapsed="0.000472"/>
</kw>
<status status="PASS" start="2024-05-15T12:28:38.350411" elapsed="0.002057"/>
</kw>
<status status="PASS" start="2024-05-15T12:28:38.349770" elapsed="0.002905"/>
</test>
<test id="s1-s1-t2" name="Validar retorno 200 e JSON Válido" line="16">
<kw name="Teste de Requisicao Basica" owner="random-user-service">
<kw name="GET On Session" owner="RequestsLibrary">
<msg time="2024-05-15T12:28:38.569620" level="INFO">GET Request : url=https://randomuser.me/api 
 path_url=/api 
 headers={'User-Agent': 'python-requests/2.31.0', 'Accept-Encoding': 'gzip, deflate', 'Accept': '*/*', 'Connection': 'keep-alive'} 
 body=None 
 </msg>
<msg time="2024-05-15T12:28:38.569791" level="INFO">GET Response : url=https://randomuser.me/api 
 status=200, reason=OK 
 headers={'Date': 'Wed, 15 May 2024 12:28:38 GMT', 'Content-Type': 'application/json; charset=utf-8', 'Transfer-Encoding': 'chunked', 'Connection': 'keep-alive', 'X-Powered-By': 'Express', 'Access-Control-Allow-Origin': '*', 'Cache-Control': 'no-cache', 'ETag': 'W/"4a8-9FEWi2UxKHcsOpM+Db+RQskxIvk"', 'Vary': 'Accept-Encoding', 'Content-Encoding': 'gzip', 'CF-Cache-Status': 'DYNAMIC', 'Report-To': '{"endpoints":[{"url":"https:\\/\\/a.nel.cloudflare.com\\/report\\/v4?s=3a33mG0kicObRDl7dY1p4SPEgnsCXDQG3wqyorxlPT7XIfbM5veqal4ej8f34bKAcxzE5j3fSg5IM18KO07DcRtTJGqcGJE8JpoR1z8M4c4zVtoZBkB0Fl3%2FShuUs6I3"}],"group":"cf-nel","max_age":604800}', 'NEL': '{"success_fraction":0,"report_to":"cf-nel","max_age":604800}', 'Server': 'cloudflare', 'CF-RAY': '88432104aeaa114d-ORD', 'alt-svc': 'h3=":443"; ma=86400'} 
 body={"results":[{"gender":"female","name":{"title":"Ms","first":"Emmi","last":"Sakala"},"location":{"street":{"number":5976,"name":"Itsenäisyydenkatu"},"city":"Karstula","state":"Northern Ostrobothnia","country":"Finland","postcode":16298,"coordinates":{"latitude":"-27.0782","longitude":"54.0365"},"timezone":{"offset":"+5:30","description":"Bombay, Calcutta, Madras, New Delhi"}},"email":"emmi.sakala@example.com","login":{"uuid":"4deb9546-1fb9-4ad9-95a6-e11ba8a377f0","username":"happytiger168","password":"pelican","salt":"9SMQ2Jwv","md5":"8ef2527068316b348d6c78251983a359","sha1":"a96b454e4fce469d44579c7173d4d583bf634570","sha256":"38f48a1f5ac125a96b6a4c8edd84a79ceed52a4b84f1c6be2a4604cbe7bd8a1f"},"dob":{"date":"1948-04-28T10:22:36.159Z","age":76},"registered":{"date":"2016-05-04T21:26:27.906Z","age":8},"phone":"06-624-490","cell":"044-073-23-10","id":{"name":"HETU","value":"NaNNA318undefined"},"picture":{"large":"https://randomuser.me/api/portraits/women/60.jpg","medium":"https://randomuser.me/api/portraits/med/women/60.jpg","thumbnail":"https://randomuser.me/api/portraits/thumb/women/60.jpg"},"nat":"FI"}],"info":{"seed":"c3724195ef97fda8","results":1,"page":1,"version":"1.4"}} 
 </msg>
<msg time="2024-05-15T12:28:38.569890" level="INFO">/opt/hostedtoolcache/Python/3.12.3/x64/lib/python3.12/site-packages/urllib3/connectionpool.py:1103: InsecureRequestWarning: Unverified HTTPS request is being made to host 'randomuser.me'. Adding certificate verification is strongly advised. See: https://urllib3.readthedocs.io/en/latest/advanced-usage.html#tls-warnings
  warnings.warn(</msg>
<msg time="2024-05-15T12:28:38.570040" level="INFO">${response} = &lt;Response [200]&gt;</msg>
<var>${response}</var>
<arg>consultarAPI</arg>
<arg>/api</arg>
<doc>Sends a GET request on a previously created HTTP Session.</doc>
<status status="PASS" start="2024-05-15T12:28:38.355502" elapsed="0.214580"/>
</kw>
<kw name="Should Be Equal As Numbers" owner="BuiltIn">
<msg time="2024-05-15T12:28:38.571217" level="INFO">Argument types are:
&lt;class 'int'&gt;
&lt;class 'str'&gt;</msg>
<arg>${response.status_code}</arg>
<arg>200</arg>
<doc>Fails if objects are unequal after converting them to real numbers.</doc>
<status status="PASS" start="2024-05-15T12:28:38.570702" elapsed="0.000590"/>
</kw>
<kw name="Log" owner="BuiltIn">
<msg time="2024-05-15T12:28:38.572205" level="INFO">200</msg>
<arg>${response.status_code}</arg>
<doc>Logs the given message with the given level.</doc>
<status status="PASS" start="2024-05-15T12:28:38.571787" elapsed="0.000466"/>
</kw>
<kw name="Set Variable" owner="BuiltIn">
<msg time="2024-05-15T12:28:38.573109" level="INFO">${json_data} = {'results': [{'gender': 'female', 'name': {'title': 'Ms', 'first': 'Emmi', 'last': 'Sakala'}, 'location': {'street': {'number': 5976, 'name': 'Itsenäisyydenkatu'}, 'city': 'Karstula', 'state': 'Northe...</msg>
<var>${json_data}</var>
<arg>${response.json()}</arg>
<doc>Returns the given values which can then be assigned to a variables.</doc>
<status status="PASS" start="2024-05-15T12:28:38.572619" elapsed="0.000521"/>
</kw>
<kw name="Dictionary Should Contain Key" owner="Collections">
<msg time="2024-05-15T12:28:38.573690" level="INFO">False</msg>
<arg>${json_data}</arg>
<arg>results</arg>
<doc>Fails if ``key`` is not found from ``dictionary``.</doc>
<status status="PASS" start="2024-05-15T12:28:38.573503" elapsed="0.000228"/>
</kw>
<status status="PASS" start="2024-05-15T12:28:38.355172" elapsed="0.218830"/>
</kw>
<doc>Testa se a API responde corretamente e retorna um objeto JSON válido.</doc>
<tag>testeRequisicaoBasica</tag>
<status status="PASS" start="2024-05-15T12:28:38.354632" elapsed="0.219564"/>
</test>
<test id="s1-s1-t3" name="Validar estrutura de resposta" line="22">
<kw name="Teste de Estrutura de Resposta" owner="random-user-service">
<kw name="GET On Session" owner="RequestsLibrary">
<msg time="2024-05-15T12:28:38.651626" level="INFO">GET Request : url=https://randomuser.me/api 
 path_url=/api 
 headers={'User-Agent': 'python-requests/2.31.0', 'Accept-Encoding': 'gzip, deflate', 'Accept': '*/*', 'Connection': 'keep-alive'} 
 body=None 
 </msg>
<msg time="2024-05-15T12:28:38.651745" level="INFO">GET Response : url=https://randomuser.me/api 
 status=200, reason=OK 
 headers={'Date': 'Wed, 15 May 2024 12:28:38 GMT', 'Content-Type': 'application/json; charset=utf-8', 'Transfer-Encoding': 'chunked', 'Connection': 'keep-alive', 'X-Powered-By': 'Express', 'Access-Control-Allow-Origin': '*', 'Cache-Control': 'no-cache', 'ETag': 'W/"493-zLxvyMopeifEbUpDiAp3zHxoU14"', 'Vary': 'Accept-Encoding', 'Content-Encoding': 'gzip', 'CF-Cache-Status': 'DYNAMIC', 'Report-To': '{"endpoints":[{"url":"https:\\/\\/a.nel.cloudflare.com\\/report\\/v4?s=10gmYP4uWNUhCmep%2BzPL3dagrn3MtueoabBnRaq54gsVlU9VStiHiqeHGxv%2BCTynHko9jOvNK%2FchDqvVYBPgQCKkDAnrHMzwh5S%2B6xXaeJ7GEdDum1jsQfYHTrIzPfgn"}],"group":"cf-nel","max_age":604800}', 'NEL': '{"success_fraction":0,"report_to":"cf-nel","max_age":604800}', 'Server': 'cloudflare', 'CF-RAY': '884321052f25114d-ORD', 'alt-svc': 'h3=":443"; ma=86400'} 
 body={"results":[{"gender":"female","name":{"title":"Miss","first":"Inmaculada","last":"Álvarez"},"location":{"street":{"number":8614,"name":"Avenida de América"},"city":"Torrevieja","state":"La Rioja","country":"Spain","postcode":47229,"coordinates":{"latitude":"-36.2223","longitude":"26.8109"},"timezone":{"offset":"+6:00","description":"Almaty, Dhaka, Colombo"}},"email":"inmaculada.alvarez@example.com","login":{"uuid":"604cd0ec-608f-43e6-b061-184b6b195707","username":"bigbird583","password":"hhhhhh","salt":"dI0m5znc","md5":"dc8ba5487c89c2257ff79216f904a048","sha1":"6e462415adc4dcbbf782f276cd672cd14cbcba6c","sha256":"340578b5541f9234685d84f686bfdd0c2dcfc8c47cc568967226f9a661b366b2"},"dob":{"date":"1962-02-24T13:00:03.637Z","age":62},"registered":{"date":"2016-04-23T06:40:28.957Z","age":8},"phone":"970-534-049","cell":"645-133-248","id":{"name":"DNI","value":"68590053-X"},"picture":{"large":"https://randomuser.me/api/portraits/women/36.jpg","medium":"https://randomuser.me/api/portraits/med/women/36.jpg","thumbnail":"https://randomuser.me/api/portraits/thumb/women/36.jpg"},"nat":"ES"}],"info":{"seed":"de47c0e68304e116","results":1,"page":1,"version":"1.4"}} 
 </msg>
<msg time="2024-05-15T12:28:38.651894" level="INFO">/opt/hostedtoolcache/Python/3.12.3/x64/lib/python3.12/site-packages/urllib3/connectionpool.py:1103: InsecureRequestWarning: Unverified HTTPS request is being made to host 'randomuser.me'. Adding certificate verification is strongly advised. See: https://urllib3.readthedocs.io/en/latest/advanced-usage.html#tls-warnings
  warnings.warn(</msg>
<msg time="2024-05-15T12:28:38.652033" level="INFO">${response} = &lt;Response [200]&gt;</msg>
<var>${response}</var>
<arg>consultarAPI</arg>
<arg>/api</arg>
<doc>Sends a GET request on a previously created HTTP Session.</doc>
<status status="PASS" start="2024-05-15T12:28:38.576946" elapsed="0.075126"/>
</kw>
<kw name="Set Variable" owner="BuiltIn">
<msg time="2024-05-15T12:28:38.653212" level="INFO">${json_data} = {'results': [{'gender': 'female', 'name': {'title': 'Miss', 'first': 'Inmaculada', 'last': 'Álvarez'}, 'location': {'street': {'number': 8614, 'name': 'Avenida de América'}, 'city': 'Torrevieja', 'sta...</msg>
<var>${json_data}</var>
<arg>${response.json()}</arg>
<doc>Returns the given values which can then be assigned to a variables.</doc>
<status status="PASS" start="2024-05-15T12:28:38.652643" elapsed="0.000600"/>
</kw>
<kw name="Log" owner="BuiltIn">
<msg time="2024-05-15T12:28:38.653800" level="INFO">{'results': [{'gender': 'female', 'name': {'title': 'Miss', 'first': 'Inmaculada', 'last': 'Álvarez'}, 'location': {'street': {'number': 8614, 'name': 'Avenida de América'}, 'city': 'Torrevieja', 'state': 'La Rioja', 'country': 'Spain', 'postcode': 47229, 'coordinates': {'latitude': '-36.2223', 'longitude': '26.8109'}, 'timezone': {'offset': '+6:00', 'description': 'Almaty, Dhaka, Colombo'}}, 'email': 'inmaculada.alvarez@example.com', 'login': {'uuid': '604cd0ec-608f-43e6-b061-184b6b195707', 'username': 'bigbird583', 'password': 'hhhhhh', 'salt': 'dI0m5znc', 'md5': 'dc8ba5487c89c2257ff79216f904a048', 'sha1': '6e462415adc4dcbbf782f276cd672cd14cbcba6c', 'sha256': '340578b5541f9234685d84f686bfdd0c2dcfc8c47cc568967226f9a661b366b2'}, 'dob': {'date': '1962-02-24T13:00:03.637Z', 'age': 62}, 'registered': {'date': '2016-04-23T06:40:28.957Z', 'age': 8}, 'phone': '970-534-049', 'cell': '645-133-248', 'id': {'name': 'DNI', 'value': '68590053-X'}, 'picture': {'large': 'https://randomuser.me/api/portraits/women/36.jpg', 'medium': 'https://randomuser.me/api/portraits/med/women/36.jpg', 'thumbnail': 'https://randomuser.me/api/portraits/thumb/women/36.jpg'}, 'nat': 'ES'}], 'info': {'seed': 'de47c0e68304e116', 'results': 1, 'page': 1, 'version': '1.4'}}</msg>
<arg>${json_data}</arg>
<doc>Logs the given message with the given level.</doc>
<status status="PASS" start="2024-05-15T12:28:38.653613" elapsed="0.000241"/>
</kw>
<kw name="Dictionary Should Contain Key" owner="Collections">
<msg time="2024-05-15T12:28:38.654345" level="INFO">False</msg>
<arg>${json_data}</arg>
<arg>results</arg>
<doc>Fails if ``key`` is not found from ``dictionary``.</doc>
<status status="PASS" start="2024-05-15T12:28:38.654178" elapsed="0.000205"/>
</kw>
<kw name="Should Not Be Empty" owner="BuiltIn">
<msg time="2024-05-15T12:28:38.654831" level="INFO">Length is 2.</msg>
<arg>${json_data}</arg>
<doc>Verifies that the given item is not empty.</doc>
<status status="PASS" start="2024-05-15T12:28:38.654686" elapsed="0.000185"/>
</kw>
<kw name="Create List" owner="BuiltIn">
<msg time="2024-05-15T12:28:38.655554" level="INFO">${expected_keys} = ['gender', 'name', 'location', 'email', 'login']</msg>
<var>${expected_keys}</var>
<arg>gender</arg>
<arg>name</arg>
<arg>location</arg>
<arg>email</arg>
<arg>login</arg>
<doc>Returns a list containing given items.</doc>
<status status="PASS" start="2024-05-15T12:28:38.655170" elapsed="0.000410"/>
</kw>
<for flavor="IN">
<iter>
<kw name="Dictionary Should Contain Key" owner="Collections">
<msg time="2024-05-15T12:28:38.656627" level="INFO">False</msg>
<arg>${json_data['results'][0]}</arg>
<arg>${key}</arg>
<doc>Fails if ``key`` is not found from ``dictionary``.</doc>
<status status="PASS" start="2024-05-15T12:28:38.656201" elapsed="0.000465"/>
</kw>
<kw name="Log" owner="BuiltIn">
<msg time="2024-05-15T12:28:38.657362" level="INFO">{'gender': 'female', 'name': {'title': 'Miss', 'first': 'Inmaculada', 'last': 'Álvarez'}, 'location': {'street': {'number': 8614, 'name': 'Avenida de América'}, 'city': 'Torrevieja', 'state': 'La Rioja', 'country': 'Spain', 'postcode': 47229, 'coordinates': {'latitude': '-36.2223', 'longitude': '26.8109'}, 'timezone': {'offset': '+6:00', 'description': 'Almaty, Dhaka, Colombo'}}, 'email': 'inmaculada.alvarez@example.com', 'login': {'uuid': '604cd0ec-608f-43e6-b061-184b6b195707', 'username': 'bigbird583', 'password': 'hhhhhh', 'salt': 'dI0m5znc', 'md5': 'dc8ba5487c89c2257ff79216f904a048', 'sha1': '6e462415adc4dcbbf782f276cd672cd14cbcba6c', 'sha256': '340578b5541f9234685d84f686bfdd0c2dcfc8c47cc568967226f9a661b366b2'}, 'dob': {'date': '1962-02-24T13:00:03.637Z', 'age': 62}, 'registered': {'date': '2016-04-23T06:40:28.957Z', 'age': 8}, 'phone': '970-534-049', 'cell': '645-133-248', 'id': {'name': 'DNI', 'value': '68590053-X'}, 'picture': {'large': 'https://randomuser.me/api/portraits/women/36.jpg', 'medium': 'https://randomuser.me/api/portraits/med/women/36.jpg', 'thumbnail': 'https://randomuser.me/api/portraits/thumb/women/36.jpg'}, 'nat': 'ES'}</msg>
<arg>${json_data['results'][0]}</arg>
<doc>Logs the given message with the given level.</doc>
<status status="PASS" start="2024-05-15T12:28:38.656970" elapsed="0.000443"/>
</kw>
<kw name="Log" owner="BuiltIn">
<msg time="2024-05-15T12:28:38.657876" level="INFO">gender</msg>
<arg>${key}</arg>
<doc>Logs the given message with the given level.</doc>
<status status="PASS" start="2024-05-15T12:28:38.657740" elapsed="0.000174"/>
</kw>
<var name="${key}">gender</var>
<status status="PASS" start="2024-05-15T12:28:38.656070" elapsed="0.002064"/>
</iter>
<iter>
<kw name="Dictionary Should Contain Key" owner="Collections">
<msg time="2024-05-15T12:28:38.658850" level="INFO">False</msg>
<arg>${json_data['results'][0]}</arg>
<arg>${key}</arg>
<doc>Fails if ``key`` is not found from ``dictionary``.</doc>
<status status="PASS" start="2024-05-15T12:28:38.658453" elapsed="0.000435"/>
</kw>
<kw name="Log" owner="BuiltIn">
<msg time="2024-05-15T12:28:38.659633" level="INFO">{'gender': 'female', 'name': {'title': 'Miss', 'first': 'Inmaculada', 'last': 'Álvarez'}, 'location': {'street': {'number': 8614, 'name': 'Avenida de América'}, 'city': 'Torrevieja', 'state': 'La Rioja', 'country': 'Spain', 'postcode': 47229, 'coordinates': {'latitude': '-36.2223', 'longitude': '26.8109'}, 'timezone': {'offset': '+6:00', 'description': 'Almaty, Dhaka, Colombo'}}, 'email': 'inmaculada.alvarez@example.com', 'login': {'uuid': '604cd0ec-608f-43e6-b061-184b6b195707', 'username': 'bigbird583', 'password': 'hhhhhh', 'salt': 'dI0m5znc', 'md5': 'dc8ba5487c89c2257ff79216f904a048', 'sha1': '6e462415adc4dcbbf782f276cd672cd14cbcba6c', 'sha256': '340578b5541f9234685d84f686bfdd0c2dcfc8c47cc568967226f9a661b366b2'}, 'dob': {'date': '1962-02-24T13:00:03.637Z', 'age': 62}, 'registered': {'date': '2016-04-23T06:40:28.957Z', 'age': 8}, 'phone': '970-534-049', 'cell': '645-133-248', 'id': {'name': 'DNI', 'value': '68590053-X'}, 'picture': {'large': 'https://randomuser.me/api/portraits/women/36.jpg', 'medium': 'https://randomuser.me/api/portraits/med/women/36.jpg', 'thumbnail': 'https://randomuser.me/api/portraits/thumb/women/36.jpg'}, 'nat': 'ES'}</msg>
<arg>${json_data['results'][0]}</arg>
<doc>Logs the given message with the given level.</doc>
<status status="PASS" start="2024-05-15T12:28:38.659227" elapsed="0.000457"/>
</kw>
<kw name="Log" owner="BuiltIn">
<msg time="2024-05-15T12:28:38.660117" level="INFO">name</msg>
<arg>${key}</arg>
<doc>Logs the given message with the given level.</doc>
<status status="PASS" start="2024-05-15T12:28:38.659988" elapsed="0.000167"/>
</kw>
<var name="${key}">name</var>
<status status="PASS" start="2024-05-15T12:28:38.658333" elapsed="0.002040"/>
</iter>
<iter>
<kw name="Dictionary Should Contain Key" owner="Collections">
<msg time="2024-05-15T12:28:38.661067" level="INFO">False</msg>
<arg>${json_data['results'][0]}</arg>
<arg>${key}</arg>
<doc>Fails if ``key`` is not found from ``dictionary``.</doc>
<status status="PASS" start="2024-05-15T12:28:38.660673" elapsed="0.000431"/>
</kw>
<kw name="Log" owner="BuiltIn">
<msg time="2024-05-15T12:28:38.661787" level="INFO">{'gender': 'female', 'name': {'title': 'Miss', 'first': 'Inmaculada', 'last': 'Álvarez'}, 'location': {'street': {'number': 8614, 'name': 'Avenida de América'}, 'city': 'Torrevieja', 'state': 'La Rioja', 'country': 'Spain', 'postcode': 47229, 'coordinates': {'latitude': '-36.2223', 'longitude': '26.8109'}, 'timezone': {'offset': '+6:00', 'description': 'Almaty, Dhaka, Colombo'}}, 'email': 'inmaculada.alvarez@example.com', 'login': {'uuid': '604cd0ec-608f-43e6-b061-184b6b195707', 'username': 'bigbird583', 'password': 'hhhhhh', 'salt': 'dI0m5znc', 'md5': 'dc8ba5487c89c2257ff79216f904a048', 'sha1': '6e462415adc4dcbbf782f276cd672cd14cbcba6c', 'sha256': '340578b5541f9234685d84f686bfdd0c2dcfc8c47cc568967226f9a661b366b2'}, 'dob': {'date': '1962-02-24T13:00:03.637Z', 'age': 62}, 'registered': {'date': '2016-04-23T06:40:28.957Z', 'age': 8}, 'phone': '970-534-049', 'cell': '645-133-248', 'id': {'name': 'DNI', 'value': '68590053-X'}, 'picture': {'large': 'https://randomuser.me/api/portraits/women/36.jpg', 'medium': 'https://randomuser.me/api/portraits/med/women/36.jpg', 'thumbnail': 'https://randomuser.me/api/portraits/thumb/women/36.jpg'}, 'nat': 'ES'}</msg>
<arg>${json_data['results'][0]}</arg>
<doc>Logs the given message with the given level.</doc>
<status status="PASS" start="2024-05-15T12:28:38.661402" elapsed="0.000460"/>
</kw>
<kw name="Log" owner="BuiltIn">
<msg time="2024-05-15T12:28:38.662336" level="INFO">location</msg>
<arg>${key}</arg>
<doc>Logs the given message with the given level.</doc>
<status status="PASS" start="2024-05-15T12:28:38.662209" elapsed="0.000166"/>
</kw>
<var name="${key}">location</var>
<status status="PASS" start="2024-05-15T12:28:38.660560" elapsed="0.002029"/>
</iter>
<iter>
<kw name="Dictionary Should Contain Key" owner="Collections">
<msg time="2024-05-15T12:28:38.663261" level="INFO">False</msg>
<arg>${json_data['results'][0]}</arg>
<arg>${key}</arg>
<doc>Fails if ``key`` is not found from ``dictionary``.</doc>
<status status="PASS" start="2024-05-15T12:28:38.662875" elapsed="0.000423"/>
</kw>
<kw name="Log" owner="BuiltIn">
<msg time="2024-05-15T12:28:38.664019" level="INFO">{'gender': 'female', 'name': {'title': 'Miss', 'first': 'Inmaculada', 'last': 'Álvarez'}, 'location': {'street': {'number': 8614, 'name': 'Avenida de América'}, 'city': 'Torrevieja', 'state': 'La Rioja', 'country': 'Spain', 'postcode': 47229, 'coordinates': {'latitude': '-36.2223', 'longitude': '26.8109'}, 'timezone': {'offset': '+6:00', 'description': 'Almaty, Dhaka, Colombo'}}, 'email': 'inmaculada.alvarez@example.com', 'login': {'uuid': '604cd0ec-608f-43e6-b061-184b6b195707', 'username': 'bigbird583', 'password': 'hhhhhh', 'salt': 'dI0m5znc', 'md5': 'dc8ba5487c89c2257ff79216f904a048', 'sha1': '6e462415adc4dcbbf782f276cd672cd14cbcba6c', 'sha256': '340578b5541f9234685d84f686bfdd0c2dcfc8c47cc568967226f9a661b366b2'}, 'dob': {'date': '1962-02-24T13:00:03.637Z', 'age': 62}, 'registered': {'date': '2016-04-23T06:40:28.957Z', 'age': 8}, 'phone': '970-534-049', 'cell': '645-133-248', 'id': {'name': 'DNI', 'value': '68590053-X'}, 'picture': {'large': 'https://randomuser.me/api/portraits/women/36.jpg', 'medium': 'https://randomuser.me/api/portraits/med/women/36.jpg', 'thumbnail': 'https://randomuser.me/api/portraits/thumb/women/36.jpg'}, 'nat': 'ES'}</msg>
<arg>${json_data['results'][0]}</arg>
<doc>Logs the given message with the given level.</doc>
<status status="PASS" start="2024-05-15T12:28:38.663655" elapsed="0.000414"/>
</kw>
<kw name="Log" owner="BuiltIn">
<msg time="2024-05-15T12:28:38.664488" level="INFO">email</msg>
<arg>${key}</arg>
<doc>Logs the given message with the given level.</doc>
<status status="PASS" start="2024-05-15T12:28:38.664361" elapsed="0.000164"/>
</kw>
<var name="${key}">email</var>
<status status="PASS" start="2024-05-15T12:28:38.662764" elapsed="0.001980"/>
</iter>
<iter>
<kw name="Dictionary Should Contain Key" owner="Collections">
<msg time="2024-05-15T12:28:38.665410" level="INFO">False</msg>
<arg>${json_data['results'][0]}</arg>
<arg>${key}</arg>
<doc>Fails if ``key`` is not found from ``dictionary``.</doc>
<status status="PASS" start="2024-05-15T12:28:38.665024" elapsed="0.000422"/>
</kw>
<kw name="Log" owner="BuiltIn">
<msg time="2024-05-15T12:28:38.666100" level="INFO">{'gender': 'female', 'name': {'title': 'Miss', 'first': 'Inmaculada', 'last': 'Álvarez'}, 'location': {'street': {'number': 8614, 'name': 'Avenida de América'}, 'city': 'Torrevieja', 'state': 'La Rioja', 'country': 'Spain', 'postcode': 47229, 'coordinates': {'latitude': '-36.2223', 'longitude': '26.8109'}, 'timezone': {'offset': '+6:00', 'description': 'Almaty, Dhaka, Colombo'}}, 'email': 'inmaculada.alvarez@example.com', 'login': {'uuid': '604cd0ec-608f-43e6-b061-184b6b195707', 'username': 'bigbird583', 'password': 'hhhhhh', 'salt': 'dI0m5znc', 'md5': 'dc8ba5487c89c2257ff79216f904a048', 'sha1': '6e462415adc4dcbbf782f276cd672cd14cbcba6c', 'sha256': '340578b5541f9234685d84f686bfdd0c2dcfc8c47cc568967226f9a661b366b2'}, 'dob': {'date': '1962-02-24T13:00:03.637Z', 'age': 62}, 'registered': {'date': '2016-04-23T06:40:28.957Z', 'age': 8}, 'phone': '970-534-049', 'cell': '645-133-248', 'id': {'name': 'DNI', 'value': '68590053-X'}, 'picture': {'large': 'https://randomuser.me/api/portraits/women/36.jpg', 'medium': 'https://randomuser.me/api/portraits/med/women/36.jpg', 'thumbnail': 'https://randomuser.me/api/portraits/thumb/women/36.jpg'}, 'nat': 'ES'}</msg>
<arg>${json_data['results'][0]}</arg>
<doc>Logs the given message with the given level.</doc>
<status status="PASS" start="2024-05-15T12:28:38.665737" elapsed="0.000412"/>
</kw>
<kw name="Log" owner="BuiltIn">
<msg time="2024-05-15T12:28:38.666584" level="INFO">login</msg>
<arg>${key}</arg>
<doc>Logs the given message with the given level.</doc>
<status status="PASS" start="2024-05-15T12:28:38.666453" elapsed="0.000170"/>
</kw>
<var name="${key}">login</var>
<status status="PASS" start="2024-05-15T12:28:38.664915" elapsed="0.001947"/>
</iter>
<var>${key}</var>
<value>@{expected_keys}</value>
<status status="PASS" start="2024-05-15T12:28:38.655863" elapsed="0.011124"/>
</for>
<kw name="Create List" owner="BuiltIn">
<msg time="2024-05-15T12:28:38.667316" level="INFO">${expected_keysTwo} = ['username', 'password']</msg>
<var>${expected_keysTwo}</var>
<arg>username</arg>
<arg>password</arg>
<doc>Returns a list containing given items.</doc>
<status status="PASS" start="2024-05-15T12:28:38.667180" elapsed="0.000185"/>
</kw>
<for flavor="IN">
<iter>
<kw name="Dictionary Should Contain Key" owner="Collections">
<msg time="2024-05-15T12:28:38.668278" level="INFO">False</msg>
<arg>${json_data['results'][0]['login']}</arg>
<arg>${keyTwo}</arg>
<doc>Fails if ``key`` is not found from ``dictionary``.</doc>
<status status="PASS" start="2024-05-15T12:28:38.667885" elapsed="0.000430"/>
</kw>
<kw name="Dictionary Should Contain Key" owner="Collections">
<msg time="2024-05-15T12:28:38.668988" level="INFO">False</msg>
<arg>${json_data['results'][0]['login']}</arg>
<arg>${keyTwo}</arg>
<doc>Fails if ``key`` is not found from ``dictionary``.</doc>
<status status="PASS" start="2024-05-15T12:28:38.668609" elapsed="0.000417"/>
</kw>
<kw name="Log" owner="BuiltIn">
<msg time="2024-05-15T12:28:38.669444" level="INFO">username</msg>
<arg>${keyTwo}</arg>
<doc>Logs the given message with the given level.</doc>
<status status="PASS" start="2024-05-15T12:28:38.669320" elapsed="0.000166"/>
</kw>
<var name="${keyTwo}">username</var>
<status status="PASS" start="2024-05-15T12:28:38.667777" elapsed="0.001921"/>
</iter>
<iter>
<kw name="Dictionary Should Contain Key" owner="Collections">
<msg time="2024-05-15T12:28:38.670365" level="INFO">False</msg>
<arg>${json_data['results'][0]['login']}</arg>
<arg>${keyTwo}</arg>
<doc>Fails if ``key`` is not found from ``dictionary``.</doc>
<status status="PASS" start="2024-05-15T12:28:38.669977" elapsed="0.000425"/>
</kw>
<kw name="Dictionary Should Contain Key" owner="Collections">
<msg time="2024-05-15T12:28:38.671164" level="INFO">False</msg>
<arg>${json_data['results'][0]['login']}</arg>
<arg>${keyTwo}</arg>
<doc>Fails if ``key`` is not found from ``dictionary``.</doc>
<status status="PASS" start="2024-05-15T12:28:38.670691" elapsed="0.000511"/>
</kw>
<kw name="Log" owner="BuiltIn">
<msg time="2024-05-15T12:28:38.671676" level="INFO">password</msg>
<arg>${keyTwo}</arg>
<doc>Logs the given message with the given level.</doc>
<status status="PASS" start="2024-05-15T12:28:38.671543" elapsed="0.000170"/>
</kw>
<var name="${keyTwo}">password</var>
<status status="PASS" start="2024-05-15T12:28:38.669869" elapsed="0.002066"/>
</iter>
<var>${keyTwo}</var>
<value>@{expected_keysTwo}</value>
<status status="PASS" start="2024-05-15T12:28:38.667617" elapsed="0.004439"/>
</for>
<status status="PASS" start="2024-05-15T12:28:38.576692" elapsed="0.095509"/>
</kw>
<doc>Testa a estrutura da resposta da API.</doc>
<tag>testeEstruturaResposta</tag>
<status status="PASS" start="2024-05-15T12:28:38.576130" elapsed="0.096232"/>
</test>
<test id="s1-s1-t4" name="Validar tipos de dados" line="28">
<kw name="Teste de Tipos de Dados" owner="random-user-service">
<kw name="GET On Session" owner="RequestsLibrary">
<msg time="2024-05-15T12:28:38.746811" level="INFO">GET Request : url=https://randomuser.me/api 
 path_url=/api 
 headers={'User-Agent': 'python-requests/2.31.0', 'Accept-Encoding': 'gzip, deflate', 'Accept': '*/*', 'Connection': 'keep-alive'} 
 body=None 
 </msg>
<msg time="2024-05-15T12:28:38.746938" level="INFO">GET Response : url=https://randomuser.me/api 
 status=200, reason=OK 
 headers={'Date': 'Wed, 15 May 2024 12:28:38 GMT', 'Content-Type': 'application/json; charset=utf-8', 'Transfer-Encoding': 'chunked', 'Connection': 'keep-alive', 'X-Powered-By': 'Express', 'Access-Control-Allow-Origin': '*', 'Cache-Control': 'no-cache', 'ETag': 'W/"49f-NFwHkBFlUD6PjPzmhOZ3gZHRblo"', 'Vary': 'Accept-Encoding', 'Content-Encoding': 'gzip', 'CF-Cache-Status': 'DYNAMIC', 'Report-To': '{"endpoints":[{"url":"https:\\/\\/a.nel.cloudflare.com\\/report\\/v4?s=aojOpD9kmec%2FoAN1LCFD3vu19FA67DQVNwDoJNoykPwK60Uc8F4ygmN2NdzIaw0JqDqZTcTAOb5avBYncKITNNuICB73BurdMbfOlmFssNv6dzR3F9YK0dMM43NhxvUe"}],"group":"cf-nel","max_age":604800}', 'NEL': '{"success_fraction":0,"report_to":"cf-nel","max_age":604800}', 'Server': 'cloudflare', 'CF-RAY': '88432105bfd9114d-ORD', 'alt-svc': 'h3=":443"; ma=86400'} 
 body={"results":[{"gender":"female","name":{"title":"Ms","first":"Gloria","last":"Romero"},"location":{"street":{"number":5785,"name":"Calle de Bravo Murillo"},"city":"Albacete","state":"Cantabria","country":"Spain","postcode":13078,"coordinates":{"latitude":"-38.2958","longitude":"116.1419"},"timezone":{"offset":"+5:30","description":"Bombay, Calcutta, Madras, New Delhi"}},"email":"gloria.romero@example.com","login":{"uuid":"6cdb9604-074d-45d8-a22d-7665a288ac0a","username":"ticklishladybug479","password":"boston","salt":"CrZv1F7i","md5":"4921bc901c69ac455421b703be5cd1f6","sha1":"8562f665cc0a58e6ca0e6cdf849aae705d8830b5","sha256":"caa1e5eda48d4ad569fb495b447be17d4db6a25af72c012ca7c9146a2c41d749"},"dob":{"date":"1967-05-14T18:24:36.039Z","age":57},"registered":{"date":"2009-03-29T21:01:23.283Z","age":15},"phone":"915-567-065","cell":"691-458-121","id":{"name":"DNI","value":"79615726-F"},"picture":{"large":"https://randomuser.me/api/portraits/women/65.jpg","medium":"https://randomuser.me/api/portraits/med/women/65.jpg","thumbnail":"https://randomuser.me/api/portraits/thumb/women/65.jpg"},"nat":"ES"}],"info":{"seed":"79f7e739e744222a","results":1,"page":1,"version":"1.4"}} 
 </msg>
<msg time="2024-05-15T12:28:38.747016" level="INFO">/opt/hostedtoolcache/Python/3.12.3/x64/lib/python3.12/site-packages/urllib3/connectionpool.py:1103: InsecureRequestWarning: Unverified HTTPS request is being made to host 'randomuser.me'. Adding certificate verification is strongly advised. See: https://urllib3.readthedocs.io/en/latest/advanced-usage.html#tls-warnings
  warnings.warn(</msg>
<msg time="2024-05-15T12:28:38.747151" level="INFO">${response} = &lt;Response [200]&gt;</msg>
<var>${response}</var>
<arg>consultarAPI</arg>
<arg>/api</arg>
<doc>Sends a GET request on a previously created HTTP Session.</doc>
<status status="PASS" start="2024-05-15T12:28:38.674913" elapsed="0.072288"/>
</kw>
<kw name="Set Variable" owner="BuiltIn">
<msg time="2024-05-15T12:28:38.748624" level="INFO">${json_data} = {'results': [{'gender': 'female', 'name': {'title': 'Ms', 'first': 'Gloria', 'last': 'Romero'}, 'location': {'street': {'number': 5785, 'name': 'Calle de Bravo Murillo'}, 'city': 'Albacete', 'state': ...</msg>
<var>${json_data}</var>
<arg>${response.json()}</arg>
<doc>Returns the given values which can then be assigned to a variables.</doc>
<status status="PASS" start="2024-05-15T12:28:38.748007" elapsed="0.000647"/>
</kw>
<kw name="Log" owner="BuiltIn">
<msg time="2024-05-15T12:28:38.749221" level="INFO">{'results': [{'gender': 'female', 'name': {'title': 'Ms', 'first': 'Gloria', 'last': 'Romero'}, 'location': {'street': {'number': 5785, 'name': 'Calle de Bravo Murillo'}, 'city': 'Albacete', 'state': 'Cantabria', 'country': 'Spain', 'postcode': 13078, 'coordinates': {'latitude': '-38.2958', 'longitude': '116.1419'}, 'timezone': {'offset': '+5:30', 'description': 'Bombay, Calcutta, Madras, New Delhi'}}, 'email': 'gloria.romero@example.com', 'login': {'uuid': '6cdb9604-074d-45d8-a22d-7665a288ac0a', 'username': 'ticklishladybug479', 'password': 'boston', 'salt': 'CrZv1F7i', 'md5': '4921bc901c69ac455421b703be5cd1f6', 'sha1': '8562f665cc0a58e6ca0e6cdf849aae705d8830b5', 'sha256': 'caa1e5eda48d4ad569fb495b447be17d4db6a25af72c012ca7c9146a2c41d749'}, 'dob': {'date': '1967-05-14T18:24:36.039Z', 'age': 57}, 'registered': {'date': '2009-03-29T21:01:23.283Z', 'age': 15}, 'phone': '915-567-065', 'cell': '691-458-121', 'id': {'name': 'DNI', 'value': '79615726-F'}, 'picture': {'large': 'https://randomuser.me/api/portraits/women/65.jpg', 'medium': 'https://randomuser.me/api/portraits/med/women/65.jpg', 'thumbnail': 'https://randomuser.me/api/portraits/thumb/women/65.jpg'}, 'nat': 'ES'}], 'info': {'seed': '79f7e739e744222a', 'results': 1, 'page': 1, 'version': '1.4'}}</msg>
<arg>${json_data}</arg>
<doc>Logs the given message with the given level.</doc>
<status status="PASS" start="2024-05-15T12:28:38.749041" elapsed="0.000268"/>
</kw>
<kw name="Should Be String" owner="String">
<arg>${json_data['results'][0]['gender']}</arg>
<doc>Fails if the given ``item`` is not a string.</doc>
<status status="PASS" start="2024-05-15T12:28:38.749639" elapsed="0.000399"/>
</kw>
<kw name="Should Match Regexp" owner="BuiltIn">
<arg>${json_data['results'][0]['email']}</arg>
<arg>^[a-zA-Z0-9._%+-]+@[a-zA-Z0-9.-]+\.[a-zA-Z]{2,}$</arg>
<doc>Fails if ``string`` does not match ``pattern`` as a regular expression.</doc>
<status status="PASS" start="2024-05-15T12:28:38.750243" elapsed="0.000541"/>
</kw>
<kw name="Should Match Regexp" owner="BuiltIn">
<arg>${json_data['results'][0]['dob']['date']}</arg>
<arg>\\d{4}-\\d{2}-\\d{2}T\\d{2}:\\d{2}:\\d{2}\\.\\d{3}Z</arg>
<doc>Fails if ``string`` does not match ``pattern`` as a regular expression.</doc>
<status status="PASS" start="2024-05-15T12:28:38.750985" elapsed="0.000572"/>
</kw>
<kw name="Should Match Regexp" owner="BuiltIn">
<arg>${json_data['results'][0]['registered']['date']}</arg>
<arg>\\d{4}-\\d{2}-\\d{2}T\\d{2}:\\d{2}:\\d{2}\\.\\d{3}Z</arg>
<doc>Fails if ``string`` does not match ``pattern`` as a regular expression.</doc>
<status status="PASS" start="2024-05-15T12:28:38.751768" elapsed="0.000379"/>
</kw>
<kw name="Should Match Regexp" owner="BuiltIn">
<arg>${json_data['results'][0]['picture']['large']}</arg>
<arg>^https?://.*\.(?:png|jpe?g|gif|bmp)$</arg>
<doc>Fails if ``string`` does not match ``pattern`` as a regular expression.</doc>
<status status="PASS" start="2024-05-15T12:28:38.752335" elapsed="0.000461"/>
</kw>
<kw name="Should Match Regexp" owner="BuiltIn">
<arg>${json_data['results'][0]['picture']['medium']}</arg>
<arg>^https?://.*\.(?:png|jpe?g|gif|bmp)$</arg>
<doc>Fails if ``string`` does not match ``pattern`` as a regular expression.</doc>
<status status="PASS" start="2024-05-15T12:28:38.752984" elapsed="0.000383"/>
</kw>
<kw name="Should Match Regexp" owner="BuiltIn">
<arg>${json_data['results'][0]['picture']['thumbnail']}</arg>
<arg>^https?://.*\.(?:png|jpe?g|gif|bmp)$</arg>
<doc>Fails if ``string`` does not match ``pattern`` as a regular expression.</doc>
<status status="PASS" start="2024-05-15T12:28:38.753591" elapsed="0.000411"/>
</kw>
<kw name="Log" owner="BuiltIn">
<msg time="2024-05-15T12:28:38.754562" level="INFO">{'large': 'https://randomuser.me/api/portraits/women/65.jpg', 'medium': 'https://randomuser.me/api/portraits/med/women/65.jpg', 'thumbnail': 'https://randomuser.me/api/portraits/thumb/women/65.jpg'}</msg>
<arg>${json_data['results'][0]['picture']}</arg>
<doc>Logs the given message with the given level.</doc>
<status status="PASS" start="2024-05-15T12:28:38.754193" elapsed="0.000413"/>
</kw>
<status status="PASS" start="2024-05-15T12:28:38.674673" elapsed="0.080258"/>
</kw>
<kw name="Teste de Tipos de Dados - Postcode" owner="random-user-service">
<kw name="GET On Session" owner="RequestsLibrary">
<msg time="2024-05-15T12:28:38.852478" level="INFO">GET Request : url=https://randomuser.me/api 
 path_url=/api 
 headers={'User-Agent': 'python-requests/2.31.0', 'Accept-Encoding': 'gzip, deflate', 'Accept': '*/*', 'Connection': 'keep-alive'} 
 body=None 
 </msg>
<msg time="2024-05-15T12:28:38.852579" level="INFO">GET Response : url=https://randomuser.me/api 
 status=200, reason=OK 
 headers={'Date': 'Wed, 15 May 2024 12:28:38 GMT', 'Content-Type': 'application/json; charset=utf-8', 'Transfer-Encoding': 'chunked', 'Connection': 'keep-alive', 'X-Powered-By': 'Express', 'Access-Control-Allow-Origin': '*', 'Cache-Control': 'no-cache', 'ETag': 'W/"497-IR4/0hy2w/pSMbcV8Ai9nMGrk/4"', 'Vary': 'Accept-Encoding', 'Content-Encoding': 'gzip', 'CF-Cache-Status': 'DYNAMIC', 'Report-To': '{"endpoints":[{"url":"https:\\/\\/a.nel.cloudflare.com\\/report\\/v4?s=75CTiOCVmmV9F3KgFTygRR19rr5SMs%2BWXDUR%2BQWG0DTT%2FxWfd7rL0bql2VXvvncNrykof9s28hE2vqN1ekf7pyHjmVXr0P76Wh7ks%2Bb7K0lSKHF2WbkmaXGB5FmBMJSr"}],"group":"cf-nel","max_age":604800}', 'NEL': '{"success_fraction":0,"report_to":"cf-nel","max_age":604800}', 'Server': 'cloudflare', 'CF-RAY': '88432106388e114d-ORD', 'alt-svc': 'h3=":443"; ma=86400'} 
 body={"results":[{"gender":"female","name":{"title":"Miss","first":"Biljana","last":"Karadžić"},"location":{"street":{"number":624,"name":"Cvijićeva"},"city":"Alibunar","state":"Bor","country":"Serbia","postcode":98843,"coordinates":{"latitude":"58.2800","longitude":"20.3485"},"timezone":{"offset":"-5:00","description":"Eastern Time (US &amp; Canada), Bogota, Lima"}},"email":"biljana.karadzic@example.com","login":{"uuid":"14240200-fa18-40d6-9896-85a8e735becb","username":"happylion433","password":"marathon","salt":"PhHbYxYH","md5":"4740fc0cf181df2d29e7e0d9b61c34ba","sha1":"b61f3bc22a2cda3e3793503d4d4190537c21d8dd","sha256":"8a509c76f5b44afaa9b183c56198fe44587d61b15f435113f04e23a2fcbff4ed"},"dob":{"date":"1981-07-16T09:41:06.188Z","age":42},"registered":{"date":"2013-02-17T14:54:46.210Z","age":11},"phone":"022-3787-745","cell":"069-0573-185","id":{"name":"SID","value":"753869196"},"picture":{"large":"https://randomuser.me/api/portraits/women/85.jpg","medium":"https://randomuser.me/api/portraits/med/women/85.jpg","thumbnail":"https://randomuser.me/api/portraits/thumb/women/85.jpg"},"nat":"RS"}],"info":{"seed":"e706a28ed60d3e60","results":1,"page":1,"version":"1.4"}} 
 </msg>
<msg time="2024-05-15T12:28:38.852661" level="INFO">/opt/hostedtoolcache/Python/3.12.3/x64/lib/python3.12/site-packages/urllib3/connectionpool.py:1103: InsecureRequestWarning: Unverified HTTPS request is being made to host 'randomuser.me'. Adding certificate verification is strongly advised. See: https://urllib3.readthedocs.io/en/latest/advanced-usage.html#tls-warnings
  warnings.warn(</msg>
<msg time="2024-05-15T12:28:38.852792" level="INFO">${response} = &lt;Response [200]&gt;</msg>
<var>${response}</var>
<arg>consultarAPI</arg>
<arg>/api</arg>
<doc>Sends a GET request on a previously created HTTP Session.</doc>
<status status="PASS" start="2024-05-15T12:28:38.755485" elapsed="0.097348"/>
</kw>
<kw name="Set Variable" owner="BuiltIn">
<msg time="2024-05-15T12:28:38.854127" level="INFO">${json_data} = {'results': [{'gender': 'female', 'name': {'title': 'Miss', 'first': 'Biljana', 'last': 'Karadžić'}, 'location': {'street': {'number': 624, 'name': 'Cvijićeva'}, 'city': 'Alibunar', 'state': 'Bor', 'c...</msg>
<var>${json_data}</var>
<arg>${response.json()}</arg>
<doc>Returns the given values which can then be assigned to a variables.</doc>
<status status="PASS" start="2024-05-15T12:28:38.853515" elapsed="0.000642"/>
</kw>
<kw name="Log" owner="BuiltIn">
<msg time="2024-05-15T12:28:38.854636" level="INFO">{'results': [{'gender': 'female', 'name': {'title': 'Miss', 'first': 'Biljana', 'last': 'Karadžić'}, 'location': {'street': {'number': 624, 'name': 'Cvijićeva'}, 'city': 'Alibunar', 'state': 'Bor', 'country': 'Serbia', 'postcode': 98843, 'coordinates': {'latitude': '58.2800', 'longitude': '20.3485'}, 'timezone': {'offset': '-5:00', 'description': 'Eastern Time (US &amp; Canada), Bogota, Lima'}}, 'email': 'biljana.karadzic@example.com', 'login': {'uuid': '14240200-fa18-40d6-9896-85a8e735becb', 'username': 'happylion433', 'password': 'marathon', 'salt': 'PhHbYxYH', 'md5': '4740fc0cf181df2d29e7e0d9b61c34ba', 'sha1': 'b61f3bc22a2cda3e3793503d4d4190537c21d8dd', 'sha256': '8a509c76f5b44afaa9b183c56198fe44587d61b15f435113f04e23a2fcbff4ed'}, 'dob': {'date': '1981-07-16T09:41:06.188Z', 'age': 42}, 'registered': {'date': '2013-02-17T14:54:46.210Z', 'age': 11}, 'phone': '022-3787-745', 'cell': '069-0573-185', 'id': {'name': 'SID', 'value': '753869196'}, 'picture': {'large': 'https://randomuser.me/api/portraits/women/85.jpg', 'medium': 'https://randomuser.me/api/portraits/med/women/85.jpg', 'thumbnail': 'https://randomuser.me/api/portraits/thumb/women/85.jpg'}, 'nat': 'RS'}], 'info': {'seed': 'e706a28ed60d3e60', 'results': 1, 'page': 1, 'version': '1.4'}}</msg>
<arg>${json_data}</arg>
<doc>Logs the given message with the given level.</doc>
<status status="PASS" start="2024-05-15T12:28:38.854475" elapsed="0.000249"/>
</kw>
<kw name="Should Be Equal As Numbers" owner="BuiltIn">
<arg>${json_data['results'][0]['location']['postcode']}</arg>
<arg>${json_data['results'][0]['location']['postcode']}</arg>
<doc>Fails if objects are unequal after converting them to real numbers.</doc>
<status status="PASS" start="2024-05-15T12:28:38.855023" elapsed="0.000857"/>
</kw>
<kw name="Log" owner="BuiltIn">
<msg time="2024-05-15T12:28:38.856409" level="INFO">98843</msg>
<arg>${json_data['results'][0]['location']['postcode']}</arg>
<doc>Logs the given message with the given level.</doc>
<status status="PASS" start="2024-05-15T12:28:38.856074" elapsed="0.000374"/>
</kw>
<status status="PASS" start="2024-05-15T12:28:38.755187" elapsed="0.101518"/>
</kw>
<doc>Testa se os tipos de dados na resposta da API estão corretos.</doc>
<tag>testeTiposDados</tag>
<status status="PASS" start="2024-05-15T12:28:38.674163" elapsed="0.182711"/>
</test>
<test id="s1-s1-t5" name="Validar conteudo" line="35">
<kw name="Teste de Tipos de Conteudo" owner="random-user-service">
<kw name="GET On Session" owner="RequestsLibrary">
<msg time="2024-05-15T12:28:38.945645" level="INFO">GET Request : url=https://randomuser.me/api 
 path_url=/api 
 headers={'User-Agent': 'python-requests/2.31.0', 'Accept-Encoding': 'gzip, deflate', 'Accept': '*/*', 'Connection': 'keep-alive'} 
 body=None 
 </msg>
<msg time="2024-05-15T12:28:38.945758" level="INFO">GET Response : url=https://randomuser.me/api 
 status=200, reason=OK 
 headers={'Date': 'Wed, 15 May 2024 12:28:38 GMT', 'Content-Type': 'application/json; charset=utf-8', 'Transfer-Encoding': 'chunked', 'Connection': 'keep-alive', 'X-Powered-By': 'Express', 'Access-Control-Allow-Origin': '*', 'Cache-Control': 'no-cache', 'ETag': 'W/"487-bNjWZ5q7C0vlTi/+0E2LOJSKr2o"', 'Vary': 'Accept-Encoding', 'Content-Encoding': 'gzip', 'CF-Cache-Status': 'DYNAMIC', 'Report-To': '{"endpoints":[{"url":"https:\\/\\/a.nel.cloudflare.com\\/report\\/v4?s=%2FNtukUtX4NYikGeE237Bsd9rG8m6wyL9h47q2tnQnAPJV5HBkv%2B9w925KRajc8OTdt7aLpns9l3jw%2Btx1Zsi%2FE6kcq%2FF4rb513z5M66WIq6lExCqC0Fj%2F5ghxx6mlyLq"}],"group":"cf-nel","max_age":604800}', 'NEL': '{"success_fraction":0,"report_to":"cf-nel","max_age":604800}', 'Server': 'cloudflare', 'CF-RAY': '88432106e99f114d-ORD', 'alt-svc': 'h3=":443"; ma=86400'} 
 body={"results":[{"gender":"female","name":{"title":"Mrs","first":"Meera","last":"Dawangave"},"location":{"street":{"number":8907,"name":"Rani No Hajiro"},"city":"New Delhi","state":"Goa","country":"India","postcode":84588,"coordinates":{"latitude":"10.4296","longitude":"25.0753"},"timezone":{"offset":"+6:00","description":"Almaty, Dhaka, Colombo"}},"email":"meera.dawangave@example.com","login":{"uuid":"645ceba4-dc77-449f-882f-7dbb91298ec7","username":"yellowkoala871","password":"bollocks","salt":"XEDqM0WI","md5":"6e905f9972d57253ce076160da24d66c","sha1":"82b54aa0e432b298c82a4d07e1c97e6f28daa938","sha256":"05900cad36855a569da0cabb230a4d7bb0e1a086ac1c04f00dc6f96a6ed8ba63"},"dob":{"date":"1985-06-03T01:07:29.545Z","age":38},"registered":{"date":"2017-03-07T14:41:50.918Z","age":7},"phone":"7155984985","cell":"8731468791","id":{"name":"UIDAI","value":"309886852519"},"picture":{"large":"https://randomuser.me/api/portraits/women/54.jpg","medium":"https://randomuser.me/api/portraits/med/women/54.jpg","thumbnail":"https://randomuser.me/api/portraits/thumb/women/54.jpg"},"nat":"IN"}],"info":{"seed":"90a9a831b7aee44c","results":1,"page":1,"version":"1.4"}} 
 </msg>
<msg time="2024-05-15T12:28:38.945841" level="INFO">/opt/hostedtoolcache/Python/3.12.3/x64/lib/python3.12/site-packages/urllib3/connectionpool.py:1103: InsecureRequestWarning: Unverified HTTPS request is being made to host 'randomuser.me'. Adding certificate verification is strongly advised. See: https://urllib3.readthedocs.io/en/latest/advanced-usage.html#tls-warnings
  warnings.warn(</msg>
<msg time="2024-05-15T12:28:38.945985" level="INFO">${response} = &lt;Response [200]&gt;</msg>
<var>${response}</var>
<arg>consultarAPI</arg>
<arg>/api</arg>
<doc>Sends a GET request on a previously created HTTP Session.</doc>
<status status="PASS" start="2024-05-15T12:28:38.859493" elapsed="0.086544"/>
</kw>
<kw name="Set Variable" owner="BuiltIn">
<msg time="2024-05-15T12:28:38.947431" level="INFO">${json_data} = {'results': [{'gender': 'female', 'name': {'title': 'Mrs', 'first': 'Meera', 'last': 'Dawangave'}, 'location': {'street': {'number': 8907, 'name': 'Rani No Hajiro'}, 'city': 'New Delhi', 'state': 'Goa...</msg>
<var>${json_data}</var>
<arg>${response.json()}</arg>
<doc>Returns the given values which can then be assigned to a variables.</doc>
<status status="PASS" start="2024-05-15T12:28:38.946745" elapsed="0.000721"/>
</kw>
<kw name="Set Variable" owner="BuiltIn">
<msg time="2024-05-15T12:28:38.948174" level="INFO">${name_title} = Mrs</msg>
<var>${name_title}</var>
<arg>${json_data["results"][0]["name"]["title"]}</arg>
<doc>Returns the given values which can then be assigned to a variables.</doc>
<status status="PASS" start="2024-05-15T12:28:38.947783" elapsed="0.000416"/>
</kw>
<kw name="Create List" owner="BuiltIn">
<msg time="2024-05-15T12:28:38.948656" level="INFO">${allowed_titles} = ['Mr', 'Ms', 'Miss', 'Mrs', 'Madame', 'Monsieur']</msg>
<var>${allowed_titles}</var>
<arg>Mr</arg>
<arg>Ms</arg>
<arg>Miss</arg>
<arg>Mrs</arg>
<arg>Madame</arg>
<arg>Monsieur</arg>
<doc>Returns a list containing given items.</doc>
<status status="PASS" start="2024-05-15T12:28:38.948509" elapsed="0.000171"/>
</kw>
<kw name="List Should Contain Value" owner="Collections">
<msg time="2024-05-15T12:28:38.949151" level="INFO">False</msg>
<arg>${allowed_titles}</arg>
<arg>${name_title}</arg>
<doc>Fails if the ``value`` is not found from ``list``.</doc>
<status status="PASS" start="2024-05-15T12:28:38.948980" elapsed="0.000208"/>
</kw>
<kw name="Set Variable" owner="BuiltIn">
<msg time="2024-05-15T12:28:38.949850" level="INFO">${name_country} = IN</msg>
<var>${name_country}</var>
<arg>${json_data["results"][0]["nat"]}</arg>
<doc>Returns the given values which can then be assigned to a variables.</doc>
<status status="PASS" start="2024-05-15T12:28:38.949477" elapsed="0.000397"/>
</kw>
<kw name="Create List" owner="BuiltIn">
<msg time="2024-05-15T12:28:38.950752" level="INFO">${list_country} = ['AD', 'AE', 'AF', 'AG', 'AI', 'AL', 'AM', 'AO', 'AQ', 'AR', 'AS', 'AT', 'AU', 'AW', 'AX', 'AZ', 'BA', 'BB', 'BD', 'BE', 'BF', 'BG', 'BH', 'BI', 'BJ', 'BL', 'BM', 'BN', 'BO', 'BQ', 'BR', 'BS', 'BT', '...</msg>
<var>${list_country}</var>
<arg>AD</arg>
<arg>AE</arg>
<arg>AF</arg>
<arg>AG</arg>
<arg>AI</arg>
<arg>AL</arg>
<arg>AM</arg>
<arg>AO</arg>
<arg>AQ</arg>
<arg>AR</arg>
<arg>AS</arg>
<arg>AT</arg>
<arg>AU</arg>
<arg>AW</arg>
<arg>AX</arg>
<arg>AZ</arg>
<arg>BA</arg>
<arg>BB</arg>
<arg>BD</arg>
<arg>BE</arg>
<arg>BF</arg>
<arg>BG</arg>
<arg>BH</arg>
<arg>BI</arg>
<arg>BJ</arg>
<arg>BL</arg>
<arg>BM</arg>
<arg>BN</arg>
<arg>BO</arg>
<arg>BQ</arg>
<arg>BR</arg>
<arg>BS</arg>
<arg>BT</arg>
<arg>BV</arg>
<arg>BW</arg>
<arg>BY</arg>
<arg>BZ</arg>
<arg>CA</arg>
<arg>CC</arg>
<arg>CD</arg>
<arg>CF</arg>
<arg>CG</arg>
<arg>CH</arg>
<arg>CI</arg>
<arg>CK</arg>
<arg>CL</arg>
<arg>CM</arg>
<arg>CN</arg>
<arg>CO</arg>
<arg>CR</arg>
<arg>CU</arg>
<arg>CV</arg>
<arg>CW</arg>
<arg>CX</arg>
<arg>CY</arg>
<arg>CZ</arg>
<arg>DE</arg>
<arg>DJ</arg>
<arg>DK</arg>
<arg>DM</arg>
<arg>DO</arg>
<arg>DZ</arg>
<arg>EC</arg>
<arg>EE</arg>
<arg>EG</arg>
<arg>EH</arg>
<arg>ER</arg>
<arg>ES</arg>
<arg>ET</arg>
<arg>FI</arg>
<arg>FJ</arg>
<arg>FK</arg>
<arg>FM</arg>
<arg>FO</arg>
<arg>FR</arg>
<arg>GA</arg>
<arg>GB</arg>
<arg>GD</arg>
<arg>GE</arg>
<arg>GF</arg>
<arg>GG</arg>
<arg>GH</arg>
<arg>GI</arg>
<arg>GL</arg>
<arg>GM</arg>
<arg>GN</arg>
<arg>GP</arg>
<arg>GQ</arg>
<arg>GR</arg>
<arg>GS</arg>
<arg>GT</arg>
<arg>GU</arg>
<arg>GW</arg>
<arg>GY</arg>
<arg>HK</arg>
<arg>HM</arg>
<arg>HN</arg>
<arg>HR</arg>
<arg>HT</arg>
<arg>HU</arg>
<arg>ID</arg>
<arg>IE</arg>
<arg>IL</arg>
<arg>IM</arg>
<arg>IN</arg>
<arg>IO</arg>
<arg>IQ</arg>
<arg>IR</arg>
<arg>IS</arg>
<arg>IT</arg>
<arg>JE</arg>
<arg>JM</arg>
<arg>JO</arg>
<arg>JP</arg>
<arg>KE</arg>
<arg>KG</arg>
<arg>KH</arg>
<arg>KI</arg>
<arg>KM</arg>
<arg>KN</arg>
<arg>KP</arg>
<arg>KR</arg>
<arg>KW</arg>
<arg>KY</arg>
<arg>KZ</arg>
<arg>LA</arg>
<arg>LB</arg>
<arg>LC</arg>
<arg>LI</arg>
<arg>LK</arg>
<arg>LR</arg>
<arg>LS</arg>
<arg>LT</arg>
<arg>LU</arg>
<arg>LV</arg>
<arg>LY</arg>
<arg>MA</arg>
<arg>MC</arg>
<arg>MD</arg>
<arg>ME</arg>
<arg>MF</arg>
<arg>MG</arg>
<arg>MH</arg>
<arg>MK</arg>
<arg>ML</arg>
<arg>MM</arg>
<arg>MN</arg>
<arg>MO</arg>
<arg>MP</arg>
<arg>MQ</arg>
<arg>MR</arg>
<arg>MS</arg>
<arg>MT</arg>
<arg>MU</arg>
<arg>MV</arg>
<arg>MW</arg>
<arg>MX</arg>
<arg>MY</arg>
<arg>MZ</arg>
<arg>NA</arg>
<arg>NC</arg>
<arg>NE</arg>
<arg>NF</arg>
<arg>NG</arg>
<arg>NI</arg>
<arg>NL</arg>
<arg>NO</arg>
<arg>NP</arg>
<arg>NR</arg>
<arg>NU</arg>
<arg>NZ</arg>
<arg>OM</arg>
<arg>PA</arg>
<arg>PE</arg>
<arg>PF</arg>
<arg>PG</arg>
<arg>PH</arg>
<arg>PK</arg>
<arg>PL</arg>
<arg>PM</arg>
<arg>PN</arg>
<arg>PR</arg>
<arg>PS</arg>
<arg>PT</arg>
<arg>PW</arg>
<arg>PY</arg>
<arg>QA</arg>
<arg>RE</arg>
<arg>RO</arg>
<arg>RS</arg>
<arg>RU</arg>
<arg>RW</arg>
<arg>SA</arg>
<arg>SB</arg>
<arg>SC</arg>
<arg>SD</arg>
<arg>SE</arg>
<arg>SG</arg>
<arg>SH</arg>
<arg>SI</arg>
<arg>SJ</arg>
<arg>SK</arg>
<arg>SL</arg>
<arg>SM</arg>
<arg>SN</arg>
<arg>SO</arg>
<arg>SR</arg>
<arg>SS</arg>
<arg>ST</arg>
<arg>SV</arg>
<arg>SX</arg>
<arg>SY</arg>
<arg>SZ</arg>
<arg>TC</arg>
<arg>TD</arg>
<arg>TF</arg>
<arg>TG</arg>
<arg>TH</arg>
<arg>TJ</arg>
<arg>TK</arg>
<arg>TL</arg>
<arg>TM</arg>
<arg>TN</arg>
<arg>TO</arg>
<arg>TR</arg>
<arg>TT</arg>
<arg>TV</arg>
<arg>TW</arg>
<arg>TZ</arg>
<arg>UA</arg>
<arg>UG</arg>
<arg>UM</arg>
<arg>US</arg>
<arg>UY</arg>
<arg>UZ</arg>
<arg>VA</arg>
<arg>VC</arg>
<arg>VE</arg>
<arg>VG</arg>
<arg>VI</arg>
<arg>VN</arg>
<arg>VU</arg>
<arg>WF</arg>
<arg>WS</arg>
<arg>XK</arg>
<arg>YE</arg>
<arg>YT</arg>
<arg>ZA</arg>
<arg>ZM</arg>
<arg>ZW</arg>
<doc>Returns a list containing given items.</doc>
<status status="PASS" start="2024-05-15T12:28:38.950173" elapsed="0.000604"/>
</kw>
<kw name="List Should Contain Value" owner="Collections">
<msg time="2024-05-15T12:28:38.951797" level="INFO">False</msg>
<arg>${list_country}</arg>
<arg>${name_country}</arg>
<doc>Fails if the ``value`` is not found from ``list``.</doc>
<status status="PASS" start="2024-05-15T12:28:38.951598" elapsed="0.000234"/>
</kw>
<kw name="Run Keyword If" owner="BuiltIn">
<kw name="Should Be True" owner="BuiltIn">
<arg>${True}</arg>
<doc>Fails if the given condition is not true.</doc>
<status status="PASS" start="2024-05-15T12:28:38.952893" elapsed="0.000141"/>
</kw>
<arg>${json_data["results"][0]["location"]["coordinates"]["latitude"]} &gt;= -90 and ${json_data["results"][0]["location"]["coordinates"]["latitude"]} &lt;= 90</arg>
<arg>Should Be True</arg>
<arg>${True}</arg>
<doc>Runs the given keyword with the given arguments, if ``condition`` is true.</doc>
<status status="PASS" start="2024-05-15T12:28:38.952144" elapsed="0.001013"/>
</kw>
<kw name="Run Keyword If" owner="BuiltIn">
<kw name="Should Be True" owner="BuiltIn">
<arg>${True}</arg>
<doc>Fails if the given condition is not true.</doc>
<status status="PASS" start="2024-05-15T12:28:38.954036" elapsed="0.000258"/>
</kw>
<arg>${json_data["results"][0]["location"]["coordinates"]["longitude"]} &gt;= -180 and ${json_data["results"][0]["location"]["coordinates"]["longitude"]} &lt;= 180</arg>
<arg>Should Be True</arg>
<arg>${True}</arg>
<doc>Runs the given keyword with the given arguments, if ``condition`` is true.</doc>
<status status="PASS" start="2024-05-15T12:28:38.953340" elapsed="0.001080"/>
</kw>
<status status="PASS" start="2024-05-15T12:28:38.859224" elapsed="0.095326"/>
</kw>
<doc>Testa o conteúdo específico dos campos retornados pela API.</doc>
<tag>testeConteudo</tag>
<status status="PASS" start="2024-05-15T12:28:38.858666" elapsed="0.096036"/>
</test>
<status status="PASS" start="2024-05-15T12:28:38.009113" elapsed="0.947682"/>
</suite>
<status status="PASS" start="2024-05-15T12:28:37.995092" elapsed="0.967021"/>
</suite>
<statistics>
<total>
<stat pass="5" fail="0" skip="0">All Tests</stat>
</total>
<tag>
<stat pass="1" fail="0" skip="0">testeConteudo</stat>
<stat pass="1" fail="0" skip="0">testeEstruturaResposta</stat>
<stat pass="1" fail="0" skip="0">testeRequisicaoBasica</stat>
<stat pass="1" fail="0" skip="0">testeTiposDados</stat>
</tag>
<suite>
<stat pass="5" fail="0" skip="0" id="s1" name="Tests">Tests</stat>
<stat pass="5" fail="0" skip="0" id="s1-s1" name="Random-User-Test">Tests.Random-User-Test</stat>
</suite>
</statistics>
<errors>
</errors>
</robot>
