<?xml version="1.0" encoding="UTF-8"?>
<robot generator="Robot 7.0 (Python 3.12.2 on linux)" generated="2024-03-26T23:15:00.066465" rpa="false" schemaversion="5">
<suite id="s1" name="Tests" source="/home/runner/work/DesafioQAItauRogerioJordao/DesafioQAItauRogerioJordao/RamdonUser/tests">
<suite id="s1-s1" name="Random-User-Test" source="/home/runner/work/DesafioQAItauRogerioJordao/DesafioQAItauRogerioJordao/RamdonUser/tests/random-user-test.robot">
<test id="s1-s1-t1" name="Conectar" line="13">
<kw name="Conectar API" owner="random-user-service">
<kw name="Create Session" owner="RequestsLibrary">
<msg time="2024-03-26T23:15:00.431639" level="INFO">Creating Session using : alias=consultarAPI, url=https://randomuser.me/, headers={},                     cookies={}, auth=None, timeout=None, proxies=None, verify=False,                     debug=0 </msg>
<arg>consultarAPI</arg>
<arg>${URL}</arg>
<doc>Create Session: create a HTTP session to a server</doc>
<status status="PASS" start="2024-03-26T23:15:00.431433" elapsed="0.000380"/>
</kw>
<status status="PASS" start="2024-03-26T23:15:00.430330" elapsed="0.001860"/>
</kw>
<status status="PASS" start="2024-03-26T23:15:00.429803" elapsed="0.002595"/>
</test>
<test id="s1-s1-t2" name="Validar retorno 200 e JSON Válido" line="16">
<kw name="Teste de Requisicao Basica" owner="random-user-service">
<kw name="GET On Session" owner="RequestsLibrary">
<msg time="2024-03-26T23:15:00.777351" level="INFO">GET Request : url=https://randomuser.me/api 
 path_url=/api 
 headers={'User-Agent': 'python-requests/2.31.0', 'Accept-Encoding': 'gzip, deflate', 'Accept': '*/*', 'Connection': 'keep-alive'} 
 body=None 
 </msg>
<msg time="2024-03-26T23:15:00.777516" level="INFO">GET Response : url=https://randomuser.me/api 
 status=200, reason=OK 
 headers={'Date': 'Tue, 26 Mar 2024 23:15:00 GMT', 'Content-Type': 'application/json; charset=utf-8', 'Transfer-Encoding': 'chunked', 'Connection': 'keep-alive', 'X-Powered-By': 'Express', 'Access-Control-Allow-Origin': '*', 'Cache-Control': 'no-cache', 'ETag': 'W/"4ae-2ePmsrZ9LWMuiVr4qWI7SiYFoEo"', 'Vary': 'Accept-Encoding', 'Content-Encoding': 'gzip', 'CF-Cache-Status': 'DYNAMIC', 'Report-To': '{"endpoints":[{"url":"https:\\/\\/a.nel.cloudflare.com\\/report\\/v4?s=D3ENJOJpLlTkTloSbmDtJ%2BfbaalJ4OX4R72Orc1abpBXAoR9GvgvB%2FE4%2BRQI5J0osv9TiWxDsVBC9lUOMYLjcYAKY%2BiQTQdzGahAxFiDCSniiozrMGa6VFoZEkA%2BdQVs"}],"group":"cf-nel","max_age":604800}', 'NEL': '{"success_fraction":0,"report_to":"cf-nel","max_age":604800}', 'Server': 'cloudflare', 'CF-RAY': '86aad718bf2bdbc2-LAX', 'alt-svc': 'h3=":443"; ma=86400'} 
 body={"results":[{"gender":"male","name":{"title":"Mr","first":"Zardilaque","last":"Rodrigues"},"location":{"street":{"number":8454,"name":"Rua Santa Rita "},"city":"Nova Friburgo","state":"Espírito Santo","country":"Brazil","postcode":64353,"coordinates":{"latitude":"-78.7512","longitude":"-63.4870"},"timezone":{"offset":"+9:00","description":"Tokyo, Seoul, Osaka, Sapporo, Yakutsk"}},"email":"zardilaque.rodrigues@example.com","login":{"uuid":"fdeda949-aa00-40ca-88e1-54986ab96529","username":"tinybird433","password":"leroy","salt":"NNcabXOX","md5":"3439d5539600120530bb1ff7e25ba2d8","sha1":"548b93cd43883781bbbf933ec998b612ebe6e8dc","sha256":"7ef07427d0d7cf68ed3f4253347a3c28c09f798a0a1a909571f7fc86bd4fb3b6"},"dob":{"date":"1961-10-12T01:06:04.427Z","age":62},"registered":{"date":"2014-01-31T16:19:42.076Z","age":10},"phone":"(36) 6643-1556","cell":"(01) 2905-5011","id":{"name":"CPF","value":"516.961.571-87"},"picture":{"large":"https://randomuser.me/api/portraits/men/50.jpg","medium":"https://randomuser.me/api/portraits/med/men/50.jpg","thumbnail":"https://randomuser.me/api/portraits/thumb/men/50.jpg"},"nat":"BR"}],"info":{"seed":"f8f92ba8ffc7ebd0","results":1,"page":1,"version":"1.4"}} 
 </msg>
<msg time="2024-03-26T23:15:00.777653" level="INFO">/opt/hostedtoolcache/Python/3.12.2/x64/lib/python3.12/site-packages/urllib3/connectionpool.py:1103: InsecureRequestWarning: Unverified HTTPS request is being made to host 'randomuser.me'. Adding certificate verification is strongly advised. See: https://urllib3.readthedocs.io/en/latest/advanced-usage.html#tls-warnings
  warnings.warn(</msg>
<msg time="2024-03-26T23:15:00.777828" level="INFO">${response} = &lt;Response [200]&gt;</msg>
<var>${response}</var>
<arg>consultarAPI</arg>
<arg>/api</arg>
<doc>Sends a GET request on a previously created HTTP Session.</doc>
<status status="PASS" start="2024-03-26T23:15:00.435002" elapsed="0.342889"/>
</kw>
<kw name="Should Be Equal As Numbers" owner="BuiltIn">
<msg time="2024-03-26T23:15:00.779179" level="INFO">Argument types are:
&lt;class 'int'&gt;
&lt;class 'str'&gt;</msg>
<arg>${response.status_code}</arg>
<arg>200</arg>
<doc>Fails if objects are unequal after converting them to real numbers.</doc>
<status status="PASS" start="2024-03-26T23:15:00.778611" elapsed="0.000634"/>
</kw>
<kw name="Log" owner="BuiltIn">
<msg time="2024-03-26T23:15:00.779927" level="INFO">200</msg>
<arg>${response.status_code}</arg>
<doc>Logs the given message with the given level.</doc>
<status status="PASS" start="2024-03-26T23:15:00.779576" elapsed="0.000394"/>
</kw>
<kw name="Set Variable" owner="BuiltIn">
<msg time="2024-03-26T23:15:00.780756" level="INFO">${json_data} = {'results': [{'gender': 'male', 'name': {'title': 'Mr', 'first': 'Zardilaque', 'last': 'Rodrigues'}, 'location': {'street': {'number': 8454, 'name': 'Rua Santa Rita '}, 'city': 'Nova Friburgo', 'state...</msg>
<var>${json_data}</var>
<arg>${response.json()}</arg>
<doc>Returns the given values which can then be assigned to a variables.</doc>
<status status="PASS" start="2024-03-26T23:15:00.780311" elapsed="0.000473"/>
</kw>
<kw name="Dictionary Should Contain Key" owner="Collections">
<msg time="2024-03-26T23:15:00.781248" level="INFO">False</msg>
<arg>${json_data}</arg>
<arg>results</arg>
<doc>Fails if ``key`` is not found from ``dictionary``.</doc>
<status status="PASS" start="2024-03-26T23:15:00.781082" elapsed="0.000204"/>
</kw>
<status status="PASS" start="2024-03-26T23:15:00.434748" elapsed="0.346791"/>
</kw>
<doc>Testa se a API responde corretamente e retorna um objeto JSON válido.</doc>
<tag>testeRequisicaoBasica</tag>
<status status="PASS" start="2024-03-26T23:15:00.434276" elapsed="0.347446"/>
</test>
<test id="s1-s1-t3" name="Validar estrutura de resposta" line="22">
<kw name="Teste de Estrutura de Resposta" owner="random-user-service">
<kw name="GET On Session" owner="RequestsLibrary">
<msg time="2024-03-26T23:15:00.897287" level="INFO">GET Request : url=https://randomuser.me/api 
 path_url=/api 
 headers={'User-Agent': 'python-requests/2.31.0', 'Accept-Encoding': 'gzip, deflate', 'Accept': '*/*', 'Connection': 'keep-alive'} 
 body=None 
 </msg>
<msg time="2024-03-26T23:15:00.897371" level="INFO">GET Response : url=https://randomuser.me/api 
 status=200, reason=OK 
 headers={'Date': 'Tue, 26 Mar 2024 23:15:00 GMT', 'Content-Type': 'application/json; charset=utf-8', 'Transfer-Encoding': 'chunked', 'Connection': 'keep-alive', 'X-Powered-By': 'Express', 'Access-Control-Allow-Origin': '*', 'Cache-Control': 'no-cache', 'ETag': 'W/"496-n/Fp8FOa/qMfwzYfoGS2UgH0TCQ"', 'Vary': 'Accept-Encoding', 'Content-Encoding': 'gzip', 'CF-Cache-Status': 'DYNAMIC', 'Report-To': '{"endpoints":[{"url":"https:\\/\\/a.nel.cloudflare.com\\/report\\/v4?s=Yd2TXKtyIvOjLyk%2Bjnr%2FHJb%2FdUjubtaqteN4LCKiY7NwjACuuL62YlCRGw1X8acyIld6Nq9RkXibooIcM0XetJI%2BygMCr1AjhYJNLupEWga06JHPbCQbFukTtYrKJIKZ"}],"group":"cf-nel","max_age":604800}', 'NEL': '{"success_fraction":0,"report_to":"cf-nel","max_age":604800}', 'Server': 'cloudflare', 'CF-RAY': '86aad719f8b6dbc2-LAX', 'alt-svc': 'h3=":443"; ma=86400'} 
 body={"results":[{"gender":"male","name":{"title":"Mr","first":"Adolfo","last":"Prieto"},"location":{"street":{"number":2640,"name":"Calle de Atocha"},"city":"Oviedo","state":"Comunidad de Madrid","country":"Spain","postcode":32844,"coordinates":{"latitude":"-38.2765","longitude":"-61.7283"},"timezone":{"offset":"+10:00","description":"Eastern Australia, Guam, Vladivostok"}},"email":"adolfo.prieto@example.com","login":{"uuid":"0bf46984-06c0-4403-a73b-2647a3a41ba9","username":"bluepanda261","password":"johannes","salt":"ayVdpaoh","md5":"0583f4cdf1e5a2d3ca75cc1a87fce4e1","sha1":"4f4818913e797681456b07f3eb317339b4af6093","sha256":"85be9593cb484a0ac7d58f0fa6a3f846f0c746fc330987c6fb72aae4c88c010b"},"dob":{"date":"1968-03-16T21:03:40.573Z","age":56},"registered":{"date":"2008-04-16T02:16:28.261Z","age":15},"phone":"962-620-765","cell":"634-389-482","id":{"name":"DNI","value":"03313860-Q"},"picture":{"large":"https://randomuser.me/api/portraits/men/48.jpg","medium":"https://randomuser.me/api/portraits/med/men/48.jpg","thumbnail":"https://randomuser.me/api/portraits/thumb/men/48.jpg"},"nat":"ES"}],"info":{"seed":"20930b577f4ae886","results":1,"page":1,"version":"1.4"}} 
 </msg>
<msg time="2024-03-26T23:15:00.897507" level="INFO">/opt/hostedtoolcache/Python/3.12.2/x64/lib/python3.12/site-packages/urllib3/connectionpool.py:1103: InsecureRequestWarning: Unverified HTTPS request is being made to host 'randomuser.me'. Adding certificate verification is strongly advised. See: https://urllib3.readthedocs.io/en/latest/advanced-usage.html#tls-warnings
  warnings.warn(</msg>
<msg time="2024-03-26T23:15:00.897632" level="INFO">${response} = &lt;Response [200]&gt;</msg>
<var>${response}</var>
<arg>consultarAPI</arg>
<arg>/api</arg>
<doc>Sends a GET request on a previously created HTTP Session.</doc>
<status status="PASS" start="2024-03-26T23:15:00.784417" elapsed="0.113270"/>
</kw>
<kw name="Set Variable" owner="BuiltIn">
<msg time="2024-03-26T23:15:00.898953" level="INFO">${json_data} = {'results': [{'gender': 'male', 'name': {'title': 'Mr', 'first': 'Adolfo', 'last': 'Prieto'}, 'location': {'street': {'number': 2640, 'name': 'Calle de Atocha'}, 'city': 'Oviedo', 'state': 'Comunidad ...</msg>
<var>${json_data}</var>
<arg>${response.json()}</arg>
<doc>Returns the given values which can then be assigned to a variables.</doc>
<status status="PASS" start="2024-03-26T23:15:00.898276" elapsed="0.000706"/>
</kw>
<kw name="Log" owner="BuiltIn">
<msg time="2024-03-26T23:15:00.899449" level="INFO">{'results': [{'gender': 'male', 'name': {'title': 'Mr', 'first': 'Adolfo', 'last': 'Prieto'}, 'location': {'street': {'number': 2640, 'name': 'Calle de Atocha'}, 'city': 'Oviedo', 'state': 'Comunidad de Madrid', 'country': 'Spain', 'postcode': 32844, 'coordinates': {'latitude': '-38.2765', 'longitude': '-61.7283'}, 'timezone': {'offset': '+10:00', 'description': 'Eastern Australia, Guam, Vladivostok'}}, 'email': 'adolfo.prieto@example.com', 'login': {'uuid': '0bf46984-06c0-4403-a73b-2647a3a41ba9', 'username': 'bluepanda261', 'password': 'johannes', 'salt': 'ayVdpaoh', 'md5': '0583f4cdf1e5a2d3ca75cc1a87fce4e1', 'sha1': '4f4818913e797681456b07f3eb317339b4af6093', 'sha256': '85be9593cb484a0ac7d58f0fa6a3f846f0c746fc330987c6fb72aae4c88c010b'}, 'dob': {'date': '1968-03-16T21:03:40.573Z', 'age': 56}, 'registered': {'date': '2008-04-16T02:16:28.261Z', 'age': 15}, 'phone': '962-620-765', 'cell': '634-389-482', 'id': {'name': 'DNI', 'value': '03313860-Q'}, 'picture': {'large': 'https://randomuser.me/api/portraits/men/48.jpg', 'medium': 'https://randomuser.me/api/portraits/med/men/48.jpg', 'thumbnail': 'https://randomuser.me/api/portraits/thumb/men/48.jpg'}, 'nat': 'ES'}], 'info': {'seed': '20930b577f4ae886', 'results': 1, 'page': 1, 'version': '1.4'}}</msg>
<arg>${json_data}</arg>
<doc>Logs the given message with the given level.</doc>
<status status="PASS" start="2024-03-26T23:15:00.899292" elapsed="0.000205"/>
</kw>
<kw name="Dictionary Should Contain Key" owner="Collections">
<msg time="2024-03-26T23:15:00.899943" level="INFO">False</msg>
<arg>${json_data}</arg>
<arg>results</arg>
<doc>Fails if ``key`` is not found from ``dictionary``.</doc>
<status status="PASS" start="2024-03-26T23:15:00.899790" elapsed="0.000191"/>
</kw>
<kw name="Should Not Be Empty" owner="BuiltIn">
<msg time="2024-03-26T23:15:00.900456" level="INFO">Length is 2.</msg>
<arg>${json_data}</arg>
<doc>Verifies that the given item is not empty.</doc>
<status status="PASS" start="2024-03-26T23:15:00.900319" elapsed="0.000175"/>
</kw>
<kw name="Create List" owner="BuiltIn">
<msg time="2024-03-26T23:15:00.900955" level="INFO">${expected_keys} = ['gender', 'name', 'location', 'email', 'login']</msg>
<var>${expected_keys}</var>
<arg>gender</arg>
<arg>name</arg>
<arg>location</arg>
<arg>email</arg>
<arg>login</arg>
<doc>Returns a list containing given items.</doc>
<status status="PASS" start="2024-03-26T23:15:00.900796" elapsed="0.000183"/>
</kw>
<for flavor="IN">
<iter>
<kw name="Dictionary Should Contain Key" owner="Collections">
<msg time="2024-03-26T23:15:00.901939" level="INFO">False</msg>
<arg>${json_data['results'][0]}</arg>
<arg>${key}</arg>
<doc>Fails if ``key`` is not found from ``dictionary``.</doc>
<status status="PASS" start="2024-03-26T23:15:00.901539" elapsed="0.000439"/>
</kw>
<kw name="Log" owner="BuiltIn">
<msg time="2024-03-26T23:15:00.902667" level="INFO">{'gender': 'male', 'name': {'title': 'Mr', 'first': 'Adolfo', 'last': 'Prieto'}, 'location': {'street': {'number': 2640, 'name': 'Calle de Atocha'}, 'city': 'Oviedo', 'state': 'Comunidad de Madrid', 'country': 'Spain', 'postcode': 32844, 'coordinates': {'latitude': '-38.2765', 'longitude': '-61.7283'}, 'timezone': {'offset': '+10:00', 'description': 'Eastern Australia, Guam, Vladivostok'}}, 'email': 'adolfo.prieto@example.com', 'login': {'uuid': '0bf46984-06c0-4403-a73b-2647a3a41ba9', 'username': 'bluepanda261', 'password': 'johannes', 'salt': 'ayVdpaoh', 'md5': '0583f4cdf1e5a2d3ca75cc1a87fce4e1', 'sha1': '4f4818913e797681456b07f3eb317339b4af6093', 'sha256': '85be9593cb484a0ac7d58f0fa6a3f846f0c746fc330987c6fb72aae4c88c010b'}, 'dob': {'date': '1968-03-16T21:03:40.573Z', 'age': 56}, 'registered': {'date': '2008-04-16T02:16:28.261Z', 'age': 15}, 'phone': '962-620-765', 'cell': '634-389-482', 'id': {'name': 'DNI', 'value': '03313860-Q'}, 'picture': {'large': 'https://randomuser.me/api/portraits/men/48.jpg', 'medium': 'https://randomuser.me/api/portraits/med/men/48.jpg', 'thumbnail': 'https://randomuser.me/api/portraits/thumb/men/48.jpg'}, 'nat': 'ES'}</msg>
<arg>${json_data['results'][0]}</arg>
<doc>Logs the given message with the given level.</doc>
<status status="PASS" start="2024-03-26T23:15:00.902280" elapsed="0.000442"/>
</kw>
<kw name="Log" owner="BuiltIn">
<msg time="2024-03-26T23:15:00.903147" level="INFO">gender</msg>
<arg>${key}</arg>
<doc>Logs the given message with the given level.</doc>
<status status="PASS" start="2024-03-26T23:15:00.903019" elapsed="0.000165"/>
</kw>
<var name="${key}">gender</var>
<status status="PASS" start="2024-03-26T23:15:00.901415" elapsed="0.001987"/>
</iter>
<iter>
<kw name="Dictionary Should Contain Key" owner="Collections">
<msg time="2024-03-26T23:15:00.904080" level="INFO">False</msg>
<arg>${json_data['results'][0]}</arg>
<arg>${key}</arg>
<doc>Fails if ``key`` is not found from ``dictionary``.</doc>
<status status="PASS" start="2024-03-26T23:15:00.903704" elapsed="0.000412"/>
</kw>
<kw name="Log" owner="BuiltIn">
<msg time="2024-03-26T23:15:00.904835" level="INFO">{'gender': 'male', 'name': {'title': 'Mr', 'first': 'Adolfo', 'last': 'Prieto'}, 'location': {'street': {'number': 2640, 'name': 'Calle de Atocha'}, 'city': 'Oviedo', 'state': 'Comunidad de Madrid', 'country': 'Spain', 'postcode': 32844, 'coordinates': {'latitude': '-38.2765', 'longitude': '-61.7283'}, 'timezone': {'offset': '+10:00', 'description': 'Eastern Australia, Guam, Vladivostok'}}, 'email': 'adolfo.prieto@example.com', 'login': {'uuid': '0bf46984-06c0-4403-a73b-2647a3a41ba9', 'username': 'bluepanda261', 'password': 'johannes', 'salt': 'ayVdpaoh', 'md5': '0583f4cdf1e5a2d3ca75cc1a87fce4e1', 'sha1': '4f4818913e797681456b07f3eb317339b4af6093', 'sha256': '85be9593cb484a0ac7d58f0fa6a3f846f0c746fc330987c6fb72aae4c88c010b'}, 'dob': {'date': '1968-03-16T21:03:40.573Z', 'age': 56}, 'registered': {'date': '2008-04-16T02:16:28.261Z', 'age': 15}, 'phone': '962-620-765', 'cell': '634-389-482', 'id': {'name': 'DNI', 'value': '03313860-Q'}, 'picture': {'large': 'https://randomuser.me/api/portraits/men/48.jpg', 'medium': 'https://randomuser.me/api/portraits/med/men/48.jpg', 'thumbnail': 'https://randomuser.me/api/portraits/thumb/men/48.jpg'}, 'nat': 'ES'}</msg>
<arg>${json_data['results'][0]}</arg>
<doc>Logs the given message with the given level.</doc>
<status status="PASS" start="2024-03-26T23:15:00.904477" elapsed="0.000406"/>
</kw>
<kw name="Log" owner="BuiltIn">
<msg time="2024-03-26T23:15:00.905305" level="INFO">name</msg>
<arg>${key}</arg>
<doc>Logs the given message with the given level.</doc>
<status status="PASS" start="2024-03-26T23:15:00.905179" elapsed="0.000164"/>
</kw>
<var name="${key}">name</var>
<status status="PASS" start="2024-03-26T23:15:00.903590" elapsed="0.001967"/>
</iter>
<iter>
<kw name="Dictionary Should Contain Key" owner="Collections">
<msg time="2024-03-26T23:15:00.906222" level="INFO">False</msg>
<arg>${json_data['results'][0]}</arg>
<arg>${key}</arg>
<doc>Fails if ``key`` is not found from ``dictionary``.</doc>
<status status="PASS" start="2024-03-26T23:15:00.905852" elapsed="0.000406"/>
</kw>
<kw name="Log" owner="BuiltIn">
<msg time="2024-03-26T23:15:00.906921" level="INFO">{'gender': 'male', 'name': {'title': 'Mr', 'first': 'Adolfo', 'last': 'Prieto'}, 'location': {'street': {'number': 2640, 'name': 'Calle de Atocha'}, 'city': 'Oviedo', 'state': 'Comunidad de Madrid', 'country': 'Spain', 'postcode': 32844, 'coordinates': {'latitude': '-38.2765', 'longitude': '-61.7283'}, 'timezone': {'offset': '+10:00', 'description': 'Eastern Australia, Guam, Vladivostok'}}, 'email': 'adolfo.prieto@example.com', 'login': {'uuid': '0bf46984-06c0-4403-a73b-2647a3a41ba9', 'username': 'bluepanda261', 'password': 'johannes', 'salt': 'ayVdpaoh', 'md5': '0583f4cdf1e5a2d3ca75cc1a87fce4e1', 'sha1': '4f4818913e797681456b07f3eb317339b4af6093', 'sha256': '85be9593cb484a0ac7d58f0fa6a3f846f0c746fc330987c6fb72aae4c88c010b'}, 'dob': {'date': '1968-03-16T21:03:40.573Z', 'age': 56}, 'registered': {'date': '2008-04-16T02:16:28.261Z', 'age': 15}, 'phone': '962-620-765', 'cell': '634-389-482', 'id': {'name': 'DNI', 'value': '03313860-Q'}, 'picture': {'large': 'https://randomuser.me/api/portraits/men/48.jpg', 'medium': 'https://randomuser.me/api/portraits/med/men/48.jpg', 'thumbnail': 'https://randomuser.me/api/portraits/thumb/men/48.jpg'}, 'nat': 'ES'}</msg>
<arg>${json_data['results'][0]}</arg>
<doc>Logs the given message with the given level.</doc>
<status status="PASS" start="2024-03-26T23:15:00.906556" elapsed="0.000417"/>
</kw>
<kw name="Log" owner="BuiltIn">
<msg time="2024-03-26T23:15:00.907391" level="INFO">location</msg>
<arg>${key}</arg>
<doc>Logs the given message with the given level.</doc>
<status status="PASS" start="2024-03-26T23:15:00.907266" elapsed="0.000162"/>
</kw>
<var name="${key}">location</var>
<status status="PASS" start="2024-03-26T23:15:00.905736" elapsed="0.001908"/>
</iter>
<iter>
<kw name="Dictionary Should Contain Key" owner="Collections">
<msg time="2024-03-26T23:15:00.908334" level="INFO">False</msg>
<arg>${json_data['results'][0]}</arg>
<arg>${key}</arg>
<doc>Fails if ``key`` is not found from ``dictionary``.</doc>
<status status="PASS" start="2024-03-26T23:15:00.907925" elapsed="0.000446"/>
</kw>
<kw name="Log" owner="BuiltIn">
<msg time="2024-03-26T23:15:00.909024" level="INFO">{'gender': 'male', 'name': {'title': 'Mr', 'first': 'Adolfo', 'last': 'Prieto'}, 'location': {'street': {'number': 2640, 'name': 'Calle de Atocha'}, 'city': 'Oviedo', 'state': 'Comunidad de Madrid', 'country': 'Spain', 'postcode': 32844, 'coordinates': {'latitude': '-38.2765', 'longitude': '-61.7283'}, 'timezone': {'offset': '+10:00', 'description': 'Eastern Australia, Guam, Vladivostok'}}, 'email': 'adolfo.prieto@example.com', 'login': {'uuid': '0bf46984-06c0-4403-a73b-2647a3a41ba9', 'username': 'bluepanda261', 'password': 'johannes', 'salt': 'ayVdpaoh', 'md5': '0583f4cdf1e5a2d3ca75cc1a87fce4e1', 'sha1': '4f4818913e797681456b07f3eb317339b4af6093', 'sha256': '85be9593cb484a0ac7d58f0fa6a3f846f0c746fc330987c6fb72aae4c88c010b'}, 'dob': {'date': '1968-03-16T21:03:40.573Z', 'age': 56}, 'registered': {'date': '2008-04-16T02:16:28.261Z', 'age': 15}, 'phone': '962-620-765', 'cell': '634-389-482', 'id': {'name': 'DNI', 'value': '03313860-Q'}, 'picture': {'large': 'https://randomuser.me/api/portraits/men/48.jpg', 'medium': 'https://randomuser.me/api/portraits/med/men/48.jpg', 'thumbnail': 'https://randomuser.me/api/portraits/thumb/men/48.jpg'}, 'nat': 'ES'}</msg>
<arg>${json_data['results'][0]}</arg>
<doc>Logs the given message with the given level.</doc>
<status status="PASS" start="2024-03-26T23:15:00.908676" elapsed="0.000395"/>
</kw>
<kw name="Log" owner="BuiltIn">
<msg time="2024-03-26T23:15:00.909487" level="INFO">email</msg>
<arg>${key}</arg>
<doc>Logs the given message with the given level.</doc>
<status status="PASS" start="2024-03-26T23:15:00.909361" elapsed="0.000164"/>
</kw>
<var name="${key}">email</var>
<status status="PASS" start="2024-03-26T23:15:00.907815" elapsed="0.001923"/>
</iter>
<iter>
<kw name="Dictionary Should Contain Key" owner="Collections">
<msg time="2024-03-26T23:15:00.910407" level="INFO">False</msg>
<arg>${json_data['results'][0]}</arg>
<arg>${key}</arg>
<doc>Fails if ``key`` is not found from ``dictionary``.</doc>
<status status="PASS" start="2024-03-26T23:15:00.910027" elapsed="0.000418"/>
</kw>
<kw name="Log" owner="BuiltIn">
<msg time="2024-03-26T23:15:00.911097" level="INFO">{'gender': 'male', 'name': {'title': 'Mr', 'first': 'Adolfo', 'last': 'Prieto'}, 'location': {'street': {'number': 2640, 'name': 'Calle de Atocha'}, 'city': 'Oviedo', 'state': 'Comunidad de Madrid', 'country': 'Spain', 'postcode': 32844, 'coordinates': {'latitude': '-38.2765', 'longitude': '-61.7283'}, 'timezone': {'offset': '+10:00', 'description': 'Eastern Australia, Guam, Vladivostok'}}, 'email': 'adolfo.prieto@example.com', 'login': {'uuid': '0bf46984-06c0-4403-a73b-2647a3a41ba9', 'username': 'bluepanda261', 'password': 'johannes', 'salt': 'ayVdpaoh', 'md5': '0583f4cdf1e5a2d3ca75cc1a87fce4e1', 'sha1': '4f4818913e797681456b07f3eb317339b4af6093', 'sha256': '85be9593cb484a0ac7d58f0fa6a3f846f0c746fc330987c6fb72aae4c88c010b'}, 'dob': {'date': '1968-03-16T21:03:40.573Z', 'age': 56}, 'registered': {'date': '2008-04-16T02:16:28.261Z', 'age': 15}, 'phone': '962-620-765', 'cell': '634-389-482', 'id': {'name': 'DNI', 'value': '03313860-Q'}, 'picture': {'large': 'https://randomuser.me/api/portraits/men/48.jpg', 'medium': 'https://randomuser.me/api/portraits/med/men/48.jpg', 'thumbnail': 'https://randomuser.me/api/portraits/thumb/men/48.jpg'}, 'nat': 'ES'}</msg>
<arg>${json_data['results'][0]}</arg>
<doc>Logs the given message with the given level.</doc>
<status status="PASS" start="2024-03-26T23:15:00.910739" elapsed="0.000406"/>
</kw>
<kw name="Log" owner="BuiltIn">
<msg time="2024-03-26T23:15:00.911562" level="INFO">login</msg>
<arg>${key}</arg>
<doc>Logs the given message with the given level.</doc>
<status status="PASS" start="2024-03-26T23:15:00.911436" elapsed="0.000271"/>
</kw>
<var name="${key}">login</var>
<status status="PASS" start="2024-03-26T23:15:00.909910" elapsed="0.002059"/>
</iter>
<var>${key}</var>
<value>@{expected_keys}</value>
<status status="PASS" start="2024-03-26T23:15:00.901233" elapsed="0.010867"/>
</for>
<kw name="Create List" owner="BuiltIn">
<msg time="2024-03-26T23:15:00.912477" level="INFO">${expected_keysTwo} = ['username', 'password']</msg>
<var>${expected_keysTwo}</var>
<arg>username</arg>
<arg>password</arg>
<doc>Returns a list containing given items.</doc>
<status status="PASS" start="2024-03-26T23:15:00.912333" elapsed="0.000168"/>
</kw>
<for flavor="IN">
<iter>
<kw name="Dictionary Should Contain Key" owner="Collections">
<msg time="2024-03-26T23:15:00.913391" level="INFO">False</msg>
<arg>${json_data['results'][0]['login']}</arg>
<arg>${keyTwo}</arg>
<doc>Fails if ``key`` is not found from ``dictionary``.</doc>
<status status="PASS" start="2024-03-26T23:15:00.913008" elapsed="0.000420"/>
</kw>
<kw name="Dictionary Should Contain Key" owner="Collections">
<msg time="2024-03-26T23:15:00.914101" level="INFO">False</msg>
<arg>${json_data['results'][0]['login']}</arg>
<arg>${keyTwo}</arg>
<doc>Fails if ``key`` is not found from ``dictionary``.</doc>
<status status="PASS" start="2024-03-26T23:15:00.913725" elapsed="0.000412"/>
</kw>
<kw name="Log" owner="BuiltIn">
<msg time="2024-03-26T23:15:00.914554" level="INFO">username</msg>
<arg>${keyTwo}</arg>
<doc>Logs the given message with the given level.</doc>
<status status="PASS" start="2024-03-26T23:15:00.914428" elapsed="0.000164"/>
</kw>
<var name="${keyTwo}">username</var>
<status status="PASS" start="2024-03-26T23:15:00.912898" elapsed="0.001908"/>
</iter>
<iter>
<kw name="Dictionary Should Contain Key" owner="Collections">
<msg time="2024-03-26T23:15:00.915458" level="INFO">False</msg>
<arg>${json_data['results'][0]['login']}</arg>
<arg>${keyTwo}</arg>
<doc>Fails if ``key`` is not found from ``dictionary``.</doc>
<status status="PASS" start="2024-03-26T23:15:00.915087" elapsed="0.000409"/>
</kw>
<kw name="Dictionary Should Contain Key" owner="Collections">
<msg time="2024-03-26T23:15:00.916178" level="INFO">False</msg>
<arg>${json_data['results'][0]['login']}</arg>
<arg>${keyTwo}</arg>
<doc>Fails if ``key`` is not found from ``dictionary``.</doc>
<status status="PASS" start="2024-03-26T23:15:00.915783" elapsed="0.000433"/>
</kw>
<kw name="Log" owner="BuiltIn">
<msg time="2024-03-26T23:15:00.916641" level="INFO">password</msg>
<arg>${keyTwo}</arg>
<doc>Logs the given message with the given level.</doc>
<status status="PASS" start="2024-03-26T23:15:00.916515" elapsed="0.000166"/>
</kw>
<var name="${keyTwo}">password</var>
<status status="PASS" start="2024-03-26T23:15:00.914978" elapsed="0.001928"/>
</iter>
<var>${keyTwo}</var>
<value>@{expected_keysTwo}</value>
<status status="PASS" start="2024-03-26T23:15:00.912747" elapsed="0.004281"/>
</for>
<status status="PASS" start="2024-03-26T23:15:00.784181" elapsed="0.132984"/>
</kw>
<doc>Testa a estrutura da resposta da API.</doc>
<tag>testeEstruturaResposta</tag>
<status status="PASS" start="2024-03-26T23:15:00.783518" elapsed="0.133801"/>
</test>
<test id="s1-s1-t4" name="Validar tipos de dados" line="28">
<kw name="Teste de Tipos de Dados" owner="random-user-service">
<kw name="GET On Session" owner="RequestsLibrary">
<msg time="2024-03-26T23:15:01.045710" level="INFO">GET Request : url=https://randomuser.me/api 
 path_url=/api 
 headers={'User-Agent': 'python-requests/2.31.0', 'Accept-Encoding': 'gzip, deflate', 'Accept': '*/*', 'Connection': 'keep-alive'} 
 body=None 
 </msg>
<msg time="2024-03-26T23:15:01.045796" level="INFO">GET Response : url=https://randomuser.me/api 
 status=200, reason=OK 
 headers={'Date': 'Tue, 26 Mar 2024 23:15:01 GMT', 'Content-Type': 'application/json; charset=utf-8', 'Transfer-Encoding': 'chunked', 'Connection': 'keep-alive', 'X-Powered-By': 'Express', 'Access-Control-Allow-Origin': '*', 'Cache-Control': 'no-cache', 'ETag': 'W/"484-uBmbnNKMsjRQmXgInveb8NltBCk"', 'Vary': 'Accept-Encoding', 'Content-Encoding': 'gzip', 'CF-Cache-Status': 'DYNAMIC', 'Report-To': '{"endpoints":[{"url":"https:\\/\\/a.nel.cloudflare.com\\/report\\/v4?s=DBnRrCl127yOvOFuOETc45GYOJUbh8AbIeGq8vkMOMApk2%2FN3panaQ4IRyCx9Nd73jD0AZlQBVT8l%2F7lfl%2FUFWBpZxQ1AMI2coq%2F%2FC%2Byhu2T3rMtDznb3LxgEziZkLMB"}],"group":"cf-nel","max_age":604800}', 'NEL': '{"success_fraction":0,"report_to":"cf-nel","max_age":604800}', 'Server': 'cloudflare', 'CF-RAY': '86aad71ac9bedbc2-LAX', 'alt-svc': 'h3=":443"; ma=86400'} 
 body={"results":[{"gender":"male","name":{"title":"Mr","first":"Donnie","last":"Leeuw"},"location":{"street":{"number":4258,"name":"Hoog Gagel"},"city":"Overslag","state":"Drenthe","country":"Netherlands","postcode":"0448 BR","coordinates":{"latitude":"33.7248","longitude":"-164.4517"},"timezone":{"offset":"+6:00","description":"Almaty, Dhaka, Colombo"}},"email":"donnie.leeuw@example.com","login":{"uuid":"36c6ca0c-7b09-4930-a511-e801e297b53e","username":"beautifulbutterfly900","password":"duck","salt":"BUbKJmaA","md5":"81ea1fec8a10c75ecbb8ec1050d0e73d","sha1":"b6e809871712f145975e2906b80c99f4df78cbba","sha256":"6586ab63e8b994769abb3dd9544bcfe67431e7bf57951a48be3e1f6245d6ed29"},"dob":{"date":"1975-11-04T06:20:57.731Z","age":48},"registered":{"date":"2002-09-15T17:45:13.575Z","age":21},"phone":"(091) 6473281","cell":"(06) 97867271","id":{"name":"BSN","value":"76547147"},"picture":{"large":"https://randomuser.me/api/portraits/men/8.jpg","medium":"https://randomuser.me/api/portraits/med/men/8.jpg","thumbnail":"https://randomuser.me/api/portraits/thumb/men/8.jpg"},"nat":"NL"}],"info":{"seed":"0b9eea253cd7d58a","results":1,"page":1,"version":"1.4"}} 
 </msg>
<msg time="2024-03-26T23:15:01.045866" level="INFO">/opt/hostedtoolcache/Python/3.12.2/x64/lib/python3.12/site-packages/urllib3/connectionpool.py:1103: InsecureRequestWarning: Unverified HTTPS request is being made to host 'randomuser.me'. Adding certificate verification is strongly advised. See: https://urllib3.readthedocs.io/en/latest/advanced-usage.html#tls-warnings
  warnings.warn(</msg>
<msg time="2024-03-26T23:15:01.045986" level="INFO">${response} = &lt;Response [200]&gt;</msg>
<var>${response}</var>
<arg>consultarAPI</arg>
<arg>/api</arg>
<doc>Sends a GET request on a previously created HTTP Session.</doc>
<status status="PASS" start="2024-03-26T23:15:00.919756" elapsed="0.126280"/>
</kw>
<kw name="Set Variable" owner="BuiltIn">
<msg time="2024-03-26T23:15:01.047219" level="INFO">${json_data} = {'results': [{'gender': 'male', 'name': {'title': 'Mr', 'first': 'Donnie', 'last': 'Leeuw'}, 'location': {'street': {'number': 4258, 'name': 'Hoog Gagel'}, 'city': 'Overslag', 'state': 'Drenthe', 'cou...</msg>
<var>${json_data}</var>
<arg>${response.json()}</arg>
<doc>Returns the given values which can then be assigned to a variables.</doc>
<status status="PASS" start="2024-03-26T23:15:01.046599" elapsed="0.000649"/>
</kw>
<kw name="Log" owner="BuiltIn">
<msg time="2024-03-26T23:15:01.047718" level="INFO">{'results': [{'gender': 'male', 'name': {'title': 'Mr', 'first': 'Donnie', 'last': 'Leeuw'}, 'location': {'street': {'number': 4258, 'name': 'Hoog Gagel'}, 'city': 'Overslag', 'state': 'Drenthe', 'country': 'Netherlands', 'postcode': '0448 BR', 'coordinates': {'latitude': '33.7248', 'longitude': '-164.4517'}, 'timezone': {'offset': '+6:00', 'description': 'Almaty, Dhaka, Colombo'}}, 'email': 'donnie.leeuw@example.com', 'login': {'uuid': '36c6ca0c-7b09-4930-a511-e801e297b53e', 'username': 'beautifulbutterfly900', 'password': 'duck', 'salt': 'BUbKJmaA', 'md5': '81ea1fec8a10c75ecbb8ec1050d0e73d', 'sha1': 'b6e809871712f145975e2906b80c99f4df78cbba', 'sha256': '6586ab63e8b994769abb3dd9544bcfe67431e7bf57951a48be3e1f6245d6ed29'}, 'dob': {'date': '1975-11-04T06:20:57.731Z', 'age': 48}, 'registered': {'date': '2002-09-15T17:45:13.575Z', 'age': 21}, 'phone': '(091) 6473281', 'cell': '(06) 97867271', 'id': {'name': 'BSN', 'value': '76547147'}, 'picture': {'large': 'https://randomuser.me/api/portraits/men/8.jpg', 'medium': 'https://randomuser.me/api/portraits/med/men/8.jpg', 'thumbnail': 'https://randomuser.me/api/portraits/thumb/men/8.jpg'}, 'nat': 'NL'}], 'info': {'seed': '0b9eea253cd7d58a', 'results': 1, 'page': 1, 'version': '1.4'}}</msg>
<arg>${json_data}</arg>
<doc>Logs the given message with the given level.</doc>
<status status="PASS" start="2024-03-26T23:15:01.047564" elapsed="0.000235"/>
</kw>
<kw name="Should Be String" owner="String">
<arg>${json_data['results'][0]['gender']}</arg>
<doc>Fails if the given ``item`` is not a string.</doc>
<status status="PASS" start="2024-03-26T23:15:01.048108" elapsed="0.000397"/>
</kw>
<kw name="Should Match Regexp" owner="BuiltIn">
<arg>${json_data['results'][0]['email']}</arg>
<arg>^[a-zA-Z0-9._%+-]+@[a-zA-Z0-9.-]+\.[a-zA-Z]{2,}$</arg>
<doc>Fails if ``string`` does not match ``pattern`` as a regular expression.</doc>
<status status="PASS" start="2024-03-26T23:15:01.048703" elapsed="0.000516"/>
</kw>
<kw name="Should Match Regexp" owner="BuiltIn">
<arg>${json_data['results'][0]['dob']['date']}</arg>
<arg>\\d{4}-\\d{2}-\\d{2}T\\d{2}:\\d{2}:\\d{2}\\.\\d{3}Z</arg>
<doc>Fails if ``string`` does not match ``pattern`` as a regular expression.</doc>
<status status="PASS" start="2024-03-26T23:15:01.049417" elapsed="0.000491"/>
</kw>
<kw name="Should Match Regexp" owner="BuiltIn">
<arg>${json_data['results'][0]['registered']['date']}</arg>
<arg>\\d{4}-\\d{2}-\\d{2}T\\d{2}:\\d{2}:\\d{2}\\.\\d{3}Z</arg>
<doc>Fails if ``string`` does not match ``pattern`` as a regular expression.</doc>
<status status="PASS" start="2024-03-26T23:15:01.050102" elapsed="0.000366"/>
</kw>
<kw name="Should Match Regexp" owner="BuiltIn">
<arg>${json_data['results'][0]['picture']['large']}</arg>
<arg>^https?://.*\.(?:png|jpe?g|gif|bmp)$</arg>
<doc>Fails if ``string`` does not match ``pattern`` as a regular expression.</doc>
<status status="PASS" start="2024-03-26T23:15:01.050657" elapsed="0.000459"/>
</kw>
<kw name="Should Match Regexp" owner="BuiltIn">
<arg>${json_data['results'][0]['picture']['medium']}</arg>
<arg>^https?://.*\.(?:png|jpe?g|gif|bmp)$</arg>
<doc>Fails if ``string`` does not match ``pattern`` as a regular expression.</doc>
<status status="PASS" start="2024-03-26T23:15:01.051307" elapsed="0.000358"/>
</kw>
<kw name="Should Match Regexp" owner="BuiltIn">
<arg>${json_data['results'][0]['picture']['thumbnail']}</arg>
<arg>^https?://.*\.(?:png|jpe?g|gif|bmp)$</arg>
<doc>Fails if ``string`` does not match ``pattern`` as a regular expression.</doc>
<status status="PASS" start="2024-03-26T23:15:01.051850" elapsed="0.000384"/>
</kw>
<kw name="Log" owner="BuiltIn">
<msg time="2024-03-26T23:15:01.052761" level="INFO">{'large': 'https://randomuser.me/api/portraits/men/8.jpg', 'medium': 'https://randomuser.me/api/portraits/med/men/8.jpg', 'thumbnail': 'https://randomuser.me/api/portraits/thumb/men/8.jpg'}</msg>
<arg>${json_data['results'][0]['picture']}</arg>
<doc>Logs the given message with the given level.</doc>
<status status="PASS" start="2024-03-26T23:15:01.052422" elapsed="0.000386"/>
</kw>
<status status="PASS" start="2024-03-26T23:15:00.919532" elapsed="0.133528"/>
</kw>
<kw name="Teste de Tipos de Dados - Postcode" owner="random-user-service">
<kw name="GET On Session" owner="RequestsLibrary">
<msg time="2024-03-26T23:15:01.165254" level="INFO">GET Request : url=https://randomuser.me/api 
 path_url=/api 
 headers={'User-Agent': 'python-requests/2.31.0', 'Accept-Encoding': 'gzip, deflate', 'Accept': '*/*', 'Connection': 'keep-alive'} 
 body=None 
 </msg>
<msg time="2024-03-26T23:15:01.165327" level="INFO">GET Response : url=https://randomuser.me/api 
 status=200, reason=OK 
 headers={'Date': 'Tue, 26 Mar 2024 23:15:01 GMT', 'Content-Type': 'application/json; charset=utf-8', 'Transfer-Encoding': 'chunked', 'Connection': 'keep-alive', 'X-Powered-By': 'Express', 'Access-Control-Allow-Origin': '*', 'Cache-Control': 'no-cache', 'ETag': 'W/"496-+UyBxakrMyQcsOVpDL3gUIbjE1E"', 'Vary': 'Accept-Encoding', 'Content-Encoding': 'gzip', 'CF-Cache-Status': 'DYNAMIC', 'Report-To': '{"endpoints":[{"url":"https:\\/\\/a.nel.cloudflare.com\\/report\\/v4?s=c7ZUAs3CNuCDzkR26TpCesqwX8xqKW6IQ8Dsh0AZvsE1eJHzsZUYHj3vzSJkTnDPm26U%2BPLXgzR3h%2F6vFyQ8xh5s%2FwJWi35Q%2FbYCBvzPle0lZqOPRiStx7StiwazBW4s"}],"group":"cf-nel","max_age":604800}', 'NEL': '{"success_fraction":0,"report_to":"cf-nel","max_age":604800}', 'Server': 'cloudflare', 'CF-RAY': '86aad71baad0dbc2-LAX', 'alt-svc': 'h3=":443"; ma=86400'} 
 body={"results":[{"gender":"female","name":{"title":"Miss","first":"تارا","last":"نكو نظر"},"location":{"street":{"number":2620,"name":"میدان شهید نامجو"},"city":"یزد","state":"آذربایجان غربی","country":"Iran","postcode":63193,"coordinates":{"latitude":"19.5952","longitude":"128.1627"},"timezone":{"offset":"-2:00","description":"Mid-Atlantic"}},"email":"tr.nkwnzr@example.com","login":{"uuid":"4c464cf0-9eb3-4378-89be-372c7fba71b9","username":"whiteduck527","password":"pippen","salt":"6RmlBGqK","md5":"8cbfa000780f624521dea25eebca128f","sha1":"cb5efb2adbaad9a1114c57b96700002d317b46af","sha256":"81598b61d1eb14ffce1a6b677a28141e78fe7da8bcb4106d396b40f55afee0c5"},"dob":{"date":"1952-12-19T13:02:01.784Z","age":71},"registered":{"date":"2017-10-23T18:13:48.402Z","age":6},"phone":"097-64076444","cell":"0934-052-9860","id":{"name":"","value":null},"picture":{"large":"https://randomuser.me/api/portraits/women/43.jpg","medium":"https://randomuser.me/api/portraits/med/women/43.jpg","thumbnail":"https://randomuser.me/api/portraits/thumb/women/43.jpg"},"nat":"IR"}],"info":{"seed":"8a0b00dbb73bd35b","results":1,"page":1,"version":"1.4"}} 
 </msg>
<msg time="2024-03-26T23:15:01.165405" level="INFO">/opt/hostedtoolcache/Python/3.12.2/x64/lib/python3.12/site-packages/urllib3/connectionpool.py:1103: InsecureRequestWarning: Unverified HTTPS request is being made to host 'randomuser.me'. Adding certificate verification is strongly advised. See: https://urllib3.readthedocs.io/en/latest/advanced-usage.html#tls-warnings
  warnings.warn(</msg>
<msg time="2024-03-26T23:15:01.165511" level="INFO">${response} = &lt;Response [200]&gt;</msg>
<var>${response}</var>
<arg>consultarAPI</arg>
<arg>/api</arg>
<doc>Sends a GET request on a previously created HTTP Session.</doc>
<status status="PASS" start="2024-03-26T23:15:01.053624" elapsed="0.111928"/>
</kw>
<kw name="Set Variable" owner="BuiltIn">
<msg time="2024-03-26T23:15:01.166640" level="INFO">${json_data} = {'results': [{'gender': 'female', 'name': {'title': 'Miss', 'first': 'تارا', 'last': 'نكو نظر'}, 'location': {'street': {'number': 2620, 'name': 'میدان شهید نامجو'}, 'city': 'یزد', 'state': 'آذربایجان...</msg>
<var>${json_data}</var>
<arg>${response.json()}</arg>
<doc>Returns the given values which can then be assigned to a variables.</doc>
<status status="PASS" start="2024-03-26T23:15:01.166049" elapsed="0.000622"/>
</kw>
<kw name="Log" owner="BuiltIn">
<msg time="2024-03-26T23:15:01.167136" level="INFO">{'results': [{'gender': 'female', 'name': {'title': 'Miss', 'first': 'تارا', 'last': 'نكو نظر'}, 'location': {'street': {'number': 2620, 'name': 'میدان شهید نامجو'}, 'city': 'یزد', 'state': 'آذربایجان غربی', 'country': 'Iran', 'postcode': 63193, 'coordinates': {'latitude': '19.5952', 'longitude': '128.1627'}, 'timezone': {'offset': '-2:00', 'description': 'Mid-Atlantic'}}, 'email': 'tr.nkwnzr@example.com', 'login': {'uuid': '4c464cf0-9eb3-4378-89be-372c7fba71b9', 'username': 'whiteduck527', 'password': 'pippen', 'salt': '6RmlBGqK', 'md5': '8cbfa000780f624521dea25eebca128f', 'sha1': 'cb5efb2adbaad9a1114c57b96700002d317b46af', 'sha256': '81598b61d1eb14ffce1a6b677a28141e78fe7da8bcb4106d396b40f55afee0c5'}, 'dob': {'date': '1952-12-19T13:02:01.784Z', 'age': 71}, 'registered': {'date': '2017-10-23T18:13:48.402Z', 'age': 6}, 'phone': '097-64076444', 'cell': '0934-052-9860', 'id': {'name': '', 'value': None}, 'picture': {'large': 'https://randomuser.me/api/portraits/women/43.jpg', 'medium': 'https://randomuser.me/api/portraits/med/women/43.jpg', 'thumbnail': 'https://randomuser.me/api/portraits/thumb/women/43.jpg'}, 'nat': 'IR'}], 'info': {'seed': '8a0b00dbb73bd35b', 'results': 1, 'page': 1, 'version': '1.4'}}</msg>
<arg>${json_data}</arg>
<doc>Logs the given message with the given level.</doc>
<status status="PASS" start="2024-03-26T23:15:01.166979" elapsed="0.000237"/>
</kw>
<kw name="Should Be Equal As Numbers" owner="BuiltIn">
<arg>${json_data['results'][0]['location']['postcode']}</arg>
<arg>${json_data['results'][0]['location']['postcode']}</arg>
<doc>Fails if objects are unequal after converting them to real numbers.</doc>
<status status="PASS" start="2024-03-26T23:15:01.167518" elapsed="0.000663"/>
</kw>
<kw name="Log" owner="BuiltIn">
<msg time="2024-03-26T23:15:01.168713" level="INFO">63193</msg>
<arg>${json_data['results'][0]['location']['postcode']}</arg>
<doc>Logs the given message with the given level.</doc>
<status status="PASS" start="2024-03-26T23:15:01.168378" elapsed="0.000377"/>
</kw>
<status status="PASS" start="2024-03-26T23:15:01.053276" elapsed="0.115733"/>
</kw>
<doc>Testa se os tipos de dados na resposta da API estão corretos.</doc>
<tag>testeTiposDados</tag>
<status status="PASS" start="2024-03-26T23:15:00.919053" elapsed="0.250124"/>
</test>
<test id="s1-s1-t5" name="Validar conteudo" line="35">
<kw name="Teste de Tipos de Conteudo" owner="random-user-service">
<kw name="GET On Session" owner="RequestsLibrary">
<msg time="2024-03-26T23:15:01.275627" level="INFO">GET Request : url=https://randomuser.me/api 
 path_url=/api 
 headers={'User-Agent': 'python-requests/2.31.0', 'Accept-Encoding': 'gzip, deflate', 'Accept': '*/*', 'Connection': 'keep-alive'} 
 body=None 
 </msg>
<msg time="2024-03-26T23:15:01.275740" level="INFO">GET Response : url=https://randomuser.me/api 
 status=200, reason=OK 
 headers={'Date': 'Tue, 26 Mar 2024 23:15:01 GMT', 'Content-Type': 'application/json; charset=utf-8', 'Transfer-Encoding': 'chunked', 'Connection': 'keep-alive', 'X-Powered-By': 'Express', 'Access-Control-Allow-Origin': '*', 'Cache-Control': 'no-cache', 'ETag': 'W/"473-ptxsPNXQEX1Utb2bwXPUfbMLnnI"', 'Vary': 'Accept-Encoding', 'Content-Encoding': 'gzip', 'CF-Cache-Status': 'DYNAMIC', 'Report-To': '{"endpoints":[{"url":"https:\\/\\/a.nel.cloudflare.com\\/report\\/v4?s=Qsis8EGpVmTxlipH34PDCP2%2B8C89EOz%2Fb%2B92L7hPHruHU%2BySO1AMYkqkiyA9Q7RuvqcSLBb4Gk%2B7UHoZE1E2nNhxRcBSHWsVKXGgz7Ce0dCxoy4dXLh5cqlCMHY%2Fi8Zn"}],"group":"cf-nel","max_age":604800}', 'NEL': '{"success_fraction":0,"report_to":"cf-nel","max_age":604800}', 'Server': 'cloudflare', 'CF-RAY': '86aad71c5ba5dbc2-LAX', 'alt-svc': 'h3=":443"; ma=86400'} 
 body={"results":[{"gender":"female","name":{"title":"Miss","first":"Alexis","last":"Brown"},"location":{"street":{"number":4664,"name":"Lambie Drive"},"city":"Hastings","state":"Northland","country":"New Zealand","postcode":68445,"coordinates":{"latitude":"51.5106","longitude":"174.1666"},"timezone":{"offset":"+4:30","description":"Kabul"}},"email":"alexis.brown@example.com","login":{"uuid":"003a7758-a87f-4183-ac39-e98fb1e5daa8","username":"organictiger643","password":"chelle","salt":"IB7eGo4U","md5":"036760415b4833c0bfcdda1038239650","sha1":"eaa071400f0b27608e82f1ad614fee77b29ad93b","sha256":"231a83c4459db8f3342b83574fd76d0b62a8d378ad04b9b74f5c7fa0a0a80fd6"},"dob":{"date":"1974-02-09T16:38:43.274Z","age":50},"registered":{"date":"2022-04-21T15:28:59.440Z","age":1},"phone":"(083)-866-5049","cell":"(687)-078-6618","id":{"name":"","value":null},"picture":{"large":"https://randomuser.me/api/portraits/women/69.jpg","medium":"https://randomuser.me/api/portraits/med/women/69.jpg","thumbnail":"https://randomuser.me/api/portraits/thumb/women/69.jpg"},"nat":"NZ"}],"info":{"seed":"5a0a91ff26a35fac","results":1,"page":1,"version":"1.4"}} 
 </msg>
<msg time="2024-03-26T23:15:01.275813" level="INFO">/opt/hostedtoolcache/Python/3.12.2/x64/lib/python3.12/site-packages/urllib3/connectionpool.py:1103: InsecureRequestWarning: Unverified HTTPS request is being made to host 'randomuser.me'. Adding certificate verification is strongly advised. See: https://urllib3.readthedocs.io/en/latest/advanced-usage.html#tls-warnings
  warnings.warn(</msg>
<msg time="2024-03-26T23:15:01.275935" level="INFO">${response} = &lt;Response [200]&gt;</msg>
<var>${response}</var>
<arg>consultarAPI</arg>
<arg>/api</arg>
<doc>Sends a GET request on a previously created HTTP Session.</doc>
<status status="PASS" start="2024-03-26T23:15:01.171656" elapsed="0.104318"/>
</kw>
<kw name="Set Variable" owner="BuiltIn">
<msg time="2024-03-26T23:15:01.277308" level="INFO">${json_data} = {'results': [{'gender': 'female', 'name': {'title': 'Miss', 'first': 'Alexis', 'last': 'Brown'}, 'location': {'street': {'number': 4664, 'name': 'Lambie Drive'}, 'city': 'Hastings', 'state': 'Northlan...</msg>
<var>${json_data}</var>
<arg>${response.json()}</arg>
<doc>Returns the given values which can then be assigned to a variables.</doc>
<status status="PASS" start="2024-03-26T23:15:01.276689" elapsed="0.000649"/>
</kw>
<kw name="Set Variable" owner="BuiltIn">
<msg time="2024-03-26T23:15:01.278024" level="INFO">${name_title} = Miss</msg>
<var>${name_title}</var>
<arg>${json_data["results"][0]["name"]["title"]}</arg>
<doc>Returns the given values which can then be assigned to a variables.</doc>
<status status="PASS" start="2024-03-26T23:15:01.277644" elapsed="0.000405"/>
</kw>
<kw name="Create List" owner="BuiltIn">
<msg time="2024-03-26T23:15:01.278496" level="INFO">${allowed_titles} = ['Mr', 'Ms', 'Miss', 'Mrs', 'Madame', 'Monsieur']</msg>
<var>${allowed_titles}</var>
<arg>Mr</arg>
<arg>Ms</arg>
<arg>Miss</arg>
<arg>Mrs</arg>
<arg>Madame</arg>
<arg>Monsieur</arg>
<doc>Returns a list containing given items.</doc>
<status status="PASS" start="2024-03-26T23:15:01.278346" elapsed="0.000175"/>
</kw>
<kw name="List Should Contain Value" owner="Collections">
<msg time="2024-03-26T23:15:01.278997" level="INFO">False</msg>
<arg>${allowed_titles}</arg>
<arg>${name_title}</arg>
<doc>Fails if the ``value`` is not found from ``list``.</doc>
<status status="PASS" start="2024-03-26T23:15:01.278823" elapsed="0.000211"/>
</kw>
<kw name="Set Variable" owner="BuiltIn">
<msg time="2024-03-26T23:15:01.279699" level="INFO">${name_country} = NZ</msg>
<var>${name_country}</var>
<arg>${json_data["results"][0]["nat"]}</arg>
<doc>Returns the given values which can then be assigned to a variables.</doc>
<status status="PASS" start="2024-03-26T23:15:01.279322" elapsed="0.000402"/>
</kw>
<kw name="Create List" owner="BuiltIn">
<msg time="2024-03-26T23:15:01.280655" level="INFO">${list_country} = ['AD', 'AE', 'AF', 'AG', 'AI', 'AL', 'AM', 'AO', 'AQ', 'AR', 'AS', 'AT', 'AU', 'AW', 'AX', 'AZ', 'BA', 'BB', 'BD', 'BE', 'BF', 'BG', 'BH', 'BI', 'BJ', 'BL', 'BM', 'BN', 'BO', 'BQ', 'BR', 'BS', 'BT', '...</msg>
<var>${list_country}</var>
<arg>AD</arg>
<arg>AE</arg>
<arg>AF</arg>
<arg>AG</arg>
<arg>AI</arg>
<arg>AL</arg>
<arg>AM</arg>
<arg>AO</arg>
<arg>AQ</arg>
<arg>AR</arg>
<arg>AS</arg>
<arg>AT</arg>
<arg>AU</arg>
<arg>AW</arg>
<arg>AX</arg>
<arg>AZ</arg>
<arg>BA</arg>
<arg>BB</arg>
<arg>BD</arg>
<arg>BE</arg>
<arg>BF</arg>
<arg>BG</arg>
<arg>BH</arg>
<arg>BI</arg>
<arg>BJ</arg>
<arg>BL</arg>
<arg>BM</arg>
<arg>BN</arg>
<arg>BO</arg>
<arg>BQ</arg>
<arg>BR</arg>
<arg>BS</arg>
<arg>BT</arg>
<arg>BV</arg>
<arg>BW</arg>
<arg>BY</arg>
<arg>BZ</arg>
<arg>CA</arg>
<arg>CC</arg>
<arg>CD</arg>
<arg>CF</arg>
<arg>CG</arg>
<arg>CH</arg>
<arg>CI</arg>
<arg>CK</arg>
<arg>CL</arg>
<arg>CM</arg>
<arg>CN</arg>
<arg>CO</arg>
<arg>CR</arg>
<arg>CU</arg>
<arg>CV</arg>
<arg>CW</arg>
<arg>CX</arg>
<arg>CY</arg>
<arg>CZ</arg>
<arg>DE</arg>
<arg>DJ</arg>
<arg>DK</arg>
<arg>DM</arg>
<arg>DO</arg>
<arg>DZ</arg>
<arg>EC</arg>
<arg>EE</arg>
<arg>EG</arg>
<arg>EH</arg>
<arg>ER</arg>
<arg>ES</arg>
<arg>ET</arg>
<arg>FI</arg>
<arg>FJ</arg>
<arg>FK</arg>
<arg>FM</arg>
<arg>FO</arg>
<arg>FR</arg>
<arg>GA</arg>
<arg>GB</arg>
<arg>GD</arg>
<arg>GE</arg>
<arg>GF</arg>
<arg>GG</arg>
<arg>GH</arg>
<arg>GI</arg>
<arg>GL</arg>
<arg>GM</arg>
<arg>GN</arg>
<arg>GP</arg>
<arg>GQ</arg>
<arg>GR</arg>
<arg>GS</arg>
<arg>GT</arg>
<arg>GU</arg>
<arg>GW</arg>
<arg>GY</arg>
<arg>HK</arg>
<arg>HM</arg>
<arg>HN</arg>
<arg>HR</arg>
<arg>HT</arg>
<arg>HU</arg>
<arg>ID</arg>
<arg>IE</arg>
<arg>IL</arg>
<arg>IM</arg>
<arg>IN</arg>
<arg>IO</arg>
<arg>IQ</arg>
<arg>IR</arg>
<arg>IS</arg>
<arg>IT</arg>
<arg>JE</arg>
<arg>JM</arg>
<arg>JO</arg>
<arg>JP</arg>
<arg>KE</arg>
<arg>KG</arg>
<arg>KH</arg>
<arg>KI</arg>
<arg>KM</arg>
<arg>KN</arg>
<arg>KP</arg>
<arg>KR</arg>
<arg>KW</arg>
<arg>KY</arg>
<arg>KZ</arg>
<arg>LA</arg>
<arg>LB</arg>
<arg>LC</arg>
<arg>LI</arg>
<arg>LK</arg>
<arg>LR</arg>
<arg>LS</arg>
<arg>LT</arg>
<arg>LU</arg>
<arg>LV</arg>
<arg>LY</arg>
<arg>MA</arg>
<arg>MC</arg>
<arg>MD</arg>
<arg>ME</arg>
<arg>MF</arg>
<arg>MG</arg>
<arg>MH</arg>
<arg>MK</arg>
<arg>ML</arg>
<arg>MM</arg>
<arg>MN</arg>
<arg>MO</arg>
<arg>MP</arg>
<arg>MQ</arg>
<arg>MR</arg>
<arg>MS</arg>
<arg>MT</arg>
<arg>MU</arg>
<arg>MV</arg>
<arg>MW</arg>
<arg>MX</arg>
<arg>MY</arg>
<arg>MZ</arg>
<arg>NA</arg>
<arg>NC</arg>
<arg>NE</arg>
<arg>NF</arg>
<arg>NG</arg>
<arg>NI</arg>
<arg>NL</arg>
<arg>NO</arg>
<arg>NP</arg>
<arg>NR</arg>
<arg>NU</arg>
<arg>NZ</arg>
<arg>OM</arg>
<arg>PA</arg>
<arg>PE</arg>
<arg>PF</arg>
<arg>PG</arg>
<arg>PH</arg>
<arg>PK</arg>
<arg>PL</arg>
<arg>PM</arg>
<arg>PN</arg>
<arg>PR</arg>
<arg>PS</arg>
<arg>PT</arg>
<arg>PW</arg>
<arg>PY</arg>
<arg>QA</arg>
<arg>RE</arg>
<arg>RO</arg>
<arg>RS</arg>
<arg>RU</arg>
<arg>RW</arg>
<arg>SA</arg>
<arg>SB</arg>
<arg>SC</arg>
<arg>SD</arg>
<arg>SE</arg>
<arg>SG</arg>
<arg>SH</arg>
<arg>SI</arg>
<arg>SJ</arg>
<arg>SK</arg>
<arg>SL</arg>
<arg>SM</arg>
<arg>SN</arg>
<arg>SO</arg>
<arg>SR</arg>
<arg>SS</arg>
<arg>ST</arg>
<arg>SV</arg>
<arg>SX</arg>
<arg>SY</arg>
<arg>SZ</arg>
<arg>TC</arg>
<arg>TD</arg>
<arg>TF</arg>
<arg>TG</arg>
<arg>TH</arg>
<arg>TJ</arg>
<arg>TK</arg>
<arg>TL</arg>
<arg>TM</arg>
<arg>TN</arg>
<arg>TO</arg>
<arg>TR</arg>
<arg>TT</arg>
<arg>TV</arg>
<arg>TW</arg>
<arg>TZ</arg>
<arg>UA</arg>
<arg>UG</arg>
<arg>UM</arg>
<arg>US</arg>
<arg>UY</arg>
<arg>UZ</arg>
<arg>VA</arg>
<arg>VC</arg>
<arg>VE</arg>
<arg>VG</arg>
<arg>VI</arg>
<arg>VN</arg>
<arg>VU</arg>
<arg>WF</arg>
<arg>WS</arg>
<arg>XK</arg>
<arg>YE</arg>
<arg>YT</arg>
<arg>ZA</arg>
<arg>ZM</arg>
<arg>ZW</arg>
<doc>Returns a list containing given items.</doc>
<status status="PASS" start="2024-03-26T23:15:01.280024" elapsed="0.000657"/>
</kw>
<kw name="List Should Contain Value" owner="Collections">
<msg time="2024-03-26T23:15:01.281814" level="INFO">False</msg>
<arg>${list_country}</arg>
<arg>${name_country}</arg>
<doc>Fails if the ``value`` is not found from ``list``.</doc>
<status status="PASS" start="2024-03-26T23:15:01.281610" elapsed="0.000241"/>
</kw>
<kw name="Run Keyword If" owner="BuiltIn">
<kw name="Should Be True" owner="BuiltIn">
<arg>${True}</arg>
<doc>Fails if the given condition is not true.</doc>
<status status="PASS" start="2024-03-26T23:15:01.282904" elapsed="0.000143"/>
</kw>
<arg>${json_data["results"][0]["location"]["coordinates"]["latitude"]} &gt;= -90 and ${json_data["results"][0]["location"]["coordinates"]["latitude"]} &lt;= 90</arg>
<arg>Should Be True</arg>
<arg>${True}</arg>
<doc>Runs the given keyword with the given arguments, if ``condition`` is true.</doc>
<status status="PASS" start="2024-03-26T23:15:01.282158" elapsed="0.001016"/>
</kw>
<kw name="Run Keyword If" owner="BuiltIn">
<kw name="Should Be True" owner="BuiltIn">
<arg>${True}</arg>
<doc>Fails if the given condition is not true.</doc>
<status status="PASS" start="2024-03-26T23:15:01.284052" elapsed="0.000170"/>
</kw>
<arg>${json_data["results"][0]["location"]["coordinates"]["longitude"]} &gt;= -180 and ${json_data["results"][0]["location"]["coordinates"]["longitude"]} &lt;= 180</arg>
<arg>Should Be True</arg>
<arg>${True}</arg>
<doc>Runs the given keyword with the given arguments, if ``condition`` is true.</doc>
<status status="PASS" start="2024-03-26T23:15:01.283356" elapsed="0.000999"/>
</kw>
<status status="PASS" start="2024-03-26T23:15:01.171432" elapsed="0.113063"/>
</kw>
<doc>Testa o conteúdo específico dos campos retornados pela API.</doc>
<tag>testeConteudo</tag>
<status status="PASS" start="2024-03-26T23:15:01.170921" elapsed="0.113728"/>
</test>
<status status="PASS" start="2024-03-26T23:15:00.118962" elapsed="1.167619"/>
</suite>
<status status="PASS" start="2024-03-26T23:15:00.105255" elapsed="1.187164"/>
</suite>
<statistics>
<total>
<stat pass="5" fail="0" skip="0">All Tests</stat>
</total>
<tag>
<stat pass="1" fail="0" skip="0">testeConteudo</stat>
<stat pass="1" fail="0" skip="0">testeEstruturaResposta</stat>
<stat pass="1" fail="0" skip="0">testeRequisicaoBasica</stat>
<stat pass="1" fail="0" skip="0">testeTiposDados</stat>
</tag>
<suite>
<stat pass="5" fail="0" skip="0" id="s1" name="Tests">Tests</stat>
<stat pass="5" fail="0" skip="0" id="s1-s1" name="Random-User-Test">Tests.Random-User-Test</stat>
</suite>
</statistics>
<errors>
</errors>
</robot>
