<?xml version="1.0" encoding="UTF-8"?>
<robot generator="Robot 7.0 (Python 3.12.2 on linux)" generated="2024-03-27T18:17:57.951774" rpa="false" schemaversion="5">
<suite id="s1" name="Tests" source="/home/runner/work/DesafioQAItauRogerioJordao/DesafioQAItauRogerioJordao/RamdonUser/tests">
<suite id="s1-s1" name="Random-User-Test" source="/home/runner/work/DesafioQAItauRogerioJordao/DesafioQAItauRogerioJordao/RamdonUser/tests/random-user-test.robot">
<test id="s1-s1-t1" name="Conectar" line="13">
<kw name="Conectar API" owner="random-user-service">
<kw name="Create Session" owner="RequestsLibrary">
<msg time="2024-03-27T18:17:58.353764" level="INFO">Creating Session using : alias=consultarAPI, url=https://randomuser.me/, headers={},                     cookies={}, auth=None, timeout=None, proxies=None, verify=False,                     debug=0 </msg>
<arg>consultarAPI</arg>
<arg>${URL}</arg>
<doc>Create Session: create a HTTP session to a server</doc>
<status status="PASS" start="2024-03-27T18:17:58.353553" elapsed="0.000413"/>
</kw>
<status status="PASS" start="2024-03-27T18:17:58.352459" elapsed="0.001949"/>
</kw>
<status status="PASS" start="2024-03-27T18:17:58.351873" elapsed="0.002742"/>
</test>
<test id="s1-s1-t2" name="Validar retorno 200 e JSON Válido" line="16">
<kw name="Teste de Requisicao Basica" owner="random-user-service">
<kw name="GET On Session" owner="RequestsLibrary">
<msg time="2024-03-27T18:17:58.449497" level="INFO">GET Request : url=https://randomuser.me/api 
 path_url=/api 
 headers={'User-Agent': 'python-requests/2.31.0', 'Accept-Encoding': 'gzip, deflate', 'Accept': '*/*', 'Connection': 'keep-alive'} 
 body=None 
 </msg>
<msg time="2024-03-27T18:17:58.449658" level="INFO">GET Response : url=https://randomuser.me/api 
 status=200, reason=OK 
 headers={'Date': 'Wed, 27 Mar 2024 18:17:58 GMT', 'Content-Type': 'application/json; charset=utf-8', 'Transfer-Encoding': 'chunked', 'Connection': 'keep-alive', 'X-Powered-By': 'Express', 'Access-Control-Allow-Origin': '*', 'Cache-Control': 'no-cache', 'ETag': 'W/"46e-ZS1w0bEZWRbj7kEyQ9gJJGzg6XQ"', 'Vary': 'Accept-Encoding', 'Content-Encoding': 'gzip', 'CF-Cache-Status': 'DYNAMIC', 'Report-To': '{"endpoints":[{"url":"https:\\/\\/a.nel.cloudflare.com\\/report\\/v4?s=TUFMq8T2DeVgy0HfR50Cgpsf9mjO5fNippE%2F3kPtUv9Ie34n603JJ%2BIBT3zJ3qC3oDBhvD8BG230nZETVij70wE%2Bhh0L%2FW9YjxjgT3mUGGbgFcUefIGl%2Fa1ag%2F1B30Ry"}],"group":"cf-nel","max_age":604800}', 'NEL': '{"success_fraction":0,"report_to":"cf-nel","max_age":604800}', 'Server': 'cloudflare', 'CF-RAY': '86b1615bfdea1254-ORD', 'alt-svc': 'h3=":443"; ma=86400'} 
 body={"results":[{"gender":"female","name":{"title":"Miss","first":"Elif","last":"Özberk"},"location":{"street":{"number":5182,"name":"Mevlana Cd"},"city":"Iğdır","state":"Tunceli","country":"Turkey","postcode":69750,"coordinates":{"latitude":"68.4183","longitude":"147.6206"},"timezone":{"offset":"-3:30","description":"Newfoundland"}},"email":"elif.ozberk@example.com","login":{"uuid":"5f158efc-a126-4995-af03-5fd9af1c302f","username":"bluegoose955","password":"25802580","salt":"elAKLvi8","md5":"b60778c65fbfe5fb1da64a599a0888bb","sha1":"16a719b5b1fac90db4b015529d4f06adff821f5e","sha256":"b8058e1468c870750134cddbc39a8f8ce9a4c7693586674ef219295bba83a4a6"},"dob":{"date":"1990-12-22T05:28:56.798Z","age":33},"registered":{"date":"2014-05-18T03:13:12.694Z","age":9},"phone":"(907)-201-9337","cell":"(150)-175-0903","id":{"name":"","value":null},"picture":{"large":"https://randomuser.me/api/portraits/women/64.jpg","medium":"https://randomuser.me/api/portraits/med/women/64.jpg","thumbnail":"https://randomuser.me/api/portraits/thumb/women/64.jpg"},"nat":"TR"}],"info":{"seed":"a5fd3eeb18142809","results":1,"page":1,"version":"1.4"}} 
 </msg>
<msg time="2024-03-27T18:17:58.449779" level="INFO">/opt/hostedtoolcache/Python/3.12.2/x64/lib/python3.12/site-packages/urllib3/connectionpool.py:1103: InsecureRequestWarning: Unverified HTTPS request is being made to host 'randomuser.me'. Adding certificate verification is strongly advised. See: https://urllib3.readthedocs.io/en/latest/advanced-usage.html#tls-warnings
  warnings.warn(</msg>
<msg time="2024-03-27T18:17:58.449949" level="INFO">${response} = &lt;Response [200]&gt;</msg>
<var>${response}</var>
<arg>consultarAPI</arg>
<arg>/api</arg>
<doc>Sends a GET request on a previously created HTTP Session.</doc>
<status status="PASS" start="2024-03-27T18:17:58.357266" elapsed="0.092717"/>
</kw>
<kw name="Should Be Equal As Numbers" owner="BuiltIn">
<msg time="2024-03-27T18:17:58.451076" level="INFO">Argument types are:
&lt;class 'int'&gt;
&lt;class 'str'&gt;</msg>
<arg>${response.status_code}</arg>
<arg>200</arg>
<doc>Fails if objects are unequal after converting them to real numbers.</doc>
<status status="PASS" start="2024-03-27T18:17:58.450586" elapsed="0.000560"/>
</kw>
<kw name="Log" owner="BuiltIn">
<msg time="2024-03-27T18:17:58.451869" level="INFO">200</msg>
<arg>${response.status_code}</arg>
<doc>Logs the given message with the given level.</doc>
<status status="PASS" start="2024-03-27T18:17:58.451489" elapsed="0.000425"/>
</kw>
<kw name="Set Variable" owner="BuiltIn">
<msg time="2024-03-27T18:17:58.452766" level="INFO">${json_data} = {'results': [{'gender': 'female', 'name': {'title': 'Miss', 'first': 'Elif', 'last': 'Özberk'}, 'location': {'street': {'number': 5182, 'name': 'Mevlana Cd'}, 'city': 'Iğdır', 'state': 'Tunceli', 'cou...</msg>
<var>${json_data}</var>
<arg>${response.json()}</arg>
<doc>Returns the given values which can then be assigned to a variables.</doc>
<status status="PASS" start="2024-03-27T18:17:58.452278" elapsed="0.000520"/>
</kw>
<kw name="Dictionary Should Contain Key" owner="Collections">
<msg time="2024-03-27T18:17:58.453281" level="INFO">False</msg>
<arg>${json_data}</arg>
<arg>results</arg>
<doc>Fails if ``key`` is not found from ``dictionary``.</doc>
<status status="PASS" start="2024-03-27T18:17:58.453110" elapsed="0.000212"/>
</kw>
<status status="PASS" start="2024-03-27T18:17:58.357002" elapsed="0.096584"/>
</kw>
<doc>Testa se a API responde corretamente e retorna um objeto JSON válido.</doc>
<tag>testeRequisicaoBasica</tag>
<status status="PASS" start="2024-03-27T18:17:58.356492" elapsed="0.097290"/>
</test>
<test id="s1-s1-t3" name="Validar estrutura de resposta" line="22">
<kw name="Teste de Estrutura de Resposta" owner="random-user-service">
<kw name="GET On Session" owner="RequestsLibrary">
<msg time="2024-03-27T18:17:58.558510" level="INFO">GET Request : url=https://randomuser.me/api 
 path_url=/api 
 headers={'User-Agent': 'python-requests/2.31.0', 'Accept-Encoding': 'gzip, deflate', 'Accept': '*/*', 'Connection': 'keep-alive'} 
 body=None 
 </msg>
<msg time="2024-03-27T18:17:58.558629" level="INFO">GET Response : url=https://randomuser.me/api 
 status=200, reason=OK 
 headers={'Date': 'Wed, 27 Mar 2024 18:17:58 GMT', 'Content-Type': 'application/json; charset=utf-8', 'Transfer-Encoding': 'chunked', 'Connection': 'keep-alive', 'X-Powered-By': 'Express', 'Access-Control-Allow-Origin': '*', 'Cache-Control': 'no-cache', 'ETag': 'W/"46e-xoTVfvxPinGHGFWJ3uBONXRxw64"', 'Vary': 'Accept-Encoding', 'Content-Encoding': 'gzip', 'CF-Cache-Status': 'DYNAMIC', 'Report-To': '{"endpoints":[{"url":"https:\\/\\/a.nel.cloudflare.com\\/report\\/v4?s=xvPwX1%2FXqnJM3pVVyI2vMBMdyh2mNGf3nDE68v%2B7looiMMEqjYYBr4%2FdqY9EL4ghps11mE37VjofQK8SpR2%2BBFhzN0L6rGGTV3b9%2FNSPEuc51aJ%2BN79rhs1s4%2F3IfxDC"}],"group":"cf-nel","max_age":604800}', 'NEL': '{"success_fraction":0,"report_to":"cf-nel","max_age":604800}', 'Server': 'cloudflare', 'CF-RAY': '86b1615c5e7e1254-ORD', 'alt-svc': 'h3=":443"; ma=86400'} 
 body={"results":[{"gender":"female","name":{"title":"Ms","first":"Edel","last":"Østgård"},"location":{"street":{"number":7789,"name":"Nakholmen"},"city":"Blakstad","state":"Hordaland","country":"Norway","postcode":"7166","coordinates":{"latitude":"45.7764","longitude":"148.7679"},"timezone":{"offset":"-3:30","description":"Newfoundland"}},"email":"edel.ostgard@example.com","login":{"uuid":"3ff5c906-14b4-4077-8c20-05057abad91d","username":"angrybear394","password":"boss","salt":"rQtbCDHV","md5":"f1ccc4b5f072fa3b7ddbdcabc83a4ef4","sha1":"e86ba5fe1b564df01ce60e99a1449feb94d23761","sha256":"1fd101ceb611fe216778452a1a3c0e9e02a19ec7c862c320269f15a4d57d8e46"},"dob":{"date":"1946-12-10T05:45:04.637Z","age":77},"registered":{"date":"2009-02-05T16:38:53.098Z","age":15},"phone":"67686083","cell":"98961117","id":{"name":"FN","value":"10124634623"},"picture":{"large":"https://randomuser.me/api/portraits/women/42.jpg","medium":"https://randomuser.me/api/portraits/med/women/42.jpg","thumbnail":"https://randomuser.me/api/portraits/thumb/women/42.jpg"},"nat":"NO"}],"info":{"seed":"def184959a3b8bc8","results":1,"page":1,"version":"1.4"}} 
 </msg>
<msg time="2024-03-27T18:17:58.558790" level="INFO">/opt/hostedtoolcache/Python/3.12.2/x64/lib/python3.12/site-packages/urllib3/connectionpool.py:1103: InsecureRequestWarning: Unverified HTTPS request is being made to host 'randomuser.me'. Adding certificate verification is strongly advised. See: https://urllib3.readthedocs.io/en/latest/advanced-usage.html#tls-warnings
  warnings.warn(</msg>
<msg time="2024-03-27T18:17:58.558951" level="INFO">${response} = &lt;Response [200]&gt;</msg>
<var>${response}</var>
<arg>consultarAPI</arg>
<arg>/api</arg>
<doc>Sends a GET request on a previously created HTTP Session.</doc>
<status status="PASS" start="2024-03-27T18:17:58.456788" elapsed="0.102213"/>
</kw>
<kw name="Set Variable" owner="BuiltIn">
<msg time="2024-03-27T18:17:58.560112" level="INFO">${json_data} = {'results': [{'gender': 'female', 'name': {'title': 'Ms', 'first': 'Edel', 'last': 'Østgård'}, 'location': {'street': {'number': 7789, 'name': 'Nakholmen'}, 'city': 'Blakstad', 'state': 'Hordaland', '...</msg>
<var>${json_data}</var>
<arg>${response.json()}</arg>
<doc>Returns the given values which can then be assigned to a variables.</doc>
<status status="PASS" start="2024-03-27T18:17:58.559553" elapsed="0.000590"/>
</kw>
<kw name="Log" owner="BuiltIn">
<msg time="2024-03-27T18:17:58.560640" level="INFO">{'results': [{'gender': 'female', 'name': {'title': 'Ms', 'first': 'Edel', 'last': 'Østgård'}, 'location': {'street': {'number': 7789, 'name': 'Nakholmen'}, 'city': 'Blakstad', 'state': 'Hordaland', 'country': 'Norway', 'postcode': '7166', 'coordinates': {'latitude': '45.7764', 'longitude': '148.7679'}, 'timezone': {'offset': '-3:30', 'description': 'Newfoundland'}}, 'email': 'edel.ostgard@example.com', 'login': {'uuid': '3ff5c906-14b4-4077-8c20-05057abad91d', 'username': 'angrybear394', 'password': 'boss', 'salt': 'rQtbCDHV', 'md5': 'f1ccc4b5f072fa3b7ddbdcabc83a4ef4', 'sha1': 'e86ba5fe1b564df01ce60e99a1449feb94d23761', 'sha256': '1fd101ceb611fe216778452a1a3c0e9e02a19ec7c862c320269f15a4d57d8e46'}, 'dob': {'date': '1946-12-10T05:45:04.637Z', 'age': 77}, 'registered': {'date': '2009-02-05T16:38:53.098Z', 'age': 15}, 'phone': '67686083', 'cell': '98961117', 'id': {'name': 'FN', 'value': '10124634623'}, 'picture': {'large': 'https://randomuser.me/api/portraits/women/42.jpg', 'medium': 'https://randomuser.me/api/portraits/med/women/42.jpg', 'thumbnail': 'https://randomuser.me/api/portraits/thumb/women/42.jpg'}, 'nat': 'NO'}], 'info': {'seed': 'def184959a3b8bc8', 'results': 1, 'page': 1, 'version': '1.4'}}</msg>
<arg>${json_data}</arg>
<doc>Logs the given message with the given level.</doc>
<status status="PASS" start="2024-03-27T18:17:58.560466" elapsed="0.000225"/>
</kw>
<kw name="Dictionary Should Contain Key" owner="Collections">
<msg time="2024-03-27T18:17:58.561164" level="INFO">False</msg>
<arg>${json_data}</arg>
<arg>results</arg>
<doc>Fails if ``key`` is not found from ``dictionary``.</doc>
<status status="PASS" start="2024-03-27T18:17:58.561000" elapsed="0.000203"/>
</kw>
<kw name="Should Not Be Empty" owner="BuiltIn">
<msg time="2024-03-27T18:17:58.561645" level="INFO">Length is 2.</msg>
<arg>${json_data}</arg>
<doc>Verifies that the given item is not empty.</doc>
<status status="PASS" start="2024-03-27T18:17:58.561508" elapsed="0.000177"/>
</kw>
<kw name="Create List" owner="BuiltIn">
<msg time="2024-03-27T18:17:58.562172" level="INFO">${expected_keys} = ['gender', 'name', 'location', 'email', 'login']</msg>
<var>${expected_keys}</var>
<arg>gender</arg>
<arg>name</arg>
<arg>location</arg>
<arg>email</arg>
<arg>login</arg>
<doc>Returns a list containing given items.</doc>
<status status="PASS" start="2024-03-27T18:17:58.561984" elapsed="0.000213"/>
</kw>
<for flavor="IN">
<iter>
<kw name="Dictionary Should Contain Key" owner="Collections">
<msg time="2024-03-27T18:17:58.563238" level="INFO">False</msg>
<arg>${json_data['results'][0]}</arg>
<arg>${key}</arg>
<doc>Fails if ``key`` is not found from ``dictionary``.</doc>
<status status="PASS" start="2024-03-27T18:17:58.562811" elapsed="0.000468"/>
</kw>
<kw name="Log" owner="BuiltIn">
<msg time="2024-03-27T18:17:58.563980" level="INFO">{'gender': 'female', 'name': {'title': 'Ms', 'first': 'Edel', 'last': 'Østgård'}, 'location': {'street': {'number': 7789, 'name': 'Nakholmen'}, 'city': 'Blakstad', 'state': 'Hordaland', 'country': 'Norway', 'postcode': '7166', 'coordinates': {'latitude': '45.7764', 'longitude': '148.7679'}, 'timezone': {'offset': '-3:30', 'description': 'Newfoundland'}}, 'email': 'edel.ostgard@example.com', 'login': {'uuid': '3ff5c906-14b4-4077-8c20-05057abad91d', 'username': 'angrybear394', 'password': 'boss', 'salt': 'rQtbCDHV', 'md5': 'f1ccc4b5f072fa3b7ddbdcabc83a4ef4', 'sha1': 'e86ba5fe1b564df01ce60e99a1449feb94d23761', 'sha256': '1fd101ceb611fe216778452a1a3c0e9e02a19ec7c862c320269f15a4d57d8e46'}, 'dob': {'date': '1946-12-10T05:45:04.637Z', 'age': 77}, 'registered': {'date': '2009-02-05T16:38:53.098Z', 'age': 15}, 'phone': '67686083', 'cell': '98961117', 'id': {'name': 'FN', 'value': '10124634623'}, 'picture': {'large': 'https://randomuser.me/api/portraits/women/42.jpg', 'medium': 'https://randomuser.me/api/portraits/med/women/42.jpg', 'thumbnail': 'https://randomuser.me/api/portraits/thumb/women/42.jpg'}, 'nat': 'NO'}</msg>
<arg>${json_data['results'][0]}</arg>
<doc>Logs the given message with the given level.</doc>
<status status="PASS" start="2024-03-27T18:17:58.563591" elapsed="0.000446"/>
</kw>
<kw name="Log" owner="BuiltIn">
<msg time="2024-03-27T18:17:58.564483" level="INFO">gender</msg>
<arg>${key}</arg>
<doc>Logs the given message with the given level.</doc>
<status status="PASS" start="2024-03-27T18:17:58.564348" elapsed="0.000175"/>
</kw>
<var name="${key}">gender</var>
<status status="PASS" start="2024-03-27T18:17:58.562681" elapsed="0.002068"/>
</iter>
<iter>
<kw name="Dictionary Should Contain Key" owner="Collections">
<msg time="2024-03-27T18:17:58.565454" level="INFO">False</msg>
<arg>${json_data['results'][0]}</arg>
<arg>${key}</arg>
<doc>Fails if ``key`` is not found from ``dictionary``.</doc>
<status status="PASS" start="2024-03-27T18:17:58.565061" elapsed="0.000432"/>
</kw>
<kw name="Log" owner="BuiltIn">
<msg time="2024-03-27T18:17:58.566237" level="INFO">{'gender': 'female', 'name': {'title': 'Ms', 'first': 'Edel', 'last': 'Østgård'}, 'location': {'street': {'number': 7789, 'name': 'Nakholmen'}, 'city': 'Blakstad', 'state': 'Hordaland', 'country': 'Norway', 'postcode': '7166', 'coordinates': {'latitude': '45.7764', 'longitude': '148.7679'}, 'timezone': {'offset': '-3:30', 'description': 'Newfoundland'}}, 'email': 'edel.ostgard@example.com', 'login': {'uuid': '3ff5c906-14b4-4077-8c20-05057abad91d', 'username': 'angrybear394', 'password': 'boss', 'salt': 'rQtbCDHV', 'md5': 'f1ccc4b5f072fa3b7ddbdcabc83a4ef4', 'sha1': 'e86ba5fe1b564df01ce60e99a1449feb94d23761', 'sha256': '1fd101ceb611fe216778452a1a3c0e9e02a19ec7c862c320269f15a4d57d8e46'}, 'dob': {'date': '1946-12-10T05:45:04.637Z', 'age': 77}, 'registered': {'date': '2009-02-05T16:38:53.098Z', 'age': 15}, 'phone': '67686083', 'cell': '98961117', 'id': {'name': 'FN', 'value': '10124634623'}, 'picture': {'large': 'https://randomuser.me/api/portraits/women/42.jpg', 'medium': 'https://randomuser.me/api/portraits/med/women/42.jpg', 'thumbnail': 'https://randomuser.me/api/portraits/thumb/women/42.jpg'}, 'nat': 'NO'}</msg>
<arg>${json_data['results'][0]}</arg>
<doc>Logs the given message with the given level.</doc>
<status status="PASS" start="2024-03-27T18:17:58.565831" elapsed="0.000455"/>
</kw>
<kw name="Log" owner="BuiltIn">
<msg time="2024-03-27T18:17:58.566724" level="INFO">name</msg>
<arg>${key}</arg>
<doc>Logs the given message with the given level.</doc>
<status status="PASS" start="2024-03-27T18:17:58.566593" elapsed="0.000170"/>
</kw>
<var name="${key}">name</var>
<status status="PASS" start="2024-03-27T18:17:58.564944" elapsed="0.002038"/>
</iter>
<iter>
<kw name="Dictionary Should Contain Key" owner="Collections">
<msg time="2024-03-27T18:17:58.567674" level="INFO">False</msg>
<arg>${json_data['results'][0]}</arg>
<arg>${key}</arg>
<doc>Fails if ``key`` is not found from ``dictionary``.</doc>
<status status="PASS" start="2024-03-27T18:17:58.567285" elapsed="0.000427"/>
</kw>
<kw name="Log" owner="BuiltIn">
<msg time="2024-03-27T18:17:58.568406" level="INFO">{'gender': 'female', 'name': {'title': 'Ms', 'first': 'Edel', 'last': 'Østgård'}, 'location': {'street': {'number': 7789, 'name': 'Nakholmen'}, 'city': 'Blakstad', 'state': 'Hordaland', 'country': 'Norway', 'postcode': '7166', 'coordinates': {'latitude': '45.7764', 'longitude': '148.7679'}, 'timezone': {'offset': '-3:30', 'description': 'Newfoundland'}}, 'email': 'edel.ostgard@example.com', 'login': {'uuid': '3ff5c906-14b4-4077-8c20-05057abad91d', 'username': 'angrybear394', 'password': 'boss', 'salt': 'rQtbCDHV', 'md5': 'f1ccc4b5f072fa3b7ddbdcabc83a4ef4', 'sha1': 'e86ba5fe1b564df01ce60e99a1449feb94d23761', 'sha256': '1fd101ceb611fe216778452a1a3c0e9e02a19ec7c862c320269f15a4d57d8e46'}, 'dob': {'date': '1946-12-10T05:45:04.637Z', 'age': 77}, 'registered': {'date': '2009-02-05T16:38:53.098Z', 'age': 15}, 'phone': '67686083', 'cell': '98961117', 'id': {'name': 'FN', 'value': '10124634623'}, 'picture': {'large': 'https://randomuser.me/api/portraits/women/42.jpg', 'medium': 'https://randomuser.me/api/portraits/med/women/42.jpg', 'thumbnail': 'https://randomuser.me/api/portraits/thumb/women/42.jpg'}, 'nat': 'NO'}</msg>
<arg>${json_data['results'][0]}</arg>
<doc>Logs the given message with the given level.</doc>
<status status="PASS" start="2024-03-27T18:17:58.568033" elapsed="0.000428"/>
</kw>
<kw name="Log" owner="BuiltIn">
<msg time="2024-03-27T18:17:58.568904" level="INFO">location</msg>
<arg>${key}</arg>
<doc>Logs the given message with the given level.</doc>
<status status="PASS" start="2024-03-27T18:17:58.568772" elapsed="0.000171"/>
</kw>
<var name="${key}">location</var>
<status status="PASS" start="2024-03-27T18:17:58.567167" elapsed="0.002001"/>
</iter>
<iter>
<kw name="Dictionary Should Contain Key" owner="Collections">
<msg time="2024-03-27T18:17:58.569860" level="INFO">False</msg>
<arg>${json_data['results'][0]}</arg>
<arg>${key}</arg>
<doc>Fails if ``key`` is not found from ``dictionary``.</doc>
<status status="PASS" start="2024-03-27T18:17:58.569462" elapsed="0.000436"/>
</kw>
<kw name="Log" owner="BuiltIn">
<msg time="2024-03-27T18:17:58.570608" level="INFO">{'gender': 'female', 'name': {'title': 'Ms', 'first': 'Edel', 'last': 'Østgård'}, 'location': {'street': {'number': 7789, 'name': 'Nakholmen'}, 'city': 'Blakstad', 'state': 'Hordaland', 'country': 'Norway', 'postcode': '7166', 'coordinates': {'latitude': '45.7764', 'longitude': '148.7679'}, 'timezone': {'offset': '-3:30', 'description': 'Newfoundland'}}, 'email': 'edel.ostgard@example.com', 'login': {'uuid': '3ff5c906-14b4-4077-8c20-05057abad91d', 'username': 'angrybear394', 'password': 'boss', 'salt': 'rQtbCDHV', 'md5': 'f1ccc4b5f072fa3b7ddbdcabc83a4ef4', 'sha1': 'e86ba5fe1b564df01ce60e99a1449feb94d23761', 'sha256': '1fd101ceb611fe216778452a1a3c0e9e02a19ec7c862c320269f15a4d57d8e46'}, 'dob': {'date': '1946-12-10T05:45:04.637Z', 'age': 77}, 'registered': {'date': '2009-02-05T16:38:53.098Z', 'age': 15}, 'phone': '67686083', 'cell': '98961117', 'id': {'name': 'FN', 'value': '10124634623'}, 'picture': {'large': 'https://randomuser.me/api/portraits/women/42.jpg', 'medium': 'https://randomuser.me/api/portraits/med/women/42.jpg', 'thumbnail': 'https://randomuser.me/api/portraits/thumb/women/42.jpg'}, 'nat': 'NO'}</msg>
<arg>${json_data['results'][0]}</arg>
<doc>Logs the given message with the given level.</doc>
<status status="PASS" start="2024-03-27T18:17:58.570237" elapsed="0.000421"/>
</kw>
<kw name="Log" owner="BuiltIn">
<msg time="2024-03-27T18:17:58.571088" level="INFO">email</msg>
<arg>${key}</arg>
<doc>Logs the given message with the given level.</doc>
<status status="PASS" start="2024-03-27T18:17:58.570956" elapsed="0.000176"/>
</kw>
<var name="${key}">email</var>
<status status="PASS" start="2024-03-27T18:17:58.569344" elapsed="0.002009"/>
</iter>
<iter>
<kw name="Dictionary Should Contain Key" owner="Collections">
<msg time="2024-03-27T18:17:58.572065" level="INFO">False</msg>
<arg>${json_data['results'][0]}</arg>
<arg>${key}</arg>
<doc>Fails if ``key`` is not found from ``dictionary``.</doc>
<status status="PASS" start="2024-03-27T18:17:58.571661" elapsed="0.000442"/>
</kw>
<kw name="Log" owner="BuiltIn">
<msg time="2024-03-27T18:17:58.572769" level="INFO">{'gender': 'female', 'name': {'title': 'Ms', 'first': 'Edel', 'last': 'Østgård'}, 'location': {'street': {'number': 7789, 'name': 'Nakholmen'}, 'city': 'Blakstad', 'state': 'Hordaland', 'country': 'Norway', 'postcode': '7166', 'coordinates': {'latitude': '45.7764', 'longitude': '148.7679'}, 'timezone': {'offset': '-3:30', 'description': 'Newfoundland'}}, 'email': 'edel.ostgard@example.com', 'login': {'uuid': '3ff5c906-14b4-4077-8c20-05057abad91d', 'username': 'angrybear394', 'password': 'boss', 'salt': 'rQtbCDHV', 'md5': 'f1ccc4b5f072fa3b7ddbdcabc83a4ef4', 'sha1': 'e86ba5fe1b564df01ce60e99a1449feb94d23761', 'sha256': '1fd101ceb611fe216778452a1a3c0e9e02a19ec7c862c320269f15a4d57d8e46'}, 'dob': {'date': '1946-12-10T05:45:04.637Z', 'age': 77}, 'registered': {'date': '2009-02-05T16:38:53.098Z', 'age': 15}, 'phone': '67686083', 'cell': '98961117', 'id': {'name': 'FN', 'value': '10124634623'}, 'picture': {'large': 'https://randomuser.me/api/portraits/women/42.jpg', 'medium': 'https://randomuser.me/api/portraits/med/women/42.jpg', 'thumbnail': 'https://randomuser.me/api/portraits/thumb/women/42.jpg'}, 'nat': 'NO'}</msg>
<arg>${json_data['results'][0]}</arg>
<doc>Logs the given message with the given level.</doc>
<status status="PASS" start="2024-03-27T18:17:58.572398" elapsed="0.000427"/>
</kw>
<kw name="Log" owner="BuiltIn">
<msg time="2024-03-27T18:17:58.573267" level="INFO">login</msg>
<arg>${key}</arg>
<doc>Logs the given message with the given level.</doc>
<status status="PASS" start="2024-03-27T18:17:58.573138" elapsed="0.000307"/>
</kw>
<var name="${key}">login</var>
<status status="PASS" start="2024-03-27T18:17:58.571531" elapsed="0.002148"/>
</iter>
<var>${key}</var>
<value>@{expected_keys}</value>
<status status="PASS" start="2024-03-27T18:17:58.562476" elapsed="0.011331"/>
</for>
<kw name="Create List" owner="BuiltIn">
<msg time="2024-03-27T18:17:58.574255" level="INFO">${expected_keysTwo} = ['username', 'password']</msg>
<var>${expected_keysTwo}</var>
<arg>username</arg>
<arg>password</arg>
<doc>Returns a list containing given items.</doc>
<status status="PASS" start="2024-03-27T18:17:58.574093" elapsed="0.000186"/>
</kw>
<for flavor="IN">
<iter>
<kw name="Dictionary Should Contain Key" owner="Collections">
<msg time="2024-03-27T18:17:58.575209" level="INFO">False</msg>
<arg>${json_data['results'][0]['login']}</arg>
<arg>${keyTwo}</arg>
<doc>Fails if ``key`` is not found from ``dictionary``.</doc>
<status status="PASS" start="2024-03-27T18:17:58.574807" elapsed="0.000440"/>
</kw>
<kw name="Dictionary Should Contain Key" owner="Collections">
<msg time="2024-03-27T18:17:58.575934" level="INFO">False</msg>
<arg>${json_data['results'][0]['login']}</arg>
<arg>${keyTwo}</arg>
<doc>Fails if ``key`` is not found from ``dictionary``.</doc>
<status status="PASS" start="2024-03-27T18:17:58.575547" elapsed="0.000426"/>
</kw>
<kw name="Log" owner="BuiltIn">
<msg time="2024-03-27T18:17:58.576406" level="INFO">username</msg>
<arg>${keyTwo}</arg>
<doc>Logs the given message with the given level.</doc>
<status status="PASS" start="2024-03-27T18:17:58.576275" elapsed="0.000168"/>
</kw>
<var name="${keyTwo}">username</var>
<status status="PASS" start="2024-03-27T18:17:58.574692" elapsed="0.001965"/>
</iter>
<iter>
<kw name="Dictionary Should Contain Key" owner="Collections">
<msg time="2024-03-27T18:17:58.577361" level="INFO">False</msg>
<arg>${json_data['results'][0]['login']}</arg>
<arg>${keyTwo}</arg>
<doc>Fails if ``key`` is not found from ``dictionary``.</doc>
<status status="PASS" start="2024-03-27T18:17:58.576956" elapsed="0.000450"/>
</kw>
<kw name="Dictionary Should Contain Key" owner="Collections">
<msg time="2024-03-27T18:17:58.578124" level="INFO">False</msg>
<arg>${json_data['results'][0]['login']}</arg>
<arg>${keyTwo}</arg>
<doc>Fails if ``key`` is not found from ``dictionary``.</doc>
<status status="PASS" start="2024-03-27T18:17:58.577708" elapsed="0.000455"/>
</kw>
<kw name="Log" owner="BuiltIn">
<msg time="2024-03-27T18:17:58.578602" level="INFO">password</msg>
<arg>${keyTwo}</arg>
<doc>Logs the given message with the given level.</doc>
<status status="PASS" start="2024-03-27T18:17:58.578468" elapsed="0.000173"/>
</kw>
<var name="${keyTwo}">password</var>
<status status="PASS" start="2024-03-27T18:17:58.576843" elapsed="0.002019"/>
</iter>
<var>${keyTwo}</var>
<value>@{expected_keysTwo}</value>
<status status="PASS" start="2024-03-27T18:17:58.574526" elapsed="0.004463"/>
</for>
<status status="PASS" start="2024-03-27T18:17:58.456523" elapsed="0.122617"/>
</kw>
<doc>Testa a estrutura da resposta da API.</doc>
<tag>testeEstruturaResposta</tag>
<status status="PASS" start="2024-03-27T18:17:58.455721" elapsed="0.123593"/>
</test>
<test id="s1-s1-t4" name="Validar tipos de dados" line="28">
<kw name="Teste de Tipos de Dados" owner="random-user-service">
<kw name="GET On Session" owner="RequestsLibrary">
<msg time="2024-03-27T18:17:58.649128" level="INFO">GET Request : url=https://randomuser.me/api 
 path_url=/api 
 headers={'User-Agent': 'python-requests/2.31.0', 'Accept-Encoding': 'gzip, deflate', 'Accept': '*/*', 'Connection': 'keep-alive'} 
 body=None 
 </msg>
<msg time="2024-03-27T18:17:58.649233" level="INFO">GET Response : url=https://randomuser.me/api 
 status=200, reason=OK 
 headers={'Date': 'Wed, 27 Mar 2024 18:17:58 GMT', 'Content-Type': 'application/json; charset=utf-8', 'Transfer-Encoding': 'chunked', 'Connection': 'keep-alive', 'X-Powered-By': 'Express', 'Access-Control-Allow-Origin': '*', 'Cache-Control': 'no-cache', 'ETag': 'W/"48f-jwxIUYrT7NOwaNj2OEu+G+6rnZU"', 'Vary': 'Accept-Encoding', 'Content-Encoding': 'gzip', 'CF-Cache-Status': 'DYNAMIC', 'Report-To': '{"endpoints":[{"url":"https:\\/\\/a.nel.cloudflare.com\\/report\\/v4?s=M5NNCfF5w7yOMfffj%2F6LxLH%2BUovkiA%2FXoXcS5MZJ4kCrfVbv6%2FJm9jRfKMcUAZPSWzZbjqE8uLAx1t8urCs1OXHEtCpfsWz4M1A9D33M4OLZf2yLdQOI%2BSn2mZB7jDG%2F"}],"group":"cf-nel","max_age":604800}', 'NEL': '{"success_fraction":0,"report_to":"cf-nel","max_age":604800}', 'Server': 'cloudflare', 'CF-RAY': '86b1615d2fd81254-ORD', 'alt-svc': 'h3=":443"; ma=86400'} 
 body={"results":[{"gender":"female","name":{"title":"Miss","first":"Irina","last":"Krasić"},"location":{"street":{"number":372,"name":"Mise Todorovića"},"city":"Blace","state":"Pirot","country":"Serbia","postcode":85593,"coordinates":{"latitude":"60.1185","longitude":"136.9947"},"timezone":{"offset":"-6:00","description":"Central Time (US &amp; Canada), Mexico City"}},"email":"irina.krasic@example.com","login":{"uuid":"45430828-d4de-4dea-affa-c2220260c121","username":"purplerabbit256","password":"zack","salt":"qZ425PN0","md5":"a05da34389097107f224010b3b460486","sha1":"017e9f647891e411e01391b1d4d4ba39d90253ed","sha256":"50effc248e4c65f03484279efa8e654f279b02ea6b6ab3a19d446ca000f19293"},"dob":{"date":"1953-06-19T05:26:04.223Z","age":70},"registered":{"date":"2005-11-09T00:49:21.096Z","age":18},"phone":"014-0701-042","cell":"060-9559-846","id":{"name":"SID","value":"523280287"},"picture":{"large":"https://randomuser.me/api/portraits/women/4.jpg","medium":"https://randomuser.me/api/portraits/med/women/4.jpg","thumbnail":"https://randomuser.me/api/portraits/thumb/women/4.jpg"},"nat":"RS"}],"info":{"seed":"2e51b51b5f8d3ddd","results":1,"page":1,"version":"1.4"}} 
 </msg>
<msg time="2024-03-27T18:17:58.649315" level="INFO">/opt/hostedtoolcache/Python/3.12.2/x64/lib/python3.12/site-packages/urllib3/connectionpool.py:1103: InsecureRequestWarning: Unverified HTTPS request is being made to host 'randomuser.me'. Adding certificate verification is strongly advised. See: https://urllib3.readthedocs.io/en/latest/advanced-usage.html#tls-warnings
  warnings.warn(</msg>
<msg time="2024-03-27T18:17:58.649466" level="INFO">${response} = &lt;Response [200]&gt;</msg>
<var>${response}</var>
<arg>consultarAPI</arg>
<arg>/api</arg>
<doc>Sends a GET request on a previously created HTTP Session.</doc>
<status status="PASS" start="2024-03-27T18:17:58.581871" elapsed="0.067649"/>
</kw>
<kw name="Set Variable" owner="BuiltIn">
<msg time="2024-03-27T18:17:58.650642" level="INFO">${json_data} = {'results': [{'gender': 'female', 'name': {'title': 'Miss', 'first': 'Irina', 'last': 'Krasić'}, 'location': {'street': {'number': 372, 'name': 'Mise Todorovića'}, 'city': 'Blace', 'state': 'Pirot', '...</msg>
<var>${json_data}</var>
<arg>${response.json()}</arg>
<doc>Returns the given values which can then be assigned to a variables.</doc>
<status status="PASS" start="2024-03-27T18:17:58.650095" elapsed="0.000577"/>
</kw>
<kw name="Log" owner="BuiltIn">
<msg time="2024-03-27T18:17:58.651164" level="INFO">{'results': [{'gender': 'female', 'name': {'title': 'Miss', 'first': 'Irina', 'last': 'Krasić'}, 'location': {'street': {'number': 372, 'name': 'Mise Todorovića'}, 'city': 'Blace', 'state': 'Pirot', 'country': 'Serbia', 'postcode': 85593, 'coordinates': {'latitude': '60.1185', 'longitude': '136.9947'}, 'timezone': {'offset': '-6:00', 'description': 'Central Time (US &amp; Canada), Mexico City'}}, 'email': 'irina.krasic@example.com', 'login': {'uuid': '45430828-d4de-4dea-affa-c2220260c121', 'username': 'purplerabbit256', 'password': 'zack', 'salt': 'qZ425PN0', 'md5': 'a05da34389097107f224010b3b460486', 'sha1': '017e9f647891e411e01391b1d4d4ba39d90253ed', 'sha256': '50effc248e4c65f03484279efa8e654f279b02ea6b6ab3a19d446ca000f19293'}, 'dob': {'date': '1953-06-19T05:26:04.223Z', 'age': 70}, 'registered': {'date': '2005-11-09T00:49:21.096Z', 'age': 18}, 'phone': '014-0701-042', 'cell': '060-9559-846', 'id': {'name': 'SID', 'value': '523280287'}, 'picture': {'large': 'https://randomuser.me/api/portraits/women/4.jpg', 'medium': 'https://randomuser.me/api/portraits/med/women/4.jpg', 'thumbnail': 'https://randomuser.me/api/portraits/thumb/women/4.jpg'}, 'nat': 'RS'}], 'info': {'seed': '2e51b51b5f8d3ddd', 'results': 1, 'page': 1, 'version': '1.4'}}</msg>
<arg>${json_data}</arg>
<doc>Logs the given message with the given level.</doc>
<status status="PASS" start="2024-03-27T18:17:58.651001" elapsed="0.000217"/>
</kw>
<kw name="Should Be String" owner="String">
<arg>${json_data['results'][0]['gender']}</arg>
<doc>Fails if the given ``item`` is not a string.</doc>
<status status="PASS" start="2024-03-27T18:17:58.651557" elapsed="0.000389"/>
</kw>
<kw name="Should Match Regexp" owner="BuiltIn">
<arg>${json_data['results'][0]['email']}</arg>
<arg>^[a-zA-Z0-9._%+-]+@[a-zA-Z0-9.-]+\.[a-zA-Z]{2,}$</arg>
<doc>Fails if ``string`` does not match ``pattern`` as a regular expression.</doc>
<status status="PASS" start="2024-03-27T18:17:58.652161" elapsed="0.000527"/>
</kw>
<kw name="Should Match Regexp" owner="BuiltIn">
<arg>${json_data['results'][0]['dob']['date']}</arg>
<arg>\\d{4}-\\d{2}-\\d{2}T\\d{2}:\\d{2}:\\d{2}\\.\\d{3}Z</arg>
<doc>Fails if ``string`` does not match ``pattern`` as a regular expression.</doc>
<status status="PASS" start="2024-03-27T18:17:58.652888" elapsed="0.000500"/>
</kw>
<kw name="Should Match Regexp" owner="BuiltIn">
<arg>${json_data['results'][0]['registered']['date']}</arg>
<arg>\\d{4}-\\d{2}-\\d{2}T\\d{2}:\\d{2}:\\d{2}\\.\\d{3}Z</arg>
<doc>Fails if ``string`` does not match ``pattern`` as a regular expression.</doc>
<status status="PASS" start="2024-03-27T18:17:58.653584" elapsed="0.000371"/>
</kw>
<kw name="Should Match Regexp" owner="BuiltIn">
<arg>${json_data['results'][0]['picture']['large']}</arg>
<arg>^https?://.*\.(?:png|jpe?g|gif|bmp)$</arg>
<doc>Fails if ``string`` does not match ``pattern`` as a regular expression.</doc>
<status status="PASS" start="2024-03-27T18:17:58.654185" elapsed="0.000474"/>
</kw>
<kw name="Should Match Regexp" owner="BuiltIn">
<arg>${json_data['results'][0]['picture']['medium']}</arg>
<arg>^https?://.*\.(?:png|jpe?g|gif|bmp)$</arg>
<doc>Fails if ``string`` does not match ``pattern`` as a regular expression.</doc>
<status status="PASS" start="2024-03-27T18:17:58.654852" elapsed="0.000365"/>
</kw>
<kw name="Should Match Regexp" owner="BuiltIn">
<arg>${json_data['results'][0]['picture']['thumbnail']}</arg>
<arg>^https?://.*\.(?:png|jpe?g|gif|bmp)$</arg>
<doc>Fails if ``string`` does not match ``pattern`` as a regular expression.</doc>
<status status="PASS" start="2024-03-27T18:17:58.655406" elapsed="0.000355"/>
</kw>
<kw name="Log" owner="BuiltIn">
<msg time="2024-03-27T18:17:58.656287" level="INFO">{'large': 'https://randomuser.me/api/portraits/women/4.jpg', 'medium': 'https://randomuser.me/api/portraits/med/women/4.jpg', 'thumbnail': 'https://randomuser.me/api/portraits/thumb/women/4.jpg'}</msg>
<arg>${json_data['results'][0]['picture']}</arg>
<doc>Logs the given message with the given level.</doc>
<status status="PASS" start="2024-03-27T18:17:58.655945" elapsed="0.000397"/>
</kw>
<status status="PASS" start="2024-03-27T18:17:58.581632" elapsed="0.074992"/>
</kw>
<kw name="Teste de Tipos de Dados - Postcode" owner="random-user-service">
<kw name="GET On Session" owner="RequestsLibrary">
<msg time="2024-03-27T18:17:58.748522" level="INFO">GET Request : url=https://randomuser.me/api 
 path_url=/api 
 headers={'User-Agent': 'python-requests/2.31.0', 'Accept-Encoding': 'gzip, deflate', 'Accept': '*/*', 'Connection': 'keep-alive'} 
 body=None 
 </msg>
<msg time="2024-03-27T18:17:58.748635" level="INFO">GET Response : url=https://randomuser.me/api 
 status=200, reason=OK 
 headers={'Date': 'Wed, 27 Mar 2024 18:17:58 GMT', 'Content-Type': 'application/json; charset=utf-8', 'Transfer-Encoding': 'chunked', 'Connection': 'keep-alive', 'X-Powered-By': 'Express', 'Access-Control-Allow-Origin': '*', 'Cache-Control': 'no-cache', 'ETag': 'W/"48f-C2/nXvLCM1zLqXVoZQtZ2cb7OIk"', 'Vary': 'Accept-Encoding', 'Content-Encoding': 'gzip', 'CF-Cache-Status': 'DYNAMIC', 'Report-To': '{"endpoints":[{"url":"https:\\/\\/a.nel.cloudflare.com\\/report\\/v4?s=dsBURrfFQWcdiCrc0llIdSP6iJ63FYgSHzT4SIgdSXDtxcDmOyIjgB0OM9MrxHbkKQzZNayxQaJSsvEq0yWJuMIjZl%2FxkJpQ4nm5uEhQczxvlE2ZctfCWKUHPogLYXWW"}],"group":"cf-nel","max_age":604800}', 'NEL': '{"success_fraction":0,"report_to":"cf-nel","max_age":604800}', 'Server': 'cloudflare', 'CF-RAY': '86b1615d98d41254-ORD', 'alt-svc': 'h3=":443"; ma=86400'} 
 body={"results":[{"gender":"male","name":{"title":"Mr","first":"Dorian","last":"Barbier"},"location":{"street":{"number":1800,"name":"Rue Docteur-Bonhomme"},"city":"Grenoble","state":"Hautes-Pyrénées","country":"France","postcode":10612,"coordinates":{"latitude":"-20.8871","longitude":"-47.9011"},"timezone":{"offset":"-10:00","description":"Hawaii"}},"email":"dorian.barbier@example.com","login":{"uuid":"3012b570-ac55-40fd-a6cf-29c8246e715f","username":"silverzebra245","password":"hawkeyes","salt":"PVuuc9Zl","md5":"9876880ccd4a046350752211c770df32","sha1":"3021bf0b48fc1adea21660faee2c8a430a1f0955","sha256":"7d2123dcb67c5fae71e346b40334455a8f3e4daf9b4f26272beea058ebb1d2db"},"dob":{"date":"1978-11-25T19:18:27.321Z","age":45},"registered":{"date":"2017-08-17T08:36:23.055Z","age":6},"phone":"01-23-84-03-99","cell":"06-01-90-30-11","id":{"name":"INSEE","value":"1781024347392 67"},"picture":{"large":"https://randomuser.me/api/portraits/men/51.jpg","medium":"https://randomuser.me/api/portraits/med/men/51.jpg","thumbnail":"https://randomuser.me/api/portraits/thumb/men/51.jpg"},"nat":"FR"}],"info":{"seed":"50cc04b18b872189","results":1,"page":1,"version":"1.4"}} 
 </msg>
<msg time="2024-03-27T18:17:58.748737" level="INFO">/opt/hostedtoolcache/Python/3.12.2/x64/lib/python3.12/site-packages/urllib3/connectionpool.py:1103: InsecureRequestWarning: Unverified HTTPS request is being made to host 'randomuser.me'. Adding certificate verification is strongly advised. See: https://urllib3.readthedocs.io/en/latest/advanced-usage.html#tls-warnings
  warnings.warn(</msg>
<msg time="2024-03-27T18:17:58.748904" level="INFO">${response} = &lt;Response [200]&gt;</msg>
<var>${response}</var>
<arg>consultarAPI</arg>
<arg>/api</arg>
<doc>Sends a GET request on a previously created HTTP Session.</doc>
<status status="PASS" start="2024-03-27T18:17:58.657278" elapsed="0.091686"/>
</kw>
<kw name="Set Variable" owner="BuiltIn">
<msg time="2024-03-27T18:17:58.750030" level="INFO">${json_data} = {'results': [{'gender': 'male', 'name': {'title': 'Mr', 'first': 'Dorian', 'last': 'Barbier'}, 'location': {'street': {'number': 1800, 'name': 'Rue Docteur-Bonhomme'}, 'city': 'Grenoble', 'state': 'Ha...</msg>
<var>${json_data}</var>
<arg>${response.json()}</arg>
<doc>Returns the given values which can then be assigned to a variables.</doc>
<status status="PASS" start="2024-03-27T18:17:58.749499" elapsed="0.000586"/>
</kw>
<kw name="Log" owner="BuiltIn">
<msg time="2024-03-27T18:17:58.750581" level="INFO">{'results': [{'gender': 'male', 'name': {'title': 'Mr', 'first': 'Dorian', 'last': 'Barbier'}, 'location': {'street': {'number': 1800, 'name': 'Rue Docteur-Bonhomme'}, 'city': 'Grenoble', 'state': 'Hautes-Pyrénées', 'country': 'France', 'postcode': 10612, 'coordinates': {'latitude': '-20.8871', 'longitude': '-47.9011'}, 'timezone': {'offset': '-10:00', 'description': 'Hawaii'}}, 'email': 'dorian.barbier@example.com', 'login': {'uuid': '3012b570-ac55-40fd-a6cf-29c8246e715f', 'username': 'silverzebra245', 'password': 'hawkeyes', 'salt': 'PVuuc9Zl', 'md5': '9876880ccd4a046350752211c770df32', 'sha1': '3021bf0b48fc1adea21660faee2c8a430a1f0955', 'sha256': '7d2123dcb67c5fae71e346b40334455a8f3e4daf9b4f26272beea058ebb1d2db'}, 'dob': {'date': '1978-11-25T19:18:27.321Z', 'age': 45}, 'registered': {'date': '2017-08-17T08:36:23.055Z', 'age': 6}, 'phone': '01-23-84-03-99', 'cell': '06-01-90-30-11', 'id': {'name': 'INSEE', 'value': '1781024347392 67'}, 'picture': {'large': 'https://randomuser.me/api/portraits/men/51.jpg', 'medium': 'https://randomuser.me/api/portraits/med/men/51.jpg', 'thumbnail': 'https://randomuser.me/api/portraits/thumb/men/51.jpg'}, 'nat': 'FR'}], 'info': {'seed': '50cc04b18b872189', 'results': 1, 'page': 1, 'version': '1.4'}}</msg>
<arg>${json_data}</arg>
<doc>Logs the given message with the given level.</doc>
<status status="PASS" start="2024-03-27T18:17:58.750416" elapsed="0.000216"/>
</kw>
<kw name="Should Be Equal As Numbers" owner="BuiltIn">
<arg>${json_data['results'][0]['location']['postcode']}</arg>
<arg>${json_data['results'][0]['location']['postcode']}</arg>
<doc>Fails if objects are unequal after converting them to real numbers.</doc>
<status status="PASS" start="2024-03-27T18:17:58.750938" elapsed="0.000679"/>
</kw>
<kw name="Log" owner="BuiltIn">
<msg time="2024-03-27T18:17:58.752154" level="INFO">10612</msg>
<arg>${json_data['results'][0]['location']['postcode']}</arg>
<doc>Logs the given message with the given level.</doc>
<status status="PASS" start="2024-03-27T18:17:58.751814" elapsed="0.000382"/>
</kw>
<status status="PASS" start="2024-03-27T18:17:58.656876" elapsed="0.095585"/>
</kw>
<doc>Testa se os tipos de dados na resposta da API estão corretos.</doc>
<tag>testeTiposDados</tag>
<status status="PASS" start="2024-03-27T18:17:58.581097" elapsed="0.171543"/>
</test>
<test id="s1-s1-t5" name="Validar conteudo" line="35">
<kw name="Teste de Tipos de Conteudo" owner="random-user-service">
<kw name="GET On Session" owner="RequestsLibrary">
<msg time="2024-03-27T18:17:58.849358" level="INFO">GET Request : url=https://randomuser.me/api 
 path_url=/api 
 headers={'User-Agent': 'python-requests/2.31.0', 'Accept-Encoding': 'gzip, deflate', 'Accept': '*/*', 'Connection': 'keep-alive'} 
 body=None 
 </msg>
<msg time="2024-03-27T18:17:58.849459" level="INFO">GET Response : url=https://randomuser.me/api 
 status=200, reason=OK 
 headers={'Date': 'Wed, 27 Mar 2024 18:17:58 GMT', 'Content-Type': 'application/json; charset=utf-8', 'Transfer-Encoding': 'chunked', 'Connection': 'keep-alive', 'X-Powered-By': 'Express', 'Access-Control-Allow-Origin': '*', 'Cache-Control': 'no-cache', 'ETag': 'W/"476-qxfKBXLRosKOIDJ7yWCEuBlRZOY"', 'Vary': 'Accept-Encoding', 'Content-Encoding': 'gzip', 'CF-Cache-Status': 'DYNAMIC', 'Report-To': '{"endpoints":[{"url":"https:\\/\\/a.nel.cloudflare.com\\/report\\/v4?s=xO6S24dLb%2Ff%2FRmQZ3gWnNOSgjzRyVLrnpbo6hYckA1tfdl8JEnmVN2rClf4n7Tbi6kikIvgfZ1SJ6j0%2FeNTP5wgRqHIwuaYr%2B9YAsq0kAGRD%2BTkDSTevAwuxr1CCMWD3"}],"group":"cf-nel","max_age":604800}', 'NEL': '{"success_fraction":0,"report_to":"cf-nel","max_age":604800}', 'Server': 'cloudflare', 'CF-RAY': '86b1615e39b31254-ORD', 'alt-svc': 'h3=":443"; ma=86400'} 
 body={"results":[{"gender":"male","name":{"title":"Mr","first":"ماهان","last":"حسینی"},"location":{"street":{"number":8401,"name":"جمهوری"},"city":"گرگان","state":"قم","country":"Iran","postcode":74987,"coordinates":{"latitude":"14.4744","longitude":"-77.0280"},"timezone":{"offset":"-1:00","description":"Azores, Cape Verde Islands"}},"email":"mhn.hsyny@example.com","login":{"uuid":"b16d3f9b-eb38-4f24-97f8-00003a3b98f2","username":"whiteleopard109","password":"holland","salt":"4UmH7isZ","md5":"9e254eeb60d052d62b12bfd07d249043","sha1":"8b24b6c1ebd681fccbf57f444a7dfc012de8a67a","sha256":"b588239ac0d72174201ac211161d777427b865d538052594b92776e76ca3a9c5"},"dob":{"date":"1946-05-13T07:13:10.074Z","age":77},"registered":{"date":"2003-02-02T21:14:33.164Z","age":21},"phone":"026-27659176","cell":"0921-731-2481","id":{"name":"","value":null},"picture":{"large":"https://randomuser.me/api/portraits/men/1.jpg","medium":"https://randomuser.me/api/portraits/med/men/1.jpg","thumbnail":"https://randomuser.me/api/portraits/thumb/men/1.jpg"},"nat":"IR"}],"info":{"seed":"10003452dc12b5ac","results":1,"page":1,"version":"1.4"}} 
 </msg>
<msg time="2024-03-27T18:17:58.849534" level="INFO">/opt/hostedtoolcache/Python/3.12.2/x64/lib/python3.12/site-packages/urllib3/connectionpool.py:1103: InsecureRequestWarning: Unverified HTTPS request is being made to host 'randomuser.me'. Adding certificate verification is strongly advised. See: https://urllib3.readthedocs.io/en/latest/advanced-usage.html#tls-warnings
  warnings.warn(</msg>
<msg time="2024-03-27T18:17:58.849676" level="INFO">${response} = &lt;Response [200]&gt;</msg>
<var>${response}</var>
<arg>consultarAPI</arg>
<arg>/api</arg>
<doc>Sends a GET request on a previously created HTTP Session.</doc>
<status status="PASS" start="2024-03-27T18:17:58.755607" elapsed="0.094114"/>
</kw>
<kw name="Set Variable" owner="BuiltIn">
<msg time="2024-03-27T18:17:58.850802" level="INFO">${json_data} = {'results': [{'gender': 'male', 'name': {'title': 'Mr', 'first': 'ماهان', 'last': 'حسینی'}, 'location': {'street': {'number': 8401, 'name': 'جمهوری'}, 'city': 'گرگان', 'state': 'قم', 'country': 'Iran'...</msg>
<var>${json_data}</var>
<arg>${response.json()}</arg>
<doc>Returns the given values which can then be assigned to a variables.</doc>
<status status="PASS" start="2024-03-27T18:17:58.850264" elapsed="0.000570"/>
</kw>
<kw name="Set Variable" owner="BuiltIn">
<msg time="2024-03-27T18:17:58.851600" level="INFO">${name_title} = Mr</msg>
<var>${name_title}</var>
<arg>${json_data["results"][0]["name"]["title"]}</arg>
<doc>Returns the given values which can then be assigned to a variables.</doc>
<status status="PASS" start="2024-03-27T18:17:58.851189" elapsed="0.000437"/>
</kw>
<kw name="Create List" owner="BuiltIn">
<msg time="2024-03-27T18:17:58.852083" level="INFO">${allowed_titles} = ['Mr', 'Ms', 'Miss', 'Mrs', 'Madame', 'Monsieur']</msg>
<var>${allowed_titles}</var>
<arg>Mr</arg>
<arg>Ms</arg>
<arg>Miss</arg>
<arg>Mrs</arg>
<arg>Madame</arg>
<arg>Monsieur</arg>
<doc>Returns a list containing given items.</doc>
<status status="PASS" start="2024-03-27T18:17:58.851929" elapsed="0.000179"/>
</kw>
<kw name="List Should Contain Value" owner="Collections">
<msg time="2024-03-27T18:17:58.852585" level="INFO">False</msg>
<arg>${allowed_titles}</arg>
<arg>${name_title}</arg>
<doc>Fails if the ``value`` is not found from ``list``.</doc>
<status status="PASS" start="2024-03-27T18:17:58.852411" elapsed="0.000210"/>
</kw>
<kw name="Set Variable" owner="BuiltIn">
<msg time="2024-03-27T18:17:58.853291" level="INFO">${name_country} = IR</msg>
<var>${name_country}</var>
<arg>${json_data["results"][0]["nat"]}</arg>
<doc>Returns the given values which can then be assigned to a variables.</doc>
<status status="PASS" start="2024-03-27T18:17:58.852908" elapsed="0.000408"/>
</kw>
<kw name="Create List" owner="BuiltIn">
<msg time="2024-03-27T18:17:58.854263" level="INFO">${list_country} = ['AD', 'AE', 'AF', 'AG', 'AI', 'AL', 'AM', 'AO', 'AQ', 'AR', 'AS', 'AT', 'AU', 'AW', 'AX', 'AZ', 'BA', 'BB', 'BD', 'BE', 'BF', 'BG', 'BH', 'BI', 'BJ', 'BL', 'BM', 'BN', 'BO', 'BQ', 'BR', 'BS', 'BT', '...</msg>
<var>${list_country}</var>
<arg>AD</arg>
<arg>AE</arg>
<arg>AF</arg>
<arg>AG</arg>
<arg>AI</arg>
<arg>AL</arg>
<arg>AM</arg>
<arg>AO</arg>
<arg>AQ</arg>
<arg>AR</arg>
<arg>AS</arg>
<arg>AT</arg>
<arg>AU</arg>
<arg>AW</arg>
<arg>AX</arg>
<arg>AZ</arg>
<arg>BA</arg>
<arg>BB</arg>
<arg>BD</arg>
<arg>BE</arg>
<arg>BF</arg>
<arg>BG</arg>
<arg>BH</arg>
<arg>BI</arg>
<arg>BJ</arg>
<arg>BL</arg>
<arg>BM</arg>
<arg>BN</arg>
<arg>BO</arg>
<arg>BQ</arg>
<arg>BR</arg>
<arg>BS</arg>
<arg>BT</arg>
<arg>BV</arg>
<arg>BW</arg>
<arg>BY</arg>
<arg>BZ</arg>
<arg>CA</arg>
<arg>CC</arg>
<arg>CD</arg>
<arg>CF</arg>
<arg>CG</arg>
<arg>CH</arg>
<arg>CI</arg>
<arg>CK</arg>
<arg>CL</arg>
<arg>CM</arg>
<arg>CN</arg>
<arg>CO</arg>
<arg>CR</arg>
<arg>CU</arg>
<arg>CV</arg>
<arg>CW</arg>
<arg>CX</arg>
<arg>CY</arg>
<arg>CZ</arg>
<arg>DE</arg>
<arg>DJ</arg>
<arg>DK</arg>
<arg>DM</arg>
<arg>DO</arg>
<arg>DZ</arg>
<arg>EC</arg>
<arg>EE</arg>
<arg>EG</arg>
<arg>EH</arg>
<arg>ER</arg>
<arg>ES</arg>
<arg>ET</arg>
<arg>FI</arg>
<arg>FJ</arg>
<arg>FK</arg>
<arg>FM</arg>
<arg>FO</arg>
<arg>FR</arg>
<arg>GA</arg>
<arg>GB</arg>
<arg>GD</arg>
<arg>GE</arg>
<arg>GF</arg>
<arg>GG</arg>
<arg>GH</arg>
<arg>GI</arg>
<arg>GL</arg>
<arg>GM</arg>
<arg>GN</arg>
<arg>GP</arg>
<arg>GQ</arg>
<arg>GR</arg>
<arg>GS</arg>
<arg>GT</arg>
<arg>GU</arg>
<arg>GW</arg>
<arg>GY</arg>
<arg>HK</arg>
<arg>HM</arg>
<arg>HN</arg>
<arg>HR</arg>
<arg>HT</arg>
<arg>HU</arg>
<arg>ID</arg>
<arg>IE</arg>
<arg>IL</arg>
<arg>IM</arg>
<arg>IN</arg>
<arg>IO</arg>
<arg>IQ</arg>
<arg>IR</arg>
<arg>IS</arg>
<arg>IT</arg>
<arg>JE</arg>
<arg>JM</arg>
<arg>JO</arg>
<arg>JP</arg>
<arg>KE</arg>
<arg>KG</arg>
<arg>KH</arg>
<arg>KI</arg>
<arg>KM</arg>
<arg>KN</arg>
<arg>KP</arg>
<arg>KR</arg>
<arg>KW</arg>
<arg>KY</arg>
<arg>KZ</arg>
<arg>LA</arg>
<arg>LB</arg>
<arg>LC</arg>
<arg>LI</arg>
<arg>LK</arg>
<arg>LR</arg>
<arg>LS</arg>
<arg>LT</arg>
<arg>LU</arg>
<arg>LV</arg>
<arg>LY</arg>
<arg>MA</arg>
<arg>MC</arg>
<arg>MD</arg>
<arg>ME</arg>
<arg>MF</arg>
<arg>MG</arg>
<arg>MH</arg>
<arg>MK</arg>
<arg>ML</arg>
<arg>MM</arg>
<arg>MN</arg>
<arg>MO</arg>
<arg>MP</arg>
<arg>MQ</arg>
<arg>MR</arg>
<arg>MS</arg>
<arg>MT</arg>
<arg>MU</arg>
<arg>MV</arg>
<arg>MW</arg>
<arg>MX</arg>
<arg>MY</arg>
<arg>MZ</arg>
<arg>NA</arg>
<arg>NC</arg>
<arg>NE</arg>
<arg>NF</arg>
<arg>NG</arg>
<arg>NI</arg>
<arg>NL</arg>
<arg>NO</arg>
<arg>NP</arg>
<arg>NR</arg>
<arg>NU</arg>
<arg>NZ</arg>
<arg>OM</arg>
<arg>PA</arg>
<arg>PE</arg>
<arg>PF</arg>
<arg>PG</arg>
<arg>PH</arg>
<arg>PK</arg>
<arg>PL</arg>
<arg>PM</arg>
<arg>PN</arg>
<arg>PR</arg>
<arg>PS</arg>
<arg>PT</arg>
<arg>PW</arg>
<arg>PY</arg>
<arg>QA</arg>
<arg>RE</arg>
<arg>RO</arg>
<arg>RS</arg>
<arg>RU</arg>
<arg>RW</arg>
<arg>SA</arg>
<arg>SB</arg>
<arg>SC</arg>
<arg>SD</arg>
<arg>SE</arg>
<arg>SG</arg>
<arg>SH</arg>
<arg>SI</arg>
<arg>SJ</arg>
<arg>SK</arg>
<arg>SL</arg>
<arg>SM</arg>
<arg>SN</arg>
<arg>SO</arg>
<arg>SR</arg>
<arg>SS</arg>
<arg>ST</arg>
<arg>SV</arg>
<arg>SX</arg>
<arg>SY</arg>
<arg>SZ</arg>
<arg>TC</arg>
<arg>TD</arg>
<arg>TF</arg>
<arg>TG</arg>
<arg>TH</arg>
<arg>TJ</arg>
<arg>TK</arg>
<arg>TL</arg>
<arg>TM</arg>
<arg>TN</arg>
<arg>TO</arg>
<arg>TR</arg>
<arg>TT</arg>
<arg>TV</arg>
<arg>TW</arg>
<arg>TZ</arg>
<arg>UA</arg>
<arg>UG</arg>
<arg>UM</arg>
<arg>US</arg>
<arg>UY</arg>
<arg>UZ</arg>
<arg>VA</arg>
<arg>VC</arg>
<arg>VE</arg>
<arg>VG</arg>
<arg>VI</arg>
<arg>VN</arg>
<arg>VU</arg>
<arg>WF</arg>
<arg>WS</arg>
<arg>XK</arg>
<arg>YE</arg>
<arg>YT</arg>
<arg>ZA</arg>
<arg>ZM</arg>
<arg>ZW</arg>
<doc>Returns a list containing given items.</doc>
<status status="PASS" start="2024-03-27T18:17:58.853625" elapsed="0.000664"/>
</kw>
<kw name="List Should Contain Value" owner="Collections">
<msg time="2024-03-27T18:17:58.855422" level="INFO">False</msg>
<arg>${list_country}</arg>
<arg>${name_country}</arg>
<doc>Fails if the ``value`` is not found from ``list``.</doc>
<status status="PASS" start="2024-03-27T18:17:58.855219" elapsed="0.000242"/>
</kw>
<kw name="Run Keyword If" owner="BuiltIn">
<kw name="Should Be True" owner="BuiltIn">
<arg>${True}</arg>
<doc>Fails if the given condition is not true.</doc>
<status status="PASS" start="2024-03-27T18:17:58.856568" elapsed="0.000160"/>
</kw>
<arg>${json_data["results"][0]["location"]["coordinates"]["latitude"]} &gt;= -90 and ${json_data["results"][0]["location"]["coordinates"]["latitude"]} &lt;= 90</arg>
<arg>Should Be True</arg>
<arg>${True}</arg>
<doc>Runs the given keyword with the given arguments, if ``condition`` is true.</doc>
<status status="PASS" start="2024-03-27T18:17:58.855787" elapsed="0.001069"/>
</kw>
<kw name="Run Keyword If" owner="BuiltIn">
<kw name="Should Be True" owner="BuiltIn">
<arg>${True}</arg>
<doc>Fails if the given condition is not true.</doc>
<status status="PASS" start="2024-03-27T18:17:58.857777" elapsed="0.000147"/>
</kw>
<arg>${json_data["results"][0]["location"]["coordinates"]["longitude"]} &gt;= -180 and ${json_data["results"][0]["location"]["coordinates"]["longitude"]} &lt;= 180</arg>
<arg>Should Be True</arg>
<arg>${True}</arg>
<doc>Runs the given keyword with the given arguments, if ``condition`` is true.</doc>
<status status="PASS" start="2024-03-27T18:17:58.857044" elapsed="0.001040"/>
</kw>
<status status="PASS" start="2024-03-27T18:17:58.755191" elapsed="0.103043"/>
</kw>
<doc>Testa o conteúdo específico dos campos retornados pela API.</doc>
<tag>testeConteudo</tag>
<status status="PASS" start="2024-03-27T18:17:58.754481" elapsed="0.103911"/>
</test>
<status status="PASS" start="2024-03-27T18:17:58.006198" elapsed="0.854172"/>
</suite>
<status status="PASS" start="2024-03-27T18:17:57.992164" elapsed="0.873729"/>
</suite>
<statistics>
<total>
<stat pass="5" fail="0" skip="0">All Tests</stat>
</total>
<tag>
<stat pass="1" fail="0" skip="0">testeConteudo</stat>
<stat pass="1" fail="0" skip="0">testeEstruturaResposta</stat>
<stat pass="1" fail="0" skip="0">testeRequisicaoBasica</stat>
<stat pass="1" fail="0" skip="0">testeTiposDados</stat>
</tag>
<suite>
<stat pass="5" fail="0" skip="0" id="s1" name="Tests">Tests</stat>
<stat pass="5" fail="0" skip="0" id="s1-s1" name="Random-User-Test">Tests.Random-User-Test</stat>
</suite>
</statistics>
<errors>
</errors>
</robot>
