<?xml version="1.0" encoding="UTF-8"?>
<robot generator="Robot 7.0.1 (Python 3.12.4 on linux)" generated="2024-06-18T22:13:39.916549" rpa="false" schemaversion="5">
<suite id="s1" name="Tests" source="/home/runner/work/ApiRandomUser/ApiRandomUser/RamdonUser/tests">
<suite id="s1-s1" name="Random-User-Test" source="/home/runner/work/ApiRandomUser/ApiRandomUser/RamdonUser/tests/random-user-test.robot">
<test id="s1-s1-t1" name="Conectar" line="13">
<kw name="Conectar API" owner="random-user-service">
<kw name="Create Session" owner="RequestsLibrary">
<msg time="2024-06-18T22:13:40.344035" level="INFO">Creating Session using : alias=consultarAPI, url=https://randomuser.me/, headers={},                     cookies={}, auth=None, timeout=None, proxies=None, verify=False,                     debug=0 </msg>
<arg>consultarAPI</arg>
<arg>${URL}</arg>
<doc>Create Session: create a HTTP session to a server</doc>
<status status="PASS" start="2024-06-18T22:13:40.343837" elapsed="0.000373"/>
</kw>
<status status="PASS" start="2024-06-18T22:13:40.342789" elapsed="0.001775"/>
</kw>
<status status="PASS" start="2024-06-18T22:13:40.342212" elapsed="0.002545"/>
</test>
<test id="s1-s1-t2" name="Validar retorno 200 e JSON Válido" line="16">
<kw name="Teste de Requisicao Basica" owner="random-user-service">
<kw name="GET On Session" owner="RequestsLibrary">
<msg time="2024-06-18T22:13:40.551785" level="INFO">GET Request : url=https://randomuser.me/api 
 path_url=/api 
 headers={'User-Agent': 'python-requests/2.32.3', 'Accept-Encoding': 'gzip, deflate', 'Accept': '*/*', 'Connection': 'keep-alive'} 
 body=None 
 </msg>
<msg time="2024-06-18T22:13:40.551970" level="INFO">GET Response : url=https://randomuser.me/api 
 status=200, reason=OK 
 headers={'Date': 'Tue, 18 Jun 2024 22:13:40 GMT', 'Content-Type': 'application/json; charset=utf-8', 'Transfer-Encoding': 'chunked', 'Connection': 'keep-alive', 'X-Powered-By': 'Express', 'Access-Control-Allow-Origin': '*', 'Cache-Control': 'no-cache', 'ETag': 'W/"46f-HrMwAaIEQ/NxJ0mFz7c9tqAVTeY"', 'Vary': 'Accept-Encoding', 'Content-Encoding': 'gzip', 'CF-Cache-Status': 'DYNAMIC', 'Report-To': '{"endpoints":[{"url":"https:\\/\\/a.nel.cloudflare.com\\/report\\/v4?s=b1WyyTV06GM708qK8MYivVYJ8bJNgYrmZDsFyPIvW3cbugTSwjaeiFUY9D57sG147id9dmMBWhxKBPGUTGyhhItuEm%2FMlAcmR0YgHUJQ3ie1qGt%2BsMoptv%2FKO%2FZXnmrN"}],"group":"cf-nel","max_age":604800}', 'NEL': '{"success_fraction":0,"report_to":"cf-nel","max_age":604800}', 'Server': 'cloudflare', 'CF-RAY': '895ea0c01b9f81eb-IAD', 'alt-svc': 'h3=":443"; ma=86400'} 
 body={"results":[{"gender":"female","name":{"title":"Ms","first":"یلدا","last":"گلشن"},"location":{"street":{"number":3079,"name":"فلسطین"},"city":"بابل","state":"سمنان","country":"Iran","postcode":72282,"coordinates":{"latitude":"19.5877","longitude":"124.7660"},"timezone":{"offset":"+4:30","description":"Kabul"}},"email":"yld.glshn@example.com","login":{"uuid":"feba4927-b263-40cd-b35f-18424b227e08","username":"whitebutterfly571","password":"electric","salt":"jymcV28n","md5":"3b5230ae04a718ce9bafd189121bd562","sha1":"14b0bfc049bccc8e64476f34167b9e75ebd7859b","sha256":"d46076aa568d2b550b307f7de44681ef1d6e21279fec63107c7f0da8624170f6"},"dob":{"date":"1959-07-18T03:11:13.613Z","age":64},"registered":{"date":"2005-01-15T20:39:04.328Z","age":19},"phone":"071-14805667","cell":"0952-240-0801","id":{"name":"","value":null},"picture":{"large":"https://randomuser.me/api/portraits/women/25.jpg","medium":"https://randomuser.me/api/portraits/med/women/25.jpg","thumbnail":"https://randomuser.me/api/portraits/thumb/women/25.jpg"},"nat":"IR"}],"info":{"seed":"e05018616ad55c60","results":1,"page":1,"version":"1.4"}} 
 </msg>
<msg time="2024-06-18T22:13:40.552098" level="INFO">/opt/hostedtoolcache/Python/3.12.4/x64/lib/python3.12/site-packages/urllib3/connectionpool.py:1099: InsecureRequestWarning: Unverified HTTPS request is being made to host 'randomuser.me'. Adding certificate verification is strongly advised. See: https://urllib3.readthedocs.io/en/latest/advanced-usage.html#tls-warnings
  warnings.warn(</msg>
<msg time="2024-06-18T22:13:40.552274" level="INFO">${response} = &lt;Response [200]&gt;</msg>
<var>${response}</var>
<arg>consultarAPI</arg>
<arg>/api</arg>
<doc>Sends a GET request on a previously created HTTP Session.</doc>
<status status="PASS" start="2024-06-18T22:13:40.347439" elapsed="0.204878"/>
</kw>
<kw name="Should Be Equal As Numbers" owner="BuiltIn">
<msg time="2024-06-18T22:13:40.553676" level="INFO">Argument types are:
&lt;class 'int'&gt;
&lt;class 'str'&gt;</msg>
<arg>${response.status_code}</arg>
<arg>200</arg>
<doc>Fails if objects are unequal after converting them to real numbers.</doc>
<status status="PASS" start="2024-06-18T22:13:40.553005" elapsed="0.000770"/>
</kw>
<kw name="Log" owner="BuiltIn">
<msg time="2024-06-18T22:13:40.554925" level="INFO">200</msg>
<arg>${response.status_code}</arg>
<doc>Logs the given message with the given level.</doc>
<status status="PASS" start="2024-06-18T22:13:40.554293" elapsed="0.000702"/>
</kw>
<kw name="Set Variable" owner="BuiltIn">
<msg time="2024-06-18T22:13:40.556186" level="INFO">${json_data} = {'results': [{'gender': 'female', 'name': {'title': 'Ms', 'first': 'یلدا', 'last': 'گلشن'}, 'location': {'street': {'number': 3079, 'name': 'فلسطین'}, 'city': 'بابل', 'state': 'سمنان', 'country': 'Ira...</msg>
<var>${json_data}</var>
<arg>${response.json()}</arg>
<doc>Returns the given values which can then be assigned to a variables.</doc>
<status status="PASS" start="2024-06-18T22:13:40.555449" elapsed="0.000797"/>
</kw>
<kw name="Dictionary Should Contain Key" owner="Collections">
<arg>${json_data}</arg>
<arg>results</arg>
<doc>Fails if ``key`` is not found from ``dictionary``.</doc>
<status status="PASS" start="2024-06-18T22:13:40.556725" elapsed="0.000290"/>
</kw>
<status status="PASS" start="2024-06-18T22:13:40.347203" elapsed="0.210076"/>
</kw>
<doc>Testa se a API responde corretamente e retorna um objeto JSON válido.</doc>
<tag>testeRequisicaoBasica</tag>
<status status="PASS" start="2024-06-18T22:13:40.346658" elapsed="0.210923"/>
</test>
<test id="s1-s1-t3" name="Validar estrutura de resposta" line="22">
<kw name="Teste de Estrutura de Resposta" owner="random-user-service">
<kw name="GET On Session" owner="RequestsLibrary">
<msg time="2024-06-18T22:13:40.649600" level="INFO">GET Request : url=https://randomuser.me/api 
 path_url=/api 
 headers={'User-Agent': 'python-requests/2.32.3', 'Accept-Encoding': 'gzip, deflate', 'Accept': '*/*', 'Connection': 'keep-alive'} 
 body=None 
 </msg>
<msg time="2024-06-18T22:13:40.649697" level="INFO">GET Response : url=https://randomuser.me/api 
 status=200, reason=OK 
 headers={'Date': 'Tue, 18 Jun 2024 22:13:40 GMT', 'Content-Type': 'application/json; charset=utf-8', 'Transfer-Encoding': 'chunked', 'Connection': 'keep-alive', 'X-Powered-By': 'Express', 'Access-Control-Allow-Origin': '*', 'Cache-Control': 'no-cache', 'ETag': 'W/"495-dWSs/Hql0RZwXLlJipcm/29q6hU"', 'Vary': 'Accept-Encoding', 'Content-Encoding': 'gzip', 'CF-Cache-Status': 'DYNAMIC', 'Report-To': '{"endpoints":[{"url":"https:\\/\\/a.nel.cloudflare.com\\/report\\/v4?s=GH2PkesLMtdrcWgtMSvdJvc8IlySIYe1Bzg1DSDs9aOJFrvXDEKpF0S%2FOIWMGD%2BMTekKR5kNhf4c3jqDrA0NA29pULUSI%2FjpCOZvAH4z6ZdkKDEfqUMNgiy848QG9fZ8"}],"group":"cf-nel","max_age":604800}', 'NEL': '{"success_fraction":0,"report_to":"cf-nel","max_age":604800}', 'Server': 'cloudflare', 'CF-RAY': '895ea0c08c2381eb-IAD', 'alt-svc': 'h3=":443"; ma=86400'} 
 body={"results":[{"gender":"female","name":{"title":"Miss","first":"Rosa","last":"Petersen"},"location":{"street":{"number":9137,"name":"Kirsebærhaven"},"city":"Aarhus N","state":"Nordjylland","country":"Denmark","postcode":98095,"coordinates":{"latitude":"-42.8042","longitude":"60.2602"},"timezone":{"offset":"+8:00","description":"Beijing, Perth, Singapore, Hong Kong"}},"email":"rosa.petersen@example.com","login":{"uuid":"cc4de609-f3ec-4072-83a8-3c81c06283fc","username":"orangeduck777","password":"pa55word","salt":"n4WbEiGn","md5":"d0a4d3e0d1c045c792ac50b9c4ad50b1","sha1":"18d5c69d58638de0763dd4d9d1c769e7ce2f6946","sha256":"bf178f5051a3dc2da99da628b7df1f3832a6b516a7aeb6b475e9bdce4e28e63f"},"dob":{"date":"1974-08-14T17:33:40.117Z","age":49},"registered":{"date":"2004-03-23T21:22:22.278Z","age":20},"phone":"04152973","cell":"14713574","id":{"name":"CPR","value":"140874-9331"},"picture":{"large":"https://randomuser.me/api/portraits/women/74.jpg","medium":"https://randomuser.me/api/portraits/med/women/74.jpg","thumbnail":"https://randomuser.me/api/portraits/thumb/women/74.jpg"},"nat":"DK"}],"info":{"seed":"b2c8eed72ea1da9e","results":1,"page":1,"version":"1.4"}} 
 </msg>
<msg time="2024-06-18T22:13:40.649844" level="INFO">/opt/hostedtoolcache/Python/3.12.4/x64/lib/python3.12/site-packages/urllib3/connectionpool.py:1099: InsecureRequestWarning: Unverified HTTPS request is being made to host 'randomuser.me'. Adding certificate verification is strongly advised. See: https://urllib3.readthedocs.io/en/latest/advanced-usage.html#tls-warnings
  warnings.warn(</msg>
<msg time="2024-06-18T22:13:40.649969" level="INFO">${response} = &lt;Response [200]&gt;</msg>
<var>${response}</var>
<arg>consultarAPI</arg>
<arg>/api</arg>
<doc>Sends a GET request on a previously created HTTP Session.</doc>
<status status="PASS" start="2024-06-18T22:13:40.562142" elapsed="0.087870"/>
</kw>
<kw name="Set Variable" owner="BuiltIn">
<msg time="2024-06-18T22:13:40.651081" level="INFO">${json_data} = {'results': [{'gender': 'female', 'name': {'title': 'Miss', 'first': 'Rosa', 'last': 'Petersen'}, 'location': {'street': {'number': 9137, 'name': 'Kirsebærhaven'}, 'city': 'Aarhus N', 'state': 'Nordjy...</msg>
<var>${json_data}</var>
<arg>${response.json()}</arg>
<doc>Returns the given values which can then be assigned to a variables.</doc>
<status status="PASS" start="2024-06-18T22:13:40.650504" elapsed="0.000609"/>
</kw>
<kw name="Log" owner="BuiltIn">
<msg time="2024-06-18T22:13:40.651599" level="INFO">{'results': [{'gender': 'female', 'name': {'title': 'Miss', 'first': 'Rosa', 'last': 'Petersen'}, 'location': {'street': {'number': 9137, 'name': 'Kirsebærhaven'}, 'city': 'Aarhus N', 'state': 'Nordjylland', 'country': 'Denmark', 'postcode': 98095, 'coordinates': {'latitude': '-42.8042', 'longitude': '60.2602'}, 'timezone': {'offset': '+8:00', 'description': 'Beijing, Perth, Singapore, Hong Kong'}}, 'email': 'rosa.petersen@example.com', 'login': {'uuid': 'cc4de609-f3ec-4072-83a8-3c81c06283fc', 'username': 'orangeduck777', 'password': 'pa55word', 'salt': 'n4WbEiGn', 'md5': 'd0a4d3e0d1c045c792ac50b9c4ad50b1', 'sha1': '18d5c69d58638de0763dd4d9d1c769e7ce2f6946', 'sha256': 'bf178f5051a3dc2da99da628b7df1f3832a6b516a7aeb6b475e9bdce4e28e63f'}, 'dob': {'date': '1974-08-14T17:33:40.117Z', 'age': 49}, 'registered': {'date': '2004-03-23T21:22:22.278Z', 'age': 20}, 'phone': '04152973', 'cell': '14713574', 'id': {'name': 'CPR', 'value': '140874-9331'}, 'picture': {'large': 'https://randomuser.me/api/portraits/women/74.jpg', 'medium': 'https://randomuser.me/api/portraits/med/women/74.jpg', 'thumbnail': 'https://randomuser.me/api/portraits/thumb/women/74.jpg'}, 'nat': 'DK'}], 'info': {'seed': 'b2c8eed72ea1da9e', 'results': 1, 'page': 1, 'version': '1.4'}}</msg>
<arg>${json_data}</arg>
<doc>Logs the given message with the given level.</doc>
<status status="PASS" start="2024-06-18T22:13:40.651434" elapsed="0.000216"/>
</kw>
<kw name="Dictionary Should Contain Key" owner="Collections">
<arg>${json_data}</arg>
<arg>results</arg>
<doc>Fails if ``key`` is not found from ``dictionary``.</doc>
<status status="PASS" start="2024-06-18T22:13:40.651948" elapsed="0.000163"/>
</kw>
<kw name="Should Not Be Empty" owner="BuiltIn">
<msg time="2024-06-18T22:13:40.652422" level="INFO">Length is 2.</msg>
<arg>${json_data}</arg>
<doc>Verifies that the given item is not empty.</doc>
<status status="PASS" start="2024-06-18T22:13:40.652297" elapsed="0.000165"/>
</kw>
<kw name="Create List" owner="BuiltIn">
<msg time="2024-06-18T22:13:40.652905" level="INFO">${expected_keys} = ['gender', 'name', 'location', 'email', 'login']</msg>
<var>${expected_keys}</var>
<arg>gender</arg>
<arg>name</arg>
<arg>location</arg>
<arg>email</arg>
<arg>login</arg>
<doc>Returns a list containing given items.</doc>
<status status="PASS" start="2024-06-18T22:13:40.652758" elapsed="0.000172"/>
</kw>
<for flavor="IN">
<iter>
<kw name="Dictionary Should Contain Key" owner="Collections">
<arg>${json_data['results'][0]}</arg>
<arg>${key}</arg>
<doc>Fails if ``key`` is not found from ``dictionary``.</doc>
<status status="PASS" start="2024-06-18T22:13:40.653516" elapsed="0.000414"/>
</kw>
<kw name="Log" owner="BuiltIn">
<msg time="2024-06-18T22:13:40.654491" level="INFO">{'gender': 'female', 'name': {'title': 'Miss', 'first': 'Rosa', 'last': 'Petersen'}, 'location': {'street': {'number': 9137, 'name': 'Kirsebærhaven'}, 'city': 'Aarhus N', 'state': 'Nordjylland', 'country': 'Denmark', 'postcode': 98095, 'coordinates': {'latitude': '-42.8042', 'longitude': '60.2602'}, 'timezone': {'offset': '+8:00', 'description': 'Beijing, Perth, Singapore, Hong Kong'}}, 'email': 'rosa.petersen@example.com', 'login': {'uuid': 'cc4de609-f3ec-4072-83a8-3c81c06283fc', 'username': 'orangeduck777', 'password': 'pa55word', 'salt': 'n4WbEiGn', 'md5': 'd0a4d3e0d1c045c792ac50b9c4ad50b1', 'sha1': '18d5c69d58638de0763dd4d9d1c769e7ce2f6946', 'sha256': 'bf178f5051a3dc2da99da628b7df1f3832a6b516a7aeb6b475e9bdce4e28e63f'}, 'dob': {'date': '1974-08-14T17:33:40.117Z', 'age': 49}, 'registered': {'date': '2004-03-23T21:22:22.278Z', 'age': 20}, 'phone': '04152973', 'cell': '14713574', 'id': {'name': 'CPR', 'value': '140874-9331'}, 'picture': {'large': 'https://randomuser.me/api/portraits/women/74.jpg', 'medium': 'https://randomuser.me/api/portraits/med/women/74.jpg', 'thumbnail': 'https://randomuser.me/api/portraits/thumb/women/74.jpg'}, 'nat': 'DK'}</msg>
<arg>${json_data['results'][0]}</arg>
<doc>Logs the given message with the given level.</doc>
<status status="PASS" start="2024-06-18T22:13:40.654121" elapsed="0.000431"/>
</kw>
<kw name="Log" owner="BuiltIn">
<msg time="2024-06-18T22:13:40.655029" level="INFO">gender</msg>
<arg>${key}</arg>
<doc>Logs the given message with the given level.</doc>
<status status="PASS" start="2024-06-18T22:13:40.654895" elapsed="0.000173"/>
</kw>
<var name="${key}">gender</var>
<status status="PASS" start="2024-06-18T22:13:40.653385" elapsed="0.001901"/>
</iter>
<iter>
<kw name="Dictionary Should Contain Key" owner="Collections">
<arg>${json_data['results'][0]}</arg>
<arg>${key}</arg>
<doc>Fails if ``key`` is not found from ``dictionary``.</doc>
<status status="PASS" start="2024-06-18T22:13:40.655587" elapsed="0.000392"/>
</kw>
<kw name="Log" owner="BuiltIn">
<msg time="2024-06-18T22:13:40.656527" level="INFO">{'gender': 'female', 'name': {'title': 'Miss', 'first': 'Rosa', 'last': 'Petersen'}, 'location': {'street': {'number': 9137, 'name': 'Kirsebærhaven'}, 'city': 'Aarhus N', 'state': 'Nordjylland', 'country': 'Denmark', 'postcode': 98095, 'coordinates': {'latitude': '-42.8042', 'longitude': '60.2602'}, 'timezone': {'offset': '+8:00', 'description': 'Beijing, Perth, Singapore, Hong Kong'}}, 'email': 'rosa.petersen@example.com', 'login': {'uuid': 'cc4de609-f3ec-4072-83a8-3c81c06283fc', 'username': 'orangeduck777', 'password': 'pa55word', 'salt': 'n4WbEiGn', 'md5': 'd0a4d3e0d1c045c792ac50b9c4ad50b1', 'sha1': '18d5c69d58638de0763dd4d9d1c769e7ce2f6946', 'sha256': 'bf178f5051a3dc2da99da628b7df1f3832a6b516a7aeb6b475e9bdce4e28e63f'}, 'dob': {'date': '1974-08-14T17:33:40.117Z', 'age': 49}, 'registered': {'date': '2004-03-23T21:22:22.278Z', 'age': 20}, 'phone': '04152973', 'cell': '14713574', 'id': {'name': 'CPR', 'value': '140874-9331'}, 'picture': {'large': 'https://randomuser.me/api/portraits/women/74.jpg', 'medium': 'https://randomuser.me/api/portraits/med/women/74.jpg', 'thumbnail': 'https://randomuser.me/api/portraits/thumb/women/74.jpg'}, 'nat': 'DK'}</msg>
<arg>${json_data['results'][0]}</arg>
<doc>Logs the given message with the given level.</doc>
<status status="PASS" start="2024-06-18T22:13:40.656168" elapsed="0.000445"/>
</kw>
<kw name="Log" owner="BuiltIn">
<msg time="2024-06-18T22:13:40.657079" level="INFO">name</msg>
<arg>${key}</arg>
<doc>Logs the given message with the given level.</doc>
<status status="PASS" start="2024-06-18T22:13:40.656941" elapsed="0.000177"/>
</kw>
<var name="${key}">name</var>
<status status="PASS" start="2024-06-18T22:13:40.655475" elapsed="0.001878"/>
</iter>
<iter>
<kw name="Dictionary Should Contain Key" owner="Collections">
<arg>${json_data['results'][0]}</arg>
<arg>${key}</arg>
<doc>Fails if ``key`` is not found from ``dictionary``.</doc>
<status status="PASS" start="2024-06-18T22:13:40.657640" elapsed="0.000392"/>
</kw>
<kw name="Log" owner="BuiltIn">
<msg time="2024-06-18T22:13:40.658568" level="INFO">{'gender': 'female', 'name': {'title': 'Miss', 'first': 'Rosa', 'last': 'Petersen'}, 'location': {'street': {'number': 9137, 'name': 'Kirsebærhaven'}, 'city': 'Aarhus N', 'state': 'Nordjylland', 'country': 'Denmark', 'postcode': 98095, 'coordinates': {'latitude': '-42.8042', 'longitude': '60.2602'}, 'timezone': {'offset': '+8:00', 'description': 'Beijing, Perth, Singapore, Hong Kong'}}, 'email': 'rosa.petersen@example.com', 'login': {'uuid': 'cc4de609-f3ec-4072-83a8-3c81c06283fc', 'username': 'orangeduck777', 'password': 'pa55word', 'salt': 'n4WbEiGn', 'md5': 'd0a4d3e0d1c045c792ac50b9c4ad50b1', 'sha1': '18d5c69d58638de0763dd4d9d1c769e7ce2f6946', 'sha256': 'bf178f5051a3dc2da99da628b7df1f3832a6b516a7aeb6b475e9bdce4e28e63f'}, 'dob': {'date': '1974-08-14T17:33:40.117Z', 'age': 49}, 'registered': {'date': '2004-03-23T21:22:22.278Z', 'age': 20}, 'phone': '04152973', 'cell': '14713574', 'id': {'name': 'CPR', 'value': '140874-9331'}, 'picture': {'large': 'https://randomuser.me/api/portraits/women/74.jpg', 'medium': 'https://randomuser.me/api/portraits/med/women/74.jpg', 'thumbnail': 'https://randomuser.me/api/portraits/thumb/women/74.jpg'}, 'nat': 'DK'}</msg>
<arg>${json_data['results'][0]}</arg>
<doc>Logs the given message with the given level.</doc>
<status status="PASS" start="2024-06-18T22:13:40.658214" elapsed="0.000403"/>
</kw>
<kw name="Log" owner="BuiltIn">
<msg time="2024-06-18T22:13:40.659079" level="INFO">location</msg>
<arg>${key}</arg>
<doc>Logs the given message with the given level.</doc>
<status status="PASS" start="2024-06-18T22:13:40.658950" elapsed="0.000175"/>
</kw>
<var name="${key}">location</var>
<status status="PASS" start="2024-06-18T22:13:40.657531" elapsed="0.001808"/>
</iter>
<iter>
<kw name="Dictionary Should Contain Key" owner="Collections">
<arg>${json_data['results'][0]}</arg>
<arg>${key}</arg>
<doc>Fails if ``key`` is not found from ``dictionary``.</doc>
<status status="PASS" start="2024-06-18T22:13:40.659616" elapsed="0.000387"/>
</kw>
<kw name="Log" owner="BuiltIn">
<msg time="2024-06-18T22:13:40.660558" level="INFO">{'gender': 'female', 'name': {'title': 'Miss', 'first': 'Rosa', 'last': 'Petersen'}, 'location': {'street': {'number': 9137, 'name': 'Kirsebærhaven'}, 'city': 'Aarhus N', 'state': 'Nordjylland', 'country': 'Denmark', 'postcode': 98095, 'coordinates': {'latitude': '-42.8042', 'longitude': '60.2602'}, 'timezone': {'offset': '+8:00', 'description': 'Beijing, Perth, Singapore, Hong Kong'}}, 'email': 'rosa.petersen@example.com', 'login': {'uuid': 'cc4de609-f3ec-4072-83a8-3c81c06283fc', 'username': 'orangeduck777', 'password': 'pa55word', 'salt': 'n4WbEiGn', 'md5': 'd0a4d3e0d1c045c792ac50b9c4ad50b1', 'sha1': '18d5c69d58638de0763dd4d9d1c769e7ce2f6946', 'sha256': 'bf178f5051a3dc2da99da628b7df1f3832a6b516a7aeb6b475e9bdce4e28e63f'}, 'dob': {'date': '1974-08-14T17:33:40.117Z', 'age': 49}, 'registered': {'date': '2004-03-23T21:22:22.278Z', 'age': 20}, 'phone': '04152973', 'cell': '14713574', 'id': {'name': 'CPR', 'value': '140874-9331'}, 'picture': {'large': 'https://randomuser.me/api/portraits/women/74.jpg', 'medium': 'https://randomuser.me/api/portraits/med/women/74.jpg', 'thumbnail': 'https://randomuser.me/api/portraits/thumb/women/74.jpg'}, 'nat': 'DK'}</msg>
<arg>${json_data['results'][0]}</arg>
<doc>Logs the given message with the given level.</doc>
<status status="PASS" start="2024-06-18T22:13:40.660188" elapsed="0.000421"/>
</kw>
<kw name="Log" owner="BuiltIn">
<msg time="2024-06-18T22:13:40.661033" level="INFO">email</msg>
<arg>${key}</arg>
<doc>Logs the given message with the given level.</doc>
<status status="PASS" start="2024-06-18T22:13:40.660906" elapsed="0.000166"/>
</kw>
<var name="${key}">email</var>
<status status="PASS" start="2024-06-18T22:13:40.659508" elapsed="0.001776"/>
</iter>
<iter>
<kw name="Dictionary Should Contain Key" owner="Collections">
<arg>${json_data['results'][0]}</arg>
<arg>${key}</arg>
<doc>Fails if ``key`` is not found from ``dictionary``.</doc>
<status status="PASS" start="2024-06-18T22:13:40.661560" elapsed="0.000379"/>
</kw>
<kw name="Log" owner="BuiltIn">
<msg time="2024-06-18T22:13:40.662496" level="INFO">{'gender': 'female', 'name': {'title': 'Miss', 'first': 'Rosa', 'last': 'Petersen'}, 'location': {'street': {'number': 9137, 'name': 'Kirsebærhaven'}, 'city': 'Aarhus N', 'state': 'Nordjylland', 'country': 'Denmark', 'postcode': 98095, 'coordinates': {'latitude': '-42.8042', 'longitude': '60.2602'}, 'timezone': {'offset': '+8:00', 'description': 'Beijing, Perth, Singapore, Hong Kong'}}, 'email': 'rosa.petersen@example.com', 'login': {'uuid': 'cc4de609-f3ec-4072-83a8-3c81c06283fc', 'username': 'orangeduck777', 'password': 'pa55word', 'salt': 'n4WbEiGn', 'md5': 'd0a4d3e0d1c045c792ac50b9c4ad50b1', 'sha1': '18d5c69d58638de0763dd4d9d1c769e7ce2f6946', 'sha256': 'bf178f5051a3dc2da99da628b7df1f3832a6b516a7aeb6b475e9bdce4e28e63f'}, 'dob': {'date': '1974-08-14T17:33:40.117Z', 'age': 49}, 'registered': {'date': '2004-03-23T21:22:22.278Z', 'age': 20}, 'phone': '04152973', 'cell': '14713574', 'id': {'name': 'CPR', 'value': '140874-9331'}, 'picture': {'large': 'https://randomuser.me/api/portraits/women/74.jpg', 'medium': 'https://randomuser.me/api/portraits/med/women/74.jpg', 'thumbnail': 'https://randomuser.me/api/portraits/thumb/women/74.jpg'}, 'nat': 'DK'}</msg>
<arg>${json_data['results'][0]}</arg>
<doc>Logs the given message with the given level.</doc>
<status status="PASS" start="2024-06-18T22:13:40.662129" elapsed="0.000417"/>
</kw>
<kw name="Log" owner="BuiltIn">
<msg time="2024-06-18T22:13:40.663132" level="INFO">login</msg>
<arg>${key}</arg>
<doc>Logs the given message with the given level.</doc>
<status status="PASS" start="2024-06-18T22:13:40.662878" elapsed="0.000293"/>
</kw>
<var name="${key}">login</var>
<status status="PASS" start="2024-06-18T22:13:40.661453" elapsed="0.001939"/>
</iter>
<var>${key}</var>
<value>@{expected_keys}</value>
<status status="PASS" start="2024-06-18T22:13:40.653192" elapsed="0.010321"/>
</for>
<kw name="Create List" owner="BuiltIn">
<msg time="2024-06-18T22:13:40.663841" level="INFO">${expected_keysTwo} = ['username', 'password']</msg>
<var>${expected_keysTwo}</var>
<arg>username</arg>
<arg>password</arg>
<doc>Returns a list containing given items.</doc>
<status status="PASS" start="2024-06-18T22:13:40.663706" elapsed="0.000187"/>
</kw>
<for flavor="IN">
<iter>
<kw name="Dictionary Should Contain Key" owner="Collections">
<arg>${json_data['results'][0]['login']}</arg>
<arg>${keyTwo}</arg>
<doc>Fails if ``key`` is not found from ``dictionary``.</doc>
<status status="PASS" start="2024-06-18T22:13:40.664394" elapsed="0.000395"/>
</kw>
<kw name="Dictionary Should Contain Key" owner="Collections">
<arg>${json_data['results'][0]['login']}</arg>
<arg>${keyTwo}</arg>
<doc>Fails if ``key`` is not found from ``dictionary``.</doc>
<status status="PASS" start="2024-06-18T22:13:40.664982" elapsed="0.000377"/>
</kw>
<kw name="Log" owner="BuiltIn">
<msg time="2024-06-18T22:13:40.665654" level="INFO">username</msg>
<arg>${keyTwo}</arg>
<doc>Logs the given message with the given level.</doc>
<status status="PASS" start="2024-06-18T22:13:40.665536" elapsed="0.000156"/>
</kw>
<var name="${keyTwo}">username</var>
<status status="PASS" start="2024-06-18T22:13:40.664287" elapsed="0.001623"/>
</iter>
<iter>
<kw name="Dictionary Should Contain Key" owner="Collections">
<arg>${json_data['results'][0]['login']}</arg>
<arg>${keyTwo}</arg>
<doc>Fails if ``key`` is not found from ``dictionary``.</doc>
<status status="PASS" start="2024-06-18T22:13:40.666188" elapsed="0.000380"/>
</kw>
<kw name="Dictionary Should Contain Key" owner="Collections">
<arg>${json_data['results'][0]['login']}</arg>
<arg>${keyTwo}</arg>
<doc>Fails if ``key`` is not found from ``dictionary``.</doc>
<status status="PASS" start="2024-06-18T22:13:40.666747" elapsed="0.000422"/>
</kw>
<kw name="Log" owner="BuiltIn">
<msg time="2024-06-18T22:13:40.667469" level="INFO">password</msg>
<arg>${keyTwo}</arg>
<doc>Logs the given message with the given level.</doc>
<status status="PASS" start="2024-06-18T22:13:40.667349" elapsed="0.000159"/>
</kw>
<var name="${keyTwo}">password</var>
<status status="PASS" start="2024-06-18T22:13:40.666083" elapsed="0.001644"/>
</iter>
<var>${keyTwo}</var>
<value>@{expected_keysTwo}</value>
<status status="PASS" start="2024-06-18T22:13:40.664136" elapsed="0.003712"/>
</for>
<status status="PASS" start="2024-06-18T22:13:40.561786" elapsed="0.106203"/>
</kw>
<doc>Testa a estrutura da resposta da API.</doc>
<tag>testeEstruturaResposta</tag>
<status status="PASS" start="2024-06-18T22:13:40.560814" elapsed="0.107331"/>
</test>
<test id="s1-s1-t4" name="Validar tipos de dados" line="28">
<kw name="Teste de Tipos de Dados" owner="random-user-service">
<kw name="GET On Session" owner="RequestsLibrary">
<msg time="2024-06-18T22:13:40.744584" level="INFO">GET Request : url=https://randomuser.me/api 
 path_url=/api 
 headers={'User-Agent': 'python-requests/2.32.3', 'Accept-Encoding': 'gzip, deflate', 'Accept': '*/*', 'Connection': 'keep-alive'} 
 body=None 
 </msg>
<msg time="2024-06-18T22:13:40.744660" level="INFO">GET Response : url=https://randomuser.me/api 
 status=200, reason=OK 
 headers={'Date': 'Tue, 18 Jun 2024 22:13:40 GMT', 'Content-Type': 'application/json; charset=utf-8', 'Transfer-Encoding': 'chunked', 'Connection': 'keep-alive', 'X-Powered-By': 'Express', 'Access-Control-Allow-Origin': '*', 'Cache-Control': 'no-cache', 'ETag': 'W/"480-HANsG58TCyOZGa+rhHGLjrGAjOk"', 'Vary': 'Accept-Encoding', 'Content-Encoding': 'gzip', 'CF-Cache-Status': 'DYNAMIC', 'Report-To': '{"endpoints":[{"url":"https:\\/\\/a.nel.cloudflare.com\\/report\\/v4?s=dGRo5Oy4fyKZGbnsH73SH3pmexQliwU12jgiphUcwmMHrSxuF2yhGlSE2BKGO6e0%2FEatfClmfQ4QnbqB%2BBEX2eOPb21L4bzlabRwYiXsIv7M2dSXu8xHsqMJcvzuEkWg"}],"group":"cf-nel","max_age":604800}', 'NEL': '{"success_fraction":0,"report_to":"cf-nel","max_age":604800}', 'Server': 'cloudflare', 'CF-RAY': '895ea0c13cea81eb-IAD', 'alt-svc': 'h3=":443"; ma=86400'} 
 body={"results":[{"gender":"male","name":{"title":"Mr","first":"Abhijith","last":"Prabhakaran"},"location":{"street":{"number":6892,"name":"Mint St"},"city":"Bhiwandi","state":"Arunachal Pradesh","country":"India","postcode":29680,"coordinates":{"latitude":"10.1205","longitude":"-118.5933"},"timezone":{"offset":"-10:00","description":"Hawaii"}},"email":"abhijith.prabhakaran@example.com","login":{"uuid":"0a1b8213-9e03-48cd-a59f-b76e4f472166","username":"organiczebra740","password":"funky","salt":"K5amIWYN","md5":"039ab5ec46f825a7f01b47d0047f0786","sha1":"c345bd06899eff3ff632728c86007d14547681e8","sha256":"388ca505e9f732d9ebc16503bb11f6a491900e1a20098e15ed7b9b5a1a03af39"},"dob":{"date":"1971-01-27T11:54:34.361Z","age":53},"registered":{"date":"2009-10-24T19:10:02.630Z","age":14},"phone":"7924114410","cell":"8707568755","id":{"name":"UIDAI","value":"170027669051"},"picture":{"large":"https://randomuser.me/api/portraits/men/90.jpg","medium":"https://randomuser.me/api/portraits/med/men/90.jpg","thumbnail":"https://randomuser.me/api/portraits/thumb/men/90.jpg"},"nat":"IN"}],"info":{"seed":"3333b474ad8d4c13","results":1,"page":1,"version":"1.4"}} 
 </msg>
<msg time="2024-06-18T22:13:40.744731" level="INFO">/opt/hostedtoolcache/Python/3.12.4/x64/lib/python3.12/site-packages/urllib3/connectionpool.py:1099: InsecureRequestWarning: Unverified HTTPS request is being made to host 'randomuser.me'. Adding certificate verification is strongly advised. See: https://urllib3.readthedocs.io/en/latest/advanced-usage.html#tls-warnings
  warnings.warn(</msg>
<msg time="2024-06-18T22:13:40.744823" level="INFO">${response} = &lt;Response [200]&gt;</msg>
<var>${response}</var>
<arg>consultarAPI</arg>
<arg>/api</arg>
<doc>Sends a GET request on a previously created HTTP Session.</doc>
<status status="PASS" start="2024-06-18T22:13:40.670596" elapsed="0.074251"/>
</kw>
<kw name="Set Variable" owner="BuiltIn">
<msg time="2024-06-18T22:13:40.745685" level="INFO">${json_data} = {'results': [{'gender': 'male', 'name': {'title': 'Mr', 'first': 'Abhijith', 'last': 'Prabhakaran'}, 'location': {'street': {'number': 6892, 'name': 'Mint St'}, 'city': 'Bhiwandi', 'state': 'Arunachal...</msg>
<var>${json_data}</var>
<arg>${response.json()}</arg>
<doc>Returns the given values which can then be assigned to a variables.</doc>
<status status="PASS" start="2024-06-18T22:13:40.745227" elapsed="0.000487"/>
</kw>
<kw name="Log" owner="BuiltIn">
<msg time="2024-06-18T22:13:40.746174" level="INFO">{'results': [{'gender': 'male', 'name': {'title': 'Mr', 'first': 'Abhijith', 'last': 'Prabhakaran'}, 'location': {'street': {'number': 6892, 'name': 'Mint St'}, 'city': 'Bhiwandi', 'state': 'Arunachal Pradesh', 'country': 'India', 'postcode': 29680, 'coordinates': {'latitude': '10.1205', 'longitude': '-118.5933'}, 'timezone': {'offset': '-10:00', 'description': 'Hawaii'}}, 'email': 'abhijith.prabhakaran@example.com', 'login': {'uuid': '0a1b8213-9e03-48cd-a59f-b76e4f472166', 'username': 'organiczebra740', 'password': 'funky', 'salt': 'K5amIWYN', 'md5': '039ab5ec46f825a7f01b47d0047f0786', 'sha1': 'c345bd06899eff3ff632728c86007d14547681e8', 'sha256': '388ca505e9f732d9ebc16503bb11f6a491900e1a20098e15ed7b9b5a1a03af39'}, 'dob': {'date': '1971-01-27T11:54:34.361Z', 'age': 53}, 'registered': {'date': '2009-10-24T19:10:02.630Z', 'age': 14}, 'phone': '7924114410', 'cell': '8707568755', 'id': {'name': 'UIDAI', 'value': '170027669051'}, 'picture': {'large': 'https://randomuser.me/api/portraits/men/90.jpg', 'medium': 'https://randomuser.me/api/portraits/med/men/90.jpg', 'thumbnail': 'https://randomuser.me/api/portraits/thumb/men/90.jpg'}, 'nat': 'IN'}], 'info': {'seed': '3333b474ad8d4c13', 'results': 1, 'page': 1, 'version': '1.4'}}</msg>
<arg>${json_data}</arg>
<doc>Logs the given message with the given level.</doc>
<status status="PASS" start="2024-06-18T22:13:40.746025" elapsed="0.000195"/>
</kw>
<kw name="Should Be String" owner="String">
<arg>${json_data['results'][0]['gender']}</arg>
<doc>Fails if the given ``item`` is not a string.</doc>
<status status="PASS" start="2024-06-18T22:13:40.746509" elapsed="0.000411"/>
</kw>
<kw name="Should Match Regexp" owner="BuiltIn">
<arg>${json_data['results'][0]['email']}</arg>
<arg>^[a-zA-Z0-9._%+-]+@[a-zA-Z0-9.-]+\.[a-zA-Z]{2,}$</arg>
<doc>Fails if ``string`` does not match ``pattern`` as a regular expression.</doc>
<status status="PASS" start="2024-06-18T22:13:40.747111" elapsed="0.000513"/>
</kw>
<kw name="Should Match Regexp" owner="BuiltIn">
<arg>${json_data['results'][0]['dob']['date']}</arg>
<arg>\\d{4}-\\d{2}-\\d{2}T\\d{2}:\\d{2}:\\d{2}\\.\\d{3}Z</arg>
<doc>Fails if ``string`` does not match ``pattern`` as a regular expression.</doc>
<status status="PASS" start="2024-06-18T22:13:40.747850" elapsed="0.000491"/>
</kw>
<kw name="Should Match Regexp" owner="BuiltIn">
<arg>${json_data['results'][0]['registered']['date']}</arg>
<arg>\\d{4}-\\d{2}-\\d{2}T\\d{2}:\\d{2}:\\d{2}\\.\\d{3}Z</arg>
<doc>Fails if ``string`` does not match ``pattern`` as a regular expression.</doc>
<status status="PASS" start="2024-06-18T22:13:40.748532" elapsed="0.000370"/>
</kw>
<kw name="Should Match Regexp" owner="BuiltIn">
<arg>${json_data['results'][0]['picture']['large']}</arg>
<arg>^https?://.*\.(?:png|jpe?g|gif|bmp)$</arg>
<doc>Fails if ``string`` does not match ``pattern`` as a regular expression.</doc>
<status status="PASS" start="2024-06-18T22:13:40.749086" elapsed="0.000457"/>
</kw>
<kw name="Should Match Regexp" owner="BuiltIn">
<arg>${json_data['results'][0]['picture']['medium']}</arg>
<arg>^https?://.*\.(?:png|jpe?g|gif|bmp)$</arg>
<doc>Fails if ``string`` does not match ``pattern`` as a regular expression.</doc>
<status status="PASS" start="2024-06-18T22:13:40.749726" elapsed="0.000357"/>
</kw>
<kw name="Should Match Regexp" owner="BuiltIn">
<arg>${json_data['results'][0]['picture']['thumbnail']}</arg>
<arg>^https?://.*\.(?:png|jpe?g|gif|bmp)$</arg>
<doc>Fails if ``string`` does not match ``pattern`` as a regular expression.</doc>
<status status="PASS" start="2024-06-18T22:13:40.750264" elapsed="0.000352"/>
</kw>
<kw name="Log" owner="BuiltIn">
<msg time="2024-06-18T22:13:40.751170" level="INFO">{'large': 'https://randomuser.me/api/portraits/men/90.jpg', 'medium': 'https://randomuser.me/api/portraits/med/men/90.jpg', 'thumbnail': 'https://randomuser.me/api/portraits/thumb/men/90.jpg'}</msg>
<arg>${json_data['results'][0]['picture']}</arg>
<doc>Logs the given message with the given level.</doc>
<status status="PASS" start="2024-06-18T22:13:40.750822" elapsed="0.000393"/>
</kw>
<status status="PASS" start="2024-06-18T22:13:40.670373" elapsed="0.081093"/>
</kw>
<kw name="Teste de Tipos de Dados - Postcode" owner="random-user-service">
<kw name="GET On Session" owner="RequestsLibrary">
<msg time="2024-06-18T22:13:40.846192" level="INFO">GET Request : url=https://randomuser.me/api 
 path_url=/api 
 headers={'User-Agent': 'python-requests/2.32.3', 'Accept-Encoding': 'gzip, deflate', 'Accept': '*/*', 'Connection': 'keep-alive'} 
 body=None 
 </msg>
<msg time="2024-06-18T22:13:40.846284" level="INFO">GET Response : url=https://randomuser.me/api 
 status=200, reason=OK 
 headers={'Date': 'Tue, 18 Jun 2024 22:13:40 GMT', 'Content-Type': 'application/json; charset=utf-8', 'Transfer-Encoding': 'chunked', 'Connection': 'keep-alive', 'X-Powered-By': 'Express', 'Access-Control-Allow-Origin': '*', 'Cache-Control': 'no-cache', 'ETag': 'W/"48e-23M1tVdWYAWk7btIT36BdtGhh5g"', 'Vary': 'Accept-Encoding', 'Content-Encoding': 'gzip', 'CF-Cache-Status': 'DYNAMIC', 'Report-To': '{"endpoints":[{"url":"https:\\/\\/a.nel.cloudflare.com\\/report\\/v4?s=4s%2Bfhvo4JayYdPdEP57L2PgenewuH1p2UrdzjRBj0U7ep%2FcuaZnQwkFJFUsIhXwaZa9gHJW2h9lDhAx9H2oR5EyfcKbx2P9HzJDQU1%2FzXTq2QP3%2FtgzJtRi5s3XbQVen"}],"group":"cf-nel","max_age":604800}', 'NEL': '{"success_fraction":0,"report_to":"cf-nel","max_age":604800}', 'Server': 'cloudflare', 'CF-RAY': '895ea0c1bd8d81eb-IAD', 'alt-svc': 'h3=":443"; ma=86400'} 
 body={"results":[{"gender":"male","name":{"title":"Mr","first":"Joris","last":"Perez"},"location":{"street":{"number":4013,"name":"Rue des Ecrivains"},"city":"Dijon","state":"Nord","country":"France","postcode":15988,"coordinates":{"latitude":"-16.0175","longitude":"-71.8950"},"timezone":{"offset":"+4:00","description":"Abu Dhabi, Muscat, Baku, Tbilisi"}},"email":"joris.perez@example.com","login":{"uuid":"6c96b4b1-9be7-4058-9b0b-8d4fff947e55","username":"angrypanda601","password":"rabbits","salt":"KR4DbxH2","md5":"8b2ee55404037bcc51d106803c0d8ece","sha1":"a672c78c9f77f1115db6cefd80fe6f8920c10dd5","sha256":"22f110ae8c83ea45afcb9f867a0ea5d4c8ce72eccfba5a73eb247763f1216363"},"dob":{"date":"1991-01-15T03:43:59.454Z","age":33},"registered":{"date":"2008-01-17T01:37:57.431Z","age":16},"phone":"05-95-24-83-30","cell":"06-22-17-43-19","id":{"name":"INSEE","value":"1910099195222 35"},"picture":{"large":"https://randomuser.me/api/portraits/men/95.jpg","medium":"https://randomuser.me/api/portraits/med/men/95.jpg","thumbnail":"https://randomuser.me/api/portraits/thumb/men/95.jpg"},"nat":"FR"}],"info":{"seed":"eccaa2d9902c48ea","results":1,"page":1,"version":"1.4"}} 
 </msg>
<msg time="2024-06-18T22:13:40.846370" level="INFO">/opt/hostedtoolcache/Python/3.12.4/x64/lib/python3.12/site-packages/urllib3/connectionpool.py:1099: InsecureRequestWarning: Unverified HTTPS request is being made to host 'randomuser.me'. Adding certificate verification is strongly advised. See: https://urllib3.readthedocs.io/en/latest/advanced-usage.html#tls-warnings
  warnings.warn(</msg>
<msg time="2024-06-18T22:13:40.846485" level="INFO">${response} = &lt;Response [200]&gt;</msg>
<var>${response}</var>
<arg>consultarAPI</arg>
<arg>/api</arg>
<doc>Sends a GET request on a previously created HTTP Session.</doc>
<status status="PASS" start="2024-06-18T22:13:40.751899" elapsed="0.094614"/>
</kw>
<kw name="Set Variable" owner="BuiltIn">
<msg time="2024-06-18T22:13:40.847547" level="INFO">${json_data} = {'results': [{'gender': 'male', 'name': {'title': 'Mr', 'first': 'Joris', 'last': 'Perez'}, 'location': {'street': {'number': 4013, 'name': 'Rue des Ecrivains'}, 'city': 'Dijon', 'state': 'Nord', 'cou...</msg>
<var>${json_data}</var>
<arg>${response.json()}</arg>
<doc>Returns the given values which can then be assigned to a variables.</doc>
<status status="PASS" start="2024-06-18T22:13:40.847050" elapsed="0.000527"/>
</kw>
<kw name="Log" owner="BuiltIn">
<msg time="2024-06-18T22:13:40.848027" level="INFO">{'results': [{'gender': 'male', 'name': {'title': 'Mr', 'first': 'Joris', 'last': 'Perez'}, 'location': {'street': {'number': 4013, 'name': 'Rue des Ecrivains'}, 'city': 'Dijon', 'state': 'Nord', 'country': 'France', 'postcode': 15988, 'coordinates': {'latitude': '-16.0175', 'longitude': '-71.8950'}, 'timezone': {'offset': '+4:00', 'description': 'Abu Dhabi, Muscat, Baku, Tbilisi'}}, 'email': 'joris.perez@example.com', 'login': {'uuid': '6c96b4b1-9be7-4058-9b0b-8d4fff947e55', 'username': 'angrypanda601', 'password': 'rabbits', 'salt': 'KR4DbxH2', 'md5': '8b2ee55404037bcc51d106803c0d8ece', 'sha1': 'a672c78c9f77f1115db6cefd80fe6f8920c10dd5', 'sha256': '22f110ae8c83ea45afcb9f867a0ea5d4c8ce72eccfba5a73eb247763f1216363'}, 'dob': {'date': '1991-01-15T03:43:59.454Z', 'age': 33}, 'registered': {'date': '2008-01-17T01:37:57.431Z', 'age': 16}, 'phone': '05-95-24-83-30', 'cell': '06-22-17-43-19', 'id': {'name': 'INSEE', 'value': '1910099195222 35'}, 'picture': {'large': 'https://randomuser.me/api/portraits/men/95.jpg', 'medium': 'https://randomuser.me/api/portraits/med/men/95.jpg', 'thumbnail': 'https://randomuser.me/api/portraits/thumb/men/95.jpg'}, 'nat': 'FR'}], 'info': {'seed': 'eccaa2d9902c48ea', 'results': 1, 'page': 1, 'version': '1.4'}}</msg>
<arg>${json_data}</arg>
<doc>Logs the given message with the given level.</doc>
<status status="PASS" start="2024-06-18T22:13:40.847874" elapsed="0.000206"/>
</kw>
<kw name="Should Be Equal As Numbers" owner="BuiltIn">
<arg>${json_data['results'][0]['location']['postcode']}</arg>
<arg>${json_data['results'][0]['location']['postcode']}</arg>
<doc>Fails if objects are unequal after converting them to real numbers.</doc>
<status status="PASS" start="2024-06-18T22:13:40.848377" elapsed="0.000628"/>
</kw>
<kw name="Log" owner="BuiltIn">
<msg time="2024-06-18T22:13:40.849516" level="INFO">15988</msg>
<arg>${json_data['results'][0]['location']['postcode']}</arg>
<doc>Logs the given message with the given level.</doc>
<status status="PASS" start="2024-06-18T22:13:40.849190" elapsed="0.000366"/>
</kw>
<status status="PASS" start="2024-06-18T22:13:40.751676" elapsed="0.098172"/>
</kw>
<doc>Testa se os tipos de dados na resposta da API estão corretos.</doc>
<tag>testeTiposDados</tag>
<status status="PASS" start="2024-06-18T22:13:40.669910" elapsed="0.180111"/>
</test>
<test id="s1-s1-t5" name="Validar conteudo" line="35">
<kw name="Teste de Tipos de Conteudo" owner="random-user-service">
<kw name="GET On Session" owner="RequestsLibrary">
<msg time="2024-06-18T22:13:40.959698" level="INFO">GET Request : url=https://randomuser.me/api 
 path_url=/api 
 headers={'User-Agent': 'python-requests/2.32.3', 'Accept-Encoding': 'gzip, deflate', 'Accept': '*/*', 'Connection': 'keep-alive'} 
 body=None 
 </msg>
<msg time="2024-06-18T22:13:40.959781" level="INFO">GET Response : url=https://randomuser.me/api 
 status=200, reason=OK 
 headers={'Date': 'Tue, 18 Jun 2024 22:13:40 GMT', 'Content-Type': 'application/json; charset=utf-8', 'Transfer-Encoding': 'chunked', 'Connection': 'keep-alive', 'X-Powered-By': 'Express', 'Access-Control-Allow-Origin': '*', 'Cache-Control': 'no-cache', 'ETag': 'W/"462-C/hm215g9D5nkEnewQCFI0cCR4o"', 'Vary': 'Accept-Encoding', 'Content-Encoding': 'gzip', 'CF-Cache-Status': 'DYNAMIC', 'Report-To': '{"endpoints":[{"url":"https:\\/\\/a.nel.cloudflare.com\\/report\\/v4?s=S8enxEXtXz9YISMN0FUMFhRMt4fNEqmsprJ%2Fqe%2Bn31Bi6IQVILYYKUJ6jfe8p506cOw72dvuO1LYRf07ITPrt%2FkNI6hZPlO4yHeHr7Os0bQ0v%2B9lHzMIfWotZf5bjGoL"}],"group":"cf-nel","max_age":604800}', 'NEL': '{"success_fraction":0,"report_to":"cf-nel","max_age":604800}', 'Server': 'cloudflare', 'CF-RAY': '895ea0c25e3c81eb-IAD', 'alt-svc': 'h3=":443"; ma=86400'} 
 body={"results":[{"gender":"male","name":{"title":"Mr","first":"Eirik","last":"Ludviksen"},"location":{"street":{"number":2554,"name":"Nylænde"},"city":"Grong","state":"Buskerud","country":"Norway","postcode":"0172","coordinates":{"latitude":"45.5015","longitude":"-26.1919"},"timezone":{"offset":"+4:30","description":"Kabul"}},"email":"eirik.ludviksen@example.com","login":{"uuid":"38a49322-e39b-4afe-ac93-a3679b520a50","username":"organicduck717","password":"samsam","salt":"4mKSO764","md5":"3cfd4298ad086ffcd2e93d3392f4c989","sha1":"42dff2b0bbb77591604139e989df4ead311d80ce","sha256":"21c383cc9d2d463a224253c0955796e20c8ee04a4b7e4fff64897a144fcabaf3"},"dob":{"date":"1956-11-08T12:20:54.425Z","age":67},"registered":{"date":"2010-03-14T13:52:03.181Z","age":14},"phone":"67310630","cell":"92117415","id":{"name":"FN","value":"08115625757"},"picture":{"large":"https://randomuser.me/api/portraits/men/48.jpg","medium":"https://randomuser.me/api/portraits/med/men/48.jpg","thumbnail":"https://randomuser.me/api/portraits/thumb/men/48.jpg"},"nat":"NO"}],"info":{"seed":"418c8338c0b76280","results":1,"page":1,"version":"1.4"}} 
 </msg>
<msg time="2024-06-18T22:13:40.959858" level="INFO">/opt/hostedtoolcache/Python/3.12.4/x64/lib/python3.12/site-packages/urllib3/connectionpool.py:1099: InsecureRequestWarning: Unverified HTTPS request is being made to host 'randomuser.me'. Adding certificate verification is strongly advised. See: https://urllib3.readthedocs.io/en/latest/advanced-usage.html#tls-warnings
  warnings.warn(</msg>
<msg time="2024-06-18T22:13:40.959971" level="INFO">${response} = &lt;Response [200]&gt;</msg>
<var>${response}</var>
<arg>consultarAPI</arg>
<arg>/api</arg>
<doc>Sends a GET request on a previously created HTTP Session.</doc>
<status status="PASS" start="2024-06-18T22:13:40.852546" elapsed="0.107475"/>
</kw>
<kw name="Set Variable" owner="BuiltIn">
<msg time="2024-06-18T22:13:40.961142" level="INFO">${json_data} = {'results': [{'gender': 'male', 'name': {'title': 'Mr', 'first': 'Eirik', 'last': 'Ludviksen'}, 'location': {'street': {'number': 2554, 'name': 'Nylænde'}, 'city': 'Grong', 'state': 'Buskerud', 'count...</msg>
<var>${json_data}</var>
<arg>${response.json()}</arg>
<doc>Returns the given values which can then be assigned to a variables.</doc>
<status status="PASS" start="2024-06-18T22:13:40.960548" elapsed="0.000624"/>
</kw>
<kw name="Set Variable" owner="BuiltIn">
<msg time="2024-06-18T22:13:40.961854" level="INFO">${name_title} = Mr</msg>
<var>${name_title}</var>
<arg>${json_data["results"][0]["name"]["title"]}</arg>
<doc>Returns the given values which can then be assigned to a variables.</doc>
<status status="PASS" start="2024-06-18T22:13:40.961478" elapsed="0.000402"/>
</kw>
<kw name="Create List" owner="BuiltIn">
<msg time="2024-06-18T22:13:40.962335" level="INFO">${allowed_titles} = ['Mr', 'Ms', 'Miss', 'Mrs', 'Madame', 'Monsieur']</msg>
<var>${allowed_titles}</var>
<arg>Mr</arg>
<arg>Ms</arg>
<arg>Miss</arg>
<arg>Mrs</arg>
<arg>Madame</arg>
<arg>Monsieur</arg>
<doc>Returns a list containing given items.</doc>
<status status="PASS" start="2024-06-18T22:13:40.962175" elapsed="0.000184"/>
</kw>
<kw name="List Should Contain Value" owner="Collections">
<arg>${allowed_titles}</arg>
<arg>${name_title}</arg>
<doc>Fails if the ``value`` is not found from ``list``.</doc>
<status status="PASS" start="2024-06-18T22:13:40.962653" elapsed="0.000218"/>
</kw>
<kw name="Set Variable" owner="BuiltIn">
<msg time="2024-06-18T22:13:40.963437" level="INFO">${name_country} = NO</msg>
<var>${name_country}</var>
<arg>${json_data["results"][0]["nat"]}</arg>
<doc>Returns the given values which can then be assigned to a variables.</doc>
<status status="PASS" start="2024-06-18T22:13:40.963070" elapsed="0.000392"/>
</kw>
<kw name="Create List" owner="BuiltIn">
<msg time="2024-06-18T22:13:40.964339" level="INFO">${list_country} = ['AD', 'AE', 'AF', 'AG', 'AI', 'AL', 'AM', 'AO', 'AQ', 'AR', 'AS', 'AT', 'AU', 'AW', 'AX', 'AZ', 'BA', 'BB', 'BD', 'BE', 'BF', 'BG', 'BH', 'BI', 'BJ', 'BL', 'BM', 'BN', 'BO', 'BQ', 'BR', 'BS', 'BT', '...</msg>
<var>${list_country}</var>
<arg>AD</arg>
<arg>AE</arg>
<arg>AF</arg>
<arg>AG</arg>
<arg>AI</arg>
<arg>AL</arg>
<arg>AM</arg>
<arg>AO</arg>
<arg>AQ</arg>
<arg>AR</arg>
<arg>AS</arg>
<arg>AT</arg>
<arg>AU</arg>
<arg>AW</arg>
<arg>AX</arg>
<arg>AZ</arg>
<arg>BA</arg>
<arg>BB</arg>
<arg>BD</arg>
<arg>BE</arg>
<arg>BF</arg>
<arg>BG</arg>
<arg>BH</arg>
<arg>BI</arg>
<arg>BJ</arg>
<arg>BL</arg>
<arg>BM</arg>
<arg>BN</arg>
<arg>BO</arg>
<arg>BQ</arg>
<arg>BR</arg>
<arg>BS</arg>
<arg>BT</arg>
<arg>BV</arg>
<arg>BW</arg>
<arg>BY</arg>
<arg>BZ</arg>
<arg>CA</arg>
<arg>CC</arg>
<arg>CD</arg>
<arg>CF</arg>
<arg>CG</arg>
<arg>CH</arg>
<arg>CI</arg>
<arg>CK</arg>
<arg>CL</arg>
<arg>CM</arg>
<arg>CN</arg>
<arg>CO</arg>
<arg>CR</arg>
<arg>CU</arg>
<arg>CV</arg>
<arg>CW</arg>
<arg>CX</arg>
<arg>CY</arg>
<arg>CZ</arg>
<arg>DE</arg>
<arg>DJ</arg>
<arg>DK</arg>
<arg>DM</arg>
<arg>DO</arg>
<arg>DZ</arg>
<arg>EC</arg>
<arg>EE</arg>
<arg>EG</arg>
<arg>EH</arg>
<arg>ER</arg>
<arg>ES</arg>
<arg>ET</arg>
<arg>FI</arg>
<arg>FJ</arg>
<arg>FK</arg>
<arg>FM</arg>
<arg>FO</arg>
<arg>FR</arg>
<arg>GA</arg>
<arg>GB</arg>
<arg>GD</arg>
<arg>GE</arg>
<arg>GF</arg>
<arg>GG</arg>
<arg>GH</arg>
<arg>GI</arg>
<arg>GL</arg>
<arg>GM</arg>
<arg>GN</arg>
<arg>GP</arg>
<arg>GQ</arg>
<arg>GR</arg>
<arg>GS</arg>
<arg>GT</arg>
<arg>GU</arg>
<arg>GW</arg>
<arg>GY</arg>
<arg>HK</arg>
<arg>HM</arg>
<arg>HN</arg>
<arg>HR</arg>
<arg>HT</arg>
<arg>HU</arg>
<arg>ID</arg>
<arg>IE</arg>
<arg>IL</arg>
<arg>IM</arg>
<arg>IN</arg>
<arg>IO</arg>
<arg>IQ</arg>
<arg>IR</arg>
<arg>IS</arg>
<arg>IT</arg>
<arg>JE</arg>
<arg>JM</arg>
<arg>JO</arg>
<arg>JP</arg>
<arg>KE</arg>
<arg>KG</arg>
<arg>KH</arg>
<arg>KI</arg>
<arg>KM</arg>
<arg>KN</arg>
<arg>KP</arg>
<arg>KR</arg>
<arg>KW</arg>
<arg>KY</arg>
<arg>KZ</arg>
<arg>LA</arg>
<arg>LB</arg>
<arg>LC</arg>
<arg>LI</arg>
<arg>LK</arg>
<arg>LR</arg>
<arg>LS</arg>
<arg>LT</arg>
<arg>LU</arg>
<arg>LV</arg>
<arg>LY</arg>
<arg>MA</arg>
<arg>MC</arg>
<arg>MD</arg>
<arg>ME</arg>
<arg>MF</arg>
<arg>MG</arg>
<arg>MH</arg>
<arg>MK</arg>
<arg>ML</arg>
<arg>MM</arg>
<arg>MN</arg>
<arg>MO</arg>
<arg>MP</arg>
<arg>MQ</arg>
<arg>MR</arg>
<arg>MS</arg>
<arg>MT</arg>
<arg>MU</arg>
<arg>MV</arg>
<arg>MW</arg>
<arg>MX</arg>
<arg>MY</arg>
<arg>MZ</arg>
<arg>NA</arg>
<arg>NC</arg>
<arg>NE</arg>
<arg>NF</arg>
<arg>NG</arg>
<arg>NI</arg>
<arg>NL</arg>
<arg>NO</arg>
<arg>NP</arg>
<arg>NR</arg>
<arg>NU</arg>
<arg>NZ</arg>
<arg>OM</arg>
<arg>PA</arg>
<arg>PE</arg>
<arg>PF</arg>
<arg>PG</arg>
<arg>PH</arg>
<arg>PK</arg>
<arg>PL</arg>
<arg>PM</arg>
<arg>PN</arg>
<arg>PR</arg>
<arg>PS</arg>
<arg>PT</arg>
<arg>PW</arg>
<arg>PY</arg>
<arg>QA</arg>
<arg>RE</arg>
<arg>RO</arg>
<arg>RS</arg>
<arg>RU</arg>
<arg>RW</arg>
<arg>SA</arg>
<arg>SB</arg>
<arg>SC</arg>
<arg>SD</arg>
<arg>SE</arg>
<arg>SG</arg>
<arg>SH</arg>
<arg>SI</arg>
<arg>SJ</arg>
<arg>SK</arg>
<arg>SL</arg>
<arg>SM</arg>
<arg>SN</arg>
<arg>SO</arg>
<arg>SR</arg>
<arg>SS</arg>
<arg>ST</arg>
<arg>SV</arg>
<arg>SX</arg>
<arg>SY</arg>
<arg>SZ</arg>
<arg>TC</arg>
<arg>TD</arg>
<arg>TF</arg>
<arg>TG</arg>
<arg>TH</arg>
<arg>TJ</arg>
<arg>TK</arg>
<arg>TL</arg>
<arg>TM</arg>
<arg>TN</arg>
<arg>TO</arg>
<arg>TR</arg>
<arg>TT</arg>
<arg>TV</arg>
<arg>TW</arg>
<arg>TZ</arg>
<arg>UA</arg>
<arg>UG</arg>
<arg>UM</arg>
<arg>US</arg>
<arg>UY</arg>
<arg>UZ</arg>
<arg>VA</arg>
<arg>VC</arg>
<arg>VE</arg>
<arg>VG</arg>
<arg>VI</arg>
<arg>VN</arg>
<arg>VU</arg>
<arg>WF</arg>
<arg>WS</arg>
<arg>XK</arg>
<arg>YE</arg>
<arg>YT</arg>
<arg>ZA</arg>
<arg>ZM</arg>
<arg>ZW</arg>
<doc>Returns a list containing given items.</doc>
<status status="PASS" start="2024-06-18T22:13:40.963749" elapsed="0.000615"/>
</kw>
<kw name="List Should Contain Value" owner="Collections">
<arg>${list_country}</arg>
<arg>${name_country}</arg>
<doc>Fails if the ``value`` is not found from ``list``.</doc>
<status status="PASS" start="2024-06-18T22:13:40.965144" elapsed="0.000201"/>
</kw>
<kw name="Run Keyword If" owner="BuiltIn">
<kw name="Should Be True" owner="BuiltIn">
<arg>${True}</arg>
<doc>Fails if the given condition is not true.</doc>
<status status="PASS" start="2024-06-18T22:13:40.966401" elapsed="0.000141"/>
</kw>
<arg>${json_data["results"][0]["location"]["coordinates"]["latitude"]} &gt;= -90 and ${json_data["results"][0]["location"]["coordinates"]["latitude"]} &lt;= 90</arg>
<arg>Should Be True</arg>
<arg>${True}</arg>
<doc>Runs the given keyword with the given arguments, if ``condition`` is true.</doc>
<status status="PASS" start="2024-06-18T22:13:40.965541" elapsed="0.001129"/>
</kw>
<kw name="Run Keyword If" owner="BuiltIn">
<kw name="Should Be True" owner="BuiltIn">
<arg>${True}</arg>
<doc>Fails if the given condition is not true.</doc>
<status status="PASS" start="2024-06-18T22:13:40.967590" elapsed="0.000142"/>
</kw>
<arg>${json_data["results"][0]["location"]["coordinates"]["longitude"]} &gt;= -180 and ${json_data["results"][0]["location"]["coordinates"]["longitude"]} &lt;= 180</arg>
<arg>Should Be True</arg>
<arg>${True}</arg>
<doc>Runs the given keyword with the given arguments, if ``condition`` is true.</doc>
<status status="PASS" start="2024-06-18T22:13:40.966882" elapsed="0.000975"/>
</kw>
<status status="PASS" start="2024-06-18T22:13:40.852323" elapsed="0.115662"/>
</kw>
<doc>Testa o conteúdo específico dos campos retornados pela API.</doc>
<tag>testeConteudo</tag>
<status status="PASS" start="2024-06-18T22:13:40.851810" elapsed="0.116318"/>
</test>
<status status="PASS" start="2024-06-18T22:13:39.991330" elapsed="0.978693"/>
</suite>
<status status="PASS" start="2024-06-18T22:13:39.965276" elapsed="1.009792"/>
</suite>
<statistics>
<total>
<stat pass="5" fail="0" skip="0">All Tests</stat>
</total>
<tag>
<stat pass="1" fail="0" skip="0">testeConteudo</stat>
<stat pass="1" fail="0" skip="0">testeEstruturaResposta</stat>
<stat pass="1" fail="0" skip="0">testeRequisicaoBasica</stat>
<stat pass="1" fail="0" skip="0">testeTiposDados</stat>
</tag>
<suite>
<stat pass="5" fail="0" skip="0" id="s1" name="Tests">Tests</stat>
<stat pass="5" fail="0" skip="0" id="s1-s1" name="Random-User-Test">Tests.Random-User-Test</stat>
</suite>
</statistics>
<errors>
</errors>
</robot>
