<?xml version="1.0" encoding="UTF-8"?>
<robot generator="Robot 7.0.1 (Python 3.12.4 on linux)" generated="2024-07-26T22:15:11.138323" rpa="false" schemaversion="5">
<suite id="s1" name="Tests" source="/home/runner/work/ApiRandomUser/ApiRandomUser/RamdonUser/tests">
<suite id="s1-s1" name="Random-User-Test" source="/home/runner/work/ApiRandomUser/ApiRandomUser/RamdonUser/tests/random-user-test.robot">
<test id="s1-s1-t1" name="Conectar" line="13">
<kw name="Conectar API" owner="random-user-service">
<kw name="Create Session" owner="RequestsLibrary">
<msg time="2024-07-26T22:15:11.531917" level="INFO">Creating Session using : alias=consultarAPI, url=https://randomuser.me/, headers={},                     cookies={}, auth=None, timeout=None, proxies=None, verify=False,                     debug=0 </msg>
<arg>consultarAPI</arg>
<arg>${URL}</arg>
<doc>Create Session: create a HTTP session to a server</doc>
<status status="PASS" start="2024-07-26T22:15:11.531722" elapsed="0.000367"/>
</kw>
<status status="PASS" start="2024-07-26T22:15:11.530717" elapsed="0.001718"/>
</kw>
<status status="PASS" start="2024-07-26T22:15:11.530124" elapsed="0.002505"/>
</test>
<test id="s1-s1-t2" name="Validar retorno 200 e JSON Válido" line="16">
<kw name="Teste de Requisicao Basica" owner="random-user-service">
<kw name="GET On Session" owner="RequestsLibrary">
<msg time="2024-07-26T22:15:11.617944" level="INFO">GET Request : url=https://randomuser.me/api 
 path_url=/api 
 headers={'User-Agent': 'python-requests/2.32.3', 'Accept-Encoding': 'gzip, deflate', 'Accept': '*/*', 'Connection': 'keep-alive'} 
 body=None 
 </msg>
<msg time="2024-07-26T22:15:11.618102" level="INFO">GET Response : url=https://randomuser.me/api 
 status=200, reason=OK 
 headers={'Date': 'Fri, 26 Jul 2024 22:15:11 GMT', 'Content-Type': 'application/json; charset=utf-8', 'Transfer-Encoding': 'chunked', 'Connection': 'keep-alive', 'X-Powered-By': 'Express', 'Access-Control-Allow-Origin': '*', 'Cache-Control': 'no-cache', 'ETag': 'W/"479-gz0olKF7PdgRHOOs9doRVsmq6YA"', 'Vary': 'Accept-Encoding', 'Content-Encoding': 'gzip', 'CF-Cache-Status': 'DYNAMIC', 'Report-To': '{"endpoints":[{"url":"https:\\/\\/a.nel.cloudflare.com\\/report\\/v4?s=k39ErgCCM3ao2n7WoOx6Hz0uZPXTvLXg1o0qxvoaslHtv2NE1wGmlt74dza2A9dkxAqo7f2bZy21vlkD%2BnQs7qQ0fVPavDPiJMhgTcdMCb1Kw%2Fi3%2BNYb5Ep8aOtr4eIQ"}],"group":"cf-nel","max_age":604800}', 'NEL': '{"success_fraction":0,"report_to":"cf-nel","max_age":604800}', 'Server': 'cloudflare', 'CF-RAY': '8a97bf3969343b80-IAD', 'alt-svc': 'h3=":443"; ma=86400'} 
 body={"results":[{"gender":"female","name":{"title":"Mrs","first":"Luise","last":"Engelke"},"location":{"street":{"number":6870,"name":"Lindenstraße"},"city":"Kraichtal","state":"Berlin","country":"Germany","postcode":99463,"coordinates":{"latitude":"-47.2901","longitude":"172.1151"},"timezone":{"offset":"+4:30","description":"Kabul"}},"email":"luise.engelke@example.com","login":{"uuid":"a26aa972-fbc8-4c71-b191-5d18e577b3fc","username":"bigfrog879","password":"mentor","salt":"RXGUDfEg","md5":"134a33a1e096c0d51206a7ed86a309cb","sha1":"6b9fc418f9e6c71b407cbb45ccfe72439eaa1626","sha256":"b83adc2a7ab5a08f34eaf7132fd985818cdd1d465dc41b115d4f770cc5fde923"},"dob":{"date":"1950-10-03T11:15:03.411Z","age":73},"registered":{"date":"2013-03-23T14:22:21.169Z","age":11},"phone":"0344-7298116","cell":"0173-8266305","id":{"name":"SVNR","value":"72 031050 E 807"},"picture":{"large":"https://randomuser.me/api/portraits/women/85.jpg","medium":"https://randomuser.me/api/portraits/med/women/85.jpg","thumbnail":"https://randomuser.me/api/portraits/thumb/women/85.jpg"},"nat":"DE"}],"info":{"seed":"3ec342dd91408328","results":1,"page":1,"version":"1.4"}} 
 </msg>
<msg time="2024-07-26T22:15:11.618184" level="INFO">/opt/hostedtoolcache/Python/3.12.4/x64/lib/python3.12/site-packages/urllib3/connectionpool.py:1099: InsecureRequestWarning: Unverified HTTPS request is being made to host 'randomuser.me'. Adding certificate verification is strongly advised. See: https://urllib3.readthedocs.io/en/latest/advanced-usage.html#tls-warnings
  warnings.warn(</msg>
<msg time="2024-07-26T22:15:11.618333" level="INFO">${response} = &lt;Response [200]&gt;</msg>
<var>${response}</var>
<arg>consultarAPI</arg>
<arg>/api</arg>
<doc>Sends a GET request on a previously created HTTP Session.</doc>
<status status="PASS" start="2024-07-26T22:15:11.535234" elapsed="0.083140"/>
</kw>
<kw name="Should Be Equal As Numbers" owner="BuiltIn">
<msg time="2024-07-26T22:15:11.619548" level="INFO">Argument types are:
&lt;class 'int'&gt;
&lt;class 'str'&gt;</msg>
<arg>${response.status_code}</arg>
<arg>200</arg>
<doc>Fails if objects are unequal after converting them to real numbers.</doc>
<status status="PASS" start="2024-07-26T22:15:11.619031" elapsed="0.000584"/>
</kw>
<kw name="Log" owner="BuiltIn">
<msg time="2024-07-26T22:15:11.620307" level="INFO">200</msg>
<arg>${response.status_code}</arg>
<doc>Logs the given message with the given level.</doc>
<status status="PASS" start="2024-07-26T22:15:11.619948" elapsed="0.000403"/>
</kw>
<kw name="Set Variable" owner="BuiltIn">
<msg time="2024-07-26T22:15:11.621109" level="INFO">${json_data} = {'results': [{'gender': 'female', 'name': {'title': 'Mrs', 'first': 'Luise', 'last': 'Engelke'}, 'location': {'street': {'number': 6870, 'name': 'Lindenstraße'}, 'city': 'Kraichtal', 'state': 'Berlin'...</msg>
<var>${json_data}</var>
<arg>${response.json()}</arg>
<doc>Returns the given values which can then be assigned to a variables.</doc>
<status status="PASS" start="2024-07-26T22:15:11.620660" elapsed="0.000478"/>
</kw>
<kw name="Dictionary Should Contain Key" owner="Collections">
<arg>${json_data}</arg>
<arg>results</arg>
<doc>Fails if ``key`` is not found from ``dictionary``.</doc>
<status status="PASS" start="2024-07-26T22:15:11.621454" elapsed="0.000337"/>
</kw>
<status status="PASS" start="2024-07-26T22:15:11.534987" elapsed="0.086963"/>
</kw>
<doc>Testa se a API responde corretamente e retorna um objeto JSON válido.</doc>
<tag>testeRequisicaoBasica</tag>
<status status="PASS" start="2024-07-26T22:15:11.534501" elapsed="0.087630"/>
</test>
<test id="s1-s1-t3" name="Validar estrutura de resposta" line="22">
<kw name="Teste de Estrutura de Resposta" owner="random-user-service">
<kw name="GET On Session" owner="RequestsLibrary">
<msg time="2024-07-26T22:15:11.720218" level="INFO">GET Request : url=https://randomuser.me/api 
 path_url=/api 
 headers={'User-Agent': 'python-requests/2.32.3', 'Accept-Encoding': 'gzip, deflate', 'Accept': '*/*', 'Connection': 'keep-alive'} 
 body=None 
 </msg>
<msg time="2024-07-26T22:15:11.720306" level="INFO">GET Response : url=https://randomuser.me/api 
 status=200, reason=OK 
 headers={'Date': 'Fri, 26 Jul 2024 22:15:11 GMT', 'Content-Type': 'application/json; charset=utf-8', 'Transfer-Encoding': 'chunked', 'Connection': 'keep-alive', 'X-Powered-By': 'Express', 'Access-Control-Allow-Origin': '*', 'Cache-Control': 'no-cache', 'ETag': 'W/"47b-NOVAqtqD28Ba1wxwx1qkBkLq3F8"', 'Vary': 'Accept-Encoding', 'Content-Encoding': 'gzip', 'CF-Cache-Status': 'DYNAMIC', 'Report-To': '{"endpoints":[{"url":"https:\\/\\/a.nel.cloudflare.com\\/report\\/v4?s=WT43nk4FxM2tU6mgP389TN%2BRWNM5N6YAvpImrC3RetGE9VbA3qcCj%2BvAAgFcW5KAUg8qiLG61fY39OzOIyUKmOXGLM%2BoN%2ByyQDz6pa08uyOgaHBN5fhEtTYgUBUWJ%2B%2BN"}],"group":"cf-nel","max_age":604800}', 'NEL': '{"success_fraction":0,"report_to":"cf-nel","max_age":604800}', 'Server': 'cloudflare', 'CF-RAY': '8a97bf39a97a3b80-IAD', 'alt-svc': 'h3=":443"; ma=86400'} 
 body={"results":[{"gender":"female","name":{"title":"Miss","first":"Clara","last":"Sutton"},"location":{"street":{"number":7200,"name":"Bollinger Rd"},"city":"Hobart","state":"South Australia","country":"Australia","postcode":4675,"coordinates":{"latitude":"-88.0249","longitude":"48.7129"},"timezone":{"offset":"-10:00","description":"Hawaii"}},"email":"clara.sutton@example.com","login":{"uuid":"3e41b078-2e71-4e95-9c25-e488275ecac1","username":"greentiger366","password":"blue12","salt":"5Bf3JuLU","md5":"d758b98135617271c2f89dfb8de5926e","sha1":"fb614333a6e577e2a0f649d74349ec185f8bde52","sha256":"8278ea0d96ab8fefafd16075ca7dbe1d525c67c2bb6463f848ed2fe289778658"},"dob":{"date":"1976-04-11T12:37:41.114Z","age":48},"registered":{"date":"2013-03-22T20:56:06.288Z","age":11},"phone":"04-3876-8114","cell":"0457-852-313","id":{"name":"TFN","value":"191745838"},"picture":{"large":"https://randomuser.me/api/portraits/women/12.jpg","medium":"https://randomuser.me/api/portraits/med/women/12.jpg","thumbnail":"https://randomuser.me/api/portraits/thumb/women/12.jpg"},"nat":"AU"}],"info":{"seed":"aa4a410b976130c0","results":1,"page":1,"version":"1.4"}} 
 </msg>
<msg time="2024-07-26T22:15:11.720435" level="INFO">/opt/hostedtoolcache/Python/3.12.4/x64/lib/python3.12/site-packages/urllib3/connectionpool.py:1099: InsecureRequestWarning: Unverified HTTPS request is being made to host 'randomuser.me'. Adding certificate verification is strongly advised. See: https://urllib3.readthedocs.io/en/latest/advanced-usage.html#tls-warnings
  warnings.warn(</msg>
<msg time="2024-07-26T22:15:11.720578" level="INFO">${response} = &lt;Response [200]&gt;</msg>
<var>${response}</var>
<arg>consultarAPI</arg>
<arg>/api</arg>
<doc>Sends a GET request on a previously created HTTP Session.</doc>
<status status="PASS" start="2024-07-26T22:15:11.624837" elapsed="0.095793"/>
</kw>
<kw name="Set Variable" owner="BuiltIn">
<msg time="2024-07-26T22:15:11.721640" level="INFO">${json_data} = {'results': [{'gender': 'female', 'name': {'title': 'Miss', 'first': 'Clara', 'last': 'Sutton'}, 'location': {'street': {'number': 7200, 'name': 'Bollinger Rd'}, 'city': 'Hobart', 'state': 'South Aust...</msg>
<var>${json_data}</var>
<arg>${response.json()}</arg>
<doc>Returns the given values which can then be assigned to a variables.</doc>
<status status="PASS" start="2024-07-26T22:15:11.721091" elapsed="0.000579"/>
</kw>
<kw name="Log" owner="BuiltIn">
<msg time="2024-07-26T22:15:11.722145" level="INFO">{'results': [{'gender': 'female', 'name': {'title': 'Miss', 'first': 'Clara', 'last': 'Sutton'}, 'location': {'street': {'number': 7200, 'name': 'Bollinger Rd'}, 'city': 'Hobart', 'state': 'South Australia', 'country': 'Australia', 'postcode': 4675, 'coordinates': {'latitude': '-88.0249', 'longitude': '48.7129'}, 'timezone': {'offset': '-10:00', 'description': 'Hawaii'}}, 'email': 'clara.sutton@example.com', 'login': {'uuid': '3e41b078-2e71-4e95-9c25-e488275ecac1', 'username': 'greentiger366', 'password': 'blue12', 'salt': '5Bf3JuLU', 'md5': 'd758b98135617271c2f89dfb8de5926e', 'sha1': 'fb614333a6e577e2a0f649d74349ec185f8bde52', 'sha256': '8278ea0d96ab8fefafd16075ca7dbe1d525c67c2bb6463f848ed2fe289778658'}, 'dob': {'date': '1976-04-11T12:37:41.114Z', 'age': 48}, 'registered': {'date': '2013-03-22T20:56:06.288Z', 'age': 11}, 'phone': '04-3876-8114', 'cell': '0457-852-313', 'id': {'name': 'TFN', 'value': '191745838'}, 'picture': {'large': 'https://randomuser.me/api/portraits/women/12.jpg', 'medium': 'https://randomuser.me/api/portraits/med/women/12.jpg', 'thumbnail': 'https://randomuser.me/api/portraits/thumb/women/12.jpg'}, 'nat': 'AU'}], 'info': {'seed': 'aa4a410b976130c0', 'results': 1, 'page': 1, 'version': '1.4'}}</msg>
<arg>${json_data}</arg>
<doc>Logs the given message with the given level.</doc>
<status status="PASS" start="2024-07-26T22:15:11.721982" elapsed="0.000212"/>
</kw>
<kw name="Dictionary Should Contain Key" owner="Collections">
<arg>${json_data}</arg>
<arg>results</arg>
<doc>Fails if ``key`` is not found from ``dictionary``.</doc>
<status status="PASS" start="2024-07-26T22:15:11.722494" elapsed="0.000163"/>
</kw>
<kw name="Should Not Be Empty" owner="BuiltIn">
<msg time="2024-07-26T22:15:11.722979" level="INFO">Length is 2.</msg>
<arg>${json_data}</arg>
<doc>Verifies that the given item is not empty.</doc>
<status status="PASS" start="2024-07-26T22:15:11.722845" elapsed="0.000173"/>
</kw>
<kw name="Create List" owner="BuiltIn">
<msg time="2024-07-26T22:15:11.723508" level="INFO">${expected_keys} = ['gender', 'name', 'location', 'email', 'login']</msg>
<var>${expected_keys}</var>
<arg>gender</arg>
<arg>name</arg>
<arg>location</arg>
<arg>email</arg>
<arg>login</arg>
<doc>Returns a list containing given items.</doc>
<status status="PASS" start="2024-07-26T22:15:11.723348" elapsed="0.000185"/>
</kw>
<for flavor="IN">
<iter>
<kw name="Dictionary Should Contain Key" owner="Collections">
<arg>${json_data['results'][0]}</arg>
<arg>${key}</arg>
<doc>Fails if ``key`` is not found from ``dictionary``.</doc>
<status status="PASS" start="2024-07-26T22:15:11.724121" elapsed="0.000408"/>
</kw>
<kw name="Log" owner="BuiltIn">
<msg time="2024-07-26T22:15:11.725078" level="INFO">{'gender': 'female', 'name': {'title': 'Miss', 'first': 'Clara', 'last': 'Sutton'}, 'location': {'street': {'number': 7200, 'name': 'Bollinger Rd'}, 'city': 'Hobart', 'state': 'South Australia', 'country': 'Australia', 'postcode': 4675, 'coordinates': {'latitude': '-88.0249', 'longitude': '48.7129'}, 'timezone': {'offset': '-10:00', 'description': 'Hawaii'}}, 'email': 'clara.sutton@example.com', 'login': {'uuid': '3e41b078-2e71-4e95-9c25-e488275ecac1', 'username': 'greentiger366', 'password': 'blue12', 'salt': '5Bf3JuLU', 'md5': 'd758b98135617271c2f89dfb8de5926e', 'sha1': 'fb614333a6e577e2a0f649d74349ec185f8bde52', 'sha256': '8278ea0d96ab8fefafd16075ca7dbe1d525c67c2bb6463f848ed2fe289778658'}, 'dob': {'date': '1976-04-11T12:37:41.114Z', 'age': 48}, 'registered': {'date': '2013-03-22T20:56:06.288Z', 'age': 11}, 'phone': '04-3876-8114', 'cell': '0457-852-313', 'id': {'name': 'TFN', 'value': '191745838'}, 'picture': {'large': 'https://randomuser.me/api/portraits/women/12.jpg', 'medium': 'https://randomuser.me/api/portraits/med/women/12.jpg', 'thumbnail': 'https://randomuser.me/api/portraits/thumb/women/12.jpg'}, 'nat': 'AU'}</msg>
<arg>${json_data['results'][0]}</arg>
<doc>Logs the given message with the given level.</doc>
<status status="PASS" start="2024-07-26T22:15:11.724716" elapsed="0.000413"/>
</kw>
<kw name="Log" owner="BuiltIn">
<msg time="2024-07-26T22:15:11.725566" level="INFO">gender</msg>
<arg>${key}</arg>
<doc>Logs the given message with the given level.</doc>
<status status="PASS" start="2024-07-26T22:15:11.725433" elapsed="0.000172"/>
</kw>
<var name="${key}">gender</var>
<status status="PASS" start="2024-07-26T22:15:11.723992" elapsed="0.001832"/>
</iter>
<iter>
<kw name="Dictionary Should Contain Key" owner="Collections">
<arg>${json_data['results'][0]}</arg>
<arg>${key}</arg>
<doc>Fails if ``key`` is not found from ``dictionary``.</doc>
<status status="PASS" start="2024-07-26T22:15:11.726123" elapsed="0.000394"/>
</kw>
<kw name="Log" owner="BuiltIn">
<msg time="2024-07-26T22:15:11.727063" level="INFO">{'gender': 'female', 'name': {'title': 'Miss', 'first': 'Clara', 'last': 'Sutton'}, 'location': {'street': {'number': 7200, 'name': 'Bollinger Rd'}, 'city': 'Hobart', 'state': 'South Australia', 'country': 'Australia', 'postcode': 4675, 'coordinates': {'latitude': '-88.0249', 'longitude': '48.7129'}, 'timezone': {'offset': '-10:00', 'description': 'Hawaii'}}, 'email': 'clara.sutton@example.com', 'login': {'uuid': '3e41b078-2e71-4e95-9c25-e488275ecac1', 'username': 'greentiger366', 'password': 'blue12', 'salt': '5Bf3JuLU', 'md5': 'd758b98135617271c2f89dfb8de5926e', 'sha1': 'fb614333a6e577e2a0f649d74349ec185f8bde52', 'sha256': '8278ea0d96ab8fefafd16075ca7dbe1d525c67c2bb6463f848ed2fe289778658'}, 'dob': {'date': '1976-04-11T12:37:41.114Z', 'age': 48}, 'registered': {'date': '2013-03-22T20:56:06.288Z', 'age': 11}, 'phone': '04-3876-8114', 'cell': '0457-852-313', 'id': {'name': 'TFN', 'value': '191745838'}, 'picture': {'large': 'https://randomuser.me/api/portraits/women/12.jpg', 'medium': 'https://randomuser.me/api/portraits/med/women/12.jpg', 'thumbnail': 'https://randomuser.me/api/portraits/thumb/women/12.jpg'}, 'nat': 'AU'}</msg>
<arg>${json_data['results'][0]}</arg>
<doc>Logs the given message with the given level.</doc>
<status status="PASS" start="2024-07-26T22:15:11.726703" elapsed="0.000441"/>
</kw>
<kw name="Log" owner="BuiltIn">
<msg time="2024-07-26T22:15:11.727614" level="INFO">name</msg>
<arg>${key}</arg>
<doc>Logs the given message with the given level.</doc>
<status status="PASS" start="2024-07-26T22:15:11.727482" elapsed="0.000170"/>
</kw>
<var name="${key}">name</var>
<status status="PASS" start="2024-07-26T22:15:11.726010" elapsed="0.001862"/>
</iter>
<iter>
<kw name="Dictionary Should Contain Key" owner="Collections">
<arg>${json_data['results'][0]}</arg>
<arg>${key}</arg>
<doc>Fails if ``key`` is not found from ``dictionary``.</doc>
<status status="PASS" start="2024-07-26T22:15:11.728160" elapsed="0.000384"/>
</kw>
<kw name="Log" owner="BuiltIn">
<msg time="2024-07-26T22:15:11.729087" level="INFO">{'gender': 'female', 'name': {'title': 'Miss', 'first': 'Clara', 'last': 'Sutton'}, 'location': {'street': {'number': 7200, 'name': 'Bollinger Rd'}, 'city': 'Hobart', 'state': 'South Australia', 'country': 'Australia', 'postcode': 4675, 'coordinates': {'latitude': '-88.0249', 'longitude': '48.7129'}, 'timezone': {'offset': '-10:00', 'description': 'Hawaii'}}, 'email': 'clara.sutton@example.com', 'login': {'uuid': '3e41b078-2e71-4e95-9c25-e488275ecac1', 'username': 'greentiger366', 'password': 'blue12', 'salt': '5Bf3JuLU', 'md5': 'd758b98135617271c2f89dfb8de5926e', 'sha1': 'fb614333a6e577e2a0f649d74349ec185f8bde52', 'sha256': '8278ea0d96ab8fefafd16075ca7dbe1d525c67c2bb6463f848ed2fe289778658'}, 'dob': {'date': '1976-04-11T12:37:41.114Z', 'age': 48}, 'registered': {'date': '2013-03-22T20:56:06.288Z', 'age': 11}, 'phone': '04-3876-8114', 'cell': '0457-852-313', 'id': {'name': 'TFN', 'value': '191745838'}, 'picture': {'large': 'https://randomuser.me/api/portraits/women/12.jpg', 'medium': 'https://randomuser.me/api/portraits/med/women/12.jpg', 'thumbnail': 'https://randomuser.me/api/portraits/thumb/women/12.jpg'}, 'nat': 'AU'}</msg>
<arg>${json_data['results'][0]}</arg>
<doc>Logs the given message with the given level.</doc>
<status status="PASS" start="2024-07-26T22:15:11.728736" elapsed="0.000408"/>
</kw>
<kw name="Log" owner="BuiltIn">
<msg time="2024-07-26T22:15:11.729569" level="INFO">location</msg>
<arg>${key}</arg>
<doc>Logs the given message with the given level.</doc>
<status status="PASS" start="2024-07-26T22:15:11.729441" elapsed="0.000166"/>
</kw>
<var name="${key}">location</var>
<status status="PASS" start="2024-07-26T22:15:11.728051" elapsed="0.001780"/>
</iter>
<iter>
<kw name="Dictionary Should Contain Key" owner="Collections">
<arg>${json_data['results'][0]}</arg>
<arg>${key}</arg>
<doc>Fails if ``key`` is not found from ``dictionary``.</doc>
<status status="PASS" start="2024-07-26T22:15:11.730113" elapsed="0.000393"/>
</kw>
<kw name="Log" owner="BuiltIn">
<msg time="2024-07-26T22:15:11.731163" level="INFO">{'gender': 'female', 'name': {'title': 'Miss', 'first': 'Clara', 'last': 'Sutton'}, 'location': {'street': {'number': 7200, 'name': 'Bollinger Rd'}, 'city': 'Hobart', 'state': 'South Australia', 'country': 'Australia', 'postcode': 4675, 'coordinates': {'latitude': '-88.0249', 'longitude': '48.7129'}, 'timezone': {'offset': '-10:00', 'description': 'Hawaii'}}, 'email': 'clara.sutton@example.com', 'login': {'uuid': '3e41b078-2e71-4e95-9c25-e488275ecac1', 'username': 'greentiger366', 'password': 'blue12', 'salt': '5Bf3JuLU', 'md5': 'd758b98135617271c2f89dfb8de5926e', 'sha1': 'fb614333a6e577e2a0f649d74349ec185f8bde52', 'sha256': '8278ea0d96ab8fefafd16075ca7dbe1d525c67c2bb6463f848ed2fe289778658'}, 'dob': {'date': '1976-04-11T12:37:41.114Z', 'age': 48}, 'registered': {'date': '2013-03-22T20:56:06.288Z', 'age': 11}, 'phone': '04-3876-8114', 'cell': '0457-852-313', 'id': {'name': 'TFN', 'value': '191745838'}, 'picture': {'large': 'https://randomuser.me/api/portraits/women/12.jpg', 'medium': 'https://randomuser.me/api/portraits/med/women/12.jpg', 'thumbnail': 'https://randomuser.me/api/portraits/thumb/women/12.jpg'}, 'nat': 'AU'}</msg>
<arg>${json_data['results'][0]}</arg>
<doc>Logs the given message with the given level.</doc>
<status status="PASS" start="2024-07-26T22:15:11.730808" elapsed="0.000403"/>
</kw>
<kw name="Log" owner="BuiltIn">
<msg time="2024-07-26T22:15:11.731677" level="INFO">email</msg>
<arg>${key}</arg>
<doc>Logs the given message with the given level.</doc>
<status status="PASS" start="2024-07-26T22:15:11.731544" elapsed="0.000173"/>
</kw>
<var name="${key}">email</var>
<status status="PASS" start="2024-07-26T22:15:11.730004" elapsed="0.001933"/>
</iter>
<iter>
<kw name="Dictionary Should Contain Key" owner="Collections">
<arg>${json_data['results'][0]}</arg>
<arg>${key}</arg>
<doc>Fails if ``key`` is not found from ``dictionary``.</doc>
<status status="PASS" start="2024-07-26T22:15:11.732224" elapsed="0.000383"/>
</kw>
<kw name="Log" owner="BuiltIn">
<msg time="2024-07-26T22:15:11.733145" level="INFO">{'gender': 'female', 'name': {'title': 'Miss', 'first': 'Clara', 'last': 'Sutton'}, 'location': {'street': {'number': 7200, 'name': 'Bollinger Rd'}, 'city': 'Hobart', 'state': 'South Australia', 'country': 'Australia', 'postcode': 4675, 'coordinates': {'latitude': '-88.0249', 'longitude': '48.7129'}, 'timezone': {'offset': '-10:00', 'description': 'Hawaii'}}, 'email': 'clara.sutton@example.com', 'login': {'uuid': '3e41b078-2e71-4e95-9c25-e488275ecac1', 'username': 'greentiger366', 'password': 'blue12', 'salt': '5Bf3JuLU', 'md5': 'd758b98135617271c2f89dfb8de5926e', 'sha1': 'fb614333a6e577e2a0f649d74349ec185f8bde52', 'sha256': '8278ea0d96ab8fefafd16075ca7dbe1d525c67c2bb6463f848ed2fe289778658'}, 'dob': {'date': '1976-04-11T12:37:41.114Z', 'age': 48}, 'registered': {'date': '2013-03-22T20:56:06.288Z', 'age': 11}, 'phone': '04-3876-8114', 'cell': '0457-852-313', 'id': {'name': 'TFN', 'value': '191745838'}, 'picture': {'large': 'https://randomuser.me/api/portraits/women/12.jpg', 'medium': 'https://randomuser.me/api/portraits/med/women/12.jpg', 'thumbnail': 'https://randomuser.me/api/portraits/thumb/women/12.jpg'}, 'nat': 'AU'}</msg>
<arg>${json_data['results'][0]}</arg>
<doc>Logs the given message with the given level.</doc>
<status status="PASS" start="2024-07-26T22:15:11.732793" elapsed="0.000401"/>
</kw>
<kw name="Log" owner="BuiltIn">
<msg time="2024-07-26T22:15:11.733620" level="INFO">login</msg>
<arg>${key}</arg>
<doc>Logs the given message with the given level.</doc>
<status status="PASS" start="2024-07-26T22:15:11.733490" elapsed="0.000168"/>
</kw>
<var name="${key}">login</var>
<status status="PASS" start="2024-07-26T22:15:11.732114" elapsed="0.001764"/>
</iter>
<var>${key}</var>
<value>@{expected_keys}</value>
<status status="PASS" start="2024-07-26T22:15:11.723801" elapsed="0.010199"/>
</for>
<kw name="Create List" owner="BuiltIn">
<msg time="2024-07-26T22:15:11.734333" level="INFO">${expected_keysTwo} = ['username', 'password']</msg>
<var>${expected_keysTwo}</var>
<arg>username</arg>
<arg>password</arg>
<doc>Returns a list containing given items.</doc>
<status status="PASS" start="2024-07-26T22:15:11.734191" elapsed="0.000166"/>
</kw>
<for flavor="IN">
<iter>
<kw name="Dictionary Should Contain Key" owner="Collections">
<arg>${json_data['results'][0]['login']}</arg>
<arg>${keyTwo}</arg>
<doc>Fails if ``key`` is not found from ``dictionary``.</doc>
<status status="PASS" start="2024-07-26T22:15:11.734890" elapsed="0.000419"/>
</kw>
<kw name="Dictionary Should Contain Key" owner="Collections">
<arg>${json_data['results'][0]['login']}</arg>
<arg>${keyTwo}</arg>
<doc>Fails if ``key`` is not found from ``dictionary``.</doc>
<status status="PASS" start="2024-07-26T22:15:11.735497" elapsed="0.000385"/>
</kw>
<kw name="Log" owner="BuiltIn">
<msg time="2024-07-26T22:15:11.736188" level="INFO">username</msg>
<arg>${keyTwo}</arg>
<doc>Logs the given message with the given level.</doc>
<status status="PASS" start="2024-07-26T22:15:11.736066" elapsed="0.000159"/>
</kw>
<var name="${keyTwo}">username</var>
<status status="PASS" start="2024-07-26T22:15:11.734780" elapsed="0.001666"/>
</iter>
<iter>
<kw name="Dictionary Should Contain Key" owner="Collections">
<arg>${json_data['results'][0]['login']}</arg>
<arg>${keyTwo}</arg>
<doc>Fails if ``key`` is not found from ``dictionary``.</doc>
<status status="PASS" start="2024-07-26T22:15:11.736733" elapsed="0.000381"/>
</kw>
<kw name="Dictionary Should Contain Key" owner="Collections">
<arg>${json_data['results'][0]['login']}</arg>
<arg>${keyTwo}</arg>
<doc>Fails if ``key`` is not found from ``dictionary``.</doc>
<status status="PASS" start="2024-07-26T22:15:11.737292" elapsed="0.000370"/>
</kw>
<kw name="Log" owner="BuiltIn">
<msg time="2024-07-26T22:15:11.737965" level="INFO">password</msg>
<arg>${keyTwo}</arg>
<doc>Logs the given message with the given level.</doc>
<status status="PASS" start="2024-07-26T22:15:11.737840" elapsed="0.000164"/>
</kw>
<var name="${keyTwo}">password</var>
<status status="PASS" start="2024-07-26T22:15:11.736620" elapsed="0.001605"/>
</iter>
<var>${keyTwo}</var>
<value>@{expected_keysTwo}</value>
<status status="PASS" start="2024-07-26T22:15:11.734618" elapsed="0.003728"/>
</for>
<status status="PASS" start="2024-07-26T22:15:11.624597" elapsed="0.113892"/>
</kw>
<doc>Testa a estrutura da resposta da API.</doc>
<tag>testeEstruturaResposta</tag>
<status status="PASS" start="2024-07-26T22:15:11.624047" elapsed="0.114594"/>
</test>
<test id="s1-s1-t4" name="Validar tipos de dados" line="28">
<kw name="Teste de Tipos de Dados" owner="random-user-service">
<kw name="GET On Session" owner="RequestsLibrary">
<msg time="2024-07-26T22:15:11.818923" level="INFO">GET Request : url=https://randomuser.me/api 
 path_url=/api 
 headers={'User-Agent': 'python-requests/2.32.3', 'Accept-Encoding': 'gzip, deflate', 'Accept': '*/*', 'Connection': 'keep-alive'} 
 body=None 
 </msg>
<msg time="2024-07-26T22:15:11.818985" level="INFO">GET Response : url=https://randomuser.me/api 
 status=200, reason=OK 
 headers={'Date': 'Fri, 26 Jul 2024 22:15:11 GMT', 'Content-Type': 'application/json; charset=utf-8', 'Transfer-Encoding': 'chunked', 'Connection': 'keep-alive', 'X-Powered-By': 'Express', 'Access-Control-Allow-Origin': '*', 'Cache-Control': 'no-cache', 'ETag': 'W/"46b-8hXLlaCBl+mwzOn6zxal7hSa5O0"', 'Vary': 'Accept-Encoding', 'Content-Encoding': 'gzip', 'CF-Cache-Status': 'DYNAMIC', 'Report-To': '{"endpoints":[{"url":"https:\\/\\/a.nel.cloudflare.com\\/report\\/v4?s=LNtIADHJygSKPz3UXNmuXYflDMu001eHfJMdNIxujsW8xHav3F%2FuEtEgR6dvO%2BoD8DWViZ3Zf2vMzAV7Ls5pCH2Afpc2B9ZoShaJvpCn1XVpTCSg9ZiQ4iHkseQhnqzk"}],"group":"cf-nel","max_age":604800}', 'NEL': '{"success_fraction":0,"report_to":"cf-nel","max_age":604800}', 'Server': 'cloudflare', 'CF-RAY': '8a97bf3a6a4f3b80-IAD', 'alt-svc': 'h3=":443"; ma=86400'} 
 body={"results":[{"gender":"male","name":{"title":"Mr","first":"Mason","last":"Rogers"},"location":{"street":{"number":3002,"name":"Mill Lane"},"city":"Monaghan","state":"Mayo","country":"Ireland","postcode":81483,"coordinates":{"latitude":"0.7245","longitude":"-9.0923"},"timezone":{"offset":"-12:00","description":"Eniwetok, Kwajalein"}},"email":"mason.rogers@example.com","login":{"uuid":"ac046a9c-7796-447b-b2b0-0623e52af635","username":"sadbird117","password":"bumble","salt":"DCKztCRR","md5":"bc7057e0264ce76792d36e23e6a3df83","sha1":"2527b31a047d0d68004e5b35f00d837763f358fe","sha256":"056a3e5e3ac8a6b0e7b3c79e8d01359775b1a0e24cc10813811a15319501f887"},"dob":{"date":"1967-09-14T17:42:22.367Z","age":56},"registered":{"date":"2005-02-19T21:31:56.392Z","age":19},"phone":"071-316-9323","cell":"081-622-8576","id":{"name":"PPS","value":"9407296T"},"picture":{"large":"https://randomuser.me/api/portraits/men/20.jpg","medium":"https://randomuser.me/api/portraits/med/men/20.jpg","thumbnail":"https://randomuser.me/api/portraits/thumb/men/20.jpg"},"nat":"IE"}],"info":{"seed":"14d110673c64dbb6","results":1,"page":1,"version":"1.4"}} 
 </msg>
<msg time="2024-07-26T22:15:11.819039" level="INFO">/opt/hostedtoolcache/Python/3.12.4/x64/lib/python3.12/site-packages/urllib3/connectionpool.py:1099: InsecureRequestWarning: Unverified HTTPS request is being made to host 'randomuser.me'. Adding certificate verification is strongly advised. See: https://urllib3.readthedocs.io/en/latest/advanced-usage.html#tls-warnings
  warnings.warn(</msg>
<msg time="2024-07-26T22:15:11.819135" level="INFO">${response} = &lt;Response [200]&gt;</msg>
<var>${response}</var>
<arg>consultarAPI</arg>
<arg>/api</arg>
<doc>Sends a GET request on a previously created HTTP Session.</doc>
<status status="PASS" start="2024-07-26T22:15:11.741057" elapsed="0.078126"/>
</kw>
<kw name="Set Variable" owner="BuiltIn">
<msg time="2024-07-26T22:15:11.820202" level="INFO">${json_data} = {'results': [{'gender': 'male', 'name': {'title': 'Mr', 'first': 'Mason', 'last': 'Rogers'}, 'location': {'street': {'number': 3002, 'name': 'Mill Lane'}, 'city': 'Monaghan', 'state': 'Mayo', 'country...</msg>
<var>${json_data}</var>
<arg>${response.json()}</arg>
<doc>Returns the given values which can then be assigned to a variables.</doc>
<status status="PASS" start="2024-07-26T22:15:11.819642" elapsed="0.000589"/>
</kw>
<kw name="Log" owner="BuiltIn">
<msg time="2024-07-26T22:15:11.820688" level="INFO">{'results': [{'gender': 'male', 'name': {'title': 'Mr', 'first': 'Mason', 'last': 'Rogers'}, 'location': {'street': {'number': 3002, 'name': 'Mill Lane'}, 'city': 'Monaghan', 'state': 'Mayo', 'country': 'Ireland', 'postcode': 81483, 'coordinates': {'latitude': '0.7245', 'longitude': '-9.0923'}, 'timezone': {'offset': '-12:00', 'description': 'Eniwetok, Kwajalein'}}, 'email': 'mason.rogers@example.com', 'login': {'uuid': 'ac046a9c-7796-447b-b2b0-0623e52af635', 'username': 'sadbird117', 'password': 'bumble', 'salt': 'DCKztCRR', 'md5': 'bc7057e0264ce76792d36e23e6a3df83', 'sha1': '2527b31a047d0d68004e5b35f00d837763f358fe', 'sha256': '056a3e5e3ac8a6b0e7b3c79e8d01359775b1a0e24cc10813811a15319501f887'}, 'dob': {'date': '1967-09-14T17:42:22.367Z', 'age': 56}, 'registered': {'date': '2005-02-19T21:31:56.392Z', 'age': 19}, 'phone': '071-316-9323', 'cell': '081-622-8576', 'id': {'name': 'PPS', 'value': '9407296T'}, 'picture': {'large': 'https://randomuser.me/api/portraits/men/20.jpg', 'medium': 'https://randomuser.me/api/portraits/med/men/20.jpg', 'thumbnail': 'https://randomuser.me/api/portraits/thumb/men/20.jpg'}, 'nat': 'IE'}], 'info': {'seed': '14d110673c64dbb6', 'results': 1, 'page': 1, 'version': '1.4'}}</msg>
<arg>${json_data}</arg>
<doc>Logs the given message with the given level.</doc>
<status status="PASS" start="2024-07-26T22:15:11.820536" elapsed="0.000200"/>
</kw>
<kw name="Should Be String" owner="String">
<arg>${json_data['results'][0]['gender']}</arg>
<doc>Fails if the given ``item`` is not a string.</doc>
<status status="PASS" start="2024-07-26T22:15:11.821028" elapsed="0.000376"/>
</kw>
<kw name="Should Match Regexp" owner="BuiltIn">
<arg>${json_data['results'][0]['email']}</arg>
<arg>^[a-zA-Z0-9._%+-]+@[a-zA-Z0-9.-]+\.[a-zA-Z]{2,}$</arg>
<doc>Fails if ``string`` does not match ``pattern`` as a regular expression.</doc>
<status status="PASS" start="2024-07-26T22:15:11.821594" elapsed="0.000513"/>
</kw>
<kw name="Should Match Regexp" owner="BuiltIn">
<arg>${json_data['results'][0]['dob']['date']}</arg>
<arg>\\d{4}-\\d{2}-\\d{2}T\\d{2}:\\d{2}:\\d{2}\\.\\d{3}Z</arg>
<doc>Fails if ``string`` does not match ``pattern`` as a regular expression.</doc>
<status status="PASS" start="2024-07-26T22:15:11.822337" elapsed="0.000601"/>
</kw>
<kw name="Should Match Regexp" owner="BuiltIn">
<arg>${json_data['results'][0]['registered']['date']}</arg>
<arg>\\d{4}-\\d{2}-\\d{2}T\\d{2}:\\d{2}:\\d{2}\\.\\d{3}Z</arg>
<doc>Fails if ``string`` does not match ``pattern`` as a regular expression.</doc>
<status status="PASS" start="2024-07-26T22:15:11.823133" elapsed="0.000419"/>
</kw>
<kw name="Should Match Regexp" owner="BuiltIn">
<arg>${json_data['results'][0]['picture']['large']}</arg>
<arg>^https?://.*\.(?:png|jpe?g|gif|bmp)$</arg>
<doc>Fails if ``string`` does not match ``pattern`` as a regular expression.</doc>
<status status="PASS" start="2024-07-26T22:15:11.823744" elapsed="0.000464"/>
</kw>
<kw name="Should Match Regexp" owner="BuiltIn">
<arg>${json_data['results'][0]['picture']['medium']}</arg>
<arg>^https?://.*\.(?:png|jpe?g|gif|bmp)$</arg>
<doc>Fails if ``string`` does not match ``pattern`` as a regular expression.</doc>
<status status="PASS" start="2024-07-26T22:15:11.824399" elapsed="0.000360"/>
</kw>
<kw name="Should Match Regexp" owner="BuiltIn">
<arg>${json_data['results'][0]['picture']['thumbnail']}</arg>
<arg>^https?://.*\.(?:png|jpe?g|gif|bmp)$</arg>
<doc>Fails if ``string`` does not match ``pattern`` as a regular expression.</doc>
<status status="PASS" start="2024-07-26T22:15:11.824945" elapsed="0.000359"/>
</kw>
<kw name="Log" owner="BuiltIn">
<msg time="2024-07-26T22:15:11.825814" level="INFO">{'large': 'https://randomuser.me/api/portraits/men/20.jpg', 'medium': 'https://randomuser.me/api/portraits/med/men/20.jpg', 'thumbnail': 'https://randomuser.me/api/portraits/thumb/men/20.jpg'}</msg>
<arg>${json_data['results'][0]['picture']}</arg>
<doc>Logs the given message with the given level.</doc>
<status status="PASS" start="2024-07-26T22:15:11.825488" elapsed="0.000370"/>
</kw>
<status status="PASS" start="2024-07-26T22:15:11.740830" elapsed="0.085286"/>
</kw>
<kw name="Teste de Tipos de Dados - Postcode" owner="random-user-service">
<kw name="GET On Session" owner="RequestsLibrary">
<msg time="2024-07-26T22:15:11.918678" level="INFO">GET Request : url=https://randomuser.me/api 
 path_url=/api 
 headers={'User-Agent': 'python-requests/2.32.3', 'Accept-Encoding': 'gzip, deflate', 'Accept': '*/*', 'Connection': 'keep-alive'} 
 body=None 
 </msg>
<msg time="2024-07-26T22:15:11.918760" level="INFO">GET Response : url=https://randomuser.me/api 
 status=200, reason=OK 
 headers={'Date': 'Fri, 26 Jul 2024 22:15:11 GMT', 'Content-Type': 'application/json; charset=utf-8', 'Transfer-Encoding': 'chunked', 'Connection': 'keep-alive', 'X-Powered-By': 'Express', 'Access-Control-Allow-Origin': '*', 'Cache-Control': 'no-cache', 'ETag': 'W/"47f-IUoywFts1BGNtCN+LiLrxuuE164"', 'Vary': 'Accept-Encoding', 'Content-Encoding': 'gzip', 'cf-cache-status': 'DYNAMIC', 'Report-To': '{"endpoints":[{"url":"https:\\/\\/a.nel.cloudflare.com\\/report\\/v4?s=ypGzRhZSC4uQ4rP5CaB8faDXP%2B9doZY9ydIirRafneYNsdteQ3oH0e7R4rcFqWkjuOrjjbfYW7Wq%2B6fNRZQLDznhZHSWhhP4%2FsTNi2LVII%2FNArlYcwLmro7JGpisNgIy"}],"group":"cf-nel","max_age":604800}', 'NEL': '{"success_fraction":0,"report_to":"cf-nel","max_age":604800}', 'Server': 'cloudflare', 'CF-RAY': '8a97bf3aeae33b80-IAD', 'alt-svc': 'h3=":443"; ma=86400'} 
 body={"results":[{"gender":"female","name":{"title":"Mrs","first":"Savitha","last":"Chiplunkar"},"location":{"street":{"number":4703,"name":"Tilak Marg"},"city":"Ahmednagar","state":"Tripura","country":"India","postcode":89363,"coordinates":{"latitude":"10.9223","longitude":"156.2844"},"timezone":{"offset":"-3:30","description":"Newfoundland"}},"email":"savitha.chiplunkar@example.com","login":{"uuid":"b3657f0e-e504-45c5-aef6-e26f03539ef4","username":"happywolf241","password":"wiseguy","salt":"vdquWv44","md5":"ce85d984951b78ab32135db9f0286d2a","sha1":"3e9bbc9bc2ac35cd5ee4ed69919115d563695011","sha256":"9a67223e879238058c5168069be2bba24cff55d952cd38d118c99ffe88d8493d"},"dob":{"date":"1968-04-16T18:04:22.196Z","age":56},"registered":{"date":"2021-10-27T20:24:17.045Z","age":2},"phone":"7326993893","cell":"7510121095","id":{"name":"UIDAI","value":"451995927062"},"picture":{"large":"https://randomuser.me/api/portraits/women/4.jpg","medium":"https://randomuser.me/api/portraits/med/women/4.jpg","thumbnail":"https://randomuser.me/api/portraits/thumb/women/4.jpg"},"nat":"IN"}],"info":{"seed":"d169c507bb4e4a69","results":1,"page":1,"version":"1.4"}} 
 </msg>
<msg time="2024-07-26T22:15:11.918832" level="INFO">/opt/hostedtoolcache/Python/3.12.4/x64/lib/python3.12/site-packages/urllib3/connectionpool.py:1099: InsecureRequestWarning: Unverified HTTPS request is being made to host 'randomuser.me'. Adding certificate verification is strongly advised. See: https://urllib3.readthedocs.io/en/latest/advanced-usage.html#tls-warnings
  warnings.warn(</msg>
<msg time="2024-07-26T22:15:11.918947" level="INFO">${response} = &lt;Response [200]&gt;</msg>
<var>${response}</var>
<arg>consultarAPI</arg>
<arg>/api</arg>
<doc>Sends a GET request on a previously created HTTP Session.</doc>
<status status="PASS" start="2024-07-26T22:15:11.826559" elapsed="0.092444"/>
</kw>
<kw name="Set Variable" owner="BuiltIn">
<msg time="2024-07-26T22:15:11.920046" level="INFO">${json_data} = {'results': [{'gender': 'female', 'name': {'title': 'Mrs', 'first': 'Savitha', 'last': 'Chiplunkar'}, 'location': {'street': {'number': 4703, 'name': 'Tilak Marg'}, 'city': 'Ahmednagar', 'state': 'Tri...</msg>
<var>${json_data}</var>
<arg>${response.json()}</arg>
<doc>Returns the given values which can then be assigned to a variables.</doc>
<status status="PASS" start="2024-07-26T22:15:11.919493" elapsed="0.000582"/>
</kw>
<kw name="Log" owner="BuiltIn">
<msg time="2024-07-26T22:15:11.920537" level="INFO">{'results': [{'gender': 'female', 'name': {'title': 'Mrs', 'first': 'Savitha', 'last': 'Chiplunkar'}, 'location': {'street': {'number': 4703, 'name': 'Tilak Marg'}, 'city': 'Ahmednagar', 'state': 'Tripura', 'country': 'India', 'postcode': 89363, 'coordinates': {'latitude': '10.9223', 'longitude': '156.2844'}, 'timezone': {'offset': '-3:30', 'description': 'Newfoundland'}}, 'email': 'savitha.chiplunkar@example.com', 'login': {'uuid': 'b3657f0e-e504-45c5-aef6-e26f03539ef4', 'username': 'happywolf241', 'password': 'wiseguy', 'salt': 'vdquWv44', 'md5': 'ce85d984951b78ab32135db9f0286d2a', 'sha1': '3e9bbc9bc2ac35cd5ee4ed69919115d563695011', 'sha256': '9a67223e879238058c5168069be2bba24cff55d952cd38d118c99ffe88d8493d'}, 'dob': {'date': '1968-04-16T18:04:22.196Z', 'age': 56}, 'registered': {'date': '2021-10-27T20:24:17.045Z', 'age': 2}, 'phone': '7326993893', 'cell': '7510121095', 'id': {'name': 'UIDAI', 'value': '451995927062'}, 'picture': {'large': 'https://randomuser.me/api/portraits/women/4.jpg', 'medium': 'https://randomuser.me/api/portraits/med/women/4.jpg', 'thumbnail': 'https://randomuser.me/api/portraits/thumb/women/4.jpg'}, 'nat': 'IN'}], 'info': {'seed': 'd169c507bb4e4a69', 'results': 1, 'page': 1, 'version': '1.4'}}</msg>
<arg>${json_data}</arg>
<doc>Logs the given message with the given level.</doc>
<status status="PASS" start="2024-07-26T22:15:11.920384" elapsed="0.000200"/>
</kw>
<kw name="Should Be Equal As Numbers" owner="BuiltIn">
<arg>${json_data['results'][0]['location']['postcode']}</arg>
<arg>${json_data['results'][0]['location']['postcode']}</arg>
<doc>Fails if objects are unequal after converting them to real numbers.</doc>
<status status="PASS" start="2024-07-26T22:15:11.920877" elapsed="0.000635"/>
</kw>
<kw name="Log" owner="BuiltIn">
<msg time="2024-07-26T22:15:11.922052" level="INFO">89363</msg>
<arg>${json_data['results'][0]['location']['postcode']}</arg>
<doc>Logs the given message with the given level.</doc>
<status status="PASS" start="2024-07-26T22:15:11.921713" elapsed="0.000380"/>
</kw>
<status status="PASS" start="2024-07-26T22:15:11.826333" elapsed="0.096014"/>
</kw>
<doc>Testa se os tipos de dados na resposta da API estão corretos.</doc>
<tag>testeTiposDados</tag>
<status status="PASS" start="2024-07-26T22:15:11.740392" elapsed="0.182147"/>
</test>
<test id="s1-s1-t5" name="Validar conteudo" line="35">
<kw name="Teste de Tipos de Conteudo" owner="random-user-service">
<kw name="GET On Session" owner="RequestsLibrary">
<msg time="2024-07-26T22:15:12.025439" level="INFO">GET Request : url=https://randomuser.me/api 
 path_url=/api 
 headers={'User-Agent': 'python-requests/2.32.3', 'Accept-Encoding': 'gzip, deflate', 'Accept': '*/*', 'Connection': 'keep-alive'} 
 body=None 
 </msg>
<msg time="2024-07-26T22:15:12.025526" level="INFO">GET Response : url=https://randomuser.me/api 
 status=200, reason=OK 
 headers={'Date': 'Fri, 26 Jul 2024 22:15:12 GMT', 'Content-Type': 'application/json; charset=utf-8', 'Transfer-Encoding': 'chunked', 'Connection': 'keep-alive', 'X-Powered-By': 'Express', 'Access-Control-Allow-Origin': '*', 'Cache-Control': 'no-cache', 'ETag': 'W/"485-nvILVvRjtbrs67A/8ZsgTBqgkkM"', 'Vary': 'Accept-Encoding', 'Content-Encoding': 'gzip', 'CF-Cache-Status': 'DYNAMIC', 'Report-To': '{"endpoints":[{"url":"https:\\/\\/a.nel.cloudflare.com\\/report\\/v4?s=e9pTyRBNE%2FErqlnKhjBT96sGQQ5OZf3ewqrJJaVp6faa7XPsH8JVwrzpdPoDQQtO8Mlvg8GKn1b9wgA57gYRNlJxD6ULgN0dPvjISfDs%2BRidZNIKCB2KnUbNXePBfJP7"}],"group":"cf-nel","max_age":604800}', 'NEL': '{"success_fraction":0,"report_to":"cf-nel","max_age":604800}', 'Server': 'cloudflare', 'CF-RAY': '8a97bf3b8bd33b80-IAD', 'alt-svc': 'h3=":443"; ma=86400'} 
 body={"results":[{"gender":"female","name":{"title":"Ms","first":"Sedef","last":"Çörekçi"},"location":{"street":{"number":4373,"name":"Filistin Cd"},"city":"Ordu","state":"Manisa","country":"Turkey","postcode":13522,"coordinates":{"latitude":"68.0272","longitude":"47.8646"},"timezone":{"offset":"+5:30","description":"Bombay, Calcutta, Madras, New Delhi"}},"email":"sedef.corekci@example.com","login":{"uuid":"eebb69a8-04ef-43bc-964e-5105c4df3eee","username":"whitefrog212","password":"dallas1","salt":"s58nTVZy","md5":"d262007b8ba8676ec4416ee3929ef8ec","sha1":"461ce434d49d66495ff8786160d61aad4582a25d","sha256":"62eba97f76fff7b7afcc163892499e9fb5eedfe616652152642db041f72d919b"},"dob":{"date":"1948-02-16T09:58:47.211Z","age":76},"registered":{"date":"2009-03-14T23:33:19.853Z","age":15},"phone":"(289)-299-9681","cell":"(978)-268-0680","id":{"name":"","value":null},"picture":{"large":"https://randomuser.me/api/portraits/women/75.jpg","medium":"https://randomuser.me/api/portraits/med/women/75.jpg","thumbnail":"https://randomuser.me/api/portraits/thumb/women/75.jpg"},"nat":"TR"}],"info":{"seed":"816d16a9f6c18dde","results":1,"page":1,"version":"1.4"}} 
 </msg>
<msg time="2024-07-26T22:15:12.025600" level="INFO">/opt/hostedtoolcache/Python/3.12.4/x64/lib/python3.12/site-packages/urllib3/connectionpool.py:1099: InsecureRequestWarning: Unverified HTTPS request is being made to host 'randomuser.me'. Adding certificate verification is strongly advised. See: https://urllib3.readthedocs.io/en/latest/advanced-usage.html#tls-warnings
  warnings.warn(</msg>
<msg time="2024-07-26T22:15:12.025711" level="INFO">${response} = &lt;Response [200]&gt;</msg>
<var>${response}</var>
<arg>consultarAPI</arg>
<arg>/api</arg>
<doc>Sends a GET request on a previously created HTTP Session.</doc>
<status status="PASS" start="2024-07-26T22:15:11.925053" elapsed="0.100706"/>
</kw>
<kw name="Set Variable" owner="BuiltIn">
<msg time="2024-07-26T22:15:12.026720" level="INFO">${json_data} = {'results': [{'gender': 'female', 'name': {'title': 'Ms', 'first': 'Sedef', 'last': 'Çörekçi'}, 'location': {'street': {'number': 4373, 'name': 'Filistin Cd'}, 'city': 'Ordu', 'state': 'Manisa', 'coun...</msg>
<var>${json_data}</var>
<arg>${response.json()}</arg>
<doc>Returns the given values which can then be assigned to a variables.</doc>
<status status="PASS" start="2024-07-26T22:15:12.026243" elapsed="0.000507"/>
</kw>
<kw name="Set Variable" owner="BuiltIn">
<msg time="2024-07-26T22:15:12.027484" level="INFO">${name_title} = Ms</msg>
<var>${name_title}</var>
<arg>${json_data["results"][0]["name"]["title"]}</arg>
<doc>Returns the given values which can then be assigned to a variables.</doc>
<status status="PASS" start="2024-07-26T22:15:12.027054" elapsed="0.000456"/>
</kw>
<kw name="Create List" owner="BuiltIn">
<msg time="2024-07-26T22:15:12.027995" level="INFO">${allowed_titles} = ['Mr', 'Ms', 'Miss', 'Mrs', 'Madame', 'Monsieur']</msg>
<var>${allowed_titles}</var>
<arg>Mr</arg>
<arg>Ms</arg>
<arg>Miss</arg>
<arg>Mrs</arg>
<arg>Madame</arg>
<arg>Monsieur</arg>
<doc>Returns a list containing given items.</doc>
<status status="PASS" start="2024-07-26T22:15:12.027836" elapsed="0.000183"/>
</kw>
<kw name="List Should Contain Value" owner="Collections">
<arg>${allowed_titles}</arg>
<arg>${name_title}</arg>
<doc>Fails if the ``value`` is not found from ``list``.</doc>
<status status="PASS" start="2024-07-26T22:15:12.028322" elapsed="0.000177"/>
</kw>
<kw name="Set Variable" owner="BuiltIn">
<msg time="2024-07-26T22:15:12.029159" level="INFO">${name_country} = TR</msg>
<var>${name_country}</var>
<arg>${json_data["results"][0]["nat"]}</arg>
<doc>Returns the given values which can then be assigned to a variables.</doc>
<status status="PASS" start="2024-07-26T22:15:12.028710" elapsed="0.000475"/>
</kw>
<kw name="Create List" owner="BuiltIn">
<msg time="2024-07-26T22:15:12.030083" level="INFO">${list_country} = ['AD', 'AE', 'AF', 'AG', 'AI', 'AL', 'AM', 'AO', 'AQ', 'AR', 'AS', 'AT', 'AU', 'AW', 'AX', 'AZ', 'BA', 'BB', 'BD', 'BE', 'BF', 'BG', 'BH', 'BI', 'BJ', 'BL', 'BM', 'BN', 'BO', 'BQ', 'BR', 'BS', 'BT', '...</msg>
<var>${list_country}</var>
<arg>AD</arg>
<arg>AE</arg>
<arg>AF</arg>
<arg>AG</arg>
<arg>AI</arg>
<arg>AL</arg>
<arg>AM</arg>
<arg>AO</arg>
<arg>AQ</arg>
<arg>AR</arg>
<arg>AS</arg>
<arg>AT</arg>
<arg>AU</arg>
<arg>AW</arg>
<arg>AX</arg>
<arg>AZ</arg>
<arg>BA</arg>
<arg>BB</arg>
<arg>BD</arg>
<arg>BE</arg>
<arg>BF</arg>
<arg>BG</arg>
<arg>BH</arg>
<arg>BI</arg>
<arg>BJ</arg>
<arg>BL</arg>
<arg>BM</arg>
<arg>BN</arg>
<arg>BO</arg>
<arg>BQ</arg>
<arg>BR</arg>
<arg>BS</arg>
<arg>BT</arg>
<arg>BV</arg>
<arg>BW</arg>
<arg>BY</arg>
<arg>BZ</arg>
<arg>CA</arg>
<arg>CC</arg>
<arg>CD</arg>
<arg>CF</arg>
<arg>CG</arg>
<arg>CH</arg>
<arg>CI</arg>
<arg>CK</arg>
<arg>CL</arg>
<arg>CM</arg>
<arg>CN</arg>
<arg>CO</arg>
<arg>CR</arg>
<arg>CU</arg>
<arg>CV</arg>
<arg>CW</arg>
<arg>CX</arg>
<arg>CY</arg>
<arg>CZ</arg>
<arg>DE</arg>
<arg>DJ</arg>
<arg>DK</arg>
<arg>DM</arg>
<arg>DO</arg>
<arg>DZ</arg>
<arg>EC</arg>
<arg>EE</arg>
<arg>EG</arg>
<arg>EH</arg>
<arg>ER</arg>
<arg>ES</arg>
<arg>ET</arg>
<arg>FI</arg>
<arg>FJ</arg>
<arg>FK</arg>
<arg>FM</arg>
<arg>FO</arg>
<arg>FR</arg>
<arg>GA</arg>
<arg>GB</arg>
<arg>GD</arg>
<arg>GE</arg>
<arg>GF</arg>
<arg>GG</arg>
<arg>GH</arg>
<arg>GI</arg>
<arg>GL</arg>
<arg>GM</arg>
<arg>GN</arg>
<arg>GP</arg>
<arg>GQ</arg>
<arg>GR</arg>
<arg>GS</arg>
<arg>GT</arg>
<arg>GU</arg>
<arg>GW</arg>
<arg>GY</arg>
<arg>HK</arg>
<arg>HM</arg>
<arg>HN</arg>
<arg>HR</arg>
<arg>HT</arg>
<arg>HU</arg>
<arg>ID</arg>
<arg>IE</arg>
<arg>IL</arg>
<arg>IM</arg>
<arg>IN</arg>
<arg>IO</arg>
<arg>IQ</arg>
<arg>IR</arg>
<arg>IS</arg>
<arg>IT</arg>
<arg>JE</arg>
<arg>JM</arg>
<arg>JO</arg>
<arg>JP</arg>
<arg>KE</arg>
<arg>KG</arg>
<arg>KH</arg>
<arg>KI</arg>
<arg>KM</arg>
<arg>KN</arg>
<arg>KP</arg>
<arg>KR</arg>
<arg>KW</arg>
<arg>KY</arg>
<arg>KZ</arg>
<arg>LA</arg>
<arg>LB</arg>
<arg>LC</arg>
<arg>LI</arg>
<arg>LK</arg>
<arg>LR</arg>
<arg>LS</arg>
<arg>LT</arg>
<arg>LU</arg>
<arg>LV</arg>
<arg>LY</arg>
<arg>MA</arg>
<arg>MC</arg>
<arg>MD</arg>
<arg>ME</arg>
<arg>MF</arg>
<arg>MG</arg>
<arg>MH</arg>
<arg>MK</arg>
<arg>ML</arg>
<arg>MM</arg>
<arg>MN</arg>
<arg>MO</arg>
<arg>MP</arg>
<arg>MQ</arg>
<arg>MR</arg>
<arg>MS</arg>
<arg>MT</arg>
<arg>MU</arg>
<arg>MV</arg>
<arg>MW</arg>
<arg>MX</arg>
<arg>MY</arg>
<arg>MZ</arg>
<arg>NA</arg>
<arg>NC</arg>
<arg>NE</arg>
<arg>NF</arg>
<arg>NG</arg>
<arg>NI</arg>
<arg>NL</arg>
<arg>NO</arg>
<arg>NP</arg>
<arg>NR</arg>
<arg>NU</arg>
<arg>NZ</arg>
<arg>OM</arg>
<arg>PA</arg>
<arg>PE</arg>
<arg>PF</arg>
<arg>PG</arg>
<arg>PH</arg>
<arg>PK</arg>
<arg>PL</arg>
<arg>PM</arg>
<arg>PN</arg>
<arg>PR</arg>
<arg>PS</arg>
<arg>PT</arg>
<arg>PW</arg>
<arg>PY</arg>
<arg>QA</arg>
<arg>RE</arg>
<arg>RO</arg>
<arg>RS</arg>
<arg>RU</arg>
<arg>RW</arg>
<arg>SA</arg>
<arg>SB</arg>
<arg>SC</arg>
<arg>SD</arg>
<arg>SE</arg>
<arg>SG</arg>
<arg>SH</arg>
<arg>SI</arg>
<arg>SJ</arg>
<arg>SK</arg>
<arg>SL</arg>
<arg>SM</arg>
<arg>SN</arg>
<arg>SO</arg>
<arg>SR</arg>
<arg>SS</arg>
<arg>ST</arg>
<arg>SV</arg>
<arg>SX</arg>
<arg>SY</arg>
<arg>SZ</arg>
<arg>TC</arg>
<arg>TD</arg>
<arg>TF</arg>
<arg>TG</arg>
<arg>TH</arg>
<arg>TJ</arg>
<arg>TK</arg>
<arg>TL</arg>
<arg>TM</arg>
<arg>TN</arg>
<arg>TO</arg>
<arg>TR</arg>
<arg>TT</arg>
<arg>TV</arg>
<arg>TW</arg>
<arg>TZ</arg>
<arg>UA</arg>
<arg>UG</arg>
<arg>UM</arg>
<arg>US</arg>
<arg>UY</arg>
<arg>UZ</arg>
<arg>VA</arg>
<arg>VC</arg>
<arg>VE</arg>
<arg>VG</arg>
<arg>VI</arg>
<arg>VN</arg>
<arg>VU</arg>
<arg>WF</arg>
<arg>WS</arg>
<arg>XK</arg>
<arg>YE</arg>
<arg>YT</arg>
<arg>ZA</arg>
<arg>ZM</arg>
<arg>ZW</arg>
<doc>Returns a list containing given items.</doc>
<status status="PASS" start="2024-07-26T22:15:12.029482" elapsed="0.000627"/>
</kw>
<kw name="List Should Contain Value" owner="Collections">
<arg>${list_country}</arg>
<arg>${name_country}</arg>
<doc>Fails if the ``value`` is not found from ``list``.</doc>
<status status="PASS" start="2024-07-26T22:15:12.031063" elapsed="0.000242"/>
</kw>
<kw name="Run Keyword If" owner="BuiltIn">
<kw name="Should Be True" owner="BuiltIn">
<arg>${True}</arg>
<doc>Fails if the given condition is not true.</doc>
<status status="PASS" start="2024-07-26T22:15:12.032270" elapsed="0.000144"/>
</kw>
<arg>${json_data["results"][0]["location"]["coordinates"]["latitude"]} &gt;= -90 and ${json_data["results"][0]["location"]["coordinates"]["latitude"]} &lt;= 90</arg>
<arg>Should Be True</arg>
<arg>${True}</arg>
<doc>Runs the given keyword with the given arguments, if ``condition`` is true.</doc>
<status status="PASS" start="2024-07-26T22:15:12.031515" elapsed="0.001025"/>
</kw>
<kw name="Run Keyword If" owner="BuiltIn">
<kw name="Should Be True" owner="BuiltIn">
<arg>${True}</arg>
<doc>Fails if the given condition is not true.</doc>
<status status="PASS" start="2024-07-26T22:15:12.033427" elapsed="0.000138"/>
</kw>
<arg>${json_data["results"][0]["location"]["coordinates"]["longitude"]} &gt;= -180 and ${json_data["results"][0]["location"]["coordinates"]["longitude"]} &lt;= 180</arg>
<arg>Should Be True</arg>
<arg>${True}</arg>
<doc>Runs the given keyword with the given arguments, if ``condition`` is true.</doc>
<status status="PASS" start="2024-07-26T22:15:12.032724" elapsed="0.000965"/>
</kw>
<status status="PASS" start="2024-07-26T22:15:11.924831" elapsed="0.108990"/>
</kw>
<doc>Testa o conteúdo específico dos campos retornados pela API.</doc>
<tag>testeConteudo</tag>
<status status="PASS" start="2024-07-26T22:15:11.924390" elapsed="0.109590"/>
</test>
<status status="PASS" start="2024-07-26T22:15:11.196796" elapsed="0.839107"/>
</suite>
<status status="PASS" start="2024-07-26T22:15:11.182435" elapsed="0.858529"/>
</suite>
<statistics>
<total>
<stat pass="5" fail="0" skip="0">All Tests</stat>
</total>
<tag>
<stat pass="1" fail="0" skip="0">testeConteudo</stat>
<stat pass="1" fail="0" skip="0">testeEstruturaResposta</stat>
<stat pass="1" fail="0" skip="0">testeRequisicaoBasica</stat>
<stat pass="1" fail="0" skip="0">testeTiposDados</stat>
</tag>
<suite>
<stat pass="5" fail="0" skip="0" id="s1" name="Tests">Tests</stat>
<stat pass="5" fail="0" skip="0" id="s1-s1" name="Random-User-Test">Tests.Random-User-Test</stat>
</suite>
</statistics>
<errors>
</errors>
</robot>
