<?xml version="1.0" encoding="UTF-8"?>
<robot generator="Robot 7.0.1 (Python 3.12.3 on linux)" generated="2024-06-17T01:08:00.038083" rpa="false" schemaversion="5">
<suite id="s1" name="Tests" source="/home/runner/work/ApiRandomUser/ApiRandomUser/RamdonUser/tests">
<suite id="s1-s1" name="Random-User-Test" source="/home/runner/work/ApiRandomUser/ApiRandomUser/RamdonUser/tests/random-user-test.robot">
<test id="s1-s1-t1" name="Conectar" line="13">
<kw name="Conectar API" owner="random-user-service">
<kw name="Create Session" owner="RequestsLibrary">
<msg time="2024-06-17T01:08:00.463761" level="INFO">Creating Session using : alias=consultarAPI, url=https://randomuser.me/, headers={},                     cookies={}, auth=None, timeout=None, proxies=None, verify=False,                     debug=0 </msg>
<arg>consultarAPI</arg>
<arg>${URL}</arg>
<doc>Create Session: create a HTTP session to a server</doc>
<status status="PASS" start="2024-06-17T01:08:00.463546" elapsed="0.000431"/>
</kw>
<status status="PASS" start="2024-06-17T01:08:00.462420" elapsed="0.001987"/>
</kw>
<status status="PASS" start="2024-06-17T01:08:00.461789" elapsed="0.002821"/>
</test>
<test id="s1-s1-t2" name="Validar retorno 200 e JSON Válido" line="16">
<kw name="Teste de Requisicao Basica" owner="random-user-service">
<kw name="GET On Session" owner="RequestsLibrary">
<msg time="2024-06-17T01:08:00.549425" level="INFO">GET Request : url=https://randomuser.me/api 
 path_url=/api 
 headers={'User-Agent': 'python-requests/2.32.3', 'Accept-Encoding': 'gzip, deflate', 'Accept': '*/*', 'Connection': 'keep-alive'} 
 body=None 
 </msg>
<msg time="2024-06-17T01:08:00.549597" level="INFO">GET Response : url=https://randomuser.me/api 
 status=200, reason=OK 
 headers={'Date': 'Mon, 17 Jun 2024 01:08:00 GMT', 'Content-Type': 'application/json; charset=utf-8', 'Transfer-Encoding': 'chunked', 'Connection': 'keep-alive', 'X-Powered-By': 'Express', 'Access-Control-Allow-Origin': '*', 'Cache-Control': 'no-cache', 'ETag': 'W/"487-w4xhHbcZ+NboBhwia+5/Auhe/uI"', 'Vary': 'Accept-Encoding', 'Content-Encoding': 'gzip', 'CF-Cache-Status': 'DYNAMIC', 'Report-To': '{"endpoints":[{"url":"https:\\/\\/a.nel.cloudflare.com\\/report\\/v4?s=YgYavHA7Rb3X9mIuw9HkqeQTRNhsStNHOAazZT%2ByEGXZnrJHkL7qjRQaHE%2FOym8UweimPweihNC7xQmoJ7ZqMgmH%2F8UJuZmdATf2%2Bhev55BCqvmIUG2f1dbaXclhZqFT"}],"group":"cf-nel","max_age":604800}', 'NEL': '{"success_fraction":0,"report_to":"cf-nel","max_age":604800}', 'Server': 'cloudflare', 'CF-RAY': '894f255f2a1129e8-ORD', 'alt-svc': 'h3=":443"; ma=86400'} 
 body={"results":[{"gender":"male","name":{"title":"Mr","first":"مهدي","last":"صدر"},"location":{"street":{"number":9713,"name":"شهید کامبیز خشی"},"city":"سیرجان","state":"خراسان رضوی","country":"Iran","postcode":45522,"coordinates":{"latitude":"13.5258","longitude":"-89.5413"},"timezone":{"offset":"-3:30","description":"Newfoundland"}},"email":"mhdy.sdr@example.com","login":{"uuid":"d65f8946-7023-448e-86a6-1818f21d2810","username":"purplegorilla181","password":"helmut","salt":"BdiosG4X","md5":"79833e252d8c692dc8e2a9eb5c4e7c0e","sha1":"db36069949aa23195ac5b1419076447c2e41175d","sha256":"b7c0d7c61299672eda70727c14464fe15ed98549cf7ea05470b7f2303bb5351c"},"dob":{"date":"1975-09-16T07:21:19.894Z","age":48},"registered":{"date":"2004-02-14T15:07:43.304Z","age":20},"phone":"091-18151048","cell":"0982-720-2947","id":{"name":"","value":null},"picture":{"large":"https://randomuser.me/api/portraits/men/54.jpg","medium":"https://randomuser.me/api/portraits/med/men/54.jpg","thumbnail":"https://randomuser.me/api/portraits/thumb/men/54.jpg"},"nat":"IR"}],"info":{"seed":"b1f926ecad74086d","results":1,"page":1,"version":"1.4"}} 
 </msg>
<msg time="2024-06-17T01:08:00.549690" level="INFO">/opt/hostedtoolcache/Python/3.12.3/x64/lib/python3.12/site-packages/urllib3/connectionpool.py:1103: InsecureRequestWarning: Unverified HTTPS request is being made to host 'randomuser.me'. Adding certificate verification is strongly advised. See: https://urllib3.readthedocs.io/en/latest/advanced-usage.html#tls-warnings
  warnings.warn(</msg>
<msg time="2024-06-17T01:08:00.549860" level="INFO">${response} = &lt;Response [200]&gt;</msg>
<var>${response}</var>
<arg>consultarAPI</arg>
<arg>/api</arg>
<doc>Sends a GET request on a previously created HTTP Session.</doc>
<status status="PASS" start="2024-06-17T01:08:00.467488" elapsed="0.082405"/>
</kw>
<kw name="Should Be Equal As Numbers" owner="BuiltIn">
<msg time="2024-06-17T01:08:00.550939" level="INFO">Argument types are:
&lt;class 'int'&gt;
&lt;class 'str'&gt;</msg>
<arg>${response.status_code}</arg>
<arg>200</arg>
<doc>Fails if objects are unequal after converting them to real numbers.</doc>
<status status="PASS" start="2024-06-17T01:08:00.550454" elapsed="0.000553"/>
</kw>
<kw name="Log" owner="BuiltIn">
<msg time="2024-06-17T01:08:00.551720" level="INFO">200</msg>
<arg>${response.status_code}</arg>
<doc>Logs the given message with the given level.</doc>
<status status="PASS" start="2024-06-17T01:08:00.551370" elapsed="0.000399"/>
</kw>
<kw name="Set Variable" owner="BuiltIn">
<msg time="2024-06-17T01:08:00.552530" level="INFO">${json_data} = {'results': [{'gender': 'male', 'name': {'title': 'Mr', 'first': 'مهدي', 'last': 'صدر'}, 'location': {'street': {'number': 9713, 'name': 'شهید کامبیز خشی'}, 'city': 'سیرجان', 'state': 'خراسان رضوی', '...</msg>
<var>${json_data}</var>
<arg>${response.json()}</arg>
<doc>Returns the given values which can then be assigned to a variables.</doc>
<status status="PASS" start="2024-06-17T01:08:00.552077" elapsed="0.000485"/>
</kw>
<kw name="Dictionary Should Contain Key" owner="Collections">
<arg>${json_data}</arg>
<arg>results</arg>
<doc>Fails if ``key`` is not found from ``dictionary``.</doc>
<status status="PASS" start="2024-06-17T01:08:00.552867" elapsed="0.000167"/>
</kw>
<status status="PASS" start="2024-06-17T01:08:00.467230" elapsed="0.085999"/>
</kw>
<doc>Testa se a API responde corretamente e retorna um objeto JSON válido.</doc>
<tag>testeRequisicaoBasica</tag>
<status status="PASS" start="2024-06-17T01:08:00.466612" elapsed="0.086805"/>
</test>
<test id="s1-s1-t3" name="Validar estrutura de resposta" line="22">
<kw name="Teste de Estrutura de Resposta" owner="random-user-service">
<kw name="GET On Session" owner="RequestsLibrary">
<msg time="2024-06-17T01:08:00.654485" level="INFO">GET Request : url=https://randomuser.me/api 
 path_url=/api 
 headers={'User-Agent': 'python-requests/2.32.3', 'Accept-Encoding': 'gzip, deflate', 'Accept': '*/*', 'Connection': 'keep-alive'} 
 body=None 
 </msg>
<msg time="2024-06-17T01:08:00.654589" level="INFO">GET Response : url=https://randomuser.me/api 
 status=200, reason=OK 
 headers={'Date': 'Mon, 17 Jun 2024 01:08:00 GMT', 'Content-Type': 'application/json; charset=utf-8', 'Transfer-Encoding': 'chunked', 'Connection': 'keep-alive', 'X-Powered-By': 'Express', 'Access-Control-Allow-Origin': '*', 'Cache-Control': 'no-cache', 'ETag': 'W/"4a6-Fnut34IQFymWBA1coUZO/dKfLIs"', 'Vary': 'Accept-Encoding', 'Content-Encoding': 'gzip', 'CF-Cache-Status': 'DYNAMIC', 'Report-To': '{"endpoints":[{"url":"https:\\/\\/a.nel.cloudflare.com\\/report\\/v4?s=XR%2FZWQUjzGH6ys%2Fj94DcMlj87NYdhCkssGCcYzPiRC671YLwBWjNAYfsBRzXRrBCnwECd6bpUea7iAolfSKjFWSTfU7OAQkGEo3hdsJAOZiDB0oqBhi3CtqcMzZqv2%2FQ"}],"group":"cf-nel","max_age":604800}', 'NEL': '{"success_fraction":0,"report_to":"cf-nel","max_age":604800}', 'Server': 'cloudflare', 'CF-RAY': '894f255f7a6229e8-ORD', 'alt-svc': 'h3=":443"; ma=86400'} 
 body={"results":[{"gender":"female","name":{"title":"Miss","first":"Delphine","last":"Claire"},"location":{"street":{"number":9494,"name":"Elgin St"},"city":"Campbellton","state":"Newfoundland and Labrador","country":"Canada","postcode":"T8U 6A8","coordinates":{"latitude":"-68.5038","longitude":"78.9259"},"timezone":{"offset":"-3:00","description":"Brazil, Buenos Aires, Georgetown"}},"email":"delphine.claire@example.com","login":{"uuid":"5305f715-11e6-4b6d-af08-c01d4531ed93","username":"orangerabbit126","password":"1357","salt":"g3ATA149","md5":"d218381c8370972b41f8cccfdf366202","sha1":"215dcb72943253217e97b2e45af0083bb6453a3a","sha256":"2afb5108f1ef9ca17771f96177dc09f2d86af06db8d6b23ecd545fcd45ed2028"},"dob":{"date":"1950-09-24T08:17:19.705Z","age":73},"registered":{"date":"2019-06-14T14:33:11.617Z","age":5},"phone":"I10 Y85-2658","cell":"U27 O92-9961","id":{"name":"SIN","value":"003479417"},"picture":{"large":"https://randomuser.me/api/portraits/women/26.jpg","medium":"https://randomuser.me/api/portraits/med/women/26.jpg","thumbnail":"https://randomuser.me/api/portraits/thumb/women/26.jpg"},"nat":"CA"}],"info":{"seed":"3d8080b148feb3b0","results":1,"page":1,"version":"1.4"}} 
 </msg>
<msg time="2024-06-17T01:08:00.654746" level="INFO">/opt/hostedtoolcache/Python/3.12.3/x64/lib/python3.12/site-packages/urllib3/connectionpool.py:1103: InsecureRequestWarning: Unverified HTTPS request is being made to host 'randomuser.me'. Adding certificate verification is strongly advised. See: https://urllib3.readthedocs.io/en/latest/advanced-usage.html#tls-warnings
  warnings.warn(</msg>
<msg time="2024-06-17T01:08:00.654900" level="INFO">${response} = &lt;Response [200]&gt;</msg>
<var>${response}</var>
<arg>consultarAPI</arg>
<arg>/api</arg>
<doc>Sends a GET request on a previously created HTTP Session.</doc>
<status status="PASS" start="2024-06-17T01:08:00.556249" elapsed="0.098696"/>
</kw>
<kw name="Set Variable" owner="BuiltIn">
<msg time="2024-06-17T01:08:00.656040" level="INFO">${json_data} = {'results': [{'gender': 'female', 'name': {'title': 'Miss', 'first': 'Delphine', 'last': 'Claire'}, 'location': {'street': {'number': 9494, 'name': 'Elgin St'}, 'city': 'Campbellton', 'state': 'Newfou...</msg>
<var>${json_data}</var>
<arg>${response.json()}</arg>
<doc>Returns the given values which can then be assigned to a variables.</doc>
<status status="PASS" start="2024-06-17T01:08:00.655508" elapsed="0.000561"/>
</kw>
<kw name="Log" owner="BuiltIn">
<msg time="2024-06-17T01:08:00.656546" level="INFO">{'results': [{'gender': 'female', 'name': {'title': 'Miss', 'first': 'Delphine', 'last': 'Claire'}, 'location': {'street': {'number': 9494, 'name': 'Elgin St'}, 'city': 'Campbellton', 'state': 'Newfoundland and Labrador', 'country': 'Canada', 'postcode': 'T8U 6A8', 'coordinates': {'latitude': '-68.5038', 'longitude': '78.9259'}, 'timezone': {'offset': '-3:00', 'description': 'Brazil, Buenos Aires, Georgetown'}}, 'email': 'delphine.claire@example.com', 'login': {'uuid': '5305f715-11e6-4b6d-af08-c01d4531ed93', 'username': 'orangerabbit126', 'password': '1357', 'salt': 'g3ATA149', 'md5': 'd218381c8370972b41f8cccfdf366202', 'sha1': '215dcb72943253217e97b2e45af0083bb6453a3a', 'sha256': '2afb5108f1ef9ca17771f96177dc09f2d86af06db8d6b23ecd545fcd45ed2028'}, 'dob': {'date': '1950-09-24T08:17:19.705Z', 'age': 73}, 'registered': {'date': '2019-06-14T14:33:11.617Z', 'age': 5}, 'phone': 'I10 Y85-2658', 'cell': 'U27 O92-9961', 'id': {'name': 'SIN', 'value': '003479417'}, 'picture': {'large': 'https://randomuser.me/api/portraits/women/26.jpg', 'medium': 'https://randomuser.me/api/portraits/med/women/26.jpg', 'thumbnail': 'https://randomuser.me/api/portraits/thumb/women/26.jpg'}, 'nat': 'CA'}], 'info': {'seed': '3d8080b148feb3b0', 'results': 1, 'page': 1, 'version': '1.4'}}</msg>
<arg>${json_data}</arg>
<doc>Logs the given message with the given level.</doc>
<status status="PASS" start="2024-06-17T01:08:00.656383" elapsed="0.000210"/>
</kw>
<kw name="Dictionary Should Contain Key" owner="Collections">
<arg>${json_data}</arg>
<arg>results</arg>
<doc>Fails if ``key`` is not found from ``dictionary``.</doc>
<status status="PASS" start="2024-06-17T01:08:00.656908" elapsed="0.000197"/>
</kw>
<kw name="Should Not Be Empty" owner="BuiltIn">
<msg time="2024-06-17T01:08:00.657428" level="INFO">Length is 2.</msg>
<arg>${json_data}</arg>
<doc>Verifies that the given item is not empty.</doc>
<status status="PASS" start="2024-06-17T01:08:00.657301" elapsed="0.000164"/>
</kw>
<kw name="Create List" owner="BuiltIn">
<msg time="2024-06-17T01:08:00.657912" level="INFO">${expected_keys} = ['gender', 'name', 'location', 'email', 'login']</msg>
<var>${expected_keys}</var>
<arg>gender</arg>
<arg>name</arg>
<arg>location</arg>
<arg>email</arg>
<arg>login</arg>
<doc>Returns a list containing given items.</doc>
<status status="PASS" start="2024-06-17T01:08:00.657761" elapsed="0.000175"/>
</kw>
<for flavor="IN">
<iter>
<kw name="Dictionary Should Contain Key" owner="Collections">
<arg>${json_data['results'][0]}</arg>
<arg>${key}</arg>
<doc>Fails if ``key`` is not found from ``dictionary``.</doc>
<status status="PASS" start="2024-06-17T01:08:00.658546" elapsed="0.000408"/>
</kw>
<kw name="Log" owner="BuiltIn">
<msg time="2024-06-17T01:08:00.659518" level="INFO">{'gender': 'female', 'name': {'title': 'Miss', 'first': 'Delphine', 'last': 'Claire'}, 'location': {'street': {'number': 9494, 'name': 'Elgin St'}, 'city': 'Campbellton', 'state': 'Newfoundland and Labrador', 'country': 'Canada', 'postcode': 'T8U 6A8', 'coordinates': {'latitude': '-68.5038', 'longitude': '78.9259'}, 'timezone': {'offset': '-3:00', 'description': 'Brazil, Buenos Aires, Georgetown'}}, 'email': 'delphine.claire@example.com', 'login': {'uuid': '5305f715-11e6-4b6d-af08-c01d4531ed93', 'username': 'orangerabbit126', 'password': '1357', 'salt': 'g3ATA149', 'md5': 'd218381c8370972b41f8cccfdf366202', 'sha1': '215dcb72943253217e97b2e45af0083bb6453a3a', 'sha256': '2afb5108f1ef9ca17771f96177dc09f2d86af06db8d6b23ecd545fcd45ed2028'}, 'dob': {'date': '1950-09-24T08:17:19.705Z', 'age': 73}, 'registered': {'date': '2019-06-14T14:33:11.617Z', 'age': 5}, 'phone': 'I10 Y85-2658', 'cell': 'U27 O92-9961', 'id': {'name': 'SIN', 'value': '003479417'}, 'picture': {'large': 'https://randomuser.me/api/portraits/women/26.jpg', 'medium': 'https://randomuser.me/api/portraits/med/women/26.jpg', 'thumbnail': 'https://randomuser.me/api/portraits/thumb/women/26.jpg'}, 'nat': 'CA'}</msg>
<arg>${json_data['results'][0]}</arg>
<doc>Logs the given message with the given level.</doc>
<status status="PASS" start="2024-06-17T01:08:00.659152" elapsed="0.000416"/>
</kw>
<kw name="Log" owner="BuiltIn">
<msg time="2024-06-17T01:08:00.660004" level="INFO">gender</msg>
<arg>${key}</arg>
<doc>Logs the given message with the given level.</doc>
<status status="PASS" start="2024-06-17T01:08:00.659874" elapsed="0.000168"/>
</kw>
<var name="${key}">gender</var>
<status status="PASS" start="2024-06-17T01:08:00.658410" elapsed="0.001858"/>
</iter>
<iter>
<kw name="Dictionary Should Contain Key" owner="Collections">
<arg>${json_data['results'][0]}</arg>
<arg>${key}</arg>
<doc>Fails if ``key`` is not found from ``dictionary``.</doc>
<status status="PASS" start="2024-06-17T01:08:00.660579" elapsed="0.000392"/>
</kw>
<kw name="Log" owner="BuiltIn">
<msg time="2024-06-17T01:08:00.661590" level="INFO">{'gender': 'female', 'name': {'title': 'Miss', 'first': 'Delphine', 'last': 'Claire'}, 'location': {'street': {'number': 9494, 'name': 'Elgin St'}, 'city': 'Campbellton', 'state': 'Newfoundland and Labrador', 'country': 'Canada', 'postcode': 'T8U 6A8', 'coordinates': {'latitude': '-68.5038', 'longitude': '78.9259'}, 'timezone': {'offset': '-3:00', 'description': 'Brazil, Buenos Aires, Georgetown'}}, 'email': 'delphine.claire@example.com', 'login': {'uuid': '5305f715-11e6-4b6d-af08-c01d4531ed93', 'username': 'orangerabbit126', 'password': '1357', 'salt': 'g3ATA149', 'md5': 'd218381c8370972b41f8cccfdf366202', 'sha1': '215dcb72943253217e97b2e45af0083bb6453a3a', 'sha256': '2afb5108f1ef9ca17771f96177dc09f2d86af06db8d6b23ecd545fcd45ed2028'}, 'dob': {'date': '1950-09-24T08:17:19.705Z', 'age': 73}, 'registered': {'date': '2019-06-14T14:33:11.617Z', 'age': 5}, 'phone': 'I10 Y85-2658', 'cell': 'U27 O92-9961', 'id': {'name': 'SIN', 'value': '003479417'}, 'picture': {'large': 'https://randomuser.me/api/portraits/women/26.jpg', 'medium': 'https://randomuser.me/api/portraits/med/women/26.jpg', 'thumbnail': 'https://randomuser.me/api/portraits/thumb/women/26.jpg'}, 'nat': 'CA'}</msg>
<arg>${json_data['results'][0]}</arg>
<doc>Logs the given message with the given level.</doc>
<status status="PASS" start="2024-06-17T01:08:00.661189" elapsed="0.000457"/>
</kw>
<kw name="Log" owner="BuiltIn">
<msg time="2024-06-17T01:08:00.662087" level="INFO">name</msg>
<arg>${key}</arg>
<doc>Logs the given message with the given level.</doc>
<status status="PASS" start="2024-06-17T01:08:00.661952" elapsed="0.000173"/>
</kw>
<var name="${key}">name</var>
<status status="PASS" start="2024-06-17T01:08:00.660464" elapsed="0.001882"/>
</iter>
<iter>
<kw name="Dictionary Should Contain Key" owner="Collections">
<arg>${json_data['results'][0]}</arg>
<arg>${key}</arg>
<doc>Fails if ``key`` is not found from ``dictionary``.</doc>
<status status="PASS" start="2024-06-17T01:08:00.662643" elapsed="0.000383"/>
</kw>
<kw name="Log" owner="BuiltIn">
<msg time="2024-06-17T01:08:00.663566" level="INFO">{'gender': 'female', 'name': {'title': 'Miss', 'first': 'Delphine', 'last': 'Claire'}, 'location': {'street': {'number': 9494, 'name': 'Elgin St'}, 'city': 'Campbellton', 'state': 'Newfoundland and Labrador', 'country': 'Canada', 'postcode': 'T8U 6A8', 'coordinates': {'latitude': '-68.5038', 'longitude': '78.9259'}, 'timezone': {'offset': '-3:00', 'description': 'Brazil, Buenos Aires, Georgetown'}}, 'email': 'delphine.claire@example.com', 'login': {'uuid': '5305f715-11e6-4b6d-af08-c01d4531ed93', 'username': 'orangerabbit126', 'password': '1357', 'salt': 'g3ATA149', 'md5': 'd218381c8370972b41f8cccfdf366202', 'sha1': '215dcb72943253217e97b2e45af0083bb6453a3a', 'sha256': '2afb5108f1ef9ca17771f96177dc09f2d86af06db8d6b23ecd545fcd45ed2028'}, 'dob': {'date': '1950-09-24T08:17:19.705Z', 'age': 73}, 'registered': {'date': '2019-06-14T14:33:11.617Z', 'age': 5}, 'phone': 'I10 Y85-2658', 'cell': 'U27 O92-9961', 'id': {'name': 'SIN', 'value': '003479417'}, 'picture': {'large': 'https://randomuser.me/api/portraits/women/26.jpg', 'medium': 'https://randomuser.me/api/portraits/med/women/26.jpg', 'thumbnail': 'https://randomuser.me/api/portraits/thumb/women/26.jpg'}, 'nat': 'CA'}</msg>
<arg>${json_data['results'][0]}</arg>
<doc>Logs the given message with the given level.</doc>
<status status="PASS" start="2024-06-17T01:08:00.663218" elapsed="0.000396"/>
</kw>
<kw name="Log" owner="BuiltIn">
<msg time="2024-06-17T01:08:00.664036" level="INFO">location</msg>
<arg>${key}</arg>
<doc>Logs the given message with the given level.</doc>
<status status="PASS" start="2024-06-17T01:08:00.663908" elapsed="0.000166"/>
</kw>
<var name="${key}">location</var>
<status status="PASS" start="2024-06-17T01:08:00.662531" elapsed="0.001772"/>
</iter>
<iter>
<kw name="Dictionary Should Contain Key" owner="Collections">
<arg>${json_data['results'][0]}</arg>
<arg>${key}</arg>
<doc>Fails if ``key`` is not found from ``dictionary``.</doc>
<status status="PASS" start="2024-06-17T01:08:00.664589" elapsed="0.000384"/>
</kw>
<kw name="Log" owner="BuiltIn">
<msg time="2024-06-17T01:08:00.665561" level="INFO">{'gender': 'female', 'name': {'title': 'Miss', 'first': 'Delphine', 'last': 'Claire'}, 'location': {'street': {'number': 9494, 'name': 'Elgin St'}, 'city': 'Campbellton', 'state': 'Newfoundland and Labrador', 'country': 'Canada', 'postcode': 'T8U 6A8', 'coordinates': {'latitude': '-68.5038', 'longitude': '78.9259'}, 'timezone': {'offset': '-3:00', 'description': 'Brazil, Buenos Aires, Georgetown'}}, 'email': 'delphine.claire@example.com', 'login': {'uuid': '5305f715-11e6-4b6d-af08-c01d4531ed93', 'username': 'orangerabbit126', 'password': '1357', 'salt': 'g3ATA149', 'md5': 'd218381c8370972b41f8cccfdf366202', 'sha1': '215dcb72943253217e97b2e45af0083bb6453a3a', 'sha256': '2afb5108f1ef9ca17771f96177dc09f2d86af06db8d6b23ecd545fcd45ed2028'}, 'dob': {'date': '1950-09-24T08:17:19.705Z', 'age': 73}, 'registered': {'date': '2019-06-14T14:33:11.617Z', 'age': 5}, 'phone': 'I10 Y85-2658', 'cell': 'U27 O92-9961', 'id': {'name': 'SIN', 'value': '003479417'}, 'picture': {'large': 'https://randomuser.me/api/portraits/women/26.jpg', 'medium': 'https://randomuser.me/api/portraits/med/women/26.jpg', 'thumbnail': 'https://randomuser.me/api/portraits/thumb/women/26.jpg'}, 'nat': 'CA'}</msg>
<arg>${json_data['results'][0]}</arg>
<doc>Logs the given message with the given level.</doc>
<status status="PASS" start="2024-06-17T01:08:00.665198" elapsed="0.000420"/>
</kw>
<kw name="Log" owner="BuiltIn">
<msg time="2024-06-17T01:08:00.666050" level="INFO">email</msg>
<arg>${key}</arg>
<doc>Logs the given message with the given level.</doc>
<status status="PASS" start="2024-06-17T01:08:00.665920" elapsed="0.000171"/>
</kw>
<var name="${key}">email</var>
<status status="PASS" start="2024-06-17T01:08:00.664481" elapsed="0.001872"/>
</iter>
<iter>
<kw name="Dictionary Should Contain Key" owner="Collections">
<arg>${json_data['results'][0]}</arg>
<arg>${key}</arg>
<doc>Fails if ``key`` is not found from ``dictionary``.</doc>
<status status="PASS" start="2024-06-17T01:08:00.666668" elapsed="0.000392"/>
</kw>
<kw name="Log" owner="BuiltIn">
<msg time="2024-06-17T01:08:00.667600" level="INFO">{'gender': 'female', 'name': {'title': 'Miss', 'first': 'Delphine', 'last': 'Claire'}, 'location': {'street': {'number': 9494, 'name': 'Elgin St'}, 'city': 'Campbellton', 'state': 'Newfoundland and Labrador', 'country': 'Canada', 'postcode': 'T8U 6A8', 'coordinates': {'latitude': '-68.5038', 'longitude': '78.9259'}, 'timezone': {'offset': '-3:00', 'description': 'Brazil, Buenos Aires, Georgetown'}}, 'email': 'delphine.claire@example.com', 'login': {'uuid': '5305f715-11e6-4b6d-af08-c01d4531ed93', 'username': 'orangerabbit126', 'password': '1357', 'salt': 'g3ATA149', 'md5': 'd218381c8370972b41f8cccfdf366202', 'sha1': '215dcb72943253217e97b2e45af0083bb6453a3a', 'sha256': '2afb5108f1ef9ca17771f96177dc09f2d86af06db8d6b23ecd545fcd45ed2028'}, 'dob': {'date': '1950-09-24T08:17:19.705Z', 'age': 73}, 'registered': {'date': '2019-06-14T14:33:11.617Z', 'age': 5}, 'phone': 'I10 Y85-2658', 'cell': 'U27 O92-9961', 'id': {'name': 'SIN', 'value': '003479417'}, 'picture': {'large': 'https://randomuser.me/api/portraits/women/26.jpg', 'medium': 'https://randomuser.me/api/portraits/med/women/26.jpg', 'thumbnail': 'https://randomuser.me/api/portraits/thumb/women/26.jpg'}, 'nat': 'CA'}</msg>
<arg>${json_data['results'][0]}</arg>
<doc>Logs the given message with the given level.</doc>
<status status="PASS" start="2024-06-17T01:08:00.667253" elapsed="0.000395"/>
</kw>
<kw name="Log" owner="BuiltIn">
<msg time="2024-06-17T01:08:00.668203" level="INFO">login</msg>
<arg>${key}</arg>
<doc>Logs the given message with the given level.</doc>
<status status="PASS" start="2024-06-17T01:08:00.667952" elapsed="0.000290"/>
</kw>
<var name="${key}">login</var>
<status status="PASS" start="2024-06-17T01:08:00.666553" elapsed="0.001910"/>
</iter>
<var>${key}</var>
<value>@{expected_keys}</value>
<status status="PASS" start="2024-06-17T01:08:00.658207" elapsed="0.010380"/>
</for>
<kw name="Create List" owner="BuiltIn">
<msg time="2024-06-17T01:08:00.668956" level="INFO">${expected_keysTwo} = ['username', 'password']</msg>
<var>${expected_keysTwo}</var>
<arg>username</arg>
<arg>password</arg>
<doc>Returns a list containing given items.</doc>
<status status="PASS" start="2024-06-17T01:08:00.668815" elapsed="0.000165"/>
</kw>
<for flavor="IN">
<iter>
<kw name="Dictionary Should Contain Key" owner="Collections">
<arg>${json_data['results'][0]['login']}</arg>
<arg>${keyTwo}</arg>
<doc>Fails if ``key`` is not found from ``dictionary``.</doc>
<status status="PASS" start="2024-06-17T01:08:00.669533" elapsed="0.000389"/>
</kw>
<kw name="Dictionary Should Contain Key" owner="Collections">
<arg>${json_data['results'][0]['login']}</arg>
<arg>${keyTwo}</arg>
<doc>Fails if ``key`` is not found from ``dictionary``.</doc>
<status status="PASS" start="2024-06-17T01:08:00.670105" elapsed="0.000381"/>
</kw>
<kw name="Log" owner="BuiltIn">
<msg time="2024-06-17T01:08:00.670784" level="INFO">username</msg>
<arg>${keyTwo}</arg>
<doc>Logs the given message with the given level.</doc>
<status status="PASS" start="2024-06-17T01:08:00.670665" elapsed="0.000157"/>
</kw>
<var name="${keyTwo}">username</var>
<status status="PASS" start="2024-06-17T01:08:00.669421" elapsed="0.001624"/>
</iter>
<iter>
<kw name="Dictionary Should Contain Key" owner="Collections">
<arg>${json_data['results'][0]['login']}</arg>
<arg>${keyTwo}</arg>
<doc>Fails if ``key`` is not found from ``dictionary``.</doc>
<status status="PASS" start="2024-06-17T01:08:00.671338" elapsed="0.000382"/>
</kw>
<kw name="Dictionary Should Contain Key" owner="Collections">
<arg>${json_data['results'][0]['login']}</arg>
<arg>${keyTwo}</arg>
<doc>Fails if ``key`` is not found from ``dictionary``.</doc>
<status status="PASS" start="2024-06-17T01:08:00.671912" elapsed="0.000378"/>
</kw>
<kw name="Log" owner="BuiltIn">
<msg time="2024-06-17T01:08:00.672586" level="INFO">password</msg>
<arg>${keyTwo}</arg>
<doc>Logs the given message with the given level.</doc>
<status status="PASS" start="2024-06-17T01:08:00.672467" elapsed="0.000156"/>
</kw>
<var name="${keyTwo}">password</var>
<status status="PASS" start="2024-06-17T01:08:00.671229" elapsed="0.001622"/>
</iter>
<var>${keyTwo}</var>
<value>@{expected_keysTwo}</value>
<status status="PASS" start="2024-06-17T01:08:00.669258" elapsed="0.003717"/>
</for>
<status status="PASS" start="2024-06-17T01:08:00.555999" elapsed="0.117171"/>
</kw>
<doc>Testa a estrutura da resposta da API.</doc>
<tag>testeEstruturaResposta</tag>
<status status="PASS" start="2024-06-17T01:08:00.555281" elapsed="0.118059"/>
</test>
<test id="s1-s1-t4" name="Validar tipos de dados" line="28">
<kw name="Teste de Tipos de Dados" owner="random-user-service">
<kw name="GET On Session" owner="RequestsLibrary">
<msg time="2024-06-17T01:08:00.751511" level="INFO">GET Request : url=https://randomuser.me/api 
 path_url=/api 
 headers={'User-Agent': 'python-requests/2.32.3', 'Accept-Encoding': 'gzip, deflate', 'Accept': '*/*', 'Connection': 'keep-alive'} 
 body=None 
 </msg>
<msg time="2024-06-17T01:08:00.751622" level="INFO">GET Response : url=https://randomuser.me/api 
 status=200, reason=OK 
 headers={'Date': 'Mon, 17 Jun 2024 01:08:00 GMT', 'Content-Type': 'application/json; charset=utf-8', 'Transfer-Encoding': 'chunked', 'Connection': 'keep-alive', 'X-Powered-By': 'Express', 'Access-Control-Allow-Origin': '*', 'Cache-Control': 'no-cache', 'ETag': 'W/"4ac-TkRJAKXTgEziXAHwARTwH51/aus"', 'Vary': 'Accept-Encoding', 'Content-Encoding': 'gzip', 'CF-Cache-Status': 'DYNAMIC', 'Report-To': '{"endpoints":[{"url":"https:\\/\\/a.nel.cloudflare.com\\/report\\/v4?s=oHuKJtyfui1DAXXnspsBYp9GK0GYzBklqY1VMwrAPl90mswdxpK3lBiJhesE58T0YUHIP1QUoyRtSTaZtIEIVegyO08S95SKvJyIDvxt7Ed5%2FupSlSz9H8b8ECqn4Hlf"}],"group":"cf-nel","max_age":604800}', 'NEL': '{"success_fraction":0,"report_to":"cf-nel","max_age":604800}', 'Server': 'cloudflare', 'CF-RAY': '894f25603b6029e8-ORD', 'alt-svc': 'h3=":443"; ma=86400'} 
 body={"results":[{"gender":"male","name":{"title":"Mr","first":"Tarsício","last":"Martins"},"location":{"street":{"number":2774,"name":"Rua Tiradentes "},"city":"Araruama","state":"Distrito Federal","country":"Brazil","postcode":68889,"coordinates":{"latitude":"-77.0423","longitude":"-46.2798"},"timezone":{"offset":"-5:00","description":"Eastern Time (US &amp; Canada), Bogota, Lima"}},"email":"tarsicio.martins@example.com","login":{"uuid":"e834d03a-11be-4393-8b55-b8199af186d1","username":"goldengoose761","password":"qwerasdf","salt":"feT4oLot","md5":"a8e012b775ee74372b7b6cc90a49e3f3","sha1":"a26a89a4cfc80e2cf618498ca9c475355576b1cb","sha256":"89ebebb38cd1e72cb2024f783335628801eacc5a2b3327b10e1286836df48404"},"dob":{"date":"1973-02-08T13:21:47.158Z","age":51},"registered":{"date":"2003-11-12T00:26:44.624Z","age":20},"phone":"(56) 9053-8081","cell":"(90) 0926-1762","id":{"name":"CPF","value":"186.589.490-87"},"picture":{"large":"https://randomuser.me/api/portraits/men/59.jpg","medium":"https://randomuser.me/api/portraits/med/men/59.jpg","thumbnail":"https://randomuser.me/api/portraits/thumb/men/59.jpg"},"nat":"BR"}],"info":{"seed":"6c9e306b066d9996","results":1,"page":1,"version":"1.4"}} 
 </msg>
<msg time="2024-06-17T01:08:00.751713" level="INFO">/opt/hostedtoolcache/Python/3.12.3/x64/lib/python3.12/site-packages/urllib3/connectionpool.py:1103: InsecureRequestWarning: Unverified HTTPS request is being made to host 'randomuser.me'. Adding certificate verification is strongly advised. See: https://urllib3.readthedocs.io/en/latest/advanced-usage.html#tls-warnings
  warnings.warn(</msg>
<msg time="2024-06-17T01:08:00.751865" level="INFO">${response} = &lt;Response [200]&gt;</msg>
<var>${response}</var>
<arg>consultarAPI</arg>
<arg>/api</arg>
<doc>Sends a GET request on a previously created HTTP Session.</doc>
<status status="PASS" start="2024-06-17T01:08:00.675970" elapsed="0.075937"/>
</kw>
<kw name="Set Variable" owner="BuiltIn">
<msg time="2024-06-17T01:08:00.752955" level="INFO">${json_data} = {'results': [{'gender': 'male', 'name': {'title': 'Mr', 'first': 'Tarsício', 'last': 'Martins'}, 'location': {'street': {'number': 2774, 'name': 'Rua Tiradentes '}, 'city': 'Araruama', 'state': 'Distr...</msg>
<var>${json_data}</var>
<arg>${response.json()}</arg>
<doc>Returns the given values which can then be assigned to a variables.</doc>
<status status="PASS" start="2024-06-17T01:08:00.752428" elapsed="0.000557"/>
</kw>
<kw name="Log" owner="BuiltIn">
<msg time="2024-06-17T01:08:00.753516" level="INFO">{'results': [{'gender': 'male', 'name': {'title': 'Mr', 'first': 'Tarsício', 'last': 'Martins'}, 'location': {'street': {'number': 2774, 'name': 'Rua Tiradentes '}, 'city': 'Araruama', 'state': 'Distrito Federal', 'country': 'Brazil', 'postcode': 68889, 'coordinates': {'latitude': '-77.0423', 'longitude': '-46.2798'}, 'timezone': {'offset': '-5:00', 'description': 'Eastern Time (US &amp; Canada), Bogota, Lima'}}, 'email': 'tarsicio.martins@example.com', 'login': {'uuid': 'e834d03a-11be-4393-8b55-b8199af186d1', 'username': 'goldengoose761', 'password': 'qwerasdf', 'salt': 'feT4oLot', 'md5': 'a8e012b775ee74372b7b6cc90a49e3f3', 'sha1': 'a26a89a4cfc80e2cf618498ca9c475355576b1cb', 'sha256': '89ebebb38cd1e72cb2024f783335628801eacc5a2b3327b10e1286836df48404'}, 'dob': {'date': '1973-02-08T13:21:47.158Z', 'age': 51}, 'registered': {'date': '2003-11-12T00:26:44.624Z', 'age': 20}, 'phone': '(56) 9053-8081', 'cell': '(90) 0926-1762', 'id': {'name': 'CPF', 'value': '186.589.490-87'}, 'picture': {'large': 'https://randomuser.me/api/portraits/men/59.jpg', 'medium': 'https://randomuser.me/api/portraits/med/men/59.jpg', 'thumbnail': 'https://randomuser.me/api/portraits/thumb/men/59.jpg'}, 'nat': 'BR'}], 'info': {'seed': '6c9e306b066d9996', 'results': 1, 'page': 1, 'version': '1.4'}}</msg>
<arg>${json_data}</arg>
<doc>Logs the given message with the given level.</doc>
<status status="PASS" start="2024-06-17T01:08:00.753351" elapsed="0.000222"/>
</kw>
<kw name="Should Be String" owner="String">
<arg>${json_data['results'][0]['gender']}</arg>
<doc>Fails if the given ``item`` is not a string.</doc>
<status status="PASS" start="2024-06-17T01:08:00.753874" elapsed="0.000369"/>
</kw>
<kw name="Should Match Regexp" owner="BuiltIn">
<arg>${json_data['results'][0]['email']}</arg>
<arg>^[a-zA-Z0-9._%+-]+@[a-zA-Z0-9.-]+\.[a-zA-Z]{2,}$</arg>
<doc>Fails if ``string`` does not match ``pattern`` as a regular expression.</doc>
<status status="PASS" start="2024-06-17T01:08:00.754475" elapsed="0.000528"/>
</kw>
<kw name="Should Match Regexp" owner="BuiltIn">
<arg>${json_data['results'][0]['dob']['date']}</arg>
<arg>\\d{4}-\\d{2}-\\d{2}T\\d{2}:\\d{2}:\\d{2}\\.\\d{3}Z</arg>
<doc>Fails if ``string`` does not match ``pattern`` as a regular expression.</doc>
<status status="PASS" start="2024-06-17T01:08:00.755199" elapsed="0.000498"/>
</kw>
<kw name="Should Match Regexp" owner="BuiltIn">
<arg>${json_data['results'][0]['registered']['date']}</arg>
<arg>\\d{4}-\\d{2}-\\d{2}T\\d{2}:\\d{2}:\\d{2}\\.\\d{3}Z</arg>
<doc>Fails if ``string`` does not match ``pattern`` as a regular expression.</doc>
<status status="PASS" start="2024-06-17T01:08:00.755891" elapsed="0.000363"/>
</kw>
<kw name="Should Match Regexp" owner="BuiltIn">
<arg>${json_data['results'][0]['picture']['large']}</arg>
<arg>^https?://.*\.(?:png|jpe?g|gif|bmp)$</arg>
<doc>Fails if ``string`` does not match ``pattern`` as a regular expression.</doc>
<status status="PASS" start="2024-06-17T01:08:00.756442" elapsed="0.000471"/>
</kw>
<kw name="Should Match Regexp" owner="BuiltIn">
<arg>${json_data['results'][0]['picture']['medium']}</arg>
<arg>^https?://.*\.(?:png|jpe?g|gif|bmp)$</arg>
<doc>Fails if ``string`` does not match ``pattern`` as a regular expression.</doc>
<status status="PASS" start="2024-06-17T01:08:00.757148" elapsed="0.000360"/>
</kw>
<kw name="Should Match Regexp" owner="BuiltIn">
<arg>${json_data['results'][0]['picture']['thumbnail']}</arg>
<arg>^https?://.*\.(?:png|jpe?g|gif|bmp)$</arg>
<doc>Fails if ``string`` does not match ``pattern`` as a regular expression.</doc>
<status status="PASS" start="2024-06-17T01:08:00.757700" elapsed="0.000351"/>
</kw>
<kw name="Log" owner="BuiltIn">
<msg time="2024-06-17T01:08:00.758554" level="INFO">{'large': 'https://randomuser.me/api/portraits/men/59.jpg', 'medium': 'https://randomuser.me/api/portraits/med/men/59.jpg', 'thumbnail': 'https://randomuser.me/api/portraits/thumb/men/59.jpg'}</msg>
<arg>${json_data['results'][0]['picture']}</arg>
<doc>Logs the given message with the given level.</doc>
<status status="PASS" start="2024-06-17T01:08:00.758232" elapsed="0.000364"/>
</kw>
<status status="PASS" start="2024-06-17T01:08:00.675726" elapsed="0.083131"/>
</kw>
<kw name="Teste de Tipos de Dados - Postcode" owner="random-user-service">
<kw name="GET On Session" owner="RequestsLibrary">
<msg time="2024-06-17T01:08:00.861201" level="INFO">GET Request : url=https://randomuser.me/api 
 path_url=/api 
 headers={'User-Agent': 'python-requests/2.32.3', 'Accept-Encoding': 'gzip, deflate', 'Accept': '*/*', 'Connection': 'keep-alive'} 
 body=None 
 </msg>
<msg time="2024-06-17T01:08:00.861327" level="INFO">GET Response : url=https://randomuser.me/api 
 status=200, reason=OK 
 headers={'Date': 'Mon, 17 Jun 2024 01:08:00 GMT', 'Content-Type': 'application/json; charset=utf-8', 'Transfer-Encoding': 'chunked', 'Connection': 'keep-alive', 'X-Powered-By': 'Express', 'Access-Control-Allow-Origin': '*', 'Cache-Control': 'no-cache', 'ETag': 'W/"4ac-j81KLsiPnlOF+BDbBtiU/YtEqks"', 'Vary': 'Accept-Encoding', 'Content-Encoding': 'gzip', 'CF-Cache-Status': 'DYNAMIC', 'Report-To': '{"endpoints":[{"url":"https:\\/\\/a.nel.cloudflare.com\\/report\\/v4?s=ZacrDzUl7LpaA%2BxDorhqYjkOMdRTYJF5M4Mcum3keJkoWdE49m9QFg3VtZa9EJ8bzaC%2BsS%2BQYILON1djSR2%2FB6a9xtMAEKVR5%2BHK7NOUCUj7CvwgGnzF7BbkFHwshmYw"}],"group":"cf-nel","max_age":604800}', 'NEL': '{"success_fraction":0,"report_to":"cf-nel","max_age":604800}', 'Server': 'cloudflare', 'CF-RAY': '894f2560cc1129e8-ORD', 'alt-svc': 'h3=":443"; ma=86400'} 
 body={"results":[{"gender":"male","name":{"title":"Mr","first":"اميرعلي","last":"سالاری"},"location":{"street":{"number":146,"name":"شهید اکبر وصالی"},"city":"بندرعباس","state":"خراسان رضوی","country":"Iran","postcode":26153,"coordinates":{"latitude":"15.9867","longitude":"-142.6312"},"timezone":{"offset":"+9:00","description":"Tokyo, Seoul, Osaka, Sapporo, Yakutsk"}},"email":"myraaly.slry@example.com","login":{"uuid":"34e06452-6d20-4e08-a2b0-7a9af2654d47","username":"sadbear510","password":"big1","salt":"x2ja4aIO","md5":"849fbc6eb1c6c82427fc78833d1fa31c","sha1":"fb7fe303382e6d17d656fe037bc6a79dfcb0f4cc","sha256":"959b13fbe09170831250e3fd3ba6f344ea3013a4864190a6a301b53bd11b17ae"},"dob":{"date":"1983-02-04T16:17:19.736Z","age":41},"registered":{"date":"2014-02-12T03:45:35.490Z","age":10},"phone":"091-33283498","cell":"0983-120-7008","id":{"name":"","value":null},"picture":{"large":"https://randomuser.me/api/portraits/men/67.jpg","medium":"https://randomuser.me/api/portraits/med/men/67.jpg","thumbnail":"https://randomuser.me/api/portraits/thumb/men/67.jpg"},"nat":"IR"}],"info":{"seed":"1b54b0cf745c247d","results":1,"page":1,"version":"1.4"}} 
 </msg>
<msg time="2024-06-17T01:08:00.861431" level="INFO">/opt/hostedtoolcache/Python/3.12.3/x64/lib/python3.12/site-packages/urllib3/connectionpool.py:1103: InsecureRequestWarning: Unverified HTTPS request is being made to host 'randomuser.me'. Adding certificate verification is strongly advised. See: https://urllib3.readthedocs.io/en/latest/advanced-usage.html#tls-warnings
  warnings.warn(</msg>
<msg time="2024-06-17T01:08:00.861574" level="INFO">${response} = &lt;Response [200]&gt;</msg>
<var>${response}</var>
<arg>consultarAPI</arg>
<arg>/api</arg>
<doc>Sends a GET request on a previously created HTTP Session.</doc>
<status status="PASS" start="2024-06-17T01:08:00.759336" elapsed="0.102281"/>
</kw>
<kw name="Set Variable" owner="BuiltIn">
<msg time="2024-06-17T01:08:00.862717" level="INFO">${json_data} = {'results': [{'gender': 'male', 'name': {'title': 'Mr', 'first': 'اميرعلي', 'last': 'سالاری'}, 'location': {'street': {'number': 146, 'name': 'شهید اکبر وصالی'}, 'city': 'بندرعباس', 'state': 'خراسان ر...</msg>
<var>${json_data}</var>
<arg>${response.json()}</arg>
<doc>Returns the given values which can then be assigned to a variables.</doc>
<status status="PASS" start="2024-06-17T01:08:00.862146" elapsed="0.000602"/>
</kw>
<kw name="Log" owner="BuiltIn">
<msg time="2024-06-17T01:08:00.863241" level="INFO">{'results': [{'gender': 'male', 'name': {'title': 'Mr', 'first': 'اميرعلي', 'last': 'سالاری'}, 'location': {'street': {'number': 146, 'name': 'شهید اکبر وصالی'}, 'city': 'بندرعباس', 'state': 'خراسان رضوی', 'country': 'Iran', 'postcode': 26153, 'coordinates': {'latitude': '15.9867', 'longitude': '-142.6312'}, 'timezone': {'offset': '+9:00', 'description': 'Tokyo, Seoul, Osaka, Sapporo, Yakutsk'}}, 'email': 'myraaly.slry@example.com', 'login': {'uuid': '34e06452-6d20-4e08-a2b0-7a9af2654d47', 'username': 'sadbear510', 'password': 'big1', 'salt': 'x2ja4aIO', 'md5': '849fbc6eb1c6c82427fc78833d1fa31c', 'sha1': 'fb7fe303382e6d17d656fe037bc6a79dfcb0f4cc', 'sha256': '959b13fbe09170831250e3fd3ba6f344ea3013a4864190a6a301b53bd11b17ae'}, 'dob': {'date': '1983-02-04T16:17:19.736Z', 'age': 41}, 'registered': {'date': '2014-02-12T03:45:35.490Z', 'age': 10}, 'phone': '091-33283498', 'cell': '0983-120-7008', 'id': {'name': '', 'value': None}, 'picture': {'large': 'https://randomuser.me/api/portraits/men/67.jpg', 'medium': 'https://randomuser.me/api/portraits/med/men/67.jpg', 'thumbnail': 'https://randomuser.me/api/portraits/thumb/men/67.jpg'}, 'nat': 'IR'}], 'info': {'seed': '1b54b0cf745c247d', 'results': 1, 'page': 1, 'version': '1.4'}}</msg>
<arg>${json_data}</arg>
<doc>Logs the given message with the given level.</doc>
<status status="PASS" start="2024-06-17T01:08:00.863073" elapsed="0.000219"/>
</kw>
<kw name="Should Be Equal As Numbers" owner="BuiltIn">
<arg>${json_data['results'][0]['location']['postcode']}</arg>
<arg>${json_data['results'][0]['location']['postcode']}</arg>
<doc>Fails if objects are unequal after converting them to real numbers.</doc>
<status status="PASS" start="2024-06-17T01:08:00.863599" elapsed="0.000624"/>
</kw>
<kw name="Log" owner="BuiltIn">
<msg time="2024-06-17T01:08:00.864789" level="INFO">26153</msg>
<arg>${json_data['results'][0]['location']['postcode']}</arg>
<doc>Logs the given message with the given level.</doc>
<status status="PASS" start="2024-06-17T01:08:00.864452" elapsed="0.000377"/>
</kw>
<status status="PASS" start="2024-06-17T01:08:00.759095" elapsed="0.106034"/>
</kw>
<doc>Testa se os tipos de dados na resposta da API estão corretos.</doc>
<tag>testeTiposDados</tag>
<status status="PASS" start="2024-06-17T01:08:00.675100" elapsed="0.190211"/>
</test>
<test id="s1-s1-t5" name="Validar conteudo" line="35">
<kw name="Teste de Tipos de Conteudo" owner="random-user-service">
<kw name="GET On Session" owner="RequestsLibrary">
<msg time="2024-06-17T01:08:00.961262" level="INFO">GET Request : url=https://randomuser.me/api 
 path_url=/api 
 headers={'User-Agent': 'python-requests/2.32.3', 'Accept-Encoding': 'gzip, deflate', 'Accept': '*/*', 'Connection': 'keep-alive'} 
 body=None 
 </msg>
<msg time="2024-06-17T01:08:00.961368" level="INFO">GET Response : url=https://randomuser.me/api 
 status=200, reason=OK 
 headers={'Date': 'Mon, 17 Jun 2024 01:08:00 GMT', 'Content-Type': 'application/json; charset=utf-8', 'Transfer-Encoding': 'chunked', 'Connection': 'keep-alive', 'X-Powered-By': 'Express', 'Access-Control-Allow-Origin': '*', 'Cache-Control': 'no-cache', 'ETag': 'W/"494-xBJSkWxTb0kDj9EPVLcVYG3w8Yo"', 'Vary': 'Accept-Encoding', 'Content-Encoding': 'gzip', 'CF-Cache-Status': 'DYNAMIC', 'Report-To': '{"endpoints":[{"url":"https:\\/\\/a.nel.cloudflare.com\\/report\\/v4?s=0gfDKOS3sL%2B8rDSMLmFYfu3P5MJvwsN0MBMTDNg6zM0PkXZEugysWl9tudOwihazp9Bah65UpqRjOFPCMDRshK5B7Fn1nf9e9QESITU3duZSZzdVBNbqrTINx9r7hm8U"}],"group":"cf-nel","max_age":604800}', 'NEL': '{"success_fraction":0,"report_to":"cf-nel","max_age":604800}', 'Server': 'cloudflare', 'CF-RAY': '894f25617cc829e8-ORD', 'alt-svc': 'h3=":443"; ma=86400'} 
 body={"results":[{"gender":"male","name":{"title":"Mr","first":"Chris","last":"Cole"},"location":{"street":{"number":4115,"name":"Oaks Cross"},"city":"Oxford","state":"County Antrim","country":"United Kingdom","postcode":"LB0I 6FP","coordinates":{"latitude":"-5.7251","longitude":"-159.2097"},"timezone":{"offset":"+5:30","description":"Bombay, Calcutta, Madras, New Delhi"}},"email":"chris.cole@example.com","login":{"uuid":"22b69a23-327e-4a1f-80d0-396ba440cd05","username":"smallbear282","password":"1979","salt":"ljD5Qg9V","md5":"b1ae05d0b218a96da9ae88ab090c0e36","sha1":"b4435049588ee5b848fce0807578d4efddb3993d","sha256":"a73f14e291bff07dfd4133ecae0ad82a03420496e5a4bba2044f333e6308ea52"},"dob":{"date":"1979-06-19T13:50:57.206Z","age":44},"registered":{"date":"2010-10-24T03:25:01.915Z","age":13},"phone":"029 4036 8526","cell":"07743 436970","id":{"name":"NINO","value":"ER 35 92 59 W"},"picture":{"large":"https://randomuser.me/api/portraits/men/70.jpg","medium":"https://randomuser.me/api/portraits/med/men/70.jpg","thumbnail":"https://randomuser.me/api/portraits/thumb/men/70.jpg"},"nat":"GB"}],"info":{"seed":"2b20dc7d0ca47942","results":1,"page":1,"version":"1.4"}} 
 </msg>
<msg time="2024-06-17T01:08:00.961474" level="INFO">/opt/hostedtoolcache/Python/3.12.3/x64/lib/python3.12/site-packages/urllib3/connectionpool.py:1103: InsecureRequestWarning: Unverified HTTPS request is being made to host 'randomuser.me'. Adding certificate verification is strongly advised. See: https://urllib3.readthedocs.io/en/latest/advanced-usage.html#tls-warnings
  warnings.warn(</msg>
<msg time="2024-06-17T01:08:00.961616" level="INFO">${response} = &lt;Response [200]&gt;</msg>
<var>${response}</var>
<arg>consultarAPI</arg>
<arg>/api</arg>
<doc>Sends a GET request on a previously created HTTP Session.</doc>
<status status="PASS" start="2024-06-17T01:08:00.867879" elapsed="0.093780"/>
</kw>
<kw name="Set Variable" owner="BuiltIn">
<msg time="2024-06-17T01:08:00.962944" level="INFO">${json_data} = {'results': [{'gender': 'male', 'name': {'title': 'Mr', 'first': 'Chris', 'last': 'Cole'}, 'location': {'street': {'number': 4115, 'name': 'Oaks Cross'}, 'city': 'Oxford', 'state': 'County Antrim', 'c...</msg>
<var>${json_data}</var>
<arg>${response.json()}</arg>
<doc>Returns the given values which can then be assigned to a variables.</doc>
<status status="PASS" start="2024-06-17T01:08:00.962300" elapsed="0.000673"/>
</kw>
<kw name="Set Variable" owner="BuiltIn">
<msg time="2024-06-17T01:08:00.963682" level="INFO">${name_title} = Mr</msg>
<var>${name_title}</var>
<arg>${json_data["results"][0]["name"]["title"]}</arg>
<doc>Returns the given values which can then be assigned to a variables.</doc>
<status status="PASS" start="2024-06-17T01:08:00.963289" elapsed="0.000418"/>
</kw>
<kw name="Create List" owner="BuiltIn">
<msg time="2024-06-17T01:08:00.964167" level="INFO">${allowed_titles} = ['Mr', 'Ms', 'Miss', 'Mrs', 'Madame', 'Monsieur']</msg>
<var>${allowed_titles}</var>
<arg>Mr</arg>
<arg>Ms</arg>
<arg>Miss</arg>
<arg>Mrs</arg>
<arg>Madame</arg>
<arg>Monsieur</arg>
<doc>Returns a list containing given items.</doc>
<status status="PASS" start="2024-06-17T01:08:00.964018" elapsed="0.000173"/>
</kw>
<kw name="List Should Contain Value" owner="Collections">
<arg>${allowed_titles}</arg>
<arg>${name_title}</arg>
<doc>Fails if the ``value`` is not found from ``list``.</doc>
<status status="PASS" start="2024-06-17T01:08:00.964500" elapsed="0.000183"/>
</kw>
<kw name="Set Variable" owner="BuiltIn">
<msg time="2024-06-17T01:08:00.965294" level="INFO">${name_country} = GB</msg>
<var>${name_country}</var>
<arg>${json_data["results"][0]["nat"]}</arg>
<doc>Returns the given values which can then be assigned to a variables.</doc>
<status status="PASS" start="2024-06-17T01:08:00.964867" elapsed="0.000453"/>
</kw>
<kw name="Create List" owner="BuiltIn">
<msg time="2024-06-17T01:08:00.966212" level="INFO">${list_country} = ['AD', 'AE', 'AF', 'AG', 'AI', 'AL', 'AM', 'AO', 'AQ', 'AR', 'AS', 'AT', 'AU', 'AW', 'AX', 'AZ', 'BA', 'BB', 'BD', 'BE', 'BF', 'BG', 'BH', 'BI', 'BJ', 'BL', 'BM', 'BN', 'BO', 'BQ', 'BR', 'BS', 'BT', '...</msg>
<var>${list_country}</var>
<arg>AD</arg>
<arg>AE</arg>
<arg>AF</arg>
<arg>AG</arg>
<arg>AI</arg>
<arg>AL</arg>
<arg>AM</arg>
<arg>AO</arg>
<arg>AQ</arg>
<arg>AR</arg>
<arg>AS</arg>
<arg>AT</arg>
<arg>AU</arg>
<arg>AW</arg>
<arg>AX</arg>
<arg>AZ</arg>
<arg>BA</arg>
<arg>BB</arg>
<arg>BD</arg>
<arg>BE</arg>
<arg>BF</arg>
<arg>BG</arg>
<arg>BH</arg>
<arg>BI</arg>
<arg>BJ</arg>
<arg>BL</arg>
<arg>BM</arg>
<arg>BN</arg>
<arg>BO</arg>
<arg>BQ</arg>
<arg>BR</arg>
<arg>BS</arg>
<arg>BT</arg>
<arg>BV</arg>
<arg>BW</arg>
<arg>BY</arg>
<arg>BZ</arg>
<arg>CA</arg>
<arg>CC</arg>
<arg>CD</arg>
<arg>CF</arg>
<arg>CG</arg>
<arg>CH</arg>
<arg>CI</arg>
<arg>CK</arg>
<arg>CL</arg>
<arg>CM</arg>
<arg>CN</arg>
<arg>CO</arg>
<arg>CR</arg>
<arg>CU</arg>
<arg>CV</arg>
<arg>CW</arg>
<arg>CX</arg>
<arg>CY</arg>
<arg>CZ</arg>
<arg>DE</arg>
<arg>DJ</arg>
<arg>DK</arg>
<arg>DM</arg>
<arg>DO</arg>
<arg>DZ</arg>
<arg>EC</arg>
<arg>EE</arg>
<arg>EG</arg>
<arg>EH</arg>
<arg>ER</arg>
<arg>ES</arg>
<arg>ET</arg>
<arg>FI</arg>
<arg>FJ</arg>
<arg>FK</arg>
<arg>FM</arg>
<arg>FO</arg>
<arg>FR</arg>
<arg>GA</arg>
<arg>GB</arg>
<arg>GD</arg>
<arg>GE</arg>
<arg>GF</arg>
<arg>GG</arg>
<arg>GH</arg>
<arg>GI</arg>
<arg>GL</arg>
<arg>GM</arg>
<arg>GN</arg>
<arg>GP</arg>
<arg>GQ</arg>
<arg>GR</arg>
<arg>GS</arg>
<arg>GT</arg>
<arg>GU</arg>
<arg>GW</arg>
<arg>GY</arg>
<arg>HK</arg>
<arg>HM</arg>
<arg>HN</arg>
<arg>HR</arg>
<arg>HT</arg>
<arg>HU</arg>
<arg>ID</arg>
<arg>IE</arg>
<arg>IL</arg>
<arg>IM</arg>
<arg>IN</arg>
<arg>IO</arg>
<arg>IQ</arg>
<arg>IR</arg>
<arg>IS</arg>
<arg>IT</arg>
<arg>JE</arg>
<arg>JM</arg>
<arg>JO</arg>
<arg>JP</arg>
<arg>KE</arg>
<arg>KG</arg>
<arg>KH</arg>
<arg>KI</arg>
<arg>KM</arg>
<arg>KN</arg>
<arg>KP</arg>
<arg>KR</arg>
<arg>KW</arg>
<arg>KY</arg>
<arg>KZ</arg>
<arg>LA</arg>
<arg>LB</arg>
<arg>LC</arg>
<arg>LI</arg>
<arg>LK</arg>
<arg>LR</arg>
<arg>LS</arg>
<arg>LT</arg>
<arg>LU</arg>
<arg>LV</arg>
<arg>LY</arg>
<arg>MA</arg>
<arg>MC</arg>
<arg>MD</arg>
<arg>ME</arg>
<arg>MF</arg>
<arg>MG</arg>
<arg>MH</arg>
<arg>MK</arg>
<arg>ML</arg>
<arg>MM</arg>
<arg>MN</arg>
<arg>MO</arg>
<arg>MP</arg>
<arg>MQ</arg>
<arg>MR</arg>
<arg>MS</arg>
<arg>MT</arg>
<arg>MU</arg>
<arg>MV</arg>
<arg>MW</arg>
<arg>MX</arg>
<arg>MY</arg>
<arg>MZ</arg>
<arg>NA</arg>
<arg>NC</arg>
<arg>NE</arg>
<arg>NF</arg>
<arg>NG</arg>
<arg>NI</arg>
<arg>NL</arg>
<arg>NO</arg>
<arg>NP</arg>
<arg>NR</arg>
<arg>NU</arg>
<arg>NZ</arg>
<arg>OM</arg>
<arg>PA</arg>
<arg>PE</arg>
<arg>PF</arg>
<arg>PG</arg>
<arg>PH</arg>
<arg>PK</arg>
<arg>PL</arg>
<arg>PM</arg>
<arg>PN</arg>
<arg>PR</arg>
<arg>PS</arg>
<arg>PT</arg>
<arg>PW</arg>
<arg>PY</arg>
<arg>QA</arg>
<arg>RE</arg>
<arg>RO</arg>
<arg>RS</arg>
<arg>RU</arg>
<arg>RW</arg>
<arg>SA</arg>
<arg>SB</arg>
<arg>SC</arg>
<arg>SD</arg>
<arg>SE</arg>
<arg>SG</arg>
<arg>SH</arg>
<arg>SI</arg>
<arg>SJ</arg>
<arg>SK</arg>
<arg>SL</arg>
<arg>SM</arg>
<arg>SN</arg>
<arg>SO</arg>
<arg>SR</arg>
<arg>SS</arg>
<arg>ST</arg>
<arg>SV</arg>
<arg>SX</arg>
<arg>SY</arg>
<arg>SZ</arg>
<arg>TC</arg>
<arg>TD</arg>
<arg>TF</arg>
<arg>TG</arg>
<arg>TH</arg>
<arg>TJ</arg>
<arg>TK</arg>
<arg>TL</arg>
<arg>TM</arg>
<arg>TN</arg>
<arg>TO</arg>
<arg>TR</arg>
<arg>TT</arg>
<arg>TV</arg>
<arg>TW</arg>
<arg>TZ</arg>
<arg>UA</arg>
<arg>UG</arg>
<arg>UM</arg>
<arg>US</arg>
<arg>UY</arg>
<arg>UZ</arg>
<arg>VA</arg>
<arg>VC</arg>
<arg>VE</arg>
<arg>VG</arg>
<arg>VI</arg>
<arg>VN</arg>
<arg>VU</arg>
<arg>WF</arg>
<arg>WS</arg>
<arg>XK</arg>
<arg>YE</arg>
<arg>YT</arg>
<arg>ZA</arg>
<arg>ZM</arg>
<arg>ZW</arg>
<doc>Returns a list containing given items.</doc>
<status status="PASS" start="2024-06-17T01:08:00.965619" elapsed="0.000618"/>
</kw>
<kw name="List Should Contain Value" owner="Collections">
<arg>${list_country}</arg>
<arg>${name_country}</arg>
<doc>Fails if the ``value`` is not found from ``list``.</doc>
<status status="PASS" start="2024-06-17T01:08:00.967032" elapsed="0.000208"/>
</kw>
<kw name="Run Keyword If" owner="BuiltIn">
<kw name="Should Be True" owner="BuiltIn">
<arg>${True}</arg>
<doc>Fails if the given condition is not true.</doc>
<status status="PASS" start="2024-06-17T01:08:00.968346" elapsed="0.000145"/>
</kw>
<arg>${json_data["results"][0]["location"]["coordinates"]["latitude"]} &gt;= -90 and ${json_data["results"][0]["location"]["coordinates"]["latitude"]} &lt;= 90</arg>
<arg>Should Be True</arg>
<arg>${True}</arg>
<doc>Runs the given keyword with the given arguments, if ``condition`` is true.</doc>
<status status="PASS" start="2024-06-17T01:08:00.967445" elapsed="0.001173"/>
</kw>
<kw name="Run Keyword If" owner="BuiltIn">
<kw name="Should Be True" owner="BuiltIn">
<arg>${True}</arg>
<doc>Fails if the given condition is not true.</doc>
<status status="PASS" start="2024-06-17T01:08:00.969535" elapsed="0.000142"/>
</kw>
<arg>${json_data["results"][0]["location"]["coordinates"]["longitude"]} &gt;= -180 and ${json_data["results"][0]["location"]["coordinates"]["longitude"]} &lt;= 180</arg>
<arg>Should Be True</arg>
<arg>${True}</arg>
<doc>Runs the given keyword with the given arguments, if ``condition`` is true.</doc>
<status status="PASS" start="2024-06-17T01:08:00.968800" elapsed="0.001004"/>
</kw>
<status status="PASS" start="2024-06-17T01:08:00.867645" elapsed="0.102292"/>
</kw>
<doc>Testa o conteúdo específico dos campos retornados pela API.</doc>
<tag>testeConteudo</tag>
<status status="PASS" start="2024-06-17T01:08:00.867097" elapsed="0.102992"/>
</test>
<status status="PASS" start="2024-06-17T01:08:00.099652" elapsed="0.872437"/>
</suite>
<status status="PASS" start="2024-06-17T01:08:00.085158" elapsed="0.892320"/>
</suite>
<statistics>
<total>
<stat pass="5" fail="0" skip="0">All Tests</stat>
</total>
<tag>
<stat pass="1" fail="0" skip="0">testeConteudo</stat>
<stat pass="1" fail="0" skip="0">testeEstruturaResposta</stat>
<stat pass="1" fail="0" skip="0">testeRequisicaoBasica</stat>
<stat pass="1" fail="0" skip="0">testeTiposDados</stat>
</tag>
<suite>
<stat pass="5" fail="0" skip="0" id="s1" name="Tests">Tests</stat>
<stat pass="5" fail="0" skip="0" id="s1-s1" name="Random-User-Test">Tests.Random-User-Test</stat>
</suite>
</statistics>
<errors>
</errors>
</robot>
