<?xml version="1.0" encoding="UTF-8"?>
<robot generator="Robot 7.0 (Python 3.12.3 on linux)" generated="2024-06-05T03:18:36.530561" rpa="false" schemaversion="5">
<suite id="s1" name="Tests" source="/home/runner/work/ApiRandomUser/ApiRandomUser/RamdonUser/tests">
<suite id="s1-s1" name="Random-User-Test" source="/home/runner/work/ApiRandomUser/ApiRandomUser/RamdonUser/tests/random-user-test.robot">
<test id="s1-s1-t1" name="Conectar" line="13">
<kw name="Conectar API" owner="random-user-service">
<kw name="Create Session" owner="RequestsLibrary">
<msg time="2024-06-05T03:18:36.911024" level="INFO">Creating Session using : alias=consultarAPI, url=https://randomuser.me/, headers={},                     cookies={}, auth=None, timeout=None, proxies=None, verify=False,                     debug=0 </msg>
<arg>consultarAPI</arg>
<arg>${URL}</arg>
<doc>Create Session: create a HTTP session to a server</doc>
<status status="PASS" start="2024-06-05T03:18:36.910830" elapsed="0.000397"/>
</kw>
<status status="PASS" start="2024-06-05T03:18:36.909892" elapsed="0.001687"/>
</kw>
<status status="PASS" start="2024-06-05T03:18:36.909296" elapsed="0.002476"/>
</test>
<test id="s1-s1-t2" name="Validar retorno 200 e JSON Válido" line="16">
<kw name="Teste de Requisicao Basica" owner="random-user-service">
<kw name="GET On Session" owner="RequestsLibrary">
<msg time="2024-06-05T03:18:37.076589" level="INFO">GET Request : url=https://randomuser.me/api 
 path_url=/api 
 headers={'User-Agent': 'python-requests/2.32.3', 'Accept-Encoding': 'gzip, deflate', 'Accept': '*/*', 'Connection': 'keep-alive'} 
 body=None 
 </msg>
<msg time="2024-06-05T03:18:37.076722" level="INFO">GET Response : url=https://randomuser.me/api 
 status=200, reason=OK 
 headers={'Date': 'Wed, 05 Jun 2024 03:18:37 GMT', 'Content-Type': 'application/json; charset=utf-8', 'Transfer-Encoding': 'chunked', 'Connection': 'keep-alive', 'X-Powered-By': 'Express', 'Access-Control-Allow-Origin': '*', 'Cache-Control': 'no-cache', 'ETag': 'W/"47d-wWDn8z5HMKKfawzvUQ6nfZDNvlU"', 'Vary': 'Accept-Encoding', 'Content-Encoding': 'gzip', 'CF-Cache-Status': 'DYNAMIC', 'Report-To': '{"endpoints":[{"url":"https:\\/\\/a.nel.cloudflare.com\\/report\\/v4?s=GKVjmjh%2BHlbG%2BRZfoLKkRm%2F51tqhDtVdfpFv%2FnkC3KSPpqLiKadUtsC6jfNTVhBTAzsAnhWNU4xZDIphBh41T1%2Fcz1q%2FaH6mNwpPLt%2FcBnkrp6o49Syv4ENX2visB85w"}],"group":"cf-nel","max_age":604800}', 'NEL': '{"success_fraction":0,"report_to":"cf-nel","max_age":604800}', 'Server': 'cloudflare', 'CF-RAY': '88ed043109697e70-LAX', 'alt-svc': 'h3=":443"; ma=86400'} 
 body={"results":[{"gender":"female","name":{"title":"Miss","first":"Juana","last":"Álvarez"},"location":{"street":{"number":6299,"name":"Avenida de América"},"city":"Cartagena","state":"Canarias","country":"Spain","postcode":84691,"coordinates":{"latitude":"-34.9900","longitude":"27.7860"},"timezone":{"offset":"+5:45","description":"Kathmandu"}},"email":"juana.alvarez@example.com","login":{"uuid":"701ba023-d2e7-4550-9c8e-26a68dc7ca00","username":"whitedog437","password":"karina","salt":"k6Bvta2X","md5":"6012448653184f1848f2f39e3072ed14","sha1":"22bc062a459051cd4a253edf90a47ca2e1e61609","sha256":"022fe61d84f111084550c49d60e1849c9ebd1a6c111fcb5f194356fdd8fa2be9"},"dob":{"date":"1982-03-07T18:29:25.602Z","age":42},"registered":{"date":"2010-03-16T12:56:09.764Z","age":14},"phone":"988-486-004","cell":"627-815-654","id":{"name":"DNI","value":"23922838-Z"},"picture":{"large":"https://randomuser.me/api/portraits/women/53.jpg","medium":"https://randomuser.me/api/portraits/med/women/53.jpg","thumbnail":"https://randomuser.me/api/portraits/thumb/women/53.jpg"},"nat":"ES"}],"info":{"seed":"e8f4056d4558a85f","results":1,"page":1,"version":"1.4"}} 
 </msg>
<msg time="2024-06-05T03:18:37.076803" level="INFO">/opt/hostedtoolcache/Python/3.12.3/x64/lib/python3.12/site-packages/urllib3/connectionpool.py:1103: InsecureRequestWarning: Unverified HTTPS request is being made to host 'randomuser.me'. Adding certificate verification is strongly advised. See: https://urllib3.readthedocs.io/en/latest/advanced-usage.html#tls-warnings
  warnings.warn(</msg>
<msg time="2024-06-05T03:18:37.076931" level="INFO">${response} = &lt;Response [200]&gt;</msg>
<var>${response}</var>
<arg>consultarAPI</arg>
<arg>/api</arg>
<doc>Sends a GET request on a previously created HTTP Session.</doc>
<status status="PASS" start="2024-06-05T03:18:36.914447" elapsed="0.162525"/>
</kw>
<kw name="Should Be Equal As Numbers" owner="BuiltIn">
<msg time="2024-06-05T03:18:37.077874" level="INFO">Argument types are:
&lt;class 'int'&gt;
&lt;class 'str'&gt;</msg>
<arg>${response.status_code}</arg>
<arg>200</arg>
<doc>Fails if objects are unequal after converting them to real numbers.</doc>
<status status="PASS" start="2024-06-05T03:18:37.077435" elapsed="0.000505"/>
</kw>
<kw name="Log" owner="BuiltIn">
<msg time="2024-06-05T03:18:37.078652" level="INFO">200</msg>
<arg>${response.status_code}</arg>
<doc>Logs the given message with the given level.</doc>
<status status="PASS" start="2024-06-05T03:18:37.078291" elapsed="0.000408"/>
</kw>
<kw name="Set Variable" owner="BuiltIn">
<msg time="2024-06-05T03:18:37.079507" level="INFO">${json_data} = {'results': [{'gender': 'female', 'name': {'title': 'Miss', 'first': 'Juana', 'last': 'Álvarez'}, 'location': {'street': {'number': 6299, 'name': 'Avenida de América'}, 'city': 'Cartagena', 'state': '...</msg>
<var>${json_data}</var>
<arg>${response.json()}</arg>
<doc>Returns the given values which can then be assigned to a variables.</doc>
<status status="PASS" start="2024-06-05T03:18:37.079012" elapsed="0.000526"/>
</kw>
<kw name="Dictionary Should Contain Key" owner="Collections">
<msg time="2024-06-05T03:18:37.080022" level="INFO">False</msg>
<arg>${json_data}</arg>
<arg>results</arg>
<doc>Fails if ``key`` is not found from ``dictionary``.</doc>
<status status="PASS" start="2024-06-05T03:18:37.079851" elapsed="0.000211"/>
</kw>
<status status="PASS" start="2024-06-05T03:18:36.914206" elapsed="0.166119"/>
</kw>
<doc>Testa se a API responde corretamente e retorna um objeto JSON válido.</doc>
<tag>testeRequisicaoBasica</tag>
<status status="PASS" start="2024-06-05T03:18:36.913664" elapsed="0.166843"/>
</test>
<test id="s1-s1-t3" name="Validar estrutura de resposta" line="22">
<kw name="Teste de Estrutura de Resposta" owner="random-user-service">
<kw name="GET On Session" owner="RequestsLibrary">
<msg time="2024-06-05T03:18:37.183561" level="INFO">GET Request : url=https://randomuser.me/api 
 path_url=/api 
 headers={'User-Agent': 'python-requests/2.32.3', 'Accept-Encoding': 'gzip, deflate', 'Accept': '*/*', 'Connection': 'keep-alive'} 
 body=None 
 </msg>
<msg time="2024-06-05T03:18:37.183645" level="INFO">GET Response : url=https://randomuser.me/api 
 status=200, reason=OK 
 headers={'Date': 'Wed, 05 Jun 2024 03:18:37 GMT', 'Content-Type': 'application/json; charset=utf-8', 'Transfer-Encoding': 'chunked', 'Connection': 'keep-alive', 'X-Powered-By': 'Express', 'Access-Control-Allow-Origin': '*', 'Cache-Control': 'no-cache', 'ETag': 'W/"471-neqRNFQETaWUr5ce8C0w71lscDg"', 'Vary': 'Accept-Encoding', 'Content-Encoding': 'gzip', 'CF-Cache-Status': 'DYNAMIC', 'Report-To': '{"endpoints":[{"url":"https:\\/\\/a.nel.cloudflare.com\\/report\\/v4?s=u1SWUIoigG58ULiN3pooK6TBiQjdNLy7W0dcLASsIsZiJ6VZm9n1XlYE5qh1Tqo3EkT5LHDCpzhMfp3QskH326qbZnoGTgqEG88qLHifkDV7lnSDTXJdvj94uaF2YEj2"}],"group":"cf-nel","max_age":604800}', 'NEL': '{"success_fraction":0,"report_to":"cf-nel","max_age":604800}', 'Server': 'cloudflare', 'CF-RAY': '88ed0431ca467e70-LAX', 'alt-svc': 'h3=":443"; ma=86400'} 
 body={"results":[{"gender":"male","name":{"title":"Mr","first":"Felix","last":"Christoffersen"},"location":{"street":{"number":4842,"name":"Bergensgata"},"city":"Krossen","state":"Trøndelag","country":"Norway","postcode":"7100","coordinates":{"latitude":"44.4523","longitude":"-4.5441"},"timezone":{"offset":"+3:30","description":"Tehran"}},"email":"felix.christoffersen@example.com","login":{"uuid":"429706d7-09f7-4003-b6c0-a2af4b89d62b","username":"silverbear710","password":"hippie","salt":"aJ0Eadp9","md5":"05fcf75334b14a9ee98be114adf448af","sha1":"2d75b0431268be6d54588a7459beae60d9a51cd8","sha256":"a52c5540b9ee46d23eaf8002852f5643e0de1520a12382a7f7bdc7f1e8524694"},"dob":{"date":"1952-07-25T07:28:23.340Z","age":71},"registered":{"date":"2014-12-17T02:30:24.136Z","age":9},"phone":"37558417","cell":"91376682","id":{"name":"FN","value":"25075205522"},"picture":{"large":"https://randomuser.me/api/portraits/men/95.jpg","medium":"https://randomuser.me/api/portraits/med/men/95.jpg","thumbnail":"https://randomuser.me/api/portraits/thumb/men/95.jpg"},"nat":"NO"}],"info":{"seed":"e948ff1e2a293d40","results":1,"page":1,"version":"1.4"}} 
 </msg>
<msg time="2024-06-05T03:18:37.183767" level="INFO">/opt/hostedtoolcache/Python/3.12.3/x64/lib/python3.12/site-packages/urllib3/connectionpool.py:1103: InsecureRequestWarning: Unverified HTTPS request is being made to host 'randomuser.me'. Adding certificate verification is strongly advised. See: https://urllib3.readthedocs.io/en/latest/advanced-usage.html#tls-warnings
  warnings.warn(</msg>
<msg time="2024-06-05T03:18:37.183889" level="INFO">${response} = &lt;Response [200]&gt;</msg>
<var>${response}</var>
<arg>consultarAPI</arg>
<arg>/api</arg>
<doc>Sends a GET request on a previously created HTTP Session.</doc>
<status status="PASS" start="2024-06-05T03:18:37.083265" elapsed="0.100676"/>
</kw>
<kw name="Set Variable" owner="BuiltIn">
<msg time="2024-06-05T03:18:37.185139" level="INFO">${json_data} = {'results': [{'gender': 'male', 'name': {'title': 'Mr', 'first': 'Felix', 'last': 'Christoffersen'}, 'location': {'street': {'number': 4842, 'name': 'Bergensgata'}, 'city': 'Krossen', 'state': 'Trønde...</msg>
<var>${json_data}</var>
<arg>${response.json()}</arg>
<doc>Returns the given values which can then be assigned to a variables.</doc>
<status status="PASS" start="2024-06-05T03:18:37.184506" elapsed="0.000666"/>
</kw>
<kw name="Log" owner="BuiltIn">
<msg time="2024-06-05T03:18:37.185663" level="INFO">{'results': [{'gender': 'male', 'name': {'title': 'Mr', 'first': 'Felix', 'last': 'Christoffersen'}, 'location': {'street': {'number': 4842, 'name': 'Bergensgata'}, 'city': 'Krossen', 'state': 'Trøndelag', 'country': 'Norway', 'postcode': '7100', 'coordinates': {'latitude': '44.4523', 'longitude': '-4.5441'}, 'timezone': {'offset': '+3:30', 'description': 'Tehran'}}, 'email': 'felix.christoffersen@example.com', 'login': {'uuid': '429706d7-09f7-4003-b6c0-a2af4b89d62b', 'username': 'silverbear710', 'password': 'hippie', 'salt': 'aJ0Eadp9', 'md5': '05fcf75334b14a9ee98be114adf448af', 'sha1': '2d75b0431268be6d54588a7459beae60d9a51cd8', 'sha256': 'a52c5540b9ee46d23eaf8002852f5643e0de1520a12382a7f7bdc7f1e8524694'}, 'dob': {'date': '1952-07-25T07:28:23.340Z', 'age': 71}, 'registered': {'date': '2014-12-17T02:30:24.136Z', 'age': 9}, 'phone': '37558417', 'cell': '91376682', 'id': {'name': 'FN', 'value': '25075205522'}, 'picture': {'large': 'https://randomuser.me/api/portraits/men/95.jpg', 'medium': 'https://randomuser.me/api/portraits/med/men/95.jpg', 'thumbnail': 'https://randomuser.me/api/portraits/thumb/men/95.jpg'}, 'nat': 'NO'}], 'info': {'seed': 'e948ff1e2a293d40', 'results': 1, 'page': 1, 'version': '1.4'}}</msg>
<arg>${json_data}</arg>
<doc>Logs the given message with the given level.</doc>
<status status="PASS" start="2024-06-05T03:18:37.185498" elapsed="0.000221"/>
</kw>
<kw name="Dictionary Should Contain Key" owner="Collections">
<msg time="2024-06-05T03:18:37.186175" level="INFO">False</msg>
<arg>${json_data}</arg>
<arg>results</arg>
<doc>Fails if ``key`` is not found from ``dictionary``.</doc>
<status status="PASS" start="2024-06-05T03:18:37.186022" elapsed="0.000191"/>
</kw>
<kw name="Should Not Be Empty" owner="BuiltIn">
<msg time="2024-06-05T03:18:37.186648" level="INFO">Length is 2.</msg>
<arg>${json_data}</arg>
<doc>Verifies that the given item is not empty.</doc>
<status status="PASS" start="2024-06-05T03:18:37.186509" elapsed="0.000183"/>
</kw>
<kw name="Create List" owner="BuiltIn">
<msg time="2024-06-05T03:18:37.187317" level="INFO">${expected_keys} = ['gender', 'name', 'location', 'email', 'login']</msg>
<var>${expected_keys}</var>
<arg>gender</arg>
<arg>name</arg>
<arg>location</arg>
<arg>email</arg>
<arg>login</arg>
<doc>Returns a list containing given items.</doc>
<status status="PASS" start="2024-06-05T03:18:37.186988" elapsed="0.000355"/>
</kw>
<for flavor="IN">
<iter>
<kw name="Dictionary Should Contain Key" owner="Collections">
<msg time="2024-06-05T03:18:37.188338" level="INFO">False</msg>
<arg>${json_data['results'][0]}</arg>
<arg>${key}</arg>
<doc>Fails if ``key`` is not found from ``dictionary``.</doc>
<status status="PASS" start="2024-06-05T03:18:37.187943" elapsed="0.000435"/>
</kw>
<kw name="Log" owner="BuiltIn">
<msg time="2024-06-05T03:18:37.189058" level="INFO">{'gender': 'male', 'name': {'title': 'Mr', 'first': 'Felix', 'last': 'Christoffersen'}, 'location': {'street': {'number': 4842, 'name': 'Bergensgata'}, 'city': 'Krossen', 'state': 'Trøndelag', 'country': 'Norway', 'postcode': '7100', 'coordinates': {'latitude': '44.4523', 'longitude': '-4.5441'}, 'timezone': {'offset': '+3:30', 'description': 'Tehran'}}, 'email': 'felix.christoffersen@example.com', 'login': {'uuid': '429706d7-09f7-4003-b6c0-a2af4b89d62b', 'username': 'silverbear710', 'password': 'hippie', 'salt': 'aJ0Eadp9', 'md5': '05fcf75334b14a9ee98be114adf448af', 'sha1': '2d75b0431268be6d54588a7459beae60d9a51cd8', 'sha256': 'a52c5540b9ee46d23eaf8002852f5643e0de1520a12382a7f7bdc7f1e8524694'}, 'dob': {'date': '1952-07-25T07:28:23.340Z', 'age': 71}, 'registered': {'date': '2014-12-17T02:30:24.136Z', 'age': 9}, 'phone': '37558417', 'cell': '91376682', 'id': {'name': 'FN', 'value': '25075205522'}, 'picture': {'large': 'https://randomuser.me/api/portraits/men/95.jpg', 'medium': 'https://randomuser.me/api/portraits/med/men/95.jpg', 'thumbnail': 'https://randomuser.me/api/portraits/thumb/men/95.jpg'}, 'nat': 'NO'}</msg>
<arg>${json_data['results'][0]}</arg>
<doc>Logs the given message with the given level.</doc>
<status status="PASS" start="2024-06-05T03:18:37.188686" elapsed="0.000424"/>
</kw>
<kw name="Log" owner="BuiltIn">
<msg time="2024-06-05T03:18:37.189581" level="INFO">gender</msg>
<arg>${key}</arg>
<doc>Logs the given message with the given level.</doc>
<status status="PASS" start="2024-06-05T03:18:37.189447" elapsed="0.000173"/>
</kw>
<var name="${key}">gender</var>
<status status="PASS" start="2024-06-05T03:18:37.187814" elapsed="0.002032"/>
</iter>
<iter>
<kw name="Dictionary Should Contain Key" owner="Collections">
<msg time="2024-06-05T03:18:37.190554" level="INFO">False</msg>
<arg>${json_data['results'][0]}</arg>
<arg>${key}</arg>
<doc>Fails if ``key`` is not found from ``dictionary``.</doc>
<status status="PASS" start="2024-06-05T03:18:37.190157" elapsed="0.000436"/>
</kw>
<kw name="Log" owner="BuiltIn">
<msg time="2024-06-05T03:18:37.191323" level="INFO">{'gender': 'male', 'name': {'title': 'Mr', 'first': 'Felix', 'last': 'Christoffersen'}, 'location': {'street': {'number': 4842, 'name': 'Bergensgata'}, 'city': 'Krossen', 'state': 'Trøndelag', 'country': 'Norway', 'postcode': '7100', 'coordinates': {'latitude': '44.4523', 'longitude': '-4.5441'}, 'timezone': {'offset': '+3:30', 'description': 'Tehran'}}, 'email': 'felix.christoffersen@example.com', 'login': {'uuid': '429706d7-09f7-4003-b6c0-a2af4b89d62b', 'username': 'silverbear710', 'password': 'hippie', 'salt': 'aJ0Eadp9', 'md5': '05fcf75334b14a9ee98be114adf448af', 'sha1': '2d75b0431268be6d54588a7459beae60d9a51cd8', 'sha256': 'a52c5540b9ee46d23eaf8002852f5643e0de1520a12382a7f7bdc7f1e8524694'}, 'dob': {'date': '1952-07-25T07:28:23.340Z', 'age': 71}, 'registered': {'date': '2014-12-17T02:30:24.136Z', 'age': 9}, 'phone': '37558417', 'cell': '91376682', 'id': {'name': 'FN', 'value': '25075205522'}, 'picture': {'large': 'https://randomuser.me/api/portraits/men/95.jpg', 'medium': 'https://randomuser.me/api/portraits/med/men/95.jpg', 'thumbnail': 'https://randomuser.me/api/portraits/thumb/men/95.jpg'}, 'nat': 'NO'}</msg>
<arg>${json_data['results'][0]}</arg>
<doc>Logs the given message with the given level.</doc>
<status status="PASS" start="2024-06-05T03:18:37.190922" elapsed="0.000453"/>
</kw>
<kw name="Log" owner="BuiltIn">
<msg time="2024-06-05T03:18:37.191814" level="INFO">name</msg>
<arg>${key}</arg>
<doc>Logs the given message with the given level.</doc>
<status status="PASS" start="2024-06-05T03:18:37.191682" elapsed="0.000170"/>
</kw>
<var name="${key}">name</var>
<status status="PASS" start="2024-06-05T03:18:37.190037" elapsed="0.002035"/>
</iter>
<iter>
<kw name="Dictionary Should Contain Key" owner="Collections">
<msg time="2024-06-05T03:18:37.192743" level="INFO">False</msg>
<arg>${json_data['results'][0]}</arg>
<arg>${key}</arg>
<doc>Fails if ``key`` is not found from ``dictionary``.</doc>
<status status="PASS" start="2024-06-05T03:18:37.192368" elapsed="0.000413"/>
</kw>
<kw name="Log" owner="BuiltIn">
<msg time="2024-06-05T03:18:37.193438" level="INFO">{'gender': 'male', 'name': {'title': 'Mr', 'first': 'Felix', 'last': 'Christoffersen'}, 'location': {'street': {'number': 4842, 'name': 'Bergensgata'}, 'city': 'Krossen', 'state': 'Trøndelag', 'country': 'Norway', 'postcode': '7100', 'coordinates': {'latitude': '44.4523', 'longitude': '-4.5441'}, 'timezone': {'offset': '+3:30', 'description': 'Tehran'}}, 'email': 'felix.christoffersen@example.com', 'login': {'uuid': '429706d7-09f7-4003-b6c0-a2af4b89d62b', 'username': 'silverbear710', 'password': 'hippie', 'salt': 'aJ0Eadp9', 'md5': '05fcf75334b14a9ee98be114adf448af', 'sha1': '2d75b0431268be6d54588a7459beae60d9a51cd8', 'sha256': 'a52c5540b9ee46d23eaf8002852f5643e0de1520a12382a7f7bdc7f1e8524694'}, 'dob': {'date': '1952-07-25T07:28:23.340Z', 'age': 71}, 'registered': {'date': '2014-12-17T02:30:24.136Z', 'age': 9}, 'phone': '37558417', 'cell': '91376682', 'id': {'name': 'FN', 'value': '25075205522'}, 'picture': {'large': 'https://randomuser.me/api/portraits/men/95.jpg', 'medium': 'https://randomuser.me/api/portraits/med/men/95.jpg', 'thumbnail': 'https://randomuser.me/api/portraits/thumb/men/95.jpg'}, 'nat': 'NO'}</msg>
<arg>${json_data['results'][0]}</arg>
<doc>Logs the given message with the given level.</doc>
<status status="PASS" start="2024-06-05T03:18:37.193078" elapsed="0.000411"/>
</kw>
<kw name="Log" owner="BuiltIn">
<msg time="2024-06-05T03:18:37.193924" level="INFO">location</msg>
<arg>${key}</arg>
<doc>Logs the given message with the given level.</doc>
<status status="PASS" start="2024-06-05T03:18:37.193796" elapsed="0.000166"/>
</kw>
<var name="${key}">location</var>
<status status="PASS" start="2024-06-05T03:18:37.192254" elapsed="0.001929"/>
</iter>
<iter>
<kw name="Dictionary Should Contain Key" owner="Collections">
<msg time="2024-06-05T03:18:37.194860" level="INFO">False</msg>
<arg>${json_data['results'][0]}</arg>
<arg>${key}</arg>
<doc>Fails if ``key`` is not found from ``dictionary``.</doc>
<status status="PASS" start="2024-06-05T03:18:37.194477" elapsed="0.000421"/>
</kw>
<kw name="Log" owner="BuiltIn">
<msg time="2024-06-05T03:18:37.195608" level="INFO">{'gender': 'male', 'name': {'title': 'Mr', 'first': 'Felix', 'last': 'Christoffersen'}, 'location': {'street': {'number': 4842, 'name': 'Bergensgata'}, 'city': 'Krossen', 'state': 'Trøndelag', 'country': 'Norway', 'postcode': '7100', 'coordinates': {'latitude': '44.4523', 'longitude': '-4.5441'}, 'timezone': {'offset': '+3:30', 'description': 'Tehran'}}, 'email': 'felix.christoffersen@example.com', 'login': {'uuid': '429706d7-09f7-4003-b6c0-a2af4b89d62b', 'username': 'silverbear710', 'password': 'hippie', 'salt': 'aJ0Eadp9', 'md5': '05fcf75334b14a9ee98be114adf448af', 'sha1': '2d75b0431268be6d54588a7459beae60d9a51cd8', 'sha256': 'a52c5540b9ee46d23eaf8002852f5643e0de1520a12382a7f7bdc7f1e8524694'}, 'dob': {'date': '1952-07-25T07:28:23.340Z', 'age': 71}, 'registered': {'date': '2014-12-17T02:30:24.136Z', 'age': 9}, 'phone': '37558417', 'cell': '91376682', 'id': {'name': 'FN', 'value': '25075205522'}, 'picture': {'large': 'https://randomuser.me/api/portraits/men/95.jpg', 'medium': 'https://randomuser.me/api/portraits/med/men/95.jpg', 'thumbnail': 'https://randomuser.me/api/portraits/thumb/men/95.jpg'}, 'nat': 'NO'}</msg>
<arg>${json_data['results'][0]}</arg>
<doc>Logs the given message with the given level.</doc>
<status status="PASS" start="2024-06-05T03:18:37.195230" elapsed="0.000438"/>
</kw>
<kw name="Log" owner="BuiltIn">
<msg time="2024-06-05T03:18:37.196110" level="INFO">email</msg>
<arg>${key}</arg>
<doc>Logs the given message with the given level.</doc>
<status status="PASS" start="2024-06-05T03:18:37.195980" elapsed="0.000170"/>
</kw>
<var name="${key}">email</var>
<status status="PASS" start="2024-06-05T03:18:37.194360" elapsed="0.002009"/>
</iter>
<iter>
<kw name="Dictionary Should Contain Key" owner="Collections">
<msg time="2024-06-05T03:18:37.197073" level="INFO">False</msg>
<arg>${json_data['results'][0]}</arg>
<arg>${key}</arg>
<doc>Fails if ``key`` is not found from ``dictionary``.</doc>
<status status="PASS" start="2024-06-05T03:18:37.196680" elapsed="0.000431"/>
</kw>
<kw name="Log" owner="BuiltIn">
<msg time="2024-06-05T03:18:37.197776" level="INFO">{'gender': 'male', 'name': {'title': 'Mr', 'first': 'Felix', 'last': 'Christoffersen'}, 'location': {'street': {'number': 4842, 'name': 'Bergensgata'}, 'city': 'Krossen', 'state': 'Trøndelag', 'country': 'Norway', 'postcode': '7100', 'coordinates': {'latitude': '44.4523', 'longitude': '-4.5441'}, 'timezone': {'offset': '+3:30', 'description': 'Tehran'}}, 'email': 'felix.christoffersen@example.com', 'login': {'uuid': '429706d7-09f7-4003-b6c0-a2af4b89d62b', 'username': 'silverbear710', 'password': 'hippie', 'salt': 'aJ0Eadp9', 'md5': '05fcf75334b14a9ee98be114adf448af', 'sha1': '2d75b0431268be6d54588a7459beae60d9a51cd8', 'sha256': 'a52c5540b9ee46d23eaf8002852f5643e0de1520a12382a7f7bdc7f1e8524694'}, 'dob': {'date': '1952-07-25T07:28:23.340Z', 'age': 71}, 'registered': {'date': '2014-12-17T02:30:24.136Z', 'age': 9}, 'phone': '37558417', 'cell': '91376682', 'id': {'name': 'FN', 'value': '25075205522'}, 'picture': {'large': 'https://randomuser.me/api/portraits/men/95.jpg', 'medium': 'https://randomuser.me/api/portraits/med/men/95.jpg', 'thumbnail': 'https://randomuser.me/api/portraits/thumb/men/95.jpg'}, 'nat': 'NO'}</msg>
<arg>${json_data['results'][0]}</arg>
<doc>Logs the given message with the given level.</doc>
<status status="PASS" start="2024-06-05T03:18:37.197408" elapsed="0.000419"/>
</kw>
<kw name="Log" owner="BuiltIn">
<msg time="2024-06-05T03:18:37.198255" level="INFO">login</msg>
<arg>${key}</arg>
<doc>Logs the given message with the given level.</doc>
<status status="PASS" start="2024-06-05T03:18:37.198127" elapsed="0.000167"/>
</kw>
<var name="${key}">login</var>
<status status="PASS" start="2024-06-05T03:18:37.196566" elapsed="0.001946"/>
</iter>
<var>${key}</var>
<value>@{expected_keys}</value>
<status status="PASS" start="2024-06-05T03:18:37.187617" elapsed="0.011019"/>
</for>
<kw name="Create List" owner="BuiltIn">
<msg time="2024-06-05T03:18:37.199011" level="INFO">${expected_keysTwo} = ['username', 'password']</msg>
<var>${expected_keysTwo}</var>
<arg>username</arg>
<arg>password</arg>
<doc>Returns a list containing given items.</doc>
<status status="PASS" start="2024-06-05T03:18:37.198867" elapsed="0.000169"/>
</kw>
<for flavor="IN">
<iter>
<kw name="Dictionary Should Contain Key" owner="Collections">
<msg time="2024-06-05T03:18:37.199975" level="INFO">False</msg>
<arg>${json_data['results'][0]['login']}</arg>
<arg>${keyTwo}</arg>
<doc>Fails if ``key`` is not found from ``dictionary``.</doc>
<status status="PASS" start="2024-06-05T03:18:37.199579" elapsed="0.000434"/>
</kw>
<kw name="Dictionary Should Contain Key" owner="Collections">
<msg time="2024-06-05T03:18:37.200703" level="INFO">False</msg>
<arg>${json_data['results'][0]['login']}</arg>
<arg>${keyTwo}</arg>
<doc>Fails if ``key`` is not found from ``dictionary``.</doc>
<status status="PASS" start="2024-06-05T03:18:37.200311" elapsed="0.000431"/>
</kw>
<kw name="Log" owner="BuiltIn">
<msg time="2024-06-05T03:18:37.201165" level="INFO">username</msg>
<arg>${keyTwo}</arg>
<doc>Logs the given message with the given level.</doc>
<status status="PASS" start="2024-06-05T03:18:37.201036" elapsed="0.000167"/>
</kw>
<var name="${keyTwo}">username</var>
<status status="PASS" start="2024-06-05T03:18:37.199467" elapsed="0.001955"/>
</iter>
<iter>
<kw name="Dictionary Should Contain Key" owner="Collections">
<msg time="2024-06-05T03:18:37.202094" level="INFO">False</msg>
<arg>${json_data['results'][0]['login']}</arg>
<arg>${keyTwo}</arg>
<doc>Fails if ``key`` is not found from ``dictionary``.</doc>
<status status="PASS" start="2024-06-05T03:18:37.201713" elapsed="0.000419"/>
</kw>
<kw name="Dictionary Should Contain Key" owner="Collections">
<msg time="2024-06-05T03:18:37.202894" level="INFO">False</msg>
<arg>${json_data['results'][0]['login']}</arg>
<arg>${keyTwo}</arg>
<doc>Fails if ``key`` is not found from ``dictionary``.</doc>
<status status="PASS" start="2024-06-05T03:18:37.202428" elapsed="0.000507"/>
</kw>
<kw name="Log" owner="BuiltIn">
<msg time="2024-06-05T03:18:37.203404" level="INFO">password</msg>
<arg>${keyTwo}</arg>
<doc>Logs the given message with the given level.</doc>
<status status="PASS" start="2024-06-05T03:18:37.203270" elapsed="0.000172"/>
</kw>
<var name="${keyTwo}">password</var>
<status status="PASS" start="2024-06-05T03:18:37.201596" elapsed="0.002067"/>
</iter>
<var>${keyTwo}</var>
<value>@{expected_keysTwo}</value>
<status status="PASS" start="2024-06-05T03:18:37.199313" elapsed="0.004475"/>
</for>
<status status="PASS" start="2024-06-05T03:18:37.083002" elapsed="0.120925"/>
</kw>
<doc>Testa a estrutura da resposta da API.</doc>
<tag>testeEstruturaResposta</tag>
<status status="PASS" start="2024-06-05T03:18:37.082392" elapsed="0.121686"/>
</test>
<test id="s1-s1-t4" name="Validar tipos de dados" line="28">
<kw name="Teste de Tipos de Dados" owner="random-user-service">
<kw name="GET On Session" owner="RequestsLibrary">
<msg time="2024-06-05T03:18:37.302685" level="INFO">GET Request : url=https://randomuser.me/api 
 path_url=/api 
 headers={'User-Agent': 'python-requests/2.32.3', 'Accept-Encoding': 'gzip, deflate', 'Accept': '*/*', 'Connection': 'keep-alive'} 
 body=None 
 </msg>
<msg time="2024-06-05T03:18:37.302763" level="INFO">GET Response : url=https://randomuser.me/api 
 status=200, reason=OK 
 headers={'Date': 'Wed, 05 Jun 2024 03:18:37 GMT', 'Content-Type': 'application/json; charset=utf-8', 'Transfer-Encoding': 'chunked', 'Connection': 'keep-alive', 'X-Powered-By': 'Express', 'Access-Control-Allow-Origin': '*', 'Cache-Control': 'no-cache', 'ETag': 'W/"486-NSx5p4fDwMqDNWButvrhJdJ7/aI"', 'Vary': 'Accept-Encoding', 'Content-Encoding': 'gzip', 'CF-Cache-Status': 'DYNAMIC', 'Report-To': '{"endpoints":[{"url":"https:\\/\\/a.nel.cloudflare.com\\/report\\/v4?s=b35XQoC13%2BZbJsnnbcIskERxqRrSCpvAkGOLc%2BUnARKsKa544ZNlOY89WlES06R4x358RZvVsHobWMqPqMjgSRkFCWAni0WA%2FlcKovcS917Lllne5iYVOkp6Jxsdub9v"}],"group":"cf-nel","max_age":604800}', 'NEL': '{"success_fraction":0,"report_to":"cf-nel","max_age":604800}', 'Server': 'cloudflare', 'CF-RAY': '88ed04329b217e70-LAX', 'alt-svc': 'h3=":443"; ma=86400'} 
 body={"results":[{"gender":"male","name":{"title":"Mr","first":"Jatin","last":"Mugeraya"},"location":{"street":{"number":4180,"name":"S.A Rd"},"city":"Nashik","state":"Tamil Nadu","country":"India","postcode":36888,"coordinates":{"latitude":"5.5772","longitude":"-162.3196"},"timezone":{"offset":"+11:00","description":"Magadan, Solomon Islands, New Caledonia"}},"email":"jatin.mugeraya@example.com","login":{"uuid":"78f6cad4-3573-46d4-82be-677d47d957c7","username":"redwolf472","password":"bullet","salt":"lvBnz1ra","md5":"641053e6573b1f4d7edb31bb9d4d8265","sha1":"ef94293985ea768e0eba465c414941cb7abd4ba1","sha256":"c2d5aa8890c01a143ecebbb13fa584d255ef9e44e91b784358028574fb00272d"},"dob":{"date":"1970-11-15T10:59:35.578Z","age":53},"registered":{"date":"2011-07-24T00:09:58.716Z","age":12},"phone":"7486347495","cell":"8171909291","id":{"name":"UIDAI","value":"118033576947"},"picture":{"large":"https://randomuser.me/api/portraits/men/86.jpg","medium":"https://randomuser.me/api/portraits/med/men/86.jpg","thumbnail":"https://randomuser.me/api/portraits/thumb/men/86.jpg"},"nat":"IN"}],"info":{"seed":"b1f43b4b4ecbf000","results":1,"page":1,"version":"1.4"}} 
 </msg>
<msg time="2024-06-05T03:18:37.302822" level="INFO">/opt/hostedtoolcache/Python/3.12.3/x64/lib/python3.12/site-packages/urllib3/connectionpool.py:1103: InsecureRequestWarning: Unverified HTTPS request is being made to host 'randomuser.me'. Adding certificate verification is strongly advised. See: https://urllib3.readthedocs.io/en/latest/advanced-usage.html#tls-warnings
  warnings.warn(</msg>
<msg time="2024-06-05T03:18:37.302913" level="INFO">${response} = &lt;Response [200]&gt;</msg>
<var>${response}</var>
<arg>consultarAPI</arg>
<arg>/api</arg>
<doc>Sends a GET request on a previously created HTTP Session.</doc>
<status status="PASS" start="2024-06-05T03:18:37.206646" elapsed="0.096309"/>
</kw>
<kw name="Set Variable" owner="BuiltIn">
<msg time="2024-06-05T03:18:37.304040" level="INFO">${json_data} = {'results': [{'gender': 'male', 'name': {'title': 'Mr', 'first': 'Jatin', 'last': 'Mugeraya'}, 'location': {'street': {'number': 4180, 'name': 'S.A Rd'}, 'city': 'Nashik', 'state': 'Tamil Nadu', 'coun...</msg>
<var>${json_data}</var>
<arg>${response.json()}</arg>
<doc>Returns the given values which can then be assigned to a variables.</doc>
<status status="PASS" start="2024-06-05T03:18:37.303452" elapsed="0.000617"/>
</kw>
<kw name="Log" owner="BuiltIn">
<msg time="2024-06-05T03:18:37.304537" level="INFO">{'results': [{'gender': 'male', 'name': {'title': 'Mr', 'first': 'Jatin', 'last': 'Mugeraya'}, 'location': {'street': {'number': 4180, 'name': 'S.A Rd'}, 'city': 'Nashik', 'state': 'Tamil Nadu', 'country': 'India', 'postcode': 36888, 'coordinates': {'latitude': '5.5772', 'longitude': '-162.3196'}, 'timezone': {'offset': '+11:00', 'description': 'Magadan, Solomon Islands, New Caledonia'}}, 'email': 'jatin.mugeraya@example.com', 'login': {'uuid': '78f6cad4-3573-46d4-82be-677d47d957c7', 'username': 'redwolf472', 'password': 'bullet', 'salt': 'lvBnz1ra', 'md5': '641053e6573b1f4d7edb31bb9d4d8265', 'sha1': 'ef94293985ea768e0eba465c414941cb7abd4ba1', 'sha256': 'c2d5aa8890c01a143ecebbb13fa584d255ef9e44e91b784358028574fb00272d'}, 'dob': {'date': '1970-11-15T10:59:35.578Z', 'age': 53}, 'registered': {'date': '2011-07-24T00:09:58.716Z', 'age': 12}, 'phone': '7486347495', 'cell': '8171909291', 'id': {'name': 'UIDAI', 'value': '118033576947'}, 'picture': {'large': 'https://randomuser.me/api/portraits/men/86.jpg', 'medium': 'https://randomuser.me/api/portraits/med/men/86.jpg', 'thumbnail': 'https://randomuser.me/api/portraits/thumb/men/86.jpg'}, 'nat': 'IN'}], 'info': {'seed': 'b1f43b4b4ecbf000', 'results': 1, 'page': 1, 'version': '1.4'}}</msg>
<arg>${json_data}</arg>
<doc>Logs the given message with the given level.</doc>
<status status="PASS" start="2024-06-05T03:18:37.304381" elapsed="0.000203"/>
</kw>
<kw name="Should Be String" owner="String">
<arg>${json_data['results'][0]['gender']}</arg>
<doc>Fails if the given ``item`` is not a string.</doc>
<status status="PASS" start="2024-06-05T03:18:37.304910" elapsed="0.000358"/>
</kw>
<kw name="Should Match Regexp" owner="BuiltIn">
<arg>${json_data['results'][0]['email']}</arg>
<arg>^[a-zA-Z0-9._%+-]+@[a-zA-Z0-9.-]+\.[a-zA-Z]{2,}$</arg>
<doc>Fails if ``string`` does not match ``pattern`` as a regular expression.</doc>
<status status="PASS" start="2024-06-05T03:18:37.305462" elapsed="0.000524"/>
</kw>
<kw name="Should Match Regexp" owner="BuiltIn">
<arg>${json_data['results'][0]['dob']['date']}</arg>
<arg>\\d{4}-\\d{2}-\\d{2}T\\d{2}:\\d{2}:\\d{2}\\.\\d{3}Z</arg>
<doc>Fails if ``string`` does not match ``pattern`` as a regular expression.</doc>
<status status="PASS" start="2024-06-05T03:18:37.306187" elapsed="0.000486"/>
</kw>
<kw name="Should Match Regexp" owner="BuiltIn">
<arg>${json_data['results'][0]['registered']['date']}</arg>
<arg>\\d{4}-\\d{2}-\\d{2}T\\d{2}:\\d{2}:\\d{2}\\.\\d{3}Z</arg>
<doc>Fails if ``string`` does not match ``pattern`` as a regular expression.</doc>
<status status="PASS" start="2024-06-05T03:18:37.306868" elapsed="0.000420"/>
</kw>
<kw name="Should Match Regexp" owner="BuiltIn">
<arg>${json_data['results'][0]['picture']['large']}</arg>
<arg>^https?://.*\.(?:png|jpe?g|gif|bmp)$</arg>
<doc>Fails if ``string`` does not match ``pattern`` as a regular expression.</doc>
<status status="PASS" start="2024-06-05T03:18:37.307482" elapsed="0.000468"/>
</kw>
<kw name="Should Match Regexp" owner="BuiltIn">
<arg>${json_data['results'][0]['picture']['medium']}</arg>
<arg>^https?://.*\.(?:png|jpe?g|gif|bmp)$</arg>
<doc>Fails if ``string`` does not match ``pattern`` as a regular expression.</doc>
<status status="PASS" start="2024-06-05T03:18:37.308144" elapsed="0.000352"/>
</kw>
<kw name="Should Match Regexp" owner="BuiltIn">
<arg>${json_data['results'][0]['picture']['thumbnail']}</arg>
<arg>^https?://.*\.(?:png|jpe?g|gif|bmp)$</arg>
<doc>Fails if ``string`` does not match ``pattern`` as a regular expression.</doc>
<status status="PASS" start="2024-06-05T03:18:37.308685" elapsed="0.000347"/>
</kw>
<kw name="Log" owner="BuiltIn">
<msg time="2024-06-05T03:18:37.309554" level="INFO">{'large': 'https://randomuser.me/api/portraits/men/86.jpg', 'medium': 'https://randomuser.me/api/portraits/med/men/86.jpg', 'thumbnail': 'https://randomuser.me/api/portraits/thumb/men/86.jpg'}</msg>
<arg>${json_data['results'][0]['picture']}</arg>
<doc>Logs the given message with the given level.</doc>
<status status="PASS" start="2024-06-05T03:18:37.309227" elapsed="0.000369"/>
</kw>
<status status="PASS" start="2024-06-05T03:18:37.206410" elapsed="0.103441"/>
</kw>
<kw name="Teste de Tipos de Dados - Postcode" owner="random-user-service">
<kw name="GET On Session" owner="RequestsLibrary">
<msg time="2024-06-05T03:18:37.742288" level="INFO">GET Request : url=https://randomuser.me/api 
 path_url=/api 
 headers={'User-Agent': 'python-requests/2.32.3', 'Accept-Encoding': 'gzip, deflate', 'Accept': '*/*', 'Connection': 'keep-alive'} 
 body=None 
 </msg>
<msg time="2024-06-05T03:18:37.742371" level="INFO">GET Response : url=https://randomuser.me/api 
 status=200, reason=OK 
 headers={'Date': 'Wed, 05 Jun 2024 03:18:37 GMT', 'Content-Type': 'application/json; charset=utf-8', 'Transfer-Encoding': 'chunked', 'Connection': 'keep-alive', 'X-Powered-By': 'Express', 'Access-Control-Allow-Origin': '*', 'Cache-Control': 'no-cache', 'ETag': 'W/"477-pU+OkEOV/qcpMqjNM3Jf1CxRPMI"', 'Vary': 'Accept-Encoding', 'Content-Encoding': 'gzip', 'CF-Cache-Status': 'DYNAMIC', 'Report-To': '{"endpoints":[{"url":"https:\\/\\/a.nel.cloudflare.com\\/report\\/v4?s=bkFv%2FCEmMEtIMwlggQ3%2FL7IN7ETfUYKHXi7ORsDvu1514cls7ytqp1INq3%2F419rEzbdP9jHwszBMua9EpEMvykC2lTXsURUJTQU5K7vXKiGQAVL4Ee6GD1C7xT5Jual3"}],"group":"cf-nel","max_age":604800}', 'NEL': '{"success_fraction":0,"report_to":"cf-nel","max_age":604800}', 'Server': 'cloudflare', 'CF-RAY': '88ed04333bb07e70-LAX', 'alt-svc': 'h3=":443"; ma=86400'} 
 body={"results":[{"gender":"female","name":{"title":"Miss","first":"Jennie","last":"Young"},"location":{"street":{"number":3264,"name":"Prospect Rd"},"city":"Mackay","state":"Western Australia","country":"Australia","postcode":7731,"coordinates":{"latitude":"-89.2575","longitude":"7.3344"},"timezone":{"offset":"+3:30","description":"Tehran"}},"email":"jennie.young@example.com","login":{"uuid":"7f495a8f-b091-46f8-8306-fa682e14dce5","username":"happywolf696","password":"1978","salt":"bMfy9Fbn","md5":"ee298b7beb1c78bcb198ae1a0f3a2838","sha1":"85a149aad50cf60fedceb490fb27470b04972fe0","sha256":"39d007a2174168fa7b9ec7c0f3f5f203f8c589635d82bbcd4d6a21022922511e"},"dob":{"date":"1967-06-10T03:17:23.469Z","age":56},"registered":{"date":"2013-02-07T09:35:07.694Z","age":11},"phone":"09-1287-9348","cell":"0471-417-023","id":{"name":"TFN","value":"975455920"},"picture":{"large":"https://randomuser.me/api/portraits/women/16.jpg","medium":"https://randomuser.me/api/portraits/med/women/16.jpg","thumbnail":"https://randomuser.me/api/portraits/thumb/women/16.jpg"},"nat":"AU"}],"info":{"seed":"1cde0694f83854a5","results":1,"page":1,"version":"1.4"}} 
 </msg>
<msg time="2024-06-05T03:18:37.742442" level="INFO">/opt/hostedtoolcache/Python/3.12.3/x64/lib/python3.12/site-packages/urllib3/connectionpool.py:1103: InsecureRequestWarning: Unverified HTTPS request is being made to host 'randomuser.me'. Adding certificate verification is strongly advised. See: https://urllib3.readthedocs.io/en/latest/advanced-usage.html#tls-warnings
  warnings.warn(</msg>
<msg time="2024-06-05T03:18:37.742557" level="INFO">${response} = &lt;Response [200]&gt;</msg>
<var>${response}</var>
<arg>consultarAPI</arg>
<arg>/api</arg>
<doc>Sends a GET request on a previously created HTTP Session.</doc>
<status status="PASS" start="2024-06-05T03:18:37.310287" elapsed="0.432320"/>
</kw>
<kw name="Set Variable" owner="BuiltIn">
<msg time="2024-06-05T03:18:37.743771" level="INFO">${json_data} = {'results': [{'gender': 'female', 'name': {'title': 'Miss', 'first': 'Jennie', 'last': 'Young'}, 'location': {'street': {'number': 3264, 'name': 'Prospect Rd'}, 'city': 'Mackay', 'state': 'Western Aus...</msg>
<var>${json_data}</var>
<arg>${response.json()}</arg>
<doc>Returns the given values which can then be assigned to a variables.</doc>
<status status="PASS" start="2024-06-05T03:18:37.743154" elapsed="0.000646"/>
</kw>
<kw name="Log" owner="BuiltIn">
<msg time="2024-06-05T03:18:37.744273" level="INFO">{'results': [{'gender': 'female', 'name': {'title': 'Miss', 'first': 'Jennie', 'last': 'Young'}, 'location': {'street': {'number': 3264, 'name': 'Prospect Rd'}, 'city': 'Mackay', 'state': 'Western Australia', 'country': 'Australia', 'postcode': 7731, 'coordinates': {'latitude': '-89.2575', 'longitude': '7.3344'}, 'timezone': {'offset': '+3:30', 'description': 'Tehran'}}, 'email': 'jennie.young@example.com', 'login': {'uuid': '7f495a8f-b091-46f8-8306-fa682e14dce5', 'username': 'happywolf696', 'password': '1978', 'salt': 'bMfy9Fbn', 'md5': 'ee298b7beb1c78bcb198ae1a0f3a2838', 'sha1': '85a149aad50cf60fedceb490fb27470b04972fe0', 'sha256': '39d007a2174168fa7b9ec7c0f3f5f203f8c589635d82bbcd4d6a21022922511e'}, 'dob': {'date': '1967-06-10T03:17:23.469Z', 'age': 56}, 'registered': {'date': '2013-02-07T09:35:07.694Z', 'age': 11}, 'phone': '09-1287-9348', 'cell': '0471-417-023', 'id': {'name': 'TFN', 'value': '975455920'}, 'picture': {'large': 'https://randomuser.me/api/portraits/women/16.jpg', 'medium': 'https://randomuser.me/api/portraits/med/women/16.jpg', 'thumbnail': 'https://randomuser.me/api/portraits/thumb/women/16.jpg'}, 'nat': 'AU'}], 'info': {'seed': '1cde0694f83854a5', 'results': 1, 'page': 1, 'version': '1.4'}}</msg>
<arg>${json_data}</arg>
<doc>Logs the given message with the given level.</doc>
<status status="PASS" start="2024-06-05T03:18:37.744117" elapsed="0.000203"/>
</kw>
<kw name="Should Be Equal As Numbers" owner="BuiltIn">
<arg>${json_data['results'][0]['location']['postcode']}</arg>
<arg>${json_data['results'][0]['location']['postcode']}</arg>
<doc>Fails if objects are unequal after converting them to real numbers.</doc>
<status status="PASS" start="2024-06-05T03:18:37.744617" elapsed="0.000759"/>
</kw>
<kw name="Log" owner="BuiltIn">
<msg time="2024-06-05T03:18:37.745945" level="INFO">7731</msg>
<arg>${json_data['results'][0]['location']['postcode']}</arg>
<doc>Logs the given message with the given level.</doc>
<status status="PASS" start="2024-06-05T03:18:37.745604" elapsed="0.000382"/>
</kw>
<status status="PASS" start="2024-06-05T03:18:37.310067" elapsed="0.436173"/>
</kw>
<doc>Testa se os tipos de dados na resposta da API estão corretos.</doc>
<tag>testeTiposDados</tag>
<status status="PASS" start="2024-06-05T03:18:37.205857" elapsed="0.540544"/>
</test>
<test id="s1-s1-t5" name="Validar conteudo" line="35">
<kw name="Teste de Tipos de Conteudo" owner="random-user-service">
<kw name="GET On Session" owner="RequestsLibrary">
<msg time="2024-06-05T03:18:38.158764" level="INFO">GET Request : url=https://randomuser.me/api 
 path_url=/api 
 headers={'User-Agent': 'python-requests/2.32.3', 'Accept-Encoding': 'gzip, deflate', 'Accept': '*/*', 'Connection': 'keep-alive'} 
 body=None 
 </msg>
<msg time="2024-06-05T03:18:38.158856" level="INFO">GET Response : url=https://randomuser.me/api 
 status=200, reason=OK 
 headers={'Date': 'Wed, 05 Jun 2024 03:18:38 GMT', 'Content-Type': 'application/json; charset=utf-8', 'Transfer-Encoding': 'chunked', 'Connection': 'keep-alive', 'X-Powered-By': 'Express', 'Access-Control-Allow-Origin': '*', 'Cache-Control': 'no-cache', 'ETag': 'W/"48d-kw3C4RqF9gP5UjmQhwsdBtOiXzA"', 'Vary': 'Accept-Encoding', 'Content-Encoding': 'gzip', 'CF-Cache-Status': 'DYNAMIC', 'Report-To': '{"endpoints":[{"url":"https:\\/\\/a.nel.cloudflare.com\\/report\\/v4?s=DKSLFGS9QssS6jO0%2BwkCqriQsvqabjh%2FUp4zCpW8ZkFKeWWqZSIWRqEyK%2BP0%2F9BQqzXeGeBuJRgFfmOYNN1DCMtYjgsDhEkPdhCPbh2mBQy8GLxFKiOh9TAkVSWB4XcE"}],"group":"cf-nel","max_age":604800}', 'NEL': '{"success_fraction":0,"report_to":"cf-nel","max_age":604800}', 'Server': 'cloudflare', 'CF-RAY': '88ed0435fe697e70-LAX', 'alt-svc': 'h3=":443"; ma=86400'} 
 body={"results":[{"gender":"male","name":{"title":"Mr","first":"Fernando","last":"Rivera"},"location":{"street":{"number":1422,"name":"W Dallas St"},"city":"Ballarat","state":"Tasmania","country":"Australia","postcode":2382,"coordinates":{"latitude":"-84.3805","longitude":"-48.1784"},"timezone":{"offset":"+5:30","description":"Bombay, Calcutta, Madras, New Delhi"}},"email":"fernando.rivera@example.com","login":{"uuid":"5cb2e1b4-baff-4cef-b4d6-50c081b110a2","username":"ticklishkoala401","password":"dookie","salt":"TP77V30R","md5":"26dd22018d236abbdbf4571b700e9837","sha1":"e4635da8c937359acb8857581728c2e65829956a","sha256":"86635ac30735324b60bde0af66d7cd668db9a4bfa6461ecdec5832ed7a3831d7"},"dob":{"date":"1945-01-14T14:57:48.717Z","age":79},"registered":{"date":"2017-06-04T18:28:19.062Z","age":7},"phone":"05-0600-0615","cell":"0426-322-737","id":{"name":"TFN","value":"028452210"},"picture":{"large":"https://randomuser.me/api/portraits/men/3.jpg","medium":"https://randomuser.me/api/portraits/med/men/3.jpg","thumbnail":"https://randomuser.me/api/portraits/thumb/men/3.jpg"},"nat":"AU"}],"info":{"seed":"b4bbeb4cef902b44","results":1,"page":1,"version":"1.4"}} 
 </msg>
<msg time="2024-06-05T03:18:38.158933" level="INFO">/opt/hostedtoolcache/Python/3.12.3/x64/lib/python3.12/site-packages/urllib3/connectionpool.py:1103: InsecureRequestWarning: Unverified HTTPS request is being made to host 'randomuser.me'. Adding certificate verification is strongly advised. See: https://urllib3.readthedocs.io/en/latest/advanced-usage.html#tls-warnings
  warnings.warn(</msg>
<msg time="2024-06-05T03:18:38.159124" level="INFO">${response} = &lt;Response [200]&gt;</msg>
<var>${response}</var>
<arg>consultarAPI</arg>
<arg>/api</arg>
<doc>Sends a GET request on a previously created HTTP Session.</doc>
<status status="PASS" start="2024-06-05T03:18:37.748929" elapsed="0.410254"/>
</kw>
<kw name="Set Variable" owner="BuiltIn">
<msg time="2024-06-05T03:18:38.160283" level="INFO">${json_data} = {'results': [{'gender': 'male', 'name': {'title': 'Mr', 'first': 'Fernando', 'last': 'Rivera'}, 'location': {'street': {'number': 1422, 'name': 'W Dallas St'}, 'city': 'Ballarat', 'state': 'Tasmania',...</msg>
<var>${json_data}</var>
<arg>${response.json()}</arg>
<doc>Returns the given values which can then be assigned to a variables.</doc>
<status status="PASS" start="2024-06-05T03:18:38.159748" elapsed="0.000570"/>
</kw>
<kw name="Set Variable" owner="BuiltIn">
<msg time="2024-06-05T03:18:38.160996" level="INFO">${name_title} = Mr</msg>
<var>${name_title}</var>
<arg>${json_data["results"][0]["name"]["title"]}</arg>
<doc>Returns the given values which can then be assigned to a variables.</doc>
<status status="PASS" start="2024-06-05T03:18:38.160625" elapsed="0.000396"/>
</kw>
<kw name="Create List" owner="BuiltIn">
<msg time="2024-06-05T03:18:38.161467" level="INFO">${allowed_titles} = ['Mr', 'Ms', 'Miss', 'Mrs', 'Madame', 'Monsieur']</msg>
<var>${allowed_titles}</var>
<arg>Mr</arg>
<arg>Ms</arg>
<arg>Miss</arg>
<arg>Mrs</arg>
<arg>Madame</arg>
<arg>Monsieur</arg>
<doc>Returns a list containing given items.</doc>
<status status="PASS" start="2024-06-05T03:18:38.161319" elapsed="0.000172"/>
</kw>
<kw name="List Should Contain Value" owner="Collections">
<msg time="2024-06-05T03:18:38.161973" level="INFO">False</msg>
<arg>${allowed_titles}</arg>
<arg>${name_title}</arg>
<doc>Fails if the ``value`` is not found from ``list``.</doc>
<status status="PASS" start="2024-06-05T03:18:38.161802" elapsed="0.000223"/>
</kw>
<kw name="Set Variable" owner="BuiltIn">
<msg time="2024-06-05T03:18:38.162699" level="INFO">${name_country} = AU</msg>
<var>${name_country}</var>
<arg>${json_data["results"][0]["nat"]}</arg>
<doc>Returns the given values which can then be assigned to a variables.</doc>
<status status="PASS" start="2024-06-05T03:18:38.162328" elapsed="0.000395"/>
</kw>
<kw name="Create List" owner="BuiltIn">
<msg time="2024-06-05T03:18:38.163666" level="INFO">${list_country} = ['AD', 'AE', 'AF', 'AG', 'AI', 'AL', 'AM', 'AO', 'AQ', 'AR', 'AS', 'AT', 'AU', 'AW', 'AX', 'AZ', 'BA', 'BB', 'BD', 'BE', 'BF', 'BG', 'BH', 'BI', 'BJ', 'BL', 'BM', 'BN', 'BO', 'BQ', 'BR', 'BS', 'BT', '...</msg>
<var>${list_country}</var>
<arg>AD</arg>
<arg>AE</arg>
<arg>AF</arg>
<arg>AG</arg>
<arg>AI</arg>
<arg>AL</arg>
<arg>AM</arg>
<arg>AO</arg>
<arg>AQ</arg>
<arg>AR</arg>
<arg>AS</arg>
<arg>AT</arg>
<arg>AU</arg>
<arg>AW</arg>
<arg>AX</arg>
<arg>AZ</arg>
<arg>BA</arg>
<arg>BB</arg>
<arg>BD</arg>
<arg>BE</arg>
<arg>BF</arg>
<arg>BG</arg>
<arg>BH</arg>
<arg>BI</arg>
<arg>BJ</arg>
<arg>BL</arg>
<arg>BM</arg>
<arg>BN</arg>
<arg>BO</arg>
<arg>BQ</arg>
<arg>BR</arg>
<arg>BS</arg>
<arg>BT</arg>
<arg>BV</arg>
<arg>BW</arg>
<arg>BY</arg>
<arg>BZ</arg>
<arg>CA</arg>
<arg>CC</arg>
<arg>CD</arg>
<arg>CF</arg>
<arg>CG</arg>
<arg>CH</arg>
<arg>CI</arg>
<arg>CK</arg>
<arg>CL</arg>
<arg>CM</arg>
<arg>CN</arg>
<arg>CO</arg>
<arg>CR</arg>
<arg>CU</arg>
<arg>CV</arg>
<arg>CW</arg>
<arg>CX</arg>
<arg>CY</arg>
<arg>CZ</arg>
<arg>DE</arg>
<arg>DJ</arg>
<arg>DK</arg>
<arg>DM</arg>
<arg>DO</arg>
<arg>DZ</arg>
<arg>EC</arg>
<arg>EE</arg>
<arg>EG</arg>
<arg>EH</arg>
<arg>ER</arg>
<arg>ES</arg>
<arg>ET</arg>
<arg>FI</arg>
<arg>FJ</arg>
<arg>FK</arg>
<arg>FM</arg>
<arg>FO</arg>
<arg>FR</arg>
<arg>GA</arg>
<arg>GB</arg>
<arg>GD</arg>
<arg>GE</arg>
<arg>GF</arg>
<arg>GG</arg>
<arg>GH</arg>
<arg>GI</arg>
<arg>GL</arg>
<arg>GM</arg>
<arg>GN</arg>
<arg>GP</arg>
<arg>GQ</arg>
<arg>GR</arg>
<arg>GS</arg>
<arg>GT</arg>
<arg>GU</arg>
<arg>GW</arg>
<arg>GY</arg>
<arg>HK</arg>
<arg>HM</arg>
<arg>HN</arg>
<arg>HR</arg>
<arg>HT</arg>
<arg>HU</arg>
<arg>ID</arg>
<arg>IE</arg>
<arg>IL</arg>
<arg>IM</arg>
<arg>IN</arg>
<arg>IO</arg>
<arg>IQ</arg>
<arg>IR</arg>
<arg>IS</arg>
<arg>IT</arg>
<arg>JE</arg>
<arg>JM</arg>
<arg>JO</arg>
<arg>JP</arg>
<arg>KE</arg>
<arg>KG</arg>
<arg>KH</arg>
<arg>KI</arg>
<arg>KM</arg>
<arg>KN</arg>
<arg>KP</arg>
<arg>KR</arg>
<arg>KW</arg>
<arg>KY</arg>
<arg>KZ</arg>
<arg>LA</arg>
<arg>LB</arg>
<arg>LC</arg>
<arg>LI</arg>
<arg>LK</arg>
<arg>LR</arg>
<arg>LS</arg>
<arg>LT</arg>
<arg>LU</arg>
<arg>LV</arg>
<arg>LY</arg>
<arg>MA</arg>
<arg>MC</arg>
<arg>MD</arg>
<arg>ME</arg>
<arg>MF</arg>
<arg>MG</arg>
<arg>MH</arg>
<arg>MK</arg>
<arg>ML</arg>
<arg>MM</arg>
<arg>MN</arg>
<arg>MO</arg>
<arg>MP</arg>
<arg>MQ</arg>
<arg>MR</arg>
<arg>MS</arg>
<arg>MT</arg>
<arg>MU</arg>
<arg>MV</arg>
<arg>MW</arg>
<arg>MX</arg>
<arg>MY</arg>
<arg>MZ</arg>
<arg>NA</arg>
<arg>NC</arg>
<arg>NE</arg>
<arg>NF</arg>
<arg>NG</arg>
<arg>NI</arg>
<arg>NL</arg>
<arg>NO</arg>
<arg>NP</arg>
<arg>NR</arg>
<arg>NU</arg>
<arg>NZ</arg>
<arg>OM</arg>
<arg>PA</arg>
<arg>PE</arg>
<arg>PF</arg>
<arg>PG</arg>
<arg>PH</arg>
<arg>PK</arg>
<arg>PL</arg>
<arg>PM</arg>
<arg>PN</arg>
<arg>PR</arg>
<arg>PS</arg>
<arg>PT</arg>
<arg>PW</arg>
<arg>PY</arg>
<arg>QA</arg>
<arg>RE</arg>
<arg>RO</arg>
<arg>RS</arg>
<arg>RU</arg>
<arg>RW</arg>
<arg>SA</arg>
<arg>SB</arg>
<arg>SC</arg>
<arg>SD</arg>
<arg>SE</arg>
<arg>SG</arg>
<arg>SH</arg>
<arg>SI</arg>
<arg>SJ</arg>
<arg>SK</arg>
<arg>SL</arg>
<arg>SM</arg>
<arg>SN</arg>
<arg>SO</arg>
<arg>SR</arg>
<arg>SS</arg>
<arg>ST</arg>
<arg>SV</arg>
<arg>SX</arg>
<arg>SY</arg>
<arg>SZ</arg>
<arg>TC</arg>
<arg>TD</arg>
<arg>TF</arg>
<arg>TG</arg>
<arg>TH</arg>
<arg>TJ</arg>
<arg>TK</arg>
<arg>TL</arg>
<arg>TM</arg>
<arg>TN</arg>
<arg>TO</arg>
<arg>TR</arg>
<arg>TT</arg>
<arg>TV</arg>
<arg>TW</arg>
<arg>TZ</arg>
<arg>UA</arg>
<arg>UG</arg>
<arg>UM</arg>
<arg>US</arg>
<arg>UY</arg>
<arg>UZ</arg>
<arg>VA</arg>
<arg>VC</arg>
<arg>VE</arg>
<arg>VG</arg>
<arg>VI</arg>
<arg>VN</arg>
<arg>VU</arg>
<arg>WF</arg>
<arg>WS</arg>
<arg>XK</arg>
<arg>YE</arg>
<arg>YT</arg>
<arg>ZA</arg>
<arg>ZM</arg>
<arg>ZW</arg>
<doc>Returns a list containing given items.</doc>
<status status="PASS" start="2024-06-05T03:18:38.163029" elapsed="0.000663"/>
</kw>
<kw name="List Should Contain Value" owner="Collections">
<msg time="2024-06-05T03:18:38.164679" level="INFO">False</msg>
<arg>${list_country}</arg>
<arg>${name_country}</arg>
<doc>Fails if the ``value`` is not found from ``list``.</doc>
<status status="PASS" start="2024-06-05T03:18:38.164474" elapsed="0.000240"/>
</kw>
<kw name="Run Keyword If" owner="BuiltIn">
<kw name="Should Be True" owner="BuiltIn">
<arg>${True}</arg>
<doc>Fails if the given condition is not true.</doc>
<status status="PASS" start="2024-06-05T03:18:38.165752" elapsed="0.000142"/>
</kw>
<arg>${json_data["results"][0]["location"]["coordinates"]["latitude"]} &gt;= -90 and ${json_data["results"][0]["location"]["coordinates"]["latitude"]} &lt;= 90</arg>
<arg>Should Be True</arg>
<arg>${True}</arg>
<doc>Runs the given keyword with the given arguments, if ``condition`` is true.</doc>
<status status="PASS" start="2024-06-05T03:18:38.165024" elapsed="0.000994"/>
</kw>
<kw name="Run Keyword If" owner="BuiltIn">
<kw name="Should Be True" owner="BuiltIn">
<arg>${True}</arg>
<doc>Fails if the given condition is not true.</doc>
<status status="PASS" start="2024-06-05T03:18:38.166891" elapsed="0.000274"/>
</kw>
<arg>${json_data["results"][0]["location"]["coordinates"]["longitude"]} &gt;= -180 and ${json_data["results"][0]["location"]["coordinates"]["longitude"]} &lt;= 180</arg>
<arg>Should Be True</arg>
<arg>${True}</arg>
<doc>Runs the given keyword with the given arguments, if ``condition`` is true.</doc>
<status status="PASS" start="2024-06-05T03:18:38.166200" elapsed="0.001109"/>
</kw>
<status status="PASS" start="2024-06-05T03:18:37.748704" elapsed="0.418740"/>
</kw>
<doc>Testa o conteúdo específico dos campos retornados pela API.</doc>
<tag>testeConteudo</tag>
<status status="PASS" start="2024-06-05T03:18:37.748183" elapsed="0.419407"/>
</test>
<status status="PASS" start="2024-06-05T03:18:36.588038" elapsed="1.581515"/>
</suite>
<status status="PASS" start="2024-06-05T03:18:36.574173" elapsed="1.600576"/>
</suite>
<statistics>
<total>
<stat pass="5" fail="0" skip="0">All Tests</stat>
</total>
<tag>
<stat pass="1" fail="0" skip="0">testeConteudo</stat>
<stat pass="1" fail="0" skip="0">testeEstruturaResposta</stat>
<stat pass="1" fail="0" skip="0">testeRequisicaoBasica</stat>
<stat pass="1" fail="0" skip="0">testeTiposDados</stat>
</tag>
<suite>
<stat pass="5" fail="0" skip="0" id="s1" name="Tests">Tests</stat>
<stat pass="5" fail="0" skip="0" id="s1-s1" name="Random-User-Test">Tests.Random-User-Test</stat>
</suite>
</statistics>
<errors>
</errors>
</robot>
