<?xml version="1.0" encoding="UTF-8"?>
<robot generator="Robot 7.0.1 (Python 3.12.4 on linux)" generated="2024-08-10T19:12:17.206102" rpa="false" schemaversion="5">
<suite id="s1" name="Tests" source="/home/runner/work/ApiRandomUser/ApiRandomUser/RamdonUser/tests">
<suite id="s1-s1" name="Random-User-Test" source="/home/runner/work/ApiRandomUser/ApiRandomUser/RamdonUser/tests/random-user-test.robot">
<test id="s1-s1-t1" name="Conectar" line="13">
<kw name="Conectar API" owner="random-user-service">
<kw name="Create Session" owner="RequestsLibrary">
<msg time="2024-08-10T19:12:17.647007" level="INFO">Creating Session using : alias=consultarAPI, url=https://randomuser.me/, headers={},                     cookies={}, auth=None, timeout=None, proxies=None, verify=False,                     debug=0 </msg>
<arg>consultarAPI</arg>
<arg>${URL}</arg>
<doc>Create Session: create a HTTP session to a server</doc>
<status status="PASS" start="2024-08-10T19:12:17.646813" elapsed="0.000363"/>
</kw>
<status status="PASS" start="2024-08-10T19:12:17.645810" elapsed="0.001720"/>
</kw>
<status status="PASS" start="2024-08-10T19:12:17.645303" elapsed="0.002440"/>
</test>
<test id="s1-s1-t2" name="Validar retorno 200 e JSON Válido" line="16">
<kw name="Teste de Requisicao Basica" owner="random-user-service">
<kw name="GET On Session" owner="RequestsLibrary">
<msg time="2024-08-10T19:12:17.746766" level="INFO">GET Request : url=https://randomuser.me/api 
 path_url=/api 
 headers={'User-Agent': 'python-requests/2.32.3', 'Accept-Encoding': 'gzip, deflate', 'Accept': '*/*', 'Connection': 'keep-alive'} 
 body=None 
 </msg>
<msg time="2024-08-10T19:12:17.746867" level="INFO">GET Response : url=https://randomuser.me/api 
 status=200, reason=OK 
 headers={'Date': 'Sat, 10 Aug 2024 19:12:17 GMT', 'Content-Type': 'application/json; charset=utf-8', 'Transfer-Encoding': 'chunked', 'Connection': 'keep-alive', 'X-Powered-By': 'Express', 'Access-Control-Allow-Origin': '*', 'Cache-Control': 'no-cache', 'ETag': 'W/"496-3y6M9vMACDz/Xx9VY9Sn3eHy6P4"', 'Vary': 'Accept-Encoding', 'Content-Encoding': 'gzip', 'CF-Cache-Status': 'DYNAMIC', 'Report-To': '{"endpoints":[{"url":"https:\\/\\/a.nel.cloudflare.com\\/report\\/v4?s=d1ME%2B2vceQms2A74QOHLAUw9I2SprsOsMrib%2BEwx2gZOanIJJ2t7XW84khok7iss5lTxRPrRfS%2F4jpeyWhiG5hrqLP37KHJJXM1Ca2klWLnNwwqKjqg5JSdq7W8hhfq9"}],"group":"cf-nel","max_age":604800}', 'NEL': '{"success_fraction":0,"report_to":"cf-nel","max_age":604800}', 'Server': 'cloudflare', 'CF-RAY': '8b124bee9d606161-ORD', 'alt-svc': 'h3=":443"; ma=86400'} 
 body={"results":[{"gender":"female","name":{"title":"Ms","first":"Radimira","last":"Bosenko"},"location":{"street":{"number":6398,"name":"Kreysera"},"city":"Krasnogorivka","state":"Dnipropetrovska","country":"Ukraine","postcode":73811,"coordinates":{"latitude":"78.4878","longitude":"176.1454"},"timezone":{"offset":"+8:00","description":"Beijing, Perth, Singapore, Hong Kong"}},"email":"radimira.bosenko@example.com","login":{"uuid":"b1ada772-b6f8-48ae-8ae9-8a1f18aae9b7","username":"organiclion716","password":"thumb","salt":"y8FGO4qP","md5":"5f166dd508a1e66c0506932a3eb9fec1","sha1":"54de88d644d06f7b41623348003b9e8949c7ffeb","sha256":"ec8b8a6acce7e7f8ab79b662dbdda2043037a30b264c62cae09960ad8f0a2c9b"},"dob":{"date":"1950-02-07T15:22:20.034Z","age":74},"registered":{"date":"2022-03-19T15:25:37.576Z","age":2},"phone":"(096) R69-5747","cell":"(096) Z15-8474","id":{"name":"","value":null},"picture":{"large":"https://randomuser.me/api/portraits/women/7.jpg","medium":"https://randomuser.me/api/portraits/med/women/7.jpg","thumbnail":"https://randomuser.me/api/portraits/thumb/women/7.jpg"},"nat":"UA"}],"info":{"seed":"02d018ffcd49d5c0","results":1,"page":1,"version":"1.4"}} 
 </msg>
<msg time="2024-08-10T19:12:17.746934" level="INFO">/opt/hostedtoolcache/Python/3.12.4/x64/lib/python3.12/site-packages/urllib3/connectionpool.py:1099: InsecureRequestWarning: Unverified HTTPS request is being made to host 'randomuser.me'. Adding certificate verification is strongly advised. See: https://urllib3.readthedocs.io/en/latest/advanced-usage.html#tls-warnings
  warnings.warn(</msg>
<msg time="2024-08-10T19:12:17.747035" level="INFO">${response} = &lt;Response [200]&gt;</msg>
<var>${response}</var>
<arg>consultarAPI</arg>
<arg>/api</arg>
<doc>Sends a GET request on a previously created HTTP Session.</doc>
<status status="PASS" start="2024-08-10T19:12:17.650244" elapsed="0.096831"/>
</kw>
<kw name="Should Be Equal As Numbers" owner="BuiltIn">
<msg time="2024-08-10T19:12:17.747909" level="INFO">Argument types are:
&lt;class 'int'&gt;
&lt;class 'str'&gt;</msg>
<arg>${response.status_code}</arg>
<arg>200</arg>
<doc>Fails if objects are unequal after converting them to real numbers.</doc>
<status status="PASS" start="2024-08-10T19:12:17.747480" elapsed="0.000492"/>
</kw>
<kw name="Log" owner="BuiltIn">
<msg time="2024-08-10T19:12:17.748642" level="INFO">200</msg>
<arg>${response.status_code}</arg>
<doc>Logs the given message with the given level.</doc>
<status status="PASS" start="2024-08-10T19:12:17.748287" elapsed="0.000397"/>
</kw>
<kw name="Set Variable" owner="BuiltIn">
<msg time="2024-08-10T19:12:17.749413" level="INFO">${json_data} = {'results': [{'gender': 'female', 'name': {'title': 'Ms', 'first': 'Radimira', 'last': 'Bosenko'}, 'location': {'street': {'number': 6398, 'name': 'Kreysera'}, 'city': 'Krasnogorivka', 'state': 'Dnipr...</msg>
<var>${json_data}</var>
<arg>${response.json()}</arg>
<doc>Returns the given values which can then be assigned to a variables.</doc>
<status status="PASS" start="2024-08-10T19:12:17.748985" elapsed="0.000456"/>
</kw>
<kw name="Dictionary Should Contain Key" owner="Collections">
<arg>${json_data}</arg>
<arg>results</arg>
<doc>Fails if ``key`` is not found from ``dictionary``.</doc>
<status status="PASS" start="2024-08-10T19:12:17.749743" elapsed="0.000290"/>
</kw>
<status status="PASS" start="2024-08-10T19:12:17.650001" elapsed="0.100181"/>
</kw>
<doc>Testa se a API responde corretamente e retorna um objeto JSON válido.</doc>
<tag>testeRequisicaoBasica</tag>
<status status="PASS" start="2024-08-10T19:12:17.649567" elapsed="0.100773"/>
</test>
<test id="s1-s1-t3" name="Validar estrutura de resposta" line="22">
<kw name="Teste de Estrutura de Resposta" owner="random-user-service">
<kw name="GET On Session" owner="RequestsLibrary">
<msg time="2024-08-10T19:12:17.847479" level="INFO">GET Request : url=https://randomuser.me/api 
 path_url=/api 
 headers={'User-Agent': 'python-requests/2.32.3', 'Accept-Encoding': 'gzip, deflate', 'Accept': '*/*', 'Connection': 'keep-alive'} 
 body=None 
 </msg>
<msg time="2024-08-10T19:12:17.847568" level="INFO">GET Response : url=https://randomuser.me/api 
 status=200, reason=OK 
 headers={'Date': 'Sat, 10 Aug 2024 19:12:17 GMT', 'Content-Type': 'application/json; charset=utf-8', 'Transfer-Encoding': 'chunked', 'Connection': 'keep-alive', 'X-Powered-By': 'Express', 'Access-Control-Allow-Origin': '*', 'Cache-Control': 'no-cache', 'ETag': 'W/"479-/F7rtTZbcb44Vq9Zu80mZgHMQp0"', 'Vary': 'Accept-Encoding', 'Content-Encoding': 'gzip', 'CF-Cache-Status': 'DYNAMIC', 'Report-To': '{"endpoints":[{"url":"https:\\/\\/a.nel.cloudflare.com\\/report\\/v4?s=6Sb1m%2FSOEJeaQKxLNjdQGjIrC7T59ZVJiYtk124r5F9hdTPOGNmuTeBoFz%2FKxDPNMuUFjZyElrffKC%2B2n4arUCZeGTwgcaPDb%2B77GB1CNkC%2Bn47BhTgLQagecs6teb0q"}],"group":"cf-nel","max_age":604800}', 'NEL': '{"success_fraction":0,"report_to":"cf-nel","max_age":604800}', 'Server': 'cloudflare', 'CF-RAY': '8b124beefdc56161-ORD', 'alt-svc': 'h3=":443"; ma=86400'} 
 body={"results":[{"gender":"female","name":{"title":"Mrs","first":"Angela","last":"Flores"},"location":{"street":{"number":2230,"name":"Avenida de América"},"city":"Madrid","state":"Aragón","country":"Spain","postcode":20673,"coordinates":{"latitude":"-32.7128","longitude":"43.3662"},"timezone":{"offset":"-10:00","description":"Hawaii"}},"email":"angela.flores@example.com","login":{"uuid":"14713080-1994-43a3-9994-a0bf6f6d1118","username":"goldenostrich125","password":"mozart","salt":"LKqlNlJJ","md5":"c5f8f42db6941229dbbe74e1d92f8124","sha1":"31dd2dbec07e0b90f698b79e8de0ac2fd12ab335","sha256":"a3df877eaaef03ecd38f05dddad07292355e03d1dc54a83eba4b74fb4c84185b"},"dob":{"date":"1985-11-21T12:40:18.839Z","age":38},"registered":{"date":"2021-08-14T02:07:59.391Z","age":2},"phone":"993-800-153","cell":"664-626-685","id":{"name":"DNI","value":"39939580-A"},"picture":{"large":"https://randomuser.me/api/portraits/women/40.jpg","medium":"https://randomuser.me/api/portraits/med/women/40.jpg","thumbnail":"https://randomuser.me/api/portraits/thumb/women/40.jpg"},"nat":"ES"}],"info":{"seed":"b10858e7acba66e5","results":1,"page":1,"version":"1.4"}} 
 </msg>
<msg time="2024-08-10T19:12:17.847725" level="INFO">/opt/hostedtoolcache/Python/3.12.4/x64/lib/python3.12/site-packages/urllib3/connectionpool.py:1099: InsecureRequestWarning: Unverified HTTPS request is being made to host 'randomuser.me'. Adding certificate verification is strongly advised. See: https://urllib3.readthedocs.io/en/latest/advanced-usage.html#tls-warnings
  warnings.warn(</msg>
<msg time="2024-08-10T19:12:17.847854" level="INFO">${response} = &lt;Response [200]&gt;</msg>
<var>${response}</var>
<arg>consultarAPI</arg>
<arg>/api</arg>
<doc>Sends a GET request on a previously created HTTP Session.</doc>
<status status="PASS" start="2024-08-10T19:12:17.752817" elapsed="0.095093"/>
</kw>
<kw name="Set Variable" owner="BuiltIn">
<msg time="2024-08-10T19:12:17.848794" level="INFO">${json_data} = {'results': [{'gender': 'female', 'name': {'title': 'Mrs', 'first': 'Angela', 'last': 'Flores'}, 'location': {'street': {'number': 2230, 'name': 'Avenida de América'}, 'city': 'Madrid', 'state': 'Arag...</msg>
<var>${json_data}</var>
<arg>${response.json()}</arg>
<doc>Returns the given values which can then be assigned to a variables.</doc>
<status status="PASS" start="2024-08-10T19:12:17.848341" elapsed="0.000484"/>
</kw>
<kw name="Log" owner="BuiltIn">
<msg time="2024-08-10T19:12:17.849287" level="INFO">{'results': [{'gender': 'female', 'name': {'title': 'Mrs', 'first': 'Angela', 'last': 'Flores'}, 'location': {'street': {'number': 2230, 'name': 'Avenida de América'}, 'city': 'Madrid', 'state': 'Aragón', 'country': 'Spain', 'postcode': 20673, 'coordinates': {'latitude': '-32.7128', 'longitude': '43.3662'}, 'timezone': {'offset': '-10:00', 'description': 'Hawaii'}}, 'email': 'angela.flores@example.com', 'login': {'uuid': '14713080-1994-43a3-9994-a0bf6f6d1118', 'username': 'goldenostrich125', 'password': 'mozart', 'salt': 'LKqlNlJJ', 'md5': 'c5f8f42db6941229dbbe74e1d92f8124', 'sha1': '31dd2dbec07e0b90f698b79e8de0ac2fd12ab335', 'sha256': 'a3df877eaaef03ecd38f05dddad07292355e03d1dc54a83eba4b74fb4c84185b'}, 'dob': {'date': '1985-11-21T12:40:18.839Z', 'age': 38}, 'registered': {'date': '2021-08-14T02:07:59.391Z', 'age': 2}, 'phone': '993-800-153', 'cell': '664-626-685', 'id': {'name': 'DNI', 'value': '39939580-A'}, 'picture': {'large': 'https://randomuser.me/api/portraits/women/40.jpg', 'medium': 'https://randomuser.me/api/portraits/med/women/40.jpg', 'thumbnail': 'https://randomuser.me/api/portraits/thumb/women/40.jpg'}, 'nat': 'ES'}], 'info': {'seed': 'b10858e7acba66e5', 'results': 1, 'page': 1, 'version': '1.4'}}</msg>
<arg>${json_data}</arg>
<doc>Logs the given message with the given level.</doc>
<status status="PASS" start="2024-08-10T19:12:17.849130" elapsed="0.000206"/>
</kw>
<kw name="Dictionary Should Contain Key" owner="Collections">
<arg>${json_data}</arg>
<arg>results</arg>
<doc>Fails if ``key`` is not found from ``dictionary``.</doc>
<status status="PASS" start="2024-08-10T19:12:17.849626" elapsed="0.000159"/>
</kw>
<kw name="Should Not Be Empty" owner="BuiltIn">
<msg time="2024-08-10T19:12:17.850096" level="INFO">Length is 2.</msg>
<arg>${json_data}</arg>
<doc>Verifies that the given item is not empty.</doc>
<status status="PASS" start="2024-08-10T19:12:17.849972" elapsed="0.000162"/>
</kw>
<kw name="Create List" owner="BuiltIn">
<msg time="2024-08-10T19:12:17.850567" level="INFO">${expected_keys} = ['gender', 'name', 'location', 'email', 'login']</msg>
<var>${expected_keys}</var>
<arg>gender</arg>
<arg>name</arg>
<arg>location</arg>
<arg>email</arg>
<arg>login</arg>
<doc>Returns a list containing given items.</doc>
<status status="PASS" start="2024-08-10T19:12:17.850419" elapsed="0.000172"/>
</kw>
<for flavor="IN">
<iter>
<kw name="Dictionary Should Contain Key" owner="Collections">
<arg>${json_data['results'][0]}</arg>
<arg>${key}</arg>
<doc>Fails if ``key`` is not found from ``dictionary``.</doc>
<status status="PASS" start="2024-08-10T19:12:17.851155" elapsed="0.000410"/>
</kw>
<kw name="Log" owner="BuiltIn">
<msg time="2024-08-10T19:12:17.852157" level="INFO">{'gender': 'female', 'name': {'title': 'Mrs', 'first': 'Angela', 'last': 'Flores'}, 'location': {'street': {'number': 2230, 'name': 'Avenida de América'}, 'city': 'Madrid', 'state': 'Aragón', 'country': 'Spain', 'postcode': 20673, 'coordinates': {'latitude': '-32.7128', 'longitude': '43.3662'}, 'timezone': {'offset': '-10:00', 'description': 'Hawaii'}}, 'email': 'angela.flores@example.com', 'login': {'uuid': '14713080-1994-43a3-9994-a0bf6f6d1118', 'username': 'goldenostrich125', 'password': 'mozart', 'salt': 'LKqlNlJJ', 'md5': 'c5f8f42db6941229dbbe74e1d92f8124', 'sha1': '31dd2dbec07e0b90f698b79e8de0ac2fd12ab335', 'sha256': 'a3df877eaaef03ecd38f05dddad07292355e03d1dc54a83eba4b74fb4c84185b'}, 'dob': {'date': '1985-11-21T12:40:18.839Z', 'age': 38}, 'registered': {'date': '2021-08-14T02:07:59.391Z', 'age': 2}, 'phone': '993-800-153', 'cell': '664-626-685', 'id': {'name': 'DNI', 'value': '39939580-A'}, 'picture': {'large': 'https://randomuser.me/api/portraits/women/40.jpg', 'medium': 'https://randomuser.me/api/portraits/med/women/40.jpg', 'thumbnail': 'https://randomuser.me/api/portraits/thumb/women/40.jpg'}, 'nat': 'ES'}</msg>
<arg>${json_data['results'][0]}</arg>
<doc>Logs the given message with the given level.</doc>
<status status="PASS" start="2024-08-10T19:12:17.851785" elapsed="0.000424"/>
</kw>
<kw name="Log" owner="BuiltIn">
<msg time="2024-08-10T19:12:17.852640" level="INFO">gender</msg>
<arg>${key}</arg>
<doc>Logs the given message with the given level.</doc>
<status status="PASS" start="2024-08-10T19:12:17.852508" elapsed="0.000171"/>
</kw>
<var name="${key}">gender</var>
<status status="PASS" start="2024-08-10T19:12:17.851034" elapsed="0.001867"/>
</iter>
<iter>
<kw name="Dictionary Should Contain Key" owner="Collections">
<arg>${json_data['results'][0]}</arg>
<arg>${key}</arg>
<doc>Fails if ``key`` is not found from ``dictionary``.</doc>
<status status="PASS" start="2024-08-10T19:12:17.853203" elapsed="0.000396"/>
</kw>
<kw name="Log" owner="BuiltIn">
<msg time="2024-08-10T19:12:17.854138" level="INFO">{'gender': 'female', 'name': {'title': 'Mrs', 'first': 'Angela', 'last': 'Flores'}, 'location': {'street': {'number': 2230, 'name': 'Avenida de América'}, 'city': 'Madrid', 'state': 'Aragón', 'country': 'Spain', 'postcode': 20673, 'coordinates': {'latitude': '-32.7128', 'longitude': '43.3662'}, 'timezone': {'offset': '-10:00', 'description': 'Hawaii'}}, 'email': 'angela.flores@example.com', 'login': {'uuid': '14713080-1994-43a3-9994-a0bf6f6d1118', 'username': 'goldenostrich125', 'password': 'mozart', 'salt': 'LKqlNlJJ', 'md5': 'c5f8f42db6941229dbbe74e1d92f8124', 'sha1': '31dd2dbec07e0b90f698b79e8de0ac2fd12ab335', 'sha256': 'a3df877eaaef03ecd38f05dddad07292355e03d1dc54a83eba4b74fb4c84185b'}, 'dob': {'date': '1985-11-21T12:40:18.839Z', 'age': 38}, 'registered': {'date': '2021-08-14T02:07:59.391Z', 'age': 2}, 'phone': '993-800-153', 'cell': '664-626-685', 'id': {'name': 'DNI', 'value': '39939580-A'}, 'picture': {'large': 'https://randomuser.me/api/portraits/women/40.jpg', 'medium': 'https://randomuser.me/api/portraits/med/women/40.jpg', 'thumbnail': 'https://randomuser.me/api/portraits/thumb/women/40.jpg'}, 'nat': 'ES'}</msg>
<arg>${json_data['results'][0]}</arg>
<doc>Logs the given message with the given level.</doc>
<status status="PASS" start="2024-08-10T19:12:17.853785" elapsed="0.000436"/>
</kw>
<kw name="Log" owner="BuiltIn">
<msg time="2024-08-10T19:12:17.854649" level="INFO">name</msg>
<arg>${key}</arg>
<doc>Logs the given message with the given level.</doc>
<status status="PASS" start="2024-08-10T19:12:17.854519" elapsed="0.000168"/>
</kw>
<var name="${key}">name</var>
<status status="PASS" start="2024-08-10T19:12:17.853086" elapsed="0.001817"/>
</iter>
<iter>
<kw name="Dictionary Should Contain Key" owner="Collections">
<arg>${json_data['results'][0]}</arg>
<arg>${key}</arg>
<doc>Fails if ``key`` is not found from ``dictionary``.</doc>
<status status="PASS" start="2024-08-10T19:12:17.855188" elapsed="0.000379"/>
</kw>
<kw name="Log" owner="BuiltIn">
<msg time="2024-08-10T19:12:17.856127" level="INFO">{'gender': 'female', 'name': {'title': 'Mrs', 'first': 'Angela', 'last': 'Flores'}, 'location': {'street': {'number': 2230, 'name': 'Avenida de América'}, 'city': 'Madrid', 'state': 'Aragón', 'country': 'Spain', 'postcode': 20673, 'coordinates': {'latitude': '-32.7128', 'longitude': '43.3662'}, 'timezone': {'offset': '-10:00', 'description': 'Hawaii'}}, 'email': 'angela.flores@example.com', 'login': {'uuid': '14713080-1994-43a3-9994-a0bf6f6d1118', 'username': 'goldenostrich125', 'password': 'mozart', 'salt': 'LKqlNlJJ', 'md5': 'c5f8f42db6941229dbbe74e1d92f8124', 'sha1': '31dd2dbec07e0b90f698b79e8de0ac2fd12ab335', 'sha256': 'a3df877eaaef03ecd38f05dddad07292355e03d1dc54a83eba4b74fb4c84185b'}, 'dob': {'date': '1985-11-21T12:40:18.839Z', 'age': 38}, 'registered': {'date': '2021-08-14T02:07:59.391Z', 'age': 2}, 'phone': '993-800-153', 'cell': '664-626-685', 'id': {'name': 'DNI', 'value': '39939580-A'}, 'picture': {'large': 'https://randomuser.me/api/portraits/women/40.jpg', 'medium': 'https://randomuser.me/api/portraits/med/women/40.jpg', 'thumbnail': 'https://randomuser.me/api/portraits/thumb/women/40.jpg'}, 'nat': 'ES'}</msg>
<arg>${json_data['results'][0]}</arg>
<doc>Logs the given message with the given level.</doc>
<status status="PASS" start="2024-08-10T19:12:17.855771" elapsed="0.000407"/>
</kw>
<kw name="Log" owner="BuiltIn">
<msg time="2024-08-10T19:12:17.856616" level="INFO">location</msg>
<arg>${key}</arg>
<doc>Logs the given message with the given level.</doc>
<status status="PASS" start="2024-08-10T19:12:17.856487" elapsed="0.000167"/>
</kw>
<var name="${key}">location</var>
<status status="PASS" start="2024-08-10T19:12:17.855079" elapsed="0.001793"/>
</iter>
<iter>
<kw name="Dictionary Should Contain Key" owner="Collections">
<arg>${json_data['results'][0]}</arg>
<arg>${key}</arg>
<doc>Fails if ``key`` is not found from ``dictionary``.</doc>
<status status="PASS" start="2024-08-10T19:12:17.857158" elapsed="0.000387"/>
</kw>
<kw name="Log" owner="BuiltIn">
<msg time="2024-08-10T19:12:17.858196" level="INFO">{'gender': 'female', 'name': {'title': 'Mrs', 'first': 'Angela', 'last': 'Flores'}, 'location': {'street': {'number': 2230, 'name': 'Avenida de América'}, 'city': 'Madrid', 'state': 'Aragón', 'country': 'Spain', 'postcode': 20673, 'coordinates': {'latitude': '-32.7128', 'longitude': '43.3662'}, 'timezone': {'offset': '-10:00', 'description': 'Hawaii'}}, 'email': 'angela.flores@example.com', 'login': {'uuid': '14713080-1994-43a3-9994-a0bf6f6d1118', 'username': 'goldenostrich125', 'password': 'mozart', 'salt': 'LKqlNlJJ', 'md5': 'c5f8f42db6941229dbbe74e1d92f8124', 'sha1': '31dd2dbec07e0b90f698b79e8de0ac2fd12ab335', 'sha256': 'a3df877eaaef03ecd38f05dddad07292355e03d1dc54a83eba4b74fb4c84185b'}, 'dob': {'date': '1985-11-21T12:40:18.839Z', 'age': 38}, 'registered': {'date': '2021-08-14T02:07:59.391Z', 'age': 2}, 'phone': '993-800-153', 'cell': '664-626-685', 'id': {'name': 'DNI', 'value': '39939580-A'}, 'picture': {'large': 'https://randomuser.me/api/portraits/women/40.jpg', 'medium': 'https://randomuser.me/api/portraits/med/women/40.jpg', 'thumbnail': 'https://randomuser.me/api/portraits/thumb/women/40.jpg'}, 'nat': 'ES'}</msg>
<arg>${json_data['results'][0]}</arg>
<doc>Logs the given message with the given level.</doc>
<status status="PASS" start="2024-08-10T19:12:17.857840" elapsed="0.000407"/>
</kw>
<kw name="Log" owner="BuiltIn">
<msg time="2024-08-10T19:12:17.858691" level="INFO">email</msg>
<arg>${key}</arg>
<doc>Logs the given message with the given level.</doc>
<status status="PASS" start="2024-08-10T19:12:17.858558" elapsed="0.000173"/>
</kw>
<var name="${key}">email</var>
<status status="PASS" start="2024-08-10T19:12:17.857052" elapsed="0.001905"/>
</iter>
<iter>
<kw name="Dictionary Should Contain Key" owner="Collections">
<arg>${json_data['results'][0]}</arg>
<arg>${key}</arg>
<doc>Fails if ``key`` is not found from ``dictionary``.</doc>
<status status="PASS" start="2024-08-10T19:12:17.859240" elapsed="0.000378"/>
</kw>
<kw name="Log" owner="BuiltIn">
<msg time="2024-08-10T19:12:17.860185" level="INFO">{'gender': 'female', 'name': {'title': 'Mrs', 'first': 'Angela', 'last': 'Flores'}, 'location': {'street': {'number': 2230, 'name': 'Avenida de América'}, 'city': 'Madrid', 'state': 'Aragón', 'country': 'Spain', 'postcode': 20673, 'coordinates': {'latitude': '-32.7128', 'longitude': '43.3662'}, 'timezone': {'offset': '-10:00', 'description': 'Hawaii'}}, 'email': 'angela.flores@example.com', 'login': {'uuid': '14713080-1994-43a3-9994-a0bf6f6d1118', 'username': 'goldenostrich125', 'password': 'mozart', 'salt': 'LKqlNlJJ', 'md5': 'c5f8f42db6941229dbbe74e1d92f8124', 'sha1': '31dd2dbec07e0b90f698b79e8de0ac2fd12ab335', 'sha256': 'a3df877eaaef03ecd38f05dddad07292355e03d1dc54a83eba4b74fb4c84185b'}, 'dob': {'date': '1985-11-21T12:40:18.839Z', 'age': 38}, 'registered': {'date': '2021-08-14T02:07:59.391Z', 'age': 2}, 'phone': '993-800-153', 'cell': '664-626-685', 'id': {'name': 'DNI', 'value': '39939580-A'}, 'picture': {'large': 'https://randomuser.me/api/portraits/women/40.jpg', 'medium': 'https://randomuser.me/api/portraits/med/women/40.jpg', 'thumbnail': 'https://randomuser.me/api/portraits/thumb/women/40.jpg'}, 'nat': 'ES'}</msg>
<arg>${json_data['results'][0]}</arg>
<doc>Logs the given message with the given level.</doc>
<status status="PASS" start="2024-08-10T19:12:17.859833" elapsed="0.000402"/>
</kw>
<kw name="Log" owner="BuiltIn">
<msg time="2024-08-10T19:12:17.860659" level="INFO">login</msg>
<arg>${key}</arg>
<doc>Logs the given message with the given level.</doc>
<status status="PASS" start="2024-08-10T19:12:17.860530" elapsed="0.000167"/>
</kw>
<var name="${key}">login</var>
<status status="PASS" start="2024-08-10T19:12:17.859133" elapsed="0.001780"/>
</iter>
<var>${key}</var>
<value>@{expected_keys}</value>
<status status="PASS" start="2024-08-10T19:12:17.850854" elapsed="0.010183"/>
</for>
<kw name="Create List" owner="BuiltIn">
<msg time="2024-08-10T19:12:17.861363" level="INFO">${expected_keysTwo} = ['username', 'password']</msg>
<var>${expected_keysTwo}</var>
<arg>username</arg>
<arg>password</arg>
<doc>Returns a list containing given items.</doc>
<status status="PASS" start="2024-08-10T19:12:17.861227" elapsed="0.000160"/>
</kw>
<for flavor="IN">
<iter>
<kw name="Dictionary Should Contain Key" owner="Collections">
<arg>${json_data['results'][0]['login']}</arg>
<arg>${keyTwo}</arg>
<doc>Fails if ``key`` is not found from ``dictionary``.</doc>
<status status="PASS" start="2024-08-10T19:12:17.861918" elapsed="0.000394"/>
</kw>
<kw name="Dictionary Should Contain Key" owner="Collections">
<arg>${json_data['results'][0]['login']}</arg>
<arg>${keyTwo}</arg>
<doc>Fails if ``key`` is not found from ``dictionary``.</doc>
<status status="PASS" start="2024-08-10T19:12:17.862494" elapsed="0.000369"/>
</kw>
<kw name="Log" owner="BuiltIn">
<msg time="2024-08-10T19:12:17.863156" level="INFO">username</msg>
<arg>${keyTwo}</arg>
<doc>Logs the given message with the given level.</doc>
<status status="PASS" start="2024-08-10T19:12:17.863038" elapsed="0.000155"/>
</kw>
<var name="${keyTwo}">username</var>
<status status="PASS" start="2024-08-10T19:12:17.861810" elapsed="0.001600"/>
</iter>
<iter>
<kw name="Dictionary Should Contain Key" owner="Collections">
<arg>${json_data['results'][0]['login']}</arg>
<arg>${keyTwo}</arg>
<doc>Fails if ``key`` is not found from ``dictionary``.</doc>
<status status="PASS" start="2024-08-10T19:12:17.863712" elapsed="0.000403"/>
</kw>
<kw name="Dictionary Should Contain Key" owner="Collections">
<arg>${json_data['results'][0]['login']}</arg>
<arg>${keyTwo}</arg>
<doc>Fails if ``key`` is not found from ``dictionary``.</doc>
<status status="PASS" start="2024-08-10T19:12:17.864292" elapsed="0.000374"/>
</kw>
<kw name="Log" owner="BuiltIn">
<msg time="2024-08-10T19:12:17.864963" level="INFO">password</msg>
<arg>${keyTwo}</arg>
<doc>Logs the given message with the given level.</doc>
<status status="PASS" start="2024-08-10T19:12:17.864843" elapsed="0.000158"/>
</kw>
<var name="${keyTwo}">password</var>
<status status="PASS" start="2024-08-10T19:12:17.863584" elapsed="0.001637"/>
</iter>
<var>${keyTwo}</var>
<value>@{expected_keysTwo}</value>
<status status="PASS" start="2024-08-10T19:12:17.861655" elapsed="0.003689"/>
</for>
<status status="PASS" start="2024-08-10T19:12:17.752591" elapsed="0.112891"/>
</kw>
<doc>Testa a estrutura da resposta da API.</doc>
<tag>testeEstruturaResposta</tag>
<status status="PASS" start="2024-08-10T19:12:17.752117" elapsed="0.113515"/>
</test>
<test id="s1-s1-t4" name="Validar tipos de dados" line="28">
<kw name="Teste de Tipos de Dados" owner="random-user-service">
<kw name="GET On Session" owner="RequestsLibrary">
<msg time="2024-08-10T19:12:17.957428" level="INFO">GET Request : url=https://randomuser.me/api 
 path_url=/api 
 headers={'User-Agent': 'python-requests/2.32.3', 'Accept-Encoding': 'gzip, deflate', 'Accept': '*/*', 'Connection': 'keep-alive'} 
 body=None 
 </msg>
<msg time="2024-08-10T19:12:17.957506" level="INFO">GET Response : url=https://randomuser.me/api 
 status=200, reason=OK 
 headers={'Date': 'Sat, 10 Aug 2024 19:12:17 GMT', 'Content-Type': 'application/json; charset=utf-8', 'Transfer-Encoding': 'chunked', 'Connection': 'keep-alive', 'X-Powered-By': 'Express', 'Access-Control-Allow-Origin': '*', 'Cache-Control': 'no-cache', 'ETag': 'W/"480-Ak+/6IqHq40HuIi57TKpjtIwK7Q"', 'Vary': 'Accept-Encoding', 'Content-Encoding': 'gzip', 'CF-Cache-Status': 'DYNAMIC', 'Report-To': '{"endpoints":[{"url":"https:\\/\\/a.nel.cloudflare.com\\/report\\/v4?s=KLAeqp83HtVZ6Viv1T9LAtOohZAEPq4M%2Bt48EN%2FQPQeHWwMgM6m8khKfNQfUvDY8xJdsVEBJz0%2BeU02bLbS%2FtRUKqSEdsqKMlFTL9F%2BUruBhSIFJcvdjZxJ3Ll%2BDrLOG"}],"group":"cf-nel","max_age":604800}', 'NEL': '{"success_fraction":0,"report_to":"cf-nel","max_age":604800}', 'Server': 'cloudflare', 'CF-RAY': '8b124befbe666161-ORD', 'alt-svc': 'h3=":443"; ma=86400'} 
 body={"results":[{"gender":"female","name":{"title":"Mrs","first":"Eva","last":"Vargas"},"location":{"street":{"number":9252,"name":"York Road"},"city":"Plymouth","state":"Isle of Wight","country":"United Kingdom","postcode":"KE4 2PX","coordinates":{"latitude":"-12.5206","longitude":"119.4623"},"timezone":{"offset":"+4:30","description":"Kabul"}},"email":"eva.vargas@example.com","login":{"uuid":"5e7aefa8-e931-4674-86d8-7cdcde103723","username":"lazyladybug820","password":"stacey","salt":"LohAEpcz","md5":"2d76b86eca9668b366529d6940a16241","sha1":"a93805aed9e07ad2aab0a9b82b0bd9435679d4fd","sha256":"6fbfabdb560be08486be5e31fc8023b35d1212868422ece1a8f43519b8380096"},"dob":{"date":"1994-03-25T13:57:50.461Z","age":30},"registered":{"date":"2018-05-31T16:34:43.962Z","age":6},"phone":"016977 4240","cell":"07352 597363","id":{"name":"NINO","value":"OH 51 29 97 N"},"picture":{"large":"https://randomuser.me/api/portraits/women/82.jpg","medium":"https://randomuser.me/api/portraits/med/women/82.jpg","thumbnail":"https://randomuser.me/api/portraits/thumb/women/82.jpg"},"nat":"GB"}],"info":{"seed":"85b97023651ffaa6","results":1,"page":1,"version":"1.4"}} 
 </msg>
<msg time="2024-08-10T19:12:17.957572" level="INFO">/opt/hostedtoolcache/Python/3.12.4/x64/lib/python3.12/site-packages/urllib3/connectionpool.py:1099: InsecureRequestWarning: Unverified HTTPS request is being made to host 'randomuser.me'. Adding certificate verification is strongly advised. See: https://urllib3.readthedocs.io/en/latest/advanced-usage.html#tls-warnings
  warnings.warn(</msg>
<msg time="2024-08-10T19:12:17.957683" level="INFO">${response} = &lt;Response [200]&gt;</msg>
<var>${response}</var>
<arg>consultarAPI</arg>
<arg>/api</arg>
<doc>Sends a GET request on a previously created HTTP Session.</doc>
<status status="PASS" start="2024-08-10T19:12:17.868010" elapsed="0.089719"/>
</kw>
<kw name="Set Variable" owner="BuiltIn">
<msg time="2024-08-10T19:12:17.958619" level="INFO">${json_data} = {'results': [{'gender': 'female', 'name': {'title': 'Mrs', 'first': 'Eva', 'last': 'Vargas'}, 'location': {'street': {'number': 9252, 'name': 'York Road'}, 'city': 'Plymouth', 'state': 'Isle of Wight'...</msg>
<var>${json_data}</var>
<arg>${response.json()}</arg>
<doc>Returns the given values which can then be assigned to a variables.</doc>
<status status="PASS" start="2024-08-10T19:12:17.958166" elapsed="0.000483"/>
</kw>
<kw name="Log" owner="BuiltIn">
<msg time="2024-08-10T19:12:17.959106" level="INFO">{'results': [{'gender': 'female', 'name': {'title': 'Mrs', 'first': 'Eva', 'last': 'Vargas'}, 'location': {'street': {'number': 9252, 'name': 'York Road'}, 'city': 'Plymouth', 'state': 'Isle of Wight', 'country': 'United Kingdom', 'postcode': 'KE4 2PX', 'coordinates': {'latitude': '-12.5206', 'longitude': '119.4623'}, 'timezone': {'offset': '+4:30', 'description': 'Kabul'}}, 'email': 'eva.vargas@example.com', 'login': {'uuid': '5e7aefa8-e931-4674-86d8-7cdcde103723', 'username': 'lazyladybug820', 'password': 'stacey', 'salt': 'LohAEpcz', 'md5': '2d76b86eca9668b366529d6940a16241', 'sha1': 'a93805aed9e07ad2aab0a9b82b0bd9435679d4fd', 'sha256': '6fbfabdb560be08486be5e31fc8023b35d1212868422ece1a8f43519b8380096'}, 'dob': {'date': '1994-03-25T13:57:50.461Z', 'age': 30}, 'registered': {'date': '2018-05-31T16:34:43.962Z', 'age': 6}, 'phone': '016977 4240', 'cell': '07352 597363', 'id': {'name': 'NINO', 'value': 'OH 51 29 97 N'}, 'picture': {'large': 'https://randomuser.me/api/portraits/women/82.jpg', 'medium': 'https://randomuser.me/api/portraits/med/women/82.jpg', 'thumbnail': 'https://randomuser.me/api/portraits/thumb/women/82.jpg'}, 'nat': 'GB'}], 'info': {'seed': '85b97023651ffaa6', 'results': 1, 'page': 1, 'version': '1.4'}}</msg>
<arg>${json_data}</arg>
<doc>Logs the given message with the given level.</doc>
<status status="PASS" start="2024-08-10T19:12:17.958955" elapsed="0.000198"/>
</kw>
<kw name="Should Be String" owner="String">
<arg>${json_data['results'][0]['gender']}</arg>
<doc>Fails if the given ``item`` is not a string.</doc>
<status status="PASS" start="2024-08-10T19:12:17.959441" elapsed="0.000404"/>
</kw>
<kw name="Should Match Regexp" owner="BuiltIn">
<arg>${json_data['results'][0]['email']}</arg>
<arg>^[a-zA-Z0-9._%+-]+@[a-zA-Z0-9.-]+\.[a-zA-Z]{2,}$</arg>
<doc>Fails if ``string`` does not match ``pattern`` as a regular expression.</doc>
<status status="PASS" start="2024-08-10T19:12:17.960038" elapsed="0.000507"/>
</kw>
<kw name="Should Match Regexp" owner="BuiltIn">
<arg>${json_data['results'][0]['dob']['date']}</arg>
<arg>\\d{4}-\\d{2}-\\d{2}T\\d{2}:\\d{2}:\\d{2}\\.\\d{3}Z</arg>
<doc>Fails if ``string`` does not match ``pattern`` as a regular expression.</doc>
<status status="PASS" start="2024-08-10T19:12:17.960772" elapsed="0.000607"/>
</kw>
<kw name="Should Match Regexp" owner="BuiltIn">
<arg>${json_data['results'][0]['registered']['date']}</arg>
<arg>\\d{4}-\\d{2}-\\d{2}T\\d{2}:\\d{2}:\\d{2}\\.\\d{3}Z</arg>
<doc>Fails if ``string`` does not match ``pattern`` as a regular expression.</doc>
<status status="PASS" start="2024-08-10T19:12:17.961574" elapsed="0.000367"/>
</kw>
<kw name="Should Match Regexp" owner="BuiltIn">
<arg>${json_data['results'][0]['picture']['large']}</arg>
<arg>^https?://.*\.(?:png|jpe?g|gif|bmp)$</arg>
<doc>Fails if ``string`` does not match ``pattern`` as a regular expression.</doc>
<status status="PASS" start="2024-08-10T19:12:17.962125" elapsed="0.000460"/>
</kw>
<kw name="Should Match Regexp" owner="BuiltIn">
<arg>${json_data['results'][0]['picture']['medium']}</arg>
<arg>^https?://.*\.(?:png|jpe?g|gif|bmp)$</arg>
<doc>Fails if ``string`` does not match ``pattern`` as a regular expression.</doc>
<status status="PASS" start="2024-08-10T19:12:17.962773" elapsed="0.000355"/>
</kw>
<kw name="Should Match Regexp" owner="BuiltIn">
<arg>${json_data['results'][0]['picture']['thumbnail']}</arg>
<arg>^https?://.*\.(?:png|jpe?g|gif|bmp)$</arg>
<doc>Fails if ``string`` does not match ``pattern`` as a regular expression.</doc>
<status status="PASS" start="2024-08-10T19:12:17.963310" elapsed="0.000388"/>
</kw>
<kw name="Log" owner="BuiltIn">
<msg time="2024-08-10T19:12:17.964226" level="INFO">{'large': 'https://randomuser.me/api/portraits/women/82.jpg', 'medium': 'https://randomuser.me/api/portraits/med/women/82.jpg', 'thumbnail': 'https://randomuser.me/api/portraits/thumb/women/82.jpg'}</msg>
<arg>${json_data['results'][0]['picture']}</arg>
<doc>Logs the given message with the given level.</doc>
<status status="PASS" start="2024-08-10T19:12:17.963894" elapsed="0.000374"/>
</kw>
<status status="PASS" start="2024-08-10T19:12:17.867777" elapsed="0.096747"/>
</kw>
<kw name="Teste de Tipos de Dados - Postcode" owner="random-user-service">
<kw name="GET On Session" owner="RequestsLibrary">
<msg time="2024-08-10T19:12:18.049320" level="INFO">GET Request : url=https://randomuser.me/api 
 path_url=/api 
 headers={'User-Agent': 'python-requests/2.32.3', 'Accept-Encoding': 'gzip, deflate', 'Accept': '*/*', 'Connection': 'keep-alive'} 
 body=None 
 </msg>
<msg time="2024-08-10T19:12:18.049383" level="INFO">GET Response : url=https://randomuser.me/api 
 status=200, reason=OK 
 headers={'Date': 'Sat, 10 Aug 2024 19:12:18 GMT', 'Content-Type': 'application/json; charset=utf-8', 'Transfer-Encoding': 'chunked', 'Connection': 'keep-alive', 'X-Powered-By': 'Express', 'Access-Control-Allow-Origin': '*', 'Cache-Control': 'no-cache', 'ETag': 'W/"4a5-uWiY/o5bO29xpJeNu1s2YexMLa8"', 'Vary': 'Accept-Encoding', 'Content-Encoding': 'gzip', 'CF-Cache-Status': 'DYNAMIC', 'Report-To': '{"endpoints":[{"url":"https:\\/\\/a.nel.cloudflare.com\\/report\\/v4?s=HKzNANr8tDSAVQ9l8F9K3gLQDRfpVrTYvonT9NzaIXcaPCr0YCwNRB9Ibpd3BCfi0vXCsMiLaZzWT9A5OdOK4bBgUsRYXqKgETbl31e%2BwGKFlDTlAK%2FRhGdI1ub9jpSa"}],"group":"cf-nel","max_age":604800}', 'NEL': '{"success_fraction":0,"report_to":"cf-nel","max_age":604800}', 'Server': 'cloudflare', 'CF-RAY': '8b124bf04eee6161-ORD', 'alt-svc': 'h3=":443"; ma=86400'} 
 body={"results":[{"gender":"male","name":{"title":"Mr","first":"Mathéo","last":"Giraud"},"location":{"street":{"number":2396,"name":"Rue Denfert-Rochereau"},"city":"Poitiers","state":"Cantal","country":"France","postcode":66667,"coordinates":{"latitude":"-17.2945","longitude":"-25.8480"},"timezone":{"offset":"0:00","description":"Western Europe Time, London, Lisbon, Casablanca"}},"email":"matheo.giraud@example.com","login":{"uuid":"a673ab2a-59c3-4cbb-b32f-3cd12ee2cb6c","username":"blackzebra320","password":"carole","salt":"uLXmWUT0","md5":"b5ac2dcd4f5e7cab017c523db04e64ca","sha1":"73570ec2eda785e22ce529318e324f95efe94ce0","sha256":"46adf7c5ff42a5055178c35b7b602b3a8465db7bbe5416c9d82a4ce97d4ef4ef"},"dob":{"date":"1988-05-16T20:33:45.919Z","age":36},"registered":{"date":"2018-08-13T20:01:12.847Z","age":5},"phone":"01-99-17-64-74","cell":"06-17-23-71-07","id":{"name":"INSEE","value":"1880471449531 57"},"picture":{"large":"https://randomuser.me/api/portraits/men/8.jpg","medium":"https://randomuser.me/api/portraits/med/men/8.jpg","thumbnail":"https://randomuser.me/api/portraits/thumb/men/8.jpg"},"nat":"FR"}],"info":{"seed":"9acd13c99d8c09d0","results":1,"page":1,"version":"1.4"}} 
 </msg>
<msg time="2024-08-10T19:12:18.049440" level="INFO">/opt/hostedtoolcache/Python/3.12.4/x64/lib/python3.12/site-packages/urllib3/connectionpool.py:1099: InsecureRequestWarning: Unverified HTTPS request is being made to host 'randomuser.me'. Adding certificate verification is strongly advised. See: https://urllib3.readthedocs.io/en/latest/advanced-usage.html#tls-warnings
  warnings.warn(</msg>
<msg time="2024-08-10T19:12:18.049524" level="INFO">${response} = &lt;Response [200]&gt;</msg>
<var>${response}</var>
<arg>consultarAPI</arg>
<arg>/api</arg>
<doc>Sends a GET request on a previously created HTTP Session.</doc>
<status status="PASS" start="2024-08-10T19:12:17.964953" elapsed="0.084600"/>
</kw>
<kw name="Set Variable" owner="BuiltIn">
<msg time="2024-08-10T19:12:18.050465" level="INFO">${json_data} = {'results': [{'gender': 'male', 'name': {'title': 'Mr', 'first': 'Mathéo', 'last': 'Giraud'}, 'location': {'street': {'number': 2396, 'name': 'Rue Denfert-Rochereau'}, 'city': 'Poitiers', 'state': 'Ca...</msg>
<var>${json_data}</var>
<arg>${response.json()}</arg>
<doc>Returns the given values which can then be assigned to a variables.</doc>
<status status="PASS" start="2024-08-10T19:12:18.049995" elapsed="0.000499"/>
</kw>
<kw name="Log" owner="BuiltIn">
<msg time="2024-08-10T19:12:18.050950" level="INFO">{'results': [{'gender': 'male', 'name': {'title': 'Mr', 'first': 'Mathéo', 'last': 'Giraud'}, 'location': {'street': {'number': 2396, 'name': 'Rue Denfert-Rochereau'}, 'city': 'Poitiers', 'state': 'Cantal', 'country': 'France', 'postcode': 66667, 'coordinates': {'latitude': '-17.2945', 'longitude': '-25.8480'}, 'timezone': {'offset': '0:00', 'description': 'Western Europe Time, London, Lisbon, Casablanca'}}, 'email': 'matheo.giraud@example.com', 'login': {'uuid': 'a673ab2a-59c3-4cbb-b32f-3cd12ee2cb6c', 'username': 'blackzebra320', 'password': 'carole', 'salt': 'uLXmWUT0', 'md5': 'b5ac2dcd4f5e7cab017c523db04e64ca', 'sha1': '73570ec2eda785e22ce529318e324f95efe94ce0', 'sha256': '46adf7c5ff42a5055178c35b7b602b3a8465db7bbe5416c9d82a4ce97d4ef4ef'}, 'dob': {'date': '1988-05-16T20:33:45.919Z', 'age': 36}, 'registered': {'date': '2018-08-13T20:01:12.847Z', 'age': 5}, 'phone': '01-99-17-64-74', 'cell': '06-17-23-71-07', 'id': {'name': 'INSEE', 'value': '1880471449531 57'}, 'picture': {'large': 'https://randomuser.me/api/portraits/men/8.jpg', 'medium': 'https://randomuser.me/api/portraits/med/men/8.jpg', 'thumbnail': 'https://randomuser.me/api/portraits/thumb/men/8.jpg'}, 'nat': 'FR'}], 'info': {'seed': '9acd13c99d8c09d0', 'results': 1, 'page': 1, 'version': '1.4'}}</msg>
<arg>${json_data}</arg>
<doc>Logs the given message with the given level.</doc>
<status status="PASS" start="2024-08-10T19:12:18.050794" elapsed="0.000214"/>
</kw>
<kw name="Should Be Equal As Numbers" owner="BuiltIn">
<arg>${json_data['results'][0]['location']['postcode']}</arg>
<arg>${json_data['results'][0]['location']['postcode']}</arg>
<doc>Fails if objects are unequal after converting them to real numbers.</doc>
<status status="PASS" start="2024-08-10T19:12:18.051301" elapsed="0.000660"/>
</kw>
<kw name="Log" owner="BuiltIn">
<msg time="2024-08-10T19:12:18.052485" level="INFO">66667</msg>
<arg>${json_data['results'][0]['location']['postcode']}</arg>
<doc>Logs the given message with the given level.</doc>
<status status="PASS" start="2024-08-10T19:12:18.052147" elapsed="0.000378"/>
</kw>
<status status="PASS" start="2024-08-10T19:12:17.964737" elapsed="0.088061"/>
</kw>
<doc>Testa se os tipos de dados na resposta da API estão corretos.</doc>
<tag>testeTiposDados</tag>
<status status="PASS" start="2024-08-10T19:12:17.867331" elapsed="0.185626"/>
</test>
<test id="s1-s1-t5" name="Validar conteudo" line="35">
<kw name="Teste de Tipos de Conteudo" owner="random-user-service">
<kw name="GET On Session" owner="RequestsLibrary">
<msg time="2024-08-10T19:12:18.139825" level="INFO">GET Request : url=https://randomuser.me/api 
 path_url=/api 
 headers={'User-Agent': 'python-requests/2.32.3', 'Accept-Encoding': 'gzip, deflate', 'Accept': '*/*', 'Connection': 'keep-alive'} 
 body=None 
 </msg>
<msg time="2024-08-10T19:12:18.139910" level="INFO">GET Response : url=https://randomuser.me/api 
 status=200, reason=OK 
 headers={'Date': 'Sat, 10 Aug 2024 19:12:18 GMT', 'Content-Type': 'application/json; charset=utf-8', 'Transfer-Encoding': 'chunked', 'Connection': 'keep-alive', 'X-Powered-By': 'Express', 'Access-Control-Allow-Origin': '*', 'Cache-Control': 'no-cache', 'ETag': 'W/"46d-/i8QUKjGAWGstromlI7aljfK/aI"', 'Vary': 'Accept-Encoding', 'Content-Encoding': 'gzip', 'CF-Cache-Status': 'DYNAMIC', 'Report-To': '{"endpoints":[{"url":"https:\\/\\/a.nel.cloudflare.com\\/report\\/v4?s=pEwNk3hl2immxEC5PEE%2FyFgxMOxTViyNKXcJKLl67IjtXXNKK1BeN2aMtjmrUEUrUqVFZMqG9zXS8JmY21RgtOOjQggxp%2F4bWaOPe2CDN5eokJ5fTjNR4Xy3nDHPXPdE"}],"group":"cf-nel","max_age":604800}', 'NEL': '{"success_fraction":0,"report_to":"cf-nel","max_age":604800}', 'Server': 'cloudflare', 'CF-RAY': '8b124bf0df6e6161-ORD', 'alt-svc': 'h3=":443"; ma=86400'} 
 body={"results":[{"gender":"male","name":{"title":"Mr","first":"Adem","last":"Karaer"},"location":{"street":{"number":326,"name":"Atatürk Sk"},"city":"Hakkâri","state":"Tokat","country":"Turkey","postcode":90189,"coordinates":{"latitude":"65.0204","longitude":"-57.9050"},"timezone":{"offset":"+9:30","description":"Adelaide, Darwin"}},"email":"adem.karaer@example.com","login":{"uuid":"17e005be-af8c-4655-9af4-700dab35b494","username":"yellowelephant529","password":"paintball","salt":"N9FUxutZ","md5":"7f21fa3793a7ab6faba5613ab8242a20","sha1":"21e71cc9decd5ee713d9c7a21b6e3819c915c23a","sha256":"07e422bd611d2408314ab2320354807574406fd39ae6758af6c0c3d0c5611815"},"dob":{"date":"1946-02-12T00:38:00.406Z","age":78},"registered":{"date":"2002-10-31T04:42:32.598Z","age":21},"phone":"(672)-372-5278","cell":"(229)-597-9396","id":{"name":"","value":null},"picture":{"large":"https://randomuser.me/api/portraits/men/84.jpg","medium":"https://randomuser.me/api/portraits/med/men/84.jpg","thumbnail":"https://randomuser.me/api/portraits/thumb/men/84.jpg"},"nat":"TR"}],"info":{"seed":"9c56b2a98db47f66","results":1,"page":1,"version":"1.4"}} 
 </msg>
<msg time="2024-08-10T19:12:18.139985" level="INFO">/opt/hostedtoolcache/Python/3.12.4/x64/lib/python3.12/site-packages/urllib3/connectionpool.py:1099: InsecureRequestWarning: Unverified HTTPS request is being made to host 'randomuser.me'. Adding certificate verification is strongly advised. See: https://urllib3.readthedocs.io/en/latest/advanced-usage.html#tls-warnings
  warnings.warn(</msg>
<msg time="2024-08-10T19:12:18.140095" level="INFO">${response} = &lt;Response [200]&gt;</msg>
<var>${response}</var>
<arg>consultarAPI</arg>
<arg>/api</arg>
<doc>Sends a GET request on a previously created HTTP Session.</doc>
<status status="PASS" start="2024-08-10T19:12:18.055365" elapsed="0.084770"/>
</kw>
<kw name="Set Variable" owner="BuiltIn">
<msg time="2024-08-10T19:12:18.141122" level="INFO">${json_data} = {'results': [{'gender': 'male', 'name': {'title': 'Mr', 'first': 'Adem', 'last': 'Karaer'}, 'location': {'street': {'number': 326, 'name': 'Atatürk Sk'}, 'city': 'Hakkâri', 'state': 'Tokat', 'country'...</msg>
<var>${json_data}</var>
<arg>${response.json()}</arg>
<doc>Returns the given values which can then be assigned to a variables.</doc>
<status status="PASS" start="2024-08-10T19:12:18.140665" elapsed="0.000488"/>
</kw>
<kw name="Set Variable" owner="BuiltIn">
<msg time="2024-08-10T19:12:18.141836" level="INFO">${name_title} = Mr</msg>
<var>${name_title}</var>
<arg>${json_data["results"][0]["name"]["title"]}</arg>
<doc>Returns the given values which can then be assigned to a variables.</doc>
<status status="PASS" start="2024-08-10T19:12:18.141456" elapsed="0.000405"/>
</kw>
<kw name="Create List" owner="BuiltIn">
<msg time="2024-08-10T19:12:18.142305" level="INFO">${allowed_titles} = ['Mr', 'Ms', 'Miss', 'Mrs', 'Madame', 'Monsieur']</msg>
<var>${allowed_titles}</var>
<arg>Mr</arg>
<arg>Ms</arg>
<arg>Miss</arg>
<arg>Mrs</arg>
<arg>Madame</arg>
<arg>Monsieur</arg>
<doc>Returns a list containing given items.</doc>
<status status="PASS" start="2024-08-10T19:12:18.142154" elapsed="0.000175"/>
</kw>
<kw name="List Should Contain Value" owner="Collections">
<arg>${allowed_titles}</arg>
<arg>${name_title}</arg>
<doc>Fails if the ``value`` is not found from ``list``.</doc>
<status status="PASS" start="2024-08-10T19:12:18.142620" elapsed="0.000176"/>
</kw>
<kw name="Set Variable" owner="BuiltIn">
<msg time="2024-08-10T19:12:18.143349" level="INFO">${name_country} = TR</msg>
<var>${name_country}</var>
<arg>${json_data["results"][0]["nat"]}</arg>
<doc>Returns the given values which can then be assigned to a variables.</doc>
<status status="PASS" start="2024-08-10T19:12:18.142979" elapsed="0.000395"/>
</kw>
<kw name="Create List" owner="BuiltIn">
<msg time="2024-08-10T19:12:18.144298" level="INFO">${list_country} = ['AD', 'AE', 'AF', 'AG', 'AI', 'AL', 'AM', 'AO', 'AQ', 'AR', 'AS', 'AT', 'AU', 'AW', 'AX', 'AZ', 'BA', 'BB', 'BD', 'BE', 'BF', 'BG', 'BH', 'BI', 'BJ', 'BL', 'BM', 'BN', 'BO', 'BQ', 'BR', 'BS', 'BT', '...</msg>
<var>${list_country}</var>
<arg>AD</arg>
<arg>AE</arg>
<arg>AF</arg>
<arg>AG</arg>
<arg>AI</arg>
<arg>AL</arg>
<arg>AM</arg>
<arg>AO</arg>
<arg>AQ</arg>
<arg>AR</arg>
<arg>AS</arg>
<arg>AT</arg>
<arg>AU</arg>
<arg>AW</arg>
<arg>AX</arg>
<arg>AZ</arg>
<arg>BA</arg>
<arg>BB</arg>
<arg>BD</arg>
<arg>BE</arg>
<arg>BF</arg>
<arg>BG</arg>
<arg>BH</arg>
<arg>BI</arg>
<arg>BJ</arg>
<arg>BL</arg>
<arg>BM</arg>
<arg>BN</arg>
<arg>BO</arg>
<arg>BQ</arg>
<arg>BR</arg>
<arg>BS</arg>
<arg>BT</arg>
<arg>BV</arg>
<arg>BW</arg>
<arg>BY</arg>
<arg>BZ</arg>
<arg>CA</arg>
<arg>CC</arg>
<arg>CD</arg>
<arg>CF</arg>
<arg>CG</arg>
<arg>CH</arg>
<arg>CI</arg>
<arg>CK</arg>
<arg>CL</arg>
<arg>CM</arg>
<arg>CN</arg>
<arg>CO</arg>
<arg>CR</arg>
<arg>CU</arg>
<arg>CV</arg>
<arg>CW</arg>
<arg>CX</arg>
<arg>CY</arg>
<arg>CZ</arg>
<arg>DE</arg>
<arg>DJ</arg>
<arg>DK</arg>
<arg>DM</arg>
<arg>DO</arg>
<arg>DZ</arg>
<arg>EC</arg>
<arg>EE</arg>
<arg>EG</arg>
<arg>EH</arg>
<arg>ER</arg>
<arg>ES</arg>
<arg>ET</arg>
<arg>FI</arg>
<arg>FJ</arg>
<arg>FK</arg>
<arg>FM</arg>
<arg>FO</arg>
<arg>FR</arg>
<arg>GA</arg>
<arg>GB</arg>
<arg>GD</arg>
<arg>GE</arg>
<arg>GF</arg>
<arg>GG</arg>
<arg>GH</arg>
<arg>GI</arg>
<arg>GL</arg>
<arg>GM</arg>
<arg>GN</arg>
<arg>GP</arg>
<arg>GQ</arg>
<arg>GR</arg>
<arg>GS</arg>
<arg>GT</arg>
<arg>GU</arg>
<arg>GW</arg>
<arg>GY</arg>
<arg>HK</arg>
<arg>HM</arg>
<arg>HN</arg>
<arg>HR</arg>
<arg>HT</arg>
<arg>HU</arg>
<arg>ID</arg>
<arg>IE</arg>
<arg>IL</arg>
<arg>IM</arg>
<arg>IN</arg>
<arg>IO</arg>
<arg>IQ</arg>
<arg>IR</arg>
<arg>IS</arg>
<arg>IT</arg>
<arg>JE</arg>
<arg>JM</arg>
<arg>JO</arg>
<arg>JP</arg>
<arg>KE</arg>
<arg>KG</arg>
<arg>KH</arg>
<arg>KI</arg>
<arg>KM</arg>
<arg>KN</arg>
<arg>KP</arg>
<arg>KR</arg>
<arg>KW</arg>
<arg>KY</arg>
<arg>KZ</arg>
<arg>LA</arg>
<arg>LB</arg>
<arg>LC</arg>
<arg>LI</arg>
<arg>LK</arg>
<arg>LR</arg>
<arg>LS</arg>
<arg>LT</arg>
<arg>LU</arg>
<arg>LV</arg>
<arg>LY</arg>
<arg>MA</arg>
<arg>MC</arg>
<arg>MD</arg>
<arg>ME</arg>
<arg>MF</arg>
<arg>MG</arg>
<arg>MH</arg>
<arg>MK</arg>
<arg>ML</arg>
<arg>MM</arg>
<arg>MN</arg>
<arg>MO</arg>
<arg>MP</arg>
<arg>MQ</arg>
<arg>MR</arg>
<arg>MS</arg>
<arg>MT</arg>
<arg>MU</arg>
<arg>MV</arg>
<arg>MW</arg>
<arg>MX</arg>
<arg>MY</arg>
<arg>MZ</arg>
<arg>NA</arg>
<arg>NC</arg>
<arg>NE</arg>
<arg>NF</arg>
<arg>NG</arg>
<arg>NI</arg>
<arg>NL</arg>
<arg>NO</arg>
<arg>NP</arg>
<arg>NR</arg>
<arg>NU</arg>
<arg>NZ</arg>
<arg>OM</arg>
<arg>PA</arg>
<arg>PE</arg>
<arg>PF</arg>
<arg>PG</arg>
<arg>PH</arg>
<arg>PK</arg>
<arg>PL</arg>
<arg>PM</arg>
<arg>PN</arg>
<arg>PR</arg>
<arg>PS</arg>
<arg>PT</arg>
<arg>PW</arg>
<arg>PY</arg>
<arg>QA</arg>
<arg>RE</arg>
<arg>RO</arg>
<arg>RS</arg>
<arg>RU</arg>
<arg>RW</arg>
<arg>SA</arg>
<arg>SB</arg>
<arg>SC</arg>
<arg>SD</arg>
<arg>SE</arg>
<arg>SG</arg>
<arg>SH</arg>
<arg>SI</arg>
<arg>SJ</arg>
<arg>SK</arg>
<arg>SL</arg>
<arg>SM</arg>
<arg>SN</arg>
<arg>SO</arg>
<arg>SR</arg>
<arg>SS</arg>
<arg>ST</arg>
<arg>SV</arg>
<arg>SX</arg>
<arg>SY</arg>
<arg>SZ</arg>
<arg>TC</arg>
<arg>TD</arg>
<arg>TF</arg>
<arg>TG</arg>
<arg>TH</arg>
<arg>TJ</arg>
<arg>TK</arg>
<arg>TL</arg>
<arg>TM</arg>
<arg>TN</arg>
<arg>TO</arg>
<arg>TR</arg>
<arg>TT</arg>
<arg>TV</arg>
<arg>TW</arg>
<arg>TZ</arg>
<arg>UA</arg>
<arg>UG</arg>
<arg>UM</arg>
<arg>US</arg>
<arg>UY</arg>
<arg>UZ</arg>
<arg>VA</arg>
<arg>VC</arg>
<arg>VE</arg>
<arg>VG</arg>
<arg>VI</arg>
<arg>VN</arg>
<arg>VU</arg>
<arg>WF</arg>
<arg>WS</arg>
<arg>XK</arg>
<arg>YE</arg>
<arg>YT</arg>
<arg>ZA</arg>
<arg>ZM</arg>
<arg>ZW</arg>
<doc>Returns a list containing given items.</doc>
<status status="PASS" start="2024-08-10T19:12:18.143664" elapsed="0.000661"/>
</kw>
<kw name="List Should Contain Value" owner="Collections">
<arg>${list_country}</arg>
<arg>${name_country}</arg>
<doc>Fails if the ``value`` is not found from ``list``.</doc>
<status status="PASS" start="2024-08-10T19:12:18.145253" elapsed="0.000210"/>
</kw>
<kw name="Run Keyword If" owner="BuiltIn">
<kw name="Should Be True" owner="BuiltIn">
<arg>${True}</arg>
<doc>Fails if the given condition is not true.</doc>
<status status="PASS" start="2024-08-10T19:12:18.146396" elapsed="0.000142"/>
</kw>
<arg>${json_data["results"][0]["location"]["coordinates"]["latitude"]} &gt;= -90 and ${json_data["results"][0]["location"]["coordinates"]["latitude"]} &lt;= 90</arg>
<arg>Should Be True</arg>
<arg>${True}</arg>
<doc>Runs the given keyword with the given arguments, if ``condition`` is true.</doc>
<status status="PASS" start="2024-08-10T19:12:18.145659" elapsed="0.001002"/>
</kw>
<kw name="Run Keyword If" owner="BuiltIn">
<kw name="Should Be True" owner="BuiltIn">
<arg>${True}</arg>
<doc>Fails if the given condition is not true.</doc>
<status status="PASS" start="2024-08-10T19:12:18.147523" elapsed="0.000136"/>
</kw>
<arg>${json_data["results"][0]["location"]["coordinates"]["longitude"]} &gt;= -180 and ${json_data["results"][0]["location"]["coordinates"]["longitude"]} &lt;= 180</arg>
<arg>Should Be True</arg>
<arg>${True}</arg>
<doc>Runs the given keyword with the given arguments, if ``condition`` is true.</doc>
<status status="PASS" start="2024-08-10T19:12:18.146839" elapsed="0.000971"/>
</kw>
<status status="PASS" start="2024-08-10T19:12:18.055149" elapsed="0.092787"/>
</kw>
<doc>Testa o conteúdo específico dos campos retornados pela API.</doc>
<tag>testeConteudo</tag>
<status status="PASS" start="2024-08-10T19:12:18.054642" elapsed="0.093434"/>
</test>
<status status="PASS" start="2024-08-10T19:12:17.264237" elapsed="0.885707"/>
</suite>
<status status="PASS" start="2024-08-10T19:12:17.250138" elapsed="0.904798"/>
</suite>
<statistics>
<total>
<stat pass="5" fail="0" skip="0">All Tests</stat>
</total>
<tag>
<stat pass="1" fail="0" skip="0">testeConteudo</stat>
<stat pass="1" fail="0" skip="0">testeEstruturaResposta</stat>
<stat pass="1" fail="0" skip="0">testeRequisicaoBasica</stat>
<stat pass="1" fail="0" skip="0">testeTiposDados</stat>
</tag>
<suite>
<stat pass="5" fail="0" skip="0" id="s1" name="Tests">Tests</stat>
<stat pass="5" fail="0" skip="0" id="s1-s1" name="Random-User-Test">Tests.Random-User-Test</stat>
</suite>
</statistics>
<errors>
</errors>
</robot>
