<?xml version="1.0" encoding="UTF-8"?>
<robot generator="Robot 7.0 (Python 3.12.2 on linux)" generated="2024-04-01T08:18:58.835411" rpa="false" schemaversion="5">
<suite id="s1" name="Tests" source="/home/runner/work/DesafioQAItauRogerioJordao/DesafioQAItauRogerioJordao/RamdonUser/tests">
<suite id="s1-s1" name="Random-User-Test" source="/home/runner/work/DesafioQAItauRogerioJordao/DesafioQAItauRogerioJordao/RamdonUser/tests/random-user-test.robot">
<test id="s1-s1-t1" name="Conectar" line="13">
<kw name="Conectar API" owner="random-user-service">
<kw name="Create Session" owner="RequestsLibrary">
<msg time="2024-04-01T08:18:59.193042" level="INFO">Creating Session using : alias=consultarAPI, url=https://randomuser.me/, headers={},                     cookies={}, auth=None, timeout=None, proxies=None, verify=False,                     debug=0 </msg>
<arg>consultarAPI</arg>
<arg>${URL}</arg>
<doc>Create Session: create a HTTP session to a server</doc>
<status status="PASS" start="2024-04-01T08:18:59.192845" elapsed="0.000362"/>
</kw>
<status status="PASS" start="2024-04-01T08:18:59.191850" elapsed="0.001738"/>
</kw>
<status status="PASS" start="2024-04-01T08:18:59.191263" elapsed="0.002543"/>
</test>
<test id="s1-s1-t2" name="Validar retorno 200 e JSON Válido" line="16">
<kw name="Teste de Requisicao Basica" owner="random-user-service">
<kw name="GET On Session" owner="RequestsLibrary">
<msg time="2024-04-01T08:18:59.259501" level="INFO">GET Request : url=https://randomuser.me/api 
 path_url=/api 
 headers={'User-Agent': 'python-requests/2.31.0', 'Accept-Encoding': 'gzip, deflate', 'Accept': '*/*', 'Connection': 'keep-alive'} 
 body=None 
 </msg>
<msg time="2024-04-01T08:18:59.259633" level="INFO">GET Response : url=https://randomuser.me/api 
 status=200, reason=OK 
 headers={'Date': 'Mon, 01 Apr 2024 08:18:59 GMT', 'Content-Type': 'application/json; charset=utf-8', 'Transfer-Encoding': 'chunked', 'Connection': 'keep-alive', 'X-Powered-By': 'Express', 'Access-Control-Allow-Origin': '*', 'Cache-Control': 'no-cache', 'ETag': 'W/"493-3wGnMIAfb4RPowQkzAfEW9OVUz4"', 'Vary': 'Accept-Encoding', 'Content-Encoding': 'gzip', 'CF-Cache-Status': 'DYNAMIC', 'Report-To': '{"endpoints":[{"url":"https:\\/\\/a.nel.cloudflare.com\\/report\\/v4?s=DOZc7IbkjcAB%2B8EPVg9VwvZKKx2df%2F5WOUwVXd65nv61ZigqwFtye3wwN5rzpVWF9birQO23xt9Cn%2BUnFgEwCjtzTyonthN%2FPXJy7IB1ZW%2FNiqPJPF96grtItVnKKIfZ"}],"group":"cf-nel","max_age":604800}', 'NEL': '{"success_fraction":0,"report_to":"cf-nel","max_age":604800}', 'Server': 'cloudflare', 'CF-RAY': '86d726d038670939-IAD', 'alt-svc': 'h3=":443"; ma=86400'} 
 body={"results":[{"gender":"male","name":{"title":"Mr","first":"Nadiy","last":"Ivanusiv"},"location":{"street":{"number":1484,"name":"Vrubelya"},"city":"Amvrosiyivka","state":"Harkivska","country":"Ukraine","postcode":96951,"coordinates":{"latitude":"77.0597","longitude":"-156.4583"},"timezone":{"offset":"0:00","description":"Western Europe Time, London, Lisbon, Casablanca"}},"email":"nadiy.ivanusiv@example.com","login":{"uuid":"957220df-d33a-49e8-845e-9d27cec1f904","username":"greenswan624","password":"crusader","salt":"3nmNL5Gt","md5":"3e4dda179fc178e291c9d9ff9282010b","sha1":"90c5828e72ad1e1c764e7f262f7d1dc7a2235475","sha256":"435964724a7947dcd26058a8308e282c5cdb40e825e716ca1ace1d4c4515bdb9"},"dob":{"date":"1990-10-26T06:19:11.197Z","age":33},"registered":{"date":"2005-11-01T05:21:39.107Z","age":18},"phone":"(098) X70-9602","cell":"(067) A99-9567","id":{"name":"","value":null},"picture":{"large":"https://randomuser.me/api/portraits/men/47.jpg","medium":"https://randomuser.me/api/portraits/med/men/47.jpg","thumbnail":"https://randomuser.me/api/portraits/thumb/men/47.jpg"},"nat":"UA"}],"info":{"seed":"94c8a560f3a28888","results":1,"page":1,"version":"1.4"}} 
 </msg>
<msg time="2024-04-01T08:18:59.259741" level="INFO">/opt/hostedtoolcache/Python/3.12.2/x64/lib/python3.12/site-packages/urllib3/connectionpool.py:1103: InsecureRequestWarning: Unverified HTTPS request is being made to host 'randomuser.me'. Adding certificate verification is strongly advised. See: https://urllib3.readthedocs.io/en/latest/advanced-usage.html#tls-warnings
  warnings.warn(</msg>
<msg time="2024-04-01T08:18:59.259867" level="INFO">${response} = &lt;Response [200]&gt;</msg>
<var>${response}</var>
<arg>consultarAPI</arg>
<arg>/api</arg>
<doc>Sends a GET request on a previously created HTTP Session.</doc>
<status status="PASS" start="2024-04-01T08:18:59.196395" elapsed="0.063504"/>
</kw>
<kw name="Should Be Equal As Numbers" owner="BuiltIn">
<msg time="2024-04-01T08:18:59.260671" level="INFO">Argument types are:
&lt;class 'int'&gt;
&lt;class 'str'&gt;</msg>
<arg>${response.status_code}</arg>
<arg>200</arg>
<doc>Fails if objects are unequal after converting them to real numbers.</doc>
<status status="PASS" start="2024-04-01T08:18:59.260270" elapsed="0.000465"/>
</kw>
<kw name="Log" owner="BuiltIn">
<msg time="2024-04-01T08:18:59.261410" level="INFO">200</msg>
<arg>${response.status_code}</arg>
<doc>Logs the given message with the given level.</doc>
<status status="PASS" start="2024-04-01T08:18:59.261055" elapsed="0.000399"/>
</kw>
<kw name="Set Variable" owner="BuiltIn">
<msg time="2024-04-01T08:18:59.262247" level="INFO">${json_data} = {'results': [{'gender': 'male', 'name': {'title': 'Mr', 'first': 'Nadiy', 'last': 'Ivanusiv'}, 'location': {'street': {'number': 1484, 'name': 'Vrubelya'}, 'city': 'Amvrosiyivka', 'state': 'Harkivska'...</msg>
<var>${json_data}</var>
<arg>${response.json()}</arg>
<doc>Returns the given values which can then be assigned to a variables.</doc>
<status status="PASS" start="2024-04-01T08:18:59.261807" elapsed="0.000469"/>
</kw>
<kw name="Dictionary Should Contain Key" owner="Collections">
<msg time="2024-04-01T08:18:59.262754" level="INFO">False</msg>
<arg>${json_data}</arg>
<arg>results</arg>
<doc>Fails if ``key`` is not found from ``dictionary``.</doc>
<status status="PASS" start="2024-04-01T08:18:59.262582" elapsed="0.000212"/>
</kw>
<status status="PASS" start="2024-04-01T08:18:59.196145" elapsed="0.066904"/>
</kw>
<doc>Testa se a API responde corretamente e retorna um objeto JSON válido.</doc>
<tag>testeRequisicaoBasica</tag>
<status status="PASS" start="2024-04-01T08:18:59.195634" elapsed="0.067586"/>
</test>
<test id="s1-s1-t3" name="Validar estrutura de resposta" line="22">
<kw name="Teste de Estrutura de Resposta" owner="random-user-service">
<kw name="GET On Session" owner="RequestsLibrary">
<msg time="2024-04-01T08:18:59.371429" level="INFO">GET Request : url=https://randomuser.me/api 
 path_url=/api 
 headers={'User-Agent': 'python-requests/2.31.0', 'Accept-Encoding': 'gzip, deflate', 'Accept': '*/*', 'Connection': 'keep-alive'} 
 body=None 
 </msg>
<msg time="2024-04-01T08:18:59.371494" level="INFO">GET Response : url=https://randomuser.me/api 
 status=200, reason=OK 
 headers={'Date': 'Mon, 01 Apr 2024 08:18:59 GMT', 'Content-Type': 'application/json; charset=utf-8', 'Transfer-Encoding': 'chunked', 'Connection': 'keep-alive', 'X-Powered-By': 'Express', 'Access-Control-Allow-Origin': '*', 'Cache-Control': 'no-cache', 'ETag': 'W/"492-bEVKsQB/UTDa36wG+CZtypSJ12k"', 'Vary': 'Accept-Encoding', 'Content-Encoding': 'gzip', 'CF-Cache-Status': 'DYNAMIC', 'Report-To': '{"endpoints":[{"url":"https:\\/\\/a.nel.cloudflare.com\\/report\\/v4?s=ykcMSN4yfb50mgsORMrddePKSecRK3svdfyz6xpCivpDs5%2BeM304780uNdDKl6fOTE163ousqK9Rz0IP5PiVY88LGmpWrUJwOU5ndvW9lBQxT7%2FwYqSZGy4wUX2MpSre"}],"group":"cf-nel","max_age":604800}', 'NEL': '{"success_fraction":0,"report_to":"cf-nel","max_age":604800}', 'Server': 'cloudflare', 'CF-RAY': '86d726d0788c0939-IAD', 'alt-svc': 'h3=":443"; ma=86400'} 
 body={"results":[{"gender":"male","name":{"title":"Mr","first":"Dylan","last":"Cooper"},"location":{"street":{"number":5748,"name":"Homestead Rd"},"city":"Escondido","state":"Texas","country":"United States","postcode":68872,"coordinates":{"latitude":"83.3416","longitude":"-96.0151"},"timezone":{"offset":"+5:30","description":"Bombay, Calcutta, Madras, New Delhi"}},"email":"dylan.cooper@example.com","login":{"uuid":"42b964da-89a8-43d8-95c9-2545a83ee6f7","username":"smallmeercat265","password":"entry","salt":"IKPHn2GJ","md5":"f97e1feb1c8f6c76e8d39eaa8c101ded","sha1":"27f4489de092b819de5be39a04567ba0203302ae","sha256":"a4817bf92c03870b484cfaf34222c57bf2b7be8e70d220817dba0c8dd8f0f6f4"},"dob":{"date":"1962-10-25T05:32:21.818Z","age":61},"registered":{"date":"2007-07-16T02:27:49.690Z","age":16},"phone":"(752) 983-9407","cell":"(347) 952-1790","id":{"name":"SSN","value":"376-12-4980"},"picture":{"large":"https://randomuser.me/api/portraits/men/37.jpg","medium":"https://randomuser.me/api/portraits/med/men/37.jpg","thumbnail":"https://randomuser.me/api/portraits/thumb/men/37.jpg"},"nat":"US"}],"info":{"seed":"1f0502ebfb8c3776","results":1,"page":1,"version":"1.4"}} 
 </msg>
<msg time="2024-04-01T08:18:59.371594" level="INFO">/opt/hostedtoolcache/Python/3.12.2/x64/lib/python3.12/site-packages/urllib3/connectionpool.py:1103: InsecureRequestWarning: Unverified HTTPS request is being made to host 'randomuser.me'. Adding certificate verification is strongly advised. See: https://urllib3.readthedocs.io/en/latest/advanced-usage.html#tls-warnings
  warnings.warn(</msg>
<msg time="2024-04-01T08:18:59.371708" level="INFO">${response} = &lt;Response [200]&gt;</msg>
<var>${response}</var>
<arg>consultarAPI</arg>
<arg>/api</arg>
<doc>Sends a GET request on a previously created HTTP Session.</doc>
<status status="PASS" start="2024-04-01T08:18:59.266001" elapsed="0.105749"/>
</kw>
<kw name="Set Variable" owner="BuiltIn">
<msg time="2024-04-01T08:18:59.372572" level="INFO">${json_data} = {'results': [{'gender': 'male', 'name': {'title': 'Mr', 'first': 'Dylan', 'last': 'Cooper'}, 'location': {'street': {'number': 5748, 'name': 'Homestead Rd'}, 'city': 'Escondido', 'state': 'Texas', 'co...</msg>
<var>${json_data}</var>
<arg>${response.json()}</arg>
<doc>Returns the given values which can then be assigned to a variables.</doc>
<status status="PASS" start="2024-04-01T08:18:59.372128" elapsed="0.000473"/>
</kw>
<kw name="Log" owner="BuiltIn">
<msg time="2024-04-01T08:18:59.373064" level="INFO">{'results': [{'gender': 'male', 'name': {'title': 'Mr', 'first': 'Dylan', 'last': 'Cooper'}, 'location': {'street': {'number': 5748, 'name': 'Homestead Rd'}, 'city': 'Escondido', 'state': 'Texas', 'country': 'United States', 'postcode': 68872, 'coordinates': {'latitude': '83.3416', 'longitude': '-96.0151'}, 'timezone': {'offset': '+5:30', 'description': 'Bombay, Calcutta, Madras, New Delhi'}}, 'email': 'dylan.cooper@example.com', 'login': {'uuid': '42b964da-89a8-43d8-95c9-2545a83ee6f7', 'username': 'smallmeercat265', 'password': 'entry', 'salt': 'IKPHn2GJ', 'md5': 'f97e1feb1c8f6c76e8d39eaa8c101ded', 'sha1': '27f4489de092b819de5be39a04567ba0203302ae', 'sha256': 'a4817bf92c03870b484cfaf34222c57bf2b7be8e70d220817dba0c8dd8f0f6f4'}, 'dob': {'date': '1962-10-25T05:32:21.818Z', 'age': 61}, 'registered': {'date': '2007-07-16T02:27:49.690Z', 'age': 16}, 'phone': '(752) 983-9407', 'cell': '(347) 952-1790', 'id': {'name': 'SSN', 'value': '376-12-4980'}, 'picture': {'large': 'https://randomuser.me/api/portraits/men/37.jpg', 'medium': 'https://randomuser.me/api/portraits/med/men/37.jpg', 'thumbnail': 'https://randomuser.me/api/portraits/thumb/men/37.jpg'}, 'nat': 'US'}], 'info': {'seed': '1f0502ebfb8c3776', 'results': 1, 'page': 1, 'version': '1.4'}}</msg>
<arg>${json_data}</arg>
<doc>Logs the given message with the given level.</doc>
<status status="PASS" start="2024-04-01T08:18:59.372909" elapsed="0.000203"/>
</kw>
<kw name="Dictionary Should Contain Key" owner="Collections">
<msg time="2024-04-01T08:18:59.373600" level="INFO">False</msg>
<arg>${json_data}</arg>
<arg>results</arg>
<doc>Fails if ``key`` is not found from ``dictionary``.</doc>
<status status="PASS" start="2024-04-01T08:18:59.373409" elapsed="0.000239"/>
</kw>
<kw name="Should Not Be Empty" owner="BuiltIn">
<msg time="2024-04-01T08:18:59.374093" level="INFO">Length is 2.</msg>
<arg>${json_data}</arg>
<doc>Verifies that the given item is not empty.</doc>
<status status="PASS" start="2024-04-01T08:18:59.373958" elapsed="0.000175"/>
</kw>
<kw name="Create List" owner="BuiltIn">
<msg time="2024-04-01T08:18:59.374591" level="INFO">${expected_keys} = ['gender', 'name', 'location', 'email', 'login']</msg>
<var>${expected_keys}</var>
<arg>gender</arg>
<arg>name</arg>
<arg>location</arg>
<arg>email</arg>
<arg>login</arg>
<doc>Returns a list containing given items.</doc>
<status status="PASS" start="2024-04-01T08:18:59.374434" elapsed="0.000182"/>
</kw>
<for flavor="IN">
<iter>
<kw name="Dictionary Should Contain Key" owner="Collections">
<msg time="2024-04-01T08:18:59.375579" level="INFO">False</msg>
<arg>${json_data['results'][0]}</arg>
<arg>${key}</arg>
<doc>Fails if ``key`` is not found from ``dictionary``.</doc>
<status status="PASS" start="2024-04-01T08:18:59.375174" elapsed="0.000446"/>
</kw>
<kw name="Log" owner="BuiltIn">
<msg time="2024-04-01T08:18:59.376296" level="INFO">{'gender': 'male', 'name': {'title': 'Mr', 'first': 'Dylan', 'last': 'Cooper'}, 'location': {'street': {'number': 5748, 'name': 'Homestead Rd'}, 'city': 'Escondido', 'state': 'Texas', 'country': 'United States', 'postcode': 68872, 'coordinates': {'latitude': '83.3416', 'longitude': '-96.0151'}, 'timezone': {'offset': '+5:30', 'description': 'Bombay, Calcutta, Madras, New Delhi'}}, 'email': 'dylan.cooper@example.com', 'login': {'uuid': '42b964da-89a8-43d8-95c9-2545a83ee6f7', 'username': 'smallmeercat265', 'password': 'entry', 'salt': 'IKPHn2GJ', 'md5': 'f97e1feb1c8f6c76e8d39eaa8c101ded', 'sha1': '27f4489de092b819de5be39a04567ba0203302ae', 'sha256': 'a4817bf92c03870b484cfaf34222c57bf2b7be8e70d220817dba0c8dd8f0f6f4'}, 'dob': {'date': '1962-10-25T05:32:21.818Z', 'age': 61}, 'registered': {'date': '2007-07-16T02:27:49.690Z', 'age': 16}, 'phone': '(752) 983-9407', 'cell': '(347) 952-1790', 'id': {'name': 'SSN', 'value': '376-12-4980'}, 'picture': {'large': 'https://randomuser.me/api/portraits/men/37.jpg', 'medium': 'https://randomuser.me/api/portraits/med/men/37.jpg', 'thumbnail': 'https://randomuser.me/api/portraits/thumb/men/37.jpg'}, 'nat': 'US'}</msg>
<arg>${json_data['results'][0]}</arg>
<doc>Logs the given message with the given level.</doc>
<status status="PASS" start="2024-04-01T08:18:59.375928" elapsed="0.000422"/>
</kw>
<kw name="Log" owner="BuiltIn">
<msg time="2024-04-01T08:18:59.376784" level="INFO">gender</msg>
<arg>${key}</arg>
<doc>Logs the given message with the given level.</doc>
<status status="PASS" start="2024-04-01T08:18:59.376653" elapsed="0.000170"/>
</kw>
<var name="${key}">gender</var>
<status status="PASS" start="2024-04-01T08:18:59.375052" elapsed="0.001991"/>
</iter>
<iter>
<kw name="Dictionary Should Contain Key" owner="Collections">
<msg time="2024-04-01T08:18:59.377760" level="INFO">False</msg>
<arg>${json_data['results'][0]}</arg>
<arg>${key}</arg>
<doc>Fails if ``key`` is not found from ``dictionary``.</doc>
<status status="PASS" start="2024-04-01T08:18:59.377349" elapsed="0.000451"/>
</kw>
<kw name="Log" owner="BuiltIn">
<msg time="2024-04-01T08:18:59.378498" level="INFO">{'gender': 'male', 'name': {'title': 'Mr', 'first': 'Dylan', 'last': 'Cooper'}, 'location': {'street': {'number': 5748, 'name': 'Homestead Rd'}, 'city': 'Escondido', 'state': 'Texas', 'country': 'United States', 'postcode': 68872, 'coordinates': {'latitude': '83.3416', 'longitude': '-96.0151'}, 'timezone': {'offset': '+5:30', 'description': 'Bombay, Calcutta, Madras, New Delhi'}}, 'email': 'dylan.cooper@example.com', 'login': {'uuid': '42b964da-89a8-43d8-95c9-2545a83ee6f7', 'username': 'smallmeercat265', 'password': 'entry', 'salt': 'IKPHn2GJ', 'md5': 'f97e1feb1c8f6c76e8d39eaa8c101ded', 'sha1': '27f4489de092b819de5be39a04567ba0203302ae', 'sha256': 'a4817bf92c03870b484cfaf34222c57bf2b7be8e70d220817dba0c8dd8f0f6f4'}, 'dob': {'date': '1962-10-25T05:32:21.818Z', 'age': 61}, 'registered': {'date': '2007-07-16T02:27:49.690Z', 'age': 16}, 'phone': '(752) 983-9407', 'cell': '(347) 952-1790', 'id': {'name': 'SSN', 'value': '376-12-4980'}, 'picture': {'large': 'https://randomuser.me/api/portraits/men/37.jpg', 'medium': 'https://randomuser.me/api/portraits/med/men/37.jpg', 'thumbnail': 'https://randomuser.me/api/portraits/thumb/men/37.jpg'}, 'nat': 'US'}</msg>
<arg>${json_data['results'][0]}</arg>
<doc>Logs the given message with the given level.</doc>
<status status="PASS" start="2024-04-01T08:18:59.378131" elapsed="0.000416"/>
</kw>
<kw name="Log" owner="BuiltIn">
<msg time="2024-04-01T08:18:59.378975" level="INFO">name</msg>
<arg>${key}</arg>
<doc>Logs the given message with the given level.</doc>
<status status="PASS" start="2024-04-01T08:18:59.378847" elapsed="0.000166"/>
</kw>
<var name="${key}">name</var>
<status status="PASS" start="2024-04-01T08:18:59.377233" elapsed="0.001998"/>
</iter>
<iter>
<kw name="Dictionary Should Contain Key" owner="Collections">
<msg time="2024-04-01T08:18:59.379913" level="INFO">False</msg>
<arg>${json_data['results'][0]}</arg>
<arg>${key}</arg>
<doc>Fails if ``key`` is not found from ``dictionary``.</doc>
<status status="PASS" start="2024-04-01T08:18:59.379526" elapsed="0.000427"/>
</kw>
<kw name="Log" owner="BuiltIn">
<msg time="2024-04-01T08:18:59.380612" level="INFO">{'gender': 'male', 'name': {'title': 'Mr', 'first': 'Dylan', 'last': 'Cooper'}, 'location': {'street': {'number': 5748, 'name': 'Homestead Rd'}, 'city': 'Escondido', 'state': 'Texas', 'country': 'United States', 'postcode': 68872, 'coordinates': {'latitude': '83.3416', 'longitude': '-96.0151'}, 'timezone': {'offset': '+5:30', 'description': 'Bombay, Calcutta, Madras, New Delhi'}}, 'email': 'dylan.cooper@example.com', 'login': {'uuid': '42b964da-89a8-43d8-95c9-2545a83ee6f7', 'username': 'smallmeercat265', 'password': 'entry', 'salt': 'IKPHn2GJ', 'md5': 'f97e1feb1c8f6c76e8d39eaa8c101ded', 'sha1': '27f4489de092b819de5be39a04567ba0203302ae', 'sha256': 'a4817bf92c03870b484cfaf34222c57bf2b7be8e70d220817dba0c8dd8f0f6f4'}, 'dob': {'date': '1962-10-25T05:32:21.818Z', 'age': 61}, 'registered': {'date': '2007-07-16T02:27:49.690Z', 'age': 16}, 'phone': '(752) 983-9407', 'cell': '(347) 952-1790', 'id': {'name': 'SSN', 'value': '376-12-4980'}, 'picture': {'large': 'https://randomuser.me/api/portraits/men/37.jpg', 'medium': 'https://randomuser.me/api/portraits/med/men/37.jpg', 'thumbnail': 'https://randomuser.me/api/portraits/thumb/men/37.jpg'}, 'nat': 'US'}</msg>
<arg>${json_data['results'][0]}</arg>
<doc>Logs the given message with the given level.</doc>
<status status="PASS" start="2024-04-01T08:18:59.380251" elapsed="0.000413"/>
</kw>
<kw name="Log" owner="BuiltIn">
<msg time="2024-04-01T08:18:59.381087" level="INFO">location</msg>
<arg>${key}</arg>
<doc>Logs the given message with the given level.</doc>
<status status="PASS" start="2024-04-01T08:18:59.380960" elapsed="0.000165"/>
</kw>
<var name="${key}">location</var>
<status status="PASS" start="2024-04-01T08:18:59.379413" elapsed="0.001928"/>
</iter>
<iter>
<kw name="Dictionary Should Contain Key" owner="Collections">
<msg time="2024-04-01T08:18:59.382036" level="INFO">False</msg>
<arg>${json_data['results'][0]}</arg>
<arg>${key}</arg>
<doc>Fails if ``key`` is not found from ``dictionary``.</doc>
<status status="PASS" start="2024-04-01T08:18:59.381659" elapsed="0.000416"/>
</kw>
<kw name="Log" owner="BuiltIn">
<msg time="2024-04-01T08:18:59.382744" level="INFO">{'gender': 'male', 'name': {'title': 'Mr', 'first': 'Dylan', 'last': 'Cooper'}, 'location': {'street': {'number': 5748, 'name': 'Homestead Rd'}, 'city': 'Escondido', 'state': 'Texas', 'country': 'United States', 'postcode': 68872, 'coordinates': {'latitude': '83.3416', 'longitude': '-96.0151'}, 'timezone': {'offset': '+5:30', 'description': 'Bombay, Calcutta, Madras, New Delhi'}}, 'email': 'dylan.cooper@example.com', 'login': {'uuid': '42b964da-89a8-43d8-95c9-2545a83ee6f7', 'username': 'smallmeercat265', 'password': 'entry', 'salt': 'IKPHn2GJ', 'md5': 'f97e1feb1c8f6c76e8d39eaa8c101ded', 'sha1': '27f4489de092b819de5be39a04567ba0203302ae', 'sha256': 'a4817bf92c03870b484cfaf34222c57bf2b7be8e70d220817dba0c8dd8f0f6f4'}, 'dob': {'date': '1962-10-25T05:32:21.818Z', 'age': 61}, 'registered': {'date': '2007-07-16T02:27:49.690Z', 'age': 16}, 'phone': '(752) 983-9407', 'cell': '(347) 952-1790', 'id': {'name': 'SSN', 'value': '376-12-4980'}, 'picture': {'large': 'https://randomuser.me/api/portraits/men/37.jpg', 'medium': 'https://randomuser.me/api/portraits/med/men/37.jpg', 'thumbnail': 'https://randomuser.me/api/portraits/thumb/men/37.jpg'}, 'nat': 'US'}</msg>
<arg>${json_data['results'][0]}</arg>
<doc>Logs the given message with the given level.</doc>
<status status="PASS" start="2024-04-01T08:18:59.382374" elapsed="0.000419"/>
</kw>
<kw name="Log" owner="BuiltIn">
<msg time="2024-04-01T08:18:59.383217" level="INFO">email</msg>
<arg>${key}</arg>
<doc>Logs the given message with the given level.</doc>
<status status="PASS" start="2024-04-01T08:18:59.383089" elapsed="0.000166"/>
</kw>
<var name="${key}">email</var>
<status status="PASS" start="2024-04-01T08:18:59.381535" elapsed="0.001936"/>
</iter>
<iter>
<kw name="Dictionary Should Contain Key" owner="Collections">
<msg time="2024-04-01T08:18:59.384150" level="INFO">False</msg>
<arg>${json_data['results'][0]}</arg>
<arg>${key}</arg>
<doc>Fails if ``key`` is not found from ``dictionary``.</doc>
<status status="PASS" start="2024-04-01T08:18:59.383766" elapsed="0.000422"/>
</kw>
<kw name="Log" owner="BuiltIn">
<msg time="2024-04-01T08:18:59.384854" level="INFO">{'gender': 'male', 'name': {'title': 'Mr', 'first': 'Dylan', 'last': 'Cooper'}, 'location': {'street': {'number': 5748, 'name': 'Homestead Rd'}, 'city': 'Escondido', 'state': 'Texas', 'country': 'United States', 'postcode': 68872, 'coordinates': {'latitude': '83.3416', 'longitude': '-96.0151'}, 'timezone': {'offset': '+5:30', 'description': 'Bombay, Calcutta, Madras, New Delhi'}}, 'email': 'dylan.cooper@example.com', 'login': {'uuid': '42b964da-89a8-43d8-95c9-2545a83ee6f7', 'username': 'smallmeercat265', 'password': 'entry', 'salt': 'IKPHn2GJ', 'md5': 'f97e1feb1c8f6c76e8d39eaa8c101ded', 'sha1': '27f4489de092b819de5be39a04567ba0203302ae', 'sha256': 'a4817bf92c03870b484cfaf34222c57bf2b7be8e70d220817dba0c8dd8f0f6f4'}, 'dob': {'date': '1962-10-25T05:32:21.818Z', 'age': 61}, 'registered': {'date': '2007-07-16T02:27:49.690Z', 'age': 16}, 'phone': '(752) 983-9407', 'cell': '(347) 952-1790', 'id': {'name': 'SSN', 'value': '376-12-4980'}, 'picture': {'large': 'https://randomuser.me/api/portraits/men/37.jpg', 'medium': 'https://randomuser.me/api/portraits/med/men/37.jpg', 'thumbnail': 'https://randomuser.me/api/portraits/thumb/men/37.jpg'}, 'nat': 'US'}</msg>
<arg>${json_data['results'][0]}</arg>
<doc>Logs the given message with the given level.</doc>
<status status="PASS" start="2024-04-01T08:18:59.384491" elapsed="0.000411"/>
</kw>
<kw name="Log" owner="BuiltIn">
<msg time="2024-04-01T08:18:59.385322" level="INFO">login</msg>
<arg>${key}</arg>
<doc>Logs the given message with the given level.</doc>
<status status="PASS" start="2024-04-01T08:18:59.385195" elapsed="0.000273"/>
</kw>
<var name="${key}">login</var>
<status status="PASS" start="2024-04-01T08:18:59.383646" elapsed="0.002101"/>
</iter>
<var>${key}</var>
<value>@{expected_keys}</value>
<status status="PASS" start="2024-04-01T08:18:59.374871" elapsed="0.011006"/>
</for>
<kw name="Create List" owner="BuiltIn">
<msg time="2024-04-01T08:18:59.386213" level="INFO">${expected_keysTwo} = ['username', 'password']</msg>
<var>${expected_keysTwo}</var>
<arg>username</arg>
<arg>password</arg>
<doc>Returns a list containing given items.</doc>
<status status="PASS" start="2024-04-01T08:18:59.386073" elapsed="0.000164"/>
</kw>
<for flavor="IN">
<iter>
<kw name="Dictionary Should Contain Key" owner="Collections">
<msg time="2024-04-01T08:18:59.387126" level="INFO">False</msg>
<arg>${json_data['results'][0]['login']}</arg>
<arg>${keyTwo}</arg>
<doc>Fails if ``key`` is not found from ``dictionary``.</doc>
<status status="PASS" start="2024-04-01T08:18:59.386742" elapsed="0.000422"/>
</kw>
<kw name="Dictionary Should Contain Key" owner="Collections">
<msg time="2024-04-01T08:18:59.387843" level="INFO">False</msg>
<arg>${json_data['results'][0]['login']}</arg>
<arg>${keyTwo}</arg>
<doc>Fails if ``key`` is not found from ``dictionary``.</doc>
<status status="PASS" start="2024-04-01T08:18:59.387463" elapsed="0.000419"/>
</kw>
<kw name="Log" owner="BuiltIn">
<msg time="2024-04-01T08:18:59.388308" level="INFO">username</msg>
<arg>${keyTwo}</arg>
<doc>Logs the given message with the given level.</doc>
<status status="PASS" start="2024-04-01T08:18:59.388179" elapsed="0.000167"/>
</kw>
<var name="${keyTwo}">username</var>
<status status="PASS" start="2024-04-01T08:18:59.386630" elapsed="0.001932"/>
</iter>
<iter>
<kw name="Dictionary Should Contain Key" owner="Collections">
<msg time="2024-04-01T08:18:59.389232" level="INFO">False</msg>
<arg>${json_data['results'][0]['login']}</arg>
<arg>${keyTwo}</arg>
<doc>Fails if ``key`` is not found from ``dictionary``.</doc>
<status status="PASS" start="2024-04-01T08:18:59.388849" elapsed="0.000422"/>
</kw>
<kw name="Dictionary Should Contain Key" owner="Collections">
<msg time="2024-04-01T08:18:59.389982" level="INFO">False</msg>
<arg>${json_data['results'][0]['login']}</arg>
<arg>${keyTwo}</arg>
<doc>Fails if ``key`` is not found from ``dictionary``.</doc>
<status status="PASS" start="2024-04-01T08:18:59.389588" elapsed="0.000432"/>
</kw>
<kw name="Log" owner="BuiltIn">
<msg time="2024-04-01T08:18:59.390440" level="INFO">password</msg>
<arg>${keyTwo}</arg>
<doc>Logs the given message with the given level.</doc>
<status status="PASS" start="2024-04-01T08:18:59.390312" elapsed="0.000167"/>
</kw>
<var name="${keyTwo}">password</var>
<status status="PASS" start="2024-04-01T08:18:59.388737" elapsed="0.001959"/>
</iter>
<var>${keyTwo}</var>
<value>@{expected_keysTwo}</value>
<status status="PASS" start="2024-04-01T08:18:59.386476" elapsed="0.004343"/>
</for>
<status status="PASS" start="2024-04-01T08:18:59.265765" elapsed="0.125195"/>
</kw>
<doc>Testa a estrutura da resposta da API.</doc>
<tag>testeEstruturaResposta</tag>
<status status="PASS" start="2024-04-01T08:18:59.265005" elapsed="0.126107"/>
</test>
<test id="s1-s1-t4" name="Validar tipos de dados" line="28">
<kw name="Teste de Tipos de Dados" owner="random-user-service">
<kw name="GET On Session" owner="RequestsLibrary">
<msg time="2024-04-01T08:18:59.462430" level="INFO">GET Request : url=https://randomuser.me/api 
 path_url=/api 
 headers={'User-Agent': 'python-requests/2.31.0', 'Accept-Encoding': 'gzip, deflate', 'Accept': '*/*', 'Connection': 'keep-alive'} 
 body=None 
 </msg>
<msg time="2024-04-01T08:18:59.462508" level="INFO">GET Response : url=https://randomuser.me/api 
 status=200, reason=OK 
 headers={'Date': 'Mon, 01 Apr 2024 08:18:59 GMT', 'Content-Type': 'application/json; charset=utf-8', 'Transfer-Encoding': 'chunked', 'Connection': 'keep-alive', 'X-Powered-By': 'Express', 'Access-Control-Allow-Origin': '*', 'Cache-Control': 'no-cache', 'ETag': 'W/"497-jbcpZF1BEFVx9Axf9e6wdxkp04w"', 'Vary': 'Accept-Encoding', 'Content-Encoding': 'gzip', 'CF-Cache-Status': 'DYNAMIC', 'Report-To': '{"endpoints":[{"url":"https:\\/\\/a.nel.cloudflare.com\\/report\\/v4?s=TjFY3PE4P%2Ftw4AYetv6q%2B3Kz3rTeNW%2FWF7wnVPHT%2FFT50%2BTLm3GN8r37uPKpdIYhL9g1WMqEjsvnlTBhsDdFMFqPTCVHzOrxbDqW3i7hHgO8NppQteTelLTLk3bGXT26"}],"group":"cf-nel","max_age":604800}', 'NEL': '{"success_fraction":0,"report_to":"cf-nel","max_age":604800}', 'Server': 'cloudflare', 'CF-RAY': '86d726d139280939-IAD', 'alt-svc': 'h3=":443"; ma=86400'} 
 body={"results":[{"gender":"male","name":{"title":"Mr","first":"Jar","last":"Wood"},"location":{"street":{"number":2390,"name":"Oak Lawn Ave"},"city":"Warragul","state":"Australian Capital Territory","country":"Australia","postcode":206,"coordinates":{"latitude":"-84.1586","longitude":"-103.7392"},"timezone":{"offset":"-6:00","description":"Central Time (US &amp; Canada), Mexico City"}},"email":"jar.wood@example.com","login":{"uuid":"7f339e1f-4b24-488e-9493-13418187a807","username":"organicduck169","password":"driver","salt":"rTirHH61","md5":"1dd02d3d8f5ab51b3f3a3b4f8b2a5257","sha1":"4afad63b6cc34170ad846aedcfd832b3091284ba","sha256":"a2d92a74b76b3b935075206a66a30a931f12706a2227dfeb6a2d043f51c55195"},"dob":{"date":"1957-12-24T02:52:22.845Z","age":66},"registered":{"date":"2007-09-26T11:58:24.647Z","age":16},"phone":"05-0546-5046","cell":"0401-995-265","id":{"name":"TFN","value":"700430101"},"picture":{"large":"https://randomuser.me/api/portraits/men/7.jpg","medium":"https://randomuser.me/api/portraits/med/men/7.jpg","thumbnail":"https://randomuser.me/api/portraits/thumb/men/7.jpg"},"nat":"AU"}],"info":{"seed":"4c68d00f323f0f36","results":1,"page":1,"version":"1.4"}} 
 </msg>
<msg time="2024-04-01T08:18:59.462576" level="INFO">/opt/hostedtoolcache/Python/3.12.2/x64/lib/python3.12/site-packages/urllib3/connectionpool.py:1103: InsecureRequestWarning: Unverified HTTPS request is being made to host 'randomuser.me'. Adding certificate verification is strongly advised. See: https://urllib3.readthedocs.io/en/latest/advanced-usage.html#tls-warnings
  warnings.warn(</msg>
<msg time="2024-04-01T08:18:59.462678" level="INFO">${response} = &lt;Response [200]&gt;</msg>
<var>${response}</var>
<arg>consultarAPI</arg>
<arg>/api</arg>
<doc>Sends a GET request on a previously created HTTP Session.</doc>
<status status="PASS" start="2024-04-01T08:18:59.393488" elapsed="0.069226"/>
</kw>
<kw name="Set Variable" owner="BuiltIn">
<msg time="2024-04-01T08:18:59.463590" level="INFO">${json_data} = {'results': [{'gender': 'male', 'name': {'title': 'Mr', 'first': 'Jar', 'last': 'Wood'}, 'location': {'street': {'number': 2390, 'name': 'Oak Lawn Ave'}, 'city': 'Warragul', 'state': 'Australian Capit...</msg>
<var>${json_data}</var>
<arg>${response.json()}</arg>
<doc>Returns the given values which can then be assigned to a variables.</doc>
<status status="PASS" start="2024-04-01T08:18:59.463146" elapsed="0.000479"/>
</kw>
<kw name="Log" owner="BuiltIn">
<msg time="2024-04-01T08:18:59.464128" level="INFO">{'results': [{'gender': 'male', 'name': {'title': 'Mr', 'first': 'Jar', 'last': 'Wood'}, 'location': {'street': {'number': 2390, 'name': 'Oak Lawn Ave'}, 'city': 'Warragul', 'state': 'Australian Capital Territory', 'country': 'Australia', 'postcode': 206, 'coordinates': {'latitude': '-84.1586', 'longitude': '-103.7392'}, 'timezone': {'offset': '-6:00', 'description': 'Central Time (US &amp; Canada), Mexico City'}}, 'email': 'jar.wood@example.com', 'login': {'uuid': '7f339e1f-4b24-488e-9493-13418187a807', 'username': 'organicduck169', 'password': 'driver', 'salt': 'rTirHH61', 'md5': '1dd02d3d8f5ab51b3f3a3b4f8b2a5257', 'sha1': '4afad63b6cc34170ad846aedcfd832b3091284ba', 'sha256': 'a2d92a74b76b3b935075206a66a30a931f12706a2227dfeb6a2d043f51c55195'}, 'dob': {'date': '1957-12-24T02:52:22.845Z', 'age': 66}, 'registered': {'date': '2007-09-26T11:58:24.647Z', 'age': 16}, 'phone': '05-0546-5046', 'cell': '0401-995-265', 'id': {'name': 'TFN', 'value': '700430101'}, 'picture': {'large': 'https://randomuser.me/api/portraits/men/7.jpg', 'medium': 'https://randomuser.me/api/portraits/med/men/7.jpg', 'thumbnail': 'https://randomuser.me/api/portraits/thumb/men/7.jpg'}, 'nat': 'AU'}], 'info': {'seed': '4c68d00f323f0f36', 'results': 1, 'page': 1, 'version': '1.4'}}</msg>
<arg>${json_data}</arg>
<doc>Logs the given message with the given level.</doc>
<status status="PASS" start="2024-04-01T08:18:59.463974" elapsed="0.000236"/>
</kw>
<kw name="Should Be String" owner="String">
<arg>${json_data['results'][0]['gender']}</arg>
<doc>Fails if the given ``item`` is not a string.</doc>
<status status="PASS" start="2024-04-01T08:18:59.464523" elapsed="0.000362"/>
</kw>
<kw name="Should Match Regexp" owner="BuiltIn">
<arg>${json_data['results'][0]['email']}</arg>
<arg>^[a-zA-Z0-9._%+-]+@[a-zA-Z0-9.-]+\.[a-zA-Z]{2,}$</arg>
<doc>Fails if ``string`` does not match ``pattern`` as a regular expression.</doc>
<status status="PASS" start="2024-04-01T08:18:59.465089" elapsed="0.000543"/>
</kw>
<kw name="Should Match Regexp" owner="BuiltIn">
<arg>${json_data['results'][0]['dob']['date']}</arg>
<arg>\\d{4}-\\d{2}-\\d{2}T\\d{2}:\\d{2}:\\d{2}\\.\\d{3}Z</arg>
<doc>Fails if ``string`` does not match ``pattern`` as a regular expression.</doc>
<status status="PASS" start="2024-04-01T08:18:59.465835" elapsed="0.000488"/>
</kw>
<kw name="Should Match Regexp" owner="BuiltIn">
<arg>${json_data['results'][0]['registered']['date']}</arg>
<arg>\\d{4}-\\d{2}-\\d{2}T\\d{2}:\\d{2}:\\d{2}\\.\\d{3}Z</arg>
<doc>Fails if ``string`` does not match ``pattern`` as a regular expression.</doc>
<status status="PASS" start="2024-04-01T08:18:59.466517" elapsed="0.000368"/>
</kw>
<kw name="Should Match Regexp" owner="BuiltIn">
<arg>${json_data['results'][0]['picture']['large']}</arg>
<arg>^https?://.*\.(?:png|jpe?g|gif|bmp)$</arg>
<doc>Fails if ``string`` does not match ``pattern`` as a regular expression.</doc>
<status status="PASS" start="2024-04-01T08:18:59.467072" elapsed="0.000474"/>
</kw>
<kw name="Should Match Regexp" owner="BuiltIn">
<arg>${json_data['results'][0]['picture']['medium']}</arg>
<arg>^https?://.*\.(?:png|jpe?g|gif|bmp)$</arg>
<doc>Fails if ``string`` does not match ``pattern`` as a regular expression.</doc>
<status status="PASS" start="2024-04-01T08:18:59.467735" elapsed="0.000355"/>
</kw>
<kw name="Should Match Regexp" owner="BuiltIn">
<arg>${json_data['results'][0]['picture']['thumbnail']}</arg>
<arg>^https?://.*\.(?:png|jpe?g|gif|bmp)$</arg>
<doc>Fails if ``string`` does not match ``pattern`` as a regular expression.</doc>
<status status="PASS" start="2024-04-01T08:18:59.468277" elapsed="0.000343"/>
</kw>
<kw name="Log" owner="BuiltIn">
<msg time="2024-04-01T08:18:59.469129" level="INFO">{'large': 'https://randomuser.me/api/portraits/men/7.jpg', 'medium': 'https://randomuser.me/api/portraits/med/men/7.jpg', 'thumbnail': 'https://randomuser.me/api/portraits/thumb/men/7.jpg'}</msg>
<arg>${json_data['results'][0]['picture']}</arg>
<doc>Logs the given message with the given level.</doc>
<status status="PASS" start="2024-04-01T08:18:59.468800" elapsed="0.000377"/>
</kw>
<status status="PASS" start="2024-04-01T08:18:59.393267" elapsed="0.076166"/>
</kw>
<kw name="Teste de Tipos de Dados - Postcode" owner="random-user-service">
<kw name="GET On Session" owner="RequestsLibrary">
<msg time="2024-04-01T08:18:59.565405" level="INFO">GET Request : url=https://randomuser.me/api 
 path_url=/api 
 headers={'User-Agent': 'python-requests/2.31.0', 'Accept-Encoding': 'gzip, deflate', 'Accept': '*/*', 'Connection': 'keep-alive'} 
 body=None 
 </msg>
<msg time="2024-04-01T08:18:59.565484" level="INFO">GET Response : url=https://randomuser.me/api 
 status=200, reason=OK 
 headers={'Date': 'Mon, 01 Apr 2024 08:18:59 GMT', 'Content-Type': 'application/json; charset=utf-8', 'Transfer-Encoding': 'chunked', 'Connection': 'keep-alive', 'X-Powered-By': 'Express', 'Access-Control-Allow-Origin': '*', 'Cache-Control': 'no-cache', 'ETag': 'W/"47c-M9UdxLnQI+jTLbJ4XkTmoNdppHw"', 'Vary': 'Accept-Encoding', 'Content-Encoding': 'gzip', 'CF-Cache-Status': 'DYNAMIC', 'Report-To': '{"endpoints":[{"url":"https:\\/\\/a.nel.cloudflare.com\\/report\\/v4?s=TD9eaI%2F3lKieC3MaqIIbOYIzktTOyvAo3fEd2s6ff1LAhBh1v75hY%2B6nwfrwwI9HBEGSC6AHmcyJ1b0QI1rHq1awbGb55uo9nopA04RPIcwyXtYcm2kcJZYMnpciIvGZ"}],"group":"cf-nel","max_age":604800}', 'NEL': '{"success_fraction":0,"report_to":"cf-nel","max_age":604800}', 'Server': 'cloudflare', 'CF-RAY': '86d726d1b9800939-IAD', 'alt-svc': 'h3=":443"; ma=86400'} 
 body={"results":[{"gender":"female","name":{"title":"Ms","first":"Antonija","last":"Šarović"},"location":{"street":{"number":4385,"name":"Tase Živančevića"},"city":"Opovo","state":"Srem","country":"Serbia","postcode":37645,"coordinates":{"latitude":"57.3681","longitude":"79.5723"},"timezone":{"offset":"+3:30","description":"Tehran"}},"email":"antonija.sarovic@example.com","login":{"uuid":"1ab97d9d-44f3-409d-a0b6-78a5fa5b643e","username":"happyladybug592","password":"qwaszx","salt":"p0ocM1zb","md5":"fe3ae85ec4f1296c9777e8d7ce00a549","sha1":"e64c3cd38dea95ca9532874385f129935ed32ebc","sha256":"48cdc9ac4d4c88627e3fa354f0f42d0e16b276767ba0d0dd91314abafe7e3f17"},"dob":{"date":"1982-02-18T12:23:45.504Z","age":42},"registered":{"date":"2008-12-08T15:10:57.077Z","age":15},"phone":"033-7422-820","cell":"062-0200-742","id":{"name":"SID","value":"847966529"},"picture":{"large":"https://randomuser.me/api/portraits/women/94.jpg","medium":"https://randomuser.me/api/portraits/med/women/94.jpg","thumbnail":"https://randomuser.me/api/portraits/thumb/women/94.jpg"},"nat":"RS"}],"info":{"seed":"3efa0d71092ef637","results":1,"page":1,"version":"1.4"}} 
 </msg>
<msg time="2024-04-01T08:18:59.565599" level="INFO">/opt/hostedtoolcache/Python/3.12.2/x64/lib/python3.12/site-packages/urllib3/connectionpool.py:1103: InsecureRequestWarning: Unverified HTTPS request is being made to host 'randomuser.me'. Adding certificate verification is strongly advised. See: https://urllib3.readthedocs.io/en/latest/advanced-usage.html#tls-warnings
  warnings.warn(</msg>
<msg time="2024-04-01T08:18:59.565713" level="INFO">${response} = &lt;Response [200]&gt;</msg>
<var>${response}</var>
<arg>consultarAPI</arg>
<arg>/api</arg>
<doc>Sends a GET request on a previously created HTTP Session.</doc>
<status status="PASS" start="2024-04-01T08:18:59.470014" elapsed="0.095748"/>
</kw>
<kw name="Set Variable" owner="BuiltIn">
<msg time="2024-04-01T08:18:59.566856" level="INFO">${json_data} = {'results': [{'gender': 'female', 'name': {'title': 'Ms', 'first': 'Antonija', 'last': 'Šarović'}, 'location': {'street': {'number': 4385, 'name': 'Tase Živančevića'}, 'city': 'Opovo', 'state': 'Srem'...</msg>
<var>${json_data}</var>
<arg>${response.json()}</arg>
<doc>Returns the given values which can then be assigned to a variables.</doc>
<status status="PASS" start="2024-04-01T08:18:59.566290" elapsed="0.000598"/>
</kw>
<kw name="Log" owner="BuiltIn">
<msg time="2024-04-01T08:18:59.567362" level="INFO">{'results': [{'gender': 'female', 'name': {'title': 'Ms', 'first': 'Antonija', 'last': 'Šarović'}, 'location': {'street': {'number': 4385, 'name': 'Tase Živančevića'}, 'city': 'Opovo', 'state': 'Srem', 'country': 'Serbia', 'postcode': 37645, 'coordinates': {'latitude': '57.3681', 'longitude': '79.5723'}, 'timezone': {'offset': '+3:30', 'description': 'Tehran'}}, 'email': 'antonija.sarovic@example.com', 'login': {'uuid': '1ab97d9d-44f3-409d-a0b6-78a5fa5b643e', 'username': 'happyladybug592', 'password': 'qwaszx', 'salt': 'p0ocM1zb', 'md5': 'fe3ae85ec4f1296c9777e8d7ce00a549', 'sha1': 'e64c3cd38dea95ca9532874385f129935ed32ebc', 'sha256': '48cdc9ac4d4c88627e3fa354f0f42d0e16b276767ba0d0dd91314abafe7e3f17'}, 'dob': {'date': '1982-02-18T12:23:45.504Z', 'age': 42}, 'registered': {'date': '2008-12-08T15:10:57.077Z', 'age': 15}, 'phone': '033-7422-820', 'cell': '062-0200-742', 'id': {'name': 'SID', 'value': '847966529'}, 'picture': {'large': 'https://randomuser.me/api/portraits/women/94.jpg', 'medium': 'https://randomuser.me/api/portraits/med/women/94.jpg', 'thumbnail': 'https://randomuser.me/api/portraits/thumb/women/94.jpg'}, 'nat': 'RS'}], 'info': {'seed': '3efa0d71092ef637', 'results': 1, 'page': 1, 'version': '1.4'}}</msg>
<arg>${json_data}</arg>
<doc>Logs the given message with the given level.</doc>
<status status="PASS" start="2024-04-01T08:18:59.567198" elapsed="0.000248"/>
</kw>
<kw name="Should Be Equal As Numbers" owner="BuiltIn">
<arg>${json_data['results'][0]['location']['postcode']}</arg>
<arg>${json_data['results'][0]['location']['postcode']}</arg>
<doc>Fails if objects are unequal after converting them to real numbers.</doc>
<status status="PASS" start="2024-04-01T08:18:59.567752" elapsed="0.000630"/>
</kw>
<kw name="Log" owner="BuiltIn">
<msg time="2024-04-01T08:18:59.568909" level="INFO">37645</msg>
<arg>${json_data['results'][0]['location']['postcode']}</arg>
<doc>Logs the given message with the given level.</doc>
<status status="PASS" start="2024-04-01T08:18:59.568574" elapsed="0.000377"/>
</kw>
<status status="PASS" start="2024-04-01T08:18:59.469672" elapsed="0.099531"/>
</kw>
<doc>Testa se os tipos de dados na resposta da API estão corretos.</doc>
<tag>testeTiposDados</tag>
<status status="PASS" start="2024-04-01T08:18:59.392830" elapsed="0.176532"/>
</test>
<test id="s1-s1-t5" name="Validar conteudo" line="35">
<kw name="Teste de Tipos de Conteudo" owner="random-user-service">
<kw name="GET On Session" owner="RequestsLibrary">
<msg time="2024-04-01T08:18:59.664399" level="INFO">GET Request : url=https://randomuser.me/api 
 path_url=/api 
 headers={'User-Agent': 'python-requests/2.31.0', 'Accept-Encoding': 'gzip, deflate', 'Accept': '*/*', 'Connection': 'keep-alive'} 
 body=None 
 </msg>
<msg time="2024-04-01T08:18:59.664478" level="INFO">GET Response : url=https://randomuser.me/api 
 status=200, reason=OK 
 headers={'Date': 'Mon, 01 Apr 2024 08:18:59 GMT', 'Content-Type': 'application/json; charset=utf-8', 'Transfer-Encoding': 'chunked', 'Connection': 'keep-alive', 'X-Powered-By': 'Express', 'Access-Control-Allow-Origin': '*', 'Cache-Control': 'no-cache', 'ETag': 'W/"48c-LNc2zuJeHvha1ZYhvCBedOVHxII"', 'Vary': 'Accept-Encoding', 'Content-Encoding': 'gzip', 'CF-Cache-Status': 'DYNAMIC', 'Report-To': '{"endpoints":[{"url":"https:\\/\\/a.nel.cloudflare.com\\/report\\/v4?s=T9CcHemq6zq9qaDQNdidKhFjtLrYl%2FonctGGsklAv%2BftHr4o0fbmbkC2hl7J%2Be6gor%2Fc0JzFDwNntLHOc7ckyGT5jQb2Ei%2FF5doBpwY7gXlnbEeQ4yXWFsVomblkOLqs"}],"group":"cf-nel","max_age":604800}', 'NEL': '{"success_fraction":0,"report_to":"cf-nel","max_age":604800}', 'Server': 'cloudflare', 'CF-RAY': '86d726d25a180939-IAD', 'alt-svc': 'h3=":443"; ma=86400'} 
 body={"results":[{"gender":"female","name":{"title":"Miss","first":"Ruslana","last":"Ohrimenko"},"location":{"street":{"number":6825,"name":"Grigoriya Andryushchenka"},"city":"Novodruzhesk","state":"Volinska","country":"Ukraine","postcode":68735,"coordinates":{"latitude":"80.4190","longitude":"155.4864"},"timezone":{"offset":"-2:00","description":"Mid-Atlantic"}},"email":"ruslana.ohrimenko@example.com","login":{"uuid":"ca06a091-a855-470d-b428-544ba634ab23","username":"lazygoose378","password":"bigcat","salt":"HxwCbZEt","md5":"47c7a5bf965a69ab695180f28dddc20e","sha1":"00f3d6b85a214e00b59ee06090c96d74a70c4032","sha256":"5f9fc7dcf1d8fbfa56e71c67235a022688ae719a66be22759ee3ee2c4287828f"},"dob":{"date":"1962-01-20T23:00:35.442Z","age":62},"registered":{"date":"2016-03-20T02:21:52.154Z","age":8},"phone":"(068) G36-7120","cell":"(066) Z57-2250","id":{"name":"","value":null},"picture":{"large":"https://randomuser.me/api/portraits/women/65.jpg","medium":"https://randomuser.me/api/portraits/med/women/65.jpg","thumbnail":"https://randomuser.me/api/portraits/thumb/women/65.jpg"},"nat":"UA"}],"info":{"seed":"3fb5b32a7a649716","results":1,"page":1,"version":"1.4"}} 
 </msg>
<msg time="2024-04-01T08:18:59.664529" level="INFO">/opt/hostedtoolcache/Python/3.12.2/x64/lib/python3.12/site-packages/urllib3/connectionpool.py:1103: InsecureRequestWarning: Unverified HTTPS request is being made to host 'randomuser.me'. Adding certificate verification is strongly advised. See: https://urllib3.readthedocs.io/en/latest/advanced-usage.html#tls-warnings
  warnings.warn(</msg>
<msg time="2024-04-01T08:18:59.664620" level="INFO">${response} = &lt;Response [200]&gt;</msg>
<var>${response}</var>
<arg>consultarAPI</arg>
<arg>/api</arg>
<doc>Sends a GET request on a previously created HTTP Session.</doc>
<status status="PASS" start="2024-04-01T08:18:59.571863" elapsed="0.092797"/>
</kw>
<kw name="Set Variable" owner="BuiltIn">
<msg time="2024-04-01T08:18:59.665628" level="INFO">${json_data} = {'results': [{'gender': 'female', 'name': {'title': 'Miss', 'first': 'Ruslana', 'last': 'Ohrimenko'}, 'location': {'street': {'number': 6825, 'name': 'Grigoriya Andryushchenka'}, 'city': 'Novodruzhesk...</msg>
<var>${json_data}</var>
<arg>${response.json()}</arg>
<doc>Returns the given values which can then be assigned to a variables.</doc>
<status status="PASS" start="2024-04-01T08:18:59.665095" elapsed="0.000561"/>
</kw>
<kw name="Set Variable" owner="BuiltIn">
<msg time="2024-04-01T08:18:59.666349" level="INFO">${name_title} = Miss</msg>
<var>${name_title}</var>
<arg>${json_data["results"][0]["name"]["title"]}</arg>
<doc>Returns the given values which can then be assigned to a variables.</doc>
<status status="PASS" start="2024-04-01T08:18:59.665969" elapsed="0.000406"/>
</kw>
<kw name="Create List" owner="BuiltIn">
<msg time="2024-04-01T08:18:59.666824" level="INFO">${allowed_titles} = ['Mr', 'Ms', 'Miss', 'Mrs', 'Madame', 'Monsieur']</msg>
<var>${allowed_titles}</var>
<arg>Mr</arg>
<arg>Ms</arg>
<arg>Miss</arg>
<arg>Mrs</arg>
<arg>Madame</arg>
<arg>Monsieur</arg>
<doc>Returns a list containing given items.</doc>
<status status="PASS" start="2024-04-01T08:18:59.666676" elapsed="0.000172"/>
</kw>
<kw name="List Should Contain Value" owner="Collections">
<msg time="2024-04-01T08:18:59.667318" level="INFO">False</msg>
<arg>${allowed_titles}</arg>
<arg>${name_title}</arg>
<doc>Fails if the ``value`` is not found from ``list``.</doc>
<status status="PASS" start="2024-04-01T08:18:59.667147" elapsed="0.000209"/>
</kw>
<kw name="Set Variable" owner="BuiltIn">
<msg time="2024-04-01T08:18:59.668022" level="INFO">${name_country} = UA</msg>
<var>${name_country}</var>
<arg>${json_data["results"][0]["nat"]}</arg>
<doc>Returns the given values which can then be assigned to a variables.</doc>
<status status="PASS" start="2024-04-01T08:18:59.667643" elapsed="0.000404"/>
</kw>
<kw name="Create List" owner="BuiltIn">
<msg time="2024-04-01T08:18:59.668953" level="INFO">${list_country} = ['AD', 'AE', 'AF', 'AG', 'AI', 'AL', 'AM', 'AO', 'AQ', 'AR', 'AS', 'AT', 'AU', 'AW', 'AX', 'AZ', 'BA', 'BB', 'BD', 'BE', 'BF', 'BG', 'BH', 'BI', 'BJ', 'BL', 'BM', 'BN', 'BO', 'BQ', 'BR', 'BS', 'BT', '...</msg>
<var>${list_country}</var>
<arg>AD</arg>
<arg>AE</arg>
<arg>AF</arg>
<arg>AG</arg>
<arg>AI</arg>
<arg>AL</arg>
<arg>AM</arg>
<arg>AO</arg>
<arg>AQ</arg>
<arg>AR</arg>
<arg>AS</arg>
<arg>AT</arg>
<arg>AU</arg>
<arg>AW</arg>
<arg>AX</arg>
<arg>AZ</arg>
<arg>BA</arg>
<arg>BB</arg>
<arg>BD</arg>
<arg>BE</arg>
<arg>BF</arg>
<arg>BG</arg>
<arg>BH</arg>
<arg>BI</arg>
<arg>BJ</arg>
<arg>BL</arg>
<arg>BM</arg>
<arg>BN</arg>
<arg>BO</arg>
<arg>BQ</arg>
<arg>BR</arg>
<arg>BS</arg>
<arg>BT</arg>
<arg>BV</arg>
<arg>BW</arg>
<arg>BY</arg>
<arg>BZ</arg>
<arg>CA</arg>
<arg>CC</arg>
<arg>CD</arg>
<arg>CF</arg>
<arg>CG</arg>
<arg>CH</arg>
<arg>CI</arg>
<arg>CK</arg>
<arg>CL</arg>
<arg>CM</arg>
<arg>CN</arg>
<arg>CO</arg>
<arg>CR</arg>
<arg>CU</arg>
<arg>CV</arg>
<arg>CW</arg>
<arg>CX</arg>
<arg>CY</arg>
<arg>CZ</arg>
<arg>DE</arg>
<arg>DJ</arg>
<arg>DK</arg>
<arg>DM</arg>
<arg>DO</arg>
<arg>DZ</arg>
<arg>EC</arg>
<arg>EE</arg>
<arg>EG</arg>
<arg>EH</arg>
<arg>ER</arg>
<arg>ES</arg>
<arg>ET</arg>
<arg>FI</arg>
<arg>FJ</arg>
<arg>FK</arg>
<arg>FM</arg>
<arg>FO</arg>
<arg>FR</arg>
<arg>GA</arg>
<arg>GB</arg>
<arg>GD</arg>
<arg>GE</arg>
<arg>GF</arg>
<arg>GG</arg>
<arg>GH</arg>
<arg>GI</arg>
<arg>GL</arg>
<arg>GM</arg>
<arg>GN</arg>
<arg>GP</arg>
<arg>GQ</arg>
<arg>GR</arg>
<arg>GS</arg>
<arg>GT</arg>
<arg>GU</arg>
<arg>GW</arg>
<arg>GY</arg>
<arg>HK</arg>
<arg>HM</arg>
<arg>HN</arg>
<arg>HR</arg>
<arg>HT</arg>
<arg>HU</arg>
<arg>ID</arg>
<arg>IE</arg>
<arg>IL</arg>
<arg>IM</arg>
<arg>IN</arg>
<arg>IO</arg>
<arg>IQ</arg>
<arg>IR</arg>
<arg>IS</arg>
<arg>IT</arg>
<arg>JE</arg>
<arg>JM</arg>
<arg>JO</arg>
<arg>JP</arg>
<arg>KE</arg>
<arg>KG</arg>
<arg>KH</arg>
<arg>KI</arg>
<arg>KM</arg>
<arg>KN</arg>
<arg>KP</arg>
<arg>KR</arg>
<arg>KW</arg>
<arg>KY</arg>
<arg>KZ</arg>
<arg>LA</arg>
<arg>LB</arg>
<arg>LC</arg>
<arg>LI</arg>
<arg>LK</arg>
<arg>LR</arg>
<arg>LS</arg>
<arg>LT</arg>
<arg>LU</arg>
<arg>LV</arg>
<arg>LY</arg>
<arg>MA</arg>
<arg>MC</arg>
<arg>MD</arg>
<arg>ME</arg>
<arg>MF</arg>
<arg>MG</arg>
<arg>MH</arg>
<arg>MK</arg>
<arg>ML</arg>
<arg>MM</arg>
<arg>MN</arg>
<arg>MO</arg>
<arg>MP</arg>
<arg>MQ</arg>
<arg>MR</arg>
<arg>MS</arg>
<arg>MT</arg>
<arg>MU</arg>
<arg>MV</arg>
<arg>MW</arg>
<arg>MX</arg>
<arg>MY</arg>
<arg>MZ</arg>
<arg>NA</arg>
<arg>NC</arg>
<arg>NE</arg>
<arg>NF</arg>
<arg>NG</arg>
<arg>NI</arg>
<arg>NL</arg>
<arg>NO</arg>
<arg>NP</arg>
<arg>NR</arg>
<arg>NU</arg>
<arg>NZ</arg>
<arg>OM</arg>
<arg>PA</arg>
<arg>PE</arg>
<arg>PF</arg>
<arg>PG</arg>
<arg>PH</arg>
<arg>PK</arg>
<arg>PL</arg>
<arg>PM</arg>
<arg>PN</arg>
<arg>PR</arg>
<arg>PS</arg>
<arg>PT</arg>
<arg>PW</arg>
<arg>PY</arg>
<arg>QA</arg>
<arg>RE</arg>
<arg>RO</arg>
<arg>RS</arg>
<arg>RU</arg>
<arg>RW</arg>
<arg>SA</arg>
<arg>SB</arg>
<arg>SC</arg>
<arg>SD</arg>
<arg>SE</arg>
<arg>SG</arg>
<arg>SH</arg>
<arg>SI</arg>
<arg>SJ</arg>
<arg>SK</arg>
<arg>SL</arg>
<arg>SM</arg>
<arg>SN</arg>
<arg>SO</arg>
<arg>SR</arg>
<arg>SS</arg>
<arg>ST</arg>
<arg>SV</arg>
<arg>SX</arg>
<arg>SY</arg>
<arg>SZ</arg>
<arg>TC</arg>
<arg>TD</arg>
<arg>TF</arg>
<arg>TG</arg>
<arg>TH</arg>
<arg>TJ</arg>
<arg>TK</arg>
<arg>TL</arg>
<arg>TM</arg>
<arg>TN</arg>
<arg>TO</arg>
<arg>TR</arg>
<arg>TT</arg>
<arg>TV</arg>
<arg>TW</arg>
<arg>TZ</arg>
<arg>UA</arg>
<arg>UG</arg>
<arg>UM</arg>
<arg>US</arg>
<arg>UY</arg>
<arg>UZ</arg>
<arg>VA</arg>
<arg>VC</arg>
<arg>VE</arg>
<arg>VG</arg>
<arg>VI</arg>
<arg>VN</arg>
<arg>VU</arg>
<arg>WF</arg>
<arg>WS</arg>
<arg>XK</arg>
<arg>YE</arg>
<arg>YT</arg>
<arg>ZA</arg>
<arg>ZM</arg>
<arg>ZW</arg>
<doc>Returns a list containing given items.</doc>
<status status="PASS" start="2024-04-01T08:18:59.668355" elapsed="0.000623"/>
</kw>
<kw name="List Should Contain Value" owner="Collections">
<msg time="2024-04-01T08:18:59.670108" level="INFO">False</msg>
<arg>${list_country}</arg>
<arg>${name_country}</arg>
<doc>Fails if the ``value`` is not found from ``list``.</doc>
<status status="PASS" start="2024-04-01T08:18:59.669899" elapsed="0.000246"/>
</kw>
<kw name="Run Keyword If" owner="BuiltIn">
<kw name="Should Be True" owner="BuiltIn">
<arg>${True}</arg>
<doc>Fails if the given condition is not true.</doc>
<status status="PASS" start="2024-04-01T08:18:59.671209" elapsed="0.000144"/>
</kw>
<arg>${json_data["results"][0]["location"]["coordinates"]["latitude"]} &gt;= -90 and ${json_data["results"][0]["location"]["coordinates"]["latitude"]} &lt;= 90</arg>
<arg>Should Be True</arg>
<arg>${True}</arg>
<doc>Runs the given keyword with the given arguments, if ``condition`` is true.</doc>
<status status="PASS" start="2024-04-01T08:18:59.670457" elapsed="0.001023"/>
</kw>
<kw name="Run Keyword If" owner="BuiltIn">
<kw name="Should Be True" owner="BuiltIn">
<arg>${True}</arg>
<doc>Fails if the given condition is not true.</doc>
<status status="PASS" start="2024-04-01T08:18:59.672369" elapsed="0.000139"/>
</kw>
<arg>${json_data["results"][0]["location"]["coordinates"]["longitude"]} &gt;= -180 and ${json_data["results"][0]["location"]["coordinates"]["longitude"]} &lt;= 180</arg>
<arg>Should Be True</arg>
<arg>${True}</arg>
<doc>Runs the given keyword with the given arguments, if ``condition`` is true.</doc>
<status status="PASS" start="2024-04-01T08:18:59.671665" elapsed="0.000967"/>
</kw>
<status status="PASS" start="2024-04-01T08:18:59.571641" elapsed="0.101119"/>
</kw>
<doc>Testa o conteúdo específico dos campos retornados pela API.</doc>
<tag>testeConteudo</tag>
<status status="PASS" start="2024-04-01T08:18:59.571128" elapsed="0.101775"/>
</test>
<status status="PASS" start="2024-04-01T08:18:58.888616" elapsed="0.786248"/>
</suite>
<status status="PASS" start="2024-04-01T08:18:58.874814" elapsed="0.805366"/>
</suite>
<statistics>
<total>
<stat pass="5" fail="0" skip="0">All Tests</stat>
</total>
<tag>
<stat pass="1" fail="0" skip="0">testeConteudo</stat>
<stat pass="1" fail="0" skip="0">testeEstruturaResposta</stat>
<stat pass="1" fail="0" skip="0">testeRequisicaoBasica</stat>
<stat pass="1" fail="0" skip="0">testeTiposDados</stat>
</tag>
<suite>
<stat pass="5" fail="0" skip="0" id="s1" name="Tests">Tests</stat>
<stat pass="5" fail="0" skip="0" id="s1-s1" name="Random-User-Test">Tests.Random-User-Test</stat>
</suite>
</statistics>
<errors>
</errors>
</robot>
