<?xml version="1.0" encoding="UTF-8"?>
<robot generator="Robot 7.0 (Python 3.12.2 on linux)" generated="2024-03-29T03:14:12.469828" rpa="false" schemaversion="5">
<suite id="s1" name="Tests" source="/home/runner/work/DesafioQAItauRogerioJordao/DesafioQAItauRogerioJordao/RamdonUser/tests">
<suite id="s1-s1" name="Random-User-Test" source="/home/runner/work/DesafioQAItauRogerioJordao/DesafioQAItauRogerioJordao/RamdonUser/tests/random-user-test.robot">
<test id="s1-s1-t1" name="Conectar" line="13">
<kw name="Conectar API" owner="random-user-service">
<kw name="Create Session" owner="RequestsLibrary">
<msg time="2024-03-29T03:14:12.884328" level="INFO">Creating Session using : alias=consultarAPI, url=https://randomuser.me/, headers={},                     cookies={}, auth=None, timeout=None, proxies=None, verify=False,                     debug=0 </msg>
<arg>consultarAPI</arg>
<arg>${URL}</arg>
<doc>Create Session: create a HTTP session to a server</doc>
<status status="PASS" start="2024-03-29T03:14:12.884105" elapsed="0.000427"/>
</kw>
<status status="PASS" start="2024-03-29T03:14:12.883009" elapsed="0.001919"/>
</kw>
<status status="PASS" start="2024-03-29T03:14:12.882308" elapsed="0.002828"/>
</test>
<test id="s1-s1-t2" name="Validar retorno 200 e JSON Válido" line="16">
<kw name="Teste de Requisicao Basica" owner="random-user-service">
<kw name="GET On Session" owner="RequestsLibrary">
<msg time="2024-03-29T03:14:12.995528" level="INFO">GET Request : url=https://randomuser.me/api 
 path_url=/api 
 headers={'User-Agent': 'python-requests/2.31.0', 'Accept-Encoding': 'gzip, deflate', 'Accept': '*/*', 'Connection': 'keep-alive'} 
 body=None 
 </msg>
<msg time="2024-03-29T03:14:12.995695" level="INFO">GET Response : url=https://randomuser.me/api 
 status=200, reason=OK 
 headers={'Date': 'Fri, 29 Mar 2024 03:14:12 GMT', 'Content-Type': 'application/json; charset=utf-8', 'Transfer-Encoding': 'chunked', 'Connection': 'keep-alive', 'X-Powered-By': 'Express', 'Access-Control-Allow-Origin': '*', 'Cache-Control': 'no-cache', 'ETag': 'W/"47a-MtROMMA/27WS9PipEjwBdmd6Krs"', 'Vary': 'Accept-Encoding', 'Content-Encoding': 'gzip', 'CF-Cache-Status': 'DYNAMIC', 'Report-To': '{"endpoints":[{"url":"https:\\/\\/a.nel.cloudflare.com\\/report\\/v4?s=6jFecYRX%2FsxxHaQ3TA63n0O1cRqp1gFeo%2FrRti7MipVmbDKt5EKICuN6cOWBfjORpT1TwX%2Bz7Mti9NQTbwUJF4FmvMfcjaVT8KA03fe08yTt%2FzV4AGvFg%2Be7xi3D8JDX"}],"group":"cf-nel","max_age":604800}', 'NEL': '{"success_fraction":0,"report_to":"cf-nel","max_age":604800}', 'Server': 'cloudflare', 'CF-RAY': '86bcb03ebed4810e-ORD', 'alt-svc': 'h3=":443"; ma=86400'} 
 body={"results":[{"gender":"male","name":{"title":"Mr","first":"Heinrich","last":"Kolberg"},"location":{"street":{"number":988,"name":"Breslauer Straße"},"city":"Rahden","state":"Berlin","country":"Germany","postcode":50837,"coordinates":{"latitude":"-49.2707","longitude":"-9.8680"},"timezone":{"offset":"-10:00","description":"Hawaii"}},"email":"heinrich.kolberg@example.com","login":{"uuid":"67112b27-189a-4db5-8fef-7263829e428f","username":"whitezebra538","password":"zipper","salt":"eHKPYSub","md5":"49deac9b3602046e6c5392e205b021c6","sha1":"9f4af4121fd82fe1fdadbb20fd9c48862af57d4f","sha256":"1c47e5a4397892200a22b8dfd5f529cbb90fb0da82f5833100e0e5abd7af7206"},"dob":{"date":"1954-06-24T21:52:51.849Z","age":69},"registered":{"date":"2011-01-06T15:38:29.039Z","age":13},"phone":"0516-9315963","cell":"0171-6053133","id":{"name":"SVNR","value":"61 240654 K 490"},"picture":{"large":"https://randomuser.me/api/portraits/men/19.jpg","medium":"https://randomuser.me/api/portraits/med/men/19.jpg","thumbnail":"https://randomuser.me/api/portraits/thumb/men/19.jpg"},"nat":"DE"}],"info":{"seed":"c730eceaf98ea078","results":1,"page":1,"version":"1.4"}} 
 </msg>
<msg time="2024-03-29T03:14:12.995809" level="INFO">/opt/hostedtoolcache/Python/3.12.2/x64/lib/python3.12/site-packages/urllib3/connectionpool.py:1103: InsecureRequestWarning: Unverified HTTPS request is being made to host 'randomuser.me'. Adding certificate verification is strongly advised. See: https://urllib3.readthedocs.io/en/latest/advanced-usage.html#tls-warnings
  warnings.warn(</msg>
<msg time="2024-03-29T03:14:12.995976" level="INFO">${response} = &lt;Response [200]&gt;</msg>
<var>${response}</var>
<arg>consultarAPI</arg>
<arg>/api</arg>
<doc>Sends a GET request on a previously created HTTP Session.</doc>
<status status="PASS" start="2024-03-29T03:14:12.887898" elapsed="0.108122"/>
</kw>
<kw name="Should Be Equal As Numbers" owner="BuiltIn">
<msg time="2024-03-29T03:14:12.997089" level="INFO">Argument types are:
&lt;class 'int'&gt;
&lt;class 'str'&gt;</msg>
<arg>${response.status_code}</arg>
<arg>200</arg>
<doc>Fails if objects are unequal after converting them to real numbers.</doc>
<status status="PASS" start="2024-03-29T03:14:12.996607" elapsed="0.000550"/>
</kw>
<kw name="Log" owner="BuiltIn">
<msg time="2024-03-29T03:14:12.997852" level="INFO">200</msg>
<arg>${response.status_code}</arg>
<doc>Logs the given message with the given level.</doc>
<status status="PASS" start="2024-03-29T03:14:12.997486" elapsed="0.000409"/>
</kw>
<kw name="Set Variable" owner="BuiltIn">
<msg time="2024-03-29T03:14:12.998695" level="INFO">${json_data} = {'results': [{'gender': 'male', 'name': {'title': 'Mr', 'first': 'Heinrich', 'last': 'Kolberg'}, 'location': {'street': {'number': 988, 'name': 'Breslauer Straße'}, 'city': 'Rahden', 'state': 'Berlin'...</msg>
<var>${json_data}</var>
<arg>${response.json()}</arg>
<doc>Returns the given values which can then be assigned to a variables.</doc>
<status status="PASS" start="2024-03-29T03:14:12.998235" elapsed="0.000490"/>
</kw>
<kw name="Dictionary Should Contain Key" owner="Collections">
<msg time="2024-03-29T03:14:12.999305" level="INFO">False</msg>
<arg>${json_data}</arg>
<arg>results</arg>
<doc>Fails if ``key`` is not found from ``dictionary``.</doc>
<status status="PASS" start="2024-03-29T03:14:12.999091" elapsed="0.000255"/>
</kw>
<status status="PASS" start="2024-03-29T03:14:12.887629" elapsed="0.111990"/>
</kw>
<doc>Testa se a API responde corretamente e retorna um objeto JSON válido.</doc>
<tag>testeRequisicaoBasica</tag>
<status status="PASS" start="2024-03-29T03:14:12.887060" elapsed="0.112753"/>
</test>
<test id="s1-s1-t3" name="Validar estrutura de resposta" line="22">
<kw name="Teste de Estrutura de Resposta" owner="random-user-service">
<kw name="GET On Session" owner="RequestsLibrary">
<msg time="2024-03-29T03:14:13.061137" level="INFO">GET Request : url=https://randomuser.me/api 
 path_url=/api 
 headers={'User-Agent': 'python-requests/2.31.0', 'Accept-Encoding': 'gzip, deflate', 'Accept': '*/*', 'Connection': 'keep-alive'} 
 body=None 
 </msg>
<msg time="2024-03-29T03:14:13.061260" level="INFO">GET Response : url=https://randomuser.me/api 
 status=200, reason=OK 
 headers={'Date': 'Fri, 29 Mar 2024 03:14:13 GMT', 'Content-Type': 'application/json; charset=utf-8', 'Transfer-Encoding': 'chunked', 'Connection': 'keep-alive', 'X-Powered-By': 'Express', 'Access-Control-Allow-Origin': '*', 'Cache-Control': 'no-cache', 'ETag': 'W/"4b0-JvoSrubtbCOfbIvAlHXAtzN2O4s"', 'Vary': 'Accept-Encoding', 'Content-Encoding': 'gzip', 'CF-Cache-Status': 'DYNAMIC', 'Report-To': '{"endpoints":[{"url":"https:\\/\\/a.nel.cloudflare.com\\/report\\/v4?s=1NHKl9ick9KGUZPmjfAAtC1h2mG%2BhUYZQ82K6%2Bk0b7gQNauQgcrIOzVFwgM5OVW4s8xlGRWhHQRfDMBWD9TZFdf8FiHxv%2F9yzgg5MhtQurRInTqnVgGP90wUbRR5zZGc"}],"group":"cf-nel","max_age":604800}', 'NEL': '{"success_fraction":0,"report_to":"cf-nel","max_age":604800}', 'Server': 'cloudflare', 'CF-RAY': '86bcb03f4f4b810e-ORD', 'alt-svc': 'h3=":443"; ma=86400'} 
 body={"results":[{"gender":"female","name":{"title":"Miss","first":"María José","last":"Navarrete"},"location":{"street":{"number":8433,"name":"Periférico Sinaloa"},"city":"Ciudad Lázaro Cárdenas","state":"Ciudad de Mexico","country":"Mexico","postcode":63243,"coordinates":{"latitude":"24.6985","longitude":"67.8686"},"timezone":{"offset":"+5:45","description":"Kathmandu"}},"email":"mariajose.navarrete@example.com","login":{"uuid":"a94cdc23-9fcd-466e-b55b-7239f8704860","username":"sadladybug219","password":"fullback","salt":"0X3yy3ow","md5":"836fd8cc1bc9eadc0363536079fd1a0d","sha1":"c1fc7d22d971cf836962671b64c3c3c42a5526a5","sha256":"f172ce8881cd3795a157aebacbe64e245dd02570b65fc422dfa9afbc334301ad"},"dob":{"date":"1956-07-01T17:12:02.593Z","age":67},"registered":{"date":"2014-09-14T08:30:12.349Z","age":9},"phone":"(654) 025 4077","cell":"(683) 911 5019","id":{"name":"NSS","value":"66 23 21 8378 6"},"picture":{"large":"https://randomuser.me/api/portraits/women/93.jpg","medium":"https://randomuser.me/api/portraits/med/women/93.jpg","thumbnail":"https://randomuser.me/api/portraits/thumb/women/93.jpg"},"nat":"MX"}],"info":{"seed":"1e83100d36123a70","results":1,"page":1,"version":"1.4"}} 
 </msg>
<msg time="2024-03-29T03:14:13.061437" level="INFO">/opt/hostedtoolcache/Python/3.12.2/x64/lib/python3.12/site-packages/urllib3/connectionpool.py:1103: InsecureRequestWarning: Unverified HTTPS request is being made to host 'randomuser.me'. Adding certificate verification is strongly advised. See: https://urllib3.readthedocs.io/en/latest/advanced-usage.html#tls-warnings
  warnings.warn(</msg>
<msg time="2024-03-29T03:14:13.061634" level="INFO">${response} = &lt;Response [200]&gt;</msg>
<var>${response}</var>
<arg>consultarAPI</arg>
<arg>/api</arg>
<doc>Sends a GET request on a previously created HTTP Session.</doc>
<status status="PASS" start="2024-03-29T03:14:13.002629" elapsed="0.059046"/>
</kw>
<kw name="Set Variable" owner="BuiltIn">
<msg time="2024-03-29T03:14:13.062767" level="INFO">${json_data} = {'results': [{'gender': 'female', 'name': {'title': 'Miss', 'first': 'María José', 'last': 'Navarrete'}, 'location': {'street': {'number': 8433, 'name': 'Periférico Sinaloa'}, 'city': 'Ciudad Lázaro C...</msg>
<var>${json_data}</var>
<arg>${response.json()}</arg>
<doc>Returns the given values which can then be assigned to a variables.</doc>
<status status="PASS" start="2024-03-29T03:14:13.062210" elapsed="0.000620"/>
</kw>
<kw name="Log" owner="BuiltIn">
<msg time="2024-03-29T03:14:13.063335" level="INFO">{'results': [{'gender': 'female', 'name': {'title': 'Miss', 'first': 'María José', 'last': 'Navarrete'}, 'location': {'street': {'number': 8433, 'name': 'Periférico Sinaloa'}, 'city': 'Ciudad Lázaro Cárdenas', 'state': 'Ciudad de Mexico', 'country': 'Mexico', 'postcode': 63243, 'coordinates': {'latitude': '24.6985', 'longitude': '67.8686'}, 'timezone': {'offset': '+5:45', 'description': 'Kathmandu'}}, 'email': 'mariajose.navarrete@example.com', 'login': {'uuid': 'a94cdc23-9fcd-466e-b55b-7239f8704860', 'username': 'sadladybug219', 'password': 'fullback', 'salt': '0X3yy3ow', 'md5': '836fd8cc1bc9eadc0363536079fd1a0d', 'sha1': 'c1fc7d22d971cf836962671b64c3c3c42a5526a5', 'sha256': 'f172ce8881cd3795a157aebacbe64e245dd02570b65fc422dfa9afbc334301ad'}, 'dob': {'date': '1956-07-01T17:12:02.593Z', 'age': 67}, 'registered': {'date': '2014-09-14T08:30:12.349Z', 'age': 9}, 'phone': '(654) 025 4077', 'cell': '(683) 911 5019', 'id': {'name': 'NSS', 'value': '66 23 21 8378 6'}, 'picture': {'large': 'https://randomuser.me/api/portraits/women/93.jpg', 'medium': 'https://randomuser.me/api/portraits/med/women/93.jpg', 'thumbnail': 'https://randomuser.me/api/portraits/thumb/women/93.jpg'}, 'nat': 'MX'}], 'info': {'seed': '1e83100d36123a70', 'results': 1, 'page': 1, 'version': '1.4'}}</msg>
<arg>${json_data}</arg>
<doc>Logs the given message with the given level.</doc>
<status status="PASS" start="2024-03-29T03:14:13.063163" elapsed="0.000222"/>
</kw>
<kw name="Dictionary Should Contain Key" owner="Collections">
<msg time="2024-03-29T03:14:13.063849" level="INFO">False</msg>
<arg>${json_data}</arg>
<arg>results</arg>
<doc>Fails if ``key`` is not found from ``dictionary``.</doc>
<status status="PASS" start="2024-03-29T03:14:13.063687" elapsed="0.000200"/>
</kw>
<kw name="Should Not Be Empty" owner="BuiltIn">
<msg time="2024-03-29T03:14:13.064321" level="INFO">Length is 2.</msg>
<arg>${json_data}</arg>
<doc>Verifies that the given item is not empty.</doc>
<status status="PASS" start="2024-03-29T03:14:13.064185" elapsed="0.000181"/>
</kw>
<kw name="Create List" owner="BuiltIn">
<msg time="2024-03-29T03:14:13.064810" level="INFO">${expected_keys} = ['gender', 'name', 'location', 'email', 'login']</msg>
<var>${expected_keys}</var>
<arg>gender</arg>
<arg>name</arg>
<arg>location</arg>
<arg>email</arg>
<arg>login</arg>
<doc>Returns a list containing given items.</doc>
<status status="PASS" start="2024-03-29T03:14:13.064660" elapsed="0.000175"/>
</kw>
<for flavor="IN">
<iter>
<kw name="Dictionary Should Contain Key" owner="Collections">
<msg time="2024-03-29T03:14:13.065904" level="INFO">False</msg>
<arg>${json_data['results'][0]}</arg>
<arg>${key}</arg>
<doc>Fails if ``key`` is not found from ``dictionary``.</doc>
<status status="PASS" start="2024-03-29T03:14:13.065432" elapsed="0.000513"/>
</kw>
<kw name="Log" owner="BuiltIn">
<msg time="2024-03-29T03:14:13.066643" level="INFO">{'gender': 'female', 'name': {'title': 'Miss', 'first': 'María José', 'last': 'Navarrete'}, 'location': {'street': {'number': 8433, 'name': 'Periférico Sinaloa'}, 'city': 'Ciudad Lázaro Cárdenas', 'state': 'Ciudad de Mexico', 'country': 'Mexico', 'postcode': 63243, 'coordinates': {'latitude': '24.6985', 'longitude': '67.8686'}, 'timezone': {'offset': '+5:45', 'description': 'Kathmandu'}}, 'email': 'mariajose.navarrete@example.com', 'login': {'uuid': 'a94cdc23-9fcd-466e-b55b-7239f8704860', 'username': 'sadladybug219', 'password': 'fullback', 'salt': '0X3yy3ow', 'md5': '836fd8cc1bc9eadc0363536079fd1a0d', 'sha1': 'c1fc7d22d971cf836962671b64c3c3c42a5526a5', 'sha256': 'f172ce8881cd3795a157aebacbe64e245dd02570b65fc422dfa9afbc334301ad'}, 'dob': {'date': '1956-07-01T17:12:02.593Z', 'age': 67}, 'registered': {'date': '2014-09-14T08:30:12.349Z', 'age': 9}, 'phone': '(654) 025 4077', 'cell': '(683) 911 5019', 'id': {'name': 'NSS', 'value': '66 23 21 8378 6'}, 'picture': {'large': 'https://randomuser.me/api/portraits/women/93.jpg', 'medium': 'https://randomuser.me/api/portraits/med/women/93.jpg', 'thumbnail': 'https://randomuser.me/api/portraits/thumb/women/93.jpg'}, 'nat': 'MX'}</msg>
<arg>${json_data['results'][0]}</arg>
<doc>Logs the given message with the given level.</doc>
<status status="PASS" start="2024-03-29T03:14:13.066257" elapsed="0.000444"/>
</kw>
<kw name="Log" owner="BuiltIn">
<msg time="2024-03-29T03:14:13.067178" level="INFO">gender</msg>
<arg>${key}</arg>
<doc>Logs the given message with the given level.</doc>
<status status="PASS" start="2024-03-29T03:14:13.067045" elapsed="0.000172"/>
</kw>
<var name="${key}">gender</var>
<status status="PASS" start="2024-03-29T03:14:13.065305" elapsed="0.002135"/>
</iter>
<iter>
<kw name="Dictionary Should Contain Key" owner="Collections">
<msg time="2024-03-29T03:14:13.068134" level="INFO">False</msg>
<arg>${json_data['results'][0]}</arg>
<arg>${key}</arg>
<doc>Fails if ``key`` is not found from ``dictionary``.</doc>
<status status="PASS" start="2024-03-29T03:14:13.067753" elapsed="0.000458"/>
</kw>
<kw name="Log" owner="BuiltIn">
<msg time="2024-03-29T03:14:13.068915" level="INFO">{'gender': 'female', 'name': {'title': 'Miss', 'first': 'María José', 'last': 'Navarrete'}, 'location': {'street': {'number': 8433, 'name': 'Periférico Sinaloa'}, 'city': 'Ciudad Lázaro Cárdenas', 'state': 'Ciudad de Mexico', 'country': 'Mexico', 'postcode': 63243, 'coordinates': {'latitude': '24.6985', 'longitude': '67.8686'}, 'timezone': {'offset': '+5:45', 'description': 'Kathmandu'}}, 'email': 'mariajose.navarrete@example.com', 'login': {'uuid': 'a94cdc23-9fcd-466e-b55b-7239f8704860', 'username': 'sadladybug219', 'password': 'fullback', 'salt': '0X3yy3ow', 'md5': '836fd8cc1bc9eadc0363536079fd1a0d', 'sha1': 'c1fc7d22d971cf836962671b64c3c3c42a5526a5', 'sha256': 'f172ce8881cd3795a157aebacbe64e245dd02570b65fc422dfa9afbc334301ad'}, 'dob': {'date': '1956-07-01T17:12:02.593Z', 'age': 67}, 'registered': {'date': '2014-09-14T08:30:12.349Z', 'age': 9}, 'phone': '(654) 025 4077', 'cell': '(683) 911 5019', 'id': {'name': 'NSS', 'value': '66 23 21 8378 6'}, 'picture': {'large': 'https://randomuser.me/api/portraits/women/93.jpg', 'medium': 'https://randomuser.me/api/portraits/med/women/93.jpg', 'thumbnail': 'https://randomuser.me/api/portraits/thumb/women/93.jpg'}, 'nat': 'MX'}</msg>
<arg>${json_data['results'][0]}</arg>
<doc>Logs the given message with the given level.</doc>
<status status="PASS" start="2024-03-29T03:14:13.068522" elapsed="0.000443"/>
</kw>
<kw name="Log" owner="BuiltIn">
<msg time="2024-03-29T03:14:13.069393" level="INFO">name</msg>
<arg>${key}</arg>
<doc>Logs the given message with the given level.</doc>
<status status="PASS" start="2024-03-29T03:14:13.069265" elapsed="0.000166"/>
</kw>
<var name="${key}">name</var>
<status status="PASS" start="2024-03-29T03:14:13.067637" elapsed="0.002012"/>
</iter>
<iter>
<kw name="Dictionary Should Contain Key" owner="Collections">
<msg time="2024-03-29T03:14:13.070332" level="INFO">False</msg>
<arg>${json_data['results'][0]}</arg>
<arg>${key}</arg>
<doc>Fails if ``key`` is not found from ``dictionary``.</doc>
<status status="PASS" start="2024-03-29T03:14:13.069947" elapsed="0.000423"/>
</kw>
<kw name="Log" owner="BuiltIn">
<msg time="2024-03-29T03:14:13.071073" level="INFO">{'gender': 'female', 'name': {'title': 'Miss', 'first': 'María José', 'last': 'Navarrete'}, 'location': {'street': {'number': 8433, 'name': 'Periférico Sinaloa'}, 'city': 'Ciudad Lázaro Cárdenas', 'state': 'Ciudad de Mexico', 'country': 'Mexico', 'postcode': 63243, 'coordinates': {'latitude': '24.6985', 'longitude': '67.8686'}, 'timezone': {'offset': '+5:45', 'description': 'Kathmandu'}}, 'email': 'mariajose.navarrete@example.com', 'login': {'uuid': 'a94cdc23-9fcd-466e-b55b-7239f8704860', 'username': 'sadladybug219', 'password': 'fullback', 'salt': '0X3yy3ow', 'md5': '836fd8cc1bc9eadc0363536079fd1a0d', 'sha1': 'c1fc7d22d971cf836962671b64c3c3c42a5526a5', 'sha256': 'f172ce8881cd3795a157aebacbe64e245dd02570b65fc422dfa9afbc334301ad'}, 'dob': {'date': '1956-07-01T17:12:02.593Z', 'age': 67}, 'registered': {'date': '2014-09-14T08:30:12.349Z', 'age': 9}, 'phone': '(654) 025 4077', 'cell': '(683) 911 5019', 'id': {'name': 'NSS', 'value': '66 23 21 8378 6'}, 'picture': {'large': 'https://randomuser.me/api/portraits/women/93.jpg', 'medium': 'https://randomuser.me/api/portraits/med/women/93.jpg', 'thumbnail': 'https://randomuser.me/api/portraits/thumb/women/93.jpg'}, 'nat': 'MX'}</msg>
<arg>${json_data['results'][0]}</arg>
<doc>Logs the given message with the given level.</doc>
<status status="PASS" start="2024-03-29T03:14:13.070672" elapsed="0.000457"/>
</kw>
<kw name="Log" owner="BuiltIn">
<msg time="2024-03-29T03:14:13.071569" level="INFO">location</msg>
<arg>${key}</arg>
<doc>Logs the given message with the given level.</doc>
<status status="PASS" start="2024-03-29T03:14:13.071440" elapsed="0.000168"/>
</kw>
<var name="${key}">location</var>
<status status="PASS" start="2024-03-29T03:14:13.069834" elapsed="0.001991"/>
</iter>
<iter>
<kw name="Dictionary Should Contain Key" owner="Collections">
<msg time="2024-03-29T03:14:13.072492" level="INFO">False</msg>
<arg>${json_data['results'][0]}</arg>
<arg>${key}</arg>
<doc>Fails if ``key`` is not found from ``dictionary``.</doc>
<status status="PASS" start="2024-03-29T03:14:13.072110" elapsed="0.000420"/>
</kw>
<kw name="Log" owner="BuiltIn">
<msg time="2024-03-29T03:14:13.073202" level="INFO">{'gender': 'female', 'name': {'title': 'Miss', 'first': 'María José', 'last': 'Navarrete'}, 'location': {'street': {'number': 8433, 'name': 'Periférico Sinaloa'}, 'city': 'Ciudad Lázaro Cárdenas', 'state': 'Ciudad de Mexico', 'country': 'Mexico', 'postcode': 63243, 'coordinates': {'latitude': '24.6985', 'longitude': '67.8686'}, 'timezone': {'offset': '+5:45', 'description': 'Kathmandu'}}, 'email': 'mariajose.navarrete@example.com', 'login': {'uuid': 'a94cdc23-9fcd-466e-b55b-7239f8704860', 'username': 'sadladybug219', 'password': 'fullback', 'salt': '0X3yy3ow', 'md5': '836fd8cc1bc9eadc0363536079fd1a0d', 'sha1': 'c1fc7d22d971cf836962671b64c3c3c42a5526a5', 'sha256': 'f172ce8881cd3795a157aebacbe64e245dd02570b65fc422dfa9afbc334301ad'}, 'dob': {'date': '1956-07-01T17:12:02.593Z', 'age': 67}, 'registered': {'date': '2014-09-14T08:30:12.349Z', 'age': 9}, 'phone': '(654) 025 4077', 'cell': '(683) 911 5019', 'id': {'name': 'NSS', 'value': '66 23 21 8378 6'}, 'picture': {'large': 'https://randomuser.me/api/portraits/women/93.jpg', 'medium': 'https://randomuser.me/api/portraits/med/women/93.jpg', 'thumbnail': 'https://randomuser.me/api/portraits/thumb/women/93.jpg'}, 'nat': 'MX'}</msg>
<arg>${json_data['results'][0]}</arg>
<doc>Logs the given message with the given level.</doc>
<status status="PASS" start="2024-03-29T03:14:13.072839" elapsed="0.000413"/>
</kw>
<kw name="Log" owner="BuiltIn">
<msg time="2024-03-29T03:14:13.073673" level="INFO">email</msg>
<arg>${key}</arg>
<doc>Logs the given message with the given level.</doc>
<status status="PASS" start="2024-03-29T03:14:13.073544" elapsed="0.000166"/>
</kw>
<var name="${key}">email</var>
<status status="PASS" start="2024-03-29T03:14:13.071999" elapsed="0.001924"/>
</iter>
<iter>
<kw name="Dictionary Should Contain Key" owner="Collections">
<msg time="2024-03-29T03:14:13.074588" level="INFO">False</msg>
<arg>${json_data['results'][0]}</arg>
<arg>${key}</arg>
<doc>Fails if ``key`` is not found from ``dictionary``.</doc>
<status status="PASS" start="2024-03-29T03:14:13.074211" elapsed="0.000414"/>
</kw>
<kw name="Log" owner="BuiltIn">
<msg time="2024-03-29T03:14:13.075300" level="INFO">{'gender': 'female', 'name': {'title': 'Miss', 'first': 'María José', 'last': 'Navarrete'}, 'location': {'street': {'number': 8433, 'name': 'Periférico Sinaloa'}, 'city': 'Ciudad Lázaro Cárdenas', 'state': 'Ciudad de Mexico', 'country': 'Mexico', 'postcode': 63243, 'coordinates': {'latitude': '24.6985', 'longitude': '67.8686'}, 'timezone': {'offset': '+5:45', 'description': 'Kathmandu'}}, 'email': 'mariajose.navarrete@example.com', 'login': {'uuid': 'a94cdc23-9fcd-466e-b55b-7239f8704860', 'username': 'sadladybug219', 'password': 'fullback', 'salt': '0X3yy3ow', 'md5': '836fd8cc1bc9eadc0363536079fd1a0d', 'sha1': 'c1fc7d22d971cf836962671b64c3c3c42a5526a5', 'sha256': 'f172ce8881cd3795a157aebacbe64e245dd02570b65fc422dfa9afbc334301ad'}, 'dob': {'date': '1956-07-01T17:12:02.593Z', 'age': 67}, 'registered': {'date': '2014-09-14T08:30:12.349Z', 'age': 9}, 'phone': '(654) 025 4077', 'cell': '(683) 911 5019', 'id': {'name': 'NSS', 'value': '66 23 21 8378 6'}, 'picture': {'large': 'https://randomuser.me/api/portraits/women/93.jpg', 'medium': 'https://randomuser.me/api/portraits/med/women/93.jpg', 'thumbnail': 'https://randomuser.me/api/portraits/thumb/women/93.jpg'}, 'nat': 'MX'}</msg>
<arg>${json_data['results'][0]}</arg>
<doc>Logs the given message with the given level.</doc>
<status status="PASS" start="2024-03-29T03:14:13.074939" elapsed="0.000411"/>
</kw>
<kw name="Log" owner="BuiltIn">
<msg time="2024-03-29T03:14:13.075801" level="INFO">login</msg>
<arg>${key}</arg>
<doc>Logs the given message with the given level.</doc>
<status status="PASS" start="2024-03-29T03:14:13.075672" elapsed="0.000300"/>
</kw>
<var name="${key}">login</var>
<status status="PASS" start="2024-03-29T03:14:13.074095" elapsed="0.002101"/>
</iter>
<var>${key}</var>
<value>@{expected_keys}</value>
<status status="PASS" start="2024-03-29T03:14:13.065101" elapsed="0.011222"/>
</for>
<kw name="Create List" owner="BuiltIn">
<msg time="2024-03-29T03:14:13.076673" level="INFO">${expected_keysTwo} = ['username', 'password']</msg>
<var>${expected_keysTwo}</var>
<arg>username</arg>
<arg>password</arg>
<doc>Returns a list containing given items.</doc>
<status status="PASS" start="2024-03-29T03:14:13.076530" elapsed="0.000166"/>
</kw>
<for flavor="IN">
<iter>
<kw name="Dictionary Should Contain Key" owner="Collections">
<msg time="2024-03-29T03:14:13.077657" level="INFO">False</msg>
<arg>${json_data['results'][0]['login']}</arg>
<arg>${keyTwo}</arg>
<doc>Fails if ``key`` is not found from ``dictionary``.</doc>
<status status="PASS" start="2024-03-29T03:14:13.077222" elapsed="0.000473"/>
</kw>
<kw name="Dictionary Should Contain Key" owner="Collections">
<msg time="2024-03-29T03:14:13.078385" level="INFO">False</msg>
<arg>${json_data['results'][0]['login']}</arg>
<arg>${keyTwo}</arg>
<doc>Fails if ``key`` is not found from ``dictionary``.</doc>
<status status="PASS" start="2024-03-29T03:14:13.078000" elapsed="0.000423"/>
</kw>
<kw name="Log" owner="BuiltIn">
<msg time="2024-03-29T03:14:13.078864" level="INFO">username</msg>
<arg>${keyTwo}</arg>
<doc>Logs the given message with the given level.</doc>
<status status="PASS" start="2024-03-29T03:14:13.078717" elapsed="0.000185"/>
</kw>
<var name="${keyTwo}">username</var>
<status status="PASS" start="2024-03-29T03:14:13.077110" elapsed="0.002008"/>
</iter>
<iter>
<kw name="Dictionary Should Contain Key" owner="Collections">
<msg time="2024-03-29T03:14:13.079777" level="INFO">False</msg>
<arg>${json_data['results'][0]['login']}</arg>
<arg>${keyTwo}</arg>
<doc>Fails if ``key`` is not found from ``dictionary``.</doc>
<status status="PASS" start="2024-03-29T03:14:13.079398" elapsed="0.000417"/>
</kw>
<kw name="Dictionary Should Contain Key" owner="Collections">
<msg time="2024-03-29T03:14:13.080480" level="INFO">False</msg>
<arg>${json_data['results'][0]['login']}</arg>
<arg>${keyTwo}</arg>
<doc>Fails if ``key`` is not found from ``dictionary``.</doc>
<status status="PASS" start="2024-03-29T03:14:13.080105" elapsed="0.000411"/>
</kw>
<kw name="Log" owner="BuiltIn">
<msg time="2024-03-29T03:14:13.080928" level="INFO">password</msg>
<arg>${keyTwo}</arg>
<doc>Logs the given message with the given level.</doc>
<status status="PASS" start="2024-03-29T03:14:13.080803" elapsed="0.000163"/>
</kw>
<var name="${keyTwo}">password</var>
<status status="PASS" start="2024-03-29T03:14:13.079290" elapsed="0.001890"/>
</iter>
<var>${keyTwo}</var>
<value>@{expected_keysTwo}</value>
<status status="PASS" start="2024-03-29T03:14:13.076940" elapsed="0.004363"/>
</for>
<status status="PASS" start="2024-03-29T03:14:13.002377" elapsed="0.079075"/>
</kw>
<doc>Testa a estrutura da resposta da API.</doc>
<tag>testeEstruturaResposta</tag>
<status status="PASS" start="2024-03-29T03:14:13.001673" elapsed="0.079948"/>
</test>
<test id="s1-s1-t4" name="Validar tipos de dados" line="28">
<kw name="Teste de Tipos de Dados" owner="random-user-service">
<kw name="GET On Session" owner="RequestsLibrary">
<msg time="2024-03-29T03:14:13.163947" level="INFO">GET Request : url=https://randomuser.me/api 
 path_url=/api 
 headers={'User-Agent': 'python-requests/2.31.0', 'Accept-Encoding': 'gzip, deflate', 'Accept': '*/*', 'Connection': 'keep-alive'} 
 body=None 
 </msg>
<msg time="2024-03-29T03:14:13.164054" level="INFO">GET Response : url=https://randomuser.me/api 
 status=200, reason=OK 
 headers={'Date': 'Fri, 29 Mar 2024 03:14:13 GMT', 'Content-Type': 'application/json; charset=utf-8', 'Transfer-Encoding': 'chunked', 'Connection': 'keep-alive', 'X-Powered-By': 'Express', 'Access-Control-Allow-Origin': '*', 'Cache-Control': 'no-cache', 'ETag': 'W/"49c-b6zAsgj/WUqnpbl9VuL5Pi+YaJ4"', 'Vary': 'Accept-Encoding', 'Content-Encoding': 'gzip', 'CF-Cache-Status': 'DYNAMIC', 'Report-To': '{"endpoints":[{"url":"https:\\/\\/a.nel.cloudflare.com\\/report\\/v4?s=opggNcVWJ9qbxh2RqajfkU2j%2FbkwL%2BQVEikqzfIh2%2FQAyLEIIBkXlWdvP%2Bi3MVWcHBwzqPV1LquzlVwfCQp3FoPW1p5k2NKVFZD939Weh3pB6fOAKj52g9Z3%2BjONimkw"}],"group":"cf-nel","max_age":604800}', 'NEL': '{"success_fraction":0,"report_to":"cf-nel","max_age":604800}', 'Server': 'cloudflare', 'CF-RAY': '86bcb03fcfad810e-ORD', 'alt-svc': 'h3=":443"; ma=86400'} 
 body={"results":[{"gender":"male","name":{"title":"Mr","first":"Lawrence","last":"Craig"},"location":{"street":{"number":9135,"name":"Pockrus Page Rd"},"city":"Arlington","state":"Oregon","country":"United States","postcode":83277,"coordinates":{"latitude":"82.4304","longitude":"-107.7049"},"timezone":{"offset":"+3:00","description":"Baghdad, Riyadh, Moscow, St. Petersburg"}},"email":"lawrence.craig@example.com","login":{"uuid":"928ea0bd-2330-48ac-93c4-a49944dd8579","username":"smallfish669","password":"cecile","salt":"lmnbHOXJ","md5":"a202cad0f466a531ddb0857c0e2cbcef","sha1":"2ab74d6f3653bc9a86bc4a5380b1f3e39dad3d50","sha256":"4a03df9bda029506b24af56ee8b84dc1115a0ad2e5653b1387ed005481242310"},"dob":{"date":"1961-01-31T22:53:28.396Z","age":63},"registered":{"date":"2014-04-18T13:09:21.793Z","age":9},"phone":"(438) 853-4586","cell":"(487) 876-4955","id":{"name":"SSN","value":"100-75-3697"},"picture":{"large":"https://randomuser.me/api/portraits/men/57.jpg","medium":"https://randomuser.me/api/portraits/med/men/57.jpg","thumbnail":"https://randomuser.me/api/portraits/thumb/men/57.jpg"},"nat":"US"}],"info":{"seed":"484892e1d2807045","results":1,"page":1,"version":"1.4"}} 
 </msg>
<msg time="2024-03-29T03:14:13.164126" level="INFO">/opt/hostedtoolcache/Python/3.12.2/x64/lib/python3.12/site-packages/urllib3/connectionpool.py:1103: InsecureRequestWarning: Unverified HTTPS request is being made to host 'randomuser.me'. Adding certificate verification is strongly advised. See: https://urllib3.readthedocs.io/en/latest/advanced-usage.html#tls-warnings
  warnings.warn(</msg>
<msg time="2024-03-29T03:14:13.164267" level="INFO">${response} = &lt;Response [200]&gt;</msg>
<var>${response}</var>
<arg>consultarAPI</arg>
<arg>/api</arg>
<doc>Sends a GET request on a previously created HTTP Session.</doc>
<status status="PASS" start="2024-03-29T03:14:13.084403" elapsed="0.079908"/>
</kw>
<kw name="Set Variable" owner="BuiltIn">
<msg time="2024-03-29T03:14:13.165574" level="INFO">${json_data} = {'results': [{'gender': 'male', 'name': {'title': 'Mr', 'first': 'Lawrence', 'last': 'Craig'}, 'location': {'street': {'number': 9135, 'name': 'Pockrus Page Rd'}, 'city': 'Arlington', 'state': 'Oregon...</msg>
<var>${json_data}</var>
<arg>${response.json()}</arg>
<doc>Returns the given values which can then be assigned to a variables.</doc>
<status status="PASS" start="2024-03-29T03:14:13.164995" elapsed="0.000610"/>
</kw>
<kw name="Log" owner="BuiltIn">
<msg time="2024-03-29T03:14:13.166118" level="INFO">{'results': [{'gender': 'male', 'name': {'title': 'Mr', 'first': 'Lawrence', 'last': 'Craig'}, 'location': {'street': {'number': 9135, 'name': 'Pockrus Page Rd'}, 'city': 'Arlington', 'state': 'Oregon', 'country': 'United States', 'postcode': 83277, 'coordinates': {'latitude': '82.4304', 'longitude': '-107.7049'}, 'timezone': {'offset': '+3:00', 'description': 'Baghdad, Riyadh, Moscow, St. Petersburg'}}, 'email': 'lawrence.craig@example.com', 'login': {'uuid': '928ea0bd-2330-48ac-93c4-a49944dd8579', 'username': 'smallfish669', 'password': 'cecile', 'salt': 'lmnbHOXJ', 'md5': 'a202cad0f466a531ddb0857c0e2cbcef', 'sha1': '2ab74d6f3653bc9a86bc4a5380b1f3e39dad3d50', 'sha256': '4a03df9bda029506b24af56ee8b84dc1115a0ad2e5653b1387ed005481242310'}, 'dob': {'date': '1961-01-31T22:53:28.396Z', 'age': 63}, 'registered': {'date': '2014-04-18T13:09:21.793Z', 'age': 9}, 'phone': '(438) 853-4586', 'cell': '(487) 876-4955', 'id': {'name': 'SSN', 'value': '100-75-3697'}, 'picture': {'large': 'https://randomuser.me/api/portraits/men/57.jpg', 'medium': 'https://randomuser.me/api/portraits/med/men/57.jpg', 'thumbnail': 'https://randomuser.me/api/portraits/thumb/men/57.jpg'}, 'nat': 'US'}], 'info': {'seed': '484892e1d2807045', 'results': 1, 'page': 1, 'version': '1.4'}}</msg>
<arg>${json_data}</arg>
<doc>Logs the given message with the given level.</doc>
<status status="PASS" start="2024-03-29T03:14:13.165956" elapsed="0.000251"/>
</kw>
<kw name="Should Be String" owner="String">
<arg>${json_data['results'][0]['gender']}</arg>
<doc>Fails if the given ``item`` is not a string.</doc>
<status status="PASS" start="2024-03-29T03:14:13.166508" elapsed="0.000445"/>
</kw>
<kw name="Should Match Regexp" owner="BuiltIn">
<arg>${json_data['results'][0]['email']}</arg>
<arg>^[a-zA-Z0-9._%+-]+@[a-zA-Z0-9.-]+\.[a-zA-Z]{2,}$</arg>
<doc>Fails if ``string`` does not match ``pattern`` as a regular expression.</doc>
<status status="PASS" start="2024-03-29T03:14:13.167163" elapsed="0.000523"/>
</kw>
<kw name="Should Match Regexp" owner="BuiltIn">
<arg>${json_data['results'][0]['dob']['date']}</arg>
<arg>\\d{4}-\\d{2}-\\d{2}T\\d{2}:\\d{2}:\\d{2}\\.\\d{3}Z</arg>
<doc>Fails if ``string`` does not match ``pattern`` as a regular expression.</doc>
<status status="PASS" start="2024-03-29T03:14:13.167884" elapsed="0.000491"/>
</kw>
<kw name="Should Match Regexp" owner="BuiltIn">
<arg>${json_data['results'][0]['registered']['date']}</arg>
<arg>\\d{4}-\\d{2}-\\d{2}T\\d{2}:\\d{2}:\\d{2}\\.\\d{3}Z</arg>
<doc>Fails if ``string`` does not match ``pattern`` as a regular expression.</doc>
<status status="PASS" start="2024-03-29T03:14:13.168567" elapsed="0.000378"/>
</kw>
<kw name="Should Match Regexp" owner="BuiltIn">
<arg>${json_data['results'][0]['picture']['large']}</arg>
<arg>^https?://.*\.(?:png|jpe?g|gif|bmp)$</arg>
<doc>Fails if ``string`` does not match ``pattern`` as a regular expression.</doc>
<status status="PASS" start="2024-03-29T03:14:13.169131" elapsed="0.000453"/>
</kw>
<kw name="Should Match Regexp" owner="BuiltIn">
<arg>${json_data['results'][0]['picture']['medium']}</arg>
<arg>^https?://.*\.(?:png|jpe?g|gif|bmp)$</arg>
<doc>Fails if ``string`` does not match ``pattern`` as a regular expression.</doc>
<status status="PASS" start="2024-03-29T03:14:13.169772" elapsed="0.000358"/>
</kw>
<kw name="Should Match Regexp" owner="BuiltIn">
<arg>${json_data['results'][0]['picture']['thumbnail']}</arg>
<arg>^https?://.*\.(?:png|jpe?g|gif|bmp)$</arg>
<doc>Fails if ``string`` does not match ``pattern`` as a regular expression.</doc>
<status status="PASS" start="2024-03-29T03:14:13.170312" elapsed="0.000347"/>
</kw>
<kw name="Log" owner="BuiltIn">
<msg time="2024-03-29T03:14:13.171203" level="INFO">{'large': 'https://randomuser.me/api/portraits/men/57.jpg', 'medium': 'https://randomuser.me/api/portraits/med/men/57.jpg', 'thumbnail': 'https://randomuser.me/api/portraits/thumb/men/57.jpg'}</msg>
<arg>${json_data['results'][0]['picture']}</arg>
<doc>Logs the given message with the given level.</doc>
<status status="PASS" start="2024-03-29T03:14:13.170868" elapsed="0.000382"/>
</kw>
<status status="PASS" start="2024-03-29T03:14:13.084147" elapsed="0.087366"/>
</kw>
<kw name="Teste de Tipos de Dados - Postcode" owner="random-user-service">
<kw name="GET On Session" owner="RequestsLibrary">
<msg time="2024-03-29T03:14:13.264396" level="INFO">GET Request : url=https://randomuser.me/api 
 path_url=/api 
 headers={'User-Agent': 'python-requests/2.31.0', 'Accept-Encoding': 'gzip, deflate', 'Accept': '*/*', 'Connection': 'keep-alive'} 
 body=None 
 </msg>
<msg time="2024-03-29T03:14:13.264508" level="INFO">GET Response : url=https://randomuser.me/api 
 status=200, reason=OK 
 headers={'Date': 'Fri, 29 Mar 2024 03:14:13 GMT', 'Content-Type': 'application/json; charset=utf-8', 'Transfer-Encoding': 'chunked', 'Connection': 'keep-alive', 'X-Powered-By': 'Express', 'Access-Control-Allow-Origin': '*', 'Cache-Control': 'no-cache', 'ETag': 'W/"46a-v98ohVDClQafte5ZSnqOAC8O3AU"', 'Vary': 'Accept-Encoding', 'Content-Encoding': 'gzip', 'CF-Cache-Status': 'DYNAMIC', 'Report-To': '{"endpoints":[{"url":"https:\\/\\/a.nel.cloudflare.com\\/report\\/v4?s=6fDLWCXDlU8WIAO2ANkv2OqQg0NHJ2rNjPcO%2BOapRQtEwCWcA%2FtjP1mNb27lG7TX5LD3ryjAcWm99RSUiwLvAfFxhCqc4kOMSzt0u41F5fkR0oot2Mc%2FyVmXbA81Xbix"}],"group":"cf-nel","max_age":604800}', 'NEL': '{"success_fraction":0,"report_to":"cf-nel","max_age":604800}', 'Server': 'cloudflare', 'CF-RAY': '86bcb0404844810e-ORD', 'alt-svc': 'h3=":443"; ma=86400'} 
 body={"results":[{"gender":"female","name":{"title":"Ms","first":"Aya","last":"Aarflot"},"location":{"street":{"number":8639,"name":"Setra vei"},"city":"Vikeså","state":"Nordland","country":"Norway","postcode":"5952","coordinates":{"latitude":"38.8549","longitude":"56.9661"},"timezone":{"offset":"-3:30","description":"Newfoundland"}},"email":"aya.aarflot@example.com","login":{"uuid":"2fb4dbe8-cddf-4061-9e15-8feb252ccfcf","username":"goldenlion954","password":"asdfjkl","salt":"218bxfv5","md5":"348536a687773822e3ece21d6ad0a44a","sha1":"4ed20f9f84490650d5ac11f804398318d1627f58","sha256":"6699c59b68c6ca23514de0f4c6196af6fdf6486d72ebb1bc01ad581cdfd0feba"},"dob":{"date":"1997-06-22T21:46:19.486Z","age":26},"registered":{"date":"2017-02-25T22:58:24.423Z","age":7},"phone":"51779793","cell":"94139448","id":{"name":"FN","value":"22069718209"},"picture":{"large":"https://randomuser.me/api/portraits/women/17.jpg","medium":"https://randomuser.me/api/portraits/med/women/17.jpg","thumbnail":"https://randomuser.me/api/portraits/thumb/women/17.jpg"},"nat":"NO"}],"info":{"seed":"dc036050df636f94","results":1,"page":1,"version":"1.4"}} 
 </msg>
<msg time="2024-03-29T03:14:13.264610" level="INFO">/opt/hostedtoolcache/Python/3.12.2/x64/lib/python3.12/site-packages/urllib3/connectionpool.py:1103: InsecureRequestWarning: Unverified HTTPS request is being made to host 'randomuser.me'. Adding certificate verification is strongly advised. See: https://urllib3.readthedocs.io/en/latest/advanced-usage.html#tls-warnings
  warnings.warn(</msg>
<msg time="2024-03-29T03:14:13.264778" level="INFO">${response} = &lt;Response [200]&gt;</msg>
<var>${response}</var>
<arg>consultarAPI</arg>
<arg>/api</arg>
<doc>Sends a GET request on a previously created HTTP Session.</doc>
<status status="PASS" start="2024-03-29T03:14:13.172208" elapsed="0.092626"/>
</kw>
<kw name="Set Variable" owner="BuiltIn">
<msg time="2024-03-29T03:14:13.265932" level="INFO">${json_data} = {'results': [{'gender': 'female', 'name': {'title': 'Ms', 'first': 'Aya', 'last': 'Aarflot'}, 'location': {'street': {'number': 8639, 'name': 'Setra vei'}, 'city': 'Vikeså', 'state': 'Nordland', 'coun...</msg>
<var>${json_data}</var>
<arg>${response.json()}</arg>
<doc>Returns the given values which can then be assigned to a variables.</doc>
<status status="PASS" start="2024-03-29T03:14:13.265391" elapsed="0.000571"/>
</kw>
<kw name="Log" owner="BuiltIn">
<msg time="2024-03-29T03:14:13.266448" level="INFO">{'results': [{'gender': 'female', 'name': {'title': 'Ms', 'first': 'Aya', 'last': 'Aarflot'}, 'location': {'street': {'number': 8639, 'name': 'Setra vei'}, 'city': 'Vikeså', 'state': 'Nordland', 'country': 'Norway', 'postcode': '5952', 'coordinates': {'latitude': '38.8549', 'longitude': '56.9661'}, 'timezone': {'offset': '-3:30', 'description': 'Newfoundland'}}, 'email': 'aya.aarflot@example.com', 'login': {'uuid': '2fb4dbe8-cddf-4061-9e15-8feb252ccfcf', 'username': 'goldenlion954', 'password': 'asdfjkl', 'salt': '218bxfv5', 'md5': '348536a687773822e3ece21d6ad0a44a', 'sha1': '4ed20f9f84490650d5ac11f804398318d1627f58', 'sha256': '6699c59b68c6ca23514de0f4c6196af6fdf6486d72ebb1bc01ad581cdfd0feba'}, 'dob': {'date': '1997-06-22T21:46:19.486Z', 'age': 26}, 'registered': {'date': '2017-02-25T22:58:24.423Z', 'age': 7}, 'phone': '51779793', 'cell': '94139448', 'id': {'name': 'FN', 'value': '22069718209'}, 'picture': {'large': 'https://randomuser.me/api/portraits/women/17.jpg', 'medium': 'https://randomuser.me/api/portraits/med/women/17.jpg', 'thumbnail': 'https://randomuser.me/api/portraits/thumb/women/17.jpg'}, 'nat': 'NO'}], 'info': {'seed': 'dc036050df636f94', 'results': 1, 'page': 1, 'version': '1.4'}}</msg>
<arg>${json_data}</arg>
<doc>Logs the given message with the given level.</doc>
<status status="PASS" start="2024-03-29T03:14:13.266286" elapsed="0.000247"/>
</kw>
<kw name="Should Be Equal As Numbers" owner="BuiltIn">
<arg>${json_data['results'][0]['location']['postcode']}</arg>
<arg>${json_data['results'][0]['location']['postcode']}</arg>
<doc>Fails if objects are unequal after converting them to real numbers.</doc>
<status status="PASS" start="2024-03-29T03:14:13.266888" elapsed="0.000667"/>
</kw>
<kw name="Log" owner="BuiltIn">
<msg time="2024-03-29T03:14:13.268090" level="INFO">5952</msg>
<arg>${json_data['results'][0]['location']['postcode']}</arg>
<doc>Logs the given message with the given level.</doc>
<status status="PASS" start="2024-03-29T03:14:13.267750" elapsed="0.000381"/>
</kw>
<status status="PASS" start="2024-03-29T03:14:13.171771" elapsed="0.096622"/>
</kw>
<doc>Testa se os tipos de dados na resposta da API estão corretos.</doc>
<tag>testeTiposDados</tag>
<status status="PASS" start="2024-03-29T03:14:13.083536" elapsed="0.185033"/>
</test>
<test id="s1-s1-t5" name="Validar conteudo" line="35">
<kw name="Teste de Tipos de Conteudo" owner="random-user-service">
<kw name="GET On Session" owner="RequestsLibrary">
<msg time="2024-03-29T03:14:13.361898" level="INFO">GET Request : url=https://randomuser.me/api 
 path_url=/api 
 headers={'User-Agent': 'python-requests/2.31.0', 'Accept-Encoding': 'gzip, deflate', 'Accept': '*/*', 'Connection': 'keep-alive'} 
 body=None 
 </msg>
<msg time="2024-03-29T03:14:13.362012" level="INFO">GET Response : url=https://randomuser.me/api 
 status=200, reason=OK 
 headers={'Date': 'Fri, 29 Mar 2024 03:14:13 GMT', 'Content-Type': 'application/json; charset=utf-8', 'Transfer-Encoding': 'chunked', 'Connection': 'keep-alive', 'X-Powered-By': 'Express', 'Access-Control-Allow-Origin': '*', 'Cache-Control': 'no-cache', 'ETag': 'W/"48e-tCMyDw7XPyAay9+XuregbPF76i8"', 'Vary': 'Accept-Encoding', 'Content-Encoding': 'gzip', 'CF-Cache-Status': 'DYNAMIC', 'Report-To': '{"endpoints":[{"url":"https:\\/\\/a.nel.cloudflare.com\\/report\\/v4?s=nlURmEPda%2FKzxI9ZTbuDpSd3fe2bJpSywilY%2BvE7GMDWolgLaMIiSA5CH%2FYFX%2BO2MMDT8R1nb34kEElDc2rVT2K9JMx76oPLu2iX%2FdK%2F5WCYvh8WugjLfT5T0e4qsp1C"}],"group":"cf-nel","max_age":604800}', 'NEL': '{"success_fraction":0,"report_to":"cf-nel","max_age":604800}', 'Server': 'cloudflare', 'CF-RAY': '86bcb040e8da810e-ORD', 'alt-svc': 'h3=":443"; ma=86400'} 
 body={"results":[{"gender":"male","name":{"title":"Mr","first":"Eino","last":"Lakso"},"location":{"street":{"number":4366,"name":"Mechelininkatu"},"city":"Jokioinen","state":"Southern Ostrobothnia","country":"Finland","postcode":14593,"coordinates":{"latitude":"-24.6918","longitude":"-69.5125"},"timezone":{"offset":"+6:00","description":"Almaty, Dhaka, Colombo"}},"email":"eino.lakso@example.com","login":{"uuid":"36c662c0-c229-4897-83ac-f4c86555148f","username":"redrabbit975","password":"ccccccc","salt":"XilLFJCI","md5":"f07d79642f90d1a181ef492c5011c295","sha1":"53906ca1a310fdf5facb3472ff7117ba0273ab11","sha256":"5c84a2469a605bbd7bbe3bafebe57645b389f560563cced39e7a6ade011e17c2"},"dob":{"date":"1958-12-30T09:39:23.396Z","age":65},"registered":{"date":"2017-10-01T05:13:18.911Z","age":6},"phone":"05-333-125","cell":"049-894-62-00","id":{"name":"HETU","value":"NaNNA771undefined"},"picture":{"large":"https://randomuser.me/api/portraits/men/54.jpg","medium":"https://randomuser.me/api/portraits/med/men/54.jpg","thumbnail":"https://randomuser.me/api/portraits/thumb/men/54.jpg"},"nat":"FI"}],"info":{"seed":"dae2a0326fcc3fd6","results":1,"page":1,"version":"1.4"}} 
 </msg>
<msg time="2024-03-29T03:14:13.362093" level="INFO">/opt/hostedtoolcache/Python/3.12.2/x64/lib/python3.12/site-packages/urllib3/connectionpool.py:1103: InsecureRequestWarning: Unverified HTTPS request is being made to host 'randomuser.me'. Adding certificate verification is strongly advised. See: https://urllib3.readthedocs.io/en/latest/advanced-usage.html#tls-warnings
  warnings.warn(</msg>
<msg time="2024-03-29T03:14:13.362257" level="INFO">${response} = &lt;Response [200]&gt;</msg>
<var>${response}</var>
<arg>consultarAPI</arg>
<arg>/api</arg>
<doc>Sends a GET request on a previously created HTTP Session.</doc>
<status status="PASS" start="2024-03-29T03:14:13.271229" elapsed="0.091080"/>
</kw>
<kw name="Set Variable" owner="BuiltIn">
<msg time="2024-03-29T03:14:13.363444" level="INFO">${json_data} = {'results': [{'gender': 'male', 'name': {'title': 'Mr', 'first': 'Eino', 'last': 'Lakso'}, 'location': {'street': {'number': 4366, 'name': 'Mechelininkatu'}, 'city': 'Jokioinen', 'state': 'Southern Os...</msg>
<var>${json_data}</var>
<arg>${response.json()}</arg>
<doc>Returns the given values which can then be assigned to a variables.</doc>
<status status="PASS" start="2024-03-29T03:14:13.362901" elapsed="0.000572"/>
</kw>
<kw name="Set Variable" owner="BuiltIn">
<msg time="2024-03-29T03:14:13.364202" level="INFO">${name_title} = Mr</msg>
<var>${name_title}</var>
<arg>${json_data["results"][0]["name"]["title"]}</arg>
<doc>Returns the given values which can then be assigned to a variables.</doc>
<status status="PASS" start="2024-03-29T03:14:13.363816" elapsed="0.000411"/>
</kw>
<kw name="Create List" owner="BuiltIn">
<msg time="2024-03-29T03:14:13.364678" level="INFO">${allowed_titles} = ['Mr', 'Ms', 'Miss', 'Mrs', 'Madame', 'Monsieur']</msg>
<var>${allowed_titles}</var>
<arg>Mr</arg>
<arg>Ms</arg>
<arg>Miss</arg>
<arg>Mrs</arg>
<arg>Madame</arg>
<arg>Monsieur</arg>
<doc>Returns a list containing given items.</doc>
<status status="PASS" start="2024-03-29T03:14:13.364529" elapsed="0.000173"/>
</kw>
<kw name="List Should Contain Value" owner="Collections">
<msg time="2024-03-29T03:14:13.365184" level="INFO">False</msg>
<arg>${allowed_titles}</arg>
<arg>${name_title}</arg>
<doc>Fails if the ``value`` is not found from ``list``.</doc>
<status status="PASS" start="2024-03-29T03:14:13.365003" elapsed="0.000218"/>
</kw>
<kw name="Set Variable" owner="BuiltIn">
<msg time="2024-03-29T03:14:13.365877" level="INFO">${name_country} = FI</msg>
<var>${name_country}</var>
<arg>${json_data["results"][0]["nat"]}</arg>
<doc>Returns the given values which can then be assigned to a variables.</doc>
<status status="PASS" start="2024-03-29T03:14:13.365509" elapsed="0.000393"/>
</kw>
<kw name="Create List" owner="BuiltIn">
<msg time="2024-03-29T03:14:13.366868" level="INFO">${list_country} = ['AD', 'AE', 'AF', 'AG', 'AI', 'AL', 'AM', 'AO', 'AQ', 'AR', 'AS', 'AT', 'AU', 'AW', 'AX', 'AZ', 'BA', 'BB', 'BD', 'BE', 'BF', 'BG', 'BH', 'BI', 'BJ', 'BL', 'BM', 'BN', 'BO', 'BQ', 'BR', 'BS', 'BT', '...</msg>
<var>${list_country}</var>
<arg>AD</arg>
<arg>AE</arg>
<arg>AF</arg>
<arg>AG</arg>
<arg>AI</arg>
<arg>AL</arg>
<arg>AM</arg>
<arg>AO</arg>
<arg>AQ</arg>
<arg>AR</arg>
<arg>AS</arg>
<arg>AT</arg>
<arg>AU</arg>
<arg>AW</arg>
<arg>AX</arg>
<arg>AZ</arg>
<arg>BA</arg>
<arg>BB</arg>
<arg>BD</arg>
<arg>BE</arg>
<arg>BF</arg>
<arg>BG</arg>
<arg>BH</arg>
<arg>BI</arg>
<arg>BJ</arg>
<arg>BL</arg>
<arg>BM</arg>
<arg>BN</arg>
<arg>BO</arg>
<arg>BQ</arg>
<arg>BR</arg>
<arg>BS</arg>
<arg>BT</arg>
<arg>BV</arg>
<arg>BW</arg>
<arg>BY</arg>
<arg>BZ</arg>
<arg>CA</arg>
<arg>CC</arg>
<arg>CD</arg>
<arg>CF</arg>
<arg>CG</arg>
<arg>CH</arg>
<arg>CI</arg>
<arg>CK</arg>
<arg>CL</arg>
<arg>CM</arg>
<arg>CN</arg>
<arg>CO</arg>
<arg>CR</arg>
<arg>CU</arg>
<arg>CV</arg>
<arg>CW</arg>
<arg>CX</arg>
<arg>CY</arg>
<arg>CZ</arg>
<arg>DE</arg>
<arg>DJ</arg>
<arg>DK</arg>
<arg>DM</arg>
<arg>DO</arg>
<arg>DZ</arg>
<arg>EC</arg>
<arg>EE</arg>
<arg>EG</arg>
<arg>EH</arg>
<arg>ER</arg>
<arg>ES</arg>
<arg>ET</arg>
<arg>FI</arg>
<arg>FJ</arg>
<arg>FK</arg>
<arg>FM</arg>
<arg>FO</arg>
<arg>FR</arg>
<arg>GA</arg>
<arg>GB</arg>
<arg>GD</arg>
<arg>GE</arg>
<arg>GF</arg>
<arg>GG</arg>
<arg>GH</arg>
<arg>GI</arg>
<arg>GL</arg>
<arg>GM</arg>
<arg>GN</arg>
<arg>GP</arg>
<arg>GQ</arg>
<arg>GR</arg>
<arg>GS</arg>
<arg>GT</arg>
<arg>GU</arg>
<arg>GW</arg>
<arg>GY</arg>
<arg>HK</arg>
<arg>HM</arg>
<arg>HN</arg>
<arg>HR</arg>
<arg>HT</arg>
<arg>HU</arg>
<arg>ID</arg>
<arg>IE</arg>
<arg>IL</arg>
<arg>IM</arg>
<arg>IN</arg>
<arg>IO</arg>
<arg>IQ</arg>
<arg>IR</arg>
<arg>IS</arg>
<arg>IT</arg>
<arg>JE</arg>
<arg>JM</arg>
<arg>JO</arg>
<arg>JP</arg>
<arg>KE</arg>
<arg>KG</arg>
<arg>KH</arg>
<arg>KI</arg>
<arg>KM</arg>
<arg>KN</arg>
<arg>KP</arg>
<arg>KR</arg>
<arg>KW</arg>
<arg>KY</arg>
<arg>KZ</arg>
<arg>LA</arg>
<arg>LB</arg>
<arg>LC</arg>
<arg>LI</arg>
<arg>LK</arg>
<arg>LR</arg>
<arg>LS</arg>
<arg>LT</arg>
<arg>LU</arg>
<arg>LV</arg>
<arg>LY</arg>
<arg>MA</arg>
<arg>MC</arg>
<arg>MD</arg>
<arg>ME</arg>
<arg>MF</arg>
<arg>MG</arg>
<arg>MH</arg>
<arg>MK</arg>
<arg>ML</arg>
<arg>MM</arg>
<arg>MN</arg>
<arg>MO</arg>
<arg>MP</arg>
<arg>MQ</arg>
<arg>MR</arg>
<arg>MS</arg>
<arg>MT</arg>
<arg>MU</arg>
<arg>MV</arg>
<arg>MW</arg>
<arg>MX</arg>
<arg>MY</arg>
<arg>MZ</arg>
<arg>NA</arg>
<arg>NC</arg>
<arg>NE</arg>
<arg>NF</arg>
<arg>NG</arg>
<arg>NI</arg>
<arg>NL</arg>
<arg>NO</arg>
<arg>NP</arg>
<arg>NR</arg>
<arg>NU</arg>
<arg>NZ</arg>
<arg>OM</arg>
<arg>PA</arg>
<arg>PE</arg>
<arg>PF</arg>
<arg>PG</arg>
<arg>PH</arg>
<arg>PK</arg>
<arg>PL</arg>
<arg>PM</arg>
<arg>PN</arg>
<arg>PR</arg>
<arg>PS</arg>
<arg>PT</arg>
<arg>PW</arg>
<arg>PY</arg>
<arg>QA</arg>
<arg>RE</arg>
<arg>RO</arg>
<arg>RS</arg>
<arg>RU</arg>
<arg>RW</arg>
<arg>SA</arg>
<arg>SB</arg>
<arg>SC</arg>
<arg>SD</arg>
<arg>SE</arg>
<arg>SG</arg>
<arg>SH</arg>
<arg>SI</arg>
<arg>SJ</arg>
<arg>SK</arg>
<arg>SL</arg>
<arg>SM</arg>
<arg>SN</arg>
<arg>SO</arg>
<arg>SR</arg>
<arg>SS</arg>
<arg>ST</arg>
<arg>SV</arg>
<arg>SX</arg>
<arg>SY</arg>
<arg>SZ</arg>
<arg>TC</arg>
<arg>TD</arg>
<arg>TF</arg>
<arg>TG</arg>
<arg>TH</arg>
<arg>TJ</arg>
<arg>TK</arg>
<arg>TL</arg>
<arg>TM</arg>
<arg>TN</arg>
<arg>TO</arg>
<arg>TR</arg>
<arg>TT</arg>
<arg>TV</arg>
<arg>TW</arg>
<arg>TZ</arg>
<arg>UA</arg>
<arg>UG</arg>
<arg>UM</arg>
<arg>US</arg>
<arg>UY</arg>
<arg>UZ</arg>
<arg>VA</arg>
<arg>VC</arg>
<arg>VE</arg>
<arg>VG</arg>
<arg>VI</arg>
<arg>VN</arg>
<arg>VU</arg>
<arg>WF</arg>
<arg>WS</arg>
<arg>XK</arg>
<arg>YE</arg>
<arg>YT</arg>
<arg>ZA</arg>
<arg>ZM</arg>
<arg>ZW</arg>
<doc>Returns a list containing given items.</doc>
<status status="PASS" start="2024-03-29T03:14:13.366219" elapsed="0.000685"/>
</kw>
<kw name="List Should Contain Value" owner="Collections">
<msg time="2024-03-29T03:14:13.368062" level="INFO">False</msg>
<arg>${list_country}</arg>
<arg>${name_country}</arg>
<doc>Fails if the ``value`` is not found from ``list``.</doc>
<status status="PASS" start="2024-03-29T03:14:13.367854" elapsed="0.000247"/>
</kw>
<kw name="Run Keyword If" owner="BuiltIn">
<kw name="Should Be True" owner="BuiltIn">
<arg>${True}</arg>
<doc>Fails if the given condition is not true.</doc>
<status status="PASS" start="2024-03-29T03:14:13.369188" elapsed="0.000147"/>
</kw>
<arg>${json_data["results"][0]["location"]["coordinates"]["latitude"]} &gt;= -90 and ${json_data["results"][0]["location"]["coordinates"]["latitude"]} &lt;= 90</arg>
<arg>Should Be True</arg>
<arg>${True}</arg>
<doc>Runs the given keyword with the given arguments, if ``condition`` is true.</doc>
<status status="PASS" start="2024-03-29T03:14:13.368418" elapsed="0.001045"/>
</kw>
<kw name="Run Keyword If" owner="BuiltIn">
<kw name="Should Be True" owner="BuiltIn">
<arg>${True}</arg>
<doc>Fails if the given condition is not true.</doc>
<status status="PASS" start="2024-03-29T03:14:13.370367" elapsed="0.000137"/>
</kw>
<arg>${json_data["results"][0]["location"]["coordinates"]["longitude"]} &gt;= -180 and ${json_data["results"][0]["location"]["coordinates"]["longitude"]} &lt;= 180</arg>
<arg>Should Be True</arg>
<arg>${True}</arg>
<doc>Runs the given keyword with the given arguments, if ``condition`` is true.</doc>
<status status="PASS" start="2024-03-29T03:14:13.369650" elapsed="0.000979"/>
</kw>
<status status="PASS" start="2024-03-29T03:14:13.270984" elapsed="0.099778"/>
</kw>
<doc>Testa o conteúdo específico dos campos retornados pela API.</doc>
<tag>testeConteudo</tag>
<status status="PASS" start="2024-03-29T03:14:13.270332" elapsed="0.100632"/>
</test>
<status status="PASS" start="2024-03-29T03:14:12.526146" elapsed="0.846866"/>
</suite>
<status status="PASS" start="2024-03-29T03:14:12.511295" elapsed="0.867051"/>
</suite>
<statistics>
<total>
<stat pass="5" fail="0" skip="0">All Tests</stat>
</total>
<tag>
<stat pass="1" fail="0" skip="0">testeConteudo</stat>
<stat pass="1" fail="0" skip="0">testeEstruturaResposta</stat>
<stat pass="1" fail="0" skip="0">testeRequisicaoBasica</stat>
<stat pass="1" fail="0" skip="0">testeTiposDados</stat>
</tag>
<suite>
<stat pass="5" fail="0" skip="0" id="s1" name="Tests">Tests</stat>
<stat pass="5" fail="0" skip="0" id="s1-s1" name="Random-User-Test">Tests.Random-User-Test</stat>
</suite>
</statistics>
<errors>
</errors>
</robot>
