<?xml version="1.0" encoding="UTF-8"?>
<robot generator="Robot 7.0 (Python 3.12.2 on linux)" generated="2024-03-28T16:16:15.027459" rpa="false" schemaversion="5">
<suite id="s1" name="Tests" source="/home/runner/work/DesafioQAItauRogerioJordao/DesafioQAItauRogerioJordao/RamdonUser/tests">
<suite id="s1-s1" name="Random-User-Test" source="/home/runner/work/DesafioQAItauRogerioJordao/DesafioQAItauRogerioJordao/RamdonUser/tests/random-user-test.robot">
<test id="s1-s1-t1" name="Conectar" line="13">
<kw name="Conectar API" owner="random-user-service">
<kw name="Create Session" owner="RequestsLibrary">
<msg time="2024-03-28T16:16:15.377378" level="INFO">Creating Session using : alias=consultarAPI, url=https://randomuser.me/, headers={},                     cookies={}, auth=None, timeout=None, proxies=None, verify=False,                     debug=0 </msg>
<arg>consultarAPI</arg>
<arg>${URL}</arg>
<doc>Create Session: create a HTTP session to a server</doc>
<status status="PASS" start="2024-03-28T16:16:15.377179" elapsed="0.000362"/>
</kw>
<status status="PASS" start="2024-03-28T16:16:15.376179" elapsed="0.001712"/>
</kw>
<status status="PASS" start="2024-03-28T16:16:15.375589" elapsed="0.002505"/>
</test>
<test id="s1-s1-t2" name="Validar retorno 200 e JSON Válido" line="16">
<kw name="Teste de Requisicao Basica" owner="random-user-service">
<kw name="GET On Session" owner="RequestsLibrary">
<msg time="2024-03-28T16:16:15.677111" level="INFO">GET Request : url=https://randomuser.me/api 
 path_url=/api 
 headers={'User-Agent': 'python-requests/2.31.0', 'Accept-Encoding': 'gzip, deflate', 'Accept': '*/*', 'Connection': 'keep-alive'} 
 body=None 
 </msg>
<msg time="2024-03-28T16:16:15.677248" level="INFO">GET Response : url=https://randomuser.me/api 
 status=200, reason=OK 
 headers={'Date': 'Thu, 28 Mar 2024 16:16:15 GMT', 'Content-Type': 'application/json; charset=utf-8', 'Transfer-Encoding': 'chunked', 'Connection': 'keep-alive', 'X-Powered-By': 'Express', 'Access-Control-Allow-Origin': '*', 'Cache-Control': 'no-cache', 'ETag': 'W/"490-CS8E5YSQVvfBbjnnDlSMwDDk8Gw"', 'Vary': 'Accept-Encoding', 'Content-Encoding': 'gzip', 'CF-Cache-Status': 'DYNAMIC', 'Report-To': '{"endpoints":[{"url":"https:\\/\\/a.nel.cloudflare.com\\/report\\/v4?s=SMCtCF995aNhKbhVqC8E1%2BpFE71MiPm3X2nzerRnN3CFYCCkvJAp1mvvy7A3wgI0iZjiJrea6ZTDXLfi04U50j8xQhEaSBDpAkJZhdeYMB3yZsMWAEnwVRh92JGRYHNF"}],"group":"cf-nel","max_age":604800}', 'NEL': '{"success_fraction":0,"report_to":"cf-nel","max_age":604800}', 'Server': 'cloudflare', 'CF-RAY': '86b8ec714b752305-ORD', 'alt-svc': 'h3=":443"; ma=86400'} 
 body={"results":[{"gender":"female","name":{"title":"Miss","first":"Maja","last":"Rasmussen"},"location":{"street":{"number":1039,"name":"Skovtoften"},"city":"Frederiksberg","state":"Danmark","country":"Denmark","postcode":22442,"coordinates":{"latitude":"-39.3279","longitude":"3.0089"},"timezone":{"offset":"+10:00","description":"Eastern Australia, Guam, Vladivostok"}},"email":"maja.rasmussen@example.com","login":{"uuid":"9e4f1b30-267a-4685-b5b4-8a89884add82","username":"crazylion694","password":"ranch","salt":"zBNxGwBw","md5":"6bedb662354fafa47082833abba9abfd","sha1":"0f16ad018c91720399d607a48849cb106a2d2827","sha256":"e34b79c3d46413c952b3cab2cf0f00c6782d1b58a67728e9f2b251e6223b33df"},"dob":{"date":"1974-09-22T07:25:07.571Z","age":49},"registered":{"date":"2013-11-25T15:30:12.186Z","age":10},"phone":"52688511","cell":"98172882","id":{"name":"CPR","value":"220974-0911"},"picture":{"large":"https://randomuser.me/api/portraits/women/48.jpg","medium":"https://randomuser.me/api/portraits/med/women/48.jpg","thumbnail":"https://randomuser.me/api/portraits/thumb/women/48.jpg"},"nat":"DK"}],"info":{"seed":"92d6976e4ca4b5f3","results":1,"page":1,"version":"1.4"}} 
 </msg>
<msg time="2024-03-28T16:16:15.677344" level="INFO">/opt/hostedtoolcache/Python/3.12.2/x64/lib/python3.12/site-packages/urllib3/connectionpool.py:1103: InsecureRequestWarning: Unverified HTTPS request is being made to host 'randomuser.me'. Adding certificate verification is strongly advised. See: https://urllib3.readthedocs.io/en/latest/advanced-usage.html#tls-warnings
  warnings.warn(</msg>
<msg time="2024-03-28T16:16:15.677474" level="INFO">${response} = &lt;Response [200]&gt;</msg>
<var>${response}</var>
<arg>consultarAPI</arg>
<arg>/api</arg>
<doc>Sends a GET request on a previously created HTTP Session.</doc>
<status status="PASS" start="2024-03-28T16:16:15.380750" elapsed="0.296767"/>
</kw>
<kw name="Should Be Equal As Numbers" owner="BuiltIn">
<msg time="2024-03-28T16:16:15.678562" level="INFO">Argument types are:
&lt;class 'int'&gt;
&lt;class 'str'&gt;</msg>
<arg>${response.status_code}</arg>
<arg>200</arg>
<doc>Fails if objects are unequal after converting them to real numbers.</doc>
<status status="PASS" start="2024-03-28T16:16:15.678073" elapsed="0.000552"/>
</kw>
<kw name="Log" owner="BuiltIn">
<msg time="2024-03-28T16:16:15.679291" level="INFO">200</msg>
<arg>${response.status_code}</arg>
<doc>Logs the given message with the given level.</doc>
<status status="PASS" start="2024-03-28T16:16:15.678939" elapsed="0.000394"/>
</kw>
<kw name="Set Variable" owner="BuiltIn">
<msg time="2024-03-28T16:16:15.680091" level="INFO">${json_data} = {'results': [{'gender': 'female', 'name': {'title': 'Miss', 'first': 'Maja', 'last': 'Rasmussen'}, 'location': {'street': {'number': 1039, 'name': 'Skovtoften'}, 'city': 'Frederiksberg', 'state': 'Dan...</msg>
<var>${json_data}</var>
<arg>${response.json()}</arg>
<doc>Returns the given values which can then be assigned to a variables.</doc>
<status status="PASS" start="2024-03-28T16:16:15.679660" elapsed="0.000459"/>
</kw>
<kw name="Dictionary Should Contain Key" owner="Collections">
<msg time="2024-03-28T16:16:15.680622" level="INFO">False</msg>
<arg>${json_data}</arg>
<arg>results</arg>
<doc>Fails if ``key`` is not found from ``dictionary``.</doc>
<status status="PASS" start="2024-03-28T16:16:15.680418" elapsed="0.000243"/>
</kw>
<status status="PASS" start="2024-03-28T16:16:15.380499" elapsed="0.300419"/>
</kw>
<doc>Testa se a API responde corretamente e retorna um objeto JSON válido.</doc>
<tag>testeRequisicaoBasica</tag>
<status status="PASS" start="2024-03-28T16:16:15.379923" elapsed="0.301169"/>
</test>
<test id="s1-s1-t3" name="Validar estrutura de resposta" line="22">
<kw name="Teste de Estrutura de Resposta" owner="random-user-service">
<kw name="GET On Session" owner="RequestsLibrary">
<msg time="2024-03-28T16:16:15.818237" level="INFO">GET Request : url=https://randomuser.me/api 
 path_url=/api 
 headers={'User-Agent': 'python-requests/2.31.0', 'Accept-Encoding': 'gzip, deflate', 'Accept': '*/*', 'Connection': 'keep-alive'} 
 body=None 
 </msg>
<msg time="2024-03-28T16:16:15.818302" level="INFO">GET Response : url=https://randomuser.me/api 
 status=200, reason=OK 
 headers={'Date': 'Thu, 28 Mar 2024 16:16:15 GMT', 'Content-Type': 'application/json; charset=utf-8', 'Transfer-Encoding': 'chunked', 'Connection': 'keep-alive', 'X-Powered-By': 'Express', 'Access-Control-Allow-Origin': '*', 'Cache-Control': 'no-cache', 'ETag': 'W/"4b6-CLSxrTYS1chuRPRP7ciFZpnx7BQ"', 'Vary': 'Accept-Encoding', 'Content-Encoding': 'gzip', 'CF-Cache-Status': 'DYNAMIC', 'Report-To': '{"endpoints":[{"url":"https:\\/\\/a.nel.cloudflare.com\\/report\\/v4?s=3l%2F1gRPQe7fdvEQPiy5lrTZI2CV5DHmZbOGFz62qepb4ehA92tfh%2B8U3VBtpl3JKfIV7JDvdbaQNvz%2FA11o5KIduHzO9F%2FDWSsZEs5Cpdq2Xw%2FKpyeirPBThPqLo0EJ1"}],"group":"cf-nel","max_age":604800}', 'NEL': '{"success_fraction":0,"report_to":"cf-nel","max_age":604800}', 'Server': 'cloudflare', 'CF-RAY': '86b8ec720de82305-ORD', 'alt-svc': 'h3=":443"; ma=86400'} 
 body={"results":[{"gender":"female","name":{"title":"Mrs","first":"Valentine","last":"Roche"},"location":{"street":{"number":2770,"name":"Rue du Stade"},"city":"Saint-Pierre","state":"Côte-D'Or","country":"France","postcode":10328,"coordinates":{"latitude":"-16.2039","longitude":"95.7727"},"timezone":{"offset":"0:00","description":"Western Europe Time, London, Lisbon, Casablanca"}},"email":"valentine.roche@example.com","login":{"uuid":"fe974dd3-0752-4c85-a6f8-461db8423eb3","username":"orangeelephant468","password":"zombie","salt":"EtlWGtPy","md5":"94fcf18f833b999190efd385ba8f997d","sha1":"f8421cc744ee4dee1e17a045adf91f1d00ae3fb9","sha256":"00d2549a95ce83daa29722901b7df4c96ab88c5f9c0876f061f76e37a8ffb649"},"dob":{"date":"1950-04-25T07:52:18.628Z","age":73},"registered":{"date":"2019-09-10T03:04:29.573Z","age":4},"phone":"03-21-19-62-92","cell":"06-39-92-86-32","id":{"name":"INSEE","value":"2500360317131 11"},"picture":{"large":"https://randomuser.me/api/portraits/women/70.jpg","medium":"https://randomuser.me/api/portraits/med/women/70.jpg","thumbnail":"https://randomuser.me/api/portraits/thumb/women/70.jpg"},"nat":"FR"}],"info":{"seed":"5e33670595455155","results":1,"page":1,"version":"1.4"}} 
 </msg>
<msg time="2024-03-28T16:16:15.818405" level="INFO">/opt/hostedtoolcache/Python/3.12.2/x64/lib/python3.12/site-packages/urllib3/connectionpool.py:1103: InsecureRequestWarning: Unverified HTTPS request is being made to host 'randomuser.me'. Adding certificate verification is strongly advised. See: https://urllib3.readthedocs.io/en/latest/advanced-usage.html#tls-warnings
  warnings.warn(</msg>
<msg time="2024-03-28T16:16:15.818496" level="INFO">${response} = &lt;Response [200]&gt;</msg>
<var>${response}</var>
<arg>consultarAPI</arg>
<arg>/api</arg>
<doc>Sends a GET request on a previously created HTTP Session.</doc>
<status status="PASS" start="2024-03-28T16:16:15.683820" elapsed="0.134710"/>
</kw>
<kw name="Set Variable" owner="BuiltIn">
<msg time="2024-03-28T16:16:15.819352" level="INFO">${json_data} = {'results': [{'gender': 'female', 'name': {'title': 'Mrs', 'first': 'Valentine', 'last': 'Roche'}, 'location': {'street': {'number': 2770, 'name': 'Rue du Stade'}, 'city': 'Saint-Pierre', 'state': "Cô...</msg>
<var>${json_data}</var>
<arg>${response.json()}</arg>
<doc>Returns the given values which can then be assigned to a variables.</doc>
<status status="PASS" start="2024-03-28T16:16:15.818904" elapsed="0.000476"/>
</kw>
<kw name="Log" owner="BuiltIn">
<msg time="2024-03-28T16:16:15.819842" level="INFO">{'results': [{'gender': 'female', 'name': {'title': 'Mrs', 'first': 'Valentine', 'last': 'Roche'}, 'location': {'street': {'number': 2770, 'name': 'Rue du Stade'}, 'city': 'Saint-Pierre', 'state': "Côte-D'Or", 'country': 'France', 'postcode': 10328, 'coordinates': {'latitude': '-16.2039', 'longitude': '95.7727'}, 'timezone': {'offset': '0:00', 'description': 'Western Europe Time, London, Lisbon, Casablanca'}}, 'email': 'valentine.roche@example.com', 'login': {'uuid': 'fe974dd3-0752-4c85-a6f8-461db8423eb3', 'username': 'orangeelephant468', 'password': 'zombie', 'salt': 'EtlWGtPy', 'md5': '94fcf18f833b999190efd385ba8f997d', 'sha1': 'f8421cc744ee4dee1e17a045adf91f1d00ae3fb9', 'sha256': '00d2549a95ce83daa29722901b7df4c96ab88c5f9c0876f061f76e37a8ffb649'}, 'dob': {'date': '1950-04-25T07:52:18.628Z', 'age': 73}, 'registered': {'date': '2019-09-10T03:04:29.573Z', 'age': 4}, 'phone': '03-21-19-62-92', 'cell': '06-39-92-86-32', 'id': {'name': 'INSEE', 'value': '2500360317131 11'}, 'picture': {'large': 'https://randomuser.me/api/portraits/women/70.jpg', 'medium': 'https://randomuser.me/api/portraits/med/women/70.jpg', 'thumbnail': 'https://randomuser.me/api/portraits/thumb/women/70.jpg'}, 'nat': 'FR'}], 'info': {'seed': '5e33670595455155', 'results': 1, 'page': 1, 'version': '1.4'}}</msg>
<arg>${json_data}</arg>
<doc>Logs the given message with the given level.</doc>
<status status="PASS" start="2024-03-28T16:16:15.819683" elapsed="0.000207"/>
</kw>
<kw name="Dictionary Should Contain Key" owner="Collections">
<msg time="2024-03-28T16:16:15.820325" level="INFO">False</msg>
<arg>${json_data}</arg>
<arg>results</arg>
<doc>Fails if ``key`` is not found from ``dictionary``.</doc>
<status status="PASS" start="2024-03-28T16:16:15.820177" elapsed="0.000185"/>
</kw>
<kw name="Should Not Be Empty" owner="BuiltIn">
<msg time="2024-03-28T16:16:15.820845" level="INFO">Length is 2.</msg>
<arg>${json_data}</arg>
<doc>Verifies that the given item is not empty.</doc>
<status status="PASS" start="2024-03-28T16:16:15.820712" elapsed="0.000177"/>
</kw>
<kw name="Create List" owner="BuiltIn">
<msg time="2024-03-28T16:16:15.821332" level="INFO">${expected_keys} = ['gender', 'name', 'location', 'email', 'login']</msg>
<var>${expected_keys}</var>
<arg>gender</arg>
<arg>name</arg>
<arg>location</arg>
<arg>email</arg>
<arg>login</arg>
<doc>Returns a list containing given items.</doc>
<status status="PASS" start="2024-03-28T16:16:15.821180" elapsed="0.000175"/>
</kw>
<for flavor="IN">
<iter>
<kw name="Dictionary Should Contain Key" owner="Collections">
<msg time="2024-03-28T16:16:15.822303" level="INFO">False</msg>
<arg>${json_data['results'][0]}</arg>
<arg>${key}</arg>
<doc>Fails if ``key`` is not found from ``dictionary``.</doc>
<status status="PASS" start="2024-03-28T16:16:15.821904" elapsed="0.000438"/>
</kw>
<kw name="Log" owner="BuiltIn">
<msg time="2024-03-28T16:16:15.823007" level="INFO">{'gender': 'female', 'name': {'title': 'Mrs', 'first': 'Valentine', 'last': 'Roche'}, 'location': {'street': {'number': 2770, 'name': 'Rue du Stade'}, 'city': 'Saint-Pierre', 'state': "Côte-D'Or", 'country': 'France', 'postcode': 10328, 'coordinates': {'latitude': '-16.2039', 'longitude': '95.7727'}, 'timezone': {'offset': '0:00', 'description': 'Western Europe Time, London, Lisbon, Casablanca'}}, 'email': 'valentine.roche@example.com', 'login': {'uuid': 'fe974dd3-0752-4c85-a6f8-461db8423eb3', 'username': 'orangeelephant468', 'password': 'zombie', 'salt': 'EtlWGtPy', 'md5': '94fcf18f833b999190efd385ba8f997d', 'sha1': 'f8421cc744ee4dee1e17a045adf91f1d00ae3fb9', 'sha256': '00d2549a95ce83daa29722901b7df4c96ab88c5f9c0876f061f76e37a8ffb649'}, 'dob': {'date': '1950-04-25T07:52:18.628Z', 'age': 73}, 'registered': {'date': '2019-09-10T03:04:29.573Z', 'age': 4}, 'phone': '03-21-19-62-92', 'cell': '06-39-92-86-32', 'id': {'name': 'INSEE', 'value': '2500360317131 11'}, 'picture': {'large': 'https://randomuser.me/api/portraits/women/70.jpg', 'medium': 'https://randomuser.me/api/portraits/med/women/70.jpg', 'thumbnail': 'https://randomuser.me/api/portraits/thumb/women/70.jpg'}, 'nat': 'FR'}</msg>
<arg>${json_data['results'][0]}</arg>
<doc>Logs the given message with the given level.</doc>
<status status="PASS" start="2024-03-28T16:16:15.822643" elapsed="0.000420"/>
</kw>
<kw name="Log" owner="BuiltIn">
<msg time="2024-03-28T16:16:15.823501" level="INFO">gender</msg>
<arg>${key}</arg>
<doc>Logs the given message with the given level.</doc>
<status status="PASS" start="2024-03-28T16:16:15.823370" elapsed="0.000170"/>
</kw>
<var name="${key}">gender</var>
<status status="PASS" start="2024-03-28T16:16:15.821783" elapsed="0.001971"/>
</iter>
<iter>
<kw name="Dictionary Should Contain Key" owner="Collections">
<msg time="2024-03-28T16:16:15.824451" level="INFO">False</msg>
<arg>${json_data['results'][0]}</arg>
<arg>${key}</arg>
<doc>Fails if ``key`` is not found from ``dictionary``.</doc>
<status status="PASS" start="2024-03-28T16:16:15.824052" elapsed="0.000477"/>
</kw>
<kw name="Log" owner="BuiltIn">
<msg time="2024-03-28T16:16:15.825197" level="INFO">{'gender': 'female', 'name': {'title': 'Mrs', 'first': 'Valentine', 'last': 'Roche'}, 'location': {'street': {'number': 2770, 'name': 'Rue du Stade'}, 'city': 'Saint-Pierre', 'state': "Côte-D'Or", 'country': 'France', 'postcode': 10328, 'coordinates': {'latitude': '-16.2039', 'longitude': '95.7727'}, 'timezone': {'offset': '0:00', 'description': 'Western Europe Time, London, Lisbon, Casablanca'}}, 'email': 'valentine.roche@example.com', 'login': {'uuid': 'fe974dd3-0752-4c85-a6f8-461db8423eb3', 'username': 'orangeelephant468', 'password': 'zombie', 'salt': 'EtlWGtPy', 'md5': '94fcf18f833b999190efd385ba8f997d', 'sha1': 'f8421cc744ee4dee1e17a045adf91f1d00ae3fb9', 'sha256': '00d2549a95ce83daa29722901b7df4c96ab88c5f9c0876f061f76e37a8ffb649'}, 'dob': {'date': '1950-04-25T07:52:18.628Z', 'age': 73}, 'registered': {'date': '2019-09-10T03:04:29.573Z', 'age': 4}, 'phone': '03-21-19-62-92', 'cell': '06-39-92-86-32', 'id': {'name': 'INSEE', 'value': '2500360317131 11'}, 'picture': {'large': 'https://randomuser.me/api/portraits/women/70.jpg', 'medium': 'https://randomuser.me/api/portraits/med/women/70.jpg', 'thumbnail': 'https://randomuser.me/api/portraits/thumb/women/70.jpg'}, 'nat': 'FR'}</msg>
<arg>${json_data['results'][0]}</arg>
<doc>Logs the given message with the given level.</doc>
<status status="PASS" start="2024-03-28T16:16:15.824838" elapsed="0.000409"/>
</kw>
<kw name="Log" owner="BuiltIn">
<msg time="2024-03-28T16:16:15.825666" level="INFO">name</msg>
<arg>${key}</arg>
<doc>Logs the given message with the given level.</doc>
<status status="PASS" start="2024-03-28T16:16:15.825541" elapsed="0.000162"/>
</kw>
<var name="${key}">name</var>
<status status="PASS" start="2024-03-28T16:16:15.823939" elapsed="0.001977"/>
</iter>
<iter>
<kw name="Dictionary Should Contain Key" owner="Collections">
<msg time="2024-03-28T16:16:15.826577" level="INFO">False</msg>
<arg>${json_data['results'][0]}</arg>
<arg>${key}</arg>
<doc>Fails if ``key`` is not found from ``dictionary``.</doc>
<status status="PASS" start="2024-03-28T16:16:15.826202" elapsed="0.000412"/>
</kw>
<kw name="Log" owner="BuiltIn">
<msg time="2024-03-28T16:16:15.827270" level="INFO">{'gender': 'female', 'name': {'title': 'Mrs', 'first': 'Valentine', 'last': 'Roche'}, 'location': {'street': {'number': 2770, 'name': 'Rue du Stade'}, 'city': 'Saint-Pierre', 'state': "Côte-D'Or", 'country': 'France', 'postcode': 10328, 'coordinates': {'latitude': '-16.2039', 'longitude': '95.7727'}, 'timezone': {'offset': '0:00', 'description': 'Western Europe Time, London, Lisbon, Casablanca'}}, 'email': 'valentine.roche@example.com', 'login': {'uuid': 'fe974dd3-0752-4c85-a6f8-461db8423eb3', 'username': 'orangeelephant468', 'password': 'zombie', 'salt': 'EtlWGtPy', 'md5': '94fcf18f833b999190efd385ba8f997d', 'sha1': 'f8421cc744ee4dee1e17a045adf91f1d00ae3fb9', 'sha256': '00d2549a95ce83daa29722901b7df4c96ab88c5f9c0876f061f76e37a8ffb649'}, 'dob': {'date': '1950-04-25T07:52:18.628Z', 'age': 73}, 'registered': {'date': '2019-09-10T03:04:29.573Z', 'age': 4}, 'phone': '03-21-19-62-92', 'cell': '06-39-92-86-32', 'id': {'name': 'INSEE', 'value': '2500360317131 11'}, 'picture': {'large': 'https://randomuser.me/api/portraits/women/70.jpg', 'medium': 'https://randomuser.me/api/portraits/med/women/70.jpg', 'thumbnail': 'https://randomuser.me/api/portraits/thumb/women/70.jpg'}, 'nat': 'FR'}</msg>
<arg>${json_data['results'][0]}</arg>
<doc>Logs the given message with the given level.</doc>
<status status="PASS" start="2024-03-28T16:16:15.826909" elapsed="0.000415"/>
</kw>
<kw name="Log" owner="BuiltIn">
<msg time="2024-03-28T16:16:15.827740" level="INFO">location</msg>
<arg>${key}</arg>
<doc>Logs the given message with the given level.</doc>
<status status="PASS" start="2024-03-28T16:16:15.827614" elapsed="0.000163"/>
</kw>
<var name="${key}">location</var>
<status status="PASS" start="2024-03-28T16:16:15.826092" elapsed="0.001894"/>
</iter>
<iter>
<kw name="Dictionary Should Contain Key" owner="Collections">
<msg time="2024-03-28T16:16:15.828690" level="INFO">False</msg>
<arg>${json_data['results'][0]}</arg>
<arg>${key}</arg>
<doc>Fails if ``key`` is not found from ``dictionary``.</doc>
<status status="PASS" start="2024-03-28T16:16:15.828267" elapsed="0.000461"/>
</kw>
<kw name="Log" owner="BuiltIn">
<msg time="2024-03-28T16:16:15.829386" level="INFO">{'gender': 'female', 'name': {'title': 'Mrs', 'first': 'Valentine', 'last': 'Roche'}, 'location': {'street': {'number': 2770, 'name': 'Rue du Stade'}, 'city': 'Saint-Pierre', 'state': "Côte-D'Or", 'country': 'France', 'postcode': 10328, 'coordinates': {'latitude': '-16.2039', 'longitude': '95.7727'}, 'timezone': {'offset': '0:00', 'description': 'Western Europe Time, London, Lisbon, Casablanca'}}, 'email': 'valentine.roche@example.com', 'login': {'uuid': 'fe974dd3-0752-4c85-a6f8-461db8423eb3', 'username': 'orangeelephant468', 'password': 'zombie', 'salt': 'EtlWGtPy', 'md5': '94fcf18f833b999190efd385ba8f997d', 'sha1': 'f8421cc744ee4dee1e17a045adf91f1d00ae3fb9', 'sha256': '00d2549a95ce83daa29722901b7df4c96ab88c5f9c0876f061f76e37a8ffb649'}, 'dob': {'date': '1950-04-25T07:52:18.628Z', 'age': 73}, 'registered': {'date': '2019-09-10T03:04:29.573Z', 'age': 4}, 'phone': '03-21-19-62-92', 'cell': '06-39-92-86-32', 'id': {'name': 'INSEE', 'value': '2500360317131 11'}, 'picture': {'large': 'https://randomuser.me/api/portraits/women/70.jpg', 'medium': 'https://randomuser.me/api/portraits/med/women/70.jpg', 'thumbnail': 'https://randomuser.me/api/portraits/thumb/women/70.jpg'}, 'nat': 'FR'}</msg>
<arg>${json_data['results'][0]}</arg>
<doc>Logs the given message with the given level.</doc>
<status status="PASS" start="2024-03-28T16:16:15.829023" elapsed="0.000411"/>
</kw>
<kw name="Log" owner="BuiltIn">
<msg time="2024-03-28T16:16:15.829851" level="INFO">email</msg>
<arg>${key}</arg>
<doc>Logs the given message with the given level.</doc>
<status status="PASS" start="2024-03-28T16:16:15.829726" elapsed="0.000161"/>
</kw>
<var name="${key}">email</var>
<status status="PASS" start="2024-03-28T16:16:15.828158" elapsed="0.001941"/>
</iter>
<iter>
<kw name="Dictionary Should Contain Key" owner="Collections">
<msg time="2024-03-28T16:16:15.830755" level="INFO">False</msg>
<arg>${json_data['results'][0]}</arg>
<arg>${key}</arg>
<doc>Fails if ``key`` is not found from ``dictionary``.</doc>
<status status="PASS" start="2024-03-28T16:16:15.830380" elapsed="0.000413"/>
</kw>
<kw name="Log" owner="BuiltIn">
<msg time="2024-03-28T16:16:15.831436" level="INFO">{'gender': 'female', 'name': {'title': 'Mrs', 'first': 'Valentine', 'last': 'Roche'}, 'location': {'street': {'number': 2770, 'name': 'Rue du Stade'}, 'city': 'Saint-Pierre', 'state': "Côte-D'Or", 'country': 'France', 'postcode': 10328, 'coordinates': {'latitude': '-16.2039', 'longitude': '95.7727'}, 'timezone': {'offset': '0:00', 'description': 'Western Europe Time, London, Lisbon, Casablanca'}}, 'email': 'valentine.roche@example.com', 'login': {'uuid': 'fe974dd3-0752-4c85-a6f8-461db8423eb3', 'username': 'orangeelephant468', 'password': 'zombie', 'salt': 'EtlWGtPy', 'md5': '94fcf18f833b999190efd385ba8f997d', 'sha1': 'f8421cc744ee4dee1e17a045adf91f1d00ae3fb9', 'sha256': '00d2549a95ce83daa29722901b7df4c96ab88c5f9c0876f061f76e37a8ffb649'}, 'dob': {'date': '1950-04-25T07:52:18.628Z', 'age': 73}, 'registered': {'date': '2019-09-10T03:04:29.573Z', 'age': 4}, 'phone': '03-21-19-62-92', 'cell': '06-39-92-86-32', 'id': {'name': 'INSEE', 'value': '2500360317131 11'}, 'picture': {'large': 'https://randomuser.me/api/portraits/women/70.jpg', 'medium': 'https://randomuser.me/api/portraits/med/women/70.jpg', 'thumbnail': 'https://randomuser.me/api/portraits/thumb/women/70.jpg'}, 'nat': 'FR'}</msg>
<arg>${json_data['results'][0]}</arg>
<doc>Logs the given message with the given level.</doc>
<status status="PASS" start="2024-03-28T16:16:15.831080" elapsed="0.000404"/>
</kw>
<kw name="Log" owner="BuiltIn">
<msg time="2024-03-28T16:16:15.831927" level="INFO">login</msg>
<arg>${key}</arg>
<doc>Logs the given message with the given level.</doc>
<status status="PASS" start="2024-03-28T16:16:15.831799" elapsed="0.000265"/>
</kw>
<var name="${key}">login</var>
<status status="PASS" start="2024-03-28T16:16:15.830271" elapsed="0.002015"/>
</iter>
<var>${key}</var>
<value>@{expected_keys}</value>
<status status="PASS" start="2024-03-28T16:16:15.821607" elapsed="0.010801"/>
</for>
<kw name="Create List" owner="BuiltIn">
<msg time="2024-03-28T16:16:15.832769" level="INFO">${expected_keysTwo} = ['username', 'password']</msg>
<var>${expected_keysTwo}</var>
<arg>username</arg>
<arg>password</arg>
<doc>Returns a list containing given items.</doc>
<status status="PASS" start="2024-03-28T16:16:15.832633" elapsed="0.000159"/>
</kw>
<for flavor="IN">
<iter>
<kw name="Dictionary Should Contain Key" owner="Collections">
<msg time="2024-03-28T16:16:15.833667" level="INFO">False</msg>
<arg>${json_data['results'][0]['login']}</arg>
<arg>${keyTwo}</arg>
<doc>Fails if ``key`` is not found from ``dictionary``.</doc>
<status status="PASS" start="2024-03-28T16:16:15.833285" elapsed="0.000420"/>
</kw>
<kw name="Dictionary Should Contain Key" owner="Collections">
<msg time="2024-03-28T16:16:15.834382" level="INFO">False</msg>
<arg>${json_data['results'][0]['login']}</arg>
<arg>${keyTwo}</arg>
<doc>Fails if ``key`` is not found from ``dictionary``.</doc>
<status status="PASS" start="2024-03-28T16:16:15.834002" elapsed="0.000417"/>
</kw>
<kw name="Log" owner="BuiltIn">
<msg time="2024-03-28T16:16:15.834836" level="INFO">username</msg>
<arg>${keyTwo}</arg>
<doc>Logs the given message with the given level.</doc>
<status status="PASS" start="2024-03-28T16:16:15.834709" elapsed="0.000164"/>
</kw>
<var name="${keyTwo}">username</var>
<status status="PASS" start="2024-03-28T16:16:15.833177" elapsed="0.001906"/>
</iter>
<iter>
<kw name="Dictionary Should Contain Key" owner="Collections">
<msg time="2024-03-28T16:16:15.835739" level="INFO">False</msg>
<arg>${json_data['results'][0]['login']}</arg>
<arg>${keyTwo}</arg>
<doc>Fails if ``key`` is not found from ``dictionary``.</doc>
<status status="PASS" start="2024-03-28T16:16:15.835360" elapsed="0.000415"/>
</kw>
<kw name="Dictionary Should Contain Key" owner="Collections">
<msg time="2024-03-28T16:16:15.836449" level="INFO">False</msg>
<arg>${json_data['results'][0]['login']}</arg>
<arg>${keyTwo}</arg>
<doc>Fails if ``key`` is not found from ``dictionary``.</doc>
<status status="PASS" start="2024-03-28T16:16:15.836059" elapsed="0.000439"/>
</kw>
<kw name="Log" owner="BuiltIn">
<msg time="2024-03-28T16:16:15.836926" level="INFO">password</msg>
<arg>${keyTwo}</arg>
<doc>Logs the given message with the given level.</doc>
<status status="PASS" start="2024-03-28T16:16:15.836801" elapsed="0.000162"/>
</kw>
<var name="${keyTwo}">password</var>
<status status="PASS" start="2024-03-28T16:16:15.835252" elapsed="0.001921"/>
</iter>
<var>${keyTwo}</var>
<value>@{expected_keysTwo}</value>
<status status="PASS" start="2024-03-28T16:16:15.833028" elapsed="0.004264"/>
</for>
<status status="PASS" start="2024-03-28T16:16:15.683589" elapsed="0.153838"/>
</kw>
<doc>Testa a estrutura da resposta da API.</doc>
<tag>testeEstruturaResposta</tag>
<status status="PASS" start="2024-03-28T16:16:15.682873" elapsed="0.154701"/>
</test>
<test id="s1-s1-t4" name="Validar tipos de dados" line="28">
<kw name="Teste de Tipos de Dados" owner="random-user-service">
<kw name="GET On Session" owner="RequestsLibrary">
<msg time="2024-03-28T16:16:15.912486" level="INFO">GET Request : url=https://randomuser.me/api 
 path_url=/api 
 headers={'User-Agent': 'python-requests/2.31.0', 'Accept-Encoding': 'gzip, deflate', 'Accept': '*/*', 'Connection': 'keep-alive'} 
 body=None 
 </msg>
<msg time="2024-03-28T16:16:15.912594" level="INFO">GET Response : url=https://randomuser.me/api 
 status=200, reason=OK 
 headers={'Date': 'Thu, 28 Mar 2024 16:16:15 GMT', 'Content-Type': 'application/json; charset=utf-8', 'Transfer-Encoding': 'chunked', 'Connection': 'keep-alive', 'X-Powered-By': 'Express', 'Access-Control-Allow-Origin': '*', 'Cache-Control': 'no-cache', 'ETag': 'W/"496-OqflXQ4Mti2S0f4YzA3A3OZrPY0"', 'Vary': 'Accept-Encoding', 'Content-Encoding': 'gzip', 'CF-Cache-Status': 'DYNAMIC', 'Report-To': '{"endpoints":[{"url":"https:\\/\\/a.nel.cloudflare.com\\/report\\/v4?s=X71gc9SaE8%2FUthPryW2TpZNsgYN0%2BiUxGebuapguHq9YTvNbPDWV%2B7sUdzh6FMxsTApY8rekZLg6piIiHfdYwy6hvMUrc4mkJmLjzrsXK2S4M9ia7T9iH9BcWTpKbBVT"}],"group":"cf-nel","max_age":604800}', 'NEL': '{"success_fraction":0,"report_to":"cf-nel","max_age":604800}', 'Server': 'cloudflare', 'CF-RAY': '86b8ec72f8682305-ORD', 'alt-svc': 'h3=":443"; ma=86400'} 
 body={"results":[{"gender":"female","name":{"title":"Ms","first":"Daphné","last":"Bernard"},"location":{"street":{"number":2580,"name":"Rue de L'Abbé-Gillet"},"city":"Nanterre","state":"Puy-de-Dôme","country":"France","postcode":10821,"coordinates":{"latitude":"-15.9384","longitude":"103.3543"},"timezone":{"offset":"+5:45","description":"Kathmandu"}},"email":"daphne.bernard@example.com","login":{"uuid":"30db489c-0dbd-45c4-b747-c2d3e516f6d0","username":"heavyrabbit240","password":"cooking","salt":"1SYwXqDC","md5":"9bdf097fafdb46432017314f347a8709","sha1":"2443ad598491e5cad85df5c472367b0d9e041a28","sha256":"86b1ac532560007bea7faa037188cf867115737895e58b2ec7a29cfbe8d774e8"},"dob":{"date":"1993-02-19T12:14:12.264Z","age":31},"registered":{"date":"2006-04-17T23:13:17.582Z","age":17},"phone":"02-04-94-80-82","cell":"06-72-47-77-54","id":{"name":"INSEE","value":"2930176443835 37"},"picture":{"large":"https://randomuser.me/api/portraits/women/85.jpg","medium":"https://randomuser.me/api/portraits/med/women/85.jpg","thumbnail":"https://randomuser.me/api/portraits/thumb/women/85.jpg"},"nat":"FR"}],"info":{"seed":"996b68856d65ba1e","results":1,"page":1,"version":"1.4"}} 
 </msg>
<msg time="2024-03-28T16:16:15.912668" level="INFO">/opt/hostedtoolcache/Python/3.12.2/x64/lib/python3.12/site-packages/urllib3/connectionpool.py:1103: InsecureRequestWarning: Unverified HTTPS request is being made to host 'randomuser.me'. Adding certificate verification is strongly advised. See: https://urllib3.readthedocs.io/en/latest/advanced-usage.html#tls-warnings
  warnings.warn(</msg>
<msg time="2024-03-28T16:16:15.912797" level="INFO">${response} = &lt;Response [200]&gt;</msg>
<var>${response}</var>
<arg>consultarAPI</arg>
<arg>/api</arg>
<doc>Sends a GET request on a previously created HTTP Session.</doc>
<status status="PASS" start="2024-03-28T16:16:15.840007" elapsed="0.072830"/>
</kw>
<kw name="Set Variable" owner="BuiltIn">
<msg time="2024-03-28T16:16:15.914110" level="INFO">${json_data} = {'results': [{'gender': 'female', 'name': {'title': 'Ms', 'first': 'Daphné', 'last': 'Bernard'}, 'location': {'street': {'number': 2580, 'name': "Rue de L'Abbé-Gillet"}, 'city': 'Nanterre', 'state': '...</msg>
<var>${json_data}</var>
<arg>${response.json()}</arg>
<doc>Returns the given values which can then be assigned to a variables.</doc>
<status status="PASS" start="2024-03-28T16:16:15.913517" elapsed="0.000623"/>
</kw>
<kw name="Log" owner="BuiltIn">
<msg time="2024-03-28T16:16:15.914685" level="INFO">{'results': [{'gender': 'female', 'name': {'title': 'Ms', 'first': 'Daphné', 'last': 'Bernard'}, 'location': {'street': {'number': 2580, 'name': "Rue de L'Abbé-Gillet"}, 'city': 'Nanterre', 'state': 'Puy-de-Dôme', 'country': 'France', 'postcode': 10821, 'coordinates': {'latitude': '-15.9384', 'longitude': '103.3543'}, 'timezone': {'offset': '+5:45', 'description': 'Kathmandu'}}, 'email': 'daphne.bernard@example.com', 'login': {'uuid': '30db489c-0dbd-45c4-b747-c2d3e516f6d0', 'username': 'heavyrabbit240', 'password': 'cooking', 'salt': '1SYwXqDC', 'md5': '9bdf097fafdb46432017314f347a8709', 'sha1': '2443ad598491e5cad85df5c472367b0d9e041a28', 'sha256': '86b1ac532560007bea7faa037188cf867115737895e58b2ec7a29cfbe8d774e8'}, 'dob': {'date': '1993-02-19T12:14:12.264Z', 'age': 31}, 'registered': {'date': '2006-04-17T23:13:17.582Z', 'age': 17}, 'phone': '02-04-94-80-82', 'cell': '06-72-47-77-54', 'id': {'name': 'INSEE', 'value': '2930176443835 37'}, 'picture': {'large': 'https://randomuser.me/api/portraits/women/85.jpg', 'medium': 'https://randomuser.me/api/portraits/med/women/85.jpg', 'thumbnail': 'https://randomuser.me/api/portraits/thumb/women/85.jpg'}, 'nat': 'FR'}], 'info': {'seed': '996b68856d65ba1e', 'results': 1, 'page': 1, 'version': '1.4'}}</msg>
<arg>${json_data}</arg>
<doc>Logs the given message with the given level.</doc>
<status status="PASS" start="2024-03-28T16:16:15.914508" elapsed="0.000269"/>
</kw>
<kw name="Should Be String" owner="String">
<arg>${json_data['results'][0]['gender']}</arg>
<doc>Fails if the given ``item`` is not a string.</doc>
<status status="PASS" start="2024-03-28T16:16:15.915102" elapsed="0.000379"/>
</kw>
<kw name="Should Match Regexp" owner="BuiltIn">
<arg>${json_data['results'][0]['email']}</arg>
<arg>^[a-zA-Z0-9._%+-]+@[a-zA-Z0-9.-]+\.[a-zA-Z]{2,}$</arg>
<doc>Fails if ``string`` does not match ``pattern`` as a regular expression.</doc>
<status status="PASS" start="2024-03-28T16:16:15.915679" elapsed="0.000536"/>
</kw>
<kw name="Should Match Regexp" owner="BuiltIn">
<arg>${json_data['results'][0]['dob']['date']}</arg>
<arg>\\d{4}-\\d{2}-\\d{2}T\\d{2}:\\d{2}:\\d{2}\\.\\d{3}Z</arg>
<doc>Fails if ``string`` does not match ``pattern`` as a regular expression.</doc>
<status status="PASS" start="2024-03-28T16:16:15.916418" elapsed="0.000556"/>
</kw>
<kw name="Should Match Regexp" owner="BuiltIn">
<arg>${json_data['results'][0]['registered']['date']}</arg>
<arg>\\d{4}-\\d{2}-\\d{2}T\\d{2}:\\d{2}:\\d{2}\\.\\d{3}Z</arg>
<doc>Fails if ``string`` does not match ``pattern`` as a regular expression.</doc>
<status status="PASS" start="2024-03-28T16:16:15.917171" elapsed="0.000377"/>
</kw>
<kw name="Should Match Regexp" owner="BuiltIn">
<arg>${json_data['results'][0]['picture']['large']}</arg>
<arg>^https?://.*\.(?:png|jpe?g|gif|bmp)$</arg>
<doc>Fails if ``string`` does not match ``pattern`` as a regular expression.</doc>
<status status="PASS" start="2024-03-28T16:16:15.917735" elapsed="0.000472"/>
</kw>
<kw name="Should Match Regexp" owner="BuiltIn">
<arg>${json_data['results'][0]['picture']['medium']}</arg>
<arg>^https?://.*\.(?:png|jpe?g|gif|bmp)$</arg>
<doc>Fails if ``string`` does not match ``pattern`` as a regular expression.</doc>
<status status="PASS" start="2024-03-28T16:16:15.918398" elapsed="0.000356"/>
</kw>
<kw name="Should Match Regexp" owner="BuiltIn">
<arg>${json_data['results'][0]['picture']['thumbnail']}</arg>
<arg>^https?://.*\.(?:png|jpe?g|gif|bmp)$</arg>
<doc>Fails if ``string`` does not match ``pattern`` as a regular expression.</doc>
<status status="PASS" start="2024-03-28T16:16:15.918937" elapsed="0.000344"/>
</kw>
<kw name="Log" owner="BuiltIn">
<msg time="2024-03-28T16:16:15.919787" level="INFO">{'large': 'https://randomuser.me/api/portraits/women/85.jpg', 'medium': 'https://randomuser.me/api/portraits/med/women/85.jpg', 'thumbnail': 'https://randomuser.me/api/portraits/thumb/women/85.jpg'}</msg>
<arg>${json_data['results'][0]['picture']}</arg>
<doc>Logs the given message with the given level.</doc>
<status status="PASS" start="2024-03-28T16:16:15.919459" elapsed="0.000374"/>
</kw>
<status status="PASS" start="2024-03-28T16:16:15.839783" elapsed="0.080320"/>
</kw>
<kw name="Teste de Tipos de Dados - Postcode" owner="random-user-service">
<kw name="GET On Session" owner="RequestsLibrary">
<msg time="2024-03-28T16:16:16.009169" level="INFO">GET Request : url=https://randomuser.me/api 
 path_url=/api 
 headers={'User-Agent': 'python-requests/2.31.0', 'Accept-Encoding': 'gzip, deflate', 'Accept': '*/*', 'Connection': 'keep-alive'} 
 body=None 
 </msg>
<msg time="2024-03-28T16:16:16.009282" level="INFO">GET Response : url=https://randomuser.me/api 
 status=200, reason=OK 
 headers={'Date': 'Thu, 28 Mar 2024 16:16:16 GMT', 'Content-Type': 'application/json; charset=utf-8', 'Transfer-Encoding': 'chunked', 'Connection': 'keep-alive', 'X-Powered-By': 'Express', 'Access-Control-Allow-Origin': '*', 'Cache-Control': 'no-cache', 'ETag': 'W/"493-bUWsrB0U/N37TgyjN6PGYtP7xXc"', 'Vary': 'Accept-Encoding', 'Content-Encoding': 'gzip', 'CF-Cache-Status': 'DYNAMIC', 'Report-To': '{"endpoints":[{"url":"https:\\/\\/a.nel.cloudflare.com\\/report\\/v4?s=Wd3rGJioxngSHx4RoPFO4TycAxICi7VVsx3cVrGGBag4AmrgMaZ4wP2mIOiBUOryJRG1aQtx%2B%2BdxPGJSu1RGiwjJDNjUhgORfedPgfA77tQOTsPtMZbFi0uRvuBQnmIF"}],"group":"cf-nel","max_age":604800}', 'NEL': '{"success_fraction":0,"report_to":"cf-nel","max_age":604800}', 'Server': 'cloudflare', 'CF-RAY': '86b8ec7389a72305-ORD', 'alt-svc': 'h3=":443"; ma=86400'} 
 body={"results":[{"gender":"female","name":{"title":"Ms","first":"Isabelle","last":"Jackson"},"location":{"street":{"number":7286,"name":"The Strand"},"city":"Porirua","state":"Tasman","country":"New Zealand","postcode":29483,"coordinates":{"latitude":"55.1224","longitude":"148.5487"},"timezone":{"offset":"+5:00","description":"Ekaterinburg, Islamabad, Karachi, Tashkent"}},"email":"isabelle.jackson@example.com","login":{"uuid":"74dbbeac-3558-4bed-b151-d51a9b01d397","username":"bigswan415","password":"excess","salt":"twGR61lf","md5":"81b4d59856b4fde4b5fbb623575e7946","sha1":"c5240b6b62c57a26f2931cdd4c5476d5781d8d7c","sha256":"ff9a0e6d78db3dd1a8080cd329d6c8722a8789225872328f097b6413d97d15cc"},"dob":{"date":"1948-04-30T21:43:17.284Z","age":75},"registered":{"date":"2015-02-14T05:37:48.460Z","age":9},"phone":"(701)-816-4198","cell":"(121)-759-3885","id":{"name":"","value":null},"picture":{"large":"https://randomuser.me/api/portraits/women/57.jpg","medium":"https://randomuser.me/api/portraits/med/women/57.jpg","thumbnail":"https://randomuser.me/api/portraits/thumb/women/57.jpg"},"nat":"NZ"}],"info":{"seed":"aeef3bc4753674a0","results":1,"page":1,"version":"1.4"}} 
 </msg>
<msg time="2024-03-28T16:16:16.009386" level="INFO">/opt/hostedtoolcache/Python/3.12.2/x64/lib/python3.12/site-packages/urllib3/connectionpool.py:1103: InsecureRequestWarning: Unverified HTTPS request is being made to host 'randomuser.me'. Adding certificate verification is strongly advised. See: https://urllib3.readthedocs.io/en/latest/advanced-usage.html#tls-warnings
  warnings.warn(</msg>
<msg time="2024-03-28T16:16:16.009532" level="INFO">${response} = &lt;Response [200]&gt;</msg>
<var>${response}</var>
<arg>consultarAPI</arg>
<arg>/api</arg>
<doc>Sends a GET request on a previously created HTTP Session.</doc>
<status status="PASS" start="2024-03-28T16:16:15.920787" elapsed="0.088795"/>
</kw>
<kw name="Set Variable" owner="BuiltIn">
<msg time="2024-03-28T16:16:16.010838" level="INFO">${json_data} = {'results': [{'gender': 'female', 'name': {'title': 'Ms', 'first': 'Isabelle', 'last': 'Jackson'}, 'location': {'street': {'number': 7286, 'name': 'The Strand'}, 'city': 'Porirua', 'state': 'Tasman', ...</msg>
<var>${json_data}</var>
<arg>${response.json()}</arg>
<doc>Returns the given values which can then be assigned to a variables.</doc>
<status status="PASS" start="2024-03-28T16:16:16.010233" elapsed="0.000632"/>
</kw>
<kw name="Log" owner="BuiltIn">
<msg time="2024-03-28T16:16:16.011330" level="INFO">{'results': [{'gender': 'female', 'name': {'title': 'Ms', 'first': 'Isabelle', 'last': 'Jackson'}, 'location': {'street': {'number': 7286, 'name': 'The Strand'}, 'city': 'Porirua', 'state': 'Tasman', 'country': 'New Zealand', 'postcode': 29483, 'coordinates': {'latitude': '55.1224', 'longitude': '148.5487'}, 'timezone': {'offset': '+5:00', 'description': 'Ekaterinburg, Islamabad, Karachi, Tashkent'}}, 'email': 'isabelle.jackson@example.com', 'login': {'uuid': '74dbbeac-3558-4bed-b151-d51a9b01d397', 'username': 'bigswan415', 'password': 'excess', 'salt': 'twGR61lf', 'md5': '81b4d59856b4fde4b5fbb623575e7946', 'sha1': 'c5240b6b62c57a26f2931cdd4c5476d5781d8d7c', 'sha256': 'ff9a0e6d78db3dd1a8080cd329d6c8722a8789225872328f097b6413d97d15cc'}, 'dob': {'date': '1948-04-30T21:43:17.284Z', 'age': 75}, 'registered': {'date': '2015-02-14T05:37:48.460Z', 'age': 9}, 'phone': '(701)-816-4198', 'cell': '(121)-759-3885', 'id': {'name': '', 'value': None}, 'picture': {'large': 'https://randomuser.me/api/portraits/women/57.jpg', 'medium': 'https://randomuser.me/api/portraits/med/women/57.jpg', 'thumbnail': 'https://randomuser.me/api/portraits/thumb/women/57.jpg'}, 'nat': 'NZ'}], 'info': {'seed': 'aeef3bc4753674a0', 'results': 1, 'page': 1, 'version': '1.4'}}</msg>
<arg>${json_data}</arg>
<doc>Logs the given message with the given level.</doc>
<status status="PASS" start="2024-03-28T16:16:16.011173" elapsed="0.000238"/>
</kw>
<kw name="Should Be Equal As Numbers" owner="BuiltIn">
<arg>${json_data['results'][0]['location']['postcode']}</arg>
<arg>${json_data['results'][0]['location']['postcode']}</arg>
<doc>Fails if objects are unequal after converting them to real numbers.</doc>
<status status="PASS" start="2024-03-28T16:16:16.011716" elapsed="0.000625"/>
</kw>
<kw name="Log" owner="BuiltIn">
<msg time="2024-03-28T16:16:16.012929" level="INFO">29483</msg>
<arg>${json_data['results'][0]['location']['postcode']}</arg>
<doc>Logs the given message with the given level.</doc>
<status status="PASS" start="2024-03-28T16:16:16.012590" elapsed="0.000380"/>
</kw>
<status status="PASS" start="2024-03-28T16:16:15.920340" elapsed="0.092887"/>
</kw>
<doc>Testa se os tipos de dados na resposta da API estão corretos.</doc>
<tag>testeTiposDados</tag>
<status status="PASS" start="2024-03-28T16:16:15.839258" elapsed="0.174141"/>
</test>
<test id="s1-s1-t5" name="Validar conteudo" line="35">
<kw name="Teste de Tipos de Conteudo" owner="random-user-service">
<kw name="GET On Session" owner="RequestsLibrary">
<msg time="2024-03-28T16:16:16.094898" level="INFO">GET Request : url=https://randomuser.me/api 
 path_url=/api 
 headers={'User-Agent': 'python-requests/2.31.0', 'Accept-Encoding': 'gzip, deflate', 'Accept': '*/*', 'Connection': 'keep-alive'} 
 body=None 
 </msg>
<msg time="2024-03-28T16:16:16.094996" level="INFO">GET Response : url=https://randomuser.me/api 
 status=200, reason=OK 
 headers={'Date': 'Thu, 28 Mar 2024 16:16:16 GMT', 'Content-Type': 'application/json; charset=utf-8', 'Transfer-Encoding': 'chunked', 'Connection': 'keep-alive', 'X-Powered-By': 'Express', 'Access-Control-Allow-Origin': '*', 'Cache-Control': 'no-cache', 'ETag': 'W/"495-FrEXPitjoVH5IvlwylhS2qq6Dz8"', 'Vary': 'Accept-Encoding', 'Content-Encoding': 'gzip', 'CF-Cache-Status': 'DYNAMIC', 'Report-To': '{"endpoints":[{"url":"https:\\/\\/a.nel.cloudflare.com\\/report\\/v4?s=46CSRf3mG9NeKgrfbbqn4RK%2FZmuTg%2BB%2F9mcCDhl3gu4MfDc5CYPRJgYM5SwWZBH6ZNYSwhMvEZNw1hMRPzgX%2BDooxxeX3SVAMmQzcwk%2BepQyEgLd4WfnnHMLnHSV7D4I"}],"group":"cf-nel","max_age":604800}', 'NEL': '{"success_fraction":0,"report_to":"cf-nel","max_age":604800}', 'Server': 'cloudflare', 'CF-RAY': '86b8ec741b062305-ORD', 'alt-svc': 'h3=":443"; ma=86400'} 
 body={"results":[{"gender":"female","name":{"title":"Miss","first":"Dinella","last":"Suvarna"},"location":{"street":{"number":1465,"name":"Tripolia Bazar"},"city":"Ujjain","state":"Mizoram","country":"India","postcode":83101,"coordinates":{"latitude":"5.7923","longitude":"121.3485"},"timezone":{"offset":"+3:00","description":"Baghdad, Riyadh, Moscow, St. Petersburg"}},"email":"dinella.suvarna@example.com","login":{"uuid":"3f382ffa-c429-4161-9993-bff5c905e124","username":"bluepanda946","password":"mmmm","salt":"skKhzhvM","md5":"fde05a0d01c4c8a554fdc82f6d98829a","sha1":"8d66160c82055ce16f3324486b8a7bef9c545c91","sha256":"c66ee4f87e035b4fa9a5d344f047e68e4cbbddff3232c761b829cd71e1fb0aa9"},"dob":{"date":"1998-03-12T20:08:01.269Z","age":26},"registered":{"date":"2008-09-21T05:46:17.857Z","age":15},"phone":"8039112375","cell":"8503843068","id":{"name":"UIDAI","value":"977116004149"},"picture":{"large":"https://randomuser.me/api/portraits/women/76.jpg","medium":"https://randomuser.me/api/portraits/med/women/76.jpg","thumbnail":"https://randomuser.me/api/portraits/thumb/women/76.jpg"},"nat":"IN"}],"info":{"seed":"102e407299095aa9","results":1,"page":1,"version":"1.4"}} 
 </msg>
<msg time="2024-03-28T16:16:16.095066" level="INFO">/opt/hostedtoolcache/Python/3.12.2/x64/lib/python3.12/site-packages/urllib3/connectionpool.py:1103: InsecureRequestWarning: Unverified HTTPS request is being made to host 'randomuser.me'. Adding certificate verification is strongly advised. See: https://urllib3.readthedocs.io/en/latest/advanced-usage.html#tls-warnings
  warnings.warn(</msg>
<msg time="2024-03-28T16:16:16.095189" level="INFO">${response} = &lt;Response [200]&gt;</msg>
<var>${response}</var>
<arg>consultarAPI</arg>
<arg>/api</arg>
<doc>Sends a GET request on a previously created HTTP Session.</doc>
<status status="PASS" start="2024-03-28T16:16:16.015916" elapsed="0.079313"/>
</kw>
<kw name="Set Variable" owner="BuiltIn">
<msg time="2024-03-28T16:16:16.096512" level="INFO">${json_data} = {'results': [{'gender': 'female', 'name': {'title': 'Miss', 'first': 'Dinella', 'last': 'Suvarna'}, 'location': {'street': {'number': 1465, 'name': 'Tripolia Bazar'}, 'city': 'Ujjain', 'state': 'Mizor...</msg>
<var>${json_data}</var>
<arg>${response.json()}</arg>
<doc>Returns the given values which can then be assigned to a variables.</doc>
<status status="PASS" start="2024-03-28T16:16:16.095862" elapsed="0.000681"/>
</kw>
<kw name="Set Variable" owner="BuiltIn">
<msg time="2024-03-28T16:16:16.097227" level="INFO">${name_title} = Miss</msg>
<var>${name_title}</var>
<arg>${json_data["results"][0]["name"]["title"]}</arg>
<doc>Returns the given values which can then be assigned to a variables.</doc>
<status status="PASS" start="2024-03-28T16:16:16.096850" elapsed="0.000402"/>
</kw>
<kw name="Create List" owner="BuiltIn">
<msg time="2024-03-28T16:16:16.097696" level="INFO">${allowed_titles} = ['Mr', 'Ms', 'Miss', 'Mrs', 'Madame', 'Monsieur']</msg>
<var>${allowed_titles}</var>
<arg>Mr</arg>
<arg>Ms</arg>
<arg>Miss</arg>
<arg>Mrs</arg>
<arg>Madame</arg>
<arg>Monsieur</arg>
<doc>Returns a list containing given items.</doc>
<status status="PASS" start="2024-03-28T16:16:16.097549" elapsed="0.000171"/>
</kw>
<kw name="List Should Contain Value" owner="Collections">
<msg time="2024-03-28T16:16:16.098200" level="INFO">False</msg>
<arg>${allowed_titles}</arg>
<arg>${name_title}</arg>
<doc>Fails if the ``value`` is not found from ``list``.</doc>
<status status="PASS" start="2024-03-28T16:16:16.098022" elapsed="0.000221"/>
</kw>
<kw name="Set Variable" owner="BuiltIn">
<msg time="2024-03-28T16:16:16.098911" level="INFO">${name_country} = IN</msg>
<var>${name_country}</var>
<arg>${json_data["results"][0]["nat"]}</arg>
<doc>Returns the given values which can then be assigned to a variables.</doc>
<status status="PASS" start="2024-03-28T16:16:16.098539" elapsed="0.000396"/>
</kw>
<kw name="Create List" owner="BuiltIn">
<msg time="2024-03-28T16:16:16.099832" level="INFO">${list_country} = ['AD', 'AE', 'AF', 'AG', 'AI', 'AL', 'AM', 'AO', 'AQ', 'AR', 'AS', 'AT', 'AU', 'AW', 'AX', 'AZ', 'BA', 'BB', 'BD', 'BE', 'BF', 'BG', 'BH', 'BI', 'BJ', 'BL', 'BM', 'BN', 'BO', 'BQ', 'BR', 'BS', 'BT', '...</msg>
<var>${list_country}</var>
<arg>AD</arg>
<arg>AE</arg>
<arg>AF</arg>
<arg>AG</arg>
<arg>AI</arg>
<arg>AL</arg>
<arg>AM</arg>
<arg>AO</arg>
<arg>AQ</arg>
<arg>AR</arg>
<arg>AS</arg>
<arg>AT</arg>
<arg>AU</arg>
<arg>AW</arg>
<arg>AX</arg>
<arg>AZ</arg>
<arg>BA</arg>
<arg>BB</arg>
<arg>BD</arg>
<arg>BE</arg>
<arg>BF</arg>
<arg>BG</arg>
<arg>BH</arg>
<arg>BI</arg>
<arg>BJ</arg>
<arg>BL</arg>
<arg>BM</arg>
<arg>BN</arg>
<arg>BO</arg>
<arg>BQ</arg>
<arg>BR</arg>
<arg>BS</arg>
<arg>BT</arg>
<arg>BV</arg>
<arg>BW</arg>
<arg>BY</arg>
<arg>BZ</arg>
<arg>CA</arg>
<arg>CC</arg>
<arg>CD</arg>
<arg>CF</arg>
<arg>CG</arg>
<arg>CH</arg>
<arg>CI</arg>
<arg>CK</arg>
<arg>CL</arg>
<arg>CM</arg>
<arg>CN</arg>
<arg>CO</arg>
<arg>CR</arg>
<arg>CU</arg>
<arg>CV</arg>
<arg>CW</arg>
<arg>CX</arg>
<arg>CY</arg>
<arg>CZ</arg>
<arg>DE</arg>
<arg>DJ</arg>
<arg>DK</arg>
<arg>DM</arg>
<arg>DO</arg>
<arg>DZ</arg>
<arg>EC</arg>
<arg>EE</arg>
<arg>EG</arg>
<arg>EH</arg>
<arg>ER</arg>
<arg>ES</arg>
<arg>ET</arg>
<arg>FI</arg>
<arg>FJ</arg>
<arg>FK</arg>
<arg>FM</arg>
<arg>FO</arg>
<arg>FR</arg>
<arg>GA</arg>
<arg>GB</arg>
<arg>GD</arg>
<arg>GE</arg>
<arg>GF</arg>
<arg>GG</arg>
<arg>GH</arg>
<arg>GI</arg>
<arg>GL</arg>
<arg>GM</arg>
<arg>GN</arg>
<arg>GP</arg>
<arg>GQ</arg>
<arg>GR</arg>
<arg>GS</arg>
<arg>GT</arg>
<arg>GU</arg>
<arg>GW</arg>
<arg>GY</arg>
<arg>HK</arg>
<arg>HM</arg>
<arg>HN</arg>
<arg>HR</arg>
<arg>HT</arg>
<arg>HU</arg>
<arg>ID</arg>
<arg>IE</arg>
<arg>IL</arg>
<arg>IM</arg>
<arg>IN</arg>
<arg>IO</arg>
<arg>IQ</arg>
<arg>IR</arg>
<arg>IS</arg>
<arg>IT</arg>
<arg>JE</arg>
<arg>JM</arg>
<arg>JO</arg>
<arg>JP</arg>
<arg>KE</arg>
<arg>KG</arg>
<arg>KH</arg>
<arg>KI</arg>
<arg>KM</arg>
<arg>KN</arg>
<arg>KP</arg>
<arg>KR</arg>
<arg>KW</arg>
<arg>KY</arg>
<arg>KZ</arg>
<arg>LA</arg>
<arg>LB</arg>
<arg>LC</arg>
<arg>LI</arg>
<arg>LK</arg>
<arg>LR</arg>
<arg>LS</arg>
<arg>LT</arg>
<arg>LU</arg>
<arg>LV</arg>
<arg>LY</arg>
<arg>MA</arg>
<arg>MC</arg>
<arg>MD</arg>
<arg>ME</arg>
<arg>MF</arg>
<arg>MG</arg>
<arg>MH</arg>
<arg>MK</arg>
<arg>ML</arg>
<arg>MM</arg>
<arg>MN</arg>
<arg>MO</arg>
<arg>MP</arg>
<arg>MQ</arg>
<arg>MR</arg>
<arg>MS</arg>
<arg>MT</arg>
<arg>MU</arg>
<arg>MV</arg>
<arg>MW</arg>
<arg>MX</arg>
<arg>MY</arg>
<arg>MZ</arg>
<arg>NA</arg>
<arg>NC</arg>
<arg>NE</arg>
<arg>NF</arg>
<arg>NG</arg>
<arg>NI</arg>
<arg>NL</arg>
<arg>NO</arg>
<arg>NP</arg>
<arg>NR</arg>
<arg>NU</arg>
<arg>NZ</arg>
<arg>OM</arg>
<arg>PA</arg>
<arg>PE</arg>
<arg>PF</arg>
<arg>PG</arg>
<arg>PH</arg>
<arg>PK</arg>
<arg>PL</arg>
<arg>PM</arg>
<arg>PN</arg>
<arg>PR</arg>
<arg>PS</arg>
<arg>PT</arg>
<arg>PW</arg>
<arg>PY</arg>
<arg>QA</arg>
<arg>RE</arg>
<arg>RO</arg>
<arg>RS</arg>
<arg>RU</arg>
<arg>RW</arg>
<arg>SA</arg>
<arg>SB</arg>
<arg>SC</arg>
<arg>SD</arg>
<arg>SE</arg>
<arg>SG</arg>
<arg>SH</arg>
<arg>SI</arg>
<arg>SJ</arg>
<arg>SK</arg>
<arg>SL</arg>
<arg>SM</arg>
<arg>SN</arg>
<arg>SO</arg>
<arg>SR</arg>
<arg>SS</arg>
<arg>ST</arg>
<arg>SV</arg>
<arg>SX</arg>
<arg>SY</arg>
<arg>SZ</arg>
<arg>TC</arg>
<arg>TD</arg>
<arg>TF</arg>
<arg>TG</arg>
<arg>TH</arg>
<arg>TJ</arg>
<arg>TK</arg>
<arg>TL</arg>
<arg>TM</arg>
<arg>TN</arg>
<arg>TO</arg>
<arg>TR</arg>
<arg>TT</arg>
<arg>TV</arg>
<arg>TW</arg>
<arg>TZ</arg>
<arg>UA</arg>
<arg>UG</arg>
<arg>UM</arg>
<arg>US</arg>
<arg>UY</arg>
<arg>UZ</arg>
<arg>VA</arg>
<arg>VC</arg>
<arg>VE</arg>
<arg>VG</arg>
<arg>VI</arg>
<arg>VN</arg>
<arg>VU</arg>
<arg>WF</arg>
<arg>WS</arg>
<arg>XK</arg>
<arg>YE</arg>
<arg>YT</arg>
<arg>ZA</arg>
<arg>ZM</arg>
<arg>ZW</arg>
<doc>Returns a list containing given items.</doc>
<status status="PASS" start="2024-03-28T16:16:16.099235" elapsed="0.000622"/>
</kw>
<kw name="List Should Contain Value" owner="Collections">
<msg time="2024-03-28T16:16:16.101015" level="INFO">False</msg>
<arg>${list_country}</arg>
<arg>${name_country}</arg>
<doc>Fails if the ``value`` is not found from ``list``.</doc>
<status status="PASS" start="2024-03-28T16:16:16.100811" elapsed="0.000242"/>
</kw>
<kw name="Run Keyword If" owner="BuiltIn">
<kw name="Should Be True" owner="BuiltIn">
<arg>${True}</arg>
<doc>Fails if the given condition is not true.</doc>
<status status="PASS" start="2024-03-28T16:16:16.102128" elapsed="0.000147"/>
</kw>
<arg>${json_data["results"][0]["location"]["coordinates"]["latitude"]} &gt;= -90 and ${json_data["results"][0]["location"]["coordinates"]["latitude"]} &lt;= 90</arg>
<arg>Should Be True</arg>
<arg>${True}</arg>
<doc>Runs the given keyword with the given arguments, if ``condition`` is true.</doc>
<status status="PASS" start="2024-03-28T16:16:16.101365" elapsed="0.001038"/>
</kw>
<kw name="Run Keyword If" owner="BuiltIn">
<kw name="Should Be True" owner="BuiltIn">
<arg>${True}</arg>
<doc>Fails if the given condition is not true.</doc>
<status status="PASS" start="2024-03-28T16:16:16.103297" elapsed="0.000139"/>
</kw>
<arg>${json_data["results"][0]["location"]["coordinates"]["longitude"]} &gt;= -180 and ${json_data["results"][0]["location"]["coordinates"]["longitude"]} &lt;= 180</arg>
<arg>Should Be True</arg>
<arg>${True}</arg>
<doc>Runs the given keyword with the given arguments, if ``condition`` is true.</doc>
<status status="PASS" start="2024-03-28T16:16:16.102587" elapsed="0.000974"/>
</kw>
<status status="PASS" start="2024-03-28T16:16:16.015688" elapsed="0.088011"/>
</kw>
<doc>Testa o conteúdo específico dos campos retornados pela API.</doc>
<tag>testeConteudo</tag>
<status status="PASS" start="2024-03-28T16:16:16.015139" elapsed="0.088716"/>
</test>
<status status="PASS" start="2024-03-28T16:16:15.080166" elapsed="1.025745"/>
</suite>
<status status="PASS" start="2024-03-28T16:16:15.066367" elapsed="1.045116"/>
</suite>
<statistics>
<total>
<stat pass="5" fail="0" skip="0">All Tests</stat>
</total>
<tag>
<stat pass="1" fail="0" skip="0">testeConteudo</stat>
<stat pass="1" fail="0" skip="0">testeEstruturaResposta</stat>
<stat pass="1" fail="0" skip="0">testeRequisicaoBasica</stat>
<stat pass="1" fail="0" skip="0">testeTiposDados</stat>
</tag>
<suite>
<stat pass="5" fail="0" skip="0" id="s1" name="Tests">Tests</stat>
<stat pass="5" fail="0" skip="0" id="s1-s1" name="Random-User-Test">Tests.Random-User-Test</stat>
</suite>
</statistics>
<errors>
</errors>
</robot>
