<?xml version="1.0" encoding="UTF-8"?>
<robot generator="Robot 7.0.1 (Python 3.12.4 on linux)" generated="2024-08-06T17:15:06.323996" rpa="false" schemaversion="5">
<suite id="s1" name="Tests" source="/home/runner/work/ApiRandomUser/ApiRandomUser/RamdonUser/tests">
<suite id="s1-s1" name="Random-User-Test" source="/home/runner/work/ApiRandomUser/ApiRandomUser/RamdonUser/tests/random-user-test.robot">
<test id="s1-s1-t1" name="Conectar" line="13">
<kw name="Conectar API" owner="random-user-service">
<kw name="Create Session" owner="RequestsLibrary">
<msg time="2024-08-06T17:15:06.718891" level="INFO">Creating Session using : alias=consultarAPI, url=https://randomuser.me/, headers={},                     cookies={}, auth=None, timeout=None, proxies=None, verify=False,                     debug=0 </msg>
<arg>consultarAPI</arg>
<arg>${URL}</arg>
<doc>Create Session: create a HTTP session to a server</doc>
<status status="PASS" start="2024-08-06T17:15:06.718672" elapsed="0.000390"/>
</kw>
<status status="PASS" start="2024-08-06T17:15:06.717639" elapsed="0.001775"/>
</kw>
<status status="PASS" start="2024-08-06T17:15:06.717041" elapsed="0.002577"/>
</test>
<test id="s1-s1-t2" name="Validar retorno 200 e JSON Válido" line="16">
<kw name="Teste de Requisicao Basica" owner="random-user-service">
<kw name="GET On Session" owner="RequestsLibrary">
<msg time="2024-08-06T17:15:06.954467" level="INFO">GET Request : url=https://randomuser.me/api 
 path_url=/api 
 headers={'User-Agent': 'python-requests/2.32.3', 'Accept-Encoding': 'gzip, deflate', 'Accept': '*/*', 'Connection': 'keep-alive'} 
 body=None 
 </msg>
<msg time="2024-08-06T17:15:06.954607" level="INFO">GET Response : url=https://randomuser.me/api 
 status=200, reason=OK 
 headers={'Date': 'Tue, 06 Aug 2024 17:15:06 GMT', 'Content-Type': 'application/json; charset=utf-8', 'Transfer-Encoding': 'chunked', 'Connection': 'keep-alive', 'X-Powered-By': 'Express', 'Access-Control-Allow-Origin': '*', 'Cache-Control': 'no-cache', 'ETag': 'W/"481-yr6M9G0MjgXAUJf7RH+welyb7Pw"', 'Vary': 'Accept-Encoding', 'Content-Encoding': 'gzip', 'CF-Cache-Status': 'DYNAMIC', 'Report-To': '{"endpoints":[{"url":"https:\\/\\/a.nel.cloudflare.com\\/report\\/v4?s=23r5yKoJzrbXRgZf63xo%2BB3I5L2wXjbj9Z3GAV9CYlqXz5Lnfxmu9KTFziZBCprLTGaQNTNgDmEts3C4aFBUqXpNdEM%2F4EDJQ3wABdiowfBJzUYF2DdUn1jZiOogJ%2FQB"}],"group":"cf-nel","max_age":604800}', 'NEL': '{"success_fraction":0,"report_to":"cf-nel","max_age":604800}', 'Server': 'cloudflare', 'CF-RAY': '8af0aac82c4238ff-IAD', 'alt-svc': 'h3=":443"; ma=86400'} 
 body={"results":[{"gender":"male","name":{"title":"Mr","first":"Mark","last":"Willis"},"location":{"street":{"number":9908,"name":"Victoria Road"},"city":"Roscrea","state":"Galway City","country":"Ireland","postcode":87359,"coordinates":{"latitude":"3.3717","longitude":"-179.9640"},"timezone":{"offset":"-8:00","description":"Pacific Time (US &amp; Canada)"}},"email":"mark.willis@example.com","login":{"uuid":"af2fec5d-5aff-47ba-96e1-a6d76cd486ac","username":"tinybutterfly697","password":"golden1","salt":"uO87ESNK","md5":"09407f465a29c9291a465f28c3c7c34c","sha1":"7e5e2a10bcecf3d53da87c24d132f8e9b4b6545a","sha256":"472d70763659c4e726ab83f5e06436a9a1a6d97eac562c59ad57e7aa342e1c69"},"dob":{"date":"1966-03-22T08:26:19.267Z","age":58},"registered":{"date":"2019-10-30T01:05:11.187Z","age":4},"phone":"031-782-5467","cell":"081-146-7009","id":{"name":"PPS","value":"5836031T"},"picture":{"large":"https://randomuser.me/api/portraits/men/46.jpg","medium":"https://randomuser.me/api/portraits/med/men/46.jpg","thumbnail":"https://randomuser.me/api/portraits/thumb/men/46.jpg"},"nat":"IE"}],"info":{"seed":"112729c81566335d","results":1,"page":1,"version":"1.4"}} 
 </msg>
<msg time="2024-08-06T17:15:06.954688" level="INFO">/opt/hostedtoolcache/Python/3.12.4/x64/lib/python3.12/site-packages/urllib3/connectionpool.py:1099: InsecureRequestWarning: Unverified HTTPS request is being made to host 'randomuser.me'. Adding certificate verification is strongly advised. See: https://urllib3.readthedocs.io/en/latest/advanced-usage.html#tls-warnings
  warnings.warn(</msg>
<msg time="2024-08-06T17:15:06.954831" level="INFO">${response} = &lt;Response [200]&gt;</msg>
<var>${response}</var>
<arg>consultarAPI</arg>
<arg>/api</arg>
<doc>Sends a GET request on a previously created HTTP Session.</doc>
<status status="PASS" start="2024-08-06T17:15:06.722273" elapsed="0.232599"/>
</kw>
<kw name="Should Be Equal As Numbers" owner="BuiltIn">
<msg time="2024-08-06T17:15:06.955995" level="INFO">Argument types are:
&lt;class 'int'&gt;
&lt;class 'str'&gt;</msg>
<arg>${response.status_code}</arg>
<arg>200</arg>
<doc>Fails if objects are unequal after converting them to real numbers.</doc>
<status status="PASS" start="2024-08-06T17:15:06.955485" elapsed="0.000579"/>
</kw>
<kw name="Log" owner="BuiltIn">
<msg time="2024-08-06T17:15:06.956766" level="INFO">200</msg>
<arg>${response.status_code}</arg>
<doc>Logs the given message with the given level.</doc>
<status status="PASS" start="2024-08-06T17:15:06.956410" elapsed="0.000399"/>
</kw>
<kw name="Set Variable" owner="BuiltIn">
<msg time="2024-08-06T17:15:06.957557" level="INFO">${json_data} = {'results': [{'gender': 'male', 'name': {'title': 'Mr', 'first': 'Mark', 'last': 'Willis'}, 'location': {'street': {'number': 9908, 'name': 'Victoria Road'}, 'city': 'Roscrea', 'state': 'Galway City',...</msg>
<var>${json_data}</var>
<arg>${response.json()}</arg>
<doc>Returns the given values which can then be assigned to a variables.</doc>
<status status="PASS" start="2024-08-06T17:15:06.957121" elapsed="0.000467"/>
</kw>
<kw name="Dictionary Should Contain Key" owner="Collections">
<arg>${json_data}</arg>
<arg>results</arg>
<doc>Fails if ``key`` is not found from ``dictionary``.</doc>
<status status="PASS" start="2024-08-06T17:15:06.957938" elapsed="0.000327"/>
</kw>
<status status="PASS" start="2024-08-06T17:15:06.722025" elapsed="0.236395"/>
</kw>
<doc>Testa se a API responde corretamente e retorna um objeto JSON válido.</doc>
<tag>testeRequisicaoBasica</tag>
<status status="PASS" start="2024-08-06T17:15:06.721476" elapsed="0.237120"/>
</test>
<test id="s1-s1-t3" name="Validar estrutura de resposta" line="22">
<kw name="Teste de Estrutura de Resposta" owner="random-user-service">
<kw name="GET On Session" owner="RequestsLibrary">
<msg time="2024-08-06T17:15:07.055738" level="INFO">GET Request : url=https://randomuser.me/api 
 path_url=/api 
 headers={'User-Agent': 'python-requests/2.32.3', 'Accept-Encoding': 'gzip, deflate', 'Accept': '*/*', 'Connection': 'keep-alive'} 
 body=None 
 </msg>
<msg time="2024-08-06T17:15:07.055827" level="INFO">GET Response : url=https://randomuser.me/api 
 status=200, reason=OK 
 headers={'Date': 'Tue, 06 Aug 2024 17:15:07 GMT', 'Content-Type': 'application/json; charset=utf-8', 'Transfer-Encoding': 'chunked', 'Connection': 'keep-alive', 'X-Powered-By': 'Express', 'Access-Control-Allow-Origin': '*', 'Cache-Control': 'no-cache', 'ETag': 'W/"4ad-Q0QFEA2wDoiikWMr4WtNz28HJog"', 'Vary': 'Accept-Encoding', 'Content-Encoding': 'gzip', 'CF-Cache-Status': 'DYNAMIC', 'Report-To': '{"endpoints":[{"url":"https:\\/\\/a.nel.cloudflare.com\\/report\\/v4?s=tSYIBr5BNZcd%2Fxgc71RfULaPzzowxM8jSJFcV%2FJENogaL0InR65Dzm5qgpgZA9mAB4WWVguaKEB4KQDrBd4GYPRFLznt0EZnmXVANOCGchgXLwMYzJLD11qlxLPzKvzp"}],"group":"cf-nel","max_age":604800}', 'NEL': '{"success_fraction":0,"report_to":"cf-nel","max_age":604800}', 'Server': 'cloudflare', 'CF-RAY': '8af0aac88cab38ff-IAD', 'alt-svc': 'h3=":443"; ma=86400'} 
 body={"results":[{"gender":"female","name":{"title":"Madame","first":"Sylvia","last":"Brun"},"location":{"street":{"number":2890,"name":"Avenue Debrousse"},"city":"Brione sopra Minusio","state":"Glarus","country":"Switzerland","postcode":1332,"coordinates":{"latitude":"-63.8333","longitude":"75.5062"},"timezone":{"offset":"+1:00","description":"Brussels, Copenhagen, Madrid, Paris"}},"email":"sylvia.brun@example.com","login":{"uuid":"e1074025-8396-4d26-ad23-864698045208","username":"brownleopard479","password":"benny1","salt":"nLx1kyy1","md5":"71148fda4f59ef817c32496460856525","sha1":"40f360cdf99a536fc9f406f7b8dd5de2dfad3e01","sha256":"75b450822b31294e037edded76eba1b267292079d59a33a2c8f3b01613b9c9c9"},"dob":{"date":"1961-05-08T11:49:07.751Z","age":63},"registered":{"date":"2010-01-08T02:55:34.732Z","age":14},"phone":"076 310 56 95","cell":"076 581 90 48","id":{"name":"AVS","value":"756.9524.5574.21"},"picture":{"large":"https://randomuser.me/api/portraits/women/56.jpg","medium":"https://randomuser.me/api/portraits/med/women/56.jpg","thumbnail":"https://randomuser.me/api/portraits/thumb/women/56.jpg"},"nat":"CH"}],"info":{"seed":"bef551a4e8761cd9","results":1,"page":1,"version":"1.4"}} 
 </msg>
<msg time="2024-08-06T17:15:07.055959" level="INFO">/opt/hostedtoolcache/Python/3.12.4/x64/lib/python3.12/site-packages/urllib3/connectionpool.py:1099: InsecureRequestWarning: Unverified HTTPS request is being made to host 'randomuser.me'. Adding certificate verification is strongly advised. See: https://urllib3.readthedocs.io/en/latest/advanced-usage.html#tls-warnings
  warnings.warn(</msg>
<msg time="2024-08-06T17:15:07.056097" level="INFO">${response} = &lt;Response [200]&gt;</msg>
<var>${response}</var>
<arg>consultarAPI</arg>
<arg>/api</arg>
<doc>Sends a GET request on a previously created HTTP Session.</doc>
<status status="PASS" start="2024-08-06T17:15:06.961277" elapsed="0.094876"/>
</kw>
<kw name="Set Variable" owner="BuiltIn">
<msg time="2024-08-06T17:15:07.057281" level="INFO">${json_data} = {'results': [{'gender': 'female', 'name': {'title': 'Madame', 'first': 'Sylvia', 'last': 'Brun'}, 'location': {'street': {'number': 2890, 'name': 'Avenue Debrousse'}, 'city': 'Brione sopra Minusio', '...</msg>
<var>${json_data}</var>
<arg>${response.json()}</arg>
<doc>Returns the given values which can then be assigned to a variables.</doc>
<status status="PASS" start="2024-08-06T17:15:07.056700" elapsed="0.000610"/>
</kw>
<kw name="Log" owner="BuiltIn">
<msg time="2024-08-06T17:15:07.057812" level="INFO">{'results': [{'gender': 'female', 'name': {'title': 'Madame', 'first': 'Sylvia', 'last': 'Brun'}, 'location': {'street': {'number': 2890, 'name': 'Avenue Debrousse'}, 'city': 'Brione sopra Minusio', 'state': 'Glarus', 'country': 'Switzerland', 'postcode': 1332, 'coordinates': {'latitude': '-63.8333', 'longitude': '75.5062'}, 'timezone': {'offset': '+1:00', 'description': 'Brussels, Copenhagen, Madrid, Paris'}}, 'email': 'sylvia.brun@example.com', 'login': {'uuid': 'e1074025-8396-4d26-ad23-864698045208', 'username': 'brownleopard479', 'password': 'benny1', 'salt': 'nLx1kyy1', 'md5': '71148fda4f59ef817c32496460856525', 'sha1': '40f360cdf99a536fc9f406f7b8dd5de2dfad3e01', 'sha256': '75b450822b31294e037edded76eba1b267292079d59a33a2c8f3b01613b9c9c9'}, 'dob': {'date': '1961-05-08T11:49:07.751Z', 'age': 63}, 'registered': {'date': '2010-01-08T02:55:34.732Z', 'age': 14}, 'phone': '076 310 56 95', 'cell': '076 581 90 48', 'id': {'name': 'AVS', 'value': '756.9524.5574.21'}, 'picture': {'large': 'https://randomuser.me/api/portraits/women/56.jpg', 'medium': 'https://randomuser.me/api/portraits/med/women/56.jpg', 'thumbnail': 'https://randomuser.me/api/portraits/thumb/women/56.jpg'}, 'nat': 'CH'}], 'info': {'seed': 'bef551a4e8761cd9', 'results': 1, 'page': 1, 'version': '1.4'}}</msg>
<arg>${json_data}</arg>
<doc>Logs the given message with the given level.</doc>
<status status="PASS" start="2024-08-06T17:15:07.057613" elapsed="0.000246"/>
</kw>
<kw name="Dictionary Should Contain Key" owner="Collections">
<arg>${json_data}</arg>
<arg>results</arg>
<doc>Fails if ``key`` is not found from ``dictionary``.</doc>
<status status="PASS" start="2024-08-06T17:15:07.058150" elapsed="0.000163"/>
</kw>
<kw name="Should Not Be Empty" owner="BuiltIn">
<msg time="2024-08-06T17:15:07.058617" level="INFO">Length is 2.</msg>
<arg>${json_data}</arg>
<doc>Verifies that the given item is not empty.</doc>
<status status="PASS" start="2024-08-06T17:15:07.058494" elapsed="0.000160"/>
</kw>
<kw name="Create List" owner="BuiltIn">
<msg time="2024-08-06T17:15:07.059087" level="INFO">${expected_keys} = ['gender', 'name', 'location', 'email', 'login']</msg>
<var>${expected_keys}</var>
<arg>gender</arg>
<arg>name</arg>
<arg>location</arg>
<arg>email</arg>
<arg>login</arg>
<doc>Returns a list containing given items.</doc>
<status status="PASS" start="2024-08-06T17:15:07.058935" elapsed="0.000176"/>
</kw>
<for flavor="IN">
<iter>
<kw name="Dictionary Should Contain Key" owner="Collections">
<arg>${json_data['results'][0]}</arg>
<arg>${key}</arg>
<doc>Fails if ``key`` is not found from ``dictionary``.</doc>
<status status="PASS" start="2024-08-06T17:15:07.059673" elapsed="0.000399"/>
</kw>
<kw name="Log" owner="BuiltIn">
<msg time="2024-08-06T17:15:07.060617" level="INFO">{'gender': 'female', 'name': {'title': 'Madame', 'first': 'Sylvia', 'last': 'Brun'}, 'location': {'street': {'number': 2890, 'name': 'Avenue Debrousse'}, 'city': 'Brione sopra Minusio', 'state': 'Glarus', 'country': 'Switzerland', 'postcode': 1332, 'coordinates': {'latitude': '-63.8333', 'longitude': '75.5062'}, 'timezone': {'offset': '+1:00', 'description': 'Brussels, Copenhagen, Madrid, Paris'}}, 'email': 'sylvia.brun@example.com', 'login': {'uuid': 'e1074025-8396-4d26-ad23-864698045208', 'username': 'brownleopard479', 'password': 'benny1', 'salt': 'nLx1kyy1', 'md5': '71148fda4f59ef817c32496460856525', 'sha1': '40f360cdf99a536fc9f406f7b8dd5de2dfad3e01', 'sha256': '75b450822b31294e037edded76eba1b267292079d59a33a2c8f3b01613b9c9c9'}, 'dob': {'date': '1961-05-08T11:49:07.751Z', 'age': 63}, 'registered': {'date': '2010-01-08T02:55:34.732Z', 'age': 14}, 'phone': '076 310 56 95', 'cell': '076 581 90 48', 'id': {'name': 'AVS', 'value': '756.9524.5574.21'}, 'picture': {'large': 'https://randomuser.me/api/portraits/women/56.jpg', 'medium': 'https://randomuser.me/api/portraits/med/women/56.jpg', 'thumbnail': 'https://randomuser.me/api/portraits/thumb/women/56.jpg'}, 'nat': 'CH'}</msg>
<arg>${json_data['results'][0]}</arg>
<doc>Logs the given message with the given level.</doc>
<status status="PASS" start="2024-08-06T17:15:07.060261" elapsed="0.000405"/>
</kw>
<kw name="Log" owner="BuiltIn">
<msg time="2024-08-06T17:15:07.061086" level="INFO">gender</msg>
<arg>${key}</arg>
<doc>Logs the given message with the given level.</doc>
<status status="PASS" start="2024-08-06T17:15:07.060957" elapsed="0.000168"/>
</kw>
<var name="${key}">gender</var>
<status status="PASS" start="2024-08-06T17:15:07.059552" elapsed="0.001790"/>
</iter>
<iter>
<kw name="Dictionary Should Contain Key" owner="Collections">
<arg>${json_data['results'][0]}</arg>
<arg>${key}</arg>
<doc>Fails if ``key`` is not found from ``dictionary``.</doc>
<status status="PASS" start="2024-08-06T17:15:07.061635" elapsed="0.000431"/>
</kw>
<kw name="Log" owner="BuiltIn">
<msg time="2024-08-06T17:15:07.062640" level="INFO">{'gender': 'female', 'name': {'title': 'Madame', 'first': 'Sylvia', 'last': 'Brun'}, 'location': {'street': {'number': 2890, 'name': 'Avenue Debrousse'}, 'city': 'Brione sopra Minusio', 'state': 'Glarus', 'country': 'Switzerland', 'postcode': 1332, 'coordinates': {'latitude': '-63.8333', 'longitude': '75.5062'}, 'timezone': {'offset': '+1:00', 'description': 'Brussels, Copenhagen, Madrid, Paris'}}, 'email': 'sylvia.brun@example.com', 'login': {'uuid': 'e1074025-8396-4d26-ad23-864698045208', 'username': 'brownleopard479', 'password': 'benny1', 'salt': 'nLx1kyy1', 'md5': '71148fda4f59ef817c32496460856525', 'sha1': '40f360cdf99a536fc9f406f7b8dd5de2dfad3e01', 'sha256': '75b450822b31294e037edded76eba1b267292079d59a33a2c8f3b01613b9c9c9'}, 'dob': {'date': '1961-05-08T11:49:07.751Z', 'age': 63}, 'registered': {'date': '2010-01-08T02:55:34.732Z', 'age': 14}, 'phone': '076 310 56 95', 'cell': '076 581 90 48', 'id': {'name': 'AVS', 'value': '756.9524.5574.21'}, 'picture': {'large': 'https://randomuser.me/api/portraits/women/56.jpg', 'medium': 'https://randomuser.me/api/portraits/med/women/56.jpg', 'thumbnail': 'https://randomuser.me/api/portraits/thumb/women/56.jpg'}, 'nat': 'CH'}</msg>
<arg>${json_data['results'][0]}</arg>
<doc>Logs the given message with the given level.</doc>
<status status="PASS" start="2024-08-06T17:15:07.062284" elapsed="0.000415"/>
</kw>
<kw name="Log" owner="BuiltIn">
<msg time="2024-08-06T17:15:07.063125" level="INFO">name</msg>
<arg>${key}</arg>
<doc>Logs the given message with the given level.</doc>
<status status="PASS" start="2024-08-06T17:15:07.062996" elapsed="0.000173"/>
</kw>
<var name="${key}">name</var>
<status status="PASS" start="2024-08-06T17:15:07.061524" elapsed="0.001863"/>
</iter>
<iter>
<kw name="Dictionary Should Contain Key" owner="Collections">
<arg>${json_data['results'][0]}</arg>
<arg>${key}</arg>
<doc>Fails if ``key`` is not found from ``dictionary``.</doc>
<status status="PASS" start="2024-08-06T17:15:07.063672" elapsed="0.000384"/>
</kw>
<kw name="Log" owner="BuiltIn">
<msg time="2024-08-06T17:15:07.064581" level="INFO">{'gender': 'female', 'name': {'title': 'Madame', 'first': 'Sylvia', 'last': 'Brun'}, 'location': {'street': {'number': 2890, 'name': 'Avenue Debrousse'}, 'city': 'Brione sopra Minusio', 'state': 'Glarus', 'country': 'Switzerland', 'postcode': 1332, 'coordinates': {'latitude': '-63.8333', 'longitude': '75.5062'}, 'timezone': {'offset': '+1:00', 'description': 'Brussels, Copenhagen, Madrid, Paris'}}, 'email': 'sylvia.brun@example.com', 'login': {'uuid': 'e1074025-8396-4d26-ad23-864698045208', 'username': 'brownleopard479', 'password': 'benny1', 'salt': 'nLx1kyy1', 'md5': '71148fda4f59ef817c32496460856525', 'sha1': '40f360cdf99a536fc9f406f7b8dd5de2dfad3e01', 'sha256': '75b450822b31294e037edded76eba1b267292079d59a33a2c8f3b01613b9c9c9'}, 'dob': {'date': '1961-05-08T11:49:07.751Z', 'age': 63}, 'registered': {'date': '2010-01-08T02:55:34.732Z', 'age': 14}, 'phone': '076 310 56 95', 'cell': '076 581 90 48', 'id': {'name': 'AVS', 'value': '756.9524.5574.21'}, 'picture': {'large': 'https://randomuser.me/api/portraits/women/56.jpg', 'medium': 'https://randomuser.me/api/portraits/med/women/56.jpg', 'thumbnail': 'https://randomuser.me/api/portraits/thumb/women/56.jpg'}, 'nat': 'CH'}</msg>
<arg>${json_data['results'][0]}</arg>
<doc>Logs the given message with the given level.</doc>
<status status="PASS" start="2024-08-06T17:15:07.064239" elapsed="0.000390"/>
</kw>
<kw name="Log" owner="BuiltIn">
<msg time="2024-08-06T17:15:07.065050" level="INFO">location</msg>
<arg>${key}</arg>
<doc>Logs the given message with the given level.</doc>
<status status="PASS" start="2024-08-06T17:15:07.064922" elapsed="0.000165"/>
</kw>
<var name="${key}">location</var>
<status status="PASS" start="2024-08-06T17:15:07.063564" elapsed="0.001736"/>
</iter>
<iter>
<kw name="Dictionary Should Contain Key" owner="Collections">
<arg>${json_data['results'][0]}</arg>
<arg>${key}</arg>
<doc>Fails if ``key`` is not found from ``dictionary``.</doc>
<status status="PASS" start="2024-08-06T17:15:07.065578" elapsed="0.000421"/>
</kw>
<kw name="Log" owner="BuiltIn">
<msg time="2024-08-06T17:15:07.066646" level="INFO">{'gender': 'female', 'name': {'title': 'Madame', 'first': 'Sylvia', 'last': 'Brun'}, 'location': {'street': {'number': 2890, 'name': 'Avenue Debrousse'}, 'city': 'Brione sopra Minusio', 'state': 'Glarus', 'country': 'Switzerland', 'postcode': 1332, 'coordinates': {'latitude': '-63.8333', 'longitude': '75.5062'}, 'timezone': {'offset': '+1:00', 'description': 'Brussels, Copenhagen, Madrid, Paris'}}, 'email': 'sylvia.brun@example.com', 'login': {'uuid': 'e1074025-8396-4d26-ad23-864698045208', 'username': 'brownleopard479', 'password': 'benny1', 'salt': 'nLx1kyy1', 'md5': '71148fda4f59ef817c32496460856525', 'sha1': '40f360cdf99a536fc9f406f7b8dd5de2dfad3e01', 'sha256': '75b450822b31294e037edded76eba1b267292079d59a33a2c8f3b01613b9c9c9'}, 'dob': {'date': '1961-05-08T11:49:07.751Z', 'age': 63}, 'registered': {'date': '2010-01-08T02:55:34.732Z', 'age': 14}, 'phone': '076 310 56 95', 'cell': '076 581 90 48', 'id': {'name': 'AVS', 'value': '756.9524.5574.21'}, 'picture': {'large': 'https://randomuser.me/api/portraits/women/56.jpg', 'medium': 'https://randomuser.me/api/portraits/med/women/56.jpg', 'thumbnail': 'https://randomuser.me/api/portraits/thumb/women/56.jpg'}, 'nat': 'CH'}</msg>
<arg>${json_data['results'][0]}</arg>
<doc>Logs the given message with the given level.</doc>
<status status="PASS" start="2024-08-06T17:15:07.066294" elapsed="0.000400"/>
</kw>
<kw name="Log" owner="BuiltIn">
<msg time="2024-08-06T17:15:07.067117" level="INFO">email</msg>
<arg>${key}</arg>
<doc>Logs the given message with the given level.</doc>
<status status="PASS" start="2024-08-06T17:15:07.066988" elapsed="0.000168"/>
</kw>
<var name="${key}">email</var>
<status status="PASS" start="2024-08-06T17:15:07.065471" elapsed="0.001897"/>
</iter>
<iter>
<kw name="Dictionary Should Contain Key" owner="Collections">
<arg>${json_data['results'][0]}</arg>
<arg>${key}</arg>
<doc>Fails if ``key`` is not found from ``dictionary``.</doc>
<status status="PASS" start="2024-08-06T17:15:07.067650" elapsed="0.000373"/>
</kw>
<kw name="Log" owner="BuiltIn">
<msg time="2024-08-06T17:15:07.068542" level="INFO">{'gender': 'female', 'name': {'title': 'Madame', 'first': 'Sylvia', 'last': 'Brun'}, 'location': {'street': {'number': 2890, 'name': 'Avenue Debrousse'}, 'city': 'Brione sopra Minusio', 'state': 'Glarus', 'country': 'Switzerland', 'postcode': 1332, 'coordinates': {'latitude': '-63.8333', 'longitude': '75.5062'}, 'timezone': {'offset': '+1:00', 'description': 'Brussels, Copenhagen, Madrid, Paris'}}, 'email': 'sylvia.brun@example.com', 'login': {'uuid': 'e1074025-8396-4d26-ad23-864698045208', 'username': 'brownleopard479', 'password': 'benny1', 'salt': 'nLx1kyy1', 'md5': '71148fda4f59ef817c32496460856525', 'sha1': '40f360cdf99a536fc9f406f7b8dd5de2dfad3e01', 'sha256': '75b450822b31294e037edded76eba1b267292079d59a33a2c8f3b01613b9c9c9'}, 'dob': {'date': '1961-05-08T11:49:07.751Z', 'age': 63}, 'registered': {'date': '2010-01-08T02:55:34.732Z', 'age': 14}, 'phone': '076 310 56 95', 'cell': '076 581 90 48', 'id': {'name': 'AVS', 'value': '756.9524.5574.21'}, 'picture': {'large': 'https://randomuser.me/api/portraits/women/56.jpg', 'medium': 'https://randomuser.me/api/portraits/med/women/56.jpg', 'thumbnail': 'https://randomuser.me/api/portraits/thumb/women/56.jpg'}, 'nat': 'CH'}</msg>
<arg>${json_data['results'][0]}</arg>
<doc>Logs the given message with the given level.</doc>
<status status="PASS" start="2024-08-06T17:15:07.068201" elapsed="0.000390"/>
</kw>
<kw name="Log" owner="BuiltIn">
<msg time="2024-08-06T17:15:07.069002" level="INFO">login</msg>
<arg>${key}</arg>
<doc>Logs the given message with the given level.</doc>
<status status="PASS" start="2024-08-06T17:15:07.068876" elapsed="0.000162"/>
</kw>
<var name="${key}">login</var>
<status status="PASS" start="2024-08-06T17:15:07.067541" elapsed="0.001707"/>
</iter>
<var>${key}</var>
<value>@{expected_keys}</value>
<status status="PASS" start="2024-08-06T17:15:07.059371" elapsed="0.010023"/>
</for>
<kw name="Create List" owner="BuiltIn">
<msg time="2024-08-06T17:15:07.069759" level="INFO">${expected_keysTwo} = ['username', 'password']</msg>
<var>${expected_keysTwo}</var>
<arg>username</arg>
<arg>password</arg>
<doc>Returns a list containing given items.</doc>
<status status="PASS" start="2024-08-06T17:15:07.069590" elapsed="0.000194"/>
</kw>
<for flavor="IN">
<iter>
<kw name="Dictionary Should Contain Key" owner="Collections">
<arg>${json_data['results'][0]['login']}</arg>
<arg>${keyTwo}</arg>
<doc>Fails if ``key`` is not found from ``dictionary``.</doc>
<status status="PASS" start="2024-08-06T17:15:07.070284" elapsed="0.000386"/>
</kw>
<kw name="Dictionary Should Contain Key" owner="Collections">
<arg>${json_data['results'][0]['login']}</arg>
<arg>${keyTwo}</arg>
<doc>Fails if ``key`` is not found from ``dictionary``.</doc>
<status status="PASS" start="2024-08-06T17:15:07.070852" elapsed="0.000374"/>
</kw>
<kw name="Log" owner="BuiltIn">
<msg time="2024-08-06T17:15:07.071527" level="INFO">username</msg>
<arg>${keyTwo}</arg>
<doc>Logs the given message with the given level.</doc>
<status status="PASS" start="2024-08-06T17:15:07.071406" elapsed="0.000158"/>
</kw>
<var name="${keyTwo}">username</var>
<status status="PASS" start="2024-08-06T17:15:07.070176" elapsed="0.001604"/>
</iter>
<iter>
<kw name="Dictionary Should Contain Key" owner="Collections">
<arg>${json_data['results'][0]['login']}</arg>
<arg>${keyTwo}</arg>
<doc>Fails if ``key`` is not found from ``dictionary``.</doc>
<status status="PASS" start="2024-08-06T17:15:07.072055" elapsed="0.000378"/>
</kw>
<kw name="Dictionary Should Contain Key" owner="Collections">
<arg>${json_data['results'][0]['login']}</arg>
<arg>${keyTwo}</arg>
<doc>Fails if ``key`` is not found from ``dictionary``.</doc>
<status status="PASS" start="2024-08-06T17:15:07.072609" elapsed="0.000364"/>
</kw>
<kw name="Log" owner="BuiltIn">
<msg time="2024-08-06T17:15:07.073264" level="INFO">password</msg>
<arg>${keyTwo}</arg>
<doc>Logs the given message with the given level.</doc>
<status status="PASS" start="2024-08-06T17:15:07.073145" elapsed="0.000156"/>
</kw>
<var name="${keyTwo}">password</var>
<status status="PASS" start="2024-08-06T17:15:07.071949" elapsed="0.001570"/>
</iter>
<var>${keyTwo}</var>
<value>@{expected_keysTwo}</value>
<status status="PASS" start="2024-08-06T17:15:07.070025" elapsed="0.003612"/>
</for>
<status status="PASS" start="2024-08-06T17:15:06.961029" elapsed="0.112781"/>
</kw>
<doc>Testa a estrutura da resposta da API.</doc>
<tag>testeEstruturaResposta</tag>
<status status="PASS" start="2024-08-06T17:15:06.960425" elapsed="0.113535"/>
</test>
<test id="s1-s1-t4" name="Validar tipos de dados" line="28">
<kw name="Teste de Tipos de Dados" owner="random-user-service">
<kw name="GET On Session" owner="RequestsLibrary">
<msg time="2024-08-06T17:15:07.182738" level="INFO">GET Request : url=https://randomuser.me/api 
 path_url=/api 
 headers={'User-Agent': 'python-requests/2.32.3', 'Accept-Encoding': 'gzip, deflate', 'Accept': '*/*', 'Connection': 'keep-alive'} 
 body=None 
 </msg>
<msg time="2024-08-06T17:15:07.182801" level="INFO">GET Response : url=https://randomuser.me/api 
 status=200, reason=OK 
 headers={'Date': 'Tue, 06 Aug 2024 17:15:07 GMT', 'Content-Type': 'application/json; charset=utf-8', 'Transfer-Encoding': 'chunked', 'Connection': 'keep-alive', 'X-Powered-By': 'Express', 'Access-Control-Allow-Origin': '*', 'Cache-Control': 'no-cache', 'ETag': 'W/"479-Z9zsIlxiDupWVlT4dhMdmQ1vuY0"', 'Vary': 'Accept-Encoding', 'Content-Encoding': 'gzip', 'CF-Cache-Status': 'DYNAMIC', 'Report-To': '{"endpoints":[{"url":"https:\\/\\/a.nel.cloudflare.com\\/report\\/v4?s=ZGBt0m7nSn8SgZhpA45hM%2Fn%2BYxHp%2BJ1OnBj2Qk1sCFCcRE04yKzQZkrZNnecbW%2Fr4Isq%2Br%2B0OwH2FU%2FPVADzTBSVRcwAI9bly5%2FthhRihvidBeJAOfLeHJGX6parAbdA"}],"group":"cf-nel","max_age":604800}', 'NEL': '{"success_fraction":0,"report_to":"cf-nel","max_age":604800}', 'Server': 'cloudflare', 'CF-RAY': '8af0aac93d8838ff-IAD', 'alt-svc': 'h3=":443"; ma=86400'} 
 body={"results":[{"gender":"female","name":{"title":"Mrs","first":"Sanaa","last":"Buddingh"},"location":{"street":{"number":4979,"name":"Aijerdijk"},"city":"Groessen","state":"Zeeland","country":"Netherlands","postcode":"2818 GS","coordinates":{"latitude":"36.6074","longitude":"41.8075"},"timezone":{"offset":"-10:00","description":"Hawaii"}},"email":"sanaa.buddingh@example.com","login":{"uuid":"d181704e-849a-4139-b13b-d2c8be5439d4","username":"sadswan258","password":"chichi","salt":"sJQgpMEf","md5":"f8de8e348027abfbf1671d984d0f1c47","sha1":"d2912e36b2c7e114dc831f4b49de61d66b0891d8","sha256":"996af3585ceb2b17efa3eec3799ebdd2ea6cc92c13ad10f1bf6e16bb6f749168"},"dob":{"date":"1987-03-26T07:44:23.277Z","age":37},"registered":{"date":"2012-07-05T17:28:17.580Z","age":12},"phone":"(093) 2258245","cell":"(06) 51921975","id":{"name":"BSN","value":"10548645"},"picture":{"large":"https://randomuser.me/api/portraits/women/68.jpg","medium":"https://randomuser.me/api/portraits/med/women/68.jpg","thumbnail":"https://randomuser.me/api/portraits/thumb/women/68.jpg"},"nat":"NL"}],"info":{"seed":"987f348855ef5843","results":1,"page":1,"version":"1.4"}} 
 </msg>
<msg time="2024-08-06T17:15:07.182861" level="INFO">/opt/hostedtoolcache/Python/3.12.4/x64/lib/python3.12/site-packages/urllib3/connectionpool.py:1099: InsecureRequestWarning: Unverified HTTPS request is being made to host 'randomuser.me'. Adding certificate verification is strongly advised. See: https://urllib3.readthedocs.io/en/latest/advanced-usage.html#tls-warnings
  warnings.warn(</msg>
<msg time="2024-08-06T17:15:07.182945" level="INFO">${response} = &lt;Response [200]&gt;</msg>
<var>${response}</var>
<arg>consultarAPI</arg>
<arg>/api</arg>
<doc>Sends a GET request on a previously created HTTP Session.</doc>
<status status="PASS" start="2024-08-06T17:15:07.076438" elapsed="0.106547"/>
</kw>
<kw name="Set Variable" owner="BuiltIn">
<msg time="2024-08-06T17:15:07.184071" level="INFO">${json_data} = {'results': [{'gender': 'female', 'name': {'title': 'Mrs', 'first': 'Sanaa', 'last': 'Buddingh'}, 'location': {'street': {'number': 4979, 'name': 'Aijerdijk'}, 'city': 'Groessen', 'state': 'Zeeland', ...</msg>
<var>${json_data}</var>
<arg>${response.json()}</arg>
<doc>Returns the given values which can then be assigned to a variables.</doc>
<status status="PASS" start="2024-08-06T17:15:07.183466" elapsed="0.000634"/>
</kw>
<kw name="Log" owner="BuiltIn">
<msg time="2024-08-06T17:15:07.184560" level="INFO">{'results': [{'gender': 'female', 'name': {'title': 'Mrs', 'first': 'Sanaa', 'last': 'Buddingh'}, 'location': {'street': {'number': 4979, 'name': 'Aijerdijk'}, 'city': 'Groessen', 'state': 'Zeeland', 'country': 'Netherlands', 'postcode': '2818 GS', 'coordinates': {'latitude': '36.6074', 'longitude': '41.8075'}, 'timezone': {'offset': '-10:00', 'description': 'Hawaii'}}, 'email': 'sanaa.buddingh@example.com', 'login': {'uuid': 'd181704e-849a-4139-b13b-d2c8be5439d4', 'username': 'sadswan258', 'password': 'chichi', 'salt': 'sJQgpMEf', 'md5': 'f8de8e348027abfbf1671d984d0f1c47', 'sha1': 'd2912e36b2c7e114dc831f4b49de61d66b0891d8', 'sha256': '996af3585ceb2b17efa3eec3799ebdd2ea6cc92c13ad10f1bf6e16bb6f749168'}, 'dob': {'date': '1987-03-26T07:44:23.277Z', 'age': 37}, 'registered': {'date': '2012-07-05T17:28:17.580Z', 'age': 12}, 'phone': '(093) 2258245', 'cell': '(06) 51921975', 'id': {'name': 'BSN', 'value': '10548645'}, 'picture': {'large': 'https://randomuser.me/api/portraits/women/68.jpg', 'medium': 'https://randomuser.me/api/portraits/med/women/68.jpg', 'thumbnail': 'https://randomuser.me/api/portraits/thumb/women/68.jpg'}, 'nat': 'NL'}], 'info': {'seed': '987f348855ef5843', 'results': 1, 'page': 1, 'version': '1.4'}}</msg>
<arg>${json_data}</arg>
<doc>Logs the given message with the given level.</doc>
<status status="PASS" start="2024-08-06T17:15:07.184405" elapsed="0.000202"/>
</kw>
<kw name="Should Be String" owner="String">
<arg>${json_data['results'][0]['gender']}</arg>
<doc>Fails if the given ``item`` is not a string.</doc>
<status status="PASS" start="2024-08-06T17:15:07.184895" elapsed="0.000348"/>
</kw>
<kw name="Should Match Regexp" owner="BuiltIn">
<arg>${json_data['results'][0]['email']}</arg>
<arg>^[a-zA-Z0-9._%+-]+@[a-zA-Z0-9.-]+\.[a-zA-Z]{2,}$</arg>
<doc>Fails if ``string`` does not match ``pattern`` as a regular expression.</doc>
<status status="PASS" start="2024-08-06T17:15:07.185462" elapsed="0.000560"/>
</kw>
<kw name="Should Match Regexp" owner="BuiltIn">
<arg>${json_data['results'][0]['dob']['date']}</arg>
<arg>\\d{4}-\\d{2}-\\d{2}T\\d{2}:\\d{2}:\\d{2}\\.\\d{3}Z</arg>
<doc>Fails if ``string`` does not match ``pattern`` as a regular expression.</doc>
<status status="PASS" start="2024-08-06T17:15:07.186218" elapsed="0.000589"/>
</kw>
<kw name="Should Match Regexp" owner="BuiltIn">
<arg>${json_data['results'][0]['registered']['date']}</arg>
<arg>\\d{4}-\\d{2}-\\d{2}T\\d{2}:\\d{2}:\\d{2}\\.\\d{3}Z</arg>
<doc>Fails if ``string`` does not match ``pattern`` as a regular expression.</doc>
<status status="PASS" start="2024-08-06T17:15:07.186999" elapsed="0.000368"/>
</kw>
<kw name="Should Match Regexp" owner="BuiltIn">
<arg>${json_data['results'][0]['picture']['large']}</arg>
<arg>^https?://.*\.(?:png|jpe?g|gif|bmp)$</arg>
<doc>Fails if ``string`` does not match ``pattern`` as a regular expression.</doc>
<status status="PASS" start="2024-08-06T17:15:07.187549" elapsed="0.000460"/>
</kw>
<kw name="Should Match Regexp" owner="BuiltIn">
<arg>${json_data['results'][0]['picture']['medium']}</arg>
<arg>^https?://.*\.(?:png|jpe?g|gif|bmp)$</arg>
<doc>Fails if ``string`` does not match ``pattern`` as a regular expression.</doc>
<status status="PASS" start="2024-08-06T17:15:07.188213" elapsed="0.000353"/>
</kw>
<kw name="Should Match Regexp" owner="BuiltIn">
<arg>${json_data['results'][0]['picture']['thumbnail']}</arg>
<arg>^https?://.*\.(?:png|jpe?g|gif|bmp)$</arg>
<doc>Fails if ``string`` does not match ``pattern`` as a regular expression.</doc>
<status status="PASS" start="2024-08-06T17:15:07.188748" elapsed="0.000345"/>
</kw>
<kw name="Log" owner="BuiltIn">
<msg time="2024-08-06T17:15:07.189592" level="INFO">{'large': 'https://randomuser.me/api/portraits/women/68.jpg', 'medium': 'https://randomuser.me/api/portraits/med/women/68.jpg', 'thumbnail': 'https://randomuser.me/api/portraits/thumb/women/68.jpg'}</msg>
<arg>${json_data['results'][0]['picture']}</arg>
<doc>Logs the given message with the given level.</doc>
<status status="PASS" start="2024-08-06T17:15:07.189269" elapsed="0.000364"/>
</kw>
<status status="PASS" start="2024-08-06T17:15:07.076213" elapsed="0.113702"/>
</kw>
<kw name="Teste de Tipos de Dados - Postcode" owner="random-user-service">
<kw name="GET On Session" owner="RequestsLibrary">
<msg time="2024-08-06T17:15:07.254643" level="INFO">GET Request : url=https://randomuser.me/api 
 path_url=/api 
 headers={'User-Agent': 'python-requests/2.32.3', 'Accept-Encoding': 'gzip, deflate', 'Accept': '*/*', 'Connection': 'keep-alive'} 
 body=None 
 </msg>
<msg time="2024-08-06T17:15:07.254724" level="INFO">GET Response : url=https://randomuser.me/api 
 status=200, reason=OK 
 headers={'Date': 'Tue, 06 Aug 2024 17:15:07 GMT', 'Content-Type': 'application/json; charset=utf-8', 'Transfer-Encoding': 'chunked', 'Connection': 'keep-alive', 'X-Powered-By': 'Express', 'Access-Control-Allow-Origin': '*', 'Cache-Control': 'no-cache', 'ETag': 'W/"47e-CBGrqL7+Qx4AGFjB3WRsfWXk4gI"', 'Vary': 'Accept-Encoding', 'Content-Encoding': 'gzip', 'CF-Cache-Status': 'DYNAMIC', 'Report-To': '{"endpoints":[{"url":"https:\\/\\/a.nel.cloudflare.com\\/report\\/v4?s=PSavzggmCaIR11ycjoqWcufMSUF3GlqsMpSnMsZogBY4r6SYCpg24MtqT5mLcYGnWMJ5exXirir7ZDiEgTR%2B%2BpV%2BUtBvJTEZ%2F1xbZP4hh%2BhIETOWvfQOwD2sedjWGOns"}],"group":"cf-nel","max_age":604800}', 'NEL': '{"success_fraction":0,"report_to":"cf-nel","max_age":604800}', 'Server': 'cloudflare', 'CF-RAY': '8af0aac9fe8138ff-IAD', 'alt-svc': 'h3=":443"; ma=86400'} 
 body={"results":[{"gender":"male","name":{"title":"Mr","first":"Yarilo","last":"Oleskiv"},"location":{"street":{"number":2883,"name":"Mostickiy provulok"},"city":"Gorodenka","state":"Lvivska","country":"Ukraine","postcode":33265,"coordinates":{"latitude":"79.6204","longitude":"-50.2572"},"timezone":{"offset":"-12:00","description":"Eniwetok, Kwajalein"}},"email":"yarilo.oleskiv@example.com","login":{"uuid":"f9049384-9465-4158-a28e-8aa708b8df38","username":"orangetiger582","password":"buddyboy","salt":"LrzvhvGk","md5":"69274e016435414335dabc21f8ce93dd","sha1":"cbbcbdc42882e7dddb4fbbc6eeb1329b42ced959","sha256":"4facb1ab40fcf1582744a375502120f2b91cf1e3885e4cee5b32d16134d8fba6"},"dob":{"date":"1980-06-21T04:25:37.296Z","age":44},"registered":{"date":"2015-09-27T10:19:21.599Z","age":8},"phone":"(066) O65-8925","cell":"(067) D47-8095","id":{"name":"","value":null},"picture":{"large":"https://randomuser.me/api/portraits/men/48.jpg","medium":"https://randomuser.me/api/portraits/med/men/48.jpg","thumbnail":"https://randomuser.me/api/portraits/thumb/men/48.jpg"},"nat":"UA"}],"info":{"seed":"f19e5bdce478559b","results":1,"page":1,"version":"1.4"}} 
 </msg>
<msg time="2024-08-06T17:15:07.254797" level="INFO">/opt/hostedtoolcache/Python/3.12.4/x64/lib/python3.12/site-packages/urllib3/connectionpool.py:1099: InsecureRequestWarning: Unverified HTTPS request is being made to host 'randomuser.me'. Adding certificate verification is strongly advised. See: https://urllib3.readthedocs.io/en/latest/advanced-usage.html#tls-warnings
  warnings.warn(</msg>
<msg time="2024-08-06T17:15:07.254902" level="INFO">${response} = &lt;Response [200]&gt;</msg>
<var>${response}</var>
<arg>consultarAPI</arg>
<arg>/api</arg>
<doc>Sends a GET request on a previously created HTTP Session.</doc>
<status status="PASS" start="2024-08-06T17:15:07.190336" elapsed="0.064606"/>
</kw>
<kw name="Set Variable" owner="BuiltIn">
<msg time="2024-08-06T17:15:07.255945" level="INFO">${json_data} = {'results': [{'gender': 'male', 'name': {'title': 'Mr', 'first': 'Yarilo', 'last': 'Oleskiv'}, 'location': {'street': {'number': 2883, 'name': 'Mostickiy provulok'}, 'city': 'Gorodenka', 'state': 'Lvi...</msg>
<var>${json_data}</var>
<arg>${response.json()}</arg>
<doc>Returns the given values which can then be assigned to a variables.</doc>
<status status="PASS" start="2024-08-06T17:15:07.255377" elapsed="0.000596"/>
</kw>
<kw name="Log" owner="BuiltIn">
<msg time="2024-08-06T17:15:07.256425" level="INFO">{'results': [{'gender': 'male', 'name': {'title': 'Mr', 'first': 'Yarilo', 'last': 'Oleskiv'}, 'location': {'street': {'number': 2883, 'name': 'Mostickiy provulok'}, 'city': 'Gorodenka', 'state': 'Lvivska', 'country': 'Ukraine', 'postcode': 33265, 'coordinates': {'latitude': '79.6204', 'longitude': '-50.2572'}, 'timezone': {'offset': '-12:00', 'description': 'Eniwetok, Kwajalein'}}, 'email': 'yarilo.oleskiv@example.com', 'login': {'uuid': 'f9049384-9465-4158-a28e-8aa708b8df38', 'username': 'orangetiger582', 'password': 'buddyboy', 'salt': 'LrzvhvGk', 'md5': '69274e016435414335dabc21f8ce93dd', 'sha1': 'cbbcbdc42882e7dddb4fbbc6eeb1329b42ced959', 'sha256': '4facb1ab40fcf1582744a375502120f2b91cf1e3885e4cee5b32d16134d8fba6'}, 'dob': {'date': '1980-06-21T04:25:37.296Z', 'age': 44}, 'registered': {'date': '2015-09-27T10:19:21.599Z', 'age': 8}, 'phone': '(066) O65-8925', 'cell': '(067) D47-8095', 'id': {'name': '', 'value': None}, 'picture': {'large': 'https://randomuser.me/api/portraits/men/48.jpg', 'medium': 'https://randomuser.me/api/portraits/med/men/48.jpg', 'thumbnail': 'https://randomuser.me/api/portraits/thumb/men/48.jpg'}, 'nat': 'UA'}], 'info': {'seed': 'f19e5bdce478559b', 'results': 1, 'page': 1, 'version': '1.4'}}</msg>
<arg>${json_data}</arg>
<doc>Logs the given message with the given level.</doc>
<status status="PASS" start="2024-08-06T17:15:07.256272" elapsed="0.000203"/>
</kw>
<kw name="Should Be Equal As Numbers" owner="BuiltIn">
<arg>${json_data['results'][0]['location']['postcode']}</arg>
<arg>${json_data['results'][0]['location']['postcode']}</arg>
<doc>Fails if objects are unequal after converting them to real numbers.</doc>
<status status="PASS" start="2024-08-06T17:15:07.256760" elapsed="0.000608"/>
</kw>
<kw name="Log" owner="BuiltIn">
<msg time="2024-08-06T17:15:07.257983" level="INFO">33265</msg>
<arg>${json_data['results'][0]['location']['postcode']}</arg>
<doc>Logs the given message with the given level.</doc>
<status status="PASS" start="2024-08-06T17:15:07.257585" elapsed="0.000439"/>
</kw>
<status status="PASS" start="2024-08-06T17:15:07.190122" elapsed="0.068150"/>
</kw>
<doc>Testa se os tipos de dados na resposta da API estão corretos.</doc>
<tag>testeTiposDados</tag>
<status status="PASS" start="2024-08-06T17:15:07.075664" elapsed="0.182761"/>
</test>
<test id="s1-s1-t5" name="Validar conteudo" line="35">
<kw name="Teste de Tipos de Conteudo" owner="random-user-service">
<kw name="GET On Session" owner="RequestsLibrary">
<msg time="2024-08-06T17:15:07.496208" level="INFO">GET Request : url=https://randomuser.me/api 
 path_url=/api 
 headers={'User-Agent': 'python-requests/2.32.3', 'Accept-Encoding': 'gzip, deflate', 'Accept': '*/*', 'Connection': 'keep-alive'} 
 body=None 
 </msg>
<msg time="2024-08-06T17:15:07.496305" level="INFO">GET Response : url=https://randomuser.me/api 
 status=200, reason=OK 
 headers={'Date': 'Tue, 06 Aug 2024 17:15:07 GMT', 'Content-Type': 'application/json; charset=utf-8', 'Transfer-Encoding': 'chunked', 'Connection': 'keep-alive', 'X-Powered-By': 'Express', 'Access-Control-Allow-Origin': '*', 'Cache-Control': 'no-cache', 'ETag': 'W/"494-TrUxNGcfa5jcFbFvddhOKvvBdF8"', 'Vary': 'Accept-Encoding', 'Content-Encoding': 'gzip', 'CF-Cache-Status': 'DYNAMIC', 'Report-To': '{"endpoints":[{"url":"https:\\/\\/a.nel.cloudflare.com\\/report\\/v4?s=fsjpEml%2FT1AsqIbOVXZZQPKIZyuc4Jc3a%2FIDwCIEH%2B%2BpR%2FWi1hp9tmOB2nB4HZfS%2FcnRmr6MqcbcYoWiCAIjE3L0Pm3CzPfiNpNPXqUUv8XARjGUcpo5DaFRd0i%2FwrOF"}],"group":"cf-nel","max_age":604800}', 'NEL': '{"success_fraction":0,"report_to":"cf-nel","max_age":604800}', 'Server': 'cloudflare', 'CF-RAY': '8af0aaca6ef538ff-IAD', 'alt-svc': 'h3=":443"; ma=86400'} 
 body={"results":[{"gender":"female","name":{"title":"Mrs","first":"Ava","last":"Denys"},"location":{"street":{"number":5950,"name":"Parliament St"},"city":"Melbourne","state":"Northwest Territories","country":"Canada","postcode":"E7R 6R2","coordinates":{"latitude":"-69.4385","longitude":"146.3778"},"timezone":{"offset":"-1:00","description":"Azores, Cape Verde Islands"}},"email":"ava.denys@example.com","login":{"uuid":"24569a96-dc19-4638-94ae-9fa38f7e0156","username":"whitemouse998","password":"penny1","salt":"VfKymGep","md5":"555e39cd9886b1fd6a08d5b9e87c48b2","sha1":"edb63dd6af152d8937bfe7862ac82a21b4480969","sha256":"ac5d42e6d20653ca064af7abef2a3941d690b2f18d66fa314325896b42e22bcf"},"dob":{"date":"1982-03-16T06:04:19.865Z","age":42},"registered":{"date":"2006-03-16T18:23:41.550Z","age":18},"phone":"Y49 B03-3217","cell":"Z97 X19-0710","id":{"name":"SIN","value":"310686043"},"picture":{"large":"https://randomuser.me/api/portraits/women/49.jpg","medium":"https://randomuser.me/api/portraits/med/women/49.jpg","thumbnail":"https://randomuser.me/api/portraits/thumb/women/49.jpg"},"nat":"CA"}],"info":{"seed":"b1bbc7d9d06880bc","results":1,"page":1,"version":"1.4"}} 
 </msg>
<msg time="2024-08-06T17:15:07.496376" level="INFO">/opt/hostedtoolcache/Python/3.12.4/x64/lib/python3.12/site-packages/urllib3/connectionpool.py:1099: InsecureRequestWarning: Unverified HTTPS request is being made to host 'randomuser.me'. Adding certificate verification is strongly advised. See: https://urllib3.readthedocs.io/en/latest/advanced-usage.html#tls-warnings
  warnings.warn(</msg>
<msg time="2024-08-06T17:15:07.496496" level="INFO">${response} = &lt;Response [200]&gt;</msg>
<var>${response}</var>
<arg>consultarAPI</arg>
<arg>/api</arg>
<doc>Sends a GET request on a previously created HTTP Session.</doc>
<status status="PASS" start="2024-08-06T17:15:07.260839" elapsed="0.235696"/>
</kw>
<kw name="Set Variable" owner="BuiltIn">
<msg time="2024-08-06T17:15:07.497747" level="INFO">${json_data} = {'results': [{'gender': 'female', 'name': {'title': 'Mrs', 'first': 'Ava', 'last': 'Denys'}, 'location': {'street': {'number': 5950, 'name': 'Parliament St'}, 'city': 'Melbourne', 'state': 'Northwest ...</msg>
<var>${json_data}</var>
<arg>${response.json()}</arg>
<doc>Returns the given values which can then be assigned to a variables.</doc>
<status status="PASS" start="2024-08-06T17:15:07.497147" elapsed="0.000630"/>
</kw>
<kw name="Set Variable" owner="BuiltIn">
<msg time="2024-08-06T17:15:07.498476" level="INFO">${name_title} = Mrs</msg>
<var>${name_title}</var>
<arg>${json_data["results"][0]["name"]["title"]}</arg>
<doc>Returns the given values which can then be assigned to a variables.</doc>
<status status="PASS" start="2024-08-06T17:15:07.498091" elapsed="0.000412"/>
</kw>
<kw name="Create List" owner="BuiltIn">
<msg time="2024-08-06T17:15:07.498949" level="INFO">${allowed_titles} = ['Mr', 'Ms', 'Miss', 'Mrs', 'Madame', 'Monsieur']</msg>
<var>${allowed_titles}</var>
<arg>Mr</arg>
<arg>Ms</arg>
<arg>Miss</arg>
<arg>Mrs</arg>
<arg>Madame</arg>
<arg>Monsieur</arg>
<doc>Returns a list containing given items.</doc>
<status status="PASS" start="2024-08-06T17:15:07.498798" elapsed="0.000176"/>
</kw>
<kw name="List Should Contain Value" owner="Collections">
<arg>${allowed_titles}</arg>
<arg>${name_title}</arg>
<doc>Fails if the ``value`` is not found from ``list``.</doc>
<status status="PASS" start="2024-08-06T17:15:07.499271" elapsed="0.000175"/>
</kw>
<kw name="Set Variable" owner="BuiltIn">
<msg time="2024-08-06T17:15:07.500005" level="INFO">${name_country} = CA</msg>
<var>${name_country}</var>
<arg>${json_data["results"][0]["nat"]}</arg>
<doc>Returns the given values which can then be assigned to a variables.</doc>
<status status="PASS" start="2024-08-06T17:15:07.499633" elapsed="0.000397"/>
</kw>
<kw name="Create List" owner="BuiltIn">
<msg time="2024-08-06T17:15:07.500927" level="INFO">${list_country} = ['AD', 'AE', 'AF', 'AG', 'AI', 'AL', 'AM', 'AO', 'AQ', 'AR', 'AS', 'AT', 'AU', 'AW', 'AX', 'AZ', 'BA', 'BB', 'BD', 'BE', 'BF', 'BG', 'BH', 'BI', 'BJ', 'BL', 'BM', 'BN', 'BO', 'BQ', 'BR', 'BS', 'BT', '...</msg>
<var>${list_country}</var>
<arg>AD</arg>
<arg>AE</arg>
<arg>AF</arg>
<arg>AG</arg>
<arg>AI</arg>
<arg>AL</arg>
<arg>AM</arg>
<arg>AO</arg>
<arg>AQ</arg>
<arg>AR</arg>
<arg>AS</arg>
<arg>AT</arg>
<arg>AU</arg>
<arg>AW</arg>
<arg>AX</arg>
<arg>AZ</arg>
<arg>BA</arg>
<arg>BB</arg>
<arg>BD</arg>
<arg>BE</arg>
<arg>BF</arg>
<arg>BG</arg>
<arg>BH</arg>
<arg>BI</arg>
<arg>BJ</arg>
<arg>BL</arg>
<arg>BM</arg>
<arg>BN</arg>
<arg>BO</arg>
<arg>BQ</arg>
<arg>BR</arg>
<arg>BS</arg>
<arg>BT</arg>
<arg>BV</arg>
<arg>BW</arg>
<arg>BY</arg>
<arg>BZ</arg>
<arg>CA</arg>
<arg>CC</arg>
<arg>CD</arg>
<arg>CF</arg>
<arg>CG</arg>
<arg>CH</arg>
<arg>CI</arg>
<arg>CK</arg>
<arg>CL</arg>
<arg>CM</arg>
<arg>CN</arg>
<arg>CO</arg>
<arg>CR</arg>
<arg>CU</arg>
<arg>CV</arg>
<arg>CW</arg>
<arg>CX</arg>
<arg>CY</arg>
<arg>CZ</arg>
<arg>DE</arg>
<arg>DJ</arg>
<arg>DK</arg>
<arg>DM</arg>
<arg>DO</arg>
<arg>DZ</arg>
<arg>EC</arg>
<arg>EE</arg>
<arg>EG</arg>
<arg>EH</arg>
<arg>ER</arg>
<arg>ES</arg>
<arg>ET</arg>
<arg>FI</arg>
<arg>FJ</arg>
<arg>FK</arg>
<arg>FM</arg>
<arg>FO</arg>
<arg>FR</arg>
<arg>GA</arg>
<arg>GB</arg>
<arg>GD</arg>
<arg>GE</arg>
<arg>GF</arg>
<arg>GG</arg>
<arg>GH</arg>
<arg>GI</arg>
<arg>GL</arg>
<arg>GM</arg>
<arg>GN</arg>
<arg>GP</arg>
<arg>GQ</arg>
<arg>GR</arg>
<arg>GS</arg>
<arg>GT</arg>
<arg>GU</arg>
<arg>GW</arg>
<arg>GY</arg>
<arg>HK</arg>
<arg>HM</arg>
<arg>HN</arg>
<arg>HR</arg>
<arg>HT</arg>
<arg>HU</arg>
<arg>ID</arg>
<arg>IE</arg>
<arg>IL</arg>
<arg>IM</arg>
<arg>IN</arg>
<arg>IO</arg>
<arg>IQ</arg>
<arg>IR</arg>
<arg>IS</arg>
<arg>IT</arg>
<arg>JE</arg>
<arg>JM</arg>
<arg>JO</arg>
<arg>JP</arg>
<arg>KE</arg>
<arg>KG</arg>
<arg>KH</arg>
<arg>KI</arg>
<arg>KM</arg>
<arg>KN</arg>
<arg>KP</arg>
<arg>KR</arg>
<arg>KW</arg>
<arg>KY</arg>
<arg>KZ</arg>
<arg>LA</arg>
<arg>LB</arg>
<arg>LC</arg>
<arg>LI</arg>
<arg>LK</arg>
<arg>LR</arg>
<arg>LS</arg>
<arg>LT</arg>
<arg>LU</arg>
<arg>LV</arg>
<arg>LY</arg>
<arg>MA</arg>
<arg>MC</arg>
<arg>MD</arg>
<arg>ME</arg>
<arg>MF</arg>
<arg>MG</arg>
<arg>MH</arg>
<arg>MK</arg>
<arg>ML</arg>
<arg>MM</arg>
<arg>MN</arg>
<arg>MO</arg>
<arg>MP</arg>
<arg>MQ</arg>
<arg>MR</arg>
<arg>MS</arg>
<arg>MT</arg>
<arg>MU</arg>
<arg>MV</arg>
<arg>MW</arg>
<arg>MX</arg>
<arg>MY</arg>
<arg>MZ</arg>
<arg>NA</arg>
<arg>NC</arg>
<arg>NE</arg>
<arg>NF</arg>
<arg>NG</arg>
<arg>NI</arg>
<arg>NL</arg>
<arg>NO</arg>
<arg>NP</arg>
<arg>NR</arg>
<arg>NU</arg>
<arg>NZ</arg>
<arg>OM</arg>
<arg>PA</arg>
<arg>PE</arg>
<arg>PF</arg>
<arg>PG</arg>
<arg>PH</arg>
<arg>PK</arg>
<arg>PL</arg>
<arg>PM</arg>
<arg>PN</arg>
<arg>PR</arg>
<arg>PS</arg>
<arg>PT</arg>
<arg>PW</arg>
<arg>PY</arg>
<arg>QA</arg>
<arg>RE</arg>
<arg>RO</arg>
<arg>RS</arg>
<arg>RU</arg>
<arg>RW</arg>
<arg>SA</arg>
<arg>SB</arg>
<arg>SC</arg>
<arg>SD</arg>
<arg>SE</arg>
<arg>SG</arg>
<arg>SH</arg>
<arg>SI</arg>
<arg>SJ</arg>
<arg>SK</arg>
<arg>SL</arg>
<arg>SM</arg>
<arg>SN</arg>
<arg>SO</arg>
<arg>SR</arg>
<arg>SS</arg>
<arg>ST</arg>
<arg>SV</arg>
<arg>SX</arg>
<arg>SY</arg>
<arg>SZ</arg>
<arg>TC</arg>
<arg>TD</arg>
<arg>TF</arg>
<arg>TG</arg>
<arg>TH</arg>
<arg>TJ</arg>
<arg>TK</arg>
<arg>TL</arg>
<arg>TM</arg>
<arg>TN</arg>
<arg>TO</arg>
<arg>TR</arg>
<arg>TT</arg>
<arg>TV</arg>
<arg>TW</arg>
<arg>TZ</arg>
<arg>UA</arg>
<arg>UG</arg>
<arg>UM</arg>
<arg>US</arg>
<arg>UY</arg>
<arg>UZ</arg>
<arg>VA</arg>
<arg>VC</arg>
<arg>VE</arg>
<arg>VG</arg>
<arg>VI</arg>
<arg>VN</arg>
<arg>VU</arg>
<arg>WF</arg>
<arg>WS</arg>
<arg>XK</arg>
<arg>YE</arg>
<arg>YT</arg>
<arg>ZA</arg>
<arg>ZM</arg>
<arg>ZW</arg>
<doc>Returns a list containing given items.</doc>
<status status="PASS" start="2024-08-06T17:15:07.500316" elapsed="0.000638"/>
</kw>
<kw name="List Should Contain Value" owner="Collections">
<arg>${list_country}</arg>
<arg>${name_country}</arg>
<doc>Fails if the ``value`` is not found from ``list``.</doc>
<status status="PASS" start="2024-08-06T17:15:07.501951" elapsed="0.000206"/>
</kw>
<kw name="Run Keyword If" owner="BuiltIn">
<kw name="Should Be True" owner="BuiltIn">
<arg>${True}</arg>
<doc>Fails if the given condition is not true.</doc>
<status status="PASS" start="2024-08-06T17:15:07.503095" elapsed="0.000142"/>
</kw>
<arg>${json_data["results"][0]["location"]["coordinates"]["latitude"]} &gt;= -90 and ${json_data["results"][0]["location"]["coordinates"]["latitude"]} &lt;= 90</arg>
<arg>Should Be True</arg>
<arg>${True}</arg>
<doc>Runs the given keyword with the given arguments, if ``condition`` is true.</doc>
<status status="PASS" start="2024-08-06T17:15:07.502352" elapsed="0.001008"/>
</kw>
<kw name="Run Keyword If" owner="BuiltIn">
<kw name="Should Be True" owner="BuiltIn">
<arg>${True}</arg>
<doc>Fails if the given condition is not true.</doc>
<status status="PASS" start="2024-08-06T17:15:07.504224" elapsed="0.000135"/>
</kw>
<arg>${json_data["results"][0]["location"]["coordinates"]["longitude"]} &gt;= -180 and ${json_data["results"][0]["location"]["coordinates"]["longitude"]} &lt;= 180</arg>
<arg>Should Be True</arg>
<arg>${True}</arg>
<doc>Runs the given keyword with the given arguments, if ``condition`` is true.</doc>
<status status="PASS" start="2024-08-06T17:15:07.503540" elapsed="0.000941"/>
</kw>
<status status="PASS" start="2024-08-06T17:15:07.260627" elapsed="0.243982"/>
</kw>
<doc>Testa o conteúdo específico dos campos retornados pela API.</doc>
<tag>testeConteudo</tag>
<status status="PASS" start="2024-08-06T17:15:07.260116" elapsed="0.244644"/>
</test>
<status status="PASS" start="2024-08-06T17:15:06.384035" elapsed="1.122722"/>
</suite>
<status status="PASS" start="2024-08-06T17:15:06.369408" elapsed="1.142603"/>
</suite>
<statistics>
<total>
<stat pass="5" fail="0" skip="0">All Tests</stat>
</total>
<tag>
<stat pass="1" fail="0" skip="0">testeConteudo</stat>
<stat pass="1" fail="0" skip="0">testeEstruturaResposta</stat>
<stat pass="1" fail="0" skip="0">testeRequisicaoBasica</stat>
<stat pass="1" fail="0" skip="0">testeTiposDados</stat>
</tag>
<suite>
<stat pass="5" fail="0" skip="0" id="s1" name="Tests">Tests</stat>
<stat pass="5" fail="0" skip="0" id="s1-s1" name="Random-User-Test">Tests.Random-User-Test</stat>
</suite>
</statistics>
<errors>
</errors>
</robot>
