<?xml version="1.0" encoding="UTF-8"?>
<robot generator="Robot 7.0.1 (Python 3.12.4 on linux)" generated="2024-07-21T16:19:35.109565" rpa="false" schemaversion="5">
<suite id="s1" name="Tests" source="/home/runner/work/ApiRandomUser/ApiRandomUser/RamdonUser/tests">
<suite id="s1-s1" name="Random-User-Test" source="/home/runner/work/ApiRandomUser/ApiRandomUser/RamdonUser/tests/random-user-test.robot">
<test id="s1-s1-t1" name="Conectar" line="13">
<kw name="Conectar API" owner="random-user-service">
<kw name="Create Session" owner="RequestsLibrary">
<msg time="2024-07-21T16:19:35.507548" level="INFO">Creating Session using : alias=consultarAPI, url=https://randomuser.me/, headers={},                     cookies={}, auth=None, timeout=None, proxies=None, verify=False,                     debug=0 </msg>
<arg>consultarAPI</arg>
<arg>${URL}</arg>
<doc>Create Session: create a HTTP session to a server</doc>
<status status="PASS" start="2024-07-21T16:19:35.507358" elapsed="0.000363"/>
</kw>
<status status="PASS" start="2024-07-21T16:19:35.506367" elapsed="0.001702"/>
</kw>
<status status="PASS" start="2024-07-21T16:19:35.505757" elapsed="0.002505"/>
</test>
<test id="s1-s1-t2" name="Validar retorno 200 e JSON Válido" line="16">
<kw name="Teste de Requisicao Basica" owner="random-user-service">
<kw name="GET On Session" owner="RequestsLibrary">
<msg time="2024-07-21T16:19:35.916054" level="INFO">GET Request : url=https://randomuser.me/api 
 path_url=/api 
 headers={'User-Agent': 'python-requests/2.32.3', 'Accept-Encoding': 'gzip, deflate', 'Accept': '*/*', 'Connection': 'keep-alive'} 
 body=None 
 </msg>
<msg time="2024-07-21T16:19:35.916258" level="INFO">GET Response : url=https://randomuser.me/api 
 status=200, reason=OK 
 headers={'Date': 'Sun, 21 Jul 2024 16:19:35 GMT', 'Content-Type': 'application/json; charset=utf-8', 'Transfer-Encoding': 'chunked', 'Connection': 'keep-alive', 'X-Powered-By': 'Express', 'Access-Control-Allow-Origin': '*', 'Cache-Control': 'no-cache', 'ETag': 'W/"4ad-SHWe0wKBPRubrsS9k347TdxFcY8"', 'Vary': 'Accept-Encoding', 'Content-Encoding': 'gzip', 'CF-Cache-Status': 'DYNAMIC', 'Report-To': '{"endpoints":[{"url":"https:\\/\\/a.nel.cloudflare.com\\/report\\/v4?s=DCQxeM9FI65CIqQ5lewyAlUn3X5nberC4sLMFs5BSaGBFsC7VKumnFh6IGdTCCbRO2skSIMNzu7IFQPErIRQ5VaevSRqnM7hpMRj8bRdmedgKD6n480N3GIzmJyuFWYI"}],"group":"cf-nel","max_age":604800}', 'NEL': '{"success_fraction":0,"report_to":"cf-nel","max_age":604800}', 'Server': 'cloudflare', 'CF-RAY': '8a6c83742a7920a6-IAD', 'alt-svc': 'h3=":443"; ma=86400'} 
 body={"results":[{"gender":"female","name":{"title":"Miss","first":"Cremilda","last":"da Mota"},"location":{"street":{"number":5766,"name":"Rua Dezenove de Outubro"},"city":"Arapongas","state":"Paraíba","country":"Brazil","postcode":74770,"coordinates":{"latitude":"-77.4248","longitude":"111.6113"},"timezone":{"offset":"-3:00","description":"Brazil, Buenos Aires, Georgetown"}},"email":"cremilda.damota@example.com","login":{"uuid":"24059308-b93e-4b34-a92d-b757581e85d1","username":"ticklishpanda542","password":"bird33","salt":"Lo6TmqlL","md5":"5821eb5ef952120256d29d20d1c1f0e9","sha1":"507e7e03feed23e4f2f63f4c806d043ac21119eb","sha256":"3a255ea6ba8355adf4c4a3c83a6f748817b97b41c9b15ad18fb4ff7ee74ac61e"},"dob":{"date":"1965-05-22T07:05:19.287Z","age":59},"registered":{"date":"2012-01-09T09:19:00.342Z","age":12},"phone":"(50) 8538-0417","cell":"(34) 8454-1149","id":{"name":"CPF","value":"736.095.291-99"},"picture":{"large":"https://randomuser.me/api/portraits/women/34.jpg","medium":"https://randomuser.me/api/portraits/med/women/34.jpg","thumbnail":"https://randomuser.me/api/portraits/thumb/women/34.jpg"},"nat":"BR"}],"info":{"seed":"8fff147cf89ea166","results":1,"page":1,"version":"1.4"}} 
 </msg>
<msg time="2024-07-21T16:19:35.916386" level="INFO">/opt/hostedtoolcache/Python/3.12.4/x64/lib/python3.12/site-packages/urllib3/connectionpool.py:1099: InsecureRequestWarning: Unverified HTTPS request is being made to host 'randomuser.me'. Adding certificate verification is strongly advised. See: https://urllib3.readthedocs.io/en/latest/advanced-usage.html#tls-warnings
  warnings.warn(</msg>
<msg time="2024-07-21T16:19:35.916571" level="INFO">${response} = &lt;Response [200]&gt;</msg>
<var>${response}</var>
<arg>consultarAPI</arg>
<arg>/api</arg>
<doc>Sends a GET request on a previously created HTTP Session.</doc>
<status status="PASS" start="2024-07-21T16:19:35.510898" elapsed="0.405717"/>
</kw>
<kw name="Should Be Equal As Numbers" owner="BuiltIn">
<msg time="2024-07-21T16:19:35.917912" level="INFO">Argument types are:
&lt;class 'int'&gt;
&lt;class 'str'&gt;</msg>
<arg>${response.status_code}</arg>
<arg>200</arg>
<doc>Fails if objects are unequal after converting them to real numbers.</doc>
<status status="PASS" start="2024-07-21T16:19:35.917230" elapsed="0.000806"/>
</kw>
<kw name="Log" owner="BuiltIn">
<msg time="2024-07-21T16:19:35.919109" level="INFO">200</msg>
<arg>${response.status_code}</arg>
<doc>Logs the given message with the given level.</doc>
<status status="PASS" start="2024-07-21T16:19:35.918513" elapsed="0.000663"/>
</kw>
<kw name="Set Variable" owner="BuiltIn">
<msg time="2024-07-21T16:19:35.920371" level="INFO">${json_data} = {'results': [{'gender': 'female', 'name': {'title': 'Miss', 'first': 'Cremilda', 'last': 'da Mota'}, 'location': {'street': {'number': 5766, 'name': 'Rua Dezenove de Outubro'}, 'city': 'Arapongas', 's...</msg>
<var>${json_data}</var>
<arg>${response.json()}</arg>
<doc>Returns the given values which can then be assigned to a variables.</doc>
<status status="PASS" start="2024-07-21T16:19:35.919634" elapsed="0.000783"/>
</kw>
<kw name="Dictionary Should Contain Key" owner="Collections">
<arg>${json_data}</arg>
<arg>results</arg>
<doc>Fails if ``key`` is not found from ``dictionary``.</doc>
<status status="PASS" start="2024-07-21T16:19:35.920863" elapsed="0.000478"/>
</kw>
<status status="PASS" start="2024-07-21T16:19:35.510655" elapsed="0.410931"/>
</kw>
<doc>Testa se a API responde corretamente e retorna um objeto JSON válido.</doc>
<tag>testeRequisicaoBasica</tag>
<status status="PASS" start="2024-07-21T16:19:35.510132" elapsed="0.411748"/>
</test>
<test id="s1-s1-t3" name="Validar estrutura de resposta" line="22">
<kw name="Teste de Estrutura de Resposta" owner="random-user-service">
<kw name="GET On Session" owner="RequestsLibrary">
<msg time="2024-07-21T16:19:35.973241" level="INFO">GET Request : url=https://randomuser.me/api 
 path_url=/api 
 headers={'User-Agent': 'python-requests/2.32.3', 'Accept-Encoding': 'gzip, deflate', 'Accept': '*/*', 'Connection': 'keep-alive'} 
 body=None 
 </msg>
<msg time="2024-07-21T16:19:35.973329" level="INFO">GET Response : url=https://randomuser.me/api 
 status=200, reason=OK 
 headers={'Date': 'Sun, 21 Jul 2024 16:19:35 GMT', 'Content-Type': 'application/json; charset=utf-8', 'Transfer-Encoding': 'chunked', 'Connection': 'keep-alive', 'X-Powered-By': 'Express', 'Access-Control-Allow-Origin': '*', 'Cache-Control': 'no-cache', 'ETag': 'W/"492-myyOIiLrqnOOJ09x3JAGcoHyvC4"', 'Vary': 'Accept-Encoding', 'Content-Encoding': 'gzip', 'CF-Cache-Status': 'DYNAMIC', 'Report-To': '{"endpoints":[{"url":"https:\\/\\/a.nel.cloudflare.com\\/report\\/v4?s=2JuBkS03CCU4fiEYmXhfbcoUAOMnxzMylDXQYpJGl74sD39NJqkeTWn4iX4mcMSdHGNJfxkickIYIT505efyoofg1LOUPlpjIJk4aeKcyWAsSFFH9xF192q9JKdCyD7m"}],"group":"cf-nel","max_age":604800}', 'NEL': '{"success_fraction":0,"report_to":"cf-nel","max_age":604800}', 'Server': 'cloudflare', 'CF-RAY': '8a6c83758c7e20a6-IAD', 'alt-svc': 'h3=":443"; ma=86400'} 
 body={"results":[{"gender":"female","name":{"title":"Ms","first":"Hannah","last":"Wilson"},"location":{"street":{"number":7069,"name":"Stuart Street"},"city":"Christchurch","state":"Taranaki","country":"New Zealand","postcode":92208,"coordinates":{"latitude":"49.9856","longitude":"72.8758"},"timezone":{"offset":"+5:30","description":"Bombay, Calcutta, Madras, New Delhi"}},"email":"hannah.wilson@example.com","login":{"uuid":"5ecbbd1b-ef97-4677-b125-5b9364e4d627","username":"greenfrog735","password":"boyboy","salt":"9JEzBC9e","md5":"84296ad09b1792a009167a06f9e1fcf4","sha1":"f055ff16ca68ae7b6f276ed2cea065f6a37c5201","sha256":"97057696b7718f59627e8bb3b909a6264c3b6541f8fd85077f96bf2e5397e6cc"},"dob":{"date":"1976-10-23T20:37:39.660Z","age":47},"registered":{"date":"2006-09-06T10:59:53.159Z","age":17},"phone":"(382)-831-4035","cell":"(347)-924-4791","id":{"name":"","value":null},"picture":{"large":"https://randomuser.me/api/portraits/women/37.jpg","medium":"https://randomuser.me/api/portraits/med/women/37.jpg","thumbnail":"https://randomuser.me/api/portraits/thumb/women/37.jpg"},"nat":"NZ"}],"info":{"seed":"f49ed88f9c49b61e","results":1,"page":1,"version":"1.4"}} 
 </msg>
<msg time="2024-07-21T16:19:35.973453" level="INFO">/opt/hostedtoolcache/Python/3.12.4/x64/lib/python3.12/site-packages/urllib3/connectionpool.py:1099: InsecureRequestWarning: Unverified HTTPS request is being made to host 'randomuser.me'. Adding certificate verification is strongly advised. See: https://urllib3.readthedocs.io/en/latest/advanced-usage.html#tls-warnings
  warnings.warn(</msg>
<msg time="2024-07-21T16:19:35.973582" level="INFO">${response} = &lt;Response [200]&gt;</msg>
<var>${response}</var>
<arg>consultarAPI</arg>
<arg>/api</arg>
<doc>Sends a GET request on a previously created HTTP Session.</doc>
<status status="PASS" start="2024-07-21T16:19:35.926436" elapsed="0.047195"/>
</kw>
<kw name="Set Variable" owner="BuiltIn">
<msg time="2024-07-21T16:19:35.974565" level="INFO">${json_data} = {'results': [{'gender': 'female', 'name': {'title': 'Ms', 'first': 'Hannah', 'last': 'Wilson'}, 'location': {'street': {'number': 7069, 'name': 'Stuart Street'}, 'city': 'Christchurch', 'state': 'Tara...</msg>
<var>${json_data}</var>
<arg>${response.json()}</arg>
<doc>Returns the given values which can then be assigned to a variables.</doc>
<status status="PASS" start="2024-07-21T16:19:35.974111" elapsed="0.000485"/>
</kw>
<kw name="Log" owner="BuiltIn">
<msg time="2024-07-21T16:19:35.975064" level="INFO">{'results': [{'gender': 'female', 'name': {'title': 'Ms', 'first': 'Hannah', 'last': 'Wilson'}, 'location': {'street': {'number': 7069, 'name': 'Stuart Street'}, 'city': 'Christchurch', 'state': 'Taranaki', 'country': 'New Zealand', 'postcode': 92208, 'coordinates': {'latitude': '49.9856', 'longitude': '72.8758'}, 'timezone': {'offset': '+5:30', 'description': 'Bombay, Calcutta, Madras, New Delhi'}}, 'email': 'hannah.wilson@example.com', 'login': {'uuid': '5ecbbd1b-ef97-4677-b125-5b9364e4d627', 'username': 'greenfrog735', 'password': 'boyboy', 'salt': '9JEzBC9e', 'md5': '84296ad09b1792a009167a06f9e1fcf4', 'sha1': 'f055ff16ca68ae7b6f276ed2cea065f6a37c5201', 'sha256': '97057696b7718f59627e8bb3b909a6264c3b6541f8fd85077f96bf2e5397e6cc'}, 'dob': {'date': '1976-10-23T20:37:39.660Z', 'age': 47}, 'registered': {'date': '2006-09-06T10:59:53.159Z', 'age': 17}, 'phone': '(382)-831-4035', 'cell': '(347)-924-4791', 'id': {'name': '', 'value': None}, 'picture': {'large': 'https://randomuser.me/api/portraits/women/37.jpg', 'medium': 'https://randomuser.me/api/portraits/med/women/37.jpg', 'thumbnail': 'https://randomuser.me/api/portraits/thumb/women/37.jpg'}, 'nat': 'NZ'}], 'info': {'seed': 'f49ed88f9c49b61e', 'results': 1, 'page': 1, 'version': '1.4'}}</msg>
<arg>${json_data}</arg>
<doc>Logs the given message with the given level.</doc>
<status status="PASS" start="2024-07-21T16:19:35.974903" elapsed="0.000211"/>
</kw>
<kw name="Dictionary Should Contain Key" owner="Collections">
<arg>${json_data}</arg>
<arg>results</arg>
<doc>Fails if ``key`` is not found from ``dictionary``.</doc>
<status status="PASS" start="2024-07-21T16:19:35.975409" elapsed="0.000160"/>
</kw>
<kw name="Should Not Be Empty" owner="BuiltIn">
<msg time="2024-07-21T16:19:35.975885" level="INFO">Length is 2.</msg>
<arg>${json_data}</arg>
<doc>Verifies that the given item is not empty.</doc>
<status status="PASS" start="2024-07-21T16:19:35.975759" elapsed="0.000172"/>
</kw>
<kw name="Create List" owner="BuiltIn">
<msg time="2024-07-21T16:19:35.976377" level="INFO">${expected_keys} = ['gender', 'name', 'location', 'email', 'login']</msg>
<var>${expected_keys}</var>
<arg>gender</arg>
<arg>name</arg>
<arg>location</arg>
<arg>email</arg>
<arg>login</arg>
<doc>Returns a list containing given items.</doc>
<status status="PASS" start="2024-07-21T16:19:35.976225" elapsed="0.000177"/>
</kw>
<for flavor="IN">
<iter>
<kw name="Dictionary Should Contain Key" owner="Collections">
<arg>${json_data['results'][0]}</arg>
<arg>${key}</arg>
<doc>Fails if ``key`` is not found from ``dictionary``.</doc>
<status status="PASS" start="2024-07-21T16:19:35.976968" elapsed="0.000415"/>
</kw>
<kw name="Log" owner="BuiltIn">
<msg time="2024-07-21T16:19:35.977927" level="INFO">{'gender': 'female', 'name': {'title': 'Ms', 'first': 'Hannah', 'last': 'Wilson'}, 'location': {'street': {'number': 7069, 'name': 'Stuart Street'}, 'city': 'Christchurch', 'state': 'Taranaki', 'country': 'New Zealand', 'postcode': 92208, 'coordinates': {'latitude': '49.9856', 'longitude': '72.8758'}, 'timezone': {'offset': '+5:30', 'description': 'Bombay, Calcutta, Madras, New Delhi'}}, 'email': 'hannah.wilson@example.com', 'login': {'uuid': '5ecbbd1b-ef97-4677-b125-5b9364e4d627', 'username': 'greenfrog735', 'password': 'boyboy', 'salt': '9JEzBC9e', 'md5': '84296ad09b1792a009167a06f9e1fcf4', 'sha1': 'f055ff16ca68ae7b6f276ed2cea065f6a37c5201', 'sha256': '97057696b7718f59627e8bb3b909a6264c3b6541f8fd85077f96bf2e5397e6cc'}, 'dob': {'date': '1976-10-23T20:37:39.660Z', 'age': 47}, 'registered': {'date': '2006-09-06T10:59:53.159Z', 'age': 17}, 'phone': '(382)-831-4035', 'cell': '(347)-924-4791', 'id': {'name': '', 'value': None}, 'picture': {'large': 'https://randomuser.me/api/portraits/women/37.jpg', 'medium': 'https://randomuser.me/api/portraits/med/women/37.jpg', 'thumbnail': 'https://randomuser.me/api/portraits/thumb/women/37.jpg'}, 'nat': 'NZ'}</msg>
<arg>${json_data['results'][0]}</arg>
<doc>Logs the given message with the given level.</doc>
<status status="PASS" start="2024-07-21T16:19:35.977570" elapsed="0.000427"/>
</kw>
<kw name="Log" owner="BuiltIn">
<msg time="2024-07-21T16:19:35.978441" level="INFO">gender</msg>
<arg>${key}</arg>
<doc>Logs the given message with the given level.</doc>
<status status="PASS" start="2024-07-21T16:19:35.978310" elapsed="0.000171"/>
</kw>
<var name="${key}">gender</var>
<status status="PASS" start="2024-07-21T16:19:35.976840" elapsed="0.001859"/>
</iter>
<iter>
<kw name="Dictionary Should Contain Key" owner="Collections">
<arg>${json_data['results'][0]}</arg>
<arg>${key}</arg>
<doc>Fails if ``key`` is not found from ``dictionary``.</doc>
<status status="PASS" start="2024-07-21T16:19:35.978994" elapsed="0.000379"/>
</kw>
<kw name="Log" owner="BuiltIn">
<msg time="2024-07-21T16:19:35.979913" level="INFO">{'gender': 'female', 'name': {'title': 'Ms', 'first': 'Hannah', 'last': 'Wilson'}, 'location': {'street': {'number': 7069, 'name': 'Stuart Street'}, 'city': 'Christchurch', 'state': 'Taranaki', 'country': 'New Zealand', 'postcode': 92208, 'coordinates': {'latitude': '49.9856', 'longitude': '72.8758'}, 'timezone': {'offset': '+5:30', 'description': 'Bombay, Calcutta, Madras, New Delhi'}}, 'email': 'hannah.wilson@example.com', 'login': {'uuid': '5ecbbd1b-ef97-4677-b125-5b9364e4d627', 'username': 'greenfrog735', 'password': 'boyboy', 'salt': '9JEzBC9e', 'md5': '84296ad09b1792a009167a06f9e1fcf4', 'sha1': 'f055ff16ca68ae7b6f276ed2cea065f6a37c5201', 'sha256': '97057696b7718f59627e8bb3b909a6264c3b6541f8fd85077f96bf2e5397e6cc'}, 'dob': {'date': '1976-10-23T20:37:39.660Z', 'age': 47}, 'registered': {'date': '2006-09-06T10:59:53.159Z', 'age': 17}, 'phone': '(382)-831-4035', 'cell': '(347)-924-4791', 'id': {'name': '', 'value': None}, 'picture': {'large': 'https://randomuser.me/api/portraits/women/37.jpg', 'medium': 'https://randomuser.me/api/portraits/med/women/37.jpg', 'thumbnail': 'https://randomuser.me/api/portraits/thumb/women/37.jpg'}, 'nat': 'NZ'}</msg>
<arg>${json_data['results'][0]}</arg>
<doc>Logs the given message with the given level.</doc>
<status status="PASS" start="2024-07-21T16:19:35.979554" elapsed="0.000441"/>
</kw>
<kw name="Log" owner="BuiltIn">
<msg time="2024-07-21T16:19:35.980421" level="INFO">name</msg>
<arg>${key}</arg>
<doc>Logs the given message with the given level.</doc>
<status status="PASS" start="2024-07-21T16:19:35.980293" elapsed="0.000166"/>
</kw>
<var name="${key}">name</var>
<status status="PASS" start="2024-07-21T16:19:35.978884" elapsed="0.001789"/>
</iter>
<iter>
<kw name="Dictionary Should Contain Key" owner="Collections">
<arg>${json_data['results'][0]}</arg>
<arg>${key}</arg>
<doc>Fails if ``key`` is not found from ``dictionary``.</doc>
<status status="PASS" start="2024-07-21T16:19:35.980956" elapsed="0.000381"/>
</kw>
<kw name="Log" owner="BuiltIn">
<msg time="2024-07-21T16:19:35.981870" level="INFO">{'gender': 'female', 'name': {'title': 'Ms', 'first': 'Hannah', 'last': 'Wilson'}, 'location': {'street': {'number': 7069, 'name': 'Stuart Street'}, 'city': 'Christchurch', 'state': 'Taranaki', 'country': 'New Zealand', 'postcode': 92208, 'coordinates': {'latitude': '49.9856', 'longitude': '72.8758'}, 'timezone': {'offset': '+5:30', 'description': 'Bombay, Calcutta, Madras, New Delhi'}}, 'email': 'hannah.wilson@example.com', 'login': {'uuid': '5ecbbd1b-ef97-4677-b125-5b9364e4d627', 'username': 'greenfrog735', 'password': 'boyboy', 'salt': '9JEzBC9e', 'md5': '84296ad09b1792a009167a06f9e1fcf4', 'sha1': 'f055ff16ca68ae7b6f276ed2cea065f6a37c5201', 'sha256': '97057696b7718f59627e8bb3b909a6264c3b6541f8fd85077f96bf2e5397e6cc'}, 'dob': {'date': '1976-10-23T20:37:39.660Z', 'age': 47}, 'registered': {'date': '2006-09-06T10:59:53.159Z', 'age': 17}, 'phone': '(382)-831-4035', 'cell': '(347)-924-4791', 'id': {'name': '', 'value': None}, 'picture': {'large': 'https://randomuser.me/api/portraits/women/37.jpg', 'medium': 'https://randomuser.me/api/portraits/med/women/37.jpg', 'thumbnail': 'https://randomuser.me/api/portraits/thumb/women/37.jpg'}, 'nat': 'NZ'}</msg>
<arg>${json_data['results'][0]}</arg>
<doc>Logs the given message with the given level.</doc>
<status status="PASS" start="2024-07-21T16:19:35.981524" elapsed="0.000396"/>
</kw>
<kw name="Log" owner="BuiltIn">
<msg time="2024-07-21T16:19:35.982386" level="INFO">location</msg>
<arg>${key}</arg>
<doc>Logs the given message with the given level.</doc>
<status status="PASS" start="2024-07-21T16:19:35.982259" elapsed="0.000164"/>
</kw>
<var name="${key}">location</var>
<status status="PASS" start="2024-07-21T16:19:35.980849" elapsed="0.001787"/>
</iter>
<iter>
<kw name="Dictionary Should Contain Key" owner="Collections">
<arg>${json_data['results'][0]}</arg>
<arg>${key}</arg>
<doc>Fails if ``key`` is not found from ``dictionary``.</doc>
<status status="PASS" start="2024-07-21T16:19:35.982910" elapsed="0.000384"/>
</kw>
<kw name="Log" owner="BuiltIn">
<msg time="2024-07-21T16:19:35.983953" level="INFO">{'gender': 'female', 'name': {'title': 'Ms', 'first': 'Hannah', 'last': 'Wilson'}, 'location': {'street': {'number': 7069, 'name': 'Stuart Street'}, 'city': 'Christchurch', 'state': 'Taranaki', 'country': 'New Zealand', 'postcode': 92208, 'coordinates': {'latitude': '49.9856', 'longitude': '72.8758'}, 'timezone': {'offset': '+5:30', 'description': 'Bombay, Calcutta, Madras, New Delhi'}}, 'email': 'hannah.wilson@example.com', 'login': {'uuid': '5ecbbd1b-ef97-4677-b125-5b9364e4d627', 'username': 'greenfrog735', 'password': 'boyboy', 'salt': '9JEzBC9e', 'md5': '84296ad09b1792a009167a06f9e1fcf4', 'sha1': 'f055ff16ca68ae7b6f276ed2cea065f6a37c5201', 'sha256': '97057696b7718f59627e8bb3b909a6264c3b6541f8fd85077f96bf2e5397e6cc'}, 'dob': {'date': '1976-10-23T20:37:39.660Z', 'age': 47}, 'registered': {'date': '2006-09-06T10:59:53.159Z', 'age': 17}, 'phone': '(382)-831-4035', 'cell': '(347)-924-4791', 'id': {'name': '', 'value': None}, 'picture': {'large': 'https://randomuser.me/api/portraits/women/37.jpg', 'medium': 'https://randomuser.me/api/portraits/med/women/37.jpg', 'thumbnail': 'https://randomuser.me/api/portraits/thumb/women/37.jpg'}, 'nat': 'NZ'}</msg>
<arg>${json_data['results'][0]}</arg>
<doc>Logs the given message with the given level.</doc>
<status status="PASS" start="2024-07-21T16:19:35.983597" elapsed="0.000407"/>
</kw>
<kw name="Log" owner="BuiltIn">
<msg time="2024-07-21T16:19:35.984421" level="INFO">email</msg>
<arg>${key}</arg>
<doc>Logs the given message with the given level.</doc>
<status status="PASS" start="2024-07-21T16:19:35.984295" elapsed="0.000165"/>
</kw>
<var name="${key}">email</var>
<status status="PASS" start="2024-07-21T16:19:35.982804" elapsed="0.001878"/>
</iter>
<iter>
<kw name="Dictionary Should Contain Key" owner="Collections">
<arg>${json_data['results'][0]}</arg>
<arg>${key}</arg>
<doc>Fails if ``key`` is not found from ``dictionary``.</doc>
<status status="PASS" start="2024-07-21T16:19:35.984961" elapsed="0.000378"/>
</kw>
<kw name="Log" owner="BuiltIn">
<msg time="2024-07-21T16:19:35.985861" level="INFO">{'gender': 'female', 'name': {'title': 'Ms', 'first': 'Hannah', 'last': 'Wilson'}, 'location': {'street': {'number': 7069, 'name': 'Stuart Street'}, 'city': 'Christchurch', 'state': 'Taranaki', 'country': 'New Zealand', 'postcode': 92208, 'coordinates': {'latitude': '49.9856', 'longitude': '72.8758'}, 'timezone': {'offset': '+5:30', 'description': 'Bombay, Calcutta, Madras, New Delhi'}}, 'email': 'hannah.wilson@example.com', 'login': {'uuid': '5ecbbd1b-ef97-4677-b125-5b9364e4d627', 'username': 'greenfrog735', 'password': 'boyboy', 'salt': '9JEzBC9e', 'md5': '84296ad09b1792a009167a06f9e1fcf4', 'sha1': 'f055ff16ca68ae7b6f276ed2cea065f6a37c5201', 'sha256': '97057696b7718f59627e8bb3b909a6264c3b6541f8fd85077f96bf2e5397e6cc'}, 'dob': {'date': '1976-10-23T20:37:39.660Z', 'age': 47}, 'registered': {'date': '2006-09-06T10:59:53.159Z', 'age': 17}, 'phone': '(382)-831-4035', 'cell': '(347)-924-4791', 'id': {'name': '', 'value': None}, 'picture': {'large': 'https://randomuser.me/api/portraits/women/37.jpg', 'medium': 'https://randomuser.me/api/portraits/med/women/37.jpg', 'thumbnail': 'https://randomuser.me/api/portraits/thumb/women/37.jpg'}, 'nat': 'NZ'}</msg>
<arg>${json_data['results'][0]}</arg>
<doc>Logs the given message with the given level.</doc>
<status status="PASS" start="2024-07-21T16:19:35.985519" elapsed="0.000392"/>
</kw>
<kw name="Log" owner="BuiltIn">
<msg time="2024-07-21T16:19:35.986366" level="INFO">login</msg>
<arg>${key}</arg>
<doc>Logs the given message with the given level.</doc>
<status status="PASS" start="2024-07-21T16:19:35.986240" elapsed="0.000163"/>
</kw>
<var name="${key}">login</var>
<status status="PASS" start="2024-07-21T16:19:35.984853" elapsed="0.001769"/>
</iter>
<var>${key}</var>
<value>@{expected_keys}</value>
<status status="PASS" start="2024-07-21T16:19:35.976660" elapsed="0.010081"/>
</for>
<kw name="Create List" owner="BuiltIn">
<msg time="2024-07-21T16:19:35.987055" level="INFO">${expected_keysTwo} = ['username', 'password']</msg>
<var>${expected_keysTwo}</var>
<arg>username</arg>
<arg>password</arg>
<doc>Returns a list containing given items.</doc>
<status status="PASS" start="2024-07-21T16:19:35.986925" elapsed="0.000182"/>
</kw>
<for flavor="IN">
<iter>
<kw name="Dictionary Should Contain Key" owner="Collections">
<arg>${json_data['results'][0]['login']}</arg>
<arg>${keyTwo}</arg>
<doc>Fails if ``key`` is not found from ``dictionary``.</doc>
<status status="PASS" start="2024-07-21T16:19:35.987602" elapsed="0.000387"/>
</kw>
<kw name="Dictionary Should Contain Key" owner="Collections">
<arg>${json_data['results'][0]['login']}</arg>
<arg>${keyTwo}</arg>
<doc>Fails if ``key`` is not found from ``dictionary``.</doc>
<status status="PASS" start="2024-07-21T16:19:35.988170" elapsed="0.000374"/>
</kw>
<kw name="Log" owner="BuiltIn">
<msg time="2024-07-21T16:19:35.988849" level="INFO">username</msg>
<arg>${keyTwo}</arg>
<doc>Logs the given message with the given level.</doc>
<status status="PASS" start="2024-07-21T16:19:35.988720" elapsed="0.000167"/>
</kw>
<var name="${keyTwo}">username</var>
<status status="PASS" start="2024-07-21T16:19:35.987495" elapsed="0.001609"/>
</iter>
<iter>
<kw name="Dictionary Should Contain Key" owner="Collections">
<arg>${json_data['results'][0]['login']}</arg>
<arg>${keyTwo}</arg>
<doc>Fails if ``key`` is not found from ``dictionary``.</doc>
<status status="PASS" start="2024-07-21T16:19:35.989384" elapsed="0.000372"/>
</kw>
<kw name="Dictionary Should Contain Key" owner="Collections">
<arg>${json_data['results'][0]['login']}</arg>
<arg>${keyTwo}</arg>
<doc>Fails if ``key`` is not found from ``dictionary``.</doc>
<status status="PASS" start="2024-07-21T16:19:35.989934" elapsed="0.000414"/>
</kw>
<kw name="Log" owner="BuiltIn">
<msg time="2024-07-21T16:19:35.990654" level="INFO">password</msg>
<arg>${keyTwo}</arg>
<doc>Logs the given message with the given level.</doc>
<status status="PASS" start="2024-07-21T16:19:35.990527" elapsed="0.000165"/>
</kw>
<var name="${keyTwo}">password</var>
<status status="PASS" start="2024-07-21T16:19:35.989275" elapsed="0.001635"/>
</iter>
<var>${keyTwo}</var>
<value>@{expected_keysTwo}</value>
<status status="PASS" start="2024-07-21T16:19:35.987347" elapsed="0.003683"/>
</for>
<status status="PASS" start="2024-07-21T16:19:35.926048" elapsed="0.065118"/>
</kw>
<doc>Testa a estrutura da resposta da API.</doc>
<tag>testeEstruturaResposta</tag>
<status status="PASS" start="2024-07-21T16:19:35.925247" elapsed="0.066065"/>
</test>
<test id="s1-s1-t4" name="Validar tipos de dados" line="28">
<kw name="Teste de Tipos de Dados" owner="random-user-service">
<kw name="GET On Session" owner="RequestsLibrary">
<msg time="2024-07-21T16:19:36.079826" level="INFO">GET Request : url=https://randomuser.me/api 
 path_url=/api 
 headers={'User-Agent': 'python-requests/2.32.3', 'Accept-Encoding': 'gzip, deflate', 'Accept': '*/*', 'Connection': 'keep-alive'} 
 body=None 
 </msg>
<msg time="2024-07-21T16:19:36.079902" level="INFO">GET Response : url=https://randomuser.me/api 
 status=200, reason=OK 
 headers={'Date': 'Sun, 21 Jul 2024 16:19:36 GMT', 'Content-Type': 'application/json; charset=utf-8', 'Transfer-Encoding': 'chunked', 'Connection': 'keep-alive', 'X-Powered-By': 'Express', 'Access-Control-Allow-Origin': '*', 'Cache-Control': 'no-cache', 'ETag': 'W/"4a5-DODUw21HPl1SfaS5GfmtuOo2mfs"', 'Vary': 'Accept-Encoding', 'Content-Encoding': 'gzip', 'CF-Cache-Status': 'DYNAMIC', 'Report-To': '{"endpoints":[{"url":"https:\\/\\/a.nel.cloudflare.com\\/report\\/v4?s=tsng7RRNJqtSkrRM888eEeURcKhPcMSi7FnN02Oz6iXdGtyqSe0g9kp5thgow8oh0ngyHQGTXnRbjGnkBKgbM57hr39kxnBFmp4gEjB%2BrvtfvYXVyug3MalyQttKYdD9"}],"group":"cf-nel","max_age":604800}', 'NEL': '{"success_fraction":0,"report_to":"cf-nel","max_age":604800}', 'Server': 'cloudflare', 'CF-RAY': '8a6c8375fd2920a6-IAD', 'alt-svc': 'h3=":443"; ma=86400'} 
 body={"results":[{"gender":"female","name":{"title":"Mrs","first":"Nicky","last":"Lawson"},"location":{"street":{"number":3109,"name":"Queensway"},"city":"Stevenage","state":"Oxfordshire","country":"United Kingdom","postcode":"T3 9TW","coordinates":{"latitude":"-11.6077","longitude":"10.1766"},"timezone":{"offset":"-5:00","description":"Eastern Time (US &amp; Canada), Bogota, Lima"}},"email":"nicky.lawson@example.com","login":{"uuid":"b8834acb-3172-4f2c-a77b-ad1633f258fb","username":"sadmouse881","password":"ireland","salt":"hDk0lWlD","md5":"599643c3af916ffd0b54a1ccfaa4690b","sha1":"8bc6b3f62d0fd305347d5b7bb62824a72dc3869c","sha256":"e13082393dcd3e94060bab57c2dfdd73841107b7aef95310a7926a21218a25e6"},"dob":{"date":"1949-10-08T04:55:18.745Z","age":74},"registered":{"date":"2009-10-27T05:00:49.190Z","age":14},"phone":"0121 264 3687","cell":"07620 078446","id":{"name":"NINO","value":"HS 96 99 22 U"},"picture":{"large":"https://randomuser.me/api/portraits/women/22.jpg","medium":"https://randomuser.me/api/portraits/med/women/22.jpg","thumbnail":"https://randomuser.me/api/portraits/thumb/women/22.jpg"},"nat":"GB"}],"info":{"seed":"64dee0756a1cae21","results":1,"page":1,"version":"1.4"}} 
 </msg>
<msg time="2024-07-21T16:19:36.079975" level="INFO">/opt/hostedtoolcache/Python/3.12.4/x64/lib/python3.12/site-packages/urllib3/connectionpool.py:1099: InsecureRequestWarning: Unverified HTTPS request is being made to host 'randomuser.me'. Adding certificate verification is strongly advised. See: https://urllib3.readthedocs.io/en/latest/advanced-usage.html#tls-warnings
  warnings.warn(</msg>
<msg time="2024-07-21T16:19:36.080076" level="INFO">${response} = &lt;Response [200]&gt;</msg>
<var>${response}</var>
<arg>consultarAPI</arg>
<arg>/api</arg>
<doc>Sends a GET request on a previously created HTTP Session.</doc>
<status status="PASS" start="2024-07-21T16:19:35.993658" elapsed="0.086465"/>
</kw>
<kw name="Set Variable" owner="BuiltIn">
<msg time="2024-07-21T16:19:36.080920" level="INFO">${json_data} = {'results': [{'gender': 'female', 'name': {'title': 'Mrs', 'first': 'Nicky', 'last': 'Lawson'}, 'location': {'street': {'number': 3109, 'name': 'Queensway'}, 'city': 'Stevenage', 'state': 'Oxfordshire...</msg>
<var>${json_data}</var>
<arg>${response.json()}</arg>
<doc>Returns the given values which can then be assigned to a variables.</doc>
<status status="PASS" start="2024-07-21T16:19:36.080482" elapsed="0.000467"/>
</kw>
<kw name="Log" owner="BuiltIn">
<msg time="2024-07-21T16:19:36.081393" level="INFO">{'results': [{'gender': 'female', 'name': {'title': 'Mrs', 'first': 'Nicky', 'last': 'Lawson'}, 'location': {'street': {'number': 3109, 'name': 'Queensway'}, 'city': 'Stevenage', 'state': 'Oxfordshire', 'country': 'United Kingdom', 'postcode': 'T3 9TW', 'coordinates': {'latitude': '-11.6077', 'longitude': '10.1766'}, 'timezone': {'offset': '-5:00', 'description': 'Eastern Time (US &amp; Canada), Bogota, Lima'}}, 'email': 'nicky.lawson@example.com', 'login': {'uuid': 'b8834acb-3172-4f2c-a77b-ad1633f258fb', 'username': 'sadmouse881', 'password': 'ireland', 'salt': 'hDk0lWlD', 'md5': '599643c3af916ffd0b54a1ccfaa4690b', 'sha1': '8bc6b3f62d0fd305347d5b7bb62824a72dc3869c', 'sha256': 'e13082393dcd3e94060bab57c2dfdd73841107b7aef95310a7926a21218a25e6'}, 'dob': {'date': '1949-10-08T04:55:18.745Z', 'age': 74}, 'registered': {'date': '2009-10-27T05:00:49.190Z', 'age': 14}, 'phone': '0121 264 3687', 'cell': '07620 078446', 'id': {'name': 'NINO', 'value': 'HS 96 99 22 U'}, 'picture': {'large': 'https://randomuser.me/api/portraits/women/22.jpg', 'medium': 'https://randomuser.me/api/portraits/med/women/22.jpg', 'thumbnail': 'https://randomuser.me/api/portraits/thumb/women/22.jpg'}, 'nat': 'GB'}], 'info': {'seed': '64dee0756a1cae21', 'results': 1, 'page': 1, 'version': '1.4'}}</msg>
<arg>${json_data}</arg>
<doc>Logs the given message with the given level.</doc>
<status status="PASS" start="2024-07-21T16:19:36.081245" elapsed="0.000198"/>
</kw>
<kw name="Should Be String" owner="String">
<arg>${json_data['results'][0]['gender']}</arg>
<doc>Fails if the given ``item`` is not a string.</doc>
<status status="PASS" start="2024-07-21T16:19:36.081726" elapsed="0.000414"/>
</kw>
<kw name="Should Match Regexp" owner="BuiltIn">
<arg>${json_data['results'][0]['email']}</arg>
<arg>^[a-zA-Z0-9._%+-]+@[a-zA-Z0-9.-]+\.[a-zA-Z]{2,}$</arg>
<doc>Fails if ``string`` does not match ``pattern`` as a regular expression.</doc>
<status status="PASS" start="2024-07-21T16:19:36.082365" elapsed="0.000533"/>
</kw>
<kw name="Should Match Regexp" owner="BuiltIn">
<arg>${json_data['results'][0]['dob']['date']}</arg>
<arg>\\d{4}-\\d{2}-\\d{2}T\\d{2}:\\d{2}:\\d{2}\\.\\d{3}Z</arg>
<doc>Fails if ``string`` does not match ``pattern`` as a regular expression.</doc>
<status status="PASS" start="2024-07-21T16:19:36.083093" elapsed="0.000584"/>
</kw>
<kw name="Should Match Regexp" owner="BuiltIn">
<arg>${json_data['results'][0]['registered']['date']}</arg>
<arg>\\d{4}-\\d{2}-\\d{2}T\\d{2}:\\d{2}:\\d{2}\\.\\d{3}Z</arg>
<doc>Fails if ``string`` does not match ``pattern`` as a regular expression.</doc>
<status status="PASS" start="2024-07-21T16:19:36.083870" elapsed="0.000368"/>
</kw>
<kw name="Should Match Regexp" owner="BuiltIn">
<arg>${json_data['results'][0]['picture']['large']}</arg>
<arg>^https?://.*\.(?:png|jpe?g|gif|bmp)$</arg>
<doc>Fails if ``string`` does not match ``pattern`` as a regular expression.</doc>
<status status="PASS" start="2024-07-21T16:19:36.084422" elapsed="0.000454"/>
</kw>
<kw name="Should Match Regexp" owner="BuiltIn">
<arg>${json_data['results'][0]['picture']['medium']}</arg>
<arg>^https?://.*\.(?:png|jpe?g|gif|bmp)$</arg>
<doc>Fails if ``string`` does not match ``pattern`` as a regular expression.</doc>
<status status="PASS" start="2024-07-21T16:19:36.085064" elapsed="0.000353"/>
</kw>
<kw name="Should Match Regexp" owner="BuiltIn">
<arg>${json_data['results'][0]['picture']['thumbnail']}</arg>
<arg>^https?://.*\.(?:png|jpe?g|gif|bmp)$</arg>
<doc>Fails if ``string`` does not match ``pattern`` as a regular expression.</doc>
<status status="PASS" start="2024-07-21T16:19:36.085601" elapsed="0.000347"/>
</kw>
<kw name="Log" owner="BuiltIn">
<msg time="2024-07-21T16:19:36.086474" level="INFO">{'large': 'https://randomuser.me/api/portraits/women/22.jpg', 'medium': 'https://randomuser.me/api/portraits/med/women/22.jpg', 'thumbnail': 'https://randomuser.me/api/portraits/thumb/women/22.jpg'}</msg>
<arg>${json_data['results'][0]['picture']}</arg>
<doc>Logs the given message with the given level.</doc>
<status status="PASS" start="2024-07-21T16:19:36.086154" elapsed="0.000362"/>
</kw>
<status status="PASS" start="2024-07-21T16:19:35.993437" elapsed="0.093335"/>
</kw>
<kw name="Teste de Tipos de Dados - Postcode" owner="random-user-service">
<kw name="GET On Session" owner="RequestsLibrary">
<msg time="2024-07-21T16:19:36.157203" level="INFO">GET Request : url=https://randomuser.me/api 
 path_url=/api 
 headers={'User-Agent': 'python-requests/2.32.3', 'Accept-Encoding': 'gzip, deflate', 'Accept': '*/*', 'Connection': 'keep-alive'} 
 body=None 
 </msg>
<msg time="2024-07-21T16:19:36.157285" level="INFO">GET Response : url=https://randomuser.me/api 
 status=200, reason=OK 
 headers={'Date': 'Sun, 21 Jul 2024 16:19:36 GMT', 'Content-Type': 'application/json; charset=utf-8', 'Transfer-Encoding': 'chunked', 'Connection': 'keep-alive', 'X-Powered-By': 'Express', 'Access-Control-Allow-Origin': '*', 'Cache-Control': 'no-cache', 'ETag': 'W/"477-hlZUqynU7wUco3NTrk9xaUvNft4"', 'Vary': 'Accept-Encoding', 'Content-Encoding': 'gzip', 'CF-Cache-Status': 'DYNAMIC', 'Report-To': '{"endpoints":[{"url":"https:\\/\\/a.nel.cloudflare.com\\/report\\/v4?s=yf%2BmRrh1R82zeRaI8AMTpZdWlavx0KO5KU9tzanNkVBxX5UaxRG8Yn6OXzM7yijrU4OnUgzj2SQAiGmMRRAegWxiRmIcy5pLGMWG53Y%2FC4yTUhHvLnhX%2FxLAHZ2scSRH"}],"group":"cf-nel","max_age":604800}', 'NEL': '{"success_fraction":0,"report_to":"cf-nel","max_age":604800}', 'Server': 'cloudflare', 'CF-RAY': '8a6c83768e2a20a6-IAD', 'alt-svc': 'h3=":443"; ma=86400'} 
 body={"results":[{"gender":"male","name":{"title":"Mr","first":"Harrison","last":"Li"},"location":{"street":{"number":6888,"name":"Colombo Street"},"city":"Gisborne","state":"Nelson","country":"New Zealand","postcode":33353,"coordinates":{"latitude":"53.2245","longitude":"-73.3593"},"timezone":{"offset":"+6:00","description":"Almaty, Dhaka, Colombo"}},"email":"harrison.li@example.com","login":{"uuid":"67cb2274-6c71-4bf8-a478-31a4493b9594","username":"heavyleopard305","password":"custom","salt":"yWBeT8G3","md5":"f7a4a4783d29bf95a3043fd607b04736","sha1":"c63d91cb0bbe4d754eb7c216515292c14ede1e3d","sha256":"6b4439e61c54550a8c42813c5ba6956dde828bcc6110abc3b94a1c4f604209ea"},"dob":{"date":"1948-10-12T08:56:50.765Z","age":75},"registered":{"date":"2015-01-26T11:38:58.618Z","age":9},"phone":"(262)-753-5250","cell":"(553)-091-1103","id":{"name":"","value":null},"picture":{"large":"https://randomuser.me/api/portraits/men/25.jpg","medium":"https://randomuser.me/api/portraits/med/men/25.jpg","thumbnail":"https://randomuser.me/api/portraits/thumb/men/25.jpg"},"nat":"NZ"}],"info":{"seed":"026a1f46c6ff8adf","results":1,"page":1,"version":"1.4"}} 
 </msg>
<msg time="2024-07-21T16:19:36.157351" level="INFO">/opt/hostedtoolcache/Python/3.12.4/x64/lib/python3.12/site-packages/urllib3/connectionpool.py:1099: InsecureRequestWarning: Unverified HTTPS request is being made to host 'randomuser.me'. Adding certificate verification is strongly advised. See: https://urllib3.readthedocs.io/en/latest/advanced-usage.html#tls-warnings
  warnings.warn(</msg>
<msg time="2024-07-21T16:19:36.157433" level="INFO">${response} = &lt;Response [200]&gt;</msg>
<var>${response}</var>
<arg>consultarAPI</arg>
<arg>/api</arg>
<doc>Sends a GET request on a previously created HTTP Session.</doc>
<status status="PASS" start="2024-07-21T16:19:36.087192" elapsed="0.070265"/>
</kw>
<kw name="Set Variable" owner="BuiltIn">
<msg time="2024-07-21T16:19:36.158300" level="INFO">${json_data} = {'results': [{'gender': 'male', 'name': {'title': 'Mr', 'first': 'Harrison', 'last': 'Li'}, 'location': {'street': {'number': 6888, 'name': 'Colombo Street'}, 'city': 'Gisborne', 'state': 'Nelson', 'c...</msg>
<var>${json_data}</var>
<arg>${response.json()}</arg>
<doc>Returns the given values which can then be assigned to a variables.</doc>
<status status="PASS" start="2024-07-21T16:19:36.157824" elapsed="0.000504"/>
</kw>
<kw name="Log" owner="BuiltIn">
<msg time="2024-07-21T16:19:36.158780" level="INFO">{'results': [{'gender': 'male', 'name': {'title': 'Mr', 'first': 'Harrison', 'last': 'Li'}, 'location': {'street': {'number': 6888, 'name': 'Colombo Street'}, 'city': 'Gisborne', 'state': 'Nelson', 'country': 'New Zealand', 'postcode': 33353, 'coordinates': {'latitude': '53.2245', 'longitude': '-73.3593'}, 'timezone': {'offset': '+6:00', 'description': 'Almaty, Dhaka, Colombo'}}, 'email': 'harrison.li@example.com', 'login': {'uuid': '67cb2274-6c71-4bf8-a478-31a4493b9594', 'username': 'heavyleopard305', 'password': 'custom', 'salt': 'yWBeT8G3', 'md5': 'f7a4a4783d29bf95a3043fd607b04736', 'sha1': 'c63d91cb0bbe4d754eb7c216515292c14ede1e3d', 'sha256': '6b4439e61c54550a8c42813c5ba6956dde828bcc6110abc3b94a1c4f604209ea'}, 'dob': {'date': '1948-10-12T08:56:50.765Z', 'age': 75}, 'registered': {'date': '2015-01-26T11:38:58.618Z', 'age': 9}, 'phone': '(262)-753-5250', 'cell': '(553)-091-1103', 'id': {'name': '', 'value': None}, 'picture': {'large': 'https://randomuser.me/api/portraits/men/25.jpg', 'medium': 'https://randomuser.me/api/portraits/med/men/25.jpg', 'thumbnail': 'https://randomuser.me/api/portraits/thumb/men/25.jpg'}, 'nat': 'NZ'}], 'info': {'seed': '026a1f46c6ff8adf', 'results': 1, 'page': 1, 'version': '1.4'}}</msg>
<arg>${json_data}</arg>
<doc>Logs the given message with the given level.</doc>
<status status="PASS" start="2024-07-21T16:19:36.158629" elapsed="0.000197"/>
</kw>
<kw name="Should Be Equal As Numbers" owner="BuiltIn">
<arg>${json_data['results'][0]['location']['postcode']}</arg>
<arg>${json_data['results'][0]['location']['postcode']}</arg>
<doc>Fails if objects are unequal after converting them to real numbers.</doc>
<status status="PASS" start="2024-07-21T16:19:36.159116" elapsed="0.000612"/>
</kw>
<kw name="Log" owner="BuiltIn">
<msg time="2024-07-21T16:19:36.160260" level="INFO">33353</msg>
<arg>${json_data['results'][0]['location']['postcode']}</arg>
<doc>Logs the given message with the given level.</doc>
<status status="PASS" start="2024-07-21T16:19:36.159920" elapsed="0.000381"/>
</kw>
<status status="PASS" start="2024-07-21T16:19:36.086978" elapsed="0.073599"/>
</kw>
<doc>Testa se os tipos de dados na resposta da API estão corretos.</doc>
<tag>testeTiposDados</tag>
<status status="PASS" start="2024-07-21T16:19:35.993028" elapsed="0.167722"/>
</test>
<test id="s1-s1-t5" name="Validar conteudo" line="35">
<kw name="Teste de Tipos de Conteudo" owner="random-user-service">
<kw name="GET On Session" owner="RequestsLibrary">
<msg time="2024-07-21T16:19:36.273631" level="INFO">GET Request : url=https://randomuser.me/api 
 path_url=/api 
 headers={'User-Agent': 'python-requests/2.32.3', 'Accept-Encoding': 'gzip, deflate', 'Accept': '*/*', 'Connection': 'keep-alive'} 
 body=None 
 </msg>
<msg time="2024-07-21T16:19:36.273693" level="INFO">GET Response : url=https://randomuser.me/api 
 status=200, reason=OK 
 headers={'Date': 'Sun, 21 Jul 2024 16:19:36 GMT', 'Content-Type': 'application/json; charset=utf-8', 'Transfer-Encoding': 'chunked', 'Connection': 'keep-alive', 'X-Powered-By': 'Express', 'Access-Control-Allow-Origin': '*', 'Cache-Control': 'no-cache', 'ETag': 'W/"476-KEhbQhkIzBg9P6KYkEyoAA7DMTI"', 'Vary': 'Accept-Encoding', 'Content-Encoding': 'gzip', 'CF-Cache-Status': 'DYNAMIC', 'Report-To': '{"endpoints":[{"url":"https:\\/\\/a.nel.cloudflare.com\\/report\\/v4?s=jUG%2FG5uNCrf6%2B6qk1vAGtIOpNdyFGllWNseTb%2FruifsJ9aGidqt5Hw8gbHqa0akkw7TD%2BQu%2BU%2B30HuNIGSSXN27bQcCgRfiFkxZVRhb9awA92XY1RSxQ32CXKwa6oDU3"}],"group":"cf-nel","max_age":604800}', 'NEL': '{"success_fraction":0,"report_to":"cf-nel","max_age":604800}', 'Server': 'cloudflare', 'CF-RAY': '8a6c83770f0320a6-IAD', 'alt-svc': 'h3=":443"; ma=86400'} 
 body={"results":[{"gender":"female","name":{"title":"Mrs","first":"Kylie","last":"Young"},"location":{"street":{"number":6192,"name":"Lakeview St"},"city":"Townsville","state":"Queensland","country":"Australia","postcode":2206,"coordinates":{"latitude":"-88.7909","longitude":"170.9750"},"timezone":{"offset":"+5:45","description":"Kathmandu"}},"email":"kylie.young@example.com","login":{"uuid":"8fab97d7-55c3-441b-976b-16060abd0b52","username":"sadbutterfly467","password":"heat","salt":"uVnpeS1C","md5":"9122b3ee7f53de724f84894a10097df1","sha1":"9fcf468ab6cdb1aa23cae0a042bef4030da43a93","sha256":"e857a97decf962ca5b98d95172b2c252557fcbbd529ee3e5e3c49cd474bfbece"},"dob":{"date":"1945-06-07T20:15:24.929Z","age":79},"registered":{"date":"2010-10-08T18:16:47.781Z","age":13},"phone":"06-7806-3147","cell":"0491-992-667","id":{"name":"TFN","value":"484439986"},"picture":{"large":"https://randomuser.me/api/portraits/women/4.jpg","medium":"https://randomuser.me/api/portraits/med/women/4.jpg","thumbnail":"https://randomuser.me/api/portraits/thumb/women/4.jpg"},"nat":"AU"}],"info":{"seed":"6dd4e3c4b869bc0f","results":1,"page":1,"version":"1.4"}} 
 </msg>
<msg time="2024-07-21T16:19:36.273751" level="INFO">/opt/hostedtoolcache/Python/3.12.4/x64/lib/python3.12/site-packages/urllib3/connectionpool.py:1099: InsecureRequestWarning: Unverified HTTPS request is being made to host 'randomuser.me'. Adding certificate verification is strongly advised. See: https://urllib3.readthedocs.io/en/latest/advanced-usage.html#tls-warnings
  warnings.warn(</msg>
<msg time="2024-07-21T16:19:36.273835" level="INFO">${response} = &lt;Response [200]&gt;</msg>
<var>${response}</var>
<arg>consultarAPI</arg>
<arg>/api</arg>
<doc>Sends a GET request on a previously created HTTP Session.</doc>
<status status="PASS" start="2024-07-21T16:19:36.163131" elapsed="0.110727"/>
</kw>
<kw name="Set Variable" owner="BuiltIn">
<msg time="2024-07-21T16:19:36.274694" level="INFO">${json_data} = {'results': [{'gender': 'female', 'name': {'title': 'Mrs', 'first': 'Kylie', 'last': 'Young'}, 'location': {'street': {'number': 6192, 'name': 'Lakeview St'}, 'city': 'Townsville', 'state': 'Queenslan...</msg>
<var>${json_data}</var>
<arg>${response.json()}</arg>
<doc>Returns the given values which can then be assigned to a variables.</doc>
<status status="PASS" start="2024-07-21T16:19:36.274253" elapsed="0.000469"/>
</kw>
<kw name="Set Variable" owner="BuiltIn">
<msg time="2024-07-21T16:19:36.275405" level="INFO">${name_title} = Mrs</msg>
<var>${name_title}</var>
<arg>${json_data["results"][0]["name"]["title"]}</arg>
<doc>Returns the given values which can then be assigned to a variables.</doc>
<status status="PASS" start="2024-07-21T16:19:36.275023" elapsed="0.000408"/>
</kw>
<kw name="Create List" owner="BuiltIn">
<msg time="2024-07-21T16:19:36.275877" level="INFO">${allowed_titles} = ['Mr', 'Ms', 'Miss', 'Mrs', 'Madame', 'Monsieur']</msg>
<var>${allowed_titles}</var>
<arg>Mr</arg>
<arg>Ms</arg>
<arg>Miss</arg>
<arg>Mrs</arg>
<arg>Madame</arg>
<arg>Monsieur</arg>
<doc>Returns a list containing given items.</doc>
<status status="PASS" start="2024-07-21T16:19:36.275730" elapsed="0.000171"/>
</kw>
<kw name="List Should Contain Value" owner="Collections">
<arg>${allowed_titles}</arg>
<arg>${name_title}</arg>
<doc>Fails if the ``value`` is not found from ``list``.</doc>
<status status="PASS" start="2024-07-21T16:19:36.276195" elapsed="0.000168"/>
</kw>
<kw name="Set Variable" owner="BuiltIn">
<msg time="2024-07-21T16:19:36.276922" level="INFO">${name_country} = AU</msg>
<var>${name_country}</var>
<arg>${json_data["results"][0]["nat"]}</arg>
<doc>Returns the given values which can then be assigned to a variables.</doc>
<status status="PASS" start="2024-07-21T16:19:36.276545" elapsed="0.000403"/>
</kw>
<kw name="Create List" owner="BuiltIn">
<msg time="2024-07-21T16:19:36.277827" level="INFO">${list_country} = ['AD', 'AE', 'AF', 'AG', 'AI', 'AL', 'AM', 'AO', 'AQ', 'AR', 'AS', 'AT', 'AU', 'AW', 'AX', 'AZ', 'BA', 'BB', 'BD', 'BE', 'BF', 'BG', 'BH', 'BI', 'BJ', 'BL', 'BM', 'BN', 'BO', 'BQ', 'BR', 'BS', 'BT', '...</msg>
<var>${list_country}</var>
<arg>AD</arg>
<arg>AE</arg>
<arg>AF</arg>
<arg>AG</arg>
<arg>AI</arg>
<arg>AL</arg>
<arg>AM</arg>
<arg>AO</arg>
<arg>AQ</arg>
<arg>AR</arg>
<arg>AS</arg>
<arg>AT</arg>
<arg>AU</arg>
<arg>AW</arg>
<arg>AX</arg>
<arg>AZ</arg>
<arg>BA</arg>
<arg>BB</arg>
<arg>BD</arg>
<arg>BE</arg>
<arg>BF</arg>
<arg>BG</arg>
<arg>BH</arg>
<arg>BI</arg>
<arg>BJ</arg>
<arg>BL</arg>
<arg>BM</arg>
<arg>BN</arg>
<arg>BO</arg>
<arg>BQ</arg>
<arg>BR</arg>
<arg>BS</arg>
<arg>BT</arg>
<arg>BV</arg>
<arg>BW</arg>
<arg>BY</arg>
<arg>BZ</arg>
<arg>CA</arg>
<arg>CC</arg>
<arg>CD</arg>
<arg>CF</arg>
<arg>CG</arg>
<arg>CH</arg>
<arg>CI</arg>
<arg>CK</arg>
<arg>CL</arg>
<arg>CM</arg>
<arg>CN</arg>
<arg>CO</arg>
<arg>CR</arg>
<arg>CU</arg>
<arg>CV</arg>
<arg>CW</arg>
<arg>CX</arg>
<arg>CY</arg>
<arg>CZ</arg>
<arg>DE</arg>
<arg>DJ</arg>
<arg>DK</arg>
<arg>DM</arg>
<arg>DO</arg>
<arg>DZ</arg>
<arg>EC</arg>
<arg>EE</arg>
<arg>EG</arg>
<arg>EH</arg>
<arg>ER</arg>
<arg>ES</arg>
<arg>ET</arg>
<arg>FI</arg>
<arg>FJ</arg>
<arg>FK</arg>
<arg>FM</arg>
<arg>FO</arg>
<arg>FR</arg>
<arg>GA</arg>
<arg>GB</arg>
<arg>GD</arg>
<arg>GE</arg>
<arg>GF</arg>
<arg>GG</arg>
<arg>GH</arg>
<arg>GI</arg>
<arg>GL</arg>
<arg>GM</arg>
<arg>GN</arg>
<arg>GP</arg>
<arg>GQ</arg>
<arg>GR</arg>
<arg>GS</arg>
<arg>GT</arg>
<arg>GU</arg>
<arg>GW</arg>
<arg>GY</arg>
<arg>HK</arg>
<arg>HM</arg>
<arg>HN</arg>
<arg>HR</arg>
<arg>HT</arg>
<arg>HU</arg>
<arg>ID</arg>
<arg>IE</arg>
<arg>IL</arg>
<arg>IM</arg>
<arg>IN</arg>
<arg>IO</arg>
<arg>IQ</arg>
<arg>IR</arg>
<arg>IS</arg>
<arg>IT</arg>
<arg>JE</arg>
<arg>JM</arg>
<arg>JO</arg>
<arg>JP</arg>
<arg>KE</arg>
<arg>KG</arg>
<arg>KH</arg>
<arg>KI</arg>
<arg>KM</arg>
<arg>KN</arg>
<arg>KP</arg>
<arg>KR</arg>
<arg>KW</arg>
<arg>KY</arg>
<arg>KZ</arg>
<arg>LA</arg>
<arg>LB</arg>
<arg>LC</arg>
<arg>LI</arg>
<arg>LK</arg>
<arg>LR</arg>
<arg>LS</arg>
<arg>LT</arg>
<arg>LU</arg>
<arg>LV</arg>
<arg>LY</arg>
<arg>MA</arg>
<arg>MC</arg>
<arg>MD</arg>
<arg>ME</arg>
<arg>MF</arg>
<arg>MG</arg>
<arg>MH</arg>
<arg>MK</arg>
<arg>ML</arg>
<arg>MM</arg>
<arg>MN</arg>
<arg>MO</arg>
<arg>MP</arg>
<arg>MQ</arg>
<arg>MR</arg>
<arg>MS</arg>
<arg>MT</arg>
<arg>MU</arg>
<arg>MV</arg>
<arg>MW</arg>
<arg>MX</arg>
<arg>MY</arg>
<arg>MZ</arg>
<arg>NA</arg>
<arg>NC</arg>
<arg>NE</arg>
<arg>NF</arg>
<arg>NG</arg>
<arg>NI</arg>
<arg>NL</arg>
<arg>NO</arg>
<arg>NP</arg>
<arg>NR</arg>
<arg>NU</arg>
<arg>NZ</arg>
<arg>OM</arg>
<arg>PA</arg>
<arg>PE</arg>
<arg>PF</arg>
<arg>PG</arg>
<arg>PH</arg>
<arg>PK</arg>
<arg>PL</arg>
<arg>PM</arg>
<arg>PN</arg>
<arg>PR</arg>
<arg>PS</arg>
<arg>PT</arg>
<arg>PW</arg>
<arg>PY</arg>
<arg>QA</arg>
<arg>RE</arg>
<arg>RO</arg>
<arg>RS</arg>
<arg>RU</arg>
<arg>RW</arg>
<arg>SA</arg>
<arg>SB</arg>
<arg>SC</arg>
<arg>SD</arg>
<arg>SE</arg>
<arg>SG</arg>
<arg>SH</arg>
<arg>SI</arg>
<arg>SJ</arg>
<arg>SK</arg>
<arg>SL</arg>
<arg>SM</arg>
<arg>SN</arg>
<arg>SO</arg>
<arg>SR</arg>
<arg>SS</arg>
<arg>ST</arg>
<arg>SV</arg>
<arg>SX</arg>
<arg>SY</arg>
<arg>SZ</arg>
<arg>TC</arg>
<arg>TD</arg>
<arg>TF</arg>
<arg>TG</arg>
<arg>TH</arg>
<arg>TJ</arg>
<arg>TK</arg>
<arg>TL</arg>
<arg>TM</arg>
<arg>TN</arg>
<arg>TO</arg>
<arg>TR</arg>
<arg>TT</arg>
<arg>TV</arg>
<arg>TW</arg>
<arg>TZ</arg>
<arg>UA</arg>
<arg>UG</arg>
<arg>UM</arg>
<arg>US</arg>
<arg>UY</arg>
<arg>UZ</arg>
<arg>VA</arg>
<arg>VC</arg>
<arg>VE</arg>
<arg>VG</arg>
<arg>VI</arg>
<arg>VN</arg>
<arg>VU</arg>
<arg>WF</arg>
<arg>WS</arg>
<arg>XK</arg>
<arg>YE</arg>
<arg>YT</arg>
<arg>ZA</arg>
<arg>ZM</arg>
<arg>ZW</arg>
<doc>Returns a list containing given items.</doc>
<status status="PASS" start="2024-07-21T16:19:36.277238" elapsed="0.000614"/>
</kw>
<kw name="List Should Contain Value" owner="Collections">
<arg>${list_country}</arg>
<arg>${name_country}</arg>
<doc>Fails if the ``value`` is not found from ``list``.</doc>
<status status="PASS" start="2024-07-21T16:19:36.278815" elapsed="0.000207"/>
</kw>
<kw name="Run Keyword If" owner="BuiltIn">
<kw name="Should Be True" owner="BuiltIn">
<arg>${True}</arg>
<doc>Fails if the given condition is not true.</doc>
<status status="PASS" start="2024-07-21T16:19:36.279955" elapsed="0.000139"/>
</kw>
<arg>${json_data["results"][0]["location"]["coordinates"]["latitude"]} &gt;= -90 and ${json_data["results"][0]["location"]["coordinates"]["latitude"]} &lt;= 90</arg>
<arg>Should Be True</arg>
<arg>${True}</arg>
<doc>Runs the given keyword with the given arguments, if ``condition`` is true.</doc>
<status status="PASS" start="2024-07-21T16:19:36.279217" elapsed="0.001001"/>
</kw>
<kw name="Run Keyword If" owner="BuiltIn">
<kw name="Should Be True" owner="BuiltIn">
<arg>${True}</arg>
<doc>Fails if the given condition is not true.</doc>
<status status="PASS" start="2024-07-21T16:19:36.281080" elapsed="0.000134"/>
</kw>
<arg>${json_data["results"][0]["location"]["coordinates"]["longitude"]} &gt;= -180 and ${json_data["results"][0]["location"]["coordinates"]["longitude"]} &lt;= 180</arg>
<arg>Should Be True</arg>
<arg>${True}</arg>
<doc>Runs the given keyword with the given arguments, if ``condition`` is true.</doc>
<status status="PASS" start="2024-07-21T16:19:36.280398" elapsed="0.000936"/>
</kw>
<status status="PASS" start="2024-07-21T16:19:36.162918" elapsed="0.118544"/>
</kw>
<doc>Testa o conteúdo específico dos campos retornados pela API.</doc>
<tag>testeConteudo</tag>
<status status="PASS" start="2024-07-21T16:19:36.162500" elapsed="0.119100"/>
</test>
<status status="PASS" start="2024-07-21T16:19:35.167551" elapsed="1.116004"/>
</suite>
<status status="PASS" start="2024-07-21T16:19:35.153225" elapsed="1.135278"/>
</suite>
<statistics>
<total>
<stat pass="5" fail="0" skip="0">All Tests</stat>
</total>
<tag>
<stat pass="1" fail="0" skip="0">testeConteudo</stat>
<stat pass="1" fail="0" skip="0">testeEstruturaResposta</stat>
<stat pass="1" fail="0" skip="0">testeRequisicaoBasica</stat>
<stat pass="1" fail="0" skip="0">testeTiposDados</stat>
</tag>
<suite>
<stat pass="5" fail="0" skip="0" id="s1" name="Tests">Tests</stat>
<stat pass="5" fail="0" skip="0" id="s1-s1" name="Random-User-Test">Tests.Random-User-Test</stat>
</suite>
</statistics>
<errors>
</errors>
</robot>
