<?xml version="1.0" encoding="UTF-8"?>
<robot generator="Robot 7.0.1 (Python 3.12.3 on linux)" generated="2024-06-17T21:14:27.046786" rpa="false" schemaversion="5">
<suite id="s1" name="Tests" source="/home/runner/work/ApiRandomUser/ApiRandomUser/RamdonUser/tests">
<suite id="s1-s1" name="Random-User-Test" source="/home/runner/work/ApiRandomUser/ApiRandomUser/RamdonUser/tests/random-user-test.robot">
<test id="s1-s1-t1" name="Conectar" line="13">
<kw name="Conectar API" owner="random-user-service">
<kw name="Create Session" owner="RequestsLibrary">
<msg time="2024-06-17T21:14:27.463044" level="INFO">Creating Session using : alias=consultarAPI, url=https://randomuser.me/, headers={},                     cookies={}, auth=None, timeout=None, proxies=None, verify=False,                     debug=0 </msg>
<arg>consultarAPI</arg>
<arg>${URL}</arg>
<doc>Create Session: create a HTTP session to a server</doc>
<status status="PASS" start="2024-06-17T21:14:27.462839" elapsed="0.000397"/>
</kw>
<status status="PASS" start="2024-06-17T21:14:27.461741" elapsed="0.001865"/>
</kw>
<status status="PASS" start="2024-06-17T21:14:27.461187" elapsed="0.002613"/>
</test>
<test id="s1-s1-t2" name="Validar retorno 200 e JSON Válido" line="16">
<kw name="Teste de Requisicao Basica" owner="random-user-service">
<kw name="GET On Session" owner="RequestsLibrary">
<msg time="2024-06-17T21:14:27.679801" level="INFO">GET Request : url=https://randomuser.me/api 
 path_url=/api 
 headers={'User-Agent': 'python-requests/2.32.3', 'Accept-Encoding': 'gzip, deflate', 'Accept': '*/*', 'Connection': 'keep-alive'} 
 body=None 
 </msg>
<msg time="2024-06-17T21:14:27.679978" level="INFO">GET Response : url=https://randomuser.me/api 
 status=200, reason=OK 
 headers={'Date': 'Mon, 17 Jun 2024 21:14:27 GMT', 'Content-Type': 'application/json; charset=utf-8', 'Transfer-Encoding': 'chunked', 'Connection': 'keep-alive', 'X-Powered-By': 'Express', 'Access-Control-Allow-Origin': '*', 'Cache-Control': 'no-cache', 'ETag': 'W/"49d-nLK50d7oTRVU8/h7zsPbS7JpR6c"', 'Vary': 'Accept-Encoding', 'Content-Encoding': 'gzip', 'CF-Cache-Status': 'DYNAMIC', 'Report-To': '{"endpoints":[{"url":"https:\\/\\/a.nel.cloudflare.com\\/report\\/v4?s=GNPGuuvAsAUMaR%2F7lWTLS8RFiGKu7Zx3slv2agIISvntbqSS47Lf%2BjRcgFmBBP7wGtYW3W5kt%2BS2WCKSKpSDmHxKVHU3BNMcTEvJ1uiRjDMk8QlnAuA3Z%2Bopizly3eM%2F"}],"group":"cf-nel","max_age":604800}', 'NEL': '{"success_fraction":0,"report_to":"cf-nel","max_age":604800}', 'Server': 'cloudflare', 'CF-RAY': '89560ca29e952081-IAD', 'alt-svc': 'h3=":443"; ma=86400'} 
 body={"results":[{"gender":"male","name":{"title":"Monsieur","first":"Dejan","last":"Roy"},"location":{"street":{"number":7420,"name":"Rue de la Barre"},"city":"Riniken","state":"Graubünden","country":"Switzerland","postcode":9874,"coordinates":{"latitude":"-58.2879","longitude":"-43.3190"},"timezone":{"offset":"+10:00","description":"Eastern Australia, Guam, Vladivostok"}},"email":"dejan.roy@example.com","login":{"uuid":"3ffbab6f-4e14-4320-a7f8-dd8bf1752c0d","username":"yellowleopard849","password":"house","salt":"s5gqmldx","md5":"6eaa6ead23b40342f990fff082aecd42","sha1":"1dbe3fcdc11d5d5c67063ff2fb5c93033e59e47f","sha256":"57290a73a1dbae1649249e553eae84d7f6dd4562d1b7a9deb6261441171035c0"},"dob":{"date":"1992-07-12T22:29:40.030Z","age":31},"registered":{"date":"2012-11-23T13:49:13.528Z","age":11},"phone":"075 431 80 89","cell":"075 669 37 46","id":{"name":"AVS","value":"756.1007.9231.32"},"picture":{"large":"https://randomuser.me/api/portraits/men/71.jpg","medium":"https://randomuser.me/api/portraits/med/men/71.jpg","thumbnail":"https://randomuser.me/api/portraits/thumb/men/71.jpg"},"nat":"CH"}],"info":{"seed":"49cafa22d06059f1","results":1,"page":1,"version":"1.4"}} 
 </msg>
<msg time="2024-06-17T21:14:27.680078" level="INFO">/opt/hostedtoolcache/Python/3.12.3/x64/lib/python3.12/site-packages/urllib3/connectionpool.py:1099: InsecureRequestWarning: Unverified HTTPS request is being made to host 'randomuser.me'. Adding certificate verification is strongly advised. See: https://urllib3.readthedocs.io/en/latest/advanced-usage.html#tls-warnings
  warnings.warn(</msg>
<msg time="2024-06-17T21:14:27.680250" level="INFO">${response} = &lt;Response [200]&gt;</msg>
<var>${response}</var>
<arg>consultarAPI</arg>
<arg>/api</arg>
<doc>Sends a GET request on a previously created HTTP Session.</doc>
<status status="PASS" start="2024-06-17T21:14:27.466391" elapsed="0.213904"/>
</kw>
<kw name="Should Be Equal As Numbers" owner="BuiltIn">
<msg time="2024-06-17T21:14:27.681328" level="INFO">Argument types are:
&lt;class 'int'&gt;
&lt;class 'str'&gt;</msg>
<arg>${response.status_code}</arg>
<arg>200</arg>
<doc>Fails if objects are unequal after converting them to real numbers.</doc>
<status status="PASS" start="2024-06-17T21:14:27.680855" elapsed="0.000541"/>
</kw>
<kw name="Log" owner="BuiltIn">
<msg time="2024-06-17T21:14:27.682084" level="INFO">200</msg>
<arg>${response.status_code}</arg>
<doc>Logs the given message with the given level.</doc>
<status status="PASS" start="2024-06-17T21:14:27.681736" elapsed="0.000392"/>
</kw>
<kw name="Set Variable" owner="BuiltIn">
<msg time="2024-06-17T21:14:27.682932" level="INFO">${json_data} = {'results': [{'gender': 'male', 'name': {'title': 'Monsieur', 'first': 'Dejan', 'last': 'Roy'}, 'location': {'street': {'number': 7420, 'name': 'Rue de la Barre'}, 'city': 'Riniken', 'state': 'Graubün...</msg>
<var>${json_data}</var>
<arg>${response.json()}</arg>
<doc>Returns the given values which can then be assigned to a variables.</doc>
<status status="PASS" start="2024-06-17T21:14:27.682488" elapsed="0.000473"/>
</kw>
<kw name="Dictionary Should Contain Key" owner="Collections">
<arg>${json_data}</arg>
<arg>results</arg>
<doc>Fails if ``key`` is not found from ``dictionary``.</doc>
<status status="PASS" start="2024-06-17T21:14:27.683265" elapsed="0.000166"/>
</kw>
<status status="PASS" start="2024-06-17T21:14:27.466113" elapsed="0.217478"/>
</kw>
<doc>Testa se a API responde corretamente e retorna um objeto JSON válido.</doc>
<tag>testeRequisicaoBasica</tag>
<status status="PASS" start="2024-06-17T21:14:27.465651" elapsed="0.218124"/>
</test>
<test id="s1-s1-t3" name="Validar estrutura de resposta" line="22">
<kw name="Teste de Estrutura de Resposta" owner="random-user-service">
<kw name="GET On Session" owner="RequestsLibrary">
<msg time="2024-06-17T21:14:27.777177" level="INFO">GET Request : url=https://randomuser.me/api 
 path_url=/api 
 headers={'User-Agent': 'python-requests/2.32.3', 'Accept-Encoding': 'gzip, deflate', 'Accept': '*/*', 'Connection': 'keep-alive'} 
 body=None 
 </msg>
<msg time="2024-06-17T21:14:27.777286" level="INFO">GET Response : url=https://randomuser.me/api 
 status=200, reason=OK 
 headers={'Date': 'Mon, 17 Jun 2024 21:14:27 GMT', 'Content-Type': 'application/json; charset=utf-8', 'Transfer-Encoding': 'chunked', 'Connection': 'keep-alive', 'X-Powered-By': 'Express', 'Access-Control-Allow-Origin': '*', 'Cache-Control': 'no-cache', 'ETag': 'W/"480-mI3ySxjplL0FA68mY7YHh60LYyA"', 'Vary': 'Accept-Encoding', 'Content-Encoding': 'gzip', 'CF-Cache-Status': 'DYNAMIC', 'Report-To': '{"endpoints":[{"url":"https:\\/\\/a.nel.cloudflare.com\\/report\\/v4?s=1YP0EB2hLjPLYTCREkqo7nwSlGGdG5sIUXpaNr921%2FYIQJ1G9g606tyD6pm684t0zMADZwvo3sizlhJSOrWH2vQVfOOnynPp%2FNOdujIQu%2FLiukdAie1a%2FvDapnetLqa5"}],"group":"cf-nel","max_age":604800}', 'NEL': '{"success_fraction":0,"report_to":"cf-nel","max_age":604800}', 'Server': 'cloudflare', 'CF-RAY': '89560ca31f122081-IAD', 'alt-svc': 'h3=":443"; ma=86400'} 
 body={"results":[{"gender":"female","name":{"title":"Mrs","first":"Florence","last":"Liu"},"location":{"street":{"number":3581,"name":"Main St"},"city":"New Glasgow","state":"Ontario","country":"Canada","postcode":"N6P 0S3","coordinates":{"latitude":"-69.0203","longitude":"163.1868"},"timezone":{"offset":"+6:00","description":"Almaty, Dhaka, Colombo"}},"email":"florence.liu@example.com","login":{"uuid":"789c599a-6b4b-4110-9eea-0dab29901a53","username":"redbear877","password":"towers","salt":"UsQggbJ6","md5":"8459c38db5beb1ae288ad6a67d35c2e9","sha1":"1d96dfea07ec673f5d95193fcbf0fa9999fb2411","sha256":"45d2e8e0ecab6307bf04037048e67678bcd064a9764596aa772de402a1f04bfd"},"dob":{"date":"1983-01-22T11:44:30.277Z","age":41},"registered":{"date":"2017-04-02T05:32:09.375Z","age":7},"phone":"O50 C63-2884","cell":"I10 C09-7836","id":{"name":"SIN","value":"112373345"},"picture":{"large":"https://randomuser.me/api/portraits/women/14.jpg","medium":"https://randomuser.me/api/portraits/med/women/14.jpg","thumbnail":"https://randomuser.me/api/portraits/thumb/women/14.jpg"},"nat":"CA"}],"info":{"seed":"c4090fa2eb3e1830","results":1,"page":1,"version":"1.4"}} 
 </msg>
<msg time="2024-06-17T21:14:27.777437" level="INFO">/opt/hostedtoolcache/Python/3.12.3/x64/lib/python3.12/site-packages/urllib3/connectionpool.py:1099: InsecureRequestWarning: Unverified HTTPS request is being made to host 'randomuser.me'. Adding certificate verification is strongly advised. See: https://urllib3.readthedocs.io/en/latest/advanced-usage.html#tls-warnings
  warnings.warn(</msg>
<msg time="2024-06-17T21:14:27.777581" level="INFO">${response} = &lt;Response [200]&gt;</msg>
<var>${response}</var>
<arg>consultarAPI</arg>
<arg>/api</arg>
<doc>Sends a GET request on a previously created HTTP Session.</doc>
<status status="PASS" start="2024-06-17T21:14:27.686611" elapsed="0.091011"/>
</kw>
<kw name="Set Variable" owner="BuiltIn">
<msg time="2024-06-17T21:14:27.778646" level="INFO">${json_data} = {'results': [{'gender': 'female', 'name': {'title': 'Mrs', 'first': 'Florence', 'last': 'Liu'}, 'location': {'street': {'number': 3581, 'name': 'Main St'}, 'city': 'New Glasgow', 'state': 'Ontario', '...</msg>
<var>${json_data}</var>
<arg>${response.json()}</arg>
<doc>Returns the given values which can then be assigned to a variables.</doc>
<status status="PASS" start="2024-06-17T21:14:27.778098" elapsed="0.000577"/>
</kw>
<kw name="Log" owner="BuiltIn">
<msg time="2024-06-17T21:14:27.779152" level="INFO">{'results': [{'gender': 'female', 'name': {'title': 'Mrs', 'first': 'Florence', 'last': 'Liu'}, 'location': {'street': {'number': 3581, 'name': 'Main St'}, 'city': 'New Glasgow', 'state': 'Ontario', 'country': 'Canada', 'postcode': 'N6P 0S3', 'coordinates': {'latitude': '-69.0203', 'longitude': '163.1868'}, 'timezone': {'offset': '+6:00', 'description': 'Almaty, Dhaka, Colombo'}}, 'email': 'florence.liu@example.com', 'login': {'uuid': '789c599a-6b4b-4110-9eea-0dab29901a53', 'username': 'redbear877', 'password': 'towers', 'salt': 'UsQggbJ6', 'md5': '8459c38db5beb1ae288ad6a67d35c2e9', 'sha1': '1d96dfea07ec673f5d95193fcbf0fa9999fb2411', 'sha256': '45d2e8e0ecab6307bf04037048e67678bcd064a9764596aa772de402a1f04bfd'}, 'dob': {'date': '1983-01-22T11:44:30.277Z', 'age': 41}, 'registered': {'date': '2017-04-02T05:32:09.375Z', 'age': 7}, 'phone': 'O50 C63-2884', 'cell': 'I10 C09-7836', 'id': {'name': 'SIN', 'value': '112373345'}, 'picture': {'large': 'https://randomuser.me/api/portraits/women/14.jpg', 'medium': 'https://randomuser.me/api/portraits/med/women/14.jpg', 'thumbnail': 'https://randomuser.me/api/portraits/thumb/women/14.jpg'}, 'nat': 'CA'}], 'info': {'seed': 'c4090fa2eb3e1830', 'results': 1, 'page': 1, 'version': '1.4'}}</msg>
<arg>${json_data}</arg>
<doc>Logs the given message with the given level.</doc>
<status status="PASS" start="2024-06-17T21:14:27.778989" elapsed="0.000212"/>
</kw>
<kw name="Dictionary Should Contain Key" owner="Collections">
<arg>${json_data}</arg>
<arg>results</arg>
<doc>Fails if ``key`` is not found from ``dictionary``.</doc>
<status status="PASS" start="2024-06-17T21:14:27.779497" elapsed="0.000161"/>
</kw>
<kw name="Should Not Be Empty" owner="BuiltIn">
<msg time="2024-06-17T21:14:27.779965" level="INFO">Length is 2.</msg>
<arg>${json_data}</arg>
<doc>Verifies that the given item is not empty.</doc>
<status status="PASS" start="2024-06-17T21:14:27.779842" elapsed="0.000162"/>
</kw>
<kw name="Create List" owner="BuiltIn">
<msg time="2024-06-17T21:14:27.780436" level="INFO">${expected_keys} = ['gender', 'name', 'location', 'email', 'login']</msg>
<var>${expected_keys}</var>
<arg>gender</arg>
<arg>name</arg>
<arg>location</arg>
<arg>email</arg>
<arg>login</arg>
<doc>Returns a list containing given items.</doc>
<status status="PASS" start="2024-06-17T21:14:27.780291" elapsed="0.000169"/>
</kw>
<for flavor="IN">
<iter>
<kw name="Dictionary Should Contain Key" owner="Collections">
<arg>${json_data['results'][0]}</arg>
<arg>${key}</arg>
<doc>Fails if ``key`` is not found from ``dictionary``.</doc>
<status status="PASS" start="2024-06-17T21:14:27.781044" elapsed="0.000417"/>
</kw>
<kw name="Log" owner="BuiltIn">
<msg time="2024-06-17T21:14:27.782011" level="INFO">{'gender': 'female', 'name': {'title': 'Mrs', 'first': 'Florence', 'last': 'Liu'}, 'location': {'street': {'number': 3581, 'name': 'Main St'}, 'city': 'New Glasgow', 'state': 'Ontario', 'country': 'Canada', 'postcode': 'N6P 0S3', 'coordinates': {'latitude': '-69.0203', 'longitude': '163.1868'}, 'timezone': {'offset': '+6:00', 'description': 'Almaty, Dhaka, Colombo'}}, 'email': 'florence.liu@example.com', 'login': {'uuid': '789c599a-6b4b-4110-9eea-0dab29901a53', 'username': 'redbear877', 'password': 'towers', 'salt': 'UsQggbJ6', 'md5': '8459c38db5beb1ae288ad6a67d35c2e9', 'sha1': '1d96dfea07ec673f5d95193fcbf0fa9999fb2411', 'sha256': '45d2e8e0ecab6307bf04037048e67678bcd064a9764596aa772de402a1f04bfd'}, 'dob': {'date': '1983-01-22T11:44:30.277Z', 'age': 41}, 'registered': {'date': '2017-04-02T05:32:09.375Z', 'age': 7}, 'phone': 'O50 C63-2884', 'cell': 'I10 C09-7836', 'id': {'name': 'SIN', 'value': '112373345'}, 'picture': {'large': 'https://randomuser.me/api/portraits/women/14.jpg', 'medium': 'https://randomuser.me/api/portraits/med/women/14.jpg', 'thumbnail': 'https://randomuser.me/api/portraits/thumb/women/14.jpg'}, 'nat': 'CA'}</msg>
<arg>${json_data['results'][0]}</arg>
<doc>Logs the given message with the given level.</doc>
<status status="PASS" start="2024-06-17T21:14:27.781653" elapsed="0.000408"/>
</kw>
<kw name="Log" owner="BuiltIn">
<msg time="2024-06-17T21:14:27.782516" level="INFO">gender</msg>
<arg>${key}</arg>
<doc>Logs the given message with the given level.</doc>
<status status="PASS" start="2024-06-17T21:14:27.782383" elapsed="0.000172"/>
</kw>
<var name="${key}">gender</var>
<status status="PASS" start="2024-06-17T21:14:27.780920" elapsed="0.001857"/>
</iter>
<iter>
<kw name="Dictionary Should Contain Key" owner="Collections">
<arg>${json_data['results'][0]}</arg>
<arg>${key}</arg>
<doc>Fails if ``key`` is not found from ``dictionary``.</doc>
<status status="PASS" start="2024-06-17T21:14:27.783088" elapsed="0.000390"/>
</kw>
<kw name="Log" owner="BuiltIn">
<msg time="2024-06-17T21:14:27.784018" level="INFO">{'gender': 'female', 'name': {'title': 'Mrs', 'first': 'Florence', 'last': 'Liu'}, 'location': {'street': {'number': 3581, 'name': 'Main St'}, 'city': 'New Glasgow', 'state': 'Ontario', 'country': 'Canada', 'postcode': 'N6P 0S3', 'coordinates': {'latitude': '-69.0203', 'longitude': '163.1868'}, 'timezone': {'offset': '+6:00', 'description': 'Almaty, Dhaka, Colombo'}}, 'email': 'florence.liu@example.com', 'login': {'uuid': '789c599a-6b4b-4110-9eea-0dab29901a53', 'username': 'redbear877', 'password': 'towers', 'salt': 'UsQggbJ6', 'md5': '8459c38db5beb1ae288ad6a67d35c2e9', 'sha1': '1d96dfea07ec673f5d95193fcbf0fa9999fb2411', 'sha256': '45d2e8e0ecab6307bf04037048e67678bcd064a9764596aa772de402a1f04bfd'}, 'dob': {'date': '1983-01-22T11:44:30.277Z', 'age': 41}, 'registered': {'date': '2017-04-02T05:32:09.375Z', 'age': 7}, 'phone': 'O50 C63-2884', 'cell': 'I10 C09-7836', 'id': {'name': 'SIN', 'value': '112373345'}, 'picture': {'large': 'https://randomuser.me/api/portraits/women/14.jpg', 'medium': 'https://randomuser.me/api/portraits/med/women/14.jpg', 'thumbnail': 'https://randomuser.me/api/portraits/thumb/women/14.jpg'}, 'nat': 'CA'}</msg>
<arg>${json_data['results'][0]}</arg>
<doc>Logs the given message with the given level.</doc>
<status status="PASS" start="2024-06-17T21:14:27.783666" elapsed="0.000434"/>
</kw>
<kw name="Log" owner="BuiltIn">
<msg time="2024-06-17T21:14:27.784529" level="INFO">name</msg>
<arg>${key}</arg>
<doc>Logs the given message with the given level.</doc>
<status status="PASS" start="2024-06-17T21:14:27.784399" elapsed="0.000169"/>
</kw>
<var name="${key}">name</var>
<status status="PASS" start="2024-06-17T21:14:27.782969" elapsed="0.001821"/>
</iter>
<iter>
<kw name="Dictionary Should Contain Key" owner="Collections">
<arg>${json_data['results'][0]}</arg>
<arg>${key}</arg>
<doc>Fails if ``key`` is not found from ``dictionary``.</doc>
<status status="PASS" start="2024-06-17T21:14:27.785077" elapsed="0.000398"/>
</kw>
<kw name="Log" owner="BuiltIn">
<msg time="2024-06-17T21:14:27.786022" level="INFO">{'gender': 'female', 'name': {'title': 'Mrs', 'first': 'Florence', 'last': 'Liu'}, 'location': {'street': {'number': 3581, 'name': 'Main St'}, 'city': 'New Glasgow', 'state': 'Ontario', 'country': 'Canada', 'postcode': 'N6P 0S3', 'coordinates': {'latitude': '-69.0203', 'longitude': '163.1868'}, 'timezone': {'offset': '+6:00', 'description': 'Almaty, Dhaka, Colombo'}}, 'email': 'florence.liu@example.com', 'login': {'uuid': '789c599a-6b4b-4110-9eea-0dab29901a53', 'username': 'redbear877', 'password': 'towers', 'salt': 'UsQggbJ6', 'md5': '8459c38db5beb1ae288ad6a67d35c2e9', 'sha1': '1d96dfea07ec673f5d95193fcbf0fa9999fb2411', 'sha256': '45d2e8e0ecab6307bf04037048e67678bcd064a9764596aa772de402a1f04bfd'}, 'dob': {'date': '1983-01-22T11:44:30.277Z', 'age': 41}, 'registered': {'date': '2017-04-02T05:32:09.375Z', 'age': 7}, 'phone': 'O50 C63-2884', 'cell': 'I10 C09-7836', 'id': {'name': 'SIN', 'value': '112373345'}, 'picture': {'large': 'https://randomuser.me/api/portraits/women/14.jpg', 'medium': 'https://randomuser.me/api/portraits/med/women/14.jpg', 'thumbnail': 'https://randomuser.me/api/portraits/thumb/women/14.jpg'}, 'nat': 'CA'}</msg>
<arg>${json_data['results'][0]}</arg>
<doc>Logs the given message with the given level.</doc>
<status status="PASS" start="2024-06-17T21:14:27.785671" elapsed="0.000400"/>
</kw>
<kw name="Log" owner="BuiltIn">
<msg time="2024-06-17T21:14:27.786543" level="INFO">location</msg>
<arg>${key}</arg>
<doc>Logs the given message with the given level.</doc>
<status status="PASS" start="2024-06-17T21:14:27.786410" elapsed="0.000171"/>
</kw>
<var name="${key}">location</var>
<status status="PASS" start="2024-06-17T21:14:27.784969" elapsed="0.001830"/>
</iter>
<iter>
<kw name="Dictionary Should Contain Key" owner="Collections">
<arg>${json_data['results'][0]}</arg>
<arg>${key}</arg>
<doc>Fails if ``key`` is not found from ``dictionary``.</doc>
<status status="PASS" start="2024-06-17T21:14:27.787078" elapsed="0.000384"/>
</kw>
<kw name="Log" owner="BuiltIn">
<msg time="2024-06-17T21:14:27.788053" level="INFO">{'gender': 'female', 'name': {'title': 'Mrs', 'first': 'Florence', 'last': 'Liu'}, 'location': {'street': {'number': 3581, 'name': 'Main St'}, 'city': 'New Glasgow', 'state': 'Ontario', 'country': 'Canada', 'postcode': 'N6P 0S3', 'coordinates': {'latitude': '-69.0203', 'longitude': '163.1868'}, 'timezone': {'offset': '+6:00', 'description': 'Almaty, Dhaka, Colombo'}}, 'email': 'florence.liu@example.com', 'login': {'uuid': '789c599a-6b4b-4110-9eea-0dab29901a53', 'username': 'redbear877', 'password': 'towers', 'salt': 'UsQggbJ6', 'md5': '8459c38db5beb1ae288ad6a67d35c2e9', 'sha1': '1d96dfea07ec673f5d95193fcbf0fa9999fb2411', 'sha256': '45d2e8e0ecab6307bf04037048e67678bcd064a9764596aa772de402a1f04bfd'}, 'dob': {'date': '1983-01-22T11:44:30.277Z', 'age': 41}, 'registered': {'date': '2017-04-02T05:32:09.375Z', 'age': 7}, 'phone': 'O50 C63-2884', 'cell': 'I10 C09-7836', 'id': {'name': 'SIN', 'value': '112373345'}, 'picture': {'large': 'https://randomuser.me/api/portraits/women/14.jpg', 'medium': 'https://randomuser.me/api/portraits/med/women/14.jpg', 'thumbnail': 'https://randomuser.me/api/portraits/thumb/women/14.jpg'}, 'nat': 'CA'}</msg>
<arg>${json_data['results'][0]}</arg>
<doc>Logs the given message with the given level.</doc>
<status status="PASS" start="2024-06-17T21:14:27.787696" elapsed="0.000406"/>
</kw>
<kw name="Log" owner="BuiltIn">
<msg time="2024-06-17T21:14:27.788523" level="INFO">email</msg>
<arg>${key}</arg>
<doc>Logs the given message with the given level.</doc>
<status status="PASS" start="2024-06-17T21:14:27.788396" elapsed="0.000165"/>
</kw>
<var name="${key}">email</var>
<status status="PASS" start="2024-06-17T21:14:27.786970" elapsed="0.001808"/>
</iter>
<iter>
<kw name="Dictionary Should Contain Key" owner="Collections">
<arg>${json_data['results'][0]}</arg>
<arg>${key}</arg>
<doc>Fails if ``key`` is not found from ``dictionary``.</doc>
<status status="PASS" start="2024-06-17T21:14:27.789057" elapsed="0.000376"/>
</kw>
<kw name="Log" owner="BuiltIn">
<msg time="2024-06-17T21:14:27.789968" level="INFO">{'gender': 'female', 'name': {'title': 'Mrs', 'first': 'Florence', 'last': 'Liu'}, 'location': {'street': {'number': 3581, 'name': 'Main St'}, 'city': 'New Glasgow', 'state': 'Ontario', 'country': 'Canada', 'postcode': 'N6P 0S3', 'coordinates': {'latitude': '-69.0203', 'longitude': '163.1868'}, 'timezone': {'offset': '+6:00', 'description': 'Almaty, Dhaka, Colombo'}}, 'email': 'florence.liu@example.com', 'login': {'uuid': '789c599a-6b4b-4110-9eea-0dab29901a53', 'username': 'redbear877', 'password': 'towers', 'salt': 'UsQggbJ6', 'md5': '8459c38db5beb1ae288ad6a67d35c2e9', 'sha1': '1d96dfea07ec673f5d95193fcbf0fa9999fb2411', 'sha256': '45d2e8e0ecab6307bf04037048e67678bcd064a9764596aa772de402a1f04bfd'}, 'dob': {'date': '1983-01-22T11:44:30.277Z', 'age': 41}, 'registered': {'date': '2017-04-02T05:32:09.375Z', 'age': 7}, 'phone': 'O50 C63-2884', 'cell': 'I10 C09-7836', 'id': {'name': 'SIN', 'value': '112373345'}, 'picture': {'large': 'https://randomuser.me/api/portraits/women/14.jpg', 'medium': 'https://randomuser.me/api/portraits/med/women/14.jpg', 'thumbnail': 'https://randomuser.me/api/portraits/thumb/women/14.jpg'}, 'nat': 'CA'}</msg>
<arg>${json_data['results'][0]}</arg>
<doc>Logs the given message with the given level.</doc>
<status status="PASS" start="2024-06-17T21:14:27.789614" elapsed="0.000402"/>
</kw>
<kw name="Log" owner="BuiltIn">
<msg time="2024-06-17T21:14:27.790588" level="INFO">login</msg>
<arg>${key}</arg>
<doc>Logs the given message with the given level.</doc>
<status status="PASS" start="2024-06-17T21:14:27.790342" elapsed="0.000284"/>
</kw>
<var name="${key}">login</var>
<status status="PASS" start="2024-06-17T21:14:27.788949" elapsed="0.001902"/>
</iter>
<var>${key}</var>
<value>@{expected_keys}</value>
<status status="PASS" start="2024-06-17T21:14:27.780723" elapsed="0.010251"/>
</for>
<kw name="Create List" owner="BuiltIn">
<msg time="2024-06-17T21:14:27.791299" level="INFO">${expected_keysTwo} = ['username', 'password']</msg>
<var>${expected_keysTwo}</var>
<arg>username</arg>
<arg>password</arg>
<doc>Returns a list containing given items.</doc>
<status status="PASS" start="2024-06-17T21:14:27.791165" elapsed="0.000158"/>
</kw>
<for flavor="IN">
<iter>
<kw name="Dictionary Should Contain Key" owner="Collections">
<arg>${json_data['results'][0]['login']}</arg>
<arg>${keyTwo}</arg>
<doc>Fails if ``key`` is not found from ``dictionary``.</doc>
<status status="PASS" start="2024-06-17T21:14:27.791854" elapsed="0.000380"/>
</kw>
<kw name="Dictionary Should Contain Key" owner="Collections">
<arg>${json_data['results'][0]['login']}</arg>
<arg>${keyTwo}</arg>
<doc>Fails if ``key`` is not found from ``dictionary``.</doc>
<status status="PASS" start="2024-06-17T21:14:27.792419" elapsed="0.000372"/>
</kw>
<kw name="Log" owner="BuiltIn">
<msg time="2024-06-17T21:14:27.793120" level="INFO">username</msg>
<arg>${keyTwo}</arg>
<doc>Logs the given message with the given level.</doc>
<status status="PASS" start="2024-06-17T21:14:27.792995" elapsed="0.000162"/>
</kw>
<var name="${keyTwo}">username</var>
<status status="PASS" start="2024-06-17T21:14:27.791745" elapsed="0.001631"/>
</iter>
<iter>
<kw name="Dictionary Should Contain Key" owner="Collections">
<arg>${json_data['results'][0]['login']}</arg>
<arg>${keyTwo}</arg>
<doc>Fails if ``key`` is not found from ``dictionary``.</doc>
<status status="PASS" start="2024-06-17T21:14:27.793661" elapsed="0.000379"/>
</kw>
<kw name="Dictionary Should Contain Key" owner="Collections">
<arg>${json_data['results'][0]['login']}</arg>
<arg>${keyTwo}</arg>
<doc>Fails if ``key`` is not found from ``dictionary``.</doc>
<status status="PASS" start="2024-06-17T21:14:27.794220" elapsed="0.000392"/>
</kw>
<kw name="Log" owner="BuiltIn">
<msg time="2024-06-17T21:14:27.794918" level="INFO">password</msg>
<arg>${keyTwo}</arg>
<doc>Logs the given message with the given level.</doc>
<status status="PASS" start="2024-06-17T21:14:27.794795" elapsed="0.000160"/>
</kw>
<var name="${keyTwo}">password</var>
<status status="PASS" start="2024-06-17T21:14:27.793553" elapsed="0.001624"/>
</iter>
<var>${keyTwo}</var>
<value>@{expected_keysTwo}</value>
<status status="PASS" start="2024-06-17T21:14:27.791584" elapsed="0.003717"/>
</for>
<status status="PASS" start="2024-06-17T21:14:27.686374" elapsed="0.109070"/>
</kw>
<doc>Testa a estrutura da resposta da API.</doc>
<tag>testeEstruturaResposta</tag>
<status status="PASS" start="2024-06-17T21:14:27.685658" elapsed="0.109947"/>
</test>
<test id="s1-s1-t4" name="Validar tipos de dados" line="28">
<kw name="Teste de Tipos de Dados" owner="random-user-service">
<kw name="GET On Session" owner="RequestsLibrary">
<msg time="2024-06-17T21:14:27.870548" level="INFO">GET Request : url=https://randomuser.me/api 
 path_url=/api 
 headers={'User-Agent': 'python-requests/2.32.3', 'Accept-Encoding': 'gzip, deflate', 'Accept': '*/*', 'Connection': 'keep-alive'} 
 body=None 
 </msg>
<msg time="2024-06-17T21:14:27.870643" level="INFO">GET Response : url=https://randomuser.me/api 
 status=200, reason=OK 
 headers={'Date': 'Mon, 17 Jun 2024 21:14:27 GMT', 'Content-Type': 'application/json; charset=utf-8', 'Transfer-Encoding': 'chunked', 'Connection': 'keep-alive', 'X-Powered-By': 'Express', 'Access-Control-Allow-Origin': '*', 'Cache-Control': 'no-cache', 'ETag': 'W/"48a-AFhPSCSMhMyCfnBdWJWvwETN1GY"', 'Vary': 'Accept-Encoding', 'Content-Encoding': 'gzip', 'CF-Cache-Status': 'DYNAMIC', 'Report-To': '{"endpoints":[{"url":"https:\\/\\/a.nel.cloudflare.com\\/report\\/v4?s=4PYGOu15as7R1%2B0BKWZ%2F%2BRWNCSzjpx5RZezYFI7yxDKLKhiXLpDPGTZyhApmJnnZJRIQaOFDvk6Y8OsclgummI5DTUYl1FhgsJHSK1JpepJXd2s3nuod0C2Aiyhs8wKc"}],"group":"cf-nel","max_age":604800}', 'NEL': '{"success_fraction":0,"report_to":"cf-nel","max_age":604800}', 'Server': 'cloudflare', 'CF-RAY': '89560ca3cfd52081-IAD', 'alt-svc': 'h3=":443"; ma=86400'} 
 body={"results":[{"gender":"male","name":{"title":"Mr","first":"دانیال","last":"کامروا"},"location":{"street":{"number":3409,"name":"آیت الله سعیدی"},"city":"زنجان","state":"کرمان","country":"Iran","postcode":47597,"coordinates":{"latitude":"17.8266","longitude":"-128.6815"},"timezone":{"offset":"-2:00","description":"Mid-Atlantic"}},"email":"dnyl.khmrw@example.com","login":{"uuid":"5c5507d6-3940-47ab-b11c-1b0fcdc3d95a","username":"beautifulpeacock182","password":"anything","salt":"lJpaDPQR","md5":"64395363dfc266cc98ffdad2c3e444d1","sha1":"78330626dcc0a7312bf101bb5c46219f687d9a94","sha256":"7e55eebfc6c8f23edf589ff6c003c3b347605ed31055ecd34e36f6087ff1d28d"},"dob":{"date":"1985-12-15T13:33:52.893Z","age":38},"registered":{"date":"2003-06-24T17:17:25.038Z","age":20},"phone":"078-72853643","cell":"0973-769-4086","id":{"name":"","value":null},"picture":{"large":"https://randomuser.me/api/portraits/men/99.jpg","medium":"https://randomuser.me/api/portraits/med/men/99.jpg","thumbnail":"https://randomuser.me/api/portraits/thumb/men/99.jpg"},"nat":"IR"}],"info":{"seed":"eb8a18976e585eb0","results":1,"page":1,"version":"1.4"}} 
 </msg>
<msg time="2024-06-17T21:14:27.870715" level="INFO">/opt/hostedtoolcache/Python/3.12.3/x64/lib/python3.12/site-packages/urllib3/connectionpool.py:1099: InsecureRequestWarning: Unverified HTTPS request is being made to host 'randomuser.me'. Adding certificate verification is strongly advised. See: https://urllib3.readthedocs.io/en/latest/advanced-usage.html#tls-warnings
  warnings.warn(</msg>
<msg time="2024-06-17T21:14:27.870848" level="INFO">${response} = &lt;Response [200]&gt;</msg>
<var>${response}</var>
<arg>consultarAPI</arg>
<arg>/api</arg>
<doc>Sends a GET request on a previously created HTTP Session.</doc>
<status status="PASS" start="2024-06-17T21:14:27.798048" elapsed="0.072843"/>
</kw>
<kw name="Set Variable" owner="BuiltIn">
<msg time="2024-06-17T21:14:27.871947" level="INFO">${json_data} = {'results': [{'gender': 'male', 'name': {'title': 'Mr', 'first': 'دانیال', 'last': 'کامروا'}, 'location': {'street': {'number': 3409, 'name': 'آیت الله سعیدی'}, 'city': 'زنجان', 'state': 'کرمان', 'cou...</msg>
<var>${json_data}</var>
<arg>${response.json()}</arg>
<doc>Returns the given values which can then be assigned to a variables.</doc>
<status status="PASS" start="2024-06-17T21:14:27.871430" elapsed="0.000547"/>
</kw>
<kw name="Log" owner="BuiltIn">
<msg time="2024-06-17T21:14:27.872444" level="INFO">{'results': [{'gender': 'male', 'name': {'title': 'Mr', 'first': 'دانیال', 'last': 'کامروا'}, 'location': {'street': {'number': 3409, 'name': 'آیت الله سعیدی'}, 'city': 'زنجان', 'state': 'کرمان', 'country': 'Iran', 'postcode': 47597, 'coordinates': {'latitude': '17.8266', 'longitude': '-128.6815'}, 'timezone': {'offset': '-2:00', 'description': 'Mid-Atlantic'}}, 'email': 'dnyl.khmrw@example.com', 'login': {'uuid': '5c5507d6-3940-47ab-b11c-1b0fcdc3d95a', 'username': 'beautifulpeacock182', 'password': 'anything', 'salt': 'lJpaDPQR', 'md5': '64395363dfc266cc98ffdad2c3e444d1', 'sha1': '78330626dcc0a7312bf101bb5c46219f687d9a94', 'sha256': '7e55eebfc6c8f23edf589ff6c003c3b347605ed31055ecd34e36f6087ff1d28d'}, 'dob': {'date': '1985-12-15T13:33:52.893Z', 'age': 38}, 'registered': {'date': '2003-06-24T17:17:25.038Z', 'age': 20}, 'phone': '078-72853643', 'cell': '0973-769-4086', 'id': {'name': '', 'value': None}, 'picture': {'large': 'https://randomuser.me/api/portraits/men/99.jpg', 'medium': 'https://randomuser.me/api/portraits/med/men/99.jpg', 'thumbnail': 'https://randomuser.me/api/portraits/thumb/men/99.jpg'}, 'nat': 'IR'}], 'info': {'seed': 'eb8a18976e585eb0', 'results': 1, 'page': 1, 'version': '1.4'}}</msg>
<arg>${json_data}</arg>
<doc>Logs the given message with the given level.</doc>
<status status="PASS" start="2024-06-17T21:14:27.872282" elapsed="0.000213"/>
</kw>
<kw name="Should Be String" owner="String">
<arg>${json_data['results'][0]['gender']}</arg>
<doc>Fails if the given ``item`` is not a string.</doc>
<status status="PASS" start="2024-06-17T21:14:27.872789" elapsed="0.000376"/>
</kw>
<kw name="Should Match Regexp" owner="BuiltIn">
<arg>${json_data['results'][0]['email']}</arg>
<arg>^[a-zA-Z0-9._%+-]+@[a-zA-Z0-9.-]+\.[a-zA-Z]{2,}$</arg>
<doc>Fails if ``string`` does not match ``pattern`` as a regular expression.</doc>
<status status="PASS" start="2024-06-17T21:14:27.873356" elapsed="0.000519"/>
</kw>
<kw name="Should Match Regexp" owner="BuiltIn">
<arg>${json_data['results'][0]['dob']['date']}</arg>
<arg>\\d{4}-\\d{2}-\\d{2}T\\d{2}:\\d{2}:\\d{2}\\.\\d{3}Z</arg>
<doc>Fails if ``string`` does not match ``pattern`` as a regular expression.</doc>
<status status="PASS" start="2024-06-17T21:14:27.874111" elapsed="0.000533"/>
</kw>
<kw name="Should Match Regexp" owner="BuiltIn">
<arg>${json_data['results'][0]['registered']['date']}</arg>
<arg>\\d{4}-\\d{2}-\\d{2}T\\d{2}:\\d{2}:\\d{2}\\.\\d{3}Z</arg>
<doc>Fails if ``string`` does not match ``pattern`` as a regular expression.</doc>
<status status="PASS" start="2024-06-17T21:14:27.874841" elapsed="0.000377"/>
</kw>
<kw name="Should Match Regexp" owner="BuiltIn">
<arg>${json_data['results'][0]['picture']['large']}</arg>
<arg>^https?://.*\.(?:png|jpe?g|gif|bmp)$</arg>
<doc>Fails if ``string`` does not match ``pattern`` as a regular expression.</doc>
<status status="PASS" start="2024-06-17T21:14:27.875414" elapsed="0.000470"/>
</kw>
<kw name="Should Match Regexp" owner="BuiltIn">
<arg>${json_data['results'][0]['picture']['medium']}</arg>
<arg>^https?://.*\.(?:png|jpe?g|gif|bmp)$</arg>
<doc>Fails if ``string`` does not match ``pattern`` as a regular expression.</doc>
<status status="PASS" start="2024-06-17T21:14:27.876078" elapsed="0.000357"/>
</kw>
<kw name="Should Match Regexp" owner="BuiltIn">
<arg>${json_data['results'][0]['picture']['thumbnail']}</arg>
<arg>^https?://.*\.(?:png|jpe?g|gif|bmp)$</arg>
<doc>Fails if ``string`` does not match ``pattern`` as a regular expression.</doc>
<status status="PASS" start="2024-06-17T21:14:27.876621" elapsed="0.000346"/>
</kw>
<kw name="Log" owner="BuiltIn">
<msg time="2024-06-17T21:14:27.877473" level="INFO">{'large': 'https://randomuser.me/api/portraits/men/99.jpg', 'medium': 'https://randomuser.me/api/portraits/med/men/99.jpg', 'thumbnail': 'https://randomuser.me/api/portraits/thumb/men/99.jpg'}</msg>
<arg>${json_data['results'][0]['picture']}</arg>
<doc>Logs the given message with the given level.</doc>
<status status="PASS" start="2024-06-17T21:14:27.877150" elapsed="0.000367"/>
</kw>
<status status="PASS" start="2024-06-17T21:14:27.797817" elapsed="0.079960"/>
</kw>
<kw name="Teste de Tipos de Dados - Postcode" owner="random-user-service">
<kw name="GET On Session" owner="RequestsLibrary">
<msg time="2024-06-17T21:14:27.999810" level="INFO">GET Request : url=https://randomuser.me/api 
 path_url=/api 
 headers={'User-Agent': 'python-requests/2.32.3', 'Accept-Encoding': 'gzip, deflate', 'Accept': '*/*', 'Connection': 'keep-alive'} 
 body=None 
 </msg>
<msg time="2024-06-17T21:14:27.999904" level="INFO">GET Response : url=https://randomuser.me/api 
 status=200, reason=OK 
 headers={'Date': 'Mon, 17 Jun 2024 21:14:27 GMT', 'Content-Type': 'application/json; charset=utf-8', 'Transfer-Encoding': 'chunked', 'Connection': 'keep-alive', 'X-Powered-By': 'Express', 'Access-Control-Allow-Origin': '*', 'Cache-Control': 'no-cache', 'ETag': 'W/"496-pEjKBUN43eIdo+o2xyX4HXo6F9A"', 'Vary': 'Accept-Encoding', 'Content-Encoding': 'gzip', 'CF-Cache-Status': 'DYNAMIC', 'Report-To': '{"endpoints":[{"url":"https:\\/\\/a.nel.cloudflare.com\\/report\\/v4?s=aPb1bdwLOW3%2BgN7mxupaajKp6x1zYA3wo9l1SAW3s%2B4k8JfMZL3EVA9OGV9oyXVmMRJeApnbF%2B2VVl8XT36Du8FapQKp%2FoBMg1G2vEpJw4a%2FHrTlkXjXEx74SmOS%2FqGX"}],"group":"cf-nel","max_age":604800}', 'NEL': '{"success_fraction":0,"report_to":"cf-nel","max_age":604800}', 'Server': 'cloudflare', 'CF-RAY': '89560ca448522081-IAD', 'alt-svc': 'h3=":443"; ma=86400'} 
 body={"results":[{"gender":"male","name":{"title":"Mr","first":"Jimmie","last":"Ward"},"location":{"street":{"number":8188,"name":"Elgin St"},"city":"Medford","state":"South Dakota","country":"United States","postcode":54965,"coordinates":{"latitude":"85.9783","longitude":"-52.0891"},"timezone":{"offset":"-4:00","description":"Atlantic Time (Canada), Caracas, La Paz"}},"email":"jimmie.ward@example.com","login":{"uuid":"8e4d48c7-57bb-4dcc-9e58-381ba93e8753","username":"greenlion281","password":"swordfish","salt":"wDTS2XW2","md5":"feb6e5393215f37d89f14eb51f771561","sha1":"acb24b391761d422f4e967e5825c1c46fb4f6dcf","sha256":"743947f2233e3b180e3bf3ed1cc4fc2c47aee0d2ed832f34b55dce4c626200a7"},"dob":{"date":"1974-08-16T07:34:19.463Z","age":49},"registered":{"date":"2003-10-15T13:39:03.774Z","age":20},"phone":"(762) 954-3266","cell":"(870) 447-7740","id":{"name":"SSN","value":"160-18-1668"},"picture":{"large":"https://randomuser.me/api/portraits/men/71.jpg","medium":"https://randomuser.me/api/portraits/med/men/71.jpg","thumbnail":"https://randomuser.me/api/portraits/thumb/men/71.jpg"},"nat":"US"}],"info":{"seed":"9c3c852becf2fd32","results":1,"page":1,"version":"1.4"}} 
 </msg>
<msg time="2024-06-17T21:14:27.999990" level="INFO">/opt/hostedtoolcache/Python/3.12.3/x64/lib/python3.12/site-packages/urllib3/connectionpool.py:1099: InsecureRequestWarning: Unverified HTTPS request is being made to host 'randomuser.me'. Adding certificate verification is strongly advised. See: https://urllib3.readthedocs.io/en/latest/advanced-usage.html#tls-warnings
  warnings.warn(</msg>
<msg time="2024-06-17T21:14:28.000130" level="INFO">${response} = &lt;Response [200]&gt;</msg>
<var>${response}</var>
<arg>consultarAPI</arg>
<arg>/api</arg>
<doc>Sends a GET request on a previously created HTTP Session.</doc>
<status status="PASS" start="2024-06-17T21:14:27.878244" elapsed="0.121926"/>
</kw>
<kw name="Set Variable" owner="BuiltIn">
<msg time="2024-06-17T21:14:28.001142" level="INFO">${json_data} = {'results': [{'gender': 'male', 'name': {'title': 'Mr', 'first': 'Jimmie', 'last': 'Ward'}, 'location': {'street': {'number': 8188, 'name': 'Elgin St'}, 'city': 'Medford', 'state': 'South Dakota', 'co...</msg>
<var>${json_data}</var>
<arg>${response.json()}</arg>
<doc>Returns the given values which can then be assigned to a variables.</doc>
<status status="PASS" start="2024-06-17T21:14:28.000653" elapsed="0.000517"/>
</kw>
<kw name="Log" owner="BuiltIn">
<msg time="2024-06-17T21:14:28.001640" level="INFO">{'results': [{'gender': 'male', 'name': {'title': 'Mr', 'first': 'Jimmie', 'last': 'Ward'}, 'location': {'street': {'number': 8188, 'name': 'Elgin St'}, 'city': 'Medford', 'state': 'South Dakota', 'country': 'United States', 'postcode': 54965, 'coordinates': {'latitude': '85.9783', 'longitude': '-52.0891'}, 'timezone': {'offset': '-4:00', 'description': 'Atlantic Time (Canada), Caracas, La Paz'}}, 'email': 'jimmie.ward@example.com', 'login': {'uuid': '8e4d48c7-57bb-4dcc-9e58-381ba93e8753', 'username': 'greenlion281', 'password': 'swordfish', 'salt': 'wDTS2XW2', 'md5': 'feb6e5393215f37d89f14eb51f771561', 'sha1': 'acb24b391761d422f4e967e5825c1c46fb4f6dcf', 'sha256': '743947f2233e3b180e3bf3ed1cc4fc2c47aee0d2ed832f34b55dce4c626200a7'}, 'dob': {'date': '1974-08-16T07:34:19.463Z', 'age': 49}, 'registered': {'date': '2003-10-15T13:39:03.774Z', 'age': 20}, 'phone': '(762) 954-3266', 'cell': '(870) 447-7740', 'id': {'name': 'SSN', 'value': '160-18-1668'}, 'picture': {'large': 'https://randomuser.me/api/portraits/men/71.jpg', 'medium': 'https://randomuser.me/api/portraits/med/men/71.jpg', 'thumbnail': 'https://randomuser.me/api/portraits/thumb/men/71.jpg'}, 'nat': 'US'}], 'info': {'seed': '9c3c852becf2fd32', 'results': 1, 'page': 1, 'version': '1.4'}}</msg>
<arg>${json_data}</arg>
<doc>Logs the given message with the given level.</doc>
<status status="PASS" start="2024-06-17T21:14:28.001480" elapsed="0.000206"/>
</kw>
<kw name="Should Be Equal As Numbers" owner="BuiltIn">
<arg>${json_data['results'][0]['location']['postcode']}</arg>
<arg>${json_data['results'][0]['location']['postcode']}</arg>
<doc>Fails if objects are unequal after converting them to real numbers.</doc>
<status status="PASS" start="2024-06-17T21:14:28.001984" elapsed="0.000673"/>
</kw>
<kw name="Log" owner="BuiltIn">
<msg time="2024-06-17T21:14:28.003182" level="INFO">54965</msg>
<arg>${json_data['results'][0]['location']['postcode']}</arg>
<doc>Logs the given message with the given level.</doc>
<status status="PASS" start="2024-06-17T21:14:28.002850" elapsed="0.000372"/>
</kw>
<status status="PASS" start="2024-06-17T21:14:27.878007" elapsed="0.125500"/>
</kw>
<doc>Testa se os tipos de dados na resposta da API estão corretos.</doc>
<tag>testeTiposDados</tag>
<status status="PASS" start="2024-06-17T21:14:27.797365" elapsed="0.206317"/>
</test>
<test id="s1-s1-t5" name="Validar conteudo" line="35">
<kw name="Teste de Tipos de Conteudo" owner="random-user-service">
<kw name="GET On Session" owner="RequestsLibrary">
<msg time="2024-06-17T21:14:28.077063" level="INFO">GET Request : url=https://randomuser.me/api 
 path_url=/api 
 headers={'User-Agent': 'python-requests/2.32.3', 'Accept-Encoding': 'gzip, deflate', 'Accept': '*/*', 'Connection': 'keep-alive'} 
 body=None 
 </msg>
<msg time="2024-06-17T21:14:28.077153" level="INFO">GET Response : url=https://randomuser.me/api 
 status=200, reason=OK 
 headers={'Date': 'Mon, 17 Jun 2024 21:14:28 GMT', 'Content-Type': 'application/json; charset=utf-8', 'Transfer-Encoding': 'chunked', 'Connection': 'keep-alive', 'X-Powered-By': 'Express', 'Access-Control-Allow-Origin': '*', 'Cache-Control': 'no-cache', 'ETag': 'W/"4bd-p/YD7xIxeUd0KNTpCanDpuJ5F/Q"', 'Vary': 'Accept-Encoding', 'Content-Encoding': 'gzip', 'CF-Cache-Status': 'DYNAMIC', 'Report-To': '{"endpoints":[{"url":"https:\\/\\/a.nel.cloudflare.com\\/report\\/v4?s=nQrzWi1JJjR68e1ztFIHe1Uvk%2BXmwZuArPXLmh%2FqkCpJVxIu7u1Ay2GoRtuv2ih%2BCJMppXmNyGaijtjpOS%2FFuoWy9L6cM3rOmszRyCvh2UlOgjBuQZI8beATeUTLDF0Q"}],"group":"cf-nel","max_age":604800}', 'NEL': '{"success_fraction":0,"report_to":"cf-nel","max_age":604800}', 'Server': 'cloudflare', 'CF-RAY': '89560ca5191a2081-IAD', 'alt-svc': 'h3=":443"; ma=86400'} 
 body={"results":[{"gender":"female","name":{"title":"Mrs","first":"Anaëlle","last":"Aubert"},"location":{"street":{"number":2704,"name":"Montée Saint-Barthélémy"},"city":"Champigny-sur-Marne","state":"Paris","country":"France","postcode":13143,"coordinates":{"latitude":"-17.9062","longitude":"21.4847"},"timezone":{"offset":"-6:00","description":"Central Time (US &amp; Canada), Mexico City"}},"email":"anaelle.aubert@example.com","login":{"uuid":"1063433c-0a51-46f6-887d-5dcb2a83e583","username":"ticklishfrog841","password":"homeboy","salt":"Mvfx8zIH","md5":"1b7cf5abe4ef2ab03888b1eb88cb5abc","sha1":"73503c430e4f46bad0d7311da50a0758bbb97f8e","sha256":"e318b3ad1f96a12356741b8f07ac980abafc93ebe206e31295a5ae02b36170dc"},"dob":{"date":"1987-07-29T14:01:23.264Z","age":36},"registered":{"date":"2016-09-03T00:54:20.464Z","age":7},"phone":"04-52-93-51-84","cell":"06-75-66-91-02","id":{"name":"INSEE","value":"2870614170385 55"},"picture":{"large":"https://randomuser.me/api/portraits/women/17.jpg","medium":"https://randomuser.me/api/portraits/med/women/17.jpg","thumbnail":"https://randomuser.me/api/portraits/thumb/women/17.jpg"},"nat":"FR"}],"info":{"seed":"8ef749566954e5f4","results":1,"page":1,"version":"1.4"}} 
 </msg>
<msg time="2024-06-17T21:14:28.077225" level="INFO">/opt/hostedtoolcache/Python/3.12.3/x64/lib/python3.12/site-packages/urllib3/connectionpool.py:1099: InsecureRequestWarning: Unverified HTTPS request is being made to host 'randomuser.me'. Adding certificate verification is strongly advised. See: https://urllib3.readthedocs.io/en/latest/advanced-usage.html#tls-warnings
  warnings.warn(</msg>
<msg time="2024-06-17T21:14:28.077356" level="INFO">${response} = &lt;Response [200]&gt;</msg>
<var>${response}</var>
<arg>consultarAPI</arg>
<arg>/api</arg>
<doc>Sends a GET request on a previously created HTTP Session.</doc>
<status status="PASS" start="2024-06-17T21:14:28.006495" elapsed="0.070900"/>
</kw>
<kw name="Set Variable" owner="BuiltIn">
<msg time="2024-06-17T21:14:28.078412" level="INFO">${json_data} = {'results': [{'gender': 'female', 'name': {'title': 'Mrs', 'first': 'Anaëlle', 'last': 'Aubert'}, 'location': {'street': {'number': 2704, 'name': 'Montée Saint-Barthélémy'}, 'city': 'Champigny-sur-Mar...</msg>
<var>${json_data}</var>
<arg>${response.json()}</arg>
<doc>Returns the given values which can then be assigned to a variables.</doc>
<status status="PASS" start="2024-06-17T21:14:28.077871" elapsed="0.000572"/>
</kw>
<kw name="Set Variable" owner="BuiltIn">
<msg time="2024-06-17T21:14:28.079140" level="INFO">${name_title} = Mrs</msg>
<var>${name_title}</var>
<arg>${json_data["results"][0]["name"]["title"]}</arg>
<doc>Returns the given values which can then be assigned to a variables.</doc>
<status status="PASS" start="2024-06-17T21:14:28.078751" elapsed="0.000415"/>
</kw>
<kw name="Create List" owner="BuiltIn">
<msg time="2024-06-17T21:14:28.079609" level="INFO">${allowed_titles} = ['Mr', 'Ms', 'Miss', 'Mrs', 'Madame', 'Monsieur']</msg>
<var>${allowed_titles}</var>
<arg>Mr</arg>
<arg>Ms</arg>
<arg>Miss</arg>
<arg>Mrs</arg>
<arg>Madame</arg>
<arg>Monsieur</arg>
<doc>Returns a list containing given items.</doc>
<status status="PASS" start="2024-06-17T21:14:28.079461" elapsed="0.000172"/>
</kw>
<kw name="List Should Contain Value" owner="Collections">
<arg>${allowed_titles}</arg>
<arg>${name_title}</arg>
<doc>Fails if the ``value`` is not found from ``list``.</doc>
<status status="PASS" start="2024-06-17T21:14:28.079933" elapsed="0.000176"/>
</kw>
<kw name="Set Variable" owner="BuiltIn">
<msg time="2024-06-17T21:14:28.080649" level="INFO">${name_country} = FR</msg>
<var>${name_country}</var>
<arg>${json_data["results"][0]["nat"]}</arg>
<doc>Returns the given values which can then be assigned to a variables.</doc>
<status status="PASS" start="2024-06-17T21:14:28.080286" elapsed="0.000388"/>
</kw>
<kw name="Create List" owner="BuiltIn">
<msg time="2024-06-17T21:14:28.081563" level="INFO">${list_country} = ['AD', 'AE', 'AF', 'AG', 'AI', 'AL', 'AM', 'AO', 'AQ', 'AR', 'AS', 'AT', 'AU', 'AW', 'AX', 'AZ', 'BA', 'BB', 'BD', 'BE', 'BF', 'BG', 'BH', 'BI', 'BJ', 'BL', 'BM', 'BN', 'BO', 'BQ', 'BR', 'BS', 'BT', '...</msg>
<var>${list_country}</var>
<arg>AD</arg>
<arg>AE</arg>
<arg>AF</arg>
<arg>AG</arg>
<arg>AI</arg>
<arg>AL</arg>
<arg>AM</arg>
<arg>AO</arg>
<arg>AQ</arg>
<arg>AR</arg>
<arg>AS</arg>
<arg>AT</arg>
<arg>AU</arg>
<arg>AW</arg>
<arg>AX</arg>
<arg>AZ</arg>
<arg>BA</arg>
<arg>BB</arg>
<arg>BD</arg>
<arg>BE</arg>
<arg>BF</arg>
<arg>BG</arg>
<arg>BH</arg>
<arg>BI</arg>
<arg>BJ</arg>
<arg>BL</arg>
<arg>BM</arg>
<arg>BN</arg>
<arg>BO</arg>
<arg>BQ</arg>
<arg>BR</arg>
<arg>BS</arg>
<arg>BT</arg>
<arg>BV</arg>
<arg>BW</arg>
<arg>BY</arg>
<arg>BZ</arg>
<arg>CA</arg>
<arg>CC</arg>
<arg>CD</arg>
<arg>CF</arg>
<arg>CG</arg>
<arg>CH</arg>
<arg>CI</arg>
<arg>CK</arg>
<arg>CL</arg>
<arg>CM</arg>
<arg>CN</arg>
<arg>CO</arg>
<arg>CR</arg>
<arg>CU</arg>
<arg>CV</arg>
<arg>CW</arg>
<arg>CX</arg>
<arg>CY</arg>
<arg>CZ</arg>
<arg>DE</arg>
<arg>DJ</arg>
<arg>DK</arg>
<arg>DM</arg>
<arg>DO</arg>
<arg>DZ</arg>
<arg>EC</arg>
<arg>EE</arg>
<arg>EG</arg>
<arg>EH</arg>
<arg>ER</arg>
<arg>ES</arg>
<arg>ET</arg>
<arg>FI</arg>
<arg>FJ</arg>
<arg>FK</arg>
<arg>FM</arg>
<arg>FO</arg>
<arg>FR</arg>
<arg>GA</arg>
<arg>GB</arg>
<arg>GD</arg>
<arg>GE</arg>
<arg>GF</arg>
<arg>GG</arg>
<arg>GH</arg>
<arg>GI</arg>
<arg>GL</arg>
<arg>GM</arg>
<arg>GN</arg>
<arg>GP</arg>
<arg>GQ</arg>
<arg>GR</arg>
<arg>GS</arg>
<arg>GT</arg>
<arg>GU</arg>
<arg>GW</arg>
<arg>GY</arg>
<arg>HK</arg>
<arg>HM</arg>
<arg>HN</arg>
<arg>HR</arg>
<arg>HT</arg>
<arg>HU</arg>
<arg>ID</arg>
<arg>IE</arg>
<arg>IL</arg>
<arg>IM</arg>
<arg>IN</arg>
<arg>IO</arg>
<arg>IQ</arg>
<arg>IR</arg>
<arg>IS</arg>
<arg>IT</arg>
<arg>JE</arg>
<arg>JM</arg>
<arg>JO</arg>
<arg>JP</arg>
<arg>KE</arg>
<arg>KG</arg>
<arg>KH</arg>
<arg>KI</arg>
<arg>KM</arg>
<arg>KN</arg>
<arg>KP</arg>
<arg>KR</arg>
<arg>KW</arg>
<arg>KY</arg>
<arg>KZ</arg>
<arg>LA</arg>
<arg>LB</arg>
<arg>LC</arg>
<arg>LI</arg>
<arg>LK</arg>
<arg>LR</arg>
<arg>LS</arg>
<arg>LT</arg>
<arg>LU</arg>
<arg>LV</arg>
<arg>LY</arg>
<arg>MA</arg>
<arg>MC</arg>
<arg>MD</arg>
<arg>ME</arg>
<arg>MF</arg>
<arg>MG</arg>
<arg>MH</arg>
<arg>MK</arg>
<arg>ML</arg>
<arg>MM</arg>
<arg>MN</arg>
<arg>MO</arg>
<arg>MP</arg>
<arg>MQ</arg>
<arg>MR</arg>
<arg>MS</arg>
<arg>MT</arg>
<arg>MU</arg>
<arg>MV</arg>
<arg>MW</arg>
<arg>MX</arg>
<arg>MY</arg>
<arg>MZ</arg>
<arg>NA</arg>
<arg>NC</arg>
<arg>NE</arg>
<arg>NF</arg>
<arg>NG</arg>
<arg>NI</arg>
<arg>NL</arg>
<arg>NO</arg>
<arg>NP</arg>
<arg>NR</arg>
<arg>NU</arg>
<arg>NZ</arg>
<arg>OM</arg>
<arg>PA</arg>
<arg>PE</arg>
<arg>PF</arg>
<arg>PG</arg>
<arg>PH</arg>
<arg>PK</arg>
<arg>PL</arg>
<arg>PM</arg>
<arg>PN</arg>
<arg>PR</arg>
<arg>PS</arg>
<arg>PT</arg>
<arg>PW</arg>
<arg>PY</arg>
<arg>QA</arg>
<arg>RE</arg>
<arg>RO</arg>
<arg>RS</arg>
<arg>RU</arg>
<arg>RW</arg>
<arg>SA</arg>
<arg>SB</arg>
<arg>SC</arg>
<arg>SD</arg>
<arg>SE</arg>
<arg>SG</arg>
<arg>SH</arg>
<arg>SI</arg>
<arg>SJ</arg>
<arg>SK</arg>
<arg>SL</arg>
<arg>SM</arg>
<arg>SN</arg>
<arg>SO</arg>
<arg>SR</arg>
<arg>SS</arg>
<arg>ST</arg>
<arg>SV</arg>
<arg>SX</arg>
<arg>SY</arg>
<arg>SZ</arg>
<arg>TC</arg>
<arg>TD</arg>
<arg>TF</arg>
<arg>TG</arg>
<arg>TH</arg>
<arg>TJ</arg>
<arg>TK</arg>
<arg>TL</arg>
<arg>TM</arg>
<arg>TN</arg>
<arg>TO</arg>
<arg>TR</arg>
<arg>TT</arg>
<arg>TV</arg>
<arg>TW</arg>
<arg>TZ</arg>
<arg>UA</arg>
<arg>UG</arg>
<arg>UM</arg>
<arg>US</arg>
<arg>UY</arg>
<arg>UZ</arg>
<arg>VA</arg>
<arg>VC</arg>
<arg>VE</arg>
<arg>VG</arg>
<arg>VI</arg>
<arg>VN</arg>
<arg>VU</arg>
<arg>WF</arg>
<arg>WS</arg>
<arg>XK</arg>
<arg>YE</arg>
<arg>YT</arg>
<arg>ZA</arg>
<arg>ZM</arg>
<arg>ZW</arg>
<doc>Returns a list containing given items.</doc>
<status status="PASS" start="2024-06-17T21:14:28.080962" elapsed="0.000627"/>
</kw>
<kw name="List Should Contain Value" owner="Collections">
<arg>${list_country}</arg>
<arg>${name_country}</arg>
<doc>Fails if the ``value`` is not found from ``list``.</doc>
<status status="PASS" start="2024-06-17T21:14:28.082405" elapsed="0.000209"/>
</kw>
<kw name="Run Keyword If" owner="BuiltIn">
<kw name="Should Be True" owner="BuiltIn">
<arg>${True}</arg>
<doc>Fails if the given condition is not true.</doc>
<status status="PASS" start="2024-06-17T21:14:28.083679" elapsed="0.000141"/>
</kw>
<arg>${json_data["results"][0]["location"]["coordinates"]["latitude"]} &gt;= -90 and ${json_data["results"][0]["location"]["coordinates"]["latitude"]} &lt;= 90</arg>
<arg>Should Be True</arg>
<arg>${True}</arg>
<doc>Runs the given keyword with the given arguments, if ``condition`` is true.</doc>
<status status="PASS" start="2024-06-17T21:14:28.082814" elapsed="0.001134"/>
</kw>
<kw name="Run Keyword If" owner="BuiltIn">
<kw name="Should Be True" owner="BuiltIn">
<arg>${True}</arg>
<doc>Fails if the given condition is not true.</doc>
<status status="PASS" start="2024-06-17T21:14:28.084813" elapsed="0.000139"/>
</kw>
<arg>${json_data["results"][0]["location"]["coordinates"]["longitude"]} &gt;= -180 and ${json_data["results"][0]["location"]["coordinates"]["longitude"]} &lt;= 180</arg>
<arg>Should Be True</arg>
<arg>${True}</arg>
<doc>Runs the given keyword with the given arguments, if ``condition`` is true.</doc>
<status status="PASS" start="2024-06-17T21:14:28.084130" elapsed="0.000946"/>
</kw>
<status status="PASS" start="2024-06-17T21:14:28.006097" elapsed="0.079111"/>
</kw>
<doc>Testa o conteúdo específico dos campos retornados pela API.</doc>
<tag>testeConteudo</tag>
<status status="PASS" start="2024-06-17T21:14:28.005446" elapsed="0.079912"/>
</test>
<status status="PASS" start="2024-06-17T21:14:27.104292" elapsed="0.983007"/>
</suite>
<status status="PASS" start="2024-06-17T21:14:27.090845" elapsed="1.001405"/>
</suite>
<statistics>
<total>
<stat pass="5" fail="0" skip="0">All Tests</stat>
</total>
<tag>
<stat pass="1" fail="0" skip="0">testeConteudo</stat>
<stat pass="1" fail="0" skip="0">testeEstruturaResposta</stat>
<stat pass="1" fail="0" skip="0">testeRequisicaoBasica</stat>
<stat pass="1" fail="0" skip="0">testeTiposDados</stat>
</tag>
<suite>
<stat pass="5" fail="0" skip="0" id="s1" name="Tests">Tests</stat>
<stat pass="5" fail="0" skip="0" id="s1-s1" name="Random-User-Test">Tests.Random-User-Test</stat>
</suite>
</statistics>
<errors>
</errors>
</robot>
