<?xml version="1.0" encoding="UTF-8"?>
<robot generator="Robot 7.0 (Python 3.12.2 on linux)" generated="2024-04-06T14:11:12.015479" rpa="false" schemaversion="5">
<suite id="s1" name="Tests" source="/home/runner/work/DesafioQAItauRogerioJordao/DesafioQAItauRogerioJordao/RamdonUser/tests">
<suite id="s1-s1" name="Random-User-Test" source="/home/runner/work/DesafioQAItauRogerioJordao/DesafioQAItauRogerioJordao/RamdonUser/tests/random-user-test.robot">
<test id="s1-s1-t1" name="Conectar" line="13">
<kw name="Conectar API" owner="random-user-service">
<kw name="Create Session" owner="RequestsLibrary">
<msg time="2024-04-06T14:11:12.365686" level="INFO">Creating Session using : alias=consultarAPI, url=https://randomuser.me/, headers={},                     cookies={}, auth=None, timeout=None, proxies=None, verify=False,                     debug=0 </msg>
<arg>consultarAPI</arg>
<arg>${URL}</arg>
<doc>Create Session: create a HTTP session to a server</doc>
<status status="PASS" start="2024-04-06T14:11:12.365492" elapsed="0.000352"/>
</kw>
<status status="PASS" start="2024-04-06T14:11:12.364508" elapsed="0.001682"/>
</kw>
<status status="PASS" start="2024-04-06T14:11:12.363984" elapsed="0.002410"/>
</test>
<test id="s1-s1-t2" name="Validar retorno 200 e JSON Válido" line="16">
<kw name="Teste de Requisicao Basica" owner="random-user-service">
<kw name="GET On Session" owner="RequestsLibrary">
<msg time="2024-04-06T14:11:12.640616" level="INFO">GET Request : url=https://randomuser.me/api 
 path_url=/api 
 headers={'User-Agent': 'python-requests/2.31.0', 'Accept-Encoding': 'gzip, deflate', 'Accept': '*/*', 'Connection': 'keep-alive'} 
 body=None 
 </msg>
<msg time="2024-04-06T14:11:12.640748" level="INFO">GET Response : url=https://randomuser.me/api 
 status=200, reason=OK 
 headers={'Date': 'Sat, 06 Apr 2024 14:11:12 GMT', 'Content-Type': 'application/json; charset=utf-8', 'Transfer-Encoding': 'chunked', 'Connection': 'keep-alive', 'X-Powered-By': 'Express', 'Access-Control-Allow-Origin': '*', 'Cache-Control': 'no-cache', 'ETag': 'W/"48d-ws1oeHQGkkaruuOqrmzQ5z4u4PM"', 'Vary': 'Accept-Encoding', 'Content-Encoding': 'gzip', 'CF-Cache-Status': 'DYNAMIC', 'Report-To': '{"endpoints":[{"url":"https:\\/\\/a.nel.cloudflare.com\\/report\\/v4?s=1%2B31UhivakZN6I2Xx5jIdMBBUqOA9zE3joMWgOurMNWdsQvR%2FZ9L0agwK7JgzR1ZIOHO1jbeJCwm281dtByNPDEQAhtaPZCm1pGWdo17q0CKnrPVEfKkIhk%2B%2BaDqAEsn"}],"group":"cf-nel","max_age":604800}', 'NEL': '{"success_fraction":0,"report_to":"cf-nel","max_age":604800}', 'Server': 'cloudflare', 'CF-RAY': '87025da34e1552b9-LAX', 'alt-svc': 'h3=":443"; ma=86400'} 
 body={"results":[{"gender":"male","name":{"title":"Mr","first":"Max","last":"Sutton"},"location":{"street":{"number":6504,"name":"Central St"},"city":"Lakewood","state":"Nevada","country":"United States","postcode":31684,"coordinates":{"latitude":"84.3728","longitude":"-43.2994"},"timezone":{"offset":"-5:00","description":"Eastern Time (US &amp; Canada), Bogota, Lima"}},"email":"max.sutton@example.com","login":{"uuid":"be4a1783-fee7-4551-8f00-f426220ff8ee","username":"angrybear995","password":"zhua","salt":"734DuweG","md5":"39438e09253710ad6b3a2171286a263c","sha1":"62f7bcadfd33d4c1258ac383308b863e46dc80cb","sha256":"b1f5a9beda1bf967006ed040c094626da7ca697a73709671214a8822cc8484ea"},"dob":{"date":"1961-12-25T11:23:22.981Z","age":62},"registered":{"date":"2005-07-26T16:07:27.396Z","age":18},"phone":"(310) 995-8996","cell":"(940) 472-8172","id":{"name":"SSN","value":"648-08-1792"},"picture":{"large":"https://randomuser.me/api/portraits/men/42.jpg","medium":"https://randomuser.me/api/portraits/med/men/42.jpg","thumbnail":"https://randomuser.me/api/portraits/thumb/men/42.jpg"},"nat":"US"}],"info":{"seed":"21e10c1690375efd","results":1,"page":1,"version":"1.4"}} 
 </msg>
<msg time="2024-04-06T14:11:12.640858" level="INFO">/opt/hostedtoolcache/Python/3.12.2/x64/lib/python3.12/site-packages/urllib3/connectionpool.py:1103: InsecureRequestWarning: Unverified HTTPS request is being made to host 'randomuser.me'. Adding certificate verification is strongly advised. See: https://urllib3.readthedocs.io/en/latest/advanced-usage.html#tls-warnings
  warnings.warn(</msg>
<msg time="2024-04-06T14:11:12.641000" level="INFO">${response} = &lt;Response [200]&gt;</msg>
<var>${response}</var>
<arg>consultarAPI</arg>
<arg>/api</arg>
<doc>Sends a GET request on a previously created HTTP Session.</doc>
<status status="PASS" start="2024-04-06T14:11:12.368961" elapsed="0.272085"/>
</kw>
<kw name="Should Be Equal As Numbers" owner="BuiltIn">
<msg time="2024-04-06T14:11:12.642172" level="INFO">Argument types are:
&lt;class 'int'&gt;
&lt;class 'str'&gt;</msg>
<arg>${response.status_code}</arg>
<arg>200</arg>
<doc>Fails if objects are unequal after converting them to real numbers.</doc>
<status status="PASS" start="2024-04-06T14:11:12.641678" elapsed="0.000565"/>
</kw>
<kw name="Log" owner="BuiltIn">
<msg time="2024-04-06T14:11:12.642925" level="INFO">200</msg>
<arg>${response.status_code}</arg>
<doc>Logs the given message with the given level.</doc>
<status status="PASS" start="2024-04-06T14:11:12.642567" elapsed="0.000402"/>
</kw>
<kw name="Set Variable" owner="BuiltIn">
<msg time="2024-04-06T14:11:12.643787" level="INFO">${json_data} = {'results': [{'gender': 'male', 'name': {'title': 'Mr', 'first': 'Max', 'last': 'Sutton'}, 'location': {'street': {'number': 6504, 'name': 'Central St'}, 'city': 'Lakewood', 'state': 'Nevada', 'countr...</msg>
<var>${json_data}</var>
<arg>${response.json()}</arg>
<doc>Returns the given values which can then be assigned to a variables.</doc>
<status status="PASS" start="2024-04-06T14:11:12.643299" elapsed="0.000516"/>
</kw>
<kw name="Dictionary Should Contain Key" owner="Collections">
<msg time="2024-04-06T14:11:12.644303" level="INFO">False</msg>
<arg>${json_data}</arg>
<arg>results</arg>
<doc>Fails if ``key`` is not found from ``dictionary``.</doc>
<status status="PASS" start="2024-04-06T14:11:12.644123" elapsed="0.000219"/>
</kw>
<status status="PASS" start="2024-04-06T14:11:12.368705" elapsed="0.275901"/>
</kw>
<doc>Testa se a API responde corretamente e retorna um objeto JSON válido.</doc>
<tag>testeRequisicaoBasica</tag>
<status status="PASS" start="2024-04-06T14:11:12.368250" elapsed="0.276641"/>
</test>
<test id="s1-s1-t3" name="Validar estrutura de resposta" line="22">
<kw name="Teste de Estrutura de Resposta" owner="random-user-service">
<kw name="GET On Session" owner="RequestsLibrary">
<msg time="2024-04-06T14:11:12.741429" level="INFO">GET Request : url=https://randomuser.me/api 
 path_url=/api 
 headers={'User-Agent': 'python-requests/2.31.0', 'Accept-Encoding': 'gzip, deflate', 'Accept': '*/*', 'Connection': 'keep-alive'} 
 body=None 
 </msg>
<msg time="2024-04-06T14:11:12.741518" level="INFO">GET Response : url=https://randomuser.me/api 
 status=200, reason=OK 
 headers={'Date': 'Sat, 06 Apr 2024 14:11:12 GMT', 'Content-Type': 'application/json; charset=utf-8', 'Transfer-Encoding': 'chunked', 'Connection': 'keep-alive', 'X-Powered-By': 'Express', 'Access-Control-Allow-Origin': '*', 'Cache-Control': 'no-cache', 'ETag': 'W/"4ae-yrQRdtVRPBoE0BLvr7SLxbF2ui4"', 'Vary': 'Accept-Encoding', 'Content-Encoding': 'gzip', 'CF-Cache-Status': 'DYNAMIC', 'Report-To': '{"endpoints":[{"url":"https:\\/\\/a.nel.cloudflare.com\\/report\\/v4?s=yAqvuuItbVbK9luORcA4PMV4mv%2F9Qh35WHS7HV1pvp%2BOJ3U3ZDzXcMiufPb0BkLD0Toeg7jSbdt6fBtDJXsikGtfLLpBx%2BQOdQYMrsHYkVs%2BYT3Wdd1HWtZIXlFyUV%2Fe"}],"group":"cf-nel","max_age":604800}', 'NEL': '{"success_fraction":0,"report_to":"cf-nel","max_age":604800}', 'Server': 'cloudflare', 'CF-RAY': '87025da41ee752b9-LAX', 'alt-svc': 'h3=":443"; ma=86400'} 
 body={"results":[{"gender":"female","name":{"title":"Miss","first":"Sara","last":"Vergara"},"location":{"street":{"number":2825,"name":"Diagonal República Centroafricana"},"city":"Parral","state":"Michoacan","country":"Mexico","postcode":86081,"coordinates":{"latitude":"24.4133","longitude":"79.6786"},"timezone":{"offset":"+9:00","description":"Tokyo, Seoul, Osaka, Sapporo, Yakutsk"}},"email":"sara.vergara@example.com","login":{"uuid":"ef2e4997-dbfd-4084-8700-8c3decd580d7","username":"angrylion785","password":"362436","salt":"S92cGrGD","md5":"d8883fed630fb0b9d4257de495da69a0","sha1":"f2b12f15c209251445bc305d19055e2b793e04f1","sha256":"d23de44b93ebc3edb9bc14ed88c774585b4656472c7a7eaad1943e3a45322b3a"},"dob":{"date":"1956-11-21T02:10:49.389Z","age":67},"registered":{"date":"2019-10-21T07:05:07.215Z","age":4},"phone":"(688) 350 8458","cell":"(697) 744 6501","id":{"name":"NSS","value":"24 79 99 8137 0"},"picture":{"large":"https://randomuser.me/api/portraits/women/87.jpg","medium":"https://randomuser.me/api/portraits/med/women/87.jpg","thumbnail":"https://randomuser.me/api/portraits/thumb/women/87.jpg"},"nat":"MX"}],"info":{"seed":"8ee788205fbb1268","results":1,"page":1,"version":"1.4"}} 
 </msg>
<msg time="2024-04-06T14:11:12.741633" level="INFO">/opt/hostedtoolcache/Python/3.12.2/x64/lib/python3.12/site-packages/urllib3/connectionpool.py:1103: InsecureRequestWarning: Unverified HTTPS request is being made to host 'randomuser.me'. Adding certificate verification is strongly advised. See: https://urllib3.readthedocs.io/en/latest/advanced-usage.html#tls-warnings
  warnings.warn(</msg>
<msg time="2024-04-06T14:11:12.741754" level="INFO">${response} = &lt;Response [200]&gt;</msg>
<var>${response}</var>
<arg>consultarAPI</arg>
<arg>/api</arg>
<doc>Sends a GET request on a previously created HTTP Session.</doc>
<status status="PASS" start="2024-04-06T14:11:12.647776" elapsed="0.094021"/>
</kw>
<kw name="Set Variable" owner="BuiltIn">
<msg time="2024-04-06T14:11:12.742989" level="INFO">${json_data} = {'results': [{'gender': 'female', 'name': {'title': 'Miss', 'first': 'Sara', 'last': 'Vergara'}, 'location': {'street': {'number': 2825, 'name': 'Diagonal República Centroafricana'}, 'city': 'Parral',...</msg>
<var>${json_data}</var>
<arg>${response.json()}</arg>
<doc>Returns the given values which can then be assigned to a variables.</doc>
<status status="PASS" start="2024-04-06T14:11:12.742331" elapsed="0.000688"/>
</kw>
<kw name="Log" owner="BuiltIn">
<msg time="2024-04-06T14:11:12.743552" level="INFO">{'results': [{'gender': 'female', 'name': {'title': 'Miss', 'first': 'Sara', 'last': 'Vergara'}, 'location': {'street': {'number': 2825, 'name': 'Diagonal República Centroafricana'}, 'city': 'Parral', 'state': 'Michoacan', 'country': 'Mexico', 'postcode': 86081, 'coordinates': {'latitude': '24.4133', 'longitude': '79.6786'}, 'timezone': {'offset': '+9:00', 'description': 'Tokyo, Seoul, Osaka, Sapporo, Yakutsk'}}, 'email': 'sara.vergara@example.com', 'login': {'uuid': 'ef2e4997-dbfd-4084-8700-8c3decd580d7', 'username': 'angrylion785', 'password': '362436', 'salt': 'S92cGrGD', 'md5': 'd8883fed630fb0b9d4257de495da69a0', 'sha1': 'f2b12f15c209251445bc305d19055e2b793e04f1', 'sha256': 'd23de44b93ebc3edb9bc14ed88c774585b4656472c7a7eaad1943e3a45322b3a'}, 'dob': {'date': '1956-11-21T02:10:49.389Z', 'age': 67}, 'registered': {'date': '2019-10-21T07:05:07.215Z', 'age': 4}, 'phone': '(688) 350 8458', 'cell': '(697) 744 6501', 'id': {'name': 'NSS', 'value': '24 79 99 8137 0'}, 'picture': {'large': 'https://randomuser.me/api/portraits/women/87.jpg', 'medium': 'https://randomuser.me/api/portraits/med/women/87.jpg', 'thumbnail': 'https://randomuser.me/api/portraits/thumb/women/87.jpg'}, 'nat': 'MX'}], 'info': {'seed': '8ee788205fbb1268', 'results': 1, 'page': 1, 'version': '1.4'}}</msg>
<arg>${json_data}</arg>
<doc>Logs the given message with the given level.</doc>
<status status="PASS" start="2024-04-06T14:11:12.743375" elapsed="0.000228"/>
</kw>
<kw name="Dictionary Should Contain Key" owner="Collections">
<msg time="2024-04-06T14:11:12.744063" level="INFO">False</msg>
<arg>${json_data}</arg>
<arg>results</arg>
<doc>Fails if ``key`` is not found from ``dictionary``.</doc>
<status status="PASS" start="2024-04-06T14:11:12.743908" elapsed="0.000194"/>
</kw>
<kw name="Should Not Be Empty" owner="BuiltIn">
<msg time="2024-04-06T14:11:12.744533" level="INFO">Length is 2.</msg>
<arg>${json_data}</arg>
<doc>Verifies that the given item is not empty.</doc>
<status status="PASS" start="2024-04-06T14:11:12.744399" elapsed="0.000172"/>
</kw>
<kw name="Create List" owner="BuiltIn">
<msg time="2024-04-06T14:11:12.745007" level="INFO">${expected_keys} = ['gender', 'name', 'location', 'email', 'login']</msg>
<var>${expected_keys}</var>
<arg>gender</arg>
<arg>name</arg>
<arg>location</arg>
<arg>email</arg>
<arg>login</arg>
<doc>Returns a list containing given items.</doc>
<status status="PASS" start="2024-04-06T14:11:12.744860" elapsed="0.000172"/>
</kw>
<for flavor="IN">
<iter>
<kw name="Dictionary Should Contain Key" owner="Collections">
<msg time="2024-04-06T14:11:12.746010" level="INFO">False</msg>
<arg>${json_data['results'][0]}</arg>
<arg>${key}</arg>
<doc>Fails if ``key`` is not found from ``dictionary``.</doc>
<status status="PASS" start="2024-04-06T14:11:12.745600" elapsed="0.000451"/>
</kw>
<kw name="Log" owner="BuiltIn">
<msg time="2024-04-06T14:11:12.746746" level="INFO">{'gender': 'female', 'name': {'title': 'Miss', 'first': 'Sara', 'last': 'Vergara'}, 'location': {'street': {'number': 2825, 'name': 'Diagonal República Centroafricana'}, 'city': 'Parral', 'state': 'Michoacan', 'country': 'Mexico', 'postcode': 86081, 'coordinates': {'latitude': '24.4133', 'longitude': '79.6786'}, 'timezone': {'offset': '+9:00', 'description': 'Tokyo, Seoul, Osaka, Sapporo, Yakutsk'}}, 'email': 'sara.vergara@example.com', 'login': {'uuid': 'ef2e4997-dbfd-4084-8700-8c3decd580d7', 'username': 'angrylion785', 'password': '362436', 'salt': 'S92cGrGD', 'md5': 'd8883fed630fb0b9d4257de495da69a0', 'sha1': 'f2b12f15c209251445bc305d19055e2b793e04f1', 'sha256': 'd23de44b93ebc3edb9bc14ed88c774585b4656472c7a7eaad1943e3a45322b3a'}, 'dob': {'date': '1956-11-21T02:10:49.389Z', 'age': 67}, 'registered': {'date': '2019-10-21T07:05:07.215Z', 'age': 4}, 'phone': '(688) 350 8458', 'cell': '(697) 744 6501', 'id': {'name': 'NSS', 'value': '24 79 99 8137 0'}, 'picture': {'large': 'https://randomuser.me/api/portraits/women/87.jpg', 'medium': 'https://randomuser.me/api/portraits/med/women/87.jpg', 'thumbnail': 'https://randomuser.me/api/portraits/thumb/women/87.jpg'}, 'nat': 'MX'}</msg>
<arg>${json_data['results'][0]}</arg>
<doc>Logs the given message with the given level.</doc>
<status status="PASS" start="2024-04-06T14:11:12.746362" elapsed="0.000435"/>
</kw>
<kw name="Log" owner="BuiltIn">
<msg time="2024-04-06T14:11:12.747245" level="INFO">gender</msg>
<arg>${key}</arg>
<doc>Logs the given message with the given level.</doc>
<status status="PASS" start="2024-04-06T14:11:12.747112" elapsed="0.000171"/>
</kw>
<var name="${key}">gender</var>
<status status="PASS" start="2024-04-06T14:11:12.745475" elapsed="0.002049"/>
</iter>
<iter>
<kw name="Dictionary Should Contain Key" owner="Collections">
<msg time="2024-04-06T14:11:12.748217" level="INFO">False</msg>
<arg>${json_data['results'][0]}</arg>
<arg>${key}</arg>
<doc>Fails if ``key`` is not found from ``dictionary``.</doc>
<status status="PASS" start="2024-04-06T14:11:12.747829" elapsed="0.000470"/>
</kw>
<kw name="Log" owner="BuiltIn">
<msg time="2024-04-06T14:11:12.748976" level="INFO">{'gender': 'female', 'name': {'title': 'Miss', 'first': 'Sara', 'last': 'Vergara'}, 'location': {'street': {'number': 2825, 'name': 'Diagonal República Centroafricana'}, 'city': 'Parral', 'state': 'Michoacan', 'country': 'Mexico', 'postcode': 86081, 'coordinates': {'latitude': '24.4133', 'longitude': '79.6786'}, 'timezone': {'offset': '+9:00', 'description': 'Tokyo, Seoul, Osaka, Sapporo, Yakutsk'}}, 'email': 'sara.vergara@example.com', 'login': {'uuid': 'ef2e4997-dbfd-4084-8700-8c3decd580d7', 'username': 'angrylion785', 'password': '362436', 'salt': 'S92cGrGD', 'md5': 'd8883fed630fb0b9d4257de495da69a0', 'sha1': 'f2b12f15c209251445bc305d19055e2b793e04f1', 'sha256': 'd23de44b93ebc3edb9bc14ed88c774585b4656472c7a7eaad1943e3a45322b3a'}, 'dob': {'date': '1956-11-21T02:10:49.389Z', 'age': 67}, 'registered': {'date': '2019-10-21T07:05:07.215Z', 'age': 4}, 'phone': '(688) 350 8458', 'cell': '(697) 744 6501', 'id': {'name': 'NSS', 'value': '24 79 99 8137 0'}, 'picture': {'large': 'https://randomuser.me/api/portraits/women/87.jpg', 'medium': 'https://randomuser.me/api/portraits/med/women/87.jpg', 'thumbnail': 'https://randomuser.me/api/portraits/thumb/women/87.jpg'}, 'nat': 'MX'}</msg>
<arg>${json_data['results'][0]}</arg>
<doc>Logs the given message with the given level.</doc>
<status status="PASS" start="2024-04-06T14:11:12.748606" elapsed="0.000420"/>
</kw>
<kw name="Log" owner="BuiltIn">
<msg time="2024-04-06T14:11:12.749458" level="INFO">name</msg>
<arg>${key}</arg>
<doc>Logs the given message with the given level.</doc>
<status status="PASS" start="2024-04-06T14:11:12.749327" elapsed="0.000170"/>
</kw>
<var name="${key}">name</var>
<status status="PASS" start="2024-04-06T14:11:12.747714" elapsed="0.002005"/>
</iter>
<iter>
<kw name="Dictionary Should Contain Key" owner="Collections">
<msg time="2024-04-06T14:11:12.750392" level="INFO">False</msg>
<arg>${json_data['results'][0]}</arg>
<arg>${key}</arg>
<doc>Fails if ``key`` is not found from ``dictionary``.</doc>
<status status="PASS" start="2024-04-06T14:11:12.750015" elapsed="0.000415"/>
</kw>
<kw name="Log" owner="BuiltIn">
<msg time="2024-04-06T14:11:12.751097" level="INFO">{'gender': 'female', 'name': {'title': 'Miss', 'first': 'Sara', 'last': 'Vergara'}, 'location': {'street': {'number': 2825, 'name': 'Diagonal República Centroafricana'}, 'city': 'Parral', 'state': 'Michoacan', 'country': 'Mexico', 'postcode': 86081, 'coordinates': {'latitude': '24.4133', 'longitude': '79.6786'}, 'timezone': {'offset': '+9:00', 'description': 'Tokyo, Seoul, Osaka, Sapporo, Yakutsk'}}, 'email': 'sara.vergara@example.com', 'login': {'uuid': 'ef2e4997-dbfd-4084-8700-8c3decd580d7', 'username': 'angrylion785', 'password': '362436', 'salt': 'S92cGrGD', 'md5': 'd8883fed630fb0b9d4257de495da69a0', 'sha1': 'f2b12f15c209251445bc305d19055e2b793e04f1', 'sha256': 'd23de44b93ebc3edb9bc14ed88c774585b4656472c7a7eaad1943e3a45322b3a'}, 'dob': {'date': '1956-11-21T02:10:49.389Z', 'age': 67}, 'registered': {'date': '2019-10-21T07:05:07.215Z', 'age': 4}, 'phone': '(688) 350 8458', 'cell': '(697) 744 6501', 'id': {'name': 'NSS', 'value': '24 79 99 8137 0'}, 'picture': {'large': 'https://randomuser.me/api/portraits/women/87.jpg', 'medium': 'https://randomuser.me/api/portraits/med/women/87.jpg', 'thumbnail': 'https://randomuser.me/api/portraits/thumb/women/87.jpg'}, 'nat': 'MX'}</msg>
<arg>${json_data['results'][0]}</arg>
<doc>Logs the given message with the given level.</doc>
<status status="PASS" start="2024-04-06T14:11:12.750730" elapsed="0.000430"/>
</kw>
<kw name="Log" owner="BuiltIn">
<msg time="2024-04-06T14:11:12.751622" level="INFO">location</msg>
<arg>${key}</arg>
<doc>Logs the given message with the given level.</doc>
<status status="PASS" start="2024-04-06T14:11:12.751491" elapsed="0.000170"/>
</kw>
<var name="${key}">location</var>
<status status="PASS" start="2024-04-06T14:11:12.749901" elapsed="0.001979"/>
</iter>
<iter>
<kw name="Dictionary Should Contain Key" owner="Collections">
<msg time="2024-04-06T14:11:12.752553" level="INFO">False</msg>
<arg>${json_data['results'][0]}</arg>
<arg>${key}</arg>
<doc>Fails if ``key`` is not found from ``dictionary``.</doc>
<status status="PASS" start="2024-04-06T14:11:12.752166" elapsed="0.000425"/>
</kw>
<kw name="Log" owner="BuiltIn">
<msg time="2024-04-06T14:11:12.753250" level="INFO">{'gender': 'female', 'name': {'title': 'Miss', 'first': 'Sara', 'last': 'Vergara'}, 'location': {'street': {'number': 2825, 'name': 'Diagonal República Centroafricana'}, 'city': 'Parral', 'state': 'Michoacan', 'country': 'Mexico', 'postcode': 86081, 'coordinates': {'latitude': '24.4133', 'longitude': '79.6786'}, 'timezone': {'offset': '+9:00', 'description': 'Tokyo, Seoul, Osaka, Sapporo, Yakutsk'}}, 'email': 'sara.vergara@example.com', 'login': {'uuid': 'ef2e4997-dbfd-4084-8700-8c3decd580d7', 'username': 'angrylion785', 'password': '362436', 'salt': 'S92cGrGD', 'md5': 'd8883fed630fb0b9d4257de495da69a0', 'sha1': 'f2b12f15c209251445bc305d19055e2b793e04f1', 'sha256': 'd23de44b93ebc3edb9bc14ed88c774585b4656472c7a7eaad1943e3a45322b3a'}, 'dob': {'date': '1956-11-21T02:10:49.389Z', 'age': 67}, 'registered': {'date': '2019-10-21T07:05:07.215Z', 'age': 4}, 'phone': '(688) 350 8458', 'cell': '(697) 744 6501', 'id': {'name': 'NSS', 'value': '24 79 99 8137 0'}, 'picture': {'large': 'https://randomuser.me/api/portraits/women/87.jpg', 'medium': 'https://randomuser.me/api/portraits/med/women/87.jpg', 'thumbnail': 'https://randomuser.me/api/portraits/thumb/women/87.jpg'}, 'nat': 'MX'}</msg>
<arg>${json_data['results'][0]}</arg>
<doc>Logs the given message with the given level.</doc>
<status status="PASS" start="2024-04-06T14:11:12.752890" elapsed="0.000410"/>
</kw>
<kw name="Log" owner="BuiltIn">
<msg time="2024-04-06T14:11:12.753726" level="INFO">email</msg>
<arg>${key}</arg>
<doc>Logs the given message with the given level.</doc>
<status status="PASS" start="2024-04-06T14:11:12.753597" elapsed="0.000167"/>
</kw>
<var name="${key}">email</var>
<status status="PASS" start="2024-04-06T14:11:12.752055" elapsed="0.001924"/>
</iter>
<iter>
<kw name="Dictionary Should Contain Key" owner="Collections">
<msg time="2024-04-06T14:11:12.754659" level="INFO">False</msg>
<arg>${json_data['results'][0]}</arg>
<arg>${key}</arg>
<doc>Fails if ``key`` is not found from ``dictionary``.</doc>
<status status="PASS" start="2024-04-06T14:11:12.754276" elapsed="0.000421"/>
</kw>
<kw name="Log" owner="BuiltIn">
<msg time="2024-04-06T14:11:12.755384" level="INFO">{'gender': 'female', 'name': {'title': 'Miss', 'first': 'Sara', 'last': 'Vergara'}, 'location': {'street': {'number': 2825, 'name': 'Diagonal República Centroafricana'}, 'city': 'Parral', 'state': 'Michoacan', 'country': 'Mexico', 'postcode': 86081, 'coordinates': {'latitude': '24.4133', 'longitude': '79.6786'}, 'timezone': {'offset': '+9:00', 'description': 'Tokyo, Seoul, Osaka, Sapporo, Yakutsk'}}, 'email': 'sara.vergara@example.com', 'login': {'uuid': 'ef2e4997-dbfd-4084-8700-8c3decd580d7', 'username': 'angrylion785', 'password': '362436', 'salt': 'S92cGrGD', 'md5': 'd8883fed630fb0b9d4257de495da69a0', 'sha1': 'f2b12f15c209251445bc305d19055e2b793e04f1', 'sha256': 'd23de44b93ebc3edb9bc14ed88c774585b4656472c7a7eaad1943e3a45322b3a'}, 'dob': {'date': '1956-11-21T02:10:49.389Z', 'age': 67}, 'registered': {'date': '2019-10-21T07:05:07.215Z', 'age': 4}, 'phone': '(688) 350 8458', 'cell': '(697) 744 6501', 'id': {'name': 'NSS', 'value': '24 79 99 8137 0'}, 'picture': {'large': 'https://randomuser.me/api/portraits/women/87.jpg', 'medium': 'https://randomuser.me/api/portraits/med/women/87.jpg', 'thumbnail': 'https://randomuser.me/api/portraits/thumb/women/87.jpg'}, 'nat': 'MX'}</msg>
<arg>${json_data['results'][0]}</arg>
<doc>Logs the given message with the given level.</doc>
<status status="PASS" start="2024-04-06T14:11:12.754989" elapsed="0.000446"/>
</kw>
<kw name="Log" owner="BuiltIn">
<msg time="2024-04-06T14:11:12.755907" level="INFO">login</msg>
<arg>${key}</arg>
<doc>Logs the given message with the given level.</doc>
<status status="PASS" start="2024-04-06T14:11:12.755775" elapsed="0.000275"/>
</kw>
<var name="${key}">login</var>
<status status="PASS" start="2024-04-06T14:11:12.754160" elapsed="0.002118"/>
</iter>
<var>${key}</var>
<value>@{expected_keys}</value>
<status status="PASS" start="2024-04-06T14:11:12.745292" elapsed="0.011112"/>
</for>
<kw name="Create List" owner="BuiltIn">
<msg time="2024-04-06T14:11:12.756740" level="INFO">${expected_keysTwo} = ['username', 'password']</msg>
<var>${expected_keysTwo}</var>
<arg>username</arg>
<arg>password</arg>
<doc>Returns a list containing given items.</doc>
<status status="PASS" start="2024-04-06T14:11:12.756598" elapsed="0.000165"/>
</kw>
<for flavor="IN">
<iter>
<kw name="Dictionary Should Contain Key" owner="Collections">
<msg time="2024-04-06T14:11:12.757664" level="INFO">False</msg>
<arg>${json_data['results'][0]['login']}</arg>
<arg>${keyTwo}</arg>
<doc>Fails if ``key`` is not found from ``dictionary``.</doc>
<status status="PASS" start="2024-04-06T14:11:12.757276" elapsed="0.000426"/>
</kw>
<kw name="Dictionary Should Contain Key" owner="Collections">
<msg time="2024-04-06T14:11:12.758379" level="INFO">False</msg>
<arg>${json_data['results'][0]['login']}</arg>
<arg>${keyTwo}</arg>
<doc>Fails if ``key`` is not found from ``dictionary``.</doc>
<status status="PASS" start="2024-04-06T14:11:12.758002" elapsed="0.000415"/>
</kw>
<kw name="Log" owner="BuiltIn">
<msg time="2024-04-06T14:11:12.758838" level="INFO">username</msg>
<arg>${keyTwo}</arg>
<doc>Logs the given message with the given level.</doc>
<status status="PASS" start="2024-04-06T14:11:12.758708" elapsed="0.000168"/>
</kw>
<var name="${keyTwo}">username</var>
<status status="PASS" start="2024-04-06T14:11:12.757165" elapsed="0.001930"/>
</iter>
<iter>
<kw name="Dictionary Should Contain Key" owner="Collections">
<msg time="2024-04-06T14:11:12.759782" level="INFO">False</msg>
<arg>${json_data['results'][0]['login']}</arg>
<arg>${keyTwo}</arg>
<doc>Fails if ``key`` is not found from ``dictionary``.</doc>
<status status="PASS" start="2024-04-06T14:11:12.759402" elapsed="0.000418"/>
</kw>
<kw name="Dictionary Should Contain Key" owner="Collections">
<msg time="2024-04-06T14:11:12.760484" level="INFO">False</msg>
<arg>${json_data['results'][0]['login']}</arg>
<arg>${keyTwo}</arg>
<doc>Fails if ``key`` is not found from ``dictionary``.</doc>
<status status="PASS" start="2024-04-06T14:11:12.760112" elapsed="0.000409"/>
</kw>
<kw name="Log" owner="BuiltIn">
<msg time="2024-04-06T14:11:12.760944" level="INFO">password</msg>
<arg>${keyTwo}</arg>
<doc>Logs the given message with the given level.</doc>
<status status="PASS" start="2024-04-06T14:11:12.760815" elapsed="0.000167"/>
</kw>
<var name="${keyTwo}">password</var>
<status status="PASS" start="2024-04-06T14:11:12.759269" elapsed="0.001937"/>
</iter>
<var>${keyTwo}</var>
<value>@{expected_keysTwo}</value>
<status status="PASS" start="2024-04-06T14:11:12.757013" elapsed="0.004318"/>
</for>
<status status="PASS" start="2024-04-06T14:11:12.647526" elapsed="0.113947"/>
</kw>
<doc>Testa a estrutura da resposta da API.</doc>
<tag>testeEstruturaResposta</tag>
<status status="PASS" start="2024-04-06T14:11:12.646735" elapsed="0.114891"/>
</test>
<test id="s1-s1-t4" name="Validar tipos de dados" line="28">
<kw name="Teste de Tipos de Dados" owner="random-user-service">
<kw name="GET On Session" owner="RequestsLibrary">
<msg time="2024-04-06T14:11:12.881142" level="INFO">GET Request : url=https://randomuser.me/api 
 path_url=/api 
 headers={'User-Agent': 'python-requests/2.31.0', 'Accept-Encoding': 'gzip, deflate', 'Accept': '*/*', 'Connection': 'keep-alive'} 
 body=None 
 </msg>
<msg time="2024-04-06T14:11:12.881227" level="INFO">GET Response : url=https://randomuser.me/api 
 status=200, reason=OK 
 headers={'Date': 'Sat, 06 Apr 2024 14:11:12 GMT', 'Content-Type': 'application/json; charset=utf-8', 'Transfer-Encoding': 'chunked', 'Connection': 'keep-alive', 'X-Powered-By': 'Express', 'Access-Control-Allow-Origin': '*', 'Cache-Control': 'no-cache', 'ETag': 'W/"49c-y6CReOA/vVq4VIkZQRisXLJysYU"', 'Vary': 'Accept-Encoding', 'Content-Encoding': 'gzip', 'CF-Cache-Status': 'DYNAMIC', 'Report-To': '{"endpoints":[{"url":"https:\\/\\/a.nel.cloudflare.com\\/report\\/v4?s=XZNnpIXyyDNquqrW0guT7OlgZ1Q2FjRis7Xsj59qUpUIOAXZYCGkrmDv3kW3Ub1iqwqIQYFCvjy%2F1opxcfEtpVoMWWcLuQuWrt4twpd9Hx%2Buvc0NdACAfvsvpoCM2WBe"}],"group":"cf-nel","max_age":604800}', 'NEL': '{"success_fraction":0,"report_to":"cf-nel","max_age":604800}', 'Server': 'cloudflare', 'CF-RAY': '87025da4cfa152b9-LAX', 'alt-svc': 'h3=":443"; ma=86400'} 
 body={"results":[{"gender":"female","name":{"title":"Mrs","first":"Sandra","last":"Román"},"location":{"street":{"number":9354,"name":"Calle de Pedro Bosch"},"city":"Burgos","state":"Melilla","country":"Spain","postcode":25781,"coordinates":{"latitude":"-33.8325","longitude":"148.6386"},"timezone":{"offset":"+11:00","description":"Magadan, Solomon Islands, New Caledonia"}},"email":"sandra.roman@example.com","login":{"uuid":"dc6fe92c-2cf0-4ead-936d-dd612b9d2400","username":"ticklishsnake844","password":"gidget","salt":"U8a4P1un","md5":"979d3145919719b7c94cb6bfdf1b921d","sha1":"dcb0e59176d9ef83be308f177f3c6b75bd556704","sha256":"7f03f8a23ac4e4678c7a44e0f80fad70b950bdbe6e136ffada30340a57092bec"},"dob":{"date":"1966-08-12T12:06:08.922Z","age":57},"registered":{"date":"2003-09-22T06:42:57.802Z","age":20},"phone":"975-812-003","cell":"656-730-447","id":{"name":"DNI","value":"01582341-U"},"picture":{"large":"https://randomuser.me/api/portraits/women/17.jpg","medium":"https://randomuser.me/api/portraits/med/women/17.jpg","thumbnail":"https://randomuser.me/api/portraits/thumb/women/17.jpg"},"nat":"ES"}],"info":{"seed":"f0c3aed8701c550f","results":1,"page":1,"version":"1.4"}} 
 </msg>
<msg time="2024-04-06T14:11:12.881305" level="INFO">/opt/hostedtoolcache/Python/3.12.2/x64/lib/python3.12/site-packages/urllib3/connectionpool.py:1103: InsecureRequestWarning: Unverified HTTPS request is being made to host 'randomuser.me'. Adding certificate verification is strongly advised. See: https://urllib3.readthedocs.io/en/latest/advanced-usage.html#tls-warnings
  warnings.warn(</msg>
<msg time="2024-04-06T14:11:12.881418" level="INFO">${response} = &lt;Response [200]&gt;</msg>
<var>${response}</var>
<arg>consultarAPI</arg>
<arg>/api</arg>
<doc>Sends a GET request on a previously created HTTP Session.</doc>
<status status="PASS" start="2024-04-06T14:11:12.764168" elapsed="0.117291"/>
</kw>
<kw name="Set Variable" owner="BuiltIn">
<msg time="2024-04-06T14:11:12.882569" level="INFO">${json_data} = {'results': [{'gender': 'female', 'name': {'title': 'Mrs', 'first': 'Sandra', 'last': 'Román'}, 'location': {'street': {'number': 9354, 'name': 'Calle de Pedro Bosch'}, 'city': 'Burgos', 'state': 'Mel...</msg>
<var>${json_data}</var>
<arg>${response.json()}</arg>
<doc>Returns the given values which can then be assigned to a variables.</doc>
<status status="PASS" start="2024-04-06T14:11:12.881961" elapsed="0.000638"/>
</kw>
<kw name="Log" owner="BuiltIn">
<msg time="2024-04-06T14:11:12.883066" level="INFO">{'results': [{'gender': 'female', 'name': {'title': 'Mrs', 'first': 'Sandra', 'last': 'Román'}, 'location': {'street': {'number': 9354, 'name': 'Calle de Pedro Bosch'}, 'city': 'Burgos', 'state': 'Melilla', 'country': 'Spain', 'postcode': 25781, 'coordinates': {'latitude': '-33.8325', 'longitude': '148.6386'}, 'timezone': {'offset': '+11:00', 'description': 'Magadan, Solomon Islands, New Caledonia'}}, 'email': 'sandra.roman@example.com', 'login': {'uuid': 'dc6fe92c-2cf0-4ead-936d-dd612b9d2400', 'username': 'ticklishsnake844', 'password': 'gidget', 'salt': 'U8a4P1un', 'md5': '979d3145919719b7c94cb6bfdf1b921d', 'sha1': 'dcb0e59176d9ef83be308f177f3c6b75bd556704', 'sha256': '7f03f8a23ac4e4678c7a44e0f80fad70b950bdbe6e136ffada30340a57092bec'}, 'dob': {'date': '1966-08-12T12:06:08.922Z', 'age': 57}, 'registered': {'date': '2003-09-22T06:42:57.802Z', 'age': 20}, 'phone': '975-812-003', 'cell': '656-730-447', 'id': {'name': 'DNI', 'value': '01582341-U'}, 'picture': {'large': 'https://randomuser.me/api/portraits/women/17.jpg', 'medium': 'https://randomuser.me/api/portraits/med/women/17.jpg', 'thumbnail': 'https://randomuser.me/api/portraits/thumb/women/17.jpg'}, 'nat': 'ES'}], 'info': {'seed': 'f0c3aed8701c550f', 'results': 1, 'page': 1, 'version': '1.4'}}</msg>
<arg>${json_data}</arg>
<doc>Logs the given message with the given level.</doc>
<status status="PASS" start="2024-04-06T14:11:12.882908" elapsed="0.000240"/>
</kw>
<kw name="Should Be String" owner="String">
<arg>${json_data['results'][0]['gender']}</arg>
<doc>Fails if the given ``item`` is not a string.</doc>
<status status="PASS" start="2024-04-06T14:11:12.883497" elapsed="0.000374"/>
</kw>
<kw name="Should Match Regexp" owner="BuiltIn">
<arg>${json_data['results'][0]['email']}</arg>
<arg>^[a-zA-Z0-9._%+-]+@[a-zA-Z0-9.-]+\.[a-zA-Z]{2,}$</arg>
<doc>Fails if ``string`` does not match ``pattern`` as a regular expression.</doc>
<status status="PASS" start="2024-04-06T14:11:12.884066" elapsed="0.000523"/>
</kw>
<kw name="Should Match Regexp" owner="BuiltIn">
<arg>${json_data['results'][0]['dob']['date']}</arg>
<arg>\\d{4}-\\d{2}-\\d{2}T\\d{2}:\\d{2}:\\d{2}\\.\\d{3}Z</arg>
<doc>Fails if ``string`` does not match ``pattern`` as a regular expression.</doc>
<status status="PASS" start="2024-04-06T14:11:12.884788" elapsed="0.000496"/>
</kw>
<kw name="Should Match Regexp" owner="BuiltIn">
<arg>${json_data['results'][0]['registered']['date']}</arg>
<arg>\\d{4}-\\d{2}-\\d{2}T\\d{2}:\\d{2}:\\d{2}\\.\\d{3}Z</arg>
<doc>Fails if ``string`` does not match ``pattern`` as a regular expression.</doc>
<status status="PASS" start="2024-04-06T14:11:12.885479" elapsed="0.000372"/>
</kw>
<kw name="Should Match Regexp" owner="BuiltIn">
<arg>${json_data['results'][0]['picture']['large']}</arg>
<arg>^https?://.*\.(?:png|jpe?g|gif|bmp)$</arg>
<doc>Fails if ``string`` does not match ``pattern`` as a regular expression.</doc>
<status status="PASS" start="2024-04-06T14:11:12.886042" elapsed="0.000456"/>
</kw>
<kw name="Should Match Regexp" owner="BuiltIn">
<arg>${json_data['results'][0]['picture']['medium']}</arg>
<arg>^https?://.*\.(?:png|jpe?g|gif|bmp)$</arg>
<doc>Fails if ``string`` does not match ``pattern`` as a regular expression.</doc>
<status status="PASS" start="2024-04-06T14:11:12.886698" elapsed="0.000356"/>
</kw>
<kw name="Should Match Regexp" owner="BuiltIn">
<arg>${json_data['results'][0]['picture']['thumbnail']}</arg>
<arg>^https?://.*\.(?:png|jpe?g|gif|bmp)$</arg>
<doc>Fails if ``string`` does not match ``pattern`` as a regular expression.</doc>
<status status="PASS" start="2024-04-06T14:11:12.887241" elapsed="0.000389"/>
</kw>
<kw name="Log" owner="BuiltIn">
<msg time="2024-04-06T14:11:12.888137" level="INFO">{'large': 'https://randomuser.me/api/portraits/women/17.jpg', 'medium': 'https://randomuser.me/api/portraits/med/women/17.jpg', 'thumbnail': 'https://randomuser.me/api/portraits/thumb/women/17.jpg'}</msg>
<arg>${json_data['results'][0]['picture']}</arg>
<doc>Logs the given message with the given level.</doc>
<status status="PASS" start="2024-04-06T14:11:12.887814" elapsed="0.000365"/>
</kw>
<status status="PASS" start="2024-04-06T14:11:12.763944" elapsed="0.124486"/>
</kw>
<kw name="Teste de Tipos de Dados - Postcode" owner="random-user-service">
<kw name="GET On Session" owner="RequestsLibrary">
<msg time="2024-04-06T14:11:12.981240" level="INFO">GET Request : url=https://randomuser.me/api 
 path_url=/api 
 headers={'User-Agent': 'python-requests/2.31.0', 'Accept-Encoding': 'gzip, deflate', 'Accept': '*/*', 'Connection': 'keep-alive'} 
 body=None 
 </msg>
<msg time="2024-04-06T14:11:12.981306" level="INFO">GET Response : url=https://randomuser.me/api 
 status=200, reason=OK 
 headers={'Date': 'Sat, 06 Apr 2024 14:11:12 GMT', 'Content-Type': 'application/json; charset=utf-8', 'Transfer-Encoding': 'chunked', 'Connection': 'keep-alive', 'X-Powered-By': 'Express', 'Access-Control-Allow-Origin': '*', 'Cache-Control': 'no-cache', 'ETag': 'W/"477-VWtQgGtnwR/E0Nzm4/6Cnmj+q08"', 'Vary': 'Accept-Encoding', 'Content-Encoding': 'gzip', 'CF-Cache-Status': 'DYNAMIC', 'Report-To': '{"endpoints":[{"url":"https:\\/\\/a.nel.cloudflare.com\\/report\\/v4?s=KhiY8Rv5ejgIYbgRp247Cu058aIroL8kt3YErv%2BAzMVfzwwtINpvxgvh7eTqIjRB%2BgyqW4kXLVkI3TAOo7SZfFixrD5sSFUgr6hSvROCnJ4T6gnVTRFLCyEaZb93WNwr"}],"group":"cf-nel","max_age":604800}', 'NEL': '{"success_fraction":0,"report_to":"cf-nel","max_age":604800}', 'Server': 'cloudflare', 'CF-RAY': '87025da598bb52b9-LAX', 'alt-svc': 'h3=":443"; ma=86400'} 
 body={"results":[{"gender":"male","name":{"title":"Mr","first":"Randy","last":"Ford"},"location":{"street":{"number":7225,"name":"Marsh Ln"},"city":"Cincinnati","state":"South Dakota","country":"United States","postcode":87966,"coordinates":{"latitude":"84.4147","longitude":"-98.1140"},"timezone":{"offset":"+5:45","description":"Kathmandu"}},"email":"randy.ford@example.com","login":{"uuid":"c4cb72cd-782e-4a9e-9a62-ea63bb4e1f59","username":"greendog940","password":"packers1","salt":"DGi5PL32","md5":"b5025c7c3440da24b831464eee771566","sha1":"d3fdf14f99ea77939d08f5c00187a9afb166573c","sha256":"2d46af4c16a4bc76bbb7a386babdf45a682693cd04ee94a8759640891dddb84c"},"dob":{"date":"1982-01-09T01:25:53.297Z","age":42},"registered":{"date":"2010-04-17T00:28:08.544Z","age":13},"phone":"(772) 909-3647","cell":"(760) 556-8637","id":{"name":"SSN","value":"208-57-1326"},"picture":{"large":"https://randomuser.me/api/portraits/men/24.jpg","medium":"https://randomuser.me/api/portraits/med/men/24.jpg","thumbnail":"https://randomuser.me/api/portraits/thumb/men/24.jpg"},"nat":"US"}],"info":{"seed":"e5b0f7fec13206d9","results":1,"page":1,"version":"1.4"}} 
 </msg>
<msg time="2024-04-06T14:11:12.981379" level="INFO">/opt/hostedtoolcache/Python/3.12.2/x64/lib/python3.12/site-packages/urllib3/connectionpool.py:1103: InsecureRequestWarning: Unverified HTTPS request is being made to host 'randomuser.me'. Adding certificate verification is strongly advised. See: https://urllib3.readthedocs.io/en/latest/advanced-usage.html#tls-warnings
  warnings.warn(</msg>
<msg time="2024-04-06T14:11:12.981490" level="INFO">${response} = &lt;Response [200]&gt;</msg>
<var>${response}</var>
<arg>consultarAPI</arg>
<arg>/api</arg>
<doc>Sends a GET request on a previously created HTTP Session.</doc>
<status status="PASS" start="2024-04-06T14:11:12.888983" elapsed="0.092550"/>
</kw>
<kw name="Set Variable" owner="BuiltIn">
<msg time="2024-04-06T14:11:12.982418" level="INFO">${json_data} = {'results': [{'gender': 'male', 'name': {'title': 'Mr', 'first': 'Randy', 'last': 'Ford'}, 'location': {'street': {'number': 7225, 'name': 'Marsh Ln'}, 'city': 'Cincinnati', 'state': 'South Dakota', '...</msg>
<var>${json_data}</var>
<arg>${response.json()}</arg>
<doc>Returns the given values which can then be assigned to a variables.</doc>
<status status="PASS" start="2024-04-06T14:11:12.981983" elapsed="0.000462"/>
</kw>
<kw name="Log" owner="BuiltIn">
<msg time="2024-04-06T14:11:12.982899" level="INFO">{'results': [{'gender': 'male', 'name': {'title': 'Mr', 'first': 'Randy', 'last': 'Ford'}, 'location': {'street': {'number': 7225, 'name': 'Marsh Ln'}, 'city': 'Cincinnati', 'state': 'South Dakota', 'country': 'United States', 'postcode': 87966, 'coordinates': {'latitude': '84.4147', 'longitude': '-98.1140'}, 'timezone': {'offset': '+5:45', 'description': 'Kathmandu'}}, 'email': 'randy.ford@example.com', 'login': {'uuid': 'c4cb72cd-782e-4a9e-9a62-ea63bb4e1f59', 'username': 'greendog940', 'password': 'packers1', 'salt': 'DGi5PL32', 'md5': 'b5025c7c3440da24b831464eee771566', 'sha1': 'd3fdf14f99ea77939d08f5c00187a9afb166573c', 'sha256': '2d46af4c16a4bc76bbb7a386babdf45a682693cd04ee94a8759640891dddb84c'}, 'dob': {'date': '1982-01-09T01:25:53.297Z', 'age': 42}, 'registered': {'date': '2010-04-17T00:28:08.544Z', 'age': 13}, 'phone': '(772) 909-3647', 'cell': '(760) 556-8637', 'id': {'name': 'SSN', 'value': '208-57-1326'}, 'picture': {'large': 'https://randomuser.me/api/portraits/men/24.jpg', 'medium': 'https://randomuser.me/api/portraits/med/men/24.jpg', 'thumbnail': 'https://randomuser.me/api/portraits/thumb/men/24.jpg'}, 'nat': 'US'}], 'info': {'seed': 'e5b0f7fec13206d9', 'results': 1, 'page': 1, 'version': '1.4'}}</msg>
<arg>${json_data}</arg>
<doc>Logs the given message with the given level.</doc>
<status status="PASS" start="2024-04-06T14:11:12.982746" elapsed="0.000228"/>
</kw>
<kw name="Should Be Equal As Numbers" owner="BuiltIn">
<arg>${json_data['results'][0]['location']['postcode']}</arg>
<arg>${json_data['results'][0]['location']['postcode']}</arg>
<doc>Fails if objects are unequal after converting them to real numbers.</doc>
<status status="PASS" start="2024-04-06T14:11:12.983272" elapsed="0.000648"/>
</kw>
<kw name="Log" owner="BuiltIn">
<msg time="2024-04-06T14:11:12.984445" level="INFO">87966</msg>
<arg>${json_data['results'][0]['location']['postcode']}</arg>
<doc>Logs the given message with the given level.</doc>
<status status="PASS" start="2024-04-06T14:11:12.984112" elapsed="0.000373"/>
</kw>
<status status="PASS" start="2024-04-06T14:11:12.888644" elapsed="0.096092"/>
</kw>
<doc>Testa se os tipos de dados na resposta da API estão corretos.</doc>
<tag>testeTiposDados</tag>
<status status="PASS" start="2024-04-06T14:11:12.763408" elapsed="0.221485"/>
</test>
<test id="s1-s1-t5" name="Validar conteudo" line="35">
<kw name="Teste de Tipos de Conteudo" owner="random-user-service">
<kw name="GET On Session" owner="RequestsLibrary">
<msg time="2024-04-06T14:11:13.094464" level="INFO">GET Request : url=https://randomuser.me/api 
 path_url=/api 
 headers={'User-Agent': 'python-requests/2.31.0', 'Accept-Encoding': 'gzip, deflate', 'Accept': '*/*', 'Connection': 'keep-alive'} 
 body=None 
 </msg>
<msg time="2024-04-06T14:11:13.094549" level="INFO">GET Response : url=https://randomuser.me/api 
 status=200, reason=OK 
 headers={'Date': 'Sat, 06 Apr 2024 14:11:13 GMT', 'Content-Type': 'application/json; charset=utf-8', 'Transfer-Encoding': 'chunked', 'Connection': 'keep-alive', 'X-Powered-By': 'Express', 'Access-Control-Allow-Origin': '*', 'Cache-Control': 'no-cache', 'ETag': 'W/"488-ypJ76uJQ3n7VmFe6cDKxa0MzRk8"', 'Vary': 'Accept-Encoding', 'Content-Encoding': 'gzip', 'CF-Cache-Status': 'DYNAMIC', 'Report-To': '{"endpoints":[{"url":"https:\\/\\/a.nel.cloudflare.com\\/report\\/v4?s=a1rlcT2plRuq1JiSwnLMlL%2FoIM9SSyRYQ83ljfh1kklaz%2BHpVZLHqe%2FO38T4lMfcD8jYsKUUi5oHJJvoA0nZAfsnIhNDNS1m%2B0aPZifx%2Bt%2Fspi8nSrqnVwHtsy5mx0WY"}],"group":"cf-nel","max_age":604800}', 'NEL': '{"success_fraction":0,"report_to":"cf-nel","max_age":604800}', 'Server': 'cloudflare', 'CF-RAY': '87025da639af52b9-LAX', 'alt-svc': 'h3=":443"; ma=86400'} 
 body={"results":[{"gender":"male","name":{"title":"Mr","first":"Morris","last":"Rhodes"},"location":{"street":{"number":1757,"name":"George Street"},"city":"Wakefield","state":"Herefordshire","country":"United Kingdom","postcode":"VF2G 6AB","coordinates":{"latitude":"-5.3311","longitude":"-2.5620"},"timezone":{"offset":"-3:30","description":"Newfoundland"}},"email":"morris.rhodes@example.com","login":{"uuid":"bc522e7b-588c-46a4-a1d0-40814af1e638","username":"smallbear368","password":"audio","salt":"wGFVzNri","md5":"f297f42d6f7f9ce56068867dbaeacb4f","sha1":"d61b783224602aacd7c192c8c0cf3989a57a08bc","sha256":"09e4fcf73d0dd8d8b406cf36c81f559593dda8b1484425d85f21c6035c8714f8"},"dob":{"date":"1946-03-28T04:08:53.292Z","age":78},"registered":{"date":"2012-09-30T12:15:24.780Z","age":11},"phone":"0114289 045 6368","cell":"07299 513298","id":{"name":"NINO","value":"BA 79 00 12 P"},"picture":{"large":"https://randomuser.me/api/portraits/men/9.jpg","medium":"https://randomuser.me/api/portraits/med/men/9.jpg","thumbnail":"https://randomuser.me/api/portraits/thumb/men/9.jpg"},"nat":"GB"}],"info":{"seed":"dbe43becf9115e5b","results":1,"page":1,"version":"1.4"}} 
 </msg>
<msg time="2024-04-06T14:11:13.094625" level="INFO">/opt/hostedtoolcache/Python/3.12.2/x64/lib/python3.12/site-packages/urllib3/connectionpool.py:1103: InsecureRequestWarning: Unverified HTTPS request is being made to host 'randomuser.me'. Adding certificate verification is strongly advised. See: https://urllib3.readthedocs.io/en/latest/advanced-usage.html#tls-warnings
  warnings.warn(</msg>
<msg time="2024-04-06T14:11:13.094765" level="INFO">${response} = &lt;Response [200]&gt;</msg>
<var>${response}</var>
<arg>consultarAPI</arg>
<arg>/api</arg>
<doc>Sends a GET request on a previously created HTTP Session.</doc>
<status status="PASS" start="2024-04-06T14:11:12.987308" elapsed="0.107515"/>
</kw>
<kw name="Set Variable" owner="BuiltIn">
<msg time="2024-04-06T14:11:13.095786" level="INFO">${json_data} = {'results': [{'gender': 'male', 'name': {'title': 'Mr', 'first': 'Morris', 'last': 'Rhodes'}, 'location': {'street': {'number': 1757, 'name': 'George Street'}, 'city': 'Wakefield', 'state': 'Herefords...</msg>
<var>${json_data}</var>
<arg>${response.json()}</arg>
<doc>Returns the given values which can then be assigned to a variables.</doc>
<status status="PASS" start="2024-04-06T14:11:13.095298" elapsed="0.000517"/>
</kw>
<kw name="Set Variable" owner="BuiltIn">
<msg time="2024-04-06T14:11:13.096507" level="INFO">${name_title} = Mr</msg>
<var>${name_title}</var>
<arg>${json_data["results"][0]["name"]["title"]}</arg>
<doc>Returns the given values which can then be assigned to a variables.</doc>
<status status="PASS" start="2024-04-06T14:11:13.096118" elapsed="0.000414"/>
</kw>
<kw name="Create List" owner="BuiltIn">
<msg time="2024-04-06T14:11:13.096973" level="INFO">${allowed_titles} = ['Mr', 'Ms', 'Miss', 'Mrs', 'Madame', 'Monsieur']</msg>
<var>${allowed_titles}</var>
<arg>Mr</arg>
<arg>Ms</arg>
<arg>Miss</arg>
<arg>Mrs</arg>
<arg>Madame</arg>
<arg>Monsieur</arg>
<doc>Returns a list containing given items.</doc>
<status status="PASS" start="2024-04-06T14:11:13.096827" elapsed="0.000170"/>
</kw>
<kw name="List Should Contain Value" owner="Collections">
<msg time="2024-04-06T14:11:13.097464" level="INFO">False</msg>
<arg>${allowed_titles}</arg>
<arg>${name_title}</arg>
<doc>Fails if the ``value`` is not found from ``list``.</doc>
<status status="PASS" start="2024-04-06T14:11:13.097296" elapsed="0.000205"/>
</kw>
<kw name="Set Variable" owner="BuiltIn">
<msg time="2024-04-06T14:11:13.098176" level="INFO">${name_country} = GB</msg>
<var>${name_country}</var>
<arg>${json_data["results"][0]["nat"]}</arg>
<doc>Returns the given values which can then be assigned to a variables.</doc>
<status status="PASS" start="2024-04-06T14:11:13.097787" elapsed="0.000415"/>
</kw>
<kw name="Create List" owner="BuiltIn">
<msg time="2024-04-06T14:11:13.099114" level="INFO">${list_country} = ['AD', 'AE', 'AF', 'AG', 'AI', 'AL', 'AM', 'AO', 'AQ', 'AR', 'AS', 'AT', 'AU', 'AW', 'AX', 'AZ', 'BA', 'BB', 'BD', 'BE', 'BF', 'BG', 'BH', 'BI', 'BJ', 'BL', 'BM', 'BN', 'BO', 'BQ', 'BR', 'BS', 'BT', '...</msg>
<var>${list_country}</var>
<arg>AD</arg>
<arg>AE</arg>
<arg>AF</arg>
<arg>AG</arg>
<arg>AI</arg>
<arg>AL</arg>
<arg>AM</arg>
<arg>AO</arg>
<arg>AQ</arg>
<arg>AR</arg>
<arg>AS</arg>
<arg>AT</arg>
<arg>AU</arg>
<arg>AW</arg>
<arg>AX</arg>
<arg>AZ</arg>
<arg>BA</arg>
<arg>BB</arg>
<arg>BD</arg>
<arg>BE</arg>
<arg>BF</arg>
<arg>BG</arg>
<arg>BH</arg>
<arg>BI</arg>
<arg>BJ</arg>
<arg>BL</arg>
<arg>BM</arg>
<arg>BN</arg>
<arg>BO</arg>
<arg>BQ</arg>
<arg>BR</arg>
<arg>BS</arg>
<arg>BT</arg>
<arg>BV</arg>
<arg>BW</arg>
<arg>BY</arg>
<arg>BZ</arg>
<arg>CA</arg>
<arg>CC</arg>
<arg>CD</arg>
<arg>CF</arg>
<arg>CG</arg>
<arg>CH</arg>
<arg>CI</arg>
<arg>CK</arg>
<arg>CL</arg>
<arg>CM</arg>
<arg>CN</arg>
<arg>CO</arg>
<arg>CR</arg>
<arg>CU</arg>
<arg>CV</arg>
<arg>CW</arg>
<arg>CX</arg>
<arg>CY</arg>
<arg>CZ</arg>
<arg>DE</arg>
<arg>DJ</arg>
<arg>DK</arg>
<arg>DM</arg>
<arg>DO</arg>
<arg>DZ</arg>
<arg>EC</arg>
<arg>EE</arg>
<arg>EG</arg>
<arg>EH</arg>
<arg>ER</arg>
<arg>ES</arg>
<arg>ET</arg>
<arg>FI</arg>
<arg>FJ</arg>
<arg>FK</arg>
<arg>FM</arg>
<arg>FO</arg>
<arg>FR</arg>
<arg>GA</arg>
<arg>GB</arg>
<arg>GD</arg>
<arg>GE</arg>
<arg>GF</arg>
<arg>GG</arg>
<arg>GH</arg>
<arg>GI</arg>
<arg>GL</arg>
<arg>GM</arg>
<arg>GN</arg>
<arg>GP</arg>
<arg>GQ</arg>
<arg>GR</arg>
<arg>GS</arg>
<arg>GT</arg>
<arg>GU</arg>
<arg>GW</arg>
<arg>GY</arg>
<arg>HK</arg>
<arg>HM</arg>
<arg>HN</arg>
<arg>HR</arg>
<arg>HT</arg>
<arg>HU</arg>
<arg>ID</arg>
<arg>IE</arg>
<arg>IL</arg>
<arg>IM</arg>
<arg>IN</arg>
<arg>IO</arg>
<arg>IQ</arg>
<arg>IR</arg>
<arg>IS</arg>
<arg>IT</arg>
<arg>JE</arg>
<arg>JM</arg>
<arg>JO</arg>
<arg>JP</arg>
<arg>KE</arg>
<arg>KG</arg>
<arg>KH</arg>
<arg>KI</arg>
<arg>KM</arg>
<arg>KN</arg>
<arg>KP</arg>
<arg>KR</arg>
<arg>KW</arg>
<arg>KY</arg>
<arg>KZ</arg>
<arg>LA</arg>
<arg>LB</arg>
<arg>LC</arg>
<arg>LI</arg>
<arg>LK</arg>
<arg>LR</arg>
<arg>LS</arg>
<arg>LT</arg>
<arg>LU</arg>
<arg>LV</arg>
<arg>LY</arg>
<arg>MA</arg>
<arg>MC</arg>
<arg>MD</arg>
<arg>ME</arg>
<arg>MF</arg>
<arg>MG</arg>
<arg>MH</arg>
<arg>MK</arg>
<arg>ML</arg>
<arg>MM</arg>
<arg>MN</arg>
<arg>MO</arg>
<arg>MP</arg>
<arg>MQ</arg>
<arg>MR</arg>
<arg>MS</arg>
<arg>MT</arg>
<arg>MU</arg>
<arg>MV</arg>
<arg>MW</arg>
<arg>MX</arg>
<arg>MY</arg>
<arg>MZ</arg>
<arg>NA</arg>
<arg>NC</arg>
<arg>NE</arg>
<arg>NF</arg>
<arg>NG</arg>
<arg>NI</arg>
<arg>NL</arg>
<arg>NO</arg>
<arg>NP</arg>
<arg>NR</arg>
<arg>NU</arg>
<arg>NZ</arg>
<arg>OM</arg>
<arg>PA</arg>
<arg>PE</arg>
<arg>PF</arg>
<arg>PG</arg>
<arg>PH</arg>
<arg>PK</arg>
<arg>PL</arg>
<arg>PM</arg>
<arg>PN</arg>
<arg>PR</arg>
<arg>PS</arg>
<arg>PT</arg>
<arg>PW</arg>
<arg>PY</arg>
<arg>QA</arg>
<arg>RE</arg>
<arg>RO</arg>
<arg>RS</arg>
<arg>RU</arg>
<arg>RW</arg>
<arg>SA</arg>
<arg>SB</arg>
<arg>SC</arg>
<arg>SD</arg>
<arg>SE</arg>
<arg>SG</arg>
<arg>SH</arg>
<arg>SI</arg>
<arg>SJ</arg>
<arg>SK</arg>
<arg>SL</arg>
<arg>SM</arg>
<arg>SN</arg>
<arg>SO</arg>
<arg>SR</arg>
<arg>SS</arg>
<arg>ST</arg>
<arg>SV</arg>
<arg>SX</arg>
<arg>SY</arg>
<arg>SZ</arg>
<arg>TC</arg>
<arg>TD</arg>
<arg>TF</arg>
<arg>TG</arg>
<arg>TH</arg>
<arg>TJ</arg>
<arg>TK</arg>
<arg>TL</arg>
<arg>TM</arg>
<arg>TN</arg>
<arg>TO</arg>
<arg>TR</arg>
<arg>TT</arg>
<arg>TV</arg>
<arg>TW</arg>
<arg>TZ</arg>
<arg>UA</arg>
<arg>UG</arg>
<arg>UM</arg>
<arg>US</arg>
<arg>UY</arg>
<arg>UZ</arg>
<arg>VA</arg>
<arg>VC</arg>
<arg>VE</arg>
<arg>VG</arg>
<arg>VI</arg>
<arg>VN</arg>
<arg>VU</arg>
<arg>WF</arg>
<arg>WS</arg>
<arg>XK</arg>
<arg>YE</arg>
<arg>YT</arg>
<arg>ZA</arg>
<arg>ZM</arg>
<arg>ZW</arg>
<doc>Returns a list containing given items.</doc>
<status status="PASS" start="2024-04-06T14:11:13.098512" elapsed="0.000627"/>
</kw>
<kw name="List Should Contain Value" owner="Collections">
<msg time="2024-04-06T14:11:13.100243" level="INFO">False</msg>
<arg>${list_country}</arg>
<arg>${name_country}</arg>
<doc>Fails if the ``value`` is not found from ``list``.</doc>
<status status="PASS" start="2024-04-06T14:11:13.100039" elapsed="0.000242"/>
</kw>
<kw name="Run Keyword If" owner="BuiltIn">
<kw name="Should Be True" owner="BuiltIn">
<arg>${True}</arg>
<doc>Fails if the given condition is not true.</doc>
<status status="PASS" start="2024-04-06T14:11:13.101350" elapsed="0.000146"/>
</kw>
<arg>${json_data["results"][0]["location"]["coordinates"]["latitude"]} &gt;= -90 and ${json_data["results"][0]["location"]["coordinates"]["latitude"]} &lt;= 90</arg>
<arg>Should Be True</arg>
<arg>${True}</arg>
<doc>Runs the given keyword with the given arguments, if ``condition`` is true.</doc>
<status status="PASS" start="2024-04-06T14:11:13.100593" elapsed="0.001029"/>
</kw>
<kw name="Run Keyword If" owner="BuiltIn">
<kw name="Should Be True" owner="BuiltIn">
<arg>${True}</arg>
<doc>Fails if the given condition is not true.</doc>
<status status="PASS" start="2024-04-06T14:11:13.102602" elapsed="0.000141"/>
</kw>
<arg>${json_data["results"][0]["location"]["coordinates"]["longitude"]} &gt;= -180 and ${json_data["results"][0]["location"]["coordinates"]["longitude"]} &lt;= 180</arg>
<arg>Should Be True</arg>
<arg>${True}</arg>
<doc>Runs the given keyword with the given arguments, if ``condition`` is true.</doc>
<status status="PASS" start="2024-04-06T14:11:13.101808" elapsed="0.001059"/>
</kw>
<status status="PASS" start="2024-04-06T14:11:12.987084" elapsed="0.115909"/>
</kw>
<doc>Testa o conteúdo específico dos campos retornados pela API.</doc>
<tag>testeConteudo</tag>
<status status="PASS" start="2024-04-06T14:11:12.986586" elapsed="0.116551"/>
</test>
<status status="PASS" start="2024-04-06T14:11:12.067075" elapsed="1.038006"/>
</suite>
<status status="PASS" start="2024-04-06T14:11:12.053624" elapsed="1.056808"/>
</suite>
<statistics>
<total>
<stat pass="5" fail="0" skip="0">All Tests</stat>
</total>
<tag>
<stat pass="1" fail="0" skip="0">testeConteudo</stat>
<stat pass="1" fail="0" skip="0">testeEstruturaResposta</stat>
<stat pass="1" fail="0" skip="0">testeRequisicaoBasica</stat>
<stat pass="1" fail="0" skip="0">testeTiposDados</stat>
</tag>
<suite>
<stat pass="5" fail="0" skip="0" id="s1" name="Tests">Tests</stat>
<stat pass="5" fail="0" skip="0" id="s1-s1" name="Random-User-Test">Tests.Random-User-Test</stat>
</suite>
</statistics>
<errors>
</errors>
</robot>
