<?xml version="1.0" encoding="UTF-8"?>
<robot generator="Robot 7.0.1 (Python 3.12.4 on linux)" generated="2024-07-01T20:15:48.275863" rpa="false" schemaversion="5">
<suite id="s1" name="Tests" source="/home/runner/work/ApiRandomUser/ApiRandomUser/RamdonUser/tests">
<suite id="s1-s1" name="Random-User-Test" source="/home/runner/work/ApiRandomUser/ApiRandomUser/RamdonUser/tests/random-user-test.robot">
<test id="s1-s1-t1" name="Conectar" line="13">
<kw name="Conectar API" owner="random-user-service">
<kw name="Create Session" owner="RequestsLibrary">
<msg time="2024-07-01T20:15:48.707875" level="INFO">Creating Session using : alias=consultarAPI, url=https://randomuser.me/, headers={},                     cookies={}, auth=None, timeout=None, proxies=None, verify=False,                     debug=0 </msg>
<arg>consultarAPI</arg>
<arg>${URL}</arg>
<doc>Create Session: create a HTTP session to a server</doc>
<status status="PASS" start="2024-07-01T20:15:48.707652" elapsed="0.000409"/>
</kw>
<status status="PASS" start="2024-07-01T20:15:48.706629" elapsed="0.001802"/>
</kw>
<status status="PASS" start="2024-07-01T20:15:48.705944" elapsed="0.002686"/>
</test>
<test id="s1-s1-t2" name="Validar retorno 200 e JSON Válido" line="16">
<kw name="Teste de Requisicao Basica" owner="random-user-service">
<kw name="GET On Session" owner="RequestsLibrary">
<msg time="2024-07-01T20:15:48.936114" level="INFO">GET Request : url=https://randomuser.me/api 
 path_url=/api 
 headers={'User-Agent': 'python-requests/2.32.3', 'Accept-Encoding': 'gzip, deflate', 'Accept': '*/*', 'Connection': 'keep-alive'} 
 body=None 
 </msg>
<msg time="2024-07-01T20:15:48.936303" level="INFO">GET Response : url=https://randomuser.me/api 
 status=200, reason=OK 
 headers={'Date': 'Mon, 01 Jul 2024 20:15:48 GMT', 'Content-Type': 'application/json; charset=utf-8', 'Transfer-Encoding': 'chunked', 'Connection': 'keep-alive', 'X-Powered-By': 'Express', 'Access-Control-Allow-Origin': '*', 'Cache-Control': 'no-cache', 'ETag': 'W/"491-XFC/P+n2g21IYs7YTRCIk9T1/4g"', 'Vary': 'Accept-Encoding', 'Content-Encoding': 'gzip', 'CF-Cache-Status': 'DYNAMIC', 'Report-To': '{"endpoints":[{"url":"https:\\/\\/a.nel.cloudflare.com\\/report\\/v4?s=eiuowrisvw3a3XCpEOm37vjjvQfrD9eF5ecNnJLvDJxx19TdTCKVMNx0CsWG1DYmfbKhnGB0JwKVfjswbDz4H8FBZFDw6p13ei4znQvTOHCOKFdfviPN6%2BiewUTBTFqo"}],"group":"cf-nel","max_age":604800}', 'NEL': '{"success_fraction":0,"report_to":"cf-nel","max_age":604800}', 'Server': 'cloudflare', 'CF-RAY': '89c911f9a8e11736-SJC', 'alt-svc': 'h3=":443"; ma=86400'} 
 body={"results":[{"gender":"female","name":{"title":"Mrs","first":"Gema","last":"Carrasco"},"location":{"street":{"number":7443,"name":"Calle Nebrija"},"city":"Alcalá de Henares","state":"Comunidad de Madrid","country":"Spain","postcode":13602,"coordinates":{"latitude":"-36.8254","longitude":"140.5820"},"timezone":{"offset":"+9:30","description":"Adelaide, Darwin"}},"email":"gema.carrasco@example.com","login":{"uuid":"62aebe07-014b-4f01-9095-dad91486a477","username":"greensnake692","password":"megatron","salt":"epR0chJc","md5":"2383d8aa2bcdf436cfe0ebf6e0669ad6","sha1":"084e41d36201ff999ed55ae8eaafd6e12b3a1288","sha256":"4eac1c164f624c11d76a2e89e19e6d42d9578896eb811cc2f43fde105827cf14"},"dob":{"date":"1992-09-12T17:07:59.322Z","age":31},"registered":{"date":"2014-07-09T05:10:11.365Z","age":9},"phone":"925-462-449","cell":"699-243-164","id":{"name":"DNI","value":"41501808-P"},"picture":{"large":"https://randomuser.me/api/portraits/women/6.jpg","medium":"https://randomuser.me/api/portraits/med/women/6.jpg","thumbnail":"https://randomuser.me/api/portraits/thumb/women/6.jpg"},"nat":"ES"}],"info":{"seed":"d4d3b458825881c1","results":1,"page":1,"version":"1.4"}} 
 </msg>
<msg time="2024-07-01T20:15:48.936414" level="INFO">/opt/hostedtoolcache/Python/3.12.4/x64/lib/python3.12/site-packages/urllib3/connectionpool.py:1099: InsecureRequestWarning: Unverified HTTPS request is being made to host 'randomuser.me'. Adding certificate verification is strongly advised. See: https://urllib3.readthedocs.io/en/latest/advanced-usage.html#tls-warnings
  warnings.warn(</msg>
<msg time="2024-07-01T20:15:48.936567" level="INFO">${response} = &lt;Response [200]&gt;</msg>
<var>${response}</var>
<arg>consultarAPI</arg>
<arg>/api</arg>
<doc>Sends a GET request on a previously created HTTP Session.</doc>
<status status="PASS" start="2024-07-01T20:15:48.711385" elapsed="0.225227"/>
</kw>
<kw name="Should Be Equal As Numbers" owner="BuiltIn">
<msg time="2024-07-01T20:15:48.937659" level="INFO">Argument types are:
&lt;class 'int'&gt;
&lt;class 'str'&gt;</msg>
<arg>${response.status_code}</arg>
<arg>200</arg>
<doc>Fails if objects are unequal after converting them to real numbers.</doc>
<status status="PASS" start="2024-07-01T20:15:48.937174" elapsed="0.000555"/>
</kw>
<kw name="Log" owner="BuiltIn">
<msg time="2024-07-01T20:15:48.938531" level="INFO">200</msg>
<arg>${response.status_code}</arg>
<doc>Logs the given message with the given level.</doc>
<status status="PASS" start="2024-07-01T20:15:48.938138" elapsed="0.000440"/>
</kw>
<kw name="Set Variable" owner="BuiltIn">
<msg time="2024-07-01T20:15:48.939382" level="INFO">${json_data} = {'results': [{'gender': 'female', 'name': {'title': 'Mrs', 'first': 'Gema', 'last': 'Carrasco'}, 'location': {'street': {'number': 7443, 'name': 'Calle Nebrija'}, 'city': 'Alcalá de Henares', 'state':...</msg>
<var>${json_data}</var>
<arg>${response.json()}</arg>
<doc>Returns the given values which can then be assigned to a variables.</doc>
<status status="PASS" start="2024-07-01T20:15:48.938903" elapsed="0.000511"/>
</kw>
<kw name="Dictionary Should Contain Key" owner="Collections">
<arg>${json_data}</arg>
<arg>results</arg>
<doc>Fails if ``key`` is not found from ``dictionary``.</doc>
<status status="PASS" start="2024-07-01T20:15:48.939727" elapsed="0.000173"/>
</kw>
<status status="PASS" start="2024-07-01T20:15:48.711116" elapsed="0.228942"/>
</kw>
<doc>Testa se a API responde corretamente e retorna um objeto JSON válido.</doc>
<tag>testeRequisicaoBasica</tag>
<status status="PASS" start="2024-07-01T20:15:48.710573" elapsed="0.229670"/>
</test>
<test id="s1-s1-t3" name="Validar estrutura de resposta" line="22">
<kw name="Teste de Estrutura de Resposta" owner="random-user-service">
<kw name="GET On Session" owner="RequestsLibrary">
<msg time="2024-07-01T20:15:49.071465" level="INFO">GET Request : url=https://randomuser.me/api 
 path_url=/api 
 headers={'User-Agent': 'python-requests/2.32.3', 'Accept-Encoding': 'gzip, deflate', 'Accept': '*/*', 'Connection': 'keep-alive'} 
 body=None 
 </msg>
<msg time="2024-07-01T20:15:49.071585" level="INFO">GET Response : url=https://randomuser.me/api 
 status=200, reason=OK 
 headers={'Date': 'Mon, 01 Jul 2024 20:15:49 GMT', 'Content-Type': 'application/json; charset=utf-8', 'Transfer-Encoding': 'chunked', 'Connection': 'keep-alive', 'X-Powered-By': 'Express', 'Access-Control-Allow-Origin': '*', 'Cache-Control': 'no-cache', 'ETag': 'W/"49f-+UEu/jouKfc1lRNadCe+YKhVNC0"', 'Vary': 'Accept-Encoding', 'Content-Encoding': 'gzip', 'CF-Cache-Status': 'DYNAMIC', 'Report-To': '{"endpoints":[{"url":"https:\\/\\/a.nel.cloudflare.com\\/report\\/v4?s=xUFV68ZaFlmpGqjI3GKd2SyOzQdjQ%2BerKGbW2OjTvu0t27oBMGT6azzrzeDyoXvSujuZOkrJ%2FKyhgrlY6npigrWVlf9hyn%2BBFPQ0FYJDnywyG1Zi6B%2F4GUuCYygt5BfU"}],"group":"cf-nel","max_age":604800}', 'NEL': '{"success_fraction":0,"report_to":"cf-nel","max_age":604800}', 'Server': 'cloudflare', 'CF-RAY': '89c911faea441736-SJC', 'alt-svc': 'h3=":443"; ma=86400'} 
 body={"results":[{"gender":"female","name":{"title":"Mademoiselle","first":"Caroline","last":"Vidal"},"location":{"street":{"number":9979,"name":"Rue de la Gare"},"city":"Nidau","state":"Genève","country":"Switzerland","postcode":9840,"coordinates":{"latitude":"-59.0054","longitude":"54.2045"},"timezone":{"offset":"-11:00","description":"Midway Island, Samoa"}},"email":"caroline.vidal@example.com","login":{"uuid":"2f60fa94-8dcb-4639-9411-eb56c3f25287","username":"beautifultiger729","password":"backdoor","salt":"ZWRymLup","md5":"dc26024764c88f5be0016e111c95b80f","sha1":"fe6cd2957c96a5c96b3db93733a6681cf8d5ef6f","sha256":"bfd8f4e2842ee2d1daa3497dff2a753e3352ba314f4a3b6e3d99656b868e697b"},"dob":{"date":"1962-10-28T15:57:47.966Z","age":61},"registered":{"date":"2010-08-04T16:38:59.548Z","age":13},"phone":"075 315 41 04","cell":"076 348 13 99","id":{"name":"AVS","value":"756.7871.8541.33"},"picture":{"large":"https://randomuser.me/api/portraits/women/77.jpg","medium":"https://randomuser.me/api/portraits/med/women/77.jpg","thumbnail":"https://randomuser.me/api/portraits/thumb/women/77.jpg"},"nat":"CH"}],"info":{"seed":"908680de7b6846cd","results":1,"page":1,"version":"1.4"}} 
 </msg>
<msg time="2024-07-01T20:15:49.071739" level="INFO">/opt/hostedtoolcache/Python/3.12.4/x64/lib/python3.12/site-packages/urllib3/connectionpool.py:1099: InsecureRequestWarning: Unverified HTTPS request is being made to host 'randomuser.me'. Adding certificate verification is strongly advised. See: https://urllib3.readthedocs.io/en/latest/advanced-usage.html#tls-warnings
  warnings.warn(</msg>
<msg time="2024-07-01T20:15:49.071863" level="INFO">${response} = &lt;Response [200]&gt;</msg>
<var>${response}</var>
<arg>consultarAPI</arg>
<arg>/api</arg>
<doc>Sends a GET request on a previously created HTTP Session.</doc>
<status status="PASS" start="2024-07-01T20:15:48.942920" elapsed="0.128981"/>
</kw>
<kw name="Set Variable" owner="BuiltIn">
<msg time="2024-07-01T20:15:49.072964" level="INFO">${json_data} = {'results': [{'gender': 'female', 'name': {'title': 'Mademoiselle', 'first': 'Caroline', 'last': 'Vidal'}, 'location': {'street': {'number': 9979, 'name': 'Rue de la Gare'}, 'city': 'Nidau', 'state': ...</msg>
<var>${json_data}</var>
<arg>${response.json()}</arg>
<doc>Returns the given values which can then be assigned to a variables.</doc>
<status status="PASS" start="2024-07-01T20:15:49.072433" elapsed="0.000559"/>
</kw>
<kw name="Log" owner="BuiltIn">
<msg time="2024-07-01T20:15:49.073469" level="INFO">{'results': [{'gender': 'female', 'name': {'title': 'Mademoiselle', 'first': 'Caroline', 'last': 'Vidal'}, 'location': {'street': {'number': 9979, 'name': 'Rue de la Gare'}, 'city': 'Nidau', 'state': 'Genève', 'country': 'Switzerland', 'postcode': 9840, 'coordinates': {'latitude': '-59.0054', 'longitude': '54.2045'}, 'timezone': {'offset': '-11:00', 'description': 'Midway Island, Samoa'}}, 'email': 'caroline.vidal@example.com', 'login': {'uuid': '2f60fa94-8dcb-4639-9411-eb56c3f25287', 'username': 'beautifultiger729', 'password': 'backdoor', 'salt': 'ZWRymLup', 'md5': 'dc26024764c88f5be0016e111c95b80f', 'sha1': 'fe6cd2957c96a5c96b3db93733a6681cf8d5ef6f', 'sha256': 'bfd8f4e2842ee2d1daa3497dff2a753e3352ba314f4a3b6e3d99656b868e697b'}, 'dob': {'date': '1962-10-28T15:57:47.966Z', 'age': 61}, 'registered': {'date': '2010-08-04T16:38:59.548Z', 'age': 13}, 'phone': '075 315 41 04', 'cell': '076 348 13 99', 'id': {'name': 'AVS', 'value': '756.7871.8541.33'}, 'picture': {'large': 'https://randomuser.me/api/portraits/women/77.jpg', 'medium': 'https://randomuser.me/api/portraits/med/women/77.jpg', 'thumbnail': 'https://randomuser.me/api/portraits/thumb/women/77.jpg'}, 'nat': 'CH'}], 'info': {'seed': '908680de7b6846cd', 'results': 1, 'page': 1, 'version': '1.4'}}</msg>
<arg>${json_data}</arg>
<doc>Logs the given message with the given level.</doc>
<status status="PASS" start="2024-07-01T20:15:49.073305" elapsed="0.000214"/>
</kw>
<kw name="Dictionary Should Contain Key" owner="Collections">
<arg>${json_data}</arg>
<arg>results</arg>
<doc>Fails if ``key`` is not found from ``dictionary``.</doc>
<status status="PASS" start="2024-07-01T20:15:49.073811" elapsed="0.000156"/>
</kw>
<kw name="Should Not Be Empty" owner="BuiltIn">
<msg time="2024-07-01T20:15:49.074347" level="INFO">Length is 2.</msg>
<arg>${json_data}</arg>
<doc>Verifies that the given item is not empty.</doc>
<status status="PASS" start="2024-07-01T20:15:49.074210" elapsed="0.000175"/>
</kw>
<kw name="Create List" owner="BuiltIn">
<msg time="2024-07-01T20:15:49.074998" level="INFO">${expected_keys} = ['gender', 'name', 'location', 'email', 'login']</msg>
<var>${expected_keys}</var>
<arg>gender</arg>
<arg>name</arg>
<arg>location</arg>
<arg>email</arg>
<arg>login</arg>
<doc>Returns a list containing given items.</doc>
<status status="PASS" start="2024-07-01T20:15:49.074683" elapsed="0.000340"/>
</kw>
<for flavor="IN">
<iter>
<kw name="Dictionary Should Contain Key" owner="Collections">
<arg>${json_data['results'][0]}</arg>
<arg>${key}</arg>
<doc>Fails if ``key`` is not found from ``dictionary``.</doc>
<status status="PASS" start="2024-07-01T20:15:49.075604" elapsed="0.000389"/>
</kw>
<kw name="Log" owner="BuiltIn">
<msg time="2024-07-01T20:15:49.076534" level="INFO">{'gender': 'female', 'name': {'title': 'Mademoiselle', 'first': 'Caroline', 'last': 'Vidal'}, 'location': {'street': {'number': 9979, 'name': 'Rue de la Gare'}, 'city': 'Nidau', 'state': 'Genève', 'country': 'Switzerland', 'postcode': 9840, 'coordinates': {'latitude': '-59.0054', 'longitude': '54.2045'}, 'timezone': {'offset': '-11:00', 'description': 'Midway Island, Samoa'}}, 'email': 'caroline.vidal@example.com', 'login': {'uuid': '2f60fa94-8dcb-4639-9411-eb56c3f25287', 'username': 'beautifultiger729', 'password': 'backdoor', 'salt': 'ZWRymLup', 'md5': 'dc26024764c88f5be0016e111c95b80f', 'sha1': 'fe6cd2957c96a5c96b3db93733a6681cf8d5ef6f', 'sha256': 'bfd8f4e2842ee2d1daa3497dff2a753e3352ba314f4a3b6e3d99656b868e697b'}, 'dob': {'date': '1962-10-28T15:57:47.966Z', 'age': 61}, 'registered': {'date': '2010-08-04T16:38:59.548Z', 'age': 13}, 'phone': '075 315 41 04', 'cell': '076 348 13 99', 'id': {'name': 'AVS', 'value': '756.7871.8541.33'}, 'picture': {'large': 'https://randomuser.me/api/portraits/women/77.jpg', 'medium': 'https://randomuser.me/api/portraits/med/women/77.jpg', 'thumbnail': 'https://randomuser.me/api/portraits/thumb/women/77.jpg'}, 'nat': 'CH'}</msg>
<arg>${json_data['results'][0]}</arg>
<doc>Logs the given message with the given level.</doc>
<status status="PASS" start="2024-07-01T20:15:49.076177" elapsed="0.000405"/>
</kw>
<kw name="Log" owner="BuiltIn">
<msg time="2024-07-01T20:15:49.077032" level="INFO">gender</msg>
<arg>${key}</arg>
<doc>Logs the given message with the given level.</doc>
<status status="PASS" start="2024-07-01T20:15:49.076879" elapsed="0.000209"/>
</kw>
<var name="${key}">gender</var>
<status status="PASS" start="2024-07-01T20:15:49.075480" elapsed="0.001919"/>
</iter>
<iter>
<kw name="Dictionary Should Contain Key" owner="Collections">
<arg>${json_data['results'][0]}</arg>
<arg>${key}</arg>
<doc>Fails if ``key`` is not found from ``dictionary``.</doc>
<status status="PASS" start="2024-07-01T20:15:49.077790" elapsed="0.000428"/>
</kw>
<kw name="Log" owner="BuiltIn">
<msg time="2024-07-01T20:15:49.078799" level="INFO">{'gender': 'female', 'name': {'title': 'Mademoiselle', 'first': 'Caroline', 'last': 'Vidal'}, 'location': {'street': {'number': 9979, 'name': 'Rue de la Gare'}, 'city': 'Nidau', 'state': 'Genève', 'country': 'Switzerland', 'postcode': 9840, 'coordinates': {'latitude': '-59.0054', 'longitude': '54.2045'}, 'timezone': {'offset': '-11:00', 'description': 'Midway Island, Samoa'}}, 'email': 'caroline.vidal@example.com', 'login': {'uuid': '2f60fa94-8dcb-4639-9411-eb56c3f25287', 'username': 'beautifultiger729', 'password': 'backdoor', 'salt': 'ZWRymLup', 'md5': 'dc26024764c88f5be0016e111c95b80f', 'sha1': 'fe6cd2957c96a5c96b3db93733a6681cf8d5ef6f', 'sha256': 'bfd8f4e2842ee2d1daa3497dff2a753e3352ba314f4a3b6e3d99656b868e697b'}, 'dob': {'date': '1962-10-28T15:57:47.966Z', 'age': 61}, 'registered': {'date': '2010-08-04T16:38:59.548Z', 'age': 13}, 'phone': '075 315 41 04', 'cell': '076 348 13 99', 'id': {'name': 'AVS', 'value': '756.7871.8541.33'}, 'picture': {'large': 'https://randomuser.me/api/portraits/women/77.jpg', 'medium': 'https://randomuser.me/api/portraits/med/women/77.jpg', 'thumbnail': 'https://randomuser.me/api/portraits/thumb/women/77.jpg'}, 'nat': 'CH'}</msg>
<arg>${json_data['results'][0]}</arg>
<doc>Logs the given message with the given level.</doc>
<status status="PASS" start="2024-07-01T20:15:49.078402" elapsed="0.000448"/>
</kw>
<kw name="Log" owner="BuiltIn">
<msg time="2024-07-01T20:15:49.079327" level="INFO">name</msg>
<arg>${key}</arg>
<doc>Logs the given message with the given level.</doc>
<status status="PASS" start="2024-07-01T20:15:49.079194" elapsed="0.000170"/>
</kw>
<var name="${key}">name</var>
<status status="PASS" start="2024-07-01T20:15:49.077671" elapsed="0.001911"/>
</iter>
<iter>
<kw name="Dictionary Should Contain Key" owner="Collections">
<arg>${json_data['results'][0]}</arg>
<arg>${key}</arg>
<doc>Fails if ``key`` is not found from ``dictionary``.</doc>
<status status="PASS" start="2024-07-01T20:15:49.079872" elapsed="0.000374"/>
</kw>
<kw name="Log" owner="BuiltIn">
<msg time="2024-07-01T20:15:49.080863" level="INFO">{'gender': 'female', 'name': {'title': 'Mademoiselle', 'first': 'Caroline', 'last': 'Vidal'}, 'location': {'street': {'number': 9979, 'name': 'Rue de la Gare'}, 'city': 'Nidau', 'state': 'Genève', 'country': 'Switzerland', 'postcode': 9840, 'coordinates': {'latitude': '-59.0054', 'longitude': '54.2045'}, 'timezone': {'offset': '-11:00', 'description': 'Midway Island, Samoa'}}, 'email': 'caroline.vidal@example.com', 'login': {'uuid': '2f60fa94-8dcb-4639-9411-eb56c3f25287', 'username': 'beautifultiger729', 'password': 'backdoor', 'salt': 'ZWRymLup', 'md5': 'dc26024764c88f5be0016e111c95b80f', 'sha1': 'fe6cd2957c96a5c96b3db93733a6681cf8d5ef6f', 'sha256': 'bfd8f4e2842ee2d1daa3497dff2a753e3352ba314f4a3b6e3d99656b868e697b'}, 'dob': {'date': '1962-10-28T15:57:47.966Z', 'age': 61}, 'registered': {'date': '2010-08-04T16:38:59.548Z', 'age': 13}, 'phone': '075 315 41 04', 'cell': '076 348 13 99', 'id': {'name': 'AVS', 'value': '756.7871.8541.33'}, 'picture': {'large': 'https://randomuser.me/api/portraits/women/77.jpg', 'medium': 'https://randomuser.me/api/portraits/med/women/77.jpg', 'thumbnail': 'https://randomuser.me/api/portraits/thumb/women/77.jpg'}, 'nat': 'CH'}</msg>
<arg>${json_data['results'][0]}</arg>
<doc>Logs the given message with the given level.</doc>
<status status="PASS" start="2024-07-01T20:15:49.080453" elapsed="0.000458"/>
</kw>
<kw name="Log" owner="BuiltIn">
<msg time="2024-07-01T20:15:49.081343" level="INFO">location</msg>
<arg>${key}</arg>
<doc>Logs the given message with the given level.</doc>
<status status="PASS" start="2024-07-01T20:15:49.081216" elapsed="0.000165"/>
</kw>
<var name="${key}">location</var>
<status status="PASS" start="2024-07-01T20:15:49.079764" elapsed="0.001831"/>
</iter>
<iter>
<kw name="Dictionary Should Contain Key" owner="Collections">
<arg>${json_data['results'][0]}</arg>
<arg>${key}</arg>
<doc>Fails if ``key`` is not found from ``dictionary``.</doc>
<status status="PASS" start="2024-07-01T20:15:49.081869" elapsed="0.000423"/>
</kw>
<kw name="Log" owner="BuiltIn">
<msg time="2024-07-01T20:15:49.082821" level="INFO">{'gender': 'female', 'name': {'title': 'Mademoiselle', 'first': 'Caroline', 'last': 'Vidal'}, 'location': {'street': {'number': 9979, 'name': 'Rue de la Gare'}, 'city': 'Nidau', 'state': 'Genève', 'country': 'Switzerland', 'postcode': 9840, 'coordinates': {'latitude': '-59.0054', 'longitude': '54.2045'}, 'timezone': {'offset': '-11:00', 'description': 'Midway Island, Samoa'}}, 'email': 'caroline.vidal@example.com', 'login': {'uuid': '2f60fa94-8dcb-4639-9411-eb56c3f25287', 'username': 'beautifultiger729', 'password': 'backdoor', 'salt': 'ZWRymLup', 'md5': 'dc26024764c88f5be0016e111c95b80f', 'sha1': 'fe6cd2957c96a5c96b3db93733a6681cf8d5ef6f', 'sha256': 'bfd8f4e2842ee2d1daa3497dff2a753e3352ba314f4a3b6e3d99656b868e697b'}, 'dob': {'date': '1962-10-28T15:57:47.966Z', 'age': 61}, 'registered': {'date': '2010-08-04T16:38:59.548Z', 'age': 13}, 'phone': '075 315 41 04', 'cell': '076 348 13 99', 'id': {'name': 'AVS', 'value': '756.7871.8541.33'}, 'picture': {'large': 'https://randomuser.me/api/portraits/women/77.jpg', 'medium': 'https://randomuser.me/api/portraits/med/women/77.jpg', 'thumbnail': 'https://randomuser.me/api/portraits/thumb/women/77.jpg'}, 'nat': 'CH'}</msg>
<arg>${json_data['results'][0]}</arg>
<doc>Logs the given message with the given level.</doc>
<status status="PASS" start="2024-07-01T20:15:49.082472" elapsed="0.000397"/>
</kw>
<kw name="Log" owner="BuiltIn">
<msg time="2024-07-01T20:15:49.083290" level="INFO">email</msg>
<arg>${key}</arg>
<doc>Logs the given message with the given level.</doc>
<status status="PASS" start="2024-07-01T20:15:49.083166" elapsed="0.000164"/>
</kw>
<var name="${key}">email</var>
<status status="PASS" start="2024-07-01T20:15:49.081763" elapsed="0.001785"/>
</iter>
<iter>
<kw name="Dictionary Should Contain Key" owner="Collections">
<arg>${json_data['results'][0]}</arg>
<arg>${key}</arg>
<doc>Fails if ``key`` is not found from ``dictionary``.</doc>
<status status="PASS" start="2024-07-01T20:15:49.083829" elapsed="0.000379"/>
</kw>
<kw name="Log" owner="BuiltIn">
<msg time="2024-07-01T20:15:49.084737" level="INFO">{'gender': 'female', 'name': {'title': 'Mademoiselle', 'first': 'Caroline', 'last': 'Vidal'}, 'location': {'street': {'number': 9979, 'name': 'Rue de la Gare'}, 'city': 'Nidau', 'state': 'Genève', 'country': 'Switzerland', 'postcode': 9840, 'coordinates': {'latitude': '-59.0054', 'longitude': '54.2045'}, 'timezone': {'offset': '-11:00', 'description': 'Midway Island, Samoa'}}, 'email': 'caroline.vidal@example.com', 'login': {'uuid': '2f60fa94-8dcb-4639-9411-eb56c3f25287', 'username': 'beautifultiger729', 'password': 'backdoor', 'salt': 'ZWRymLup', 'md5': 'dc26024764c88f5be0016e111c95b80f', 'sha1': 'fe6cd2957c96a5c96b3db93733a6681cf8d5ef6f', 'sha256': 'bfd8f4e2842ee2d1daa3497dff2a753e3352ba314f4a3b6e3d99656b868e697b'}, 'dob': {'date': '1962-10-28T15:57:47.966Z', 'age': 61}, 'registered': {'date': '2010-08-04T16:38:59.548Z', 'age': 13}, 'phone': '075 315 41 04', 'cell': '076 348 13 99', 'id': {'name': 'AVS', 'value': '756.7871.8541.33'}, 'picture': {'large': 'https://randomuser.me/api/portraits/women/77.jpg', 'medium': 'https://randomuser.me/api/portraits/med/women/77.jpg', 'thumbnail': 'https://randomuser.me/api/portraits/thumb/women/77.jpg'}, 'nat': 'CH'}</msg>
<arg>${json_data['results'][0]}</arg>
<doc>Logs the given message with the given level.</doc>
<status status="PASS" start="2024-07-01T20:15:49.084387" elapsed="0.000398"/>
</kw>
<kw name="Log" owner="BuiltIn">
<msg time="2024-07-01T20:15:49.085197" level="INFO">login</msg>
<arg>${key}</arg>
<doc>Logs the given message with the given level.</doc>
<status status="PASS" start="2024-07-01T20:15:49.085073" elapsed="0.000161"/>
</kw>
<var name="${key}">login</var>
<status status="PASS" start="2024-07-01T20:15:49.083714" elapsed="0.001734"/>
</iter>
<var>${key}</var>
<value>@{expected_keys}</value>
<status status="PASS" start="2024-07-01T20:15:49.075287" elapsed="0.010280"/>
</for>
<kw name="Create List" owner="BuiltIn">
<msg time="2024-07-01T20:15:49.085926" level="INFO">${expected_keysTwo} = ['username', 'password']</msg>
<var>${expected_keysTwo}</var>
<arg>username</arg>
<arg>password</arg>
<doc>Returns a list containing given items.</doc>
<status status="PASS" start="2024-07-01T20:15:49.085784" elapsed="0.000165"/>
</kw>
<for flavor="IN">
<iter>
<kw name="Dictionary Should Contain Key" owner="Collections">
<arg>${json_data['results'][0]['login']}</arg>
<arg>${keyTwo}</arg>
<doc>Fails if ``key`` is not found from ``dictionary``.</doc>
<status status="PASS" start="2024-07-01T20:15:49.086492" elapsed="0.000379"/>
</kw>
<kw name="Dictionary Should Contain Key" owner="Collections">
<arg>${json_data['results'][0]['login']}</arg>
<arg>${keyTwo}</arg>
<doc>Fails if ``key`` is not found from ``dictionary``.</doc>
<status status="PASS" start="2024-07-01T20:15:49.087049" elapsed="0.000372"/>
</kw>
<kw name="Log" owner="BuiltIn">
<msg time="2024-07-01T20:15:49.087721" level="INFO">username</msg>
<arg>${keyTwo}</arg>
<doc>Logs the given message with the given level.</doc>
<status status="PASS" start="2024-07-01T20:15:49.087600" elapsed="0.000157"/>
</kw>
<var name="${keyTwo}">username</var>
<status status="PASS" start="2024-07-01T20:15:49.086369" elapsed="0.001608"/>
</iter>
<iter>
<kw name="Dictionary Should Contain Key" owner="Collections">
<arg>${json_data['results'][0]['login']}</arg>
<arg>${keyTwo}</arg>
<doc>Fails if ``key`` is not found from ``dictionary``.</doc>
<status status="PASS" start="2024-07-01T20:15:49.088262" elapsed="0.000375"/>
</kw>
<kw name="Dictionary Should Contain Key" owner="Collections">
<arg>${json_data['results'][0]['login']}</arg>
<arg>${keyTwo}</arg>
<doc>Fails if ``key`` is not found from ``dictionary``.</doc>
<status status="PASS" start="2024-07-01T20:15:49.088810" elapsed="0.000360"/>
</kw>
<kw name="Log" owner="BuiltIn">
<msg time="2024-07-01T20:15:49.089457" level="INFO">password</msg>
<arg>${keyTwo}</arg>
<doc>Logs the given message with the given level.</doc>
<status status="PASS" start="2024-07-01T20:15:49.089341" elapsed="0.000157"/>
</kw>
<var name="${keyTwo}">password</var>
<status status="PASS" start="2024-07-01T20:15:49.088156" elapsed="0.001661"/>
</iter>
<var>${keyTwo}</var>
<value>@{expected_keysTwo}</value>
<status status="PASS" start="2024-07-01T20:15:49.086216" elapsed="0.003722"/>
</for>
<status status="PASS" start="2024-07-01T20:15:48.942677" elapsed="0.147432"/>
</kw>
<doc>Testa a estrutura da resposta da API.</doc>
<tag>testeEstruturaResposta</tag>
<status status="PASS" start="2024-07-01T20:15:48.942146" elapsed="0.148127"/>
</test>
<test id="s1-s1-t4" name="Validar tipos de dados" line="28">
<kw name="Teste de Tipos de Dados" owner="random-user-service">
<kw name="GET On Session" owner="RequestsLibrary">
<msg time="2024-07-01T20:15:49.202870" level="INFO">GET Request : url=https://randomuser.me/api 
 path_url=/api 
 headers={'User-Agent': 'python-requests/2.32.3', 'Accept-Encoding': 'gzip, deflate', 'Accept': '*/*', 'Connection': 'keep-alive'} 
 body=None 
 </msg>
<msg time="2024-07-01T20:15:49.202972" level="INFO">GET Response : url=https://randomuser.me/api 
 status=200, reason=OK 
 headers={'Date': 'Mon, 01 Jul 2024 20:15:49 GMT', 'Content-Type': 'application/json; charset=utf-8', 'Transfer-Encoding': 'chunked', 'Connection': 'keep-alive', 'X-Powered-By': 'Express', 'Access-Control-Allow-Origin': '*', 'Cache-Control': 'no-cache', 'ETag': 'W/"493-kdtJmmAEZBMZIMY2NkUKlGt75lo"', 'Vary': 'Accept-Encoding', 'Content-Encoding': 'gzip', 'CF-Cache-Status': 'DYNAMIC', 'Report-To': '{"endpoints":[{"url":"https:\\/\\/a.nel.cloudflare.com\\/report\\/v4?s=y7I5ZzYkj8a8PX%2Bmb4mKskehT%2BSXcBRPziCf4nZA6TpSo2ip3HuodATE26MeqcdG%2B%2BS0N9X5jlI6ZO9orenQXgg2ZQOnP5K0snrgHYGhPCGotHItIzz%2F0gGnXzo%2Fjfyu"}],"group":"cf-nel","max_age":604800}', 'NEL': '{"success_fraction":0,"report_to":"cf-nel","max_age":604800}', 'Server': 'cloudflare', 'CF-RAY': '89c911fbdb381736-SJC', 'alt-svc': 'h3=":443"; ma=86400'} 
 body={"results":[{"gender":"female","name":{"title":"Miss","first":"Eliza","last":"Ford"},"location":{"street":{"number":3131,"name":"Oaks Cross"},"city":"Bath","state":"Lancashire","country":"United Kingdom","postcode":"M8 6PH","coordinates":{"latitude":"-7.7410","longitude":"3.4897"},"timezone":{"offset":"+1:00","description":"Brussels, Copenhagen, Madrid, Paris"}},"email":"eliza.ford@example.com","login":{"uuid":"44075809-7933-4388-ad08-8f241a46f004","username":"lazyleopard944","password":"1223","salt":"JpmpGFOY","md5":"87e24a5e51f1e0868d998a74d92c252b","sha1":"75f184dbc0dbeccfc63d9e388aaf937c2edae66a","sha256":"346bfeb3e526e0269fdf7e87046b94fb4fa95f0e462820016cf4278a000b8a4f"},"dob":{"date":"1953-06-28T03:48:35.179Z","age":71},"registered":{"date":"2007-07-17T15:11:05.032Z","age":16},"phone":"028 4221 6313","cell":"07187 137810","id":{"name":"NINO","value":"WB 32 87 04 Z"},"picture":{"large":"https://randomuser.me/api/portraits/women/9.jpg","medium":"https://randomuser.me/api/portraits/med/women/9.jpg","thumbnail":"https://randomuser.me/api/portraits/thumb/women/9.jpg"},"nat":"GB"}],"info":{"seed":"a8fa6303acacb8ae","results":1,"page":1,"version":"1.4"}} 
 </msg>
<msg time="2024-07-01T20:15:49.203048" level="INFO">/opt/hostedtoolcache/Python/3.12.4/x64/lib/python3.12/site-packages/urllib3/connectionpool.py:1099: InsecureRequestWarning: Unverified HTTPS request is being made to host 'randomuser.me'. Adding certificate verification is strongly advised. See: https://urllib3.readthedocs.io/en/latest/advanced-usage.html#tls-warnings
  warnings.warn(</msg>
<msg time="2024-07-01T20:15:49.203187" level="INFO">${response} = &lt;Response [200]&gt;</msg>
<var>${response}</var>
<arg>consultarAPI</arg>
<arg>/api</arg>
<doc>Sends a GET request on a previously created HTTP Session.</doc>
<status status="PASS" start="2024-07-01T20:15:49.092836" elapsed="0.110393"/>
</kw>
<kw name="Set Variable" owner="BuiltIn">
<msg time="2024-07-01T20:15:49.204448" level="INFO">${json_data} = {'results': [{'gender': 'female', 'name': {'title': 'Miss', 'first': 'Eliza', 'last': 'Ford'}, 'location': {'street': {'number': 3131, 'name': 'Oaks Cross'}, 'city': 'Bath', 'state': 'Lancashire', 'co...</msg>
<var>${json_data}</var>
<arg>${response.json()}</arg>
<doc>Returns the given values which can then be assigned to a variables.</doc>
<status status="PASS" start="2024-07-01T20:15:49.203875" elapsed="0.000608"/>
</kw>
<kw name="Log" owner="BuiltIn">
<msg time="2024-07-01T20:15:49.204968" level="INFO">{'results': [{'gender': 'female', 'name': {'title': 'Miss', 'first': 'Eliza', 'last': 'Ford'}, 'location': {'street': {'number': 3131, 'name': 'Oaks Cross'}, 'city': 'Bath', 'state': 'Lancashire', 'country': 'United Kingdom', 'postcode': 'M8 6PH', 'coordinates': {'latitude': '-7.7410', 'longitude': '3.4897'}, 'timezone': {'offset': '+1:00', 'description': 'Brussels, Copenhagen, Madrid, Paris'}}, 'email': 'eliza.ford@example.com', 'login': {'uuid': '44075809-7933-4388-ad08-8f241a46f004', 'username': 'lazyleopard944', 'password': '1223', 'salt': 'JpmpGFOY', 'md5': '87e24a5e51f1e0868d998a74d92c252b', 'sha1': '75f184dbc0dbeccfc63d9e388aaf937c2edae66a', 'sha256': '346bfeb3e526e0269fdf7e87046b94fb4fa95f0e462820016cf4278a000b8a4f'}, 'dob': {'date': '1953-06-28T03:48:35.179Z', 'age': 71}, 'registered': {'date': '2007-07-17T15:11:05.032Z', 'age': 16}, 'phone': '028 4221 6313', 'cell': '07187 137810', 'id': {'name': 'NINO', 'value': 'WB 32 87 04 Z'}, 'picture': {'large': 'https://randomuser.me/api/portraits/women/9.jpg', 'medium': 'https://randomuser.me/api/portraits/med/women/9.jpg', 'thumbnail': 'https://randomuser.me/api/portraits/thumb/women/9.jpg'}, 'nat': 'GB'}], 'info': {'seed': 'a8fa6303acacb8ae', 'results': 1, 'page': 1, 'version': '1.4'}}</msg>
<arg>${json_data}</arg>
<doc>Logs the given message with the given level.</doc>
<status status="PASS" start="2024-07-01T20:15:49.204802" elapsed="0.000214"/>
</kw>
<kw name="Should Be String" owner="String">
<arg>${json_data['results'][0]['gender']}</arg>
<doc>Fails if the given ``item`` is not a string.</doc>
<status status="PASS" start="2024-07-01T20:15:49.205309" elapsed="0.000365"/>
</kw>
<kw name="Should Match Regexp" owner="BuiltIn">
<arg>${json_data['results'][0]['email']}</arg>
<arg>^[a-zA-Z0-9._%+-]+@[a-zA-Z0-9.-]+\.[a-zA-Z]{2,}$</arg>
<doc>Fails if ``string`` does not match ``pattern`` as a regular expression.</doc>
<status status="PASS" start="2024-07-01T20:15:49.205901" elapsed="0.000564"/>
</kw>
<kw name="Should Match Regexp" owner="BuiltIn">
<arg>${json_data['results'][0]['dob']['date']}</arg>
<arg>\\d{4}-\\d{2}-\\d{2}T\\d{2}:\\d{2}:\\d{2}\\.\\d{3}Z</arg>
<doc>Fails if ``string`` does not match ``pattern`` as a regular expression.</doc>
<status status="PASS" start="2024-07-01T20:15:49.206660" elapsed="0.000481"/>
</kw>
<kw name="Should Match Regexp" owner="BuiltIn">
<arg>${json_data['results'][0]['registered']['date']}</arg>
<arg>\\d{4}-\\d{2}-\\d{2}T\\d{2}:\\d{2}:\\d{2}\\.\\d{3}Z</arg>
<doc>Fails if ``string`` does not match ``pattern`` as a regular expression.</doc>
<status status="PASS" start="2024-07-01T20:15:49.207327" elapsed="0.000362"/>
</kw>
<kw name="Should Match Regexp" owner="BuiltIn">
<arg>${json_data['results'][0]['picture']['large']}</arg>
<arg>^https?://.*\.(?:png|jpe?g|gif|bmp)$</arg>
<doc>Fails if ``string`` does not match ``pattern`` as a regular expression.</doc>
<status status="PASS" start="2024-07-01T20:15:49.207871" elapsed="0.000456"/>
</kw>
<kw name="Should Match Regexp" owner="BuiltIn">
<arg>${json_data['results'][0]['picture']['medium']}</arg>
<arg>^https?://.*\.(?:png|jpe?g|gif|bmp)$</arg>
<doc>Fails if ``string`` does not match ``pattern`` as a regular expression.</doc>
<status status="PASS" start="2024-07-01T20:15:49.208510" elapsed="0.000354"/>
</kw>
<kw name="Should Match Regexp" owner="BuiltIn">
<arg>${json_data['results'][0]['picture']['thumbnail']}</arg>
<arg>^https?://.*\.(?:png|jpe?g|gif|bmp)$</arg>
<doc>Fails if ``string`` does not match ``pattern`` as a regular expression.</doc>
<status status="PASS" start="2024-07-01T20:15:49.209046" elapsed="0.000349"/>
</kw>
<kw name="Log" owner="BuiltIn">
<msg time="2024-07-01T20:15:49.209905" level="INFO">{'large': 'https://randomuser.me/api/portraits/women/9.jpg', 'medium': 'https://randomuser.me/api/portraits/med/women/9.jpg', 'thumbnail': 'https://randomuser.me/api/portraits/thumb/women/9.jpg'}</msg>
<arg>${json_data['results'][0]['picture']}</arg>
<doc>Logs the given message with the given level.</doc>
<status status="PASS" start="2024-07-01T20:15:49.209576" elapsed="0.000371"/>
</kw>
<status status="PASS" start="2024-07-01T20:15:49.092595" elapsed="0.117636"/>
</kw>
<kw name="Teste de Tipos de Dados - Postcode" owner="random-user-service">
<kw name="GET On Session" owner="RequestsLibrary">
<msg time="2024-07-01T20:15:49.305683" level="INFO">GET Request : url=https://randomuser.me/api 
 path_url=/api 
 headers={'User-Agent': 'python-requests/2.32.3', 'Accept-Encoding': 'gzip, deflate', 'Accept': '*/*', 'Connection': 'keep-alive'} 
 body=None 
 </msg>
<msg time="2024-07-01T20:15:49.305795" level="INFO">GET Response : url=https://randomuser.me/api 
 status=200, reason=OK 
 headers={'Date': 'Mon, 01 Jul 2024 20:15:49 GMT', 'Content-Type': 'application/json; charset=utf-8', 'Transfer-Encoding': 'chunked', 'Connection': 'keep-alive', 'X-Powered-By': 'Express', 'Access-Control-Allow-Origin': '*', 'Cache-Control': 'no-cache', 'ETag': 'W/"47a-DMbW6JNo+091n5WCn4bvuwbW0OI"', 'Vary': 'Accept-Encoding', 'Content-Encoding': 'gzip', 'CF-Cache-Status': 'DYNAMIC', 'Report-To': '{"endpoints":[{"url":"https:\\/\\/a.nel.cloudflare.com\\/report\\/v4?s=HcBrGSaB%2FxZenypEPQarD0ZtL4DcyNk%2B81AjTwUAg02E4nI903a0iuonlmT91EEN%2BcQrp6jNMNo%2BC4QFx7Vllk4LbHkMRdoyt4Cdldet8CYnUAJLyBIXtOv33HYOcPPh"}],"group":"cf-nel","max_age":604800}', 'NEL': '{"success_fraction":0,"report_to":"cf-nel","max_age":604800}', 'Server': 'cloudflare', 'CF-RAY': '89c911fc9bfa1736-SJC', 'alt-svc': 'h3=":443"; ma=86400'} 
 body={"results":[{"gender":"female","name":{"title":"Miss","first":"Anna","last":"King"},"location":{"street":{"number":8975,"name":"Manor Road"},"city":"Clane","state":"Waterford","country":"Ireland","postcode":15673,"coordinates":{"latitude":"1.5712","longitude":"122.1335"},"timezone":{"offset":"+6:00","description":"Almaty, Dhaka, Colombo"}},"email":"anna.king@example.com","login":{"uuid":"181ce64d-122d-430c-85b7-6b4fe22fbedd","username":"heavygorilla747","password":"revenge","salt":"kh3ndUqu","md5":"278b790295e345673dd75d9d3b5ca70f","sha1":"7651675ad2a3b36c34386af3e87adb059737abc2","sha256":"c4cca47d7f4677cd8d7cfa57debd8029739d71f043260bc9487065a1f163da6b"},"dob":{"date":"1961-05-11T08:34:50.534Z","age":63},"registered":{"date":"2022-04-04T02:51:58.378Z","age":2},"phone":"011-197-9884","cell":"081-883-5084","id":{"name":"PPS","value":"5373611T"},"picture":{"large":"https://randomuser.me/api/portraits/women/85.jpg","medium":"https://randomuser.me/api/portraits/med/women/85.jpg","thumbnail":"https://randomuser.me/api/portraits/thumb/women/85.jpg"},"nat":"IE"}],"info":{"seed":"2f2b82a54b9a9986","results":1,"page":1,"version":"1.4"}} 
 </msg>
<msg time="2024-07-01T20:15:49.305883" level="INFO">/opt/hostedtoolcache/Python/3.12.4/x64/lib/python3.12/site-packages/urllib3/connectionpool.py:1099: InsecureRequestWarning: Unverified HTTPS request is being made to host 'randomuser.me'. Adding certificate verification is strongly advised. See: https://urllib3.readthedocs.io/en/latest/advanced-usage.html#tls-warnings
  warnings.warn(</msg>
<msg time="2024-07-01T20:15:49.306032" level="INFO">${response} = &lt;Response [200]&gt;</msg>
<var>${response}</var>
<arg>consultarAPI</arg>
<arg>/api</arg>
<doc>Sends a GET request on a previously created HTTP Session.</doc>
<status status="PASS" start="2024-07-01T20:15:49.210694" elapsed="0.095410"/>
</kw>
<kw name="Set Variable" owner="BuiltIn">
<msg time="2024-07-01T20:15:49.307350" level="INFO">${json_data} = {'results': [{'gender': 'female', 'name': {'title': 'Miss', 'first': 'Anna', 'last': 'King'}, 'location': {'street': {'number': 8975, 'name': 'Manor Road'}, 'city': 'Clane', 'state': 'Waterford', 'cou...</msg>
<var>${json_data}</var>
<arg>${response.json()}</arg>
<doc>Returns the given values which can then be assigned to a variables.</doc>
<status status="PASS" start="2024-07-01T20:15:49.306765" elapsed="0.000614"/>
</kw>
<kw name="Log" owner="BuiltIn">
<msg time="2024-07-01T20:15:49.307858" level="INFO">{'results': [{'gender': 'female', 'name': {'title': 'Miss', 'first': 'Anna', 'last': 'King'}, 'location': {'street': {'number': 8975, 'name': 'Manor Road'}, 'city': 'Clane', 'state': 'Waterford', 'country': 'Ireland', 'postcode': 15673, 'coordinates': {'latitude': '1.5712', 'longitude': '122.1335'}, 'timezone': {'offset': '+6:00', 'description': 'Almaty, Dhaka, Colombo'}}, 'email': 'anna.king@example.com', 'login': {'uuid': '181ce64d-122d-430c-85b7-6b4fe22fbedd', 'username': 'heavygorilla747', 'password': 'revenge', 'salt': 'kh3ndUqu', 'md5': '278b790295e345673dd75d9d3b5ca70f', 'sha1': '7651675ad2a3b36c34386af3e87adb059737abc2', 'sha256': 'c4cca47d7f4677cd8d7cfa57debd8029739d71f043260bc9487065a1f163da6b'}, 'dob': {'date': '1961-05-11T08:34:50.534Z', 'age': 63}, 'registered': {'date': '2022-04-04T02:51:58.378Z', 'age': 2}, 'phone': '011-197-9884', 'cell': '081-883-5084', 'id': {'name': 'PPS', 'value': '5373611T'}, 'picture': {'large': 'https://randomuser.me/api/portraits/women/85.jpg', 'medium': 'https://randomuser.me/api/portraits/med/women/85.jpg', 'thumbnail': 'https://randomuser.me/api/portraits/thumb/women/85.jpg'}, 'nat': 'IE'}], 'info': {'seed': '2f2b82a54b9a9986', 'results': 1, 'page': 1, 'version': '1.4'}}</msg>
<arg>${json_data}</arg>
<doc>Logs the given message with the given level.</doc>
<status status="PASS" start="2024-07-01T20:15:49.307697" elapsed="0.000209"/>
</kw>
<kw name="Should Be Equal As Numbers" owner="BuiltIn">
<arg>${json_data['results'][0]['location']['postcode']}</arg>
<arg>${json_data['results'][0]['location']['postcode']}</arg>
<doc>Fails if objects are unequal after converting them to real numbers.</doc>
<status status="PASS" start="2024-07-01T20:15:49.308206" elapsed="0.000626"/>
</kw>
<kw name="Log" owner="BuiltIn">
<msg time="2024-07-01T20:15:49.309566" level="INFO">15673</msg>
<arg>${json_data['results'][0]['location']['postcode']}</arg>
<doc>Logs the given message with the given level.</doc>
<status status="PASS" start="2024-07-01T20:15:49.309025" elapsed="0.000582"/>
</kw>
<status status="PASS" start="2024-07-01T20:15:49.210461" elapsed="0.099404"/>
</kw>
<doc>Testa se os tipos de dados na resposta da API estão corretos.</doc>
<tag>testeTiposDados</tag>
<status status="PASS" start="2024-07-01T20:15:49.092036" elapsed="0.217997"/>
</test>
<test id="s1-s1-t5" name="Validar conteudo" line="35">
<kw name="Teste de Tipos de Conteudo" owner="random-user-service">
<kw name="GET On Session" owner="RequestsLibrary">
<msg time="2024-07-01T20:15:49.405966" level="INFO">GET Request : url=https://randomuser.me/api 
 path_url=/api 
 headers={'User-Agent': 'python-requests/2.32.3', 'Accept-Encoding': 'gzip, deflate', 'Accept': '*/*', 'Connection': 'keep-alive'} 
 body=None 
 </msg>
<msg time="2024-07-01T20:15:49.406114" level="INFO">GET Response : url=https://randomuser.me/api 
 status=200, reason=OK 
 headers={'Date': 'Mon, 01 Jul 2024 20:15:49 GMT', 'Content-Type': 'application/json; charset=utf-8', 'Transfer-Encoding': 'chunked', 'Connection': 'keep-alive', 'X-Powered-By': 'Express', 'Access-Control-Allow-Origin': '*', 'Cache-Control': 'no-cache', 'ETag': 'W/"492-wY0A4D42TkWdDSsW6RRUq0ozmwg"', 'Vary': 'Accept-Encoding', 'Content-Encoding': 'gzip', 'CF-Cache-Status': 'DYNAMIC', 'Report-To': '{"endpoints":[{"url":"https:\\/\\/a.nel.cloudflare.com\\/report\\/v4?s=VHfkxcqB6gF54%2Bywd%2FltXdYzF6gDIJSN%2BOUwd%2FI%2FWTrISBFQiR6c0cC1MkNoJkgP94pYUtF88LiJU03owmLsVC0XqpaMgy7oCZ2kDjespXP2D6X45k7YoYTWcEn8W%2F9w"}],"group":"cf-nel","max_age":604800}', 'NEL': '{"success_fraction":0,"report_to":"cf-nel","max_age":604800}', 'Server': 'cloudflare', 'CF-RAY': '89c911fd3ca01736-SJC', 'alt-svc': 'h3=":443"; ma=86400'} 
 body={"results":[{"gender":"female","name":{"title":"Mrs","first":"Valentina","last":"Perrin"},"location":{"street":{"number":5271,"name":"Place de L'Europe"},"city":"Amiens","state":"Puy-de-Dôme","country":"France","postcode":64785,"coordinates":{"latitude":"-15.4401","longitude":"79.2627"},"timezone":{"offset":"-10:00","description":"Hawaii"}},"email":"valentina.perrin@example.com","login":{"uuid":"fc61830c-9c7c-45e8-bad8-946515626945","username":"orangemeercat328","password":"stalin","salt":"UDWv6GTQ","md5":"4acc6d500c648a4f742961df396a7630","sha1":"99ebc87eeaee67a560b20ac4bd09243b07d9d191","sha256":"32edc994081b9d20c460019afd51b4ea035164e30c134844c47a17deedcc0b4a"},"dob":{"date":"1967-08-31T00:43:15.863Z","age":56},"registered":{"date":"2009-10-08T19:53:54.646Z","age":14},"phone":"02-41-46-23-35","cell":"06-08-57-68-70","id":{"name":"INSEE","value":"2670713028283 08"},"picture":{"large":"https://randomuser.me/api/portraits/women/11.jpg","medium":"https://randomuser.me/api/portraits/med/women/11.jpg","thumbnail":"https://randomuser.me/api/portraits/thumb/women/11.jpg"},"nat":"FR"}],"info":{"seed":"c9b3e3cc0f49f475","results":1,"page":1,"version":"1.4"}} 
 </msg>
<msg time="2024-07-01T20:15:49.406207" level="INFO">/opt/hostedtoolcache/Python/3.12.4/x64/lib/python3.12/site-packages/urllib3/connectionpool.py:1099: InsecureRequestWarning: Unverified HTTPS request is being made to host 'randomuser.me'. Adding certificate verification is strongly advised. See: https://urllib3.readthedocs.io/en/latest/advanced-usage.html#tls-warnings
  warnings.warn(</msg>
<msg time="2024-07-01T20:15:49.406332" level="INFO">${response} = &lt;Response [200]&gt;</msg>
<var>${response}</var>
<arg>consultarAPI</arg>
<arg>/api</arg>
<doc>Sends a GET request on a previously created HTTP Session.</doc>
<status status="PASS" start="2024-07-01T20:15:49.312606" elapsed="0.093763"/>
</kw>
<kw name="Set Variable" owner="BuiltIn">
<msg time="2024-07-01T20:15:49.407586" level="INFO">${json_data} = {'results': [{'gender': 'female', 'name': {'title': 'Mrs', 'first': 'Valentina', 'last': 'Perrin'}, 'location': {'street': {'number': 5271, 'name': "Place de L'Europe"}, 'city': 'Amiens', 'state': 'Pu...</msg>
<var>${json_data}</var>
<arg>${response.json()}</arg>
<doc>Returns the given values which can then be assigned to a variables.</doc>
<status status="PASS" start="2024-07-01T20:15:49.407010" elapsed="0.000604"/>
</kw>
<kw name="Set Variable" owner="BuiltIn">
<msg time="2024-07-01T20:15:49.408301" level="INFO">${name_title} = Mrs</msg>
<var>${name_title}</var>
<arg>${json_data["results"][0]["name"]["title"]}</arg>
<doc>Returns the given values which can then be assigned to a variables.</doc>
<status status="PASS" start="2024-07-01T20:15:49.407913" elapsed="0.000413"/>
</kw>
<kw name="Create List" owner="BuiltIn">
<msg time="2024-07-01T20:15:49.408765" level="INFO">${allowed_titles} = ['Mr', 'Ms', 'Miss', 'Mrs', 'Madame', 'Monsieur']</msg>
<var>${allowed_titles}</var>
<arg>Mr</arg>
<arg>Ms</arg>
<arg>Miss</arg>
<arg>Mrs</arg>
<arg>Madame</arg>
<arg>Monsieur</arg>
<doc>Returns a list containing given items.</doc>
<status status="PASS" start="2024-07-01T20:15:49.408619" elapsed="0.000169"/>
</kw>
<kw name="List Should Contain Value" owner="Collections">
<arg>${allowed_titles}</arg>
<arg>${name_title}</arg>
<doc>Fails if the ``value`` is not found from ``list``.</doc>
<status status="PASS" start="2024-07-01T20:15:49.409080" elapsed="0.000182"/>
</kw>
<kw name="Set Variable" owner="BuiltIn">
<msg time="2024-07-01T20:15:49.409807" level="INFO">${name_country} = FR</msg>
<var>${name_country}</var>
<arg>${json_data["results"][0]["nat"]}</arg>
<doc>Returns the given values which can then be assigned to a variables.</doc>
<status status="PASS" start="2024-07-01T20:15:49.409444" elapsed="0.000387"/>
</kw>
<kw name="Create List" owner="BuiltIn">
<msg time="2024-07-01T20:15:49.410769" level="INFO">${list_country} = ['AD', 'AE', 'AF', 'AG', 'AI', 'AL', 'AM', 'AO', 'AQ', 'AR', 'AS', 'AT', 'AU', 'AW', 'AX', 'AZ', 'BA', 'BB', 'BD', 'BE', 'BF', 'BG', 'BH', 'BI', 'BJ', 'BL', 'BM', 'BN', 'BO', 'BQ', 'BR', 'BS', 'BT', '...</msg>
<var>${list_country}</var>
<arg>AD</arg>
<arg>AE</arg>
<arg>AF</arg>
<arg>AG</arg>
<arg>AI</arg>
<arg>AL</arg>
<arg>AM</arg>
<arg>AO</arg>
<arg>AQ</arg>
<arg>AR</arg>
<arg>AS</arg>
<arg>AT</arg>
<arg>AU</arg>
<arg>AW</arg>
<arg>AX</arg>
<arg>AZ</arg>
<arg>BA</arg>
<arg>BB</arg>
<arg>BD</arg>
<arg>BE</arg>
<arg>BF</arg>
<arg>BG</arg>
<arg>BH</arg>
<arg>BI</arg>
<arg>BJ</arg>
<arg>BL</arg>
<arg>BM</arg>
<arg>BN</arg>
<arg>BO</arg>
<arg>BQ</arg>
<arg>BR</arg>
<arg>BS</arg>
<arg>BT</arg>
<arg>BV</arg>
<arg>BW</arg>
<arg>BY</arg>
<arg>BZ</arg>
<arg>CA</arg>
<arg>CC</arg>
<arg>CD</arg>
<arg>CF</arg>
<arg>CG</arg>
<arg>CH</arg>
<arg>CI</arg>
<arg>CK</arg>
<arg>CL</arg>
<arg>CM</arg>
<arg>CN</arg>
<arg>CO</arg>
<arg>CR</arg>
<arg>CU</arg>
<arg>CV</arg>
<arg>CW</arg>
<arg>CX</arg>
<arg>CY</arg>
<arg>CZ</arg>
<arg>DE</arg>
<arg>DJ</arg>
<arg>DK</arg>
<arg>DM</arg>
<arg>DO</arg>
<arg>DZ</arg>
<arg>EC</arg>
<arg>EE</arg>
<arg>EG</arg>
<arg>EH</arg>
<arg>ER</arg>
<arg>ES</arg>
<arg>ET</arg>
<arg>FI</arg>
<arg>FJ</arg>
<arg>FK</arg>
<arg>FM</arg>
<arg>FO</arg>
<arg>FR</arg>
<arg>GA</arg>
<arg>GB</arg>
<arg>GD</arg>
<arg>GE</arg>
<arg>GF</arg>
<arg>GG</arg>
<arg>GH</arg>
<arg>GI</arg>
<arg>GL</arg>
<arg>GM</arg>
<arg>GN</arg>
<arg>GP</arg>
<arg>GQ</arg>
<arg>GR</arg>
<arg>GS</arg>
<arg>GT</arg>
<arg>GU</arg>
<arg>GW</arg>
<arg>GY</arg>
<arg>HK</arg>
<arg>HM</arg>
<arg>HN</arg>
<arg>HR</arg>
<arg>HT</arg>
<arg>HU</arg>
<arg>ID</arg>
<arg>IE</arg>
<arg>IL</arg>
<arg>IM</arg>
<arg>IN</arg>
<arg>IO</arg>
<arg>IQ</arg>
<arg>IR</arg>
<arg>IS</arg>
<arg>IT</arg>
<arg>JE</arg>
<arg>JM</arg>
<arg>JO</arg>
<arg>JP</arg>
<arg>KE</arg>
<arg>KG</arg>
<arg>KH</arg>
<arg>KI</arg>
<arg>KM</arg>
<arg>KN</arg>
<arg>KP</arg>
<arg>KR</arg>
<arg>KW</arg>
<arg>KY</arg>
<arg>KZ</arg>
<arg>LA</arg>
<arg>LB</arg>
<arg>LC</arg>
<arg>LI</arg>
<arg>LK</arg>
<arg>LR</arg>
<arg>LS</arg>
<arg>LT</arg>
<arg>LU</arg>
<arg>LV</arg>
<arg>LY</arg>
<arg>MA</arg>
<arg>MC</arg>
<arg>MD</arg>
<arg>ME</arg>
<arg>MF</arg>
<arg>MG</arg>
<arg>MH</arg>
<arg>MK</arg>
<arg>ML</arg>
<arg>MM</arg>
<arg>MN</arg>
<arg>MO</arg>
<arg>MP</arg>
<arg>MQ</arg>
<arg>MR</arg>
<arg>MS</arg>
<arg>MT</arg>
<arg>MU</arg>
<arg>MV</arg>
<arg>MW</arg>
<arg>MX</arg>
<arg>MY</arg>
<arg>MZ</arg>
<arg>NA</arg>
<arg>NC</arg>
<arg>NE</arg>
<arg>NF</arg>
<arg>NG</arg>
<arg>NI</arg>
<arg>NL</arg>
<arg>NO</arg>
<arg>NP</arg>
<arg>NR</arg>
<arg>NU</arg>
<arg>NZ</arg>
<arg>OM</arg>
<arg>PA</arg>
<arg>PE</arg>
<arg>PF</arg>
<arg>PG</arg>
<arg>PH</arg>
<arg>PK</arg>
<arg>PL</arg>
<arg>PM</arg>
<arg>PN</arg>
<arg>PR</arg>
<arg>PS</arg>
<arg>PT</arg>
<arg>PW</arg>
<arg>PY</arg>
<arg>QA</arg>
<arg>RE</arg>
<arg>RO</arg>
<arg>RS</arg>
<arg>RU</arg>
<arg>RW</arg>
<arg>SA</arg>
<arg>SB</arg>
<arg>SC</arg>
<arg>SD</arg>
<arg>SE</arg>
<arg>SG</arg>
<arg>SH</arg>
<arg>SI</arg>
<arg>SJ</arg>
<arg>SK</arg>
<arg>SL</arg>
<arg>SM</arg>
<arg>SN</arg>
<arg>SO</arg>
<arg>SR</arg>
<arg>SS</arg>
<arg>ST</arg>
<arg>SV</arg>
<arg>SX</arg>
<arg>SY</arg>
<arg>SZ</arg>
<arg>TC</arg>
<arg>TD</arg>
<arg>TF</arg>
<arg>TG</arg>
<arg>TH</arg>
<arg>TJ</arg>
<arg>TK</arg>
<arg>TL</arg>
<arg>TM</arg>
<arg>TN</arg>
<arg>TO</arg>
<arg>TR</arg>
<arg>TT</arg>
<arg>TV</arg>
<arg>TW</arg>
<arg>TZ</arg>
<arg>UA</arg>
<arg>UG</arg>
<arg>UM</arg>
<arg>US</arg>
<arg>UY</arg>
<arg>UZ</arg>
<arg>VA</arg>
<arg>VC</arg>
<arg>VE</arg>
<arg>VG</arg>
<arg>VI</arg>
<arg>VN</arg>
<arg>VU</arg>
<arg>WF</arg>
<arg>WS</arg>
<arg>XK</arg>
<arg>YE</arg>
<arg>YT</arg>
<arg>ZA</arg>
<arg>ZM</arg>
<arg>ZW</arg>
<doc>Returns a list containing given items.</doc>
<status status="PASS" start="2024-07-01T20:15:49.410167" elapsed="0.000626"/>
</kw>
<kw name="List Should Contain Value" owner="Collections">
<arg>${list_country}</arg>
<arg>${name_country}</arg>
<doc>Fails if the ``value`` is not found from ``list``.</doc>
<status status="PASS" start="2024-07-01T20:15:49.411584" elapsed="0.000199"/>
</kw>
<kw name="Run Keyword If" owner="BuiltIn">
<kw name="Should Be True" owner="BuiltIn">
<arg>${True}</arg>
<doc>Fails if the given condition is not true.</doc>
<status status="PASS" start="2024-07-01T20:15:49.412706" elapsed="0.000141"/>
</kw>
<arg>${json_data["results"][0]["location"]["coordinates"]["latitude"]} &gt;= -90 and ${json_data["results"][0]["location"]["coordinates"]["latitude"]} &lt;= 90</arg>
<arg>Should Be True</arg>
<arg>${True}</arg>
<doc>Runs the given keyword with the given arguments, if ``condition`` is true.</doc>
<status status="PASS" start="2024-07-01T20:15:49.411973" elapsed="0.000996"/>
</kw>
<kw name="Run Keyword If" owner="BuiltIn">
<kw name="Should Be True" owner="BuiltIn">
<arg>${True}</arg>
<doc>Fails if the given condition is not true.</doc>
<status status="PASS" start="2024-07-01T20:15:49.413836" elapsed="0.000273"/>
</kw>
<arg>${json_data["results"][0]["location"]["coordinates"]["longitude"]} &gt;= -180 and ${json_data["results"][0]["location"]["coordinates"]["longitude"]} &lt;= 180</arg>
<arg>Should Be True</arg>
<arg>${True}</arg>
<doc>Runs the given keyword with the given arguments, if ``condition`` is true.</doc>
<status status="PASS" start="2024-07-01T20:15:49.413145" elapsed="0.001100"/>
</kw>
<status status="PASS" start="2024-07-01T20:15:49.312381" elapsed="0.101996"/>
</kw>
<doc>Testa o conteúdo específico dos campos retornados pela API.</doc>
<tag>testeConteudo</tag>
<status status="PASS" start="2024-07-01T20:15:49.311856" elapsed="0.102669"/>
</test>
<status status="PASS" start="2024-07-01T20:15:48.337387" elapsed="1.079328"/>
</suite>
<status status="PASS" start="2024-07-01T20:15:48.322698" elapsed="1.099124"/>
</suite>
<statistics>
<total>
<stat pass="5" fail="0" skip="0">All Tests</stat>
</total>
<tag>
<stat pass="1" fail="0" skip="0">testeConteudo</stat>
<stat pass="1" fail="0" skip="0">testeEstruturaResposta</stat>
<stat pass="1" fail="0" skip="0">testeRequisicaoBasica</stat>
<stat pass="1" fail="0" skip="0">testeTiposDados</stat>
</tag>
<suite>
<stat pass="5" fail="0" skip="0" id="s1" name="Tests">Tests</stat>
<stat pass="5" fail="0" skip="0" id="s1-s1" name="Random-User-Test">Tests.Random-User-Test</stat>
</suite>
</statistics>
<errors>
</errors>
</robot>
