<?xml version="1.0" encoding="UTF-8"?>
<robot generator="Robot 7.0.1 (Python 3.12.4 on linux)" generated="2024-08-09T06:22:25.103432" rpa="false" schemaversion="5">
<suite id="s1" name="Tests" source="/home/runner/work/ApiRandomUser/ApiRandomUser/RamdonUser/tests">
<suite id="s1-s1" name="Random-User-Test" source="/home/runner/work/ApiRandomUser/ApiRandomUser/RamdonUser/tests/random-user-test.robot">
<test id="s1-s1-t1" name="Conectar" line="13">
<kw name="Conectar API" owner="random-user-service">
<kw name="Create Session" owner="RequestsLibrary">
<msg time="2024-08-09T06:22:25.486945" level="INFO">Creating Session using : alias=consultarAPI, url=https://randomuser.me/, headers={},                     cookies={}, auth=None, timeout=None, proxies=None, verify=False,                     debug=0 </msg>
<arg>consultarAPI</arg>
<arg>${URL}</arg>
<doc>Create Session: create a HTTP session to a server</doc>
<status status="PASS" start="2024-08-09T06:22:25.486759" elapsed="0.000344"/>
</kw>
<status status="PASS" start="2024-08-09T06:22:25.485757" elapsed="0.001677"/>
</kw>
<status status="PASS" start="2024-08-09T06:22:25.485160" elapsed="0.002472"/>
</test>
<test id="s1-s1-t2" name="Validar retorno 200 e JSON Válido" line="16">
<kw name="Teste de Requisicao Basica" owner="random-user-service">
<kw name="GET On Session" owner="RequestsLibrary">
<msg time="2024-08-09T06:22:25.668286" level="INFO">GET Request : url=https://randomuser.me/api 
 path_url=/api 
 headers={'User-Agent': 'python-requests/2.32.3', 'Accept-Encoding': 'gzip, deflate', 'Accept': '*/*', 'Connection': 'keep-alive'} 
 body=None 
 </msg>
<msg time="2024-08-09T06:22:25.668386" level="INFO">GET Response : url=https://randomuser.me/api 
 status=200, reason=OK 
 headers={'Date': 'Fri, 09 Aug 2024 06:22:25 GMT', 'Content-Type': 'application/json; charset=utf-8', 'Transfer-Encoding': 'chunked', 'Connection': 'keep-alive', 'X-Powered-By': 'Express', 'Access-Control-Allow-Origin': '*', 'Cache-Control': 'no-cache', 'ETag': 'W/"489-E0IJcWKUKyhm7JU8bVmyVkItj1I"', 'Vary': 'Accept-Encoding', 'Content-Encoding': 'gzip', 'CF-Cache-Status': 'DYNAMIC', 'Report-To': '{"endpoints":[{"url":"https:\\/\\/a.nel.cloudflare.com\\/report\\/v4?s=EIEtdclLnD3fnQ%2BRkxGHO%2F6znepaxOtFZfEtDaov6tOdqhK3VoXUQxUloLbDEuCU5t9OlhrpEp1RlADGoSzXBkAWUj8ETWdPtQSlGoBZch6CkKgstTrB0ssXIuHH4U1f"}],"group":"cf-nel","max_age":604800}', 'NEL': '{"success_fraction":0,"report_to":"cf-nel","max_age":604800}', 'Server': 'cloudflare', 'CF-RAY': '8b05a6d238e60603-IAD', 'alt-svc': 'h3=":443"; ma=86400'} 
 body={"results":[{"gender":"female","name":{"title":"Miss","first":"Åsa","last":"Gilberg"},"location":{"street":{"number":5066,"name":"Ludvig Karstens vei"},"city":"Hølen","state":"Akershus","country":"Norway","postcode":"0562","coordinates":{"latitude":"39.0399","longitude":"100.6992"},"timezone":{"offset":"-7:00","description":"Mountain Time (US &amp; Canada)"}},"email":"asa.gilberg@example.com","login":{"uuid":"f3138850-c852-42f8-9eb9-7f0e68278306","username":"organicladybug977","password":"ratman","salt":"Gvji9Hu3","md5":"13d141637ccb191c0219b1dd57f3debf","sha1":"b6b510ff178eaa7f229e5b8617dae93568e2bf8a","sha256":"15cb4b441ed4473c0594f97741828332dbc2c4f258148c2db1732eea45698f3e"},"dob":{"date":"1947-08-09T17:09:25.903Z","age":76},"registered":{"date":"2021-01-11T16:06:40.400Z","age":3},"phone":"61451030","cell":"43410785","id":{"name":"FN","value":"09084744821"},"picture":{"large":"https://randomuser.me/api/portraits/women/40.jpg","medium":"https://randomuser.me/api/portraits/med/women/40.jpg","thumbnail":"https://randomuser.me/api/portraits/thumb/women/40.jpg"},"nat":"NO"}],"info":{"seed":"bdc1fa6492b8f282","results":1,"page":1,"version":"1.4"}} 
 </msg>
<msg time="2024-08-09T06:22:25.668455" level="INFO">/opt/hostedtoolcache/Python/3.12.4/x64/lib/python3.12/site-packages/urllib3/connectionpool.py:1099: InsecureRequestWarning: Unverified HTTPS request is being made to host 'randomuser.me'. Adding certificate verification is strongly advised. See: https://urllib3.readthedocs.io/en/latest/advanced-usage.html#tls-warnings
  warnings.warn(</msg>
<msg time="2024-08-09T06:22:25.668578" level="INFO">${response} = &lt;Response [200]&gt;</msg>
<var>${response}</var>
<arg>consultarAPI</arg>
<arg>/api</arg>
<doc>Sends a GET request on a previously created HTTP Session.</doc>
<status status="PASS" start="2024-08-09T06:22:25.490271" elapsed="0.178346"/>
</kw>
<kw name="Should Be Equal As Numbers" owner="BuiltIn">
<msg time="2024-08-09T06:22:25.669371" level="INFO">Argument types are:
&lt;class 'int'&gt;
&lt;class 'str'&gt;</msg>
<arg>${response.status_code}</arg>
<arg>200</arg>
<doc>Fails if objects are unequal after converting them to real numbers.</doc>
<status status="PASS" start="2024-08-09T06:22:25.668985" elapsed="0.000446"/>
</kw>
<kw name="Log" owner="BuiltIn">
<msg time="2024-08-09T06:22:25.670139" level="INFO">200</msg>
<arg>${response.status_code}</arg>
<doc>Logs the given message with the given level.</doc>
<status status="PASS" start="2024-08-09T06:22:25.669743" elapsed="0.000439"/>
</kw>
<kw name="Set Variable" owner="BuiltIn">
<msg time="2024-08-09T06:22:25.670919" level="INFO">${json_data} = {'results': [{'gender': 'female', 'name': {'title': 'Miss', 'first': 'Åsa', 'last': 'Gilberg'}, 'location': {'street': {'number': 5066, 'name': 'Ludvig Karstens vei'}, 'city': 'Hølen', 'state': 'Akers...</msg>
<var>${json_data}</var>
<arg>${response.json()}</arg>
<doc>Returns the given values which can then be assigned to a variables.</doc>
<status status="PASS" start="2024-08-09T06:22:25.670488" elapsed="0.000460"/>
</kw>
<kw name="Dictionary Should Contain Key" owner="Collections">
<arg>${json_data}</arg>
<arg>results</arg>
<doc>Fails if ``key`` is not found from ``dictionary``.</doc>
<status status="PASS" start="2024-08-09T06:22:25.671248" elapsed="0.000282"/>
</kw>
<status status="PASS" start="2024-08-09T06:22:25.490024" elapsed="0.181655"/>
</kw>
<doc>Testa se a API responde corretamente e retorna um objeto JSON válido.</doc>
<tag>testeRequisicaoBasica</tag>
<status status="PASS" start="2024-08-09T06:22:25.489461" elapsed="0.182374"/>
</test>
<test id="s1-s1-t3" name="Validar estrutura de resposta" line="22">
<kw name="Teste de Estrutura de Resposta" owner="random-user-service">
<kw name="GET On Session" owner="RequestsLibrary">
<msg time="2024-08-09T06:22:25.786721" level="INFO">GET Request : url=https://randomuser.me/api 
 path_url=/api 
 headers={'User-Agent': 'python-requests/2.32.3', 'Accept-Encoding': 'gzip, deflate', 'Accept': '*/*', 'Connection': 'keep-alive'} 
 body=None 
 </msg>
<msg time="2024-08-09T06:22:25.786786" level="INFO">GET Response : url=https://randomuser.me/api 
 status=200, reason=OK 
 headers={'Date': 'Fri, 09 Aug 2024 06:22:25 GMT', 'Content-Type': 'application/json; charset=utf-8', 'Transfer-Encoding': 'chunked', 'Connection': 'keep-alive', 'X-Powered-By': 'Express', 'Access-Control-Allow-Origin': '*', 'Cache-Control': 'no-cache', 'ETag': 'W/"48d-63ue1o4MxFdf7bu0yYoMePIQc7M"', 'Vary': 'Accept-Encoding', 'Content-Encoding': 'gzip', 'CF-Cache-Status': 'DYNAMIC', 'Report-To': '{"endpoints":[{"url":"https:\\/\\/a.nel.cloudflare.com\\/report\\/v4?s=QSoQKJbG08lxINvA1OW%2Blqp2jh%2F34AcG3hYNDmzpJ6L8CxY2%2BAoj55BrLD4A62QSsbv4pqK4IYjETN3hl7CWvCJx2VFP2QQASda3FsmINIMgS2Rpz8VKDBlRJETnKQ01"}],"group":"cf-nel","max_age":604800}', 'NEL': '{"success_fraction":0,"report_to":"cf-nel","max_age":604800}', 'Server': 'cloudflare', 'CF-RAY': '8b05a6d279260603-IAD', 'alt-svc': 'h3=":443"; ma=86400'} 
 body={"results":[{"gender":"male","name":{"title":"Mr","first":"Reimund","last":"Kammer"},"location":{"street":{"number":1738,"name":"Königsberger Straße"},"city":"Bad Hersfeld","state":"Rheinland-Pfalz","country":"Germany","postcode":14124,"coordinates":{"latitude":"-49.3523","longitude":"-11.9144"},"timezone":{"offset":"+3:30","description":"Tehran"}},"email":"reimund.kammer@example.com","login":{"uuid":"c69290a0-f156-4328-9561-6d3c576f53e2","username":"greenbutterfly489","password":"funky","salt":"7gtBplGu","md5":"bf213dfb8bf91de2f60723fa7b7c7f81","sha1":"7b797a733676bc7ae1756b1eb79980354ba7e7af","sha256":"7179bd9d4d2c256b32db44d8def38d1f0042ff501735c684c5cef169b599c59e"},"dob":{"date":"1993-05-12T18:21:51.200Z","age":31},"registered":{"date":"2006-02-04T04:22:55.258Z","age":18},"phone":"0344-9329120","cell":"0177-9554604","id":{"name":"SVNR","value":"43 120593 K 046"},"picture":{"large":"https://randomuser.me/api/portraits/men/76.jpg","medium":"https://randomuser.me/api/portraits/med/men/76.jpg","thumbnail":"https://randomuser.me/api/portraits/thumb/men/76.jpg"},"nat":"DE"}],"info":{"seed":"62aa3b5536b70403","results":1,"page":1,"version":"1.4"}} 
 </msg>
<msg time="2024-08-09T06:22:25.786881" level="INFO">/opt/hostedtoolcache/Python/3.12.4/x64/lib/python3.12/site-packages/urllib3/connectionpool.py:1099: InsecureRequestWarning: Unverified HTTPS request is being made to host 'randomuser.me'. Adding certificate verification is strongly advised. See: https://urllib3.readthedocs.io/en/latest/advanced-usage.html#tls-warnings
  warnings.warn(</msg>
<msg time="2024-08-09T06:22:25.786998" level="INFO">${response} = &lt;Response [200]&gt;</msg>
<var>${response}</var>
<arg>consultarAPI</arg>
<arg>/api</arg>
<doc>Sends a GET request on a previously created HTTP Session.</doc>
<status status="PASS" start="2024-08-09T06:22:25.674403" elapsed="0.112636"/>
</kw>
<kw name="Set Variable" owner="BuiltIn">
<msg time="2024-08-09T06:22:25.787849" level="INFO">${json_data} = {'results': [{'gender': 'male', 'name': {'title': 'Mr', 'first': 'Reimund', 'last': 'Kammer'}, 'location': {'street': {'number': 1738, 'name': 'Königsberger Straße'}, 'city': 'Bad Hersfeld', 'state': ...</msg>
<var>${json_data}</var>
<arg>${response.json()}</arg>
<doc>Returns the given values which can then be assigned to a variables.</doc>
<status status="PASS" start="2024-08-09T06:22:25.787401" elapsed="0.000484"/>
</kw>
<kw name="Log" owner="BuiltIn">
<msg time="2024-08-09T06:22:25.788342" level="INFO">{'results': [{'gender': 'male', 'name': {'title': 'Mr', 'first': 'Reimund', 'last': 'Kammer'}, 'location': {'street': {'number': 1738, 'name': 'Königsberger Straße'}, 'city': 'Bad Hersfeld', 'state': 'Rheinland-Pfalz', 'country': 'Germany', 'postcode': 14124, 'coordinates': {'latitude': '-49.3523', 'longitude': '-11.9144'}, 'timezone': {'offset': '+3:30', 'description': 'Tehran'}}, 'email': 'reimund.kammer@example.com', 'login': {'uuid': 'c69290a0-f156-4328-9561-6d3c576f53e2', 'username': 'greenbutterfly489', 'password': 'funky', 'salt': '7gtBplGu', 'md5': 'bf213dfb8bf91de2f60723fa7b7c7f81', 'sha1': '7b797a733676bc7ae1756b1eb79980354ba7e7af', 'sha256': '7179bd9d4d2c256b32db44d8def38d1f0042ff501735c684c5cef169b599c59e'}, 'dob': {'date': '1993-05-12T18:21:51.200Z', 'age': 31}, 'registered': {'date': '2006-02-04T04:22:55.258Z', 'age': 18}, 'phone': '0344-9329120', 'cell': '0177-9554604', 'id': {'name': 'SVNR', 'value': '43 120593 K 046'}, 'picture': {'large': 'https://randomuser.me/api/portraits/men/76.jpg', 'medium': 'https://randomuser.me/api/portraits/med/men/76.jpg', 'thumbnail': 'https://randomuser.me/api/portraits/thumb/men/76.jpg'}, 'nat': 'DE'}], 'info': {'seed': '62aa3b5536b70403', 'results': 1, 'page': 1, 'version': '1.4'}}</msg>
<arg>${json_data}</arg>
<doc>Logs the given message with the given level.</doc>
<status status="PASS" start="2024-08-09T06:22:25.788184" elapsed="0.000206"/>
</kw>
<kw name="Dictionary Should Contain Key" owner="Collections">
<arg>${json_data}</arg>
<arg>results</arg>
<doc>Fails if ``key`` is not found from ``dictionary``.</doc>
<status status="PASS" start="2024-08-09T06:22:25.788677" elapsed="0.000156"/>
</kw>
<kw name="Should Not Be Empty" owner="BuiltIn">
<msg time="2024-08-09T06:22:25.789134" level="INFO">Length is 2.</msg>
<arg>${json_data}</arg>
<doc>Verifies that the given item is not empty.</doc>
<status status="PASS" start="2024-08-09T06:22:25.789012" elapsed="0.000159"/>
</kw>
<kw name="Create List" owner="BuiltIn">
<msg time="2024-08-09T06:22:25.789600" level="INFO">${expected_keys} = ['gender', 'name', 'location', 'email', 'login']</msg>
<var>${expected_keys}</var>
<arg>gender</arg>
<arg>name</arg>
<arg>location</arg>
<arg>email</arg>
<arg>login</arg>
<doc>Returns a list containing given items.</doc>
<status status="PASS" start="2024-08-09T06:22:25.789450" elapsed="0.000173"/>
</kw>
<for flavor="IN">
<iter>
<kw name="Dictionary Should Contain Key" owner="Collections">
<arg>${json_data['results'][0]}</arg>
<arg>${key}</arg>
<doc>Fails if ``key`` is not found from ``dictionary``.</doc>
<status status="PASS" start="2024-08-09T06:22:25.790211" elapsed="0.000404"/>
</kw>
<kw name="Log" owner="BuiltIn">
<msg time="2024-08-09T06:22:25.791158" level="INFO">{'gender': 'male', 'name': {'title': 'Mr', 'first': 'Reimund', 'last': 'Kammer'}, 'location': {'street': {'number': 1738, 'name': 'Königsberger Straße'}, 'city': 'Bad Hersfeld', 'state': 'Rheinland-Pfalz', 'country': 'Germany', 'postcode': 14124, 'coordinates': {'latitude': '-49.3523', 'longitude': '-11.9144'}, 'timezone': {'offset': '+3:30', 'description': 'Tehran'}}, 'email': 'reimund.kammer@example.com', 'login': {'uuid': 'c69290a0-f156-4328-9561-6d3c576f53e2', 'username': 'greenbutterfly489', 'password': 'funky', 'salt': '7gtBplGu', 'md5': 'bf213dfb8bf91de2f60723fa7b7c7f81', 'sha1': '7b797a733676bc7ae1756b1eb79980354ba7e7af', 'sha256': '7179bd9d4d2c256b32db44d8def38d1f0042ff501735c684c5cef169b599c59e'}, 'dob': {'date': '1993-05-12T18:21:51.200Z', 'age': 31}, 'registered': {'date': '2006-02-04T04:22:55.258Z', 'age': 18}, 'phone': '0344-9329120', 'cell': '0177-9554604', 'id': {'name': 'SVNR', 'value': '43 120593 K 046'}, 'picture': {'large': 'https://randomuser.me/api/portraits/men/76.jpg', 'medium': 'https://randomuser.me/api/portraits/med/men/76.jpg', 'thumbnail': 'https://randomuser.me/api/portraits/thumb/men/76.jpg'}, 'nat': 'DE'}</msg>
<arg>${json_data['results'][0]}</arg>
<doc>Logs the given message with the given level.</doc>
<status status="PASS" start="2024-08-09T06:22:25.790801" elapsed="0.000407"/>
</kw>
<kw name="Log" owner="BuiltIn">
<msg time="2024-08-09T06:22:25.791631" level="INFO">gender</msg>
<arg>${key}</arg>
<doc>Logs the given message with the given level.</doc>
<status status="PASS" start="2024-08-09T06:22:25.791504" elapsed="0.000165"/>
</kw>
<var name="${key}">gender</var>
<status status="PASS" start="2024-08-09T06:22:25.790088" elapsed="0.001792"/>
</iter>
<iter>
<kw name="Dictionary Should Contain Key" owner="Collections">
<arg>${json_data['results'][0]}</arg>
<arg>${key}</arg>
<doc>Fails if ``key`` is not found from ``dictionary``.</doc>
<status status="PASS" start="2024-08-09T06:22:25.792173" elapsed="0.000381"/>
</kw>
<kw name="Log" owner="BuiltIn">
<msg time="2024-08-09T06:22:25.793087" level="INFO">{'gender': 'male', 'name': {'title': 'Mr', 'first': 'Reimund', 'last': 'Kammer'}, 'location': {'street': {'number': 1738, 'name': 'Königsberger Straße'}, 'city': 'Bad Hersfeld', 'state': 'Rheinland-Pfalz', 'country': 'Germany', 'postcode': 14124, 'coordinates': {'latitude': '-49.3523', 'longitude': '-11.9144'}, 'timezone': {'offset': '+3:30', 'description': 'Tehran'}}, 'email': 'reimund.kammer@example.com', 'login': {'uuid': 'c69290a0-f156-4328-9561-6d3c576f53e2', 'username': 'greenbutterfly489', 'password': 'funky', 'salt': '7gtBplGu', 'md5': 'bf213dfb8bf91de2f60723fa7b7c7f81', 'sha1': '7b797a733676bc7ae1756b1eb79980354ba7e7af', 'sha256': '7179bd9d4d2c256b32db44d8def38d1f0042ff501735c684c5cef169b599c59e'}, 'dob': {'date': '1993-05-12T18:21:51.200Z', 'age': 31}, 'registered': {'date': '2006-02-04T04:22:55.258Z', 'age': 18}, 'phone': '0344-9329120', 'cell': '0177-9554604', 'id': {'name': 'SVNR', 'value': '43 120593 K 046'}, 'picture': {'large': 'https://randomuser.me/api/portraits/men/76.jpg', 'medium': 'https://randomuser.me/api/portraits/med/men/76.jpg', 'thumbnail': 'https://randomuser.me/api/portraits/thumb/men/76.jpg'}, 'nat': 'DE'}</msg>
<arg>${json_data['results'][0]}</arg>
<doc>Logs the given message with the given level.</doc>
<status status="PASS" start="2024-08-09T06:22:25.792734" elapsed="0.000433"/>
</kw>
<kw name="Log" owner="BuiltIn">
<msg time="2024-08-09T06:22:25.793606" level="INFO">name</msg>
<arg>${key}</arg>
<doc>Logs the given message with the given level.</doc>
<status status="PASS" start="2024-08-09T06:22:25.793477" elapsed="0.000165"/>
</kw>
<var name="${key}">name</var>
<status status="PASS" start="2024-08-09T06:22:25.792060" elapsed="0.001796"/>
</iter>
<iter>
<kw name="Dictionary Should Contain Key" owner="Collections">
<arg>${json_data['results'][0]}</arg>
<arg>${key}</arg>
<doc>Fails if ``key`` is not found from ``dictionary``.</doc>
<status status="PASS" start="2024-08-09T06:22:25.794187" elapsed="0.000381"/>
</kw>
<kw name="Log" owner="BuiltIn">
<msg time="2024-08-09T06:22:25.795090" level="INFO">{'gender': 'male', 'name': {'title': 'Mr', 'first': 'Reimund', 'last': 'Kammer'}, 'location': {'street': {'number': 1738, 'name': 'Königsberger Straße'}, 'city': 'Bad Hersfeld', 'state': 'Rheinland-Pfalz', 'country': 'Germany', 'postcode': 14124, 'coordinates': {'latitude': '-49.3523', 'longitude': '-11.9144'}, 'timezone': {'offset': '+3:30', 'description': 'Tehran'}}, 'email': 'reimund.kammer@example.com', 'login': {'uuid': 'c69290a0-f156-4328-9561-6d3c576f53e2', 'username': 'greenbutterfly489', 'password': 'funky', 'salt': '7gtBplGu', 'md5': 'bf213dfb8bf91de2f60723fa7b7c7f81', 'sha1': '7b797a733676bc7ae1756b1eb79980354ba7e7af', 'sha256': '7179bd9d4d2c256b32db44d8def38d1f0042ff501735c684c5cef169b599c59e'}, 'dob': {'date': '1993-05-12T18:21:51.200Z', 'age': 31}, 'registered': {'date': '2006-02-04T04:22:55.258Z', 'age': 18}, 'phone': '0344-9329120', 'cell': '0177-9554604', 'id': {'name': 'SVNR', 'value': '43 120593 K 046'}, 'picture': {'large': 'https://randomuser.me/api/portraits/men/76.jpg', 'medium': 'https://randomuser.me/api/portraits/med/men/76.jpg', 'thumbnail': 'https://randomuser.me/api/portraits/thumb/men/76.jpg'}, 'nat': 'DE'}</msg>
<arg>${json_data['results'][0]}</arg>
<doc>Logs the given message with the given level.</doc>
<status status="PASS" start="2024-08-09T06:22:25.794747" elapsed="0.000392"/>
</kw>
<kw name="Log" owner="BuiltIn">
<msg time="2024-08-09T06:22:25.795566" level="INFO">location</msg>
<arg>${key}</arg>
<doc>Logs the given message with the given level.</doc>
<status status="PASS" start="2024-08-09T06:22:25.795439" elapsed="0.000165"/>
</kw>
<var name="${key}">location</var>
<status status="PASS" start="2024-08-09T06:22:25.794077" elapsed="0.001739"/>
</iter>
<iter>
<kw name="Dictionary Should Contain Key" owner="Collections">
<arg>${json_data['results'][0]}</arg>
<arg>${key}</arg>
<doc>Fails if ``key`` is not found from ``dictionary``.</doc>
<status status="PASS" start="2024-08-09T06:22:25.796092" elapsed="0.000384"/>
</kw>
<kw name="Log" owner="BuiltIn">
<msg time="2024-08-09T06:22:25.797118" level="INFO">{'gender': 'male', 'name': {'title': 'Mr', 'first': 'Reimund', 'last': 'Kammer'}, 'location': {'street': {'number': 1738, 'name': 'Königsberger Straße'}, 'city': 'Bad Hersfeld', 'state': 'Rheinland-Pfalz', 'country': 'Germany', 'postcode': 14124, 'coordinates': {'latitude': '-49.3523', 'longitude': '-11.9144'}, 'timezone': {'offset': '+3:30', 'description': 'Tehran'}}, 'email': 'reimund.kammer@example.com', 'login': {'uuid': 'c69290a0-f156-4328-9561-6d3c576f53e2', 'username': 'greenbutterfly489', 'password': 'funky', 'salt': '7gtBplGu', 'md5': 'bf213dfb8bf91de2f60723fa7b7c7f81', 'sha1': '7b797a733676bc7ae1756b1eb79980354ba7e7af', 'sha256': '7179bd9d4d2c256b32db44d8def38d1f0042ff501735c684c5cef169b599c59e'}, 'dob': {'date': '1993-05-12T18:21:51.200Z', 'age': 31}, 'registered': {'date': '2006-02-04T04:22:55.258Z', 'age': 18}, 'phone': '0344-9329120', 'cell': '0177-9554604', 'id': {'name': 'SVNR', 'value': '43 120593 K 046'}, 'picture': {'large': 'https://randomuser.me/api/portraits/men/76.jpg', 'medium': 'https://randomuser.me/api/portraits/med/men/76.jpg', 'thumbnail': 'https://randomuser.me/api/portraits/thumb/men/76.jpg'}, 'nat': 'DE'}</msg>
<arg>${json_data['results'][0]}</arg>
<doc>Logs the given message with the given level.</doc>
<status status="PASS" start="2024-08-09T06:22:25.796762" elapsed="0.000415"/>
</kw>
<kw name="Log" owner="BuiltIn">
<msg time="2024-08-09T06:22:25.797602" level="INFO">email</msg>
<arg>${key}</arg>
<doc>Logs the given message with the given level.</doc>
<status status="PASS" start="2024-08-09T06:22:25.797471" elapsed="0.000169"/>
</kw>
<var name="${key}">email</var>
<status status="PASS" start="2024-08-09T06:22:25.795986" elapsed="0.001867"/>
</iter>
<iter>
<kw name="Dictionary Should Contain Key" owner="Collections">
<arg>${json_data['results'][0]}</arg>
<arg>${key}</arg>
<doc>Fails if ``key`` is not found from ``dictionary``.</doc>
<status status="PASS" start="2024-08-09T06:22:25.798178" elapsed="0.000374"/>
</kw>
<kw name="Log" owner="BuiltIn">
<msg time="2024-08-09T06:22:25.799073" level="INFO">{'gender': 'male', 'name': {'title': 'Mr', 'first': 'Reimund', 'last': 'Kammer'}, 'location': {'street': {'number': 1738, 'name': 'Königsberger Straße'}, 'city': 'Bad Hersfeld', 'state': 'Rheinland-Pfalz', 'country': 'Germany', 'postcode': 14124, 'coordinates': {'latitude': '-49.3523', 'longitude': '-11.9144'}, 'timezone': {'offset': '+3:30', 'description': 'Tehran'}}, 'email': 'reimund.kammer@example.com', 'login': {'uuid': 'c69290a0-f156-4328-9561-6d3c576f53e2', 'username': 'greenbutterfly489', 'password': 'funky', 'salt': '7gtBplGu', 'md5': 'bf213dfb8bf91de2f60723fa7b7c7f81', 'sha1': '7b797a733676bc7ae1756b1eb79980354ba7e7af', 'sha256': '7179bd9d4d2c256b32db44d8def38d1f0042ff501735c684c5cef169b599c59e'}, 'dob': {'date': '1993-05-12T18:21:51.200Z', 'age': 31}, 'registered': {'date': '2006-02-04T04:22:55.258Z', 'age': 18}, 'phone': '0344-9329120', 'cell': '0177-9554604', 'id': {'name': 'SVNR', 'value': '43 120593 K 046'}, 'picture': {'large': 'https://randomuser.me/api/portraits/men/76.jpg', 'medium': 'https://randomuser.me/api/portraits/med/men/76.jpg', 'thumbnail': 'https://randomuser.me/api/portraits/thumb/men/76.jpg'}, 'nat': 'DE'}</msg>
<arg>${json_data['results'][0]}</arg>
<doc>Logs the given message with the given level.</doc>
<status status="PASS" start="2024-08-09T06:22:25.798730" elapsed="0.000391"/>
</kw>
<kw name="Log" owner="BuiltIn">
<msg time="2024-08-09T06:22:25.799540" level="INFO">login</msg>
<arg>${key}</arg>
<doc>Logs the given message with the given level.</doc>
<status status="PASS" start="2024-08-09T06:22:25.799412" elapsed="0.000165"/>
</kw>
<var name="${key}">login</var>
<status status="PASS" start="2024-08-09T06:22:25.798069" elapsed="0.001718"/>
</iter>
<var>${key}</var>
<value>@{expected_keys}</value>
<status status="PASS" start="2024-08-09T06:22:25.789874" elapsed="0.010031"/>
</for>
<kw name="Create List" owner="BuiltIn">
<msg time="2024-08-09T06:22:25.800222" level="INFO">${expected_keysTwo} = ['username', 'password']</msg>
<var>${expected_keysTwo}</var>
<arg>username</arg>
<arg>password</arg>
<doc>Returns a list containing given items.</doc>
<status status="PASS" start="2024-08-09T06:22:25.800089" elapsed="0.000183"/>
</kw>
<for flavor="IN">
<iter>
<kw name="Dictionary Should Contain Key" owner="Collections">
<arg>${json_data['results'][0]['login']}</arg>
<arg>${keyTwo}</arg>
<doc>Fails if ``key`` is not found from ``dictionary``.</doc>
<status status="PASS" start="2024-08-09T06:22:25.800768" elapsed="0.000381"/>
</kw>
<kw name="Dictionary Should Contain Key" owner="Collections">
<arg>${json_data['results'][0]['login']}</arg>
<arg>${keyTwo}</arg>
<doc>Fails if ``key`` is not found from ``dictionary``.</doc>
<status status="PASS" start="2024-08-09T06:22:25.801326" elapsed="0.000371"/>
</kw>
<kw name="Log" owner="BuiltIn">
<msg time="2024-08-09T06:22:25.802015" level="INFO">username</msg>
<arg>${keyTwo}</arg>
<doc>Logs the given message with the given level.</doc>
<status status="PASS" start="2024-08-09T06:22:25.801874" elapsed="0.000187"/>
</kw>
<var name="${keyTwo}">username</var>
<status status="PASS" start="2024-08-09T06:22:25.800664" elapsed="0.001619"/>
</iter>
<iter>
<kw name="Dictionary Should Contain Key" owner="Collections">
<arg>${json_data['results'][0]['login']}</arg>
<arg>${keyTwo}</arg>
<doc>Fails if ``key`` is not found from ``dictionary``.</doc>
<status status="PASS" start="2024-08-09T06:22:25.802555" elapsed="0.000382"/>
</kw>
<kw name="Dictionary Should Contain Key" owner="Collections">
<arg>${json_data['results'][0]['login']}</arg>
<arg>${keyTwo}</arg>
<doc>Fails if ``key`` is not found from ``dictionary``.</doc>
<status status="PASS" start="2024-08-09T06:22:25.803114" elapsed="0.000363"/>
</kw>
<kw name="Log" owner="BuiltIn">
<msg time="2024-08-09T06:22:25.803768" level="INFO">password</msg>
<arg>${keyTwo}</arg>
<doc>Logs the given message with the given level.</doc>
<status status="PASS" start="2024-08-09T06:22:25.803651" elapsed="0.000153"/>
</kw>
<var name="${keyTwo}">password</var>
<status status="PASS" start="2024-08-09T06:22:25.802450" elapsed="0.001571"/>
</iter>
<var>${keyTwo}</var>
<value>@{expected_keysTwo}</value>
<status status="PASS" start="2024-08-09T06:22:25.800514" elapsed="0.003625"/>
</for>
<status status="PASS" start="2024-08-09T06:22:25.674180" elapsed="0.130094"/>
</kw>
<doc>Testa a estrutura da resposta da API.</doc>
<tag>testeEstruturaResposta</tag>
<status status="PASS" start="2024-08-09T06:22:25.673616" elapsed="0.130801"/>
</test>
<test id="s1-s1-t4" name="Validar tipos de dados" line="28">
<kw name="Teste de Tipos de Dados" owner="random-user-service">
<kw name="GET On Session" owner="RequestsLibrary">
<msg time="2024-08-09T06:22:25.888852" level="INFO">GET Request : url=https://randomuser.me/api 
 path_url=/api 
 headers={'User-Agent': 'python-requests/2.32.3', 'Accept-Encoding': 'gzip, deflate', 'Accept': '*/*', 'Connection': 'keep-alive'} 
 body=None 
 </msg>
<msg time="2024-08-09T06:22:25.888932" level="INFO">GET Response : url=https://randomuser.me/api 
 status=200, reason=OK 
 headers={'Date': 'Fri, 09 Aug 2024 06:22:25 GMT', 'Content-Type': 'application/json; charset=utf-8', 'Transfer-Encoding': 'chunked', 'Connection': 'keep-alive', 'X-Powered-By': 'Express', 'Access-Control-Allow-Origin': '*', 'Cache-Control': 'no-cache', 'ETag': 'W/"48e-nATqJdMNXWCQSdf4WUc6NwxU6Hg"', 'Vary': 'Accept-Encoding', 'Content-Encoding': 'gzip', 'CF-Cache-Status': 'DYNAMIC', 'Report-To': '{"endpoints":[{"url":"https:\\/\\/a.nel.cloudflare.com\\/report\\/v4?s=bk71h9%2FXSN6sxfMe6qoRhmTB88m04ei0U6BcDJ87CnaYeD%2FGJKimvJEzc9TKgRchW7eVdsPslj3PZcXqJ%2FR%2F5ZstjWp6bFMydvKA3U85PIFAvdJ60qGKyixseeEyEaee"}],"group":"cf-nel","max_age":604800}', 'NEL': '{"success_fraction":0,"report_to":"cf-nel","max_age":604800}', 'Server': 'cloudflare', 'CF-RAY': '8b05a6d349ae0603-IAD', 'alt-svc': 'h3=":443"; ma=86400'} 
 body={"results":[{"gender":"female","name":{"title":"Mrs","first":"Annabelle","last":"Cooper"},"location":{"street":{"number":3661,"name":"Trafalgar Street"},"city":"Hastings","state":"Nelson","country":"New Zealand","postcode":30360,"coordinates":{"latitude":"55.1518","longitude":"138.7674"},"timezone":{"offset":"+2:00","description":"Kaliningrad, South Africa"}},"email":"annabelle.cooper@example.com","login":{"uuid":"11885e57-3490-4e55-8d25-89da4cd2a157","username":"greenlion636","password":"beefcake","salt":"qKd6uws1","md5":"bbcf13351ca28c3f161f6d254dbf67e8","sha1":"7e361b47326032980a85419e0b99b7d40c12af3b","sha256":"21241a89d61b14717cda517e7f0c244e2d25e7b887836a32fc5c24143faadcc5"},"dob":{"date":"1990-12-10T21:07:49.726Z","age":33},"registered":{"date":"2015-04-27T09:07:10.869Z","age":9},"phone":"(781)-603-4063","cell":"(210)-818-2985","id":{"name":"","value":null},"picture":{"large":"https://randomuser.me/api/portraits/women/24.jpg","medium":"https://randomuser.me/api/portraits/med/women/24.jpg","thumbnail":"https://randomuser.me/api/portraits/thumb/women/24.jpg"},"nat":"NZ"}],"info":{"seed":"b801430120f13383","results":1,"page":1,"version":"1.4"}} 
 </msg>
<msg time="2024-08-09T06:22:25.889001" level="INFO">/opt/hostedtoolcache/Python/3.12.4/x64/lib/python3.12/site-packages/urllib3/connectionpool.py:1099: InsecureRequestWarning: Unverified HTTPS request is being made to host 'randomuser.me'. Adding certificate verification is strongly advised. See: https://urllib3.readthedocs.io/en/latest/advanced-usage.html#tls-warnings
  warnings.warn(</msg>
<msg time="2024-08-09T06:22:25.889136" level="INFO">${response} = &lt;Response [200]&gt;</msg>
<var>${response}</var>
<arg>consultarAPI</arg>
<arg>/api</arg>
<doc>Sends a GET request on a previously created HTTP Session.</doc>
<status status="PASS" start="2024-08-09T06:22:25.806765" elapsed="0.082426"/>
</kw>
<kw name="Set Variable" owner="BuiltIn">
<msg time="2024-08-09T06:22:25.890284" level="INFO">${json_data} = {'results': [{'gender': 'female', 'name': {'title': 'Mrs', 'first': 'Annabelle', 'last': 'Cooper'}, 'location': {'street': {'number': 3661, 'name': 'Trafalgar Street'}, 'city': 'Hastings', 'state': 'N...</msg>
<var>${json_data}</var>
<arg>${response.json()}</arg>
<doc>Returns the given values which can then be assigned to a variables.</doc>
<status status="PASS" start="2024-08-09T06:22:25.889674" elapsed="0.000637"/>
</kw>
<kw name="Log" owner="BuiltIn">
<msg time="2024-08-09T06:22:25.890755" level="INFO">{'results': [{'gender': 'female', 'name': {'title': 'Mrs', 'first': 'Annabelle', 'last': 'Cooper'}, 'location': {'street': {'number': 3661, 'name': 'Trafalgar Street'}, 'city': 'Hastings', 'state': 'Nelson', 'country': 'New Zealand', 'postcode': 30360, 'coordinates': {'latitude': '55.1518', 'longitude': '138.7674'}, 'timezone': {'offset': '+2:00', 'description': 'Kaliningrad, South Africa'}}, 'email': 'annabelle.cooper@example.com', 'login': {'uuid': '11885e57-3490-4e55-8d25-89da4cd2a157', 'username': 'greenlion636', 'password': 'beefcake', 'salt': 'qKd6uws1', 'md5': 'bbcf13351ca28c3f161f6d254dbf67e8', 'sha1': '7e361b47326032980a85419e0b99b7d40c12af3b', 'sha256': '21241a89d61b14717cda517e7f0c244e2d25e7b887836a32fc5c24143faadcc5'}, 'dob': {'date': '1990-12-10T21:07:49.726Z', 'age': 33}, 'registered': {'date': '2015-04-27T09:07:10.869Z', 'age': 9}, 'phone': '(781)-603-4063', 'cell': '(210)-818-2985', 'id': {'name': '', 'value': None}, 'picture': {'large': 'https://randomuser.me/api/portraits/women/24.jpg', 'medium': 'https://randomuser.me/api/portraits/med/women/24.jpg', 'thumbnail': 'https://randomuser.me/api/portraits/thumb/women/24.jpg'}, 'nat': 'NZ'}], 'info': {'seed': 'b801430120f13383', 'results': 1, 'page': 1, 'version': '1.4'}}</msg>
<arg>${json_data}</arg>
<doc>Logs the given message with the given level.</doc>
<status status="PASS" start="2024-08-09T06:22:25.890607" elapsed="0.000197"/>
</kw>
<kw name="Should Be String" owner="String">
<arg>${json_data['results'][0]['gender']}</arg>
<doc>Fails if the given ``item`` is not a string.</doc>
<status status="PASS" start="2024-08-09T06:22:25.891092" elapsed="0.000353"/>
</kw>
<kw name="Should Match Regexp" owner="BuiltIn">
<arg>${json_data['results'][0]['email']}</arg>
<arg>^[a-zA-Z0-9._%+-]+@[a-zA-Z0-9.-]+\.[a-zA-Z]{2,}$</arg>
<doc>Fails if ``string`` does not match ``pattern`` as a regular expression.</doc>
<status status="PASS" start="2024-08-09T06:22:25.891635" elapsed="0.000520"/>
</kw>
<kw name="Should Match Regexp" owner="BuiltIn">
<arg>${json_data['results'][0]['dob']['date']}</arg>
<arg>\\d{4}-\\d{2}-\\d{2}T\\d{2}:\\d{2}:\\d{2}\\.\\d{3}Z</arg>
<doc>Fails if ``string`` does not match ``pattern`` as a regular expression.</doc>
<status status="PASS" start="2024-08-09T06:22:25.892344" elapsed="0.000578"/>
</kw>
<kw name="Should Match Regexp" owner="BuiltIn">
<arg>${json_data['results'][0]['registered']['date']}</arg>
<arg>\\d{4}-\\d{2}-\\d{2}T\\d{2}:\\d{2}:\\d{2}\\.\\d{3}Z</arg>
<doc>Fails if ``string`` does not match ``pattern`` as a regular expression.</doc>
<status status="PASS" start="2024-08-09T06:22:25.893111" elapsed="0.000368"/>
</kw>
<kw name="Should Match Regexp" owner="BuiltIn">
<arg>${json_data['results'][0]['picture']['large']}</arg>
<arg>^https?://.*\.(?:png|jpe?g|gif|bmp)$</arg>
<doc>Fails if ``string`` does not match ``pattern`` as a regular expression.</doc>
<status status="PASS" start="2024-08-09T06:22:25.893661" elapsed="0.000492"/>
</kw>
<kw name="Should Match Regexp" owner="BuiltIn">
<arg>${json_data['results'][0]['picture']['medium']}</arg>
<arg>^https?://.*\.(?:png|jpe?g|gif|bmp)$</arg>
<doc>Fails if ``string`` does not match ``pattern`` as a regular expression.</doc>
<status status="PASS" start="2024-08-09T06:22:25.894344" elapsed="0.000362"/>
</kw>
<kw name="Should Match Regexp" owner="BuiltIn">
<arg>${json_data['results'][0]['picture']['thumbnail']}</arg>
<arg>^https?://.*\.(?:png|jpe?g|gif|bmp)$</arg>
<doc>Fails if ``string`` does not match ``pattern`` as a regular expression.</doc>
<status status="PASS" start="2024-08-09T06:22:25.894885" elapsed="0.000347"/>
</kw>
<kw name="Log" owner="BuiltIn">
<msg time="2024-08-09T06:22:25.895731" level="INFO">{'large': 'https://randomuser.me/api/portraits/women/24.jpg', 'medium': 'https://randomuser.me/api/portraits/med/women/24.jpg', 'thumbnail': 'https://randomuser.me/api/portraits/thumb/women/24.jpg'}</msg>
<arg>${json_data['results'][0]['picture']}</arg>
<doc>Logs the given message with the given level.</doc>
<status status="PASS" start="2024-08-09T06:22:25.895412" elapsed="0.000361"/>
</kw>
<status status="PASS" start="2024-08-09T06:22:25.806554" elapsed="0.089470"/>
</kw>
<kw name="Teste de Tipos de Dados - Postcode" owner="random-user-service">
<kw name="GET On Session" owner="RequestsLibrary">
<msg time="2024-08-09T06:22:25.958667" level="INFO">GET Request : url=https://randomuser.me/api 
 path_url=/api 
 headers={'User-Agent': 'python-requests/2.32.3', 'Accept-Encoding': 'gzip, deflate', 'Accept': '*/*', 'Connection': 'keep-alive'} 
 body=None 
 </msg>
<msg time="2024-08-09T06:22:25.958746" level="INFO">GET Response : url=https://randomuser.me/api 
 status=200, reason=OK 
 headers={'Date': 'Fri, 09 Aug 2024 06:22:25 GMT', 'Content-Type': 'application/json; charset=utf-8', 'Transfer-Encoding': 'chunked', 'Connection': 'keep-alive', 'X-Powered-By': 'Express', 'Access-Control-Allow-Origin': '*', 'Cache-Control': 'no-cache', 'ETag': 'W/"499-jAlvFRwc4Uo0TSzwsN8lsFwDibo"', 'Vary': 'Accept-Encoding', 'Content-Encoding': 'gzip', 'CF-Cache-Status': 'DYNAMIC', 'Report-To': '{"endpoints":[{"url":"https:\\/\\/a.nel.cloudflare.com\\/report\\/v4?s=5VHhQQDdVGTpni8YUpJn%2B7ThxIHyrD28Q7xugXgAN9QvjPeZ4lgCVsSDgIUl341HsYRIgM8Ef1o1m%2FVR0QPJ6tzjJCDRjWw8eZUHMj1HVmX6OteLgZ46f%2BfWUuoRYHfm"}],"group":"cf-nel","max_age":604800}', 'NEL': '{"success_fraction":0,"report_to":"cf-nel","max_age":604800}', 'Server': 'cloudflare', 'CF-RAY': '8b05a6d3da180603-IAD', 'alt-svc': 'h3=":443"; ma=86400'} 
 body={"results":[{"gender":"female","name":{"title":"Mrs","first":"Praneetha","last":"Hiremath"},"location":{"street":{"number":7709,"name":"Shanmugham Rd"},"city":"Buxar","state":"Kerala","country":"India","postcode":34296,"coordinates":{"latitude":"12.1137","longitude":"98.8859"},"timezone":{"offset":"-3:00","description":"Brazil, Buenos Aires, Georgetown"}},"email":"praneetha.hiremath@example.com","login":{"uuid":"85a5cd38-42a9-4769-a3f4-104867733cb5","username":"crazybutterfly128","password":"whiteout","salt":"lPJDALNp","md5":"99bc2207efcb195d44159e4c5b6340f9","sha1":"03d3f5d937a39f92ec91c16ee76ceb98985475e0","sha256":"1e52364c097eacbd048b7e147a283265a417564ddc513bbea0e44ab245e3a675"},"dob":{"date":"1960-05-13T05:54:53.549Z","age":64},"registered":{"date":"2012-08-08T02:16:58.367Z","age":12},"phone":"8422873648","cell":"7521858326","id":{"name":"UIDAI","value":"252758251318"},"picture":{"large":"https://randomuser.me/api/portraits/women/39.jpg","medium":"https://randomuser.me/api/portraits/med/women/39.jpg","thumbnail":"https://randomuser.me/api/portraits/thumb/women/39.jpg"},"nat":"IN"}],"info":{"seed":"b5bec9ff5fbf5684","results":1,"page":1,"version":"1.4"}} 
 </msg>
<msg time="2024-08-09T06:22:25.958797" level="INFO">/opt/hostedtoolcache/Python/3.12.4/x64/lib/python3.12/site-packages/urllib3/connectionpool.py:1099: InsecureRequestWarning: Unverified HTTPS request is being made to host 'randomuser.me'. Adding certificate verification is strongly advised. See: https://urllib3.readthedocs.io/en/latest/advanced-usage.html#tls-warnings
  warnings.warn(</msg>
<msg time="2024-08-09T06:22:25.958896" level="INFO">${response} = &lt;Response [200]&gt;</msg>
<var>${response}</var>
<arg>consultarAPI</arg>
<arg>/api</arg>
<doc>Sends a GET request on a previously created HTTP Session.</doc>
<status status="PASS" start="2024-08-09T06:22:25.896440" elapsed="0.062501"/>
</kw>
<kw name="Set Variable" owner="BuiltIn">
<msg time="2024-08-09T06:22:25.959733" level="INFO">${json_data} = {'results': [{'gender': 'female', 'name': {'title': 'Mrs', 'first': 'Praneetha', 'last': 'Hiremath'}, 'location': {'street': {'number': 7709, 'name': 'Shanmugham Rd'}, 'city': 'Buxar', 'state': 'Keral...</msg>
<var>${json_data}</var>
<arg>${response.json()}</arg>
<doc>Returns the given values which can then be assigned to a variables.</doc>
<status status="PASS" start="2024-08-09T06:22:25.959292" elapsed="0.000468"/>
</kw>
<kw name="Log" owner="BuiltIn">
<msg time="2024-08-09T06:22:25.960206" level="INFO">{'results': [{'gender': 'female', 'name': {'title': 'Mrs', 'first': 'Praneetha', 'last': 'Hiremath'}, 'location': {'street': {'number': 7709, 'name': 'Shanmugham Rd'}, 'city': 'Buxar', 'state': 'Kerala', 'country': 'India', 'postcode': 34296, 'coordinates': {'latitude': '12.1137', 'longitude': '98.8859'}, 'timezone': {'offset': '-3:00', 'description': 'Brazil, Buenos Aires, Georgetown'}}, 'email': 'praneetha.hiremath@example.com', 'login': {'uuid': '85a5cd38-42a9-4769-a3f4-104867733cb5', 'username': 'crazybutterfly128', 'password': 'whiteout', 'salt': 'lPJDALNp', 'md5': '99bc2207efcb195d44159e4c5b6340f9', 'sha1': '03d3f5d937a39f92ec91c16ee76ceb98985475e0', 'sha256': '1e52364c097eacbd048b7e147a283265a417564ddc513bbea0e44ab245e3a675'}, 'dob': {'date': '1960-05-13T05:54:53.549Z', 'age': 64}, 'registered': {'date': '2012-08-08T02:16:58.367Z', 'age': 12}, 'phone': '8422873648', 'cell': '7521858326', 'id': {'name': 'UIDAI', 'value': '252758251318'}, 'picture': {'large': 'https://randomuser.me/api/portraits/women/39.jpg', 'medium': 'https://randomuser.me/api/portraits/med/women/39.jpg', 'thumbnail': 'https://randomuser.me/api/portraits/thumb/women/39.jpg'}, 'nat': 'IN'}], 'info': {'seed': 'b5bec9ff5fbf5684', 'results': 1, 'page': 1, 'version': '1.4'}}</msg>
<arg>${json_data}</arg>
<doc>Logs the given message with the given level.</doc>
<status status="PASS" start="2024-08-09T06:22:25.960057" elapsed="0.000194"/>
</kw>
<kw name="Should Be Equal As Numbers" owner="BuiltIn">
<arg>${json_data['results'][0]['location']['postcode']}</arg>
<arg>${json_data['results'][0]['location']['postcode']}</arg>
<doc>Fails if objects are unequal after converting them to real numbers.</doc>
<status status="PASS" start="2024-08-09T06:22:25.960537" elapsed="0.000608"/>
</kw>
<kw name="Log" owner="BuiltIn">
<msg time="2024-08-09T06:22:25.961665" level="INFO">34296</msg>
<arg>${json_data['results'][0]['location']['postcode']}</arg>
<doc>Logs the given message with the given level.</doc>
<status status="PASS" start="2024-08-09T06:22:25.961330" elapsed="0.000375"/>
</kw>
<status status="PASS" start="2024-08-09T06:22:25.896228" elapsed="0.065770"/>
</kw>
<doc>Testa se os tipos de dados na resposta da API estão corretos.</doc>
<tag>testeTiposDados</tag>
<status status="PASS" start="2024-08-09T06:22:25.806135" elapsed="0.156030"/>
</test>
<test id="s1-s1-t5" name="Validar conteudo" line="35">
<kw name="Teste de Tipos de Conteudo" owner="random-user-service">
<kw name="GET On Session" owner="RequestsLibrary">
<msg time="2024-08-09T06:22:26.112630" level="INFO">GET Request : url=https://randomuser.me/api 
 path_url=/api 
 headers={'User-Agent': 'python-requests/2.32.3', 'Accept-Encoding': 'gzip, deflate', 'Accept': '*/*', 'Connection': 'keep-alive'} 
 body=None 
 </msg>
<msg time="2024-08-09T06:22:26.112715" level="INFO">GET Response : url=https://randomuser.me/api 
 status=200, reason=OK 
 headers={'Date': 'Fri, 09 Aug 2024 06:22:26 GMT', 'Content-Type': 'application/json; charset=utf-8', 'Transfer-Encoding': 'chunked', 'Connection': 'keep-alive', 'X-Powered-By': 'Express', 'Access-Control-Allow-Origin': '*', 'Cache-Control': 'no-cache', 'ETag': 'W/"494-wZXL8CHcBfrJIvuc5cSJ9JJuUs0"', 'Vary': 'Accept-Encoding', 'Content-Encoding': 'gzip', 'CF-Cache-Status': 'DYNAMIC', 'Report-To': '{"endpoints":[{"url":"https:\\/\\/a.nel.cloudflare.com\\/report\\/v4?s=5bErILp2mRNDFpoh7RntK9y1ORld13RbElNLWzQQokXpKF6Ouep3bPYFmDDg7Knhv2lgtIV4QIj4uACerDiI7%2BoVZKd1g5bpI6TQhf3Ib5JPKGl717pfBgCj8ejFHrcI"}],"group":"cf-nel","max_age":604800}', 'NEL': '{"success_fraction":0,"report_to":"cf-nel","max_age":604800}', 'Server': 'cloudflare', 'CF-RAY': '8b05a6d44a590603-IAD', 'alt-svc': 'h3=":443"; ma=86400'} 
 body={"results":[{"gender":"male","name":{"title":"Mr","first":"Roméo","last":"Martin"},"location":{"street":{"number":8347,"name":"Rue des Écoles"},"city":"Nancy","state":"Aude","country":"France","postcode":72204,"coordinates":{"latitude":"-15.2801","longitude":"-15.2210"},"timezone":{"offset":"-5:00","description":"Eastern Time (US &amp; Canada), Bogota, Lima"}},"email":"romeo.martin@example.com","login":{"uuid":"da3db81b-28f4-4d0c-b785-7e612b43f695","username":"orangegoose548","password":"hohoho","salt":"kI0r1bWC","md5":"ca12ef0a208cecdfa92dedc0641ec363","sha1":"a36e9c4f0d0bdf94a8796adc507302bc347a9d7a","sha256":"434577c867818e1afa1d075cfebd6ad1f602a8ed0d02e631030be8971a5d6b2f"},"dob":{"date":"1996-04-24T06:38:04.114Z","age":28},"registered":{"date":"2010-10-15T07:56:15.935Z","age":13},"phone":"01-72-29-35-31","cell":"06-27-70-91-36","id":{"name":"INSEE","value":"1960361075007 23"},"picture":{"large":"https://randomuser.me/api/portraits/men/7.jpg","medium":"https://randomuser.me/api/portraits/med/men/7.jpg","thumbnail":"https://randomuser.me/api/portraits/thumb/men/7.jpg"},"nat":"FR"}],"info":{"seed":"37f06589690a7e8b","results":1,"page":1,"version":"1.4"}} 
 </msg>
<msg time="2024-08-09T06:22:26.112790" level="INFO">/opt/hostedtoolcache/Python/3.12.4/x64/lib/python3.12/site-packages/urllib3/connectionpool.py:1099: InsecureRequestWarning: Unverified HTTPS request is being made to host 'randomuser.me'. Adding certificate verification is strongly advised. See: https://urllib3.readthedocs.io/en/latest/advanced-usage.html#tls-warnings
  warnings.warn(</msg>
<msg time="2024-08-09T06:22:26.112927" level="INFO">${response} = &lt;Response [200]&gt;</msg>
<var>${response}</var>
<arg>consultarAPI</arg>
<arg>/api</arg>
<doc>Sends a GET request on a previously created HTTP Session.</doc>
<status status="PASS" start="2024-08-09T06:22:25.964472" elapsed="0.148513"/>
</kw>
<kw name="Set Variable" owner="BuiltIn">
<msg time="2024-08-09T06:22:26.113803" level="INFO">${json_data} = {'results': [{'gender': 'male', 'name': {'title': 'Mr', 'first': 'Roméo', 'last': 'Martin'}, 'location': {'street': {'number': 8347, 'name': 'Rue des Écoles'}, 'city': 'Nancy', 'state': 'Aude', 'count...</msg>
<var>${json_data}</var>
<arg>${response.json()}</arg>
<doc>Returns the given values which can then be assigned to a variables.</doc>
<status status="PASS" start="2024-08-09T06:22:26.113350" elapsed="0.000482"/>
</kw>
<kw name="Set Variable" owner="BuiltIn">
<msg time="2024-08-09T06:22:26.114550" level="INFO">${name_title} = Mr</msg>
<var>${name_title}</var>
<arg>${json_data["results"][0]["name"]["title"]}</arg>
<doc>Returns the given values which can then be assigned to a variables.</doc>
<status status="PASS" start="2024-08-09T06:22:26.114167" elapsed="0.000409"/>
</kw>
<kw name="Create List" owner="BuiltIn">
<msg time="2024-08-09T06:22:26.115017" level="INFO">${allowed_titles} = ['Mr', 'Ms', 'Miss', 'Mrs', 'Madame', 'Monsieur']</msg>
<var>${allowed_titles}</var>
<arg>Mr</arg>
<arg>Ms</arg>
<arg>Miss</arg>
<arg>Mrs</arg>
<arg>Madame</arg>
<arg>Monsieur</arg>
<doc>Returns a list containing given items.</doc>
<status status="PASS" start="2024-08-09T06:22:26.114867" elapsed="0.000174"/>
</kw>
<kw name="List Should Contain Value" owner="Collections">
<arg>${allowed_titles}</arg>
<arg>${name_title}</arg>
<doc>Fails if the ``value`` is not found from ``list``.</doc>
<status status="PASS" start="2024-08-09T06:22:26.115333" elapsed="0.000170"/>
</kw>
<kw name="Set Variable" owner="BuiltIn">
<msg time="2024-08-09T06:22:26.116057" level="INFO">${name_country} = FR</msg>
<var>${name_country}</var>
<arg>${json_data["results"][0]["nat"]}</arg>
<doc>Returns the given values which can then be assigned to a variables.</doc>
<status status="PASS" start="2024-08-09T06:22:26.115683" elapsed="0.000399"/>
</kw>
<kw name="Create List" owner="BuiltIn">
<msg time="2024-08-09T06:22:26.116967" level="INFO">${list_country} = ['AD', 'AE', 'AF', 'AG', 'AI', 'AL', 'AM', 'AO', 'AQ', 'AR', 'AS', 'AT', 'AU', 'AW', 'AX', 'AZ', 'BA', 'BB', 'BD', 'BE', 'BF', 'BG', 'BH', 'BI', 'BJ', 'BL', 'BM', 'BN', 'BO', 'BQ', 'BR', 'BS', 'BT', '...</msg>
<var>${list_country}</var>
<arg>AD</arg>
<arg>AE</arg>
<arg>AF</arg>
<arg>AG</arg>
<arg>AI</arg>
<arg>AL</arg>
<arg>AM</arg>
<arg>AO</arg>
<arg>AQ</arg>
<arg>AR</arg>
<arg>AS</arg>
<arg>AT</arg>
<arg>AU</arg>
<arg>AW</arg>
<arg>AX</arg>
<arg>AZ</arg>
<arg>BA</arg>
<arg>BB</arg>
<arg>BD</arg>
<arg>BE</arg>
<arg>BF</arg>
<arg>BG</arg>
<arg>BH</arg>
<arg>BI</arg>
<arg>BJ</arg>
<arg>BL</arg>
<arg>BM</arg>
<arg>BN</arg>
<arg>BO</arg>
<arg>BQ</arg>
<arg>BR</arg>
<arg>BS</arg>
<arg>BT</arg>
<arg>BV</arg>
<arg>BW</arg>
<arg>BY</arg>
<arg>BZ</arg>
<arg>CA</arg>
<arg>CC</arg>
<arg>CD</arg>
<arg>CF</arg>
<arg>CG</arg>
<arg>CH</arg>
<arg>CI</arg>
<arg>CK</arg>
<arg>CL</arg>
<arg>CM</arg>
<arg>CN</arg>
<arg>CO</arg>
<arg>CR</arg>
<arg>CU</arg>
<arg>CV</arg>
<arg>CW</arg>
<arg>CX</arg>
<arg>CY</arg>
<arg>CZ</arg>
<arg>DE</arg>
<arg>DJ</arg>
<arg>DK</arg>
<arg>DM</arg>
<arg>DO</arg>
<arg>DZ</arg>
<arg>EC</arg>
<arg>EE</arg>
<arg>EG</arg>
<arg>EH</arg>
<arg>ER</arg>
<arg>ES</arg>
<arg>ET</arg>
<arg>FI</arg>
<arg>FJ</arg>
<arg>FK</arg>
<arg>FM</arg>
<arg>FO</arg>
<arg>FR</arg>
<arg>GA</arg>
<arg>GB</arg>
<arg>GD</arg>
<arg>GE</arg>
<arg>GF</arg>
<arg>GG</arg>
<arg>GH</arg>
<arg>GI</arg>
<arg>GL</arg>
<arg>GM</arg>
<arg>GN</arg>
<arg>GP</arg>
<arg>GQ</arg>
<arg>GR</arg>
<arg>GS</arg>
<arg>GT</arg>
<arg>GU</arg>
<arg>GW</arg>
<arg>GY</arg>
<arg>HK</arg>
<arg>HM</arg>
<arg>HN</arg>
<arg>HR</arg>
<arg>HT</arg>
<arg>HU</arg>
<arg>ID</arg>
<arg>IE</arg>
<arg>IL</arg>
<arg>IM</arg>
<arg>IN</arg>
<arg>IO</arg>
<arg>IQ</arg>
<arg>IR</arg>
<arg>IS</arg>
<arg>IT</arg>
<arg>JE</arg>
<arg>JM</arg>
<arg>JO</arg>
<arg>JP</arg>
<arg>KE</arg>
<arg>KG</arg>
<arg>KH</arg>
<arg>KI</arg>
<arg>KM</arg>
<arg>KN</arg>
<arg>KP</arg>
<arg>KR</arg>
<arg>KW</arg>
<arg>KY</arg>
<arg>KZ</arg>
<arg>LA</arg>
<arg>LB</arg>
<arg>LC</arg>
<arg>LI</arg>
<arg>LK</arg>
<arg>LR</arg>
<arg>LS</arg>
<arg>LT</arg>
<arg>LU</arg>
<arg>LV</arg>
<arg>LY</arg>
<arg>MA</arg>
<arg>MC</arg>
<arg>MD</arg>
<arg>ME</arg>
<arg>MF</arg>
<arg>MG</arg>
<arg>MH</arg>
<arg>MK</arg>
<arg>ML</arg>
<arg>MM</arg>
<arg>MN</arg>
<arg>MO</arg>
<arg>MP</arg>
<arg>MQ</arg>
<arg>MR</arg>
<arg>MS</arg>
<arg>MT</arg>
<arg>MU</arg>
<arg>MV</arg>
<arg>MW</arg>
<arg>MX</arg>
<arg>MY</arg>
<arg>MZ</arg>
<arg>NA</arg>
<arg>NC</arg>
<arg>NE</arg>
<arg>NF</arg>
<arg>NG</arg>
<arg>NI</arg>
<arg>NL</arg>
<arg>NO</arg>
<arg>NP</arg>
<arg>NR</arg>
<arg>NU</arg>
<arg>NZ</arg>
<arg>OM</arg>
<arg>PA</arg>
<arg>PE</arg>
<arg>PF</arg>
<arg>PG</arg>
<arg>PH</arg>
<arg>PK</arg>
<arg>PL</arg>
<arg>PM</arg>
<arg>PN</arg>
<arg>PR</arg>
<arg>PS</arg>
<arg>PT</arg>
<arg>PW</arg>
<arg>PY</arg>
<arg>QA</arg>
<arg>RE</arg>
<arg>RO</arg>
<arg>RS</arg>
<arg>RU</arg>
<arg>RW</arg>
<arg>SA</arg>
<arg>SB</arg>
<arg>SC</arg>
<arg>SD</arg>
<arg>SE</arg>
<arg>SG</arg>
<arg>SH</arg>
<arg>SI</arg>
<arg>SJ</arg>
<arg>SK</arg>
<arg>SL</arg>
<arg>SM</arg>
<arg>SN</arg>
<arg>SO</arg>
<arg>SR</arg>
<arg>SS</arg>
<arg>ST</arg>
<arg>SV</arg>
<arg>SX</arg>
<arg>SY</arg>
<arg>SZ</arg>
<arg>TC</arg>
<arg>TD</arg>
<arg>TF</arg>
<arg>TG</arg>
<arg>TH</arg>
<arg>TJ</arg>
<arg>TK</arg>
<arg>TL</arg>
<arg>TM</arg>
<arg>TN</arg>
<arg>TO</arg>
<arg>TR</arg>
<arg>TT</arg>
<arg>TV</arg>
<arg>TW</arg>
<arg>TZ</arg>
<arg>UA</arg>
<arg>UG</arg>
<arg>UM</arg>
<arg>US</arg>
<arg>UY</arg>
<arg>UZ</arg>
<arg>VA</arg>
<arg>VC</arg>
<arg>VE</arg>
<arg>VG</arg>
<arg>VI</arg>
<arg>VN</arg>
<arg>VU</arg>
<arg>WF</arg>
<arg>WS</arg>
<arg>XK</arg>
<arg>YE</arg>
<arg>YT</arg>
<arg>ZA</arg>
<arg>ZM</arg>
<arg>ZW</arg>
<doc>Returns a list containing given items.</doc>
<status status="PASS" start="2024-08-09T06:22:26.116370" elapsed="0.000624"/>
</kw>
<kw name="List Should Contain Value" owner="Collections">
<arg>${list_country}</arg>
<arg>${name_country}</arg>
<doc>Fails if the ``value`` is not found from ``list``.</doc>
<status status="PASS" start="2024-08-09T06:22:26.117915" elapsed="0.000240"/>
</kw>
<kw name="Run Keyword If" owner="BuiltIn">
<kw name="Should Be True" owner="BuiltIn">
<arg>${True}</arg>
<doc>Fails if the given condition is not true.</doc>
<status status="PASS" start="2024-08-09T06:22:26.119081" elapsed="0.000141"/>
</kw>
<arg>${json_data["results"][0]["location"]["coordinates"]["latitude"]} &gt;= -90 and ${json_data["results"][0]["location"]["coordinates"]["latitude"]} &lt;= 90</arg>
<arg>Should Be True</arg>
<arg>${True}</arg>
<doc>Runs the given keyword with the given arguments, if ``condition`` is true.</doc>
<status status="PASS" start="2024-08-09T06:22:26.118350" elapsed="0.000998"/>
</kw>
<kw name="Run Keyword If" owner="BuiltIn">
<kw name="Should Be True" owner="BuiltIn">
<arg>${True}</arg>
<doc>Fails if the given condition is not true.</doc>
<status status="PASS" start="2024-08-09T06:22:26.120208" elapsed="0.000137"/>
</kw>
<arg>${json_data["results"][0]["location"]["coordinates"]["longitude"]} &gt;= -180 and ${json_data["results"][0]["location"]["coordinates"]["longitude"]} &lt;= 180</arg>
<arg>Should Be True</arg>
<arg>${True}</arg>
<doc>Runs the given keyword with the given arguments, if ``condition`` is true.</doc>
<status status="PASS" start="2024-08-09T06:22:26.119525" elapsed="0.000941"/>
</kw>
<status status="PASS" start="2024-08-09T06:22:25.964260" elapsed="0.156331"/>
</kw>
<doc>Testa o conteúdo específico dos campos retornados pela API.</doc>
<tag>testeConteudo</tag>
<status status="PASS" start="2024-08-09T06:22:25.963848" elapsed="0.156884"/>
</test>
<status status="PASS" start="2024-08-09T06:22:25.161329" elapsed="0.961324"/>
</suite>
<status status="PASS" start="2024-08-09T06:22:25.147282" elapsed="0.980264"/>
</suite>
<statistics>
<total>
<stat pass="5" fail="0" skip="0">All Tests</stat>
</total>
<tag>
<stat pass="1" fail="0" skip="0">testeConteudo</stat>
<stat pass="1" fail="0" skip="0">testeEstruturaResposta</stat>
<stat pass="1" fail="0" skip="0">testeRequisicaoBasica</stat>
<stat pass="1" fail="0" skip="0">testeTiposDados</stat>
</tag>
<suite>
<stat pass="5" fail="0" skip="0" id="s1" name="Tests">Tests</stat>
<stat pass="5" fail="0" skip="0" id="s1-s1" name="Random-User-Test">Tests.Random-User-Test</stat>
</suite>
</statistics>
<errors>
</errors>
</robot>
