<?xml version="1.0" encoding="UTF-8"?>
<robot generator="Robot 7.0.1 (Python 3.12.4 on linux)" generated="2024-07-04T01:06:29.811479" rpa="false" schemaversion="5">
<suite id="s1" name="Tests" source="/home/runner/work/ApiRandomUser/ApiRandomUser/RamdonUser/tests">
<suite id="s1-s1" name="Random-User-Test" source="/home/runner/work/ApiRandomUser/ApiRandomUser/RamdonUser/tests/random-user-test.robot">
<test id="s1-s1-t1" name="Conectar" line="13">
<kw name="Conectar API" owner="random-user-service">
<kw name="Create Session" owner="RequestsLibrary">
<msg time="2024-07-04T01:06:30.271432" level="INFO">Creating Session using : alias=consultarAPI, url=https://randomuser.me/, headers={},                     cookies={}, auth=None, timeout=None, proxies=None, verify=False,                     debug=0 </msg>
<arg>consultarAPI</arg>
<arg>${URL}</arg>
<doc>Create Session: create a HTTP session to a server</doc>
<status status="PASS" start="2024-07-04T01:06:30.271180" elapsed="0.000448"/>
</kw>
<status status="PASS" start="2024-07-04T01:06:30.270141" elapsed="0.001961"/>
</kw>
<status status="PASS" start="2024-07-04T01:06:30.269391" elapsed="0.003033"/>
</test>
<test id="s1-s1-t2" name="Validar retorno 200 e JSON Válido" line="16">
<kw name="Teste de Requisicao Basica" owner="random-user-service">
<kw name="GET On Session" owner="RequestsLibrary">
<msg time="2024-07-04T01:06:30.460558" level="INFO">GET Request : url=https://randomuser.me/api 
 path_url=/api 
 headers={'User-Agent': 'python-requests/2.32.3', 'Accept-Encoding': 'gzip, deflate', 'Accept': '*/*', 'Connection': 'keep-alive'} 
 body=None 
 </msg>
<msg time="2024-07-04T01:06:30.460722" level="INFO">GET Response : url=https://randomuser.me/api 
 status=200, reason=OK 
 headers={'Date': 'Thu, 04 Jul 2024 01:06:30 GMT', 'Content-Type': 'application/json; charset=utf-8', 'Transfer-Encoding': 'chunked', 'Connection': 'keep-alive', 'X-Powered-By': 'Express', 'Access-Control-Allow-Origin': '*', 'Cache-Control': 'no-cache', 'ETag': 'W/"497-hbe8NGy2BxL7QEKq0yTci2TGdHM"', 'Vary': 'Accept-Encoding', 'Content-Encoding': 'gzip', 'CF-Cache-Status': 'DYNAMIC', 'Report-To': '{"endpoints":[{"url":"https:\\/\\/a.nel.cloudflare.com\\/report\\/v4?s=WtklUWyklNws1xBWnCk%2B4WeRPawZ0X2cMHv0ulLEYrP4zm5cSWvrlXrMbEWGYiHGLSwpTbUUnhpoyO8IyzOxkIEbqRqxiOvPJrBnioUCyzlJgCXn3GZtKjnK%2FBlMaR8h"}],"group":"cf-nel","max_age":604800}', 'NEL': '{"success_fraction":0,"report_to":"cf-nel","max_age":604800}', 'Server': 'cloudflare', 'CF-RAY': '89db368c2c062898-IAD', 'alt-svc': 'h3=":443"; ma=86400'} 
 body={"results":[{"gender":"female","name":{"title":"Ms","first":"Lesa","last":"Bryant"},"location":{"street":{"number":4832,"name":"Hickory Creek Dr"},"city":"Bowral","state":"South Australia","country":"Australia","postcode":3564,"coordinates":{"latitude":"-83.7788","longitude":"150.2496"},"timezone":{"offset":"+9:00","description":"Tokyo, Seoul, Osaka, Sapporo, Yakutsk"}},"email":"lesa.bryant@example.com","login":{"uuid":"91ad7529-de85-4d29-9e14-04eeb1031c19","username":"crazybear361","password":"apple","salt":"4Hv1jK14","md5":"62d10e46332409d9a9b4899c10c364a4","sha1":"e808174439585a7538cb1143714301068b89afb8","sha256":"e220950c4a95bd546cc2788e700bfec9bd606f4c2153b4bef985b8d759b371a8"},"dob":{"date":"1996-09-21T16:42:18.573Z","age":27},"registered":{"date":"2020-11-16T03:13:23.974Z","age":3},"phone":"00-0207-1696","cell":"0464-058-826","id":{"name":"TFN","value":"800310926"},"picture":{"large":"https://randomuser.me/api/portraits/women/72.jpg","medium":"https://randomuser.me/api/portraits/med/women/72.jpg","thumbnail":"https://randomuser.me/api/portraits/thumb/women/72.jpg"},"nat":"AU"}],"info":{"seed":"d50c69cb02b1b09d","results":1,"page":1,"version":"1.4"}} 
 </msg>
<msg time="2024-07-04T01:06:30.460810" level="INFO">/opt/hostedtoolcache/Python/3.12.4/x64/lib/python3.12/site-packages/urllib3/connectionpool.py:1099: InsecureRequestWarning: Unverified HTTPS request is being made to host 'randomuser.me'. Adding certificate verification is strongly advised. See: https://urllib3.readthedocs.io/en/latest/advanced-usage.html#tls-warnings
  warnings.warn(</msg>
<msg time="2024-07-04T01:06:30.460952" level="INFO">${response} = &lt;Response [200]&gt;</msg>
<var>${response}</var>
<arg>consultarAPI</arg>
<arg>/api</arg>
<doc>Sends a GET request on a previously created HTTP Session.</doc>
<status status="PASS" start="2024-07-04T01:06:30.276833" elapsed="0.184164"/>
</kw>
<kw name="Should Be Equal As Numbers" owner="BuiltIn">
<msg time="2024-07-04T01:06:30.461973" level="INFO">Argument types are:
&lt;class 'int'&gt;
&lt;class 'str'&gt;</msg>
<arg>${response.status_code}</arg>
<arg>200</arg>
<doc>Fails if objects are unequal after converting them to real numbers.</doc>
<status status="PASS" start="2024-07-04T01:06:30.461500" elapsed="0.000541"/>
</kw>
<kw name="Log" owner="BuiltIn">
<msg time="2024-07-04T01:06:30.462761" level="INFO">200</msg>
<arg>${response.status_code}</arg>
<doc>Logs the given message with the given level.</doc>
<status status="PASS" start="2024-07-04T01:06:30.462362" elapsed="0.000443"/>
</kw>
<kw name="Set Variable" owner="BuiltIn">
<msg time="2024-07-04T01:06:30.463554" level="INFO">${json_data} = {'results': [{'gender': 'female', 'name': {'title': 'Ms', 'first': 'Lesa', 'last': 'Bryant'}, 'location': {'street': {'number': 4832, 'name': 'Hickory Creek Dr'}, 'city': 'Bowral', 'state': 'South Aus...</msg>
<var>${json_data}</var>
<arg>${response.json()}</arg>
<doc>Returns the given values which can then be assigned to a variables.</doc>
<status status="PASS" start="2024-07-04T01:06:30.463113" elapsed="0.000469"/>
</kw>
<kw name="Dictionary Should Contain Key" owner="Collections">
<arg>${json_data}</arg>
<arg>results</arg>
<doc>Fails if ``key`` is not found from ``dictionary``.</doc>
<status status="PASS" start="2024-07-04T01:06:30.463882" elapsed="0.000171"/>
</kw>
<status status="PASS" start="2024-07-04T01:06:30.276472" elapsed="0.187732"/>
</kw>
<doc>Testa se a API responde corretamente e retorna um objeto JSON válido.</doc>
<tag>testeRequisicaoBasica</tag>
<status status="PASS" start="2024-07-04T01:06:30.275799" elapsed="0.188584"/>
</test>
<test id="s1-s1-t3" name="Validar estrutura de resposta" line="22">
<kw name="Teste de Estrutura de Resposta" owner="random-user-service">
<kw name="GET On Session" owner="RequestsLibrary">
<msg time="2024-07-04T01:06:30.565186" level="INFO">GET Request : url=https://randomuser.me/api 
 path_url=/api 
 headers={'User-Agent': 'python-requests/2.32.3', 'Accept-Encoding': 'gzip, deflate', 'Accept': '*/*', 'Connection': 'keep-alive'} 
 body=None 
 </msg>
<msg time="2024-07-04T01:06:30.565292" level="INFO">GET Response : url=https://randomuser.me/api 
 status=200, reason=OK 
 headers={'Date': 'Thu, 04 Jul 2024 01:06:30 GMT', 'Content-Type': 'application/json; charset=utf-8', 'Transfer-Encoding': 'chunked', 'Connection': 'keep-alive', 'X-Powered-By': 'Express', 'Access-Control-Allow-Origin': '*', 'Cache-Control': 'no-cache', 'ETag': 'W/"482-PEvbuwDDwMNMAFwI1idf/HU27qw"', 'Vary': 'Accept-Encoding', 'Content-Encoding': 'gzip', 'CF-Cache-Status': 'DYNAMIC', 'Report-To': '{"endpoints":[{"url":"https:\\/\\/a.nel.cloudflare.com\\/report\\/v4?s=4daS%2FERnDWXkRcLQSuHcfcNut9vVDYkBd%2BzwNj%2FcsoaP4m7EOiNZhnjmD%2FXHaVhCQuwoBVORfaWcnd7cdfj8L65vp5TTIAqbpgXxTR3NbBaZJijDcgDq5bFhGT2UQiQn"}],"group":"cf-nel","max_age":604800}', 'NEL': '{"success_fraction":0,"report_to":"cf-nel","max_age":604800}', 'Server': 'cloudflare', 'CF-RAY': '89db368c7c572898-IAD', 'alt-svc': 'h3=":443"; ma=86400'} 
 body={"results":[{"gender":"female","name":{"title":"Ms","first":"Milla","last":"Heikkinen"},"location":{"street":{"number":8042,"name":"Rotuaari"},"city":"Tervo","state":"Satakunta","country":"Finland","postcode":29153,"coordinates":{"latitude":"-25.5006","longitude":"22.4721"},"timezone":{"offset":"-10:00","description":"Hawaii"}},"email":"milla.heikkinen@example.com","login":{"uuid":"92d1cbda-3a0b-44af-ae30-14d5c372f9ae","username":"beautifulcat345","password":"cheerleaers","salt":"OcTqQ8A6","md5":"048a9c8e89937e07cd00a9cdc1e12aa5","sha1":"fc3a8e91a14fd396ea2f3dff1204194a51e64804","sha256":"737afff7c07bb862bbca1c712ab3a204b1e490aebf76b5c46a92a7173fc9fdcf"},"dob":{"date":"1991-02-07T06:11:27.952Z","age":33},"registered":{"date":"2008-11-10T18:17:05.046Z","age":15},"phone":"03-419-568","cell":"044-167-00-04","id":{"name":"HETU","value":"NaNNA092undefined"},"picture":{"large":"https://randomuser.me/api/portraits/women/73.jpg","medium":"https://randomuser.me/api/portraits/med/women/73.jpg","thumbnail":"https://randomuser.me/api/portraits/thumb/women/73.jpg"},"nat":"FI"}],"info":{"seed":"2feb53727e71a9c6","results":1,"page":1,"version":"1.4"}} 
 </msg>
<msg time="2024-07-04T01:06:30.565420" level="INFO">/opt/hostedtoolcache/Python/3.12.4/x64/lib/python3.12/site-packages/urllib3/connectionpool.py:1099: InsecureRequestWarning: Unverified HTTPS request is being made to host 'randomuser.me'. Adding certificate verification is strongly advised. See: https://urllib3.readthedocs.io/en/latest/advanced-usage.html#tls-warnings
  warnings.warn(</msg>
<msg time="2024-07-04T01:06:30.565557" level="INFO">${response} = &lt;Response [200]&gt;</msg>
<var>${response}</var>
<arg>consultarAPI</arg>
<arg>/api</arg>
<doc>Sends a GET request on a previously created HTTP Session.</doc>
<status status="PASS" start="2024-07-04T01:06:30.467025" elapsed="0.098575"/>
</kw>
<kw name="Set Variable" owner="BuiltIn">
<msg time="2024-07-04T01:06:30.566663" level="INFO">${json_data} = {'results': [{'gender': 'female', 'name': {'title': 'Ms', 'first': 'Milla', 'last': 'Heikkinen'}, 'location': {'street': {'number': 8042, 'name': 'Rotuaari'}, 'city': 'Tervo', 'state': 'Satakunta', 'c...</msg>
<var>${json_data}</var>
<arg>${response.json()}</arg>
<doc>Returns the given values which can then be assigned to a variables.</doc>
<status status="PASS" start="2024-07-04T01:06:30.566114" elapsed="0.000580"/>
</kw>
<kw name="Log" owner="BuiltIn">
<msg time="2024-07-04T01:06:30.567179" level="INFO">{'results': [{'gender': 'female', 'name': {'title': 'Ms', 'first': 'Milla', 'last': 'Heikkinen'}, 'location': {'street': {'number': 8042, 'name': 'Rotuaari'}, 'city': 'Tervo', 'state': 'Satakunta', 'country': 'Finland', 'postcode': 29153, 'coordinates': {'latitude': '-25.5006', 'longitude': '22.4721'}, 'timezone': {'offset': '-10:00', 'description': 'Hawaii'}}, 'email': 'milla.heikkinen@example.com', 'login': {'uuid': '92d1cbda-3a0b-44af-ae30-14d5c372f9ae', 'username': 'beautifulcat345', 'password': 'cheerleaers', 'salt': 'OcTqQ8A6', 'md5': '048a9c8e89937e07cd00a9cdc1e12aa5', 'sha1': 'fc3a8e91a14fd396ea2f3dff1204194a51e64804', 'sha256': '737afff7c07bb862bbca1c712ab3a204b1e490aebf76b5c46a92a7173fc9fdcf'}, 'dob': {'date': '1991-02-07T06:11:27.952Z', 'age': 33}, 'registered': {'date': '2008-11-10T18:17:05.046Z', 'age': 15}, 'phone': '03-419-568', 'cell': '044-167-00-04', 'id': {'name': 'HETU', 'value': 'NaNNA092undefined'}, 'picture': {'large': 'https://randomuser.me/api/portraits/women/73.jpg', 'medium': 'https://randomuser.me/api/portraits/med/women/73.jpg', 'thumbnail': 'https://randomuser.me/api/portraits/thumb/women/73.jpg'}, 'nat': 'FI'}], 'info': {'seed': '2feb53727e71a9c6', 'results': 1, 'page': 1, 'version': '1.4'}}</msg>
<arg>${json_data}</arg>
<doc>Logs the given message with the given level.</doc>
<status status="PASS" start="2024-07-04T01:06:30.567015" elapsed="0.000225"/>
</kw>
<kw name="Dictionary Should Contain Key" owner="Collections">
<arg>${json_data}</arg>
<arg>results</arg>
<doc>Fails if ``key`` is not found from ``dictionary``.</doc>
<status status="PASS" start="2024-07-04T01:06:30.567539" elapsed="0.000168"/>
</kw>
<kw name="Should Not Be Empty" owner="BuiltIn">
<msg time="2024-07-04T01:06:30.568033" level="INFO">Length is 2.</msg>
<arg>${json_data}</arg>
<doc>Verifies that the given item is not empty.</doc>
<status status="PASS" start="2024-07-04T01:06:30.567897" elapsed="0.000176"/>
</kw>
<kw name="Create List" owner="BuiltIn">
<msg time="2024-07-04T01:06:30.568699" level="INFO">${expected_keys} = ['gender', 'name', 'location', 'email', 'login']</msg>
<var>${expected_keys}</var>
<arg>gender</arg>
<arg>name</arg>
<arg>location</arg>
<arg>email</arg>
<arg>login</arg>
<doc>Returns a list containing given items.</doc>
<status status="PASS" start="2024-07-04T01:06:30.568375" elapsed="0.000351"/>
</kw>
<for flavor="IN">
<iter>
<kw name="Dictionary Should Contain Key" owner="Collections">
<arg>${json_data['results'][0]}</arg>
<arg>${key}</arg>
<doc>Fails if ``key`` is not found from ``dictionary``.</doc>
<status status="PASS" start="2024-07-04T01:06:30.569327" elapsed="0.000408"/>
</kw>
<kw name="Log" owner="BuiltIn">
<msg time="2024-07-04T01:06:30.570291" level="INFO">{'gender': 'female', 'name': {'title': 'Ms', 'first': 'Milla', 'last': 'Heikkinen'}, 'location': {'street': {'number': 8042, 'name': 'Rotuaari'}, 'city': 'Tervo', 'state': 'Satakunta', 'country': 'Finland', 'postcode': 29153, 'coordinates': {'latitude': '-25.5006', 'longitude': '22.4721'}, 'timezone': {'offset': '-10:00', 'description': 'Hawaii'}}, 'email': 'milla.heikkinen@example.com', 'login': {'uuid': '92d1cbda-3a0b-44af-ae30-14d5c372f9ae', 'username': 'beautifulcat345', 'password': 'cheerleaers', 'salt': 'OcTqQ8A6', 'md5': '048a9c8e89937e07cd00a9cdc1e12aa5', 'sha1': 'fc3a8e91a14fd396ea2f3dff1204194a51e64804', 'sha256': '737afff7c07bb862bbca1c712ab3a204b1e490aebf76b5c46a92a7173fc9fdcf'}, 'dob': {'date': '1991-02-07T06:11:27.952Z', 'age': 33}, 'registered': {'date': '2008-11-10T18:17:05.046Z', 'age': 15}, 'phone': '03-419-568', 'cell': '044-167-00-04', 'id': {'name': 'HETU', 'value': 'NaNNA092undefined'}, 'picture': {'large': 'https://randomuser.me/api/portraits/women/73.jpg', 'medium': 'https://randomuser.me/api/portraits/med/women/73.jpg', 'thumbnail': 'https://randomuser.me/api/portraits/thumb/women/73.jpg'}, 'nat': 'FI'}</msg>
<arg>${json_data['results'][0]}</arg>
<doc>Logs the given message with the given level.</doc>
<status status="PASS" start="2024-07-04T01:06:30.569923" elapsed="0.000417"/>
</kw>
<kw name="Log" owner="BuiltIn">
<msg time="2024-07-04T01:06:30.570814" level="INFO">gender</msg>
<arg>${key}</arg>
<doc>Logs the given message with the given level.</doc>
<status status="PASS" start="2024-07-04T01:06:30.570680" elapsed="0.000174"/>
</kw>
<var name="${key}">gender</var>
<status status="PASS" start="2024-07-04T01:06:30.569201" elapsed="0.001886"/>
</iter>
<iter>
<kw name="Dictionary Should Contain Key" owner="Collections">
<arg>${json_data['results'][0]}</arg>
<arg>${key}</arg>
<doc>Fails if ``key`` is not found from ``dictionary``.</doc>
<status status="PASS" start="2024-07-04T01:06:30.571399" elapsed="0.000397"/>
</kw>
<kw name="Log" owner="BuiltIn">
<msg time="2024-07-04T01:06:30.572342" level="INFO">{'gender': 'female', 'name': {'title': 'Ms', 'first': 'Milla', 'last': 'Heikkinen'}, 'location': {'street': {'number': 8042, 'name': 'Rotuaari'}, 'city': 'Tervo', 'state': 'Satakunta', 'country': 'Finland', 'postcode': 29153, 'coordinates': {'latitude': '-25.5006', 'longitude': '22.4721'}, 'timezone': {'offset': '-10:00', 'description': 'Hawaii'}}, 'email': 'milla.heikkinen@example.com', 'login': {'uuid': '92d1cbda-3a0b-44af-ae30-14d5c372f9ae', 'username': 'beautifulcat345', 'password': 'cheerleaers', 'salt': 'OcTqQ8A6', 'md5': '048a9c8e89937e07cd00a9cdc1e12aa5', 'sha1': 'fc3a8e91a14fd396ea2f3dff1204194a51e64804', 'sha256': '737afff7c07bb862bbca1c712ab3a204b1e490aebf76b5c46a92a7173fc9fdcf'}, 'dob': {'date': '1991-02-07T06:11:27.952Z', 'age': 33}, 'registered': {'date': '2008-11-10T18:17:05.046Z', 'age': 15}, 'phone': '03-419-568', 'cell': '044-167-00-04', 'id': {'name': 'HETU', 'value': 'NaNNA092undefined'}, 'picture': {'large': 'https://randomuser.me/api/portraits/women/73.jpg', 'medium': 'https://randomuser.me/api/portraits/med/women/73.jpg', 'thumbnail': 'https://randomuser.me/api/portraits/thumb/women/73.jpg'}, 'nat': 'FI'}</msg>
<arg>${json_data['results'][0]}</arg>
<doc>Logs the given message with the given level.</doc>
<status status="PASS" start="2024-07-04T01:06:30.571983" elapsed="0.000450"/>
</kw>
<kw name="Log" owner="BuiltIn">
<msg time="2024-07-04T01:06:30.572870" level="INFO">name</msg>
<arg>${key}</arg>
<doc>Logs the given message with the given level.</doc>
<status status="PASS" start="2024-07-04T01:06:30.572737" elapsed="0.000172"/>
</kw>
<var name="${key}">name</var>
<status status="PASS" start="2024-07-04T01:06:30.571280" elapsed="0.001851"/>
</iter>
<iter>
<kw name="Dictionary Should Contain Key" owner="Collections">
<arg>${json_data['results'][0]}</arg>
<arg>${key}</arg>
<doc>Fails if ``key`` is not found from ``dictionary``.</doc>
<status status="PASS" start="2024-07-04T01:06:30.573421" elapsed="0.000387"/>
</kw>
<kw name="Log" owner="BuiltIn">
<msg time="2024-07-04T01:06:30.574341" level="INFO">{'gender': 'female', 'name': {'title': 'Ms', 'first': 'Milla', 'last': 'Heikkinen'}, 'location': {'street': {'number': 8042, 'name': 'Rotuaari'}, 'city': 'Tervo', 'state': 'Satakunta', 'country': 'Finland', 'postcode': 29153, 'coordinates': {'latitude': '-25.5006', 'longitude': '22.4721'}, 'timezone': {'offset': '-10:00', 'description': 'Hawaii'}}, 'email': 'milla.heikkinen@example.com', 'login': {'uuid': '92d1cbda-3a0b-44af-ae30-14d5c372f9ae', 'username': 'beautifulcat345', 'password': 'cheerleaers', 'salt': 'OcTqQ8A6', 'md5': '048a9c8e89937e07cd00a9cdc1e12aa5', 'sha1': 'fc3a8e91a14fd396ea2f3dff1204194a51e64804', 'sha256': '737afff7c07bb862bbca1c712ab3a204b1e490aebf76b5c46a92a7173fc9fdcf'}, 'dob': {'date': '1991-02-07T06:11:27.952Z', 'age': 33}, 'registered': {'date': '2008-11-10T18:17:05.046Z', 'age': 15}, 'phone': '03-419-568', 'cell': '044-167-00-04', 'id': {'name': 'HETU', 'value': 'NaNNA092undefined'}, 'picture': {'large': 'https://randomuser.me/api/portraits/women/73.jpg', 'medium': 'https://randomuser.me/api/portraits/med/women/73.jpg', 'thumbnail': 'https://randomuser.me/api/portraits/thumb/women/73.jpg'}, 'nat': 'FI'}</msg>
<arg>${json_data['results'][0]}</arg>
<doc>Logs the given message with the given level.</doc>
<status status="PASS" start="2024-07-04T01:06:30.573993" elapsed="0.000397"/>
</kw>
<kw name="Log" owner="BuiltIn">
<msg time="2024-07-04T01:06:30.574847" level="INFO">location</msg>
<arg>${key}</arg>
<doc>Logs the given message with the given level.</doc>
<status status="PASS" start="2024-07-04T01:06:30.574716" elapsed="0.000170"/>
</kw>
<var name="${key}">location</var>
<status status="PASS" start="2024-07-04T01:06:30.573312" elapsed="0.001811"/>
</iter>
<iter>
<kw name="Dictionary Should Contain Key" owner="Collections">
<arg>${json_data['results'][0]}</arg>
<arg>${key}</arg>
<doc>Fails if ``key`` is not found from ``dictionary``.</doc>
<status status="PASS" start="2024-07-04T01:06:30.575408" elapsed="0.000380"/>
</kw>
<kw name="Log" owner="BuiltIn">
<msg time="2024-07-04T01:06:30.576334" level="INFO">{'gender': 'female', 'name': {'title': 'Ms', 'first': 'Milla', 'last': 'Heikkinen'}, 'location': {'street': {'number': 8042, 'name': 'Rotuaari'}, 'city': 'Tervo', 'state': 'Satakunta', 'country': 'Finland', 'postcode': 29153, 'coordinates': {'latitude': '-25.5006', 'longitude': '22.4721'}, 'timezone': {'offset': '-10:00', 'description': 'Hawaii'}}, 'email': 'milla.heikkinen@example.com', 'login': {'uuid': '92d1cbda-3a0b-44af-ae30-14d5c372f9ae', 'username': 'beautifulcat345', 'password': 'cheerleaers', 'salt': 'OcTqQ8A6', 'md5': '048a9c8e89937e07cd00a9cdc1e12aa5', 'sha1': 'fc3a8e91a14fd396ea2f3dff1204194a51e64804', 'sha256': '737afff7c07bb862bbca1c712ab3a204b1e490aebf76b5c46a92a7173fc9fdcf'}, 'dob': {'date': '1991-02-07T06:11:27.952Z', 'age': 33}, 'registered': {'date': '2008-11-10T18:17:05.046Z', 'age': 15}, 'phone': '03-419-568', 'cell': '044-167-00-04', 'id': {'name': 'HETU', 'value': 'NaNNA092undefined'}, 'picture': {'large': 'https://randomuser.me/api/portraits/women/73.jpg', 'medium': 'https://randomuser.me/api/portraits/med/women/73.jpg', 'thumbnail': 'https://randomuser.me/api/portraits/thumb/women/73.jpg'}, 'nat': 'FI'}</msg>
<arg>${json_data['results'][0]}</arg>
<doc>Logs the given message with the given level.</doc>
<status status="PASS" start="2024-07-04T01:06:30.575983" elapsed="0.000401"/>
</kw>
<kw name="Log" owner="BuiltIn">
<msg time="2024-07-04T01:06:30.576814" level="INFO">email</msg>
<arg>${key}</arg>
<doc>Logs the given message with the given level.</doc>
<status status="PASS" start="2024-07-04T01:06:30.576680" elapsed="0.000178"/>
</kw>
<var name="${key}">email</var>
<status status="PASS" start="2024-07-04T01:06:30.575299" elapsed="0.001779"/>
</iter>
<iter>
<kw name="Dictionary Should Contain Key" owner="Collections">
<arg>${json_data['results'][0]}</arg>
<arg>${key}</arg>
<doc>Fails if ``key`` is not found from ``dictionary``.</doc>
<status status="PASS" start="2024-07-04T01:06:30.577361" elapsed="0.000398"/>
</kw>
<kw name="Log" owner="BuiltIn">
<msg time="2024-07-04T01:06:30.578294" level="INFO">{'gender': 'female', 'name': {'title': 'Ms', 'first': 'Milla', 'last': 'Heikkinen'}, 'location': {'street': {'number': 8042, 'name': 'Rotuaari'}, 'city': 'Tervo', 'state': 'Satakunta', 'country': 'Finland', 'postcode': 29153, 'coordinates': {'latitude': '-25.5006', 'longitude': '22.4721'}, 'timezone': {'offset': '-10:00', 'description': 'Hawaii'}}, 'email': 'milla.heikkinen@example.com', 'login': {'uuid': '92d1cbda-3a0b-44af-ae30-14d5c372f9ae', 'username': 'beautifulcat345', 'password': 'cheerleaers', 'salt': 'OcTqQ8A6', 'md5': '048a9c8e89937e07cd00a9cdc1e12aa5', 'sha1': 'fc3a8e91a14fd396ea2f3dff1204194a51e64804', 'sha256': '737afff7c07bb862bbca1c712ab3a204b1e490aebf76b5c46a92a7173fc9fdcf'}, 'dob': {'date': '1991-02-07T06:11:27.952Z', 'age': 33}, 'registered': {'date': '2008-11-10T18:17:05.046Z', 'age': 15}, 'phone': '03-419-568', 'cell': '044-167-00-04', 'id': {'name': 'HETU', 'value': 'NaNNA092undefined'}, 'picture': {'large': 'https://randomuser.me/api/portraits/women/73.jpg', 'medium': 'https://randomuser.me/api/portraits/med/women/73.jpg', 'thumbnail': 'https://randomuser.me/api/portraits/thumb/women/73.jpg'}, 'nat': 'FI'}</msg>
<arg>${json_data['results'][0]}</arg>
<doc>Logs the given message with the given level.</doc>
<status status="PASS" start="2024-07-04T01:06:30.577943" elapsed="0.000401"/>
</kw>
<kw name="Log" owner="BuiltIn">
<msg time="2024-07-04T01:06:30.578794" level="INFO">login</msg>
<arg>${key}</arg>
<doc>Logs the given message with the given level.</doc>
<status status="PASS" start="2024-07-04T01:06:30.578662" elapsed="0.000171"/>
</kw>
<var name="${key}">login</var>
<status status="PASS" start="2024-07-04T01:06:30.577249" elapsed="0.001801"/>
</iter>
<var>${key}</var>
<value>@{expected_keys}</value>
<status status="PASS" start="2024-07-04T01:06:30.568998" elapsed="0.010175"/>
</for>
<kw name="Create List" owner="BuiltIn">
<msg time="2024-07-04T01:06:30.579507" level="INFO">${expected_keysTwo} = ['username', 'password']</msg>
<var>${expected_keysTwo}</var>
<arg>username</arg>
<arg>password</arg>
<doc>Returns a list containing given items.</doc>
<status status="PASS" start="2024-07-04T01:06:30.579364" elapsed="0.000168"/>
</kw>
<for flavor="IN">
<iter>
<kw name="Dictionary Should Contain Key" owner="Collections">
<arg>${json_data['results'][0]['login']}</arg>
<arg>${keyTwo}</arg>
<doc>Fails if ``key`` is not found from ``dictionary``.</doc>
<status status="PASS" start="2024-07-04T01:06:30.580059" elapsed="0.000393"/>
</kw>
<kw name="Dictionary Should Contain Key" owner="Collections">
<arg>${json_data['results'][0]['login']}</arg>
<arg>${keyTwo}</arg>
<doc>Fails if ``key`` is not found from ``dictionary``.</doc>
<status status="PASS" start="2024-07-04T01:06:30.580635" elapsed="0.000376"/>
</kw>
<kw name="Log" owner="BuiltIn">
<msg time="2024-07-04T01:06:30.581318" level="INFO">username</msg>
<arg>${keyTwo}</arg>
<doc>Logs the given message with the given level.</doc>
<status status="PASS" start="2024-07-04T01:06:30.581193" elapsed="0.000163"/>
</kw>
<var name="${keyTwo}">username</var>
<status status="PASS" start="2024-07-04T01:06:30.579951" elapsed="0.001633"/>
</iter>
<iter>
<kw name="Dictionary Should Contain Key" owner="Collections">
<arg>${json_data['results'][0]['login']}</arg>
<arg>${keyTwo}</arg>
<doc>Fails if ``key`` is not found from ``dictionary``.</doc>
<status status="PASS" start="2024-07-04T01:06:30.581864" elapsed="0.000382"/>
</kw>
<kw name="Dictionary Should Contain Key" owner="Collections">
<arg>${json_data['results'][0]['login']}</arg>
<arg>${keyTwo}</arg>
<doc>Fails if ``key`` is not found from ``dictionary``.</doc>
<status status="PASS" start="2024-07-04T01:06:30.582425" elapsed="0.000400"/>
</kw>
<kw name="Log" owner="BuiltIn">
<msg time="2024-07-04T01:06:30.583127" level="INFO">password</msg>
<arg>${keyTwo}</arg>
<doc>Logs the given message with the given level.</doc>
<status status="PASS" start="2024-07-04T01:06:30.583006" elapsed="0.000164"/>
</kw>
<var name="${keyTwo}">password</var>
<status status="PASS" start="2024-07-04T01:06:30.581758" elapsed="0.001731"/>
</iter>
<var>${keyTwo}</var>
<value>@{expected_keysTwo}</value>
<status status="PASS" start="2024-07-04T01:06:30.579795" elapsed="0.003816"/>
</for>
<status status="PASS" start="2024-07-04T01:06:30.466784" elapsed="0.116970"/>
</kw>
<doc>Testa a estrutura da resposta da API.</doc>
<tag>testeEstruturaResposta</tag>
<status status="PASS" start="2024-07-04T01:06:30.466232" elapsed="0.117680"/>
</test>
<test id="s1-s1-t4" name="Validar tipos de dados" line="28">
<kw name="Teste de Tipos de Dados" owner="random-user-service">
<kw name="GET On Session" owner="RequestsLibrary">
<msg time="2024-07-04T01:06:30.660983" level="INFO">GET Request : url=https://randomuser.me/api 
 path_url=/api 
 headers={'User-Agent': 'python-requests/2.32.3', 'Accept-Encoding': 'gzip, deflate', 'Accept': '*/*', 'Connection': 'keep-alive'} 
 body=None 
 </msg>
<msg time="2024-07-04T01:06:30.661064" level="INFO">GET Response : url=https://randomuser.me/api 
 status=200, reason=OK 
 headers={'Date': 'Thu, 04 Jul 2024 01:06:30 GMT', 'Content-Type': 'application/json; charset=utf-8', 'Transfer-Encoding': 'chunked', 'Connection': 'keep-alive', 'X-Powered-By': 'Express', 'Access-Control-Allow-Origin': '*', 'Cache-Control': 'no-cache', 'ETag': 'W/"48e-Mh7EySRmLyFk4pIyzfBLpqHBscI"', 'Vary': 'Accept-Encoding', 'Content-Encoding': 'gzip', 'CF-Cache-Status': 'DYNAMIC', 'Report-To': '{"endpoints":[{"url":"https:\\/\\/a.nel.cloudflare.com\\/report\\/v4?s=7BKSe5T8MyisZt1rOuYksuV9CtxiBOYhuvdK41GPBBcP1OCJId24YezfufKT%2BGtYQHgCe8vqn38lOCKnWCM7i4QRzJWouH%2FWtIHtML06iDjDbONwydviwe5iBZURx0jd"}],"group":"cf-nel","max_age":604800}', 'NEL': '{"success_fraction":0,"report_to":"cf-nel","max_age":604800}', 'Server': 'cloudflare', 'CF-RAY': '89db368d3d402898-IAD', 'alt-svc': 'h3=":443"; ma=86400'} 
 body={"results":[{"gender":"female","name":{"title":"Ms","first":"Özsu","last":"Ekşioğlu"},"location":{"street":{"number":4425,"name":"Fatih Sultan Mehmet Cd"},"city":"Antalya","state":"Adıyaman","country":"Turkey","postcode":68746,"coordinates":{"latitude":"70.3131","longitude":"7.9090"},"timezone":{"offset":"-7:00","description":"Mountain Time (US &amp; Canada)"}},"email":"ozsu.eksioglu@example.com","login":{"uuid":"d5c27c10-a5d9-4773-b9c0-8220a25930d0","username":"angrylion261","password":"savannah","salt":"tYLEDn9J","md5":"98a9e655cbe662acf50a491dac8190d8","sha1":"fbab317f9822a521af9f2d2f79980c5d0c91bea6","sha256":"2452733a15327ddd457d178395a1f73a8a2639bbe832fb4b570e8b2625d16573"},"dob":{"date":"1954-11-23T02:22:09.186Z","age":69},"registered":{"date":"2003-03-09T16:26:22.112Z","age":21},"phone":"(135)-208-0497","cell":"(801)-657-4439","id":{"name":"","value":null},"picture":{"large":"https://randomuser.me/api/portraits/women/65.jpg","medium":"https://randomuser.me/api/portraits/med/women/65.jpg","thumbnail":"https://randomuser.me/api/portraits/thumb/women/65.jpg"},"nat":"TR"}],"info":{"seed":"514ad7c53c22ee55","results":1,"page":1,"version":"1.4"}} 
 </msg>
<msg time="2024-07-04T01:06:30.661140" level="INFO">/opt/hostedtoolcache/Python/3.12.4/x64/lib/python3.12/site-packages/urllib3/connectionpool.py:1099: InsecureRequestWarning: Unverified HTTPS request is being made to host 'randomuser.me'. Adding certificate verification is strongly advised. See: https://urllib3.readthedocs.io/en/latest/advanced-usage.html#tls-warnings
  warnings.warn(</msg>
<msg time="2024-07-04T01:06:30.661230" level="INFO">${response} = &lt;Response [200]&gt;</msg>
<var>${response}</var>
<arg>consultarAPI</arg>
<arg>/api</arg>
<doc>Sends a GET request on a previously created HTTP Session.</doc>
<status status="PASS" start="2024-07-04T01:06:30.586467" elapsed="0.074805"/>
</kw>
<kw name="Set Variable" owner="BuiltIn">
<msg time="2024-07-04T01:06:30.662327" level="INFO">${json_data} = {'results': [{'gender': 'female', 'name': {'title': 'Ms', 'first': 'Özsu', 'last': 'Ekşioğlu'}, 'location': {'street': {'number': 4425, 'name': 'Fatih Sultan Mehmet Cd'}, 'city': 'Antalya', 'state': '...</msg>
<var>${json_data}</var>
<arg>${response.json()}</arg>
<doc>Returns the given values which can then be assigned to a variables.</doc>
<status status="PASS" start="2024-07-04T01:06:30.661742" elapsed="0.000617"/>
</kw>
<kw name="Log" owner="BuiltIn">
<msg time="2024-07-04T01:06:30.662881" level="INFO">{'results': [{'gender': 'female', 'name': {'title': 'Ms', 'first': 'Özsu', 'last': 'Ekşioğlu'}, 'location': {'street': {'number': 4425, 'name': 'Fatih Sultan Mehmet Cd'}, 'city': 'Antalya', 'state': 'Adıyaman', 'country': 'Turkey', 'postcode': 68746, 'coordinates': {'latitude': '70.3131', 'longitude': '7.9090'}, 'timezone': {'offset': '-7:00', 'description': 'Mountain Time (US &amp; Canada)'}}, 'email': 'ozsu.eksioglu@example.com', 'login': {'uuid': 'd5c27c10-a5d9-4773-b9c0-8220a25930d0', 'username': 'angrylion261', 'password': 'savannah', 'salt': 'tYLEDn9J', 'md5': '98a9e655cbe662acf50a491dac8190d8', 'sha1': 'fbab317f9822a521af9f2d2f79980c5d0c91bea6', 'sha256': '2452733a15327ddd457d178395a1f73a8a2639bbe832fb4b570e8b2625d16573'}, 'dob': {'date': '1954-11-23T02:22:09.186Z', 'age': 69}, 'registered': {'date': '2003-03-09T16:26:22.112Z', 'age': 21}, 'phone': '(135)-208-0497', 'cell': '(801)-657-4439', 'id': {'name': '', 'value': None}, 'picture': {'large': 'https://randomuser.me/api/portraits/women/65.jpg', 'medium': 'https://randomuser.me/api/portraits/med/women/65.jpg', 'thumbnail': 'https://randomuser.me/api/portraits/thumb/women/65.jpg'}, 'nat': 'TR'}], 'info': {'seed': '514ad7c53c22ee55', 'results': 1, 'page': 1, 'version': '1.4'}}</msg>
<arg>${json_data}</arg>
<doc>Logs the given message with the given level.</doc>
<status status="PASS" start="2024-07-04T01:06:30.662712" elapsed="0.000222"/>
</kw>
<kw name="Should Be String" owner="String">
<arg>${json_data['results'][0]['gender']}</arg>
<doc>Fails if the given ``item`` is not a string.</doc>
<status status="PASS" start="2024-07-04T01:06:30.663234" elapsed="0.000364"/>
</kw>
<kw name="Should Match Regexp" owner="BuiltIn">
<arg>${json_data['results'][0]['email']}</arg>
<arg>^[a-zA-Z0-9._%+-]+@[a-zA-Z0-9.-]+\.[a-zA-Z]{2,}$</arg>
<doc>Fails if ``string`` does not match ``pattern`` as a regular expression.</doc>
<status status="PASS" start="2024-07-04T01:06:30.663799" elapsed="0.000519"/>
</kw>
<kw name="Should Match Regexp" owner="BuiltIn">
<arg>${json_data['results'][0]['dob']['date']}</arg>
<arg>\\d{4}-\\d{2}-\\d{2}T\\d{2}:\\d{2}:\\d{2}\\.\\d{3}Z</arg>
<doc>Fails if ``string`` does not match ``pattern`` as a regular expression.</doc>
<status status="PASS" start="2024-07-04T01:06:30.664547" elapsed="0.000499"/>
</kw>
<kw name="Should Match Regexp" owner="BuiltIn">
<arg>${json_data['results'][0]['registered']['date']}</arg>
<arg>\\d{4}-\\d{2}-\\d{2}T\\d{2}:\\d{2}:\\d{2}\\.\\d{3}Z</arg>
<doc>Fails if ``string`` does not match ``pattern`` as a regular expression.</doc>
<status status="PASS" start="2024-07-04T01:06:30.665238" elapsed="0.000375"/>
</kw>
<kw name="Should Match Regexp" owner="BuiltIn">
<arg>${json_data['results'][0]['picture']['large']}</arg>
<arg>^https?://.*\.(?:png|jpe?g|gif|bmp)$</arg>
<doc>Fails if ``string`` does not match ``pattern`` as a regular expression.</doc>
<status status="PASS" start="2024-07-04T01:06:30.665801" elapsed="0.000455"/>
</kw>
<kw name="Should Match Regexp" owner="BuiltIn">
<arg>${json_data['results'][0]['picture']['medium']}</arg>
<arg>^https?://.*\.(?:png|jpe?g|gif|bmp)$</arg>
<doc>Fails if ``string`` does not match ``pattern`` as a regular expression.</doc>
<status status="PASS" start="2024-07-04T01:06:30.666443" elapsed="0.000402"/>
</kw>
<kw name="Should Match Regexp" owner="BuiltIn">
<arg>${json_data['results'][0]['picture']['thumbnail']}</arg>
<arg>^https?://.*\.(?:png|jpe?g|gif|bmp)$</arg>
<doc>Fails if ``string`` does not match ``pattern`` as a regular expression.</doc>
<status status="PASS" start="2024-07-04T01:06:30.667032" elapsed="0.000362"/>
</kw>
<kw name="Log" owner="BuiltIn">
<msg time="2024-07-04T01:06:30.667902" level="INFO">{'large': 'https://randomuser.me/api/portraits/women/65.jpg', 'medium': 'https://randomuser.me/api/portraits/med/women/65.jpg', 'thumbnail': 'https://randomuser.me/api/portraits/thumb/women/65.jpg'}</msg>
<arg>${json_data['results'][0]['picture']}</arg>
<doc>Logs the given message with the given level.</doc>
<status status="PASS" start="2024-07-04T01:06:30.667576" elapsed="0.000369"/>
</kw>
<status status="PASS" start="2024-07-04T01:06:30.586241" elapsed="0.081960"/>
</kw>
<kw name="Teste de Tipos de Dados - Postcode" owner="random-user-service">
<kw name="GET On Session" owner="RequestsLibrary">
<msg time="2024-07-04T01:06:30.761272" level="INFO">GET Request : url=https://randomuser.me/api 
 path_url=/api 
 headers={'User-Agent': 'python-requests/2.32.3', 'Accept-Encoding': 'gzip, deflate', 'Accept': '*/*', 'Connection': 'keep-alive'} 
 body=None 
 </msg>
<msg time="2024-07-04T01:06:30.761366" level="INFO">GET Response : url=https://randomuser.me/api 
 status=200, reason=OK 
 headers={'Date': 'Thu, 04 Jul 2024 01:06:30 GMT', 'Content-Type': 'application/json; charset=utf-8', 'Transfer-Encoding': 'chunked', 'Connection': 'keep-alive', 'X-Powered-By': 'Express', 'Access-Control-Allow-Origin': '*', 'Cache-Control': 'no-cache', 'ETag': 'W/"47f-BBbtQuJcUjh7Au/Zrt4a2cWh1ZY"', 'Vary': 'Accept-Encoding', 'Content-Encoding': 'gzip', 'CF-Cache-Status': 'DYNAMIC', 'Report-To': '{"endpoints":[{"url":"https:\\/\\/a.nel.cloudflare.com\\/report\\/v4?s=9Gw%2FhI0U8EGgBB1HuwZVHGGZNFAZEZNEDArVyDB8v0t8DeMBHm86swtpSZCd5z7998wadfUPTQEq9uPFy6SjM%2BIIRDQ7NnmZqmKRbPn07GgX%2FjABbLhByBjdy8V1UyHQ"}],"group":"cf-nel","max_age":604800}', 'NEL': '{"success_fraction":0,"report_to":"cf-nel","max_age":604800}', 'Server': 'cloudflare', 'CF-RAY': '89db368dbdca2898-IAD', 'alt-svc': 'h3=":443"; ma=86400'} 
 body={"results":[{"gender":"male","name":{"title":"Mr","first":"Tomothy","last":"Fletcher"},"location":{"street":{"number":213,"name":"First Street"},"city":"Torrance","state":"New Jersey","country":"United States","postcode":20437,"coordinates":{"latitude":"89.0236","longitude":"-67.5580"},"timezone":{"offset":"+5:45","description":"Kathmandu"}},"email":"tomothy.fletcher@example.com","login":{"uuid":"e4b04e91-8a79-4d34-8fe2-6f5c997179a1","username":"tinycat481","password":"waldo1","salt":"INDLYmsF","md5":"8d60e24e921752c831e6138a2f51e441","sha1":"5794525438a24ad74e361b5324f2e78006a2d3d7","sha256":"d8d7fa8cdf2c3d730a433b0db84589771fa12541e6fa9a6c5fcb3a64d7a4082a"},"dob":{"date":"1998-01-23T18:22:35.749Z","age":26},"registered":{"date":"2009-09-30T05:33:34.069Z","age":14},"phone":"(654) 245-6067","cell":"(764) 653-9343","id":{"name":"SSN","value":"713-90-0548"},"picture":{"large":"https://randomuser.me/api/portraits/men/80.jpg","medium":"https://randomuser.me/api/portraits/med/men/80.jpg","thumbnail":"https://randomuser.me/api/portraits/thumb/men/80.jpg"},"nat":"US"}],"info":{"seed":"3a1b53c0a5737bc6","results":1,"page":1,"version":"1.4"}} 
 </msg>
<msg time="2024-07-04T01:06:30.761437" level="INFO">/opt/hostedtoolcache/Python/3.12.4/x64/lib/python3.12/site-packages/urllib3/connectionpool.py:1099: InsecureRequestWarning: Unverified HTTPS request is being made to host 'randomuser.me'. Adding certificate verification is strongly advised. See: https://urllib3.readthedocs.io/en/latest/advanced-usage.html#tls-warnings
  warnings.warn(</msg>
<msg time="2024-07-04T01:06:30.761551" level="INFO">${response} = &lt;Response [200]&gt;</msg>
<var>${response}</var>
<arg>consultarAPI</arg>
<arg>/api</arg>
<doc>Sends a GET request on a previously created HTTP Session.</doc>
<status status="PASS" start="2024-07-04T01:06:30.668638" elapsed="0.092953"/>
</kw>
<kw name="Set Variable" owner="BuiltIn">
<msg time="2024-07-04T01:06:30.762827" level="INFO">${json_data} = {'results': [{'gender': 'male', 'name': {'title': 'Mr', 'first': 'Tomothy', 'last': 'Fletcher'}, 'location': {'street': {'number': 213, 'name': 'First Street'}, 'city': 'Torrance', 'state': 'New Jerse...</msg>
<var>${json_data}</var>
<arg>${response.json()}</arg>
<doc>Returns the given values which can then be assigned to a variables.</doc>
<status status="PASS" start="2024-07-04T01:06:30.762206" elapsed="0.000650"/>
</kw>
<kw name="Log" owner="BuiltIn">
<msg time="2024-07-04T01:06:30.763338" level="INFO">{'results': [{'gender': 'male', 'name': {'title': 'Mr', 'first': 'Tomothy', 'last': 'Fletcher'}, 'location': {'street': {'number': 213, 'name': 'First Street'}, 'city': 'Torrance', 'state': 'New Jersey', 'country': 'United States', 'postcode': 20437, 'coordinates': {'latitude': '89.0236', 'longitude': '-67.5580'}, 'timezone': {'offset': '+5:45', 'description': 'Kathmandu'}}, 'email': 'tomothy.fletcher@example.com', 'login': {'uuid': 'e4b04e91-8a79-4d34-8fe2-6f5c997179a1', 'username': 'tinycat481', 'password': 'waldo1', 'salt': 'INDLYmsF', 'md5': '8d60e24e921752c831e6138a2f51e441', 'sha1': '5794525438a24ad74e361b5324f2e78006a2d3d7', 'sha256': 'd8d7fa8cdf2c3d730a433b0db84589771fa12541e6fa9a6c5fcb3a64d7a4082a'}, 'dob': {'date': '1998-01-23T18:22:35.749Z', 'age': 26}, 'registered': {'date': '2009-09-30T05:33:34.069Z', 'age': 14}, 'phone': '(654) 245-6067', 'cell': '(764) 653-9343', 'id': {'name': 'SSN', 'value': '713-90-0548'}, 'picture': {'large': 'https://randomuser.me/api/portraits/men/80.jpg', 'medium': 'https://randomuser.me/api/portraits/med/men/80.jpg', 'thumbnail': 'https://randomuser.me/api/portraits/thumb/men/80.jpg'}, 'nat': 'US'}], 'info': {'seed': '3a1b53c0a5737bc6', 'results': 1, 'page': 1, 'version': '1.4'}}</msg>
<arg>${json_data}</arg>
<doc>Logs the given message with the given level.</doc>
<status status="PASS" start="2024-07-04T01:06:30.763174" elapsed="0.000212"/>
</kw>
<kw name="Should Be Equal As Numbers" owner="BuiltIn">
<arg>${json_data['results'][0]['location']['postcode']}</arg>
<arg>${json_data['results'][0]['location']['postcode']}</arg>
<doc>Fails if objects are unequal after converting them to real numbers.</doc>
<status status="PASS" start="2024-07-04T01:06:30.763681" elapsed="0.000621"/>
</kw>
<kw name="Log" owner="BuiltIn">
<msg time="2024-07-04T01:06:30.765007" level="INFO">20437</msg>
<arg>${json_data['results'][0]['location']['postcode']}</arg>
<doc>Logs the given message with the given level.</doc>
<status status="PASS" start="2024-07-04T01:06:30.764492" elapsed="0.000557"/>
</kw>
<status status="PASS" start="2024-07-04T01:06:30.668420" elapsed="0.096917"/>
</kw>
<doc>Testa se os tipos de dados na resposta da API estão corretos.</doc>
<tag>testeTiposDados</tag>
<status status="PASS" start="2024-07-04T01:06:30.585701" elapsed="0.179810"/>
</test>
<test id="s1-s1-t5" name="Validar conteudo" line="35">
<kw name="Teste de Tipos de Conteudo" owner="random-user-service">
<kw name="GET On Session" owner="RequestsLibrary">
<msg time="2024-07-04T01:06:30.865871" level="INFO">GET Request : url=https://randomuser.me/api 
 path_url=/api 
 headers={'User-Agent': 'python-requests/2.32.3', 'Accept-Encoding': 'gzip, deflate', 'Accept': '*/*', 'Connection': 'keep-alive'} 
 body=None 
 </msg>
<msg time="2024-07-04T01:06:30.865964" level="INFO">GET Response : url=https://randomuser.me/api 
 status=200, reason=OK 
 headers={'Date': 'Thu, 04 Jul 2024 01:06:30 GMT', 'Content-Type': 'application/json; charset=utf-8', 'Transfer-Encoding': 'chunked', 'Connection': 'keep-alive', 'X-Powered-By': 'Express', 'Access-Control-Allow-Origin': '*', 'Cache-Control': 'no-cache', 'ETag': 'W/"49a-Uhpb62v3Y5YBY40BD9FjFAS9OiQ"', 'Vary': 'Accept-Encoding', 'Content-Encoding': 'gzip', 'CF-Cache-Status': 'DYNAMIC', 'Report-To': '{"endpoints":[{"url":"https:\\/\\/a.nel.cloudflare.com\\/report\\/v4?s=i2qlrWuHl%2BmpxHMqIjZGwpqpKppmR%2FWC4508W7mUD3HGMIOZ3undcqAQFRkVrLMgEqzJhTyyTYjrLa2wl1ZHNGiQG0U8MbtIMqRY%2FQKJw8LT3VC9o1NSGYTsWZ04V5d4"}],"group":"cf-nel","max_age":604800}', 'NEL': '{"success_fraction":0,"report_to":"cf-nel","max_age":604800}', 'Server': 'cloudflare', 'CF-RAY': '89db368e5e672898-IAD', 'alt-svc': 'h3=":443"; ma=86400'} 
 body={"results":[{"gender":"male","name":{"title":"Mr","first":"Raven","last":"Van Oostenbrugge"},"location":{"street":{"number":2889,"name":"Jan van Ruusbroecstraat"},"city":"Nijeveen","state":"Zuid-Holland","country":"Netherlands","postcode":"7504 GX","coordinates":{"latitude":"35.5267","longitude":"-99.1340"},"timezone":{"offset":"-3:30","description":"Newfoundland"}},"email":"raven.vanoostenbrugge@example.com","login":{"uuid":"bd54d9f4-fc8a-4766-b8b4-c347a9ce027c","username":"sadfrog803","password":"longdong","salt":"9VHPCAzC","md5":"0dedc139cb123b79ceab8f12ce3e2f87","sha1":"a948251f4da3704fe1efd861f55db741f8f15f40","sha256":"a49571d022b1d3acea433cbd0c76c902e94d9e218db45f5e9c732388687334d5"},"dob":{"date":"1958-08-11T07:08:12.065Z","age":65},"registered":{"date":"2008-02-05T01:14:23.752Z","age":16},"phone":"(0383) 447767","cell":"(06) 49038000","id":{"name":"BSN","value":"80699137"},"picture":{"large":"https://randomuser.me/api/portraits/men/49.jpg","medium":"https://randomuser.me/api/portraits/med/men/49.jpg","thumbnail":"https://randomuser.me/api/portraits/thumb/men/49.jpg"},"nat":"NL"}],"info":{"seed":"89c1dc0d7bd34aa6","results":1,"page":1,"version":"1.4"}} 
 </msg>
<msg time="2024-07-04T01:06:30.866039" level="INFO">/opt/hostedtoolcache/Python/3.12.4/x64/lib/python3.12/site-packages/urllib3/connectionpool.py:1099: InsecureRequestWarning: Unverified HTTPS request is being made to host 'randomuser.me'. Adding certificate verification is strongly advised. See: https://urllib3.readthedocs.io/en/latest/advanced-usage.html#tls-warnings
  warnings.warn(</msg>
<msg time="2024-07-04T01:06:30.866162" level="INFO">${response} = &lt;Response [200]&gt;</msg>
<var>${response}</var>
<arg>consultarAPI</arg>
<arg>/api</arg>
<doc>Sends a GET request on a previously created HTTP Session.</doc>
<status status="PASS" start="2024-07-04T01:06:30.768141" elapsed="0.098070"/>
</kw>
<kw name="Set Variable" owner="BuiltIn">
<msg time="2024-07-04T01:06:30.867405" level="INFO">${json_data} = {'results': [{'gender': 'male', 'name': {'title': 'Mr', 'first': 'Raven', 'last': 'Van Oostenbrugge'}, 'location': {'street': {'number': 2889, 'name': 'Jan van Ruusbroecstraat'}, 'city': 'Nijeveen', '...</msg>
<var>${json_data}</var>
<arg>${response.json()}</arg>
<doc>Returns the given values which can then be assigned to a variables.</doc>
<status status="PASS" start="2024-07-04T01:06:30.866815" elapsed="0.000620"/>
</kw>
<kw name="Set Variable" owner="BuiltIn">
<msg time="2024-07-04T01:06:30.868133" level="INFO">${name_title} = Mr</msg>
<var>${name_title}</var>
<arg>${json_data["results"][0]["name"]["title"]}</arg>
<doc>Returns the given values which can then be assigned to a variables.</doc>
<status status="PASS" start="2024-07-04T01:06:30.867754" elapsed="0.000405"/>
</kw>
<kw name="Create List" owner="BuiltIn">
<msg time="2024-07-04T01:06:30.868604" level="INFO">${allowed_titles} = ['Mr', 'Ms', 'Miss', 'Mrs', 'Madame', 'Monsieur']</msg>
<var>${allowed_titles}</var>
<arg>Mr</arg>
<arg>Ms</arg>
<arg>Miss</arg>
<arg>Mrs</arg>
<arg>Madame</arg>
<arg>Monsieur</arg>
<doc>Returns a list containing given items.</doc>
<status status="PASS" start="2024-07-04T01:06:30.868455" elapsed="0.000174"/>
</kw>
<kw name="List Should Contain Value" owner="Collections">
<arg>${allowed_titles}</arg>
<arg>${name_title}</arg>
<doc>Fails if the ``value`` is not found from ``list``.</doc>
<status status="PASS" start="2024-07-04T01:06:30.868938" elapsed="0.000179"/>
</kw>
<kw name="Set Variable" owner="BuiltIn">
<msg time="2024-07-04T01:06:30.869665" level="INFO">${name_country} = NL</msg>
<var>${name_country}</var>
<arg>${json_data["results"][0]["nat"]}</arg>
<doc>Returns the given values which can then be assigned to a variables.</doc>
<status status="PASS" start="2024-07-04T01:06:30.869301" elapsed="0.000389"/>
</kw>
<kw name="Create List" owner="BuiltIn">
<msg time="2024-07-04T01:06:30.870623" level="INFO">${list_country} = ['AD', 'AE', 'AF', 'AG', 'AI', 'AL', 'AM', 'AO', 'AQ', 'AR', 'AS', 'AT', 'AU', 'AW', 'AX', 'AZ', 'BA', 'BB', 'BD', 'BE', 'BF', 'BG', 'BH', 'BI', 'BJ', 'BL', 'BM', 'BN', 'BO', 'BQ', 'BR', 'BS', 'BT', '...</msg>
<var>${list_country}</var>
<arg>AD</arg>
<arg>AE</arg>
<arg>AF</arg>
<arg>AG</arg>
<arg>AI</arg>
<arg>AL</arg>
<arg>AM</arg>
<arg>AO</arg>
<arg>AQ</arg>
<arg>AR</arg>
<arg>AS</arg>
<arg>AT</arg>
<arg>AU</arg>
<arg>AW</arg>
<arg>AX</arg>
<arg>AZ</arg>
<arg>BA</arg>
<arg>BB</arg>
<arg>BD</arg>
<arg>BE</arg>
<arg>BF</arg>
<arg>BG</arg>
<arg>BH</arg>
<arg>BI</arg>
<arg>BJ</arg>
<arg>BL</arg>
<arg>BM</arg>
<arg>BN</arg>
<arg>BO</arg>
<arg>BQ</arg>
<arg>BR</arg>
<arg>BS</arg>
<arg>BT</arg>
<arg>BV</arg>
<arg>BW</arg>
<arg>BY</arg>
<arg>BZ</arg>
<arg>CA</arg>
<arg>CC</arg>
<arg>CD</arg>
<arg>CF</arg>
<arg>CG</arg>
<arg>CH</arg>
<arg>CI</arg>
<arg>CK</arg>
<arg>CL</arg>
<arg>CM</arg>
<arg>CN</arg>
<arg>CO</arg>
<arg>CR</arg>
<arg>CU</arg>
<arg>CV</arg>
<arg>CW</arg>
<arg>CX</arg>
<arg>CY</arg>
<arg>CZ</arg>
<arg>DE</arg>
<arg>DJ</arg>
<arg>DK</arg>
<arg>DM</arg>
<arg>DO</arg>
<arg>DZ</arg>
<arg>EC</arg>
<arg>EE</arg>
<arg>EG</arg>
<arg>EH</arg>
<arg>ER</arg>
<arg>ES</arg>
<arg>ET</arg>
<arg>FI</arg>
<arg>FJ</arg>
<arg>FK</arg>
<arg>FM</arg>
<arg>FO</arg>
<arg>FR</arg>
<arg>GA</arg>
<arg>GB</arg>
<arg>GD</arg>
<arg>GE</arg>
<arg>GF</arg>
<arg>GG</arg>
<arg>GH</arg>
<arg>GI</arg>
<arg>GL</arg>
<arg>GM</arg>
<arg>GN</arg>
<arg>GP</arg>
<arg>GQ</arg>
<arg>GR</arg>
<arg>GS</arg>
<arg>GT</arg>
<arg>GU</arg>
<arg>GW</arg>
<arg>GY</arg>
<arg>HK</arg>
<arg>HM</arg>
<arg>HN</arg>
<arg>HR</arg>
<arg>HT</arg>
<arg>HU</arg>
<arg>ID</arg>
<arg>IE</arg>
<arg>IL</arg>
<arg>IM</arg>
<arg>IN</arg>
<arg>IO</arg>
<arg>IQ</arg>
<arg>IR</arg>
<arg>IS</arg>
<arg>IT</arg>
<arg>JE</arg>
<arg>JM</arg>
<arg>JO</arg>
<arg>JP</arg>
<arg>KE</arg>
<arg>KG</arg>
<arg>KH</arg>
<arg>KI</arg>
<arg>KM</arg>
<arg>KN</arg>
<arg>KP</arg>
<arg>KR</arg>
<arg>KW</arg>
<arg>KY</arg>
<arg>KZ</arg>
<arg>LA</arg>
<arg>LB</arg>
<arg>LC</arg>
<arg>LI</arg>
<arg>LK</arg>
<arg>LR</arg>
<arg>LS</arg>
<arg>LT</arg>
<arg>LU</arg>
<arg>LV</arg>
<arg>LY</arg>
<arg>MA</arg>
<arg>MC</arg>
<arg>MD</arg>
<arg>ME</arg>
<arg>MF</arg>
<arg>MG</arg>
<arg>MH</arg>
<arg>MK</arg>
<arg>ML</arg>
<arg>MM</arg>
<arg>MN</arg>
<arg>MO</arg>
<arg>MP</arg>
<arg>MQ</arg>
<arg>MR</arg>
<arg>MS</arg>
<arg>MT</arg>
<arg>MU</arg>
<arg>MV</arg>
<arg>MW</arg>
<arg>MX</arg>
<arg>MY</arg>
<arg>MZ</arg>
<arg>NA</arg>
<arg>NC</arg>
<arg>NE</arg>
<arg>NF</arg>
<arg>NG</arg>
<arg>NI</arg>
<arg>NL</arg>
<arg>NO</arg>
<arg>NP</arg>
<arg>NR</arg>
<arg>NU</arg>
<arg>NZ</arg>
<arg>OM</arg>
<arg>PA</arg>
<arg>PE</arg>
<arg>PF</arg>
<arg>PG</arg>
<arg>PH</arg>
<arg>PK</arg>
<arg>PL</arg>
<arg>PM</arg>
<arg>PN</arg>
<arg>PR</arg>
<arg>PS</arg>
<arg>PT</arg>
<arg>PW</arg>
<arg>PY</arg>
<arg>QA</arg>
<arg>RE</arg>
<arg>RO</arg>
<arg>RS</arg>
<arg>RU</arg>
<arg>RW</arg>
<arg>SA</arg>
<arg>SB</arg>
<arg>SC</arg>
<arg>SD</arg>
<arg>SE</arg>
<arg>SG</arg>
<arg>SH</arg>
<arg>SI</arg>
<arg>SJ</arg>
<arg>SK</arg>
<arg>SL</arg>
<arg>SM</arg>
<arg>SN</arg>
<arg>SO</arg>
<arg>SR</arg>
<arg>SS</arg>
<arg>ST</arg>
<arg>SV</arg>
<arg>SX</arg>
<arg>SY</arg>
<arg>SZ</arg>
<arg>TC</arg>
<arg>TD</arg>
<arg>TF</arg>
<arg>TG</arg>
<arg>TH</arg>
<arg>TJ</arg>
<arg>TK</arg>
<arg>TL</arg>
<arg>TM</arg>
<arg>TN</arg>
<arg>TO</arg>
<arg>TR</arg>
<arg>TT</arg>
<arg>TV</arg>
<arg>TW</arg>
<arg>TZ</arg>
<arg>UA</arg>
<arg>UG</arg>
<arg>UM</arg>
<arg>US</arg>
<arg>UY</arg>
<arg>UZ</arg>
<arg>VA</arg>
<arg>VC</arg>
<arg>VE</arg>
<arg>VG</arg>
<arg>VI</arg>
<arg>VN</arg>
<arg>VU</arg>
<arg>WF</arg>
<arg>WS</arg>
<arg>XK</arg>
<arg>YE</arg>
<arg>YT</arg>
<arg>ZA</arg>
<arg>ZM</arg>
<arg>ZW</arg>
<doc>Returns a list containing given items.</doc>
<status status="PASS" start="2024-07-04T01:06:30.869986" elapsed="0.000664"/>
</kw>
<kw name="List Should Contain Value" owner="Collections">
<arg>${list_country}</arg>
<arg>${name_country}</arg>
<doc>Fails if the ``value`` is not found from ``list``.</doc>
<status status="PASS" start="2024-07-04T01:06:30.871451" elapsed="0.000204"/>
</kw>
<kw name="Run Keyword If" owner="BuiltIn">
<kw name="Should Be True" owner="BuiltIn">
<arg>${True}</arg>
<doc>Fails if the given condition is not true.</doc>
<status status="PASS" start="2024-07-04T01:06:30.872587" elapsed="0.000140"/>
</kw>
<arg>${json_data["results"][0]["location"]["coordinates"]["latitude"]} &gt;= -90 and ${json_data["results"][0]["location"]["coordinates"]["latitude"]} &lt;= 90</arg>
<arg>Should Be True</arg>
<arg>${True}</arg>
<doc>Runs the given keyword with the given arguments, if ``condition`` is true.</doc>
<status status="PASS" start="2024-07-04T01:06:30.871852" elapsed="0.001001"/>
</kw>
<kw name="Run Keyword If" owner="BuiltIn">
<kw name="Should Be True" owner="BuiltIn">
<arg>${True}</arg>
<doc>Fails if the given condition is not true.</doc>
<status status="PASS" start="2024-07-04T01:06:30.873734" elapsed="0.000239"/>
</kw>
<arg>${json_data["results"][0]["location"]["coordinates"]["longitude"]} &gt;= -180 and ${json_data["results"][0]["location"]["coordinates"]["longitude"]} &lt;= 180</arg>
<arg>Should Be True</arg>
<arg>${True}</arg>
<doc>Runs the given keyword with the given arguments, if ``condition`` is true.</doc>
<status status="PASS" start="2024-07-04T01:06:30.873033" elapsed="0.001071"/>
</kw>
<status status="PASS" start="2024-07-04T01:06:30.767912" elapsed="0.106324"/>
</kw>
<doc>Testa o conteúdo específico dos campos retornados pela API.</doc>
<tag>testeConteudo</tag>
<status status="PASS" start="2024-07-04T01:06:30.767350" elapsed="0.107034"/>
</test>
<status status="PASS" start="2024-07-04T01:06:29.871304" elapsed="1.005105"/>
</suite>
<status status="PASS" start="2024-07-04T01:06:29.856641" elapsed="1.024875"/>
</suite>
<statistics>
<total>
<stat pass="5" fail="0" skip="0">All Tests</stat>
</total>
<tag>
<stat pass="1" fail="0" skip="0">testeConteudo</stat>
<stat pass="1" fail="0" skip="0">testeEstruturaResposta</stat>
<stat pass="1" fail="0" skip="0">testeRequisicaoBasica</stat>
<stat pass="1" fail="0" skip="0">testeTiposDados</stat>
</tag>
<suite>
<stat pass="5" fail="0" skip="0" id="s1" name="Tests">Tests</stat>
<stat pass="5" fail="0" skip="0" id="s1-s1" name="Random-User-Test">Tests.Random-User-Test</stat>
</suite>
</statistics>
<errors>
</errors>
</robot>
