<?xml version="1.0" encoding="UTF-8"?>
<robot generator="Robot 7.0 (Python 3.12.3 on linux)" generated="2024-05-19T08:16:44.255791" rpa="false" schemaversion="5">
<suite id="s1" name="Tests" source="/home/runner/work/DesafioQAItauRogerioJordao/DesafioQAItauRogerioJordao/RamdonUser/tests">
<suite id="s1-s1" name="Random-User-Test" source="/home/runner/work/DesafioQAItauRogerioJordao/DesafioQAItauRogerioJordao/RamdonUser/tests/random-user-test.robot">
<test id="s1-s1-t1" name="Conectar" line="13">
<kw name="Conectar API" owner="random-user-service">
<kw name="Create Session" owner="RequestsLibrary">
<msg time="2024-05-19T08:16:44.609606" level="INFO">Creating Session using : alias=consultarAPI, url=https://randomuser.me/, headers={},                     cookies={}, auth=None, timeout=None, proxies=None, verify=False,                     debug=0 </msg>
<arg>consultarAPI</arg>
<arg>${URL}</arg>
<doc>Create Session: create a HTTP session to a server</doc>
<status status="PASS" start="2024-05-19T08:16:44.609403" elapsed="0.000378"/>
</kw>
<status status="PASS" start="2024-05-19T08:16:44.608386" elapsed="0.001766"/>
</kw>
<status status="PASS" start="2024-05-19T08:16:44.607863" elapsed="0.002485"/>
</test>
<test id="s1-s1-t2" name="Validar retorno 200 e JSON Válido" line="16">
<kw name="Teste de Requisicao Basica" owner="random-user-service">
<kw name="GET On Session" owner="RequestsLibrary">
<msg time="2024-05-19T08:16:44.827424" level="INFO">GET Request : url=https://randomuser.me/api 
 path_url=/api 
 headers={'User-Agent': 'python-requests/2.31.0', 'Accept-Encoding': 'gzip, deflate', 'Accept': '*/*', 'Connection': 'keep-alive'} 
 body=None 
 </msg>
<msg time="2024-05-19T08:16:44.827576" level="INFO">GET Response : url=https://randomuser.me/api 
 status=200, reason=OK 
 headers={'Date': 'Sun, 19 May 2024 08:16:44 GMT', 'Content-Type': 'application/json; charset=utf-8', 'Transfer-Encoding': 'chunked', 'Connection': 'keep-alive', 'X-Powered-By': 'Express', 'Access-Control-Allow-Origin': '*', 'Cache-Control': 'no-cache', 'ETag': 'W/"490-Lgiltrj+uf5MTQdLzPuZSZSOKFQ"', 'Vary': 'Accept-Encoding', 'Content-Encoding': 'gzip', 'CF-Cache-Status': 'DYNAMIC', 'Report-To': '{"endpoints":[{"url":"https:\\/\\/a.nel.cloudflare.com\\/report\\/v4?s=jdRNifZqc3t0I7yGZAYNIqU7P1%2BgH7c4Mxg%2BV%2B3%2BLZLg7%2F8k%2BnmMgxcr%2BuaZ%2BBZXRtbX2B8YVjq4V8ZETLOMfxTuhyDJ63PYuaZ%2Bgs%2FMudRoR%2BE1ukGK3y%2FOp5lwa94r"}],"group":"cf-nel","max_age":604800}', 'NEL': '{"success_fraction":0,"report_to":"cf-nel","max_age":604800}', 'Server': 'cloudflare', 'CF-RAY': '8862a587f8a68f1a-IAD', 'alt-svc': 'h3=":443"; ma=86400'} 
 body={"results":[{"gender":"male","name":{"title":"Mr","first":"آریا","last":"رضاییان"},"location":{"street":{"number":4369,"name":"مصطفی خمینی"},"city":"همدان","state":"یزد","country":"Iran","postcode":12630,"coordinates":{"latitude":"13.3331","longitude":"-170.7028"},"timezone":{"offset":"+3:00","description":"Baghdad, Riyadh, Moscow, St. Petersburg"}},"email":"ary.rdyyn@example.com","login":{"uuid":"23869cf0-4f98-4f11-9dac-07c55d94a2d8","username":"redrabbit141","password":"skyhawk","salt":"s7JI0ef2","md5":"626d6ddd112a9c42d1b1c79da2f90d52","sha1":"35738660374b93a5de23f82e9c665f9ea508114c","sha256":"9a560d80c593e3eef1a3a6d515de5f48aa7dd5f7bf1c19ae89c07b44f0ac5581"},"dob":{"date":"1972-03-01T13:52:04.096Z","age":52},"registered":{"date":"2018-05-22T03:05:29.037Z","age":5},"phone":"038-52618596","cell":"0987-680-9569","id":{"name":"","value":null},"picture":{"large":"https://randomuser.me/api/portraits/men/37.jpg","medium":"https://randomuser.me/api/portraits/med/men/37.jpg","thumbnail":"https://randomuser.me/api/portraits/thumb/men/37.jpg"},"nat":"IR"}],"info":{"seed":"5b5847dd28df00e9","results":1,"page":1,"version":"1.4"}} 
 </msg>
<msg time="2024-05-19T08:16:44.827662" level="INFO">/opt/hostedtoolcache/Python/3.12.3/x64/lib/python3.12/site-packages/urllib3/connectionpool.py:1103: InsecureRequestWarning: Unverified HTTPS request is being made to host 'randomuser.me'. Adding certificate verification is strongly advised. See: https://urllib3.readthedocs.io/en/latest/advanced-usage.html#tls-warnings
  warnings.warn(</msg>
<msg time="2024-05-19T08:16:44.827806" level="INFO">${response} = &lt;Response [200]&gt;</msg>
<var>${response}</var>
<arg>consultarAPI</arg>
<arg>/api</arg>
<doc>Sends a GET request on a previously created HTTP Session.</doc>
<status status="PASS" start="2024-05-19T08:16:44.613013" elapsed="0.214834"/>
</kw>
<kw name="Should Be Equal As Numbers" owner="BuiltIn">
<msg time="2024-05-19T08:16:44.828969" level="INFO">Argument types are:
&lt;class 'int'&gt;
&lt;class 'str'&gt;</msg>
<arg>${response.status_code}</arg>
<arg>200</arg>
<doc>Fails if objects are unequal after converting them to real numbers.</doc>
<status status="PASS" start="2024-05-19T08:16:44.828470" elapsed="0.000566"/>
</kw>
<kw name="Log" owner="BuiltIn">
<msg time="2024-05-19T08:16:44.829786" level="INFO">200</msg>
<arg>${response.status_code}</arg>
<doc>Logs the given message with the given level.</doc>
<status status="PASS" start="2024-05-19T08:16:44.829427" elapsed="0.000402"/>
</kw>
<kw name="Set Variable" owner="BuiltIn">
<msg time="2024-05-19T08:16:44.830584" level="INFO">${json_data} = {'results': [{'gender': 'male', 'name': {'title': 'Mr', 'first': 'آریا', 'last': 'رضاییان'}, 'location': {'street': {'number': 4369, 'name': 'مصطفی خمینی'}, 'city': 'همدان', 'state': 'یزد', 'country':...</msg>
<var>${json_data}</var>
<arg>${response.json()}</arg>
<doc>Returns the given values which can then be assigned to a variables.</doc>
<status status="PASS" start="2024-05-19T08:16:44.830137" elapsed="0.000479"/>
</kw>
<kw name="Dictionary Should Contain Key" owner="Collections">
<msg time="2024-05-19T08:16:44.831099" level="INFO">False</msg>
<arg>${json_data}</arg>
<arg>results</arg>
<doc>Fails if ``key`` is not found from ``dictionary``.</doc>
<status status="PASS" start="2024-05-19T08:16:44.830920" elapsed="0.000219"/>
</kw>
<status status="PASS" start="2024-05-19T08:16:44.612768" elapsed="0.218636"/>
</kw>
<doc>Testa se a API responde corretamente e retorna um objeto JSON válido.</doc>
<tag>testeRequisicaoBasica</tag>
<status status="PASS" start="2024-05-19T08:16:44.612237" elapsed="0.219350"/>
</test>
<test id="s1-s1-t3" name="Validar estrutura de resposta" line="22">
<kw name="Teste de Estrutura de Resposta" owner="random-user-service">
<kw name="GET On Session" owner="RequestsLibrary">
<msg time="2024-05-19T08:16:44.923933" level="INFO">GET Request : url=https://randomuser.me/api 
 path_url=/api 
 headers={'User-Agent': 'python-requests/2.31.0', 'Accept-Encoding': 'gzip, deflate', 'Accept': '*/*', 'Connection': 'keep-alive'} 
 body=None 
 </msg>
<msg time="2024-05-19T08:16:44.924019" level="INFO">GET Response : url=https://randomuser.me/api 
 status=200, reason=OK 
 headers={'Date': 'Sun, 19 May 2024 08:16:44 GMT', 'Content-Type': 'application/json; charset=utf-8', 'Transfer-Encoding': 'chunked', 'Connection': 'keep-alive', 'X-Powered-By': 'Express', 'Access-Control-Allow-Origin': '*', 'Cache-Control': 'no-cache', 'ETag': 'W/"4b4-1QDxbrlta5xffZb4laxJZCXYZYA"', 'Vary': 'Accept-Encoding', 'Content-Encoding': 'gzip', 'CF-Cache-Status': 'DYNAMIC', 'Report-To': '{"endpoints":[{"url":"https:\\/\\/a.nel.cloudflare.com\\/report\\/v4?s=XMeKptaETGsntBSht7HIaR7VS8eH%2BmgXDqVRHQcKgj7Tpl6LDrmv4RR3bpg1MhZbHO4WaGLx%2Bo%2BFo%2Fs3EzIwzrrhH2XRXDAv1Y%2FMI3Ox3%2FdOf6rxkp%2FjcdiP41Uq3XvW"}],"group":"cf-nel","max_age":604800}', 'NEL': '{"success_fraction":0,"report_to":"cf-nel","max_age":604800}', 'Server': 'cloudflare', 'CF-RAY': '8862a58838cf8f1a-IAD', 'alt-svc': 'h3=":443"; ma=86400'} 
 body={"results":[{"gender":"female","name":{"title":"Mrs","first":"Nancy","last":"Longoria"},"location":{"street":{"number":5687,"name":"Ampliación Medina"},"city":"Asunción Ixtaltepec","state":"Guanajuato","country":"Mexico","postcode":78038,"coordinates":{"latitude":"29.9325","longitude":"67.8310"},"timezone":{"offset":"+10:00","description":"Eastern Australia, Guam, Vladivostok"}},"email":"nancy.longoria@example.com","login":{"uuid":"c77f9005-cf8e-487f-88ba-b70a3b20cd8f","username":"purplepanda506","password":"philippe","salt":"8H3FD8sF","md5":"fdbae44d3cfc66e235f6debeb62bbf2d","sha1":"accc065051d812b9b6cbfafd71b18d6fac1fd449","sha256":"4d3b32eeb6a2bd8f891f6d51980d879cc0ac8fa6fea2e71de99c85a9ac6daacd"},"dob":{"date":"1945-11-01T21:14:38.581Z","age":78},"registered":{"date":"2014-11-05T23:49:01.807Z","age":9},"phone":"(671) 078 5972","cell":"(645) 669 3415","id":{"name":"NSS","value":"61 07 66 8375 0"},"picture":{"large":"https://randomuser.me/api/portraits/women/22.jpg","medium":"https://randomuser.me/api/portraits/med/women/22.jpg","thumbnail":"https://randomuser.me/api/portraits/thumb/women/22.jpg"},"nat":"MX"}],"info":{"seed":"07af687775ffae00","results":1,"page":1,"version":"1.4"}} 
 </msg>
<msg time="2024-05-19T08:16:44.924137" level="INFO">/opt/hostedtoolcache/Python/3.12.3/x64/lib/python3.12/site-packages/urllib3/connectionpool.py:1103: InsecureRequestWarning: Unverified HTTPS request is being made to host 'randomuser.me'. Adding certificate verification is strongly advised. See: https://urllib3.readthedocs.io/en/latest/advanced-usage.html#tls-warnings
  warnings.warn(</msg>
<msg time="2024-05-19T08:16:44.924283" level="INFO">${response} = &lt;Response [200]&gt;</msg>
<var>${response}</var>
<arg>consultarAPI</arg>
<arg>/api</arg>
<doc>Sends a GET request on a previously created HTTP Session.</doc>
<status status="PASS" start="2024-05-19T08:16:44.834298" elapsed="0.090032"/>
</kw>
<kw name="Set Variable" owner="BuiltIn">
<msg time="2024-05-19T08:16:44.925456" level="INFO">${json_data} = {'results': [{'gender': 'female', 'name': {'title': 'Mrs', 'first': 'Nancy', 'last': 'Longoria'}, 'location': {'street': {'number': 5687, 'name': 'Ampliación Medina'}, 'city': 'Asunción Ixtaltepec', '...</msg>
<var>${json_data}</var>
<arg>${response.json()}</arg>
<doc>Returns the given values which can then be assigned to a variables.</doc>
<status status="PASS" start="2024-05-19T08:16:44.924849" elapsed="0.000638"/>
</kw>
<kw name="Log" owner="BuiltIn">
<msg time="2024-05-19T08:16:44.925964" level="INFO">{'results': [{'gender': 'female', 'name': {'title': 'Mrs', 'first': 'Nancy', 'last': 'Longoria'}, 'location': {'street': {'number': 5687, 'name': 'Ampliación Medina'}, 'city': 'Asunción Ixtaltepec', 'state': 'Guanajuato', 'country': 'Mexico', 'postcode': 78038, 'coordinates': {'latitude': '29.9325', 'longitude': '67.8310'}, 'timezone': {'offset': '+10:00', 'description': 'Eastern Australia, Guam, Vladivostok'}}, 'email': 'nancy.longoria@example.com', 'login': {'uuid': 'c77f9005-cf8e-487f-88ba-b70a3b20cd8f', 'username': 'purplepanda506', 'password': 'philippe', 'salt': '8H3FD8sF', 'md5': 'fdbae44d3cfc66e235f6debeb62bbf2d', 'sha1': 'accc065051d812b9b6cbfafd71b18d6fac1fd449', 'sha256': '4d3b32eeb6a2bd8f891f6d51980d879cc0ac8fa6fea2e71de99c85a9ac6daacd'}, 'dob': {'date': '1945-11-01T21:14:38.581Z', 'age': 78}, 'registered': {'date': '2014-11-05T23:49:01.807Z', 'age': 9}, 'phone': '(671) 078 5972', 'cell': '(645) 669 3415', 'id': {'name': 'NSS', 'value': '61 07 66 8375 0'}, 'picture': {'large': 'https://randomuser.me/api/portraits/women/22.jpg', 'medium': 'https://randomuser.me/api/portraits/med/women/22.jpg', 'thumbnail': 'https://randomuser.me/api/portraits/thumb/women/22.jpg'}, 'nat': 'MX'}], 'info': {'seed': '07af687775ffae00', 'results': 1, 'page': 1, 'version': '1.4'}}</msg>
<arg>${json_data}</arg>
<doc>Logs the given message with the given level.</doc>
<status status="PASS" start="2024-05-19T08:16:44.925802" elapsed="0.000212"/>
</kw>
<kw name="Dictionary Should Contain Key" owner="Collections">
<msg time="2024-05-19T08:16:44.926478" level="INFO">False</msg>
<arg>${json_data}</arg>
<arg>results</arg>
<doc>Fails if ``key`` is not found from ``dictionary``.</doc>
<status status="PASS" start="2024-05-19T08:16:44.926310" elapsed="0.000205"/>
</kw>
<kw name="Should Not Be Empty" owner="BuiltIn">
<msg time="2024-05-19T08:16:44.926952" level="INFO">Length is 2.</msg>
<arg>${json_data}</arg>
<doc>Verifies that the given item is not empty.</doc>
<status status="PASS" start="2024-05-19T08:16:44.926818" elapsed="0.000314"/>
</kw>
<kw name="Create List" owner="BuiltIn">
<msg time="2024-05-19T08:16:44.927589" level="INFO">${expected_keys} = ['gender', 'name', 'location', 'email', 'login']</msg>
<var>${expected_keys}</var>
<arg>gender</arg>
<arg>name</arg>
<arg>location</arg>
<arg>email</arg>
<arg>login</arg>
<doc>Returns a list containing given items.</doc>
<status status="PASS" start="2024-05-19T08:16:44.927431" elapsed="0.000182"/>
</kw>
<for flavor="IN">
<iter>
<kw name="Dictionary Should Contain Key" owner="Collections">
<msg time="2024-05-19T08:16:44.928615" level="INFO">False</msg>
<arg>${json_data['results'][0]}</arg>
<arg>${key}</arg>
<doc>Fails if ``key`` is not found from ``dictionary``.</doc>
<status status="PASS" start="2024-05-19T08:16:44.928206" elapsed="0.000447"/>
</kw>
<kw name="Log" owner="BuiltIn">
<msg time="2024-05-19T08:16:44.929349" level="INFO">{'gender': 'female', 'name': {'title': 'Mrs', 'first': 'Nancy', 'last': 'Longoria'}, 'location': {'street': {'number': 5687, 'name': 'Ampliación Medina'}, 'city': 'Asunción Ixtaltepec', 'state': 'Guanajuato', 'country': 'Mexico', 'postcode': 78038, 'coordinates': {'latitude': '29.9325', 'longitude': '67.8310'}, 'timezone': {'offset': '+10:00', 'description': 'Eastern Australia, Guam, Vladivostok'}}, 'email': 'nancy.longoria@example.com', 'login': {'uuid': 'c77f9005-cf8e-487f-88ba-b70a3b20cd8f', 'username': 'purplepanda506', 'password': 'philippe', 'salt': '8H3FD8sF', 'md5': 'fdbae44d3cfc66e235f6debeb62bbf2d', 'sha1': 'accc065051d812b9b6cbfafd71b18d6fac1fd449', 'sha256': '4d3b32eeb6a2bd8f891f6d51980d879cc0ac8fa6fea2e71de99c85a9ac6daacd'}, 'dob': {'date': '1945-11-01T21:14:38.581Z', 'age': 78}, 'registered': {'date': '2014-11-05T23:49:01.807Z', 'age': 9}, 'phone': '(671) 078 5972', 'cell': '(645) 669 3415', 'id': {'name': 'NSS', 'value': '61 07 66 8375 0'}, 'picture': {'large': 'https://randomuser.me/api/portraits/women/22.jpg', 'medium': 'https://randomuser.me/api/portraits/med/women/22.jpg', 'thumbnail': 'https://randomuser.me/api/portraits/thumb/women/22.jpg'}, 'nat': 'MX'}</msg>
<arg>${json_data['results'][0]}</arg>
<doc>Logs the given message with the given level.</doc>
<status status="PASS" start="2024-05-19T08:16:44.928952" elapsed="0.000448"/>
</kw>
<kw name="Log" owner="BuiltIn">
<msg time="2024-05-19T08:16:44.929839" level="INFO">gender</msg>
<arg>${key}</arg>
<doc>Logs the given message with the given level.</doc>
<status status="PASS" start="2024-05-19T08:16:44.929710" elapsed="0.000166"/>
</kw>
<var name="${key}">gender</var>
<status status="PASS" start="2024-05-19T08:16:44.928078" elapsed="0.002013"/>
</iter>
<iter>
<kw name="Dictionary Should Contain Key" owner="Collections">
<msg time="2024-05-19T08:16:44.930778" level="INFO">False</msg>
<arg>${json_data['results'][0]}</arg>
<arg>${key}</arg>
<doc>Fails if ``key`` is not found from ``dictionary``.</doc>
<status status="PASS" start="2024-05-19T08:16:44.930394" elapsed="0.000456"/>
</kw>
<kw name="Log" owner="BuiltIn">
<msg time="2024-05-19T08:16:44.931510" level="INFO">{'gender': 'female', 'name': {'title': 'Mrs', 'first': 'Nancy', 'last': 'Longoria'}, 'location': {'street': {'number': 5687, 'name': 'Ampliación Medina'}, 'city': 'Asunción Ixtaltepec', 'state': 'Guanajuato', 'country': 'Mexico', 'postcode': 78038, 'coordinates': {'latitude': '29.9325', 'longitude': '67.8310'}, 'timezone': {'offset': '+10:00', 'description': 'Eastern Australia, Guam, Vladivostok'}}, 'email': 'nancy.longoria@example.com', 'login': {'uuid': 'c77f9005-cf8e-487f-88ba-b70a3b20cd8f', 'username': 'purplepanda506', 'password': 'philippe', 'salt': '8H3FD8sF', 'md5': 'fdbae44d3cfc66e235f6debeb62bbf2d', 'sha1': 'accc065051d812b9b6cbfafd71b18d6fac1fd449', 'sha256': '4d3b32eeb6a2bd8f891f6d51980d879cc0ac8fa6fea2e71de99c85a9ac6daacd'}, 'dob': {'date': '1945-11-01T21:14:38.581Z', 'age': 78}, 'registered': {'date': '2014-11-05T23:49:01.807Z', 'age': 9}, 'phone': '(671) 078 5972', 'cell': '(645) 669 3415', 'id': {'name': 'NSS', 'value': '61 07 66 8375 0'}, 'picture': {'large': 'https://randomuser.me/api/portraits/women/22.jpg', 'medium': 'https://randomuser.me/api/portraits/med/women/22.jpg', 'thumbnail': 'https://randomuser.me/api/portraits/thumb/women/22.jpg'}, 'nat': 'MX'}</msg>
<arg>${json_data['results'][0]}</arg>
<doc>Logs the given message with the given level.</doc>
<status status="PASS" start="2024-05-19T08:16:44.931153" elapsed="0.000407"/>
</kw>
<kw name="Log" owner="BuiltIn">
<msg time="2024-05-19T08:16:44.931984" level="INFO">name</msg>
<arg>${key}</arg>
<doc>Logs the given message with the given level.</doc>
<status status="PASS" start="2024-05-19T08:16:44.931857" elapsed="0.000164"/>
</kw>
<var name="${key}">name</var>
<status status="PASS" start="2024-05-19T08:16:44.930278" elapsed="0.001958"/>
</iter>
<iter>
<kw name="Dictionary Should Contain Key" owner="Collections">
<msg time="2024-05-19T08:16:44.932906" level="INFO">False</msg>
<arg>${json_data['results'][0]}</arg>
<arg>${key}</arg>
<doc>Fails if ``key`` is not found from ``dictionary``.</doc>
<status status="PASS" start="2024-05-19T08:16:44.932524" elapsed="0.000419"/>
</kw>
<kw name="Log" owner="BuiltIn">
<msg time="2024-05-19T08:16:44.933641" level="INFO">{'gender': 'female', 'name': {'title': 'Mrs', 'first': 'Nancy', 'last': 'Longoria'}, 'location': {'street': {'number': 5687, 'name': 'Ampliación Medina'}, 'city': 'Asunción Ixtaltepec', 'state': 'Guanajuato', 'country': 'Mexico', 'postcode': 78038, 'coordinates': {'latitude': '29.9325', 'longitude': '67.8310'}, 'timezone': {'offset': '+10:00', 'description': 'Eastern Australia, Guam, Vladivostok'}}, 'email': 'nancy.longoria@example.com', 'login': {'uuid': 'c77f9005-cf8e-487f-88ba-b70a3b20cd8f', 'username': 'purplepanda506', 'password': 'philippe', 'salt': '8H3FD8sF', 'md5': 'fdbae44d3cfc66e235f6debeb62bbf2d', 'sha1': 'accc065051d812b9b6cbfafd71b18d6fac1fd449', 'sha256': '4d3b32eeb6a2bd8f891f6d51980d879cc0ac8fa6fea2e71de99c85a9ac6daacd'}, 'dob': {'date': '1945-11-01T21:14:38.581Z', 'age': 78}, 'registered': {'date': '2014-11-05T23:49:01.807Z', 'age': 9}, 'phone': '(671) 078 5972', 'cell': '(645) 669 3415', 'id': {'name': 'NSS', 'value': '61 07 66 8375 0'}, 'picture': {'large': 'https://randomuser.me/api/portraits/women/22.jpg', 'medium': 'https://randomuser.me/api/portraits/med/women/22.jpg', 'thumbnail': 'https://randomuser.me/api/portraits/thumb/women/22.jpg'}, 'nat': 'MX'}</msg>
<arg>${json_data['results'][0]}</arg>
<doc>Logs the given message with the given level.</doc>
<status status="PASS" start="2024-05-19T08:16:44.933273" elapsed="0.000419"/>
</kw>
<kw name="Log" owner="BuiltIn">
<msg time="2024-05-19T08:16:44.934109" level="INFO">location</msg>
<arg>${key}</arg>
<doc>Logs the given message with the given level.</doc>
<status status="PASS" start="2024-05-19T08:16:44.933985" elapsed="0.000162"/>
</kw>
<var name="${key}">location</var>
<status status="PASS" start="2024-05-19T08:16:44.932412" elapsed="0.001945"/>
</iter>
<iter>
<kw name="Dictionary Should Contain Key" owner="Collections">
<msg time="2024-05-19T08:16:44.935030" level="INFO">False</msg>
<arg>${json_data['results'][0]}</arg>
<arg>${key}</arg>
<doc>Fails if ``key`` is not found from ``dictionary``.</doc>
<status status="PASS" start="2024-05-19T08:16:44.934649" elapsed="0.000417"/>
</kw>
<kw name="Log" owner="BuiltIn">
<msg time="2024-05-19T08:16:44.935715" level="INFO">{'gender': 'female', 'name': {'title': 'Mrs', 'first': 'Nancy', 'last': 'Longoria'}, 'location': {'street': {'number': 5687, 'name': 'Ampliación Medina'}, 'city': 'Asunción Ixtaltepec', 'state': 'Guanajuato', 'country': 'Mexico', 'postcode': 78038, 'coordinates': {'latitude': '29.9325', 'longitude': '67.8310'}, 'timezone': {'offset': '+10:00', 'description': 'Eastern Australia, Guam, Vladivostok'}}, 'email': 'nancy.longoria@example.com', 'login': {'uuid': 'c77f9005-cf8e-487f-88ba-b70a3b20cd8f', 'username': 'purplepanda506', 'password': 'philippe', 'salt': '8H3FD8sF', 'md5': 'fdbae44d3cfc66e235f6debeb62bbf2d', 'sha1': 'accc065051d812b9b6cbfafd71b18d6fac1fd449', 'sha256': '4d3b32eeb6a2bd8f891f6d51980d879cc0ac8fa6fea2e71de99c85a9ac6daacd'}, 'dob': {'date': '1945-11-01T21:14:38.581Z', 'age': 78}, 'registered': {'date': '2014-11-05T23:49:01.807Z', 'age': 9}, 'phone': '(671) 078 5972', 'cell': '(645) 669 3415', 'id': {'name': 'NSS', 'value': '61 07 66 8375 0'}, 'picture': {'large': 'https://randomuser.me/api/portraits/women/22.jpg', 'medium': 'https://randomuser.me/api/portraits/med/women/22.jpg', 'thumbnail': 'https://randomuser.me/api/portraits/thumb/women/22.jpg'}, 'nat': 'MX'}</msg>
<arg>${json_data['results'][0]}</arg>
<doc>Logs the given message with the given level.</doc>
<status status="PASS" start="2024-05-19T08:16:44.935360" elapsed="0.000405"/>
</kw>
<kw name="Log" owner="BuiltIn">
<msg time="2024-05-19T08:16:44.936183" level="INFO">email</msg>
<arg>${key}</arg>
<doc>Logs the given message with the given level.</doc>
<status status="PASS" start="2024-05-19T08:16:44.936057" elapsed="0.000163"/>
</kw>
<var name="${key}">email</var>
<status status="PASS" start="2024-05-19T08:16:44.934531" elapsed="0.001904"/>
</iter>
<iter>
<kw name="Dictionary Should Contain Key" owner="Collections">
<msg time="2024-05-19T08:16:44.937100" level="INFO">False</msg>
<arg>${json_data['results'][0]}</arg>
<arg>${key}</arg>
<doc>Fails if ``key`` is not found from ``dictionary``.</doc>
<status status="PASS" start="2024-05-19T08:16:44.936717" elapsed="0.000421"/>
</kw>
<kw name="Log" owner="BuiltIn">
<msg time="2024-05-19T08:16:44.937832" level="INFO">{'gender': 'female', 'name': {'title': 'Mrs', 'first': 'Nancy', 'last': 'Longoria'}, 'location': {'street': {'number': 5687, 'name': 'Ampliación Medina'}, 'city': 'Asunción Ixtaltepec', 'state': 'Guanajuato', 'country': 'Mexico', 'postcode': 78038, 'coordinates': {'latitude': '29.9325', 'longitude': '67.8310'}, 'timezone': {'offset': '+10:00', 'description': 'Eastern Australia, Guam, Vladivostok'}}, 'email': 'nancy.longoria@example.com', 'login': {'uuid': 'c77f9005-cf8e-487f-88ba-b70a3b20cd8f', 'username': 'purplepanda506', 'password': 'philippe', 'salt': '8H3FD8sF', 'md5': 'fdbae44d3cfc66e235f6debeb62bbf2d', 'sha1': 'accc065051d812b9b6cbfafd71b18d6fac1fd449', 'sha256': '4d3b32eeb6a2bd8f891f6d51980d879cc0ac8fa6fea2e71de99c85a9ac6daacd'}, 'dob': {'date': '1945-11-01T21:14:38.581Z', 'age': 78}, 'registered': {'date': '2014-11-05T23:49:01.807Z', 'age': 9}, 'phone': '(671) 078 5972', 'cell': '(645) 669 3415', 'id': {'name': 'NSS', 'value': '61 07 66 8375 0'}, 'picture': {'large': 'https://randomuser.me/api/portraits/women/22.jpg', 'medium': 'https://randomuser.me/api/portraits/med/women/22.jpg', 'thumbnail': 'https://randomuser.me/api/portraits/thumb/women/22.jpg'}, 'nat': 'MX'}</msg>
<arg>${json_data['results'][0]}</arg>
<doc>Logs the given message with the given level.</doc>
<status status="PASS" start="2024-05-19T08:16:44.937466" elapsed="0.000416"/>
</kw>
<kw name="Log" owner="BuiltIn">
<msg time="2024-05-19T08:16:44.938329" level="INFO">login</msg>
<arg>${key}</arg>
<doc>Logs the given message with the given level.</doc>
<status status="PASS" start="2024-05-19T08:16:44.938202" elapsed="0.000164"/>
</kw>
<var name="${key}">login</var>
<status status="PASS" start="2024-05-19T08:16:44.936607" elapsed="0.001980"/>
</iter>
<var>${key}</var>
<value>@{expected_keys}</value>
<status status="PASS" start="2024-05-19T08:16:44.927879" elapsed="0.010831"/>
</for>
<kw name="Create List" owner="BuiltIn">
<msg time="2024-05-19T08:16:44.939037" level="INFO">${expected_keysTwo} = ['username', 'password']</msg>
<var>${expected_keysTwo}</var>
<arg>username</arg>
<arg>password</arg>
<doc>Returns a list containing given items.</doc>
<status status="PASS" start="2024-05-19T08:16:44.938902" elapsed="0.000158"/>
</kw>
<for flavor="IN">
<iter>
<kw name="Dictionary Should Contain Key" owner="Collections">
<msg time="2024-05-19T08:16:44.939982" level="INFO">False</msg>
<arg>${json_data['results'][0]['login']}</arg>
<arg>${keyTwo}</arg>
<doc>Fails if ``key`` is not found from ``dictionary``.</doc>
<status status="PASS" start="2024-05-19T08:16:44.939579" elapsed="0.000441"/>
</kw>
<kw name="Dictionary Should Contain Key" owner="Collections">
<msg time="2024-05-19T08:16:44.940695" level="INFO">False</msg>
<arg>${json_data['results'][0]['login']}</arg>
<arg>${keyTwo}</arg>
<doc>Fails if ``key`` is not found from ``dictionary``.</doc>
<status status="PASS" start="2024-05-19T08:16:44.940313" elapsed="0.000419"/>
</kw>
<kw name="Log" owner="BuiltIn">
<msg time="2024-05-19T08:16:44.941174" level="INFO">username</msg>
<arg>${keyTwo}</arg>
<doc>Logs the given message with the given level.</doc>
<status status="PASS" start="2024-05-19T08:16:44.941025" elapsed="0.000202"/>
</kw>
<var name="${keyTwo}">username</var>
<status status="PASS" start="2024-05-19T08:16:44.939451" elapsed="0.001995"/>
</iter>
<iter>
<kw name="Dictionary Should Contain Key" owner="Collections">
<msg time="2024-05-19T08:16:44.942199" level="INFO">False</msg>
<arg>${json_data['results'][0]['login']}</arg>
<arg>${keyTwo}</arg>
<doc>Fails if ``key`` is not found from ``dictionary``.</doc>
<status status="PASS" start="2024-05-19T08:16:44.941737" elapsed="0.000502"/>
</kw>
<kw name="Dictionary Should Contain Key" owner="Collections">
<msg time="2024-05-19T08:16:44.942908" level="INFO">False</msg>
<arg>${json_data['results'][0]['login']}</arg>
<arg>${keyTwo}</arg>
<doc>Fails if ``key`` is not found from ``dictionary``.</doc>
<status status="PASS" start="2024-05-19T08:16:44.942535" elapsed="0.000409"/>
</kw>
<kw name="Log" owner="BuiltIn">
<msg time="2024-05-19T08:16:44.943380" level="INFO">password</msg>
<arg>${keyTwo}</arg>
<doc>Logs the given message with the given level.</doc>
<status status="PASS" start="2024-05-19T08:16:44.943254" elapsed="0.000163"/>
</kw>
<var name="${keyTwo}">password</var>
<status status="PASS" start="2024-05-19T08:16:44.941628" elapsed="0.002001"/>
</iter>
<var>${keyTwo}</var>
<value>@{expected_keysTwo}</value>
<status status="PASS" start="2024-05-19T08:16:44.939291" elapsed="0.004457"/>
</for>
<status status="PASS" start="2024-05-19T08:16:44.834061" elapsed="0.109826"/>
</kw>
<doc>Testa a estrutura da resposta da API.</doc>
<tag>testeEstruturaResposta</tag>
<status status="PASS" start="2024-05-19T08:16:44.833448" elapsed="0.110588"/>
</test>
<test id="s1-s1-t4" name="Validar tipos de dados" line="28">
<kw name="Teste de Tipos de Dados" owner="random-user-service">
<kw name="GET On Session" owner="RequestsLibrary">
<msg time="2024-05-19T08:16:45.023672" level="INFO">GET Request : url=https://randomuser.me/api 
 path_url=/api 
 headers={'User-Agent': 'python-requests/2.31.0', 'Accept-Encoding': 'gzip, deflate', 'Accept': '*/*', 'Connection': 'keep-alive'} 
 body=None 
 </msg>
<msg time="2024-05-19T08:16:45.023736" level="INFO">GET Response : url=https://randomuser.me/api 
 status=200, reason=OK 
 headers={'Date': 'Sun, 19 May 2024 08:16:45 GMT', 'Content-Type': 'application/json; charset=utf-8', 'Transfer-Encoding': 'chunked', 'Connection': 'keep-alive', 'X-Powered-By': 'Express', 'Access-Control-Allow-Origin': '*', 'Cache-Control': 'no-cache', 'ETag': 'W/"474-Yx7c20cs+HmslWT708Vf0iojVJs"', 'Vary': 'Accept-Encoding', 'Content-Encoding': 'gzip', 'CF-Cache-Status': 'DYNAMIC', 'Report-To': '{"endpoints":[{"url":"https:\\/\\/a.nel.cloudflare.com\\/report\\/v4?s=N%2BrBbenSvxZrEbcPxk3SGtgrPphrOBSLYSLpQ%2BaFB0uKCwtU1i3xCfc%2FP6O1etKA%2FvZDP7umNh6pwOPxgLdspimAOovy5Y2SQgFKGfEGsSs8gr4rP8fJ4iZkBvJcu%2Bbg"}],"group":"cf-nel","max_age":604800}', 'NEL': '{"success_fraction":0,"report_to":"cf-nel","max_age":604800}', 'Server': 'cloudflare', 'CF-RAY': '8862a588e9108f1a-IAD', 'alt-svc': 'h3=":443"; ma=86400'} 
 body={"results":[{"gender":"male","name":{"title":"Mr","first":"Vidoje","last":"Pavić"},"location":{"street":{"number":83,"name":"Vragovačka"},"city":"Gornji Milanovac","state":"West Bačka","country":"Serbia","postcode":78932,"coordinates":{"latitude":"56.3782","longitude":"-124.3424"},"timezone":{"offset":"+3:30","description":"Tehran"}},"email":"vidoje.pavic@example.com","login":{"uuid":"d890f4ec-eee3-4b73-847f-cdb39ee9fd8e","username":"heavyzebra823","password":"darkstar","salt":"533mRCnd","md5":"d6dfbd068d33a70f7fc2ee2aa1797fb7","sha1":"4fd906c53c50fdc855e84f6640790c11e8a518c5","sha256":"a8e1d0ec9558463d30ce5c1ca017e3a4079ae1d1a186b0d54203e4fdf338510e"},"dob":{"date":"1993-02-12T14:21:22.234Z","age":31},"registered":{"date":"2016-10-23T10:35:06.853Z","age":7},"phone":"029-9698-598","cell":"061-2926-940","id":{"name":"SID","value":"553703410"},"picture":{"large":"https://randomuser.me/api/portraits/men/18.jpg","medium":"https://randomuser.me/api/portraits/med/men/18.jpg","thumbnail":"https://randomuser.me/api/portraits/thumb/men/18.jpg"},"nat":"RS"}],"info":{"seed":"b0de7fd0d5452710","results":1,"page":1,"version":"1.4"}} 
 </msg>
<msg time="2024-05-19T08:16:45.023796" level="INFO">/opt/hostedtoolcache/Python/3.12.3/x64/lib/python3.12/site-packages/urllib3/connectionpool.py:1103: InsecureRequestWarning: Unverified HTTPS request is being made to host 'randomuser.me'. Adding certificate verification is strongly advised. See: https://urllib3.readthedocs.io/en/latest/advanced-usage.html#tls-warnings
  warnings.warn(</msg>
<msg time="2024-05-19T08:16:45.023892" level="INFO">${response} = &lt;Response [200]&gt;</msg>
<var>${response}</var>
<arg>consultarAPI</arg>
<arg>/api</arg>
<doc>Sends a GET request on a previously created HTTP Session.</doc>
<status status="PASS" start="2024-05-19T08:16:44.946556" elapsed="0.077376"/>
</kw>
<kw name="Set Variable" owner="BuiltIn">
<msg time="2024-05-19T08:16:45.024977" level="INFO">${json_data} = {'results': [{'gender': 'male', 'name': {'title': 'Mr', 'first': 'Vidoje', 'last': 'Pavić'}, 'location': {'street': {'number': 83, 'name': 'Vragovačka'}, 'city': 'Gornji Milanovac', 'state': 'West Bač...</msg>
<var>${json_data}</var>
<arg>${response.json()}</arg>
<doc>Returns the given values which can then be assigned to a variables.</doc>
<status status="PASS" start="2024-05-19T08:16:45.024391" elapsed="0.000618"/>
</kw>
<kw name="Log" owner="BuiltIn">
<msg time="2024-05-19T08:16:45.025516" level="INFO">{'results': [{'gender': 'male', 'name': {'title': 'Mr', 'first': 'Vidoje', 'last': 'Pavić'}, 'location': {'street': {'number': 83, 'name': 'Vragovačka'}, 'city': 'Gornji Milanovac', 'state': 'West Bačka', 'country': 'Serbia', 'postcode': 78932, 'coordinates': {'latitude': '56.3782', 'longitude': '-124.3424'}, 'timezone': {'offset': '+3:30', 'description': 'Tehran'}}, 'email': 'vidoje.pavic@example.com', 'login': {'uuid': 'd890f4ec-eee3-4b73-847f-cdb39ee9fd8e', 'username': 'heavyzebra823', 'password': 'darkstar', 'salt': '533mRCnd', 'md5': 'd6dfbd068d33a70f7fc2ee2aa1797fb7', 'sha1': '4fd906c53c50fdc855e84f6640790c11e8a518c5', 'sha256': 'a8e1d0ec9558463d30ce5c1ca017e3a4079ae1d1a186b0d54203e4fdf338510e'}, 'dob': {'date': '1993-02-12T14:21:22.234Z', 'age': 31}, 'registered': {'date': '2016-10-23T10:35:06.853Z', 'age': 7}, 'phone': '029-9698-598', 'cell': '061-2926-940', 'id': {'name': 'SID', 'value': '553703410'}, 'picture': {'large': 'https://randomuser.me/api/portraits/men/18.jpg', 'medium': 'https://randomuser.me/api/portraits/med/men/18.jpg', 'thumbnail': 'https://randomuser.me/api/portraits/thumb/men/18.jpg'}, 'nat': 'RS'}], 'info': {'seed': 'b0de7fd0d5452710', 'results': 1, 'page': 1, 'version': '1.4'}}</msg>
<arg>${json_data}</arg>
<doc>Logs the given message with the given level.</doc>
<status status="PASS" start="2024-05-19T08:16:45.025356" elapsed="0.000240"/>
</kw>
<kw name="Should Be String" owner="String">
<arg>${json_data['results'][0]['gender']}</arg>
<doc>Fails if the given ``item`` is not a string.</doc>
<status status="PASS" start="2024-05-19T08:16:45.025898" elapsed="0.000357"/>
</kw>
<kw name="Should Match Regexp" owner="BuiltIn">
<arg>${json_data['results'][0]['email']}</arg>
<arg>^[a-zA-Z0-9._%+-]+@[a-zA-Z0-9.-]+\.[a-zA-Z]{2,}$</arg>
<doc>Fails if ``string`` does not match ``pattern`` as a regular expression.</doc>
<status status="PASS" start="2024-05-19T08:16:45.026454" elapsed="0.000502"/>
</kw>
<kw name="Should Match Regexp" owner="BuiltIn">
<arg>${json_data['results'][0]['dob']['date']}</arg>
<arg>\\d{4}-\\d{2}-\\d{2}T\\d{2}:\\d{2}:\\d{2}\\.\\d{3}Z</arg>
<doc>Fails if ``string`` does not match ``pattern`` as a regular expression.</doc>
<status status="PASS" start="2024-05-19T08:16:45.027168" elapsed="0.000473"/>
</kw>
<kw name="Should Match Regexp" owner="BuiltIn">
<arg>${json_data['results'][0]['registered']['date']}</arg>
<arg>\\d{4}-\\d{2}-\\d{2}T\\d{2}:\\d{2}:\\d{2}\\.\\d{3}Z</arg>
<doc>Fails if ``string`` does not match ``pattern`` as a regular expression.</doc>
<status status="PASS" start="2024-05-19T08:16:45.027831" elapsed="0.000357"/>
</kw>
<kw name="Should Match Regexp" owner="BuiltIn">
<arg>${json_data['results'][0]['picture']['large']}</arg>
<arg>^https?://.*\.(?:png|jpe?g|gif|bmp)$</arg>
<doc>Fails if ``string`` does not match ``pattern`` as a regular expression.</doc>
<status status="PASS" start="2024-05-19T08:16:45.028377" elapsed="0.000452"/>
</kw>
<kw name="Should Match Regexp" owner="BuiltIn">
<arg>${json_data['results'][0]['picture']['medium']}</arg>
<arg>^https?://.*\.(?:png|jpe?g|gif|bmp)$</arg>
<doc>Fails if ``string`` does not match ``pattern`` as a regular expression.</doc>
<status status="PASS" start="2024-05-19T08:16:45.029017" elapsed="0.000406"/>
</kw>
<kw name="Should Match Regexp" owner="BuiltIn">
<arg>${json_data['results'][0]['picture']['thumbnail']}</arg>
<arg>^https?://.*\.(?:png|jpe?g|gif|bmp)$</arg>
<doc>Fails if ``string`` does not match ``pattern`` as a regular expression.</doc>
<status status="PASS" start="2024-05-19T08:16:45.029615" elapsed="0.000345"/>
</kw>
<kw name="Log" owner="BuiltIn">
<msg time="2024-05-19T08:16:45.030464" level="INFO">{'large': 'https://randomuser.me/api/portraits/men/18.jpg', 'medium': 'https://randomuser.me/api/portraits/med/men/18.jpg', 'thumbnail': 'https://randomuser.me/api/portraits/thumb/men/18.jpg'}</msg>
<arg>${json_data['results'][0]['picture']}</arg>
<doc>Logs the given message with the given level.</doc>
<status status="PASS" start="2024-05-19T08:16:45.030140" elapsed="0.000365"/>
</kw>
<status status="PASS" start="2024-05-19T08:16:44.946330" elapsed="0.084426"/>
</kw>
<kw name="Teste de Tipos de Dados - Postcode" owner="random-user-service">
<kw name="GET On Session" owner="RequestsLibrary">
<msg time="2024-05-19T08:16:45.125818" level="INFO">GET Request : url=https://randomuser.me/api 
 path_url=/api 
 headers={'User-Agent': 'python-requests/2.31.0', 'Accept-Encoding': 'gzip, deflate', 'Accept': '*/*', 'Connection': 'keep-alive'} 
 body=None 
 </msg>
<msg time="2024-05-19T08:16:45.125885" level="INFO">GET Response : url=https://randomuser.me/api 
 status=200, reason=OK 
 headers={'Date': 'Sun, 19 May 2024 08:16:45 GMT', 'Content-Type': 'application/json; charset=utf-8', 'Transfer-Encoding': 'chunked', 'Connection': 'keep-alive', 'X-Powered-By': 'Express', 'Access-Control-Allow-Origin': '*', 'Cache-Control': 'no-cache', 'ETag': 'W/"496-OGKDJ7A2KEE+CmhGPmsYttPglog"', 'Vary': 'Accept-Encoding', 'Content-Encoding': 'gzip', 'CF-Cache-Status': 'DYNAMIC', 'Report-To': '{"endpoints":[{"url":"https:\\/\\/a.nel.cloudflare.com\\/report\\/v4?s=ICB0T49nsvhzdX3Jr6OCABhnc3Psn950QdWQGD4YFiMpLKVVQ%2BYVIz2KV4exTxfJauG3jOK82bwVwhc8QL%2Fx8O1DE2tyXq%2FqA%2Fceawypjkj8HYihiwDnkEdfzKRT6ciw"}],"group":"cf-nel","max_age":604800}', 'NEL': '{"success_fraction":0,"report_to":"cf-nel","max_age":604800}', 'Server': 'cloudflare', 'CF-RAY': '8862a58979498f1a-IAD', 'alt-svc': 'h3=":443"; ma=86400'} 
 body={"results":[{"gender":"male","name":{"title":"Monsieur","first":"Adnan","last":"Gaillard"},"location":{"street":{"number":3048,"name":"Rue de la Mairie"},"city":"Bichelsee-Balterswil","state":"Neuchâtel","country":"Switzerland","postcode":4229,"coordinates":{"latitude":"-57.0701","longitude":"-88.2853"},"timezone":{"offset":"-3:30","description":"Newfoundland"}},"email":"adnan.gaillard@example.com","login":{"uuid":"0544a179-fad1-4a29-a268-44de5525be6f","username":"happylion351","password":"busty","salt":"0QYfNkI5","md5":"541e5f6fece9fd933de07c0b255c9a34","sha1":"5da68fe731ebb759c7c94eabaa9eb7bb7665fd29","sha256":"d8b28925f20e4a8d01fc381b69abb7237278e72860849e426f35624143f2765e"},"dob":{"date":"1960-06-12T20:22:49.777Z","age":63},"registered":{"date":"2019-03-22T17:49:49.325Z","age":5},"phone":"076 137 93 92","cell":"079 332 91 27","id":{"name":"AVS","value":"756.1413.4717.22"},"picture":{"large":"https://randomuser.me/api/portraits/men/91.jpg","medium":"https://randomuser.me/api/portraits/med/men/91.jpg","thumbnail":"https://randomuser.me/api/portraits/thumb/men/91.jpg"},"nat":"CH"}],"info":{"seed":"5aa9996be112b686","results":1,"page":1,"version":"1.4"}} 
 </msg>
<msg time="2024-05-19T08:16:45.125941" level="INFO">/opt/hostedtoolcache/Python/3.12.3/x64/lib/python3.12/site-packages/urllib3/connectionpool.py:1103: InsecureRequestWarning: Unverified HTTPS request is being made to host 'randomuser.me'. Adding certificate verification is strongly advised. See: https://urllib3.readthedocs.io/en/latest/advanced-usage.html#tls-warnings
  warnings.warn(</msg>
<msg time="2024-05-19T08:16:45.126028" level="INFO">${response} = &lt;Response [200]&gt;</msg>
<var>${response}</var>
<arg>consultarAPI</arg>
<arg>/api</arg>
<doc>Sends a GET request on a previously created HTTP Session.</doc>
<status status="PASS" start="2024-05-19T08:16:45.031195" elapsed="0.094873"/>
</kw>
<kw name="Set Variable" owner="BuiltIn">
<msg time="2024-05-19T08:16:45.127085" level="INFO">${json_data} = {'results': [{'gender': 'male', 'name': {'title': 'Monsieur', 'first': 'Adnan', 'last': 'Gaillard'}, 'location': {'street': {'number': 3048, 'name': 'Rue de la Mairie'}, 'city': 'Bichelsee-Balterswil'...</msg>
<var>${json_data}</var>
<arg>${response.json()}</arg>
<doc>Returns the given values which can then be assigned to a variables.</doc>
<status status="PASS" start="2024-05-19T08:16:45.126517" elapsed="0.000596"/>
</kw>
<kw name="Log" owner="BuiltIn">
<msg time="2024-05-19T08:16:45.127576" level="INFO">{'results': [{'gender': 'male', 'name': {'title': 'Monsieur', 'first': 'Adnan', 'last': 'Gaillard'}, 'location': {'street': {'number': 3048, 'name': 'Rue de la Mairie'}, 'city': 'Bichelsee-Balterswil', 'state': 'Neuchâtel', 'country': 'Switzerland', 'postcode': 4229, 'coordinates': {'latitude': '-57.0701', 'longitude': '-88.2853'}, 'timezone': {'offset': '-3:30', 'description': 'Newfoundland'}}, 'email': 'adnan.gaillard@example.com', 'login': {'uuid': '0544a179-fad1-4a29-a268-44de5525be6f', 'username': 'happylion351', 'password': 'busty', 'salt': '0QYfNkI5', 'md5': '541e5f6fece9fd933de07c0b255c9a34', 'sha1': '5da68fe731ebb759c7c94eabaa9eb7bb7665fd29', 'sha256': 'd8b28925f20e4a8d01fc381b69abb7237278e72860849e426f35624143f2765e'}, 'dob': {'date': '1960-06-12T20:22:49.777Z', 'age': 63}, 'registered': {'date': '2019-03-22T17:49:49.325Z', 'age': 5}, 'phone': '076 137 93 92', 'cell': '079 332 91 27', 'id': {'name': 'AVS', 'value': '756.1413.4717.22'}, 'picture': {'large': 'https://randomuser.me/api/portraits/men/91.jpg', 'medium': 'https://randomuser.me/api/portraits/med/men/91.jpg', 'thumbnail': 'https://randomuser.me/api/portraits/thumb/men/91.jpg'}, 'nat': 'CH'}], 'info': {'seed': '5aa9996be112b686', 'results': 1, 'page': 1, 'version': '1.4'}}</msg>
<arg>${json_data}</arg>
<doc>Logs the given message with the given level.</doc>
<status status="PASS" start="2024-05-19T08:16:45.127422" elapsed="0.000231"/>
</kw>
<kw name="Should Be Equal As Numbers" owner="BuiltIn">
<arg>${json_data['results'][0]['location']['postcode']}</arg>
<arg>${json_data['results'][0]['location']['postcode']}</arg>
<doc>Fails if objects are unequal after converting them to real numbers.</doc>
<status status="PASS" start="2024-05-19T08:16:45.128081" elapsed="0.000606"/>
</kw>
<kw name="Log" owner="BuiltIn">
<msg time="2024-05-19T08:16:45.129258" level="INFO">4229</msg>
<arg>${json_data['results'][0]['location']['postcode']}</arg>
<doc>Logs the given message with the given level.</doc>
<status status="PASS" start="2024-05-19T08:16:45.128879" elapsed="0.000423"/>
</kw>
<status status="PASS" start="2024-05-19T08:16:45.030968" elapsed="0.098596"/>
</kw>
<doc>Testa se os tipos de dados na resposta da API estão corretos.</doc>
<tag>testeTiposDados</tag>
<status status="PASS" start="2024-05-19T08:16:44.945812" elapsed="0.183912"/>
</test>
<test id="s1-s1-t5" name="Validar conteudo" line="35">
<kw name="Teste de Tipos de Conteudo" owner="random-user-service">
<kw name="GET On Session" owner="RequestsLibrary">
<msg time="2024-05-19T08:16:45.224498" level="INFO">GET Request : url=https://randomuser.me/api 
 path_url=/api 
 headers={'User-Agent': 'python-requests/2.31.0', 'Accept-Encoding': 'gzip, deflate', 'Accept': '*/*', 'Connection': 'keep-alive'} 
 body=None 
 </msg>
<msg time="2024-05-19T08:16:45.224586" level="INFO">GET Response : url=https://randomuser.me/api 
 status=200, reason=OK 
 headers={'Date': 'Sun, 19 May 2024 08:16:45 GMT', 'Content-Type': 'application/json; charset=utf-8', 'Transfer-Encoding': 'chunked', 'Connection': 'keep-alive', 'X-Powered-By': 'Express', 'Access-Control-Allow-Origin': '*', 'Cache-Control': 'no-cache', 'ETag': 'W/"497-8dvSYGhiYktxT3FYPQ0bDcMQPXo"', 'Vary': 'Accept-Encoding', 'Content-Encoding': 'gzip', 'CF-Cache-Status': 'DYNAMIC', 'Report-To': '{"endpoints":[{"url":"https:\\/\\/a.nel.cloudflare.com\\/report\\/v4?s=0Kkbqz0mkKj%2FVEE5fw8HeaOL8yotKb5HKp%2Fx4vxS2Dihr7EZ1v%2BqTSTsDLfiNxWAGcgyP8WhL4hUdAgOmmIZwOemCIo3mJEEcNb9D2WoNZi%2B3WAp7PggcOiObtFzNSZW"}],"group":"cf-nel","max_age":604800}', 'NEL': '{"success_fraction":0,"report_to":"cf-nel","max_age":604800}', 'Server': 'cloudflare', 'CF-RAY': '8862a58a19928f1a-IAD', 'alt-svc': 'h3=":443"; ma=86400'} 
 body={"results":[{"gender":"male","name":{"title":"Mr","first":"اميرعلي","last":"احمدی"},"location":{"street":{"number":3214,"name":"شهید آقاسرمدیان"},"city":"رشت","state":"اصفهان","country":"Iran","postcode":59822,"coordinates":{"latitude":"20.1226","longitude":"-126.5228"},"timezone":{"offset":"-3:00","description":"Brazil, Buenos Aires, Georgetown"}},"email":"myraaly.hmdy@example.com","login":{"uuid":"20556628-36ae-4829-ac68-d2bd3982a48f","username":"happylion848","password":"shark1","salt":"nxO3GjKk","md5":"1be2271a36563917bdb39e5388053ba1","sha1":"e0048e7cd595c79c8aa8495e94acf149ef675a98","sha256":"4a8603670ed74d19ad834626c3498ef21926e8fc0bf50be5aa10848236eb3199"},"dob":{"date":"1954-06-19T15:43:52.664Z","age":69},"registered":{"date":"2016-08-29T08:37:08.137Z","age":7},"phone":"025-51635982","cell":"0991-924-3857","id":{"name":"","value":null},"picture":{"large":"https://randomuser.me/api/portraits/men/87.jpg","medium":"https://randomuser.me/api/portraits/med/men/87.jpg","thumbnail":"https://randomuser.me/api/portraits/thumb/men/87.jpg"},"nat":"IR"}],"info":{"seed":"b28fa4dfbc5d20fb","results":1,"page":1,"version":"1.4"}} 
 </msg>
<msg time="2024-05-19T08:16:45.224666" level="INFO">/opt/hostedtoolcache/Python/3.12.3/x64/lib/python3.12/site-packages/urllib3/connectionpool.py:1103: InsecureRequestWarning: Unverified HTTPS request is being made to host 'randomuser.me'. Adding certificate verification is strongly advised. See: https://urllib3.readthedocs.io/en/latest/advanced-usage.html#tls-warnings
  warnings.warn(</msg>
<msg time="2024-05-19T08:16:45.224782" level="INFO">${response} = &lt;Response [200]&gt;</msg>
<var>${response}</var>
<arg>consultarAPI</arg>
<arg>/api</arg>
<doc>Sends a GET request on a previously created HTTP Session.</doc>
<status status="PASS" start="2024-05-19T08:16:45.132166" elapsed="0.092671"/>
</kw>
<kw name="Set Variable" owner="BuiltIn">
<msg time="2024-05-19T08:16:45.225975" level="INFO">${json_data} = {'results': [{'gender': 'male', 'name': {'title': 'Mr', 'first': 'اميرعلي', 'last': 'احمدی'}, 'location': {'street': {'number': 3214, 'name': 'شهید آقاسرمدیان'}, 'city': 'رشت', 'state': 'اصفهان', 'cou...</msg>
<var>${json_data}</var>
<arg>${response.json()}</arg>
<doc>Returns the given values which can then be assigned to a variables.</doc>
<status status="PASS" start="2024-05-19T08:16:45.225385" elapsed="0.000621"/>
</kw>
<kw name="Set Variable" owner="BuiltIn">
<msg time="2024-05-19T08:16:45.226695" level="INFO">${name_title} = Mr</msg>
<var>${name_title}</var>
<arg>${json_data["results"][0]["name"]["title"]}</arg>
<doc>Returns the given values which can then be assigned to a variables.</doc>
<status status="PASS" start="2024-05-19T08:16:45.226314" elapsed="0.000406"/>
</kw>
<kw name="Create List" owner="BuiltIn">
<msg time="2024-05-19T08:16:45.227164" level="INFO">${allowed_titles} = ['Mr', 'Ms', 'Miss', 'Mrs', 'Madame', 'Monsieur']</msg>
<var>${allowed_titles}</var>
<arg>Mr</arg>
<arg>Ms</arg>
<arg>Miss</arg>
<arg>Mrs</arg>
<arg>Madame</arg>
<arg>Monsieur</arg>
<doc>Returns a list containing given items.</doc>
<status status="PASS" start="2024-05-19T08:16:45.227018" elapsed="0.000170"/>
</kw>
<kw name="List Should Contain Value" owner="Collections">
<msg time="2024-05-19T08:16:45.227655" level="INFO">False</msg>
<arg>${allowed_titles}</arg>
<arg>${name_title}</arg>
<doc>Fails if the ``value`` is not found from ``list``.</doc>
<status status="PASS" start="2024-05-19T08:16:45.227484" elapsed="0.000207"/>
</kw>
<kw name="Set Variable" owner="BuiltIn">
<msg time="2024-05-19T08:16:45.228361" level="INFO">${name_country} = IR</msg>
<var>${name_country}</var>
<arg>${json_data["results"][0]["nat"]}</arg>
<doc>Returns the given values which can then be assigned to a variables.</doc>
<status status="PASS" start="2024-05-19T08:16:45.227981" elapsed="0.000405"/>
</kw>
<kw name="Create List" owner="BuiltIn">
<msg time="2024-05-19T08:16:45.229338" level="INFO">${list_country} = ['AD', 'AE', 'AF', 'AG', 'AI', 'AL', 'AM', 'AO', 'AQ', 'AR', 'AS', 'AT', 'AU', 'AW', 'AX', 'AZ', 'BA', 'BB', 'BD', 'BE', 'BF', 'BG', 'BH', 'BI', 'BJ', 'BL', 'BM', 'BN', 'BO', 'BQ', 'BR', 'BS', 'BT', '...</msg>
<var>${list_country}</var>
<arg>AD</arg>
<arg>AE</arg>
<arg>AF</arg>
<arg>AG</arg>
<arg>AI</arg>
<arg>AL</arg>
<arg>AM</arg>
<arg>AO</arg>
<arg>AQ</arg>
<arg>AR</arg>
<arg>AS</arg>
<arg>AT</arg>
<arg>AU</arg>
<arg>AW</arg>
<arg>AX</arg>
<arg>AZ</arg>
<arg>BA</arg>
<arg>BB</arg>
<arg>BD</arg>
<arg>BE</arg>
<arg>BF</arg>
<arg>BG</arg>
<arg>BH</arg>
<arg>BI</arg>
<arg>BJ</arg>
<arg>BL</arg>
<arg>BM</arg>
<arg>BN</arg>
<arg>BO</arg>
<arg>BQ</arg>
<arg>BR</arg>
<arg>BS</arg>
<arg>BT</arg>
<arg>BV</arg>
<arg>BW</arg>
<arg>BY</arg>
<arg>BZ</arg>
<arg>CA</arg>
<arg>CC</arg>
<arg>CD</arg>
<arg>CF</arg>
<arg>CG</arg>
<arg>CH</arg>
<arg>CI</arg>
<arg>CK</arg>
<arg>CL</arg>
<arg>CM</arg>
<arg>CN</arg>
<arg>CO</arg>
<arg>CR</arg>
<arg>CU</arg>
<arg>CV</arg>
<arg>CW</arg>
<arg>CX</arg>
<arg>CY</arg>
<arg>CZ</arg>
<arg>DE</arg>
<arg>DJ</arg>
<arg>DK</arg>
<arg>DM</arg>
<arg>DO</arg>
<arg>DZ</arg>
<arg>EC</arg>
<arg>EE</arg>
<arg>EG</arg>
<arg>EH</arg>
<arg>ER</arg>
<arg>ES</arg>
<arg>ET</arg>
<arg>FI</arg>
<arg>FJ</arg>
<arg>FK</arg>
<arg>FM</arg>
<arg>FO</arg>
<arg>FR</arg>
<arg>GA</arg>
<arg>GB</arg>
<arg>GD</arg>
<arg>GE</arg>
<arg>GF</arg>
<arg>GG</arg>
<arg>GH</arg>
<arg>GI</arg>
<arg>GL</arg>
<arg>GM</arg>
<arg>GN</arg>
<arg>GP</arg>
<arg>GQ</arg>
<arg>GR</arg>
<arg>GS</arg>
<arg>GT</arg>
<arg>GU</arg>
<arg>GW</arg>
<arg>GY</arg>
<arg>HK</arg>
<arg>HM</arg>
<arg>HN</arg>
<arg>HR</arg>
<arg>HT</arg>
<arg>HU</arg>
<arg>ID</arg>
<arg>IE</arg>
<arg>IL</arg>
<arg>IM</arg>
<arg>IN</arg>
<arg>IO</arg>
<arg>IQ</arg>
<arg>IR</arg>
<arg>IS</arg>
<arg>IT</arg>
<arg>JE</arg>
<arg>JM</arg>
<arg>JO</arg>
<arg>JP</arg>
<arg>KE</arg>
<arg>KG</arg>
<arg>KH</arg>
<arg>KI</arg>
<arg>KM</arg>
<arg>KN</arg>
<arg>KP</arg>
<arg>KR</arg>
<arg>KW</arg>
<arg>KY</arg>
<arg>KZ</arg>
<arg>LA</arg>
<arg>LB</arg>
<arg>LC</arg>
<arg>LI</arg>
<arg>LK</arg>
<arg>LR</arg>
<arg>LS</arg>
<arg>LT</arg>
<arg>LU</arg>
<arg>LV</arg>
<arg>LY</arg>
<arg>MA</arg>
<arg>MC</arg>
<arg>MD</arg>
<arg>ME</arg>
<arg>MF</arg>
<arg>MG</arg>
<arg>MH</arg>
<arg>MK</arg>
<arg>ML</arg>
<arg>MM</arg>
<arg>MN</arg>
<arg>MO</arg>
<arg>MP</arg>
<arg>MQ</arg>
<arg>MR</arg>
<arg>MS</arg>
<arg>MT</arg>
<arg>MU</arg>
<arg>MV</arg>
<arg>MW</arg>
<arg>MX</arg>
<arg>MY</arg>
<arg>MZ</arg>
<arg>NA</arg>
<arg>NC</arg>
<arg>NE</arg>
<arg>NF</arg>
<arg>NG</arg>
<arg>NI</arg>
<arg>NL</arg>
<arg>NO</arg>
<arg>NP</arg>
<arg>NR</arg>
<arg>NU</arg>
<arg>NZ</arg>
<arg>OM</arg>
<arg>PA</arg>
<arg>PE</arg>
<arg>PF</arg>
<arg>PG</arg>
<arg>PH</arg>
<arg>PK</arg>
<arg>PL</arg>
<arg>PM</arg>
<arg>PN</arg>
<arg>PR</arg>
<arg>PS</arg>
<arg>PT</arg>
<arg>PW</arg>
<arg>PY</arg>
<arg>QA</arg>
<arg>RE</arg>
<arg>RO</arg>
<arg>RS</arg>
<arg>RU</arg>
<arg>RW</arg>
<arg>SA</arg>
<arg>SB</arg>
<arg>SC</arg>
<arg>SD</arg>
<arg>SE</arg>
<arg>SG</arg>
<arg>SH</arg>
<arg>SI</arg>
<arg>SJ</arg>
<arg>SK</arg>
<arg>SL</arg>
<arg>SM</arg>
<arg>SN</arg>
<arg>SO</arg>
<arg>SR</arg>
<arg>SS</arg>
<arg>ST</arg>
<arg>SV</arg>
<arg>SX</arg>
<arg>SY</arg>
<arg>SZ</arg>
<arg>TC</arg>
<arg>TD</arg>
<arg>TF</arg>
<arg>TG</arg>
<arg>TH</arg>
<arg>TJ</arg>
<arg>TK</arg>
<arg>TL</arg>
<arg>TM</arg>
<arg>TN</arg>
<arg>TO</arg>
<arg>TR</arg>
<arg>TT</arg>
<arg>TV</arg>
<arg>TW</arg>
<arg>TZ</arg>
<arg>UA</arg>
<arg>UG</arg>
<arg>UM</arg>
<arg>US</arg>
<arg>UY</arg>
<arg>UZ</arg>
<arg>VA</arg>
<arg>VC</arg>
<arg>VE</arg>
<arg>VG</arg>
<arg>VI</arg>
<arg>VN</arg>
<arg>VU</arg>
<arg>WF</arg>
<arg>WS</arg>
<arg>XK</arg>
<arg>YE</arg>
<arg>YT</arg>
<arg>ZA</arg>
<arg>ZM</arg>
<arg>ZW</arg>
<doc>Returns a list containing given items.</doc>
<status status="PASS" start="2024-05-19T08:16:45.228686" elapsed="0.000680"/>
</kw>
<kw name="List Should Contain Value" owner="Collections">
<msg time="2024-05-19T08:16:45.230363" level="INFO">False</msg>
<arg>${list_country}</arg>
<arg>${name_country}</arg>
<doc>Fails if the ``value`` is not found from ``list``.</doc>
<status status="PASS" start="2024-05-19T08:16:45.230162" elapsed="0.000237"/>
</kw>
<kw name="Run Keyword If" owner="BuiltIn">
<kw name="Should Be True" owner="BuiltIn">
<arg>${True}</arg>
<doc>Fails if the given condition is not true.</doc>
<status status="PASS" start="2024-05-19T08:16:45.231457" elapsed="0.000251"/>
</kw>
<arg>${json_data["results"][0]["location"]["coordinates"]["latitude"]} &gt;= -90 and ${json_data["results"][0]["location"]["coordinates"]["latitude"]} &lt;= 90</arg>
<arg>Should Be True</arg>
<arg>${True}</arg>
<doc>Runs the given keyword with the given arguments, if ``condition`` is true.</doc>
<status status="PASS" start="2024-05-19T08:16:45.230711" elapsed="0.001127"/>
</kw>
<kw name="Run Keyword If" owner="BuiltIn">
<kw name="Should Be True" owner="BuiltIn">
<arg>${True}</arg>
<doc>Fails if the given condition is not true.</doc>
<status status="PASS" start="2024-05-19T08:16:45.232726" elapsed="0.000149"/>
</kw>
<arg>${json_data["results"][0]["location"]["coordinates"]["longitude"]} &gt;= -180 and ${json_data["results"][0]["location"]["coordinates"]["longitude"]} &lt;= 180</arg>
<arg>Should Be True</arg>
<arg>${True}</arg>
<doc>Runs the given keyword with the given arguments, if ``condition`` is true.</doc>
<status status="PASS" start="2024-05-19T08:16:45.232026" elapsed="0.000972"/>
</kw>
<status status="PASS" start="2024-05-19T08:16:45.131943" elapsed="0.101183"/>
</kw>
<doc>Testa o conteúdo específico dos campos retornados pela API.</doc>
<tag>testeConteudo</tag>
<status status="PASS" start="2024-05-19T08:16:45.131440" elapsed="0.101873"/>
</test>
<status status="PASS" start="2024-05-19T08:16:44.312658" elapsed="0.922566"/>
</suite>
<status status="PASS" start="2024-05-19T08:16:44.299262" elapsed="0.941196"/>
</suite>
<statistics>
<total>
<stat pass="5" fail="0" skip="0">All Tests</stat>
</total>
<tag>
<stat pass="1" fail="0" skip="0">testeConteudo</stat>
<stat pass="1" fail="0" skip="0">testeEstruturaResposta</stat>
<stat pass="1" fail="0" skip="0">testeRequisicaoBasica</stat>
<stat pass="1" fail="0" skip="0">testeTiposDados</stat>
</tag>
<suite>
<stat pass="5" fail="0" skip="0" id="s1" name="Tests">Tests</stat>
<stat pass="5" fail="0" skip="0" id="s1-s1" name="Random-User-Test">Tests.Random-User-Test</stat>
</suite>
</statistics>
<errors>
</errors>
</robot>
