<?xml version="1.0" encoding="UTF-8"?>
<robot generator="Robot 7.0 (Python 3.12.2 on linux)" generated="2024-04-12T06:18:17.076173" rpa="false" schemaversion="5">
<suite id="s1" name="Tests" source="/home/runner/work/DesafioQAItauRogerioJordao/DesafioQAItauRogerioJordao/RamdonUser/tests">
<suite id="s1-s1" name="Random-User-Test" source="/home/runner/work/DesafioQAItauRogerioJordao/DesafioQAItauRogerioJordao/RamdonUser/tests/random-user-test.robot">
<test id="s1-s1-t1" name="Conectar" line="13">
<kw name="Conectar API" owner="random-user-service">
<kw name="Create Session" owner="RequestsLibrary">
<msg time="2024-04-12T06:18:17.447408" level="INFO">Creating Session using : alias=consultarAPI, url=https://randomuser.me/, headers={},                     cookies={}, auth=None, timeout=None, proxies=None, verify=False,                     debug=0 </msg>
<arg>consultarAPI</arg>
<arg>${URL}</arg>
<doc>Create Session: create a HTTP session to a server</doc>
<status status="PASS" start="2024-04-12T06:18:17.447205" elapsed="0.000374"/>
</kw>
<status status="PASS" start="2024-04-12T06:18:17.446135" elapsed="0.001793"/>
</kw>
<status status="PASS" start="2024-04-12T06:18:17.445543" elapsed="0.002587"/>
</test>
<test id="s1-s1-t2" name="Validar retorno 200 e JSON Válido" line="16">
<kw name="Teste de Requisicao Basica" owner="random-user-service">
<kw name="GET On Session" owner="RequestsLibrary">
<msg time="2024-04-12T06:18:17.677744" level="INFO">GET Request : url=https://randomuser.me/api 
 path_url=/api 
 headers={'User-Agent': 'python-requests/2.31.0', 'Accept-Encoding': 'gzip, deflate', 'Accept': '*/*', 'Connection': 'keep-alive'} 
 body=None 
 </msg>
<msg time="2024-04-12T06:18:17.677883" level="INFO">GET Response : url=https://randomuser.me/api 
 status=200, reason=OK 
 headers={'Date': 'Fri, 12 Apr 2024 06:18:17 GMT', 'Content-Type': 'application/json; charset=utf-8', 'Transfer-Encoding': 'chunked', 'Connection': 'keep-alive', 'X-Powered-By': 'Express', 'Access-Control-Allow-Origin': '*', 'Cache-Control': 'no-cache', 'ETag': 'W/"4a7-7jzoIH2UJYV7BrALURHk2TRoaLc"', 'Vary': 'Accept-Encoding', 'Content-Encoding': 'gzip', 'CF-Cache-Status': 'DYNAMIC', 'Report-To': '{"endpoints":[{"url":"https:\\/\\/a.nel.cloudflare.com\\/report\\/v4?s=2%2B9873QPHLSuTDly7BZF%2F7pUqz9OJAa1tv3DgdbLmfHuut16t7ywwEcqOJkq4%2Fv2JMAQqG2qqYoUIsxMg%2B3Zb7mpScMwlbx4W91FVPYjblVsbsGTuITyM%2FnT8FhWsMiJ"}],"group":"cf-nel","max_age":604800}', 'NEL': '{"success_fraction":0,"report_to":"cf-nel","max_age":604800}', 'Server': 'cloudflare', 'CF-RAY': '87311924391e89f9-ORD', 'alt-svc': 'h3=":443"; ma=86400'} 
 body={"results":[{"gender":"female","name":{"title":"Ms","first":"Katarina","last":"Tomović"},"location":{"street":{"number":7397,"name":"Starog Kapetana"},"city":"Lapovo","state":"Kosovo-Pomoravlje","country":"Serbia","postcode":90137,"coordinates":{"latitude":"61.3848","longitude":"64.9205"},"timezone":{"offset":"+11:00","description":"Magadan, Solomon Islands, New Caledonia"}},"email":"katarina.tomovic@example.com","login":{"uuid":"6dbfbc63-eeee-4272-b981-9ff732c88549","username":"bigmeercat957","password":"keyboard","salt":"467lBk8M","md5":"418ca5b421bcd8a44f2d72a2ce9544cd","sha1":"b54b1f1153bf90072de2596f3a07bfc3b103d868","sha256":"0b337aec2dbe9a914e866ee4bf0c838fe16b5f716c78c43e9e505ecae31b0559"},"dob":{"date":"1999-02-18T02:28:06.206Z","age":25},"registered":{"date":"2011-07-11T02:43:33.621Z","age":12},"phone":"017-5532-679","cell":"067-5144-402","id":{"name":"SID","value":"356488445"},"picture":{"large":"https://randomuser.me/api/portraits/women/20.jpg","medium":"https://randomuser.me/api/portraits/med/women/20.jpg","thumbnail":"https://randomuser.me/api/portraits/thumb/women/20.jpg"},"nat":"RS"}],"info":{"seed":"62f21de6e5f139ff","results":1,"page":1,"version":"1.4"}} 
 </msg>
<msg time="2024-04-12T06:18:17.677965" level="INFO">/opt/hostedtoolcache/Python/3.12.2/x64/lib/python3.12/site-packages/urllib3/connectionpool.py:1103: InsecureRequestWarning: Unverified HTTPS request is being made to host 'randomuser.me'. Adding certificate verification is strongly advised. See: https://urllib3.readthedocs.io/en/latest/advanced-usage.html#tls-warnings
  warnings.warn(</msg>
<msg time="2024-04-12T06:18:17.678089" level="INFO">${response} = &lt;Response [200]&gt;</msg>
<var>${response}</var>
<arg>consultarAPI</arg>
<arg>/api</arg>
<doc>Sends a GET request on a previously created HTTP Session.</doc>
<status status="PASS" start="2024-04-12T06:18:17.450891" elapsed="0.227241"/>
</kw>
<kw name="Should Be Equal As Numbers" owner="BuiltIn">
<msg time="2024-04-12T06:18:17.679126" level="INFO">Argument types are:
&lt;class 'int'&gt;
&lt;class 'str'&gt;</msg>
<arg>${response.status_code}</arg>
<arg>200</arg>
<doc>Fails if objects are unequal after converting them to real numbers.</doc>
<status status="PASS" start="2024-04-12T06:18:17.678665" elapsed="0.000527"/>
</kw>
<kw name="Log" owner="BuiltIn">
<msg time="2024-04-12T06:18:17.679885" level="INFO">200</msg>
<arg>${response.status_code}</arg>
<doc>Logs the given message with the given level.</doc>
<status status="PASS" start="2024-04-12T06:18:17.679519" elapsed="0.000409"/>
</kw>
<kw name="Set Variable" owner="BuiltIn">
<msg time="2024-04-12T06:18:17.680711" level="INFO">${json_data} = {'results': [{'gender': 'female', 'name': {'title': 'Ms', 'first': 'Katarina', 'last': 'Tomović'}, 'location': {'street': {'number': 7397, 'name': 'Starog Kapetana'}, 'city': 'Lapovo', 'state': 'Kosov...</msg>
<var>${json_data}</var>
<arg>${response.json()}</arg>
<doc>Returns the given values which can then be assigned to a variables.</doc>
<status status="PASS" start="2024-04-12T06:18:17.680257" elapsed="0.000485"/>
</kw>
<kw name="Dictionary Should Contain Key" owner="Collections">
<msg time="2024-04-12T06:18:17.681219" level="INFO">False</msg>
<arg>${json_data}</arg>
<arg>results</arg>
<doc>Fails if ``key`` is not found from ``dictionary``.</doc>
<status status="PASS" start="2024-04-12T06:18:17.681053" elapsed="0.000206"/>
</kw>
<status status="PASS" start="2024-04-12T06:18:17.450635" elapsed="0.230883"/>
</kw>
<doc>Testa se a API responde corretamente e retorna um objeto JSON válido.</doc>
<tag>testeRequisicaoBasica</tag>
<status status="PASS" start="2024-04-12T06:18:17.450090" elapsed="0.231620"/>
</test>
<test id="s1-s1-t3" name="Validar estrutura de resposta" line="22">
<kw name="Teste de Estrutura de Resposta" owner="random-user-service">
<kw name="GET On Session" owner="RequestsLibrary">
<msg time="2024-04-12T06:18:17.783879" level="INFO">GET Request : url=https://randomuser.me/api 
 path_url=/api 
 headers={'User-Agent': 'python-requests/2.31.0', 'Accept-Encoding': 'gzip, deflate', 'Accept': '*/*', 'Connection': 'keep-alive'} 
 body=None 
 </msg>
<msg time="2024-04-12T06:18:17.783971" level="INFO">GET Response : url=https://randomuser.me/api 
 status=200, reason=OK 
 headers={'Date': 'Fri, 12 Apr 2024 06:18:17 GMT', 'Content-Type': 'application/json; charset=utf-8', 'Transfer-Encoding': 'chunked', 'Connection': 'keep-alive', 'X-Powered-By': 'Express', 'Access-Control-Allow-Origin': '*', 'Cache-Control': 'no-cache', 'ETag': 'W/"470-7x/BJXYYM49E90U/rktP2/oaHKU"', 'Vary': 'Accept-Encoding', 'Content-Encoding': 'gzip', 'CF-Cache-Status': 'DYNAMIC', 'Report-To': '{"endpoints":[{"url":"https:\\/\\/a.nel.cloudflare.com\\/report\\/v4?s=fkWzQ2ORC1m0OhEw29xE%2Fzt5wcInWOC38L1w7c85gMIHO3oBeYCq8l7%2FvmMkd8Tk5cHt0oBn2FWEmb%2Flv45EEVh4Q8s5GogByl9SQcAsSXXJh0Zkt2nfsL8bdrcXY8oH"}],"group":"cf-nel","max_age":604800}', 'NEL': '{"success_fraction":0,"report_to":"cf-nel","max_age":604800}', 'Server': 'cloudflare', 'CF-RAY': '87311924896989f9-ORD', 'alt-svc': 'h3=":443"; ma=86400'} 
 body={"results":[{"gender":"male","name":{"title":"Mr","first":"Volkan","last":"Tütüncü"},"location":{"street":{"number":750,"name":"Şehitler Cd"},"city":"Adana","state":"Van","country":"Turkey","postcode":28045,"coordinates":{"latitude":"71.8733","longitude":"-75.6460"},"timezone":{"offset":"+6:00","description":"Almaty, Dhaka, Colombo"}},"email":"volkan.tutuncu@example.com","login":{"uuid":"fdc150c3-1907-4e9b-8f51-b2a37475a63b","username":"goldenbird753","password":"vaughn","salt":"fJaE4LQF","md5":"3fbb111c7401b961691309a2ff87b50e","sha1":"b76d66d51d2b13f0840b71d603c9ea5160d5e315","sha256":"6f6aca7ce4744f0fe0273e0622833ef004c6ba82471ccb2b4f7f6d11a722a702"},"dob":{"date":"1954-05-17T00:23:17.759Z","age":69},"registered":{"date":"2015-04-21T20:52:57.447Z","age":8},"phone":"(424)-363-1767","cell":"(591)-676-1424","id":{"name":"","value":null},"picture":{"large":"https://randomuser.me/api/portraits/men/23.jpg","medium":"https://randomuser.me/api/portraits/med/men/23.jpg","thumbnail":"https://randomuser.me/api/portraits/thumb/men/23.jpg"},"nat":"TR"}],"info":{"seed":"aa3e5c0cc04b2c50","results":1,"page":1,"version":"1.4"}} 
 </msg>
<msg time="2024-04-12T06:18:17.784103" level="INFO">/opt/hostedtoolcache/Python/3.12.2/x64/lib/python3.12/site-packages/urllib3/connectionpool.py:1103: InsecureRequestWarning: Unverified HTTPS request is being made to host 'randomuser.me'. Adding certificate verification is strongly advised. See: https://urllib3.readthedocs.io/en/latest/advanced-usage.html#tls-warnings
  warnings.warn(</msg>
<msg time="2024-04-12T06:18:17.784196" level="INFO">${response} = &lt;Response [200]&gt;</msg>
<var>${response}</var>
<arg>consultarAPI</arg>
<arg>/api</arg>
<doc>Sends a GET request on a previously created HTTP Session.</doc>
<status status="PASS" start="2024-04-12T06:18:17.684625" elapsed="0.099598"/>
</kw>
<kw name="Set Variable" owner="BuiltIn">
<msg time="2024-04-12T06:18:17.785093" level="INFO">${json_data} = {'results': [{'gender': 'male', 'name': {'title': 'Mr', 'first': 'Volkan', 'last': 'Tütüncü'}, 'location': {'street': {'number': 750, 'name': 'Şehitler Cd'}, 'city': 'Adana', 'state': 'Van', 'country'...</msg>
<var>${json_data}</var>
<arg>${response.json()}</arg>
<doc>Returns the given values which can then be assigned to a variables.</doc>
<status status="PASS" start="2024-04-12T06:18:17.784619" elapsed="0.000505"/>
</kw>
<kw name="Log" owner="BuiltIn">
<msg time="2024-04-12T06:18:17.785602" level="INFO">{'results': [{'gender': 'male', 'name': {'title': 'Mr', 'first': 'Volkan', 'last': 'Tütüncü'}, 'location': {'street': {'number': 750, 'name': 'Şehitler Cd'}, 'city': 'Adana', 'state': 'Van', 'country': 'Turkey', 'postcode': 28045, 'coordinates': {'latitude': '71.8733', 'longitude': '-75.6460'}, 'timezone': {'offset': '+6:00', 'description': 'Almaty, Dhaka, Colombo'}}, 'email': 'volkan.tutuncu@example.com', 'login': {'uuid': 'fdc150c3-1907-4e9b-8f51-b2a37475a63b', 'username': 'goldenbird753', 'password': 'vaughn', 'salt': 'fJaE4LQF', 'md5': '3fbb111c7401b961691309a2ff87b50e', 'sha1': 'b76d66d51d2b13f0840b71d603c9ea5160d5e315', 'sha256': '6f6aca7ce4744f0fe0273e0622833ef004c6ba82471ccb2b4f7f6d11a722a702'}, 'dob': {'date': '1954-05-17T00:23:17.759Z', 'age': 69}, 'registered': {'date': '2015-04-21T20:52:57.447Z', 'age': 8}, 'phone': '(424)-363-1767', 'cell': '(591)-676-1424', 'id': {'name': '', 'value': None}, 'picture': {'large': 'https://randomuser.me/api/portraits/men/23.jpg', 'medium': 'https://randomuser.me/api/portraits/med/men/23.jpg', 'thumbnail': 'https://randomuser.me/api/portraits/thumb/men/23.jpg'}, 'nat': 'TR'}], 'info': {'seed': 'aa3e5c0cc04b2c50', 'results': 1, 'page': 1, 'version': '1.4'}}</msg>
<arg>${json_data}</arg>
<doc>Logs the given message with the given level.</doc>
<status status="PASS" start="2024-04-12T06:18:17.785438" elapsed="0.000214"/>
</kw>
<kw name="Dictionary Should Contain Key" owner="Collections">
<msg time="2024-04-12T06:18:17.786123" level="INFO">False</msg>
<arg>${json_data}</arg>
<arg>results</arg>
<doc>Fails if ``key`` is not found from ``dictionary``.</doc>
<status status="PASS" start="2024-04-12T06:18:17.785967" elapsed="0.000194"/>
</kw>
<kw name="Should Not Be Empty" owner="BuiltIn">
<msg time="2024-04-12T06:18:17.786656" level="INFO">Length is 2.</msg>
<arg>${json_data}</arg>
<doc>Verifies that the given item is not empty.</doc>
<status status="PASS" start="2024-04-12T06:18:17.786511" elapsed="0.000185"/>
</kw>
<kw name="Create List" owner="BuiltIn">
<msg time="2024-04-12T06:18:17.787153" level="INFO">${expected_keys} = ['gender', 'name', 'location', 'email', 'login']</msg>
<var>${expected_keys}</var>
<arg>gender</arg>
<arg>name</arg>
<arg>location</arg>
<arg>email</arg>
<arg>login</arg>
<doc>Returns a list containing given items.</doc>
<status status="PASS" start="2024-04-12T06:18:17.786999" elapsed="0.000179"/>
</kw>
<for flavor="IN">
<iter>
<kw name="Dictionary Should Contain Key" owner="Collections">
<msg time="2024-04-12T06:18:17.788186" level="INFO">False</msg>
<arg>${json_data['results'][0]}</arg>
<arg>${key}</arg>
<doc>Fails if ``key`` is not found from ``dictionary``.</doc>
<status status="PASS" start="2024-04-12T06:18:17.787765" elapsed="0.000462"/>
</kw>
<kw name="Log" owner="BuiltIn">
<msg time="2024-04-12T06:18:17.788918" level="INFO">{'gender': 'male', 'name': {'title': 'Mr', 'first': 'Volkan', 'last': 'Tütüncü'}, 'location': {'street': {'number': 750, 'name': 'Şehitler Cd'}, 'city': 'Adana', 'state': 'Van', 'country': 'Turkey', 'postcode': 28045, 'coordinates': {'latitude': '71.8733', 'longitude': '-75.6460'}, 'timezone': {'offset': '+6:00', 'description': 'Almaty, Dhaka, Colombo'}}, 'email': 'volkan.tutuncu@example.com', 'login': {'uuid': 'fdc150c3-1907-4e9b-8f51-b2a37475a63b', 'username': 'goldenbird753', 'password': 'vaughn', 'salt': 'fJaE4LQF', 'md5': '3fbb111c7401b961691309a2ff87b50e', 'sha1': 'b76d66d51d2b13f0840b71d603c9ea5160d5e315', 'sha256': '6f6aca7ce4744f0fe0273e0622833ef004c6ba82471ccb2b4f7f6d11a722a702'}, 'dob': {'date': '1954-05-17T00:23:17.759Z', 'age': 69}, 'registered': {'date': '2015-04-21T20:52:57.447Z', 'age': 8}, 'phone': '(424)-363-1767', 'cell': '(591)-676-1424', 'id': {'name': '', 'value': None}, 'picture': {'large': 'https://randomuser.me/api/portraits/men/23.jpg', 'medium': 'https://randomuser.me/api/portraits/med/men/23.jpg', 'thumbnail': 'https://randomuser.me/api/portraits/thumb/men/23.jpg'}, 'nat': 'TR'}</msg>
<arg>${json_data['results'][0]}</arg>
<doc>Logs the given message with the given level.</doc>
<status status="PASS" start="2024-04-12T06:18:17.788540" elapsed="0.000431"/>
</kw>
<kw name="Log" owner="BuiltIn">
<msg time="2024-04-12T06:18:17.789414" level="INFO">gender</msg>
<arg>${key}</arg>
<doc>Logs the given message with the given level.</doc>
<status status="PASS" start="2024-04-12T06:18:17.789280" elapsed="0.000172"/>
</kw>
<var name="${key}">gender</var>
<status status="PASS" start="2024-04-12T06:18:17.787640" elapsed="0.002033"/>
</iter>
<iter>
<kw name="Dictionary Should Contain Key" owner="Collections">
<msg time="2024-04-12T06:18:17.790397" level="INFO">False</msg>
<arg>${json_data['results'][0]}</arg>
<arg>${key}</arg>
<doc>Fails if ``key`` is not found from ``dictionary``.</doc>
<status status="PASS" start="2024-04-12T06:18:17.789978" elapsed="0.000458"/>
</kw>
<kw name="Log" owner="BuiltIn">
<msg time="2024-04-12T06:18:17.791144" level="INFO">{'gender': 'male', 'name': {'title': 'Mr', 'first': 'Volkan', 'last': 'Tütüncü'}, 'location': {'street': {'number': 750, 'name': 'Şehitler Cd'}, 'city': 'Adana', 'state': 'Van', 'country': 'Turkey', 'postcode': 28045, 'coordinates': {'latitude': '71.8733', 'longitude': '-75.6460'}, 'timezone': {'offset': '+6:00', 'description': 'Almaty, Dhaka, Colombo'}}, 'email': 'volkan.tutuncu@example.com', 'login': {'uuid': 'fdc150c3-1907-4e9b-8f51-b2a37475a63b', 'username': 'goldenbird753', 'password': 'vaughn', 'salt': 'fJaE4LQF', 'md5': '3fbb111c7401b961691309a2ff87b50e', 'sha1': 'b76d66d51d2b13f0840b71d603c9ea5160d5e315', 'sha256': '6f6aca7ce4744f0fe0273e0622833ef004c6ba82471ccb2b4f7f6d11a722a702'}, 'dob': {'date': '1954-05-17T00:23:17.759Z', 'age': 69}, 'registered': {'date': '2015-04-21T20:52:57.447Z', 'age': 8}, 'phone': '(424)-363-1767', 'cell': '(591)-676-1424', 'id': {'name': '', 'value': None}, 'picture': {'large': 'https://randomuser.me/api/portraits/men/23.jpg', 'medium': 'https://randomuser.me/api/portraits/med/men/23.jpg', 'thumbnail': 'https://randomuser.me/api/portraits/thumb/men/23.jpg'}, 'nat': 'TR'}</msg>
<arg>${json_data['results'][0]}</arg>
<doc>Logs the given message with the given level.</doc>
<status status="PASS" start="2024-04-12T06:18:17.790773" elapsed="0.000422"/>
</kw>
<kw name="Log" owner="BuiltIn">
<msg time="2024-04-12T06:18:17.791632" level="INFO">name</msg>
<arg>${key}</arg>
<doc>Logs the given message with the given level.</doc>
<status status="PASS" start="2024-04-12T06:18:17.791503" elapsed="0.000167"/>
</kw>
<var name="${key}">name</var>
<status status="PASS" start="2024-04-12T06:18:17.789863" elapsed="0.002028"/>
</iter>
<iter>
<kw name="Dictionary Should Contain Key" owner="Collections">
<msg time="2024-04-12T06:18:17.792723" level="INFO">False</msg>
<arg>${json_data['results'][0]}</arg>
<arg>${key}</arg>
<doc>Fails if ``key`` is not found from ``dictionary``.</doc>
<status status="PASS" start="2024-04-12T06:18:17.792187" elapsed="0.000595"/>
</kw>
<kw name="Log" owner="BuiltIn">
<msg time="2024-04-12T06:18:17.793606" level="INFO">{'gender': 'male', 'name': {'title': 'Mr', 'first': 'Volkan', 'last': 'Tütüncü'}, 'location': {'street': {'number': 750, 'name': 'Şehitler Cd'}, 'city': 'Adana', 'state': 'Van', 'country': 'Turkey', 'postcode': 28045, 'coordinates': {'latitude': '71.8733', 'longitude': '-75.6460'}, 'timezone': {'offset': '+6:00', 'description': 'Almaty, Dhaka, Colombo'}}, 'email': 'volkan.tutuncu@example.com', 'login': {'uuid': 'fdc150c3-1907-4e9b-8f51-b2a37475a63b', 'username': 'goldenbird753', 'password': 'vaughn', 'salt': 'fJaE4LQF', 'md5': '3fbb111c7401b961691309a2ff87b50e', 'sha1': 'b76d66d51d2b13f0840b71d603c9ea5160d5e315', 'sha256': '6f6aca7ce4744f0fe0273e0622833ef004c6ba82471ccb2b4f7f6d11a722a702'}, 'dob': {'date': '1954-05-17T00:23:17.759Z', 'age': 69}, 'registered': {'date': '2015-04-21T20:52:57.447Z', 'age': 8}, 'phone': '(424)-363-1767', 'cell': '(591)-676-1424', 'id': {'name': '', 'value': None}, 'picture': {'large': 'https://randomuser.me/api/portraits/men/23.jpg', 'medium': 'https://randomuser.me/api/portraits/med/men/23.jpg', 'thumbnail': 'https://randomuser.me/api/portraits/thumb/men/23.jpg'}, 'nat': 'TR'}</msg>
<arg>${json_data['results'][0]}</arg>
<doc>Logs the given message with the given level.</doc>
<status status="PASS" start="2024-04-12T06:18:17.793222" elapsed="0.000442"/>
</kw>
<kw name="Log" owner="BuiltIn">
<msg time="2024-04-12T06:18:17.794107" level="INFO">location</msg>
<arg>${key}</arg>
<doc>Logs the given message with the given level.</doc>
<status status="PASS" start="2024-04-12T06:18:17.793974" elapsed="0.000172"/>
</kw>
<var name="${key}">location</var>
<status status="PASS" start="2024-04-12T06:18:17.792075" elapsed="0.002336"/>
</iter>
<iter>
<kw name="Dictionary Should Contain Key" owner="Collections">
<msg time="2024-04-12T06:18:17.795104" level="INFO">False</msg>
<arg>${json_data['results'][0]}</arg>
<arg>${key}</arg>
<doc>Fails if ``key`` is not found from ``dictionary``.</doc>
<status status="PASS" start="2024-04-12T06:18:17.794711" elapsed="0.000431"/>
</kw>
<kw name="Log" owner="BuiltIn">
<msg time="2024-04-12T06:18:17.795824" level="INFO">{'gender': 'male', 'name': {'title': 'Mr', 'first': 'Volkan', 'last': 'Tütüncü'}, 'location': {'street': {'number': 750, 'name': 'Şehitler Cd'}, 'city': 'Adana', 'state': 'Van', 'country': 'Turkey', 'postcode': 28045, 'coordinates': {'latitude': '71.8733', 'longitude': '-75.6460'}, 'timezone': {'offset': '+6:00', 'description': 'Almaty, Dhaka, Colombo'}}, 'email': 'volkan.tutuncu@example.com', 'login': {'uuid': 'fdc150c3-1907-4e9b-8f51-b2a37475a63b', 'username': 'goldenbird753', 'password': 'vaughn', 'salt': 'fJaE4LQF', 'md5': '3fbb111c7401b961691309a2ff87b50e', 'sha1': 'b76d66d51d2b13f0840b71d603c9ea5160d5e315', 'sha256': '6f6aca7ce4744f0fe0273e0622833ef004c6ba82471ccb2b4f7f6d11a722a702'}, 'dob': {'date': '1954-05-17T00:23:17.759Z', 'age': 69}, 'registered': {'date': '2015-04-21T20:52:57.447Z', 'age': 8}, 'phone': '(424)-363-1767', 'cell': '(591)-676-1424', 'id': {'name': '', 'value': None}, 'picture': {'large': 'https://randomuser.me/api/portraits/men/23.jpg', 'medium': 'https://randomuser.me/api/portraits/med/men/23.jpg', 'thumbnail': 'https://randomuser.me/api/portraits/thumb/men/23.jpg'}, 'nat': 'TR'}</msg>
<arg>${json_data['results'][0]}</arg>
<doc>Logs the given message with the given level.</doc>
<status status="PASS" start="2024-04-12T06:18:17.795449" elapsed="0.000427"/>
</kw>
<kw name="Log" owner="BuiltIn">
<msg time="2024-04-12T06:18:17.796321" level="INFO">email</msg>
<arg>${key}</arg>
<doc>Logs the given message with the given level.</doc>
<status status="PASS" start="2024-04-12T06:18:17.796190" elapsed="0.000169"/>
</kw>
<var name="${key}">email</var>
<status status="PASS" start="2024-04-12T06:18:17.794595" elapsed="0.001983"/>
</iter>
<iter>
<kw name="Dictionary Should Contain Key" owner="Collections">
<msg time="2024-04-12T06:18:17.797251" level="INFO">False</msg>
<arg>${json_data['results'][0]}</arg>
<arg>${key}</arg>
<doc>Fails if ``key`` is not found from ``dictionary``.</doc>
<status status="PASS" start="2024-04-12T06:18:17.796870" elapsed="0.000419"/>
</kw>
<kw name="Log" owner="BuiltIn">
<msg time="2024-04-12T06:18:17.797961" level="INFO">{'gender': 'male', 'name': {'title': 'Mr', 'first': 'Volkan', 'last': 'Tütüncü'}, 'location': {'street': {'number': 750, 'name': 'Şehitler Cd'}, 'city': 'Adana', 'state': 'Van', 'country': 'Turkey', 'postcode': 28045, 'coordinates': {'latitude': '71.8733', 'longitude': '-75.6460'}, 'timezone': {'offset': '+6:00', 'description': 'Almaty, Dhaka, Colombo'}}, 'email': 'volkan.tutuncu@example.com', 'login': {'uuid': 'fdc150c3-1907-4e9b-8f51-b2a37475a63b', 'username': 'goldenbird753', 'password': 'vaughn', 'salt': 'fJaE4LQF', 'md5': '3fbb111c7401b961691309a2ff87b50e', 'sha1': 'b76d66d51d2b13f0840b71d603c9ea5160d5e315', 'sha256': '6f6aca7ce4744f0fe0273e0622833ef004c6ba82471ccb2b4f7f6d11a722a702'}, 'dob': {'date': '1954-05-17T00:23:17.759Z', 'age': 69}, 'registered': {'date': '2015-04-21T20:52:57.447Z', 'age': 8}, 'phone': '(424)-363-1767', 'cell': '(591)-676-1424', 'id': {'name': '', 'value': None}, 'picture': {'large': 'https://randomuser.me/api/portraits/men/23.jpg', 'medium': 'https://randomuser.me/api/portraits/med/men/23.jpg', 'thumbnail': 'https://randomuser.me/api/portraits/thumb/men/23.jpg'}, 'nat': 'TR'}</msg>
<arg>${json_data['results'][0]}</arg>
<doc>Logs the given message with the given level.</doc>
<status status="PASS" start="2024-04-12T06:18:17.797589" elapsed="0.000422"/>
</kw>
<kw name="Log" owner="BuiltIn">
<msg time="2024-04-12T06:18:17.798472" level="INFO">login</msg>
<arg>${key}</arg>
<doc>Logs the given message with the given level.</doc>
<status status="PASS" start="2024-04-12T06:18:17.798337" elapsed="0.000174"/>
</kw>
<var name="${key}">login</var>
<status status="PASS" start="2024-04-12T06:18:17.796756" elapsed="0.001981"/>
</iter>
<var>${key}</var>
<value>@{expected_keys}</value>
<status status="PASS" start="2024-04-12T06:18:17.787455" elapsed="0.011405"/>
</for>
<kw name="Create List" owner="BuiltIn">
<msg time="2024-04-12T06:18:17.799234" level="INFO">${expected_keysTwo} = ['username', 'password']</msg>
<var>${expected_keysTwo}</var>
<arg>username</arg>
<arg>password</arg>
<doc>Returns a list containing given items.</doc>
<status status="PASS" start="2024-04-12T06:18:17.799092" elapsed="0.000166"/>
</kw>
<for flavor="IN">
<iter>
<kw name="Dictionary Should Contain Key" owner="Collections">
<msg time="2024-04-12T06:18:17.800265" level="INFO">False</msg>
<arg>${json_data['results'][0]['login']}</arg>
<arg>${keyTwo}</arg>
<doc>Fails if ``key`` is not found from ``dictionary``.</doc>
<status status="PASS" start="2024-04-12T06:18:17.799876" elapsed="0.000428"/>
</kw>
<kw name="Dictionary Should Contain Key" owner="Collections">
<msg time="2024-04-12T06:18:17.800999" level="INFO">False</msg>
<arg>${json_data['results'][0]['login']}</arg>
<arg>${keyTwo}</arg>
<doc>Fails if ``key`` is not found from ``dictionary``.</doc>
<status status="PASS" start="2024-04-12T06:18:17.800608" elapsed="0.000430"/>
</kw>
<kw name="Log" owner="BuiltIn">
<msg time="2024-04-12T06:18:17.801469" level="INFO">username</msg>
<arg>${keyTwo}</arg>
<doc>Logs the given message with the given level.</doc>
<status status="PASS" start="2024-04-12T06:18:17.801338" elapsed="0.000170"/>
</kw>
<var name="${keyTwo}">username</var>
<status status="PASS" start="2024-04-12T06:18:17.799761" elapsed="0.001966"/>
</iter>
<iter>
<kw name="Dictionary Should Contain Key" owner="Collections">
<msg time="2024-04-12T06:18:17.802443" level="INFO">False</msg>
<arg>${json_data['results'][0]['login']}</arg>
<arg>${keyTwo}</arg>
<doc>Fails if ``key`` is not found from ``dictionary``.</doc>
<status status="PASS" start="2024-04-12T06:18:17.802026" elapsed="0.000457"/>
</kw>
<kw name="Dictionary Should Contain Key" owner="Collections">
<msg time="2024-04-12T06:18:17.803183" level="INFO">False</msg>
<arg>${json_data['results'][0]['login']}</arg>
<arg>${keyTwo}</arg>
<doc>Fails if ``key`` is not found from ``dictionary``.</doc>
<status status="PASS" start="2024-04-12T06:18:17.802786" elapsed="0.000435"/>
</kw>
<kw name="Log" owner="BuiltIn">
<msg time="2024-04-12T06:18:17.803652" level="INFO">password</msg>
<arg>${keyTwo}</arg>
<doc>Logs the given message with the given level.</doc>
<status status="PASS" start="2024-04-12T06:18:17.803520" elapsed="0.000171"/>
</kw>
<var name="${keyTwo}">password</var>
<status status="PASS" start="2024-04-12T06:18:17.801904" elapsed="0.002009"/>
</iter>
<var>${keyTwo}</var>
<value>@{expected_keysTwo}</value>
<status status="PASS" start="2024-04-12T06:18:17.799500" elapsed="0.004540"/>
</for>
<status status="PASS" start="2024-04-12T06:18:17.684385" elapsed="0.119798"/>
</kw>
<doc>Testa a estrutura da resposta da API.</doc>
<tag>testeEstruturaResposta</tag>
<status status="PASS" start="2024-04-12T06:18:17.683613" elapsed="0.120730"/>
</test>
<test id="s1-s1-t4" name="Validar tipos de dados" line="28">
<kw name="Teste de Tipos de Dados" owner="random-user-service">
<kw name="GET On Session" owner="RequestsLibrary">
<msg time="2024-04-12T06:18:17.878281" level="INFO">GET Request : url=https://randomuser.me/api 
 path_url=/api 
 headers={'User-Agent': 'python-requests/2.31.0', 'Accept-Encoding': 'gzip, deflate', 'Accept': '*/*', 'Connection': 'keep-alive'} 
 body=None 
 </msg>
<msg time="2024-04-12T06:18:17.878398" level="INFO">GET Response : url=https://randomuser.me/api 
 status=200, reason=OK 
 headers={'Date': 'Fri, 12 Apr 2024 06:18:17 GMT', 'Content-Type': 'application/json; charset=utf-8', 'Transfer-Encoding': 'chunked', 'Connection': 'keep-alive', 'X-Powered-By': 'Express', 'Access-Control-Allow-Origin': '*', 'Cache-Control': 'no-cache', 'ETag': 'W/"471-H4M+21SkYwOrDnsWDW8acQmTV8Q"', 'Vary': 'Accept-Encoding', 'Content-Encoding': 'gzip', 'CF-Cache-Status': 'DYNAMIC', 'Report-To': '{"endpoints":[{"url":"https:\\/\\/a.nel.cloudflare.com\\/report\\/v4?s=8%2FW94M7YtT1Gns3RxITrYZDWHYIcGQv70ZjqI1urAzjXLYCA%2B3HYzHvvpb0%2F%2BeJqTwA4aQdtvQytKdq08uB45xrvN7nL0lXNUXtbKVFoiec%2BGet62wVnJ24tjypSuXpA"}],"group":"cf-nel","max_age":604800}', 'NEL': '{"success_fraction":0,"report_to":"cf-nel","max_age":604800}', 'Server': 'cloudflare', 'CF-RAY': '873119254a0289f9-ORD', 'alt-svc': 'h3=":443"; ma=86400'} 
 body={"results":[{"gender":"male","name":{"title":"Mr","first":"Miro","last":"Puro"},"location":{"street":{"number":3471,"name":"Tehtaankatu"},"city":"Säkylä","state":"North Karelia","country":"Finland","postcode":58157,"coordinates":{"latitude":"-26.3704","longitude":"-23.3337"},"timezone":{"offset":"-10:00","description":"Hawaii"}},"email":"miro.puro@example.com","login":{"uuid":"9b15ed58-0b76-4ee3-868a-8d764a011c5a","username":"lazymouse582","password":"gramma","salt":"cQDz66pU","md5":"d185a2b48f1bb1d2b13bdfa44d3e81fb","sha1":"d4f6328a788fb7b4c539d8b990fa982d718f3db3","sha256":"235a0a0f6800d9e073707ae78765580397ecdb84c69cb37cb1e61f45e7223cdd"},"dob":{"date":"1991-11-03T10:23:42.482Z","age":32},"registered":{"date":"2011-02-01T03:03:37.341Z","age":13},"phone":"04-601-073","cell":"046-135-35-60","id":{"name":"HETU","value":"NaNNA899undefined"},"picture":{"large":"https://randomuser.me/api/portraits/men/39.jpg","medium":"https://randomuser.me/api/portraits/med/men/39.jpg","thumbnail":"https://randomuser.me/api/portraits/thumb/men/39.jpg"},"nat":"FI"}],"info":{"seed":"10be0ccdfc3f844c","results":1,"page":1,"version":"1.4"}} 
 </msg>
<msg time="2024-04-12T06:18:17.878459" level="INFO">/opt/hostedtoolcache/Python/3.12.2/x64/lib/python3.12/site-packages/urllib3/connectionpool.py:1103: InsecureRequestWarning: Unverified HTTPS request is being made to host 'randomuser.me'. Adding certificate verification is strongly advised. See: https://urllib3.readthedocs.io/en/latest/advanced-usage.html#tls-warnings
  warnings.warn(</msg>
<msg time="2024-04-12T06:18:17.878549" level="INFO">${response} = &lt;Response [200]&gt;</msg>
<var>${response}</var>
<arg>consultarAPI</arg>
<arg>/api</arg>
<doc>Sends a GET request on a previously created HTTP Session.</doc>
<status status="PASS" start="2024-04-12T06:18:17.806904" elapsed="0.071686"/>
</kw>
<kw name="Set Variable" owner="BuiltIn">
<msg time="2024-04-12T06:18:17.879674" level="INFO">${json_data} = {'results': [{'gender': 'male', 'name': {'title': 'Mr', 'first': 'Miro', 'last': 'Puro'}, 'location': {'street': {'number': 3471, 'name': 'Tehtaankatu'}, 'city': 'Säkylä', 'state': 'North Karelia', 'c...</msg>
<var>${json_data}</var>
<arg>${response.json()}</arg>
<doc>Returns the given values which can then be assigned to a variables.</doc>
<status status="PASS" start="2024-04-12T06:18:17.879070" elapsed="0.000635"/>
</kw>
<kw name="Log" owner="BuiltIn">
<msg time="2024-04-12T06:18:17.880196" level="INFO">{'results': [{'gender': 'male', 'name': {'title': 'Mr', 'first': 'Miro', 'last': 'Puro'}, 'location': {'street': {'number': 3471, 'name': 'Tehtaankatu'}, 'city': 'Säkylä', 'state': 'North Karelia', 'country': 'Finland', 'postcode': 58157, 'coordinates': {'latitude': '-26.3704', 'longitude': '-23.3337'}, 'timezone': {'offset': '-10:00', 'description': 'Hawaii'}}, 'email': 'miro.puro@example.com', 'login': {'uuid': '9b15ed58-0b76-4ee3-868a-8d764a011c5a', 'username': 'lazymouse582', 'password': 'gramma', 'salt': 'cQDz66pU', 'md5': 'd185a2b48f1bb1d2b13bdfa44d3e81fb', 'sha1': 'd4f6328a788fb7b4c539d8b990fa982d718f3db3', 'sha256': '235a0a0f6800d9e073707ae78765580397ecdb84c69cb37cb1e61f45e7223cdd'}, 'dob': {'date': '1991-11-03T10:23:42.482Z', 'age': 32}, 'registered': {'date': '2011-02-01T03:03:37.341Z', 'age': 13}, 'phone': '04-601-073', 'cell': '046-135-35-60', 'id': {'name': 'HETU', 'value': 'NaNNA899undefined'}, 'picture': {'large': 'https://randomuser.me/api/portraits/men/39.jpg', 'medium': 'https://randomuser.me/api/portraits/med/men/39.jpg', 'thumbnail': 'https://randomuser.me/api/portraits/thumb/men/39.jpg'}, 'nat': 'FI'}], 'info': {'seed': '10be0ccdfc3f844c', 'results': 1, 'page': 1, 'version': '1.4'}}</msg>
<arg>${json_data}</arg>
<doc>Logs the given message with the given level.</doc>
<status status="PASS" start="2024-04-12T06:18:17.880025" elapsed="0.000222"/>
</kw>
<kw name="Should Be String" owner="String">
<arg>${json_data['results'][0]['gender']}</arg>
<doc>Fails if the given ``item`` is not a string.</doc>
<status status="PASS" start="2024-04-12T06:18:17.880572" elapsed="0.000366"/>
</kw>
<kw name="Should Match Regexp" owner="BuiltIn">
<arg>${json_data['results'][0]['email']}</arg>
<arg>^[a-zA-Z0-9._%+-]+@[a-zA-Z0-9.-]+\.[a-zA-Z]{2,}$</arg>
<doc>Fails if ``string`` does not match ``pattern`` as a regular expression.</doc>
<status status="PASS" start="2024-04-12T06:18:17.881135" elapsed="0.000514"/>
</kw>
<kw name="Should Match Regexp" owner="BuiltIn">
<arg>${json_data['results'][0]['dob']['date']}</arg>
<arg>\\d{4}-\\d{2}-\\d{2}T\\d{2}:\\d{2}:\\d{2}\\.\\d{3}Z</arg>
<doc>Fails if ``string`` does not match ``pattern`` as a regular expression.</doc>
<status status="PASS" start="2024-04-12T06:18:17.881849" elapsed="0.000541"/>
</kw>
<kw name="Should Match Regexp" owner="BuiltIn">
<arg>${json_data['results'][0]['registered']['date']}</arg>
<arg>\\d{4}-\\d{2}-\\d{2}T\\d{2}:\\d{2}:\\d{2}\\.\\d{3}Z</arg>
<doc>Fails if ``string`` does not match ``pattern`` as a regular expression.</doc>
<status status="PASS" start="2024-04-12T06:18:17.882602" elapsed="0.000387"/>
</kw>
<kw name="Should Match Regexp" owner="BuiltIn">
<arg>${json_data['results'][0]['picture']['large']}</arg>
<arg>^https?://.*\.(?:png|jpe?g|gif|bmp)$</arg>
<doc>Fails if ``string`` does not match ``pattern`` as a regular expression.</doc>
<status status="PASS" start="2024-04-12T06:18:17.883184" elapsed="0.000466"/>
</kw>
<kw name="Should Match Regexp" owner="BuiltIn">
<arg>${json_data['results'][0]['picture']['medium']}</arg>
<arg>^https?://.*\.(?:png|jpe?g|gif|bmp)$</arg>
<doc>Fails if ``string`` does not match ``pattern`` as a regular expression.</doc>
<status status="PASS" start="2024-04-12T06:18:17.883843" elapsed="0.000372"/>
</kw>
<kw name="Should Match Regexp" owner="BuiltIn">
<arg>${json_data['results'][0]['picture']['thumbnail']}</arg>
<arg>^https?://.*\.(?:png|jpe?g|gif|bmp)$</arg>
<doc>Fails if ``string`` does not match ``pattern`` as a regular expression.</doc>
<status status="PASS" start="2024-04-12T06:18:17.884407" elapsed="0.000361"/>
</kw>
<kw name="Log" owner="BuiltIn">
<msg time="2024-04-12T06:18:17.885279" level="INFO">{'large': 'https://randomuser.me/api/portraits/men/39.jpg', 'medium': 'https://randomuser.me/api/portraits/med/men/39.jpg', 'thumbnail': 'https://randomuser.me/api/portraits/thumb/men/39.jpg'}</msg>
<arg>${json_data['results'][0]['picture']}</arg>
<doc>Logs the given message with the given level.</doc>
<status status="PASS" start="2024-04-12T06:18:17.884954" elapsed="0.000367"/>
</kw>
<status status="PASS" start="2024-04-12T06:18:17.806666" elapsed="0.078909"/>
</kw>
<kw name="Teste de Tipos de Dados - Postcode" owner="random-user-service">
<kw name="GET On Session" owner="RequestsLibrary">
<msg time="2024-04-12T06:18:17.979774" level="INFO">GET Request : url=https://randomuser.me/api 
 path_url=/api 
 headers={'User-Agent': 'python-requests/2.31.0', 'Accept-Encoding': 'gzip, deflate', 'Accept': '*/*', 'Connection': 'keep-alive'} 
 body=None 
 </msg>
<msg time="2024-04-12T06:18:17.979854" level="INFO">GET Response : url=https://randomuser.me/api 
 status=200, reason=OK 
 headers={'Date': 'Fri, 12 Apr 2024 06:18:17 GMT', 'Content-Type': 'application/json; charset=utf-8', 'Transfer-Encoding': 'chunked', 'Connection': 'keep-alive', 'X-Powered-By': 'Express', 'Access-Control-Allow-Origin': '*', 'Cache-Control': 'no-cache', 'ETag': 'W/"4a5-KHe8KmnBbFAupk7DBHVhTylmQh4"', 'Vary': 'Accept-Encoding', 'Content-Encoding': 'gzip', 'CF-Cache-Status': 'DYNAMIC', 'Report-To': '{"endpoints":[{"url":"https:\\/\\/a.nel.cloudflare.com\\/report\\/v4?s=hDpG1ut2sQAAk%2F0L8FFQHTxK2AGUz5hZ0PrYjFvUBrPiWEr31sa7XHE33TqE4XvINf4jlehnbpqBIW9K%2Bc6HmiX8%2F%2BxXFcpATXPU9viAzml10%2FUzuMeNFGJpzF1VLDjo"}],"group":"cf-nel","max_age":604800}', 'NEL': '{"success_fraction":0,"report_to":"cf-nel","max_age":604800}', 'Server': 'cloudflare', 'CF-RAY': '87311925ca4489f9-ORD', 'alt-svc': 'h3=":443"; ma=86400'} 
 body={"results":[{"gender":"female","name":{"title":"Ms","first":"زهرا","last":"کوتی"},"location":{"street":{"number":6972,"name":"شهید آرش مهر"},"city":"کاشان","state":"خراسان شمالی","country":"Iran","postcode":12099,"coordinates":{"latitude":"16.5332","longitude":"62.2408"},"timezone":{"offset":"-5:00","description":"Eastern Time (US &amp; Canada), Bogota, Lima"}},"email":"zhr.khwty@example.com","login":{"uuid":"6ed4b5d5-04e6-4db4-8026-83584f3a6e5c","username":"greenlion316","password":"billbill","salt":"t4x3QqFd","md5":"4d26c497ad5ead6578d2f189e657bf32","sha1":"358897babdf49f0b485ef381d3e6c25263791815","sha256":"e376a5fcfaff0bd9738d5c08ce243325f30fbb7923371f767273f64c3dbd55ed"},"dob":{"date":"1963-07-21T22:34:43.857Z","age":60},"registered":{"date":"2012-06-30T05:08:33.747Z","age":11},"phone":"092-63937615","cell":"0903-132-0807","id":{"name":"","value":null},"picture":{"large":"https://randomuser.me/api/portraits/women/27.jpg","medium":"https://randomuser.me/api/portraits/med/women/27.jpg","thumbnail":"https://randomuser.me/api/portraits/thumb/women/27.jpg"},"nat":"IR"}],"info":{"seed":"44dad0b4b56292bd","results":1,"page":1,"version":"1.4"}} 
 </msg>
<msg time="2024-04-12T06:18:17.979942" level="INFO">/opt/hostedtoolcache/Python/3.12.2/x64/lib/python3.12/site-packages/urllib3/connectionpool.py:1103: InsecureRequestWarning: Unverified HTTPS request is being made to host 'randomuser.me'. Adding certificate verification is strongly advised. See: https://urllib3.readthedocs.io/en/latest/advanced-usage.html#tls-warnings
  warnings.warn(</msg>
<msg time="2024-04-12T06:18:17.980047" level="INFO">${response} = &lt;Response [200]&gt;</msg>
<var>${response}</var>
<arg>consultarAPI</arg>
<arg>/api</arg>
<doc>Sends a GET request on a previously created HTTP Session.</doc>
<status status="PASS" start="2024-04-12T06:18:17.886036" elapsed="0.094057"/>
</kw>
<kw name="Set Variable" owner="BuiltIn">
<msg time="2024-04-12T06:18:17.980963" level="INFO">${json_data} = {'results': [{'gender': 'female', 'name': {'title': 'Ms', 'first': 'زهرا', 'last': 'کوتی'}, 'location': {'street': {'number': 6972, 'name': 'شهید آرش مهر'}, 'city': 'کاشان', 'state': 'خراسان شمالی', '...</msg>
<var>${json_data}</var>
<arg>${response.json()}</arg>
<doc>Returns the given values which can then be assigned to a variables.</doc>
<status status="PASS" start="2024-04-12T06:18:17.980510" elapsed="0.000483"/>
</kw>
<kw name="Log" owner="BuiltIn">
<msg time="2024-04-12T06:18:17.981456" level="INFO">{'results': [{'gender': 'female', 'name': {'title': 'Ms', 'first': 'زهرا', 'last': 'کوتی'}, 'location': {'street': {'number': 6972, 'name': 'شهید آرش مهر'}, 'city': 'کاشان', 'state': 'خراسان شمالی', 'country': 'Iran', 'postcode': 12099, 'coordinates': {'latitude': '16.5332', 'longitude': '62.2408'}, 'timezone': {'offset': '-5:00', 'description': 'Eastern Time (US &amp; Canada), Bogota, Lima'}}, 'email': 'zhr.khwty@example.com', 'login': {'uuid': '6ed4b5d5-04e6-4db4-8026-83584f3a6e5c', 'username': 'greenlion316', 'password': 'billbill', 'salt': 't4x3QqFd', 'md5': '4d26c497ad5ead6578d2f189e657bf32', 'sha1': '358897babdf49f0b485ef381d3e6c25263791815', 'sha256': 'e376a5fcfaff0bd9738d5c08ce243325f30fbb7923371f767273f64c3dbd55ed'}, 'dob': {'date': '1963-07-21T22:34:43.857Z', 'age': 60}, 'registered': {'date': '2012-06-30T05:08:33.747Z', 'age': 11}, 'phone': '092-63937615', 'cell': '0903-132-0807', 'id': {'name': '', 'value': None}, 'picture': {'large': 'https://randomuser.me/api/portraits/women/27.jpg', 'medium': 'https://randomuser.me/api/portraits/med/women/27.jpg', 'thumbnail': 'https://randomuser.me/api/portraits/thumb/women/27.jpg'}, 'nat': 'IR'}], 'info': {'seed': '44dad0b4b56292bd', 'results': 1, 'page': 1, 'version': '1.4'}}</msg>
<arg>${json_data}</arg>
<doc>Logs the given message with the given level.</doc>
<status status="PASS" start="2024-04-12T06:18:17.981298" elapsed="0.000210"/>
</kw>
<kw name="Should Be Equal As Numbers" owner="BuiltIn">
<arg>${json_data['results'][0]['location']['postcode']}</arg>
<arg>${json_data['results'][0]['location']['postcode']}</arg>
<doc>Fails if objects are unequal after converting them to real numbers.</doc>
<status status="PASS" start="2024-04-12T06:18:17.981804" elapsed="0.000698"/>
</kw>
<kw name="Log" owner="BuiltIn">
<msg time="2024-04-12T06:18:17.983033" level="INFO">12099</msg>
<arg>${json_data['results'][0]['location']['postcode']}</arg>
<doc>Logs the given message with the given level.</doc>
<status status="PASS" start="2024-04-12T06:18:17.982696" elapsed="0.000377"/>
</kw>
<status status="PASS" start="2024-04-12T06:18:17.885799" elapsed="0.097528"/>
</kw>
<doc>Testa se os tipos de dados na resposta da API estão corretos.</doc>
<tag>testeTiposDados</tag>
<status status="PASS" start="2024-04-12T06:18:17.806113" elapsed="0.177375"/>
</test>
<test id="s1-s1-t5" name="Validar conteudo" line="35">
<kw name="Teste de Tipos de Conteudo" owner="random-user-service">
<kw name="GET On Session" owner="RequestsLibrary">
<msg time="2024-04-12T06:18:18.081122" level="INFO">GET Request : url=https://randomuser.me/api 
 path_url=/api 
 headers={'User-Agent': 'python-requests/2.31.0', 'Accept-Encoding': 'gzip, deflate', 'Accept': '*/*', 'Connection': 'keep-alive'} 
 body=None 
 </msg>
<msg time="2024-04-12T06:18:18.081223" level="INFO">GET Response : url=https://randomuser.me/api 
 status=200, reason=OK 
 headers={'Date': 'Fri, 12 Apr 2024 06:18:18 GMT', 'Content-Type': 'application/json; charset=utf-8', 'Transfer-Encoding': 'chunked', 'Connection': 'keep-alive', 'X-Powered-By': 'Express', 'Access-Control-Allow-Origin': '*', 'Cache-Control': 'no-cache', 'ETag': 'W/"484-itIrx1o3f2aJ8fL8OjYYuMxhKvg"', 'Vary': 'Accept-Encoding', 'Content-Encoding': 'gzip', 'CF-Cache-Status': 'DYNAMIC', 'Report-To': '{"endpoints":[{"url":"https:\\/\\/a.nel.cloudflare.com\\/report\\/v4?s=blcwBq0qJACi%2FqrRLOPtWoP2pxxyZq3Eka6jlY7ohkT8FcOyrmb4c%2BkpRNwKPWWGQjY6mY3h5uMbSkbVd%2FBteeX8BbNPMWntUGfhP89AOsgkN54fsA8zwvT1MKkZCBu2"}],"group":"cf-nel","max_age":604800}', 'NEL': '{"success_fraction":0,"report_to":"cf-nel","max_age":604800}', 'Server': 'cloudflare', 'CF-RAY': '873119266aaf89f9-ORD', 'alt-svc': 'h3=":443"; ma=86400'} 
 body={"results":[{"gender":"female","name":{"title":"Ms","first":"Lois","last":"Campos"},"location":{"street":{"number":7466,"name":"Travessa dos Açorianos"},"city":"Rio Branco","state":"Roraima","country":"Brazil","postcode":65891,"coordinates":{"latitude":"-75.6545","longitude":"66.0364"},"timezone":{"offset":"+3:30","description":"Tehran"}},"email":"lois.campos@example.com","login":{"uuid":"91c9bfbd-98f2-4963-99bb-b088b4fb5f05","username":"sadpeacock115","password":"reagan","salt":"F7jKzofK","md5":"5e5622c215d3baad0e6c70664c00d88e","sha1":"2c15d971fb4d57ed4bbbf1e6e01685ccbd37e10c","sha256":"94efd2fb45156aa2ed097b774de30def70fbb357c1e1761cb8658a38ca0ca8c1"},"dob":{"date":"1976-03-28T10:40:05.051Z","age":48},"registered":{"date":"2013-02-25T08:03:46.400Z","age":11},"phone":"(29) 7390-3776","cell":"(01) 3848-3067","id":{"name":"CPF","value":"787.722.689-17"},"picture":{"large":"https://randomuser.me/api/portraits/women/70.jpg","medium":"https://randomuser.me/api/portraits/med/women/70.jpg","thumbnail":"https://randomuser.me/api/portraits/thumb/women/70.jpg"},"nat":"BR"}],"info":{"seed":"5e61e52763755653","results":1,"page":1,"version":"1.4"}} 
 </msg>
<msg time="2024-04-12T06:18:18.081309" level="INFO">/opt/hostedtoolcache/Python/3.12.2/x64/lib/python3.12/site-packages/urllib3/connectionpool.py:1103: InsecureRequestWarning: Unverified HTTPS request is being made to host 'randomuser.me'. Adding certificate verification is strongly advised. See: https://urllib3.readthedocs.io/en/latest/advanced-usage.html#tls-warnings
  warnings.warn(</msg>
<msg time="2024-04-12T06:18:18.081437" level="INFO">${response} = &lt;Response [200]&gt;</msg>
<var>${response}</var>
<arg>consultarAPI</arg>
<arg>/api</arg>
<doc>Sends a GET request on a previously created HTTP Session.</doc>
<status status="PASS" start="2024-04-12T06:18:17.985964" elapsed="0.095521"/>
</kw>
<kw name="Set Variable" owner="BuiltIn">
<msg time="2024-04-12T06:18:18.082497" level="INFO">${json_data} = {'results': [{'gender': 'female', 'name': {'title': 'Ms', 'first': 'Lois', 'last': 'Campos'}, 'location': {'street': {'number': 7466, 'name': 'Travessa dos Açorianos'}, 'city': 'Rio Branco', 'state': ...</msg>
<var>${json_data}</var>
<arg>${response.json()}</arg>
<doc>Returns the given values which can then be assigned to a variables.</doc>
<status status="PASS" start="2024-04-12T06:18:18.081945" elapsed="0.000582"/>
</kw>
<kw name="Set Variable" owner="BuiltIn">
<msg time="2024-04-12T06:18:18.083222" level="INFO">${name_title} = Ms</msg>
<var>${name_title}</var>
<arg>${json_data["results"][0]["name"]["title"]}</arg>
<doc>Returns the given values which can then be assigned to a variables.</doc>
<status status="PASS" start="2024-04-12T06:18:18.082839" elapsed="0.000409"/>
</kw>
<kw name="Create List" owner="BuiltIn">
<msg time="2024-04-12T06:18:18.083703" level="INFO">${allowed_titles} = ['Mr', 'Ms', 'Miss', 'Mrs', 'Madame', 'Monsieur']</msg>
<var>${allowed_titles}</var>
<arg>Mr</arg>
<arg>Ms</arg>
<arg>Miss</arg>
<arg>Mrs</arg>
<arg>Madame</arg>
<arg>Monsieur</arg>
<doc>Returns a list containing given items.</doc>
<status status="PASS" start="2024-04-12T06:18:18.083552" elapsed="0.000175"/>
</kw>
<kw name="List Should Contain Value" owner="Collections">
<msg time="2024-04-12T06:18:18.084201" level="INFO">False</msg>
<arg>${allowed_titles}</arg>
<arg>${name_title}</arg>
<doc>Fails if the ``value`` is not found from ``list``.</doc>
<status status="PASS" start="2024-04-12T06:18:18.084029" elapsed="0.000208"/>
</kw>
<kw name="Set Variable" owner="BuiltIn">
<msg time="2024-04-12T06:18:18.084917" level="INFO">${name_country} = BR</msg>
<var>${name_country}</var>
<arg>${json_data["results"][0]["nat"]}</arg>
<doc>Returns the given values which can then be assigned to a variables.</doc>
<status status="PASS" start="2024-04-12T06:18:18.084533" elapsed="0.000409"/>
</kw>
<kw name="Create List" owner="BuiltIn">
<msg time="2024-04-12T06:18:18.085846" level="INFO">${list_country} = ['AD', 'AE', 'AF', 'AG', 'AI', 'AL', 'AM', 'AO', 'AQ', 'AR', 'AS', 'AT', 'AU', 'AW', 'AX', 'AZ', 'BA', 'BB', 'BD', 'BE', 'BF', 'BG', 'BH', 'BI', 'BJ', 'BL', 'BM', 'BN', 'BO', 'BQ', 'BR', 'BS', 'BT', '...</msg>
<var>${list_country}</var>
<arg>AD</arg>
<arg>AE</arg>
<arg>AF</arg>
<arg>AG</arg>
<arg>AI</arg>
<arg>AL</arg>
<arg>AM</arg>
<arg>AO</arg>
<arg>AQ</arg>
<arg>AR</arg>
<arg>AS</arg>
<arg>AT</arg>
<arg>AU</arg>
<arg>AW</arg>
<arg>AX</arg>
<arg>AZ</arg>
<arg>BA</arg>
<arg>BB</arg>
<arg>BD</arg>
<arg>BE</arg>
<arg>BF</arg>
<arg>BG</arg>
<arg>BH</arg>
<arg>BI</arg>
<arg>BJ</arg>
<arg>BL</arg>
<arg>BM</arg>
<arg>BN</arg>
<arg>BO</arg>
<arg>BQ</arg>
<arg>BR</arg>
<arg>BS</arg>
<arg>BT</arg>
<arg>BV</arg>
<arg>BW</arg>
<arg>BY</arg>
<arg>BZ</arg>
<arg>CA</arg>
<arg>CC</arg>
<arg>CD</arg>
<arg>CF</arg>
<arg>CG</arg>
<arg>CH</arg>
<arg>CI</arg>
<arg>CK</arg>
<arg>CL</arg>
<arg>CM</arg>
<arg>CN</arg>
<arg>CO</arg>
<arg>CR</arg>
<arg>CU</arg>
<arg>CV</arg>
<arg>CW</arg>
<arg>CX</arg>
<arg>CY</arg>
<arg>CZ</arg>
<arg>DE</arg>
<arg>DJ</arg>
<arg>DK</arg>
<arg>DM</arg>
<arg>DO</arg>
<arg>DZ</arg>
<arg>EC</arg>
<arg>EE</arg>
<arg>EG</arg>
<arg>EH</arg>
<arg>ER</arg>
<arg>ES</arg>
<arg>ET</arg>
<arg>FI</arg>
<arg>FJ</arg>
<arg>FK</arg>
<arg>FM</arg>
<arg>FO</arg>
<arg>FR</arg>
<arg>GA</arg>
<arg>GB</arg>
<arg>GD</arg>
<arg>GE</arg>
<arg>GF</arg>
<arg>GG</arg>
<arg>GH</arg>
<arg>GI</arg>
<arg>GL</arg>
<arg>GM</arg>
<arg>GN</arg>
<arg>GP</arg>
<arg>GQ</arg>
<arg>GR</arg>
<arg>GS</arg>
<arg>GT</arg>
<arg>GU</arg>
<arg>GW</arg>
<arg>GY</arg>
<arg>HK</arg>
<arg>HM</arg>
<arg>HN</arg>
<arg>HR</arg>
<arg>HT</arg>
<arg>HU</arg>
<arg>ID</arg>
<arg>IE</arg>
<arg>IL</arg>
<arg>IM</arg>
<arg>IN</arg>
<arg>IO</arg>
<arg>IQ</arg>
<arg>IR</arg>
<arg>IS</arg>
<arg>IT</arg>
<arg>JE</arg>
<arg>JM</arg>
<arg>JO</arg>
<arg>JP</arg>
<arg>KE</arg>
<arg>KG</arg>
<arg>KH</arg>
<arg>KI</arg>
<arg>KM</arg>
<arg>KN</arg>
<arg>KP</arg>
<arg>KR</arg>
<arg>KW</arg>
<arg>KY</arg>
<arg>KZ</arg>
<arg>LA</arg>
<arg>LB</arg>
<arg>LC</arg>
<arg>LI</arg>
<arg>LK</arg>
<arg>LR</arg>
<arg>LS</arg>
<arg>LT</arg>
<arg>LU</arg>
<arg>LV</arg>
<arg>LY</arg>
<arg>MA</arg>
<arg>MC</arg>
<arg>MD</arg>
<arg>ME</arg>
<arg>MF</arg>
<arg>MG</arg>
<arg>MH</arg>
<arg>MK</arg>
<arg>ML</arg>
<arg>MM</arg>
<arg>MN</arg>
<arg>MO</arg>
<arg>MP</arg>
<arg>MQ</arg>
<arg>MR</arg>
<arg>MS</arg>
<arg>MT</arg>
<arg>MU</arg>
<arg>MV</arg>
<arg>MW</arg>
<arg>MX</arg>
<arg>MY</arg>
<arg>MZ</arg>
<arg>NA</arg>
<arg>NC</arg>
<arg>NE</arg>
<arg>NF</arg>
<arg>NG</arg>
<arg>NI</arg>
<arg>NL</arg>
<arg>NO</arg>
<arg>NP</arg>
<arg>NR</arg>
<arg>NU</arg>
<arg>NZ</arg>
<arg>OM</arg>
<arg>PA</arg>
<arg>PE</arg>
<arg>PF</arg>
<arg>PG</arg>
<arg>PH</arg>
<arg>PK</arg>
<arg>PL</arg>
<arg>PM</arg>
<arg>PN</arg>
<arg>PR</arg>
<arg>PS</arg>
<arg>PT</arg>
<arg>PW</arg>
<arg>PY</arg>
<arg>QA</arg>
<arg>RE</arg>
<arg>RO</arg>
<arg>RS</arg>
<arg>RU</arg>
<arg>RW</arg>
<arg>SA</arg>
<arg>SB</arg>
<arg>SC</arg>
<arg>SD</arg>
<arg>SE</arg>
<arg>SG</arg>
<arg>SH</arg>
<arg>SI</arg>
<arg>SJ</arg>
<arg>SK</arg>
<arg>SL</arg>
<arg>SM</arg>
<arg>SN</arg>
<arg>SO</arg>
<arg>SR</arg>
<arg>SS</arg>
<arg>ST</arg>
<arg>SV</arg>
<arg>SX</arg>
<arg>SY</arg>
<arg>SZ</arg>
<arg>TC</arg>
<arg>TD</arg>
<arg>TF</arg>
<arg>TG</arg>
<arg>TH</arg>
<arg>TJ</arg>
<arg>TK</arg>
<arg>TL</arg>
<arg>TM</arg>
<arg>TN</arg>
<arg>TO</arg>
<arg>TR</arg>
<arg>TT</arg>
<arg>TV</arg>
<arg>TW</arg>
<arg>TZ</arg>
<arg>UA</arg>
<arg>UG</arg>
<arg>UM</arg>
<arg>US</arg>
<arg>UY</arg>
<arg>UZ</arg>
<arg>VA</arg>
<arg>VC</arg>
<arg>VE</arg>
<arg>VG</arg>
<arg>VI</arg>
<arg>VN</arg>
<arg>VU</arg>
<arg>WF</arg>
<arg>WS</arg>
<arg>XK</arg>
<arg>YE</arg>
<arg>YT</arg>
<arg>ZA</arg>
<arg>ZM</arg>
<arg>ZW</arg>
<doc>Returns a list containing given items.</doc>
<status status="PASS" start="2024-04-12T06:18:18.085243" elapsed="0.000628"/>
</kw>
<kw name="List Should Contain Value" owner="Collections">
<msg time="2024-04-12T06:18:18.086906" level="INFO">False</msg>
<arg>${list_country}</arg>
<arg>${name_country}</arg>
<doc>Fails if the ``value`` is not found from ``list``.</doc>
<status status="PASS" start="2024-04-12T06:18:18.086700" elapsed="0.000243"/>
</kw>
<kw name="Run Keyword If" owner="BuiltIn">
<kw name="Should Be True" owner="BuiltIn">
<arg>${True}</arg>
<doc>Fails if the given condition is not true.</doc>
<status status="PASS" start="2024-04-12T06:18:18.088145" elapsed="0.000147"/>
</kw>
<arg>${json_data["results"][0]["location"]["coordinates"]["latitude"]} &gt;= -90 and ${json_data["results"][0]["location"]["coordinates"]["latitude"]} &lt;= 90</arg>
<arg>Should Be True</arg>
<arg>${True}</arg>
<doc>Runs the given keyword with the given arguments, if ``condition`` is true.</doc>
<status status="PASS" start="2024-04-12T06:18:18.087256" elapsed="0.001165"/>
</kw>
<kw name="Run Keyword If" owner="BuiltIn">
<kw name="Should Be True" owner="BuiltIn">
<arg>${True}</arg>
<doc>Fails if the given condition is not true.</doc>
<status status="PASS" start="2024-04-12T06:18:18.089317" elapsed="0.000136"/>
</kw>
<arg>${json_data["results"][0]["location"]["coordinates"]["longitude"]} &gt;= -180 and ${json_data["results"][0]["location"]["coordinates"]["longitude"]} &lt;= 180</arg>
<arg>Should Be True</arg>
<arg>${True}</arg>
<doc>Runs the given keyword with the given arguments, if ``condition`` is true.</doc>
<status status="PASS" start="2024-04-12T06:18:18.088608" elapsed="0.000968"/>
</kw>
<status status="PASS" start="2024-04-12T06:18:17.985742" elapsed="0.103965"/>
</kw>
<doc>Testa o conteúdo específico dos campos retornados pela API.</doc>
<tag>testeConteudo</tag>
<status status="PASS" start="2024-04-12T06:18:17.985201" elapsed="0.104658"/>
</test>
<status status="PASS" start="2024-04-12T06:18:17.128243" elapsed="0.963541"/>
</suite>
<status status="PASS" start="2024-04-12T06:18:17.114566" elapsed="0.982556"/>
</suite>
<statistics>
<total>
<stat pass="5" fail="0" skip="0">All Tests</stat>
</total>
<tag>
<stat pass="1" fail="0" skip="0">testeConteudo</stat>
<stat pass="1" fail="0" skip="0">testeEstruturaResposta</stat>
<stat pass="1" fail="0" skip="0">testeRequisicaoBasica</stat>
<stat pass="1" fail="0" skip="0">testeTiposDados</stat>
</tag>
<suite>
<stat pass="5" fail="0" skip="0" id="s1" name="Tests">Tests</stat>
<stat pass="5" fail="0" skip="0" id="s1-s1" name="Random-User-Test">Tests.Random-User-Test</stat>
</suite>
</statistics>
<errors>
</errors>
</robot>
