<?xml version="1.0" encoding="UTF-8"?>
<robot generator="Robot 7.0 (Python 3.12.2 on linux)" generated="2024-04-09T00:59:59.533517" rpa="false" schemaversion="5">
<suite id="s1" name="Tests" source="/home/runner/work/DesafioQAItauRogerioJordao/DesafioQAItauRogerioJordao/RamdonUser/tests">
<suite id="s1-s1" name="Random-User-Test" source="/home/runner/work/DesafioQAItauRogerioJordao/DesafioQAItauRogerioJordao/RamdonUser/tests/random-user-test.robot">
<test id="s1-s1-t1" name="Conectar" line="13">
<kw name="Conectar API" owner="random-user-service">
<kw name="Create Session" owner="RequestsLibrary">
<msg time="2024-04-09T00:59:59.967198" level="INFO">Creating Session using : alias=consultarAPI, url=https://randomuser.me/, headers={},                     cookies={}, auth=None, timeout=None, proxies=None, verify=False,                     debug=0 </msg>
<arg>consultarAPI</arg>
<arg>${URL}</arg>
<doc>Create Session: create a HTTP session to a server</doc>
<status status="PASS" start="2024-04-09T00:59:59.966993" elapsed="0.000381"/>
</kw>
<status status="PASS" start="2024-04-09T00:59:59.965965" elapsed="0.001778"/>
</kw>
<status status="PASS" start="2024-04-09T00:59:59.965356" elapsed="0.002594"/>
</test>
<test id="s1-s1-t2" name="Validar retorno 200 e JSON Válido" line="16">
<kw name="Teste de Requisicao Basica" owner="random-user-service">
<kw name="GET On Session" owner="RequestsLibrary">
<msg time="2024-04-09T01:00:00.137718" level="INFO">GET Request : url=https://randomuser.me/api 
 path_url=/api 
 headers={'User-Agent': 'python-requests/2.31.0', 'Accept-Encoding': 'gzip, deflate', 'Accept': '*/*', 'Connection': 'keep-alive'} 
 body=None 
 </msg>
<msg time="2024-04-09T01:00:00.137863" level="INFO">GET Response : url=https://randomuser.me/api 
 status=200, reason=OK 
 headers={'Date': 'Tue, 09 Apr 2024 01:00:00 GMT', 'Content-Type': 'application/json; charset=utf-8', 'Transfer-Encoding': 'chunked', 'Connection': 'keep-alive', 'X-Powered-By': 'Express', 'Access-Control-Allow-Origin': '*', 'Cache-Control': 'no-cache', 'ETag': 'W/"488-l8PwEo1SWPn7iYOBtKcvbXGW7uU"', 'Vary': 'Accept-Encoding', 'Content-Encoding': 'gzip', 'CF-Cache-Status': 'DYNAMIC', 'Report-To': '{"endpoints":[{"url":"https:\\/\\/a.nel.cloudflare.com\\/report\\/v4?s=G8raQLwsUbQ6Pbo9AY83Vu6LQJDbzwN%2FTr%2FEmzQMPVnfPgIhjipwZbANHdpNbmXeq7Ax%2BK6LoqetFNziDsXr9QdE0Cqdg6Uh7QjF5idz3gYTUawk4BkuMJepOI7Od2mv"}],"group":"cf-nel","max_age":604800}', 'NEL': '{"success_fraction":0,"report_to":"cf-nel","max_age":604800}', 'Server': 'cloudflare', 'CF-RAY': '87168ec4af193aee-IAD', 'alt-svc': 'h3=":443"; ma=86400'} 
 body={"results":[{"gender":"male","name":{"title":"Mr","first":"Hans-Hermann","last":"Sahin"},"location":{"street":{"number":6545,"name":"Gartenweg"},"city":"Siegen-Wittgenstein","state":"Berlin","country":"Germany","postcode":61453,"coordinates":{"latitude":"-55.5472","longitude":"-76.2449"},"timezone":{"offset":"+3:30","description":"Tehran"}},"email":"hans-hermann.sahin@example.com","login":{"uuid":"6b9a5c29-8cb3-412e-a561-5e1d76720bb3","username":"happybutterfly436","password":"dundee","salt":"GXRphk6A","md5":"0056d5b30ceb922ee29b936e4d6a4667","sha1":"bc99cf929b05bbf482b38b0dbb8afb2860f79a9f","sha256":"feff83f4313106ed82b8c51643ab0c27da4472babbc6706268ba683dd53c272f"},"dob":{"date":"1996-12-09T10:45:47.589Z","age":27},"registered":{"date":"2004-05-11T10:05:33.391Z","age":19},"phone":"0434-1076264","cell":"0177-7888253","id":{"name":"SVNR","value":"14 091296 S 196"},"picture":{"large":"https://randomuser.me/api/portraits/men/87.jpg","medium":"https://randomuser.me/api/portraits/med/men/87.jpg","thumbnail":"https://randomuser.me/api/portraits/thumb/men/87.jpg"},"nat":"DE"}],"info":{"seed":"78697d5562fa0c42","results":1,"page":1,"version":"1.4"}} 
 </msg>
<msg time="2024-04-09T01:00:00.137946" level="INFO">/opt/hostedtoolcache/Python/3.12.2/x64/lib/python3.12/site-packages/urllib3/connectionpool.py:1103: InsecureRequestWarning: Unverified HTTPS request is being made to host 'randomuser.me'. Adding certificate verification is strongly advised. See: https://urllib3.readthedocs.io/en/latest/advanced-usage.html#tls-warnings
  warnings.warn(</msg>
<msg time="2024-04-09T01:00:00.138104" level="INFO">${response} = &lt;Response [200]&gt;</msg>
<var>${response}</var>
<arg>consultarAPI</arg>
<arg>/api</arg>
<doc>Sends a GET request on a previously created HTTP Session.</doc>
<status status="PASS" start="2024-04-09T00:59:59.970621" elapsed="0.167516"/>
</kw>
<kw name="Should Be Equal As Numbers" owner="BuiltIn">
<msg time="2024-04-09T01:00:00.139115" level="INFO">Argument types are:
&lt;class 'int'&gt;
&lt;class 'str'&gt;</msg>
<arg>${response.status_code}</arg>
<arg>200</arg>
<doc>Fails if objects are unequal after converting them to real numbers.</doc>
<status status="PASS" start="2024-04-09T01:00:00.138653" elapsed="0.000531"/>
</kw>
<kw name="Log" owner="BuiltIn">
<msg time="2024-04-09T01:00:00.139917" level="INFO">200</msg>
<arg>${response.status_code}</arg>
<doc>Logs the given message with the given level.</doc>
<status status="PASS" start="2024-04-09T01:00:00.139543" elapsed="0.000419"/>
</kw>
<kw name="Set Variable" owner="BuiltIn">
<msg time="2024-04-09T01:00:00.140788" level="INFO">${json_data} = {'results': [{'gender': 'male', 'name': {'title': 'Mr', 'first': 'Hans-Hermann', 'last': 'Sahin'}, 'location': {'street': {'number': 6545, 'name': 'Gartenweg'}, 'city': 'Siegen-Wittgenstein', 'state':...</msg>
<var>${json_data}</var>
<arg>${response.json()}</arg>
<doc>Returns the given values which can then be assigned to a variables.</doc>
<status status="PASS" start="2024-04-09T01:00:00.140285" elapsed="0.000532"/>
</kw>
<kw name="Dictionary Should Contain Key" owner="Collections">
<msg time="2024-04-09T01:00:00.141312" level="INFO">False</msg>
<arg>${json_data}</arg>
<arg>results</arg>
<doc>Fails if ``key`` is not found from ``dictionary``.</doc>
<status status="PASS" start="2024-04-09T01:00:00.141139" elapsed="0.000213"/>
</kw>
<status status="PASS" start="2024-04-09T00:59:59.970365" elapsed="0.171248"/>
</kw>
<doc>Testa se a API responde corretamente e retorna um objeto JSON válido.</doc>
<tag>testeRequisicaoBasica</tag>
<status status="PASS" start="2024-04-09T00:59:59.969841" elapsed="0.171967"/>
</test>
<test id="s1-s1-t3" name="Validar estrutura de resposta" line="22">
<kw name="Teste de Estrutura de Resposta" owner="random-user-service">
<kw name="GET On Session" owner="RequestsLibrary">
<msg time="2024-04-09T01:00:00.266259" level="INFO">GET Request : url=https://randomuser.me/api 
 path_url=/api 
 headers={'User-Agent': 'python-requests/2.31.0', 'Accept-Encoding': 'gzip, deflate', 'Accept': '*/*', 'Connection': 'keep-alive'} 
 body=None 
 </msg>
<msg time="2024-04-09T01:00:00.266376" level="INFO">GET Response : url=https://randomuser.me/api 
 status=200, reason=OK 
 headers={'Date': 'Tue, 09 Apr 2024 01:00:00 GMT', 'Content-Type': 'application/json; charset=utf-8', 'Transfer-Encoding': 'chunked', 'Connection': 'keep-alive', 'X-Powered-By': 'Express', 'Access-Control-Allow-Origin': '*', 'Cache-Control': 'no-cache', 'ETag': 'W/"493-Tg7AcKz7mBvflrnAUStnsVqRyuY"', 'Vary': 'Accept-Encoding', 'Content-Encoding': 'gzip', 'CF-Cache-Status': 'DYNAMIC', 'Report-To': '{"endpoints":[{"url":"https:\\/\\/a.nel.cloudflare.com\\/report\\/v4?s=%2BMJ2Z%2BUwhNSi42IxCOx6%2BZuqtZWK1OLwptalOtEZ42dGBjkCt2BEs3HVfdL%2BMR%2BFjSRDooZP1tMkBbYg7AEQpxRr4l9Lt9DdFKyWI4bN4YLfiT5uj%2BhYvAw%2Fz4CkgGfy"}],"group":"cf-nel","max_age":604800}', 'NEL': '{"success_fraction":0,"report_to":"cf-nel","max_age":604800}', 'Server': 'cloudflare', 'CF-RAY': '87168ec4ef863aee-IAD', 'alt-svc': 'h3=":443"; ma=86400'} 
 body={"results":[{"gender":"female","name":{"title":"Ms","first":"Nellie","last":"Green"},"location":{"street":{"number":1259,"name":"Royal Ln"},"city":"Cedar Rapids","state":"Hawaii","country":"United States","postcode":68620,"coordinates":{"latitude":"88.1366","longitude":"126.2970"},"timezone":{"offset":"-7:00","description":"Mountain Time (US &amp; Canada)"}},"email":"nellie.green@example.com","login":{"uuid":"b5e32b23-af00-4498-9145-9872211e2dbb","username":"greenmeercat589","password":"dogboy","salt":"7dapJIve","md5":"4e3c268cc18a718200b51e75c0686179","sha1":"c15791044aa1fa9468024b5ae4ff2869a5c3b147","sha256":"618c7dd98a1ad0e34e4ef952e74d98d94644977d12ad7d7ccc6aa7a74c4d91e4"},"dob":{"date":"1971-11-28T13:27:50.715Z","age":52},"registered":{"date":"2005-06-11T22:04:57.285Z","age":18},"phone":"(209) 387-7708","cell":"(273) 852-9878","id":{"name":"SSN","value":"145-49-3859"},"picture":{"large":"https://randomuser.me/api/portraits/women/16.jpg","medium":"https://randomuser.me/api/portraits/med/women/16.jpg","thumbnail":"https://randomuser.me/api/portraits/thumb/women/16.jpg"},"nat":"US"}],"info":{"seed":"9d1630e84b1d0645","results":1,"page":1,"version":"1.4"}} 
 </msg>
<msg time="2024-04-09T01:00:00.266553" level="INFO">/opt/hostedtoolcache/Python/3.12.2/x64/lib/python3.12/site-packages/urllib3/connectionpool.py:1103: InsecureRequestWarning: Unverified HTTPS request is being made to host 'randomuser.me'. Adding certificate verification is strongly advised. See: https://urllib3.readthedocs.io/en/latest/advanced-usage.html#tls-warnings
  warnings.warn(</msg>
<msg time="2024-04-09T01:00:00.266720" level="INFO">${response} = &lt;Response [200]&gt;</msg>
<var>${response}</var>
<arg>consultarAPI</arg>
<arg>/api</arg>
<doc>Sends a GET request on a previously created HTTP Session.</doc>
<status status="PASS" start="2024-04-09T01:00:00.144611" elapsed="0.122156"/>
</kw>
<kw name="Set Variable" owner="BuiltIn">
<msg time="2024-04-09T01:00:00.267809" level="INFO">${json_data} = {'results': [{'gender': 'female', 'name': {'title': 'Ms', 'first': 'Nellie', 'last': 'Green'}, 'location': {'street': {'number': 1259, 'name': 'Royal Ln'}, 'city': 'Cedar Rapids', 'state': 'Hawaii', '...</msg>
<var>${json_data}</var>
<arg>${response.json()}</arg>
<doc>Returns the given values which can then be assigned to a variables.</doc>
<status status="PASS" start="2024-04-09T01:00:00.267289" elapsed="0.000548"/>
</kw>
<kw name="Log" owner="BuiltIn">
<msg time="2024-04-09T01:00:00.268321" level="INFO">{'results': [{'gender': 'female', 'name': {'title': 'Ms', 'first': 'Nellie', 'last': 'Green'}, 'location': {'street': {'number': 1259, 'name': 'Royal Ln'}, 'city': 'Cedar Rapids', 'state': 'Hawaii', 'country': 'United States', 'postcode': 68620, 'coordinates': {'latitude': '88.1366', 'longitude': '126.2970'}, 'timezone': {'offset': '-7:00', 'description': 'Mountain Time (US &amp; Canada)'}}, 'email': 'nellie.green@example.com', 'login': {'uuid': 'b5e32b23-af00-4498-9145-9872211e2dbb', 'username': 'greenmeercat589', 'password': 'dogboy', 'salt': '7dapJIve', 'md5': '4e3c268cc18a718200b51e75c0686179', 'sha1': 'c15791044aa1fa9468024b5ae4ff2869a5c3b147', 'sha256': '618c7dd98a1ad0e34e4ef952e74d98d94644977d12ad7d7ccc6aa7a74c4d91e4'}, 'dob': {'date': '1971-11-28T13:27:50.715Z', 'age': 52}, 'registered': {'date': '2005-06-11T22:04:57.285Z', 'age': 18}, 'phone': '(209) 387-7708', 'cell': '(273) 852-9878', 'id': {'name': 'SSN', 'value': '145-49-3859'}, 'picture': {'large': 'https://randomuser.me/api/portraits/women/16.jpg', 'medium': 'https://randomuser.me/api/portraits/med/women/16.jpg', 'thumbnail': 'https://randomuser.me/api/portraits/thumb/women/16.jpg'}, 'nat': 'US'}], 'info': {'seed': '9d1630e84b1d0645', 'results': 1, 'page': 1, 'version': '1.4'}}</msg>
<arg>${json_data}</arg>
<doc>Logs the given message with the given level.</doc>
<status status="PASS" start="2024-04-09T01:00:00.268157" elapsed="0.000212"/>
</kw>
<kw name="Dictionary Should Contain Key" owner="Collections">
<msg time="2024-04-09T01:00:00.268911" level="INFO">False</msg>
<arg>${json_data}</arg>
<arg>results</arg>
<doc>Fails if ``key`` is not found from ``dictionary``.</doc>
<status status="PASS" start="2024-04-09T01:00:00.268749" elapsed="0.000200"/>
</kw>
<kw name="Should Not Be Empty" owner="BuiltIn">
<msg time="2024-04-09T01:00:00.269387" level="INFO">Length is 2.</msg>
<arg>${json_data}</arg>
<doc>Verifies that the given item is not empty.</doc>
<status status="PASS" start="2024-04-09T01:00:00.269256" elapsed="0.000175"/>
</kw>
<kw name="Create List" owner="BuiltIn">
<msg time="2024-04-09T01:00:00.269879" level="INFO">${expected_keys} = ['gender', 'name', 'location', 'email', 'login']</msg>
<var>${expected_keys}</var>
<arg>gender</arg>
<arg>name</arg>
<arg>location</arg>
<arg>email</arg>
<arg>login</arg>
<doc>Returns a list containing given items.</doc>
<status status="PASS" start="2024-04-09T01:00:00.269723" elapsed="0.000181"/>
</kw>
<for flavor="IN">
<iter>
<kw name="Dictionary Should Contain Key" owner="Collections">
<msg time="2024-04-09T01:00:00.270914" level="INFO">False</msg>
<arg>${json_data['results'][0]}</arg>
<arg>${key}</arg>
<doc>Fails if ``key`` is not found from ``dictionary``.</doc>
<status status="PASS" start="2024-04-09T01:00:00.270509" elapsed="0.000444"/>
</kw>
<kw name="Log" owner="BuiltIn">
<msg time="2024-04-09T01:00:00.271667" level="INFO">{'gender': 'female', 'name': {'title': 'Ms', 'first': 'Nellie', 'last': 'Green'}, 'location': {'street': {'number': 1259, 'name': 'Royal Ln'}, 'city': 'Cedar Rapids', 'state': 'Hawaii', 'country': 'United States', 'postcode': 68620, 'coordinates': {'latitude': '88.1366', 'longitude': '126.2970'}, 'timezone': {'offset': '-7:00', 'description': 'Mountain Time (US &amp; Canada)'}}, 'email': 'nellie.green@example.com', 'login': {'uuid': 'b5e32b23-af00-4498-9145-9872211e2dbb', 'username': 'greenmeercat589', 'password': 'dogboy', 'salt': '7dapJIve', 'md5': '4e3c268cc18a718200b51e75c0686179', 'sha1': 'c15791044aa1fa9468024b5ae4ff2869a5c3b147', 'sha256': '618c7dd98a1ad0e34e4ef952e74d98d94644977d12ad7d7ccc6aa7a74c4d91e4'}, 'dob': {'date': '1971-11-28T13:27:50.715Z', 'age': 52}, 'registered': {'date': '2005-06-11T22:04:57.285Z', 'age': 18}, 'phone': '(209) 387-7708', 'cell': '(273) 852-9878', 'id': {'name': 'SSN', 'value': '145-49-3859'}, 'picture': {'large': 'https://randomuser.me/api/portraits/women/16.jpg', 'medium': 'https://randomuser.me/api/portraits/med/women/16.jpg', 'thumbnail': 'https://randomuser.me/api/portraits/thumb/women/16.jpg'}, 'nat': 'US'}</msg>
<arg>${json_data['results'][0]}</arg>
<doc>Logs the given message with the given level.</doc>
<status status="PASS" start="2024-04-09T01:00:00.271286" elapsed="0.000439"/>
</kw>
<kw name="Log" owner="BuiltIn">
<msg time="2024-04-09T01:00:00.272177" level="INFO">gender</msg>
<arg>${key}</arg>
<doc>Logs the given message with the given level.</doc>
<status status="PASS" start="2024-04-09T01:00:00.272040" elapsed="0.000175"/>
</kw>
<var name="${key}">gender</var>
<status status="PASS" start="2024-04-09T01:00:00.270369" elapsed="0.002102"/>
</iter>
<iter>
<kw name="Dictionary Should Contain Key" owner="Collections">
<msg time="2024-04-09T01:00:00.273166" level="INFO">False</msg>
<arg>${json_data['results'][0]}</arg>
<arg>${key}</arg>
<doc>Fails if ``key`` is not found from ``dictionary``.</doc>
<status status="PASS" start="2024-04-09T01:00:00.272782" elapsed="0.000422"/>
</kw>
<kw name="Log" owner="BuiltIn">
<msg time="2024-04-09T01:00:00.273885" level="INFO">{'gender': 'female', 'name': {'title': 'Ms', 'first': 'Nellie', 'last': 'Green'}, 'location': {'street': {'number': 1259, 'name': 'Royal Ln'}, 'city': 'Cedar Rapids', 'state': 'Hawaii', 'country': 'United States', 'postcode': 68620, 'coordinates': {'latitude': '88.1366', 'longitude': '126.2970'}, 'timezone': {'offset': '-7:00', 'description': 'Mountain Time (US &amp; Canada)'}}, 'email': 'nellie.green@example.com', 'login': {'uuid': 'b5e32b23-af00-4498-9145-9872211e2dbb', 'username': 'greenmeercat589', 'password': 'dogboy', 'salt': '7dapJIve', 'md5': '4e3c268cc18a718200b51e75c0686179', 'sha1': 'c15791044aa1fa9468024b5ae4ff2869a5c3b147', 'sha256': '618c7dd98a1ad0e34e4ef952e74d98d94644977d12ad7d7ccc6aa7a74c4d91e4'}, 'dob': {'date': '1971-11-28T13:27:50.715Z', 'age': 52}, 'registered': {'date': '2005-06-11T22:04:57.285Z', 'age': 18}, 'phone': '(209) 387-7708', 'cell': '(273) 852-9878', 'id': {'name': 'SSN', 'value': '145-49-3859'}, 'picture': {'large': 'https://randomuser.me/api/portraits/women/16.jpg', 'medium': 'https://randomuser.me/api/portraits/med/women/16.jpg', 'thumbnail': 'https://randomuser.me/api/portraits/thumb/women/16.jpg'}, 'nat': 'US'}</msg>
<arg>${json_data['results'][0]}</arg>
<doc>Logs the given message with the given level.</doc>
<status status="PASS" start="2024-04-09T01:00:00.273526" elapsed="0.000408"/>
</kw>
<kw name="Log" owner="BuiltIn">
<msg time="2024-04-09T01:00:00.274364" level="INFO">name</msg>
<arg>${key}</arg>
<doc>Logs the given message with the given level.</doc>
<status status="PASS" start="2024-04-09T01:00:00.274236" elapsed="0.000166"/>
</kw>
<var name="${key}">name</var>
<status status="PASS" start="2024-04-09T01:00:00.272664" elapsed="0.001954"/>
</iter>
<iter>
<kw name="Dictionary Should Contain Key" owner="Collections">
<msg time="2024-04-09T01:00:00.275287" level="INFO">False</msg>
<arg>${json_data['results'][0]}</arg>
<arg>${key}</arg>
<doc>Fails if ``key`` is not found from ``dictionary``.</doc>
<status status="PASS" start="2024-04-09T01:00:00.274911" elapsed="0.000414"/>
</kw>
<kw name="Log" owner="BuiltIn">
<msg time="2024-04-09T01:00:00.275977" level="INFO">{'gender': 'female', 'name': {'title': 'Ms', 'first': 'Nellie', 'last': 'Green'}, 'location': {'street': {'number': 1259, 'name': 'Royal Ln'}, 'city': 'Cedar Rapids', 'state': 'Hawaii', 'country': 'United States', 'postcode': 68620, 'coordinates': {'latitude': '88.1366', 'longitude': '126.2970'}, 'timezone': {'offset': '-7:00', 'description': 'Mountain Time (US &amp; Canada)'}}, 'email': 'nellie.green@example.com', 'login': {'uuid': 'b5e32b23-af00-4498-9145-9872211e2dbb', 'username': 'greenmeercat589', 'password': 'dogboy', 'salt': '7dapJIve', 'md5': '4e3c268cc18a718200b51e75c0686179', 'sha1': 'c15791044aa1fa9468024b5ae4ff2869a5c3b147', 'sha256': '618c7dd98a1ad0e34e4ef952e74d98d94644977d12ad7d7ccc6aa7a74c4d91e4'}, 'dob': {'date': '1971-11-28T13:27:50.715Z', 'age': 52}, 'registered': {'date': '2005-06-11T22:04:57.285Z', 'age': 18}, 'phone': '(209) 387-7708', 'cell': '(273) 852-9878', 'id': {'name': 'SSN', 'value': '145-49-3859'}, 'picture': {'large': 'https://randomuser.me/api/portraits/women/16.jpg', 'medium': 'https://randomuser.me/api/portraits/med/women/16.jpg', 'thumbnail': 'https://randomuser.me/api/portraits/thumb/women/16.jpg'}, 'nat': 'US'}</msg>
<arg>${json_data['results'][0]}</arg>
<doc>Logs the given message with the given level.</doc>
<status status="PASS" start="2024-04-09T01:00:00.275625" elapsed="0.000408"/>
</kw>
<kw name="Log" owner="BuiltIn">
<msg time="2024-04-09T01:00:00.276503" level="INFO">location</msg>
<arg>${key}</arg>
<doc>Logs the given message with the given level.</doc>
<status status="PASS" start="2024-04-09T01:00:00.276328" elapsed="0.000241"/>
</kw>
<var name="${key}">location</var>
<status status="PASS" start="2024-04-09T01:00:00.274799" elapsed="0.002073"/>
</iter>
<iter>
<kw name="Dictionary Should Contain Key" owner="Collections">
<msg time="2024-04-09T01:00:00.277625" level="INFO">False</msg>
<arg>${json_data['results'][0]}</arg>
<arg>${key}</arg>
<doc>Fails if ``key`` is not found from ``dictionary``.</doc>
<status status="PASS" start="2024-04-09T01:00:00.277235" elapsed="0.000427"/>
</kw>
<kw name="Log" owner="BuiltIn">
<msg time="2024-04-09T01:00:00.278332" level="INFO">{'gender': 'female', 'name': {'title': 'Ms', 'first': 'Nellie', 'last': 'Green'}, 'location': {'street': {'number': 1259, 'name': 'Royal Ln'}, 'city': 'Cedar Rapids', 'state': 'Hawaii', 'country': 'United States', 'postcode': 68620, 'coordinates': {'latitude': '88.1366', 'longitude': '126.2970'}, 'timezone': {'offset': '-7:00', 'description': 'Mountain Time (US &amp; Canada)'}}, 'email': 'nellie.green@example.com', 'login': {'uuid': 'b5e32b23-af00-4498-9145-9872211e2dbb', 'username': 'greenmeercat589', 'password': 'dogboy', 'salt': '7dapJIve', 'md5': '4e3c268cc18a718200b51e75c0686179', 'sha1': 'c15791044aa1fa9468024b5ae4ff2869a5c3b147', 'sha256': '618c7dd98a1ad0e34e4ef952e74d98d94644977d12ad7d7ccc6aa7a74c4d91e4'}, 'dob': {'date': '1971-11-28T13:27:50.715Z', 'age': 52}, 'registered': {'date': '2005-06-11T22:04:57.285Z', 'age': 18}, 'phone': '(209) 387-7708', 'cell': '(273) 852-9878', 'id': {'name': 'SSN', 'value': '145-49-3859'}, 'picture': {'large': 'https://randomuser.me/api/portraits/women/16.jpg', 'medium': 'https://randomuser.me/api/portraits/med/women/16.jpg', 'thumbnail': 'https://randomuser.me/api/portraits/thumb/women/16.jpg'}, 'nat': 'US'}</msg>
<arg>${json_data['results'][0]}</arg>
<doc>Logs the given message with the given level.</doc>
<status status="PASS" start="2024-04-09T01:00:00.277970" elapsed="0.000411"/>
</kw>
<kw name="Log" owner="BuiltIn">
<msg time="2024-04-09T01:00:00.278811" level="INFO">email</msg>
<arg>${key}</arg>
<doc>Logs the given message with the given level.</doc>
<status status="PASS" start="2024-04-09T01:00:00.278680" elapsed="0.000168"/>
</kw>
<var name="${key}">email</var>
<status status="PASS" start="2024-04-09T01:00:00.277115" elapsed="0.001954"/>
</iter>
<iter>
<kw name="Dictionary Should Contain Key" owner="Collections">
<msg time="2024-04-09T01:00:00.279738" level="INFO">False</msg>
<arg>${json_data['results'][0]}</arg>
<arg>${key}</arg>
<doc>Fails if ``key`` is not found from ``dictionary``.</doc>
<status status="PASS" start="2024-04-09T01:00:00.279353" elapsed="0.000422"/>
</kw>
<kw name="Log" owner="BuiltIn">
<msg time="2024-04-09T01:00:00.280453" level="INFO">{'gender': 'female', 'name': {'title': 'Ms', 'first': 'Nellie', 'last': 'Green'}, 'location': {'street': {'number': 1259, 'name': 'Royal Ln'}, 'city': 'Cedar Rapids', 'state': 'Hawaii', 'country': 'United States', 'postcode': 68620, 'coordinates': {'latitude': '88.1366', 'longitude': '126.2970'}, 'timezone': {'offset': '-7:00', 'description': 'Mountain Time (US &amp; Canada)'}}, 'email': 'nellie.green@example.com', 'login': {'uuid': 'b5e32b23-af00-4498-9145-9872211e2dbb', 'username': 'greenmeercat589', 'password': 'dogboy', 'salt': '7dapJIve', 'md5': '4e3c268cc18a718200b51e75c0686179', 'sha1': 'c15791044aa1fa9468024b5ae4ff2869a5c3b147', 'sha256': '618c7dd98a1ad0e34e4ef952e74d98d94644977d12ad7d7ccc6aa7a74c4d91e4'}, 'dob': {'date': '1971-11-28T13:27:50.715Z', 'age': 52}, 'registered': {'date': '2005-06-11T22:04:57.285Z', 'age': 18}, 'phone': '(209) 387-7708', 'cell': '(273) 852-9878', 'id': {'name': 'SSN', 'value': '145-49-3859'}, 'picture': {'large': 'https://randomuser.me/api/portraits/women/16.jpg', 'medium': 'https://randomuser.me/api/portraits/med/women/16.jpg', 'thumbnail': 'https://randomuser.me/api/portraits/thumb/women/16.jpg'}, 'nat': 'US'}</msg>
<arg>${json_data['results'][0]}</arg>
<doc>Logs the given message with the given level.</doc>
<status status="PASS" start="2024-04-09T01:00:00.280069" elapsed="0.000437"/>
</kw>
<kw name="Log" owner="BuiltIn">
<msg time="2024-04-09T01:00:00.280935" level="INFO">login</msg>
<arg>${key}</arg>
<doc>Logs the given message with the given level.</doc>
<status status="PASS" start="2024-04-09T01:00:00.280805" elapsed="0.000174"/>
</kw>
<var name="${key}">login</var>
<status status="PASS" start="2024-04-09T01:00:00.279241" elapsed="0.001986"/>
</iter>
<var>${key}</var>
<value>@{expected_keys}</value>
<status status="PASS" start="2024-04-09T01:00:00.270169" elapsed="0.011183"/>
</for>
<kw name="Create List" owner="BuiltIn">
<msg time="2024-04-09T01:00:00.281686" level="INFO">${expected_keysTwo} = ['username', 'password']</msg>
<var>${expected_keysTwo}</var>
<arg>username</arg>
<arg>password</arg>
<doc>Returns a list containing given items.</doc>
<status status="PASS" start="2024-04-09T01:00:00.281546" elapsed="0.000164"/>
</kw>
<for flavor="IN">
<iter>
<kw name="Dictionary Should Contain Key" owner="Collections">
<msg time="2024-04-09T01:00:00.282734" level="INFO">False</msg>
<arg>${json_data['results'][0]['login']}</arg>
<arg>${keyTwo}</arg>
<doc>Fails if ``key`` is not found from ``dictionary``.</doc>
<status status="PASS" start="2024-04-09T01:00:00.282347" elapsed="0.000426"/>
</kw>
<kw name="Dictionary Should Contain Key" owner="Collections">
<msg time="2024-04-09T01:00:00.283481" level="INFO">False</msg>
<arg>${json_data['results'][0]['login']}</arg>
<arg>${keyTwo}</arg>
<doc>Fails if ``key`` is not found from ``dictionary``.</doc>
<status status="PASS" start="2024-04-09T01:00:00.283076" elapsed="0.000464"/>
</kw>
<kw name="Log" owner="BuiltIn">
<msg time="2024-04-09T01:00:00.283999" level="INFO">username</msg>
<arg>${keyTwo}</arg>
<doc>Logs the given message with the given level.</doc>
<status status="PASS" start="2024-04-09T01:00:00.283867" elapsed="0.000170"/>
</kw>
<var name="${keyTwo}">username</var>
<status status="PASS" start="2024-04-09T01:00:00.282228" elapsed="0.002027"/>
</iter>
<iter>
<kw name="Dictionary Should Contain Key" owner="Collections">
<msg time="2024-04-09T01:00:00.285067" level="INFO">False</msg>
<arg>${json_data['results'][0]['login']}</arg>
<arg>${keyTwo}</arg>
<doc>Fails if ``key`` is not found from ``dictionary``.</doc>
<status status="PASS" start="2024-04-09T01:00:00.284590" elapsed="0.000539"/>
</kw>
<kw name="Dictionary Should Contain Key" owner="Collections">
<msg time="2024-04-09T01:00:00.286194" level="INFO">False</msg>
<arg>${json_data['results'][0]['login']}</arg>
<arg>${keyTwo}</arg>
<doc>Fails if ``key`` is not found from ``dictionary``.</doc>
<status status="PASS" start="2024-04-09T01:00:00.285609" elapsed="0.000632"/>
</kw>
<kw name="Log" owner="BuiltIn">
<msg time="2024-04-09T01:00:00.286730" level="INFO">password</msg>
<arg>${keyTwo}</arg>
<doc>Logs the given message with the given level.</doc>
<status status="PASS" start="2024-04-09T01:00:00.286595" elapsed="0.000175"/>
</kw>
<var name="${keyTwo}">password</var>
<status status="PASS" start="2024-04-09T01:00:00.284470" elapsed="0.002520"/>
</iter>
<var>${keyTwo}</var>
<value>@{expected_keysTwo}</value>
<status status="PASS" start="2024-04-09T01:00:00.281958" elapsed="0.005160"/>
</for>
<status status="PASS" start="2024-04-09T01:00:00.144345" elapsed="0.142918"/>
</kw>
<doc>Testa a estrutura da resposta da API.</doc>
<tag>testeEstruturaResposta</tag>
<status status="PASS" start="2024-04-09T01:00:00.143670" elapsed="0.143760"/>
</test>
<test id="s1-s1-t4" name="Validar tipos de dados" line="28">
<kw name="Teste de Tipos de Dados" owner="random-user-service">
<kw name="GET On Session" owner="RequestsLibrary">
<msg time="2024-04-09T01:00:00.343411" level="INFO">GET Request : url=https://randomuser.me/api 
 path_url=/api 
 headers={'User-Agent': 'python-requests/2.31.0', 'Accept-Encoding': 'gzip, deflate', 'Accept': '*/*', 'Connection': 'keep-alive'} 
 body=None 
 </msg>
<msg time="2024-04-09T01:00:00.343526" level="INFO">GET Response : url=https://randomuser.me/api 
 status=200, reason=OK 
 headers={'Date': 'Tue, 09 Apr 2024 01:00:00 GMT', 'Content-Type': 'application/json; charset=utf-8', 'Transfer-Encoding': 'chunked', 'Connection': 'keep-alive', 'X-Powered-By': 'Express', 'Access-Control-Allow-Origin': '*', 'Cache-Control': 'no-cache', 'ETag': 'W/"477-1jeWkI3MGY3kT2Fh2ADCA1Tq978"', 'Vary': 'Accept-Encoding', 'Content-Encoding': 'gzip', 'CF-Cache-Status': 'DYNAMIC', 'Report-To': '{"endpoints":[{"url":"https:\\/\\/a.nel.cloudflare.com\\/report\\/v4?s=egwnR10Mu8PEw%2BwKr%2Fg7gFprY1uWIlNWmZdQDks1Jgyv2wjFJE0b9g2RNG6MZU0TuBpP37N66UbKRextdLmjVwuF7beQ5pqDQxb1BTSgDotDFN03L3dphHxUlXnYtkjo"}],"group":"cf-nel","max_age":604800}', 'NEL': '{"success_fraction":0,"report_to":"cf-nel","max_age":604800}', 'Server': 'cloudflare', 'CF-RAY': '87168ec5d87f3aee-IAD', 'alt-svc': 'h3=":443"; ma=86400'} 
 body={"results":[{"gender":"male","name":{"title":"Mr","first":"Simon","last":"Harcourt"},"location":{"street":{"number":249,"name":"Frederick Ave"},"city":"Hampton","state":"Alberta","country":"Canada","postcode":"F7B 4H3","coordinates":{"latitude":"-66.0085","longitude":"-6.5030"},"timezone":{"offset":"-3:30","description":"Newfoundland"}},"email":"simon.harcourt@example.com","login":{"uuid":"d6507601-9e7d-4c3e-8ddf-2858305a3120","username":"ticklishwolf255","password":"slick1","salt":"L4CYWm6a","md5":"380a6ab33a6fbc08b9d6a3de637dabd7","sha1":"08752d0bb372e1495aaf593acec02c8754067d52","sha256":"7b8568261c2a9dd74d810a8ead7a6cc0926204985ae84b6ce46f4e155b4f79cc"},"dob":{"date":"1973-03-13T08:44:13.199Z","age":51},"registered":{"date":"2008-08-02T20:40:41.815Z","age":15},"phone":"F03 R10-1046","cell":"G23 E08-6643","id":{"name":"SIN","value":"929240869"},"picture":{"large":"https://randomuser.me/api/portraits/men/51.jpg","medium":"https://randomuser.me/api/portraits/med/men/51.jpg","thumbnail":"https://randomuser.me/api/portraits/thumb/men/51.jpg"},"nat":"CA"}],"info":{"seed":"4ef86e04e5856089","results":1,"page":1,"version":"1.4"}} 
 </msg>
<msg time="2024-04-09T01:00:00.343612" level="INFO">/opt/hostedtoolcache/Python/3.12.2/x64/lib/python3.12/site-packages/urllib3/connectionpool.py:1103: InsecureRequestWarning: Unverified HTTPS request is being made to host 'randomuser.me'. Adding certificate verification is strongly advised. See: https://urllib3.readthedocs.io/en/latest/advanced-usage.html#tls-warnings
  warnings.warn(</msg>
<msg time="2024-04-09T01:00:00.343785" level="INFO">${response} = &lt;Response [200]&gt;</msg>
<var>${response}</var>
<arg>consultarAPI</arg>
<arg>/api</arg>
<doc>Sends a GET request on a previously created HTTP Session.</doc>
<status status="PASS" start="2024-04-09T01:00:00.289960" elapsed="0.053869"/>
</kw>
<kw name="Set Variable" owner="BuiltIn">
<msg time="2024-04-09T01:00:00.344986" level="INFO">${json_data} = {'results': [{'gender': 'male', 'name': {'title': 'Mr', 'first': 'Simon', 'last': 'Harcourt'}, 'location': {'street': {'number': 249, 'name': 'Frederick Ave'}, 'city': 'Hampton', 'state': 'Alberta', '...</msg>
<var>${json_data}</var>
<arg>${response.json()}</arg>
<doc>Returns the given values which can then be assigned to a variables.</doc>
<status status="PASS" start="2024-04-09T01:00:00.344403" elapsed="0.000614"/>
</kw>
<kw name="Log" owner="BuiltIn">
<msg time="2024-04-09T01:00:00.345586" level="INFO">{'results': [{'gender': 'male', 'name': {'title': 'Mr', 'first': 'Simon', 'last': 'Harcourt'}, 'location': {'street': {'number': 249, 'name': 'Frederick Ave'}, 'city': 'Hampton', 'state': 'Alberta', 'country': 'Canada', 'postcode': 'F7B 4H3', 'coordinates': {'latitude': '-66.0085', 'longitude': '-6.5030'}, 'timezone': {'offset': '-3:30', 'description': 'Newfoundland'}}, 'email': 'simon.harcourt@example.com', 'login': {'uuid': 'd6507601-9e7d-4c3e-8ddf-2858305a3120', 'username': 'ticklishwolf255', 'password': 'slick1', 'salt': 'L4CYWm6a', 'md5': '380a6ab33a6fbc08b9d6a3de637dabd7', 'sha1': '08752d0bb372e1495aaf593acec02c8754067d52', 'sha256': '7b8568261c2a9dd74d810a8ead7a6cc0926204985ae84b6ce46f4e155b4f79cc'}, 'dob': {'date': '1973-03-13T08:44:13.199Z', 'age': 51}, 'registered': {'date': '2008-08-02T20:40:41.815Z', 'age': 15}, 'phone': 'F03 R10-1046', 'cell': 'G23 E08-6643', 'id': {'name': 'SIN', 'value': '929240869'}, 'picture': {'large': 'https://randomuser.me/api/portraits/men/51.jpg', 'medium': 'https://randomuser.me/api/portraits/med/men/51.jpg', 'thumbnail': 'https://randomuser.me/api/portraits/thumb/men/51.jpg'}, 'nat': 'CA'}], 'info': {'seed': '4ef86e04e5856089', 'results': 1, 'page': 1, 'version': '1.4'}}</msg>
<arg>${json_data}</arg>
<doc>Logs the given message with the given level.</doc>
<status status="PASS" start="2024-04-09T01:00:00.345399" elapsed="0.000278"/>
</kw>
<kw name="Should Be String" owner="String">
<arg>${json_data['results'][0]['gender']}</arg>
<doc>Fails if the given ``item`` is not a string.</doc>
<status status="PASS" start="2024-04-09T01:00:00.346025" elapsed="0.000396"/>
</kw>
<kw name="Should Match Regexp" owner="BuiltIn">
<arg>${json_data['results'][0]['email']}</arg>
<arg>^[a-zA-Z0-9._%+-]+@[a-zA-Z0-9.-]+\.[a-zA-Z]{2,}$</arg>
<doc>Fails if ``string`` does not match ``pattern`` as a regular expression.</doc>
<status status="PASS" start="2024-04-09T01:00:00.346636" elapsed="0.000541"/>
</kw>
<kw name="Should Match Regexp" owner="BuiltIn">
<arg>${json_data['results'][0]['dob']['date']}</arg>
<arg>\\d{4}-\\d{2}-\\d{2}T\\d{2}:\\d{2}:\\d{2}\\.\\d{3}Z</arg>
<doc>Fails if ``string`` does not match ``pattern`` as a regular expression.</doc>
<status status="PASS" start="2024-04-09T01:00:00.347388" elapsed="0.000522"/>
</kw>
<kw name="Should Match Regexp" owner="BuiltIn">
<arg>${json_data['results'][0]['registered']['date']}</arg>
<arg>\\d{4}-\\d{2}-\\d{2}T\\d{2}:\\d{2}:\\d{2}\\.\\d{3}Z</arg>
<doc>Fails if ``string`` does not match ``pattern`` as a regular expression.</doc>
<status status="PASS" start="2024-04-09T01:00:00.348120" elapsed="0.000407"/>
</kw>
<kw name="Should Match Regexp" owner="BuiltIn">
<arg>${json_data['results'][0]['picture']['large']}</arg>
<arg>^https?://.*\.(?:png|jpe?g|gif|bmp)$</arg>
<doc>Fails if ``string`` does not match ``pattern`` as a regular expression.</doc>
<status status="PASS" start="2024-04-09T01:00:00.348740" elapsed="0.000477"/>
</kw>
<kw name="Should Match Regexp" owner="BuiltIn">
<arg>${json_data['results'][0]['picture']['medium']}</arg>
<arg>^https?://.*\.(?:png|jpe?g|gif|bmp)$</arg>
<doc>Fails if ``string`` does not match ``pattern`` as a regular expression.</doc>
<status status="PASS" start="2024-04-09T01:00:00.349416" elapsed="0.000364"/>
</kw>
<kw name="Should Match Regexp" owner="BuiltIn">
<arg>${json_data['results'][0]['picture']['thumbnail']}</arg>
<arg>^https?://.*\.(?:png|jpe?g|gif|bmp)$</arg>
<doc>Fails if ``string`` does not match ``pattern`` as a regular expression.</doc>
<status status="PASS" start="2024-04-09T01:00:00.349969" elapsed="0.000357"/>
</kw>
<kw name="Log" owner="BuiltIn">
<msg time="2024-04-09T01:00:00.350828" level="INFO">{'large': 'https://randomuser.me/api/portraits/men/51.jpg', 'medium': 'https://randomuser.me/api/portraits/med/men/51.jpg', 'thumbnail': 'https://randomuser.me/api/portraits/thumb/men/51.jpg'}</msg>
<arg>${json_data['results'][0]['picture']}</arg>
<doc>Logs the given message with the given level.</doc>
<status status="PASS" start="2024-04-09T01:00:00.350507" elapsed="0.000363"/>
</kw>
<status status="PASS" start="2024-04-09T01:00:00.289713" elapsed="0.061432"/>
</kw>
<kw name="Teste de Tipos de Dados - Postcode" owner="random-user-service">
<kw name="GET On Session" owner="RequestsLibrary">
<msg time="2024-04-09T01:00:00.439404" level="INFO">GET Request : url=https://randomuser.me/api 
 path_url=/api 
 headers={'User-Agent': 'python-requests/2.31.0', 'Accept-Encoding': 'gzip, deflate', 'Accept': '*/*', 'Connection': 'keep-alive'} 
 body=None 
 </msg>
<msg time="2024-04-09T01:00:00.439512" level="INFO">GET Response : url=https://randomuser.me/api 
 status=200, reason=OK 
 headers={'Date': 'Tue, 09 Apr 2024 01:00:00 GMT', 'Content-Type': 'application/json; charset=utf-8', 'Transfer-Encoding': 'chunked', 'Connection': 'keep-alive', 'X-Powered-By': 'Express', 'Access-Control-Allow-Origin': '*', 'Cache-Control': 'no-cache', 'ETag': 'W/"496-XxK3IDybB9CT32L+1S/nvHkmkAc"', 'Vary': 'Accept-Encoding', 'Content-Encoding': 'gzip', 'CF-Cache-Status': 'DYNAMIC', 'Report-To': '{"endpoints":[{"url":"https:\\/\\/a.nel.cloudflare.com\\/report\\/v4?s=mJIhh5Fl3oJvmgq6YSBQr9unJjSiiTSCv6b%2FQBqAtU%2FiBhYJ3l6ccH35AxcnTtnub7d7Tff4GTEY87iORHFZvwUOdZ%2B44beLEYqupxr8RXmG%2BlpePWrVAkW2JIo7nQn7"}],"group":"cf-nel","max_age":604800}', 'NEL': '{"success_fraction":0,"report_to":"cf-nel","max_age":604800}', 'Server': 'cloudflare', 'CF-RAY': '87168ec639013aee-IAD', 'alt-svc': 'h3=":443"; ma=86400'} 
 body={"results":[{"gender":"male","name":{"title":"Mr","first":"Iker","last":"Ferrer"},"location":{"street":{"number":5143,"name":"Avenida del Planetario"},"city":"Cuenca","state":"Extremadura","country":"Spain","postcode":98077,"coordinates":{"latitude":"-38.4760","longitude":"-139.8373"},"timezone":{"offset":"+11:00","description":"Magadan, Solomon Islands, New Caledonia"}},"email":"iker.ferrer@example.com","login":{"uuid":"74f8339f-e955-4cfc-829b-d0b9ab7b8a44","username":"organicpeacock835","password":"boris","salt":"4IwvV8Vd","md5":"73b44563fbbe4e26fcb4d9ab2831b54d","sha1":"3e0020aa3b9a031fd4b4f6aa8627a85848a8a7cc","sha256":"3571a807baa97eec4c9b4823c1eb8f376a50229f06bbb0df6bb588add453f33d"},"dob":{"date":"1944-09-10T18:37:07.480Z","age":79},"registered":{"date":"2016-11-09T12:42:39.935Z","age":7},"phone":"967-475-622","cell":"685-838-868","id":{"name":"DNI","value":"89534482-P"},"picture":{"large":"https://randomuser.me/api/portraits/men/61.jpg","medium":"https://randomuser.me/api/portraits/med/men/61.jpg","thumbnail":"https://randomuser.me/api/portraits/thumb/men/61.jpg"},"nat":"ES"}],"info":{"seed":"bc74ae854d1bb1d8","results":1,"page":1,"version":"1.4"}} 
 </msg>
<msg time="2024-04-09T01:00:00.439614" level="INFO">/opt/hostedtoolcache/Python/3.12.2/x64/lib/python3.12/site-packages/urllib3/connectionpool.py:1103: InsecureRequestWarning: Unverified HTTPS request is being made to host 'randomuser.me'. Adding certificate verification is strongly advised. See: https://urllib3.readthedocs.io/en/latest/advanced-usage.html#tls-warnings
  warnings.warn(</msg>
<msg time="2024-04-09T01:00:00.439761" level="INFO">${response} = &lt;Response [200]&gt;</msg>
<var>${response}</var>
<arg>consultarAPI</arg>
<arg>/api</arg>
<doc>Sends a GET request on a previously created HTTP Session.</doc>
<status status="PASS" start="2024-04-09T01:00:00.351633" elapsed="0.088177"/>
</kw>
<kw name="Set Variable" owner="BuiltIn">
<msg time="2024-04-09T01:00:00.441015" level="INFO">${json_data} = {'results': [{'gender': 'male', 'name': {'title': 'Mr', 'first': 'Iker', 'last': 'Ferrer'}, 'location': {'street': {'number': 5143, 'name': 'Avenida del Planetario'}, 'city': 'Cuenca', 'state': 'Extre...</msg>
<var>${json_data}</var>
<arg>${response.json()}</arg>
<doc>Returns the given values which can then be assigned to a variables.</doc>
<status status="PASS" start="2024-04-09T01:00:00.440465" elapsed="0.000579"/>
</kw>
<kw name="Log" owner="BuiltIn">
<msg time="2024-04-09T01:00:00.441553" level="INFO">{'results': [{'gender': 'male', 'name': {'title': 'Mr', 'first': 'Iker', 'last': 'Ferrer'}, 'location': {'street': {'number': 5143, 'name': 'Avenida del Planetario'}, 'city': 'Cuenca', 'state': 'Extremadura', 'country': 'Spain', 'postcode': 98077, 'coordinates': {'latitude': '-38.4760', 'longitude': '-139.8373'}, 'timezone': {'offset': '+11:00', 'description': 'Magadan, Solomon Islands, New Caledonia'}}, 'email': 'iker.ferrer@example.com', 'login': {'uuid': '74f8339f-e955-4cfc-829b-d0b9ab7b8a44', 'username': 'organicpeacock835', 'password': 'boris', 'salt': '4IwvV8Vd', 'md5': '73b44563fbbe4e26fcb4d9ab2831b54d', 'sha1': '3e0020aa3b9a031fd4b4f6aa8627a85848a8a7cc', 'sha256': '3571a807baa97eec4c9b4823c1eb8f376a50229f06bbb0df6bb588add453f33d'}, 'dob': {'date': '1944-09-10T18:37:07.480Z', 'age': 79}, 'registered': {'date': '2016-11-09T12:42:39.935Z', 'age': 7}, 'phone': '967-475-622', 'cell': '685-838-868', 'id': {'name': 'DNI', 'value': '89534482-P'}, 'picture': {'large': 'https://randomuser.me/api/portraits/men/61.jpg', 'medium': 'https://randomuser.me/api/portraits/med/men/61.jpg', 'thumbnail': 'https://randomuser.me/api/portraits/thumb/men/61.jpg'}, 'nat': 'ES'}], 'info': {'seed': 'bc74ae854d1bb1d8', 'results': 1, 'page': 1, 'version': '1.4'}}</msg>
<arg>${json_data}</arg>
<doc>Logs the given message with the given level.</doc>
<status status="PASS" start="2024-04-09T01:00:00.441386" elapsed="0.000253"/>
</kw>
<kw name="Should Be Equal As Numbers" owner="BuiltIn">
<arg>${json_data['results'][0]['location']['postcode']}</arg>
<arg>${json_data['results'][0]['location']['postcode']}</arg>
<doc>Fails if objects are unequal after converting them to real numbers.</doc>
<status status="PASS" start="2024-04-09T01:00:00.441958" elapsed="0.000645"/>
</kw>
<kw name="Log" owner="BuiltIn">
<msg time="2024-04-09T01:00:00.443134" level="INFO">98077</msg>
<arg>${json_data['results'][0]['location']['postcode']}</arg>
<doc>Logs the given message with the given level.</doc>
<status status="PASS" start="2024-04-09T01:00:00.442799" elapsed="0.000377"/>
</kw>
<status status="PASS" start="2024-04-09T01:00:00.351382" elapsed="0.092053"/>
</kw>
<doc>Testa se os tipos de dados na resposta da API estão corretos.</doc>
<tag>testeTiposDados</tag>
<status status="PASS" start="2024-04-09T01:00:00.289233" elapsed="0.154386"/>
</test>
<test id="s1-s1-t5" name="Validar conteudo" line="35">
<kw name="Teste de Tipos de Conteudo" owner="random-user-service">
<kw name="GET On Session" owner="RequestsLibrary">
<msg time="2024-04-09T01:00:00.540103" level="INFO">GET Request : url=https://randomuser.me/api 
 path_url=/api 
 headers={'User-Agent': 'python-requests/2.31.0', 'Accept-Encoding': 'gzip, deflate', 'Accept': '*/*', 'Connection': 'keep-alive'} 
 body=None 
 </msg>
<msg time="2024-04-09T01:00:00.540199" level="INFO">GET Response : url=https://randomuser.me/api 
 status=200, reason=OK 
 headers={'Date': 'Tue, 09 Apr 2024 01:00:00 GMT', 'Content-Type': 'application/json; charset=utf-8', 'Transfer-Encoding': 'chunked', 'Connection': 'keep-alive', 'X-Powered-By': 'Express', 'Access-Control-Allow-Origin': '*', 'Cache-Control': 'no-cache', 'ETag': 'W/"480-wgYPdeYFBPsvLoLRN8qx+xKYbP0"', 'Vary': 'Accept-Encoding', 'Content-Encoding': 'gzip', 'CF-Cache-Status': 'DYNAMIC', 'Report-To': '{"endpoints":[{"url":"https:\\/\\/a.nel.cloudflare.com\\/report\\/v4?s=xCdY%2FQQCanYZ6uXOY6KbuYled%2B6EAxFruxqbWLCg3sOCds2cAKsfbLDTBB8R%2BORx6%2BWpq72YntnPspoanVyZ1LpIekhWsmwSxYMeYgsmaEH3hcVXnOy%2B2psncO2ytE69"}],"group":"cf-nel","max_age":604800}', 'NEL': '{"success_fraction":0,"report_to":"cf-nel","max_age":604800}', 'Server': 'cloudflare', 'CF-RAY': '87168ec6c9ae3aee-IAD', 'alt-svc': 'h3=":443"; ma=86400'} 
 body={"results":[{"gender":"female","name":{"title":"Miss","first":"Reina","last":"Barreto"},"location":{"street":{"number":3974,"name":"Peatonal Salcido"},"city":"Teteles","state":"Tabasco","country":"Mexico","postcode":23918,"coordinates":{"latitude":"28.0451","longitude":"86.5479"},"timezone":{"offset":"-10:00","description":"Hawaii"}},"email":"reina.barreto@example.com","login":{"uuid":"d1016ced-281d-434c-a495-9fc4c197c7b6","username":"goldenlion962","password":"magic","salt":"Ih1osUPt","md5":"c280fdb935448cc3ba367fd3871b928a","sha1":"225c2ec41ce9f09a88b96b5f748b8383508b6d39","sha256":"9b25fabe32421a0c5def0ec489c36669f8f7d6713433c061b46a7d7934ffcb1b"},"dob":{"date":"1989-07-06T13:49:13.513Z","age":34},"registered":{"date":"2008-03-12T22:43:14.498Z","age":16},"phone":"(606) 474 6311","cell":"(663) 308 1894","id":{"name":"NSS","value":"03 88 58 2073 6"},"picture":{"large":"https://randomuser.me/api/portraits/women/77.jpg","medium":"https://randomuser.me/api/portraits/med/women/77.jpg","thumbnail":"https://randomuser.me/api/portraits/thumb/women/77.jpg"},"nat":"MX"}],"info":{"seed":"3e505962fcce82a5","results":1,"page":1,"version":"1.4"}} 
 </msg>
<msg time="2024-04-09T01:00:00.540263" level="INFO">/opt/hostedtoolcache/Python/3.12.2/x64/lib/python3.12/site-packages/urllib3/connectionpool.py:1103: InsecureRequestWarning: Unverified HTTPS request is being made to host 'randomuser.me'. Adding certificate verification is strongly advised. See: https://urllib3.readthedocs.io/en/latest/advanced-usage.html#tls-warnings
  warnings.warn(</msg>
<msg time="2024-04-09T01:00:00.540375" level="INFO">${response} = &lt;Response [200]&gt;</msg>
<var>${response}</var>
<arg>consultarAPI</arg>
<arg>/api</arg>
<doc>Sends a GET request on a previously created HTTP Session.</doc>
<status status="PASS" start="2024-04-09T01:00:00.446290" elapsed="0.094147"/>
</kw>
<kw name="Set Variable" owner="BuiltIn">
<msg time="2024-04-09T01:00:00.541424" level="INFO">${json_data} = {'results': [{'gender': 'female', 'name': {'title': 'Miss', 'first': 'Reina', 'last': 'Barreto'}, 'location': {'street': {'number': 3974, 'name': 'Peatonal Salcido'}, 'city': 'Teteles', 'state': 'Taba...</msg>
<var>${json_data}</var>
<arg>${response.json()}</arg>
<doc>Returns the given values which can then be assigned to a variables.</doc>
<status status="PASS" start="2024-04-09T01:00:00.540928" elapsed="0.000524"/>
</kw>
<kw name="Set Variable" owner="BuiltIn">
<msg time="2024-04-09T01:00:00.542142" level="INFO">${name_title} = Miss</msg>
<var>${name_title}</var>
<arg>${json_data["results"][0]["name"]["title"]}</arg>
<doc>Returns the given values which can then be assigned to a variables.</doc>
<status status="PASS" start="2024-04-09T01:00:00.541758" elapsed="0.000408"/>
</kw>
<kw name="Create List" owner="BuiltIn">
<msg time="2024-04-09T01:00:00.542614" level="INFO">${allowed_titles} = ['Mr', 'Ms', 'Miss', 'Mrs', 'Madame', 'Monsieur']</msg>
<var>${allowed_titles}</var>
<arg>Mr</arg>
<arg>Ms</arg>
<arg>Miss</arg>
<arg>Mrs</arg>
<arg>Madame</arg>
<arg>Monsieur</arg>
<doc>Returns a list containing given items.</doc>
<status status="PASS" start="2024-04-09T01:00:00.542463" elapsed="0.000175"/>
</kw>
<kw name="List Should Contain Value" owner="Collections">
<msg time="2024-04-09T01:00:00.543120" level="INFO">False</msg>
<arg>${allowed_titles}</arg>
<arg>${name_title}</arg>
<doc>Fails if the ``value`` is not found from ``list``.</doc>
<status status="PASS" start="2024-04-09T01:00:00.542942" elapsed="0.000216"/>
</kw>
<kw name="Set Variable" owner="BuiltIn">
<msg time="2024-04-09T01:00:00.543831" level="INFO">${name_country} = MX</msg>
<var>${name_country}</var>
<arg>${json_data["results"][0]["nat"]}</arg>
<doc>Returns the given values which can then be assigned to a variables.</doc>
<status status="PASS" start="2024-04-09T01:00:00.543448" elapsed="0.000408"/>
</kw>
<kw name="Create List" owner="BuiltIn">
<msg time="2024-04-09T01:00:00.544798" level="INFO">${list_country} = ['AD', 'AE', 'AF', 'AG', 'AI', 'AL', 'AM', 'AO', 'AQ', 'AR', 'AS', 'AT', 'AU', 'AW', 'AX', 'AZ', 'BA', 'BB', 'BD', 'BE', 'BF', 'BG', 'BH', 'BI', 'BJ', 'BL', 'BM', 'BN', 'BO', 'BQ', 'BR', 'BS', 'BT', '...</msg>
<var>${list_country}</var>
<arg>AD</arg>
<arg>AE</arg>
<arg>AF</arg>
<arg>AG</arg>
<arg>AI</arg>
<arg>AL</arg>
<arg>AM</arg>
<arg>AO</arg>
<arg>AQ</arg>
<arg>AR</arg>
<arg>AS</arg>
<arg>AT</arg>
<arg>AU</arg>
<arg>AW</arg>
<arg>AX</arg>
<arg>AZ</arg>
<arg>BA</arg>
<arg>BB</arg>
<arg>BD</arg>
<arg>BE</arg>
<arg>BF</arg>
<arg>BG</arg>
<arg>BH</arg>
<arg>BI</arg>
<arg>BJ</arg>
<arg>BL</arg>
<arg>BM</arg>
<arg>BN</arg>
<arg>BO</arg>
<arg>BQ</arg>
<arg>BR</arg>
<arg>BS</arg>
<arg>BT</arg>
<arg>BV</arg>
<arg>BW</arg>
<arg>BY</arg>
<arg>BZ</arg>
<arg>CA</arg>
<arg>CC</arg>
<arg>CD</arg>
<arg>CF</arg>
<arg>CG</arg>
<arg>CH</arg>
<arg>CI</arg>
<arg>CK</arg>
<arg>CL</arg>
<arg>CM</arg>
<arg>CN</arg>
<arg>CO</arg>
<arg>CR</arg>
<arg>CU</arg>
<arg>CV</arg>
<arg>CW</arg>
<arg>CX</arg>
<arg>CY</arg>
<arg>CZ</arg>
<arg>DE</arg>
<arg>DJ</arg>
<arg>DK</arg>
<arg>DM</arg>
<arg>DO</arg>
<arg>DZ</arg>
<arg>EC</arg>
<arg>EE</arg>
<arg>EG</arg>
<arg>EH</arg>
<arg>ER</arg>
<arg>ES</arg>
<arg>ET</arg>
<arg>FI</arg>
<arg>FJ</arg>
<arg>FK</arg>
<arg>FM</arg>
<arg>FO</arg>
<arg>FR</arg>
<arg>GA</arg>
<arg>GB</arg>
<arg>GD</arg>
<arg>GE</arg>
<arg>GF</arg>
<arg>GG</arg>
<arg>GH</arg>
<arg>GI</arg>
<arg>GL</arg>
<arg>GM</arg>
<arg>GN</arg>
<arg>GP</arg>
<arg>GQ</arg>
<arg>GR</arg>
<arg>GS</arg>
<arg>GT</arg>
<arg>GU</arg>
<arg>GW</arg>
<arg>GY</arg>
<arg>HK</arg>
<arg>HM</arg>
<arg>HN</arg>
<arg>HR</arg>
<arg>HT</arg>
<arg>HU</arg>
<arg>ID</arg>
<arg>IE</arg>
<arg>IL</arg>
<arg>IM</arg>
<arg>IN</arg>
<arg>IO</arg>
<arg>IQ</arg>
<arg>IR</arg>
<arg>IS</arg>
<arg>IT</arg>
<arg>JE</arg>
<arg>JM</arg>
<arg>JO</arg>
<arg>JP</arg>
<arg>KE</arg>
<arg>KG</arg>
<arg>KH</arg>
<arg>KI</arg>
<arg>KM</arg>
<arg>KN</arg>
<arg>KP</arg>
<arg>KR</arg>
<arg>KW</arg>
<arg>KY</arg>
<arg>KZ</arg>
<arg>LA</arg>
<arg>LB</arg>
<arg>LC</arg>
<arg>LI</arg>
<arg>LK</arg>
<arg>LR</arg>
<arg>LS</arg>
<arg>LT</arg>
<arg>LU</arg>
<arg>LV</arg>
<arg>LY</arg>
<arg>MA</arg>
<arg>MC</arg>
<arg>MD</arg>
<arg>ME</arg>
<arg>MF</arg>
<arg>MG</arg>
<arg>MH</arg>
<arg>MK</arg>
<arg>ML</arg>
<arg>MM</arg>
<arg>MN</arg>
<arg>MO</arg>
<arg>MP</arg>
<arg>MQ</arg>
<arg>MR</arg>
<arg>MS</arg>
<arg>MT</arg>
<arg>MU</arg>
<arg>MV</arg>
<arg>MW</arg>
<arg>MX</arg>
<arg>MY</arg>
<arg>MZ</arg>
<arg>NA</arg>
<arg>NC</arg>
<arg>NE</arg>
<arg>NF</arg>
<arg>NG</arg>
<arg>NI</arg>
<arg>NL</arg>
<arg>NO</arg>
<arg>NP</arg>
<arg>NR</arg>
<arg>NU</arg>
<arg>NZ</arg>
<arg>OM</arg>
<arg>PA</arg>
<arg>PE</arg>
<arg>PF</arg>
<arg>PG</arg>
<arg>PH</arg>
<arg>PK</arg>
<arg>PL</arg>
<arg>PM</arg>
<arg>PN</arg>
<arg>PR</arg>
<arg>PS</arg>
<arg>PT</arg>
<arg>PW</arg>
<arg>PY</arg>
<arg>QA</arg>
<arg>RE</arg>
<arg>RO</arg>
<arg>RS</arg>
<arg>RU</arg>
<arg>RW</arg>
<arg>SA</arg>
<arg>SB</arg>
<arg>SC</arg>
<arg>SD</arg>
<arg>SE</arg>
<arg>SG</arg>
<arg>SH</arg>
<arg>SI</arg>
<arg>SJ</arg>
<arg>SK</arg>
<arg>SL</arg>
<arg>SM</arg>
<arg>SN</arg>
<arg>SO</arg>
<arg>SR</arg>
<arg>SS</arg>
<arg>ST</arg>
<arg>SV</arg>
<arg>SX</arg>
<arg>SY</arg>
<arg>SZ</arg>
<arg>TC</arg>
<arg>TD</arg>
<arg>TF</arg>
<arg>TG</arg>
<arg>TH</arg>
<arg>TJ</arg>
<arg>TK</arg>
<arg>TL</arg>
<arg>TM</arg>
<arg>TN</arg>
<arg>TO</arg>
<arg>TR</arg>
<arg>TT</arg>
<arg>TV</arg>
<arg>TW</arg>
<arg>TZ</arg>
<arg>UA</arg>
<arg>UG</arg>
<arg>UM</arg>
<arg>US</arg>
<arg>UY</arg>
<arg>UZ</arg>
<arg>VA</arg>
<arg>VC</arg>
<arg>VE</arg>
<arg>VG</arg>
<arg>VI</arg>
<arg>VN</arg>
<arg>VU</arg>
<arg>WF</arg>
<arg>WS</arg>
<arg>XK</arg>
<arg>YE</arg>
<arg>YT</arg>
<arg>ZA</arg>
<arg>ZM</arg>
<arg>ZW</arg>
<doc>Returns a list containing given items.</doc>
<status status="PASS" start="2024-04-09T01:00:00.544163" elapsed="0.000661"/>
</kw>
<kw name="List Should Contain Value" owner="Collections">
<msg time="2024-04-09T01:00:00.545831" level="INFO">False</msg>
<arg>${list_country}</arg>
<arg>${name_country}</arg>
<doc>Fails if the ``value`` is not found from ``list``.</doc>
<status status="PASS" start="2024-04-09T01:00:00.545628" elapsed="0.000240"/>
</kw>
<kw name="Run Keyword If" owner="BuiltIn">
<kw name="Should Be True" owner="BuiltIn">
<arg>${True}</arg>
<doc>Fails if the given condition is not true.</doc>
<status status="PASS" start="2024-04-09T01:00:00.547053" elapsed="0.000146"/>
</kw>
<arg>${json_data["results"][0]["location"]["coordinates"]["latitude"]} &gt;= -90 and ${json_data["results"][0]["location"]["coordinates"]["latitude"]} &lt;= 90</arg>
<arg>Should Be True</arg>
<arg>${True}</arg>
<doc>Runs the given keyword with the given arguments, if ``condition`` is true.</doc>
<status status="PASS" start="2024-04-09T01:00:00.546178" elapsed="0.001149"/>
</kw>
<kw name="Run Keyword If" owner="BuiltIn">
<kw name="Should Be True" owner="BuiltIn">
<arg>${True}</arg>
<doc>Fails if the given condition is not true.</doc>
<status status="PASS" start="2024-04-09T01:00:00.548214" elapsed="0.000138"/>
</kw>
<arg>${json_data["results"][0]["location"]["coordinates"]["longitude"]} &gt;= -180 and ${json_data["results"][0]["location"]["coordinates"]["longitude"]} &lt;= 180</arg>
<arg>Should Be True</arg>
<arg>${True}</arg>
<doc>Runs the given keyword with the given arguments, if ``condition`` is true.</doc>
<status status="PASS" start="2024-04-09T01:00:00.547513" elapsed="0.000995"/>
</kw>
<status status="PASS" start="2024-04-09T01:00:00.446044" elapsed="0.102606"/>
</kw>
<doc>Testa o conteúdo específico dos campos retornados pela API.</doc>
<tag>testeConteudo</tag>
<status status="PASS" start="2024-04-09T01:00:00.445432" elapsed="0.103375"/>
</test>
<status status="PASS" start="2024-04-09T00:59:59.587206" elapsed="0.963489"/>
</suite>
<status status="PASS" start="2024-04-09T00:59:59.573155" elapsed="0.982857"/>
</suite>
<statistics>
<total>
<stat pass="5" fail="0" skip="0">All Tests</stat>
</total>
<tag>
<stat pass="1" fail="0" skip="0">testeConteudo</stat>
<stat pass="1" fail="0" skip="0">testeEstruturaResposta</stat>
<stat pass="1" fail="0" skip="0">testeRequisicaoBasica</stat>
<stat pass="1" fail="0" skip="0">testeTiposDados</stat>
</tag>
<suite>
<stat pass="5" fail="0" skip="0" id="s1" name="Tests">Tests</stat>
<stat pass="5" fail="0" skip="0" id="s1-s1" name="Random-User-Test">Tests.Random-User-Test</stat>
</suite>
</statistics>
<errors>
</errors>
</robot>
