<?xml version="1.0" encoding="UTF-8"?>
<robot generator="Robot 7.0.1 (Python 3.12.4 on linux)" generated="2024-06-26T18:19:18.757167" rpa="false" schemaversion="5">
<suite id="s1" name="Tests" source="/home/runner/work/ApiRandomUser/ApiRandomUser/RamdonUser/tests">
<suite id="s1-s1" name="Random-User-Test" source="/home/runner/work/ApiRandomUser/ApiRandomUser/RamdonUser/tests/random-user-test.robot">
<test id="s1-s1-t1" name="Conectar" line="13">
<kw name="Conectar API" owner="random-user-service">
<kw name="Create Session" owner="RequestsLibrary">
<msg time="2024-06-26T18:19:19.186452" level="INFO">Creating Session using : alias=consultarAPI, url=https://randomuser.me/, headers={},                     cookies={}, auth=None, timeout=None, proxies=None, verify=False,                     debug=0 </msg>
<arg>consultarAPI</arg>
<arg>${URL}</arg>
<doc>Create Session: create a HTTP session to a server</doc>
<status status="PASS" start="2024-06-26T18:19:19.186200" elapsed="0.000435"/>
</kw>
<status status="PASS" start="2024-06-26T18:19:19.185222" elapsed="0.001776"/>
</kw>
<status status="PASS" start="2024-06-26T18:19:19.184625" elapsed="0.002568"/>
</test>
<test id="s1-s1-t2" name="Validar retorno 200 e JSON Válido" line="16">
<kw name="Teste de Requisicao Basica" owner="random-user-service">
<kw name="GET On Session" owner="RequestsLibrary">
<msg time="2024-06-26T18:19:19.410990" level="INFO">GET Request : url=https://randomuser.me/api 
 path_url=/api 
 headers={'User-Agent': 'python-requests/2.32.3', 'Accept-Encoding': 'gzip, deflate', 'Accept': '*/*', 'Connection': 'keep-alive'} 
 body=None 
 </msg>
<msg time="2024-06-26T18:19:19.411152" level="INFO">GET Response : url=https://randomuser.me/api 
 status=200, reason=OK 
 headers={'Date': 'Wed, 26 Jun 2024 18:19:19 GMT', 'Content-Type': 'application/json; charset=utf-8', 'Transfer-Encoding': 'chunked', 'Connection': 'keep-alive', 'X-Powered-By': 'Express', 'Access-Control-Allow-Origin': '*', 'Cache-Control': 'no-cache', 'ETag': 'W/"489-M18g8/i7vwvB8MP6I23XwUvHVPA"', 'Vary': 'Accept-Encoding', 'Content-Encoding': 'gzip', 'CF-Cache-Status': 'DYNAMIC', 'Report-To': '{"endpoints":[{"url":"https:\\/\\/a.nel.cloudflare.com\\/report\\/v4?s=2PfW1591wG1aW1bVW9OBJO4rq8RJlKt1S1W7IBwfxadB%2F4lQcDRGCBk%2BGDkG7fFpyvMNlIHDkX8a2eGOxbb3vWno4OwfShnuHE9fC7iMVhx7Qjo%2BxFRQ%2FLGBSJujnQCv"}],"group":"cf-nel","max_age":604800}', 'NEL': '{"success_fraction":0,"report_to":"cf-nel","max_age":604800}', 'Server': 'cloudflare', 'CF-RAY': '899f3475efe707fe-IAD', 'alt-svc': 'h3=":443"; ma=86400'} 
 body={"results":[{"gender":"female","name":{"title":"Mrs","first":"Charlotte","last":"Evans"},"location":{"street":{"number":8040,"name":"Green Lane"},"city":"Gorey","state":"Cavan","country":"Ireland","postcode":90388,"coordinates":{"latitude":"3.1657","longitude":"82.2932"},"timezone":{"offset":"-8:00","description":"Pacific Time (US &amp; Canada)"}},"email":"charlotte.evans@example.com","login":{"uuid":"3392c360-ed5b-4c51-9db1-7b4288325e02","username":"beautifulladybug727","password":"redwing","salt":"1vUVthY2","md5":"3df97aab2ca1b76a25b42b126acadf74","sha1":"133e202c437637aefeaa5136abb0841c95f982b4","sha256":"70018c845e4e038275b9de711f9f84e3aa6c6093db2ae1a490cc5c84b93d6b45"},"dob":{"date":"1959-06-02T03:30:03.830Z","age":65},"registered":{"date":"2005-09-11T12:31:02.702Z","age":18},"phone":"041-213-9013","cell":"081-328-4770","id":{"name":"PPS","value":"3822541T"},"picture":{"large":"https://randomuser.me/api/portraits/women/50.jpg","medium":"https://randomuser.me/api/portraits/med/women/50.jpg","thumbnail":"https://randomuser.me/api/portraits/thumb/women/50.jpg"},"nat":"IE"}],"info":{"seed":"f16f74201c6e4dc1","results":1,"page":1,"version":"1.4"}} 
 </msg>
<msg time="2024-06-26T18:19:19.411252" level="INFO">/opt/hostedtoolcache/Python/3.12.4/x64/lib/python3.12/site-packages/urllib3/connectionpool.py:1099: InsecureRequestWarning: Unverified HTTPS request is being made to host 'randomuser.me'. Adding certificate verification is strongly advised. See: https://urllib3.readthedocs.io/en/latest/advanced-usage.html#tls-warnings
  warnings.warn(</msg>
<msg time="2024-06-26T18:19:19.411420" level="INFO">${response} = &lt;Response [200]&gt;</msg>
<var>${response}</var>
<arg>consultarAPI</arg>
<arg>/api</arg>
<doc>Sends a GET request on a previously created HTTP Session.</doc>
<status status="PASS" start="2024-06-26T18:19:19.189761" elapsed="0.221711"/>
</kw>
<kw name="Should Be Equal As Numbers" owner="BuiltIn">
<msg time="2024-06-26T18:19:19.412593" level="INFO">Argument types are:
&lt;class 'int'&gt;
&lt;class 'str'&gt;</msg>
<arg>${response.status_code}</arg>
<arg>200</arg>
<doc>Fails if objects are unequal after converting them to real numbers.</doc>
<status status="PASS" start="2024-06-26T18:19:19.412096" elapsed="0.000574"/>
</kw>
<kw name="Log" owner="BuiltIn">
<msg time="2024-06-26T18:19:19.413384" level="INFO">200</msg>
<arg>${response.status_code}</arg>
<doc>Logs the given message with the given level.</doc>
<status status="PASS" start="2024-06-26T18:19:19.413017" elapsed="0.000410"/>
</kw>
<kw name="Set Variable" owner="BuiltIn">
<msg time="2024-06-26T18:19:19.414186" level="INFO">${json_data} = {'results': [{'gender': 'female', 'name': {'title': 'Mrs', 'first': 'Charlotte', 'last': 'Evans'}, 'location': {'street': {'number': 8040, 'name': 'Green Lane'}, 'city': 'Gorey', 'state': 'Cavan', 'co...</msg>
<var>${json_data}</var>
<arg>${response.json()}</arg>
<doc>Returns the given values which can then be assigned to a variables.</doc>
<status status="PASS" start="2024-06-26T18:19:19.413741" elapsed="0.000473"/>
</kw>
<kw name="Dictionary Should Contain Key" owner="Collections">
<arg>${json_data}</arg>
<arg>results</arg>
<doc>Fails if ``key`` is not found from ``dictionary``.</doc>
<status status="PASS" start="2024-06-26T18:19:19.414566" elapsed="0.000168"/>
</kw>
<status status="PASS" start="2024-06-26T18:19:19.189516" elapsed="0.225374"/>
</kw>
<doc>Testa se a API responde corretamente e retorna um objeto JSON válido.</doc>
<tag>testeRequisicaoBasica</tag>
<status status="PASS" start="2024-06-26T18:19:19.189049" elapsed="0.226024"/>
</test>
<test id="s1-s1-t3" name="Validar estrutura de resposta" line="22">
<kw name="Teste de Estrutura de Resposta" owner="random-user-service">
<kw name="GET On Session" owner="RequestsLibrary">
<msg time="2024-06-26T18:19:19.513696" level="INFO">GET Request : url=https://randomuser.me/api 
 path_url=/api 
 headers={'User-Agent': 'python-requests/2.32.3', 'Accept-Encoding': 'gzip, deflate', 'Accept': '*/*', 'Connection': 'keep-alive'} 
 body=None 
 </msg>
<msg time="2024-06-26T18:19:19.513773" level="INFO">GET Response : url=https://randomuser.me/api 
 status=200, reason=OK 
 headers={'Date': 'Wed, 26 Jun 2024 18:19:19 GMT', 'Content-Type': 'application/json; charset=utf-8', 'Transfer-Encoding': 'chunked', 'Connection': 'keep-alive', 'X-Powered-By': 'Express', 'Access-Control-Allow-Origin': '*', 'Cache-Control': 'no-cache', 'ETag': 'W/"476-NPuECOzMnN/r55NszfkLBfRrSjY"', 'Vary': 'Accept-Encoding', 'Content-Encoding': 'gzip', 'CF-Cache-Status': 'DYNAMIC', 'Report-To': '{"endpoints":[{"url":"https:\\/\\/a.nel.cloudflare.com\\/report\\/v4?s=gvAefK3FrfXZ5vEDLS5V6o3Rwl0%2Fsm0K4zx9xx2zKvKEX8sedTD%2F85JsbAh5lHw8OIWj%2BEgowuPmOINp2Ntkq0kTe%2F2g0VSOxyTOwxWYfXCYvmqYrU2WsRyYWk5zHauD"}],"group":"cf-nel","max_age":604800}', 'NEL': '{"success_fraction":0,"report_to":"cf-nel","max_age":604800}', 'Server': 'cloudflare', 'CF-RAY': '899f347668a107fe-IAD', 'alt-svc': 'h3=":443"; ma=86400'} 
 body={"results":[{"gender":"female","name":{"title":"Mrs","first":"Analice","last":"Peixoto"},"location":{"street":{"number":6598,"name":"Rua Um"},"city":"Queimados","state":"Goiás","country":"Brazil","postcode":47545,"coordinates":{"latitude":"-77.5709","longitude":"81.7817"},"timezone":{"offset":"+3:30","description":"Tehran"}},"email":"analice.peixoto@example.com","login":{"uuid":"0b79aeb5-6590-4d61-9e7b-12ada0f47864","username":"sadbird239","password":"hotdog","salt":"wJc1BeY5","md5":"49e4dcf1d8299eba338ee07d2f9d481e","sha1":"4cfb82e143ee7a2e09fd005de6a6ed7486f2cb56","sha256":"465f3f9ee59f4a091a0497a27ff029daafb1aabb981fb02e89042b0f6f341966"},"dob":{"date":"1980-05-06T12:52:43.600Z","age":44},"registered":{"date":"2019-08-03T21:44:43.549Z","age":4},"phone":"(09) 2453-2069","cell":"(86) 7376-3277","id":{"name":"CPF","value":"430.342.109-20"},"picture":{"large":"https://randomuser.me/api/portraits/women/62.jpg","medium":"https://randomuser.me/api/portraits/med/women/62.jpg","thumbnail":"https://randomuser.me/api/portraits/thumb/women/62.jpg"},"nat":"BR"}],"info":{"seed":"6de1c481c9ad0d55","results":1,"page":1,"version":"1.4"}} 
 </msg>
<msg time="2024-06-26T18:19:19.513881" level="INFO">/opt/hostedtoolcache/Python/3.12.4/x64/lib/python3.12/site-packages/urllib3/connectionpool.py:1099: InsecureRequestWarning: Unverified HTTPS request is being made to host 'randomuser.me'. Adding certificate verification is strongly advised. See: https://urllib3.readthedocs.io/en/latest/advanced-usage.html#tls-warnings
  warnings.warn(</msg>
<msg time="2024-06-26T18:19:19.513986" level="INFO">${response} = &lt;Response [200]&gt;</msg>
<var>${response}</var>
<arg>consultarAPI</arg>
<arg>/api</arg>
<doc>Sends a GET request on a previously created HTTP Session.</doc>
<status status="PASS" start="2024-06-26T18:19:19.417698" elapsed="0.096330"/>
</kw>
<kw name="Set Variable" owner="BuiltIn">
<msg time="2024-06-26T18:19:19.515104" level="INFO">${json_data} = {'results': [{'gender': 'female', 'name': {'title': 'Mrs', 'first': 'Analice', 'last': 'Peixoto'}, 'location': {'street': {'number': 6598, 'name': 'Rua Um'}, 'city': 'Queimados', 'state': 'Goiás', 'co...</msg>
<var>${json_data}</var>
<arg>${response.json()}</arg>
<doc>Returns the given values which can then be assigned to a variables.</doc>
<status status="PASS" start="2024-06-26T18:19:19.514539" elapsed="0.000594"/>
</kw>
<kw name="Log" owner="BuiltIn">
<msg time="2024-06-26T18:19:19.515592" level="INFO">{'results': [{'gender': 'female', 'name': {'title': 'Mrs', 'first': 'Analice', 'last': 'Peixoto'}, 'location': {'street': {'number': 6598, 'name': 'Rua Um'}, 'city': 'Queimados', 'state': 'Goiás', 'country': 'Brazil', 'postcode': 47545, 'coordinates': {'latitude': '-77.5709', 'longitude': '81.7817'}, 'timezone': {'offset': '+3:30', 'description': 'Tehran'}}, 'email': 'analice.peixoto@example.com', 'login': {'uuid': '0b79aeb5-6590-4d61-9e7b-12ada0f47864', 'username': 'sadbird239', 'password': 'hotdog', 'salt': 'wJc1BeY5', 'md5': '49e4dcf1d8299eba338ee07d2f9d481e', 'sha1': '4cfb82e143ee7a2e09fd005de6a6ed7486f2cb56', 'sha256': '465f3f9ee59f4a091a0497a27ff029daafb1aabb981fb02e89042b0f6f341966'}, 'dob': {'date': '1980-05-06T12:52:43.600Z', 'age': 44}, 'registered': {'date': '2019-08-03T21:44:43.549Z', 'age': 4}, 'phone': '(09) 2453-2069', 'cell': '(86) 7376-3277', 'id': {'name': 'CPF', 'value': '430.342.109-20'}, 'picture': {'large': 'https://randomuser.me/api/portraits/women/62.jpg', 'medium': 'https://randomuser.me/api/portraits/med/women/62.jpg', 'thumbnail': 'https://randomuser.me/api/portraits/thumb/women/62.jpg'}, 'nat': 'BR'}], 'info': {'seed': '6de1c481c9ad0d55', 'results': 1, 'page': 1, 'version': '1.4'}}</msg>
<arg>${json_data}</arg>
<doc>Logs the given message with the given level.</doc>
<status status="PASS" start="2024-06-26T18:19:19.515433" elapsed="0.000206"/>
</kw>
<kw name="Dictionary Should Contain Key" owner="Collections">
<arg>${json_data}</arg>
<arg>results</arg>
<doc>Fails if ``key`` is not found from ``dictionary``.</doc>
<status status="PASS" start="2024-06-26T18:19:19.515936" elapsed="0.000157"/>
</kw>
<kw name="Should Not Be Empty" owner="BuiltIn">
<msg time="2024-06-26T18:19:19.516407" level="INFO">Length is 2.</msg>
<arg>${json_data}</arg>
<doc>Verifies that the given item is not empty.</doc>
<status status="PASS" start="2024-06-26T18:19:19.516278" elapsed="0.000166"/>
</kw>
<kw name="Create List" owner="BuiltIn">
<msg time="2024-06-26T18:19:19.516899" level="INFO">${expected_keys} = ['gender', 'name', 'location', 'email', 'login']</msg>
<var>${expected_keys}</var>
<arg>gender</arg>
<arg>name</arg>
<arg>location</arg>
<arg>email</arg>
<arg>login</arg>
<doc>Returns a list containing given items.</doc>
<status status="PASS" start="2024-06-26T18:19:19.516733" elapsed="0.000190"/>
</kw>
<for flavor="IN">
<iter>
<kw name="Dictionary Should Contain Key" owner="Collections">
<arg>${json_data['results'][0]}</arg>
<arg>${key}</arg>
<doc>Fails if ``key`` is not found from ``dictionary``.</doc>
<status status="PASS" start="2024-06-26T18:19:19.517638" elapsed="0.000395"/>
</kw>
<kw name="Log" owner="BuiltIn">
<msg time="2024-06-26T18:19:19.518619" level="INFO">{'gender': 'female', 'name': {'title': 'Mrs', 'first': 'Analice', 'last': 'Peixoto'}, 'location': {'street': {'number': 6598, 'name': 'Rua Um'}, 'city': 'Queimados', 'state': 'Goiás', 'country': 'Brazil', 'postcode': 47545, 'coordinates': {'latitude': '-77.5709', 'longitude': '81.7817'}, 'timezone': {'offset': '+3:30', 'description': 'Tehran'}}, 'email': 'analice.peixoto@example.com', 'login': {'uuid': '0b79aeb5-6590-4d61-9e7b-12ada0f47864', 'username': 'sadbird239', 'password': 'hotdog', 'salt': 'wJc1BeY5', 'md5': '49e4dcf1d8299eba338ee07d2f9d481e', 'sha1': '4cfb82e143ee7a2e09fd005de6a6ed7486f2cb56', 'sha256': '465f3f9ee59f4a091a0497a27ff029daafb1aabb981fb02e89042b0f6f341966'}, 'dob': {'date': '1980-05-06T12:52:43.600Z', 'age': 44}, 'registered': {'date': '2019-08-03T21:44:43.549Z', 'age': 4}, 'phone': '(09) 2453-2069', 'cell': '(86) 7376-3277', 'id': {'name': 'CPF', 'value': '430.342.109-20'}, 'picture': {'large': 'https://randomuser.me/api/portraits/women/62.jpg', 'medium': 'https://randomuser.me/api/portraits/med/women/62.jpg', 'thumbnail': 'https://randomuser.me/api/portraits/thumb/women/62.jpg'}, 'nat': 'BR'}</msg>
<arg>${json_data['results'][0]}</arg>
<doc>Logs the given message with the given level.</doc>
<status status="PASS" start="2024-06-26T18:19:19.518220" elapsed="0.000452"/>
</kw>
<kw name="Log" owner="BuiltIn">
<msg time="2024-06-26T18:19:19.519089" level="INFO">gender</msg>
<arg>${key}</arg>
<doc>Logs the given message with the given level.</doc>
<status status="PASS" start="2024-06-26T18:19:19.518963" elapsed="0.000163"/>
</kw>
<var name="${key}">gender</var>
<status status="PASS" start="2024-06-26T18:19:19.517516" elapsed="0.001824"/>
</iter>
<iter>
<kw name="Dictionary Should Contain Key" owner="Collections">
<arg>${json_data['results'][0]}</arg>
<arg>${key}</arg>
<doc>Fails if ``key`` is not found from ``dictionary``.</doc>
<status status="PASS" start="2024-06-26T18:19:19.519629" elapsed="0.000386"/>
</kw>
<kw name="Log" owner="BuiltIn">
<msg time="2024-06-26T18:19:19.520540" level="INFO">{'gender': 'female', 'name': {'title': 'Mrs', 'first': 'Analice', 'last': 'Peixoto'}, 'location': {'street': {'number': 6598, 'name': 'Rua Um'}, 'city': 'Queimados', 'state': 'Goiás', 'country': 'Brazil', 'postcode': 47545, 'coordinates': {'latitude': '-77.5709', 'longitude': '81.7817'}, 'timezone': {'offset': '+3:30', 'description': 'Tehran'}}, 'email': 'analice.peixoto@example.com', 'login': {'uuid': '0b79aeb5-6590-4d61-9e7b-12ada0f47864', 'username': 'sadbird239', 'password': 'hotdog', 'salt': 'wJc1BeY5', 'md5': '49e4dcf1d8299eba338ee07d2f9d481e', 'sha1': '4cfb82e143ee7a2e09fd005de6a6ed7486f2cb56', 'sha256': '465f3f9ee59f4a091a0497a27ff029daafb1aabb981fb02e89042b0f6f341966'}, 'dob': {'date': '1980-05-06T12:52:43.600Z', 'age': 44}, 'registered': {'date': '2019-08-03T21:44:43.549Z', 'age': 4}, 'phone': '(09) 2453-2069', 'cell': '(86) 7376-3277', 'id': {'name': 'CPF', 'value': '430.342.109-20'}, 'picture': {'large': 'https://randomuser.me/api/portraits/women/62.jpg', 'medium': 'https://randomuser.me/api/portraits/med/women/62.jpg', 'thumbnail': 'https://randomuser.me/api/portraits/thumb/women/62.jpg'}, 'nat': 'BR'}</msg>
<arg>${json_data['results'][0]}</arg>
<doc>Logs the given message with the given level.</doc>
<status status="PASS" start="2024-06-26T18:19:19.520193" elapsed="0.000427"/>
</kw>
<kw name="Log" owner="BuiltIn">
<msg time="2024-06-26T18:19:19.521047" level="INFO">name</msg>
<arg>${key}</arg>
<doc>Logs the given message with the given level.</doc>
<status status="PASS" start="2024-06-26T18:19:19.520921" elapsed="0.000164"/>
</kw>
<var name="${key}">name</var>
<status status="PASS" start="2024-06-26T18:19:19.519519" elapsed="0.001780"/>
</iter>
<iter>
<kw name="Dictionary Should Contain Key" owner="Collections">
<arg>${json_data['results'][0]}</arg>
<arg>${key}</arg>
<doc>Fails if ``key`` is not found from ``dictionary``.</doc>
<status status="PASS" start="2024-06-26T18:19:19.521586" elapsed="0.000380"/>
</kw>
<kw name="Log" owner="BuiltIn">
<msg time="2024-06-26T18:19:19.522534" level="INFO">{'gender': 'female', 'name': {'title': 'Mrs', 'first': 'Analice', 'last': 'Peixoto'}, 'location': {'street': {'number': 6598, 'name': 'Rua Um'}, 'city': 'Queimados', 'state': 'Goiás', 'country': 'Brazil', 'postcode': 47545, 'coordinates': {'latitude': '-77.5709', 'longitude': '81.7817'}, 'timezone': {'offset': '+3:30', 'description': 'Tehran'}}, 'email': 'analice.peixoto@example.com', 'login': {'uuid': '0b79aeb5-6590-4d61-9e7b-12ada0f47864', 'username': 'sadbird239', 'password': 'hotdog', 'salt': 'wJc1BeY5', 'md5': '49e4dcf1d8299eba338ee07d2f9d481e', 'sha1': '4cfb82e143ee7a2e09fd005de6a6ed7486f2cb56', 'sha256': '465f3f9ee59f4a091a0497a27ff029daafb1aabb981fb02e89042b0f6f341966'}, 'dob': {'date': '1980-05-06T12:52:43.600Z', 'age': 44}, 'registered': {'date': '2019-08-03T21:44:43.549Z', 'age': 4}, 'phone': '(09) 2453-2069', 'cell': '(86) 7376-3277', 'id': {'name': 'CPF', 'value': '430.342.109-20'}, 'picture': {'large': 'https://randomuser.me/api/portraits/women/62.jpg', 'medium': 'https://randomuser.me/api/portraits/med/women/62.jpg', 'thumbnail': 'https://randomuser.me/api/portraits/thumb/women/62.jpg'}, 'nat': 'BR'}</msg>
<arg>${json_data['results'][0]}</arg>
<doc>Logs the given message with the given level.</doc>
<status status="PASS" start="2024-06-26T18:19:19.522146" elapsed="0.000448"/>
</kw>
<kw name="Log" owner="BuiltIn">
<msg time="2024-06-26T18:19:19.523019" level="INFO">location</msg>
<arg>${key}</arg>
<doc>Logs the given message with the given level.</doc>
<status status="PASS" start="2024-06-26T18:19:19.522891" elapsed="0.000165"/>
</kw>
<var name="${key}">location</var>
<status status="PASS" start="2024-06-26T18:19:19.521481" elapsed="0.001789"/>
</iter>
<iter>
<kw name="Dictionary Should Contain Key" owner="Collections">
<arg>${json_data['results'][0]}</arg>
<arg>${key}</arg>
<doc>Fails if ``key`` is not found from ``dictionary``.</doc>
<status status="PASS" start="2024-06-26T18:19:19.523542" elapsed="0.000384"/>
</kw>
<kw name="Log" owner="BuiltIn">
<msg time="2024-06-26T18:19:19.524468" level="INFO">{'gender': 'female', 'name': {'title': 'Mrs', 'first': 'Analice', 'last': 'Peixoto'}, 'location': {'street': {'number': 6598, 'name': 'Rua Um'}, 'city': 'Queimados', 'state': 'Goiás', 'country': 'Brazil', 'postcode': 47545, 'coordinates': {'latitude': '-77.5709', 'longitude': '81.7817'}, 'timezone': {'offset': '+3:30', 'description': 'Tehran'}}, 'email': 'analice.peixoto@example.com', 'login': {'uuid': '0b79aeb5-6590-4d61-9e7b-12ada0f47864', 'username': 'sadbird239', 'password': 'hotdog', 'salt': 'wJc1BeY5', 'md5': '49e4dcf1d8299eba338ee07d2f9d481e', 'sha1': '4cfb82e143ee7a2e09fd005de6a6ed7486f2cb56', 'sha256': '465f3f9ee59f4a091a0497a27ff029daafb1aabb981fb02e89042b0f6f341966'}, 'dob': {'date': '1980-05-06T12:52:43.600Z', 'age': 44}, 'registered': {'date': '2019-08-03T21:44:43.549Z', 'age': 4}, 'phone': '(09) 2453-2069', 'cell': '(86) 7376-3277', 'id': {'name': 'CPF', 'value': '430.342.109-20'}, 'picture': {'large': 'https://randomuser.me/api/portraits/women/62.jpg', 'medium': 'https://randomuser.me/api/portraits/med/women/62.jpg', 'thumbnail': 'https://randomuser.me/api/portraits/thumb/women/62.jpg'}, 'nat': 'BR'}</msg>
<arg>${json_data['results'][0]}</arg>
<doc>Logs the given message with the given level.</doc>
<status status="PASS" start="2024-06-26T18:19:19.524105" elapsed="0.000413"/>
</kw>
<kw name="Log" owner="BuiltIn">
<msg time="2024-06-26T18:19:19.524944" level="INFO">email</msg>
<arg>${key}</arg>
<doc>Logs the given message with the given level.</doc>
<status status="PASS" start="2024-06-26T18:19:19.524819" elapsed="0.000164"/>
</kw>
<var name="${key}">email</var>
<status status="PASS" start="2024-06-26T18:19:19.523437" elapsed="0.001758"/>
</iter>
<iter>
<kw name="Dictionary Should Contain Key" owner="Collections">
<arg>${json_data['results'][0]}</arg>
<arg>${key}</arg>
<doc>Fails if ``key`` is not found from ``dictionary``.</doc>
<status status="PASS" start="2024-06-26T18:19:19.525467" elapsed="0.000381"/>
</kw>
<kw name="Log" owner="BuiltIn">
<msg time="2024-06-26T18:19:19.526425" level="INFO">{'gender': 'female', 'name': {'title': 'Mrs', 'first': 'Analice', 'last': 'Peixoto'}, 'location': {'street': {'number': 6598, 'name': 'Rua Um'}, 'city': 'Queimados', 'state': 'Goiás', 'country': 'Brazil', 'postcode': 47545, 'coordinates': {'latitude': '-77.5709', 'longitude': '81.7817'}, 'timezone': {'offset': '+3:30', 'description': 'Tehran'}}, 'email': 'analice.peixoto@example.com', 'login': {'uuid': '0b79aeb5-6590-4d61-9e7b-12ada0f47864', 'username': 'sadbird239', 'password': 'hotdog', 'salt': 'wJc1BeY5', 'md5': '49e4dcf1d8299eba338ee07d2f9d481e', 'sha1': '4cfb82e143ee7a2e09fd005de6a6ed7486f2cb56', 'sha256': '465f3f9ee59f4a091a0497a27ff029daafb1aabb981fb02e89042b0f6f341966'}, 'dob': {'date': '1980-05-06T12:52:43.600Z', 'age': 44}, 'registered': {'date': '2019-08-03T21:44:43.549Z', 'age': 4}, 'phone': '(09) 2453-2069', 'cell': '(86) 7376-3277', 'id': {'name': 'CPF', 'value': '430.342.109-20'}, 'picture': {'large': 'https://randomuser.me/api/portraits/women/62.jpg', 'medium': 'https://randomuser.me/api/portraits/med/women/62.jpg', 'thumbnail': 'https://randomuser.me/api/portraits/thumb/women/62.jpg'}, 'nat': 'BR'}</msg>
<arg>${json_data['results'][0]}</arg>
<doc>Logs the given message with the given level.</doc>
<status status="PASS" start="2024-06-26T18:19:19.526028" elapsed="0.000448"/>
</kw>
<kw name="Log" owner="BuiltIn">
<msg time="2024-06-26T18:19:19.526907" level="INFO">login</msg>
<arg>${key}</arg>
<doc>Logs the given message with the given level.</doc>
<status status="PASS" start="2024-06-26T18:19:19.526776" elapsed="0.000168"/>
</kw>
<var name="${key}">login</var>
<status status="PASS" start="2024-06-26T18:19:19.525361" elapsed="0.001792"/>
</iter>
<var>${key}</var>
<value>@{expected_keys}</value>
<status status="PASS" start="2024-06-26T18:19:19.517325" elapsed="0.009944"/>
</for>
<kw name="Create List" owner="BuiltIn">
<msg time="2024-06-26T18:19:19.527602" level="INFO">${expected_keysTwo} = ['username', 'password']</msg>
<var>${expected_keysTwo}</var>
<arg>username</arg>
<arg>password</arg>
<doc>Returns a list containing given items.</doc>
<status status="PASS" start="2024-06-26T18:19:19.527464" elapsed="0.000162"/>
</kw>
<for flavor="IN">
<iter>
<kw name="Dictionary Should Contain Key" owner="Collections">
<arg>${json_data['results'][0]['login']}</arg>
<arg>${keyTwo}</arg>
<doc>Fails if ``key`` is not found from ``dictionary``.</doc>
<status status="PASS" start="2024-06-26T18:19:19.528137" elapsed="0.000375"/>
</kw>
<kw name="Dictionary Should Contain Key" owner="Collections">
<arg>${json_data['results'][0]['login']}</arg>
<arg>${keyTwo}</arg>
<doc>Fails if ``key`` is not found from ``dictionary``.</doc>
<status status="PASS" start="2024-06-26T18:19:19.528691" elapsed="0.000379"/>
</kw>
<kw name="Log" owner="BuiltIn">
<msg time="2024-06-26T18:19:19.529366" level="INFO">username</msg>
<arg>${keyTwo}</arg>
<doc>Logs the given message with the given level.</doc>
<status status="PASS" start="2024-06-26T18:19:19.529248" elapsed="0.000155"/>
</kw>
<var name="${keyTwo}">username</var>
<status status="PASS" start="2024-06-26T18:19:19.528031" elapsed="0.001590"/>
</iter>
<iter>
<kw name="Dictionary Should Contain Key" owner="Collections">
<arg>${json_data['results'][0]['login']}</arg>
<arg>${keyTwo}</arg>
<doc>Fails if ``key`` is not found from ``dictionary``.</doc>
<status status="PASS" start="2024-06-26T18:19:19.529896" elapsed="0.000405"/>
</kw>
<kw name="Dictionary Should Contain Key" owner="Collections">
<arg>${json_data['results'][0]['login']}</arg>
<arg>${keyTwo}</arg>
<doc>Fails if ``key`` is not found from ``dictionary``.</doc>
<status status="PASS" start="2024-06-26T18:19:19.530487" elapsed="0.000367"/>
</kw>
<kw name="Log" owner="BuiltIn">
<msg time="2024-06-26T18:19:19.531145" level="INFO">password</msg>
<arg>${keyTwo}</arg>
<doc>Logs the given message with the given level.</doc>
<status status="PASS" start="2024-06-26T18:19:19.531027" elapsed="0.000159"/>
</kw>
<var name="${keyTwo}">password</var>
<status status="PASS" start="2024-06-26T18:19:19.529787" elapsed="0.001616"/>
</iter>
<var>${keyTwo}</var>
<value>@{expected_keysTwo}</value>
<status status="PASS" start="2024-06-26T18:19:19.527882" elapsed="0.003637"/>
</for>
<status status="PASS" start="2024-06-26T18:19:19.417467" elapsed="0.114186"/>
</kw>
<doc>Testa a estrutura da resposta da API.</doc>
<tag>testeEstruturaResposta</tag>
<status status="PASS" start="2024-06-26T18:19:19.416947" elapsed="0.114862"/>
</test>
<test id="s1-s1-t4" name="Validar tipos de dados" line="28">
<kw name="Teste de Tipos de Dados" owner="random-user-service">
<kw name="GET On Session" owner="RequestsLibrary">
<msg time="2024-06-26T18:19:19.608815" level="INFO">GET Request : url=https://randomuser.me/api 
 path_url=/api 
 headers={'User-Agent': 'python-requests/2.32.3', 'Accept-Encoding': 'gzip, deflate', 'Accept': '*/*', 'Connection': 'keep-alive'} 
 body=None 
 </msg>
<msg time="2024-06-26T18:19:19.608905" level="INFO">GET Response : url=https://randomuser.me/api 
 status=200, reason=OK 
 headers={'Date': 'Wed, 26 Jun 2024 18:19:19 GMT', 'Content-Type': 'application/json; charset=utf-8', 'Transfer-Encoding': 'chunked', 'Connection': 'keep-alive', 'X-Powered-By': 'Express', 'Access-Control-Allow-Origin': '*', 'Cache-Control': 'no-cache', 'ETag': 'W/"479-+iLVRHoTVB/OlDxZY+pze3nju8Q"', 'Vary': 'Accept-Encoding', 'Content-Encoding': 'gzip', 'CF-Cache-Status': 'DYNAMIC', 'Report-To': '{"endpoints":[{"url":"https:\\/\\/a.nel.cloudflare.com\\/report\\/v4?s=qsPDzWudNb%2FlUS2o%2F1o6QBk7lr%2Btvs07JaEUIBikyl%2FVvKF4SWFGYFnEW%2FEb%2Bs55X9jAGAC%2FFmXKk%2BCYrG0OzW4YOolsQX4JeRk3RSD6Ats2rRAezSaaRXperf09ArqS"}],"group":"cf-nel","max_age":604800}', 'NEL': '{"success_fraction":0,"report_to":"cf-nel","max_age":604800}', 'Server': 'cloudflare', 'CF-RAY': '899f3477199907fe-IAD', 'alt-svc': 'h3=":443"; ma=86400'} 
 body={"results":[{"gender":"female","name":{"title":"Mrs","first":"Abbey","last":"Davies"},"location":{"street":{"number":9925,"name":"High Street"},"city":"Kinsealy-Drinan","state":"Wicklow","country":"Ireland","postcode":58763,"coordinates":{"latitude":"-2.2385","longitude":"84.1893"},"timezone":{"offset":"+5:45","description":"Kathmandu"}},"email":"abbey.davies@example.com","login":{"uuid":"036bf58f-803e-438c-a929-726a575d8f0f","username":"organickoala224","password":"bruce","salt":"cl3nHX3M","md5":"9cc25e01ce56d2d77afb99b05cfa14fc","sha1":"6fbc7916dc278cf24bcf47e731d7378d2b91f1ce","sha256":"43fed49b4d83b378b66d6343d839d5bd10607adb98600024a814bdb47422cce1"},"dob":{"date":"1968-07-02T13:01:36.197Z","age":55},"registered":{"date":"2015-08-24T16:54:56.143Z","age":8},"phone":"041-385-9091","cell":"081-703-4523","id":{"name":"PPS","value":"6982555T"},"picture":{"large":"https://randomuser.me/api/portraits/women/32.jpg","medium":"https://randomuser.me/api/portraits/med/women/32.jpg","thumbnail":"https://randomuser.me/api/portraits/thumb/women/32.jpg"},"nat":"IE"}],"info":{"seed":"900c03cbafc5ab1b","results":1,"page":1,"version":"1.4"}} 
 </msg>
<msg time="2024-06-26T18:19:19.608966" level="INFO">/opt/hostedtoolcache/Python/3.12.4/x64/lib/python3.12/site-packages/urllib3/connectionpool.py:1099: InsecureRequestWarning: Unverified HTTPS request is being made to host 'randomuser.me'. Adding certificate verification is strongly advised. See: https://urllib3.readthedocs.io/en/latest/advanced-usage.html#tls-warnings
  warnings.warn(</msg>
<msg time="2024-06-26T18:19:19.609068" level="INFO">${response} = &lt;Response [200]&gt;</msg>
<var>${response}</var>
<arg>consultarAPI</arg>
<arg>/api</arg>
<doc>Sends a GET request on a previously created HTTP Session.</doc>
<status status="PASS" start="2024-06-26T18:19:19.534440" elapsed="0.074667"/>
</kw>
<kw name="Set Variable" owner="BuiltIn">
<msg time="2024-06-26T18:19:19.610202" level="INFO">${json_data} = {'results': [{'gender': 'female', 'name': {'title': 'Mrs', 'first': 'Abbey', 'last': 'Davies'}, 'location': {'street': {'number': 9925, 'name': 'High Street'}, 'city': 'Kinsealy-Drinan', 'state': 'Wic...</msg>
<var>${json_data}</var>
<arg>${response.json()}</arg>
<doc>Returns the given values which can then be assigned to a variables.</doc>
<status status="PASS" start="2024-06-26T18:19:19.609645" elapsed="0.000585"/>
</kw>
<kw name="Log" owner="BuiltIn">
<msg time="2024-06-26T18:19:19.610740" level="INFO">{'results': [{'gender': 'female', 'name': {'title': 'Mrs', 'first': 'Abbey', 'last': 'Davies'}, 'location': {'street': {'number': 9925, 'name': 'High Street'}, 'city': 'Kinsealy-Drinan', 'state': 'Wicklow', 'country': 'Ireland', 'postcode': 58763, 'coordinates': {'latitude': '-2.2385', 'longitude': '84.1893'}, 'timezone': {'offset': '+5:45', 'description': 'Kathmandu'}}, 'email': 'abbey.davies@example.com', 'login': {'uuid': '036bf58f-803e-438c-a929-726a575d8f0f', 'username': 'organickoala224', 'password': 'bruce', 'salt': 'cl3nHX3M', 'md5': '9cc25e01ce56d2d77afb99b05cfa14fc', 'sha1': '6fbc7916dc278cf24bcf47e731d7378d2b91f1ce', 'sha256': '43fed49b4d83b378b66d6343d839d5bd10607adb98600024a814bdb47422cce1'}, 'dob': {'date': '1968-07-02T13:01:36.197Z', 'age': 55}, 'registered': {'date': '2015-08-24T16:54:56.143Z', 'age': 8}, 'phone': '041-385-9091', 'cell': '081-703-4523', 'id': {'name': 'PPS', 'value': '6982555T'}, 'picture': {'large': 'https://randomuser.me/api/portraits/women/32.jpg', 'medium': 'https://randomuser.me/api/portraits/med/women/32.jpg', 'thumbnail': 'https://randomuser.me/api/portraits/thumb/women/32.jpg'}, 'nat': 'IE'}], 'info': {'seed': '900c03cbafc5ab1b', 'results': 1, 'page': 1, 'version': '1.4'}}</msg>
<arg>${json_data}</arg>
<doc>Logs the given message with the given level.</doc>
<status status="PASS" start="2024-06-26T18:19:19.610588" elapsed="0.000199"/>
</kw>
<kw name="Should Be String" owner="String">
<arg>${json_data['results'][0]['gender']}</arg>
<doc>Fails if the given ``item`` is not a string.</doc>
<status status="PASS" start="2024-06-26T18:19:19.611079" elapsed="0.000362"/>
</kw>
<kw name="Should Match Regexp" owner="BuiltIn">
<arg>${json_data['results'][0]['email']}</arg>
<arg>^[a-zA-Z0-9._%+-]+@[a-zA-Z0-9.-]+\.[a-zA-Z]{2,}$</arg>
<doc>Fails if ``string`` does not match ``pattern`` as a regular expression.</doc>
<status status="PASS" start="2024-06-26T18:19:19.611624" elapsed="0.000509"/>
</kw>
<kw name="Should Match Regexp" owner="BuiltIn">
<arg>${json_data['results'][0]['dob']['date']}</arg>
<arg>\\d{4}-\\d{2}-\\d{2}T\\d{2}:\\d{2}:\\d{2}\\.\\d{3}Z</arg>
<doc>Fails if ``string`` does not match ``pattern`` as a regular expression.</doc>
<status status="PASS" start="2024-06-26T18:19:19.612359" elapsed="0.000502"/>
</kw>
<kw name="Should Match Regexp" owner="BuiltIn">
<arg>${json_data['results'][0]['registered']['date']}</arg>
<arg>\\d{4}-\\d{2}-\\d{2}T\\d{2}:\\d{2}:\\d{2}\\.\\d{3}Z</arg>
<doc>Fails if ``string`` does not match ``pattern`` as a regular expression.</doc>
<status status="PASS" start="2024-06-26T18:19:19.613050" elapsed="0.000366"/>
</kw>
<kw name="Should Match Regexp" owner="BuiltIn">
<arg>${json_data['results'][0]['picture']['large']}</arg>
<arg>^https?://.*\.(?:png|jpe?g|gif|bmp)$</arg>
<doc>Fails if ``string`` does not match ``pattern`` as a regular expression.</doc>
<status status="PASS" start="2024-06-26T18:19:19.613601" elapsed="0.000460"/>
</kw>
<kw name="Should Match Regexp" owner="BuiltIn">
<arg>${json_data['results'][0]['picture']['medium']}</arg>
<arg>^https?://.*\.(?:png|jpe?g|gif|bmp)$</arg>
<doc>Fails if ``string`` does not match ``pattern`` as a regular expression.</doc>
<status status="PASS" start="2024-06-26T18:19:19.614245" elapsed="0.000370"/>
</kw>
<kw name="Should Match Regexp" owner="BuiltIn">
<arg>${json_data['results'][0]['picture']['thumbnail']}</arg>
<arg>^https?://.*\.(?:png|jpe?g|gif|bmp)$</arg>
<doc>Fails if ``string`` does not match ``pattern`` as a regular expression.</doc>
<status status="PASS" start="2024-06-26T18:19:19.614795" elapsed="0.000346"/>
</kw>
<kw name="Log" owner="BuiltIn">
<msg time="2024-06-26T18:19:19.615649" level="INFO">{'large': 'https://randomuser.me/api/portraits/women/32.jpg', 'medium': 'https://randomuser.me/api/portraits/med/women/32.jpg', 'thumbnail': 'https://randomuser.me/api/portraits/thumb/women/32.jpg'}</msg>
<arg>${json_data['results'][0]['picture']}</arg>
<doc>Logs the given message with the given level.</doc>
<status status="PASS" start="2024-06-26T18:19:19.615318" elapsed="0.000383"/>
</kw>
<status status="PASS" start="2024-06-26T18:19:19.534180" elapsed="0.081773"/>
</kw>
<kw name="Teste de Tipos de Dados - Postcode" owner="random-user-service">
<kw name="GET On Session" owner="RequestsLibrary">
<msg time="2024-06-26T18:19:19.727238" level="INFO">GET Request : url=https://randomuser.me/api 
 path_url=/api 
 headers={'User-Agent': 'python-requests/2.32.3', 'Accept-Encoding': 'gzip, deflate', 'Accept': '*/*', 'Connection': 'keep-alive'} 
 body=None 
 </msg>
<msg time="2024-06-26T18:19:19.727317" level="INFO">GET Response : url=https://randomuser.me/api 
 status=200, reason=OK 
 headers={'Date': 'Wed, 26 Jun 2024 18:19:19 GMT', 'Content-Type': 'application/json; charset=utf-8', 'Transfer-Encoding': 'chunked', 'Connection': 'keep-alive', 'X-Powered-By': 'Express', 'Access-Control-Allow-Origin': '*', 'Cache-Control': 'no-cache', 'ETag': 'W/"496-CB/5xBQ7qdEMOXSYLuBhGrs6QtU"', 'Vary': 'Accept-Encoding', 'Content-Encoding': 'gzip', 'CF-Cache-Status': 'DYNAMIC', 'Report-To': '{"endpoints":[{"url":"https:\\/\\/a.nel.cloudflare.com\\/report\\/v4?s=Ffi4BiW314NeNH1eQVSG4HsD6zamt8b8a3%2BOsO6nRpavIl5MveMiohiDcm%2F%2Bi0KOzdlevEQb5sGFC49fswbKKMQUusw2fBD5N5O4EU2deXlTrXBFCmulZXERlgpP39gQ"}],"group":"cf-nel","max_age":604800}', 'NEL': '{"success_fraction":0,"report_to":"cf-nel","max_age":604800}', 'Server': 'cloudflare', 'CF-RAY': '899f3477aa5107fe-IAD', 'alt-svc': 'h3=":443"; ma=86400'} 
 body={"results":[{"gender":"male","name":{"title":"Mr","first":"Kenzo","last":"Fontai"},"location":{"street":{"number":1570,"name":"Place de L'Abbé-Georges-Hénocque"},"city":"Champigny-sur-Marne","state":"Aube","country":"France","postcode":59850,"coordinates":{"latitude":"-13.3670","longitude":"-35.5463"},"timezone":{"offset":"-9:00","description":"Alaska"}},"email":"kenzo.fontai@example.com","login":{"uuid":"64123318-ba36-4fd9-95af-a6850c12a677","username":"purplewolf663","password":"fountain","salt":"QNoA02Lu","md5":"fde9f211f63fa7b522141a30dea0769b","sha1":"e69622dc4fb74fba253f610dba66c1817b2f1710","sha256":"0e6b2dda7dbb303e882ecc3a3de20aba338a7d076c1da368e14cfa22807f8aaf"},"dob":{"date":"1967-02-06T01:26:19.009Z","age":57},"registered":{"date":"2013-01-23T20:32:51.850Z","age":11},"phone":"01-70-16-44-49","cell":"06-79-44-05-13","id":{"name":"INSEE","value":"1670177116938 80"},"picture":{"large":"https://randomuser.me/api/portraits/men/34.jpg","medium":"https://randomuser.me/api/portraits/med/men/34.jpg","thumbnail":"https://randomuser.me/api/portraits/thumb/men/34.jpg"},"nat":"FR"}],"info":{"seed":"adbf69e72d2f5652","results":1,"page":1,"version":"1.4"}} 
 </msg>
<msg time="2024-06-26T18:19:19.727385" level="INFO">/opt/hostedtoolcache/Python/3.12.4/x64/lib/python3.12/site-packages/urllib3/connectionpool.py:1099: InsecureRequestWarning: Unverified HTTPS request is being made to host 'randomuser.me'. Adding certificate verification is strongly advised. See: https://urllib3.readthedocs.io/en/latest/advanced-usage.html#tls-warnings
  warnings.warn(</msg>
<msg time="2024-06-26T18:19:19.727492" level="INFO">${response} = &lt;Response [200]&gt;</msg>
<var>${response}</var>
<arg>consultarAPI</arg>
<arg>/api</arg>
<doc>Sends a GET request on a previously created HTTP Session.</doc>
<status status="PASS" start="2024-06-26T18:19:19.616403" elapsed="0.111150"/>
</kw>
<kw name="Set Variable" owner="BuiltIn">
<msg time="2024-06-26T18:19:19.728649" level="INFO">${json_data} = {'results': [{'gender': 'male', 'name': {'title': 'Mr', 'first': 'Kenzo', 'last': 'Fontai'}, 'location': {'street': {'number': 1570, 'name': "Place de L'Abbé-Georges-Hénocque"}, 'city': 'Champigny-sur...</msg>
<var>${json_data}</var>
<arg>${response.json()}</arg>
<doc>Returns the given values which can then be assigned to a variables.</doc>
<status status="PASS" start="2024-06-26T18:19:19.728090" elapsed="0.000588"/>
</kw>
<kw name="Log" owner="BuiltIn">
<msg time="2024-06-26T18:19:19.729139" level="INFO">{'results': [{'gender': 'male', 'name': {'title': 'Mr', 'first': 'Kenzo', 'last': 'Fontai'}, 'location': {'street': {'number': 1570, 'name': "Place de L'Abbé-Georges-Hénocque"}, 'city': 'Champigny-sur-Marne', 'state': 'Aube', 'country': 'France', 'postcode': 59850, 'coordinates': {'latitude': '-13.3670', 'longitude': '-35.5463'}, 'timezone': {'offset': '-9:00', 'description': 'Alaska'}}, 'email': 'kenzo.fontai@example.com', 'login': {'uuid': '64123318-ba36-4fd9-95af-a6850c12a677', 'username': 'purplewolf663', 'password': 'fountain', 'salt': 'QNoA02Lu', 'md5': 'fde9f211f63fa7b522141a30dea0769b', 'sha1': 'e69622dc4fb74fba253f610dba66c1817b2f1710', 'sha256': '0e6b2dda7dbb303e882ecc3a3de20aba338a7d076c1da368e14cfa22807f8aaf'}, 'dob': {'date': '1967-02-06T01:26:19.009Z', 'age': 57}, 'registered': {'date': '2013-01-23T20:32:51.850Z', 'age': 11}, 'phone': '01-70-16-44-49', 'cell': '06-79-44-05-13', 'id': {'name': 'INSEE', 'value': '1670177116938 80'}, 'picture': {'large': 'https://randomuser.me/api/portraits/men/34.jpg', 'medium': 'https://randomuser.me/api/portraits/med/men/34.jpg', 'thumbnail': 'https://randomuser.me/api/portraits/thumb/men/34.jpg'}, 'nat': 'FR'}], 'info': {'seed': 'adbf69e72d2f5652', 'results': 1, 'page': 1, 'version': '1.4'}}</msg>
<arg>${json_data}</arg>
<doc>Logs the given message with the given level.</doc>
<status status="PASS" start="2024-06-26T18:19:19.728982" elapsed="0.000204"/>
</kw>
<kw name="Should Be Equal As Numbers" owner="BuiltIn">
<arg>${json_data['results'][0]['location']['postcode']}</arg>
<arg>${json_data['results'][0]['location']['postcode']}</arg>
<doc>Fails if objects are unequal after converting them to real numbers.</doc>
<status status="PASS" start="2024-06-26T18:19:19.729474" elapsed="0.000625"/>
</kw>
<kw name="Log" owner="BuiltIn">
<msg time="2024-06-26T18:19:19.730679" level="INFO">59850</msg>
<arg>${json_data['results'][0]['location']['postcode']}</arg>
<doc>Logs the given message with the given level.</doc>
<status status="PASS" start="2024-06-26T18:19:19.730321" elapsed="0.000398"/>
</kw>
<status status="PASS" start="2024-06-26T18:19:19.616174" elapsed="0.114819"/>
</kw>
<doc>Testa se os tipos de dados na resposta da API estão corretos.</doc>
<tag>testeTiposDados</tag>
<status status="PASS" start="2024-06-26T18:19:19.533562" elapsed="0.197593"/>
</test>
<test id="s1-s1-t5" name="Validar conteudo" line="35">
<kw name="Teste de Tipos de Conteudo" owner="random-user-service">
<kw name="GET On Session" owner="RequestsLibrary">
<msg time="2024-06-26T18:19:19.825083" level="INFO">GET Request : url=https://randomuser.me/api 
 path_url=/api 
 headers={'User-Agent': 'python-requests/2.32.3', 'Accept-Encoding': 'gzip, deflate', 'Accept': '*/*', 'Connection': 'keep-alive'} 
 body=None 
 </msg>
<msg time="2024-06-26T18:19:19.825173" level="INFO">GET Response : url=https://randomuser.me/api 
 status=200, reason=OK 
 headers={'Date': 'Wed, 26 Jun 2024 18:19:19 GMT', 'Content-Type': 'application/json; charset=utf-8', 'Transfer-Encoding': 'chunked', 'Connection': 'keep-alive', 'X-Powered-By': 'Express', 'Access-Control-Allow-Origin': '*', 'Cache-Control': 'no-cache', 'ETag': 'W/"488-oi+f/rttkM2nZ7valQXDmJwpcmU"', 'Vary': 'Accept-Encoding', 'Content-Encoding': 'gzip', 'CF-Cache-Status': 'DYNAMIC', 'Report-To': '{"endpoints":[{"url":"https:\\/\\/a.nel.cloudflare.com\\/report\\/v4?s=u68PylA5R3d8sh2o9PuC7MkCeOivajhlTIAghc%2FpesHj7AfOR6AtTHYPrA9UHfCZiULP9BfJzzSL5MHY5G7rxaPwJR%2F59rfzRZbvjf15obm4jz0PEkWWfBQ2GZEPnQ9w"}],"group":"cf-nel","max_age":604800}', 'NEL': '{"success_fraction":0,"report_to":"cf-nel","max_age":604800}', 'Server': 'cloudflare', 'CF-RAY': '899f34785b6f07fe-IAD', 'alt-svc': 'h3=":443"; ma=86400'} 
 body={"results":[{"gender":"female","name":{"title":"Ms","first":"Elizabeth","last":"Watts"},"location":{"street":{"number":9709,"name":"Sunset St"},"city":"Dubbo","state":"South Australia","country":"Australia","postcode":4891,"coordinates":{"latitude":"-86.9935","longitude":"21.0055"},"timezone":{"offset":"-12:00","description":"Eniwetok, Kwajalein"}},"email":"elizabeth.watts@example.com","login":{"uuid":"4fd0fc58-423c-46fa-8bcc-bd8c88b4e4ad","username":"silverpanda833","password":"ripper","salt":"inVz0McT","md5":"56da6d00fcf0326fdfe2c8cf172d05e3","sha1":"15fe811941e3f89033dfb07d9700de29920071ed","sha256":"6bfaf985f8e578660d9f244067395a1c12f9fef67f563a5cd03d66f253037825"},"dob":{"date":"1976-04-16T10:22:34.240Z","age":48},"registered":{"date":"2018-07-09T19:22:10.443Z","age":5},"phone":"05-6392-6838","cell":"0407-687-167","id":{"name":"TFN","value":"233022673"},"picture":{"large":"https://randomuser.me/api/portraits/women/52.jpg","medium":"https://randomuser.me/api/portraits/med/women/52.jpg","thumbnail":"https://randomuser.me/api/portraits/thumb/women/52.jpg"},"nat":"AU"}],"info":{"seed":"d5c114e612fffbb5","results":1,"page":1,"version":"1.4"}} 
 </msg>
<msg time="2024-06-26T18:19:19.825261" level="INFO">/opt/hostedtoolcache/Python/3.12.4/x64/lib/python3.12/site-packages/urllib3/connectionpool.py:1099: InsecureRequestWarning: Unverified HTTPS request is being made to host 'randomuser.me'. Adding certificate verification is strongly advised. See: https://urllib3.readthedocs.io/en/latest/advanced-usage.html#tls-warnings
  warnings.warn(</msg>
<msg time="2024-06-26T18:19:19.825369" level="INFO">${response} = &lt;Response [200]&gt;</msg>
<var>${response}</var>
<arg>consultarAPI</arg>
<arg>/api</arg>
<doc>Sends a GET request on a previously created HTTP Session.</doc>
<status status="PASS" start="2024-06-26T18:19:19.733739" elapsed="0.091672"/>
</kw>
<kw name="Set Variable" owner="BuiltIn">
<msg time="2024-06-26T18:19:19.826508" level="INFO">${json_data} = {'results': [{'gender': 'female', 'name': {'title': 'Ms', 'first': 'Elizabeth', 'last': 'Watts'}, 'location': {'street': {'number': 9709, 'name': 'Sunset St'}, 'city': 'Dubbo', 'state': 'South Austral...</msg>
<var>${json_data}</var>
<arg>${response.json()}</arg>
<doc>Returns the given values which can then be assigned to a variables.</doc>
<status status="PASS" start="2024-06-26T18:19:19.825925" elapsed="0.000611"/>
</kw>
<kw name="Set Variable" owner="BuiltIn">
<msg time="2024-06-26T18:19:19.827213" level="INFO">${name_title} = Ms</msg>
<var>${name_title}</var>
<arg>${json_data["results"][0]["name"]["title"]}</arg>
<doc>Returns the given values which can then be assigned to a variables.</doc>
<status status="PASS" start="2024-06-26T18:19:19.826836" elapsed="0.000401"/>
</kw>
<kw name="Create List" owner="BuiltIn">
<msg time="2024-06-26T18:19:19.827676" level="INFO">${allowed_titles} = ['Mr', 'Ms', 'Miss', 'Mrs', 'Madame', 'Monsieur']</msg>
<var>${allowed_titles}</var>
<arg>Mr</arg>
<arg>Ms</arg>
<arg>Miss</arg>
<arg>Mrs</arg>
<arg>Madame</arg>
<arg>Monsieur</arg>
<doc>Returns a list containing given items.</doc>
<status status="PASS" start="2024-06-26T18:19:19.827526" elapsed="0.000175"/>
</kw>
<kw name="List Should Contain Value" owner="Collections">
<arg>${allowed_titles}</arg>
<arg>${name_title}</arg>
<doc>Fails if the ``value`` is not found from ``list``.</doc>
<status status="PASS" start="2024-06-26T18:19:19.827993" elapsed="0.000177"/>
</kw>
<kw name="Set Variable" owner="BuiltIn">
<msg time="2024-06-26T18:19:19.828706" level="INFO">${name_country} = AU</msg>
<var>${name_country}</var>
<arg>${json_data["results"][0]["nat"]}</arg>
<doc>Returns the given values which can then be assigned to a variables.</doc>
<status status="PASS" start="2024-06-26T18:19:19.828346" elapsed="0.000385"/>
</kw>
<kw name="Create List" owner="BuiltIn">
<msg time="2024-06-26T18:19:19.829645" level="INFO">${list_country} = ['AD', 'AE', 'AF', 'AG', 'AI', 'AL', 'AM', 'AO', 'AQ', 'AR', 'AS', 'AT', 'AU', 'AW', 'AX', 'AZ', 'BA', 'BB', 'BD', 'BE', 'BF', 'BG', 'BH', 'BI', 'BJ', 'BL', 'BM', 'BN', 'BO', 'BQ', 'BR', 'BS', 'BT', '...</msg>
<var>${list_country}</var>
<arg>AD</arg>
<arg>AE</arg>
<arg>AF</arg>
<arg>AG</arg>
<arg>AI</arg>
<arg>AL</arg>
<arg>AM</arg>
<arg>AO</arg>
<arg>AQ</arg>
<arg>AR</arg>
<arg>AS</arg>
<arg>AT</arg>
<arg>AU</arg>
<arg>AW</arg>
<arg>AX</arg>
<arg>AZ</arg>
<arg>BA</arg>
<arg>BB</arg>
<arg>BD</arg>
<arg>BE</arg>
<arg>BF</arg>
<arg>BG</arg>
<arg>BH</arg>
<arg>BI</arg>
<arg>BJ</arg>
<arg>BL</arg>
<arg>BM</arg>
<arg>BN</arg>
<arg>BO</arg>
<arg>BQ</arg>
<arg>BR</arg>
<arg>BS</arg>
<arg>BT</arg>
<arg>BV</arg>
<arg>BW</arg>
<arg>BY</arg>
<arg>BZ</arg>
<arg>CA</arg>
<arg>CC</arg>
<arg>CD</arg>
<arg>CF</arg>
<arg>CG</arg>
<arg>CH</arg>
<arg>CI</arg>
<arg>CK</arg>
<arg>CL</arg>
<arg>CM</arg>
<arg>CN</arg>
<arg>CO</arg>
<arg>CR</arg>
<arg>CU</arg>
<arg>CV</arg>
<arg>CW</arg>
<arg>CX</arg>
<arg>CY</arg>
<arg>CZ</arg>
<arg>DE</arg>
<arg>DJ</arg>
<arg>DK</arg>
<arg>DM</arg>
<arg>DO</arg>
<arg>DZ</arg>
<arg>EC</arg>
<arg>EE</arg>
<arg>EG</arg>
<arg>EH</arg>
<arg>ER</arg>
<arg>ES</arg>
<arg>ET</arg>
<arg>FI</arg>
<arg>FJ</arg>
<arg>FK</arg>
<arg>FM</arg>
<arg>FO</arg>
<arg>FR</arg>
<arg>GA</arg>
<arg>GB</arg>
<arg>GD</arg>
<arg>GE</arg>
<arg>GF</arg>
<arg>GG</arg>
<arg>GH</arg>
<arg>GI</arg>
<arg>GL</arg>
<arg>GM</arg>
<arg>GN</arg>
<arg>GP</arg>
<arg>GQ</arg>
<arg>GR</arg>
<arg>GS</arg>
<arg>GT</arg>
<arg>GU</arg>
<arg>GW</arg>
<arg>GY</arg>
<arg>HK</arg>
<arg>HM</arg>
<arg>HN</arg>
<arg>HR</arg>
<arg>HT</arg>
<arg>HU</arg>
<arg>ID</arg>
<arg>IE</arg>
<arg>IL</arg>
<arg>IM</arg>
<arg>IN</arg>
<arg>IO</arg>
<arg>IQ</arg>
<arg>IR</arg>
<arg>IS</arg>
<arg>IT</arg>
<arg>JE</arg>
<arg>JM</arg>
<arg>JO</arg>
<arg>JP</arg>
<arg>KE</arg>
<arg>KG</arg>
<arg>KH</arg>
<arg>KI</arg>
<arg>KM</arg>
<arg>KN</arg>
<arg>KP</arg>
<arg>KR</arg>
<arg>KW</arg>
<arg>KY</arg>
<arg>KZ</arg>
<arg>LA</arg>
<arg>LB</arg>
<arg>LC</arg>
<arg>LI</arg>
<arg>LK</arg>
<arg>LR</arg>
<arg>LS</arg>
<arg>LT</arg>
<arg>LU</arg>
<arg>LV</arg>
<arg>LY</arg>
<arg>MA</arg>
<arg>MC</arg>
<arg>MD</arg>
<arg>ME</arg>
<arg>MF</arg>
<arg>MG</arg>
<arg>MH</arg>
<arg>MK</arg>
<arg>ML</arg>
<arg>MM</arg>
<arg>MN</arg>
<arg>MO</arg>
<arg>MP</arg>
<arg>MQ</arg>
<arg>MR</arg>
<arg>MS</arg>
<arg>MT</arg>
<arg>MU</arg>
<arg>MV</arg>
<arg>MW</arg>
<arg>MX</arg>
<arg>MY</arg>
<arg>MZ</arg>
<arg>NA</arg>
<arg>NC</arg>
<arg>NE</arg>
<arg>NF</arg>
<arg>NG</arg>
<arg>NI</arg>
<arg>NL</arg>
<arg>NO</arg>
<arg>NP</arg>
<arg>NR</arg>
<arg>NU</arg>
<arg>NZ</arg>
<arg>OM</arg>
<arg>PA</arg>
<arg>PE</arg>
<arg>PF</arg>
<arg>PG</arg>
<arg>PH</arg>
<arg>PK</arg>
<arg>PL</arg>
<arg>PM</arg>
<arg>PN</arg>
<arg>PR</arg>
<arg>PS</arg>
<arg>PT</arg>
<arg>PW</arg>
<arg>PY</arg>
<arg>QA</arg>
<arg>RE</arg>
<arg>RO</arg>
<arg>RS</arg>
<arg>RU</arg>
<arg>RW</arg>
<arg>SA</arg>
<arg>SB</arg>
<arg>SC</arg>
<arg>SD</arg>
<arg>SE</arg>
<arg>SG</arg>
<arg>SH</arg>
<arg>SI</arg>
<arg>SJ</arg>
<arg>SK</arg>
<arg>SL</arg>
<arg>SM</arg>
<arg>SN</arg>
<arg>SO</arg>
<arg>SR</arg>
<arg>SS</arg>
<arg>ST</arg>
<arg>SV</arg>
<arg>SX</arg>
<arg>SY</arg>
<arg>SZ</arg>
<arg>TC</arg>
<arg>TD</arg>
<arg>TF</arg>
<arg>TG</arg>
<arg>TH</arg>
<arg>TJ</arg>
<arg>TK</arg>
<arg>TL</arg>
<arg>TM</arg>
<arg>TN</arg>
<arg>TO</arg>
<arg>TR</arg>
<arg>TT</arg>
<arg>TV</arg>
<arg>TW</arg>
<arg>TZ</arg>
<arg>UA</arg>
<arg>UG</arg>
<arg>UM</arg>
<arg>US</arg>
<arg>UY</arg>
<arg>UZ</arg>
<arg>VA</arg>
<arg>VC</arg>
<arg>VE</arg>
<arg>VG</arg>
<arg>VI</arg>
<arg>VN</arg>
<arg>VU</arg>
<arg>WF</arg>
<arg>WS</arg>
<arg>XK</arg>
<arg>YE</arg>
<arg>YT</arg>
<arg>ZA</arg>
<arg>ZM</arg>
<arg>ZW</arg>
<doc>Returns a list containing given items.</doc>
<status status="PASS" start="2024-06-26T18:19:19.829017" elapsed="0.000653"/>
</kw>
<kw name="List Should Contain Value" owner="Collections">
<arg>${list_country}</arg>
<arg>${name_country}</arg>
<doc>Fails if the ``value`` is not found from ``list``.</doc>
<status status="PASS" start="2024-06-26T18:19:19.830485" elapsed="0.000204"/>
</kw>
<kw name="Run Keyword If" owner="BuiltIn">
<kw name="Should Be True" owner="BuiltIn">
<arg>${True}</arg>
<doc>Fails if the given condition is not true.</doc>
<status status="PASS" start="2024-06-26T18:19:19.831620" elapsed="0.000140"/>
</kw>
<arg>${json_data["results"][0]["location"]["coordinates"]["latitude"]} &gt;= -90 and ${json_data["results"][0]["location"]["coordinates"]["latitude"]} &lt;= 90</arg>
<arg>Should Be True</arg>
<arg>${True}</arg>
<doc>Runs the given keyword with the given arguments, if ``condition`` is true.</doc>
<status status="PASS" start="2024-06-26T18:19:19.830881" elapsed="0.001002"/>
</kw>
<kw name="Run Keyword If" owner="BuiltIn">
<kw name="Should Be True" owner="BuiltIn">
<arg>${True}</arg>
<doc>Fails if the given condition is not true.</doc>
<status status="PASS" start="2024-06-26T18:19:19.832756" elapsed="0.000136"/>
</kw>
<arg>${json_data["results"][0]["location"]["coordinates"]["longitude"]} &gt;= -180 and ${json_data["results"][0]["location"]["coordinates"]["longitude"]} &lt;= 180</arg>
<arg>Should Be True</arg>
<arg>${True}</arg>
<doc>Runs the given keyword with the given arguments, if ``condition`` is true.</doc>
<status status="PASS" start="2024-06-26T18:19:19.832060" elapsed="0.000953"/>
</kw>
<status status="PASS" start="2024-06-26T18:19:19.733396" elapsed="0.099745"/>
</kw>
<doc>Testa o conteúdo específico dos campos retornados pela API.</doc>
<tag>testeConteudo</tag>
<status status="PASS" start="2024-06-26T18:19:19.732873" elapsed="0.100415"/>
</test>
<status status="PASS" start="2024-06-26T18:19:18.815770" elapsed="1.019523"/>
</suite>
<status status="PASS" start="2024-06-26T18:19:18.801152" elapsed="1.039304"/>
</suite>
<statistics>
<total>
<stat pass="5" fail="0" skip="0">All Tests</stat>
</total>
<tag>
<stat pass="1" fail="0" skip="0">testeConteudo</stat>
<stat pass="1" fail="0" skip="0">testeEstruturaResposta</stat>
<stat pass="1" fail="0" skip="0">testeRequisicaoBasica</stat>
<stat pass="1" fail="0" skip="0">testeTiposDados</stat>
</tag>
<suite>
<stat pass="5" fail="0" skip="0" id="s1" name="Tests">Tests</stat>
<stat pass="5" fail="0" skip="0" id="s1-s1" name="Random-User-Test">Tests.Random-User-Test</stat>
</suite>
</statistics>
<errors>
</errors>
</robot>
