<?xml version="1.0" encoding="UTF-8"?>
<robot generator="Robot 7.0 (Python 3.12.2 on linux)" generated="2024-04-10T19:12:27.599383" rpa="false" schemaversion="5">
<suite id="s1" name="Tests" source="/home/runner/work/DesafioQAItauRogerioJordao/DesafioQAItauRogerioJordao/RamdonUser/tests">
<suite id="s1-s1" name="Random-User-Test" source="/home/runner/work/DesafioQAItauRogerioJordao/DesafioQAItauRogerioJordao/RamdonUser/tests/random-user-test.robot">
<test id="s1-s1-t1" name="Conectar" line="13">
<kw name="Conectar API" owner="random-user-service">
<kw name="Create Session" owner="RequestsLibrary">
<msg time="2024-04-10T19:12:27.950146" level="INFO">Creating Session using : alias=consultarAPI, url=https://randomuser.me/, headers={},                     cookies={}, auth=None, timeout=None, proxies=None, verify=False,                     debug=0 </msg>
<arg>consultarAPI</arg>
<arg>${URL}</arg>
<doc>Create Session: create a HTTP session to a server</doc>
<status status="PASS" start="2024-04-10T19:12:27.949946" elapsed="0.000393"/>
</kw>
<status status="PASS" start="2024-04-10T19:12:27.948956" elapsed="0.001748"/>
</kw>
<status status="PASS" start="2024-04-10T19:12:27.948440" elapsed="0.002468"/>
</test>
<test id="s1-s1-t2" name="Validar retorno 200 e JSON Válido" line="16">
<kw name="Teste de Requisicao Basica" owner="random-user-service">
<kw name="GET On Session" owner="RequestsLibrary">
<msg time="2024-04-10T19:12:28.244895" level="INFO">GET Request : url=https://randomuser.me/api 
 path_url=/api 
 headers={'User-Agent': 'python-requests/2.31.0', 'Accept-Encoding': 'gzip, deflate', 'Accept': '*/*', 'Connection': 'keep-alive'} 
 body=None 
 </msg>
<msg time="2024-04-10T19:12:28.245046" level="INFO">GET Response : url=https://randomuser.me/api 
 status=200, reason=OK 
 headers={'Date': 'Wed, 10 Apr 2024 19:12:28 GMT', 'Content-Type': 'application/json; charset=utf-8', 'Transfer-Encoding': 'chunked', 'Connection': 'keep-alive', 'X-Powered-By': 'Express', 'Access-Control-Allow-Origin': '*', 'Cache-Control': 'no-cache', 'ETag': 'W/"4b1-hYimWEeDBpMufza+mD9L02WRpKg"', 'Vary': 'Accept-Encoding', 'Content-Encoding': 'gzip', 'CF-Cache-Status': 'DYNAMIC', 'Report-To': '{"endpoints":[{"url":"https:\\/\\/a.nel.cloudflare.com\\/report\\/v4?s=yIn4dXAW9Bg9NHzJFi%2FHYMRMiMPfLvMEhiF8qiRLOCUqF%2B4RVBAOBwonp02AQgC8VeOrYRqY1jAEulLnGvzATb5xV5CWEnO%2BFwlOps0T1Qv6P1QJbC2Ymc6dAwrkgHUh"}],"group":"cf-nel","max_age":604800}', 'NEL': '{"success_fraction":0,"report_to":"cf-nel","max_age":604800}', 'Server': 'cloudflare', 'CF-RAY': '87250c6fc9b92a88-LAX', 'alt-svc': 'h3=":443"; ma=86400'} 
 body={"results":[{"gender":"male","name":{"title":"Mr","first":"علی","last":"علیزاده"},"location":{"street":{"number":5433,"name":"شهید علی باستانی"},"city":"قم","state":"خراسان جنوبی","country":"Iran","postcode":69835,"coordinates":{"latitude":"14.2168","longitude":"-145.2572"},"timezone":{"offset":"0:00","description":"Western Europe Time, London, Lisbon, Casablanca"}},"email":"aaly.aalyzdh@example.com","login":{"uuid":"97787b4a-03f6-4450-939a-fb37abff73e2","username":"organicostrich951","password":"cactus","salt":"cm0zqwcf","md5":"1c093ba073b094378011b82022ae856d","sha1":"37d8beeb376221be24ce4208b2413c17151b8c2e","sha256":"d19ea89feac376f58977e079f8652a631a25b3aac9b0c09897f3f710433e953a"},"dob":{"date":"1984-07-31T07:10:09.468Z","age":39},"registered":{"date":"2006-04-10T00:00:07.111Z","age":18},"phone":"067-99429130","cell":"0958-348-8686","id":{"name":"","value":null},"picture":{"large":"https://randomuser.me/api/portraits/men/45.jpg","medium":"https://randomuser.me/api/portraits/med/men/45.jpg","thumbnail":"https://randomuser.me/api/portraits/thumb/men/45.jpg"},"nat":"IR"}],"info":{"seed":"e5193c8ac272167e","results":1,"page":1,"version":"1.4"}} 
 </msg>
<msg time="2024-04-10T19:12:28.245133" level="INFO">/opt/hostedtoolcache/Python/3.12.2/x64/lib/python3.12/site-packages/urllib3/connectionpool.py:1103: InsecureRequestWarning: Unverified HTTPS request is being made to host 'randomuser.me'. Adding certificate verification is strongly advised. See: https://urllib3.readthedocs.io/en/latest/advanced-usage.html#tls-warnings
  warnings.warn(</msg>
<msg time="2024-04-10T19:12:28.245297" level="INFO">${response} = &lt;Response [200]&gt;</msg>
<var>${response}</var>
<arg>consultarAPI</arg>
<arg>/api</arg>
<doc>Sends a GET request on a previously created HTTP Session.</doc>
<status status="PASS" start="2024-04-10T19:12:27.953438" elapsed="0.291901"/>
</kw>
<kw name="Should Be Equal As Numbers" owner="BuiltIn">
<msg time="2024-04-10T19:12:28.246370" level="INFO">Argument types are:
&lt;class 'int'&gt;
&lt;class 'str'&gt;</msg>
<arg>${response.status_code}</arg>
<arg>200</arg>
<doc>Fails if objects are unequal after converting them to real numbers.</doc>
<status status="PASS" start="2024-04-10T19:12:28.245879" elapsed="0.000557"/>
</kw>
<kw name="Log" owner="BuiltIn">
<msg time="2024-04-10T19:12:28.247121" level="INFO">200</msg>
<arg>${response.status_code}</arg>
<doc>Logs the given message with the given level.</doc>
<status status="PASS" start="2024-04-10T19:12:28.246768" elapsed="0.000395"/>
</kw>
<kw name="Set Variable" owner="BuiltIn">
<msg time="2024-04-10T19:12:28.247935" level="INFO">${json_data} = {'results': [{'gender': 'male', 'name': {'title': 'Mr', 'first': 'علی', 'last': 'علیزاده'}, 'location': {'street': {'number': 5433, 'name': 'شهید علی باستانی'}, 'city': 'قم', 'state': 'خراسان جنوبی', ...</msg>
<var>${json_data}</var>
<arg>${response.json()}</arg>
<doc>Returns the given values which can then be assigned to a variables.</doc>
<status status="PASS" start="2024-04-10T19:12:28.247485" elapsed="0.000480"/>
</kw>
<kw name="Dictionary Should Contain Key" owner="Collections">
<msg time="2024-04-10T19:12:28.248435" level="INFO">False</msg>
<arg>${json_data}</arg>
<arg>results</arg>
<doc>Fails if ``key`` is not found from ``dictionary``.</doc>
<status status="PASS" start="2024-04-10T19:12:28.248268" elapsed="0.000205"/>
</kw>
<status status="PASS" start="2024-04-10T19:12:27.953188" elapsed="0.295541"/>
</kw>
<doc>Testa se a API responde corretamente e retorna um objeto JSON válido.</doc>
<tag>testeRequisicaoBasica</tag>
<status status="PASS" start="2024-04-10T19:12:27.952731" elapsed="0.296183"/>
</test>
<test id="s1-s1-t3" name="Validar estrutura de resposta" line="22">
<kw name="Teste de Estrutura de Resposta" owner="random-user-service">
<kw name="GET On Session" owner="RequestsLibrary">
<msg time="2024-04-10T19:12:28.346815" level="INFO">GET Request : url=https://randomuser.me/api 
 path_url=/api 
 headers={'User-Agent': 'python-requests/2.31.0', 'Accept-Encoding': 'gzip, deflate', 'Accept': '*/*', 'Connection': 'keep-alive'} 
 body=None 
 </msg>
<msg time="2024-04-10T19:12:28.346894" level="INFO">GET Response : url=https://randomuser.me/api 
 status=200, reason=OK 
 headers={'Date': 'Wed, 10 Apr 2024 19:12:28 GMT', 'Content-Type': 'application/json; charset=utf-8', 'Transfer-Encoding': 'chunked', 'Connection': 'keep-alive', 'X-Powered-By': 'Express', 'Access-Control-Allow-Origin': '*', 'Cache-Control': 'no-cache', 'ETag': 'W/"46d-EuQRzPU/Vf+tidRK3hugFxC7uFc"', 'Vary': 'Accept-Encoding', 'Content-Encoding': 'gzip', 'CF-Cache-Status': 'DYNAMIC', 'Report-To': '{"endpoints":[{"url":"https:\\/\\/a.nel.cloudflare.com\\/report\\/v4?s=cw64Y6a5VoF%2FrfvV9Ddv5IcpFBDGhZDL8MdYT%2FVEixvM3ZOpH4DzKBQXUXIIpPjry63KTBIMSh%2BVLUexOc3q8DKZu%2F%2F80PzEGqIns2Q%2Ff0ByaeBZk3EHqcijkWkUjbqP"}],"group":"cf-nel","max_age":604800}', 'NEL': '{"success_fraction":0,"report_to":"cf-nel","max_age":604800}', 'Server': 'cloudflare', 'CF-RAY': '87250c709ac02a88-LAX', 'alt-svc': 'h3=":443"; ma=86400'} 
 body={"results":[{"gender":"male","name":{"title":"Mr","first":"Joshua","last":"Zhang"},"location":{"street":{"number":8254,"name":"Armagh Street"},"city":"Invercargill","state":"Marlborough","country":"New Zealand","postcode":74984,"coordinates":{"latitude":"54.6654","longitude":"-173.5881"},"timezone":{"offset":"+4:30","description":"Kabul"}},"email":"joshua.zhang@example.com","login":{"uuid":"9fad056b-e3b2-4491-bb18-d27ed3e2556b","username":"biglion835","password":"pookie","salt":"3pRhrMgT","md5":"4df51336a648e238b17c58790ca124c4","sha1":"9c253ab230efa2683d578984f4167b4e50acd7fc","sha256":"42e0d8101e6afbe3b9b4eacbfb2b96bdf2fbeaee590d030893bded867c3c1986"},"dob":{"date":"1952-09-17T17:04:53.989Z","age":71},"registered":{"date":"2011-10-24T12:51:11.301Z","age":12},"phone":"(828)-133-4758","cell":"(024)-908-3580","id":{"name":"","value":null},"picture":{"large":"https://randomuser.me/api/portraits/men/90.jpg","medium":"https://randomuser.me/api/portraits/med/men/90.jpg","thumbnail":"https://randomuser.me/api/portraits/thumb/men/90.jpg"},"nat":"NZ"}],"info":{"seed":"fd9a62db2db18b52","results":1,"page":1,"version":"1.4"}} 
 </msg>
<msg time="2024-04-10T19:12:28.347024" level="INFO">/opt/hostedtoolcache/Python/3.12.2/x64/lib/python3.12/site-packages/urllib3/connectionpool.py:1103: InsecureRequestWarning: Unverified HTTPS request is being made to host 'randomuser.me'. Adding certificate verification is strongly advised. See: https://urllib3.readthedocs.io/en/latest/advanced-usage.html#tls-warnings
  warnings.warn(</msg>
<msg time="2024-04-10T19:12:28.347152" level="INFO">${response} = &lt;Response [200]&gt;</msg>
<var>${response}</var>
<arg>consultarAPI</arg>
<arg>/api</arg>
<doc>Sends a GET request on a previously created HTTP Session.</doc>
<status status="PASS" start="2024-04-10T19:12:28.251758" elapsed="0.095456"/>
</kw>
<kw name="Set Variable" owner="BuiltIn">
<msg time="2024-04-10T19:12:28.348002" level="INFO">${json_data} = {'results': [{'gender': 'male', 'name': {'title': 'Mr', 'first': 'Joshua', 'last': 'Zhang'}, 'location': {'street': {'number': 8254, 'name': 'Armagh Street'}, 'city': 'Invercargill', 'state': 'Marlbor...</msg>
<var>${json_data}</var>
<arg>${response.json()}</arg>
<doc>Returns the given values which can then be assigned to a variables.</doc>
<status status="PASS" start="2024-04-10T19:12:28.347560" elapsed="0.000471"/>
</kw>
<kw name="Log" owner="BuiltIn">
<msg time="2024-04-10T19:12:28.348492" level="INFO">{'results': [{'gender': 'male', 'name': {'title': 'Mr', 'first': 'Joshua', 'last': 'Zhang'}, 'location': {'street': {'number': 8254, 'name': 'Armagh Street'}, 'city': 'Invercargill', 'state': 'Marlborough', 'country': 'New Zealand', 'postcode': 74984, 'coordinates': {'latitude': '54.6654', 'longitude': '-173.5881'}, 'timezone': {'offset': '+4:30', 'description': 'Kabul'}}, 'email': 'joshua.zhang@example.com', 'login': {'uuid': '9fad056b-e3b2-4491-bb18-d27ed3e2556b', 'username': 'biglion835', 'password': 'pookie', 'salt': '3pRhrMgT', 'md5': '4df51336a648e238b17c58790ca124c4', 'sha1': '9c253ab230efa2683d578984f4167b4e50acd7fc', 'sha256': '42e0d8101e6afbe3b9b4eacbfb2b96bdf2fbeaee590d030893bded867c3c1986'}, 'dob': {'date': '1952-09-17T17:04:53.989Z', 'age': 71}, 'registered': {'date': '2011-10-24T12:51:11.301Z', 'age': 12}, 'phone': '(828)-133-4758', 'cell': '(024)-908-3580', 'id': {'name': '', 'value': None}, 'picture': {'large': 'https://randomuser.me/api/portraits/men/90.jpg', 'medium': 'https://randomuser.me/api/portraits/med/men/90.jpg', 'thumbnail': 'https://randomuser.me/api/portraits/thumb/men/90.jpg'}, 'nat': 'NZ'}], 'info': {'seed': 'fd9a62db2db18b52', 'results': 1, 'page': 1, 'version': '1.4'}}</msg>
<arg>${json_data}</arg>
<doc>Logs the given message with the given level.</doc>
<status status="PASS" start="2024-04-10T19:12:28.348337" elapsed="0.000201"/>
</kw>
<kw name="Dictionary Should Contain Key" owner="Collections">
<msg time="2024-04-10T19:12:28.348983" level="INFO">False</msg>
<arg>${json_data}</arg>
<arg>results</arg>
<doc>Fails if ``key`` is not found from ``dictionary``.</doc>
<status status="PASS" start="2024-04-10T19:12:28.348832" elapsed="0.000187"/>
</kw>
<kw name="Should Not Be Empty" owner="BuiltIn">
<msg time="2024-04-10T19:12:28.349445" level="INFO">Length is 2.</msg>
<arg>${json_data}</arg>
<doc>Verifies that the given item is not empty.</doc>
<status status="PASS" start="2024-04-10T19:12:28.349312" elapsed="0.000170"/>
</kw>
<kw name="Create List" owner="BuiltIn">
<msg time="2024-04-10T19:12:28.349913" level="INFO">${expected_keys} = ['gender', 'name', 'location', 'email', 'login']</msg>
<var>${expected_keys}</var>
<arg>gender</arg>
<arg>name</arg>
<arg>location</arg>
<arg>email</arg>
<arg>login</arg>
<doc>Returns a list containing given items.</doc>
<status status="PASS" start="2024-04-10T19:12:28.349769" elapsed="0.000168"/>
</kw>
<for flavor="IN">
<iter>
<kw name="Dictionary Should Contain Key" owner="Collections">
<msg time="2024-04-10T19:12:28.350968" level="INFO">False</msg>
<arg>${json_data['results'][0]}</arg>
<arg>${key}</arg>
<doc>Fails if ``key`` is not found from ``dictionary``.</doc>
<status status="PASS" start="2024-04-10T19:12:28.350553" elapsed="0.000454"/>
</kw>
<kw name="Log" owner="BuiltIn">
<msg time="2024-04-10T19:12:28.351675" level="INFO">{'gender': 'male', 'name': {'title': 'Mr', 'first': 'Joshua', 'last': 'Zhang'}, 'location': {'street': {'number': 8254, 'name': 'Armagh Street'}, 'city': 'Invercargill', 'state': 'Marlborough', 'country': 'New Zealand', 'postcode': 74984, 'coordinates': {'latitude': '54.6654', 'longitude': '-173.5881'}, 'timezone': {'offset': '+4:30', 'description': 'Kabul'}}, 'email': 'joshua.zhang@example.com', 'login': {'uuid': '9fad056b-e3b2-4491-bb18-d27ed3e2556b', 'username': 'biglion835', 'password': 'pookie', 'salt': '3pRhrMgT', 'md5': '4df51336a648e238b17c58790ca124c4', 'sha1': '9c253ab230efa2683d578984f4167b4e50acd7fc', 'sha256': '42e0d8101e6afbe3b9b4eacbfb2b96bdf2fbeaee590d030893bded867c3c1986'}, 'dob': {'date': '1952-09-17T17:04:53.989Z', 'age': 71}, 'registered': {'date': '2011-10-24T12:51:11.301Z', 'age': 12}, 'phone': '(828)-133-4758', 'cell': '(024)-908-3580', 'id': {'name': '', 'value': None}, 'picture': {'large': 'https://randomuser.me/api/portraits/men/90.jpg', 'medium': 'https://randomuser.me/api/portraits/med/men/90.jpg', 'thumbnail': 'https://randomuser.me/api/portraits/thumb/men/90.jpg'}, 'nat': 'NZ'}</msg>
<arg>${json_data['results'][0]}</arg>
<doc>Logs the given message with the given level.</doc>
<status status="PASS" start="2024-04-10T19:12:28.351315" elapsed="0.000413"/>
</kw>
<kw name="Log" owner="BuiltIn">
<msg time="2024-04-10T19:12:28.352161" level="INFO">gender</msg>
<arg>${key}</arg>
<doc>Logs the given message with the given level.</doc>
<status status="PASS" start="2024-04-10T19:12:28.352031" elapsed="0.000168"/>
</kw>
<var name="${key}">gender</var>
<status status="PASS" start="2024-04-10T19:12:28.350419" elapsed="0.001999"/>
</iter>
<iter>
<kw name="Dictionary Should Contain Key" owner="Collections">
<msg time="2024-04-10T19:12:28.353101" level="INFO">False</msg>
<arg>${json_data['results'][0]}</arg>
<arg>${key}</arg>
<doc>Fails if ``key`` is not found from ``dictionary``.</doc>
<status status="PASS" start="2024-04-10T19:12:28.352719" elapsed="0.000419"/>
</kw>
<kw name="Log" owner="BuiltIn">
<msg time="2024-04-10T19:12:28.353820" level="INFO">{'gender': 'male', 'name': {'title': 'Mr', 'first': 'Joshua', 'last': 'Zhang'}, 'location': {'street': {'number': 8254, 'name': 'Armagh Street'}, 'city': 'Invercargill', 'state': 'Marlborough', 'country': 'New Zealand', 'postcode': 74984, 'coordinates': {'latitude': '54.6654', 'longitude': '-173.5881'}, 'timezone': {'offset': '+4:30', 'description': 'Kabul'}}, 'email': 'joshua.zhang@example.com', 'login': {'uuid': '9fad056b-e3b2-4491-bb18-d27ed3e2556b', 'username': 'biglion835', 'password': 'pookie', 'salt': '3pRhrMgT', 'md5': '4df51336a648e238b17c58790ca124c4', 'sha1': '9c253ab230efa2683d578984f4167b4e50acd7fc', 'sha256': '42e0d8101e6afbe3b9b4eacbfb2b96bdf2fbeaee590d030893bded867c3c1986'}, 'dob': {'date': '1952-09-17T17:04:53.989Z', 'age': 71}, 'registered': {'date': '2011-10-24T12:51:11.301Z', 'age': 12}, 'phone': '(828)-133-4758', 'cell': '(024)-908-3580', 'id': {'name': '', 'value': None}, 'picture': {'large': 'https://randomuser.me/api/portraits/men/90.jpg', 'medium': 'https://randomuser.me/api/portraits/med/men/90.jpg', 'thumbnail': 'https://randomuser.me/api/portraits/thumb/men/90.jpg'}, 'nat': 'NZ'}</msg>
<arg>${json_data['results'][0]}</arg>
<doc>Logs the given message with the given level.</doc>
<status status="PASS" start="2024-04-10T19:12:28.353462" elapsed="0.000405"/>
</kw>
<kw name="Log" owner="BuiltIn">
<msg time="2024-04-10T19:12:28.354310" level="INFO">name</msg>
<arg>${key}</arg>
<doc>Logs the given message with the given level.</doc>
<status status="PASS" start="2024-04-10T19:12:28.354164" elapsed="0.000187"/>
</kw>
<var name="${key}">name</var>
<status status="PASS" start="2024-04-10T19:12:28.352605" elapsed="0.001965"/>
</iter>
<iter>
<kw name="Dictionary Should Contain Key" owner="Collections">
<msg time="2024-04-10T19:12:28.355229" level="INFO">False</msg>
<arg>${json_data['results'][0]}</arg>
<arg>${key}</arg>
<doc>Fails if ``key`` is not found from ``dictionary``.</doc>
<status status="PASS" start="2024-04-10T19:12:28.354860" elapsed="0.000406"/>
</kw>
<kw name="Log" owner="BuiltIn">
<msg time="2024-04-10T19:12:28.355921" level="INFO">{'gender': 'male', 'name': {'title': 'Mr', 'first': 'Joshua', 'last': 'Zhang'}, 'location': {'street': {'number': 8254, 'name': 'Armagh Street'}, 'city': 'Invercargill', 'state': 'Marlborough', 'country': 'New Zealand', 'postcode': 74984, 'coordinates': {'latitude': '54.6654', 'longitude': '-173.5881'}, 'timezone': {'offset': '+4:30', 'description': 'Kabul'}}, 'email': 'joshua.zhang@example.com', 'login': {'uuid': '9fad056b-e3b2-4491-bb18-d27ed3e2556b', 'username': 'biglion835', 'password': 'pookie', 'salt': '3pRhrMgT', 'md5': '4df51336a648e238b17c58790ca124c4', 'sha1': '9c253ab230efa2683d578984f4167b4e50acd7fc', 'sha256': '42e0d8101e6afbe3b9b4eacbfb2b96bdf2fbeaee590d030893bded867c3c1986'}, 'dob': {'date': '1952-09-17T17:04:53.989Z', 'age': 71}, 'registered': {'date': '2011-10-24T12:51:11.301Z', 'age': 12}, 'phone': '(828)-133-4758', 'cell': '(024)-908-3580', 'id': {'name': '', 'value': None}, 'picture': {'large': 'https://randomuser.me/api/portraits/men/90.jpg', 'medium': 'https://randomuser.me/api/portraits/med/men/90.jpg', 'thumbnail': 'https://randomuser.me/api/portraits/thumb/men/90.jpg'}, 'nat': 'NZ'}</msg>
<arg>${json_data['results'][0]}</arg>
<doc>Logs the given message with the given level.</doc>
<status status="PASS" start="2024-04-10T19:12:28.355564" elapsed="0.000408"/>
</kw>
<kw name="Log" owner="BuiltIn">
<msg time="2024-04-10T19:12:28.356389" level="INFO">location</msg>
<arg>${key}</arg>
<doc>Logs the given message with the given level.</doc>
<status status="PASS" start="2024-04-10T19:12:28.356264" elapsed="0.000163"/>
</kw>
<var name="${key}">location</var>
<status status="PASS" start="2024-04-10T19:12:28.354750" elapsed="0.001892"/>
</iter>
<iter>
<kw name="Dictionary Should Contain Key" owner="Collections">
<msg time="2024-04-10T19:12:28.357294" level="INFO">False</msg>
<arg>${json_data['results'][0]}</arg>
<arg>${key}</arg>
<doc>Fails if ``key`` is not found from ``dictionary``.</doc>
<status status="PASS" start="2024-04-10T19:12:28.356924" elapsed="0.000406"/>
</kw>
<kw name="Log" owner="BuiltIn">
<msg time="2024-04-10T19:12:28.357978" level="INFO">{'gender': 'male', 'name': {'title': 'Mr', 'first': 'Joshua', 'last': 'Zhang'}, 'location': {'street': {'number': 8254, 'name': 'Armagh Street'}, 'city': 'Invercargill', 'state': 'Marlborough', 'country': 'New Zealand', 'postcode': 74984, 'coordinates': {'latitude': '54.6654', 'longitude': '-173.5881'}, 'timezone': {'offset': '+4:30', 'description': 'Kabul'}}, 'email': 'joshua.zhang@example.com', 'login': {'uuid': '9fad056b-e3b2-4491-bb18-d27ed3e2556b', 'username': 'biglion835', 'password': 'pookie', 'salt': '3pRhrMgT', 'md5': '4df51336a648e238b17c58790ca124c4', 'sha1': '9c253ab230efa2683d578984f4167b4e50acd7fc', 'sha256': '42e0d8101e6afbe3b9b4eacbfb2b96bdf2fbeaee590d030893bded867c3c1986'}, 'dob': {'date': '1952-09-17T17:04:53.989Z', 'age': 71}, 'registered': {'date': '2011-10-24T12:51:11.301Z', 'age': 12}, 'phone': '(828)-133-4758', 'cell': '(024)-908-3580', 'id': {'name': '', 'value': None}, 'picture': {'large': 'https://randomuser.me/api/portraits/men/90.jpg', 'medium': 'https://randomuser.me/api/portraits/med/men/90.jpg', 'thumbnail': 'https://randomuser.me/api/portraits/thumb/men/90.jpg'}, 'nat': 'NZ'}</msg>
<arg>${json_data['results'][0]}</arg>
<doc>Logs the given message with the given level.</doc>
<status status="PASS" start="2024-04-10T19:12:28.357624" elapsed="0.000399"/>
</kw>
<kw name="Log" owner="BuiltIn">
<msg time="2024-04-10T19:12:28.358490" level="INFO">email</msg>
<arg>${key}</arg>
<doc>Logs the given message with the given level.</doc>
<status status="PASS" start="2024-04-10T19:12:28.358356" elapsed="0.000171"/>
</kw>
<var name="${key}">email</var>
<status status="PASS" start="2024-04-10T19:12:28.356815" elapsed="0.001928"/>
</iter>
<iter>
<kw name="Dictionary Should Contain Key" owner="Collections">
<msg time="2024-04-10T19:12:28.359404" level="INFO">False</msg>
<arg>${json_data['results'][0]}</arg>
<arg>${key}</arg>
<doc>Fails if ``key`` is not found from ``dictionary``.</doc>
<status status="PASS" start="2024-04-10T19:12:28.359027" elapsed="0.000414"/>
</kw>
<kw name="Log" owner="BuiltIn">
<msg time="2024-04-10T19:12:28.360082" level="INFO">{'gender': 'male', 'name': {'title': 'Mr', 'first': 'Joshua', 'last': 'Zhang'}, 'location': {'street': {'number': 8254, 'name': 'Armagh Street'}, 'city': 'Invercargill', 'state': 'Marlborough', 'country': 'New Zealand', 'postcode': 74984, 'coordinates': {'latitude': '54.6654', 'longitude': '-173.5881'}, 'timezone': {'offset': '+4:30', 'description': 'Kabul'}}, 'email': 'joshua.zhang@example.com', 'login': {'uuid': '9fad056b-e3b2-4491-bb18-d27ed3e2556b', 'username': 'biglion835', 'password': 'pookie', 'salt': '3pRhrMgT', 'md5': '4df51336a648e238b17c58790ca124c4', 'sha1': '9c253ab230efa2683d578984f4167b4e50acd7fc', 'sha256': '42e0d8101e6afbe3b9b4eacbfb2b96bdf2fbeaee590d030893bded867c3c1986'}, 'dob': {'date': '1952-09-17T17:04:53.989Z', 'age': 71}, 'registered': {'date': '2011-10-24T12:51:11.301Z', 'age': 12}, 'phone': '(828)-133-4758', 'cell': '(024)-908-3580', 'id': {'name': '', 'value': None}, 'picture': {'large': 'https://randomuser.me/api/portraits/men/90.jpg', 'medium': 'https://randomuser.me/api/portraits/med/men/90.jpg', 'thumbnail': 'https://randomuser.me/api/portraits/thumb/men/90.jpg'}, 'nat': 'NZ'}</msg>
<arg>${json_data['results'][0]}</arg>
<doc>Logs the given message with the given level.</doc>
<status status="PASS" start="2024-04-10T19:12:28.359730" elapsed="0.000397"/>
</kw>
<kw name="Log" owner="BuiltIn">
<msg time="2024-04-10T19:12:28.360537" level="INFO">login</msg>
<arg>${key}</arg>
<doc>Logs the given message with the given level.</doc>
<status status="PASS" start="2024-04-10T19:12:28.360413" elapsed="0.000166"/>
</kw>
<var name="${key}">login</var>
<status status="PASS" start="2024-04-10T19:12:28.358918" elapsed="0.001882"/>
</iter>
<var>${key}</var>
<value>@{expected_keys}</value>
<status status="PASS" start="2024-04-10T19:12:28.350189" elapsed="0.010732"/>
</for>
<kw name="Create List" owner="BuiltIn">
<msg time="2024-04-10T19:12:28.361277" level="INFO">${expected_keysTwo} = ['username', 'password']</msg>
<var>${expected_keysTwo}</var>
<arg>username</arg>
<arg>password</arg>
<doc>Returns a list containing given items.</doc>
<status status="PASS" start="2024-04-10T19:12:28.361140" elapsed="0.000160"/>
</kw>
<for flavor="IN">
<iter>
<kw name="Dictionary Should Contain Key" owner="Collections">
<msg time="2024-04-10T19:12:28.362282" level="INFO">False</msg>
<arg>${json_data['results'][0]['login']}</arg>
<arg>${keyTwo}</arg>
<doc>Fails if ``key`` is not found from ``dictionary``.</doc>
<status status="PASS" start="2024-04-10T19:12:28.361898" elapsed="0.000445"/>
</kw>
<kw name="Dictionary Should Contain Key" owner="Collections">
<msg time="2024-04-10T19:12:28.363013" level="INFO">False</msg>
<arg>${json_data['results'][0]['login']}</arg>
<arg>${keyTwo}</arg>
<doc>Fails if ``key`` is not found from ``dictionary``.</doc>
<status status="PASS" start="2024-04-10T19:12:28.362637" elapsed="0.000413"/>
</kw>
<kw name="Log" owner="BuiltIn">
<msg time="2024-04-10T19:12:28.363472" level="INFO">username</msg>
<arg>${keyTwo}</arg>
<doc>Logs the given message with the given level.</doc>
<status status="PASS" start="2024-04-10T19:12:28.363344" elapsed="0.000165"/>
</kw>
<var name="${keyTwo}">username</var>
<status status="PASS" start="2024-04-10T19:12:28.361784" elapsed="0.001940"/>
</iter>
<iter>
<kw name="Dictionary Should Contain Key" owner="Collections">
<msg time="2024-04-10T19:12:28.364379" level="INFO">False</msg>
<arg>${json_data['results'][0]['login']}</arg>
<arg>${keyTwo}</arg>
<doc>Fails if ``key`` is not found from ``dictionary``.</doc>
<status status="PASS" start="2024-04-10T19:12:28.364005" elapsed="0.000410"/>
</kw>
<kw name="Dictionary Should Contain Key" owner="Collections">
<msg time="2024-04-10T19:12:28.365084" level="INFO">False</msg>
<arg>${json_data['results'][0]['login']}</arg>
<arg>${keyTwo}</arg>
<doc>Fails if ``key`` is not found from ``dictionary``.</doc>
<status status="PASS" start="2024-04-10T19:12:28.364707" elapsed="0.000413"/>
</kw>
<kw name="Log" owner="BuiltIn">
<msg time="2024-04-10T19:12:28.365536" level="INFO">password</msg>
<arg>${keyTwo}</arg>
<doc>Logs the given message with the given level.</doc>
<status status="PASS" start="2024-04-10T19:12:28.365411" elapsed="0.000174"/>
</kw>
<var name="${keyTwo}">password</var>
<status status="PASS" start="2024-04-10T19:12:28.363896" elapsed="0.001935"/>
</iter>
<var>${keyTwo}</var>
<value>@{expected_keysTwo}</value>
<status status="PASS" start="2024-04-10T19:12:28.361535" elapsed="0.004418"/>
</for>
<status status="PASS" start="2024-04-10T19:12:28.251521" elapsed="0.114592"/>
</kw>
<doc>Testa a estrutura da resposta da API.</doc>
<tag>testeEstruturaResposta</tag>
<status status="PASS" start="2024-04-10T19:12:28.250773" elapsed="0.115509"/>
</test>
<test id="s1-s1-t4" name="Validar tipos de dados" line="28">
<kw name="Teste de Tipos de Dados" owner="random-user-service">
<kw name="GET On Session" owner="RequestsLibrary">
<msg time="2024-04-10T19:12:28.471975" level="INFO">GET Request : url=https://randomuser.me/api 
 path_url=/api 
 headers={'User-Agent': 'python-requests/2.31.0', 'Accept-Encoding': 'gzip, deflate', 'Accept': '*/*', 'Connection': 'keep-alive'} 
 body=None 
 </msg>
<msg time="2024-04-10T19:12:28.472039" level="INFO">GET Response : url=https://randomuser.me/api 
 status=200, reason=OK 
 headers={'Date': 'Wed, 10 Apr 2024 19:12:28 GMT', 'Content-Type': 'application/json; charset=utf-8', 'Transfer-Encoding': 'chunked', 'Connection': 'keep-alive', 'X-Powered-By': 'Express', 'Access-Control-Allow-Origin': '*', 'Cache-Control': 'no-cache', 'ETag': 'W/"48d-EijUFiDHTjAimdhA7hwqyhpmsIo"', 'Vary': 'Accept-Encoding', 'Content-Encoding': 'gzip', 'CF-Cache-Status': 'DYNAMIC', 'Report-To': '{"endpoints":[{"url":"https:\\/\\/a.nel.cloudflare.com\\/report\\/v4?s=fFEShAE%2BQmoD7qiDZV%2FG9RtLSM%2BEmwspgVh2layBNvOSgBphjm6wzl3iGq4hyLcQwGrD8qbCy2F92TtX8kkaeBpAMIMFhWFL5R4IMlJ0ud9lcXOSDBaeKHY%2FfgK3tSFl"}],"group":"cf-nel","max_age":604800}', 'NEL': '{"success_fraction":0,"report_to":"cf-nel","max_age":604800}', 'Server': 'cloudflare', 'CF-RAY': '87250c715bbe2a88-LAX', 'alt-svc': 'h3=":443"; ma=86400'} 
 body={"results":[{"gender":"female","name":{"title":"Miss","first":"Ceyhan","last":"Kılıççı"},"location":{"street":{"number":1622,"name":"Fatih Sultan Mehmet Cd"},"city":"Bitlis","state":"Burdur","country":"Turkey","postcode":59714,"coordinates":{"latitude":"64.8823","longitude":"178.6542"},"timezone":{"offset":"-1:00","description":"Azores, Cape Verde Islands"}},"email":"ceyhan.kilicci@example.com","login":{"uuid":"28462c22-88c2-4963-b34f-01dccc8f4f93","username":"whitebear184","password":"diver","salt":"HUhLyp0m","md5":"3f94779c1ad6db564b97ecfefa5e0851","sha1":"31a9bbbba2b80de452241a49f6b2b06103936dcd","sha256":"d3284575cb9679330744aeed98006623a5a3c5caa6595085d31577d87160d5e8"},"dob":{"date":"1994-02-13T22:57:06.233Z","age":30},"registered":{"date":"2018-04-25T19:55:20.350Z","age":5},"phone":"(759)-296-2300","cell":"(361)-777-5067","id":{"name":"","value":null},"picture":{"large":"https://randomuser.me/api/portraits/women/78.jpg","medium":"https://randomuser.me/api/portraits/med/women/78.jpg","thumbnail":"https://randomuser.me/api/portraits/thumb/women/78.jpg"},"nat":"TR"}],"info":{"seed":"29d16a7bd79c67ed","results":1,"page":1,"version":"1.4"}} 
 </msg>
<msg time="2024-04-10T19:12:28.472098" level="INFO">/opt/hostedtoolcache/Python/3.12.2/x64/lib/python3.12/site-packages/urllib3/connectionpool.py:1103: InsecureRequestWarning: Unverified HTTPS request is being made to host 'randomuser.me'. Adding certificate verification is strongly advised. See: https://urllib3.readthedocs.io/en/latest/advanced-usage.html#tls-warnings
  warnings.warn(</msg>
<msg time="2024-04-10T19:12:28.472202" level="INFO">${response} = &lt;Response [200]&gt;</msg>
<var>${response}</var>
<arg>consultarAPI</arg>
<arg>/api</arg>
<doc>Sends a GET request on a previously created HTTP Session.</doc>
<status status="PASS" start="2024-04-10T19:12:28.368672" elapsed="0.103573"/>
</kw>
<kw name="Set Variable" owner="BuiltIn">
<msg time="2024-04-10T19:12:28.473052" level="INFO">${json_data} = {'results': [{'gender': 'female', 'name': {'title': 'Miss', 'first': 'Ceyhan', 'last': 'Kılıççı'}, 'location': {'street': {'number': 1622, 'name': 'Fatih Sultan Mehmet Cd'}, 'city': 'Bitlis', 'state':...</msg>
<var>${json_data}</var>
<arg>${response.json()}</arg>
<doc>Returns the given values which can then be assigned to a variables.</doc>
<status status="PASS" start="2024-04-10T19:12:28.472608" elapsed="0.000474"/>
</kw>
<kw name="Log" owner="BuiltIn">
<msg time="2024-04-10T19:12:28.473549" level="INFO">{'results': [{'gender': 'female', 'name': {'title': 'Miss', 'first': 'Ceyhan', 'last': 'Kılıççı'}, 'location': {'street': {'number': 1622, 'name': 'Fatih Sultan Mehmet Cd'}, 'city': 'Bitlis', 'state': 'Burdur', 'country': 'Turkey', 'postcode': 59714, 'coordinates': {'latitude': '64.8823', 'longitude': '178.6542'}, 'timezone': {'offset': '-1:00', 'description': 'Azores, Cape Verde Islands'}}, 'email': 'ceyhan.kilicci@example.com', 'login': {'uuid': '28462c22-88c2-4963-b34f-01dccc8f4f93', 'username': 'whitebear184', 'password': 'diver', 'salt': 'HUhLyp0m', 'md5': '3f94779c1ad6db564b97ecfefa5e0851', 'sha1': '31a9bbbba2b80de452241a49f6b2b06103936dcd', 'sha256': 'd3284575cb9679330744aeed98006623a5a3c5caa6595085d31577d87160d5e8'}, 'dob': {'date': '1994-02-13T22:57:06.233Z', 'age': 30}, 'registered': {'date': '2018-04-25T19:55:20.350Z', 'age': 5}, 'phone': '(759)-296-2300', 'cell': '(361)-777-5067', 'id': {'name': '', 'value': None}, 'picture': {'large': 'https://randomuser.me/api/portraits/women/78.jpg', 'medium': 'https://randomuser.me/api/portraits/med/women/78.jpg', 'thumbnail': 'https://randomuser.me/api/portraits/thumb/women/78.jpg'}, 'nat': 'TR'}], 'info': {'seed': '29d16a7bd79c67ed', 'results': 1, 'page': 1, 'version': '1.4'}}</msg>
<arg>${json_data}</arg>
<doc>Logs the given message with the given level.</doc>
<status status="PASS" start="2024-04-10T19:12:28.473394" elapsed="0.000203"/>
</kw>
<kw name="Should Be String" owner="String">
<arg>${json_data['results'][0]['gender']}</arg>
<doc>Fails if the given ``item`` is not a string.</doc>
<status status="PASS" start="2024-04-10T19:12:28.473918" elapsed="0.000362"/>
</kw>
<kw name="Should Match Regexp" owner="BuiltIn">
<arg>${json_data['results'][0]['email']}</arg>
<arg>^[a-zA-Z0-9._%+-]+@[a-zA-Z0-9.-]+\.[a-zA-Z]{2,}$</arg>
<doc>Fails if ``string`` does not match ``pattern`` as a regular expression.</doc>
<status status="PASS" start="2024-04-10T19:12:28.474524" elapsed="0.000504"/>
</kw>
<kw name="Should Match Regexp" owner="BuiltIn">
<arg>${json_data['results'][0]['dob']['date']}</arg>
<arg>\\d{4}-\\d{2}-\\d{2}T\\d{2}:\\d{2}:\\d{2}\\.\\d{3}Z</arg>
<doc>Fails if ``string`` does not match ``pattern`` as a regular expression.</doc>
<status status="PASS" start="2024-04-10T19:12:28.475222" elapsed="0.000484"/>
</kw>
<kw name="Should Match Regexp" owner="BuiltIn">
<arg>${json_data['results'][0]['registered']['date']}</arg>
<arg>\\d{4}-\\d{2}-\\d{2}T\\d{2}:\\d{2}:\\d{2}\\.\\d{3}Z</arg>
<doc>Fails if ``string`` does not match ``pattern`` as a regular expression.</doc>
<status status="PASS" start="2024-04-10T19:12:28.475906" elapsed="0.000367"/>
</kw>
<kw name="Should Match Regexp" owner="BuiltIn">
<arg>${json_data['results'][0]['picture']['large']}</arg>
<arg>^https?://.*\.(?:png|jpe?g|gif|bmp)$</arg>
<doc>Fails if ``string`` does not match ``pattern`` as a regular expression.</doc>
<status status="PASS" start="2024-04-10T19:12:28.476457" elapsed="0.000453"/>
</kw>
<kw name="Should Match Regexp" owner="BuiltIn">
<arg>${json_data['results'][0]['picture']['medium']}</arg>
<arg>^https?://.*\.(?:png|jpe?g|gif|bmp)$</arg>
<doc>Fails if ``string`` does not match ``pattern`` as a regular expression.</doc>
<status status="PASS" start="2024-04-10T19:12:28.477096" elapsed="0.000354"/>
</kw>
<kw name="Should Match Regexp" owner="BuiltIn">
<arg>${json_data['results'][0]['picture']['thumbnail']}</arg>
<arg>^https?://.*\.(?:png|jpe?g|gif|bmp)$</arg>
<doc>Fails if ``string`` does not match ``pattern`` as a regular expression.</doc>
<status status="PASS" start="2024-04-10T19:12:28.477634" elapsed="0.000344"/>
</kw>
<kw name="Log" owner="BuiltIn">
<msg time="2024-04-10T19:12:28.478505" level="INFO">{'large': 'https://randomuser.me/api/portraits/women/78.jpg', 'medium': 'https://randomuser.me/api/portraits/med/women/78.jpg', 'thumbnail': 'https://randomuser.me/api/portraits/thumb/women/78.jpg'}</msg>
<arg>${json_data['results'][0]['picture']}</arg>
<doc>Logs the given message with the given level.</doc>
<status status="PASS" start="2024-04-10T19:12:28.478157" elapsed="0.000389"/>
</kw>
<status status="PASS" start="2024-04-10T19:12:28.368453" elapsed="0.110344"/>
</kw>
<kw name="Teste de Tipos de Dados - Postcode" owner="random-user-service">
<kw name="GET On Session" owner="RequestsLibrary">
<msg time="2024-04-10T19:12:28.575173" level="INFO">GET Request : url=https://randomuser.me/api 
 path_url=/api 
 headers={'User-Agent': 'python-requests/2.31.0', 'Accept-Encoding': 'gzip, deflate', 'Accept': '*/*', 'Connection': 'keep-alive'} 
 body=None 
 </msg>
<msg time="2024-04-10T19:12:28.575253" level="INFO">GET Response : url=https://randomuser.me/api 
 status=200, reason=OK 
 headers={'Date': 'Wed, 10 Apr 2024 19:12:28 GMT', 'Content-Type': 'application/json; charset=utf-8', 'Transfer-Encoding': 'chunked', 'Connection': 'keep-alive', 'X-Powered-By': 'Express', 'Access-Control-Allow-Origin': '*', 'Cache-Control': 'no-cache', 'ETag': 'W/"49b-oXajo+LdVJfM4XpI/NjwCzs3wfk"', 'Vary': 'Accept-Encoding', 'Content-Encoding': 'gzip', 'CF-Cache-Status': 'DYNAMIC', 'Report-To': '{"endpoints":[{"url":"https:\\/\\/a.nel.cloudflare.com\\/report\\/v4?s=Vw3mpdm4k2dNCCtTBek8jG%2BEgu2LdLN76yp7yOxYTE3ebLchKXt0GFsy%2BBqZQNoVdvmyJMIYH6YcGfZr4pheHp301e3doF9RlxqFy0y9Anjh0rh%2FzVCJV3os6qBwNNbY"}],"group":"cf-nel","max_age":604800}', 'NEL': '{"success_fraction":0,"report_to":"cf-nel","max_age":604800}', 'Server': 'cloudflare', 'CF-RAY': '87250c720ca72a88-LAX', 'alt-svc': 'h3=":443"; ma=86400'} 
 body={"results":[{"gender":"female","name":{"title":"Mrs","first":"Veronica","last":"James"},"location":{"street":{"number":2403,"name":"Paddock Way"},"city":"North Las Vegas","state":"Connecticut","country":"United States","postcode":68140,"coordinates":{"latitude":"84.7895","longitude":"23.9796"},"timezone":{"offset":"-12:00","description":"Eniwetok, Kwajalein"}},"email":"veronica.james@example.com","login":{"uuid":"f7603992-a514-427e-b522-a1c46ecbcbfa","username":"blackostrich170","password":"booker","salt":"wgrlB6Dx","md5":"cdec366f78ee5b399049a808af1b3660","sha1":"13e4a6ab4945f3f50a48dad2d1e3db37f3913e0a","sha256":"b4ca799e3795103382c1da9a1b376b76b4f8fb847e6ec74a10d1e4f714fc2da8"},"dob":{"date":"1987-06-05T19:04:12.762Z","age":36},"registered":{"date":"2007-04-10T16:00:22.620Z","age":17},"phone":"(976) 879-6246","cell":"(295) 943-4123","id":{"name":"SSN","value":"567-34-9691"},"picture":{"large":"https://randomuser.me/api/portraits/women/39.jpg","medium":"https://randomuser.me/api/portraits/med/women/39.jpg","thumbnail":"https://randomuser.me/api/portraits/thumb/women/39.jpg"},"nat":"US"}],"info":{"seed":"e44eb5d276c09623","results":1,"page":1,"version":"1.4"}} 
 </msg>
<msg time="2024-04-10T19:12:28.575334" level="INFO">/opt/hostedtoolcache/Python/3.12.2/x64/lib/python3.12/site-packages/urllib3/connectionpool.py:1103: InsecureRequestWarning: Unverified HTTPS request is being made to host 'randomuser.me'. Adding certificate verification is strongly advised. See: https://urllib3.readthedocs.io/en/latest/advanced-usage.html#tls-warnings
  warnings.warn(</msg>
<msg time="2024-04-10T19:12:28.575467" level="INFO">${response} = &lt;Response [200]&gt;</msg>
<var>${response}</var>
<arg>consultarAPI</arg>
<arg>/api</arg>
<doc>Sends a GET request on a previously created HTTP Session.</doc>
<status status="PASS" start="2024-04-10T19:12:28.479227" elapsed="0.096285"/>
</kw>
<kw name="Set Variable" owner="BuiltIn">
<msg time="2024-04-10T19:12:28.576332" level="INFO">${json_data} = {'results': [{'gender': 'female', 'name': {'title': 'Mrs', 'first': 'Veronica', 'last': 'James'}, 'location': {'street': {'number': 2403, 'name': 'Paddock Way'}, 'city': 'North Las Vegas', 'state': 'C...</msg>
<var>${json_data}</var>
<arg>${response.json()}</arg>
<doc>Returns the given values which can then be assigned to a variables.</doc>
<status status="PASS" start="2024-04-10T19:12:28.575892" elapsed="0.000468"/>
</kw>
<kw name="Log" owner="BuiltIn">
<msg time="2024-04-10T19:12:28.576824" level="INFO">{'results': [{'gender': 'female', 'name': {'title': 'Mrs', 'first': 'Veronica', 'last': 'James'}, 'location': {'street': {'number': 2403, 'name': 'Paddock Way'}, 'city': 'North Las Vegas', 'state': 'Connecticut', 'country': 'United States', 'postcode': 68140, 'coordinates': {'latitude': '84.7895', 'longitude': '23.9796'}, 'timezone': {'offset': '-12:00', 'description': 'Eniwetok, Kwajalein'}}, 'email': 'veronica.james@example.com', 'login': {'uuid': 'f7603992-a514-427e-b522-a1c46ecbcbfa', 'username': 'blackostrich170', 'password': 'booker', 'salt': 'wgrlB6Dx', 'md5': 'cdec366f78ee5b399049a808af1b3660', 'sha1': '13e4a6ab4945f3f50a48dad2d1e3db37f3913e0a', 'sha256': 'b4ca799e3795103382c1da9a1b376b76b4f8fb847e6ec74a10d1e4f714fc2da8'}, 'dob': {'date': '1987-06-05T19:04:12.762Z', 'age': 36}, 'registered': {'date': '2007-04-10T16:00:22.620Z', 'age': 17}, 'phone': '(976) 879-6246', 'cell': '(295) 943-4123', 'id': {'name': 'SSN', 'value': '567-34-9691'}, 'picture': {'large': 'https://randomuser.me/api/portraits/women/39.jpg', 'medium': 'https://randomuser.me/api/portraits/med/women/39.jpg', 'thumbnail': 'https://randomuser.me/api/portraits/thumb/women/39.jpg'}, 'nat': 'US'}], 'info': {'seed': 'e44eb5d276c09623', 'results': 1, 'page': 1, 'version': '1.4'}}</msg>
<arg>${json_data}</arg>
<doc>Logs the given message with the given level.</doc>
<status status="PASS" start="2024-04-10T19:12:28.576666" elapsed="0.000206"/>
</kw>
<kw name="Should Be Equal As Numbers" owner="BuiltIn">
<arg>${json_data['results'][0]['location']['postcode']}</arg>
<arg>${json_data['results'][0]['location']['postcode']}</arg>
<doc>Fails if objects are unequal after converting them to real numbers.</doc>
<status status="PASS" start="2024-04-10T19:12:28.577170" elapsed="0.000650"/>
</kw>
<kw name="Log" owner="BuiltIn">
<msg time="2024-04-10T19:12:28.578410" level="INFO">68140</msg>
<arg>${json_data['results'][0]['location']['postcode']}</arg>
<doc>Logs the given message with the given level.</doc>
<status status="PASS" start="2024-04-10T19:12:28.578011" elapsed="0.000442"/>
</kw>
<status status="PASS" start="2024-04-10T19:12:28.479004" elapsed="0.099704"/>
</kw>
<doc>Testa se os tipos de dados na resposta da API estão corretos.</doc>
<tag>testeTiposDados</tag>
<status status="PASS" start="2024-04-10T19:12:28.368023" elapsed="0.210846"/>
</test>
<test id="s1-s1-t5" name="Validar conteudo" line="35">
<kw name="Teste de Tipos de Conteudo" owner="random-user-service">
<kw name="GET On Session" owner="RequestsLibrary">
<msg time="2024-04-10T19:12:28.680224" level="INFO">GET Request : url=https://randomuser.me/api 
 path_url=/api 
 headers={'User-Agent': 'python-requests/2.31.0', 'Accept-Encoding': 'gzip, deflate', 'Accept': '*/*', 'Connection': 'keep-alive'} 
 body=None 
 </msg>
<msg time="2024-04-10T19:12:28.680302" level="INFO">GET Response : url=https://randomuser.me/api 
 status=200, reason=OK 
 headers={'Date': 'Wed, 10 Apr 2024 19:12:28 GMT', 'Content-Type': 'application/json; charset=utf-8', 'Transfer-Encoding': 'chunked', 'Connection': 'keep-alive', 'X-Powered-By': 'Express', 'Access-Control-Allow-Origin': '*', 'Cache-Control': 'no-cache', 'ETag': 'W/"486-UzOTIG4H6Oflz9NbRIXXAK4ufpY"', 'Vary': 'Accept-Encoding', 'Content-Encoding': 'gzip', 'CF-Cache-Status': 'DYNAMIC', 'Report-To': '{"endpoints":[{"url":"https:\\/\\/a.nel.cloudflare.com\\/report\\/v4?s=2NRK6QSNhpFeuD90FARyKrwkP3fJ5o%2Fn4YeRaxyFLCnMNSv5Q2vwvWwm7hxraTYG2QQDpVnCPBe8Mqj1sU7qwABRaUkHUFWTLu%2Bx7yUbwwe91qWwa3TRgX2SRkxM7pDG"}],"group":"cf-nel","max_age":604800}', 'NEL': '{"success_fraction":0,"report_to":"cf-nel","max_age":604800}', 'Server': 'cloudflare', 'CF-RAY': '87250c72ad8d2a88-LAX', 'alt-svc': 'h3=":443"; ma=86400'} 
 body={"results":[{"gender":"female","name":{"title":"Miss","first":"مهرسا","last":"نكو نظر"},"location":{"street":{"number":474,"name":"ایران"},"city":"کرج","state":"چهارمحال و بختیاری","country":"Iran","postcode":22313,"coordinates":{"latitude":"19.4522","longitude":"67.6753"},"timezone":{"offset":"+3:30","description":"Tehran"}},"email":"mhrs.nkwnzr@example.com","login":{"uuid":"bb2902eb-2673-4baa-aad7-f711e442bb1f","username":"heavyzebra535","password":"stars","salt":"zEnSPNyN","md5":"a2a2c940b02501aa3ffccaa24be87725","sha1":"1603c751d42f38ce731da8d2f490b90e8cc2e2f4","sha256":"1c4401db15fabb670d086c3ad6bbb8785acc6eefc5bd628b5a3dbc7daf1672d3"},"dob":{"date":"1950-10-02T17:58:33.186Z","age":73},"registered":{"date":"2003-11-03T15:45:04.712Z","age":20},"phone":"022-17719181","cell":"0992-515-8534","id":{"name":"","value":null},"picture":{"large":"https://randomuser.me/api/portraits/women/88.jpg","medium":"https://randomuser.me/api/portraits/med/women/88.jpg","thumbnail":"https://randomuser.me/api/portraits/thumb/women/88.jpg"},"nat":"IR"}],"info":{"seed":"de814a8a75c6fb51","results":1,"page":1,"version":"1.4"}} 
 </msg>
<msg time="2024-04-10T19:12:28.680375" level="INFO">/opt/hostedtoolcache/Python/3.12.2/x64/lib/python3.12/site-packages/urllib3/connectionpool.py:1103: InsecureRequestWarning: Unverified HTTPS request is being made to host 'randomuser.me'. Adding certificate verification is strongly advised. See: https://urllib3.readthedocs.io/en/latest/advanced-usage.html#tls-warnings
  warnings.warn(</msg>
<msg time="2024-04-10T19:12:28.680504" level="INFO">${response} = &lt;Response [200]&gt;</msg>
<var>${response}</var>
<arg>consultarAPI</arg>
<arg>/api</arg>
<doc>Sends a GET request on a previously created HTTP Session.</doc>
<status status="PASS" start="2024-04-10T19:12:28.581235" elapsed="0.099320"/>
</kw>
<kw name="Set Variable" owner="BuiltIn">
<msg time="2024-04-10T19:12:28.681399" level="INFO">${json_data} = {'results': [{'gender': 'female', 'name': {'title': 'Miss', 'first': 'مهرسا', 'last': 'نكو نظر'}, 'location': {'street': {'number': 474, 'name': 'ایران'}, 'city': 'کرج', 'state': 'چهارمحال و بختیاری',...</msg>
<var>${json_data}</var>
<arg>${response.json()}</arg>
<doc>Returns the given values which can then be assigned to a variables.</doc>
<status status="PASS" start="2024-04-10T19:12:28.680941" elapsed="0.000488"/>
</kw>
<kw name="Set Variable" owner="BuiltIn">
<msg time="2024-04-10T19:12:28.682119" level="INFO">${name_title} = Miss</msg>
<var>${name_title}</var>
<arg>${json_data["results"][0]["name"]["title"]}</arg>
<doc>Returns the given values which can then be assigned to a variables.</doc>
<status status="PASS" start="2024-04-10T19:12:28.681739" elapsed="0.000405"/>
</kw>
<kw name="Create List" owner="BuiltIn">
<msg time="2024-04-10T19:12:28.682632" level="INFO">${allowed_titles} = ['Mr', 'Ms', 'Miss', 'Mrs', 'Madame', 'Monsieur']</msg>
<var>${allowed_titles}</var>
<arg>Mr</arg>
<arg>Ms</arg>
<arg>Miss</arg>
<arg>Mrs</arg>
<arg>Madame</arg>
<arg>Monsieur</arg>
<doc>Returns a list containing given items.</doc>
<status status="PASS" start="2024-04-10T19:12:28.682481" elapsed="0.000175"/>
</kw>
<kw name="List Should Contain Value" owner="Collections">
<msg time="2024-04-10T19:12:28.683127" level="INFO">False</msg>
<arg>${allowed_titles}</arg>
<arg>${name_title}</arg>
<doc>Fails if the ``value`` is not found from ``list``.</doc>
<status status="PASS" start="2024-04-10T19:12:28.682954" elapsed="0.000210"/>
</kw>
<kw name="Set Variable" owner="BuiltIn">
<msg time="2024-04-10T19:12:28.683833" level="INFO">${name_country} = IR</msg>
<var>${name_country}</var>
<arg>${json_data["results"][0]["nat"]}</arg>
<doc>Returns the given values which can then be assigned to a variables.</doc>
<status status="PASS" start="2024-04-10T19:12:28.683458" elapsed="0.000400"/>
</kw>
<kw name="Create List" owner="BuiltIn">
<msg time="2024-04-10T19:12:28.684773" level="INFO">${list_country} = ['AD', 'AE', 'AF', 'AG', 'AI', 'AL', 'AM', 'AO', 'AQ', 'AR', 'AS', 'AT', 'AU', 'AW', 'AX', 'AZ', 'BA', 'BB', 'BD', 'BE', 'BF', 'BG', 'BH', 'BI', 'BJ', 'BL', 'BM', 'BN', 'BO', 'BQ', 'BR', 'BS', 'BT', '...</msg>
<var>${list_country}</var>
<arg>AD</arg>
<arg>AE</arg>
<arg>AF</arg>
<arg>AG</arg>
<arg>AI</arg>
<arg>AL</arg>
<arg>AM</arg>
<arg>AO</arg>
<arg>AQ</arg>
<arg>AR</arg>
<arg>AS</arg>
<arg>AT</arg>
<arg>AU</arg>
<arg>AW</arg>
<arg>AX</arg>
<arg>AZ</arg>
<arg>BA</arg>
<arg>BB</arg>
<arg>BD</arg>
<arg>BE</arg>
<arg>BF</arg>
<arg>BG</arg>
<arg>BH</arg>
<arg>BI</arg>
<arg>BJ</arg>
<arg>BL</arg>
<arg>BM</arg>
<arg>BN</arg>
<arg>BO</arg>
<arg>BQ</arg>
<arg>BR</arg>
<arg>BS</arg>
<arg>BT</arg>
<arg>BV</arg>
<arg>BW</arg>
<arg>BY</arg>
<arg>BZ</arg>
<arg>CA</arg>
<arg>CC</arg>
<arg>CD</arg>
<arg>CF</arg>
<arg>CG</arg>
<arg>CH</arg>
<arg>CI</arg>
<arg>CK</arg>
<arg>CL</arg>
<arg>CM</arg>
<arg>CN</arg>
<arg>CO</arg>
<arg>CR</arg>
<arg>CU</arg>
<arg>CV</arg>
<arg>CW</arg>
<arg>CX</arg>
<arg>CY</arg>
<arg>CZ</arg>
<arg>DE</arg>
<arg>DJ</arg>
<arg>DK</arg>
<arg>DM</arg>
<arg>DO</arg>
<arg>DZ</arg>
<arg>EC</arg>
<arg>EE</arg>
<arg>EG</arg>
<arg>EH</arg>
<arg>ER</arg>
<arg>ES</arg>
<arg>ET</arg>
<arg>FI</arg>
<arg>FJ</arg>
<arg>FK</arg>
<arg>FM</arg>
<arg>FO</arg>
<arg>FR</arg>
<arg>GA</arg>
<arg>GB</arg>
<arg>GD</arg>
<arg>GE</arg>
<arg>GF</arg>
<arg>GG</arg>
<arg>GH</arg>
<arg>GI</arg>
<arg>GL</arg>
<arg>GM</arg>
<arg>GN</arg>
<arg>GP</arg>
<arg>GQ</arg>
<arg>GR</arg>
<arg>GS</arg>
<arg>GT</arg>
<arg>GU</arg>
<arg>GW</arg>
<arg>GY</arg>
<arg>HK</arg>
<arg>HM</arg>
<arg>HN</arg>
<arg>HR</arg>
<arg>HT</arg>
<arg>HU</arg>
<arg>ID</arg>
<arg>IE</arg>
<arg>IL</arg>
<arg>IM</arg>
<arg>IN</arg>
<arg>IO</arg>
<arg>IQ</arg>
<arg>IR</arg>
<arg>IS</arg>
<arg>IT</arg>
<arg>JE</arg>
<arg>JM</arg>
<arg>JO</arg>
<arg>JP</arg>
<arg>KE</arg>
<arg>KG</arg>
<arg>KH</arg>
<arg>KI</arg>
<arg>KM</arg>
<arg>KN</arg>
<arg>KP</arg>
<arg>KR</arg>
<arg>KW</arg>
<arg>KY</arg>
<arg>KZ</arg>
<arg>LA</arg>
<arg>LB</arg>
<arg>LC</arg>
<arg>LI</arg>
<arg>LK</arg>
<arg>LR</arg>
<arg>LS</arg>
<arg>LT</arg>
<arg>LU</arg>
<arg>LV</arg>
<arg>LY</arg>
<arg>MA</arg>
<arg>MC</arg>
<arg>MD</arg>
<arg>ME</arg>
<arg>MF</arg>
<arg>MG</arg>
<arg>MH</arg>
<arg>MK</arg>
<arg>ML</arg>
<arg>MM</arg>
<arg>MN</arg>
<arg>MO</arg>
<arg>MP</arg>
<arg>MQ</arg>
<arg>MR</arg>
<arg>MS</arg>
<arg>MT</arg>
<arg>MU</arg>
<arg>MV</arg>
<arg>MW</arg>
<arg>MX</arg>
<arg>MY</arg>
<arg>MZ</arg>
<arg>NA</arg>
<arg>NC</arg>
<arg>NE</arg>
<arg>NF</arg>
<arg>NG</arg>
<arg>NI</arg>
<arg>NL</arg>
<arg>NO</arg>
<arg>NP</arg>
<arg>NR</arg>
<arg>NU</arg>
<arg>NZ</arg>
<arg>OM</arg>
<arg>PA</arg>
<arg>PE</arg>
<arg>PF</arg>
<arg>PG</arg>
<arg>PH</arg>
<arg>PK</arg>
<arg>PL</arg>
<arg>PM</arg>
<arg>PN</arg>
<arg>PR</arg>
<arg>PS</arg>
<arg>PT</arg>
<arg>PW</arg>
<arg>PY</arg>
<arg>QA</arg>
<arg>RE</arg>
<arg>RO</arg>
<arg>RS</arg>
<arg>RU</arg>
<arg>RW</arg>
<arg>SA</arg>
<arg>SB</arg>
<arg>SC</arg>
<arg>SD</arg>
<arg>SE</arg>
<arg>SG</arg>
<arg>SH</arg>
<arg>SI</arg>
<arg>SJ</arg>
<arg>SK</arg>
<arg>SL</arg>
<arg>SM</arg>
<arg>SN</arg>
<arg>SO</arg>
<arg>SR</arg>
<arg>SS</arg>
<arg>ST</arg>
<arg>SV</arg>
<arg>SX</arg>
<arg>SY</arg>
<arg>SZ</arg>
<arg>TC</arg>
<arg>TD</arg>
<arg>TF</arg>
<arg>TG</arg>
<arg>TH</arg>
<arg>TJ</arg>
<arg>TK</arg>
<arg>TL</arg>
<arg>TM</arg>
<arg>TN</arg>
<arg>TO</arg>
<arg>TR</arg>
<arg>TT</arg>
<arg>TV</arg>
<arg>TW</arg>
<arg>TZ</arg>
<arg>UA</arg>
<arg>UG</arg>
<arg>UM</arg>
<arg>US</arg>
<arg>UY</arg>
<arg>UZ</arg>
<arg>VA</arg>
<arg>VC</arg>
<arg>VE</arg>
<arg>VG</arg>
<arg>VI</arg>
<arg>VN</arg>
<arg>VU</arg>
<arg>WF</arg>
<arg>WS</arg>
<arg>XK</arg>
<arg>YE</arg>
<arg>YT</arg>
<arg>ZA</arg>
<arg>ZM</arg>
<arg>ZW</arg>
<doc>Returns a list containing given items.</doc>
<status status="PASS" start="2024-04-10T19:12:28.684167" elapsed="0.000631"/>
</kw>
<kw name="List Should Contain Value" owner="Collections">
<msg time="2024-04-10T19:12:28.685781" level="INFO">False</msg>
<arg>${list_country}</arg>
<arg>${name_country}</arg>
<doc>Fails if the ``value`` is not found from ``list``.</doc>
<status status="PASS" start="2024-04-10T19:12:28.685576" elapsed="0.000242"/>
</kw>
<kw name="Run Keyword If" owner="BuiltIn">
<kw name="Should Be True" owner="BuiltIn">
<arg>${True}</arg>
<doc>Fails if the given condition is not true.</doc>
<status status="PASS" start="2024-04-10T19:12:28.687002" elapsed="0.000146"/>
</kw>
<arg>${json_data["results"][0]["location"]["coordinates"]["latitude"]} &gt;= -90 and ${json_data["results"][0]["location"]["coordinates"]["latitude"]} &lt;= 90</arg>
<arg>Should Be True</arg>
<arg>${True}</arg>
<doc>Runs the given keyword with the given arguments, if ``condition`` is true.</doc>
<status status="PASS" start="2024-04-10T19:12:28.686129" elapsed="0.001150"/>
</kw>
<kw name="Run Keyword If" owner="BuiltIn">
<kw name="Should Be True" owner="BuiltIn">
<arg>${True}</arg>
<doc>Fails if the given condition is not true.</doc>
<status status="PASS" start="2024-04-10T19:12:28.688160" elapsed="0.000138"/>
</kw>
<arg>${json_data["results"][0]["location"]["coordinates"]["longitude"]} &gt;= -180 and ${json_data["results"][0]["location"]["coordinates"]["longitude"]} &lt;= 180</arg>
<arg>Should Be True</arg>
<arg>${True}</arg>
<doc>Runs the given keyword with the given arguments, if ``condition`` is true.</doc>
<status status="PASS" start="2024-04-10T19:12:28.687467" elapsed="0.000955"/>
</kw>
<status status="PASS" start="2024-04-10T19:12:28.581016" elapsed="0.107532"/>
</kw>
<doc>Testa o conteúdo específico dos campos retornados pela API.</doc>
<tag>testeConteudo</tag>
<status status="PASS" start="2024-04-10T19:12:28.580591" elapsed="0.108102"/>
</test>
<status status="PASS" start="2024-04-10T19:12:27.650978" elapsed="1.039630"/>
</suite>
<status status="PASS" start="2024-04-10T19:12:27.637459" elapsed="1.058470"/>
</suite>
<statistics>
<total>
<stat pass="5" fail="0" skip="0">All Tests</stat>
</total>
<tag>
<stat pass="1" fail="0" skip="0">testeConteudo</stat>
<stat pass="1" fail="0" skip="0">testeEstruturaResposta</stat>
<stat pass="1" fail="0" skip="0">testeRequisicaoBasica</stat>
<stat pass="1" fail="0" skip="0">testeTiposDados</stat>
</tag>
<suite>
<stat pass="5" fail="0" skip="0" id="s1" name="Tests">Tests</stat>
<stat pass="5" fail="0" skip="0" id="s1-s1" name="Random-User-Test">Tests.Random-User-Test</stat>
</suite>
</statistics>
<errors>
</errors>
</robot>
