<?xml version="1.0" encoding="UTF-8"?>
<robot generator="Robot 7.0 (Python 3.12.2 on linux)" generated="2024-04-16T08:17:39.714327" rpa="false" schemaversion="5">
<suite id="s1" name="Tests" source="/home/runner/work/DesafioQAItauRogerioJordao/DesafioQAItauRogerioJordao/RamdonUser/tests">
<suite id="s1-s1" name="Random-User-Test" source="/home/runner/work/DesafioQAItauRogerioJordao/DesafioQAItauRogerioJordao/RamdonUser/tests/random-user-test.robot">
<test id="s1-s1-t1" name="Conectar" line="13">
<kw name="Conectar API" owner="random-user-service">
<kw name="Create Session" owner="RequestsLibrary">
<msg time="2024-04-16T08:17:40.102464" level="INFO">Creating Session using : alias=consultarAPI, url=https://randomuser.me/, headers={},                     cookies={}, auth=None, timeout=None, proxies=None, verify=False,                     debug=0 </msg>
<arg>consultarAPI</arg>
<arg>${URL}</arg>
<doc>Create Session: create a HTTP session to a server</doc>
<status status="PASS" start="2024-04-16T08:17:40.102212" elapsed="0.000441"/>
</kw>
<status status="PASS" start="2024-04-16T08:17:40.101145" elapsed="0.001866"/>
</kw>
<status status="PASS" start="2024-04-16T08:17:40.100594" elapsed="0.002625"/>
</test>
<test id="s1-s1-t2" name="Validar retorno 200 e JSON Válido" line="16">
<kw name="Teste de Requisicao Basica" owner="random-user-service">
<kw name="GET On Session" owner="RequestsLibrary">
<msg time="2024-04-16T08:17:40.183421" level="INFO">GET Request : url=https://randomuser.me/api 
 path_url=/api 
 headers={'User-Agent': 'python-requests/2.31.0', 'Accept-Encoding': 'gzip, deflate', 'Accept': '*/*', 'Connection': 'keep-alive'} 
 body=None 
 </msg>
<msg time="2024-04-16T08:17:40.183559" level="INFO">GET Response : url=https://randomuser.me/api 
 status=200, reason=OK 
 headers={'Date': 'Tue, 16 Apr 2024 08:17:40 GMT', 'Content-Type': 'application/json; charset=utf-8', 'Transfer-Encoding': 'chunked', 'Connection': 'keep-alive', 'X-Powered-By': 'Express', 'Access-Control-Allow-Origin': '*', 'Cache-Control': 'no-cache', 'ETag': 'W/"4a1-9ovrTtXhWPsMWDaO90hb1DTXf8U"', 'Vary': 'Accept-Encoding', 'Content-Encoding': 'gzip', 'CF-Cache-Status': 'DYNAMIC', 'Report-To': '{"endpoints":[{"url":"https:\\/\\/a.nel.cloudflare.com\\/report\\/v4?s=IDRxhYVTllsLhqluFfVe0Y3gld%2FTYljeMeflX5hCn140j6oFLqUv7HbkECRN2Vn8uIyea2C%2Bh1nYX%2FxYZK6Ir%2B7lOSymMPvrgtQyPqiUw%2Bwsuarzd7G7SqkXW9pv1%2Foj"}],"group":"cf-nel","max_age":604800}', 'NEL': '{"success_fraction":0,"report_to":"cf-nel","max_age":604800}', 'Server': 'cloudflare', 'CF-RAY': '8752bd81fad4080a-IAD', 'alt-svc': 'h3=":443"; ma=86400'} 
 body={"results":[{"gender":"female","name":{"title":"Mrs","first":"Ofelia","last":"Cavazos"},"location":{"street":{"number":9320,"name":"Calle Tonga"},"city":"Oxkutzcab","state":"Baja California Sur","country":"Mexico","postcode":74397,"coordinates":{"latitude":"23.6315","longitude":"111.5907"},"timezone":{"offset":"-7:00","description":"Mountain Time (US &amp; Canada)"}},"email":"ofelia.cavazos@example.com","login":{"uuid":"c362e381-b6af-412d-a83f-6560fb58e911","username":"yellowkoala395","password":"capone","salt":"yN0hk2xI","md5":"8ec0eea38b8f6587e867eefc7e8ca312","sha1":"768002659d06f74fcbecbf397a2c1a3aa7083d6a","sha256":"4be0bd61ab112cb767c6460e46216a17560581e74f760ec988a46b831d978f88"},"dob":{"date":"1969-01-27T18:11:57.862Z","age":55},"registered":{"date":"2003-05-25T18:21:50.846Z","age":20},"phone":"(663) 595 1028","cell":"(634) 170 4264","id":{"name":"NSS","value":"16 69 39 0606 0"},"picture":{"large":"https://randomuser.me/api/portraits/women/92.jpg","medium":"https://randomuser.me/api/portraits/med/women/92.jpg","thumbnail":"https://randomuser.me/api/portraits/thumb/women/92.jpg"},"nat":"MX"}],"info":{"seed":"af8cb60d2526c083","results":1,"page":1,"version":"1.4"}} 
 </msg>
<msg time="2024-04-16T08:17:40.183638" level="INFO">/opt/hostedtoolcache/Python/3.12.2/x64/lib/python3.12/site-packages/urllib3/connectionpool.py:1103: InsecureRequestWarning: Unverified HTTPS request is being made to host 'randomuser.me'. Adding certificate verification is strongly advised. See: https://urllib3.readthedocs.io/en/latest/advanced-usage.html#tls-warnings
  warnings.warn(</msg>
<msg time="2024-04-16T08:17:40.183793" level="INFO">${response} = &lt;Response [200]&gt;</msg>
<var>${response}</var>
<arg>consultarAPI</arg>
<arg>/api</arg>
<doc>Sends a GET request on a previously created HTTP Session.</doc>
<status status="PASS" start="2024-04-16T08:17:40.105955" elapsed="0.077880"/>
</kw>
<kw name="Should Be Equal As Numbers" owner="BuiltIn">
<msg time="2024-04-16T08:17:40.184787" level="INFO">Argument types are:
&lt;class 'int'&gt;
&lt;class 'str'&gt;</msg>
<arg>${response.status_code}</arg>
<arg>200</arg>
<doc>Fails if objects are unequal after converting them to real numbers.</doc>
<status status="PASS" start="2024-04-16T08:17:40.184331" elapsed="0.000523"/>
</kw>
<kw name="Log" owner="BuiltIn">
<msg time="2024-04-16T08:17:40.185551" level="INFO">200</msg>
<arg>${response.status_code}</arg>
<doc>Logs the given message with the given level.</doc>
<status status="PASS" start="2024-04-16T08:17:40.185186" elapsed="0.000410"/>
</kw>
<kw name="Set Variable" owner="BuiltIn">
<msg time="2024-04-16T08:17:40.186415" level="INFO">${json_data} = {'results': [{'gender': 'female', 'name': {'title': 'Mrs', 'first': 'Ofelia', 'last': 'Cavazos'}, 'location': {'street': {'number': 9320, 'name': 'Calle Tonga'}, 'city': 'Oxkutzcab', 'state': 'Baja Ca...</msg>
<var>${json_data}</var>
<arg>${response.json()}</arg>
<doc>Returns the given values which can then be assigned to a variables.</doc>
<status status="PASS" start="2024-04-16T08:17:40.185932" elapsed="0.000514"/>
</kw>
<kw name="Dictionary Should Contain Key" owner="Collections">
<msg time="2024-04-16T08:17:40.186936" level="INFO">False</msg>
<arg>${json_data}</arg>
<arg>results</arg>
<doc>Fails if ``key`` is not found from ``dictionary``.</doc>
<status status="PASS" start="2024-04-16T08:17:40.186763" elapsed="0.000218"/>
</kw>
<status status="PASS" start="2024-04-16T08:17:40.105699" elapsed="0.081549"/>
</kw>
<doc>Testa se a API responde corretamente e retorna um objeto JSON válido.</doc>
<tag>testeRequisicaoBasica</tag>
<status status="PASS" start="2024-04-16T08:17:40.105133" elapsed="0.082303"/>
</test>
<test id="s1-s1-t3" name="Validar estrutura de resposta" line="22">
<kw name="Teste de Estrutura de Resposta" owner="random-user-service">
<kw name="GET On Session" owner="RequestsLibrary">
<msg time="2024-04-16T08:17:40.294637" level="INFO">GET Request : url=https://randomuser.me/api 
 path_url=/api 
 headers={'User-Agent': 'python-requests/2.31.0', 'Accept-Encoding': 'gzip, deflate', 'Accept': '*/*', 'Connection': 'keep-alive'} 
 body=None 
 </msg>
<msg time="2024-04-16T08:17:40.294765" level="INFO">GET Response : url=https://randomuser.me/api 
 status=200, reason=OK 
 headers={'Date': 'Tue, 16 Apr 2024 08:17:40 GMT', 'Content-Type': 'application/json; charset=utf-8', 'Transfer-Encoding': 'chunked', 'Connection': 'keep-alive', 'X-Powered-By': 'Express', 'Access-Control-Allow-Origin': '*', 'Cache-Control': 'no-cache', 'ETag': 'W/"4ad-1l3zNb2ywyR4TEe3dfX71K8HiAA"', 'Vary': 'Accept-Encoding', 'Content-Encoding': 'gzip', 'CF-Cache-Status': 'DYNAMIC', 'Report-To': '{"endpoints":[{"url":"https:\\/\\/a.nel.cloudflare.com\\/report\\/v4?s=PO0NMCAIuXsZjBhj7Zm5XliJ%2FSDsrod5Dw66M4ZwUVNfKXJ5RtQ08z1vEzkVDsajOMGjx8mloCS3EGyRPHjstEWqm%2BmUu1ROuWXRWKCB0u%2BPrKCxtzz7U%2B45rQvBq7XD"}],"group":"cf-nel","max_age":604800}', 'NEL': '{"success_fraction":0,"report_to":"cf-nel","max_age":604800}', 'Server': 'cloudflare', 'CF-RAY': '8752bd823b07080a-IAD', 'alt-svc': 'h3=":443"; ma=86400'} 
 body={"results":[{"gender":"male","name":{"title":"Mr","first":"Lorenzo","last":"de la Crúz"},"location":{"street":{"number":7570,"name":"Continuación Azerbaiyán"},"city":"Xaloxtoc","state":"Guanajuato","country":"Mexico","postcode":35480,"coordinates":{"latitude":"25.3321","longitude":"-126.0183"},"timezone":{"offset":"+1:00","description":"Brussels, Copenhagen, Madrid, Paris"}},"email":"lorenzo.delacruz@example.com","login":{"uuid":"947c6f54-6c90-4d5a-9111-9ed57a94036e","username":"bigbutterfly609","password":"austin1","salt":"yXJa1wPg","md5":"d8a302aa76c49e47f1faa313557d9beb","sha1":"52e325618203afe219a2aecef147acc15ae8bb48","sha256":"9b02d2f003e2db3bac5c0b0070c4bed606367320fcad1bb0a39c57a0b7ffae93"},"dob":{"date":"1996-10-12T16:18:23.102Z","age":27},"registered":{"date":"2018-09-04T08:34:26.039Z","age":5},"phone":"(646) 520 2386","cell":"(634) 597 0727","id":{"name":"NSS","value":"35 31 29 0118 5"},"picture":{"large":"https://randomuser.me/api/portraits/men/34.jpg","medium":"https://randomuser.me/api/portraits/med/men/34.jpg","thumbnail":"https://randomuser.me/api/portraits/thumb/men/34.jpg"},"nat":"MX"}],"info":{"seed":"17649af58c85f6f3","results":1,"page":1,"version":"1.4"}} 
 </msg>
<msg time="2024-04-16T08:17:40.294952" level="INFO">/opt/hostedtoolcache/Python/3.12.2/x64/lib/python3.12/site-packages/urllib3/connectionpool.py:1103: InsecureRequestWarning: Unverified HTTPS request is being made to host 'randomuser.me'. Adding certificate verification is strongly advised. See: https://urllib3.readthedocs.io/en/latest/advanced-usage.html#tls-warnings
  warnings.warn(</msg>
<msg time="2024-04-16T08:17:40.295111" level="INFO">${response} = &lt;Response [200]&gt;</msg>
<var>${response}</var>
<arg>consultarAPI</arg>
<arg>/api</arg>
<doc>Sends a GET request on a previously created HTTP Session.</doc>
<status status="PASS" start="2024-04-16T08:17:40.190203" elapsed="0.104948"/>
</kw>
<kw name="Set Variable" owner="BuiltIn">
<msg time="2024-04-16T08:17:40.296289" level="INFO">${json_data} = {'results': [{'gender': 'male', 'name': {'title': 'Mr', 'first': 'Lorenzo', 'last': 'de la Crúz'}, 'location': {'street': {'number': 7570, 'name': 'Continuación Azerbaiyán'}, 'city': 'Xaloxtoc', 'stat...</msg>
<var>${json_data}</var>
<arg>${response.json()}</arg>
<doc>Returns the given values which can then be assigned to a variables.</doc>
<status status="PASS" start="2024-04-16T08:17:40.295731" elapsed="0.000589"/>
</kw>
<kw name="Log" owner="BuiltIn">
<msg time="2024-04-16T08:17:40.296818" level="INFO">{'results': [{'gender': 'male', 'name': {'title': 'Mr', 'first': 'Lorenzo', 'last': 'de la Crúz'}, 'location': {'street': {'number': 7570, 'name': 'Continuación Azerbaiyán'}, 'city': 'Xaloxtoc', 'state': 'Guanajuato', 'country': 'Mexico', 'postcode': 35480, 'coordinates': {'latitude': '25.3321', 'longitude': '-126.0183'}, 'timezone': {'offset': '+1:00', 'description': 'Brussels, Copenhagen, Madrid, Paris'}}, 'email': 'lorenzo.delacruz@example.com', 'login': {'uuid': '947c6f54-6c90-4d5a-9111-9ed57a94036e', 'username': 'bigbutterfly609', 'password': 'austin1', 'salt': 'yXJa1wPg', 'md5': 'd8a302aa76c49e47f1faa313557d9beb', 'sha1': '52e325618203afe219a2aecef147acc15ae8bb48', 'sha256': '9b02d2f003e2db3bac5c0b0070c4bed606367320fcad1bb0a39c57a0b7ffae93'}, 'dob': {'date': '1996-10-12T16:18:23.102Z', 'age': 27}, 'registered': {'date': '2018-09-04T08:34:26.039Z', 'age': 5}, 'phone': '(646) 520 2386', 'cell': '(634) 597 0727', 'id': {'name': 'NSS', 'value': '35 31 29 0118 5'}, 'picture': {'large': 'https://randomuser.me/api/portraits/men/34.jpg', 'medium': 'https://randomuser.me/api/portraits/med/men/34.jpg', 'thumbnail': 'https://randomuser.me/api/portraits/thumb/men/34.jpg'}, 'nat': 'MX'}], 'info': {'seed': '17649af58c85f6f3', 'results': 1, 'page': 1, 'version': '1.4'}}</msg>
<arg>${json_data}</arg>
<doc>Logs the given message with the given level.</doc>
<status status="PASS" start="2024-04-16T08:17:40.296651" elapsed="0.000218"/>
</kw>
<kw name="Dictionary Should Contain Key" owner="Collections">
<msg time="2024-04-16T08:17:40.297336" level="INFO">False</msg>
<arg>${json_data}</arg>
<arg>results</arg>
<doc>Fails if ``key`` is not found from ``dictionary``.</doc>
<status status="PASS" start="2024-04-16T08:17:40.297175" elapsed="0.000200"/>
</kw>
<kw name="Should Not Be Empty" owner="BuiltIn">
<msg time="2024-04-16T08:17:40.297822" level="INFO">Length is 2.</msg>
<arg>${json_data}</arg>
<doc>Verifies that the given item is not empty.</doc>
<status status="PASS" start="2024-04-16T08:17:40.297678" elapsed="0.000183"/>
</kw>
<kw name="Create List" owner="BuiltIn">
<msg time="2024-04-16T08:17:40.298345" level="INFO">${expected_keys} = ['gender', 'name', 'location', 'email', 'login']</msg>
<var>${expected_keys}</var>
<arg>gender</arg>
<arg>name</arg>
<arg>location</arg>
<arg>email</arg>
<arg>login</arg>
<doc>Returns a list containing given items.</doc>
<status status="PASS" start="2024-04-16T08:17:40.298160" elapsed="0.000214"/>
</kw>
<for flavor="IN">
<iter>
<kw name="Dictionary Should Contain Key" owner="Collections">
<msg time="2024-04-16T08:17:40.299386" level="INFO">False</msg>
<arg>${json_data['results'][0]}</arg>
<arg>${key}</arg>
<doc>Fails if ``key`` is not found from ``dictionary``.</doc>
<status status="PASS" start="2024-04-16T08:17:40.298974" elapsed="0.000451"/>
</kw>
<kw name="Log" owner="BuiltIn">
<msg time="2024-04-16T08:17:40.300100" level="INFO">{'gender': 'male', 'name': {'title': 'Mr', 'first': 'Lorenzo', 'last': 'de la Crúz'}, 'location': {'street': {'number': 7570, 'name': 'Continuación Azerbaiyán'}, 'city': 'Xaloxtoc', 'state': 'Guanajuato', 'country': 'Mexico', 'postcode': 35480, 'coordinates': {'latitude': '25.3321', 'longitude': '-126.0183'}, 'timezone': {'offset': '+1:00', 'description': 'Brussels, Copenhagen, Madrid, Paris'}}, 'email': 'lorenzo.delacruz@example.com', 'login': {'uuid': '947c6f54-6c90-4d5a-9111-9ed57a94036e', 'username': 'bigbutterfly609', 'password': 'austin1', 'salt': 'yXJa1wPg', 'md5': 'd8a302aa76c49e47f1faa313557d9beb', 'sha1': '52e325618203afe219a2aecef147acc15ae8bb48', 'sha256': '9b02d2f003e2db3bac5c0b0070c4bed606367320fcad1bb0a39c57a0b7ffae93'}, 'dob': {'date': '1996-10-12T16:18:23.102Z', 'age': 27}, 'registered': {'date': '2018-09-04T08:34:26.039Z', 'age': 5}, 'phone': '(646) 520 2386', 'cell': '(634) 597 0727', 'id': {'name': 'NSS', 'value': '35 31 29 0118 5'}, 'picture': {'large': 'https://randomuser.me/api/portraits/men/34.jpg', 'medium': 'https://randomuser.me/api/portraits/med/men/34.jpg', 'thumbnail': 'https://randomuser.me/api/portraits/thumb/men/34.jpg'}, 'nat': 'MX'}</msg>
<arg>${json_data['results'][0]}</arg>
<doc>Logs the given message with the given level.</doc>
<status status="PASS" start="2024-04-16T08:17:40.299731" elapsed="0.000420"/>
</kw>
<kw name="Log" owner="BuiltIn">
<msg time="2024-04-16T08:17:40.300582" level="INFO">gender</msg>
<arg>${key}</arg>
<doc>Logs the given message with the given level.</doc>
<status status="PASS" start="2024-04-16T08:17:40.300452" elapsed="0.000168"/>
</kw>
<var name="${key}">gender</var>
<status status="PASS" start="2024-04-16T08:17:40.298847" elapsed="0.002003"/>
</iter>
<iter>
<kw name="Dictionary Should Contain Key" owner="Collections">
<msg time="2024-04-16T08:17:40.301555" level="INFO">False</msg>
<arg>${json_data['results'][0]}</arg>
<arg>${key}</arg>
<doc>Fails if ``key`` is not found from ``dictionary``.</doc>
<status status="PASS" start="2024-04-16T08:17:40.301158" elapsed="0.000469"/>
</kw>
<kw name="Log" owner="BuiltIn">
<msg time="2024-04-16T08:17:40.302344" level="INFO">{'gender': 'male', 'name': {'title': 'Mr', 'first': 'Lorenzo', 'last': 'de la Crúz'}, 'location': {'street': {'number': 7570, 'name': 'Continuación Azerbaiyán'}, 'city': 'Xaloxtoc', 'state': 'Guanajuato', 'country': 'Mexico', 'postcode': 35480, 'coordinates': {'latitude': '25.3321', 'longitude': '-126.0183'}, 'timezone': {'offset': '+1:00', 'description': 'Brussels, Copenhagen, Madrid, Paris'}}, 'email': 'lorenzo.delacruz@example.com', 'login': {'uuid': '947c6f54-6c90-4d5a-9111-9ed57a94036e', 'username': 'bigbutterfly609', 'password': 'austin1', 'salt': 'yXJa1wPg', 'md5': 'd8a302aa76c49e47f1faa313557d9beb', 'sha1': '52e325618203afe219a2aecef147acc15ae8bb48', 'sha256': '9b02d2f003e2db3bac5c0b0070c4bed606367320fcad1bb0a39c57a0b7ffae93'}, 'dob': {'date': '1996-10-12T16:18:23.102Z', 'age': 27}, 'registered': {'date': '2018-09-04T08:34:26.039Z', 'age': 5}, 'phone': '(646) 520 2386', 'cell': '(634) 597 0727', 'id': {'name': 'NSS', 'value': '35 31 29 0118 5'}, 'picture': {'large': 'https://randomuser.me/api/portraits/men/34.jpg', 'medium': 'https://randomuser.me/api/portraits/med/men/34.jpg', 'thumbnail': 'https://randomuser.me/api/portraits/thumb/men/34.jpg'}, 'nat': 'MX'}</msg>
<arg>${json_data['results'][0]}</arg>
<doc>Logs the given message with the given level.</doc>
<status status="PASS" start="2024-04-16T08:17:40.301941" elapsed="0.000465"/>
</kw>
<kw name="Log" owner="BuiltIn">
<msg time="2024-04-16T08:17:40.302878" level="INFO">name</msg>
<arg>${key}</arg>
<doc>Logs the given message with the given level.</doc>
<status status="PASS" start="2024-04-16T08:17:40.302745" elapsed="0.000173"/>
</kw>
<var name="${key}">name</var>
<status status="PASS" start="2024-04-16T08:17:40.301041" elapsed="0.002100"/>
</iter>
<iter>
<kw name="Dictionary Should Contain Key" owner="Collections">
<msg time="2024-04-16T08:17:40.303819" level="INFO">False</msg>
<arg>${json_data['results'][0]}</arg>
<arg>${key}</arg>
<doc>Fails if ``key`` is not found from ``dictionary``.</doc>
<status status="PASS" start="2024-04-16T08:17:40.303434" elapsed="0.000424"/>
</kw>
<kw name="Log" owner="BuiltIn">
<msg time="2024-04-16T08:17:40.304536" level="INFO">{'gender': 'male', 'name': {'title': 'Mr', 'first': 'Lorenzo', 'last': 'de la Crúz'}, 'location': {'street': {'number': 7570, 'name': 'Continuación Azerbaiyán'}, 'city': 'Xaloxtoc', 'state': 'Guanajuato', 'country': 'Mexico', 'postcode': 35480, 'coordinates': {'latitude': '25.3321', 'longitude': '-126.0183'}, 'timezone': {'offset': '+1:00', 'description': 'Brussels, Copenhagen, Madrid, Paris'}}, 'email': 'lorenzo.delacruz@example.com', 'login': {'uuid': '947c6f54-6c90-4d5a-9111-9ed57a94036e', 'username': 'bigbutterfly609', 'password': 'austin1', 'salt': 'yXJa1wPg', 'md5': 'd8a302aa76c49e47f1faa313557d9beb', 'sha1': '52e325618203afe219a2aecef147acc15ae8bb48', 'sha256': '9b02d2f003e2db3bac5c0b0070c4bed606367320fcad1bb0a39c57a0b7ffae93'}, 'dob': {'date': '1996-10-12T16:18:23.102Z', 'age': 27}, 'registered': {'date': '2018-09-04T08:34:26.039Z', 'age': 5}, 'phone': '(646) 520 2386', 'cell': '(634) 597 0727', 'id': {'name': 'NSS', 'value': '35 31 29 0118 5'}, 'picture': {'large': 'https://randomuser.me/api/portraits/men/34.jpg', 'medium': 'https://randomuser.me/api/portraits/med/men/34.jpg', 'thumbnail': 'https://randomuser.me/api/portraits/thumb/men/34.jpg'}, 'nat': 'MX'}</msg>
<arg>${json_data['results'][0]}</arg>
<doc>Logs the given message with the given level.</doc>
<status status="PASS" start="2024-04-16T08:17:40.304170" elapsed="0.000417"/>
</kw>
<kw name="Log" owner="BuiltIn">
<msg time="2024-04-16T08:17:40.305023" level="INFO">location</msg>
<arg>${key}</arg>
<doc>Logs the given message with the given level.</doc>
<status status="PASS" start="2024-04-16T08:17:40.304892" elapsed="0.000171"/>
</kw>
<var name="${key}">location</var>
<status status="PASS" start="2024-04-16T08:17:40.303321" elapsed="0.001970"/>
</iter>
<iter>
<kw name="Dictionary Should Contain Key" owner="Collections">
<msg time="2024-04-16T08:17:40.305992" level="INFO">False</msg>
<arg>${json_data['results'][0]}</arg>
<arg>${key}</arg>
<doc>Fails if ``key`` is not found from ``dictionary``.</doc>
<status status="PASS" start="2024-04-16T08:17:40.305591" elapsed="0.000440"/>
</kw>
<kw name="Log" owner="BuiltIn">
<msg time="2024-04-16T08:17:40.306758" level="INFO">{'gender': 'male', 'name': {'title': 'Mr', 'first': 'Lorenzo', 'last': 'de la Crúz'}, 'location': {'street': {'number': 7570, 'name': 'Continuación Azerbaiyán'}, 'city': 'Xaloxtoc', 'state': 'Guanajuato', 'country': 'Mexico', 'postcode': 35480, 'coordinates': {'latitude': '25.3321', 'longitude': '-126.0183'}, 'timezone': {'offset': '+1:00', 'description': 'Brussels, Copenhagen, Madrid, Paris'}}, 'email': 'lorenzo.delacruz@example.com', 'login': {'uuid': '947c6f54-6c90-4d5a-9111-9ed57a94036e', 'username': 'bigbutterfly609', 'password': 'austin1', 'salt': 'yXJa1wPg', 'md5': 'd8a302aa76c49e47f1faa313557d9beb', 'sha1': '52e325618203afe219a2aecef147acc15ae8bb48', 'sha256': '9b02d2f003e2db3bac5c0b0070c4bed606367320fcad1bb0a39c57a0b7ffae93'}, 'dob': {'date': '1996-10-12T16:18:23.102Z', 'age': 27}, 'registered': {'date': '2018-09-04T08:34:26.039Z', 'age': 5}, 'phone': '(646) 520 2386', 'cell': '(634) 597 0727', 'id': {'name': 'NSS', 'value': '35 31 29 0118 5'}, 'picture': {'large': 'https://randomuser.me/api/portraits/men/34.jpg', 'medium': 'https://randomuser.me/api/portraits/med/men/34.jpg', 'thumbnail': 'https://randomuser.me/api/portraits/thumb/men/34.jpg'}, 'nat': 'MX'}</msg>
<arg>${json_data['results'][0]}</arg>
<doc>Logs the given message with the given level.</doc>
<status status="PASS" start="2024-04-16T08:17:40.306372" elapsed="0.000438"/>
</kw>
<kw name="Log" owner="BuiltIn">
<msg time="2024-04-16T08:17:40.307247" level="INFO">email</msg>
<arg>${key}</arg>
<doc>Logs the given message with the given level.</doc>
<status status="PASS" start="2024-04-16T08:17:40.307118" elapsed="0.000168"/>
</kw>
<var name="${key}">email</var>
<status status="PASS" start="2024-04-16T08:17:40.305471" elapsed="0.002034"/>
</iter>
<iter>
<kw name="Dictionary Should Contain Key" owner="Collections">
<msg time="2024-04-16T08:17:40.308174" level="INFO">False</msg>
<arg>${json_data['results'][0]}</arg>
<arg>${key}</arg>
<doc>Fails if ``key`` is not found from ``dictionary``.</doc>
<status status="PASS" start="2024-04-16T08:17:40.307795" elapsed="0.000418"/>
</kw>
<kw name="Log" owner="BuiltIn">
<msg time="2024-04-16T08:17:40.308883" level="INFO">{'gender': 'male', 'name': {'title': 'Mr', 'first': 'Lorenzo', 'last': 'de la Crúz'}, 'location': {'street': {'number': 7570, 'name': 'Continuación Azerbaiyán'}, 'city': 'Xaloxtoc', 'state': 'Guanajuato', 'country': 'Mexico', 'postcode': 35480, 'coordinates': {'latitude': '25.3321', 'longitude': '-126.0183'}, 'timezone': {'offset': '+1:00', 'description': 'Brussels, Copenhagen, Madrid, Paris'}}, 'email': 'lorenzo.delacruz@example.com', 'login': {'uuid': '947c6f54-6c90-4d5a-9111-9ed57a94036e', 'username': 'bigbutterfly609', 'password': 'austin1', 'salt': 'yXJa1wPg', 'md5': 'd8a302aa76c49e47f1faa313557d9beb', 'sha1': '52e325618203afe219a2aecef147acc15ae8bb48', 'sha256': '9b02d2f003e2db3bac5c0b0070c4bed606367320fcad1bb0a39c57a0b7ffae93'}, 'dob': {'date': '1996-10-12T16:18:23.102Z', 'age': 27}, 'registered': {'date': '2018-09-04T08:34:26.039Z', 'age': 5}, 'phone': '(646) 520 2386', 'cell': '(634) 597 0727', 'id': {'name': 'NSS', 'value': '35 31 29 0118 5'}, 'picture': {'large': 'https://randomuser.me/api/portraits/men/34.jpg', 'medium': 'https://randomuser.me/api/portraits/med/men/34.jpg', 'thumbnail': 'https://randomuser.me/api/portraits/thumb/men/34.jpg'}, 'nat': 'MX'}</msg>
<arg>${json_data['results'][0]}</arg>
<doc>Logs the given message with the given level.</doc>
<status status="PASS" start="2024-04-16T08:17:40.308517" elapsed="0.000417"/>
</kw>
<kw name="Log" owner="BuiltIn">
<msg time="2024-04-16T08:17:40.309393" level="INFO">login</msg>
<arg>${key}</arg>
<doc>Logs the given message with the given level.</doc>
<status status="PASS" start="2024-04-16T08:17:40.309262" elapsed="0.000171"/>
</kw>
<var name="${key}">login</var>
<status status="PASS" start="2024-04-16T08:17:40.307680" elapsed="0.001977"/>
</iter>
<var>${key}</var>
<value>@{expected_keys}</value>
<status status="PASS" start="2024-04-16T08:17:40.298654" elapsed="0.011128"/>
</for>
<kw name="Create List" owner="BuiltIn">
<msg time="2024-04-16T08:17:40.310117" level="INFO">${expected_keysTwo} = ['username', 'password']</msg>
<var>${expected_keysTwo}</var>
<arg>username</arg>
<arg>password</arg>
<doc>Returns a list containing given items.</doc>
<status status="PASS" start="2024-04-16T08:17:40.309975" elapsed="0.000166"/>
</kw>
<for flavor="IN">
<iter>
<kw name="Dictionary Should Contain Key" owner="Collections">
<msg time="2024-04-16T08:17:40.311187" level="INFO">False</msg>
<arg>${json_data['results'][0]['login']}</arg>
<arg>${keyTwo}</arg>
<doc>Fails if ``key`` is not found from ``dictionary``.</doc>
<status status="PASS" start="2024-04-16T08:17:40.310803" elapsed="0.000424"/>
</kw>
<kw name="Dictionary Should Contain Key" owner="Collections">
<msg time="2024-04-16T08:17:40.311915" level="INFO">False</msg>
<arg>${json_data['results'][0]['login']}</arg>
<arg>${keyTwo}</arg>
<doc>Fails if ``key`` is not found from ``dictionary``.</doc>
<status status="PASS" start="2024-04-16T08:17:40.311533" elapsed="0.000420"/>
</kw>
<kw name="Log" owner="BuiltIn">
<msg time="2024-04-16T08:17:40.312382" level="INFO">username</msg>
<arg>${keyTwo}</arg>
<doc>Logs the given message with the given level.</doc>
<status status="PASS" start="2024-04-16T08:17:40.312252" elapsed="0.000168"/>
</kw>
<var name="${keyTwo}">username</var>
<status status="PASS" start="2024-04-16T08:17:40.310684" elapsed="0.001955"/>
</iter>
<iter>
<kw name="Dictionary Should Contain Key" owner="Collections">
<msg time="2024-04-16T08:17:40.313312" level="INFO">False</msg>
<arg>${json_data['results'][0]['login']}</arg>
<arg>${keyTwo}</arg>
<doc>Fails if ``key`` is not found from ``dictionary``.</doc>
<status status="PASS" start="2024-04-16T08:17:40.312926" elapsed="0.000426"/>
</kw>
<kw name="Dictionary Should Contain Key" owner="Collections">
<msg time="2024-04-16T08:17:40.314059" level="INFO">False</msg>
<arg>${json_data['results'][0]['login']}</arg>
<arg>${keyTwo}</arg>
<doc>Fails if ``key`` is not found from ``dictionary``.</doc>
<status status="PASS" start="2024-04-16T08:17:40.313662" elapsed="0.000434"/>
</kw>
<kw name="Log" owner="BuiltIn">
<msg time="2024-04-16T08:17:40.314626" level="INFO">password</msg>
<arg>${keyTwo}</arg>
<doc>Logs the given message with the given level.</doc>
<status status="PASS" start="2024-04-16T08:17:40.314461" elapsed="0.000215"/>
</kw>
<var name="${keyTwo}">password</var>
<status status="PASS" start="2024-04-16T08:17:40.312814" elapsed="0.002117"/>
</iter>
<var>${keyTwo}</var>
<value>@{expected_keysTwo}</value>
<status status="PASS" start="2024-04-16T08:17:40.310412" elapsed="0.004644"/>
</for>
<status status="PASS" start="2024-04-16T08:17:40.189961" elapsed="0.125245"/>
</kw>
<doc>Testa a estrutura da resposta da API.</doc>
<tag>testeEstruturaResposta</tag>
<status status="PASS" start="2024-04-16T08:17:40.189285" elapsed="0.126085"/>
</test>
<test id="s1-s1-t4" name="Validar tipos de dados" line="28">
<kw name="Teste de Tipos de Dados" owner="random-user-service">
<kw name="GET On Session" owner="RequestsLibrary">
<msg time="2024-04-16T08:17:40.384516" level="INFO">GET Request : url=https://randomuser.me/api 
 path_url=/api 
 headers={'User-Agent': 'python-requests/2.31.0', 'Accept-Encoding': 'gzip, deflate', 'Accept': '*/*', 'Connection': 'keep-alive'} 
 body=None 
 </msg>
<msg time="2024-04-16T08:17:40.384611" level="INFO">GET Response : url=https://randomuser.me/api 
 status=200, reason=OK 
 headers={'Date': 'Tue, 16 Apr 2024 08:17:40 GMT', 'Content-Type': 'application/json; charset=utf-8', 'Transfer-Encoding': 'chunked', 'Connection': 'keep-alive', 'X-Powered-By': 'Express', 'Access-Control-Allow-Origin': '*', 'Cache-Control': 'no-cache', 'ETag': 'W/"4a0-nPa+o/i1X/DoN8pnr7LCmHNbDH0"', 'Vary': 'Accept-Encoding', 'Content-Encoding': 'gzip', 'CF-Cache-Status': 'DYNAMIC', 'Report-To': '{"endpoints":[{"url":"https:\\/\\/a.nel.cloudflare.com\\/report\\/v4?s=BsWdpvTugLa0CBfpxtgBzgKKySat9HQw089EyQs4L%2BkXqS6w%2BBxjBB72NjBClMovcTDtLfvuNtg5LTfI0T5a6%2BrYzoamPPC93eKzQCURMnhkkNOBal6PI50UnNFlpOsY"}],"group":"cf-nel","max_age":604800}', 'NEL': '{"success_fraction":0,"report_to":"cf-nel","max_age":604800}', 'Server': 'cloudflare', 'CF-RAY': '8752bd82fb95080a-IAD', 'alt-svc': 'h3=":443"; ma=86400'} 
 body={"results":[{"gender":"male","name":{"title":"Mr","first":"Simão","last":"da Rosa"},"location":{"street":{"number":8986,"name":"Rua Vinte E Quatro de Outubro"},"city":"Caxias","state":"São Paulo","country":"Brazil","postcode":44485,"coordinates":{"latitude":"-76.5491","longitude":"-133.4132"},"timezone":{"offset":"+4:00","description":"Abu Dhabi, Muscat, Baku, Tbilisi"}},"email":"simao.darosa@example.com","login":{"uuid":"e59ef3f6-43e1-4e6d-8bea-f088b92a2edd","username":"tinymouse968","password":"reaper","salt":"sl6e3y1H","md5":"c741bdb979dac82233a55bcda1442d4a","sha1":"a2bfc820eaa82eccadc2bb40a0d2d8c71998ca95","sha256":"f9742c1a21847c1633ed37dcd8e2d3722b3ce97f5fc02e0096b24eeb0a88184a"},"dob":{"date":"1947-03-26T03:12:24.684Z","age":77},"registered":{"date":"2012-10-25T14:43:05.742Z","age":11},"phone":"(76) 1618-8852","cell":"(90) 3512-4567","id":{"name":"CPF","value":"027.975.868-05"},"picture":{"large":"https://randomuser.me/api/portraits/men/55.jpg","medium":"https://randomuser.me/api/portraits/med/men/55.jpg","thumbnail":"https://randomuser.me/api/portraits/thumb/men/55.jpg"},"nat":"BR"}],"info":{"seed":"8294147f4cbe7469","results":1,"page":1,"version":"1.4"}} 
 </msg>
<msg time="2024-04-16T08:17:40.384688" level="INFO">/opt/hostedtoolcache/Python/3.12.2/x64/lib/python3.12/site-packages/urllib3/connectionpool.py:1103: InsecureRequestWarning: Unverified HTTPS request is being made to host 'randomuser.me'. Adding certificate verification is strongly advised. See: https://urllib3.readthedocs.io/en/latest/advanced-usage.html#tls-warnings
  warnings.warn(</msg>
<msg time="2024-04-16T08:17:40.384819" level="INFO">${response} = &lt;Response [200]&gt;</msg>
<var>${response}</var>
<arg>consultarAPI</arg>
<arg>/api</arg>
<doc>Sends a GET request on a previously created HTTP Session.</doc>
<status status="PASS" start="2024-04-16T08:17:40.317904" elapsed="0.066961"/>
</kw>
<kw name="Set Variable" owner="BuiltIn">
<msg time="2024-04-16T08:17:40.386039" level="INFO">${json_data} = {'results': [{'gender': 'male', 'name': {'title': 'Mr', 'first': 'Simão', 'last': 'da Rosa'}, 'location': {'street': {'number': 8986, 'name': 'Rua Vinte E Quatro de Outubro'}, 'city': 'Caxias', 'state...</msg>
<var>${json_data}</var>
<arg>${response.json()}</arg>
<doc>Returns the given values which can then be assigned to a variables.</doc>
<status status="PASS" start="2024-04-16T08:17:40.385446" elapsed="0.000623"/>
</kw>
<kw name="Log" owner="BuiltIn">
<msg time="2024-04-16T08:17:40.386600" level="INFO">{'results': [{'gender': 'male', 'name': {'title': 'Mr', 'first': 'Simão', 'last': 'da Rosa'}, 'location': {'street': {'number': 8986, 'name': 'Rua Vinte E Quatro de Outubro'}, 'city': 'Caxias', 'state': 'São Paulo', 'country': 'Brazil', 'postcode': 44485, 'coordinates': {'latitude': '-76.5491', 'longitude': '-133.4132'}, 'timezone': {'offset': '+4:00', 'description': 'Abu Dhabi, Muscat, Baku, Tbilisi'}}, 'email': 'simao.darosa@example.com', 'login': {'uuid': 'e59ef3f6-43e1-4e6d-8bea-f088b92a2edd', 'username': 'tinymouse968', 'password': 'reaper', 'salt': 'sl6e3y1H', 'md5': 'c741bdb979dac82233a55bcda1442d4a', 'sha1': 'a2bfc820eaa82eccadc2bb40a0d2d8c71998ca95', 'sha256': 'f9742c1a21847c1633ed37dcd8e2d3722b3ce97f5fc02e0096b24eeb0a88184a'}, 'dob': {'date': '1947-03-26T03:12:24.684Z', 'age': 77}, 'registered': {'date': '2012-10-25T14:43:05.742Z', 'age': 11}, 'phone': '(76) 1618-8852', 'cell': '(90) 3512-4567', 'id': {'name': 'CPF', 'value': '027.975.868-05'}, 'picture': {'large': 'https://randomuser.me/api/portraits/men/55.jpg', 'medium': 'https://randomuser.me/api/portraits/med/men/55.jpg', 'thumbnail': 'https://randomuser.me/api/portraits/thumb/men/55.jpg'}, 'nat': 'BR'}], 'info': {'seed': '8294147f4cbe7469', 'results': 1, 'page': 1, 'version': '1.4'}}</msg>
<arg>${json_data}</arg>
<doc>Logs the given message with the given level.</doc>
<status status="PASS" start="2024-04-16T08:17:40.386420" elapsed="0.000268"/>
</kw>
<kw name="Should Be String" owner="String">
<arg>${json_data['results'][0]['gender']}</arg>
<doc>Fails if the given ``item`` is not a string.</doc>
<status status="PASS" start="2024-04-16T08:17:40.387007" elapsed="0.000377"/>
</kw>
<kw name="Should Match Regexp" owner="BuiltIn">
<arg>${json_data['results'][0]['email']}</arg>
<arg>^[a-zA-Z0-9._%+-]+@[a-zA-Z0-9.-]+\.[a-zA-Z]{2,}$</arg>
<doc>Fails if ``string`` does not match ``pattern`` as a regular expression.</doc>
<status status="PASS" start="2024-04-16T08:17:40.387585" elapsed="0.000529"/>
</kw>
<kw name="Should Match Regexp" owner="BuiltIn">
<arg>${json_data['results'][0]['dob']['date']}</arg>
<arg>\\d{4}-\\d{2}-\\d{2}T\\d{2}:\\d{2}:\\d{2}\\.\\d{3}Z</arg>
<doc>Fails if ``string`` does not match ``pattern`` as a regular expression.</doc>
<status status="PASS" start="2024-04-16T08:17:40.388320" elapsed="0.000508"/>
</kw>
<kw name="Should Match Regexp" owner="BuiltIn">
<arg>${json_data['results'][0]['registered']['date']}</arg>
<arg>\\d{4}-\\d{2}-\\d{2}T\\d{2}:\\d{2}:\\d{2}\\.\\d{3}Z</arg>
<doc>Fails if ``string`` does not match ``pattern`` as a regular expression.</doc>
<status status="PASS" start="2024-04-16T08:17:40.389036" elapsed="0.000375"/>
</kw>
<kw name="Should Match Regexp" owner="BuiltIn">
<arg>${json_data['results'][0]['picture']['large']}</arg>
<arg>^https?://.*\.(?:png|jpe?g|gif|bmp)$</arg>
<doc>Fails if ``string`` does not match ``pattern`` as a regular expression.</doc>
<status status="PASS" start="2024-04-16T08:17:40.389607" elapsed="0.000469"/>
</kw>
<kw name="Should Match Regexp" owner="BuiltIn">
<arg>${json_data['results'][0]['picture']['medium']}</arg>
<arg>^https?://.*\.(?:png|jpe?g|gif|bmp)$</arg>
<doc>Fails if ``string`` does not match ``pattern`` as a regular expression.</doc>
<status status="PASS" start="2024-04-16T08:17:40.390274" elapsed="0.000412"/>
</kw>
<kw name="Should Match Regexp" owner="BuiltIn">
<arg>${json_data['results'][0]['picture']['thumbnail']}</arg>
<arg>^https?://.*\.(?:png|jpe?g|gif|bmp)$</arg>
<doc>Fails if ``string`` does not match ``pattern`` as a regular expression.</doc>
<status status="PASS" start="2024-04-16T08:17:40.390885" elapsed="0.000365"/>
</kw>
<kw name="Log" owner="BuiltIn">
<msg time="2024-04-16T08:17:40.391780" level="INFO">{'large': 'https://randomuser.me/api/portraits/men/55.jpg', 'medium': 'https://randomuser.me/api/portraits/med/men/55.jpg', 'thumbnail': 'https://randomuser.me/api/portraits/thumb/men/55.jpg'}</msg>
<arg>${json_data['results'][0]['picture']}</arg>
<doc>Logs the given message with the given level.</doc>
<status status="PASS" start="2024-04-16T08:17:40.391443" elapsed="0.000381"/>
</kw>
<status status="PASS" start="2024-04-16T08:17:40.317666" elapsed="0.074428"/>
</kw>
<kw name="Teste de Tipos de Dados - Postcode" owner="random-user-service">
<kw name="GET On Session" owner="RequestsLibrary">
<msg time="2024-04-16T08:17:40.482919" level="INFO">GET Request : url=https://randomuser.me/api 
 path_url=/api 
 headers={'User-Agent': 'python-requests/2.31.0', 'Accept-Encoding': 'gzip, deflate', 'Accept': '*/*', 'Connection': 'keep-alive'} 
 body=None 
 </msg>
<msg time="2024-04-16T08:17:40.482986" level="INFO">GET Response : url=https://randomuser.me/api 
 status=200, reason=OK 
 headers={'Date': 'Tue, 16 Apr 2024 08:17:40 GMT', 'Content-Type': 'application/json; charset=utf-8', 'Transfer-Encoding': 'chunked', 'Connection': 'keep-alive', 'X-Powered-By': 'Express', 'Access-Control-Allow-Origin': '*', 'Cache-Control': 'no-cache', 'ETag': 'W/"47f-ORvb8Ztio+EMMZi3PlU/odpnhC0"', 'Vary': 'Accept-Encoding', 'Content-Encoding': 'gzip', 'CF-Cache-Status': 'DYNAMIC', 'Report-To': '{"endpoints":[{"url":"https:\\/\\/a.nel.cloudflare.com\\/report\\/v4?s=tkUmH2zcE%2F%2BRqMCBOkUFWZj%2BXOUnigY98dL%2BFxt1C5xksZthiCWegcWl6e5ZvWkl20SgmUyNL5J5Yv1jlBOkMTPqclfXYXFqdTor1Xz26pRh3bW6YbKkp5%2BFrYzUMpvZ"}],"group":"cf-nel","max_age":604800}', 'NEL': '{"success_fraction":0,"report_to":"cf-nel","max_age":604800}', 'Server': 'cloudflare', 'CF-RAY': '8752bd837bfa080a-IAD', 'alt-svc': 'h3=":443"; ma=86400'} 
 body={"results":[{"gender":"male","name":{"title":"Mr","first":"Brendan","last":"Watts"},"location":{"street":{"number":6627,"name":"Dublin Road"},"city":"Newcastle West","state":"Monaghan","country":"Ireland","postcode":63096,"coordinates":{"latitude":"-3.0555","longitude":"-151.9307"},"timezone":{"offset":"+6:00","description":"Almaty, Dhaka, Colombo"}},"email":"brendan.watts@example.com","login":{"uuid":"1fca2bb9-e1d8-49f6-a869-537093f5a714","username":"happymeercat386","password":"kevin","salt":"4gZIK7BN","md5":"b3584bc58d747234f0141f0d39f06cb7","sha1":"e44e3b8c588db82ea9a538979917c12a80fd5336","sha256":"ac682c96fb6ef3e83f759bcaa7cced59e4f41cd6b355e817cb97d7a07db07544"},"dob":{"date":"1957-07-08T05:47:59.226Z","age":66},"registered":{"date":"2012-02-22T14:25:28.700Z","age":12},"phone":"041-293-6413","cell":"081-119-9933","id":{"name":"PPS","value":"0301279T"},"picture":{"large":"https://randomuser.me/api/portraits/men/6.jpg","medium":"https://randomuser.me/api/portraits/med/men/6.jpg","thumbnail":"https://randomuser.me/api/portraits/thumb/men/6.jpg"},"nat":"IE"}],"info":{"seed":"f469b4bac4a93840","results":1,"page":1,"version":"1.4"}} 
 </msg>
<msg time="2024-04-16T08:17:40.483057" level="INFO">/opt/hostedtoolcache/Python/3.12.2/x64/lib/python3.12/site-packages/urllib3/connectionpool.py:1103: InsecureRequestWarning: Unverified HTTPS request is being made to host 'randomuser.me'. Adding certificate verification is strongly advised. See: https://urllib3.readthedocs.io/en/latest/advanced-usage.html#tls-warnings
  warnings.warn(</msg>
<msg time="2024-04-16T08:17:40.483151" level="INFO">${response} = &lt;Response [200]&gt;</msg>
<var>${response}</var>
<arg>consultarAPI</arg>
<arg>/api</arg>
<doc>Sends a GET request on a previously created HTTP Session.</doc>
<status status="PASS" start="2024-04-16T08:17:40.392586" elapsed="0.090605"/>
</kw>
<kw name="Set Variable" owner="BuiltIn">
<msg time="2024-04-16T08:17:40.484248" level="INFO">${json_data} = {'results': [{'gender': 'male', 'name': {'title': 'Mr', 'first': 'Brendan', 'last': 'Watts'}, 'location': {'street': {'number': 6627, 'name': 'Dublin Road'}, 'city': 'Newcastle West', 'state': 'Monagh...</msg>
<var>${json_data}</var>
<arg>${response.json()}</arg>
<doc>Returns the given values which can then be assigned to a variables.</doc>
<status status="PASS" start="2024-04-16T08:17:40.483655" elapsed="0.000623"/>
</kw>
<kw name="Log" owner="BuiltIn">
<msg time="2024-04-16T08:17:40.484757" level="INFO">{'results': [{'gender': 'male', 'name': {'title': 'Mr', 'first': 'Brendan', 'last': 'Watts'}, 'location': {'street': {'number': 6627, 'name': 'Dublin Road'}, 'city': 'Newcastle West', 'state': 'Monaghan', 'country': 'Ireland', 'postcode': 63096, 'coordinates': {'latitude': '-3.0555', 'longitude': '-151.9307'}, 'timezone': {'offset': '+6:00', 'description': 'Almaty, Dhaka, Colombo'}}, 'email': 'brendan.watts@example.com', 'login': {'uuid': '1fca2bb9-e1d8-49f6-a869-537093f5a714', 'username': 'happymeercat386', 'password': 'kevin', 'salt': '4gZIK7BN', 'md5': 'b3584bc58d747234f0141f0d39f06cb7', 'sha1': 'e44e3b8c588db82ea9a538979917c12a80fd5336', 'sha256': 'ac682c96fb6ef3e83f759bcaa7cced59e4f41cd6b355e817cb97d7a07db07544'}, 'dob': {'date': '1957-07-08T05:47:59.226Z', 'age': 66}, 'registered': {'date': '2012-02-22T14:25:28.700Z', 'age': 12}, 'phone': '041-293-6413', 'cell': '081-119-9933', 'id': {'name': 'PPS', 'value': '0301279T'}, 'picture': {'large': 'https://randomuser.me/api/portraits/men/6.jpg', 'medium': 'https://randomuser.me/api/portraits/med/men/6.jpg', 'thumbnail': 'https://randomuser.me/api/portraits/thumb/men/6.jpg'}, 'nat': 'IE'}], 'info': {'seed': 'f469b4bac4a93840', 'results': 1, 'page': 1, 'version': '1.4'}}</msg>
<arg>${json_data}</arg>
<doc>Logs the given message with the given level.</doc>
<status status="PASS" start="2024-04-16T08:17:40.484601" elapsed="0.000235"/>
</kw>
<kw name="Should Be Equal As Numbers" owner="BuiltIn">
<arg>${json_data['results'][0]['location']['postcode']}</arg>
<arg>${json_data['results'][0]['location']['postcode']}</arg>
<doc>Fails if objects are unequal after converting them to real numbers.</doc>
<status status="PASS" start="2024-04-16T08:17:40.485146" elapsed="0.000648"/>
</kw>
<kw name="Log" owner="BuiltIn">
<msg time="2024-04-16T08:17:40.486384" level="INFO">63096</msg>
<arg>${json_data['results'][0]['location']['postcode']}</arg>
<doc>Logs the given message with the given level.</doc>
<status status="PASS" start="2024-04-16T08:17:40.486003" elapsed="0.000427"/>
</kw>
<status status="PASS" start="2024-04-16T08:17:40.392343" elapsed="0.094351"/>
</kw>
<doc>Testa se os tipos de dados na resposta da API estão corretos.</doc>
<tag>testeTiposDados</tag>
<status status="PASS" start="2024-04-16T08:17:40.317187" elapsed="0.169681"/>
</test>
<test id="s1-s1-t5" name="Validar conteudo" line="35">
<kw name="Teste de Tipos de Conteudo" owner="random-user-service">
<kw name="GET On Session" owner="RequestsLibrary">
<msg time="2024-04-16T08:17:40.581415" level="INFO">GET Request : url=https://randomuser.me/api 
 path_url=/api 
 headers={'User-Agent': 'python-requests/2.31.0', 'Accept-Encoding': 'gzip, deflate', 'Accept': '*/*', 'Connection': 'keep-alive'} 
 body=None 
 </msg>
<msg time="2024-04-16T08:17:40.581494" level="INFO">GET Response : url=https://randomuser.me/api 
 status=200, reason=OK 
 headers={'Date': 'Tue, 16 Apr 2024 08:17:40 GMT', 'Content-Type': 'application/json; charset=utf-8', 'Transfer-Encoding': 'chunked', 'Connection': 'keep-alive', 'X-Powered-By': 'Express', 'Access-Control-Allow-Origin': '*', 'Cache-Control': 'no-cache', 'ETag': 'W/"497-Xrnth4qsWbKvdH78NIiyKAMQNBU"', 'Vary': 'Accept-Encoding', 'Content-Encoding': 'gzip', 'CF-Cache-Status': 'DYNAMIC', 'Report-To': '{"endpoints":[{"url":"https:\\/\\/a.nel.cloudflare.com\\/report\\/v4?s=ir3aQYHw4NaoHS592HI8mgfIqLHr6HLZcW9BRV%2B2MJTk0YMEiDsBKcrX0p2EEAiG%2BI3MaJQVlAJ8qex45AKBzzbyKzsmvk8zg3lltDN4CRikXJJAjMA%2FL%2B7GCypfT93C"}],"group":"cf-nel","max_age":604800}', 'NEL': '{"success_fraction":0,"report_to":"cf-nel","max_age":604800}', 'Server': 'cloudflare', 'CF-RAY': '8752bd841c73080a-IAD', 'alt-svc': 'h3=":443"; ma=86400'} 
 body={"results":[{"gender":"male","name":{"title":"Mr","first":"Orest","last":"Markus"},"location":{"street":{"number":7817,"name":"Gvardiyskiy prospekt"},"city":"Stebnik","state":"Ivano-Frankivska","country":"Ukraine","postcode":15630,"coordinates":{"latitude":"78.1780","longitude":"-137.7341"},"timezone":{"offset":"+3:00","description":"Baghdad, Riyadh, Moscow, St. Petersburg"}},"email":"orest.markus@example.com","login":{"uuid":"a88c3d51-eedb-44f3-988f-605d4b503d81","username":"orangezebra479","password":"looking","salt":"44ZRt8pu","md5":"ff1575841a0e1da6b17e7804f961cdcf","sha1":"9a0f7f1f9029df853d5180e47e6ec5c3240b44ed","sha256":"2f9c17190257d55d76c62d41b420f85112057aa08cc0a1925fcd0d01c1c99145"},"dob":{"date":"1947-05-10T19:43:00.899Z","age":76},"registered":{"date":"2009-09-21T12:27:12.682Z","age":14},"phone":"(068) T30-1850","cell":"(099) H97-5953","id":{"name":"","value":null},"picture":{"large":"https://randomuser.me/api/portraits/men/85.jpg","medium":"https://randomuser.me/api/portraits/med/men/85.jpg","thumbnail":"https://randomuser.me/api/portraits/thumb/men/85.jpg"},"nat":"UA"}],"info":{"seed":"3e2c9e905b125769","results":1,"page":1,"version":"1.4"}} 
 </msg>
<msg time="2024-04-16T08:17:40.581562" level="INFO">/opt/hostedtoolcache/Python/3.12.2/x64/lib/python3.12/site-packages/urllib3/connectionpool.py:1103: InsecureRequestWarning: Unverified HTTPS request is being made to host 'randomuser.me'. Adding certificate verification is strongly advised. See: https://urllib3.readthedocs.io/en/latest/advanced-usage.html#tls-warnings
  warnings.warn(</msg>
<msg time="2024-04-16T08:17:40.581666" level="INFO">${response} = &lt;Response [200]&gt;</msg>
<var>${response}</var>
<arg>consultarAPI</arg>
<arg>/api</arg>
<doc>Sends a GET request on a previously created HTTP Session.</doc>
<status status="PASS" start="2024-04-16T08:17:40.489346" elapsed="0.092362"/>
</kw>
<kw name="Set Variable" owner="BuiltIn">
<msg time="2024-04-16T08:17:40.582672" level="INFO">${json_data} = {'results': [{'gender': 'male', 'name': {'title': 'Mr', 'first': 'Orest', 'last': 'Markus'}, 'location': {'street': {'number': 7817, 'name': 'Gvardiyskiy prospekt'}, 'city': 'Stebnik', 'state': 'Ivano...</msg>
<var>${json_data}</var>
<arg>${response.json()}</arg>
<doc>Returns the given values which can then be assigned to a variables.</doc>
<status status="PASS" start="2024-04-16T08:17:40.582182" elapsed="0.000519"/>
</kw>
<kw name="Set Variable" owner="BuiltIn">
<msg time="2024-04-16T08:17:40.583400" level="INFO">${name_title} = Mr</msg>
<var>${name_title}</var>
<arg>${json_data["results"][0]["name"]["title"]}</arg>
<doc>Returns the given values which can then be assigned to a variables.</doc>
<status status="PASS" start="2024-04-16T08:17:40.583013" elapsed="0.000413"/>
</kw>
<kw name="Create List" owner="BuiltIn">
<msg time="2024-04-16T08:17:40.583896" level="INFO">${allowed_titles} = ['Mr', 'Ms', 'Miss', 'Mrs', 'Madame', 'Monsieur']</msg>
<var>${allowed_titles}</var>
<arg>Mr</arg>
<arg>Ms</arg>
<arg>Miss</arg>
<arg>Mrs</arg>
<arg>Madame</arg>
<arg>Monsieur</arg>
<doc>Returns a list containing given items.</doc>
<status status="PASS" start="2024-04-16T08:17:40.583744" elapsed="0.000178"/>
</kw>
<kw name="List Should Contain Value" owner="Collections">
<msg time="2024-04-16T08:17:40.584418" level="INFO">False</msg>
<arg>${allowed_titles}</arg>
<arg>${name_title}</arg>
<doc>Fails if the ``value`` is not found from ``list``.</doc>
<status status="PASS" start="2024-04-16T08:17:40.584239" elapsed="0.000218"/>
</kw>
<kw name="Set Variable" owner="BuiltIn">
<msg time="2024-04-16T08:17:40.585151" level="INFO">${name_country} = UA</msg>
<var>${name_country}</var>
<arg>${json_data["results"][0]["nat"]}</arg>
<doc>Returns the given values which can then be assigned to a variables.</doc>
<status status="PASS" start="2024-04-16T08:17:40.584762" elapsed="0.000415"/>
</kw>
<kw name="Create List" owner="BuiltIn">
<msg time="2024-04-16T08:17:40.586091" level="INFO">${list_country} = ['AD', 'AE', 'AF', 'AG', 'AI', 'AL', 'AM', 'AO', 'AQ', 'AR', 'AS', 'AT', 'AU', 'AW', 'AX', 'AZ', 'BA', 'BB', 'BD', 'BE', 'BF', 'BG', 'BH', 'BI', 'BJ', 'BL', 'BM', 'BN', 'BO', 'BQ', 'BR', 'BS', 'BT', '...</msg>
<var>${list_country}</var>
<arg>AD</arg>
<arg>AE</arg>
<arg>AF</arg>
<arg>AG</arg>
<arg>AI</arg>
<arg>AL</arg>
<arg>AM</arg>
<arg>AO</arg>
<arg>AQ</arg>
<arg>AR</arg>
<arg>AS</arg>
<arg>AT</arg>
<arg>AU</arg>
<arg>AW</arg>
<arg>AX</arg>
<arg>AZ</arg>
<arg>BA</arg>
<arg>BB</arg>
<arg>BD</arg>
<arg>BE</arg>
<arg>BF</arg>
<arg>BG</arg>
<arg>BH</arg>
<arg>BI</arg>
<arg>BJ</arg>
<arg>BL</arg>
<arg>BM</arg>
<arg>BN</arg>
<arg>BO</arg>
<arg>BQ</arg>
<arg>BR</arg>
<arg>BS</arg>
<arg>BT</arg>
<arg>BV</arg>
<arg>BW</arg>
<arg>BY</arg>
<arg>BZ</arg>
<arg>CA</arg>
<arg>CC</arg>
<arg>CD</arg>
<arg>CF</arg>
<arg>CG</arg>
<arg>CH</arg>
<arg>CI</arg>
<arg>CK</arg>
<arg>CL</arg>
<arg>CM</arg>
<arg>CN</arg>
<arg>CO</arg>
<arg>CR</arg>
<arg>CU</arg>
<arg>CV</arg>
<arg>CW</arg>
<arg>CX</arg>
<arg>CY</arg>
<arg>CZ</arg>
<arg>DE</arg>
<arg>DJ</arg>
<arg>DK</arg>
<arg>DM</arg>
<arg>DO</arg>
<arg>DZ</arg>
<arg>EC</arg>
<arg>EE</arg>
<arg>EG</arg>
<arg>EH</arg>
<arg>ER</arg>
<arg>ES</arg>
<arg>ET</arg>
<arg>FI</arg>
<arg>FJ</arg>
<arg>FK</arg>
<arg>FM</arg>
<arg>FO</arg>
<arg>FR</arg>
<arg>GA</arg>
<arg>GB</arg>
<arg>GD</arg>
<arg>GE</arg>
<arg>GF</arg>
<arg>GG</arg>
<arg>GH</arg>
<arg>GI</arg>
<arg>GL</arg>
<arg>GM</arg>
<arg>GN</arg>
<arg>GP</arg>
<arg>GQ</arg>
<arg>GR</arg>
<arg>GS</arg>
<arg>GT</arg>
<arg>GU</arg>
<arg>GW</arg>
<arg>GY</arg>
<arg>HK</arg>
<arg>HM</arg>
<arg>HN</arg>
<arg>HR</arg>
<arg>HT</arg>
<arg>HU</arg>
<arg>ID</arg>
<arg>IE</arg>
<arg>IL</arg>
<arg>IM</arg>
<arg>IN</arg>
<arg>IO</arg>
<arg>IQ</arg>
<arg>IR</arg>
<arg>IS</arg>
<arg>IT</arg>
<arg>JE</arg>
<arg>JM</arg>
<arg>JO</arg>
<arg>JP</arg>
<arg>KE</arg>
<arg>KG</arg>
<arg>KH</arg>
<arg>KI</arg>
<arg>KM</arg>
<arg>KN</arg>
<arg>KP</arg>
<arg>KR</arg>
<arg>KW</arg>
<arg>KY</arg>
<arg>KZ</arg>
<arg>LA</arg>
<arg>LB</arg>
<arg>LC</arg>
<arg>LI</arg>
<arg>LK</arg>
<arg>LR</arg>
<arg>LS</arg>
<arg>LT</arg>
<arg>LU</arg>
<arg>LV</arg>
<arg>LY</arg>
<arg>MA</arg>
<arg>MC</arg>
<arg>MD</arg>
<arg>ME</arg>
<arg>MF</arg>
<arg>MG</arg>
<arg>MH</arg>
<arg>MK</arg>
<arg>ML</arg>
<arg>MM</arg>
<arg>MN</arg>
<arg>MO</arg>
<arg>MP</arg>
<arg>MQ</arg>
<arg>MR</arg>
<arg>MS</arg>
<arg>MT</arg>
<arg>MU</arg>
<arg>MV</arg>
<arg>MW</arg>
<arg>MX</arg>
<arg>MY</arg>
<arg>MZ</arg>
<arg>NA</arg>
<arg>NC</arg>
<arg>NE</arg>
<arg>NF</arg>
<arg>NG</arg>
<arg>NI</arg>
<arg>NL</arg>
<arg>NO</arg>
<arg>NP</arg>
<arg>NR</arg>
<arg>NU</arg>
<arg>NZ</arg>
<arg>OM</arg>
<arg>PA</arg>
<arg>PE</arg>
<arg>PF</arg>
<arg>PG</arg>
<arg>PH</arg>
<arg>PK</arg>
<arg>PL</arg>
<arg>PM</arg>
<arg>PN</arg>
<arg>PR</arg>
<arg>PS</arg>
<arg>PT</arg>
<arg>PW</arg>
<arg>PY</arg>
<arg>QA</arg>
<arg>RE</arg>
<arg>RO</arg>
<arg>RS</arg>
<arg>RU</arg>
<arg>RW</arg>
<arg>SA</arg>
<arg>SB</arg>
<arg>SC</arg>
<arg>SD</arg>
<arg>SE</arg>
<arg>SG</arg>
<arg>SH</arg>
<arg>SI</arg>
<arg>SJ</arg>
<arg>SK</arg>
<arg>SL</arg>
<arg>SM</arg>
<arg>SN</arg>
<arg>SO</arg>
<arg>SR</arg>
<arg>SS</arg>
<arg>ST</arg>
<arg>SV</arg>
<arg>SX</arg>
<arg>SY</arg>
<arg>SZ</arg>
<arg>TC</arg>
<arg>TD</arg>
<arg>TF</arg>
<arg>TG</arg>
<arg>TH</arg>
<arg>TJ</arg>
<arg>TK</arg>
<arg>TL</arg>
<arg>TM</arg>
<arg>TN</arg>
<arg>TO</arg>
<arg>TR</arg>
<arg>TT</arg>
<arg>TV</arg>
<arg>TW</arg>
<arg>TZ</arg>
<arg>UA</arg>
<arg>UG</arg>
<arg>UM</arg>
<arg>US</arg>
<arg>UY</arg>
<arg>UZ</arg>
<arg>VA</arg>
<arg>VC</arg>
<arg>VE</arg>
<arg>VG</arg>
<arg>VI</arg>
<arg>VN</arg>
<arg>VU</arg>
<arg>WF</arg>
<arg>WS</arg>
<arg>XK</arg>
<arg>YE</arg>
<arg>YT</arg>
<arg>ZA</arg>
<arg>ZM</arg>
<arg>ZW</arg>
<doc>Returns a list containing given items.</doc>
<status status="PASS" start="2024-04-16T08:17:40.585489" elapsed="0.000629"/>
</kw>
<kw name="List Should Contain Value" owner="Collections">
<msg time="2024-04-16T08:17:40.587132" level="INFO">False</msg>
<arg>${list_country}</arg>
<arg>${name_country}</arg>
<doc>Fails if the ``value`` is not found from ``list``.</doc>
<status status="PASS" start="2024-04-16T08:17:40.586926" elapsed="0.000244"/>
</kw>
<kw name="Run Keyword If" owner="BuiltIn">
<kw name="Should Be True" owner="BuiltIn">
<arg>${True}</arg>
<doc>Fails if the given condition is not true.</doc>
<status status="PASS" start="2024-04-16T08:17:40.588399" elapsed="0.000153"/>
</kw>
<arg>${json_data["results"][0]["location"]["coordinates"]["latitude"]} &gt;= -90 and ${json_data["results"][0]["location"]["coordinates"]["latitude"]} &lt;= 90</arg>
<arg>Should Be True</arg>
<arg>${True}</arg>
<doc>Runs the given keyword with the given arguments, if ``condition`` is true.</doc>
<status status="PASS" start="2024-04-16T08:17:40.587499" elapsed="0.001188"/>
</kw>
<kw name="Run Keyword If" owner="BuiltIn">
<kw name="Should Be True" owner="BuiltIn">
<arg>${True}</arg>
<doc>Fails if the given condition is not true.</doc>
<status status="PASS" start="2024-04-16T08:17:40.589606" elapsed="0.000143"/>
</kw>
<arg>${json_data["results"][0]["location"]["coordinates"]["longitude"]} &gt;= -180 and ${json_data["results"][0]["location"]["coordinates"]["longitude"]} &lt;= 180</arg>
<arg>Should Be True</arg>
<arg>${True}</arg>
<doc>Runs the given keyword with the given arguments, if ``condition`` is true.</doc>
<status status="PASS" start="2024-04-16T08:17:40.588880" elapsed="0.001001"/>
</kw>
<status status="PASS" start="2024-04-16T08:17:40.489118" elapsed="0.100895"/>
</kw>
<doc>Testa o conteúdo específico dos campos retornados pela API.</doc>
<tag>testeConteudo</tag>
<status status="PASS" start="2024-04-16T08:17:40.488677" elapsed="0.101486"/>
</test>
<status status="PASS" start="2024-04-16T08:17:39.767436" elapsed="0.824699"/>
</suite>
<status status="PASS" start="2024-04-16T08:17:39.753359" elapsed="0.844055"/>
</suite>
<statistics>
<total>
<stat pass="5" fail="0" skip="0">All Tests</stat>
</total>
<tag>
<stat pass="1" fail="0" skip="0">testeConteudo</stat>
<stat pass="1" fail="0" skip="0">testeEstruturaResposta</stat>
<stat pass="1" fail="0" skip="0">testeRequisicaoBasica</stat>
<stat pass="1" fail="0" skip="0">testeTiposDados</stat>
</tag>
<suite>
<stat pass="5" fail="0" skip="0" id="s1" name="Tests">Tests</stat>
<stat pass="5" fail="0" skip="0" id="s1-s1" name="Random-User-Test">Tests.Random-User-Test</stat>
</suite>
</statistics>
<errors>
</errors>
</robot>
