<?xml version="1.0" encoding="UTF-8"?>
<robot generator="Robot 7.0 (Python 3.12.3 on linux)" generated="2024-06-01T10:15:47.008740" rpa="false" schemaversion="5">
<suite id="s1" name="Tests" source="/home/runner/work/ApiRandomUser/ApiRandomUser/RamdonUser/tests">
<suite id="s1-s1" name="Random-User-Test" source="/home/runner/work/ApiRandomUser/ApiRandomUser/RamdonUser/tests/random-user-test.robot">
<test id="s1-s1-t1" name="Conectar" line="13">
<kw name="Conectar API" owner="random-user-service">
<kw name="Create Session" owner="RequestsLibrary">
<msg time="2024-06-01T10:15:47.424026" level="INFO">Creating Session using : alias=consultarAPI, url=https://randomuser.me/, headers={},                     cookies={}, auth=None, timeout=None, proxies=None, verify=False,                     debug=0 </msg>
<arg>consultarAPI</arg>
<arg>${URL}</arg>
<doc>Create Session: create a HTTP session to a server</doc>
<status status="PASS" start="2024-06-01T10:15:47.423827" elapsed="0.000366"/>
</kw>
<status status="PASS" start="2024-06-01T10:15:47.422822" elapsed="0.001723"/>
</kw>
<status status="PASS" start="2024-06-01T10:15:47.422319" elapsed="0.002418"/>
</test>
<test id="s1-s1-t2" name="Validar retorno 200 e JSON Válido" line="16">
<kw name="Teste de Requisicao Basica" owner="random-user-service">
<kw name="GET On Session" owner="RequestsLibrary">
<msg time="2024-06-01T10:15:47.602923" level="INFO">GET Request : url=https://randomuser.me/api 
 path_url=/api 
 headers={'User-Agent': 'python-requests/2.32.3', 'Accept-Encoding': 'gzip, deflate', 'Accept': '*/*', 'Connection': 'keep-alive'} 
 body=None 
 </msg>
<msg time="2024-06-01T10:15:47.603067" level="INFO">GET Response : url=https://randomuser.me/api 
 status=200, reason=OK 
 headers={'Date': 'Sat, 01 Jun 2024 10:15:47 GMT', 'Content-Type': 'application/json; charset=utf-8', 'Transfer-Encoding': 'chunked', 'Connection': 'keep-alive', 'X-Powered-By': 'Express', 'Access-Control-Allow-Origin': '*', 'Cache-Control': 'no-cache', 'ETag': 'W/"473-aN/NqvjA/Il/HmBgWEwzSc2GYZs"', 'Vary': 'Accept-Encoding', 'Content-Encoding': 'gzip', 'CF-Cache-Status': 'DYNAMIC', 'Report-To': '{"endpoints":[{"url":"https:\\/\\/a.nel.cloudflare.com\\/report\\/v4?s=jef91c5Aj2sp1%2BR7xivtwPQBfmyOkZbjdK8oM%2Bgpn5JGxIQRO6gHvU9g6U1XahbKMKQ0OhQ%2B7oGi8nKTeX7znsXHIpE7xf4EcxTzEevuwxZDIGxSDqNLRRzkL7oDQVBl"}],"group":"cf-nel","max_age":604800}', 'NEL': '{"success_fraction":0,"report_to":"cf-nel","max_age":604800}', 'Server': 'cloudflare', 'CF-RAY': '88ce71ca48a8200c-IAD', 'alt-svc': 'h3=":443"; ma=86400'} 
 body={"results":[{"gender":"female","name":{"title":"Miss","first":"رونیکا","last":"احمدی"},"location":{"street":{"number":8644,"name":"سباری"},"city":"کرمانشاه","state":"قم","country":"Iran","postcode":98389,"coordinates":{"latitude":"19.9575","longitude":"160.8876"},"timezone":{"offset":"+4:30","description":"Kabul"}},"email":"rwnykh.hmdy@example.com","login":{"uuid":"602ad5e9-fa51-4c30-8197-c0bb25e779d1","username":"lazypeacock107","password":"martin","salt":"PxhVnard","md5":"d97d93b2c78b188e6b61474d569ce9d8","sha1":"a581d74a3d0a7b3f01f0fbca7aafbc6ca05cedf9","sha256":"009c5b1c2a9303c91f90dac5ab89d60a2996ff1b9db222537b93445fc04754e5"},"dob":{"date":"1986-04-29T01:07:04.045Z","age":38},"registered":{"date":"2017-02-27T21:44:35.427Z","age":7},"phone":"039-44681731","cell":"0997-136-6057","id":{"name":"","value":null},"picture":{"large":"https://randomuser.me/api/portraits/women/13.jpg","medium":"https://randomuser.me/api/portraits/med/women/13.jpg","thumbnail":"https://randomuser.me/api/portraits/thumb/women/13.jpg"},"nat":"IR"}],"info":{"seed":"825298a0ce1392e4","results":1,"page":1,"version":"1.4"}} 
 </msg>
<msg time="2024-06-01T10:15:47.603146" level="INFO">/opt/hostedtoolcache/Python/3.12.3/x64/lib/python3.12/site-packages/urllib3/connectionpool.py:1103: InsecureRequestWarning: Unverified HTTPS request is being made to host 'randomuser.me'. Adding certificate verification is strongly advised. See: https://urllib3.readthedocs.io/en/latest/advanced-usage.html#tls-warnings
  warnings.warn(</msg>
<msg time="2024-06-01T10:15:47.603287" level="INFO">${response} = &lt;Response [200]&gt;</msg>
<var>${response}</var>
<arg>consultarAPI</arg>
<arg>/api</arg>
<doc>Sends a GET request on a previously created HTTP Session.</doc>
<status status="PASS" start="2024-06-01T10:15:47.427346" elapsed="0.175985"/>
</kw>
<kw name="Should Be Equal As Numbers" owner="BuiltIn">
<msg time="2024-06-01T10:15:47.604209" level="INFO">Argument types are:
&lt;class 'int'&gt;
&lt;class 'str'&gt;</msg>
<arg>${response.status_code}</arg>
<arg>200</arg>
<doc>Fails if objects are unequal after converting them to real numbers.</doc>
<status status="PASS" start="2024-06-01T10:15:47.603784" elapsed="0.000491"/>
</kw>
<kw name="Log" owner="BuiltIn">
<msg time="2024-06-01T10:15:47.604973" level="INFO">200</msg>
<arg>${response.status_code}</arg>
<doc>Logs the given message with the given level.</doc>
<status status="PASS" start="2024-06-01T10:15:47.604619" elapsed="0.000403"/>
</kw>
<kw name="Set Variable" owner="BuiltIn">
<msg time="2024-06-01T10:15:47.605770" level="INFO">${json_data} = {'results': [{'gender': 'female', 'name': {'title': 'Miss', 'first': 'رونیکا', 'last': 'احمدی'}, 'location': {'street': {'number': 8644, 'name': 'سباری'}, 'city': 'کرمانشاه', 'state': 'قم', 'country':...</msg>
<var>${json_data}</var>
<arg>${response.json()}</arg>
<doc>Returns the given values which can then be assigned to a variables.</doc>
<status status="PASS" start="2024-06-01T10:15:47.605329" elapsed="0.000471"/>
</kw>
<kw name="Dictionary Should Contain Key" owner="Collections">
<msg time="2024-06-01T10:15:47.606336" level="INFO">False</msg>
<arg>${json_data}</arg>
<arg>results</arg>
<doc>Fails if ``key`` is not found from ``dictionary``.</doc>
<status status="PASS" start="2024-06-01T10:15:47.606162" elapsed="0.000354"/>
</kw>
<status status="PASS" start="2024-06-01T10:15:47.427094" elapsed="0.179686"/>
</kw>
<doc>Testa se a API responde corretamente e retorna um objeto JSON válido.</doc>
<tag>testeRequisicaoBasica</tag>
<status status="PASS" start="2024-06-01T10:15:47.426646" elapsed="0.180307"/>
</test>
<test id="s1-s1-t3" name="Validar estrutura de resposta" line="22">
<kw name="Teste de Estrutura de Resposta" owner="random-user-service">
<kw name="GET On Session" owner="RequestsLibrary">
<msg time="2024-06-01T10:15:47.700733" level="INFO">GET Request : url=https://randomuser.me/api 
 path_url=/api 
 headers={'User-Agent': 'python-requests/2.32.3', 'Accept-Encoding': 'gzip, deflate', 'Accept': '*/*', 'Connection': 'keep-alive'} 
 body=None 
 </msg>
<msg time="2024-06-01T10:15:47.700821" level="INFO">GET Response : url=https://randomuser.me/api 
 status=200, reason=OK 
 headers={'Date': 'Sat, 01 Jun 2024 10:15:47 GMT', 'Content-Type': 'application/json; charset=utf-8', 'Transfer-Encoding': 'chunked', 'Connection': 'keep-alive', 'X-Powered-By': 'Express', 'Access-Control-Allow-Origin': '*', 'Cache-Control': 'no-cache', 'ETag': 'W/"47c-AjuZsNmO8ACD+o1PRBdCEpzjxyw"', 'Vary': 'Accept-Encoding', 'Content-Encoding': 'gzip', 'CF-Cache-Status': 'DYNAMIC', 'Report-To': '{"endpoints":[{"url":"https:\\/\\/a.nel.cloudflare.com\\/report\\/v4?s=QfZ3zldGcVpgFg%2BXjYO5yolhX5It4GPUlJs%2FXqGBaHsU5ol4mSdesaOrLkzsndW%2B08Dd6AqCs8epd7Nm4okLTAqbZrFezDAMqP2laXsGxuVJ%2BsR3PfeygAd8aPcmyNLr"}],"group":"cf-nel","max_age":604800}', 'NEL': '{"success_fraction":0,"report_to":"cf-nel","max_age":604800}', 'Server': 'cloudflare', 'CF-RAY': '88ce71ca98ea200c-IAD', 'alt-svc': 'h3=":443"; ma=86400'} 
 body={"results":[{"gender":"male","name":{"title":"Mr","first":"Isaac","last":"Ulset"},"location":{"street":{"number":1894,"name":"Christophers vei"},"city":"Gol","state":"Sør-Trøndelag","country":"Norway","postcode":"9143","coordinates":{"latitude":"42.1117","longitude":"-156.6016"},"timezone":{"offset":"+7:00","description":"Bangkok, Hanoi, Jakarta"}},"email":"isaac.ulset@example.com","login":{"uuid":"6ec323be-9d7c-48c7-9073-257b160cf5e4","username":"heavyelephant225","password":"222222","salt":"J3BWGWBg","md5":"f91e845aa9e87412e6aed6b863d88ab8","sha1":"c1ff3e82d3603a38c1f80f05df15e6e94eca4dab","sha256":"8c2fb29ccf0b498746940b2d2e6f31c3917a395f142415bab2868b557be35f1e"},"dob":{"date":"1962-07-28T22:43:25.867Z","age":61},"registered":{"date":"2011-06-27T08:02:31.879Z","age":12},"phone":"24079392","cell":"48315937","id":{"name":"FN","value":"28076219976"},"picture":{"large":"https://randomuser.me/api/portraits/men/71.jpg","medium":"https://randomuser.me/api/portraits/med/men/71.jpg","thumbnail":"https://randomuser.me/api/portraits/thumb/men/71.jpg"},"nat":"NO"}],"info":{"seed":"b76466ec9db2b2d9","results":1,"page":1,"version":"1.4"}} 
 </msg>
<msg time="2024-06-01T10:15:47.700947" level="INFO">/opt/hostedtoolcache/Python/3.12.3/x64/lib/python3.12/site-packages/urllib3/connectionpool.py:1103: InsecureRequestWarning: Unverified HTTPS request is being made to host 'randomuser.me'. Adding certificate verification is strongly advised. See: https://urllib3.readthedocs.io/en/latest/advanced-usage.html#tls-warnings
  warnings.warn(</msg>
<msg time="2024-06-01T10:15:47.701098" level="INFO">${response} = &lt;Response [200]&gt;</msg>
<var>${response}</var>
<arg>consultarAPI</arg>
<arg>/api</arg>
<doc>Sends a GET request on a previously created HTTP Session.</doc>
<status status="PASS" start="2024-06-01T10:15:47.609504" elapsed="0.091651"/>
</kw>
<kw name="Set Variable" owner="BuiltIn">
<msg time="2024-06-01T10:15:47.702056" level="INFO">${json_data} = {'results': [{'gender': 'male', 'name': {'title': 'Mr', 'first': 'Isaac', 'last': 'Ulset'}, 'location': {'street': {'number': 1894, 'name': 'Christophers vei'}, 'city': 'Gol', 'state': 'Sør-Trøndelag'...</msg>
<var>${json_data}</var>
<arg>${response.json()}</arg>
<doc>Returns the given values which can then be assigned to a variables.</doc>
<status status="PASS" start="2024-06-01T10:15:47.701553" elapsed="0.000543"/>
</kw>
<kw name="Log" owner="BuiltIn">
<msg time="2024-06-01T10:15:47.702568" level="INFO">{'results': [{'gender': 'male', 'name': {'title': 'Mr', 'first': 'Isaac', 'last': 'Ulset'}, 'location': {'street': {'number': 1894, 'name': 'Christophers vei'}, 'city': 'Gol', 'state': 'Sør-Trøndelag', 'country': 'Norway', 'postcode': '9143', 'coordinates': {'latitude': '42.1117', 'longitude': '-156.6016'}, 'timezone': {'offset': '+7:00', 'description': 'Bangkok, Hanoi, Jakarta'}}, 'email': 'isaac.ulset@example.com', 'login': {'uuid': '6ec323be-9d7c-48c7-9073-257b160cf5e4', 'username': 'heavyelephant225', 'password': '222222', 'salt': 'J3BWGWBg', 'md5': 'f91e845aa9e87412e6aed6b863d88ab8', 'sha1': 'c1ff3e82d3603a38c1f80f05df15e6e94eca4dab', 'sha256': '8c2fb29ccf0b498746940b2d2e6f31c3917a395f142415bab2868b557be35f1e'}, 'dob': {'date': '1962-07-28T22:43:25.867Z', 'age': 61}, 'registered': {'date': '2011-06-27T08:02:31.879Z', 'age': 12}, 'phone': '24079392', 'cell': '48315937', 'id': {'name': 'FN', 'value': '28076219976'}, 'picture': {'large': 'https://randomuser.me/api/portraits/men/71.jpg', 'medium': 'https://randomuser.me/api/portraits/med/men/71.jpg', 'thumbnail': 'https://randomuser.me/api/portraits/thumb/men/71.jpg'}, 'nat': 'NO'}], 'info': {'seed': 'b76466ec9db2b2d9', 'results': 1, 'page': 1, 'version': '1.4'}}</msg>
<arg>${json_data}</arg>
<doc>Logs the given message with the given level.</doc>
<status status="PASS" start="2024-06-01T10:15:47.702410" elapsed="0.000206"/>
</kw>
<kw name="Dictionary Should Contain Key" owner="Collections">
<msg time="2024-06-01T10:15:47.703064" level="INFO">False</msg>
<arg>${json_data}</arg>
<arg>results</arg>
<doc>Fails if ``key`` is not found from ``dictionary``.</doc>
<status status="PASS" start="2024-06-01T10:15:47.702911" elapsed="0.000190"/>
</kw>
<kw name="Should Not Be Empty" owner="BuiltIn">
<msg time="2024-06-01T10:15:47.703526" level="INFO">Length is 2.</msg>
<arg>${json_data}</arg>
<doc>Verifies that the given item is not empty.</doc>
<status status="PASS" start="2024-06-01T10:15:47.703397" elapsed="0.000167"/>
</kw>
<kw name="Create List" owner="BuiltIn">
<msg time="2024-06-01T10:15:47.704002" level="INFO">${expected_keys} = ['gender', 'name', 'location', 'email', 'login']</msg>
<var>${expected_keys}</var>
<arg>gender</arg>
<arg>name</arg>
<arg>location</arg>
<arg>email</arg>
<arg>login</arg>
<doc>Returns a list containing given items.</doc>
<status status="PASS" start="2024-06-01T10:15:47.703850" elapsed="0.000177"/>
</kw>
<for flavor="IN">
<iter>
<kw name="Dictionary Should Contain Key" owner="Collections">
<msg time="2024-06-01T10:15:47.704991" level="INFO">False</msg>
<arg>${json_data['results'][0]}</arg>
<arg>${key}</arg>
<doc>Fails if ``key`` is not found from ``dictionary``.</doc>
<status status="PASS" start="2024-06-01T10:15:47.704591" elapsed="0.000444"/>
</kw>
<kw name="Log" owner="BuiltIn">
<msg time="2024-06-01T10:15:47.705698" level="INFO">{'gender': 'male', 'name': {'title': 'Mr', 'first': 'Isaac', 'last': 'Ulset'}, 'location': {'street': {'number': 1894, 'name': 'Christophers vei'}, 'city': 'Gol', 'state': 'Sør-Trøndelag', 'country': 'Norway', 'postcode': '9143', 'coordinates': {'latitude': '42.1117', 'longitude': '-156.6016'}, 'timezone': {'offset': '+7:00', 'description': 'Bangkok, Hanoi, Jakarta'}}, 'email': 'isaac.ulset@example.com', 'login': {'uuid': '6ec323be-9d7c-48c7-9073-257b160cf5e4', 'username': 'heavyelephant225', 'password': '222222', 'salt': 'J3BWGWBg', 'md5': 'f91e845aa9e87412e6aed6b863d88ab8', 'sha1': 'c1ff3e82d3603a38c1f80f05df15e6e94eca4dab', 'sha256': '8c2fb29ccf0b498746940b2d2e6f31c3917a395f142415bab2868b557be35f1e'}, 'dob': {'date': '1962-07-28T22:43:25.867Z', 'age': 61}, 'registered': {'date': '2011-06-27T08:02:31.879Z', 'age': 12}, 'phone': '24079392', 'cell': '48315937', 'id': {'name': 'FN', 'value': '28076219976'}, 'picture': {'large': 'https://randomuser.me/api/portraits/men/71.jpg', 'medium': 'https://randomuser.me/api/portraits/med/men/71.jpg', 'thumbnail': 'https://randomuser.me/api/portraits/thumb/men/71.jpg'}, 'nat': 'NO'}</msg>
<arg>${json_data['results'][0]}</arg>
<doc>Logs the given message with the given level.</doc>
<status status="PASS" start="2024-06-01T10:15:47.705332" elapsed="0.000416"/>
</kw>
<kw name="Log" owner="BuiltIn">
<msg time="2024-06-01T10:15:47.706213" level="INFO">gender</msg>
<arg>${key}</arg>
<doc>Logs the given message with the given level.</doc>
<status status="PASS" start="2024-06-01T10:15:47.706083" elapsed="0.000167"/>
</kw>
<var name="${key}">gender</var>
<status status="PASS" start="2024-06-01T10:15:47.704468" elapsed="0.001999"/>
</iter>
<iter>
<kw name="Dictionary Should Contain Key" owner="Collections">
<msg time="2024-06-01T10:15:47.707209" level="INFO">False</msg>
<arg>${json_data['results'][0]}</arg>
<arg>${key}</arg>
<doc>Fails if ``key`` is not found from ``dictionary``.</doc>
<status status="PASS" start="2024-06-01T10:15:47.706814" elapsed="0.000433"/>
</kw>
<kw name="Log" owner="BuiltIn">
<msg time="2024-06-01T10:15:47.707927" level="INFO">{'gender': 'male', 'name': {'title': 'Mr', 'first': 'Isaac', 'last': 'Ulset'}, 'location': {'street': {'number': 1894, 'name': 'Christophers vei'}, 'city': 'Gol', 'state': 'Sør-Trøndelag', 'country': 'Norway', 'postcode': '9143', 'coordinates': {'latitude': '42.1117', 'longitude': '-156.6016'}, 'timezone': {'offset': '+7:00', 'description': 'Bangkok, Hanoi, Jakarta'}}, 'email': 'isaac.ulset@example.com', 'login': {'uuid': '6ec323be-9d7c-48c7-9073-257b160cf5e4', 'username': 'heavyelephant225', 'password': '222222', 'salt': 'J3BWGWBg', 'md5': 'f91e845aa9e87412e6aed6b863d88ab8', 'sha1': 'c1ff3e82d3603a38c1f80f05df15e6e94eca4dab', 'sha256': '8c2fb29ccf0b498746940b2d2e6f31c3917a395f142415bab2868b557be35f1e'}, 'dob': {'date': '1962-07-28T22:43:25.867Z', 'age': 61}, 'registered': {'date': '2011-06-27T08:02:31.879Z', 'age': 12}, 'phone': '24079392', 'cell': '48315937', 'id': {'name': 'FN', 'value': '28076219976'}, 'picture': {'large': 'https://randomuser.me/api/portraits/men/71.jpg', 'medium': 'https://randomuser.me/api/portraits/med/men/71.jpg', 'thumbnail': 'https://randomuser.me/api/portraits/thumb/men/71.jpg'}, 'nat': 'NO'}</msg>
<arg>${json_data['results'][0]}</arg>
<doc>Logs the given message with the given level.</doc>
<status status="PASS" start="2024-06-01T10:15:47.707569" elapsed="0.000407"/>
</kw>
<kw name="Log" owner="BuiltIn">
<msg time="2024-06-01T10:15:47.708470" level="INFO">name</msg>
<arg>${key}</arg>
<doc>Logs the given message with the given level.</doc>
<status status="PASS" start="2024-06-01T10:15:47.708306" elapsed="0.000219"/>
</kw>
<var name="${key}">name</var>
<status status="PASS" start="2024-06-01T10:15:47.706695" elapsed="0.002105"/>
</iter>
<iter>
<kw name="Dictionary Should Contain Key" owner="Collections">
<msg time="2024-06-01T10:15:47.709499" level="INFO">False</msg>
<arg>${json_data['results'][0]}</arg>
<arg>${key}</arg>
<doc>Fails if ``key`` is not found from ``dictionary``.</doc>
<status status="PASS" start="2024-06-01T10:15:47.709125" elapsed="0.000411"/>
</kw>
<kw name="Log" owner="BuiltIn">
<msg time="2024-06-01T10:15:47.710231" level="INFO">{'gender': 'male', 'name': {'title': 'Mr', 'first': 'Isaac', 'last': 'Ulset'}, 'location': {'street': {'number': 1894, 'name': 'Christophers vei'}, 'city': 'Gol', 'state': 'Sør-Trøndelag', 'country': 'Norway', 'postcode': '9143', 'coordinates': {'latitude': '42.1117', 'longitude': '-156.6016'}, 'timezone': {'offset': '+7:00', 'description': 'Bangkok, Hanoi, Jakarta'}}, 'email': 'isaac.ulset@example.com', 'login': {'uuid': '6ec323be-9d7c-48c7-9073-257b160cf5e4', 'username': 'heavyelephant225', 'password': '222222', 'salt': 'J3BWGWBg', 'md5': 'f91e845aa9e87412e6aed6b863d88ab8', 'sha1': 'c1ff3e82d3603a38c1f80f05df15e6e94eca4dab', 'sha256': '8c2fb29ccf0b498746940b2d2e6f31c3917a395f142415bab2868b557be35f1e'}, 'dob': {'date': '1962-07-28T22:43:25.867Z', 'age': 61}, 'registered': {'date': '2011-06-27T08:02:31.879Z', 'age': 12}, 'phone': '24079392', 'cell': '48315937', 'id': {'name': 'FN', 'value': '28076219976'}, 'picture': {'large': 'https://randomuser.me/api/portraits/men/71.jpg', 'medium': 'https://randomuser.me/api/portraits/med/men/71.jpg', 'thumbnail': 'https://randomuser.me/api/portraits/thumb/men/71.jpg'}, 'nat': 'NO'}</msg>
<arg>${json_data['results'][0]}</arg>
<doc>Logs the given message with the given level.</doc>
<status status="PASS" start="2024-06-01T10:15:47.709844" elapsed="0.000447"/>
</kw>
<kw name="Log" owner="BuiltIn">
<msg time="2024-06-01T10:15:47.710717" level="INFO">location</msg>
<arg>${key}</arg>
<doc>Logs the given message with the given level.</doc>
<status status="PASS" start="2024-06-01T10:15:47.710590" elapsed="0.000165"/>
</kw>
<var name="${key}">location</var>
<status status="PASS" start="2024-06-01T10:15:47.709012" elapsed="0.001964"/>
</iter>
<iter>
<kw name="Dictionary Should Contain Key" owner="Collections">
<msg time="2024-06-01T10:15:47.711750" level="INFO">False</msg>
<arg>${json_data['results'][0]}</arg>
<arg>${key}</arg>
<doc>Fails if ``key`` is not found from ``dictionary``.</doc>
<status status="PASS" start="2024-06-01T10:15:47.711258" elapsed="0.000530"/>
</kw>
<kw name="Log" owner="BuiltIn">
<msg time="2024-06-01T10:15:47.712441" level="INFO">{'gender': 'male', 'name': {'title': 'Mr', 'first': 'Isaac', 'last': 'Ulset'}, 'location': {'street': {'number': 1894, 'name': 'Christophers vei'}, 'city': 'Gol', 'state': 'Sør-Trøndelag', 'country': 'Norway', 'postcode': '9143', 'coordinates': {'latitude': '42.1117', 'longitude': '-156.6016'}, 'timezone': {'offset': '+7:00', 'description': 'Bangkok, Hanoi, Jakarta'}}, 'email': 'isaac.ulset@example.com', 'login': {'uuid': '6ec323be-9d7c-48c7-9073-257b160cf5e4', 'username': 'heavyelephant225', 'password': '222222', 'salt': 'J3BWGWBg', 'md5': 'f91e845aa9e87412e6aed6b863d88ab8', 'sha1': 'c1ff3e82d3603a38c1f80f05df15e6e94eca4dab', 'sha256': '8c2fb29ccf0b498746940b2d2e6f31c3917a395f142415bab2868b557be35f1e'}, 'dob': {'date': '1962-07-28T22:43:25.867Z', 'age': 61}, 'registered': {'date': '2011-06-27T08:02:31.879Z', 'age': 12}, 'phone': '24079392', 'cell': '48315937', 'id': {'name': 'FN', 'value': '28076219976'}, 'picture': {'large': 'https://randomuser.me/api/portraits/men/71.jpg', 'medium': 'https://randomuser.me/api/portraits/med/men/71.jpg', 'thumbnail': 'https://randomuser.me/api/portraits/thumb/men/71.jpg'}, 'nat': 'NO'}</msg>
<arg>${json_data['results'][0]}</arg>
<doc>Logs the given message with the given level.</doc>
<status status="PASS" start="2024-06-01T10:15:47.712084" elapsed="0.000406"/>
</kw>
<kw name="Log" owner="BuiltIn">
<msg time="2024-06-01T10:15:47.712913" level="INFO">email</msg>
<arg>${key}</arg>
<doc>Logs the given message with the given level.</doc>
<status status="PASS" start="2024-06-01T10:15:47.712785" elapsed="0.000164"/>
</kw>
<var name="${key}">email</var>
<status status="PASS" start="2024-06-01T10:15:47.711148" elapsed="0.002014"/>
</iter>
<iter>
<kw name="Dictionary Should Contain Key" owner="Collections">
<msg time="2024-06-01T10:15:47.713825" level="INFO">False</msg>
<arg>${json_data['results'][0]}</arg>
<arg>${key}</arg>
<doc>Fails if ``key`` is not found from ``dictionary``.</doc>
<status status="PASS" start="2024-06-01T10:15:47.713445" elapsed="0.000418"/>
</kw>
<kw name="Log" owner="BuiltIn">
<msg time="2024-06-01T10:15:47.714547" level="INFO">{'gender': 'male', 'name': {'title': 'Mr', 'first': 'Isaac', 'last': 'Ulset'}, 'location': {'street': {'number': 1894, 'name': 'Christophers vei'}, 'city': 'Gol', 'state': 'Sør-Trøndelag', 'country': 'Norway', 'postcode': '9143', 'coordinates': {'latitude': '42.1117', 'longitude': '-156.6016'}, 'timezone': {'offset': '+7:00', 'description': 'Bangkok, Hanoi, Jakarta'}}, 'email': 'isaac.ulset@example.com', 'login': {'uuid': '6ec323be-9d7c-48c7-9073-257b160cf5e4', 'username': 'heavyelephant225', 'password': '222222', 'salt': 'J3BWGWBg', 'md5': 'f91e845aa9e87412e6aed6b863d88ab8', 'sha1': 'c1ff3e82d3603a38c1f80f05df15e6e94eca4dab', 'sha256': '8c2fb29ccf0b498746940b2d2e6f31c3917a395f142415bab2868b557be35f1e'}, 'dob': {'date': '1962-07-28T22:43:25.867Z', 'age': 61}, 'registered': {'date': '2011-06-27T08:02:31.879Z', 'age': 12}, 'phone': '24079392', 'cell': '48315937', 'id': {'name': 'FN', 'value': '28076219976'}, 'picture': {'large': 'https://randomuser.me/api/portraits/men/71.jpg', 'medium': 'https://randomuser.me/api/portraits/med/men/71.jpg', 'thumbnail': 'https://randomuser.me/api/portraits/thumb/men/71.jpg'}, 'nat': 'NO'}</msg>
<arg>${json_data['results'][0]}</arg>
<doc>Logs the given message with the given level.</doc>
<status status="PASS" start="2024-06-01T10:15:47.714186" elapsed="0.000420"/>
</kw>
<kw name="Log" owner="BuiltIn">
<msg time="2024-06-01T10:15:47.715023" level="INFO">login</msg>
<arg>${key}</arg>
<doc>Logs the given message with the given level.</doc>
<status status="PASS" start="2024-06-01T10:15:47.714896" elapsed="0.000163"/>
</kw>
<var name="${key}">login</var>
<status status="PASS" start="2024-06-01T10:15:47.713335" elapsed="0.001940"/>
</iter>
<var>${key}</var>
<value>@{expected_keys}</value>
<status status="PASS" start="2024-06-01T10:15:47.704284" elapsed="0.011143"/>
</for>
<kw name="Create List" owner="BuiltIn">
<msg time="2024-06-01T10:15:47.715831" level="INFO">${expected_keysTwo} = ['username', 'password']</msg>
<var>${expected_keysTwo}</var>
<arg>username</arg>
<arg>password</arg>
<doc>Returns a list containing given items.</doc>
<status status="PASS" start="2024-06-01T10:15:47.715691" elapsed="0.000163"/>
</kw>
<for flavor="IN">
<iter>
<kw name="Dictionary Should Contain Key" owner="Collections">
<msg time="2024-06-01T10:15:47.716870" level="INFO">False</msg>
<arg>${json_data['results'][0]['login']}</arg>
<arg>${keyTwo}</arg>
<doc>Fails if ``key`` is not found from ``dictionary``.</doc>
<status status="PASS" start="2024-06-01T10:15:47.716418" elapsed="0.000490"/>
</kw>
<kw name="Dictionary Should Contain Key" owner="Collections">
<msg time="2024-06-01T10:15:47.717586" level="INFO">False</msg>
<arg>${json_data['results'][0]['login']}</arg>
<arg>${keyTwo}</arg>
<doc>Fails if ``key`` is not found from ``dictionary``.</doc>
<status status="PASS" start="2024-06-01T10:15:47.717212" elapsed="0.000412"/>
</kw>
<kw name="Log" owner="BuiltIn">
<msg time="2024-06-01T10:15:47.718063" level="INFO">username</msg>
<arg>${keyTwo}</arg>
<doc>Logs the given message with the given level.</doc>
<status status="PASS" start="2024-06-01T10:15:47.717915" elapsed="0.000187"/>
</kw>
<var name="${keyTwo}">username</var>
<status status="PASS" start="2024-06-01T10:15:47.716247" elapsed="0.002071"/>
</iter>
<iter>
<kw name="Dictionary Should Contain Key" owner="Collections">
<msg time="2024-06-01T10:15:47.718977" level="INFO">False</msg>
<arg>${json_data['results'][0]['login']}</arg>
<arg>${keyTwo}</arg>
<doc>Fails if ``key`` is not found from ``dictionary``.</doc>
<status status="PASS" start="2024-06-01T10:15:47.718598" elapsed="0.000416"/>
</kw>
<kw name="Dictionary Should Contain Key" owner="Collections">
<msg time="2024-06-01T10:15:47.719682" level="INFO">False</msg>
<arg>${json_data['results'][0]['login']}</arg>
<arg>${keyTwo}</arg>
<doc>Fails if ``key`` is not found from ``dictionary``.</doc>
<status status="PASS" start="2024-06-01T10:15:47.719305" elapsed="0.000415"/>
</kw>
<kw name="Log" owner="BuiltIn">
<msg time="2024-06-01T10:15:47.720145" level="INFO">password</msg>
<arg>${keyTwo}</arg>
<doc>Logs the given message with the given level.</doc>
<status status="PASS" start="2024-06-01T10:15:47.720017" elapsed="0.000165"/>
</kw>
<var name="${keyTwo}">password</var>
<status status="PASS" start="2024-06-01T10:15:47.718489" elapsed="0.001908"/>
</iter>
<var>${keyTwo}</var>
<value>@{expected_keysTwo}</value>
<status status="PASS" start="2024-06-01T10:15:47.716093" elapsed="0.004425"/>
</for>
<status status="PASS" start="2024-06-01T10:15:47.609266" elapsed="0.111393"/>
</kw>
<doc>Testa a estrutura da resposta da API.</doc>
<tag>testeEstruturaResposta</tag>
<status status="PASS" start="2024-06-01T10:15:47.608776" elapsed="0.112032"/>
</test>
<test id="s1-s1-t4" name="Validar tipos de dados" line="28">
<kw name="Teste de Tipos de Dados" owner="random-user-service">
<kw name="GET On Session" owner="RequestsLibrary">
<msg time="2024-06-01T10:15:47.803659" level="INFO">GET Request : url=https://randomuser.me/api 
 path_url=/api 
 headers={'User-Agent': 'python-requests/2.32.3', 'Accept-Encoding': 'gzip, deflate', 'Accept': '*/*', 'Connection': 'keep-alive'} 
 body=None 
 </msg>
<msg time="2024-06-01T10:15:47.803737" level="INFO">GET Response : url=https://randomuser.me/api 
 status=200, reason=OK 
 headers={'Date': 'Sat, 01 Jun 2024 10:15:47 GMT', 'Content-Type': 'application/json; charset=utf-8', 'Transfer-Encoding': 'chunked', 'Connection': 'keep-alive', 'X-Powered-By': 'Express', 'Access-Control-Allow-Origin': '*', 'Cache-Control': 'no-cache', 'ETag': 'W/"4a7-bVZdwrd8uWsjxlEdOVTur9ZMaMk"', 'Vary': 'Accept-Encoding', 'Content-Encoding': 'gzip', 'CF-Cache-Status': 'DYNAMIC', 'Report-To': '{"endpoints":[{"url":"https:\\/\\/a.nel.cloudflare.com\\/report\\/v4?s=5Xpl72aVN7gQ%2FxnS%2BIVO3H3TQVh3nnKxJ%2BsNhreKTbB7HojttGzS9R5yfO6%2FpiTZpag6JMPl8VPZXICszy%2BNzwaVkotS6wzxB8D2NvKr6kdNzRNFr673TBUGLCRicZMD"}],"group":"cf-nel","max_age":604800}', 'NEL': '{"success_fraction":0,"report_to":"cf-nel","max_age":604800}', 'Server': 'cloudflare', 'CF-RAY': '88ce71cb4999200c-IAD', 'alt-svc': 'h3=":443"; ma=86400'} 
 body={"results":[{"gender":"female","name":{"title":"Mrs","first":"Leonie","last":"Straube"},"location":{"street":{"number":2982,"name":"Jahnstraße"},"city":"Rottenburg A.D.Laaber","state":"Saarland","country":"Germany","postcode":39444,"coordinates":{"latitude":"-50.8963","longitude":"79.0625"},"timezone":{"offset":"+3:00","description":"Baghdad, Riyadh, Moscow, St. Petersburg"}},"email":"leonie.straube@example.com","login":{"uuid":"9da847bb-57c4-4f72-9172-0b1e46e736e7","username":"bluebird755","password":"jaime","salt":"BXs0Cive","md5":"d554244bcb91d4d0601819915abc58e2","sha1":"1cc51cf822747bb92dc709602a7a5a2bfa32f77d","sha256":"95a4c93c6f2be3c53f89ea90c588ee93100cb3182e4b9108ead38143bfc9f1bd"},"dob":{"date":"1950-04-11T20:56:31.355Z","age":74},"registered":{"date":"2021-02-02T08:16:27.695Z","age":3},"phone":"0384-1384926","cell":"0179-3963247","id":{"name":"SVNR","value":"76 110450 S 972"},"picture":{"large":"https://randomuser.me/api/portraits/women/29.jpg","medium":"https://randomuser.me/api/portraits/med/women/29.jpg","thumbnail":"https://randomuser.me/api/portraits/thumb/women/29.jpg"},"nat":"DE"}],"info":{"seed":"5d934bb3fd7cfd78","results":1,"page":1,"version":"1.4"}} 
 </msg>
<msg time="2024-06-01T10:15:47.803805" level="INFO">/opt/hostedtoolcache/Python/3.12.3/x64/lib/python3.12/site-packages/urllib3/connectionpool.py:1103: InsecureRequestWarning: Unverified HTTPS request is being made to host 'randomuser.me'. Adding certificate verification is strongly advised. See: https://urllib3.readthedocs.io/en/latest/advanced-usage.html#tls-warnings
  warnings.warn(</msg>
<msg time="2024-06-01T10:15:47.803931" level="INFO">${response} = &lt;Response [200]&gt;</msg>
<var>${response}</var>
<arg>consultarAPI</arg>
<arg>/api</arg>
<doc>Sends a GET request on a previously created HTTP Session.</doc>
<status status="PASS" start="2024-06-01T10:15:47.723350" elapsed="0.080629"/>
</kw>
<kw name="Set Variable" owner="BuiltIn">
<msg time="2024-06-01T10:15:47.804890" level="INFO">${json_data} = {'results': [{'gender': 'female', 'name': {'title': 'Mrs', 'first': 'Leonie', 'last': 'Straube'}, 'location': {'street': {'number': 2982, 'name': 'Jahnstraße'}, 'city': 'Rottenburg A.D.Laaber', 'state...</msg>
<var>${json_data}</var>
<arg>${response.json()}</arg>
<doc>Returns the given values which can then be assigned to a variables.</doc>
<status status="PASS" start="2024-06-01T10:15:47.804441" elapsed="0.000479"/>
</kw>
<kw name="Log" owner="BuiltIn">
<msg time="2024-06-01T10:15:47.805386" level="INFO">{'results': [{'gender': 'female', 'name': {'title': 'Mrs', 'first': 'Leonie', 'last': 'Straube'}, 'location': {'street': {'number': 2982, 'name': 'Jahnstraße'}, 'city': 'Rottenburg A.D.Laaber', 'state': 'Saarland', 'country': 'Germany', 'postcode': 39444, 'coordinates': {'latitude': '-50.8963', 'longitude': '79.0625'}, 'timezone': {'offset': '+3:00', 'description': 'Baghdad, Riyadh, Moscow, St. Petersburg'}}, 'email': 'leonie.straube@example.com', 'login': {'uuid': '9da847bb-57c4-4f72-9172-0b1e46e736e7', 'username': 'bluebird755', 'password': 'jaime', 'salt': 'BXs0Cive', 'md5': 'd554244bcb91d4d0601819915abc58e2', 'sha1': '1cc51cf822747bb92dc709602a7a5a2bfa32f77d', 'sha256': '95a4c93c6f2be3c53f89ea90c588ee93100cb3182e4b9108ead38143bfc9f1bd'}, 'dob': {'date': '1950-04-11T20:56:31.355Z', 'age': 74}, 'registered': {'date': '2021-02-02T08:16:27.695Z', 'age': 3}, 'phone': '0384-1384926', 'cell': '0179-3963247', 'id': {'name': 'SVNR', 'value': '76 110450 S 972'}, 'picture': {'large': 'https://randomuser.me/api/portraits/women/29.jpg', 'medium': 'https://randomuser.me/api/portraits/med/women/29.jpg', 'thumbnail': 'https://randomuser.me/api/portraits/thumb/women/29.jpg'}, 'nat': 'DE'}], 'info': {'seed': '5d934bb3fd7cfd78', 'results': 1, 'page': 1, 'version': '1.4'}}</msg>
<arg>${json_data}</arg>
<doc>Logs the given message with the given level.</doc>
<status status="PASS" start="2024-06-01T10:15:47.805229" elapsed="0.000236"/>
</kw>
<kw name="Should Be String" owner="String">
<arg>${json_data['results'][0]['gender']}</arg>
<doc>Fails if the given ``item`` is not a string.</doc>
<status status="PASS" start="2024-06-01T10:15:47.805765" elapsed="0.000409"/>
</kw>
<kw name="Should Match Regexp" owner="BuiltIn">
<arg>${json_data['results'][0]['email']}</arg>
<arg>^[a-zA-Z0-9._%+-]+@[a-zA-Z0-9.-]+\.[a-zA-Z]{2,}$</arg>
<doc>Fails if ``string`` does not match ``pattern`` as a regular expression.</doc>
<status status="PASS" start="2024-06-01T10:15:47.806369" elapsed="0.000620"/>
</kw>
<kw name="Should Match Regexp" owner="BuiltIn">
<arg>${json_data['results'][0]['dob']['date']}</arg>
<arg>\\d{4}-\\d{2}-\\d{2}T\\d{2}:\\d{2}:\\d{2}\\.\\d{3}Z</arg>
<doc>Fails if ``string`` does not match ``pattern`` as a regular expression.</doc>
<status status="PASS" start="2024-06-01T10:15:47.807190" elapsed="0.000484"/>
</kw>
<kw name="Should Match Regexp" owner="BuiltIn">
<arg>${json_data['results'][0]['registered']['date']}</arg>
<arg>\\d{4}-\\d{2}-\\d{2}T\\d{2}:\\d{2}:\\d{2}\\.\\d{3}Z</arg>
<doc>Fails if ``string`` does not match ``pattern`` as a regular expression.</doc>
<status status="PASS" start="2024-06-01T10:15:47.807866" elapsed="0.000368"/>
</kw>
<kw name="Should Match Regexp" owner="BuiltIn">
<arg>${json_data['results'][0]['picture']['large']}</arg>
<arg>^https?://.*\.(?:png|jpe?g|gif|bmp)$</arg>
<doc>Fails if ``string`` does not match ``pattern`` as a regular expression.</doc>
<status status="PASS" start="2024-06-01T10:15:47.808422" elapsed="0.000464"/>
</kw>
<kw name="Should Match Regexp" owner="BuiltIn">
<arg>${json_data['results'][0]['picture']['medium']}</arg>
<arg>^https?://.*\.(?:png|jpe?g|gif|bmp)$</arg>
<doc>Fails if ``string`` does not match ``pattern`` as a regular expression.</doc>
<status status="PASS" start="2024-06-01T10:15:47.809073" elapsed="0.000349"/>
</kw>
<kw name="Should Match Regexp" owner="BuiltIn">
<arg>${json_data['results'][0]['picture']['thumbnail']}</arg>
<arg>^https?://.*\.(?:png|jpe?g|gif|bmp)$</arg>
<doc>Fails if ``string`` does not match ``pattern`` as a regular expression.</doc>
<status status="PASS" start="2024-06-01T10:15:47.809608" elapsed="0.000349"/>
</kw>
<kw name="Log" owner="BuiltIn">
<msg time="2024-06-01T10:15:47.810500" level="INFO">{'large': 'https://randomuser.me/api/portraits/women/29.jpg', 'medium': 'https://randomuser.me/api/portraits/med/women/29.jpg', 'thumbnail': 'https://randomuser.me/api/portraits/thumb/women/29.jpg'}</msg>
<arg>${json_data['results'][0]['picture']}</arg>
<doc>Logs the given message with the given level.</doc>
<status status="PASS" start="2024-06-01T10:15:47.810175" elapsed="0.000366"/>
</kw>
<status status="PASS" start="2024-06-01T10:15:47.723119" elapsed="0.087674"/>
</kw>
<kw name="Teste de Tipos de Dados - Postcode" owner="random-user-service">
<kw name="GET On Session" owner="RequestsLibrary">
<msg time="2024-06-01T10:15:47.884275" level="INFO">GET Request : url=https://randomuser.me/api 
 path_url=/api 
 headers={'User-Agent': 'python-requests/2.32.3', 'Accept-Encoding': 'gzip, deflate', 'Accept': '*/*', 'Connection': 'keep-alive'} 
 body=None 
 </msg>
<msg time="2024-06-01T10:15:47.884363" level="INFO">GET Response : url=https://randomuser.me/api 
 status=200, reason=OK 
 headers={'Date': 'Sat, 01 Jun 2024 10:15:47 GMT', 'Content-Type': 'application/json; charset=utf-8', 'Transfer-Encoding': 'chunked', 'Connection': 'keep-alive', 'X-Powered-By': 'Express', 'Access-Control-Allow-Origin': '*', 'Cache-Control': 'no-cache', 'ETag': 'W/"48a-qjl9Z65EDi//kUXjC44biGlZ2/k"', 'Vary': 'Accept-Encoding', 'Content-Encoding': 'gzip', 'CF-Cache-Status': 'DYNAMIC', 'Report-To': '{"endpoints":[{"url":"https:\\/\\/a.nel.cloudflare.com\\/report\\/v4?s=obWEnrsrevTtY4d9Us3WSfiPZO0sSszeLaVs5f%2F84wzbvJG5AjgNXjLRpzKxJeeIsVkjZpmMigGf%2F0PU9%2BNjlUCXdly47f7Im0KUZQGhrNVuaATthTA72HrRLc1AGEGk"}],"group":"cf-nel","max_age":604800}', 'NEL': '{"success_fraction":0,"report_to":"cf-nel","max_age":604800}', 'Server': 'cloudflare', 'CF-RAY': '88ce71cbda0c200c-IAD', 'alt-svc': 'h3=":443"; ma=86400'} 
 body={"results":[{"gender":"male","name":{"title":"Mr","first":"Matthias","last":"Engseth"},"location":{"street":{"number":7230,"name":"Tyribakken"},"city":"Vikebø","state":"Vest-Agder","country":"Norway","postcode":"1911","coordinates":{"latitude":"40.5507","longitude":"-115.4531"},"timezone":{"offset":"+3:00","description":"Baghdad, Riyadh, Moscow, St. Petersburg"}},"email":"matthias.engseth@example.com","login":{"uuid":"928beee8-30d4-4dfa-9ee5-450c30ff9dc7","username":"tinyfrog370","password":"travis","salt":"obYq20PK","md5":"9f6c9332e1a7ab1f822c5a32e06ff6ff","sha1":"3b1f4ef504823537b7aca1a530977b5255e10f22","sha256":"b3bacae34ae54e22dd025d78cfa3b7692c2a28e3da3fef7b1fd2336a35c53f8d"},"dob":{"date":"1962-07-02T05:00:13.122Z","age":61},"registered":{"date":"2003-05-20T10:47:41.558Z","age":21},"phone":"30996874","cell":"99712438","id":{"name":"FN","value":"02076221181"},"picture":{"large":"https://randomuser.me/api/portraits/men/76.jpg","medium":"https://randomuser.me/api/portraits/med/men/76.jpg","thumbnail":"https://randomuser.me/api/portraits/thumb/men/76.jpg"},"nat":"NO"}],"info":{"seed":"35adf837d885afaf","results":1,"page":1,"version":"1.4"}} 
 </msg>
<msg time="2024-06-01T10:15:47.884438" level="INFO">/opt/hostedtoolcache/Python/3.12.3/x64/lib/python3.12/site-packages/urllib3/connectionpool.py:1103: InsecureRequestWarning: Unverified HTTPS request is being made to host 'randomuser.me'. Adding certificate verification is strongly advised. See: https://urllib3.readthedocs.io/en/latest/advanced-usage.html#tls-warnings
  warnings.warn(</msg>
<msg time="2024-06-01T10:15:47.884574" level="INFO">${response} = &lt;Response [200]&gt;</msg>
<var>${response}</var>
<arg>consultarAPI</arg>
<arg>/api</arg>
<doc>Sends a GET request on a previously created HTTP Session.</doc>
<status status="PASS" start="2024-06-01T10:15:47.811220" elapsed="0.073398"/>
</kw>
<kw name="Set Variable" owner="BuiltIn">
<msg time="2024-06-01T10:15:47.885468" level="INFO">${json_data} = {'results': [{'gender': 'male', 'name': {'title': 'Mr', 'first': 'Matthias', 'last': 'Engseth'}, 'location': {'street': {'number': 7230, 'name': 'Tyribakken'}, 'city': 'Vikebø', 'state': 'Vest-Agder',...</msg>
<var>${json_data}</var>
<arg>${response.json()}</arg>
<doc>Returns the given values which can then be assigned to a variables.</doc>
<status status="PASS" start="2024-06-01T10:15:47.885006" elapsed="0.000494"/>
</kw>
<kw name="Log" owner="BuiltIn">
<msg time="2024-06-01T10:15:47.886006" level="INFO">{'results': [{'gender': 'male', 'name': {'title': 'Mr', 'first': 'Matthias', 'last': 'Engseth'}, 'location': {'street': {'number': 7230, 'name': 'Tyribakken'}, 'city': 'Vikebø', 'state': 'Vest-Agder', 'country': 'Norway', 'postcode': '1911', 'coordinates': {'latitude': '40.5507', 'longitude': '-115.4531'}, 'timezone': {'offset': '+3:00', 'description': 'Baghdad, Riyadh, Moscow, St. Petersburg'}}, 'email': 'matthias.engseth@example.com', 'login': {'uuid': '928beee8-30d4-4dfa-9ee5-450c30ff9dc7', 'username': 'tinyfrog370', 'password': 'travis', 'salt': 'obYq20PK', 'md5': '9f6c9332e1a7ab1f822c5a32e06ff6ff', 'sha1': '3b1f4ef504823537b7aca1a530977b5255e10f22', 'sha256': 'b3bacae34ae54e22dd025d78cfa3b7692c2a28e3da3fef7b1fd2336a35c53f8d'}, 'dob': {'date': '1962-07-02T05:00:13.122Z', 'age': 61}, 'registered': {'date': '2003-05-20T10:47:41.558Z', 'age': 21}, 'phone': '30996874', 'cell': '99712438', 'id': {'name': 'FN', 'value': '02076221181'}, 'picture': {'large': 'https://randomuser.me/api/portraits/men/76.jpg', 'medium': 'https://randomuser.me/api/portraits/med/men/76.jpg', 'thumbnail': 'https://randomuser.me/api/portraits/thumb/men/76.jpg'}, 'nat': 'NO'}], 'info': {'seed': '35adf837d885afaf', 'results': 1, 'page': 1, 'version': '1.4'}}</msg>
<arg>${json_data}</arg>
<doc>Logs the given message with the given level.</doc>
<status status="PASS" start="2024-06-01T10:15:47.885814" elapsed="0.000289"/>
</kw>
<kw name="Should Be Equal As Numbers" owner="BuiltIn">
<arg>${json_data['results'][0]['location']['postcode']}</arg>
<arg>${json_data['results'][0]['location']['postcode']}</arg>
<doc>Fails if objects are unequal after converting them to real numbers.</doc>
<status status="PASS" start="2024-06-01T10:15:47.886416" elapsed="0.000632"/>
</kw>
<kw name="Log" owner="BuiltIn">
<msg time="2024-06-01T10:15:47.887593" level="INFO">1911</msg>
<arg>${json_data['results'][0]['location']['postcode']}</arg>
<doc>Logs the given message with the given level.</doc>
<status status="PASS" start="2024-06-01T10:15:47.887252" elapsed="0.000383"/>
</kw>
<status status="PASS" start="2024-06-01T10:15:47.811001" elapsed="0.076886"/>
</kw>
<doc>Testa se os tipos de dados na resposta da API estão corretos.</doc>
<tag>testeTiposDados</tag>
<status status="PASS" start="2024-06-01T10:15:47.722577" elapsed="0.165469"/>
</test>
<test id="s1-s1-t5" name="Validar conteudo" line="35">
<kw name="Teste de Tipos de Conteudo" owner="random-user-service">
<kw name="GET On Session" owner="RequestsLibrary">
<msg time="2024-06-01T10:15:47.985114" level="INFO">GET Request : url=https://randomuser.me/api 
 path_url=/api 
 headers={'User-Agent': 'python-requests/2.32.3', 'Accept-Encoding': 'gzip, deflate', 'Accept': '*/*', 'Connection': 'keep-alive'} 
 body=None 
 </msg>
<msg time="2024-06-01T10:15:47.985197" level="INFO">GET Response : url=https://randomuser.me/api 
 status=200, reason=OK 
 headers={'Date': 'Sat, 01 Jun 2024 10:15:47 GMT', 'Content-Type': 'application/json; charset=utf-8', 'Transfer-Encoding': 'chunked', 'Connection': 'keep-alive', 'X-Powered-By': 'Express', 'Access-Control-Allow-Origin': '*', 'Cache-Control': 'no-cache', 'ETag': 'W/"496-nddIZkSDKDUkDenTgUcwG5Zr58I"', 'Vary': 'Accept-Encoding', 'Content-Encoding': 'gzip', 'CF-Cache-Status': 'DYNAMIC', 'Report-To': '{"endpoints":[{"url":"https:\\/\\/a.nel.cloudflare.com\\/report\\/v4?s=%2Bc7uR2jgHENEc2o1Oqdbfbue0TvjhDKvp6LV7yMQfFPywHRlzuOVpgJr2G0ZPOZgIZZFrNfcVNZ3YBTsUhfnzBp48kX0Xqg54oLRAOkTeno8CQLfNr8NIKq1%2B1jNqaVt"}],"group":"cf-nel","max_age":604800}', 'NEL': '{"success_fraction":0,"report_to":"cf-nel","max_age":604800}', 'Server': 'cloudflare', 'CF-RAY': '88ce71cc5a7c200c-IAD', 'alt-svc': 'h3=":443"; ma=86400'} 
 body={"results":[{"gender":"female","name":{"title":"Miss","first":"Vilde","last":"Hagen"},"location":{"street":{"number":2521,"name":"Hauketotoppen"},"city":"Jortveit","state":"Telemark","country":"Norway","postcode":"5715","coordinates":{"latitude":"40.2969","longitude":"112.5066"},"timezone":{"offset":"0:00","description":"Western Europe Time, London, Lisbon, Casablanca"}},"email":"vilde.hagen@example.com","login":{"uuid":"f427455c-554f-46d4-a019-7cd76f29550f","username":"organickoala790","password":"armada","salt":"uq8B1qxb","md5":"59812a612d5a4c9a57ad36913b505969","sha1":"12f93346978a3048c7738a225034d0d0e87eae48","sha256":"7736df68259a2275d5a659de3c30468c501b162a442c26ffe2c22606200cefd3"},"dob":{"date":"1991-07-23T15:38:00.823Z","age":32},"registered":{"date":"2012-03-25T13:27:33.395Z","age":12},"phone":"81533096","cell":"40288476","id":{"name":"FN","value":"23079111082"},"picture":{"large":"https://randomuser.me/api/portraits/women/36.jpg","medium":"https://randomuser.me/api/portraits/med/women/36.jpg","thumbnail":"https://randomuser.me/api/portraits/thumb/women/36.jpg"},"nat":"NO"}],"info":{"seed":"f09442ec69acc56a","results":1,"page":1,"version":"1.4"}} 
 </msg>
<msg time="2024-06-01T10:15:47.985267" level="INFO">/opt/hostedtoolcache/Python/3.12.3/x64/lib/python3.12/site-packages/urllib3/connectionpool.py:1103: InsecureRequestWarning: Unverified HTTPS request is being made to host 'randomuser.me'. Adding certificate verification is strongly advised. See: https://urllib3.readthedocs.io/en/latest/advanced-usage.html#tls-warnings
  warnings.warn(</msg>
<msg time="2024-06-01T10:15:47.985390" level="INFO">${response} = &lt;Response [200]&gt;</msg>
<var>${response}</var>
<arg>consultarAPI</arg>
<arg>/api</arg>
<doc>Sends a GET request on a previously created HTTP Session.</doc>
<status status="PASS" start="2024-06-01T10:15:47.890585" elapsed="0.094859"/>
</kw>
<kw name="Set Variable" owner="BuiltIn">
<msg time="2024-06-01T10:15:47.986564" level="INFO">${json_data} = {'results': [{'gender': 'female', 'name': {'title': 'Miss', 'first': 'Vilde', 'last': 'Hagen'}, 'location': {'street': {'number': 2521, 'name': 'Hauketotoppen'}, 'city': 'Jortveit', 'state': 'Telemark...</msg>
<var>${json_data}</var>
<arg>${response.json()}</arg>
<doc>Returns the given values which can then be assigned to a variables.</doc>
<status status="PASS" start="2024-06-01T10:15:47.985993" elapsed="0.000600"/>
</kw>
<kw name="Set Variable" owner="BuiltIn">
<msg time="2024-06-01T10:15:47.987301" level="INFO">${name_title} = Miss</msg>
<var>${name_title}</var>
<arg>${json_data["results"][0]["name"]["title"]}</arg>
<doc>Returns the given values which can then be assigned to a variables.</doc>
<status status="PASS" start="2024-06-01T10:15:47.986913" elapsed="0.000414"/>
</kw>
<kw name="Create List" owner="BuiltIn">
<msg time="2024-06-01T10:15:47.987777" level="INFO">${allowed_titles} = ['Mr', 'Ms', 'Miss', 'Mrs', 'Madame', 'Monsieur']</msg>
<var>${allowed_titles}</var>
<arg>Mr</arg>
<arg>Ms</arg>
<arg>Miss</arg>
<arg>Mrs</arg>
<arg>Madame</arg>
<arg>Monsieur</arg>
<doc>Returns a list containing given items.</doc>
<status status="PASS" start="2024-06-01T10:15:47.987626" elapsed="0.000175"/>
</kw>
<kw name="List Should Contain Value" owner="Collections">
<msg time="2024-06-01T10:15:47.988283" level="INFO">False</msg>
<arg>${allowed_titles}</arg>
<arg>${name_title}</arg>
<doc>Fails if the ``value`` is not found from ``list``.</doc>
<status status="PASS" start="2024-06-01T10:15:47.988108" elapsed="0.000211"/>
</kw>
<kw name="Set Variable" owner="BuiltIn">
<msg time="2024-06-01T10:15:47.989139" level="INFO">${name_country} = NO</msg>
<var>${name_country}</var>
<arg>${json_data["results"][0]["nat"]}</arg>
<doc>Returns the given values which can then be assigned to a variables.</doc>
<status status="PASS" start="2024-06-01T10:15:47.988618" elapsed="0.000547"/>
</kw>
<kw name="Create List" owner="BuiltIn">
<msg time="2024-06-01T10:15:47.990119" level="INFO">${list_country} = ['AD', 'AE', 'AF', 'AG', 'AI', 'AL', 'AM', 'AO', 'AQ', 'AR', 'AS', 'AT', 'AU', 'AW', 'AX', 'AZ', 'BA', 'BB', 'BD', 'BE', 'BF', 'BG', 'BH', 'BI', 'BJ', 'BL', 'BM', 'BN', 'BO', 'BQ', 'BR', 'BS', 'BT', '...</msg>
<var>${list_country}</var>
<arg>AD</arg>
<arg>AE</arg>
<arg>AF</arg>
<arg>AG</arg>
<arg>AI</arg>
<arg>AL</arg>
<arg>AM</arg>
<arg>AO</arg>
<arg>AQ</arg>
<arg>AR</arg>
<arg>AS</arg>
<arg>AT</arg>
<arg>AU</arg>
<arg>AW</arg>
<arg>AX</arg>
<arg>AZ</arg>
<arg>BA</arg>
<arg>BB</arg>
<arg>BD</arg>
<arg>BE</arg>
<arg>BF</arg>
<arg>BG</arg>
<arg>BH</arg>
<arg>BI</arg>
<arg>BJ</arg>
<arg>BL</arg>
<arg>BM</arg>
<arg>BN</arg>
<arg>BO</arg>
<arg>BQ</arg>
<arg>BR</arg>
<arg>BS</arg>
<arg>BT</arg>
<arg>BV</arg>
<arg>BW</arg>
<arg>BY</arg>
<arg>BZ</arg>
<arg>CA</arg>
<arg>CC</arg>
<arg>CD</arg>
<arg>CF</arg>
<arg>CG</arg>
<arg>CH</arg>
<arg>CI</arg>
<arg>CK</arg>
<arg>CL</arg>
<arg>CM</arg>
<arg>CN</arg>
<arg>CO</arg>
<arg>CR</arg>
<arg>CU</arg>
<arg>CV</arg>
<arg>CW</arg>
<arg>CX</arg>
<arg>CY</arg>
<arg>CZ</arg>
<arg>DE</arg>
<arg>DJ</arg>
<arg>DK</arg>
<arg>DM</arg>
<arg>DO</arg>
<arg>DZ</arg>
<arg>EC</arg>
<arg>EE</arg>
<arg>EG</arg>
<arg>EH</arg>
<arg>ER</arg>
<arg>ES</arg>
<arg>ET</arg>
<arg>FI</arg>
<arg>FJ</arg>
<arg>FK</arg>
<arg>FM</arg>
<arg>FO</arg>
<arg>FR</arg>
<arg>GA</arg>
<arg>GB</arg>
<arg>GD</arg>
<arg>GE</arg>
<arg>GF</arg>
<arg>GG</arg>
<arg>GH</arg>
<arg>GI</arg>
<arg>GL</arg>
<arg>GM</arg>
<arg>GN</arg>
<arg>GP</arg>
<arg>GQ</arg>
<arg>GR</arg>
<arg>GS</arg>
<arg>GT</arg>
<arg>GU</arg>
<arg>GW</arg>
<arg>GY</arg>
<arg>HK</arg>
<arg>HM</arg>
<arg>HN</arg>
<arg>HR</arg>
<arg>HT</arg>
<arg>HU</arg>
<arg>ID</arg>
<arg>IE</arg>
<arg>IL</arg>
<arg>IM</arg>
<arg>IN</arg>
<arg>IO</arg>
<arg>IQ</arg>
<arg>IR</arg>
<arg>IS</arg>
<arg>IT</arg>
<arg>JE</arg>
<arg>JM</arg>
<arg>JO</arg>
<arg>JP</arg>
<arg>KE</arg>
<arg>KG</arg>
<arg>KH</arg>
<arg>KI</arg>
<arg>KM</arg>
<arg>KN</arg>
<arg>KP</arg>
<arg>KR</arg>
<arg>KW</arg>
<arg>KY</arg>
<arg>KZ</arg>
<arg>LA</arg>
<arg>LB</arg>
<arg>LC</arg>
<arg>LI</arg>
<arg>LK</arg>
<arg>LR</arg>
<arg>LS</arg>
<arg>LT</arg>
<arg>LU</arg>
<arg>LV</arg>
<arg>LY</arg>
<arg>MA</arg>
<arg>MC</arg>
<arg>MD</arg>
<arg>ME</arg>
<arg>MF</arg>
<arg>MG</arg>
<arg>MH</arg>
<arg>MK</arg>
<arg>ML</arg>
<arg>MM</arg>
<arg>MN</arg>
<arg>MO</arg>
<arg>MP</arg>
<arg>MQ</arg>
<arg>MR</arg>
<arg>MS</arg>
<arg>MT</arg>
<arg>MU</arg>
<arg>MV</arg>
<arg>MW</arg>
<arg>MX</arg>
<arg>MY</arg>
<arg>MZ</arg>
<arg>NA</arg>
<arg>NC</arg>
<arg>NE</arg>
<arg>NF</arg>
<arg>NG</arg>
<arg>NI</arg>
<arg>NL</arg>
<arg>NO</arg>
<arg>NP</arg>
<arg>NR</arg>
<arg>NU</arg>
<arg>NZ</arg>
<arg>OM</arg>
<arg>PA</arg>
<arg>PE</arg>
<arg>PF</arg>
<arg>PG</arg>
<arg>PH</arg>
<arg>PK</arg>
<arg>PL</arg>
<arg>PM</arg>
<arg>PN</arg>
<arg>PR</arg>
<arg>PS</arg>
<arg>PT</arg>
<arg>PW</arg>
<arg>PY</arg>
<arg>QA</arg>
<arg>RE</arg>
<arg>RO</arg>
<arg>RS</arg>
<arg>RU</arg>
<arg>RW</arg>
<arg>SA</arg>
<arg>SB</arg>
<arg>SC</arg>
<arg>SD</arg>
<arg>SE</arg>
<arg>SG</arg>
<arg>SH</arg>
<arg>SI</arg>
<arg>SJ</arg>
<arg>SK</arg>
<arg>SL</arg>
<arg>SM</arg>
<arg>SN</arg>
<arg>SO</arg>
<arg>SR</arg>
<arg>SS</arg>
<arg>ST</arg>
<arg>SV</arg>
<arg>SX</arg>
<arg>SY</arg>
<arg>SZ</arg>
<arg>TC</arg>
<arg>TD</arg>
<arg>TF</arg>
<arg>TG</arg>
<arg>TH</arg>
<arg>TJ</arg>
<arg>TK</arg>
<arg>TL</arg>
<arg>TM</arg>
<arg>TN</arg>
<arg>TO</arg>
<arg>TR</arg>
<arg>TT</arg>
<arg>TV</arg>
<arg>TW</arg>
<arg>TZ</arg>
<arg>UA</arg>
<arg>UG</arg>
<arg>UM</arg>
<arg>US</arg>
<arg>UY</arg>
<arg>UZ</arg>
<arg>VA</arg>
<arg>VC</arg>
<arg>VE</arg>
<arg>VG</arg>
<arg>VI</arg>
<arg>VN</arg>
<arg>VU</arg>
<arg>WF</arg>
<arg>WS</arg>
<arg>XK</arg>
<arg>YE</arg>
<arg>YT</arg>
<arg>ZA</arg>
<arg>ZM</arg>
<arg>ZW</arg>
<doc>Returns a list containing given items.</doc>
<status status="PASS" start="2024-06-01T10:15:47.989475" elapsed="0.000672"/>
</kw>
<kw name="List Should Contain Value" owner="Collections">
<msg time="2024-06-01T10:15:47.991147" level="INFO">False</msg>
<arg>${list_country}</arg>
<arg>${name_country}</arg>
<doc>Fails if the ``value`` is not found from ``list``.</doc>
<status status="PASS" start="2024-06-01T10:15:47.990940" elapsed="0.000244"/>
</kw>
<kw name="Run Keyword If" owner="BuiltIn">
<kw name="Should Be True" owner="BuiltIn">
<arg>${True}</arg>
<doc>Fails if the given condition is not true.</doc>
<status status="PASS" start="2024-06-01T10:15:47.992235" elapsed="0.000146"/>
</kw>
<arg>${json_data["results"][0]["location"]["coordinates"]["latitude"]} &gt;= -90 and ${json_data["results"][0]["location"]["coordinates"]["latitude"]} &lt;= 90</arg>
<arg>Should Be True</arg>
<arg>${True}</arg>
<doc>Runs the given keyword with the given arguments, if ``condition`` is true.</doc>
<status status="PASS" start="2024-06-01T10:15:47.991495" elapsed="0.001015"/>
</kw>
<kw name="Run Keyword If" owner="BuiltIn">
<kw name="Should Be True" owner="BuiltIn">
<arg>${True}</arg>
<doc>Fails if the given condition is not true.</doc>
<status status="PASS" start="2024-06-01T10:15:47.993387" elapsed="0.000138"/>
</kw>
<arg>${json_data["results"][0]["location"]["coordinates"]["longitude"]} &gt;= -180 and ${json_data["results"][0]["location"]["coordinates"]["longitude"]} &lt;= 180</arg>
<arg>Should Be True</arg>
<arg>${True}</arg>
<doc>Runs the given keyword with the given arguments, if ``condition`` is true.</doc>
<status status="PASS" start="2024-06-01T10:15:47.992701" elapsed="0.000948"/>
</kw>
<status status="PASS" start="2024-06-01T10:15:47.890356" elapsed="0.103421"/>
</kw>
<doc>Testa o conteúdo específico dos campos retornados pela API.</doc>
<tag>testeConteudo</tag>
<status status="PASS" start="2024-06-01T10:15:47.889758" elapsed="0.104162"/>
</test>
<status status="PASS" start="2024-06-01T10:15:47.065710" elapsed="0.930191"/>
</suite>
<status status="PASS" start="2024-06-01T10:15:47.052331" elapsed="0.948707"/>
</suite>
<statistics>
<total>
<stat pass="5" fail="0" skip="0">All Tests</stat>
</total>
<tag>
<stat pass="1" fail="0" skip="0">testeConteudo</stat>
<stat pass="1" fail="0" skip="0">testeEstruturaResposta</stat>
<stat pass="1" fail="0" skip="0">testeRequisicaoBasica</stat>
<stat pass="1" fail="0" skip="0">testeTiposDados</stat>
</tag>
<suite>
<stat pass="5" fail="0" skip="0" id="s1" name="Tests">Tests</stat>
<stat pass="5" fail="0" skip="0" id="s1-s1" name="Random-User-Test">Tests.Random-User-Test</stat>
</suite>
</statistics>
<errors>
</errors>
</robot>
