<?xml version="1.0" encoding="UTF-8"?>
<robot generator="Robot 7.0.1 (Python 3.12.4 on linux)" generated="2024-08-02T19:12:45.354770" rpa="false" schemaversion="5">
<suite id="s1" name="Tests" source="/home/runner/work/ApiRandomUser/ApiRandomUser/RamdonUser/tests">
<suite id="s1-s1" name="Random-User-Test" source="/home/runner/work/ApiRandomUser/ApiRandomUser/RamdonUser/tests/random-user-test.robot">
<test id="s1-s1-t1" name="Conectar" line="13">
<kw name="Conectar API" owner="random-user-service">
<kw name="Create Session" owner="RequestsLibrary">
<msg time="2024-08-02T19:12:45.750138" level="INFO">Creating Session using : alias=consultarAPI, url=https://randomuser.me/, headers={},                     cookies={}, auth=None, timeout=None, proxies=None, verify=False,                     debug=0 </msg>
<arg>consultarAPI</arg>
<arg>${URL}</arg>
<doc>Create Session: create a HTTP session to a server</doc>
<status status="PASS" start="2024-08-02T19:12:45.749942" elapsed="0.000370"/>
</kw>
<status status="PASS" start="2024-08-02T19:12:45.748909" elapsed="0.001752"/>
</kw>
<status status="PASS" start="2024-08-02T19:12:45.748330" elapsed="0.002523"/>
</test>
<test id="s1-s1-t2" name="Validar retorno 200 e JSON Válido" line="16">
<kw name="Teste de Requisicao Basica" owner="random-user-service">
<kw name="GET On Session" owner="RequestsLibrary">
<msg time="2024-08-02T19:12:46.170877" level="INFO">GET Request : url=https://randomuser.me/api 
 path_url=/api 
 headers={'User-Agent': 'python-requests/2.32.3', 'Accept-Encoding': 'gzip, deflate', 'Accept': '*/*', 'Connection': 'keep-alive'} 
 body=None 
 </msg>
<msg time="2024-08-02T19:12:46.171048" level="INFO">GET Response : url=https://randomuser.me/api 
 status=200, reason=OK 
 headers={'Date': 'Fri, 02 Aug 2024 19:12:46 GMT', 'Content-Type': 'application/json; charset=utf-8', 'Transfer-Encoding': 'chunked', 'Connection': 'keep-alive', 'X-Powered-By': 'Express', 'Access-Control-Allow-Origin': '*', 'Cache-Control': 'no-cache', 'ETag': 'W/"48c-K9SYvu9C/oSRUEd8ZN6TQAOLtxM"', 'Vary': 'Accept-Encoding', 'Content-Encoding': 'gzip', 'CF-Cache-Status': 'DYNAMIC', 'Report-To': '{"endpoints":[{"url":"https:\\/\\/a.nel.cloudflare.com\\/report\\/v4?s=DKWkgNBTIQrwk3PxqV%2Bh2VqCPFbm3usfg98JYxZD15aw%2FSaA7%2FG%2FY2hFJhxq8xeQft%2FkeyYs9eGBJUzTXHGlAfyJETserMEHBIT0%2B0IzWZKPV%2B1sNdzf5QQcRNukmWUS"}],"group":"cf-nel","max_age":604800}', 'NEL': '{"success_fraction":0,"report_to":"cf-nel","max_age":604800}', 'Server': 'cloudflare', 'CF-RAY': '8ad0619ea9a43b6c-IAD', 'alt-svc': 'h3=":443"; ma=86400'} 
 body={"results":[{"gender":"female","name":{"title":"Mrs","first":"Vlatka","last":"Teodosić"},"location":{"street":{"number":846,"name":"Kedrova"},"city":"Pirot","state":"Pirot","country":"Serbia","postcode":13123,"coordinates":{"latitude":"56.2750","longitude":"102.1978"},"timezone":{"offset":"+3:00","description":"Baghdad, Riyadh, Moscow, St. Petersburg"}},"email":"vlatka.teodosic@example.com","login":{"uuid":"fd981598-06cf-441d-af54-991f907e626c","username":"crazylion628","password":"dustin","salt":"zX0rh2z8","md5":"6939f86386666dee311e2e4dae7c6621","sha1":"70c1d99cdc8c185126433e48f59319257e4b436e","sha256":"38ba1b44e8e57c1af196075c276109af2571f2ee3a1216810737c05a574581da"},"dob":{"date":"1949-10-30T09:07:32.654Z","age":74},"registered":{"date":"2022-02-26T06:54:04.384Z","age":2},"phone":"014-9413-896","cell":"069-0882-578","id":{"name":"SID","value":"142636672"},"picture":{"large":"https://randomuser.me/api/portraits/women/56.jpg","medium":"https://randomuser.me/api/portraits/med/women/56.jpg","thumbnail":"https://randomuser.me/api/portraits/thumb/women/56.jpg"},"nat":"RS"}],"info":{"seed":"b40359b6390c863f","results":1,"page":1,"version":"1.4"}} 
 </msg>
<msg time="2024-08-02T19:12:46.171141" level="INFO">/opt/hostedtoolcache/Python/3.12.4/x64/lib/python3.12/site-packages/urllib3/connectionpool.py:1099: InsecureRequestWarning: Unverified HTTPS request is being made to host 'randomuser.me'. Adding certificate verification is strongly advised. See: https://urllib3.readthedocs.io/en/latest/advanced-usage.html#tls-warnings
  warnings.warn(</msg>
<msg time="2024-08-02T19:12:46.171304" level="INFO">${response} = &lt;Response [200]&gt;</msg>
<var>${response}</var>
<arg>consultarAPI</arg>
<arg>/api</arg>
<doc>Sends a GET request on a previously created HTTP Session.</doc>
<status status="PASS" start="2024-08-02T19:12:45.753524" elapsed="0.417827"/>
</kw>
<kw name="Should Be Equal As Numbers" owner="BuiltIn">
<msg time="2024-08-02T19:12:46.172360" level="INFO">Argument types are:
&lt;class 'int'&gt;
&lt;class 'str'&gt;</msg>
<arg>${response.status_code}</arg>
<arg>200</arg>
<doc>Fails if objects are unequal after converting them to real numbers.</doc>
<status status="PASS" start="2024-08-02T19:12:46.171905" elapsed="0.000517"/>
</kw>
<kw name="Log" owner="BuiltIn">
<msg time="2024-08-02T19:12:46.173087" level="INFO">200</msg>
<arg>${response.status_code}</arg>
<doc>Logs the given message with the given level.</doc>
<status status="PASS" start="2024-08-02T19:12:46.172741" elapsed="0.000389"/>
</kw>
<kw name="Set Variable" owner="BuiltIn">
<msg time="2024-08-02T19:12:46.173867" level="INFO">${json_data} = {'results': [{'gender': 'female', 'name': {'title': 'Mrs', 'first': 'Vlatka', 'last': 'Teodosić'}, 'location': {'street': {'number': 846, 'name': 'Kedrova'}, 'city': 'Pirot', 'state': 'Pirot', 'countr...</msg>
<var>${json_data}</var>
<arg>${response.json()}</arg>
<doc>Returns the given values which can then be assigned to a variables.</doc>
<status status="PASS" start="2024-08-02T19:12:46.173434" elapsed="0.000463"/>
</kw>
<kw name="Dictionary Should Contain Key" owner="Collections">
<arg>${json_data}</arg>
<arg>results</arg>
<doc>Fails if ``key`` is not found from ``dictionary``.</doc>
<status status="PASS" start="2024-08-02T19:12:46.174196" elapsed="0.000329"/>
</kw>
<status status="PASS" start="2024-08-02T19:12:45.753279" elapsed="0.421400"/>
</kw>
<doc>Testa se a API responde corretamente e retorna um objeto JSON válido.</doc>
<tag>testeRequisicaoBasica</tag>
<status status="PASS" start="2024-08-02T19:12:45.752762" elapsed="0.422089"/>
</test>
<test id="s1-s1-t3" name="Validar estrutura de resposta" line="22">
<kw name="Teste de Estrutura de Resposta" owner="random-user-service">
<kw name="GET On Session" owner="RequestsLibrary">
<msg time="2024-08-02T19:12:46.231903" level="INFO">GET Request : url=https://randomuser.me/api 
 path_url=/api 
 headers={'User-Agent': 'python-requests/2.32.3', 'Accept-Encoding': 'gzip, deflate', 'Accept': '*/*', 'Connection': 'keep-alive'} 
 body=None 
 </msg>
<msg time="2024-08-02T19:12:46.232016" level="INFO">GET Response : url=https://randomuser.me/api 
 status=200, reason=OK 
 headers={'Date': 'Fri, 02 Aug 2024 19:12:46 GMT', 'Content-Type': 'application/json; charset=utf-8', 'Transfer-Encoding': 'chunked', 'Connection': 'keep-alive', 'X-Powered-By': 'Express', 'Access-Control-Allow-Origin': '*', 'Cache-Control': 'no-cache', 'ETag': 'W/"4a3-cbe7VkavbkOYkpc0O6lwvJPFv3o"', 'Vary': 'Accept-Encoding', 'Content-Encoding': 'gzip', 'CF-Cache-Status': 'DYNAMIC', 'Report-To': '{"endpoints":[{"url":"https:\\/\\/a.nel.cloudflare.com\\/report\\/v4?s=%2FEtMqrYWuD3%2Ff%2BlREwA%2Bm8EtwJW2AlRlJH8OQBEJxGG%2FsztUFMRHqw3Aonk2YOorLmVf54ZPPJFC0p%2F9TBArovqzOYmFsI3mA%2F%2BN8zaVuBfAui7SlW6hi7JqjskUB3ZA"}],"group":"cf-nel","max_age":604800}', 'NEL': '{"success_fraction":0,"report_to":"cf-nel","max_age":604800}', 'Server': 'cloudflare', 'CF-RAY': '8ad061a0ac923b6c-IAD', 'alt-svc': 'h3=":443"; ma=86400'} 
 body={"results":[{"gender":"female","name":{"title":"Miss","first":"Cindy","last":"Kück"},"location":{"street":{"number":3842,"name":"Feldstraße"},"city":"Stadtlengsfeld","state":"Sachsen-Anhalt","country":"Germany","postcode":11525,"coordinates":{"latitude":"-51.2941","longitude":"89.6001"},"timezone":{"offset":"+11:00","description":"Magadan, Solomon Islands, New Caledonia"}},"email":"cindy.kuck@example.com","login":{"uuid":"280f64dd-0679-4893-b242-f8a920b2c865","username":"blackzebra556","password":"crow","salt":"AEKIJomi","md5":"570f491f01ae959e74644aafed78886a","sha1":"835a5f88af40a272de621a78c6b27dac874872e2","sha256":"cbc77bd78b946a51cf89aecd9d6331fb734e5f59181d69284af7170d1b660bfc"},"dob":{"date":"1983-04-01T11:05:00.422Z","age":41},"registered":{"date":"2013-08-08T18:12:05.847Z","age":10},"phone":"0071-7533693","cell":"0170-2422123","id":{"name":"SVNR","value":"78 010483 K 674"},"picture":{"large":"https://randomuser.me/api/portraits/women/13.jpg","medium":"https://randomuser.me/api/portraits/med/women/13.jpg","thumbnail":"https://randomuser.me/api/portraits/thumb/women/13.jpg"},"nat":"DE"}],"info":{"seed":"5f6a397d7a8169e4","results":1,"page":1,"version":"1.4"}} 
 </msg>
<msg time="2024-08-02T19:12:46.232178" level="INFO">/opt/hostedtoolcache/Python/3.12.4/x64/lib/python3.12/site-packages/urllib3/connectionpool.py:1099: InsecureRequestWarning: Unverified HTTPS request is being made to host 'randomuser.me'. Adding certificate verification is strongly advised. See: https://urllib3.readthedocs.io/en/latest/advanced-usage.html#tls-warnings
  warnings.warn(</msg>
<msg time="2024-08-02T19:12:46.232336" level="INFO">${response} = &lt;Response [200]&gt;</msg>
<var>${response}</var>
<arg>consultarAPI</arg>
<arg>/api</arg>
<doc>Sends a GET request on a previously created HTTP Session.</doc>
<status status="PASS" start="2024-08-02T19:12:46.177504" elapsed="0.054875"/>
</kw>
<kw name="Set Variable" owner="BuiltIn">
<msg time="2024-08-02T19:12:46.233377" level="INFO">${json_data} = {'results': [{'gender': 'female', 'name': {'title': 'Miss', 'first': 'Cindy', 'last': 'Kück'}, 'location': {'street': {'number': 3842, 'name': 'Feldstraße'}, 'city': 'Stadtlengsfeld', 'state': 'Sachse...</msg>
<var>${json_data}</var>
<arg>${response.json()}</arg>
<doc>Returns the given values which can then be assigned to a variables.</doc>
<status status="PASS" start="2024-08-02T19:12:46.232859" elapsed="0.000547"/>
</kw>
<kw name="Log" owner="BuiltIn">
<msg time="2024-08-02T19:12:46.233878" level="INFO">{'results': [{'gender': 'female', 'name': {'title': 'Miss', 'first': 'Cindy', 'last': 'Kück'}, 'location': {'street': {'number': 3842, 'name': 'Feldstraße'}, 'city': 'Stadtlengsfeld', 'state': 'Sachsen-Anhalt', 'country': 'Germany', 'postcode': 11525, 'coordinates': {'latitude': '-51.2941', 'longitude': '89.6001'}, 'timezone': {'offset': '+11:00', 'description': 'Magadan, Solomon Islands, New Caledonia'}}, 'email': 'cindy.kuck@example.com', 'login': {'uuid': '280f64dd-0679-4893-b242-f8a920b2c865', 'username': 'blackzebra556', 'password': 'crow', 'salt': 'AEKIJomi', 'md5': '570f491f01ae959e74644aafed78886a', 'sha1': '835a5f88af40a272de621a78c6b27dac874872e2', 'sha256': 'cbc77bd78b946a51cf89aecd9d6331fb734e5f59181d69284af7170d1b660bfc'}, 'dob': {'date': '1983-04-01T11:05:00.422Z', 'age': 41}, 'registered': {'date': '2013-08-08T18:12:05.847Z', 'age': 10}, 'phone': '0071-7533693', 'cell': '0170-2422123', 'id': {'name': 'SVNR', 'value': '78 010483 K 674'}, 'picture': {'large': 'https://randomuser.me/api/portraits/women/13.jpg', 'medium': 'https://randomuser.me/api/portraits/med/women/13.jpg', 'thumbnail': 'https://randomuser.me/api/portraits/thumb/women/13.jpg'}, 'nat': 'DE'}], 'info': {'seed': '5f6a397d7a8169e4', 'results': 1, 'page': 1, 'version': '1.4'}}</msg>
<arg>${json_data}</arg>
<doc>Logs the given message with the given level.</doc>
<status status="PASS" start="2024-08-02T19:12:46.233714" elapsed="0.000214"/>
</kw>
<kw name="Dictionary Should Contain Key" owner="Collections">
<arg>${json_data}</arg>
<arg>results</arg>
<doc>Fails if ``key`` is not found from ``dictionary``.</doc>
<status status="PASS" start="2024-08-02T19:12:46.234218" elapsed="0.000169"/>
</kw>
<kw name="Should Not Be Empty" owner="BuiltIn">
<msg time="2024-08-02T19:12:46.234705" level="INFO">Length is 2.</msg>
<arg>${json_data}</arg>
<doc>Verifies that the given item is not empty.</doc>
<status status="PASS" start="2024-08-02T19:12:46.234571" elapsed="0.000172"/>
</kw>
<kw name="Create List" owner="BuiltIn">
<msg time="2024-08-02T19:12:46.235196" level="INFO">${expected_keys} = ['gender', 'name', 'location', 'email', 'login']</msg>
<var>${expected_keys}</var>
<arg>gender</arg>
<arg>name</arg>
<arg>location</arg>
<arg>email</arg>
<arg>login</arg>
<doc>Returns a list containing given items.</doc>
<status status="PASS" start="2024-08-02T19:12:46.235045" elapsed="0.000175"/>
</kw>
<for flavor="IN">
<iter>
<kw name="Dictionary Should Contain Key" owner="Collections">
<arg>${json_data['results'][0]}</arg>
<arg>${key}</arg>
<doc>Fails if ``key`` is not found from ``dictionary``.</doc>
<status status="PASS" start="2024-08-02T19:12:46.235821" elapsed="0.000420"/>
</kw>
<kw name="Log" owner="BuiltIn">
<msg time="2024-08-02T19:12:46.236789" level="INFO">{'gender': 'female', 'name': {'title': 'Miss', 'first': 'Cindy', 'last': 'Kück'}, 'location': {'street': {'number': 3842, 'name': 'Feldstraße'}, 'city': 'Stadtlengsfeld', 'state': 'Sachsen-Anhalt', 'country': 'Germany', 'postcode': 11525, 'coordinates': {'latitude': '-51.2941', 'longitude': '89.6001'}, 'timezone': {'offset': '+11:00', 'description': 'Magadan, Solomon Islands, New Caledonia'}}, 'email': 'cindy.kuck@example.com', 'login': {'uuid': '280f64dd-0679-4893-b242-f8a920b2c865', 'username': 'blackzebra556', 'password': 'crow', 'salt': 'AEKIJomi', 'md5': '570f491f01ae959e74644aafed78886a', 'sha1': '835a5f88af40a272de621a78c6b27dac874872e2', 'sha256': 'cbc77bd78b946a51cf89aecd9d6331fb734e5f59181d69284af7170d1b660bfc'}, 'dob': {'date': '1983-04-01T11:05:00.422Z', 'age': 41}, 'registered': {'date': '2013-08-08T18:12:05.847Z', 'age': 10}, 'phone': '0071-7533693', 'cell': '0170-2422123', 'id': {'name': 'SVNR', 'value': '78 010483 K 674'}, 'picture': {'large': 'https://randomuser.me/api/portraits/women/13.jpg', 'medium': 'https://randomuser.me/api/portraits/med/women/13.jpg', 'thumbnail': 'https://randomuser.me/api/portraits/thumb/women/13.jpg'}, 'nat': 'DE'}</msg>
<arg>${json_data['results'][0]}</arg>
<doc>Logs the given message with the given level.</doc>
<status status="PASS" start="2024-08-02T19:12:46.236426" elapsed="0.000424"/>
</kw>
<kw name="Log" owner="BuiltIn">
<msg time="2024-08-02T19:12:46.237278" level="INFO">gender</msg>
<arg>${key}</arg>
<doc>Logs the given message with the given level.</doc>
<status status="PASS" start="2024-08-02T19:12:46.237151" elapsed="0.000166"/>
</kw>
<var name="${key}">gender</var>
<status status="PASS" start="2024-08-02T19:12:46.235673" elapsed="0.001858"/>
</iter>
<iter>
<kw name="Dictionary Should Contain Key" owner="Collections">
<arg>${json_data['results'][0]}</arg>
<arg>${key}</arg>
<doc>Fails if ``key`` is not found from ``dictionary``.</doc>
<status status="PASS" start="2024-08-02T19:12:46.237824" elapsed="0.000387"/>
</kw>
<kw name="Log" owner="BuiltIn">
<msg time="2024-08-02T19:12:46.238783" level="INFO">{'gender': 'female', 'name': {'title': 'Miss', 'first': 'Cindy', 'last': 'Kück'}, 'location': {'street': {'number': 3842, 'name': 'Feldstraße'}, 'city': 'Stadtlengsfeld', 'state': 'Sachsen-Anhalt', 'country': 'Germany', 'postcode': 11525, 'coordinates': {'latitude': '-51.2941', 'longitude': '89.6001'}, 'timezone': {'offset': '+11:00', 'description': 'Magadan, Solomon Islands, New Caledonia'}}, 'email': 'cindy.kuck@example.com', 'login': {'uuid': '280f64dd-0679-4893-b242-f8a920b2c865', 'username': 'blackzebra556', 'password': 'crow', 'salt': 'AEKIJomi', 'md5': '570f491f01ae959e74644aafed78886a', 'sha1': '835a5f88af40a272de621a78c6b27dac874872e2', 'sha256': 'cbc77bd78b946a51cf89aecd9d6331fb734e5f59181d69284af7170d1b660bfc'}, 'dob': {'date': '1983-04-01T11:05:00.422Z', 'age': 41}, 'registered': {'date': '2013-08-08T18:12:05.847Z', 'age': 10}, 'phone': '0071-7533693', 'cell': '0170-2422123', 'id': {'name': 'SVNR', 'value': '78 010483 K 674'}, 'picture': {'large': 'https://randomuser.me/api/portraits/women/13.jpg', 'medium': 'https://randomuser.me/api/portraits/med/women/13.jpg', 'thumbnail': 'https://randomuser.me/api/portraits/thumb/women/13.jpg'}, 'nat': 'DE'}</msg>
<arg>${json_data['results'][0]}</arg>
<doc>Logs the given message with the given level.</doc>
<status status="PASS" start="2024-08-02T19:12:46.238427" elapsed="0.000417"/>
</kw>
<kw name="Log" owner="BuiltIn">
<msg time="2024-08-02T19:12:46.239269" level="INFO">name</msg>
<arg>${key}</arg>
<doc>Logs the given message with the given level.</doc>
<status status="PASS" start="2024-08-02T19:12:46.239142" elapsed="0.000165"/>
</kw>
<var name="${key}">name</var>
<status status="PASS" start="2024-08-02T19:12:46.237716" elapsed="0.001807"/>
</iter>
<iter>
<kw name="Dictionary Should Contain Key" owner="Collections">
<arg>${json_data['results'][0]}</arg>
<arg>${key}</arg>
<doc>Fails if ``key`` is not found from ``dictionary``.</doc>
<status status="PASS" start="2024-08-02T19:12:46.239823" elapsed="0.000397"/>
</kw>
<kw name="Log" owner="BuiltIn">
<msg time="2024-08-02T19:12:46.240753" level="INFO">{'gender': 'female', 'name': {'title': 'Miss', 'first': 'Cindy', 'last': 'Kück'}, 'location': {'street': {'number': 3842, 'name': 'Feldstraße'}, 'city': 'Stadtlengsfeld', 'state': 'Sachsen-Anhalt', 'country': 'Germany', 'postcode': 11525, 'coordinates': {'latitude': '-51.2941', 'longitude': '89.6001'}, 'timezone': {'offset': '+11:00', 'description': 'Magadan, Solomon Islands, New Caledonia'}}, 'email': 'cindy.kuck@example.com', 'login': {'uuid': '280f64dd-0679-4893-b242-f8a920b2c865', 'username': 'blackzebra556', 'password': 'crow', 'salt': 'AEKIJomi', 'md5': '570f491f01ae959e74644aafed78886a', 'sha1': '835a5f88af40a272de621a78c6b27dac874872e2', 'sha256': 'cbc77bd78b946a51cf89aecd9d6331fb734e5f59181d69284af7170d1b660bfc'}, 'dob': {'date': '1983-04-01T11:05:00.422Z', 'age': 41}, 'registered': {'date': '2013-08-08T18:12:05.847Z', 'age': 10}, 'phone': '0071-7533693', 'cell': '0170-2422123', 'id': {'name': 'SVNR', 'value': '78 010483 K 674'}, 'picture': {'large': 'https://randomuser.me/api/portraits/women/13.jpg', 'medium': 'https://randomuser.me/api/portraits/med/women/13.jpg', 'thumbnail': 'https://randomuser.me/api/portraits/thumb/women/13.jpg'}, 'nat': 'DE'}</msg>
<arg>${json_data['results'][0]}</arg>
<doc>Logs the given message with the given level.</doc>
<status status="PASS" start="2024-08-02T19:12:46.240407" elapsed="0.000396"/>
</kw>
<kw name="Log" owner="BuiltIn">
<msg time="2024-08-02T19:12:46.241223" level="INFO">location</msg>
<arg>${key}</arg>
<doc>Logs the given message with the given level.</doc>
<status status="PASS" start="2024-08-02T19:12:46.241098" elapsed="0.000162"/>
</kw>
<var name="${key}">location</var>
<status status="PASS" start="2024-08-02T19:12:46.239697" elapsed="0.001772"/>
</iter>
<iter>
<kw name="Dictionary Should Contain Key" owner="Collections">
<arg>${json_data['results'][0]}</arg>
<arg>${key}</arg>
<doc>Fails if ``key`` is not found from ``dictionary``.</doc>
<status status="PASS" start="2024-08-02T19:12:46.241744" elapsed="0.000372"/>
</kw>
<kw name="Log" owner="BuiltIn">
<msg time="2024-08-02T19:12:46.242771" level="INFO">{'gender': 'female', 'name': {'title': 'Miss', 'first': 'Cindy', 'last': 'Kück'}, 'location': {'street': {'number': 3842, 'name': 'Feldstraße'}, 'city': 'Stadtlengsfeld', 'state': 'Sachsen-Anhalt', 'country': 'Germany', 'postcode': 11525, 'coordinates': {'latitude': '-51.2941', 'longitude': '89.6001'}, 'timezone': {'offset': '+11:00', 'description': 'Magadan, Solomon Islands, New Caledonia'}}, 'email': 'cindy.kuck@example.com', 'login': {'uuid': '280f64dd-0679-4893-b242-f8a920b2c865', 'username': 'blackzebra556', 'password': 'crow', 'salt': 'AEKIJomi', 'md5': '570f491f01ae959e74644aafed78886a', 'sha1': '835a5f88af40a272de621a78c6b27dac874872e2', 'sha256': 'cbc77bd78b946a51cf89aecd9d6331fb734e5f59181d69284af7170d1b660bfc'}, 'dob': {'date': '1983-04-01T11:05:00.422Z', 'age': 41}, 'registered': {'date': '2013-08-08T18:12:05.847Z', 'age': 10}, 'phone': '0071-7533693', 'cell': '0170-2422123', 'id': {'name': 'SVNR', 'value': '78 010483 K 674'}, 'picture': {'large': 'https://randomuser.me/api/portraits/women/13.jpg', 'medium': 'https://randomuser.me/api/portraits/med/women/13.jpg', 'thumbnail': 'https://randomuser.me/api/portraits/thumb/women/13.jpg'}, 'nat': 'DE'}</msg>
<arg>${json_data['results'][0]}</arg>
<doc>Logs the given message with the given level.</doc>
<status status="PASS" start="2024-08-02T19:12:46.242421" elapsed="0.000400"/>
</kw>
<kw name="Log" owner="BuiltIn">
<msg time="2024-08-02T19:12:46.243243" level="INFO">email</msg>
<arg>${key}</arg>
<doc>Logs the given message with the given level.</doc>
<status status="PASS" start="2024-08-02T19:12:46.243115" elapsed="0.000166"/>
</kw>
<var name="${key}">email</var>
<status status="PASS" start="2024-08-02T19:12:46.241640" elapsed="0.001856"/>
</iter>
<iter>
<kw name="Dictionary Should Contain Key" owner="Collections">
<arg>${json_data['results'][0]}</arg>
<arg>${key}</arg>
<doc>Fails if ``key`` is not found from ``dictionary``.</doc>
<status status="PASS" start="2024-08-02T19:12:46.243775" elapsed="0.000412"/>
</kw>
<kw name="Log" owner="BuiltIn">
<msg time="2024-08-02T19:12:46.244717" level="INFO">{'gender': 'female', 'name': {'title': 'Miss', 'first': 'Cindy', 'last': 'Kück'}, 'location': {'street': {'number': 3842, 'name': 'Feldstraße'}, 'city': 'Stadtlengsfeld', 'state': 'Sachsen-Anhalt', 'country': 'Germany', 'postcode': 11525, 'coordinates': {'latitude': '-51.2941', 'longitude': '89.6001'}, 'timezone': {'offset': '+11:00', 'description': 'Magadan, Solomon Islands, New Caledonia'}}, 'email': 'cindy.kuck@example.com', 'login': {'uuid': '280f64dd-0679-4893-b242-f8a920b2c865', 'username': 'blackzebra556', 'password': 'crow', 'salt': 'AEKIJomi', 'md5': '570f491f01ae959e74644aafed78886a', 'sha1': '835a5f88af40a272de621a78c6b27dac874872e2', 'sha256': 'cbc77bd78b946a51cf89aecd9d6331fb734e5f59181d69284af7170d1b660bfc'}, 'dob': {'date': '1983-04-01T11:05:00.422Z', 'age': 41}, 'registered': {'date': '2013-08-08T18:12:05.847Z', 'age': 10}, 'phone': '0071-7533693', 'cell': '0170-2422123', 'id': {'name': 'SVNR', 'value': '78 010483 K 674'}, 'picture': {'large': 'https://randomuser.me/api/portraits/women/13.jpg', 'medium': 'https://randomuser.me/api/portraits/med/women/13.jpg', 'thumbnail': 'https://randomuser.me/api/portraits/thumb/women/13.jpg'}, 'nat': 'DE'}</msg>
<arg>${json_data['results'][0]}</arg>
<doc>Logs the given message with the given level.</doc>
<status status="PASS" start="2024-08-02T19:12:46.244371" elapsed="0.000394"/>
</kw>
<kw name="Log" owner="BuiltIn">
<msg time="2024-08-02T19:12:46.245189" level="INFO">login</msg>
<arg>${key}</arg>
<doc>Logs the given message with the given level.</doc>
<status status="PASS" start="2024-08-02T19:12:46.245063" elapsed="0.000164"/>
</kw>
<var name="${key}">login</var>
<status status="PASS" start="2024-08-02T19:12:46.243668" elapsed="0.001772"/>
</iter>
<var>${key}</var>
<value>@{expected_keys}</value>
<status status="PASS" start="2024-08-02T19:12:46.235483" elapsed="0.010076"/>
</for>
<kw name="Create List" owner="BuiltIn">
<msg time="2024-08-02T19:12:46.245937" level="INFO">${expected_keysTwo} = ['username', 'password']</msg>
<var>${expected_keysTwo}</var>
<arg>username</arg>
<arg>password</arg>
<doc>Returns a list containing given items.</doc>
<status status="PASS" start="2024-08-02T19:12:46.245779" elapsed="0.000183"/>
</kw>
<for flavor="IN">
<iter>
<kw name="Dictionary Should Contain Key" owner="Collections">
<arg>${json_data['results'][0]['login']}</arg>
<arg>${keyTwo}</arg>
<doc>Fails if ``key`` is not found from ``dictionary``.</doc>
<status status="PASS" start="2024-08-02T19:12:46.246474" elapsed="0.000388"/>
</kw>
<kw name="Dictionary Should Contain Key" owner="Collections">
<arg>${json_data['results'][0]['login']}</arg>
<arg>${keyTwo}</arg>
<doc>Fails if ``key`` is not found from ``dictionary``.</doc>
<status status="PASS" start="2024-08-02T19:12:46.247041" elapsed="0.000377"/>
</kw>
<kw name="Log" owner="BuiltIn">
<msg time="2024-08-02T19:12:46.247716" level="INFO">username</msg>
<arg>${keyTwo}</arg>
<doc>Logs the given message with the given level.</doc>
<status status="PASS" start="2024-08-02T19:12:46.247598" elapsed="0.000155"/>
</kw>
<var name="${keyTwo}">username</var>
<status status="PASS" start="2024-08-02T19:12:46.246366" elapsed="0.001639"/>
</iter>
<iter>
<kw name="Dictionary Should Contain Key" owner="Collections">
<arg>${json_data['results'][0]['login']}</arg>
<arg>${keyTwo}</arg>
<doc>Fails if ``key`` is not found from ``dictionary``.</doc>
<status status="PASS" start="2024-08-02T19:12:46.248281" elapsed="0.000381"/>
</kw>
<kw name="Dictionary Should Contain Key" owner="Collections">
<arg>${json_data['results'][0]['login']}</arg>
<arg>${keyTwo}</arg>
<doc>Fails if ``key`` is not found from ``dictionary``.</doc>
<status status="PASS" start="2024-08-02T19:12:46.248836" elapsed="0.000366"/>
</kw>
<kw name="Log" owner="BuiltIn">
<msg time="2024-08-02T19:12:46.249497" level="INFO">password</msg>
<arg>${keyTwo}</arg>
<doc>Logs the given message with the given level.</doc>
<status status="PASS" start="2024-08-02T19:12:46.249375" elapsed="0.000158"/>
</kw>
<var name="${keyTwo}">password</var>
<status status="PASS" start="2024-08-02T19:12:46.248176" elapsed="0.001574"/>
</iter>
<var>${keyTwo}</var>
<value>@{expected_keysTwo}</value>
<status status="PASS" start="2024-08-02T19:12:46.246212" elapsed="0.003659"/>
</for>
<status status="PASS" start="2024-08-02T19:12:46.177268" elapsed="0.072744"/>
</kw>
<doc>Testa a estrutura da resposta da API.</doc>
<tag>testeEstruturaResposta</tag>
<status status="PASS" start="2024-08-02T19:12:46.176765" elapsed="0.073404"/>
</test>
<test id="s1-s1-t4" name="Validar tipos de dados" line="28">
<kw name="Teste de Tipos de Dados" owner="random-user-service">
<kw name="GET On Session" owner="RequestsLibrary">
<msg time="2024-08-02T19:12:46.323486" level="INFO">GET Request : url=https://randomuser.me/api 
 path_url=/api 
 headers={'User-Agent': 'python-requests/2.32.3', 'Accept-Encoding': 'gzip, deflate', 'Accept': '*/*', 'Connection': 'keep-alive'} 
 body=None 
 </msg>
<msg time="2024-08-02T19:12:46.323559" level="INFO">GET Response : url=https://randomuser.me/api 
 status=200, reason=OK 
 headers={'Date': 'Fri, 02 Aug 2024 19:12:46 GMT', 'Content-Type': 'application/json; charset=utf-8', 'Transfer-Encoding': 'chunked', 'Connection': 'keep-alive', 'X-Powered-By': 'Express', 'Access-Control-Allow-Origin': '*', 'Cache-Control': 'no-cache', 'ETag': 'W/"49d-Ww4v5lNwwRs/pzyNdAXXW6EnNWc"', 'Vary': 'Accept-Encoding', 'Content-Encoding': 'gzip', 'CF-Cache-Status': 'DYNAMIC', 'Report-To': '{"endpoints":[{"url":"https:\\/\\/a.nel.cloudflare.com\\/report\\/v4?s=uvyCKyp6%2FYuueACg0R4TsrqA8r3G7sHh%2FRXwa9PApNYxSDKjbpVhQEPi4vyIa4WpOKmuH%2F2RAh58SPQa0KYZ0M%2Fu6uCN%2FqXepVDpwTwWvlqgcZv0Ze5iag67z%2B0t4UZK"}],"group":"cf-nel","max_age":604800}', 'NEL': '{"success_fraction":0,"report_to":"cf-nel","max_age":604800}', 'Server': 'cloudflare', 'CF-RAY': '8ad061a12d3a3b6c-IAD', 'alt-svc': 'h3=":443"; ma=86400'} 
 body={"results":[{"gender":"female","name":{"title":"Ms","first":"Isabella","last":"Gagné"},"location":{"street":{"number":8788,"name":"West Ave"},"city":"Trout Lake","state":"Manitoba","country":"Canada","postcode":"T0K 8X6","coordinates":{"latitude":"-71.2036","longitude":"175.3066"},"timezone":{"offset":"-4:00","description":"Atlantic Time (Canada), Caracas, La Paz"}},"email":"isabella.gagne@example.com","login":{"uuid":"85b4efe2-d4bd-4748-92bc-7ee79c46db29","username":"silverladybug937","password":"philip","salt":"pTZErIZk","md5":"cf5d6758f5b94e4698be0a1f4f317d57","sha1":"e4f7eb60e863d40b39dfa3514f4b685422bdaa43","sha256":"82e4b94632b8a084584b26d14fe8d27a1caf9cf4aff6002eb74fad157551b8ff"},"dob":{"date":"1996-10-20T23:25:30.827Z","age":27},"registered":{"date":"2011-10-17T18:08:13.469Z","age":12},"phone":"U24 V61-6145","cell":"A35 T14-6790","id":{"name":"SIN","value":"770498459"},"picture":{"large":"https://randomuser.me/api/portraits/women/58.jpg","medium":"https://randomuser.me/api/portraits/med/women/58.jpg","thumbnail":"https://randomuser.me/api/portraits/thumb/women/58.jpg"},"nat":"CA"}],"info":{"seed":"d221e009c583c234","results":1,"page":1,"version":"1.4"}} 
 </msg>
<msg time="2024-08-02T19:12:46.323626" level="INFO">/opt/hostedtoolcache/Python/3.12.4/x64/lib/python3.12/site-packages/urllib3/connectionpool.py:1099: InsecureRequestWarning: Unverified HTTPS request is being made to host 'randomuser.me'. Adding certificate verification is strongly advised. See: https://urllib3.readthedocs.io/en/latest/advanced-usage.html#tls-warnings
  warnings.warn(</msg>
<msg time="2024-08-02T19:12:46.323739" level="INFO">${response} = &lt;Response [200]&gt;</msg>
<var>${response}</var>
<arg>consultarAPI</arg>
<arg>/api</arg>
<doc>Sends a GET request on a previously created HTTP Session.</doc>
<status status="PASS" start="2024-08-02T19:12:46.252629" elapsed="0.071148"/>
</kw>
<kw name="Set Variable" owner="BuiltIn">
<msg time="2024-08-02T19:12:46.324764" level="INFO">${json_data} = {'results': [{'gender': 'female', 'name': {'title': 'Ms', 'first': 'Isabella', 'last': 'Gagné'}, 'location': {'street': {'number': 8788, 'name': 'West Ave'}, 'city': 'Trout Lake', 'state': 'Manitoba',...</msg>
<var>${json_data}</var>
<arg>${response.json()}</arg>
<doc>Returns the given values which can then be assigned to a variables.</doc>
<status status="PASS" start="2024-08-02T19:12:46.324277" elapsed="0.000516"/>
</kw>
<kw name="Log" owner="BuiltIn">
<msg time="2024-08-02T19:12:46.325242" level="INFO">{'results': [{'gender': 'female', 'name': {'title': 'Ms', 'first': 'Isabella', 'last': 'Gagné'}, 'location': {'street': {'number': 8788, 'name': 'West Ave'}, 'city': 'Trout Lake', 'state': 'Manitoba', 'country': 'Canada', 'postcode': 'T0K 8X6', 'coordinates': {'latitude': '-71.2036', 'longitude': '175.3066'}, 'timezone': {'offset': '-4:00', 'description': 'Atlantic Time (Canada), Caracas, La Paz'}}, 'email': 'isabella.gagne@example.com', 'login': {'uuid': '85b4efe2-d4bd-4748-92bc-7ee79c46db29', 'username': 'silverladybug937', 'password': 'philip', 'salt': 'pTZErIZk', 'md5': 'cf5d6758f5b94e4698be0a1f4f317d57', 'sha1': 'e4f7eb60e863d40b39dfa3514f4b685422bdaa43', 'sha256': '82e4b94632b8a084584b26d14fe8d27a1caf9cf4aff6002eb74fad157551b8ff'}, 'dob': {'date': '1996-10-20T23:25:30.827Z', 'age': 27}, 'registered': {'date': '2011-10-17T18:08:13.469Z', 'age': 12}, 'phone': 'U24 V61-6145', 'cell': 'A35 T14-6790', 'id': {'name': 'SIN', 'value': '770498459'}, 'picture': {'large': 'https://randomuser.me/api/portraits/women/58.jpg', 'medium': 'https://randomuser.me/api/portraits/med/women/58.jpg', 'thumbnail': 'https://randomuser.me/api/portraits/thumb/women/58.jpg'}, 'nat': 'CA'}], 'info': {'seed': 'd221e009c583c234', 'results': 1, 'page': 1, 'version': '1.4'}}</msg>
<arg>${json_data}</arg>
<doc>Logs the given message with the given level.</doc>
<status status="PASS" start="2024-08-02T19:12:46.325090" elapsed="0.000203"/>
</kw>
<kw name="Should Be String" owner="String">
<arg>${json_data['results'][0]['gender']}</arg>
<doc>Fails if the given ``item`` is not a string.</doc>
<status status="PASS" start="2024-08-02T19:12:46.325579" elapsed="0.000373"/>
</kw>
<kw name="Should Match Regexp" owner="BuiltIn">
<arg>${json_data['results'][0]['email']}</arg>
<arg>^[a-zA-Z0-9._%+-]+@[a-zA-Z0-9.-]+\.[a-zA-Z]{2,}$</arg>
<doc>Fails if ``string`` does not match ``pattern`` as a regular expression.</doc>
<status status="PASS" start="2024-08-02T19:12:46.326175" elapsed="0.000514"/>
</kw>
<kw name="Should Match Regexp" owner="BuiltIn">
<arg>${json_data['results'][0]['dob']['date']}</arg>
<arg>\\d{4}-\\d{2}-\\d{2}T\\d{2}:\\d{2}:\\d{2}\\.\\d{3}Z</arg>
<doc>Fails if ``string`` does not match ``pattern`` as a regular expression.</doc>
<status status="PASS" start="2024-08-02T19:12:46.326881" elapsed="0.000621"/>
</kw>
<kw name="Should Match Regexp" owner="BuiltIn">
<arg>${json_data['results'][0]['registered']['date']}</arg>
<arg>\\d{4}-\\d{2}-\\d{2}T\\d{2}:\\d{2}:\\d{2}\\.\\d{3}Z</arg>
<doc>Fails if ``string`` does not match ``pattern`` as a regular expression.</doc>
<status status="PASS" start="2024-08-02T19:12:46.327695" elapsed="0.000412"/>
</kw>
<kw name="Should Match Regexp" owner="BuiltIn">
<arg>${json_data['results'][0]['picture']['large']}</arg>
<arg>^https?://.*\.(?:png|jpe?g|gif|bmp)$</arg>
<doc>Fails if ``string`` does not match ``pattern`` as a regular expression.</doc>
<status status="PASS" start="2024-08-02T19:12:46.328295" elapsed="0.000460"/>
</kw>
<kw name="Should Match Regexp" owner="BuiltIn">
<arg>${json_data['results'][0]['picture']['medium']}</arg>
<arg>^https?://.*\.(?:png|jpe?g|gif|bmp)$</arg>
<doc>Fails if ``string`` does not match ``pattern`` as a regular expression.</doc>
<status status="PASS" start="2024-08-02T19:12:46.328941" elapsed="0.000352"/>
</kw>
<kw name="Should Match Regexp" owner="BuiltIn">
<arg>${json_data['results'][0]['picture']['thumbnail']}</arg>
<arg>^https?://.*\.(?:png|jpe?g|gif|bmp)$</arg>
<doc>Fails if ``string`` does not match ``pattern`` as a regular expression.</doc>
<status status="PASS" start="2024-08-02T19:12:46.329475" elapsed="0.000343"/>
</kw>
<kw name="Log" owner="BuiltIn">
<msg time="2024-08-02T19:12:46.330311" level="INFO">{'large': 'https://randomuser.me/api/portraits/women/58.jpg', 'medium': 'https://randomuser.me/api/portraits/med/women/58.jpg', 'thumbnail': 'https://randomuser.me/api/portraits/thumb/women/58.jpg'}</msg>
<arg>${json_data['results'][0]['picture']}</arg>
<doc>Logs the given message with the given level.</doc>
<status status="PASS" start="2024-08-02T19:12:46.329996" elapsed="0.000357"/>
</kw>
<status status="PASS" start="2024-08-02T19:12:46.252405" elapsed="0.078202"/>
</kw>
<kw name="Teste de Tipos de Dados - Postcode" owner="random-user-service">
<kw name="GET On Session" owner="RequestsLibrary">
<msg time="2024-08-02T19:12:46.426986" level="INFO">GET Request : url=https://randomuser.me/api 
 path_url=/api 
 headers={'User-Agent': 'python-requests/2.32.3', 'Accept-Encoding': 'gzip, deflate', 'Accept': '*/*', 'Connection': 'keep-alive'} 
 body=None 
 </msg>
<msg time="2024-08-02T19:12:46.427095" level="INFO">GET Response : url=https://randomuser.me/api 
 status=200, reason=OK 
 headers={'Date': 'Fri, 02 Aug 2024 19:12:46 GMT', 'Content-Type': 'application/json; charset=utf-8', 'Transfer-Encoding': 'chunked', 'Connection': 'keep-alive', 'X-Powered-By': 'Express', 'Access-Control-Allow-Origin': '*', 'Cache-Control': 'no-cache', 'ETag': 'W/"48d-SZmP9d8U9sqJeUH+qnZbsHiuFS4"', 'Vary': 'Accept-Encoding', 'Content-Encoding': 'gzip', 'CF-Cache-Status': 'DYNAMIC', 'Report-To': '{"endpoints":[{"url":"https:\\/\\/a.nel.cloudflare.com\\/report\\/v4?s=MFRJM9BfF%2BOfuWStCiawor9l1ABV%2B15hWry7iNTuZwMZWshDPF5RAFjVssRFJ08RXVGnbF4HR6wGV981r3pGBCi%2FxMemEp74evW1FDNDPBbXYFgOCNg8Xt2ThD5AMpz%2F"}],"group":"cf-nel","max_age":604800}', 'NEL': '{"success_fraction":0,"report_to":"cf-nel","max_age":604800}', 'Server': 'cloudflare', 'CF-RAY': '8ad061a1adc73b6c-IAD', 'alt-svc': 'h3=":443"; ma=86400'} 
 body={"results":[{"gender":"male","name":{"title":"Mr","first":"Hans-Friedrich","last":"Behnke"},"location":{"street":{"number":6905,"name":"Bahnhofstraße"},"city":"Katzenelnbogen","state":"Niedersachsen","country":"Germany","postcode":90106,"coordinates":{"latitude":"-47.5548","longitude":"-19.7952"},"timezone":{"offset":"+3:30","description":"Tehran"}},"email":"hans-friedrich.behnke@example.com","login":{"uuid":"609b168e-6615-4f43-a6d2-6e8498c81793","username":"smallcat456","password":"gigi","salt":"AAev8snx","md5":"7ab2c2badbddd9e5da2f5369a597347b","sha1":"5edd3d9e4447538a5173d10e907bb22d276b3452","sha256":"d2f1f6796a928566b377802866ef544076023ccce2bea6059f892220bf16e90f"},"dob":{"date":"1996-05-28T06:24:48.517Z","age":28},"registered":{"date":"2012-04-27T23:55:06.909Z","age":12},"phone":"0558-5145271","cell":"0175-5799678","id":{"name":"SVNR","value":"74 280596 B 069"},"picture":{"large":"https://randomuser.me/api/portraits/men/30.jpg","medium":"https://randomuser.me/api/portraits/med/men/30.jpg","thumbnail":"https://randomuser.me/api/portraits/thumb/men/30.jpg"},"nat":"DE"}],"info":{"seed":"ac953df9961d4d04","results":1,"page":1,"version":"1.4"}} 
 </msg>
<msg time="2024-08-02T19:12:46.427179" level="INFO">/opt/hostedtoolcache/Python/3.12.4/x64/lib/python3.12/site-packages/urllib3/connectionpool.py:1099: InsecureRequestWarning: Unverified HTTPS request is being made to host 'randomuser.me'. Adding certificate verification is strongly advised. See: https://urllib3.readthedocs.io/en/latest/advanced-usage.html#tls-warnings
  warnings.warn(</msg>
<msg time="2024-08-02T19:12:46.427338" level="INFO">${response} = &lt;Response [200]&gt;</msg>
<var>${response}</var>
<arg>consultarAPI</arg>
<arg>/api</arg>
<doc>Sends a GET request on a previously created HTTP Session.</doc>
<status status="PASS" start="2024-08-02T19:12:46.331044" elapsed="0.096345"/>
</kw>
<kw name="Set Variable" owner="BuiltIn">
<msg time="2024-08-02T19:12:46.428481" level="INFO">${json_data} = {'results': [{'gender': 'male', 'name': {'title': 'Mr', 'first': 'Hans-Friedrich', 'last': 'Behnke'}, 'location': {'street': {'number': 6905, 'name': 'Bahnhofstraße'}, 'city': 'Katzenelnbogen', 'state...</msg>
<var>${json_data}</var>
<arg>${response.json()}</arg>
<doc>Returns the given values which can then be assigned to a variables.</doc>
<status status="PASS" start="2024-08-02T19:12:46.427962" elapsed="0.000553"/>
</kw>
<kw name="Log" owner="BuiltIn">
<msg time="2024-08-02T19:12:46.428982" level="INFO">{'results': [{'gender': 'male', 'name': {'title': 'Mr', 'first': 'Hans-Friedrich', 'last': 'Behnke'}, 'location': {'street': {'number': 6905, 'name': 'Bahnhofstraße'}, 'city': 'Katzenelnbogen', 'state': 'Niedersachsen', 'country': 'Germany', 'postcode': 90106, 'coordinates': {'latitude': '-47.5548', 'longitude': '-19.7952'}, 'timezone': {'offset': '+3:30', 'description': 'Tehran'}}, 'email': 'hans-friedrich.behnke@example.com', 'login': {'uuid': '609b168e-6615-4f43-a6d2-6e8498c81793', 'username': 'smallcat456', 'password': 'gigi', 'salt': 'AAev8snx', 'md5': '7ab2c2badbddd9e5da2f5369a597347b', 'sha1': '5edd3d9e4447538a5173d10e907bb22d276b3452', 'sha256': 'd2f1f6796a928566b377802866ef544076023ccce2bea6059f892220bf16e90f'}, 'dob': {'date': '1996-05-28T06:24:48.517Z', 'age': 28}, 'registered': {'date': '2012-04-27T23:55:06.909Z', 'age': 12}, 'phone': '0558-5145271', 'cell': '0175-5799678', 'id': {'name': 'SVNR', 'value': '74 280596 B 069'}, 'picture': {'large': 'https://randomuser.me/api/portraits/men/30.jpg', 'medium': 'https://randomuser.me/api/portraits/med/men/30.jpg', 'thumbnail': 'https://randomuser.me/api/portraits/thumb/men/30.jpg'}, 'nat': 'DE'}], 'info': {'seed': 'ac953df9961d4d04', 'results': 1, 'page': 1, 'version': '1.4'}}</msg>
<arg>${json_data}</arg>
<doc>Logs the given message with the given level.</doc>
<status status="PASS" start="2024-08-02T19:12:46.428824" elapsed="0.000206"/>
</kw>
<kw name="Should Be Equal As Numbers" owner="BuiltIn">
<arg>${json_data['results'][0]['location']['postcode']}</arg>
<arg>${json_data['results'][0]['location']['postcode']}</arg>
<doc>Fails if objects are unequal after converting them to real numbers.</doc>
<status status="PASS" start="2024-08-02T19:12:46.429318" elapsed="0.000622"/>
</kw>
<kw name="Log" owner="BuiltIn">
<msg time="2024-08-02T19:12:46.430499" level="INFO">90106</msg>
<arg>${json_data['results'][0]['location']['postcode']}</arg>
<doc>Logs the given message with the given level.</doc>
<status status="PASS" start="2024-08-02T19:12:46.430162" elapsed="0.000377"/>
</kw>
<status status="PASS" start="2024-08-02T19:12:46.330819" elapsed="0.099975"/>
</kw>
<doc>Testa se os tipos de dados na resposta da API estão corretos.</doc>
<tag>testeTiposDados</tag>
<status status="PASS" start="2024-08-02T19:12:46.251952" elapsed="0.179011"/>
</test>
<test id="s1-s1-t5" name="Validar conteudo" line="35">
<kw name="Teste de Tipos de Conteudo" owner="random-user-service">
<kw name="GET On Session" owner="RequestsLibrary">
<msg time="2024-08-02T19:12:46.519999" level="INFO">GET Request : url=https://randomuser.me/api 
 path_url=/api 
 headers={'User-Agent': 'python-requests/2.32.3', 'Accept-Encoding': 'gzip, deflate', 'Accept': '*/*', 'Connection': 'keep-alive'} 
 body=None 
 </msg>
<msg time="2024-08-02T19:12:46.520074" level="INFO">GET Response : url=https://randomuser.me/api 
 status=200, reason=OK 
 headers={'Date': 'Fri, 02 Aug 2024 19:12:46 GMT', 'Content-Type': 'application/json; charset=utf-8', 'Transfer-Encoding': 'chunked', 'Connection': 'keep-alive', 'X-Powered-By': 'Express', 'Access-Control-Allow-Origin': '*', 'Cache-Control': 'no-cache', 'ETag': 'W/"473-QerJzCddcfH9rupOFPCBSf6shTg"', 'Vary': 'Accept-Encoding', 'Content-Encoding': 'gzip', 'CF-Cache-Status': 'DYNAMIC', 'Report-To': '{"endpoints":[{"url":"https:\\/\\/a.nel.cloudflare.com\\/report\\/v4?s=aL%2BjR2ebqtPFUdxSm7THk1%2BPSzSTQxFEQLST15IKf49w3SYinTY%2F9%2FgcKIW9Vy0knAnV1lyYLc%2BODVlUqC5R%2FT2FqxsW53bHyj9wUtwxp26Pf8nw16Guh6iyPZ8GbSDS"}],"group":"cf-nel","max_age":604800}', 'NEL': '{"success_fraction":0,"report_to":"cf-nel","max_age":604800}', 'Server': 'cloudflare', 'CF-RAY': '8ad061a24e783b6c-IAD', 'alt-svc': 'h3=":443"; ma=86400'} 
 body={"results":[{"gender":"male","name":{"title":"Mr","first":"Ojas","last":"Kumar"},"location":{"street":{"number":3556,"name":"Jagadamba Centre"},"city":"Jalna","state":"Sikkim","country":"India","postcode":79872,"coordinates":{"latitude":"9.5496","longitude":"-16.1976"},"timezone":{"offset":"-11:00","description":"Midway Island, Samoa"}},"email":"ojas.kumar@example.com","login":{"uuid":"a70556dc-4e83-4248-ae5a-fe23f925d72f","username":"goldenmouse958","password":"triple","salt":"q3FmhsGz","md5":"7f13754399d4a2daf0e296592f089083","sha1":"ca2f34cb3e63f54ef034b79696c7de4c3510562b","sha256":"519cd4b184ff815b50f1f4a76d45b55a24a37ce629a51caa029c93de0d8efd21"},"dob":{"date":"1996-08-13T00:19:02.647Z","age":27},"registered":{"date":"2004-10-14T07:32:41.591Z","age":19},"phone":"9513841997","cell":"8967982994","id":{"name":"UIDAI","value":"106140201862"},"picture":{"large":"https://randomuser.me/api/portraits/men/22.jpg","medium":"https://randomuser.me/api/portraits/med/men/22.jpg","thumbnail":"https://randomuser.me/api/portraits/thumb/men/22.jpg"},"nat":"IN"}],"info":{"seed":"3157f0d1d93a027f","results":1,"page":1,"version":"1.4"}} 
 </msg>
<msg time="2024-08-02T19:12:46.520134" level="INFO">/opt/hostedtoolcache/Python/3.12.4/x64/lib/python3.12/site-packages/urllib3/connectionpool.py:1099: InsecureRequestWarning: Unverified HTTPS request is being made to host 'randomuser.me'. Adding certificate verification is strongly advised. See: https://urllib3.readthedocs.io/en/latest/advanced-usage.html#tls-warnings
  warnings.warn(</msg>
<msg time="2024-08-02T19:12:46.520242" level="INFO">${response} = &lt;Response [200]&gt;</msg>
<var>${response}</var>
<arg>consultarAPI</arg>
<arg>/api</arg>
<doc>Sends a GET request on a previously created HTTP Session.</doc>
<status status="PASS" start="2024-08-02T19:12:46.433481" elapsed="0.086804"/>
</kw>
<kw name="Set Variable" owner="BuiltIn">
<msg time="2024-08-02T19:12:46.521131" level="INFO">${json_data} = {'results': [{'gender': 'male', 'name': {'title': 'Mr', 'first': 'Ojas', 'last': 'Kumar'}, 'location': {'street': {'number': 3556, 'name': 'Jagadamba Centre'}, 'city': 'Jalna', 'state': 'Sikkim', 'cou...</msg>
<var>${json_data}</var>
<arg>${response.json()}</arg>
<doc>Returns the given values which can then be assigned to a variables.</doc>
<status status="PASS" start="2024-08-02T19:12:46.520678" elapsed="0.000483"/>
</kw>
<kw name="Set Variable" owner="BuiltIn">
<msg time="2024-08-02T19:12:46.521848" level="INFO">${name_title} = Mr</msg>
<var>${name_title}</var>
<arg>${json_data["results"][0]["name"]["title"]}</arg>
<doc>Returns the given values which can then be assigned to a variables.</doc>
<status status="PASS" start="2024-08-02T19:12:46.521475" elapsed="0.000398"/>
</kw>
<kw name="Create List" owner="BuiltIn">
<msg time="2024-08-02T19:12:46.522315" level="INFO">${allowed_titles} = ['Mr', 'Ms', 'Miss', 'Mrs', 'Madame', 'Monsieur']</msg>
<var>${allowed_titles}</var>
<arg>Mr</arg>
<arg>Ms</arg>
<arg>Miss</arg>
<arg>Mrs</arg>
<arg>Madame</arg>
<arg>Monsieur</arg>
<doc>Returns a list containing given items.</doc>
<status status="PASS" start="2024-08-02T19:12:46.522167" elapsed="0.000172"/>
</kw>
<kw name="List Should Contain Value" owner="Collections">
<arg>${allowed_titles}</arg>
<arg>${name_title}</arg>
<doc>Fails if the ``value`` is not found from ``list``.</doc>
<status status="PASS" start="2024-08-02T19:12:46.522634" elapsed="0.000173"/>
</kw>
<kw name="Set Variable" owner="BuiltIn">
<msg time="2024-08-02T19:12:46.523367" level="INFO">${name_country} = IN</msg>
<var>${name_country}</var>
<arg>${json_data["results"][0]["nat"]}</arg>
<doc>Returns the given values which can then be assigned to a variables.</doc>
<status status="PASS" start="2024-08-02T19:12:46.522989" elapsed="0.000403"/>
</kw>
<kw name="Create List" owner="BuiltIn">
<msg time="2024-08-02T19:12:46.524317" level="INFO">${list_country} = ['AD', 'AE', 'AF', 'AG', 'AI', 'AL', 'AM', 'AO', 'AQ', 'AR', 'AS', 'AT', 'AU', 'AW', 'AX', 'AZ', 'BA', 'BB', 'BD', 'BE', 'BF', 'BG', 'BH', 'BI', 'BJ', 'BL', 'BM', 'BN', 'BO', 'BQ', 'BR', 'BS', 'BT', '...</msg>
<var>${list_country}</var>
<arg>AD</arg>
<arg>AE</arg>
<arg>AF</arg>
<arg>AG</arg>
<arg>AI</arg>
<arg>AL</arg>
<arg>AM</arg>
<arg>AO</arg>
<arg>AQ</arg>
<arg>AR</arg>
<arg>AS</arg>
<arg>AT</arg>
<arg>AU</arg>
<arg>AW</arg>
<arg>AX</arg>
<arg>AZ</arg>
<arg>BA</arg>
<arg>BB</arg>
<arg>BD</arg>
<arg>BE</arg>
<arg>BF</arg>
<arg>BG</arg>
<arg>BH</arg>
<arg>BI</arg>
<arg>BJ</arg>
<arg>BL</arg>
<arg>BM</arg>
<arg>BN</arg>
<arg>BO</arg>
<arg>BQ</arg>
<arg>BR</arg>
<arg>BS</arg>
<arg>BT</arg>
<arg>BV</arg>
<arg>BW</arg>
<arg>BY</arg>
<arg>BZ</arg>
<arg>CA</arg>
<arg>CC</arg>
<arg>CD</arg>
<arg>CF</arg>
<arg>CG</arg>
<arg>CH</arg>
<arg>CI</arg>
<arg>CK</arg>
<arg>CL</arg>
<arg>CM</arg>
<arg>CN</arg>
<arg>CO</arg>
<arg>CR</arg>
<arg>CU</arg>
<arg>CV</arg>
<arg>CW</arg>
<arg>CX</arg>
<arg>CY</arg>
<arg>CZ</arg>
<arg>DE</arg>
<arg>DJ</arg>
<arg>DK</arg>
<arg>DM</arg>
<arg>DO</arg>
<arg>DZ</arg>
<arg>EC</arg>
<arg>EE</arg>
<arg>EG</arg>
<arg>EH</arg>
<arg>ER</arg>
<arg>ES</arg>
<arg>ET</arg>
<arg>FI</arg>
<arg>FJ</arg>
<arg>FK</arg>
<arg>FM</arg>
<arg>FO</arg>
<arg>FR</arg>
<arg>GA</arg>
<arg>GB</arg>
<arg>GD</arg>
<arg>GE</arg>
<arg>GF</arg>
<arg>GG</arg>
<arg>GH</arg>
<arg>GI</arg>
<arg>GL</arg>
<arg>GM</arg>
<arg>GN</arg>
<arg>GP</arg>
<arg>GQ</arg>
<arg>GR</arg>
<arg>GS</arg>
<arg>GT</arg>
<arg>GU</arg>
<arg>GW</arg>
<arg>GY</arg>
<arg>HK</arg>
<arg>HM</arg>
<arg>HN</arg>
<arg>HR</arg>
<arg>HT</arg>
<arg>HU</arg>
<arg>ID</arg>
<arg>IE</arg>
<arg>IL</arg>
<arg>IM</arg>
<arg>IN</arg>
<arg>IO</arg>
<arg>IQ</arg>
<arg>IR</arg>
<arg>IS</arg>
<arg>IT</arg>
<arg>JE</arg>
<arg>JM</arg>
<arg>JO</arg>
<arg>JP</arg>
<arg>KE</arg>
<arg>KG</arg>
<arg>KH</arg>
<arg>KI</arg>
<arg>KM</arg>
<arg>KN</arg>
<arg>KP</arg>
<arg>KR</arg>
<arg>KW</arg>
<arg>KY</arg>
<arg>KZ</arg>
<arg>LA</arg>
<arg>LB</arg>
<arg>LC</arg>
<arg>LI</arg>
<arg>LK</arg>
<arg>LR</arg>
<arg>LS</arg>
<arg>LT</arg>
<arg>LU</arg>
<arg>LV</arg>
<arg>LY</arg>
<arg>MA</arg>
<arg>MC</arg>
<arg>MD</arg>
<arg>ME</arg>
<arg>MF</arg>
<arg>MG</arg>
<arg>MH</arg>
<arg>MK</arg>
<arg>ML</arg>
<arg>MM</arg>
<arg>MN</arg>
<arg>MO</arg>
<arg>MP</arg>
<arg>MQ</arg>
<arg>MR</arg>
<arg>MS</arg>
<arg>MT</arg>
<arg>MU</arg>
<arg>MV</arg>
<arg>MW</arg>
<arg>MX</arg>
<arg>MY</arg>
<arg>MZ</arg>
<arg>NA</arg>
<arg>NC</arg>
<arg>NE</arg>
<arg>NF</arg>
<arg>NG</arg>
<arg>NI</arg>
<arg>NL</arg>
<arg>NO</arg>
<arg>NP</arg>
<arg>NR</arg>
<arg>NU</arg>
<arg>NZ</arg>
<arg>OM</arg>
<arg>PA</arg>
<arg>PE</arg>
<arg>PF</arg>
<arg>PG</arg>
<arg>PH</arg>
<arg>PK</arg>
<arg>PL</arg>
<arg>PM</arg>
<arg>PN</arg>
<arg>PR</arg>
<arg>PS</arg>
<arg>PT</arg>
<arg>PW</arg>
<arg>PY</arg>
<arg>QA</arg>
<arg>RE</arg>
<arg>RO</arg>
<arg>RS</arg>
<arg>RU</arg>
<arg>RW</arg>
<arg>SA</arg>
<arg>SB</arg>
<arg>SC</arg>
<arg>SD</arg>
<arg>SE</arg>
<arg>SG</arg>
<arg>SH</arg>
<arg>SI</arg>
<arg>SJ</arg>
<arg>SK</arg>
<arg>SL</arg>
<arg>SM</arg>
<arg>SN</arg>
<arg>SO</arg>
<arg>SR</arg>
<arg>SS</arg>
<arg>ST</arg>
<arg>SV</arg>
<arg>SX</arg>
<arg>SY</arg>
<arg>SZ</arg>
<arg>TC</arg>
<arg>TD</arg>
<arg>TF</arg>
<arg>TG</arg>
<arg>TH</arg>
<arg>TJ</arg>
<arg>TK</arg>
<arg>TL</arg>
<arg>TM</arg>
<arg>TN</arg>
<arg>TO</arg>
<arg>TR</arg>
<arg>TT</arg>
<arg>TV</arg>
<arg>TW</arg>
<arg>TZ</arg>
<arg>UA</arg>
<arg>UG</arg>
<arg>UM</arg>
<arg>US</arg>
<arg>UY</arg>
<arg>UZ</arg>
<arg>VA</arg>
<arg>VC</arg>
<arg>VE</arg>
<arg>VG</arg>
<arg>VI</arg>
<arg>VN</arg>
<arg>VU</arg>
<arg>WF</arg>
<arg>WS</arg>
<arg>XK</arg>
<arg>YE</arg>
<arg>YT</arg>
<arg>ZA</arg>
<arg>ZM</arg>
<arg>ZW</arg>
<doc>Returns a list containing given items.</doc>
<status status="PASS" start="2024-08-02T19:12:46.523676" elapsed="0.000667"/>
</kw>
<kw name="List Should Contain Value" owner="Collections">
<arg>${list_country}</arg>
<arg>${name_country}</arg>
<doc>Fails if the ``value`` is not found from ``list``.</doc>
<status status="PASS" start="2024-08-02T19:12:46.525295" elapsed="0.000207"/>
</kw>
<kw name="Run Keyword If" owner="BuiltIn">
<kw name="Should Be True" owner="BuiltIn">
<arg>${True}</arg>
<doc>Fails if the given condition is not true.</doc>
<status status="PASS" start="2024-08-02T19:12:46.526438" elapsed="0.000141"/>
</kw>
<arg>${json_data["results"][0]["location"]["coordinates"]["latitude"]} &gt;= -90 and ${json_data["results"][0]["location"]["coordinates"]["latitude"]} &lt;= 90</arg>
<arg>Should Be True</arg>
<arg>${True}</arg>
<doc>Runs the given keyword with the given arguments, if ``condition`` is true.</doc>
<status status="PASS" start="2024-08-02T19:12:46.525697" elapsed="0.001007"/>
</kw>
<kw name="Run Keyword If" owner="BuiltIn">
<kw name="Should Be True" owner="BuiltIn">
<arg>${True}</arg>
<doc>Fails if the given condition is not true.</doc>
<status status="PASS" start="2024-08-02T19:12:46.527567" elapsed="0.000137"/>
</kw>
<arg>${json_data["results"][0]["location"]["coordinates"]["longitude"]} &gt;= -180 and ${json_data["results"][0]["location"]["coordinates"]["longitude"]} &lt;= 180</arg>
<arg>Should Be True</arg>
<arg>${True}</arg>
<doc>Runs the given keyword with the given arguments, if ``condition`` is true.</doc>
<status status="PASS" start="2024-08-02T19:12:46.526883" elapsed="0.000972"/>
</kw>
<status status="PASS" start="2024-08-02T19:12:46.433256" elapsed="0.094738"/>
</kw>
<doc>Testa o conteúdo específico dos campos retornados pela API.</doc>
<tag>testeConteudo</tag>
<status status="PASS" start="2024-08-02T19:12:46.432759" elapsed="0.095379"/>
</test>
<status status="PASS" start="2024-08-02T19:12:45.413763" elapsed="1.116293"/>
</suite>
<status status="PASS" start="2024-08-02T19:12:45.399269" elapsed="1.135821"/>
</suite>
<statistics>
<total>
<stat pass="5" fail="0" skip="0">All Tests</stat>
</total>
<tag>
<stat pass="1" fail="0" skip="0">testeConteudo</stat>
<stat pass="1" fail="0" skip="0">testeEstruturaResposta</stat>
<stat pass="1" fail="0" skip="0">testeRequisicaoBasica</stat>
<stat pass="1" fail="0" skip="0">testeTiposDados</stat>
</tag>
<suite>
<stat pass="5" fail="0" skip="0" id="s1" name="Tests">Tests</stat>
<stat pass="5" fail="0" skip="0" id="s1-s1" name="Random-User-Test">Tests.Random-User-Test</stat>
</suite>
</statistics>
<errors>
</errors>
</robot>
