<?xml version="1.0" encoding="UTF-8"?>
<robot generator="Robot 7.0 (Python 3.12.3 on linux)" generated="2024-06-01T07:12:38.434849" rpa="false" schemaversion="5">
<suite id="s1" name="Tests" source="/home/runner/work/ApiRandomUser/ApiRandomUser/RamdonUser/tests">
<suite id="s1-s1" name="Random-User-Test" source="/home/runner/work/ApiRandomUser/ApiRandomUser/RamdonUser/tests/random-user-test.robot">
<test id="s1-s1-t1" name="Conectar" line="13">
<kw name="Conectar API" owner="random-user-service">
<kw name="Create Session" owner="RequestsLibrary">
<msg time="2024-06-01T07:12:38.825766" level="INFO">Creating Session using : alias=consultarAPI, url=https://randomuser.me/, headers={},                     cookies={}, auth=None, timeout=None, proxies=None, verify=False,                     debug=0 </msg>
<arg>consultarAPI</arg>
<arg>${URL}</arg>
<doc>Create Session: create a HTTP session to a server</doc>
<status status="PASS" start="2024-06-01T07:12:38.825563" elapsed="0.000385"/>
</kw>
<status status="PASS" start="2024-06-01T07:12:38.824591" elapsed="0.001728"/>
</kw>
<status status="PASS" start="2024-06-01T07:12:38.824052" elapsed="0.002485"/>
</test>
<test id="s1-s1-t2" name="Validar retorno 200 e JSON Válido" line="16">
<kw name="Teste de Requisicao Basica" owner="random-user-service">
<kw name="GET On Session" owner="RequestsLibrary">
<msg time="2024-06-01T07:12:39.090001" level="INFO">GET Request : url=https://randomuser.me/api 
 path_url=/api 
 headers={'User-Agent': 'python-requests/2.32.3', 'Accept-Encoding': 'gzip, deflate', 'Accept': '*/*', 'Connection': 'keep-alive'} 
 body=None 
 </msg>
<msg time="2024-06-01T07:12:39.090174" level="INFO">GET Response : url=https://randomuser.me/api 
 status=200, reason=OK 
 headers={'Date': 'Sat, 01 Jun 2024 07:12:39 GMT', 'Content-Type': 'application/json; charset=utf-8', 'Transfer-Encoding': 'chunked', 'Connection': 'keep-alive', 'X-Powered-By': 'Express', 'Access-Control-Allow-Origin': '*', 'Cache-Control': 'no-cache', 'ETag': 'W/"48c-3WhrS+vTFIzuA6ANaDTyiR4kVJY"', 'Vary': 'Accept-Encoding', 'Content-Encoding': 'gzip', 'CF-Cache-Status': 'DYNAMIC', 'Report-To': '{"endpoints":[{"url":"https:\\/\\/a.nel.cloudflare.com\\/report\\/v4?s=c%2FABwkDD85rNtM2WpHESXMpK1zLYdlG5lVYFZQfvcZz9lsZI%2FcEnZ49bKD7sRQJc%2FpsP4x6gDa1AdVZVx%2B2aIcEamJp9OIZQIgb%2B7pTAYKJONka%2Fc4PnlHHZ9s49SWDG"}],"group":"cf-nel","max_age":604800}', 'NEL': '{"success_fraction":0,"report_to":"cf-nel","max_age":604800}', 'Server': 'cloudflare', 'CF-RAY': '88cd6583bf847afd-SJC', 'alt-svc': 'h3=":443"; ma=86400'} 
 body={"results":[{"gender":"male","name":{"title":"Mr","first":"Siddharth","last":"Shroff"},"location":{"street":{"number":5763,"name":"Linking Rd"},"city":"Ghaziabad","state":"Nagaland","country":"India","postcode":74529,"coordinates":{"latitude":"10.9134","longitude":"-80.1030"},"timezone":{"offset":"+8:00","description":"Beijing, Perth, Singapore, Hong Kong"}},"email":"siddharth.shroff@example.com","login":{"uuid":"eed975bb-9edf-4dd0-b8c2-a09bd776a6a8","username":"smallcat686","password":"kingpin","salt":"L41832am","md5":"0d753a816ffa299cf552638eabdd192d","sha1":"ed1554773e5817ce734afd06dc2df0a4d1e6977d","sha256":"7f04c4bd3f2ce7ee1a148fd3a66d87d37d975fd2df28fcdc460347a8ecef5bfb"},"dob":{"date":"1945-07-25T23:09:46.039Z","age":78},"registered":{"date":"2014-08-29T17:56:43.048Z","age":9},"phone":"9444646562","cell":"8455976473","id":{"name":"UIDAI","value":"642064379501"},"picture":{"large":"https://randomuser.me/api/portraits/men/72.jpg","medium":"https://randomuser.me/api/portraits/med/men/72.jpg","thumbnail":"https://randomuser.me/api/portraits/thumb/men/72.jpg"},"nat":"IN"}],"info":{"seed":"be2b2a87f889b7db","results":1,"page":1,"version":"1.4"}} 
 </msg>
<msg time="2024-06-01T07:12:39.090270" level="INFO">/opt/hostedtoolcache/Python/3.12.3/x64/lib/python3.12/site-packages/urllib3/connectionpool.py:1103: InsecureRequestWarning: Unverified HTTPS request is being made to host 'randomuser.me'. Adding certificate verification is strongly advised. See: https://urllib3.readthedocs.io/en/latest/advanced-usage.html#tls-warnings
  warnings.warn(</msg>
<msg time="2024-06-01T07:12:39.090431" level="INFO">${response} = &lt;Response [200]&gt;</msg>
<var>${response}</var>
<arg>consultarAPI</arg>
<arg>/api</arg>
<doc>Sends a GET request on a previously created HTTP Session.</doc>
<status status="PASS" start="2024-06-01T07:12:38.829221" elapsed="0.261253"/>
</kw>
<kw name="Should Be Equal As Numbers" owner="BuiltIn">
<msg time="2024-06-01T07:12:39.091656" level="INFO">Argument types are:
&lt;class 'int'&gt;
&lt;class 'str'&gt;</msg>
<arg>${response.status_code}</arg>
<arg>200</arg>
<doc>Fails if objects are unequal after converting them to real numbers.</doc>
<status status="PASS" start="2024-06-01T07:12:39.091130" elapsed="0.000601"/>
</kw>
<kw name="Log" owner="BuiltIn">
<msg time="2024-06-01T07:12:39.092481" level="INFO">200</msg>
<arg>${response.status_code}</arg>
<doc>Logs the given message with the given level.</doc>
<status status="PASS" start="2024-06-01T07:12:39.092109" elapsed="0.000420"/>
</kw>
<kw name="Set Variable" owner="BuiltIn">
<msg time="2024-06-01T07:12:39.093291" level="INFO">${json_data} = {'results': [{'gender': 'male', 'name': {'title': 'Mr', 'first': 'Siddharth', 'last': 'Shroff'}, 'location': {'street': {'number': 5763, 'name': 'Linking Rd'}, 'city': 'Ghaziabad', 'state': 'Nagaland'...</msg>
<var>${json_data}</var>
<arg>${response.json()}</arg>
<doc>Returns the given values which can then be assigned to a variables.</doc>
<status status="PASS" start="2024-06-01T07:12:39.092843" elapsed="0.000479"/>
</kw>
<kw name="Dictionary Should Contain Key" owner="Collections">
<msg time="2024-06-01T07:12:39.093810" level="INFO">False</msg>
<arg>${json_data}</arg>
<arg>results</arg>
<doc>Fails if ``key`` is not found from ``dictionary``.</doc>
<status status="PASS" start="2024-06-01T07:12:39.093633" elapsed="0.000219"/>
</kw>
<status status="PASS" start="2024-06-01T07:12:38.828973" elapsed="0.265139"/>
</kw>
<doc>Testa se a API responde corretamente e retorna um objeto JSON válido.</doc>
<tag>testeRequisicaoBasica</tag>
<status status="PASS" start="2024-06-01T07:12:38.828498" elapsed="0.265803"/>
</test>
<test id="s1-s1-t3" name="Validar estrutura de resposta" line="22">
<kw name="Teste de Estrutura de Resposta" owner="random-user-service">
<kw name="GET On Session" owner="RequestsLibrary">
<msg time="2024-06-01T07:12:39.186420" level="INFO">GET Request : url=https://randomuser.me/api 
 path_url=/api 
 headers={'User-Agent': 'python-requests/2.32.3', 'Accept-Encoding': 'gzip, deflate', 'Accept': '*/*', 'Connection': 'keep-alive'} 
 body=None 
 </msg>
<msg time="2024-06-01T07:12:39.186533" level="INFO">GET Response : url=https://randomuser.me/api 
 status=200, reason=OK 
 headers={'Date': 'Sat, 01 Jun 2024 07:12:39 GMT', 'Content-Type': 'application/json; charset=utf-8', 'Transfer-Encoding': 'chunked', 'Connection': 'keep-alive', 'X-Powered-By': 'Express', 'Access-Control-Allow-Origin': '*', 'Cache-Control': 'no-cache', 'ETag': 'W/"49c-FvtogTkEiEst6Gr4xexK7VgkdO4"', 'Vary': 'Accept-Encoding', 'Content-Encoding': 'gzip', 'CF-Cache-Status': 'DYNAMIC', 'Report-To': '{"endpoints":[{"url":"https:\\/\\/a.nel.cloudflare.com\\/report\\/v4?s=A%2B1zLlKdIZqJ2RzFAAkQAG0UQNf66qn78G3M%2FCgGgfqmMvEsFBHnjS8L%2BPb6mka7DqcsPt4y7qghXagLyR6Bn1OOTjolulXfyuKFIqfhcjCOEFv%2FwTQfPOYqPkzJcWK4"}],"group":"cf-nel","max_age":604800}', 'NEL': '{"success_fraction":0,"report_to":"cf-nel","max_age":604800}', 'Server': 'cloudflare', 'CF-RAY': '88cd65845fee7afd-SJC', 'alt-svc': 'h3=":443"; ma=86400'} 
 body={"results":[{"gender":"male","name":{"title":"Mr","first":"Nooa","last":"Waisanen"},"location":{"street":{"number":8113,"name":"Myllypuronkatu"},"city":"Kuhmo","state":"Central Finland","country":"Finland","postcode":64239,"coordinates":{"latitude":"-28.8947","longitude":"-121.0378"},"timezone":{"offset":"-4:00","description":"Atlantic Time (Canada), Caracas, La Paz"}},"email":"nooa.waisanen@example.com","login":{"uuid":"af4c6509-4dde-4e14-b561-324a0c3f44db","username":"happycat316","password":"emperor","salt":"sZ175esU","md5":"b37a15a142baa3f13d99362ebd51086c","sha1":"bcb4a6caa3e4522a88f5d931f9ac0fbbfb279b68","sha256":"e82ab15fed266d4369b4775b143e00db354af21074f360d0a115997dd2699a11"},"dob":{"date":"1954-07-22T23:33:47.144Z","age":69},"registered":{"date":"2007-11-18T07:54:58.455Z","age":16},"phone":"02-729-328","cell":"047-851-27-95","id":{"name":"HETU","value":"NaNNA949undefined"},"picture":{"large":"https://randomuser.me/api/portraits/men/66.jpg","medium":"https://randomuser.me/api/portraits/med/men/66.jpg","thumbnail":"https://randomuser.me/api/portraits/thumb/men/66.jpg"},"nat":"FI"}],"info":{"seed":"85e8493905c97273","results":1,"page":1,"version":"1.4"}} 
 </msg>
<msg time="2024-06-01T07:12:39.186666" level="INFO">/opt/hostedtoolcache/Python/3.12.3/x64/lib/python3.12/site-packages/urllib3/connectionpool.py:1103: InsecureRequestWarning: Unverified HTTPS request is being made to host 'randomuser.me'. Adding certificate verification is strongly advised. See: https://urllib3.readthedocs.io/en/latest/advanced-usage.html#tls-warnings
  warnings.warn(</msg>
<msg time="2024-06-01T07:12:39.186805" level="INFO">${response} = &lt;Response [200]&gt;</msg>
<var>${response}</var>
<arg>consultarAPI</arg>
<arg>/api</arg>
<doc>Sends a GET request on a previously created HTTP Session.</doc>
<status status="PASS" start="2024-06-01T07:12:39.097004" elapsed="0.089844"/>
</kw>
<kw name="Set Variable" owner="BuiltIn">
<msg time="2024-06-01T07:12:39.188097" level="INFO">${json_data} = {'results': [{'gender': 'male', 'name': {'title': 'Mr', 'first': 'Nooa', 'last': 'Waisanen'}, 'location': {'street': {'number': 8113, 'name': 'Myllypuronkatu'}, 'city': 'Kuhmo', 'state': 'Central Finl...</msg>
<var>${json_data}</var>
<arg>${response.json()}</arg>
<doc>Returns the given values which can then be assigned to a variables.</doc>
<status status="PASS" start="2024-06-01T07:12:39.187486" elapsed="0.000641"/>
</kw>
<kw name="Log" owner="BuiltIn">
<msg time="2024-06-01T07:12:39.188617" level="INFO">{'results': [{'gender': 'male', 'name': {'title': 'Mr', 'first': 'Nooa', 'last': 'Waisanen'}, 'location': {'street': {'number': 8113, 'name': 'Myllypuronkatu'}, 'city': 'Kuhmo', 'state': 'Central Finland', 'country': 'Finland', 'postcode': 64239, 'coordinates': {'latitude': '-28.8947', 'longitude': '-121.0378'}, 'timezone': {'offset': '-4:00', 'description': 'Atlantic Time (Canada), Caracas, La Paz'}}, 'email': 'nooa.waisanen@example.com', 'login': {'uuid': 'af4c6509-4dde-4e14-b561-324a0c3f44db', 'username': 'happycat316', 'password': 'emperor', 'salt': 'sZ175esU', 'md5': 'b37a15a142baa3f13d99362ebd51086c', 'sha1': 'bcb4a6caa3e4522a88f5d931f9ac0fbbfb279b68', 'sha256': 'e82ab15fed266d4369b4775b143e00db354af21074f360d0a115997dd2699a11'}, 'dob': {'date': '1954-07-22T23:33:47.144Z', 'age': 69}, 'registered': {'date': '2007-11-18T07:54:58.455Z', 'age': 16}, 'phone': '02-729-328', 'cell': '047-851-27-95', 'id': {'name': 'HETU', 'value': 'NaNNA949undefined'}, 'picture': {'large': 'https://randomuser.me/api/portraits/men/66.jpg', 'medium': 'https://randomuser.me/api/portraits/med/men/66.jpg', 'thumbnail': 'https://randomuser.me/api/portraits/thumb/men/66.jpg'}, 'nat': 'FI'}], 'info': {'seed': '85e8493905c97273', 'results': 1, 'page': 1, 'version': '1.4'}}</msg>
<arg>${json_data}</arg>
<doc>Logs the given message with the given level.</doc>
<status status="PASS" start="2024-06-01T07:12:39.188446" elapsed="0.000228"/>
</kw>
<kw name="Dictionary Should Contain Key" owner="Collections">
<msg time="2024-06-01T07:12:39.189154" level="INFO">False</msg>
<arg>${json_data}</arg>
<arg>results</arg>
<doc>Fails if ``key`` is not found from ``dictionary``.</doc>
<status status="PASS" start="2024-06-01T07:12:39.188990" elapsed="0.000204"/>
</kw>
<kw name="Should Not Be Empty" owner="BuiltIn">
<msg time="2024-06-01T07:12:39.189640" level="INFO">Length is 2.</msg>
<arg>${json_data}</arg>
<doc>Verifies that the given item is not empty.</doc>
<status status="PASS" start="2024-06-01T07:12:39.189497" elapsed="0.000188"/>
</kw>
<kw name="Create List" owner="BuiltIn">
<msg time="2024-06-01T07:12:39.190298" level="INFO">${expected_keys} = ['gender', 'name', 'location', 'email', 'login']</msg>
<var>${expected_keys}</var>
<arg>gender</arg>
<arg>name</arg>
<arg>location</arg>
<arg>email</arg>
<arg>login</arg>
<doc>Returns a list containing given items.</doc>
<status status="PASS" start="2024-06-01T07:12:39.189980" elapsed="0.000345"/>
</kw>
<for flavor="IN">
<iter>
<kw name="Dictionary Should Contain Key" owner="Collections">
<msg time="2024-06-01T07:12:39.191337" level="INFO">False</msg>
<arg>${json_data['results'][0]}</arg>
<arg>${key}</arg>
<doc>Fails if ``key`` is not found from ``dictionary``.</doc>
<status status="PASS" start="2024-06-01T07:12:39.190930" elapsed="0.000447"/>
</kw>
<kw name="Log" owner="BuiltIn">
<msg time="2024-06-01T07:12:39.192096" level="INFO">{'gender': 'male', 'name': {'title': 'Mr', 'first': 'Nooa', 'last': 'Waisanen'}, 'location': {'street': {'number': 8113, 'name': 'Myllypuronkatu'}, 'city': 'Kuhmo', 'state': 'Central Finland', 'country': 'Finland', 'postcode': 64239, 'coordinates': {'latitude': '-28.8947', 'longitude': '-121.0378'}, 'timezone': {'offset': '-4:00', 'description': 'Atlantic Time (Canada), Caracas, La Paz'}}, 'email': 'nooa.waisanen@example.com', 'login': {'uuid': 'af4c6509-4dde-4e14-b561-324a0c3f44db', 'username': 'happycat316', 'password': 'emperor', 'salt': 'sZ175esU', 'md5': 'b37a15a142baa3f13d99362ebd51086c', 'sha1': 'bcb4a6caa3e4522a88f5d931f9ac0fbbfb279b68', 'sha256': 'e82ab15fed266d4369b4775b143e00db354af21074f360d0a115997dd2699a11'}, 'dob': {'date': '1954-07-22T23:33:47.144Z', 'age': 69}, 'registered': {'date': '2007-11-18T07:54:58.455Z', 'age': 16}, 'phone': '02-729-328', 'cell': '047-851-27-95', 'id': {'name': 'HETU', 'value': 'NaNNA949undefined'}, 'picture': {'large': 'https://randomuser.me/api/portraits/men/66.jpg', 'medium': 'https://randomuser.me/api/portraits/med/men/66.jpg', 'thumbnail': 'https://randomuser.me/api/portraits/thumb/men/66.jpg'}, 'nat': 'FI'}</msg>
<arg>${json_data['results'][0]}</arg>
<doc>Logs the given message with the given level.</doc>
<status status="PASS" start="2024-06-01T07:12:39.191705" elapsed="0.000451"/>
</kw>
<kw name="Log" owner="BuiltIn">
<msg time="2024-06-01T07:12:39.192588" level="INFO">gender</msg>
<arg>${key}</arg>
<doc>Logs the given message with the given level.</doc>
<status status="PASS" start="2024-06-01T07:12:39.192458" elapsed="0.000169"/>
</kw>
<var name="${key}">gender</var>
<status status="PASS" start="2024-06-01T07:12:39.190798" elapsed="0.002049"/>
</iter>
<iter>
<kw name="Dictionary Should Contain Key" owner="Collections">
<msg time="2024-06-01T07:12:39.193564" level="INFO">False</msg>
<arg>${json_data['results'][0]}</arg>
<arg>${key}</arg>
<doc>Fails if ``key`` is not found from ``dictionary``.</doc>
<status status="PASS" start="2024-06-01T07:12:39.193165" elapsed="0.000438"/>
</kw>
<kw name="Log" owner="BuiltIn">
<msg time="2024-06-01T07:12:39.194333" level="INFO">{'gender': 'male', 'name': {'title': 'Mr', 'first': 'Nooa', 'last': 'Waisanen'}, 'location': {'street': {'number': 8113, 'name': 'Myllypuronkatu'}, 'city': 'Kuhmo', 'state': 'Central Finland', 'country': 'Finland', 'postcode': 64239, 'coordinates': {'latitude': '-28.8947', 'longitude': '-121.0378'}, 'timezone': {'offset': '-4:00', 'description': 'Atlantic Time (Canada), Caracas, La Paz'}}, 'email': 'nooa.waisanen@example.com', 'login': {'uuid': 'af4c6509-4dde-4e14-b561-324a0c3f44db', 'username': 'happycat316', 'password': 'emperor', 'salt': 'sZ175esU', 'md5': 'b37a15a142baa3f13d99362ebd51086c', 'sha1': 'bcb4a6caa3e4522a88f5d931f9ac0fbbfb279b68', 'sha256': 'e82ab15fed266d4369b4775b143e00db354af21074f360d0a115997dd2699a11'}, 'dob': {'date': '1954-07-22T23:33:47.144Z', 'age': 69}, 'registered': {'date': '2007-11-18T07:54:58.455Z', 'age': 16}, 'phone': '02-729-328', 'cell': '047-851-27-95', 'id': {'name': 'HETU', 'value': 'NaNNA949undefined'}, 'picture': {'large': 'https://randomuser.me/api/portraits/men/66.jpg', 'medium': 'https://randomuser.me/api/portraits/med/men/66.jpg', 'thumbnail': 'https://randomuser.me/api/portraits/thumb/men/66.jpg'}, 'nat': 'FI'}</msg>
<arg>${json_data['results'][0]}</arg>
<doc>Logs the given message with the given level.</doc>
<status status="PASS" start="2024-06-01T07:12:39.193939" elapsed="0.000452"/>
</kw>
<kw name="Log" owner="BuiltIn">
<msg time="2024-06-01T07:12:39.194825" level="INFO">name</msg>
<arg>${key}</arg>
<doc>Logs the given message with the given level.</doc>
<status status="PASS" start="2024-06-01T07:12:39.194696" elapsed="0.000167"/>
</kw>
<var name="${key}">name</var>
<status status="PASS" start="2024-06-01T07:12:39.193043" elapsed="0.002035"/>
</iter>
<iter>
<kw name="Dictionary Should Contain Key" owner="Collections">
<msg time="2024-06-01T07:12:39.195790" level="INFO">False</msg>
<arg>${json_data['results'][0]}</arg>
<arg>${key}</arg>
<doc>Fails if ``key`` is not found from ``dictionary``.</doc>
<status status="PASS" start="2024-06-01T07:12:39.195372" elapsed="0.000456"/>
</kw>
<kw name="Log" owner="BuiltIn">
<msg time="2024-06-01T07:12:39.196507" level="INFO">{'gender': 'male', 'name': {'title': 'Mr', 'first': 'Nooa', 'last': 'Waisanen'}, 'location': {'street': {'number': 8113, 'name': 'Myllypuronkatu'}, 'city': 'Kuhmo', 'state': 'Central Finland', 'country': 'Finland', 'postcode': 64239, 'coordinates': {'latitude': '-28.8947', 'longitude': '-121.0378'}, 'timezone': {'offset': '-4:00', 'description': 'Atlantic Time (Canada), Caracas, La Paz'}}, 'email': 'nooa.waisanen@example.com', 'login': {'uuid': 'af4c6509-4dde-4e14-b561-324a0c3f44db', 'username': 'happycat316', 'password': 'emperor', 'salt': 'sZ175esU', 'md5': 'b37a15a142baa3f13d99362ebd51086c', 'sha1': 'bcb4a6caa3e4522a88f5d931f9ac0fbbfb279b68', 'sha256': 'e82ab15fed266d4369b4775b143e00db354af21074f360d0a115997dd2699a11'}, 'dob': {'date': '1954-07-22T23:33:47.144Z', 'age': 69}, 'registered': {'date': '2007-11-18T07:54:58.455Z', 'age': 16}, 'phone': '02-729-328', 'cell': '047-851-27-95', 'id': {'name': 'HETU', 'value': 'NaNNA949undefined'}, 'picture': {'large': 'https://randomuser.me/api/portraits/men/66.jpg', 'medium': 'https://randomuser.me/api/portraits/med/men/66.jpg', 'thumbnail': 'https://randomuser.me/api/portraits/thumb/men/66.jpg'}, 'nat': 'FI'}</msg>
<arg>${json_data['results'][0]}</arg>
<doc>Logs the given message with the given level.</doc>
<status status="PASS" start="2024-06-01T07:12:39.196138" elapsed="0.000418"/>
</kw>
<kw name="Log" owner="BuiltIn">
<msg time="2024-06-01T07:12:39.196988" level="INFO">location</msg>
<arg>${key}</arg>
<doc>Logs the given message with the given level.</doc>
<status status="PASS" start="2024-06-01T07:12:39.196859" elapsed="0.000168"/>
</kw>
<var name="${key}">location</var>
<status status="PASS" start="2024-06-01T07:12:39.195255" elapsed="0.001987"/>
</iter>
<iter>
<kw name="Dictionary Should Contain Key" owner="Collections">
<msg time="2024-06-01T07:12:39.197939" level="INFO">False</msg>
<arg>${json_data['results'][0]}</arg>
<arg>${key}</arg>
<doc>Fails if ``key`` is not found from ``dictionary``.</doc>
<status status="PASS" start="2024-06-01T07:12:39.197540" elapsed="0.000439"/>
</kw>
<kw name="Log" owner="BuiltIn">
<msg time="2024-06-01T07:12:39.198663" level="INFO">{'gender': 'male', 'name': {'title': 'Mr', 'first': 'Nooa', 'last': 'Waisanen'}, 'location': {'street': {'number': 8113, 'name': 'Myllypuronkatu'}, 'city': 'Kuhmo', 'state': 'Central Finland', 'country': 'Finland', 'postcode': 64239, 'coordinates': {'latitude': '-28.8947', 'longitude': '-121.0378'}, 'timezone': {'offset': '-4:00', 'description': 'Atlantic Time (Canada), Caracas, La Paz'}}, 'email': 'nooa.waisanen@example.com', 'login': {'uuid': 'af4c6509-4dde-4e14-b561-324a0c3f44db', 'username': 'happycat316', 'password': 'emperor', 'salt': 'sZ175esU', 'md5': 'b37a15a142baa3f13d99362ebd51086c', 'sha1': 'bcb4a6caa3e4522a88f5d931f9ac0fbbfb279b68', 'sha256': 'e82ab15fed266d4369b4775b143e00db354af21074f360d0a115997dd2699a11'}, 'dob': {'date': '1954-07-22T23:33:47.144Z', 'age': 69}, 'registered': {'date': '2007-11-18T07:54:58.455Z', 'age': 16}, 'phone': '02-729-328', 'cell': '047-851-27-95', 'id': {'name': 'HETU', 'value': 'NaNNA949undefined'}, 'picture': {'large': 'https://randomuser.me/api/portraits/men/66.jpg', 'medium': 'https://randomuser.me/api/portraits/med/men/66.jpg', 'thumbnail': 'https://randomuser.me/api/portraits/thumb/men/66.jpg'}, 'nat': 'FI'}</msg>
<arg>${json_data['results'][0]}</arg>
<doc>Logs the given message with the given level.</doc>
<status status="PASS" start="2024-06-01T07:12:39.198278" elapsed="0.000435"/>
</kw>
<kw name="Log" owner="BuiltIn">
<msg time="2024-06-01T07:12:39.199144" level="INFO">email</msg>
<arg>${key}</arg>
<doc>Logs the given message with the given level.</doc>
<status status="PASS" start="2024-06-01T07:12:39.199014" elapsed="0.000169"/>
</kw>
<var name="${key}">email</var>
<status status="PASS" start="2024-06-01T07:12:39.197416" elapsed="0.001980"/>
</iter>
<iter>
<kw name="Dictionary Should Contain Key" owner="Collections">
<msg time="2024-06-01T07:12:39.200151" level="INFO">False</msg>
<arg>${json_data['results'][0]}</arg>
<arg>${key}</arg>
<doc>Fails if ``key`` is not found from ``dictionary``.</doc>
<status status="PASS" start="2024-06-01T07:12:39.199741" elapsed="0.000449"/>
</kw>
<kw name="Log" owner="BuiltIn">
<msg time="2024-06-01T07:12:39.200868" level="INFO">{'gender': 'male', 'name': {'title': 'Mr', 'first': 'Nooa', 'last': 'Waisanen'}, 'location': {'street': {'number': 8113, 'name': 'Myllypuronkatu'}, 'city': 'Kuhmo', 'state': 'Central Finland', 'country': 'Finland', 'postcode': 64239, 'coordinates': {'latitude': '-28.8947', 'longitude': '-121.0378'}, 'timezone': {'offset': '-4:00', 'description': 'Atlantic Time (Canada), Caracas, La Paz'}}, 'email': 'nooa.waisanen@example.com', 'login': {'uuid': 'af4c6509-4dde-4e14-b561-324a0c3f44db', 'username': 'happycat316', 'password': 'emperor', 'salt': 'sZ175esU', 'md5': 'b37a15a142baa3f13d99362ebd51086c', 'sha1': 'bcb4a6caa3e4522a88f5d931f9ac0fbbfb279b68', 'sha256': 'e82ab15fed266d4369b4775b143e00db354af21074f360d0a115997dd2699a11'}, 'dob': {'date': '1954-07-22T23:33:47.144Z', 'age': 69}, 'registered': {'date': '2007-11-18T07:54:58.455Z', 'age': 16}, 'phone': '02-729-328', 'cell': '047-851-27-95', 'id': {'name': 'HETU', 'value': 'NaNNA949undefined'}, 'picture': {'large': 'https://randomuser.me/api/portraits/men/66.jpg', 'medium': 'https://randomuser.me/api/portraits/med/men/66.jpg', 'thumbnail': 'https://randomuser.me/api/portraits/thumb/men/66.jpg'}, 'nat': 'FI'}</msg>
<arg>${json_data['results'][0]}</arg>
<doc>Logs the given message with the given level.</doc>
<status status="PASS" start="2024-06-01T07:12:39.200489" elapsed="0.000429"/>
</kw>
<kw name="Log" owner="BuiltIn">
<msg time="2024-06-01T07:12:39.201346" level="INFO">login</msg>
<arg>${key}</arg>
<doc>Logs the given message with the given level.</doc>
<status status="PASS" start="2024-06-01T07:12:39.201215" elapsed="0.000170"/>
</kw>
<var name="${key}">login</var>
<status status="PASS" start="2024-06-01T07:12:39.199569" elapsed="0.002069"/>
</iter>
<var>${key}</var>
<value>@{expected_keys}</value>
<status status="PASS" start="2024-06-01T07:12:39.190593" elapsed="0.011170"/>
</for>
<kw name="Create List" owner="BuiltIn">
<msg time="2024-06-01T07:12:39.202111" level="INFO">${expected_keysTwo} = ['username', 'password']</msg>
<var>${expected_keysTwo}</var>
<arg>username</arg>
<arg>password</arg>
<doc>Returns a list containing given items.</doc>
<status status="PASS" start="2024-06-01T07:12:39.201965" elapsed="0.000170"/>
</kw>
<for flavor="IN">
<iter>
<kw name="Dictionary Should Contain Key" owner="Collections">
<msg time="2024-06-01T07:12:39.203034" level="INFO">False</msg>
<arg>${json_data['results'][0]['login']}</arg>
<arg>${keyTwo}</arg>
<doc>Fails if ``key`` is not found from ``dictionary``.</doc>
<status status="PASS" start="2024-06-01T07:12:39.202640" elapsed="0.000432"/>
</kw>
<kw name="Dictionary Should Contain Key" owner="Collections">
<msg time="2024-06-01T07:12:39.203815" level="INFO">False</msg>
<arg>${json_data['results'][0]['login']}</arg>
<arg>${keyTwo}</arg>
<doc>Fails if ``key`` is not found from ``dictionary``.</doc>
<status status="PASS" start="2024-06-01T07:12:39.203372" elapsed="0.000496"/>
</kw>
<kw name="Log" owner="BuiltIn">
<msg time="2024-06-01T07:12:39.204310" level="INFO">username</msg>
<arg>${keyTwo}</arg>
<doc>Logs the given message with the given level.</doc>
<status status="PASS" start="2024-06-01T07:12:39.204178" elapsed="0.000171"/>
</kw>
<var name="${keyTwo}">username</var>
<status status="PASS" start="2024-06-01T07:12:39.202526" elapsed="0.002038"/>
</iter>
<iter>
<kw name="Dictionary Should Contain Key" owner="Collections">
<msg time="2024-06-01T07:12:39.205259" level="INFO">False</msg>
<arg>${json_data['results'][0]['login']}</arg>
<arg>${keyTwo}</arg>
<doc>Fails if ``key`` is not found from ``dictionary``.</doc>
<status status="PASS" start="2024-06-01T07:12:39.204859" elapsed="0.000439"/>
</kw>
<kw name="Dictionary Should Contain Key" owner="Collections">
<msg time="2024-06-01T07:12:39.206065" level="INFO">False</msg>
<arg>${json_data['results'][0]['login']}</arg>
<arg>${keyTwo}</arg>
<doc>Fails if ``key`` is not found from ``dictionary``.</doc>
<status status="PASS" start="2024-06-01T07:12:39.205597" elapsed="0.000509"/>
</kw>
<kw name="Log" owner="BuiltIn">
<msg time="2024-06-01T07:12:39.206541" level="INFO">password</msg>
<arg>${keyTwo}</arg>
<doc>Logs the given message with the given level.</doc>
<status status="PASS" start="2024-06-01T07:12:39.206410" elapsed="0.000170"/>
</kw>
<var name="${keyTwo}">password</var>
<status status="PASS" start="2024-06-01T07:12:39.204737" elapsed="0.002058"/>
</iter>
<var>${keyTwo}</var>
<value>@{expected_keysTwo}</value>
<status status="PASS" start="2024-06-01T07:12:39.202373" elapsed="0.004543"/>
</for>
<status status="PASS" start="2024-06-01T07:12:39.096761" elapsed="0.110296"/>
</kw>
<doc>Testa a estrutura da resposta da API.</doc>
<tag>testeEstruturaResposta</tag>
<status status="PASS" start="2024-06-01T07:12:39.096235" elapsed="0.110982"/>
</test>
<test id="s1-s1-t4" name="Validar tipos de dados" line="28">
<kw name="Teste de Tipos de Dados" owner="random-user-service">
<kw name="GET On Session" owner="RequestsLibrary">
<msg time="2024-06-01T07:12:39.297316" level="INFO">GET Request : url=https://randomuser.me/api 
 path_url=/api 
 headers={'User-Agent': 'python-requests/2.32.3', 'Accept-Encoding': 'gzip, deflate', 'Accept': '*/*', 'Connection': 'keep-alive'} 
 body=None 
 </msg>
<msg time="2024-06-01T07:12:39.297428" level="INFO">GET Response : url=https://randomuser.me/api 
 status=200, reason=OK 
 headers={'Date': 'Sat, 01 Jun 2024 07:12:39 GMT', 'Content-Type': 'application/json; charset=utf-8', 'Transfer-Encoding': 'chunked', 'Connection': 'keep-alive', 'X-Powered-By': 'Express', 'Access-Control-Allow-Origin': '*', 'Cache-Control': 'no-cache', 'ETag': 'W/"48a-2pf/WcUtGvyafcKNuXfUMR3HL90"', 'Vary': 'Accept-Encoding', 'Content-Encoding': 'gzip', 'CF-Cache-Status': 'DYNAMIC', 'Report-To': '{"endpoints":[{"url":"https:\\/\\/a.nel.cloudflare.com\\/report\\/v4?s=yBtgtrzW98VYWGwhEtDw%2FAdNxUmyMM%2BkJ46nSw04g1%2By71QbPXlgpRKS60xzEflEqk1MAklnliSGxM9HX0U421VnPUDb3Bt0uMVw%2BRG8ID8ObDoXfoWj4Wu3w1pkOXip"}],"group":"cf-nel","max_age":604800}', 'NEL': '{"success_fraction":0,"report_to":"cf-nel","max_age":604800}', 'Server': 'cloudflare', 'CF-RAY': '88cd6585188f7afd-SJC', 'alt-svc': 'h3=":443"; ma=86400'} 
 body={"results":[{"gender":"female","name":{"title":"Mrs","first":"Benedikte","last":"Borsheim"},"location":{"street":{"number":3497,"name":"Surstoffveien"},"city":"Vestre Jakobselv","state":"Nord-Trøndelag","country":"Norway","postcode":"5038","coordinates":{"latitude":"44.0827","longitude":"96.9808"},"timezone":{"offset":"+5:45","description":"Kathmandu"}},"email":"benedikte.borsheim@example.com","login":{"uuid":"218b5de7-70e5-4807-a824-71bc946929b7","username":"crazyladybug183","password":"bella","salt":"a5vIdCyI","md5":"ba1463b78a1f2bdf7a397d7c6c11d37a","sha1":"7756ce612ae90b02b635be7e87bc94dbbb09de05","sha256":"e4f08a6732d077fb81cd18d2031f215b117d3373359943637ce144ef4e7caa89"},"dob":{"date":"1986-08-31T09:04:43.819Z","age":37},"registered":{"date":"2018-02-03T19:55:22.875Z","age":6},"phone":"33515740","cell":"93199649","id":{"name":"FN","value":"31088639424"},"picture":{"large":"https://randomuser.me/api/portraits/women/57.jpg","medium":"https://randomuser.me/api/portraits/med/women/57.jpg","thumbnail":"https://randomuser.me/api/portraits/thumb/women/57.jpg"},"nat":"NO"}],"info":{"seed":"c58558b4e1d179b8","results":1,"page":1,"version":"1.4"}} 
 </msg>
<msg time="2024-06-01T07:12:39.297515" level="INFO">/opt/hostedtoolcache/Python/3.12.3/x64/lib/python3.12/site-packages/urllib3/connectionpool.py:1103: InsecureRequestWarning: Unverified HTTPS request is being made to host 'randomuser.me'. Adding certificate verification is strongly advised. See: https://urllib3.readthedocs.io/en/latest/advanced-usage.html#tls-warnings
  warnings.warn(</msg>
<msg time="2024-06-01T07:12:39.297661" level="INFO">${response} = &lt;Response [200]&gt;</msg>
<var>${response}</var>
<arg>consultarAPI</arg>
<arg>/api</arg>
<doc>Sends a GET request on a previously created HTTP Session.</doc>
<status status="PASS" start="2024-06-01T07:12:39.209810" elapsed="0.087895"/>
</kw>
<kw name="Set Variable" owner="BuiltIn">
<msg time="2024-06-01T07:12:39.298964" level="INFO">${json_data} = {'results': [{'gender': 'female', 'name': {'title': 'Mrs', 'first': 'Benedikte', 'last': 'Borsheim'}, 'location': {'street': {'number': 3497, 'name': 'Surstoffveien'}, 'city': 'Vestre Jakobselv', 'sta...</msg>
<var>${json_data}</var>
<arg>${response.json()}</arg>
<doc>Returns the given values which can then be assigned to a variables.</doc>
<status status="PASS" start="2024-06-01T07:12:39.298363" elapsed="0.000631"/>
</kw>
<kw name="Log" owner="BuiltIn">
<msg time="2024-06-01T07:12:39.299472" level="INFO">{'results': [{'gender': 'female', 'name': {'title': 'Mrs', 'first': 'Benedikte', 'last': 'Borsheim'}, 'location': {'street': {'number': 3497, 'name': 'Surstoffveien'}, 'city': 'Vestre Jakobselv', 'state': 'Nord-Trøndelag', 'country': 'Norway', 'postcode': '5038', 'coordinates': {'latitude': '44.0827', 'longitude': '96.9808'}, 'timezone': {'offset': '+5:45', 'description': 'Kathmandu'}}, 'email': 'benedikte.borsheim@example.com', 'login': {'uuid': '218b5de7-70e5-4807-a824-71bc946929b7', 'username': 'crazyladybug183', 'password': 'bella', 'salt': 'a5vIdCyI', 'md5': 'ba1463b78a1f2bdf7a397d7c6c11d37a', 'sha1': '7756ce612ae90b02b635be7e87bc94dbbb09de05', 'sha256': 'e4f08a6732d077fb81cd18d2031f215b117d3373359943637ce144ef4e7caa89'}, 'dob': {'date': '1986-08-31T09:04:43.819Z', 'age': 37}, 'registered': {'date': '2018-02-03T19:55:22.875Z', 'age': 6}, 'phone': '33515740', 'cell': '93199649', 'id': {'name': 'FN', 'value': '31088639424'}, 'picture': {'large': 'https://randomuser.me/api/portraits/women/57.jpg', 'medium': 'https://randomuser.me/api/portraits/med/women/57.jpg', 'thumbnail': 'https://randomuser.me/api/portraits/thumb/women/57.jpg'}, 'nat': 'NO'}], 'info': {'seed': 'c58558b4e1d179b8', 'results': 1, 'page': 1, 'version': '1.4'}}</msg>
<arg>${json_data}</arg>
<doc>Logs the given message with the given level.</doc>
<status status="PASS" start="2024-06-01T07:12:39.299309" elapsed="0.000254"/>
</kw>
<kw name="Should Be String" owner="String">
<arg>${json_data['results'][0]['gender']}</arg>
<doc>Fails if the given ``item`` is not a string.</doc>
<status status="PASS" start="2024-06-01T07:12:39.299928" elapsed="0.000382"/>
</kw>
<kw name="Should Match Regexp" owner="BuiltIn">
<arg>${json_data['results'][0]['email']}</arg>
<arg>^[a-zA-Z0-9._%+-]+@[a-zA-Z0-9.-]+\.[a-zA-Z]{2,}$</arg>
<doc>Fails if ``string`` does not match ``pattern`` as a regular expression.</doc>
<status status="PASS" start="2024-06-01T07:12:39.300511" elapsed="0.000545"/>
</kw>
<kw name="Should Match Regexp" owner="BuiltIn">
<arg>${json_data['results'][0]['dob']['date']}</arg>
<arg>\\d{4}-\\d{2}-\\d{2}T\\d{2}:\\d{2}:\\d{2}\\.\\d{3}Z</arg>
<doc>Fails if ``string`` does not match ``pattern`` as a regular expression.</doc>
<status status="PASS" start="2024-06-01T07:12:39.301263" elapsed="0.000510"/>
</kw>
<kw name="Should Match Regexp" owner="BuiltIn">
<arg>${json_data['results'][0]['registered']['date']}</arg>
<arg>\\d{4}-\\d{2}-\\d{2}T\\d{2}:\\d{2}:\\d{2}\\.\\d{3}Z</arg>
<doc>Fails if ``string`` does not match ``pattern`` as a regular expression.</doc>
<status status="PASS" start="2024-06-01T07:12:39.301972" elapsed="0.000374"/>
</kw>
<kw name="Should Match Regexp" owner="BuiltIn">
<arg>${json_data['results'][0]['picture']['large']}</arg>
<arg>^https?://.*\.(?:png|jpe?g|gif|bmp)$</arg>
<doc>Fails if ``string`` does not match ``pattern`` as a regular expression.</doc>
<status status="PASS" start="2024-06-01T07:12:39.302541" elapsed="0.000480"/>
</kw>
<kw name="Should Match Regexp" owner="BuiltIn">
<arg>${json_data['results'][0]['picture']['medium']}</arg>
<arg>^https?://.*\.(?:png|jpe?g|gif|bmp)$</arg>
<doc>Fails if ``string`` does not match ``pattern`` as a regular expression.</doc>
<status status="PASS" start="2024-06-01T07:12:39.303215" elapsed="0.000368"/>
</kw>
<kw name="Should Match Regexp" owner="BuiltIn">
<arg>${json_data['results'][0]['picture']['thumbnail']}</arg>
<arg>^https?://.*\.(?:png|jpe?g|gif|bmp)$</arg>
<doc>Fails if ``string`` does not match ``pattern`` as a regular expression.</doc>
<status status="PASS" start="2024-06-01T07:12:39.303811" elapsed="0.000368"/>
</kw>
<kw name="Log" owner="BuiltIn">
<msg time="2024-06-01T07:12:39.304715" level="INFO">{'large': 'https://randomuser.me/api/portraits/women/57.jpg', 'medium': 'https://randomuser.me/api/portraits/med/women/57.jpg', 'thumbnail': 'https://randomuser.me/api/portraits/thumb/women/57.jpg'}</msg>
<arg>${json_data['results'][0]['picture']}</arg>
<doc>Logs the given message with the given level.</doc>
<status status="PASS" start="2024-06-01T07:12:39.304378" elapsed="0.000382"/>
</kw>
<status status="PASS" start="2024-06-01T07:12:39.209565" elapsed="0.095455"/>
</kw>
<kw name="Teste de Tipos de Dados - Postcode" owner="random-user-service">
<kw name="GET On Session" owner="RequestsLibrary">
<msg time="2024-06-01T07:12:39.396962" level="INFO">GET Request : url=https://randomuser.me/api 
 path_url=/api 
 headers={'User-Agent': 'python-requests/2.32.3', 'Accept-Encoding': 'gzip, deflate', 'Accept': '*/*', 'Connection': 'keep-alive'} 
 body=None 
 </msg>
<msg time="2024-06-01T07:12:39.397034" level="INFO">GET Response : url=https://randomuser.me/api 
 status=200, reason=OK 
 headers={'Date': 'Sat, 01 Jun 2024 07:12:39 GMT', 'Content-Type': 'application/json; charset=utf-8', 'Transfer-Encoding': 'chunked', 'Connection': 'keep-alive', 'X-Powered-By': 'Express', 'Access-Control-Allow-Origin': '*', 'Cache-Control': 'no-cache', 'ETag': 'W/"4a7-UcItefFDJbBia1k/PLmeP94Ipng"', 'Vary': 'Accept-Encoding', 'Content-Encoding': 'gzip', 'CF-Cache-Status': 'DYNAMIC', 'Report-To': '{"endpoints":[{"url":"https:\\/\\/a.nel.cloudflare.com\\/report\\/v4?s=Zmbv%2BcvnyrCX0jlzDhPyR%2FFtuvIfRapEbE%2BLYaqzb0GaHfLIYl%2Bm1SMIQdYCcUYkhW8BsgG8nymiNKP%2F48udVDKs8QV7abbCEfPx8ttzU2DlbNhhRpxd87v5wvJ18l8z"}],"group":"cf-nel","max_age":604800}', 'NEL': '{"success_fraction":0,"report_to":"cf-nel","max_age":604800}', 'Server': 'cloudflare', 'CF-RAY': '88cd6585a8df7afd-SJC', 'alt-svc': 'h3=":443"; ma=86400'} 
 body={"results":[{"gender":"female","name":{"title":"Mrs","first":"Claudia","last":"Robledo"},"location":{"street":{"number":9126,"name":"Diagonal Sur Apodaca"},"city":"La Concordia (Rosita)","state":"Tlaxcala","country":"Mexico","postcode":41688,"coordinates":{"latitude":"21.5949","longitude":"113.7503"},"timezone":{"offset":"+7:00","description":"Bangkok, Hanoi, Jakarta"}},"email":"claudia.robledo@example.com","login":{"uuid":"3cade96e-58d5-4b83-bb32-ba7ed5460a12","username":"blackpanda689","password":"caesar","salt":"I2wUHpDS","md5":"0f064f3cfee9c40011a1390041caa0b8","sha1":"dbb467aeb15a8c4db54d124e48dc8f4bd1f16990","sha256":"136df861a5c2ce6c1375fe438fbaa409ef296165c42ecd4b9720f7b4dc5b6e0a"},"dob":{"date":"1972-04-27T02:29:01.674Z","age":52},"registered":{"date":"2020-07-24T12:51:03.887Z","age":3},"phone":"(632) 406 1105","cell":"(607) 847 5384","id":{"name":"NSS","value":"43 10 91 2275 1"},"picture":{"large":"https://randomuser.me/api/portraits/women/81.jpg","medium":"https://randomuser.me/api/portraits/med/women/81.jpg","thumbnail":"https://randomuser.me/api/portraits/thumb/women/81.jpg"},"nat":"MX"}],"info":{"seed":"607604ff85eb4a58","results":1,"page":1,"version":"1.4"}} 
 </msg>
<msg time="2024-06-01T07:12:39.397094" level="INFO">/opt/hostedtoolcache/Python/3.12.3/x64/lib/python3.12/site-packages/urllib3/connectionpool.py:1103: InsecureRequestWarning: Unverified HTTPS request is being made to host 'randomuser.me'. Adding certificate verification is strongly advised. See: https://urllib3.readthedocs.io/en/latest/advanced-usage.html#tls-warnings
  warnings.warn(</msg>
<msg time="2024-06-01T07:12:39.397189" level="INFO">${response} = &lt;Response [200]&gt;</msg>
<var>${response}</var>
<arg>consultarAPI</arg>
<arg>/api</arg>
<doc>Sends a GET request on a previously created HTTP Session.</doc>
<status status="PASS" start="2024-06-01T07:12:39.305497" elapsed="0.091731"/>
</kw>
<kw name="Set Variable" owner="BuiltIn">
<msg time="2024-06-01T07:12:39.398306" level="INFO">${json_data} = {'results': [{'gender': 'female', 'name': {'title': 'Mrs', 'first': 'Claudia', 'last': 'Robledo'}, 'location': {'street': {'number': 9126, 'name': 'Diagonal Sur Apodaca'}, 'city': 'La Concordia (Rosit...</msg>
<var>${json_data}</var>
<arg>${response.json()}</arg>
<doc>Returns the given values which can then be assigned to a variables.</doc>
<status status="PASS" start="2024-06-01T07:12:39.397720" elapsed="0.000620"/>
</kw>
<kw name="Log" owner="BuiltIn">
<msg time="2024-06-01T07:12:39.398848" level="INFO">{'results': [{'gender': 'female', 'name': {'title': 'Mrs', 'first': 'Claudia', 'last': 'Robledo'}, 'location': {'street': {'number': 9126, 'name': 'Diagonal Sur Apodaca'}, 'city': 'La Concordia (Rosita)', 'state': 'Tlaxcala', 'country': 'Mexico', 'postcode': 41688, 'coordinates': {'latitude': '21.5949', 'longitude': '113.7503'}, 'timezone': {'offset': '+7:00', 'description': 'Bangkok, Hanoi, Jakarta'}}, 'email': 'claudia.robledo@example.com', 'login': {'uuid': '3cade96e-58d5-4b83-bb32-ba7ed5460a12', 'username': 'blackpanda689', 'password': 'caesar', 'salt': 'I2wUHpDS', 'md5': '0f064f3cfee9c40011a1390041caa0b8', 'sha1': 'dbb467aeb15a8c4db54d124e48dc8f4bd1f16990', 'sha256': '136df861a5c2ce6c1375fe438fbaa409ef296165c42ecd4b9720f7b4dc5b6e0a'}, 'dob': {'date': '1972-04-27T02:29:01.674Z', 'age': 52}, 'registered': {'date': '2020-07-24T12:51:03.887Z', 'age': 3}, 'phone': '(632) 406 1105', 'cell': '(607) 847 5384', 'id': {'name': 'NSS', 'value': '43 10 91 2275 1'}, 'picture': {'large': 'https://randomuser.me/api/portraits/women/81.jpg', 'medium': 'https://randomuser.me/api/portraits/med/women/81.jpg', 'thumbnail': 'https://randomuser.me/api/portraits/thumb/women/81.jpg'}, 'nat': 'MX'}], 'info': {'seed': '607604ff85eb4a58', 'results': 1, 'page': 1, 'version': '1.4'}}</msg>
<arg>${json_data}</arg>
<doc>Logs the given message with the given level.</doc>
<status status="PASS" start="2024-06-01T07:12:39.398690" elapsed="0.000238"/>
</kw>
<kw name="Should Be Equal As Numbers" owner="BuiltIn">
<arg>${json_data['results'][0]['location']['postcode']}</arg>
<arg>${json_data['results'][0]['location']['postcode']}</arg>
<doc>Fails if objects are unequal after converting them to real numbers.</doc>
<status status="PASS" start="2024-06-01T07:12:39.399239" elapsed="0.000847"/>
</kw>
<kw name="Log" owner="BuiltIn">
<msg time="2024-06-01T07:12:39.400693" level="INFO">41688</msg>
<arg>${json_data['results'][0]['location']['postcode']}</arg>
<doc>Logs the given message with the given level.</doc>
<status status="PASS" start="2024-06-01T07:12:39.400288" elapsed="0.000461"/>
</kw>
<status status="PASS" start="2024-06-01T07:12:39.305256" elapsed="0.095755"/>
</kw>
<doc>Testa se os tipos de dados na resposta da API estão corretos.</doc>
<tag>testeTiposDados</tag>
<status status="PASS" start="2024-06-01T07:12:39.209077" elapsed="0.192101"/>
</test>
<test id="s1-s1-t5" name="Validar conteudo" line="35">
<kw name="Teste de Tipos de Conteudo" owner="random-user-service">
<kw name="GET On Session" owner="RequestsLibrary">
<msg time="2024-06-01T07:12:39.500009" level="INFO">GET Request : url=https://randomuser.me/api 
 path_url=/api 
 headers={'User-Agent': 'python-requests/2.32.3', 'Accept-Encoding': 'gzip, deflate', 'Accept': '*/*', 'Connection': 'keep-alive'} 
 body=None 
 </msg>
<msg time="2024-06-01T07:12:39.500088" level="INFO">GET Response : url=https://randomuser.me/api 
 status=200, reason=OK 
 headers={'Date': 'Sat, 01 Jun 2024 07:12:39 GMT', 'Content-Type': 'application/json; charset=utf-8', 'Transfer-Encoding': 'chunked', 'Connection': 'keep-alive', 'X-Powered-By': 'Express', 'Access-Control-Allow-Origin': '*', 'Cache-Control': 'no-cache', 'ETag': 'W/"48b-xsA5qFta6fOs1td3f20Lgfq5ujY"', 'Vary': 'Accept-Encoding', 'Content-Encoding': 'gzip', 'CF-Cache-Status': 'DYNAMIC', 'Report-To': '{"endpoints":[{"url":"https:\\/\\/a.nel.cloudflare.com\\/report\\/v4?s=E934XP44wKnSU6299luM3nQs0FP3KrCMv2y3Hxbd9rorF17ytCC6vjE8slFGBkZrcbzlGhoiPZZwC8%2BsPEvzUC8%2F9c3JfGBPVrMh%2BEOnEPxfQ8Ztf5y08B3e1CfYL6tL"}],"group":"cf-nel","max_age":604800}', 'NEL': '{"success_fraction":0,"report_to":"cf-nel","max_age":604800}', 'Server': 'cloudflare', 'CF-RAY': '88cd6586493d7afd-SJC', 'alt-svc': 'h3=":443"; ma=86400'} 
 body={"results":[{"gender":"male","name":{"title":"Monsieur","first":"Silvan","last":"Dupuis"},"location":{"street":{"number":6798,"name":"Rue Desaix"},"city":"Oetwil am See","state":"Ticino","country":"Switzerland","postcode":2590,"coordinates":{"latitude":"-62.5097","longitude":"-73.4794"},"timezone":{"offset":"+9:30","description":"Adelaide, Darwin"}},"email":"silvan.dupuis@example.com","login":{"uuid":"e4eabac5-b904-4b93-a679-efa921dd8457","username":"heavymeercat912","password":"grumpy","salt":"TJarSMoi","md5":"cc4fb7f3e2e6506f7345fe12aae174fe","sha1":"1d75aaf59613827064b7b99558122bcb6049a17b","sha256":"5a2e09b47827f5bb935977a1a488ba322422d311bf4a4a1270f14415046aa283"},"dob":{"date":"1998-10-27T07:50:15.031Z","age":25},"registered":{"date":"2015-12-27T23:43:39.858Z","age":8},"phone":"075 885 23 48","cell":"075 286 78 05","id":{"name":"AVS","value":"756.9158.9281.22"},"picture":{"large":"https://randomuser.me/api/portraits/men/59.jpg","medium":"https://randomuser.me/api/portraits/med/men/59.jpg","thumbnail":"https://randomuser.me/api/portraits/thumb/men/59.jpg"},"nat":"CH"}],"info":{"seed":"d30058bfa9aa52d5","results":1,"page":1,"version":"1.4"}} 
 </msg>
<msg time="2024-06-01T07:12:39.500147" level="INFO">/opt/hostedtoolcache/Python/3.12.3/x64/lib/python3.12/site-packages/urllib3/connectionpool.py:1103: InsecureRequestWarning: Unverified HTTPS request is being made to host 'randomuser.me'. Adding certificate verification is strongly advised. See: https://urllib3.readthedocs.io/en/latest/advanced-usage.html#tls-warnings
  warnings.warn(</msg>
<msg time="2024-06-01T07:12:39.500239" level="INFO">${response} = &lt;Response [200]&gt;</msg>
<var>${response}</var>
<arg>consultarAPI</arg>
<arg>/api</arg>
<doc>Sends a GET request on a previously created HTTP Session.</doc>
<status status="PASS" start="2024-06-01T07:12:39.403734" elapsed="0.096547"/>
</kw>
<kw name="Set Variable" owner="BuiltIn">
<msg time="2024-06-01T07:12:39.501324" level="INFO">${json_data} = {'results': [{'gender': 'male', 'name': {'title': 'Monsieur', 'first': 'Silvan', 'last': 'Dupuis'}, 'location': {'street': {'number': 6798, 'name': 'Rue Desaix'}, 'city': 'Oetwil am See', 'state': 'Ti...</msg>
<var>${json_data}</var>
<arg>${response.json()}</arg>
<doc>Returns the given values which can then be assigned to a variables.</doc>
<status status="PASS" start="2024-06-01T07:12:39.500753" elapsed="0.000600"/>
</kw>
<kw name="Set Variable" owner="BuiltIn">
<msg time="2024-06-01T07:12:39.502059" level="INFO">${name_title} = Monsieur</msg>
<var>${name_title}</var>
<arg>${json_data["results"][0]["name"]["title"]}</arg>
<doc>Returns the given values which can then be assigned to a variables.</doc>
<status status="PASS" start="2024-06-01T07:12:39.501664" elapsed="0.000421"/>
</kw>
<kw name="Create List" owner="BuiltIn">
<msg time="2024-06-01T07:12:39.502546" level="INFO">${allowed_titles} = ['Mr', 'Ms', 'Miss', 'Mrs', 'Madame', 'Monsieur']</msg>
<var>${allowed_titles}</var>
<arg>Mr</arg>
<arg>Ms</arg>
<arg>Miss</arg>
<arg>Mrs</arg>
<arg>Madame</arg>
<arg>Monsieur</arg>
<doc>Returns a list containing given items.</doc>
<status status="PASS" start="2024-06-01T07:12:39.502397" elapsed="0.000173"/>
</kw>
<kw name="List Should Contain Value" owner="Collections">
<msg time="2024-06-01T07:12:39.503052" level="INFO">False</msg>
<arg>${allowed_titles}</arg>
<arg>${name_title}</arg>
<doc>Fails if the ``value`` is not found from ``list``.</doc>
<status status="PASS" start="2024-06-01T07:12:39.502876" elapsed="0.000212"/>
</kw>
<kw name="Set Variable" owner="BuiltIn">
<msg time="2024-06-01T07:12:39.503818" level="INFO">${name_country} = CH</msg>
<var>${name_country}</var>
<arg>${json_data["results"][0]["nat"]}</arg>
<doc>Returns the given values which can then be assigned to a variables.</doc>
<status status="PASS" start="2024-06-01T07:12:39.503386" elapsed="0.000458"/>
</kw>
<kw name="Create List" owner="BuiltIn">
<msg time="2024-06-01T07:12:39.504775" level="INFO">${list_country} = ['AD', 'AE', 'AF', 'AG', 'AI', 'AL', 'AM', 'AO', 'AQ', 'AR', 'AS', 'AT', 'AU', 'AW', 'AX', 'AZ', 'BA', 'BB', 'BD', 'BE', 'BF', 'BG', 'BH', 'BI', 'BJ', 'BL', 'BM', 'BN', 'BO', 'BQ', 'BR', 'BS', 'BT', '...</msg>
<var>${list_country}</var>
<arg>AD</arg>
<arg>AE</arg>
<arg>AF</arg>
<arg>AG</arg>
<arg>AI</arg>
<arg>AL</arg>
<arg>AM</arg>
<arg>AO</arg>
<arg>AQ</arg>
<arg>AR</arg>
<arg>AS</arg>
<arg>AT</arg>
<arg>AU</arg>
<arg>AW</arg>
<arg>AX</arg>
<arg>AZ</arg>
<arg>BA</arg>
<arg>BB</arg>
<arg>BD</arg>
<arg>BE</arg>
<arg>BF</arg>
<arg>BG</arg>
<arg>BH</arg>
<arg>BI</arg>
<arg>BJ</arg>
<arg>BL</arg>
<arg>BM</arg>
<arg>BN</arg>
<arg>BO</arg>
<arg>BQ</arg>
<arg>BR</arg>
<arg>BS</arg>
<arg>BT</arg>
<arg>BV</arg>
<arg>BW</arg>
<arg>BY</arg>
<arg>BZ</arg>
<arg>CA</arg>
<arg>CC</arg>
<arg>CD</arg>
<arg>CF</arg>
<arg>CG</arg>
<arg>CH</arg>
<arg>CI</arg>
<arg>CK</arg>
<arg>CL</arg>
<arg>CM</arg>
<arg>CN</arg>
<arg>CO</arg>
<arg>CR</arg>
<arg>CU</arg>
<arg>CV</arg>
<arg>CW</arg>
<arg>CX</arg>
<arg>CY</arg>
<arg>CZ</arg>
<arg>DE</arg>
<arg>DJ</arg>
<arg>DK</arg>
<arg>DM</arg>
<arg>DO</arg>
<arg>DZ</arg>
<arg>EC</arg>
<arg>EE</arg>
<arg>EG</arg>
<arg>EH</arg>
<arg>ER</arg>
<arg>ES</arg>
<arg>ET</arg>
<arg>FI</arg>
<arg>FJ</arg>
<arg>FK</arg>
<arg>FM</arg>
<arg>FO</arg>
<arg>FR</arg>
<arg>GA</arg>
<arg>GB</arg>
<arg>GD</arg>
<arg>GE</arg>
<arg>GF</arg>
<arg>GG</arg>
<arg>GH</arg>
<arg>GI</arg>
<arg>GL</arg>
<arg>GM</arg>
<arg>GN</arg>
<arg>GP</arg>
<arg>GQ</arg>
<arg>GR</arg>
<arg>GS</arg>
<arg>GT</arg>
<arg>GU</arg>
<arg>GW</arg>
<arg>GY</arg>
<arg>HK</arg>
<arg>HM</arg>
<arg>HN</arg>
<arg>HR</arg>
<arg>HT</arg>
<arg>HU</arg>
<arg>ID</arg>
<arg>IE</arg>
<arg>IL</arg>
<arg>IM</arg>
<arg>IN</arg>
<arg>IO</arg>
<arg>IQ</arg>
<arg>IR</arg>
<arg>IS</arg>
<arg>IT</arg>
<arg>JE</arg>
<arg>JM</arg>
<arg>JO</arg>
<arg>JP</arg>
<arg>KE</arg>
<arg>KG</arg>
<arg>KH</arg>
<arg>KI</arg>
<arg>KM</arg>
<arg>KN</arg>
<arg>KP</arg>
<arg>KR</arg>
<arg>KW</arg>
<arg>KY</arg>
<arg>KZ</arg>
<arg>LA</arg>
<arg>LB</arg>
<arg>LC</arg>
<arg>LI</arg>
<arg>LK</arg>
<arg>LR</arg>
<arg>LS</arg>
<arg>LT</arg>
<arg>LU</arg>
<arg>LV</arg>
<arg>LY</arg>
<arg>MA</arg>
<arg>MC</arg>
<arg>MD</arg>
<arg>ME</arg>
<arg>MF</arg>
<arg>MG</arg>
<arg>MH</arg>
<arg>MK</arg>
<arg>ML</arg>
<arg>MM</arg>
<arg>MN</arg>
<arg>MO</arg>
<arg>MP</arg>
<arg>MQ</arg>
<arg>MR</arg>
<arg>MS</arg>
<arg>MT</arg>
<arg>MU</arg>
<arg>MV</arg>
<arg>MW</arg>
<arg>MX</arg>
<arg>MY</arg>
<arg>MZ</arg>
<arg>NA</arg>
<arg>NC</arg>
<arg>NE</arg>
<arg>NF</arg>
<arg>NG</arg>
<arg>NI</arg>
<arg>NL</arg>
<arg>NO</arg>
<arg>NP</arg>
<arg>NR</arg>
<arg>NU</arg>
<arg>NZ</arg>
<arg>OM</arg>
<arg>PA</arg>
<arg>PE</arg>
<arg>PF</arg>
<arg>PG</arg>
<arg>PH</arg>
<arg>PK</arg>
<arg>PL</arg>
<arg>PM</arg>
<arg>PN</arg>
<arg>PR</arg>
<arg>PS</arg>
<arg>PT</arg>
<arg>PW</arg>
<arg>PY</arg>
<arg>QA</arg>
<arg>RE</arg>
<arg>RO</arg>
<arg>RS</arg>
<arg>RU</arg>
<arg>RW</arg>
<arg>SA</arg>
<arg>SB</arg>
<arg>SC</arg>
<arg>SD</arg>
<arg>SE</arg>
<arg>SG</arg>
<arg>SH</arg>
<arg>SI</arg>
<arg>SJ</arg>
<arg>SK</arg>
<arg>SL</arg>
<arg>SM</arg>
<arg>SN</arg>
<arg>SO</arg>
<arg>SR</arg>
<arg>SS</arg>
<arg>ST</arg>
<arg>SV</arg>
<arg>SX</arg>
<arg>SY</arg>
<arg>SZ</arg>
<arg>TC</arg>
<arg>TD</arg>
<arg>TF</arg>
<arg>TG</arg>
<arg>TH</arg>
<arg>TJ</arg>
<arg>TK</arg>
<arg>TL</arg>
<arg>TM</arg>
<arg>TN</arg>
<arg>TO</arg>
<arg>TR</arg>
<arg>TT</arg>
<arg>TV</arg>
<arg>TW</arg>
<arg>TZ</arg>
<arg>UA</arg>
<arg>UG</arg>
<arg>UM</arg>
<arg>US</arg>
<arg>UY</arg>
<arg>UZ</arg>
<arg>VA</arg>
<arg>VC</arg>
<arg>VE</arg>
<arg>VG</arg>
<arg>VI</arg>
<arg>VN</arg>
<arg>VU</arg>
<arg>WF</arg>
<arg>WS</arg>
<arg>XK</arg>
<arg>YE</arg>
<arg>YT</arg>
<arg>ZA</arg>
<arg>ZM</arg>
<arg>ZW</arg>
<doc>Returns a list containing given items.</doc>
<status status="PASS" start="2024-06-01T07:12:39.504152" elapsed="0.000649"/>
</kw>
<kw name="List Should Contain Value" owner="Collections">
<msg time="2024-06-01T07:12:39.505790" level="INFO">False</msg>
<arg>${list_country}</arg>
<arg>${name_country}</arg>
<doc>Fails if the ``value`` is not found from ``list``.</doc>
<status status="PASS" start="2024-06-01T07:12:39.505582" elapsed="0.000246"/>
</kw>
<kw name="Run Keyword If" owner="BuiltIn">
<kw name="Should Be True" owner="BuiltIn">
<arg>${True}</arg>
<doc>Fails if the given condition is not true.</doc>
<status status="PASS" start="2024-06-01T07:12:39.506918" elapsed="0.000146"/>
</kw>
<arg>${json_data["results"][0]["location"]["coordinates"]["latitude"]} &gt;= -90 and ${json_data["results"][0]["location"]["coordinates"]["latitude"]} &lt;= 90</arg>
<arg>Should Be True</arg>
<arg>${True}</arg>
<doc>Runs the given keyword with the given arguments, if ``condition`` is true.</doc>
<status status="PASS" start="2024-06-01T07:12:39.506138" elapsed="0.001054"/>
</kw>
<kw name="Run Keyword If" owner="BuiltIn">
<kw name="Should Be True" owner="BuiltIn">
<arg>${True}</arg>
<doc>Fails if the given condition is not true.</doc>
<status status="PASS" start="2024-06-01T07:12:39.508152" elapsed="0.000249"/>
</kw>
<arg>${json_data["results"][0]["location"]["coordinates"]["longitude"]} &gt;= -180 and ${json_data["results"][0]["location"]["coordinates"]["longitude"]} &lt;= 180</arg>
<arg>Should Be True</arg>
<arg>${True}</arg>
<doc>Runs the given keyword with the given arguments, if ``condition`` is true.</doc>
<status status="PASS" start="2024-06-01T07:12:39.507388" elapsed="0.001141"/>
</kw>
<status status="PASS" start="2024-06-01T07:12:39.403480" elapsed="0.105180"/>
</kw>
<doc>Testa o conteúdo específico dos campos retornados pela API.</doc>
<tag>testeConteudo</tag>
<status status="PASS" start="2024-06-01T07:12:39.403021" elapsed="0.105786"/>
</test>
<status status="PASS" start="2024-06-01T07:12:38.493002" elapsed="1.017740"/>
</suite>
<status status="PASS" start="2024-06-01T07:12:38.479045" elapsed="1.036934"/>
</suite>
<statistics>
<total>
<stat pass="5" fail="0" skip="0">All Tests</stat>
</total>
<tag>
<stat pass="1" fail="0" skip="0">testeConteudo</stat>
<stat pass="1" fail="0" skip="0">testeEstruturaResposta</stat>
<stat pass="1" fail="0" skip="0">testeRequisicaoBasica</stat>
<stat pass="1" fail="0" skip="0">testeTiposDados</stat>
</tag>
<suite>
<stat pass="5" fail="0" skip="0" id="s1" name="Tests">Tests</stat>
<stat pass="5" fail="0" skip="0" id="s1-s1" name="Random-User-Test">Tests.Random-User-Test</stat>
</suite>
</statistics>
<errors>
</errors>
</robot>
