<?xml version="1.0" encoding="UTF-8"?>
<robot generator="Robot 7.0.1 (Python 3.12.4 on linux)" generated="2024-07-07T22:14:23.376215" rpa="false" schemaversion="5">
<suite id="s1" name="Tests" source="/home/runner/work/ApiRandomUser/ApiRandomUser/RamdonUser/tests">
<suite id="s1-s1" name="Random-User-Test" source="/home/runner/work/ApiRandomUser/ApiRandomUser/RamdonUser/tests/random-user-test.robot">
<test id="s1-s1-t1" name="Conectar" line="13">
<kw name="Conectar API" owner="random-user-service">
<kw name="Create Session" owner="RequestsLibrary">
<msg time="2024-07-07T22:14:23.811458" level="INFO">Creating Session using : alias=consultarAPI, url=https://randomuser.me/, headers={},                     cookies={}, auth=None, timeout=None, proxies=None, verify=False,                     debug=0 </msg>
<arg>consultarAPI</arg>
<arg>${URL}</arg>
<doc>Create Session: create a HTTP session to a server</doc>
<status status="PASS" start="2024-07-07T22:14:23.811247" elapsed="0.000412"/>
</kw>
<status status="PASS" start="2024-07-07T22:14:23.810240" elapsed="0.001790"/>
</kw>
<status status="PASS" start="2024-07-07T22:14:23.809670" elapsed="0.002556"/>
</test>
<test id="s1-s1-t2" name="Validar retorno 200 e JSON Válido" line="16">
<kw name="Teste de Requisicao Basica" owner="random-user-service">
<kw name="GET On Session" owner="RequestsLibrary">
<msg time="2024-07-07T22:14:24.128064" level="INFO">GET Request : url=https://randomuser.me/api 
 path_url=/api 
 headers={'User-Agent': 'python-requests/2.32.3', 'Accept-Encoding': 'gzip, deflate', 'Accept': '*/*', 'Connection': 'keep-alive'} 
 body=None 
 </msg>
<msg time="2024-07-07T22:14:24.128219" level="INFO">GET Response : url=https://randomuser.me/api 
 status=200, reason=OK 
 headers={'Date': 'Sun, 07 Jul 2024 22:14:24 GMT', 'Content-Type': 'application/json; charset=utf-8', 'Transfer-Encoding': 'chunked', 'Connection': 'keep-alive', 'X-Powered-By': 'Express', 'Access-Control-Allow-Origin': '*', 'Cache-Control': 'no-cache', 'ETag': 'W/"485-h4SKWbdHfbQlrEN2WSna7HFdmAU"', 'Vary': 'Accept-Encoding', 'Content-Encoding': 'gzip', 'CF-Cache-Status': 'DYNAMIC', 'Report-To': '{"endpoints":[{"url":"https:\\/\\/a.nel.cloudflare.com\\/report\\/v4?s=pn587Z1eOtZker6UxwMKkdsGiD%2Bd4qbP3rkGqsSao9KsISBB2XepR27w5qqCuU2LO2vmz1pUnucgdDKZsF9fDYcBsOJtA5s5xrSuYkicn5BZDnT%2BW2wZ%2B3o6lha0n2CT"}],"group":"cf-nel","max_age":604800}', 'NEL': '{"success_fraction":0,"report_to":"cf-nel","max_age":604800}', 'Server': 'cloudflare', 'CF-RAY': '89fb2ff05bece1db-ORD', 'alt-svc': 'h3=":443"; ma=86400'} 
 body={"results":[{"gender":"female","name":{"title":"Miss","first":"Yara","last":"Bredesen"},"location":{"street":{"number":3981,"name":"Lekeplassveien"},"city":"Fiskåbygd","state":"Rogaland","country":"Norway","postcode":"2540","coordinates":{"latitude":"38.9619","longitude":"84.4229"},"timezone":{"offset":"+7:00","description":"Bangkok, Hanoi, Jakarta"}},"email":"yara.bredesen@example.com","login":{"uuid":"f10c672a-fc12-42f5-b75b-c6108aac49d0","username":"sadpeacock439","password":"frontier","salt":"Ugll8unB","md5":"bd601831e292931c30f9bb61e77dbb23","sha1":"c74620ae2d863660173ef7c67226a3370192a892","sha256":"6df36ea5f4a96950476399601e7848183293bb46b7a33a2a7370c57dcc8f3d77"},"dob":{"date":"1948-06-15T10:38:23.787Z","age":76},"registered":{"date":"2003-03-09T15:58:06.327Z","age":21},"phone":"66825808","cell":"40875069","id":{"name":"FN","value":"15064814203"},"picture":{"large":"https://randomuser.me/api/portraits/women/52.jpg","medium":"https://randomuser.me/api/portraits/med/women/52.jpg","thumbnail":"https://randomuser.me/api/portraits/thumb/women/52.jpg"},"nat":"NO"}],"info":{"seed":"78ee91ccaab70381","results":1,"page":1,"version":"1.4"}} 
 </msg>
<msg time="2024-07-07T22:14:24.128309" level="INFO">/opt/hostedtoolcache/Python/3.12.4/x64/lib/python3.12/site-packages/urllib3/connectionpool.py:1099: InsecureRequestWarning: Unverified HTTPS request is being made to host 'randomuser.me'. Adding certificate verification is strongly advised. See: https://urllib3.readthedocs.io/en/latest/advanced-usage.html#tls-warnings
  warnings.warn(</msg>
<msg time="2024-07-07T22:14:24.128469" level="INFO">${response} = &lt;Response [200]&gt;</msg>
<var>${response}</var>
<arg>consultarAPI</arg>
<arg>/api</arg>
<doc>Sends a GET request on a previously created HTTP Session.</doc>
<status status="PASS" start="2024-07-07T22:14:23.814864" elapsed="0.313650"/>
</kw>
<kw name="Should Be Equal As Numbers" owner="BuiltIn">
<msg time="2024-07-07T22:14:24.129523" level="INFO">Argument types are:
&lt;class 'int'&gt;
&lt;class 'str'&gt;</msg>
<arg>${response.status_code}</arg>
<arg>200</arg>
<doc>Fails if objects are unequal after converting them to real numbers.</doc>
<status status="PASS" start="2024-07-07T22:14:24.129056" elapsed="0.000532"/>
</kw>
<kw name="Log" owner="BuiltIn">
<msg time="2024-07-07T22:14:24.130255" level="INFO">200</msg>
<arg>${response.status_code}</arg>
<doc>Logs the given message with the given level.</doc>
<status status="PASS" start="2024-07-07T22:14:24.129902" elapsed="0.000395"/>
</kw>
<kw name="Set Variable" owner="BuiltIn">
<msg time="2024-07-07T22:14:24.131081" level="INFO">${json_data} = {'results': [{'gender': 'female', 'name': {'title': 'Miss', 'first': 'Yara', 'last': 'Bredesen'}, 'location': {'street': {'number': 3981, 'name': 'Lekeplassveien'}, 'city': 'Fiskåbygd', 'state': 'Roga...</msg>
<var>${json_data}</var>
<arg>${response.json()}</arg>
<doc>Returns the given values which can then be assigned to a variables.</doc>
<status status="PASS" start="2024-07-07T22:14:24.130596" elapsed="0.000514"/>
</kw>
<kw name="Dictionary Should Contain Key" owner="Collections">
<arg>${json_data}</arg>
<arg>results</arg>
<doc>Fails if ``key`` is not found from ``dictionary``.</doc>
<status status="PASS" start="2024-07-07T22:14:24.131409" elapsed="0.000164"/>
</kw>
<status status="PASS" start="2024-07-07T22:14:23.814563" elapsed="0.317164"/>
</kw>
<doc>Testa se a API responde corretamente e retorna um objeto JSON válido.</doc>
<tag>testeRequisicaoBasica</tag>
<status status="PASS" start="2024-07-07T22:14:23.814111" elapsed="0.317805"/>
</test>
<test id="s1-s1-t3" name="Validar estrutura de resposta" line="22">
<kw name="Teste de Estrutura de Resposta" owner="random-user-service">
<kw name="GET On Session" owner="RequestsLibrary">
<msg time="2024-07-07T22:14:24.224774" level="INFO">GET Request : url=https://randomuser.me/api 
 path_url=/api 
 headers={'User-Agent': 'python-requests/2.32.3', 'Accept-Encoding': 'gzip, deflate', 'Accept': '*/*', 'Connection': 'keep-alive'} 
 body=None 
 </msg>
<msg time="2024-07-07T22:14:24.224877" level="INFO">GET Response : url=https://randomuser.me/api 
 status=200, reason=OK 
 headers={'Date': 'Sun, 07 Jul 2024 22:14:24 GMT', 'Content-Type': 'application/json; charset=utf-8', 'Transfer-Encoding': 'chunked', 'Connection': 'keep-alive', 'X-Powered-By': 'Express', 'Access-Control-Allow-Origin': '*', 'Cache-Control': 'no-cache', 'ETag': 'W/"48e-P2Vcnod1Epd62Ioz1X+TGKbjbN0"', 'Vary': 'Accept-Encoding', 'Content-Encoding': 'gzip', 'CF-Cache-Status': 'DYNAMIC', 'Report-To': '{"endpoints":[{"url":"https:\\/\\/a.nel.cloudflare.com\\/report\\/v4?s=E2mI0z%2BQ43GdEewkuNO239JcPO6uwYW%2FmfiH6bX5EU1Y2ai1nHwDMT7kSZXFvNAv%2BxmjM2HXS80zfWPJZFzUttly7LJR%2BHlMKXm814U39Q%2FtG%2Boz1FM8Skw8Xo2l55%2F%2B"}],"group":"cf-nel","max_age":604800}', 'NEL': '{"success_fraction":0,"report_to":"cf-nel","max_age":604800}', 'Server': 'cloudflare', 'CF-RAY': '89fb2ff0dc66e1db-ORD', 'alt-svc': 'h3=":443"; ma=86400'} 
 body={"results":[{"gender":"male","name":{"title":"Mr","first":"Luke","last":"Dunn"},"location":{"street":{"number":7124,"name":"Groveland Terrace"},"city":"Darwin","state":"Victoria","country":"Australia","postcode":3192,"coordinates":{"latitude":"-81.4292","longitude":"-17.2361"},"timezone":{"offset":"+5:00","description":"Ekaterinburg, Islamabad, Karachi, Tashkent"}},"email":"luke.dunn@example.com","login":{"uuid":"a3ab55c6-1a08-44ed-a9cc-c48328d52c65","username":"smallpeacock791","password":"marma","salt":"fNcFp7YA","md5":"48df0f2d0526c0829a84630ebc51f9fa","sha1":"12e33ec5e31e3f2179b2881cc8c7894c4c9a4b37","sha256":"4e41649ea1b7a0bb654cad56feb9d0bea15231bd1d906b42b8960b9078433498"},"dob":{"date":"1959-02-05T16:02:19.785Z","age":65},"registered":{"date":"2012-05-26T00:18:37.545Z","age":12},"phone":"01-5831-7439","cell":"0450-927-497","id":{"name":"TFN","value":"171125798"},"picture":{"large":"https://randomuser.me/api/portraits/men/23.jpg","medium":"https://randomuser.me/api/portraits/med/men/23.jpg","thumbnail":"https://randomuser.me/api/portraits/thumb/men/23.jpg"},"nat":"AU"}],"info":{"seed":"4e46a04598e4ccf6","results":1,"page":1,"version":"1.4"}} 
 </msg>
<msg time="2024-07-07T22:14:24.225017" level="INFO">/opt/hostedtoolcache/Python/3.12.4/x64/lib/python3.12/site-packages/urllib3/connectionpool.py:1099: InsecureRequestWarning: Unverified HTTPS request is being made to host 'randomuser.me'. Adding certificate verification is strongly advised. See: https://urllib3.readthedocs.io/en/latest/advanced-usage.html#tls-warnings
  warnings.warn(</msg>
<msg time="2024-07-07T22:14:24.225165" level="INFO">${response} = &lt;Response [200]&gt;</msg>
<var>${response}</var>
<arg>consultarAPI</arg>
<arg>/api</arg>
<doc>Sends a GET request on a previously created HTTP Session.</doc>
<status status="PASS" start="2024-07-07T22:14:24.134954" elapsed="0.090253"/>
</kw>
<kw name="Set Variable" owner="BuiltIn">
<msg time="2024-07-07T22:14:24.226351" level="INFO">${json_data} = {'results': [{'gender': 'male', 'name': {'title': 'Mr', 'first': 'Luke', 'last': 'Dunn'}, 'location': {'street': {'number': 7124, 'name': 'Groveland Terrace'}, 'city': 'Darwin', 'state': 'Victoria', '...</msg>
<var>${json_data}</var>
<arg>${response.json()}</arg>
<doc>Returns the given values which can then be assigned to a variables.</doc>
<status status="PASS" start="2024-07-07T22:14:24.225807" elapsed="0.000573"/>
</kw>
<kw name="Log" owner="BuiltIn">
<msg time="2024-07-07T22:14:24.226891" level="INFO">{'results': [{'gender': 'male', 'name': {'title': 'Mr', 'first': 'Luke', 'last': 'Dunn'}, 'location': {'street': {'number': 7124, 'name': 'Groveland Terrace'}, 'city': 'Darwin', 'state': 'Victoria', 'country': 'Australia', 'postcode': 3192, 'coordinates': {'latitude': '-81.4292', 'longitude': '-17.2361'}, 'timezone': {'offset': '+5:00', 'description': 'Ekaterinburg, Islamabad, Karachi, Tashkent'}}, 'email': 'luke.dunn@example.com', 'login': {'uuid': 'a3ab55c6-1a08-44ed-a9cc-c48328d52c65', 'username': 'smallpeacock791', 'password': 'marma', 'salt': 'fNcFp7YA', 'md5': '48df0f2d0526c0829a84630ebc51f9fa', 'sha1': '12e33ec5e31e3f2179b2881cc8c7894c4c9a4b37', 'sha256': '4e41649ea1b7a0bb654cad56feb9d0bea15231bd1d906b42b8960b9078433498'}, 'dob': {'date': '1959-02-05T16:02:19.785Z', 'age': 65}, 'registered': {'date': '2012-05-26T00:18:37.545Z', 'age': 12}, 'phone': '01-5831-7439', 'cell': '0450-927-497', 'id': {'name': 'TFN', 'value': '171125798'}, 'picture': {'large': 'https://randomuser.me/api/portraits/men/23.jpg', 'medium': 'https://randomuser.me/api/portraits/med/men/23.jpg', 'thumbnail': 'https://randomuser.me/api/portraits/thumb/men/23.jpg'}, 'nat': 'AU'}], 'info': {'seed': '4e46a04598e4ccf6', 'results': 1, 'page': 1, 'version': '1.4'}}</msg>
<arg>${json_data}</arg>
<doc>Logs the given message with the given level.</doc>
<status status="PASS" start="2024-07-07T22:14:24.226694" elapsed="0.000246"/>
</kw>
<kw name="Dictionary Should Contain Key" owner="Collections">
<arg>${json_data}</arg>
<arg>results</arg>
<doc>Fails if ``key`` is not found from ``dictionary``.</doc>
<status status="PASS" start="2024-07-07T22:14:24.227236" elapsed="0.000162"/>
</kw>
<kw name="Should Not Be Empty" owner="BuiltIn">
<msg time="2024-07-07T22:14:24.227718" level="INFO">Length is 2.</msg>
<arg>${json_data}</arg>
<doc>Verifies that the given item is not empty.</doc>
<status status="PASS" start="2024-07-07T22:14:24.227583" elapsed="0.000174"/>
</kw>
<kw name="Create List" owner="BuiltIn">
<msg time="2024-07-07T22:14:24.228436" level="INFO">${expected_keys} = ['gender', 'name', 'location', 'email', 'login']</msg>
<var>${expected_keys}</var>
<arg>gender</arg>
<arg>name</arg>
<arg>location</arg>
<arg>email</arg>
<arg>login</arg>
<doc>Returns a list containing given items.</doc>
<status status="PASS" start="2024-07-07T22:14:24.228098" elapsed="0.000364"/>
</kw>
<for flavor="IN">
<iter>
<kw name="Dictionary Should Contain Key" owner="Collections">
<arg>${json_data['results'][0]}</arg>
<arg>${key}</arg>
<doc>Fails if ``key`` is not found from ``dictionary``.</doc>
<status status="PASS" start="2024-07-07T22:14:24.229061" elapsed="0.000397"/>
</kw>
<kw name="Log" owner="BuiltIn">
<msg time="2024-07-07T22:14:24.230008" level="INFO">{'gender': 'male', 'name': {'title': 'Mr', 'first': 'Luke', 'last': 'Dunn'}, 'location': {'street': {'number': 7124, 'name': 'Groveland Terrace'}, 'city': 'Darwin', 'state': 'Victoria', 'country': 'Australia', 'postcode': 3192, 'coordinates': {'latitude': '-81.4292', 'longitude': '-17.2361'}, 'timezone': {'offset': '+5:00', 'description': 'Ekaterinburg, Islamabad, Karachi, Tashkent'}}, 'email': 'luke.dunn@example.com', 'login': {'uuid': 'a3ab55c6-1a08-44ed-a9cc-c48328d52c65', 'username': 'smallpeacock791', 'password': 'marma', 'salt': 'fNcFp7YA', 'md5': '48df0f2d0526c0829a84630ebc51f9fa', 'sha1': '12e33ec5e31e3f2179b2881cc8c7894c4c9a4b37', 'sha256': '4e41649ea1b7a0bb654cad56feb9d0bea15231bd1d906b42b8960b9078433498'}, 'dob': {'date': '1959-02-05T16:02:19.785Z', 'age': 65}, 'registered': {'date': '2012-05-26T00:18:37.545Z', 'age': 12}, 'phone': '01-5831-7439', 'cell': '0450-927-497', 'id': {'name': 'TFN', 'value': '171125798'}, 'picture': {'large': 'https://randomuser.me/api/portraits/men/23.jpg', 'medium': 'https://randomuser.me/api/portraits/med/men/23.jpg', 'thumbnail': 'https://randomuser.me/api/portraits/thumb/men/23.jpg'}, 'nat': 'AU'}</msg>
<arg>${json_data['results'][0]}</arg>
<doc>Logs the given message with the given level.</doc>
<status status="PASS" start="2024-07-07T22:14:24.229645" elapsed="0.000413"/>
</kw>
<kw name="Log" owner="BuiltIn">
<msg time="2024-07-07T22:14:24.230486" level="INFO">gender</msg>
<arg>${key}</arg>
<doc>Logs the given message with the given level.</doc>
<status status="PASS" start="2024-07-07T22:14:24.230356" elapsed="0.000168"/>
</kw>
<var name="${key}">gender</var>
<status status="PASS" start="2024-07-07T22:14:24.228938" elapsed="0.001804"/>
</iter>
<iter>
<kw name="Dictionary Should Contain Key" owner="Collections">
<arg>${json_data['results'][0]}</arg>
<arg>${key}</arg>
<doc>Fails if ``key`` is not found from ``dictionary``.</doc>
<status status="PASS" start="2024-07-07T22:14:24.231081" elapsed="0.000465"/>
</kw>
<kw name="Log" owner="BuiltIn">
<msg time="2024-07-07T22:14:24.232138" level="INFO">{'gender': 'male', 'name': {'title': 'Mr', 'first': 'Luke', 'last': 'Dunn'}, 'location': {'street': {'number': 7124, 'name': 'Groveland Terrace'}, 'city': 'Darwin', 'state': 'Victoria', 'country': 'Australia', 'postcode': 3192, 'coordinates': {'latitude': '-81.4292', 'longitude': '-17.2361'}, 'timezone': {'offset': '+5:00', 'description': 'Ekaterinburg, Islamabad, Karachi, Tashkent'}}, 'email': 'luke.dunn@example.com', 'login': {'uuid': 'a3ab55c6-1a08-44ed-a9cc-c48328d52c65', 'username': 'smallpeacock791', 'password': 'marma', 'salt': 'fNcFp7YA', 'md5': '48df0f2d0526c0829a84630ebc51f9fa', 'sha1': '12e33ec5e31e3f2179b2881cc8c7894c4c9a4b37', 'sha256': '4e41649ea1b7a0bb654cad56feb9d0bea15231bd1d906b42b8960b9078433498'}, 'dob': {'date': '1959-02-05T16:02:19.785Z', 'age': 65}, 'registered': {'date': '2012-05-26T00:18:37.545Z', 'age': 12}, 'phone': '01-5831-7439', 'cell': '0450-927-497', 'id': {'name': 'TFN', 'value': '171125798'}, 'picture': {'large': 'https://randomuser.me/api/portraits/men/23.jpg', 'medium': 'https://randomuser.me/api/portraits/med/men/23.jpg', 'thumbnail': 'https://randomuser.me/api/portraits/thumb/men/23.jpg'}, 'nat': 'AU'}</msg>
<arg>${json_data['results'][0]}</arg>
<doc>Logs the given message with the given level.</doc>
<status status="PASS" start="2024-07-07T22:14:24.231756" elapsed="0.000485"/>
</kw>
<kw name="Log" owner="BuiltIn">
<msg time="2024-07-07T22:14:24.232710" level="INFO">name</msg>
<arg>${key}</arg>
<doc>Logs the given message with the given level.</doc>
<status status="PASS" start="2024-07-07T22:14:24.232576" elapsed="0.000172"/>
</kw>
<var name="${key}">name</var>
<status status="PASS" start="2024-07-07T22:14:24.230964" elapsed="0.002007"/>
</iter>
<iter>
<kw name="Dictionary Should Contain Key" owner="Collections">
<arg>${json_data['results'][0]}</arg>
<arg>${key}</arg>
<doc>Fails if ``key`` is not found from ``dictionary``.</doc>
<status status="PASS" start="2024-07-07T22:14:24.233258" elapsed="0.000441"/>
</kw>
<kw name="Log" owner="BuiltIn">
<msg time="2024-07-07T22:14:24.234237" level="INFO">{'gender': 'male', 'name': {'title': 'Mr', 'first': 'Luke', 'last': 'Dunn'}, 'location': {'street': {'number': 7124, 'name': 'Groveland Terrace'}, 'city': 'Darwin', 'state': 'Victoria', 'country': 'Australia', 'postcode': 3192, 'coordinates': {'latitude': '-81.4292', 'longitude': '-17.2361'}, 'timezone': {'offset': '+5:00', 'description': 'Ekaterinburg, Islamabad, Karachi, Tashkent'}}, 'email': 'luke.dunn@example.com', 'login': {'uuid': 'a3ab55c6-1a08-44ed-a9cc-c48328d52c65', 'username': 'smallpeacock791', 'password': 'marma', 'salt': 'fNcFp7YA', 'md5': '48df0f2d0526c0829a84630ebc51f9fa', 'sha1': '12e33ec5e31e3f2179b2881cc8c7894c4c9a4b37', 'sha256': '4e41649ea1b7a0bb654cad56feb9d0bea15231bd1d906b42b8960b9078433498'}, 'dob': {'date': '1959-02-05T16:02:19.785Z', 'age': 65}, 'registered': {'date': '2012-05-26T00:18:37.545Z', 'age': 12}, 'phone': '01-5831-7439', 'cell': '0450-927-497', 'id': {'name': 'TFN', 'value': '171125798'}, 'picture': {'large': 'https://randomuser.me/api/portraits/men/23.jpg', 'medium': 'https://randomuser.me/api/portraits/med/men/23.jpg', 'thumbnail': 'https://randomuser.me/api/portraits/thumb/men/23.jpg'}, 'nat': 'AU'}</msg>
<arg>${json_data['results'][0]}</arg>
<doc>Logs the given message with the given level.</doc>
<status status="PASS" start="2024-07-07T22:14:24.233885" elapsed="0.000399"/>
</kw>
<kw name="Log" owner="BuiltIn">
<msg time="2024-07-07T22:14:24.234717" level="INFO">location</msg>
<arg>${key}</arg>
<doc>Logs the given message with the given level.</doc>
<status status="PASS" start="2024-07-07T22:14:24.234587" elapsed="0.000198"/>
</kw>
<var name="${key}">location</var>
<status status="PASS" start="2024-07-07T22:14:24.233149" elapsed="0.001863"/>
</iter>
<iter>
<kw name="Dictionary Should Contain Key" owner="Collections">
<arg>${json_data['results'][0]}</arg>
<arg>${key}</arg>
<doc>Fails if ``key`` is not found from ``dictionary``.</doc>
<status status="PASS" start="2024-07-07T22:14:24.235295" elapsed="0.000390"/>
</kw>
<kw name="Log" owner="BuiltIn">
<msg time="2024-07-07T22:14:24.236223" level="INFO">{'gender': 'male', 'name': {'title': 'Mr', 'first': 'Luke', 'last': 'Dunn'}, 'location': {'street': {'number': 7124, 'name': 'Groveland Terrace'}, 'city': 'Darwin', 'state': 'Victoria', 'country': 'Australia', 'postcode': 3192, 'coordinates': {'latitude': '-81.4292', 'longitude': '-17.2361'}, 'timezone': {'offset': '+5:00', 'description': 'Ekaterinburg, Islamabad, Karachi, Tashkent'}}, 'email': 'luke.dunn@example.com', 'login': {'uuid': 'a3ab55c6-1a08-44ed-a9cc-c48328d52c65', 'username': 'smallpeacock791', 'password': 'marma', 'salt': 'fNcFp7YA', 'md5': '48df0f2d0526c0829a84630ebc51f9fa', 'sha1': '12e33ec5e31e3f2179b2881cc8c7894c4c9a4b37', 'sha256': '4e41649ea1b7a0bb654cad56feb9d0bea15231bd1d906b42b8960b9078433498'}, 'dob': {'date': '1959-02-05T16:02:19.785Z', 'age': 65}, 'registered': {'date': '2012-05-26T00:18:37.545Z', 'age': 12}, 'phone': '01-5831-7439', 'cell': '0450-927-497', 'id': {'name': 'TFN', 'value': '171125798'}, 'picture': {'large': 'https://randomuser.me/api/portraits/men/23.jpg', 'medium': 'https://randomuser.me/api/portraits/med/men/23.jpg', 'thumbnail': 'https://randomuser.me/api/portraits/thumb/men/23.jpg'}, 'nat': 'AU'}</msg>
<arg>${json_data['results'][0]}</arg>
<doc>Logs the given message with the given level.</doc>
<status status="PASS" start="2024-07-07T22:14:24.235869" elapsed="0.000405"/>
</kw>
<kw name="Log" owner="BuiltIn">
<msg time="2024-07-07T22:14:24.236709" level="INFO">email</msg>
<arg>${key}</arg>
<doc>Logs the given message with the given level.</doc>
<status status="PASS" start="2024-07-07T22:14:24.236579" elapsed="0.000170"/>
</kw>
<var name="${key}">email</var>
<status status="PASS" start="2024-07-07T22:14:24.235187" elapsed="0.001787"/>
</iter>
<iter>
<kw name="Dictionary Should Contain Key" owner="Collections">
<arg>${json_data['results'][0]}</arg>
<arg>${key}</arg>
<doc>Fails if ``key`` is not found from ``dictionary``.</doc>
<status status="PASS" start="2024-07-07T22:14:24.237264" elapsed="0.000390"/>
</kw>
<kw name="Log" owner="BuiltIn">
<msg time="2024-07-07T22:14:24.238190" level="INFO">{'gender': 'male', 'name': {'title': 'Mr', 'first': 'Luke', 'last': 'Dunn'}, 'location': {'street': {'number': 7124, 'name': 'Groveland Terrace'}, 'city': 'Darwin', 'state': 'Victoria', 'country': 'Australia', 'postcode': 3192, 'coordinates': {'latitude': '-81.4292', 'longitude': '-17.2361'}, 'timezone': {'offset': '+5:00', 'description': 'Ekaterinburg, Islamabad, Karachi, Tashkent'}}, 'email': 'luke.dunn@example.com', 'login': {'uuid': 'a3ab55c6-1a08-44ed-a9cc-c48328d52c65', 'username': 'smallpeacock791', 'password': 'marma', 'salt': 'fNcFp7YA', 'md5': '48df0f2d0526c0829a84630ebc51f9fa', 'sha1': '12e33ec5e31e3f2179b2881cc8c7894c4c9a4b37', 'sha256': '4e41649ea1b7a0bb654cad56feb9d0bea15231bd1d906b42b8960b9078433498'}, 'dob': {'date': '1959-02-05T16:02:19.785Z', 'age': 65}, 'registered': {'date': '2012-05-26T00:18:37.545Z', 'age': 12}, 'phone': '01-5831-7439', 'cell': '0450-927-497', 'id': {'name': 'TFN', 'value': '171125798'}, 'picture': {'large': 'https://randomuser.me/api/portraits/men/23.jpg', 'medium': 'https://randomuser.me/api/portraits/med/men/23.jpg', 'thumbnail': 'https://randomuser.me/api/portraits/thumb/men/23.jpg'}, 'nat': 'AU'}</msg>
<arg>${json_data['results'][0]}</arg>
<doc>Logs the given message with the given level.</doc>
<status status="PASS" start="2024-07-07T22:14:24.237837" elapsed="0.000400"/>
</kw>
<kw name="Log" owner="BuiltIn">
<msg time="2024-07-07T22:14:24.238661" level="INFO">login</msg>
<arg>${key}</arg>
<doc>Logs the given message with the given level.</doc>
<status status="PASS" start="2024-07-07T22:14:24.238532" elapsed="0.000167"/>
</kw>
<var name="${key}">login</var>
<status status="PASS" start="2024-07-07T22:14:24.237149" elapsed="0.001808"/>
</iter>
<var>${key}</var>
<value>@{expected_keys}</value>
<status status="PASS" start="2024-07-07T22:14:24.228738" elapsed="0.010343"/>
</for>
<kw name="Create List" owner="BuiltIn">
<msg time="2024-07-07T22:14:24.239423" level="INFO">${expected_keysTwo} = ['username', 'password']</msg>
<var>${expected_keysTwo}</var>
<arg>username</arg>
<arg>password</arg>
<doc>Returns a list containing given items.</doc>
<status status="PASS" start="2024-07-07T22:14:24.239281" elapsed="0.000195"/>
</kw>
<for flavor="IN">
<iter>
<kw name="Dictionary Should Contain Key" owner="Collections">
<arg>${json_data['results'][0]['login']}</arg>
<arg>${keyTwo}</arg>
<doc>Fails if ``key`` is not found from ``dictionary``.</doc>
<status status="PASS" start="2024-07-07T22:14:24.239992" elapsed="0.000386"/>
</kw>
<kw name="Dictionary Should Contain Key" owner="Collections">
<arg>${json_data['results'][0]['login']}</arg>
<arg>${keyTwo}</arg>
<doc>Fails if ``key`` is not found from ``dictionary``.</doc>
<status status="PASS" start="2024-07-07T22:14:24.240562" elapsed="0.000385"/>
</kw>
<kw name="Log" owner="BuiltIn">
<msg time="2024-07-07T22:14:24.241256" level="INFO">username</msg>
<arg>${keyTwo}</arg>
<doc>Logs the given message with the given level.</doc>
<status status="PASS" start="2024-07-07T22:14:24.241132" elapsed="0.000161"/>
</kw>
<var name="${keyTwo}">username</var>
<status status="PASS" start="2024-07-07T22:14:24.239886" elapsed="0.001634"/>
</iter>
<iter>
<kw name="Dictionary Should Contain Key" owner="Collections">
<arg>${json_data['results'][0]['login']}</arg>
<arg>${keyTwo}</arg>
<doc>Fails if ``key`` is not found from ``dictionary``.</doc>
<status status="PASS" start="2024-07-07T22:14:24.241811" elapsed="0.000390"/>
</kw>
<kw name="Dictionary Should Contain Key" owner="Collections">
<arg>${json_data['results'][0]['login']}</arg>
<arg>${keyTwo}</arg>
<doc>Fails if ``key`` is not found from ``dictionary``.</doc>
<status status="PASS" start="2024-07-07T22:14:24.242383" elapsed="0.000400"/>
</kw>
<kw name="Log" owner="BuiltIn">
<msg time="2024-07-07T22:14:24.243092" level="INFO">password</msg>
<arg>${keyTwo}</arg>
<doc>Logs the given message with the given level.</doc>
<status status="PASS" start="2024-07-07T22:14:24.242971" elapsed="0.000164"/>
</kw>
<var name="${keyTwo}">password</var>
<status status="PASS" start="2024-07-07T22:14:24.241697" elapsed="0.001770"/>
</iter>
<var>${keyTwo}</var>
<value>@{expected_keysTwo}</value>
<status status="PASS" start="2024-07-07T22:14:24.239729" elapsed="0.003863"/>
</for>
<status status="PASS" start="2024-07-07T22:14:24.134539" elapsed="0.109201"/>
</kw>
<doc>Testa a estrutura da resposta da API.</doc>
<tag>testeEstruturaResposta</tag>
<status status="PASS" start="2024-07-07T22:14:24.133777" elapsed="0.110124"/>
</test>
<test id="s1-s1-t4" name="Validar tipos de dados" line="28">
<kw name="Teste de Tipos de Dados" owner="random-user-service">
<kw name="GET On Session" owner="RequestsLibrary">
<msg time="2024-07-07T22:14:24.323331" level="INFO">GET Request : url=https://randomuser.me/api 
 path_url=/api 
 headers={'User-Agent': 'python-requests/2.32.3', 'Accept-Encoding': 'gzip, deflate', 'Accept': '*/*', 'Connection': 'keep-alive'} 
 body=None 
 </msg>
<msg time="2024-07-07T22:14:24.323434" level="INFO">GET Response : url=https://randomuser.me/api 
 status=200, reason=OK 
 headers={'Date': 'Sun, 07 Jul 2024 22:14:24 GMT', 'Content-Type': 'application/json; charset=utf-8', 'Transfer-Encoding': 'chunked', 'Connection': 'keep-alive', 'X-Powered-By': 'Express', 'Access-Control-Allow-Origin': '*', 'Cache-Control': 'no-cache', 'ETag': 'W/"487-j049KYj+186wp7LoRo2BhTSi+f8"', 'Vary': 'Accept-Encoding', 'Content-Encoding': 'gzip', 'CF-Cache-Status': 'DYNAMIC', 'Report-To': '{"endpoints":[{"url":"https:\\/\\/a.nel.cloudflare.com\\/report\\/v4?s=KokqO2mJkD%2Fa%2FIHxSJBhwFk%2BIG4ScFR2Z6QdZuu6qpCeBfAcOcmvXuwPJ0qyxWKScXwkK3v20arKun2RngX9Kks23aN0V%2BLC%2BE0OQEeD2CesSQ2FiMOtEIiXEh0lIep0"}],"group":"cf-nel","max_age":604800}', 'NEL': '{"success_fraction":0,"report_to":"cf-nel","max_age":604800}', 'Server': 'cloudflare', 'CF-RAY': '89fb2ff18d0ae1db-ORD', 'alt-svc': 'h3=":443"; ma=86400'} 
 body={"results":[{"gender":"male","name":{"title":"Mr","first":"Mohamad","last":"Løkkeberg"},"location":{"street":{"number":1093,"name":"Ålesundgata"},"city":"Namsos","state":"Hedmark","country":"Norway","postcode":"3770","coordinates":{"latitude":"46.6704","longitude":"-179.4124"},"timezone":{"offset":"+10:00","description":"Eastern Australia, Guam, Vladivostok"}},"email":"mohamad.lokkeberg@example.com","login":{"uuid":"a8f1f85d-c7a2-46f7-ab61-9e347a55af8c","username":"greencat624","password":"pony","salt":"WDNiA7Bi","md5":"1d9ad1cee91193e9612db4ba2ed84322","sha1":"9d844b77aa42d836257a34518f4c1d2398580dc3","sha256":"0df9034226b0697f0bdc0029c9ddbecb4e54969fb6515907867f10b863c81ad1"},"dob":{"date":"1996-03-21T06:05:21.123Z","age":28},"registered":{"date":"2006-06-22T07:14:28.161Z","age":18},"phone":"56336958","cell":"41299944","id":{"name":"FN","value":"21039614348"},"picture":{"large":"https://randomuser.me/api/portraits/men/27.jpg","medium":"https://randomuser.me/api/portraits/med/men/27.jpg","thumbnail":"https://randomuser.me/api/portraits/thumb/men/27.jpg"},"nat":"NO"}],"info":{"seed":"905ffe00d88900a7","results":1,"page":1,"version":"1.4"}} 
 </msg>
<msg time="2024-07-07T22:14:24.323508" level="INFO">/opt/hostedtoolcache/Python/3.12.4/x64/lib/python3.12/site-packages/urllib3/connectionpool.py:1099: InsecureRequestWarning: Unverified HTTPS request is being made to host 'randomuser.me'. Adding certificate verification is strongly advised. See: https://urllib3.readthedocs.io/en/latest/advanced-usage.html#tls-warnings
  warnings.warn(</msg>
<msg time="2024-07-07T22:14:24.323645" level="INFO">${response} = &lt;Response [200]&gt;</msg>
<var>${response}</var>
<arg>consultarAPI</arg>
<arg>/api</arg>
<doc>Sends a GET request on a previously created HTTP Session.</doc>
<status status="PASS" start="2024-07-07T22:14:24.246541" elapsed="0.077143"/>
</kw>
<kw name="Set Variable" owner="BuiltIn">
<msg time="2024-07-07T22:14:24.324766" level="INFO">${json_data} = {'results': [{'gender': 'male', 'name': {'title': 'Mr', 'first': 'Mohamad', 'last': 'Løkkeberg'}, 'location': {'street': {'number': 1093, 'name': 'Ålesundgata'}, 'city': 'Namsos', 'state': 'Hedmark', ...</msg>
<var>${json_data}</var>
<arg>${response.json()}</arg>
<doc>Returns the given values which can then be assigned to a variables.</doc>
<status status="PASS" start="2024-07-07T22:14:24.324216" elapsed="0.000584"/>
</kw>
<kw name="Log" owner="BuiltIn">
<msg time="2024-07-07T22:14:24.325280" level="INFO">{'results': [{'gender': 'male', 'name': {'title': 'Mr', 'first': 'Mohamad', 'last': 'Løkkeberg'}, 'location': {'street': {'number': 1093, 'name': 'Ålesundgata'}, 'city': 'Namsos', 'state': 'Hedmark', 'country': 'Norway', 'postcode': '3770', 'coordinates': {'latitude': '46.6704', 'longitude': '-179.4124'}, 'timezone': {'offset': '+10:00', 'description': 'Eastern Australia, Guam, Vladivostok'}}, 'email': 'mohamad.lokkeberg@example.com', 'login': {'uuid': 'a8f1f85d-c7a2-46f7-ab61-9e347a55af8c', 'username': 'greencat624', 'password': 'pony', 'salt': 'WDNiA7Bi', 'md5': '1d9ad1cee91193e9612db4ba2ed84322', 'sha1': '9d844b77aa42d836257a34518f4c1d2398580dc3', 'sha256': '0df9034226b0697f0bdc0029c9ddbecb4e54969fb6515907867f10b863c81ad1'}, 'dob': {'date': '1996-03-21T06:05:21.123Z', 'age': 28}, 'registered': {'date': '2006-06-22T07:14:28.161Z', 'age': 18}, 'phone': '56336958', 'cell': '41299944', 'id': {'name': 'FN', 'value': '21039614348'}, 'picture': {'large': 'https://randomuser.me/api/portraits/men/27.jpg', 'medium': 'https://randomuser.me/api/portraits/med/men/27.jpg', 'thumbnail': 'https://randomuser.me/api/portraits/thumb/men/27.jpg'}, 'nat': 'NO'}], 'info': {'seed': '905ffe00d88900a7', 'results': 1, 'page': 1, 'version': '1.4'}}</msg>
<arg>${json_data}</arg>
<doc>Logs the given message with the given level.</doc>
<status status="PASS" start="2024-07-07T22:14:24.325114" elapsed="0.000225"/>
</kw>
<kw name="Should Be String" owner="String">
<arg>${json_data['results'][0]['gender']}</arg>
<doc>Fails if the given ``item`` is not a string.</doc>
<status status="PASS" start="2024-07-07T22:14:24.325638" elapsed="0.000369"/>
</kw>
<kw name="Should Match Regexp" owner="BuiltIn">
<arg>${json_data['results'][0]['email']}</arg>
<arg>^[a-zA-Z0-9._%+-]+@[a-zA-Z0-9.-]+\.[a-zA-Z]{2,}$</arg>
<doc>Fails if ``string`` does not match ``pattern`` as a regular expression.</doc>
<status status="PASS" start="2024-07-07T22:14:24.326227" elapsed="0.000929"/>
</kw>
<kw name="Should Match Regexp" owner="BuiltIn">
<arg>${json_data['results'][0]['dob']['date']}</arg>
<arg>\\d{4}-\\d{2}-\\d{2}T\\d{2}:\\d{2}:\\d{2}\\.\\d{3}Z</arg>
<doc>Fails if ``string`` does not match ``pattern`` as a regular expression.</doc>
<status status="PASS" start="2024-07-07T22:14:24.327414" elapsed="0.000848"/>
</kw>
<kw name="Should Match Regexp" owner="BuiltIn">
<arg>${json_data['results'][0]['registered']['date']}</arg>
<arg>\\d{4}-\\d{2}-\\d{2}T\\d{2}:\\d{2}:\\d{2}\\.\\d{3}Z</arg>
<doc>Fails if ``string`` does not match ``pattern`` as a regular expression.</doc>
<status status="PASS" start="2024-07-07T22:14:24.328454" elapsed="0.000665"/>
</kw>
<kw name="Should Match Regexp" owner="BuiltIn">
<arg>${json_data['results'][0]['picture']['large']}</arg>
<arg>^https?://.*\.(?:png|jpe?g|gif|bmp)$</arg>
<doc>Fails if ``string`` does not match ``pattern`` as a regular expression.</doc>
<status status="PASS" start="2024-07-07T22:14:24.329421" elapsed="0.000457"/>
</kw>
<kw name="Should Match Regexp" owner="BuiltIn">
<arg>${json_data['results'][0]['picture']['medium']}</arg>
<arg>^https?://.*\.(?:png|jpe?g|gif|bmp)$</arg>
<doc>Fails if ``string`` does not match ``pattern`` as a regular expression.</doc>
<status status="PASS" start="2024-07-07T22:14:24.330065" elapsed="0.000351"/>
</kw>
<kw name="Should Match Regexp" owner="BuiltIn">
<arg>${json_data['results'][0]['picture']['thumbnail']}</arg>
<arg>^https?://.*\.(?:png|jpe?g|gif|bmp)$</arg>
<doc>Fails if ``string`` does not match ``pattern`` as a regular expression.</doc>
<status status="PASS" start="2024-07-07T22:14:24.330600" elapsed="0.000376"/>
</kw>
<kw name="Log" owner="BuiltIn">
<msg time="2024-07-07T22:14:24.331530" level="INFO">{'large': 'https://randomuser.me/api/portraits/men/27.jpg', 'medium': 'https://randomuser.me/api/portraits/med/men/27.jpg', 'thumbnail': 'https://randomuser.me/api/portraits/thumb/men/27.jpg'}</msg>
<arg>${json_data['results'][0]['picture']}</arg>
<doc>Logs the given message with the given level.</doc>
<status status="PASS" start="2024-07-07T22:14:24.331158" elapsed="0.000421"/>
</kw>
<status status="PASS" start="2024-07-07T22:14:24.246309" elapsed="0.085549"/>
</kw>
<kw name="Teste de Tipos de Dados - Postcode" owner="random-user-service">
<kw name="GET On Session" owner="RequestsLibrary">
<msg time="2024-07-07T22:14:24.438533" level="INFO">GET Request : url=https://randomuser.me/api 
 path_url=/api 
 headers={'User-Agent': 'python-requests/2.32.3', 'Accept-Encoding': 'gzip, deflate', 'Accept': '*/*', 'Connection': 'keep-alive'} 
 body=None 
 </msg>
<msg time="2024-07-07T22:14:24.438633" level="INFO">GET Response : url=https://randomuser.me/api 
 status=200, reason=OK 
 headers={'Date': 'Sun, 07 Jul 2024 22:14:24 GMT', 'Content-Type': 'application/json; charset=utf-8', 'Transfer-Encoding': 'chunked', 'Connection': 'keep-alive', 'X-Powered-By': 'Express', 'Access-Control-Allow-Origin': '*', 'Cache-Control': 'no-cache', 'ETag': 'W/"46b-/ZbvGVlyv+NidPncjShlf/0gVbU"', 'Vary': 'Accept-Encoding', 'Content-Encoding': 'gzip', 'CF-Cache-Status': 'DYNAMIC', 'Report-To': '{"endpoints":[{"url":"https:\\/\\/a.nel.cloudflare.com\\/report\\/v4?s=BFcY3nYfE6hUkNvvzI%2BFxusRUevbmxzdTVeUUmu8ORvO4XSOfjvw3wppsjyS68kzM8y9UrU2Y9HF3p1Emjeiby0fq2%2BnFLHY16JYkg%2BjChSRP4xsP10MAPgDK3g5Woh3"}],"group":"cf-nel","max_age":604800}', 'NEL': '{"success_fraction":0,"report_to":"cf-nel","max_age":604800}', 'Server': 'cloudflare', 'CF-RAY': '89fb2ff21d89e1db-ORD', 'alt-svc': 'h3=":443"; ma=86400'} 
 body={"results":[{"gender":"female","name":{"title":"Mrs","first":"Ariana","last":"Taylor"},"location":{"street":{"number":6045,"name":"Queen Street"},"city":"Tauranga","state":"Tasman","country":"New Zealand","postcode":16305,"coordinates":{"latitude":"55.1898","longitude":"116.6972"},"timezone":{"offset":"+3:30","description":"Tehran"}},"email":"ariana.taylor@example.com","login":{"uuid":"1a599bcc-1c5f-4591-b42b-84fb903683d9","username":"sadlion328","password":"blue","salt":"Wt0wLgoq","md5":"0577763de1078b1a5293a7a44ec31c38","sha1":"bed65a6f210edda02641b9572e618a9b1ef79e58","sha256":"48d994628b129a06b019e2454e5be0551ada167d3649bc63abaaaa4d9acdeec5"},"dob":{"date":"1999-10-17T06:16:58.136Z","age":24},"registered":{"date":"2017-04-02T04:25:51.395Z","age":7},"phone":"(023)-528-6565","cell":"(466)-137-4166","id":{"name":"","value":null},"picture":{"large":"https://randomuser.me/api/portraits/women/54.jpg","medium":"https://randomuser.me/api/portraits/med/women/54.jpg","thumbnail":"https://randomuser.me/api/portraits/thumb/women/54.jpg"},"nat":"NZ"}],"info":{"seed":"0303d54c74c74277","results":1,"page":1,"version":"1.4"}} 
 </msg>
<msg time="2024-07-07T22:14:24.438705" level="INFO">/opt/hostedtoolcache/Python/3.12.4/x64/lib/python3.12/site-packages/urllib3/connectionpool.py:1099: InsecureRequestWarning: Unverified HTTPS request is being made to host 'randomuser.me'. Adding certificate verification is strongly advised. See: https://urllib3.readthedocs.io/en/latest/advanced-usage.html#tls-warnings
  warnings.warn(</msg>
<msg time="2024-07-07T22:14:24.438871" level="INFO">${response} = &lt;Response [200]&gt;</msg>
<var>${response}</var>
<arg>consultarAPI</arg>
<arg>/api</arg>
<doc>Sends a GET request on a previously created HTTP Session.</doc>
<status status="PASS" start="2024-07-07T22:14:24.332471" elapsed="0.106444"/>
</kw>
<kw name="Set Variable" owner="BuiltIn">
<msg time="2024-07-07T22:14:24.439957" level="INFO">${json_data} = {'results': [{'gender': 'female', 'name': {'title': 'Mrs', 'first': 'Ariana', 'last': 'Taylor'}, 'location': {'street': {'number': 6045, 'name': 'Queen Street'}, 'city': 'Tauranga', 'state': 'Tasman',...</msg>
<var>${json_data}</var>
<arg>${response.json()}</arg>
<doc>Returns the given values which can then be assigned to a variables.</doc>
<status status="PASS" start="2024-07-07T22:14:24.439438" elapsed="0.000548"/>
</kw>
<kw name="Log" owner="BuiltIn">
<msg time="2024-07-07T22:14:24.440455" level="INFO">{'results': [{'gender': 'female', 'name': {'title': 'Mrs', 'first': 'Ariana', 'last': 'Taylor'}, 'location': {'street': {'number': 6045, 'name': 'Queen Street'}, 'city': 'Tauranga', 'state': 'Tasman', 'country': 'New Zealand', 'postcode': 16305, 'coordinates': {'latitude': '55.1898', 'longitude': '116.6972'}, 'timezone': {'offset': '+3:30', 'description': 'Tehran'}}, 'email': 'ariana.taylor@example.com', 'login': {'uuid': '1a599bcc-1c5f-4591-b42b-84fb903683d9', 'username': 'sadlion328', 'password': 'blue', 'salt': 'Wt0wLgoq', 'md5': '0577763de1078b1a5293a7a44ec31c38', 'sha1': 'bed65a6f210edda02641b9572e618a9b1ef79e58', 'sha256': '48d994628b129a06b019e2454e5be0551ada167d3649bc63abaaaa4d9acdeec5'}, 'dob': {'date': '1999-10-17T06:16:58.136Z', 'age': 24}, 'registered': {'date': '2017-04-02T04:25:51.395Z', 'age': 7}, 'phone': '(023)-528-6565', 'cell': '(466)-137-4166', 'id': {'name': '', 'value': None}, 'picture': {'large': 'https://randomuser.me/api/portraits/women/54.jpg', 'medium': 'https://randomuser.me/api/portraits/med/women/54.jpg', 'thumbnail': 'https://randomuser.me/api/portraits/thumb/women/54.jpg'}, 'nat': 'NZ'}], 'info': {'seed': '0303d54c74c74277', 'results': 1, 'page': 1, 'version': '1.4'}}</msg>
<arg>${json_data}</arg>
<doc>Logs the given message with the given level.</doc>
<status status="PASS" start="2024-07-07T22:14:24.440293" elapsed="0.000210"/>
</kw>
<kw name="Should Be Equal As Numbers" owner="BuiltIn">
<arg>${json_data['results'][0]['location']['postcode']}</arg>
<arg>${json_data['results'][0]['location']['postcode']}</arg>
<doc>Fails if objects are unequal after converting them to real numbers.</doc>
<status status="PASS" start="2024-07-07T22:14:24.440809" elapsed="0.000625"/>
</kw>
<kw name="Log" owner="BuiltIn">
<msg time="2024-07-07T22:14:24.442150" level="INFO">16305</msg>
<arg>${json_data['results'][0]['location']['postcode']}</arg>
<doc>Logs the given message with the given level.</doc>
<status status="PASS" start="2024-07-07T22:14:24.441629" elapsed="0.000563"/>
</kw>
<status status="PASS" start="2024-07-07T22:14:24.332187" elapsed="0.110315"/>
</kw>
<doc>Testa se os tipos de dados na resposta da API estão corretos.</doc>
<tag>testeTiposDados</tag>
<status status="PASS" start="2024-07-07T22:14:24.245729" elapsed="0.196955"/>
</test>
<test id="s1-s1-t5" name="Validar conteudo" line="35">
<kw name="Teste de Tipos de Conteudo" owner="random-user-service">
<kw name="GET On Session" owner="RequestsLibrary">
<msg time="2024-07-07T22:14:24.534318" level="INFO">GET Request : url=https://randomuser.me/api 
 path_url=/api 
 headers={'User-Agent': 'python-requests/2.32.3', 'Accept-Encoding': 'gzip, deflate', 'Accept': '*/*', 'Connection': 'keep-alive'} 
 body=None 
 </msg>
<msg time="2024-07-07T22:14:24.534433" level="INFO">GET Response : url=https://randomuser.me/api 
 status=200, reason=OK 
 headers={'Date': 'Sun, 07 Jul 2024 22:14:24 GMT', 'Content-Type': 'application/json; charset=utf-8', 'Transfer-Encoding': 'chunked', 'Connection': 'keep-alive', 'X-Powered-By': 'Express', 'Access-Control-Allow-Origin': '*', 'Cache-Control': 'no-cache', 'ETag': 'W/"492-LwAXYsEzWmguQZgj6bcCmvrvWMs"', 'Vary': 'Accept-Encoding', 'Content-Encoding': 'gzip', 'CF-Cache-Status': 'DYNAMIC', 'Report-To': '{"endpoints":[{"url":"https:\\/\\/a.nel.cloudflare.com\\/report\\/v4?s=d%2FFdzBLZ1ySB9uWWeh1%2BLvB7IVSbqjx%2BHuDZT0J%2Ff7OCoEDzg8LUdZUfOgeVRKmqR23Pc%2FxoCak6ZT7uaUflA6rIG%2FFYCDlLj%2Fp3wmkvxmyMqNBNCyOZvYrY56DZon1c"}],"group":"cf-nel","max_age":604800}', 'NEL': '{"success_fraction":0,"report_to":"cf-nel","max_age":604800}', 'Server': 'cloudflare', 'CF-RAY': '89fb2ff2ce26e1db-ORD', 'alt-svc': 'h3=":443"; ma=86400'} 
 body={"results":[{"gender":"female","name":{"title":"Mrs","first":"Anna","last":"Roberts"},"location":{"street":{"number":7664,"name":"South Road"},"city":"Hastings","state":"Wellington","country":"New Zealand","postcode":22480,"coordinates":{"latitude":"48.4739","longitude":"11.8566"},"timezone":{"offset":"+5:00","description":"Ekaterinburg, Islamabad, Karachi, Tashkent"}},"email":"anna.roberts@example.com","login":{"uuid":"19abcc4e-2ad4-4965-8320-f4b1f8f11117","username":"angryzebra340","password":"beat","salt":"QZpJxxdn","md5":"01c0006368062bc2c69d3531d6181751","sha1":"d6ff6360e450c1407e5b7c4d230777e5875dd66c","sha256":"c97ebaca3d75d42b1b0f92242b0d8aabc1957353221176d977bb4e2f9f4f0020"},"dob":{"date":"1985-09-19T05:33:37.813Z","age":38},"registered":{"date":"2004-01-15T08:09:13.571Z","age":20},"phone":"(590)-001-4266","cell":"(414)-333-3066","id":{"name":"","value":null},"picture":{"large":"https://randomuser.me/api/portraits/women/92.jpg","medium":"https://randomuser.me/api/portraits/med/women/92.jpg","thumbnail":"https://randomuser.me/api/portraits/thumb/women/92.jpg"},"nat":"NZ"}],"info":{"seed":"2279969940ea5693","results":1,"page":1,"version":"1.4"}} 
 </msg>
<msg time="2024-07-07T22:14:24.534517" level="INFO">/opt/hostedtoolcache/Python/3.12.4/x64/lib/python3.12/site-packages/urllib3/connectionpool.py:1099: InsecureRequestWarning: Unverified HTTPS request is being made to host 'randomuser.me'. Adding certificate verification is strongly advised. See: https://urllib3.readthedocs.io/en/latest/advanced-usage.html#tls-warnings
  warnings.warn(</msg>
<msg time="2024-07-07T22:14:24.534683" level="INFO">${response} = &lt;Response [200]&gt;</msg>
<var>${response}</var>
<arg>consultarAPI</arg>
<arg>/api</arg>
<doc>Sends a GET request on a previously created HTTP Session.</doc>
<status status="PASS" start="2024-07-07T22:14:24.445183" elapsed="0.089551"/>
</kw>
<kw name="Set Variable" owner="BuiltIn">
<msg time="2024-07-07T22:14:24.535879" level="INFO">${json_data} = {'results': [{'gender': 'female', 'name': {'title': 'Mrs', 'first': 'Anna', 'last': 'Roberts'}, 'location': {'street': {'number': 7664, 'name': 'South Road'}, 'city': 'Hastings', 'state': 'Wellington'...</msg>
<var>${json_data}</var>
<arg>${response.json()}</arg>
<doc>Returns the given values which can then be assigned to a variables.</doc>
<status status="PASS" start="2024-07-07T22:14:24.535311" elapsed="0.000598"/>
</kw>
<kw name="Set Variable" owner="BuiltIn">
<msg time="2024-07-07T22:14:24.536633" level="INFO">${name_title} = Mrs</msg>
<var>${name_title}</var>
<arg>${json_data["results"][0]["name"]["title"]}</arg>
<doc>Returns the given values which can then be assigned to a variables.</doc>
<status status="PASS" start="2024-07-07T22:14:24.536248" elapsed="0.000411"/>
</kw>
<kw name="Create List" owner="BuiltIn">
<msg time="2024-07-07T22:14:24.537117" level="INFO">${allowed_titles} = ['Mr', 'Ms', 'Miss', 'Mrs', 'Madame', 'Monsieur']</msg>
<var>${allowed_titles}</var>
<arg>Mr</arg>
<arg>Ms</arg>
<arg>Miss</arg>
<arg>Mrs</arg>
<arg>Madame</arg>
<arg>Monsieur</arg>
<doc>Returns a list containing given items.</doc>
<status status="PASS" start="2024-07-07T22:14:24.536961" elapsed="0.000181"/>
</kw>
<kw name="List Should Contain Value" owner="Collections">
<arg>${allowed_titles}</arg>
<arg>${name_title}</arg>
<doc>Fails if the ``value`` is not found from ``list``.</doc>
<status status="PASS" start="2024-07-07T22:14:24.537457" elapsed="0.000179"/>
</kw>
<kw name="Set Variable" owner="BuiltIn">
<msg time="2024-07-07T22:14:24.538199" level="INFO">${name_country} = NZ</msg>
<var>${name_country}</var>
<arg>${json_data["results"][0]["nat"]}</arg>
<doc>Returns the given values which can then be assigned to a variables.</doc>
<status status="PASS" start="2024-07-07T22:14:24.537828" elapsed="0.000396"/>
</kw>
<kw name="Create List" owner="BuiltIn">
<msg time="2024-07-07T22:14:24.539162" level="INFO">${list_country} = ['AD', 'AE', 'AF', 'AG', 'AI', 'AL', 'AM', 'AO', 'AQ', 'AR', 'AS', 'AT', 'AU', 'AW', 'AX', 'AZ', 'BA', 'BB', 'BD', 'BE', 'BF', 'BG', 'BH', 'BI', 'BJ', 'BL', 'BM', 'BN', 'BO', 'BQ', 'BR', 'BS', 'BT', '...</msg>
<var>${list_country}</var>
<arg>AD</arg>
<arg>AE</arg>
<arg>AF</arg>
<arg>AG</arg>
<arg>AI</arg>
<arg>AL</arg>
<arg>AM</arg>
<arg>AO</arg>
<arg>AQ</arg>
<arg>AR</arg>
<arg>AS</arg>
<arg>AT</arg>
<arg>AU</arg>
<arg>AW</arg>
<arg>AX</arg>
<arg>AZ</arg>
<arg>BA</arg>
<arg>BB</arg>
<arg>BD</arg>
<arg>BE</arg>
<arg>BF</arg>
<arg>BG</arg>
<arg>BH</arg>
<arg>BI</arg>
<arg>BJ</arg>
<arg>BL</arg>
<arg>BM</arg>
<arg>BN</arg>
<arg>BO</arg>
<arg>BQ</arg>
<arg>BR</arg>
<arg>BS</arg>
<arg>BT</arg>
<arg>BV</arg>
<arg>BW</arg>
<arg>BY</arg>
<arg>BZ</arg>
<arg>CA</arg>
<arg>CC</arg>
<arg>CD</arg>
<arg>CF</arg>
<arg>CG</arg>
<arg>CH</arg>
<arg>CI</arg>
<arg>CK</arg>
<arg>CL</arg>
<arg>CM</arg>
<arg>CN</arg>
<arg>CO</arg>
<arg>CR</arg>
<arg>CU</arg>
<arg>CV</arg>
<arg>CW</arg>
<arg>CX</arg>
<arg>CY</arg>
<arg>CZ</arg>
<arg>DE</arg>
<arg>DJ</arg>
<arg>DK</arg>
<arg>DM</arg>
<arg>DO</arg>
<arg>DZ</arg>
<arg>EC</arg>
<arg>EE</arg>
<arg>EG</arg>
<arg>EH</arg>
<arg>ER</arg>
<arg>ES</arg>
<arg>ET</arg>
<arg>FI</arg>
<arg>FJ</arg>
<arg>FK</arg>
<arg>FM</arg>
<arg>FO</arg>
<arg>FR</arg>
<arg>GA</arg>
<arg>GB</arg>
<arg>GD</arg>
<arg>GE</arg>
<arg>GF</arg>
<arg>GG</arg>
<arg>GH</arg>
<arg>GI</arg>
<arg>GL</arg>
<arg>GM</arg>
<arg>GN</arg>
<arg>GP</arg>
<arg>GQ</arg>
<arg>GR</arg>
<arg>GS</arg>
<arg>GT</arg>
<arg>GU</arg>
<arg>GW</arg>
<arg>GY</arg>
<arg>HK</arg>
<arg>HM</arg>
<arg>HN</arg>
<arg>HR</arg>
<arg>HT</arg>
<arg>HU</arg>
<arg>ID</arg>
<arg>IE</arg>
<arg>IL</arg>
<arg>IM</arg>
<arg>IN</arg>
<arg>IO</arg>
<arg>IQ</arg>
<arg>IR</arg>
<arg>IS</arg>
<arg>IT</arg>
<arg>JE</arg>
<arg>JM</arg>
<arg>JO</arg>
<arg>JP</arg>
<arg>KE</arg>
<arg>KG</arg>
<arg>KH</arg>
<arg>KI</arg>
<arg>KM</arg>
<arg>KN</arg>
<arg>KP</arg>
<arg>KR</arg>
<arg>KW</arg>
<arg>KY</arg>
<arg>KZ</arg>
<arg>LA</arg>
<arg>LB</arg>
<arg>LC</arg>
<arg>LI</arg>
<arg>LK</arg>
<arg>LR</arg>
<arg>LS</arg>
<arg>LT</arg>
<arg>LU</arg>
<arg>LV</arg>
<arg>LY</arg>
<arg>MA</arg>
<arg>MC</arg>
<arg>MD</arg>
<arg>ME</arg>
<arg>MF</arg>
<arg>MG</arg>
<arg>MH</arg>
<arg>MK</arg>
<arg>ML</arg>
<arg>MM</arg>
<arg>MN</arg>
<arg>MO</arg>
<arg>MP</arg>
<arg>MQ</arg>
<arg>MR</arg>
<arg>MS</arg>
<arg>MT</arg>
<arg>MU</arg>
<arg>MV</arg>
<arg>MW</arg>
<arg>MX</arg>
<arg>MY</arg>
<arg>MZ</arg>
<arg>NA</arg>
<arg>NC</arg>
<arg>NE</arg>
<arg>NF</arg>
<arg>NG</arg>
<arg>NI</arg>
<arg>NL</arg>
<arg>NO</arg>
<arg>NP</arg>
<arg>NR</arg>
<arg>NU</arg>
<arg>NZ</arg>
<arg>OM</arg>
<arg>PA</arg>
<arg>PE</arg>
<arg>PF</arg>
<arg>PG</arg>
<arg>PH</arg>
<arg>PK</arg>
<arg>PL</arg>
<arg>PM</arg>
<arg>PN</arg>
<arg>PR</arg>
<arg>PS</arg>
<arg>PT</arg>
<arg>PW</arg>
<arg>PY</arg>
<arg>QA</arg>
<arg>RE</arg>
<arg>RO</arg>
<arg>RS</arg>
<arg>RU</arg>
<arg>RW</arg>
<arg>SA</arg>
<arg>SB</arg>
<arg>SC</arg>
<arg>SD</arg>
<arg>SE</arg>
<arg>SG</arg>
<arg>SH</arg>
<arg>SI</arg>
<arg>SJ</arg>
<arg>SK</arg>
<arg>SL</arg>
<arg>SM</arg>
<arg>SN</arg>
<arg>SO</arg>
<arg>SR</arg>
<arg>SS</arg>
<arg>ST</arg>
<arg>SV</arg>
<arg>SX</arg>
<arg>SY</arg>
<arg>SZ</arg>
<arg>TC</arg>
<arg>TD</arg>
<arg>TF</arg>
<arg>TG</arg>
<arg>TH</arg>
<arg>TJ</arg>
<arg>TK</arg>
<arg>TL</arg>
<arg>TM</arg>
<arg>TN</arg>
<arg>TO</arg>
<arg>TR</arg>
<arg>TT</arg>
<arg>TV</arg>
<arg>TW</arg>
<arg>TZ</arg>
<arg>UA</arg>
<arg>UG</arg>
<arg>UM</arg>
<arg>US</arg>
<arg>UY</arg>
<arg>UZ</arg>
<arg>VA</arg>
<arg>VC</arg>
<arg>VE</arg>
<arg>VG</arg>
<arg>VI</arg>
<arg>VN</arg>
<arg>VU</arg>
<arg>WF</arg>
<arg>WS</arg>
<arg>XK</arg>
<arg>YE</arg>
<arg>YT</arg>
<arg>ZA</arg>
<arg>ZM</arg>
<arg>ZW</arg>
<doc>Returns a list containing given items.</doc>
<status status="PASS" start="2024-07-07T22:14:24.538519" elapsed="0.000672"/>
</kw>
<kw name="List Should Contain Value" owner="Collections">
<arg>${list_country}</arg>
<arg>${name_country}</arg>
<doc>Fails if the ``value`` is not found from ``list``.</doc>
<status status="PASS" start="2024-07-07T22:14:24.540004" elapsed="0.000215"/>
</kw>
<kw name="Run Keyword If" owner="BuiltIn">
<kw name="Should Be True" owner="BuiltIn">
<arg>${True}</arg>
<doc>Fails if the given condition is not true.</doc>
<status status="PASS" start="2024-07-07T22:14:24.541190" elapsed="0.000146"/>
</kw>
<arg>${json_data["results"][0]["location"]["coordinates"]["latitude"]} &gt;= -90 and ${json_data["results"][0]["location"]["coordinates"]["latitude"]} &lt;= 90</arg>
<arg>Should Be True</arg>
<arg>${True}</arg>
<doc>Runs the given keyword with the given arguments, if ``condition`` is true.</doc>
<status status="PASS" start="2024-07-07T22:14:24.540418" elapsed="0.001046"/>
</kw>
<kw name="Run Keyword If" owner="BuiltIn">
<kw name="Should Be True" owner="BuiltIn">
<arg>${True}</arg>
<doc>Fails if the given condition is not true.</doc>
<status status="PASS" start="2024-07-07T22:14:24.542364" elapsed="0.000286"/>
</kw>
<arg>${json_data["results"][0]["location"]["coordinates"]["longitude"]} &gt;= -180 and ${json_data["results"][0]["location"]["coordinates"]["longitude"]} &lt;= 180</arg>
<arg>Should Be True</arg>
<arg>${True}</arg>
<doc>Runs the given keyword with the given arguments, if ``condition`` is true.</doc>
<status status="PASS" start="2024-07-07T22:14:24.541648" elapsed="0.001187"/>
</kw>
<status status="PASS" start="2024-07-07T22:14:24.444959" elapsed="0.098037"/>
</kw>
<doc>Testa o conteúdo específico dos campos retornados pela API.</doc>
<tag>testeConteudo</tag>
<status status="PASS" start="2024-07-07T22:14:24.444492" elapsed="0.098686"/>
</test>
<status status="PASS" start="2024-07-07T22:14:23.437325" elapsed="1.107896"/>
</suite>
<status status="PASS" start="2024-07-07T22:14:23.422437" elapsed="1.128141"/>
</suite>
<statistics>
<total>
<stat pass="5" fail="0" skip="0">All Tests</stat>
</total>
<tag>
<stat pass="1" fail="0" skip="0">testeConteudo</stat>
<stat pass="1" fail="0" skip="0">testeEstruturaResposta</stat>
<stat pass="1" fail="0" skip="0">testeRequisicaoBasica</stat>
<stat pass="1" fail="0" skip="0">testeTiposDados</stat>
</tag>
<suite>
<stat pass="5" fail="0" skip="0" id="s1" name="Tests">Tests</stat>
<stat pass="5" fail="0" skip="0" id="s1-s1" name="Random-User-Test">Tests.Random-User-Test</stat>
</suite>
</statistics>
<errors>
</errors>
</robot>
