<?xml version="1.0" encoding="UTF-8"?>
<robot generator="Robot 7.0 (Python 3.12.3 on linux)" generated="2024-04-18T15:14:27.615440" rpa="false" schemaversion="5">
<suite id="s1" name="Tests" source="/home/runner/work/DesafioQAItauRogerioJordao/DesafioQAItauRogerioJordao/RamdonUser/tests">
<suite id="s1-s1" name="Random-User-Test" source="/home/runner/work/DesafioQAItauRogerioJordao/DesafioQAItauRogerioJordao/RamdonUser/tests/random-user-test.robot">
<test id="s1-s1-t1" name="Conectar" line="13">
<kw name="Conectar API" owner="random-user-service">
<kw name="Create Session" owner="RequestsLibrary">
<msg time="2024-04-18T15:14:27.979990" level="INFO">Creating Session using : alias=consultarAPI, url=https://randomuser.me/, headers={},                     cookies={}, auth=None, timeout=None, proxies=None, verify=False,                     debug=0 </msg>
<arg>consultarAPI</arg>
<arg>${URL}</arg>
<doc>Create Session: create a HTTP session to a server</doc>
<status status="PASS" start="2024-04-18T15:14:27.979795" elapsed="0.000374"/>
</kw>
<status status="PASS" start="2024-04-18T15:14:27.978837" elapsed="0.001688"/>
</kw>
<status status="PASS" start="2024-04-18T15:14:27.978251" elapsed="0.002467"/>
</test>
<test id="s1-s1-t2" name="Validar retorno 200 e JSON Válido" line="16">
<kw name="Teste de Requisicao Basica" owner="random-user-service">
<kw name="GET On Session" owner="RequestsLibrary">
<msg time="2024-04-18T15:14:28.072750" level="INFO">GET Request : url=https://randomuser.me/api 
 path_url=/api 
 headers={'User-Agent': 'python-requests/2.31.0', 'Accept-Encoding': 'gzip, deflate', 'Accept': '*/*', 'Connection': 'keep-alive'} 
 body=None 
 </msg>
<msg time="2024-04-18T15:14:28.072915" level="INFO">GET Response : url=https://randomuser.me/api 
 status=200, reason=OK 
 headers={'Date': 'Thu, 18 Apr 2024 15:14:28 GMT', 'Content-Type': 'application/json; charset=utf-8', 'Transfer-Encoding': 'chunked', 'Connection': 'keep-alive', 'X-Powered-By': 'Express', 'Access-Control-Allow-Origin': '*', 'Cache-Control': 'no-cache', 'ETag': 'W/"498-SRvg5YpaugAl3deYthDIejxGNdI"', 'Vary': 'Accept-Encoding', 'Content-Encoding': 'gzip', 'CF-Cache-Status': 'DYNAMIC', 'Report-To': '{"endpoints":[{"url":"https:\\/\\/a.nel.cloudflare.com\\/report\\/v4?s=QyC7NyEw4RFL6Ub3%2BqQXWWPKQ%2BDLKe1Ws14pgz%2ByiF42kSxDBg9suB2hBSMPk54JyhYItbKSOQWGTV7qbQnQsPNjAtEgs1QnTn0O2B%2F%2B7Sj1vxMlwa1d0y6lZ%2F8x6ZJz"}],"group":"cf-nel","max_age":604800}', 'NEL': '{"success_fraction":0,"report_to":"cf-nel","max_age":604800}', 'Server': 'cloudflare', 'CF-RAY': '87659acd28283943-IAD', 'alt-svc': 'h3=":443"; ma=86400'} 
 body={"results":[{"gender":"male","name":{"title":"Mr","first":"Reyansh","last":"Mugeraya"},"location":{"street":{"number":5174,"name":"Mirza Ismail Rd"},"city":"Karimnagar","state":"Dadra and Nagar Haveli","country":"India","postcode":31162,"coordinates":{"latitude":"5.0870","longitude":"-83.6415"},"timezone":{"offset":"-3:00","description":"Brazil, Buenos Aires, Georgetown"}},"email":"reyansh.mugeraya@example.com","login":{"uuid":"c8589733-2d18-4b72-beaf-3bf1ecf58791","username":"redzebra303","password":"trooper","salt":"l2fHRCiE","md5":"667e30792e0188ef1ebbaa0c732c5ba7","sha1":"23ac0b6aff9ba345f842d2ef0fca42eaa119f94c","sha256":"a98169f5a416d01297c8d2961e97a2f79678352b2dc757d4ef6114e559af6938"},"dob":{"date":"1984-02-26T18:34:51.493Z","age":40},"registered":{"date":"2021-08-13T02:42:46.853Z","age":2},"phone":"9893545005","cell":"7683051852","id":{"name":"UIDAI","value":"676368512540"},"picture":{"large":"https://randomuser.me/api/portraits/men/6.jpg","medium":"https://randomuser.me/api/portraits/med/men/6.jpg","thumbnail":"https://randomuser.me/api/portraits/thumb/men/6.jpg"},"nat":"IN"}],"info":{"seed":"fb704f8e6736d54f","results":1,"page":1,"version":"1.4"}} 
 </msg>
<msg time="2024-04-18T15:14:28.073010" level="INFO">/opt/hostedtoolcache/Python/3.12.3/x64/lib/python3.12/site-packages/urllib3/connectionpool.py:1103: InsecureRequestWarning: Unverified HTTPS request is being made to host 'randomuser.me'. Adding certificate verification is strongly advised. See: https://urllib3.readthedocs.io/en/latest/advanced-usage.html#tls-warnings
  warnings.warn(</msg>
<msg time="2024-04-18T15:14:28.073177" level="INFO">${response} = &lt;Response [200]&gt;</msg>
<var>${response}</var>
<arg>consultarAPI</arg>
<arg>/api</arg>
<doc>Sends a GET request on a previously created HTTP Session.</doc>
<status status="PASS" start="2024-04-18T15:14:27.983436" elapsed="0.089789"/>
</kw>
<kw name="Should Be Equal As Numbers" owner="BuiltIn">
<msg time="2024-04-18T15:14:28.074277" level="INFO">Argument types are:
&lt;class 'int'&gt;
&lt;class 'str'&gt;</msg>
<arg>${response.status_code}</arg>
<arg>200</arg>
<doc>Fails if objects are unequal after converting them to real numbers.</doc>
<status status="PASS" start="2024-04-18T15:14:28.073811" elapsed="0.000530"/>
</kw>
<kw name="Log" owner="BuiltIn">
<msg time="2024-04-18T15:14:28.075044" level="INFO">200</msg>
<arg>${response.status_code}</arg>
<doc>Logs the given message with the given level.</doc>
<status status="PASS" start="2024-04-18T15:14:28.074689" elapsed="0.000398"/>
</kw>
<kw name="Set Variable" owner="BuiltIn">
<msg time="2024-04-18T15:14:28.075862" level="INFO">${json_data} = {'results': [{'gender': 'male', 'name': {'title': 'Mr', 'first': 'Reyansh', 'last': 'Mugeraya'}, 'location': {'street': {'number': 5174, 'name': 'Mirza Ismail Rd'}, 'city': 'Karimnagar', 'state': 'Dad...</msg>
<var>${json_data}</var>
<arg>${response.json()}</arg>
<doc>Returns the given values which can then be assigned to a variables.</doc>
<status status="PASS" start="2024-04-18T15:14:28.075396" elapsed="0.000495"/>
</kw>
<kw name="Dictionary Should Contain Key" owner="Collections">
<msg time="2024-04-18T15:14:28.076362" level="INFO">False</msg>
<arg>${json_data}</arg>
<arg>results</arg>
<doc>Fails if ``key`` is not found from ``dictionary``.</doc>
<status status="PASS" start="2024-04-18T15:14:28.076195" elapsed="0.000207"/>
</kw>
<status status="PASS" start="2024-04-18T15:14:27.983184" elapsed="0.093483"/>
</kw>
<doc>Testa se a API responde corretamente e retorna um objeto JSON válido.</doc>
<tag>testeRequisicaoBasica</tag>
<status status="PASS" start="2024-04-18T15:14:27.982715" elapsed="0.094140"/>
</test>
<test id="s1-s1-t3" name="Validar estrutura de resposta" line="22">
<kw name="Teste de Estrutura de Resposta" owner="random-user-service">
<kw name="GET On Session" owner="RequestsLibrary">
<msg time="2024-04-18T15:14:28.162321" level="INFO">GET Request : url=https://randomuser.me/api 
 path_url=/api 
 headers={'User-Agent': 'python-requests/2.31.0', 'Accept-Encoding': 'gzip, deflate', 'Accept': '*/*', 'Connection': 'keep-alive'} 
 body=None 
 </msg>
<msg time="2024-04-18T15:14:28.162424" level="INFO">GET Response : url=https://randomuser.me/api 
 status=200, reason=OK 
 headers={'Date': 'Thu, 18 Apr 2024 15:14:28 GMT', 'Content-Type': 'application/json; charset=utf-8', 'Transfer-Encoding': 'chunked', 'Connection': 'keep-alive', 'X-Powered-By': 'Express', 'Access-Control-Allow-Origin': '*', 'Cache-Control': 'no-cache', 'ETag': 'W/"490-mbwkBuTZhWwxQ5uQ62v6XYaSoTM"', 'Vary': 'Accept-Encoding', 'Content-Encoding': 'gzip', 'CF-Cache-Status': 'DYNAMIC', 'Report-To': '{"endpoints":[{"url":"https:\\/\\/a.nel.cloudflare.com\\/report\\/v4?s=Jae0iU8ZSNT3pLuEO4BwiEDjVZZmpDHiA%2FOfBukqkGoXOAAej%2BgIQzOZV2Z%2FaDebP8A6ancYpiWniI6EtoX4du540nmqSvjhbHPXvkKCYPlDYhSSYYUCT1eKj7Lo2P%2Fl"}],"group":"cf-nel","max_age":604800}', 'NEL': '{"success_fraction":0,"report_to":"cf-nel","max_age":604800}', 'Server': 'cloudflare', 'CF-RAY': '87659acdb8db3943-IAD', 'alt-svc': 'h3=":443"; ma=86400'} 
 body={"results":[{"gender":"male","name":{"title":"Mr","first":"Jordan","last":"Cooper"},"location":{"street":{"number":5968,"name":"Pine Hill Road"},"city":"Upper Hutt","state":"Canterbury","country":"New Zealand","postcode":73563,"coordinates":{"latitude":"53.4953","longitude":"-9.3661"},"timezone":{"offset":"+11:00","description":"Magadan, Solomon Islands, New Caledonia"}},"email":"jordan.cooper@example.com","login":{"uuid":"91f9ad2b-b2c7-4b77-ad2e-fa4d2fab5faf","username":"blacktiger984","password":"sites","salt":"UhWDUBD3","md5":"970c50a6eda12eef6e2d39a49c62dd25","sha1":"6f8e50b1d965b54bf0f57f72baed2fb3efe0c529","sha256":"0b4a8e998e4457e10422e32cb9542a732bf5ce2a15e85e590ada4c093e7c85e7"},"dob":{"date":"1981-08-30T08:11:44.967Z","age":42},"registered":{"date":"2008-03-05T03:44:24.166Z","age":16},"phone":"(196)-739-6917","cell":"(230)-965-5933","id":{"name":"","value":null},"picture":{"large":"https://randomuser.me/api/portraits/men/82.jpg","medium":"https://randomuser.me/api/portraits/med/men/82.jpg","thumbnail":"https://randomuser.me/api/portraits/thumb/men/82.jpg"},"nat":"NZ"}],"info":{"seed":"eaa8df8036b8a0d8","results":1,"page":1,"version":"1.4"}} 
 </msg>
<msg time="2024-04-18T15:14:28.162548" level="INFO">/opt/hostedtoolcache/Python/3.12.3/x64/lib/python3.12/site-packages/urllib3/connectionpool.py:1103: InsecureRequestWarning: Unverified HTTPS request is being made to host 'randomuser.me'. Adding certificate verification is strongly advised. See: https://urllib3.readthedocs.io/en/latest/advanced-usage.html#tls-warnings
  warnings.warn(</msg>
<msg time="2024-04-18T15:14:28.162675" level="INFO">${response} = &lt;Response [200]&gt;</msg>
<var>${response}</var>
<arg>consultarAPI</arg>
<arg>/api</arg>
<doc>Sends a GET request on a previously created HTTP Session.</doc>
<status status="PASS" start="2024-04-18T15:14:28.079560" elapsed="0.083160"/>
</kw>
<kw name="Set Variable" owner="BuiltIn">
<msg time="2024-04-18T15:14:28.163734" level="INFO">${json_data} = {'results': [{'gender': 'male', 'name': {'title': 'Mr', 'first': 'Jordan', 'last': 'Cooper'}, 'location': {'street': {'number': 5968, 'name': 'Pine Hill Road'}, 'city': 'Upper Hutt', 'state': 'Canterb...</msg>
<var>${json_data}</var>
<arg>${response.json()}</arg>
<doc>Returns the given values which can then be assigned to a variables.</doc>
<status status="PASS" start="2024-04-18T15:14:28.163209" elapsed="0.000554"/>
</kw>
<kw name="Log" owner="BuiltIn">
<msg time="2024-04-18T15:14:28.164248" level="INFO">{'results': [{'gender': 'male', 'name': {'title': 'Mr', 'first': 'Jordan', 'last': 'Cooper'}, 'location': {'street': {'number': 5968, 'name': 'Pine Hill Road'}, 'city': 'Upper Hutt', 'state': 'Canterbury', 'country': 'New Zealand', 'postcode': 73563, 'coordinates': {'latitude': '53.4953', 'longitude': '-9.3661'}, 'timezone': {'offset': '+11:00', 'description': 'Magadan, Solomon Islands, New Caledonia'}}, 'email': 'jordan.cooper@example.com', 'login': {'uuid': '91f9ad2b-b2c7-4b77-ad2e-fa4d2fab5faf', 'username': 'blacktiger984', 'password': 'sites', 'salt': 'UhWDUBD3', 'md5': '970c50a6eda12eef6e2d39a49c62dd25', 'sha1': '6f8e50b1d965b54bf0f57f72baed2fb3efe0c529', 'sha256': '0b4a8e998e4457e10422e32cb9542a732bf5ce2a15e85e590ada4c093e7c85e7'}, 'dob': {'date': '1981-08-30T08:11:44.967Z', 'age': 42}, 'registered': {'date': '2008-03-05T03:44:24.166Z', 'age': 16}, 'phone': '(196)-739-6917', 'cell': '(230)-965-5933', 'id': {'name': '', 'value': None}, 'picture': {'large': 'https://randomuser.me/api/portraits/men/82.jpg', 'medium': 'https://randomuser.me/api/portraits/med/men/82.jpg', 'thumbnail': 'https://randomuser.me/api/portraits/thumb/men/82.jpg'}, 'nat': 'NZ'}], 'info': {'seed': 'eaa8df8036b8a0d8', 'results': 1, 'page': 1, 'version': '1.4'}}</msg>
<arg>${json_data}</arg>
<doc>Logs the given message with the given level.</doc>
<status status="PASS" start="2024-04-18T15:14:28.164089" elapsed="0.000208"/>
</kw>
<kw name="Dictionary Should Contain Key" owner="Collections">
<msg time="2024-04-18T15:14:28.164754" level="INFO">False</msg>
<arg>${json_data}</arg>
<arg>results</arg>
<doc>Fails if ``key`` is not found from ``dictionary``.</doc>
<status status="PASS" start="2024-04-18T15:14:28.164597" elapsed="0.000195"/>
</kw>
<kw name="Should Not Be Empty" owner="BuiltIn">
<msg time="2024-04-18T15:14:28.165221" level="INFO">Length is 2.</msg>
<arg>${json_data}</arg>
<doc>Verifies that the given item is not empty.</doc>
<status status="PASS" start="2024-04-18T15:14:28.165087" elapsed="0.000173"/>
</kw>
<kw name="Create List" owner="BuiltIn">
<msg time="2024-04-18T15:14:28.165918" level="INFO">${expected_keys} = ['gender', 'name', 'location', 'email', 'login']</msg>
<var>${expected_keys}</var>
<arg>gender</arg>
<arg>name</arg>
<arg>location</arg>
<arg>email</arg>
<arg>login</arg>
<doc>Returns a list containing given items.</doc>
<status status="PASS" start="2024-04-18T15:14:28.165598" elapsed="0.000345"/>
</kw>
<for flavor="IN">
<iter>
<kw name="Dictionary Should Contain Key" owner="Collections">
<msg time="2024-04-18T15:14:28.166949" level="INFO">False</msg>
<arg>${json_data['results'][0]}</arg>
<arg>${key}</arg>
<doc>Fails if ``key`` is not found from ``dictionary``.</doc>
<status status="PASS" start="2024-04-18T15:14:28.166543" elapsed="0.000445"/>
</kw>
<kw name="Log" owner="BuiltIn">
<msg time="2024-04-18T15:14:28.167665" level="INFO">{'gender': 'male', 'name': {'title': 'Mr', 'first': 'Jordan', 'last': 'Cooper'}, 'location': {'street': {'number': 5968, 'name': 'Pine Hill Road'}, 'city': 'Upper Hutt', 'state': 'Canterbury', 'country': 'New Zealand', 'postcode': 73563, 'coordinates': {'latitude': '53.4953', 'longitude': '-9.3661'}, 'timezone': {'offset': '+11:00', 'description': 'Magadan, Solomon Islands, New Caledonia'}}, 'email': 'jordan.cooper@example.com', 'login': {'uuid': '91f9ad2b-b2c7-4b77-ad2e-fa4d2fab5faf', 'username': 'blacktiger984', 'password': 'sites', 'salt': 'UhWDUBD3', 'md5': '970c50a6eda12eef6e2d39a49c62dd25', 'sha1': '6f8e50b1d965b54bf0f57f72baed2fb3efe0c529', 'sha256': '0b4a8e998e4457e10422e32cb9542a732bf5ce2a15e85e590ada4c093e7c85e7'}, 'dob': {'date': '1981-08-30T08:11:44.967Z', 'age': 42}, 'registered': {'date': '2008-03-05T03:44:24.166Z', 'age': 16}, 'phone': '(196)-739-6917', 'cell': '(230)-965-5933', 'id': {'name': '', 'value': None}, 'picture': {'large': 'https://randomuser.me/api/portraits/men/82.jpg', 'medium': 'https://randomuser.me/api/portraits/med/men/82.jpg', 'thumbnail': 'https://randomuser.me/api/portraits/thumb/men/82.jpg'}, 'nat': 'NZ'}</msg>
<arg>${json_data['results'][0]}</arg>
<doc>Logs the given message with the given level.</doc>
<status status="PASS" start="2024-04-18T15:14:28.167293" elapsed="0.000421"/>
</kw>
<kw name="Log" owner="BuiltIn">
<msg time="2024-04-18T15:14:28.168146" level="INFO">gender</msg>
<arg>${key}</arg>
<doc>Logs the given message with the given level.</doc>
<status status="PASS" start="2024-04-18T15:14:28.168014" elapsed="0.000170"/>
</kw>
<var name="${key}">gender</var>
<status status="PASS" start="2024-04-18T15:14:28.166413" elapsed="0.001985"/>
</iter>
<iter>
<kw name="Dictionary Should Contain Key" owner="Collections">
<msg time="2024-04-18T15:14:28.169105" level="INFO">False</msg>
<arg>${json_data['results'][0]}</arg>
<arg>${key}</arg>
<doc>Fails if ``key`` is not found from ``dictionary``.</doc>
<status status="PASS" start="2024-04-18T15:14:28.168713" elapsed="0.000430"/>
</kw>
<kw name="Log" owner="BuiltIn">
<msg time="2024-04-18T15:14:28.169931" level="INFO">{'gender': 'male', 'name': {'title': 'Mr', 'first': 'Jordan', 'last': 'Cooper'}, 'location': {'street': {'number': 5968, 'name': 'Pine Hill Road'}, 'city': 'Upper Hutt', 'state': 'Canterbury', 'country': 'New Zealand', 'postcode': 73563, 'coordinates': {'latitude': '53.4953', 'longitude': '-9.3661'}, 'timezone': {'offset': '+11:00', 'description': 'Magadan, Solomon Islands, New Caledonia'}}, 'email': 'jordan.cooper@example.com', 'login': {'uuid': '91f9ad2b-b2c7-4b77-ad2e-fa4d2fab5faf', 'username': 'blacktiger984', 'password': 'sites', 'salt': 'UhWDUBD3', 'md5': '970c50a6eda12eef6e2d39a49c62dd25', 'sha1': '6f8e50b1d965b54bf0f57f72baed2fb3efe0c529', 'sha256': '0b4a8e998e4457e10422e32cb9542a732bf5ce2a15e85e590ada4c093e7c85e7'}, 'dob': {'date': '1981-08-30T08:11:44.967Z', 'age': 42}, 'registered': {'date': '2008-03-05T03:44:24.166Z', 'age': 16}, 'phone': '(196)-739-6917', 'cell': '(230)-965-5933', 'id': {'name': '', 'value': None}, 'picture': {'large': 'https://randomuser.me/api/portraits/men/82.jpg', 'medium': 'https://randomuser.me/api/portraits/med/men/82.jpg', 'thumbnail': 'https://randomuser.me/api/portraits/thumb/men/82.jpg'}, 'nat': 'NZ'}</msg>
<arg>${json_data['results'][0]}</arg>
<doc>Logs the given message with the given level.</doc>
<status status="PASS" start="2024-04-18T15:14:28.169504" elapsed="0.000477"/>
</kw>
<kw name="Log" owner="BuiltIn">
<msg time="2024-04-18T15:14:28.170411" level="INFO">name</msg>
<arg>${key}</arg>
<doc>Logs the given message with the given level.</doc>
<status status="PASS" start="2024-04-18T15:14:28.170281" elapsed="0.000168"/>
</kw>
<var name="${key}">name</var>
<status status="PASS" start="2024-04-18T15:14:28.168590" elapsed="0.002075"/>
</iter>
<iter>
<kw name="Dictionary Should Contain Key" owner="Collections">
<msg time="2024-04-18T15:14:28.171341" level="INFO">False</msg>
<arg>${json_data['results'][0]}</arg>
<arg>${key}</arg>
<doc>Fails if ``key`` is not found from ``dictionary``.</doc>
<status status="PASS" start="2024-04-18T15:14:28.170958" elapsed="0.000421"/>
</kw>
<kw name="Log" owner="BuiltIn">
<msg time="2024-04-18T15:14:28.172048" level="INFO">{'gender': 'male', 'name': {'title': 'Mr', 'first': 'Jordan', 'last': 'Cooper'}, 'location': {'street': {'number': 5968, 'name': 'Pine Hill Road'}, 'city': 'Upper Hutt', 'state': 'Canterbury', 'country': 'New Zealand', 'postcode': 73563, 'coordinates': {'latitude': '53.4953', 'longitude': '-9.3661'}, 'timezone': {'offset': '+11:00', 'description': 'Magadan, Solomon Islands, New Caledonia'}}, 'email': 'jordan.cooper@example.com', 'login': {'uuid': '91f9ad2b-b2c7-4b77-ad2e-fa4d2fab5faf', 'username': 'blacktiger984', 'password': 'sites', 'salt': 'UhWDUBD3', 'md5': '970c50a6eda12eef6e2d39a49c62dd25', 'sha1': '6f8e50b1d965b54bf0f57f72baed2fb3efe0c529', 'sha256': '0b4a8e998e4457e10422e32cb9542a732bf5ce2a15e85e590ada4c093e7c85e7'}, 'dob': {'date': '1981-08-30T08:11:44.967Z', 'age': 42}, 'registered': {'date': '2008-03-05T03:44:24.166Z', 'age': 16}, 'phone': '(196)-739-6917', 'cell': '(230)-965-5933', 'id': {'name': '', 'value': None}, 'picture': {'large': 'https://randomuser.me/api/portraits/men/82.jpg', 'medium': 'https://randomuser.me/api/portraits/med/men/82.jpg', 'thumbnail': 'https://randomuser.me/api/portraits/thumb/men/82.jpg'}, 'nat': 'NZ'}</msg>
<arg>${json_data['results'][0]}</arg>
<doc>Logs the given message with the given level.</doc>
<status status="PASS" start="2024-04-18T15:14:28.171682" elapsed="0.000416"/>
</kw>
<kw name="Log" owner="BuiltIn">
<msg time="2024-04-18T15:14:28.172520" level="INFO">location</msg>
<arg>${key}</arg>
<doc>Logs the given message with the given level.</doc>
<status status="PASS" start="2024-04-18T15:14:28.172393" elapsed="0.000165"/>
</kw>
<var name="${key}">location</var>
<status status="PASS" start="2024-04-18T15:14:28.170845" elapsed="0.001928"/>
</iter>
<iter>
<kw name="Dictionary Should Contain Key" owner="Collections">
<msg time="2024-04-18T15:14:28.173477" level="INFO">False</msg>
<arg>${json_data['results'][0]}</arg>
<arg>${key}</arg>
<doc>Fails if ``key`` is not found from ``dictionary``.</doc>
<status status="PASS" start="2024-04-18T15:14:28.173059" elapsed="0.000459"/>
</kw>
<kw name="Log" owner="BuiltIn">
<msg time="2024-04-18T15:14:28.174185" level="INFO">{'gender': 'male', 'name': {'title': 'Mr', 'first': 'Jordan', 'last': 'Cooper'}, 'location': {'street': {'number': 5968, 'name': 'Pine Hill Road'}, 'city': 'Upper Hutt', 'state': 'Canterbury', 'country': 'New Zealand', 'postcode': 73563, 'coordinates': {'latitude': '53.4953', 'longitude': '-9.3661'}, 'timezone': {'offset': '+11:00', 'description': 'Magadan, Solomon Islands, New Caledonia'}}, 'email': 'jordan.cooper@example.com', 'login': {'uuid': '91f9ad2b-b2c7-4b77-ad2e-fa4d2fab5faf', 'username': 'blacktiger984', 'password': 'sites', 'salt': 'UhWDUBD3', 'md5': '970c50a6eda12eef6e2d39a49c62dd25', 'sha1': '6f8e50b1d965b54bf0f57f72baed2fb3efe0c529', 'sha256': '0b4a8e998e4457e10422e32cb9542a732bf5ce2a15e85e590ada4c093e7c85e7'}, 'dob': {'date': '1981-08-30T08:11:44.967Z', 'age': 42}, 'registered': {'date': '2008-03-05T03:44:24.166Z', 'age': 16}, 'phone': '(196)-739-6917', 'cell': '(230)-965-5933', 'id': {'name': '', 'value': None}, 'picture': {'large': 'https://randomuser.me/api/portraits/men/82.jpg', 'medium': 'https://randomuser.me/api/portraits/med/men/82.jpg', 'thumbnail': 'https://randomuser.me/api/portraits/thumb/men/82.jpg'}, 'nat': 'NZ'}</msg>
<arg>${json_data['results'][0]}</arg>
<doc>Logs the given message with the given level.</doc>
<status status="PASS" start="2024-04-18T15:14:28.173819" elapsed="0.000415"/>
</kw>
<kw name="Log" owner="BuiltIn">
<msg time="2024-04-18T15:14:28.174657" level="INFO">email</msg>
<arg>${key}</arg>
<doc>Logs the given message with the given level.</doc>
<status status="PASS" start="2024-04-18T15:14:28.174530" elapsed="0.000165"/>
</kw>
<var name="${key}">email</var>
<status status="PASS" start="2024-04-18T15:14:28.172948" elapsed="0.001961"/>
</iter>
<iter>
<kw name="Dictionary Should Contain Key" owner="Collections">
<msg time="2024-04-18T15:14:28.175577" level="INFO">False</msg>
<arg>${json_data['results'][0]}</arg>
<arg>${key}</arg>
<doc>Fails if ``key`` is not found from ``dictionary``.</doc>
<status status="PASS" start="2024-04-18T15:14:28.175195" elapsed="0.000420"/>
</kw>
<kw name="Log" owner="BuiltIn">
<msg time="2024-04-18T15:14:28.176290" level="INFO">{'gender': 'male', 'name': {'title': 'Mr', 'first': 'Jordan', 'last': 'Cooper'}, 'location': {'street': {'number': 5968, 'name': 'Pine Hill Road'}, 'city': 'Upper Hutt', 'state': 'Canterbury', 'country': 'New Zealand', 'postcode': 73563, 'coordinates': {'latitude': '53.4953', 'longitude': '-9.3661'}, 'timezone': {'offset': '+11:00', 'description': 'Magadan, Solomon Islands, New Caledonia'}}, 'email': 'jordan.cooper@example.com', 'login': {'uuid': '91f9ad2b-b2c7-4b77-ad2e-fa4d2fab5faf', 'username': 'blacktiger984', 'password': 'sites', 'salt': 'UhWDUBD3', 'md5': '970c50a6eda12eef6e2d39a49c62dd25', 'sha1': '6f8e50b1d965b54bf0f57f72baed2fb3efe0c529', 'sha256': '0b4a8e998e4457e10422e32cb9542a732bf5ce2a15e85e590ada4c093e7c85e7'}, 'dob': {'date': '1981-08-30T08:11:44.967Z', 'age': 42}, 'registered': {'date': '2008-03-05T03:44:24.166Z', 'age': 16}, 'phone': '(196)-739-6917', 'cell': '(230)-965-5933', 'id': {'name': '', 'value': None}, 'picture': {'large': 'https://randomuser.me/api/portraits/men/82.jpg', 'medium': 'https://randomuser.me/api/portraits/med/men/82.jpg', 'thumbnail': 'https://randomuser.me/api/portraits/thumb/men/82.jpg'}, 'nat': 'NZ'}</msg>
<arg>${json_data['results'][0]}</arg>
<doc>Logs the given message with the given level.</doc>
<status status="PASS" start="2024-04-18T15:14:28.175911" elapsed="0.000426"/>
</kw>
<kw name="Log" owner="BuiltIn">
<msg time="2024-04-18T15:14:28.176760" level="INFO">login</msg>
<arg>${key}</arg>
<doc>Logs the given message with the given level.</doc>
<status status="PASS" start="2024-04-18T15:14:28.176633" elapsed="0.000166"/>
</kw>
<var name="${key}">login</var>
<status status="PASS" start="2024-04-18T15:14:28.175084" elapsed="0.001954"/>
</iter>
<var>${key}</var>
<value>@{expected_keys}</value>
<status status="PASS" start="2024-04-18T15:14:28.166215" elapsed="0.010951"/>
</for>
<kw name="Create List" owner="BuiltIn">
<msg time="2024-04-18T15:14:28.177531" level="INFO">${expected_keysTwo} = ['username', 'password']</msg>
<var>${expected_keysTwo}</var>
<arg>username</arg>
<arg>password</arg>
<doc>Returns a list containing given items.</doc>
<status status="PASS" start="2024-04-18T15:14:28.177360" elapsed="0.000197"/>
</kw>
<for flavor="IN">
<iter>
<kw name="Dictionary Should Contain Key" owner="Collections">
<msg time="2024-04-18T15:14:28.178466" level="INFO">False</msg>
<arg>${json_data['results'][0]['login']}</arg>
<arg>${keyTwo}</arg>
<doc>Fails if ``key`` is not found from ``dictionary``.</doc>
<status status="PASS" start="2024-04-18T15:14:28.178074" elapsed="0.000431"/>
</kw>
<kw name="Dictionary Should Contain Key" owner="Collections">
<msg time="2024-04-18T15:14:28.179194" level="INFO">False</msg>
<arg>${json_data['results'][0]['login']}</arg>
<arg>${keyTwo}</arg>
<doc>Fails if ``key`` is not found from ``dictionary``.</doc>
<status status="PASS" start="2024-04-18T15:14:28.178809" elapsed="0.000422"/>
</kw>
<kw name="Log" owner="BuiltIn">
<msg time="2024-04-18T15:14:28.179654" level="INFO">username</msg>
<arg>${keyTwo}</arg>
<doc>Logs the given message with the given level.</doc>
<status status="PASS" start="2024-04-18T15:14:28.179527" elapsed="0.000182"/>
</kw>
<var name="${keyTwo}">username</var>
<status status="PASS" start="2024-04-18T15:14:28.177963" elapsed="0.001963"/>
</iter>
<iter>
<kw name="Dictionary Should Contain Key" owner="Collections">
<msg time="2024-04-18T15:14:28.180589" level="INFO">False</msg>
<arg>${json_data['results'][0]['login']}</arg>
<arg>${keyTwo}</arg>
<doc>Fails if ``key`` is not found from ``dictionary``.</doc>
<status status="PASS" start="2024-04-18T15:14:28.180209" elapsed="0.000425"/>
</kw>
<kw name="Dictionary Should Contain Key" owner="Collections">
<msg time="2024-04-18T15:14:28.181401" level="INFO">False</msg>
<arg>${json_data['results'][0]['login']}</arg>
<arg>${keyTwo}</arg>
<doc>Fails if ``key`` is not found from ``dictionary``.</doc>
<status status="PASS" start="2024-04-18T15:14:28.180928" elapsed="0.000544"/>
</kw>
<kw name="Log" owner="BuiltIn">
<msg time="2024-04-18T15:14:28.181906" level="INFO">password</msg>
<arg>${keyTwo}</arg>
<doc>Logs the given message with the given level.</doc>
<status status="PASS" start="2024-04-18T15:14:28.181777" elapsed="0.000167"/>
</kw>
<var name="${keyTwo}">password</var>
<status status="PASS" start="2024-04-18T15:14:28.180100" elapsed="0.002061"/>
</iter>
<var>${keyTwo}</var>
<value>@{expected_keysTwo}</value>
<status status="PASS" start="2024-04-18T15:14:28.177808" elapsed="0.004474"/>
</for>
<status status="PASS" start="2024-04-18T15:14:28.079321" elapsed="0.103100"/>
</kw>
<doc>Testa a estrutura da resposta da API.</doc>
<tag>testeEstruturaResposta</tag>
<status status="PASS" start="2024-04-18T15:14:28.078799" elapsed="0.103783"/>
</test>
<test id="s1-s1-t4" name="Validar tipos de dados" line="28">
<kw name="Teste de Tipos de Dados" owner="random-user-service">
<kw name="GET On Session" owner="RequestsLibrary">
<msg time="2024-04-18T15:14:28.274179" level="INFO">GET Request : url=https://randomuser.me/api 
 path_url=/api 
 headers={'User-Agent': 'python-requests/2.31.0', 'Accept-Encoding': 'gzip, deflate', 'Accept': '*/*', 'Connection': 'keep-alive'} 
 body=None 
 </msg>
<msg time="2024-04-18T15:14:28.274312" level="INFO">GET Response : url=https://randomuser.me/api 
 status=200, reason=OK 
 headers={'Date': 'Thu, 18 Apr 2024 15:14:28 GMT', 'Content-Type': 'application/json; charset=utf-8', 'Transfer-Encoding': 'chunked', 'Connection': 'keep-alive', 'X-Powered-By': 'Express', 'Access-Control-Allow-Origin': '*', 'Cache-Control': 'no-cache', 'ETag': 'W/"4b8-fiPtXPx57cNXfs2spI/KG90alY0"', 'Vary': 'Accept-Encoding', 'Content-Encoding': 'gzip', 'CF-Cache-Status': 'DYNAMIC', 'Report-To': '{"endpoints":[{"url":"https:\\/\\/a.nel.cloudflare.com\\/report\\/v4?s=zK9ymH62Q10eOxX4Yc12JH86%2Fbqmv%2B%2FFQoA9Z1JhJK2zD8FBegGa7va49F9fBR3HUOUOsu4uun16eDTD0pYrWTz3yRLY4UKxPOyz8StRlXBYW7yNZPKheYsFRbwMpOPu"}],"group":"cf-nel","max_age":604800}', 'NEL': '{"success_fraction":0,"report_to":"cf-nel","max_age":604800}', 'Server': 'cloudflare', 'CF-RAY': '87659ace39763943-IAD', 'alt-svc': 'h3=":443"; ma=86400'} 
 body={"results":[{"gender":"female","name":{"title":"Mademoiselle","first":"Pascale","last":"Vidal"},"location":{"street":{"number":685,"name":"Avenue de la République"},"city":"Reute (Ar)","state":"Basel-Stadt","country":"Switzerland","postcode":2995,"coordinates":{"latitude":"-60.6576","longitude":"86.5471"},"timezone":{"offset":"+5:30","description":"Bombay, Calcutta, Madras, New Delhi"}},"email":"pascale.vidal@example.com","login":{"uuid":"cf0b10b3-d349-4110-987b-abf2623a69f2","username":"redostrich764","password":"junior1","salt":"nrLfgcgF","md5":"e3fb63f62cc4251e912244536fa2fe72","sha1":"270512d3951cf1d329c5848d94f9da5e6c1c9172","sha256":"4d8f1b7ba27413810967dc0d66aa149c9ec555ef7f275b25a01afb870f5ab6a4"},"dob":{"date":"1999-05-31T21:06:03.722Z","age":24},"registered":{"date":"2005-10-07T07:27:37.169Z","age":18},"phone":"078 459 15 78","cell":"075 805 82 37","id":{"name":"AVS","value":"756.5953.8873.75"},"picture":{"large":"https://randomuser.me/api/portraits/women/38.jpg","medium":"https://randomuser.me/api/portraits/med/women/38.jpg","thumbnail":"https://randomuser.me/api/portraits/thumb/women/38.jpg"},"nat":"CH"}],"info":{"seed":"d20d1459614784c1","results":1,"page":1,"version":"1.4"}} 
 </msg>
<msg time="2024-04-18T15:14:28.274439" level="INFO">/opt/hostedtoolcache/Python/3.12.3/x64/lib/python3.12/site-packages/urllib3/connectionpool.py:1103: InsecureRequestWarning: Unverified HTTPS request is being made to host 'randomuser.me'. Adding certificate verification is strongly advised. See: https://urllib3.readthedocs.io/en/latest/advanced-usage.html#tls-warnings
  warnings.warn(</msg>
<msg time="2024-04-18T15:14:28.274628" level="INFO">${response} = &lt;Response [200]&gt;</msg>
<var>${response}</var>
<arg>consultarAPI</arg>
<arg>/api</arg>
<doc>Sends a GET request on a previously created HTTP Session.</doc>
<status status="PASS" start="2024-04-18T15:14:28.185088" elapsed="0.089584"/>
</kw>
<kw name="Set Variable" owner="BuiltIn">
<msg time="2024-04-18T15:14:28.276112" level="INFO">${json_data} = {'results': [{'gender': 'female', 'name': {'title': 'Mademoiselle', 'first': 'Pascale', 'last': 'Vidal'}, 'location': {'street': {'number': 685, 'name': 'Avenue de la République'}, 'city': 'Reute (Ar)...</msg>
<var>${json_data}</var>
<arg>${response.json()}</arg>
<doc>Returns the given values which can then be assigned to a variables.</doc>
<status status="PASS" start="2024-04-18T15:14:28.275320" elapsed="0.000840"/>
</kw>
<kw name="Log" owner="BuiltIn">
<msg time="2024-04-18T15:14:28.276912" level="INFO">{'results': [{'gender': 'female', 'name': {'title': 'Mademoiselle', 'first': 'Pascale', 'last': 'Vidal'}, 'location': {'street': {'number': 685, 'name': 'Avenue de la République'}, 'city': 'Reute (Ar)', 'state': 'Basel-Stadt', 'country': 'Switzerland', 'postcode': 2995, 'coordinates': {'latitude': '-60.6576', 'longitude': '86.5471'}, 'timezone': {'offset': '+5:30', 'description': 'Bombay, Calcutta, Madras, New Delhi'}}, 'email': 'pascale.vidal@example.com', 'login': {'uuid': 'cf0b10b3-d349-4110-987b-abf2623a69f2', 'username': 'redostrich764', 'password': 'junior1', 'salt': 'nrLfgcgF', 'md5': 'e3fb63f62cc4251e912244536fa2fe72', 'sha1': '270512d3951cf1d329c5848d94f9da5e6c1c9172', 'sha256': '4d8f1b7ba27413810967dc0d66aa149c9ec555ef7f275b25a01afb870f5ab6a4'}, 'dob': {'date': '1999-05-31T21:06:03.722Z', 'age': 24}, 'registered': {'date': '2005-10-07T07:27:37.169Z', 'age': 18}, 'phone': '078 459 15 78', 'cell': '075 805 82 37', 'id': {'name': 'AVS', 'value': '756.5953.8873.75'}, 'picture': {'large': 'https://randomuser.me/api/portraits/women/38.jpg', 'medium': 'https://randomuser.me/api/portraits/med/women/38.jpg', 'thumbnail': 'https://randomuser.me/api/portraits/thumb/women/38.jpg'}, 'nat': 'CH'}], 'info': {'seed': 'd20d1459614784c1', 'results': 1, 'page': 1, 'version': '1.4'}}</msg>
<arg>${json_data}</arg>
<doc>Logs the given message with the given level.</doc>
<status status="PASS" start="2024-04-18T15:14:28.276658" elapsed="0.000396"/>
</kw>
<kw name="Should Be String" owner="String">
<arg>${json_data['results'][0]['gender']}</arg>
<doc>Fails if the given ``item`` is not a string.</doc>
<status status="PASS" start="2024-04-18T15:14:28.277563" elapsed="0.000556"/>
</kw>
<kw name="Should Match Regexp" owner="BuiltIn">
<arg>${json_data['results'][0]['email']}</arg>
<arg>^[a-zA-Z0-9._%+-]+@[a-zA-Z0-9.-]+\.[a-zA-Z]{2,}$</arg>
<doc>Fails if ``string`` does not match ``pattern`` as a regular expression.</doc>
<status status="PASS" start="2024-04-18T15:14:28.278407" elapsed="0.000795"/>
</kw>
<kw name="Should Match Regexp" owner="BuiltIn">
<arg>${json_data['results'][0]['dob']['date']}</arg>
<arg>\\d{4}-\\d{2}-\\d{2}T\\d{2}:\\d{2}:\\d{2}\\.\\d{3}Z</arg>
<doc>Fails if ``string`` does not match ``pattern`` as a regular expression.</doc>
<status status="PASS" start="2024-04-18T15:14:28.279547" elapsed="0.000878"/>
</kw>
<kw name="Should Match Regexp" owner="BuiltIn">
<arg>${json_data['results'][0]['registered']['date']}</arg>
<arg>\\d{4}-\\d{2}-\\d{2}T\\d{2}:\\d{2}:\\d{2}\\.\\d{3}Z</arg>
<doc>Fails if ``string`` does not match ``pattern`` as a regular expression.</doc>
<status status="PASS" start="2024-04-18T15:14:28.280778" elapsed="0.000696"/>
</kw>
<kw name="Should Match Regexp" owner="BuiltIn">
<arg>${json_data['results'][0]['picture']['large']}</arg>
<arg>^https?://.*\.(?:png|jpe?g|gif|bmp)$</arg>
<doc>Fails if ``string`` does not match ``pattern`` as a regular expression.</doc>
<status status="PASS" start="2024-04-18T15:14:28.281827" elapsed="0.000858"/>
</kw>
<kw name="Should Match Regexp" owner="BuiltIn">
<arg>${json_data['results'][0]['picture']['medium']}</arg>
<arg>^https?://.*\.(?:png|jpe?g|gif|bmp)$</arg>
<doc>Fails if ``string`` does not match ``pattern`` as a regular expression.</doc>
<status status="PASS" start="2024-04-18T15:14:28.283014" elapsed="0.000661"/>
</kw>
<kw name="Should Match Regexp" owner="BuiltIn">
<arg>${json_data['results'][0]['picture']['thumbnail']}</arg>
<arg>^https?://.*\.(?:png|jpe?g|gif|bmp)$</arg>
<doc>Fails if ``string`` does not match ``pattern`` as a regular expression.</doc>
<status status="PASS" start="2024-04-18T15:14:28.284020" elapsed="0.000590"/>
</kw>
<kw name="Log" owner="BuiltIn">
<msg time="2024-04-18T15:14:28.285556" level="INFO">{'large': 'https://randomuser.me/api/portraits/women/38.jpg', 'medium': 'https://randomuser.me/api/portraits/med/women/38.jpg', 'thumbnail': 'https://randomuser.me/api/portraits/thumb/women/38.jpg'}</msg>
<arg>${json_data['results'][0]['picture']}</arg>
<doc>Logs the given message with the given level.</doc>
<status status="PASS" start="2024-04-18T15:14:28.284947" elapsed="0.000675"/>
</kw>
<status status="PASS" start="2024-04-18T15:14:28.184857" elapsed="0.101133"/>
</kw>
<kw name="Teste de Tipos de Dados - Postcode" owner="random-user-service">
<kw name="GET On Session" owner="RequestsLibrary">
<msg time="2024-04-18T15:14:28.385534" level="INFO">GET Request : url=https://randomuser.me/api 
 path_url=/api 
 headers={'User-Agent': 'python-requests/2.31.0', 'Accept-Encoding': 'gzip, deflate', 'Accept': '*/*', 'Connection': 'keep-alive'} 
 body=None 
 </msg>
<msg time="2024-04-18T15:14:28.385629" level="INFO">GET Response : url=https://randomuser.me/api 
 status=200, reason=OK 
 headers={'Date': 'Thu, 18 Apr 2024 15:14:28 GMT', 'Content-Type': 'application/json; charset=utf-8', 'Transfer-Encoding': 'chunked', 'Connection': 'keep-alive', 'X-Powered-By': 'Express', 'Access-Control-Allow-Origin': '*', 'Cache-Control': 'no-cache', 'ETag': 'W/"498-qFL9fzEDDZI6jkQ/6sovIkv/Uq4"', 'Vary': 'Accept-Encoding', 'Content-Encoding': 'gzip', 'CF-Cache-Status': 'DYNAMIC', 'Report-To': '{"endpoints":[{"url":"https:\\/\\/a.nel.cloudflare.com\\/report\\/v4?s=X%2B1JnCtb1Z1OEhXWcuKG6q7I4pDcGSMb5DX15nlOjljLEAF7C0glSbuvZglmaWIB3z%2Bl42Scuf%2FZW6DX5Iz6VUKn7UzZv722rc%2FXh4%2FZrij9F4zdiOUnsNwMMGCGikL4"}],"group":"cf-nel","max_age":604800}', 'NEL': '{"success_fraction":0,"report_to":"cf-nel","max_age":604800}', 'Server': 'cloudflare', 'CF-RAY': '87659aceda4a3943-IAD', 'alt-svc': 'h3=":443"; ma=86400'} 
 body={"results":[{"gender":"female","name":{"title":"Miss","first":"Gaby","last":"Knopf"},"location":{"street":{"number":4138,"name":"Hauptstraße"},"city":"Stavenhagen","state":"Nordrhein-Westfalen","country":"Germany","postcode":44217,"coordinates":{"latitude":"-52.2564","longitude":"164.2504"},"timezone":{"offset":"-7:00","description":"Mountain Time (US &amp; Canada)"}},"email":"gaby.knopf@example.com","login":{"uuid":"570266d9-61f2-4d95-b4f4-390aa99ed6c5","username":"crazyduck657","password":"water","salt":"g0lZMuns","md5":"c706074533f5becc4d2013e27d4a36b5","sha1":"8ecd0f64b0398e714b71fd64164c94af77a0ed5e","sha256":"511791767ed250c456013654945a160b0dc7b152407ca11b0f2f59b8c2dffea8"},"dob":{"date":"1946-03-02T19:01:32.955Z","age":78},"registered":{"date":"2015-10-14T16:09:11.645Z","age":8},"phone":"0558-8473972","cell":"0172-6909173","id":{"name":"SVNR","value":"48 020346 K 562"},"picture":{"large":"https://randomuser.me/api/portraits/women/62.jpg","medium":"https://randomuser.me/api/portraits/med/women/62.jpg","thumbnail":"https://randomuser.me/api/portraits/thumb/women/62.jpg"},"nat":"DE"}],"info":{"seed":"ab4fcf11277effc0","results":1,"page":1,"version":"1.4"}} 
 </msg>
<msg time="2024-04-18T15:14:28.385708" level="INFO">/opt/hostedtoolcache/Python/3.12.3/x64/lib/python3.12/site-packages/urllib3/connectionpool.py:1103: InsecureRequestWarning: Unverified HTTPS request is being made to host 'randomuser.me'. Adding certificate verification is strongly advised. See: https://urllib3.readthedocs.io/en/latest/advanced-usage.html#tls-warnings
  warnings.warn(</msg>
<msg time="2024-04-18T15:14:28.385827" level="INFO">${response} = &lt;Response [200]&gt;</msg>
<var>${response}</var>
<arg>consultarAPI</arg>
<arg>/api</arg>
<doc>Sends a GET request on a previously created HTTP Session.</doc>
<status status="PASS" start="2024-04-18T15:14:28.286744" elapsed="0.099118"/>
</kw>
<kw name="Set Variable" owner="BuiltIn">
<msg time="2024-04-18T15:14:28.386826" level="INFO">${json_data} = {'results': [{'gender': 'female', 'name': {'title': 'Miss', 'first': 'Gaby', 'last': 'Knopf'}, 'location': {'street': {'number': 4138, 'name': 'Hauptstraße'}, 'city': 'Stavenhagen', 'state': 'Nordrhei...</msg>
<var>${json_data}</var>
<arg>${response.json()}</arg>
<doc>Returns the given values which can then be assigned to a variables.</doc>
<status status="PASS" start="2024-04-18T15:14:28.386318" elapsed="0.000538"/>
</kw>
<kw name="Log" owner="BuiltIn">
<msg time="2024-04-18T15:14:28.387334" level="INFO">{'results': [{'gender': 'female', 'name': {'title': 'Miss', 'first': 'Gaby', 'last': 'Knopf'}, 'location': {'street': {'number': 4138, 'name': 'Hauptstraße'}, 'city': 'Stavenhagen', 'state': 'Nordrhein-Westfalen', 'country': 'Germany', 'postcode': 44217, 'coordinates': {'latitude': '-52.2564', 'longitude': '164.2504'}, 'timezone': {'offset': '-7:00', 'description': 'Mountain Time (US &amp; Canada)'}}, 'email': 'gaby.knopf@example.com', 'login': {'uuid': '570266d9-61f2-4d95-b4f4-390aa99ed6c5', 'username': 'crazyduck657', 'password': 'water', 'salt': 'g0lZMuns', 'md5': 'c706074533f5becc4d2013e27d4a36b5', 'sha1': '8ecd0f64b0398e714b71fd64164c94af77a0ed5e', 'sha256': '511791767ed250c456013654945a160b0dc7b152407ca11b0f2f59b8c2dffea8'}, 'dob': {'date': '1946-03-02T19:01:32.955Z', 'age': 78}, 'registered': {'date': '2015-10-14T16:09:11.645Z', 'age': 8}, 'phone': '0558-8473972', 'cell': '0172-6909173', 'id': {'name': 'SVNR', 'value': '48 020346 K 562'}, 'picture': {'large': 'https://randomuser.me/api/portraits/women/62.jpg', 'medium': 'https://randomuser.me/api/portraits/med/women/62.jpg', 'thumbnail': 'https://randomuser.me/api/portraits/thumb/women/62.jpg'}, 'nat': 'DE'}], 'info': {'seed': 'ab4fcf11277effc0', 'results': 1, 'page': 1, 'version': '1.4'}}</msg>
<arg>${json_data}</arg>
<doc>Logs the given message with the given level.</doc>
<status status="PASS" start="2024-04-18T15:14:28.387171" elapsed="0.000247"/>
</kw>
<kw name="Should Be Equal As Numbers" owner="BuiltIn">
<arg>${json_data['results'][0]['location']['postcode']}</arg>
<arg>${json_data['results'][0]['location']['postcode']}</arg>
<doc>Fails if objects are unequal after converting them to real numbers.</doc>
<status status="PASS" start="2024-04-18T15:14:28.387727" elapsed="0.000788"/>
</kw>
<kw name="Log" owner="BuiltIn">
<msg time="2024-04-18T15:14:28.389052" level="INFO">44217</msg>
<arg>${json_data['results'][0]['location']['postcode']}</arg>
<doc>Logs the given message with the given level.</doc>
<status status="PASS" start="2024-04-18T15:14:28.388713" elapsed="0.000380"/>
</kw>
<status status="PASS" start="2024-04-18T15:14:28.286381" elapsed="0.102969"/>
</kw>
<doc>Testa se os tipos de dados na resposta da API estão corretos.</doc>
<tag>testeTiposDados</tag>
<status status="PASS" start="2024-04-18T15:14:28.184390" elapsed="0.205182"/>
</test>
<test id="s1-s1-t5" name="Validar conteudo" line="35">
<kw name="Teste de Tipos de Conteudo" owner="random-user-service">
<kw name="GET On Session" owner="RequestsLibrary">
<msg time="2024-04-18T15:14:28.472495" level="INFO">GET Request : url=https://randomuser.me/api 
 path_url=/api 
 headers={'User-Agent': 'python-requests/2.31.0', 'Accept-Encoding': 'gzip, deflate', 'Accept': '*/*', 'Connection': 'keep-alive'} 
 body=None 
 </msg>
<msg time="2024-04-18T15:14:28.472577" level="INFO">GET Response : url=https://randomuser.me/api 
 status=200, reason=OK 
 headers={'Date': 'Thu, 18 Apr 2024 15:14:28 GMT', 'Content-Type': 'application/json; charset=utf-8', 'Transfer-Encoding': 'chunked', 'Connection': 'keep-alive', 'X-Powered-By': 'Express', 'Access-Control-Allow-Origin': '*', 'Cache-Control': 'no-cache', 'ETag': 'W/"489-5UijtD6L2Lpl4tC/wSN1KA1fqxo"', 'Vary': 'Accept-Encoding', 'Content-Encoding': 'gzip', 'CF-Cache-Status': 'DYNAMIC', 'Report-To': '{"endpoints":[{"url":"https:\\/\\/a.nel.cloudflare.com\\/report\\/v4?s=8XhXKQDmiX0bEY6TSMHX%2FBYtsEyVOWDZGREg%2B%2FwYUwtb5gf9CevsVt05FVvJG5BiUkMBRvKHFXmIGxK4Cusj36zN4trJwuRnTjBCFH97BUkocE7SjYHV9gjG2rNSrT8a"}],"group":"cf-nel","max_age":604800}', 'NEL': '{"success_fraction":0,"report_to":"cf-nel","max_age":604800}', 'Server': 'cloudflare', 'CF-RAY': '87659acf8b3a3943-IAD', 'alt-svc': 'h3=":443"; ma=86400'} 
 body={"results":[{"gender":"female","name":{"title":"Ms","first":"Rayina","last":"Shiray"},"location":{"street":{"number":7709,"name":"Glinyana"},"city":"Energodar","state":"Hmelnicka","country":"Ukraine","postcode":40361,"coordinates":{"latitude":"80.7875","longitude":"160.9716"},"timezone":{"offset":"+4:00","description":"Abu Dhabi, Muscat, Baku, Tbilisi"}},"email":"rayina.shiray@example.com","login":{"uuid":"bff9c34e-5684-4ba3-bd95-6542be7084a1","username":"goldengorilla426","password":"medusa","salt":"xGpSNol2","md5":"6c4e57c48914f7d06dc6e454f84e33ed","sha1":"d636e930a1cb08cb5dabf85579ffe23665a47374","sha256":"c7a8f3fce3e9ab5c40fc9a73fae8d6e0e2c51334a6124ce8bd82bbc60692883b"},"dob":{"date":"1960-08-28T21:31:50.606Z","age":63},"registered":{"date":"2005-03-24T20:57:07.167Z","age":19},"phone":"(099) M05-3603","cell":"(066) Y94-8015","id":{"name":"","value":null},"picture":{"large":"https://randomuser.me/api/portraits/women/70.jpg","medium":"https://randomuser.me/api/portraits/med/women/70.jpg","thumbnail":"https://randomuser.me/api/portraits/thumb/women/70.jpg"},"nat":"UA"}],"info":{"seed":"88741919849dffcd","results":1,"page":1,"version":"1.4"}} 
 </msg>
<msg time="2024-04-18T15:14:28.472648" level="INFO">/opt/hostedtoolcache/Python/3.12.3/x64/lib/python3.12/site-packages/urllib3/connectionpool.py:1103: InsecureRequestWarning: Unverified HTTPS request is being made to host 'randomuser.me'. Adding certificate verification is strongly advised. See: https://urllib3.readthedocs.io/en/latest/advanced-usage.html#tls-warnings
  warnings.warn(</msg>
<msg time="2024-04-18T15:14:28.472755" level="INFO">${response} = &lt;Response [200]&gt;</msg>
<var>${response}</var>
<arg>consultarAPI</arg>
<arg>/api</arg>
<doc>Sends a GET request on a previously created HTTP Session.</doc>
<status status="PASS" start="2024-04-18T15:14:28.392443" elapsed="0.080356"/>
</kw>
<kw name="Set Variable" owner="BuiltIn">
<msg time="2024-04-18T15:14:28.473768" level="INFO">${json_data} = {'results': [{'gender': 'female', 'name': {'title': 'Ms', 'first': 'Rayina', 'last': 'Shiray'}, 'location': {'street': {'number': 7709, 'name': 'Glinyana'}, 'city': 'Energodar', 'state': 'Hmelnicka', ...</msg>
<var>${json_data}</var>
<arg>${response.json()}</arg>
<doc>Returns the given values which can then be assigned to a variables.</doc>
<status status="PASS" start="2024-04-18T15:14:28.473276" elapsed="0.000522"/>
</kw>
<kw name="Set Variable" owner="BuiltIn">
<msg time="2024-04-18T15:14:28.474497" level="INFO">${name_title} = Ms</msg>
<var>${name_title}</var>
<arg>${json_data["results"][0]["name"]["title"]}</arg>
<doc>Returns the given values which can then be assigned to a variables.</doc>
<status status="PASS" start="2024-04-18T15:14:28.474109" elapsed="0.000415"/>
</kw>
<kw name="Create List" owner="BuiltIn">
<msg time="2024-04-18T15:14:28.475011" level="INFO">${allowed_titles} = ['Mr', 'Ms', 'Miss', 'Mrs', 'Madame', 'Monsieur']</msg>
<var>${allowed_titles}</var>
<arg>Mr</arg>
<arg>Ms</arg>
<arg>Miss</arg>
<arg>Mrs</arg>
<arg>Madame</arg>
<arg>Monsieur</arg>
<doc>Returns a list containing given items.</doc>
<status status="PASS" start="2024-04-18T15:14:28.474847" elapsed="0.000189"/>
</kw>
<kw name="List Should Contain Value" owner="Collections">
<msg time="2024-04-18T15:14:28.475516" level="INFO">False</msg>
<arg>${allowed_titles}</arg>
<arg>${name_title}</arg>
<doc>Fails if the ``value`` is not found from ``list``.</doc>
<status status="PASS" start="2024-04-18T15:14:28.475341" elapsed="0.000211"/>
</kw>
<kw name="Set Variable" owner="BuiltIn">
<msg time="2024-04-18T15:14:28.476233" level="INFO">${name_country} = UA</msg>
<var>${name_country}</var>
<arg>${json_data["results"][0]["nat"]}</arg>
<doc>Returns the given values which can then be assigned to a variables.</doc>
<status status="PASS" start="2024-04-18T15:14:28.475845" elapsed="0.000415"/>
</kw>
<kw name="Create List" owner="BuiltIn">
<msg time="2024-04-18T15:14:28.477160" level="INFO">${list_country} = ['AD', 'AE', 'AF', 'AG', 'AI', 'AL', 'AM', 'AO', 'AQ', 'AR', 'AS', 'AT', 'AU', 'AW', 'AX', 'AZ', 'BA', 'BB', 'BD', 'BE', 'BF', 'BG', 'BH', 'BI', 'BJ', 'BL', 'BM', 'BN', 'BO', 'BQ', 'BR', 'BS', 'BT', '...</msg>
<var>${list_country}</var>
<arg>AD</arg>
<arg>AE</arg>
<arg>AF</arg>
<arg>AG</arg>
<arg>AI</arg>
<arg>AL</arg>
<arg>AM</arg>
<arg>AO</arg>
<arg>AQ</arg>
<arg>AR</arg>
<arg>AS</arg>
<arg>AT</arg>
<arg>AU</arg>
<arg>AW</arg>
<arg>AX</arg>
<arg>AZ</arg>
<arg>BA</arg>
<arg>BB</arg>
<arg>BD</arg>
<arg>BE</arg>
<arg>BF</arg>
<arg>BG</arg>
<arg>BH</arg>
<arg>BI</arg>
<arg>BJ</arg>
<arg>BL</arg>
<arg>BM</arg>
<arg>BN</arg>
<arg>BO</arg>
<arg>BQ</arg>
<arg>BR</arg>
<arg>BS</arg>
<arg>BT</arg>
<arg>BV</arg>
<arg>BW</arg>
<arg>BY</arg>
<arg>BZ</arg>
<arg>CA</arg>
<arg>CC</arg>
<arg>CD</arg>
<arg>CF</arg>
<arg>CG</arg>
<arg>CH</arg>
<arg>CI</arg>
<arg>CK</arg>
<arg>CL</arg>
<arg>CM</arg>
<arg>CN</arg>
<arg>CO</arg>
<arg>CR</arg>
<arg>CU</arg>
<arg>CV</arg>
<arg>CW</arg>
<arg>CX</arg>
<arg>CY</arg>
<arg>CZ</arg>
<arg>DE</arg>
<arg>DJ</arg>
<arg>DK</arg>
<arg>DM</arg>
<arg>DO</arg>
<arg>DZ</arg>
<arg>EC</arg>
<arg>EE</arg>
<arg>EG</arg>
<arg>EH</arg>
<arg>ER</arg>
<arg>ES</arg>
<arg>ET</arg>
<arg>FI</arg>
<arg>FJ</arg>
<arg>FK</arg>
<arg>FM</arg>
<arg>FO</arg>
<arg>FR</arg>
<arg>GA</arg>
<arg>GB</arg>
<arg>GD</arg>
<arg>GE</arg>
<arg>GF</arg>
<arg>GG</arg>
<arg>GH</arg>
<arg>GI</arg>
<arg>GL</arg>
<arg>GM</arg>
<arg>GN</arg>
<arg>GP</arg>
<arg>GQ</arg>
<arg>GR</arg>
<arg>GS</arg>
<arg>GT</arg>
<arg>GU</arg>
<arg>GW</arg>
<arg>GY</arg>
<arg>HK</arg>
<arg>HM</arg>
<arg>HN</arg>
<arg>HR</arg>
<arg>HT</arg>
<arg>HU</arg>
<arg>ID</arg>
<arg>IE</arg>
<arg>IL</arg>
<arg>IM</arg>
<arg>IN</arg>
<arg>IO</arg>
<arg>IQ</arg>
<arg>IR</arg>
<arg>IS</arg>
<arg>IT</arg>
<arg>JE</arg>
<arg>JM</arg>
<arg>JO</arg>
<arg>JP</arg>
<arg>KE</arg>
<arg>KG</arg>
<arg>KH</arg>
<arg>KI</arg>
<arg>KM</arg>
<arg>KN</arg>
<arg>KP</arg>
<arg>KR</arg>
<arg>KW</arg>
<arg>KY</arg>
<arg>KZ</arg>
<arg>LA</arg>
<arg>LB</arg>
<arg>LC</arg>
<arg>LI</arg>
<arg>LK</arg>
<arg>LR</arg>
<arg>LS</arg>
<arg>LT</arg>
<arg>LU</arg>
<arg>LV</arg>
<arg>LY</arg>
<arg>MA</arg>
<arg>MC</arg>
<arg>MD</arg>
<arg>ME</arg>
<arg>MF</arg>
<arg>MG</arg>
<arg>MH</arg>
<arg>MK</arg>
<arg>ML</arg>
<arg>MM</arg>
<arg>MN</arg>
<arg>MO</arg>
<arg>MP</arg>
<arg>MQ</arg>
<arg>MR</arg>
<arg>MS</arg>
<arg>MT</arg>
<arg>MU</arg>
<arg>MV</arg>
<arg>MW</arg>
<arg>MX</arg>
<arg>MY</arg>
<arg>MZ</arg>
<arg>NA</arg>
<arg>NC</arg>
<arg>NE</arg>
<arg>NF</arg>
<arg>NG</arg>
<arg>NI</arg>
<arg>NL</arg>
<arg>NO</arg>
<arg>NP</arg>
<arg>NR</arg>
<arg>NU</arg>
<arg>NZ</arg>
<arg>OM</arg>
<arg>PA</arg>
<arg>PE</arg>
<arg>PF</arg>
<arg>PG</arg>
<arg>PH</arg>
<arg>PK</arg>
<arg>PL</arg>
<arg>PM</arg>
<arg>PN</arg>
<arg>PR</arg>
<arg>PS</arg>
<arg>PT</arg>
<arg>PW</arg>
<arg>PY</arg>
<arg>QA</arg>
<arg>RE</arg>
<arg>RO</arg>
<arg>RS</arg>
<arg>RU</arg>
<arg>RW</arg>
<arg>SA</arg>
<arg>SB</arg>
<arg>SC</arg>
<arg>SD</arg>
<arg>SE</arg>
<arg>SG</arg>
<arg>SH</arg>
<arg>SI</arg>
<arg>SJ</arg>
<arg>SK</arg>
<arg>SL</arg>
<arg>SM</arg>
<arg>SN</arg>
<arg>SO</arg>
<arg>SR</arg>
<arg>SS</arg>
<arg>ST</arg>
<arg>SV</arg>
<arg>SX</arg>
<arg>SY</arg>
<arg>SZ</arg>
<arg>TC</arg>
<arg>TD</arg>
<arg>TF</arg>
<arg>TG</arg>
<arg>TH</arg>
<arg>TJ</arg>
<arg>TK</arg>
<arg>TL</arg>
<arg>TM</arg>
<arg>TN</arg>
<arg>TO</arg>
<arg>TR</arg>
<arg>TT</arg>
<arg>TV</arg>
<arg>TW</arg>
<arg>TZ</arg>
<arg>UA</arg>
<arg>UG</arg>
<arg>UM</arg>
<arg>US</arg>
<arg>UY</arg>
<arg>UZ</arg>
<arg>VA</arg>
<arg>VC</arg>
<arg>VE</arg>
<arg>VG</arg>
<arg>VI</arg>
<arg>VN</arg>
<arg>VU</arg>
<arg>WF</arg>
<arg>WS</arg>
<arg>XK</arg>
<arg>YE</arg>
<arg>YT</arg>
<arg>ZA</arg>
<arg>ZM</arg>
<arg>ZW</arg>
<doc>Returns a list containing given items.</doc>
<status status="PASS" start="2024-04-18T15:14:28.476565" elapsed="0.000621"/>
</kw>
<kw name="List Should Contain Value" owner="Collections">
<msg time="2024-04-18T15:14:28.478205" level="INFO">False</msg>
<arg>${list_country}</arg>
<arg>${name_country}</arg>
<doc>Fails if the ``value`` is not found from ``list``.</doc>
<status status="PASS" start="2024-04-18T15:14:28.478000" elapsed="0.000241"/>
</kw>
<kw name="Run Keyword If" owner="BuiltIn">
<kw name="Should Be True" owner="BuiltIn">
<arg>${True}</arg>
<doc>Fails if the given condition is not true.</doc>
<status status="PASS" start="2024-04-18T15:14:28.479320" elapsed="0.000143"/>
</kw>
<arg>${json_data["results"][0]["location"]["coordinates"]["latitude"]} &gt;= -90 and ${json_data["results"][0]["location"]["coordinates"]["latitude"]} &lt;= 90</arg>
<arg>Should Be True</arg>
<arg>${True}</arg>
<doc>Runs the given keyword with the given arguments, if ``condition`` is true.</doc>
<status status="PASS" start="2024-04-18T15:14:28.478559" elapsed="0.001030"/>
</kw>
<kw name="Run Keyword If" owner="BuiltIn">
<kw name="Should Be True" owner="BuiltIn">
<arg>${True}</arg>
<doc>Fails if the given condition is not true.</doc>
<status status="PASS" start="2024-04-18T15:14:28.480494" elapsed="0.000246"/>
</kw>
<arg>${json_data["results"][0]["location"]["coordinates"]["longitude"]} &gt;= -180 and ${json_data["results"][0]["location"]["coordinates"]["longitude"]} &lt;= 180</arg>
<arg>Should Be True</arg>
<arg>${True}</arg>
<doc>Runs the given keyword with the given arguments, if ``condition`` is true.</doc>
<status status="PASS" start="2024-04-18T15:14:28.479784" elapsed="0.001085"/>
</kw>
<status status="PASS" start="2024-04-18T15:14:28.392064" elapsed="0.088936"/>
</kw>
<doc>Testa o conteúdo específico dos campos retornados pela API.</doc>
<tag>testeConteudo</tag>
<status status="PASS" start="2024-04-18T15:14:28.391398" elapsed="0.089748"/>
</test>
<status status="PASS" start="2024-04-18T15:14:27.679346" elapsed="0.803780"/>
</suite>
<status status="PASS" start="2024-04-18T15:14:27.665505" elapsed="0.822910"/>
</suite>
<statistics>
<total>
<stat pass="5" fail="0" skip="0">All Tests</stat>
</total>
<tag>
<stat pass="1" fail="0" skip="0">testeConteudo</stat>
<stat pass="1" fail="0" skip="0">testeEstruturaResposta</stat>
<stat pass="1" fail="0" skip="0">testeRequisicaoBasica</stat>
<stat pass="1" fail="0" skip="0">testeTiposDados</stat>
</tag>
<suite>
<stat pass="5" fail="0" skip="0" id="s1" name="Tests">Tests</stat>
<stat pass="5" fail="0" skip="0" id="s1-s1" name="Random-User-Test">Tests.Random-User-Test</stat>
</suite>
</statistics>
<errors>
</errors>
</robot>
