<?xml version="1.0" encoding="UTF-8"?>
<robot generator="Robot 7.0 (Python 3.12.3 on linux)" generated="2024-04-22T17:11:45.188048" rpa="false" schemaversion="5">
<suite id="s1" name="Tests" source="/home/runner/work/DesafioQAItauRogerioJordao/DesafioQAItauRogerioJordao/RamdonUser/tests">
<suite id="s1-s1" name="Random-User-Test" source="/home/runner/work/DesafioQAItauRogerioJordao/DesafioQAItauRogerioJordao/RamdonUser/tests/random-user-test.robot">
<test id="s1-s1-t1" name="Conectar" line="13">
<kw name="Conectar API" owner="random-user-service">
<kw name="Create Session" owner="RequestsLibrary">
<msg time="2024-04-22T17:11:45.540482" level="INFO">Creating Session using : alias=consultarAPI, url=https://randomuser.me/, headers={},                     cookies={}, auth=None, timeout=None, proxies=None, verify=False,                     debug=0 </msg>
<arg>consultarAPI</arg>
<arg>${URL}</arg>
<doc>Create Session: create a HTTP session to a server</doc>
<status status="PASS" start="2024-04-22T17:11:45.540289" elapsed="0.000360"/>
</kw>
<status status="PASS" start="2024-04-22T17:11:45.539358" elapsed="0.001632"/>
</kw>
<status status="PASS" start="2024-04-22T17:11:45.538823" elapsed="0.002358"/>
</test>
<test id="s1-s1-t2" name="Validar retorno 200 e JSON Válido" line="16">
<kw name="Teste de Requisicao Basica" owner="random-user-service">
<kw name="GET On Session" owner="RequestsLibrary">
<msg time="2024-04-22T17:11:45.902846" level="INFO">GET Request : url=https://randomuser.me/api 
 path_url=/api 
 headers={'User-Agent': 'python-requests/2.31.0', 'Accept-Encoding': 'gzip, deflate', 'Accept': '*/*', 'Connection': 'keep-alive'} 
 body=None 
 </msg>
<msg time="2024-04-22T17:11:45.903010" level="INFO">GET Response : url=https://randomuser.me/api 
 status=200, reason=OK 
 headers={'Date': 'Mon, 22 Apr 2024 17:11:45 GMT', 'Content-Type': 'application/json; charset=utf-8', 'Transfer-Encoding': 'chunked', 'Connection': 'keep-alive', 'X-Powered-By': 'Express', 'Access-Control-Allow-Origin': '*', 'Cache-Control': 'no-cache', 'ETag': 'W/"4ae-LfC/xMbJO4/VZrVtKO5GDYGEYQs"', 'Vary': 'Accept-Encoding', 'Content-Encoding': 'gzip', 'CF-Cache-Status': 'DYNAMIC', 'Report-To': '{"endpoints":[{"url":"https:\\/\\/a.nel.cloudflare.com\\/report\\/v4?s=ifiJpIJFQH2RKVGkTVGemSllgSfpyHUWPoqDsCT4xBS75tLvRTVvPH7Z4cv2Cx%2BiCm6%2FicNaflmZCC2KrdMCGPHUabXzwXLbdiUjR1A7S%2FVBtJ772c8iJgJngSQbcX6D"}],"group":"cf-nel","max_age":604800}', 'NEL': '{"success_fraction":0,"report_to":"cf-nel","max_age":604800}', 'Server': 'cloudflare', 'CF-RAY': '87873c1e884b5854-IAD', 'alt-svc': 'h3=":443"; ma=86400'} 
 body={"results":[{"gender":"female","name":{"title":"Mrs","first":"آیناز","last":"سالاری"},"location":{"street":{"number":3173,"name":"میرزای شیرازی"},"city":"قدس","state":"آذربایجان غربی","country":"Iran","postcode":89041,"coordinates":{"latitude":"16.6446","longitude":"163.1627"},"timezone":{"offset":"+1:00","description":"Brussels, Copenhagen, Madrid, Paris"}},"email":"aynz.slry@example.com","login":{"uuid":"24575ca0-e6ef-426b-90b4-17805ce8c8b4","username":"crazybutterfly530","password":"polska","salt":"A59lxRtd","md5":"0b3e209c629ccfc7cc012ba4364c6496","sha1":"79fbef537d96969d23fb77610580cd24fea174d0","sha256":"a1ce92d9ab7da8589e6f3b1f347d5d7e2e6e38c26a019207a7b095fbf6c34e04"},"dob":{"date":"1976-06-03T14:19:32.702Z","age":47},"registered":{"date":"2002-04-28T14:17:46.346Z","age":21},"phone":"078-57562801","cell":"0970-773-9923","id":{"name":"","value":null},"picture":{"large":"https://randomuser.me/api/portraits/women/32.jpg","medium":"https://randomuser.me/api/portraits/med/women/32.jpg","thumbnail":"https://randomuser.me/api/portraits/thumb/women/32.jpg"},"nat":"IR"}],"info":{"seed":"801a18932f8120c7","results":1,"page":1,"version":"1.4"}} 
 </msg>
<msg time="2024-04-22T17:11:45.903095" level="INFO">/opt/hostedtoolcache/Python/3.12.3/x64/lib/python3.12/site-packages/urllib3/connectionpool.py:1103: InsecureRequestWarning: Unverified HTTPS request is being made to host 'randomuser.me'. Adding certificate verification is strongly advised. See: https://urllib3.readthedocs.io/en/latest/advanced-usage.html#tls-warnings
  warnings.warn(</msg>
<msg time="2024-04-22T17:11:45.903242" level="INFO">${response} = &lt;Response [200]&gt;</msg>
<var>${response}</var>
<arg>consultarAPI</arg>
<arg>/api</arg>
<doc>Sends a GET request on a previously created HTTP Session.</doc>
<status status="PASS" start="2024-04-22T17:11:45.543739" elapsed="0.359545"/>
</kw>
<kw name="Should Be Equal As Numbers" owner="BuiltIn">
<msg time="2024-04-22T17:11:45.904445" level="INFO">Argument types are:
&lt;class 'int'&gt;
&lt;class 'str'&gt;</msg>
<arg>${response.status_code}</arg>
<arg>200</arg>
<doc>Fails if objects are unequal after converting them to real numbers.</doc>
<status status="PASS" start="2024-04-22T17:11:45.903956" elapsed="0.000557"/>
</kw>
<kw name="Log" owner="BuiltIn">
<msg time="2024-04-22T17:11:45.905250" level="INFO">200</msg>
<arg>${response.status_code}</arg>
<doc>Logs the given message with the given level.</doc>
<status status="PASS" start="2024-04-22T17:11:45.904882" elapsed="0.000411"/>
</kw>
<kw name="Set Variable" owner="BuiltIn">
<msg time="2024-04-22T17:11:45.906082" level="INFO">${json_data} = {'results': [{'gender': 'female', 'name': {'title': 'Mrs', 'first': 'آیناز', 'last': 'سالاری'}, 'location': {'street': {'number': 3173, 'name': 'میرزای شیرازی'}, 'city': 'قدس', 'state': 'آذربایجان غرب...</msg>
<var>${json_data}</var>
<arg>${response.json()}</arg>
<doc>Returns the given values which can then be assigned to a variables.</doc>
<status status="PASS" start="2024-04-22T17:11:45.905610" elapsed="0.000502"/>
</kw>
<kw name="Dictionary Should Contain Key" owner="Collections">
<msg time="2024-04-22T17:11:45.906597" level="INFO">False</msg>
<arg>${json_data}</arg>
<arg>results</arg>
<doc>Fails if ``key`` is not found from ``dictionary``.</doc>
<status status="PASS" start="2024-04-22T17:11:45.906427" elapsed="0.000216"/>
</kw>
<status status="PASS" start="2024-04-22T17:11:45.543488" elapsed="0.363417"/>
</kw>
<doc>Testa se a API responde corretamente e retorna um objeto JSON válido.</doc>
<tag>testeRequisicaoBasica</tag>
<status status="PASS" start="2024-04-22T17:11:45.543022" elapsed="0.364078"/>
</test>
<test id="s1-s1-t3" name="Validar estrutura de resposta" line="22">
<kw name="Teste de Estrutura de Resposta" owner="random-user-service">
<kw name="GET On Session" owner="RequestsLibrary">
<msg time="2024-04-22T17:11:46.333970" level="INFO">GET Request : url=https://randomuser.me/api 
 path_url=/api 
 headers={'User-Agent': 'python-requests/2.31.0', 'Accept-Encoding': 'gzip, deflate', 'Accept': '*/*', 'Connection': 'keep-alive'} 
 body=None 
 </msg>
<msg time="2024-04-22T17:11:46.334063" level="INFO">GET Response : url=https://randomuser.me/api 
 status=200, reason=OK 
 headers={'Date': 'Mon, 22 Apr 2024 17:11:46 GMT', 'Content-Type': 'application/json; charset=utf-8', 'Transfer-Encoding': 'chunked', 'Connection': 'keep-alive', 'X-Powered-By': 'Express', 'Access-Control-Allow-Origin': '*', 'Cache-Control': 'no-cache', 'ETag': 'W/"49f-Guk7wTB0czX1v9ofta/UHnBC4c4"', 'Vary': 'Accept-Encoding', 'Content-Encoding': 'gzip', 'CF-Cache-Status': 'DYNAMIC', 'Report-To': '{"endpoints":[{"url":"https:\\/\\/a.nel.cloudflare.com\\/report\\/v4?s=RafDIJ8wxx3RLZVzMmi2R7VUayeXLEfz36WsQkWql8XWfhKLUi%2BzQBJEt3WNWHai5FKKE841uFwyON5XUjgNktX4rD5BwR7GfD0yjpigP5rFweL4%2F%2Bseu4nn4C5QAVSd"}],"group":"cf-nel","max_age":604800}', 'NEL': '{"success_fraction":0,"report_to":"cf-nel","max_age":604800}', 'Server': 'cloudflare', 'CF-RAY': '87873c1ff9ce5854-IAD', 'alt-svc': 'h3=":443"; ma=86400'} 
 body={"results":[{"gender":"female","name":{"title":"Miss","first":"Vaani","last":"Moolya"},"location":{"street":{"number":8558,"name":"Maharanipeta"},"city":"Allahabad","state":"Jammu and Kashmir","country":"India","postcode":52232,"coordinates":{"latitude":"11.0899","longitude":"130.3068"},"timezone":{"offset":"+11:00","description":"Magadan, Solomon Islands, New Caledonia"}},"email":"vaani.moolya@example.com","login":{"uuid":"e80fd706-77ff-4026-93be-cbeaaa537e82","username":"tinypeacock730","password":"pppppp","salt":"C99chAZn","md5":"f3ef20adaa092b53b4a0d4e10adb5dfd","sha1":"e8605d195db4128b6d7d17e5fb2e5c988b767721","sha256":"a72f1d8449b9c3c073506474c1f0238451ca6877c028536defdc7cc8d3e300b6"},"dob":{"date":"1994-07-23T05:01:00.214Z","age":29},"registered":{"date":"2014-11-27T09:55:08.913Z","age":9},"phone":"8324851789","cell":"7513892535","id":{"name":"UIDAI","value":"566996536801"},"picture":{"large":"https://randomuser.me/api/portraits/women/65.jpg","medium":"https://randomuser.me/api/portraits/med/women/65.jpg","thumbnail":"https://randomuser.me/api/portraits/thumb/women/65.jpg"},"nat":"IN"}],"info":{"seed":"61d7fbeb9d77e973","results":1,"page":1,"version":"1.4"}} 
 </msg>
<msg time="2024-04-22T17:11:46.334184" level="INFO">/opt/hostedtoolcache/Python/3.12.3/x64/lib/python3.12/site-packages/urllib3/connectionpool.py:1103: InsecureRequestWarning: Unverified HTTPS request is being made to host 'randomuser.me'. Adding certificate verification is strongly advised. See: https://urllib3.readthedocs.io/en/latest/advanced-usage.html#tls-warnings
  warnings.warn(</msg>
<msg time="2024-04-22T17:11:46.334311" level="INFO">${response} = &lt;Response [200]&gt;</msg>
<var>${response}</var>
<arg>consultarAPI</arg>
<arg>/api</arg>
<doc>Sends a GET request on a previously created HTTP Session.</doc>
<status status="PASS" start="2024-04-22T17:11:45.909886" elapsed="0.424466"/>
</kw>
<kw name="Set Variable" owner="BuiltIn">
<msg time="2024-04-22T17:11:46.335492" level="INFO">${json_data} = {'results': [{'gender': 'female', 'name': {'title': 'Miss', 'first': 'Vaani', 'last': 'Moolya'}, 'location': {'street': {'number': 8558, 'name': 'Maharanipeta'}, 'city': 'Allahabad', 'state': 'Jammu a...</msg>
<var>${json_data}</var>
<arg>${response.json()}</arg>
<doc>Returns the given values which can then be assigned to a variables.</doc>
<status status="PASS" start="2024-04-22T17:11:46.334928" elapsed="0.000592"/>
</kw>
<kw name="Log" owner="BuiltIn">
<msg time="2024-04-22T17:11:46.336033" level="INFO">{'results': [{'gender': 'female', 'name': {'title': 'Miss', 'first': 'Vaani', 'last': 'Moolya'}, 'location': {'street': {'number': 8558, 'name': 'Maharanipeta'}, 'city': 'Allahabad', 'state': 'Jammu and Kashmir', 'country': 'India', 'postcode': 52232, 'coordinates': {'latitude': '11.0899', 'longitude': '130.3068'}, 'timezone': {'offset': '+11:00', 'description': 'Magadan, Solomon Islands, New Caledonia'}}, 'email': 'vaani.moolya@example.com', 'login': {'uuid': 'e80fd706-77ff-4026-93be-cbeaaa537e82', 'username': 'tinypeacock730', 'password': 'pppppp', 'salt': 'C99chAZn', 'md5': 'f3ef20adaa092b53b4a0d4e10adb5dfd', 'sha1': 'e8605d195db4128b6d7d17e5fb2e5c988b767721', 'sha256': 'a72f1d8449b9c3c073506474c1f0238451ca6877c028536defdc7cc8d3e300b6'}, 'dob': {'date': '1994-07-23T05:01:00.214Z', 'age': 29}, 'registered': {'date': '2014-11-27T09:55:08.913Z', 'age': 9}, 'phone': '8324851789', 'cell': '7513892535', 'id': {'name': 'UIDAI', 'value': '566996536801'}, 'picture': {'large': 'https://randomuser.me/api/portraits/women/65.jpg', 'medium': 'https://randomuser.me/api/portraits/med/women/65.jpg', 'thumbnail': 'https://randomuser.me/api/portraits/thumb/women/65.jpg'}, 'nat': 'IN'}], 'info': {'seed': '61d7fbeb9d77e973', 'results': 1, 'page': 1, 'version': '1.4'}}</msg>
<arg>${json_data}</arg>
<doc>Logs the given message with the given level.</doc>
<status status="PASS" start="2024-04-22T17:11:46.335828" elapsed="0.000254"/>
</kw>
<kw name="Dictionary Should Contain Key" owner="Collections">
<msg time="2024-04-22T17:11:46.336546" level="INFO">False</msg>
<arg>${json_data}</arg>
<arg>results</arg>
<doc>Fails if ``key`` is not found from ``dictionary``.</doc>
<status status="PASS" start="2024-04-22T17:11:46.336384" elapsed="0.000200"/>
</kw>
<kw name="Should Not Be Empty" owner="BuiltIn">
<msg time="2024-04-22T17:11:46.337012" level="INFO">Length is 2.</msg>
<arg>${json_data}</arg>
<doc>Verifies that the given item is not empty.</doc>
<status status="PASS" start="2024-04-22T17:11:46.336876" elapsed="0.000173"/>
</kw>
<kw name="Create List" owner="BuiltIn">
<msg time="2024-04-22T17:11:46.337644" level="INFO">${expected_keys} = ['gender', 'name', 'location', 'email', 'login']</msg>
<var>${expected_keys}</var>
<arg>gender</arg>
<arg>name</arg>
<arg>location</arg>
<arg>email</arg>
<arg>login</arg>
<doc>Returns a list containing given items.</doc>
<status status="PASS" start="2024-04-22T17:11:46.337343" elapsed="0.000326"/>
</kw>
<for flavor="IN">
<iter>
<kw name="Dictionary Should Contain Key" owner="Collections">
<msg time="2024-04-22T17:11:46.338638" level="INFO">False</msg>
<arg>${json_data['results'][0]}</arg>
<arg>${key}</arg>
<doc>Fails if ``key`` is not found from ``dictionary``.</doc>
<status status="PASS" start="2024-04-22T17:11:46.338252" elapsed="0.000424"/>
</kw>
<kw name="Log" owner="BuiltIn">
<msg time="2024-04-22T17:11:46.339347" level="INFO">{'gender': 'female', 'name': {'title': 'Miss', 'first': 'Vaani', 'last': 'Moolya'}, 'location': {'street': {'number': 8558, 'name': 'Maharanipeta'}, 'city': 'Allahabad', 'state': 'Jammu and Kashmir', 'country': 'India', 'postcode': 52232, 'coordinates': {'latitude': '11.0899', 'longitude': '130.3068'}, 'timezone': {'offset': '+11:00', 'description': 'Magadan, Solomon Islands, New Caledonia'}}, 'email': 'vaani.moolya@example.com', 'login': {'uuid': 'e80fd706-77ff-4026-93be-cbeaaa537e82', 'username': 'tinypeacock730', 'password': 'pppppp', 'salt': 'C99chAZn', 'md5': 'f3ef20adaa092b53b4a0d4e10adb5dfd', 'sha1': 'e8605d195db4128b6d7d17e5fb2e5c988b767721', 'sha256': 'a72f1d8449b9c3c073506474c1f0238451ca6877c028536defdc7cc8d3e300b6'}, 'dob': {'date': '1994-07-23T05:01:00.214Z', 'age': 29}, 'registered': {'date': '2014-11-27T09:55:08.913Z', 'age': 9}, 'phone': '8324851789', 'cell': '7513892535', 'id': {'name': 'UIDAI', 'value': '566996536801'}, 'picture': {'large': 'https://randomuser.me/api/portraits/women/65.jpg', 'medium': 'https://randomuser.me/api/portraits/med/women/65.jpg', 'thumbnail': 'https://randomuser.me/api/portraits/thumb/women/65.jpg'}, 'nat': 'IN'}</msg>
<arg>${json_data['results'][0]}</arg>
<doc>Logs the given message with the given level.</doc>
<status status="PASS" start="2024-04-22T17:11:46.338980" elapsed="0.000415"/>
</kw>
<kw name="Log" owner="BuiltIn">
<msg time="2024-04-22T17:11:46.339813" level="INFO">gender</msg>
<arg>${key}</arg>
<doc>Logs the given message with the given level.</doc>
<status status="PASS" start="2024-04-22T17:11:46.339689" elapsed="0.000160"/>
</kw>
<var name="${key}">gender</var>
<status status="PASS" start="2024-04-22T17:11:46.338127" elapsed="0.001956"/>
</iter>
<iter>
<kw name="Dictionary Should Contain Key" owner="Collections">
<msg time="2024-04-22T17:11:46.340758" level="INFO">False</msg>
<arg>${json_data['results'][0]}</arg>
<arg>${key}</arg>
<doc>Fails if ``key`` is not found from ``dictionary``.</doc>
<status status="PASS" start="2024-04-22T17:11:46.340384" elapsed="0.000411"/>
</kw>
<kw name="Log" owner="BuiltIn">
<msg time="2024-04-22T17:11:46.341473" level="INFO">{'gender': 'female', 'name': {'title': 'Miss', 'first': 'Vaani', 'last': 'Moolya'}, 'location': {'street': {'number': 8558, 'name': 'Maharanipeta'}, 'city': 'Allahabad', 'state': 'Jammu and Kashmir', 'country': 'India', 'postcode': 52232, 'coordinates': {'latitude': '11.0899', 'longitude': '130.3068'}, 'timezone': {'offset': '+11:00', 'description': 'Magadan, Solomon Islands, New Caledonia'}}, 'email': 'vaani.moolya@example.com', 'login': {'uuid': 'e80fd706-77ff-4026-93be-cbeaaa537e82', 'username': 'tinypeacock730', 'password': 'pppppp', 'salt': 'C99chAZn', 'md5': 'f3ef20adaa092b53b4a0d4e10adb5dfd', 'sha1': 'e8605d195db4128b6d7d17e5fb2e5c988b767721', 'sha256': 'a72f1d8449b9c3c073506474c1f0238451ca6877c028536defdc7cc8d3e300b6'}, 'dob': {'date': '1994-07-23T05:01:00.214Z', 'age': 29}, 'registered': {'date': '2014-11-27T09:55:08.913Z', 'age': 9}, 'phone': '8324851789', 'cell': '7513892535', 'id': {'name': 'UIDAI', 'value': '566996536801'}, 'picture': {'large': 'https://randomuser.me/api/portraits/women/65.jpg', 'medium': 'https://randomuser.me/api/portraits/med/women/65.jpg', 'thumbnail': 'https://randomuser.me/api/portraits/thumb/women/65.jpg'}, 'nat': 'IN'}</msg>
<arg>${json_data['results'][0]}</arg>
<doc>Logs the given message with the given level.</doc>
<status status="PASS" start="2024-04-22T17:11:46.341116" elapsed="0.000406"/>
</kw>
<kw name="Log" owner="BuiltIn">
<msg time="2024-04-22T17:11:46.341941" level="INFO">name</msg>
<arg>${key}</arg>
<doc>Logs the given message with the given level.</doc>
<status status="PASS" start="2024-04-22T17:11:46.341814" elapsed="0.000163"/>
</kw>
<var name="${key}">name</var>
<status status="PASS" start="2024-04-22T17:11:46.340269" elapsed="0.001920"/>
</iter>
<iter>
<kw name="Dictionary Should Contain Key" owner="Collections">
<msg time="2024-04-22T17:11:46.342860" level="INFO">False</msg>
<arg>${json_data['results'][0]}</arg>
<arg>${key}</arg>
<doc>Fails if ``key`` is not found from ``dictionary``.</doc>
<status status="PASS" start="2024-04-22T17:11:46.342477" elapsed="0.000419"/>
</kw>
<kw name="Log" owner="BuiltIn">
<msg time="2024-04-22T17:11:46.343541" level="INFO">{'gender': 'female', 'name': {'title': 'Miss', 'first': 'Vaani', 'last': 'Moolya'}, 'location': {'street': {'number': 8558, 'name': 'Maharanipeta'}, 'city': 'Allahabad', 'state': 'Jammu and Kashmir', 'country': 'India', 'postcode': 52232, 'coordinates': {'latitude': '11.0899', 'longitude': '130.3068'}, 'timezone': {'offset': '+11:00', 'description': 'Magadan, Solomon Islands, New Caledonia'}}, 'email': 'vaani.moolya@example.com', 'login': {'uuid': 'e80fd706-77ff-4026-93be-cbeaaa537e82', 'username': 'tinypeacock730', 'password': 'pppppp', 'salt': 'C99chAZn', 'md5': 'f3ef20adaa092b53b4a0d4e10adb5dfd', 'sha1': 'e8605d195db4128b6d7d17e5fb2e5c988b767721', 'sha256': 'a72f1d8449b9c3c073506474c1f0238451ca6877c028536defdc7cc8d3e300b6'}, 'dob': {'date': '1994-07-23T05:01:00.214Z', 'age': 29}, 'registered': {'date': '2014-11-27T09:55:08.913Z', 'age': 9}, 'phone': '8324851789', 'cell': '7513892535', 'id': {'name': 'UIDAI', 'value': '566996536801'}, 'picture': {'large': 'https://randomuser.me/api/portraits/women/65.jpg', 'medium': 'https://randomuser.me/api/portraits/med/women/65.jpg', 'thumbnail': 'https://randomuser.me/api/portraits/thumb/women/65.jpg'}, 'nat': 'IN'}</msg>
<arg>${json_data['results'][0]}</arg>
<doc>Logs the given message with the given level.</doc>
<status status="PASS" start="2024-04-22T17:11:46.343187" elapsed="0.000400"/>
</kw>
<kw name="Log" owner="BuiltIn">
<msg time="2024-04-22T17:11:46.344034" level="INFO">location</msg>
<arg>${key}</arg>
<doc>Logs the given message with the given level.</doc>
<status status="PASS" start="2024-04-22T17:11:46.343878" elapsed="0.000194"/>
</kw>
<var name="${key}">location</var>
<status status="PASS" start="2024-04-22T17:11:46.342366" elapsed="0.001916"/>
</iter>
<iter>
<kw name="Dictionary Should Contain Key" owner="Collections">
<msg time="2024-04-22T17:11:46.344946" level="INFO">False</msg>
<arg>${json_data['results'][0]}</arg>
<arg>${key}</arg>
<doc>Fails if ``key`` is not found from ``dictionary``.</doc>
<status status="PASS" start="2024-04-22T17:11:46.344564" elapsed="0.000419"/>
</kw>
<kw name="Log" owner="BuiltIn">
<msg time="2024-04-22T17:11:46.345632" level="INFO">{'gender': 'female', 'name': {'title': 'Miss', 'first': 'Vaani', 'last': 'Moolya'}, 'location': {'street': {'number': 8558, 'name': 'Maharanipeta'}, 'city': 'Allahabad', 'state': 'Jammu and Kashmir', 'country': 'India', 'postcode': 52232, 'coordinates': {'latitude': '11.0899', 'longitude': '130.3068'}, 'timezone': {'offset': '+11:00', 'description': 'Magadan, Solomon Islands, New Caledonia'}}, 'email': 'vaani.moolya@example.com', 'login': {'uuid': 'e80fd706-77ff-4026-93be-cbeaaa537e82', 'username': 'tinypeacock730', 'password': 'pppppp', 'salt': 'C99chAZn', 'md5': 'f3ef20adaa092b53b4a0d4e10adb5dfd', 'sha1': 'e8605d195db4128b6d7d17e5fb2e5c988b767721', 'sha256': 'a72f1d8449b9c3c073506474c1f0238451ca6877c028536defdc7cc8d3e300b6'}, 'dob': {'date': '1994-07-23T05:01:00.214Z', 'age': 29}, 'registered': {'date': '2014-11-27T09:55:08.913Z', 'age': 9}, 'phone': '8324851789', 'cell': '7513892535', 'id': {'name': 'UIDAI', 'value': '566996536801'}, 'picture': {'large': 'https://randomuser.me/api/portraits/women/65.jpg', 'medium': 'https://randomuser.me/api/portraits/med/women/65.jpg', 'thumbnail': 'https://randomuser.me/api/portraits/thumb/women/65.jpg'}, 'nat': 'IN'}</msg>
<arg>${json_data['results'][0]}</arg>
<doc>Logs the given message with the given level.</doc>
<status status="PASS" start="2024-04-22T17:11:46.345277" elapsed="0.000402"/>
</kw>
<kw name="Log" owner="BuiltIn">
<msg time="2024-04-22T17:11:46.346091" level="INFO">email</msg>
<arg>${key}</arg>
<doc>Logs the given message with the given level.</doc>
<status status="PASS" start="2024-04-22T17:11:46.345965" elapsed="0.000163"/>
</kw>
<var name="${key}">email</var>
<status status="PASS" start="2024-04-22T17:11:46.344455" elapsed="0.001889"/>
</iter>
<iter>
<kw name="Dictionary Should Contain Key" owner="Collections">
<msg time="2024-04-22T17:11:46.347004" level="INFO">False</msg>
<arg>${json_data['results'][0]}</arg>
<arg>${key}</arg>
<doc>Fails if ``key`` is not found from ``dictionary``.</doc>
<status status="PASS" start="2024-04-22T17:11:46.346626" elapsed="0.000416"/>
</kw>
<kw name="Log" owner="BuiltIn">
<msg time="2024-04-22T17:11:46.347690" level="INFO">{'gender': 'female', 'name': {'title': 'Miss', 'first': 'Vaani', 'last': 'Moolya'}, 'location': {'street': {'number': 8558, 'name': 'Maharanipeta'}, 'city': 'Allahabad', 'state': 'Jammu and Kashmir', 'country': 'India', 'postcode': 52232, 'coordinates': {'latitude': '11.0899', 'longitude': '130.3068'}, 'timezone': {'offset': '+11:00', 'description': 'Magadan, Solomon Islands, New Caledonia'}}, 'email': 'vaani.moolya@example.com', 'login': {'uuid': 'e80fd706-77ff-4026-93be-cbeaaa537e82', 'username': 'tinypeacock730', 'password': 'pppppp', 'salt': 'C99chAZn', 'md5': 'f3ef20adaa092b53b4a0d4e10adb5dfd', 'sha1': 'e8605d195db4128b6d7d17e5fb2e5c988b767721', 'sha256': 'a72f1d8449b9c3c073506474c1f0238451ca6877c028536defdc7cc8d3e300b6'}, 'dob': {'date': '1994-07-23T05:01:00.214Z', 'age': 29}, 'registered': {'date': '2014-11-27T09:55:08.913Z', 'age': 9}, 'phone': '8324851789', 'cell': '7513892535', 'id': {'name': 'UIDAI', 'value': '566996536801'}, 'picture': {'large': 'https://randomuser.me/api/portraits/women/65.jpg', 'medium': 'https://randomuser.me/api/portraits/med/women/65.jpg', 'thumbnail': 'https://randomuser.me/api/portraits/thumb/women/65.jpg'}, 'nat': 'IN'}</msg>
<arg>${json_data['results'][0]}</arg>
<doc>Logs the given message with the given level.</doc>
<status status="PASS" start="2024-04-22T17:11:46.347340" elapsed="0.000396"/>
</kw>
<kw name="Log" owner="BuiltIn">
<msg time="2024-04-22T17:11:46.348179" level="INFO">login</msg>
<arg>${key}</arg>
<doc>Logs the given message with the given level.</doc>
<status status="PASS" start="2024-04-22T17:11:46.348053" elapsed="0.000164"/>
</kw>
<var name="${key}">login</var>
<status status="PASS" start="2024-04-22T17:11:46.346515" elapsed="0.001939"/>
</iter>
<var>${key}</var>
<value>@{expected_keys}</value>
<status status="PASS" start="2024-04-22T17:11:46.337934" elapsed="0.010644"/>
</for>
<kw name="Create List" owner="BuiltIn">
<msg time="2024-04-22T17:11:46.348905" level="INFO">${expected_keysTwo} = ['username', 'password']</msg>
<var>${expected_keysTwo}</var>
<arg>username</arg>
<arg>password</arg>
<doc>Returns a list containing given items.</doc>
<status status="PASS" start="2024-04-22T17:11:46.348770" elapsed="0.000159"/>
</kw>
<for flavor="IN">
<iter>
<kw name="Dictionary Should Contain Key" owner="Collections">
<msg time="2024-04-22T17:11:46.349814" level="INFO">False</msg>
<arg>${json_data['results'][0]['login']}</arg>
<arg>${keyTwo}</arg>
<doc>Fails if ``key`` is not found from ``dictionary``.</doc>
<status status="PASS" start="2024-04-22T17:11:46.349422" elapsed="0.000429"/>
</kw>
<kw name="Dictionary Should Contain Key" owner="Collections">
<msg time="2024-04-22T17:11:46.350521" level="INFO">False</msg>
<arg>${json_data['results'][0]['login']}</arg>
<arg>${keyTwo}</arg>
<doc>Fails if ``key`` is not found from ``dictionary``.</doc>
<status status="PASS" start="2024-04-22T17:11:46.350144" elapsed="0.000413"/>
</kw>
<kw name="Log" owner="BuiltIn">
<msg time="2024-04-22T17:11:46.350971" level="INFO">username</msg>
<arg>${keyTwo}</arg>
<doc>Logs the given message with the given level.</doc>
<status status="PASS" start="2024-04-22T17:11:46.350845" elapsed="0.000167"/>
</kw>
<var name="${keyTwo}">username</var>
<status status="PASS" start="2024-04-22T17:11:46.349314" elapsed="0.001915"/>
</iter>
<iter>
<kw name="Dictionary Should Contain Key" owner="Collections">
<msg time="2024-04-22T17:11:46.351907" level="INFO">False</msg>
<arg>${json_data['results'][0]['login']}</arg>
<arg>${keyTwo}</arg>
<doc>Fails if ``key`` is not found from ``dictionary``.</doc>
<status status="PASS" start="2024-04-22T17:11:46.351510" elapsed="0.000437"/>
</kw>
<kw name="Dictionary Should Contain Key" owner="Collections">
<msg time="2024-04-22T17:11:46.352711" level="INFO">False</msg>
<arg>${json_data['results'][0]['login']}</arg>
<arg>${keyTwo}</arg>
<doc>Fails if ``key`` is not found from ``dictionary``.</doc>
<status status="PASS" start="2024-04-22T17:11:46.352249" elapsed="0.000500"/>
</kw>
<kw name="Log" owner="BuiltIn">
<msg time="2024-04-22T17:11:46.353172" level="INFO">password</msg>
<arg>${keyTwo}</arg>
<doc>Logs the given message with the given level.</doc>
<status status="PASS" start="2024-04-22T17:11:46.353044" elapsed="0.000165"/>
</kw>
<var name="${keyTwo}">password</var>
<status status="PASS" start="2024-04-22T17:11:46.351401" elapsed="0.002026"/>
</iter>
<var>${keyTwo}</var>
<value>@{expected_keysTwo}</value>
<status status="PASS" start="2024-04-22T17:11:46.349161" elapsed="0.004388"/>
</for>
<status status="PASS" start="2024-04-22T17:11:45.909645" elapsed="0.444048"/>
</kw>
<doc>Testa a estrutura da resposta da API.</doc>
<tag>testeEstruturaResposta</tag>
<status status="PASS" start="2024-04-22T17:11:45.909022" elapsed="0.444831"/>
</test>
<test id="s1-s1-t4" name="Validar tipos de dados" line="28">
<kw name="Teste de Tipos de Dados" owner="random-user-service">
<kw name="GET On Session" owner="RequestsLibrary">
<msg time="2024-04-22T17:11:46.484560" level="INFO">GET Request : url=https://randomuser.me/api 
 path_url=/api 
 headers={'User-Agent': 'python-requests/2.31.0', 'Accept-Encoding': 'gzip, deflate', 'Accept': '*/*', 'Connection': 'keep-alive'} 
 body=None 
 </msg>
<msg time="2024-04-22T17:11:46.484638" level="INFO">GET Response : url=https://randomuser.me/api 
 status=200, reason=OK 
 headers={'Date': 'Mon, 22 Apr 2024 17:11:46 GMT', 'Content-Type': 'application/json; charset=utf-8', 'Transfer-Encoding': 'chunked', 'Connection': 'keep-alive', 'X-Powered-By': 'Express', 'Access-Control-Allow-Origin': '*', 'Cache-Control': 'no-cache', 'ETag': 'W/"474-FzaEXNw649w/Gm2b4wwF9m3w/04"', 'Vary': 'Accept-Encoding', 'Content-Encoding': 'gzip', 'CF-Cache-Status': 'DYNAMIC', 'Report-To': '{"endpoints":[{"url":"https:\\/\\/a.nel.cloudflare.com\\/report\\/v4?s=iObgP%2B5zVUbAfSbJDcaYLzs7nIIGS6fIlJUSAF%2Fw9i2cIFypKUgiNeEQwk948YROkZ7wV1z2ArlcDv8ZdhCcd%2Fji8iN18Z6sxFOT7qnvITiNMRFYXK4yETe8%2FXKWLlJC"}],"group":"cf-nel","max_age":604800}', 'NEL': '{"success_fraction":0,"report_to":"cf-nel","max_age":604800}', 'Server': 'cloudflare', 'CF-RAY': '87873c22bcca5854-IAD', 'alt-svc': 'h3=":443"; ma=86400'} 
 body={"results":[{"gender":"male","name":{"title":"Mr","first":"Timothy","last":"Brady"},"location":{"street":{"number":3726,"name":"York Road"},"city":"Ennis","state":"Dún Laoghaire–Rathdown","country":"Ireland","postcode":88578,"coordinates":{"latitude":"3.7699","longitude":"-133.6915"},"timezone":{"offset":"+3:30","description":"Tehran"}},"email":"timothy.brady@example.com","login":{"uuid":"e195f63d-1d0b-4fe3-af40-d1c3dada90f0","username":"brownbear876","password":"yomama","salt":"hZdS87oj","md5":"4335e664a7c72c234332d6e3dc7af7ee","sha1":"3d1bc85a12ad9e82298997082172d0c3b2136beb","sha256":"c85d5496618bc93c6f6113b888c10917d9ff9b4f3a33b8e525a98d600f3e56fe"},"dob":{"date":"1949-05-25T15:40:10.823Z","age":74},"registered":{"date":"2017-05-25T11:46:15.346Z","age":6},"phone":"061-686-6090","cell":"081-749-2574","id":{"name":"PPS","value":"3265843T"},"picture":{"large":"https://randomuser.me/api/portraits/men/19.jpg","medium":"https://randomuser.me/api/portraits/med/men/19.jpg","thumbnail":"https://randomuser.me/api/portraits/thumb/men/19.jpg"},"nat":"IE"}],"info":{"seed":"e6cae05bf4b3abfe","results":1,"page":1,"version":"1.4"}} 
 </msg>
<msg time="2024-04-22T17:11:46.484709" level="INFO">/opt/hostedtoolcache/Python/3.12.3/x64/lib/python3.12/site-packages/urllib3/connectionpool.py:1103: InsecureRequestWarning: Unverified HTTPS request is being made to host 'randomuser.me'. Adding certificate verification is strongly advised. See: https://urllib3.readthedocs.io/en/latest/advanced-usage.html#tls-warnings
  warnings.warn(</msg>
<msg time="2024-04-22T17:11:46.484817" level="INFO">${response} = &lt;Response [200]&gt;</msg>
<var>${response}</var>
<arg>consultarAPI</arg>
<arg>/api</arg>
<doc>Sends a GET request on a previously created HTTP Session.</doc>
<status status="PASS" start="2024-04-22T17:11:46.356429" elapsed="0.128437"/>
</kw>
<kw name="Set Variable" owner="BuiltIn">
<msg time="2024-04-22T17:11:46.485964" level="INFO">${json_data} = {'results': [{'gender': 'male', 'name': {'title': 'Mr', 'first': 'Timothy', 'last': 'Brady'}, 'location': {'street': {'number': 3726, 'name': 'York Road'}, 'city': 'Ennis', 'state': 'Dún Laoghaire–Rat...</msg>
<var>${json_data}</var>
<arg>${response.json()}</arg>
<doc>Returns the given values which can then be assigned to a variables.</doc>
<status status="PASS" start="2024-04-22T17:11:46.485379" elapsed="0.000615"/>
</kw>
<kw name="Log" owner="BuiltIn">
<msg time="2024-04-22T17:11:46.486451" level="INFO">{'results': [{'gender': 'male', 'name': {'title': 'Mr', 'first': 'Timothy', 'last': 'Brady'}, 'location': {'street': {'number': 3726, 'name': 'York Road'}, 'city': 'Ennis', 'state': 'Dún Laoghaire–Rathdown', 'country': 'Ireland', 'postcode': 88578, 'coordinates': {'latitude': '3.7699', 'longitude': '-133.6915'}, 'timezone': {'offset': '+3:30', 'description': 'Tehran'}}, 'email': 'timothy.brady@example.com', 'login': {'uuid': 'e195f63d-1d0b-4fe3-af40-d1c3dada90f0', 'username': 'brownbear876', 'password': 'yomama', 'salt': 'hZdS87oj', 'md5': '4335e664a7c72c234332d6e3dc7af7ee', 'sha1': '3d1bc85a12ad9e82298997082172d0c3b2136beb', 'sha256': 'c85d5496618bc93c6f6113b888c10917d9ff9b4f3a33b8e525a98d600f3e56fe'}, 'dob': {'date': '1949-05-25T15:40:10.823Z', 'age': 74}, 'registered': {'date': '2017-05-25T11:46:15.346Z', 'age': 6}, 'phone': '061-686-6090', 'cell': '081-749-2574', 'id': {'name': 'PPS', 'value': '3265843T'}, 'picture': {'large': 'https://randomuser.me/api/portraits/men/19.jpg', 'medium': 'https://randomuser.me/api/portraits/med/men/19.jpg', 'thumbnail': 'https://randomuser.me/api/portraits/thumb/men/19.jpg'}, 'nat': 'IE'}], 'info': {'seed': 'e6cae05bf4b3abfe', 'results': 1, 'page': 1, 'version': '1.4'}}</msg>
<arg>${json_data}</arg>
<doc>Logs the given message with the given level.</doc>
<status status="PASS" start="2024-04-22T17:11:46.486297" elapsed="0.000235"/>
</kw>
<kw name="Should Be String" owner="String">
<arg>${json_data['results'][0]['gender']}</arg>
<doc>Fails if the given ``item`` is not a string.</doc>
<status status="PASS" start="2024-04-22T17:11:46.486830" elapsed="0.000360"/>
</kw>
<kw name="Should Match Regexp" owner="BuiltIn">
<arg>${json_data['results'][0]['email']}</arg>
<arg>^[a-zA-Z0-9._%+-]+@[a-zA-Z0-9.-]+\.[a-zA-Z]{2,}$</arg>
<doc>Fails if ``string`` does not match ``pattern`` as a regular expression.</doc>
<status status="PASS" start="2024-04-22T17:11:46.487376" elapsed="0.000504"/>
</kw>
<kw name="Should Match Regexp" owner="BuiltIn">
<arg>${json_data['results'][0]['dob']['date']}</arg>
<arg>\\d{4}-\\d{2}-\\d{2}T\\d{2}:\\d{2}:\\d{2}\\.\\d{3}Z</arg>
<doc>Fails if ``string`` does not match ``pattern`` as a regular expression.</doc>
<status status="PASS" start="2024-04-22T17:11:46.488122" elapsed="0.000483"/>
</kw>
<kw name="Should Match Regexp" owner="BuiltIn">
<arg>${json_data['results'][0]['registered']['date']}</arg>
<arg>\\d{4}-\\d{2}-\\d{2}T\\d{2}:\\d{2}:\\d{2}\\.\\d{3}Z</arg>
<doc>Fails if ``string`` does not match ``pattern`` as a regular expression.</doc>
<status status="PASS" start="2024-04-22T17:11:46.488792" elapsed="0.000362"/>
</kw>
<kw name="Should Match Regexp" owner="BuiltIn">
<arg>${json_data['results'][0]['picture']['large']}</arg>
<arg>^https?://.*\.(?:png|jpe?g|gif|bmp)$</arg>
<doc>Fails if ``string`` does not match ``pattern`` as a regular expression.</doc>
<status status="PASS" start="2024-04-22T17:11:46.489337" elapsed="0.000452"/>
</kw>
<kw name="Should Match Regexp" owner="BuiltIn">
<arg>${json_data['results'][0]['picture']['medium']}</arg>
<arg>^https?://.*\.(?:png|jpe?g|gif|bmp)$</arg>
<doc>Fails if ``string`` does not match ``pattern`` as a regular expression.</doc>
<status status="PASS" start="2024-04-22T17:11:46.489979" elapsed="0.000359"/>
</kw>
<kw name="Should Match Regexp" owner="BuiltIn">
<arg>${json_data['results'][0]['picture']['thumbnail']}</arg>
<arg>^https?://.*\.(?:png|jpe?g|gif|bmp)$</arg>
<doc>Fails if ``string`` does not match ``pattern`` as a regular expression.</doc>
<status status="PASS" start="2024-04-22T17:11:46.490524" elapsed="0.000349"/>
</kw>
<kw name="Log" owner="BuiltIn">
<msg time="2024-04-22T17:11:46.491368" level="INFO">{'large': 'https://randomuser.me/api/portraits/men/19.jpg', 'medium': 'https://randomuser.me/api/portraits/med/men/19.jpg', 'thumbnail': 'https://randomuser.me/api/portraits/thumb/men/19.jpg'}</msg>
<arg>${json_data['results'][0]['picture']}</arg>
<doc>Logs the given message with the given level.</doc>
<status status="PASS" start="2024-04-22T17:11:46.491051" elapsed="0.000356"/>
</kw>
<status status="PASS" start="2024-04-22T17:11:46.356203" elapsed="0.135453"/>
</kw>
<kw name="Teste de Tipos de Dados - Postcode" owner="random-user-service">
<kw name="GET On Session" owner="RequestsLibrary">
<msg time="2024-04-22T17:11:46.553807" level="INFO">GET Request : url=https://randomuser.me/api 
 path_url=/api 
 headers={'User-Agent': 'python-requests/2.31.0', 'Accept-Encoding': 'gzip, deflate', 'Accept': '*/*', 'Connection': 'keep-alive'} 
 body=None 
 </msg>
<msg time="2024-04-22T17:11:46.553875" level="INFO">GET Response : url=https://randomuser.me/api 
 status=200, reason=OK 
 headers={'Date': 'Mon, 22 Apr 2024 17:11:46 GMT', 'Content-Type': 'application/json; charset=utf-8', 'Transfer-Encoding': 'chunked', 'Connection': 'keep-alive', 'X-Powered-By': 'Express', 'Access-Control-Allow-Origin': '*', 'Cache-Control': 'no-cache', 'ETag': 'W/"499-+anE+mLiXEaLP0mkLa26gDyjKFw"', 'Vary': 'Accept-Encoding', 'Content-Encoding': 'gzip', 'CF-Cache-Status': 'DYNAMIC', 'Report-To': '{"endpoints":[{"url":"https:\\/\\/a.nel.cloudflare.com\\/report\\/v4?s=1cb9Zz7TytQC9HuzSVz%2F7p%2FrDRxP7toSFV5Xwrfo%2BA1KeaaaKPJ04Y81IbUhHPU18zq9ZWahS1BoteC7uCjYof6M%2FBiQOJU%2FBo%2F%2Bu6e1vxhqBVJoI2X6QxzpxJ73Hvaz"}],"group":"cf-nel","max_age":604800}', 'NEL': '{"success_fraction":0,"report_to":"cf-nel","max_age":604800}', 'Server': 'cloudflare', 'CF-RAY': '87873c239d965854-IAD', 'alt-svc': 'h3=":443"; ma=86400'} 
 body={"results":[{"gender":"female","name":{"title":"Miss","first":"Célia","last":"Bertrand"},"location":{"street":{"number":2306,"name":"Avenue Goerges Clémenceau"},"city":"Villeurbanne","state":"Loir-et-Cher","country":"France","postcode":44509,"coordinates":{"latitude":"-16.2855","longitude":"118.6471"},"timezone":{"offset":"+5:45","description":"Kathmandu"}},"email":"celia.bertrand@example.com","login":{"uuid":"310b31f8-6a03-4c83-91b2-4a20000a36a6","username":"bluefish672","password":"proxy","salt":"NbpWGnff","md5":"7a4663e25294034d7e646c6e250869ba","sha1":"0f2de36b2b067e1610de52e8399e5e6fb77b6287","sha256":"758af1b349af978b5432568ffd58961a966673b511875a51684a6487fec1c8dc"},"dob":{"date":"1955-01-23T23:04:51.471Z","age":69},"registered":{"date":"2002-06-15T16:05:15.838Z","age":21},"phone":"01-06-23-64-85","cell":"06-74-60-53-24","id":{"name":"INSEE","value":"2550039200676 49"},"picture":{"large":"https://randomuser.me/api/portraits/women/5.jpg","medium":"https://randomuser.me/api/portraits/med/women/5.jpg","thumbnail":"https://randomuser.me/api/portraits/thumb/women/5.jpg"},"nat":"FR"}],"info":{"seed":"e147d0ce89350a56","results":1,"page":1,"version":"1.4"}} 
 </msg>
<msg time="2024-04-22T17:11:46.553931" level="INFO">/opt/hostedtoolcache/Python/3.12.3/x64/lib/python3.12/site-packages/urllib3/connectionpool.py:1103: InsecureRequestWarning: Unverified HTTPS request is being made to host 'randomuser.me'. Adding certificate verification is strongly advised. See: https://urllib3.readthedocs.io/en/latest/advanced-usage.html#tls-warnings
  warnings.warn(</msg>
<msg time="2024-04-22T17:11:46.554013" level="INFO">${response} = &lt;Response [200]&gt;</msg>
<var>${response}</var>
<arg>consultarAPI</arg>
<arg>/api</arg>
<doc>Sends a GET request on a previously created HTTP Session.</doc>
<status status="PASS" start="2024-04-22T17:11:46.492118" elapsed="0.061939"/>
</kw>
<kw name="Set Variable" owner="BuiltIn">
<msg time="2024-04-22T17:11:46.555056" level="INFO">${json_data} = {'results': [{'gender': 'female', 'name': {'title': 'Miss', 'first': 'Célia', 'last': 'Bertrand'}, 'location': {'street': {'number': 2306, 'name': 'Avenue Goerges Clémenceau'}, 'city': 'Villeurbanne',...</msg>
<var>${json_data}</var>
<arg>${response.json()}</arg>
<doc>Returns the given values which can then be assigned to a variables.</doc>
<status status="PASS" start="2024-04-22T17:11:46.554502" elapsed="0.000583"/>
</kw>
<kw name="Log" owner="BuiltIn">
<msg time="2024-04-22T17:11:46.555546" level="INFO">{'results': [{'gender': 'female', 'name': {'title': 'Miss', 'first': 'Célia', 'last': 'Bertrand'}, 'location': {'street': {'number': 2306, 'name': 'Avenue Goerges Clémenceau'}, 'city': 'Villeurbanne', 'state': 'Loir-et-Cher', 'country': 'France', 'postcode': 44509, 'coordinates': {'latitude': '-16.2855', 'longitude': '118.6471'}, 'timezone': {'offset': '+5:45', 'description': 'Kathmandu'}}, 'email': 'celia.bertrand@example.com', 'login': {'uuid': '310b31f8-6a03-4c83-91b2-4a20000a36a6', 'username': 'bluefish672', 'password': 'proxy', 'salt': 'NbpWGnff', 'md5': '7a4663e25294034d7e646c6e250869ba', 'sha1': '0f2de36b2b067e1610de52e8399e5e6fb77b6287', 'sha256': '758af1b349af978b5432568ffd58961a966673b511875a51684a6487fec1c8dc'}, 'dob': {'date': '1955-01-23T23:04:51.471Z', 'age': 69}, 'registered': {'date': '2002-06-15T16:05:15.838Z', 'age': 21}, 'phone': '01-06-23-64-85', 'cell': '06-74-60-53-24', 'id': {'name': 'INSEE', 'value': '2550039200676 49'}, 'picture': {'large': 'https://randomuser.me/api/portraits/women/5.jpg', 'medium': 'https://randomuser.me/api/portraits/med/women/5.jpg', 'thumbnail': 'https://randomuser.me/api/portraits/thumb/women/5.jpg'}, 'nat': 'FR'}], 'info': {'seed': 'e147d0ce89350a56', 'results': 1, 'page': 1, 'version': '1.4'}}</msg>
<arg>${json_data}</arg>
<doc>Logs the given message with the given level.</doc>
<status status="PASS" start="2024-04-22T17:11:46.555392" elapsed="0.000232"/>
</kw>
<kw name="Should Be Equal As Numbers" owner="BuiltIn">
<arg>${json_data['results'][0]['location']['postcode']}</arg>
<arg>${json_data['results'][0]['location']['postcode']}</arg>
<doc>Fails if objects are unequal after converting them to real numbers.</doc>
<status status="PASS" start="2024-04-22T17:11:46.555956" elapsed="0.000749"/>
</kw>
<kw name="Log" owner="BuiltIn">
<msg time="2024-04-22T17:11:46.557232" level="INFO">44509</msg>
<arg>${json_data['results'][0]['location']['postcode']}</arg>
<doc>Logs the given message with the given level.</doc>
<status status="PASS" start="2024-04-22T17:11:46.556897" elapsed="0.000374"/>
</kw>
<status status="PASS" start="2024-04-22T17:11:46.491864" elapsed="0.065657"/>
</kw>
<doc>Testa se os tipos de dados na resposta da API estão corretos.</doc>
<tag>testeTiposDados</tag>
<status status="PASS" start="2024-04-22T17:11:46.355624" elapsed="0.202052"/>
</test>
<test id="s1-s1-t5" name="Validar conteudo" line="35">
<kw name="Teste de Tipos de Conteudo" owner="random-user-service">
<kw name="GET On Session" owner="RequestsLibrary">
<msg time="2024-04-22T17:11:46.656459" level="INFO">GET Request : url=https://randomuser.me/api 
 path_url=/api 
 headers={'User-Agent': 'python-requests/2.31.0', 'Accept-Encoding': 'gzip, deflate', 'Accept': '*/*', 'Connection': 'keep-alive'} 
 body=None 
 </msg>
<msg time="2024-04-22T17:11:46.656523" level="INFO">GET Response : url=https://randomuser.me/api 
 status=200, reason=OK 
 headers={'Date': 'Mon, 22 Apr 2024 17:11:46 GMT', 'Content-Type': 'application/json; charset=utf-8', 'Transfer-Encoding': 'chunked', 'Connection': 'keep-alive', 'X-Powered-By': 'Express', 'Access-Control-Allow-Origin': '*', 'Cache-Control': 'no-cache', 'ETag': 'W/"486-kEW2QuDas+XrPr3PFunJIhRNzH8"', 'Vary': 'Accept-Encoding', 'Content-Encoding': 'gzip', 'CF-Cache-Status': 'DYNAMIC', 'Report-To': '{"endpoints":[{"url":"https:\\/\\/a.nel.cloudflare.com\\/report\\/v4?s=a1tgeN%2BPUkn7JNvhItmRT0XhSz5pyoHYu4QffD%2BrB0ooeQas63xPZOVVDirKh1iBFHDXcgPdA1dkO09LJlvQPNBXNcg9kqwsoXOagtXq1V5wJX8MxD2gE2%2FPI69cqQw2"}],"group":"cf-nel","max_age":604800}', 'NEL': '{"success_fraction":0,"report_to":"cf-nel","max_age":604800}', 'Server': 'cloudflare', 'CF-RAY': '87873c240df05854-IAD', 'alt-svc': 'h3=":443"; ma=86400'} 
 body={"results":[{"gender":"female","name":{"title":"Mrs","first":"Veera","last":"Saari"},"location":{"street":{"number":4374,"name":"Hämeenkatu"},"city":"Askola","state":"Lapland","country":"Finland","postcode":26133,"coordinates":{"latitude":"-23.0799","longitude":"173.2348"},"timezone":{"offset":"+6:00","description":"Almaty, Dhaka, Colombo"}},"email":"veera.saari@example.com","login":{"uuid":"ecac6304-29cf-4d56-bc2d-316b1be47507","username":"ticklishduck211","password":"blackhaw","salt":"JU9YuzTV","md5":"52d6db56751931e51e9ec8f46c8f65d1","sha1":"c973d9b4408cc1566b1c89ce62c660890a9b0c92","sha256":"55eff01dcca7d8198dce6d03bc9dd08f4c2074a57d210b89f2e3482bf06d9e81"},"dob":{"date":"1966-06-20T05:42:53.020Z","age":57},"registered":{"date":"2017-03-25T00:28:55.480Z","age":7},"phone":"07-924-304","cell":"049-224-11-52","id":{"name":"HETU","value":"NaNNA988undefined"},"picture":{"large":"https://randomuser.me/api/portraits/women/8.jpg","medium":"https://randomuser.me/api/portraits/med/women/8.jpg","thumbnail":"https://randomuser.me/api/portraits/thumb/women/8.jpg"},"nat":"FI"}],"info":{"seed":"49adb78d97682b84","results":1,"page":1,"version":"1.4"}} 
 </msg>
<msg time="2024-04-22T17:11:46.656581" level="INFO">/opt/hostedtoolcache/Python/3.12.3/x64/lib/python3.12/site-packages/urllib3/connectionpool.py:1103: InsecureRequestWarning: Unverified HTTPS request is being made to host 'randomuser.me'. Adding certificate verification is strongly advised. See: https://urllib3.readthedocs.io/en/latest/advanced-usage.html#tls-warnings
  warnings.warn(</msg>
<msg time="2024-04-22T17:11:46.656664" level="INFO">${response} = &lt;Response [200]&gt;</msg>
<var>${response}</var>
<arg>consultarAPI</arg>
<arg>/api</arg>
<doc>Sends a GET request on a previously created HTTP Session.</doc>
<status status="PASS" start="2024-04-22T17:11:46.560110" elapsed="0.096578"/>
</kw>
<kw name="Set Variable" owner="BuiltIn">
<msg time="2024-04-22T17:11:46.657511" level="INFO">${json_data} = {'results': [{'gender': 'female', 'name': {'title': 'Mrs', 'first': 'Veera', 'last': 'Saari'}, 'location': {'street': {'number': 4374, 'name': 'Hämeenkatu'}, 'city': 'Askola', 'state': 'Lapland', 'cou...</msg>
<var>${json_data}</var>
<arg>${response.json()}</arg>
<doc>Returns the given values which can then be assigned to a variables.</doc>
<status status="PASS" start="2024-04-22T17:11:46.657061" elapsed="0.000479"/>
</kw>
<kw name="Set Variable" owner="BuiltIn">
<msg time="2024-04-22T17:11:46.658218" level="INFO">${name_title} = Mrs</msg>
<var>${name_title}</var>
<arg>${json_data["results"][0]["name"]["title"]}</arg>
<doc>Returns the given values which can then be assigned to a variables.</doc>
<status status="PASS" start="2024-04-22T17:11:46.657841" elapsed="0.000402"/>
</kw>
<kw name="Create List" owner="BuiltIn">
<msg time="2024-04-22T17:11:46.658686" level="INFO">${allowed_titles} = ['Mr', 'Ms', 'Miss', 'Mrs', 'Madame', 'Monsieur']</msg>
<var>${allowed_titles}</var>
<arg>Mr</arg>
<arg>Ms</arg>
<arg>Miss</arg>
<arg>Mrs</arg>
<arg>Madame</arg>
<arg>Monsieur</arg>
<doc>Returns a list containing given items.</doc>
<status status="PASS" start="2024-04-22T17:11:46.658534" elapsed="0.000176"/>
</kw>
<kw name="List Should Contain Value" owner="Collections">
<msg time="2024-04-22T17:11:46.659174" level="INFO">False</msg>
<arg>${allowed_titles}</arg>
<arg>${name_title}</arg>
<doc>Fails if the ``value`` is not found from ``list``.</doc>
<status status="PASS" start="2024-04-22T17:11:46.659010" elapsed="0.000199"/>
</kw>
<kw name="Set Variable" owner="BuiltIn">
<msg time="2024-04-22T17:11:46.659871" level="INFO">${name_country} = FI</msg>
<var>${name_country}</var>
<arg>${json_data["results"][0]["nat"]}</arg>
<doc>Returns the given values which can then be assigned to a variables.</doc>
<status status="PASS" start="2024-04-22T17:11:46.659496" elapsed="0.000437"/>
</kw>
<kw name="Create List" owner="BuiltIn">
<msg time="2024-04-22T17:11:46.660845" level="INFO">${list_country} = ['AD', 'AE', 'AF', 'AG', 'AI', 'AL', 'AM', 'AO', 'AQ', 'AR', 'AS', 'AT', 'AU', 'AW', 'AX', 'AZ', 'BA', 'BB', 'BD', 'BE', 'BF', 'BG', 'BH', 'BI', 'BJ', 'BL', 'BM', 'BN', 'BO', 'BQ', 'BR', 'BS', 'BT', '...</msg>
<var>${list_country}</var>
<arg>AD</arg>
<arg>AE</arg>
<arg>AF</arg>
<arg>AG</arg>
<arg>AI</arg>
<arg>AL</arg>
<arg>AM</arg>
<arg>AO</arg>
<arg>AQ</arg>
<arg>AR</arg>
<arg>AS</arg>
<arg>AT</arg>
<arg>AU</arg>
<arg>AW</arg>
<arg>AX</arg>
<arg>AZ</arg>
<arg>BA</arg>
<arg>BB</arg>
<arg>BD</arg>
<arg>BE</arg>
<arg>BF</arg>
<arg>BG</arg>
<arg>BH</arg>
<arg>BI</arg>
<arg>BJ</arg>
<arg>BL</arg>
<arg>BM</arg>
<arg>BN</arg>
<arg>BO</arg>
<arg>BQ</arg>
<arg>BR</arg>
<arg>BS</arg>
<arg>BT</arg>
<arg>BV</arg>
<arg>BW</arg>
<arg>BY</arg>
<arg>BZ</arg>
<arg>CA</arg>
<arg>CC</arg>
<arg>CD</arg>
<arg>CF</arg>
<arg>CG</arg>
<arg>CH</arg>
<arg>CI</arg>
<arg>CK</arg>
<arg>CL</arg>
<arg>CM</arg>
<arg>CN</arg>
<arg>CO</arg>
<arg>CR</arg>
<arg>CU</arg>
<arg>CV</arg>
<arg>CW</arg>
<arg>CX</arg>
<arg>CY</arg>
<arg>CZ</arg>
<arg>DE</arg>
<arg>DJ</arg>
<arg>DK</arg>
<arg>DM</arg>
<arg>DO</arg>
<arg>DZ</arg>
<arg>EC</arg>
<arg>EE</arg>
<arg>EG</arg>
<arg>EH</arg>
<arg>ER</arg>
<arg>ES</arg>
<arg>ET</arg>
<arg>FI</arg>
<arg>FJ</arg>
<arg>FK</arg>
<arg>FM</arg>
<arg>FO</arg>
<arg>FR</arg>
<arg>GA</arg>
<arg>GB</arg>
<arg>GD</arg>
<arg>GE</arg>
<arg>GF</arg>
<arg>GG</arg>
<arg>GH</arg>
<arg>GI</arg>
<arg>GL</arg>
<arg>GM</arg>
<arg>GN</arg>
<arg>GP</arg>
<arg>GQ</arg>
<arg>GR</arg>
<arg>GS</arg>
<arg>GT</arg>
<arg>GU</arg>
<arg>GW</arg>
<arg>GY</arg>
<arg>HK</arg>
<arg>HM</arg>
<arg>HN</arg>
<arg>HR</arg>
<arg>HT</arg>
<arg>HU</arg>
<arg>ID</arg>
<arg>IE</arg>
<arg>IL</arg>
<arg>IM</arg>
<arg>IN</arg>
<arg>IO</arg>
<arg>IQ</arg>
<arg>IR</arg>
<arg>IS</arg>
<arg>IT</arg>
<arg>JE</arg>
<arg>JM</arg>
<arg>JO</arg>
<arg>JP</arg>
<arg>KE</arg>
<arg>KG</arg>
<arg>KH</arg>
<arg>KI</arg>
<arg>KM</arg>
<arg>KN</arg>
<arg>KP</arg>
<arg>KR</arg>
<arg>KW</arg>
<arg>KY</arg>
<arg>KZ</arg>
<arg>LA</arg>
<arg>LB</arg>
<arg>LC</arg>
<arg>LI</arg>
<arg>LK</arg>
<arg>LR</arg>
<arg>LS</arg>
<arg>LT</arg>
<arg>LU</arg>
<arg>LV</arg>
<arg>LY</arg>
<arg>MA</arg>
<arg>MC</arg>
<arg>MD</arg>
<arg>ME</arg>
<arg>MF</arg>
<arg>MG</arg>
<arg>MH</arg>
<arg>MK</arg>
<arg>ML</arg>
<arg>MM</arg>
<arg>MN</arg>
<arg>MO</arg>
<arg>MP</arg>
<arg>MQ</arg>
<arg>MR</arg>
<arg>MS</arg>
<arg>MT</arg>
<arg>MU</arg>
<arg>MV</arg>
<arg>MW</arg>
<arg>MX</arg>
<arg>MY</arg>
<arg>MZ</arg>
<arg>NA</arg>
<arg>NC</arg>
<arg>NE</arg>
<arg>NF</arg>
<arg>NG</arg>
<arg>NI</arg>
<arg>NL</arg>
<arg>NO</arg>
<arg>NP</arg>
<arg>NR</arg>
<arg>NU</arg>
<arg>NZ</arg>
<arg>OM</arg>
<arg>PA</arg>
<arg>PE</arg>
<arg>PF</arg>
<arg>PG</arg>
<arg>PH</arg>
<arg>PK</arg>
<arg>PL</arg>
<arg>PM</arg>
<arg>PN</arg>
<arg>PR</arg>
<arg>PS</arg>
<arg>PT</arg>
<arg>PW</arg>
<arg>PY</arg>
<arg>QA</arg>
<arg>RE</arg>
<arg>RO</arg>
<arg>RS</arg>
<arg>RU</arg>
<arg>RW</arg>
<arg>SA</arg>
<arg>SB</arg>
<arg>SC</arg>
<arg>SD</arg>
<arg>SE</arg>
<arg>SG</arg>
<arg>SH</arg>
<arg>SI</arg>
<arg>SJ</arg>
<arg>SK</arg>
<arg>SL</arg>
<arg>SM</arg>
<arg>SN</arg>
<arg>SO</arg>
<arg>SR</arg>
<arg>SS</arg>
<arg>ST</arg>
<arg>SV</arg>
<arg>SX</arg>
<arg>SY</arg>
<arg>SZ</arg>
<arg>TC</arg>
<arg>TD</arg>
<arg>TF</arg>
<arg>TG</arg>
<arg>TH</arg>
<arg>TJ</arg>
<arg>TK</arg>
<arg>TL</arg>
<arg>TM</arg>
<arg>TN</arg>
<arg>TO</arg>
<arg>TR</arg>
<arg>TT</arg>
<arg>TV</arg>
<arg>TW</arg>
<arg>TZ</arg>
<arg>UA</arg>
<arg>UG</arg>
<arg>UM</arg>
<arg>US</arg>
<arg>UY</arg>
<arg>UZ</arg>
<arg>VA</arg>
<arg>VC</arg>
<arg>VE</arg>
<arg>VG</arg>
<arg>VI</arg>
<arg>VN</arg>
<arg>VU</arg>
<arg>WF</arg>
<arg>WS</arg>
<arg>XK</arg>
<arg>YE</arg>
<arg>YT</arg>
<arg>ZA</arg>
<arg>ZM</arg>
<arg>ZW</arg>
<doc>Returns a list containing given items.</doc>
<status status="PASS" start="2024-04-22T17:11:46.660251" elapsed="0.000619"/>
</kw>
<kw name="List Should Contain Value" owner="Collections">
<msg time="2024-04-22T17:11:46.661863" level="INFO">False</msg>
<arg>${list_country}</arg>
<arg>${name_country}</arg>
<doc>Fails if the ``value`` is not found from ``list``.</doc>
<status status="PASS" start="2024-04-22T17:11:46.661662" elapsed="0.000237"/>
</kw>
<kw name="Run Keyword If" owner="BuiltIn">
<kw name="Should Be True" owner="BuiltIn">
<arg>${True}</arg>
<doc>Fails if the given condition is not true.</doc>
<status status="PASS" start="2024-04-22T17:11:46.662954" elapsed="0.000140"/>
</kw>
<arg>${json_data["results"][0]["location"]["coordinates"]["latitude"]} &gt;= -90 and ${json_data["results"][0]["location"]["coordinates"]["latitude"]} &lt;= 90</arg>
<arg>Should Be True</arg>
<arg>${True}</arg>
<doc>Runs the given keyword with the given arguments, if ``condition`` is true.</doc>
<status status="PASS" start="2024-04-22T17:11:46.662208" elapsed="0.001011"/>
</kw>
<kw name="Run Keyword If" owner="BuiltIn">
<kw name="Should Be True" owner="BuiltIn">
<arg>${True}</arg>
<doc>Fails if the given condition is not true.</doc>
<status status="PASS" start="2024-04-22T17:11:46.664132" elapsed="0.000238"/>
</kw>
<arg>${json_data["results"][0]["location"]["coordinates"]["longitude"]} &gt;= -180 and ${json_data["results"][0]["location"]["coordinates"]["longitude"]} &lt;= 180</arg>
<arg>Should Be True</arg>
<arg>${True}</arg>
<doc>Runs the given keyword with the given arguments, if ``condition`` is true.</doc>
<status status="PASS" start="2024-04-22T17:11:46.663406" elapsed="0.001090"/>
</kw>
<status status="PASS" start="2024-04-22T17:11:46.559861" elapsed="0.104762"/>
</kw>
<doc>Testa o conteúdo específico dos campos retornados pela API.</doc>
<tag>testeConteudo</tag>
<status status="PASS" start="2024-04-22T17:11:46.559367" elapsed="0.105398"/>
</test>
<status status="PASS" start="2024-04-22T17:11:45.244792" elapsed="1.421848"/>
</suite>
<status status="PASS" start="2024-04-22T17:11:45.231474" elapsed="1.440164"/>
</suite>
<statistics>
<total>
<stat pass="5" fail="0" skip="0">All Tests</stat>
</total>
<tag>
<stat pass="1" fail="0" skip="0">testeConteudo</stat>
<stat pass="1" fail="0" skip="0">testeEstruturaResposta</stat>
<stat pass="1" fail="0" skip="0">testeRequisicaoBasica</stat>
<stat pass="1" fail="0" skip="0">testeTiposDados</stat>
</tag>
<suite>
<stat pass="5" fail="0" skip="0" id="s1" name="Tests">Tests</stat>
<stat pass="5" fail="0" skip="0" id="s1-s1" name="Random-User-Test">Tests.Random-User-Test</stat>
</suite>
</statistics>
<errors>
</errors>
</robot>
