<?xml version="1.0" encoding="UTF-8"?>
<robot generator="Robot 7.0.1 (Python 3.12.4 on linux)" generated="2024-06-21T22:14:23.359590" rpa="false" schemaversion="5">
<suite id="s1" name="Tests" source="/home/runner/work/ApiRandomUser/ApiRandomUser/RamdonUser/tests">
<suite id="s1-s1" name="Random-User-Test" source="/home/runner/work/ApiRandomUser/ApiRandomUser/RamdonUser/tests/random-user-test.robot">
<test id="s1-s1-t1" name="Conectar" line="13">
<kw name="Conectar API" owner="random-user-service">
<kw name="Create Session" owner="RequestsLibrary">
<msg time="2024-06-21T22:14:23.772329" level="INFO">Creating Session using : alias=consultarAPI, url=https://randomuser.me/, headers={},                     cookies={}, auth=None, timeout=None, proxies=None, verify=False,                     debug=0 </msg>
<arg>consultarAPI</arg>
<arg>${URL}</arg>
<doc>Create Session: create a HTTP session to a server</doc>
<status status="PASS" start="2024-06-21T22:14:23.772116" elapsed="0.000424"/>
</kw>
<status status="PASS" start="2024-06-21T22:14:23.771085" elapsed="0.001827"/>
</kw>
<status status="PASS" start="2024-06-21T22:14:23.770493" elapsed="0.002611"/>
</test>
<test id="s1-s1-t2" name="Validar retorno 200 e JSON Válido" line="16">
<kw name="Teste de Requisicao Basica" owner="random-user-service">
<kw name="GET On Session" owner="RequestsLibrary">
<msg time="2024-06-21T22:14:23.925859" level="INFO">GET Request : url=https://randomuser.me/api 
 path_url=/api 
 headers={'User-Agent': 'python-requests/2.32.3', 'Accept-Encoding': 'gzip, deflate', 'Accept': '*/*', 'Connection': 'keep-alive'} 
 body=None 
 </msg>
<msg time="2024-06-21T22:14:23.926032" level="INFO">GET Response : url=https://randomuser.me/api 
 status=200, reason=OK 
 headers={'Date': 'Fri, 21 Jun 2024 22:14:23 GMT', 'Content-Type': 'application/json; charset=utf-8', 'Transfer-Encoding': 'chunked', 'Connection': 'keep-alive', 'X-Powered-By': 'Express', 'Access-Control-Allow-Origin': '*', 'Cache-Control': 'no-cache', 'ETag': 'W/"480-LNs8khGoBsLs+W+utajV3kquDfs"', 'Vary': 'Accept-Encoding', 'Content-Encoding': 'gzip', 'CF-Cache-Status': 'DYNAMIC', 'Report-To': '{"endpoints":[{"url":"https:\\/\\/a.nel.cloudflare.com\\/report\\/v4?s=SZAVdA9VkVGo0CgTeYxV3qfvSAkooDYX0Z81%2FNweQEwwDkAs03WnFg07AlQGaHPayE%2Bx9vFvz8i5A0il7Qm9IGsHQZHj304mrKYEwnRWqXzYOLVoJ9TgIFaIvgTFiNXM"}],"group":"cf-nel","max_age":604800}', 'NEL': '{"success_fraction":0,"report_to":"cf-nel","max_age":604800}', 'Server': 'cloudflare', 'CF-RAY': '897759eefc5a0902-LAX', 'alt-svc': 'h3=":443"; ma=86400'} 
 body={"results":[{"gender":"male","name":{"title":"Mr","first":"Oliver","last":"Turner"},"location":{"street":{"number":1716,"name":"Te Rapa Road"},"city":"New Plymouth","state":"Tasman","country":"New Zealand","postcode":31059,"coordinates":{"latitude":"49.7292","longitude":"-174.2655"},"timezone":{"offset":"-8:00","description":"Pacific Time (US &amp; Canada)"}},"email":"oliver.turner@example.com","login":{"uuid":"cc22d9c3-744b-44d3-aa95-61d8c4ad5810","username":"purplefrog490","password":"nacked","salt":"CttRsYm5","md5":"1a6376cd5f597e46a3e4e88e79bfa2e1","sha1":"861fe45a5a368fff5864bb2e2e2f458684e5bbcb","sha256":"2f4e8b6b78c8df4b6029d95f03e15ee0bfdcfc0b13cb7930390a034eba6bf5d0"},"dob":{"date":"1949-09-30T19:54:07.217Z","age":74},"registered":{"date":"2019-06-03T17:58:09.231Z","age":5},"phone":"(726)-835-0093","cell":"(213)-145-8705","id":{"name":"","value":null},"picture":{"large":"https://randomuser.me/api/portraits/men/51.jpg","medium":"https://randomuser.me/api/portraits/med/men/51.jpg","thumbnail":"https://randomuser.me/api/portraits/thumb/men/51.jpg"},"nat":"NZ"}],"info":{"seed":"b52f5d8ec28b406b","results":1,"page":1,"version":"1.4"}} 
 </msg>
<msg time="2024-06-21T22:14:23.926118" level="INFO">/opt/hostedtoolcache/Python/3.12.4/x64/lib/python3.12/site-packages/urllib3/connectionpool.py:1099: InsecureRequestWarning: Unverified HTTPS request is being made to host 'randomuser.me'. Adding certificate verification is strongly advised. See: https://urllib3.readthedocs.io/en/latest/advanced-usage.html#tls-warnings
  warnings.warn(</msg>
<msg time="2024-06-21T22:14:23.926283" level="INFO">${response} = &lt;Response [200]&gt;</msg>
<var>${response}</var>
<arg>consultarAPI</arg>
<arg>/api</arg>
<doc>Sends a GET request on a previously created HTTP Session.</doc>
<status status="PASS" start="2024-06-21T22:14:23.775745" elapsed="0.150583"/>
</kw>
<kw name="Should Be Equal As Numbers" owner="BuiltIn">
<msg time="2024-06-21T22:14:23.927411" level="INFO">Argument types are:
&lt;class 'int'&gt;
&lt;class 'str'&gt;</msg>
<arg>${response.status_code}</arg>
<arg>200</arg>
<doc>Fails if objects are unequal after converting them to real numbers.</doc>
<status status="PASS" start="2024-06-21T22:14:23.926925" elapsed="0.000598"/>
</kw>
<kw name="Log" owner="BuiltIn">
<msg time="2024-06-21T22:14:23.928208" level="INFO">200</msg>
<arg>${response.status_code}</arg>
<doc>Logs the given message with the given level.</doc>
<status status="PASS" start="2024-06-21T22:14:23.927856" elapsed="0.000396"/>
</kw>
<kw name="Set Variable" owner="BuiltIn">
<msg time="2024-06-21T22:14:23.929022" level="INFO">${json_data} = {'results': [{'gender': 'male', 'name': {'title': 'Mr', 'first': 'Oliver', 'last': 'Turner'}, 'location': {'street': {'number': 1716, 'name': 'Te Rapa Road'}, 'city': 'New Plymouth', 'state': 'Tasman'...</msg>
<var>${json_data}</var>
<arg>${response.json()}</arg>
<doc>Returns the given values which can then be assigned to a variables.</doc>
<status status="PASS" start="2024-06-21T22:14:23.928568" elapsed="0.000482"/>
</kw>
<kw name="Dictionary Should Contain Key" owner="Collections">
<arg>${json_data}</arg>
<arg>results</arg>
<doc>Fails if ``key`` is not found from ``dictionary``.</doc>
<status status="PASS" start="2024-06-21T22:14:23.929360" elapsed="0.000173"/>
</kw>
<status status="PASS" start="2024-06-21T22:14:23.775476" elapsed="0.154213"/>
</kw>
<doc>Testa se a API responde corretamente e retorna um objeto JSON válido.</doc>
<tag>testeRequisicaoBasica</tag>
<status status="PASS" start="2024-06-21T22:14:23.774971" elapsed="0.154901"/>
</test>
<test id="s1-s1-t3" name="Validar estrutura de resposta" line="22">
<kw name="Teste de Estrutura de Resposta" owner="random-user-service">
<kw name="GET On Session" owner="RequestsLibrary">
<msg time="2024-06-21T22:14:24.042780" level="INFO">GET Request : url=https://randomuser.me/api 
 path_url=/api 
 headers={'User-Agent': 'python-requests/2.32.3', 'Accept-Encoding': 'gzip, deflate', 'Accept': '*/*', 'Connection': 'keep-alive'} 
 body=None 
 </msg>
<msg time="2024-06-21T22:14:24.042900" level="INFO">GET Response : url=https://randomuser.me/api 
 status=200, reason=OK 
 headers={'Date': 'Fri, 21 Jun 2024 22:14:24 GMT', 'Content-Type': 'application/json; charset=utf-8', 'Transfer-Encoding': 'chunked', 'Connection': 'keep-alive', 'X-Powered-By': 'Express', 'Access-Control-Allow-Origin': '*', 'Cache-Control': 'no-cache', 'ETag': 'W/"478-DX4K7KQskwkOoV+7vM1Sd0x/Fng"', 'Vary': 'Accept-Encoding', 'Content-Encoding': 'gzip', 'CF-Cache-Status': 'DYNAMIC', 'Report-To': '{"endpoints":[{"url":"https:\\/\\/a.nel.cloudflare.com\\/report\\/v4?s=mT6uQiF%2BUqfS36KZo3CiL%2FIP53Wb3emJn9zYCGXrayuoQggpeVvp2O5wuC5X9dXcnZGQzhg1L7O9cOeJJEADRiclwuS3Si0FDvgGYdq2AQokCadiqDORPtm71S75sgns"}],"group":"cf-nel","max_age":604800}', 'NEL': '{"success_fraction":0,"report_to":"cf-nel","max_age":604800}', 'Server': 'cloudflare', 'CF-RAY': '897759ef9d600902-LAX', 'alt-svc': 'h3=":443"; ma=86400'} 
 body={"results":[{"gender":"male","name":{"title":"Mr","first":"Andrew","last":"Davis"},"location":{"street":{"number":4906,"name":"Dame Street"},"city":"Blessington","state":"Fingal","country":"Ireland","postcode":42899,"coordinates":{"latitude":"-0.8649","longitude":"-29.5102"},"timezone":{"offset":"-8:00","description":"Pacific Time (US &amp; Canada)"}},"email":"andrew.davis@example.com","login":{"uuid":"03272245-6b05-4097-bf81-31b15358434c","username":"orangecat309","password":"zurich","salt":"ASbudMDD","md5":"32549e2764ba12815b10551aac263283","sha1":"0086fa2f96d5bd124be0fb356b8c616b06c54f7f","sha256":"b31956ae168d0959ab5f2918b458ec9edfec75a329c5e53241f1d8d4ad6ed9f1"},"dob":{"date":"1948-09-28T12:48:39.143Z","age":75},"registered":{"date":"2016-07-03T18:37:59.226Z","age":7},"phone":"031-235-2237","cell":"081-339-7602","id":{"name":"PPS","value":"4633104T"},"picture":{"large":"https://randomuser.me/api/portraits/men/8.jpg","medium":"https://randomuser.me/api/portraits/med/men/8.jpg","thumbnail":"https://randomuser.me/api/portraits/thumb/men/8.jpg"},"nat":"IE"}],"info":{"seed":"1aba25e787fe8d9f","results":1,"page":1,"version":"1.4"}} 
 </msg>
<msg time="2024-06-21T22:14:24.043051" level="INFO">/opt/hostedtoolcache/Python/3.12.4/x64/lib/python3.12/site-packages/urllib3/connectionpool.py:1099: InsecureRequestWarning: Unverified HTTPS request is being made to host 'randomuser.me'. Adding certificate verification is strongly advised. See: https://urllib3.readthedocs.io/en/latest/advanced-usage.html#tls-warnings
  warnings.warn(</msg>
<msg time="2024-06-21T22:14:24.043236" level="INFO">${response} = &lt;Response [200]&gt;</msg>
<var>${response}</var>
<arg>consultarAPI</arg>
<arg>/api</arg>
<doc>Sends a GET request on a previously created HTTP Session.</doc>
<status status="PASS" start="2024-06-21T22:14:23.932499" elapsed="0.110782"/>
</kw>
<kw name="Set Variable" owner="BuiltIn">
<msg time="2024-06-21T22:14:24.044364" level="INFO">${json_data} = {'results': [{'gender': 'male', 'name': {'title': 'Mr', 'first': 'Andrew', 'last': 'Davis'}, 'location': {'street': {'number': 4906, 'name': 'Dame Street'}, 'city': 'Blessington', 'state': 'Fingal', '...</msg>
<var>${json_data}</var>
<arg>${response.json()}</arg>
<doc>Returns the given values which can then be assigned to a variables.</doc>
<status status="PASS" start="2024-06-21T22:14:24.043834" elapsed="0.000560"/>
</kw>
<kw name="Log" owner="BuiltIn">
<msg time="2024-06-21T22:14:24.044895" level="INFO">{'results': [{'gender': 'male', 'name': {'title': 'Mr', 'first': 'Andrew', 'last': 'Davis'}, 'location': {'street': {'number': 4906, 'name': 'Dame Street'}, 'city': 'Blessington', 'state': 'Fingal', 'country': 'Ireland', 'postcode': 42899, 'coordinates': {'latitude': '-0.8649', 'longitude': '-29.5102'}, 'timezone': {'offset': '-8:00', 'description': 'Pacific Time (US &amp; Canada)'}}, 'email': 'andrew.davis@example.com', 'login': {'uuid': '03272245-6b05-4097-bf81-31b15358434c', 'username': 'orangecat309', 'password': 'zurich', 'salt': 'ASbudMDD', 'md5': '32549e2764ba12815b10551aac263283', 'sha1': '0086fa2f96d5bd124be0fb356b8c616b06c54f7f', 'sha256': 'b31956ae168d0959ab5f2918b458ec9edfec75a329c5e53241f1d8d4ad6ed9f1'}, 'dob': {'date': '1948-09-28T12:48:39.143Z', 'age': 75}, 'registered': {'date': '2016-07-03T18:37:59.226Z', 'age': 7}, 'phone': '031-235-2237', 'cell': '081-339-7602', 'id': {'name': 'PPS', 'value': '4633104T'}, 'picture': {'large': 'https://randomuser.me/api/portraits/men/8.jpg', 'medium': 'https://randomuser.me/api/portraits/med/men/8.jpg', 'thumbnail': 'https://randomuser.me/api/portraits/thumb/men/8.jpg'}, 'nat': 'IE'}], 'info': {'seed': '1aba25e787fe8d9f', 'results': 1, 'page': 1, 'version': '1.4'}}</msg>
<arg>${json_data}</arg>
<doc>Logs the given message with the given level.</doc>
<status status="PASS" start="2024-06-21T22:14:24.044716" elapsed="0.000230"/>
</kw>
<kw name="Dictionary Should Contain Key" owner="Collections">
<arg>${json_data}</arg>
<arg>results</arg>
<doc>Fails if ``key`` is not found from ``dictionary``.</doc>
<status status="PASS" start="2024-06-21T22:14:24.045243" elapsed="0.000165"/>
</kw>
<kw name="Should Not Be Empty" owner="BuiltIn">
<msg time="2024-06-21T22:14:24.045722" level="INFO">Length is 2.</msg>
<arg>${json_data}</arg>
<doc>Verifies that the given item is not empty.</doc>
<status status="PASS" start="2024-06-21T22:14:24.045595" elapsed="0.000172"/>
</kw>
<kw name="Create List" owner="BuiltIn">
<msg time="2024-06-21T22:14:24.046212" level="INFO">${expected_keys} = ['gender', 'name', 'location', 'email', 'login']</msg>
<var>${expected_keys}</var>
<arg>gender</arg>
<arg>name</arg>
<arg>location</arg>
<arg>email</arg>
<arg>login</arg>
<doc>Returns a list containing given items.</doc>
<status status="PASS" start="2024-06-21T22:14:24.046062" elapsed="0.000176"/>
</kw>
<for flavor="IN">
<iter>
<kw name="Dictionary Should Contain Key" owner="Collections">
<arg>${json_data['results'][0]}</arg>
<arg>${key}</arg>
<doc>Fails if ``key`` is not found from ``dictionary``.</doc>
<status status="PASS" start="2024-06-21T22:14:24.047016" elapsed="0.000447"/>
</kw>
<kw name="Log" owner="BuiltIn">
<msg time="2024-06-21T22:14:24.048027" level="INFO">{'gender': 'male', 'name': {'title': 'Mr', 'first': 'Andrew', 'last': 'Davis'}, 'location': {'street': {'number': 4906, 'name': 'Dame Street'}, 'city': 'Blessington', 'state': 'Fingal', 'country': 'Ireland', 'postcode': 42899, 'coordinates': {'latitude': '-0.8649', 'longitude': '-29.5102'}, 'timezone': {'offset': '-8:00', 'description': 'Pacific Time (US &amp; Canada)'}}, 'email': 'andrew.davis@example.com', 'login': {'uuid': '03272245-6b05-4097-bf81-31b15358434c', 'username': 'orangecat309', 'password': 'zurich', 'salt': 'ASbudMDD', 'md5': '32549e2764ba12815b10551aac263283', 'sha1': '0086fa2f96d5bd124be0fb356b8c616b06c54f7f', 'sha256': 'b31956ae168d0959ab5f2918b458ec9edfec75a329c5e53241f1d8d4ad6ed9f1'}, 'dob': {'date': '1948-09-28T12:48:39.143Z', 'age': 75}, 'registered': {'date': '2016-07-03T18:37:59.226Z', 'age': 7}, 'phone': '031-235-2237', 'cell': '081-339-7602', 'id': {'name': 'PPS', 'value': '4633104T'}, 'picture': {'large': 'https://randomuser.me/api/portraits/men/8.jpg', 'medium': 'https://randomuser.me/api/portraits/med/men/8.jpg', 'thumbnail': 'https://randomuser.me/api/portraits/thumb/men/8.jpg'}, 'nat': 'IE'}</msg>
<arg>${json_data['results'][0]}</arg>
<doc>Logs the given message with the given level.</doc>
<status status="PASS" start="2024-06-21T22:14:24.047658" elapsed="0.000420"/>
</kw>
<kw name="Log" owner="BuiltIn">
<msg time="2024-06-21T22:14:24.048512" level="INFO">gender</msg>
<arg>${key}</arg>
<doc>Logs the given message with the given level.</doc>
<status status="PASS" start="2024-06-21T22:14:24.048382" elapsed="0.000170"/>
</kw>
<var name="${key}">gender</var>
<status status="PASS" start="2024-06-21T22:14:24.046884" elapsed="0.001894"/>
</iter>
<iter>
<kw name="Dictionary Should Contain Key" owner="Collections">
<arg>${json_data['results'][0]}</arg>
<arg>${key}</arg>
<doc>Fails if ``key`` is not found from ``dictionary``.</doc>
<status status="PASS" start="2024-06-21T22:14:24.049076" elapsed="0.000393"/>
</kw>
<kw name="Log" owner="BuiltIn">
<msg time="2024-06-21T22:14:24.050027" level="INFO">{'gender': 'male', 'name': {'title': 'Mr', 'first': 'Andrew', 'last': 'Davis'}, 'location': {'street': {'number': 4906, 'name': 'Dame Street'}, 'city': 'Blessington', 'state': 'Fingal', 'country': 'Ireland', 'postcode': 42899, 'coordinates': {'latitude': '-0.8649', 'longitude': '-29.5102'}, 'timezone': {'offset': '-8:00', 'description': 'Pacific Time (US &amp; Canada)'}}, 'email': 'andrew.davis@example.com', 'login': {'uuid': '03272245-6b05-4097-bf81-31b15358434c', 'username': 'orangecat309', 'password': 'zurich', 'salt': 'ASbudMDD', 'md5': '32549e2764ba12815b10551aac263283', 'sha1': '0086fa2f96d5bd124be0fb356b8c616b06c54f7f', 'sha256': 'b31956ae168d0959ab5f2918b458ec9edfec75a329c5e53241f1d8d4ad6ed9f1'}, 'dob': {'date': '1948-09-28T12:48:39.143Z', 'age': 75}, 'registered': {'date': '2016-07-03T18:37:59.226Z', 'age': 7}, 'phone': '031-235-2237', 'cell': '081-339-7602', 'id': {'name': 'PPS', 'value': '4633104T'}, 'picture': {'large': 'https://randomuser.me/api/portraits/men/8.jpg', 'medium': 'https://randomuser.me/api/portraits/med/men/8.jpg', 'thumbnail': 'https://randomuser.me/api/portraits/thumb/men/8.jpg'}, 'nat': 'IE'}</msg>
<arg>${json_data['results'][0]}</arg>
<doc>Logs the given message with the given level.</doc>
<status status="PASS" start="2024-06-21T22:14:24.049666" elapsed="0.000453"/>
</kw>
<kw name="Log" owner="BuiltIn">
<msg time="2024-06-21T22:14:24.050570" level="INFO">name</msg>
<arg>${key}</arg>
<doc>Logs the given message with the given level.</doc>
<status status="PASS" start="2024-06-21T22:14:24.050434" elapsed="0.000174"/>
</kw>
<var name="${key}">name</var>
<status status="PASS" start="2024-06-21T22:14:24.048966" elapsed="0.001871"/>
</iter>
<iter>
<kw name="Dictionary Should Contain Key" owner="Collections">
<arg>${json_data['results'][0]}</arg>
<arg>${key}</arg>
<doc>Fails if ``key`` is not found from ``dictionary``.</doc>
<status status="PASS" start="2024-06-21T22:14:24.051130" elapsed="0.000441"/>
</kw>
<kw name="Log" owner="BuiltIn">
<msg time="2024-06-21T22:14:24.052129" level="INFO">{'gender': 'male', 'name': {'title': 'Mr', 'first': 'Andrew', 'last': 'Davis'}, 'location': {'street': {'number': 4906, 'name': 'Dame Street'}, 'city': 'Blessington', 'state': 'Fingal', 'country': 'Ireland', 'postcode': 42899, 'coordinates': {'latitude': '-0.8649', 'longitude': '-29.5102'}, 'timezone': {'offset': '-8:00', 'description': 'Pacific Time (US &amp; Canada)'}}, 'email': 'andrew.davis@example.com', 'login': {'uuid': '03272245-6b05-4097-bf81-31b15358434c', 'username': 'orangecat309', 'password': 'zurich', 'salt': 'ASbudMDD', 'md5': '32549e2764ba12815b10551aac263283', 'sha1': '0086fa2f96d5bd124be0fb356b8c616b06c54f7f', 'sha256': 'b31956ae168d0959ab5f2918b458ec9edfec75a329c5e53241f1d8d4ad6ed9f1'}, 'dob': {'date': '1948-09-28T12:48:39.143Z', 'age': 75}, 'registered': {'date': '2016-07-03T18:37:59.226Z', 'age': 7}, 'phone': '031-235-2237', 'cell': '081-339-7602', 'id': {'name': 'PPS', 'value': '4633104T'}, 'picture': {'large': 'https://randomuser.me/api/portraits/men/8.jpg', 'medium': 'https://randomuser.me/api/portraits/med/men/8.jpg', 'thumbnail': 'https://randomuser.me/api/portraits/thumb/men/8.jpg'}, 'nat': 'IE'}</msg>
<arg>${json_data['results'][0]}</arg>
<doc>Logs the given message with the given level.</doc>
<status status="PASS" start="2024-06-21T22:14:24.051761" elapsed="0.000417"/>
</kw>
<kw name="Log" owner="BuiltIn">
<msg time="2024-06-21T22:14:24.052603" level="INFO">location</msg>
<arg>${key}</arg>
<doc>Logs the given message with the given level.</doc>
<status status="PASS" start="2024-06-21T22:14:24.052474" elapsed="0.000167"/>
</kw>
<var name="${key}">location</var>
<status status="PASS" start="2024-06-21T22:14:24.051019" elapsed="0.001840"/>
</iter>
<iter>
<kw name="Dictionary Should Contain Key" owner="Collections">
<arg>${json_data['results'][0]}</arg>
<arg>${key}</arg>
<doc>Fails if ``key`` is not found from ``dictionary``.</doc>
<status status="PASS" start="2024-06-21T22:14:24.053133" elapsed="0.000381"/>
</kw>
<kw name="Log" owner="BuiltIn">
<msg time="2024-06-21T22:14:24.054068" level="INFO">{'gender': 'male', 'name': {'title': 'Mr', 'first': 'Andrew', 'last': 'Davis'}, 'location': {'street': {'number': 4906, 'name': 'Dame Street'}, 'city': 'Blessington', 'state': 'Fingal', 'country': 'Ireland', 'postcode': 42899, 'coordinates': {'latitude': '-0.8649', 'longitude': '-29.5102'}, 'timezone': {'offset': '-8:00', 'description': 'Pacific Time (US &amp; Canada)'}}, 'email': 'andrew.davis@example.com', 'login': {'uuid': '03272245-6b05-4097-bf81-31b15358434c', 'username': 'orangecat309', 'password': 'zurich', 'salt': 'ASbudMDD', 'md5': '32549e2764ba12815b10551aac263283', 'sha1': '0086fa2f96d5bd124be0fb356b8c616b06c54f7f', 'sha256': 'b31956ae168d0959ab5f2918b458ec9edfec75a329c5e53241f1d8d4ad6ed9f1'}, 'dob': {'date': '1948-09-28T12:48:39.143Z', 'age': 75}, 'registered': {'date': '2016-07-03T18:37:59.226Z', 'age': 7}, 'phone': '031-235-2237', 'cell': '081-339-7602', 'id': {'name': 'PPS', 'value': '4633104T'}, 'picture': {'large': 'https://randomuser.me/api/portraits/men/8.jpg', 'medium': 'https://randomuser.me/api/portraits/med/men/8.jpg', 'thumbnail': 'https://randomuser.me/api/portraits/thumb/men/8.jpg'}, 'nat': 'IE'}</msg>
<arg>${json_data['results'][0]}</arg>
<doc>Logs the given message with the given level.</doc>
<status status="PASS" start="2024-06-21T22:14:24.053702" elapsed="0.000417"/>
</kw>
<kw name="Log" owner="BuiltIn">
<msg time="2024-06-21T22:14:24.054546" level="INFO">email</msg>
<arg>${key}</arg>
<doc>Logs the given message with the given level.</doc>
<status status="PASS" start="2024-06-21T22:14:24.054416" elapsed="0.000169"/>
</kw>
<var name="${key}">email</var>
<status status="PASS" start="2024-06-21T22:14:24.053027" elapsed="0.001783"/>
</iter>
<iter>
<kw name="Dictionary Should Contain Key" owner="Collections">
<arg>${json_data['results'][0]}</arg>
<arg>${key}</arg>
<doc>Fails if ``key`` is not found from ``dictionary``.</doc>
<status status="PASS" start="2024-06-21T22:14:24.055088" elapsed="0.000405"/>
</kw>
<kw name="Log" owner="BuiltIn">
<msg time="2024-06-21T22:14:24.056029" level="INFO">{'gender': 'male', 'name': {'title': 'Mr', 'first': 'Andrew', 'last': 'Davis'}, 'location': {'street': {'number': 4906, 'name': 'Dame Street'}, 'city': 'Blessington', 'state': 'Fingal', 'country': 'Ireland', 'postcode': 42899, 'coordinates': {'latitude': '-0.8649', 'longitude': '-29.5102'}, 'timezone': {'offset': '-8:00', 'description': 'Pacific Time (US &amp; Canada)'}}, 'email': 'andrew.davis@example.com', 'login': {'uuid': '03272245-6b05-4097-bf81-31b15358434c', 'username': 'orangecat309', 'password': 'zurich', 'salt': 'ASbudMDD', 'md5': '32549e2764ba12815b10551aac263283', 'sha1': '0086fa2f96d5bd124be0fb356b8c616b06c54f7f', 'sha256': 'b31956ae168d0959ab5f2918b458ec9edfec75a329c5e53241f1d8d4ad6ed9f1'}, 'dob': {'date': '1948-09-28T12:48:39.143Z', 'age': 75}, 'registered': {'date': '2016-07-03T18:37:59.226Z', 'age': 7}, 'phone': '031-235-2237', 'cell': '081-339-7602', 'id': {'name': 'PPS', 'value': '4633104T'}, 'picture': {'large': 'https://randomuser.me/api/portraits/men/8.jpg', 'medium': 'https://randomuser.me/api/portraits/med/men/8.jpg', 'thumbnail': 'https://randomuser.me/api/portraits/thumb/men/8.jpg'}, 'nat': 'IE'}</msg>
<arg>${json_data['results'][0]}</arg>
<doc>Logs the given message with the given level.</doc>
<status status="PASS" start="2024-06-21T22:14:24.055680" elapsed="0.000397"/>
</kw>
<kw name="Log" owner="BuiltIn">
<msg time="2024-06-21T22:14:24.056510" level="INFO">login</msg>
<arg>${key}</arg>
<doc>Logs the given message with the given level.</doc>
<status status="PASS" start="2024-06-21T22:14:24.056379" elapsed="0.000169"/>
</kw>
<var name="${key}">login</var>
<status status="PASS" start="2024-06-21T22:14:24.054981" elapsed="0.001782"/>
</iter>
<var>${key}</var>
<value>@{expected_keys}</value>
<status status="PASS" start="2024-06-21T22:14:24.046679" elapsed="0.010207"/>
</for>
<kw name="Create List" owner="BuiltIn">
<msg time="2024-06-21T22:14:24.057222" level="INFO">${expected_keysTwo} = ['username', 'password']</msg>
<var>${expected_keysTwo}</var>
<arg>username</arg>
<arg>password</arg>
<doc>Returns a list containing given items.</doc>
<status status="PASS" start="2024-06-21T22:14:24.057082" elapsed="0.000164"/>
</kw>
<for flavor="IN">
<iter>
<kw name="Dictionary Should Contain Key" owner="Collections">
<arg>${json_data['results'][0]['login']}</arg>
<arg>${keyTwo}</arg>
<doc>Fails if ``key`` is not found from ``dictionary``.</doc>
<status status="PASS" start="2024-06-21T22:14:24.057785" elapsed="0.000395"/>
</kw>
<kw name="Dictionary Should Contain Key" owner="Collections">
<arg>${json_data['results'][0]['login']}</arg>
<arg>${keyTwo}</arg>
<doc>Fails if ``key`` is not found from ``dictionary``.</doc>
<status status="PASS" start="2024-06-21T22:14:24.058360" elapsed="0.000376"/>
</kw>
<kw name="Log" owner="BuiltIn">
<msg time="2024-06-21T22:14:24.059037" level="INFO">username</msg>
<arg>${keyTwo}</arg>
<doc>Logs the given message with the given level.</doc>
<status status="PASS" start="2024-06-21T22:14:24.058916" elapsed="0.000158"/>
</kw>
<var name="${keyTwo}">username</var>
<status status="PASS" start="2024-06-21T22:14:24.057676" elapsed="0.001636"/>
</iter>
<iter>
<kw name="Dictionary Should Contain Key" owner="Collections">
<arg>${json_data['results'][0]['login']}</arg>
<arg>${keyTwo}</arg>
<doc>Fails if ``key`` is not found from ``dictionary``.</doc>
<status status="PASS" start="2024-06-21T22:14:24.059652" elapsed="0.000402"/>
</kw>
<kw name="Dictionary Should Contain Key" owner="Collections">
<arg>${json_data['results'][0]['login']}</arg>
<arg>${keyTwo}</arg>
<doc>Fails if ``key`` is not found from ``dictionary``.</doc>
<status status="PASS" start="2024-06-21T22:14:24.060236" elapsed="0.000379"/>
</kw>
<kw name="Log" owner="BuiltIn">
<msg time="2024-06-21T22:14:24.060917" level="INFO">password</msg>
<arg>${keyTwo}</arg>
<doc>Logs the given message with the given level.</doc>
<status status="PASS" start="2024-06-21T22:14:24.060798" elapsed="0.000156"/>
</kw>
<var name="${keyTwo}">password</var>
<status status="PASS" start="2024-06-21T22:14:24.059538" elapsed="0.001642"/>
</iter>
<var>${keyTwo}</var>
<value>@{expected_keysTwo}</value>
<status status="PASS" start="2024-06-21T22:14:24.057514" elapsed="0.003788"/>
</for>
<status status="PASS" start="2024-06-21T22:14:23.932266" elapsed="0.129181"/>
</kw>
<doc>Testa a estrutura da resposta da API.</doc>
<tag>testeEstruturaResposta</tag>
<status status="PASS" start="2024-06-21T22:14:23.931745" elapsed="0.129861"/>
</test>
<test id="s1-s1-t4" name="Validar tipos de dados" line="28">
<kw name="Teste de Tipos de Dados" owner="random-user-service">
<kw name="GET On Session" owner="RequestsLibrary">
<msg time="2024-06-21T22:14:24.163297" level="INFO">GET Request : url=https://randomuser.me/api 
 path_url=/api 
 headers={'User-Agent': 'python-requests/2.32.3', 'Accept-Encoding': 'gzip, deflate', 'Accept': '*/*', 'Connection': 'keep-alive'} 
 body=None 
 </msg>
<msg time="2024-06-21T22:14:24.163412" level="INFO">GET Response : url=https://randomuser.me/api 
 status=200, reason=OK 
 headers={'Date': 'Fri, 21 Jun 2024 22:14:24 GMT', 'Content-Type': 'application/json; charset=utf-8', 'Transfer-Encoding': 'chunked', 'Connection': 'keep-alive', 'X-Powered-By': 'Express', 'Access-Control-Allow-Origin': '*', 'Cache-Control': 'no-cache', 'ETag': 'W/"465-T6eCiaY+Xd1zhQ+J6JYX72dzAXU"', 'Vary': 'Accept-Encoding', 'Content-Encoding': 'gzip', 'CF-Cache-Status': 'DYNAMIC', 'Report-To': '{"endpoints":[{"url":"https:\\/\\/a.nel.cloudflare.com\\/report\\/v4?s=XX%2BZIJsVGBPcnTzJOyxFqJHsgoeNDSJYeqOGqaKZsitqSqBRniclWwMxM2NbdMbLvEVJYxpeB2VU40aigfybg4YeFgC0ERvYLZrhk%2FDElSSpFYzG86ZZjDWbwM%2FedLQD"}],"group":"cf-nel","max_age":604800}', 'NEL': '{"success_fraction":0,"report_to":"cf-nel","max_age":604800}', 'Server': 'cloudflare', 'CF-RAY': '897759f06e5e0902-LAX', 'alt-svc': 'h3=":443"; ma=86400'} 
 body={"results":[{"gender":"male","name":{"title":"Mr","first":"Noah","last":"Larsen"},"location":{"street":{"number":8925,"name":"Kvædevej"},"city":"Nr Åby","state":"Danmark","country":"Denmark","postcode":69680,"coordinates":{"latitude":"-39.5219","longitude":"-114.5726"},"timezone":{"offset":"-3:30","description":"Newfoundland"}},"email":"noah.larsen@example.com","login":{"uuid":"b64e781a-0c36-4b2f-8b02-2a5f8404500b","username":"angrycat261","password":"pinnacle","salt":"aYnAUk9U","md5":"af26e07e9806d9b582043974c13821fb","sha1":"6328ecb9b33192faeabaa3474a78624220ffc3fe","sha256":"8944250fbdd14869a3814915657068be76e6664f79b3be657fc948128dc9445d"},"dob":{"date":"1981-10-05T10:14:51.973Z","age":42},"registered":{"date":"2008-11-20T01:46:54.002Z","age":15},"phone":"53033006","cell":"40458296","id":{"name":"CPR","value":"051081-8319"},"picture":{"large":"https://randomuser.me/api/portraits/men/94.jpg","medium":"https://randomuser.me/api/portraits/med/men/94.jpg","thumbnail":"https://randomuser.me/api/portraits/thumb/men/94.jpg"},"nat":"DK"}],"info":{"seed":"4b862b09e72e8a72","results":1,"page":1,"version":"1.4"}} 
 </msg>
<msg time="2024-06-21T22:14:24.163533" level="INFO">/opt/hostedtoolcache/Python/3.12.4/x64/lib/python3.12/site-packages/urllib3/connectionpool.py:1099: InsecureRequestWarning: Unverified HTTPS request is being made to host 'randomuser.me'. Adding certificate verification is strongly advised. See: https://urllib3.readthedocs.io/en/latest/advanced-usage.html#tls-warnings
  warnings.warn(</msg>
<msg time="2024-06-21T22:14:24.163678" level="INFO">${response} = &lt;Response [200]&gt;</msg>
<var>${response}</var>
<arg>consultarAPI</arg>
<arg>/api</arg>
<doc>Sends a GET request on a previously created HTTP Session.</doc>
<status status="PASS" start="2024-06-21T22:14:24.064222" elapsed="0.099505"/>
</kw>
<kw name="Set Variable" owner="BuiltIn">
<msg time="2024-06-21T22:14:24.164843" level="INFO">${json_data} = {'results': [{'gender': 'male', 'name': {'title': 'Mr', 'first': 'Noah', 'last': 'Larsen'}, 'location': {'street': {'number': 8925, 'name': 'Kvædevej'}, 'city': 'Nr Åby', 'state': 'Danmark', 'country'...</msg>
<var>${json_data}</var>
<arg>${response.json()}</arg>
<doc>Returns the given values which can then be assigned to a variables.</doc>
<status status="PASS" start="2024-06-21T22:14:24.164316" elapsed="0.000557"/>
</kw>
<kw name="Log" owner="BuiltIn">
<msg time="2024-06-21T22:14:24.165342" level="INFO">{'results': [{'gender': 'male', 'name': {'title': 'Mr', 'first': 'Noah', 'last': 'Larsen'}, 'location': {'street': {'number': 8925, 'name': 'Kvædevej'}, 'city': 'Nr Åby', 'state': 'Danmark', 'country': 'Denmark', 'postcode': 69680, 'coordinates': {'latitude': '-39.5219', 'longitude': '-114.5726'}, 'timezone': {'offset': '-3:30', 'description': 'Newfoundland'}}, 'email': 'noah.larsen@example.com', 'login': {'uuid': 'b64e781a-0c36-4b2f-8b02-2a5f8404500b', 'username': 'angrycat261', 'password': 'pinnacle', 'salt': 'aYnAUk9U', 'md5': 'af26e07e9806d9b582043974c13821fb', 'sha1': '6328ecb9b33192faeabaa3474a78624220ffc3fe', 'sha256': '8944250fbdd14869a3814915657068be76e6664f79b3be657fc948128dc9445d'}, 'dob': {'date': '1981-10-05T10:14:51.973Z', 'age': 42}, 'registered': {'date': '2008-11-20T01:46:54.002Z', 'age': 15}, 'phone': '53033006', 'cell': '40458296', 'id': {'name': 'CPR', 'value': '051081-8319'}, 'picture': {'large': 'https://randomuser.me/api/portraits/men/94.jpg', 'medium': 'https://randomuser.me/api/portraits/med/men/94.jpg', 'thumbnail': 'https://randomuser.me/api/portraits/thumb/men/94.jpg'}, 'nat': 'DK'}], 'info': {'seed': '4b862b09e72e8a72', 'results': 1, 'page': 1, 'version': '1.4'}}</msg>
<arg>${json_data}</arg>
<doc>Logs the given message with the given level.</doc>
<status status="PASS" start="2024-06-21T22:14:24.165180" elapsed="0.000211"/>
</kw>
<kw name="Should Be String" owner="String">
<arg>${json_data['results'][0]['gender']}</arg>
<doc>Fails if the given ``item`` is not a string.</doc>
<status status="PASS" start="2024-06-21T22:14:24.165685" elapsed="0.000371"/>
</kw>
<kw name="Should Match Regexp" owner="BuiltIn">
<arg>${json_data['results'][0]['email']}</arg>
<arg>^[a-zA-Z0-9._%+-]+@[a-zA-Z0-9.-]+\.[a-zA-Z]{2,}$</arg>
<doc>Fails if ``string`` does not match ``pattern`` as a regular expression.</doc>
<status status="PASS" start="2024-06-21T22:14:24.166241" elapsed="0.000526"/>
</kw>
<kw name="Should Match Regexp" owner="BuiltIn">
<arg>${json_data['results'][0]['dob']['date']}</arg>
<arg>\\d{4}-\\d{2}-\\d{2}T\\d{2}:\\d{2}:\\d{2}\\.\\d{3}Z</arg>
<doc>Fails if ``string`` does not match ``pattern`` as a regular expression.</doc>
<status status="PASS" start="2024-06-21T22:14:24.166999" elapsed="0.000538"/>
</kw>
<kw name="Should Match Regexp" owner="BuiltIn">
<arg>${json_data['results'][0]['registered']['date']}</arg>
<arg>\\d{4}-\\d{2}-\\d{2}T\\d{2}:\\d{2}:\\d{2}\\.\\d{3}Z</arg>
<doc>Fails if ``string`` does not match ``pattern`` as a regular expression.</doc>
<status status="PASS" start="2024-06-21T22:14:24.167738" elapsed="0.000374"/>
</kw>
<kw name="Should Match Regexp" owner="BuiltIn">
<arg>${json_data['results'][0]['picture']['large']}</arg>
<arg>^https?://.*\.(?:png|jpe?g|gif|bmp)$</arg>
<doc>Fails if ``string`` does not match ``pattern`` as a regular expression.</doc>
<status status="PASS" start="2024-06-21T22:14:24.168297" elapsed="0.000479"/>
</kw>
<kw name="Should Match Regexp" owner="BuiltIn">
<arg>${json_data['results'][0]['picture']['medium']}</arg>
<arg>^https?://.*\.(?:png|jpe?g|gif|bmp)$</arg>
<doc>Fails if ``string`` does not match ``pattern`` as a regular expression.</doc>
<status status="PASS" start="2024-06-21T22:14:24.168970" elapsed="0.000359"/>
</kw>
<kw name="Should Match Regexp" owner="BuiltIn">
<arg>${json_data['results'][0]['picture']['thumbnail']}</arg>
<arg>^https?://.*\.(?:png|jpe?g|gif|bmp)$</arg>
<doc>Fails if ``string`` does not match ``pattern`` as a regular expression.</doc>
<status status="PASS" start="2024-06-21T22:14:24.169513" elapsed="0.000346"/>
</kw>
<kw name="Log" owner="BuiltIn">
<msg time="2024-06-21T22:14:24.170362" level="INFO">{'large': 'https://randomuser.me/api/portraits/men/94.jpg', 'medium': 'https://randomuser.me/api/portraits/med/men/94.jpg', 'thumbnail': 'https://randomuser.me/api/portraits/thumb/men/94.jpg'}</msg>
<arg>${json_data['results'][0]['picture']}</arg>
<doc>Logs the given message with the given level.</doc>
<status status="PASS" start="2024-06-21T22:14:24.170039" elapsed="0.000365"/>
</kw>
<status status="PASS" start="2024-06-21T22:14:24.063987" elapsed="0.106685"/>
</kw>
<kw name="Teste de Tipos de Dados - Postcode" owner="random-user-service">
<kw name="GET On Session" owner="RequestsLibrary">
<msg time="2024-06-21T22:14:24.286181" level="INFO">GET Request : url=https://randomuser.me/api 
 path_url=/api 
 headers={'User-Agent': 'python-requests/2.32.3', 'Accept-Encoding': 'gzip, deflate', 'Accept': '*/*', 'Connection': 'keep-alive'} 
 body=None 
 </msg>
<msg time="2024-06-21T22:14:24.286290" level="INFO">GET Response : url=https://randomuser.me/api 
 status=200, reason=OK 
 headers={'Date': 'Fri, 21 Jun 2024 22:14:24 GMT', 'Content-Type': 'application/json; charset=utf-8', 'Transfer-Encoding': 'chunked', 'Connection': 'keep-alive', 'X-Powered-By': 'Express', 'Access-Control-Allow-Origin': '*', 'Cache-Control': 'no-cache', 'ETag': 'W/"466-5ghvTdJMqkbdiwPpXE+5XFvyYEY"', 'Vary': 'Accept-Encoding', 'Content-Encoding': 'gzip', 'CF-Cache-Status': 'DYNAMIC', 'Report-To': '{"endpoints":[{"url":"https:\\/\\/a.nel.cloudflare.com\\/report\\/v4?s=w4cMsQhaJnJLAitOLT%2FDWM3jDRqx2l9j%2FgjqbjUiLIUH%2BWGwjnwTZk91ejxQNaRllBMsrm2%2FCPx3X%2FplEUX2KbmOY2mPPWc%2Bs%2FtCa0IRma9PdpRZ85rZaER%2BGaoGghJF"}],"group":"cf-nel","max_age":604800}', 'NEL': '{"success_fraction":0,"report_to":"cf-nel","max_age":604800}', 'Server': 'cloudflare', 'CF-RAY': '897759f11f7b0902-LAX', 'alt-svc': 'h3=":443"; ma=86400'} 
 body={"results":[{"gender":"male","name":{"title":"Mr","first":"Emre","last":"Samancı"},"location":{"street":{"number":254,"name":"Mevlana Cd"},"city":"Mersin","state":"Adıyaman","country":"Turkey","postcode":33125,"coordinates":{"latitude":"69.1280","longitude":"-162.3858"},"timezone":{"offset":"-10:00","description":"Hawaii"}},"email":"emre.samanci@example.com","login":{"uuid":"4b10e604-3cd2-4300-b298-8b4f5d901cf5","username":"orangeleopard574","password":"bigmike","salt":"pX1jmdbQ","md5":"0d6ef9a55ee12ab348ef205617b5ebc6","sha1":"f09735b49c1a2793513bab755090b065af859d6d","sha256":"62610df09beb7707aabe9b4e1715027cbff37f032e93b361ef20dafbfa62ac43"},"dob":{"date":"1987-01-18T04:23:04.049Z","age":37},"registered":{"date":"2007-11-13T00:15:06.749Z","age":16},"phone":"(386)-007-9398","cell":"(215)-322-7101","id":{"name":"","value":null},"picture":{"large":"https://randomuser.me/api/portraits/men/97.jpg","medium":"https://randomuser.me/api/portraits/med/men/97.jpg","thumbnail":"https://randomuser.me/api/portraits/thumb/men/97.jpg"},"nat":"TR"}],"info":{"seed":"6dc6d7a46ccc3319","results":1,"page":1,"version":"1.4"}} 
 </msg>
<msg time="2024-06-21T22:14:24.286380" level="INFO">/opt/hostedtoolcache/Python/3.12.4/x64/lib/python3.12/site-packages/urllib3/connectionpool.py:1099: InsecureRequestWarning: Unverified HTTPS request is being made to host 'randomuser.me'. Adding certificate verification is strongly advised. See: https://urllib3.readthedocs.io/en/latest/advanced-usage.html#tls-warnings
  warnings.warn(</msg>
<msg time="2024-06-21T22:14:24.286542" level="INFO">${response} = &lt;Response [200]&gt;</msg>
<var>${response}</var>
<arg>consultarAPI</arg>
<arg>/api</arg>
<doc>Sends a GET request on a previously created HTTP Session.</doc>
<status status="PASS" start="2024-06-21T22:14:24.171129" elapsed="0.115463"/>
</kw>
<kw name="Set Variable" owner="BuiltIn">
<msg time="2024-06-21T22:14:24.287769" level="INFO">${json_data} = {'results': [{'gender': 'male', 'name': {'title': 'Mr', 'first': 'Emre', 'last': 'Samancı'}, 'location': {'street': {'number': 254, 'name': 'Mevlana Cd'}, 'city': 'Mersin', 'state': 'Adıyaman', 'count...</msg>
<var>${json_data}</var>
<arg>${response.json()}</arg>
<doc>Returns the given values which can then be assigned to a variables.</doc>
<status status="PASS" start="2024-06-21T22:14:24.287173" elapsed="0.000627"/>
</kw>
<kw name="Log" owner="BuiltIn">
<msg time="2024-06-21T22:14:24.288283" level="INFO">{'results': [{'gender': 'male', 'name': {'title': 'Mr', 'first': 'Emre', 'last': 'Samancı'}, 'location': {'street': {'number': 254, 'name': 'Mevlana Cd'}, 'city': 'Mersin', 'state': 'Adıyaman', 'country': 'Turkey', 'postcode': 33125, 'coordinates': {'latitude': '69.1280', 'longitude': '-162.3858'}, 'timezone': {'offset': '-10:00', 'description': 'Hawaii'}}, 'email': 'emre.samanci@example.com', 'login': {'uuid': '4b10e604-3cd2-4300-b298-8b4f5d901cf5', 'username': 'orangeleopard574', 'password': 'bigmike', 'salt': 'pX1jmdbQ', 'md5': '0d6ef9a55ee12ab348ef205617b5ebc6', 'sha1': 'f09735b49c1a2793513bab755090b065af859d6d', 'sha256': '62610df09beb7707aabe9b4e1715027cbff37f032e93b361ef20dafbfa62ac43'}, 'dob': {'date': '1987-01-18T04:23:04.049Z', 'age': 37}, 'registered': {'date': '2007-11-13T00:15:06.749Z', 'age': 16}, 'phone': '(386)-007-9398', 'cell': '(215)-322-7101', 'id': {'name': '', 'value': None}, 'picture': {'large': 'https://randomuser.me/api/portraits/men/97.jpg', 'medium': 'https://randomuser.me/api/portraits/med/men/97.jpg', 'thumbnail': 'https://randomuser.me/api/portraits/thumb/men/97.jpg'}, 'nat': 'TR'}], 'info': {'seed': '6dc6d7a46ccc3319', 'results': 1, 'page': 1, 'version': '1.4'}}</msg>
<arg>${json_data}</arg>
<doc>Logs the given message with the given level.</doc>
<status status="PASS" start="2024-06-21T22:14:24.288118" elapsed="0.000213"/>
</kw>
<kw name="Should Be Equal As Numbers" owner="BuiltIn">
<arg>${json_data['results'][0]['location']['postcode']}</arg>
<arg>${json_data['results'][0]['location']['postcode']}</arg>
<doc>Fails if objects are unequal after converting them to real numbers.</doc>
<status status="PASS" start="2024-06-21T22:14:24.288621" elapsed="0.000642"/>
</kw>
<kw name="Log" owner="BuiltIn">
<msg time="2024-06-21T22:14:24.289787" level="INFO">33125</msg>
<arg>${json_data['results'][0]['location']['postcode']}</arg>
<doc>Logs the given message with the given level.</doc>
<status status="PASS" start="2024-06-21T22:14:24.289455" elapsed="0.000372"/>
</kw>
<status status="PASS" start="2024-06-21T22:14:24.170901" elapsed="0.119185"/>
</kw>
<doc>Testa se os tipos de dados na resposta da API estão corretos.</doc>
<tag>testeTiposDados</tag>
<status status="PASS" start="2024-06-21T22:14:24.063384" elapsed="0.226871"/>
</test>
<test id="s1-s1-t5" name="Validar conteudo" line="35">
<kw name="Teste de Tipos de Conteudo" owner="random-user-service">
<kw name="GET On Session" owner="RequestsLibrary">
<msg time="2024-06-21T22:14:24.389407" level="INFO">GET Request : url=https://randomuser.me/api 
 path_url=/api 
 headers={'User-Agent': 'python-requests/2.32.3', 'Accept-Encoding': 'gzip, deflate', 'Accept': '*/*', 'Connection': 'keep-alive'} 
 body=None 
 </msg>
<msg time="2024-06-21T22:14:24.389520" level="INFO">GET Response : url=https://randomuser.me/api 
 status=200, reason=OK 
 headers={'Date': 'Fri, 21 Jun 2024 22:14:24 GMT', 'Content-Type': 'application/json; charset=utf-8', 'Transfer-Encoding': 'chunked', 'Connection': 'keep-alive', 'X-Powered-By': 'Express', 'Access-Control-Allow-Origin': '*', 'Cache-Control': 'no-cache', 'ETag': 'W/"49a-2p+UHBT9bjTR33eCdRtFGAYXwew"', 'Vary': 'Accept-Encoding', 'Content-Encoding': 'gzip', 'CF-Cache-Status': 'DYNAMIC', 'Report-To': '{"endpoints":[{"url":"https:\\/\\/a.nel.cloudflare.com\\/report\\/v4?s=9jmG15z9SEcpENyzd2kB8yaar7lW2XOL9KkJVvfXOyxNEsJMCoEFBHTNonzyRYNpzAsCth2X%2FCWdLb0yPHsZNMStMJ38REQGo97tAuf5Y41vTEPuyWWnCBpFuqf3UOrJ"}],"group":"cf-nel","max_age":604800}', 'NEL': '{"success_fraction":0,"report_to":"cf-nel","max_age":604800}', 'Server': 'cloudflare', 'CF-RAY': '897759f1d85d0902-LAX', 'alt-svc': 'h3=":443"; ma=86400'} 
 body={"results":[{"gender":"female","name":{"title":"Miss","first":"Luciele","last":"da Cruz"},"location":{"street":{"number":9838,"name":"Avenida D. Pedro Ii"},"city":"Paço do Lumiar","state":"Rio Grande do Norte","country":"Brazil","postcode":39134,"coordinates":{"latitude":"-77.7175","longitude":"58.1666"},"timezone":{"offset":"+5:45","description":"Kathmandu"}},"email":"luciele.dacruz@example.com","login":{"uuid":"932bf0ab-5cc5-4f98-9881-887a327e1c9d","username":"biglion601","password":"longbow","salt":"XXv8LFLI","md5":"b82646880d6ee7e076859f24c70a4a54","sha1":"a9c35752bea6447c2ca11014b6fc0c0cd8c9c9c2","sha256":"474c27d1f4bde52e6c0702be01f6d1be0c8d2e1c8586d3b5f92856269e3745ab"},"dob":{"date":"1971-12-03T12:43:30.542Z","age":52},"registered":{"date":"2015-03-22T04:36:18.478Z","age":9},"phone":"(14) 9076-8505","cell":"(16) 0145-4051","id":{"name":"CPF","value":"978.292.492-68"},"picture":{"large":"https://randomuser.me/api/portraits/women/18.jpg","medium":"https://randomuser.me/api/portraits/med/women/18.jpg","thumbnail":"https://randomuser.me/api/portraits/thumb/women/18.jpg"},"nat":"BR"}],"info":{"seed":"8526f43f1bf63216","results":1,"page":1,"version":"1.4"}} 
 </msg>
<msg time="2024-06-21T22:14:24.389623" level="INFO">/opt/hostedtoolcache/Python/3.12.4/x64/lib/python3.12/site-packages/urllib3/connectionpool.py:1099: InsecureRequestWarning: Unverified HTTPS request is being made to host 'randomuser.me'. Adding certificate verification is strongly advised. See: https://urllib3.readthedocs.io/en/latest/advanced-usage.html#tls-warnings
  warnings.warn(</msg>
<msg time="2024-06-21T22:14:24.389767" level="INFO">${response} = &lt;Response [200]&gt;</msg>
<var>${response}</var>
<arg>consultarAPI</arg>
<arg>/api</arg>
<doc>Sends a GET request on a previously created HTTP Session.</doc>
<status status="PASS" start="2024-06-21T22:14:24.293064" elapsed="0.096754"/>
</kw>
<kw name="Set Variable" owner="BuiltIn">
<msg time="2024-06-21T22:14:24.391043" level="INFO">${json_data} = {'results': [{'gender': 'female', 'name': {'title': 'Miss', 'first': 'Luciele', 'last': 'da Cruz'}, 'location': {'street': {'number': 9838, 'name': 'Avenida D. Pedro Ii'}, 'city': 'Paço do Lumiar', 's...</msg>
<var>${json_data}</var>
<arg>${response.json()}</arg>
<doc>Returns the given values which can then be assigned to a variables.</doc>
<status status="PASS" start="2024-06-21T22:14:24.390471" elapsed="0.000602"/>
</kw>
<kw name="Set Variable" owner="BuiltIn">
<msg time="2024-06-21T22:14:24.391815" level="INFO">${name_title} = Miss</msg>
<var>${name_title}</var>
<arg>${json_data["results"][0]["name"]["title"]}</arg>
<doc>Returns the given values which can then be assigned to a variables.</doc>
<status status="PASS" start="2024-06-21T22:14:24.391387" elapsed="0.000454"/>
</kw>
<kw name="Create List" owner="BuiltIn">
<msg time="2024-06-21T22:14:24.392288" level="INFO">${allowed_titles} = ['Mr', 'Ms', 'Miss', 'Mrs', 'Madame', 'Monsieur']</msg>
<var>${allowed_titles}</var>
<arg>Mr</arg>
<arg>Ms</arg>
<arg>Miss</arg>
<arg>Mrs</arg>
<arg>Madame</arg>
<arg>Monsieur</arg>
<doc>Returns a list containing given items.</doc>
<status status="PASS" start="2024-06-21T22:14:24.392140" elapsed="0.000172"/>
</kw>
<kw name="List Should Contain Value" owner="Collections">
<arg>${allowed_titles}</arg>
<arg>${name_title}</arg>
<doc>Fails if the ``value`` is not found from ``list``.</doc>
<status status="PASS" start="2024-06-21T22:14:24.392603" elapsed="0.000173"/>
</kw>
<kw name="Set Variable" owner="BuiltIn">
<msg time="2024-06-21T22:14:24.393312" level="INFO">${name_country} = BR</msg>
<var>${name_country}</var>
<arg>${json_data["results"][0]["nat"]}</arg>
<doc>Returns the given values which can then be assigned to a variables.</doc>
<status status="PASS" start="2024-06-21T22:14:24.392951" elapsed="0.000386"/>
</kw>
<kw name="Create List" owner="BuiltIn">
<msg time="2024-06-21T22:14:24.394215" level="INFO">${list_country} = ['AD', 'AE', 'AF', 'AG', 'AI', 'AL', 'AM', 'AO', 'AQ', 'AR', 'AS', 'AT', 'AU', 'AW', 'AX', 'AZ', 'BA', 'BB', 'BD', 'BE', 'BF', 'BG', 'BH', 'BI', 'BJ', 'BL', 'BM', 'BN', 'BO', 'BQ', 'BR', 'BS', 'BT', '...</msg>
<var>${list_country}</var>
<arg>AD</arg>
<arg>AE</arg>
<arg>AF</arg>
<arg>AG</arg>
<arg>AI</arg>
<arg>AL</arg>
<arg>AM</arg>
<arg>AO</arg>
<arg>AQ</arg>
<arg>AR</arg>
<arg>AS</arg>
<arg>AT</arg>
<arg>AU</arg>
<arg>AW</arg>
<arg>AX</arg>
<arg>AZ</arg>
<arg>BA</arg>
<arg>BB</arg>
<arg>BD</arg>
<arg>BE</arg>
<arg>BF</arg>
<arg>BG</arg>
<arg>BH</arg>
<arg>BI</arg>
<arg>BJ</arg>
<arg>BL</arg>
<arg>BM</arg>
<arg>BN</arg>
<arg>BO</arg>
<arg>BQ</arg>
<arg>BR</arg>
<arg>BS</arg>
<arg>BT</arg>
<arg>BV</arg>
<arg>BW</arg>
<arg>BY</arg>
<arg>BZ</arg>
<arg>CA</arg>
<arg>CC</arg>
<arg>CD</arg>
<arg>CF</arg>
<arg>CG</arg>
<arg>CH</arg>
<arg>CI</arg>
<arg>CK</arg>
<arg>CL</arg>
<arg>CM</arg>
<arg>CN</arg>
<arg>CO</arg>
<arg>CR</arg>
<arg>CU</arg>
<arg>CV</arg>
<arg>CW</arg>
<arg>CX</arg>
<arg>CY</arg>
<arg>CZ</arg>
<arg>DE</arg>
<arg>DJ</arg>
<arg>DK</arg>
<arg>DM</arg>
<arg>DO</arg>
<arg>DZ</arg>
<arg>EC</arg>
<arg>EE</arg>
<arg>EG</arg>
<arg>EH</arg>
<arg>ER</arg>
<arg>ES</arg>
<arg>ET</arg>
<arg>FI</arg>
<arg>FJ</arg>
<arg>FK</arg>
<arg>FM</arg>
<arg>FO</arg>
<arg>FR</arg>
<arg>GA</arg>
<arg>GB</arg>
<arg>GD</arg>
<arg>GE</arg>
<arg>GF</arg>
<arg>GG</arg>
<arg>GH</arg>
<arg>GI</arg>
<arg>GL</arg>
<arg>GM</arg>
<arg>GN</arg>
<arg>GP</arg>
<arg>GQ</arg>
<arg>GR</arg>
<arg>GS</arg>
<arg>GT</arg>
<arg>GU</arg>
<arg>GW</arg>
<arg>GY</arg>
<arg>HK</arg>
<arg>HM</arg>
<arg>HN</arg>
<arg>HR</arg>
<arg>HT</arg>
<arg>HU</arg>
<arg>ID</arg>
<arg>IE</arg>
<arg>IL</arg>
<arg>IM</arg>
<arg>IN</arg>
<arg>IO</arg>
<arg>IQ</arg>
<arg>IR</arg>
<arg>IS</arg>
<arg>IT</arg>
<arg>JE</arg>
<arg>JM</arg>
<arg>JO</arg>
<arg>JP</arg>
<arg>KE</arg>
<arg>KG</arg>
<arg>KH</arg>
<arg>KI</arg>
<arg>KM</arg>
<arg>KN</arg>
<arg>KP</arg>
<arg>KR</arg>
<arg>KW</arg>
<arg>KY</arg>
<arg>KZ</arg>
<arg>LA</arg>
<arg>LB</arg>
<arg>LC</arg>
<arg>LI</arg>
<arg>LK</arg>
<arg>LR</arg>
<arg>LS</arg>
<arg>LT</arg>
<arg>LU</arg>
<arg>LV</arg>
<arg>LY</arg>
<arg>MA</arg>
<arg>MC</arg>
<arg>MD</arg>
<arg>ME</arg>
<arg>MF</arg>
<arg>MG</arg>
<arg>MH</arg>
<arg>MK</arg>
<arg>ML</arg>
<arg>MM</arg>
<arg>MN</arg>
<arg>MO</arg>
<arg>MP</arg>
<arg>MQ</arg>
<arg>MR</arg>
<arg>MS</arg>
<arg>MT</arg>
<arg>MU</arg>
<arg>MV</arg>
<arg>MW</arg>
<arg>MX</arg>
<arg>MY</arg>
<arg>MZ</arg>
<arg>NA</arg>
<arg>NC</arg>
<arg>NE</arg>
<arg>NF</arg>
<arg>NG</arg>
<arg>NI</arg>
<arg>NL</arg>
<arg>NO</arg>
<arg>NP</arg>
<arg>NR</arg>
<arg>NU</arg>
<arg>NZ</arg>
<arg>OM</arg>
<arg>PA</arg>
<arg>PE</arg>
<arg>PF</arg>
<arg>PG</arg>
<arg>PH</arg>
<arg>PK</arg>
<arg>PL</arg>
<arg>PM</arg>
<arg>PN</arg>
<arg>PR</arg>
<arg>PS</arg>
<arg>PT</arg>
<arg>PW</arg>
<arg>PY</arg>
<arg>QA</arg>
<arg>RE</arg>
<arg>RO</arg>
<arg>RS</arg>
<arg>RU</arg>
<arg>RW</arg>
<arg>SA</arg>
<arg>SB</arg>
<arg>SC</arg>
<arg>SD</arg>
<arg>SE</arg>
<arg>SG</arg>
<arg>SH</arg>
<arg>SI</arg>
<arg>SJ</arg>
<arg>SK</arg>
<arg>SL</arg>
<arg>SM</arg>
<arg>SN</arg>
<arg>SO</arg>
<arg>SR</arg>
<arg>SS</arg>
<arg>ST</arg>
<arg>SV</arg>
<arg>SX</arg>
<arg>SY</arg>
<arg>SZ</arg>
<arg>TC</arg>
<arg>TD</arg>
<arg>TF</arg>
<arg>TG</arg>
<arg>TH</arg>
<arg>TJ</arg>
<arg>TK</arg>
<arg>TL</arg>
<arg>TM</arg>
<arg>TN</arg>
<arg>TO</arg>
<arg>TR</arg>
<arg>TT</arg>
<arg>TV</arg>
<arg>TW</arg>
<arg>TZ</arg>
<arg>UA</arg>
<arg>UG</arg>
<arg>UM</arg>
<arg>US</arg>
<arg>UY</arg>
<arg>UZ</arg>
<arg>VA</arg>
<arg>VC</arg>
<arg>VE</arg>
<arg>VG</arg>
<arg>VI</arg>
<arg>VN</arg>
<arg>VU</arg>
<arg>WF</arg>
<arg>WS</arg>
<arg>XK</arg>
<arg>YE</arg>
<arg>YT</arg>
<arg>ZA</arg>
<arg>ZM</arg>
<arg>ZW</arg>
<doc>Returns a list containing given items.</doc>
<status status="PASS" start="2024-06-21T22:14:24.393621" elapsed="0.000619"/>
</kw>
<kw name="List Should Contain Value" owner="Collections">
<arg>${list_country}</arg>
<arg>${name_country}</arg>
<doc>Fails if the ``value`` is not found from ``list``.</doc>
<status status="PASS" start="2024-06-21T22:14:24.395039" elapsed="0.000204"/>
</kw>
<kw name="Run Keyword If" owner="BuiltIn">
<kw name="Should Be True" owner="BuiltIn">
<arg>${True}</arg>
<doc>Fails if the given condition is not true.</doc>
<status status="PASS" start="2024-06-21T22:14:24.396226" elapsed="0.000142"/>
</kw>
<arg>${json_data["results"][0]["location"]["coordinates"]["latitude"]} &gt;= -90 and ${json_data["results"][0]["location"]["coordinates"]["latitude"]} &lt;= 90</arg>
<arg>Should Be True</arg>
<arg>${True}</arg>
<doc>Runs the given keyword with the given arguments, if ``condition`` is true.</doc>
<status status="PASS" start="2024-06-21T22:14:24.395464" elapsed="0.001029"/>
</kw>
<kw name="Run Keyword If" owner="BuiltIn">
<kw name="Should Be True" owner="BuiltIn">
<arg>${True}</arg>
<doc>Fails if the given condition is not true.</doc>
<status status="PASS" start="2024-06-21T22:14:24.397366" elapsed="0.000138"/>
</kw>
<arg>${json_data["results"][0]["location"]["coordinates"]["longitude"]} &gt;= -180 and ${json_data["results"][0]["location"]["coordinates"]["longitude"]} &lt;= 180</arg>
<arg>Should Be True</arg>
<arg>${True}</arg>
<doc>Runs the given keyword with the given arguments, if ``condition`` is true.</doc>
<status status="PASS" start="2024-06-21T22:14:24.396674" elapsed="0.000952"/>
</kw>
<status status="PASS" start="2024-06-21T22:14:24.292662" elapsed="0.105098"/>
</kw>
<doc>Testa o conteúdo específico dos campos retornados pela API.</doc>
<tag>testeConteudo</tag>
<status status="PASS" start="2024-06-21T22:14:24.292127" elapsed="0.105786"/>
</test>
<status status="PASS" start="2024-06-21T22:14:23.419256" elapsed="0.980660"/>
</suite>
<status status="PASS" start="2024-06-21T22:14:23.404175" elapsed="1.001054"/>
</suite>
<statistics>
<total>
<stat pass="5" fail="0" skip="0">All Tests</stat>
</total>
<tag>
<stat pass="1" fail="0" skip="0">testeConteudo</stat>
<stat pass="1" fail="0" skip="0">testeEstruturaResposta</stat>
<stat pass="1" fail="0" skip="0">testeRequisicaoBasica</stat>
<stat pass="1" fail="0" skip="0">testeTiposDados</stat>
</tag>
<suite>
<stat pass="5" fail="0" skip="0" id="s1" name="Tests">Tests</stat>
<stat pass="5" fail="0" skip="0" id="s1-s1" name="Random-User-Test">Tests.Random-User-Test</stat>
</suite>
</statistics>
<errors>
</errors>
</robot>
