<?xml version="1.0" encoding="UTF-8"?>
<robot generator="Robot 7.0.1 (Python 3.12.4 on linux)" generated="2024-06-27T05:15:51.580973" rpa="false" schemaversion="5">
<suite id="s1" name="Tests" source="/home/runner/work/ApiRandomUser/ApiRandomUser/RamdonUser/tests">
<suite id="s1-s1" name="Random-User-Test" source="/home/runner/work/ApiRandomUser/ApiRandomUser/RamdonUser/tests/random-user-test.robot">
<test id="s1-s1-t1" name="Conectar" line="13">
<kw name="Conectar API" owner="random-user-service">
<kw name="Create Session" owner="RequestsLibrary">
<msg time="2024-06-27T05:15:51.978483" level="INFO">Creating Session using : alias=consultarAPI, url=https://randomuser.me/, headers={},                     cookies={}, auth=None, timeout=None, proxies=None, verify=False,                     debug=0 </msg>
<arg>consultarAPI</arg>
<arg>${URL}</arg>
<doc>Create Session: create a HTTP session to a server</doc>
<status status="PASS" start="2024-06-27T05:15:51.978272" elapsed="0.000386"/>
</kw>
<status status="PASS" start="2024-06-27T05:15:51.977180" elapsed="0.001856"/>
</kw>
<status status="PASS" start="2024-06-27T05:15:51.976517" elapsed="0.002719"/>
</test>
<test id="s1-s1-t2" name="Validar retorno 200 e JSON Válido" line="16">
<kw name="Teste de Requisicao Basica" owner="random-user-service">
<kw name="GET On Session" owner="RequestsLibrary">
<msg time="2024-06-27T05:15:52.371852" level="INFO">GET Request : url=https://randomuser.me/api 
 path_url=/api 
 headers={'User-Agent': 'python-requests/2.32.3', 'Accept-Encoding': 'gzip, deflate', 'Accept': '*/*', 'Connection': 'keep-alive'} 
 body=None 
 </msg>
<msg time="2024-06-27T05:15:52.372005" level="INFO">GET Response : url=https://randomuser.me/api 
 status=200, reason=OK 
 headers={'Date': 'Thu, 27 Jun 2024 05:15:52 GMT', 'Content-Type': 'application/json; charset=utf-8', 'Transfer-Encoding': 'chunked', 'Connection': 'keep-alive', 'X-Powered-By': 'Express', 'Access-Control-Allow-Origin': '*', 'Cache-Control': 'no-cache', 'ETag': 'W/"4a6-nQjmEvDN5gCFOjMxOBg41lSDqhM"', 'Vary': 'Accept-Encoding', 'Content-Encoding': 'gzip', 'CF-Cache-Status': 'DYNAMIC', 'Report-To': '{"endpoints":[{"url":"https:\\/\\/a.nel.cloudflare.com\\/report\\/v4?s=M5%2F8aKWCulD5LYWnE38YWgZ1eSF24EgXb3BYSqyEAnGhWqqbWPOQJpiWPdXFaayz0rGXnFXwhoSVNCZir%2BU%2FbDcacj9osZJszT1qPyg0Ld9rpNQZyF5LuS1K%2BwSxI013"}],"group":"cf-nel","max_age":604800}', 'NEL': '{"success_fraction":0,"report_to":"cf-nel","max_age":604800}', 'Server': 'cloudflare', 'CF-RAY': '89a2f632ce640aaf-IAD', 'alt-svc': 'h3=":443"; ma=86400'} 
 body={"results":[{"gender":"male","name":{"title":"Mr","first":"Christopher","last":"Oliver"},"location":{"street":{"number":2648,"name":"Park Road"},"city":"Preston","state":"Herefordshire","country":"United Kingdom","postcode":"BN3 7BE","coordinates":{"latitude":"-8.3528","longitude":"-70.9317"},"timezone":{"offset":"-6:00","description":"Central Time (US &amp; Canada), Mexico City"}},"email":"christopher.oliver@example.com","login":{"uuid":"2a349b71-82dc-4250-87aa-a731af38b625","username":"redmouse674","password":"insanity","salt":"Ik2Vjtcd","md5":"1f759cdb6267f5c615c82728399f5d38","sha1":"4fe7ae89e76c9ea460f3de047c6c1a84783468bc","sha256":"9060b63a81c5241240970b9d7fccd4f096965e4d1b74176ac8cad13937ab8e8d"},"dob":{"date":"1971-02-15T06:42:53.169Z","age":53},"registered":{"date":"2006-01-05T18:54:51.307Z","age":18},"phone":"025 9393 8006","cell":"07208 289842","id":{"name":"NINO","value":"JW 88 72 43 L"},"picture":{"large":"https://randomuser.me/api/portraits/men/7.jpg","medium":"https://randomuser.me/api/portraits/med/men/7.jpg","thumbnail":"https://randomuser.me/api/portraits/thumb/men/7.jpg"},"nat":"GB"}],"info":{"seed":"29a66b37e75bd9e0","results":1,"page":1,"version":"1.4"}} 
 </msg>
<msg time="2024-06-27T05:15:52.372091" level="INFO">/opt/hostedtoolcache/Python/3.12.4/x64/lib/python3.12/site-packages/urllib3/connectionpool.py:1099: InsecureRequestWarning: Unverified HTTPS request is being made to host 'randomuser.me'. Adding certificate verification is strongly advised. See: https://urllib3.readthedocs.io/en/latest/advanced-usage.html#tls-warnings
  warnings.warn(</msg>
<msg time="2024-06-27T05:15:52.372260" level="INFO">${response} = &lt;Response [200]&gt;</msg>
<var>${response}</var>
<arg>consultarAPI</arg>
<arg>/api</arg>
<doc>Sends a GET request on a previously created HTTP Session.</doc>
<status status="PASS" start="2024-06-27T05:15:51.981940" elapsed="0.390364"/>
</kw>
<kw name="Should Be Equal As Numbers" owner="BuiltIn">
<msg time="2024-06-27T05:15:52.373335" level="INFO">Argument types are:
&lt;class 'int'&gt;
&lt;class 'str'&gt;</msg>
<arg>${response.status_code}</arg>
<arg>200</arg>
<doc>Fails if objects are unequal after converting them to real numbers.</doc>
<status status="PASS" start="2024-06-27T05:15:52.372856" elapsed="0.000546"/>
</kw>
<kw name="Log" owner="BuiltIn">
<msg time="2024-06-27T05:15:52.374078" level="INFO">200</msg>
<arg>${response.status_code}</arg>
<doc>Logs the given message with the given level.</doc>
<status status="PASS" start="2024-06-27T05:15:52.373721" elapsed="0.000400"/>
</kw>
<kw name="Set Variable" owner="BuiltIn">
<msg time="2024-06-27T05:15:52.374867" level="INFO">${json_data} = {'results': [{'gender': 'male', 'name': {'title': 'Mr', 'first': 'Christopher', 'last': 'Oliver'}, 'location': {'street': {'number': 2648, 'name': 'Park Road'}, 'city': 'Preston', 'state': 'Herefordsh...</msg>
<var>${json_data}</var>
<arg>${response.json()}</arg>
<doc>Returns the given values which can then be assigned to a variables.</doc>
<status status="PASS" start="2024-06-27T05:15:52.374424" elapsed="0.000473"/>
</kw>
<kw name="Dictionary Should Contain Key" owner="Collections">
<arg>${json_data}</arg>
<arg>results</arg>
<doc>Fails if ``key`` is not found from ``dictionary``.</doc>
<status status="PASS" start="2024-06-27T05:15:52.375235" elapsed="0.000169"/>
</kw>
<status status="PASS" start="2024-06-27T05:15:51.981695" elapsed="0.393867"/>
</kw>
<doc>Testa se a API responde corretamente e retorna um objeto JSON válido.</doc>
<tag>testeRequisicaoBasica</tag>
<status status="PASS" start="2024-06-27T05:15:51.981130" elapsed="0.394610"/>
</test>
<test id="s1-s1-t3" name="Validar estrutura de resposta" line="22">
<kw name="Teste de Estrutura de Resposta" owner="random-user-service">
<kw name="GET On Session" owner="RequestsLibrary">
<msg time="2024-06-27T05:15:52.519702" level="INFO">GET Request : url=https://randomuser.me/api 
 path_url=/api 
 headers={'User-Agent': 'python-requests/2.32.3', 'Accept-Encoding': 'gzip, deflate', 'Accept': '*/*', 'Connection': 'keep-alive'} 
 body=None 
 </msg>
<msg time="2024-06-27T05:15:52.519780" level="INFO">GET Response : url=https://randomuser.me/api 
 status=200, reason=OK 
 headers={'Date': 'Thu, 27 Jun 2024 05:15:52 GMT', 'Content-Type': 'application/json; charset=utf-8', 'Transfer-Encoding': 'chunked', 'Connection': 'keep-alive', 'X-Powered-By': 'Express', 'Access-Control-Allow-Origin': '*', 'Cache-Control': 'no-cache', 'ETag': 'W/"4b5-/iILR0Y5BsT69C7C4dK8COcVFhw"', 'Vary': 'Accept-Encoding', 'Content-Encoding': 'gzip', 'CF-Cache-Status': 'DYNAMIC', 'Report-To': '{"endpoints":[{"url":"https:\\/\\/a.nel.cloudflare.com\\/report\\/v4?s=E5TDpmpbbpxrKjFFJ9zLh%2BYS%2Ff3MIFdOkHtdltg89lQToxsVYOX%2BMBWK8dIe%2BwHZDqBL7sjGdKDu6Vaxg%2Fj8or0%2FErpznh7wcLtOWM9JWvY1pGT%2BFpL0jmGhcjYDGMje"}],"group":"cf-nel","max_age":604800}', 'NEL': '{"success_fraction":0,"report_to":"cf-nel","max_age":604800}', 'Server': 'cloudflare', 'CF-RAY': '89a2f6346fbb0aaf-IAD', 'alt-svc': 'h3=":443"; ma=86400'} 
 body={"results":[{"gender":"female","name":{"title":"Miss","first":"Minerva","last":"Puente"},"location":{"street":{"number":826,"name":"Pasaje Tamaulipas"},"city":"Rodrigo M. Quevedo","state":"Nayarit","country":"Mexico","postcode":66331,"coordinates":{"latitude":"22.8806","longitude":"169.2965"},"timezone":{"offset":"+3:00","description":"Baghdad, Riyadh, Moscow, St. Petersburg"}},"email":"minerva.puente@example.com","login":{"uuid":"bb581aa8-ae06-435c-b85f-1f87b7db47b4","username":"yellowbutterfly975","password":"freedom","salt":"3dxmwY7H","md5":"5b498eb6f9fc397cee562ef5936d16ae","sha1":"4bffcaf8250e6a7a2d53e53fd44afa6404051299","sha256":"48fdbf5b99e15abc734821e4b69a8a6ef7aec4cc15c53dd7bd21c9db2b1891dd"},"dob":{"date":"1975-10-16T04:08:23.407Z","age":48},"registered":{"date":"2011-06-26T00:27:15.851Z","age":13},"phone":"(648) 724 7283","cell":"(654) 213 0634","id":{"name":"NSS","value":"78 34 78 8308 1"},"picture":{"large":"https://randomuser.me/api/portraits/women/69.jpg","medium":"https://randomuser.me/api/portraits/med/women/69.jpg","thumbnail":"https://randomuser.me/api/portraits/thumb/women/69.jpg"},"nat":"MX"}],"info":{"seed":"79f840aabee78ffc","results":1,"page":1,"version":"1.4"}} 
 </msg>
<msg time="2024-06-27T05:15:52.519877" level="INFO">/opt/hostedtoolcache/Python/3.12.4/x64/lib/python3.12/site-packages/urllib3/connectionpool.py:1099: InsecureRequestWarning: Unverified HTTPS request is being made to host 'randomuser.me'. Adding certificate verification is strongly advised. See: https://urllib3.readthedocs.io/en/latest/advanced-usage.html#tls-warnings
  warnings.warn(</msg>
<msg time="2024-06-27T05:15:52.519990" level="INFO">${response} = &lt;Response [200]&gt;</msg>
<var>${response}</var>
<arg>consultarAPI</arg>
<arg>/api</arg>
<doc>Sends a GET request on a previously created HTTP Session.</doc>
<status status="PASS" start="2024-06-27T05:15:52.378763" elapsed="0.141269"/>
</kw>
<kw name="Set Variable" owner="BuiltIn">
<msg time="2024-06-27T05:15:52.520861" level="INFO">${json_data} = {'results': [{'gender': 'female', 'name': {'title': 'Miss', 'first': 'Minerva', 'last': 'Puente'}, 'location': {'street': {'number': 826, 'name': 'Pasaje Tamaulipas'}, 'city': 'Rodrigo M. Quevedo', 's...</msg>
<var>${json_data}</var>
<arg>${response.json()}</arg>
<doc>Returns the given values which can then be assigned to a variables.</doc>
<status status="PASS" start="2024-06-27T05:15:52.520412" elapsed="0.000478"/>
</kw>
<kw name="Log" owner="BuiltIn">
<msg time="2024-06-27T05:15:52.521346" level="INFO">{'results': [{'gender': 'female', 'name': {'title': 'Miss', 'first': 'Minerva', 'last': 'Puente'}, 'location': {'street': {'number': 826, 'name': 'Pasaje Tamaulipas'}, 'city': 'Rodrigo M. Quevedo', 'state': 'Nayarit', 'country': 'Mexico', 'postcode': 66331, 'coordinates': {'latitude': '22.8806', 'longitude': '169.2965'}, 'timezone': {'offset': '+3:00', 'description': 'Baghdad, Riyadh, Moscow, St. Petersburg'}}, 'email': 'minerva.puente@example.com', 'login': {'uuid': 'bb581aa8-ae06-435c-b85f-1f87b7db47b4', 'username': 'yellowbutterfly975', 'password': 'freedom', 'salt': '3dxmwY7H', 'md5': '5b498eb6f9fc397cee562ef5936d16ae', 'sha1': '4bffcaf8250e6a7a2d53e53fd44afa6404051299', 'sha256': '48fdbf5b99e15abc734821e4b69a8a6ef7aec4cc15c53dd7bd21c9db2b1891dd'}, 'dob': {'date': '1975-10-16T04:08:23.407Z', 'age': 48}, 'registered': {'date': '2011-06-26T00:27:15.851Z', 'age': 13}, 'phone': '(648) 724 7283', 'cell': '(654) 213 0634', 'id': {'name': 'NSS', 'value': '78 34 78 8308 1'}, 'picture': {'large': 'https://randomuser.me/api/portraits/women/69.jpg', 'medium': 'https://randomuser.me/api/portraits/med/women/69.jpg', 'thumbnail': 'https://randomuser.me/api/portraits/thumb/women/69.jpg'}, 'nat': 'MX'}], 'info': {'seed': '79f840aabee78ffc', 'results': 1, 'page': 1, 'version': '1.4'}}</msg>
<arg>${json_data}</arg>
<doc>Logs the given message with the given level.</doc>
<status status="PASS" start="2024-06-27T05:15:52.521192" elapsed="0.000203"/>
</kw>
<kw name="Dictionary Should Contain Key" owner="Collections">
<arg>${json_data}</arg>
<arg>results</arg>
<doc>Fails if ``key`` is not found from ``dictionary``.</doc>
<status status="PASS" start="2024-06-27T05:15:52.521684" elapsed="0.000159"/>
</kw>
<kw name="Should Not Be Empty" owner="BuiltIn">
<msg time="2024-06-27T05:15:52.522159" level="INFO">Length is 2.</msg>
<arg>${json_data}</arg>
<doc>Verifies that the given item is not empty.</doc>
<status status="PASS" start="2024-06-27T05:15:52.522027" elapsed="0.000191"/>
</kw>
<kw name="Create List" owner="BuiltIn">
<msg time="2024-06-27T05:15:52.522678" level="INFO">${expected_keys} = ['gender', 'name', 'location', 'email', 'login']</msg>
<var>${expected_keys}</var>
<arg>gender</arg>
<arg>name</arg>
<arg>location</arg>
<arg>email</arg>
<arg>login</arg>
<doc>Returns a list containing given items.</doc>
<status status="PASS" start="2024-06-27T05:15:52.522524" elapsed="0.000179"/>
</kw>
<for flavor="IN">
<iter>
<kw name="Dictionary Should Contain Key" owner="Collections">
<arg>${json_data['results'][0]}</arg>
<arg>${key}</arg>
<doc>Fails if ``key`` is not found from ``dictionary``.</doc>
<status status="PASS" start="2024-06-27T05:15:52.523466" elapsed="0.000404"/>
</kw>
<kw name="Log" owner="BuiltIn">
<msg time="2024-06-27T05:15:52.524480" level="INFO">{'gender': 'female', 'name': {'title': 'Miss', 'first': 'Minerva', 'last': 'Puente'}, 'location': {'street': {'number': 826, 'name': 'Pasaje Tamaulipas'}, 'city': 'Rodrigo M. Quevedo', 'state': 'Nayarit', 'country': 'Mexico', 'postcode': 66331, 'coordinates': {'latitude': '22.8806', 'longitude': '169.2965'}, 'timezone': {'offset': '+3:00', 'description': 'Baghdad, Riyadh, Moscow, St. Petersburg'}}, 'email': 'minerva.puente@example.com', 'login': {'uuid': 'bb581aa8-ae06-435c-b85f-1f87b7db47b4', 'username': 'yellowbutterfly975', 'password': 'freedom', 'salt': '3dxmwY7H', 'md5': '5b498eb6f9fc397cee562ef5936d16ae', 'sha1': '4bffcaf8250e6a7a2d53e53fd44afa6404051299', 'sha256': '48fdbf5b99e15abc734821e4b69a8a6ef7aec4cc15c53dd7bd21c9db2b1891dd'}, 'dob': {'date': '1975-10-16T04:08:23.407Z', 'age': 48}, 'registered': {'date': '2011-06-26T00:27:15.851Z', 'age': 13}, 'phone': '(648) 724 7283', 'cell': '(654) 213 0634', 'id': {'name': 'NSS', 'value': '78 34 78 8308 1'}, 'picture': {'large': 'https://randomuser.me/api/portraits/women/69.jpg', 'medium': 'https://randomuser.me/api/portraits/med/women/69.jpg', 'thumbnail': 'https://randomuser.me/api/portraits/thumb/women/69.jpg'}, 'nat': 'MX'}</msg>
<arg>${json_data['results'][0]}</arg>
<doc>Logs the given message with the given level.</doc>
<status status="PASS" start="2024-06-27T05:15:52.524062" elapsed="0.000467"/>
</kw>
<kw name="Log" owner="BuiltIn">
<msg time="2024-06-27T05:15:52.524975" level="INFO">gender</msg>
<arg>${key}</arg>
<doc>Logs the given message with the given level.</doc>
<status status="PASS" start="2024-06-27T05:15:52.524844" elapsed="0.000169"/>
</kw>
<var name="${key}">gender</var>
<status status="PASS" start="2024-06-27T05:15:52.523342" elapsed="0.001889"/>
</iter>
<iter>
<kw name="Dictionary Should Contain Key" owner="Collections">
<arg>${json_data['results'][0]}</arg>
<arg>${key}</arg>
<doc>Fails if ``key`` is not found from ``dictionary``.</doc>
<status status="PASS" start="2024-06-27T05:15:52.525536" elapsed="0.000391"/>
</kw>
<kw name="Log" owner="BuiltIn">
<msg time="2024-06-27T05:15:52.526503" level="INFO">{'gender': 'female', 'name': {'title': 'Miss', 'first': 'Minerva', 'last': 'Puente'}, 'location': {'street': {'number': 826, 'name': 'Pasaje Tamaulipas'}, 'city': 'Rodrigo M. Quevedo', 'state': 'Nayarit', 'country': 'Mexico', 'postcode': 66331, 'coordinates': {'latitude': '22.8806', 'longitude': '169.2965'}, 'timezone': {'offset': '+3:00', 'description': 'Baghdad, Riyadh, Moscow, St. Petersburg'}}, 'email': 'minerva.puente@example.com', 'login': {'uuid': 'bb581aa8-ae06-435c-b85f-1f87b7db47b4', 'username': 'yellowbutterfly975', 'password': 'freedom', 'salt': '3dxmwY7H', 'md5': '5b498eb6f9fc397cee562ef5936d16ae', 'sha1': '4bffcaf8250e6a7a2d53e53fd44afa6404051299', 'sha256': '48fdbf5b99e15abc734821e4b69a8a6ef7aec4cc15c53dd7bd21c9db2b1891dd'}, 'dob': {'date': '1975-10-16T04:08:23.407Z', 'age': 48}, 'registered': {'date': '2011-06-26T00:27:15.851Z', 'age': 13}, 'phone': '(648) 724 7283', 'cell': '(654) 213 0634', 'id': {'name': 'NSS', 'value': '78 34 78 8308 1'}, 'picture': {'large': 'https://randomuser.me/api/portraits/women/69.jpg', 'medium': 'https://randomuser.me/api/portraits/med/women/69.jpg', 'thumbnail': 'https://randomuser.me/api/portraits/thumb/women/69.jpg'}, 'nat': 'MX'}</msg>
<arg>${json_data['results'][0]}</arg>
<doc>Logs the given message with the given level.</doc>
<status status="PASS" start="2024-06-27T05:15:52.526141" elapsed="0.000411"/>
</kw>
<kw name="Log" owner="BuiltIn">
<msg time="2024-06-27T05:15:52.526976" level="INFO">name</msg>
<arg>${key}</arg>
<doc>Logs the given message with the given level.</doc>
<status status="PASS" start="2024-06-27T05:15:52.526849" elapsed="0.000196"/>
</kw>
<var name="${key}">name</var>
<status status="PASS" start="2024-06-27T05:15:52.525423" elapsed="0.001854"/>
</iter>
<iter>
<kw name="Dictionary Should Contain Key" owner="Collections">
<arg>${json_data['results'][0]}</arg>
<arg>${key}</arg>
<doc>Fails if ``key`` is not found from ``dictionary``.</doc>
<status status="PASS" start="2024-06-27T05:15:52.527564" elapsed="0.000380"/>
</kw>
<kw name="Log" owner="BuiltIn">
<msg time="2024-06-27T05:15:52.528476" level="INFO">{'gender': 'female', 'name': {'title': 'Miss', 'first': 'Minerva', 'last': 'Puente'}, 'location': {'street': {'number': 826, 'name': 'Pasaje Tamaulipas'}, 'city': 'Rodrigo M. Quevedo', 'state': 'Nayarit', 'country': 'Mexico', 'postcode': 66331, 'coordinates': {'latitude': '22.8806', 'longitude': '169.2965'}, 'timezone': {'offset': '+3:00', 'description': 'Baghdad, Riyadh, Moscow, St. Petersburg'}}, 'email': 'minerva.puente@example.com', 'login': {'uuid': 'bb581aa8-ae06-435c-b85f-1f87b7db47b4', 'username': 'yellowbutterfly975', 'password': 'freedom', 'salt': '3dxmwY7H', 'md5': '5b498eb6f9fc397cee562ef5936d16ae', 'sha1': '4bffcaf8250e6a7a2d53e53fd44afa6404051299', 'sha256': '48fdbf5b99e15abc734821e4b69a8a6ef7aec4cc15c53dd7bd21c9db2b1891dd'}, 'dob': {'date': '1975-10-16T04:08:23.407Z', 'age': 48}, 'registered': {'date': '2011-06-26T00:27:15.851Z', 'age': 13}, 'phone': '(648) 724 7283', 'cell': '(654) 213 0634', 'id': {'name': 'NSS', 'value': '78 34 78 8308 1'}, 'picture': {'large': 'https://randomuser.me/api/portraits/women/69.jpg', 'medium': 'https://randomuser.me/api/portraits/med/women/69.jpg', 'thumbnail': 'https://randomuser.me/api/portraits/thumb/women/69.jpg'}, 'nat': 'MX'}</msg>
<arg>${json_data['results'][0]}</arg>
<doc>Logs the given message with the given level.</doc>
<status status="PASS" start="2024-06-27T05:15:52.528128" elapsed="0.000394"/>
</kw>
<kw name="Log" owner="BuiltIn">
<msg time="2024-06-27T05:15:52.528957" level="INFO">location</msg>
<arg>${key}</arg>
<doc>Logs the given message with the given level.</doc>
<status status="PASS" start="2024-06-27T05:15:52.528830" elapsed="0.000163"/>
</kw>
<var name="${key}">location</var>
<status status="PASS" start="2024-06-27T05:15:52.527455" elapsed="0.001753"/>
</iter>
<iter>
<kw name="Dictionary Should Contain Key" owner="Collections">
<arg>${json_data['results'][0]}</arg>
<arg>${key}</arg>
<doc>Fails if ``key`` is not found from ``dictionary``.</doc>
<status status="PASS" start="2024-06-27T05:15:52.529492" elapsed="0.000399"/>
</kw>
<kw name="Log" owner="BuiltIn">
<msg time="2024-06-27T05:15:52.530420" level="INFO">{'gender': 'female', 'name': {'title': 'Miss', 'first': 'Minerva', 'last': 'Puente'}, 'location': {'street': {'number': 826, 'name': 'Pasaje Tamaulipas'}, 'city': 'Rodrigo M. Quevedo', 'state': 'Nayarit', 'country': 'Mexico', 'postcode': 66331, 'coordinates': {'latitude': '22.8806', 'longitude': '169.2965'}, 'timezone': {'offset': '+3:00', 'description': 'Baghdad, Riyadh, Moscow, St. Petersburg'}}, 'email': 'minerva.puente@example.com', 'login': {'uuid': 'bb581aa8-ae06-435c-b85f-1f87b7db47b4', 'username': 'yellowbutterfly975', 'password': 'freedom', 'salt': '3dxmwY7H', 'md5': '5b498eb6f9fc397cee562ef5936d16ae', 'sha1': '4bffcaf8250e6a7a2d53e53fd44afa6404051299', 'sha256': '48fdbf5b99e15abc734821e4b69a8a6ef7aec4cc15c53dd7bd21c9db2b1891dd'}, 'dob': {'date': '1975-10-16T04:08:23.407Z', 'age': 48}, 'registered': {'date': '2011-06-26T00:27:15.851Z', 'age': 13}, 'phone': '(648) 724 7283', 'cell': '(654) 213 0634', 'id': {'name': 'NSS', 'value': '78 34 78 8308 1'}, 'picture': {'large': 'https://randomuser.me/api/portraits/women/69.jpg', 'medium': 'https://randomuser.me/api/portraits/med/women/69.jpg', 'thumbnail': 'https://randomuser.me/api/portraits/thumb/women/69.jpg'}, 'nat': 'MX'}</msg>
<arg>${json_data['results'][0]}</arg>
<doc>Logs the given message with the given level.</doc>
<status status="PASS" start="2024-06-27T05:15:52.530073" elapsed="0.000395"/>
</kw>
<kw name="Log" owner="BuiltIn">
<msg time="2024-06-27T05:15:52.530885" level="INFO">email</msg>
<arg>${key}</arg>
<doc>Logs the given message with the given level.</doc>
<status status="PASS" start="2024-06-27T05:15:52.530760" elapsed="0.000162"/>
</kw>
<var name="${key}">email</var>
<status status="PASS" start="2024-06-27T05:15:52.529378" elapsed="0.001809"/>
</iter>
<iter>
<kw name="Dictionary Should Contain Key" owner="Collections">
<arg>${json_data['results'][0]}</arg>
<arg>${key}</arg>
<doc>Fails if ``key`` is not found from ``dictionary``.</doc>
<status status="PASS" start="2024-06-27T05:15:52.531471" elapsed="0.000390"/>
</kw>
<kw name="Log" owner="BuiltIn">
<msg time="2024-06-27T05:15:52.532405" level="INFO">{'gender': 'female', 'name': {'title': 'Miss', 'first': 'Minerva', 'last': 'Puente'}, 'location': {'street': {'number': 826, 'name': 'Pasaje Tamaulipas'}, 'city': 'Rodrigo M. Quevedo', 'state': 'Nayarit', 'country': 'Mexico', 'postcode': 66331, 'coordinates': {'latitude': '22.8806', 'longitude': '169.2965'}, 'timezone': {'offset': '+3:00', 'description': 'Baghdad, Riyadh, Moscow, St. Petersburg'}}, 'email': 'minerva.puente@example.com', 'login': {'uuid': 'bb581aa8-ae06-435c-b85f-1f87b7db47b4', 'username': 'yellowbutterfly975', 'password': 'freedom', 'salt': '3dxmwY7H', 'md5': '5b498eb6f9fc397cee562ef5936d16ae', 'sha1': '4bffcaf8250e6a7a2d53e53fd44afa6404051299', 'sha256': '48fdbf5b99e15abc734821e4b69a8a6ef7aec4cc15c53dd7bd21c9db2b1891dd'}, 'dob': {'date': '1975-10-16T04:08:23.407Z', 'age': 48}, 'registered': {'date': '2011-06-26T00:27:15.851Z', 'age': 13}, 'phone': '(648) 724 7283', 'cell': '(654) 213 0634', 'id': {'name': 'NSS', 'value': '78 34 78 8308 1'}, 'picture': {'large': 'https://randomuser.me/api/portraits/women/69.jpg', 'medium': 'https://randomuser.me/api/portraits/med/women/69.jpg', 'thumbnail': 'https://randomuser.me/api/portraits/thumb/women/69.jpg'}, 'nat': 'MX'}</msg>
<arg>${json_data['results'][0]}</arg>
<doc>Logs the given message with the given level.</doc>
<status status="PASS" start="2024-06-27T05:15:52.532048" elapsed="0.000405"/>
</kw>
<kw name="Log" owner="BuiltIn">
<msg time="2024-06-27T05:15:52.532870" level="INFO">login</msg>
<arg>${key}</arg>
<doc>Logs the given message with the given level.</doc>
<status status="PASS" start="2024-06-27T05:15:52.532743" elapsed="0.000164"/>
</kw>
<var name="${key}">login</var>
<status status="PASS" start="2024-06-27T05:15:52.531359" elapsed="0.001769"/>
</iter>
<var>${key}</var>
<value>@{expected_keys}</value>
<status status="PASS" start="2024-06-27T05:15:52.523151" elapsed="0.010120"/>
</for>
<kw name="Create List" owner="BuiltIn">
<msg time="2024-06-27T05:15:52.533610" level="INFO">${expected_keysTwo} = ['username', 'password']</msg>
<var>${expected_keysTwo}</var>
<arg>username</arg>
<arg>password</arg>
<doc>Returns a list containing given items.</doc>
<status status="PASS" start="2024-06-27T05:15:52.533474" elapsed="0.000160"/>
</kw>
<for flavor="IN">
<iter>
<kw name="Dictionary Should Contain Key" owner="Collections">
<arg>${json_data['results'][0]['login']}</arg>
<arg>${keyTwo}</arg>
<doc>Fails if ``key`` is not found from ``dictionary``.</doc>
<status status="PASS" start="2024-06-27T05:15:52.534124" elapsed="0.000386"/>
</kw>
<kw name="Dictionary Should Contain Key" owner="Collections">
<arg>${json_data['results'][0]['login']}</arg>
<arg>${keyTwo}</arg>
<doc>Fails if ``key`` is not found from ``dictionary``.</doc>
<status status="PASS" start="2024-06-27T05:15:52.534688" elapsed="0.000405"/>
</kw>
<kw name="Log" owner="BuiltIn">
<msg time="2024-06-27T05:15:52.535413" level="INFO">username</msg>
<arg>${keyTwo}</arg>
<doc>Logs the given message with the given level.</doc>
<status status="PASS" start="2024-06-27T05:15:52.535287" elapsed="0.000165"/>
</kw>
<var name="${keyTwo}">username</var>
<status status="PASS" start="2024-06-27T05:15:52.534019" elapsed="0.001650"/>
</iter>
<iter>
<kw name="Dictionary Should Contain Key" owner="Collections">
<arg>${json_data['results'][0]['login']}</arg>
<arg>${keyTwo}</arg>
<doc>Fails if ``key`` is not found from ``dictionary``.</doc>
<status status="PASS" start="2024-06-27T05:15:52.535946" elapsed="0.000392"/>
</kw>
<kw name="Dictionary Should Contain Key" owner="Collections">
<arg>${json_data['results'][0]['login']}</arg>
<arg>${keyTwo}</arg>
<doc>Fails if ``key`` is not found from ``dictionary``.</doc>
<status status="PASS" start="2024-06-27T05:15:52.536513" elapsed="0.000364"/>
</kw>
<kw name="Log" owner="BuiltIn">
<msg time="2024-06-27T05:15:52.537167" level="INFO">password</msg>
<arg>${keyTwo}</arg>
<doc>Logs the given message with the given level.</doc>
<status status="PASS" start="2024-06-27T05:15:52.537051" elapsed="0.000160"/>
</kw>
<var name="${keyTwo}">password</var>
<status status="PASS" start="2024-06-27T05:15:52.535839" elapsed="0.001603"/>
</iter>
<var>${keyTwo}</var>
<value>@{expected_keysTwo}</value>
<status status="PASS" start="2024-06-27T05:15:52.533869" elapsed="0.003690"/>
</for>
<status status="PASS" start="2024-06-27T05:15:52.378420" elapsed="0.159277"/>
</kw>
<doc>Testa a estrutura da resposta da API.</doc>
<tag>testeEstruturaResposta</tag>
<status status="PASS" start="2024-06-27T05:15:52.377614" elapsed="0.160229"/>
</test>
<test id="s1-s1-t4" name="Validar tipos de dados" line="28">
<kw name="Teste de Tipos de Dados" owner="random-user-service">
<kw name="GET On Session" owner="RequestsLibrary">
<msg time="2024-06-27T05:15:52.577872" level="INFO">GET Request : url=https://randomuser.me/api 
 path_url=/api 
 headers={'User-Agent': 'python-requests/2.32.3', 'Accept-Encoding': 'gzip, deflate', 'Accept': '*/*', 'Connection': 'keep-alive'} 
 body=None 
 </msg>
<msg time="2024-06-27T05:15:52.577951" level="INFO">GET Response : url=https://randomuser.me/api 
 status=200, reason=OK 
 headers={'Date': 'Thu, 27 Jun 2024 05:15:52 GMT', 'Content-Type': 'application/json; charset=utf-8', 'Transfer-Encoding': 'chunked', 'Connection': 'keep-alive', 'X-Powered-By': 'Express', 'Access-Control-Allow-Origin': '*', 'Cache-Control': 'no-cache', 'ETag': 'W/"47a-X10zPJpq/Ui9CzyqUys7vMoowoA"', 'Vary': 'Accept-Encoding', 'Content-Encoding': 'gzip', 'CF-Cache-Status': 'DYNAMIC', 'Report-To': '{"endpoints":[{"url":"https:\\/\\/a.nel.cloudflare.com\\/report\\/v4?s=wYR64xgd%2FaHpWzDzp9PqJHL3zCDS0w2V4T7luIkrLjJQDJbBOcf9c0wgTvFHGXYuCsJEzF94p2l6NKCLNFkWpB%2FYDeCjJR%2BLj8NgsvFTYeeIFB8HI2UyW2aUFSCCmSz6"}],"group":"cf-nel","max_age":604800}', 'NEL': '{"success_fraction":0,"report_to":"cf-nel","max_age":604800}', 'Server': 'cloudflare', 'CF-RAY': '89a2f63568b20aaf-IAD', 'alt-svc': 'h3=":443"; ma=86400'} 
 body={"results":[{"gender":"female","name":{"title":"Ms","first":"Sara","last":"Leroy"},"location":{"street":{"number":4163,"name":"Rue Bossuet"},"city":"Nancy","state":"Puy-de-Dôme","country":"France","postcode":22136,"coordinates":{"latitude":"-16.7328","longitude":"110.7929"},"timezone":{"offset":"+3:30","description":"Tehran"}},"email":"sara.leroy@example.com","login":{"uuid":"e9b9668c-23eb-4900-9676-29bfafb203fe","username":"heavydog660","password":"horseman","salt":"n5TKddKA","md5":"4d12033cc01dacd0f43124fda58215a7","sha1":"a7fbdbf7a0dfd23cd27064787ec9c81bbd69a13d","sha256":"d012b140c3b65b10fbfeba93d4896056f4f39aaf80992236f9a55250d5894331"},"dob":{"date":"1985-01-11T08:02:08.831Z","age":39},"registered":{"date":"2022-04-21T22:59:56.254Z","age":2},"phone":"05-71-01-98-95","cell":"06-24-57-45-43","id":{"name":"INSEE","value":"2850031873065 71"},"picture":{"large":"https://randomuser.me/api/portraits/women/65.jpg","medium":"https://randomuser.me/api/portraits/med/women/65.jpg","thumbnail":"https://randomuser.me/api/portraits/thumb/women/65.jpg"},"nat":"FR"}],"info":{"seed":"69999262a3a74029","results":1,"page":1,"version":"1.4"}} 
 </msg>
<msg time="2024-06-27T05:15:52.578019" level="INFO">/opt/hostedtoolcache/Python/3.12.4/x64/lib/python3.12/site-packages/urllib3/connectionpool.py:1099: InsecureRequestWarning: Unverified HTTPS request is being made to host 'randomuser.me'. Adding certificate verification is strongly advised. See: https://urllib3.readthedocs.io/en/latest/advanced-usage.html#tls-warnings
  warnings.warn(</msg>
<msg time="2024-06-27T05:15:52.578123" level="INFO">${response} = &lt;Response [200]&gt;</msg>
<var>${response}</var>
<arg>consultarAPI</arg>
<arg>/api</arg>
<doc>Sends a GET request on a previously created HTTP Session.</doc>
<status status="PASS" start="2024-06-27T05:15:52.540355" elapsed="0.037811"/>
</kw>
<kw name="Set Variable" owner="BuiltIn">
<msg time="2024-06-27T05:15:52.578969" level="INFO">${json_data} = {'results': [{'gender': 'female', 'name': {'title': 'Ms', 'first': 'Sara', 'last': 'Leroy'}, 'location': {'street': {'number': 4163, 'name': 'Rue Bossuet'}, 'city': 'Nancy', 'state': 'Puy-de-Dôme', 'c...</msg>
<var>${json_data}</var>
<arg>${response.json()}</arg>
<doc>Returns the given values which can then be assigned to a variables.</doc>
<status status="PASS" start="2024-06-27T05:15:52.578528" elapsed="0.000470"/>
</kw>
<kw name="Log" owner="BuiltIn">
<msg time="2024-06-27T05:15:52.579514" level="INFO">{'results': [{'gender': 'female', 'name': {'title': 'Ms', 'first': 'Sara', 'last': 'Leroy'}, 'location': {'street': {'number': 4163, 'name': 'Rue Bossuet'}, 'city': 'Nancy', 'state': 'Puy-de-Dôme', 'country': 'France', 'postcode': 22136, 'coordinates': {'latitude': '-16.7328', 'longitude': '110.7929'}, 'timezone': {'offset': '+3:30', 'description': 'Tehran'}}, 'email': 'sara.leroy@example.com', 'login': {'uuid': 'e9b9668c-23eb-4900-9676-29bfafb203fe', 'username': 'heavydog660', 'password': 'horseman', 'salt': 'n5TKddKA', 'md5': '4d12033cc01dacd0f43124fda58215a7', 'sha1': 'a7fbdbf7a0dfd23cd27064787ec9c81bbd69a13d', 'sha256': 'd012b140c3b65b10fbfeba93d4896056f4f39aaf80992236f9a55250d5894331'}, 'dob': {'date': '1985-01-11T08:02:08.831Z', 'age': 39}, 'registered': {'date': '2022-04-21T22:59:56.254Z', 'age': 2}, 'phone': '05-71-01-98-95', 'cell': '06-24-57-45-43', 'id': {'name': 'INSEE', 'value': '2850031873065 71'}, 'picture': {'large': 'https://randomuser.me/api/portraits/women/65.jpg', 'medium': 'https://randomuser.me/api/portraits/med/women/65.jpg', 'thumbnail': 'https://randomuser.me/api/portraits/thumb/women/65.jpg'}, 'nat': 'FR'}], 'info': {'seed': '69999262a3a74029', 'results': 1, 'page': 1, 'version': '1.4'}}</msg>
<arg>${json_data}</arg>
<doc>Logs the given message with the given level.</doc>
<status status="PASS" start="2024-06-27T05:15:52.579354" elapsed="0.000208"/>
</kw>
<kw name="Should Be String" owner="String">
<arg>${json_data['results'][0]['gender']}</arg>
<doc>Fails if the given ``item`` is not a string.</doc>
<status status="PASS" start="2024-06-27T05:15:52.579853" elapsed="0.000368"/>
</kw>
<kw name="Should Match Regexp" owner="BuiltIn">
<arg>${json_data['results'][0]['email']}</arg>
<arg>^[a-zA-Z0-9._%+-]+@[a-zA-Z0-9.-]+\.[a-zA-Z]{2,}$</arg>
<doc>Fails if ``string`` does not match ``pattern`` as a regular expression.</doc>
<status status="PASS" start="2024-06-27T05:15:52.580444" elapsed="0.000520"/>
</kw>
<kw name="Should Match Regexp" owner="BuiltIn">
<arg>${json_data['results'][0]['dob']['date']}</arg>
<arg>\\d{4}-\\d{2}-\\d{2}T\\d{2}:\\d{2}:\\d{2}\\.\\d{3}Z</arg>
<doc>Fails if ``string`` does not match ``pattern`` as a regular expression.</doc>
<status status="PASS" start="2024-06-27T05:15:52.581155" elapsed="0.000487"/>
</kw>
<kw name="Should Match Regexp" owner="BuiltIn">
<arg>${json_data['results'][0]['registered']['date']}</arg>
<arg>\\d{4}-\\d{2}-\\d{2}T\\d{2}:\\d{2}:\\d{2}\\.\\d{3}Z</arg>
<doc>Fails if ``string`` does not match ``pattern`` as a regular expression.</doc>
<status status="PASS" start="2024-06-27T05:15:52.581832" elapsed="0.000364"/>
</kw>
<kw name="Should Match Regexp" owner="BuiltIn">
<arg>${json_data['results'][0]['picture']['large']}</arg>
<arg>^https?://.*\.(?:png|jpe?g|gif|bmp)$</arg>
<doc>Fails if ``string`` does not match ``pattern`` as a regular expression.</doc>
<status status="PASS" start="2024-06-27T05:15:52.582377" elapsed="0.000453"/>
</kw>
<kw name="Should Match Regexp" owner="BuiltIn">
<arg>${json_data['results'][0]['picture']['medium']}</arg>
<arg>^https?://.*\.(?:png|jpe?g|gif|bmp)$</arg>
<doc>Fails if ``string`` does not match ``pattern`` as a regular expression.</doc>
<status status="PASS" start="2024-06-27T05:15:52.583033" elapsed="0.000351"/>
</kw>
<kw name="Should Match Regexp" owner="BuiltIn">
<arg>${json_data['results'][0]['picture']['thumbnail']}</arg>
<arg>^https?://.*\.(?:png|jpe?g|gif|bmp)$</arg>
<doc>Fails if ``string`` does not match ``pattern`` as a regular expression.</doc>
<status status="PASS" start="2024-06-27T05:15:52.583563" elapsed="0.000352"/>
</kw>
<kw name="Log" owner="BuiltIn">
<msg time="2024-06-27T05:15:52.584441" level="INFO">{'large': 'https://randomuser.me/api/portraits/women/65.jpg', 'medium': 'https://randomuser.me/api/portraits/med/women/65.jpg', 'thumbnail': 'https://randomuser.me/api/portraits/thumb/women/65.jpg'}</msg>
<arg>${json_data['results'][0]['picture']}</arg>
<doc>Logs the given message with the given level.</doc>
<status status="PASS" start="2024-06-27T05:15:52.584119" elapsed="0.000368"/>
</kw>
<status status="PASS" start="2024-06-27T05:15:52.540136" elapsed="0.044605"/>
</kw>
<kw name="Teste de Tipos de Dados - Postcode" owner="random-user-service">
<kw name="GET On Session" owner="RequestsLibrary">
<msg time="2024-06-27T05:15:52.698347" level="INFO">GET Request : url=https://randomuser.me/api 
 path_url=/api 
 headers={'User-Agent': 'python-requests/2.32.3', 'Accept-Encoding': 'gzip, deflate', 'Accept': '*/*', 'Connection': 'keep-alive'} 
 body=None 
 </msg>
<msg time="2024-06-27T05:15:52.698430" level="INFO">GET Response : url=https://randomuser.me/api 
 status=200, reason=OK 
 headers={'Date': 'Thu, 27 Jun 2024 05:15:52 GMT', 'Content-Type': 'application/json; charset=utf-8', 'Transfer-Encoding': 'chunked', 'Connection': 'keep-alive', 'X-Powered-By': 'Express', 'Access-Control-Allow-Origin': '*', 'Cache-Control': 'no-cache', 'ETag': 'W/"47f-AHShp86MhYTKD76fZQooMJ+S3L4"', 'Vary': 'Accept-Encoding', 'Content-Encoding': 'gzip', 'CF-Cache-Status': 'DYNAMIC', 'Report-To': '{"endpoints":[{"url":"https:\\/\\/a.nel.cloudflare.com\\/report\\/v4?s=hj2%2Fz%2BuIUonN7R4J6P0Dwwe3Wc0j8jsF2x58XvEXzVcv0CMO6xSahJFafhsIAxSDp2y3%2F4SOqd8zNbQo9I39zOr6XG9VZqX5LsIxmIEM5W17jA1kPm49LT5lgo5pw9wK"}],"group":"cf-nel","max_age":604800}', 'NEL': '{"success_fraction":0,"report_to":"cf-nel","max_age":604800}', 'Server': 'cloudflare', 'CF-RAY': '89a2f635a8ef0aaf-IAD', 'alt-svc': 'h3=":443"; ma=86400'} 
 body={"results":[{"gender":"male","name":{"title":"Mr","first":"Henry","last":"Walker"},"location":{"street":{"number":8525,"name":"Glenfield Road"},"city":"Hastings","state":"Northland","country":"New Zealand","postcode":57659,"coordinates":{"latitude":"49.8535","longitude":"-152.1208"},"timezone":{"offset":"-8:00","description":"Pacific Time (US &amp; Canada)"}},"email":"henry.walker@example.com","login":{"uuid":"6d2d4588-3532-4409-aa74-a60f02073143","username":"lazyfish690","password":"oranges","salt":"ovnjqcKj","md5":"3582443210fe6ce21155d70764f5c44b","sha1":"f4c04341a503f79c0cfae0ceed5dd74dd36ceddc","sha256":"a8728e007c9b7e139d66d756b325a2730bae40436d246080c69837bcc7a679cd"},"dob":{"date":"1969-01-26T18:09:41.580Z","age":55},"registered":{"date":"2002-08-18T16:56:03.836Z","age":21},"phone":"(010)-421-2250","cell":"(410)-432-5496","id":{"name":"","value":null},"picture":{"large":"https://randomuser.me/api/portraits/men/94.jpg","medium":"https://randomuser.me/api/portraits/med/men/94.jpg","thumbnail":"https://randomuser.me/api/portraits/thumb/men/94.jpg"},"nat":"NZ"}],"info":{"seed":"5a619b4fa34c2038","results":1,"page":1,"version":"1.4"}} 
 </msg>
<msg time="2024-06-27T05:15:52.698506" level="INFO">/opt/hostedtoolcache/Python/3.12.4/x64/lib/python3.12/site-packages/urllib3/connectionpool.py:1099: InsecureRequestWarning: Unverified HTTPS request is being made to host 'randomuser.me'. Adding certificate verification is strongly advised. See: https://urllib3.readthedocs.io/en/latest/advanced-usage.html#tls-warnings
  warnings.warn(</msg>
<msg time="2024-06-27T05:15:52.698642" level="INFO">${response} = &lt;Response [200]&gt;</msg>
<var>${response}</var>
<arg>consultarAPI</arg>
<arg>/api</arg>
<doc>Sends a GET request on a previously created HTTP Session.</doc>
<status status="PASS" start="2024-06-27T05:15:52.585160" elapsed="0.113539"/>
</kw>
<kw name="Set Variable" owner="BuiltIn">
<msg time="2024-06-27T05:15:52.699622" level="INFO">${json_data} = {'results': [{'gender': 'male', 'name': {'title': 'Mr', 'first': 'Henry', 'last': 'Walker'}, 'location': {'street': {'number': 8525, 'name': 'Glenfield Road'}, 'city': 'Hastings', 'state': 'Northland'...</msg>
<var>${json_data}</var>
<arg>${response.json()}</arg>
<doc>Returns the given values which can then be assigned to a variables.</doc>
<status status="PASS" start="2024-06-27T05:15:52.699181" elapsed="0.000469"/>
</kw>
<kw name="Log" owner="BuiltIn">
<msg time="2024-06-27T05:15:52.700106" level="INFO">{'results': [{'gender': 'male', 'name': {'title': 'Mr', 'first': 'Henry', 'last': 'Walker'}, 'location': {'street': {'number': 8525, 'name': 'Glenfield Road'}, 'city': 'Hastings', 'state': 'Northland', 'country': 'New Zealand', 'postcode': 57659, 'coordinates': {'latitude': '49.8535', 'longitude': '-152.1208'}, 'timezone': {'offset': '-8:00', 'description': 'Pacific Time (US &amp; Canada)'}}, 'email': 'henry.walker@example.com', 'login': {'uuid': '6d2d4588-3532-4409-aa74-a60f02073143', 'username': 'lazyfish690', 'password': 'oranges', 'salt': 'ovnjqcKj', 'md5': '3582443210fe6ce21155d70764f5c44b', 'sha1': 'f4c04341a503f79c0cfae0ceed5dd74dd36ceddc', 'sha256': 'a8728e007c9b7e139d66d756b325a2730bae40436d246080c69837bcc7a679cd'}, 'dob': {'date': '1969-01-26T18:09:41.580Z', 'age': 55}, 'registered': {'date': '2002-08-18T16:56:03.836Z', 'age': 21}, 'phone': '(010)-421-2250', 'cell': '(410)-432-5496', 'id': {'name': '', 'value': None}, 'picture': {'large': 'https://randomuser.me/api/portraits/men/94.jpg', 'medium': 'https://randomuser.me/api/portraits/med/men/94.jpg', 'thumbnail': 'https://randomuser.me/api/portraits/thumb/men/94.jpg'}, 'nat': 'NZ'}], 'info': {'seed': '5a619b4fa34c2038', 'results': 1, 'page': 1, 'version': '1.4'}}</msg>
<arg>${json_data}</arg>
<doc>Logs the given message with the given level.</doc>
<status status="PASS" start="2024-06-27T05:15:52.699953" elapsed="0.000211"/>
</kw>
<kw name="Should Be Equal As Numbers" owner="BuiltIn">
<arg>${json_data['results'][0]['location']['postcode']}</arg>
<arg>${json_data['results'][0]['location']['postcode']}</arg>
<doc>Fails if objects are unequal after converting them to real numbers.</doc>
<status status="PASS" start="2024-06-27T05:15:52.700451" elapsed="0.000628"/>
</kw>
<kw name="Log" owner="BuiltIn">
<msg time="2024-06-27T05:15:52.701634" level="INFO">57659</msg>
<arg>${json_data['results'][0]['location']['postcode']}</arg>
<doc>Logs the given message with the given level.</doc>
<status status="PASS" start="2024-06-27T05:15:52.701298" elapsed="0.000376"/>
</kw>
<status status="PASS" start="2024-06-27T05:15:52.584947" elapsed="0.116992"/>
</kw>
<doc>Testa se os tipos de dados na resposta da API estão corretos.</doc>
<tag>testeTiposDados</tag>
<status status="PASS" start="2024-06-27T05:15:52.539617" elapsed="0.162472"/>
</test>
<test id="s1-s1-t5" name="Validar conteudo" line="35">
<kw name="Teste de Tipos de Conteudo" owner="random-user-service">
<kw name="GET On Session" owner="RequestsLibrary">
<msg time="2024-06-27T05:15:52.776205" level="INFO">GET Request : url=https://randomuser.me/api 
 path_url=/api 
 headers={'User-Agent': 'python-requests/2.32.3', 'Accept-Encoding': 'gzip, deflate', 'Accept': '*/*', 'Connection': 'keep-alive'} 
 body=None 
 </msg>
<msg time="2024-06-27T05:15:52.776270" level="INFO">GET Response : url=https://randomuser.me/api 
 status=200, reason=OK 
 headers={'Date': 'Thu, 27 Jun 2024 05:15:52 GMT', 'Content-Type': 'application/json; charset=utf-8', 'Transfer-Encoding': 'chunked', 'Connection': 'keep-alive', 'X-Powered-By': 'Express', 'Access-Control-Allow-Origin': '*', 'Cache-Control': 'no-cache', 'ETag': 'W/"475-F3kV/ZM+Lb5LmwCIvZbWlIEeK1w"', 'Vary': 'Accept-Encoding', 'Content-Encoding': 'gzip', 'CF-Cache-Status': 'DYNAMIC', 'Report-To': '{"endpoints":[{"url":"https:\\/\\/a.nel.cloudflare.com\\/report\\/v4?s=QSVi9bifnIPNvrsKcegGmZx%2FZ2hLAexAq8An4seKYNfePgYuP%2Fg0BvzS0u%2FGRjQIVjdAYvMj%2BF%2Fg1yOyDkBtbSzp452Qa91QyTSShe4Ndk4Y%2BVwasy2Vv32PCvs2LToe"}],"group":"cf-nel","max_age":604800}', 'NEL': '{"success_fraction":0,"report_to":"cf-nel","max_age":604800}', 'Server': 'cloudflare', 'CF-RAY': '89a2f63669770aaf-IAD', 'alt-svc': 'h3=":443"; ma=86400'} 
 body={"results":[{"gender":"male","name":{"title":"Mr","first":"Vernidub","last":"Gorlenko"},"location":{"street":{"number":4195,"name":"Konyushinna"},"city":"Poltava","state":"Vinnicka","country":"Ukraine","postcode":99029,"coordinates":{"latitude":"75.1523","longitude":"-100.5477"},"timezone":{"offset":"-2:00","description":"Mid-Atlantic"}},"email":"vernidub.gorlenko@example.com","login":{"uuid":"23567b1f-f929-4bdf-9c0a-1bc653c30f3b","username":"angryostrich211","password":"sheldon","salt":"0MkJT27Y","md5":"527a1277441106f6af4222266796886f","sha1":"0c52008ff4dfc0fd51d716eb4ea1309453ab8c74","sha256":"db610cf81ff165d6419e72fc71350156b5ec78f38e80e12b7aa7e3a09fac2460"},"dob":{"date":"1984-05-05T09:19:34.150Z","age":40},"registered":{"date":"2018-01-26T11:39:08.428Z","age":6},"phone":"(068) G72-0927","cell":"(067) H59-5227","id":{"name":"","value":null},"picture":{"large":"https://randomuser.me/api/portraits/men/39.jpg","medium":"https://randomuser.me/api/portraits/med/men/39.jpg","thumbnail":"https://randomuser.me/api/portraits/thumb/men/39.jpg"},"nat":"UA"}],"info":{"seed":"f71b1c1dfb96d739","results":1,"page":1,"version":"1.4"}} 
 </msg>
<msg time="2024-06-27T05:15:52.776336" level="INFO">/opt/hostedtoolcache/Python/3.12.4/x64/lib/python3.12/site-packages/urllib3/connectionpool.py:1099: InsecureRequestWarning: Unverified HTTPS request is being made to host 'randomuser.me'. Adding certificate verification is strongly advised. See: https://urllib3.readthedocs.io/en/latest/advanced-usage.html#tls-warnings
  warnings.warn(</msg>
<msg time="2024-06-27T05:15:52.776442" level="INFO">${response} = &lt;Response [200]&gt;</msg>
<var>${response}</var>
<arg>consultarAPI</arg>
<arg>/api</arg>
<doc>Sends a GET request on a previously created HTTP Session.</doc>
<status status="PASS" start="2024-06-27T05:15:52.705025" elapsed="0.071462"/>
</kw>
<kw name="Set Variable" owner="BuiltIn">
<msg time="2024-06-27T05:15:52.777261" level="INFO">${json_data} = {'results': [{'gender': 'male', 'name': {'title': 'Mr', 'first': 'Vernidub', 'last': 'Gorlenko'}, 'location': {'street': {'number': 4195, 'name': 'Konyushinna'}, 'city': 'Poltava', 'state': 'Vinnicka'...</msg>
<var>${json_data}</var>
<arg>${response.json()}</arg>
<doc>Returns the given values which can then be assigned to a variables.</doc>
<status status="PASS" start="2024-06-27T05:15:52.776832" elapsed="0.000456"/>
</kw>
<kw name="Set Variable" owner="BuiltIn">
<msg time="2024-06-27T05:15:52.777954" level="INFO">${name_title} = Mr</msg>
<var>${name_title}</var>
<arg>${json_data["results"][0]["name"]["title"]}</arg>
<doc>Returns the given values which can then be assigned to a variables.</doc>
<status status="PASS" start="2024-06-27T05:15:52.777584" elapsed="0.000395"/>
</kw>
<kw name="Create List" owner="BuiltIn">
<msg time="2024-06-27T05:15:52.778443" level="INFO">${allowed_titles} = ['Mr', 'Ms', 'Miss', 'Mrs', 'Madame', 'Monsieur']</msg>
<var>${allowed_titles}</var>
<arg>Mr</arg>
<arg>Ms</arg>
<arg>Miss</arg>
<arg>Mrs</arg>
<arg>Madame</arg>
<arg>Monsieur</arg>
<doc>Returns a list containing given items.</doc>
<status status="PASS" start="2024-06-27T05:15:52.778283" elapsed="0.000185"/>
</kw>
<kw name="List Should Contain Value" owner="Collections">
<arg>${allowed_titles}</arg>
<arg>${name_title}</arg>
<doc>Fails if the ``value`` is not found from ``list``.</doc>
<status status="PASS" start="2024-06-27T05:15:52.778776" elapsed="0.000172"/>
</kw>
<kw name="Set Variable" owner="BuiltIn">
<msg time="2024-06-27T05:15:52.779540" level="INFO">${name_country} = UA</msg>
<var>${name_country}</var>
<arg>${json_data["results"][0]["nat"]}</arg>
<doc>Returns the given values which can then be assigned to a variables.</doc>
<status status="PASS" start="2024-06-27T05:15:52.779169" elapsed="0.000396"/>
</kw>
<kw name="Create List" owner="BuiltIn">
<msg time="2024-06-27T05:15:52.780452" level="INFO">${list_country} = ['AD', 'AE', 'AF', 'AG', 'AI', 'AL', 'AM', 'AO', 'AQ', 'AR', 'AS', 'AT', 'AU', 'AW', 'AX', 'AZ', 'BA', 'BB', 'BD', 'BE', 'BF', 'BG', 'BH', 'BI', 'BJ', 'BL', 'BM', 'BN', 'BO', 'BQ', 'BR', 'BS', 'BT', '...</msg>
<var>${list_country}</var>
<arg>AD</arg>
<arg>AE</arg>
<arg>AF</arg>
<arg>AG</arg>
<arg>AI</arg>
<arg>AL</arg>
<arg>AM</arg>
<arg>AO</arg>
<arg>AQ</arg>
<arg>AR</arg>
<arg>AS</arg>
<arg>AT</arg>
<arg>AU</arg>
<arg>AW</arg>
<arg>AX</arg>
<arg>AZ</arg>
<arg>BA</arg>
<arg>BB</arg>
<arg>BD</arg>
<arg>BE</arg>
<arg>BF</arg>
<arg>BG</arg>
<arg>BH</arg>
<arg>BI</arg>
<arg>BJ</arg>
<arg>BL</arg>
<arg>BM</arg>
<arg>BN</arg>
<arg>BO</arg>
<arg>BQ</arg>
<arg>BR</arg>
<arg>BS</arg>
<arg>BT</arg>
<arg>BV</arg>
<arg>BW</arg>
<arg>BY</arg>
<arg>BZ</arg>
<arg>CA</arg>
<arg>CC</arg>
<arg>CD</arg>
<arg>CF</arg>
<arg>CG</arg>
<arg>CH</arg>
<arg>CI</arg>
<arg>CK</arg>
<arg>CL</arg>
<arg>CM</arg>
<arg>CN</arg>
<arg>CO</arg>
<arg>CR</arg>
<arg>CU</arg>
<arg>CV</arg>
<arg>CW</arg>
<arg>CX</arg>
<arg>CY</arg>
<arg>CZ</arg>
<arg>DE</arg>
<arg>DJ</arg>
<arg>DK</arg>
<arg>DM</arg>
<arg>DO</arg>
<arg>DZ</arg>
<arg>EC</arg>
<arg>EE</arg>
<arg>EG</arg>
<arg>EH</arg>
<arg>ER</arg>
<arg>ES</arg>
<arg>ET</arg>
<arg>FI</arg>
<arg>FJ</arg>
<arg>FK</arg>
<arg>FM</arg>
<arg>FO</arg>
<arg>FR</arg>
<arg>GA</arg>
<arg>GB</arg>
<arg>GD</arg>
<arg>GE</arg>
<arg>GF</arg>
<arg>GG</arg>
<arg>GH</arg>
<arg>GI</arg>
<arg>GL</arg>
<arg>GM</arg>
<arg>GN</arg>
<arg>GP</arg>
<arg>GQ</arg>
<arg>GR</arg>
<arg>GS</arg>
<arg>GT</arg>
<arg>GU</arg>
<arg>GW</arg>
<arg>GY</arg>
<arg>HK</arg>
<arg>HM</arg>
<arg>HN</arg>
<arg>HR</arg>
<arg>HT</arg>
<arg>HU</arg>
<arg>ID</arg>
<arg>IE</arg>
<arg>IL</arg>
<arg>IM</arg>
<arg>IN</arg>
<arg>IO</arg>
<arg>IQ</arg>
<arg>IR</arg>
<arg>IS</arg>
<arg>IT</arg>
<arg>JE</arg>
<arg>JM</arg>
<arg>JO</arg>
<arg>JP</arg>
<arg>KE</arg>
<arg>KG</arg>
<arg>KH</arg>
<arg>KI</arg>
<arg>KM</arg>
<arg>KN</arg>
<arg>KP</arg>
<arg>KR</arg>
<arg>KW</arg>
<arg>KY</arg>
<arg>KZ</arg>
<arg>LA</arg>
<arg>LB</arg>
<arg>LC</arg>
<arg>LI</arg>
<arg>LK</arg>
<arg>LR</arg>
<arg>LS</arg>
<arg>LT</arg>
<arg>LU</arg>
<arg>LV</arg>
<arg>LY</arg>
<arg>MA</arg>
<arg>MC</arg>
<arg>MD</arg>
<arg>ME</arg>
<arg>MF</arg>
<arg>MG</arg>
<arg>MH</arg>
<arg>MK</arg>
<arg>ML</arg>
<arg>MM</arg>
<arg>MN</arg>
<arg>MO</arg>
<arg>MP</arg>
<arg>MQ</arg>
<arg>MR</arg>
<arg>MS</arg>
<arg>MT</arg>
<arg>MU</arg>
<arg>MV</arg>
<arg>MW</arg>
<arg>MX</arg>
<arg>MY</arg>
<arg>MZ</arg>
<arg>NA</arg>
<arg>NC</arg>
<arg>NE</arg>
<arg>NF</arg>
<arg>NG</arg>
<arg>NI</arg>
<arg>NL</arg>
<arg>NO</arg>
<arg>NP</arg>
<arg>NR</arg>
<arg>NU</arg>
<arg>NZ</arg>
<arg>OM</arg>
<arg>PA</arg>
<arg>PE</arg>
<arg>PF</arg>
<arg>PG</arg>
<arg>PH</arg>
<arg>PK</arg>
<arg>PL</arg>
<arg>PM</arg>
<arg>PN</arg>
<arg>PR</arg>
<arg>PS</arg>
<arg>PT</arg>
<arg>PW</arg>
<arg>PY</arg>
<arg>QA</arg>
<arg>RE</arg>
<arg>RO</arg>
<arg>RS</arg>
<arg>RU</arg>
<arg>RW</arg>
<arg>SA</arg>
<arg>SB</arg>
<arg>SC</arg>
<arg>SD</arg>
<arg>SE</arg>
<arg>SG</arg>
<arg>SH</arg>
<arg>SI</arg>
<arg>SJ</arg>
<arg>SK</arg>
<arg>SL</arg>
<arg>SM</arg>
<arg>SN</arg>
<arg>SO</arg>
<arg>SR</arg>
<arg>SS</arg>
<arg>ST</arg>
<arg>SV</arg>
<arg>SX</arg>
<arg>SY</arg>
<arg>SZ</arg>
<arg>TC</arg>
<arg>TD</arg>
<arg>TF</arg>
<arg>TG</arg>
<arg>TH</arg>
<arg>TJ</arg>
<arg>TK</arg>
<arg>TL</arg>
<arg>TM</arg>
<arg>TN</arg>
<arg>TO</arg>
<arg>TR</arg>
<arg>TT</arg>
<arg>TV</arg>
<arg>TW</arg>
<arg>TZ</arg>
<arg>UA</arg>
<arg>UG</arg>
<arg>UM</arg>
<arg>US</arg>
<arg>UY</arg>
<arg>UZ</arg>
<arg>VA</arg>
<arg>VC</arg>
<arg>VE</arg>
<arg>VG</arg>
<arg>VI</arg>
<arg>VN</arg>
<arg>VU</arg>
<arg>WF</arg>
<arg>WS</arg>
<arg>XK</arg>
<arg>YE</arg>
<arg>YT</arg>
<arg>ZA</arg>
<arg>ZM</arg>
<arg>ZW</arg>
<doc>Returns a list containing given items.</doc>
<status status="PASS" start="2024-06-27T05:15:52.779852" elapsed="0.000625"/>
</kw>
<kw name="List Should Contain Value" owner="Collections">
<arg>${list_country}</arg>
<arg>${name_country}</arg>
<doc>Fails if the ``value`` is not found from ``list``.</doc>
<status status="PASS" start="2024-06-27T05:15:52.781275" elapsed="0.000205"/>
</kw>
<kw name="Run Keyword If" owner="BuiltIn">
<kw name="Should Be True" owner="BuiltIn">
<arg>${True}</arg>
<doc>Fails if the given condition is not true.</doc>
<status status="PASS" start="2024-06-27T05:15:52.782404" elapsed="0.000140"/>
</kw>
<arg>${json_data["results"][0]["location"]["coordinates"]["latitude"]} &gt;= -90 and ${json_data["results"][0]["location"]["coordinates"]["latitude"]} &lt;= 90</arg>
<arg>Should Be True</arg>
<arg>${True}</arg>
<doc>Runs the given keyword with the given arguments, if ``condition`` is true.</doc>
<status status="PASS" start="2024-06-27T05:15:52.781674" elapsed="0.000994"/>
</kw>
<kw name="Run Keyword If" owner="BuiltIn">
<kw name="Should Be True" owner="BuiltIn">
<arg>${True}</arg>
<doc>Fails if the given condition is not true.</doc>
<status status="PASS" start="2024-06-27T05:15:52.783602" elapsed="0.000139"/>
</kw>
<arg>${json_data["results"][0]["location"]["coordinates"]["longitude"]} &gt;= -180 and ${json_data["results"][0]["location"]["coordinates"]["longitude"]} &lt;= 180</arg>
<arg>Should Be True</arg>
<arg>${True}</arg>
<doc>Runs the given keyword with the given arguments, if ``condition`` is true.</doc>
<status status="PASS" start="2024-06-27T05:15:52.782849" elapsed="0.001016"/>
</kw>
<status status="PASS" start="2024-06-27T05:15:52.704473" elapsed="0.079522"/>
</kw>
<doc>Testa o conteúdo específico dos campos retornados pela API.</doc>
<tag>testeConteudo</tag>
<status status="PASS" start="2024-06-27T05:15:52.703831" elapsed="0.080305"/>
</test>
<status status="PASS" start="2024-06-27T05:15:51.639934" elapsed="1.146074"/>
</suite>
<status status="PASS" start="2024-06-27T05:15:51.624870" elapsed="1.166261"/>
</suite>
<statistics>
<total>
<stat pass="5" fail="0" skip="0">All Tests</stat>
</total>
<tag>
<stat pass="1" fail="0" skip="0">testeConteudo</stat>
<stat pass="1" fail="0" skip="0">testeEstruturaResposta</stat>
<stat pass="1" fail="0" skip="0">testeRequisicaoBasica</stat>
<stat pass="1" fail="0" skip="0">testeTiposDados</stat>
</tag>
<suite>
<stat pass="5" fail="0" skip="0" id="s1" name="Tests">Tests</stat>
<stat pass="5" fail="0" skip="0" id="s1-s1" name="Random-User-Test">Tests.Random-User-Test</stat>
</suite>
</statistics>
<errors>
</errors>
</robot>
