<?xml version="1.0" encoding="UTF-8"?>
<robot generator="Robot 7.0.1 (Python 3.12.4 on linux)" generated="2024-07-05T11:12:51.491273" rpa="false" schemaversion="5">
<suite id="s1" name="Tests" source="/home/runner/work/ApiRandomUser/ApiRandomUser/RamdonUser/tests">
<suite id="s1-s1" name="Random-User-Test" source="/home/runner/work/ApiRandomUser/ApiRandomUser/RamdonUser/tests/random-user-test.robot">
<test id="s1-s1-t1" name="Conectar" line="13">
<kw name="Conectar API" owner="random-user-service">
<kw name="Create Session" owner="RequestsLibrary">
<msg time="2024-07-05T11:12:51.935556" level="INFO">Creating Session using : alias=consultarAPI, url=https://randomuser.me/, headers={},                     cookies={}, auth=None, timeout=None, proxies=None, verify=False,                     debug=0 </msg>
<arg>consultarAPI</arg>
<arg>${URL}</arg>
<doc>Create Session: create a HTTP session to a server</doc>
<status status="PASS" start="2024-07-05T11:12:51.935336" elapsed="0.000431"/>
</kw>
<status status="PASS" start="2024-07-05T11:12:51.934322" elapsed="0.001828"/>
</kw>
<status status="PASS" start="2024-07-05T11:12:51.933630" elapsed="0.002719"/>
</test>
<test id="s1-s1-t2" name="Validar retorno 200 e JSON Válido" line="16">
<kw name="Teste de Requisicao Basica" owner="random-user-service">
<kw name="GET On Session" owner="RequestsLibrary">
<msg time="2024-07-05T11:12:52.069635" level="INFO">GET Request : url=https://randomuser.me/api 
 path_url=/api 
 headers={'User-Agent': 'python-requests/2.32.3', 'Accept-Encoding': 'gzip, deflate', 'Accept': '*/*', 'Connection': 'keep-alive'} 
 body=None 
 </msg>
<msg time="2024-07-05T11:12:52.069795" level="INFO">GET Response : url=https://randomuser.me/api 
 status=200, reason=OK 
 headers={'Date': 'Fri, 05 Jul 2024 11:12:52 GMT', 'Content-Type': 'application/json; charset=utf-8', 'Transfer-Encoding': 'chunked', 'Connection': 'keep-alive', 'X-Powered-By': 'Express', 'Access-Control-Allow-Origin': '*', 'Cache-Control': 'no-cache', 'ETag': 'W/"491-ODVqEDSAQh879lbHSu5IAWJCo58"', 'Vary': 'Accept-Encoding', 'Content-Encoding': 'gzip', 'CF-Cache-Status': 'DYNAMIC', 'Report-To': '{"endpoints":[{"url":"https:\\/\\/a.nel.cloudflare.com\\/report\\/v4?s=du957dyPCa94PayXF58ffQxSwXOmrNIop5D93AUTb7XLhXBVAjZ4pbVkKLCg4iJ2K%2FZ5pjpDgnPaKYTahlwltA6dEkwXszG0jbcoRcSWPGot2BzXf1ODK17wq5l79VZT"}],"group":"cf-nel","max_age":604800}', 'NEL': '{"success_fraction":0,"report_to":"cf-nel","max_age":604800}', 'Server': 'cloudflare', 'CF-RAY': '89e6ec251965e241-ORD', 'alt-svc': 'h3=":443"; ma=86400'} 
 body={"results":[{"gender":"female","name":{"title":"Miss","first":"Madison","last":"Kumar"},"location":{"street":{"number":3624,"name":"Portsmouth Drive"},"city":"Taupo","state":"Waikato","country":"New Zealand","postcode":13119,"coordinates":{"latitude":"49.2124","longitude":"76.0838"},"timezone":{"offset":"+1:00","description":"Brussels, Copenhagen, Madrid, Paris"}},"email":"madison.kumar@example.com","login":{"uuid":"96475abd-026b-4e0e-b875-0e1c67bf2933","username":"goldenbear935","password":"istanbul","salt":"kAS5b47F","md5":"fa7d44b3244e3216c239f97a4d955f40","sha1":"cc1f521ebbcd9612dcb6f672c3988e3cabce346c","sha256":"60a3c74ee9b57c0c1a22694f01a6d7db6045b8b6873aba0a0207ad860b4a7751"},"dob":{"date":"1948-08-16T07:04:31.479Z","age":75},"registered":{"date":"2018-03-23T06:04:57.502Z","age":6},"phone":"(479)-151-2451","cell":"(155)-770-0110","id":{"name":"","value":null},"picture":{"large":"https://randomuser.me/api/portraits/women/37.jpg","medium":"https://randomuser.me/api/portraits/med/women/37.jpg","thumbnail":"https://randomuser.me/api/portraits/thumb/women/37.jpg"},"nat":"NZ"}],"info":{"seed":"92b88426a3d61df2","results":1,"page":1,"version":"1.4"}} 
 </msg>
<msg time="2024-07-05T11:12:52.069889" level="INFO">/opt/hostedtoolcache/Python/3.12.4/x64/lib/python3.12/site-packages/urllib3/connectionpool.py:1099: InsecureRequestWarning: Unverified HTTPS request is being made to host 'randomuser.me'. Adding certificate verification is strongly advised. See: https://urllib3.readthedocs.io/en/latest/advanced-usage.html#tls-warnings
  warnings.warn(</msg>
<msg time="2024-07-05T11:12:52.070061" level="INFO">${response} = &lt;Response [200]&gt;</msg>
<var>${response}</var>
<arg>consultarAPI</arg>
<arg>/api</arg>
<doc>Sends a GET request on a previously created HTTP Session.</doc>
<status status="PASS" start="2024-07-05T11:12:51.939166" elapsed="0.130942"/>
</kw>
<kw name="Should Be Equal As Numbers" owner="BuiltIn">
<msg time="2024-07-05T11:12:52.071574" level="INFO">Argument types are:
&lt;class 'int'&gt;
&lt;class 'str'&gt;</msg>
<arg>${response.status_code}</arg>
<arg>200</arg>
<doc>Fails if objects are unequal after converting them to real numbers.</doc>
<status status="PASS" start="2024-07-05T11:12:52.070858" elapsed="0.000795"/>
</kw>
<kw name="Log" owner="BuiltIn">
<msg time="2024-07-05T11:12:52.072362" level="INFO">200</msg>
<arg>${response.status_code}</arg>
<doc>Logs the given message with the given level.</doc>
<status status="PASS" start="2024-07-05T11:12:52.071997" elapsed="0.000441"/>
</kw>
<kw name="Set Variable" owner="BuiltIn">
<msg time="2024-07-05T11:12:52.073241" level="INFO">${json_data} = {'results': [{'gender': 'female', 'name': {'title': 'Miss', 'first': 'Madison', 'last': 'Kumar'}, 'location': {'street': {'number': 3624, 'name': 'Portsmouth Drive'}, 'city': 'Taupo', 'state': 'Waikat...</msg>
<var>${json_data}</var>
<arg>${response.json()}</arg>
<doc>Returns the given values which can then be assigned to a variables.</doc>
<status status="PASS" start="2024-07-05T11:12:52.072781" elapsed="0.000491"/>
</kw>
<kw name="Dictionary Should Contain Key" owner="Collections">
<arg>${json_data}</arg>
<arg>results</arg>
<doc>Fails if ``key`` is not found from ``dictionary``.</doc>
<status status="PASS" start="2024-07-05T11:12:52.073574" elapsed="0.000170"/>
</kw>
<status status="PASS" start="2024-07-05T11:12:51.938903" elapsed="0.134998"/>
</kw>
<doc>Testa se a API responde corretamente e retorna um objeto JSON válido.</doc>
<tag>testeRequisicaoBasica</tag>
<status status="PASS" start="2024-07-05T11:12:51.938342" elapsed="0.135747"/>
</test>
<test id="s1-s1-t3" name="Validar estrutura de resposta" line="22">
<kw name="Teste de Estrutura de Resposta" owner="random-user-service">
<kw name="GET On Session" owner="RequestsLibrary">
<msg time="2024-07-05T11:12:52.172135" level="INFO">GET Request : url=https://randomuser.me/api 
 path_url=/api 
 headers={'User-Agent': 'python-requests/2.32.3', 'Accept-Encoding': 'gzip, deflate', 'Accept': '*/*', 'Connection': 'keep-alive'} 
 body=None 
 </msg>
<msg time="2024-07-05T11:12:52.172260" level="INFO">GET Response : url=https://randomuser.me/api 
 status=200, reason=OK 
 headers={'Date': 'Fri, 05 Jul 2024 11:12:52 GMT', 'Content-Type': 'application/json; charset=utf-8', 'Transfer-Encoding': 'chunked', 'Connection': 'keep-alive', 'X-Powered-By': 'Express', 'Access-Control-Allow-Origin': '*', 'Cache-Control': 'no-cache', 'ETag': 'W/"483-XdyaMm1JpeX1NxH6VATMK6H0lGs"', 'Vary': 'Accept-Encoding', 'Content-Encoding': 'gzip', 'CF-Cache-Status': 'DYNAMIC', 'Report-To': '{"endpoints":[{"url":"https:\\/\\/a.nel.cloudflare.com\\/report\\/v4?s=MYlJY4Itn4lGMtXReJSU%2FywbMLPN9PRNwlufBvss6XRbKsVHc48AtFqwPK5HRTEenyOP9H%2F8EW8NMmH7BN44B75k7aUtfnwSM1oWovDWwXbE7wLgCXVmALsHm%2FqvjqO3"}],"group":"cf-nel","max_age":604800}', 'NEL': '{"success_fraction":0,"report_to":"cf-nel","max_age":604800}', 'Server': 'cloudflare', 'CF-RAY': '89e6ec2579a4e241-ORD', 'alt-svc': 'h3=":443"; ma=86400'} 
 body={"results":[{"gender":"male","name":{"title":"Mr","first":"Travis","last":"Brewer"},"location":{"street":{"number":838,"name":"Mill Road"},"city":"Carrick-on-Shannon","state":"Carlow","country":"Ireland","postcode":24687,"coordinates":{"latitude":"3.6014","longitude":"-11.4377"},"timezone":{"offset":"-1:00","description":"Azores, Cape Verde Islands"}},"email":"travis.brewer@example.com","login":{"uuid":"f1616202-6fbf-4f71-8f0b-f2a04755adba","username":"beautifulpanda966","password":"yousuck","salt":"z9S89Eec","md5":"fa4c5f6cc53edcc36ae1d23374b7f602","sha1":"a7138ec4d86cf355cccec33390c16f5b516f7ec1","sha256":"cc75e316b7917a73364fde584c73f4644d4c53d4f58679f7523209dd98a04026"},"dob":{"date":"1955-03-06T20:14:58.906Z","age":69},"registered":{"date":"2015-01-21T02:39:57.824Z","age":9},"phone":"021-433-6866","cell":"081-803-7139","id":{"name":"PPS","value":"7369483T"},"picture":{"large":"https://randomuser.me/api/portraits/men/2.jpg","medium":"https://randomuser.me/api/portraits/med/men/2.jpg","thumbnail":"https://randomuser.me/api/portraits/thumb/men/2.jpg"},"nat":"IE"}],"info":{"seed":"12defaa315c9a46f","results":1,"page":1,"version":"1.4"}} 
 </msg>
<msg time="2024-07-05T11:12:52.172454" level="INFO">/opt/hostedtoolcache/Python/3.12.4/x64/lib/python3.12/site-packages/urllib3/connectionpool.py:1099: InsecureRequestWarning: Unverified HTTPS request is being made to host 'randomuser.me'. Adding certificate verification is strongly advised. See: https://urllib3.readthedocs.io/en/latest/advanced-usage.html#tls-warnings
  warnings.warn(</msg>
<msg time="2024-07-05T11:12:52.172623" level="INFO">${response} = &lt;Response [200]&gt;</msg>
<var>${response}</var>
<arg>consultarAPI</arg>
<arg>/api</arg>
<doc>Sends a GET request on a previously created HTTP Session.</doc>
<status status="PASS" start="2024-07-05T11:12:52.076845" elapsed="0.095824"/>
</kw>
<kw name="Set Variable" owner="BuiltIn">
<msg time="2024-07-05T11:12:52.173759" level="INFO">${json_data} = {'results': [{'gender': 'male', 'name': {'title': 'Mr', 'first': 'Travis', 'last': 'Brewer'}, 'location': {'street': {'number': 838, 'name': 'Mill Road'}, 'city': 'Carrick-on-Shannon', 'state': 'Carlo...</msg>
<var>${json_data}</var>
<arg>${response.json()}</arg>
<doc>Returns the given values which can then be assigned to a variables.</doc>
<status status="PASS" start="2024-07-05T11:12:52.173232" elapsed="0.000557"/>
</kw>
<kw name="Log" owner="BuiltIn">
<msg time="2024-07-05T11:12:52.174273" level="INFO">{'results': [{'gender': 'male', 'name': {'title': 'Mr', 'first': 'Travis', 'last': 'Brewer'}, 'location': {'street': {'number': 838, 'name': 'Mill Road'}, 'city': 'Carrick-on-Shannon', 'state': 'Carlow', 'country': 'Ireland', 'postcode': 24687, 'coordinates': {'latitude': '3.6014', 'longitude': '-11.4377'}, 'timezone': {'offset': '-1:00', 'description': 'Azores, Cape Verde Islands'}}, 'email': 'travis.brewer@example.com', 'login': {'uuid': 'f1616202-6fbf-4f71-8f0b-f2a04755adba', 'username': 'beautifulpanda966', 'password': 'yousuck', 'salt': 'z9S89Eec', 'md5': 'fa4c5f6cc53edcc36ae1d23374b7f602', 'sha1': 'a7138ec4d86cf355cccec33390c16f5b516f7ec1', 'sha256': 'cc75e316b7917a73364fde584c73f4644d4c53d4f58679f7523209dd98a04026'}, 'dob': {'date': '1955-03-06T20:14:58.906Z', 'age': 69}, 'registered': {'date': '2015-01-21T02:39:57.824Z', 'age': 9}, 'phone': '021-433-6866', 'cell': '081-803-7139', 'id': {'name': 'PPS', 'value': '7369483T'}, 'picture': {'large': 'https://randomuser.me/api/portraits/men/2.jpg', 'medium': 'https://randomuser.me/api/portraits/med/men/2.jpg', 'thumbnail': 'https://randomuser.me/api/portraits/thumb/men/2.jpg'}, 'nat': 'IE'}], 'info': {'seed': '12defaa315c9a46f', 'results': 1, 'page': 1, 'version': '1.4'}}</msg>
<arg>${json_data}</arg>
<doc>Logs the given message with the given level.</doc>
<status status="PASS" start="2024-07-05T11:12:52.174108" elapsed="0.000214"/>
</kw>
<kw name="Dictionary Should Contain Key" owner="Collections">
<arg>${json_data}</arg>
<arg>results</arg>
<doc>Fails if ``key`` is not found from ``dictionary``.</doc>
<status status="PASS" start="2024-07-05T11:12:52.174626" elapsed="0.000170"/>
</kw>
<kw name="Should Not Be Empty" owner="BuiltIn">
<msg time="2024-07-05T11:12:52.175118" level="INFO">Length is 2.</msg>
<arg>${json_data}</arg>
<doc>Verifies that the given item is not empty.</doc>
<status status="PASS" start="2024-07-05T11:12:52.174982" elapsed="0.000176"/>
</kw>
<kw name="Create List" owner="BuiltIn">
<msg time="2024-07-05T11:12:52.175789" level="INFO">${expected_keys} = ['gender', 'name', 'location', 'email', 'login']</msg>
<var>${expected_keys}</var>
<arg>gender</arg>
<arg>name</arg>
<arg>location</arg>
<arg>email</arg>
<arg>login</arg>
<doc>Returns a list containing given items.</doc>
<status status="PASS" start="2024-07-05T11:12:52.175461" elapsed="0.000354"/>
</kw>
<for flavor="IN">
<iter>
<kw name="Dictionary Should Contain Key" owner="Collections">
<arg>${json_data['results'][0]}</arg>
<arg>${key}</arg>
<doc>Fails if ``key`` is not found from ``dictionary``.</doc>
<status status="PASS" start="2024-07-05T11:12:52.176477" elapsed="0.000423"/>
</kw>
<kw name="Log" owner="BuiltIn">
<msg time="2024-07-05T11:12:52.177466" level="INFO">{'gender': 'male', 'name': {'title': 'Mr', 'first': 'Travis', 'last': 'Brewer'}, 'location': {'street': {'number': 838, 'name': 'Mill Road'}, 'city': 'Carrick-on-Shannon', 'state': 'Carlow', 'country': 'Ireland', 'postcode': 24687, 'coordinates': {'latitude': '3.6014', 'longitude': '-11.4377'}, 'timezone': {'offset': '-1:00', 'description': 'Azores, Cape Verde Islands'}}, 'email': 'travis.brewer@example.com', 'login': {'uuid': 'f1616202-6fbf-4f71-8f0b-f2a04755adba', 'username': 'beautifulpanda966', 'password': 'yousuck', 'salt': 'z9S89Eec', 'md5': 'fa4c5f6cc53edcc36ae1d23374b7f602', 'sha1': 'a7138ec4d86cf355cccec33390c16f5b516f7ec1', 'sha256': 'cc75e316b7917a73364fde584c73f4644d4c53d4f58679f7523209dd98a04026'}, 'dob': {'date': '1955-03-06T20:14:58.906Z', 'age': 69}, 'registered': {'date': '2015-01-21T02:39:57.824Z', 'age': 9}, 'phone': '021-433-6866', 'cell': '081-803-7139', 'id': {'name': 'PPS', 'value': '7369483T'}, 'picture': {'large': 'https://randomuser.me/api/portraits/men/2.jpg', 'medium': 'https://randomuser.me/api/portraits/med/men/2.jpg', 'thumbnail': 'https://randomuser.me/api/portraits/thumb/men/2.jpg'}, 'nat': 'IE'}</msg>
<arg>${json_data['results'][0]}</arg>
<doc>Logs the given message with the given level.</doc>
<status status="PASS" start="2024-07-05T11:12:52.177092" elapsed="0.000426"/>
</kw>
<kw name="Log" owner="BuiltIn">
<msg time="2024-07-05T11:12:52.177958" level="INFO">gender</msg>
<arg>${key}</arg>
<doc>Logs the given message with the given level.</doc>
<status status="PASS" start="2024-07-05T11:12:52.177826" elapsed="0.000173"/>
</kw>
<var name="${key}">gender</var>
<status status="PASS" start="2024-07-05T11:12:52.176298" elapsed="0.001928"/>
</iter>
<iter>
<kw name="Dictionary Should Contain Key" owner="Collections">
<arg>${json_data['results'][0]}</arg>
<arg>${key}</arg>
<doc>Fails if ``key`` is not found from ``dictionary``.</doc>
<status status="PASS" start="2024-07-05T11:12:52.178539" elapsed="0.000397"/>
</kw>
<kw name="Log" owner="BuiltIn">
<msg time="2024-07-05T11:12:52.179471" level="INFO">{'gender': 'male', 'name': {'title': 'Mr', 'first': 'Travis', 'last': 'Brewer'}, 'location': {'street': {'number': 838, 'name': 'Mill Road'}, 'city': 'Carrick-on-Shannon', 'state': 'Carlow', 'country': 'Ireland', 'postcode': 24687, 'coordinates': {'latitude': '3.6014', 'longitude': '-11.4377'}, 'timezone': {'offset': '-1:00', 'description': 'Azores, Cape Verde Islands'}}, 'email': 'travis.brewer@example.com', 'login': {'uuid': 'f1616202-6fbf-4f71-8f0b-f2a04755adba', 'username': 'beautifulpanda966', 'password': 'yousuck', 'salt': 'z9S89Eec', 'md5': 'fa4c5f6cc53edcc36ae1d23374b7f602', 'sha1': 'a7138ec4d86cf355cccec33390c16f5b516f7ec1', 'sha256': 'cc75e316b7917a73364fde584c73f4644d4c53d4f58679f7523209dd98a04026'}, 'dob': {'date': '1955-03-06T20:14:58.906Z', 'age': 69}, 'registered': {'date': '2015-01-21T02:39:57.824Z', 'age': 9}, 'phone': '021-433-6866', 'cell': '081-803-7139', 'id': {'name': 'PPS', 'value': '7369483T'}, 'picture': {'large': 'https://randomuser.me/api/portraits/men/2.jpg', 'medium': 'https://randomuser.me/api/portraits/med/men/2.jpg', 'thumbnail': 'https://randomuser.me/api/portraits/thumb/men/2.jpg'}, 'nat': 'IE'}</msg>
<arg>${json_data['results'][0]}</arg>
<doc>Logs the given message with the given level.</doc>
<status status="PASS" start="2024-07-05T11:12:52.179121" elapsed="0.000435"/>
</kw>
<kw name="Log" owner="BuiltIn">
<msg time="2024-07-05T11:12:52.179997" level="INFO">name</msg>
<arg>${key}</arg>
<doc>Logs the given message with the given level.</doc>
<status status="PASS" start="2024-07-05T11:12:52.179867" elapsed="0.000169"/>
</kw>
<var name="${key}">name</var>
<status status="PASS" start="2024-07-05T11:12:52.178421" elapsed="0.001838"/>
</iter>
<iter>
<kw name="Dictionary Should Contain Key" owner="Collections">
<arg>${json_data['results'][0]}</arg>
<arg>${key}</arg>
<doc>Fails if ``key`` is not found from ``dictionary``.</doc>
<status status="PASS" start="2024-07-05T11:12:52.180580" elapsed="0.000391"/>
</kw>
<kw name="Log" owner="BuiltIn">
<msg time="2024-07-05T11:12:52.181529" level="INFO">{'gender': 'male', 'name': {'title': 'Mr', 'first': 'Travis', 'last': 'Brewer'}, 'location': {'street': {'number': 838, 'name': 'Mill Road'}, 'city': 'Carrick-on-Shannon', 'state': 'Carlow', 'country': 'Ireland', 'postcode': 24687, 'coordinates': {'latitude': '3.6014', 'longitude': '-11.4377'}, 'timezone': {'offset': '-1:00', 'description': 'Azores, Cape Verde Islands'}}, 'email': 'travis.brewer@example.com', 'login': {'uuid': 'f1616202-6fbf-4f71-8f0b-f2a04755adba', 'username': 'beautifulpanda966', 'password': 'yousuck', 'salt': 'z9S89Eec', 'md5': 'fa4c5f6cc53edcc36ae1d23374b7f602', 'sha1': 'a7138ec4d86cf355cccec33390c16f5b516f7ec1', 'sha256': 'cc75e316b7917a73364fde584c73f4644d4c53d4f58679f7523209dd98a04026'}, 'dob': {'date': '1955-03-06T20:14:58.906Z', 'age': 69}, 'registered': {'date': '2015-01-21T02:39:57.824Z', 'age': 9}, 'phone': '021-433-6866', 'cell': '081-803-7139', 'id': {'name': 'PPS', 'value': '7369483T'}, 'picture': {'large': 'https://randomuser.me/api/portraits/men/2.jpg', 'medium': 'https://randomuser.me/api/portraits/med/men/2.jpg', 'thumbnail': 'https://randomuser.me/api/portraits/thumb/men/2.jpg'}, 'nat': 'IE'}</msg>
<arg>${json_data['results'][0]}</arg>
<doc>Logs the given message with the given level.</doc>
<status status="PASS" start="2024-07-05T11:12:52.181176" elapsed="0.000404"/>
</kw>
<kw name="Log" owner="BuiltIn">
<msg time="2024-07-05T11:12:52.182023" level="INFO">location</msg>
<arg>${key}</arg>
<doc>Logs the given message with the given level.</doc>
<status status="PASS" start="2024-07-05T11:12:52.181895" elapsed="0.000166"/>
</kw>
<var name="${key}">location</var>
<status status="PASS" start="2024-07-05T11:12:52.180467" elapsed="0.001828"/>
</iter>
<iter>
<kw name="Dictionary Should Contain Key" owner="Collections">
<arg>${json_data['results'][0]}</arg>
<arg>${key}</arg>
<doc>Fails if ``key`` is not found from ``dictionary``.</doc>
<status status="PASS" start="2024-07-05T11:12:52.182590" elapsed="0.000399"/>
</kw>
<kw name="Log" owner="BuiltIn">
<msg time="2024-07-05T11:12:52.183541" level="INFO">{'gender': 'male', 'name': {'title': 'Mr', 'first': 'Travis', 'last': 'Brewer'}, 'location': {'street': {'number': 838, 'name': 'Mill Road'}, 'city': 'Carrick-on-Shannon', 'state': 'Carlow', 'country': 'Ireland', 'postcode': 24687, 'coordinates': {'latitude': '3.6014', 'longitude': '-11.4377'}, 'timezone': {'offset': '-1:00', 'description': 'Azores, Cape Verde Islands'}}, 'email': 'travis.brewer@example.com', 'login': {'uuid': 'f1616202-6fbf-4f71-8f0b-f2a04755adba', 'username': 'beautifulpanda966', 'password': 'yousuck', 'salt': 'z9S89Eec', 'md5': 'fa4c5f6cc53edcc36ae1d23374b7f602', 'sha1': 'a7138ec4d86cf355cccec33390c16f5b516f7ec1', 'sha256': 'cc75e316b7917a73364fde584c73f4644d4c53d4f58679f7523209dd98a04026'}, 'dob': {'date': '1955-03-06T20:14:58.906Z', 'age': 69}, 'registered': {'date': '2015-01-21T02:39:57.824Z', 'age': 9}, 'phone': '021-433-6866', 'cell': '081-803-7139', 'id': {'name': 'PPS', 'value': '7369483T'}, 'picture': {'large': 'https://randomuser.me/api/portraits/men/2.jpg', 'medium': 'https://randomuser.me/api/portraits/med/men/2.jpg', 'thumbnail': 'https://randomuser.me/api/portraits/thumb/men/2.jpg'}, 'nat': 'IE'}</msg>
<arg>${json_data['results'][0]}</arg>
<doc>Logs the given message with the given level.</doc>
<status status="PASS" start="2024-07-05T11:12:52.183183" elapsed="0.000408"/>
</kw>
<kw name="Log" owner="BuiltIn">
<msg time="2024-07-05T11:12:52.184021" level="INFO">email</msg>
<arg>${key}</arg>
<doc>Logs the given message with the given level.</doc>
<status status="PASS" start="2024-07-05T11:12:52.183891" elapsed="0.000170"/>
</kw>
<var name="${key}">email</var>
<status status="PASS" start="2024-07-05T11:12:52.182472" elapsed="0.001806"/>
</iter>
<iter>
<kw name="Dictionary Should Contain Key" owner="Collections">
<arg>${json_data['results'][0]}</arg>
<arg>${key}</arg>
<doc>Fails if ``key`` is not found from ``dictionary``.</doc>
<status status="PASS" start="2024-07-05T11:12:52.184624" elapsed="0.000433"/>
</kw>
<kw name="Log" owner="BuiltIn">
<msg time="2024-07-05T11:12:52.185604" level="INFO">{'gender': 'male', 'name': {'title': 'Mr', 'first': 'Travis', 'last': 'Brewer'}, 'location': {'street': {'number': 838, 'name': 'Mill Road'}, 'city': 'Carrick-on-Shannon', 'state': 'Carlow', 'country': 'Ireland', 'postcode': 24687, 'coordinates': {'latitude': '3.6014', 'longitude': '-11.4377'}, 'timezone': {'offset': '-1:00', 'description': 'Azores, Cape Verde Islands'}}, 'email': 'travis.brewer@example.com', 'login': {'uuid': 'f1616202-6fbf-4f71-8f0b-f2a04755adba', 'username': 'beautifulpanda966', 'password': 'yousuck', 'salt': 'z9S89Eec', 'md5': 'fa4c5f6cc53edcc36ae1d23374b7f602', 'sha1': 'a7138ec4d86cf355cccec33390c16f5b516f7ec1', 'sha256': 'cc75e316b7917a73364fde584c73f4644d4c53d4f58679f7523209dd98a04026'}, 'dob': {'date': '1955-03-06T20:14:58.906Z', 'age': 69}, 'registered': {'date': '2015-01-21T02:39:57.824Z', 'age': 9}, 'phone': '021-433-6866', 'cell': '081-803-7139', 'id': {'name': 'PPS', 'value': '7369483T'}, 'picture': {'large': 'https://randomuser.me/api/portraits/men/2.jpg', 'medium': 'https://randomuser.me/api/portraits/med/men/2.jpg', 'thumbnail': 'https://randomuser.me/api/portraits/thumb/men/2.jpg'}, 'nat': 'IE'}</msg>
<arg>${json_data['results'][0]}</arg>
<doc>Logs the given message with the given level.</doc>
<status status="PASS" start="2024-07-05T11:12:52.185243" elapsed="0.000411"/>
</kw>
<kw name="Log" owner="BuiltIn">
<msg time="2024-07-05T11:12:52.186078" level="INFO">login</msg>
<arg>${key}</arg>
<doc>Logs the given message with the given level.</doc>
<status status="PASS" start="2024-07-05T11:12:52.185950" elapsed="0.000166"/>
</kw>
<var name="${key}">login</var>
<status status="PASS" start="2024-07-05T11:12:52.184495" elapsed="0.001841"/>
</iter>
<var>${key}</var>
<value>@{expected_keys}</value>
<status status="PASS" start="2024-07-05T11:12:52.176090" elapsed="0.010373"/>
</for>
<kw name="Create List" owner="BuiltIn">
<msg time="2024-07-05T11:12:52.186964" level="INFO">${expected_keysTwo} = ['username', 'password']</msg>
<var>${expected_keysTwo}</var>
<arg>username</arg>
<arg>password</arg>
<doc>Returns a list containing given items.</doc>
<status status="PASS" start="2024-07-05T11:12:52.186739" elapsed="0.000271"/>
</kw>
<for flavor="IN">
<iter>
<kw name="Dictionary Should Contain Key" owner="Collections">
<arg>${json_data['results'][0]['login']}</arg>
<arg>${keyTwo}</arg>
<doc>Fails if ``key`` is not found from ``dictionary``.</doc>
<status status="PASS" start="2024-07-05T11:12:52.187836" elapsed="0.000424"/>
</kw>
<kw name="Dictionary Should Contain Key" owner="Collections">
<arg>${json_data['results'][0]['login']}</arg>
<arg>${keyTwo}</arg>
<doc>Fails if ``key`` is not found from ``dictionary``.</doc>
<status status="PASS" start="2024-07-05T11:12:52.188483" elapsed="0.000395"/>
</kw>
<kw name="Log" owner="BuiltIn">
<msg time="2024-07-05T11:12:52.189218" level="INFO">username</msg>
<arg>${keyTwo}</arg>
<doc>Logs the given message with the given level.</doc>
<status status="PASS" start="2024-07-05T11:12:52.189088" elapsed="0.000170"/>
</kw>
<var name="${keyTwo}">username</var>
<status status="PASS" start="2024-07-05T11:12:52.187694" elapsed="0.001796"/>
</iter>
<iter>
<kw name="Dictionary Should Contain Key" owner="Collections">
<arg>${json_data['results'][0]['login']}</arg>
<arg>${keyTwo}</arg>
<doc>Fails if ``key`` is not found from ``dictionary``.</doc>
<status status="PASS" start="2024-07-05T11:12:52.189779" elapsed="0.000394"/>
</kw>
<kw name="Dictionary Should Contain Key" owner="Collections">
<arg>${json_data['results'][0]['login']}</arg>
<arg>${keyTwo}</arg>
<doc>Fails if ``key`` is not found from ``dictionary``.</doc>
<status status="PASS" start="2024-07-05T11:12:52.190359" elapsed="0.000375"/>
</kw>
<kw name="Log" owner="BuiltIn">
<msg time="2024-07-05T11:12:52.191043" level="INFO">password</msg>
<arg>${keyTwo}</arg>
<doc>Logs the given message with the given level.</doc>
<status status="PASS" start="2024-07-05T11:12:52.190916" elapsed="0.000172"/>
</kw>
<var name="${keyTwo}">password</var>
<status status="PASS" start="2024-07-05T11:12:52.189669" elapsed="0.001756"/>
</iter>
<var>${keyTwo}</var>
<value>@{expected_keysTwo}</value>
<status status="PASS" start="2024-07-05T11:12:52.187442" elapsed="0.004107"/>
</for>
<status status="PASS" start="2024-07-05T11:12:52.076596" elapsed="0.115103"/>
</kw>
<doc>Testa a estrutura da resposta da API.</doc>
<tag>testeEstruturaResposta</tag>
<status status="PASS" start="2024-07-05T11:12:52.075995" elapsed="0.115868"/>
</test>
<test id="s1-s1-t4" name="Validar tipos de dados" line="28">
<kw name="Teste de Tipos de Dados" owner="random-user-service">
<kw name="GET On Session" owner="RequestsLibrary">
<msg time="2024-07-05T11:12:52.268737" level="INFO">GET Request : url=https://randomuser.me/api 
 path_url=/api 
 headers={'User-Agent': 'python-requests/2.32.3', 'Accept-Encoding': 'gzip, deflate', 'Accept': '*/*', 'Connection': 'keep-alive'} 
 body=None 
 </msg>
<msg time="2024-07-05T11:12:52.268840" level="INFO">GET Response : url=https://randomuser.me/api 
 status=200, reason=OK 
 headers={'Date': 'Fri, 05 Jul 2024 11:12:52 GMT', 'Content-Type': 'application/json; charset=utf-8', 'Transfer-Encoding': 'chunked', 'Connection': 'keep-alive', 'X-Powered-By': 'Express', 'Access-Control-Allow-Origin': '*', 'Cache-Control': 'no-cache', 'ETag': 'W/"484-sfso3Xmjt5eE3OJJnoyXswfZ7CQ"', 'Vary': 'Accept-Encoding', 'Content-Encoding': 'gzip', 'CF-Cache-Status': 'DYNAMIC', 'Report-To': '{"endpoints":[{"url":"https:\\/\\/a.nel.cloudflare.com\\/report\\/v4?s=6wdfwr1UyNF5mXUMlBwkIjCvCHTVal32EmVHr9Fx2uSfHVJCf5zX02WG2sAUeJv%2F2c%2FzSP8KDcthgJ15GlHE%2BdHETpGOrqwh036vkyBMqTiwO4q4XZmszxFBz17E8v%2Ff"}],"group":"cf-nel","max_age":604800}', 'NEL': '{"success_fraction":0,"report_to":"cf-nel","max_age":604800}', 'Server': 'cloudflare', 'CF-RAY': '89e6ec263a09e241-ORD', 'alt-svc': 'h3=":443"; ma=86400'} 
 body={"results":[{"gender":"female","name":{"title":"Ms","first":"Sümeyya","last":"Binda"},"location":{"street":{"number":5845,"name":"De Beage"},"city":"Rilland","state":"Groningen","country":"Netherlands","postcode":"7882 BW","coordinates":{"latitude":"31.2168","longitude":"102.4176"},"timezone":{"offset":"+9:30","description":"Adelaide, Darwin"}},"email":"sumeyya.binda@example.com","login":{"uuid":"e0ce95b5-46d3-4fe4-ab5a-21ae76a7ad4b","username":"redcat205","password":"experienced","salt":"AZn04rMR","md5":"3b4dc4e08ce54ea2decc8953bbafa809","sha1":"81cd07420f3f174c30df831c3e78e4f130a93bf4","sha256":"2dfcf77bf21a623313fb36cc192de74730bf9b16fb861e557ee6ff6bbb1743db"},"dob":{"date":"1982-12-29T04:28:24.265Z","age":41},"registered":{"date":"2020-02-03T23:47:14.884Z","age":4},"phone":"(046) 4682765","cell":"(06) 93508969","id":{"name":"BSN","value":"83691677"},"picture":{"large":"https://randomuser.me/api/portraits/women/43.jpg","medium":"https://randomuser.me/api/portraits/med/women/43.jpg","thumbnail":"https://randomuser.me/api/portraits/thumb/women/43.jpg"},"nat":"NL"}],"info":{"seed":"db1891750054e6b3","results":1,"page":1,"version":"1.4"}} 
 </msg>
<msg time="2024-07-05T11:12:52.268915" level="INFO">/opt/hostedtoolcache/Python/3.12.4/x64/lib/python3.12/site-packages/urllib3/connectionpool.py:1099: InsecureRequestWarning: Unverified HTTPS request is being made to host 'randomuser.me'. Adding certificate verification is strongly advised. See: https://urllib3.readthedocs.io/en/latest/advanced-usage.html#tls-warnings
  warnings.warn(</msg>
<msg time="2024-07-05T11:12:52.269060" level="INFO">${response} = &lt;Response [200]&gt;</msg>
<var>${response}</var>
<arg>consultarAPI</arg>
<arg>/api</arg>
<doc>Sends a GET request on a previously created HTTP Session.</doc>
<status status="PASS" start="2024-07-05T11:12:52.194427" elapsed="0.074681"/>
</kw>
<kw name="Set Variable" owner="BuiltIn">
<msg time="2024-07-05T11:12:52.270198" level="INFO">${json_data} = {'results': [{'gender': 'female', 'name': {'title': 'Ms', 'first': 'Sümeyya', 'last': 'Binda'}, 'location': {'street': {'number': 5845, 'name': 'De Beage'}, 'city': 'Rilland', 'state': 'Groningen', 'c...</msg>
<var>${json_data}</var>
<arg>${response.json()}</arg>
<doc>Returns the given values which can then be assigned to a variables.</doc>
<status status="PASS" start="2024-07-05T11:12:52.269658" elapsed="0.000570"/>
</kw>
<kw name="Log" owner="BuiltIn">
<msg time="2024-07-05T11:12:52.270730" level="INFO">{'results': [{'gender': 'female', 'name': {'title': 'Ms', 'first': 'Sümeyya', 'last': 'Binda'}, 'location': {'street': {'number': 5845, 'name': 'De Beage'}, 'city': 'Rilland', 'state': 'Groningen', 'country': 'Netherlands', 'postcode': '7882 BW', 'coordinates': {'latitude': '31.2168', 'longitude': '102.4176'}, 'timezone': {'offset': '+9:30', 'description': 'Adelaide, Darwin'}}, 'email': 'sumeyya.binda@example.com', 'login': {'uuid': 'e0ce95b5-46d3-4fe4-ab5a-21ae76a7ad4b', 'username': 'redcat205', 'password': 'experienced', 'salt': 'AZn04rMR', 'md5': '3b4dc4e08ce54ea2decc8953bbafa809', 'sha1': '81cd07420f3f174c30df831c3e78e4f130a93bf4', 'sha256': '2dfcf77bf21a623313fb36cc192de74730bf9b16fb861e557ee6ff6bbb1743db'}, 'dob': {'date': '1982-12-29T04:28:24.265Z', 'age': 41}, 'registered': {'date': '2020-02-03T23:47:14.884Z', 'age': 4}, 'phone': '(046) 4682765', 'cell': '(06) 93508969', 'id': {'name': 'BSN', 'value': '83691677'}, 'picture': {'large': 'https://randomuser.me/api/portraits/women/43.jpg', 'medium': 'https://randomuser.me/api/portraits/med/women/43.jpg', 'thumbnail': 'https://randomuser.me/api/portraits/thumb/women/43.jpg'}, 'nat': 'NL'}], 'info': {'seed': 'db1891750054e6b3', 'results': 1, 'page': 1, 'version': '1.4'}}</msg>
<arg>${json_data}</arg>
<doc>Logs the given message with the given level.</doc>
<status status="PASS" start="2024-07-05T11:12:52.270550" elapsed="0.000235"/>
</kw>
<kw name="Should Be String" owner="String">
<arg>${json_data['results'][0]['gender']}</arg>
<doc>Fails if the given ``item`` is not a string.</doc>
<status status="PASS" start="2024-07-05T11:12:52.271084" elapsed="0.000382"/>
</kw>
<kw name="Should Match Regexp" owner="BuiltIn">
<arg>${json_data['results'][0]['email']}</arg>
<arg>^[a-zA-Z0-9._%+-]+@[a-zA-Z0-9.-]+\.[a-zA-Z]{2,}$</arg>
<doc>Fails if ``string`` does not match ``pattern`` as a regular expression.</doc>
<status status="PASS" start="2024-07-05T11:12:52.271661" elapsed="0.000527"/>
</kw>
<kw name="Should Match Regexp" owner="BuiltIn">
<arg>${json_data['results'][0]['dob']['date']}</arg>
<arg>\\d{4}-\\d{2}-\\d{2}T\\d{2}:\\d{2}:\\d{2}\\.\\d{3}Z</arg>
<doc>Fails if ``string`` does not match ``pattern`` as a regular expression.</doc>
<status status="PASS" start="2024-07-05T11:12:52.272483" elapsed="0.000522"/>
</kw>
<kw name="Should Match Regexp" owner="BuiltIn">
<arg>${json_data['results'][0]['registered']['date']}</arg>
<arg>\\d{4}-\\d{2}-\\d{2}T\\d{2}:\\d{2}:\\d{2}\\.\\d{3}Z</arg>
<doc>Fails if ``string`` does not match ``pattern`` as a regular expression.</doc>
<status status="PASS" start="2024-07-05T11:12:52.273204" elapsed="0.000379"/>
</kw>
<kw name="Should Match Regexp" owner="BuiltIn">
<arg>${json_data['results'][0]['picture']['large']}</arg>
<arg>^https?://.*\.(?:png|jpe?g|gif|bmp)$</arg>
<doc>Fails if ``string`` does not match ``pattern`` as a regular expression.</doc>
<status status="PASS" start="2024-07-05T11:12:52.273771" elapsed="0.000464"/>
</kw>
<kw name="Should Match Regexp" owner="BuiltIn">
<arg>${json_data['results'][0]['picture']['medium']}</arg>
<arg>^https?://.*\.(?:png|jpe?g|gif|bmp)$</arg>
<doc>Fails if ``string`` does not match ``pattern`` as a regular expression.</doc>
<status status="PASS" start="2024-07-05T11:12:52.274424" elapsed="0.000353"/>
</kw>
<kw name="Should Match Regexp" owner="BuiltIn">
<arg>${json_data['results'][0]['picture']['thumbnail']}</arg>
<arg>^https?://.*\.(?:png|jpe?g|gif|bmp)$</arg>
<doc>Fails if ``string`` does not match ``pattern`` as a regular expression.</doc>
<status status="PASS" start="2024-07-05T11:12:52.274967" elapsed="0.000349"/>
</kw>
<kw name="Log" owner="BuiltIn">
<msg time="2024-07-05T11:12:52.275819" level="INFO">{'large': 'https://randomuser.me/api/portraits/women/43.jpg', 'medium': 'https://randomuser.me/api/portraits/med/women/43.jpg', 'thumbnail': 'https://randomuser.me/api/portraits/thumb/women/43.jpg'}</msg>
<arg>${json_data['results'][0]['picture']}</arg>
<doc>Logs the given message with the given level.</doc>
<status status="PASS" start="2024-07-05T11:12:52.275496" elapsed="0.000367"/>
</kw>
<status status="PASS" start="2024-07-05T11:12:52.194196" elapsed="0.081942"/>
</kw>
<kw name="Teste de Tipos de Dados - Postcode" owner="random-user-service">
<kw name="GET On Session" owner="RequestsLibrary">
<msg time="2024-07-05T11:12:52.377815" level="INFO">GET Request : url=https://randomuser.me/api 
 path_url=/api 
 headers={'User-Agent': 'python-requests/2.32.3', 'Accept-Encoding': 'gzip, deflate', 'Accept': '*/*', 'Connection': 'keep-alive'} 
 body=None 
 </msg>
<msg time="2024-07-05T11:12:52.377929" level="INFO">GET Response : url=https://randomuser.me/api 
 status=200, reason=OK 
 headers={'Date': 'Fri, 05 Jul 2024 11:12:52 GMT', 'Content-Type': 'application/json; charset=utf-8', 'Transfer-Encoding': 'chunked', 'Connection': 'keep-alive', 'X-Powered-By': 'Express', 'Access-Control-Allow-Origin': '*', 'Cache-Control': 'no-cache', 'ETag': 'W/"48c-/ui/07WAOed/43hQQmmnGgV/q74"', 'Vary': 'Accept-Encoding', 'Content-Encoding': 'gzip', 'CF-Cache-Status': 'DYNAMIC', 'Report-To': '{"endpoints":[{"url":"https:\\/\\/a.nel.cloudflare.com\\/report\\/v4?s=z%2BWwVcBIa7AD%2FMLiyLPf5YtTN0MEAwEBuOv0eRygHjMUz1WmzRyctW61DnS9UTiiCpLV0joEHs04lN1bg%2FsUQA7K%2BceP0mpkrWO6jhQlOPDCHSgfptnQz0Deke9nW7QQ"}],"group":"cf-nel","max_age":604800}', 'NEL': '{"success_fraction":0,"report_to":"cf-nel","max_age":604800}', 'Server': 'cloudflare', 'CF-RAY': '89e6ec26ba4fe241-ORD', 'alt-svc': 'h3=":443"; ma=86400'} 
 body={"results":[{"gender":"male","name":{"title":"Mr","first":"David","last":"Sanz"},"location":{"street":{"number":1862,"name":"Paseo de Extremadura"},"city":"La Coruña","state":"Castilla la Mancha","country":"Spain","postcode":41944,"coordinates":{"latitude":"-36.2575","longitude":"-96.4388"},"timezone":{"offset":"-8:00","description":"Pacific Time (US &amp; Canada)"}},"email":"david.sanz@example.com","login":{"uuid":"4e22e645-cf33-4a87-99e6-f036b4109757","username":"whitegorilla976","password":"meme","salt":"V9nnNGCe","md5":"469b33d0d69e206afc7be85bdc2eb27f","sha1":"2387af2c55b876d39d0c97f8cac1beb0ec327237","sha256":"3149d389b98942fd42f94f284ffba8f6edfdad7f3e4b01459f1d432bf3eb1d7a"},"dob":{"date":"1947-02-13T13:34:18.076Z","age":77},"registered":{"date":"2006-12-30T05:35:05.779Z","age":17},"phone":"963-006-434","cell":"604-325-125","id":{"name":"DNI","value":"96085907-W"},"picture":{"large":"https://randomuser.me/api/portraits/men/41.jpg","medium":"https://randomuser.me/api/portraits/med/men/41.jpg","thumbnail":"https://randomuser.me/api/portraits/thumb/men/41.jpg"},"nat":"ES"}],"info":{"seed":"a935602c0918dbc0","results":1,"page":1,"version":"1.4"}} 
 </msg>
<msg time="2024-07-05T11:12:52.378010" level="INFO">/opt/hostedtoolcache/Python/3.12.4/x64/lib/python3.12/site-packages/urllib3/connectionpool.py:1099: InsecureRequestWarning: Unverified HTTPS request is being made to host 'randomuser.me'. Adding certificate verification is strongly advised. See: https://urllib3.readthedocs.io/en/latest/advanced-usage.html#tls-warnings
  warnings.warn(</msg>
<msg time="2024-07-05T11:12:52.378162" level="INFO">${response} = &lt;Response [200]&gt;</msg>
<var>${response}</var>
<arg>consultarAPI</arg>
<arg>/api</arg>
<doc>Sends a GET request on a previously created HTTP Session.</doc>
<status status="PASS" start="2024-07-05T11:12:52.276647" elapsed="0.101564"/>
</kw>
<kw name="Set Variable" owner="BuiltIn">
<msg time="2024-07-05T11:12:52.379360" level="INFO">${json_data} = {'results': [{'gender': 'male', 'name': {'title': 'Mr', 'first': 'David', 'last': 'Sanz'}, 'location': {'street': {'number': 1862, 'name': 'Paseo de Extremadura'}, 'city': 'La Coruña', 'state': 'Casti...</msg>
<var>${json_data}</var>
<arg>${response.json()}</arg>
<doc>Returns the given values which can then be assigned to a variables.</doc>
<status status="PASS" start="2024-07-05T11:12:52.378796" elapsed="0.000595"/>
</kw>
<kw name="Log" owner="BuiltIn">
<msg time="2024-07-05T11:12:52.379882" level="INFO">{'results': [{'gender': 'male', 'name': {'title': 'Mr', 'first': 'David', 'last': 'Sanz'}, 'location': {'street': {'number': 1862, 'name': 'Paseo de Extremadura'}, 'city': 'La Coruña', 'state': 'Castilla la Mancha', 'country': 'Spain', 'postcode': 41944, 'coordinates': {'latitude': '-36.2575', 'longitude': '-96.4388'}, 'timezone': {'offset': '-8:00', 'description': 'Pacific Time (US &amp; Canada)'}}, 'email': 'david.sanz@example.com', 'login': {'uuid': '4e22e645-cf33-4a87-99e6-f036b4109757', 'username': 'whitegorilla976', 'password': 'meme', 'salt': 'V9nnNGCe', 'md5': '469b33d0d69e206afc7be85bdc2eb27f', 'sha1': '2387af2c55b876d39d0c97f8cac1beb0ec327237', 'sha256': '3149d389b98942fd42f94f284ffba8f6edfdad7f3e4b01459f1d432bf3eb1d7a'}, 'dob': {'date': '1947-02-13T13:34:18.076Z', 'age': 77}, 'registered': {'date': '2006-12-30T05:35:05.779Z', 'age': 17}, 'phone': '963-006-434', 'cell': '604-325-125', 'id': {'name': 'DNI', 'value': '96085907-W'}, 'picture': {'large': 'https://randomuser.me/api/portraits/men/41.jpg', 'medium': 'https://randomuser.me/api/portraits/med/men/41.jpg', 'thumbnail': 'https://randomuser.me/api/portraits/thumb/men/41.jpg'}, 'nat': 'ES'}], 'info': {'seed': 'a935602c0918dbc0', 'results': 1, 'page': 1, 'version': '1.4'}}</msg>
<arg>${json_data}</arg>
<doc>Logs the given message with the given level.</doc>
<status status="PASS" start="2024-07-05T11:12:52.379718" elapsed="0.000220"/>
</kw>
<kw name="Should Be Equal As Numbers" owner="BuiltIn">
<arg>${json_data['results'][0]['location']['postcode']}</arg>
<arg>${json_data['results'][0]['location']['postcode']}</arg>
<doc>Fails if objects are unequal after converting them to real numbers.</doc>
<status status="PASS" start="2024-07-05T11:12:52.380247" elapsed="0.000704"/>
</kw>
<kw name="Log" owner="BuiltIn">
<msg time="2024-07-05T11:12:52.381689" level="INFO">41944</msg>
<arg>${json_data['results'][0]['location']['postcode']}</arg>
<doc>Logs the given message with the given level.</doc>
<status status="PASS" start="2024-07-05T11:12:52.381151" elapsed="0.000582"/>
</kw>
<status status="PASS" start="2024-07-05T11:12:52.276378" elapsed="0.105648"/>
</kw>
<doc>Testa se os tipos de dados na resposta da API estão corretos.</doc>
<tag>testeTiposDados</tag>
<status status="PASS" start="2024-07-05T11:12:52.193727" elapsed="0.188476"/>
</test>
<test id="s1-s1-t5" name="Validar conteudo" line="35">
<kw name="Teste de Tipos de Conteudo" owner="random-user-service">
<kw name="GET On Session" owner="RequestsLibrary">
<msg time="2024-07-05T11:12:52.472156" level="INFO">GET Request : url=https://randomuser.me/api 
 path_url=/api 
 headers={'User-Agent': 'python-requests/2.32.3', 'Accept-Encoding': 'gzip, deflate', 'Accept': '*/*', 'Connection': 'keep-alive'} 
 body=None 
 </msg>
<msg time="2024-07-05T11:12:52.472257" level="INFO">GET Response : url=https://randomuser.me/api 
 status=200, reason=OK 
 headers={'Date': 'Fri, 05 Jul 2024 11:12:52 GMT', 'Content-Type': 'application/json; charset=utf-8', 'Transfer-Encoding': 'chunked', 'Connection': 'keep-alive', 'X-Powered-By': 'Express', 'Access-Control-Allow-Origin': '*', 'Cache-Control': 'no-cache', 'ETag': 'W/"491-nNhasW7sLc3uUpwAsgD7KymenSk"', 'Vary': 'Accept-Encoding', 'Content-Encoding': 'gzip', 'CF-Cache-Status': 'DYNAMIC', 'Report-To': '{"endpoints":[{"url":"https:\\/\\/a.nel.cloudflare.com\\/report\\/v4?s=oVRPQxXPmWpCWROCAfHbr5OEuFFIVdCtO2UQNiPtQ8vGwBUieSJFFXmPJL0qobEgsO6bhL2qh4Ti6%2BdjMoTdwcyis9qBdq301SxuquBd4Ea0HRF7mSu4JbfBZPWoN0CB"}],"group":"cf-nel","max_age":604800}', 'NEL': '{"success_fraction":0,"report_to":"cf-nel","max_age":604800}', 'Server': 'cloudflare', 'CF-RAY': '89e6ec276aafe241-ORD', 'alt-svc': 'h3=":443"; ma=86400'} 
 body={"results":[{"gender":"male","name":{"title":"Monsieur","first":"Enzo","last":"Olivier"},"location":{"street":{"number":8931,"name":"Boulevard de Balmont"},"city":"Oberuzwil","state":"Glarus","country":"Switzerland","postcode":9919,"coordinates":{"latitude":"-59.1070","longitude":"-179.1784"},"timezone":{"offset":"+6:00","description":"Almaty, Dhaka, Colombo"}},"email":"enzo.olivier@example.com","login":{"uuid":"4cce2a55-6cf6-4945-ba12-163bfb28827a","username":"bigcat173","password":"ninja1","salt":"xU8ALqum","md5":"3cfa636883de26b22bf794eb01e70b51","sha1":"cfb6bdd8c7a5b41ef00ed1788d100000cc114501","sha256":"e9b00b20e015a626f4007544f401ea64aa1feeb24cd54743d18bdd9d380c15f2"},"dob":{"date":"1966-03-09T00:16:48.786Z","age":58},"registered":{"date":"2006-10-01T05:48:53.931Z","age":17},"phone":"078 155 14 65","cell":"079 183 73 96","id":{"name":"AVS","value":"756.8740.0889.47"},"picture":{"large":"https://randomuser.me/api/portraits/men/69.jpg","medium":"https://randomuser.me/api/portraits/med/men/69.jpg","thumbnail":"https://randomuser.me/api/portraits/thumb/men/69.jpg"},"nat":"CH"}],"info":{"seed":"d90bbd3a8c2a9333","results":1,"page":1,"version":"1.4"}} 
 </msg>
<msg time="2024-07-05T11:12:52.472328" level="INFO">/opt/hostedtoolcache/Python/3.12.4/x64/lib/python3.12/site-packages/urllib3/connectionpool.py:1099: InsecureRequestWarning: Unverified HTTPS request is being made to host 'randomuser.me'. Adding certificate verification is strongly advised. See: https://urllib3.readthedocs.io/en/latest/advanced-usage.html#tls-warnings
  warnings.warn(</msg>
<msg time="2024-07-05T11:12:52.472501" level="INFO">${response} = &lt;Response [200]&gt;</msg>
<var>${response}</var>
<arg>consultarAPI</arg>
<arg>/api</arg>
<doc>Sends a GET request on a previously created HTTP Session.</doc>
<status status="PASS" start="2024-07-05T11:12:52.384809" elapsed="0.087738"/>
</kw>
<kw name="Set Variable" owner="BuiltIn">
<msg time="2024-07-05T11:12:52.473637" level="INFO">${json_data} = {'results': [{'gender': 'male', 'name': {'title': 'Monsieur', 'first': 'Enzo', 'last': 'Olivier'}, 'location': {'street': {'number': 8931, 'name': 'Boulevard de Balmont'}, 'city': 'Oberuzwil', 'state'...</msg>
<var>${json_data}</var>
<arg>${response.json()}</arg>
<doc>Returns the given values which can then be assigned to a variables.</doc>
<status status="PASS" start="2024-07-05T11:12:52.473098" elapsed="0.000567"/>
</kw>
<kw name="Set Variable" owner="BuiltIn">
<msg time="2024-07-05T11:12:52.474381" level="INFO">${name_title} = Monsieur</msg>
<var>${name_title}</var>
<arg>${json_data["results"][0]["name"]["title"]}</arg>
<doc>Returns the given values which can then be assigned to a variables.</doc>
<status status="PASS" start="2024-07-05T11:12:52.473982" elapsed="0.000426"/>
</kw>
<kw name="Create List" owner="BuiltIn">
<msg time="2024-07-05T11:12:52.474853" level="INFO">${allowed_titles} = ['Mr', 'Ms', 'Miss', 'Mrs', 'Madame', 'Monsieur']</msg>
<var>${allowed_titles}</var>
<arg>Mr</arg>
<arg>Ms</arg>
<arg>Miss</arg>
<arg>Mrs</arg>
<arg>Madame</arg>
<arg>Monsieur</arg>
<doc>Returns a list containing given items.</doc>
<status status="PASS" start="2024-07-05T11:12:52.474705" elapsed="0.000173"/>
</kw>
<kw name="List Should Contain Value" owner="Collections">
<arg>${allowed_titles}</arg>
<arg>${name_title}</arg>
<doc>Fails if the ``value`` is not found from ``list``.</doc>
<status status="PASS" start="2024-07-05T11:12:52.475177" elapsed="0.000178"/>
</kw>
<kw name="Set Variable" owner="BuiltIn">
<msg time="2024-07-05T11:12:52.475931" level="INFO">${name_country} = CH</msg>
<var>${name_country}</var>
<arg>${json_data["results"][0]["nat"]}</arg>
<doc>Returns the given values which can then be assigned to a variables.</doc>
<status status="PASS" start="2024-07-05T11:12:52.475548" elapsed="0.000408"/>
</kw>
<kw name="Create List" owner="BuiltIn">
<msg time="2024-07-05T11:12:52.476911" level="INFO">${list_country} = ['AD', 'AE', 'AF', 'AG', 'AI', 'AL', 'AM', 'AO', 'AQ', 'AR', 'AS', 'AT', 'AU', 'AW', 'AX', 'AZ', 'BA', 'BB', 'BD', 'BE', 'BF', 'BG', 'BH', 'BI', 'BJ', 'BL', 'BM', 'BN', 'BO', 'BQ', 'BR', 'BS', 'BT', '...</msg>
<var>${list_country}</var>
<arg>AD</arg>
<arg>AE</arg>
<arg>AF</arg>
<arg>AG</arg>
<arg>AI</arg>
<arg>AL</arg>
<arg>AM</arg>
<arg>AO</arg>
<arg>AQ</arg>
<arg>AR</arg>
<arg>AS</arg>
<arg>AT</arg>
<arg>AU</arg>
<arg>AW</arg>
<arg>AX</arg>
<arg>AZ</arg>
<arg>BA</arg>
<arg>BB</arg>
<arg>BD</arg>
<arg>BE</arg>
<arg>BF</arg>
<arg>BG</arg>
<arg>BH</arg>
<arg>BI</arg>
<arg>BJ</arg>
<arg>BL</arg>
<arg>BM</arg>
<arg>BN</arg>
<arg>BO</arg>
<arg>BQ</arg>
<arg>BR</arg>
<arg>BS</arg>
<arg>BT</arg>
<arg>BV</arg>
<arg>BW</arg>
<arg>BY</arg>
<arg>BZ</arg>
<arg>CA</arg>
<arg>CC</arg>
<arg>CD</arg>
<arg>CF</arg>
<arg>CG</arg>
<arg>CH</arg>
<arg>CI</arg>
<arg>CK</arg>
<arg>CL</arg>
<arg>CM</arg>
<arg>CN</arg>
<arg>CO</arg>
<arg>CR</arg>
<arg>CU</arg>
<arg>CV</arg>
<arg>CW</arg>
<arg>CX</arg>
<arg>CY</arg>
<arg>CZ</arg>
<arg>DE</arg>
<arg>DJ</arg>
<arg>DK</arg>
<arg>DM</arg>
<arg>DO</arg>
<arg>DZ</arg>
<arg>EC</arg>
<arg>EE</arg>
<arg>EG</arg>
<arg>EH</arg>
<arg>ER</arg>
<arg>ES</arg>
<arg>ET</arg>
<arg>FI</arg>
<arg>FJ</arg>
<arg>FK</arg>
<arg>FM</arg>
<arg>FO</arg>
<arg>FR</arg>
<arg>GA</arg>
<arg>GB</arg>
<arg>GD</arg>
<arg>GE</arg>
<arg>GF</arg>
<arg>GG</arg>
<arg>GH</arg>
<arg>GI</arg>
<arg>GL</arg>
<arg>GM</arg>
<arg>GN</arg>
<arg>GP</arg>
<arg>GQ</arg>
<arg>GR</arg>
<arg>GS</arg>
<arg>GT</arg>
<arg>GU</arg>
<arg>GW</arg>
<arg>GY</arg>
<arg>HK</arg>
<arg>HM</arg>
<arg>HN</arg>
<arg>HR</arg>
<arg>HT</arg>
<arg>HU</arg>
<arg>ID</arg>
<arg>IE</arg>
<arg>IL</arg>
<arg>IM</arg>
<arg>IN</arg>
<arg>IO</arg>
<arg>IQ</arg>
<arg>IR</arg>
<arg>IS</arg>
<arg>IT</arg>
<arg>JE</arg>
<arg>JM</arg>
<arg>JO</arg>
<arg>JP</arg>
<arg>KE</arg>
<arg>KG</arg>
<arg>KH</arg>
<arg>KI</arg>
<arg>KM</arg>
<arg>KN</arg>
<arg>KP</arg>
<arg>KR</arg>
<arg>KW</arg>
<arg>KY</arg>
<arg>KZ</arg>
<arg>LA</arg>
<arg>LB</arg>
<arg>LC</arg>
<arg>LI</arg>
<arg>LK</arg>
<arg>LR</arg>
<arg>LS</arg>
<arg>LT</arg>
<arg>LU</arg>
<arg>LV</arg>
<arg>LY</arg>
<arg>MA</arg>
<arg>MC</arg>
<arg>MD</arg>
<arg>ME</arg>
<arg>MF</arg>
<arg>MG</arg>
<arg>MH</arg>
<arg>MK</arg>
<arg>ML</arg>
<arg>MM</arg>
<arg>MN</arg>
<arg>MO</arg>
<arg>MP</arg>
<arg>MQ</arg>
<arg>MR</arg>
<arg>MS</arg>
<arg>MT</arg>
<arg>MU</arg>
<arg>MV</arg>
<arg>MW</arg>
<arg>MX</arg>
<arg>MY</arg>
<arg>MZ</arg>
<arg>NA</arg>
<arg>NC</arg>
<arg>NE</arg>
<arg>NF</arg>
<arg>NG</arg>
<arg>NI</arg>
<arg>NL</arg>
<arg>NO</arg>
<arg>NP</arg>
<arg>NR</arg>
<arg>NU</arg>
<arg>NZ</arg>
<arg>OM</arg>
<arg>PA</arg>
<arg>PE</arg>
<arg>PF</arg>
<arg>PG</arg>
<arg>PH</arg>
<arg>PK</arg>
<arg>PL</arg>
<arg>PM</arg>
<arg>PN</arg>
<arg>PR</arg>
<arg>PS</arg>
<arg>PT</arg>
<arg>PW</arg>
<arg>PY</arg>
<arg>QA</arg>
<arg>RE</arg>
<arg>RO</arg>
<arg>RS</arg>
<arg>RU</arg>
<arg>RW</arg>
<arg>SA</arg>
<arg>SB</arg>
<arg>SC</arg>
<arg>SD</arg>
<arg>SE</arg>
<arg>SG</arg>
<arg>SH</arg>
<arg>SI</arg>
<arg>SJ</arg>
<arg>SK</arg>
<arg>SL</arg>
<arg>SM</arg>
<arg>SN</arg>
<arg>SO</arg>
<arg>SR</arg>
<arg>SS</arg>
<arg>ST</arg>
<arg>SV</arg>
<arg>SX</arg>
<arg>SY</arg>
<arg>SZ</arg>
<arg>TC</arg>
<arg>TD</arg>
<arg>TF</arg>
<arg>TG</arg>
<arg>TH</arg>
<arg>TJ</arg>
<arg>TK</arg>
<arg>TL</arg>
<arg>TM</arg>
<arg>TN</arg>
<arg>TO</arg>
<arg>TR</arg>
<arg>TT</arg>
<arg>TV</arg>
<arg>TW</arg>
<arg>TZ</arg>
<arg>UA</arg>
<arg>UG</arg>
<arg>UM</arg>
<arg>US</arg>
<arg>UY</arg>
<arg>UZ</arg>
<arg>VA</arg>
<arg>VC</arg>
<arg>VE</arg>
<arg>VG</arg>
<arg>VI</arg>
<arg>VN</arg>
<arg>VU</arg>
<arg>WF</arg>
<arg>WS</arg>
<arg>XK</arg>
<arg>YE</arg>
<arg>YT</arg>
<arg>ZA</arg>
<arg>ZM</arg>
<arg>ZW</arg>
<doc>Returns a list containing given items.</doc>
<status status="PASS" start="2024-07-05T11:12:52.476260" elapsed="0.000678"/>
</kw>
<kw name="List Should Contain Value" owner="Collections">
<arg>${list_country}</arg>
<arg>${name_country}</arg>
<doc>Fails if the ``value`` is not found from ``list``.</doc>
<status status="PASS" start="2024-07-05T11:12:52.477737" elapsed="0.000202"/>
</kw>
<kw name="Run Keyword If" owner="BuiltIn">
<kw name="Should Be True" owner="BuiltIn">
<arg>${True}</arg>
<doc>Fails if the given condition is not true.</doc>
<status status="PASS" start="2024-07-05T11:12:52.478883" elapsed="0.000145"/>
</kw>
<arg>${json_data["results"][0]["location"]["coordinates"]["latitude"]} &gt;= -90 and ${json_data["results"][0]["location"]["coordinates"]["latitude"]} &lt;= 90</arg>
<arg>Should Be True</arg>
<arg>${True}</arg>
<doc>Runs the given keyword with the given arguments, if ``condition`` is true.</doc>
<status status="PASS" start="2024-07-05T11:12:52.478135" elapsed="0.001029"/>
</kw>
<kw name="Run Keyword If" owner="BuiltIn">
<kw name="Should Be True" owner="BuiltIn">
<arg>${True}</arg>
<doc>Fails if the given condition is not true.</doc>
<status status="PASS" start="2024-07-05T11:12:52.480047" elapsed="0.000257"/>
</kw>
<arg>${json_data["results"][0]["location"]["coordinates"]["longitude"]} &gt;= -180 and ${json_data["results"][0]["location"]["coordinates"]["longitude"]} &lt;= 180</arg>
<arg>Should Be True</arg>
<arg>${True}</arg>
<doc>Runs the given keyword with the given arguments, if ``condition`` is true.</doc>
<status status="PASS" start="2024-07-05T11:12:52.479356" elapsed="0.001108"/>
</kw>
<status status="PASS" start="2024-07-05T11:12:52.384577" elapsed="0.096034"/>
</kw>
<doc>Testa o conteúdo específico dos campos retornados pela API.</doc>
<tag>testeConteudo</tag>
<status status="PASS" start="2024-07-05T11:12:52.384058" elapsed="0.096708"/>
</test>
<status status="PASS" start="2024-07-05T11:12:51.553539" elapsed="0.929237"/>
</suite>
<status status="PASS" start="2024-07-05T11:12:51.538127" elapsed="0.949761"/>
</suite>
<statistics>
<total>
<stat pass="5" fail="0" skip="0">All Tests</stat>
</total>
<tag>
<stat pass="1" fail="0" skip="0">testeConteudo</stat>
<stat pass="1" fail="0" skip="0">testeEstruturaResposta</stat>
<stat pass="1" fail="0" skip="0">testeRequisicaoBasica</stat>
<stat pass="1" fail="0" skip="0">testeTiposDados</stat>
</tag>
<suite>
<stat pass="5" fail="0" skip="0" id="s1" name="Tests">Tests</stat>
<stat pass="5" fail="0" skip="0" id="s1-s1" name="Random-User-Test">Tests.Random-User-Test</stat>
</suite>
</statistics>
<errors>
</errors>
</robot>
