<?xml version="1.0" encoding="UTF-8"?>
<robot generator="Robot 7.0 (Python 3.12.2 on linux)" generated="2024-04-09T23:14:28.420652" rpa="false" schemaversion="5">
<suite id="s1" name="Tests" source="/home/runner/work/DesafioQAItauRogerioJordao/DesafioQAItauRogerioJordao/RamdonUser/tests">
<suite id="s1-s1" name="Random-User-Test" source="/home/runner/work/DesafioQAItauRogerioJordao/DesafioQAItauRogerioJordao/RamdonUser/tests/random-user-test.robot">
<test id="s1-s1-t1" name="Conectar" line="13">
<kw name="Conectar API" owner="random-user-service">
<kw name="Create Session" owner="RequestsLibrary">
<msg time="2024-04-09T23:14:28.778267" level="INFO">Creating Session using : alias=consultarAPI, url=https://randomuser.me/, headers={},                     cookies={}, auth=None, timeout=None, proxies=None, verify=False,                     debug=0 </msg>
<arg>consultarAPI</arg>
<arg>${URL}</arg>
<doc>Create Session: create a HTTP session to a server</doc>
<status status="PASS" start="2024-04-09T23:14:28.778065" elapsed="0.000409"/>
</kw>
<status status="PASS" start="2024-04-09T23:14:28.777052" elapsed="0.001784"/>
</kw>
<status status="PASS" start="2024-04-09T23:14:28.776464" elapsed="0.002581"/>
</test>
<test id="s1-s1-t2" name="Validar retorno 200 e JSON Válido" line="16">
<kw name="Teste de Requisicao Basica" owner="random-user-service">
<kw name="GET On Session" owner="RequestsLibrary">
<msg time="2024-04-09T23:14:29.036124" level="INFO">GET Request : url=https://randomuser.me/api 
 path_url=/api 
 headers={'User-Agent': 'python-requests/2.31.0', 'Accept-Encoding': 'gzip, deflate', 'Accept': '*/*', 'Connection': 'keep-alive'} 
 body=None 
 </msg>
<msg time="2024-04-09T23:14:29.036283" level="INFO">GET Response : url=https://randomuser.me/api 
 status=200, reason=OK 
 headers={'Date': 'Tue, 09 Apr 2024 23:14:29 GMT', 'Content-Type': 'application/json; charset=utf-8', 'Transfer-Encoding': 'chunked', 'Connection': 'keep-alive', 'X-Powered-By': 'Express', 'Access-Control-Allow-Origin': '*', 'Cache-Control': 'no-cache', 'ETag': 'W/"474-WYygfXF+AF1yz4LwFdhTAt6BrgE"', 'Vary': 'Accept-Encoding', 'Content-Encoding': 'gzip', 'CF-Cache-Status': 'DYNAMIC', 'Report-To': '{"endpoints":[{"url":"https:\\/\\/a.nel.cloudflare.com\\/report\\/v4?s=Z%2B8fL4mQNxIMMP21AEMtacmnpdko7CkfrpPh0vv4PDGBughq5Kj0KxKnGZxc8NlHAy6MgBP70HxF285VTSPP8yJ%2B0u5ZTAk0mMMicq5e4qcQFCcriVUaEA9nLtsZwLEE"}],"group":"cf-nel","max_age":604800}', 'NEL': '{"success_fraction":0,"report_to":"cf-nel","max_age":604800}', 'Server': 'cloudflare', 'CF-RAY': '871e3192edab0fd0-LAX', 'alt-svc': 'h3=":443"; ma=86400'} 
 body={"results":[{"gender":"male","name":{"title":"Mr","first":"Paul","last":"Ansems"},"location":{"street":{"number":936,"name":"De Misse"},"city":"Bergharen","state":"Groningen","country":"Netherlands","postcode":"2035 NK","coordinates":{"latitude":"33.6937","longitude":"-115.4345"},"timezone":{"offset":"-9:00","description":"Alaska"}},"email":"paul.ansems@example.com","login":{"uuid":"b021516b-6aa0-405c-bbfa-86222e924740","username":"yellowostrich561","password":"qwer1234","salt":"xNPaavYp","md5":"bbe245b7a112f9e344b15355a9957d9a","sha1":"055953588fe75a2dfb63df844e19c72c9c4e3774","sha256":"5c1d2bcf3723c1d8e73c2d4157ddc44cbae00313333642665198c1e7243ed356"},"dob":{"date":"1966-11-13T00:32:28.786Z","age":57},"registered":{"date":"2005-02-18T22:36:49.777Z","age":19},"phone":"(0767) 559591","cell":"(06) 40502376","id":{"name":"BSN","value":"32486871"},"picture":{"large":"https://randomuser.me/api/portraits/men/17.jpg","medium":"https://randomuser.me/api/portraits/med/men/17.jpg","thumbnail":"https://randomuser.me/api/portraits/thumb/men/17.jpg"},"nat":"NL"}],"info":{"seed":"831cd507a82a3c4f","results":1,"page":1,"version":"1.4"}} 
 </msg>
<msg time="2024-04-09T23:14:29.036370" level="INFO">/opt/hostedtoolcache/Python/3.12.2/x64/lib/python3.12/site-packages/urllib3/connectionpool.py:1103: InsecureRequestWarning: Unverified HTTPS request is being made to host 'randomuser.me'. Adding certificate verification is strongly advised. See: https://urllib3.readthedocs.io/en/latest/advanced-usage.html#tls-warnings
  warnings.warn(</msg>
<msg time="2024-04-09T23:14:29.036544" level="INFO">${response} = &lt;Response [200]&gt;</msg>
<var>${response}</var>
<arg>consultarAPI</arg>
<arg>/api</arg>
<doc>Sends a GET request on a previously created HTTP Session.</doc>
<status status="PASS" start="2024-04-09T23:14:28.781695" elapsed="0.254894"/>
</kw>
<kw name="Should Be Equal As Numbers" owner="BuiltIn">
<msg time="2024-04-09T23:14:29.037674" level="INFO">Argument types are:
&lt;class 'int'&gt;
&lt;class 'str'&gt;</msg>
<arg>${response.status_code}</arg>
<arg>200</arg>
<doc>Fails if objects are unequal after converting them to real numbers.</doc>
<status status="PASS" start="2024-04-09T23:14:29.037190" elapsed="0.000555"/>
</kw>
<kw name="Log" owner="BuiltIn">
<msg time="2024-04-09T23:14:29.038554" level="INFO">200</msg>
<arg>${response.status_code}</arg>
<doc>Logs the given message with the given level.</doc>
<status status="PASS" start="2024-04-09T23:14:29.038120" elapsed="0.000481"/>
</kw>
<kw name="Set Variable" owner="BuiltIn">
<msg time="2024-04-09T23:14:29.039394" level="INFO">${json_data} = {'results': [{'gender': 'male', 'name': {'title': 'Mr', 'first': 'Paul', 'last': 'Ansems'}, 'location': {'street': {'number': 936, 'name': 'De Misse'}, 'city': 'Bergharen', 'state': 'Groningen', 'coun...</msg>
<var>${json_data}</var>
<arg>${response.json()}</arg>
<doc>Returns the given values which can then be assigned to a variables.</doc>
<status status="PASS" start="2024-04-09T23:14:29.038935" elapsed="0.000488"/>
</kw>
<kw name="Dictionary Should Contain Key" owner="Collections">
<msg time="2024-04-09T23:14:29.039913" level="INFO">False</msg>
<arg>${json_data}</arg>
<arg>results</arg>
<doc>Fails if ``key`` is not found from ``dictionary``.</doc>
<status status="PASS" start="2024-04-09T23:14:29.039736" elapsed="0.000218"/>
</kw>
<status status="PASS" start="2024-04-09T23:14:28.781441" elapsed="0.258778"/>
</kw>
<doc>Testa se a API responde corretamente e retorna um objeto JSON válido.</doc>
<tag>testeRequisicaoBasica</tag>
<status status="PASS" start="2024-04-09T23:14:28.780911" elapsed="0.259505"/>
</test>
<test id="s1-s1-t3" name="Validar estrutura de resposta" line="22">
<kw name="Teste de Estrutura de Resposta" owner="random-user-service">
<kw name="GET On Session" owner="RequestsLibrary">
<msg time="2024-04-09T23:14:29.147166" level="INFO">GET Request : url=https://randomuser.me/api 
 path_url=/api 
 headers={'User-Agent': 'python-requests/2.31.0', 'Accept-Encoding': 'gzip, deflate', 'Accept': '*/*', 'Connection': 'keep-alive'} 
 body=None 
 </msg>
<msg time="2024-04-09T23:14:29.147273" level="INFO">GET Response : url=https://randomuser.me/api 
 status=200, reason=OK 
 headers={'Date': 'Tue, 09 Apr 2024 23:14:29 GMT', 'Content-Type': 'application/json; charset=utf-8', 'Transfer-Encoding': 'chunked', 'Connection': 'keep-alive', 'X-Powered-By': 'Express', 'Access-Control-Allow-Origin': '*', 'Cache-Control': 'no-cache', 'ETag': 'W/"496-t/zEVZkpoZMUtOK8qLElo3A6+uQ"', 'Vary': 'Accept-Encoding', 'Content-Encoding': 'gzip', 'CF-Cache-Status': 'DYNAMIC', 'Report-To': '{"endpoints":[{"url":"https:\\/\\/a.nel.cloudflare.com\\/report\\/v4?s=zBdq7MjRdHGHDlfccDs7G0dGkpZCVQxsGtZ5jJorg5HlsxWVLMqz%2FusUHoPVxGvrtN4OdF6HMbod%2BAcnPc5WHUj7nPTbqB04usNjRAcyjM7URTxA2bOmZnyfu5Sh7JzH"}],"group":"cf-nel","max_age":604800}', 'NEL': '{"success_fraction":0,"report_to":"cf-nel","max_age":604800}', 'Server': 'cloudflare', 'CF-RAY': '871e31938ea50fd0-LAX', 'alt-svc': 'h3=":443"; ma=86400'} 
 body={"results":[{"gender":"male","name":{"title":"Mr","first":"Calvin","last":"Crawford"},"location":{"street":{"number":4221,"name":"Pearse Street"},"city":"Clane","state":"Leitrim","country":"Ireland","postcode":38075,"coordinates":{"latitude":"1.8836","longitude":"-94.4266"},"timezone":{"offset":"0:00","description":"Western Europe Time, London, Lisbon, Casablanca"}},"email":"calvin.crawford@example.com","login":{"uuid":"2276a474-412a-4597-abe1-9246b68a0894","username":"whitebutterfly638","password":"picks","salt":"rgjQvLDj","md5":"75ab724a170b91ef773ef2066a2da4b0","sha1":"150aee5c7a97f72d591112ad22c4ab0e3a0c7ca5","sha256":"7d820460539281de57d9a24adf661bb9cc213f36aaeca414995c1647386d02d1"},"dob":{"date":"1951-10-19T08:48:41.644Z","age":72},"registered":{"date":"2008-03-09T06:40:33.734Z","age":16},"phone":"051-456-0552","cell":"081-329-1278","id":{"name":"PPS","value":"4295517T"},"picture":{"large":"https://randomuser.me/api/portraits/men/39.jpg","medium":"https://randomuser.me/api/portraits/med/men/39.jpg","thumbnail":"https://randomuser.me/api/portraits/thumb/men/39.jpg"},"nat":"IE"}],"info":{"seed":"4f4dd4de2d46b347","results":1,"page":1,"version":"1.4"}} 
 </msg>
<msg time="2024-04-09T23:14:29.147423" level="INFO">/opt/hostedtoolcache/Python/3.12.2/x64/lib/python3.12/site-packages/urllib3/connectionpool.py:1103: InsecureRequestWarning: Unverified HTTPS request is being made to host 'randomuser.me'. Adding certificate verification is strongly advised. See: https://urllib3.readthedocs.io/en/latest/advanced-usage.html#tls-warnings
  warnings.warn(</msg>
<msg time="2024-04-09T23:14:29.147574" level="INFO">${response} = &lt;Response [200]&gt;</msg>
<var>${response}</var>
<arg>consultarAPI</arg>
<arg>/api</arg>
<doc>Sends a GET request on a previously created HTTP Session.</doc>
<status status="PASS" start="2024-04-09T23:14:29.043419" elapsed="0.104199"/>
</kw>
<kw name="Set Variable" owner="BuiltIn">
<msg time="2024-04-09T23:14:29.148650" level="INFO">${json_data} = {'results': [{'gender': 'male', 'name': {'title': 'Mr', 'first': 'Calvin', 'last': 'Crawford'}, 'location': {'street': {'number': 4221, 'name': 'Pearse Street'}, 'city': 'Clane', 'state': 'Leitrim', '...</msg>
<var>${json_data}</var>
<arg>${response.json()}</arg>
<doc>Returns the given values which can then be assigned to a variables.</doc>
<status status="PASS" start="2024-04-09T23:14:29.148124" elapsed="0.000555"/>
</kw>
<kw name="Log" owner="BuiltIn">
<msg time="2024-04-09T23:14:29.149160" level="INFO">{'results': [{'gender': 'male', 'name': {'title': 'Mr', 'first': 'Calvin', 'last': 'Crawford'}, 'location': {'street': {'number': 4221, 'name': 'Pearse Street'}, 'city': 'Clane', 'state': 'Leitrim', 'country': 'Ireland', 'postcode': 38075, 'coordinates': {'latitude': '1.8836', 'longitude': '-94.4266'}, 'timezone': {'offset': '0:00', 'description': 'Western Europe Time, London, Lisbon, Casablanca'}}, 'email': 'calvin.crawford@example.com', 'login': {'uuid': '2276a474-412a-4597-abe1-9246b68a0894', 'username': 'whitebutterfly638', 'password': 'picks', 'salt': 'rgjQvLDj', 'md5': '75ab724a170b91ef773ef2066a2da4b0', 'sha1': '150aee5c7a97f72d591112ad22c4ab0e3a0c7ca5', 'sha256': '7d820460539281de57d9a24adf661bb9cc213f36aaeca414995c1647386d02d1'}, 'dob': {'date': '1951-10-19T08:48:41.644Z', 'age': 72}, 'registered': {'date': '2008-03-09T06:40:33.734Z', 'age': 16}, 'phone': '051-456-0552', 'cell': '081-329-1278', 'id': {'name': 'PPS', 'value': '4295517T'}, 'picture': {'large': 'https://randomuser.me/api/portraits/men/39.jpg', 'medium': 'https://randomuser.me/api/portraits/med/men/39.jpg', 'thumbnail': 'https://randomuser.me/api/portraits/thumb/men/39.jpg'}, 'nat': 'IE'}], 'info': {'seed': '4f4dd4de2d46b347', 'results': 1, 'page': 1, 'version': '1.4'}}</msg>
<arg>${json_data}</arg>
<doc>Logs the given message with the given level.</doc>
<status status="PASS" start="2024-04-09T23:14:29.148996" elapsed="0.000212"/>
</kw>
<kw name="Dictionary Should Contain Key" owner="Collections">
<msg time="2024-04-09T23:14:29.149668" level="INFO">False</msg>
<arg>${json_data}</arg>
<arg>results</arg>
<doc>Fails if ``key`` is not found from ``dictionary``.</doc>
<status status="PASS" start="2024-04-09T23:14:29.149507" elapsed="0.000199"/>
</kw>
<kw name="Should Not Be Empty" owner="BuiltIn">
<msg time="2024-04-09T23:14:29.150136" level="INFO">Length is 2.</msg>
<arg>${json_data}</arg>
<doc>Verifies that the given item is not empty.</doc>
<status status="PASS" start="2024-04-09T23:14:29.150001" elapsed="0.000174"/>
</kw>
<kw name="Create List" owner="BuiltIn">
<msg time="2024-04-09T23:14:29.150688" level="INFO">${expected_keys} = ['gender', 'name', 'location', 'email', 'login']</msg>
<var>${expected_keys}</var>
<arg>gender</arg>
<arg>name</arg>
<arg>location</arg>
<arg>email</arg>
<arg>login</arg>
<doc>Returns a list containing given items.</doc>
<status status="PASS" start="2024-04-09T23:14:29.150532" elapsed="0.000181"/>
</kw>
<for flavor="IN">
<iter>
<kw name="Dictionary Should Contain Key" owner="Collections">
<msg time="2024-04-09T23:14:29.151738" level="INFO">False</msg>
<arg>${json_data['results'][0]}</arg>
<arg>${key}</arg>
<doc>Fails if ``key`` is not found from ``dictionary``.</doc>
<status status="PASS" start="2024-04-09T23:14:29.151322" elapsed="0.000456"/>
</kw>
<kw name="Log" owner="BuiltIn">
<msg time="2024-04-09T23:14:29.152477" level="INFO">{'gender': 'male', 'name': {'title': 'Mr', 'first': 'Calvin', 'last': 'Crawford'}, 'location': {'street': {'number': 4221, 'name': 'Pearse Street'}, 'city': 'Clane', 'state': 'Leitrim', 'country': 'Ireland', 'postcode': 38075, 'coordinates': {'latitude': '1.8836', 'longitude': '-94.4266'}, 'timezone': {'offset': '0:00', 'description': 'Western Europe Time, London, Lisbon, Casablanca'}}, 'email': 'calvin.crawford@example.com', 'login': {'uuid': '2276a474-412a-4597-abe1-9246b68a0894', 'username': 'whitebutterfly638', 'password': 'picks', 'salt': 'rgjQvLDj', 'md5': '75ab724a170b91ef773ef2066a2da4b0', 'sha1': '150aee5c7a97f72d591112ad22c4ab0e3a0c7ca5', 'sha256': '7d820460539281de57d9a24adf661bb9cc213f36aaeca414995c1647386d02d1'}, 'dob': {'date': '1951-10-19T08:48:41.644Z', 'age': 72}, 'registered': {'date': '2008-03-09T06:40:33.734Z', 'age': 16}, 'phone': '051-456-0552', 'cell': '081-329-1278', 'id': {'name': 'PPS', 'value': '4295517T'}, 'picture': {'large': 'https://randomuser.me/api/portraits/men/39.jpg', 'medium': 'https://randomuser.me/api/portraits/med/men/39.jpg', 'thumbnail': 'https://randomuser.me/api/portraits/thumb/men/39.jpg'}, 'nat': 'IE'}</msg>
<arg>${json_data['results'][0]}</arg>
<doc>Logs the given message with the given level.</doc>
<status status="PASS" start="2024-04-09T23:14:29.152106" elapsed="0.000427"/>
</kw>
<kw name="Log" owner="BuiltIn">
<msg time="2024-04-09T23:14:29.152977" level="INFO">gender</msg>
<arg>${key}</arg>
<doc>Logs the given message with the given level.</doc>
<status status="PASS" start="2024-04-09T23:14:29.152844" elapsed="0.000173"/>
</kw>
<var name="${key}">gender</var>
<status status="PASS" start="2024-04-09T23:14:29.151191" elapsed="0.002050"/>
</iter>
<iter>
<kw name="Dictionary Should Contain Key" owner="Collections">
<msg time="2024-04-09T23:14:29.153951" level="INFO">False</msg>
<arg>${json_data['results'][0]}</arg>
<arg>${key}</arg>
<doc>Fails if ``key`` is not found from ``dictionary``.</doc>
<status status="PASS" start="2024-04-09T23:14:29.153557" elapsed="0.000433"/>
</kw>
<kw name="Log" owner="BuiltIn">
<msg time="2024-04-09T23:14:29.154723" level="INFO">{'gender': 'male', 'name': {'title': 'Mr', 'first': 'Calvin', 'last': 'Crawford'}, 'location': {'street': {'number': 4221, 'name': 'Pearse Street'}, 'city': 'Clane', 'state': 'Leitrim', 'country': 'Ireland', 'postcode': 38075, 'coordinates': {'latitude': '1.8836', 'longitude': '-94.4266'}, 'timezone': {'offset': '0:00', 'description': 'Western Europe Time, London, Lisbon, Casablanca'}}, 'email': 'calvin.crawford@example.com', 'login': {'uuid': '2276a474-412a-4597-abe1-9246b68a0894', 'username': 'whitebutterfly638', 'password': 'picks', 'salt': 'rgjQvLDj', 'md5': '75ab724a170b91ef773ef2066a2da4b0', 'sha1': '150aee5c7a97f72d591112ad22c4ab0e3a0c7ca5', 'sha256': '7d820460539281de57d9a24adf661bb9cc213f36aaeca414995c1647386d02d1'}, 'dob': {'date': '1951-10-19T08:48:41.644Z', 'age': 72}, 'registered': {'date': '2008-03-09T06:40:33.734Z', 'age': 16}, 'phone': '051-456-0552', 'cell': '081-329-1278', 'id': {'name': 'PPS', 'value': '4295517T'}, 'picture': {'large': 'https://randomuser.me/api/portraits/men/39.jpg', 'medium': 'https://randomuser.me/api/portraits/med/men/39.jpg', 'thumbnail': 'https://randomuser.me/api/portraits/thumb/men/39.jpg'}, 'nat': 'IE'}</msg>
<arg>${json_data['results'][0]}</arg>
<doc>Logs the given message with the given level.</doc>
<status status="PASS" start="2024-04-09T23:14:29.154322" elapsed="0.000449"/>
</kw>
<kw name="Log" owner="BuiltIn">
<msg time="2024-04-09T23:14:29.155205" level="INFO">name</msg>
<arg>${key}</arg>
<doc>Logs the given message with the given level.</doc>
<status status="PASS" start="2024-04-09T23:14:29.155075" elapsed="0.000169"/>
</kw>
<var name="${key}">name</var>
<status status="PASS" start="2024-04-09T23:14:29.153439" elapsed="0.002023"/>
</iter>
<iter>
<kw name="Dictionary Should Contain Key" owner="Collections">
<msg time="2024-04-09T23:14:29.156142" level="INFO">False</msg>
<arg>${json_data['results'][0]}</arg>
<arg>${key}</arg>
<doc>Fails if ``key`` is not found from ``dictionary``.</doc>
<status status="PASS" start="2024-04-09T23:14:29.155763" elapsed="0.000418"/>
</kw>
<kw name="Log" owner="BuiltIn">
<msg time="2024-04-09T23:14:29.156850" level="INFO">{'gender': 'male', 'name': {'title': 'Mr', 'first': 'Calvin', 'last': 'Crawford'}, 'location': {'street': {'number': 4221, 'name': 'Pearse Street'}, 'city': 'Clane', 'state': 'Leitrim', 'country': 'Ireland', 'postcode': 38075, 'coordinates': {'latitude': '1.8836', 'longitude': '-94.4266'}, 'timezone': {'offset': '0:00', 'description': 'Western Europe Time, London, Lisbon, Casablanca'}}, 'email': 'calvin.crawford@example.com', 'login': {'uuid': '2276a474-412a-4597-abe1-9246b68a0894', 'username': 'whitebutterfly638', 'password': 'picks', 'salt': 'rgjQvLDj', 'md5': '75ab724a170b91ef773ef2066a2da4b0', 'sha1': '150aee5c7a97f72d591112ad22c4ab0e3a0c7ca5', 'sha256': '7d820460539281de57d9a24adf661bb9cc213f36aaeca414995c1647386d02d1'}, 'dob': {'date': '1951-10-19T08:48:41.644Z', 'age': 72}, 'registered': {'date': '2008-03-09T06:40:33.734Z', 'age': 16}, 'phone': '051-456-0552', 'cell': '081-329-1278', 'id': {'name': 'PPS', 'value': '4295517T'}, 'picture': {'large': 'https://randomuser.me/api/portraits/men/39.jpg', 'medium': 'https://randomuser.me/api/portraits/med/men/39.jpg', 'thumbnail': 'https://randomuser.me/api/portraits/thumb/men/39.jpg'}, 'nat': 'IE'}</msg>
<arg>${json_data['results'][0]}</arg>
<doc>Logs the given message with the given level.</doc>
<status status="PASS" start="2024-04-09T23:14:29.156487" elapsed="0.000416"/>
</kw>
<kw name="Log" owner="BuiltIn">
<msg time="2024-04-09T23:14:29.157342" level="INFO">location</msg>
<arg>${key}</arg>
<doc>Logs the given message with the given level.</doc>
<status status="PASS" start="2024-04-09T23:14:29.157211" elapsed="0.000171"/>
</kw>
<var name="${key}">location</var>
<status status="PASS" start="2024-04-09T23:14:29.155647" elapsed="0.001956"/>
</iter>
<iter>
<kw name="Dictionary Should Contain Key" owner="Collections">
<msg time="2024-04-09T23:14:29.158282" level="INFO">False</msg>
<arg>${json_data['results'][0]}</arg>
<arg>${key}</arg>
<doc>Fails if ``key`` is not found from ``dictionary``.</doc>
<status status="PASS" start="2024-04-09T23:14:29.157897" elapsed="0.000424"/>
</kw>
<kw name="Log" owner="BuiltIn">
<msg time="2024-04-09T23:14:29.159017" level="INFO">{'gender': 'male', 'name': {'title': 'Mr', 'first': 'Calvin', 'last': 'Crawford'}, 'location': {'street': {'number': 4221, 'name': 'Pearse Street'}, 'city': 'Clane', 'state': 'Leitrim', 'country': 'Ireland', 'postcode': 38075, 'coordinates': {'latitude': '1.8836', 'longitude': '-94.4266'}, 'timezone': {'offset': '0:00', 'description': 'Western Europe Time, London, Lisbon, Casablanca'}}, 'email': 'calvin.crawford@example.com', 'login': {'uuid': '2276a474-412a-4597-abe1-9246b68a0894', 'username': 'whitebutterfly638', 'password': 'picks', 'salt': 'rgjQvLDj', 'md5': '75ab724a170b91ef773ef2066a2da4b0', 'sha1': '150aee5c7a97f72d591112ad22c4ab0e3a0c7ca5', 'sha256': '7d820460539281de57d9a24adf661bb9cc213f36aaeca414995c1647386d02d1'}, 'dob': {'date': '1951-10-19T08:48:41.644Z', 'age': 72}, 'registered': {'date': '2008-03-09T06:40:33.734Z', 'age': 16}, 'phone': '051-456-0552', 'cell': '081-329-1278', 'id': {'name': 'PPS', 'value': '4295517T'}, 'picture': {'large': 'https://randomuser.me/api/portraits/men/39.jpg', 'medium': 'https://randomuser.me/api/portraits/med/men/39.jpg', 'thumbnail': 'https://randomuser.me/api/portraits/thumb/men/39.jpg'}, 'nat': 'IE'}</msg>
<arg>${json_data['results'][0]}</arg>
<doc>Logs the given message with the given level.</doc>
<status status="PASS" start="2024-04-09T23:14:29.158654" elapsed="0.000411"/>
</kw>
<kw name="Log" owner="BuiltIn">
<msg time="2024-04-09T23:14:29.159501" level="INFO">email</msg>
<arg>${key}</arg>
<doc>Logs the given message with the given level.</doc>
<status status="PASS" start="2024-04-09T23:14:29.159371" elapsed="0.000169"/>
</kw>
<var name="${key}">email</var>
<status status="PASS" start="2024-04-09T23:14:29.157783" elapsed="0.001973"/>
</iter>
<iter>
<kw name="Dictionary Should Contain Key" owner="Collections">
<msg time="2024-04-09T23:14:29.160427" level="INFO">False</msg>
<arg>${json_data['results'][0]}</arg>
<arg>${key}</arg>
<doc>Fails if ``key`` is not found from ``dictionary``.</doc>
<status status="PASS" start="2024-04-09T23:14:29.160046" elapsed="0.000419"/>
</kw>
<kw name="Log" owner="BuiltIn">
<msg time="2024-04-09T23:14:29.161142" level="INFO">{'gender': 'male', 'name': {'title': 'Mr', 'first': 'Calvin', 'last': 'Crawford'}, 'location': {'street': {'number': 4221, 'name': 'Pearse Street'}, 'city': 'Clane', 'state': 'Leitrim', 'country': 'Ireland', 'postcode': 38075, 'coordinates': {'latitude': '1.8836', 'longitude': '-94.4266'}, 'timezone': {'offset': '0:00', 'description': 'Western Europe Time, London, Lisbon, Casablanca'}}, 'email': 'calvin.crawford@example.com', 'login': {'uuid': '2276a474-412a-4597-abe1-9246b68a0894', 'username': 'whitebutterfly638', 'password': 'picks', 'salt': 'rgjQvLDj', 'md5': '75ab724a170b91ef773ef2066a2da4b0', 'sha1': '150aee5c7a97f72d591112ad22c4ab0e3a0c7ca5', 'sha256': '7d820460539281de57d9a24adf661bb9cc213f36aaeca414995c1647386d02d1'}, 'dob': {'date': '1951-10-19T08:48:41.644Z', 'age': 72}, 'registered': {'date': '2008-03-09T06:40:33.734Z', 'age': 16}, 'phone': '051-456-0552', 'cell': '081-329-1278', 'id': {'name': 'PPS', 'value': '4295517T'}, 'picture': {'large': 'https://randomuser.me/api/portraits/men/39.jpg', 'medium': 'https://randomuser.me/api/portraits/med/men/39.jpg', 'thumbnail': 'https://randomuser.me/api/portraits/thumb/men/39.jpg'}, 'nat': 'IE'}</msg>
<arg>${json_data['results'][0]}</arg>
<doc>Logs the given message with the given level.</doc>
<status status="PASS" start="2024-04-09T23:14:29.160762" elapsed="0.000428"/>
</kw>
<kw name="Log" owner="BuiltIn">
<msg time="2024-04-09T23:14:29.161616" level="INFO">login</msg>
<arg>${key}</arg>
<doc>Logs the given message with the given level.</doc>
<status status="PASS" start="2024-04-09T23:14:29.161487" elapsed="0.000174"/>
</kw>
<var name="${key}">login</var>
<status status="PASS" start="2024-04-09T23:14:29.159934" elapsed="0.001970"/>
</iter>
<var>${key}</var>
<value>@{expected_keys}</value>
<status status="PASS" start="2024-04-09T23:14:29.150990" elapsed="0.011043"/>
</for>
<kw name="Create List" owner="BuiltIn">
<msg time="2024-04-09T23:14:29.162412" level="INFO">${expected_keysTwo} = ['username', 'password']</msg>
<var>${expected_keysTwo}</var>
<arg>username</arg>
<arg>password</arg>
<doc>Returns a list containing given items.</doc>
<status status="PASS" start="2024-04-09T23:14:29.162235" elapsed="0.000214"/>
</kw>
<for flavor="IN">
<iter>
<kw name="Dictionary Should Contain Key" owner="Collections">
<msg time="2024-04-09T23:14:29.163499" level="INFO">False</msg>
<arg>${json_data['results'][0]['login']}</arg>
<arg>${keyTwo}</arg>
<doc>Fails if ``key`` is not found from ``dictionary``.</doc>
<status status="PASS" start="2024-04-09T23:14:29.163112" elapsed="0.000425"/>
</kw>
<kw name="Dictionary Should Contain Key" owner="Collections">
<msg time="2024-04-09T23:14:29.164229" level="INFO">False</msg>
<arg>${json_data['results'][0]['login']}</arg>
<arg>${keyTwo}</arg>
<doc>Fails if ``key`` is not found from ``dictionary``.</doc>
<status status="PASS" start="2024-04-09T23:14:29.163840" elapsed="0.000427"/>
</kw>
<kw name="Log" owner="BuiltIn">
<msg time="2024-04-09T23:14:29.164694" level="INFO">username</msg>
<arg>${keyTwo}</arg>
<doc>Logs the given message with the given level.</doc>
<status status="PASS" start="2024-04-09T23:14:29.164563" elapsed="0.000169"/>
</kw>
<var name="${keyTwo}">username</var>
<status status="PASS" start="2024-04-09T23:14:29.162996" elapsed="0.001954"/>
</iter>
<iter>
<kw name="Dictionary Should Contain Key" owner="Collections">
<msg time="2024-04-09T23:14:29.165618" level="INFO">False</msg>
<arg>${json_data['results'][0]['login']}</arg>
<arg>${keyTwo}</arg>
<doc>Fails if ``key`` is not found from ``dictionary``.</doc>
<status status="PASS" start="2024-04-09T23:14:29.165241" elapsed="0.000416"/>
</kw>
<kw name="Dictionary Should Contain Key" owner="Collections">
<msg time="2024-04-09T23:14:29.166330" level="INFO">False</msg>
<arg>${json_data['results'][0]['login']}</arg>
<arg>${keyTwo}</arg>
<doc>Fails if ``key`` is not found from ``dictionary``.</doc>
<status status="PASS" start="2024-04-09T23:14:29.165952" elapsed="0.000437"/>
</kw>
<kw name="Log" owner="BuiltIn">
<msg time="2024-04-09T23:14:29.166822" level="INFO">password</msg>
<arg>${keyTwo}</arg>
<doc>Logs the given message with the given level.</doc>
<status status="PASS" start="2024-04-09T23:14:29.166692" elapsed="0.000169"/>
</kw>
<var name="${keyTwo}">password</var>
<status status="PASS" start="2024-04-09T23:14:29.165128" elapsed="0.001958"/>
</iter>
<var>${keyTwo}</var>
<value>@{expected_keysTwo}</value>
<status status="PASS" start="2024-04-09T23:14:29.162720" elapsed="0.004490"/>
</for>
<status status="PASS" start="2024-04-09T23:14:29.043170" elapsed="0.124186"/>
</kw>
<doc>Testa a estrutura da resposta da API.</doc>
<tag>testeEstruturaResposta</tag>
<status status="PASS" start="2024-04-09T23:14:29.042329" elapsed="0.125199"/>
</test>
<test id="s1-s1-t4" name="Validar tipos de dados" line="28">
<kw name="Teste de Tipos de Dados" owner="random-user-service">
<kw name="GET On Session" owner="RequestsLibrary">
<msg time="2024-04-09T23:14:29.300133" level="INFO">GET Request : url=https://randomuser.me/api 
 path_url=/api 
 headers={'User-Agent': 'python-requests/2.31.0', 'Accept-Encoding': 'gzip, deflate', 'Accept': '*/*', 'Connection': 'keep-alive'} 
 body=None 
 </msg>
<msg time="2024-04-09T23:14:29.300239" level="INFO">GET Response : url=https://randomuser.me/api 
 status=200, reason=OK 
 headers={'Date': 'Tue, 09 Apr 2024 23:14:29 GMT', 'Content-Type': 'application/json; charset=utf-8', 'Transfer-Encoding': 'chunked', 'Connection': 'keep-alive', 'X-Powered-By': 'Express', 'Access-Control-Allow-Origin': '*', 'Cache-Control': 'no-cache', 'ETag': 'W/"48f-o11VexPjrkb/lG+xDouxxRHz1To"', 'Vary': 'Accept-Encoding', 'Content-Encoding': 'gzip', 'CF-Cache-Status': 'DYNAMIC', 'Report-To': '{"endpoints":[{"url":"https:\\/\\/a.nel.cloudflare.com\\/report\\/v4?s=KYCITDhi0PZir5au5X4YbKyaciwhJSyiREMCTAJpJlGSfFhkaC9BfkKDdXBh4jGCHew%2FHk6LAoSPDj3iu%2BmcLSOcbFLDpdZJlm6PexRhjPs53QOB4zpCK2hkqW53uJPr"}],"group":"cf-nel","max_age":604800}', 'NEL': '{"success_fraction":0,"report_to":"cf-nel","max_age":604800}', 'Server': 'cloudflare', 'CF-RAY': '871e31945fe50fd0-LAX', 'alt-svc': 'h3=":443"; ma=86400'} 
 body={"results":[{"gender":"male","name":{"title":"Mr","first":"Stanley","last":"Flores"},"location":{"street":{"number":4103,"name":"Alexander Road"},"city":"Limerick","state":"Leitrim","country":"Ireland","postcode":95145,"coordinates":{"latitude":"3.5449","longitude":"-59.7906"},"timezone":{"offset":"+8:00","description":"Beijing, Perth, Singapore, Hong Kong"}},"email":"stanley.flores@example.com","login":{"uuid":"e4d6087f-b8ab-4248-af51-13c58a5d0c91","username":"goldenbutterfly185","password":"zaqwsx","salt":"QFPTkrG3","md5":"7f98a52d3e8aea942a5c6ea335d573ad","sha1":"85f0145234059a50a798dfc26eba5dd5b358c0f2","sha256":"31075ed792eb75be54f787eebaa8ec360461e5749fa82b9f65d7f5e024a78f3b"},"dob":{"date":"1955-04-23T14:57:25.827Z","age":68},"registered":{"date":"2018-03-08T21:01:33.266Z","age":6},"phone":"041-638-0760","cell":"081-778-8469","id":{"name":"PPS","value":"1242179T"},"picture":{"large":"https://randomuser.me/api/portraits/men/32.jpg","medium":"https://randomuser.me/api/portraits/med/men/32.jpg","thumbnail":"https://randomuser.me/api/portraits/thumb/men/32.jpg"},"nat":"IE"}],"info":{"seed":"796c1758e7447f19","results":1,"page":1,"version":"1.4"}} 
 </msg>
<msg time="2024-04-09T23:14:29.300313" level="INFO">/opt/hostedtoolcache/Python/3.12.2/x64/lib/python3.12/site-packages/urllib3/connectionpool.py:1103: InsecureRequestWarning: Unverified HTTPS request is being made to host 'randomuser.me'. Adding certificate verification is strongly advised. See: https://urllib3.readthedocs.io/en/latest/advanced-usage.html#tls-warnings
  warnings.warn(</msg>
<msg time="2024-04-09T23:14:29.300456" level="INFO">${response} = &lt;Response [200]&gt;</msg>
<var>${response}</var>
<arg>consultarAPI</arg>
<arg>/api</arg>
<doc>Sends a GET request on a previously created HTTP Session.</doc>
<status status="PASS" start="2024-04-09T23:14:29.170149" elapsed="0.130351"/>
</kw>
<kw name="Set Variable" owner="BuiltIn">
<msg time="2024-04-09T23:14:29.301559" level="INFO">${json_data} = {'results': [{'gender': 'male', 'name': {'title': 'Mr', 'first': 'Stanley', 'last': 'Flores'}, 'location': {'street': {'number': 4103, 'name': 'Alexander Road'}, 'city': 'Limerick', 'state': 'Leitrim'...</msg>
<var>${json_data}</var>
<arg>${response.json()}</arg>
<doc>Returns the given values which can then be assigned to a variables.</doc>
<status status="PASS" start="2024-04-09T23:14:29.301028" elapsed="0.000560"/>
</kw>
<kw name="Log" owner="BuiltIn">
<msg time="2024-04-09T23:14:29.302071" level="INFO">{'results': [{'gender': 'male', 'name': {'title': 'Mr', 'first': 'Stanley', 'last': 'Flores'}, 'location': {'street': {'number': 4103, 'name': 'Alexander Road'}, 'city': 'Limerick', 'state': 'Leitrim', 'country': 'Ireland', 'postcode': 95145, 'coordinates': {'latitude': '3.5449', 'longitude': '-59.7906'}, 'timezone': {'offset': '+8:00', 'description': 'Beijing, Perth, Singapore, Hong Kong'}}, 'email': 'stanley.flores@example.com', 'login': {'uuid': 'e4d6087f-b8ab-4248-af51-13c58a5d0c91', 'username': 'goldenbutterfly185', 'password': 'zaqwsx', 'salt': 'QFPTkrG3', 'md5': '7f98a52d3e8aea942a5c6ea335d573ad', 'sha1': '85f0145234059a50a798dfc26eba5dd5b358c0f2', 'sha256': '31075ed792eb75be54f787eebaa8ec360461e5749fa82b9f65d7f5e024a78f3b'}, 'dob': {'date': '1955-04-23T14:57:25.827Z', 'age': 68}, 'registered': {'date': '2018-03-08T21:01:33.266Z', 'age': 6}, 'phone': '041-638-0760', 'cell': '081-778-8469', 'id': {'name': 'PPS', 'value': '1242179T'}, 'picture': {'large': 'https://randomuser.me/api/portraits/men/32.jpg', 'medium': 'https://randomuser.me/api/portraits/med/men/32.jpg', 'thumbnail': 'https://randomuser.me/api/portraits/thumb/men/32.jpg'}, 'nat': 'IE'}], 'info': {'seed': '796c1758e7447f19', 'results': 1, 'page': 1, 'version': '1.4'}}</msg>
<arg>${json_data}</arg>
<doc>Logs the given message with the given level.</doc>
<status status="PASS" start="2024-04-09T23:14:29.301907" elapsed="0.000250"/>
</kw>
<kw name="Should Be String" owner="String">
<arg>${json_data['results'][0]['gender']}</arg>
<doc>Fails if the given ``item`` is not a string.</doc>
<status status="PASS" start="2024-04-09T23:14:29.302508" elapsed="0.000377"/>
</kw>
<kw name="Should Match Regexp" owner="BuiltIn">
<arg>${json_data['results'][0]['email']}</arg>
<arg>^[a-zA-Z0-9._%+-]+@[a-zA-Z0-9.-]+\.[a-zA-Z]{2,}$</arg>
<doc>Fails if ``string`` does not match ``pattern`` as a regular expression.</doc>
<status status="PASS" start="2024-04-09T23:14:29.303081" elapsed="0.000548"/>
</kw>
<kw name="Should Match Regexp" owner="BuiltIn">
<arg>${json_data['results'][0]['dob']['date']}</arg>
<arg>\\d{4}-\\d{2}-\\d{2}T\\d{2}:\\d{2}:\\d{2}\\.\\d{3}Z</arg>
<doc>Fails if ``string`` does not match ``pattern`` as a regular expression.</doc>
<status status="PASS" start="2024-04-09T23:14:29.303828" elapsed="0.000504"/>
</kw>
<kw name="Should Match Regexp" owner="BuiltIn">
<arg>${json_data['results'][0]['registered']['date']}</arg>
<arg>\\d{4}-\\d{2}-\\d{2}T\\d{2}:\\d{2}:\\d{2}\\.\\d{3}Z</arg>
<doc>Fails if ``string`` does not match ``pattern`` as a regular expression.</doc>
<status status="PASS" start="2024-04-09T23:14:29.304533" elapsed="0.000383"/>
</kw>
<kw name="Should Match Regexp" owner="BuiltIn">
<arg>${json_data['results'][0]['picture']['large']}</arg>
<arg>^https?://.*\.(?:png|jpe?g|gif|bmp)$</arg>
<doc>Fails if ``string`` does not match ``pattern`` as a regular expression.</doc>
<status status="PASS" start="2024-04-09T23:14:29.305104" elapsed="0.000461"/>
</kw>
<kw name="Should Match Regexp" owner="BuiltIn">
<arg>${json_data['results'][0]['picture']['medium']}</arg>
<arg>^https?://.*\.(?:png|jpe?g|gif|bmp)$</arg>
<doc>Fails if ``string`` does not match ``pattern`` as a regular expression.</doc>
<status status="PASS" start="2024-04-09T23:14:29.305762" elapsed="0.000375"/>
</kw>
<kw name="Should Match Regexp" owner="BuiltIn">
<arg>${json_data['results'][0]['picture']['thumbnail']}</arg>
<arg>^https?://.*\.(?:png|jpe?g|gif|bmp)$</arg>
<doc>Fails if ``string`` does not match ``pattern`` as a regular expression.</doc>
<status status="PASS" start="2024-04-09T23:14:29.306326" elapsed="0.000388"/>
</kw>
<kw name="Log" owner="BuiltIn">
<msg time="2024-04-09T23:14:29.307226" level="INFO">{'large': 'https://randomuser.me/api/portraits/men/32.jpg', 'medium': 'https://randomuser.me/api/portraits/med/men/32.jpg', 'thumbnail': 'https://randomuser.me/api/portraits/thumb/men/32.jpg'}</msg>
<arg>${json_data['results'][0]['picture']}</arg>
<doc>Logs the given message with the given level.</doc>
<status status="PASS" start="2024-04-09T23:14:29.306899" elapsed="0.000370"/>
</kw>
<status status="PASS" start="2024-04-09T23:14:29.169903" elapsed="0.137630"/>
</kw>
<kw name="Teste de Tipos de Dados - Postcode" owner="random-user-service">
<kw name="GET On Session" owner="RequestsLibrary">
<msg time="2024-04-09T23:14:29.406832" level="INFO">GET Request : url=https://randomuser.me/api 
 path_url=/api 
 headers={'User-Agent': 'python-requests/2.31.0', 'Accept-Encoding': 'gzip, deflate', 'Accept': '*/*', 'Connection': 'keep-alive'} 
 body=None 
 </msg>
<msg time="2024-04-09T23:14:29.406951" level="INFO">GET Response : url=https://randomuser.me/api 
 status=200, reason=OK 
 headers={'Date': 'Tue, 09 Apr 2024 23:14:29 GMT', 'Content-Type': 'application/json; charset=utf-8', 'Transfer-Encoding': 'chunked', 'Connection': 'keep-alive', 'X-Powered-By': 'Express', 'Access-Control-Allow-Origin': '*', 'Cache-Control': 'no-cache', 'ETag': 'W/"495-4ulMLmnHWSqrkZs37CZVow339oM"', 'Vary': 'Accept-Encoding', 'Content-Encoding': 'gzip', 'CF-Cache-Status': 'DYNAMIC', 'Report-To': '{"endpoints":[{"url":"https:\\/\\/a.nel.cloudflare.com\\/report\\/v4?s=03T8N6%2F%2BwRcxNazvDbJtVIhYPQd%2FJqCLkpkk2scjt9TmIWlF2zel4%2BR%2FdW%2BD%2Bu03jVAij4ZsmzZsanB16yjgzXZR0D16yRSVaFe%2FopPbaOscRfnfzwGKRwyH%2Bj6%2Bmqit"}],"group":"cf-nel","max_age":604800}', 'NEL': '{"success_fraction":0,"report_to":"cf-nel","max_age":604800}', 'Server': 'cloudflare', 'CF-RAY': '871e3195391d0fd0-LAX', 'alt-svc': 'h3=":443"; ma=86400'} 
 body={"results":[{"gender":"male","name":{"title":"Mr","first":"علیرضا","last":"پارسا"},"location":{"street":{"number":3999,"name":"دکتر چمران"},"city":"همدان","state":"گلستان","country":"Iran","postcode":40600,"coordinates":{"latitude":"19.1597","longitude":"-27.1549"},"timezone":{"offset":"-5:00","description":"Eastern Time (US &amp; Canada), Bogota, Lima"}},"email":"aalyrd.prs@example.com","login":{"uuid":"ac364de5-9d36-419d-8a64-3302309d12c4","username":"happyfish280","password":"nanook","salt":"L1nAfK3c","md5":"2c1f691083610a84e90616aba6c7bd47","sha1":"f06e9d4adc9d0ce72bf7079e8a2f276f5ce739c7","sha256":"24950f502a0a1ae5c32b70ce829c723b85757e73b4d6f51c35a1b895573ae353"},"dob":{"date":"1957-03-04T13:02:21.012Z","age":67},"registered":{"date":"2003-01-22T11:32:11.305Z","age":21},"phone":"020-68017242","cell":"0938-009-7174","id":{"name":"","value":null},"picture":{"large":"https://randomuser.me/api/portraits/men/12.jpg","medium":"https://randomuser.me/api/portraits/med/men/12.jpg","thumbnail":"https://randomuser.me/api/portraits/thumb/men/12.jpg"},"nat":"IR"}],"info":{"seed":"24245a00082266f0","results":1,"page":1,"version":"1.4"}} 
 </msg>
<msg time="2024-04-09T23:14:29.407068" level="INFO">/opt/hostedtoolcache/Python/3.12.2/x64/lib/python3.12/site-packages/urllib3/connectionpool.py:1103: InsecureRequestWarning: Unverified HTTPS request is being made to host 'randomuser.me'. Adding certificate verification is strongly advised. See: https://urllib3.readthedocs.io/en/latest/advanced-usage.html#tls-warnings
  warnings.warn(</msg>
<msg time="2024-04-09T23:14:29.407240" level="INFO">${response} = &lt;Response [200]&gt;</msg>
<var>${response}</var>
<arg>consultarAPI</arg>
<arg>/api</arg>
<doc>Sends a GET request on a previously created HTTP Session.</doc>
<status status="PASS" start="2024-04-09T23:14:29.308024" elapsed="0.099271"/>
</kw>
<kw name="Set Variable" owner="BuiltIn">
<msg time="2024-04-09T23:14:29.408384" level="INFO">${json_data} = {'results': [{'gender': 'male', 'name': {'title': 'Mr', 'first': 'علیرضا', 'last': 'پارسا'}, 'location': {'street': {'number': 3999, 'name': 'دکتر چمران'}, 'city': 'همدان', 'state': 'گلستان', 'country...</msg>
<var>${json_data}</var>
<arg>${response.json()}</arg>
<doc>Returns the given values which can then be assigned to a variables.</doc>
<status status="PASS" start="2024-04-09T23:14:29.407832" elapsed="0.000585"/>
</kw>
<kw name="Log" owner="BuiltIn">
<msg time="2024-04-09T23:14:29.408908" level="INFO">{'results': [{'gender': 'male', 'name': {'title': 'Mr', 'first': 'علیرضا', 'last': 'پارسا'}, 'location': {'street': {'number': 3999, 'name': 'دکتر چمران'}, 'city': 'همدان', 'state': 'گلستان', 'country': 'Iran', 'postcode': 40600, 'coordinates': {'latitude': '19.1597', 'longitude': '-27.1549'}, 'timezone': {'offset': '-5:00', 'description': 'Eastern Time (US &amp; Canada), Bogota, Lima'}}, 'email': 'aalyrd.prs@example.com', 'login': {'uuid': 'ac364de5-9d36-419d-8a64-3302309d12c4', 'username': 'happyfish280', 'password': 'nanook', 'salt': 'L1nAfK3c', 'md5': '2c1f691083610a84e90616aba6c7bd47', 'sha1': 'f06e9d4adc9d0ce72bf7079e8a2f276f5ce739c7', 'sha256': '24950f502a0a1ae5c32b70ce829c723b85757e73b4d6f51c35a1b895573ae353'}, 'dob': {'date': '1957-03-04T13:02:21.012Z', 'age': 67}, 'registered': {'date': '2003-01-22T11:32:11.305Z', 'age': 21}, 'phone': '020-68017242', 'cell': '0938-009-7174', 'id': {'name': '', 'value': None}, 'picture': {'large': 'https://randomuser.me/api/portraits/men/12.jpg', 'medium': 'https://randomuser.me/api/portraits/med/men/12.jpg', 'thumbnail': 'https://randomuser.me/api/portraits/thumb/men/12.jpg'}, 'nat': 'IR'}], 'info': {'seed': '24245a00082266f0', 'results': 1, 'page': 1, 'version': '1.4'}}</msg>
<arg>${json_data}</arg>
<doc>Logs the given message with the given level.</doc>
<status status="PASS" start="2024-04-09T23:14:29.408741" elapsed="0.000259"/>
</kw>
<kw name="Should Be Equal As Numbers" owner="BuiltIn">
<arg>${json_data['results'][0]['location']['postcode']}</arg>
<arg>${json_data['results'][0]['location']['postcode']}</arg>
<doc>Fails if objects are unequal after converting them to real numbers.</doc>
<status status="PASS" start="2024-04-09T23:14:29.409347" elapsed="0.000648"/>
</kw>
<kw name="Log" owner="BuiltIn">
<msg time="2024-04-09T23:14:29.410573" level="INFO">40600</msg>
<arg>${json_data['results'][0]['location']['postcode']}</arg>
<doc>Logs the given message with the given level.</doc>
<status status="PASS" start="2024-04-09T23:14:29.410193" elapsed="0.000424"/>
</kw>
<status status="PASS" start="2024-04-09T23:14:29.307770" elapsed="0.103112"/>
</kw>
<doc>Testa se os tipos de dados na resposta da API estão corretos.</doc>
<tag>testeTiposDados</tag>
<status status="PASS" start="2024-04-09T23:14:29.169314" elapsed="0.241748"/>
</test>
<test id="s1-s1-t5" name="Validar conteudo" line="35">
<kw name="Teste de Tipos de Conteudo" owner="random-user-service">
<kw name="GET On Session" owner="RequestsLibrary">
<msg time="2024-04-09T23:14:29.513258" level="INFO">GET Request : url=https://randomuser.me/api 
 path_url=/api 
 headers={'User-Agent': 'python-requests/2.31.0', 'Accept-Encoding': 'gzip, deflate', 'Accept': '*/*', 'Connection': 'keep-alive'} 
 body=None 
 </msg>
<msg time="2024-04-09T23:14:29.513371" level="INFO">GET Response : url=https://randomuser.me/api 
 status=200, reason=OK 
 headers={'Date': 'Tue, 09 Apr 2024 23:14:29 GMT', 'Content-Type': 'application/json; charset=utf-8', 'Transfer-Encoding': 'chunked', 'Connection': 'keep-alive', 'X-Powered-By': 'Express', 'Access-Control-Allow-Origin': '*', 'Cache-Control': 'no-cache', 'ETag': 'W/"47a-KDqw3UnZbr7SVACk00ts/W2fqIs"', 'Vary': 'Accept-Encoding', 'Content-Encoding': 'gzip', 'CF-Cache-Status': 'DYNAMIC', 'Report-To': '{"endpoints":[{"url":"https:\\/\\/a.nel.cloudflare.com\\/report\\/v4?s=N1QdZftzB53MjE1yTFEbX5b%2FWfjOjiTkgEpZglf0execIPvGqQoS1CfKJSHs%2F9RlKqzkgUc860ntplpo4TtdiPpBnSXdwA35LApPBMPJDIz0kHRDjEHff2%2FWXWutCSBr"}],"group":"cf-nel","max_age":604800}', 'NEL': '{"success_fraction":0,"report_to":"cf-nel","max_age":604800}', 'Server': 'cloudflare', 'CF-RAY': '871e3195d9fb0fd0-LAX', 'alt-svc': 'h3=":443"; ma=86400'} 
 body={"results":[{"gender":"male","name":{"title":"Mr","first":"Charlie","last":"Arnold"},"location":{"street":{"number":5189,"name":"Woodlawn Avenue"},"city":"Rush","state":"Kerry","country":"Ireland","postcode":92541,"coordinates":{"latitude":"-3.4626","longitude":"-118.3187"},"timezone":{"offset":"+6:00","description":"Almaty, Dhaka, Colombo"}},"email":"charlie.arnold@example.com","login":{"uuid":"20c8fd5e-0176-4866-91ec-92bd166b587c","username":"whiterabbit620","password":"banane","salt":"bgDyGzzY","md5":"2a02b80795a4b9ad371354b69d077fdf","sha1":"34e739d5db19bad220a71043bfd1b48892352478","sha256":"a3e328e3c6630762b8faddfa4cd8a017a7eba0dfe3201f8c7be47cb17713161b"},"dob":{"date":"1954-08-21T18:31:57.619Z","age":69},"registered":{"date":"2016-09-25T16:58:07.210Z","age":7},"phone":"011-437-3548","cell":"081-228-3957","id":{"name":"PPS","value":"7662719T"},"picture":{"large":"https://randomuser.me/api/portraits/men/85.jpg","medium":"https://randomuser.me/api/portraits/med/men/85.jpg","thumbnail":"https://randomuser.me/api/portraits/thumb/men/85.jpg"},"nat":"IE"}],"info":{"seed":"e89de60b6e220c18","results":1,"page":1,"version":"1.4"}} 
 </msg>
<msg time="2024-04-09T23:14:29.513456" level="INFO">/opt/hostedtoolcache/Python/3.12.2/x64/lib/python3.12/site-packages/urllib3/connectionpool.py:1103: InsecureRequestWarning: Unverified HTTPS request is being made to host 'randomuser.me'. Adding certificate verification is strongly advised. See: https://urllib3.readthedocs.io/en/latest/advanced-usage.html#tls-warnings
  warnings.warn(</msg>
<msg time="2024-04-09T23:14:29.513616" level="INFO">${response} = &lt;Response [200]&gt;</msg>
<var>${response}</var>
<arg>consultarAPI</arg>
<arg>/api</arg>
<doc>Sends a GET request on a previously created HTTP Session.</doc>
<status status="PASS" start="2024-04-09T23:14:29.413720" elapsed="0.099941"/>
</kw>
<kw name="Set Variable" owner="BuiltIn">
<msg time="2024-04-09T23:14:29.514761" level="INFO">${json_data} = {'results': [{'gender': 'male', 'name': {'title': 'Mr', 'first': 'Charlie', 'last': 'Arnold'}, 'location': {'street': {'number': 5189, 'name': 'Woodlawn Avenue'}, 'city': 'Rush', 'state': 'Kerry', 'co...</msg>
<var>${json_data}</var>
<arg>${response.json()}</arg>
<doc>Returns the given values which can then be assigned to a variables.</doc>
<status status="PASS" start="2024-04-09T23:14:29.514184" elapsed="0.000607"/>
</kw>
<kw name="Set Variable" owner="BuiltIn">
<msg time="2024-04-09T23:14:29.515500" level="INFO">${name_title} = Mr</msg>
<var>${name_title}</var>
<arg>${json_data["results"][0]["name"]["title"]}</arg>
<doc>Returns the given values which can then be assigned to a variables.</doc>
<status status="PASS" start="2024-04-09T23:14:29.515105" elapsed="0.000421"/>
</kw>
<kw name="Create List" owner="BuiltIn">
<msg time="2024-04-09T23:14:29.515986" level="INFO">${allowed_titles} = ['Mr', 'Ms', 'Miss', 'Mrs', 'Madame', 'Monsieur']</msg>
<var>${allowed_titles}</var>
<arg>Mr</arg>
<arg>Ms</arg>
<arg>Miss</arg>
<arg>Mrs</arg>
<arg>Madame</arg>
<arg>Monsieur</arg>
<doc>Returns a list containing given items.</doc>
<status status="PASS" start="2024-04-09T23:14:29.515834" elapsed="0.000178"/>
</kw>
<kw name="List Should Contain Value" owner="Collections">
<msg time="2024-04-09T23:14:29.516503" level="INFO">False</msg>
<arg>${allowed_titles}</arg>
<arg>${name_title}</arg>
<doc>Fails if the ``value`` is not found from ``list``.</doc>
<status status="PASS" start="2024-04-09T23:14:29.516324" elapsed="0.000218"/>
</kw>
<kw name="Set Variable" owner="BuiltIn">
<msg time="2024-04-09T23:14:29.517232" level="INFO">${name_country} = IE</msg>
<var>${name_country}</var>
<arg>${json_data["results"][0]["nat"]}</arg>
<doc>Returns the given values which can then be assigned to a variables.</doc>
<status status="PASS" start="2024-04-09T23:14:29.516841" elapsed="0.000416"/>
</kw>
<kw name="Create List" owner="BuiltIn">
<msg time="2024-04-09T23:14:29.518162" level="INFO">${list_country} = ['AD', 'AE', 'AF', 'AG', 'AI', 'AL', 'AM', 'AO', 'AQ', 'AR', 'AS', 'AT', 'AU', 'AW', 'AX', 'AZ', 'BA', 'BB', 'BD', 'BE', 'BF', 'BG', 'BH', 'BI', 'BJ', 'BL', 'BM', 'BN', 'BO', 'BQ', 'BR', 'BS', 'BT', '...</msg>
<var>${list_country}</var>
<arg>AD</arg>
<arg>AE</arg>
<arg>AF</arg>
<arg>AG</arg>
<arg>AI</arg>
<arg>AL</arg>
<arg>AM</arg>
<arg>AO</arg>
<arg>AQ</arg>
<arg>AR</arg>
<arg>AS</arg>
<arg>AT</arg>
<arg>AU</arg>
<arg>AW</arg>
<arg>AX</arg>
<arg>AZ</arg>
<arg>BA</arg>
<arg>BB</arg>
<arg>BD</arg>
<arg>BE</arg>
<arg>BF</arg>
<arg>BG</arg>
<arg>BH</arg>
<arg>BI</arg>
<arg>BJ</arg>
<arg>BL</arg>
<arg>BM</arg>
<arg>BN</arg>
<arg>BO</arg>
<arg>BQ</arg>
<arg>BR</arg>
<arg>BS</arg>
<arg>BT</arg>
<arg>BV</arg>
<arg>BW</arg>
<arg>BY</arg>
<arg>BZ</arg>
<arg>CA</arg>
<arg>CC</arg>
<arg>CD</arg>
<arg>CF</arg>
<arg>CG</arg>
<arg>CH</arg>
<arg>CI</arg>
<arg>CK</arg>
<arg>CL</arg>
<arg>CM</arg>
<arg>CN</arg>
<arg>CO</arg>
<arg>CR</arg>
<arg>CU</arg>
<arg>CV</arg>
<arg>CW</arg>
<arg>CX</arg>
<arg>CY</arg>
<arg>CZ</arg>
<arg>DE</arg>
<arg>DJ</arg>
<arg>DK</arg>
<arg>DM</arg>
<arg>DO</arg>
<arg>DZ</arg>
<arg>EC</arg>
<arg>EE</arg>
<arg>EG</arg>
<arg>EH</arg>
<arg>ER</arg>
<arg>ES</arg>
<arg>ET</arg>
<arg>FI</arg>
<arg>FJ</arg>
<arg>FK</arg>
<arg>FM</arg>
<arg>FO</arg>
<arg>FR</arg>
<arg>GA</arg>
<arg>GB</arg>
<arg>GD</arg>
<arg>GE</arg>
<arg>GF</arg>
<arg>GG</arg>
<arg>GH</arg>
<arg>GI</arg>
<arg>GL</arg>
<arg>GM</arg>
<arg>GN</arg>
<arg>GP</arg>
<arg>GQ</arg>
<arg>GR</arg>
<arg>GS</arg>
<arg>GT</arg>
<arg>GU</arg>
<arg>GW</arg>
<arg>GY</arg>
<arg>HK</arg>
<arg>HM</arg>
<arg>HN</arg>
<arg>HR</arg>
<arg>HT</arg>
<arg>HU</arg>
<arg>ID</arg>
<arg>IE</arg>
<arg>IL</arg>
<arg>IM</arg>
<arg>IN</arg>
<arg>IO</arg>
<arg>IQ</arg>
<arg>IR</arg>
<arg>IS</arg>
<arg>IT</arg>
<arg>JE</arg>
<arg>JM</arg>
<arg>JO</arg>
<arg>JP</arg>
<arg>KE</arg>
<arg>KG</arg>
<arg>KH</arg>
<arg>KI</arg>
<arg>KM</arg>
<arg>KN</arg>
<arg>KP</arg>
<arg>KR</arg>
<arg>KW</arg>
<arg>KY</arg>
<arg>KZ</arg>
<arg>LA</arg>
<arg>LB</arg>
<arg>LC</arg>
<arg>LI</arg>
<arg>LK</arg>
<arg>LR</arg>
<arg>LS</arg>
<arg>LT</arg>
<arg>LU</arg>
<arg>LV</arg>
<arg>LY</arg>
<arg>MA</arg>
<arg>MC</arg>
<arg>MD</arg>
<arg>ME</arg>
<arg>MF</arg>
<arg>MG</arg>
<arg>MH</arg>
<arg>MK</arg>
<arg>ML</arg>
<arg>MM</arg>
<arg>MN</arg>
<arg>MO</arg>
<arg>MP</arg>
<arg>MQ</arg>
<arg>MR</arg>
<arg>MS</arg>
<arg>MT</arg>
<arg>MU</arg>
<arg>MV</arg>
<arg>MW</arg>
<arg>MX</arg>
<arg>MY</arg>
<arg>MZ</arg>
<arg>NA</arg>
<arg>NC</arg>
<arg>NE</arg>
<arg>NF</arg>
<arg>NG</arg>
<arg>NI</arg>
<arg>NL</arg>
<arg>NO</arg>
<arg>NP</arg>
<arg>NR</arg>
<arg>NU</arg>
<arg>NZ</arg>
<arg>OM</arg>
<arg>PA</arg>
<arg>PE</arg>
<arg>PF</arg>
<arg>PG</arg>
<arg>PH</arg>
<arg>PK</arg>
<arg>PL</arg>
<arg>PM</arg>
<arg>PN</arg>
<arg>PR</arg>
<arg>PS</arg>
<arg>PT</arg>
<arg>PW</arg>
<arg>PY</arg>
<arg>QA</arg>
<arg>RE</arg>
<arg>RO</arg>
<arg>RS</arg>
<arg>RU</arg>
<arg>RW</arg>
<arg>SA</arg>
<arg>SB</arg>
<arg>SC</arg>
<arg>SD</arg>
<arg>SE</arg>
<arg>SG</arg>
<arg>SH</arg>
<arg>SI</arg>
<arg>SJ</arg>
<arg>SK</arg>
<arg>SL</arg>
<arg>SM</arg>
<arg>SN</arg>
<arg>SO</arg>
<arg>SR</arg>
<arg>SS</arg>
<arg>ST</arg>
<arg>SV</arg>
<arg>SX</arg>
<arg>SY</arg>
<arg>SZ</arg>
<arg>TC</arg>
<arg>TD</arg>
<arg>TF</arg>
<arg>TG</arg>
<arg>TH</arg>
<arg>TJ</arg>
<arg>TK</arg>
<arg>TL</arg>
<arg>TM</arg>
<arg>TN</arg>
<arg>TO</arg>
<arg>TR</arg>
<arg>TT</arg>
<arg>TV</arg>
<arg>TW</arg>
<arg>TZ</arg>
<arg>UA</arg>
<arg>UG</arg>
<arg>UM</arg>
<arg>US</arg>
<arg>UY</arg>
<arg>UZ</arg>
<arg>VA</arg>
<arg>VC</arg>
<arg>VE</arg>
<arg>VG</arg>
<arg>VI</arg>
<arg>VN</arg>
<arg>VU</arg>
<arg>WF</arg>
<arg>WS</arg>
<arg>XK</arg>
<arg>YE</arg>
<arg>YT</arg>
<arg>ZA</arg>
<arg>ZM</arg>
<arg>ZW</arg>
<doc>Returns a list containing given items.</doc>
<status status="PASS" start="2024-04-09T23:14:29.517564" elapsed="0.000624"/>
</kw>
<kw name="List Should Contain Value" owner="Collections">
<msg time="2024-04-09T23:14:29.519206" level="INFO">False</msg>
<arg>${list_country}</arg>
<arg>${name_country}</arg>
<doc>Fails if the ``value`` is not found from ``list``.</doc>
<status status="PASS" start="2024-04-09T23:14:29.518999" elapsed="0.000245"/>
</kw>
<kw name="Run Keyword If" owner="BuiltIn">
<kw name="Should Be True" owner="BuiltIn">
<arg>${True}</arg>
<doc>Fails if the given condition is not true.</doc>
<status status="PASS" start="2024-04-09T23:14:29.520481" elapsed="0.000149"/>
</kw>
<arg>${json_data["results"][0]["location"]["coordinates"]["latitude"]} &gt;= -90 and ${json_data["results"][0]["location"]["coordinates"]["latitude"]} &lt;= 90</arg>
<arg>Should Be True</arg>
<arg>${True}</arg>
<doc>Runs the given keyword with the given arguments, if ``condition`` is true.</doc>
<status status="PASS" start="2024-04-09T23:14:29.519567" elapsed="0.001195"/>
</kw>
<kw name="Run Keyword If" owner="BuiltIn">
<kw name="Should Be True" owner="BuiltIn">
<arg>${True}</arg>
<doc>Fails if the given condition is not true.</doc>
<status status="PASS" start="2024-04-09T23:14:29.521668" elapsed="0.000140"/>
</kw>
<arg>${json_data["results"][0]["location"]["coordinates"]["longitude"]} &gt;= -180 and ${json_data["results"][0]["location"]["coordinates"]["longitude"]} &lt;= 180</arg>
<arg>Should Be True</arg>
<arg>${True}</arg>
<doc>Runs the given keyword with the given arguments, if ``condition`` is true.</doc>
<status status="PASS" start="2024-04-09T23:14:29.520952" elapsed="0.000985"/>
</kw>
<status status="PASS" start="2024-04-09T23:14:29.413486" elapsed="0.108586"/>
</kw>
<doc>Testa o conteúdo específico dos campos retornados pela API.</doc>
<tag>testeConteudo</tag>
<status status="PASS" start="2024-04-09T23:14:29.412937" elapsed="0.109292"/>
</test>
<status status="PASS" start="2024-04-09T23:14:28.473460" elapsed="1.050802"/>
</suite>
<status status="PASS" start="2024-04-09T23:14:28.459561" elapsed="1.070154"/>
</suite>
<statistics>
<total>
<stat pass="5" fail="0" skip="0">All Tests</stat>
</total>
<tag>
<stat pass="1" fail="0" skip="0">testeConteudo</stat>
<stat pass="1" fail="0" skip="0">testeEstruturaResposta</stat>
<stat pass="1" fail="0" skip="0">testeRequisicaoBasica</stat>
<stat pass="1" fail="0" skip="0">testeTiposDados</stat>
</tag>
<suite>
<stat pass="5" fail="0" skip="0" id="s1" name="Tests">Tests</stat>
<stat pass="5" fail="0" skip="0" id="s1-s1" name="Random-User-Test">Tests.Random-User-Test</stat>
</suite>
</statistics>
<errors>
</errors>
</robot>
