<?xml version="1.0" encoding="UTF-8"?>
<robot generator="Robot 7.0.1 (Python 3.12.4 on linux)" generated="2024-06-30T22:13:38.800198" rpa="false" schemaversion="5">
<suite id="s1" name="Tests" source="/home/runner/work/ApiRandomUser/ApiRandomUser/RamdonUser/tests">
<suite id="s1-s1" name="Random-User-Test" source="/home/runner/work/ApiRandomUser/ApiRandomUser/RamdonUser/tests/random-user-test.robot">
<test id="s1-s1-t1" name="Conectar" line="13">
<kw name="Conectar API" owner="random-user-service">
<kw name="Create Session" owner="RequestsLibrary">
<msg time="2024-06-30T22:13:39.206373" level="INFO">Creating Session using : alias=consultarAPI, url=https://randomuser.me/, headers={},                     cookies={}, auth=None, timeout=None, proxies=None, verify=False,                     debug=0 </msg>
<arg>consultarAPI</arg>
<arg>${URL}</arg>
<doc>Create Session: create a HTTP session to a server</doc>
<status status="PASS" start="2024-06-30T22:13:39.206169" elapsed="0.000389"/>
</kw>
<status status="PASS" start="2024-06-30T22:13:39.205164" elapsed="0.001752"/>
</kw>
<status status="PASS" start="2024-06-30T22:13:39.204575" elapsed="0.002536"/>
</test>
<test id="s1-s1-t2" name="Validar retorno 200 e JSON Válido" line="16">
<kw name="Teste de Requisicao Basica" owner="random-user-service">
<kw name="GET On Session" owner="RequestsLibrary">
<msg time="2024-06-30T22:13:39.455595" level="INFO">GET Request : url=https://randomuser.me/api 
 path_url=/api 
 headers={'User-Agent': 'python-requests/2.32.3', 'Accept-Encoding': 'gzip, deflate', 'Accept': '*/*', 'Connection': 'keep-alive'} 
 body=None 
 </msg>
<msg time="2024-06-30T22:13:39.455758" level="INFO">GET Response : url=https://randomuser.me/api 
 status=200, reason=OK 
 headers={'Date': 'Sun, 30 Jun 2024 22:13:39 GMT', 'Content-Type': 'application/json; charset=utf-8', 'Transfer-Encoding': 'chunked', 'Connection': 'keep-alive', 'X-Powered-By': 'Express', 'Access-Control-Allow-Origin': '*', 'Cache-Control': 'no-cache', 'ETag': 'W/"490-fwCfzcuT43ayvODEOklccLGctaM"', 'Vary': 'Accept-Encoding', 'Content-Encoding': 'gzip', 'CF-Cache-Status': 'DYNAMIC', 'Report-To': '{"endpoints":[{"url":"https:\\/\\/a.nel.cloudflare.com\\/report\\/v4?s=8wIty531kWCo83%2BJsxDarvGaUa4dz2YNuABlJ7MDWnOjwta8%2FcRphBJGxpWc68Y%2FfGsdU3J3i7Ej%2BuNGgIOS7SlzH9PMtmpi2F%2FouF6gc7PBVSTzDZqRIbRqdAPS2V2H"}],"group":"cf-nel","max_age":604800}', 'NEL': '{"success_fraction":0,"report_to":"cf-nel","max_age":604800}', 'Server': 'cloudflare', 'CF-RAY': '89c1813958651fd3-IAD', 'alt-svc': 'h3=":443"; ma=86400'} 
 body={"results":[{"gender":"female","name":{"title":"Ms","first":"Katarina","last":"Borjan"},"location":{"street":{"number":4383,"name":"Predraga Milinkovića"},"city":"Raška","state":"Zaječar","country":"Serbia","postcode":45209,"coordinates":{"latitude":"62.6900","longitude":"150.2311"},"timezone":{"offset":"+2:00","description":"Kaliningrad, South Africa"}},"email":"katarina.borjan@example.com","login":{"uuid":"61b87baf-656b-47f9-a751-dab4e690d177","username":"bigswan708","password":"firefigh","salt":"vATB7I5B","md5":"9e059f5519fcc4e163908fbd3af9027c","sha1":"02bcde72c79056053705528a2c253b7a0bc3bccf","sha256":"4c4cc53ca07d1f67dfdcd5bc8317df1f31103aff4c45e802aba62395f0ad29dd"},"dob":{"date":"1986-12-22T12:32:48.299Z","age":37},"registered":{"date":"2008-02-11T08:37:05.045Z","age":16},"phone":"026-0804-446","cell":"062-5959-163","id":{"name":"SID","value":"400274057"},"picture":{"large":"https://randomuser.me/api/portraits/women/86.jpg","medium":"https://randomuser.me/api/portraits/med/women/86.jpg","thumbnail":"https://randomuser.me/api/portraits/thumb/women/86.jpg"},"nat":"RS"}],"info":{"seed":"d3d4b2089bd63938","results":1,"page":1,"version":"1.4"}} 
 </msg>
<msg time="2024-06-30T22:13:39.455860" level="INFO">/opt/hostedtoolcache/Python/3.12.4/x64/lib/python3.12/site-packages/urllib3/connectionpool.py:1099: InsecureRequestWarning: Unverified HTTPS request is being made to host 'randomuser.me'. Adding certificate verification is strongly advised. See: https://urllib3.readthedocs.io/en/latest/advanced-usage.html#tls-warnings
  warnings.warn(</msg>
<msg time="2024-06-30T22:13:39.456028" level="INFO">${response} = &lt;Response [200]&gt;</msg>
<var>${response}</var>
<arg>consultarAPI</arg>
<arg>/api</arg>
<doc>Sends a GET request on a previously created HTTP Session.</doc>
<status status="PASS" start="2024-06-30T22:13:39.209698" elapsed="0.246379"/>
</kw>
<kw name="Should Be Equal As Numbers" owner="BuiltIn">
<msg time="2024-06-30T22:13:39.457224" level="INFO">Argument types are:
&lt;class 'int'&gt;
&lt;class 'str'&gt;</msg>
<arg>${response.status_code}</arg>
<arg>200</arg>
<doc>Fails if objects are unequal after converting them to real numbers.</doc>
<status status="PASS" start="2024-06-30T22:13:39.456706" elapsed="0.000582"/>
</kw>
<kw name="Log" owner="BuiltIn">
<msg time="2024-06-30T22:13:39.458010" level="INFO">200</msg>
<arg>${response.status_code}</arg>
<doc>Logs the given message with the given level.</doc>
<status status="PASS" start="2024-06-30T22:13:39.457607" elapsed="0.000447"/>
</kw>
<kw name="Set Variable" owner="BuiltIn">
<msg time="2024-06-30T22:13:39.458803" level="INFO">${json_data} = {'results': [{'gender': 'female', 'name': {'title': 'Ms', 'first': 'Katarina', 'last': 'Borjan'}, 'location': {'street': {'number': 4383, 'name': 'Predraga Milinkovića'}, 'city': 'Raška', 'state': 'Za...</msg>
<var>${json_data}</var>
<arg>${response.json()}</arg>
<doc>Returns the given values which can then be assigned to a variables.</doc>
<status status="PASS" start="2024-06-30T22:13:39.458359" elapsed="0.000474"/>
</kw>
<kw name="Dictionary Should Contain Key" owner="Collections">
<arg>${json_data}</arg>
<arg>results</arg>
<doc>Fails if ``key`` is not found from ``dictionary``.</doc>
<status status="PASS" start="2024-06-30T22:13:39.459130" elapsed="0.000160"/>
</kw>
<status status="PASS" start="2024-06-30T22:13:39.209449" elapsed="0.249989"/>
</kw>
<doc>Testa se a API responde corretamente e retorna um objeto JSON válido.</doc>
<tag>testeRequisicaoBasica</tag>
<status status="PASS" start="2024-06-30T22:13:39.208969" elapsed="0.250644"/>
</test>
<test id="s1-s1-t3" name="Validar estrutura de resposta" line="22">
<kw name="Teste de Estrutura de Resposta" owner="random-user-service">
<kw name="GET On Session" owner="RequestsLibrary">
<msg time="2024-06-30T22:13:39.554433" level="INFO">GET Request : url=https://randomuser.me/api 
 path_url=/api 
 headers={'User-Agent': 'python-requests/2.32.3', 'Accept-Encoding': 'gzip, deflate', 'Accept': '*/*', 'Connection': 'keep-alive'} 
 body=None 
 </msg>
<msg time="2024-06-30T22:13:39.554502" level="INFO">GET Response : url=https://randomuser.me/api 
 status=200, reason=OK 
 headers={'Date': 'Sun, 30 Jun 2024 22:13:39 GMT', 'Content-Type': 'application/json; charset=utf-8', 'Transfer-Encoding': 'chunked', 'Connection': 'keep-alive', 'X-Powered-By': 'Express', 'Access-Control-Allow-Origin': '*', 'Cache-Control': 'no-cache', 'ETag': 'W/"47a-CVNlJoYLMBpzKVwh36sT6G2r770"', 'Vary': 'Accept-Encoding', 'Content-Encoding': 'gzip', 'CF-Cache-Status': 'DYNAMIC', 'Report-To': '{"endpoints":[{"url":"https:\\/\\/a.nel.cloudflare.com\\/report\\/v4?s=3fR9FMNzymMmi7lv4tZAQy1xdXZuvXeKM99q1qC%2BblAm%2F9ZlvlQo1CEWqbyN2kZHxuU6JgT8c%2FrfOkMdlpIwnpcHcPWoPxwdFbFk0bAp2lhEsPtJw0vQhOOGICiHl3zz"}],"group":"cf-nel","max_age":604800}', 'NEL': '{"success_fraction":0,"report_to":"cf-nel","max_age":604800}', 'Server': 'cloudflare', 'CF-RAY': '89c18139b8c81fd3-IAD', 'alt-svc': 'h3=":443"; ma=86400'} 
 body={"results":[{"gender":"female","name":{"title":"Ms","first":"Elif","last":"Doğan"},"location":{"street":{"number":9895,"name":"Anafartalar Cd"},"city":"Hakkâri","state":"Elazığ","country":"Turkey","postcode":42198,"coordinates":{"latitude":"70.8901","longitude":"115.3996"},"timezone":{"offset":"-11:00","description":"Midway Island, Samoa"}},"email":"elif.dogan@example.com","login":{"uuid":"54d0f154-5caa-454c-af62-343924850ffa","username":"blackduck379","password":"getsdown","salt":"XPQtrWO7","md5":"895a69d717b178add24da8807acb4647","sha1":"8acff602b9985ba6a28e5ce6f112e6cb0ae8efbc","sha256":"176ec9d7238e11279e19531f86b66f6d665384bd58b840c977bb46d209f21798"},"dob":{"date":"1955-08-19T00:40:55.319Z","age":68},"registered":{"date":"2014-02-25T01:12:10.961Z","age":10},"phone":"(253)-099-6816","cell":"(517)-636-5237","id":{"name":"","value":null},"picture":{"large":"https://randomuser.me/api/portraits/women/16.jpg","medium":"https://randomuser.me/api/portraits/med/women/16.jpg","thumbnail":"https://randomuser.me/api/portraits/thumb/women/16.jpg"},"nat":"TR"}],"info":{"seed":"c4c1834edef12c4c","results":1,"page":1,"version":"1.4"}} 
 </msg>
<msg time="2024-06-30T22:13:39.554605" level="INFO">/opt/hostedtoolcache/Python/3.12.4/x64/lib/python3.12/site-packages/urllib3/connectionpool.py:1099: InsecureRequestWarning: Unverified HTTPS request is being made to host 'randomuser.me'. Adding certificate verification is strongly advised. See: https://urllib3.readthedocs.io/en/latest/advanced-usage.html#tls-warnings
  warnings.warn(</msg>
<msg time="2024-06-30T22:13:39.554720" level="INFO">${response} = &lt;Response [200]&gt;</msg>
<var>${response}</var>
<arg>consultarAPI</arg>
<arg>/api</arg>
<doc>Sends a GET request on a previously created HTTP Session.</doc>
<status status="PASS" start="2024-06-30T22:13:39.462257" elapsed="0.092506"/>
</kw>
<kw name="Set Variable" owner="BuiltIn">
<msg time="2024-06-30T22:13:39.555820" level="INFO">${json_data} = {'results': [{'gender': 'female', 'name': {'title': 'Ms', 'first': 'Elif', 'last': 'Doğan'}, 'location': {'street': {'number': 9895, 'name': 'Anafartalar Cd'}, 'city': 'Hakkâri', 'state': 'Elazığ', 'c...</msg>
<var>${json_data}</var>
<arg>${response.json()}</arg>
<doc>Returns the given values which can then be assigned to a variables.</doc>
<status status="PASS" start="2024-06-30T22:13:39.555242" elapsed="0.000619"/>
</kw>
<kw name="Log" owner="BuiltIn">
<msg time="2024-06-30T22:13:39.556326" level="INFO">{'results': [{'gender': 'female', 'name': {'title': 'Ms', 'first': 'Elif', 'last': 'Doğan'}, 'location': {'street': {'number': 9895, 'name': 'Anafartalar Cd'}, 'city': 'Hakkâri', 'state': 'Elazığ', 'country': 'Turkey', 'postcode': 42198, 'coordinates': {'latitude': '70.8901', 'longitude': '115.3996'}, 'timezone': {'offset': '-11:00', 'description': 'Midway Island, Samoa'}}, 'email': 'elif.dogan@example.com', 'login': {'uuid': '54d0f154-5caa-454c-af62-343924850ffa', 'username': 'blackduck379', 'password': 'getsdown', 'salt': 'XPQtrWO7', 'md5': '895a69d717b178add24da8807acb4647', 'sha1': '8acff602b9985ba6a28e5ce6f112e6cb0ae8efbc', 'sha256': '176ec9d7238e11279e19531f86b66f6d665384bd58b840c977bb46d209f21798'}, 'dob': {'date': '1955-08-19T00:40:55.319Z', 'age': 68}, 'registered': {'date': '2014-02-25T01:12:10.961Z', 'age': 10}, 'phone': '(253)-099-6816', 'cell': '(517)-636-5237', 'id': {'name': '', 'value': None}, 'picture': {'large': 'https://randomuser.me/api/portraits/women/16.jpg', 'medium': 'https://randomuser.me/api/portraits/med/women/16.jpg', 'thumbnail': 'https://randomuser.me/api/portraits/thumb/women/16.jpg'}, 'nat': 'TR'}], 'info': {'seed': 'c4c1834edef12c4c', 'results': 1, 'page': 1, 'version': '1.4'}}</msg>
<arg>${json_data}</arg>
<doc>Logs the given message with the given level.</doc>
<status status="PASS" start="2024-06-30T22:13:39.556167" elapsed="0.000211"/>
</kw>
<kw name="Dictionary Should Contain Key" owner="Collections">
<arg>${json_data}</arg>
<arg>results</arg>
<doc>Fails if ``key`` is not found from ``dictionary``.</doc>
<status status="PASS" start="2024-06-30T22:13:39.556670" elapsed="0.000158"/>
</kw>
<kw name="Should Not Be Empty" owner="BuiltIn">
<msg time="2024-06-30T22:13:39.557138" level="INFO">Length is 2.</msg>
<arg>${json_data}</arg>
<doc>Verifies that the given item is not empty.</doc>
<status status="PASS" start="2024-06-30T22:13:39.557010" elapsed="0.000166"/>
</kw>
<kw name="Create List" owner="BuiltIn">
<msg time="2024-06-30T22:13:39.557614" level="INFO">${expected_keys} = ['gender', 'name', 'location', 'email', 'login']</msg>
<var>${expected_keys}</var>
<arg>gender</arg>
<arg>name</arg>
<arg>location</arg>
<arg>email</arg>
<arg>login</arg>
<doc>Returns a list containing given items.</doc>
<status status="PASS" start="2024-06-30T22:13:39.557466" elapsed="0.000172"/>
</kw>
<for flavor="IN">
<iter>
<kw name="Dictionary Should Contain Key" owner="Collections">
<arg>${json_data['results'][0]}</arg>
<arg>${key}</arg>
<doc>Fails if ``key`` is not found from ``dictionary``.</doc>
<status status="PASS" start="2024-06-30T22:13:39.558395" elapsed="0.000410"/>
</kw>
<kw name="Log" owner="BuiltIn">
<msg time="2024-06-30T22:13:39.559361" level="INFO">{'gender': 'female', 'name': {'title': 'Ms', 'first': 'Elif', 'last': 'Doğan'}, 'location': {'street': {'number': 9895, 'name': 'Anafartalar Cd'}, 'city': 'Hakkâri', 'state': 'Elazığ', 'country': 'Turkey', 'postcode': 42198, 'coordinates': {'latitude': '70.8901', 'longitude': '115.3996'}, 'timezone': {'offset': '-11:00', 'description': 'Midway Island, Samoa'}}, 'email': 'elif.dogan@example.com', 'login': {'uuid': '54d0f154-5caa-454c-af62-343924850ffa', 'username': 'blackduck379', 'password': 'getsdown', 'salt': 'XPQtrWO7', 'md5': '895a69d717b178add24da8807acb4647', 'sha1': '8acff602b9985ba6a28e5ce6f112e6cb0ae8efbc', 'sha256': '176ec9d7238e11279e19531f86b66f6d665384bd58b840c977bb46d209f21798'}, 'dob': {'date': '1955-08-19T00:40:55.319Z', 'age': 68}, 'registered': {'date': '2014-02-25T01:12:10.961Z', 'age': 10}, 'phone': '(253)-099-6816', 'cell': '(517)-636-5237', 'id': {'name': '', 'value': None}, 'picture': {'large': 'https://randomuser.me/api/portraits/women/16.jpg', 'medium': 'https://randomuser.me/api/portraits/med/women/16.jpg', 'thumbnail': 'https://randomuser.me/api/portraits/thumb/women/16.jpg'}, 'nat': 'TR'}</msg>
<arg>${json_data['results'][0]}</arg>
<doc>Logs the given message with the given level.</doc>
<status status="PASS" start="2024-06-30T22:13:39.558997" elapsed="0.000414"/>
</kw>
<kw name="Log" owner="BuiltIn">
<msg time="2024-06-30T22:13:39.559841" level="INFO">gender</msg>
<arg>${key}</arg>
<doc>Logs the given message with the given level.</doc>
<status status="PASS" start="2024-06-30T22:13:39.559713" elapsed="0.000166"/>
</kw>
<var name="${key}">gender</var>
<status status="PASS" start="2024-06-30T22:13:39.558272" elapsed="0.001822"/>
</iter>
<iter>
<kw name="Dictionary Should Contain Key" owner="Collections">
<arg>${json_data['results'][0]}</arg>
<arg>${key}</arg>
<doc>Fails if ``key`` is not found from ``dictionary``.</doc>
<status status="PASS" start="2024-06-30T22:13:39.560387" elapsed="0.000391"/>
</kw>
<kw name="Log" owner="BuiltIn">
<msg time="2024-06-30T22:13:39.561308" level="INFO">{'gender': 'female', 'name': {'title': 'Ms', 'first': 'Elif', 'last': 'Doğan'}, 'location': {'street': {'number': 9895, 'name': 'Anafartalar Cd'}, 'city': 'Hakkâri', 'state': 'Elazığ', 'country': 'Turkey', 'postcode': 42198, 'coordinates': {'latitude': '70.8901', 'longitude': '115.3996'}, 'timezone': {'offset': '-11:00', 'description': 'Midway Island, Samoa'}}, 'email': 'elif.dogan@example.com', 'login': {'uuid': '54d0f154-5caa-454c-af62-343924850ffa', 'username': 'blackduck379', 'password': 'getsdown', 'salt': 'XPQtrWO7', 'md5': '895a69d717b178add24da8807acb4647', 'sha1': '8acff602b9985ba6a28e5ce6f112e6cb0ae8efbc', 'sha256': '176ec9d7238e11279e19531f86b66f6d665384bd58b840c977bb46d209f21798'}, 'dob': {'date': '1955-08-19T00:40:55.319Z', 'age': 68}, 'registered': {'date': '2014-02-25T01:12:10.961Z', 'age': 10}, 'phone': '(253)-099-6816', 'cell': '(517)-636-5237', 'id': {'name': '', 'value': None}, 'picture': {'large': 'https://randomuser.me/api/portraits/women/16.jpg', 'medium': 'https://randomuser.me/api/portraits/med/women/16.jpg', 'thumbnail': 'https://randomuser.me/api/portraits/thumb/women/16.jpg'}, 'nat': 'TR'}</msg>
<arg>${json_data['results'][0]}</arg>
<doc>Logs the given message with the given level.</doc>
<status status="PASS" start="2024-06-30T22:13:39.560958" elapsed="0.000433"/>
</kw>
<kw name="Log" owner="BuiltIn">
<msg time="2024-06-30T22:13:39.561846" level="INFO">name</msg>
<arg>${key}</arg>
<doc>Logs the given message with the given level.</doc>
<status status="PASS" start="2024-06-30T22:13:39.561689" elapsed="0.000200"/>
</kw>
<var name="${key}">name</var>
<status status="PASS" start="2024-06-30T22:13:39.560278" elapsed="0.001839"/>
</iter>
<iter>
<kw name="Dictionary Should Contain Key" owner="Collections">
<arg>${json_data['results'][0]}</arg>
<arg>${key}</arg>
<doc>Fails if ``key`` is not found from ``dictionary``.</doc>
<status status="PASS" start="2024-06-30T22:13:39.562399" elapsed="0.000377"/>
</kw>
<kw name="Log" owner="BuiltIn">
<msg time="2024-06-30T22:13:39.563320" level="INFO">{'gender': 'female', 'name': {'title': 'Ms', 'first': 'Elif', 'last': 'Doğan'}, 'location': {'street': {'number': 9895, 'name': 'Anafartalar Cd'}, 'city': 'Hakkâri', 'state': 'Elazığ', 'country': 'Turkey', 'postcode': 42198, 'coordinates': {'latitude': '70.8901', 'longitude': '115.3996'}, 'timezone': {'offset': '-11:00', 'description': 'Midway Island, Samoa'}}, 'email': 'elif.dogan@example.com', 'login': {'uuid': '54d0f154-5caa-454c-af62-343924850ffa', 'username': 'blackduck379', 'password': 'getsdown', 'salt': 'XPQtrWO7', 'md5': '895a69d717b178add24da8807acb4647', 'sha1': '8acff602b9985ba6a28e5ce6f112e6cb0ae8efbc', 'sha256': '176ec9d7238e11279e19531f86b66f6d665384bd58b840c977bb46d209f21798'}, 'dob': {'date': '1955-08-19T00:40:55.319Z', 'age': 68}, 'registered': {'date': '2014-02-25T01:12:10.961Z', 'age': 10}, 'phone': '(253)-099-6816', 'cell': '(517)-636-5237', 'id': {'name': '', 'value': None}, 'picture': {'large': 'https://randomuser.me/api/portraits/women/16.jpg', 'medium': 'https://randomuser.me/api/portraits/med/women/16.jpg', 'thumbnail': 'https://randomuser.me/api/portraits/thumb/women/16.jpg'}, 'nat': 'TR'}</msg>
<arg>${json_data['results'][0]}</arg>
<doc>Logs the given message with the given level.</doc>
<status status="PASS" start="2024-06-30T22:13:39.562970" elapsed="0.000400"/>
</kw>
<kw name="Log" owner="BuiltIn">
<msg time="2024-06-30T22:13:39.563794" level="INFO">location</msg>
<arg>${key}</arg>
<doc>Logs the given message with the given level.</doc>
<status status="PASS" start="2024-06-30T22:13:39.563666" elapsed="0.000165"/>
</kw>
<var name="${key}">location</var>
<status status="PASS" start="2024-06-30T22:13:39.562292" elapsed="0.001777"/>
</iter>
<iter>
<kw name="Dictionary Should Contain Key" owner="Collections">
<arg>${json_data['results'][0]}</arg>
<arg>${key}</arg>
<doc>Fails if ``key`` is not found from ``dictionary``.</doc>
<status status="PASS" start="2024-06-30T22:13:39.564357" elapsed="0.000397"/>
</kw>
<kw name="Log" owner="BuiltIn">
<msg time="2024-06-30T22:13:39.565284" level="INFO">{'gender': 'female', 'name': {'title': 'Ms', 'first': 'Elif', 'last': 'Doğan'}, 'location': {'street': {'number': 9895, 'name': 'Anafartalar Cd'}, 'city': 'Hakkâri', 'state': 'Elazığ', 'country': 'Turkey', 'postcode': 42198, 'coordinates': {'latitude': '70.8901', 'longitude': '115.3996'}, 'timezone': {'offset': '-11:00', 'description': 'Midway Island, Samoa'}}, 'email': 'elif.dogan@example.com', 'login': {'uuid': '54d0f154-5caa-454c-af62-343924850ffa', 'username': 'blackduck379', 'password': 'getsdown', 'salt': 'XPQtrWO7', 'md5': '895a69d717b178add24da8807acb4647', 'sha1': '8acff602b9985ba6a28e5ce6f112e6cb0ae8efbc', 'sha256': '176ec9d7238e11279e19531f86b66f6d665384bd58b840c977bb46d209f21798'}, 'dob': {'date': '1955-08-19T00:40:55.319Z', 'age': 68}, 'registered': {'date': '2014-02-25T01:12:10.961Z', 'age': 10}, 'phone': '(253)-099-6816', 'cell': '(517)-636-5237', 'id': {'name': '', 'value': None}, 'picture': {'large': 'https://randomuser.me/api/portraits/women/16.jpg', 'medium': 'https://randomuser.me/api/portraits/med/women/16.jpg', 'thumbnail': 'https://randomuser.me/api/portraits/thumb/women/16.jpg'}, 'nat': 'TR'}</msg>
<arg>${json_data['results'][0]}</arg>
<doc>Logs the given message with the given level.</doc>
<status status="PASS" start="2024-06-30T22:13:39.564933" elapsed="0.000401"/>
</kw>
<kw name="Log" owner="BuiltIn">
<msg time="2024-06-30T22:13:39.565757" level="INFO">email</msg>
<arg>${key}</arg>
<doc>Logs the given message with the given level.</doc>
<status status="PASS" start="2024-06-30T22:13:39.565630" elapsed="0.000165"/>
</kw>
<var name="${key}">email</var>
<status status="PASS" start="2024-06-30T22:13:39.564249" elapsed="0.001804"/>
</iter>
<iter>
<kw name="Dictionary Should Contain Key" owner="Collections">
<arg>${json_data['results'][0]}</arg>
<arg>${key}</arg>
<doc>Fails if ``key`` is not found from ``dictionary``.</doc>
<status status="PASS" start="2024-06-30T22:13:39.566341" elapsed="0.000388"/>
</kw>
<kw name="Log" owner="BuiltIn">
<msg time="2024-06-30T22:13:39.567269" level="INFO">{'gender': 'female', 'name': {'title': 'Ms', 'first': 'Elif', 'last': 'Doğan'}, 'location': {'street': {'number': 9895, 'name': 'Anafartalar Cd'}, 'city': 'Hakkâri', 'state': 'Elazığ', 'country': 'Turkey', 'postcode': 42198, 'coordinates': {'latitude': '70.8901', 'longitude': '115.3996'}, 'timezone': {'offset': '-11:00', 'description': 'Midway Island, Samoa'}}, 'email': 'elif.dogan@example.com', 'login': {'uuid': '54d0f154-5caa-454c-af62-343924850ffa', 'username': 'blackduck379', 'password': 'getsdown', 'salt': 'XPQtrWO7', 'md5': '895a69d717b178add24da8807acb4647', 'sha1': '8acff602b9985ba6a28e5ce6f112e6cb0ae8efbc', 'sha256': '176ec9d7238e11279e19531f86b66f6d665384bd58b840c977bb46d209f21798'}, 'dob': {'date': '1955-08-19T00:40:55.319Z', 'age': 68}, 'registered': {'date': '2014-02-25T01:12:10.961Z', 'age': 10}, 'phone': '(253)-099-6816', 'cell': '(517)-636-5237', 'id': {'name': '', 'value': None}, 'picture': {'large': 'https://randomuser.me/api/portraits/women/16.jpg', 'medium': 'https://randomuser.me/api/portraits/med/women/16.jpg', 'thumbnail': 'https://randomuser.me/api/portraits/thumb/women/16.jpg'}, 'nat': 'TR'}</msg>
<arg>${json_data['results'][0]}</arg>
<doc>Logs the given message with the given level.</doc>
<status status="PASS" start="2024-06-30T22:13:39.566908" elapsed="0.000411"/>
</kw>
<kw name="Log" owner="BuiltIn">
<msg time="2024-06-30T22:13:39.567735" level="INFO">login</msg>
<arg>${key}</arg>
<doc>Logs the given message with the given level.</doc>
<status status="PASS" start="2024-06-30T22:13:39.567611" elapsed="0.000161"/>
</kw>
<var name="${key}">login</var>
<status status="PASS" start="2024-06-30T22:13:39.566223" elapsed="0.001768"/>
</iter>
<var>${key}</var>
<value>@{expected_keys}</value>
<status status="PASS" start="2024-06-30T22:13:39.558080" elapsed="0.010033"/>
</for>
<kw name="Create List" owner="BuiltIn">
<msg time="2024-06-30T22:13:39.568442" level="INFO">${expected_keysTwo} = ['username', 'password']</msg>
<var>${expected_keysTwo}</var>
<arg>username</arg>
<arg>password</arg>
<doc>Returns a list containing given items.</doc>
<status status="PASS" start="2024-06-30T22:13:39.568310" elapsed="0.000156"/>
</kw>
<for flavor="IN">
<iter>
<kw name="Dictionary Should Contain Key" owner="Collections">
<arg>${json_data['results'][0]['login']}</arg>
<arg>${keyTwo}</arg>
<doc>Fails if ``key`` is not found from ``dictionary``.</doc>
<status status="PASS" start="2024-06-30T22:13:39.569001" elapsed="0.000383"/>
</kw>
<kw name="Dictionary Should Contain Key" owner="Collections">
<arg>${json_data['results'][0]['login']}</arg>
<arg>${keyTwo}</arg>
<doc>Fails if ``key`` is not found from ``dictionary``.</doc>
<status status="PASS" start="2024-06-30T22:13:39.569562" elapsed="0.000421"/>
</kw>
<kw name="Log" owner="BuiltIn">
<msg time="2024-06-30T22:13:39.570313" level="INFO">username</msg>
<arg>${keyTwo}</arg>
<doc>Logs the given message with the given level.</doc>
<status status="PASS" start="2024-06-30T22:13:39.570175" elapsed="0.000177"/>
</kw>
<var name="${keyTwo}">username</var>
<status status="PASS" start="2024-06-30T22:13:39.568892" elapsed="0.001689"/>
</iter>
<iter>
<kw name="Dictionary Should Contain Key" owner="Collections">
<arg>${json_data['results'][0]['login']}</arg>
<arg>${keyTwo}</arg>
<doc>Fails if ``key`` is not found from ``dictionary``.</doc>
<status status="PASS" start="2024-06-30T22:13:39.570860" elapsed="0.000382"/>
</kw>
<kw name="Dictionary Should Contain Key" owner="Collections">
<arg>${json_data['results'][0]['login']}</arg>
<arg>${keyTwo}</arg>
<doc>Fails if ``key`` is not found from ``dictionary``.</doc>
<status status="PASS" start="2024-06-30T22:13:39.571419" elapsed="0.000382"/>
</kw>
<kw name="Log" owner="BuiltIn">
<msg time="2024-06-30T22:13:39.572099" level="INFO">password</msg>
<arg>${keyTwo}</arg>
<doc>Logs the given message with the given level.</doc>
<status status="PASS" start="2024-06-30T22:13:39.571979" elapsed="0.000162"/>
</kw>
<var name="${keyTwo}">password</var>
<status status="PASS" start="2024-06-30T22:13:39.570753" elapsed="0.001608"/>
</iter>
<var>${keyTwo}</var>
<value>@{expected_keysTwo}</value>
<status status="PASS" start="2024-06-30T22:13:39.568729" elapsed="0.003751"/>
</for>
<status status="PASS" start="2024-06-30T22:13:39.462016" elapsed="0.110603"/>
</kw>
<doc>Testa a estrutura da resposta da API.</doc>
<tag>testeEstruturaResposta</tag>
<status status="PASS" start="2024-06-30T22:13:39.461475" elapsed="0.111290"/>
</test>
<test id="s1-s1-t4" name="Validar tipos de dados" line="28">
<kw name="Teste de Tipos de Dados" owner="random-user-service">
<kw name="GET On Session" owner="RequestsLibrary">
<msg time="2024-06-30T22:13:39.654002" level="INFO">GET Request : url=https://randomuser.me/api 
 path_url=/api 
 headers={'User-Agent': 'python-requests/2.32.3', 'Accept-Encoding': 'gzip, deflate', 'Accept': '*/*', 'Connection': 'keep-alive'} 
 body=None 
 </msg>
<msg time="2024-06-30T22:13:39.654082" level="INFO">GET Response : url=https://randomuser.me/api 
 status=200, reason=OK 
 headers={'Date': 'Sun, 30 Jun 2024 22:13:39 GMT', 'Content-Type': 'application/json; charset=utf-8', 'Transfer-Encoding': 'chunked', 'Connection': 'keep-alive', 'X-Powered-By': 'Express', 'Access-Control-Allow-Origin': '*', 'Cache-Control': 'no-cache', 'ETag': 'W/"485-rJXQm61D6xMjvEO54YCUwT0nKTo"', 'Vary': 'Accept-Encoding', 'Content-Encoding': 'gzip', 'CF-Cache-Status': 'DYNAMIC', 'Report-To': '{"endpoints":[{"url":"https:\\/\\/a.nel.cloudflare.com\\/report\\/v4?s=ly36pizHlZC0Y42vwiKQDkmyS9TvZNrt1CvcjGM7sQM7Xa6wSU0wNoDOVuNRHFrzNp3MDXT5rReasdCcenGbJbk8RQCUNGfK1YLxMetIfjEufHOkbSgM%2Fj%2Bnnj7%2B8R2H"}],"group":"cf-nel","max_age":604800}', 'NEL': '{"success_fraction":0,"report_to":"cf-nel","max_age":604800}', 'Server': 'cloudflare', 'CF-RAY': '89c1813a69ae1fd3-IAD', 'alt-svc': 'h3=":443"; ma=86400'} 
 body={"results":[{"gender":"male","name":{"title":"Mr","first":"Stanimir","last":"Dikiy"},"location":{"street":{"number":8732,"name":"Mehanichna"},"city":"Novomoskovsk","state":"Odeska","country":"Ukraine","postcode":34504,"coordinates":{"latitude":"78.0474","longitude":"-6.2837"},"timezone":{"offset":"-4:00","description":"Atlantic Time (Canada), Caracas, La Paz"}},"email":"stanimir.dikiy@example.com","login":{"uuid":"d44d9994-1513-46cd-a7b2-af95744a5ea0","username":"saddog701","password":"hoosier","salt":"hwgmAXZy","md5":"c07fd9ef11223dddbc23ebefcfa3bbda","sha1":"952968e1918586acd17d1a08d64ab0e2a087fe0c","sha256":"4037efb51e16dae07b8cc48255b365f96f75bbaba87dea0d4e92d11580571e34"},"dob":{"date":"1999-03-05T09:09:07.435Z","age":25},"registered":{"date":"2013-08-29T08:29:24.141Z","age":10},"phone":"(096) H26-3960","cell":"(067) W94-8195","id":{"name":"","value":null},"picture":{"large":"https://randomuser.me/api/portraits/men/37.jpg","medium":"https://randomuser.me/api/portraits/med/men/37.jpg","thumbnail":"https://randomuser.me/api/portraits/thumb/men/37.jpg"},"nat":"UA"}],"info":{"seed":"18066912119597f3","results":1,"page":1,"version":"1.4"}} 
 </msg>
<msg time="2024-06-30T22:13:39.654155" level="INFO">/opt/hostedtoolcache/Python/3.12.4/x64/lib/python3.12/site-packages/urllib3/connectionpool.py:1099: InsecureRequestWarning: Unverified HTTPS request is being made to host 'randomuser.me'. Adding certificate verification is strongly advised. See: https://urllib3.readthedocs.io/en/latest/advanced-usage.html#tls-warnings
  warnings.warn(</msg>
<msg time="2024-06-30T22:13:39.654261" level="INFO">${response} = &lt;Response [200]&gt;</msg>
<var>${response}</var>
<arg>consultarAPI</arg>
<arg>/api</arg>
<doc>Sends a GET request on a previously created HTTP Session.</doc>
<status status="PASS" start="2024-06-30T22:13:39.575306" elapsed="0.078996"/>
</kw>
<kw name="Set Variable" owner="BuiltIn">
<msg time="2024-06-30T22:13:39.655163" level="INFO">${json_data} = {'results': [{'gender': 'male', 'name': {'title': 'Mr', 'first': 'Stanimir', 'last': 'Dikiy'}, 'location': {'street': {'number': 8732, 'name': 'Mehanichna'}, 'city': 'Novomoskovsk', 'state': 'Odeska',...</msg>
<var>${json_data}</var>
<arg>${response.json()}</arg>
<doc>Returns the given values which can then be assigned to a variables.</doc>
<status status="PASS" start="2024-06-30T22:13:39.654718" elapsed="0.000472"/>
</kw>
<kw name="Log" owner="BuiltIn">
<msg time="2024-06-30T22:13:39.655678" level="INFO">{'results': [{'gender': 'male', 'name': {'title': 'Mr', 'first': 'Stanimir', 'last': 'Dikiy'}, 'location': {'street': {'number': 8732, 'name': 'Mehanichna'}, 'city': 'Novomoskovsk', 'state': 'Odeska', 'country': 'Ukraine', 'postcode': 34504, 'coordinates': {'latitude': '78.0474', 'longitude': '-6.2837'}, 'timezone': {'offset': '-4:00', 'description': 'Atlantic Time (Canada), Caracas, La Paz'}}, 'email': 'stanimir.dikiy@example.com', 'login': {'uuid': 'd44d9994-1513-46cd-a7b2-af95744a5ea0', 'username': 'saddog701', 'password': 'hoosier', 'salt': 'hwgmAXZy', 'md5': 'c07fd9ef11223dddbc23ebefcfa3bbda', 'sha1': '952968e1918586acd17d1a08d64ab0e2a087fe0c', 'sha256': '4037efb51e16dae07b8cc48255b365f96f75bbaba87dea0d4e92d11580571e34'}, 'dob': {'date': '1999-03-05T09:09:07.435Z', 'age': 25}, 'registered': {'date': '2013-08-29T08:29:24.141Z', 'age': 10}, 'phone': '(096) H26-3960', 'cell': '(067) W94-8195', 'id': {'name': '', 'value': None}, 'picture': {'large': 'https://randomuser.me/api/portraits/men/37.jpg', 'medium': 'https://randomuser.me/api/portraits/med/men/37.jpg', 'thumbnail': 'https://randomuser.me/api/portraits/thumb/men/37.jpg'}, 'nat': 'UA'}], 'info': {'seed': '18066912119597f3', 'results': 1, 'page': 1, 'version': '1.4'}}</msg>
<arg>${json_data}</arg>
<doc>Logs the given message with the given level.</doc>
<status status="PASS" start="2024-06-30T22:13:39.655527" elapsed="0.000198"/>
</kw>
<kw name="Should Be String" owner="String">
<arg>${json_data['results'][0]['gender']}</arg>
<doc>Fails if the given ``item`` is not a string.</doc>
<status status="PASS" start="2024-06-30T22:13:39.656014" elapsed="0.000357"/>
</kw>
<kw name="Should Match Regexp" owner="BuiltIn">
<arg>${json_data['results'][0]['email']}</arg>
<arg>^[a-zA-Z0-9._%+-]+@[a-zA-Z0-9.-]+\.[a-zA-Z]{2,}$</arg>
<doc>Fails if ``string`` does not match ``pattern`` as a regular expression.</doc>
<status status="PASS" start="2024-06-30T22:13:39.656557" elapsed="0.000517"/>
</kw>
<kw name="Should Match Regexp" owner="BuiltIn">
<arg>${json_data['results'][0]['dob']['date']}</arg>
<arg>\\d{4}-\\d{2}-\\d{2}T\\d{2}:\\d{2}:\\d{2}\\.\\d{3}Z</arg>
<doc>Fails if ``string`` does not match ``pattern`` as a regular expression.</doc>
<status status="PASS" start="2024-06-30T22:13:39.657296" elapsed="0.000485"/>
</kw>
<kw name="Should Match Regexp" owner="BuiltIn">
<arg>${json_data['results'][0]['registered']['date']}</arg>
<arg>\\d{4}-\\d{2}-\\d{2}T\\d{2}:\\d{2}:\\d{2}\\.\\d{3}Z</arg>
<doc>Fails if ``string`` does not match ``pattern`` as a regular expression.</doc>
<status status="PASS" start="2024-06-30T22:13:39.658008" elapsed="0.000366"/>
</kw>
<kw name="Should Match Regexp" owner="BuiltIn">
<arg>${json_data['results'][0]['picture']['large']}</arg>
<arg>^https?://.*\.(?:png|jpe?g|gif|bmp)$</arg>
<doc>Fails if ``string`` does not match ``pattern`` as a regular expression.</doc>
<status status="PASS" start="2024-06-30T22:13:39.658559" elapsed="0.000454"/>
</kw>
<kw name="Should Match Regexp" owner="BuiltIn">
<arg>${json_data['results'][0]['picture']['medium']}</arg>
<arg>^https?://.*\.(?:png|jpe?g|gif|bmp)$</arg>
<doc>Fails if ``string`` does not match ``pattern`` as a regular expression.</doc>
<status status="PASS" start="2024-06-30T22:13:39.659199" elapsed="0.000406"/>
</kw>
<kw name="Should Match Regexp" owner="BuiltIn">
<arg>${json_data['results'][0]['picture']['thumbnail']}</arg>
<arg>^https?://.*\.(?:png|jpe?g|gif|bmp)$</arg>
<doc>Fails if ``string`` does not match ``pattern`` as a regular expression.</doc>
<status status="PASS" start="2024-06-30T22:13:39.659800" elapsed="0.000356"/>
</kw>
<kw name="Log" owner="BuiltIn">
<msg time="2024-06-30T22:13:39.660670" level="INFO">{'large': 'https://randomuser.me/api/portraits/men/37.jpg', 'medium': 'https://randomuser.me/api/portraits/med/men/37.jpg', 'thumbnail': 'https://randomuser.me/api/portraits/thumb/men/37.jpg'}</msg>
<arg>${json_data['results'][0]['picture']}</arg>
<doc>Logs the given message with the given level.</doc>
<status status="PASS" start="2024-06-30T22:13:39.660340" elapsed="0.000371"/>
</kw>
<status status="PASS" start="2024-06-30T22:13:39.575084" elapsed="0.085880"/>
</kw>
<kw name="Teste de Tipos de Dados - Postcode" owner="random-user-service">
<kw name="GET On Session" owner="RequestsLibrary">
<msg time="2024-06-30T22:13:39.766313" level="INFO">GET Request : url=https://randomuser.me/api 
 path_url=/api 
 headers={'User-Agent': 'python-requests/2.32.3', 'Accept-Encoding': 'gzip, deflate', 'Accept': '*/*', 'Connection': 'keep-alive'} 
 body=None 
 </msg>
<msg time="2024-06-30T22:13:39.766395" level="INFO">GET Response : url=https://randomuser.me/api 
 status=200, reason=OK 
 headers={'Date': 'Sun, 30 Jun 2024 22:13:39 GMT', 'Content-Type': 'application/json; charset=utf-8', 'Transfer-Encoding': 'chunked', 'Connection': 'keep-alive', 'X-Powered-By': 'Express', 'Access-Control-Allow-Origin': '*', 'Cache-Control': 'no-cache', 'ETag': 'W/"4b8-b6YgWGJ6e859Mf8MW/TsroA07EE"', 'Vary': 'Accept-Encoding', 'Content-Encoding': 'gzip', 'CF-Cache-Status': 'DYNAMIC', 'Report-To': '{"endpoints":[{"url":"https:\\/\\/a.nel.cloudflare.com\\/report\\/v4?s=74xpIAGx3wDDRLdJxV42RHTMfNzguf1fBI2marF61%2BczuuctuNdU1jRkZN1yW%2BGKrp6MsjeJ7HiA4VmyG2x%2FD9dv8%2B%2FZoI47K2p3NJ5DmWVEWyfc%2BMG1GDCSsDXjRrgr"}],"group":"cf-nel","max_age":604800}', 'NEL': '{"success_fraction":0,"report_to":"cf-nel","max_age":604800}', 'Server': 'cloudflare', 'CF-RAY': '89c1813afa651fd3-IAD', 'alt-svc': 'h3=":443"; ma=86400'} 
 body={"results":[{"gender":"female","name":{"title":"Mademoiselle","first":"Liselotte","last":"Lopez"},"location":{"street":{"number":5750,"name":"Rue D'Abbeville"},"city":"Épalinges","state":"Neuchâtel","country":"Switzerland","postcode":1012,"coordinates":{"latitude":"-58.4722","longitude":"107.2994"},"timezone":{"offset":"-4:00","description":"Atlantic Time (Canada), Caracas, La Paz"}},"email":"liselotte.lopez@example.com","login":{"uuid":"99e49747-7e9c-4a29-93a5-a16fd60529d5","username":"greenmouse180","password":"pathfind","salt":"6JWPlJho","md5":"1575be1244866a4f489c12f37c9bd342","sha1":"1557c9ae44b2ffc0a9e69498e2de9819daa95181","sha256":"3755fa8645769e8ad61f4ae329e7c4b68ceada513588be0de10a89dc199f8673"},"dob":{"date":"1967-09-04T18:11:48.033Z","age":56},"registered":{"date":"2022-05-08T10:05:48.900Z","age":2},"phone":"076 158 34 37","cell":"076 752 47 21","id":{"name":"AVS","value":"756.4429.9698.65"},"picture":{"large":"https://randomuser.me/api/portraits/women/81.jpg","medium":"https://randomuser.me/api/portraits/med/women/81.jpg","thumbnail":"https://randomuser.me/api/portraits/thumb/women/81.jpg"},"nat":"CH"}],"info":{"seed":"195c4c0a47772277","results":1,"page":1,"version":"1.4"}} 
 </msg>
<msg time="2024-06-30T22:13:39.766479" level="INFO">/opt/hostedtoolcache/Python/3.12.4/x64/lib/python3.12/site-packages/urllib3/connectionpool.py:1099: InsecureRequestWarning: Unverified HTTPS request is being made to host 'randomuser.me'. Adding certificate verification is strongly advised. See: https://urllib3.readthedocs.io/en/latest/advanced-usage.html#tls-warnings
  warnings.warn(</msg>
<msg time="2024-06-30T22:13:39.766589" level="INFO">${response} = &lt;Response [200]&gt;</msg>
<var>${response}</var>
<arg>consultarAPI</arg>
<arg>/api</arg>
<doc>Sends a GET request on a previously created HTTP Session.</doc>
<status status="PASS" start="2024-06-30T22:13:39.661401" elapsed="0.105237"/>
</kw>
<kw name="Set Variable" owner="BuiltIn">
<msg time="2024-06-30T22:13:39.767698" level="INFO">${json_data} = {'results': [{'gender': 'female', 'name': {'title': 'Mademoiselle', 'first': 'Liselotte', 'last': 'Lopez'}, 'location': {'street': {'number': 5750, 'name': "Rue D'Abbeville"}, 'city': 'Épalinges', 'st...</msg>
<var>${json_data}</var>
<arg>${response.json()}</arg>
<doc>Returns the given values which can then be assigned to a variables.</doc>
<status status="PASS" start="2024-06-30T22:13:39.767103" elapsed="0.000623"/>
</kw>
<kw name="Log" owner="BuiltIn">
<msg time="2024-06-30T22:13:39.768192" level="INFO">{'results': [{'gender': 'female', 'name': {'title': 'Mademoiselle', 'first': 'Liselotte', 'last': 'Lopez'}, 'location': {'street': {'number': 5750, 'name': "Rue D'Abbeville"}, 'city': 'Épalinges', 'state': 'Neuchâtel', 'country': 'Switzerland', 'postcode': 1012, 'coordinates': {'latitude': '-58.4722', 'longitude': '107.2994'}, 'timezone': {'offset': '-4:00', 'description': 'Atlantic Time (Canada), Caracas, La Paz'}}, 'email': 'liselotte.lopez@example.com', 'login': {'uuid': '99e49747-7e9c-4a29-93a5-a16fd60529d5', 'username': 'greenmouse180', 'password': 'pathfind', 'salt': '6JWPlJho', 'md5': '1575be1244866a4f489c12f37c9bd342', 'sha1': '1557c9ae44b2ffc0a9e69498e2de9819daa95181', 'sha256': '3755fa8645769e8ad61f4ae329e7c4b68ceada513588be0de10a89dc199f8673'}, 'dob': {'date': '1967-09-04T18:11:48.033Z', 'age': 56}, 'registered': {'date': '2022-05-08T10:05:48.900Z', 'age': 2}, 'phone': '076 158 34 37', 'cell': '076 752 47 21', 'id': {'name': 'AVS', 'value': '756.4429.9698.65'}, 'picture': {'large': 'https://randomuser.me/api/portraits/women/81.jpg', 'medium': 'https://randomuser.me/api/portraits/med/women/81.jpg', 'thumbnail': 'https://randomuser.me/api/portraits/thumb/women/81.jpg'}, 'nat': 'CH'}], 'info': {'seed': '195c4c0a47772277', 'results': 1, 'page': 1, 'version': '1.4'}}</msg>
<arg>${json_data}</arg>
<doc>Logs the given message with the given level.</doc>
<status status="PASS" start="2024-06-30T22:13:39.768036" elapsed="0.000204"/>
</kw>
<kw name="Should Be Equal As Numbers" owner="BuiltIn">
<arg>${json_data['results'][0]['location']['postcode']}</arg>
<arg>${json_data['results'][0]['location']['postcode']}</arg>
<doc>Fails if objects are unequal after converting them to real numbers.</doc>
<status status="PASS" start="2024-06-30T22:13:39.768530" elapsed="0.000625"/>
</kw>
<kw name="Log" owner="BuiltIn">
<msg time="2024-06-30T22:13:39.769667" level="INFO">1012</msg>
<arg>${json_data['results'][0]['location']['postcode']}</arg>
<doc>Logs the given message with the given level.</doc>
<status status="PASS" start="2024-06-30T22:13:39.769338" elapsed="0.000369"/>
</kw>
<status status="PASS" start="2024-06-30T22:13:39.661180" elapsed="0.108840"/>
</kw>
<doc>Testa se os tipos de dados na resposta da API estão corretos.</doc>
<tag>testeTiposDados</tag>
<status status="PASS" start="2024-06-30T22:13:39.574557" elapsed="0.195626"/>
</test>
<test id="s1-s1-t5" name="Validar conteudo" line="35">
<kw name="Teste de Tipos de Conteudo" owner="random-user-service">
<kw name="GET On Session" owner="RequestsLibrary">
<msg time="2024-06-30T22:13:39.861911" level="INFO">GET Request : url=https://randomuser.me/api 
 path_url=/api 
 headers={'User-Agent': 'python-requests/2.32.3', 'Accept-Encoding': 'gzip, deflate', 'Accept': '*/*', 'Connection': 'keep-alive'} 
 body=None 
 </msg>
<msg time="2024-06-30T22:13:39.861993" level="INFO">GET Response : url=https://randomuser.me/api 
 status=200, reason=OK 
 headers={'Date': 'Sun, 30 Jun 2024 22:13:39 GMT', 'Content-Type': 'application/json; charset=utf-8', 'Transfer-Encoding': 'chunked', 'Connection': 'keep-alive', 'X-Powered-By': 'Express', 'Access-Control-Allow-Origin': '*', 'Cache-Control': 'no-cache', 'ETag': 'W/"4aa-vdLwJtZx+YrRfhaCngqFMly7Ep0"', 'Vary': 'Accept-Encoding', 'Content-Encoding': 'gzip', 'CF-Cache-Status': 'DYNAMIC', 'Report-To': '{"endpoints":[{"url":"https:\\/\\/a.nel.cloudflare.com\\/report\\/v4?s=zh%2FjAhILhLVXdHfov%2FcB45Mvt13DpgrfjBHkAhXGnSUlJc3MYgMtqoegrUi5i3vJKsex3Hm7JvEusoiz9pCexu80MJuybBcrZD7nE7%2BgE5IcPN9A04C0JTzL671pQO4%2F"}],"group":"cf-nel","max_age":604800}', 'NEL': '{"success_fraction":0,"report_to":"cf-nel","max_age":604800}', 'Server': 'cloudflare', 'CF-RAY': '89c1813bab4b1fd3-IAD', 'alt-svc': 'h3=":443"; ma=86400'} 
 body={"results":[{"gender":"female","name":{"title":"Ms","first":"Eevi","last":"Salminen"},"location":{"street":{"number":5896,"name":"Hermiankatu"},"city":"Suomenniemi","state":"Northern Savonia","country":"Finland","postcode":57339,"coordinates":{"latitude":"-25.4078","longitude":"127.0619"},"timezone":{"offset":"+5:00","description":"Ekaterinburg, Islamabad, Karachi, Tashkent"}},"email":"eevi.salminen@example.com","login":{"uuid":"1dda93d7-82fc-4f6d-b253-af123fd62e21","username":"bluemouse972","password":"frisco","salt":"k8W9yYEi","md5":"362981cefc7e64ce50060072b91770f0","sha1":"4ecdfcdaa8884b759ed0c8d4d84d3afaa46f1b28","sha256":"032547d680e6ebff24f93c24c6fa7886636d3e59a87ca0eba4b2b6e78bacf636"},"dob":{"date":"1950-03-14T17:54:54.455Z","age":74},"registered":{"date":"2005-06-13T20:35:01.069Z","age":19},"phone":"09-831-911","cell":"040-663-47-44","id":{"name":"HETU","value":"NaNNA010undefined"},"picture":{"large":"https://randomuser.me/api/portraits/women/21.jpg","medium":"https://randomuser.me/api/portraits/med/women/21.jpg","thumbnail":"https://randomuser.me/api/portraits/thumb/women/21.jpg"},"nat":"FI"}],"info":{"seed":"b849b26a53b05aaf","results":1,"page":1,"version":"1.4"}} 
 </msg>
<msg time="2024-06-30T22:13:39.862076" level="INFO">/opt/hostedtoolcache/Python/3.12.4/x64/lib/python3.12/site-packages/urllib3/connectionpool.py:1099: InsecureRequestWarning: Unverified HTTPS request is being made to host 'randomuser.me'. Adding certificate verification is strongly advised. See: https://urllib3.readthedocs.io/en/latest/advanced-usage.html#tls-warnings
  warnings.warn(</msg>
<msg time="2024-06-30T22:13:39.862188" level="INFO">${response} = &lt;Response [200]&gt;</msg>
<var>${response}</var>
<arg>consultarAPI</arg>
<arg>/api</arg>
<doc>Sends a GET request on a previously created HTTP Session.</doc>
<status status="PASS" start="2024-06-30T22:13:39.773128" elapsed="0.089101"/>
</kw>
<kw name="Set Variable" owner="BuiltIn">
<msg time="2024-06-30T22:13:39.863344" level="INFO">${json_data} = {'results': [{'gender': 'female', 'name': {'title': 'Ms', 'first': 'Eevi', 'last': 'Salminen'}, 'location': {'street': {'number': 5896, 'name': 'Hermiankatu'}, 'city': 'Suomenniemi', 'state': 'Norther...</msg>
<var>${json_data}</var>
<arg>${response.json()}</arg>
<doc>Returns the given values which can then be assigned to a variables.</doc>
<status status="PASS" start="2024-06-30T22:13:39.862783" elapsed="0.000588"/>
</kw>
<kw name="Set Variable" owner="BuiltIn">
<msg time="2024-06-30T22:13:39.864060" level="INFO">${name_title} = Ms</msg>
<var>${name_title}</var>
<arg>${json_data["results"][0]["name"]["title"]}</arg>
<doc>Returns the given values which can then be assigned to a variables.</doc>
<status status="PASS" start="2024-06-30T22:13:39.863671" elapsed="0.000413"/>
</kw>
<kw name="Create List" owner="BuiltIn">
<msg time="2024-06-30T22:13:39.864538" level="INFO">${allowed_titles} = ['Mr', 'Ms', 'Miss', 'Mrs', 'Madame', 'Monsieur']</msg>
<var>${allowed_titles}</var>
<arg>Mr</arg>
<arg>Ms</arg>
<arg>Miss</arg>
<arg>Mrs</arg>
<arg>Madame</arg>
<arg>Monsieur</arg>
<doc>Returns a list containing given items.</doc>
<status status="PASS" start="2024-06-30T22:13:39.864379" elapsed="0.000183"/>
</kw>
<kw name="List Should Contain Value" owner="Collections">
<arg>${allowed_titles}</arg>
<arg>${name_title}</arg>
<doc>Fails if the ``value`` is not found from ``list``.</doc>
<status status="PASS" start="2024-06-30T22:13:39.864859" elapsed="0.000175"/>
</kw>
<kw name="Set Variable" owner="BuiltIn">
<msg time="2024-06-30T22:13:39.865569" level="INFO">${name_country} = FI</msg>
<var>${name_country}</var>
<arg>${json_data["results"][0]["nat"]}</arg>
<doc>Returns the given values which can then be assigned to a variables.</doc>
<status status="PASS" start="2024-06-30T22:13:39.865211" elapsed="0.000382"/>
</kw>
<kw name="Create List" owner="BuiltIn">
<msg time="2024-06-30T22:13:39.866509" level="INFO">${list_country} = ['AD', 'AE', 'AF', 'AG', 'AI', 'AL', 'AM', 'AO', 'AQ', 'AR', 'AS', 'AT', 'AU', 'AW', 'AX', 'AZ', 'BA', 'BB', 'BD', 'BE', 'BF', 'BG', 'BH', 'BI', 'BJ', 'BL', 'BM', 'BN', 'BO', 'BQ', 'BR', 'BS', 'BT', '...</msg>
<var>${list_country}</var>
<arg>AD</arg>
<arg>AE</arg>
<arg>AF</arg>
<arg>AG</arg>
<arg>AI</arg>
<arg>AL</arg>
<arg>AM</arg>
<arg>AO</arg>
<arg>AQ</arg>
<arg>AR</arg>
<arg>AS</arg>
<arg>AT</arg>
<arg>AU</arg>
<arg>AW</arg>
<arg>AX</arg>
<arg>AZ</arg>
<arg>BA</arg>
<arg>BB</arg>
<arg>BD</arg>
<arg>BE</arg>
<arg>BF</arg>
<arg>BG</arg>
<arg>BH</arg>
<arg>BI</arg>
<arg>BJ</arg>
<arg>BL</arg>
<arg>BM</arg>
<arg>BN</arg>
<arg>BO</arg>
<arg>BQ</arg>
<arg>BR</arg>
<arg>BS</arg>
<arg>BT</arg>
<arg>BV</arg>
<arg>BW</arg>
<arg>BY</arg>
<arg>BZ</arg>
<arg>CA</arg>
<arg>CC</arg>
<arg>CD</arg>
<arg>CF</arg>
<arg>CG</arg>
<arg>CH</arg>
<arg>CI</arg>
<arg>CK</arg>
<arg>CL</arg>
<arg>CM</arg>
<arg>CN</arg>
<arg>CO</arg>
<arg>CR</arg>
<arg>CU</arg>
<arg>CV</arg>
<arg>CW</arg>
<arg>CX</arg>
<arg>CY</arg>
<arg>CZ</arg>
<arg>DE</arg>
<arg>DJ</arg>
<arg>DK</arg>
<arg>DM</arg>
<arg>DO</arg>
<arg>DZ</arg>
<arg>EC</arg>
<arg>EE</arg>
<arg>EG</arg>
<arg>EH</arg>
<arg>ER</arg>
<arg>ES</arg>
<arg>ET</arg>
<arg>FI</arg>
<arg>FJ</arg>
<arg>FK</arg>
<arg>FM</arg>
<arg>FO</arg>
<arg>FR</arg>
<arg>GA</arg>
<arg>GB</arg>
<arg>GD</arg>
<arg>GE</arg>
<arg>GF</arg>
<arg>GG</arg>
<arg>GH</arg>
<arg>GI</arg>
<arg>GL</arg>
<arg>GM</arg>
<arg>GN</arg>
<arg>GP</arg>
<arg>GQ</arg>
<arg>GR</arg>
<arg>GS</arg>
<arg>GT</arg>
<arg>GU</arg>
<arg>GW</arg>
<arg>GY</arg>
<arg>HK</arg>
<arg>HM</arg>
<arg>HN</arg>
<arg>HR</arg>
<arg>HT</arg>
<arg>HU</arg>
<arg>ID</arg>
<arg>IE</arg>
<arg>IL</arg>
<arg>IM</arg>
<arg>IN</arg>
<arg>IO</arg>
<arg>IQ</arg>
<arg>IR</arg>
<arg>IS</arg>
<arg>IT</arg>
<arg>JE</arg>
<arg>JM</arg>
<arg>JO</arg>
<arg>JP</arg>
<arg>KE</arg>
<arg>KG</arg>
<arg>KH</arg>
<arg>KI</arg>
<arg>KM</arg>
<arg>KN</arg>
<arg>KP</arg>
<arg>KR</arg>
<arg>KW</arg>
<arg>KY</arg>
<arg>KZ</arg>
<arg>LA</arg>
<arg>LB</arg>
<arg>LC</arg>
<arg>LI</arg>
<arg>LK</arg>
<arg>LR</arg>
<arg>LS</arg>
<arg>LT</arg>
<arg>LU</arg>
<arg>LV</arg>
<arg>LY</arg>
<arg>MA</arg>
<arg>MC</arg>
<arg>MD</arg>
<arg>ME</arg>
<arg>MF</arg>
<arg>MG</arg>
<arg>MH</arg>
<arg>MK</arg>
<arg>ML</arg>
<arg>MM</arg>
<arg>MN</arg>
<arg>MO</arg>
<arg>MP</arg>
<arg>MQ</arg>
<arg>MR</arg>
<arg>MS</arg>
<arg>MT</arg>
<arg>MU</arg>
<arg>MV</arg>
<arg>MW</arg>
<arg>MX</arg>
<arg>MY</arg>
<arg>MZ</arg>
<arg>NA</arg>
<arg>NC</arg>
<arg>NE</arg>
<arg>NF</arg>
<arg>NG</arg>
<arg>NI</arg>
<arg>NL</arg>
<arg>NO</arg>
<arg>NP</arg>
<arg>NR</arg>
<arg>NU</arg>
<arg>NZ</arg>
<arg>OM</arg>
<arg>PA</arg>
<arg>PE</arg>
<arg>PF</arg>
<arg>PG</arg>
<arg>PH</arg>
<arg>PK</arg>
<arg>PL</arg>
<arg>PM</arg>
<arg>PN</arg>
<arg>PR</arg>
<arg>PS</arg>
<arg>PT</arg>
<arg>PW</arg>
<arg>PY</arg>
<arg>QA</arg>
<arg>RE</arg>
<arg>RO</arg>
<arg>RS</arg>
<arg>RU</arg>
<arg>RW</arg>
<arg>SA</arg>
<arg>SB</arg>
<arg>SC</arg>
<arg>SD</arg>
<arg>SE</arg>
<arg>SG</arg>
<arg>SH</arg>
<arg>SI</arg>
<arg>SJ</arg>
<arg>SK</arg>
<arg>SL</arg>
<arg>SM</arg>
<arg>SN</arg>
<arg>SO</arg>
<arg>SR</arg>
<arg>SS</arg>
<arg>ST</arg>
<arg>SV</arg>
<arg>SX</arg>
<arg>SY</arg>
<arg>SZ</arg>
<arg>TC</arg>
<arg>TD</arg>
<arg>TF</arg>
<arg>TG</arg>
<arg>TH</arg>
<arg>TJ</arg>
<arg>TK</arg>
<arg>TL</arg>
<arg>TM</arg>
<arg>TN</arg>
<arg>TO</arg>
<arg>TR</arg>
<arg>TT</arg>
<arg>TV</arg>
<arg>TW</arg>
<arg>TZ</arg>
<arg>UA</arg>
<arg>UG</arg>
<arg>UM</arg>
<arg>US</arg>
<arg>UY</arg>
<arg>UZ</arg>
<arg>VA</arg>
<arg>VC</arg>
<arg>VE</arg>
<arg>VG</arg>
<arg>VI</arg>
<arg>VN</arg>
<arg>VU</arg>
<arg>WF</arg>
<arg>WS</arg>
<arg>XK</arg>
<arg>YE</arg>
<arg>YT</arg>
<arg>ZA</arg>
<arg>ZM</arg>
<arg>ZW</arg>
<doc>Returns a list containing given items.</doc>
<status status="PASS" start="2024-06-30T22:13:39.865908" elapsed="0.000625"/>
</kw>
<kw name="List Should Contain Value" owner="Collections">
<arg>${list_country}</arg>
<arg>${name_country}</arg>
<doc>Fails if the ``value`` is not found from ``list``.</doc>
<status status="PASS" start="2024-06-30T22:13:39.867350" elapsed="0.000201"/>
</kw>
<kw name="Run Keyword If" owner="BuiltIn">
<kw name="Should Be True" owner="BuiltIn">
<arg>${True}</arg>
<doc>Fails if the given condition is not true.</doc>
<status status="PASS" start="2024-06-30T22:13:39.868485" elapsed="0.000142"/>
</kw>
<arg>${json_data["results"][0]["location"]["coordinates"]["latitude"]} &gt;= -90 and ${json_data["results"][0]["location"]["coordinates"]["latitude"]} &lt;= 90</arg>
<arg>Should Be True</arg>
<arg>${True}</arg>
<doc>Runs the given keyword with the given arguments, if ``condition`` is true.</doc>
<status status="PASS" start="2024-06-30T22:13:39.867745" elapsed="0.001004"/>
</kw>
<kw name="Run Keyword If" owner="BuiltIn">
<kw name="Should Be True" owner="BuiltIn">
<arg>${True}</arg>
<doc>Fails if the given condition is not true.</doc>
<status status="PASS" start="2024-06-30T22:13:39.869615" elapsed="0.000134"/>
</kw>
<arg>${json_data["results"][0]["location"]["coordinates"]["longitude"]} &gt;= -180 and ${json_data["results"][0]["location"]["coordinates"]["longitude"]} &lt;= 180</arg>
<arg>Should Be True</arg>
<arg>${True}</arg>
<doc>Runs the given keyword with the given arguments, if ``condition`` is true.</doc>
<status status="PASS" start="2024-06-30T22:13:39.868926" elapsed="0.000972"/>
</kw>
<status status="PASS" start="2024-06-30T22:13:39.772578" elapsed="0.097459"/>
</kw>
<doc>Testa o conteúdo específico dos campos retornados pela API.</doc>
<tag>testeConteudo</tag>
<status status="PASS" start="2024-06-30T22:13:39.771930" elapsed="0.098253"/>
</test>
<status status="PASS" start="2024-06-30T22:13:38.857948" elapsed="1.014196"/>
</suite>
<status status="PASS" start="2024-06-30T22:13:38.843863" elapsed="1.033425"/>
</suite>
<statistics>
<total>
<stat pass="5" fail="0" skip="0">All Tests</stat>
</total>
<tag>
<stat pass="1" fail="0" skip="0">testeConteudo</stat>
<stat pass="1" fail="0" skip="0">testeEstruturaResposta</stat>
<stat pass="1" fail="0" skip="0">testeRequisicaoBasica</stat>
<stat pass="1" fail="0" skip="0">testeTiposDados</stat>
</tag>
<suite>
<stat pass="5" fail="0" skip="0" id="s1" name="Tests">Tests</stat>
<stat pass="5" fail="0" skip="0" id="s1-s1" name="Random-User-Test">Tests.Random-User-Test</stat>
</suite>
</statistics>
<errors>
</errors>
</robot>
