<?xml version="1.0" encoding="UTF-8"?>
<robot generator="Robot 7.0.1 (Python 3.12.4 on linux)" generated="2024-07-04T14:13:51.669854" rpa="false" schemaversion="5">
<suite id="s1" name="Tests" source="/home/runner/work/ApiRandomUser/ApiRandomUser/RamdonUser/tests">
<suite id="s1-s1" name="Random-User-Test" source="/home/runner/work/ApiRandomUser/ApiRandomUser/RamdonUser/tests/random-user-test.robot">
<test id="s1-s1-t1" name="Conectar" line="13">
<kw name="Conectar API" owner="random-user-service">
<kw name="Create Session" owner="RequestsLibrary">
<msg time="2024-07-04T14:13:52.080516" level="INFO">Creating Session using : alias=consultarAPI, url=https://randomuser.me/, headers={},                     cookies={}, auth=None, timeout=None, proxies=None, verify=False,                     debug=0 </msg>
<arg>consultarAPI</arg>
<arg>${URL}</arg>
<doc>Create Session: create a HTTP session to a server</doc>
<status status="PASS" start="2024-07-04T14:13:52.080309" elapsed="0.000401"/>
</kw>
<status status="PASS" start="2024-07-04T14:13:52.079318" elapsed="0.001768"/>
</kw>
<status status="PASS" start="2024-07-04T14:13:52.078674" elapsed="0.002604"/>
</test>
<test id="s1-s1-t2" name="Validar retorno 200 e JSON Válido" line="16">
<kw name="Teste de Requisicao Basica" owner="random-user-service">
<kw name="GET On Session" owner="RequestsLibrary">
<msg time="2024-07-04T14:13:52.348335" level="INFO">GET Request : url=https://randomuser.me/api 
 path_url=/api 
 headers={'User-Agent': 'python-requests/2.32.3', 'Accept-Encoding': 'gzip, deflate', 'Accept': '*/*', 'Connection': 'keep-alive'} 
 body=None 
 </msg>
<msg time="2024-07-04T14:13:52.348498" level="INFO">GET Response : url=https://randomuser.me/api 
 status=200, reason=OK 
 headers={'Date': 'Thu, 04 Jul 2024 14:13:52 GMT', 'Content-Type': 'application/json; charset=utf-8', 'Transfer-Encoding': 'chunked', 'Connection': 'keep-alive', 'X-Powered-By': 'Express', 'Access-Control-Allow-Origin': '*', 'Cache-Control': 'no-cache', 'ETag': 'W/"478-0Ojiqa9nCGD7CQXfNDPmd8/z7vI"', 'Vary': 'Accept-Encoding', 'Content-Encoding': 'gzip', 'CF-Cache-Status': 'DYNAMIC', 'Report-To': '{"endpoints":[{"url":"https:\\/\\/a.nel.cloudflare.com\\/report\\/v4?s=mDm%2BfgxaYnj7QunBeaymbQsSa9cyEB%2FTuNzXmYUflqj7H8Y031X%2BYJh0zR9vjLl%2BssHughjLZXC6c699IWuazP6z59W0VSIm6ULujnVohnu%2FMSbyHSM1qmu9W8JHcShz"}],"group":"cf-nel","max_age":604800}', 'NEL': '{"success_fraction":0,"report_to":"cf-nel","max_age":604800}', 'Server': 'cloudflare', 'CF-RAY': '89dfb7e9d8df065b-IAD', 'alt-svc': 'h3=":443"; ma=86400'} 
 body={"results":[{"gender":"male","name":{"title":"Mr","first":"Michael","last":"Watkins"},"location":{"street":{"number":7604,"name":"Poplar Dr"},"city":"Perth","state":"South Australia","country":"Australia","postcode":2526,"coordinates":{"latitude":"-86.5758","longitude":"-69.1581"},"timezone":{"offset":"-2:00","description":"Mid-Atlantic"}},"email":"michael.watkins@example.com","login":{"uuid":"bf6caa92-cae5-4831-9122-d80437414566","username":"bluedog884","password":"airborne","salt":"VQ6wHofg","md5":"e39745ec81959dea9095371593bc0925","sha1":"1f034663e9e025d4fa07f241baa8ea76c7f79f1b","sha256":"ffda83e1bfed1d668feac02d7984cf03cef34b9f0dda59779a9118d0551dc855"},"dob":{"date":"1974-05-02T15:39:07.977Z","age":50},"registered":{"date":"2002-05-01T09:12:39.290Z","age":22},"phone":"02-4202-3342","cell":"0418-146-409","id":{"name":"TFN","value":"071308870"},"picture":{"large":"https://randomuser.me/api/portraits/men/27.jpg","medium":"https://randomuser.me/api/portraits/med/men/27.jpg","thumbnail":"https://randomuser.me/api/portraits/thumb/men/27.jpg"},"nat":"AU"}],"info":{"seed":"ac306bb49a467700","results":1,"page":1,"version":"1.4"}} 
 </msg>
<msg time="2024-07-04T14:13:52.348580" level="INFO">/opt/hostedtoolcache/Python/3.12.4/x64/lib/python3.12/site-packages/urllib3/connectionpool.py:1099: InsecureRequestWarning: Unverified HTTPS request is being made to host 'randomuser.me'. Adding certificate verification is strongly advised. See: https://urllib3.readthedocs.io/en/latest/advanced-usage.html#tls-warnings
  warnings.warn(</msg>
<msg time="2024-07-04T14:13:52.348765" level="INFO">${response} = &lt;Response [200]&gt;</msg>
<var>${response}</var>
<arg>consultarAPI</arg>
<arg>/api</arg>
<doc>Sends a GET request on a previously created HTTP Session.</doc>
<status status="PASS" start="2024-07-04T14:13:52.083985" elapsed="0.264828"/>
</kw>
<kw name="Should Be Equal As Numbers" owner="BuiltIn">
<msg time="2024-07-04T14:13:52.349830" level="INFO">Argument types are:
&lt;class 'int'&gt;
&lt;class 'str'&gt;</msg>
<arg>${response.status_code}</arg>
<arg>200</arg>
<doc>Fails if objects are unequal after converting them to real numbers.</doc>
<status status="PASS" start="2024-07-04T14:13:52.349330" elapsed="0.000568"/>
</kw>
<kw name="Log" owner="BuiltIn">
<msg time="2024-07-04T14:13:52.350580" level="INFO">200</msg>
<arg>${response.status_code}</arg>
<doc>Logs the given message with the given level.</doc>
<status status="PASS" start="2024-07-04T14:13:52.350219" elapsed="0.000404"/>
</kw>
<kw name="Set Variable" owner="BuiltIn">
<msg time="2024-07-04T14:13:52.351356" level="INFO">${json_data} = {'results': [{'gender': 'male', 'name': {'title': 'Mr', 'first': 'Michael', 'last': 'Watkins'}, 'location': {'street': {'number': 7604, 'name': 'Poplar Dr'}, 'city': 'Perth', 'state': 'South Australia...</msg>
<var>${json_data}</var>
<arg>${response.json()}</arg>
<doc>Returns the given values which can then be assigned to a variables.</doc>
<status status="PASS" start="2024-07-04T14:13:52.350925" elapsed="0.000459"/>
</kw>
<kw name="Dictionary Should Contain Key" owner="Collections">
<arg>${json_data}</arg>
<arg>results</arg>
<doc>Fails if ``key`` is not found from ``dictionary``.</doc>
<status status="PASS" start="2024-07-04T14:13:52.351678" elapsed="0.000165"/>
</kw>
<status status="PASS" start="2024-07-04T14:13:52.083733" elapsed="0.268260"/>
</kw>
<doc>Testa se a API responde corretamente e retorna um objeto JSON válido.</doc>
<tag>testeRequisicaoBasica</tag>
<status status="PASS" start="2024-07-04T14:13:52.083211" elapsed="0.268961"/>
</test>
<test id="s1-s1-t3" name="Validar estrutura de resposta" line="22">
<kw name="Teste de Estrutura de Resposta" owner="random-user-service">
<kw name="GET On Session" owner="RequestsLibrary">
<msg time="2024-07-04T14:13:52.439668" level="INFO">GET Request : url=https://randomuser.me/api 
 path_url=/api 
 headers={'User-Agent': 'python-requests/2.32.3', 'Accept-Encoding': 'gzip, deflate', 'Accept': '*/*', 'Connection': 'keep-alive'} 
 body=None 
 </msg>
<msg time="2024-07-04T14:13:52.439751" level="INFO">GET Response : url=https://randomuser.me/api 
 status=200, reason=OK 
 headers={'Date': 'Thu, 04 Jul 2024 14:13:52 GMT', 'Content-Type': 'application/json; charset=utf-8', 'Transfer-Encoding': 'chunked', 'Connection': 'keep-alive', 'X-Powered-By': 'Express', 'Access-Control-Allow-Origin': '*', 'Cache-Control': 'no-cache', 'ETag': 'W/"48e-afu4j9GGLxaYtsZaaZbecZfxU1o"', 'Vary': 'Accept-Encoding', 'Content-Encoding': 'gzip', 'CF-Cache-Status': 'DYNAMIC', 'Report-To': '{"endpoints":[{"url":"https:\\/\\/a.nel.cloudflare.com\\/report\\/v4?s=dE8BarHoNFZt8UHNMqp5rreb2Su8EWcfjO3dtKWqa27ZgaiU57CFwyLCTDskSZZdH4YXrNtnNwHdz1QW9vG9IcWGu%2FiFtwzuc6jSnXBg1%2FHlnwmZlZ03hdE1F2TglrQt"}],"group":"cf-nel","max_age":604800}', 'NEL': '{"success_fraction":0,"report_to":"cf-nel","max_age":604800}', 'Server': 'cloudflare', 'CF-RAY': '89dfb7ea3959065b-IAD', 'alt-svc': 'h3=":443"; ma=86400'} 
 body={"results":[{"gender":"female","name":{"title":"Ms","first":"Caroline","last":"Christensen"},"location":{"street":{"number":5702,"name":"Markedsgade"},"city":"Viby Sj.","state":"Danmark","country":"Denmark","postcode":83258,"coordinates":{"latitude":"-40.8950","longitude":"155.6048"},"timezone":{"offset":"+7:00","description":"Bangkok, Hanoi, Jakarta"}},"email":"caroline.christensen@example.com","login":{"uuid":"21fd98f1-d62d-4bc7-a56f-786d7e832c1b","username":"yellowladybug585","password":"hilton","salt":"AlZRYDMw","md5":"e6b491d48634ed13e94e860a130d571a","sha1":"ab1d47341295662e675cfb576e44a6f537e8723c","sha256":"784bd2d164e96b6a0b2034ace963425d9250bc1a6139bd38b37463913850c3ed"},"dob":{"date":"1968-11-11T03:24:17.472Z","age":55},"registered":{"date":"2018-11-24T21:11:11.865Z","age":5},"phone":"85217167","cell":"70043804","id":{"name":"CPR","value":"101168-7588"},"picture":{"large":"https://randomuser.me/api/portraits/women/43.jpg","medium":"https://randomuser.me/api/portraits/med/women/43.jpg","thumbnail":"https://randomuser.me/api/portraits/thumb/women/43.jpg"},"nat":"DK"}],"info":{"seed":"1fcd1cf58d40e3ca","results":1,"page":1,"version":"1.4"}} 
 </msg>
<msg time="2024-07-04T14:13:52.439866" level="INFO">/opt/hostedtoolcache/Python/3.12.4/x64/lib/python3.12/site-packages/urllib3/connectionpool.py:1099: InsecureRequestWarning: Unverified HTTPS request is being made to host 'randomuser.me'. Adding certificate verification is strongly advised. See: https://urllib3.readthedocs.io/en/latest/advanced-usage.html#tls-warnings
  warnings.warn(</msg>
<msg time="2024-07-04T14:13:52.439993" level="INFO">${response} = &lt;Response [200]&gt;</msg>
<var>${response}</var>
<arg>consultarAPI</arg>
<arg>/api</arg>
<doc>Sends a GET request on a previously created HTTP Session.</doc>
<status status="PASS" start="2024-07-04T14:13:52.355278" elapsed="0.084761"/>
</kw>
<kw name="Set Variable" owner="BuiltIn">
<msg time="2024-07-04T14:13:52.440933" level="INFO">${json_data} = {'results': [{'gender': 'female', 'name': {'title': 'Ms', 'first': 'Caroline', 'last': 'Christensen'}, 'location': {'street': {'number': 5702, 'name': 'Markedsgade'}, 'city': 'Viby Sj.', 'state': 'Dan...</msg>
<var>${json_data}</var>
<arg>${response.json()}</arg>
<doc>Returns the given values which can then be assigned to a variables.</doc>
<status status="PASS" start="2024-07-04T14:13:52.440454" elapsed="0.000508"/>
</kw>
<kw name="Log" owner="BuiltIn">
<msg time="2024-07-04T14:13:52.441421" level="INFO">{'results': [{'gender': 'female', 'name': {'title': 'Ms', 'first': 'Caroline', 'last': 'Christensen'}, 'location': {'street': {'number': 5702, 'name': 'Markedsgade'}, 'city': 'Viby Sj.', 'state': 'Danmark', 'country': 'Denmark', 'postcode': 83258, 'coordinates': {'latitude': '-40.8950', 'longitude': '155.6048'}, 'timezone': {'offset': '+7:00', 'description': 'Bangkok, Hanoi, Jakarta'}}, 'email': 'caroline.christensen@example.com', 'login': {'uuid': '21fd98f1-d62d-4bc7-a56f-786d7e832c1b', 'username': 'yellowladybug585', 'password': 'hilton', 'salt': 'AlZRYDMw', 'md5': 'e6b491d48634ed13e94e860a130d571a', 'sha1': 'ab1d47341295662e675cfb576e44a6f537e8723c', 'sha256': '784bd2d164e96b6a0b2034ace963425d9250bc1a6139bd38b37463913850c3ed'}, 'dob': {'date': '1968-11-11T03:24:17.472Z', 'age': 55}, 'registered': {'date': '2018-11-24T21:11:11.865Z', 'age': 5}, 'phone': '85217167', 'cell': '70043804', 'id': {'name': 'CPR', 'value': '101168-7588'}, 'picture': {'large': 'https://randomuser.me/api/portraits/women/43.jpg', 'medium': 'https://randomuser.me/api/portraits/med/women/43.jpg', 'thumbnail': 'https://randomuser.me/api/portraits/thumb/women/43.jpg'}, 'nat': 'DK'}], 'info': {'seed': '1fcd1cf58d40e3ca', 'results': 1, 'page': 1, 'version': '1.4'}}</msg>
<arg>${json_data}</arg>
<doc>Logs the given message with the given level.</doc>
<status status="PASS" start="2024-07-04T14:13:52.441265" elapsed="0.000207"/>
</kw>
<kw name="Dictionary Should Contain Key" owner="Collections">
<arg>${json_data}</arg>
<arg>results</arg>
<doc>Fails if ``key`` is not found from ``dictionary``.</doc>
<status status="PASS" start="2024-07-04T14:13:52.441807" elapsed="0.000178"/>
</kw>
<kw name="Should Not Be Empty" owner="BuiltIn">
<msg time="2024-07-04T14:13:52.442305" level="INFO">Length is 2.</msg>
<arg>${json_data}</arg>
<doc>Verifies that the given item is not empty.</doc>
<status status="PASS" start="2024-07-04T14:13:52.442174" elapsed="0.000175"/>
</kw>
<kw name="Create List" owner="BuiltIn">
<msg time="2024-07-04T14:13:52.442796" level="INFO">${expected_keys} = ['gender', 'name', 'location', 'email', 'login']</msg>
<var>${expected_keys}</var>
<arg>gender</arg>
<arg>name</arg>
<arg>location</arg>
<arg>email</arg>
<arg>login</arg>
<doc>Returns a list containing given items.</doc>
<status status="PASS" start="2024-07-04T14:13:52.442650" elapsed="0.000171"/>
</kw>
<for flavor="IN">
<iter>
<kw name="Dictionary Should Contain Key" owner="Collections">
<arg>${json_data['results'][0]}</arg>
<arg>${key}</arg>
<doc>Fails if ``key`` is not found from ``dictionary``.</doc>
<status status="PASS" start="2024-07-04T14:13:52.443569" elapsed="0.000409"/>
</kw>
<kw name="Log" owner="BuiltIn">
<msg time="2024-07-04T14:13:52.444552" level="INFO">{'gender': 'female', 'name': {'title': 'Ms', 'first': 'Caroline', 'last': 'Christensen'}, 'location': {'street': {'number': 5702, 'name': 'Markedsgade'}, 'city': 'Viby Sj.', 'state': 'Danmark', 'country': 'Denmark', 'postcode': 83258, 'coordinates': {'latitude': '-40.8950', 'longitude': '155.6048'}, 'timezone': {'offset': '+7:00', 'description': 'Bangkok, Hanoi, Jakarta'}}, 'email': 'caroline.christensen@example.com', 'login': {'uuid': '21fd98f1-d62d-4bc7-a56f-786d7e832c1b', 'username': 'yellowladybug585', 'password': 'hilton', 'salt': 'AlZRYDMw', 'md5': 'e6b491d48634ed13e94e860a130d571a', 'sha1': 'ab1d47341295662e675cfb576e44a6f537e8723c', 'sha256': '784bd2d164e96b6a0b2034ace963425d9250bc1a6139bd38b37463913850c3ed'}, 'dob': {'date': '1968-11-11T03:24:17.472Z', 'age': 55}, 'registered': {'date': '2018-11-24T21:11:11.865Z', 'age': 5}, 'phone': '85217167', 'cell': '70043804', 'id': {'name': 'CPR', 'value': '101168-7588'}, 'picture': {'large': 'https://randomuser.me/api/portraits/women/43.jpg', 'medium': 'https://randomuser.me/api/portraits/med/women/43.jpg', 'thumbnail': 'https://randomuser.me/api/portraits/thumb/women/43.jpg'}, 'nat': 'DK'}</msg>
<arg>${json_data['results'][0]}</arg>
<doc>Logs the given message with the given level.</doc>
<status status="PASS" start="2024-07-04T14:13:52.444169" elapsed="0.000431"/>
</kw>
<kw name="Log" owner="BuiltIn">
<msg time="2024-07-04T14:13:52.445024" level="INFO">gender</msg>
<arg>${key}</arg>
<doc>Logs the given message with the given level.</doc>
<status status="PASS" start="2024-07-04T14:13:52.444895" elapsed="0.000167"/>
</kw>
<var name="${key}">gender</var>
<status status="PASS" start="2024-07-04T14:13:52.443445" elapsed="0.001832"/>
</iter>
<iter>
<kw name="Dictionary Should Contain Key" owner="Collections">
<arg>${json_data['results'][0]}</arg>
<arg>${key}</arg>
<doc>Fails if ``key`` is not found from ``dictionary``.</doc>
<status status="PASS" start="2024-07-04T14:13:52.445576" elapsed="0.000427"/>
</kw>
<kw name="Log" owner="BuiltIn">
<msg time="2024-07-04T14:13:52.446536" level="INFO">{'gender': 'female', 'name': {'title': 'Ms', 'first': 'Caroline', 'last': 'Christensen'}, 'location': {'street': {'number': 5702, 'name': 'Markedsgade'}, 'city': 'Viby Sj.', 'state': 'Danmark', 'country': 'Denmark', 'postcode': 83258, 'coordinates': {'latitude': '-40.8950', 'longitude': '155.6048'}, 'timezone': {'offset': '+7:00', 'description': 'Bangkok, Hanoi, Jakarta'}}, 'email': 'caroline.christensen@example.com', 'login': {'uuid': '21fd98f1-d62d-4bc7-a56f-786d7e832c1b', 'username': 'yellowladybug585', 'password': 'hilton', 'salt': 'AlZRYDMw', 'md5': 'e6b491d48634ed13e94e860a130d571a', 'sha1': 'ab1d47341295662e675cfb576e44a6f537e8723c', 'sha256': '784bd2d164e96b6a0b2034ace963425d9250bc1a6139bd38b37463913850c3ed'}, 'dob': {'date': '1968-11-11T03:24:17.472Z', 'age': 55}, 'registered': {'date': '2018-11-24T21:11:11.865Z', 'age': 5}, 'phone': '85217167', 'cell': '70043804', 'id': {'name': 'CPR', 'value': '101168-7588'}, 'picture': {'large': 'https://randomuser.me/api/portraits/women/43.jpg', 'medium': 'https://randomuser.me/api/portraits/med/women/43.jpg', 'thumbnail': 'https://randomuser.me/api/portraits/thumb/women/43.jpg'}, 'nat': 'DK'}</msg>
<arg>${json_data['results'][0]}</arg>
<doc>Logs the given message with the given level.</doc>
<status status="PASS" start="2024-07-04T14:13:52.446187" elapsed="0.000431"/>
</kw>
<kw name="Log" owner="BuiltIn">
<msg time="2024-07-04T14:13:52.447046" level="INFO">name</msg>
<arg>${key}</arg>
<doc>Logs the given message with the given level.</doc>
<status status="PASS" start="2024-07-04T14:13:52.446918" elapsed="0.000167"/>
</kw>
<var name="${key}">name</var>
<status status="PASS" start="2024-07-04T14:13:52.445459" elapsed="0.001844"/>
</iter>
<iter>
<kw name="Dictionary Should Contain Key" owner="Collections">
<arg>${json_data['results'][0]}</arg>
<arg>${key}</arg>
<doc>Fails if ``key`` is not found from ``dictionary``.</doc>
<status status="PASS" start="2024-07-04T14:13:52.447586" elapsed="0.000375"/>
</kw>
<kw name="Log" owner="BuiltIn">
<msg time="2024-07-04T14:13:52.448488" level="INFO">{'gender': 'female', 'name': {'title': 'Ms', 'first': 'Caroline', 'last': 'Christensen'}, 'location': {'street': {'number': 5702, 'name': 'Markedsgade'}, 'city': 'Viby Sj.', 'state': 'Danmark', 'country': 'Denmark', 'postcode': 83258, 'coordinates': {'latitude': '-40.8950', 'longitude': '155.6048'}, 'timezone': {'offset': '+7:00', 'description': 'Bangkok, Hanoi, Jakarta'}}, 'email': 'caroline.christensen@example.com', 'login': {'uuid': '21fd98f1-d62d-4bc7-a56f-786d7e832c1b', 'username': 'yellowladybug585', 'password': 'hilton', 'salt': 'AlZRYDMw', 'md5': 'e6b491d48634ed13e94e860a130d571a', 'sha1': 'ab1d47341295662e675cfb576e44a6f537e8723c', 'sha256': '784bd2d164e96b6a0b2034ace963425d9250bc1a6139bd38b37463913850c3ed'}, 'dob': {'date': '1968-11-11T03:24:17.472Z', 'age': 55}, 'registered': {'date': '2018-11-24T21:11:11.865Z', 'age': 5}, 'phone': '85217167', 'cell': '70043804', 'id': {'name': 'CPR', 'value': '101168-7588'}, 'picture': {'large': 'https://randomuser.me/api/portraits/women/43.jpg', 'medium': 'https://randomuser.me/api/portraits/med/women/43.jpg', 'thumbnail': 'https://randomuser.me/api/portraits/thumb/women/43.jpg'}, 'nat': 'DK'}</msg>
<arg>${json_data['results'][0]}</arg>
<doc>Logs the given message with the given level.</doc>
<status status="PASS" start="2024-07-04T14:13:52.448141" elapsed="0.000396"/>
</kw>
<kw name="Log" owner="BuiltIn">
<msg time="2024-07-04T14:13:52.448953" level="INFO">location</msg>
<arg>${key}</arg>
<doc>Logs the given message with the given level.</doc>
<status status="PASS" start="2024-07-04T14:13:52.448829" elapsed="0.000160"/>
</kw>
<var name="${key}">location</var>
<status status="PASS" start="2024-07-04T14:13:52.447479" elapsed="0.001720"/>
</iter>
<iter>
<kw name="Dictionary Should Contain Key" owner="Collections">
<arg>${json_data['results'][0]}</arg>
<arg>${key}</arg>
<doc>Fails if ``key`` is not found from ``dictionary``.</doc>
<status status="PASS" start="2024-07-04T14:13:52.449471" elapsed="0.000426"/>
</kw>
<kw name="Log" owner="BuiltIn">
<msg time="2024-07-04T14:13:52.450425" level="INFO">{'gender': 'female', 'name': {'title': 'Ms', 'first': 'Caroline', 'last': 'Christensen'}, 'location': {'street': {'number': 5702, 'name': 'Markedsgade'}, 'city': 'Viby Sj.', 'state': 'Danmark', 'country': 'Denmark', 'postcode': 83258, 'coordinates': {'latitude': '-40.8950', 'longitude': '155.6048'}, 'timezone': {'offset': '+7:00', 'description': 'Bangkok, Hanoi, Jakarta'}}, 'email': 'caroline.christensen@example.com', 'login': {'uuid': '21fd98f1-d62d-4bc7-a56f-786d7e832c1b', 'username': 'yellowladybug585', 'password': 'hilton', 'salt': 'AlZRYDMw', 'md5': 'e6b491d48634ed13e94e860a130d571a', 'sha1': 'ab1d47341295662e675cfb576e44a6f537e8723c', 'sha256': '784bd2d164e96b6a0b2034ace963425d9250bc1a6139bd38b37463913850c3ed'}, 'dob': {'date': '1968-11-11T03:24:17.472Z', 'age': 55}, 'registered': {'date': '2018-11-24T21:11:11.865Z', 'age': 5}, 'phone': '85217167', 'cell': '70043804', 'id': {'name': 'CPR', 'value': '101168-7588'}, 'picture': {'large': 'https://randomuser.me/api/portraits/women/43.jpg', 'medium': 'https://randomuser.me/api/portraits/med/women/43.jpg', 'thumbnail': 'https://randomuser.me/api/portraits/thumb/women/43.jpg'}, 'nat': 'DK'}</msg>
<arg>${json_data['results'][0]}</arg>
<doc>Logs the given message with the given level.</doc>
<status status="PASS" start="2024-07-04T14:13:52.450079" elapsed="0.000395"/>
</kw>
<kw name="Log" owner="BuiltIn">
<msg time="2024-07-04T14:13:52.450900" level="INFO">email</msg>
<arg>${key}</arg>
<doc>Logs the given message with the given level.</doc>
<status status="PASS" start="2024-07-04T14:13:52.450774" elapsed="0.000163"/>
</kw>
<var name="${key}">email</var>
<status status="PASS" start="2024-07-04T14:13:52.449366" elapsed="0.001824"/>
</iter>
<iter>
<kw name="Dictionary Should Contain Key" owner="Collections">
<arg>${json_data['results'][0]}</arg>
<arg>${key}</arg>
<doc>Fails if ``key`` is not found from ``dictionary``.</doc>
<status status="PASS" start="2024-07-04T14:13:52.451469" elapsed="0.000384"/>
</kw>
<kw name="Log" owner="BuiltIn">
<msg time="2024-07-04T14:13:52.452385" level="INFO">{'gender': 'female', 'name': {'title': 'Ms', 'first': 'Caroline', 'last': 'Christensen'}, 'location': {'street': {'number': 5702, 'name': 'Markedsgade'}, 'city': 'Viby Sj.', 'state': 'Danmark', 'country': 'Denmark', 'postcode': 83258, 'coordinates': {'latitude': '-40.8950', 'longitude': '155.6048'}, 'timezone': {'offset': '+7:00', 'description': 'Bangkok, Hanoi, Jakarta'}}, 'email': 'caroline.christensen@example.com', 'login': {'uuid': '21fd98f1-d62d-4bc7-a56f-786d7e832c1b', 'username': 'yellowladybug585', 'password': 'hilton', 'salt': 'AlZRYDMw', 'md5': 'e6b491d48634ed13e94e860a130d571a', 'sha1': 'ab1d47341295662e675cfb576e44a6f537e8723c', 'sha256': '784bd2d164e96b6a0b2034ace963425d9250bc1a6139bd38b37463913850c3ed'}, 'dob': {'date': '1968-11-11T03:24:17.472Z', 'age': 55}, 'registered': {'date': '2018-11-24T21:11:11.865Z', 'age': 5}, 'phone': '85217167', 'cell': '70043804', 'id': {'name': 'CPR', 'value': '101168-7588'}, 'picture': {'large': 'https://randomuser.me/api/portraits/women/43.jpg', 'medium': 'https://randomuser.me/api/portraits/med/women/43.jpg', 'thumbnail': 'https://randomuser.me/api/portraits/thumb/women/43.jpg'}, 'nat': 'DK'}</msg>
<arg>${json_data['results'][0]}</arg>
<doc>Logs the given message with the given level.</doc>
<status status="PASS" start="2024-07-04T14:13:52.452033" elapsed="0.000400"/>
</kw>
<kw name="Log" owner="BuiltIn">
<msg time="2024-07-04T14:13:52.452843" level="INFO">login</msg>
<arg>${key}</arg>
<doc>Logs the given message with the given level.</doc>
<status status="PASS" start="2024-07-04T14:13:52.452720" elapsed="0.000161"/>
</kw>
<var name="${key}">login</var>
<status status="PASS" start="2024-07-04T14:13:52.451361" elapsed="0.001739"/>
</iter>
<var>${key}</var>
<value>@{expected_keys}</value>
<status status="PASS" start="2024-07-04T14:13:52.443250" elapsed="0.009967"/>
</for>
<kw name="Create List" owner="BuiltIn">
<msg time="2024-07-04T14:13:52.453537" level="INFO">${expected_keysTwo} = ['username', 'password']</msg>
<var>${expected_keysTwo}</var>
<arg>username</arg>
<arg>password</arg>
<doc>Returns a list containing given items.</doc>
<status status="PASS" start="2024-07-04T14:13:52.453404" elapsed="0.000184"/>
</kw>
<for flavor="IN">
<iter>
<kw name="Dictionary Should Contain Key" owner="Collections">
<arg>${json_data['results'][0]['login']}</arg>
<arg>${keyTwo}</arg>
<doc>Fails if ``key`` is not found from ``dictionary``.</doc>
<status status="PASS" start="2024-07-04T14:13:52.454112" elapsed="0.000389"/>
</kw>
<kw name="Dictionary Should Contain Key" owner="Collections">
<arg>${json_data['results'][0]['login']}</arg>
<arg>${keyTwo}</arg>
<doc>Fails if ``key`` is not found from ``dictionary``.</doc>
<status status="PASS" start="2024-07-04T14:13:52.454678" elapsed="0.000378"/>
</kw>
<kw name="Log" owner="BuiltIn">
<msg time="2024-07-04T14:13:52.455356" level="INFO">username</msg>
<arg>${keyTwo}</arg>
<doc>Logs the given message with the given level.</doc>
<status status="PASS" start="2024-07-04T14:13:52.455233" elapsed="0.000161"/>
</kw>
<var name="${keyTwo}">username</var>
<status status="PASS" start="2024-07-04T14:13:52.454006" elapsed="0.001604"/>
</iter>
<iter>
<kw name="Dictionary Should Contain Key" owner="Collections">
<arg>${json_data['results'][0]['login']}</arg>
<arg>${keyTwo}</arg>
<doc>Fails if ``key`` is not found from ``dictionary``.</doc>
<status status="PASS" start="2024-07-04T14:13:52.455884" elapsed="0.000375"/>
</kw>
<kw name="Dictionary Should Contain Key" owner="Collections">
<arg>${json_data['results'][0]['login']}</arg>
<arg>${keyTwo}</arg>
<doc>Fails if ``key`` is not found from ``dictionary``.</doc>
<status status="PASS" start="2024-07-04T14:13:52.456434" elapsed="0.000362"/>
</kw>
<kw name="Log" owner="BuiltIn">
<msg time="2024-07-04T14:13:52.457084" level="INFO">password</msg>
<arg>${keyTwo}</arg>
<doc>Logs the given message with the given level.</doc>
<status status="PASS" start="2024-07-04T14:13:52.456965" elapsed="0.000161"/>
</kw>
<var name="${keyTwo}">password</var>
<status status="PASS" start="2024-07-04T14:13:52.455779" elapsed="0.001565"/>
</iter>
<var>${keyTwo}</var>
<value>@{expected_keysTwo}</value>
<status status="PASS" start="2024-07-04T14:13:52.453855" elapsed="0.003606"/>
</for>
<status status="PASS" start="2024-07-04T14:13:52.354932" elapsed="0.102666"/>
</kw>
<doc>Testa a estrutura da resposta da API.</doc>
<tag>testeEstruturaResposta</tag>
<status status="PASS" start="2024-07-04T14:13:52.354160" elapsed="0.103624"/>
</test>
<test id="s1-s1-t4" name="Validar tipos de dados" line="28">
<kw name="Teste de Tipos de Dados" owner="random-user-service">
<kw name="GET On Session" owner="RequestsLibrary">
<msg time="2024-07-04T14:13:52.565388" level="INFO">GET Request : url=https://randomuser.me/api 
 path_url=/api 
 headers={'User-Agent': 'python-requests/2.32.3', 'Accept-Encoding': 'gzip, deflate', 'Accept': '*/*', 'Connection': 'keep-alive'} 
 body=None 
 </msg>
<msg time="2024-07-04T14:13:52.565483" level="INFO">GET Response : url=https://randomuser.me/api 
 status=200, reason=OK 
 headers={'Date': 'Thu, 04 Jul 2024 14:13:52 GMT', 'Content-Type': 'application/json; charset=utf-8', 'Transfer-Encoding': 'chunked', 'Connection': 'keep-alive', 'X-Powered-By': 'Express', 'Access-Control-Allow-Origin': '*', 'Cache-Control': 'no-cache', 'ETag': 'W/"4ba-LoE1nYhyQm1AHUcwzksiyomwtjo"', 'Vary': 'Accept-Encoding', 'Content-Encoding': 'gzip', 'CF-Cache-Status': 'DYNAMIC', 'Report-To': '{"endpoints":[{"url":"https:\\/\\/a.nel.cloudflare.com\\/report\\/v4?s=%2B9uJfG1yn4ySCzDOYcPcU%2Fl2OL7pmxHjw70VlhEhwMQIyFuU8uGbjD77jcyZ5ayfGyNq9nWUkS6qHbkVMGhPGuuyk7Cv7prIkVkc6UR9HMN4rnibIW4%2FuPGenqu2M9wc"}],"group":"cf-nel","max_age":604800}', 'NEL': '{"success_fraction":0,"report_to":"cf-nel","max_age":604800}', 'Server': 'cloudflare', 'CF-RAY': '89dfb7eaea13065b-IAD', 'alt-svc': 'h3=":443"; ma=86400'} 
 body={"results":[{"gender":"female","name":{"title":"Mrs","first":"Antonia","last":"Álvarez"},"location":{"street":{"number":3708,"name":"Calle del Arenal"},"city":"Pozuelo de Alarcón","state":"Comunidad Valenciana","country":"Spain","postcode":92777,"coordinates":{"latitude":"-32.9134","longitude":"139.3786"},"timezone":{"offset":"+11:00","description":"Magadan, Solomon Islands, New Caledonia"}},"email":"antonia.alvarez@example.com","login":{"uuid":"109f5cb8-e702-4be9-802d-72877c01a583","username":"ticklishladybug258","password":"border","salt":"EbiS3Ibb","md5":"80c19ae68a58e1f7170de7ee1a206c76","sha1":"cd7a7d54660a97a1cca1445d48783ea3b3f1c914","sha256":"caa1bd589fd1c43e86e911104f33392633a57086539ada303c9bfa541aade7fc"},"dob":{"date":"1973-11-23T16:50:27.469Z","age":50},"registered":{"date":"2011-03-10T15:05:59.260Z","age":13},"phone":"970-063-525","cell":"678-036-085","id":{"name":"DNI","value":"50720266-M"},"picture":{"large":"https://randomuser.me/api/portraits/women/48.jpg","medium":"https://randomuser.me/api/portraits/med/women/48.jpg","thumbnail":"https://randomuser.me/api/portraits/thumb/women/48.jpg"},"nat":"ES"}],"info":{"seed":"8343591696ae7345","results":1,"page":1,"version":"1.4"}} 
 </msg>
<msg time="2024-07-04T14:13:52.565561" level="INFO">/opt/hostedtoolcache/Python/3.12.4/x64/lib/python3.12/site-packages/urllib3/connectionpool.py:1099: InsecureRequestWarning: Unverified HTTPS request is being made to host 'randomuser.me'. Adding certificate verification is strongly advised. See: https://urllib3.readthedocs.io/en/latest/advanced-usage.html#tls-warnings
  warnings.warn(</msg>
<msg time="2024-07-04T14:13:52.565733" level="INFO">${response} = &lt;Response [200]&gt;</msg>
<var>${response}</var>
<arg>consultarAPI</arg>
<arg>/api</arg>
<doc>Sends a GET request on a previously created HTTP Session.</doc>
<status status="PASS" start="2024-07-04T14:13:52.460378" elapsed="0.105412"/>
</kw>
<kw name="Set Variable" owner="BuiltIn">
<msg time="2024-07-04T14:13:52.566750" level="INFO">${json_data} = {'results': [{'gender': 'female', 'name': {'title': 'Mrs', 'first': 'Antonia', 'last': 'Álvarez'}, 'location': {'street': {'number': 3708, 'name': 'Calle del Arenal'}, 'city': 'Pozuelo de Alarcón', 's...</msg>
<var>${json_data}</var>
<arg>${response.json()}</arg>
<doc>Returns the given values which can then be assigned to a variables.</doc>
<status status="PASS" start="2024-07-04T14:13:52.566244" elapsed="0.000536"/>
</kw>
<kw name="Log" owner="BuiltIn">
<msg time="2024-07-04T14:13:52.567275" level="INFO">{'results': [{'gender': 'female', 'name': {'title': 'Mrs', 'first': 'Antonia', 'last': 'Álvarez'}, 'location': {'street': {'number': 3708, 'name': 'Calle del Arenal'}, 'city': 'Pozuelo de Alarcón', 'state': 'Comunidad Valenciana', 'country': 'Spain', 'postcode': 92777, 'coordinates': {'latitude': '-32.9134', 'longitude': '139.3786'}, 'timezone': {'offset': '+11:00', 'description': 'Magadan, Solomon Islands, New Caledonia'}}, 'email': 'antonia.alvarez@example.com', 'login': {'uuid': '109f5cb8-e702-4be9-802d-72877c01a583', 'username': 'ticklishladybug258', 'password': 'border', 'salt': 'EbiS3Ibb', 'md5': '80c19ae68a58e1f7170de7ee1a206c76', 'sha1': 'cd7a7d54660a97a1cca1445d48783ea3b3f1c914', 'sha256': 'caa1bd589fd1c43e86e911104f33392633a57086539ada303c9bfa541aade7fc'}, 'dob': {'date': '1973-11-23T16:50:27.469Z', 'age': 50}, 'registered': {'date': '2011-03-10T15:05:59.260Z', 'age': 13}, 'phone': '970-063-525', 'cell': '678-036-085', 'id': {'name': 'DNI', 'value': '50720266-M'}, 'picture': {'large': 'https://randomuser.me/api/portraits/women/48.jpg', 'medium': 'https://randomuser.me/api/portraits/med/women/48.jpg', 'thumbnail': 'https://randomuser.me/api/portraits/thumb/women/48.jpg'}, 'nat': 'ES'}], 'info': {'seed': '8343591696ae7345', 'results': 1, 'page': 1, 'version': '1.4'}}</msg>
<arg>${json_data}</arg>
<doc>Logs the given message with the given level.</doc>
<status status="PASS" start="2024-07-04T14:13:52.567111" elapsed="0.000214"/>
</kw>
<kw name="Should Be String" owner="String">
<arg>${json_data['results'][0]['gender']}</arg>
<doc>Fails if the given ``item`` is not a string.</doc>
<status status="PASS" start="2024-07-04T14:13:52.567623" elapsed="0.000372"/>
</kw>
<kw name="Should Match Regexp" owner="BuiltIn">
<arg>${json_data['results'][0]['email']}</arg>
<arg>^[a-zA-Z0-9._%+-]+@[a-zA-Z0-9.-]+\.[a-zA-Z]{2,}$</arg>
<doc>Fails if ``string`` does not match ``pattern`` as a regular expression.</doc>
<status status="PASS" start="2024-07-04T14:13:52.568224" elapsed="0.000530"/>
</kw>
<kw name="Should Match Regexp" owner="BuiltIn">
<arg>${json_data['results'][0]['dob']['date']}</arg>
<arg>\\d{4}-\\d{2}-\\d{2}T\\d{2}:\\d{2}:\\d{2}\\.\\d{3}Z</arg>
<doc>Fails if ``string`` does not match ``pattern`` as a regular expression.</doc>
<status status="PASS" start="2024-07-04T14:13:52.568950" elapsed="0.000493"/>
</kw>
<kw name="Should Match Regexp" owner="BuiltIn">
<arg>${json_data['results'][0]['registered']['date']}</arg>
<arg>\\d{4}-\\d{2}-\\d{2}T\\d{2}:\\d{2}:\\d{2}\\.\\d{3}Z</arg>
<doc>Fails if ``string`` does not match ``pattern`` as a regular expression.</doc>
<status status="PASS" start="2024-07-04T14:13:52.569635" elapsed="0.000409"/>
</kw>
<kw name="Should Match Regexp" owner="BuiltIn">
<arg>${json_data['results'][0]['picture']['large']}</arg>
<arg>^https?://.*\.(?:png|jpe?g|gif|bmp)$</arg>
<doc>Fails if ``string`` does not match ``pattern`` as a regular expression.</doc>
<status status="PASS" start="2024-07-04T14:13:52.570229" elapsed="0.000467"/>
</kw>
<kw name="Should Match Regexp" owner="BuiltIn">
<arg>${json_data['results'][0]['picture']['medium']}</arg>
<arg>^https?://.*\.(?:png|jpe?g|gif|bmp)$</arg>
<doc>Fails if ``string`` does not match ``pattern`` as a regular expression.</doc>
<status status="PASS" start="2024-07-04T14:13:52.570884" elapsed="0.000347"/>
</kw>
<kw name="Should Match Regexp" owner="BuiltIn">
<arg>${json_data['results'][0]['picture']['thumbnail']}</arg>
<arg>^https?://.*\.(?:png|jpe?g|gif|bmp)$</arg>
<doc>Fails if ``string`` does not match ``pattern`` as a regular expression.</doc>
<status status="PASS" start="2024-07-04T14:13:52.571412" elapsed="0.000346"/>
</kw>
<kw name="Log" owner="BuiltIn">
<msg time="2024-07-04T14:13:52.572268" level="INFO">{'large': 'https://randomuser.me/api/portraits/women/48.jpg', 'medium': 'https://randomuser.me/api/portraits/med/women/48.jpg', 'thumbnail': 'https://randomuser.me/api/portraits/thumb/women/48.jpg'}</msg>
<arg>${json_data['results'][0]['picture']}</arg>
<doc>Logs the given message with the given level.</doc>
<status status="PASS" start="2024-07-04T14:13:52.571943" elapsed="0.000367"/>
</kw>
<status status="PASS" start="2024-07-04T14:13:52.460154" elapsed="0.112413"/>
</kw>
<kw name="Teste de Tipos de Dados - Postcode" owner="random-user-service">
<kw name="GET On Session" owner="RequestsLibrary">
<msg time="2024-07-04T14:13:52.643506" level="INFO">GET Request : url=https://randomuser.me/api 
 path_url=/api 
 headers={'User-Agent': 'python-requests/2.32.3', 'Accept-Encoding': 'gzip, deflate', 'Accept': '*/*', 'Connection': 'keep-alive'} 
 body=None 
 </msg>
<msg time="2024-07-04T14:13:52.643616" level="INFO">GET Response : url=https://randomuser.me/api 
 status=200, reason=OK 
 headers={'Date': 'Thu, 04 Jul 2024 14:13:52 GMT', 'Content-Type': 'application/json; charset=utf-8', 'Transfer-Encoding': 'chunked', 'Connection': 'keep-alive', 'X-Powered-By': 'Express', 'Access-Control-Allow-Origin': '*', 'Cache-Control': 'no-cache', 'ETag': 'W/"47d-a9TW0tvMP/9PtPkSmiCwLC3h/Rk"', 'Vary': 'Accept-Encoding', 'Content-Encoding': 'gzip', 'CF-Cache-Status': 'DYNAMIC', 'Report-To': '{"endpoints":[{"url":"https:\\/\\/a.nel.cloudflare.com\\/report\\/v4?s=MX6dYFu1cEY16wisf0JQIX25Ujg3%2BEyzO%2BVpfxkf75e%2Fzy44YohizJEChyJdkuizPPRurwyAUSQYyTpC%2FO15T0zVAfOGfexe8beH9qYQsHUfS4wuV4r%2BxSvuYKLtC424"}],"group":"cf-nel","max_age":604800}', 'NEL': '{"success_fraction":0,"report_to":"cf-nel","max_age":604800}', 'Server': 'cloudflare', 'CF-RAY': '89dfb7eb9ae9065b-IAD', 'alt-svc': 'h3=":443"; ma=86400'} 
 body={"results":[{"gender":"male","name":{"title":"Mr","first":"Curtis","last":"Berry"},"location":{"street":{"number":3679,"name":"Ash Dr"},"city":"Coffs Harbour","state":"Victoria","country":"Australia","postcode":1064,"coordinates":{"latitude":"-87.8649","longitude":"-135.9305"},"timezone":{"offset":"-12:00","description":"Eniwetok, Kwajalein"}},"email":"curtis.berry@example.com","login":{"uuid":"310504cb-d878-49fa-be04-e015eb9f4b08","username":"beautifulfish917","password":"tarpon","salt":"3HEIK9Q0","md5":"3700f7a2922163729697c24f5213ab1a","sha1":"7e41066cb77b4f241a7e480f5e4d72dad40e368e","sha256":"8f8fc18503715ea8fd06f0c8337309bfa02daab7bde14cf3f4d896f8f69cf918"},"dob":{"date":"1947-01-22T15:53:21.988Z","age":77},"registered":{"date":"2004-01-01T08:39:13.908Z","age":20},"phone":"09-7592-6051","cell":"0499-183-268","id":{"name":"TFN","value":"241201390"},"picture":{"large":"https://randomuser.me/api/portraits/men/37.jpg","medium":"https://randomuser.me/api/portraits/med/men/37.jpg","thumbnail":"https://randomuser.me/api/portraits/thumb/men/37.jpg"},"nat":"AU"}],"info":{"seed":"7382295c28f7e48d","results":1,"page":1,"version":"1.4"}} 
 </msg>
<msg time="2024-07-04T14:13:52.643689" level="INFO">/opt/hostedtoolcache/Python/3.12.4/x64/lib/python3.12/site-packages/urllib3/connectionpool.py:1099: InsecureRequestWarning: Unverified HTTPS request is being made to host 'randomuser.me'. Adding certificate verification is strongly advised. See: https://urllib3.readthedocs.io/en/latest/advanced-usage.html#tls-warnings
  warnings.warn(</msg>
<msg time="2024-07-04T14:13:52.643828" level="INFO">${response} = &lt;Response [200]&gt;</msg>
<var>${response}</var>
<arg>consultarAPI</arg>
<arg>/api</arg>
<doc>Sends a GET request on a previously created HTTP Session.</doc>
<status status="PASS" start="2024-07-04T14:13:52.573017" elapsed="0.070852"/>
</kw>
<kw name="Set Variable" owner="BuiltIn">
<msg time="2024-07-04T14:13:52.644969" level="INFO">${json_data} = {'results': [{'gender': 'male', 'name': {'title': 'Mr', 'first': 'Curtis', 'last': 'Berry'}, 'location': {'street': {'number': 3679, 'name': 'Ash Dr'}, 'city': 'Coffs Harbour', 'state': 'Victoria', 'c...</msg>
<var>${json_data}</var>
<arg>${response.json()}</arg>
<doc>Returns the given values which can then be assigned to a variables.</doc>
<status status="PASS" start="2024-07-04T14:13:52.644420" elapsed="0.000577"/>
</kw>
<kw name="Log" owner="BuiltIn">
<msg time="2024-07-04T14:13:52.645468" level="INFO">{'results': [{'gender': 'male', 'name': {'title': 'Mr', 'first': 'Curtis', 'last': 'Berry'}, 'location': {'street': {'number': 3679, 'name': 'Ash Dr'}, 'city': 'Coffs Harbour', 'state': 'Victoria', 'country': 'Australia', 'postcode': 1064, 'coordinates': {'latitude': '-87.8649', 'longitude': '-135.9305'}, 'timezone': {'offset': '-12:00', 'description': 'Eniwetok, Kwajalein'}}, 'email': 'curtis.berry@example.com', 'login': {'uuid': '310504cb-d878-49fa-be04-e015eb9f4b08', 'username': 'beautifulfish917', 'password': 'tarpon', 'salt': '3HEIK9Q0', 'md5': '3700f7a2922163729697c24f5213ab1a', 'sha1': '7e41066cb77b4f241a7e480f5e4d72dad40e368e', 'sha256': '8f8fc18503715ea8fd06f0c8337309bfa02daab7bde14cf3f4d896f8f69cf918'}, 'dob': {'date': '1947-01-22T15:53:21.988Z', 'age': 77}, 'registered': {'date': '2004-01-01T08:39:13.908Z', 'age': 20}, 'phone': '09-7592-6051', 'cell': '0499-183-268', 'id': {'name': 'TFN', 'value': '241201390'}, 'picture': {'large': 'https://randomuser.me/api/portraits/men/37.jpg', 'medium': 'https://randomuser.me/api/portraits/med/men/37.jpg', 'thumbnail': 'https://randomuser.me/api/portraits/thumb/men/37.jpg'}, 'nat': 'AU'}], 'info': {'seed': '7382295c28f7e48d', 'results': 1, 'page': 1, 'version': '1.4'}}</msg>
<arg>${json_data}</arg>
<doc>Logs the given message with the given level.</doc>
<status status="PASS" start="2024-07-04T14:13:52.645310" elapsed="0.000205"/>
</kw>
<kw name="Should Be Equal As Numbers" owner="BuiltIn">
<arg>${json_data['results'][0]['location']['postcode']}</arg>
<arg>${json_data['results'][0]['location']['postcode']}</arg>
<doc>Fails if objects are unequal after converting them to real numbers.</doc>
<status status="PASS" start="2024-07-04T14:13:52.645853" elapsed="0.000626"/>
</kw>
<kw name="Log" owner="BuiltIn">
<msg time="2024-07-04T14:13:52.647033" level="INFO">1064</msg>
<arg>${json_data['results'][0]['location']['postcode']}</arg>
<doc>Logs the given message with the given level.</doc>
<status status="PASS" start="2024-07-04T14:13:52.646665" elapsed="0.000408"/>
</kw>
<status status="PASS" start="2024-07-04T14:13:52.572791" elapsed="0.074539"/>
</kw>
<doc>Testa se os tipos de dados na resposta da API estão corretos.</doc>
<tag>testeTiposDados</tag>
<status status="PASS" start="2024-07-04T14:13:52.459540" elapsed="0.187958"/>
</test>
<test id="s1-s1-t5" name="Validar conteudo" line="35">
<kw name="Teste de Tipos de Conteudo" owner="random-user-service">
<kw name="GET On Session" owner="RequestsLibrary">
<msg time="2024-07-04T14:13:52.736650" level="INFO">GET Request : url=https://randomuser.me/api 
 path_url=/api 
 headers={'User-Agent': 'python-requests/2.32.3', 'Accept-Encoding': 'gzip, deflate', 'Accept': '*/*', 'Connection': 'keep-alive'} 
 body=None 
 </msg>
<msg time="2024-07-04T14:13:52.736751" level="INFO">GET Response : url=https://randomuser.me/api 
 status=200, reason=OK 
 headers={'Date': 'Thu, 04 Jul 2024 14:13:52 GMT', 'Content-Type': 'application/json; charset=utf-8', 'Transfer-Encoding': 'chunked', 'Connection': 'keep-alive', 'X-Powered-By': 'Express', 'Access-Control-Allow-Origin': '*', 'Cache-Control': 'no-cache', 'ETag': 'W/"4a8-/BdkToMSOxqMn/jQm1tsHFnvaJs"', 'Vary': 'Accept-Encoding', 'Content-Encoding': 'gzip', 'CF-Cache-Status': 'DYNAMIC', 'Report-To': '{"endpoints":[{"url":"https:\\/\\/a.nel.cloudflare.com\\/report\\/v4?s=UiDKthFz8hsPNPUJ7fIetfnIvj7uRIy4JwIOcsjPyk81RCDwrjKpW1vDkT616mNGwjdtrPbn7fahetnavLjm00K4oYCzJMlpR9uL5A6W7%2BlNsm2y9fEbRBg4H4sebTbJ"}],"group":"cf-nel","max_age":604800}', 'NEL': '{"success_fraction":0,"report_to":"cf-nel","max_age":604800}', 'Server': 'cloudflare', 'CF-RAY': '89dfb7ec1b71065b-IAD', 'alt-svc': 'h3=":443"; ma=86400'} 
 body={"results":[{"gender":"female","name":{"title":"Miss","first":"Camille","last":"Jean-Baptiste"},"location":{"street":{"number":5561,"name":"Regent Ave"},"city":"Russell","state":"New Brunswick","country":"Canada","postcode":"G7E 7Q6","coordinates":{"latitude":"-69.4866","longitude":"129.6632"},"timezone":{"offset":"+4:00","description":"Abu Dhabi, Muscat, Baku, Tbilisi"}},"email":"camille.jean-baptiste@example.com","login":{"uuid":"46598cb4-c848-44b9-9210-77928aca1585","username":"angryladybug528","password":"barton","salt":"FsHpTKui","md5":"9c7cc8b881b992cdae106451c28770a6","sha1":"a69c63f59c256e9fb288e945c06a9c6dc39f0a84","sha256":"eb2a24a1406ec23223437d9940550f2b1a86bba07a12915194c62cd010098273"},"dob":{"date":"1977-10-16T10:28:24.601Z","age":46},"registered":{"date":"2005-03-12T04:51:29.826Z","age":19},"phone":"R76 C35-3016","cell":"R44 X14-3977","id":{"name":"SIN","value":"293831277"},"picture":{"large":"https://randomuser.me/api/portraits/women/52.jpg","medium":"https://randomuser.me/api/portraits/med/women/52.jpg","thumbnail":"https://randomuser.me/api/portraits/thumb/women/52.jpg"},"nat":"CA"}],"info":{"seed":"d69c13f1d65841ee","results":1,"page":1,"version":"1.4"}} 
 </msg>
<msg time="2024-07-04T14:13:52.736847" level="INFO">/opt/hostedtoolcache/Python/3.12.4/x64/lib/python3.12/site-packages/urllib3/connectionpool.py:1099: InsecureRequestWarning: Unverified HTTPS request is being made to host 'randomuser.me'. Adding certificate verification is strongly advised. See: https://urllib3.readthedocs.io/en/latest/advanced-usage.html#tls-warnings
  warnings.warn(</msg>
<msg time="2024-07-04T14:13:52.737000" level="INFO">${response} = &lt;Response [200]&gt;</msg>
<var>${response}</var>
<arg>consultarAPI</arg>
<arg>/api</arg>
<doc>Sends a GET request on a previously created HTTP Session.</doc>
<status status="PASS" start="2024-07-04T14:13:52.650203" elapsed="0.086850"/>
</kw>
<kw name="Set Variable" owner="BuiltIn">
<msg time="2024-07-04T14:13:52.738111" level="INFO">${json_data} = {'results': [{'gender': 'female', 'name': {'title': 'Miss', 'first': 'Camille', 'last': 'Jean-Baptiste'}, 'location': {'street': {'number': 5561, 'name': 'Regent Ave'}, 'city': 'Russell', 'state': 'Ne...</msg>
<var>${json_data}</var>
<arg>${response.json()}</arg>
<doc>Returns the given values which can then be assigned to a variables.</doc>
<status status="PASS" start="2024-07-04T14:13:52.737565" elapsed="0.000575"/>
</kw>
<kw name="Set Variable" owner="BuiltIn">
<msg time="2024-07-04T14:13:52.738822" level="INFO">${name_title} = Miss</msg>
<var>${name_title}</var>
<arg>${json_data["results"][0]["name"]["title"]}</arg>
<doc>Returns the given values which can then be assigned to a variables.</doc>
<status status="PASS" start="2024-07-04T14:13:52.738446" elapsed="0.000402"/>
</kw>
<kw name="Create List" owner="BuiltIn">
<msg time="2024-07-04T14:13:52.739290" level="INFO">${allowed_titles} = ['Mr', 'Ms', 'Miss', 'Mrs', 'Madame', 'Monsieur']</msg>
<var>${allowed_titles}</var>
<arg>Mr</arg>
<arg>Ms</arg>
<arg>Miss</arg>
<arg>Mrs</arg>
<arg>Madame</arg>
<arg>Monsieur</arg>
<doc>Returns a list containing given items.</doc>
<status status="PASS" start="2024-07-04T14:13:52.739141" elapsed="0.000174"/>
</kw>
<kw name="List Should Contain Value" owner="Collections">
<arg>${allowed_titles}</arg>
<arg>${name_title}</arg>
<doc>Fails if the ``value`` is not found from ``list``.</doc>
<status status="PASS" start="2024-07-04T14:13:52.739613" elapsed="0.000177"/>
</kw>
<kw name="Set Variable" owner="BuiltIn">
<msg time="2024-07-04T14:13:52.740331" level="INFO">${name_country} = CA</msg>
<var>${name_country}</var>
<arg>${json_data["results"][0]["nat"]}</arg>
<doc>Returns the given values which can then be assigned to a variables.</doc>
<status status="PASS" start="2024-07-04T14:13:52.739968" elapsed="0.000387"/>
</kw>
<kw name="Create List" owner="BuiltIn">
<msg time="2024-07-04T14:13:52.741239" level="INFO">${list_country} = ['AD', 'AE', 'AF', 'AG', 'AI', 'AL', 'AM', 'AO', 'AQ', 'AR', 'AS', 'AT', 'AU', 'AW', 'AX', 'AZ', 'BA', 'BB', 'BD', 'BE', 'BF', 'BG', 'BH', 'BI', 'BJ', 'BL', 'BM', 'BN', 'BO', 'BQ', 'BR', 'BS', 'BT', '...</msg>
<var>${list_country}</var>
<arg>AD</arg>
<arg>AE</arg>
<arg>AF</arg>
<arg>AG</arg>
<arg>AI</arg>
<arg>AL</arg>
<arg>AM</arg>
<arg>AO</arg>
<arg>AQ</arg>
<arg>AR</arg>
<arg>AS</arg>
<arg>AT</arg>
<arg>AU</arg>
<arg>AW</arg>
<arg>AX</arg>
<arg>AZ</arg>
<arg>BA</arg>
<arg>BB</arg>
<arg>BD</arg>
<arg>BE</arg>
<arg>BF</arg>
<arg>BG</arg>
<arg>BH</arg>
<arg>BI</arg>
<arg>BJ</arg>
<arg>BL</arg>
<arg>BM</arg>
<arg>BN</arg>
<arg>BO</arg>
<arg>BQ</arg>
<arg>BR</arg>
<arg>BS</arg>
<arg>BT</arg>
<arg>BV</arg>
<arg>BW</arg>
<arg>BY</arg>
<arg>BZ</arg>
<arg>CA</arg>
<arg>CC</arg>
<arg>CD</arg>
<arg>CF</arg>
<arg>CG</arg>
<arg>CH</arg>
<arg>CI</arg>
<arg>CK</arg>
<arg>CL</arg>
<arg>CM</arg>
<arg>CN</arg>
<arg>CO</arg>
<arg>CR</arg>
<arg>CU</arg>
<arg>CV</arg>
<arg>CW</arg>
<arg>CX</arg>
<arg>CY</arg>
<arg>CZ</arg>
<arg>DE</arg>
<arg>DJ</arg>
<arg>DK</arg>
<arg>DM</arg>
<arg>DO</arg>
<arg>DZ</arg>
<arg>EC</arg>
<arg>EE</arg>
<arg>EG</arg>
<arg>EH</arg>
<arg>ER</arg>
<arg>ES</arg>
<arg>ET</arg>
<arg>FI</arg>
<arg>FJ</arg>
<arg>FK</arg>
<arg>FM</arg>
<arg>FO</arg>
<arg>FR</arg>
<arg>GA</arg>
<arg>GB</arg>
<arg>GD</arg>
<arg>GE</arg>
<arg>GF</arg>
<arg>GG</arg>
<arg>GH</arg>
<arg>GI</arg>
<arg>GL</arg>
<arg>GM</arg>
<arg>GN</arg>
<arg>GP</arg>
<arg>GQ</arg>
<arg>GR</arg>
<arg>GS</arg>
<arg>GT</arg>
<arg>GU</arg>
<arg>GW</arg>
<arg>GY</arg>
<arg>HK</arg>
<arg>HM</arg>
<arg>HN</arg>
<arg>HR</arg>
<arg>HT</arg>
<arg>HU</arg>
<arg>ID</arg>
<arg>IE</arg>
<arg>IL</arg>
<arg>IM</arg>
<arg>IN</arg>
<arg>IO</arg>
<arg>IQ</arg>
<arg>IR</arg>
<arg>IS</arg>
<arg>IT</arg>
<arg>JE</arg>
<arg>JM</arg>
<arg>JO</arg>
<arg>JP</arg>
<arg>KE</arg>
<arg>KG</arg>
<arg>KH</arg>
<arg>KI</arg>
<arg>KM</arg>
<arg>KN</arg>
<arg>KP</arg>
<arg>KR</arg>
<arg>KW</arg>
<arg>KY</arg>
<arg>KZ</arg>
<arg>LA</arg>
<arg>LB</arg>
<arg>LC</arg>
<arg>LI</arg>
<arg>LK</arg>
<arg>LR</arg>
<arg>LS</arg>
<arg>LT</arg>
<arg>LU</arg>
<arg>LV</arg>
<arg>LY</arg>
<arg>MA</arg>
<arg>MC</arg>
<arg>MD</arg>
<arg>ME</arg>
<arg>MF</arg>
<arg>MG</arg>
<arg>MH</arg>
<arg>MK</arg>
<arg>ML</arg>
<arg>MM</arg>
<arg>MN</arg>
<arg>MO</arg>
<arg>MP</arg>
<arg>MQ</arg>
<arg>MR</arg>
<arg>MS</arg>
<arg>MT</arg>
<arg>MU</arg>
<arg>MV</arg>
<arg>MW</arg>
<arg>MX</arg>
<arg>MY</arg>
<arg>MZ</arg>
<arg>NA</arg>
<arg>NC</arg>
<arg>NE</arg>
<arg>NF</arg>
<arg>NG</arg>
<arg>NI</arg>
<arg>NL</arg>
<arg>NO</arg>
<arg>NP</arg>
<arg>NR</arg>
<arg>NU</arg>
<arg>NZ</arg>
<arg>OM</arg>
<arg>PA</arg>
<arg>PE</arg>
<arg>PF</arg>
<arg>PG</arg>
<arg>PH</arg>
<arg>PK</arg>
<arg>PL</arg>
<arg>PM</arg>
<arg>PN</arg>
<arg>PR</arg>
<arg>PS</arg>
<arg>PT</arg>
<arg>PW</arg>
<arg>PY</arg>
<arg>QA</arg>
<arg>RE</arg>
<arg>RO</arg>
<arg>RS</arg>
<arg>RU</arg>
<arg>RW</arg>
<arg>SA</arg>
<arg>SB</arg>
<arg>SC</arg>
<arg>SD</arg>
<arg>SE</arg>
<arg>SG</arg>
<arg>SH</arg>
<arg>SI</arg>
<arg>SJ</arg>
<arg>SK</arg>
<arg>SL</arg>
<arg>SM</arg>
<arg>SN</arg>
<arg>SO</arg>
<arg>SR</arg>
<arg>SS</arg>
<arg>ST</arg>
<arg>SV</arg>
<arg>SX</arg>
<arg>SY</arg>
<arg>SZ</arg>
<arg>TC</arg>
<arg>TD</arg>
<arg>TF</arg>
<arg>TG</arg>
<arg>TH</arg>
<arg>TJ</arg>
<arg>TK</arg>
<arg>TL</arg>
<arg>TM</arg>
<arg>TN</arg>
<arg>TO</arg>
<arg>TR</arg>
<arg>TT</arg>
<arg>TV</arg>
<arg>TW</arg>
<arg>TZ</arg>
<arg>UA</arg>
<arg>UG</arg>
<arg>UM</arg>
<arg>US</arg>
<arg>UY</arg>
<arg>UZ</arg>
<arg>VA</arg>
<arg>VC</arg>
<arg>VE</arg>
<arg>VG</arg>
<arg>VI</arg>
<arg>VN</arg>
<arg>VU</arg>
<arg>WF</arg>
<arg>WS</arg>
<arg>XK</arg>
<arg>YE</arg>
<arg>YT</arg>
<arg>ZA</arg>
<arg>ZM</arg>
<arg>ZW</arg>
<doc>Returns a list containing given items.</doc>
<status status="PASS" start="2024-07-04T14:13:52.740642" elapsed="0.000622"/>
</kw>
<kw name="List Should Contain Value" owner="Collections">
<arg>${list_country}</arg>
<arg>${name_country}</arg>
<doc>Fails if the ``value`` is not found from ``list``.</doc>
<status status="PASS" start="2024-07-04T14:13:52.742073" elapsed="0.000203"/>
</kw>
<kw name="Run Keyword If" owner="BuiltIn">
<kw name="Should Be True" owner="BuiltIn">
<arg>${True}</arg>
<doc>Fails if the given condition is not true.</doc>
<status status="PASS" start="2024-07-04T14:13:52.743216" elapsed="0.000141"/>
</kw>
<arg>${json_data["results"][0]["location"]["coordinates"]["latitude"]} &gt;= -90 and ${json_data["results"][0]["location"]["coordinates"]["latitude"]} &lt;= 90</arg>
<arg>Should Be True</arg>
<arg>${True}</arg>
<doc>Runs the given keyword with the given arguments, if ``condition`` is true.</doc>
<status status="PASS" start="2024-07-04T14:13:52.742472" elapsed="0.001009"/>
</kw>
<kw name="Run Keyword If" owner="BuiltIn">
<kw name="Should Be True" owner="BuiltIn">
<arg>${True}</arg>
<doc>Fails if the given condition is not true.</doc>
<status status="PASS" start="2024-07-04T14:13:52.744344" elapsed="0.000135"/>
</kw>
<arg>${json_data["results"][0]["location"]["coordinates"]["longitude"]} &gt;= -180 and ${json_data["results"][0]["location"]["coordinates"]["longitude"]} &lt;= 180</arg>
<arg>Should Be True</arg>
<arg>${True}</arg>
<doc>Runs the given keyword with the given arguments, if ``condition`` is true.</doc>
<status status="PASS" start="2024-07-04T14:13:52.743658" elapsed="0.000942"/>
</kw>
<status status="PASS" start="2024-07-04T14:13:52.649808" elapsed="0.094922"/>
</kw>
<doc>Testa o conteúdo específico dos campos retornados pela API.</doc>
<tag>testeConteudo</tag>
<status status="PASS" start="2024-07-04T14:13:52.649241" elapsed="0.095636"/>
</test>
<status status="PASS" start="2024-07-04T14:13:51.728009" elapsed="1.018928"/>
</suite>
<status status="PASS" start="2024-07-04T14:13:51.713758" elapsed="1.038325"/>
</suite>
<statistics>
<total>
<stat pass="5" fail="0" skip="0">All Tests</stat>
</total>
<tag>
<stat pass="1" fail="0" skip="0">testeConteudo</stat>
<stat pass="1" fail="0" skip="0">testeEstruturaResposta</stat>
<stat pass="1" fail="0" skip="0">testeRequisicaoBasica</stat>
<stat pass="1" fail="0" skip="0">testeTiposDados</stat>
</tag>
<suite>
<stat pass="5" fail="0" skip="0" id="s1" name="Tests">Tests</stat>
<stat pass="5" fail="0" skip="0" id="s1-s1" name="Random-User-Test">Tests.Random-User-Test</stat>
</suite>
</statistics>
<errors>
</errors>
</robot>
