<?xml version="1.0" encoding="UTF-8"?>
<robot generator="Robot 7.0.1 (Python 3.12.4 on linux)" generated="2024-08-06T22:15:20.935717" rpa="false" schemaversion="5">
<suite id="s1" name="Tests" source="/home/runner/work/ApiRandomUser/ApiRandomUser/RamdonUser/tests">
<suite id="s1-s1" name="Random-User-Test" source="/home/runner/work/ApiRandomUser/ApiRandomUser/RamdonUser/tests/random-user-test.robot">
<test id="s1-s1-t1" name="Conectar" line="13">
<kw name="Conectar API" owner="random-user-service">
<kw name="Create Session" owner="RequestsLibrary">
<msg time="2024-08-06T22:15:21.392039" level="INFO">Creating Session using : alias=consultarAPI, url=https://randomuser.me/, headers={},                     cookies={}, auth=None, timeout=None, proxies=None, verify=False,                     debug=0 </msg>
<arg>consultarAPI</arg>
<arg>${URL}</arg>
<doc>Create Session: create a HTTP session to a server</doc>
<status status="PASS" start="2024-08-06T22:15:21.391826" elapsed="0.000399"/>
</kw>
<status status="PASS" start="2024-08-06T22:15:21.390742" elapsed="0.001861"/>
</kw>
<status status="PASS" start="2024-08-06T22:15:21.390087" elapsed="0.002714"/>
</test>
<test id="s1-s1-t2" name="Validar retorno 200 e JSON Válido" line="16">
<kw name="Teste de Requisicao Basica" owner="random-user-service">
<kw name="GET On Session" owner="RequestsLibrary">
<msg time="2024-08-06T22:15:21.638493" level="INFO">GET Request : url=https://randomuser.me/api 
 path_url=/api 
 headers={'User-Agent': 'python-requests/2.32.3', 'Accept-Encoding': 'gzip, deflate', 'Accept': '*/*', 'Connection': 'keep-alive'} 
 body=None 
 </msg>
<msg time="2024-08-06T22:15:21.638665" level="INFO">GET Response : url=https://randomuser.me/api 
 status=200, reason=OK 
 headers={'Date': 'Tue, 06 Aug 2024 22:15:21 GMT', 'Content-Type': 'application/json; charset=utf-8', 'Transfer-Encoding': 'chunked', 'Connection': 'keep-alive', 'X-Powered-By': 'Express', 'Access-Control-Allow-Origin': '*', 'Cache-Control': 'no-cache', 'ETag': 'W/"48d-7dp6l6YAYB1jAwV0DnBOQC5FVoo"', 'Vary': 'Accept-Encoding', 'Content-Encoding': 'gzip', 'CF-Cache-Status': 'DYNAMIC', 'Report-To': '{"endpoints":[{"url":"https:\\/\\/a.nel.cloudflare.com\\/report\\/v4?s=nlfhxtE62igtSPXfK8dtqwPPGzUuMgud1CMJ%2FDJ7qNJRqHOWzOUZSEfYZLqYNPqI5BPDYvKE%2BufcpIIfeJPAFWtAug3IJmRaD5CM3KBBU%2FwoKEJyiAqLir7iPDeH%2BQV9"}],"group":"cf-nel","max_age":604800}', 'NEL': '{"success_fraction":0,"report_to":"cf-nel","max_age":604800}', 'Server': 'cloudflare', 'CF-RAY': '8af262978a517abc-SJC', 'alt-svc': 'h3=":443"; ma=86400'} 
 body={"results":[{"gender":"male","name":{"title":"Mr","first":"Steve","last":"Simpson"},"location":{"street":{"number":1195,"name":"York Road"},"city":"Winchester","state":"Tayside","country":"United Kingdom","postcode":"YU8 0AW","coordinates":{"latitude":"-7.4678","longitude":"-120.3983"},"timezone":{"offset":"-7:00","description":"Mountain Time (US &amp; Canada)"}},"email":"steve.simpson@example.com","login":{"uuid":"ed21ffe1-5d79-4f35-a87b-1391b9a8b455","username":"heavypanda158","password":"kramer","salt":"x2BM7owN","md5":"25edef6cccf69a7edbf94ae425dd20a9","sha1":"2a766f239153eccb49851730d2f053037d9b3762","sha256":"6496852fe41ac98a7e53edb684044634d474e315a24b484cad158e9a5aeff3ea"},"dob":{"date":"1958-04-22T10:23:26.267Z","age":66},"registered":{"date":"2014-09-08T17:46:00.297Z","age":9},"phone":"028 1508 9496","cell":"07855 246263","id":{"name":"NINO","value":"AH 62 72 58 W"},"picture":{"large":"https://randomuser.me/api/portraits/men/9.jpg","medium":"https://randomuser.me/api/portraits/med/men/9.jpg","thumbnail":"https://randomuser.me/api/portraits/thumb/men/9.jpg"},"nat":"GB"}],"info":{"seed":"bcfd123c67f09934","results":1,"page":1,"version":"1.4"}} 
 </msg>
<msg time="2024-08-06T22:15:21.638754" level="INFO">/opt/hostedtoolcache/Python/3.12.4/x64/lib/python3.12/site-packages/urllib3/connectionpool.py:1099: InsecureRequestWarning: Unverified HTTPS request is being made to host 'randomuser.me'. Adding certificate verification is strongly advised. See: https://urllib3.readthedocs.io/en/latest/advanced-usage.html#tls-warnings
  warnings.warn(</msg>
<msg time="2024-08-06T22:15:21.638929" level="INFO">${response} = &lt;Response [200]&gt;</msg>
<var>${response}</var>
<arg>consultarAPI</arg>
<arg>/api</arg>
<doc>Sends a GET request on a previously created HTTP Session.</doc>
<status status="PASS" start="2024-08-06T22:15:21.395507" elapsed="0.243465"/>
</kw>
<kw name="Should Be Equal As Numbers" owner="BuiltIn">
<msg time="2024-08-06T22:15:21.640040" level="INFO">Argument types are:
&lt;class 'int'&gt;
&lt;class 'str'&gt;</msg>
<arg>${response.status_code}</arg>
<arg>200</arg>
<doc>Fails if objects are unequal after converting them to real numbers.</doc>
<status status="PASS" start="2024-08-06T22:15:21.639537" elapsed="0.000573"/>
</kw>
<kw name="Log" owner="BuiltIn">
<msg time="2024-08-06T22:15:21.640870" level="INFO">200</msg>
<arg>${response.status_code}</arg>
<doc>Logs the given message with the given level.</doc>
<status status="PASS" start="2024-08-06T22:15:21.640479" elapsed="0.000435"/>
</kw>
<kw name="Set Variable" owner="BuiltIn">
<msg time="2024-08-06T22:15:21.641687" level="INFO">${json_data} = {'results': [{'gender': 'male', 'name': {'title': 'Mr', 'first': 'Steve', 'last': 'Simpson'}, 'location': {'street': {'number': 1195, 'name': 'York Road'}, 'city': 'Winchester', 'state': 'Tayside', 'c...</msg>
<var>${json_data}</var>
<arg>${response.json()}</arg>
<doc>Returns the given values which can then be assigned to a variables.</doc>
<status status="PASS" start="2024-08-06T22:15:21.641239" elapsed="0.000479"/>
</kw>
<kw name="Dictionary Should Contain Key" owner="Collections">
<arg>${json_data}</arg>
<arg>results</arg>
<doc>Fails if ``key`` is not found from ``dictionary``.</doc>
<status status="PASS" start="2024-08-06T22:15:21.642037" elapsed="0.000381"/>
</kw>
<status status="PASS" start="2024-08-06T22:15:21.395252" elapsed="0.247342"/>
</kw>
<doc>Testa se a API responde corretamente e retorna um objeto JSON válido.</doc>
<tag>testeRequisicaoBasica</tag>
<status status="PASS" start="2024-08-06T22:15:21.394730" elapsed="0.248048"/>
</test>
<test id="s1-s1-t3" name="Validar estrutura de resposta" line="22">
<kw name="Teste de Estrutura de Resposta" owner="random-user-service">
<kw name="GET On Session" owner="RequestsLibrary">
<msg time="2024-08-06T22:15:21.762144" level="INFO">GET Request : url=https://randomuser.me/api 
 path_url=/api 
 headers={'User-Agent': 'python-requests/2.32.3', 'Accept-Encoding': 'gzip, deflate', 'Accept': '*/*', 'Connection': 'keep-alive'} 
 body=None 
 </msg>
<msg time="2024-08-06T22:15:21.762263" level="INFO">GET Response : url=https://randomuser.me/api 
 status=200, reason=OK 
 headers={'Date': 'Tue, 06 Aug 2024 22:15:21 GMT', 'Content-Type': 'application/json; charset=utf-8', 'Transfer-Encoding': 'chunked', 'Connection': 'keep-alive', 'X-Powered-By': 'Express', 'Access-Control-Allow-Origin': '*', 'Cache-Control': 'no-cache', 'ETag': 'W/"4a0-6qybPFAVWlr3+eeheGIMfczQdOs"', 'Vary': 'Accept-Encoding', 'Content-Encoding': 'gzip', 'CF-Cache-Status': 'DYNAMIC', 'Report-To': '{"endpoints":[{"url":"https:\\/\\/a.nel.cloudflare.com\\/report\\/v4?s=r8haiMi5bW5w06DJ8%2FpDDv8Ovr1D8wqrdFl7kxldDmOashmRtmYotp5TY6SxjiVx7%2FG%2Fruvv2bTPeB3FdwtTa5D6tYM4Qyl0Apg783vfh00d3ENtaGu%2Fe4scWmOvS4CT"}],"group":"cf-nel","max_age":604800}', 'NEL': '{"success_fraction":0,"report_to":"cf-nel","max_age":604800}', 'Server': 'cloudflare', 'CF-RAY': '8af262984acc7abc-SJC', 'alt-svc': 'h3=":443"; ma=86400'} 
 body={"results":[{"gender":"male","name":{"title":"Mr","first":"Francisco Javier","last":"Almonte"},"location":{"street":{"number":9978,"name":"Calzada Sur Quiñónez"},"city":"Cerro Colorado","state":"Hidalgo","country":"Mexico","postcode":35711,"coordinates":{"latitude":"22.2358","longitude":"-1.6494"},"timezone":{"offset":"-3:30","description":"Newfoundland"}},"email":"franciscojavier.almonte@example.com","login":{"uuid":"504f4264-7a2b-4e3d-b50f-63cc414dc9a0","username":"beautifulzebra485","password":"edgar","salt":"COiT4oYT","md5":"17cb7c873f2898062179795089316a29","sha1":"98f84639d5a9a10929da9dcb6df5983e3fdb307b","sha256":"d8ad5fbd3ff53dd92718f60d07c58e5844ecbab4b252d522b5cef6d7d4bfc488"},"dob":{"date":"1955-11-26T21:29:43.908Z","age":68},"registered":{"date":"2018-05-25T20:08:40.915Z","age":6},"phone":"(621) 287 6606","cell":"(688) 904 3352","id":{"name":"NSS","value":"22 46 83 2128 2"},"picture":{"large":"https://randomuser.me/api/portraits/men/79.jpg","medium":"https://randomuser.me/api/portraits/med/men/79.jpg","thumbnail":"https://randomuser.me/api/portraits/thumb/men/79.jpg"},"nat":"MX"}],"info":{"seed":"3d9e5b81587dd41b","results":1,"page":1,"version":"1.4"}} 
 </msg>
<msg time="2024-08-06T22:15:21.762464" level="INFO">/opt/hostedtoolcache/Python/3.12.4/x64/lib/python3.12/site-packages/urllib3/connectionpool.py:1099: InsecureRequestWarning: Unverified HTTPS request is being made to host 'randomuser.me'. Adding certificate verification is strongly advised. See: https://urllib3.readthedocs.io/en/latest/advanced-usage.html#tls-warnings
  warnings.warn(</msg>
<msg time="2024-08-06T22:15:21.762631" level="INFO">${response} = &lt;Response [200]&gt;</msg>
<var>${response}</var>
<arg>consultarAPI</arg>
<arg>/api</arg>
<doc>Sends a GET request on a previously created HTTP Session.</doc>
<status status="PASS" start="2024-08-06T22:15:21.645858" elapsed="0.116818"/>
</kw>
<kw name="Set Variable" owner="BuiltIn">
<msg time="2024-08-06T22:15:21.763697" level="INFO">${json_data} = {'results': [{'gender': 'male', 'name': {'title': 'Mr', 'first': 'Francisco Javier', 'last': 'Almonte'}, 'location': {'street': {'number': 9978, 'name': 'Calzada Sur Quiñónez'}, 'city': 'Cerro Colorad...</msg>
<var>${json_data}</var>
<arg>${response.json()}</arg>
<doc>Returns the given values which can then be assigned to a variables.</doc>
<status status="PASS" start="2024-08-06T22:15:21.763167" elapsed="0.000559"/>
</kw>
<kw name="Log" owner="BuiltIn">
<msg time="2024-08-06T22:15:21.764219" level="INFO">{'results': [{'gender': 'male', 'name': {'title': 'Mr', 'first': 'Francisco Javier', 'last': 'Almonte'}, 'location': {'street': {'number': 9978, 'name': 'Calzada Sur Quiñónez'}, 'city': 'Cerro Colorado', 'state': 'Hidalgo', 'country': 'Mexico', 'postcode': 35711, 'coordinates': {'latitude': '22.2358', 'longitude': '-1.6494'}, 'timezone': {'offset': '-3:30', 'description': 'Newfoundland'}}, 'email': 'franciscojavier.almonte@example.com', 'login': {'uuid': '504f4264-7a2b-4e3d-b50f-63cc414dc9a0', 'username': 'beautifulzebra485', 'password': 'edgar', 'salt': 'COiT4oYT', 'md5': '17cb7c873f2898062179795089316a29', 'sha1': '98f84639d5a9a10929da9dcb6df5983e3fdb307b', 'sha256': 'd8ad5fbd3ff53dd92718f60d07c58e5844ecbab4b252d522b5cef6d7d4bfc488'}, 'dob': {'date': '1955-11-26T21:29:43.908Z', 'age': 68}, 'registered': {'date': '2018-05-25T20:08:40.915Z', 'age': 6}, 'phone': '(621) 287 6606', 'cell': '(688) 904 3352', 'id': {'name': 'NSS', 'value': '22 46 83 2128 2'}, 'picture': {'large': 'https://randomuser.me/api/portraits/men/79.jpg', 'medium': 'https://randomuser.me/api/portraits/med/men/79.jpg', 'thumbnail': 'https://randomuser.me/api/portraits/thumb/men/79.jpg'}, 'nat': 'MX'}], 'info': {'seed': '3d9e5b81587dd41b', 'results': 1, 'page': 1, 'version': '1.4'}}</msg>
<arg>${json_data}</arg>
<doc>Logs the given message with the given level.</doc>
<status status="PASS" start="2024-08-06T22:15:21.764059" elapsed="0.000212"/>
</kw>
<kw name="Dictionary Should Contain Key" owner="Collections">
<arg>${json_data}</arg>
<arg>results</arg>
<doc>Fails if ``key`` is not found from ``dictionary``.</doc>
<status status="PASS" start="2024-08-06T22:15:21.764562" elapsed="0.000161"/>
</kw>
<kw name="Should Not Be Empty" owner="BuiltIn">
<msg time="2024-08-06T22:15:21.765024" level="INFO">Length is 2.</msg>
<arg>${json_data}</arg>
<doc>Verifies that the given item is not empty.</doc>
<status status="PASS" start="2024-08-06T22:15:21.764903" elapsed="0.000159"/>
</kw>
<kw name="Create List" owner="BuiltIn">
<msg time="2024-08-06T22:15:21.765495" level="INFO">${expected_keys} = ['gender', 'name', 'location', 'email', 'login']</msg>
<var>${expected_keys}</var>
<arg>gender</arg>
<arg>name</arg>
<arg>location</arg>
<arg>email</arg>
<arg>login</arg>
<doc>Returns a list containing given items.</doc>
<status status="PASS" start="2024-08-06T22:15:21.765349" elapsed="0.000169"/>
</kw>
<for flavor="IN">
<iter>
<kw name="Dictionary Should Contain Key" owner="Collections">
<arg>${json_data['results'][0]}</arg>
<arg>${key}</arg>
<doc>Fails if ``key`` is not found from ``dictionary``.</doc>
<status status="PASS" start="2024-08-06T22:15:21.766085" elapsed="0.000451"/>
</kw>
<kw name="Log" owner="BuiltIn">
<msg time="2024-08-06T22:15:21.767080" level="INFO">{'gender': 'male', 'name': {'title': 'Mr', 'first': 'Francisco Javier', 'last': 'Almonte'}, 'location': {'street': {'number': 9978, 'name': 'Calzada Sur Quiñónez'}, 'city': 'Cerro Colorado', 'state': 'Hidalgo', 'country': 'Mexico', 'postcode': 35711, 'coordinates': {'latitude': '22.2358', 'longitude': '-1.6494'}, 'timezone': {'offset': '-3:30', 'description': 'Newfoundland'}}, 'email': 'franciscojavier.almonte@example.com', 'login': {'uuid': '504f4264-7a2b-4e3d-b50f-63cc414dc9a0', 'username': 'beautifulzebra485', 'password': 'edgar', 'salt': 'COiT4oYT', 'md5': '17cb7c873f2898062179795089316a29', 'sha1': '98f84639d5a9a10929da9dcb6df5983e3fdb307b', 'sha256': 'd8ad5fbd3ff53dd92718f60d07c58e5844ecbab4b252d522b5cef6d7d4bfc488'}, 'dob': {'date': '1955-11-26T21:29:43.908Z', 'age': 68}, 'registered': {'date': '2018-05-25T20:08:40.915Z', 'age': 6}, 'phone': '(621) 287 6606', 'cell': '(688) 904 3352', 'id': {'name': 'NSS', 'value': '22 46 83 2128 2'}, 'picture': {'large': 'https://randomuser.me/api/portraits/men/79.jpg', 'medium': 'https://randomuser.me/api/portraits/med/men/79.jpg', 'thumbnail': 'https://randomuser.me/api/portraits/thumb/men/79.jpg'}, 'nat': 'MX'}</msg>
<arg>${json_data['results'][0]}</arg>
<doc>Logs the given message with the given level.</doc>
<status status="PASS" start="2024-08-06T22:15:21.766726" elapsed="0.000405"/>
</kw>
<kw name="Log" owner="BuiltIn">
<msg time="2024-08-06T22:15:21.767553" level="INFO">gender</msg>
<arg>${key}</arg>
<doc>Logs the given message with the given level.</doc>
<status status="PASS" start="2024-08-06T22:15:21.767426" elapsed="0.000171"/>
</kw>
<var name="${key}">gender</var>
<status status="PASS" start="2024-08-06T22:15:21.765965" elapsed="0.001853"/>
</iter>
<iter>
<kw name="Dictionary Should Contain Key" owner="Collections">
<arg>${json_data['results'][0]}</arg>
<arg>${key}</arg>
<doc>Fails if ``key`` is not found from ``dictionary``.</doc>
<status status="PASS" start="2024-08-06T22:15:21.768112" elapsed="0.000400"/>
</kw>
<kw name="Log" owner="BuiltIn">
<msg time="2024-08-06T22:15:21.769102" level="INFO">{'gender': 'male', 'name': {'title': 'Mr', 'first': 'Francisco Javier', 'last': 'Almonte'}, 'location': {'street': {'number': 9978, 'name': 'Calzada Sur Quiñónez'}, 'city': 'Cerro Colorado', 'state': 'Hidalgo', 'country': 'Mexico', 'postcode': 35711, 'coordinates': {'latitude': '22.2358', 'longitude': '-1.6494'}, 'timezone': {'offset': '-3:30', 'description': 'Newfoundland'}}, 'email': 'franciscojavier.almonte@example.com', 'login': {'uuid': '504f4264-7a2b-4e3d-b50f-63cc414dc9a0', 'username': 'beautifulzebra485', 'password': 'edgar', 'salt': 'COiT4oYT', 'md5': '17cb7c873f2898062179795089316a29', 'sha1': '98f84639d5a9a10929da9dcb6df5983e3fdb307b', 'sha256': 'd8ad5fbd3ff53dd92718f60d07c58e5844ecbab4b252d522b5cef6d7d4bfc488'}, 'dob': {'date': '1955-11-26T21:29:43.908Z', 'age': 68}, 'registered': {'date': '2018-05-25T20:08:40.915Z', 'age': 6}, 'phone': '(621) 287 6606', 'cell': '(688) 904 3352', 'id': {'name': 'NSS', 'value': '22 46 83 2128 2'}, 'picture': {'large': 'https://randomuser.me/api/portraits/men/79.jpg', 'medium': 'https://randomuser.me/api/portraits/med/men/79.jpg', 'thumbnail': 'https://randomuser.me/api/portraits/thumb/men/79.jpg'}, 'nat': 'MX'}</msg>
<arg>${json_data['results'][0]}</arg>
<doc>Logs the given message with the given level.</doc>
<status status="PASS" start="2024-08-06T22:15:21.768697" elapsed="0.000456"/>
</kw>
<kw name="Log" owner="BuiltIn">
<msg time="2024-08-06T22:15:21.769577" level="INFO">name</msg>
<arg>${key}</arg>
<doc>Logs the given message with the given level.</doc>
<status status="PASS" start="2024-08-06T22:15:21.769448" elapsed="0.000166"/>
</kw>
<var name="${key}">name</var>
<status status="PASS" start="2024-08-06T22:15:21.767998" elapsed="0.001856"/>
</iter>
<iter>
<kw name="Dictionary Should Contain Key" owner="Collections">
<arg>${json_data['results'][0]}</arg>
<arg>${key}</arg>
<doc>Fails if ``key`` is not found from ``dictionary``.</doc>
<status status="PASS" start="2024-08-06T22:15:21.770139" elapsed="0.000409"/>
</kw>
<kw name="Log" owner="BuiltIn">
<msg time="2024-08-06T22:15:21.771077" level="INFO">{'gender': 'male', 'name': {'title': 'Mr', 'first': 'Francisco Javier', 'last': 'Almonte'}, 'location': {'street': {'number': 9978, 'name': 'Calzada Sur Quiñónez'}, 'city': 'Cerro Colorado', 'state': 'Hidalgo', 'country': 'Mexico', 'postcode': 35711, 'coordinates': {'latitude': '22.2358', 'longitude': '-1.6494'}, 'timezone': {'offset': '-3:30', 'description': 'Newfoundland'}}, 'email': 'franciscojavier.almonte@example.com', 'login': {'uuid': '504f4264-7a2b-4e3d-b50f-63cc414dc9a0', 'username': 'beautifulzebra485', 'password': 'edgar', 'salt': 'COiT4oYT', 'md5': '17cb7c873f2898062179795089316a29', 'sha1': '98f84639d5a9a10929da9dcb6df5983e3fdb307b', 'sha256': 'd8ad5fbd3ff53dd92718f60d07c58e5844ecbab4b252d522b5cef6d7d4bfc488'}, 'dob': {'date': '1955-11-26T21:29:43.908Z', 'age': 68}, 'registered': {'date': '2018-05-25T20:08:40.915Z', 'age': 6}, 'phone': '(621) 287 6606', 'cell': '(688) 904 3352', 'id': {'name': 'NSS', 'value': '22 46 83 2128 2'}, 'picture': {'large': 'https://randomuser.me/api/portraits/men/79.jpg', 'medium': 'https://randomuser.me/api/portraits/med/men/79.jpg', 'thumbnail': 'https://randomuser.me/api/portraits/thumb/men/79.jpg'}, 'nat': 'MX'}</msg>
<arg>${json_data['results'][0]}</arg>
<doc>Logs the given message with the given level.</doc>
<status status="PASS" start="2024-08-06T22:15:21.770727" elapsed="0.000397"/>
</kw>
<kw name="Log" owner="BuiltIn">
<msg time="2024-08-06T22:15:21.771585" level="INFO">location</msg>
<arg>${key}</arg>
<doc>Logs the given message with the given level.</doc>
<status status="PASS" start="2024-08-06T22:15:21.771447" elapsed="0.000175"/>
</kw>
<var name="${key}">location</var>
<status status="PASS" start="2024-08-06T22:15:21.770032" elapsed="0.001808"/>
</iter>
<iter>
<kw name="Dictionary Should Contain Key" owner="Collections">
<arg>${json_data['results'][0]}</arg>
<arg>${key}</arg>
<doc>Fails if ``key`` is not found from ``dictionary``.</doc>
<status status="PASS" start="2024-08-06T22:15:21.772111" elapsed="0.000384"/>
</kw>
<kw name="Log" owner="BuiltIn">
<msg time="2024-08-06T22:15:21.773145" level="INFO">{'gender': 'male', 'name': {'title': 'Mr', 'first': 'Francisco Javier', 'last': 'Almonte'}, 'location': {'street': {'number': 9978, 'name': 'Calzada Sur Quiñónez'}, 'city': 'Cerro Colorado', 'state': 'Hidalgo', 'country': 'Mexico', 'postcode': 35711, 'coordinates': {'latitude': '22.2358', 'longitude': '-1.6494'}, 'timezone': {'offset': '-3:30', 'description': 'Newfoundland'}}, 'email': 'franciscojavier.almonte@example.com', 'login': {'uuid': '504f4264-7a2b-4e3d-b50f-63cc414dc9a0', 'username': 'beautifulzebra485', 'password': 'edgar', 'salt': 'COiT4oYT', 'md5': '17cb7c873f2898062179795089316a29', 'sha1': '98f84639d5a9a10929da9dcb6df5983e3fdb307b', 'sha256': 'd8ad5fbd3ff53dd92718f60d07c58e5844ecbab4b252d522b5cef6d7d4bfc488'}, 'dob': {'date': '1955-11-26T21:29:43.908Z', 'age': 68}, 'registered': {'date': '2018-05-25T20:08:40.915Z', 'age': 6}, 'phone': '(621) 287 6606', 'cell': '(688) 904 3352', 'id': {'name': 'NSS', 'value': '22 46 83 2128 2'}, 'picture': {'large': 'https://randomuser.me/api/portraits/men/79.jpg', 'medium': 'https://randomuser.me/api/portraits/med/men/79.jpg', 'thumbnail': 'https://randomuser.me/api/portraits/thumb/men/79.jpg'}, 'nat': 'MX'}</msg>
<arg>${json_data['results'][0]}</arg>
<doc>Logs the given message with the given level.</doc>
<status status="PASS" start="2024-08-06T22:15:21.772795" elapsed="0.000399"/>
</kw>
<kw name="Log" owner="BuiltIn">
<msg time="2024-08-06T22:15:21.773615" level="INFO">email</msg>
<arg>${key}</arg>
<doc>Logs the given message with the given level.</doc>
<status status="PASS" start="2024-08-06T22:15:21.773489" elapsed="0.000164"/>
</kw>
<var name="${key}">email</var>
<status status="PASS" start="2024-08-06T22:15:21.772006" elapsed="0.001876"/>
</iter>
<iter>
<kw name="Dictionary Should Contain Key" owner="Collections">
<arg>${json_data['results'][0]}</arg>
<arg>${key}</arg>
<doc>Fails if ``key`` is not found from ``dictionary``.</doc>
<status status="PASS" start="2024-08-06T22:15:21.774156" elapsed="0.000405"/>
</kw>
<kw name="Log" owner="BuiltIn">
<msg time="2024-08-06T22:15:21.775078" level="INFO">{'gender': 'male', 'name': {'title': 'Mr', 'first': 'Francisco Javier', 'last': 'Almonte'}, 'location': {'street': {'number': 9978, 'name': 'Calzada Sur Quiñónez'}, 'city': 'Cerro Colorado', 'state': 'Hidalgo', 'country': 'Mexico', 'postcode': 35711, 'coordinates': {'latitude': '22.2358', 'longitude': '-1.6494'}, 'timezone': {'offset': '-3:30', 'description': 'Newfoundland'}}, 'email': 'franciscojavier.almonte@example.com', 'login': {'uuid': '504f4264-7a2b-4e3d-b50f-63cc414dc9a0', 'username': 'beautifulzebra485', 'password': 'edgar', 'salt': 'COiT4oYT', 'md5': '17cb7c873f2898062179795089316a29', 'sha1': '98f84639d5a9a10929da9dcb6df5983e3fdb307b', 'sha256': 'd8ad5fbd3ff53dd92718f60d07c58e5844ecbab4b252d522b5cef6d7d4bfc488'}, 'dob': {'date': '1955-11-26T21:29:43.908Z', 'age': 68}, 'registered': {'date': '2018-05-25T20:08:40.915Z', 'age': 6}, 'phone': '(621) 287 6606', 'cell': '(688) 904 3352', 'id': {'name': 'NSS', 'value': '22 46 83 2128 2'}, 'picture': {'large': 'https://randomuser.me/api/portraits/men/79.jpg', 'medium': 'https://randomuser.me/api/portraits/med/men/79.jpg', 'thumbnail': 'https://randomuser.me/api/portraits/thumb/men/79.jpg'}, 'nat': 'MX'}</msg>
<arg>${json_data['results'][0]}</arg>
<doc>Logs the given message with the given level.</doc>
<status status="PASS" start="2024-08-06T22:15:21.774737" elapsed="0.000392"/>
</kw>
<kw name="Log" owner="BuiltIn">
<msg time="2024-08-06T22:15:21.775539" level="INFO">login</msg>
<arg>${key}</arg>
<doc>Logs the given message with the given level.</doc>
<status status="PASS" start="2024-08-06T22:15:21.775414" elapsed="0.000162"/>
</kw>
<var name="${key}">login</var>
<status status="PASS" start="2024-08-06T22:15:21.774050" elapsed="0.001738"/>
</iter>
<var>${key}</var>
<value>@{expected_keys}</value>
<status status="PASS" start="2024-08-06T22:15:21.765773" elapsed="0.010133"/>
</for>
<kw name="Create List" owner="BuiltIn">
<msg time="2024-08-06T22:15:21.776249" level="INFO">${expected_keysTwo} = ['username', 'password']</msg>
<var>${expected_keysTwo}</var>
<arg>username</arg>
<arg>password</arg>
<doc>Returns a list containing given items.</doc>
<status status="PASS" start="2024-08-06T22:15:21.776116" elapsed="0.000156"/>
</kw>
<for flavor="IN">
<iter>
<kw name="Dictionary Should Contain Key" owner="Collections">
<arg>${json_data['results'][0]['login']}</arg>
<arg>${keyTwo}</arg>
<doc>Fails if ``key`` is not found from ``dictionary``.</doc>
<status status="PASS" start="2024-08-06T22:15:21.776751" elapsed="0.000385"/>
</kw>
<kw name="Dictionary Should Contain Key" owner="Collections">
<arg>${json_data['results'][0]['login']}</arg>
<arg>${keyTwo}</arg>
<doc>Fails if ``key`` is not found from ``dictionary``.</doc>
<status status="PASS" start="2024-08-06T22:15:21.777311" elapsed="0.000373"/>
</kw>
<kw name="Log" owner="BuiltIn">
<msg time="2024-08-06T22:15:21.777981" level="INFO">username</msg>
<arg>${keyTwo}</arg>
<doc>Logs the given message with the given level.</doc>
<status status="PASS" start="2024-08-06T22:15:21.777860" elapsed="0.000182"/>
</kw>
<var name="${keyTwo}">username</var>
<status status="PASS" start="2024-08-06T22:15:21.776648" elapsed="0.001688"/>
</iter>
<iter>
<kw name="Dictionary Should Contain Key" owner="Collections">
<arg>${json_data['results'][0]['login']}</arg>
<arg>${keyTwo}</arg>
<doc>Fails if ``key`` is not found from ``dictionary``.</doc>
<status status="PASS" start="2024-08-06T22:15:21.778790" elapsed="0.000593"/>
</kw>
<kw name="Dictionary Should Contain Key" owner="Collections">
<arg>${json_data['results'][0]['login']}</arg>
<arg>${keyTwo}</arg>
<doc>Fails if ``key`` is not found from ``dictionary``.</doc>
<status status="PASS" start="2024-08-06T22:15:21.779683" elapsed="0.000642"/>
</kw>
<kw name="Log" owner="BuiltIn">
<msg time="2024-08-06T22:15:21.780812" level="INFO">password</msg>
<arg>${keyTwo}</arg>
<doc>Logs the given message with the given level.</doc>
<status status="PASS" start="2024-08-06T22:15:21.780627" elapsed="0.000242"/>
</kw>
<var name="${keyTwo}">password</var>
<status status="PASS" start="2024-08-06T22:15:21.778623" elapsed="0.002583"/>
</iter>
<var>${keyTwo}</var>
<value>@{expected_keysTwo}</value>
<status status="PASS" start="2024-08-06T22:15:21.776502" elapsed="0.004903"/>
</for>
<status status="PASS" start="2024-08-06T22:15:21.645502" elapsed="0.136060"/>
</kw>
<doc>Testa a estrutura da resposta da API.</doc>
<tag>testeEstruturaResposta</tag>
<status status="PASS" start="2024-08-06T22:15:21.644667" elapsed="0.137057"/>
</test>
<test id="s1-s1-t4" name="Validar tipos de dados" line="28">
<kw name="Teste de Tipos de Dados" owner="random-user-service">
<kw name="GET On Session" owner="RequestsLibrary">
<msg time="2024-08-06T22:15:21.876326" level="INFO">GET Request : url=https://randomuser.me/api 
 path_url=/api 
 headers={'User-Agent': 'python-requests/2.32.3', 'Accept-Encoding': 'gzip, deflate', 'Accept': '*/*', 'Connection': 'keep-alive'} 
 body=None 
 </msg>
<msg time="2024-08-06T22:15:21.876439" level="INFO">GET Response : url=https://randomuser.me/api 
 status=200, reason=OK 
 headers={'Date': 'Tue, 06 Aug 2024 22:15:21 GMT', 'Content-Type': 'application/json; charset=utf-8', 'Transfer-Encoding': 'chunked', 'Connection': 'keep-alive', 'X-Powered-By': 'Express', 'Access-Control-Allow-Origin': '*', 'Cache-Control': 'no-cache', 'ETag': 'W/"497-P3yelW/2OwfWwFYAUzq/bPoKsIM"', 'Vary': 'Accept-Encoding', 'Content-Encoding': 'gzip', 'CF-Cache-Status': 'DYNAMIC', 'Report-To': '{"endpoints":[{"url":"https:\\/\\/a.nel.cloudflare.com\\/report\\/v4?s=DiKhotTKUq7JT63yTCFF5WJ%2FG%2BU19UmNnVZNjWZAzRCHvU9B8HvVJLJYjkYj5Ehr2z3ZacPcZwt4pi%2FL%2F1dw064pKAU7jLUqJmPIre1nyerIBXqJPdHh5snNupJXUZ4q"}],"group":"cf-nel","max_age":604800}', 'NEL': '{"success_fraction":0,"report_to":"cf-nel","max_age":604800}', 'Server': 'cloudflare', 'CF-RAY': '8af262992bd47abc-SJC', 'alt-svc': 'h3=":443"; ma=86400'} 
 body={"results":[{"gender":"male","name":{"title":"Mr","first":"Lucas Or Luke","last":"Lawson"},"location":{"street":{"number":61,"name":"Manchester Road"},"city":"Leeds","state":"South Glamorgan","country":"United Kingdom","postcode":"O8D 8TA","coordinates":{"latitude":"-6.0503","longitude":"-95.0020"},"timezone":{"offset":"+9:30","description":"Adelaide, Darwin"}},"email":"lucasorluke.lawson@example.com","login":{"uuid":"a8e066c8-a135-4039-ab0b-2de312a0a01a","username":"angrypanda254","password":"postman","salt":"PemuaoJP","md5":"8919c333f3f116ef57556eb3e1f8c250","sha1":"8065f0336acb7295189b391eed4260acb61386b5","sha256":"eeacc16c6d80c720b5a8f2898b233de3b8ba90d2fa7852b437b72b86996c0068"},"dob":{"date":"1992-01-05T02:32:29.501Z","age":32},"registered":{"date":"2020-05-16T13:17:54.191Z","age":4},"phone":"015394 63722","cell":"07610 471423","id":{"name":"NINO","value":"JK 95 48 42 W"},"picture":{"large":"https://randomuser.me/api/portraits/men/18.jpg","medium":"https://randomuser.me/api/portraits/med/men/18.jpg","thumbnail":"https://randomuser.me/api/portraits/thumb/men/18.jpg"},"nat":"GB"}],"info":{"seed":"79cb0207eab4e4cf","results":1,"page":1,"version":"1.4"}} 
 </msg>
<msg time="2024-08-06T22:15:21.876521" level="INFO">/opt/hostedtoolcache/Python/3.12.4/x64/lib/python3.12/site-packages/urllib3/connectionpool.py:1099: InsecureRequestWarning: Unverified HTTPS request is being made to host 'randomuser.me'. Adding certificate verification is strongly advised. See: https://urllib3.readthedocs.io/en/latest/advanced-usage.html#tls-warnings
  warnings.warn(</msg>
<msg time="2024-08-06T22:15:21.876684" level="INFO">${response} = &lt;Response [200]&gt;</msg>
<var>${response}</var>
<arg>consultarAPI</arg>
<arg>/api</arg>
<doc>Sends a GET request on a previously created HTTP Session.</doc>
<status status="PASS" start="2024-08-06T22:15:21.784328" elapsed="0.092394"/>
</kw>
<kw name="Set Variable" owner="BuiltIn">
<msg time="2024-08-06T22:15:21.877795" level="INFO">${json_data} = {'results': [{'gender': 'male', 'name': {'title': 'Mr', 'first': 'Lucas Or Luke', 'last': 'Lawson'}, 'location': {'street': {'number': 61, 'name': 'Manchester Road'}, 'city': 'Leeds', 'state': 'South ...</msg>
<var>${json_data}</var>
<arg>${response.json()}</arg>
<doc>Returns the given values which can then be assigned to a variables.</doc>
<status status="PASS" start="2024-08-06T22:15:21.877238" elapsed="0.000587"/>
</kw>
<kw name="Log" owner="BuiltIn">
<msg time="2024-08-06T22:15:21.878358" level="INFO">{'results': [{'gender': 'male', 'name': {'title': 'Mr', 'first': 'Lucas Or Luke', 'last': 'Lawson'}, 'location': {'street': {'number': 61, 'name': 'Manchester Road'}, 'city': 'Leeds', 'state': 'South Glamorgan', 'country': 'United Kingdom', 'postcode': 'O8D 8TA', 'coordinates': {'latitude': '-6.0503', 'longitude': '-95.0020'}, 'timezone': {'offset': '+9:30', 'description': 'Adelaide, Darwin'}}, 'email': 'lucasorluke.lawson@example.com', 'login': {'uuid': 'a8e066c8-a135-4039-ab0b-2de312a0a01a', 'username': 'angrypanda254', 'password': 'postman', 'salt': 'PemuaoJP', 'md5': '8919c333f3f116ef57556eb3e1f8c250', 'sha1': '8065f0336acb7295189b391eed4260acb61386b5', 'sha256': 'eeacc16c6d80c720b5a8f2898b233de3b8ba90d2fa7852b437b72b86996c0068'}, 'dob': {'date': '1992-01-05T02:32:29.501Z', 'age': 32}, 'registered': {'date': '2020-05-16T13:17:54.191Z', 'age': 4}, 'phone': '015394 63722', 'cell': '07610 471423', 'id': {'name': 'NINO', 'value': 'JK 95 48 42 W'}, 'picture': {'large': 'https://randomuser.me/api/portraits/men/18.jpg', 'medium': 'https://randomuser.me/api/portraits/med/men/18.jpg', 'thumbnail': 'https://randomuser.me/api/portraits/thumb/men/18.jpg'}, 'nat': 'GB'}], 'info': {'seed': '79cb0207eab4e4cf', 'results': 1, 'page': 1, 'version': '1.4'}}</msg>
<arg>${json_data}</arg>
<doc>Logs the given message with the given level.</doc>
<status status="PASS" start="2024-08-06T22:15:21.878184" elapsed="0.000264"/>
</kw>
<kw name="Should Be String" owner="String">
<arg>${json_data['results'][0]['gender']}</arg>
<doc>Fails if the given ``item`` is not a string.</doc>
<status status="PASS" start="2024-08-06T22:15:21.878803" elapsed="0.000443"/>
</kw>
<kw name="Should Match Regexp" owner="BuiltIn">
<arg>${json_data['results'][0]['email']}</arg>
<arg>^[a-zA-Z0-9._%+-]+@[a-zA-Z0-9.-]+\.[a-zA-Z]{2,}$</arg>
<doc>Fails if ``string`` does not match ``pattern`` as a regular expression.</doc>
<status status="PASS" start="2024-08-06T22:15:21.879487" elapsed="0.000536"/>
</kw>
<kw name="Should Match Regexp" owner="BuiltIn">
<arg>${json_data['results'][0]['dob']['date']}</arg>
<arg>\\d{4}-\\d{2}-\\d{2}T\\d{2}:\\d{2}:\\d{2}\\.\\d{3}Z</arg>
<doc>Fails if ``string`` does not match ``pattern`` as a regular expression.</doc>
<status status="PASS" start="2024-08-06T22:15:21.880228" elapsed="0.000667"/>
</kw>
<kw name="Should Match Regexp" owner="BuiltIn">
<arg>${json_data['results'][0]['registered']['date']}</arg>
<arg>\\d{4}-\\d{2}-\\d{2}T\\d{2}:\\d{2}:\\d{2}\\.\\d{3}Z</arg>
<doc>Fails if ``string`` does not match ``pattern`` as a regular expression.</doc>
<status status="PASS" start="2024-08-06T22:15:21.881091" elapsed="0.000376"/>
</kw>
<kw name="Should Match Regexp" owner="BuiltIn">
<arg>${json_data['results'][0]['picture']['large']}</arg>
<arg>^https?://.*\.(?:png|jpe?g|gif|bmp)$</arg>
<doc>Fails if ``string`` does not match ``pattern`` as a regular expression.</doc>
<status status="PASS" start="2024-08-06T22:15:21.881652" elapsed="0.000460"/>
</kw>
<kw name="Should Match Regexp" owner="BuiltIn">
<arg>${json_data['results'][0]['picture']['medium']}</arg>
<arg>^https?://.*\.(?:png|jpe?g|gif|bmp)$</arg>
<doc>Fails if ``string`` does not match ``pattern`` as a regular expression.</doc>
<status status="PASS" start="2024-08-06T22:15:21.882298" elapsed="0.000390"/>
</kw>
<kw name="Should Match Regexp" owner="BuiltIn">
<arg>${json_data['results'][0]['picture']['thumbnail']}</arg>
<arg>^https?://.*\.(?:png|jpe?g|gif|bmp)$</arg>
<doc>Fails if ``string`` does not match ``pattern`` as a regular expression.</doc>
<status status="PASS" start="2024-08-06T22:15:21.882874" elapsed="0.000348"/>
</kw>
<kw name="Log" owner="BuiltIn">
<msg time="2024-08-06T22:15:21.883727" level="INFO">{'large': 'https://randomuser.me/api/portraits/men/18.jpg', 'medium': 'https://randomuser.me/api/portraits/med/men/18.jpg', 'thumbnail': 'https://randomuser.me/api/portraits/thumb/men/18.jpg'}</msg>
<arg>${json_data['results'][0]['picture']}</arg>
<doc>Logs the given message with the given level.</doc>
<status status="PASS" start="2024-08-06T22:15:21.883399" elapsed="0.000370"/>
</kw>
<status status="PASS" start="2024-08-06T22:15:21.784100" elapsed="0.099939"/>
</kw>
<kw name="Teste de Tipos de Dados - Postcode" owner="random-user-service">
<kw name="GET On Session" owner="RequestsLibrary">
<msg time="2024-08-06T22:15:21.981458" level="INFO">GET Request : url=https://randomuser.me/api 
 path_url=/api 
 headers={'User-Agent': 'python-requests/2.32.3', 'Accept-Encoding': 'gzip, deflate', 'Accept': '*/*', 'Connection': 'keep-alive'} 
 body=None 
 </msg>
<msg time="2024-08-06T22:15:21.981559" level="INFO">GET Response : url=https://randomuser.me/api 
 status=200, reason=OK 
 headers={'Date': 'Tue, 06 Aug 2024 22:15:21 GMT', 'Content-Type': 'application/json; charset=utf-8', 'Transfer-Encoding': 'chunked', 'Connection': 'keep-alive', 'X-Powered-By': 'Express', 'Access-Control-Allow-Origin': '*', 'Cache-Control': 'no-cache', 'ETag': 'W/"48d-tPqBmfcvabpRk9Zg5Di/VFikn4k"', 'Vary': 'Accept-Encoding', 'Content-Encoding': 'gzip', 'CF-Cache-Status': 'DYNAMIC', 'Report-To': '{"endpoints":[{"url":"https:\\/\\/a.nel.cloudflare.com\\/report\\/v4?s=ig6AubIRzVGRUbMyOQPnFAncI5SpDC6761MbJZ6z4nQ2o9RR0Fb9iLDH8hKy4i3bgLqlTYzDDaQkOjKYqpXclKdVtY0gIZQAQkJ5Mws97UFpTdQvH62E4SiZHNUt1w%2FP"}],"group":"cf-nel","max_age":604800}', 'NEL': '{"success_fraction":0,"report_to":"cf-nel","max_age":604800}', 'Server': 'cloudflare', 'CF-RAY': '8af26299cc5a7abc-SJC', 'alt-svc': 'h3=":443"; ma=86400'} 
 body={"results":[{"gender":"female","name":{"title":"Mrs","first":"Isla","last":"Kyllonen"},"location":{"street":{"number":6946,"name":"Myllypuronkatu"},"city":"Hattula","state":"Uusimaa","country":"Finland","postcode":18300,"coordinates":{"latitude":"-29.1314","longitude":"21.8963"},"timezone":{"offset":"-12:00","description":"Eniwetok, Kwajalein"}},"email":"isla.kyllonen@example.com","login":{"uuid":"6660b71e-1e41-4cdc-bfd2-f205ea51ee80","username":"blackzebra252","password":"sunlight","salt":"5qfVZUR7","md5":"fbab337511a9e1dd1ca946781dc6690e","sha1":"06967de8753bf7afc431fd63d05c78d17a99703a","sha256":"523fd6b513a2d1729a20f52d8837c84385a28718ebf839d244b456170d83b7e0"},"dob":{"date":"1945-10-01T15:29:59.889Z","age":78},"registered":{"date":"2009-06-20T13:44:16.476Z","age":15},"phone":"07-319-950","cell":"045-999-25-42","id":{"name":"HETU","value":"NaNNA188undefined"},"picture":{"large":"https://randomuser.me/api/portraits/women/85.jpg","medium":"https://randomuser.me/api/portraits/med/women/85.jpg","thumbnail":"https://randomuser.me/api/portraits/thumb/women/85.jpg"},"nat":"FI"}],"info":{"seed":"588a09f1755fe96c","results":1,"page":1,"version":"1.4"}} 
 </msg>
<msg time="2024-08-06T22:15:21.981639" level="INFO">/opt/hostedtoolcache/Python/3.12.4/x64/lib/python3.12/site-packages/urllib3/connectionpool.py:1099: InsecureRequestWarning: Unverified HTTPS request is being made to host 'randomuser.me'. Adding certificate verification is strongly advised. See: https://urllib3.readthedocs.io/en/latest/advanced-usage.html#tls-warnings
  warnings.warn(</msg>
<msg time="2024-08-06T22:15:21.981792" level="INFO">${response} = &lt;Response [200]&gt;</msg>
<var>${response}</var>
<arg>consultarAPI</arg>
<arg>/api</arg>
<doc>Sends a GET request on a previously created HTTP Session.</doc>
<status status="PASS" start="2024-08-06T22:15:21.884494" elapsed="0.097348"/>
</kw>
<kw name="Set Variable" owner="BuiltIn">
<msg time="2024-08-06T22:15:21.982885" level="INFO">${json_data} = {'results': [{'gender': 'female', 'name': {'title': 'Mrs', 'first': 'Isla', 'last': 'Kyllonen'}, 'location': {'street': {'number': 6946, 'name': 'Myllypuronkatu'}, 'city': 'Hattula', 'state': 'Uusimaa...</msg>
<var>${json_data}</var>
<arg>${response.json()}</arg>
<doc>Returns the given values which can then be assigned to a variables.</doc>
<status status="PASS" start="2024-08-06T22:15:21.982348" elapsed="0.000566"/>
</kw>
<kw name="Log" owner="BuiltIn">
<msg time="2024-08-06T22:15:21.983370" level="INFO">{'results': [{'gender': 'female', 'name': {'title': 'Mrs', 'first': 'Isla', 'last': 'Kyllonen'}, 'location': {'street': {'number': 6946, 'name': 'Myllypuronkatu'}, 'city': 'Hattula', 'state': 'Uusimaa', 'country': 'Finland', 'postcode': 18300, 'coordinates': {'latitude': '-29.1314', 'longitude': '21.8963'}, 'timezone': {'offset': '-12:00', 'description': 'Eniwetok, Kwajalein'}}, 'email': 'isla.kyllonen@example.com', 'login': {'uuid': '6660b71e-1e41-4cdc-bfd2-f205ea51ee80', 'username': 'blackzebra252', 'password': 'sunlight', 'salt': '5qfVZUR7', 'md5': 'fbab337511a9e1dd1ca946781dc6690e', 'sha1': '06967de8753bf7afc431fd63d05c78d17a99703a', 'sha256': '523fd6b513a2d1729a20f52d8837c84385a28718ebf839d244b456170d83b7e0'}, 'dob': {'date': '1945-10-01T15:29:59.889Z', 'age': 78}, 'registered': {'date': '2009-06-20T13:44:16.476Z', 'age': 15}, 'phone': '07-319-950', 'cell': '045-999-25-42', 'id': {'name': 'HETU', 'value': 'NaNNA188undefined'}, 'picture': {'large': 'https://randomuser.me/api/portraits/women/85.jpg', 'medium': 'https://randomuser.me/api/portraits/med/women/85.jpg', 'thumbnail': 'https://randomuser.me/api/portraits/thumb/women/85.jpg'}, 'nat': 'FI'}], 'info': {'seed': '588a09f1755fe96c', 'results': 1, 'page': 1, 'version': '1.4'}}</msg>
<arg>${json_data}</arg>
<doc>Logs the given message with the given level.</doc>
<status status="PASS" start="2024-08-06T22:15:21.983213" elapsed="0.000203"/>
</kw>
<kw name="Should Be Equal As Numbers" owner="BuiltIn">
<arg>${json_data['results'][0]['location']['postcode']}</arg>
<arg>${json_data['results'][0]['location']['postcode']}</arg>
<doc>Fails if objects are unequal after converting them to real numbers.</doc>
<status status="PASS" start="2024-08-06T22:15:21.983704" elapsed="0.000626"/>
</kw>
<kw name="Log" owner="BuiltIn">
<msg time="2024-08-06T22:15:21.984898" level="INFO">18300</msg>
<arg>${json_data['results'][0]['location']['postcode']}</arg>
<doc>Logs the given message with the given level.</doc>
<status status="PASS" start="2024-08-06T22:15:21.984552" elapsed="0.000388"/>
</kw>
<status status="PASS" start="2024-08-06T22:15:21.884266" elapsed="0.100927"/>
</kw>
<doc>Testa se os tipos de dados na resposta da API estão corretos.</doc>
<tag>testeTiposDados</tag>
<status status="PASS" start="2024-08-06T22:15:21.783567" elapsed="0.201794"/>
</test>
<test id="s1-s1-t5" name="Validar conteudo" line="35">
<kw name="Teste de Tipos de Conteudo" owner="random-user-service">
<kw name="GET On Session" owner="RequestsLibrary">
<msg time="2024-08-06T22:15:22.072580" level="INFO">GET Request : url=https://randomuser.me/api 
 path_url=/api 
 headers={'User-Agent': 'python-requests/2.32.3', 'Accept-Encoding': 'gzip, deflate', 'Accept': '*/*', 'Connection': 'keep-alive'} 
 body=None 
 </msg>
<msg time="2024-08-06T22:15:22.072681" level="INFO">GET Response : url=https://randomuser.me/api 
 status=200, reason=OK 
 headers={'Date': 'Tue, 06 Aug 2024 22:15:22 GMT', 'Content-Type': 'application/json; charset=utf-8', 'Transfer-Encoding': 'chunked', 'Connection': 'keep-alive', 'X-Powered-By': 'Express', 'Access-Control-Allow-Origin': '*', 'Cache-Control': 'no-cache', 'ETag': 'W/"4a6-FTOlU65b/eENjDdtJZj4yqvG2Fc"', 'Vary': 'Accept-Encoding', 'Content-Encoding': 'gzip', 'CF-Cache-Status': 'DYNAMIC', 'Report-To': '{"endpoints":[{"url":"https:\\/\\/a.nel.cloudflare.com\\/report\\/v4?s=O%2F%2FrOS7lor9P%2Fe1nscixQO3m%2FCBeH7jrk46yJwuSp0iU1KW2VLhzX5g9y5WQ9SyZanYe97rjdwuRt%2FZN2OGBgmGORK5dxCmIhgAjrH3CcW48kjqtbgCg%2FnkIf%2F1wWGaS"}],"group":"cf-nel","max_age":604800}', 'NEL': '{"success_fraction":0,"report_to":"cf-nel","max_age":604800}', 'Server': 'cloudflare', 'CF-RAY': '8af2629a6ccd7abc-SJC', 'alt-svc': 'h3=":443"; ma=86400'} 
 body={"results":[{"gender":"male","name":{"title":"Mr","first":"Estêvão","last":"Barbosa"},"location":{"street":{"number":9289,"name":"Rua São Jorge "},"city":"Santarém","state":"Rio de Janeiro","country":"Brazil","postcode":41596,"coordinates":{"latitude":"-77.0624","longitude":"-128.7003"},"timezone":{"offset":"+5:30","description":"Bombay, Calcutta, Madras, New Delhi"}},"email":"estevao.barbosa@example.com","login":{"uuid":"51bebca5-c8f3-4e9b-be0e-41ad712af8bd","username":"beautifultiger325","password":"tiger2","salt":"WG9n4JUo","md5":"b7e4fc290a853d6dd02406e472be553c","sha1":"f11b0e697779ade24969aeeb900212dfd1c0836e","sha256":"2b3c43c7a637d73b8fce4139db4513d74304febf18bc771240f26cee1d0f6c14"},"dob":{"date":"1948-06-09T13:14:05.541Z","age":76},"registered":{"date":"2015-03-11T08:31:53.884Z","age":9},"phone":"(40) 1695-7888","cell":"(85) 6590-8123","id":{"name":"CPF","value":"079.822.200-00"},"picture":{"large":"https://randomuser.me/api/portraits/men/86.jpg","medium":"https://randomuser.me/api/portraits/med/men/86.jpg","thumbnail":"https://randomuser.me/api/portraits/thumb/men/86.jpg"},"nat":"BR"}],"info":{"seed":"acc2351822696429","results":1,"page":1,"version":"1.4"}} 
 </msg>
<msg time="2024-08-06T22:15:22.072755" level="INFO">/opt/hostedtoolcache/Python/3.12.4/x64/lib/python3.12/site-packages/urllib3/connectionpool.py:1099: InsecureRequestWarning: Unverified HTTPS request is being made to host 'randomuser.me'. Adding certificate verification is strongly advised. See: https://urllib3.readthedocs.io/en/latest/advanced-usage.html#tls-warnings
  warnings.warn(</msg>
<msg time="2024-08-06T22:15:22.072897" level="INFO">${response} = &lt;Response [200]&gt;</msg>
<var>${response}</var>
<arg>consultarAPI</arg>
<arg>/api</arg>
<doc>Sends a GET request on a previously created HTTP Session.</doc>
<status status="PASS" start="2024-08-06T22:15:21.987858" elapsed="0.085083"/>
</kw>
<kw name="Set Variable" owner="BuiltIn">
<msg time="2024-08-06T22:15:22.074001" level="INFO">${json_data} = {'results': [{'gender': 'male', 'name': {'title': 'Mr', 'first': 'Estêvão', 'last': 'Barbosa'}, 'location': {'street': {'number': 9289, 'name': 'Rua São Jorge '}, 'city': 'Santarém', 'state': 'Rio de ...</msg>
<var>${json_data}</var>
<arg>${response.json()}</arg>
<doc>Returns the given values which can then be assigned to a variables.</doc>
<status status="PASS" start="2024-08-06T22:15:22.073454" elapsed="0.000577"/>
</kw>
<kw name="Set Variable" owner="BuiltIn">
<msg time="2024-08-06T22:15:22.074792" level="INFO">${name_title} = Mr</msg>
<var>${name_title}</var>
<arg>${json_data["results"][0]["name"]["title"]}</arg>
<doc>Returns the given values which can then be assigned to a variables.</doc>
<status status="PASS" start="2024-08-06T22:15:22.074344" elapsed="0.000474"/>
</kw>
<kw name="Create List" owner="BuiltIn">
<msg time="2024-08-06T22:15:22.075273" level="INFO">${allowed_titles} = ['Mr', 'Ms', 'Miss', 'Mrs', 'Madame', 'Monsieur']</msg>
<var>${allowed_titles}</var>
<arg>Mr</arg>
<arg>Ms</arg>
<arg>Miss</arg>
<arg>Mrs</arg>
<arg>Madame</arg>
<arg>Monsieur</arg>
<doc>Returns a list containing given items.</doc>
<status status="PASS" start="2024-08-06T22:15:22.075120" elapsed="0.000177"/>
</kw>
<kw name="List Should Contain Value" owner="Collections">
<arg>${allowed_titles}</arg>
<arg>${name_title}</arg>
<doc>Fails if the ``value`` is not found from ``list``.</doc>
<status status="PASS" start="2024-08-06T22:15:22.075593" elapsed="0.000180"/>
</kw>
<kw name="Set Variable" owner="BuiltIn">
<msg time="2024-08-06T22:15:22.076331" level="INFO">${name_country} = BR</msg>
<var>${name_country}</var>
<arg>${json_data["results"][0]["nat"]}</arg>
<doc>Returns the given values which can then be assigned to a variables.</doc>
<status status="PASS" start="2024-08-06T22:15:22.075957" elapsed="0.000400"/>
</kw>
<kw name="Create List" owner="BuiltIn">
<msg time="2024-08-06T22:15:22.077247" level="INFO">${list_country} = ['AD', 'AE', 'AF', 'AG', 'AI', 'AL', 'AM', 'AO', 'AQ', 'AR', 'AS', 'AT', 'AU', 'AW', 'AX', 'AZ', 'BA', 'BB', 'BD', 'BE', 'BF', 'BG', 'BH', 'BI', 'BJ', 'BL', 'BM', 'BN', 'BO', 'BQ', 'BR', 'BS', 'BT', '...</msg>
<var>${list_country}</var>
<arg>AD</arg>
<arg>AE</arg>
<arg>AF</arg>
<arg>AG</arg>
<arg>AI</arg>
<arg>AL</arg>
<arg>AM</arg>
<arg>AO</arg>
<arg>AQ</arg>
<arg>AR</arg>
<arg>AS</arg>
<arg>AT</arg>
<arg>AU</arg>
<arg>AW</arg>
<arg>AX</arg>
<arg>AZ</arg>
<arg>BA</arg>
<arg>BB</arg>
<arg>BD</arg>
<arg>BE</arg>
<arg>BF</arg>
<arg>BG</arg>
<arg>BH</arg>
<arg>BI</arg>
<arg>BJ</arg>
<arg>BL</arg>
<arg>BM</arg>
<arg>BN</arg>
<arg>BO</arg>
<arg>BQ</arg>
<arg>BR</arg>
<arg>BS</arg>
<arg>BT</arg>
<arg>BV</arg>
<arg>BW</arg>
<arg>BY</arg>
<arg>BZ</arg>
<arg>CA</arg>
<arg>CC</arg>
<arg>CD</arg>
<arg>CF</arg>
<arg>CG</arg>
<arg>CH</arg>
<arg>CI</arg>
<arg>CK</arg>
<arg>CL</arg>
<arg>CM</arg>
<arg>CN</arg>
<arg>CO</arg>
<arg>CR</arg>
<arg>CU</arg>
<arg>CV</arg>
<arg>CW</arg>
<arg>CX</arg>
<arg>CY</arg>
<arg>CZ</arg>
<arg>DE</arg>
<arg>DJ</arg>
<arg>DK</arg>
<arg>DM</arg>
<arg>DO</arg>
<arg>DZ</arg>
<arg>EC</arg>
<arg>EE</arg>
<arg>EG</arg>
<arg>EH</arg>
<arg>ER</arg>
<arg>ES</arg>
<arg>ET</arg>
<arg>FI</arg>
<arg>FJ</arg>
<arg>FK</arg>
<arg>FM</arg>
<arg>FO</arg>
<arg>FR</arg>
<arg>GA</arg>
<arg>GB</arg>
<arg>GD</arg>
<arg>GE</arg>
<arg>GF</arg>
<arg>GG</arg>
<arg>GH</arg>
<arg>GI</arg>
<arg>GL</arg>
<arg>GM</arg>
<arg>GN</arg>
<arg>GP</arg>
<arg>GQ</arg>
<arg>GR</arg>
<arg>GS</arg>
<arg>GT</arg>
<arg>GU</arg>
<arg>GW</arg>
<arg>GY</arg>
<arg>HK</arg>
<arg>HM</arg>
<arg>HN</arg>
<arg>HR</arg>
<arg>HT</arg>
<arg>HU</arg>
<arg>ID</arg>
<arg>IE</arg>
<arg>IL</arg>
<arg>IM</arg>
<arg>IN</arg>
<arg>IO</arg>
<arg>IQ</arg>
<arg>IR</arg>
<arg>IS</arg>
<arg>IT</arg>
<arg>JE</arg>
<arg>JM</arg>
<arg>JO</arg>
<arg>JP</arg>
<arg>KE</arg>
<arg>KG</arg>
<arg>KH</arg>
<arg>KI</arg>
<arg>KM</arg>
<arg>KN</arg>
<arg>KP</arg>
<arg>KR</arg>
<arg>KW</arg>
<arg>KY</arg>
<arg>KZ</arg>
<arg>LA</arg>
<arg>LB</arg>
<arg>LC</arg>
<arg>LI</arg>
<arg>LK</arg>
<arg>LR</arg>
<arg>LS</arg>
<arg>LT</arg>
<arg>LU</arg>
<arg>LV</arg>
<arg>LY</arg>
<arg>MA</arg>
<arg>MC</arg>
<arg>MD</arg>
<arg>ME</arg>
<arg>MF</arg>
<arg>MG</arg>
<arg>MH</arg>
<arg>MK</arg>
<arg>ML</arg>
<arg>MM</arg>
<arg>MN</arg>
<arg>MO</arg>
<arg>MP</arg>
<arg>MQ</arg>
<arg>MR</arg>
<arg>MS</arg>
<arg>MT</arg>
<arg>MU</arg>
<arg>MV</arg>
<arg>MW</arg>
<arg>MX</arg>
<arg>MY</arg>
<arg>MZ</arg>
<arg>NA</arg>
<arg>NC</arg>
<arg>NE</arg>
<arg>NF</arg>
<arg>NG</arg>
<arg>NI</arg>
<arg>NL</arg>
<arg>NO</arg>
<arg>NP</arg>
<arg>NR</arg>
<arg>NU</arg>
<arg>NZ</arg>
<arg>OM</arg>
<arg>PA</arg>
<arg>PE</arg>
<arg>PF</arg>
<arg>PG</arg>
<arg>PH</arg>
<arg>PK</arg>
<arg>PL</arg>
<arg>PM</arg>
<arg>PN</arg>
<arg>PR</arg>
<arg>PS</arg>
<arg>PT</arg>
<arg>PW</arg>
<arg>PY</arg>
<arg>QA</arg>
<arg>RE</arg>
<arg>RO</arg>
<arg>RS</arg>
<arg>RU</arg>
<arg>RW</arg>
<arg>SA</arg>
<arg>SB</arg>
<arg>SC</arg>
<arg>SD</arg>
<arg>SE</arg>
<arg>SG</arg>
<arg>SH</arg>
<arg>SI</arg>
<arg>SJ</arg>
<arg>SK</arg>
<arg>SL</arg>
<arg>SM</arg>
<arg>SN</arg>
<arg>SO</arg>
<arg>SR</arg>
<arg>SS</arg>
<arg>ST</arg>
<arg>SV</arg>
<arg>SX</arg>
<arg>SY</arg>
<arg>SZ</arg>
<arg>TC</arg>
<arg>TD</arg>
<arg>TF</arg>
<arg>TG</arg>
<arg>TH</arg>
<arg>TJ</arg>
<arg>TK</arg>
<arg>TL</arg>
<arg>TM</arg>
<arg>TN</arg>
<arg>TO</arg>
<arg>TR</arg>
<arg>TT</arg>
<arg>TV</arg>
<arg>TW</arg>
<arg>TZ</arg>
<arg>UA</arg>
<arg>UG</arg>
<arg>UM</arg>
<arg>US</arg>
<arg>UY</arg>
<arg>UZ</arg>
<arg>VA</arg>
<arg>VC</arg>
<arg>VE</arg>
<arg>VG</arg>
<arg>VI</arg>
<arg>VN</arg>
<arg>VU</arg>
<arg>WF</arg>
<arg>WS</arg>
<arg>XK</arg>
<arg>YE</arg>
<arg>YT</arg>
<arg>ZA</arg>
<arg>ZM</arg>
<arg>ZW</arg>
<doc>Returns a list containing given items.</doc>
<status status="PASS" start="2024-08-06T22:15:22.076645" elapsed="0.000628"/>
</kw>
<kw name="List Should Contain Value" owner="Collections">
<arg>${list_country}</arg>
<arg>${name_country}</arg>
<doc>Fails if the ``value`` is not found from ``list``.</doc>
<status status="PASS" start="2024-08-06T22:15:22.078247" elapsed="0.000230"/>
</kw>
<kw name="Run Keyword If" owner="BuiltIn">
<kw name="Should Be True" owner="BuiltIn">
<arg>${True}</arg>
<doc>Fails if the given condition is not true.</doc>
<status status="PASS" start="2024-08-06T22:15:22.079421" elapsed="0.000143"/>
</kw>
<arg>${json_data["results"][0]["location"]["coordinates"]["latitude"]} &gt;= -90 and ${json_data["results"][0]["location"]["coordinates"]["latitude"]} &lt;= 90</arg>
<arg>Should Be True</arg>
<arg>${True}</arg>
<doc>Runs the given keyword with the given arguments, if ``condition`` is true.</doc>
<status status="PASS" start="2024-08-06T22:15:22.078678" elapsed="0.001012"/>
</kw>
<kw name="Run Keyword If" owner="BuiltIn">
<kw name="Should Be True" owner="BuiltIn">
<arg>${True}</arg>
<doc>Fails if the given condition is not true.</doc>
<status status="PASS" start="2024-08-06T22:15:22.080557" elapsed="0.000137"/>
</kw>
<arg>${json_data["results"][0]["location"]["coordinates"]["longitude"]} &gt;= -180 and ${json_data["results"][0]["location"]["coordinates"]["longitude"]} &lt;= 180</arg>
<arg>Should Be True</arg>
<arg>${True}</arg>
<doc>Runs the given keyword with the given arguments, if ``condition`` is true.</doc>
<status status="PASS" start="2024-08-06T22:15:22.079868" elapsed="0.000947"/>
</kw>
<status status="PASS" start="2024-08-06T22:15:21.987638" elapsed="0.093306"/>
</kw>
<doc>Testa o conteúdo específico dos campos retornados pela API.</doc>
<tag>testeConteudo</tag>
<status status="PASS" start="2024-08-06T22:15:21.987108" elapsed="0.093987"/>
</test>
<status status="PASS" start="2024-08-06T22:15:21.006986" elapsed="1.076107"/>
</suite>
<status status="PASS" start="2024-08-06T22:15:20.992456" elapsed="1.095649"/>
</suite>
<statistics>
<total>
<stat pass="5" fail="0" skip="0">All Tests</stat>
</total>
<tag>
<stat pass="1" fail="0" skip="0">testeConteudo</stat>
<stat pass="1" fail="0" skip="0">testeEstruturaResposta</stat>
<stat pass="1" fail="0" skip="0">testeRequisicaoBasica</stat>
<stat pass="1" fail="0" skip="0">testeTiposDados</stat>
</tag>
<suite>
<stat pass="5" fail="0" skip="0" id="s1" name="Tests">Tests</stat>
<stat pass="5" fail="0" skip="0" id="s1-s1" name="Random-User-Test">Tests.Random-User-Test</stat>
</suite>
</statistics>
<errors>
</errors>
</robot>
