<?xml version="1.0" encoding="UTF-8"?>
<robot generator="Robot 7.0.1 (Python 3.12.4 on linux)" generated="2024-07-26T05:15:52.220244" rpa="false" schemaversion="5">
<suite id="s1" name="Tests" source="/home/runner/work/ApiRandomUser/ApiRandomUser/RamdonUser/tests">
<suite id="s1-s1" name="Random-User-Test" source="/home/runner/work/ApiRandomUser/ApiRandomUser/RamdonUser/tests/random-user-test.robot">
<test id="s1-s1-t1" name="Conectar" line="13">
<kw name="Conectar API" owner="random-user-service">
<kw name="Create Session" owner="RequestsLibrary">
<msg time="2024-07-26T05:15:52.626799" level="INFO">Creating Session using : alias=consultarAPI, url=https://randomuser.me/, headers={},                     cookies={}, auth=None, timeout=None, proxies=None, verify=False,                     debug=0 </msg>
<arg>consultarAPI</arg>
<arg>${URL}</arg>
<doc>Create Session: create a HTTP session to a server</doc>
<status status="PASS" start="2024-07-26T05:15:52.626600" elapsed="0.000377"/>
</kw>
<status status="PASS" start="2024-07-26T05:15:52.625559" elapsed="0.001813"/>
</kw>
<status status="PASS" start="2024-07-26T05:15:52.625010" elapsed="0.002559"/>
</test>
<test id="s1-s1-t2" name="Validar retorno 200 e JSON Válido" line="16">
<kw name="Teste de Requisicao Basica" owner="random-user-service">
<kw name="GET On Session" owner="RequestsLibrary">
<msg time="2024-07-26T05:15:52.792645" level="INFO">GET Request : url=https://randomuser.me/api 
 path_url=/api 
 headers={'User-Agent': 'python-requests/2.32.3', 'Accept-Encoding': 'gzip, deflate', 'Accept': '*/*', 'Connection': 'keep-alive'} 
 body=None 
 </msg>
<msg time="2024-07-26T05:15:52.792793" level="INFO">GET Response : url=https://randomuser.me/api 
 status=200, reason=OK 
 headers={'Date': 'Fri, 26 Jul 2024 05:15:52 GMT', 'Content-Type': 'application/json; charset=utf-8', 'Transfer-Encoding': 'chunked', 'Connection': 'keep-alive', 'X-Powered-By': 'Express', 'Access-Control-Allow-Origin': '*', 'Cache-Control': 'no-cache', 'ETag': 'W/"4a2-kv9Eo0HfFkuVULOP94ko63R9nPE"', 'Vary': 'Accept-Encoding', 'Content-Encoding': 'gzip', 'CF-Cache-Status': 'DYNAMIC', 'Report-To': '{"endpoints":[{"url":"https:\\/\\/a.nel.cloudflare.com\\/report\\/v4?s=uxHiGNNLCIZkgZgnJft6EEeUYHKuH%2B3krGVee%2FfHSkkpQvMb3tAxYrSCOFg2yii7Ny%2BOmGi3qV0k0CVhXptHiF9t%2F%2F5fT%2B8w8gZovH63o4RnkFcGtVfseGqcWB7UpxQj"}],"group":"cf-nel","max_age":604800}', 'NEL': '{"success_fraction":0,"report_to":"cf-nel","max_age":604800}', 'Server': 'cloudflare', 'CF-RAY': '8a91ea161f0f643e-SJC', 'alt-svc': 'h3=":443"; ma=86400'} 
 body={"results":[{"gender":"male","name":{"title":"Mr","first":"Jack","last":"Wade"},"location":{"street":{"number":7459,"name":"White Oak Dr"},"city":"Shepparton","state":"Australian Capital Territory","country":"Australia","postcode":9218,"coordinates":{"latitude":"-87.8394","longitude":"-149.4054"},"timezone":{"offset":"+11:00","description":"Magadan, Solomon Islands, New Caledonia"}},"email":"jack.wade@example.com","login":{"uuid":"7efbfb1d-9176-4aaf-815a-ab7deb85ab7e","username":"goldenmouse682","password":"armstron","salt":"LfCAQP7W","md5":"f7ae7a7b8ae9369898457d055903900f","sha1":"78616de57576a20d51df542cc57e751343ca9bae","sha256":"f55fb7b2cb269dd90a50bdb94d9cf518c194c4af00aa9952ebe4b54ed3a840d7"},"dob":{"date":"1986-10-15T21:43:27.823Z","age":37},"registered":{"date":"2011-02-20T08:23:52.206Z","age":13},"phone":"09-7536-6490","cell":"0466-191-831","id":{"name":"TFN","value":"504092256"},"picture":{"large":"https://randomuser.me/api/portraits/men/84.jpg","medium":"https://randomuser.me/api/portraits/med/men/84.jpg","thumbnail":"https://randomuser.me/api/portraits/thumb/men/84.jpg"},"nat":"AU"}],"info":{"seed":"4d7af8d92eb8d393","results":1,"page":1,"version":"1.4"}} 
 </msg>
<msg time="2024-07-26T05:15:52.792878" level="INFO">/opt/hostedtoolcache/Python/3.12.4/x64/lib/python3.12/site-packages/urllib3/connectionpool.py:1099: InsecureRequestWarning: Unverified HTTPS request is being made to host 'randomuser.me'. Adding certificate verification is strongly advised. See: https://urllib3.readthedocs.io/en/latest/advanced-usage.html#tls-warnings
  warnings.warn(</msg>
<msg time="2024-07-26T05:15:52.793040" level="INFO">${response} = &lt;Response [200]&gt;</msg>
<var>${response}</var>
<arg>consultarAPI</arg>
<arg>/api</arg>
<doc>Sends a GET request on a previously created HTTP Session.</doc>
<status status="PASS" start="2024-07-26T05:15:52.630188" elapsed="0.162903"/>
</kw>
<kw name="Should Be Equal As Numbers" owner="BuiltIn">
<msg time="2024-07-26T05:15:52.793999" level="INFO">Argument types are:
&lt;class 'int'&gt;
&lt;class 'str'&gt;</msg>
<arg>${response.status_code}</arg>
<arg>200</arg>
<doc>Fails if objects are unequal after converting them to real numbers.</doc>
<status status="PASS" start="2024-07-26T05:15:52.793586" elapsed="0.000474"/>
</kw>
<kw name="Log" owner="BuiltIn">
<msg time="2024-07-26T05:15:52.794721" level="INFO">200</msg>
<arg>${response.status_code}</arg>
<doc>Logs the given message with the given level.</doc>
<status status="PASS" start="2024-07-26T05:15:52.794373" elapsed="0.000389"/>
</kw>
<kw name="Set Variable" owner="BuiltIn">
<msg time="2024-07-26T05:15:52.795530" level="INFO">${json_data} = {'results': [{'gender': 'male', 'name': {'title': 'Mr', 'first': 'Jack', 'last': 'Wade'}, 'location': {'street': {'number': 7459, 'name': 'White Oak Dr'}, 'city': 'Shepparton', 'state': 'Australian Ca...</msg>
<var>${json_data}</var>
<arg>${response.json()}</arg>
<doc>Returns the given values which can then be assigned to a variables.</doc>
<status status="PASS" start="2024-07-26T05:15:52.795062" elapsed="0.000496"/>
</kw>
<kw name="Dictionary Should Contain Key" owner="Collections">
<arg>${json_data}</arg>
<arg>results</arg>
<doc>Fails if ``key`` is not found from ``dictionary``.</doc>
<status status="PASS" start="2024-07-26T05:15:52.795865" elapsed="0.000309"/>
</kw>
<status status="PASS" start="2024-07-26T05:15:52.629942" elapsed="0.166383"/>
</kw>
<doc>Testa se a API responde corretamente e retorna um objeto JSON válido.</doc>
<tag>testeRequisicaoBasica</tag>
<status status="PASS" start="2024-07-26T05:15:52.629454" elapsed="0.167037"/>
</test>
<test id="s1-s1-t3" name="Validar estrutura de resposta" line="22">
<kw name="Teste de Estrutura de Resposta" owner="random-user-service">
<kw name="GET On Session" owner="RequestsLibrary">
<msg time="2024-07-26T05:15:52.885429" level="INFO">GET Request : url=https://randomuser.me/api 
 path_url=/api 
 headers={'User-Agent': 'python-requests/2.32.3', 'Accept-Encoding': 'gzip, deflate', 'Accept': '*/*', 'Connection': 'keep-alive'} 
 body=None 
 </msg>
<msg time="2024-07-26T05:15:52.885502" level="INFO">GET Response : url=https://randomuser.me/api 
 status=200, reason=OK 
 headers={'Date': 'Fri, 26 Jul 2024 05:15:52 GMT', 'Content-Type': 'application/json; charset=utf-8', 'Transfer-Encoding': 'chunked', 'Connection': 'keep-alive', 'X-Powered-By': 'Express', 'Access-Control-Allow-Origin': '*', 'Cache-Control': 'no-cache', 'ETag': 'W/"492-KB4DXIhIHWhp9MbLlSxC0TQgS4I"', 'Vary': 'Accept-Encoding', 'Content-Encoding': 'gzip', 'CF-Cache-Status': 'DYNAMIC', 'Report-To': '{"endpoints":[{"url":"https:\\/\\/a.nel.cloudflare.com\\/report\\/v4?s=T0qUgV2O%2FPAQHUJCfj51V6ItQ0nPzJZZ7VLQwEEojMXorisHv%2BAdcIVJhkDDv8EkPj1TbbN3XtUBPEGgZDSmx1pN0GABvcBw1CI5cxko%2BIfJYfAAvng9ekcpdXboYjdc"}],"group":"cf-nel","max_age":604800}', 'NEL': '{"success_fraction":0,"report_to":"cf-nel","max_age":604800}', 'Server': 'cloudflare', 'CF-RAY': '8a91ea170fc7643e-SJC', 'alt-svc': 'h3=":443"; ma=86400'} 
 body={"results":[{"gender":"female","name":{"title":"Mrs","first":"Rozhana","last":"Zhurakivski"},"location":{"street":{"number":9741,"name":"Dniprovska naberezhna"},"city":"Rozhishche","state":"Chernivecka","country":"Ukraine","postcode":17758,"coordinates":{"latitude":"81.3426","longitude":"83.9877"},"timezone":{"offset":"+9:30","description":"Adelaide, Darwin"}},"email":"rozhana.zhurakivski@example.com","login":{"uuid":"b56ef4bf-17b6-4b25-b737-7ac15c7bbd4b","username":"heavykoala675","password":"castle","salt":"ERzRluSE","md5":"ac383dc61c5b5bb5f1813fb798bd8a21","sha1":"2166a17e086c19807bb1b97ebd1702dee837e0e7","sha256":"2f58067bd6381a4e979a72e5e26113c4b993f52340ef0b37e6bdf37f0c6a3405"},"dob":{"date":"1989-01-27T07:32:02.273Z","age":35},"registered":{"date":"2003-07-15T15:58:47.748Z","age":21},"phone":"(098) L67-8265","cell":"(097) T59-6602","id":{"name":"","value":null},"picture":{"large":"https://randomuser.me/api/portraits/women/34.jpg","medium":"https://randomuser.me/api/portraits/med/women/34.jpg","thumbnail":"https://randomuser.me/api/portraits/thumb/women/34.jpg"},"nat":"UA"}],"info":{"seed":"6d660863ed6902cd","results":1,"page":1,"version":"1.4"}} 
 </msg>
<msg time="2024-07-26T05:15:52.885620" level="INFO">/opt/hostedtoolcache/Python/3.12.4/x64/lib/python3.12/site-packages/urllib3/connectionpool.py:1099: InsecureRequestWarning: Unverified HTTPS request is being made to host 'randomuser.me'. Adding certificate verification is strongly advised. See: https://urllib3.readthedocs.io/en/latest/advanced-usage.html#tls-warnings
  warnings.warn(</msg>
<msg time="2024-07-26T05:15:52.885735" level="INFO">${response} = &lt;Response [200]&gt;</msg>
<var>${response}</var>
<arg>consultarAPI</arg>
<arg>/api</arg>
<doc>Sends a GET request on a previously created HTTP Session.</doc>
<status status="PASS" start="2024-07-26T05:15:52.799101" elapsed="0.086675"/>
</kw>
<kw name="Set Variable" owner="BuiltIn">
<msg time="2024-07-26T05:15:52.886591" level="INFO">${json_data} = {'results': [{'gender': 'female', 'name': {'title': 'Mrs', 'first': 'Rozhana', 'last': 'Zhurakivski'}, 'location': {'street': {'number': 9741, 'name': 'Dniprovska naberezhna'}, 'city': 'Rozhishche', '...</msg>
<var>${json_data}</var>
<arg>${response.json()}</arg>
<doc>Returns the given values which can then be assigned to a variables.</doc>
<status status="PASS" start="2024-07-26T05:15:52.886157" elapsed="0.000462"/>
</kw>
<kw name="Log" owner="BuiltIn">
<msg time="2024-07-26T05:15:52.887077" level="INFO">{'results': [{'gender': 'female', 'name': {'title': 'Mrs', 'first': 'Rozhana', 'last': 'Zhurakivski'}, 'location': {'street': {'number': 9741, 'name': 'Dniprovska naberezhna'}, 'city': 'Rozhishche', 'state': 'Chernivecka', 'country': 'Ukraine', 'postcode': 17758, 'coordinates': {'latitude': '81.3426', 'longitude': '83.9877'}, 'timezone': {'offset': '+9:30', 'description': 'Adelaide, Darwin'}}, 'email': 'rozhana.zhurakivski@example.com', 'login': {'uuid': 'b56ef4bf-17b6-4b25-b737-7ac15c7bbd4b', 'username': 'heavykoala675', 'password': 'castle', 'salt': 'ERzRluSE', 'md5': 'ac383dc61c5b5bb5f1813fb798bd8a21', 'sha1': '2166a17e086c19807bb1b97ebd1702dee837e0e7', 'sha256': '2f58067bd6381a4e979a72e5e26113c4b993f52340ef0b37e6bdf37f0c6a3405'}, 'dob': {'date': '1989-01-27T07:32:02.273Z', 'age': 35}, 'registered': {'date': '2003-07-15T15:58:47.748Z', 'age': 21}, 'phone': '(098) L67-8265', 'cell': '(097) T59-6602', 'id': {'name': '', 'value': None}, 'picture': {'large': 'https://randomuser.me/api/portraits/women/34.jpg', 'medium': 'https://randomuser.me/api/portraits/med/women/34.jpg', 'thumbnail': 'https://randomuser.me/api/portraits/thumb/women/34.jpg'}, 'nat': 'UA'}], 'info': {'seed': '6d660863ed6902cd', 'results': 1, 'page': 1, 'version': '1.4'}}</msg>
<arg>${json_data}</arg>
<doc>Logs the given message with the given level.</doc>
<status status="PASS" start="2024-07-26T05:15:52.886918" elapsed="0.000205"/>
</kw>
<kw name="Dictionary Should Contain Key" owner="Collections">
<arg>${json_data}</arg>
<arg>results</arg>
<doc>Fails if ``key`` is not found from ``dictionary``.</doc>
<status status="PASS" start="2024-07-26T05:15:52.887444" elapsed="0.000158"/>
</kw>
<kw name="Should Not Be Empty" owner="BuiltIn">
<msg time="2024-07-26T05:15:52.887917" level="INFO">Length is 2.</msg>
<arg>${json_data}</arg>
<doc>Verifies that the given item is not empty.</doc>
<status status="PASS" start="2024-07-26T05:15:52.887786" elapsed="0.000168"/>
</kw>
<kw name="Create List" owner="BuiltIn">
<msg time="2024-07-26T05:15:52.888389" level="INFO">${expected_keys} = ['gender', 'name', 'location', 'email', 'login']</msg>
<var>${expected_keys}</var>
<arg>gender</arg>
<arg>name</arg>
<arg>location</arg>
<arg>email</arg>
<arg>login</arg>
<doc>Returns a list containing given items.</doc>
<status status="PASS" start="2024-07-26T05:15:52.888235" elapsed="0.000177"/>
</kw>
<for flavor="IN">
<iter>
<kw name="Dictionary Should Contain Key" owner="Collections">
<arg>${json_data['results'][0]}</arg>
<arg>${key}</arg>
<doc>Fails if ``key`` is not found from ``dictionary``.</doc>
<status status="PASS" start="2024-07-26T05:15:52.888984" elapsed="0.000408"/>
</kw>
<kw name="Log" owner="BuiltIn">
<msg time="2024-07-26T05:15:52.889932" level="INFO">{'gender': 'female', 'name': {'title': 'Mrs', 'first': 'Rozhana', 'last': 'Zhurakivski'}, 'location': {'street': {'number': 9741, 'name': 'Dniprovska naberezhna'}, 'city': 'Rozhishche', 'state': 'Chernivecka', 'country': 'Ukraine', 'postcode': 17758, 'coordinates': {'latitude': '81.3426', 'longitude': '83.9877'}, 'timezone': {'offset': '+9:30', 'description': 'Adelaide, Darwin'}}, 'email': 'rozhana.zhurakivski@example.com', 'login': {'uuid': 'b56ef4bf-17b6-4b25-b737-7ac15c7bbd4b', 'username': 'heavykoala675', 'password': 'castle', 'salt': 'ERzRluSE', 'md5': 'ac383dc61c5b5bb5f1813fb798bd8a21', 'sha1': '2166a17e086c19807bb1b97ebd1702dee837e0e7', 'sha256': '2f58067bd6381a4e979a72e5e26113c4b993f52340ef0b37e6bdf37f0c6a3405'}, 'dob': {'date': '1989-01-27T07:32:02.273Z', 'age': 35}, 'registered': {'date': '2003-07-15T15:58:47.748Z', 'age': 21}, 'phone': '(098) L67-8265', 'cell': '(097) T59-6602', 'id': {'name': '', 'value': None}, 'picture': {'large': 'https://randomuser.me/api/portraits/women/34.jpg', 'medium': 'https://randomuser.me/api/portraits/med/women/34.jpg', 'thumbnail': 'https://randomuser.me/api/portraits/thumb/women/34.jpg'}, 'nat': 'UA'}</msg>
<arg>${json_data['results'][0]}</arg>
<doc>Logs the given message with the given level.</doc>
<status status="PASS" start="2024-07-26T05:15:52.889578" elapsed="0.000402"/>
</kw>
<kw name="Log" owner="BuiltIn">
<msg time="2024-07-26T05:15:52.890411" level="INFO">gender</msg>
<arg>${key}</arg>
<doc>Logs the given message with the given level.</doc>
<status status="PASS" start="2024-07-26T05:15:52.890279" elapsed="0.000171"/>
</kw>
<var name="${key}">gender</var>
<status status="PASS" start="2024-07-26T05:15:52.888858" elapsed="0.001817"/>
</iter>
<iter>
<kw name="Dictionary Should Contain Key" owner="Collections">
<arg>${json_data['results'][0]}</arg>
<arg>${key}</arg>
<doc>Fails if ``key`` is not found from ``dictionary``.</doc>
<status status="PASS" start="2024-07-26T05:15:52.890974" elapsed="0.000409"/>
</kw>
<kw name="Log" owner="BuiltIn">
<msg time="2024-07-26T05:15:52.891924" level="INFO">{'gender': 'female', 'name': {'title': 'Mrs', 'first': 'Rozhana', 'last': 'Zhurakivski'}, 'location': {'street': {'number': 9741, 'name': 'Dniprovska naberezhna'}, 'city': 'Rozhishche', 'state': 'Chernivecka', 'country': 'Ukraine', 'postcode': 17758, 'coordinates': {'latitude': '81.3426', 'longitude': '83.9877'}, 'timezone': {'offset': '+9:30', 'description': 'Adelaide, Darwin'}}, 'email': 'rozhana.zhurakivski@example.com', 'login': {'uuid': 'b56ef4bf-17b6-4b25-b737-7ac15c7bbd4b', 'username': 'heavykoala675', 'password': 'castle', 'salt': 'ERzRluSE', 'md5': 'ac383dc61c5b5bb5f1813fb798bd8a21', 'sha1': '2166a17e086c19807bb1b97ebd1702dee837e0e7', 'sha256': '2f58067bd6381a4e979a72e5e26113c4b993f52340ef0b37e6bdf37f0c6a3405'}, 'dob': {'date': '1989-01-27T07:32:02.273Z', 'age': 35}, 'registered': {'date': '2003-07-15T15:58:47.748Z', 'age': 21}, 'phone': '(098) L67-8265', 'cell': '(097) T59-6602', 'id': {'name': '', 'value': None}, 'picture': {'large': 'https://randomuser.me/api/portraits/women/34.jpg', 'medium': 'https://randomuser.me/api/portraits/med/women/34.jpg', 'thumbnail': 'https://randomuser.me/api/portraits/thumb/women/34.jpg'}, 'nat': 'UA'}</msg>
<arg>${json_data['results'][0]}</arg>
<doc>Logs the given message with the given level.</doc>
<status status="PASS" start="2024-07-26T05:15:52.891566" elapsed="0.000440"/>
</kw>
<kw name="Log" owner="BuiltIn">
<msg time="2024-07-26T05:15:52.892434" level="INFO">name</msg>
<arg>${key}</arg>
<doc>Logs the given message with the given level.</doc>
<status status="PASS" start="2024-07-26T05:15:52.892305" elapsed="0.000167"/>
</kw>
<var name="${key}">name</var>
<status status="PASS" start="2024-07-26T05:15:52.890861" elapsed="0.001827"/>
</iter>
<iter>
<kw name="Dictionary Should Contain Key" owner="Collections">
<arg>${json_data['results'][0]}</arg>
<arg>${key}</arg>
<doc>Fails if ``key`` is not found from ``dictionary``.</doc>
<status status="PASS" start="2024-07-26T05:15:52.892969" elapsed="0.000375"/>
</kw>
<kw name="Log" owner="BuiltIn">
<msg time="2024-07-26T05:15:52.893874" level="INFO">{'gender': 'female', 'name': {'title': 'Mrs', 'first': 'Rozhana', 'last': 'Zhurakivski'}, 'location': {'street': {'number': 9741, 'name': 'Dniprovska naberezhna'}, 'city': 'Rozhishche', 'state': 'Chernivecka', 'country': 'Ukraine', 'postcode': 17758, 'coordinates': {'latitude': '81.3426', 'longitude': '83.9877'}, 'timezone': {'offset': '+9:30', 'description': 'Adelaide, Darwin'}}, 'email': 'rozhana.zhurakivski@example.com', 'login': {'uuid': 'b56ef4bf-17b6-4b25-b737-7ac15c7bbd4b', 'username': 'heavykoala675', 'password': 'castle', 'salt': 'ERzRluSE', 'md5': 'ac383dc61c5b5bb5f1813fb798bd8a21', 'sha1': '2166a17e086c19807bb1b97ebd1702dee837e0e7', 'sha256': '2f58067bd6381a4e979a72e5e26113c4b993f52340ef0b37e6bdf37f0c6a3405'}, 'dob': {'date': '1989-01-27T07:32:02.273Z', 'age': 35}, 'registered': {'date': '2003-07-15T15:58:47.748Z', 'age': 21}, 'phone': '(098) L67-8265', 'cell': '(097) T59-6602', 'id': {'name': '', 'value': None}, 'picture': {'large': 'https://randomuser.me/api/portraits/women/34.jpg', 'medium': 'https://randomuser.me/api/portraits/med/women/34.jpg', 'thumbnail': 'https://randomuser.me/api/portraits/thumb/women/34.jpg'}, 'nat': 'UA'}</msg>
<arg>${json_data['results'][0]}</arg>
<doc>Logs the given message with the given level.</doc>
<status status="PASS" start="2024-07-26T05:15:52.893530" elapsed="0.000392"/>
</kw>
<kw name="Log" owner="BuiltIn">
<msg time="2024-07-26T05:15:52.894368" level="INFO">location</msg>
<arg>${key}</arg>
<doc>Logs the given message with the given level.</doc>
<status status="PASS" start="2024-07-26T05:15:52.894221" elapsed="0.000186"/>
</kw>
<var name="${key}">location</var>
<status status="PASS" start="2024-07-26T05:15:52.892862" elapsed="0.001775"/>
</iter>
<iter>
<kw name="Dictionary Should Contain Key" owner="Collections">
<arg>${json_data['results'][0]}</arg>
<arg>${key}</arg>
<doc>Fails if ``key`` is not found from ``dictionary``.</doc>
<status status="PASS" start="2024-07-26T05:15:52.894913" elapsed="0.000426"/>
</kw>
<kw name="Log" owner="BuiltIn">
<msg time="2024-07-26T05:15:52.896034" level="INFO">{'gender': 'female', 'name': {'title': 'Mrs', 'first': 'Rozhana', 'last': 'Zhurakivski'}, 'location': {'street': {'number': 9741, 'name': 'Dniprovska naberezhna'}, 'city': 'Rozhishche', 'state': 'Chernivecka', 'country': 'Ukraine', 'postcode': 17758, 'coordinates': {'latitude': '81.3426', 'longitude': '83.9877'}, 'timezone': {'offset': '+9:30', 'description': 'Adelaide, Darwin'}}, 'email': 'rozhana.zhurakivski@example.com', 'login': {'uuid': 'b56ef4bf-17b6-4b25-b737-7ac15c7bbd4b', 'username': 'heavykoala675', 'password': 'castle', 'salt': 'ERzRluSE', 'md5': 'ac383dc61c5b5bb5f1813fb798bd8a21', 'sha1': '2166a17e086c19807bb1b97ebd1702dee837e0e7', 'sha256': '2f58067bd6381a4e979a72e5e26113c4b993f52340ef0b37e6bdf37f0c6a3405'}, 'dob': {'date': '1989-01-27T07:32:02.273Z', 'age': 35}, 'registered': {'date': '2003-07-15T15:58:47.748Z', 'age': 21}, 'phone': '(098) L67-8265', 'cell': '(097) T59-6602', 'id': {'name': '', 'value': None}, 'picture': {'large': 'https://randomuser.me/api/portraits/women/34.jpg', 'medium': 'https://randomuser.me/api/portraits/med/women/34.jpg', 'thumbnail': 'https://randomuser.me/api/portraits/thumb/women/34.jpg'}, 'nat': 'UA'}</msg>
<arg>${json_data['results'][0]}</arg>
<doc>Logs the given message with the given level.</doc>
<status status="PASS" start="2024-07-26T05:15:52.895674" elapsed="0.000409"/>
</kw>
<kw name="Log" owner="BuiltIn">
<msg time="2024-07-26T05:15:52.896509" level="INFO">email</msg>
<arg>${key}</arg>
<doc>Logs the given message with the given level.</doc>
<status status="PASS" start="2024-07-26T05:15:52.896380" elapsed="0.000168"/>
</kw>
<var name="${key}">email</var>
<status status="PASS" start="2024-07-26T05:15:52.894807" elapsed="0.001956"/>
</iter>
<iter>
<kw name="Dictionary Should Contain Key" owner="Collections">
<arg>${json_data['results'][0]}</arg>
<arg>${key}</arg>
<doc>Fails if ``key`` is not found from ``dictionary``.</doc>
<status status="PASS" start="2024-07-26T05:15:52.897042" elapsed="0.000378"/>
</kw>
<kw name="Log" owner="BuiltIn">
<msg time="2024-07-26T05:15:52.897942" level="INFO">{'gender': 'female', 'name': {'title': 'Mrs', 'first': 'Rozhana', 'last': 'Zhurakivski'}, 'location': {'street': {'number': 9741, 'name': 'Dniprovska naberezhna'}, 'city': 'Rozhishche', 'state': 'Chernivecka', 'country': 'Ukraine', 'postcode': 17758, 'coordinates': {'latitude': '81.3426', 'longitude': '83.9877'}, 'timezone': {'offset': '+9:30', 'description': 'Adelaide, Darwin'}}, 'email': 'rozhana.zhurakivski@example.com', 'login': {'uuid': 'b56ef4bf-17b6-4b25-b737-7ac15c7bbd4b', 'username': 'heavykoala675', 'password': 'castle', 'salt': 'ERzRluSE', 'md5': 'ac383dc61c5b5bb5f1813fb798bd8a21', 'sha1': '2166a17e086c19807bb1b97ebd1702dee837e0e7', 'sha256': '2f58067bd6381a4e979a72e5e26113c4b993f52340ef0b37e6bdf37f0c6a3405'}, 'dob': {'date': '1989-01-27T07:32:02.273Z', 'age': 35}, 'registered': {'date': '2003-07-15T15:58:47.748Z', 'age': 21}, 'phone': '(098) L67-8265', 'cell': '(097) T59-6602', 'id': {'name': '', 'value': None}, 'picture': {'large': 'https://randomuser.me/api/portraits/women/34.jpg', 'medium': 'https://randomuser.me/api/portraits/med/women/34.jpg', 'thumbnail': 'https://randomuser.me/api/portraits/thumb/women/34.jpg'}, 'nat': 'UA'}</msg>
<arg>${json_data['results'][0]}</arg>
<doc>Logs the given message with the given level.</doc>
<status status="PASS" start="2024-07-26T05:15:52.897600" elapsed="0.000399"/>
</kw>
<kw name="Log" owner="BuiltIn">
<msg time="2024-07-26T05:15:52.898412" level="INFO">login</msg>
<arg>${key}</arg>
<doc>Logs the given message with the given level.</doc>
<status status="PASS" start="2024-07-26T05:15:52.898285" elapsed="0.000164"/>
</kw>
<var name="${key}">login</var>
<status status="PASS" start="2024-07-26T05:15:52.896935" elapsed="0.001726"/>
</iter>
<var>${key}</var>
<value>@{expected_keys}</value>
<status status="PASS" start="2024-07-26T05:15:52.888676" elapsed="0.010104"/>
</for>
<kw name="Create List" owner="BuiltIn">
<msg time="2024-07-26T05:15:52.899105" level="INFO">${expected_keysTwo} = ['username', 'password']</msg>
<var>${expected_keysTwo}</var>
<arg>username</arg>
<arg>password</arg>
<doc>Returns a list containing given items.</doc>
<status status="PASS" start="2024-07-26T05:15:52.898966" elapsed="0.000192"/>
</kw>
<for flavor="IN">
<iter>
<kw name="Dictionary Should Contain Key" owner="Collections">
<arg>${json_data['results'][0]['login']}</arg>
<arg>${keyTwo}</arg>
<doc>Fails if ``key`` is not found from ``dictionary``.</doc>
<status status="PASS" start="2024-07-26T05:15:52.899682" elapsed="0.000378"/>
</kw>
<kw name="Dictionary Should Contain Key" owner="Collections">
<arg>${json_data['results'][0]['login']}</arg>
<arg>${keyTwo}</arg>
<doc>Fails if ``key`` is not found from ``dictionary``.</doc>
<status status="PASS" start="2024-07-26T05:15:52.900239" elapsed="0.000376"/>
</kw>
<kw name="Log" owner="BuiltIn">
<msg time="2024-07-26T05:15:52.900913" level="INFO">username</msg>
<arg>${keyTwo}</arg>
<doc>Logs the given message with the given level.</doc>
<status status="PASS" start="2024-07-26T05:15:52.900794" elapsed="0.000157"/>
</kw>
<var name="${keyTwo}">username</var>
<status status="PASS" start="2024-07-26T05:15:52.899574" elapsed="0.001596"/>
</iter>
<iter>
<kw name="Dictionary Should Contain Key" owner="Collections">
<arg>${json_data['results'][0]['login']}</arg>
<arg>${keyTwo}</arg>
<doc>Fails if ``key`` is not found from ``dictionary``.</doc>
<status status="PASS" start="2024-07-26T05:15:52.901453" elapsed="0.000372"/>
</kw>
<kw name="Dictionary Should Contain Key" owner="Collections">
<arg>${json_data['results'][0]['login']}</arg>
<arg>${keyTwo}</arg>
<doc>Fails if ``key`` is not found from ``dictionary``.</doc>
<status status="PASS" start="2024-07-26T05:15:52.902010" elapsed="0.000370"/>
</kw>
<kw name="Log" owner="BuiltIn">
<msg time="2024-07-26T05:15:52.902679" level="INFO">password</msg>
<arg>${keyTwo}</arg>
<doc>Logs the given message with the given level.</doc>
<status status="PASS" start="2024-07-26T05:15:52.902555" elapsed="0.000162"/>
</kw>
<var name="${keyTwo}">password</var>
<status status="PASS" start="2024-07-26T05:15:52.901341" elapsed="0.001592"/>
</iter>
<var>${keyTwo}</var>
<value>@{expected_keysTwo}</value>
<status status="PASS" start="2024-07-26T05:15:52.899423" elapsed="0.003628"/>
</for>
<status status="PASS" start="2024-07-26T05:15:52.798871" elapsed="0.104317"/>
</kw>
<doc>Testa a estrutura da resposta da API.</doc>
<tag>testeEstruturaResposta</tag>
<status status="PASS" start="2024-07-26T05:15:52.798299" elapsed="0.105069"/>
</test>
<test id="s1-s1-t4" name="Validar tipos de dados" line="28">
<kw name="Teste de Tipos de Dados" owner="random-user-service">
<kw name="GET On Session" owner="RequestsLibrary">
<msg time="2024-07-26T05:15:53.003208" level="INFO">GET Request : url=https://randomuser.me/api 
 path_url=/api 
 headers={'User-Agent': 'python-requests/2.32.3', 'Accept-Encoding': 'gzip, deflate', 'Accept': '*/*', 'Connection': 'keep-alive'} 
 body=None 
 </msg>
<msg time="2024-07-26T05:15:53.003336" level="INFO">GET Response : url=https://randomuser.me/api 
 status=200, reason=OK 
 headers={'Date': 'Fri, 26 Jul 2024 05:15:53 GMT', 'Content-Type': 'application/json; charset=utf-8', 'Transfer-Encoding': 'chunked', 'Connection': 'keep-alive', 'X-Powered-By': 'Express', 'Access-Control-Allow-Origin': '*', 'Cache-Control': 'no-cache', 'ETag': 'W/"493-yWaQUqFD8Ql6FVHKSv+aATqpcPk"', 'Vary': 'Accept-Encoding', 'Content-Encoding': 'gzip', 'CF-Cache-Status': 'DYNAMIC', 'Report-To': '{"endpoints":[{"url":"https:\\/\\/a.nel.cloudflare.com\\/report\\/v4?s=qvl%2B0bT6OaEJj%2BsOmQlQSNKAif0NlD4PP%2BQEmeLqdpxBwrH%2Br3f5KRWQieV9mdoGNIAM5VX0sUFy645a5jZXYyAtAaXgP9%2FArdiq9evG4xN7fPO3472CFbVTHpIY3bmt"}],"group":"cf-nel","max_age":604800}', 'NEL': '{"success_fraction":0,"report_to":"cf-nel","max_age":604800}', 'Server': 'cloudflare', 'CF-RAY': '8a91ea17a843643e-SJC', 'alt-svc': 'h3=":443"; ma=86400'} 
 body={"results":[{"gender":"female","name":{"title":"Ms","first":"Liva","last":"Kristensen"},"location":{"street":{"number":4667,"name":"Ørbækvej"},"city":"Jerslev Sj","state":"Midtjylland","country":"Denmark","postcode":46816,"coordinates":{"latitude":"-42.3945","longitude":"114.4861"},"timezone":{"offset":"+11:00","description":"Magadan, Solomon Islands, New Caledonia"}},"email":"liva.kristensen@example.com","login":{"uuid":"85df7f56-6ce8-429b-8701-5b6116304c7e","username":"bigfrog755","password":"1007","salt":"Y5HlKTaC","md5":"b744c9e78ca52b66269969eeacc8117f","sha1":"9c274e54ff822ea57394bd855e195c9216327b4e","sha256":"fc770008c6fdf8b7abb0f475c121183bc386b33c8e6006c1ab1bc5ad7b3a5980"},"dob":{"date":"1966-01-31T12:59:29.005Z","age":58},"registered":{"date":"2004-07-25T15:33:48.188Z","age":20},"phone":"42027495","cell":"74521679","id":{"name":"CPR","value":"310166-6217"},"picture":{"large":"https://randomuser.me/api/portraits/women/10.jpg","medium":"https://randomuser.me/api/portraits/med/women/10.jpg","thumbnail":"https://randomuser.me/api/portraits/thumb/women/10.jpg"},"nat":"DK"}],"info":{"seed":"99e24099dfac44c2","results":1,"page":1,"version":"1.4"}} 
 </msg>
<msg time="2024-07-26T05:15:53.003417" level="INFO">/opt/hostedtoolcache/Python/3.12.4/x64/lib/python3.12/site-packages/urllib3/connectionpool.py:1099: InsecureRequestWarning: Unverified HTTPS request is being made to host 'randomuser.me'. Adding certificate verification is strongly advised. See: https://urllib3.readthedocs.io/en/latest/advanced-usage.html#tls-warnings
  warnings.warn(</msg>
<msg time="2024-07-26T05:15:53.003554" level="INFO">${response} = &lt;Response [200]&gt;</msg>
<var>${response}</var>
<arg>consultarAPI</arg>
<arg>/api</arg>
<doc>Sends a GET request on a previously created HTTP Session.</doc>
<status status="PASS" start="2024-07-26T05:15:52.905749" elapsed="0.097859"/>
</kw>
<kw name="Set Variable" owner="BuiltIn">
<msg time="2024-07-26T05:15:53.004410" level="INFO">${json_data} = {'results': [{'gender': 'female', 'name': {'title': 'Ms', 'first': 'Liva', 'last': 'Kristensen'}, 'location': {'street': {'number': 4667, 'name': 'Ørbækvej'}, 'city': 'Jerslev Sj', 'state': 'Midtjylla...</msg>
<var>${json_data}</var>
<arg>${response.json()}</arg>
<doc>Returns the given values which can then be assigned to a variables.</doc>
<status status="PASS" start="2024-07-26T05:15:53.003966" elapsed="0.000473"/>
</kw>
<kw name="Log" owner="BuiltIn">
<msg time="2024-07-26T05:15:53.004890" level="INFO">{'results': [{'gender': 'female', 'name': {'title': 'Ms', 'first': 'Liva', 'last': 'Kristensen'}, 'location': {'street': {'number': 4667, 'name': 'Ørbækvej'}, 'city': 'Jerslev Sj', 'state': 'Midtjylland', 'country': 'Denmark', 'postcode': 46816, 'coordinates': {'latitude': '-42.3945', 'longitude': '114.4861'}, 'timezone': {'offset': '+11:00', 'description': 'Magadan, Solomon Islands, New Caledonia'}}, 'email': 'liva.kristensen@example.com', 'login': {'uuid': '85df7f56-6ce8-429b-8701-5b6116304c7e', 'username': 'bigfrog755', 'password': '1007', 'salt': 'Y5HlKTaC', 'md5': 'b744c9e78ca52b66269969eeacc8117f', 'sha1': '9c274e54ff822ea57394bd855e195c9216327b4e', 'sha256': 'fc770008c6fdf8b7abb0f475c121183bc386b33c8e6006c1ab1bc5ad7b3a5980'}, 'dob': {'date': '1966-01-31T12:59:29.005Z', 'age': 58}, 'registered': {'date': '2004-07-25T15:33:48.188Z', 'age': 20}, 'phone': '42027495', 'cell': '74521679', 'id': {'name': 'CPR', 'value': '310166-6217'}, 'picture': {'large': 'https://randomuser.me/api/portraits/women/10.jpg', 'medium': 'https://randomuser.me/api/portraits/med/women/10.jpg', 'thumbnail': 'https://randomuser.me/api/portraits/thumb/women/10.jpg'}, 'nat': 'DK'}], 'info': {'seed': '99e24099dfac44c2', 'results': 1, 'page': 1, 'version': '1.4'}}</msg>
<arg>${json_data}</arg>
<doc>Logs the given message with the given level.</doc>
<status status="PASS" start="2024-07-26T05:15:53.004737" elapsed="0.000200"/>
</kw>
<kw name="Should Be String" owner="String">
<arg>${json_data['results'][0]['gender']}</arg>
<doc>Fails if the given ``item`` is not a string.</doc>
<status status="PASS" start="2024-07-26T05:15:53.005268" elapsed="0.000378"/>
</kw>
<kw name="Should Match Regexp" owner="BuiltIn">
<arg>${json_data['results'][0]['email']}</arg>
<arg>^[a-zA-Z0-9._%+-]+@[a-zA-Z0-9.-]+\.[a-zA-Z]{2,}$</arg>
<doc>Fails if ``string`` does not match ``pattern`` as a regular expression.</doc>
<status status="PASS" start="2024-07-26T05:15:53.005832" elapsed="0.000546"/>
</kw>
<kw name="Should Match Regexp" owner="BuiltIn">
<arg>${json_data['results'][0]['dob']['date']}</arg>
<arg>\\d{4}-\\d{2}-\\d{2}T\\d{2}:\\d{2}:\\d{2}\\.\\d{3}Z</arg>
<doc>Fails if ``string`` does not match ``pattern`` as a regular expression.</doc>
<status status="PASS" start="2024-07-26T05:15:53.006575" elapsed="0.000585"/>
</kw>
<kw name="Should Match Regexp" owner="BuiltIn">
<arg>${json_data['results'][0]['registered']['date']}</arg>
<arg>\\d{4}-\\d{2}-\\d{2}T\\d{2}:\\d{2}:\\d{2}\\.\\d{3}Z</arg>
<doc>Fails if ``string`` does not match ``pattern`` as a regular expression.</doc>
<status status="PASS" start="2024-07-26T05:15:53.007391" elapsed="0.000377"/>
</kw>
<kw name="Should Match Regexp" owner="BuiltIn">
<arg>${json_data['results'][0]['picture']['large']}</arg>
<arg>^https?://.*\.(?:png|jpe?g|gif|bmp)$</arg>
<doc>Fails if ``string`` does not match ``pattern`` as a regular expression.</doc>
<status status="PASS" start="2024-07-26T05:15:53.007955" elapsed="0.000451"/>
</kw>
<kw name="Should Match Regexp" owner="BuiltIn">
<arg>${json_data['results'][0]['picture']['medium']}</arg>
<arg>^https?://.*\.(?:png|jpe?g|gif|bmp)$</arg>
<doc>Fails if ``string`` does not match ``pattern`` as a regular expression.</doc>
<status status="PASS" start="2024-07-26T05:15:53.008593" elapsed="0.000358"/>
</kw>
<kw name="Should Match Regexp" owner="BuiltIn">
<arg>${json_data['results'][0]['picture']['thumbnail']}</arg>
<arg>^https?://.*\.(?:png|jpe?g|gif|bmp)$</arg>
<doc>Fails if ``string`` does not match ``pattern`` as a regular expression.</doc>
<status status="PASS" start="2024-07-26T05:15:53.009131" elapsed="0.000347"/>
</kw>
<kw name="Log" owner="BuiltIn">
<msg time="2024-07-26T05:15:53.009987" level="INFO">{'large': 'https://randomuser.me/api/portraits/women/10.jpg', 'medium': 'https://randomuser.me/api/portraits/med/women/10.jpg', 'thumbnail': 'https://randomuser.me/api/portraits/thumb/women/10.jpg'}</msg>
<arg>${json_data['results'][0]['picture']}</arg>
<doc>Logs the given message with the given level.</doc>
<status status="PASS" start="2024-07-26T05:15:53.009661" elapsed="0.000369"/>
</kw>
<status status="PASS" start="2024-07-26T05:15:52.905531" elapsed="0.104754"/>
</kw>
<kw name="Teste de Tipos de Dados - Postcode" owner="random-user-service">
<kw name="GET On Session" owner="RequestsLibrary">
<msg time="2024-07-26T05:15:53.096847" level="INFO">GET Request : url=https://randomuser.me/api 
 path_url=/api 
 headers={'User-Agent': 'python-requests/2.32.3', 'Accept-Encoding': 'gzip, deflate', 'Accept': '*/*', 'Connection': 'keep-alive'} 
 body=None 
 </msg>
<msg time="2024-07-26T05:15:53.096935" level="INFO">GET Response : url=https://randomuser.me/api 
 status=200, reason=OK 
 headers={'Date': 'Fri, 26 Jul 2024 05:15:53 GMT', 'Content-Type': 'application/json; charset=utf-8', 'Transfer-Encoding': 'chunked', 'Connection': 'keep-alive', 'X-Powered-By': 'Express', 'Access-Control-Allow-Origin': '*', 'Cache-Control': 'no-cache', 'ETag': 'W/"49d-q5J1IC/eycEF44NgdKofoYffgWI"', 'Vary': 'Accept-Encoding', 'Content-Encoding': 'gzip', 'CF-Cache-Status': 'DYNAMIC', 'Report-To': '{"endpoints":[{"url":"https:\\/\\/a.nel.cloudflare.com\\/report\\/v4?s=gRKKRZbYYaOFeOGBAiFF2V8y0CqkyiZpUQub%2Fvdyc92lAyD0eFUsCgS0FTRiebT1p5%2FTnTusNQkkaJkMTLhb2i2rvV1EBUmoNJlsIsDXGNNTPw9OpW9ClI9uUQ%2BRmr2k"}],"group":"cf-nel","max_age":604800}', 'NEL': '{"success_fraction":0,"report_to":"cf-nel","max_age":604800}', 'Server': 'cloudflare', 'CF-RAY': '8a91ea1858c7643e-SJC', 'alt-svc': 'h3=":443"; ma=86400'} 
 body={"results":[{"gender":"female","name":{"title":"Ms","first":"Alicia","last":"Vega"},"location":{"street":{"number":7450,"name":"Avenida de Castilla"},"city":"Lorca","state":"Comunidad Valenciana","country":"Spain","postcode":31042,"coordinates":{"latitude":"-36.3638","longitude":"127.4463"},"timezone":{"offset":"+10:00","description":"Eastern Australia, Guam, Vladivostok"}},"email":"alicia.vega@example.com","login":{"uuid":"0fffb179-39ba-442d-9caf-ba735b04a306","username":"yellowpanda702","password":"nnnnn","salt":"JUPtj1JY","md5":"c13c7fff750ba6e223eab86037473463","sha1":"4c46de52ff70f809957346b6161e453d8a935506","sha256":"764b2e0c83d185c5c424374f1af95dc2d8aafbdd59467c752ee3035d86dfd1f4"},"dob":{"date":"1970-05-10T17:56:51.756Z","age":54},"registered":{"date":"2006-07-26T13:19:30.395Z","age":17},"phone":"970-261-031","cell":"632-104-321","id":{"name":"DNI","value":"01169610-D"},"picture":{"large":"https://randomuser.me/api/portraits/women/32.jpg","medium":"https://randomuser.me/api/portraits/med/women/32.jpg","thumbnail":"https://randomuser.me/api/portraits/thumb/women/32.jpg"},"nat":"ES"}],"info":{"seed":"6624752d071ac52f","results":1,"page":1,"version":"1.4"}} 
 </msg>
<msg time="2024-07-26T05:15:53.097004" level="INFO">/opt/hostedtoolcache/Python/3.12.4/x64/lib/python3.12/site-packages/urllib3/connectionpool.py:1099: InsecureRequestWarning: Unverified HTTPS request is being made to host 'randomuser.me'. Adding certificate verification is strongly advised. See: https://urllib3.readthedocs.io/en/latest/advanced-usage.html#tls-warnings
  warnings.warn(</msg>
<msg time="2024-07-26T05:15:53.097143" level="INFO">${response} = &lt;Response [200]&gt;</msg>
<var>${response}</var>
<arg>consultarAPI</arg>
<arg>/api</arg>
<doc>Sends a GET request on a previously created HTTP Session.</doc>
<status status="PASS" start="2024-07-26T05:15:53.010715" elapsed="0.086475"/>
</kw>
<kw name="Set Variable" owner="BuiltIn">
<msg time="2024-07-26T05:15:53.098071" level="INFO">${json_data} = {'results': [{'gender': 'female', 'name': {'title': 'Ms', 'first': 'Alicia', 'last': 'Vega'}, 'location': {'street': {'number': 7450, 'name': 'Avenida de Castilla'}, 'city': 'Lorca', 'state': 'Comunid...</msg>
<var>${json_data}</var>
<arg>${response.json()}</arg>
<doc>Returns the given values which can then be assigned to a variables.</doc>
<status status="PASS" start="2024-07-26T05:15:53.097617" elapsed="0.000484"/>
</kw>
<kw name="Log" owner="BuiltIn">
<msg time="2024-07-26T05:15:53.098553" level="INFO">{'results': [{'gender': 'female', 'name': {'title': 'Ms', 'first': 'Alicia', 'last': 'Vega'}, 'location': {'street': {'number': 7450, 'name': 'Avenida de Castilla'}, 'city': 'Lorca', 'state': 'Comunidad Valenciana', 'country': 'Spain', 'postcode': 31042, 'coordinates': {'latitude': '-36.3638', 'longitude': '127.4463'}, 'timezone': {'offset': '+10:00', 'description': 'Eastern Australia, Guam, Vladivostok'}}, 'email': 'alicia.vega@example.com', 'login': {'uuid': '0fffb179-39ba-442d-9caf-ba735b04a306', 'username': 'yellowpanda702', 'password': 'nnnnn', 'salt': 'JUPtj1JY', 'md5': 'c13c7fff750ba6e223eab86037473463', 'sha1': '4c46de52ff70f809957346b6161e453d8a935506', 'sha256': '764b2e0c83d185c5c424374f1af95dc2d8aafbdd59467c752ee3035d86dfd1f4'}, 'dob': {'date': '1970-05-10T17:56:51.756Z', 'age': 54}, 'registered': {'date': '2006-07-26T13:19:30.395Z', 'age': 17}, 'phone': '970-261-031', 'cell': '632-104-321', 'id': {'name': 'DNI', 'value': '01169610-D'}, 'picture': {'large': 'https://randomuser.me/api/portraits/women/32.jpg', 'medium': 'https://randomuser.me/api/portraits/med/women/32.jpg', 'thumbnail': 'https://randomuser.me/api/portraits/thumb/women/32.jpg'}, 'nat': 'ES'}], 'info': {'seed': '6624752d071ac52f', 'results': 1, 'page': 1, 'version': '1.4'}}</msg>
<arg>${json_data}</arg>
<doc>Logs the given message with the given level.</doc>
<status status="PASS" start="2024-07-26T05:15:53.098402" elapsed="0.000197"/>
</kw>
<kw name="Should Be Equal As Numbers" owner="BuiltIn">
<arg>${json_data['results'][0]['location']['postcode']}</arg>
<arg>${json_data['results'][0]['location']['postcode']}</arg>
<doc>Fails if objects are unequal after converting them to real numbers.</doc>
<status status="PASS" start="2024-07-26T05:15:53.098897" elapsed="0.000657"/>
</kw>
<kw name="Log" owner="BuiltIn">
<msg time="2024-07-26T05:15:53.100079" level="INFO">31042</msg>
<arg>${json_data['results'][0]['location']['postcode']}</arg>
<doc>Logs the given message with the given level.</doc>
<status status="PASS" start="2024-07-26T05:15:53.099747" elapsed="0.000408"/>
</kw>
<status status="PASS" start="2024-07-26T05:15:53.010497" elapsed="0.089914"/>
</kw>
<doc>Testa se os tipos de dados na resposta da API estão corretos.</doc>
<tag>testeTiposDados</tag>
<status status="PASS" start="2024-07-26T05:15:52.905095" elapsed="0.195481"/>
</test>
<test id="s1-s1-t5" name="Validar conteudo" line="35">
<kw name="Teste de Tipos de Conteudo" owner="random-user-service">
<kw name="GET On Session" owner="RequestsLibrary">
<msg time="2024-07-26T05:15:53.199362" level="INFO">GET Request : url=https://randomuser.me/api 
 path_url=/api 
 headers={'User-Agent': 'python-requests/2.32.3', 'Accept-Encoding': 'gzip, deflate', 'Accept': '*/*', 'Connection': 'keep-alive'} 
 body=None 
 </msg>
<msg time="2024-07-26T05:15:53.199456" level="INFO">GET Response : url=https://randomuser.me/api 
 status=200, reason=OK 
 headers={'Date': 'Fri, 26 Jul 2024 05:15:53 GMT', 'Content-Type': 'application/json; charset=utf-8', 'Transfer-Encoding': 'chunked', 'Connection': 'keep-alive', 'X-Powered-By': 'Express', 'Access-Control-Allow-Origin': '*', 'Cache-Control': 'no-cache', 'ETag': 'W/"493-vHH8rgfEgeg+FMx7xKu//sS578Q"', 'Vary': 'Accept-Encoding', 'Content-Encoding': 'gzip', 'CF-Cache-Status': 'DYNAMIC', 'Report-To': '{"endpoints":[{"url":"https:\\/\\/a.nel.cloudflare.com\\/report\\/v4?s=evuVT7jzwZRRbPkNLqkG5SVQShB1nkGvO9xleVvLfxh%2BeIwvtIcwR2eTQfrFOHi3aLx7mZPj1K4beZf7NT99T1WhKqltG%2BNC3Mlccff5md7tYLUuwmLST9IOr%2FSJ%2Bi%2B%2B"}],"group":"cf-nel","max_age":604800}', 'NEL': '{"success_fraction":0,"report_to":"cf-nel","max_age":604800}', 'Server': 'cloudflare', 'CF-RAY': '8a91ea18e935643e-SJC', 'alt-svc': 'h3=":443"; ma=86400'} 
 body={"results":[{"gender":"male","name":{"title":"Mr","first":"حسین","last":"قاسمی"},"location":{"street":{"number":426,"name":"شهید شهرام امیری"},"city":"رشت","state":"قزوین","country":"Iran","postcode":79176,"coordinates":{"latitude":"14.4206","longitude":"-31.7244"},"timezone":{"offset":"+9:00","description":"Tokyo, Seoul, Osaka, Sapporo, Yakutsk"}},"email":"hsyn.qsmy@example.com","login":{"uuid":"58e0778c-8794-4cf1-afa8-4827476d97bf","username":"redleopard377","password":"yyyyyy1","salt":"ICJtU9hz","md5":"db6f1063499df8b2c91d013bec29ae34","sha1":"b09dc09265b89eec151f5d3607d567ff3b4dd381","sha256":"c03e23ac91a315342fbc06baf2c3fd25e78d74aa028ad7dd5ec8f1aa14a6c44e"},"dob":{"date":"1976-02-01T12:27:40.618Z","age":48},"registered":{"date":"2005-07-01T21:34:18.428Z","age":19},"phone":"024-38547916","cell":"0932-635-4365","id":{"name":"","value":null},"picture":{"large":"https://randomuser.me/api/portraits/men/46.jpg","medium":"https://randomuser.me/api/portraits/med/men/46.jpg","thumbnail":"https://randomuser.me/api/portraits/thumb/men/46.jpg"},"nat":"IR"}],"info":{"seed":"ecbe4bb0dadadb3d","results":1,"page":1,"version":"1.4"}} 
 </msg>
<msg time="2024-07-26T05:15:53.199537" level="INFO">/opt/hostedtoolcache/Python/3.12.4/x64/lib/python3.12/site-packages/urllib3/connectionpool.py:1099: InsecureRequestWarning: Unverified HTTPS request is being made to host 'randomuser.me'. Adding certificate verification is strongly advised. See: https://urllib3.readthedocs.io/en/latest/advanced-usage.html#tls-warnings
  warnings.warn(</msg>
<msg time="2024-07-26T05:15:53.199679" level="INFO">${response} = &lt;Response [200]&gt;</msg>
<var>${response}</var>
<arg>consultarAPI</arg>
<arg>/api</arg>
<doc>Sends a GET request on a previously created HTTP Session.</doc>
<status status="PASS" start="2024-07-26T05:15:53.103414" elapsed="0.096319"/>
</kw>
<kw name="Set Variable" owner="BuiltIn">
<msg time="2024-07-26T05:15:53.200647" level="INFO">${json_data} = {'results': [{'gender': 'male', 'name': {'title': 'Mr', 'first': 'حسین', 'last': 'قاسمی'}, 'location': {'street': {'number': 426, 'name': 'شهید شهرام امیری'}, 'city': 'رشت', 'state': 'قزوین', 'country...</msg>
<var>${json_data}</var>
<arg>${response.json()}</arg>
<doc>Returns the given values which can then be assigned to a variables.</doc>
<status status="PASS" start="2024-07-26T05:15:53.200174" elapsed="0.000503"/>
</kw>
<kw name="Set Variable" owner="BuiltIn">
<msg time="2024-07-26T05:15:53.201443" level="INFO">${name_title} = Mr</msg>
<var>${name_title}</var>
<arg>${json_data["results"][0]["name"]["title"]}</arg>
<doc>Returns the given values which can then be assigned to a variables.</doc>
<status status="PASS" start="2024-07-26T05:15:53.200985" elapsed="0.000485"/>
</kw>
<kw name="Create List" owner="BuiltIn">
<msg time="2024-07-26T05:15:53.201943" level="INFO">${allowed_titles} = ['Mr', 'Ms', 'Miss', 'Mrs', 'Madame', 'Monsieur']</msg>
<var>${allowed_titles}</var>
<arg>Mr</arg>
<arg>Ms</arg>
<arg>Miss</arg>
<arg>Mrs</arg>
<arg>Madame</arg>
<arg>Monsieur</arg>
<doc>Returns a list containing given items.</doc>
<status status="PASS" start="2024-07-26T05:15:53.201794" elapsed="0.000174"/>
</kw>
<kw name="List Should Contain Value" owner="Collections">
<arg>${allowed_titles}</arg>
<arg>${name_title}</arg>
<doc>Fails if the ``value`` is not found from ``list``.</doc>
<status status="PASS" start="2024-07-26T05:15:53.202263" elapsed="0.000180"/>
</kw>
<kw name="Set Variable" owner="BuiltIn">
<msg time="2024-07-26T05:15:53.203002" level="INFO">${name_country} = IR</msg>
<var>${name_country}</var>
<arg>${json_data["results"][0]["nat"]}</arg>
<doc>Returns the given values which can then be assigned to a variables.</doc>
<status status="PASS" start="2024-07-26T05:15:53.202629" elapsed="0.000398"/>
</kw>
<kw name="Create List" owner="BuiltIn">
<msg time="2024-07-26T05:15:53.203960" level="INFO">${list_country} = ['AD', 'AE', 'AF', 'AG', 'AI', 'AL', 'AM', 'AO', 'AQ', 'AR', 'AS', 'AT', 'AU', 'AW', 'AX', 'AZ', 'BA', 'BB', 'BD', 'BE', 'BF', 'BG', 'BH', 'BI', 'BJ', 'BL', 'BM', 'BN', 'BO', 'BQ', 'BR', 'BS', 'BT', '...</msg>
<var>${list_country}</var>
<arg>AD</arg>
<arg>AE</arg>
<arg>AF</arg>
<arg>AG</arg>
<arg>AI</arg>
<arg>AL</arg>
<arg>AM</arg>
<arg>AO</arg>
<arg>AQ</arg>
<arg>AR</arg>
<arg>AS</arg>
<arg>AT</arg>
<arg>AU</arg>
<arg>AW</arg>
<arg>AX</arg>
<arg>AZ</arg>
<arg>BA</arg>
<arg>BB</arg>
<arg>BD</arg>
<arg>BE</arg>
<arg>BF</arg>
<arg>BG</arg>
<arg>BH</arg>
<arg>BI</arg>
<arg>BJ</arg>
<arg>BL</arg>
<arg>BM</arg>
<arg>BN</arg>
<arg>BO</arg>
<arg>BQ</arg>
<arg>BR</arg>
<arg>BS</arg>
<arg>BT</arg>
<arg>BV</arg>
<arg>BW</arg>
<arg>BY</arg>
<arg>BZ</arg>
<arg>CA</arg>
<arg>CC</arg>
<arg>CD</arg>
<arg>CF</arg>
<arg>CG</arg>
<arg>CH</arg>
<arg>CI</arg>
<arg>CK</arg>
<arg>CL</arg>
<arg>CM</arg>
<arg>CN</arg>
<arg>CO</arg>
<arg>CR</arg>
<arg>CU</arg>
<arg>CV</arg>
<arg>CW</arg>
<arg>CX</arg>
<arg>CY</arg>
<arg>CZ</arg>
<arg>DE</arg>
<arg>DJ</arg>
<arg>DK</arg>
<arg>DM</arg>
<arg>DO</arg>
<arg>DZ</arg>
<arg>EC</arg>
<arg>EE</arg>
<arg>EG</arg>
<arg>EH</arg>
<arg>ER</arg>
<arg>ES</arg>
<arg>ET</arg>
<arg>FI</arg>
<arg>FJ</arg>
<arg>FK</arg>
<arg>FM</arg>
<arg>FO</arg>
<arg>FR</arg>
<arg>GA</arg>
<arg>GB</arg>
<arg>GD</arg>
<arg>GE</arg>
<arg>GF</arg>
<arg>GG</arg>
<arg>GH</arg>
<arg>GI</arg>
<arg>GL</arg>
<arg>GM</arg>
<arg>GN</arg>
<arg>GP</arg>
<arg>GQ</arg>
<arg>GR</arg>
<arg>GS</arg>
<arg>GT</arg>
<arg>GU</arg>
<arg>GW</arg>
<arg>GY</arg>
<arg>HK</arg>
<arg>HM</arg>
<arg>HN</arg>
<arg>HR</arg>
<arg>HT</arg>
<arg>HU</arg>
<arg>ID</arg>
<arg>IE</arg>
<arg>IL</arg>
<arg>IM</arg>
<arg>IN</arg>
<arg>IO</arg>
<arg>IQ</arg>
<arg>IR</arg>
<arg>IS</arg>
<arg>IT</arg>
<arg>JE</arg>
<arg>JM</arg>
<arg>JO</arg>
<arg>JP</arg>
<arg>KE</arg>
<arg>KG</arg>
<arg>KH</arg>
<arg>KI</arg>
<arg>KM</arg>
<arg>KN</arg>
<arg>KP</arg>
<arg>KR</arg>
<arg>KW</arg>
<arg>KY</arg>
<arg>KZ</arg>
<arg>LA</arg>
<arg>LB</arg>
<arg>LC</arg>
<arg>LI</arg>
<arg>LK</arg>
<arg>LR</arg>
<arg>LS</arg>
<arg>LT</arg>
<arg>LU</arg>
<arg>LV</arg>
<arg>LY</arg>
<arg>MA</arg>
<arg>MC</arg>
<arg>MD</arg>
<arg>ME</arg>
<arg>MF</arg>
<arg>MG</arg>
<arg>MH</arg>
<arg>MK</arg>
<arg>ML</arg>
<arg>MM</arg>
<arg>MN</arg>
<arg>MO</arg>
<arg>MP</arg>
<arg>MQ</arg>
<arg>MR</arg>
<arg>MS</arg>
<arg>MT</arg>
<arg>MU</arg>
<arg>MV</arg>
<arg>MW</arg>
<arg>MX</arg>
<arg>MY</arg>
<arg>MZ</arg>
<arg>NA</arg>
<arg>NC</arg>
<arg>NE</arg>
<arg>NF</arg>
<arg>NG</arg>
<arg>NI</arg>
<arg>NL</arg>
<arg>NO</arg>
<arg>NP</arg>
<arg>NR</arg>
<arg>NU</arg>
<arg>NZ</arg>
<arg>OM</arg>
<arg>PA</arg>
<arg>PE</arg>
<arg>PF</arg>
<arg>PG</arg>
<arg>PH</arg>
<arg>PK</arg>
<arg>PL</arg>
<arg>PM</arg>
<arg>PN</arg>
<arg>PR</arg>
<arg>PS</arg>
<arg>PT</arg>
<arg>PW</arg>
<arg>PY</arg>
<arg>QA</arg>
<arg>RE</arg>
<arg>RO</arg>
<arg>RS</arg>
<arg>RU</arg>
<arg>RW</arg>
<arg>SA</arg>
<arg>SB</arg>
<arg>SC</arg>
<arg>SD</arg>
<arg>SE</arg>
<arg>SG</arg>
<arg>SH</arg>
<arg>SI</arg>
<arg>SJ</arg>
<arg>SK</arg>
<arg>SL</arg>
<arg>SM</arg>
<arg>SN</arg>
<arg>SO</arg>
<arg>SR</arg>
<arg>SS</arg>
<arg>ST</arg>
<arg>SV</arg>
<arg>SX</arg>
<arg>SY</arg>
<arg>SZ</arg>
<arg>TC</arg>
<arg>TD</arg>
<arg>TF</arg>
<arg>TG</arg>
<arg>TH</arg>
<arg>TJ</arg>
<arg>TK</arg>
<arg>TL</arg>
<arg>TM</arg>
<arg>TN</arg>
<arg>TO</arg>
<arg>TR</arg>
<arg>TT</arg>
<arg>TV</arg>
<arg>TW</arg>
<arg>TZ</arg>
<arg>UA</arg>
<arg>UG</arg>
<arg>UM</arg>
<arg>US</arg>
<arg>UY</arg>
<arg>UZ</arg>
<arg>VA</arg>
<arg>VC</arg>
<arg>VE</arg>
<arg>VG</arg>
<arg>VI</arg>
<arg>VN</arg>
<arg>VU</arg>
<arg>WF</arg>
<arg>WS</arg>
<arg>XK</arg>
<arg>YE</arg>
<arg>YT</arg>
<arg>ZA</arg>
<arg>ZM</arg>
<arg>ZW</arg>
<doc>Returns a list containing given items.</doc>
<status status="PASS" start="2024-07-26T05:15:53.203356" elapsed="0.000630"/>
</kw>
<kw name="List Should Contain Value" owner="Collections">
<arg>${list_country}</arg>
<arg>${name_country}</arg>
<doc>Fails if the ``value`` is not found from ``list``.</doc>
<status status="PASS" start="2024-07-26T05:15:53.204940" elapsed="0.000212"/>
</kw>
<kw name="Run Keyword If" owner="BuiltIn">
<kw name="Should Be True" owner="BuiltIn">
<arg>${True}</arg>
<doc>Fails if the given condition is not true.</doc>
<status status="PASS" start="2024-07-26T05:15:53.206089" elapsed="0.000141"/>
</kw>
<arg>${json_data["results"][0]["location"]["coordinates"]["latitude"]} &gt;= -90 and ${json_data["results"][0]["location"]["coordinates"]["latitude"]} &lt;= 90</arg>
<arg>Should Be True</arg>
<arg>${True}</arg>
<doc>Runs the given keyword with the given arguments, if ``condition`` is true.</doc>
<status status="PASS" start="2024-07-26T05:15:53.205353" elapsed="0.001004"/>
</kw>
<kw name="Run Keyword If" owner="BuiltIn">
<kw name="Should Be True" owner="BuiltIn">
<arg>${True}</arg>
<doc>Fails if the given condition is not true.</doc>
<status status="PASS" start="2024-07-26T05:15:53.207268" elapsed="0.000158"/>
</kw>
<arg>${json_data["results"][0]["location"]["coordinates"]["longitude"]} &gt;= -180 and ${json_data["results"][0]["location"]["coordinates"]["longitude"]} &lt;= 180</arg>
<arg>Should Be True</arg>
<arg>${True}</arg>
<doc>Runs the given keyword with the given arguments, if ``condition`` is true.</doc>
<status status="PASS" start="2024-07-26T05:15:53.206546" elapsed="0.001003"/>
</kw>
<status status="PASS" start="2024-07-26T05:15:53.103016" elapsed="0.104661"/>
</kw>
<doc>Testa o conteúdo específico dos campos retornados pela API.</doc>
<tag>testeConteudo</tag>
<status status="PASS" start="2024-07-26T05:15:53.102342" elapsed="0.105480"/>
</test>
<status status="PASS" start="2024-07-26T05:15:52.286233" elapsed="0.923446"/>
</suite>
<status status="PASS" start="2024-07-26T05:15:52.271805" elapsed="0.942951"/>
</suite>
<statistics>
<total>
<stat pass="5" fail="0" skip="0">All Tests</stat>
</total>
<tag>
<stat pass="1" fail="0" skip="0">testeConteudo</stat>
<stat pass="1" fail="0" skip="0">testeEstruturaResposta</stat>
<stat pass="1" fail="0" skip="0">testeRequisicaoBasica</stat>
<stat pass="1" fail="0" skip="0">testeTiposDados</stat>
</tag>
<suite>
<stat pass="5" fail="0" skip="0" id="s1" name="Tests">Tests</stat>
<stat pass="5" fail="0" skip="0" id="s1-s1" name="Random-User-Test">Tests.Random-User-Test</stat>
</suite>
</statistics>
<errors>
</errors>
</robot>
