<?xml version="1.0" encoding="UTF-8"?>
<robot generator="Robot 7.0 (Python 3.12.3 on linux)" generated="2024-04-20T20:13:36.719963" rpa="false" schemaversion="5">
<suite id="s1" name="Tests" source="/home/runner/work/DesafioQAItauRogerioJordao/DesafioQAItauRogerioJordao/RamdonUser/tests">
<suite id="s1-s1" name="Random-User-Test" source="/home/runner/work/DesafioQAItauRogerioJordao/DesafioQAItauRogerioJordao/RamdonUser/tests/random-user-test.robot">
<test id="s1-s1-t1" name="Conectar" line="13">
<kw name="Conectar API" owner="random-user-service">
<kw name="Create Session" owner="RequestsLibrary">
<msg time="2024-04-20T20:13:37.074495" level="INFO">Creating Session using : alias=consultarAPI, url=https://randomuser.me/, headers={},                     cookies={}, auth=None, timeout=None, proxies=None, verify=False,                     debug=0 </msg>
<arg>consultarAPI</arg>
<arg>${URL}</arg>
<doc>Create Session: create a HTTP session to a server</doc>
<status status="PASS" start="2024-04-20T20:13:37.074294" elapsed="0.000368"/>
</kw>
<status status="PASS" start="2024-04-20T20:13:37.073309" elapsed="0.001707"/>
</kw>
<status status="PASS" start="2024-04-20T20:13:37.072687" elapsed="0.002523"/>
</test>
<test id="s1-s1-t2" name="Validar retorno 200 e JSON Válido" line="16">
<kw name="Teste de Requisicao Basica" owner="random-user-service">
<kw name="GET On Session" owner="RequestsLibrary">
<msg time="2024-04-20T20:13:37.273148" level="INFO">GET Request : url=https://randomuser.me/api 
 path_url=/api 
 headers={'User-Agent': 'python-requests/2.31.0', 'Accept-Encoding': 'gzip, deflate', 'Accept': '*/*', 'Connection': 'keep-alive'} 
 body=None 
 </msg>
<msg time="2024-04-20T20:13:37.273283" level="INFO">GET Response : url=https://randomuser.me/api 
 status=200, reason=OK 
 headers={'Date': 'Sat, 20 Apr 2024 20:13:37 GMT', 'Content-Type': 'application/json; charset=utf-8', 'Transfer-Encoding': 'chunked', 'Connection': 'keep-alive', 'X-Powered-By': 'Express', 'Access-Control-Allow-Origin': '*', 'Cache-Control': 'no-cache', 'ETag': 'W/"49c-CRr+8KU/zZpu5qybhhOH+6kUHrI"', 'Vary': 'Accept-Encoding', 'Content-Encoding': 'gzip', 'CF-Cache-Status': 'DYNAMIC', 'Report-To': '{"endpoints":[{"url":"https:\\/\\/a.nel.cloudflare.com\\/report\\/v4?s=TotgwSo0GLa0UrC8851XknFmnDNSReS%2Fe0LlrUw%2Bdiqme1m7uLV%2BTwMQo8l0sFqN9%2Fe2MimGkv%2FzGqoUGyLtbKSQ13%2FPw5Ihcc8HWfyO5N1LGnO%2B1hdTjipIZOm9%2BsSP"}],"group":"cf-nel","max_age":604800}', 'NEL': '{"success_fraction":0,"report_to":"cf-nel","max_age":604800}', 'Server': 'cloudflare', 'CF-RAY': '8777cbc3ad4d61c4-ORD', 'alt-svc': 'h3=":443"; ma=86400'} 
 body={"results":[{"gender":"female","name":{"title":"Ms","first":"Abigail","last":"Ouellet"},"location":{"street":{"number":3436,"name":"Balmoral St"},"city":"Lasalle","state":"New Brunswick","country":"Canada","postcode":"C4Z 8O5","coordinates":{"latitude":"-70.8861","longitude":"66.5927"},"timezone":{"offset":"+3:00","description":"Baghdad, Riyadh, Moscow, St. Petersburg"}},"email":"abigail.ouellet@example.com","login":{"uuid":"0ba85384-fc4e-4d4f-ba73-b281060ad912","username":"bluepanda251","password":"huskies","salt":"Wt3Zr9oP","md5":"fa586ca8b33b1cded3fa44dbefd2ab2c","sha1":"4f4ce6dcf3fdf5bd000ff0c61e79d72b46ada78b","sha256":"0401eb2dcf98cec317429a2672256bccd24c1bb9bd561f6b609e989bf0dcf518"},"dob":{"date":"1974-03-12T02:50:44.817Z","age":50},"registered":{"date":"2003-11-21T05:56:13.153Z","age":20},"phone":"K06 W61-1585","cell":"A67 S97-4716","id":{"name":"SIN","value":"637002387"},"picture":{"large":"https://randomuser.me/api/portraits/women/4.jpg","medium":"https://randomuser.me/api/portraits/med/women/4.jpg","thumbnail":"https://randomuser.me/api/portraits/thumb/women/4.jpg"},"nat":"CA"}],"info":{"seed":"45d403907573a560","results":1,"page":1,"version":"1.4"}} 
 </msg>
<msg time="2024-04-20T20:13:37.273360" level="INFO">/opt/hostedtoolcache/Python/3.12.3/x64/lib/python3.12/site-packages/urllib3/connectionpool.py:1103: InsecureRequestWarning: Unverified HTTPS request is being made to host 'randomuser.me'. Adding certificate verification is strongly advised. See: https://urllib3.readthedocs.io/en/latest/advanced-usage.html#tls-warnings
  warnings.warn(</msg>
<msg time="2024-04-20T20:13:37.273496" level="INFO">${response} = &lt;Response [200]&gt;</msg>
<var>${response}</var>
<arg>consultarAPI</arg>
<arg>/api</arg>
<doc>Sends a GET request on a previously created HTTP Session.</doc>
<status status="PASS" start="2024-04-20T20:13:37.077808" elapsed="0.195729"/>
</kw>
<kw name="Should Be Equal As Numbers" owner="BuiltIn">
<msg time="2024-04-20T20:13:37.274473" level="INFO">Argument types are:
&lt;class 'int'&gt;
&lt;class 'str'&gt;</msg>
<arg>${response.status_code}</arg>
<arg>200</arg>
<doc>Fails if objects are unequal after converting them to real numbers.</doc>
<status status="PASS" start="2024-04-20T20:13:37.274028" elapsed="0.000511"/>
</kw>
<kw name="Log" owner="BuiltIn">
<msg time="2024-04-20T20:13:37.275239" level="INFO">200</msg>
<arg>${response.status_code}</arg>
<doc>Logs the given message with the given level.</doc>
<status status="PASS" start="2024-04-20T20:13:37.274878" elapsed="0.000405"/>
</kw>
<kw name="Set Variable" owner="BuiltIn">
<msg time="2024-04-20T20:13:37.276052" level="INFO">${json_data} = {'results': [{'gender': 'female', 'name': {'title': 'Ms', 'first': 'Abigail', 'last': 'Ouellet'}, 'location': {'street': {'number': 3436, 'name': 'Balmoral St'}, 'city': 'Lasalle', 'state': 'New Bruns...</msg>
<var>${json_data}</var>
<arg>${response.json()}</arg>
<doc>Returns the given values which can then be assigned to a variables.</doc>
<status status="PASS" start="2024-04-20T20:13:37.275599" elapsed="0.000481"/>
</kw>
<kw name="Dictionary Should Contain Key" owner="Collections">
<msg time="2024-04-20T20:13:37.276547" level="INFO">False</msg>
<arg>${json_data}</arg>
<arg>results</arg>
<doc>Fails if ``key`` is not found from ``dictionary``.</doc>
<status status="PASS" start="2024-04-20T20:13:37.276381" elapsed="0.000206"/>
</kw>
<status status="PASS" start="2024-04-20T20:13:37.077559" elapsed="0.199287"/>
</kw>
<doc>Testa se a API responde corretamente e retorna um objeto JSON válido.</doc>
<tag>testeRequisicaoBasica</tag>
<status status="PASS" start="2024-04-20T20:13:37.077104" elapsed="0.199923"/>
</test>
<test id="s1-s1-t3" name="Validar estrutura de resposta" line="22">
<kw name="Teste de Estrutura de Resposta" owner="random-user-service">
<kw name="GET On Session" owner="RequestsLibrary">
<msg time="2024-04-20T20:13:37.377836" level="INFO">GET Request : url=https://randomuser.me/api 
 path_url=/api 
 headers={'User-Agent': 'python-requests/2.31.0', 'Accept-Encoding': 'gzip, deflate', 'Accept': '*/*', 'Connection': 'keep-alive'} 
 body=None 
 </msg>
<msg time="2024-04-20T20:13:37.377922" level="INFO">GET Response : url=https://randomuser.me/api 
 status=200, reason=OK 
 headers={'Date': 'Sat, 20 Apr 2024 20:13:37 GMT', 'Content-Type': 'application/json; charset=utf-8', 'Transfer-Encoding': 'chunked', 'Connection': 'keep-alive', 'X-Powered-By': 'Express', 'Access-Control-Allow-Origin': '*', 'Cache-Control': 'no-cache', 'ETag': 'W/"48b-rZQmHBk4ThdfL99+smUk629gOXQ"', 'Vary': 'Accept-Encoding', 'Content-Encoding': 'gzip', 'CF-Cache-Status': 'DYNAMIC', 'Report-To': '{"endpoints":[{"url":"https:\\/\\/a.nel.cloudflare.com\\/report\\/v4?s=cLZ1rbsd24y5gFLrnxUqVS8zEb6Z79I8cACUdS9ZeYAvq1c5DRJRcTQVRzZxqcyXkzwsTwypuJ3%2Bu5T2g4lG5t3m5vbRc0Zri33oZyRD5rSymNDT%2BzgAOiJoebPGYMJT"}],"group":"cf-nel","max_age":604800}', 'NEL': '{"success_fraction":0,"report_to":"cf-nel","max_age":604800}', 'Server': 'cloudflare', 'CF-RAY': '8777cbc40db261c4-ORD', 'alt-svc': 'h3=":443"; ma=86400'} 
 body={"results":[{"gender":"female","name":{"title":"Mrs","first":"Mai","last":"Schuilenburg"},"location":{"street":{"number":5448,"name":"Klokkestraat"},"city":"Kleverskerke","state":"Limburg","country":"Netherlands","postcode":"6538 FL","coordinates":{"latitude":"34.7613","longitude":"62.4000"},"timezone":{"offset":"+3:30","description":"Tehran"}},"email":"mai.schuilenburg@example.com","login":{"uuid":"9a798e66-d1e6-40c2-931d-305a9ad17424","username":"ticklishduck129","password":"basketball","salt":"g6xcVlLo","md5":"5d8220c87eafa595fc55b2e9a763203e","sha1":"0b9655b4c9a80fce3a65103f04d9640e757e14f9","sha256":"9794343aaf6612a82cb0a4c86707560ca0ad76875da54aa86e16d050d4960b00"},"dob":{"date":"1965-06-22T19:28:19.910Z","age":58},"registered":{"date":"2015-12-28T09:31:47.900Z","age":8},"phone":"(068) 0421282","cell":"(06) 57585629","id":{"name":"BSN","value":"82072508"},"picture":{"large":"https://randomuser.me/api/portraits/women/60.jpg","medium":"https://randomuser.me/api/portraits/med/women/60.jpg","thumbnail":"https://randomuser.me/api/portraits/thumb/women/60.jpg"},"nat":"NL"}],"info":{"seed":"b20bb81d0319d581","results":1,"page":1,"version":"1.4"}} 
 </msg>
<msg time="2024-04-20T20:13:37.378044" level="INFO">/opt/hostedtoolcache/Python/3.12.3/x64/lib/python3.12/site-packages/urllib3/connectionpool.py:1103: InsecureRequestWarning: Unverified HTTPS request is being made to host 'randomuser.me'. Adding certificate verification is strongly advised. See: https://urllib3.readthedocs.io/en/latest/advanced-usage.html#tls-warnings
  warnings.warn(</msg>
<msg time="2024-04-20T20:13:37.378162" level="INFO">${response} = &lt;Response [200]&gt;</msg>
<var>${response}</var>
<arg>consultarAPI</arg>
<arg>/api</arg>
<doc>Sends a GET request on a previously created HTTP Session.</doc>
<status status="PASS" start="2024-04-20T20:13:37.279645" elapsed="0.098545"/>
</kw>
<kw name="Set Variable" owner="BuiltIn">
<msg time="2024-04-20T20:13:37.379021" level="INFO">${json_data} = {'results': [{'gender': 'female', 'name': {'title': 'Mrs', 'first': 'Mai', 'last': 'Schuilenburg'}, 'location': {'street': {'number': 5448, 'name': 'Klokkestraat'}, 'city': 'Kleverskerke', 'state': 'L...</msg>
<var>${json_data}</var>
<arg>${response.json()}</arg>
<doc>Returns the given values which can then be assigned to a variables.</doc>
<status status="PASS" start="2024-04-20T20:13:37.378568" elapsed="0.000481"/>
</kw>
<kw name="Log" owner="BuiltIn">
<msg time="2024-04-20T20:13:37.379506" level="INFO">{'results': [{'gender': 'female', 'name': {'title': 'Mrs', 'first': 'Mai', 'last': 'Schuilenburg'}, 'location': {'street': {'number': 5448, 'name': 'Klokkestraat'}, 'city': 'Kleverskerke', 'state': 'Limburg', 'country': 'Netherlands', 'postcode': '6538 FL', 'coordinates': {'latitude': '34.7613', 'longitude': '62.4000'}, 'timezone': {'offset': '+3:30', 'description': 'Tehran'}}, 'email': 'mai.schuilenburg@example.com', 'login': {'uuid': '9a798e66-d1e6-40c2-931d-305a9ad17424', 'username': 'ticklishduck129', 'password': 'basketball', 'salt': 'g6xcVlLo', 'md5': '5d8220c87eafa595fc55b2e9a763203e', 'sha1': '0b9655b4c9a80fce3a65103f04d9640e757e14f9', 'sha256': '9794343aaf6612a82cb0a4c86707560ca0ad76875da54aa86e16d050d4960b00'}, 'dob': {'date': '1965-06-22T19:28:19.910Z', 'age': 58}, 'registered': {'date': '2015-12-28T09:31:47.900Z', 'age': 8}, 'phone': '(068) 0421282', 'cell': '(06) 57585629', 'id': {'name': 'BSN', 'value': '82072508'}, 'picture': {'large': 'https://randomuser.me/api/portraits/women/60.jpg', 'medium': 'https://randomuser.me/api/portraits/med/women/60.jpg', 'thumbnail': 'https://randomuser.me/api/portraits/thumb/women/60.jpg'}, 'nat': 'NL'}], 'info': {'seed': 'b20bb81d0319d581', 'results': 1, 'page': 1, 'version': '1.4'}}</msg>
<arg>${json_data}</arg>
<doc>Logs the given message with the given level.</doc>
<status status="PASS" start="2024-04-20T20:13:37.379352" elapsed="0.000202"/>
</kw>
<kw name="Dictionary Should Contain Key" owner="Collections">
<msg time="2024-04-20T20:13:37.379998" level="INFO">False</msg>
<arg>${json_data}</arg>
<arg>results</arg>
<doc>Fails if ``key`` is not found from ``dictionary``.</doc>
<status status="PASS" start="2024-04-20T20:13:37.379846" elapsed="0.000188"/>
</kw>
<kw name="Should Not Be Empty" owner="BuiltIn">
<msg time="2024-04-20T20:13:37.380458" level="INFO">Length is 2.</msg>
<arg>${json_data}</arg>
<doc>Verifies that the given item is not empty.</doc>
<status status="PASS" start="2024-04-20T20:13:37.380328" elapsed="0.000168"/>
</kw>
<kw name="Create List" owner="BuiltIn">
<msg time="2024-04-20T20:13:37.381099" level="INFO">${expected_keys} = ['gender', 'name', 'location', 'email', 'login']</msg>
<var>${expected_keys}</var>
<arg>gender</arg>
<arg>name</arg>
<arg>location</arg>
<arg>email</arg>
<arg>login</arg>
<doc>Returns a list containing given items.</doc>
<status status="PASS" start="2024-04-20T20:13:37.380782" elapsed="0.000347"/>
</kw>
<for flavor="IN">
<iter>
<kw name="Dictionary Should Contain Key" owner="Collections">
<msg time="2024-04-20T20:13:37.382107" level="INFO">False</msg>
<arg>${json_data['results'][0]}</arg>
<arg>${key}</arg>
<doc>Fails if ``key`` is not found from ``dictionary``.</doc>
<status status="PASS" start="2024-04-20T20:13:37.381705" elapsed="0.000440"/>
</kw>
<kw name="Log" owner="BuiltIn">
<msg time="2024-04-20T20:13:37.382807" level="INFO">{'gender': 'female', 'name': {'title': 'Mrs', 'first': 'Mai', 'last': 'Schuilenburg'}, 'location': {'street': {'number': 5448, 'name': 'Klokkestraat'}, 'city': 'Kleverskerke', 'state': 'Limburg', 'country': 'Netherlands', 'postcode': '6538 FL', 'coordinates': {'latitude': '34.7613', 'longitude': '62.4000'}, 'timezone': {'offset': '+3:30', 'description': 'Tehran'}}, 'email': 'mai.schuilenburg@example.com', 'login': {'uuid': '9a798e66-d1e6-40c2-931d-305a9ad17424', 'username': 'ticklishduck129', 'password': 'basketball', 'salt': 'g6xcVlLo', 'md5': '5d8220c87eafa595fc55b2e9a763203e', 'sha1': '0b9655b4c9a80fce3a65103f04d9640e757e14f9', 'sha256': '9794343aaf6612a82cb0a4c86707560ca0ad76875da54aa86e16d050d4960b00'}, 'dob': {'date': '1965-06-22T19:28:19.910Z', 'age': 58}, 'registered': {'date': '2015-12-28T09:31:47.900Z', 'age': 8}, 'phone': '(068) 0421282', 'cell': '(06) 57585629', 'id': {'name': 'BSN', 'value': '82072508'}, 'picture': {'large': 'https://randomuser.me/api/portraits/women/60.jpg', 'medium': 'https://randomuser.me/api/portraits/med/women/60.jpg', 'thumbnail': 'https://randomuser.me/api/portraits/thumb/women/60.jpg'}, 'nat': 'NL'}</msg>
<arg>${json_data['results'][0]}</arg>
<doc>Logs the given message with the given level.</doc>
<status status="PASS" start="2024-04-20T20:13:37.382443" elapsed="0.000412"/>
</kw>
<kw name="Log" owner="BuiltIn">
<msg time="2024-04-20T20:13:37.383276" level="INFO">gender</msg>
<arg>${key}</arg>
<doc>Logs the given message with the given level.</doc>
<status status="PASS" start="2024-04-20T20:13:37.383149" elapsed="0.000164"/>
</kw>
<var name="${key}">gender</var>
<status status="PASS" start="2024-04-20T20:13:37.381580" elapsed="0.001942"/>
</iter>
<iter>
<kw name="Dictionary Should Contain Key" owner="Collections">
<msg time="2024-04-20T20:13:37.384223" level="INFO">False</msg>
<arg>${json_data['results'][0]}</arg>
<arg>${key}</arg>
<doc>Fails if ``key`` is not found from ``dictionary``.</doc>
<status status="PASS" start="2024-04-20T20:13:37.383820" elapsed="0.000440"/>
</kw>
<kw name="Log" owner="BuiltIn">
<msg time="2024-04-20T20:13:37.384961" level="INFO">{'gender': 'female', 'name': {'title': 'Mrs', 'first': 'Mai', 'last': 'Schuilenburg'}, 'location': {'street': {'number': 5448, 'name': 'Klokkestraat'}, 'city': 'Kleverskerke', 'state': 'Limburg', 'country': 'Netherlands', 'postcode': '6538 FL', 'coordinates': {'latitude': '34.7613', 'longitude': '62.4000'}, 'timezone': {'offset': '+3:30', 'description': 'Tehran'}}, 'email': 'mai.schuilenburg@example.com', 'login': {'uuid': '9a798e66-d1e6-40c2-931d-305a9ad17424', 'username': 'ticklishduck129', 'password': 'basketball', 'salt': 'g6xcVlLo', 'md5': '5d8220c87eafa595fc55b2e9a763203e', 'sha1': '0b9655b4c9a80fce3a65103f04d9640e757e14f9', 'sha256': '9794343aaf6612a82cb0a4c86707560ca0ad76875da54aa86e16d050d4960b00'}, 'dob': {'date': '1965-06-22T19:28:19.910Z', 'age': 58}, 'registered': {'date': '2015-12-28T09:31:47.900Z', 'age': 8}, 'phone': '(068) 0421282', 'cell': '(06) 57585629', 'id': {'name': 'BSN', 'value': '82072508'}, 'picture': {'large': 'https://randomuser.me/api/portraits/women/60.jpg', 'medium': 'https://randomuser.me/api/portraits/med/women/60.jpg', 'thumbnail': 'https://randomuser.me/api/portraits/thumb/women/60.jpg'}, 'nat': 'NL'}</msg>
<arg>${json_data['results'][0]}</arg>
<doc>Logs the given message with the given level.</doc>
<status status="PASS" start="2024-04-20T20:13:37.384579" elapsed="0.000449"/>
</kw>
<kw name="Log" owner="BuiltIn">
<msg time="2024-04-20T20:13:37.385489" level="INFO">name</msg>
<arg>${key}</arg>
<doc>Logs the given message with the given level.</doc>
<status status="PASS" start="2024-04-20T20:13:37.385361" elapsed="0.000164"/>
</kw>
<var name="${key}">name</var>
<status status="PASS" start="2024-04-20T20:13:37.383706" elapsed="0.002032"/>
</iter>
<iter>
<kw name="Dictionary Should Contain Key" owner="Collections">
<msg time="2024-04-20T20:13:37.386405" level="INFO">False</msg>
<arg>${json_data['results'][0]}</arg>
<arg>${key}</arg>
<doc>Fails if ``key`` is not found from ``dictionary``.</doc>
<status status="PASS" start="2024-04-20T20:13:37.386026" elapsed="0.000416"/>
</kw>
<kw name="Log" owner="BuiltIn">
<msg time="2024-04-20T20:13:37.387096" level="INFO">{'gender': 'female', 'name': {'title': 'Mrs', 'first': 'Mai', 'last': 'Schuilenburg'}, 'location': {'street': {'number': 5448, 'name': 'Klokkestraat'}, 'city': 'Kleverskerke', 'state': 'Limburg', 'country': 'Netherlands', 'postcode': '6538 FL', 'coordinates': {'latitude': '34.7613', 'longitude': '62.4000'}, 'timezone': {'offset': '+3:30', 'description': 'Tehran'}}, 'email': 'mai.schuilenburg@example.com', 'login': {'uuid': '9a798e66-d1e6-40c2-931d-305a9ad17424', 'username': 'ticklishduck129', 'password': 'basketball', 'salt': 'g6xcVlLo', 'md5': '5d8220c87eafa595fc55b2e9a763203e', 'sha1': '0b9655b4c9a80fce3a65103f04d9640e757e14f9', 'sha256': '9794343aaf6612a82cb0a4c86707560ca0ad76875da54aa86e16d050d4960b00'}, 'dob': {'date': '1965-06-22T19:28:19.910Z', 'age': 58}, 'registered': {'date': '2015-12-28T09:31:47.900Z', 'age': 8}, 'phone': '(068) 0421282', 'cell': '(06) 57585629', 'id': {'name': 'BSN', 'value': '82072508'}, 'picture': {'large': 'https://randomuser.me/api/portraits/women/60.jpg', 'medium': 'https://randomuser.me/api/portraits/med/women/60.jpg', 'thumbnail': 'https://randomuser.me/api/portraits/thumb/women/60.jpg'}, 'nat': 'NL'}</msg>
<arg>${json_data['results'][0]}</arg>
<doc>Logs the given message with the given level.</doc>
<status status="PASS" start="2024-04-20T20:13:37.386738" elapsed="0.000405"/>
</kw>
<kw name="Log" owner="BuiltIn">
<msg time="2024-04-20T20:13:37.387575" level="INFO">location</msg>
<arg>${key}</arg>
<doc>Logs the given message with the given level.</doc>
<status status="PASS" start="2024-04-20T20:13:37.387433" elapsed="0.000179"/>
</kw>
<var name="${key}">location</var>
<status status="PASS" start="2024-04-20T20:13:37.385916" elapsed="0.001908"/>
</iter>
<iter>
<kw name="Dictionary Should Contain Key" owner="Collections">
<msg time="2024-04-20T20:13:37.388499" level="INFO">False</msg>
<arg>${json_data['results'][0]}</arg>
<arg>${key}</arg>
<doc>Fails if ``key`` is not found from ``dictionary``.</doc>
<status status="PASS" start="2024-04-20T20:13:37.388115" elapsed="0.000420"/>
</kw>
<kw name="Log" owner="BuiltIn">
<msg time="2024-04-20T20:13:37.389208" level="INFO">{'gender': 'female', 'name': {'title': 'Mrs', 'first': 'Mai', 'last': 'Schuilenburg'}, 'location': {'street': {'number': 5448, 'name': 'Klokkestraat'}, 'city': 'Kleverskerke', 'state': 'Limburg', 'country': 'Netherlands', 'postcode': '6538 FL', 'coordinates': {'latitude': '34.7613', 'longitude': '62.4000'}, 'timezone': {'offset': '+3:30', 'description': 'Tehran'}}, 'email': 'mai.schuilenburg@example.com', 'login': {'uuid': '9a798e66-d1e6-40c2-931d-305a9ad17424', 'username': 'ticklishduck129', 'password': 'basketball', 'salt': 'g6xcVlLo', 'md5': '5d8220c87eafa595fc55b2e9a763203e', 'sha1': '0b9655b4c9a80fce3a65103f04d9640e757e14f9', 'sha256': '9794343aaf6612a82cb0a4c86707560ca0ad76875da54aa86e16d050d4960b00'}, 'dob': {'date': '1965-06-22T19:28:19.910Z', 'age': 58}, 'registered': {'date': '2015-12-28T09:31:47.900Z', 'age': 8}, 'phone': '(068) 0421282', 'cell': '(06) 57585629', 'id': {'name': 'BSN', 'value': '82072508'}, 'picture': {'large': 'https://randomuser.me/api/portraits/women/60.jpg', 'medium': 'https://randomuser.me/api/portraits/med/women/60.jpg', 'thumbnail': 'https://randomuser.me/api/portraits/thumb/women/60.jpg'}, 'nat': 'NL'}</msg>
<arg>${json_data['results'][0]}</arg>
<doc>Logs the given message with the given level.</doc>
<status status="PASS" start="2024-04-20T20:13:37.388826" elapsed="0.000429"/>
</kw>
<kw name="Log" owner="BuiltIn">
<msg time="2024-04-20T20:13:37.389667" level="INFO">email</msg>
<arg>${key}</arg>
<doc>Logs the given message with the given level.</doc>
<status status="PASS" start="2024-04-20T20:13:37.389543" elapsed="0.000160"/>
</kw>
<var name="${key}">email</var>
<status status="PASS" start="2024-04-20T20:13:37.388006" elapsed="0.001907"/>
</iter>
<iter>
<kw name="Dictionary Should Contain Key" owner="Collections">
<msg time="2024-04-20T20:13:37.390579" level="INFO">False</msg>
<arg>${json_data['results'][0]}</arg>
<arg>${key}</arg>
<doc>Fails if ``key`` is not found from ``dictionary``.</doc>
<status status="PASS" start="2024-04-20T20:13:37.390191" elapsed="0.000424"/>
</kw>
<kw name="Log" owner="BuiltIn">
<msg time="2024-04-20T20:13:37.391265" level="INFO">{'gender': 'female', 'name': {'title': 'Mrs', 'first': 'Mai', 'last': 'Schuilenburg'}, 'location': {'street': {'number': 5448, 'name': 'Klokkestraat'}, 'city': 'Kleverskerke', 'state': 'Limburg', 'country': 'Netherlands', 'postcode': '6538 FL', 'coordinates': {'latitude': '34.7613', 'longitude': '62.4000'}, 'timezone': {'offset': '+3:30', 'description': 'Tehran'}}, 'email': 'mai.schuilenburg@example.com', 'login': {'uuid': '9a798e66-d1e6-40c2-931d-305a9ad17424', 'username': 'ticklishduck129', 'password': 'basketball', 'salt': 'g6xcVlLo', 'md5': '5d8220c87eafa595fc55b2e9a763203e', 'sha1': '0b9655b4c9a80fce3a65103f04d9640e757e14f9', 'sha256': '9794343aaf6612a82cb0a4c86707560ca0ad76875da54aa86e16d050d4960b00'}, 'dob': {'date': '1965-06-22T19:28:19.910Z', 'age': 58}, 'registered': {'date': '2015-12-28T09:31:47.900Z', 'age': 8}, 'phone': '(068) 0421282', 'cell': '(06) 57585629', 'id': {'name': 'BSN', 'value': '82072508'}, 'picture': {'large': 'https://randomuser.me/api/portraits/women/60.jpg', 'medium': 'https://randomuser.me/api/portraits/med/women/60.jpg', 'thumbnail': 'https://randomuser.me/api/portraits/thumb/women/60.jpg'}, 'nat': 'NL'}</msg>
<arg>${json_data['results'][0]}</arg>
<doc>Logs the given message with the given level.</doc>
<status status="PASS" start="2024-04-20T20:13:37.390901" elapsed="0.000412"/>
</kw>
<kw name="Log" owner="BuiltIn">
<msg time="2024-04-20T20:13:37.391726" level="INFO">login</msg>
<arg>${key}</arg>
<doc>Logs the given message with the given level.</doc>
<status status="PASS" start="2024-04-20T20:13:37.391601" elapsed="0.000163"/>
</kw>
<var name="${key}">login</var>
<status status="PASS" start="2024-04-20T20:13:37.390083" elapsed="0.001915"/>
</iter>
<var>${key}</var>
<value>@{expected_keys}</value>
<status status="PASS" start="2024-04-20T20:13:37.381396" elapsed="0.010725"/>
</for>
<kw name="Create List" owner="BuiltIn">
<msg time="2024-04-20T20:13:37.392441" level="INFO">${expected_keysTwo} = ['username', 'password']</msg>
<var>${expected_keysTwo}</var>
<arg>username</arg>
<arg>password</arg>
<doc>Returns a list containing given items.</doc>
<status status="PASS" start="2024-04-20T20:13:37.392308" elapsed="0.000156"/>
</kw>
<for flavor="IN">
<iter>
<kw name="Dictionary Should Contain Key" owner="Collections">
<msg time="2024-04-20T20:13:37.393369" level="INFO">False</msg>
<arg>${json_data['results'][0]['login']}</arg>
<arg>${keyTwo}</arg>
<doc>Fails if ``key`` is not found from ``dictionary``.</doc>
<status status="PASS" start="2024-04-20T20:13:37.392957" elapsed="0.000449"/>
</kw>
<kw name="Dictionary Should Contain Key" owner="Collections">
<msg time="2024-04-20T20:13:37.394070" level="INFO">False</msg>
<arg>${json_data['results'][0]['login']}</arg>
<arg>${keyTwo}</arg>
<doc>Fails if ``key`` is not found from ``dictionary``.</doc>
<status status="PASS" start="2024-04-20T20:13:37.393697" elapsed="0.000409"/>
</kw>
<kw name="Log" owner="BuiltIn">
<msg time="2024-04-20T20:13:37.394518" level="INFO">username</msg>
<arg>${keyTwo}</arg>
<doc>Logs the given message with the given level.</doc>
<status status="PASS" start="2024-04-20T20:13:37.394394" elapsed="0.000165"/>
</kw>
<var name="${keyTwo}">username</var>
<status status="PASS" start="2024-04-20T20:13:37.392849" elapsed="0.001921"/>
</iter>
<iter>
<kw name="Dictionary Should Contain Key" owner="Collections">
<msg time="2024-04-20T20:13:37.395435" level="INFO">False</msg>
<arg>${json_data['results'][0]['login']}</arg>
<arg>${keyTwo}</arg>
<doc>Fails if ``key`` is not found from ``dictionary``.</doc>
<status status="PASS" start="2024-04-20T20:13:37.395049" elapsed="0.000428"/>
</kw>
<kw name="Dictionary Should Contain Key" owner="Collections">
<msg time="2024-04-20T20:13:37.396226" level="INFO">False</msg>
<arg>${json_data['results'][0]['login']}</arg>
<arg>${keyTwo}</arg>
<doc>Fails if ``key`` is not found from ``dictionary``.</doc>
<status status="PASS" start="2024-04-20T20:13:37.395764" elapsed="0.000499"/>
</kw>
<kw name="Log" owner="BuiltIn">
<msg time="2024-04-20T20:13:37.396679" level="INFO">password</msg>
<arg>${keyTwo}</arg>
<doc>Logs the given message with the given level.</doc>
<status status="PASS" start="2024-04-20T20:13:37.396554" elapsed="0.000162"/>
</kw>
<var name="${keyTwo}">password</var>
<status status="PASS" start="2024-04-20T20:13:37.394940" elapsed="0.001991"/>
</iter>
<var>${keyTwo}</var>
<value>@{expected_keysTwo}</value>
<status status="PASS" start="2024-04-20T20:13:37.392697" elapsed="0.004352"/>
</for>
<status status="PASS" start="2024-04-20T20:13:37.279404" elapsed="0.117812"/>
</kw>
<doc>Testa a estrutura da resposta da API.</doc>
<tag>testeEstruturaResposta</tag>
<status status="PASS" start="2024-04-20T20:13:37.278893" elapsed="0.118472"/>
</test>
<test id="s1-s1-t4" name="Validar tipos de dados" line="28">
<kw name="Teste de Tipos de Dados" owner="random-user-service">
<kw name="GET On Session" owner="RequestsLibrary">
<msg time="2024-04-20T20:13:37.474357" level="INFO">GET Request : url=https://randomuser.me/api 
 path_url=/api 
 headers={'User-Agent': 'python-requests/2.31.0', 'Accept-Encoding': 'gzip, deflate', 'Accept': '*/*', 'Connection': 'keep-alive'} 
 body=None 
 </msg>
<msg time="2024-04-20T20:13:37.474419" level="INFO">GET Response : url=https://randomuser.me/api 
 status=200, reason=OK 
 headers={'Date': 'Sat, 20 Apr 2024 20:13:37 GMT', 'Content-Type': 'application/json; charset=utf-8', 'Transfer-Encoding': 'chunked', 'Connection': 'keep-alive', 'X-Powered-By': 'Express', 'Access-Control-Allow-Origin': '*', 'Cache-Control': 'no-cache', 'ETag': 'W/"482-oxqAaMMam5YP+0WNYfgV0N9oilI"', 'Vary': 'Accept-Encoding', 'Content-Encoding': 'gzip', 'CF-Cache-Status': 'DYNAMIC', 'Report-To': '{"endpoints":[{"url":"https:\\/\\/a.nel.cloudflare.com\\/report\\/v4?s=OHLtORk0B7opMvFTh77IlWsPXucS21MvogNkjMxo0Tu58fNSe%2F9gVUishAcVfWkN4Y2vjv2X2naaChg9r65Lxyw0BDtd9WX8r7Rad3%2BpTorpL8h9FC2ANA8%2BDmkD3jhZ"}],"group":"cf-nel","max_age":604800}', 'NEL': '{"success_fraction":0,"report_to":"cf-nel","max_age":604800}', 'Server': 'cloudflare', 'CF-RAY': '8777cbc4cea661c4-ORD', 'alt-svc': 'h3=":443"; ma=86400'} 
 body={"results":[{"gender":"male","name":{"title":"Mr","first":"Pat","last":"Howell"},"location":{"street":{"number":4074,"name":"Woodlawn Avenue"},"city":"Duleek","state":"Laois","country":"Ireland","postcode":95265,"coordinates":{"latitude":"4.0040","longitude":"-120.2288"},"timezone":{"offset":"+1:00","description":"Brussels, Copenhagen, Madrid, Paris"}},"email":"pat.howell@example.com","login":{"uuid":"c676f57f-0577-4b9c-8756-6c735d6fbf00","username":"greengorilla493","password":"icu812","salt":"btDCULUI","md5":"beb088d7cee663200b70e60875b7a7ed","sha1":"9a7d858148ef5ea0f3f820388b8572dcf334d70f","sha256":"1c2f778440ddf5fdfdc3819d60f9e7d03a6f5438a5645ff59c0e813bf0724066"},"dob":{"date":"1990-05-30T20:11:07.211Z","age":33},"registered":{"date":"2011-05-03T12:34:19.877Z","age":12},"phone":"031-849-7900","cell":"081-658-9618","id":{"name":"PPS","value":"3778895T"},"picture":{"large":"https://randomuser.me/api/portraits/men/20.jpg","medium":"https://randomuser.me/api/portraits/med/men/20.jpg","thumbnail":"https://randomuser.me/api/portraits/thumb/men/20.jpg"},"nat":"IE"}],"info":{"seed":"aa1525e6956d4697","results":1,"page":1,"version":"1.4"}} 
 </msg>
<msg time="2024-04-20T20:13:37.474472" level="INFO">/opt/hostedtoolcache/Python/3.12.3/x64/lib/python3.12/site-packages/urllib3/connectionpool.py:1103: InsecureRequestWarning: Unverified HTTPS request is being made to host 'randomuser.me'. Adding certificate verification is strongly advised. See: https://urllib3.readthedocs.io/en/latest/advanced-usage.html#tls-warnings
  warnings.warn(</msg>
<msg time="2024-04-20T20:13:37.474553" level="INFO">${response} = &lt;Response [200]&gt;</msg>
<var>${response}</var>
<arg>consultarAPI</arg>
<arg>/api</arg>
<doc>Sends a GET request on a previously created HTTP Session.</doc>
<status status="PASS" start="2024-04-20T20:13:37.399768" elapsed="0.074809"/>
</kw>
<kw name="Set Variable" owner="BuiltIn">
<msg time="2024-04-20T20:13:37.475387" level="INFO">${json_data} = {'results': [{'gender': 'male', 'name': {'title': 'Mr', 'first': 'Pat', 'last': 'Howell'}, 'location': {'street': {'number': 4074, 'name': 'Woodlawn Avenue'}, 'city': 'Duleek', 'state': 'Laois', 'coun...</msg>
<var>${json_data}</var>
<arg>${response.json()}</arg>
<doc>Returns the given values which can then be assigned to a variables.</doc>
<status status="PASS" start="2024-04-20T20:13:37.474945" elapsed="0.000470"/>
</kw>
<kw name="Log" owner="BuiltIn">
<msg time="2024-04-20T20:13:37.475858" level="INFO">{'results': [{'gender': 'male', 'name': {'title': 'Mr', 'first': 'Pat', 'last': 'Howell'}, 'location': {'street': {'number': 4074, 'name': 'Woodlawn Avenue'}, 'city': 'Duleek', 'state': 'Laois', 'country': 'Ireland', 'postcode': 95265, 'coordinates': {'latitude': '4.0040', 'longitude': '-120.2288'}, 'timezone': {'offset': '+1:00', 'description': 'Brussels, Copenhagen, Madrid, Paris'}}, 'email': 'pat.howell@example.com', 'login': {'uuid': 'c676f57f-0577-4b9c-8756-6c735d6fbf00', 'username': 'greengorilla493', 'password': 'icu812', 'salt': 'btDCULUI', 'md5': 'beb088d7cee663200b70e60875b7a7ed', 'sha1': '9a7d858148ef5ea0f3f820388b8572dcf334d70f', 'sha256': '1c2f778440ddf5fdfdc3819d60f9e7d03a6f5438a5645ff59c0e813bf0724066'}, 'dob': {'date': '1990-05-30T20:11:07.211Z', 'age': 33}, 'registered': {'date': '2011-05-03T12:34:19.877Z', 'age': 12}, 'phone': '031-849-7900', 'cell': '081-658-9618', 'id': {'name': 'PPS', 'value': '3778895T'}, 'picture': {'large': 'https://randomuser.me/api/portraits/men/20.jpg', 'medium': 'https://randomuser.me/api/portraits/med/men/20.jpg', 'thumbnail': 'https://randomuser.me/api/portraits/thumb/men/20.jpg'}, 'nat': 'IE'}], 'info': {'seed': 'aa1525e6956d4697', 'results': 1, 'page': 1, 'version': '1.4'}}</msg>
<arg>${json_data}</arg>
<doc>Logs the given message with the given level.</doc>
<status status="PASS" start="2024-04-20T20:13:37.475709" elapsed="0.000224"/>
</kw>
<kw name="Should Be String" owner="String">
<arg>${json_data['results'][0]['gender']}</arg>
<doc>Fails if the given ``item`` is not a string.</doc>
<status status="PASS" start="2024-04-20T20:13:37.476224" elapsed="0.000358"/>
</kw>
<kw name="Should Match Regexp" owner="BuiltIn">
<arg>${json_data['results'][0]['email']}</arg>
<arg>^[a-zA-Z0-9._%+-]+@[a-zA-Z0-9.-]+\.[a-zA-Z]{2,}$</arg>
<doc>Fails if ``string`` does not match ``pattern`` as a regular expression.</doc>
<status status="PASS" start="2024-04-20T20:13:37.476770" elapsed="0.000540"/>
</kw>
<kw name="Should Match Regexp" owner="BuiltIn">
<arg>${json_data['results'][0]['dob']['date']}</arg>
<arg>\\d{4}-\\d{2}-\\d{2}T\\d{2}:\\d{2}:\\d{2}\\.\\d{3}Z</arg>
<doc>Fails if ``string`` does not match ``pattern`` as a regular expression.</doc>
<status status="PASS" start="2024-04-20T20:13:37.477503" elapsed="0.000483"/>
</kw>
<kw name="Should Match Regexp" owner="BuiltIn">
<arg>${json_data['results'][0]['registered']['date']}</arg>
<arg>\\d{4}-\\d{2}-\\d{2}T\\d{2}:\\d{2}:\\d{2}\\.\\d{3}Z</arg>
<doc>Fails if ``string`` does not match ``pattern`` as a regular expression.</doc>
<status status="PASS" start="2024-04-20T20:13:37.478174" elapsed="0.000370"/>
</kw>
<kw name="Should Match Regexp" owner="BuiltIn">
<arg>${json_data['results'][0]['picture']['large']}</arg>
<arg>^https?://.*\.(?:png|jpe?g|gif|bmp)$</arg>
<doc>Fails if ``string`` does not match ``pattern`` as a regular expression.</doc>
<status status="PASS" start="2024-04-20T20:13:37.478739" elapsed="0.000455"/>
</kw>
<kw name="Should Match Regexp" owner="BuiltIn">
<arg>${json_data['results'][0]['picture']['medium']}</arg>
<arg>^https?://.*\.(?:png|jpe?g|gif|bmp)$</arg>
<doc>Fails if ``string`` does not match ``pattern`` as a regular expression.</doc>
<status status="PASS" start="2024-04-20T20:13:37.479379" elapsed="0.000356"/>
</kw>
<kw name="Should Match Regexp" owner="BuiltIn">
<arg>${json_data['results'][0]['picture']['thumbnail']}</arg>
<arg>^https?://.*\.(?:png|jpe?g|gif|bmp)$</arg>
<doc>Fails if ``string`` does not match ``pattern`` as a regular expression.</doc>
<status status="PASS" start="2024-04-20T20:13:37.479924" elapsed="0.000347"/>
</kw>
<kw name="Log" owner="BuiltIn">
<msg time="2024-04-20T20:13:37.480780" level="INFO">{'large': 'https://randomuser.me/api/portraits/men/20.jpg', 'medium': 'https://randomuser.me/api/portraits/med/men/20.jpg', 'thumbnail': 'https://randomuser.me/api/portraits/thumb/men/20.jpg'}</msg>
<arg>${json_data['results'][0]['picture']}</arg>
<doc>Logs the given message with the given level.</doc>
<status status="PASS" start="2024-04-20T20:13:37.480449" elapsed="0.000371"/>
</kw>
<status status="PASS" start="2024-04-20T20:13:37.399545" elapsed="0.081550"/>
</kw>
<kw name="Teste de Tipos de Dados - Postcode" owner="random-user-service">
<kw name="GET On Session" owner="RequestsLibrary">
<msg time="2024-04-20T20:13:37.604722" level="INFO">GET Request : url=https://randomuser.me/api 
 path_url=/api 
 headers={'User-Agent': 'python-requests/2.31.0', 'Accept-Encoding': 'gzip, deflate', 'Accept': '*/*', 'Connection': 'keep-alive'} 
 body=None 
 </msg>
<msg time="2024-04-20T20:13:37.604789" level="INFO">GET Response : url=https://randomuser.me/api 
 status=200, reason=OK 
 headers={'Date': 'Sat, 20 Apr 2024 20:13:37 GMT', 'Content-Type': 'application/json; charset=utf-8', 'Transfer-Encoding': 'chunked', 'Connection': 'keep-alive', 'X-Powered-By': 'Express', 'Access-Control-Allow-Origin': '*', 'Cache-Control': 'no-cache', 'ETag': 'W/"490-QAGSzYX0sdwPclmEPvpqb5NT1UQ"', 'Vary': 'Accept-Encoding', 'Content-Encoding': 'gzip', 'CF-Cache-Status': 'DYNAMIC', 'Report-To': '{"endpoints":[{"url":"https:\\/\\/a.nel.cloudflare.com\\/report\\/v4?s=wqWVu%2BYYGJZkDzpQKvfxTyYvn%2BgUkBez%2FuA1s%2FilJ8tty8M8%2FsQ3ILdxvwldlBfLfUTcog1FpKK99CBrpKJiZ4DTqMYyIsSTr5Vhi93HT7eZ3%2BEpTOdbtFfncEbIQkv0"}],"group":"cf-nel","max_age":604800}', 'NEL': '{"success_fraction":0,"report_to":"cf-nel","max_age":604800}', 'Server': 'cloudflare', 'CF-RAY': '8777cbc54f4861c4-ORD', 'alt-svc': 'h3=":443"; ma=86400'} 
 body={"results":[{"gender":"female","name":{"title":"Mrs","first":"رها","last":"محمدخان"},"location":{"street":{"number":9491,"name":"دکتر علی شریعتی"},"city":"کاشان","state":"خراسان شمالی","country":"Iran","postcode":40232,"coordinates":{"latitude":"19.4708","longitude":"13.5218"},"timezone":{"offset":"+3:30","description":"Tehran"}},"email":"rh.mhmdkhn@example.com","login":{"uuid":"6969f4d5-5fd7-483b-9326-17478d5e1fcf","username":"happybutterfly522","password":"bugs","salt":"82DImSMm","md5":"b8155a8316ca81d7e11e4449de3be3bb","sha1":"eccaa4063f8171cad101e122bd0b5d353d8b875f","sha256":"8e9e3692d7d3cd22b052555cf015cb3a492518b09c2cf9f8dc286062c665c0c5"},"dob":{"date":"1958-11-19T08:03:19.434Z","age":65},"registered":{"date":"2011-02-14T04:19:07.930Z","age":13},"phone":"083-91989275","cell":"0970-541-3070","id":{"name":"","value":null},"picture":{"large":"https://randomuser.me/api/portraits/women/52.jpg","medium":"https://randomuser.me/api/portraits/med/women/52.jpg","thumbnail":"https://randomuser.me/api/portraits/thumb/women/52.jpg"},"nat":"IR"}],"info":{"seed":"e25b2d29cc265b04","results":1,"page":1,"version":"1.4"}} 
 </msg>
<msg time="2024-04-20T20:13:37.604853" level="INFO">/opt/hostedtoolcache/Python/3.12.3/x64/lib/python3.12/site-packages/urllib3/connectionpool.py:1103: InsecureRequestWarning: Unverified HTTPS request is being made to host 'randomuser.me'. Adding certificate verification is strongly advised. See: https://urllib3.readthedocs.io/en/latest/advanced-usage.html#tls-warnings
  warnings.warn(</msg>
<msg time="2024-04-20T20:13:37.604942" level="INFO">${response} = &lt;Response [200]&gt;</msg>
<var>${response}</var>
<arg>consultarAPI</arg>
<arg>/api</arg>
<doc>Sends a GET request on a previously created HTTP Session.</doc>
<status status="PASS" start="2024-04-20T20:13:37.481551" elapsed="0.123415"/>
</kw>
<kw name="Set Variable" owner="BuiltIn">
<msg time="2024-04-20T20:13:37.605874" level="INFO">${json_data} = {'results': [{'gender': 'female', 'name': {'title': 'Mrs', 'first': 'رها', 'last': 'محمدخان'}, 'location': {'street': {'number': 9491, 'name': 'دکتر علی شریعتی'}, 'city': 'کاشان', 'state': 'خراسان شما...</msg>
<var>${json_data}</var>
<arg>${response.json()}</arg>
<doc>Returns the given values which can then be assigned to a variables.</doc>
<status status="PASS" start="2024-04-20T20:13:37.605405" elapsed="0.000500"/>
</kw>
<kw name="Log" owner="BuiltIn">
<msg time="2024-04-20T20:13:37.606367" level="INFO">{'results': [{'gender': 'female', 'name': {'title': 'Mrs', 'first': 'رها', 'last': 'محمدخان'}, 'location': {'street': {'number': 9491, 'name': 'دکتر علی شریعتی'}, 'city': 'کاشان', 'state': 'خراسان شمالی', 'country': 'Iran', 'postcode': 40232, 'coordinates': {'latitude': '19.4708', 'longitude': '13.5218'}, 'timezone': {'offset': '+3:30', 'description': 'Tehran'}}, 'email': 'rh.mhmdkhn@example.com', 'login': {'uuid': '6969f4d5-5fd7-483b-9326-17478d5e1fcf', 'username': 'happybutterfly522', 'password': 'bugs', 'salt': '82DImSMm', 'md5': 'b8155a8316ca81d7e11e4449de3be3bb', 'sha1': 'eccaa4063f8171cad101e122bd0b5d353d8b875f', 'sha256': '8e9e3692d7d3cd22b052555cf015cb3a492518b09c2cf9f8dc286062c665c0c5'}, 'dob': {'date': '1958-11-19T08:03:19.434Z', 'age': 65}, 'registered': {'date': '2011-02-14T04:19:07.930Z', 'age': 13}, 'phone': '083-91989275', 'cell': '0970-541-3070', 'id': {'name': '', 'value': None}, 'picture': {'large': 'https://randomuser.me/api/portraits/women/52.jpg', 'medium': 'https://randomuser.me/api/portraits/med/women/52.jpg', 'thumbnail': 'https://randomuser.me/api/portraits/thumb/women/52.jpg'}, 'nat': 'IR'}], 'info': {'seed': 'e25b2d29cc265b04', 'results': 1, 'page': 1, 'version': '1.4'}}</msg>
<arg>${json_data}</arg>
<doc>Logs the given message with the given level.</doc>
<status status="PASS" start="2024-04-20T20:13:37.606212" elapsed="0.000235"/>
</kw>
<kw name="Should Be Equal As Numbers" owner="BuiltIn">
<arg>${json_data['results'][0]['location']['postcode']}</arg>
<arg>${json_data['results'][0]['location']['postcode']}</arg>
<doc>Fails if objects are unequal after converting them to real numbers.</doc>
<status status="PASS" start="2024-04-20T20:13:37.606744" elapsed="0.000745"/>
</kw>
<kw name="Log" owner="BuiltIn">
<msg time="2024-04-20T20:13:37.608014" level="INFO">40232</msg>
<arg>${json_data['results'][0]['location']['postcode']}</arg>
<doc>Logs the given message with the given level.</doc>
<status status="PASS" start="2024-04-20T20:13:37.607681" elapsed="0.000373"/>
</kw>
<status status="PASS" start="2024-04-20T20:13:37.481326" elapsed="0.126982"/>
</kw>
<doc>Testa se os tipos de dados na resposta da API estão corretos.</doc>
<tag>testeTiposDados</tag>
<status status="PASS" start="2024-04-20T20:13:37.399119" elapsed="0.209346"/>
</test>
<test id="s1-s1-t5" name="Validar conteudo" line="35">
<kw name="Teste de Tipos de Conteudo" owner="random-user-service">
<kw name="GET On Session" owner="RequestsLibrary">
<msg time="2024-04-20T20:13:37.682687" level="INFO">GET Request : url=https://randomuser.me/api 
 path_url=/api 
 headers={'User-Agent': 'python-requests/2.31.0', 'Accept-Encoding': 'gzip, deflate', 'Accept': '*/*', 'Connection': 'keep-alive'} 
 body=None 
 </msg>
<msg time="2024-04-20T20:13:37.682766" level="INFO">GET Response : url=https://randomuser.me/api 
 status=200, reason=OK 
 headers={'Date': 'Sat, 20 Apr 2024 20:13:37 GMT', 'Content-Type': 'application/json; charset=utf-8', 'Transfer-Encoding': 'chunked', 'Connection': 'keep-alive', 'X-Powered-By': 'Express', 'Access-Control-Allow-Origin': '*', 'Cache-Control': 'no-cache', 'ETag': 'W/"471-4tWhvVAEdUbrzBgZk4/sgSP2B04"', 'Vary': 'Accept-Encoding', 'Content-Encoding': 'gzip', 'CF-Cache-Status': 'DYNAMIC', 'Report-To': '{"endpoints":[{"url":"https:\\/\\/a.nel.cloudflare.com\\/report\\/v4?s=uo%2FHqBrtOGDWQxLgy5Ej%2FZrtzeCoW7Th6GmJMjC3iAg2K7KcjoD0KkIdIN9x1a6szFiTw08mW53RSeQUcOjkEaPwpBw8VoQ9mmbGmnbWF5rB0AnYIgpeO5mt86esl5wJ"}],"group":"cf-nel","max_age":604800}', 'NEL': '{"success_fraction":0,"report_to":"cf-nel","max_age":604800}', 'Server': 'cloudflare', 'CF-RAY': '8777cbc6185461c4-ORD', 'alt-svc': 'h3=":443"; ma=86400'} 
 body={"results":[{"gender":"male","name":{"title":"Mr","first":"Alexander","last":"Banks"},"location":{"street":{"number":9385,"name":"The Green"},"city":"Malahide","state":"Wexford","country":"Ireland","postcode":32929,"coordinates":{"latitude":"2.8363","longitude":"-106.1083"},"timezone":{"offset":"+9:30","description":"Adelaide, Darwin"}},"email":"alexander.banks@example.com","login":{"uuid":"00efe9f4-0b3a-44e0-8510-90941f6edaae","username":"bigbird634","password":"fringe","salt":"cTpOr5bc","md5":"fb0aafb7664d58178b1ace68a11360ac","sha1":"acb1e99974bc512331b9acf193b5ee8e159eaf47","sha256":"3ddb790e5dac968c2a35f6de5167b3fd109cf5782d12ac7b3d5f0ba0f8865096"},"dob":{"date":"1945-09-18T00:39:42.354Z","age":78},"registered":{"date":"2014-07-31T22:55:23.074Z","age":9},"phone":"011-948-8668","cell":"081-774-5461","id":{"name":"PPS","value":"5580340T"},"picture":{"large":"https://randomuser.me/api/portraits/men/28.jpg","medium":"https://randomuser.me/api/portraits/med/men/28.jpg","thumbnail":"https://randomuser.me/api/portraits/thumb/men/28.jpg"},"nat":"IE"}],"info":{"seed":"f698dcd72817cd61","results":1,"page":1,"version":"1.4"}} 
 </msg>
<msg time="2024-04-20T20:13:37.682821" level="INFO">/opt/hostedtoolcache/Python/3.12.3/x64/lib/python3.12/site-packages/urllib3/connectionpool.py:1103: InsecureRequestWarning: Unverified HTTPS request is being made to host 'randomuser.me'. Adding certificate verification is strongly advised. See: https://urllib3.readthedocs.io/en/latest/advanced-usage.html#tls-warnings
  warnings.warn(</msg>
<msg time="2024-04-20T20:13:37.682907" level="INFO">${response} = &lt;Response [200]&gt;</msg>
<var>${response}</var>
<arg>consultarAPI</arg>
<arg>/api</arg>
<doc>Sends a GET request on a previously created HTTP Session.</doc>
<status status="PASS" start="2024-04-20T20:13:37.611252" elapsed="0.071679"/>
</kw>
<kw name="Set Variable" owner="BuiltIn">
<msg time="2024-04-20T20:13:37.683765" level="INFO">${json_data} = {'results': [{'gender': 'male', 'name': {'title': 'Mr', 'first': 'Alexander', 'last': 'Banks'}, 'location': {'street': {'number': 9385, 'name': 'The Green'}, 'city': 'Malahide', 'state': 'Wexford', 'c...</msg>
<var>${json_data}</var>
<arg>${response.json()}</arg>
<doc>Returns the given values which can then be assigned to a variables.</doc>
<status status="PASS" start="2024-04-20T20:13:37.683317" elapsed="0.000477"/>
</kw>
<kw name="Set Variable" owner="BuiltIn">
<msg time="2024-04-20T20:13:37.684472" level="INFO">${name_title} = Mr</msg>
<var>${name_title}</var>
<arg>${json_data["results"][0]["name"]["title"]}</arg>
<doc>Returns the given values which can then be assigned to a variables.</doc>
<status status="PASS" start="2024-04-20T20:13:37.684098" elapsed="0.000399"/>
</kw>
<kw name="Create List" owner="BuiltIn">
<msg time="2024-04-20T20:13:37.684934" level="INFO">${allowed_titles} = ['Mr', 'Ms', 'Miss', 'Mrs', 'Madame', 'Monsieur']</msg>
<var>${allowed_titles}</var>
<arg>Mr</arg>
<arg>Ms</arg>
<arg>Miss</arg>
<arg>Mrs</arg>
<arg>Madame</arg>
<arg>Monsieur</arg>
<doc>Returns a list containing given items.</doc>
<status status="PASS" start="2024-04-20T20:13:37.684789" elapsed="0.000169"/>
</kw>
<kw name="List Should Contain Value" owner="Collections">
<msg time="2024-04-20T20:13:37.685456" level="INFO">False</msg>
<arg>${allowed_titles}</arg>
<arg>${name_title}</arg>
<doc>Fails if the ``value`` is not found from ``list``.</doc>
<status status="PASS" start="2024-04-20T20:13:37.685288" elapsed="0.000203"/>
</kw>
<kw name="Set Variable" owner="BuiltIn">
<msg time="2024-04-20T20:13:37.686151" level="INFO">${name_country} = IE</msg>
<var>${name_country}</var>
<arg>${json_data["results"][0]["nat"]}</arg>
<doc>Returns the given values which can then be assigned to a variables.</doc>
<status status="PASS" start="2024-04-20T20:13:37.685775" elapsed="0.000401"/>
</kw>
<kw name="Create List" owner="BuiltIn">
<msg time="2024-04-20T20:13:37.687069" level="INFO">${list_country} = ['AD', 'AE', 'AF', 'AG', 'AI', 'AL', 'AM', 'AO', 'AQ', 'AR', 'AS', 'AT', 'AU', 'AW', 'AX', 'AZ', 'BA', 'BB', 'BD', 'BE', 'BF', 'BG', 'BH', 'BI', 'BJ', 'BL', 'BM', 'BN', 'BO', 'BQ', 'BR', 'BS', 'BT', '...</msg>
<var>${list_country}</var>
<arg>AD</arg>
<arg>AE</arg>
<arg>AF</arg>
<arg>AG</arg>
<arg>AI</arg>
<arg>AL</arg>
<arg>AM</arg>
<arg>AO</arg>
<arg>AQ</arg>
<arg>AR</arg>
<arg>AS</arg>
<arg>AT</arg>
<arg>AU</arg>
<arg>AW</arg>
<arg>AX</arg>
<arg>AZ</arg>
<arg>BA</arg>
<arg>BB</arg>
<arg>BD</arg>
<arg>BE</arg>
<arg>BF</arg>
<arg>BG</arg>
<arg>BH</arg>
<arg>BI</arg>
<arg>BJ</arg>
<arg>BL</arg>
<arg>BM</arg>
<arg>BN</arg>
<arg>BO</arg>
<arg>BQ</arg>
<arg>BR</arg>
<arg>BS</arg>
<arg>BT</arg>
<arg>BV</arg>
<arg>BW</arg>
<arg>BY</arg>
<arg>BZ</arg>
<arg>CA</arg>
<arg>CC</arg>
<arg>CD</arg>
<arg>CF</arg>
<arg>CG</arg>
<arg>CH</arg>
<arg>CI</arg>
<arg>CK</arg>
<arg>CL</arg>
<arg>CM</arg>
<arg>CN</arg>
<arg>CO</arg>
<arg>CR</arg>
<arg>CU</arg>
<arg>CV</arg>
<arg>CW</arg>
<arg>CX</arg>
<arg>CY</arg>
<arg>CZ</arg>
<arg>DE</arg>
<arg>DJ</arg>
<arg>DK</arg>
<arg>DM</arg>
<arg>DO</arg>
<arg>DZ</arg>
<arg>EC</arg>
<arg>EE</arg>
<arg>EG</arg>
<arg>EH</arg>
<arg>ER</arg>
<arg>ES</arg>
<arg>ET</arg>
<arg>FI</arg>
<arg>FJ</arg>
<arg>FK</arg>
<arg>FM</arg>
<arg>FO</arg>
<arg>FR</arg>
<arg>GA</arg>
<arg>GB</arg>
<arg>GD</arg>
<arg>GE</arg>
<arg>GF</arg>
<arg>GG</arg>
<arg>GH</arg>
<arg>GI</arg>
<arg>GL</arg>
<arg>GM</arg>
<arg>GN</arg>
<arg>GP</arg>
<arg>GQ</arg>
<arg>GR</arg>
<arg>GS</arg>
<arg>GT</arg>
<arg>GU</arg>
<arg>GW</arg>
<arg>GY</arg>
<arg>HK</arg>
<arg>HM</arg>
<arg>HN</arg>
<arg>HR</arg>
<arg>HT</arg>
<arg>HU</arg>
<arg>ID</arg>
<arg>IE</arg>
<arg>IL</arg>
<arg>IM</arg>
<arg>IN</arg>
<arg>IO</arg>
<arg>IQ</arg>
<arg>IR</arg>
<arg>IS</arg>
<arg>IT</arg>
<arg>JE</arg>
<arg>JM</arg>
<arg>JO</arg>
<arg>JP</arg>
<arg>KE</arg>
<arg>KG</arg>
<arg>KH</arg>
<arg>KI</arg>
<arg>KM</arg>
<arg>KN</arg>
<arg>KP</arg>
<arg>KR</arg>
<arg>KW</arg>
<arg>KY</arg>
<arg>KZ</arg>
<arg>LA</arg>
<arg>LB</arg>
<arg>LC</arg>
<arg>LI</arg>
<arg>LK</arg>
<arg>LR</arg>
<arg>LS</arg>
<arg>LT</arg>
<arg>LU</arg>
<arg>LV</arg>
<arg>LY</arg>
<arg>MA</arg>
<arg>MC</arg>
<arg>MD</arg>
<arg>ME</arg>
<arg>MF</arg>
<arg>MG</arg>
<arg>MH</arg>
<arg>MK</arg>
<arg>ML</arg>
<arg>MM</arg>
<arg>MN</arg>
<arg>MO</arg>
<arg>MP</arg>
<arg>MQ</arg>
<arg>MR</arg>
<arg>MS</arg>
<arg>MT</arg>
<arg>MU</arg>
<arg>MV</arg>
<arg>MW</arg>
<arg>MX</arg>
<arg>MY</arg>
<arg>MZ</arg>
<arg>NA</arg>
<arg>NC</arg>
<arg>NE</arg>
<arg>NF</arg>
<arg>NG</arg>
<arg>NI</arg>
<arg>NL</arg>
<arg>NO</arg>
<arg>NP</arg>
<arg>NR</arg>
<arg>NU</arg>
<arg>NZ</arg>
<arg>OM</arg>
<arg>PA</arg>
<arg>PE</arg>
<arg>PF</arg>
<arg>PG</arg>
<arg>PH</arg>
<arg>PK</arg>
<arg>PL</arg>
<arg>PM</arg>
<arg>PN</arg>
<arg>PR</arg>
<arg>PS</arg>
<arg>PT</arg>
<arg>PW</arg>
<arg>PY</arg>
<arg>QA</arg>
<arg>RE</arg>
<arg>RO</arg>
<arg>RS</arg>
<arg>RU</arg>
<arg>RW</arg>
<arg>SA</arg>
<arg>SB</arg>
<arg>SC</arg>
<arg>SD</arg>
<arg>SE</arg>
<arg>SG</arg>
<arg>SH</arg>
<arg>SI</arg>
<arg>SJ</arg>
<arg>SK</arg>
<arg>SL</arg>
<arg>SM</arg>
<arg>SN</arg>
<arg>SO</arg>
<arg>SR</arg>
<arg>SS</arg>
<arg>ST</arg>
<arg>SV</arg>
<arg>SX</arg>
<arg>SY</arg>
<arg>SZ</arg>
<arg>TC</arg>
<arg>TD</arg>
<arg>TF</arg>
<arg>TG</arg>
<arg>TH</arg>
<arg>TJ</arg>
<arg>TK</arg>
<arg>TL</arg>
<arg>TM</arg>
<arg>TN</arg>
<arg>TO</arg>
<arg>TR</arg>
<arg>TT</arg>
<arg>TV</arg>
<arg>TW</arg>
<arg>TZ</arg>
<arg>UA</arg>
<arg>UG</arg>
<arg>UM</arg>
<arg>US</arg>
<arg>UY</arg>
<arg>UZ</arg>
<arg>VA</arg>
<arg>VC</arg>
<arg>VE</arg>
<arg>VG</arg>
<arg>VI</arg>
<arg>VN</arg>
<arg>VU</arg>
<arg>WF</arg>
<arg>WS</arg>
<arg>XK</arg>
<arg>YE</arg>
<arg>YT</arg>
<arg>ZA</arg>
<arg>ZM</arg>
<arg>ZW</arg>
<doc>Returns a list containing given items.</doc>
<status status="PASS" start="2024-04-20T20:13:37.686475" elapsed="0.000619"/>
</kw>
<kw name="List Should Contain Value" owner="Collections">
<msg time="2024-04-20T20:13:37.688070" level="INFO">False</msg>
<arg>${list_country}</arg>
<arg>${name_country}</arg>
<doc>Fails if the ``value`` is not found from ``list``.</doc>
<status status="PASS" start="2024-04-20T20:13:37.687875" elapsed="0.000232"/>
</kw>
<kw name="Run Keyword If" owner="BuiltIn">
<kw name="Should Be True" owner="BuiltIn">
<arg>${True}</arg>
<doc>Fails if the given condition is not true.</doc>
<status status="PASS" start="2024-04-20T20:13:37.689192" elapsed="0.000146"/>
</kw>
<arg>${json_data["results"][0]["location"]["coordinates"]["latitude"]} &gt;= -90 and ${json_data["results"][0]["location"]["coordinates"]["latitude"]} &lt;= 90</arg>
<arg>Should Be True</arg>
<arg>${True}</arg>
<doc>Runs the given keyword with the given arguments, if ``condition`` is true.</doc>
<status status="PASS" start="2024-04-20T20:13:37.688415" elapsed="0.001050"/>
</kw>
<kw name="Run Keyword If" owner="BuiltIn">
<kw name="Should Be True" owner="BuiltIn">
<arg>${True}</arg>
<doc>Fails if the given condition is not true.</doc>
<status status="PASS" start="2024-04-20T20:13:37.690365" elapsed="0.000241"/>
</kw>
<arg>${json_data["results"][0]["location"]["coordinates"]["longitude"]} &gt;= -180 and ${json_data["results"][0]["location"]["coordinates"]["longitude"]} &lt;= 180</arg>
<arg>Should Be True</arg>
<arg>${True}</arg>
<doc>Runs the given keyword with the given arguments, if ``condition`` is true.</doc>
<status status="PASS" start="2024-04-20T20:13:37.689652" elapsed="0.001081"/>
</kw>
<status status="PASS" start="2024-04-20T20:13:37.610880" elapsed="0.079979"/>
</kw>
<doc>Testa o conteúdo específico dos campos retornados pela API.</doc>
<tag>testeConteudo</tag>
<status status="PASS" start="2024-04-20T20:13:37.610240" elapsed="0.080761"/>
</test>
<status status="PASS" start="2024-04-20T20:13:36.777579" elapsed="0.915326"/>
</suite>
<status status="PASS" start="2024-04-20T20:13:36.764135" elapsed="0.933844"/>
</suite>
<statistics>
<total>
<stat pass="5" fail="0" skip="0">All Tests</stat>
</total>
<tag>
<stat pass="1" fail="0" skip="0">testeConteudo</stat>
<stat pass="1" fail="0" skip="0">testeEstruturaResposta</stat>
<stat pass="1" fail="0" skip="0">testeRequisicaoBasica</stat>
<stat pass="1" fail="0" skip="0">testeTiposDados</stat>
</tag>
<suite>
<stat pass="5" fail="0" skip="0" id="s1" name="Tests">Tests</stat>
<stat pass="5" fail="0" skip="0" id="s1-s1" name="Random-User-Test">Tests.Random-User-Test</stat>
</suite>
</statistics>
<errors>
</errors>
</robot>
