<?xml version="1.0" encoding="UTF-8"?>
<robot generator="Robot 7.0 (Python 3.12.2 on linux)" generated="2024-03-27T15:14:38.499537" rpa="false" schemaversion="5">
<suite id="s1" name="Tests" source="/home/runner/work/DesafioQAItauRogerioJordao/DesafioQAItauRogerioJordao/RamdonUser/tests">
<suite id="s1-s1" name="Random-User-Test" source="/home/runner/work/DesafioQAItauRogerioJordao/DesafioQAItauRogerioJordao/RamdonUser/tests/random-user-test.robot">
<test id="s1-s1-t1" name="Conectar" line="13">
<kw name="Conectar API" owner="random-user-service">
<kw name="Create Session" owner="RequestsLibrary">
<msg time="2024-03-27T15:14:38.873873" level="INFO">Creating Session using : alias=consultarAPI, url=https://randomuser.me/, headers={},                     cookies={}, auth=None, timeout=None, proxies=None, verify=False,                     debug=0 </msg>
<arg>consultarAPI</arg>
<arg>${URL}</arg>
<doc>Create Session: create a HTTP session to a server</doc>
<status status="PASS" start="2024-03-27T15:14:38.873646" elapsed="0.000433"/>
</kw>
<status status="PASS" start="2024-03-27T15:14:38.872530" elapsed="0.001956"/>
</kw>
<status status="PASS" start="2024-03-27T15:14:38.871882" elapsed="0.002825"/>
</test>
<test id="s1-s1-t2" name="Validar retorno 200 e JSON Válido" line="16">
<kw name="Teste de Requisicao Basica" owner="random-user-service">
<kw name="GET On Session" owner="RequestsLibrary">
<msg time="2024-03-27T15:14:38.954492" level="INFO">GET Request : url=https://randomuser.me/api 
 path_url=/api 
 headers={'User-Agent': 'python-requests/2.31.0', 'Accept-Encoding': 'gzip, deflate', 'Accept': '*/*', 'Connection': 'keep-alive'} 
 body=None 
 </msg>
<msg time="2024-03-27T15:14:38.954654" level="INFO">GET Response : url=https://randomuser.me/api 
 status=200, reason=OK 
 headers={'Date': 'Wed, 27 Mar 2024 15:14:38 GMT', 'Content-Type': 'application/json; charset=utf-8', 'Transfer-Encoding': 'chunked', 'Connection': 'keep-alive', 'X-Powered-By': 'Express', 'Access-Control-Allow-Origin': '*', 'Cache-Control': 'no-cache', 'ETag': 'W/"4ae-QluEUMkmcqAnW2NSrRm9ryzF0uY"', 'Vary': 'Accept-Encoding', 'Content-Encoding': 'gzip', 'CF-Cache-Status': 'DYNAMIC', 'Report-To': '{"endpoints":[{"url":"https:\\/\\/a.nel.cloudflare.com\\/report\\/v4?s=EffGDB8kBXRawGAHhW7fKaJVPeEQ0Y2G6LoQnlU8ZPaIMewqEhZD3OTgzJnGsJU%2BLACOMkva5ikwqoWS6VxWoO%2BxfBy8AWkOyYw%2F5XhJ525CQAdsB7K4fUOekdB8V8Kk"}],"group":"cf-nel","max_age":604800}', 'NEL': '{"success_fraction":0,"report_to":"cf-nel","max_age":604800}', 'Server': 'cloudflare', 'CF-RAY': '86b054d11d2359f2-IAD', 'alt-svc': 'h3=":443"; ma=86400'} 
 body={"results":[{"gender":"male","name":{"title":"Mr","first":"Gijs","last":"Koenderink"},"location":{"street":{"number":3915,"name":"Kasteel Nederhovenstraat"},"city":"Waaksens gem Litt","state":"Groningen","country":"Netherlands","postcode":"1137 SY","coordinates":{"latitude":"36.5167","longitude":"-78.5613"},"timezone":{"offset":"+1:00","description":"Brussels, Copenhagen, Madrid, Paris"}},"email":"gijs.koenderink@example.com","login":{"uuid":"5676ee51-671c-4fc1-aa4c-69f4e63e9f4a","username":"crazyrabbit488","password":"peterpan","salt":"xCgX9Xfk","md5":"9bf8848113c82e7610061e13cd1a8c9c","sha1":"c028661d599421acda7bbf9627b8f96c2337b1fb","sha256":"6d865e4b4b0e2183ef66d81202f0594f53f113266fbe27183d17559c01c789df"},"dob":{"date":"1977-09-06T02:24:52.512Z","age":46},"registered":{"date":"2021-09-25T10:12:00.751Z","age":2},"phone":"(0548) 321075","cell":"(06) 70788370","id":{"name":"BSN","value":"57271848"},"picture":{"large":"https://randomuser.me/api/portraits/men/26.jpg","medium":"https://randomuser.me/api/portraits/med/men/26.jpg","thumbnail":"https://randomuser.me/api/portraits/thumb/men/26.jpg"},"nat":"NL"}],"info":{"seed":"1ffa74ab5a1be87d","results":1,"page":1,"version":"1.4"}} 
 </msg>
<msg time="2024-03-27T15:14:38.954778" level="INFO">/opt/hostedtoolcache/Python/3.12.2/x64/lib/python3.12/site-packages/urllib3/connectionpool.py:1103: InsecureRequestWarning: Unverified HTTPS request is being made to host 'randomuser.me'. Adding certificate verification is strongly advised. See: https://urllib3.readthedocs.io/en/latest/advanced-usage.html#tls-warnings
  warnings.warn(</msg>
<msg time="2024-03-27T15:14:38.954974" level="INFO">${response} = &lt;Response [200]&gt;</msg>
<var>${response}</var>
<arg>consultarAPI</arg>
<arg>/api</arg>
<doc>Sends a GET request on a previously created HTTP Session.</doc>
<status status="PASS" start="2024-03-27T15:14:38.877404" elapsed="0.077615"/>
</kw>
<kw name="Should Be Equal As Numbers" owner="BuiltIn">
<msg time="2024-03-27T15:14:38.956261" level="INFO">Argument types are:
&lt;class 'int'&gt;
&lt;class 'str'&gt;</msg>
<arg>${response.status_code}</arg>
<arg>200</arg>
<doc>Fails if objects are unequal after converting them to real numbers.</doc>
<status status="PASS" start="2024-03-27T15:14:38.955756" elapsed="0.000577"/>
</kw>
<kw name="Log" owner="BuiltIn">
<msg time="2024-03-27T15:14:38.957178" level="INFO">200</msg>
<arg>${response.status_code}</arg>
<doc>Logs the given message with the given level.</doc>
<status status="PASS" start="2024-03-27T15:14:38.956771" elapsed="0.000455"/>
</kw>
<kw name="Set Variable" owner="BuiltIn">
<msg time="2024-03-27T15:14:38.958098" level="INFO">${json_data} = {'results': [{'gender': 'male', 'name': {'title': 'Mr', 'first': 'Gijs', 'last': 'Koenderink'}, 'location': {'street': {'number': 3915, 'name': 'Kasteel Nederhovenstraat'}, 'city': 'Waaksens gem Litt'...</msg>
<var>${json_data}</var>
<arg>${response.json()}</arg>
<doc>Returns the given values which can then be assigned to a variables.</doc>
<status status="PASS" start="2024-03-27T15:14:38.957619" elapsed="0.000509"/>
</kw>
<kw name="Dictionary Should Contain Key" owner="Collections">
<msg time="2024-03-27T15:14:38.958641" level="INFO">False</msg>
<arg>${json_data}</arg>
<arg>results</arg>
<doc>Fails if ``key`` is not found from ``dictionary``.</doc>
<status status="PASS" start="2024-03-27T15:14:38.958453" elapsed="0.000229"/>
</kw>
<status status="PASS" start="2024-03-27T15:14:38.877123" elapsed="0.081870"/>
</kw>
<doc>Testa se a API responde corretamente e retorna um objeto JSON válido.</doc>
<tag>testeRequisicaoBasica</tag>
<status status="PASS" start="2024-03-27T15:14:38.876612" elapsed="0.082587"/>
</test>
<test id="s1-s1-t3" name="Validar estrutura de resposta" line="22">
<kw name="Teste de Estrutura de Resposta" owner="random-user-service">
<kw name="GET On Session" owner="RequestsLibrary">
<msg time="2024-03-27T15:14:39.044501" level="INFO">GET Request : url=https://randomuser.me/api 
 path_url=/api 
 headers={'User-Agent': 'python-requests/2.31.0', 'Accept-Encoding': 'gzip, deflate', 'Accept': '*/*', 'Connection': 'keep-alive'} 
 body=None 
 </msg>
<msg time="2024-03-27T15:14:39.044615" level="INFO">GET Response : url=https://randomuser.me/api 
 status=200, reason=OK 
 headers={'Date': 'Wed, 27 Mar 2024 15:14:39 GMT', 'Content-Type': 'application/json; charset=utf-8', 'Transfer-Encoding': 'chunked', 'Connection': 'keep-alive', 'X-Powered-By': 'Express', 'Access-Control-Allow-Origin': '*', 'Cache-Control': 'no-cache', 'ETag': 'W/"499-M30zw1y/BKgWY2wthP6Ptw/yc/o"', 'Vary': 'Accept-Encoding', 'Content-Encoding': 'gzip', 'CF-Cache-Status': 'DYNAMIC', 'Report-To': '{"endpoints":[{"url":"https:\\/\\/a.nel.cloudflare.com\\/report\\/v4?s=Qplii%2FU78D78TNFvMXKaC5pFzmUO5iEGr4iTpd0UGHZKu95k4OcxahCQngoH4Lk%2FacdWq5nEh69URyGVwUfdXxGB8mCLQV31L54E1zSc2Tr%2FhazzO0y5nWVZwRl7Vswx"}],"group":"cf-nel","max_age":604800}', 'NEL': '{"success_fraction":0,"report_to":"cf-nel","max_age":604800}', 'Server': 'cloudflare', 'CF-RAY': '86b054d18d6f59f2-IAD', 'alt-svc': 'h3=":443"; ma=86400'} 
 body={"results":[{"gender":"male","name":{"title":"Mr","first":"Jimmy","last":"Ten Kate"},"location":{"street":{"number":6514,"name":"Colenhoef"},"city":"Luttelgeest","state":"Flevoland","country":"Netherlands","postcode":"5578 LX","coordinates":{"latitude":"30.8504","longitude":"-142.3434"},"timezone":{"offset":"+1:00","description":"Brussels, Copenhagen, Madrid, Paris"}},"email":"jimmy.tenkate@example.com","login":{"uuid":"7b7a482a-bbd5-49d5-bf1e-6563a61cc9db","username":"beautifultiger438","password":"winner","salt":"SRZtJZt9","md5":"7ed12b95717477e47c22eb69a6618428","sha1":"1d289ddebc9dd1cac7327bca7f7814378d6b7159","sha256":"1cff395e672f67729ac1ae0d031ba879347bd46b73ddcd0b2b63712e470fb351"},"dob":{"date":"1963-11-19T22:30:17.692Z","age":60},"registered":{"date":"2009-11-24T16:26:42.121Z","age":14},"phone":"(064) 0875870","cell":"(06) 23228547","id":{"name":"BSN","value":"70603583"},"picture":{"large":"https://randomuser.me/api/portraits/men/21.jpg","medium":"https://randomuser.me/api/portraits/med/men/21.jpg","thumbnail":"https://randomuser.me/api/portraits/thumb/men/21.jpg"},"nat":"NL"}],"info":{"seed":"efd57593ce2398a1","results":1,"page":1,"version":"1.4"}} 
 </msg>
<msg time="2024-03-27T15:14:39.044768" level="INFO">/opt/hostedtoolcache/Python/3.12.2/x64/lib/python3.12/site-packages/urllib3/connectionpool.py:1103: InsecureRequestWarning: Unverified HTTPS request is being made to host 'randomuser.me'. Adding certificate verification is strongly advised. See: https://urllib3.readthedocs.io/en/latest/advanced-usage.html#tls-warnings
  warnings.warn(</msg>
<msg time="2024-03-27T15:14:39.044914" level="INFO">${response} = &lt;Response [200]&gt;</msg>
<var>${response}</var>
<arg>consultarAPI</arg>
<arg>/api</arg>
<doc>Sends a GET request on a previously created HTTP Session.</doc>
<status status="PASS" start="2024-03-27T15:14:38.962081" elapsed="0.082876"/>
</kw>
<kw name="Set Variable" owner="BuiltIn">
<msg time="2024-03-27T15:14:39.046223" level="INFO">${json_data} = {'results': [{'gender': 'male', 'name': {'title': 'Mr', 'first': 'Jimmy', 'last': 'Ten Kate'}, 'location': {'street': {'number': 6514, 'name': 'Colenhoef'}, 'city': 'Luttelgeest', 'state': 'Flevoland'...</msg>
<var>${json_data}</var>
<arg>${response.json()}</arg>
<doc>Returns the given values which can then be assigned to a variables.</doc>
<status status="PASS" start="2024-03-27T15:14:39.045631" elapsed="0.000622"/>
</kw>
<kw name="Log" owner="BuiltIn">
<msg time="2024-03-27T15:14:39.046823" level="INFO">{'results': [{'gender': 'male', 'name': {'title': 'Mr', 'first': 'Jimmy', 'last': 'Ten Kate'}, 'location': {'street': {'number': 6514, 'name': 'Colenhoef'}, 'city': 'Luttelgeest', 'state': 'Flevoland', 'country': 'Netherlands', 'postcode': '5578 LX', 'coordinates': {'latitude': '30.8504', 'longitude': '-142.3434'}, 'timezone': {'offset': '+1:00', 'description': 'Brussels, Copenhagen, Madrid, Paris'}}, 'email': 'jimmy.tenkate@example.com', 'login': {'uuid': '7b7a482a-bbd5-49d5-bf1e-6563a61cc9db', 'username': 'beautifultiger438', 'password': 'winner', 'salt': 'SRZtJZt9', 'md5': '7ed12b95717477e47c22eb69a6618428', 'sha1': '1d289ddebc9dd1cac7327bca7f7814378d6b7159', 'sha256': '1cff395e672f67729ac1ae0d031ba879347bd46b73ddcd0b2b63712e470fb351'}, 'dob': {'date': '1963-11-19T22:30:17.692Z', 'age': 60}, 'registered': {'date': '2009-11-24T16:26:42.121Z', 'age': 14}, 'phone': '(064) 0875870', 'cell': '(06) 23228547', 'id': {'name': 'BSN', 'value': '70603583'}, 'picture': {'large': 'https://randomuser.me/api/portraits/men/21.jpg', 'medium': 'https://randomuser.me/api/portraits/med/men/21.jpg', 'thumbnail': 'https://randomuser.me/api/portraits/thumb/men/21.jpg'}, 'nat': 'NL'}], 'info': {'seed': 'efd57593ce2398a1', 'results': 1, 'page': 1, 'version': '1.4'}}</msg>
<arg>${json_data}</arg>
<doc>Logs the given message with the given level.</doc>
<status status="PASS" start="2024-03-27T15:14:39.046637" elapsed="0.000286"/>
</kw>
<kw name="Dictionary Should Contain Key" owner="Collections">
<msg time="2024-03-27T15:14:39.047448" level="INFO">False</msg>
<arg>${json_data}</arg>
<arg>results</arg>
<doc>Fails if ``key`` is not found from ``dictionary``.</doc>
<status status="PASS" start="2024-03-27T15:14:39.047275" elapsed="0.000213"/>
</kw>
<kw name="Should Not Be Empty" owner="BuiltIn">
<msg time="2024-03-27T15:14:39.047944" level="INFO">Length is 2.</msg>
<arg>${json_data}</arg>
<doc>Verifies that the given item is not empty.</doc>
<status status="PASS" start="2024-03-27T15:14:39.047802" elapsed="0.000182"/>
</kw>
<kw name="Create List" owner="BuiltIn">
<msg time="2024-03-27T15:14:39.048453" level="INFO">${expected_keys} = ['gender', 'name', 'location', 'email', 'login']</msg>
<var>${expected_keys}</var>
<arg>gender</arg>
<arg>name</arg>
<arg>location</arg>
<arg>email</arg>
<arg>login</arg>
<doc>Returns a list containing given items.</doc>
<status status="PASS" start="2024-03-27T15:14:39.048291" elapsed="0.000187"/>
</kw>
<for flavor="IN">
<iter>
<kw name="Dictionary Should Contain Key" owner="Collections">
<msg time="2024-03-27T15:14:39.049544" level="INFO">False</msg>
<arg>${json_data['results'][0]}</arg>
<arg>${key}</arg>
<doc>Fails if ``key`` is not found from ``dictionary``.</doc>
<status status="PASS" start="2024-03-27T15:14:39.049090" elapsed="0.000495"/>
</kw>
<kw name="Log" owner="BuiltIn">
<msg time="2024-03-27T15:14:39.050289" level="INFO">{'gender': 'male', 'name': {'title': 'Mr', 'first': 'Jimmy', 'last': 'Ten Kate'}, 'location': {'street': {'number': 6514, 'name': 'Colenhoef'}, 'city': 'Luttelgeest', 'state': 'Flevoland', 'country': 'Netherlands', 'postcode': '5578 LX', 'coordinates': {'latitude': '30.8504', 'longitude': '-142.3434'}, 'timezone': {'offset': '+1:00', 'description': 'Brussels, Copenhagen, Madrid, Paris'}}, 'email': 'jimmy.tenkate@example.com', 'login': {'uuid': '7b7a482a-bbd5-49d5-bf1e-6563a61cc9db', 'username': 'beautifultiger438', 'password': 'winner', 'salt': 'SRZtJZt9', 'md5': '7ed12b95717477e47c22eb69a6618428', 'sha1': '1d289ddebc9dd1cac7327bca7f7814378d6b7159', 'sha256': '1cff395e672f67729ac1ae0d031ba879347bd46b73ddcd0b2b63712e470fb351'}, 'dob': {'date': '1963-11-19T22:30:17.692Z', 'age': 60}, 'registered': {'date': '2009-11-24T16:26:42.121Z', 'age': 14}, 'phone': '(064) 0875870', 'cell': '(06) 23228547', 'id': {'name': 'BSN', 'value': '70603583'}, 'picture': {'large': 'https://randomuser.me/api/portraits/men/21.jpg', 'medium': 'https://randomuser.me/api/portraits/med/men/21.jpg', 'thumbnail': 'https://randomuser.me/api/portraits/thumb/men/21.jpg'}, 'nat': 'NL'}</msg>
<arg>${json_data['results'][0]}</arg>
<doc>Logs the given message with the given level.</doc>
<status status="PASS" start="2024-03-27T15:14:39.049905" elapsed="0.000440"/>
</kw>
<kw name="Log" owner="BuiltIn">
<msg time="2024-03-27T15:14:39.050793" level="INFO">gender</msg>
<arg>${key}</arg>
<doc>Logs the given message with the given level.</doc>
<status status="PASS" start="2024-03-27T15:14:39.050658" elapsed="0.000198"/>
</kw>
<var name="${key}">gender</var>
<status status="PASS" start="2024-03-27T15:14:39.048954" elapsed="0.002146"/>
</iter>
<iter>
<kw name="Dictionary Should Contain Key" owner="Collections">
<msg time="2024-03-27T15:14:39.051835" level="INFO">False</msg>
<arg>${json_data['results'][0]}</arg>
<arg>${key}</arg>
<doc>Fails if ``key`` is not found from ``dictionary``.</doc>
<status status="PASS" start="2024-03-27T15:14:39.051433" elapsed="0.000442"/>
</kw>
<kw name="Log" owner="BuiltIn">
<msg time="2024-03-27T15:14:39.052588" level="INFO">{'gender': 'male', 'name': {'title': 'Mr', 'first': 'Jimmy', 'last': 'Ten Kate'}, 'location': {'street': {'number': 6514, 'name': 'Colenhoef'}, 'city': 'Luttelgeest', 'state': 'Flevoland', 'country': 'Netherlands', 'postcode': '5578 LX', 'coordinates': {'latitude': '30.8504', 'longitude': '-142.3434'}, 'timezone': {'offset': '+1:00', 'description': 'Brussels, Copenhagen, Madrid, Paris'}}, 'email': 'jimmy.tenkate@example.com', 'login': {'uuid': '7b7a482a-bbd5-49d5-bf1e-6563a61cc9db', 'username': 'beautifultiger438', 'password': 'winner', 'salt': 'SRZtJZt9', 'md5': '7ed12b95717477e47c22eb69a6618428', 'sha1': '1d289ddebc9dd1cac7327bca7f7814378d6b7159', 'sha256': '1cff395e672f67729ac1ae0d031ba879347bd46b73ddcd0b2b63712e470fb351'}, 'dob': {'date': '1963-11-19T22:30:17.692Z', 'age': 60}, 'registered': {'date': '2009-11-24T16:26:42.121Z', 'age': 14}, 'phone': '(064) 0875870', 'cell': '(06) 23228547', 'id': {'name': 'BSN', 'value': '70603583'}, 'picture': {'large': 'https://randomuser.me/api/portraits/men/21.jpg', 'medium': 'https://randomuser.me/api/portraits/med/men/21.jpg', 'thumbnail': 'https://randomuser.me/api/portraits/thumb/men/21.jpg'}, 'nat': 'NL'}</msg>
<arg>${json_data['results'][0]}</arg>
<doc>Logs the given message with the given level.</doc>
<status status="PASS" start="2024-03-27T15:14:39.052217" elapsed="0.000419"/>
</kw>
<kw name="Log" owner="BuiltIn">
<msg time="2024-03-27T15:14:39.053066" level="INFO">name</msg>
<arg>${key}</arg>
<doc>Logs the given message with the given level.</doc>
<status status="PASS" start="2024-03-27T15:14:39.052937" elapsed="0.000168"/>
</kw>
<var name="${key}">name</var>
<status status="PASS" start="2024-03-27T15:14:39.051311" elapsed="0.002013"/>
</iter>
<iter>
<kw name="Dictionary Should Contain Key" owner="Collections">
<msg time="2024-03-27T15:14:39.054015" level="INFO">False</msg>
<arg>${json_data['results'][0]}</arg>
<arg>${key}</arg>
<doc>Fails if ``key`` is not found from ``dictionary``.</doc>
<status status="PASS" start="2024-03-27T15:14:39.053629" elapsed="0.000424"/>
</kw>
<kw name="Log" owner="BuiltIn">
<msg time="2024-03-27T15:14:39.054725" level="INFO">{'gender': 'male', 'name': {'title': 'Mr', 'first': 'Jimmy', 'last': 'Ten Kate'}, 'location': {'street': {'number': 6514, 'name': 'Colenhoef'}, 'city': 'Luttelgeest', 'state': 'Flevoland', 'country': 'Netherlands', 'postcode': '5578 LX', 'coordinates': {'latitude': '30.8504', 'longitude': '-142.3434'}, 'timezone': {'offset': '+1:00', 'description': 'Brussels, Copenhagen, Madrid, Paris'}}, 'email': 'jimmy.tenkate@example.com', 'login': {'uuid': '7b7a482a-bbd5-49d5-bf1e-6563a61cc9db', 'username': 'beautifultiger438', 'password': 'winner', 'salt': 'SRZtJZt9', 'md5': '7ed12b95717477e47c22eb69a6618428', 'sha1': '1d289ddebc9dd1cac7327bca7f7814378d6b7159', 'sha256': '1cff395e672f67729ac1ae0d031ba879347bd46b73ddcd0b2b63712e470fb351'}, 'dob': {'date': '1963-11-19T22:30:17.692Z', 'age': 60}, 'registered': {'date': '2009-11-24T16:26:42.121Z', 'age': 14}, 'phone': '(064) 0875870', 'cell': '(06) 23228547', 'id': {'name': 'BSN', 'value': '70603583'}, 'picture': {'large': 'https://randomuser.me/api/portraits/men/21.jpg', 'medium': 'https://randomuser.me/api/portraits/med/men/21.jpg', 'thumbnail': 'https://randomuser.me/api/portraits/thumb/men/21.jpg'}, 'nat': 'NL'}</msg>
<arg>${json_data['results'][0]}</arg>
<doc>Logs the given message with the given level.</doc>
<status status="PASS" start="2024-03-27T15:14:39.054355" elapsed="0.000423"/>
</kw>
<kw name="Log" owner="BuiltIn">
<msg time="2024-03-27T15:14:39.055252" level="INFO">location</msg>
<arg>${key}</arg>
<doc>Logs the given message with the given level.</doc>
<status status="PASS" start="2024-03-27T15:14:39.055122" elapsed="0.000167"/>
</kw>
<var name="${key}">location</var>
<status status="PASS" start="2024-03-27T15:14:39.053515" elapsed="0.002001"/>
</iter>
<iter>
<kw name="Dictionary Should Contain Key" owner="Collections">
<msg time="2024-03-27T15:14:39.056190" level="INFO">False</msg>
<arg>${json_data['results'][0]}</arg>
<arg>${key}</arg>
<doc>Fails if ``key`` is not found from ``dictionary``.</doc>
<status status="PASS" start="2024-03-27T15:14:39.055808" elapsed="0.000420"/>
</kw>
<kw name="Log" owner="BuiltIn">
<msg time="2024-03-27T15:14:39.056887" level="INFO">{'gender': 'male', 'name': {'title': 'Mr', 'first': 'Jimmy', 'last': 'Ten Kate'}, 'location': {'street': {'number': 6514, 'name': 'Colenhoef'}, 'city': 'Luttelgeest', 'state': 'Flevoland', 'country': 'Netherlands', 'postcode': '5578 LX', 'coordinates': {'latitude': '30.8504', 'longitude': '-142.3434'}, 'timezone': {'offset': '+1:00', 'description': 'Brussels, Copenhagen, Madrid, Paris'}}, 'email': 'jimmy.tenkate@example.com', 'login': {'uuid': '7b7a482a-bbd5-49d5-bf1e-6563a61cc9db', 'username': 'beautifultiger438', 'password': 'winner', 'salt': 'SRZtJZt9', 'md5': '7ed12b95717477e47c22eb69a6618428', 'sha1': '1d289ddebc9dd1cac7327bca7f7814378d6b7159', 'sha256': '1cff395e672f67729ac1ae0d031ba879347bd46b73ddcd0b2b63712e470fb351'}, 'dob': {'date': '1963-11-19T22:30:17.692Z', 'age': 60}, 'registered': {'date': '2009-11-24T16:26:42.121Z', 'age': 14}, 'phone': '(064) 0875870', 'cell': '(06) 23228547', 'id': {'name': 'BSN', 'value': '70603583'}, 'picture': {'large': 'https://randomuser.me/api/portraits/men/21.jpg', 'medium': 'https://randomuser.me/api/portraits/med/men/21.jpg', 'thumbnail': 'https://randomuser.me/api/portraits/thumb/men/21.jpg'}, 'nat': 'NL'}</msg>
<arg>${json_data['results'][0]}</arg>
<doc>Logs the given message with the given level.</doc>
<status status="PASS" start="2024-03-27T15:14:39.056530" elapsed="0.000406"/>
</kw>
<kw name="Log" owner="BuiltIn">
<msg time="2024-03-27T15:14:39.057361" level="INFO">email</msg>
<arg>${key}</arg>
<doc>Logs the given message with the given level.</doc>
<status status="PASS" start="2024-03-27T15:14:39.057232" elapsed="0.000167"/>
</kw>
<var name="${key}">email</var>
<status status="PASS" start="2024-03-27T15:14:39.055695" elapsed="0.001920"/>
</iter>
<iter>
<kw name="Dictionary Should Contain Key" owner="Collections">
<msg time="2024-03-27T15:14:39.058302" level="INFO">False</msg>
<arg>${json_data['results'][0]}</arg>
<arg>${key}</arg>
<doc>Fails if ``key`` is not found from ``dictionary``.</doc>
<status status="PASS" start="2024-03-27T15:14:39.057912" elapsed="0.000428"/>
</kw>
<kw name="Log" owner="BuiltIn">
<msg time="2024-03-27T15:14:39.059029" level="INFO">{'gender': 'male', 'name': {'title': 'Mr', 'first': 'Jimmy', 'last': 'Ten Kate'}, 'location': {'street': {'number': 6514, 'name': 'Colenhoef'}, 'city': 'Luttelgeest', 'state': 'Flevoland', 'country': 'Netherlands', 'postcode': '5578 LX', 'coordinates': {'latitude': '30.8504', 'longitude': '-142.3434'}, 'timezone': {'offset': '+1:00', 'description': 'Brussels, Copenhagen, Madrid, Paris'}}, 'email': 'jimmy.tenkate@example.com', 'login': {'uuid': '7b7a482a-bbd5-49d5-bf1e-6563a61cc9db', 'username': 'beautifultiger438', 'password': 'winner', 'salt': 'SRZtJZt9', 'md5': '7ed12b95717477e47c22eb69a6618428', 'sha1': '1d289ddebc9dd1cac7327bca7f7814378d6b7159', 'sha256': '1cff395e672f67729ac1ae0d031ba879347bd46b73ddcd0b2b63712e470fb351'}, 'dob': {'date': '1963-11-19T22:30:17.692Z', 'age': 60}, 'registered': {'date': '2009-11-24T16:26:42.121Z', 'age': 14}, 'phone': '(064) 0875870', 'cell': '(06) 23228547', 'id': {'name': 'BSN', 'value': '70603583'}, 'picture': {'large': 'https://randomuser.me/api/portraits/men/21.jpg', 'medium': 'https://randomuser.me/api/portraits/med/men/21.jpg', 'thumbnail': 'https://randomuser.me/api/portraits/thumb/men/21.jpg'}, 'nat': 'NL'}</msg>
<arg>${json_data['results'][0]}</arg>
<doc>Logs the given message with the given level.</doc>
<status status="PASS" start="2024-03-27T15:14:39.058638" elapsed="0.000442"/>
</kw>
<kw name="Log" owner="BuiltIn">
<msg time="2024-03-27T15:14:39.059513" level="INFO">login</msg>
<arg>${key}</arg>
<doc>Logs the given message with the given level.</doc>
<status status="PASS" start="2024-03-27T15:14:39.059383" elapsed="0.000291"/>
</kw>
<var name="${key}">login</var>
<status status="PASS" start="2024-03-27T15:14:39.057793" elapsed="0.002142"/>
</iter>
<var>${key}</var>
<value>@{expected_keys}</value>
<status status="PASS" start="2024-03-27T15:14:39.048746" elapsed="0.011320"/>
</for>
<kw name="Create List" owner="BuiltIn">
<msg time="2024-03-27T15:14:39.060416" level="INFO">${expected_keysTwo} = ['username', 'password']</msg>
<var>${expected_keysTwo}</var>
<arg>username</arg>
<arg>password</arg>
<doc>Returns a list containing given items.</doc>
<status status="PASS" start="2024-03-27T15:14:39.060274" elapsed="0.000167"/>
</kw>
<for flavor="IN">
<iter>
<kw name="Dictionary Should Contain Key" owner="Collections">
<msg time="2024-03-27T15:14:39.061389" level="INFO">False</msg>
<arg>${json_data['results'][0]['login']}</arg>
<arg>${keyTwo}</arg>
<doc>Fails if ``key`` is not found from ``dictionary``.</doc>
<status status="PASS" start="2024-03-27T15:14:39.060969" elapsed="0.000457"/>
</kw>
<kw name="Dictionary Should Contain Key" owner="Collections">
<msg time="2024-03-27T15:14:39.062128" level="INFO">False</msg>
<arg>${json_data['results'][0]['login']}</arg>
<arg>${keyTwo}</arg>
<doc>Fails if ``key`` is not found from ``dictionary``.</doc>
<status status="PASS" start="2024-03-27T15:14:39.061738" elapsed="0.000428"/>
</kw>
<kw name="Log" owner="BuiltIn">
<msg time="2024-03-27T15:14:39.062595" level="INFO">username</msg>
<arg>${keyTwo}</arg>
<doc>Logs the given message with the given level.</doc>
<status status="PASS" start="2024-03-27T15:14:39.062464" elapsed="0.000168"/>
</kw>
<var name="${keyTwo}">username</var>
<status status="PASS" start="2024-03-27T15:14:39.060853" elapsed="0.002042"/>
</iter>
<iter>
<kw name="Dictionary Should Contain Key" owner="Collections">
<msg time="2024-03-27T15:14:39.063579" level="INFO">False</msg>
<arg>${json_data['results'][0]['login']}</arg>
<arg>${keyTwo}</arg>
<doc>Fails if ``key`` is not found from ``dictionary``.</doc>
<status status="PASS" start="2024-03-27T15:14:39.063196" elapsed="0.000420"/>
</kw>
<kw name="Dictionary Should Contain Key" owner="Collections">
<msg time="2024-03-27T15:14:39.064297" level="INFO">False</msg>
<arg>${json_data['results'][0]['login']}</arg>
<arg>${keyTwo}</arg>
<doc>Fails if ``key`` is not found from ``dictionary``.</doc>
<status status="PASS" start="2024-03-27T15:14:39.063911" elapsed="0.000423"/>
</kw>
<kw name="Log" owner="BuiltIn">
<msg time="2024-03-27T15:14:39.064759" level="INFO">password</msg>
<arg>${keyTwo}</arg>
<doc>Logs the given message with the given level.</doc>
<status status="PASS" start="2024-03-27T15:14:39.064629" elapsed="0.000167"/>
</kw>
<var name="${keyTwo}">password</var>
<status status="PASS" start="2024-03-27T15:14:39.063081" elapsed="0.001936"/>
</iter>
<var>${keyTwo}</var>
<value>@{expected_keysTwo}</value>
<status status="PASS" start="2024-03-27T15:14:39.060688" elapsed="0.004452"/>
</for>
<status status="PASS" start="2024-03-27T15:14:38.961816" elapsed="0.103478"/>
</kw>
<doc>Testa a estrutura da resposta da API.</doc>
<tag>testeEstruturaResposta</tag>
<status status="PASS" start="2024-03-27T15:14:38.961090" elapsed="0.104377"/>
</test>
<test id="s1-s1-t4" name="Validar tipos de dados" line="28">
<kw name="Teste de Tipos de Dados" owner="random-user-service">
<kw name="GET On Session" owner="RequestsLibrary">
<msg time="2024-03-27T15:14:39.143538" level="INFO">GET Request : url=https://randomuser.me/api 
 path_url=/api 
 headers={'User-Agent': 'python-requests/2.31.0', 'Accept-Encoding': 'gzip, deflate', 'Accept': '*/*', 'Connection': 'keep-alive'} 
 body=None 
 </msg>
<msg time="2024-03-27T15:14:39.143666" level="INFO">GET Response : url=https://randomuser.me/api 
 status=200, reason=OK 
 headers={'Date': 'Wed, 27 Mar 2024 15:14:39 GMT', 'Content-Type': 'application/json; charset=utf-8', 'Transfer-Encoding': 'chunked', 'Connection': 'keep-alive', 'X-Powered-By': 'Express', 'Access-Control-Allow-Origin': '*', 'Cache-Control': 'no-cache', 'ETag': 'W/"4b2-wq63ueB973nTmVirsg2eSQRBkKM"', 'Vary': 'Accept-Encoding', 'Content-Encoding': 'gzip', 'CF-Cache-Status': 'DYNAMIC', 'Report-To': '{"endpoints":[{"url":"https:\\/\\/a.nel.cloudflare.com\\/report\\/v4?s=HoUwkpZREkvP5P9xP3hbFePRRBcoNf085l6eJdseKfes09cZy%2BuunqPipDQPCGNUVg5wuRLIrqo3eZQIC9%2BIjX9%2BpMKcdKb%2F4C8Kpy07ZgserazX5gHkXqs6iHKXmg17"}],"group":"cf-nel","max_age":604800}', 'NEL': '{"success_fraction":0,"report_to":"cf-nel","max_age":604800}', 'Server': 'cloudflare', 'CF-RAY': '86b054d22e1659f2-IAD', 'alt-svc': 'h3=":443"; ma=86400'} 
 body={"results":[{"gender":"female","name":{"title":"Miss","first":"Uaira","last":"Gonçalves"},"location":{"street":{"number":1446,"name":"Avenida Vinícius de Morais"},"city":"Barreiras","state":"Amapá","country":"Brazil","postcode":72853,"coordinates":{"latitude":"-74.9676","longitude":"33.7027"},"timezone":{"offset":"+5:00","description":"Ekaterinburg, Islamabad, Karachi, Tashkent"}},"email":"uaira.goncalves@example.com","login":{"uuid":"e73b2011-bd27-48d9-a21b-2a25d3784ebe","username":"sadcat689","password":"bearcat","salt":"1kCH1Mzk","md5":"e1b2033f538083c4b2c7470e9e336900","sha1":"dd613dac1cf8c4ec6e0b2c32acb7d3869545b157","sha256":"6834e39fec24b3f1b5cfecc348e02529aefa88d0213345eea340a5ae2a6a9691"},"dob":{"date":"1952-03-09T23:53:31.644Z","age":72},"registered":{"date":"2009-08-29T22:23:55.554Z","age":14},"phone":"(24) 5287-8006","cell":"(75) 8713-5491","id":{"name":"CPF","value":"461.911.542-87"},"picture":{"large":"https://randomuser.me/api/portraits/women/79.jpg","medium":"https://randomuser.me/api/portraits/med/women/79.jpg","thumbnail":"https://randomuser.me/api/portraits/thumb/women/79.jpg"},"nat":"BR"}],"info":{"seed":"f06d3d8efe76da62","results":1,"page":1,"version":"1.4"}} 
 </msg>
<msg time="2024-03-27T15:14:39.143754" level="INFO">/opt/hostedtoolcache/Python/3.12.2/x64/lib/python3.12/site-packages/urllib3/connectionpool.py:1103: InsecureRequestWarning: Unverified HTTPS request is being made to host 'randomuser.me'. Adding certificate verification is strongly advised. See: https://urllib3.readthedocs.io/en/latest/advanced-usage.html#tls-warnings
  warnings.warn(</msg>
<msg time="2024-03-27T15:14:39.143889" level="INFO">${response} = &lt;Response [200]&gt;</msg>
<var>${response}</var>
<arg>consultarAPI</arg>
<arg>/api</arg>
<doc>Sends a GET request on a previously created HTTP Session.</doc>
<status status="PASS" start="2024-03-27T15:14:39.068057" elapsed="0.075874"/>
</kw>
<kw name="Set Variable" owner="BuiltIn">
<msg time="2024-03-27T15:14:39.145277" level="INFO">${json_data} = {'results': [{'gender': 'female', 'name': {'title': 'Miss', 'first': 'Uaira', 'last': 'Gonçalves'}, 'location': {'street': {'number': 1446, 'name': 'Avenida Vinícius de Morais'}, 'city': 'Barreiras', ...</msg>
<var>${json_data}</var>
<arg>${response.json()}</arg>
<doc>Returns the given values which can then be assigned to a variables.</doc>
<status status="PASS" start="2024-03-27T15:14:39.144639" elapsed="0.000668"/>
</kw>
<kw name="Log" owner="BuiltIn">
<msg time="2024-03-27T15:14:39.145887" level="INFO">{'results': [{'gender': 'female', 'name': {'title': 'Miss', 'first': 'Uaira', 'last': 'Gonçalves'}, 'location': {'street': {'number': 1446, 'name': 'Avenida Vinícius de Morais'}, 'city': 'Barreiras', 'state': 'Amapá', 'country': 'Brazil', 'postcode': 72853, 'coordinates': {'latitude': '-74.9676', 'longitude': '33.7027'}, 'timezone': {'offset': '+5:00', 'description': 'Ekaterinburg, Islamabad, Karachi, Tashkent'}}, 'email': 'uaira.goncalves@example.com', 'login': {'uuid': 'e73b2011-bd27-48d9-a21b-2a25d3784ebe', 'username': 'sadcat689', 'password': 'bearcat', 'salt': '1kCH1Mzk', 'md5': 'e1b2033f538083c4b2c7470e9e336900', 'sha1': 'dd613dac1cf8c4ec6e0b2c32acb7d3869545b157', 'sha256': '6834e39fec24b3f1b5cfecc348e02529aefa88d0213345eea340a5ae2a6a9691'}, 'dob': {'date': '1952-03-09T23:53:31.644Z', 'age': 72}, 'registered': {'date': '2009-08-29T22:23:55.554Z', 'age': 14}, 'phone': '(24) 5287-8006', 'cell': '(75) 8713-5491', 'id': {'name': 'CPF', 'value': '461.911.542-87'}, 'picture': {'large': 'https://randomuser.me/api/portraits/women/79.jpg', 'medium': 'https://randomuser.me/api/portraits/med/women/79.jpg', 'thumbnail': 'https://randomuser.me/api/portraits/thumb/women/79.jpg'}, 'nat': 'BR'}], 'info': {'seed': 'f06d3d8efe76da62', 'results': 1, 'page': 1, 'version': '1.4'}}</msg>
<arg>${json_data}</arg>
<doc>Logs the given message with the given level.</doc>
<status status="PASS" start="2024-03-27T15:14:39.145699" elapsed="0.000283"/>
</kw>
<kw name="Should Be String" owner="String">
<arg>${json_data['results'][0]['gender']}</arg>
<doc>Fails if the given ``item`` is not a string.</doc>
<status status="PASS" start="2024-03-27T15:14:39.146321" elapsed="0.000401"/>
</kw>
<kw name="Should Match Regexp" owner="BuiltIn">
<arg>${json_data['results'][0]['email']}</arg>
<arg>^[a-zA-Z0-9._%+-]+@[a-zA-Z0-9.-]+\.[a-zA-Z]{2,}$</arg>
<doc>Fails if ``string`` does not match ``pattern`` as a regular expression.</doc>
<status status="PASS" start="2024-03-27T15:14:39.146979" elapsed="0.000548"/>
</kw>
<kw name="Should Match Regexp" owner="BuiltIn">
<arg>${json_data['results'][0]['dob']['date']}</arg>
<arg>\\d{4}-\\d{2}-\\d{2}T\\d{2}:\\d{2}:\\d{2}\\.\\d{3}Z</arg>
<doc>Fails if ``string`` does not match ``pattern`` as a regular expression.</doc>
<status status="PASS" start="2024-03-27T15:14:39.147736" elapsed="0.000522"/>
</kw>
<kw name="Should Match Regexp" owner="BuiltIn">
<arg>${json_data['results'][0]['registered']['date']}</arg>
<arg>\\d{4}-\\d{2}-\\d{2}T\\d{2}:\\d{2}:\\d{2}\\.\\d{3}Z</arg>
<doc>Fails if ``string`` does not match ``pattern`` as a regular expression.</doc>
<status status="PASS" start="2024-03-27T15:14:39.148459" elapsed="0.000389"/>
</kw>
<kw name="Should Match Regexp" owner="BuiltIn">
<arg>${json_data['results'][0]['picture']['large']}</arg>
<arg>^https?://.*\.(?:png|jpe?g|gif|bmp)$</arg>
<doc>Fails if ``string`` does not match ``pattern`` as a regular expression.</doc>
<status status="PASS" start="2024-03-27T15:14:39.149040" elapsed="0.000470"/>
</kw>
<kw name="Should Match Regexp" owner="BuiltIn">
<arg>${json_data['results'][0]['picture']['medium']}</arg>
<arg>^https?://.*\.(?:png|jpe?g|gif|bmp)$</arg>
<doc>Fails if ``string`` does not match ``pattern`` as a regular expression.</doc>
<status status="PASS" start="2024-03-27T15:14:39.149701" elapsed="0.000361"/>
</kw>
<kw name="Should Match Regexp" owner="BuiltIn">
<arg>${json_data['results'][0]['picture']['thumbnail']}</arg>
<arg>^https?://.*\.(?:png|jpe?g|gif|bmp)$</arg>
<doc>Fails if ``string`` does not match ``pattern`` as a regular expression.</doc>
<status status="PASS" start="2024-03-27T15:14:39.150249" elapsed="0.000359"/>
</kw>
<kw name="Log" owner="BuiltIn">
<msg time="2024-03-27T15:14:39.151160" level="INFO">{'large': 'https://randomuser.me/api/portraits/women/79.jpg', 'medium': 'https://randomuser.me/api/portraits/med/women/79.jpg', 'thumbnail': 'https://randomuser.me/api/portraits/thumb/women/79.jpg'}</msg>
<arg>${json_data['results'][0]['picture']}</arg>
<doc>Logs the given message with the given level.</doc>
<status status="PASS" start="2024-03-27T15:14:39.150791" elapsed="0.000417"/>
</kw>
<status status="PASS" start="2024-03-27T15:14:39.067815" elapsed="0.083675"/>
</kw>
<kw name="Teste de Tipos de Dados - Postcode" owner="random-user-service">
<kw name="GET On Session" owner="RequestsLibrary">
<msg time="2024-03-27T15:14:39.254127" level="INFO">GET Request : url=https://randomuser.me/api 
 path_url=/api 
 headers={'User-Agent': 'python-requests/2.31.0', 'Accept-Encoding': 'gzip, deflate', 'Accept': '*/*', 'Connection': 'keep-alive'} 
 body=None 
 </msg>
<msg time="2024-03-27T15:14:39.254241" level="INFO">GET Response : url=https://randomuser.me/api 
 status=200, reason=OK 
 headers={'Date': 'Wed, 27 Mar 2024 15:14:39 GMT', 'Content-Type': 'application/json; charset=utf-8', 'Transfer-Encoding': 'chunked', 'Connection': 'keep-alive', 'X-Powered-By': 'Express', 'Access-Control-Allow-Origin': '*', 'Cache-Control': 'no-cache', 'ETag': 'W/"47f-ZxyXshvRoniWA+8DsOchiGjrG3o"', 'Vary': 'Accept-Encoding', 'Content-Encoding': 'gzip', 'CF-Cache-Status': 'DYNAMIC', 'Report-To': '{"endpoints":[{"url":"https:\\/\\/a.nel.cloudflare.com\\/report\\/v4?s=BV67yi6TJmn74wVJs9pkpsJRVQHs0asUgJwT0FVkzdkuB4hH3EAlZjTEPM6%2BjGbS4AFUsTX3Gqi7bReEcymbFKgPzQ5jJc0L%2FkmYT5LioH2Eepw4Fvly3PAwd5efppj2"}],"group":"cf-nel","max_age":604800}', 'NEL': '{"success_fraction":0,"report_to":"cf-nel","max_age":604800}', 'Server': 'cloudflare', 'CF-RAY': '86b054d2bea259f2-IAD', 'alt-svc': 'h3=":443"; ma=86400'} 
 body={"results":[{"gender":"male","name":{"title":"Mr","first":"Ken","last":"Russell"},"location":{"street":{"number":9094,"name":"George Street"},"city":"Tuam","state":"Galway","country":"Ireland","postcode":68990,"coordinates":{"latitude":"0.3606","longitude":"-41.8697"},"timezone":{"offset":"+1:00","description":"Brussels, Copenhagen, Madrid, Paris"}},"email":"ken.russell@example.com","login":{"uuid":"9c7e3e4a-dfc6-4916-ad58-403cfe9d9573","username":"goldenlion374","password":"sparkle","salt":"18VzJfzk","md5":"fb579ac82757240c98e73906d5ff2522","sha1":"59c3d6fa203530bd2a23400e2d62d6bb4e7db798","sha256":"b2b1f881991f26e150c4601663f2af8c7764b6e16fdcb96e175ecfdbe8475db1"},"dob":{"date":"1946-01-27T08:51:53.115Z","age":78},"registered":{"date":"2006-10-16T19:26:34.500Z","age":17},"phone":"071-858-6341","cell":"081-848-2218","id":{"name":"PPS","value":"9135967T"},"picture":{"large":"https://randomuser.me/api/portraits/men/79.jpg","medium":"https://randomuser.me/api/portraits/med/men/79.jpg","thumbnail":"https://randomuser.me/api/portraits/thumb/men/79.jpg"},"nat":"IE"}],"info":{"seed":"1e33c2b41ecdaf7b","results":1,"page":1,"version":"1.4"}} 
 </msg>
<msg time="2024-03-27T15:14:39.254360" level="INFO">/opt/hostedtoolcache/Python/3.12.2/x64/lib/python3.12/site-packages/urllib3/connectionpool.py:1103: InsecureRequestWarning: Unverified HTTPS request is being made to host 'randomuser.me'. Adding certificate verification is strongly advised. See: https://urllib3.readthedocs.io/en/latest/advanced-usage.html#tls-warnings
  warnings.warn(</msg>
<msg time="2024-03-27T15:14:39.254509" level="INFO">${response} = &lt;Response [200]&gt;</msg>
<var>${response}</var>
<arg>consultarAPI</arg>
<arg>/api</arg>
<doc>Sends a GET request on a previously created HTTP Session.</doc>
<status status="PASS" start="2024-03-27T15:14:39.152133" elapsed="0.102419"/>
</kw>
<kw name="Set Variable" owner="BuiltIn">
<msg time="2024-03-27T15:14:39.255738" level="INFO">${json_data} = {'results': [{'gender': 'male', 'name': {'title': 'Mr', 'first': 'Ken', 'last': 'Russell'}, 'location': {'street': {'number': 9094, 'name': 'George Street'}, 'city': 'Tuam', 'state': 'Galway', 'countr...</msg>
<var>${json_data}</var>
<arg>${response.json()}</arg>
<doc>Returns the given values which can then be assigned to a variables.</doc>
<status status="PASS" start="2024-03-27T15:14:39.255177" elapsed="0.000589"/>
</kw>
<kw name="Log" owner="BuiltIn">
<msg time="2024-03-27T15:14:39.256330" level="INFO">{'results': [{'gender': 'male', 'name': {'title': 'Mr', 'first': 'Ken', 'last': 'Russell'}, 'location': {'street': {'number': 9094, 'name': 'George Street'}, 'city': 'Tuam', 'state': 'Galway', 'country': 'Ireland', 'postcode': 68990, 'coordinates': {'latitude': '0.3606', 'longitude': '-41.8697'}, 'timezone': {'offset': '+1:00', 'description': 'Brussels, Copenhagen, Madrid, Paris'}}, 'email': 'ken.russell@example.com', 'login': {'uuid': '9c7e3e4a-dfc6-4916-ad58-403cfe9d9573', 'username': 'goldenlion374', 'password': 'sparkle', 'salt': '18VzJfzk', 'md5': 'fb579ac82757240c98e73906d5ff2522', 'sha1': '59c3d6fa203530bd2a23400e2d62d6bb4e7db798', 'sha256': 'b2b1f881991f26e150c4601663f2af8c7764b6e16fdcb96e175ecfdbe8475db1'}, 'dob': {'date': '1946-01-27T08:51:53.115Z', 'age': 78}, 'registered': {'date': '2006-10-16T19:26:34.500Z', 'age': 17}, 'phone': '071-858-6341', 'cell': '081-848-2218', 'id': {'name': 'PPS', 'value': '9135967T'}, 'picture': {'large': 'https://randomuser.me/api/portraits/men/79.jpg', 'medium': 'https://randomuser.me/api/portraits/med/men/79.jpg', 'thumbnail': 'https://randomuser.me/api/portraits/thumb/men/79.jpg'}, 'nat': 'IE'}], 'info': {'seed': '1e33c2b41ecdaf7b', 'results': 1, 'page': 1, 'version': '1.4'}}</msg>
<arg>${json_data}</arg>
<doc>Logs the given message with the given level.</doc>
<status status="PASS" start="2024-03-27T15:14:39.256151" elapsed="0.000266"/>
</kw>
<kw name="Should Be Equal As Numbers" owner="BuiltIn">
<arg>${json_data['results'][0]['location']['postcode']}</arg>
<arg>${json_data['results'][0]['location']['postcode']}</arg>
<doc>Fails if objects are unequal after converting them to real numbers.</doc>
<status status="PASS" start="2024-03-27T15:14:39.256754" elapsed="0.000671"/>
</kw>
<kw name="Log" owner="BuiltIn">
<msg time="2024-03-27T15:14:39.257970" level="INFO">68990</msg>
<arg>${json_data['results'][0]['location']['postcode']}</arg>
<doc>Logs the given message with the given level.</doc>
<status status="PASS" start="2024-03-27T15:14:39.257631" elapsed="0.000380"/>
</kw>
<status status="PASS" start="2024-03-27T15:14:39.151729" elapsed="0.106556"/>
</kw>
<doc>Testa se os tipos de dados na resposta da API estão corretos.</doc>
<tag>testeTiposDados</tag>
<status status="PASS" start="2024-03-27T15:14:39.067303" elapsed="0.191161"/>
</test>
<test id="s1-s1-t5" name="Validar conteudo" line="35">
<kw name="Teste de Tipos de Conteudo" owner="random-user-service">
<kw name="GET On Session" owner="RequestsLibrary">
<msg time="2024-03-27T15:14:39.346678" level="INFO">GET Request : url=https://randomuser.me/api 
 path_url=/api 
 headers={'User-Agent': 'python-requests/2.31.0', 'Accept-Encoding': 'gzip, deflate', 'Accept': '*/*', 'Connection': 'keep-alive'} 
 body=None 
 </msg>
<msg time="2024-03-27T15:14:39.346800" level="INFO">GET Response : url=https://randomuser.me/api 
 status=200, reason=OK 
 headers={'Date': 'Wed, 27 Mar 2024 15:14:39 GMT', 'Content-Type': 'application/json; charset=utf-8', 'Transfer-Encoding': 'chunked', 'Connection': 'keep-alive', 'X-Powered-By': 'Express', 'Access-Control-Allow-Origin': '*', 'Cache-Control': 'no-cache', 'ETag': 'W/"482-gmLri5c+UxIiy7kXKX1oX6Wfqf0"', 'Vary': 'Accept-Encoding', 'Content-Encoding': 'gzip', 'CF-Cache-Status': 'DYNAMIC', 'Report-To': '{"endpoints":[{"url":"https:\\/\\/a.nel.cloudflare.com\\/report\\/v4?s=qSj0qINUBd6NnibwYJoUQasr0e0Z8g0Sun0xbMVZESEoe0juWl%2BhT8y2BvfLLlBkNgBehqNrjQ40UAQImwNeagyF7G5ZkCLcEyp5puH7%2BhsR3fXDkAltcvqQnSPnBIEr"}],"group":"cf-nel","max_age":604800}', 'NEL': '{"success_fraction":0,"report_to":"cf-nel","max_age":604800}', 'Server': 'cloudflare', 'CF-RAY': '86b054d36f4159f2-IAD', 'alt-svc': 'h3=":443"; ma=86400'} 
 body={"results":[{"gender":"male","name":{"title":"Mr","first":"Usman","last":"Eskes"},"location":{"street":{"number":1198,"name":"Briljantdrift"},"city":"Waarder","state":"Groningen","country":"Netherlands","postcode":"8944 SG","coordinates":{"latitude":"36.0990","longitude":"-25.3489"},"timezone":{"offset":"-11:00","description":"Midway Island, Samoa"}},"email":"usman.eskes@example.com","login":{"uuid":"e3013e5a-ce91-4982-8963-675e3fd6f31a","username":"happyduck466","password":"mistress","salt":"V3JeJIjX","md5":"fac1fb0f59d2130d25408949d0f11294","sha1":"2716321866d4883f187e79684845333ff7997d3c","sha256":"5fcb194eb55b0daa4a6cfa4ceb9e2da17b45e4d07f2c467f49358a6cef4e3b83"},"dob":{"date":"1969-12-23T07:57:28.626Z","age":54},"registered":{"date":"2008-09-05T10:37:24.584Z","age":15},"phone":"(0122) 566551","cell":"(06) 77450053","id":{"name":"BSN","value":"92965279"},"picture":{"large":"https://randomuser.me/api/portraits/men/92.jpg","medium":"https://randomuser.me/api/portraits/med/men/92.jpg","thumbnail":"https://randomuser.me/api/portraits/thumb/men/92.jpg"},"nat":"NL"}],"info":{"seed":"1beb592c2b87ced1","results":1,"page":1,"version":"1.4"}} 
 </msg>
<msg time="2024-03-27T15:14:39.346929" level="INFO">/opt/hostedtoolcache/Python/3.12.2/x64/lib/python3.12/site-packages/urllib3/connectionpool.py:1103: InsecureRequestWarning: Unverified HTTPS request is being made to host 'randomuser.me'. Adding certificate verification is strongly advised. See: https://urllib3.readthedocs.io/en/latest/advanced-usage.html#tls-warnings
  warnings.warn(</msg>
<msg time="2024-03-27T15:14:39.347084" level="INFO">${response} = &lt;Response [200]&gt;</msg>
<var>${response}</var>
<arg>consultarAPI</arg>
<arg>/api</arg>
<doc>Sends a GET request on a previously created HTTP Session.</doc>
<status status="PASS" start="2024-03-27T15:14:39.261453" elapsed="0.085675"/>
</kw>
<kw name="Set Variable" owner="BuiltIn">
<msg time="2024-03-27T15:14:39.348440" level="INFO">${json_data} = {'results': [{'gender': 'male', 'name': {'title': 'Mr', 'first': 'Usman', 'last': 'Eskes'}, 'location': {'street': {'number': 1198, 'name': 'Briljantdrift'}, 'city': 'Waarder', 'state': 'Groningen', '...</msg>
<var>${json_data}</var>
<arg>${response.json()}</arg>
<doc>Returns the given values which can then be assigned to a variables.</doc>
<status status="PASS" start="2024-03-27T15:14:39.347832" elapsed="0.000639"/>
</kw>
<kw name="Set Variable" owner="BuiltIn">
<msg time="2024-03-27T15:14:39.349333" level="INFO">${name_title} = Mr</msg>
<var>${name_title}</var>
<arg>${json_data["results"][0]["name"]["title"]}</arg>
<doc>Returns the given values which can then be assigned to a variables.</doc>
<status status="PASS" start="2024-03-27T15:14:39.348882" elapsed="0.000477"/>
</kw>
<kw name="Create List" owner="BuiltIn">
<msg time="2024-03-27T15:14:39.349896" level="INFO">${allowed_titles} = ['Mr', 'Ms', 'Miss', 'Mrs', 'Madame', 'Monsieur']</msg>
<var>${allowed_titles}</var>
<arg>Mr</arg>
<arg>Ms</arg>
<arg>Miss</arg>
<arg>Mrs</arg>
<arg>Madame</arg>
<arg>Monsieur</arg>
<doc>Returns a list containing given items.</doc>
<status status="PASS" start="2024-03-27T15:14:39.349725" elapsed="0.000197"/>
</kw>
<kw name="List Should Contain Value" owner="Collections">
<msg time="2024-03-27T15:14:39.350463" level="INFO">False</msg>
<arg>${allowed_titles}</arg>
<arg>${name_title}</arg>
<doc>Fails if the ``value`` is not found from ``list``.</doc>
<status status="PASS" start="2024-03-27T15:14:39.350265" elapsed="0.000238"/>
</kw>
<kw name="Set Variable" owner="BuiltIn">
<msg time="2024-03-27T15:14:39.351266" level="INFO">${name_country} = NL</msg>
<var>${name_country}</var>
<arg>${json_data["results"][0]["nat"]}</arg>
<doc>Returns the given values which can then be assigned to a variables.</doc>
<status status="PASS" start="2024-03-27T15:14:39.350819" elapsed="0.000473"/>
</kw>
<kw name="Create List" owner="BuiltIn">
<msg time="2024-03-27T15:14:39.352232" level="INFO">${list_country} = ['AD', 'AE', 'AF', 'AG', 'AI', 'AL', 'AM', 'AO', 'AQ', 'AR', 'AS', 'AT', 'AU', 'AW', 'AX', 'AZ', 'BA', 'BB', 'BD', 'BE', 'BF', 'BG', 'BH', 'BI', 'BJ', 'BL', 'BM', 'BN', 'BO', 'BQ', 'BR', 'BS', 'BT', '...</msg>
<var>${list_country}</var>
<arg>AD</arg>
<arg>AE</arg>
<arg>AF</arg>
<arg>AG</arg>
<arg>AI</arg>
<arg>AL</arg>
<arg>AM</arg>
<arg>AO</arg>
<arg>AQ</arg>
<arg>AR</arg>
<arg>AS</arg>
<arg>AT</arg>
<arg>AU</arg>
<arg>AW</arg>
<arg>AX</arg>
<arg>AZ</arg>
<arg>BA</arg>
<arg>BB</arg>
<arg>BD</arg>
<arg>BE</arg>
<arg>BF</arg>
<arg>BG</arg>
<arg>BH</arg>
<arg>BI</arg>
<arg>BJ</arg>
<arg>BL</arg>
<arg>BM</arg>
<arg>BN</arg>
<arg>BO</arg>
<arg>BQ</arg>
<arg>BR</arg>
<arg>BS</arg>
<arg>BT</arg>
<arg>BV</arg>
<arg>BW</arg>
<arg>BY</arg>
<arg>BZ</arg>
<arg>CA</arg>
<arg>CC</arg>
<arg>CD</arg>
<arg>CF</arg>
<arg>CG</arg>
<arg>CH</arg>
<arg>CI</arg>
<arg>CK</arg>
<arg>CL</arg>
<arg>CM</arg>
<arg>CN</arg>
<arg>CO</arg>
<arg>CR</arg>
<arg>CU</arg>
<arg>CV</arg>
<arg>CW</arg>
<arg>CX</arg>
<arg>CY</arg>
<arg>CZ</arg>
<arg>DE</arg>
<arg>DJ</arg>
<arg>DK</arg>
<arg>DM</arg>
<arg>DO</arg>
<arg>DZ</arg>
<arg>EC</arg>
<arg>EE</arg>
<arg>EG</arg>
<arg>EH</arg>
<arg>ER</arg>
<arg>ES</arg>
<arg>ET</arg>
<arg>FI</arg>
<arg>FJ</arg>
<arg>FK</arg>
<arg>FM</arg>
<arg>FO</arg>
<arg>FR</arg>
<arg>GA</arg>
<arg>GB</arg>
<arg>GD</arg>
<arg>GE</arg>
<arg>GF</arg>
<arg>GG</arg>
<arg>GH</arg>
<arg>GI</arg>
<arg>GL</arg>
<arg>GM</arg>
<arg>GN</arg>
<arg>GP</arg>
<arg>GQ</arg>
<arg>GR</arg>
<arg>GS</arg>
<arg>GT</arg>
<arg>GU</arg>
<arg>GW</arg>
<arg>GY</arg>
<arg>HK</arg>
<arg>HM</arg>
<arg>HN</arg>
<arg>HR</arg>
<arg>HT</arg>
<arg>HU</arg>
<arg>ID</arg>
<arg>IE</arg>
<arg>IL</arg>
<arg>IM</arg>
<arg>IN</arg>
<arg>IO</arg>
<arg>IQ</arg>
<arg>IR</arg>
<arg>IS</arg>
<arg>IT</arg>
<arg>JE</arg>
<arg>JM</arg>
<arg>JO</arg>
<arg>JP</arg>
<arg>KE</arg>
<arg>KG</arg>
<arg>KH</arg>
<arg>KI</arg>
<arg>KM</arg>
<arg>KN</arg>
<arg>KP</arg>
<arg>KR</arg>
<arg>KW</arg>
<arg>KY</arg>
<arg>KZ</arg>
<arg>LA</arg>
<arg>LB</arg>
<arg>LC</arg>
<arg>LI</arg>
<arg>LK</arg>
<arg>LR</arg>
<arg>LS</arg>
<arg>LT</arg>
<arg>LU</arg>
<arg>LV</arg>
<arg>LY</arg>
<arg>MA</arg>
<arg>MC</arg>
<arg>MD</arg>
<arg>ME</arg>
<arg>MF</arg>
<arg>MG</arg>
<arg>MH</arg>
<arg>MK</arg>
<arg>ML</arg>
<arg>MM</arg>
<arg>MN</arg>
<arg>MO</arg>
<arg>MP</arg>
<arg>MQ</arg>
<arg>MR</arg>
<arg>MS</arg>
<arg>MT</arg>
<arg>MU</arg>
<arg>MV</arg>
<arg>MW</arg>
<arg>MX</arg>
<arg>MY</arg>
<arg>MZ</arg>
<arg>NA</arg>
<arg>NC</arg>
<arg>NE</arg>
<arg>NF</arg>
<arg>NG</arg>
<arg>NI</arg>
<arg>NL</arg>
<arg>NO</arg>
<arg>NP</arg>
<arg>NR</arg>
<arg>NU</arg>
<arg>NZ</arg>
<arg>OM</arg>
<arg>PA</arg>
<arg>PE</arg>
<arg>PF</arg>
<arg>PG</arg>
<arg>PH</arg>
<arg>PK</arg>
<arg>PL</arg>
<arg>PM</arg>
<arg>PN</arg>
<arg>PR</arg>
<arg>PS</arg>
<arg>PT</arg>
<arg>PW</arg>
<arg>PY</arg>
<arg>QA</arg>
<arg>RE</arg>
<arg>RO</arg>
<arg>RS</arg>
<arg>RU</arg>
<arg>RW</arg>
<arg>SA</arg>
<arg>SB</arg>
<arg>SC</arg>
<arg>SD</arg>
<arg>SE</arg>
<arg>SG</arg>
<arg>SH</arg>
<arg>SI</arg>
<arg>SJ</arg>
<arg>SK</arg>
<arg>SL</arg>
<arg>SM</arg>
<arg>SN</arg>
<arg>SO</arg>
<arg>SR</arg>
<arg>SS</arg>
<arg>ST</arg>
<arg>SV</arg>
<arg>SX</arg>
<arg>SY</arg>
<arg>SZ</arg>
<arg>TC</arg>
<arg>TD</arg>
<arg>TF</arg>
<arg>TG</arg>
<arg>TH</arg>
<arg>TJ</arg>
<arg>TK</arg>
<arg>TL</arg>
<arg>TM</arg>
<arg>TN</arg>
<arg>TO</arg>
<arg>TR</arg>
<arg>TT</arg>
<arg>TV</arg>
<arg>TW</arg>
<arg>TZ</arg>
<arg>UA</arg>
<arg>UG</arg>
<arg>UM</arg>
<arg>US</arg>
<arg>UY</arg>
<arg>UZ</arg>
<arg>VA</arg>
<arg>VC</arg>
<arg>VE</arg>
<arg>VG</arg>
<arg>VI</arg>
<arg>VN</arg>
<arg>VU</arg>
<arg>WF</arg>
<arg>WS</arg>
<arg>XK</arg>
<arg>YE</arg>
<arg>YT</arg>
<arg>ZA</arg>
<arg>ZM</arg>
<arg>ZW</arg>
<doc>Returns a list containing given items.</doc>
<status status="PASS" start="2024-03-27T15:14:39.351623" elapsed="0.000636"/>
</kw>
<kw name="List Should Contain Value" owner="Collections">
<msg time="2024-03-27T15:14:39.353430" level="INFO">False</msg>
<arg>${list_country}</arg>
<arg>${name_country}</arg>
<doc>Fails if the ``value`` is not found from ``list``.</doc>
<status status="PASS" start="2024-03-27T15:14:39.353212" elapsed="0.000258"/>
</kw>
<kw name="Run Keyword If" owner="BuiltIn">
<kw name="Should Be True" owner="BuiltIn">
<arg>${True}</arg>
<doc>Fails if the given condition is not true.</doc>
<status status="PASS" start="2024-03-27T15:14:39.354584" elapsed="0.000151"/>
</kw>
<arg>${json_data["results"][0]["location"]["coordinates"]["latitude"]} &gt;= -90 and ${json_data["results"][0]["location"]["coordinates"]["latitude"]} &lt;= 90</arg>
<arg>Should Be True</arg>
<arg>${True}</arg>
<doc>Runs the given keyword with the given arguments, if ``condition`` is true.</doc>
<status status="PASS" start="2024-03-27T15:14:39.353795" elapsed="0.001105"/>
</kw>
<kw name="Run Keyword If" owner="BuiltIn">
<kw name="Should Be True" owner="BuiltIn">
<arg>${True}</arg>
<doc>Fails if the given condition is not true.</doc>
<status status="PASS" start="2024-03-27T15:14:39.355858" elapsed="0.000150"/>
</kw>
<arg>${json_data["results"][0]["location"]["coordinates"]["longitude"]} &gt;= -180 and ${json_data["results"][0]["location"]["coordinates"]["longitude"]} &lt;= 180</arg>
<arg>Should Be True</arg>
<arg>${True}</arg>
<doc>Runs the given keyword with the given arguments, if ``condition`` is true.</doc>
<status status="PASS" start="2024-03-27T15:14:39.355103" elapsed="0.001038"/>
</kw>
<status status="PASS" start="2024-03-27T15:14:39.261050" elapsed="0.095247"/>
</kw>
<doc>Testa o conteúdo específico dos campos retornados pela API.</doc>
<tag>testeConteudo</tag>
<status status="PASS" start="2024-03-27T15:14:39.260328" elapsed="0.096136"/>
</test>
<status status="PASS" start="2024-03-27T15:14:38.554275" elapsed="0.804223"/>
</suite>
<status status="PASS" start="2024-03-27T15:14:38.540195" elapsed="0.823938"/>
</suite>
<statistics>
<total>
<stat pass="5" fail="0" skip="0">All Tests</stat>
</total>
<tag>
<stat pass="1" fail="0" skip="0">testeConteudo</stat>
<stat pass="1" fail="0" skip="0">testeEstruturaResposta</stat>
<stat pass="1" fail="0" skip="0">testeRequisicaoBasica</stat>
<stat pass="1" fail="0" skip="0">testeTiposDados</stat>
</tag>
<suite>
<stat pass="5" fail="0" skip="0" id="s1" name="Tests">Tests</stat>
<stat pass="5" fail="0" skip="0" id="s1-s1" name="Random-User-Test">Tests.Random-User-Test</stat>
</suite>
</statistics>
<errors>
</errors>
</robot>
