<?xml version="1.0" encoding="UTF-8"?>
<robot generator="Robot 7.0 (Python 3.12.2 on linux)" generated="2024-04-09T12:25:44.639702" rpa="false" schemaversion="5">
<suite id="s1" name="Tests" source="/home/runner/work/DesafioQAItauRogerioJordao/DesafioQAItauRogerioJordao/RamdonUser/tests">
<suite id="s1-s1" name="Random-User-Test" source="/home/runner/work/DesafioQAItauRogerioJordao/DesafioQAItauRogerioJordao/RamdonUser/tests/random-user-test.robot">
<test id="s1-s1-t1" name="Conectar" line="13">
<kw name="Conectar API" owner="random-user-service">
<kw name="Create Session" owner="RequestsLibrary">
<msg time="2024-04-09T12:25:44.998942" level="INFO">Creating Session using : alias=consultarAPI, url=https://randomuser.me/, headers={},                     cookies={}, auth=None, timeout=None, proxies=None, verify=False,                     debug=0 </msg>
<arg>consultarAPI</arg>
<arg>${URL}</arg>
<doc>Create Session: create a HTTP session to a server</doc>
<status status="PASS" start="2024-04-09T12:25:44.998731" elapsed="0.000402"/>
</kw>
<status status="PASS" start="2024-04-09T12:25:44.997600" elapsed="0.001937"/>
</kw>
<status status="PASS" start="2024-04-09T12:25:44.996938" elapsed="0.002804"/>
</test>
<test id="s1-s1-t2" name="Validar retorno 200 e JSON Válido" line="16">
<kw name="Teste de Requisicao Basica" owner="random-user-service">
<kw name="GET On Session" owner="RequestsLibrary">
<msg time="2024-04-09T12:25:45.393244" level="INFO">GET Request : url=https://randomuser.me/api 
 path_url=/api 
 headers={'User-Agent': 'python-requests/2.31.0', 'Accept-Encoding': 'gzip, deflate', 'Accept': '*/*', 'Connection': 'keep-alive'} 
 body=None 
 </msg>
<msg time="2024-04-09T12:25:45.393392" level="INFO">GET Response : url=https://randomuser.me/api 
 status=200, reason=OK 
 headers={'Date': 'Tue, 09 Apr 2024 12:25:45 GMT', 'Content-Type': 'application/json; charset=utf-8', 'Transfer-Encoding': 'chunked', 'Connection': 'keep-alive', 'X-Powered-By': 'Express', 'Access-Control-Allow-Origin': '*', 'Cache-Control': 'no-cache', 'ETag': 'W/"47d-UaYSlRPrSLLjb/YgV7KMdVvMy5k"', 'Vary': 'Accept-Encoding', 'Content-Encoding': 'gzip', 'CF-Cache-Status': 'DYNAMIC', 'Report-To': '{"endpoints":[{"url":"https:\\/\\/a.nel.cloudflare.com\\/report\\/v4?s=7InM%2BG4wSi%2F5cQTvNapSNpB0lTnCpUv2a8euqCCkD5iZRPKs3OZ4%2BIvsC%2Fhbd0XwhUYXqJ%2BzNVJBauiCkSulKrcx4NiG4VsUMpisVySK4CdnDS2zN7LG1UbEyxiktmof"}],"group":"cf-nel","max_age":604800}', 'NEL': '{"success_fraction":0,"report_to":"cf-nel","max_age":604800}', 'Server': 'cloudflare', 'CF-RAY': '871a7b4929f98263-IAD', 'alt-svc': 'h3=":443"; ma=86400'} 
 body={"results":[{"gender":"male","name":{"title":"Mr","first":"Oliver","last":"Taylor"},"location":{"street":{"number":5770,"name":"Wellington St"},"city":"Aylmer","state":"Alberta","country":"Canada","postcode":"A5Y 8L8","coordinates":{"latitude":"-66.9423","longitude":"-55.9869"},"timezone":{"offset":"-3:30","description":"Newfoundland"}},"email":"oliver.taylor@example.com","login":{"uuid":"be59f009-3503-4bd8-b303-ff472ce8d8fd","username":"beautifulelephant967","password":"chuckles","salt":"mwboTZGp","md5":"f9e1e25c28a739447c1697beeeeec37a","sha1":"29c7ae9ed6b13e42611fbffbdefd4f40c6eb734b","sha256":"19ece4c885a7f12dc62d3cdbe4ffde319bc1c33da53ef4b75db50b0c3ecc3d42"},"dob":{"date":"1999-03-03T23:37:55.130Z","age":25},"registered":{"date":"2008-05-29T22:38:00.672Z","age":15},"phone":"D79 N85-9882","cell":"D48 J90-0828","id":{"name":"SIN","value":"620389726"},"picture":{"large":"https://randomuser.me/api/portraits/men/44.jpg","medium":"https://randomuser.me/api/portraits/med/men/44.jpg","thumbnail":"https://randomuser.me/api/portraits/thumb/men/44.jpg"},"nat":"CA"}],"info":{"seed":"0b200aebb107fb24","results":1,"page":1,"version":"1.4"}} 
 </msg>
<msg time="2024-04-09T12:25:45.393473" level="INFO">/opt/hostedtoolcache/Python/3.12.2/x64/lib/python3.12/site-packages/urllib3/connectionpool.py:1103: InsecureRequestWarning: Unverified HTTPS request is being made to host 'randomuser.me'. Adding certificate verification is strongly advised. See: https://urllib3.readthedocs.io/en/latest/advanced-usage.html#tls-warnings
  warnings.warn(</msg>
<msg time="2024-04-09T12:25:45.393643" level="INFO">${response} = &lt;Response [200]&gt;</msg>
<var>${response}</var>
<arg>consultarAPI</arg>
<arg>/api</arg>
<doc>Sends a GET request on a previously created HTTP Session.</doc>
<status status="PASS" start="2024-04-09T12:25:45.002389" elapsed="0.391297"/>
</kw>
<kw name="Should Be Equal As Numbers" owner="BuiltIn">
<msg time="2024-04-09T12:25:45.394697" level="INFO">Argument types are:
&lt;class 'int'&gt;
&lt;class 'str'&gt;</msg>
<arg>${response.status_code}</arg>
<arg>200</arg>
<doc>Fails if objects are unequal after converting them to real numbers.</doc>
<status status="PASS" start="2024-04-09T12:25:45.394233" elapsed="0.000528"/>
</kw>
<kw name="Log" owner="BuiltIn">
<msg time="2024-04-09T12:25:45.395522" level="INFO">200</msg>
<arg>${response.status_code}</arg>
<doc>Logs the given message with the given level.</doc>
<status status="PASS" start="2024-04-09T12:25:45.395095" elapsed="0.000479"/>
</kw>
<kw name="Set Variable" owner="BuiltIn">
<msg time="2024-04-09T12:25:45.396330" level="INFO">${json_data} = {'results': [{'gender': 'male', 'name': {'title': 'Mr', 'first': 'Oliver', 'last': 'Taylor'}, 'location': {'street': {'number': 5770, 'name': 'Wellington St'}, 'city': 'Aylmer', 'state': 'Alberta', 'c...</msg>
<var>${json_data}</var>
<arg>${response.json()}</arg>
<doc>Returns the given values which can then be assigned to a variables.</doc>
<status status="PASS" start="2024-04-09T12:25:45.395891" elapsed="0.000466"/>
</kw>
<kw name="Dictionary Should Contain Key" owner="Collections">
<msg time="2024-04-09T12:25:45.396828" level="INFO">False</msg>
<arg>${json_data}</arg>
<arg>results</arg>
<doc>Fails if ``key`` is not found from ``dictionary``.</doc>
<status status="PASS" start="2024-04-09T12:25:45.396660" elapsed="0.000208"/>
</kw>
<status status="PASS" start="2024-04-09T12:25:45.002135" elapsed="0.394994"/>
</kw>
<doc>Testa se a API responde corretamente e retorna um objeto JSON válido.</doc>
<tag>testeRequisicaoBasica</tag>
<status status="PASS" start="2024-04-09T12:25:45.001601" elapsed="0.395723"/>
</test>
<test id="s1-s1-t3" name="Validar estrutura de resposta" line="22">
<kw name="Teste de Estrutura de Resposta" owner="random-user-service">
<kw name="GET On Session" owner="RequestsLibrary">
<msg time="2024-04-09T12:25:45.451166" level="INFO">GET Request : url=https://randomuser.me/api 
 path_url=/api 
 headers={'User-Agent': 'python-requests/2.31.0', 'Accept-Encoding': 'gzip, deflate', 'Accept': '*/*', 'Connection': 'keep-alive'} 
 body=None 
 </msg>
<msg time="2024-04-09T12:25:45.451279" level="INFO">GET Response : url=https://randomuser.me/api 
 status=200, reason=OK 
 headers={'Date': 'Tue, 09 Apr 2024 12:25:45 GMT', 'Content-Type': 'application/json; charset=utf-8', 'Transfer-Encoding': 'chunked', 'Connection': 'keep-alive', 'X-Powered-By': 'Express', 'Access-Control-Allow-Origin': '*', 'Cache-Control': 'no-cache', 'ETag': 'W/"490-gKxu5NujEnNlINR3WPVnwnnky6c"', 'Vary': 'Accept-Encoding', 'Content-Encoding': 'gzip', 'CF-Cache-Status': 'DYNAMIC', 'Report-To': '{"endpoints":[{"url":"https:\\/\\/a.nel.cloudflare.com\\/report\\/v4?s=W6oLw7W5cCpozcxmoIir2UBbAmG1mhTpqjXP0cMpJVv7%2F6lj%2BHZY2Sx%2F33kois3eljkAKmGM13btKBlEVAv4Fp2KOy6udJ%2FesZzTJ%2BAUQTzAXKPNZnPL9NgKhSiJ1LPS"}],"group":"cf-nel","max_age":604800}', 'NEL': '{"success_fraction":0,"report_to":"cf-nel","max_age":604800}', 'Server': 'cloudflare', 'CF-RAY': '871a7b4acbda8263-IAD', 'alt-svc': 'h3=":443"; ma=86400'} 
 body={"results":[{"gender":"female","name":{"title":"Mrs","first":"Wendy","last":"Mcdonalid"},"location":{"street":{"number":4594,"name":"Blossom Hill Rd"},"city":"Mildura","state":"Western Australia","country":"Australia","postcode":8517,"coordinates":{"latitude":"-86.1332","longitude":"125.1578"},"timezone":{"offset":"+9:30","description":"Adelaide, Darwin"}},"email":"wendy.mcdonalid@example.com","login":{"uuid":"f96e709f-524d-4a75-b4c1-8f20ddca91ee","username":"bigleopard960","password":"seabee","salt":"it2PDtnp","md5":"9344dce6c4866f0d0de498d7dd8f4679","sha1":"894bfe9ae1b559f1cd67b56030e128f92bc17ecf","sha256":"42b6e543d8ec0308c9eb481102489ba8d964b93bf44995b6393e16274d2cbd25"},"dob":{"date":"1953-10-10T14:26:28.524Z","age":70},"registered":{"date":"2002-09-27T23:27:21.215Z","age":21},"phone":"08-7650-9954","cell":"0422-693-643","id":{"name":"TFN","value":"613666349"},"picture":{"large":"https://randomuser.me/api/portraits/women/82.jpg","medium":"https://randomuser.me/api/portraits/med/women/82.jpg","thumbnail":"https://randomuser.me/api/portraits/thumb/women/82.jpg"},"nat":"AU"}],"info":{"seed":"5a444ccde467a91d","results":1,"page":1,"version":"1.4"}} 
 </msg>
<msg time="2024-04-09T12:25:45.451389" level="INFO">/opt/hostedtoolcache/Python/3.12.2/x64/lib/python3.12/site-packages/urllib3/connectionpool.py:1103: InsecureRequestWarning: Unverified HTTPS request is being made to host 'randomuser.me'. Adding certificate verification is strongly advised. See: https://urllib3.readthedocs.io/en/latest/advanced-usage.html#tls-warnings
  warnings.warn(</msg>
<msg time="2024-04-09T12:25:45.451485" level="INFO">${response} = &lt;Response [200]&gt;</msg>
<var>${response}</var>
<arg>consultarAPI</arg>
<arg>/api</arg>
<doc>Sends a GET request on a previously created HTTP Session.</doc>
<status status="PASS" start="2024-04-09T12:25:45.400142" elapsed="0.051384"/>
</kw>
<kw name="Set Variable" owner="BuiltIn">
<msg time="2024-04-09T12:25:45.452557" level="INFO">${json_data} = {'results': [{'gender': 'female', 'name': {'title': 'Mrs', 'first': 'Wendy', 'last': 'Mcdonalid'}, 'location': {'street': {'number': 4594, 'name': 'Blossom Hill Rd'}, 'city': 'Mildura', 'state': 'West...</msg>
<var>${json_data}</var>
<arg>${response.json()}</arg>
<doc>Returns the given values which can then be assigned to a variables.</doc>
<status status="PASS" start="2024-04-09T12:25:45.452005" elapsed="0.000581"/>
</kw>
<kw name="Log" owner="BuiltIn">
<msg time="2024-04-09T12:25:45.453058" level="INFO">{'results': [{'gender': 'female', 'name': {'title': 'Mrs', 'first': 'Wendy', 'last': 'Mcdonalid'}, 'location': {'street': {'number': 4594, 'name': 'Blossom Hill Rd'}, 'city': 'Mildura', 'state': 'Western Australia', 'country': 'Australia', 'postcode': 8517, 'coordinates': {'latitude': '-86.1332', 'longitude': '125.1578'}, 'timezone': {'offset': '+9:30', 'description': 'Adelaide, Darwin'}}, 'email': 'wendy.mcdonalid@example.com', 'login': {'uuid': 'f96e709f-524d-4a75-b4c1-8f20ddca91ee', 'username': 'bigleopard960', 'password': 'seabee', 'salt': 'it2PDtnp', 'md5': '9344dce6c4866f0d0de498d7dd8f4679', 'sha1': '894bfe9ae1b559f1cd67b56030e128f92bc17ecf', 'sha256': '42b6e543d8ec0308c9eb481102489ba8d964b93bf44995b6393e16274d2cbd25'}, 'dob': {'date': '1953-10-10T14:26:28.524Z', 'age': 70}, 'registered': {'date': '2002-09-27T23:27:21.215Z', 'age': 21}, 'phone': '08-7650-9954', 'cell': '0422-693-643', 'id': {'name': 'TFN', 'value': '613666349'}, 'picture': {'large': 'https://randomuser.me/api/portraits/women/82.jpg', 'medium': 'https://randomuser.me/api/portraits/med/women/82.jpg', 'thumbnail': 'https://randomuser.me/api/portraits/thumb/women/82.jpg'}, 'nat': 'AU'}], 'info': {'seed': '5a444ccde467a91d', 'results': 1, 'page': 1, 'version': '1.4'}}</msg>
<arg>${json_data}</arg>
<doc>Logs the given message with the given level.</doc>
<status status="PASS" start="2024-04-09T12:25:45.452900" elapsed="0.000205"/>
</kw>
<kw name="Dictionary Should Contain Key" owner="Collections">
<msg time="2024-04-09T12:25:45.453554" level="INFO">False</msg>
<arg>${json_data}</arg>
<arg>results</arg>
<doc>Fails if ``key`` is not found from ``dictionary``.</doc>
<status status="PASS" start="2024-04-09T12:25:45.453402" elapsed="0.000189"/>
</kw>
<kw name="Should Not Be Empty" owner="BuiltIn">
<msg time="2024-04-09T12:25:45.454016" level="INFO">Length is 2.</msg>
<arg>${json_data}</arg>
<doc>Verifies that the given item is not empty.</doc>
<status status="PASS" start="2024-04-09T12:25:45.453884" elapsed="0.000170"/>
</kw>
<kw name="Create List" owner="BuiltIn">
<msg time="2024-04-09T12:25:45.454487" level="INFO">${expected_keys} = ['gender', 'name', 'location', 'email', 'login']</msg>
<var>${expected_keys}</var>
<arg>gender</arg>
<arg>name</arg>
<arg>location</arg>
<arg>email</arg>
<arg>login</arg>
<doc>Returns a list containing given items.</doc>
<status status="PASS" start="2024-04-09T12:25:45.454340" elapsed="0.000170"/>
</kw>
<for flavor="IN">
<iter>
<kw name="Dictionary Should Contain Key" owner="Collections">
<msg time="2024-04-09T12:25:45.455519" level="INFO">False</msg>
<arg>${json_data['results'][0]}</arg>
<arg>${key}</arg>
<doc>Fails if ``key`` is not found from ``dictionary``.</doc>
<status status="PASS" start="2024-04-09T12:25:45.455074" elapsed="0.000492"/>
</kw>
<kw name="Log" owner="BuiltIn">
<msg time="2024-04-09T12:25:45.456237" level="INFO">{'gender': 'female', 'name': {'title': 'Mrs', 'first': 'Wendy', 'last': 'Mcdonalid'}, 'location': {'street': {'number': 4594, 'name': 'Blossom Hill Rd'}, 'city': 'Mildura', 'state': 'Western Australia', 'country': 'Australia', 'postcode': 8517, 'coordinates': {'latitude': '-86.1332', 'longitude': '125.1578'}, 'timezone': {'offset': '+9:30', 'description': 'Adelaide, Darwin'}}, 'email': 'wendy.mcdonalid@example.com', 'login': {'uuid': 'f96e709f-524d-4a75-b4c1-8f20ddca91ee', 'username': 'bigleopard960', 'password': 'seabee', 'salt': 'it2PDtnp', 'md5': '9344dce6c4866f0d0de498d7dd8f4679', 'sha1': '894bfe9ae1b559f1cd67b56030e128f92bc17ecf', 'sha256': '42b6e543d8ec0308c9eb481102489ba8d964b93bf44995b6393e16274d2cbd25'}, 'dob': {'date': '1953-10-10T14:26:28.524Z', 'age': 70}, 'registered': {'date': '2002-09-27T23:27:21.215Z', 'age': 21}, 'phone': '08-7650-9954', 'cell': '0422-693-643', 'id': {'name': 'TFN', 'value': '613666349'}, 'picture': {'large': 'https://randomuser.me/api/portraits/women/82.jpg', 'medium': 'https://randomuser.me/api/portraits/med/women/82.jpg', 'thumbnail': 'https://randomuser.me/api/portraits/thumb/women/82.jpg'}, 'nat': 'AU'}</msg>
<arg>${json_data['results'][0]}</arg>
<doc>Logs the given message with the given level.</doc>
<status status="PASS" start="2024-04-09T12:25:45.455877" elapsed="0.000414"/>
</kw>
<kw name="Log" owner="BuiltIn">
<msg time="2024-04-09T12:25:45.456751" level="INFO">gender</msg>
<arg>${key}</arg>
<doc>Logs the given message with the given level.</doc>
<status status="PASS" start="2024-04-09T12:25:45.456618" elapsed="0.000172"/>
</kw>
<var name="${key}">gender</var>
<status status="PASS" start="2024-04-09T12:25:45.454951" elapsed="0.002059"/>
</iter>
<iter>
<kw name="Dictionary Should Contain Key" owner="Collections">
<msg time="2024-04-09T12:25:45.457695" level="INFO">False</msg>
<arg>${json_data['results'][0]}</arg>
<arg>${key}</arg>
<doc>Fails if ``key`` is not found from ``dictionary``.</doc>
<status status="PASS" start="2024-04-09T12:25:45.457312" elapsed="0.000420"/>
</kw>
<kw name="Log" owner="BuiltIn">
<msg time="2024-04-09T12:25:45.458418" level="INFO">{'gender': 'female', 'name': {'title': 'Mrs', 'first': 'Wendy', 'last': 'Mcdonalid'}, 'location': {'street': {'number': 4594, 'name': 'Blossom Hill Rd'}, 'city': 'Mildura', 'state': 'Western Australia', 'country': 'Australia', 'postcode': 8517, 'coordinates': {'latitude': '-86.1332', 'longitude': '125.1578'}, 'timezone': {'offset': '+9:30', 'description': 'Adelaide, Darwin'}}, 'email': 'wendy.mcdonalid@example.com', 'login': {'uuid': 'f96e709f-524d-4a75-b4c1-8f20ddca91ee', 'username': 'bigleopard960', 'password': 'seabee', 'salt': 'it2PDtnp', 'md5': '9344dce6c4866f0d0de498d7dd8f4679', 'sha1': '894bfe9ae1b559f1cd67b56030e128f92bc17ecf', 'sha256': '42b6e543d8ec0308c9eb481102489ba8d964b93bf44995b6393e16274d2cbd25'}, 'dob': {'date': '1953-10-10T14:26:28.524Z', 'age': 70}, 'registered': {'date': '2002-09-27T23:27:21.215Z', 'age': 21}, 'phone': '08-7650-9954', 'cell': '0422-693-643', 'id': {'name': 'TFN', 'value': '613666349'}, 'picture': {'large': 'https://randomuser.me/api/portraits/women/82.jpg', 'medium': 'https://randomuser.me/api/portraits/med/women/82.jpg', 'thumbnail': 'https://randomuser.me/api/portraits/thumb/women/82.jpg'}, 'nat': 'AU'}</msg>
<arg>${json_data['results'][0]}</arg>
<doc>Logs the given message with the given level.</doc>
<status status="PASS" start="2024-04-09T12:25:45.458061" elapsed="0.000404"/>
</kw>
<kw name="Log" owner="BuiltIn">
<msg time="2024-04-09T12:25:45.458904" level="INFO">name</msg>
<arg>${key}</arg>
<doc>Logs the given message with the given level.</doc>
<status status="PASS" start="2024-04-09T12:25:45.458775" elapsed="0.000166"/>
</kw>
<var name="${key}">name</var>
<status status="PASS" start="2024-04-09T12:25:45.457196" elapsed="0.001960"/>
</iter>
<iter>
<kw name="Dictionary Should Contain Key" owner="Collections">
<msg time="2024-04-09T12:25:45.459865" level="INFO">False</msg>
<arg>${json_data['results'][0]}</arg>
<arg>${key}</arg>
<doc>Fails if ``key`` is not found from ``dictionary``.</doc>
<status status="PASS" start="2024-04-09T12:25:45.459480" elapsed="0.000422"/>
</kw>
<kw name="Log" owner="BuiltIn">
<msg time="2024-04-09T12:25:45.460591" level="INFO">{'gender': 'female', 'name': {'title': 'Mrs', 'first': 'Wendy', 'last': 'Mcdonalid'}, 'location': {'street': {'number': 4594, 'name': 'Blossom Hill Rd'}, 'city': 'Mildura', 'state': 'Western Australia', 'country': 'Australia', 'postcode': 8517, 'coordinates': {'latitude': '-86.1332', 'longitude': '125.1578'}, 'timezone': {'offset': '+9:30', 'description': 'Adelaide, Darwin'}}, 'email': 'wendy.mcdonalid@example.com', 'login': {'uuid': 'f96e709f-524d-4a75-b4c1-8f20ddca91ee', 'username': 'bigleopard960', 'password': 'seabee', 'salt': 'it2PDtnp', 'md5': '9344dce6c4866f0d0de498d7dd8f4679', 'sha1': '894bfe9ae1b559f1cd67b56030e128f92bc17ecf', 'sha256': '42b6e543d8ec0308c9eb481102489ba8d964b93bf44995b6393e16274d2cbd25'}, 'dob': {'date': '1953-10-10T14:26:28.524Z', 'age': 70}, 'registered': {'date': '2002-09-27T23:27:21.215Z', 'age': 21}, 'phone': '08-7650-9954', 'cell': '0422-693-643', 'id': {'name': 'TFN', 'value': '613666349'}, 'picture': {'large': 'https://randomuser.me/api/portraits/women/82.jpg', 'medium': 'https://randomuser.me/api/portraits/med/women/82.jpg', 'thumbnail': 'https://randomuser.me/api/portraits/thumb/women/82.jpg'}, 'nat': 'AU'}</msg>
<arg>${json_data['results'][0]}</arg>
<doc>Logs the given message with the given level.</doc>
<status status="PASS" start="2024-04-09T12:25:45.460207" elapsed="0.000436"/>
</kw>
<kw name="Log" owner="BuiltIn">
<msg time="2024-04-09T12:25:45.461090" level="INFO">location</msg>
<arg>${key}</arg>
<doc>Logs the given message with the given level.</doc>
<status status="PASS" start="2024-04-09T12:25:45.460962" elapsed="0.000166"/>
</kw>
<var name="${key}">location</var>
<status status="PASS" start="2024-04-09T12:25:45.459366" elapsed="0.001977"/>
</iter>
<iter>
<kw name="Dictionary Should Contain Key" owner="Collections">
<msg time="2024-04-09T12:25:45.461998" level="INFO">False</msg>
<arg>${json_data['results'][0]}</arg>
<arg>${key}</arg>
<doc>Fails if ``key`` is not found from ``dictionary``.</doc>
<status status="PASS" start="2024-04-09T12:25:45.461626" elapsed="0.000408"/>
</kw>
<kw name="Log" owner="BuiltIn">
<msg time="2024-04-09T12:25:45.462689" level="INFO">{'gender': 'female', 'name': {'title': 'Mrs', 'first': 'Wendy', 'last': 'Mcdonalid'}, 'location': {'street': {'number': 4594, 'name': 'Blossom Hill Rd'}, 'city': 'Mildura', 'state': 'Western Australia', 'country': 'Australia', 'postcode': 8517, 'coordinates': {'latitude': '-86.1332', 'longitude': '125.1578'}, 'timezone': {'offset': '+9:30', 'description': 'Adelaide, Darwin'}}, 'email': 'wendy.mcdonalid@example.com', 'login': {'uuid': 'f96e709f-524d-4a75-b4c1-8f20ddca91ee', 'username': 'bigleopard960', 'password': 'seabee', 'salt': 'it2PDtnp', 'md5': '9344dce6c4866f0d0de498d7dd8f4679', 'sha1': '894bfe9ae1b559f1cd67b56030e128f92bc17ecf', 'sha256': '42b6e543d8ec0308c9eb481102489ba8d964b93bf44995b6393e16274d2cbd25'}, 'dob': {'date': '1953-10-10T14:26:28.524Z', 'age': 70}, 'registered': {'date': '2002-09-27T23:27:21.215Z', 'age': 21}, 'phone': '08-7650-9954', 'cell': '0422-693-643', 'id': {'name': 'TFN', 'value': '613666349'}, 'picture': {'large': 'https://randomuser.me/api/portraits/women/82.jpg', 'medium': 'https://randomuser.me/api/portraits/med/women/82.jpg', 'thumbnail': 'https://randomuser.me/api/portraits/thumb/women/82.jpg'}, 'nat': 'AU'}</msg>
<arg>${json_data['results'][0]}</arg>
<doc>Logs the given message with the given level.</doc>
<status status="PASS" start="2024-04-09T12:25:45.462332" elapsed="0.000404"/>
</kw>
<kw name="Log" owner="BuiltIn">
<msg time="2024-04-09T12:25:45.463159" level="INFO">email</msg>
<arg>${key}</arg>
<doc>Logs the given message with the given level.</doc>
<status status="PASS" start="2024-04-09T12:25:45.463031" elapsed="0.000164"/>
</kw>
<var name="${key}">email</var>
<status status="PASS" start="2024-04-09T12:25:45.461516" elapsed="0.001927"/>
</iter>
<iter>
<kw name="Dictionary Should Contain Key" owner="Collections">
<msg time="2024-04-09T12:25:45.464117" level="INFO">False</msg>
<arg>${json_data['results'][0]}</arg>
<arg>${key}</arg>
<doc>Fails if ``key`` is not found from ``dictionary``.</doc>
<status status="PASS" start="2024-04-09T12:25:45.463731" elapsed="0.000422"/>
</kw>
<kw name="Log" owner="BuiltIn">
<msg time="2024-04-09T12:25:45.464806" level="INFO">{'gender': 'female', 'name': {'title': 'Mrs', 'first': 'Wendy', 'last': 'Mcdonalid'}, 'location': {'street': {'number': 4594, 'name': 'Blossom Hill Rd'}, 'city': 'Mildura', 'state': 'Western Australia', 'country': 'Australia', 'postcode': 8517, 'coordinates': {'latitude': '-86.1332', 'longitude': '125.1578'}, 'timezone': {'offset': '+9:30', 'description': 'Adelaide, Darwin'}}, 'email': 'wendy.mcdonalid@example.com', 'login': {'uuid': 'f96e709f-524d-4a75-b4c1-8f20ddca91ee', 'username': 'bigleopard960', 'password': 'seabee', 'salt': 'it2PDtnp', 'md5': '9344dce6c4866f0d0de498d7dd8f4679', 'sha1': '894bfe9ae1b559f1cd67b56030e128f92bc17ecf', 'sha256': '42b6e543d8ec0308c9eb481102489ba8d964b93bf44995b6393e16274d2cbd25'}, 'dob': {'date': '1953-10-10T14:26:28.524Z', 'age': 70}, 'registered': {'date': '2002-09-27T23:27:21.215Z', 'age': 21}, 'phone': '08-7650-9954', 'cell': '0422-693-643', 'id': {'name': 'TFN', 'value': '613666349'}, 'picture': {'large': 'https://randomuser.me/api/portraits/women/82.jpg', 'medium': 'https://randomuser.me/api/portraits/med/women/82.jpg', 'thumbnail': 'https://randomuser.me/api/portraits/thumb/women/82.jpg'}, 'nat': 'AU'}</msg>
<arg>${json_data['results'][0]}</arg>
<doc>Logs the given message with the given level.</doc>
<status status="PASS" start="2024-04-09T12:25:45.464446" elapsed="0.000407"/>
</kw>
<kw name="Log" owner="BuiltIn">
<msg time="2024-04-09T12:25:45.465273" level="INFO">login</msg>
<arg>${key}</arg>
<doc>Logs the given message with the given level.</doc>
<status status="PASS" start="2024-04-09T12:25:45.465146" elapsed="0.000170"/>
</kw>
<var name="${key}">login</var>
<status status="PASS" start="2024-04-09T12:25:45.463620" elapsed="0.001938"/>
</iter>
<var>${key}</var>
<value>@{expected_keys}</value>
<status status="PASS" start="2024-04-09T12:25:45.454769" elapsed="0.010914"/>
</for>
<kw name="Create List" owner="BuiltIn">
<msg time="2024-04-09T12:25:45.466009" level="INFO">${expected_keysTwo} = ['username', 'password']</msg>
<var>${expected_keysTwo}</var>
<arg>username</arg>
<arg>password</arg>
<doc>Returns a list containing given items.</doc>
<status status="PASS" start="2024-04-09T12:25:45.465871" elapsed="0.000161"/>
</kw>
<for flavor="IN">
<iter>
<kw name="Dictionary Should Contain Key" owner="Collections">
<msg time="2024-04-09T12:25:45.467024" level="INFO">False</msg>
<arg>${json_data['results'][0]['login']}</arg>
<arg>${keyTwo}</arg>
<doc>Fails if ``key`` is not found from ``dictionary``.</doc>
<status status="PASS" start="2024-04-09T12:25:45.466642" elapsed="0.000418"/>
</kw>
<kw name="Dictionary Should Contain Key" owner="Collections">
<msg time="2024-04-09T12:25:45.467777" level="INFO">False</msg>
<arg>${json_data['results'][0]['login']}</arg>
<arg>${keyTwo}</arg>
<doc>Fails if ``key`` is not found from ``dictionary``.</doc>
<status status="PASS" start="2024-04-09T12:25:45.467384" elapsed="0.000430"/>
</kw>
<kw name="Log" owner="BuiltIn">
<msg time="2024-04-09T12:25:45.468235" level="INFO">username</msg>
<arg>${keyTwo}</arg>
<doc>Logs the given message with the given level.</doc>
<status status="PASS" start="2024-04-09T12:25:45.468106" elapsed="0.000166"/>
</kw>
<var name="${keyTwo}">username</var>
<status status="PASS" start="2024-04-09T12:25:45.466521" elapsed="0.001966"/>
</iter>
<iter>
<kw name="Dictionary Should Contain Key" owner="Collections">
<msg time="2024-04-09T12:25:45.469142" level="INFO">False</msg>
<arg>${json_data['results'][0]['login']}</arg>
<arg>${keyTwo}</arg>
<doc>Fails if ``key`` is not found from ``dictionary``.</doc>
<status status="PASS" start="2024-04-09T12:25:45.468769" elapsed="0.000411"/>
</kw>
<kw name="Dictionary Should Contain Key" owner="Collections">
<msg time="2024-04-09T12:25:45.469849" level="INFO">False</msg>
<arg>${json_data['results'][0]['login']}</arg>
<arg>${keyTwo}</arg>
<doc>Fails if ``key`` is not found from ``dictionary``.</doc>
<status status="PASS" start="2024-04-09T12:25:45.469473" elapsed="0.000412"/>
</kw>
<kw name="Log" owner="BuiltIn">
<msg time="2024-04-09T12:25:45.470301" level="INFO">password</msg>
<arg>${keyTwo}</arg>
<doc>Logs the given message with the given level.</doc>
<status status="PASS" start="2024-04-09T12:25:45.470173" elapsed="0.000167"/>
</kw>
<var name="${keyTwo}">password</var>
<status status="PASS" start="2024-04-09T12:25:45.468660" elapsed="0.001896"/>
</iter>
<var>${keyTwo}</var>
<value>@{expected_keysTwo}</value>
<status status="PASS" start="2024-04-09T12:25:45.466270" elapsed="0.004409"/>
</for>
<status status="PASS" start="2024-04-09T12:25:45.399904" elapsed="0.070914"/>
</kw>
<doc>Testa a estrutura da resposta da API.</doc>
<tag>testeEstruturaResposta</tag>
<status status="PASS" start="2024-04-09T12:25:45.399202" elapsed="0.071767"/>
</test>
<test id="s1-s1-t4" name="Validar tipos de dados" line="28">
<kw name="Teste de Tipos de Dados" owner="random-user-service">
<kw name="GET On Session" owner="RequestsLibrary">
<msg time="2024-04-09T12:25:45.549092" level="INFO">GET Request : url=https://randomuser.me/api 
 path_url=/api 
 headers={'User-Agent': 'python-requests/2.31.0', 'Accept-Encoding': 'gzip, deflate', 'Accept': '*/*', 'Connection': 'keep-alive'} 
 body=None 
 </msg>
<msg time="2024-04-09T12:25:45.549189" level="INFO">GET Response : url=https://randomuser.me/api 
 status=200, reason=OK 
 headers={'Date': 'Tue, 09 Apr 2024 12:25:45 GMT', 'Content-Type': 'application/json; charset=utf-8', 'Transfer-Encoding': 'chunked', 'Connection': 'keep-alive', 'X-Powered-By': 'Express', 'Access-Control-Allow-Origin': '*', 'Cache-Control': 'no-cache', 'ETag': 'W/"49c-PGXggUPeDPQA3otfCMW9dC/hcvw"', 'Vary': 'Accept-Encoding', 'Content-Encoding': 'gzip', 'CF-Cache-Status': 'DYNAMIC', 'Report-To': '{"endpoints":[{"url":"https:\\/\\/a.nel.cloudflare.com\\/report\\/v4?s=WpyZ1nu8x9TMvghUoFkgtfx7US4QqincF50sNoZnI3DxlTDZ%2FOkQhbW4cCE6rRZ1C99RAP%2Fe1fCeN96AJ3uNyNLtJmuUuQI0Qqr%2F%2B6et5lazgbJgAn9KA9dQhfrY8cNv"}],"group":"cf-nel","max_age":604800}', 'NEL': '{"success_fraction":0,"report_to":"cf-nel","max_age":604800}', 'Server': 'cloudflare', 'CF-RAY': '871a7b4b3c428263-IAD', 'alt-svc': 'h3=":443"; ma=86400'} 
 body={"results":[{"gender":"male","name":{"title":"Mr","first":"Hector","last":"Alvarez"},"location":{"street":{"number":6248,"name":"Elgin St"},"city":"Roanoke","state":"Connecticut","country":"United States","postcode":58190,"coordinates":{"latitude":"88.3964","longitude":"-135.8683"},"timezone":{"offset":"-5:00","description":"Eastern Time (US &amp; Canada), Bogota, Lima"}},"email":"hector.alvarez@example.com","login":{"uuid":"60494b28-6fc7-43c0-a80c-0fe7cb8a095b","username":"angryrabbit134","password":"lindros","salt":"A9VCoUai","md5":"7cc878004e06e69c754ca87d038bc713","sha1":"506f0b059feef5ba6d31c03fd3509f514fdd6573","sha256":"ad8ce4f5a42bee99c9e72ad01904255624c2e0d2a309668df78dd84f4c05d6d9"},"dob":{"date":"2000-09-18T10:16:32.593Z","age":23},"registered":{"date":"2019-11-30T08:04:56.029Z","age":4},"phone":"(875) 705-3783","cell":"(378) 339-5204","id":{"name":"SSN","value":"829-31-6770"},"picture":{"large":"https://randomuser.me/api/portraits/men/45.jpg","medium":"https://randomuser.me/api/portraits/med/men/45.jpg","thumbnail":"https://randomuser.me/api/portraits/thumb/men/45.jpg"},"nat":"US"}],"info":{"seed":"b67789b052729e7c","results":1,"page":1,"version":"1.4"}} 
 </msg>
<msg time="2024-04-09T12:25:45.549269" level="INFO">/opt/hostedtoolcache/Python/3.12.2/x64/lib/python3.12/site-packages/urllib3/connectionpool.py:1103: InsecureRequestWarning: Unverified HTTPS request is being made to host 'randomuser.me'. Adding certificate verification is strongly advised. See: https://urllib3.readthedocs.io/en/latest/advanced-usage.html#tls-warnings
  warnings.warn(</msg>
<msg time="2024-04-09T12:25:45.549397" level="INFO">${response} = &lt;Response [200]&gt;</msg>
<var>${response}</var>
<arg>consultarAPI</arg>
<arg>/api</arg>
<doc>Sends a GET request on a previously created HTTP Session.</doc>
<status status="PASS" start="2024-04-09T12:25:45.473515" elapsed="0.075931"/>
</kw>
<kw name="Set Variable" owner="BuiltIn">
<msg time="2024-04-09T12:25:45.550583" level="INFO">${json_data} = {'results': [{'gender': 'male', 'name': {'title': 'Mr', 'first': 'Hector', 'last': 'Alvarez'}, 'location': {'street': {'number': 6248, 'name': 'Elgin St'}, 'city': 'Roanoke', 'state': 'Connecticut', '...</msg>
<var>${json_data}</var>
<arg>${response.json()}</arg>
<doc>Returns the given values which can then be assigned to a variables.</doc>
<status status="PASS" start="2024-04-09T12:25:45.550015" elapsed="0.000596"/>
</kw>
<kw name="Log" owner="BuiltIn">
<msg time="2024-04-09T12:25:45.551085" level="INFO">{'results': [{'gender': 'male', 'name': {'title': 'Mr', 'first': 'Hector', 'last': 'Alvarez'}, 'location': {'street': {'number': 6248, 'name': 'Elgin St'}, 'city': 'Roanoke', 'state': 'Connecticut', 'country': 'United States', 'postcode': 58190, 'coordinates': {'latitude': '88.3964', 'longitude': '-135.8683'}, 'timezone': {'offset': '-5:00', 'description': 'Eastern Time (US &amp; Canada), Bogota, Lima'}}, 'email': 'hector.alvarez@example.com', 'login': {'uuid': '60494b28-6fc7-43c0-a80c-0fe7cb8a095b', 'username': 'angryrabbit134', 'password': 'lindros', 'salt': 'A9VCoUai', 'md5': '7cc878004e06e69c754ca87d038bc713', 'sha1': '506f0b059feef5ba6d31c03fd3509f514fdd6573', 'sha256': 'ad8ce4f5a42bee99c9e72ad01904255624c2e0d2a309668df78dd84f4c05d6d9'}, 'dob': {'date': '2000-09-18T10:16:32.593Z', 'age': 23}, 'registered': {'date': '2019-11-30T08:04:56.029Z', 'age': 4}, 'phone': '(875) 705-3783', 'cell': '(378) 339-5204', 'id': {'name': 'SSN', 'value': '829-31-6770'}, 'picture': {'large': 'https://randomuser.me/api/portraits/men/45.jpg', 'medium': 'https://randomuser.me/api/portraits/med/men/45.jpg', 'thumbnail': 'https://randomuser.me/api/portraits/thumb/men/45.jpg'}, 'nat': 'US'}], 'info': {'seed': 'b67789b052729e7c', 'results': 1, 'page': 1, 'version': '1.4'}}</msg>
<arg>${json_data}</arg>
<doc>Logs the given message with the given level.</doc>
<status status="PASS" start="2024-04-09T12:25:45.550924" elapsed="0.000246"/>
</kw>
<kw name="Should Be String" owner="String">
<arg>${json_data['results'][0]['gender']}</arg>
<doc>Fails if the given ``item`` is not a string.</doc>
<status status="PASS" start="2024-04-09T12:25:45.551516" elapsed="0.000377"/>
</kw>
<kw name="Should Match Regexp" owner="BuiltIn">
<arg>${json_data['results'][0]['email']}</arg>
<arg>^[a-zA-Z0-9._%+-]+@[a-zA-Z0-9.-]+\.[a-zA-Z]{2,}$</arg>
<doc>Fails if ``string`` does not match ``pattern`` as a regular expression.</doc>
<status status="PASS" start="2024-04-09T12:25:45.552087" elapsed="0.000510"/>
</kw>
<kw name="Should Match Regexp" owner="BuiltIn">
<arg>${json_data['results'][0]['dob']['date']}</arg>
<arg>\\d{4}-\\d{2}-\\d{2}T\\d{2}:\\d{2}:\\d{2}\\.\\d{3}Z</arg>
<doc>Fails if ``string`` does not match ``pattern`` as a regular expression.</doc>
<status status="PASS" start="2024-04-09T12:25:45.552795" elapsed="0.000493"/>
</kw>
<kw name="Should Match Regexp" owner="BuiltIn">
<arg>${json_data['results'][0]['registered']['date']}</arg>
<arg>\\d{4}-\\d{2}-\\d{2}T\\d{2}:\\d{2}:\\d{2}\\.\\d{3}Z</arg>
<doc>Fails if ``string`` does not match ``pattern`` as a regular expression.</doc>
<status status="PASS" start="2024-04-09T12:25:45.553488" elapsed="0.000370"/>
</kw>
<kw name="Should Match Regexp" owner="BuiltIn">
<arg>${json_data['results'][0]['picture']['large']}</arg>
<arg>^https?://.*\.(?:png|jpe?g|gif|bmp)$</arg>
<doc>Fails if ``string`` does not match ``pattern`` as a regular expression.</doc>
<status status="PASS" start="2024-04-09T12:25:45.554042" elapsed="0.000454"/>
</kw>
<kw name="Should Match Regexp" owner="BuiltIn">
<arg>${json_data['results'][0]['picture']['medium']}</arg>
<arg>^https?://.*\.(?:png|jpe?g|gif|bmp)$</arg>
<doc>Fails if ``string`` does not match ``pattern`` as a regular expression.</doc>
<status status="PASS" start="2024-04-09T12:25:45.554684" elapsed="0.000358"/>
</kw>
<kw name="Should Match Regexp" owner="BuiltIn">
<arg>${json_data['results'][0]['picture']['thumbnail']}</arg>
<arg>^https?://.*\.(?:png|jpe?g|gif|bmp)$</arg>
<doc>Fails if ``string`` does not match ``pattern`` as a regular expression.</doc>
<status status="PASS" start="2024-04-09T12:25:45.555223" elapsed="0.000393"/>
</kw>
<kw name="Log" owner="BuiltIn">
<msg time="2024-04-09T12:25:45.556128" level="INFO">{'large': 'https://randomuser.me/api/portraits/men/45.jpg', 'medium': 'https://randomuser.me/api/portraits/med/men/45.jpg', 'thumbnail': 'https://randomuser.me/api/portraits/thumb/men/45.jpg'}</msg>
<arg>${json_data['results'][0]['picture']}</arg>
<doc>Logs the given message with the given level.</doc>
<status status="PASS" start="2024-04-09T12:25:45.555798" elapsed="0.000372"/>
</kw>
<status status="PASS" start="2024-04-09T12:25:45.473288" elapsed="0.083138"/>
</kw>
<kw name="Teste de Tipos de Dados - Postcode" owner="random-user-service">
<kw name="GET On Session" owner="RequestsLibrary">
<msg time="2024-04-09T12:25:45.638217" level="INFO">GET Request : url=https://randomuser.me/api 
 path_url=/api 
 headers={'User-Agent': 'python-requests/2.31.0', 'Accept-Encoding': 'gzip, deflate', 'Accept': '*/*', 'Connection': 'keep-alive'} 
 body=None 
 </msg>
<msg time="2024-04-09T12:25:45.638315" level="INFO">GET Response : url=https://randomuser.me/api 
 status=200, reason=OK 
 headers={'Date': 'Tue, 09 Apr 2024 12:25:45 GMT', 'Content-Type': 'application/json; charset=utf-8', 'Transfer-Encoding': 'chunked', 'Connection': 'keep-alive', 'X-Powered-By': 'Express', 'Access-Control-Allow-Origin': '*', 'Cache-Control': 'no-cache', 'ETag': 'W/"487-guI82lxCAmVLI2Rkx6ttjCQi/GY"', 'Vary': 'Accept-Encoding', 'Content-Encoding': 'gzip', 'CF-Cache-Status': 'DYNAMIC', 'Report-To': '{"endpoints":[{"url":"https:\\/\\/a.nel.cloudflare.com\\/report\\/v4?s=dIeL0K6jIu4iC7MQ77psAuO600QcuJNtKUogeol%2BTVnGtZPR4fyg3IpGhzFko9D%2FIMcSeiemV1WMG9Urq%2B%2FdzRUJNbMLOdiY%2B12ZPlUsGqecUhDu%2FbcqkSj6FgbdDWsD"}],"group":"cf-nel","max_age":604800}', 'NEL': '{"success_fraction":0,"report_to":"cf-nel","max_age":604800}', 'Server': 'cloudflare', 'CF-RAY': '871a7b4bccdb8263-IAD', 'alt-svc': 'h3=":443"; ma=86400'} 
 body={"results":[{"gender":"male","name":{"title":"Mr","first":"Ricardo","last":"Lübben"},"location":{"street":{"number":6085,"name":"Am Bahnhof"},"city":"Dachau","state":"Bayern","country":"Germany","postcode":61283,"coordinates":{"latitude":"-49.9046","longitude":"-148.5516"},"timezone":{"offset":"-1:00","description":"Azores, Cape Verde Islands"}},"email":"ricardo.lubben@example.com","login":{"uuid":"c8690219-42bd-4afa-996d-14685b580e8a","username":"happyswan171","password":"marathon","salt":"pkSZP0Q2","md5":"ff200ff71179a8d727372fac8e9bbe50","sha1":"0b6a9146ab4b61a7d9f21b9d439cf2d767be454b","sha256":"3cac8320b04e6ec11219bd6063f0724a8fe494e5847a2b05fcb5272473dddf50"},"dob":{"date":"1961-10-31T21:33:47.375Z","age":62},"registered":{"date":"2010-01-02T11:11:21.361Z","age":14},"phone":"0373-5095614","cell":"0178-3879669","id":{"name":"SVNR","value":"44 311061 L 021"},"picture":{"large":"https://randomuser.me/api/portraits/men/50.jpg","medium":"https://randomuser.me/api/portraits/med/men/50.jpg","thumbnail":"https://randomuser.me/api/portraits/thumb/men/50.jpg"},"nat":"DE"}],"info":{"seed":"68b0551a854ee0d6","results":1,"page":1,"version":"1.4"}} 
 </msg>
<msg time="2024-04-09T12:25:45.638406" level="INFO">/opt/hostedtoolcache/Python/3.12.2/x64/lib/python3.12/site-packages/urllib3/connectionpool.py:1103: InsecureRequestWarning: Unverified HTTPS request is being made to host 'randomuser.me'. Adding certificate verification is strongly advised. See: https://urllib3.readthedocs.io/en/latest/advanced-usage.html#tls-warnings
  warnings.warn(</msg>
<msg time="2024-04-09T12:25:45.638530" level="INFO">${response} = &lt;Response [200]&gt;</msg>
<var>${response}</var>
<arg>consultarAPI</arg>
<arg>/api</arg>
<doc>Sends a GET request on a previously created HTTP Session.</doc>
<status status="PASS" start="2024-04-09T12:25:45.556888" elapsed="0.081683"/>
</kw>
<kw name="Set Variable" owner="BuiltIn">
<msg time="2024-04-09T12:25:45.639793" level="INFO">${json_data} = {'results': [{'gender': 'male', 'name': {'title': 'Mr', 'first': 'Ricardo', 'last': 'Lübben'}, 'location': {'street': {'number': 6085, 'name': 'Am Bahnhof'}, 'city': 'Dachau', 'state': 'Bayern', 'coun...</msg>
<var>${json_data}</var>
<arg>${response.json()}</arg>
<doc>Returns the given values which can then be assigned to a variables.</doc>
<status status="PASS" start="2024-04-09T12:25:45.639184" elapsed="0.000639"/>
</kw>
<kw name="Log" owner="BuiltIn">
<msg time="2024-04-09T12:25:45.640297" level="INFO">{'results': [{'gender': 'male', 'name': {'title': 'Mr', 'first': 'Ricardo', 'last': 'Lübben'}, 'location': {'street': {'number': 6085, 'name': 'Am Bahnhof'}, 'city': 'Dachau', 'state': 'Bayern', 'country': 'Germany', 'postcode': 61283, 'coordinates': {'latitude': '-49.9046', 'longitude': '-148.5516'}, 'timezone': {'offset': '-1:00', 'description': 'Azores, Cape Verde Islands'}}, 'email': 'ricardo.lubben@example.com', 'login': {'uuid': 'c8690219-42bd-4afa-996d-14685b580e8a', 'username': 'happyswan171', 'password': 'marathon', 'salt': 'pkSZP0Q2', 'md5': 'ff200ff71179a8d727372fac8e9bbe50', 'sha1': '0b6a9146ab4b61a7d9f21b9d439cf2d767be454b', 'sha256': '3cac8320b04e6ec11219bd6063f0724a8fe494e5847a2b05fcb5272473dddf50'}, 'dob': {'date': '1961-10-31T21:33:47.375Z', 'age': 62}, 'registered': {'date': '2010-01-02T11:11:21.361Z', 'age': 14}, 'phone': '0373-5095614', 'cell': '0178-3879669', 'id': {'name': 'SVNR', 'value': '44 311061 L 021'}, 'picture': {'large': 'https://randomuser.me/api/portraits/men/50.jpg', 'medium': 'https://randomuser.me/api/portraits/med/men/50.jpg', 'thumbnail': 'https://randomuser.me/api/portraits/thumb/men/50.jpg'}, 'nat': 'DE'}], 'info': {'seed': '68b0551a854ee0d6', 'results': 1, 'page': 1, 'version': '1.4'}}</msg>
<arg>${json_data}</arg>
<doc>Logs the given message with the given level.</doc>
<status status="PASS" start="2024-04-09T12:25:45.640134" elapsed="0.000249"/>
</kw>
<kw name="Should Be Equal As Numbers" owner="BuiltIn">
<arg>${json_data['results'][0]['location']['postcode']}</arg>
<arg>${json_data['results'][0]['location']['postcode']}</arg>
<doc>Fails if objects are unequal after converting them to real numbers.</doc>
<status status="PASS" start="2024-04-09T12:25:45.640690" elapsed="0.000630"/>
</kw>
<kw name="Log" owner="BuiltIn">
<msg time="2024-04-09T12:25:45.641847" level="INFO">61283</msg>
<arg>${json_data['results'][0]['location']['postcode']}</arg>
<doc>Logs the given message with the given level.</doc>
<status status="PASS" start="2024-04-09T12:25:45.641513" elapsed="0.000374"/>
</kw>
<status status="PASS" start="2024-04-09T12:25:45.556651" elapsed="0.085493"/>
</kw>
<doc>Testa se os tipos de dados na resposta da API estão corretos.</doc>
<tag>testeTiposDados</tag>
<status status="PASS" start="2024-04-09T12:25:45.472744" elapsed="0.169572"/>
</test>
<test id="s1-s1-t5" name="Validar conteudo" line="35">
<kw name="Teste de Tipos de Conteudo" owner="random-user-service">
<kw name="GET On Session" owner="RequestsLibrary">
<msg time="2024-04-09T12:25:45.748659" level="INFO">GET Request : url=https://randomuser.me/api 
 path_url=/api 
 headers={'User-Agent': 'python-requests/2.31.0', 'Accept-Encoding': 'gzip, deflate', 'Accept': '*/*', 'Connection': 'keep-alive'} 
 body=None 
 </msg>
<msg time="2024-04-09T12:25:45.748752" level="INFO">GET Response : url=https://randomuser.me/api 
 status=200, reason=OK 
 headers={'Date': 'Tue, 09 Apr 2024 12:25:45 GMT', 'Content-Type': 'application/json; charset=utf-8', 'Transfer-Encoding': 'chunked', 'Connection': 'keep-alive', 'X-Powered-By': 'Express', 'Access-Control-Allow-Origin': '*', 'Cache-Control': 'no-cache', 'ETag': 'W/"496-89IQ2lm3zFUIHdzz4jUG/Bk1d+U"', 'Vary': 'Accept-Encoding', 'Content-Encoding': 'gzip', 'CF-Cache-Status': 'DYNAMIC', 'Report-To': '{"endpoints":[{"url":"https:\\/\\/a.nel.cloudflare.com\\/report\\/v4?s=UeHctDBgyley1gPOT%2BpQM%2B9LHMbbYrAYFyk6jI8vuo2UR%2Bzg5sZLjZ2a8rKjw73azM8PaN3cyHRHAh2i6MIzjvpl%2BSQICMlapdzpCEEWfQ1g38vs25FzjA%2FMUEFnXpyN"}],"group":"cf-nel","max_age":604800}', 'NEL': '{"success_fraction":0,"report_to":"cf-nel","max_age":604800}', 'Server': 'cloudflare', 'CF-RAY': '871a7b4c4d808263-IAD', 'alt-svc': 'h3=":443"; ma=86400'} 
 body={"results":[{"gender":"male","name":{"title":"Mr","first":"Dwight","last":"Jacobs"},"location":{"street":{"number":4408,"name":"First Street"},"city":"Princeton","state":"Kansas","country":"United States","postcode":63564,"coordinates":{"latitude":"89.5750","longitude":"-74.9125"},"timezone":{"offset":"+10:00","description":"Eastern Australia, Guam, Vladivostok"}},"email":"dwight.jacobs@example.com","login":{"uuid":"47f74b59-dc50-48c0-9cd7-2e99075d7ab9","username":"tinykoala241","password":"scooter","salt":"YXvaIVat","md5":"e3aee8946ae1737102ef6e62878c1732","sha1":"c2741c6c0ba9317dcb53fced802d9ac4c279c14d","sha256":"5fc1bac452dc0fc79a64ba38446af168b8a2ce90284479b3ab07e5cd4429fd5e"},"dob":{"date":"1994-12-03T01:40:25.986Z","age":29},"registered":{"date":"2014-03-25T07:22:51.441Z","age":10},"phone":"(243) 846-6696","cell":"(631) 288-8200","id":{"name":"SSN","value":"120-45-7943"},"picture":{"large":"https://randomuser.me/api/portraits/men/58.jpg","medium":"https://randomuser.me/api/portraits/med/men/58.jpg","thumbnail":"https://randomuser.me/api/portraits/thumb/men/58.jpg"},"nat":"US"}],"info":{"seed":"2fd2dbd537154c52","results":1,"page":1,"version":"1.4"}} 
 </msg>
<msg time="2024-04-09T12:25:45.748828" level="INFO">/opt/hostedtoolcache/Python/3.12.2/x64/lib/python3.12/site-packages/urllib3/connectionpool.py:1103: InsecureRequestWarning: Unverified HTTPS request is being made to host 'randomuser.me'. Adding certificate verification is strongly advised. See: https://urllib3.readthedocs.io/en/latest/advanced-usage.html#tls-warnings
  warnings.warn(</msg>
<msg time="2024-04-09T12:25:45.749008" level="INFO">${response} = &lt;Response [200]&gt;</msg>
<var>${response}</var>
<arg>consultarAPI</arg>
<arg>/api</arg>
<doc>Sends a GET request on a previously created HTTP Session.</doc>
<status status="PASS" start="2024-04-09T12:25:45.644882" elapsed="0.104168"/>
</kw>
<kw name="Set Variable" owner="BuiltIn">
<msg time="2024-04-09T12:25:45.750064" level="INFO">${json_data} = {'results': [{'gender': 'male', 'name': {'title': 'Mr', 'first': 'Dwight', 'last': 'Jacobs'}, 'location': {'street': {'number': 4408, 'name': 'First Street'}, 'city': 'Princeton', 'state': 'Kansas', '...</msg>
<var>${json_data}</var>
<arg>${response.json()}</arg>
<doc>Returns the given values which can then be assigned to a variables.</doc>
<status status="PASS" start="2024-04-09T12:25:45.749508" elapsed="0.000592"/>
</kw>
<kw name="Set Variable" owner="BuiltIn">
<msg time="2024-04-09T12:25:45.750988" level="INFO">${name_title} = Mr</msg>
<var>${name_title}</var>
<arg>${json_data["results"][0]["name"]["title"]}</arg>
<doc>Returns the given values which can then be assigned to a variables.</doc>
<status status="PASS" start="2024-04-09T12:25:45.750478" elapsed="0.000543"/>
</kw>
<kw name="Create List" owner="BuiltIn">
<msg time="2024-04-09T12:25:45.751620" level="INFO">${allowed_titles} = ['Mr', 'Ms', 'Miss', 'Mrs', 'Madame', 'Monsieur']</msg>
<var>${allowed_titles}</var>
<arg>Mr</arg>
<arg>Ms</arg>
<arg>Miss</arg>
<arg>Mrs</arg>
<arg>Madame</arg>
<arg>Monsieur</arg>
<doc>Returns a list containing given items.</doc>
<status status="PASS" start="2024-04-09T12:25:45.751427" elapsed="0.000235"/>
</kw>
<kw name="List Should Contain Value" owner="Collections">
<msg time="2024-04-09T12:25:45.752245" level="INFO">False</msg>
<arg>${allowed_titles}</arg>
<arg>${name_title}</arg>
<doc>Fails if the ``value`` is not found from ``list``.</doc>
<status status="PASS" start="2024-04-09T12:25:45.752054" elapsed="0.000228"/>
</kw>
<kw name="Set Variable" owner="BuiltIn">
<msg time="2024-04-09T12:25:45.752972" level="INFO">${name_country} = US</msg>
<var>${name_country}</var>
<arg>${json_data["results"][0]["nat"]}</arg>
<doc>Returns the given values which can then be assigned to a variables.</doc>
<status status="PASS" start="2024-04-09T12:25:45.752577" elapsed="0.000420"/>
</kw>
<kw name="Create List" owner="BuiltIn">
<msg time="2024-04-09T12:25:45.753917" level="INFO">${list_country} = ['AD', 'AE', 'AF', 'AG', 'AI', 'AL', 'AM', 'AO', 'AQ', 'AR', 'AS', 'AT', 'AU', 'AW', 'AX', 'AZ', 'BA', 'BB', 'BD', 'BE', 'BF', 'BG', 'BH', 'BI', 'BJ', 'BL', 'BM', 'BN', 'BO', 'BQ', 'BR', 'BS', 'BT', '...</msg>
<var>${list_country}</var>
<arg>AD</arg>
<arg>AE</arg>
<arg>AF</arg>
<arg>AG</arg>
<arg>AI</arg>
<arg>AL</arg>
<arg>AM</arg>
<arg>AO</arg>
<arg>AQ</arg>
<arg>AR</arg>
<arg>AS</arg>
<arg>AT</arg>
<arg>AU</arg>
<arg>AW</arg>
<arg>AX</arg>
<arg>AZ</arg>
<arg>BA</arg>
<arg>BB</arg>
<arg>BD</arg>
<arg>BE</arg>
<arg>BF</arg>
<arg>BG</arg>
<arg>BH</arg>
<arg>BI</arg>
<arg>BJ</arg>
<arg>BL</arg>
<arg>BM</arg>
<arg>BN</arg>
<arg>BO</arg>
<arg>BQ</arg>
<arg>BR</arg>
<arg>BS</arg>
<arg>BT</arg>
<arg>BV</arg>
<arg>BW</arg>
<arg>BY</arg>
<arg>BZ</arg>
<arg>CA</arg>
<arg>CC</arg>
<arg>CD</arg>
<arg>CF</arg>
<arg>CG</arg>
<arg>CH</arg>
<arg>CI</arg>
<arg>CK</arg>
<arg>CL</arg>
<arg>CM</arg>
<arg>CN</arg>
<arg>CO</arg>
<arg>CR</arg>
<arg>CU</arg>
<arg>CV</arg>
<arg>CW</arg>
<arg>CX</arg>
<arg>CY</arg>
<arg>CZ</arg>
<arg>DE</arg>
<arg>DJ</arg>
<arg>DK</arg>
<arg>DM</arg>
<arg>DO</arg>
<arg>DZ</arg>
<arg>EC</arg>
<arg>EE</arg>
<arg>EG</arg>
<arg>EH</arg>
<arg>ER</arg>
<arg>ES</arg>
<arg>ET</arg>
<arg>FI</arg>
<arg>FJ</arg>
<arg>FK</arg>
<arg>FM</arg>
<arg>FO</arg>
<arg>FR</arg>
<arg>GA</arg>
<arg>GB</arg>
<arg>GD</arg>
<arg>GE</arg>
<arg>GF</arg>
<arg>GG</arg>
<arg>GH</arg>
<arg>GI</arg>
<arg>GL</arg>
<arg>GM</arg>
<arg>GN</arg>
<arg>GP</arg>
<arg>GQ</arg>
<arg>GR</arg>
<arg>GS</arg>
<arg>GT</arg>
<arg>GU</arg>
<arg>GW</arg>
<arg>GY</arg>
<arg>HK</arg>
<arg>HM</arg>
<arg>HN</arg>
<arg>HR</arg>
<arg>HT</arg>
<arg>HU</arg>
<arg>ID</arg>
<arg>IE</arg>
<arg>IL</arg>
<arg>IM</arg>
<arg>IN</arg>
<arg>IO</arg>
<arg>IQ</arg>
<arg>IR</arg>
<arg>IS</arg>
<arg>IT</arg>
<arg>JE</arg>
<arg>JM</arg>
<arg>JO</arg>
<arg>JP</arg>
<arg>KE</arg>
<arg>KG</arg>
<arg>KH</arg>
<arg>KI</arg>
<arg>KM</arg>
<arg>KN</arg>
<arg>KP</arg>
<arg>KR</arg>
<arg>KW</arg>
<arg>KY</arg>
<arg>KZ</arg>
<arg>LA</arg>
<arg>LB</arg>
<arg>LC</arg>
<arg>LI</arg>
<arg>LK</arg>
<arg>LR</arg>
<arg>LS</arg>
<arg>LT</arg>
<arg>LU</arg>
<arg>LV</arg>
<arg>LY</arg>
<arg>MA</arg>
<arg>MC</arg>
<arg>MD</arg>
<arg>ME</arg>
<arg>MF</arg>
<arg>MG</arg>
<arg>MH</arg>
<arg>MK</arg>
<arg>ML</arg>
<arg>MM</arg>
<arg>MN</arg>
<arg>MO</arg>
<arg>MP</arg>
<arg>MQ</arg>
<arg>MR</arg>
<arg>MS</arg>
<arg>MT</arg>
<arg>MU</arg>
<arg>MV</arg>
<arg>MW</arg>
<arg>MX</arg>
<arg>MY</arg>
<arg>MZ</arg>
<arg>NA</arg>
<arg>NC</arg>
<arg>NE</arg>
<arg>NF</arg>
<arg>NG</arg>
<arg>NI</arg>
<arg>NL</arg>
<arg>NO</arg>
<arg>NP</arg>
<arg>NR</arg>
<arg>NU</arg>
<arg>NZ</arg>
<arg>OM</arg>
<arg>PA</arg>
<arg>PE</arg>
<arg>PF</arg>
<arg>PG</arg>
<arg>PH</arg>
<arg>PK</arg>
<arg>PL</arg>
<arg>PM</arg>
<arg>PN</arg>
<arg>PR</arg>
<arg>PS</arg>
<arg>PT</arg>
<arg>PW</arg>
<arg>PY</arg>
<arg>QA</arg>
<arg>RE</arg>
<arg>RO</arg>
<arg>RS</arg>
<arg>RU</arg>
<arg>RW</arg>
<arg>SA</arg>
<arg>SB</arg>
<arg>SC</arg>
<arg>SD</arg>
<arg>SE</arg>
<arg>SG</arg>
<arg>SH</arg>
<arg>SI</arg>
<arg>SJ</arg>
<arg>SK</arg>
<arg>SL</arg>
<arg>SM</arg>
<arg>SN</arg>
<arg>SO</arg>
<arg>SR</arg>
<arg>SS</arg>
<arg>ST</arg>
<arg>SV</arg>
<arg>SX</arg>
<arg>SY</arg>
<arg>SZ</arg>
<arg>TC</arg>
<arg>TD</arg>
<arg>TF</arg>
<arg>TG</arg>
<arg>TH</arg>
<arg>TJ</arg>
<arg>TK</arg>
<arg>TL</arg>
<arg>TM</arg>
<arg>TN</arg>
<arg>TO</arg>
<arg>TR</arg>
<arg>TT</arg>
<arg>TV</arg>
<arg>TW</arg>
<arg>TZ</arg>
<arg>UA</arg>
<arg>UG</arg>
<arg>UM</arg>
<arg>US</arg>
<arg>UY</arg>
<arg>UZ</arg>
<arg>VA</arg>
<arg>VC</arg>
<arg>VE</arg>
<arg>VG</arg>
<arg>VI</arg>
<arg>VN</arg>
<arg>VU</arg>
<arg>WF</arg>
<arg>WS</arg>
<arg>XK</arg>
<arg>YE</arg>
<arg>YT</arg>
<arg>ZA</arg>
<arg>ZM</arg>
<arg>ZW</arg>
<doc>Returns a list containing given items.</doc>
<status status="PASS" start="2024-04-09T12:25:45.753314" elapsed="0.000629"/>
</kw>
<kw name="List Should Contain Value" owner="Collections">
<msg time="2024-04-09T12:25:45.754933" level="INFO">False</msg>
<arg>${list_country}</arg>
<arg>${name_country}</arg>
<doc>Fails if the ``value`` is not found from ``list``.</doc>
<status status="PASS" start="2024-04-09T12:25:45.754727" elapsed="0.000244"/>
</kw>
<kw name="Run Keyword If" owner="BuiltIn">
<kw name="Should Be True" owner="BuiltIn">
<arg>${True}</arg>
<doc>Fails if the given condition is not true.</doc>
<status status="PASS" start="2024-04-09T12:25:45.756181" elapsed="0.000147"/>
</kw>
<arg>${json_data["results"][0]["location"]["coordinates"]["latitude"]} &gt;= -90 and ${json_data["results"][0]["location"]["coordinates"]["latitude"]} &lt;= 90</arg>
<arg>Should Be True</arg>
<arg>${True}</arg>
<doc>Runs the given keyword with the given arguments, if ``condition`` is true.</doc>
<status status="PASS" start="2024-04-09T12:25:45.755311" elapsed="0.001147"/>
</kw>
<kw name="Run Keyword If" owner="BuiltIn">
<kw name="Should Be True" owner="BuiltIn">
<arg>${True}</arg>
<doc>Fails if the given condition is not true.</doc>
<status status="PASS" start="2024-04-09T12:25:45.757331" elapsed="0.000139"/>
</kw>
<arg>${json_data["results"][0]["location"]["coordinates"]["longitude"]} &gt;= -180 and ${json_data["results"][0]["location"]["coordinates"]["longitude"]} &lt;= 180</arg>
<arg>Should Be True</arg>
<arg>${True}</arg>
<doc>Runs the given keyword with the given arguments, if ``condition`` is true.</doc>
<status status="PASS" start="2024-04-09T12:25:45.756640" elapsed="0.000971"/>
</kw>
<status status="PASS" start="2024-04-09T12:25:45.644657" elapsed="0.113082"/>
</kw>
<doc>Testa o conteúdo específico dos campos retornados pela API.</doc>
<tag>testeConteudo</tag>
<status status="PASS" start="2024-04-09T12:25:45.644116" elapsed="0.113768"/>
</test>
<status status="PASS" start="2024-04-09T12:25:44.691936" elapsed="1.067935"/>
</suite>
<status status="PASS" start="2024-04-09T12:25:44.678188" elapsed="1.087090"/>
</suite>
<statistics>
<total>
<stat pass="5" fail="0" skip="0">All Tests</stat>
</total>
<tag>
<stat pass="1" fail="0" skip="0">testeConteudo</stat>
<stat pass="1" fail="0" skip="0">testeEstruturaResposta</stat>
<stat pass="1" fail="0" skip="0">testeRequisicaoBasica</stat>
<stat pass="1" fail="0" skip="0">testeTiposDados</stat>
</tag>
<suite>
<stat pass="5" fail="0" skip="0" id="s1" name="Tests">Tests</stat>
<stat pass="5" fail="0" skip="0" id="s1-s1" name="Random-User-Test">Tests.Random-User-Test</stat>
</suite>
</statistics>
<errors>
</errors>
</robot>
