<?xml version="1.0" encoding="UTF-8"?>
<robot generator="Robot 7.0.1 (Python 3.12.4 on linux)" generated="2024-07-03T04:17:40.925710" rpa="false" schemaversion="5">
<suite id="s1" name="Tests" source="/home/runner/work/ApiRandomUser/ApiRandomUser/RamdonUser/tests">
<suite id="s1-s1" name="Random-User-Test" source="/home/runner/work/ApiRandomUser/ApiRandomUser/RamdonUser/tests/random-user-test.robot">
<test id="s1-s1-t1" name="Conectar" line="13">
<kw name="Conectar API" owner="random-user-service">
<kw name="Create Session" owner="RequestsLibrary">
<msg time="2024-07-03T04:17:41.342217" level="INFO">Creating Session using : alias=consultarAPI, url=https://randomuser.me/, headers={},                     cookies={}, auth=None, timeout=None, proxies=None, verify=False,                     debug=0 </msg>
<arg>consultarAPI</arg>
<arg>${URL}</arg>
<doc>Create Session: create a HTTP session to a server</doc>
<status status="PASS" start="2024-07-03T04:17:41.342010" elapsed="0.000408"/>
</kw>
<status status="PASS" start="2024-07-03T04:17:41.341029" elapsed="0.001753"/>
</kw>
<status status="PASS" start="2024-07-03T04:17:41.340402" elapsed="0.002577"/>
</test>
<test id="s1-s1-t2" name="Validar retorno 200 e JSON Válido" line="16">
<kw name="Teste de Requisicao Basica" owner="random-user-service">
<kw name="GET On Session" owner="RequestsLibrary">
<msg time="2024-07-03T04:17:41.434091" level="INFO">GET Request : url=https://randomuser.me/api 
 path_url=/api 
 headers={'User-Agent': 'python-requests/2.32.3', 'Accept-Encoding': 'gzip, deflate', 'Accept': '*/*', 'Connection': 'keep-alive'} 
 body=None 
 </msg>
<msg time="2024-07-03T04:17:41.434262" level="INFO">GET Response : url=https://randomuser.me/api 
 status=200, reason=OK 
 headers={'Date': 'Wed, 03 Jul 2024 04:17:41 GMT', 'Content-Type': 'application/json; charset=utf-8', 'Transfer-Encoding': 'chunked', 'Connection': 'keep-alive', 'X-Powered-By': 'Express', 'Access-Control-Allow-Origin': '*', 'Cache-Control': 'no-cache', 'ETag': 'W/"4a5-vZIgpWfYJxIDwTw3kZoZnB7Lhus"', 'Vary': 'Accept-Encoding', 'Content-Encoding': 'gzip', 'CF-Cache-Status': 'DYNAMIC', 'Report-To': '{"endpoints":[{"url":"https:\\/\\/a.nel.cloudflare.com\\/report\\/v4?s=S5AXGHEAQcvcfWrs%2BJrf%2BtKpoo1rTZPm6ajywGTdccSyxUwj%2B%2Be0S4IHWhcSYfZRYv3kk8KOuX9t5t8cGq4yV2%2FXkVTpA3oYsNMsJfFfMhVKTvdne4PGEFRsVJauotnU"}],"group":"cf-nel","max_age":604800}', 'NEL': '{"success_fraction":0,"report_to":"cf-nel","max_age":604800}', 'Server': 'cloudflare', 'CF-RAY': '89d41139bc4d28c8-IAD', 'alt-svc': 'h3=":443"; ma=86400'} 
 body={"results":[{"gender":"male","name":{"title":"Mr","first":"Horacio","last":"Castellanos"},"location":{"street":{"number":457,"name":"Callejón Sur Vaca"},"city":"Ixtacomitán","state":"Guerrero","country":"Mexico","postcode":19124,"coordinates":{"latitude":"29.7976","longitude":"-162.4768"},"timezone":{"offset":"+4:00","description":"Abu Dhabi, Muscat, Baku, Tbilisi"}},"email":"horacio.castellanos@example.com","login":{"uuid":"63904561-6c18-49c2-affc-a61ba9e11239","username":"yellowrabbit713","password":"zone","salt":"yWfGJUkl","md5":"561729c3432e1290c46eea5914b19e80","sha1":"1257f77010d3200f5e0c07a1a2e8afc2815b1161","sha256":"75c6d13d0ac554584285b22118182c6ef6ed3021e8c4eae779b67b7c46558a15"},"dob":{"date":"1965-12-20T03:30:13.556Z","age":58},"registered":{"date":"2004-03-06T09:25:39.785Z","age":20},"phone":"(665) 810 1251","cell":"(630) 676 1924","id":{"name":"NSS","value":"25 91 46 3476 9"},"picture":{"large":"https://randomuser.me/api/portraits/men/71.jpg","medium":"https://randomuser.me/api/portraits/med/men/71.jpg","thumbnail":"https://randomuser.me/api/portraits/thumb/men/71.jpg"},"nat":"MX"}],"info":{"seed":"cd8e60f6bec2d791","results":1,"page":1,"version":"1.4"}} 
 </msg>
<msg time="2024-07-03T04:17:41.434360" level="INFO">/opt/hostedtoolcache/Python/3.12.4/x64/lib/python3.12/site-packages/urllib3/connectionpool.py:1099: InsecureRequestWarning: Unverified HTTPS request is being made to host 'randomuser.me'. Adding certificate verification is strongly advised. See: https://urllib3.readthedocs.io/en/latest/advanced-usage.html#tls-warnings
  warnings.warn(</msg>
<msg time="2024-07-03T04:17:41.434525" level="INFO">${response} = &lt;Response [200]&gt;</msg>
<var>${response}</var>
<arg>consultarAPI</arg>
<arg>/api</arg>
<doc>Sends a GET request on a previously created HTTP Session.</doc>
<status status="PASS" start="2024-07-03T04:17:41.345656" elapsed="0.088912"/>
</kw>
<kw name="Should Be Equal As Numbers" owner="BuiltIn">
<msg time="2024-07-03T04:17:41.435590" level="INFO">Argument types are:
&lt;class 'int'&gt;
&lt;class 'str'&gt;</msg>
<arg>${response.status_code}</arg>
<arg>200</arg>
<doc>Fails if objects are unequal after converting them to real numbers.</doc>
<status status="PASS" start="2024-07-03T04:17:41.435116" elapsed="0.000544"/>
</kw>
<kw name="Log" owner="BuiltIn">
<msg time="2024-07-03T04:17:41.436370" level="INFO">200</msg>
<arg>${response.status_code}</arg>
<doc>Logs the given message with the given level.</doc>
<status status="PASS" start="2024-07-03T04:17:41.436010" elapsed="0.000405"/>
</kw>
<kw name="Set Variable" owner="BuiltIn">
<msg time="2024-07-03T04:17:41.437226" level="INFO">${json_data} = {'results': [{'gender': 'male', 'name': {'title': 'Mr', 'first': 'Horacio', 'last': 'Castellanos'}, 'location': {'street': {'number': 457, 'name': 'Callejón Sur Vaca'}, 'city': 'Ixtacomitán', 'state':...</msg>
<var>${json_data}</var>
<arg>${response.json()}</arg>
<doc>Returns the given values which can then be assigned to a variables.</doc>
<status status="PASS" start="2024-07-03T04:17:41.436728" elapsed="0.000528"/>
</kw>
<kw name="Dictionary Should Contain Key" owner="Collections">
<arg>${json_data}</arg>
<arg>results</arg>
<doc>Fails if ``key`` is not found from ``dictionary``.</doc>
<status status="PASS" start="2024-07-03T04:17:41.437562" elapsed="0.000169"/>
</kw>
<status status="PASS" start="2024-07-03T04:17:41.345374" elapsed="0.092516"/>
</kw>
<doc>Testa se a API responde corretamente e retorna um objeto JSON válido.</doc>
<tag>testeRequisicaoBasica</tag>
<status status="PASS" start="2024-07-03T04:17:41.344851" elapsed="0.093220"/>
</test>
<test id="s1-s1-t3" name="Validar estrutura de resposta" line="22">
<kw name="Teste de Estrutura de Resposta" owner="random-user-service">
<kw name="GET On Session" owner="RequestsLibrary">
<msg time="2024-07-03T04:17:41.525011" level="INFO">GET Request : url=https://randomuser.me/api 
 path_url=/api 
 headers={'User-Agent': 'python-requests/2.32.3', 'Accept-Encoding': 'gzip, deflate', 'Accept': '*/*', 'Connection': 'keep-alive'} 
 body=None 
 </msg>
<msg time="2024-07-03T04:17:41.525129" level="INFO">GET Response : url=https://randomuser.me/api 
 status=200, reason=OK 
 headers={'Date': 'Wed, 03 Jul 2024 04:17:41 GMT', 'Content-Type': 'application/json; charset=utf-8', 'Transfer-Encoding': 'chunked', 'Connection': 'keep-alive', 'X-Powered-By': 'Express', 'Access-Control-Allow-Origin': '*', 'Cache-Control': 'no-cache', 'ETag': 'W/"49f-hIumeI1fAwrO8Uc4WCTzfkgdlq8"', 'Vary': 'Accept-Encoding', 'Content-Encoding': 'gzip', 'CF-Cache-Status': 'DYNAMIC', 'Report-To': '{"endpoints":[{"url":"https:\\/\\/a.nel.cloudflare.com\\/report\\/v4?s=McIYWx2oVpz1Z9FxWZdWZjI8V3n%2BHFHwm4qyTOdio%2FKzp9%2BoM8Z4OkSfklHBo1hmDRiK%2FTpl9jqUgsA6kXtNI5CuG00xa8l%2Fn7j0PmwSbDyJMPfzqNjSAiuTyHvRY3ND"}],"group":"cf-nel","max_age":604800}', 'NEL': '{"success_fraction":0,"report_to":"cf-nel","max_age":604800}', 'Server': 'cloudflare', 'CF-RAY': '89d4113a0ca428c8-IAD', 'alt-svc': 'h3=":443"; ma=86400'} 
 body={"results":[{"gender":"female","name":{"title":"Ms","first":"Mary","last":"Hanson"},"location":{"street":{"number":3064,"name":"Windsor Road"},"city":"Liverpool","state":"Lancashire","country":"United Kingdom","postcode":"BD7 9XS","coordinates":{"latitude":"-9.8792","longitude":"93.8906"},"timezone":{"offset":"+10:00","description":"Eastern Australia, Guam, Vladivostok"}},"email":"mary.hanson@example.com","login":{"uuid":"b5df4f88-8d35-45e6-9099-358bb0353113","username":"purpleduck420","password":"mature","salt":"Yotw6ytd","md5":"c00bafd1c9b9c7f8de5508ebfb572a00","sha1":"1e6e85bf284bfe865357e74bdf73ff22310ee926","sha256":"c16a2429f64d0be41bd3fe4e266152293dcdf0a83ddd0ebd20a401d0d810a93c"},"dob":{"date":"1975-09-24T12:02:40.621Z","age":48},"registered":{"date":"2016-08-22T15:00:06.197Z","age":7},"phone":"016977 7747","cell":"07334 346307","id":{"name":"NINO","value":"XW 12 07 00 S"},"picture":{"large":"https://randomuser.me/api/portraits/women/67.jpg","medium":"https://randomuser.me/api/portraits/med/women/67.jpg","thumbnail":"https://randomuser.me/api/portraits/thumb/women/67.jpg"},"nat":"GB"}],"info":{"seed":"a357889ef5e71bf3","results":1,"page":1,"version":"1.4"}} 
 </msg>
<msg time="2024-07-03T04:17:41.525286" level="INFO">/opt/hostedtoolcache/Python/3.12.4/x64/lib/python3.12/site-packages/urllib3/connectionpool.py:1099: InsecureRequestWarning: Unverified HTTPS request is being made to host 'randomuser.me'. Adding certificate verification is strongly advised. See: https://urllib3.readthedocs.io/en/latest/advanced-usage.html#tls-warnings
  warnings.warn(</msg>
<msg time="2024-07-03T04:17:41.525459" level="INFO">${response} = &lt;Response [200]&gt;</msg>
<var>${response}</var>
<arg>consultarAPI</arg>
<arg>/api</arg>
<doc>Sends a GET request on a previously created HTTP Session.</doc>
<status status="PASS" start="2024-07-03T04:17:41.441111" elapsed="0.084394"/>
</kw>
<kw name="Set Variable" owner="BuiltIn">
<msg time="2024-07-03T04:17:41.526558" level="INFO">${json_data} = {'results': [{'gender': 'female', 'name': {'title': 'Ms', 'first': 'Mary', 'last': 'Hanson'}, 'location': {'street': {'number': 3064, 'name': 'Windsor Road'}, 'city': 'Liverpool', 'state': 'Lancashire...</msg>
<var>${json_data}</var>
<arg>${response.json()}</arg>
<doc>Returns the given values which can then be assigned to a variables.</doc>
<status status="PASS" start="2024-07-03T04:17:41.526016" elapsed="0.000571"/>
</kw>
<kw name="Log" owner="BuiltIn">
<msg time="2024-07-03T04:17:41.527104" level="INFO">{'results': [{'gender': 'female', 'name': {'title': 'Ms', 'first': 'Mary', 'last': 'Hanson'}, 'location': {'street': {'number': 3064, 'name': 'Windsor Road'}, 'city': 'Liverpool', 'state': 'Lancashire', 'country': 'United Kingdom', 'postcode': 'BD7 9XS', 'coordinates': {'latitude': '-9.8792', 'longitude': '93.8906'}, 'timezone': {'offset': '+10:00', 'description': 'Eastern Australia, Guam, Vladivostok'}}, 'email': 'mary.hanson@example.com', 'login': {'uuid': 'b5df4f88-8d35-45e6-9099-358bb0353113', 'username': 'purpleduck420', 'password': 'mature', 'salt': 'Yotw6ytd', 'md5': 'c00bafd1c9b9c7f8de5508ebfb572a00', 'sha1': '1e6e85bf284bfe865357e74bdf73ff22310ee926', 'sha256': 'c16a2429f64d0be41bd3fe4e266152293dcdf0a83ddd0ebd20a401d0d810a93c'}, 'dob': {'date': '1975-09-24T12:02:40.621Z', 'age': 48}, 'registered': {'date': '2016-08-22T15:00:06.197Z', 'age': 7}, 'phone': '016977 7747', 'cell': '07334 346307', 'id': {'name': 'NINO', 'value': 'XW 12 07 00 S'}, 'picture': {'large': 'https://randomuser.me/api/portraits/women/67.jpg', 'medium': 'https://randomuser.me/api/portraits/med/women/67.jpg', 'thumbnail': 'https://randomuser.me/api/portraits/thumb/women/67.jpg'}, 'nat': 'GB'}], 'info': {'seed': 'a357889ef5e71bf3', 'results': 1, 'page': 1, 'version': '1.4'}}</msg>
<arg>${json_data}</arg>
<doc>Logs the given message with the given level.</doc>
<status status="PASS" start="2024-07-03T04:17:41.526932" elapsed="0.000223"/>
</kw>
<kw name="Dictionary Should Contain Key" owner="Collections">
<arg>${json_data}</arg>
<arg>results</arg>
<doc>Fails if ``key`` is not found from ``dictionary``.</doc>
<status status="PASS" start="2024-07-03T04:17:41.527462" elapsed="0.000167"/>
</kw>
<kw name="Should Not Be Empty" owner="BuiltIn">
<msg time="2024-07-03T04:17:41.527956" level="INFO">Length is 2.</msg>
<arg>${json_data}</arg>
<doc>Verifies that the given item is not empty.</doc>
<status status="PASS" start="2024-07-03T04:17:41.527823" elapsed="0.000173"/>
</kw>
<kw name="Create List" owner="BuiltIn">
<msg time="2024-07-03T04:17:41.528620" level="INFO">${expected_keys} = ['gender', 'name', 'location', 'email', 'login']</msg>
<var>${expected_keys}</var>
<arg>gender</arg>
<arg>name</arg>
<arg>location</arg>
<arg>email</arg>
<arg>login</arg>
<doc>Returns a list containing given items.</doc>
<status status="PASS" start="2024-07-03T04:17:41.528299" elapsed="0.000346"/>
</kw>
<for flavor="IN">
<iter>
<kw name="Dictionary Should Contain Key" owner="Collections">
<arg>${json_data['results'][0]}</arg>
<arg>${key}</arg>
<doc>Fails if ``key`` is not found from ``dictionary``.</doc>
<status status="PASS" start="2024-07-03T04:17:41.529293" elapsed="0.000418"/>
</kw>
<kw name="Log" owner="BuiltIn">
<msg time="2024-07-03T04:17:41.530274" level="INFO">{'gender': 'female', 'name': {'title': 'Ms', 'first': 'Mary', 'last': 'Hanson'}, 'location': {'street': {'number': 3064, 'name': 'Windsor Road'}, 'city': 'Liverpool', 'state': 'Lancashire', 'country': 'United Kingdom', 'postcode': 'BD7 9XS', 'coordinates': {'latitude': '-9.8792', 'longitude': '93.8906'}, 'timezone': {'offset': '+10:00', 'description': 'Eastern Australia, Guam, Vladivostok'}}, 'email': 'mary.hanson@example.com', 'login': {'uuid': 'b5df4f88-8d35-45e6-9099-358bb0353113', 'username': 'purpleduck420', 'password': 'mature', 'salt': 'Yotw6ytd', 'md5': 'c00bafd1c9b9c7f8de5508ebfb572a00', 'sha1': '1e6e85bf284bfe865357e74bdf73ff22310ee926', 'sha256': 'c16a2429f64d0be41bd3fe4e266152293dcdf0a83ddd0ebd20a401d0d810a93c'}, 'dob': {'date': '1975-09-24T12:02:40.621Z', 'age': 48}, 'registered': {'date': '2016-08-22T15:00:06.197Z', 'age': 7}, 'phone': '016977 7747', 'cell': '07334 346307', 'id': {'name': 'NINO', 'value': 'XW 12 07 00 S'}, 'picture': {'large': 'https://randomuser.me/api/portraits/women/67.jpg', 'medium': 'https://randomuser.me/api/portraits/med/women/67.jpg', 'thumbnail': 'https://randomuser.me/api/portraits/thumb/women/67.jpg'}, 'nat': 'GB'}</msg>
<arg>${json_data['results'][0]}</arg>
<doc>Logs the given message with the given level.</doc>
<status status="PASS" start="2024-07-03T04:17:41.529901" elapsed="0.000422"/>
</kw>
<kw name="Log" owner="BuiltIn">
<msg time="2024-07-03T04:17:41.530758" level="INFO">gender</msg>
<arg>${key}</arg>
<doc>Logs the given message with the given level.</doc>
<status status="PASS" start="2024-07-03T04:17:41.530627" elapsed="0.000170"/>
</kw>
<var name="${key}">gender</var>
<status status="PASS" start="2024-07-03T04:17:41.529165" elapsed="0.001848"/>
</iter>
<iter>
<kw name="Dictionary Should Contain Key" owner="Collections">
<arg>${json_data['results'][0]}</arg>
<arg>${key}</arg>
<doc>Fails if ``key`` is not found from ``dictionary``.</doc>
<status status="PASS" start="2024-07-03T04:17:41.531314" elapsed="0.000395"/>
</kw>
<kw name="Log" owner="BuiltIn">
<msg time="2024-07-03T04:17:41.532291" level="INFO">{'gender': 'female', 'name': {'title': 'Ms', 'first': 'Mary', 'last': 'Hanson'}, 'location': {'street': {'number': 3064, 'name': 'Windsor Road'}, 'city': 'Liverpool', 'state': 'Lancashire', 'country': 'United Kingdom', 'postcode': 'BD7 9XS', 'coordinates': {'latitude': '-9.8792', 'longitude': '93.8906'}, 'timezone': {'offset': '+10:00', 'description': 'Eastern Australia, Guam, Vladivostok'}}, 'email': 'mary.hanson@example.com', 'login': {'uuid': 'b5df4f88-8d35-45e6-9099-358bb0353113', 'username': 'purpleduck420', 'password': 'mature', 'salt': 'Yotw6ytd', 'md5': 'c00bafd1c9b9c7f8de5508ebfb572a00', 'sha1': '1e6e85bf284bfe865357e74bdf73ff22310ee926', 'sha256': 'c16a2429f64d0be41bd3fe4e266152293dcdf0a83ddd0ebd20a401d0d810a93c'}, 'dob': {'date': '1975-09-24T12:02:40.621Z', 'age': 48}, 'registered': {'date': '2016-08-22T15:00:06.197Z', 'age': 7}, 'phone': '016977 7747', 'cell': '07334 346307', 'id': {'name': 'NINO', 'value': 'XW 12 07 00 S'}, 'picture': {'large': 'https://randomuser.me/api/portraits/women/67.jpg', 'medium': 'https://randomuser.me/api/portraits/med/women/67.jpg', 'thumbnail': 'https://randomuser.me/api/portraits/thumb/women/67.jpg'}, 'nat': 'GB'}</msg>
<arg>${json_data['results'][0]}</arg>
<doc>Logs the given message with the given level.</doc>
<status status="PASS" start="2024-07-03T04:17:41.531892" elapsed="0.000448"/>
</kw>
<kw name="Log" owner="BuiltIn">
<msg time="2024-07-03T04:17:41.532769" level="INFO">name</msg>
<arg>${key}</arg>
<doc>Logs the given message with the given level.</doc>
<status status="PASS" start="2024-07-03T04:17:41.532639" elapsed="0.000169"/>
</kw>
<var name="${key}">name</var>
<status status="PASS" start="2024-07-03T04:17:41.531203" elapsed="0.001855"/>
</iter>
<iter>
<kw name="Dictionary Should Contain Key" owner="Collections">
<arg>${json_data['results'][0]}</arg>
<arg>${key}</arg>
<doc>Fails if ``key`` is not found from ``dictionary``.</doc>
<status status="PASS" start="2024-07-03T04:17:41.533347" elapsed="0.000388"/>
</kw>
<kw name="Log" owner="BuiltIn">
<msg time="2024-07-03T04:17:41.534272" level="INFO">{'gender': 'female', 'name': {'title': 'Ms', 'first': 'Mary', 'last': 'Hanson'}, 'location': {'street': {'number': 3064, 'name': 'Windsor Road'}, 'city': 'Liverpool', 'state': 'Lancashire', 'country': 'United Kingdom', 'postcode': 'BD7 9XS', 'coordinates': {'latitude': '-9.8792', 'longitude': '93.8906'}, 'timezone': {'offset': '+10:00', 'description': 'Eastern Australia, Guam, Vladivostok'}}, 'email': 'mary.hanson@example.com', 'login': {'uuid': 'b5df4f88-8d35-45e6-9099-358bb0353113', 'username': 'purpleduck420', 'password': 'mature', 'salt': 'Yotw6ytd', 'md5': 'c00bafd1c9b9c7f8de5508ebfb572a00', 'sha1': '1e6e85bf284bfe865357e74bdf73ff22310ee926', 'sha256': 'c16a2429f64d0be41bd3fe4e266152293dcdf0a83ddd0ebd20a401d0d810a93c'}, 'dob': {'date': '1975-09-24T12:02:40.621Z', 'age': 48}, 'registered': {'date': '2016-08-22T15:00:06.197Z', 'age': 7}, 'phone': '016977 7747', 'cell': '07334 346307', 'id': {'name': 'NINO', 'value': 'XW 12 07 00 S'}, 'picture': {'large': 'https://randomuser.me/api/portraits/women/67.jpg', 'medium': 'https://randomuser.me/api/portraits/med/women/67.jpg', 'thumbnail': 'https://randomuser.me/api/portraits/thumb/women/67.jpg'}, 'nat': 'GB'}</msg>
<arg>${json_data['results'][0]}</arg>
<doc>Logs the given message with the given level.</doc>
<status status="PASS" start="2024-07-03T04:17:41.533919" elapsed="0.000399"/>
</kw>
<kw name="Log" owner="BuiltIn">
<msg time="2024-07-03T04:17:41.534743" level="INFO">location</msg>
<arg>${key}</arg>
<doc>Logs the given message with the given level.</doc>
<status status="PASS" start="2024-07-03T04:17:41.534615" elapsed="0.000166"/>
</kw>
<var name="${key}">location</var>
<status status="PASS" start="2024-07-03T04:17:41.533239" elapsed="0.001758"/>
</iter>
<iter>
<kw name="Dictionary Should Contain Key" owner="Collections">
<arg>${json_data['results'][0]}</arg>
<arg>${key}</arg>
<doc>Fails if ``key`` is not found from ``dictionary``.</doc>
<status status="PASS" start="2024-07-03T04:17:41.535277" elapsed="0.000396"/>
</kw>
<kw name="Log" owner="BuiltIn">
<msg time="2024-07-03T04:17:41.536214" level="INFO">{'gender': 'female', 'name': {'title': 'Ms', 'first': 'Mary', 'last': 'Hanson'}, 'location': {'street': {'number': 3064, 'name': 'Windsor Road'}, 'city': 'Liverpool', 'state': 'Lancashire', 'country': 'United Kingdom', 'postcode': 'BD7 9XS', 'coordinates': {'latitude': '-9.8792', 'longitude': '93.8906'}, 'timezone': {'offset': '+10:00', 'description': 'Eastern Australia, Guam, Vladivostok'}}, 'email': 'mary.hanson@example.com', 'login': {'uuid': 'b5df4f88-8d35-45e6-9099-358bb0353113', 'username': 'purpleduck420', 'password': 'mature', 'salt': 'Yotw6ytd', 'md5': 'c00bafd1c9b9c7f8de5508ebfb572a00', 'sha1': '1e6e85bf284bfe865357e74bdf73ff22310ee926', 'sha256': 'c16a2429f64d0be41bd3fe4e266152293dcdf0a83ddd0ebd20a401d0d810a93c'}, 'dob': {'date': '1975-09-24T12:02:40.621Z', 'age': 48}, 'registered': {'date': '2016-08-22T15:00:06.197Z', 'age': 7}, 'phone': '016977 7747', 'cell': '07334 346307', 'id': {'name': 'NINO', 'value': 'XW 12 07 00 S'}, 'picture': {'large': 'https://randomuser.me/api/portraits/women/67.jpg', 'medium': 'https://randomuser.me/api/portraits/med/women/67.jpg', 'thumbnail': 'https://randomuser.me/api/portraits/thumb/women/67.jpg'}, 'nat': 'GB'}</msg>
<arg>${json_data['results'][0]}</arg>
<doc>Logs the given message with the given level.</doc>
<status status="PASS" start="2024-07-03T04:17:41.535860" elapsed="0.000401"/>
</kw>
<kw name="Log" owner="BuiltIn">
<msg time="2024-07-03T04:17:41.536682" level="INFO">email</msg>
<arg>${key}</arg>
<doc>Logs the given message with the given level.</doc>
<status status="PASS" start="2024-07-03T04:17:41.536556" elapsed="0.000165"/>
</kw>
<var name="${key}">email</var>
<status status="PASS" start="2024-07-03T04:17:41.535170" elapsed="0.001801"/>
</iter>
<iter>
<kw name="Dictionary Should Contain Key" owner="Collections">
<arg>${json_data['results'][0]}</arg>
<arg>${key}</arg>
<doc>Fails if ``key`` is not found from ``dictionary``.</doc>
<status status="PASS" start="2024-07-03T04:17:41.537274" elapsed="0.000394"/>
</kw>
<kw name="Log" owner="BuiltIn">
<msg time="2024-07-03T04:17:41.538195" level="INFO">{'gender': 'female', 'name': {'title': 'Ms', 'first': 'Mary', 'last': 'Hanson'}, 'location': {'street': {'number': 3064, 'name': 'Windsor Road'}, 'city': 'Liverpool', 'state': 'Lancashire', 'country': 'United Kingdom', 'postcode': 'BD7 9XS', 'coordinates': {'latitude': '-9.8792', 'longitude': '93.8906'}, 'timezone': {'offset': '+10:00', 'description': 'Eastern Australia, Guam, Vladivostok'}}, 'email': 'mary.hanson@example.com', 'login': {'uuid': 'b5df4f88-8d35-45e6-9099-358bb0353113', 'username': 'purpleduck420', 'password': 'mature', 'salt': 'Yotw6ytd', 'md5': 'c00bafd1c9b9c7f8de5508ebfb572a00', 'sha1': '1e6e85bf284bfe865357e74bdf73ff22310ee926', 'sha256': 'c16a2429f64d0be41bd3fe4e266152293dcdf0a83ddd0ebd20a401d0d810a93c'}, 'dob': {'date': '1975-09-24T12:02:40.621Z', 'age': 48}, 'registered': {'date': '2016-08-22T15:00:06.197Z', 'age': 7}, 'phone': '016977 7747', 'cell': '07334 346307', 'id': {'name': 'NINO', 'value': 'XW 12 07 00 S'}, 'picture': {'large': 'https://randomuser.me/api/portraits/women/67.jpg', 'medium': 'https://randomuser.me/api/portraits/med/women/67.jpg', 'thumbnail': 'https://randomuser.me/api/portraits/thumb/women/67.jpg'}, 'nat': 'GB'}</msg>
<arg>${json_data['results'][0]}</arg>
<doc>Logs the given message with the given level.</doc>
<status status="PASS" start="2024-07-03T04:17:41.537848" elapsed="0.000395"/>
</kw>
<kw name="Log" owner="BuiltIn">
<msg time="2024-07-03T04:17:41.538662" level="INFO">login</msg>
<arg>${key}</arg>
<doc>Logs the given message with the given level.</doc>
<status status="PASS" start="2024-07-03T04:17:41.538534" elapsed="0.000165"/>
</kw>
<var name="${key}">login</var>
<status status="PASS" start="2024-07-03T04:17:41.537155" elapsed="0.001757"/>
</iter>
<var>${key}</var>
<value>@{expected_keys}</value>
<status status="PASS" start="2024-07-03T04:17:41.528948" elapsed="0.010085"/>
</for>
<kw name="Create List" owner="BuiltIn">
<msg time="2024-07-03T04:17:41.539407" level="INFO">${expected_keysTwo} = ['username', 'password']</msg>
<var>${expected_keysTwo}</var>
<arg>username</arg>
<arg>password</arg>
<doc>Returns a list containing given items.</doc>
<status status="PASS" start="2024-07-03T04:17:41.539260" elapsed="0.000173"/>
</kw>
<for flavor="IN">
<iter>
<kw name="Dictionary Should Contain Key" owner="Collections">
<arg>${json_data['results'][0]['login']}</arg>
<arg>${keyTwo}</arg>
<doc>Fails if ``key`` is not found from ``dictionary``.</doc>
<status status="PASS" start="2024-07-03T04:17:41.539936" elapsed="0.000390"/>
</kw>
<kw name="Dictionary Should Contain Key" owner="Collections">
<arg>${json_data['results'][0]['login']}</arg>
<arg>${keyTwo}</arg>
<doc>Fails if ``key`` is not found from ``dictionary``.</doc>
<status status="PASS" start="2024-07-03T04:17:41.540505" elapsed="0.000372"/>
</kw>
<kw name="Log" owner="BuiltIn">
<msg time="2024-07-03T04:17:41.541219" level="INFO">username</msg>
<arg>${keyTwo}</arg>
<doc>Logs the given message with the given level.</doc>
<status status="PASS" start="2024-07-03T04:17:41.541095" elapsed="0.000161"/>
</kw>
<var name="${keyTwo}">username</var>
<status status="PASS" start="2024-07-03T04:17:41.539829" elapsed="0.001651"/>
</iter>
<iter>
<kw name="Dictionary Should Contain Key" owner="Collections">
<arg>${json_data['results'][0]['login']}</arg>
<arg>${keyTwo}</arg>
<doc>Fails if ``key`` is not found from ``dictionary``.</doc>
<status status="PASS" start="2024-07-03T04:17:41.541759" elapsed="0.000386"/>
</kw>
<kw name="Dictionary Should Contain Key" owner="Collections">
<arg>${json_data['results'][0]['login']}</arg>
<arg>${keyTwo}</arg>
<doc>Fails if ``key`` is not found from ``dictionary``.</doc>
<status status="PASS" start="2024-07-03T04:17:41.542323" elapsed="0.000366"/>
</kw>
<kw name="Log" owner="BuiltIn">
<msg time="2024-07-03T04:17:41.542982" level="INFO">password</msg>
<arg>${keyTwo}</arg>
<doc>Logs the given message with the given level.</doc>
<status status="PASS" start="2024-07-03T04:17:41.542863" elapsed="0.000162"/>
</kw>
<var name="${keyTwo}">password</var>
<status status="PASS" start="2024-07-03T04:17:41.541653" elapsed="0.001687"/>
</iter>
<var>${keyTwo}</var>
<value>@{expected_keysTwo}</value>
<status status="PASS" start="2024-07-03T04:17:41.539673" elapsed="0.003788"/>
</for>
<status status="PASS" start="2024-07-03T04:17:41.440730" elapsed="0.102874"/>
</kw>
<doc>Testa a estrutura da resposta da API.</doc>
<tag>testeEstruturaResposta</tag>
<status status="PASS" start="2024-07-03T04:17:41.439928" elapsed="0.103833"/>
</test>
<test id="s1-s1-t4" name="Validar tipos de dados" line="28">
<kw name="Teste de Tipos de Dados" owner="random-user-service">
<kw name="GET On Session" owner="RequestsLibrary">
<msg time="2024-07-03T04:17:41.633959" level="INFO">GET Request : url=https://randomuser.me/api 
 path_url=/api 
 headers={'User-Agent': 'python-requests/2.32.3', 'Accept-Encoding': 'gzip, deflate', 'Accept': '*/*', 'Connection': 'keep-alive'} 
 body=None 
 </msg>
<msg time="2024-07-03T04:17:41.634060" level="INFO">GET Response : url=https://randomuser.me/api 
 status=200, reason=OK 
 headers={'Date': 'Wed, 03 Jul 2024 04:17:41 GMT', 'Content-Type': 'application/json; charset=utf-8', 'Transfer-Encoding': 'chunked', 'Connection': 'keep-alive', 'X-Powered-By': 'Express', 'Access-Control-Allow-Origin': '*', 'Cache-Control': 'no-cache', 'ETag': 'W/"49f-2b1CCJwd5Q4hBJ4E0CRHXBEfqWc"', 'Vary': 'Accept-Encoding', 'Content-Encoding': 'gzip', 'CF-Cache-Status': 'DYNAMIC', 'Report-To': '{"endpoints":[{"url":"https:\\/\\/a.nel.cloudflare.com\\/report\\/v4?s=54VWMLe1XPRTUfrgbAgN88yMoXRie3swwhAaSatvL6M9VvxuTYHeHrAayeRMoghDiSZ3fl7IxwVRdgX8ogjoxQGlJdepMYQqIRgcFuV%2B1ikKa1Jtn8%2BJ33ljhiYS717O"}],"group":"cf-nel","max_age":604800}', 'NEL': '{"success_fraction":0,"report_to":"cf-nel","max_age":604800}', 'Server': 'cloudflare', 'CF-RAY': '89d4113aad6728c8-IAD', 'alt-svc': 'h3=":443"; ma=86400'} 
 body={"results":[{"gender":"female","name":{"title":"Mrs","first":"رونیکا","last":"احمدی"},"location":{"street":{"number":47,"name":"میدان رسالت"},"city":"بیرجند","state":"قم","country":"Iran","postcode":54014,"coordinates":{"latitude":"19.9132","longitude":"48.8067"},"timezone":{"offset":"0:00","description":"Western Europe Time, London, Lisbon, Casablanca"}},"email":"rwnykh.hmdy@example.com","login":{"uuid":"60870b48-742d-46f5-8d3e-99f2cfd89f97","username":"tinylion628","password":"chrysler","salt":"rj2z0ua2","md5":"8669f624dd3ff02f77dd4cda23264525","sha1":"b09293929f4fd7ed0f527123335958dcf2d982e4","sha256":"10225bfbc8f7605dea2e99cb2fef9a1b78e6a86643c51d857ba6060fe5d3a6d3"},"dob":{"date":"2001-03-06T23:09:19.871Z","age":23},"registered":{"date":"2005-06-20T11:16:55.959Z","age":19},"phone":"098-55964358","cell":"0923-352-3468","id":{"name":"","value":null},"picture":{"large":"https://randomuser.me/api/portraits/women/74.jpg","medium":"https://randomuser.me/api/portraits/med/women/74.jpg","thumbnail":"https://randomuser.me/api/portraits/thumb/women/74.jpg"},"nat":"IR"}],"info":{"seed":"514ed8357dd93724","results":1,"page":1,"version":"1.4"}} 
 </msg>
<msg time="2024-07-03T04:17:41.634133" level="INFO">/opt/hostedtoolcache/Python/3.12.4/x64/lib/python3.12/site-packages/urllib3/connectionpool.py:1099: InsecureRequestWarning: Unverified HTTPS request is being made to host 'randomuser.me'. Adding certificate verification is strongly advised. See: https://urllib3.readthedocs.io/en/latest/advanced-usage.html#tls-warnings
  warnings.warn(</msg>
<msg time="2024-07-03T04:17:41.634270" level="INFO">${response} = &lt;Response [200]&gt;</msg>
<var>${response}</var>
<arg>consultarAPI</arg>
<arg>/api</arg>
<doc>Sends a GET request on a previously created HTTP Session.</doc>
<status status="PASS" start="2024-07-03T04:17:41.546409" elapsed="0.087904"/>
</kw>
<kw name="Set Variable" owner="BuiltIn">
<msg time="2024-07-03T04:17:41.635396" level="INFO">${json_data} = {'results': [{'gender': 'female', 'name': {'title': 'Mrs', 'first': 'رونیکا', 'last': 'احمدی'}, 'location': {'street': {'number': 47, 'name': 'میدان رسالت'}, 'city': 'بیرجند', 'state': 'قم', 'country'...</msg>
<var>${json_data}</var>
<arg>${response.json()}</arg>
<doc>Returns the given values which can then be assigned to a variables.</doc>
<status status="PASS" start="2024-07-03T04:17:41.634848" elapsed="0.000585"/>
</kw>
<kw name="Log" owner="BuiltIn">
<msg time="2024-07-03T04:17:41.635950" level="INFO">{'results': [{'gender': 'female', 'name': {'title': 'Mrs', 'first': 'رونیکا', 'last': 'احمدی'}, 'location': {'street': {'number': 47, 'name': 'میدان رسالت'}, 'city': 'بیرجند', 'state': 'قم', 'country': 'Iran', 'postcode': 54014, 'coordinates': {'latitude': '19.9132', 'longitude': '48.8067'}, 'timezone': {'offset': '0:00', 'description': 'Western Europe Time, London, Lisbon, Casablanca'}}, 'email': 'rwnykh.hmdy@example.com', 'login': {'uuid': '60870b48-742d-46f5-8d3e-99f2cfd89f97', 'username': 'tinylion628', 'password': 'chrysler', 'salt': 'rj2z0ua2', 'md5': '8669f624dd3ff02f77dd4cda23264525', 'sha1': 'b09293929f4fd7ed0f527123335958dcf2d982e4', 'sha256': '10225bfbc8f7605dea2e99cb2fef9a1b78e6a86643c51d857ba6060fe5d3a6d3'}, 'dob': {'date': '2001-03-06T23:09:19.871Z', 'age': 23}, 'registered': {'date': '2005-06-20T11:16:55.959Z', 'age': 19}, 'phone': '098-55964358', 'cell': '0923-352-3468', 'id': {'name': '', 'value': None}, 'picture': {'large': 'https://randomuser.me/api/portraits/women/74.jpg', 'medium': 'https://randomuser.me/api/portraits/med/women/74.jpg', 'thumbnail': 'https://randomuser.me/api/portraits/thumb/women/74.jpg'}, 'nat': 'IR'}], 'info': {'seed': '514ed8357dd93724', 'results': 1, 'page': 1, 'version': '1.4'}}</msg>
<arg>${json_data}</arg>
<doc>Logs the given message with the given level.</doc>
<status status="PASS" start="2024-07-03T04:17:41.635776" elapsed="0.000226"/>
</kw>
<kw name="Should Be String" owner="String">
<arg>${json_data['results'][0]['gender']}</arg>
<doc>Fails if the given ``item`` is not a string.</doc>
<status status="PASS" start="2024-07-03T04:17:41.636309" elapsed="0.000390"/>
</kw>
<kw name="Should Match Regexp" owner="BuiltIn">
<arg>${json_data['results'][0]['email']}</arg>
<arg>^[a-zA-Z0-9._%+-]+@[a-zA-Z0-9.-]+\.[a-zA-Z]{2,}$</arg>
<doc>Fails if ``string`` does not match ``pattern`` as a regular expression.</doc>
<status status="PASS" start="2024-07-03T04:17:41.636980" elapsed="0.000536"/>
</kw>
<kw name="Should Match Regexp" owner="BuiltIn">
<arg>${json_data['results'][0]['dob']['date']}</arg>
<arg>\\d{4}-\\d{2}-\\d{2}T\\d{2}:\\d{2}:\\d{2}\\.\\d{3}Z</arg>
<doc>Fails if ``string`` does not match ``pattern`` as a regular expression.</doc>
<status status="PASS" start="2024-07-03T04:17:41.637713" elapsed="0.000505"/>
</kw>
<kw name="Should Match Regexp" owner="BuiltIn">
<arg>${json_data['results'][0]['registered']['date']}</arg>
<arg>\\d{4}-\\d{2}-\\d{2}T\\d{2}:\\d{2}:\\d{2}\\.\\d{3}Z</arg>
<doc>Fails if ``string`` does not match ``pattern`` as a regular expression.</doc>
<status status="PASS" start="2024-07-03T04:17:41.638409" elapsed="0.000374"/>
</kw>
<kw name="Should Match Regexp" owner="BuiltIn">
<arg>${json_data['results'][0]['picture']['large']}</arg>
<arg>^https?://.*\.(?:png|jpe?g|gif|bmp)$</arg>
<doc>Fails if ``string`` does not match ``pattern`` as a regular expression.</doc>
<status status="PASS" start="2024-07-03T04:17:41.638967" elapsed="0.000456"/>
</kw>
<kw name="Should Match Regexp" owner="BuiltIn">
<arg>${json_data['results'][0]['picture']['medium']}</arg>
<arg>^https?://.*\.(?:png|jpe?g|gif|bmp)$</arg>
<doc>Fails if ``string`` does not match ``pattern`` as a regular expression.</doc>
<status status="PASS" start="2024-07-03T04:17:41.639617" elapsed="0.000348"/>
</kw>
<kw name="Should Match Regexp" owner="BuiltIn">
<arg>${json_data['results'][0]['picture']['thumbnail']}</arg>
<arg>^https?://.*\.(?:png|jpe?g|gif|bmp)$</arg>
<doc>Fails if ``string`` does not match ``pattern`` as a regular expression.</doc>
<status status="PASS" start="2024-07-03T04:17:41.640153" elapsed="0.000346"/>
</kw>
<kw name="Log" owner="BuiltIn">
<msg time="2024-07-03T04:17:41.641034" level="INFO">{'large': 'https://randomuser.me/api/portraits/women/74.jpg', 'medium': 'https://randomuser.me/api/portraits/med/women/74.jpg', 'thumbnail': 'https://randomuser.me/api/portraits/thumb/women/74.jpg'}</msg>
<arg>${json_data['results'][0]['picture']}</arg>
<doc>Logs the given message with the given level.</doc>
<status status="PASS" start="2024-07-03T04:17:41.640683" elapsed="0.000393"/>
</kw>
<status status="PASS" start="2024-07-03T04:17:41.546181" elapsed="0.095163"/>
</kw>
<kw name="Teste de Tipos de Dados - Postcode" owner="random-user-service">
<kw name="GET On Session" owner="RequestsLibrary">
<msg time="2024-07-03T04:17:41.732137" level="INFO">GET Request : url=https://randomuser.me/api 
 path_url=/api 
 headers={'User-Agent': 'python-requests/2.32.3', 'Accept-Encoding': 'gzip, deflate', 'Accept': '*/*', 'Connection': 'keep-alive'} 
 body=None 
 </msg>
<msg time="2024-07-03T04:17:41.732236" level="INFO">GET Response : url=https://randomuser.me/api 
 status=200, reason=OK 
 headers={'Date': 'Wed, 03 Jul 2024 04:17:41 GMT', 'Content-Type': 'application/json; charset=utf-8', 'Transfer-Encoding': 'chunked', 'Connection': 'keep-alive', 'X-Powered-By': 'Express', 'Access-Control-Allow-Origin': '*', 'Cache-Control': 'no-cache', 'ETag': 'W/"47f-RdJr5BRXcFm5U9fBgTJbrIG1Vj0"', 'Vary': 'Accept-Encoding', 'Content-Encoding': 'gzip', 'CF-Cache-Status': 'DYNAMIC', 'Report-To': '{"endpoints":[{"url":"https:\\/\\/a.nel.cloudflare.com\\/report\\/v4?s=Hc3%2FiNv4Ws2RCH%2FR%2F81pHqRL56WDTvJsnWG8ZiZZV9tFvAd8hvpRuRiPdmLnQ9SJ8IFKK5UckjkBk42BSlN7lVRm8BWujDqWKj1T2hFBhteXtCx9seqtTCg8q6kOjFQu"}],"group":"cf-nel","max_age":604800}', 'NEL': '{"success_fraction":0,"report_to":"cf-nel","max_age":604800}', 'Server': 'cloudflare', 'CF-RAY': '89d4113b4e0d28c8-IAD', 'alt-svc': 'h3=":443"; ma=86400'} 
 body={"results":[{"gender":"female","name":{"title":"Ms","first":"Riley","last":"Flores"},"location":{"street":{"number":9216,"name":"Parker Rd"},"city":"Adelaide","state":"Victoria","country":"Australia","postcode":6227,"coordinates":{"latitude":"-82.2095","longitude":"27.4835"},"timezone":{"offset":"-11:00","description":"Midway Island, Samoa"}},"email":"riley.flores@example.com","login":{"uuid":"c4b0e90d-0883-4edb-a31d-c98008dfc97a","username":"smallrabbit652","password":"barefoot","salt":"HIn61Q6o","md5":"a9226743396d83e7cb558bea103283f7","sha1":"305e659f807dc74f1bbd7bdc962cb3d498ed518c","sha256":"ff753ccda757978198c34e72ca6fc52043ea40eea8a386b6d5db97668ce62b48"},"dob":{"date":"1973-05-17T06:45:09.631Z","age":51},"registered":{"date":"2003-04-23T21:01:49.656Z","age":21},"phone":"05-8976-4683","cell":"0437-199-438","id":{"name":"TFN","value":"600622835"},"picture":{"large":"https://randomuser.me/api/portraits/women/3.jpg","medium":"https://randomuser.me/api/portraits/med/women/3.jpg","thumbnail":"https://randomuser.me/api/portraits/thumb/women/3.jpg"},"nat":"AU"}],"info":{"seed":"fab8190b8f3431a4","results":1,"page":1,"version":"1.4"}} 
 </msg>
<msg time="2024-07-03T04:17:41.732305" level="INFO">/opt/hostedtoolcache/Python/3.12.4/x64/lib/python3.12/site-packages/urllib3/connectionpool.py:1099: InsecureRequestWarning: Unverified HTTPS request is being made to host 'randomuser.me'. Adding certificate verification is strongly advised. See: https://urllib3.readthedocs.io/en/latest/advanced-usage.html#tls-warnings
  warnings.warn(</msg>
<msg time="2024-07-03T04:17:41.732425" level="INFO">${response} = &lt;Response [200]&gt;</msg>
<var>${response}</var>
<arg>consultarAPI</arg>
<arg>/api</arg>
<doc>Sends a GET request on a previously created HTTP Session.</doc>
<status status="PASS" start="2024-07-03T04:17:41.641807" elapsed="0.090659"/>
</kw>
<kw name="Set Variable" owner="BuiltIn">
<msg time="2024-07-03T04:17:41.733719" level="INFO">${json_data} = {'results': [{'gender': 'female', 'name': {'title': 'Ms', 'first': 'Riley', 'last': 'Flores'}, 'location': {'street': {'number': 9216, 'name': 'Parker Rd'}, 'city': 'Adelaide', 'state': 'Victoria', 'c...</msg>
<var>${json_data}</var>
<arg>${response.json()}</arg>
<doc>Returns the given values which can then be assigned to a variables.</doc>
<status status="PASS" start="2024-07-03T04:17:41.733131" elapsed="0.000617"/>
</kw>
<kw name="Log" owner="BuiltIn">
<msg time="2024-07-03T04:17:41.734275" level="INFO">{'results': [{'gender': 'female', 'name': {'title': 'Ms', 'first': 'Riley', 'last': 'Flores'}, 'location': {'street': {'number': 9216, 'name': 'Parker Rd'}, 'city': 'Adelaide', 'state': 'Victoria', 'country': 'Australia', 'postcode': 6227, 'coordinates': {'latitude': '-82.2095', 'longitude': '27.4835'}, 'timezone': {'offset': '-11:00', 'description': 'Midway Island, Samoa'}}, 'email': 'riley.flores@example.com', 'login': {'uuid': 'c4b0e90d-0883-4edb-a31d-c98008dfc97a', 'username': 'smallrabbit652', 'password': 'barefoot', 'salt': 'HIn61Q6o', 'md5': 'a9226743396d83e7cb558bea103283f7', 'sha1': '305e659f807dc74f1bbd7bdc962cb3d498ed518c', 'sha256': 'ff753ccda757978198c34e72ca6fc52043ea40eea8a386b6d5db97668ce62b48'}, 'dob': {'date': '1973-05-17T06:45:09.631Z', 'age': 51}, 'registered': {'date': '2003-04-23T21:01:49.656Z', 'age': 21}, 'phone': '05-8976-4683', 'cell': '0437-199-438', 'id': {'name': 'TFN', 'value': '600622835'}, 'picture': {'large': 'https://randomuser.me/api/portraits/women/3.jpg', 'medium': 'https://randomuser.me/api/portraits/med/women/3.jpg', 'thumbnail': 'https://randomuser.me/api/portraits/thumb/women/3.jpg'}, 'nat': 'AU'}], 'info': {'seed': 'fab8190b8f3431a4', 'results': 1, 'page': 1, 'version': '1.4'}}</msg>
<arg>${json_data}</arg>
<doc>Logs the given message with the given level.</doc>
<status status="PASS" start="2024-07-03T04:17:41.734101" elapsed="0.000223"/>
</kw>
<kw name="Should Be Equal As Numbers" owner="BuiltIn">
<arg>${json_data['results'][0]['location']['postcode']}</arg>
<arg>${json_data['results'][0]['location']['postcode']}</arg>
<doc>Fails if objects are unequal after converting them to real numbers.</doc>
<status status="PASS" start="2024-07-03T04:17:41.734634" elapsed="0.000664"/>
</kw>
<kw name="Log" owner="BuiltIn">
<msg time="2024-07-03T04:17:41.736055" level="INFO">6227</msg>
<arg>${json_data['results'][0]['location']['postcode']}</arg>
<doc>Logs the given message with the given level.</doc>
<status status="PASS" start="2024-07-03T04:17:41.735533" elapsed="0.000563"/>
</kw>
<status status="PASS" start="2024-07-03T04:17:41.641576" elapsed="0.094784"/>
</kw>
<doc>Testa se os tipos de dados na resposta da API estão corretos.</doc>
<tag>testeTiposDados</tag>
<status status="PASS" start="2024-07-03T04:17:41.545608" elapsed="0.190923"/>
</test>
<test id="s1-s1-t5" name="Validar conteudo" line="35">
<kw name="Teste de Tipos de Conteudo" owner="random-user-service">
<kw name="GET On Session" owner="RequestsLibrary">
<msg time="2024-07-03T04:17:41.831462" level="INFO">GET Request : url=https://randomuser.me/api 
 path_url=/api 
 headers={'User-Agent': 'python-requests/2.32.3', 'Accept-Encoding': 'gzip, deflate', 'Accept': '*/*', 'Connection': 'keep-alive'} 
 body=None 
 </msg>
<msg time="2024-07-03T04:17:41.831561" level="INFO">GET Response : url=https://randomuser.me/api 
 status=200, reason=OK 
 headers={'Date': 'Wed, 03 Jul 2024 04:17:41 GMT', 'Content-Type': 'application/json; charset=utf-8', 'Transfer-Encoding': 'chunked', 'Connection': 'keep-alive', 'X-Powered-By': 'Express', 'Access-Control-Allow-Origin': '*', 'Cache-Control': 'no-cache', 'ETag': 'W/"493-IpZ3ck2RNcyhqkjuw9ZD7c3sOR0"', 'Vary': 'Accept-Encoding', 'Content-Encoding': 'gzip', 'CF-Cache-Status': 'DYNAMIC', 'Report-To': '{"endpoints":[{"url":"https:\\/\\/a.nel.cloudflare.com\\/report\\/v4?s=SZfUnWjou2FTG1bJguZi9J7gnJcdP32B5VOQBb1sRNlAYICbSzvWpVvN4Z1PADZuwIqh%2BLyjKZyQaRd7AZSCM6DXT6N%2BgRI7Be3ApPPLspREu4HQpqLS49VnCFss87L5"}],"group":"cf-nel","max_age":604800}', 'NEL': '{"success_fraction":0,"report_to":"cf-nel","max_age":604800}', 'Server': 'cloudflare', 'CF-RAY': '89d4113beeb828c8-IAD', 'alt-svc': 'h3=":443"; ma=86400'} 
 body={"results":[{"gender":"male","name":{"title":"Mr","first":"Joseph","last":"Clarke"},"location":{"street":{"number":9113,"name":"Ravensbourne Road"},"city":"Dunedin","state":"Waikato","country":"New Zealand","postcode":18315,"coordinates":{"latitude":"53.4665","longitude":"-150.9886"},"timezone":{"offset":"+5:00","description":"Ekaterinburg, Islamabad, Karachi, Tashkent"}},"email":"joseph.clarke@example.com","login":{"uuid":"91beb2d1-c9a9-48e1-84c6-b0d0402dc4bb","username":"silvergorilla751","password":"dilligaf","salt":"VJNJH3gc","md5":"c7701133315571dbc5591bbdb7e4e352","sha1":"7b65fff9e1cdf9d695903237d57237a21891be71","sha256":"d69ba77b0e1428d63fbb98f2a071fcd26f07e72e0b70251b9a2df1d11b398fe2"},"dob":{"date":"1947-11-18T15:14:22.448Z","age":76},"registered":{"date":"2019-06-16T09:43:59.819Z","age":5},"phone":"(201)-872-7770","cell":"(696)-572-5983","id":{"name":"","value":null},"picture":{"large":"https://randomuser.me/api/portraits/men/3.jpg","medium":"https://randomuser.me/api/portraits/med/men/3.jpg","thumbnail":"https://randomuser.me/api/portraits/thumb/men/3.jpg"},"nat":"NZ"}],"info":{"seed":"ef41096235d48c6a","results":1,"page":1,"version":"1.4"}} 
 </msg>
<msg time="2024-07-03T04:17:41.831628" level="INFO">/opt/hostedtoolcache/Python/3.12.4/x64/lib/python3.12/site-packages/urllib3/connectionpool.py:1099: InsecureRequestWarning: Unverified HTTPS request is being made to host 'randomuser.me'. Adding certificate verification is strongly advised. See: https://urllib3.readthedocs.io/en/latest/advanced-usage.html#tls-warnings
  warnings.warn(</msg>
<msg time="2024-07-03T04:17:41.831757" level="INFO">${response} = &lt;Response [200]&gt;</msg>
<var>${response}</var>
<arg>consultarAPI</arg>
<arg>/api</arg>
<doc>Sends a GET request on a previously created HTTP Session.</doc>
<status status="PASS" start="2024-07-03T04:17:41.739130" elapsed="0.092665"/>
</kw>
<kw name="Set Variable" owner="BuiltIn">
<msg time="2024-07-03T04:17:41.833006" level="INFO">${json_data} = {'results': [{'gender': 'male', 'name': {'title': 'Mr', 'first': 'Joseph', 'last': 'Clarke'}, 'location': {'street': {'number': 9113, 'name': 'Ravensbourne Road'}, 'city': 'Dunedin', 'state': 'Waikato...</msg>
<var>${json_data}</var>
<arg>${response.json()}</arg>
<doc>Returns the given values which can then be assigned to a variables.</doc>
<status status="PASS" start="2024-07-03T04:17:41.832411" elapsed="0.000625"/>
</kw>
<kw name="Set Variable" owner="BuiltIn">
<msg time="2024-07-03T04:17:41.833728" level="INFO">${name_title} = Mr</msg>
<var>${name_title}</var>
<arg>${json_data["results"][0]["name"]["title"]}</arg>
<doc>Returns the given values which can then be assigned to a variables.</doc>
<status status="PASS" start="2024-07-03T04:17:41.833348" elapsed="0.000405"/>
</kw>
<kw name="Create List" owner="BuiltIn">
<msg time="2024-07-03T04:17:41.834191" level="INFO">${allowed_titles} = ['Mr', 'Ms', 'Miss', 'Mrs', 'Madame', 'Monsieur']</msg>
<var>${allowed_titles}</var>
<arg>Mr</arg>
<arg>Ms</arg>
<arg>Miss</arg>
<arg>Mrs</arg>
<arg>Madame</arg>
<arg>Monsieur</arg>
<doc>Returns a list containing given items.</doc>
<status status="PASS" start="2024-07-03T04:17:41.834044" elapsed="0.000171"/>
</kw>
<kw name="List Should Contain Value" owner="Collections">
<arg>${allowed_titles}</arg>
<arg>${name_title}</arg>
<doc>Fails if the ``value`` is not found from ``list``.</doc>
<status status="PASS" start="2024-07-03T04:17:41.834515" elapsed="0.000179"/>
</kw>
<kw name="Set Variable" owner="BuiltIn">
<msg time="2024-07-03T04:17:41.835241" level="INFO">${name_country} = NZ</msg>
<var>${name_country}</var>
<arg>${json_data["results"][0]["nat"]}</arg>
<doc>Returns the given values which can then be assigned to a variables.</doc>
<status status="PASS" start="2024-07-03T04:17:41.834877" elapsed="0.000388"/>
</kw>
<kw name="Create List" owner="BuiltIn">
<msg time="2024-07-03T04:17:41.836144" level="INFO">${list_country} = ['AD', 'AE', 'AF', 'AG', 'AI', 'AL', 'AM', 'AO', 'AQ', 'AR', 'AS', 'AT', 'AU', 'AW', 'AX', 'AZ', 'BA', 'BB', 'BD', 'BE', 'BF', 'BG', 'BH', 'BI', 'BJ', 'BL', 'BM', 'BN', 'BO', 'BQ', 'BR', 'BS', 'BT', '...</msg>
<var>${list_country}</var>
<arg>AD</arg>
<arg>AE</arg>
<arg>AF</arg>
<arg>AG</arg>
<arg>AI</arg>
<arg>AL</arg>
<arg>AM</arg>
<arg>AO</arg>
<arg>AQ</arg>
<arg>AR</arg>
<arg>AS</arg>
<arg>AT</arg>
<arg>AU</arg>
<arg>AW</arg>
<arg>AX</arg>
<arg>AZ</arg>
<arg>BA</arg>
<arg>BB</arg>
<arg>BD</arg>
<arg>BE</arg>
<arg>BF</arg>
<arg>BG</arg>
<arg>BH</arg>
<arg>BI</arg>
<arg>BJ</arg>
<arg>BL</arg>
<arg>BM</arg>
<arg>BN</arg>
<arg>BO</arg>
<arg>BQ</arg>
<arg>BR</arg>
<arg>BS</arg>
<arg>BT</arg>
<arg>BV</arg>
<arg>BW</arg>
<arg>BY</arg>
<arg>BZ</arg>
<arg>CA</arg>
<arg>CC</arg>
<arg>CD</arg>
<arg>CF</arg>
<arg>CG</arg>
<arg>CH</arg>
<arg>CI</arg>
<arg>CK</arg>
<arg>CL</arg>
<arg>CM</arg>
<arg>CN</arg>
<arg>CO</arg>
<arg>CR</arg>
<arg>CU</arg>
<arg>CV</arg>
<arg>CW</arg>
<arg>CX</arg>
<arg>CY</arg>
<arg>CZ</arg>
<arg>DE</arg>
<arg>DJ</arg>
<arg>DK</arg>
<arg>DM</arg>
<arg>DO</arg>
<arg>DZ</arg>
<arg>EC</arg>
<arg>EE</arg>
<arg>EG</arg>
<arg>EH</arg>
<arg>ER</arg>
<arg>ES</arg>
<arg>ET</arg>
<arg>FI</arg>
<arg>FJ</arg>
<arg>FK</arg>
<arg>FM</arg>
<arg>FO</arg>
<arg>FR</arg>
<arg>GA</arg>
<arg>GB</arg>
<arg>GD</arg>
<arg>GE</arg>
<arg>GF</arg>
<arg>GG</arg>
<arg>GH</arg>
<arg>GI</arg>
<arg>GL</arg>
<arg>GM</arg>
<arg>GN</arg>
<arg>GP</arg>
<arg>GQ</arg>
<arg>GR</arg>
<arg>GS</arg>
<arg>GT</arg>
<arg>GU</arg>
<arg>GW</arg>
<arg>GY</arg>
<arg>HK</arg>
<arg>HM</arg>
<arg>HN</arg>
<arg>HR</arg>
<arg>HT</arg>
<arg>HU</arg>
<arg>ID</arg>
<arg>IE</arg>
<arg>IL</arg>
<arg>IM</arg>
<arg>IN</arg>
<arg>IO</arg>
<arg>IQ</arg>
<arg>IR</arg>
<arg>IS</arg>
<arg>IT</arg>
<arg>JE</arg>
<arg>JM</arg>
<arg>JO</arg>
<arg>JP</arg>
<arg>KE</arg>
<arg>KG</arg>
<arg>KH</arg>
<arg>KI</arg>
<arg>KM</arg>
<arg>KN</arg>
<arg>KP</arg>
<arg>KR</arg>
<arg>KW</arg>
<arg>KY</arg>
<arg>KZ</arg>
<arg>LA</arg>
<arg>LB</arg>
<arg>LC</arg>
<arg>LI</arg>
<arg>LK</arg>
<arg>LR</arg>
<arg>LS</arg>
<arg>LT</arg>
<arg>LU</arg>
<arg>LV</arg>
<arg>LY</arg>
<arg>MA</arg>
<arg>MC</arg>
<arg>MD</arg>
<arg>ME</arg>
<arg>MF</arg>
<arg>MG</arg>
<arg>MH</arg>
<arg>MK</arg>
<arg>ML</arg>
<arg>MM</arg>
<arg>MN</arg>
<arg>MO</arg>
<arg>MP</arg>
<arg>MQ</arg>
<arg>MR</arg>
<arg>MS</arg>
<arg>MT</arg>
<arg>MU</arg>
<arg>MV</arg>
<arg>MW</arg>
<arg>MX</arg>
<arg>MY</arg>
<arg>MZ</arg>
<arg>NA</arg>
<arg>NC</arg>
<arg>NE</arg>
<arg>NF</arg>
<arg>NG</arg>
<arg>NI</arg>
<arg>NL</arg>
<arg>NO</arg>
<arg>NP</arg>
<arg>NR</arg>
<arg>NU</arg>
<arg>NZ</arg>
<arg>OM</arg>
<arg>PA</arg>
<arg>PE</arg>
<arg>PF</arg>
<arg>PG</arg>
<arg>PH</arg>
<arg>PK</arg>
<arg>PL</arg>
<arg>PM</arg>
<arg>PN</arg>
<arg>PR</arg>
<arg>PS</arg>
<arg>PT</arg>
<arg>PW</arg>
<arg>PY</arg>
<arg>QA</arg>
<arg>RE</arg>
<arg>RO</arg>
<arg>RS</arg>
<arg>RU</arg>
<arg>RW</arg>
<arg>SA</arg>
<arg>SB</arg>
<arg>SC</arg>
<arg>SD</arg>
<arg>SE</arg>
<arg>SG</arg>
<arg>SH</arg>
<arg>SI</arg>
<arg>SJ</arg>
<arg>SK</arg>
<arg>SL</arg>
<arg>SM</arg>
<arg>SN</arg>
<arg>SO</arg>
<arg>SR</arg>
<arg>SS</arg>
<arg>ST</arg>
<arg>SV</arg>
<arg>SX</arg>
<arg>SY</arg>
<arg>SZ</arg>
<arg>TC</arg>
<arg>TD</arg>
<arg>TF</arg>
<arg>TG</arg>
<arg>TH</arg>
<arg>TJ</arg>
<arg>TK</arg>
<arg>TL</arg>
<arg>TM</arg>
<arg>TN</arg>
<arg>TO</arg>
<arg>TR</arg>
<arg>TT</arg>
<arg>TV</arg>
<arg>TW</arg>
<arg>TZ</arg>
<arg>UA</arg>
<arg>UG</arg>
<arg>UM</arg>
<arg>US</arg>
<arg>UY</arg>
<arg>UZ</arg>
<arg>VA</arg>
<arg>VC</arg>
<arg>VE</arg>
<arg>VG</arg>
<arg>VI</arg>
<arg>VN</arg>
<arg>VU</arg>
<arg>WF</arg>
<arg>WS</arg>
<arg>XK</arg>
<arg>YE</arg>
<arg>YT</arg>
<arg>ZA</arg>
<arg>ZM</arg>
<arg>ZW</arg>
<doc>Returns a list containing given items.</doc>
<status status="PASS" start="2024-07-03T04:17:41.835550" elapsed="0.000619"/>
</kw>
<kw name="List Should Contain Value" owner="Collections">
<arg>${list_country}</arg>
<arg>${name_country}</arg>
<doc>Fails if the ``value`` is not found from ``list``.</doc>
<status status="PASS" start="2024-07-03T04:17:41.836998" elapsed="0.000203"/>
</kw>
<kw name="Run Keyword If" owner="BuiltIn">
<kw name="Should Be True" owner="BuiltIn">
<arg>${True}</arg>
<doc>Fails if the given condition is not true.</doc>
<status status="PASS" start="2024-07-03T04:17:41.838136" elapsed="0.000145"/>
</kw>
<arg>${json_data["results"][0]["location"]["coordinates"]["latitude"]} &gt;= -90 and ${json_data["results"][0]["location"]["coordinates"]["latitude"]} &lt;= 90</arg>
<arg>Should Be True</arg>
<arg>${True}</arg>
<doc>Runs the given keyword with the given arguments, if ``condition`` is true.</doc>
<status status="PASS" start="2024-07-03T04:17:41.837394" elapsed="0.001011"/>
</kw>
<kw name="Run Keyword If" owner="BuiltIn">
<kw name="Should Be True" owner="BuiltIn">
<arg>${True}</arg>
<doc>Fails if the given condition is not true.</doc>
<status status="PASS" start="2024-07-03T04:17:41.839279" elapsed="0.000250"/>
</kw>
<arg>${json_data["results"][0]["location"]["coordinates"]["longitude"]} &gt;= -180 and ${json_data["results"][0]["location"]["coordinates"]["longitude"]} &lt;= 180</arg>
<arg>Should Be True</arg>
<arg>${True}</arg>
<doc>Runs the given keyword with the given arguments, if ``condition`` is true.</doc>
<status status="PASS" start="2024-07-03T04:17:41.838582" elapsed="0.001074"/>
</kw>
<status status="PASS" start="2024-07-03T04:17:41.738895" elapsed="0.100892"/>
</kw>
<doc>Testa o conteúdo específico dos campos retornados pela API.</doc>
<tag>testeConteudo</tag>
<status status="PASS" start="2024-07-03T04:17:41.738349" elapsed="0.101592"/>
</test>
<status status="PASS" start="2024-07-03T04:17:40.986310" elapsed="0.855677"/>
</suite>
<status status="PASS" start="2024-07-03T04:17:40.970934" elapsed="0.876239"/>
</suite>
<statistics>
<total>
<stat pass="5" fail="0" skip="0">All Tests</stat>
</total>
<tag>
<stat pass="1" fail="0" skip="0">testeConteudo</stat>
<stat pass="1" fail="0" skip="0">testeEstruturaResposta</stat>
<stat pass="1" fail="0" skip="0">testeRequisicaoBasica</stat>
<stat pass="1" fail="0" skip="0">testeTiposDados</stat>
</tag>
<suite>
<stat pass="5" fail="0" skip="0" id="s1" name="Tests">Tests</stat>
<stat pass="5" fail="0" skip="0" id="s1-s1" name="Random-User-Test">Tests.Random-User-Test</stat>
</suite>
</statistics>
<errors>
</errors>
</robot>
