<?xml version="1.0" encoding="UTF-8"?>
<robot generator="Robot 7.0.1 (Python 3.12.3 on linux)" generated="2024-06-17T23:15:41.527741" rpa="false" schemaversion="5">
<suite id="s1" name="Tests" source="/home/runner/work/ApiRandomUser/ApiRandomUser/RamdonUser/tests">
<suite id="s1-s1" name="Random-User-Test" source="/home/runner/work/ApiRandomUser/ApiRandomUser/RamdonUser/tests/random-user-test.robot">
<test id="s1-s1-t1" name="Conectar" line="13">
<kw name="Conectar API" owner="random-user-service">
<kw name="Create Session" owner="RequestsLibrary">
<msg time="2024-06-17T23:15:41.946258" level="INFO">Creating Session using : alias=consultarAPI, url=https://randomuser.me/, headers={},                     cookies={}, auth=None, timeout=None, proxies=None, verify=False,                     debug=0 </msg>
<arg>consultarAPI</arg>
<arg>${URL}</arg>
<doc>Create Session: create a HTTP session to a server</doc>
<status status="PASS" start="2024-06-17T23:15:41.946047" elapsed="0.000420"/>
</kw>
<status status="PASS" start="2024-06-17T23:15:41.944974" elapsed="0.001919"/>
</kw>
<status status="PASS" start="2024-06-17T23:15:41.944425" elapsed="0.002667"/>
</test>
<test id="s1-s1-t2" name="Validar retorno 200 e JSON Válido" line="16">
<kw name="Teste de Requisicao Basica" owner="random-user-service">
<kw name="GET On Session" owner="RequestsLibrary">
<msg time="2024-06-17T23:15:42.527960" level="INFO">GET Request : url=https://randomuser.me/api 
 path_url=/api 
 headers={'User-Agent': 'python-requests/2.32.3', 'Accept-Encoding': 'gzip, deflate', 'Accept': '*/*', 'Connection': 'keep-alive'} 
 body=None 
 </msg>
<msg time="2024-06-17T23:15:42.528119" level="INFO">GET Response : url=https://randomuser.me/api 
 status=200, reason=OK 
 headers={'Date': 'Mon, 17 Jun 2024 23:15:42 GMT', 'Content-Type': 'application/json; charset=utf-8', 'Transfer-Encoding': 'chunked', 'Connection': 'keep-alive', 'X-Powered-By': 'Express', 'Access-Control-Allow-Origin': '*', 'Cache-Control': 'no-cache', 'ETag': 'W/"473-rtWFigOmbr7IddVQ9GPOMK82SgE"', 'Vary': 'Accept-Encoding', 'Content-Encoding': 'gzip', 'CF-Cache-Status': 'DYNAMIC', 'Report-To': '{"endpoints":[{"url":"https:\\/\\/a.nel.cloudflare.com\\/report\\/v4?s=g4otbpRk35ibBBTxYYOGCDM7iC5%2FtkfI2vjEF3elzODQhlZNg9j2Ai1ApGjoH4aXIzwabN71lOWXus8zyHHF%2F6WwntAq2J5SaztM1niz10gKfBzrAJiRIsg5a%2B460xli"}],"group":"cf-nel","max_age":604800}', 'NEL': '{"success_fraction":0,"report_to":"cf-nel","max_age":604800}', 'Server': 'cloudflare', 'CF-RAY': '8956be3bf878072b-SJC', 'alt-svc': 'h3=":443"; ma=86400'} 
 body={"results":[{"gender":"male","name":{"title":"Mr","first":"Dhipu","last":"Nayak"},"location":{"street":{"number":2966,"name":"College St"},"city":"Pallavaram","state":"Madhya Pradesh","country":"India","postcode":20283,"coordinates":{"latitude":"12.2269","longitude":"-136.7961"},"timezone":{"offset":"+5:45","description":"Kathmandu"}},"email":"dhipu.nayak@example.com","login":{"uuid":"59b43b81-544f-426a-8606-a1f5a9060419","username":"angrygorilla669","password":"griffin","salt":"vrq8kANH","md5":"7760b37325e7fa42d2c3ad4be616de0c","sha1":"68bfcf6d4434c5a5b7c81888e4fef6769b151b3d","sha256":"dc3d7832678d3b8e1e82a0aea2ff34dce11f24518671ffb1dd4423ca81aeef62"},"dob":{"date":"1950-11-01T02:12:25.886Z","age":73},"registered":{"date":"2021-11-04T20:43:42.976Z","age":2},"phone":"8503020622","cell":"9390033682","id":{"name":"UIDAI","value":"749883668306"},"picture":{"large":"https://randomuser.me/api/portraits/men/34.jpg","medium":"https://randomuser.me/api/portraits/med/men/34.jpg","thumbnail":"https://randomuser.me/api/portraits/thumb/men/34.jpg"},"nat":"IN"}],"info":{"seed":"d6f6a7106dc84044","results":1,"page":1,"version":"1.4"}} 
 </msg>
<msg time="2024-06-17T23:15:42.528202" level="INFO">/opt/hostedtoolcache/Python/3.12.3/x64/lib/python3.12/site-packages/urllib3/connectionpool.py:1099: InsecureRequestWarning: Unverified HTTPS request is being made to host 'randomuser.me'. Adding certificate verification is strongly advised. See: https://urllib3.readthedocs.io/en/latest/advanced-usage.html#tls-warnings
  warnings.warn(</msg>
<msg time="2024-06-17T23:15:42.528359" level="INFO">${response} = &lt;Response [200]&gt;</msg>
<var>${response}</var>
<arg>consultarAPI</arg>
<arg>/api</arg>
<doc>Sends a GET request on a previously created HTTP Session.</doc>
<status status="PASS" start="2024-06-17T23:15:41.950010" elapsed="0.578391"/>
</kw>
<kw name="Should Be Equal As Numbers" owner="BuiltIn">
<msg time="2024-06-17T23:15:42.529427" level="INFO">Argument types are:
&lt;class 'int'&gt;
&lt;class 'str'&gt;</msg>
<arg>${response.status_code}</arg>
<arg>200</arg>
<doc>Fails if objects are unequal after converting them to real numbers.</doc>
<status status="PASS" start="2024-06-17T23:15:42.528961" elapsed="0.000534"/>
</kw>
<kw name="Log" owner="BuiltIn">
<msg time="2024-06-17T23:15:42.530188" level="INFO">200</msg>
<arg>${response.status_code}</arg>
<doc>Logs the given message with the given level.</doc>
<status status="PASS" start="2024-06-17T23:15:42.529839" elapsed="0.000392"/>
</kw>
<kw name="Set Variable" owner="BuiltIn">
<msg time="2024-06-17T23:15:42.531013" level="INFO">${json_data} = {'results': [{'gender': 'male', 'name': {'title': 'Mr', 'first': 'Dhipu', 'last': 'Nayak'}, 'location': {'street': {'number': 2966, 'name': 'College St'}, 'city': 'Pallavaram', 'state': 'Madhya Prades...</msg>
<var>${json_data}</var>
<arg>${response.json()}</arg>
<doc>Returns the given values which can then be assigned to a variables.</doc>
<status status="PASS" start="2024-06-17T23:15:42.530571" elapsed="0.000470"/>
</kw>
<kw name="Dictionary Should Contain Key" owner="Collections">
<arg>${json_data}</arg>
<arg>results</arg>
<doc>Fails if ``key`` is not found from ``dictionary``.</doc>
<status status="PASS" start="2024-06-17T23:15:42.531345" elapsed="0.000172"/>
</kw>
<status status="PASS" start="2024-06-17T23:15:41.949677" elapsed="0.582095"/>
</kw>
<doc>Testa se a API responde corretamente e retorna um objeto JSON válido.</doc>
<tag>testeRequisicaoBasica</tag>
<status status="PASS" start="2024-06-17T23:15:41.949061" elapsed="0.582943"/>
</test>
<test id="s1-s1-t3" name="Validar estrutura de resposta" line="22">
<kw name="Teste de Estrutura de Resposta" owner="random-user-service">
<kw name="GET On Session" owner="RequestsLibrary">
<msg time="2024-06-17T23:15:42.763550" level="INFO">GET Request : url=https://randomuser.me/api 
 path_url=/api 
 headers={'User-Agent': 'python-requests/2.32.3', 'Accept-Encoding': 'gzip, deflate', 'Accept': '*/*', 'Connection': 'keep-alive'} 
 body=None 
 </msg>
<msg time="2024-06-17T23:15:42.763655" level="INFO">GET Response : url=https://randomuser.me/api 
 status=200, reason=OK 
 headers={'Date': 'Mon, 17 Jun 2024 23:15:42 GMT', 'Content-Type': 'application/json; charset=utf-8', 'Transfer-Encoding': 'chunked', 'Connection': 'keep-alive', 'X-Powered-By': 'Express', 'Access-Control-Allow-Origin': '*', 'Cache-Control': 'no-cache', 'ETag': 'W/"4a7-f7m0A0i5U+sP8c4vVtMLyJ2DEWA"', 'Vary': 'Accept-Encoding', 'Content-Encoding': 'gzip', 'CF-Cache-Status': 'DYNAMIC', 'Report-To': '{"endpoints":[{"url":"https:\\/\\/a.nel.cloudflare.com\\/report\\/v4?s=kpsP5MO3K1q82A8xGCXAZ46J9IRAM313b%2BojO20CMEy0G4cJffK4NcDv3CmWZtPxRiFu9UUu6R9SoCY1MExUnZpq6xBD7nXWX%2BBZlLMdcE1n0%2Bq09l%2BQOSp4fXT%2FyURb"}],"group":"cf-nel","max_age":604800}', 'NEL': '{"success_fraction":0,"report_to":"cf-nel","max_age":604800}', 'Server': 'cloudflare', 'CF-RAY': '8956be3eda65072b-SJC', 'alt-svc': 'h3=":443"; ma=86400'} 
 body={"results":[{"gender":"female","name":{"title":"Mrs","first":"Michaele","last":"Irmer"},"location":{"street":{"number":7006,"name":"Berliner Straße"},"city":"Hallenberg","state":"Sachsen","country":"Germany","postcode":87871,"coordinates":{"latitude":"-51.2002","longitude":"23.4142"},"timezone":{"offset":"-6:00","description":"Central Time (US &amp; Canada), Mexico City"}},"email":"michaele.irmer@example.com","login":{"uuid":"b663b15c-dbb2-49da-9335-7fb28dd19458","username":"goldenladybug998","password":"chelle","salt":"URkK3Mto","md5":"de13d27c39ee88a25f7d4d8ef432d5e7","sha1":"423bd8f26657f00be290405321f8715c24455d19","sha256":"d24e8da9224db70ed6d22d07d3f7dfc3c89963c4cd1f8cdfa4cd34203f29e2da"},"dob":{"date":"1984-08-29T11:37:41.488Z","age":39},"registered":{"date":"2005-08-24T12:39:49.161Z","age":18},"phone":"0881-6235000","cell":"0177-0592578","id":{"name":"SVNR","value":"53 290884 I 733"},"picture":{"large":"https://randomuser.me/api/portraits/women/50.jpg","medium":"https://randomuser.me/api/portraits/med/women/50.jpg","thumbnail":"https://randomuser.me/api/portraits/thumb/women/50.jpg"},"nat":"DE"}],"info":{"seed":"13e2ee8537f6cc6a","results":1,"page":1,"version":"1.4"}} 
 </msg>
<msg time="2024-06-17T23:15:42.763814" level="INFO">/opt/hostedtoolcache/Python/3.12.3/x64/lib/python3.12/site-packages/urllib3/connectionpool.py:1099: InsecureRequestWarning: Unverified HTTPS request is being made to host 'randomuser.me'. Adding certificate verification is strongly advised. See: https://urllib3.readthedocs.io/en/latest/advanced-usage.html#tls-warnings
  warnings.warn(</msg>
<msg time="2024-06-17T23:15:42.763942" level="INFO">${response} = &lt;Response [200]&gt;</msg>
<var>${response}</var>
<arg>consultarAPI</arg>
<arg>/api</arg>
<doc>Sends a GET request on a previously created HTTP Session.</doc>
<status status="PASS" start="2024-06-17T23:15:42.534875" elapsed="0.229105"/>
</kw>
<kw name="Set Variable" owner="BuiltIn">
<msg time="2024-06-17T23:15:42.765039" level="INFO">${json_data} = {'results': [{'gender': 'female', 'name': {'title': 'Mrs', 'first': 'Michaele', 'last': 'Irmer'}, 'location': {'street': {'number': 7006, 'name': 'Berliner Straße'}, 'city': 'Hallenberg', 'state': 'Sa...</msg>
<var>${json_data}</var>
<arg>${response.json()}</arg>
<doc>Returns the given values which can then be assigned to a variables.</doc>
<status status="PASS" start="2024-06-17T23:15:42.764504" elapsed="0.000701"/>
</kw>
<kw name="Log" owner="BuiltIn">
<msg time="2024-06-17T23:15:42.767764" level="INFO">{'results': [{'gender': 'female', 'name': {'title': 'Mrs', 'first': 'Michaele', 'last': 'Irmer'}, 'location': {'street': {'number': 7006, 'name': 'Berliner Straße'}, 'city': 'Hallenberg', 'state': 'Sachsen', 'country': 'Germany', 'postcode': 87871, 'coordinates': {'latitude': '-51.2002', 'longitude': '23.4142'}, 'timezone': {'offset': '-6:00', 'description': 'Central Time (US &amp; Canada), Mexico City'}}, 'email': 'michaele.irmer@example.com', 'login': {'uuid': 'b663b15c-dbb2-49da-9335-7fb28dd19458', 'username': 'goldenladybug998', 'password': 'chelle', 'salt': 'URkK3Mto', 'md5': 'de13d27c39ee88a25f7d4d8ef432d5e7', 'sha1': '423bd8f26657f00be290405321f8715c24455d19', 'sha256': 'd24e8da9224db70ed6d22d07d3f7dfc3c89963c4cd1f8cdfa4cd34203f29e2da'}, 'dob': {'date': '1984-08-29T11:37:41.488Z', 'age': 39}, 'registered': {'date': '2005-08-24T12:39:49.161Z', 'age': 18}, 'phone': '0881-6235000', 'cell': '0177-0592578', 'id': {'name': 'SVNR', 'value': '53 290884 I 733'}, 'picture': {'large': 'https://randomuser.me/api/portraits/women/50.jpg', 'medium': 'https://randomuser.me/api/portraits/med/women/50.jpg', 'thumbnail': 'https://randomuser.me/api/portraits/thumb/women/50.jpg'}, 'nat': 'DE'}], 'info': {'seed': '13e2ee8537f6cc6a', 'results': 1, 'page': 1, 'version': '1.4'}}</msg>
<arg>${json_data}</arg>
<doc>Logs the given message with the given level.</doc>
<status status="PASS" start="2024-06-17T23:15:42.767011" elapsed="0.001084"/>
</kw>
<kw name="Dictionary Should Contain Key" owner="Collections">
<arg>${json_data}</arg>
<arg>results</arg>
<doc>Fails if ``key`` is not found from ``dictionary``.</doc>
<status status="PASS" start="2024-06-17T23:15:42.769266" elapsed="0.001411"/>
</kw>
<kw name="Should Not Be Empty" owner="BuiltIn">
<msg time="2024-06-17T23:15:42.772828" level="INFO">Length is 2.</msg>
<arg>${json_data}</arg>
<doc>Verifies that the given item is not empty.</doc>
<status status="PASS" start="2024-06-17T23:15:42.772135" elapsed="0.000741"/>
</kw>
<kw name="Create List" owner="BuiltIn">
<msg time="2024-06-17T23:15:42.773366" level="INFO">${expected_keys} = ['gender', 'name', 'location', 'email', 'login']</msg>
<var>${expected_keys}</var>
<arg>gender</arg>
<arg>name</arg>
<arg>location</arg>
<arg>email</arg>
<arg>login</arg>
<doc>Returns a list containing given items.</doc>
<status status="PASS" start="2024-06-17T23:15:42.773205" elapsed="0.000186"/>
</kw>
<for flavor="IN">
<iter>
<kw name="Dictionary Should Contain Key" owner="Collections">
<arg>${json_data['results'][0]}</arg>
<arg>${key}</arg>
<doc>Fails if ``key`` is not found from ``dictionary``.</doc>
<status status="PASS" start="2024-06-17T23:15:42.774006" elapsed="0.000449"/>
</kw>
<kw name="Log" owner="BuiltIn">
<msg time="2024-06-17T23:15:42.775071" level="INFO">{'gender': 'female', 'name': {'title': 'Mrs', 'first': 'Michaele', 'last': 'Irmer'}, 'location': {'street': {'number': 7006, 'name': 'Berliner Straße'}, 'city': 'Hallenberg', 'state': 'Sachsen', 'country': 'Germany', 'postcode': 87871, 'coordinates': {'latitude': '-51.2002', 'longitude': '23.4142'}, 'timezone': {'offset': '-6:00', 'description': 'Central Time (US &amp; Canada), Mexico City'}}, 'email': 'michaele.irmer@example.com', 'login': {'uuid': 'b663b15c-dbb2-49da-9335-7fb28dd19458', 'username': 'goldenladybug998', 'password': 'chelle', 'salt': 'URkK3Mto', 'md5': 'de13d27c39ee88a25f7d4d8ef432d5e7', 'sha1': '423bd8f26657f00be290405321f8715c24455d19', 'sha256': 'd24e8da9224db70ed6d22d07d3f7dfc3c89963c4cd1f8cdfa4cd34203f29e2da'}, 'dob': {'date': '1984-08-29T11:37:41.488Z', 'age': 39}, 'registered': {'date': '2005-08-24T12:39:49.161Z', 'age': 18}, 'phone': '0881-6235000', 'cell': '0177-0592578', 'id': {'name': 'SVNR', 'value': '53 290884 I 733'}, 'picture': {'large': 'https://randomuser.me/api/portraits/women/50.jpg', 'medium': 'https://randomuser.me/api/portraits/med/women/50.jpg', 'thumbnail': 'https://randomuser.me/api/portraits/thumb/women/50.jpg'}, 'nat': 'DE'}</msg>
<arg>${json_data['results'][0]}</arg>
<doc>Logs the given message with the given level.</doc>
<status status="PASS" start="2024-06-17T23:15:42.774685" elapsed="0.000442"/>
</kw>
<kw name="Log" owner="BuiltIn">
<msg time="2024-06-17T23:15:42.775569" level="INFO">gender</msg>
<arg>${key}</arg>
<doc>Logs the given message with the given level.</doc>
<status status="PASS" start="2024-06-17T23:15:42.775439" elapsed="0.000169"/>
</kw>
<var name="${key}">gender</var>
<status status="PASS" start="2024-06-17T23:15:42.773875" elapsed="0.001955"/>
</iter>
<iter>
<kw name="Dictionary Should Contain Key" owner="Collections">
<arg>${json_data['results'][0]}</arg>
<arg>${key}</arg>
<doc>Fails if ``key`` is not found from ``dictionary``.</doc>
<status status="PASS" start="2024-06-17T23:15:42.776144" elapsed="0.000400"/>
</kw>
<kw name="Log" owner="BuiltIn">
<msg time="2024-06-17T23:15:42.777125" level="INFO">{'gender': 'female', 'name': {'title': 'Mrs', 'first': 'Michaele', 'last': 'Irmer'}, 'location': {'street': {'number': 7006, 'name': 'Berliner Straße'}, 'city': 'Hallenberg', 'state': 'Sachsen', 'country': 'Germany', 'postcode': 87871, 'coordinates': {'latitude': '-51.2002', 'longitude': '23.4142'}, 'timezone': {'offset': '-6:00', 'description': 'Central Time (US &amp; Canada), Mexico City'}}, 'email': 'michaele.irmer@example.com', 'login': {'uuid': 'b663b15c-dbb2-49da-9335-7fb28dd19458', 'username': 'goldenladybug998', 'password': 'chelle', 'salt': 'URkK3Mto', 'md5': 'de13d27c39ee88a25f7d4d8ef432d5e7', 'sha1': '423bd8f26657f00be290405321f8715c24455d19', 'sha256': 'd24e8da9224db70ed6d22d07d3f7dfc3c89963c4cd1f8cdfa4cd34203f29e2da'}, 'dob': {'date': '1984-08-29T11:37:41.488Z', 'age': 39}, 'registered': {'date': '2005-08-24T12:39:49.161Z', 'age': 18}, 'phone': '0881-6235000', 'cell': '0177-0592578', 'id': {'name': 'SVNR', 'value': '53 290884 I 733'}, 'picture': {'large': 'https://randomuser.me/api/portraits/women/50.jpg', 'medium': 'https://randomuser.me/api/portraits/med/women/50.jpg', 'thumbnail': 'https://randomuser.me/api/portraits/thumb/women/50.jpg'}, 'nat': 'DE'}</msg>
<arg>${json_data['results'][0]}</arg>
<doc>Logs the given message with the given level.</doc>
<status status="PASS" start="2024-06-17T23:15:42.776766" elapsed="0.000422"/>
</kw>
<kw name="Log" owner="BuiltIn">
<msg time="2024-06-17T23:15:42.777619" level="INFO">name</msg>
<arg>${key}</arg>
<doc>Logs the given message with the given level.</doc>
<status status="PASS" start="2024-06-17T23:15:42.777491" elapsed="0.000166"/>
</kw>
<var name="${key}">name</var>
<status status="PASS" start="2024-06-17T23:15:42.776024" elapsed="0.001857"/>
</iter>
<iter>
<kw name="Dictionary Should Contain Key" owner="Collections">
<arg>${json_data['results'][0]}</arg>
<arg>${key}</arg>
<doc>Fails if ``key`` is not found from ``dictionary``.</doc>
<status status="PASS" start="2024-06-17T23:15:42.778170" elapsed="0.000404"/>
</kw>
<kw name="Log" owner="BuiltIn">
<msg time="2024-06-17T23:15:42.779119" level="INFO">{'gender': 'female', 'name': {'title': 'Mrs', 'first': 'Michaele', 'last': 'Irmer'}, 'location': {'street': {'number': 7006, 'name': 'Berliner Straße'}, 'city': 'Hallenberg', 'state': 'Sachsen', 'country': 'Germany', 'postcode': 87871, 'coordinates': {'latitude': '-51.2002', 'longitude': '23.4142'}, 'timezone': {'offset': '-6:00', 'description': 'Central Time (US &amp; Canada), Mexico City'}}, 'email': 'michaele.irmer@example.com', 'login': {'uuid': 'b663b15c-dbb2-49da-9335-7fb28dd19458', 'username': 'goldenladybug998', 'password': 'chelle', 'salt': 'URkK3Mto', 'md5': 'de13d27c39ee88a25f7d4d8ef432d5e7', 'sha1': '423bd8f26657f00be290405321f8715c24455d19', 'sha256': 'd24e8da9224db70ed6d22d07d3f7dfc3c89963c4cd1f8cdfa4cd34203f29e2da'}, 'dob': {'date': '1984-08-29T11:37:41.488Z', 'age': 39}, 'registered': {'date': '2005-08-24T12:39:49.161Z', 'age': 18}, 'phone': '0881-6235000', 'cell': '0177-0592578', 'id': {'name': 'SVNR', 'value': '53 290884 I 733'}, 'picture': {'large': 'https://randomuser.me/api/portraits/women/50.jpg', 'medium': 'https://randomuser.me/api/portraits/med/women/50.jpg', 'thumbnail': 'https://randomuser.me/api/portraits/thumb/women/50.jpg'}, 'nat': 'DE'}</msg>
<arg>${json_data['results'][0]}</arg>
<doc>Logs the given message with the given level.</doc>
<status status="PASS" start="2024-06-17T23:15:42.778764" elapsed="0.000416"/>
</kw>
<kw name="Log" owner="BuiltIn">
<msg time="2024-06-17T23:15:42.779608" level="INFO">location</msg>
<arg>${key}</arg>
<doc>Logs the given message with the given level.</doc>
<status status="PASS" start="2024-06-17T23:15:42.779481" elapsed="0.000164"/>
</kw>
<var name="${key}">location</var>
<status status="PASS" start="2024-06-17T23:15:42.778060" elapsed="0.001803"/>
</iter>
<iter>
<kw name="Dictionary Should Contain Key" owner="Collections">
<arg>${json_data['results'][0]}</arg>
<arg>${key}</arg>
<doc>Fails if ``key`` is not found from ``dictionary``.</doc>
<status status="PASS" start="2024-06-17T23:15:42.780155" elapsed="0.000380"/>
</kw>
<kw name="Log" owner="BuiltIn">
<msg time="2024-06-17T23:15:42.781078" level="INFO">{'gender': 'female', 'name': {'title': 'Mrs', 'first': 'Michaele', 'last': 'Irmer'}, 'location': {'street': {'number': 7006, 'name': 'Berliner Straße'}, 'city': 'Hallenberg', 'state': 'Sachsen', 'country': 'Germany', 'postcode': 87871, 'coordinates': {'latitude': '-51.2002', 'longitude': '23.4142'}, 'timezone': {'offset': '-6:00', 'description': 'Central Time (US &amp; Canada), Mexico City'}}, 'email': 'michaele.irmer@example.com', 'login': {'uuid': 'b663b15c-dbb2-49da-9335-7fb28dd19458', 'username': 'goldenladybug998', 'password': 'chelle', 'salt': 'URkK3Mto', 'md5': 'de13d27c39ee88a25f7d4d8ef432d5e7', 'sha1': '423bd8f26657f00be290405321f8715c24455d19', 'sha256': 'd24e8da9224db70ed6d22d07d3f7dfc3c89963c4cd1f8cdfa4cd34203f29e2da'}, 'dob': {'date': '1984-08-29T11:37:41.488Z', 'age': 39}, 'registered': {'date': '2005-08-24T12:39:49.161Z', 'age': 18}, 'phone': '0881-6235000', 'cell': '0177-0592578', 'id': {'name': 'SVNR', 'value': '53 290884 I 733'}, 'picture': {'large': 'https://randomuser.me/api/portraits/women/50.jpg', 'medium': 'https://randomuser.me/api/portraits/med/women/50.jpg', 'thumbnail': 'https://randomuser.me/api/portraits/thumb/women/50.jpg'}, 'nat': 'DE'}</msg>
<arg>${json_data['results'][0]}</arg>
<doc>Logs the given message with the given level.</doc>
<status status="PASS" start="2024-06-17T23:15:42.780719" elapsed="0.000419"/>
</kw>
<kw name="Log" owner="BuiltIn">
<msg time="2024-06-17T23:15:42.781567" level="INFO">email</msg>
<arg>${key}</arg>
<doc>Logs the given message with the given level.</doc>
<status status="PASS" start="2024-06-17T23:15:42.781439" elapsed="0.000166"/>
</kw>
<var name="${key}">email</var>
<status status="PASS" start="2024-06-17T23:15:42.780046" elapsed="0.001772"/>
</iter>
<iter>
<kw name="Dictionary Should Contain Key" owner="Collections">
<arg>${json_data['results'][0]}</arg>
<arg>${key}</arg>
<doc>Fails if ``key`` is not found from ``dictionary``.</doc>
<status status="PASS" start="2024-06-17T23:15:42.782097" elapsed="0.000374"/>
</kw>
<kw name="Log" owner="BuiltIn">
<msg time="2024-06-17T23:15:42.783058" level="INFO">{'gender': 'female', 'name': {'title': 'Mrs', 'first': 'Michaele', 'last': 'Irmer'}, 'location': {'street': {'number': 7006, 'name': 'Berliner Straße'}, 'city': 'Hallenberg', 'state': 'Sachsen', 'country': 'Germany', 'postcode': 87871, 'coordinates': {'latitude': '-51.2002', 'longitude': '23.4142'}, 'timezone': {'offset': '-6:00', 'description': 'Central Time (US &amp; Canada), Mexico City'}}, 'email': 'michaele.irmer@example.com', 'login': {'uuid': 'b663b15c-dbb2-49da-9335-7fb28dd19458', 'username': 'goldenladybug998', 'password': 'chelle', 'salt': 'URkK3Mto', 'md5': 'de13d27c39ee88a25f7d4d8ef432d5e7', 'sha1': '423bd8f26657f00be290405321f8715c24455d19', 'sha256': 'd24e8da9224db70ed6d22d07d3f7dfc3c89963c4cd1f8cdfa4cd34203f29e2da'}, 'dob': {'date': '1984-08-29T11:37:41.488Z', 'age': 39}, 'registered': {'date': '2005-08-24T12:39:49.161Z', 'age': 18}, 'phone': '0881-6235000', 'cell': '0177-0592578', 'id': {'name': 'SVNR', 'value': '53 290884 I 733'}, 'picture': {'large': 'https://randomuser.me/api/portraits/women/50.jpg', 'medium': 'https://randomuser.me/api/portraits/med/women/50.jpg', 'thumbnail': 'https://randomuser.me/api/portraits/thumb/women/50.jpg'}, 'nat': 'DE'}</msg>
<arg>${json_data['results'][0]}</arg>
<doc>Logs the given message with the given level.</doc>
<status status="PASS" start="2024-06-17T23:15:42.782699" elapsed="0.000412"/>
</kw>
<kw name="Log" owner="BuiltIn">
<msg time="2024-06-17T23:15:42.783662" level="INFO">login</msg>
<arg>${key}</arg>
<doc>Logs the given message with the given level.</doc>
<status status="PASS" start="2024-06-17T23:15:42.783408" elapsed="0.000292"/>
</kw>
<var name="${key}">login</var>
<status status="PASS" start="2024-06-17T23:15:42.781989" elapsed="0.001940"/>
</iter>
<var>${key}</var>
<value>@{expected_keys}</value>
<status status="PASS" start="2024-06-17T23:15:42.773669" elapsed="0.010409"/>
</for>
<kw name="Create List" owner="BuiltIn">
<msg time="2024-06-17T23:15:42.784425" level="INFO">${expected_keysTwo} = ['username', 'password']</msg>
<var>${expected_keysTwo}</var>
<arg>username</arg>
<arg>password</arg>
<doc>Returns a list containing given items.</doc>
<status status="PASS" start="2024-06-17T23:15:42.784284" elapsed="0.000166"/>
</kw>
<for flavor="IN">
<iter>
<kw name="Dictionary Should Contain Key" owner="Collections">
<arg>${json_data['results'][0]['login']}</arg>
<arg>${keyTwo}</arg>
<doc>Fails if ``key`` is not found from ``dictionary``.</doc>
<status status="PASS" start="2024-06-17T23:15:42.784961" elapsed="0.000396"/>
</kw>
<kw name="Dictionary Should Contain Key" owner="Collections">
<arg>${json_data['results'][0]['login']}</arg>
<arg>${keyTwo}</arg>
<doc>Fails if ``key`` is not found from ``dictionary``.</doc>
<status status="PASS" start="2024-06-17T23:15:42.785546" elapsed="0.000396"/>
</kw>
<kw name="Log" owner="BuiltIn">
<msg time="2024-06-17T23:15:42.786252" level="INFO">username</msg>
<arg>${keyTwo}</arg>
<doc>Logs the given message with the given level.</doc>
<status status="PASS" start="2024-06-17T23:15:42.786129" elapsed="0.000159"/>
</kw>
<var name="${keyTwo}">username</var>
<status status="PASS" start="2024-06-17T23:15:42.784845" elapsed="0.001671"/>
</iter>
<iter>
<kw name="Dictionary Should Contain Key" owner="Collections">
<arg>${json_data['results'][0]['login']}</arg>
<arg>${keyTwo}</arg>
<doc>Fails if ``key`` is not found from ``dictionary``.</doc>
<status status="PASS" start="2024-06-17T23:15:42.786831" elapsed="0.000377"/>
</kw>
<kw name="Dictionary Should Contain Key" owner="Collections">
<arg>${json_data['results'][0]['login']}</arg>
<arg>${keyTwo}</arg>
<doc>Fails if ``key`` is not found from ``dictionary``.</doc>
<status status="PASS" start="2024-06-17T23:15:42.787387" elapsed="0.000371"/>
</kw>
<kw name="Log" owner="BuiltIn">
<msg time="2024-06-17T23:15:42.788056" level="INFO">password</msg>
<arg>${keyTwo}</arg>
<doc>Logs the given message with the given level.</doc>
<status status="PASS" start="2024-06-17T23:15:42.787936" elapsed="0.000156"/>
</kw>
<var name="${keyTwo}">password</var>
<status status="PASS" start="2024-06-17T23:15:42.786721" elapsed="0.001600"/>
</iter>
<var>${keyTwo}</var>
<value>@{expected_keysTwo}</value>
<status status="PASS" start="2024-06-17T23:15:42.784690" elapsed="0.003753"/>
</for>
<status status="PASS" start="2024-06-17T23:15:42.534637" elapsed="0.253954"/>
</kw>
<doc>Testa a estrutura da resposta da API.</doc>
<tag>testeEstruturaResposta</tag>
<status status="PASS" start="2024-06-17T23:15:42.533942" elapsed="0.254813"/>
</test>
<test id="s1-s1-t4" name="Validar tipos de dados" line="28">
<kw name="Teste de Tipos de Dados" owner="random-user-service">
<kw name="GET On Session" owner="RequestsLibrary">
<msg time="2024-06-17T23:15:42.888020" level="INFO">GET Request : url=https://randomuser.me/api 
 path_url=/api 
 headers={'User-Agent': 'python-requests/2.32.3', 'Accept-Encoding': 'gzip, deflate', 'Accept': '*/*', 'Connection': 'keep-alive'} 
 body=None 
 </msg>
<msg time="2024-06-17T23:15:42.888122" level="INFO">GET Response : url=https://randomuser.me/api 
 status=200, reason=OK 
 headers={'Date': 'Mon, 17 Jun 2024 23:15:42 GMT', 'Content-Type': 'application/json; charset=utf-8', 'Transfer-Encoding': 'chunked', 'Connection': 'keep-alive', 'X-Powered-By': 'Express', 'Access-Control-Allow-Origin': '*', 'Cache-Control': 'no-cache', 'ETag': 'W/"4a7-f7m0A0i5U+sP8c4vVtMLyJ2DEWA"', 'Vary': 'Accept-Encoding', 'Content-Encoding': 'gzip', 'CF-Cache-Status': 'DYNAMIC', 'Report-To': '{"endpoints":[{"url":"https:\\/\\/a.nel.cloudflare.com\\/report\\/v4?s=v9bDEmCWh21nvxMAMi0bn1L%2BYJ3sjwNZ3LhqzIaEVgI%2FAlzaQuo4Dh58rOFh7RDT%2B3EyWc5iz5izFFk%2F%2BAPjt4boZPt8tS8AO%2BIHOofMpVkhcsKeiwCIUCEwUEWzC6zY"}],"group":"cf-nel","max_age":604800}', 'NEL': '{"success_fraction":0,"report_to":"cf-nel","max_age":604800}', 'Server': 'cloudflare', 'CF-RAY': '8956be407b94072b-SJC', 'alt-svc': 'h3=":443"; ma=86400'} 
 body={"results":[{"gender":"female","name":{"title":"Mrs","first":"Michaele","last":"Irmer"},"location":{"street":{"number":7006,"name":"Berliner Straße"},"city":"Hallenberg","state":"Sachsen","country":"Germany","postcode":87871,"coordinates":{"latitude":"-51.2002","longitude":"23.4142"},"timezone":{"offset":"-6:00","description":"Central Time (US &amp; Canada), Mexico City"}},"email":"michaele.irmer@example.com","login":{"uuid":"b663b15c-dbb2-49da-9335-7fb28dd19458","username":"goldenladybug998","password":"chelle","salt":"URkK3Mto","md5":"de13d27c39ee88a25f7d4d8ef432d5e7","sha1":"423bd8f26657f00be290405321f8715c24455d19","sha256":"d24e8da9224db70ed6d22d07d3f7dfc3c89963c4cd1f8cdfa4cd34203f29e2da"},"dob":{"date":"1984-08-29T11:37:41.488Z","age":39},"registered":{"date":"2005-08-24T12:39:49.161Z","age":18},"phone":"0881-6235000","cell":"0177-0592578","id":{"name":"SVNR","value":"53 290884 I 733"},"picture":{"large":"https://randomuser.me/api/portraits/women/50.jpg","medium":"https://randomuser.me/api/portraits/med/women/50.jpg","thumbnail":"https://randomuser.me/api/portraits/thumb/women/50.jpg"},"nat":"DE"}],"info":{"seed":"13e2ee8537f6cc6a","results":1,"page":1,"version":"1.4"}} 
 </msg>
<msg time="2024-06-17T23:15:42.888199" level="INFO">/opt/hostedtoolcache/Python/3.12.3/x64/lib/python3.12/site-packages/urllib3/connectionpool.py:1099: InsecureRequestWarning: Unverified HTTPS request is being made to host 'randomuser.me'. Adding certificate verification is strongly advised. See: https://urllib3.readthedocs.io/en/latest/advanced-usage.html#tls-warnings
  warnings.warn(</msg>
<msg time="2024-06-17T23:15:42.888323" level="INFO">${response} = &lt;Response [200]&gt;</msg>
<var>${response}</var>
<arg>consultarAPI</arg>
<arg>/api</arg>
<doc>Sends a GET request on a previously created HTTP Session.</doc>
<status status="PASS" start="2024-06-17T23:15:42.791264" elapsed="0.097086"/>
</kw>
<kw name="Set Variable" owner="BuiltIn">
<msg time="2024-06-17T23:15:42.889438" level="INFO">${json_data} = {'results': [{'gender': 'female', 'name': {'title': 'Mrs', 'first': 'Michaele', 'last': 'Irmer'}, 'location': {'street': {'number': 7006, 'name': 'Berliner Straße'}, 'city': 'Hallenberg', 'state': 'Sa...</msg>
<var>${json_data}</var>
<arg>${response.json()}</arg>
<doc>Returns the given values which can then be assigned to a variables.</doc>
<status status="PASS" start="2024-06-17T23:15:42.888904" elapsed="0.000564"/>
</kw>
<kw name="Log" owner="BuiltIn">
<msg time="2024-06-17T23:15:42.889939" level="INFO">{'results': [{'gender': 'female', 'name': {'title': 'Mrs', 'first': 'Michaele', 'last': 'Irmer'}, 'location': {'street': {'number': 7006, 'name': 'Berliner Straße'}, 'city': 'Hallenberg', 'state': 'Sachsen', 'country': 'Germany', 'postcode': 87871, 'coordinates': {'latitude': '-51.2002', 'longitude': '23.4142'}, 'timezone': {'offset': '-6:00', 'description': 'Central Time (US &amp; Canada), Mexico City'}}, 'email': 'michaele.irmer@example.com', 'login': {'uuid': 'b663b15c-dbb2-49da-9335-7fb28dd19458', 'username': 'goldenladybug998', 'password': 'chelle', 'salt': 'URkK3Mto', 'md5': 'de13d27c39ee88a25f7d4d8ef432d5e7', 'sha1': '423bd8f26657f00be290405321f8715c24455d19', 'sha256': 'd24e8da9224db70ed6d22d07d3f7dfc3c89963c4cd1f8cdfa4cd34203f29e2da'}, 'dob': {'date': '1984-08-29T11:37:41.488Z', 'age': 39}, 'registered': {'date': '2005-08-24T12:39:49.161Z', 'age': 18}, 'phone': '0881-6235000', 'cell': '0177-0592578', 'id': {'name': 'SVNR', 'value': '53 290884 I 733'}, 'picture': {'large': 'https://randomuser.me/api/portraits/women/50.jpg', 'medium': 'https://randomuser.me/api/portraits/med/women/50.jpg', 'thumbnail': 'https://randomuser.me/api/portraits/thumb/women/50.jpg'}, 'nat': 'DE'}], 'info': {'seed': '13e2ee8537f6cc6a', 'results': 1, 'page': 1, 'version': '1.4'}}</msg>
<arg>${json_data}</arg>
<doc>Logs the given message with the given level.</doc>
<status status="PASS" start="2024-06-17T23:15:42.889775" elapsed="0.000215"/>
</kw>
<kw name="Should Be String" owner="String">
<arg>${json_data['results'][0]['gender']}</arg>
<doc>Fails if the given ``item`` is not a string.</doc>
<status status="PASS" start="2024-06-17T23:15:42.890324" elapsed="0.000421"/>
</kw>
<kw name="Should Match Regexp" owner="BuiltIn">
<arg>${json_data['results'][0]['email']}</arg>
<arg>^[a-zA-Z0-9._%+-]+@[a-zA-Z0-9.-]+\.[a-zA-Z]{2,}$</arg>
<doc>Fails if ``string`` does not match ``pattern`` as a regular expression.</doc>
<status status="PASS" start="2024-06-17T23:15:42.890938" elapsed="0.000529"/>
</kw>
<kw name="Should Match Regexp" owner="BuiltIn">
<arg>${json_data['results'][0]['dob']['date']}</arg>
<arg>\\d{4}-\\d{2}-\\d{2}T\\d{2}:\\d{2}:\\d{2}\\.\\d{3}Z</arg>
<doc>Fails if ``string`` does not match ``pattern`` as a regular expression.</doc>
<status status="PASS" start="2024-06-17T23:15:42.891664" elapsed="0.000502"/>
</kw>
<kw name="Should Match Regexp" owner="BuiltIn">
<arg>${json_data['results'][0]['registered']['date']}</arg>
<arg>\\d{4}-\\d{2}-\\d{2}T\\d{2}:\\d{2}:\\d{2}\\.\\d{3}Z</arg>
<doc>Fails if ``string`` does not match ``pattern`` as a regular expression.</doc>
<status status="PASS" start="2024-06-17T23:15:42.892368" elapsed="0.000372"/>
</kw>
<kw name="Should Match Regexp" owner="BuiltIn">
<arg>${json_data['results'][0]['picture']['large']}</arg>
<arg>^https?://.*\.(?:png|jpe?g|gif|bmp)$</arg>
<doc>Fails if ``string`` does not match ``pattern`` as a regular expression.</doc>
<status status="PASS" start="2024-06-17T23:15:42.892923" elapsed="0.000471"/>
</kw>
<kw name="Should Match Regexp" owner="BuiltIn">
<arg>${json_data['results'][0]['picture']['medium']}</arg>
<arg>^https?://.*\.(?:png|jpe?g|gif|bmp)$</arg>
<doc>Fails if ``string`` does not match ``pattern`` as a regular expression.</doc>
<status status="PASS" start="2024-06-17T23:15:42.893589" elapsed="0.000352"/>
</kw>
<kw name="Should Match Regexp" owner="BuiltIn">
<arg>${json_data['results'][0]['picture']['thumbnail']}</arg>
<arg>^https?://.*\.(?:png|jpe?g|gif|bmp)$</arg>
<doc>Fails if ``string`` does not match ``pattern`` as a regular expression.</doc>
<status status="PASS" start="2024-06-17T23:15:42.894126" elapsed="0.000360"/>
</kw>
<kw name="Log" owner="BuiltIn">
<msg time="2024-06-17T23:15:42.895036" level="INFO">{'large': 'https://randomuser.me/api/portraits/women/50.jpg', 'medium': 'https://randomuser.me/api/portraits/med/women/50.jpg', 'thumbnail': 'https://randomuser.me/api/portraits/thumb/women/50.jpg'}</msg>
<arg>${json_data['results'][0]['picture']}</arg>
<doc>Logs the given message with the given level.</doc>
<status status="PASS" start="2024-06-17T23:15:42.894708" elapsed="0.000371"/>
</kw>
<status status="PASS" start="2024-06-17T23:15:42.791024" elapsed="0.104338"/>
</kw>
<kw name="Teste de Tipos de Dados - Postcode" owner="random-user-service">
<kw name="GET On Session" owner="RequestsLibrary">
<msg time="2024-06-17T23:15:42.995369" level="INFO">GET Request : url=https://randomuser.me/api 
 path_url=/api 
 headers={'User-Agent': 'python-requests/2.32.3', 'Accept-Encoding': 'gzip, deflate', 'Accept': '*/*', 'Connection': 'keep-alive'} 
 body=None 
 </msg>
<msg time="2024-06-17T23:15:42.995473" level="INFO">GET Response : url=https://randomuser.me/api 
 status=200, reason=OK 
 headers={'Date': 'Mon, 17 Jun 2024 23:15:42 GMT', 'Content-Type': 'application/json; charset=utf-8', 'Transfer-Encoding': 'chunked', 'Connection': 'keep-alive', 'X-Powered-By': 'Express', 'Access-Control-Allow-Origin': '*', 'Cache-Control': 'no-cache', 'ETag': 'W/"479-Hm2X3PQtIqJ0JX5TV8btGVMa/EI"', 'Vary': 'Accept-Encoding', 'Content-Encoding': 'gzip', 'CF-Cache-Status': 'DYNAMIC', 'Report-To': '{"endpoints":[{"url":"https:\\/\\/a.nel.cloudflare.com\\/report\\/v4?s=SI7dkQxaKAgG4PfNfKl%2BpV1lyqxssCDfczfhzKXWnElXdNtoLauDI31rc483hyGYd5bM0sTIsye3BF5iyKs02ZpbBcvXcQp9BWgmJhOqP8f682GydNJ%2BR73XhVX%2BkICS"}],"group":"cf-nel","max_age":604800}', 'NEL': '{"success_fraction":0,"report_to":"cf-nel","max_age":604800}', 'Server': 'cloudflare', 'CF-RAY': '8956be411c05072b-SJC', 'alt-svc': 'h3=":443"; ma=86400'} 
 body={"results":[{"gender":"male","name":{"title":"Mr","first":"Soham","last":"Carroll"},"location":{"street":{"number":2981,"name":"Country Club Rd"},"city":"Perth","state":"Northern Territory","country":"Australia","postcode":8358,"coordinates":{"latitude":"-85.1314","longitude":"-17.6420"},"timezone":{"offset":"+5:45","description":"Kathmandu"}},"email":"soham.carroll@example.com","login":{"uuid":"e2c41a4c-31f2-44af-9dd8-74427ae11804","username":"tinylion523","password":"sphinx","salt":"ne9jqP9Z","md5":"a1c7d732601df0e8e8f78467249c464b","sha1":"2108061657154d3ef47624be96609150e0afbb39","sha256":"f963c9b9f8dd1f30654ebba336478deca9a408e9ba1755d72cbe84e6fd7aaf85"},"dob":{"date":"1960-12-17T17:03:33.105Z","age":63},"registered":{"date":"2008-02-22T08:42:35.545Z","age":16},"phone":"04-6901-5021","cell":"0479-776-059","id":{"name":"TFN","value":"752384425"},"picture":{"large":"https://randomuser.me/api/portraits/men/18.jpg","medium":"https://randomuser.me/api/portraits/med/men/18.jpg","thumbnail":"https://randomuser.me/api/portraits/thumb/men/18.jpg"},"nat":"AU"}],"info":{"seed":"c99c0e49ab8a178c","results":1,"page":1,"version":"1.4"}} 
 </msg>
<msg time="2024-06-17T23:15:42.995567" level="INFO">/opt/hostedtoolcache/Python/3.12.3/x64/lib/python3.12/site-packages/urllib3/connectionpool.py:1099: InsecureRequestWarning: Unverified HTTPS request is being made to host 'randomuser.me'. Adding certificate verification is strongly advised. See: https://urllib3.readthedocs.io/en/latest/advanced-usage.html#tls-warnings
  warnings.warn(</msg>
<msg time="2024-06-17T23:15:42.995697" level="INFO">${response} = &lt;Response [200]&gt;</msg>
<var>${response}</var>
<arg>consultarAPI</arg>
<arg>/api</arg>
<doc>Sends a GET request on a previously created HTTP Session.</doc>
<status status="PASS" start="2024-06-17T23:15:42.895844" elapsed="0.099881"/>
</kw>
<kw name="Set Variable" owner="BuiltIn">
<msg time="2024-06-17T23:15:42.996812" level="INFO">${json_data} = {'results': [{'gender': 'male', 'name': {'title': 'Mr', 'first': 'Soham', 'last': 'Carroll'}, 'location': {'street': {'number': 2981, 'name': 'Country Club Rd'}, 'city': 'Perth', 'state': 'Northern Te...</msg>
<var>${json_data}</var>
<arg>${response.json()}</arg>
<doc>Returns the given values which can then be assigned to a variables.</doc>
<status status="PASS" start="2024-06-17T23:15:42.996295" elapsed="0.000546"/>
</kw>
<kw name="Log" owner="BuiltIn">
<msg time="2024-06-17T23:15:42.997313" level="INFO">{'results': [{'gender': 'male', 'name': {'title': 'Mr', 'first': 'Soham', 'last': 'Carroll'}, 'location': {'street': {'number': 2981, 'name': 'Country Club Rd'}, 'city': 'Perth', 'state': 'Northern Territory', 'country': 'Australia', 'postcode': 8358, 'coordinates': {'latitude': '-85.1314', 'longitude': '-17.6420'}, 'timezone': {'offset': '+5:45', 'description': 'Kathmandu'}}, 'email': 'soham.carroll@example.com', 'login': {'uuid': 'e2c41a4c-31f2-44af-9dd8-74427ae11804', 'username': 'tinylion523', 'password': 'sphinx', 'salt': 'ne9jqP9Z', 'md5': 'a1c7d732601df0e8e8f78467249c464b', 'sha1': '2108061657154d3ef47624be96609150e0afbb39', 'sha256': 'f963c9b9f8dd1f30654ebba336478deca9a408e9ba1755d72cbe84e6fd7aaf85'}, 'dob': {'date': '1960-12-17T17:03:33.105Z', 'age': 63}, 'registered': {'date': '2008-02-22T08:42:35.545Z', 'age': 16}, 'phone': '04-6901-5021', 'cell': '0479-776-059', 'id': {'name': 'TFN', 'value': '752384425'}, 'picture': {'large': 'https://randomuser.me/api/portraits/men/18.jpg', 'medium': 'https://randomuser.me/api/portraits/med/men/18.jpg', 'thumbnail': 'https://randomuser.me/api/portraits/thumb/men/18.jpg'}, 'nat': 'AU'}], 'info': {'seed': 'c99c0e49ab8a178c', 'results': 1, 'page': 1, 'version': '1.4'}}</msg>
<arg>${json_data}</arg>
<doc>Logs the given message with the given level.</doc>
<status status="PASS" start="2024-06-17T23:15:42.997151" elapsed="0.000211"/>
</kw>
<kw name="Should Be Equal As Numbers" owner="BuiltIn">
<arg>${json_data['results'][0]['location']['postcode']}</arg>
<arg>${json_data['results'][0]['location']['postcode']}</arg>
<doc>Fails if objects are unequal after converting them to real numbers.</doc>
<status status="PASS" start="2024-06-17T23:15:42.997664" elapsed="0.000631"/>
</kw>
<kw name="Log" owner="BuiltIn">
<msg time="2024-06-17T23:15:42.998919" level="INFO">8358</msg>
<arg>${json_data['results'][0]['location']['postcode']}</arg>
<doc>Logs the given message with the given level.</doc>
<status status="PASS" start="2024-06-17T23:15:42.998565" elapsed="0.000395"/>
</kw>
<status status="PASS" start="2024-06-17T23:15:42.895599" elapsed="0.103620"/>
</kw>
<doc>Testa se os tipos de dados na resposta da API estão corretos.</doc>
<tag>testeTiposDados</tag>
<status status="PASS" start="2024-06-17T23:15:42.790511" elapsed="0.208878"/>
</test>
<test id="s1-s1-t5" name="Validar conteudo" line="35">
<kw name="Teste de Tipos de Conteudo" owner="random-user-service">
<kw name="GET On Session" owner="RequestsLibrary">
<msg time="2024-06-17T23:15:43.113615" level="INFO">GET Request : url=https://randomuser.me/api 
 path_url=/api 
 headers={'User-Agent': 'python-requests/2.32.3', 'Accept-Encoding': 'gzip, deflate', 'Accept': '*/*', 'Connection': 'keep-alive'} 
 body=None 
 </msg>
<msg time="2024-06-17T23:15:43.113728" level="INFO">GET Response : url=https://randomuser.me/api 
 status=200, reason=OK 
 headers={'Date': 'Mon, 17 Jun 2024 23:15:43 GMT', 'Content-Type': 'application/json; charset=utf-8', 'Transfer-Encoding': 'chunked', 'Connection': 'keep-alive', 'X-Powered-By': 'Express', 'Access-Control-Allow-Origin': '*', 'Cache-Control': 'no-cache', 'ETag': 'W/"4ad-JUGf21Y2sz1fVVqes/2UIO9+IwE"', 'Vary': 'Accept-Encoding', 'Content-Encoding': 'gzip', 'CF-Cache-Status': 'DYNAMIC', 'Report-To': '{"endpoints":[{"url":"https:\\/\\/a.nel.cloudflare.com\\/report\\/v4?s=ZpTr%2Brzv3RUJzymTCnWoReXyiaZa%2FD8ac5mD7zLp3CfBXHAAtid6GvY%2BkHFl%2BLZZY3jqXxOLGNXIT3Oz2ipVrWyiAR87i10SCjZ%2Fm43vHP3sPhkNdl5bMsjrlFj7Sg8U"}],"group":"cf-nel","max_age":604800}', 'NEL': '{"success_fraction":0,"report_to":"cf-nel","max_age":604800}', 'Server': 'cloudflare', 'CF-RAY': '8956be41cc92072b-SJC', 'alt-svc': 'h3=":443"; ma=86400'} 
 body={"results":[{"gender":"female","name":{"title":"Ms","first":"Anne-Kathrin","last":"Heumann"},"location":{"street":{"number":6017,"name":"Poststraße"},"city":"Hann. Münden","state":"Sachsen-Anhalt","country":"Germany","postcode":59314,"coordinates":{"latitude":"-55.3712","longitude":"3.5381"},"timezone":{"offset":"+1:00","description":"Brussels, Copenhagen, Madrid, Paris"}},"email":"anne-kathrin.heumann@example.com","login":{"uuid":"15d79c5d-8f87-449c-9af5-58a0844749f7","username":"greenfrog579","password":"water","salt":"7HBrJX3M","md5":"3c967c6c24e1dd7316ac70bc79a836e0","sha1":"3261d2773675e9cc17c7510101a82a78de25262d","sha256":"62f1b2deb316cb0cd30ea2f0ab9198ac62f967f6eb976f19b4c81802fddba1b0"},"dob":{"date":"1982-07-28T03:46:39.170Z","age":41},"registered":{"date":"2002-08-04T11:12:16.527Z","age":21},"phone":"0224-2694929","cell":"0178-2104140","id":{"name":"SVNR","value":"77 270782 H 920"},"picture":{"large":"https://randomuser.me/api/portraits/women/51.jpg","medium":"https://randomuser.me/api/portraits/med/women/51.jpg","thumbnail":"https://randomuser.me/api/portraits/thumb/women/51.jpg"},"nat":"DE"}],"info":{"seed":"8f949d7ed49b18f9","results":1,"page":1,"version":"1.4"}} 
 </msg>
<msg time="2024-06-17T23:15:43.113824" level="INFO">/opt/hostedtoolcache/Python/3.12.3/x64/lib/python3.12/site-packages/urllib3/connectionpool.py:1099: InsecureRequestWarning: Unverified HTTPS request is being made to host 'randomuser.me'. Adding certificate verification is strongly advised. See: https://urllib3.readthedocs.io/en/latest/advanced-usage.html#tls-warnings
  warnings.warn(</msg>
<msg time="2024-06-17T23:15:43.113970" level="INFO">${response} = &lt;Response [200]&gt;</msg>
<var>${response}</var>
<arg>consultarAPI</arg>
<arg>/api</arg>
<doc>Sends a GET request on a previously created HTTP Session.</doc>
<status status="PASS" start="2024-06-17T23:15:43.001899" elapsed="0.112116"/>
</kw>
<kw name="Set Variable" owner="BuiltIn">
<msg time="2024-06-17T23:15:43.115316" level="INFO">${json_data} = {'results': [{'gender': 'female', 'name': {'title': 'Ms', 'first': 'Anne-Kathrin', 'last': 'Heumann'}, 'location': {'street': {'number': 6017, 'name': 'Poststraße'}, 'city': 'Hann. Münden', 'state': '...</msg>
<var>${json_data}</var>
<arg>${response.json()}</arg>
<doc>Returns the given values which can then be assigned to a variables.</doc>
<status status="PASS" start="2024-06-17T23:15:43.114686" elapsed="0.000663"/>
</kw>
<kw name="Set Variable" owner="BuiltIn">
<msg time="2024-06-17T23:15:43.116085" level="INFO">${name_title} = Ms</msg>
<var>${name_title}</var>
<arg>${json_data["results"][0]["name"]["title"]}</arg>
<doc>Returns the given values which can then be assigned to a variables.</doc>
<status status="PASS" start="2024-06-17T23:15:43.115686" elapsed="0.000424"/>
</kw>
<kw name="Create List" owner="BuiltIn">
<msg time="2024-06-17T23:15:43.116578" level="INFO">${allowed_titles} = ['Mr', 'Ms', 'Miss', 'Mrs', 'Madame', 'Monsieur']</msg>
<var>${allowed_titles}</var>
<arg>Mr</arg>
<arg>Ms</arg>
<arg>Miss</arg>
<arg>Mrs</arg>
<arg>Madame</arg>
<arg>Monsieur</arg>
<doc>Returns a list containing given items.</doc>
<status status="PASS" start="2024-06-17T23:15:43.116427" elapsed="0.000175"/>
</kw>
<kw name="List Should Contain Value" owner="Collections">
<arg>${allowed_titles}</arg>
<arg>${name_title}</arg>
<doc>Fails if the ``value`` is not found from ``list``.</doc>
<status status="PASS" start="2024-06-17T23:15:43.116903" elapsed="0.000184"/>
</kw>
<kw name="Set Variable" owner="BuiltIn">
<msg time="2024-06-17T23:15:43.117640" level="INFO">${name_country} = DE</msg>
<var>${name_country}</var>
<arg>${json_data["results"][0]["nat"]}</arg>
<doc>Returns the given values which can then be assigned to a variables.</doc>
<status status="PASS" start="2024-06-17T23:15:43.117271" elapsed="0.000394"/>
</kw>
<kw name="Create List" owner="BuiltIn">
<msg time="2024-06-17T23:15:43.118611" level="INFO">${list_country} = ['AD', 'AE', 'AF', 'AG', 'AI', 'AL', 'AM', 'AO', 'AQ', 'AR', 'AS', 'AT', 'AU', 'AW', 'AX', 'AZ', 'BA', 'BB', 'BD', 'BE', 'BF', 'BG', 'BH', 'BI', 'BJ', 'BL', 'BM', 'BN', 'BO', 'BQ', 'BR', 'BS', 'BT', '...</msg>
<var>${list_country}</var>
<arg>AD</arg>
<arg>AE</arg>
<arg>AF</arg>
<arg>AG</arg>
<arg>AI</arg>
<arg>AL</arg>
<arg>AM</arg>
<arg>AO</arg>
<arg>AQ</arg>
<arg>AR</arg>
<arg>AS</arg>
<arg>AT</arg>
<arg>AU</arg>
<arg>AW</arg>
<arg>AX</arg>
<arg>AZ</arg>
<arg>BA</arg>
<arg>BB</arg>
<arg>BD</arg>
<arg>BE</arg>
<arg>BF</arg>
<arg>BG</arg>
<arg>BH</arg>
<arg>BI</arg>
<arg>BJ</arg>
<arg>BL</arg>
<arg>BM</arg>
<arg>BN</arg>
<arg>BO</arg>
<arg>BQ</arg>
<arg>BR</arg>
<arg>BS</arg>
<arg>BT</arg>
<arg>BV</arg>
<arg>BW</arg>
<arg>BY</arg>
<arg>BZ</arg>
<arg>CA</arg>
<arg>CC</arg>
<arg>CD</arg>
<arg>CF</arg>
<arg>CG</arg>
<arg>CH</arg>
<arg>CI</arg>
<arg>CK</arg>
<arg>CL</arg>
<arg>CM</arg>
<arg>CN</arg>
<arg>CO</arg>
<arg>CR</arg>
<arg>CU</arg>
<arg>CV</arg>
<arg>CW</arg>
<arg>CX</arg>
<arg>CY</arg>
<arg>CZ</arg>
<arg>DE</arg>
<arg>DJ</arg>
<arg>DK</arg>
<arg>DM</arg>
<arg>DO</arg>
<arg>DZ</arg>
<arg>EC</arg>
<arg>EE</arg>
<arg>EG</arg>
<arg>EH</arg>
<arg>ER</arg>
<arg>ES</arg>
<arg>ET</arg>
<arg>FI</arg>
<arg>FJ</arg>
<arg>FK</arg>
<arg>FM</arg>
<arg>FO</arg>
<arg>FR</arg>
<arg>GA</arg>
<arg>GB</arg>
<arg>GD</arg>
<arg>GE</arg>
<arg>GF</arg>
<arg>GG</arg>
<arg>GH</arg>
<arg>GI</arg>
<arg>GL</arg>
<arg>GM</arg>
<arg>GN</arg>
<arg>GP</arg>
<arg>GQ</arg>
<arg>GR</arg>
<arg>GS</arg>
<arg>GT</arg>
<arg>GU</arg>
<arg>GW</arg>
<arg>GY</arg>
<arg>HK</arg>
<arg>HM</arg>
<arg>HN</arg>
<arg>HR</arg>
<arg>HT</arg>
<arg>HU</arg>
<arg>ID</arg>
<arg>IE</arg>
<arg>IL</arg>
<arg>IM</arg>
<arg>IN</arg>
<arg>IO</arg>
<arg>IQ</arg>
<arg>IR</arg>
<arg>IS</arg>
<arg>IT</arg>
<arg>JE</arg>
<arg>JM</arg>
<arg>JO</arg>
<arg>JP</arg>
<arg>KE</arg>
<arg>KG</arg>
<arg>KH</arg>
<arg>KI</arg>
<arg>KM</arg>
<arg>KN</arg>
<arg>KP</arg>
<arg>KR</arg>
<arg>KW</arg>
<arg>KY</arg>
<arg>KZ</arg>
<arg>LA</arg>
<arg>LB</arg>
<arg>LC</arg>
<arg>LI</arg>
<arg>LK</arg>
<arg>LR</arg>
<arg>LS</arg>
<arg>LT</arg>
<arg>LU</arg>
<arg>LV</arg>
<arg>LY</arg>
<arg>MA</arg>
<arg>MC</arg>
<arg>MD</arg>
<arg>ME</arg>
<arg>MF</arg>
<arg>MG</arg>
<arg>MH</arg>
<arg>MK</arg>
<arg>ML</arg>
<arg>MM</arg>
<arg>MN</arg>
<arg>MO</arg>
<arg>MP</arg>
<arg>MQ</arg>
<arg>MR</arg>
<arg>MS</arg>
<arg>MT</arg>
<arg>MU</arg>
<arg>MV</arg>
<arg>MW</arg>
<arg>MX</arg>
<arg>MY</arg>
<arg>MZ</arg>
<arg>NA</arg>
<arg>NC</arg>
<arg>NE</arg>
<arg>NF</arg>
<arg>NG</arg>
<arg>NI</arg>
<arg>NL</arg>
<arg>NO</arg>
<arg>NP</arg>
<arg>NR</arg>
<arg>NU</arg>
<arg>NZ</arg>
<arg>OM</arg>
<arg>PA</arg>
<arg>PE</arg>
<arg>PF</arg>
<arg>PG</arg>
<arg>PH</arg>
<arg>PK</arg>
<arg>PL</arg>
<arg>PM</arg>
<arg>PN</arg>
<arg>PR</arg>
<arg>PS</arg>
<arg>PT</arg>
<arg>PW</arg>
<arg>PY</arg>
<arg>QA</arg>
<arg>RE</arg>
<arg>RO</arg>
<arg>RS</arg>
<arg>RU</arg>
<arg>RW</arg>
<arg>SA</arg>
<arg>SB</arg>
<arg>SC</arg>
<arg>SD</arg>
<arg>SE</arg>
<arg>SG</arg>
<arg>SH</arg>
<arg>SI</arg>
<arg>SJ</arg>
<arg>SK</arg>
<arg>SL</arg>
<arg>SM</arg>
<arg>SN</arg>
<arg>SO</arg>
<arg>SR</arg>
<arg>SS</arg>
<arg>ST</arg>
<arg>SV</arg>
<arg>SX</arg>
<arg>SY</arg>
<arg>SZ</arg>
<arg>TC</arg>
<arg>TD</arg>
<arg>TF</arg>
<arg>TG</arg>
<arg>TH</arg>
<arg>TJ</arg>
<arg>TK</arg>
<arg>TL</arg>
<arg>TM</arg>
<arg>TN</arg>
<arg>TO</arg>
<arg>TR</arg>
<arg>TT</arg>
<arg>TV</arg>
<arg>TW</arg>
<arg>TZ</arg>
<arg>UA</arg>
<arg>UG</arg>
<arg>UM</arg>
<arg>US</arg>
<arg>UY</arg>
<arg>UZ</arg>
<arg>VA</arg>
<arg>VC</arg>
<arg>VE</arg>
<arg>VG</arg>
<arg>VI</arg>
<arg>VN</arg>
<arg>VU</arg>
<arg>WF</arg>
<arg>WS</arg>
<arg>XK</arg>
<arg>YE</arg>
<arg>YT</arg>
<arg>ZA</arg>
<arg>ZM</arg>
<arg>ZW</arg>
<doc>Returns a list containing given items.</doc>
<status status="PASS" start="2024-06-17T23:15:43.117953" elapsed="0.000685"/>
</kw>
<kw name="List Should Contain Value" owner="Collections">
<arg>${list_country}</arg>
<arg>${name_country}</arg>
<doc>Fails if the ``value`` is not found from ``list``.</doc>
<status status="PASS" start="2024-06-17T23:15:43.119438" elapsed="0.000205"/>
</kw>
<kw name="Run Keyword If" owner="BuiltIn">
<kw name="Should Be True" owner="BuiltIn">
<arg>${True}</arg>
<doc>Fails if the given condition is not true.</doc>
<status status="PASS" start="2024-06-17T23:15:43.120732" elapsed="0.000143"/>
</kw>
<arg>${json_data["results"][0]["location"]["coordinates"]["latitude"]} &gt;= -90 and ${json_data["results"][0]["location"]["coordinates"]["latitude"]} &lt;= 90</arg>
<arg>Should Be True</arg>
<arg>${True}</arg>
<doc>Runs the given keyword with the given arguments, if ``condition`` is true.</doc>
<status status="PASS" start="2024-06-17T23:15:43.119838" elapsed="0.001163"/>
</kw>
<kw name="Run Keyword If" owner="BuiltIn">
<kw name="Should Be True" owner="BuiltIn">
<arg>${True}</arg>
<doc>Fails if the given condition is not true.</doc>
<status status="PASS" start="2024-06-17T23:15:43.121868" elapsed="0.000138"/>
</kw>
<arg>${json_data["results"][0]["location"]["coordinates"]["longitude"]} &gt;= -180 and ${json_data["results"][0]["location"]["coordinates"]["longitude"]} &lt;= 180</arg>
<arg>Should Be True</arg>
<arg>${True}</arg>
<doc>Runs the given keyword with the given arguments, if ``condition`` is true.</doc>
<status status="PASS" start="2024-06-17T23:15:43.121182" elapsed="0.000946"/>
</kw>
<status status="PASS" start="2024-06-17T23:15:43.001672" elapsed="0.120583"/>
</kw>
<doc>Testa o conteúdo específico dos campos retornados pela API.</doc>
<tag>testeConteudo</tag>
<status status="PASS" start="2024-06-17T23:15:43.001191" elapsed="0.121217"/>
</test>
<status status="PASS" start="2024-06-17T23:15:41.587975" elapsed="1.536410"/>
</suite>
<status status="PASS" start="2024-06-17T23:15:41.573660" elapsed="1.555902"/>
</suite>
<statistics>
<total>
<stat pass="5" fail="0" skip="0">All Tests</stat>
</total>
<tag>
<stat pass="1" fail="0" skip="0">testeConteudo</stat>
<stat pass="1" fail="0" skip="0">testeEstruturaResposta</stat>
<stat pass="1" fail="0" skip="0">testeRequisicaoBasica</stat>
<stat pass="1" fail="0" skip="0">testeTiposDados</stat>
</tag>
<suite>
<stat pass="5" fail="0" skip="0" id="s1" name="Tests">Tests</stat>
<stat pass="5" fail="0" skip="0" id="s1-s1" name="Random-User-Test">Tests.Random-User-Test</stat>
</suite>
</statistics>
<errors>
</errors>
</robot>
