<?xml version="1.0" encoding="UTF-8"?>
<robot generator="Robot 7.0.1 (Python 3.12.4 on linux)" generated="2024-07-19T22:15:59.454462" rpa="false" schemaversion="5">
<suite id="s1" name="Tests" source="/home/runner/work/ApiRandomUser/ApiRandomUser/RamdonUser/tests">
<suite id="s1-s1" name="Random-User-Test" source="/home/runner/work/ApiRandomUser/ApiRandomUser/RamdonUser/tests/random-user-test.robot">
<test id="s1-s1-t1" name="Conectar" line="13">
<kw name="Conectar API" owner="random-user-service">
<kw name="Create Session" owner="RequestsLibrary">
<msg time="2024-07-19T22:15:59.848101" level="INFO">Creating Session using : alias=consultarAPI, url=https://randomuser.me/, headers={},                     cookies={}, auth=None, timeout=None, proxies=None, verify=False,                     debug=0 </msg>
<arg>consultarAPI</arg>
<arg>${URL}</arg>
<doc>Create Session: create a HTTP session to a server</doc>
<status status="PASS" start="2024-07-19T22:15:59.847903" elapsed="0.000382"/>
</kw>
<status status="PASS" start="2024-07-19T22:15:59.846815" elapsed="0.001827"/>
</kw>
<status status="PASS" start="2024-07-19T22:15:59.846273" elapsed="0.002565"/>
</test>
<test id="s1-s1-t2" name="Validar retorno 200 e JSON Válido" line="16">
<kw name="Teste de Requisicao Basica" owner="random-user-service">
<kw name="GET On Session" owner="RequestsLibrary">
<msg time="2024-07-19T22:15:59.900958" level="INFO">GET Request : url=https://randomuser.me/api 
 path_url=/api 
 headers={'User-Agent': 'python-requests/2.32.3', 'Accept-Encoding': 'gzip, deflate', 'Accept': '*/*', 'Connection': 'keep-alive'} 
 body=None 
 </msg>
<msg time="2024-07-19T22:15:59.901094" level="INFO">GET Response : url=https://randomuser.me/api 
 status=200, reason=OK 
 headers={'Date': 'Fri, 19 Jul 2024 22:15:59 GMT', 'Content-Type': 'application/json; charset=utf-8', 'Transfer-Encoding': 'chunked', 'Connection': 'keep-alive', 'X-Powered-By': 'Express', 'Access-Control-Allow-Origin': '*', 'Cache-Control': 'no-cache', 'ETag': 'W/"47b-XP5Bf2omvjVb8uYTEgftFvSAsyU"', 'Vary': 'Accept-Encoding', 'Content-Encoding': 'gzip', 'CF-Cache-Status': 'DYNAMIC', 'Report-To': '{"endpoints":[{"url":"https:\\/\\/a.nel.cloudflare.com\\/report\\/v4?s=RnP5UtVyO68ThWVSikN0vp2rw2vgr4lMHZ5E8OwZuN2al4HuqwLnmdNLW2AbTRAObvlSrs6suBAbAidQAb51bXiWj5bRg4qCJfxEvaC6lNyyvKr9gXRMylii08lc0T0r"}],"group":"cf-nel","max_age":604800}', 'NEL': '{"success_fraction":0,"report_to":"cf-nel","max_age":604800}', 'Server': 'cloudflare', 'CF-RAY': '8a5e12c73c153b53-IAD', 'alt-svc': 'h3=":443"; ma=86400'} 
 body={"results":[{"gender":"male","name":{"title":"Mr","first":"Vincent","last":"Edwards"},"location":{"street":{"number":9430,"name":"Trafalgar Street"},"city":"Blenheim","state":"Southland","country":"New Zealand","postcode":24864,"coordinates":{"latitude":"50.6318","longitude":"-129.4649"},"timezone":{"offset":"-3:30","description":"Newfoundland"}},"email":"vincent.edwards@example.com","login":{"uuid":"f25fe0a2-e05c-406d-bce7-5e6c25625b28","username":"whitekoala401","password":"sf49ers","salt":"7dwUcA1E","md5":"7c53a8f0a60a12fff69a0da74872a85a","sha1":"ea407ecc88cee566292f66eff466c43e57503819","sha256":"8eac56cd190a554b59d2537e91bb9cbf3531c76577897fb8d06cc4b5d75d091d"},"dob":{"date":"1995-12-18T19:29:04.024Z","age":28},"registered":{"date":"2011-01-03T20:08:00.207Z","age":13},"phone":"(133)-137-1570","cell":"(653)-275-5522","id":{"name":"","value":null},"picture":{"large":"https://randomuser.me/api/portraits/men/80.jpg","medium":"https://randomuser.me/api/portraits/med/men/80.jpg","thumbnail":"https://randomuser.me/api/portraits/thumb/men/80.jpg"},"nat":"NZ"}],"info":{"seed":"8476e32230f4ee16","results":1,"page":1,"version":"1.4"}} 
 </msg>
<msg time="2024-07-19T22:15:59.901171" level="INFO">/opt/hostedtoolcache/Python/3.12.4/x64/lib/python3.12/site-packages/urllib3/connectionpool.py:1099: InsecureRequestWarning: Unverified HTTPS request is being made to host 'randomuser.me'. Adding certificate verification is strongly advised. See: https://urllib3.readthedocs.io/en/latest/advanced-usage.html#tls-warnings
  warnings.warn(</msg>
<msg time="2024-07-19T22:15:59.901324" level="INFO">${response} = &lt;Response [200]&gt;</msg>
<var>${response}</var>
<arg>consultarAPI</arg>
<arg>/api</arg>
<doc>Sends a GET request on a previously created HTTP Session.</doc>
<status status="PASS" start="2024-07-19T22:15:59.851478" elapsed="0.049886"/>
</kw>
<kw name="Should Be Equal As Numbers" owner="BuiltIn">
<msg time="2024-07-19T22:15:59.902316" level="INFO">Argument types are:
&lt;class 'int'&gt;
&lt;class 'str'&gt;</msg>
<arg>${response.status_code}</arg>
<arg>200</arg>
<doc>Fails if objects are unequal after converting them to real numbers.</doc>
<status status="PASS" start="2024-07-19T22:15:59.901837" elapsed="0.000544"/>
</kw>
<kw name="Log" owner="BuiltIn">
<msg time="2024-07-19T22:15:59.903052" level="INFO">200</msg>
<arg>${response.status_code}</arg>
<doc>Logs the given message with the given level.</doc>
<status status="PASS" start="2024-07-19T22:15:59.902700" elapsed="0.000395"/>
</kw>
<kw name="Set Variable" owner="BuiltIn">
<msg time="2024-07-19T22:15:59.903897" level="INFO">${json_data} = {'results': [{'gender': 'male', 'name': {'title': 'Mr', 'first': 'Vincent', 'last': 'Edwards'}, 'location': {'street': {'number': 9430, 'name': 'Trafalgar Street'}, 'city': 'Blenheim', 'state': 'South...</msg>
<var>${json_data}</var>
<arg>${response.json()}</arg>
<doc>Returns the given values which can then be assigned to a variables.</doc>
<status status="PASS" start="2024-07-19T22:15:59.903449" elapsed="0.000477"/>
</kw>
<kw name="Dictionary Should Contain Key" owner="Collections">
<arg>${json_data}</arg>
<arg>results</arg>
<doc>Fails if ``key`` is not found from ``dictionary``.</doc>
<status status="PASS" start="2024-07-19T22:15:59.904227" elapsed="0.000329"/>
</kw>
<status status="PASS" start="2024-07-19T22:15:59.851223" elapsed="0.053486"/>
</kw>
<doc>Testa se a API responde corretamente e retorna um objeto JSON válido.</doc>
<tag>testeRequisicaoBasica</tag>
<status status="PASS" start="2024-07-19T22:15:59.850773" elapsed="0.054116"/>
</test>
<test id="s1-s1-t3" name="Validar estrutura de resposta" line="22">
<kw name="Teste de Estrutura de Resposta" owner="random-user-service">
<kw name="GET On Session" owner="RequestsLibrary">
<msg time="2024-07-19T22:16:00.009446" level="INFO">GET Request : url=https://randomuser.me/api 
 path_url=/api 
 headers={'User-Agent': 'python-requests/2.32.3', 'Accept-Encoding': 'gzip, deflate', 'Accept': '*/*', 'Connection': 'keep-alive'} 
 body=None 
 </msg>
<msg time="2024-07-19T22:16:00.009558" level="INFO">GET Response : url=https://randomuser.me/api 
 status=200, reason=OK 
 headers={'Date': 'Fri, 19 Jul 2024 22:16:00 GMT', 'Content-Type': 'application/json; charset=utf-8', 'Transfer-Encoding': 'chunked', 'Connection': 'keep-alive', 'X-Powered-By': 'Express', 'Access-Control-Allow-Origin': '*', 'Cache-Control': 'no-cache', 'ETag': 'W/"46d-HPRVcRPG7JyF5rH6drcJYinjgXY"', 'Vary': 'Accept-Encoding', 'Content-Encoding': 'gzip', 'CF-Cache-Status': 'DYNAMIC', 'Report-To': '{"endpoints":[{"url":"https:\\/\\/a.nel.cloudflare.com\\/report\\/v4?s=l6jd%2BKdB1%2FO8HtnyT%2B7t44yTHaReA5y1V6p32FBp3jMjJL0EPbA01h3%2BiP7lLY5xhUih6IqOkQ%2Faz6H5%2FL6%2BPrWuEgriZ%2BQVZabfY%2B0sjhU7DfSi0UVS%2BJQTp7WF1sJv"}],"group":"cf-nel","max_age":604800}', 'NEL': '{"success_fraction":0,"report_to":"cf-nel","max_age":604800}', 'Server': 'cloudflare', 'CF-RAY': '8a5e12c76c463b53-IAD', 'alt-svc': 'h3=":443"; ma=86400'} 
 body={"results":[{"gender":"female","name":{"title":"Miss","first":"Charlotte","last":"Gjøen"},"location":{"street":{"number":7,"name":"Langretta"},"city":"Ulvik","state":"Vestfold","country":"Norway","postcode":"5179","coordinates":{"latitude":"41.7712","longitude":"74.1010"},"timezone":{"offset":"+4:30","description":"Kabul"}},"email":"charlotte.gjoen@example.com","login":{"uuid":"331a07ef-0da9-4fb9-afbf-118ab48e0e5d","username":"yellowbutterfly173","password":"redsox","salt":"ZNL9SMA9","md5":"1b6c9673e6684bc8c83e1577af8f7bfc","sha1":"fb1954ba67233cb862429a24f89f59cf77027303","sha256":"658b3c5de61fd736de977729523e765a2747e673e78514bd32e3759ab5bc493a"},"dob":{"date":"1973-02-08T20:55:28.153Z","age":51},"registered":{"date":"2015-09-03T11:12:32.079Z","age":8},"phone":"35909389","cell":"49167631","id":{"name":"FN","value":"08027314865"},"picture":{"large":"https://randomuser.me/api/portraits/women/70.jpg","medium":"https://randomuser.me/api/portraits/med/women/70.jpg","thumbnail":"https://randomuser.me/api/portraits/thumb/women/70.jpg"},"nat":"NO"}],"info":{"seed":"1a9262878ae9cf69","results":1,"page":1,"version":"1.4"}} 
 </msg>
<msg time="2024-07-19T22:16:00.009714" level="INFO">/opt/hostedtoolcache/Python/3.12.4/x64/lib/python3.12/site-packages/urllib3/connectionpool.py:1099: InsecureRequestWarning: Unverified HTTPS request is being made to host 'randomuser.me'. Adding certificate verification is strongly advised. See: https://urllib3.readthedocs.io/en/latest/advanced-usage.html#tls-warnings
  warnings.warn(</msg>
<msg time="2024-07-19T22:16:00.009883" level="INFO">${response} = &lt;Response [200]&gt;</msg>
<var>${response}</var>
<arg>consultarAPI</arg>
<arg>/api</arg>
<doc>Sends a GET request on a previously created HTTP Session.</doc>
<status status="PASS" start="2024-07-19T22:15:59.907534" elapsed="0.102396"/>
</kw>
<kw name="Set Variable" owner="BuiltIn">
<msg time="2024-07-19T22:16:00.010966" level="INFO">${json_data} = {'results': [{'gender': 'female', 'name': {'title': 'Miss', 'first': 'Charlotte', 'last': 'Gjøen'}, 'location': {'street': {'number': 7, 'name': 'Langretta'}, 'city': 'Ulvik', 'state': 'Vestfold', 'co...</msg>
<var>${json_data}</var>
<arg>${response.json()}</arg>
<doc>Returns the given values which can then be assigned to a variables.</doc>
<status status="PASS" start="2024-07-19T22:16:00.010444" elapsed="0.000553"/>
</kw>
<kw name="Log" owner="BuiltIn">
<msg time="2024-07-19T22:16:00.011475" level="INFO">{'results': [{'gender': 'female', 'name': {'title': 'Miss', 'first': 'Charlotte', 'last': 'Gjøen'}, 'location': {'street': {'number': 7, 'name': 'Langretta'}, 'city': 'Ulvik', 'state': 'Vestfold', 'country': 'Norway', 'postcode': '5179', 'coordinates': {'latitude': '41.7712', 'longitude': '74.1010'}, 'timezone': {'offset': '+4:30', 'description': 'Kabul'}}, 'email': 'charlotte.gjoen@example.com', 'login': {'uuid': '331a07ef-0da9-4fb9-afbf-118ab48e0e5d', 'username': 'yellowbutterfly173', 'password': 'redsox', 'salt': 'ZNL9SMA9', 'md5': '1b6c9673e6684bc8c83e1577af8f7bfc', 'sha1': 'fb1954ba67233cb862429a24f89f59cf77027303', 'sha256': '658b3c5de61fd736de977729523e765a2747e673e78514bd32e3759ab5bc493a'}, 'dob': {'date': '1973-02-08T20:55:28.153Z', 'age': 51}, 'registered': {'date': '2015-09-03T11:12:32.079Z', 'age': 8}, 'phone': '35909389', 'cell': '49167631', 'id': {'name': 'FN', 'value': '08027314865'}, 'picture': {'large': 'https://randomuser.me/api/portraits/women/70.jpg', 'medium': 'https://randomuser.me/api/portraits/med/women/70.jpg', 'thumbnail': 'https://randomuser.me/api/portraits/thumb/women/70.jpg'}, 'nat': 'NO'}], 'info': {'seed': '1a9262878ae9cf69', 'results': 1, 'page': 1, 'version': '1.4'}}</msg>
<arg>${json_data}</arg>
<doc>Logs the given message with the given level.</doc>
<status status="PASS" start="2024-07-19T22:16:00.011307" elapsed="0.000222"/>
</kw>
<kw name="Dictionary Should Contain Key" owner="Collections">
<arg>${json_data}</arg>
<arg>results</arg>
<doc>Fails if ``key`` is not found from ``dictionary``.</doc>
<status status="PASS" start="2024-07-19T22:16:00.011826" elapsed="0.000168"/>
</kw>
<kw name="Should Not Be Empty" owner="BuiltIn">
<msg time="2024-07-19T22:16:00.012307" level="INFO">Length is 2.</msg>
<arg>${json_data}</arg>
<doc>Verifies that the given item is not empty.</doc>
<status status="PASS" start="2024-07-19T22:16:00.012182" elapsed="0.000163"/>
</kw>
<kw name="Create List" owner="BuiltIn">
<msg time="2024-07-19T22:16:00.012786" level="INFO">${expected_keys} = ['gender', 'name', 'location', 'email', 'login']</msg>
<var>${expected_keys}</var>
<arg>gender</arg>
<arg>name</arg>
<arg>location</arg>
<arg>email</arg>
<arg>login</arg>
<doc>Returns a list containing given items.</doc>
<status status="PASS" start="2024-07-19T22:16:00.012633" elapsed="0.000177"/>
</kw>
<for flavor="IN">
<iter>
<kw name="Dictionary Should Contain Key" owner="Collections">
<arg>${json_data['results'][0]}</arg>
<arg>${key}</arg>
<doc>Fails if ``key`` is not found from ``dictionary``.</doc>
<status status="PASS" start="2024-07-19T22:16:00.013452" elapsed="0.000416"/>
</kw>
<kw name="Log" owner="BuiltIn">
<msg time="2024-07-19T22:16:00.014483" level="INFO">{'gender': 'female', 'name': {'title': 'Miss', 'first': 'Charlotte', 'last': 'Gjøen'}, 'location': {'street': {'number': 7, 'name': 'Langretta'}, 'city': 'Ulvik', 'state': 'Vestfold', 'country': 'Norway', 'postcode': '5179', 'coordinates': {'latitude': '41.7712', 'longitude': '74.1010'}, 'timezone': {'offset': '+4:30', 'description': 'Kabul'}}, 'email': 'charlotte.gjoen@example.com', 'login': {'uuid': '331a07ef-0da9-4fb9-afbf-118ab48e0e5d', 'username': 'yellowbutterfly173', 'password': 'redsox', 'salt': 'ZNL9SMA9', 'md5': '1b6c9673e6684bc8c83e1577af8f7bfc', 'sha1': 'fb1954ba67233cb862429a24f89f59cf77027303', 'sha256': '658b3c5de61fd736de977729523e765a2747e673e78514bd32e3759ab5bc493a'}, 'dob': {'date': '1973-02-08T20:55:28.153Z', 'age': 51}, 'registered': {'date': '2015-09-03T11:12:32.079Z', 'age': 8}, 'phone': '35909389', 'cell': '49167631', 'id': {'name': 'FN', 'value': '08027314865'}, 'picture': {'large': 'https://randomuser.me/api/portraits/women/70.jpg', 'medium': 'https://randomuser.me/api/portraits/med/women/70.jpg', 'thumbnail': 'https://randomuser.me/api/portraits/thumb/women/70.jpg'}, 'nat': 'NO'}</msg>
<arg>${json_data['results'][0]}</arg>
<doc>Logs the given message with the given level.</doc>
<status status="PASS" start="2024-07-19T22:16:00.014066" elapsed="0.000470"/>
</kw>
<kw name="Log" owner="BuiltIn">
<msg time="2024-07-19T22:16:00.015017" level="INFO">gender</msg>
<arg>${key}</arg>
<doc>Logs the given message with the given level.</doc>
<status status="PASS" start="2024-07-19T22:16:00.014876" elapsed="0.000181"/>
</kw>
<var name="${key}">gender</var>
<status status="PASS" start="2024-07-19T22:16:00.013303" elapsed="0.001973"/>
</iter>
<iter>
<kw name="Dictionary Should Contain Key" owner="Collections">
<arg>${json_data['results'][0]}</arg>
<arg>${key}</arg>
<doc>Fails if ``key`` is not found from ``dictionary``.</doc>
<status status="PASS" start="2024-07-19T22:16:00.015579" elapsed="0.000390"/>
</kw>
<kw name="Log" owner="BuiltIn">
<msg time="2024-07-19T22:16:00.016512" level="INFO">{'gender': 'female', 'name': {'title': 'Miss', 'first': 'Charlotte', 'last': 'Gjøen'}, 'location': {'street': {'number': 7, 'name': 'Langretta'}, 'city': 'Ulvik', 'state': 'Vestfold', 'country': 'Norway', 'postcode': '5179', 'coordinates': {'latitude': '41.7712', 'longitude': '74.1010'}, 'timezone': {'offset': '+4:30', 'description': 'Kabul'}}, 'email': 'charlotte.gjoen@example.com', 'login': {'uuid': '331a07ef-0da9-4fb9-afbf-118ab48e0e5d', 'username': 'yellowbutterfly173', 'password': 'redsox', 'salt': 'ZNL9SMA9', 'md5': '1b6c9673e6684bc8c83e1577af8f7bfc', 'sha1': 'fb1954ba67233cb862429a24f89f59cf77027303', 'sha256': '658b3c5de61fd736de977729523e765a2747e673e78514bd32e3759ab5bc493a'}, 'dob': {'date': '1973-02-08T20:55:28.153Z', 'age': 51}, 'registered': {'date': '2015-09-03T11:12:32.079Z', 'age': 8}, 'phone': '35909389', 'cell': '49167631', 'id': {'name': 'FN', 'value': '08027314865'}, 'picture': {'large': 'https://randomuser.me/api/portraits/women/70.jpg', 'medium': 'https://randomuser.me/api/portraits/med/women/70.jpg', 'thumbnail': 'https://randomuser.me/api/portraits/thumb/women/70.jpg'}, 'nat': 'NO'}</msg>
<arg>${json_data['results'][0]}</arg>
<doc>Logs the given message with the given level.</doc>
<status status="PASS" start="2024-07-19T22:16:00.016154" elapsed="0.000452"/>
</kw>
<kw name="Log" owner="BuiltIn">
<msg time="2024-07-19T22:16:00.017034" level="INFO">name</msg>
<arg>${key}</arg>
<doc>Logs the given message with the given level.</doc>
<status status="PASS" start="2024-07-19T22:16:00.016907" elapsed="0.000165"/>
</kw>
<var name="${key}">name</var>
<status status="PASS" start="2024-07-19T22:16:00.015466" elapsed="0.001823"/>
</iter>
<iter>
<kw name="Dictionary Should Contain Key" owner="Collections">
<arg>${json_data['results'][0]}</arg>
<arg>${key}</arg>
<doc>Fails if ``key`` is not found from ``dictionary``.</doc>
<status status="PASS" start="2024-07-19T22:16:00.017574" elapsed="0.000387"/>
</kw>
<kw name="Log" owner="BuiltIn">
<msg time="2024-07-19T22:16:00.018551" level="INFO">{'gender': 'female', 'name': {'title': 'Miss', 'first': 'Charlotte', 'last': 'Gjøen'}, 'location': {'street': {'number': 7, 'name': 'Langretta'}, 'city': 'Ulvik', 'state': 'Vestfold', 'country': 'Norway', 'postcode': '5179', 'coordinates': {'latitude': '41.7712', 'longitude': '74.1010'}, 'timezone': {'offset': '+4:30', 'description': 'Kabul'}}, 'email': 'charlotte.gjoen@example.com', 'login': {'uuid': '331a07ef-0da9-4fb9-afbf-118ab48e0e5d', 'username': 'yellowbutterfly173', 'password': 'redsox', 'salt': 'ZNL9SMA9', 'md5': '1b6c9673e6684bc8c83e1577af8f7bfc', 'sha1': 'fb1954ba67233cb862429a24f89f59cf77027303', 'sha256': '658b3c5de61fd736de977729523e765a2747e673e78514bd32e3759ab5bc493a'}, 'dob': {'date': '1973-02-08T20:55:28.153Z', 'age': 51}, 'registered': {'date': '2015-09-03T11:12:32.079Z', 'age': 8}, 'phone': '35909389', 'cell': '49167631', 'id': {'name': 'FN', 'value': '08027314865'}, 'picture': {'large': 'https://randomuser.me/api/portraits/women/70.jpg', 'medium': 'https://randomuser.me/api/portraits/med/women/70.jpg', 'thumbnail': 'https://randomuser.me/api/portraits/thumb/women/70.jpg'}, 'nat': 'NO'}</msg>
<arg>${json_data['results'][0]}</arg>
<doc>Logs the given message with the given level.</doc>
<status status="PASS" start="2024-07-19T22:16:00.018185" elapsed="0.000418"/>
</kw>
<kw name="Log" owner="BuiltIn">
<msg time="2024-07-19T22:16:00.019023" level="INFO">location</msg>
<arg>${key}</arg>
<doc>Logs the given message with the given level.</doc>
<status status="PASS" start="2024-07-19T22:16:00.018898" elapsed="0.000163"/>
</kw>
<var name="${key}">location</var>
<status status="PASS" start="2024-07-19T22:16:00.017465" elapsed="0.001812"/>
</iter>
<iter>
<kw name="Dictionary Should Contain Key" owner="Collections">
<arg>${json_data['results'][0]}</arg>
<arg>${key}</arg>
<doc>Fails if ``key`` is not found from ``dictionary``.</doc>
<status status="PASS" start="2024-07-19T22:16:00.019555" elapsed="0.000379"/>
</kw>
<kw name="Log" owner="BuiltIn">
<msg time="2024-07-19T22:16:00.020640" level="INFO">{'gender': 'female', 'name': {'title': 'Miss', 'first': 'Charlotte', 'last': 'Gjøen'}, 'location': {'street': {'number': 7, 'name': 'Langretta'}, 'city': 'Ulvik', 'state': 'Vestfold', 'country': 'Norway', 'postcode': '5179', 'coordinates': {'latitude': '41.7712', 'longitude': '74.1010'}, 'timezone': {'offset': '+4:30', 'description': 'Kabul'}}, 'email': 'charlotte.gjoen@example.com', 'login': {'uuid': '331a07ef-0da9-4fb9-afbf-118ab48e0e5d', 'username': 'yellowbutterfly173', 'password': 'redsox', 'salt': 'ZNL9SMA9', 'md5': '1b6c9673e6684bc8c83e1577af8f7bfc', 'sha1': 'fb1954ba67233cb862429a24f89f59cf77027303', 'sha256': '658b3c5de61fd736de977729523e765a2747e673e78514bd32e3759ab5bc493a'}, 'dob': {'date': '1973-02-08T20:55:28.153Z', 'age': 51}, 'registered': {'date': '2015-09-03T11:12:32.079Z', 'age': 8}, 'phone': '35909389', 'cell': '49167631', 'id': {'name': 'FN', 'value': '08027314865'}, 'picture': {'large': 'https://randomuser.me/api/portraits/women/70.jpg', 'medium': 'https://randomuser.me/api/portraits/med/women/70.jpg', 'thumbnail': 'https://randomuser.me/api/portraits/thumb/women/70.jpg'}, 'nat': 'NO'}</msg>
<arg>${json_data['results'][0]}</arg>
<doc>Logs the given message with the given level.</doc>
<status status="PASS" start="2024-07-19T22:16:00.020249" elapsed="0.000486"/>
</kw>
<kw name="Log" owner="BuiltIn">
<msg time="2024-07-19T22:16:00.021207" level="INFO">email</msg>
<arg>${key}</arg>
<doc>Logs the given message with the given level.</doc>
<status status="PASS" start="2024-07-19T22:16:00.021077" elapsed="0.000170"/>
</kw>
<var name="${key}">email</var>
<status status="PASS" start="2024-07-19T22:16:00.019448" elapsed="0.002014"/>
</iter>
<iter>
<kw name="Dictionary Should Contain Key" owner="Collections">
<arg>${json_data['results'][0]}</arg>
<arg>${key}</arg>
<doc>Fails if ``key`` is not found from ``dictionary``.</doc>
<status status="PASS" start="2024-07-19T22:16:00.021748" elapsed="0.000414"/>
</kw>
<kw name="Log" owner="BuiltIn">
<msg time="2024-07-19T22:16:00.022716" level="INFO">{'gender': 'female', 'name': {'title': 'Miss', 'first': 'Charlotte', 'last': 'Gjøen'}, 'location': {'street': {'number': 7, 'name': 'Langretta'}, 'city': 'Ulvik', 'state': 'Vestfold', 'country': 'Norway', 'postcode': '5179', 'coordinates': {'latitude': '41.7712', 'longitude': '74.1010'}, 'timezone': {'offset': '+4:30', 'description': 'Kabul'}}, 'email': 'charlotte.gjoen@example.com', 'login': {'uuid': '331a07ef-0da9-4fb9-afbf-118ab48e0e5d', 'username': 'yellowbutterfly173', 'password': 'redsox', 'salt': 'ZNL9SMA9', 'md5': '1b6c9673e6684bc8c83e1577af8f7bfc', 'sha1': 'fb1954ba67233cb862429a24f89f59cf77027303', 'sha256': '658b3c5de61fd736de977729523e765a2747e673e78514bd32e3759ab5bc493a'}, 'dob': {'date': '1973-02-08T20:55:28.153Z', 'age': 51}, 'registered': {'date': '2015-09-03T11:12:32.079Z', 'age': 8}, 'phone': '35909389', 'cell': '49167631', 'id': {'name': 'FN', 'value': '08027314865'}, 'picture': {'large': 'https://randomuser.me/api/portraits/women/70.jpg', 'medium': 'https://randomuser.me/api/portraits/med/women/70.jpg', 'thumbnail': 'https://randomuser.me/api/portraits/thumb/women/70.jpg'}, 'nat': 'NO'}</msg>
<arg>${json_data['results'][0]}</arg>
<doc>Logs the given message with the given level.</doc>
<status status="PASS" start="2024-07-19T22:16:00.022352" elapsed="0.000414"/>
</kw>
<kw name="Log" owner="BuiltIn">
<msg time="2024-07-19T22:16:00.023188" level="INFO">login</msg>
<arg>${key}</arg>
<doc>Logs the given message with the given level.</doc>
<status status="PASS" start="2024-07-19T22:16:00.023062" elapsed="0.000164"/>
</kw>
<var name="${key}">login</var>
<status status="PASS" start="2024-07-19T22:16:00.021638" elapsed="0.001807"/>
</iter>
<var>${key}</var>
<value>@{expected_keys}</value>
<status status="PASS" start="2024-07-19T22:16:00.013076" elapsed="0.010489"/>
</for>
<kw name="Create List" owner="BuiltIn">
<msg time="2024-07-19T22:16:00.023887" level="INFO">${expected_keysTwo} = ['username', 'password']</msg>
<var>${expected_keysTwo}</var>
<arg>username</arg>
<arg>password</arg>
<doc>Returns a list containing given items.</doc>
<status status="PASS" start="2024-07-19T22:16:00.023754" elapsed="0.000157"/>
</kw>
<for flavor="IN">
<iter>
<kw name="Dictionary Should Contain Key" owner="Collections">
<arg>${json_data['results'][0]['login']}</arg>
<arg>${keyTwo}</arg>
<doc>Fails if ``key`` is not found from ``dictionary``.</doc>
<status status="PASS" start="2024-07-19T22:16:00.024440" elapsed="0.000386"/>
</kw>
<kw name="Dictionary Should Contain Key" owner="Collections">
<arg>${json_data['results'][0]['login']}</arg>
<arg>${keyTwo}</arg>
<doc>Fails if ``key`` is not found from ``dictionary``.</doc>
<status status="PASS" start="2024-07-19T22:16:00.025011" elapsed="0.000373"/>
</kw>
<kw name="Log" owner="BuiltIn">
<msg time="2024-07-19T22:16:00.025684" level="INFO">username</msg>
<arg>${keyTwo}</arg>
<doc>Logs the given message with the given level.</doc>
<status status="PASS" start="2024-07-19T22:16:00.025563" elapsed="0.000159"/>
</kw>
<var name="${keyTwo}">username</var>
<status status="PASS" start="2024-07-19T22:16:00.024331" elapsed="0.001613"/>
</iter>
<iter>
<kw name="Dictionary Should Contain Key" owner="Collections">
<arg>${json_data['results'][0]['login']}</arg>
<arg>${keyTwo}</arg>
<doc>Fails if ``key`` is not found from ``dictionary``.</doc>
<status status="PASS" start="2024-07-19T22:16:00.026266" elapsed="0.000393"/>
</kw>
<kw name="Dictionary Should Contain Key" owner="Collections">
<arg>${json_data['results'][0]['login']}</arg>
<arg>${keyTwo}</arg>
<doc>Fails if ``key`` is not found from ``dictionary``.</doc>
<status status="PASS" start="2024-07-19T22:16:00.026843" elapsed="0.000367"/>
</kw>
<kw name="Log" owner="BuiltIn">
<msg time="2024-07-19T22:16:00.027516" level="INFO">password</msg>
<arg>${keyTwo}</arg>
<doc>Logs the given message with the given level.</doc>
<status status="PASS" start="2024-07-19T22:16:00.027389" elapsed="0.000165"/>
</kw>
<var name="${keyTwo}">password</var>
<status status="PASS" start="2024-07-19T22:16:00.026117" elapsed="0.001689"/>
</iter>
<var>${keyTwo}</var>
<value>@{expected_keysTwo}</value>
<status status="PASS" start="2024-07-19T22:16:00.024173" elapsed="0.003759"/>
</for>
<status status="PASS" start="2024-07-19T22:15:59.907296" elapsed="0.120778"/>
</kw>
<doc>Testa a estrutura da resposta da API.</doc>
<tag>testeEstruturaResposta</tag>
<status status="PASS" start="2024-07-19T22:15:59.906779" elapsed="0.121452"/>
</test>
<test id="s1-s1-t4" name="Validar tipos de dados" line="28">
<kw name="Teste de Tipos de Dados" owner="random-user-service">
<kw name="GET On Session" owner="RequestsLibrary">
<msg time="2024-07-19T22:16:00.102981" level="INFO">GET Request : url=https://randomuser.me/api 
 path_url=/api 
 headers={'User-Agent': 'python-requests/2.32.3', 'Accept-Encoding': 'gzip, deflate', 'Accept': '*/*', 'Connection': 'keep-alive'} 
 body=None 
 </msg>
<msg time="2024-07-19T22:16:00.103086" level="INFO">GET Response : url=https://randomuser.me/api 
 status=200, reason=OK 
 headers={'Date': 'Fri, 19 Jul 2024 22:16:00 GMT', 'Content-Type': 'application/json; charset=utf-8', 'Transfer-Encoding': 'chunked', 'Connection': 'keep-alive', 'X-Powered-By': 'Express', 'Access-Control-Allow-Origin': '*', 'Cache-Control': 'no-cache', 'ETag': 'W/"4a3-gfj55L6nuLkz5jSTzL/Jmn0i5Gs"', 'Vary': 'Accept-Encoding', 'Content-Encoding': 'gzip', 'CF-Cache-Status': 'DYNAMIC', 'Report-To': '{"endpoints":[{"url":"https:\\/\\/a.nel.cloudflare.com\\/report\\/v4?s=8pGjksMsxiExVudwQV1Gqd1L0iDq1gMlo%2BhehojHbtVwajwjBvqYg7IESILmHox14pa7JIKjADTnafCNRn52EOEo%2FNVUfDcXfv7Km0HKx9lAlwljclOjSqyhwks4oF%2Fb"}],"group":"cf-nel","max_age":604800}', 'NEL': '{"success_fraction":0,"report_to":"cf-nel","max_age":604800}', 'Server': 'cloudflare', 'CF-RAY': '8a5e12c83d233b53-IAD', 'alt-svc': 'h3=":443"; ma=86400'} 
 body={"results":[{"gender":"female","name":{"title":"Mrs","first":"Erin","last":"Johnson"},"location":{"street":{"number":9482,"name":"Smokey Ln"},"city":"Steilacoom","state":"South Carolina","country":"United States","postcode":45604,"coordinates":{"latitude":"88.1420","longitude":"51.1705"},"timezone":{"offset":"+5:30","description":"Bombay, Calcutta, Madras, New Delhi"}},"email":"erin.johnson@example.com","login":{"uuid":"576bfcdc-6695-4cf3-83ed-a41f37ea06f8","username":"ticklishmouse330","password":"swedish","salt":"xKtW8lXm","md5":"c0041f1a3054adf00ad1006563c1cbd1","sha1":"ae28756a665517b773e79fba91be0c415caecd89","sha256":"60009100d54e9ffa1d6a5e1d53b4393bd5960b263fbdbc3f311cf659293074ab"},"dob":{"date":"1950-01-14T06:59:45.640Z","age":74},"registered":{"date":"2021-11-25T05:38:14.929Z","age":2},"phone":"(596) 239-5528","cell":"(267) 580-1781","id":{"name":"SSN","value":"815-84-9558"},"picture":{"large":"https://randomuser.me/api/portraits/women/19.jpg","medium":"https://randomuser.me/api/portraits/med/women/19.jpg","thumbnail":"https://randomuser.me/api/portraits/thumb/women/19.jpg"},"nat":"US"}],"info":{"seed":"e1b2f87acffdc07b","results":1,"page":1,"version":"1.4"}} 
 </msg>
<msg time="2024-07-19T22:16:00.103157" level="INFO">/opt/hostedtoolcache/Python/3.12.4/x64/lib/python3.12/site-packages/urllib3/connectionpool.py:1099: InsecureRequestWarning: Unverified HTTPS request is being made to host 'randomuser.me'. Adding certificate verification is strongly advised. See: https://urllib3.readthedocs.io/en/latest/advanced-usage.html#tls-warnings
  warnings.warn(</msg>
<msg time="2024-07-19T22:16:00.103299" level="INFO">${response} = &lt;Response [200]&gt;</msg>
<var>${response}</var>
<arg>consultarAPI</arg>
<arg>/api</arg>
<doc>Sends a GET request on a previously created HTTP Session.</doc>
<status status="PASS" start="2024-07-19T22:16:00.030734" elapsed="0.072607"/>
</kw>
<kw name="Set Variable" owner="BuiltIn">
<msg time="2024-07-19T22:16:00.104361" level="INFO">${json_data} = {'results': [{'gender': 'female', 'name': {'title': 'Mrs', 'first': 'Erin', 'last': 'Johnson'}, 'location': {'street': {'number': 9482, 'name': 'Smokey Ln'}, 'city': 'Steilacoom', 'state': 'South Caro...</msg>
<var>${json_data}</var>
<arg>${response.json()}</arg>
<doc>Returns the given values which can then be assigned to a variables.</doc>
<status status="PASS" start="2024-07-19T22:16:00.103843" elapsed="0.000547"/>
</kw>
<kw name="Log" owner="BuiltIn">
<msg time="2024-07-19T22:16:00.104847" level="INFO">{'results': [{'gender': 'female', 'name': {'title': 'Mrs', 'first': 'Erin', 'last': 'Johnson'}, 'location': {'street': {'number': 9482, 'name': 'Smokey Ln'}, 'city': 'Steilacoom', 'state': 'South Carolina', 'country': 'United States', 'postcode': 45604, 'coordinates': {'latitude': '88.1420', 'longitude': '51.1705'}, 'timezone': {'offset': '+5:30', 'description': 'Bombay, Calcutta, Madras, New Delhi'}}, 'email': 'erin.johnson@example.com', 'login': {'uuid': '576bfcdc-6695-4cf3-83ed-a41f37ea06f8', 'username': 'ticklishmouse330', 'password': 'swedish', 'salt': 'xKtW8lXm', 'md5': 'c0041f1a3054adf00ad1006563c1cbd1', 'sha1': 'ae28756a665517b773e79fba91be0c415caecd89', 'sha256': '60009100d54e9ffa1d6a5e1d53b4393bd5960b263fbdbc3f311cf659293074ab'}, 'dob': {'date': '1950-01-14T06:59:45.640Z', 'age': 74}, 'registered': {'date': '2021-11-25T05:38:14.929Z', 'age': 2}, 'phone': '(596) 239-5528', 'cell': '(267) 580-1781', 'id': {'name': 'SSN', 'value': '815-84-9558'}, 'picture': {'large': 'https://randomuser.me/api/portraits/women/19.jpg', 'medium': 'https://randomuser.me/api/portraits/med/women/19.jpg', 'thumbnail': 'https://randomuser.me/api/portraits/thumb/women/19.jpg'}, 'nat': 'US'}], 'info': {'seed': 'e1b2f87acffdc07b', 'results': 1, 'page': 1, 'version': '1.4'}}</msg>
<arg>${json_data}</arg>
<doc>Logs the given message with the given level.</doc>
<status status="PASS" start="2024-07-19T22:16:00.104693" elapsed="0.000202"/>
</kw>
<kw name="Should Be String" owner="String">
<arg>${json_data['results'][0]['gender']}</arg>
<doc>Fails if the given ``item`` is not a string.</doc>
<status status="PASS" start="2024-07-19T22:16:00.105185" elapsed="0.000368"/>
</kw>
<kw name="Should Match Regexp" owner="BuiltIn">
<arg>${json_data['results'][0]['email']}</arg>
<arg>^[a-zA-Z0-9._%+-]+@[a-zA-Z0-9.-]+\.[a-zA-Z]{2,}$</arg>
<doc>Fails if ``string`` does not match ``pattern`` as a regular expression.</doc>
<status status="PASS" start="2024-07-19T22:16:00.105745" elapsed="0.000550"/>
</kw>
<kw name="Should Match Regexp" owner="BuiltIn">
<arg>${json_data['results'][0]['dob']['date']}</arg>
<arg>\\d{4}-\\d{2}-\\d{2}T\\d{2}:\\d{2}:\\d{2}\\.\\d{3}Z</arg>
<doc>Fails if ``string`` does not match ``pattern`` as a regular expression.</doc>
<status status="PASS" start="2024-07-19T22:16:00.106531" elapsed="0.000646"/>
</kw>
<kw name="Should Match Regexp" owner="BuiltIn">
<arg>${json_data['results'][0]['registered']['date']}</arg>
<arg>\\d{4}-\\d{2}-\\d{2}T\\d{2}:\\d{2}:\\d{2}\\.\\d{3}Z</arg>
<doc>Fails if ``string`` does not match ``pattern`` as a regular expression.</doc>
<status status="PASS" start="2024-07-19T22:16:00.107372" elapsed="0.000380"/>
</kw>
<kw name="Should Match Regexp" owner="BuiltIn">
<arg>${json_data['results'][0]['picture']['large']}</arg>
<arg>^https?://.*\.(?:png|jpe?g|gif|bmp)$</arg>
<doc>Fails if ``string`` does not match ``pattern`` as a regular expression.</doc>
<status status="PASS" start="2024-07-19T22:16:00.107943" elapsed="0.000463"/>
</kw>
<kw name="Should Match Regexp" owner="BuiltIn">
<arg>${json_data['results'][0]['picture']['medium']}</arg>
<arg>^https?://.*\.(?:png|jpe?g|gif|bmp)$</arg>
<doc>Fails if ``string`` does not match ``pattern`` as a regular expression.</doc>
<status status="PASS" start="2024-07-19T22:16:00.108594" elapsed="0.000350"/>
</kw>
<kw name="Should Match Regexp" owner="BuiltIn">
<arg>${json_data['results'][0]['picture']['thumbnail']}</arg>
<arg>^https?://.*\.(?:png|jpe?g|gif|bmp)$</arg>
<doc>Fails if ``string`` does not match ``pattern`` as a regular expression.</doc>
<status status="PASS" start="2024-07-19T22:16:00.109131" elapsed="0.000354"/>
</kw>
<kw name="Log" owner="BuiltIn">
<msg time="2024-07-19T22:16:00.109988" level="INFO">{'large': 'https://randomuser.me/api/portraits/women/19.jpg', 'medium': 'https://randomuser.me/api/portraits/med/women/19.jpg', 'thumbnail': 'https://randomuser.me/api/portraits/thumb/women/19.jpg'}</msg>
<arg>${json_data['results'][0]['picture']}</arg>
<doc>Logs the given message with the given level.</doc>
<status status="PASS" start="2024-07-19T22:16:00.109666" elapsed="0.000364"/>
</kw>
<status status="PASS" start="2024-07-19T22:16:00.030504" elapsed="0.079837"/>
</kw>
<kw name="Teste de Tipos de Dados - Postcode" owner="random-user-service">
<kw name="GET On Session" owner="RequestsLibrary">
<msg time="2024-07-19T22:16:00.209175" level="INFO">GET Request : url=https://randomuser.me/api 
 path_url=/api 
 headers={'User-Agent': 'python-requests/2.32.3', 'Accept-Encoding': 'gzip, deflate', 'Accept': '*/*', 'Connection': 'keep-alive'} 
 body=None 
 </msg>
<msg time="2024-07-19T22:16:00.209287" level="INFO">GET Response : url=https://randomuser.me/api 
 status=200, reason=OK 
 headers={'Date': 'Fri, 19 Jul 2024 22:16:00 GMT', 'Content-Type': 'application/json; charset=utf-8', 'Transfer-Encoding': 'chunked', 'Connection': 'keep-alive', 'X-Powered-By': 'Express', 'Access-Control-Allow-Origin': '*', 'Cache-Control': 'no-cache', 'ETag': 'W/"49b-zU/uO4j8YeudWQZVlq0Md1I8JNI"', 'Vary': 'Accept-Encoding', 'Content-Encoding': 'gzip', 'CF-Cache-Status': 'DYNAMIC', 'Report-To': '{"endpoints":[{"url":"https:\\/\\/a.nel.cloudflare.com\\/report\\/v4?s=JUc9cXe%2FZvFnpcywJBfkmp0cMWiDZGV7o2oozy6orZmEk5aLnMkbTvVVNSDw1hqsW6PPyzsupxS1vHGjXi1FdpD73X14%2B1bi1XuNffRwRO96g%2Bc%2FWU7It9UmX1Y0dR9u"}],"group":"cf-nel","max_age":604800}', 'NEL': '{"success_fraction":0,"report_to":"cf-nel","max_age":604800}', 'Server': 'cloudflare', 'CF-RAY': '8a5e12c8bdb33b53-IAD', 'alt-svc': 'h3=":443"; ma=86400'} 
 body={"results":[{"gender":"female","name":{"title":"Miss","first":"Bella","last":"Materskiy"},"location":{"street":{"number":2036,"name":"Provulok Vice-admirala Zhukova"},"city":"Hust","state":"Ivano-Frankivska","country":"Ukraine","postcode":39318,"coordinates":{"latitude":"80.0971","longitude":"59.8610"},"timezone":{"offset":"+7:00","description":"Bangkok, Hanoi, Jakarta"}},"email":"bella.materskiy@example.com","login":{"uuid":"183d35f5-5174-4653-a52f-4d0948877547","username":"yellowfish878","password":"bentley","salt":"gDqAtmMu","md5":"bac272df7a5ae0e918bb8f228324b3f3","sha1":"ec7496bdf138a24066c54aed48b07d9da3de3a75","sha256":"cf9d59fdaacb36e50f6ca3c230d2f5898902868ae42585b2e87cf842b33700f8"},"dob":{"date":"1945-07-12T18:45:34.102Z","age":79},"registered":{"date":"2014-02-26T18:31:13.252Z","age":10},"phone":"(096) O44-3244","cell":"(096) B75-8284","id":{"name":"","value":null},"picture":{"large":"https://randomuser.me/api/portraits/women/25.jpg","medium":"https://randomuser.me/api/portraits/med/women/25.jpg","thumbnail":"https://randomuser.me/api/portraits/thumb/women/25.jpg"},"nat":"UA"}],"info":{"seed":"b415d5e62ff65e14","results":1,"page":1,"version":"1.4"}} 
 </msg>
<msg time="2024-07-19T22:16:00.209362" level="INFO">/opt/hostedtoolcache/Python/3.12.4/x64/lib/python3.12/site-packages/urllib3/connectionpool.py:1099: InsecureRequestWarning: Unverified HTTPS request is being made to host 'randomuser.me'. Adding certificate verification is strongly advised. See: https://urllib3.readthedocs.io/en/latest/advanced-usage.html#tls-warnings
  warnings.warn(</msg>
<msg time="2024-07-19T22:16:00.209497" level="INFO">${response} = &lt;Response [200]&gt;</msg>
<var>${response}</var>
<arg>consultarAPI</arg>
<arg>/api</arg>
<doc>Sends a GET request on a previously created HTTP Session.</doc>
<status status="PASS" start="2024-07-19T22:16:00.110804" elapsed="0.098738"/>
</kw>
<kw name="Set Variable" owner="BuiltIn">
<msg time="2024-07-19T22:16:00.210597" level="INFO">${json_data} = {'results': [{'gender': 'female', 'name': {'title': 'Miss', 'first': 'Bella', 'last': 'Materskiy'}, 'location': {'street': {'number': 2036, 'name': 'Provulok Vice-admirala Zhukova'}, 'city': 'Hust', '...</msg>
<var>${json_data}</var>
<arg>${response.json()}</arg>
<doc>Returns the given values which can then be assigned to a variables.</doc>
<status status="PASS" start="2024-07-19T22:16:00.210042" elapsed="0.000583"/>
</kw>
<kw name="Log" owner="BuiltIn">
<msg time="2024-07-19T22:16:00.211097" level="INFO">{'results': [{'gender': 'female', 'name': {'title': 'Miss', 'first': 'Bella', 'last': 'Materskiy'}, 'location': {'street': {'number': 2036, 'name': 'Provulok Vice-admirala Zhukova'}, 'city': 'Hust', 'state': 'Ivano-Frankivska', 'country': 'Ukraine', 'postcode': 39318, 'coordinates': {'latitude': '80.0971', 'longitude': '59.8610'}, 'timezone': {'offset': '+7:00', 'description': 'Bangkok, Hanoi, Jakarta'}}, 'email': 'bella.materskiy@example.com', 'login': {'uuid': '183d35f5-5174-4653-a52f-4d0948877547', 'username': 'yellowfish878', 'password': 'bentley', 'salt': 'gDqAtmMu', 'md5': 'bac272df7a5ae0e918bb8f228324b3f3', 'sha1': 'ec7496bdf138a24066c54aed48b07d9da3de3a75', 'sha256': 'cf9d59fdaacb36e50f6ca3c230d2f5898902868ae42585b2e87cf842b33700f8'}, 'dob': {'date': '1945-07-12T18:45:34.102Z', 'age': 79}, 'registered': {'date': '2014-02-26T18:31:13.252Z', 'age': 10}, 'phone': '(096) O44-3244', 'cell': '(096) B75-8284', 'id': {'name': '', 'value': None}, 'picture': {'large': 'https://randomuser.me/api/portraits/women/25.jpg', 'medium': 'https://randomuser.me/api/portraits/med/women/25.jpg', 'thumbnail': 'https://randomuser.me/api/portraits/thumb/women/25.jpg'}, 'nat': 'UA'}], 'info': {'seed': 'b415d5e62ff65e14', 'results': 1, 'page': 1, 'version': '1.4'}}</msg>
<arg>${json_data}</arg>
<doc>Logs the given message with the given level.</doc>
<status status="PASS" start="2024-07-19T22:16:00.210936" elapsed="0.000208"/>
</kw>
<kw name="Should Be Equal As Numbers" owner="BuiltIn">
<arg>${json_data['results'][0]['location']['postcode']}</arg>
<arg>${json_data['results'][0]['location']['postcode']}</arg>
<doc>Fails if objects are unequal after converting them to real numbers.</doc>
<status status="PASS" start="2024-07-19T22:16:00.211448" elapsed="0.000623"/>
</kw>
<kw name="Log" owner="BuiltIn">
<msg time="2024-07-19T22:16:00.212623" level="INFO">39318</msg>
<arg>${json_data['results'][0]['location']['postcode']}</arg>
<doc>Logs the given message with the given level.</doc>
<status status="PASS" start="2024-07-19T22:16:00.212271" elapsed="0.000397"/>
</kw>
<status status="PASS" start="2024-07-19T22:16:00.110567" elapsed="0.102416"/>
</kw>
<doc>Testa se os tipos de dados na resposta da API estão corretos.</doc>
<tag>testeTiposDados</tag>
<status status="PASS" start="2024-07-19T22:16:00.030006" elapsed="0.183153"/>
</test>
<test id="s1-s1-t5" name="Validar conteudo" line="35">
<kw name="Teste de Tipos de Conteudo" owner="random-user-service">
<kw name="GET On Session" owner="RequestsLibrary">
<msg time="2024-07-19T22:16:00.307310" level="INFO">GET Request : url=https://randomuser.me/api 
 path_url=/api 
 headers={'User-Agent': 'python-requests/2.32.3', 'Accept-Encoding': 'gzip, deflate', 'Accept': '*/*', 'Connection': 'keep-alive'} 
 body=None 
 </msg>
<msg time="2024-07-19T22:16:00.307421" level="INFO">GET Response : url=https://randomuser.me/api 
 status=200, reason=OK 
 headers={'Date': 'Fri, 19 Jul 2024 22:16:00 GMT', 'Content-Type': 'application/json; charset=utf-8', 'Transfer-Encoding': 'chunked', 'Connection': 'keep-alive', 'X-Powered-By': 'Express', 'Access-Control-Allow-Origin': '*', 'Cache-Control': 'no-cache', 'ETag': 'W/"491-USq0jImLvDCI1hSCuxy7GQM7zRE"', 'Vary': 'Accept-Encoding', 'Content-Encoding': 'gzip', 'CF-Cache-Status': 'DYNAMIC', 'Report-To': '{"endpoints":[{"url":"https:\\/\\/a.nel.cloudflare.com\\/report\\/v4?s=NzX%2FFSrinYA55wcnZfP6VLTH2WW80nFT41sWQmoFaXIO5vj2dgYUpYMNKYXWrCEg7tz29vNk4HaJ%2FF%2FWoBERyMOiWZIMdDDn7pP54QyLDQUQvAIGlLgJwT9%2BUe9w4YOi"}],"group":"cf-nel","max_age":604800}', 'NEL': '{"success_fraction":0,"report_to":"cf-nel","max_age":604800}', 'Server': 'cloudflare', 'CF-RAY': '8a5e12c95e6c3b53-IAD', 'alt-svc': 'h3=":443"; ma=86400'} 
 body={"results":[{"gender":"female","name":{"title":"Miss","first":"Rudana","last":"Tihenko"},"location":{"street":{"number":4484,"name":"Fedora Ernsta"},"city":"Kamin-Kashirskiy","state":"Vinnicka","country":"Ukraine","postcode":19318,"coordinates":{"latitude":"79.8729","longitude":"114.4806"},"timezone":{"offset":"-1:00","description":"Azores, Cape Verde Islands"}},"email":"rudana.tihenko@example.com","login":{"uuid":"bd567561-1792-4a42-bb58-9f598ccf1790","username":"lazymeercat965","password":"finally","salt":"BMiNqhDS","md5":"aeaa4b42c9d46915ff8421ba8c021d9a","sha1":"f5aa938c65f8d7e5776e5dfacfefb8c03093278b","sha256":"dd0f67e3bca70b60adf65ffada05f1e424286820b0a55ad4d7c4f5a2c286af70"},"dob":{"date":"1965-01-31T20:47:21.623Z","age":59},"registered":{"date":"2013-11-24T04:58:41.367Z","age":10},"phone":"(098) T91-4600","cell":"(068) N70-6159","id":{"name":"","value":null},"picture":{"large":"https://randomuser.me/api/portraits/women/51.jpg","medium":"https://randomuser.me/api/portraits/med/women/51.jpg","thumbnail":"https://randomuser.me/api/portraits/thumb/women/51.jpg"},"nat":"UA"}],"info":{"seed":"691ba88a2056421d","results":1,"page":1,"version":"1.4"}} 
 </msg>
<msg time="2024-07-19T22:16:00.307498" level="INFO">/opt/hostedtoolcache/Python/3.12.4/x64/lib/python3.12/site-packages/urllib3/connectionpool.py:1099: InsecureRequestWarning: Unverified HTTPS request is being made to host 'randomuser.me'. Adding certificate verification is strongly advised. See: https://urllib3.readthedocs.io/en/latest/advanced-usage.html#tls-warnings
  warnings.warn(</msg>
<msg time="2024-07-19T22:16:00.307633" level="INFO">${response} = &lt;Response [200]&gt;</msg>
<var>${response}</var>
<arg>consultarAPI</arg>
<arg>/api</arg>
<doc>Sends a GET request on a previously created HTTP Session.</doc>
<status status="PASS" start="2024-07-19T22:16:00.215662" elapsed="0.092016"/>
</kw>
<kw name="Set Variable" owner="BuiltIn">
<msg time="2024-07-19T22:16:00.308709" level="INFO">${json_data} = {'results': [{'gender': 'female', 'name': {'title': 'Miss', 'first': 'Rudana', 'last': 'Tihenko'}, 'location': {'street': {'number': 4484, 'name': 'Fedora Ernsta'}, 'city': 'Kamin-Kashirskiy', 'state'...</msg>
<var>${json_data}</var>
<arg>${response.json()}</arg>
<doc>Returns the given values which can then be assigned to a variables.</doc>
<status status="PASS" start="2024-07-19T22:16:00.308186" elapsed="0.000552"/>
</kw>
<kw name="Set Variable" owner="BuiltIn">
<msg time="2024-07-19T22:16:00.309428" level="INFO">${name_title} = Miss</msg>
<var>${name_title}</var>
<arg>${json_data["results"][0]["name"]["title"]}</arg>
<doc>Returns the given values which can then be assigned to a variables.</doc>
<status status="PASS" start="2024-07-19T22:16:00.309048" elapsed="0.000405"/>
</kw>
<kw name="Create List" owner="BuiltIn">
<msg time="2024-07-19T22:16:00.309903" level="INFO">${allowed_titles} = ['Mr', 'Ms', 'Miss', 'Mrs', 'Madame', 'Monsieur']</msg>
<var>${allowed_titles}</var>
<arg>Mr</arg>
<arg>Ms</arg>
<arg>Miss</arg>
<arg>Mrs</arg>
<arg>Madame</arg>
<arg>Monsieur</arg>
<doc>Returns a list containing given items.</doc>
<status status="PASS" start="2024-07-19T22:16:00.309756" elapsed="0.000172"/>
</kw>
<kw name="List Should Contain Value" owner="Collections">
<arg>${allowed_titles}</arg>
<arg>${name_title}</arg>
<doc>Fails if the ``value`` is not found from ``list``.</doc>
<status status="PASS" start="2024-07-19T22:16:00.310277" elapsed="0.000228"/>
</kw>
<kw name="Set Variable" owner="BuiltIn">
<msg time="2024-07-19T22:16:00.311100" level="INFO">${name_country} = UA</msg>
<var>${name_country}</var>
<arg>${json_data["results"][0]["nat"]}</arg>
<doc>Returns the given values which can then be assigned to a variables.</doc>
<status status="PASS" start="2024-07-19T22:16:00.310695" elapsed="0.000430"/>
</kw>
<kw name="Create List" owner="BuiltIn">
<msg time="2024-07-19T22:16:00.312030" level="INFO">${list_country} = ['AD', 'AE', 'AF', 'AG', 'AI', 'AL', 'AM', 'AO', 'AQ', 'AR', 'AS', 'AT', 'AU', 'AW', 'AX', 'AZ', 'BA', 'BB', 'BD', 'BE', 'BF', 'BG', 'BH', 'BI', 'BJ', 'BL', 'BM', 'BN', 'BO', 'BQ', 'BR', 'BS', 'BT', '...</msg>
<var>${list_country}</var>
<arg>AD</arg>
<arg>AE</arg>
<arg>AF</arg>
<arg>AG</arg>
<arg>AI</arg>
<arg>AL</arg>
<arg>AM</arg>
<arg>AO</arg>
<arg>AQ</arg>
<arg>AR</arg>
<arg>AS</arg>
<arg>AT</arg>
<arg>AU</arg>
<arg>AW</arg>
<arg>AX</arg>
<arg>AZ</arg>
<arg>BA</arg>
<arg>BB</arg>
<arg>BD</arg>
<arg>BE</arg>
<arg>BF</arg>
<arg>BG</arg>
<arg>BH</arg>
<arg>BI</arg>
<arg>BJ</arg>
<arg>BL</arg>
<arg>BM</arg>
<arg>BN</arg>
<arg>BO</arg>
<arg>BQ</arg>
<arg>BR</arg>
<arg>BS</arg>
<arg>BT</arg>
<arg>BV</arg>
<arg>BW</arg>
<arg>BY</arg>
<arg>BZ</arg>
<arg>CA</arg>
<arg>CC</arg>
<arg>CD</arg>
<arg>CF</arg>
<arg>CG</arg>
<arg>CH</arg>
<arg>CI</arg>
<arg>CK</arg>
<arg>CL</arg>
<arg>CM</arg>
<arg>CN</arg>
<arg>CO</arg>
<arg>CR</arg>
<arg>CU</arg>
<arg>CV</arg>
<arg>CW</arg>
<arg>CX</arg>
<arg>CY</arg>
<arg>CZ</arg>
<arg>DE</arg>
<arg>DJ</arg>
<arg>DK</arg>
<arg>DM</arg>
<arg>DO</arg>
<arg>DZ</arg>
<arg>EC</arg>
<arg>EE</arg>
<arg>EG</arg>
<arg>EH</arg>
<arg>ER</arg>
<arg>ES</arg>
<arg>ET</arg>
<arg>FI</arg>
<arg>FJ</arg>
<arg>FK</arg>
<arg>FM</arg>
<arg>FO</arg>
<arg>FR</arg>
<arg>GA</arg>
<arg>GB</arg>
<arg>GD</arg>
<arg>GE</arg>
<arg>GF</arg>
<arg>GG</arg>
<arg>GH</arg>
<arg>GI</arg>
<arg>GL</arg>
<arg>GM</arg>
<arg>GN</arg>
<arg>GP</arg>
<arg>GQ</arg>
<arg>GR</arg>
<arg>GS</arg>
<arg>GT</arg>
<arg>GU</arg>
<arg>GW</arg>
<arg>GY</arg>
<arg>HK</arg>
<arg>HM</arg>
<arg>HN</arg>
<arg>HR</arg>
<arg>HT</arg>
<arg>HU</arg>
<arg>ID</arg>
<arg>IE</arg>
<arg>IL</arg>
<arg>IM</arg>
<arg>IN</arg>
<arg>IO</arg>
<arg>IQ</arg>
<arg>IR</arg>
<arg>IS</arg>
<arg>IT</arg>
<arg>JE</arg>
<arg>JM</arg>
<arg>JO</arg>
<arg>JP</arg>
<arg>KE</arg>
<arg>KG</arg>
<arg>KH</arg>
<arg>KI</arg>
<arg>KM</arg>
<arg>KN</arg>
<arg>KP</arg>
<arg>KR</arg>
<arg>KW</arg>
<arg>KY</arg>
<arg>KZ</arg>
<arg>LA</arg>
<arg>LB</arg>
<arg>LC</arg>
<arg>LI</arg>
<arg>LK</arg>
<arg>LR</arg>
<arg>LS</arg>
<arg>LT</arg>
<arg>LU</arg>
<arg>LV</arg>
<arg>LY</arg>
<arg>MA</arg>
<arg>MC</arg>
<arg>MD</arg>
<arg>ME</arg>
<arg>MF</arg>
<arg>MG</arg>
<arg>MH</arg>
<arg>MK</arg>
<arg>ML</arg>
<arg>MM</arg>
<arg>MN</arg>
<arg>MO</arg>
<arg>MP</arg>
<arg>MQ</arg>
<arg>MR</arg>
<arg>MS</arg>
<arg>MT</arg>
<arg>MU</arg>
<arg>MV</arg>
<arg>MW</arg>
<arg>MX</arg>
<arg>MY</arg>
<arg>MZ</arg>
<arg>NA</arg>
<arg>NC</arg>
<arg>NE</arg>
<arg>NF</arg>
<arg>NG</arg>
<arg>NI</arg>
<arg>NL</arg>
<arg>NO</arg>
<arg>NP</arg>
<arg>NR</arg>
<arg>NU</arg>
<arg>NZ</arg>
<arg>OM</arg>
<arg>PA</arg>
<arg>PE</arg>
<arg>PF</arg>
<arg>PG</arg>
<arg>PH</arg>
<arg>PK</arg>
<arg>PL</arg>
<arg>PM</arg>
<arg>PN</arg>
<arg>PR</arg>
<arg>PS</arg>
<arg>PT</arg>
<arg>PW</arg>
<arg>PY</arg>
<arg>QA</arg>
<arg>RE</arg>
<arg>RO</arg>
<arg>RS</arg>
<arg>RU</arg>
<arg>RW</arg>
<arg>SA</arg>
<arg>SB</arg>
<arg>SC</arg>
<arg>SD</arg>
<arg>SE</arg>
<arg>SG</arg>
<arg>SH</arg>
<arg>SI</arg>
<arg>SJ</arg>
<arg>SK</arg>
<arg>SL</arg>
<arg>SM</arg>
<arg>SN</arg>
<arg>SO</arg>
<arg>SR</arg>
<arg>SS</arg>
<arg>ST</arg>
<arg>SV</arg>
<arg>SX</arg>
<arg>SY</arg>
<arg>SZ</arg>
<arg>TC</arg>
<arg>TD</arg>
<arg>TF</arg>
<arg>TG</arg>
<arg>TH</arg>
<arg>TJ</arg>
<arg>TK</arg>
<arg>TL</arg>
<arg>TM</arg>
<arg>TN</arg>
<arg>TO</arg>
<arg>TR</arg>
<arg>TT</arg>
<arg>TV</arg>
<arg>TW</arg>
<arg>TZ</arg>
<arg>UA</arg>
<arg>UG</arg>
<arg>UM</arg>
<arg>US</arg>
<arg>UY</arg>
<arg>UZ</arg>
<arg>VA</arg>
<arg>VC</arg>
<arg>VE</arg>
<arg>VG</arg>
<arg>VI</arg>
<arg>VN</arg>
<arg>VU</arg>
<arg>WF</arg>
<arg>WS</arg>
<arg>XK</arg>
<arg>YE</arg>
<arg>YT</arg>
<arg>ZA</arg>
<arg>ZM</arg>
<arg>ZW</arg>
<doc>Returns a list containing given items.</doc>
<status status="PASS" start="2024-07-19T22:16:00.311417" elapsed="0.000643"/>
</kw>
<kw name="List Should Contain Value" owner="Collections">
<arg>${list_country}</arg>
<arg>${name_country}</arg>
<doc>Fails if the ``value`` is not found from ``list``.</doc>
<status status="PASS" start="2024-07-19T22:16:00.313055" elapsed="0.000207"/>
</kw>
<kw name="Run Keyword If" owner="BuiltIn">
<kw name="Should Be True" owner="BuiltIn">
<arg>${True}</arg>
<doc>Fails if the given condition is not true.</doc>
<status status="PASS" start="2024-07-19T22:16:00.314231" elapsed="0.000144"/>
</kw>
<arg>${json_data["results"][0]["location"]["coordinates"]["latitude"]} &gt;= -90 and ${json_data["results"][0]["location"]["coordinates"]["latitude"]} &lt;= 90</arg>
<arg>Should Be True</arg>
<arg>${True}</arg>
<doc>Runs the given keyword with the given arguments, if ``condition`` is true.</doc>
<status status="PASS" start="2024-07-19T22:16:00.313460" elapsed="0.001042"/>
</kw>
<kw name="Run Keyword If" owner="BuiltIn">
<kw name="Should Be True" owner="BuiltIn">
<arg>${True}</arg>
<doc>Fails if the given condition is not true.</doc>
<status status="PASS" start="2024-07-19T22:16:00.315379" elapsed="0.000138"/>
</kw>
<arg>${json_data["results"][0]["location"]["coordinates"]["longitude"]} &gt;= -180 and ${json_data["results"][0]["location"]["coordinates"]["longitude"]} &lt;= 180</arg>
<arg>Should Be True</arg>
<arg>${True}</arg>
<doc>Runs the given keyword with the given arguments, if ``condition`` is true.</doc>
<status status="PASS" start="2024-07-19T22:16:00.314687" elapsed="0.000953"/>
</kw>
<status status="PASS" start="2024-07-19T22:16:00.215434" elapsed="0.100339"/>
</kw>
<doc>Testa o conteúdo específico dos campos retornados pela API.</doc>
<tag>testeConteudo</tag>
<status status="PASS" start="2024-07-19T22:16:00.214982" elapsed="0.100942"/>
</test>
<status status="PASS" start="2024-07-19T22:15:59.513480" elapsed="0.804358"/>
</suite>
<status status="PASS" start="2024-07-19T22:15:59.498892" elapsed="0.823932"/>
</suite>
<statistics>
<total>
<stat pass="5" fail="0" skip="0">All Tests</stat>
</total>
<tag>
<stat pass="1" fail="0" skip="0">testeConteudo</stat>
<stat pass="1" fail="0" skip="0">testeEstruturaResposta</stat>
<stat pass="1" fail="0" skip="0">testeRequisicaoBasica</stat>
<stat pass="1" fail="0" skip="0">testeTiposDados</stat>
</tag>
<suite>
<stat pass="5" fail="0" skip="0" id="s1" name="Tests">Tests</stat>
<stat pass="5" fail="0" skip="0" id="s1-s1" name="Random-User-Test">Tests.Random-User-Test</stat>
</suite>
</statistics>
<errors>
</errors>
</robot>
