<?xml version="1.0" encoding="UTF-8"?>
<robot generator="Robot 7.0 (Python 3.12.2 on linux)" generated="2024-04-07T01:04:39.595607" rpa="false" schemaversion="5">
<suite id="s1" name="Tests" source="/home/runner/work/DesafioQAItauRogerioJordao/DesafioQAItauRogerioJordao/RamdonUser/tests">
<suite id="s1-s1" name="Random-User-Test" source="/home/runner/work/DesafioQAItauRogerioJordao/DesafioQAItauRogerioJordao/RamdonUser/tests/random-user-test.robot">
<test id="s1-s1-t1" name="Conectar" line="13">
<kw name="Conectar API" owner="random-user-service">
<kw name="Create Session" owner="RequestsLibrary">
<msg time="2024-04-07T01:04:39.949249" level="INFO">Creating Session using : alias=consultarAPI, url=https://randomuser.me/, headers={},                     cookies={}, auth=None, timeout=None, proxies=None, verify=False,                     debug=0 </msg>
<arg>consultarAPI</arg>
<arg>${URL}</arg>
<doc>Create Session: create a HTTP session to a server</doc>
<status status="PASS" start="2024-04-07T01:04:39.949055" elapsed="0.000369"/>
</kw>
<status status="PASS" start="2024-04-07T01:04:39.948041" elapsed="0.001739"/>
</kw>
<status status="PASS" start="2024-04-07T01:04:39.947442" elapsed="0.002543"/>
</test>
<test id="s1-s1-t2" name="Validar retorno 200 e JSON Válido" line="16">
<kw name="Teste de Requisicao Basica" owner="random-user-service">
<kw name="GET On Session" owner="RequestsLibrary">
<msg time="2024-04-07T01:04:40.202741" level="INFO">GET Request : url=https://randomuser.me/api 
 path_url=/api 
 headers={'User-Agent': 'python-requests/2.31.0', 'Accept-Encoding': 'gzip, deflate', 'Accept': '*/*', 'Connection': 'keep-alive'} 
 body=None 
 </msg>
<msg time="2024-04-07T01:04:40.202880" level="INFO">GET Response : url=https://randomuser.me/api 
 status=200, reason=OK 
 headers={'Date': 'Sun, 07 Apr 2024 01:04:40 GMT', 'Content-Type': 'application/json; charset=utf-8', 'Transfer-Encoding': 'chunked', 'Connection': 'keep-alive', 'X-Powered-By': 'Express', 'Access-Control-Allow-Origin': '*', 'Cache-Control': 'no-cache', 'ETag': 'W/"486-60JUu/oJyaaVy3gSdNzlyMJNK3w"', 'Vary': 'Accept-Encoding', 'Content-Encoding': 'gzip', 'CF-Cache-Status': 'DYNAMIC', 'Report-To': '{"endpoints":[{"url":"https:\\/\\/a.nel.cloudflare.com\\/report\\/v4?s=JTaWhLA4xpDAUnVLRCSKFlzelohwI%2FwsVLBkQrxoIFjJpJzwnYl%2BaZou5ekChGAaOv9pI8WVtf9%2F2hy5zHCTo0NHUcszh7ysS0DeojQO6PyTuIs%2FKSCCyfnhRnkwUH2x"}],"group":"cf-nel","max_age":604800}', 'NEL': '{"success_fraction":0,"report_to":"cf-nel","max_age":604800}', 'Server': 'cloudflare', 'CF-RAY': '87061adaea6e1156-ORD', 'alt-svc': 'h3=":443"; ma=86400'} 
 body={"results":[{"gender":"female","name":{"title":"Miss","first":"Mayra","last":"Kaur"},"location":{"street":{"number":6057,"name":"Rasta Peth"},"city":"Bhopal","state":"Sikkim","country":"India","postcode":21169,"coordinates":{"latitude":"10.0696","longitude":"156.8934"},"timezone":{"offset":"+10:00","description":"Eastern Australia, Guam, Vladivostok"}},"email":"mayra.kaur@example.com","login":{"uuid":"665f9b2d-1da3-4499-b7b0-07f97ff80141","username":"angrybear510","password":"quartz","salt":"ZNoqJK7E","md5":"00ebd8312eef7dc38b0e61063f32fb04","sha1":"33aafc90be557d89d44b347dc7a6f02e4eb2818b","sha256":"d06ee2351ca5bfc32262177810a4643d8edd115896e58e1d7e6638e135afe5b9"},"dob":{"date":"2001-02-07T17:59:46.379Z","age":23},"registered":{"date":"2014-08-01T03:35:53.593Z","age":9},"phone":"9950020024","cell":"8465137906","id":{"name":"UIDAI","value":"015850726730"},"picture":{"large":"https://randomuser.me/api/portraits/women/46.jpg","medium":"https://randomuser.me/api/portraits/med/women/46.jpg","thumbnail":"https://randomuser.me/api/portraits/thumb/women/46.jpg"},"nat":"IN"}],"info":{"seed":"59eb1972134bd828","results":1,"page":1,"version":"1.4"}} 
 </msg>
<msg time="2024-04-07T01:04:40.202983" level="INFO">/opt/hostedtoolcache/Python/3.12.2/x64/lib/python3.12/site-packages/urllib3/connectionpool.py:1103: InsecureRequestWarning: Unverified HTTPS request is being made to host 'randomuser.me'. Adding certificate verification is strongly advised. See: https://urllib3.readthedocs.io/en/latest/advanced-usage.html#tls-warnings
  warnings.warn(</msg>
<msg time="2024-04-07T01:04:40.203151" level="INFO">${response} = &lt;Response [200]&gt;</msg>
<var>${response}</var>
<arg>consultarAPI</arg>
<arg>/api</arg>
<doc>Sends a GET request on a previously created HTTP Session.</doc>
<status status="PASS" start="2024-04-07T01:04:39.952672" elapsed="0.250520"/>
</kw>
<kw name="Should Be Equal As Numbers" owner="BuiltIn">
<msg time="2024-04-07T01:04:40.204150" level="INFO">Argument types are:
&lt;class 'int'&gt;
&lt;class 'str'&gt;</msg>
<arg>${response.status_code}</arg>
<arg>200</arg>
<doc>Fails if objects are unequal after converting them to real numbers.</doc>
<status status="PASS" start="2024-04-07T01:04:40.203694" elapsed="0.000526"/>
</kw>
<kw name="Log" owner="BuiltIn">
<msg time="2024-04-07T01:04:40.204897" level="INFO">200</msg>
<arg>${response.status_code}</arg>
<doc>Logs the given message with the given level.</doc>
<status status="PASS" start="2024-04-07T01:04:40.204541" elapsed="0.000398"/>
</kw>
<kw name="Set Variable" owner="BuiltIn">
<msg time="2024-04-07T01:04:40.205702" level="INFO">${json_data} = {'results': [{'gender': 'female', 'name': {'title': 'Miss', 'first': 'Mayra', 'last': 'Kaur'}, 'location': {'street': {'number': 6057, 'name': 'Rasta Peth'}, 'city': 'Bhopal', 'state': 'Sikkim', 'coun...</msg>
<var>${json_data}</var>
<arg>${response.json()}</arg>
<doc>Returns the given values which can then be assigned to a variables.</doc>
<status status="PASS" start="2024-04-07T01:04:40.205262" elapsed="0.000468"/>
</kw>
<kw name="Dictionary Should Contain Key" owner="Collections">
<msg time="2024-04-07T01:04:40.206214" level="INFO">False</msg>
<arg>${json_data}</arg>
<arg>results</arg>
<doc>Fails if ``key`` is not found from ``dictionary``.</doc>
<status status="PASS" start="2024-04-07T01:04:40.206045" elapsed="0.000210"/>
</kw>
<status status="PASS" start="2024-04-07T01:04:39.952426" elapsed="0.254094"/>
</kw>
<doc>Testa se a API responde corretamente e retorna um objeto JSON válido.</doc>
<tag>testeRequisicaoBasica</tag>
<status status="PASS" start="2024-04-07T01:04:39.951875" elapsed="0.254837"/>
</test>
<test id="s1-s1-t3" name="Validar estrutura de resposta" line="22">
<kw name="Teste de Estrutura de Resposta" owner="random-user-service">
<kw name="GET On Session" owner="RequestsLibrary">
<msg time="2024-04-07T01:04:40.302124" level="INFO">GET Request : url=https://randomuser.me/api 
 path_url=/api 
 headers={'User-Agent': 'python-requests/2.31.0', 'Accept-Encoding': 'gzip, deflate', 'Accept': '*/*', 'Connection': 'keep-alive'} 
 body=None 
 </msg>
<msg time="2024-04-07T01:04:40.302191" level="INFO">GET Response : url=https://randomuser.me/api 
 status=200, reason=OK 
 headers={'Date': 'Sun, 07 Apr 2024 01:04:40 GMT', 'Content-Type': 'application/json; charset=utf-8', 'Transfer-Encoding': 'chunked', 'Connection': 'keep-alive', 'X-Powered-By': 'Express', 'Access-Control-Allow-Origin': '*', 'Cache-Control': 'no-cache', 'ETag': 'W/"49d-gbAVItR85MqmoVzizu1IoarwAc4"', 'Vary': 'Accept-Encoding', 'Content-Encoding': 'gzip', 'CF-Cache-Status': 'DYNAMIC', 'Report-To': '{"endpoints":[{"url":"https:\\/\\/a.nel.cloudflare.com\\/report\\/v4?s=QLuSXG5gHRAosXrO%2BI4Z778QTPA%2FFj5hlbIJPeEEckFBbfKi8vX5R4EtiwFdTLrX4hDglN0NKFrozbGg5LN5v%2BusDOs%2BXDa4%2BYrG4GvkW%2B1E%2Fj36b9yvmb%2BxlzE%2BwNaL"}],"group":"cf-nel","max_age":604800}', 'NEL': '{"success_fraction":0,"report_to":"cf-nel","max_age":604800}', 'Server': 'cloudflare', 'CF-RAY': '87061adb5af81156-ORD', 'alt-svc': 'h3=":443"; ma=86400'} 
 body={"results":[{"gender":"female","name":{"title":"Mrs","first":"Abigail","last":"Côté"},"location":{"street":{"number":5859,"name":"Argyle St"},"city":"Burlington","state":"Ontario","country":"Canada","postcode":"W5O 1S5","coordinates":{"latitude":"-65.9590","longitude":"2.4471"},"timezone":{"offset":"-4:00","description":"Atlantic Time (Canada), Caracas, La Paz"}},"email":"abigail.cote@example.com","login":{"uuid":"03949219-aecc-418e-b850-139be179f8bd","username":"beautifulbutterfly314","password":"ferris","salt":"5WVhH30G","md5":"6a915e1b1b20a525a483eecfa7cf30d6","sha1":"fe81c7fd2e64f94accd17d97d5b79b734053a500","sha256":"88f6e0a75f3739199cec5a6d55aef6f9099f502a3dcb71955517bc6746ba3d8b"},"dob":{"date":"1979-04-01T00:17:12.411Z","age":45},"registered":{"date":"2016-11-06T20:30:40.732Z","age":7},"phone":"C46 Z57-8451","cell":"D47 J85-5702","id":{"name":"SIN","value":"886912815"},"picture":{"large":"https://randomuser.me/api/portraits/women/87.jpg","medium":"https://randomuser.me/api/portraits/med/women/87.jpg","thumbnail":"https://randomuser.me/api/portraits/thumb/women/87.jpg"},"nat":"CA"}],"info":{"seed":"3b924eeee86f3ca9","results":1,"page":1,"version":"1.4"}} 
 </msg>
<msg time="2024-04-07T01:04:40.302296" level="INFO">/opt/hostedtoolcache/Python/3.12.2/x64/lib/python3.12/site-packages/urllib3/connectionpool.py:1103: InsecureRequestWarning: Unverified HTTPS request is being made to host 'randomuser.me'. Adding certificate verification is strongly advised. See: https://urllib3.readthedocs.io/en/latest/advanced-usage.html#tls-warnings
  warnings.warn(</msg>
<msg time="2024-04-07T01:04:40.302397" level="INFO">${response} = &lt;Response [200]&gt;</msg>
<var>${response}</var>
<arg>consultarAPI</arg>
<arg>/api</arg>
<doc>Sends a GET request on a previously created HTTP Session.</doc>
<status status="PASS" start="2024-04-07T01:04:40.209950" elapsed="0.092489"/>
</kw>
<kw name="Set Variable" owner="BuiltIn">
<msg time="2024-04-07T01:04:40.303503" level="INFO">${json_data} = {'results': [{'gender': 'female', 'name': {'title': 'Mrs', 'first': 'Abigail', 'last': 'Côté'}, 'location': {'street': {'number': 5859, 'name': 'Argyle St'}, 'city': 'Burlington', 'state': 'Ontario', ...</msg>
<var>${json_data}</var>
<arg>${response.json()}</arg>
<doc>Returns the given values which can then be assigned to a variables.</doc>
<status status="PASS" start="2024-04-07T01:04:40.302898" elapsed="0.000636"/>
</kw>
<kw name="Log" owner="BuiltIn">
<msg time="2024-04-07T01:04:40.304014" level="INFO">{'results': [{'gender': 'female', 'name': {'title': 'Mrs', 'first': 'Abigail', 'last': 'Côté'}, 'location': {'street': {'number': 5859, 'name': 'Argyle St'}, 'city': 'Burlington', 'state': 'Ontario', 'country': 'Canada', 'postcode': 'W5O 1S5', 'coordinates': {'latitude': '-65.9590', 'longitude': '2.4471'}, 'timezone': {'offset': '-4:00', 'description': 'Atlantic Time (Canada), Caracas, La Paz'}}, 'email': 'abigail.cote@example.com', 'login': {'uuid': '03949219-aecc-418e-b850-139be179f8bd', 'username': 'beautifulbutterfly314', 'password': 'ferris', 'salt': '5WVhH30G', 'md5': '6a915e1b1b20a525a483eecfa7cf30d6', 'sha1': 'fe81c7fd2e64f94accd17d97d5b79b734053a500', 'sha256': '88f6e0a75f3739199cec5a6d55aef6f9099f502a3dcb71955517bc6746ba3d8b'}, 'dob': {'date': '1979-04-01T00:17:12.411Z', 'age': 45}, 'registered': {'date': '2016-11-06T20:30:40.732Z', 'age': 7}, 'phone': 'C46 Z57-8451', 'cell': 'D47 J85-5702', 'id': {'name': 'SIN', 'value': '886912815'}, 'picture': {'large': 'https://randomuser.me/api/portraits/women/87.jpg', 'medium': 'https://randomuser.me/api/portraits/med/women/87.jpg', 'thumbnail': 'https://randomuser.me/api/portraits/thumb/women/87.jpg'}, 'nat': 'CA'}], 'info': {'seed': '3b924eeee86f3ca9', 'results': 1, 'page': 1, 'version': '1.4'}}</msg>
<arg>${json_data}</arg>
<doc>Logs the given message with the given level.</doc>
<status status="PASS" start="2024-04-07T01:04:40.303852" elapsed="0.000213"/>
</kw>
<kw name="Dictionary Should Contain Key" owner="Collections">
<msg time="2024-04-07T01:04:40.304527" level="INFO">False</msg>
<arg>${json_data}</arg>
<arg>results</arg>
<doc>Fails if ``key`` is not found from ``dictionary``.</doc>
<status status="PASS" start="2024-04-07T01:04:40.304372" elapsed="0.000193"/>
</kw>
<kw name="Should Not Be Empty" owner="BuiltIn">
<msg time="2024-04-07T01:04:40.304989" level="INFO">Length is 2.</msg>
<arg>${json_data}</arg>
<doc>Verifies that the given item is not empty.</doc>
<status status="PASS" start="2024-04-07T01:04:40.304857" elapsed="0.000171"/>
</kw>
<kw name="Create List" owner="BuiltIn">
<msg time="2024-04-07T01:04:40.305468" level="INFO">${expected_keys} = ['gender', 'name', 'location', 'email', 'login']</msg>
<var>${expected_keys}</var>
<arg>gender</arg>
<arg>name</arg>
<arg>location</arg>
<arg>email</arg>
<arg>login</arg>
<doc>Returns a list containing given items.</doc>
<status status="PASS" start="2024-04-07T01:04:40.305318" elapsed="0.000175"/>
</kw>
<for flavor="IN">
<iter>
<kw name="Dictionary Should Contain Key" owner="Collections">
<msg time="2024-04-07T01:04:40.306480" level="INFO">False</msg>
<arg>${json_data['results'][0]}</arg>
<arg>${key}</arg>
<doc>Fails if ``key`` is not found from ``dictionary``.</doc>
<status status="PASS" start="2024-04-07T01:04:40.306066" elapsed="0.000454"/>
</kw>
<kw name="Log" owner="BuiltIn">
<msg time="2024-04-07T01:04:40.307251" level="INFO">{'gender': 'female', 'name': {'title': 'Mrs', 'first': 'Abigail', 'last': 'Côté'}, 'location': {'street': {'number': 5859, 'name': 'Argyle St'}, 'city': 'Burlington', 'state': 'Ontario', 'country': 'Canada', 'postcode': 'W5O 1S5', 'coordinates': {'latitude': '-65.9590', 'longitude': '2.4471'}, 'timezone': {'offset': '-4:00', 'description': 'Atlantic Time (Canada), Caracas, La Paz'}}, 'email': 'abigail.cote@example.com', 'login': {'uuid': '03949219-aecc-418e-b850-139be179f8bd', 'username': 'beautifulbutterfly314', 'password': 'ferris', 'salt': '5WVhH30G', 'md5': '6a915e1b1b20a525a483eecfa7cf30d6', 'sha1': 'fe81c7fd2e64f94accd17d97d5b79b734053a500', 'sha256': '88f6e0a75f3739199cec5a6d55aef6f9099f502a3dcb71955517bc6746ba3d8b'}, 'dob': {'date': '1979-04-01T00:17:12.411Z', 'age': 45}, 'registered': {'date': '2016-11-06T20:30:40.732Z', 'age': 7}, 'phone': 'C46 Z57-8451', 'cell': 'D47 J85-5702', 'id': {'name': 'SIN', 'value': '886912815'}, 'picture': {'large': 'https://randomuser.me/api/portraits/women/87.jpg', 'medium': 'https://randomuser.me/api/portraits/med/women/87.jpg', 'thumbnail': 'https://randomuser.me/api/portraits/thumb/women/87.jpg'}, 'nat': 'CA'}</msg>
<arg>${json_data['results'][0]}</arg>
<doc>Logs the given message with the given level.</doc>
<status status="PASS" start="2024-04-07T01:04:40.306827" elapsed="0.000476"/>
</kw>
<kw name="Log" owner="BuiltIn">
<msg time="2024-04-07T01:04:40.307738" level="INFO">gender</msg>
<arg>${key}</arg>
<doc>Logs the given message with the given level.</doc>
<status status="PASS" start="2024-04-07T01:04:40.307607" elapsed="0.000171"/>
</kw>
<var name="${key}">gender</var>
<status status="PASS" start="2024-04-07T01:04:40.305941" elapsed="0.002058"/>
</iter>
<iter>
<kw name="Dictionary Should Contain Key" owner="Collections">
<msg time="2024-04-07T01:04:40.308694" level="INFO">False</msg>
<arg>${json_data['results'][0]}</arg>
<arg>${key}</arg>
<doc>Fails if ``key`` is not found from ``dictionary``.</doc>
<status status="PASS" start="2024-04-07T01:04:40.308304" elapsed="0.000428"/>
</kw>
<kw name="Log" owner="BuiltIn">
<msg time="2024-04-07T01:04:40.309434" level="INFO">{'gender': 'female', 'name': {'title': 'Mrs', 'first': 'Abigail', 'last': 'Côté'}, 'location': {'street': {'number': 5859, 'name': 'Argyle St'}, 'city': 'Burlington', 'state': 'Ontario', 'country': 'Canada', 'postcode': 'W5O 1S5', 'coordinates': {'latitude': '-65.9590', 'longitude': '2.4471'}, 'timezone': {'offset': '-4:00', 'description': 'Atlantic Time (Canada), Caracas, La Paz'}}, 'email': 'abigail.cote@example.com', 'login': {'uuid': '03949219-aecc-418e-b850-139be179f8bd', 'username': 'beautifulbutterfly314', 'password': 'ferris', 'salt': '5WVhH30G', 'md5': '6a915e1b1b20a525a483eecfa7cf30d6', 'sha1': 'fe81c7fd2e64f94accd17d97d5b79b734053a500', 'sha256': '88f6e0a75f3739199cec5a6d55aef6f9099f502a3dcb71955517bc6746ba3d8b'}, 'dob': {'date': '1979-04-01T00:17:12.411Z', 'age': 45}, 'registered': {'date': '2016-11-06T20:30:40.732Z', 'age': 7}, 'phone': 'C46 Z57-8451', 'cell': 'D47 J85-5702', 'id': {'name': 'SIN', 'value': '886912815'}, 'picture': {'large': 'https://randomuser.me/api/portraits/women/87.jpg', 'medium': 'https://randomuser.me/api/portraits/med/women/87.jpg', 'thumbnail': 'https://randomuser.me/api/portraits/thumb/women/87.jpg'}, 'nat': 'CA'}</msg>
<arg>${json_data['results'][0]}</arg>
<doc>Logs the given message with the given level.</doc>
<status status="PASS" start="2024-04-07T01:04:40.309067" elapsed="0.000418"/>
</kw>
<kw name="Log" owner="BuiltIn">
<msg time="2024-04-07T01:04:40.309913" level="INFO">name</msg>
<arg>${key}</arg>
<doc>Logs the given message with the given level.</doc>
<status status="PASS" start="2024-04-07T01:04:40.309785" elapsed="0.000166"/>
</kw>
<var name="${key}">name</var>
<status status="PASS" start="2024-04-07T01:04:40.308189" elapsed="0.001981"/>
</iter>
<iter>
<kw name="Dictionary Should Contain Key" owner="Collections">
<msg time="2024-04-07T01:04:40.310849" level="INFO">False</msg>
<arg>${json_data['results'][0]}</arg>
<arg>${key}</arg>
<doc>Fails if ``key`` is not found from ``dictionary``.</doc>
<status status="PASS" start="2024-04-07T01:04:40.310463" elapsed="0.000423"/>
</kw>
<kw name="Log" owner="BuiltIn">
<msg time="2024-04-07T01:04:40.311608" level="INFO">{'gender': 'female', 'name': {'title': 'Mrs', 'first': 'Abigail', 'last': 'Côté'}, 'location': {'street': {'number': 5859, 'name': 'Argyle St'}, 'city': 'Burlington', 'state': 'Ontario', 'country': 'Canada', 'postcode': 'W5O 1S5', 'coordinates': {'latitude': '-65.9590', 'longitude': '2.4471'}, 'timezone': {'offset': '-4:00', 'description': 'Atlantic Time (Canada), Caracas, La Paz'}}, 'email': 'abigail.cote@example.com', 'login': {'uuid': '03949219-aecc-418e-b850-139be179f8bd', 'username': 'beautifulbutterfly314', 'password': 'ferris', 'salt': '5WVhH30G', 'md5': '6a915e1b1b20a525a483eecfa7cf30d6', 'sha1': 'fe81c7fd2e64f94accd17d97d5b79b734053a500', 'sha256': '88f6e0a75f3739199cec5a6d55aef6f9099f502a3dcb71955517bc6746ba3d8b'}, 'dob': {'date': '1979-04-01T00:17:12.411Z', 'age': 45}, 'registered': {'date': '2016-11-06T20:30:40.732Z', 'age': 7}, 'phone': 'C46 Z57-8451', 'cell': 'D47 J85-5702', 'id': {'name': 'SIN', 'value': '886912815'}, 'picture': {'large': 'https://randomuser.me/api/portraits/women/87.jpg', 'medium': 'https://randomuser.me/api/portraits/med/women/87.jpg', 'thumbnail': 'https://randomuser.me/api/portraits/thumb/women/87.jpg'}, 'nat': 'CA'}</msg>
<arg>${json_data['results'][0]}</arg>
<doc>Logs the given message with the given level.</doc>
<status status="PASS" start="2024-04-07T01:04:40.311228" elapsed="0.000436"/>
</kw>
<kw name="Log" owner="BuiltIn">
<msg time="2024-04-07T01:04:40.312096" level="INFO">location</msg>
<arg>${key}</arg>
<doc>Logs the given message with the given level.</doc>
<status status="PASS" start="2024-04-07T01:04:40.311965" elapsed="0.000170"/>
</kw>
<var name="${key}">location</var>
<status status="PASS" start="2024-04-07T01:04:40.310351" elapsed="0.002000"/>
</iter>
<iter>
<kw name="Dictionary Should Contain Key" owner="Collections">
<msg time="2024-04-07T01:04:40.313025" level="INFO">False</msg>
<arg>${json_data['results'][0]}</arg>
<arg>${key}</arg>
<doc>Fails if ``key`` is not found from ``dictionary``.</doc>
<status status="PASS" start="2024-04-07T01:04:40.312638" elapsed="0.000426"/>
</kw>
<kw name="Log" owner="BuiltIn">
<msg time="2024-04-07T01:04:40.313728" level="INFO">{'gender': 'female', 'name': {'title': 'Mrs', 'first': 'Abigail', 'last': 'Côté'}, 'location': {'street': {'number': 5859, 'name': 'Argyle St'}, 'city': 'Burlington', 'state': 'Ontario', 'country': 'Canada', 'postcode': 'W5O 1S5', 'coordinates': {'latitude': '-65.9590', 'longitude': '2.4471'}, 'timezone': {'offset': '-4:00', 'description': 'Atlantic Time (Canada), Caracas, La Paz'}}, 'email': 'abigail.cote@example.com', 'login': {'uuid': '03949219-aecc-418e-b850-139be179f8bd', 'username': 'beautifulbutterfly314', 'password': 'ferris', 'salt': '5WVhH30G', 'md5': '6a915e1b1b20a525a483eecfa7cf30d6', 'sha1': 'fe81c7fd2e64f94accd17d97d5b79b734053a500', 'sha256': '88f6e0a75f3739199cec5a6d55aef6f9099f502a3dcb71955517bc6746ba3d8b'}, 'dob': {'date': '1979-04-01T00:17:12.411Z', 'age': 45}, 'registered': {'date': '2016-11-06T20:30:40.732Z', 'age': 7}, 'phone': 'C46 Z57-8451', 'cell': 'D47 J85-5702', 'id': {'name': 'SIN', 'value': '886912815'}, 'picture': {'large': 'https://randomuser.me/api/portraits/women/87.jpg', 'medium': 'https://randomuser.me/api/portraits/med/women/87.jpg', 'thumbnail': 'https://randomuser.me/api/portraits/thumb/women/87.jpg'}, 'nat': 'CA'}</msg>
<arg>${json_data['results'][0]}</arg>
<doc>Logs the given message with the given level.</doc>
<status status="PASS" start="2024-04-07T01:04:40.313364" elapsed="0.000415"/>
</kw>
<kw name="Log" owner="BuiltIn">
<msg time="2024-04-07T01:04:40.314204" level="INFO">email</msg>
<arg>${key}</arg>
<doc>Logs the given message with the given level.</doc>
<status status="PASS" start="2024-04-07T01:04:40.314075" elapsed="0.000167"/>
</kw>
<var name="${key}">email</var>
<status status="PASS" start="2024-04-07T01:04:40.312527" elapsed="0.001942"/>
</iter>
<iter>
<kw name="Dictionary Should Contain Key" owner="Collections">
<msg time="2024-04-07T01:04:40.315191" level="INFO">False</msg>
<arg>${json_data['results'][0]}</arg>
<arg>${key}</arg>
<doc>Fails if ``key`` is not found from ``dictionary``.</doc>
<status status="PASS" start="2024-04-07T01:04:40.314762" elapsed="0.000469"/>
</kw>
<kw name="Log" owner="BuiltIn">
<msg time="2024-04-07T01:04:40.315907" level="INFO">{'gender': 'female', 'name': {'title': 'Mrs', 'first': 'Abigail', 'last': 'Côté'}, 'location': {'street': {'number': 5859, 'name': 'Argyle St'}, 'city': 'Burlington', 'state': 'Ontario', 'country': 'Canada', 'postcode': 'W5O 1S5', 'coordinates': {'latitude': '-65.9590', 'longitude': '2.4471'}, 'timezone': {'offset': '-4:00', 'description': 'Atlantic Time (Canada), Caracas, La Paz'}}, 'email': 'abigail.cote@example.com', 'login': {'uuid': '03949219-aecc-418e-b850-139be179f8bd', 'username': 'beautifulbutterfly314', 'password': 'ferris', 'salt': '5WVhH30G', 'md5': '6a915e1b1b20a525a483eecfa7cf30d6', 'sha1': 'fe81c7fd2e64f94accd17d97d5b79b734053a500', 'sha256': '88f6e0a75f3739199cec5a6d55aef6f9099f502a3dcb71955517bc6746ba3d8b'}, 'dob': {'date': '1979-04-01T00:17:12.411Z', 'age': 45}, 'registered': {'date': '2016-11-06T20:30:40.732Z', 'age': 7}, 'phone': 'C46 Z57-8451', 'cell': 'D47 J85-5702', 'id': {'name': 'SIN', 'value': '886912815'}, 'picture': {'large': 'https://randomuser.me/api/portraits/women/87.jpg', 'medium': 'https://randomuser.me/api/portraits/med/women/87.jpg', 'thumbnail': 'https://randomuser.me/api/portraits/thumb/women/87.jpg'}, 'nat': 'CA'}</msg>
<arg>${json_data['results'][0]}</arg>
<doc>Logs the given message with the given level.</doc>
<status status="PASS" start="2024-04-07T01:04:40.315532" elapsed="0.000425"/>
</kw>
<kw name="Log" owner="BuiltIn">
<msg time="2024-04-07T01:04:40.316392" level="INFO">login</msg>
<arg>${key}</arg>
<doc>Logs the given message with the given level.</doc>
<status status="PASS" start="2024-04-07T01:04:40.316265" elapsed="0.000268"/>
</kw>
<var name="${key}">login</var>
<status status="PASS" start="2024-04-07T01:04:40.314644" elapsed="0.002141"/>
</iter>
<var>${key}</var>
<value>@{expected_keys}</value>
<status status="PASS" start="2024-04-07T01:04:40.305756" elapsed="0.011158"/>
</for>
<kw name="Create List" owner="BuiltIn">
<msg time="2024-04-07T01:04:40.317247" level="INFO">${expected_keysTwo} = ['username', 'password']</msg>
<var>${expected_keysTwo}</var>
<arg>username</arg>
<arg>password</arg>
<doc>Returns a list containing given items.</doc>
<status status="PASS" start="2024-04-07T01:04:40.317110" elapsed="0.000161"/>
</kw>
<for flavor="IN">
<iter>
<kw name="Dictionary Should Contain Key" owner="Collections">
<msg time="2024-04-07T01:04:40.318154" level="INFO">False</msg>
<arg>${json_data['results'][0]['login']}</arg>
<arg>${keyTwo}</arg>
<doc>Fails if ``key`` is not found from ``dictionary``.</doc>
<status status="PASS" start="2024-04-07T01:04:40.317771" elapsed="0.000421"/>
</kw>
<kw name="Dictionary Should Contain Key" owner="Collections">
<msg time="2024-04-07T01:04:40.318867" level="INFO">False</msg>
<arg>${json_data['results'][0]['login']}</arg>
<arg>${keyTwo}</arg>
<doc>Fails if ``key`` is not found from ``dictionary``.</doc>
<status status="PASS" start="2024-04-07T01:04:40.318488" elapsed="0.000417"/>
</kw>
<kw name="Log" owner="BuiltIn">
<msg time="2024-04-07T01:04:40.319372" level="INFO">username</msg>
<arg>${keyTwo}</arg>
<doc>Logs the given message with the given level.</doc>
<status status="PASS" start="2024-04-07T01:04:40.319240" elapsed="0.000170"/>
</kw>
<var name="${keyTwo}">username</var>
<status status="PASS" start="2024-04-07T01:04:40.317662" elapsed="0.001966"/>
</iter>
<iter>
<kw name="Dictionary Should Contain Key" owner="Collections">
<msg time="2024-04-07T01:04:40.320292" level="INFO">False</msg>
<arg>${json_data['results'][0]['login']}</arg>
<arg>${keyTwo}</arg>
<doc>Fails if ``key`` is not found from ``dictionary``.</doc>
<status status="PASS" start="2024-04-07T01:04:40.319914" elapsed="0.000416"/>
</kw>
<kw name="Dictionary Should Contain Key" owner="Collections">
<msg time="2024-04-07T01:04:40.321011" level="INFO">False</msg>
<arg>${json_data['results'][0]['login']}</arg>
<arg>${keyTwo}</arg>
<doc>Fails if ``key`` is not found from ``dictionary``.</doc>
<status status="PASS" start="2024-04-07T01:04:40.320629" elapsed="0.000419"/>
</kw>
<kw name="Log" owner="BuiltIn">
<msg time="2024-04-07T01:04:40.321466" level="INFO">password</msg>
<arg>${keyTwo}</arg>
<doc>Logs the given message with the given level.</doc>
<status status="PASS" start="2024-04-07T01:04:40.321339" elapsed="0.000164"/>
</kw>
<var name="${keyTwo}">password</var>
<status status="PASS" start="2024-04-07T01:04:40.319803" elapsed="0.001920"/>
</iter>
<var>${keyTwo}</var>
<value>@{expected_keysTwo}</value>
<status status="PASS" start="2024-04-07T01:04:40.317510" elapsed="0.004337"/>
</for>
<status status="PASS" start="2024-04-07T01:04:40.209613" elapsed="0.112372"/>
</kw>
<doc>Testa a estrutura da resposta da API.</doc>
<tag>testeEstruturaResposta</tag>
<status status="PASS" start="2024-04-07T01:04:40.208627" elapsed="0.113512"/>
</test>
<test id="s1-s1-t4" name="Validar tipos de dados" line="28">
<kw name="Teste de Tipos de Dados" owner="random-user-service">
<kw name="GET On Session" owner="RequestsLibrary">
<msg time="2024-04-07T01:04:40.412620" level="INFO">GET Request : url=https://randomuser.me/api 
 path_url=/api 
 headers={'User-Agent': 'python-requests/2.31.0', 'Accept-Encoding': 'gzip, deflate', 'Accept': '*/*', 'Connection': 'keep-alive'} 
 body=None 
 </msg>
<msg time="2024-04-07T01:04:40.412697" level="INFO">GET Response : url=https://randomuser.me/api 
 status=200, reason=OK 
 headers={'Date': 'Sun, 07 Apr 2024 01:04:40 GMT', 'Content-Type': 'application/json; charset=utf-8', 'Transfer-Encoding': 'chunked', 'Connection': 'keep-alive', 'X-Powered-By': 'Express', 'Access-Control-Allow-Origin': '*', 'Cache-Control': 'no-cache', 'ETag': 'W/"4a0-JFpPeTnZdHRmepyehDPZ4mJKq0I"', 'Vary': 'Accept-Encoding', 'Content-Encoding': 'gzip', 'CF-Cache-Status': 'DYNAMIC', 'Report-To': '{"endpoints":[{"url":"https:\\/\\/a.nel.cloudflare.com\\/report\\/v4?s=7KymAlQ1ASLV1wHdVKhRfxqlsZpq0sUOQxV85VF05nfMT7INppn6Ii2tHYJ43ywoiNO7oh%2FsTczheGxXBAF1PuVWBMBKD8Pqr%2FxTOy8jwPJLud6M8kZnV970z4YBVrPE"}],"group":"cf-nel","max_age":604800}', 'NEL': '{"success_fraction":0,"report_to":"cf-nel","max_age":604800}', 'Server': 'cloudflare', 'CF-RAY': '87061adc0bc61156-ORD', 'alt-svc': 'h3=":443"; ma=86400'} 
 body={"results":[{"gender":"female","name":{"title":"Ms","first":"Betty","last":"Ehrenberg"},"location":{"street":{"number":1335,"name":"Tannenweg"},"city":"Gevelsberg","state":"Hamburg","country":"Germany","postcode":71641,"coordinates":{"latitude":"-53.8712","longitude":"5.9727"},"timezone":{"offset":"+3:00","description":"Baghdad, Riyadh, Moscow, St. Petersburg"}},"email":"betty.ehrenberg@example.com","login":{"uuid":"22c82e45-a949-4d09-a8a6-3e17dd9faa9c","username":"happyelephant891","password":"pamela","salt":"JsJYbJiH","md5":"3e1349a8d09e982cf472a2bc575f5613","sha1":"861aba027319f41021e11cd2026b8fd7951a4994","sha256":"c0814acb3f450937a16b3870c99908e5f24bfb50a82c8b60aa8449b380ba81dc"},"dob":{"date":"1949-12-13T02:59:29.841Z","age":74},"registered":{"date":"2011-04-17T01:16:07.845Z","age":12},"phone":"0869-6667241","cell":"0170-6039684","id":{"name":"SVNR","value":"50 121249 E 770"},"picture":{"large":"https://randomuser.me/api/portraits/women/79.jpg","medium":"https://randomuser.me/api/portraits/med/women/79.jpg","thumbnail":"https://randomuser.me/api/portraits/thumb/women/79.jpg"},"nat":"DE"}],"info":{"seed":"d9b6285182936dd0","results":1,"page":1,"version":"1.4"}} 
 </msg>
<msg time="2024-04-07T01:04:40.412760" level="INFO">/opt/hostedtoolcache/Python/3.12.2/x64/lib/python3.12/site-packages/urllib3/connectionpool.py:1103: InsecureRequestWarning: Unverified HTTPS request is being made to host 'randomuser.me'. Adding certificate verification is strongly advised. See: https://urllib3.readthedocs.io/en/latest/advanced-usage.html#tls-warnings
  warnings.warn(</msg>
<msg time="2024-04-07T01:04:40.412867" level="INFO">${response} = &lt;Response [200]&gt;</msg>
<var>${response}</var>
<arg>consultarAPI</arg>
<arg>/api</arg>
<doc>Sends a GET request on a previously created HTTP Session.</doc>
<status status="PASS" start="2024-04-07T01:04:40.324765" elapsed="0.088152"/>
</kw>
<kw name="Set Variable" owner="BuiltIn">
<msg time="2024-04-07T01:04:40.413978" level="INFO">${json_data} = {'results': [{'gender': 'female', 'name': {'title': 'Ms', 'first': 'Betty', 'last': 'Ehrenberg'}, 'location': {'street': {'number': 1335, 'name': 'Tannenweg'}, 'city': 'Gevelsberg', 'state': 'Hamburg'...</msg>
<var>${json_data}</var>
<arg>${response.json()}</arg>
<doc>Returns the given values which can then be assigned to a variables.</doc>
<status status="PASS" start="2024-04-07T01:04:40.413422" elapsed="0.000585"/>
</kw>
<kw name="Log" owner="BuiltIn">
<msg time="2024-04-07T01:04:40.414468" level="INFO">{'results': [{'gender': 'female', 'name': {'title': 'Ms', 'first': 'Betty', 'last': 'Ehrenberg'}, 'location': {'street': {'number': 1335, 'name': 'Tannenweg'}, 'city': 'Gevelsberg', 'state': 'Hamburg', 'country': 'Germany', 'postcode': 71641, 'coordinates': {'latitude': '-53.8712', 'longitude': '5.9727'}, 'timezone': {'offset': '+3:00', 'description': 'Baghdad, Riyadh, Moscow, St. Petersburg'}}, 'email': 'betty.ehrenberg@example.com', 'login': {'uuid': '22c82e45-a949-4d09-a8a6-3e17dd9faa9c', 'username': 'happyelephant891', 'password': 'pamela', 'salt': 'JsJYbJiH', 'md5': '3e1349a8d09e982cf472a2bc575f5613', 'sha1': '861aba027319f41021e11cd2026b8fd7951a4994', 'sha256': 'c0814acb3f450937a16b3870c99908e5f24bfb50a82c8b60aa8449b380ba81dc'}, 'dob': {'date': '1949-12-13T02:59:29.841Z', 'age': 74}, 'registered': {'date': '2011-04-17T01:16:07.845Z', 'age': 12}, 'phone': '0869-6667241', 'cell': '0170-6039684', 'id': {'name': 'SVNR', 'value': '50 121249 E 770'}, 'picture': {'large': 'https://randomuser.me/api/portraits/women/79.jpg', 'medium': 'https://randomuser.me/api/portraits/med/women/79.jpg', 'thumbnail': 'https://randomuser.me/api/portraits/thumb/women/79.jpg'}, 'nat': 'DE'}], 'info': {'seed': 'd9b6285182936dd0', 'results': 1, 'page': 1, 'version': '1.4'}}</msg>
<arg>${json_data}</arg>
<doc>Logs the given message with the given level.</doc>
<status status="PASS" start="2024-04-07T01:04:40.414316" elapsed="0.000233"/>
</kw>
<kw name="Should Be String" owner="String">
<arg>${json_data['results'][0]['gender']}</arg>
<doc>Fails if the given ``item`` is not a string.</doc>
<status status="PASS" start="2024-04-07T01:04:40.414849" elapsed="0.000402"/>
</kw>
<kw name="Should Match Regexp" owner="BuiltIn">
<arg>${json_data['results'][0]['email']}</arg>
<arg>^[a-zA-Z0-9._%+-]+@[a-zA-Z0-9.-]+\.[a-zA-Z]{2,}$</arg>
<doc>Fails if ``string`` does not match ``pattern`` as a regular expression.</doc>
<status status="PASS" start="2024-04-07T01:04:40.415447" elapsed="0.000522"/>
</kw>
<kw name="Should Match Regexp" owner="BuiltIn">
<arg>${json_data['results'][0]['dob']['date']}</arg>
<arg>\\d{4}-\\d{2}-\\d{2}T\\d{2}:\\d{2}:\\d{2}\\.\\d{3}Z</arg>
<doc>Fails if ``string`` does not match ``pattern`` as a regular expression.</doc>
<status status="PASS" start="2024-04-07T01:04:40.416168" elapsed="0.000490"/>
</kw>
<kw name="Should Match Regexp" owner="BuiltIn">
<arg>${json_data['results'][0]['registered']['date']}</arg>
<arg>\\d{4}-\\d{2}-\\d{2}T\\d{2}:\\d{2}:\\d{2}\\.\\d{3}Z</arg>
<doc>Fails if ``string`` does not match ``pattern`` as a regular expression.</doc>
<status status="PASS" start="2024-04-07T01:04:40.416850" elapsed="0.000367"/>
</kw>
<kw name="Should Match Regexp" owner="BuiltIn">
<arg>${json_data['results'][0]['picture']['large']}</arg>
<arg>^https?://.*\.(?:png|jpe?g|gif|bmp)$</arg>
<doc>Fails if ``string`` does not match ``pattern`` as a regular expression.</doc>
<status status="PASS" start="2024-04-07T01:04:40.417402" elapsed="0.000454"/>
</kw>
<kw name="Should Match Regexp" owner="BuiltIn">
<arg>${json_data['results'][0]['picture']['medium']}</arg>
<arg>^https?://.*\.(?:png|jpe?g|gif|bmp)$</arg>
<doc>Fails if ``string`` does not match ``pattern`` as a regular expression.</doc>
<status status="PASS" start="2024-04-07T01:04:40.418049" elapsed="0.000357"/>
</kw>
<kw name="Should Match Regexp" owner="BuiltIn">
<arg>${json_data['results'][0]['picture']['thumbnail']}</arg>
<arg>^https?://.*\.(?:png|jpe?g|gif|bmp)$</arg>
<doc>Fails if ``string`` does not match ``pattern`` as a regular expression.</doc>
<status status="PASS" start="2024-04-07T01:04:40.418593" elapsed="0.000364"/>
</kw>
<kw name="Log" owner="BuiltIn">
<msg time="2024-04-07T01:04:40.419492" level="INFO">{'large': 'https://randomuser.me/api/portraits/women/79.jpg', 'medium': 'https://randomuser.me/api/portraits/med/women/79.jpg', 'thumbnail': 'https://randomuser.me/api/portraits/thumb/women/79.jpg'}</msg>
<arg>${json_data['results'][0]['picture']}</arg>
<doc>Logs the given message with the given level.</doc>
<status status="PASS" start="2024-04-07T01:04:40.419169" elapsed="0.000367"/>
</kw>
<status status="PASS" start="2024-04-07T01:04:40.324538" elapsed="0.095251"/>
</kw>
<kw name="Teste de Tipos de Dados - Postcode" owner="random-user-service">
<kw name="GET On Session" owner="RequestsLibrary">
<msg time="2024-04-07T01:04:40.506075" level="INFO">GET Request : url=https://randomuser.me/api 
 path_url=/api 
 headers={'User-Agent': 'python-requests/2.31.0', 'Accept-Encoding': 'gzip, deflate', 'Accept': '*/*', 'Connection': 'keep-alive'} 
 body=None 
 </msg>
<msg time="2024-04-07T01:04:40.506156" level="INFO">GET Response : url=https://randomuser.me/api 
 status=200, reason=OK 
 headers={'Date': 'Sun, 07 Apr 2024 01:04:40 GMT', 'Content-Type': 'application/json; charset=utf-8', 'Transfer-Encoding': 'chunked', 'Connection': 'keep-alive', 'X-Powered-By': 'Express', 'Access-Control-Allow-Origin': '*', 'Cache-Control': 'no-cache', 'ETag': 'W/"47c-Hg+rrvIFgzvk45/J07w0T5LKo0M"', 'Vary': 'Accept-Encoding', 'Content-Encoding': 'gzip', 'CF-Cache-Status': 'DYNAMIC', 'Report-To': '{"endpoints":[{"url":"https:\\/\\/a.nel.cloudflare.com\\/report\\/v4?s=rb%2BvwNW5fIY6Ba0RPbJlGaSKMEwJWt3VdkWRyi0z4rMNfu%2FfNjWRXir1nG56yTrIO%2F8BRo5l6A7zgBtfhefuc%2BISIbwx0%2Fi1D3Xu3rTEmMYGe2zRX%2FRzj%2By08pg4qmvX"}],"group":"cf-nel","max_age":604800}', 'NEL': '{"success_fraction":0,"report_to":"cf-nel","max_age":604800}', 'Server': 'cloudflare', 'CF-RAY': '87061adcac861156-ORD', 'alt-svc': 'h3=":443"; ma=86400'} 
 body={"results":[{"gender":"male","name":{"title":"Mr","first":"Jesus","last":"Johnston"},"location":{"street":{"number":7084,"name":"Bruce St"},"city":"Nowra","state":"Victoria","country":"Australia","postcode":3807,"coordinates":{"latitude":"-81.4745","longitude":"-101.4475"},"timezone":{"offset":"-8:00","description":"Pacific Time (US &amp; Canada)"}},"email":"jesus.johnston@example.com","login":{"uuid":"872b1ac5-e1a2-406e-92bd-8c9f07b69b5e","username":"sadsnake566","password":"bristol","salt":"6hOjdA3d","md5":"bf660601d1948749b6357b69b1852d2d","sha1":"293d988b25c8a7693c9e2433f48da425d20c5afb","sha256":"3bd8d7d9c83e1d27286b0fca3db2c5aabc21cd15ec0ddfb1fd9a20792e47ad75"},"dob":{"date":"1990-03-03T11:46:08.457Z","age":34},"registered":{"date":"2014-10-08T04:22:36.379Z","age":9},"phone":"00-4735-6385","cell":"0438-974-624","id":{"name":"TFN","value":"687293746"},"picture":{"large":"https://randomuser.me/api/portraits/men/98.jpg","medium":"https://randomuser.me/api/portraits/med/men/98.jpg","thumbnail":"https://randomuser.me/api/portraits/thumb/men/98.jpg"},"nat":"AU"}],"info":{"seed":"5234389e993be5a9","results":1,"page":1,"version":"1.4"}} 
 </msg>
<msg time="2024-04-07T01:04:40.506240" level="INFO">/opt/hostedtoolcache/Python/3.12.2/x64/lib/python3.12/site-packages/urllib3/connectionpool.py:1103: InsecureRequestWarning: Unverified HTTPS request is being made to host 'randomuser.me'. Adding certificate verification is strongly advised. See: https://urllib3.readthedocs.io/en/latest/advanced-usage.html#tls-warnings
  warnings.warn(</msg>
<msg time="2024-04-07T01:04:40.506356" level="INFO">${response} = &lt;Response [200]&gt;</msg>
<var>${response}</var>
<arg>consultarAPI</arg>
<arg>/api</arg>
<doc>Sends a GET request on a previously created HTTP Session.</doc>
<status status="PASS" start="2024-04-07T01:04:40.420361" elapsed="0.086044"/>
</kw>
<kw name="Set Variable" owner="BuiltIn">
<msg time="2024-04-07T01:04:40.507468" level="INFO">${json_data} = {'results': [{'gender': 'male', 'name': {'title': 'Mr', 'first': 'Jesus', 'last': 'Johnston'}, 'location': {'street': {'number': 7084, 'name': 'Bruce St'}, 'city': 'Nowra', 'state': 'Victoria', 'count...</msg>
<var>${json_data}</var>
<arg>${response.json()}</arg>
<doc>Returns the given values which can then be assigned to a variables.</doc>
<status status="PASS" start="2024-04-07T01:04:40.506882" elapsed="0.000614"/>
</kw>
<kw name="Log" owner="BuiltIn">
<msg time="2024-04-07T01:04:40.507957" level="INFO">{'results': [{'gender': 'male', 'name': {'title': 'Mr', 'first': 'Jesus', 'last': 'Johnston'}, 'location': {'street': {'number': 7084, 'name': 'Bruce St'}, 'city': 'Nowra', 'state': 'Victoria', 'country': 'Australia', 'postcode': 3807, 'coordinates': {'latitude': '-81.4745', 'longitude': '-101.4475'}, 'timezone': {'offset': '-8:00', 'description': 'Pacific Time (US &amp; Canada)'}}, 'email': 'jesus.johnston@example.com', 'login': {'uuid': '872b1ac5-e1a2-406e-92bd-8c9f07b69b5e', 'username': 'sadsnake566', 'password': 'bristol', 'salt': '6hOjdA3d', 'md5': 'bf660601d1948749b6357b69b1852d2d', 'sha1': '293d988b25c8a7693c9e2433f48da425d20c5afb', 'sha256': '3bd8d7d9c83e1d27286b0fca3db2c5aabc21cd15ec0ddfb1fd9a20792e47ad75'}, 'dob': {'date': '1990-03-03T11:46:08.457Z', 'age': 34}, 'registered': {'date': '2014-10-08T04:22:36.379Z', 'age': 9}, 'phone': '00-4735-6385', 'cell': '0438-974-624', 'id': {'name': 'TFN', 'value': '687293746'}, 'picture': {'large': 'https://randomuser.me/api/portraits/men/98.jpg', 'medium': 'https://randomuser.me/api/portraits/med/men/98.jpg', 'thumbnail': 'https://randomuser.me/api/portraits/thumb/men/98.jpg'}, 'nat': 'AU'}], 'info': {'seed': '5234389e993be5a9', 'results': 1, 'page': 1, 'version': '1.4'}}</msg>
<arg>${json_data}</arg>
<doc>Logs the given message with the given level.</doc>
<status status="PASS" start="2024-04-07T01:04:40.507806" elapsed="0.000229"/>
</kw>
<kw name="Should Be Equal As Numbers" owner="BuiltIn">
<arg>${json_data['results'][0]['location']['postcode']}</arg>
<arg>${json_data['results'][0]['location']['postcode']}</arg>
<doc>Fails if objects are unequal after converting them to real numbers.</doc>
<status status="PASS" start="2024-04-07T01:04:40.508337" elapsed="0.000628"/>
</kw>
<kw name="Log" owner="BuiltIn">
<msg time="2024-04-07T01:04:40.509492" level="INFO">3807</msg>
<arg>${json_data['results'][0]['location']['postcode']}</arg>
<doc>Logs the given message with the given level.</doc>
<status status="PASS" start="2024-04-07T01:04:40.509157" elapsed="0.000376"/>
</kw>
<status status="PASS" start="2024-04-07T01:04:40.420009" elapsed="0.089775"/>
</kw>
<doc>Testa se os tipos de dados na resposta da API estão corretos.</doc>
<tag>testeTiposDados</tag>
<status status="PASS" start="2024-04-07T01:04:40.323979" elapsed="0.185970"/>
</test>
<test id="s1-s1-t5" name="Validar conteudo" line="35">
<kw name="Teste de Tipos de Conteudo" owner="random-user-service">
<kw name="GET On Session" owner="RequestsLibrary">
<msg time="2024-04-07T01:04:40.605210" level="INFO">GET Request : url=https://randomuser.me/api 
 path_url=/api 
 headers={'User-Agent': 'python-requests/2.31.0', 'Accept-Encoding': 'gzip, deflate', 'Accept': '*/*', 'Connection': 'keep-alive'} 
 body=None 
 </msg>
<msg time="2024-04-07T01:04:40.605297" level="INFO">GET Response : url=https://randomuser.me/api 
 status=200, reason=OK 
 headers={'Date': 'Sun, 07 Apr 2024 01:04:40 GMT', 'Content-Type': 'application/json; charset=utf-8', 'Transfer-Encoding': 'chunked', 'Connection': 'keep-alive', 'X-Powered-By': 'Express', 'Access-Control-Allow-Origin': '*', 'Cache-Control': 'no-cache', 'ETag': 'W/"492-phPyXzRUjqAraOueBvE7pUr3N7c"', 'Vary': 'Accept-Encoding', 'Content-Encoding': 'gzip', 'CF-Cache-Status': 'DYNAMIC', 'Report-To': '{"endpoints":[{"url":"https:\\/\\/a.nel.cloudflare.com\\/report\\/v4?s=tUIr9krbjXIWU0pynajMHvM9zHc7jkxYDg9ues3%2F71UjmsZ58WHd%2BIUk1cbGPb5ODAm%2FgwZVJm3B4AluDsnf7H%2B3PjQ5zgwm6quvJQ%2F7VCR9ok%2Fa0%2FoqDeTzcvSprI3l"}],"group":"cf-nel","max_age":604800}', 'NEL': '{"success_fraction":0,"report_to":"cf-nel","max_age":604800}', 'Server': 'cloudflare', 'CF-RAY': '87061add3d391156-ORD', 'alt-svc': 'h3=":443"; ma=86400'} 
 body={"results":[{"gender":"male","name":{"title":"Mr","first":"Alexander","last":"Jensen"},"location":{"street":{"number":5469,"name":"Blomstervænget"},"city":"Jystrup","state":"Hovedstaden","country":"Denmark","postcode":60888,"coordinates":{"latitude":"-38.8668","longitude":"-68.8436"},"timezone":{"offset":"+10:00","description":"Eastern Australia, Guam, Vladivostok"}},"email":"alexander.jensen@example.com","login":{"uuid":"03f81549-796d-4cbb-a5b6-3532b8228684","username":"sadgorilla324","password":"forever","salt":"DLAZXQSN","md5":"2b10adc48979cbf57675094276ab9917","sha1":"b66ea62b501af1ea7fe70c73483903fbe6a1ea0f","sha256":"967cc9af066a3c2fa29be14d485821b8092a1088708b98e4880d127ac1d20fc3"},"dob":{"date":"1965-10-26T20:08:05.576Z","age":58},"registered":{"date":"2006-04-29T17:09:07.493Z","age":17},"phone":"75115353","cell":"65953448","id":{"name":"CPR","value":"261065-0438"},"picture":{"large":"https://randomuser.me/api/portraits/men/14.jpg","medium":"https://randomuser.me/api/portraits/med/men/14.jpg","thumbnail":"https://randomuser.me/api/portraits/thumb/men/14.jpg"},"nat":"DK"}],"info":{"seed":"48d34fb649f1e86c","results":1,"page":1,"version":"1.4"}} 
 </msg>
<msg time="2024-04-07T01:04:40.605367" level="INFO">/opt/hostedtoolcache/Python/3.12.2/x64/lib/python3.12/site-packages/urllib3/connectionpool.py:1103: InsecureRequestWarning: Unverified HTTPS request is being made to host 'randomuser.me'. Adding certificate verification is strongly advised. See: https://urllib3.readthedocs.io/en/latest/advanced-usage.html#tls-warnings
  warnings.warn(</msg>
<msg time="2024-04-07T01:04:40.605483" level="INFO">${response} = &lt;Response [200]&gt;</msg>
<var>${response}</var>
<arg>consultarAPI</arg>
<arg>/api</arg>
<doc>Sends a GET request on a previously created HTTP Session.</doc>
<status status="PASS" start="2024-04-07T01:04:40.512515" elapsed="0.093018"/>
</kw>
<kw name="Set Variable" owner="BuiltIn">
<msg time="2024-04-07T01:04:40.606588" level="INFO">${json_data} = {'results': [{'gender': 'male', 'name': {'title': 'Mr', 'first': 'Alexander', 'last': 'Jensen'}, 'location': {'street': {'number': 5469, 'name': 'Blomstervænget'}, 'city': 'Jystrup', 'state': 'Hovedst...</msg>
<var>${json_data}</var>
<arg>${response.json()}</arg>
<doc>Returns the given values which can then be assigned to a variables.</doc>
<status status="PASS" start="2024-04-07T01:04:40.606026" elapsed="0.000591"/>
</kw>
<kw name="Set Variable" owner="BuiltIn">
<msg time="2024-04-07T01:04:40.607351" level="INFO">${name_title} = Mr</msg>
<var>${name_title}</var>
<arg>${json_data["results"][0]["name"]["title"]}</arg>
<doc>Returns the given values which can then be assigned to a variables.</doc>
<status status="PASS" start="2024-04-07T01:04:40.606926" elapsed="0.000451"/>
</kw>
<kw name="Create List" owner="BuiltIn">
<msg time="2024-04-07T01:04:40.607833" level="INFO">${allowed_titles} = ['Mr', 'Ms', 'Miss', 'Mrs', 'Madame', 'Monsieur']</msg>
<var>${allowed_titles}</var>
<arg>Mr</arg>
<arg>Ms</arg>
<arg>Miss</arg>
<arg>Mrs</arg>
<arg>Madame</arg>
<arg>Monsieur</arg>
<doc>Returns a list containing given items.</doc>
<status status="PASS" start="2024-04-07T01:04:40.607684" elapsed="0.000172"/>
</kw>
<kw name="List Should Contain Value" owner="Collections">
<msg time="2024-04-07T01:04:40.608329" level="INFO">False</msg>
<arg>${allowed_titles}</arg>
<arg>${name_title}</arg>
<doc>Fails if the ``value`` is not found from ``list``.</doc>
<status status="PASS" start="2024-04-07T01:04:40.608158" elapsed="0.000208"/>
</kw>
<kw name="Set Variable" owner="BuiltIn">
<msg time="2024-04-07T01:04:40.609028" level="INFO">${name_country} = DK</msg>
<var>${name_country}</var>
<arg>${json_data["results"][0]["nat"]}</arg>
<doc>Returns the given values which can then be assigned to a variables.</doc>
<status status="PASS" start="2024-04-07T01:04:40.608655" elapsed="0.000398"/>
</kw>
<kw name="Create List" owner="BuiltIn">
<msg time="2024-04-07T01:04:40.609961" level="INFO">${list_country} = ['AD', 'AE', 'AF', 'AG', 'AI', 'AL', 'AM', 'AO', 'AQ', 'AR', 'AS', 'AT', 'AU', 'AW', 'AX', 'AZ', 'BA', 'BB', 'BD', 'BE', 'BF', 'BG', 'BH', 'BI', 'BJ', 'BL', 'BM', 'BN', 'BO', 'BQ', 'BR', 'BS', 'BT', '...</msg>
<var>${list_country}</var>
<arg>AD</arg>
<arg>AE</arg>
<arg>AF</arg>
<arg>AG</arg>
<arg>AI</arg>
<arg>AL</arg>
<arg>AM</arg>
<arg>AO</arg>
<arg>AQ</arg>
<arg>AR</arg>
<arg>AS</arg>
<arg>AT</arg>
<arg>AU</arg>
<arg>AW</arg>
<arg>AX</arg>
<arg>AZ</arg>
<arg>BA</arg>
<arg>BB</arg>
<arg>BD</arg>
<arg>BE</arg>
<arg>BF</arg>
<arg>BG</arg>
<arg>BH</arg>
<arg>BI</arg>
<arg>BJ</arg>
<arg>BL</arg>
<arg>BM</arg>
<arg>BN</arg>
<arg>BO</arg>
<arg>BQ</arg>
<arg>BR</arg>
<arg>BS</arg>
<arg>BT</arg>
<arg>BV</arg>
<arg>BW</arg>
<arg>BY</arg>
<arg>BZ</arg>
<arg>CA</arg>
<arg>CC</arg>
<arg>CD</arg>
<arg>CF</arg>
<arg>CG</arg>
<arg>CH</arg>
<arg>CI</arg>
<arg>CK</arg>
<arg>CL</arg>
<arg>CM</arg>
<arg>CN</arg>
<arg>CO</arg>
<arg>CR</arg>
<arg>CU</arg>
<arg>CV</arg>
<arg>CW</arg>
<arg>CX</arg>
<arg>CY</arg>
<arg>CZ</arg>
<arg>DE</arg>
<arg>DJ</arg>
<arg>DK</arg>
<arg>DM</arg>
<arg>DO</arg>
<arg>DZ</arg>
<arg>EC</arg>
<arg>EE</arg>
<arg>EG</arg>
<arg>EH</arg>
<arg>ER</arg>
<arg>ES</arg>
<arg>ET</arg>
<arg>FI</arg>
<arg>FJ</arg>
<arg>FK</arg>
<arg>FM</arg>
<arg>FO</arg>
<arg>FR</arg>
<arg>GA</arg>
<arg>GB</arg>
<arg>GD</arg>
<arg>GE</arg>
<arg>GF</arg>
<arg>GG</arg>
<arg>GH</arg>
<arg>GI</arg>
<arg>GL</arg>
<arg>GM</arg>
<arg>GN</arg>
<arg>GP</arg>
<arg>GQ</arg>
<arg>GR</arg>
<arg>GS</arg>
<arg>GT</arg>
<arg>GU</arg>
<arg>GW</arg>
<arg>GY</arg>
<arg>HK</arg>
<arg>HM</arg>
<arg>HN</arg>
<arg>HR</arg>
<arg>HT</arg>
<arg>HU</arg>
<arg>ID</arg>
<arg>IE</arg>
<arg>IL</arg>
<arg>IM</arg>
<arg>IN</arg>
<arg>IO</arg>
<arg>IQ</arg>
<arg>IR</arg>
<arg>IS</arg>
<arg>IT</arg>
<arg>JE</arg>
<arg>JM</arg>
<arg>JO</arg>
<arg>JP</arg>
<arg>KE</arg>
<arg>KG</arg>
<arg>KH</arg>
<arg>KI</arg>
<arg>KM</arg>
<arg>KN</arg>
<arg>KP</arg>
<arg>KR</arg>
<arg>KW</arg>
<arg>KY</arg>
<arg>KZ</arg>
<arg>LA</arg>
<arg>LB</arg>
<arg>LC</arg>
<arg>LI</arg>
<arg>LK</arg>
<arg>LR</arg>
<arg>LS</arg>
<arg>LT</arg>
<arg>LU</arg>
<arg>LV</arg>
<arg>LY</arg>
<arg>MA</arg>
<arg>MC</arg>
<arg>MD</arg>
<arg>ME</arg>
<arg>MF</arg>
<arg>MG</arg>
<arg>MH</arg>
<arg>MK</arg>
<arg>ML</arg>
<arg>MM</arg>
<arg>MN</arg>
<arg>MO</arg>
<arg>MP</arg>
<arg>MQ</arg>
<arg>MR</arg>
<arg>MS</arg>
<arg>MT</arg>
<arg>MU</arg>
<arg>MV</arg>
<arg>MW</arg>
<arg>MX</arg>
<arg>MY</arg>
<arg>MZ</arg>
<arg>NA</arg>
<arg>NC</arg>
<arg>NE</arg>
<arg>NF</arg>
<arg>NG</arg>
<arg>NI</arg>
<arg>NL</arg>
<arg>NO</arg>
<arg>NP</arg>
<arg>NR</arg>
<arg>NU</arg>
<arg>NZ</arg>
<arg>OM</arg>
<arg>PA</arg>
<arg>PE</arg>
<arg>PF</arg>
<arg>PG</arg>
<arg>PH</arg>
<arg>PK</arg>
<arg>PL</arg>
<arg>PM</arg>
<arg>PN</arg>
<arg>PR</arg>
<arg>PS</arg>
<arg>PT</arg>
<arg>PW</arg>
<arg>PY</arg>
<arg>QA</arg>
<arg>RE</arg>
<arg>RO</arg>
<arg>RS</arg>
<arg>RU</arg>
<arg>RW</arg>
<arg>SA</arg>
<arg>SB</arg>
<arg>SC</arg>
<arg>SD</arg>
<arg>SE</arg>
<arg>SG</arg>
<arg>SH</arg>
<arg>SI</arg>
<arg>SJ</arg>
<arg>SK</arg>
<arg>SL</arg>
<arg>SM</arg>
<arg>SN</arg>
<arg>SO</arg>
<arg>SR</arg>
<arg>SS</arg>
<arg>ST</arg>
<arg>SV</arg>
<arg>SX</arg>
<arg>SY</arg>
<arg>SZ</arg>
<arg>TC</arg>
<arg>TD</arg>
<arg>TF</arg>
<arg>TG</arg>
<arg>TH</arg>
<arg>TJ</arg>
<arg>TK</arg>
<arg>TL</arg>
<arg>TM</arg>
<arg>TN</arg>
<arg>TO</arg>
<arg>TR</arg>
<arg>TT</arg>
<arg>TV</arg>
<arg>TW</arg>
<arg>TZ</arg>
<arg>UA</arg>
<arg>UG</arg>
<arg>UM</arg>
<arg>US</arg>
<arg>UY</arg>
<arg>UZ</arg>
<arg>VA</arg>
<arg>VC</arg>
<arg>VE</arg>
<arg>VG</arg>
<arg>VI</arg>
<arg>VN</arg>
<arg>VU</arg>
<arg>WF</arg>
<arg>WS</arg>
<arg>XK</arg>
<arg>YE</arg>
<arg>YT</arg>
<arg>ZA</arg>
<arg>ZM</arg>
<arg>ZW</arg>
<doc>Returns a list containing given items.</doc>
<status status="PASS" start="2024-04-07T01:04:40.609357" elapsed="0.000630"/>
</kw>
<kw name="List Should Contain Value" owner="Collections">
<msg time="2024-04-07T01:04:40.611111" level="INFO">False</msg>
<arg>${list_country}</arg>
<arg>${name_country}</arg>
<doc>Fails if the ``value`` is not found from ``list``.</doc>
<status status="PASS" start="2024-04-07T01:04:40.610884" elapsed="0.000268"/>
</kw>
<kw name="Run Keyword If" owner="BuiltIn">
<kw name="Should Be True" owner="BuiltIn">
<arg>${True}</arg>
<doc>Fails if the given condition is not true.</doc>
<status status="PASS" start="2024-04-07T01:04:40.612230" elapsed="0.000151"/>
</kw>
<arg>${json_data["results"][0]["location"]["coordinates"]["latitude"]} &gt;= -90 and ${json_data["results"][0]["location"]["coordinates"]["latitude"]} &lt;= 90</arg>
<arg>Should Be True</arg>
<arg>${True}</arg>
<doc>Runs the given keyword with the given arguments, if ``condition`` is true.</doc>
<status status="PASS" start="2024-04-07T01:04:40.611467" elapsed="0.001041"/>
</kw>
<kw name="Run Keyword If" owner="BuiltIn">
<kw name="Should Be True" owner="BuiltIn">
<arg>${True}</arg>
<doc>Fails if the given condition is not true.</doc>
<status status="PASS" start="2024-04-07T01:04:40.613398" elapsed="0.000138"/>
</kw>
<arg>${json_data["results"][0]["location"]["coordinates"]["longitude"]} &gt;= -180 and ${json_data["results"][0]["location"]["coordinates"]["longitude"]} &lt;= 180</arg>
<arg>Should Be True</arg>
<arg>${True}</arg>
<doc>Runs the given keyword with the given arguments, if ``condition`` is true.</doc>
<status status="PASS" start="2024-04-07T01:04:40.612693" elapsed="0.000967"/>
</kw>
<status status="PASS" start="2024-04-07T01:04:40.512289" elapsed="0.101499"/>
</kw>
<doc>Testa o conteúdo específico dos campos retornados pela API.</doc>
<tag>testeConteudo</tag>
<status status="PASS" start="2024-04-07T01:04:40.511764" elapsed="0.102170"/>
</test>
<status status="PASS" start="2024-04-07T01:04:39.648681" elapsed="0.967375"/>
</suite>
<status status="PASS" start="2024-04-07T01:04:39.634923" elapsed="0.986463"/>
</suite>
<statistics>
<total>
<stat pass="5" fail="0" skip="0">All Tests</stat>
</total>
<tag>
<stat pass="1" fail="0" skip="0">testeConteudo</stat>
<stat pass="1" fail="0" skip="0">testeEstruturaResposta</stat>
<stat pass="1" fail="0" skip="0">testeRequisicaoBasica</stat>
<stat pass="1" fail="0" skip="0">testeTiposDados</stat>
</tag>
<suite>
<stat pass="5" fail="0" skip="0" id="s1" name="Tests">Tests</stat>
<stat pass="5" fail="0" skip="0" id="s1-s1" name="Random-User-Test">Tests.Random-User-Test</stat>
</suite>
</statistics>
<errors>
</errors>
</robot>
