<?xml version="1.0" encoding="UTF-8"?>
<robot generator="Robot 7.0.1 (Python 3.12.4 on linux)" generated="2024-07-14T12:38:29.399424" rpa="false" schemaversion="5">
<suite id="s1" name="Tests" source="/home/runner/work/ApiRandomUser/ApiRandomUser/RamdonUser/tests">
<suite id="s1-s1" name="Random-User-Test" source="/home/runner/work/ApiRandomUser/ApiRandomUser/RamdonUser/tests/random-user-test.robot">
<test id="s1-s1-t1" name="Conectar" line="13">
<kw name="Conectar API" owner="random-user-service">
<kw name="Create Session" owner="RequestsLibrary">
<msg time="2024-07-14T12:38:29.823578" level="INFO">Creating Session using : alias=consultarAPI, url=https://randomuser.me/, headers={},                     cookies={}, auth=None, timeout=None, proxies=None, verify=False,                     debug=0 </msg>
<arg>consultarAPI</arg>
<arg>${URL}</arg>
<doc>Create Session: create a HTTP session to a server</doc>
<status status="PASS" start="2024-07-14T12:38:29.823341" elapsed="0.000464"/>
</kw>
<status status="PASS" start="2024-07-14T12:38:29.822280" elapsed="0.001930"/>
</kw>
<status status="PASS" start="2024-07-14T12:38:29.821668" elapsed="0.002746"/>
</test>
<test id="s1-s1-t2" name="Validar retorno 200 e JSON Válido" line="16">
<kw name="Teste de Requisicao Basica" owner="random-user-service">
<kw name="GET On Session" owner="RequestsLibrary">
<msg time="2024-07-14T12:38:30.076521" level="INFO">GET Request : url=https://randomuser.me/api 
 path_url=/api 
 headers={'User-Agent': 'python-requests/2.32.3', 'Accept-Encoding': 'gzip, deflate', 'Accept': '*/*', 'Connection': 'keep-alive'} 
 body=None 
 </msg>
<msg time="2024-07-14T12:38:30.076690" level="INFO">GET Response : url=https://randomuser.me/api 
 status=200, reason=OK 
 headers={'Date': 'Sun, 14 Jul 2024 12:38:30 GMT', 'Content-Type': 'application/json; charset=utf-8', 'Transfer-Encoding': 'chunked', 'Connection': 'keep-alive', 'X-Powered-By': 'Express', 'Access-Control-Allow-Origin': '*', 'Cache-Control': 'no-cache', 'ETag': 'W/"483-53UvTARJtyqtah/ctuf0uV4qoek"', 'Vary': 'Accept-Encoding', 'Content-Encoding': 'gzip', 'CF-Cache-Status': 'DYNAMIC', 'Report-To': '{"endpoints":[{"url":"https:\\/\\/a.nel.cloudflare.com\\/report\\/v4?s=AGiixZjmGy%2BxXxnM89EdJiHhXSdBGro7H1bco2cqI0l%2BTawJ1qV7V8b7IxkEy6rusy%2B20c8hYolMSbiZ%2FTi5RopIHi8JXC6gBhjpMvPOyAN7rN9TF5RCWLBFT8Wax%2Fny"}],"group":"cf-nel","max_age":604800}', 'NEL': '{"success_fraction":0,"report_to":"cf-nel","max_age":604800}', 'Server': 'cloudflare', 'CF-RAY': '8a3191f5a9092aea-ORD', 'alt-svc': 'h3=":443"; ma=86400'} 
 body={"results":[{"gender":"male","name":{"title":"Mr","first":"Troy","last":"Wright"},"location":{"street":{"number":7682,"name":"White Oak Dr"},"city":"Gladstone","state":"Queensland","country":"Australia","postcode":3076,"coordinates":{"latitude":"-87.0535","longitude":"-18.1476"},"timezone":{"offset":"-8:00","description":"Pacific Time (US &amp; Canada)"}},"email":"troy.wright@example.com","login":{"uuid":"ff2cf66b-1870-4725-8705-0023bd6a54fa","username":"angrygoose106","password":"jasmine1","salt":"hFEdElvI","md5":"216ebf7b55c0dd5286fdad3e58366c46","sha1":"3d47aaf9e8c7bdb80506c257bd037ffb6c4bab03","sha256":"e8f1680489be8b95007ad99706baf6fe18f45ba9f2f0c0c2ca05dc24a4821024"},"dob":{"date":"1947-04-13T10:12:06.613Z","age":77},"registered":{"date":"2005-12-13T12:25:13.799Z","age":18},"phone":"07-8463-3961","cell":"0437-414-318","id":{"name":"TFN","value":"473023671"},"picture":{"large":"https://randomuser.me/api/portraits/men/22.jpg","medium":"https://randomuser.me/api/portraits/med/men/22.jpg","thumbnail":"https://randomuser.me/api/portraits/thumb/men/22.jpg"},"nat":"AU"}],"info":{"seed":"d57c72f09a164fcb","results":1,"page":1,"version":"1.4"}} 
 </msg>
<msg time="2024-07-14T12:38:30.076779" level="INFO">/opt/hostedtoolcache/Python/3.12.4/x64/lib/python3.12/site-packages/urllib3/connectionpool.py:1099: InsecureRequestWarning: Unverified HTTPS request is being made to host 'randomuser.me'. Adding certificate verification is strongly advised. See: https://urllib3.readthedocs.io/en/latest/advanced-usage.html#tls-warnings
  warnings.warn(</msg>
<msg time="2024-07-14T12:38:30.076934" level="INFO">${response} = &lt;Response [200]&gt;</msg>
<var>${response}</var>
<arg>consultarAPI</arg>
<arg>/api</arg>
<doc>Sends a GET request on a previously created HTTP Session.</doc>
<status status="PASS" start="2024-07-14T12:38:29.827246" elapsed="0.249731"/>
</kw>
<kw name="Should Be Equal As Numbers" owner="BuiltIn">
<msg time="2024-07-14T12:38:30.078200" level="INFO">Argument types are:
&lt;class 'int'&gt;
&lt;class 'str'&gt;</msg>
<arg>${response.status_code}</arg>
<arg>200</arg>
<doc>Fails if objects are unequal after converting them to real numbers.</doc>
<status status="PASS" start="2024-07-14T12:38:30.077672" elapsed="0.000598"/>
</kw>
<kw name="Log" owner="BuiltIn">
<msg time="2024-07-14T12:38:30.078995" level="INFO">200</msg>
<arg>${response.status_code}</arg>
<doc>Logs the given message with the given level.</doc>
<status status="PASS" start="2024-07-14T12:38:30.078633" elapsed="0.000406"/>
</kw>
<kw name="Set Variable" owner="BuiltIn">
<msg time="2024-07-14T12:38:30.079828" level="INFO">${json_data} = {'results': [{'gender': 'male', 'name': {'title': 'Mr', 'first': 'Troy', 'last': 'Wright'}, 'location': {'street': {'number': 7682, 'name': 'White Oak Dr'}, 'city': 'Gladstone', 'state': 'Queensland',...</msg>
<var>${json_data}</var>
<arg>${response.json()}</arg>
<doc>Returns the given values which can then be assigned to a variables.</doc>
<status status="PASS" start="2024-07-14T12:38:30.079352" elapsed="0.000510"/>
</kw>
<kw name="Dictionary Should Contain Key" owner="Collections">
<arg>${json_data}</arg>
<arg>results</arg>
<doc>Fails if ``key`` is not found from ``dictionary``.</doc>
<status status="PASS" start="2024-07-14T12:38:30.080183" elapsed="0.000171"/>
</kw>
<status status="PASS" start="2024-07-14T12:38:29.826978" elapsed="0.253527"/>
</kw>
<doc>Testa se a API responde corretamente e retorna um objeto JSON válido.</doc>
<tag>testeRequisicaoBasica</tag>
<status status="PASS" start="2024-07-14T12:38:29.826418" elapsed="0.254274"/>
</test>
<test id="s1-s1-t3" name="Validar estrutura de resposta" line="22">
<kw name="Teste de Estrutura de Resposta" owner="random-user-service">
<kw name="GET On Session" owner="RequestsLibrary">
<msg time="2024-07-14T12:38:30.158702" level="INFO">GET Request : url=https://randomuser.me/api 
 path_url=/api 
 headers={'User-Agent': 'python-requests/2.32.3', 'Accept-Encoding': 'gzip, deflate', 'Accept': '*/*', 'Connection': 'keep-alive'} 
 body=None 
 </msg>
<msg time="2024-07-14T12:38:30.158807" level="INFO">GET Response : url=https://randomuser.me/api 
 status=200, reason=OK 
 headers={'Date': 'Sun, 14 Jul 2024 12:38:30 GMT', 'Content-Type': 'application/json; charset=utf-8', 'Transfer-Encoding': 'chunked', 'Connection': 'keep-alive', 'X-Powered-By': 'Express', 'Access-Control-Allow-Origin': '*', 'Cache-Control': 'no-cache', 'ETag': 'W/"490-tmG1dAXJ32bfjaz7a96pnwVaeg4"', 'Vary': 'Accept-Encoding', 'Content-Encoding': 'gzip', 'CF-Cache-Status': 'DYNAMIC', 'Report-To': '{"endpoints":[{"url":"https:\\/\\/a.nel.cloudflare.com\\/report\\/v4?s=Pr4XpXSSX%2BT0xbirW70nAxGZZXXuk42ZTgxicVl1KFTZTQUpzjYgQA4tR1Uy2J1wjp8NZ4%2FirmEs6Zu4%2FR74F6iC5h%2BrbYhaHf9GKiFXIZooEnTsZYU31VjfDJ3FrT7i"}],"group":"cf-nel","max_age":604800}', 'NEL': '{"success_fraction":0,"report_to":"cf-nel","max_age":604800}', 'Server': 'cloudflare', 'CF-RAY': '8a3191f6094e2aea-ORD', 'alt-svc': 'h3=":443"; ma=86400'} 
 body={"results":[{"gender":"female","name":{"title":"Ms","first":"Lyana","last":"Bunyak"},"location":{"street":{"number":8697,"name":"Provulok Vokzalniy"},"city":"Snigurivka","state":"Odeska","country":"Ukraine","postcode":70778,"coordinates":{"latitude":"74.6954","longitude":"106.4625"},"timezone":{"offset":"-4:00","description":"Atlantic Time (Canada), Caracas, La Paz"}},"email":"lyana.bunyak@example.com","login":{"uuid":"71c4d2c9-a084-41e8-96c3-db4d83ed3deb","username":"blueswan746","password":"sarah1","salt":"bGpf6HLx","md5":"38dc82cf3e1ff7c801169def08f8fcec","sha1":"08189f87e35b659dbc6f713d55eb06e5d1230c91","sha256":"15b9f4bb9b74e24d774774da97ef51732ef5fd9b5f53e6ed342b5510554ee17f"},"dob":{"date":"1959-07-07T01:56:10.715Z","age":65},"registered":{"date":"2019-03-30T14:50:04.566Z","age":5},"phone":"(067) X82-8877","cell":"(097) D14-6008","id":{"name":"","value":null},"picture":{"large":"https://randomuser.me/api/portraits/women/48.jpg","medium":"https://randomuser.me/api/portraits/med/women/48.jpg","thumbnail":"https://randomuser.me/api/portraits/thumb/women/48.jpg"},"nat":"UA"}],"info":{"seed":"1242b22e8235e42b","results":1,"page":1,"version":"1.4"}} 
 </msg>
<msg time="2024-07-14T12:38:30.158944" level="INFO">/opt/hostedtoolcache/Python/3.12.4/x64/lib/python3.12/site-packages/urllib3/connectionpool.py:1099: InsecureRequestWarning: Unverified HTTPS request is being made to host 'randomuser.me'. Adding certificate verification is strongly advised. See: https://urllib3.readthedocs.io/en/latest/advanced-usage.html#tls-warnings
  warnings.warn(</msg>
<msg time="2024-07-14T12:38:30.159087" level="INFO">${response} = &lt;Response [200]&gt;</msg>
<var>${response}</var>
<arg>consultarAPI</arg>
<arg>/api</arg>
<doc>Sends a GET request on a previously created HTTP Session.</doc>
<status status="PASS" start="2024-07-14T12:38:30.083414" elapsed="0.075718"/>
</kw>
<kw name="Set Variable" owner="BuiltIn">
<msg time="2024-07-14T12:38:30.160384" level="INFO">${json_data} = {'results': [{'gender': 'female', 'name': {'title': 'Ms', 'first': 'Lyana', 'last': 'Bunyak'}, 'location': {'street': {'number': 8697, 'name': 'Provulok Vokzalniy'}, 'city': 'Snigurivka', 'state': 'Od...</msg>
<var>${json_data}</var>
<arg>${response.json()}</arg>
<doc>Returns the given values which can then be assigned to a variables.</doc>
<status status="PASS" start="2024-07-14T12:38:30.159799" elapsed="0.000615"/>
</kw>
<kw name="Log" owner="BuiltIn">
<msg time="2024-07-14T12:38:30.160936" level="INFO">{'results': [{'gender': 'female', 'name': {'title': 'Ms', 'first': 'Lyana', 'last': 'Bunyak'}, 'location': {'street': {'number': 8697, 'name': 'Provulok Vokzalniy'}, 'city': 'Snigurivka', 'state': 'Odeska', 'country': 'Ukraine', 'postcode': 70778, 'coordinates': {'latitude': '74.6954', 'longitude': '106.4625'}, 'timezone': {'offset': '-4:00', 'description': 'Atlantic Time (Canada), Caracas, La Paz'}}, 'email': 'lyana.bunyak@example.com', 'login': {'uuid': '71c4d2c9-a084-41e8-96c3-db4d83ed3deb', 'username': 'blueswan746', 'password': 'sarah1', 'salt': 'bGpf6HLx', 'md5': '38dc82cf3e1ff7c801169def08f8fcec', 'sha1': '08189f87e35b659dbc6f713d55eb06e5d1230c91', 'sha256': '15b9f4bb9b74e24d774774da97ef51732ef5fd9b5f53e6ed342b5510554ee17f'}, 'dob': {'date': '1959-07-07T01:56:10.715Z', 'age': 65}, 'registered': {'date': '2019-03-30T14:50:04.566Z', 'age': 5}, 'phone': '(067) X82-8877', 'cell': '(097) D14-6008', 'id': {'name': '', 'value': None}, 'picture': {'large': 'https://randomuser.me/api/portraits/women/48.jpg', 'medium': 'https://randomuser.me/api/portraits/med/women/48.jpg', 'thumbnail': 'https://randomuser.me/api/portraits/thumb/women/48.jpg'}, 'nat': 'UA'}], 'info': {'seed': '1242b22e8235e42b', 'results': 1, 'page': 1, 'version': '1.4'}}</msg>
<arg>${json_data}</arg>
<doc>Logs the given message with the given level.</doc>
<status status="PASS" start="2024-07-14T12:38:30.160766" elapsed="0.000221"/>
</kw>
<kw name="Dictionary Should Contain Key" owner="Collections">
<arg>${json_data}</arg>
<arg>results</arg>
<doc>Fails if ``key`` is not found from ``dictionary``.</doc>
<status status="PASS" start="2024-07-14T12:38:30.161290" elapsed="0.000170"/>
</kw>
<kw name="Should Not Be Empty" owner="BuiltIn">
<msg time="2024-07-14T12:38:30.161781" level="INFO">Length is 2.</msg>
<arg>${json_data}</arg>
<doc>Verifies that the given item is not empty.</doc>
<status status="PASS" start="2024-07-14T12:38:30.161648" elapsed="0.000171"/>
</kw>
<kw name="Create List" owner="BuiltIn">
<msg time="2024-07-14T12:38:30.162271" level="INFO">${expected_keys} = ['gender', 'name', 'location', 'email', 'login']</msg>
<var>${expected_keys}</var>
<arg>gender</arg>
<arg>name</arg>
<arg>location</arg>
<arg>email</arg>
<arg>login</arg>
<doc>Returns a list containing given items.</doc>
<status status="PASS" start="2024-07-14T12:38:30.162121" elapsed="0.000174"/>
</kw>
<for flavor="IN">
<iter>
<kw name="Dictionary Should Contain Key" owner="Collections">
<arg>${json_data['results'][0]}</arg>
<arg>${key}</arg>
<doc>Fails if ``key`` is not found from ``dictionary``.</doc>
<status status="PASS" start="2024-07-14T12:38:30.163066" elapsed="0.000411"/>
</kw>
<kw name="Log" owner="BuiltIn">
<msg time="2024-07-14T12:38:30.164083" level="INFO">{'gender': 'female', 'name': {'title': 'Ms', 'first': 'Lyana', 'last': 'Bunyak'}, 'location': {'street': {'number': 8697, 'name': 'Provulok Vokzalniy'}, 'city': 'Snigurivka', 'state': 'Odeska', 'country': 'Ukraine', 'postcode': 70778, 'coordinates': {'latitude': '74.6954', 'longitude': '106.4625'}, 'timezone': {'offset': '-4:00', 'description': 'Atlantic Time (Canada), Caracas, La Paz'}}, 'email': 'lyana.bunyak@example.com', 'login': {'uuid': '71c4d2c9-a084-41e8-96c3-db4d83ed3deb', 'username': 'blueswan746', 'password': 'sarah1', 'salt': 'bGpf6HLx', 'md5': '38dc82cf3e1ff7c801169def08f8fcec', 'sha1': '08189f87e35b659dbc6f713d55eb06e5d1230c91', 'sha256': '15b9f4bb9b74e24d774774da97ef51732ef5fd9b5f53e6ed342b5510554ee17f'}, 'dob': {'date': '1959-07-07T01:56:10.715Z', 'age': 65}, 'registered': {'date': '2019-03-30T14:50:04.566Z', 'age': 5}, 'phone': '(067) X82-8877', 'cell': '(097) D14-6008', 'id': {'name': '', 'value': None}, 'picture': {'large': 'https://randomuser.me/api/portraits/women/48.jpg', 'medium': 'https://randomuser.me/api/portraits/med/women/48.jpg', 'thumbnail': 'https://randomuser.me/api/portraits/thumb/women/48.jpg'}, 'nat': 'UA'}</msg>
<arg>${json_data['results'][0]}</arg>
<doc>Logs the given message with the given level.</doc>
<status status="PASS" start="2024-07-14T12:38:30.163680" elapsed="0.000453"/>
</kw>
<kw name="Log" owner="BuiltIn">
<msg time="2024-07-14T12:38:30.164577" level="INFO">gender</msg>
<arg>${key}</arg>
<doc>Logs the given message with the given level.</doc>
<status status="PASS" start="2024-07-14T12:38:30.164447" elapsed="0.000167"/>
</kw>
<var name="${key}">gender</var>
<status status="PASS" start="2024-07-14T12:38:30.162941" elapsed="0.001894"/>
</iter>
<iter>
<kw name="Dictionary Should Contain Key" owner="Collections">
<arg>${json_data['results'][0]}</arg>
<arg>${key}</arg>
<doc>Fails if ``key`` is not found from ``dictionary``.</doc>
<status status="PASS" start="2024-07-14T12:38:30.165141" elapsed="0.000388"/>
</kw>
<kw name="Log" owner="BuiltIn">
<msg time="2024-07-14T12:38:30.166056" level="INFO">{'gender': 'female', 'name': {'title': 'Ms', 'first': 'Lyana', 'last': 'Bunyak'}, 'location': {'street': {'number': 8697, 'name': 'Provulok Vokzalniy'}, 'city': 'Snigurivka', 'state': 'Odeska', 'country': 'Ukraine', 'postcode': 70778, 'coordinates': {'latitude': '74.6954', 'longitude': '106.4625'}, 'timezone': {'offset': '-4:00', 'description': 'Atlantic Time (Canada), Caracas, La Paz'}}, 'email': 'lyana.bunyak@example.com', 'login': {'uuid': '71c4d2c9-a084-41e8-96c3-db4d83ed3deb', 'username': 'blueswan746', 'password': 'sarah1', 'salt': 'bGpf6HLx', 'md5': '38dc82cf3e1ff7c801169def08f8fcec', 'sha1': '08189f87e35b659dbc6f713d55eb06e5d1230c91', 'sha256': '15b9f4bb9b74e24d774774da97ef51732ef5fd9b5f53e6ed342b5510554ee17f'}, 'dob': {'date': '1959-07-07T01:56:10.715Z', 'age': 65}, 'registered': {'date': '2019-03-30T14:50:04.566Z', 'age': 5}, 'phone': '(067) X82-8877', 'cell': '(097) D14-6008', 'id': {'name': '', 'value': None}, 'picture': {'large': 'https://randomuser.me/api/portraits/women/48.jpg', 'medium': 'https://randomuser.me/api/portraits/med/women/48.jpg', 'thumbnail': 'https://randomuser.me/api/portraits/thumb/women/48.jpg'}, 'nat': 'UA'}</msg>
<arg>${json_data['results'][0]}</arg>
<doc>Logs the given message with the given level.</doc>
<status status="PASS" start="2024-07-14T12:38:30.165710" elapsed="0.000429"/>
</kw>
<kw name="Log" owner="BuiltIn">
<msg time="2024-07-14T12:38:30.166566" level="INFO">name</msg>
<arg>${key}</arg>
<doc>Logs the given message with the given level.</doc>
<status status="PASS" start="2024-07-14T12:38:30.166438" elapsed="0.000165"/>
</kw>
<var name="${key}">name</var>
<status status="PASS" start="2024-07-14T12:38:30.165026" elapsed="0.001794"/>
</iter>
<iter>
<kw name="Dictionary Should Contain Key" owner="Collections">
<arg>${json_data['results'][0]}</arg>
<arg>${key}</arg>
<doc>Fails if ``key`` is not found from ``dictionary``.</doc>
<status status="PASS" start="2024-07-14T12:38:30.167107" elapsed="0.000373"/>
</kw>
<kw name="Log" owner="BuiltIn">
<msg time="2024-07-14T12:38:30.168048" level="INFO">{'gender': 'female', 'name': {'title': 'Ms', 'first': 'Lyana', 'last': 'Bunyak'}, 'location': {'street': {'number': 8697, 'name': 'Provulok Vokzalniy'}, 'city': 'Snigurivka', 'state': 'Odeska', 'country': 'Ukraine', 'postcode': 70778, 'coordinates': {'latitude': '74.6954', 'longitude': '106.4625'}, 'timezone': {'offset': '-4:00', 'description': 'Atlantic Time (Canada), Caracas, La Paz'}}, 'email': 'lyana.bunyak@example.com', 'login': {'uuid': '71c4d2c9-a084-41e8-96c3-db4d83ed3deb', 'username': 'blueswan746', 'password': 'sarah1', 'salt': 'bGpf6HLx', 'md5': '38dc82cf3e1ff7c801169def08f8fcec', 'sha1': '08189f87e35b659dbc6f713d55eb06e5d1230c91', 'sha256': '15b9f4bb9b74e24d774774da97ef51732ef5fd9b5f53e6ed342b5510554ee17f'}, 'dob': {'date': '1959-07-07T01:56:10.715Z', 'age': 65}, 'registered': {'date': '2019-03-30T14:50:04.566Z', 'age': 5}, 'phone': '(067) X82-8877', 'cell': '(097) D14-6008', 'id': {'name': '', 'value': None}, 'picture': {'large': 'https://randomuser.me/api/portraits/women/48.jpg', 'medium': 'https://randomuser.me/api/portraits/med/women/48.jpg', 'thumbnail': 'https://randomuser.me/api/portraits/thumb/women/48.jpg'}, 'nat': 'UA'}</msg>
<arg>${json_data['results'][0]}</arg>
<doc>Logs the given message with the given level.</doc>
<status status="PASS" start="2024-07-14T12:38:30.167660" elapsed="0.000436"/>
</kw>
<kw name="Log" owner="BuiltIn">
<msg time="2024-07-14T12:38:30.168518" level="INFO">location</msg>
<arg>${key}</arg>
<doc>Logs the given message with the given level.</doc>
<status status="PASS" start="2024-07-14T12:38:30.168393" elapsed="0.000163"/>
</kw>
<var name="${key}">location</var>
<status status="PASS" start="2024-07-14T12:38:30.166998" elapsed="0.001773"/>
</iter>
<iter>
<kw name="Dictionary Should Contain Key" owner="Collections">
<arg>${json_data['results'][0]}</arg>
<arg>${key}</arg>
<doc>Fails if ``key`` is not found from ``dictionary``.</doc>
<status status="PASS" start="2024-07-14T12:38:30.169047" elapsed="0.000383"/>
</kw>
<kw name="Log" owner="BuiltIn">
<msg time="2024-07-14T12:38:30.169966" level="INFO">{'gender': 'female', 'name': {'title': 'Ms', 'first': 'Lyana', 'last': 'Bunyak'}, 'location': {'street': {'number': 8697, 'name': 'Provulok Vokzalniy'}, 'city': 'Snigurivka', 'state': 'Odeska', 'country': 'Ukraine', 'postcode': 70778, 'coordinates': {'latitude': '74.6954', 'longitude': '106.4625'}, 'timezone': {'offset': '-4:00', 'description': 'Atlantic Time (Canada), Caracas, La Paz'}}, 'email': 'lyana.bunyak@example.com', 'login': {'uuid': '71c4d2c9-a084-41e8-96c3-db4d83ed3deb', 'username': 'blueswan746', 'password': 'sarah1', 'salt': 'bGpf6HLx', 'md5': '38dc82cf3e1ff7c801169def08f8fcec', 'sha1': '08189f87e35b659dbc6f713d55eb06e5d1230c91', 'sha256': '15b9f4bb9b74e24d774774da97ef51732ef5fd9b5f53e6ed342b5510554ee17f'}, 'dob': {'date': '1959-07-07T01:56:10.715Z', 'age': 65}, 'registered': {'date': '2019-03-30T14:50:04.566Z', 'age': 5}, 'phone': '(067) X82-8877', 'cell': '(097) D14-6008', 'id': {'name': '', 'value': None}, 'picture': {'large': 'https://randomuser.me/api/portraits/women/48.jpg', 'medium': 'https://randomuser.me/api/portraits/med/women/48.jpg', 'thumbnail': 'https://randomuser.me/api/portraits/thumb/women/48.jpg'}, 'nat': 'UA'}</msg>
<arg>${json_data['results'][0]}</arg>
<doc>Logs the given message with the given level.</doc>
<status status="PASS" start="2024-07-14T12:38:30.169618" elapsed="0.000396"/>
</kw>
<kw name="Log" owner="BuiltIn">
<msg time="2024-07-14T12:38:30.170439" level="INFO">email</msg>
<arg>${key}</arg>
<doc>Logs the given message with the given level.</doc>
<status status="PASS" start="2024-07-14T12:38:30.170315" elapsed="0.000161"/>
</kw>
<var name="${key}">email</var>
<status status="PASS" start="2024-07-14T12:38:30.168941" elapsed="0.001744"/>
</iter>
<iter>
<kw name="Dictionary Should Contain Key" owner="Collections">
<arg>${json_data['results'][0]}</arg>
<arg>${key}</arg>
<doc>Fails if ``key`` is not found from ``dictionary``.</doc>
<status status="PASS" start="2024-07-14T12:38:30.170966" elapsed="0.000388"/>
</kw>
<kw name="Log" owner="BuiltIn">
<msg time="2024-07-14T12:38:30.171921" level="INFO">{'gender': 'female', 'name': {'title': 'Ms', 'first': 'Lyana', 'last': 'Bunyak'}, 'location': {'street': {'number': 8697, 'name': 'Provulok Vokzalniy'}, 'city': 'Snigurivka', 'state': 'Odeska', 'country': 'Ukraine', 'postcode': 70778, 'coordinates': {'latitude': '74.6954', 'longitude': '106.4625'}, 'timezone': {'offset': '-4:00', 'description': 'Atlantic Time (Canada), Caracas, La Paz'}}, 'email': 'lyana.bunyak@example.com', 'login': {'uuid': '71c4d2c9-a084-41e8-96c3-db4d83ed3deb', 'username': 'blueswan746', 'password': 'sarah1', 'salt': 'bGpf6HLx', 'md5': '38dc82cf3e1ff7c801169def08f8fcec', 'sha1': '08189f87e35b659dbc6f713d55eb06e5d1230c91', 'sha256': '15b9f4bb9b74e24d774774da97ef51732ef5fd9b5f53e6ed342b5510554ee17f'}, 'dob': {'date': '1959-07-07T01:56:10.715Z', 'age': 65}, 'registered': {'date': '2019-03-30T14:50:04.566Z', 'age': 5}, 'phone': '(067) X82-8877', 'cell': '(097) D14-6008', 'id': {'name': '', 'value': None}, 'picture': {'large': 'https://randomuser.me/api/portraits/women/48.jpg', 'medium': 'https://randomuser.me/api/portraits/med/women/48.jpg', 'thumbnail': 'https://randomuser.me/api/portraits/thumb/women/48.jpg'}, 'nat': 'UA'}</msg>
<arg>${json_data['results'][0]}</arg>
<doc>Logs the given message with the given level.</doc>
<status status="PASS" start="2024-07-14T12:38:30.171533" elapsed="0.000437"/>
</kw>
<kw name="Log" owner="BuiltIn">
<msg time="2024-07-14T12:38:30.172388" level="INFO">login</msg>
<arg>${key}</arg>
<doc>Logs the given message with the given level.</doc>
<status status="PASS" start="2024-07-14T12:38:30.172262" elapsed="0.000164"/>
</kw>
<var name="${key}">login</var>
<status status="PASS" start="2024-07-14T12:38:30.170855" elapsed="0.001790"/>
</iter>
<var>${key}</var>
<value>@{expected_keys}</value>
<status status="PASS" start="2024-07-14T12:38:30.162741" elapsed="0.010024"/>
</for>
<kw name="Create List" owner="BuiltIn">
<msg time="2024-07-14T12:38:30.173095" level="INFO">${expected_keysTwo} = ['username', 'password']</msg>
<var>${expected_keysTwo}</var>
<arg>username</arg>
<arg>password</arg>
<doc>Returns a list containing given items.</doc>
<status status="PASS" start="2024-07-14T12:38:30.172960" elapsed="0.000190"/>
</kw>
<for flavor="IN">
<iter>
<kw name="Dictionary Should Contain Key" owner="Collections">
<arg>${json_data['results'][0]['login']}</arg>
<arg>${keyTwo}</arg>
<doc>Fails if ``key`` is not found from ``dictionary``.</doc>
<status status="PASS" start="2024-07-14T12:38:30.173662" elapsed="0.000386"/>
</kw>
<kw name="Dictionary Should Contain Key" owner="Collections">
<arg>${json_data['results'][0]['login']}</arg>
<arg>${keyTwo}</arg>
<doc>Fails if ``key`` is not found from ``dictionary``.</doc>
<status status="PASS" start="2024-07-14T12:38:30.174234" elapsed="0.000371"/>
</kw>
<kw name="Log" owner="BuiltIn">
<msg time="2024-07-14T12:38:30.174914" level="INFO">username</msg>
<arg>${keyTwo}</arg>
<doc>Logs the given message with the given level.</doc>
<status status="PASS" start="2024-07-14T12:38:30.174793" elapsed="0.000158"/>
</kw>
<var name="${keyTwo}">username</var>
<status status="PASS" start="2024-07-14T12:38:30.173556" elapsed="0.001616"/>
</iter>
<iter>
<kw name="Dictionary Should Contain Key" owner="Collections">
<arg>${json_data['results'][0]['login']}</arg>
<arg>${keyTwo}</arg>
<doc>Fails if ``key`` is not found from ``dictionary``.</doc>
<status status="PASS" start="2024-07-14T12:38:30.175448" elapsed="0.000424"/>
</kw>
<kw name="Dictionary Should Contain Key" owner="Collections">
<arg>${json_data['results'][0]['login']}</arg>
<arg>${keyTwo}</arg>
<doc>Fails if ``key`` is not found from ``dictionary``.</doc>
<status status="PASS" start="2024-07-14T12:38:30.176054" elapsed="0.000378"/>
</kw>
<kw name="Log" owner="BuiltIn">
<msg time="2024-07-14T12:38:30.176730" level="INFO">password</msg>
<arg>${keyTwo}</arg>
<doc>Logs the given message with the given level.</doc>
<status status="PASS" start="2024-07-14T12:38:30.176611" elapsed="0.000161"/>
</kw>
<var name="${keyTwo}">password</var>
<status status="PASS" start="2024-07-14T12:38:30.175342" elapsed="0.001649"/>
</iter>
<var>${keyTwo}</var>
<value>@{expected_keysTwo}</value>
<status status="PASS" start="2024-07-14T12:38:30.173400" elapsed="0.003711"/>
</for>
<status status="PASS" start="2024-07-14T12:38:30.083171" elapsed="0.094081"/>
</kw>
<doc>Testa a estrutura da resposta da API.</doc>
<tag>testeEstruturaResposta</tag>
<status status="PASS" start="2024-07-14T12:38:30.082546" elapsed="0.094864"/>
</test>
<test id="s1-s1-t4" name="Validar tipos de dados" line="28">
<kw name="Teste de Tipos de Dados" owner="random-user-service">
<kw name="GET On Session" owner="RequestsLibrary">
<msg time="2024-07-14T12:38:30.292048" level="INFO">GET Request : url=https://randomuser.me/api 
 path_url=/api 
 headers={'User-Agent': 'python-requests/2.32.3', 'Accept-Encoding': 'gzip, deflate', 'Accept': '*/*', 'Connection': 'keep-alive'} 
 body=None 
 </msg>
<msg time="2024-07-14T12:38:30.292147" level="INFO">GET Response : url=https://randomuser.me/api 
 status=200, reason=OK 
 headers={'Date': 'Sun, 14 Jul 2024 12:38:30 GMT', 'Content-Type': 'application/json; charset=utf-8', 'Transfer-Encoding': 'chunked', 'Connection': 'keep-alive', 'X-Powered-By': 'Express', 'Access-Control-Allow-Origin': '*', 'Cache-Control': 'no-cache', 'ETag': 'W/"473-1yGh0ktmPnDvRvFj+nVXzoy3OKI"', 'Vary': 'Accept-Encoding', 'Content-Encoding': 'gzip', 'CF-Cache-Status': 'DYNAMIC', 'Report-To': '{"endpoints":[{"url":"https:\\/\\/a.nel.cloudflare.com\\/report\\/v4?s=IOaPitcpUSdRos8Lhj8SKH8XPrWLEa4NtOZsAqLopFooVXiWRUHyp6Q%2F48xHmuajTdTXcBbwq5MkmW8ZCr3VQFV9XBjAlEcftjEMlrqVfGn33WgkFLPfdM%2Fo8GCVwqG4"}],"group":"cf-nel","max_age":604800}', 'NEL': '{"success_fraction":0,"report_to":"cf-nel","max_age":604800}', 'Server': 'cloudflare', 'CF-RAY': '8a3191f6a9ab2aea-ORD', 'alt-svc': 'h3=":443"; ma=86400'} 
 body={"results":[{"gender":"female","name":{"title":"Mrs","first":"Carolyn","last":"Mills"},"location":{"street":{"number":7941,"name":"Ormond Quay"},"city":"Mallow","state":"Longford","country":"Ireland","postcode":73655,"coordinates":{"latitude":"3.4782","longitude":"65.5843"},"timezone":{"offset":"-10:00","description":"Hawaii"}},"email":"carolyn.mills@example.com","login":{"uuid":"3981c998-bfe2-4d1a-8658-b491ae371402","username":"orangepanda378","password":"fastball","salt":"85k1ePWz","md5":"8f82e7d604030a4bcb719b72e188f983","sha1":"1687c4cdf6b73bdd1ea69661adcaa24dda2926b4","sha256":"344c372c3a7e9f5bae66c5d9b51412d3b3cbff96d15b0b86da05720e441251f9"},"dob":{"date":"1979-11-12T13:55:13.146Z","age":44},"registered":{"date":"2004-01-26T11:23:04.462Z","age":20},"phone":"071-240-2017","cell":"081-944-3454","id":{"name":"PPS","value":"5173187T"},"picture":{"large":"https://randomuser.me/api/portraits/women/60.jpg","medium":"https://randomuser.me/api/portraits/med/women/60.jpg","thumbnail":"https://randomuser.me/api/portraits/thumb/women/60.jpg"},"nat":"IE"}],"info":{"seed":"620b3740c8713036","results":1,"page":1,"version":"1.4"}} 
 </msg>
<msg time="2024-07-14T12:38:30.292220" level="INFO">/opt/hostedtoolcache/Python/3.12.4/x64/lib/python3.12/site-packages/urllib3/connectionpool.py:1099: InsecureRequestWarning: Unverified HTTPS request is being made to host 'randomuser.me'. Adding certificate verification is strongly advised. See: https://urllib3.readthedocs.io/en/latest/advanced-usage.html#tls-warnings
  warnings.warn(</msg>
<msg time="2024-07-14T12:38:30.292345" level="INFO">${response} = &lt;Response [200]&gt;</msg>
<var>${response}</var>
<arg>consultarAPI</arg>
<arg>/api</arg>
<doc>Sends a GET request on a previously created HTTP Session.</doc>
<status status="PASS" start="2024-07-14T12:38:30.180125" elapsed="0.112266"/>
</kw>
<kw name="Set Variable" owner="BuiltIn">
<msg time="2024-07-14T12:38:30.293624" level="INFO">${json_data} = {'results': [{'gender': 'female', 'name': {'title': 'Mrs', 'first': 'Carolyn', 'last': 'Mills'}, 'location': {'street': {'number': 7941, 'name': 'Ormond Quay'}, 'city': 'Mallow', 'state': 'Longford', ...</msg>
<var>${json_data}</var>
<arg>${response.json()}</arg>
<doc>Returns the given values which can then be assigned to a variables.</doc>
<status status="PASS" start="2024-07-14T12:38:30.293049" elapsed="0.000605"/>
</kw>
<kw name="Log" owner="BuiltIn">
<msg time="2024-07-14T12:38:30.294189" level="INFO">{'results': [{'gender': 'female', 'name': {'title': 'Mrs', 'first': 'Carolyn', 'last': 'Mills'}, 'location': {'street': {'number': 7941, 'name': 'Ormond Quay'}, 'city': 'Mallow', 'state': 'Longford', 'country': 'Ireland', 'postcode': 73655, 'coordinates': {'latitude': '3.4782', 'longitude': '65.5843'}, 'timezone': {'offset': '-10:00', 'description': 'Hawaii'}}, 'email': 'carolyn.mills@example.com', 'login': {'uuid': '3981c998-bfe2-4d1a-8658-b491ae371402', 'username': 'orangepanda378', 'password': 'fastball', 'salt': '85k1ePWz', 'md5': '8f82e7d604030a4bcb719b72e188f983', 'sha1': '1687c4cdf6b73bdd1ea69661adcaa24dda2926b4', 'sha256': '344c372c3a7e9f5bae66c5d9b51412d3b3cbff96d15b0b86da05720e441251f9'}, 'dob': {'date': '1979-11-12T13:55:13.146Z', 'age': 44}, 'registered': {'date': '2004-01-26T11:23:04.462Z', 'age': 20}, 'phone': '071-240-2017', 'cell': '081-944-3454', 'id': {'name': 'PPS', 'value': '5173187T'}, 'picture': {'large': 'https://randomuser.me/api/portraits/women/60.jpg', 'medium': 'https://randomuser.me/api/portraits/med/women/60.jpg', 'thumbnail': 'https://randomuser.me/api/portraits/thumb/women/60.jpg'}, 'nat': 'IE'}], 'info': {'seed': '620b3740c8713036', 'results': 1, 'page': 1, 'version': '1.4'}}</msg>
<arg>${json_data}</arg>
<doc>Logs the given message with the given level.</doc>
<status status="PASS" start="2024-07-14T12:38:30.294022" elapsed="0.000215"/>
</kw>
<kw name="Should Be String" owner="String">
<arg>${json_data['results'][0]['gender']}</arg>
<doc>Fails if the given ``item`` is not a string.</doc>
<status status="PASS" start="2024-07-14T12:38:30.294559" elapsed="0.000381"/>
</kw>
<kw name="Should Match Regexp" owner="BuiltIn">
<arg>${json_data['results'][0]['email']}</arg>
<arg>^[a-zA-Z0-9._%+-]+@[a-zA-Z0-9.-]+\.[a-zA-Z]{2,}$</arg>
<doc>Fails if ``string`` does not match ``pattern`` as a regular expression.</doc>
<status status="PASS" start="2024-07-14T12:38:30.295133" elapsed="0.000522"/>
</kw>
<kw name="Should Match Regexp" owner="BuiltIn">
<arg>${json_data['results'][0]['dob']['date']}</arg>
<arg>\\d{4}-\\d{2}-\\d{2}T\\d{2}:\\d{2}:\\d{2}\\.\\d{3}Z</arg>
<doc>Fails if ``string`` does not match ``pattern`` as a regular expression.</doc>
<status status="PASS" start="2024-07-14T12:38:30.295930" elapsed="0.000500"/>
</kw>
<kw name="Should Match Regexp" owner="BuiltIn">
<arg>${json_data['results'][0]['registered']['date']}</arg>
<arg>\\d{4}-\\d{2}-\\d{2}T\\d{2}:\\d{2}:\\d{2}\\.\\d{3}Z</arg>
<doc>Fails if ``string`` does not match ``pattern`` as a regular expression.</doc>
<status status="PASS" start="2024-07-14T12:38:30.296622" elapsed="0.000374"/>
</kw>
<kw name="Should Match Regexp" owner="BuiltIn">
<arg>${json_data['results'][0]['picture']['large']}</arg>
<arg>^https?://.*\.(?:png|jpe?g|gif|bmp)$</arg>
<doc>Fails if ``string`` does not match ``pattern`` as a regular expression.</doc>
<status status="PASS" start="2024-07-14T12:38:30.297182" elapsed="0.000457"/>
</kw>
<kw name="Should Match Regexp" owner="BuiltIn">
<arg>${json_data['results'][0]['picture']['medium']}</arg>
<arg>^https?://.*\.(?:png|jpe?g|gif|bmp)$</arg>
<doc>Fails if ``string`` does not match ``pattern`` as a regular expression.</doc>
<status status="PASS" start="2024-07-14T12:38:30.297826" elapsed="0.000346"/>
</kw>
<kw name="Should Match Regexp" owner="BuiltIn">
<arg>${json_data['results'][0]['picture']['thumbnail']}</arg>
<arg>^https?://.*\.(?:png|jpe?g|gif|bmp)$</arg>
<doc>Fails if ``string`` does not match ``pattern`` as a regular expression.</doc>
<status status="PASS" start="2024-07-14T12:38:30.298352" elapsed="0.000343"/>
</kw>
<kw name="Log" owner="BuiltIn">
<msg time="2024-07-14T12:38:30.299201" level="INFO">{'large': 'https://randomuser.me/api/portraits/women/60.jpg', 'medium': 'https://randomuser.me/api/portraits/med/women/60.jpg', 'thumbnail': 'https://randomuser.me/api/portraits/thumb/women/60.jpg'}</msg>
<arg>${json_data['results'][0]['picture']}</arg>
<doc>Logs the given message with the given level.</doc>
<status status="PASS" start="2024-07-14T12:38:30.298875" elapsed="0.000369"/>
</kw>
<status status="PASS" start="2024-07-14T12:38:30.179879" elapsed="0.119634"/>
</kw>
<kw name="Teste de Tipos de Dados - Postcode" owner="random-user-service">
<kw name="GET On Session" owner="RequestsLibrary">
<msg time="2024-07-14T12:38:30.378270" level="INFO">GET Request : url=https://randomuser.me/api 
 path_url=/api 
 headers={'User-Agent': 'python-requests/2.32.3', 'Accept-Encoding': 'gzip, deflate', 'Accept': '*/*', 'Connection': 'keep-alive'} 
 body=None 
 </msg>
<msg time="2024-07-14T12:38:30.378369" level="INFO">GET Response : url=https://randomuser.me/api 
 status=200, reason=OK 
 headers={'Date': 'Sun, 14 Jul 2024 12:38:30 GMT', 'Content-Type': 'application/json; charset=utf-8', 'Transfer-Encoding': 'chunked', 'Connection': 'keep-alive', 'X-Powered-By': 'Express', 'Access-Control-Allow-Origin': '*', 'Cache-Control': 'no-cache', 'ETag': 'W/"4af-TvJYE7IaJK2VWb44YR7ig5o+mkg"', 'Vary': 'Accept-Encoding', 'Content-Encoding': 'gzip', 'CF-Cache-Status': 'DYNAMIC', 'Report-To': '{"endpoints":[{"url":"https:\\/\\/a.nel.cloudflare.com\\/report\\/v4?s=hjPv%2F1zUA8xHL%2FZutp%2BIlV%2B5Gza11nNve6lQRwe9I%2Fkpn0Z%2FsSiyX66BWSTXw9Lx920TeOKwnhA5%2FIEXfNaqCzaBIUcGKqmPk5jB1x2zISDZSTvinftBIHxIN6k6Zptl"}],"group":"cf-nel","max_age":604800}', 'NEL': '{"success_fraction":0,"report_to":"cf-nel","max_age":604800}', 'Server': 'cloudflare', 'CF-RAY': '8a3191f76a252aea-ORD', 'alt-svc': 'h3=":443"; ma=86400'} 
 body={"results":[{"gender":"female","name":{"title":"Ms","first":"Romane","last":"Garcia"},"location":{"street":{"number":5646,"name":"Rue Dugas-Montbel"},"city":"Saint-Denis","state":"Haute-Marne","country":"France","postcode":81863,"coordinates":{"latitude":"-14.8077","longitude":"119.4479"},"timezone":{"offset":"-4:00","description":"Atlantic Time (Canada), Caracas, La Paz"}},"email":"romane.garcia@example.com","login":{"uuid":"e5d49dd6-cdd5-4016-b971-3b47f2391f5c","username":"bigelephant759","password":"hotshot","salt":"1ZwcfAQM","md5":"cd6e55437e59d53a6ba1653aa7bcfcc1","sha1":"a44f0bb3f51c6b54e6db2f92a84f636b6f1de3e5","sha256":"86a71299bbc453197d0feed39b977b11b10e54f1dd89e595de6dbcd563dfa36e"},"dob":{"date":"1960-03-03T07:54:22.223Z","age":64},"registered":{"date":"2011-03-08T05:18:51.195Z","age":13},"phone":"01-25-09-37-92","cell":"06-53-76-05-16","id":{"name":"INSEE","value":"2600236334054 11"},"picture":{"large":"https://randomuser.me/api/portraits/women/91.jpg","medium":"https://randomuser.me/api/portraits/med/women/91.jpg","thumbnail":"https://randomuser.me/api/portraits/thumb/women/91.jpg"},"nat":"FR"}],"info":{"seed":"ec676394d23ad554","results":1,"page":1,"version":"1.4"}} 
 </msg>
<msg time="2024-07-14T12:38:30.378441" level="INFO">/opt/hostedtoolcache/Python/3.12.4/x64/lib/python3.12/site-packages/urllib3/connectionpool.py:1099: InsecureRequestWarning: Unverified HTTPS request is being made to host 'randomuser.me'. Adding certificate verification is strongly advised. See: https://urllib3.readthedocs.io/en/latest/advanced-usage.html#tls-warnings
  warnings.warn(</msg>
<msg time="2024-07-14T12:38:30.378567" level="INFO">${response} = &lt;Response [200]&gt;</msg>
<var>${response}</var>
<arg>consultarAPI</arg>
<arg>/api</arg>
<doc>Sends a GET request on a previously created HTTP Session.</doc>
<status status="PASS" start="2024-07-14T12:38:30.300011" elapsed="0.078598"/>
</kw>
<kw name="Set Variable" owner="BuiltIn">
<msg time="2024-07-14T12:38:30.379857" level="INFO">${json_data} = {'results': [{'gender': 'female', 'name': {'title': 'Ms', 'first': 'Romane', 'last': 'Garcia'}, 'location': {'street': {'number': 5646, 'name': 'Rue Dugas-Montbel'}, 'city': 'Saint-Denis', 'state': 'H...</msg>
<var>${json_data}</var>
<arg>${response.json()}</arg>
<doc>Returns the given values which can then be assigned to a variables.</doc>
<status status="PASS" start="2024-07-14T12:38:30.379248" elapsed="0.000645"/>
</kw>
<kw name="Log" owner="BuiltIn">
<msg time="2024-07-14T12:38:30.380375" level="INFO">{'results': [{'gender': 'female', 'name': {'title': 'Ms', 'first': 'Romane', 'last': 'Garcia'}, 'location': {'street': {'number': 5646, 'name': 'Rue Dugas-Montbel'}, 'city': 'Saint-Denis', 'state': 'Haute-Marne', 'country': 'France', 'postcode': 81863, 'coordinates': {'latitude': '-14.8077', 'longitude': '119.4479'}, 'timezone': {'offset': '-4:00', 'description': 'Atlantic Time (Canada), Caracas, La Paz'}}, 'email': 'romane.garcia@example.com', 'login': {'uuid': 'e5d49dd6-cdd5-4016-b971-3b47f2391f5c', 'username': 'bigelephant759', 'password': 'hotshot', 'salt': '1ZwcfAQM', 'md5': 'cd6e55437e59d53a6ba1653aa7bcfcc1', 'sha1': 'a44f0bb3f51c6b54e6db2f92a84f636b6f1de3e5', 'sha256': '86a71299bbc453197d0feed39b977b11b10e54f1dd89e595de6dbcd563dfa36e'}, 'dob': {'date': '1960-03-03T07:54:22.223Z', 'age': 64}, 'registered': {'date': '2011-03-08T05:18:51.195Z', 'age': 13}, 'phone': '01-25-09-37-92', 'cell': '06-53-76-05-16', 'id': {'name': 'INSEE', 'value': '2600236334054 11'}, 'picture': {'large': 'https://randomuser.me/api/portraits/women/91.jpg', 'medium': 'https://randomuser.me/api/portraits/med/women/91.jpg', 'thumbnail': 'https://randomuser.me/api/portraits/thumb/women/91.jpg'}, 'nat': 'FR'}], 'info': {'seed': 'ec676394d23ad554', 'results': 1, 'page': 1, 'version': '1.4'}}</msg>
<arg>${json_data}</arg>
<doc>Logs the given message with the given level.</doc>
<status status="PASS" start="2024-07-14T12:38:30.380210" elapsed="0.000213"/>
</kw>
<kw name="Should Be Equal As Numbers" owner="BuiltIn">
<arg>${json_data['results'][0]['location']['postcode']}</arg>
<arg>${json_data['results'][0]['location']['postcode']}</arg>
<doc>Fails if objects are unequal after converting them to real numbers.</doc>
<status status="PASS" start="2024-07-14T12:38:30.380720" elapsed="0.000623"/>
</kw>
<kw name="Log" owner="BuiltIn">
<msg time="2024-07-14T12:38:30.381864" level="INFO">81863</msg>
<arg>${json_data['results'][0]['location']['postcode']}</arg>
<doc>Logs the given message with the given level.</doc>
<status status="PASS" start="2024-07-14T12:38:30.381534" elapsed="0.000371"/>
</kw>
<status status="PASS" start="2024-07-14T12:38:30.299744" elapsed="0.082445"/>
</kw>
<doc>Testa se os tipos de dados na resposta da API estão corretos.</doc>
<tag>testeTiposDados</tag>
<status status="PASS" start="2024-07-14T12:38:30.179167" elapsed="0.203193"/>
</test>
<test id="s1-s1-t5" name="Validar conteudo" line="35">
<kw name="Teste de Tipos de Conteudo" owner="random-user-service">
<kw name="GET On Session" owner="RequestsLibrary">
<msg time="2024-07-14T12:38:30.479858" level="INFO">GET Request : url=https://randomuser.me/api 
 path_url=/api 
 headers={'User-Agent': 'python-requests/2.32.3', 'Accept-Encoding': 'gzip, deflate', 'Accept': '*/*', 'Connection': 'keep-alive'} 
 body=None 
 </msg>
<msg time="2024-07-14T12:38:30.479970" level="INFO">GET Response : url=https://randomuser.me/api 
 status=200, reason=OK 
 headers={'Date': 'Sun, 14 Jul 2024 12:38:30 GMT', 'Content-Type': 'application/json; charset=utf-8', 'Transfer-Encoding': 'chunked', 'Connection': 'keep-alive', 'X-Powered-By': 'Express', 'Access-Control-Allow-Origin': '*', 'Cache-Control': 'no-cache', 'ETag': 'W/"489-HnudzGOqPMA743oAXQAjts4F31Q"', 'Vary': 'Accept-Encoding', 'Content-Encoding': 'gzip', 'CF-Cache-Status': 'DYNAMIC', 'Report-To': '{"endpoints":[{"url":"https:\\/\\/a.nel.cloudflare.com\\/report\\/v4?s=%2FhxBqEq72v2eZt5xfx8%2BAJ0ScwZlzikGpYWn7aZBKK%2BArUf%2Fjlvz296sSK5FU1z%2F%2BCSPHxoA5ScXIhgCpkiWWFUT9ZJvdwlPzIHEu1bCoduHH7b0kX4%2F%2F4uB3LOEEaI6"}],"group":"cf-nel","max_age":604800}', 'NEL': '{"success_fraction":0,"report_to":"cf-nel","max_age":604800}', 'Server': 'cloudflare', 'CF-RAY': '8a3191f7ea872aea-ORD', 'alt-svc': 'h3=":443"; ma=86400'} 
 body={"results":[{"gender":"female","name":{"title":"Mrs","first":"Nanet","last":"Verstegen"},"location":{"street":{"number":6641,"name":"Bellemeerstraat"},"city":"Nijbroek","state":"Friesland","country":"Netherlands","postcode":"3508 MW","coordinates":{"latitude":"37.2333","longitude":"117.0585"},"timezone":{"offset":"+5:45","description":"Kathmandu"}},"email":"nanet.verstegen@example.com","login":{"uuid":"ae6ca193-96d2-446a-aad3-8bfd6b69eee6","username":"blueleopard746","password":"speedy","salt":"y2iqyPNP","md5":"7aec6bd03a8a77bdf5baaab9ef9e7da1","sha1":"659d7fa24d4100d61c4d458c8499800a32939ef6","sha256":"d031021e199d43b6bb756d03ad54db4b5b121e7f09ce04c22870e6900120c2f6"},"dob":{"date":"2001-02-09T23:55:03.035Z","age":23},"registered":{"date":"2019-08-19T11:03:58.449Z","age":4},"phone":"(073) 5998339","cell":"(06) 58542067","id":{"name":"BSN","value":"22876621"},"picture":{"large":"https://randomuser.me/api/portraits/women/42.jpg","medium":"https://randomuser.me/api/portraits/med/women/42.jpg","thumbnail":"https://randomuser.me/api/portraits/thumb/women/42.jpg"},"nat":"NL"}],"info":{"seed":"ef0af1c2b79b95a6","results":1,"page":1,"version":"1.4"}} 
 </msg>
<msg time="2024-07-14T12:38:30.480076" level="INFO">/opt/hostedtoolcache/Python/3.12.4/x64/lib/python3.12/site-packages/urllib3/connectionpool.py:1099: InsecureRequestWarning: Unverified HTTPS request is being made to host 'randomuser.me'. Adding certificate verification is strongly advised. See: https://urllib3.readthedocs.io/en/latest/advanced-usage.html#tls-warnings
  warnings.warn(</msg>
<msg time="2024-07-14T12:38:30.480218" level="INFO">${response} = &lt;Response [200]&gt;</msg>
<var>${response}</var>
<arg>consultarAPI</arg>
<arg>/api</arg>
<doc>Sends a GET request on a previously created HTTP Session.</doc>
<status status="PASS" start="2024-07-14T12:38:30.385080" elapsed="0.095187"/>
</kw>
<kw name="Set Variable" owner="BuiltIn">
<msg time="2024-07-14T12:38:30.481464" level="INFO">${json_data} = {'results': [{'gender': 'female', 'name': {'title': 'Mrs', 'first': 'Nanet', 'last': 'Verstegen'}, 'location': {'street': {'number': 6641, 'name': 'Bellemeerstraat'}, 'city': 'Nijbroek', 'state': 'Fri...</msg>
<var>${json_data}</var>
<arg>${response.json()}</arg>
<doc>Returns the given values which can then be assigned to a variables.</doc>
<status status="PASS" start="2024-07-14T12:38:30.480895" elapsed="0.000597"/>
</kw>
<kw name="Set Variable" owner="BuiltIn">
<msg time="2024-07-14T12:38:30.482178" level="INFO">${name_title} = Mrs</msg>
<var>${name_title}</var>
<arg>${json_data["results"][0]["name"]["title"]}</arg>
<doc>Returns the given values which can then be assigned to a variables.</doc>
<status status="PASS" start="2024-07-14T12:38:30.481799" elapsed="0.000405"/>
</kw>
<kw name="Create List" owner="BuiltIn">
<msg time="2024-07-14T12:38:30.482647" level="INFO">${allowed_titles} = ['Mr', 'Ms', 'Miss', 'Mrs', 'Madame', 'Monsieur']</msg>
<var>${allowed_titles}</var>
<arg>Mr</arg>
<arg>Ms</arg>
<arg>Miss</arg>
<arg>Mrs</arg>
<arg>Madame</arg>
<arg>Monsieur</arg>
<doc>Returns a list containing given items.</doc>
<status status="PASS" start="2024-07-14T12:38:30.482498" elapsed="0.000174"/>
</kw>
<kw name="List Should Contain Value" owner="Collections">
<arg>${allowed_titles}</arg>
<arg>${name_title}</arg>
<doc>Fails if the ``value`` is not found from ``list``.</doc>
<status status="PASS" start="2024-07-14T12:38:30.482974" elapsed="0.000175"/>
</kw>
<kw name="Set Variable" owner="BuiltIn">
<msg time="2024-07-14T12:38:30.483698" level="INFO">${name_country} = NL</msg>
<var>${name_country}</var>
<arg>${json_data["results"][0]["nat"]}</arg>
<doc>Returns the given values which can then be assigned to a variables.</doc>
<status status="PASS" start="2024-07-14T12:38:30.483335" elapsed="0.000389"/>
</kw>
<kw name="Create List" owner="BuiltIn">
<msg time="2024-07-14T12:38:30.484666" level="INFO">${list_country} = ['AD', 'AE', 'AF', 'AG', 'AI', 'AL', 'AM', 'AO', 'AQ', 'AR', 'AS', 'AT', 'AU', 'AW', 'AX', 'AZ', 'BA', 'BB', 'BD', 'BE', 'BF', 'BG', 'BH', 'BI', 'BJ', 'BL', 'BM', 'BN', 'BO', 'BQ', 'BR', 'BS', 'BT', '...</msg>
<var>${list_country}</var>
<arg>AD</arg>
<arg>AE</arg>
<arg>AF</arg>
<arg>AG</arg>
<arg>AI</arg>
<arg>AL</arg>
<arg>AM</arg>
<arg>AO</arg>
<arg>AQ</arg>
<arg>AR</arg>
<arg>AS</arg>
<arg>AT</arg>
<arg>AU</arg>
<arg>AW</arg>
<arg>AX</arg>
<arg>AZ</arg>
<arg>BA</arg>
<arg>BB</arg>
<arg>BD</arg>
<arg>BE</arg>
<arg>BF</arg>
<arg>BG</arg>
<arg>BH</arg>
<arg>BI</arg>
<arg>BJ</arg>
<arg>BL</arg>
<arg>BM</arg>
<arg>BN</arg>
<arg>BO</arg>
<arg>BQ</arg>
<arg>BR</arg>
<arg>BS</arg>
<arg>BT</arg>
<arg>BV</arg>
<arg>BW</arg>
<arg>BY</arg>
<arg>BZ</arg>
<arg>CA</arg>
<arg>CC</arg>
<arg>CD</arg>
<arg>CF</arg>
<arg>CG</arg>
<arg>CH</arg>
<arg>CI</arg>
<arg>CK</arg>
<arg>CL</arg>
<arg>CM</arg>
<arg>CN</arg>
<arg>CO</arg>
<arg>CR</arg>
<arg>CU</arg>
<arg>CV</arg>
<arg>CW</arg>
<arg>CX</arg>
<arg>CY</arg>
<arg>CZ</arg>
<arg>DE</arg>
<arg>DJ</arg>
<arg>DK</arg>
<arg>DM</arg>
<arg>DO</arg>
<arg>DZ</arg>
<arg>EC</arg>
<arg>EE</arg>
<arg>EG</arg>
<arg>EH</arg>
<arg>ER</arg>
<arg>ES</arg>
<arg>ET</arg>
<arg>FI</arg>
<arg>FJ</arg>
<arg>FK</arg>
<arg>FM</arg>
<arg>FO</arg>
<arg>FR</arg>
<arg>GA</arg>
<arg>GB</arg>
<arg>GD</arg>
<arg>GE</arg>
<arg>GF</arg>
<arg>GG</arg>
<arg>GH</arg>
<arg>GI</arg>
<arg>GL</arg>
<arg>GM</arg>
<arg>GN</arg>
<arg>GP</arg>
<arg>GQ</arg>
<arg>GR</arg>
<arg>GS</arg>
<arg>GT</arg>
<arg>GU</arg>
<arg>GW</arg>
<arg>GY</arg>
<arg>HK</arg>
<arg>HM</arg>
<arg>HN</arg>
<arg>HR</arg>
<arg>HT</arg>
<arg>HU</arg>
<arg>ID</arg>
<arg>IE</arg>
<arg>IL</arg>
<arg>IM</arg>
<arg>IN</arg>
<arg>IO</arg>
<arg>IQ</arg>
<arg>IR</arg>
<arg>IS</arg>
<arg>IT</arg>
<arg>JE</arg>
<arg>JM</arg>
<arg>JO</arg>
<arg>JP</arg>
<arg>KE</arg>
<arg>KG</arg>
<arg>KH</arg>
<arg>KI</arg>
<arg>KM</arg>
<arg>KN</arg>
<arg>KP</arg>
<arg>KR</arg>
<arg>KW</arg>
<arg>KY</arg>
<arg>KZ</arg>
<arg>LA</arg>
<arg>LB</arg>
<arg>LC</arg>
<arg>LI</arg>
<arg>LK</arg>
<arg>LR</arg>
<arg>LS</arg>
<arg>LT</arg>
<arg>LU</arg>
<arg>LV</arg>
<arg>LY</arg>
<arg>MA</arg>
<arg>MC</arg>
<arg>MD</arg>
<arg>ME</arg>
<arg>MF</arg>
<arg>MG</arg>
<arg>MH</arg>
<arg>MK</arg>
<arg>ML</arg>
<arg>MM</arg>
<arg>MN</arg>
<arg>MO</arg>
<arg>MP</arg>
<arg>MQ</arg>
<arg>MR</arg>
<arg>MS</arg>
<arg>MT</arg>
<arg>MU</arg>
<arg>MV</arg>
<arg>MW</arg>
<arg>MX</arg>
<arg>MY</arg>
<arg>MZ</arg>
<arg>NA</arg>
<arg>NC</arg>
<arg>NE</arg>
<arg>NF</arg>
<arg>NG</arg>
<arg>NI</arg>
<arg>NL</arg>
<arg>NO</arg>
<arg>NP</arg>
<arg>NR</arg>
<arg>NU</arg>
<arg>NZ</arg>
<arg>OM</arg>
<arg>PA</arg>
<arg>PE</arg>
<arg>PF</arg>
<arg>PG</arg>
<arg>PH</arg>
<arg>PK</arg>
<arg>PL</arg>
<arg>PM</arg>
<arg>PN</arg>
<arg>PR</arg>
<arg>PS</arg>
<arg>PT</arg>
<arg>PW</arg>
<arg>PY</arg>
<arg>QA</arg>
<arg>RE</arg>
<arg>RO</arg>
<arg>RS</arg>
<arg>RU</arg>
<arg>RW</arg>
<arg>SA</arg>
<arg>SB</arg>
<arg>SC</arg>
<arg>SD</arg>
<arg>SE</arg>
<arg>SG</arg>
<arg>SH</arg>
<arg>SI</arg>
<arg>SJ</arg>
<arg>SK</arg>
<arg>SL</arg>
<arg>SM</arg>
<arg>SN</arg>
<arg>SO</arg>
<arg>SR</arg>
<arg>SS</arg>
<arg>ST</arg>
<arg>SV</arg>
<arg>SX</arg>
<arg>SY</arg>
<arg>SZ</arg>
<arg>TC</arg>
<arg>TD</arg>
<arg>TF</arg>
<arg>TG</arg>
<arg>TH</arg>
<arg>TJ</arg>
<arg>TK</arg>
<arg>TL</arg>
<arg>TM</arg>
<arg>TN</arg>
<arg>TO</arg>
<arg>TR</arg>
<arg>TT</arg>
<arg>TV</arg>
<arg>TW</arg>
<arg>TZ</arg>
<arg>UA</arg>
<arg>UG</arg>
<arg>UM</arg>
<arg>US</arg>
<arg>UY</arg>
<arg>UZ</arg>
<arg>VA</arg>
<arg>VC</arg>
<arg>VE</arg>
<arg>VG</arg>
<arg>VI</arg>
<arg>VN</arg>
<arg>VU</arg>
<arg>WF</arg>
<arg>WS</arg>
<arg>XK</arg>
<arg>YE</arg>
<arg>YT</arg>
<arg>ZA</arg>
<arg>ZM</arg>
<arg>ZW</arg>
<doc>Returns a list containing given items.</doc>
<status status="PASS" start="2024-07-14T12:38:30.484071" elapsed="0.000622"/>
</kw>
<kw name="List Should Contain Value" owner="Collections">
<arg>${list_country}</arg>
<arg>${name_country}</arg>
<doc>Fails if the ``value`` is not found from ``list``.</doc>
<status status="PASS" start="2024-07-14T12:38:30.485493" elapsed="0.000206"/>
</kw>
<kw name="Run Keyword If" owner="BuiltIn">
<kw name="Should Be True" owner="BuiltIn">
<arg>${True}</arg>
<doc>Fails if the given condition is not true.</doc>
<status status="PASS" start="2024-07-14T12:38:30.486621" elapsed="0.000140"/>
</kw>
<arg>${json_data["results"][0]["location"]["coordinates"]["latitude"]} &gt;= -90 and ${json_data["results"][0]["location"]["coordinates"]["latitude"]} &lt;= 90</arg>
<arg>Should Be True</arg>
<arg>${True}</arg>
<doc>Runs the given keyword with the given arguments, if ``condition`` is true.</doc>
<status status="PASS" start="2024-07-14T12:38:30.485895" elapsed="0.000987"/>
</kw>
<kw name="Run Keyword If" owner="BuiltIn">
<kw name="Should Be True" owner="BuiltIn">
<arg>${True}</arg>
<doc>Fails if the given condition is not true.</doc>
<status status="PASS" start="2024-07-14T12:38:30.487739" elapsed="0.000167"/>
</kw>
<arg>${json_data["results"][0]["location"]["coordinates"]["longitude"]} &gt;= -180 and ${json_data["results"][0]["location"]["coordinates"]["longitude"]} &lt;= 180</arg>
<arg>Should Be True</arg>
<arg>${True}</arg>
<doc>Runs the given keyword with the given arguments, if ``condition`` is true.</doc>
<status status="PASS" start="2024-07-14T12:38:30.487059" elapsed="0.000981"/>
</kw>
<status status="PASS" start="2024-07-14T12:38:30.384690" elapsed="0.103482"/>
</kw>
<doc>Testa o conteúdo específico dos campos retornados pela API.</doc>
<tag>testeConteudo</tag>
<status status="PASS" start="2024-07-14T12:38:30.384143" elapsed="0.104183"/>
</test>
<status status="PASS" start="2024-07-14T12:38:29.460517" elapsed="1.029781"/>
</suite>
<status status="PASS" start="2024-07-14T12:38:29.445771" elapsed="1.049744"/>
</suite>
<statistics>
<total>
<stat pass="5" fail="0" skip="0">All Tests</stat>
</total>
<tag>
<stat pass="1" fail="0" skip="0">testeConteudo</stat>
<stat pass="1" fail="0" skip="0">testeEstruturaResposta</stat>
<stat pass="1" fail="0" skip="0">testeRequisicaoBasica</stat>
<stat pass="1" fail="0" skip="0">testeTiposDados</stat>
</tag>
<suite>
<stat pass="5" fail="0" skip="0" id="s1" name="Tests">Tests</stat>
<stat pass="5" fail="0" skip="0" id="s1-s1" name="Random-User-Test">Tests.Random-User-Test</stat>
</suite>
</statistics>
<errors>
</errors>
</robot>
