<?xml version="1.0" encoding="UTF-8"?>
<robot generator="Robot 7.0.1 (Python 3.12.4 on linux)" generated="2024-07-27T13:16:10.118968" rpa="false" schemaversion="5">
<suite id="s1" name="Tests" source="/home/runner/work/ApiRandomUser/ApiRandomUser/RamdonUser/tests">
<suite id="s1-s1" name="Random-User-Test" source="/home/runner/work/ApiRandomUser/ApiRandomUser/RamdonUser/tests/random-user-test.robot">
<test id="s1-s1-t1" name="Conectar" line="13">
<kw name="Conectar API" owner="random-user-service">
<kw name="Create Session" owner="RequestsLibrary">
<msg time="2024-07-27T13:16:10.529429" level="INFO">Creating Session using : alias=consultarAPI, url=https://randomuser.me/, headers={},                     cookies={}, auth=None, timeout=None, proxies=None, verify=False,                     debug=0 </msg>
<arg>consultarAPI</arg>
<arg>${URL}</arg>
<doc>Create Session: create a HTTP session to a server</doc>
<status status="PASS" start="2024-07-27T13:16:10.529222" elapsed="0.000403"/>
</kw>
<status status="PASS" start="2024-07-27T13:16:10.528153" elapsed="0.001843"/>
</kw>
<status status="PASS" start="2024-07-27T13:16:10.527470" elapsed="0.002731"/>
</test>
<test id="s1-s1-t2" name="Validar retorno 200 e JSON Válido" line="16">
<kw name="Teste de Requisicao Basica" owner="random-user-service">
<kw name="GET On Session" owner="RequestsLibrary">
<msg time="2024-07-27T13:16:10.848046" level="INFO">GET Request : url=https://randomuser.me/api 
 path_url=/api 
 headers={'User-Agent': 'python-requests/2.32.3', 'Accept-Encoding': 'gzip, deflate', 'Accept': '*/*', 'Connection': 'keep-alive'} 
 body=None 
 </msg>
<msg time="2024-07-27T13:16:10.848206" level="INFO">GET Response : url=https://randomuser.me/api 
 status=200, reason=OK 
 headers={'Date': 'Sat, 27 Jul 2024 13:16:10 GMT', 'Content-Type': 'application/json; charset=utf-8', 'Transfer-Encoding': 'chunked', 'Connection': 'keep-alive', 'X-Powered-By': 'Express', 'Access-Control-Allow-Origin': '*', 'Cache-Control': 'no-cache', 'ETag': 'W/"47c-WySy5HH0wanSxRV4hkwcgitnuwo"', 'Vary': 'Accept-Encoding', 'Content-Encoding': 'gzip', 'CF-Cache-Status': 'DYNAMIC', 'Report-To': '{"endpoints":[{"url":"https:\\/\\/a.nel.cloudflare.com\\/report\\/v4?s=CrOW9%2BOdwXGlcSCbD%2BwO0orBhjOXWG%2FzbHHWnhFHcv6OpfjuEsw0kD91OZaCiA0F1CvYxJPshVaRR8GZ2P5f%2Bn1QdH6bM8mPlNiCdXxDSdHygeu0aRpN1KkrJrRjeCs2"}],"group":"cf-nel","max_age":604800}', 'NEL': '{"success_fraction":0,"report_to":"cf-nel","max_age":604800}', 'Server': 'cloudflare', 'CF-RAY': '8a9ce706ec20237a-SJC', 'alt-svc': 'h3=":443"; ma=86400'} 
 body={"results":[{"gender":"male","name":{"title":"Mr","first":"Jerry","last":"Simmons"},"location":{"street":{"number":4371,"name":"E Center St"},"city":"Brisbane","state":"New South Wales","country":"Australia","postcode":476,"coordinates":{"latitude":"-83.8591","longitude":"-170.1313"},"timezone":{"offset":"+9:30","description":"Adelaide, Darwin"}},"email":"jerry.simmons@example.com","login":{"uuid":"7de6323b-7285-4fc7-8c00-604c0d26f805","username":"angrybear471","password":"royal","salt":"CiHu8WEV","md5":"57178275bef3660bf30ece0f30acd3c4","sha1":"266b63afe8093183dcb01a5621ecb3a365af278c","sha256":"a47c9ff42ff957a874629fd718b299c95bca055fd244ac545199450bb1ecd39d"},"dob":{"date":"1946-08-16T09:48:37.547Z","age":77},"registered":{"date":"2008-01-23T05:10:58.988Z","age":16},"phone":"00-8139-5031","cell":"0488-160-498","id":{"name":"TFN","value":"130695291"},"picture":{"large":"https://randomuser.me/api/portraits/men/77.jpg","medium":"https://randomuser.me/api/portraits/med/men/77.jpg","thumbnail":"https://randomuser.me/api/portraits/thumb/men/77.jpg"},"nat":"AU"}],"info":{"seed":"bc96799f48ad425d","results":1,"page":1,"version":"1.4"}} 
 </msg>
<msg time="2024-07-27T13:16:10.848288" level="INFO">/opt/hostedtoolcache/Python/3.12.4/x64/lib/python3.12/site-packages/urllib3/connectionpool.py:1099: InsecureRequestWarning: Unverified HTTPS request is being made to host 'randomuser.me'. Adding certificate verification is strongly advised. See: https://urllib3.readthedocs.io/en/latest/advanced-usage.html#tls-warnings
  warnings.warn(</msg>
<msg time="2024-07-27T13:16:10.848426" level="INFO">${response} = &lt;Response [200]&gt;</msg>
<var>${response}</var>
<arg>consultarAPI</arg>
<arg>/api</arg>
<doc>Sends a GET request on a previously created HTTP Session.</doc>
<status status="PASS" start="2024-07-27T13:16:10.532988" elapsed="0.315482"/>
</kw>
<kw name="Should Be Equal As Numbers" owner="BuiltIn">
<msg time="2024-07-27T13:16:10.849500" level="INFO">Argument types are:
&lt;class 'int'&gt;
&lt;class 'str'&gt;</msg>
<arg>${response.status_code}</arg>
<arg>200</arg>
<doc>Fails if objects are unequal after converting them to real numbers.</doc>
<status status="PASS" start="2024-07-27T13:16:10.849027" elapsed="0.000537"/>
</kw>
<kw name="Log" owner="BuiltIn">
<msg time="2024-07-27T13:16:10.850231" level="INFO">200</msg>
<arg>${response.status_code}</arg>
<doc>Logs the given message with the given level.</doc>
<status status="PASS" start="2024-07-27T13:16:10.849882" elapsed="0.000390"/>
</kw>
<kw name="Set Variable" owner="BuiltIn">
<msg time="2024-07-27T13:16:10.851060" level="INFO">${json_data} = {'results': [{'gender': 'male', 'name': {'title': 'Mr', 'first': 'Jerry', 'last': 'Simmons'}, 'location': {'street': {'number': 4371, 'name': 'E Center St'}, 'city': 'Brisbane', 'state': 'New South Wa...</msg>
<var>${json_data}</var>
<arg>${response.json()}</arg>
<doc>Returns the given values which can then be assigned to a variables.</doc>
<status status="PASS" start="2024-07-27T13:16:10.850577" elapsed="0.000513"/>
</kw>
<kw name="Dictionary Should Contain Key" owner="Collections">
<arg>${json_data}</arg>
<arg>results</arg>
<doc>Fails if ``key`` is not found from ``dictionary``.</doc>
<status status="PASS" start="2024-07-27T13:16:10.851394" elapsed="0.000328"/>
</kw>
<status status="PASS" start="2024-07-27T13:16:10.532730" elapsed="0.319149"/>
</kw>
<doc>Testa se a API responde corretamente e retorna um objeto JSON válido.</doc>
<tag>testeRequisicaoBasica</tag>
<status status="PASS" start="2024-07-27T13:16:10.532155" elapsed="0.319900"/>
</test>
<test id="s1-s1-t3" name="Validar estrutura de resposta" line="22">
<kw name="Teste de Estrutura de Resposta" owner="random-user-service">
<kw name="GET On Session" owner="RequestsLibrary">
<msg time="2024-07-27T13:16:11.011809" level="INFO">GET Request : url=https://randomuser.me/api 
 path_url=/api 
 headers={'User-Agent': 'python-requests/2.32.3', 'Accept-Encoding': 'gzip, deflate', 'Accept': '*/*', 'Connection': 'keep-alive'} 
 body=None 
 </msg>
<msg time="2024-07-27T13:16:11.011910" level="INFO">GET Response : url=https://randomuser.me/api 
 status=200, reason=OK 
 headers={'Date': 'Sat, 27 Jul 2024 13:16:11 GMT', 'Content-Type': 'application/json; charset=utf-8', 'Transfer-Encoding': 'chunked', 'Connection': 'keep-alive', 'X-Powered-By': 'Express', 'Access-Control-Allow-Origin': '*', 'Cache-Control': 'no-cache', 'ETag': 'W/"483-JpcdjnFNVzJ4Zk2l5CXagkZUoSc"', 'Vary': 'Accept-Encoding', 'Content-Encoding': 'gzip', 'CF-Cache-Status': 'DYNAMIC', 'Report-To': '{"endpoints":[{"url":"https:\\/\\/a.nel.cloudflare.com\\/report\\/v4?s=AMXEw0f5TE3GspeDGkYv2SrSWq0hKPDfLKk09ySUBQNhwm%2BNOeNCEJTADUBaUYt1X2OEW0xavbVR6MVbo%2FYh9YONIYOO0wIKoVVHi2N2Z045ICcrKFMIaCvxcJXNMA6p"}],"group":"cf-nel","max_age":604800}', 'NEL': '{"success_fraction":0,"report_to":"cf-nel","max_age":604800}', 'Server': 'cloudflare', 'CF-RAY': '8a9ce707dcc7237a-SJC', 'alt-svc': 'h3=":443"; ma=86400'} 
 body={"results":[{"gender":"female","name":{"title":"Ms","first":"Afrodita","last":"Buleca"},"location":{"street":{"number":2452,"name":"Provulok Dargomizhskogo"},"city":"Pologi","state":"Rivnenska","country":"Ukraine","postcode":69728,"coordinates":{"latitude":"78.0275","longitude":"25.2395"},"timezone":{"offset":"+9:30","description":"Adelaide, Darwin"}},"email":"afrodita.buleca@example.com","login":{"uuid":"11de34ba-a80e-409d-8c68-e34a332362aa","username":"orangetiger310","password":"girl","salt":"Fb4cI1aX","md5":"41da73c686e99d572b4d98b5a1ebcbf7","sha1":"3c39f88e69ac38550293a368978ccaa1a37b256d","sha256":"0cced9d3bf2e39eb814ba824aa5f37cb71ea05a28eda31914b8188bf0c1012ba"},"dob":{"date":"1959-05-12T04:43:43.498Z","age":65},"registered":{"date":"2015-02-02T21:54:30.688Z","age":9},"phone":"(067) D24-1662","cell":"(066) K12-2298","id":{"name":"","value":null},"picture":{"large":"https://randomuser.me/api/portraits/women/20.jpg","medium":"https://randomuser.me/api/portraits/med/women/20.jpg","thumbnail":"https://randomuser.me/api/portraits/thumb/women/20.jpg"},"nat":"UA"}],"info":{"seed":"d8cea26c2ff5333e","results":1,"page":1,"version":"1.4"}} 
 </msg>
<msg time="2024-07-27T13:16:11.012044" level="INFO">/opt/hostedtoolcache/Python/3.12.4/x64/lib/python3.12/site-packages/urllib3/connectionpool.py:1099: InsecureRequestWarning: Unverified HTTPS request is being made to host 'randomuser.me'. Adding certificate verification is strongly advised. See: https://urllib3.readthedocs.io/en/latest/advanced-usage.html#tls-warnings
  warnings.warn(</msg>
<msg time="2024-07-27T13:16:11.012172" level="INFO">${response} = &lt;Response [200]&gt;</msg>
<var>${response}</var>
<arg>consultarAPI</arg>
<arg>/api</arg>
<doc>Sends a GET request on a previously created HTTP Session.</doc>
<status status="PASS" start="2024-07-27T13:16:10.854715" elapsed="0.157499"/>
</kw>
<kw name="Set Variable" owner="BuiltIn">
<msg time="2024-07-27T13:16:11.013437" level="INFO">${json_data} = {'results': [{'gender': 'female', 'name': {'title': 'Ms', 'first': 'Afrodita', 'last': 'Buleca'}, 'location': {'street': {'number': 2452, 'name': 'Provulok Dargomizhskogo'}, 'city': 'Pologi', 'state':...</msg>
<var>${json_data}</var>
<arg>${response.json()}</arg>
<doc>Returns the given values which can then be assigned to a variables.</doc>
<status status="PASS" start="2024-07-27T13:16:11.012852" elapsed="0.000614"/>
</kw>
<kw name="Log" owner="BuiltIn">
<msg time="2024-07-27T13:16:11.013950" level="INFO">{'results': [{'gender': 'female', 'name': {'title': 'Ms', 'first': 'Afrodita', 'last': 'Buleca'}, 'location': {'street': {'number': 2452, 'name': 'Provulok Dargomizhskogo'}, 'city': 'Pologi', 'state': 'Rivnenska', 'country': 'Ukraine', 'postcode': 69728, 'coordinates': {'latitude': '78.0275', 'longitude': '25.2395'}, 'timezone': {'offset': '+9:30', 'description': 'Adelaide, Darwin'}}, 'email': 'afrodita.buleca@example.com', 'login': {'uuid': '11de34ba-a80e-409d-8c68-e34a332362aa', 'username': 'orangetiger310', 'password': 'girl', 'salt': 'Fb4cI1aX', 'md5': '41da73c686e99d572b4d98b5a1ebcbf7', 'sha1': '3c39f88e69ac38550293a368978ccaa1a37b256d', 'sha256': '0cced9d3bf2e39eb814ba824aa5f37cb71ea05a28eda31914b8188bf0c1012ba'}, 'dob': {'date': '1959-05-12T04:43:43.498Z', 'age': 65}, 'registered': {'date': '2015-02-02T21:54:30.688Z', 'age': 9}, 'phone': '(067) D24-1662', 'cell': '(066) K12-2298', 'id': {'name': '', 'value': None}, 'picture': {'large': 'https://randomuser.me/api/portraits/women/20.jpg', 'medium': 'https://randomuser.me/api/portraits/med/women/20.jpg', 'thumbnail': 'https://randomuser.me/api/portraits/thumb/women/20.jpg'}, 'nat': 'UA'}], 'info': {'seed': 'd8cea26c2ff5333e', 'results': 1, 'page': 1, 'version': '1.4'}}</msg>
<arg>${json_data}</arg>
<doc>Logs the given message with the given level.</doc>
<status status="PASS" start="2024-07-27T13:16:11.013779" elapsed="0.000219"/>
</kw>
<kw name="Dictionary Should Contain Key" owner="Collections">
<arg>${json_data}</arg>
<arg>results</arg>
<doc>Fails if ``key`` is not found from ``dictionary``.</doc>
<status status="PASS" start="2024-07-27T13:16:11.014298" elapsed="0.000177"/>
</kw>
<kw name="Should Not Be Empty" owner="BuiltIn">
<msg time="2024-07-27T13:16:11.014792" level="INFO">Length is 2.</msg>
<arg>${json_data}</arg>
<doc>Verifies that the given item is not empty.</doc>
<status status="PASS" start="2024-07-27T13:16:11.014661" elapsed="0.000213"/>
</kw>
<kw name="Create List" owner="BuiltIn">
<msg time="2024-07-27T13:16:11.015337" level="INFO">${expected_keys} = ['gender', 'name', 'location', 'email', 'login']</msg>
<var>${expected_keys}</var>
<arg>gender</arg>
<arg>name</arg>
<arg>location</arg>
<arg>email</arg>
<arg>login</arg>
<doc>Returns a list containing given items.</doc>
<status status="PASS" start="2024-07-27T13:16:11.015183" elapsed="0.000178"/>
</kw>
<for flavor="IN">
<iter>
<kw name="Dictionary Should Contain Key" owner="Collections">
<arg>${json_data['results'][0]}</arg>
<arg>${key}</arg>
<doc>Fails if ``key`` is not found from ``dictionary``.</doc>
<status status="PASS" start="2024-07-27T13:16:11.015963" elapsed="0.000411"/>
</kw>
<kw name="Log" owner="BuiltIn">
<msg time="2024-07-27T13:16:11.016921" level="INFO">{'gender': 'female', 'name': {'title': 'Ms', 'first': 'Afrodita', 'last': 'Buleca'}, 'location': {'street': {'number': 2452, 'name': 'Provulok Dargomizhskogo'}, 'city': 'Pologi', 'state': 'Rivnenska', 'country': 'Ukraine', 'postcode': 69728, 'coordinates': {'latitude': '78.0275', 'longitude': '25.2395'}, 'timezone': {'offset': '+9:30', 'description': 'Adelaide, Darwin'}}, 'email': 'afrodita.buleca@example.com', 'login': {'uuid': '11de34ba-a80e-409d-8c68-e34a332362aa', 'username': 'orangetiger310', 'password': 'girl', 'salt': 'Fb4cI1aX', 'md5': '41da73c686e99d572b4d98b5a1ebcbf7', 'sha1': '3c39f88e69ac38550293a368978ccaa1a37b256d', 'sha256': '0cced9d3bf2e39eb814ba824aa5f37cb71ea05a28eda31914b8188bf0c1012ba'}, 'dob': {'date': '1959-05-12T04:43:43.498Z', 'age': 65}, 'registered': {'date': '2015-02-02T21:54:30.688Z', 'age': 9}, 'phone': '(067) D24-1662', 'cell': '(066) K12-2298', 'id': {'name': '', 'value': None}, 'picture': {'large': 'https://randomuser.me/api/portraits/women/20.jpg', 'medium': 'https://randomuser.me/api/portraits/med/women/20.jpg', 'thumbnail': 'https://randomuser.me/api/portraits/thumb/women/20.jpg'}, 'nat': 'UA'}</msg>
<arg>${json_data['results'][0]}</arg>
<doc>Logs the given message with the given level.</doc>
<status status="PASS" start="2024-07-27T13:16:11.016566" elapsed="0.000404"/>
</kw>
<kw name="Log" owner="BuiltIn">
<msg time="2024-07-27T13:16:11.017407" level="INFO">gender</msg>
<arg>${key}</arg>
<doc>Logs the given message with the given level.</doc>
<status status="PASS" start="2024-07-27T13:16:11.017275" elapsed="0.000170"/>
</kw>
<var name="${key}">gender</var>
<status status="PASS" start="2024-07-27T13:16:11.015836" elapsed="0.001830"/>
</iter>
<iter>
<kw name="Dictionary Should Contain Key" owner="Collections">
<arg>${json_data['results'][0]}</arg>
<arg>${key}</arg>
<doc>Fails if ``key`` is not found from ``dictionary``.</doc>
<status status="PASS" start="2024-07-27T13:16:11.017968" elapsed="0.000392"/>
</kw>
<kw name="Log" owner="BuiltIn">
<msg time="2024-07-27T13:16:11.018937" level="INFO">{'gender': 'female', 'name': {'title': 'Ms', 'first': 'Afrodita', 'last': 'Buleca'}, 'location': {'street': {'number': 2452, 'name': 'Provulok Dargomizhskogo'}, 'city': 'Pologi', 'state': 'Rivnenska', 'country': 'Ukraine', 'postcode': 69728, 'coordinates': {'latitude': '78.0275', 'longitude': '25.2395'}, 'timezone': {'offset': '+9:30', 'description': 'Adelaide, Darwin'}}, 'email': 'afrodita.buleca@example.com', 'login': {'uuid': '11de34ba-a80e-409d-8c68-e34a332362aa', 'username': 'orangetiger310', 'password': 'girl', 'salt': 'Fb4cI1aX', 'md5': '41da73c686e99d572b4d98b5a1ebcbf7', 'sha1': '3c39f88e69ac38550293a368978ccaa1a37b256d', 'sha256': '0cced9d3bf2e39eb814ba824aa5f37cb71ea05a28eda31914b8188bf0c1012ba'}, 'dob': {'date': '1959-05-12T04:43:43.498Z', 'age': 65}, 'registered': {'date': '2015-02-02T21:54:30.688Z', 'age': 9}, 'phone': '(067) D24-1662', 'cell': '(066) K12-2298', 'id': {'name': '', 'value': None}, 'picture': {'large': 'https://randomuser.me/api/portraits/women/20.jpg', 'medium': 'https://randomuser.me/api/portraits/med/women/20.jpg', 'thumbnail': 'https://randomuser.me/api/portraits/thumb/women/20.jpg'}, 'nat': 'UA'}</msg>
<arg>${json_data['results'][0]}</arg>
<doc>Logs the given message with the given level.</doc>
<status status="PASS" start="2024-07-27T13:16:11.018542" elapsed="0.000488"/>
</kw>
<kw name="Log" owner="BuiltIn">
<msg time="2024-07-27T13:16:11.019464" level="INFO">name</msg>
<arg>${key}</arg>
<doc>Logs the given message with the given level.</doc>
<status status="PASS" start="2024-07-27T13:16:11.019334" elapsed="0.000168"/>
</kw>
<var name="${key}">name</var>
<status status="PASS" start="2024-07-27T13:16:11.017856" elapsed="0.001866"/>
</iter>
<iter>
<kw name="Dictionary Should Contain Key" owner="Collections">
<arg>${json_data['results'][0]}</arg>
<arg>${key}</arg>
<doc>Fails if ``key`` is not found from ``dictionary``.</doc>
<status status="PASS" start="2024-07-27T13:16:11.020014" elapsed="0.000376"/>
</kw>
<kw name="Log" owner="BuiltIn">
<msg time="2024-07-27T13:16:11.020922" level="INFO">{'gender': 'female', 'name': {'title': 'Ms', 'first': 'Afrodita', 'last': 'Buleca'}, 'location': {'street': {'number': 2452, 'name': 'Provulok Dargomizhskogo'}, 'city': 'Pologi', 'state': 'Rivnenska', 'country': 'Ukraine', 'postcode': 69728, 'coordinates': {'latitude': '78.0275', 'longitude': '25.2395'}, 'timezone': {'offset': '+9:30', 'description': 'Adelaide, Darwin'}}, 'email': 'afrodita.buleca@example.com', 'login': {'uuid': '11de34ba-a80e-409d-8c68-e34a332362aa', 'username': 'orangetiger310', 'password': 'girl', 'salt': 'Fb4cI1aX', 'md5': '41da73c686e99d572b4d98b5a1ebcbf7', 'sha1': '3c39f88e69ac38550293a368978ccaa1a37b256d', 'sha256': '0cced9d3bf2e39eb814ba824aa5f37cb71ea05a28eda31914b8188bf0c1012ba'}, 'dob': {'date': '1959-05-12T04:43:43.498Z', 'age': 65}, 'registered': {'date': '2015-02-02T21:54:30.688Z', 'age': 9}, 'phone': '(067) D24-1662', 'cell': '(066) K12-2298', 'id': {'name': '', 'value': None}, 'picture': {'large': 'https://randomuser.me/api/portraits/women/20.jpg', 'medium': 'https://randomuser.me/api/portraits/med/women/20.jpg', 'thumbnail': 'https://randomuser.me/api/portraits/thumb/women/20.jpg'}, 'nat': 'UA'}</msg>
<arg>${json_data['results'][0]}</arg>
<doc>Logs the given message with the given level.</doc>
<status status="PASS" start="2024-07-27T13:16:11.020575" elapsed="0.000394"/>
</kw>
<kw name="Log" owner="BuiltIn">
<msg time="2024-07-27T13:16:11.021387" level="INFO">location</msg>
<arg>${key}</arg>
<doc>Logs the given message with the given level.</doc>
<status status="PASS" start="2024-07-27T13:16:11.021259" elapsed="0.000165"/>
</kw>
<var name="${key}">location</var>
<status status="PASS" start="2024-07-27T13:16:11.019906" elapsed="0.001738"/>
</iter>
<iter>
<kw name="Dictionary Should Contain Key" owner="Collections">
<arg>${json_data['results'][0]}</arg>
<arg>${key}</arg>
<doc>Fails if ``key`` is not found from ``dictionary``.</doc>
<status status="PASS" start="2024-07-27T13:16:11.021921" elapsed="0.000382"/>
</kw>
<kw name="Log" owner="BuiltIn">
<msg time="2024-07-27T13:16:11.023010" level="INFO">{'gender': 'female', 'name': {'title': 'Ms', 'first': 'Afrodita', 'last': 'Buleca'}, 'location': {'street': {'number': 2452, 'name': 'Provulok Dargomizhskogo'}, 'city': 'Pologi', 'state': 'Rivnenska', 'country': 'Ukraine', 'postcode': 69728, 'coordinates': {'latitude': '78.0275', 'longitude': '25.2395'}, 'timezone': {'offset': '+9:30', 'description': 'Adelaide, Darwin'}}, 'email': 'afrodita.buleca@example.com', 'login': {'uuid': '11de34ba-a80e-409d-8c68-e34a332362aa', 'username': 'orangetiger310', 'password': 'girl', 'salt': 'Fb4cI1aX', 'md5': '41da73c686e99d572b4d98b5a1ebcbf7', 'sha1': '3c39f88e69ac38550293a368978ccaa1a37b256d', 'sha256': '0cced9d3bf2e39eb814ba824aa5f37cb71ea05a28eda31914b8188bf0c1012ba'}, 'dob': {'date': '1959-05-12T04:43:43.498Z', 'age': 65}, 'registered': {'date': '2015-02-02T21:54:30.688Z', 'age': 9}, 'phone': '(067) D24-1662', 'cell': '(066) K12-2298', 'id': {'name': '', 'value': None}, 'picture': {'large': 'https://randomuser.me/api/portraits/women/20.jpg', 'medium': 'https://randomuser.me/api/portraits/med/women/20.jpg', 'thumbnail': 'https://randomuser.me/api/portraits/thumb/women/20.jpg'}, 'nat': 'UA'}</msg>
<arg>${json_data['results'][0]}</arg>
<doc>Logs the given message with the given level.</doc>
<status status="PASS" start="2024-07-27T13:16:11.022615" elapsed="0.000443"/>
</kw>
<kw name="Log" owner="BuiltIn">
<msg time="2024-07-27T13:16:11.023486" level="INFO">email</msg>
<arg>${key}</arg>
<doc>Logs the given message with the given level.</doc>
<status status="PASS" start="2024-07-27T13:16:11.023356" elapsed="0.000167"/>
</kw>
<var name="${key}">email</var>
<status status="PASS" start="2024-07-27T13:16:11.021814" elapsed="0.001925"/>
</iter>
<iter>
<kw name="Dictionary Should Contain Key" owner="Collections">
<arg>${json_data['results'][0]}</arg>
<arg>${key}</arg>
<doc>Fails if ``key`` is not found from ``dictionary``.</doc>
<status status="PASS" start="2024-07-27T13:16:11.024018" elapsed="0.000382"/>
</kw>
<kw name="Log" owner="BuiltIn">
<msg time="2024-07-27T13:16:11.024925" level="INFO">{'gender': 'female', 'name': {'title': 'Ms', 'first': 'Afrodita', 'last': 'Buleca'}, 'location': {'street': {'number': 2452, 'name': 'Provulok Dargomizhskogo'}, 'city': 'Pologi', 'state': 'Rivnenska', 'country': 'Ukraine', 'postcode': 69728, 'coordinates': {'latitude': '78.0275', 'longitude': '25.2395'}, 'timezone': {'offset': '+9:30', 'description': 'Adelaide, Darwin'}}, 'email': 'afrodita.buleca@example.com', 'login': {'uuid': '11de34ba-a80e-409d-8c68-e34a332362aa', 'username': 'orangetiger310', 'password': 'girl', 'salt': 'Fb4cI1aX', 'md5': '41da73c686e99d572b4d98b5a1ebcbf7', 'sha1': '3c39f88e69ac38550293a368978ccaa1a37b256d', 'sha256': '0cced9d3bf2e39eb814ba824aa5f37cb71ea05a28eda31914b8188bf0c1012ba'}, 'dob': {'date': '1959-05-12T04:43:43.498Z', 'age': 65}, 'registered': {'date': '2015-02-02T21:54:30.688Z', 'age': 9}, 'phone': '(067) D24-1662', 'cell': '(066) K12-2298', 'id': {'name': '', 'value': None}, 'picture': {'large': 'https://randomuser.me/api/portraits/women/20.jpg', 'medium': 'https://randomuser.me/api/portraits/med/women/20.jpg', 'thumbnail': 'https://randomuser.me/api/portraits/thumb/women/20.jpg'}, 'nat': 'UA'}</msg>
<arg>${json_data['results'][0]}</arg>
<doc>Logs the given message with the given level.</doc>
<status status="PASS" start="2024-07-27T13:16:11.024582" elapsed="0.000388"/>
</kw>
<kw name="Log" owner="BuiltIn">
<msg time="2024-07-27T13:16:11.025392" level="INFO">login</msg>
<arg>${key}</arg>
<doc>Logs the given message with the given level.</doc>
<status status="PASS" start="2024-07-27T13:16:11.025262" elapsed="0.000168"/>
</kw>
<var name="${key}">login</var>
<status status="PASS" start="2024-07-27T13:16:11.023910" elapsed="0.001734"/>
</iter>
<var>${key}</var>
<value>@{expected_keys}</value>
<status status="PASS" start="2024-07-27T13:16:11.015639" elapsed="0.010125"/>
</for>
<kw name="Create List" owner="BuiltIn">
<msg time="2024-07-27T13:16:11.026101" level="INFO">${expected_keysTwo} = ['username', 'password']</msg>
<var>${expected_keysTwo}</var>
<arg>username</arg>
<arg>password</arg>
<doc>Returns a list containing given items.</doc>
<status status="PASS" start="2024-07-27T13:16:11.025957" elapsed="0.000169"/>
</kw>
<for flavor="IN">
<iter>
<kw name="Dictionary Should Contain Key" owner="Collections">
<arg>${json_data['results'][0]['login']}</arg>
<arg>${keyTwo}</arg>
<doc>Fails if ``key`` is not found from ``dictionary``.</doc>
<status status="PASS" start="2024-07-27T13:16:11.026647" elapsed="0.000422"/>
</kw>
<kw name="Dictionary Should Contain Key" owner="Collections">
<arg>${json_data['results'][0]['login']}</arg>
<arg>${keyTwo}</arg>
<doc>Fails if ``key`` is not found from ``dictionary``.</doc>
<status status="PASS" start="2024-07-27T13:16:11.027251" elapsed="0.000377"/>
</kw>
<kw name="Log" owner="BuiltIn">
<msg time="2024-07-27T13:16:11.027925" level="INFO">username</msg>
<arg>${keyTwo}</arg>
<doc>Logs the given message with the given level.</doc>
<status status="PASS" start="2024-07-27T13:16:11.027804" elapsed="0.000158"/>
</kw>
<var name="${keyTwo}">username</var>
<status status="PASS" start="2024-07-27T13:16:11.026541" elapsed="0.001639"/>
</iter>
<iter>
<kw name="Dictionary Should Contain Key" owner="Collections">
<arg>${json_data['results'][0]['login']}</arg>
<arg>${keyTwo}</arg>
<doc>Fails if ``key`` is not found from ``dictionary``.</doc>
<status status="PASS" start="2024-07-27T13:16:11.028461" elapsed="0.000374"/>
</kw>
<kw name="Dictionary Should Contain Key" owner="Collections">
<arg>${json_data['results'][0]['login']}</arg>
<arg>${keyTwo}</arg>
<doc>Fails if ``key`` is not found from ``dictionary``.</doc>
<status status="PASS" start="2024-07-27T13:16:11.029011" elapsed="0.000367"/>
</kw>
<kw name="Log" owner="BuiltIn">
<msg time="2024-07-27T13:16:11.029680" level="INFO">password</msg>
<arg>${keyTwo}</arg>
<doc>Logs the given message with the given level.</doc>
<status status="PASS" start="2024-07-27T13:16:11.029554" elapsed="0.000162"/>
</kw>
<var name="${keyTwo}">password</var>
<status status="PASS" start="2024-07-27T13:16:11.028350" elapsed="0.001585"/>
</iter>
<var>${keyTwo}</var>
<value>@{expected_keysTwo}</value>
<status status="PASS" start="2024-07-27T13:16:11.026388" elapsed="0.003668"/>
</for>
<status status="PASS" start="2024-07-27T13:16:10.854479" elapsed="0.175720"/>
</kw>
<doc>Testa a estrutura da resposta da API.</doc>
<tag>testeEstruturaResposta</tag>
<status status="PASS" start="2024-07-27T13:16:10.853865" elapsed="0.176496"/>
</test>
<test id="s1-s1-t4" name="Validar tipos de dados" line="28">
<kw name="Teste de Tipos de Dados" owner="random-user-service">
<kw name="GET On Session" owner="RequestsLibrary">
<msg time="2024-07-27T13:16:11.242002" level="INFO">GET Request : url=https://randomuser.me/api 
 path_url=/api 
 headers={'User-Agent': 'python-requests/2.32.3', 'Accept-Encoding': 'gzip, deflate', 'Accept': '*/*', 'Connection': 'keep-alive'} 
 body=None 
 </msg>
<msg time="2024-07-27T13:16:11.242100" level="INFO">GET Response : url=https://randomuser.me/api 
 status=200, reason=OK 
 headers={'Date': 'Sat, 27 Jul 2024 13:16:11 GMT', 'Content-Type': 'application/json; charset=utf-8', 'Transfer-Encoding': 'chunked', 'Connection': 'keep-alive', 'X-Powered-By': 'Express', 'Access-Control-Allow-Origin': '*', 'Cache-Control': 'no-cache', 'ETag': 'W/"4b4-OPcRjioxI9Qr8eiKmSowxGk02xg"', 'Vary': 'Accept-Encoding', 'Content-Encoding': 'gzip', 'CF-Cache-Status': 'DYNAMIC', 'Report-To': '{"endpoints":[{"url":"https:\\/\\/a.nel.cloudflare.com\\/report\\/v4?s=cdDz8cewUsV52I6lo9NmIFR70GyGe4k0ej0rJ5XpzowV79tj1Vz%2BnaNuyjRJl14ebnMAoc08ZStNP%2BKbmDC8NotSCQEIeJcxvqr53C2elWZsskR1AnB192PV0I04Tboe"}],"group":"cf-nel","max_age":604800}', 'NEL': '{"success_fraction":0,"report_to":"cf-nel","max_age":604800}', 'Server': 'cloudflare', 'CF-RAY': '8a9ce708fd6a237a-SJC', 'alt-svc': 'h3=":443"; ma=86400'} 
 body={"results":[{"gender":"female","name":{"title":"Ms","first":"Milja","last":"Kemppainen"},"location":{"street":{"number":7430,"name":"Itsenäisyydenkatu"},"city":"Porvoo","state":"Ostrobothnia","country":"Finland","postcode":35249,"coordinates":{"latitude":"-29.1561","longitude":"60.5680"},"timezone":{"offset":"+5:00","description":"Ekaterinburg, Islamabad, Karachi, Tashkent"}},"email":"milja.kemppainen@example.com","login":{"uuid":"94cab4a7-4b07-4797-85fd-72269bbf8fca","username":"ticklishladybug251","password":"vanilla","salt":"ScBDIBXv","md5":"29399e72a2462f43b6b0e0043c8b0196","sha1":"192ee1b207147beca3d686b6a7fce5f87f43731d","sha256":"4a69065c262bfc524a1c2af30a265b2f8a8a7d6096e523c85f851455fb919536"},"dob":{"date":"1954-09-29T10:23:31.182Z","age":69},"registered":{"date":"2010-02-11T21:14:11.335Z","age":14},"phone":"07-795-976","cell":"045-424-46-38","id":{"name":"HETU","value":"NaNNA480undefined"},"picture":{"large":"https://randomuser.me/api/portraits/women/59.jpg","medium":"https://randomuser.me/api/portraits/med/women/59.jpg","thumbnail":"https://randomuser.me/api/portraits/thumb/women/59.jpg"},"nat":"FI"}],"info":{"seed":"232557968cbba111","results":1,"page":1,"version":"1.4"}} 
 </msg>
<msg time="2024-07-27T13:16:11.242172" level="INFO">/opt/hostedtoolcache/Python/3.12.4/x64/lib/python3.12/site-packages/urllib3/connectionpool.py:1099: InsecureRequestWarning: Unverified HTTPS request is being made to host 'randomuser.me'. Adding certificate verification is strongly advised. See: https://urllib3.readthedocs.io/en/latest/advanced-usage.html#tls-warnings
  warnings.warn(</msg>
<msg time="2024-07-27T13:16:11.242294" level="INFO">${response} = &lt;Response [200]&gt;</msg>
<var>${response}</var>
<arg>consultarAPI</arg>
<arg>/api</arg>
<doc>Sends a GET request on a previously created HTTP Session.</doc>
<status status="PASS" start="2024-07-27T13:16:11.032960" elapsed="0.209380"/>
</kw>
<kw name="Set Variable" owner="BuiltIn">
<msg time="2024-07-27T13:16:11.243594" level="INFO">${json_data} = {'results': [{'gender': 'female', 'name': {'title': 'Ms', 'first': 'Milja', 'last': 'Kemppainen'}, 'location': {'street': {'number': 7430, 'name': 'Itsenäisyydenkatu'}, 'city': 'Porvoo', 'state': 'Ost...</msg>
<var>${json_data}</var>
<arg>${response.json()}</arg>
<doc>Returns the given values which can then be assigned to a variables.</doc>
<status status="PASS" start="2024-07-27T13:16:11.243025" elapsed="0.000598"/>
</kw>
<kw name="Log" owner="BuiltIn">
<msg time="2024-07-27T13:16:11.244096" level="INFO">{'results': [{'gender': 'female', 'name': {'title': 'Ms', 'first': 'Milja', 'last': 'Kemppainen'}, 'location': {'street': {'number': 7430, 'name': 'Itsenäisyydenkatu'}, 'city': 'Porvoo', 'state': 'Ostrobothnia', 'country': 'Finland', 'postcode': 35249, 'coordinates': {'latitude': '-29.1561', 'longitude': '60.5680'}, 'timezone': {'offset': '+5:00', 'description': 'Ekaterinburg, Islamabad, Karachi, Tashkent'}}, 'email': 'milja.kemppainen@example.com', 'login': {'uuid': '94cab4a7-4b07-4797-85fd-72269bbf8fca', 'username': 'ticklishladybug251', 'password': 'vanilla', 'salt': 'ScBDIBXv', 'md5': '29399e72a2462f43b6b0e0043c8b0196', 'sha1': '192ee1b207147beca3d686b6a7fce5f87f43731d', 'sha256': '4a69065c262bfc524a1c2af30a265b2f8a8a7d6096e523c85f851455fb919536'}, 'dob': {'date': '1954-09-29T10:23:31.182Z', 'age': 69}, 'registered': {'date': '2010-02-11T21:14:11.335Z', 'age': 14}, 'phone': '07-795-976', 'cell': '045-424-46-38', 'id': {'name': 'HETU', 'value': 'NaNNA480undefined'}, 'picture': {'large': 'https://randomuser.me/api/portraits/women/59.jpg', 'medium': 'https://randomuser.me/api/portraits/med/women/59.jpg', 'thumbnail': 'https://randomuser.me/api/portraits/thumb/women/59.jpg'}, 'nat': 'FI'}], 'info': {'seed': '232557968cbba111', 'results': 1, 'page': 1, 'version': '1.4'}}</msg>
<arg>${json_data}</arg>
<doc>Logs the given message with the given level.</doc>
<status status="PASS" start="2024-07-27T13:16:11.243933" elapsed="0.000212"/>
</kw>
<kw name="Should Be String" owner="String">
<arg>${json_data['results'][0]['gender']}</arg>
<doc>Fails if the given ``item`` is not a string.</doc>
<status status="PASS" start="2024-07-27T13:16:11.244436" elapsed="0.000368"/>
</kw>
<kw name="Should Match Regexp" owner="BuiltIn">
<arg>${json_data['results'][0]['email']}</arg>
<arg>^[a-zA-Z0-9._%+-]+@[a-zA-Z0-9.-]+\.[a-zA-Z]{2,}$</arg>
<doc>Fails if ``string`` does not match ``pattern`` as a regular expression.</doc>
<status status="PASS" start="2024-07-27T13:16:11.244993" elapsed="0.000511"/>
</kw>
<kw name="Should Match Regexp" owner="BuiltIn">
<arg>${json_data['results'][0]['dob']['date']}</arg>
<arg>\\d{4}-\\d{2}-\\d{2}T\\d{2}:\\d{2}:\\d{2}\\.\\d{3}Z</arg>
<doc>Fails if ``string`` does not match ``pattern`` as a regular expression.</doc>
<status status="PASS" start="2024-07-27T13:16:11.245735" elapsed="0.000627"/>
</kw>
<kw name="Should Match Regexp" owner="BuiltIn">
<arg>${json_data['results'][0]['registered']['date']}</arg>
<arg>\\d{4}-\\d{2}-\\d{2}T\\d{2}:\\d{2}:\\d{2}\\.\\d{3}Z</arg>
<doc>Fails if ``string`` does not match ``pattern`` as a regular expression.</doc>
<status status="PASS" start="2024-07-27T13:16:11.246552" elapsed="0.000419"/>
</kw>
<kw name="Should Match Regexp" owner="BuiltIn">
<arg>${json_data['results'][0]['picture']['large']}</arg>
<arg>^https?://.*\.(?:png|jpe?g|gif|bmp)$</arg>
<doc>Fails if ``string`` does not match ``pattern`` as a regular expression.</doc>
<status status="PASS" start="2024-07-27T13:16:11.247160" elapsed="0.000458"/>
</kw>
<kw name="Should Match Regexp" owner="BuiltIn">
<arg>${json_data['results'][0]['picture']['medium']}</arg>
<arg>^https?://.*\.(?:png|jpe?g|gif|bmp)$</arg>
<doc>Fails if ``string`` does not match ``pattern`` as a regular expression.</doc>
<status status="PASS" start="2024-07-27T13:16:11.247802" elapsed="0.000350"/>
</kw>
<kw name="Should Match Regexp" owner="BuiltIn">
<arg>${json_data['results'][0]['picture']['thumbnail']}</arg>
<arg>^https?://.*\.(?:png|jpe?g|gif|bmp)$</arg>
<doc>Fails if ``string`` does not match ``pattern`` as a regular expression.</doc>
<status status="PASS" start="2024-07-27T13:16:11.248331" elapsed="0.000348"/>
</kw>
<kw name="Log" owner="BuiltIn">
<msg time="2024-07-27T13:16:11.249176" level="INFO">{'large': 'https://randomuser.me/api/portraits/women/59.jpg', 'medium': 'https://randomuser.me/api/portraits/med/women/59.jpg', 'thumbnail': 'https://randomuser.me/api/portraits/thumb/women/59.jpg'}</msg>
<arg>${json_data['results'][0]['picture']}</arg>
<doc>Logs the given message with the given level.</doc>
<status status="PASS" start="2024-07-27T13:16:11.248857" elapsed="0.000361"/>
</kw>
<status status="PASS" start="2024-07-27T13:16:11.032730" elapsed="0.216754"/>
</kw>
<kw name="Teste de Tipos de Dados - Postcode" owner="random-user-service">
<kw name="GET On Session" owner="RequestsLibrary">
<msg time="2024-07-27T13:16:11.395950" level="INFO">GET Request : url=https://randomuser.me/api 
 path_url=/api 
 headers={'User-Agent': 'python-requests/2.32.3', 'Accept-Encoding': 'gzip, deflate', 'Accept': '*/*', 'Connection': 'keep-alive'} 
 body=None 
 </msg>
<msg time="2024-07-27T13:16:11.396043" level="INFO">GET Response : url=https://randomuser.me/api 
 status=200, reason=OK 
 headers={'Date': 'Sat, 27 Jul 2024 13:16:11 GMT', 'Content-Type': 'application/json; charset=utf-8', 'Transfer-Encoding': 'chunked', 'Connection': 'keep-alive', 'X-Powered-By': 'Express', 'Access-Control-Allow-Origin': '*', 'Cache-Control': 'no-cache', 'ETag': 'W/"4c0-RWDyAA4WeLl6pIF4k+WmOK+wA6U"', 'Vary': 'Accept-Encoding', 'Content-Encoding': 'gzip', 'CF-Cache-Status': 'DYNAMIC', 'Report-To': '{"endpoints":[{"url":"https:\\/\\/a.nel.cloudflare.com\\/report\\/v4?s=mTlz1wBQNgXi14t1lMlmrChxMyHBmgh9NrnKrfkfjCwNONMe1%2Fse%2F6aEPQfhrqyo%2BpsnUcoNtyINuGrTSAfmpBa3t0j37EUfcVR%2FywCQzvLix6GqTNwE%2FtRYD7krDf%2BE"}],"group":"cf-nel","max_age":604800}', 'NEL': '{"success_fraction":0,"report_to":"cf-nel","max_age":604800}', 'Server': 'cloudflare', 'CF-RAY': '8a9ce70a5e33237a-SJC', 'alt-svc': 'h3=":443"; ma=86400'} 
 body={"results":[{"gender":"female","name":{"title":"Ms","first":"مهدیس","last":"كامياران"},"location":{"street":{"number":3470,"name":"برادران سلیمانی"},"city":"گلستان","state":"چهارمحال و بختیاری","country":"Iran","postcode":67954,"coordinates":{"latitude":"13.7500","longitude":"123.0275"},"timezone":{"offset":"+5:30","description":"Bombay, Calcutta, Madras, New Delhi"}},"email":"mhdys.kmyrn@example.com","login":{"uuid":"b8db52fc-a32f-4ed4-8286-84aeaafb248b","username":"happyleopard370","password":"leroy","salt":"ol84Zrai","md5":"146b71da10c470524c108f3bfde4dd11","sha1":"d01e214196bd01e60f526f8f0b97a11148667b25","sha256":"758b78dd97858ed62da5edf3dd1f4fefc758809e7c825b42672b700c2c5dfde4"},"dob":{"date":"1981-01-22T10:28:58.656Z","age":43},"registered":{"date":"2019-11-29T16:04:37.135Z","age":4},"phone":"069-61257471","cell":"0993-767-5175","id":{"name":"","value":null},"picture":{"large":"https://randomuser.me/api/portraits/women/66.jpg","medium":"https://randomuser.me/api/portraits/med/women/66.jpg","thumbnail":"https://randomuser.me/api/portraits/thumb/women/66.jpg"},"nat":"IR"}],"info":{"seed":"159fd1b903b2ac56","results":1,"page":1,"version":"1.4"}} 
 </msg>
<msg time="2024-07-27T13:16:11.396118" level="INFO">/opt/hostedtoolcache/Python/3.12.4/x64/lib/python3.12/site-packages/urllib3/connectionpool.py:1099: InsecureRequestWarning: Unverified HTTPS request is being made to host 'randomuser.me'. Adding certificate verification is strongly advised. See: https://urllib3.readthedocs.io/en/latest/advanced-usage.html#tls-warnings
  warnings.warn(</msg>
<msg time="2024-07-27T13:16:11.396239" level="INFO">${response} = &lt;Response [200]&gt;</msg>
<var>${response}</var>
<arg>consultarAPI</arg>
<arg>/api</arg>
<doc>Sends a GET request on a previously created HTTP Session.</doc>
<status status="PASS" start="2024-07-27T13:16:11.249944" elapsed="0.146332"/>
</kw>
<kw name="Set Variable" owner="BuiltIn">
<msg time="2024-07-27T13:16:11.397444" level="INFO">${json_data} = {'results': [{'gender': 'female', 'name': {'title': 'Ms', 'first': 'مهدیس', 'last': 'كامياران'}, 'location': {'street': {'number': 3470, 'name': 'برادران سلیمانی'}, 'city': 'گلستان', 'state': 'چهارمحا...</msg>
<var>${json_data}</var>
<arg>${response.json()}</arg>
<doc>Returns the given values which can then be assigned to a variables.</doc>
<status status="PASS" start="2024-07-27T13:16:11.396863" elapsed="0.000611"/>
</kw>
<kw name="Log" owner="BuiltIn">
<msg time="2024-07-27T13:16:11.397948" level="INFO">{'results': [{'gender': 'female', 'name': {'title': 'Ms', 'first': 'مهدیس', 'last': 'كامياران'}, 'location': {'street': {'number': 3470, 'name': 'برادران سلیمانی'}, 'city': 'گلستان', 'state': 'چهارمحال و بختیاری', 'country': 'Iran', 'postcode': 67954, 'coordinates': {'latitude': '13.7500', 'longitude': '123.0275'}, 'timezone': {'offset': '+5:30', 'description': 'Bombay, Calcutta, Madras, New Delhi'}}, 'email': 'mhdys.kmyrn@example.com', 'login': {'uuid': 'b8db52fc-a32f-4ed4-8286-84aeaafb248b', 'username': 'happyleopard370', 'password': 'leroy', 'salt': 'ol84Zrai', 'md5': '146b71da10c470524c108f3bfde4dd11', 'sha1': 'd01e214196bd01e60f526f8f0b97a11148667b25', 'sha256': '758b78dd97858ed62da5edf3dd1f4fefc758809e7c825b42672b700c2c5dfde4'}, 'dob': {'date': '1981-01-22T10:28:58.656Z', 'age': 43}, 'registered': {'date': '2019-11-29T16:04:37.135Z', 'age': 4}, 'phone': '069-61257471', 'cell': '0993-767-5175', 'id': {'name': '', 'value': None}, 'picture': {'large': 'https://randomuser.me/api/portraits/women/66.jpg', 'medium': 'https://randomuser.me/api/portraits/med/women/66.jpg', 'thumbnail': 'https://randomuser.me/api/portraits/thumb/women/66.jpg'}, 'nat': 'IR'}], 'info': {'seed': '159fd1b903b2ac56', 'results': 1, 'page': 1, 'version': '1.4'}}</msg>
<arg>${json_data}</arg>
<doc>Logs the given message with the given level.</doc>
<status status="PASS" start="2024-07-27T13:16:11.397786" elapsed="0.000212"/>
</kw>
<kw name="Should Be Equal As Numbers" owner="BuiltIn">
<arg>${json_data['results'][0]['location']['postcode']}</arg>
<arg>${json_data['results'][0]['location']['postcode']}</arg>
<doc>Fails if objects are unequal after converting them to real numbers.</doc>
<status status="PASS" start="2024-07-27T13:16:11.398295" elapsed="0.000666"/>
</kw>
<kw name="Log" owner="BuiltIn">
<msg time="2024-07-27T13:16:11.399541" level="INFO">67954</msg>
<arg>${json_data['results'][0]['location']['postcode']}</arg>
<doc>Logs the given message with the given level.</doc>
<status status="PASS" start="2024-07-27T13:16:11.399164" elapsed="0.000419"/>
</kw>
<status status="PASS" start="2024-07-27T13:16:11.249707" elapsed="0.150137"/>
</kw>
<doc>Testa se os tipos de dados na resposta da API estão corretos.</doc>
<tag>testeTiposDados</tag>
<status status="PASS" start="2024-07-27T13:16:11.032149" elapsed="0.367868"/>
</test>
<test id="s1-s1-t5" name="Validar conteudo" line="35">
<kw name="Teste de Tipos de Conteudo" owner="random-user-service">
<kw name="GET On Session" owner="RequestsLibrary">
<msg time="2024-07-27T13:16:11.505576" level="INFO">GET Request : url=https://randomuser.me/api 
 path_url=/api 
 headers={'User-Agent': 'python-requests/2.32.3', 'Accept-Encoding': 'gzip, deflate', 'Accept': '*/*', 'Connection': 'keep-alive'} 
 body=None 
 </msg>
<msg time="2024-07-27T13:16:11.505675" level="INFO">GET Response : url=https://randomuser.me/api 
 status=200, reason=OK 
 headers={'Date': 'Sat, 27 Jul 2024 13:16:11 GMT', 'Content-Type': 'application/json; charset=utf-8', 'Transfer-Encoding': 'chunked', 'Connection': 'keep-alive', 'X-Powered-By': 'Express', 'Access-Control-Allow-Origin': '*', 'Cache-Control': 'no-cache', 'ETag': 'W/"499-qdRn+17OTrVVscX7OVK1B/9RuKo"', 'Vary': 'Accept-Encoding', 'Content-Encoding': 'gzip', 'CF-Cache-Status': 'DYNAMIC', 'Report-To': '{"endpoints":[{"url":"https:\\/\\/a.nel.cloudflare.com\\/report\\/v4?s=upu2ufnmFmVd8l%2Bu2RDOYZew8YB9%2BMZZJ2NSqOl4iaJEgYZh48s4dfD57hAZ1mZXVBgARlgUDlDSxC4W3O4t9Ud07%2BONpVfTnr4CwB6c%2BSGYRCIL14DvnsJ3hjqW4LAV"}],"group":"cf-nel","max_age":604800}', 'NEL': '{"success_fraction":0,"report_to":"cf-nel","max_age":604800}', 'Server': 'cloudflare', 'CF-RAY': '8a9ce70b4ec5237a-SJC', 'alt-svc': 'h3=":443"; ma=86400'} 
 body={"results":[{"gender":"male","name":{"title":"Mr","first":"Eduard","last":"Schweitzer"},"location":{"street":{"number":3951,"name":"Schlossstraße"},"city":"Birkenfeld","state":"Sachsen-Anhalt","country":"Germany","postcode":57276,"coordinates":{"latitude":"-54.0846","longitude":"-59.8609"},"timezone":{"offset":"-8:00","description":"Pacific Time (US &amp; Canada)"}},"email":"eduard.schweitzer@example.com","login":{"uuid":"3c26d1d8-c16f-4b39-aa02-bb33cd0dac7e","username":"angrydog760","password":"orlando","salt":"Xhy8RoKO","md5":"9d1f939792fad417765ad4cb8aa2bca9","sha1":"745d20f093a92bdb5d27ca2b95a4850268c3be92","sha256":"58b971f00a2d7647038c0aa1dd89b8d5b7c12ece2f1bc0249f5e98aea2b48e3e"},"dob":{"date":"1984-10-22T04:27:53.865Z","age":39},"registered":{"date":"2007-01-25T14:03:03.064Z","age":17},"phone":"0780-8674889","cell":"0178-1858598","id":{"name":"SVNR","value":"74 211084 S 207"},"picture":{"large":"https://randomuser.me/api/portraits/men/21.jpg","medium":"https://randomuser.me/api/portraits/med/men/21.jpg","thumbnail":"https://randomuser.me/api/portraits/thumb/men/21.jpg"},"nat":"DE"}],"info":{"seed":"ee6ddfa302a99e85","results":1,"page":1,"version":"1.4"}} 
 </msg>
<msg time="2024-07-27T13:16:11.505749" level="INFO">/opt/hostedtoolcache/Python/3.12.4/x64/lib/python3.12/site-packages/urllib3/connectionpool.py:1099: InsecureRequestWarning: Unverified HTTPS request is being made to host 'randomuser.me'. Adding certificate verification is strongly advised. See: https://urllib3.readthedocs.io/en/latest/advanced-usage.html#tls-warnings
  warnings.warn(</msg>
<msg time="2024-07-27T13:16:11.505873" level="INFO">${response} = &lt;Response [200]&gt;</msg>
<var>${response}</var>
<arg>consultarAPI</arg>
<arg>/api</arg>
<doc>Sends a GET request on a previously created HTTP Session.</doc>
<status status="PASS" start="2024-07-27T13:16:11.402514" elapsed="0.103400"/>
</kw>
<kw name="Set Variable" owner="BuiltIn">
<msg time="2024-07-27T13:16:11.507143" level="INFO">${json_data} = {'results': [{'gender': 'male', 'name': {'title': 'Mr', 'first': 'Eduard', 'last': 'Schweitzer'}, 'location': {'street': {'number': 3951, 'name': 'Schlossstraße'}, 'city': 'Birkenfeld', 'state': 'Sach...</msg>
<var>${json_data}</var>
<arg>${response.json()}</arg>
<doc>Returns the given values which can then be assigned to a variables.</doc>
<status status="PASS" start="2024-07-27T13:16:11.506549" elapsed="0.000624"/>
</kw>
<kw name="Set Variable" owner="BuiltIn">
<msg time="2024-07-27T13:16:11.507872" level="INFO">${name_title} = Mr</msg>
<var>${name_title}</var>
<arg>${json_data["results"][0]["name"]["title"]}</arg>
<doc>Returns the given values which can then be assigned to a variables.</doc>
<status status="PASS" start="2024-07-27T13:16:11.507485" elapsed="0.000413"/>
</kw>
<kw name="Create List" owner="BuiltIn">
<msg time="2024-07-27T13:16:11.508347" level="INFO">${allowed_titles} = ['Mr', 'Ms', 'Miss', 'Mrs', 'Madame', 'Monsieur']</msg>
<var>${allowed_titles}</var>
<arg>Mr</arg>
<arg>Ms</arg>
<arg>Miss</arg>
<arg>Mrs</arg>
<arg>Madame</arg>
<arg>Monsieur</arg>
<doc>Returns a list containing given items.</doc>
<status status="PASS" start="2024-07-27T13:16:11.508196" elapsed="0.000175"/>
</kw>
<kw name="List Should Contain Value" owner="Collections">
<arg>${allowed_titles}</arg>
<arg>${name_title}</arg>
<doc>Fails if the ``value`` is not found from ``list``.</doc>
<status status="PASS" start="2024-07-27T13:16:11.508671" elapsed="0.000186"/>
</kw>
<kw name="Set Variable" owner="BuiltIn">
<msg time="2024-07-27T13:16:11.509411" level="INFO">${name_country} = DE</msg>
<var>${name_country}</var>
<arg>${json_data["results"][0]["nat"]}</arg>
<doc>Returns the given values which can then be assigned to a variables.</doc>
<status status="PASS" start="2024-07-27T13:16:11.509037" elapsed="0.000399"/>
</kw>
<kw name="Create List" owner="BuiltIn">
<msg time="2024-07-27T13:16:11.510318" level="INFO">${list_country} = ['AD', 'AE', 'AF', 'AG', 'AI', 'AL', 'AM', 'AO', 'AQ', 'AR', 'AS', 'AT', 'AU', 'AW', 'AX', 'AZ', 'BA', 'BB', 'BD', 'BE', 'BF', 'BG', 'BH', 'BI', 'BJ', 'BL', 'BM', 'BN', 'BO', 'BQ', 'BR', 'BS', 'BT', '...</msg>
<var>${list_country}</var>
<arg>AD</arg>
<arg>AE</arg>
<arg>AF</arg>
<arg>AG</arg>
<arg>AI</arg>
<arg>AL</arg>
<arg>AM</arg>
<arg>AO</arg>
<arg>AQ</arg>
<arg>AR</arg>
<arg>AS</arg>
<arg>AT</arg>
<arg>AU</arg>
<arg>AW</arg>
<arg>AX</arg>
<arg>AZ</arg>
<arg>BA</arg>
<arg>BB</arg>
<arg>BD</arg>
<arg>BE</arg>
<arg>BF</arg>
<arg>BG</arg>
<arg>BH</arg>
<arg>BI</arg>
<arg>BJ</arg>
<arg>BL</arg>
<arg>BM</arg>
<arg>BN</arg>
<arg>BO</arg>
<arg>BQ</arg>
<arg>BR</arg>
<arg>BS</arg>
<arg>BT</arg>
<arg>BV</arg>
<arg>BW</arg>
<arg>BY</arg>
<arg>BZ</arg>
<arg>CA</arg>
<arg>CC</arg>
<arg>CD</arg>
<arg>CF</arg>
<arg>CG</arg>
<arg>CH</arg>
<arg>CI</arg>
<arg>CK</arg>
<arg>CL</arg>
<arg>CM</arg>
<arg>CN</arg>
<arg>CO</arg>
<arg>CR</arg>
<arg>CU</arg>
<arg>CV</arg>
<arg>CW</arg>
<arg>CX</arg>
<arg>CY</arg>
<arg>CZ</arg>
<arg>DE</arg>
<arg>DJ</arg>
<arg>DK</arg>
<arg>DM</arg>
<arg>DO</arg>
<arg>DZ</arg>
<arg>EC</arg>
<arg>EE</arg>
<arg>EG</arg>
<arg>EH</arg>
<arg>ER</arg>
<arg>ES</arg>
<arg>ET</arg>
<arg>FI</arg>
<arg>FJ</arg>
<arg>FK</arg>
<arg>FM</arg>
<arg>FO</arg>
<arg>FR</arg>
<arg>GA</arg>
<arg>GB</arg>
<arg>GD</arg>
<arg>GE</arg>
<arg>GF</arg>
<arg>GG</arg>
<arg>GH</arg>
<arg>GI</arg>
<arg>GL</arg>
<arg>GM</arg>
<arg>GN</arg>
<arg>GP</arg>
<arg>GQ</arg>
<arg>GR</arg>
<arg>GS</arg>
<arg>GT</arg>
<arg>GU</arg>
<arg>GW</arg>
<arg>GY</arg>
<arg>HK</arg>
<arg>HM</arg>
<arg>HN</arg>
<arg>HR</arg>
<arg>HT</arg>
<arg>HU</arg>
<arg>ID</arg>
<arg>IE</arg>
<arg>IL</arg>
<arg>IM</arg>
<arg>IN</arg>
<arg>IO</arg>
<arg>IQ</arg>
<arg>IR</arg>
<arg>IS</arg>
<arg>IT</arg>
<arg>JE</arg>
<arg>JM</arg>
<arg>JO</arg>
<arg>JP</arg>
<arg>KE</arg>
<arg>KG</arg>
<arg>KH</arg>
<arg>KI</arg>
<arg>KM</arg>
<arg>KN</arg>
<arg>KP</arg>
<arg>KR</arg>
<arg>KW</arg>
<arg>KY</arg>
<arg>KZ</arg>
<arg>LA</arg>
<arg>LB</arg>
<arg>LC</arg>
<arg>LI</arg>
<arg>LK</arg>
<arg>LR</arg>
<arg>LS</arg>
<arg>LT</arg>
<arg>LU</arg>
<arg>LV</arg>
<arg>LY</arg>
<arg>MA</arg>
<arg>MC</arg>
<arg>MD</arg>
<arg>ME</arg>
<arg>MF</arg>
<arg>MG</arg>
<arg>MH</arg>
<arg>MK</arg>
<arg>ML</arg>
<arg>MM</arg>
<arg>MN</arg>
<arg>MO</arg>
<arg>MP</arg>
<arg>MQ</arg>
<arg>MR</arg>
<arg>MS</arg>
<arg>MT</arg>
<arg>MU</arg>
<arg>MV</arg>
<arg>MW</arg>
<arg>MX</arg>
<arg>MY</arg>
<arg>MZ</arg>
<arg>NA</arg>
<arg>NC</arg>
<arg>NE</arg>
<arg>NF</arg>
<arg>NG</arg>
<arg>NI</arg>
<arg>NL</arg>
<arg>NO</arg>
<arg>NP</arg>
<arg>NR</arg>
<arg>NU</arg>
<arg>NZ</arg>
<arg>OM</arg>
<arg>PA</arg>
<arg>PE</arg>
<arg>PF</arg>
<arg>PG</arg>
<arg>PH</arg>
<arg>PK</arg>
<arg>PL</arg>
<arg>PM</arg>
<arg>PN</arg>
<arg>PR</arg>
<arg>PS</arg>
<arg>PT</arg>
<arg>PW</arg>
<arg>PY</arg>
<arg>QA</arg>
<arg>RE</arg>
<arg>RO</arg>
<arg>RS</arg>
<arg>RU</arg>
<arg>RW</arg>
<arg>SA</arg>
<arg>SB</arg>
<arg>SC</arg>
<arg>SD</arg>
<arg>SE</arg>
<arg>SG</arg>
<arg>SH</arg>
<arg>SI</arg>
<arg>SJ</arg>
<arg>SK</arg>
<arg>SL</arg>
<arg>SM</arg>
<arg>SN</arg>
<arg>SO</arg>
<arg>SR</arg>
<arg>SS</arg>
<arg>ST</arg>
<arg>SV</arg>
<arg>SX</arg>
<arg>SY</arg>
<arg>SZ</arg>
<arg>TC</arg>
<arg>TD</arg>
<arg>TF</arg>
<arg>TG</arg>
<arg>TH</arg>
<arg>TJ</arg>
<arg>TK</arg>
<arg>TL</arg>
<arg>TM</arg>
<arg>TN</arg>
<arg>TO</arg>
<arg>TR</arg>
<arg>TT</arg>
<arg>TV</arg>
<arg>TW</arg>
<arg>TZ</arg>
<arg>UA</arg>
<arg>UG</arg>
<arg>UM</arg>
<arg>US</arg>
<arg>UY</arg>
<arg>UZ</arg>
<arg>VA</arg>
<arg>VC</arg>
<arg>VE</arg>
<arg>VG</arg>
<arg>VI</arg>
<arg>VN</arg>
<arg>VU</arg>
<arg>WF</arg>
<arg>WS</arg>
<arg>XK</arg>
<arg>YE</arg>
<arg>YT</arg>
<arg>ZA</arg>
<arg>ZM</arg>
<arg>ZW</arg>
<doc>Returns a list containing given items.</doc>
<status status="PASS" start="2024-07-27T13:16:11.509725" elapsed="0.000619"/>
</kw>
<kw name="List Should Contain Value" owner="Collections">
<arg>${list_country}</arg>
<arg>${name_country}</arg>
<doc>Fails if the ``value`` is not found from ``list``.</doc>
<status status="PASS" start="2024-07-27T13:16:11.511371" elapsed="0.000213"/>
</kw>
<kw name="Run Keyword If" owner="BuiltIn">
<kw name="Should Be True" owner="BuiltIn">
<arg>${True}</arg>
<doc>Fails if the given condition is not true.</doc>
<status status="PASS" start="2024-07-27T13:16:11.512534" elapsed="0.000142"/>
</kw>
<arg>${json_data["results"][0]["location"]["coordinates"]["latitude"]} &gt;= -90 and ${json_data["results"][0]["location"]["coordinates"]["latitude"]} &lt;= 90</arg>
<arg>Should Be True</arg>
<arg>${True}</arg>
<doc>Runs the given keyword with the given arguments, if ``condition`` is true.</doc>
<status status="PASS" start="2024-07-27T13:16:11.511785" elapsed="0.001015"/>
</kw>
<kw name="Run Keyword If" owner="BuiltIn">
<kw name="Should Be True" owner="BuiltIn">
<arg>${True}</arg>
<doc>Fails if the given condition is not true.</doc>
<status status="PASS" start="2024-07-27T13:16:11.513668" elapsed="0.000137"/>
</kw>
<arg>${json_data["results"][0]["location"]["coordinates"]["longitude"]} &gt;= -180 and ${json_data["results"][0]["location"]["coordinates"]["longitude"]} &lt;= 180</arg>
<arg>Should Be True</arg>
<arg>${True}</arg>
<doc>Runs the given keyword with the given arguments, if ``condition`` is true.</doc>
<status status="PASS" start="2024-07-27T13:16:11.512982" elapsed="0.000944"/>
</kw>
<status status="PASS" start="2024-07-27T13:16:11.402291" elapsed="0.111764"/>
</kw>
<doc>Testa o conteúdo específico dos campos retornados pela API.</doc>
<tag>testeConteudo</tag>
<status status="PASS" start="2024-07-27T13:16:11.401771" elapsed="0.112436"/>
</test>
<status status="PASS" start="2024-07-27T13:16:10.180060" elapsed="1.336159"/>
</suite>
<status status="PASS" start="2024-07-27T13:16:10.164960" elapsed="1.356371"/>
</suite>
<statistics>
<total>
<stat pass="5" fail="0" skip="0">All Tests</stat>
</total>
<tag>
<stat pass="1" fail="0" skip="0">testeConteudo</stat>
<stat pass="1" fail="0" skip="0">testeEstruturaResposta</stat>
<stat pass="1" fail="0" skip="0">testeRequisicaoBasica</stat>
<stat pass="1" fail="0" skip="0">testeTiposDados</stat>
</tag>
<suite>
<stat pass="5" fail="0" skip="0" id="s1" name="Tests">Tests</stat>
<stat pass="5" fail="0" skip="0" id="s1-s1" name="Random-User-Test">Tests.Random-User-Test</stat>
</suite>
</statistics>
<errors>
</errors>
</robot>
