<?xml version="1.0" encoding="UTF-8"?>
<robot generator="Robot 7.0.1 (Python 3.12.4 on linux)" generated="2024-06-25T06:20:45.819573" rpa="false" schemaversion="5">
<suite id="s1" name="Tests" source="/home/runner/work/ApiRandomUser/ApiRandomUser/RamdonUser/tests">
<suite id="s1-s1" name="Random-User-Test" source="/home/runner/work/ApiRandomUser/ApiRandomUser/RamdonUser/tests/random-user-test.robot">
<test id="s1-s1-t1" name="Conectar" line="13">
<kw name="Conectar API" owner="random-user-service">
<kw name="Create Session" owner="RequestsLibrary">
<msg time="2024-06-25T06:20:46.228395" level="INFO">Creating Session using : alias=consultarAPI, url=https://randomuser.me/, headers={},                     cookies={}, auth=None, timeout=None, proxies=None, verify=False,                     debug=0 </msg>
<arg>consultarAPI</arg>
<arg>${URL}</arg>
<doc>Create Session: create a HTTP session to a server</doc>
<status status="PASS" start="2024-06-25T06:20:46.228192" elapsed="0.000383"/>
</kw>
<status status="PASS" start="2024-06-25T06:20:46.227220" elapsed="0.001723"/>
</kw>
<status status="PASS" start="2024-06-25T06:20:46.226556" elapsed="0.002581"/>
</test>
<test id="s1-s1-t2" name="Validar retorno 200 e JSON Válido" line="16">
<kw name="Teste de Requisicao Basica" owner="random-user-service">
<kw name="GET On Session" owner="RequestsLibrary">
<msg time="2024-06-25T06:20:46.402583" level="INFO">GET Request : url=https://randomuser.me/api 
 path_url=/api 
 headers={'User-Agent': 'python-requests/2.32.3', 'Accept-Encoding': 'gzip, deflate', 'Accept': '*/*', 'Connection': 'keep-alive'} 
 body=None 
 </msg>
<msg time="2024-06-25T06:20:46.402736" level="INFO">GET Response : url=https://randomuser.me/api 
 status=200, reason=OK 
 headers={'Date': 'Tue, 25 Jun 2024 06:20:46 GMT', 'Content-Type': 'application/json; charset=utf-8', 'Transfer-Encoding': 'chunked', 'Connection': 'keep-alive', 'X-Powered-By': 'Express', 'Access-Control-Allow-Origin': '*', 'Cache-Control': 'no-cache', 'ETag': 'W/"48f-vZROrH6LWDJGVUztxp46LMCi3FA"', 'Vary': 'Accept-Encoding', 'Content-Encoding': 'gzip', 'CF-Cache-Status': 'DYNAMIC', 'Report-To': '{"endpoints":[{"url":"https:\\/\\/a.nel.cloudflare.com\\/report\\/v4?s=K%2Fe6rDg5KCVMrlwqFrL4gqWSc2U0mpLAVE9OVD1U7tRzcbnehq8EY%2Fn1MGwcQ0fBnvO7CVIXCxD%2BY1Vi74UNdhS2F7NL%2BRFqjLCJwnEqZFO2OI%2BDnDFTJ28iJEaYW0SW"}],"group":"cf-nel","max_age":604800}', 'NEL': '{"success_fraction":0,"report_to":"cf-nel","max_age":604800}', 'Server': 'cloudflare', 'CF-RAY': '8992da85db9082a8-IAD', 'alt-svc': 'h3=":443"; ma=86400'} 
 body={"results":[{"gender":"female","name":{"title":"Ms","first":"Yvonne","last":"Silva"},"location":{"street":{"number":4386,"name":"Preston Rd"},"city":"Bunbury","state":"Tasmania","country":"Australia","postcode":323,"coordinates":{"latitude":"-87.8908","longitude":"98.2082"},"timezone":{"offset":"+5:30","description":"Bombay, Calcutta, Madras, New Delhi"}},"email":"yvonne.silva@example.com","login":{"uuid":"fdfb7a3a-751f-44cb-aed4-be643dee74a3","username":"crazypeacock911","password":"sunrise","salt":"xe9rUUQ6","md5":"9d19a8b25691b044e5f669458ff47598","sha1":"96b06189cb4f5865d5af3c35d631c0a1b523a523","sha256":"0f34bf4030402db4dbfab076d46c2c5a3fef35b07c8856a3c0cffc97ef50bec2"},"dob":{"date":"1967-08-22T16:42:09.142Z","age":56},"registered":{"date":"2007-09-13T08:25:47.721Z","age":16},"phone":"08-8942-6244","cell":"0421-247-205","id":{"name":"TFN","value":"266962928"},"picture":{"large":"https://randomuser.me/api/portraits/women/22.jpg","medium":"https://randomuser.me/api/portraits/med/women/22.jpg","thumbnail":"https://randomuser.me/api/portraits/thumb/women/22.jpg"},"nat":"AU"}],"info":{"seed":"79cf112918a092bf","results":1,"page":1,"version":"1.4"}} 
 </msg>
<msg time="2024-06-25T06:20:46.402819" level="INFO">/opt/hostedtoolcache/Python/3.12.4/x64/lib/python3.12/site-packages/urllib3/connectionpool.py:1099: InsecureRequestWarning: Unverified HTTPS request is being made to host 'randomuser.me'. Adding certificate verification is strongly advised. See: https://urllib3.readthedocs.io/en/latest/advanced-usage.html#tls-warnings
  warnings.warn(</msg>
<msg time="2024-06-25T06:20:46.402980" level="INFO">${response} = &lt;Response [200]&gt;</msg>
<var>${response}</var>
<arg>consultarAPI</arg>
<arg>/api</arg>
<doc>Sends a GET request on a previously created HTTP Session.</doc>
<status status="PASS" start="2024-06-25T06:20:46.231827" elapsed="0.171199"/>
</kw>
<kw name="Should Be Equal As Numbers" owner="BuiltIn">
<msg time="2024-06-25T06:20:46.404197" level="INFO">Argument types are:
&lt;class 'int'&gt;
&lt;class 'str'&gt;</msg>
<arg>${response.status_code}</arg>
<arg>200</arg>
<doc>Fails if objects are unequal after converting them to real numbers.</doc>
<status status="PASS" start="2024-06-25T06:20:46.403724" elapsed="0.000544"/>
</kw>
<kw name="Log" owner="BuiltIn">
<msg time="2024-06-25T06:20:46.404932" level="INFO">200</msg>
<arg>${response.status_code}</arg>
<doc>Logs the given message with the given level.</doc>
<status status="PASS" start="2024-06-25T06:20:46.404588" elapsed="0.000386"/>
</kw>
<kw name="Set Variable" owner="BuiltIn">
<msg time="2024-06-25T06:20:46.405705" level="INFO">${json_data} = {'results': [{'gender': 'female', 'name': {'title': 'Ms', 'first': 'Yvonne', 'last': 'Silva'}, 'location': {'street': {'number': 4386, 'name': 'Preston Rd'}, 'city': 'Bunbury', 'state': 'Tasmania', 'c...</msg>
<var>${json_data}</var>
<arg>${response.json()}</arg>
<doc>Returns the given values which can then be assigned to a variables.</doc>
<status status="PASS" start="2024-06-25T06:20:46.405271" elapsed="0.000463"/>
</kw>
<kw name="Dictionary Should Contain Key" owner="Collections">
<arg>${json_data}</arg>
<arg>results</arg>
<doc>Fails if ``key`` is not found from ``dictionary``.</doc>
<status status="PASS" start="2024-06-25T06:20:46.406026" elapsed="0.000166"/>
</kw>
<status status="PASS" start="2024-06-25T06:20:46.231584" elapsed="0.174761"/>
</kw>
<doc>Testa se a API responde corretamente e retorna um objeto JSON válido.</doc>
<tag>testeRequisicaoBasica</tag>
<status status="PASS" start="2024-06-25T06:20:46.231098" elapsed="0.175431"/>
</test>
<test id="s1-s1-t3" name="Validar estrutura de resposta" line="22">
<kw name="Teste de Estrutura de Resposta" owner="random-user-service">
<kw name="GET On Session" owner="RequestsLibrary">
<msg time="2024-06-25T06:20:46.514543" level="INFO">GET Request : url=https://randomuser.me/api 
 path_url=/api 
 headers={'User-Agent': 'python-requests/2.32.3', 'Accept-Encoding': 'gzip, deflate', 'Accept': '*/*', 'Connection': 'keep-alive'} 
 body=None 
 </msg>
<msg time="2024-06-25T06:20:46.514643" level="INFO">GET Response : url=https://randomuser.me/api 
 status=200, reason=OK 
 headers={'Date': 'Tue, 25 Jun 2024 06:20:46 GMT', 'Content-Type': 'application/json; charset=utf-8', 'Transfer-Encoding': 'chunked', 'Connection': 'keep-alive', 'X-Powered-By': 'Express', 'Access-Control-Allow-Origin': '*', 'Cache-Control': 'no-cache', 'ETag': 'W/"48a-tU4UQWtc6SLj3IZ3O36WSUN+Lsk"', 'Vary': 'Accept-Encoding', 'Content-Encoding': 'gzip', 'CF-Cache-Status': 'DYNAMIC', 'Report-To': '{"endpoints":[{"url":"https:\\/\\/a.nel.cloudflare.com\\/report\\/v4?s=ar2ENsZ2pMyItjAElL8gPF3XTyOLt8ed0N8E1terXAVv3M0jSbf7yoLYMAmpAllb4uqBAEPRUrEOLlq9bSKCZfKVpzpCsvTEASQCrHvJtRG93x1yoiJRwGGVA%2F1W4IE9"}],"group":"cf-nel","max_age":604800}', 'NEL': '{"success_fraction":0,"report_to":"cf-nel","max_age":604800}', 'Server': 'cloudflare', 'CF-RAY': '8992da861bbc82a8-IAD', 'alt-svc': 'h3=":443"; ma=86400'} 
 body={"results":[{"gender":"male","name":{"title":"Mr","first":"Mstivoy","last":"Denisyuk"},"location":{"street":{"number":9841,"name":"Chervonotkacka"},"city":"Bolgrad","state":"Cherkaska","country":"Ukraine","postcode":12598,"coordinates":{"latitude":"76.8890","longitude":"-127.4780"},"timezone":{"offset":"-3:00","description":"Brazil, Buenos Aires, Georgetown"}},"email":"mstivoy.denisyuk@example.com","login":{"uuid":"945ff1f0-a70a-4293-9896-9e80c717c424","username":"organicgorilla639","password":"maddog","salt":"PCaNjKoe","md5":"8157cd50fb845a348443e42f3e486d15","sha1":"f9d3420c2c35b7f50bcaeadc5b6af52c765b018c","sha256":"fec7fd505c319e8bb8be5dc9d300960a052835e326639286a8195d0c39e120e3"},"dob":{"date":"1996-09-29T14:58:22.618Z","age":27},"registered":{"date":"2012-07-01T14:23:11.261Z","age":11},"phone":"(098) M14-8212","cell":"(067) H37-7308","id":{"name":"","value":null},"picture":{"large":"https://randomuser.me/api/portraits/men/1.jpg","medium":"https://randomuser.me/api/portraits/med/men/1.jpg","thumbnail":"https://randomuser.me/api/portraits/thumb/men/1.jpg"},"nat":"UA"}],"info":{"seed":"07f4de5ec38300c7","results":1,"page":1,"version":"1.4"}} 
 </msg>
<msg time="2024-06-25T06:20:46.514774" level="INFO">/opt/hostedtoolcache/Python/3.12.4/x64/lib/python3.12/site-packages/urllib3/connectionpool.py:1099: InsecureRequestWarning: Unverified HTTPS request is being made to host 'randomuser.me'. Adding certificate verification is strongly advised. See: https://urllib3.readthedocs.io/en/latest/advanced-usage.html#tls-warnings
  warnings.warn(</msg>
<msg time="2024-06-25T06:20:46.514915" level="INFO">${response} = &lt;Response [200]&gt;</msg>
<var>${response}</var>
<arg>consultarAPI</arg>
<arg>/api</arg>
<doc>Sends a GET request on a previously created HTTP Session.</doc>
<status status="PASS" start="2024-06-25T06:20:46.409507" elapsed="0.105453"/>
</kw>
<kw name="Set Variable" owner="BuiltIn">
<msg time="2024-06-25T06:20:46.516007" level="INFO">${json_data} = {'results': [{'gender': 'male', 'name': {'title': 'Mr', 'first': 'Mstivoy', 'last': 'Denisyuk'}, 'location': {'street': {'number': 9841, 'name': 'Chervonotkacka'}, 'city': 'Bolgrad', 'state': 'Cherkas...</msg>
<var>${json_data}</var>
<arg>${response.json()}</arg>
<doc>Returns the given values which can then be assigned to a variables.</doc>
<status status="PASS" start="2024-06-25T06:20:46.515482" elapsed="0.000553"/>
</kw>
<kw name="Log" owner="BuiltIn">
<msg time="2024-06-25T06:20:46.516514" level="INFO">{'results': [{'gender': 'male', 'name': {'title': 'Mr', 'first': 'Mstivoy', 'last': 'Denisyuk'}, 'location': {'street': {'number': 9841, 'name': 'Chervonotkacka'}, 'city': 'Bolgrad', 'state': 'Cherkaska', 'country': 'Ukraine', 'postcode': 12598, 'coordinates': {'latitude': '76.8890', 'longitude': '-127.4780'}, 'timezone': {'offset': '-3:00', 'description': 'Brazil, Buenos Aires, Georgetown'}}, 'email': 'mstivoy.denisyuk@example.com', 'login': {'uuid': '945ff1f0-a70a-4293-9896-9e80c717c424', 'username': 'organicgorilla639', 'password': 'maddog', 'salt': 'PCaNjKoe', 'md5': '8157cd50fb845a348443e42f3e486d15', 'sha1': 'f9d3420c2c35b7f50bcaeadc5b6af52c765b018c', 'sha256': 'fec7fd505c319e8bb8be5dc9d300960a052835e326639286a8195d0c39e120e3'}, 'dob': {'date': '1996-09-29T14:58:22.618Z', 'age': 27}, 'registered': {'date': '2012-07-01T14:23:11.261Z', 'age': 11}, 'phone': '(098) M14-8212', 'cell': '(067) H37-7308', 'id': {'name': '', 'value': None}, 'picture': {'large': 'https://randomuser.me/api/portraits/men/1.jpg', 'medium': 'https://randomuser.me/api/portraits/med/men/1.jpg', 'thumbnail': 'https://randomuser.me/api/portraits/thumb/men/1.jpg'}, 'nat': 'UA'}], 'info': {'seed': '07f4de5ec38300c7', 'results': 1, 'page': 1, 'version': '1.4'}}</msg>
<arg>${json_data}</arg>
<doc>Logs the given message with the given level.</doc>
<status status="PASS" start="2024-06-25T06:20:46.516353" elapsed="0.000215"/>
</kw>
<kw name="Dictionary Should Contain Key" owner="Collections">
<arg>${json_data}</arg>
<arg>results</arg>
<doc>Fails if ``key`` is not found from ``dictionary``.</doc>
<status status="PASS" start="2024-06-25T06:20:46.516854" elapsed="0.000157"/>
</kw>
<kw name="Should Not Be Empty" owner="BuiltIn">
<msg time="2024-06-25T06:20:46.517314" level="INFO">Length is 2.</msg>
<arg>${json_data}</arg>
<doc>Verifies that the given item is not empty.</doc>
<status status="PASS" start="2024-06-25T06:20:46.517192" elapsed="0.000160"/>
</kw>
<kw name="Create List" owner="BuiltIn">
<msg time="2024-06-25T06:20:46.517945" level="INFO">${expected_keys} = ['gender', 'name', 'location', 'email', 'login']</msg>
<var>${expected_keys}</var>
<arg>gender</arg>
<arg>name</arg>
<arg>location</arg>
<arg>email</arg>
<arg>login</arg>
<doc>Returns a list containing given items.</doc>
<status status="PASS" start="2024-06-25T06:20:46.517644" elapsed="0.000325"/>
</kw>
<for flavor="IN">
<iter>
<kw name="Dictionary Should Contain Key" owner="Collections">
<arg>${json_data['results'][0]}</arg>
<arg>${key}</arg>
<doc>Fails if ``key`` is not found from ``dictionary``.</doc>
<status status="PASS" start="2024-06-25T06:20:46.518560" elapsed="0.000398"/>
</kw>
<kw name="Log" owner="BuiltIn">
<msg time="2024-06-25T06:20:46.519550" level="INFO">{'gender': 'male', 'name': {'title': 'Mr', 'first': 'Mstivoy', 'last': 'Denisyuk'}, 'location': {'street': {'number': 9841, 'name': 'Chervonotkacka'}, 'city': 'Bolgrad', 'state': 'Cherkaska', 'country': 'Ukraine', 'postcode': 12598, 'coordinates': {'latitude': '76.8890', 'longitude': '-127.4780'}, 'timezone': {'offset': '-3:00', 'description': 'Brazil, Buenos Aires, Georgetown'}}, 'email': 'mstivoy.denisyuk@example.com', 'login': {'uuid': '945ff1f0-a70a-4293-9896-9e80c717c424', 'username': 'organicgorilla639', 'password': 'maddog', 'salt': 'PCaNjKoe', 'md5': '8157cd50fb845a348443e42f3e486d15', 'sha1': 'f9d3420c2c35b7f50bcaeadc5b6af52c765b018c', 'sha256': 'fec7fd505c319e8bb8be5dc9d300960a052835e326639286a8195d0c39e120e3'}, 'dob': {'date': '1996-09-29T14:58:22.618Z', 'age': 27}, 'registered': {'date': '2012-07-01T14:23:11.261Z', 'age': 11}, 'phone': '(098) M14-8212', 'cell': '(067) H37-7308', 'id': {'name': '', 'value': None}, 'picture': {'large': 'https://randomuser.me/api/portraits/men/1.jpg', 'medium': 'https://randomuser.me/api/portraits/med/men/1.jpg', 'thumbnail': 'https://randomuser.me/api/portraits/thumb/men/1.jpg'}, 'nat': 'UA'}</msg>
<arg>${json_data['results'][0]}</arg>
<doc>Logs the given message with the given level.</doc>
<status status="PASS" start="2024-06-25T06:20:46.519194" elapsed="0.000403"/>
</kw>
<kw name="Log" owner="BuiltIn">
<msg time="2024-06-25T06:20:46.520017" level="INFO">gender</msg>
<arg>${key}</arg>
<doc>Logs the given message with the given level.</doc>
<status status="PASS" start="2024-06-25T06:20:46.519892" elapsed="0.000163"/>
</kw>
<var name="${key}">gender</var>
<status status="PASS" start="2024-06-25T06:20:46.518429" elapsed="0.001837"/>
</iter>
<iter>
<kw name="Dictionary Should Contain Key" owner="Collections">
<arg>${json_data['results'][0]}</arg>
<arg>${key}</arg>
<doc>Fails if ``key`` is not found from ``dictionary``.</doc>
<status status="PASS" start="2024-06-25T06:20:46.520565" elapsed="0.000387"/>
</kw>
<kw name="Log" owner="BuiltIn">
<msg time="2024-06-25T06:20:46.521486" level="INFO">{'gender': 'male', 'name': {'title': 'Mr', 'first': 'Mstivoy', 'last': 'Denisyuk'}, 'location': {'street': {'number': 9841, 'name': 'Chervonotkacka'}, 'city': 'Bolgrad', 'state': 'Cherkaska', 'country': 'Ukraine', 'postcode': 12598, 'coordinates': {'latitude': '76.8890', 'longitude': '-127.4780'}, 'timezone': {'offset': '-3:00', 'description': 'Brazil, Buenos Aires, Georgetown'}}, 'email': 'mstivoy.denisyuk@example.com', 'login': {'uuid': '945ff1f0-a70a-4293-9896-9e80c717c424', 'username': 'organicgorilla639', 'password': 'maddog', 'salt': 'PCaNjKoe', 'md5': '8157cd50fb845a348443e42f3e486d15', 'sha1': 'f9d3420c2c35b7f50bcaeadc5b6af52c765b018c', 'sha256': 'fec7fd505c319e8bb8be5dc9d300960a052835e326639286a8195d0c39e120e3'}, 'dob': {'date': '1996-09-29T14:58:22.618Z', 'age': 27}, 'registered': {'date': '2012-07-01T14:23:11.261Z', 'age': 11}, 'phone': '(098) M14-8212', 'cell': '(067) H37-7308', 'id': {'name': '', 'value': None}, 'picture': {'large': 'https://randomuser.me/api/portraits/men/1.jpg', 'medium': 'https://randomuser.me/api/portraits/med/men/1.jpg', 'thumbnail': 'https://randomuser.me/api/portraits/thumb/men/1.jpg'}, 'nat': 'UA'}</msg>
<arg>${json_data['results'][0]}</arg>
<doc>Logs the given message with the given level.</doc>
<status status="PASS" start="2024-06-25T06:20:46.521135" elapsed="0.000427"/>
</kw>
<kw name="Log" owner="BuiltIn">
<msg time="2024-06-25T06:20:46.521987" level="INFO">name</msg>
<arg>${key}</arg>
<doc>Logs the given message with the given level.</doc>
<status status="PASS" start="2024-06-25T06:20:46.521862" elapsed="0.000161"/>
</kw>
<var name="${key}">name</var>
<status status="PASS" start="2024-06-25T06:20:46.520448" elapsed="0.001788"/>
</iter>
<iter>
<kw name="Dictionary Should Contain Key" owner="Collections">
<arg>${json_data['results'][0]}</arg>
<arg>${key}</arg>
<doc>Fails if ``key`` is not found from ``dictionary``.</doc>
<status status="PASS" start="2024-06-25T06:20:46.522552" elapsed="0.000390"/>
</kw>
<kw name="Log" owner="BuiltIn">
<msg time="2024-06-25T06:20:46.523505" level="INFO">{'gender': 'male', 'name': {'title': 'Mr', 'first': 'Mstivoy', 'last': 'Denisyuk'}, 'location': {'street': {'number': 9841, 'name': 'Chervonotkacka'}, 'city': 'Bolgrad', 'state': 'Cherkaska', 'country': 'Ukraine', 'postcode': 12598, 'coordinates': {'latitude': '76.8890', 'longitude': '-127.4780'}, 'timezone': {'offset': '-3:00', 'description': 'Brazil, Buenos Aires, Georgetown'}}, 'email': 'mstivoy.denisyuk@example.com', 'login': {'uuid': '945ff1f0-a70a-4293-9896-9e80c717c424', 'username': 'organicgorilla639', 'password': 'maddog', 'salt': 'PCaNjKoe', 'md5': '8157cd50fb845a348443e42f3e486d15', 'sha1': 'f9d3420c2c35b7f50bcaeadc5b6af52c765b018c', 'sha256': 'fec7fd505c319e8bb8be5dc9d300960a052835e326639286a8195d0c39e120e3'}, 'dob': {'date': '1996-09-29T14:58:22.618Z', 'age': 27}, 'registered': {'date': '2012-07-01T14:23:11.261Z', 'age': 11}, 'phone': '(098) M14-8212', 'cell': '(067) H37-7308', 'id': {'name': '', 'value': None}, 'picture': {'large': 'https://randomuser.me/api/portraits/men/1.jpg', 'medium': 'https://randomuser.me/api/portraits/med/men/1.jpg', 'thumbnail': 'https://randomuser.me/api/portraits/thumb/men/1.jpg'}, 'nat': 'UA'}</msg>
<arg>${json_data['results'][0]}</arg>
<doc>Logs the given message with the given level.</doc>
<status status="PASS" start="2024-06-25T06:20:46.523140" elapsed="0.000415"/>
</kw>
<kw name="Log" owner="BuiltIn">
<msg time="2024-06-25T06:20:46.523977" level="INFO">location</msg>
<arg>${key}</arg>
<doc>Logs the given message with the given level.</doc>
<status status="PASS" start="2024-06-25T06:20:46.523852" elapsed="0.000161"/>
</kw>
<var name="${key}">location</var>
<status status="PASS" start="2024-06-25T06:20:46.522418" elapsed="0.001807"/>
</iter>
<iter>
<kw name="Dictionary Should Contain Key" owner="Collections">
<arg>${json_data['results'][0]}</arg>
<arg>${key}</arg>
<doc>Fails if ``key`` is not found from ``dictionary``.</doc>
<status status="PASS" start="2024-06-25T06:20:46.524495" elapsed="0.000386"/>
</kw>
<kw name="Log" owner="BuiltIn">
<msg time="2024-06-25T06:20:46.525412" level="INFO">{'gender': 'male', 'name': {'title': 'Mr', 'first': 'Mstivoy', 'last': 'Denisyuk'}, 'location': {'street': {'number': 9841, 'name': 'Chervonotkacka'}, 'city': 'Bolgrad', 'state': 'Cherkaska', 'country': 'Ukraine', 'postcode': 12598, 'coordinates': {'latitude': '76.8890', 'longitude': '-127.4780'}, 'timezone': {'offset': '-3:00', 'description': 'Brazil, Buenos Aires, Georgetown'}}, 'email': 'mstivoy.denisyuk@example.com', 'login': {'uuid': '945ff1f0-a70a-4293-9896-9e80c717c424', 'username': 'organicgorilla639', 'password': 'maddog', 'salt': 'PCaNjKoe', 'md5': '8157cd50fb845a348443e42f3e486d15', 'sha1': 'f9d3420c2c35b7f50bcaeadc5b6af52c765b018c', 'sha256': 'fec7fd505c319e8bb8be5dc9d300960a052835e326639286a8195d0c39e120e3'}, 'dob': {'date': '1996-09-29T14:58:22.618Z', 'age': 27}, 'registered': {'date': '2012-07-01T14:23:11.261Z', 'age': 11}, 'phone': '(098) M14-8212', 'cell': '(067) H37-7308', 'id': {'name': '', 'value': None}, 'picture': {'large': 'https://randomuser.me/api/portraits/men/1.jpg', 'medium': 'https://randomuser.me/api/portraits/med/men/1.jpg', 'thumbnail': 'https://randomuser.me/api/portraits/thumb/men/1.jpg'}, 'nat': 'UA'}</msg>
<arg>${json_data['results'][0]}</arg>
<doc>Logs the given message with the given level.</doc>
<status status="PASS" start="2024-06-25T06:20:46.525059" elapsed="0.000404"/>
</kw>
<kw name="Log" owner="BuiltIn">
<msg time="2024-06-25T06:20:46.525891" level="INFO">email</msg>
<arg>${key}</arg>
<doc>Logs the given message with the given level.</doc>
<status status="PASS" start="2024-06-25T06:20:46.525764" elapsed="0.000163"/>
</kw>
<var name="${key}">email</var>
<status status="PASS" start="2024-06-25T06:20:46.524391" elapsed="0.001766"/>
</iter>
<iter>
<kw name="Dictionary Should Contain Key" owner="Collections">
<arg>${json_data['results'][0]}</arg>
<arg>${key}</arg>
<doc>Fails if ``key`` is not found from ``dictionary``.</doc>
<status status="PASS" start="2024-06-25T06:20:46.526437" elapsed="0.000393"/>
</kw>
<kw name="Log" owner="BuiltIn">
<msg time="2024-06-25T06:20:46.527396" level="INFO">{'gender': 'male', 'name': {'title': 'Mr', 'first': 'Mstivoy', 'last': 'Denisyuk'}, 'location': {'street': {'number': 9841, 'name': 'Chervonotkacka'}, 'city': 'Bolgrad', 'state': 'Cherkaska', 'country': 'Ukraine', 'postcode': 12598, 'coordinates': {'latitude': '76.8890', 'longitude': '-127.4780'}, 'timezone': {'offset': '-3:00', 'description': 'Brazil, Buenos Aires, Georgetown'}}, 'email': 'mstivoy.denisyuk@example.com', 'login': {'uuid': '945ff1f0-a70a-4293-9896-9e80c717c424', 'username': 'organicgorilla639', 'password': 'maddog', 'salt': 'PCaNjKoe', 'md5': '8157cd50fb845a348443e42f3e486d15', 'sha1': 'f9d3420c2c35b7f50bcaeadc5b6af52c765b018c', 'sha256': 'fec7fd505c319e8bb8be5dc9d300960a052835e326639286a8195d0c39e120e3'}, 'dob': {'date': '1996-09-29T14:58:22.618Z', 'age': 27}, 'registered': {'date': '2012-07-01T14:23:11.261Z', 'age': 11}, 'phone': '(098) M14-8212', 'cell': '(067) H37-7308', 'id': {'name': '', 'value': None}, 'picture': {'large': 'https://randomuser.me/api/portraits/men/1.jpg', 'medium': 'https://randomuser.me/api/portraits/med/men/1.jpg', 'thumbnail': 'https://randomuser.me/api/portraits/thumb/men/1.jpg'}, 'nat': 'UA'}</msg>
<arg>${json_data['results'][0]}</arg>
<doc>Logs the given message with the given level.</doc>
<status status="PASS" start="2024-06-25T06:20:46.527009" elapsed="0.000432"/>
</kw>
<kw name="Log" owner="BuiltIn">
<msg time="2024-06-25T06:20:46.527870" level="INFO">login</msg>
<arg>${key}</arg>
<doc>Logs the given message with the given level.</doc>
<status status="PASS" start="2024-06-25T06:20:46.527744" elapsed="0.000162"/>
</kw>
<var name="${key}">login</var>
<status status="PASS" start="2024-06-25T06:20:46.526332" elapsed="0.001785"/>
</iter>
<var>${key}</var>
<value>@{expected_keys}</value>
<status status="PASS" start="2024-06-25T06:20:46.518233" elapsed="0.010000"/>
</for>
<kw name="Create List" owner="BuiltIn">
<msg time="2024-06-25T06:20:46.528548" level="INFO">${expected_keysTwo} = ['username', 'password']</msg>
<var>${expected_keysTwo}</var>
<arg>username</arg>
<arg>password</arg>
<doc>Returns a list containing given items.</doc>
<status status="PASS" start="2024-06-25T06:20:46.528416" elapsed="0.000155"/>
</kw>
<for flavor="IN">
<iter>
<kw name="Dictionary Should Contain Key" owner="Collections">
<arg>${json_data['results'][0]['login']}</arg>
<arg>${keyTwo}</arg>
<doc>Fails if ``key`` is not found from ``dictionary``.</doc>
<status status="PASS" start="2024-06-25T06:20:46.529081" elapsed="0.000375"/>
</kw>
<kw name="Dictionary Should Contain Key" owner="Collections">
<arg>${json_data['results'][0]['login']}</arg>
<arg>${keyTwo}</arg>
<doc>Fails if ``key`` is not found from ``dictionary``.</doc>
<status status="PASS" start="2024-06-25T06:20:46.529637" elapsed="0.000369"/>
</kw>
<kw name="Log" owner="BuiltIn">
<msg time="2024-06-25T06:20:46.530294" level="INFO">username</msg>
<arg>${keyTwo}</arg>
<doc>Logs the given message with the given level.</doc>
<status status="PASS" start="2024-06-25T06:20:46.530178" elapsed="0.000152"/>
</kw>
<var name="${keyTwo}">username</var>
<status status="PASS" start="2024-06-25T06:20:46.528978" elapsed="0.001581"/>
</iter>
<iter>
<kw name="Dictionary Should Contain Key" owner="Collections">
<arg>${json_data['results'][0]['login']}</arg>
<arg>${keyTwo}</arg>
<doc>Fails if ``key`` is not found from ``dictionary``.</doc>
<status status="PASS" start="2024-06-25T06:20:46.530827" elapsed="0.000409"/>
</kw>
<kw name="Dictionary Should Contain Key" owner="Collections">
<arg>${json_data['results'][0]['login']}</arg>
<arg>${keyTwo}</arg>
<doc>Fails if ``key`` is not found from ``dictionary``.</doc>
<status status="PASS" start="2024-06-25T06:20:46.531411" elapsed="0.000374"/>
</kw>
<kw name="Log" owner="BuiltIn">
<msg time="2024-06-25T06:20:46.532078" level="INFO">password</msg>
<arg>${keyTwo}</arg>
<doc>Logs the given message with the given level.</doc>
<status status="PASS" start="2024-06-25T06:20:46.531960" elapsed="0.000153"/>
</kw>
<var name="${keyTwo}">password</var>
<status status="PASS" start="2024-06-25T06:20:46.530724" elapsed="0.001700"/>
</iter>
<var>${keyTwo}</var>
<value>@{expected_keysTwo}</value>
<status status="PASS" start="2024-06-25T06:20:46.528828" elapsed="0.003718"/>
</for>
<status status="PASS" start="2024-06-25T06:20:46.409166" elapsed="0.123517"/>
</kw>
<doc>Testa a estrutura da resposta da API.</doc>
<tag>testeEstruturaResposta</tag>
<status status="PASS" start="2024-06-25T06:20:46.408393" elapsed="0.124442"/>
</test>
<test id="s1-s1-t4" name="Validar tipos de dados" line="28">
<kw name="Teste de Tipos de Dados" owner="random-user-service">
<kw name="GET On Session" owner="RequestsLibrary">
<msg time="2024-06-25T06:20:46.614377" level="INFO">GET Request : url=https://randomuser.me/api 
 path_url=/api 
 headers={'User-Agent': 'python-requests/2.32.3', 'Accept-Encoding': 'gzip, deflate', 'Accept': '*/*', 'Connection': 'keep-alive'} 
 body=None 
 </msg>
<msg time="2024-06-25T06:20:46.614479" level="INFO">GET Response : url=https://randomuser.me/api 
 status=200, reason=OK 
 headers={'Date': 'Tue, 25 Jun 2024 06:20:46 GMT', 'Content-Type': 'application/json; charset=utf-8', 'Transfer-Encoding': 'chunked', 'Connection': 'keep-alive', 'X-Powered-By': 'Express', 'Access-Control-Allow-Origin': '*', 'Cache-Control': 'no-cache', 'ETag': 'W/"46d-U8B3sHmgm6ICrgm+iM3xQynbYNA"', 'Vary': 'Accept-Encoding', 'Content-Encoding': 'gzip', 'CF-Cache-Status': 'DYNAMIC', 'Report-To': '{"endpoints":[{"url":"https:\\/\\/a.nel.cloudflare.com\\/report\\/v4?s=EXI2BYHxVEFfmx8xhgLfJPOdbNZkYr2Wl7FwT7wnfA7HGBjrn9E1jNztyzlVABB%2FDuUXw%2BAlguea%2F%2Ft0xASE5HlqnMZ5egpwuZu%2BpdDgZbFq69SiGIdE8Y2IVq2u4cjZ"}],"group":"cf-nel","max_age":604800}', 'NEL': '{"success_fraction":0,"report_to":"cf-nel","max_age":604800}', 'Server': 'cloudflare', 'CF-RAY': '8992da86dc7a82a8-IAD', 'alt-svc': 'h3=":443"; ma=86400'} 
 body={"results":[{"gender":"male","name":{"title":"Mr","first":"Champak","last":"Rao"},"location":{"street":{"number":7906,"name":"Rajaji Salai"},"city":"Patiala","state":"Andhra Pradesh","country":"India","postcode":58426,"coordinates":{"latitude":"5.1738","longitude":"-145.9844"},"timezone":{"offset":"+4:30","description":"Kabul"}},"email":"champak.rao@example.com","login":{"uuid":"3bacab08-ac34-45ae-8795-f3ec33b9011f","username":"organicgoose958","password":"instant","salt":"NWoqvO4F","md5":"b6a078731bb769f9fdcfd78486ce31be","sha1":"4febe37c222298934fb563916888c5b3305e1443","sha256":"d2099771f451ff1ed8c4ca4cc73cfa46325d7783eb66db2578dc5edef77e8700"},"dob":{"date":"1957-01-18T17:19:51.202Z","age":67},"registered":{"date":"2020-09-12T14:14:27.423Z","age":3},"phone":"7176000978","cell":"7636915075","id":{"name":"UIDAI","value":"057911255449"},"picture":{"large":"https://randomuser.me/api/portraits/men/75.jpg","medium":"https://randomuser.me/api/portraits/med/men/75.jpg","thumbnail":"https://randomuser.me/api/portraits/thumb/men/75.jpg"},"nat":"IN"}],"info":{"seed":"798ce22fe090cb37","results":1,"page":1,"version":"1.4"}} 
 </msg>
<msg time="2024-06-25T06:20:46.614558" level="INFO">/opt/hostedtoolcache/Python/3.12.4/x64/lib/python3.12/site-packages/urllib3/connectionpool.py:1099: InsecureRequestWarning: Unverified HTTPS request is being made to host 'randomuser.me'. Adding certificate verification is strongly advised. See: https://urllib3.readthedocs.io/en/latest/advanced-usage.html#tls-warnings
  warnings.warn(</msg>
<msg time="2024-06-25T06:20:46.614711" level="INFO">${response} = &lt;Response [200]&gt;</msg>
<var>${response}</var>
<arg>consultarAPI</arg>
<arg>/api</arg>
<doc>Sends a GET request on a previously created HTTP Session.</doc>
<status status="PASS" start="2024-06-25T06:20:46.535415" elapsed="0.079340"/>
</kw>
<kw name="Set Variable" owner="BuiltIn">
<msg time="2024-06-25T06:20:46.615796" level="INFO">${json_data} = {'results': [{'gender': 'male', 'name': {'title': 'Mr', 'first': 'Champak', 'last': 'Rao'}, 'location': {'street': {'number': 7906, 'name': 'Rajaji Salai'}, 'city': 'Patiala', 'state': 'Andhra Pradesh...</msg>
<var>${json_data}</var>
<arg>${response.json()}</arg>
<doc>Returns the given values which can then be assigned to a variables.</doc>
<status status="PASS" start="2024-06-25T06:20:46.615285" elapsed="0.000540"/>
</kw>
<kw name="Log" owner="BuiltIn">
<msg time="2024-06-25T06:20:46.616278" level="INFO">{'results': [{'gender': 'male', 'name': {'title': 'Mr', 'first': 'Champak', 'last': 'Rao'}, 'location': {'street': {'number': 7906, 'name': 'Rajaji Salai'}, 'city': 'Patiala', 'state': 'Andhra Pradesh', 'country': 'India', 'postcode': 58426, 'coordinates': {'latitude': '5.1738', 'longitude': '-145.9844'}, 'timezone': {'offset': '+4:30', 'description': 'Kabul'}}, 'email': 'champak.rao@example.com', 'login': {'uuid': '3bacab08-ac34-45ae-8795-f3ec33b9011f', 'username': 'organicgoose958', 'password': 'instant', 'salt': 'NWoqvO4F', 'md5': 'b6a078731bb769f9fdcfd78486ce31be', 'sha1': '4febe37c222298934fb563916888c5b3305e1443', 'sha256': 'd2099771f451ff1ed8c4ca4cc73cfa46325d7783eb66db2578dc5edef77e8700'}, 'dob': {'date': '1957-01-18T17:19:51.202Z', 'age': 67}, 'registered': {'date': '2020-09-12T14:14:27.423Z', 'age': 3}, 'phone': '7176000978', 'cell': '7636915075', 'id': {'name': 'UIDAI', 'value': '057911255449'}, 'picture': {'large': 'https://randomuser.me/api/portraits/men/75.jpg', 'medium': 'https://randomuser.me/api/portraits/med/men/75.jpg', 'thumbnail': 'https://randomuser.me/api/portraits/thumb/men/75.jpg'}, 'nat': 'IN'}], 'info': {'seed': '798ce22fe090cb37', 'results': 1, 'page': 1, 'version': '1.4'}}</msg>
<arg>${json_data}</arg>
<doc>Logs the given message with the given level.</doc>
<status status="PASS" start="2024-06-25T06:20:46.616126" elapsed="0.000200"/>
</kw>
<kw name="Should Be String" owner="String">
<arg>${json_data['results'][0]['gender']}</arg>
<doc>Fails if the given ``item`` is not a string.</doc>
<status status="PASS" start="2024-06-25T06:20:46.616611" elapsed="0.000375"/>
</kw>
<kw name="Should Match Regexp" owner="BuiltIn">
<arg>${json_data['results'][0]['email']}</arg>
<arg>^[a-zA-Z0-9._%+-]+@[a-zA-Z0-9.-]+\.[a-zA-Z]{2,}$</arg>
<doc>Fails if ``string`` does not match ``pattern`` as a regular expression.</doc>
<status status="PASS" start="2024-06-25T06:20:46.617174" elapsed="0.000517"/>
</kw>
<kw name="Should Match Regexp" owner="BuiltIn">
<arg>${json_data['results'][0]['dob']['date']}</arg>
<arg>\\d{4}-\\d{2}-\\d{2}T\\d{2}:\\d{2}:\\d{2}\\.\\d{3}Z</arg>
<doc>Fails if ``string`` does not match ``pattern`` as a regular expression.</doc>
<status status="PASS" start="2024-06-25T06:20:46.617918" elapsed="0.000481"/>
</kw>
<kw name="Should Match Regexp" owner="BuiltIn">
<arg>${json_data['results'][0]['registered']['date']}</arg>
<arg>\\d{4}-\\d{2}-\\d{2}T\\d{2}:\\d{2}:\\d{2}\\.\\d{3}Z</arg>
<doc>Fails if ``string`` does not match ``pattern`` as a regular expression.</doc>
<status status="PASS" start="2024-06-25T06:20:46.618584" elapsed="0.000363"/>
</kw>
<kw name="Should Match Regexp" owner="BuiltIn">
<arg>${json_data['results'][0]['picture']['large']}</arg>
<arg>^https?://.*\.(?:png|jpe?g|gif|bmp)$</arg>
<doc>Fails if ``string`` does not match ``pattern`` as a regular expression.</doc>
<status status="PASS" start="2024-06-25T06:20:46.619153" elapsed="0.000463"/>
</kw>
<kw name="Should Match Regexp" owner="BuiltIn">
<arg>${json_data['results'][0]['picture']['medium']}</arg>
<arg>^https?://.*\.(?:png|jpe?g|gif|bmp)$</arg>
<doc>Fails if ``string`` does not match ``pattern`` as a regular expression.</doc>
<status status="PASS" start="2024-06-25T06:20:46.619803" elapsed="0.000349"/>
</kw>
<kw name="Should Match Regexp" owner="BuiltIn">
<arg>${json_data['results'][0]['picture']['thumbnail']}</arg>
<arg>^https?://.*\.(?:png|jpe?g|gif|bmp)$</arg>
<doc>Fails if ``string`` does not match ``pattern`` as a regular expression.</doc>
<status status="PASS" start="2024-06-25T06:20:46.620333" elapsed="0.000351"/>
</kw>
<kw name="Log" owner="BuiltIn">
<msg time="2024-06-25T06:20:46.621180" level="INFO">{'large': 'https://randomuser.me/api/portraits/men/75.jpg', 'medium': 'https://randomuser.me/api/portraits/med/men/75.jpg', 'thumbnail': 'https://randomuser.me/api/portraits/thumb/men/75.jpg'}</msg>
<arg>${json_data['results'][0]['picture']}</arg>
<doc>Logs the given message with the given level.</doc>
<status status="PASS" start="2024-06-25T06:20:46.620863" elapsed="0.000360"/>
</kw>
<status status="PASS" start="2024-06-25T06:20:46.535186" elapsed="0.086291"/>
</kw>
<kw name="Teste de Tipos de Dados - Postcode" owner="random-user-service">
<kw name="GET On Session" owner="RequestsLibrary">
<msg time="2024-06-25T06:20:46.897249" level="INFO">GET Request : url=https://randomuser.me/api 
 path_url=/api 
 headers={'User-Agent': 'python-requests/2.32.3', 'Accept-Encoding': 'gzip, deflate', 'Accept': '*/*', 'Connection': 'keep-alive'} 
 body=None 
 </msg>
<msg time="2024-06-25T06:20:46.897347" level="INFO">GET Response : url=https://randomuser.me/api 
 status=200, reason=OK 
 headers={'Date': 'Tue, 25 Jun 2024 06:20:46 GMT', 'Content-Type': 'application/json; charset=utf-8', 'Transfer-Encoding': 'chunked', 'Connection': 'keep-alive', 'X-Powered-By': 'Express', 'Access-Control-Allow-Origin': '*', 'Cache-Control': 'no-cache', 'ETag': 'W/"48e-DcYA7AouXSgqt2TVTRGgkrUk884"', 'Vary': 'Accept-Encoding', 'Content-Encoding': 'gzip', 'CF-Cache-Status': 'DYNAMIC', 'Report-To': '{"endpoints":[{"url":"https:\\/\\/a.nel.cloudflare.com\\/report\\/v4?s=3dIuK6mOruRyP3%2FS476UnNfgT6DSxZrBqU4E2o0MEba%2BgJLR2awxOj7aH2pibSFyNiUIuYKMr8bayzCDOTuU1OPsTWDgGlwIZk0PruFB3F4ZVUB5rjv3Cn0uIAc5Nn%2BP"}],"group":"cf-nel","max_age":604800}', 'NEL': '{"success_fraction":0,"report_to":"cf-nel","max_age":604800}', 'Server': 'cloudflare', 'CF-RAY': '8992da876d3682a8-IAD', 'alt-svc': 'h3=":443"; ma=86400'} 
 body={"results":[{"gender":"female","name":{"title":"Miss","first":"Suzanne","last":"Vargas"},"location":{"street":{"number":27,"name":"Preston Rd"},"city":"Orange","state":"Kentucky","country":"United States","postcode":99370,"coordinates":{"latitude":"82.7467","longitude":"64.5713"},"timezone":{"offset":"-11:00","description":"Midway Island, Samoa"}},"email":"suzanne.vargas@example.com","login":{"uuid":"ee300aa5-f43d-4203-9abd-388d6eb9d114","username":"ticklishdog551","password":"qwertyui","salt":"pnZlbm2Q","md5":"805299d6c4b77a9a2aa194024d0ba8f1","sha1":"9737474305684044fe382f7711d8befb2a19fdd1","sha256":"6463313959db7373f535336a86bb89fe82a3300d02ce3fde870122053ab4a34a"},"dob":{"date":"1974-03-21T13:05:25.750Z","age":50},"registered":{"date":"2019-01-17T08:04:29.347Z","age":5},"phone":"(975) 811-2048","cell":"(945) 366-3258","id":{"name":"SSN","value":"676-66-4389"},"picture":{"large":"https://randomuser.me/api/portraits/women/42.jpg","medium":"https://randomuser.me/api/portraits/med/women/42.jpg","thumbnail":"https://randomuser.me/api/portraits/thumb/women/42.jpg"},"nat":"US"}],"info":{"seed":"dccad243969a8052","results":1,"page":1,"version":"1.4"}} 
 </msg>
<msg time="2024-06-25T06:20:46.897419" level="INFO">/opt/hostedtoolcache/Python/3.12.4/x64/lib/python3.12/site-packages/urllib3/connectionpool.py:1099: InsecureRequestWarning: Unverified HTTPS request is being made to host 'randomuser.me'. Adding certificate verification is strongly advised. See: https://urllib3.readthedocs.io/en/latest/advanced-usage.html#tls-warnings
  warnings.warn(</msg>
<msg time="2024-06-25T06:20:46.897537" level="INFO">${response} = &lt;Response [200]&gt;</msg>
<var>${response}</var>
<arg>consultarAPI</arg>
<arg>/api</arg>
<doc>Sends a GET request on a previously created HTTP Session.</doc>
<status status="PASS" start="2024-06-25T06:20:46.621928" elapsed="0.275636"/>
</kw>
<kw name="Set Variable" owner="BuiltIn">
<msg time="2024-06-25T06:20:46.898648" level="INFO">${json_data} = {'results': [{'gender': 'female', 'name': {'title': 'Miss', 'first': 'Suzanne', 'last': 'Vargas'}, 'location': {'street': {'number': 27, 'name': 'Preston Rd'}, 'city': 'Orange', 'state': 'Kentucky', '...</msg>
<var>${json_data}</var>
<arg>${response.json()}</arg>
<doc>Returns the given values which can then be assigned to a variables.</doc>
<status status="PASS" start="2024-06-25T06:20:46.898115" elapsed="0.000561"/>
</kw>
<kw name="Log" owner="BuiltIn">
<msg time="2024-06-25T06:20:46.899175" level="INFO">{'results': [{'gender': 'female', 'name': {'title': 'Miss', 'first': 'Suzanne', 'last': 'Vargas'}, 'location': {'street': {'number': 27, 'name': 'Preston Rd'}, 'city': 'Orange', 'state': 'Kentucky', 'country': 'United States', 'postcode': 99370, 'coordinates': {'latitude': '82.7467', 'longitude': '64.5713'}, 'timezone': {'offset': '-11:00', 'description': 'Midway Island, Samoa'}}, 'email': 'suzanne.vargas@example.com', 'login': {'uuid': 'ee300aa5-f43d-4203-9abd-388d6eb9d114', 'username': 'ticklishdog551', 'password': 'qwertyui', 'salt': 'pnZlbm2Q', 'md5': '805299d6c4b77a9a2aa194024d0ba8f1', 'sha1': '9737474305684044fe382f7711d8befb2a19fdd1', 'sha256': '6463313959db7373f535336a86bb89fe82a3300d02ce3fde870122053ab4a34a'}, 'dob': {'date': '1974-03-21T13:05:25.750Z', 'age': 50}, 'registered': {'date': '2019-01-17T08:04:29.347Z', 'age': 5}, 'phone': '(975) 811-2048', 'cell': '(945) 366-3258', 'id': {'name': 'SSN', 'value': '676-66-4389'}, 'picture': {'large': 'https://randomuser.me/api/portraits/women/42.jpg', 'medium': 'https://randomuser.me/api/portraits/med/women/42.jpg', 'thumbnail': 'https://randomuser.me/api/portraits/thumb/women/42.jpg'}, 'nat': 'US'}], 'info': {'seed': 'dccad243969a8052', 'results': 1, 'page': 1, 'version': '1.4'}}</msg>
<arg>${json_data}</arg>
<doc>Logs the given message with the given level.</doc>
<status status="PASS" start="2024-06-25T06:20:46.898978" elapsed="0.000250"/>
</kw>
<kw name="Should Be Equal As Numbers" owner="BuiltIn">
<arg>${json_data['results'][0]['location']['postcode']}</arg>
<arg>${json_data['results'][0]['location']['postcode']}</arg>
<doc>Fails if objects are unequal after converting them to real numbers.</doc>
<status status="PASS" start="2024-06-25T06:20:46.899524" elapsed="0.000618"/>
</kw>
<kw name="Log" owner="BuiltIn">
<msg time="2024-06-25T06:20:46.900834" level="INFO">99370</msg>
<arg>${json_data['results'][0]['location']['postcode']}</arg>
<doc>Logs the given message with the given level.</doc>
<status status="PASS" start="2024-06-25T06:20:46.900326" elapsed="0.000550"/>
</kw>
<status status="PASS" start="2024-06-25T06:20:46.621702" elapsed="0.279466"/>
</kw>
<doc>Testa se os tipos de dados na resposta da API estão corretos.</doc>
<tag>testeTiposDados</tag>
<status status="PASS" start="2024-06-25T06:20:46.534585" elapsed="0.366753"/>
</test>
<test id="s1-s1-t5" name="Validar conteudo" line="35">
<kw name="Teste de Tipos de Conteudo" owner="random-user-service">
<kw name="GET On Session" owner="RequestsLibrary">
<msg time="2024-06-25T06:20:46.945880" level="INFO">GET Request : url=https://randomuser.me/api 
 path_url=/api 
 headers={'User-Agent': 'python-requests/2.32.3', 'Accept-Encoding': 'gzip, deflate', 'Accept': '*/*', 'Connection': 'keep-alive'} 
 body=None 
 </msg>
<msg time="2024-06-25T06:20:46.945968" level="INFO">GET Response : url=https://randomuser.me/api 
 status=200, reason=OK 
 headers={'Date': 'Tue, 25 Jun 2024 06:20:46 GMT', 'Content-Type': 'application/json; charset=utf-8', 'Transfer-Encoding': 'chunked', 'Connection': 'keep-alive', 'X-Powered-By': 'Express', 'Access-Control-Allow-Origin': '*', 'Cache-Control': 'no-cache', 'ETag': 'W/"490-xm07y5CyrWKwoHwbVzxef+7ZpOE"', 'Vary': 'Accept-Encoding', 'Content-Encoding': 'gzip', 'CF-Cache-Status': 'DYNAMIC', 'Report-To': '{"endpoints":[{"url":"https:\\/\\/a.nel.cloudflare.com\\/report\\/v4?s=U%2BD%2BX7eFl77E0C49jAFDOVDU2M34%2FO7QzSAsSxxEZcm%2B6IY84HvqCmJXINdksdT2%2FQ5wRvMNrUdc%2B1LpYW%2FIsNsStI5mrWa%2B40H8%2FGgH5%2BNfNaU3KwNQ7VZNWYtaT7Xx"}],"group":"cf-nel","max_age":604800}', 'NEL': '{"success_fraction":0,"report_to":"cf-nel","max_age":604800}', 'Server': 'cloudflare', 'CF-RAY': '8992da892f2782a8-IAD', 'alt-svc': 'h3=":443"; ma=86400'} 
 body={"results":[{"gender":"male","name":{"title":"Mr","first":"Alex","last":"Fuentes"},"location":{"street":{"number":7267,"name":"Calle Mota"},"city":"Santander","state":"Comunidad Valenciana","country":"Spain","postcode":59984,"coordinates":{"latitude":"-36.7247","longitude":"-167.3261"},"timezone":{"offset":"+8:00","description":"Beijing, Perth, Singapore, Hong Kong"}},"email":"alex.fuentes@example.com","login":{"uuid":"14dbdc88-0d31-48e4-a6eb-3470db3fa579","username":"whitepanda300","password":"griffey","salt":"b2peF4s4","md5":"ab7bf32657c6bf55f651d64b6d1548ef","sha1":"9390d5bed14fdcd4460c131b21ef98de7759abbd","sha256":"fec7d85d587f774b35451b6702147d3717f1b18cb659ce7ac087d11f3063b99e"},"dob":{"date":"1959-07-03T10:04:47.987Z","age":64},"registered":{"date":"2011-10-27T21:48:30.203Z","age":12},"phone":"987-296-345","cell":"606-485-984","id":{"name":"DNI","value":"11356144-L"},"picture":{"large":"https://randomuser.me/api/portraits/men/4.jpg","medium":"https://randomuser.me/api/portraits/med/men/4.jpg","thumbnail":"https://randomuser.me/api/portraits/thumb/men/4.jpg"},"nat":"ES"}],"info":{"seed":"8af0b895ca652c79","results":1,"page":1,"version":"1.4"}} 
 </msg>
<msg time="2024-06-25T06:20:46.946043" level="INFO">/opt/hostedtoolcache/Python/3.12.4/x64/lib/python3.12/site-packages/urllib3/connectionpool.py:1099: InsecureRequestWarning: Unverified HTTPS request is being made to host 'randomuser.me'. Adding certificate verification is strongly advised. See: https://urllib3.readthedocs.io/en/latest/advanced-usage.html#tls-warnings
  warnings.warn(</msg>
<msg time="2024-06-25T06:20:46.946161" level="INFO">${response} = &lt;Response [200]&gt;</msg>
<var>${response}</var>
<arg>consultarAPI</arg>
<arg>/api</arg>
<doc>Sends a GET request on a previously created HTTP Session.</doc>
<status status="PASS" start="2024-06-25T06:20:46.903863" elapsed="0.042349"/>
</kw>
<kw name="Set Variable" owner="BuiltIn">
<msg time="2024-06-25T06:20:46.947330" level="INFO">${json_data} = {'results': [{'gender': 'male', 'name': {'title': 'Mr', 'first': 'Alex', 'last': 'Fuentes'}, 'location': {'street': {'number': 7267, 'name': 'Calle Mota'}, 'city': 'Santander', 'state': 'Comunidad Val...</msg>
<var>${json_data}</var>
<arg>${response.json()}</arg>
<doc>Returns the given values which can then be assigned to a variables.</doc>
<status status="PASS" start="2024-06-25T06:20:46.946731" elapsed="0.000629"/>
</kw>
<kw name="Set Variable" owner="BuiltIn">
<msg time="2024-06-25T06:20:46.948046" level="INFO">${name_title} = Mr</msg>
<var>${name_title}</var>
<arg>${json_data["results"][0]["name"]["title"]}</arg>
<doc>Returns the given values which can then be assigned to a variables.</doc>
<status status="PASS" start="2024-06-25T06:20:46.947664" elapsed="0.000407"/>
</kw>
<kw name="Create List" owner="BuiltIn">
<msg time="2024-06-25T06:20:46.948508" level="INFO">${allowed_titles} = ['Mr', 'Ms', 'Miss', 'Mrs', 'Madame', 'Monsieur']</msg>
<var>${allowed_titles}</var>
<arg>Mr</arg>
<arg>Ms</arg>
<arg>Miss</arg>
<arg>Mrs</arg>
<arg>Madame</arg>
<arg>Monsieur</arg>
<doc>Returns a list containing given items.</doc>
<status status="PASS" start="2024-06-25T06:20:46.948363" elapsed="0.000169"/>
</kw>
<kw name="List Should Contain Value" owner="Collections">
<arg>${allowed_titles}</arg>
<arg>${name_title}</arg>
<doc>Fails if the ``value`` is not found from ``list``.</doc>
<status status="PASS" start="2024-06-25T06:20:46.948829" elapsed="0.000176"/>
</kw>
<kw name="Set Variable" owner="BuiltIn">
<msg time="2024-06-25T06:20:46.949541" level="INFO">${name_country} = ES</msg>
<var>${name_country}</var>
<arg>${json_data["results"][0]["nat"]}</arg>
<doc>Returns the given values which can then be assigned to a variables.</doc>
<status status="PASS" start="2024-06-25T06:20:46.949179" elapsed="0.000387"/>
</kw>
<kw name="Create List" owner="BuiltIn">
<msg time="2024-06-25T06:20:46.950449" level="INFO">${list_country} = ['AD', 'AE', 'AF', 'AG', 'AI', 'AL', 'AM', 'AO', 'AQ', 'AR', 'AS', 'AT', 'AU', 'AW', 'AX', 'AZ', 'BA', 'BB', 'BD', 'BE', 'BF', 'BG', 'BH', 'BI', 'BJ', 'BL', 'BM', 'BN', 'BO', 'BQ', 'BR', 'BS', 'BT', '...</msg>
<var>${list_country}</var>
<arg>AD</arg>
<arg>AE</arg>
<arg>AF</arg>
<arg>AG</arg>
<arg>AI</arg>
<arg>AL</arg>
<arg>AM</arg>
<arg>AO</arg>
<arg>AQ</arg>
<arg>AR</arg>
<arg>AS</arg>
<arg>AT</arg>
<arg>AU</arg>
<arg>AW</arg>
<arg>AX</arg>
<arg>AZ</arg>
<arg>BA</arg>
<arg>BB</arg>
<arg>BD</arg>
<arg>BE</arg>
<arg>BF</arg>
<arg>BG</arg>
<arg>BH</arg>
<arg>BI</arg>
<arg>BJ</arg>
<arg>BL</arg>
<arg>BM</arg>
<arg>BN</arg>
<arg>BO</arg>
<arg>BQ</arg>
<arg>BR</arg>
<arg>BS</arg>
<arg>BT</arg>
<arg>BV</arg>
<arg>BW</arg>
<arg>BY</arg>
<arg>BZ</arg>
<arg>CA</arg>
<arg>CC</arg>
<arg>CD</arg>
<arg>CF</arg>
<arg>CG</arg>
<arg>CH</arg>
<arg>CI</arg>
<arg>CK</arg>
<arg>CL</arg>
<arg>CM</arg>
<arg>CN</arg>
<arg>CO</arg>
<arg>CR</arg>
<arg>CU</arg>
<arg>CV</arg>
<arg>CW</arg>
<arg>CX</arg>
<arg>CY</arg>
<arg>CZ</arg>
<arg>DE</arg>
<arg>DJ</arg>
<arg>DK</arg>
<arg>DM</arg>
<arg>DO</arg>
<arg>DZ</arg>
<arg>EC</arg>
<arg>EE</arg>
<arg>EG</arg>
<arg>EH</arg>
<arg>ER</arg>
<arg>ES</arg>
<arg>ET</arg>
<arg>FI</arg>
<arg>FJ</arg>
<arg>FK</arg>
<arg>FM</arg>
<arg>FO</arg>
<arg>FR</arg>
<arg>GA</arg>
<arg>GB</arg>
<arg>GD</arg>
<arg>GE</arg>
<arg>GF</arg>
<arg>GG</arg>
<arg>GH</arg>
<arg>GI</arg>
<arg>GL</arg>
<arg>GM</arg>
<arg>GN</arg>
<arg>GP</arg>
<arg>GQ</arg>
<arg>GR</arg>
<arg>GS</arg>
<arg>GT</arg>
<arg>GU</arg>
<arg>GW</arg>
<arg>GY</arg>
<arg>HK</arg>
<arg>HM</arg>
<arg>HN</arg>
<arg>HR</arg>
<arg>HT</arg>
<arg>HU</arg>
<arg>ID</arg>
<arg>IE</arg>
<arg>IL</arg>
<arg>IM</arg>
<arg>IN</arg>
<arg>IO</arg>
<arg>IQ</arg>
<arg>IR</arg>
<arg>IS</arg>
<arg>IT</arg>
<arg>JE</arg>
<arg>JM</arg>
<arg>JO</arg>
<arg>JP</arg>
<arg>KE</arg>
<arg>KG</arg>
<arg>KH</arg>
<arg>KI</arg>
<arg>KM</arg>
<arg>KN</arg>
<arg>KP</arg>
<arg>KR</arg>
<arg>KW</arg>
<arg>KY</arg>
<arg>KZ</arg>
<arg>LA</arg>
<arg>LB</arg>
<arg>LC</arg>
<arg>LI</arg>
<arg>LK</arg>
<arg>LR</arg>
<arg>LS</arg>
<arg>LT</arg>
<arg>LU</arg>
<arg>LV</arg>
<arg>LY</arg>
<arg>MA</arg>
<arg>MC</arg>
<arg>MD</arg>
<arg>ME</arg>
<arg>MF</arg>
<arg>MG</arg>
<arg>MH</arg>
<arg>MK</arg>
<arg>ML</arg>
<arg>MM</arg>
<arg>MN</arg>
<arg>MO</arg>
<arg>MP</arg>
<arg>MQ</arg>
<arg>MR</arg>
<arg>MS</arg>
<arg>MT</arg>
<arg>MU</arg>
<arg>MV</arg>
<arg>MW</arg>
<arg>MX</arg>
<arg>MY</arg>
<arg>MZ</arg>
<arg>NA</arg>
<arg>NC</arg>
<arg>NE</arg>
<arg>NF</arg>
<arg>NG</arg>
<arg>NI</arg>
<arg>NL</arg>
<arg>NO</arg>
<arg>NP</arg>
<arg>NR</arg>
<arg>NU</arg>
<arg>NZ</arg>
<arg>OM</arg>
<arg>PA</arg>
<arg>PE</arg>
<arg>PF</arg>
<arg>PG</arg>
<arg>PH</arg>
<arg>PK</arg>
<arg>PL</arg>
<arg>PM</arg>
<arg>PN</arg>
<arg>PR</arg>
<arg>PS</arg>
<arg>PT</arg>
<arg>PW</arg>
<arg>PY</arg>
<arg>QA</arg>
<arg>RE</arg>
<arg>RO</arg>
<arg>RS</arg>
<arg>RU</arg>
<arg>RW</arg>
<arg>SA</arg>
<arg>SB</arg>
<arg>SC</arg>
<arg>SD</arg>
<arg>SE</arg>
<arg>SG</arg>
<arg>SH</arg>
<arg>SI</arg>
<arg>SJ</arg>
<arg>SK</arg>
<arg>SL</arg>
<arg>SM</arg>
<arg>SN</arg>
<arg>SO</arg>
<arg>SR</arg>
<arg>SS</arg>
<arg>ST</arg>
<arg>SV</arg>
<arg>SX</arg>
<arg>SY</arg>
<arg>SZ</arg>
<arg>TC</arg>
<arg>TD</arg>
<arg>TF</arg>
<arg>TG</arg>
<arg>TH</arg>
<arg>TJ</arg>
<arg>TK</arg>
<arg>TL</arg>
<arg>TM</arg>
<arg>TN</arg>
<arg>TO</arg>
<arg>TR</arg>
<arg>TT</arg>
<arg>TV</arg>
<arg>TW</arg>
<arg>TZ</arg>
<arg>UA</arg>
<arg>UG</arg>
<arg>UM</arg>
<arg>US</arg>
<arg>UY</arg>
<arg>UZ</arg>
<arg>VA</arg>
<arg>VC</arg>
<arg>VE</arg>
<arg>VG</arg>
<arg>VI</arg>
<arg>VN</arg>
<arg>VU</arg>
<arg>WF</arg>
<arg>WS</arg>
<arg>XK</arg>
<arg>YE</arg>
<arg>YT</arg>
<arg>ZA</arg>
<arg>ZM</arg>
<arg>ZW</arg>
<doc>Returns a list containing given items.</doc>
<status status="PASS" start="2024-06-25T06:20:46.949848" elapsed="0.000627"/>
</kw>
<kw name="List Should Contain Value" owner="Collections">
<arg>${list_country}</arg>
<arg>${name_country}</arg>
<doc>Fails if the ``value`` is not found from ``list``.</doc>
<status status="PASS" start="2024-06-25T06:20:46.951293" elapsed="0.000206"/>
</kw>
<kw name="Run Keyword If" owner="BuiltIn">
<kw name="Should Be True" owner="BuiltIn">
<arg>${True}</arg>
<doc>Fails if the given condition is not true.</doc>
<status status="PASS" start="2024-06-25T06:20:46.952438" elapsed="0.000145"/>
</kw>
<arg>${json_data["results"][0]["location"]["coordinates"]["latitude"]} &gt;= -90 and ${json_data["results"][0]["location"]["coordinates"]["latitude"]} &lt;= 90</arg>
<arg>Should Be True</arg>
<arg>${True}</arg>
<doc>Runs the given keyword with the given arguments, if ``condition`` is true.</doc>
<status status="PASS" start="2024-06-25T06:20:46.951697" elapsed="0.001011"/>
</kw>
<kw name="Run Keyword If" owner="BuiltIn">
<kw name="Should Be True" owner="BuiltIn">
<arg>${True}</arg>
<doc>Fails if the given condition is not true.</doc>
<status status="PASS" start="2024-06-25T06:20:46.953575" elapsed="0.000230"/>
</kw>
<arg>${json_data["results"][0]["location"]["coordinates"]["longitude"]} &gt;= -180 and ${json_data["results"][0]["location"]["coordinates"]["longitude"]} &lt;= 180</arg>
<arg>Should Be True</arg>
<arg>${True}</arg>
<doc>Runs the given keyword with the given arguments, if ``condition`` is true.</doc>
<status status="PASS" start="2024-06-25T06:20:46.952890" elapsed="0.001045"/>
</kw>
<status status="PASS" start="2024-06-25T06:20:46.903643" elapsed="0.050423"/>
</kw>
<doc>Testa o conteúdo específico dos campos retornados pela API.</doc>
<tag>testeConteudo</tag>
<status status="PASS" start="2024-06-25T06:20:46.903099" elapsed="0.051114"/>
</test>
<status status="PASS" start="2024-06-25T06:20:45.878290" elapsed="1.077929"/>
</suite>
<status status="PASS" start="2024-06-25T06:20:45.863856" elapsed="1.097500"/>
</suite>
<statistics>
<total>
<stat pass="5" fail="0" skip="0">All Tests</stat>
</total>
<tag>
<stat pass="1" fail="0" skip="0">testeConteudo</stat>
<stat pass="1" fail="0" skip="0">testeEstruturaResposta</stat>
<stat pass="1" fail="0" skip="0">testeRequisicaoBasica</stat>
<stat pass="1" fail="0" skip="0">testeTiposDados</stat>
</tag>
<suite>
<stat pass="5" fail="0" skip="0" id="s1" name="Tests">Tests</stat>
<stat pass="5" fail="0" skip="0" id="s1-s1" name="Random-User-Test">Tests.Random-User-Test</stat>
</suite>
</statistics>
<errors>
</errors>
</robot>
