<?xml version="1.0" encoding="UTF-8"?>
<robot generator="Robot 7.0 (Python 3.12.3 on linux)" generated="2024-05-25T17:14:51.628920" rpa="false" schemaversion="5">
<suite id="s1" name="Tests" source="/home/runner/work/DesafioQAItauRogerioJordao/DesafioQAItauRogerioJordao/RamdonUser/tests">
<suite id="s1-s1" name="Random-User-Test" source="/home/runner/work/DesafioQAItauRogerioJordao/DesafioQAItauRogerioJordao/RamdonUser/tests/random-user-test.robot">
<test id="s1-s1-t1" name="Conectar" line="13">
<kw name="Conectar API" owner="random-user-service">
<kw name="Create Session" owner="RequestsLibrary">
<msg time="2024-05-25T17:14:52.007205" level="INFO">Creating Session using : alias=consultarAPI, url=https://randomuser.me/, headers={},                     cookies={}, auth=None, timeout=None, proxies=None, verify=False,                     debug=0 </msg>
<arg>consultarAPI</arg>
<arg>${URL}</arg>
<doc>Create Session: create a HTTP session to a server</doc>
<status status="PASS" start="2024-05-25T17:14:52.007009" elapsed="0.000361"/>
</kw>
<status status="PASS" start="2024-05-25T17:14:52.006004" elapsed="0.001712"/>
</kw>
<status status="PASS" start="2024-05-25T17:14:52.005503" elapsed="0.002402"/>
</test>
<test id="s1-s1-t2" name="Validar retorno 200 e JSON Válido" line="16">
<kw name="Teste de Requisicao Basica" owner="random-user-service">
<kw name="GET On Session" owner="RequestsLibrary">
<msg time="2024-05-25T17:14:52.176856" level="INFO">GET Request : url=https://randomuser.me/api 
 path_url=/api 
 headers={'User-Agent': 'python-requests/2.32.2', 'Accept-Encoding': 'gzip, deflate', 'Accept': '*/*', 'Connection': 'keep-alive'} 
 body=None 
 </msg>
<msg time="2024-05-25T17:14:52.177009" level="INFO">GET Response : url=https://randomuser.me/api 
 status=200, reason=OK 
 headers={'Date': 'Sat, 25 May 2024 17:14:52 GMT', 'Content-Type': 'application/json; charset=utf-8', 'Transfer-Encoding': 'chunked', 'Connection': 'keep-alive', 'X-Powered-By': 'Express', 'Access-Control-Allow-Origin': '*', 'Cache-Control': 'no-cache', 'ETag': 'W/"48d-tTJdmkWLpFmYVnmgUCFXi4Moy6I"', 'Vary': 'Accept-Encoding', 'Content-Encoding': 'gzip', 'CF-Cache-Status': 'DYNAMIC', 'Report-To': '{"endpoints":[{"url":"https:\\/\\/a.nel.cloudflare.com\\/report\\/v4?s=yohSTMJkhHk%2F00kMh4Ol3Nl9pZCFOrfunSiCqDBWNeAtcJ9MJxnk05Gha%2BLiYvt2dB0xk2IhyiizVKGI6vH5zepL41E8o62BD15Hrl%2BC2%2BceWo04m4R%2F%2BfVPUaUtvebE"}],"group":"cf-nel","max_age":604800}', 'NEL': '{"success_fraction":0,"report_to":"cf-nel","max_age":604800}', 'Server': 'cloudflare', 'CF-RAY': '88972a0bef00596e-IAD', 'alt-svc': 'h3=":443"; ma=86400'} 
 body={"results":[{"gender":"female","name":{"title":"Mrs","first":"Ece","last":"Tuğluk"},"location":{"street":{"number":9661,"name":"Kushimoto Sk"},"city":"Osmaniye","state":"Aydın","country":"Turkey","postcode":90031,"coordinates":{"latitude":"65.8504","longitude":"26.7234"},"timezone":{"offset":"0:00","description":"Western Europe Time, London, Lisbon, Casablanca"}},"email":"ece.tugluk@example.com","login":{"uuid":"6d67f3f1-e6f6-41a7-b884-60ec337b74f4","username":"crazygoose102","password":"latino","salt":"A8AhQDmG","md5":"cbee97d60fa3750813dd0a6e3f784c11","sha1":"9946c1cd182a031d65edc24a1372d4cfa946ebe7","sha256":"3cd5b8105d9bf00875a124118fb2adb2092566e55245247724da247e0fa1785b"},"dob":{"date":"1997-10-08T11:11:33.176Z","age":26},"registered":{"date":"2018-07-29T23:49:52.198Z","age":5},"phone":"(247)-429-2107","cell":"(082)-417-6932","id":{"name":"","value":null},"picture":{"large":"https://randomuser.me/api/portraits/women/19.jpg","medium":"https://randomuser.me/api/portraits/med/women/19.jpg","thumbnail":"https://randomuser.me/api/portraits/thumb/women/19.jpg"},"nat":"TR"}],"info":{"seed":"3aa73600af78f3cc","results":1,"page":1,"version":"1.4"}} 
 </msg>
<msg time="2024-05-25T17:14:52.177094" level="INFO">/opt/hostedtoolcache/Python/3.12.3/x64/lib/python3.12/site-packages/urllib3/connectionpool.py:1103: InsecureRequestWarning: Unverified HTTPS request is being made to host 'randomuser.me'. Adding certificate verification is strongly advised. See: https://urllib3.readthedocs.io/en/latest/advanced-usage.html#tls-warnings
  warnings.warn(</msg>
<msg time="2024-05-25T17:14:52.177228" level="INFO">${response} = &lt;Response [200]&gt;</msg>
<var>${response}</var>
<arg>consultarAPI</arg>
<arg>/api</arg>
<doc>Sends a GET request on a previously created HTTP Session.</doc>
<status status="PASS" start="2024-05-25T17:14:52.010487" elapsed="0.166781"/>
</kw>
<kw name="Should Be Equal As Numbers" owner="BuiltIn">
<msg time="2024-05-25T17:14:52.178151" level="INFO">Argument types are:
&lt;class 'int'&gt;
&lt;class 'str'&gt;</msg>
<arg>${response.status_code}</arg>
<arg>200</arg>
<doc>Fails if objects are unequal after converting them to real numbers.</doc>
<status status="PASS" start="2024-05-25T17:14:52.177715" elapsed="0.000502"/>
</kw>
<kw name="Log" owner="BuiltIn">
<msg time="2024-05-25T17:14:52.178912" level="INFO">200</msg>
<arg>${response.status_code}</arg>
<doc>Logs the given message with the given level.</doc>
<status status="PASS" start="2024-05-25T17:14:52.178561" elapsed="0.000399"/>
</kw>
<kw name="Set Variable" owner="BuiltIn">
<msg time="2024-05-25T17:14:52.179710" level="INFO">${json_data} = {'results': [{'gender': 'female', 'name': {'title': 'Mrs', 'first': 'Ece', 'last': 'Tuğluk'}, 'location': {'street': {'number': 9661, 'name': 'Kushimoto Sk'}, 'city': 'Osmaniye', 'state': 'Aydın', 'co...</msg>
<var>${json_data}</var>
<arg>${response.json()}</arg>
<doc>Returns the given values which can then be assigned to a variables.</doc>
<status status="PASS" start="2024-05-25T17:14:52.179269" elapsed="0.000474"/>
</kw>
<kw name="Dictionary Should Contain Key" owner="Collections">
<msg time="2024-05-25T17:14:52.180222" level="INFO">False</msg>
<arg>${json_data}</arg>
<arg>results</arg>
<doc>Fails if ``key`` is not found from ``dictionary``.</doc>
<status status="PASS" start="2024-05-25T17:14:52.180049" elapsed="0.000358"/>
</kw>
<status status="PASS" start="2024-05-25T17:14:52.010243" elapsed="0.170424"/>
</kw>
<doc>Testa se a API responde corretamente e retorna um objeto JSON válido.</doc>
<tag>testeRequisicaoBasica</tag>
<status status="PASS" start="2024-05-25T17:14:52.009805" elapsed="0.171039"/>
</test>
<test id="s1-s1-t3" name="Validar estrutura de resposta" line="22">
<kw name="Teste de Estrutura de Resposta" owner="random-user-service">
<kw name="GET On Session" owner="RequestsLibrary">
<msg time="2024-05-25T17:14:52.278238" level="INFO">GET Request : url=https://randomuser.me/api 
 path_url=/api 
 headers={'User-Agent': 'python-requests/2.32.2', 'Accept-Encoding': 'gzip, deflate', 'Accept': '*/*', 'Connection': 'keep-alive'} 
 body=None 
 </msg>
<msg time="2024-05-25T17:14:52.278305" level="INFO">GET Response : url=https://randomuser.me/api 
 status=200, reason=OK 
 headers={'Date': 'Sat, 25 May 2024 17:14:52 GMT', 'Content-Type': 'application/json; charset=utf-8', 'Transfer-Encoding': 'chunked', 'Connection': 'keep-alive', 'X-Powered-By': 'Express', 'Access-Control-Allow-Origin': '*', 'Cache-Control': 'no-cache', 'ETag': 'W/"496-1Lbt0+KGcs/EhUllKYyxMDcZpNg"', 'Vary': 'Accept-Encoding', 'Content-Encoding': 'gzip', 'CF-Cache-Status': 'DYNAMIC', 'Report-To': '{"endpoints":[{"url":"https:\\/\\/a.nel.cloudflare.com\\/report\\/v4?s=7qPBbMDZCwpSNpRlJkl%2BFhUxsoV6TvTmqzQ%2Fr2w3MGK46So3vR1TZfdRUZOtHVY4E29xMMXsKj3M%2Fm74hLl%2B8O8cPoL7uz%2BVrnPL%2FjKadCy%2B6BkQ1uA%2BlKc0gFif%2BhwZ"}],"group":"cf-nel","max_age":604800}', 'NEL': '{"success_fraction":0,"report_to":"cf-nel","max_age":604800}', 'Server': 'cloudflare', 'CF-RAY': '88972a0c2f36596e-IAD', 'alt-svc': 'h3=":443"; ma=86400'} 
 body={"results":[{"gender":"female","name":{"title":"Mrs","first":"Zoey","last":"Gonzales"},"location":{"street":{"number":761,"name":"N Stelling Rd"},"city":"Pittsburgh","state":"Utah","country":"United States","postcode":98549,"coordinates":{"latitude":"82.2749","longitude":"64.4965"},"timezone":{"offset":"-3:00","description":"Brazil, Buenos Aires, Georgetown"}},"email":"zoey.gonzales@example.com","login":{"uuid":"f46518ae-f665-4ec6-b0f3-f3601d5c0369","username":"brownwolf306","password":"wrestlin","salt":"AAw4WBpa","md5":"d558dd494d31463b1c4e1d2f35859b92","sha1":"7e6f8f4aa0aef28a6f3fccb7ec1aa0a5e8ad617a","sha256":"165f934b28ecd33f2b4bc19f2e339f526fd3f5e02c8f1734de908b6c80a208df"},"dob":{"date":"1966-09-30T08:37:06.697Z","age":57},"registered":{"date":"2003-06-15T00:09:09.557Z","age":20},"phone":"(837) 223-5362","cell":"(540) 563-6510","id":{"name":"SSN","value":"632-83-4237"},"picture":{"large":"https://randomuser.me/api/portraits/women/9.jpg","medium":"https://randomuser.me/api/portraits/med/women/9.jpg","thumbnail":"https://randomuser.me/api/portraits/thumb/women/9.jpg"},"nat":"US"}],"info":{"seed":"f428d1ae371f0842","results":1,"page":1,"version":"1.4"}} 
 </msg>
<msg time="2024-05-25T17:14:52.278399" level="INFO">/opt/hostedtoolcache/Python/3.12.3/x64/lib/python3.12/site-packages/urllib3/connectionpool.py:1103: InsecureRequestWarning: Unverified HTTPS request is being made to host 'randomuser.me'. Adding certificate verification is strongly advised. See: https://urllib3.readthedocs.io/en/latest/advanced-usage.html#tls-warnings
  warnings.warn(</msg>
<msg time="2024-05-25T17:14:52.278499" level="INFO">${response} = &lt;Response [200]&gt;</msg>
<var>${response}</var>
<arg>consultarAPI</arg>
<arg>/api</arg>
<doc>Sends a GET request on a previously created HTTP Session.</doc>
<status status="PASS" start="2024-05-25T17:14:52.183380" elapsed="0.095160"/>
</kw>
<kw name="Set Variable" owner="BuiltIn">
<msg time="2024-05-25T17:14:52.279410" level="INFO">${json_data} = {'results': [{'gender': 'female', 'name': {'title': 'Mrs', 'first': 'Zoey', 'last': 'Gonzales'}, 'location': {'street': {'number': 761, 'name': 'N Stelling Rd'}, 'city': 'Pittsburgh', 'state': 'Utah',...</msg>
<var>${json_data}</var>
<arg>${response.json()}</arg>
<doc>Returns the given values which can then be assigned to a variables.</doc>
<status status="PASS" start="2024-05-25T17:14:52.278964" elapsed="0.000475"/>
</kw>
<kw name="Log" owner="BuiltIn">
<msg time="2024-05-25T17:14:52.279902" level="INFO">{'results': [{'gender': 'female', 'name': {'title': 'Mrs', 'first': 'Zoey', 'last': 'Gonzales'}, 'location': {'street': {'number': 761, 'name': 'N Stelling Rd'}, 'city': 'Pittsburgh', 'state': 'Utah', 'country': 'United States', 'postcode': 98549, 'coordinates': {'latitude': '82.2749', 'longitude': '64.4965'}, 'timezone': {'offset': '-3:00', 'description': 'Brazil, Buenos Aires, Georgetown'}}, 'email': 'zoey.gonzales@example.com', 'login': {'uuid': 'f46518ae-f665-4ec6-b0f3-f3601d5c0369', 'username': 'brownwolf306', 'password': 'wrestlin', 'salt': 'AAw4WBpa', 'md5': 'd558dd494d31463b1c4e1d2f35859b92', 'sha1': '7e6f8f4aa0aef28a6f3fccb7ec1aa0a5e8ad617a', 'sha256': '165f934b28ecd33f2b4bc19f2e339f526fd3f5e02c8f1734de908b6c80a208df'}, 'dob': {'date': '1966-09-30T08:37:06.697Z', 'age': 57}, 'registered': {'date': '2003-06-15T00:09:09.557Z', 'age': 20}, 'phone': '(837) 223-5362', 'cell': '(540) 563-6510', 'id': {'name': 'SSN', 'value': '632-83-4237'}, 'picture': {'large': 'https://randomuser.me/api/portraits/women/9.jpg', 'medium': 'https://randomuser.me/api/portraits/med/women/9.jpg', 'thumbnail': 'https://randomuser.me/api/portraits/thumb/women/9.jpg'}, 'nat': 'US'}], 'info': {'seed': 'f428d1ae371f0842', 'results': 1, 'page': 1, 'version': '1.4'}}</msg>
<arg>${json_data}</arg>
<doc>Logs the given message with the given level.</doc>
<status status="PASS" start="2024-05-25T17:14:52.279741" elapsed="0.000208"/>
</kw>
<kw name="Dictionary Should Contain Key" owner="Collections">
<msg time="2024-05-25T17:14:52.280393" level="INFO">False</msg>
<arg>${json_data}</arg>
<arg>results</arg>
<doc>Fails if ``key`` is not found from ``dictionary``.</doc>
<status status="PASS" start="2024-05-25T17:14:52.280241" elapsed="0.000187"/>
</kw>
<kw name="Should Not Be Empty" owner="BuiltIn">
<msg time="2024-05-25T17:14:52.280853" level="INFO">Length is 2.</msg>
<arg>${json_data}</arg>
<doc>Verifies that the given item is not empty.</doc>
<status status="PASS" start="2024-05-25T17:14:52.280718" elapsed="0.000172"/>
</kw>
<kw name="Create List" owner="BuiltIn">
<msg time="2024-05-25T17:14:52.281366" level="INFO">${expected_keys} = ['gender', 'name', 'location', 'email', 'login']</msg>
<var>${expected_keys}</var>
<arg>gender</arg>
<arg>name</arg>
<arg>location</arg>
<arg>email</arg>
<arg>login</arg>
<doc>Returns a list containing given items.</doc>
<status status="PASS" start="2024-05-25T17:14:52.281211" elapsed="0.000179"/>
</kw>
<for flavor="IN">
<iter>
<kw name="Dictionary Should Contain Key" owner="Collections">
<msg time="2024-05-25T17:14:52.282353" level="INFO">False</msg>
<arg>${json_data['results'][0]}</arg>
<arg>${key}</arg>
<doc>Fails if ``key`` is not found from ``dictionary``.</doc>
<status status="PASS" start="2024-05-25T17:14:52.281956" elapsed="0.000441"/>
</kw>
<kw name="Log" owner="BuiltIn">
<msg time="2024-05-25T17:14:52.283058" level="INFO">{'gender': 'female', 'name': {'title': 'Mrs', 'first': 'Zoey', 'last': 'Gonzales'}, 'location': {'street': {'number': 761, 'name': 'N Stelling Rd'}, 'city': 'Pittsburgh', 'state': 'Utah', 'country': 'United States', 'postcode': 98549, 'coordinates': {'latitude': '82.2749', 'longitude': '64.4965'}, 'timezone': {'offset': '-3:00', 'description': 'Brazil, Buenos Aires, Georgetown'}}, 'email': 'zoey.gonzales@example.com', 'login': {'uuid': 'f46518ae-f665-4ec6-b0f3-f3601d5c0369', 'username': 'brownwolf306', 'password': 'wrestlin', 'salt': 'AAw4WBpa', 'md5': 'd558dd494d31463b1c4e1d2f35859b92', 'sha1': '7e6f8f4aa0aef28a6f3fccb7ec1aa0a5e8ad617a', 'sha256': '165f934b28ecd33f2b4bc19f2e339f526fd3f5e02c8f1734de908b6c80a208df'}, 'dob': {'date': '1966-09-30T08:37:06.697Z', 'age': 57}, 'registered': {'date': '2003-06-15T00:09:09.557Z', 'age': 20}, 'phone': '(837) 223-5362', 'cell': '(540) 563-6510', 'id': {'name': 'SSN', 'value': '632-83-4237'}, 'picture': {'large': 'https://randomuser.me/api/portraits/women/9.jpg', 'medium': 'https://randomuser.me/api/portraits/med/women/9.jpg', 'thumbnail': 'https://randomuser.me/api/portraits/thumb/women/9.jpg'}, 'nat': 'US'}</msg>
<arg>${json_data['results'][0]}</arg>
<doc>Logs the given message with the given level.</doc>
<status status="PASS" start="2024-05-25T17:14:52.282692" elapsed="0.000415"/>
</kw>
<kw name="Log" owner="BuiltIn">
<msg time="2024-05-25T17:14:52.283531" level="INFO">gender</msg>
<arg>${key}</arg>
<doc>Logs the given message with the given level.</doc>
<status status="PASS" start="2024-05-25T17:14:52.283401" elapsed="0.000167"/>
</kw>
<var name="${key}">gender</var>
<status status="PASS" start="2024-05-25T17:14:52.281832" elapsed="0.001950"/>
</iter>
<iter>
<kw name="Dictionary Should Contain Key" owner="Collections">
<msg time="2024-05-25T17:14:52.284467" level="INFO">False</msg>
<arg>${json_data['results'][0]}</arg>
<arg>${key}</arg>
<doc>Fails if ``key`` is not found from ``dictionary``.</doc>
<status status="PASS" start="2024-05-25T17:14:52.284081" elapsed="0.000423"/>
</kw>
<kw name="Log" owner="BuiltIn">
<msg time="2024-05-25T17:14:52.285207" level="INFO">{'gender': 'female', 'name': {'title': 'Mrs', 'first': 'Zoey', 'last': 'Gonzales'}, 'location': {'street': {'number': 761, 'name': 'N Stelling Rd'}, 'city': 'Pittsburgh', 'state': 'Utah', 'country': 'United States', 'postcode': 98549, 'coordinates': {'latitude': '82.2749', 'longitude': '64.4965'}, 'timezone': {'offset': '-3:00', 'description': 'Brazil, Buenos Aires, Georgetown'}}, 'email': 'zoey.gonzales@example.com', 'login': {'uuid': 'f46518ae-f665-4ec6-b0f3-f3601d5c0369', 'username': 'brownwolf306', 'password': 'wrestlin', 'salt': 'AAw4WBpa', 'md5': 'd558dd494d31463b1c4e1d2f35859b92', 'sha1': '7e6f8f4aa0aef28a6f3fccb7ec1aa0a5e8ad617a', 'sha256': '165f934b28ecd33f2b4bc19f2e339f526fd3f5e02c8f1734de908b6c80a208df'}, 'dob': {'date': '1966-09-30T08:37:06.697Z', 'age': 57}, 'registered': {'date': '2003-06-15T00:09:09.557Z', 'age': 20}, 'phone': '(837) 223-5362', 'cell': '(540) 563-6510', 'id': {'name': 'SSN', 'value': '632-83-4237'}, 'picture': {'large': 'https://randomuser.me/api/portraits/women/9.jpg', 'medium': 'https://randomuser.me/api/portraits/med/women/9.jpg', 'thumbnail': 'https://randomuser.me/api/portraits/thumb/women/9.jpg'}, 'nat': 'US'}</msg>
<arg>${json_data['results'][0]}</arg>
<doc>Logs the given message with the given level.</doc>
<status status="PASS" start="2024-05-25T17:14:52.284828" elapsed="0.000436"/>
</kw>
<kw name="Log" owner="BuiltIn">
<msg time="2024-05-25T17:14:52.285690" level="INFO">name</msg>
<arg>${key}</arg>
<doc>Logs the given message with the given level.</doc>
<status status="PASS" start="2024-05-25T17:14:52.285564" elapsed="0.000162"/>
</kw>
<var name="${key}">name</var>
<status status="PASS" start="2024-05-25T17:14:52.283966" elapsed="0.001974"/>
</iter>
<iter>
<kw name="Dictionary Should Contain Key" owner="Collections">
<msg time="2024-05-25T17:14:52.286600" level="INFO">False</msg>
<arg>${json_data['results'][0]}</arg>
<arg>${key}</arg>
<doc>Fails if ``key`` is not found from ``dictionary``.</doc>
<status status="PASS" start="2024-05-25T17:14:52.286225" elapsed="0.000411"/>
</kw>
<kw name="Log" owner="BuiltIn">
<msg time="2024-05-25T17:14:52.287294" level="INFO">{'gender': 'female', 'name': {'title': 'Mrs', 'first': 'Zoey', 'last': 'Gonzales'}, 'location': {'street': {'number': 761, 'name': 'N Stelling Rd'}, 'city': 'Pittsburgh', 'state': 'Utah', 'country': 'United States', 'postcode': 98549, 'coordinates': {'latitude': '82.2749', 'longitude': '64.4965'}, 'timezone': {'offset': '-3:00', 'description': 'Brazil, Buenos Aires, Georgetown'}}, 'email': 'zoey.gonzales@example.com', 'login': {'uuid': 'f46518ae-f665-4ec6-b0f3-f3601d5c0369', 'username': 'brownwolf306', 'password': 'wrestlin', 'salt': 'AAw4WBpa', 'md5': 'd558dd494d31463b1c4e1d2f35859b92', 'sha1': '7e6f8f4aa0aef28a6f3fccb7ec1aa0a5e8ad617a', 'sha256': '165f934b28ecd33f2b4bc19f2e339f526fd3f5e02c8f1734de908b6c80a208df'}, 'dob': {'date': '1966-09-30T08:37:06.697Z', 'age': 57}, 'registered': {'date': '2003-06-15T00:09:09.557Z', 'age': 20}, 'phone': '(837) 223-5362', 'cell': '(540) 563-6510', 'id': {'name': 'SSN', 'value': '632-83-4237'}, 'picture': {'large': 'https://randomuser.me/api/portraits/women/9.jpg', 'medium': 'https://randomuser.me/api/portraits/med/women/9.jpg', 'thumbnail': 'https://randomuser.me/api/portraits/thumb/women/9.jpg'}, 'nat': 'US'}</msg>
<arg>${json_data['results'][0]}</arg>
<doc>Logs the given message with the given level.</doc>
<status status="PASS" start="2024-05-25T17:14:52.286930" elapsed="0.000411"/>
</kw>
<kw name="Log" owner="BuiltIn">
<msg time="2024-05-25T17:14:52.287757" level="INFO">location</msg>
<arg>${key}</arg>
<doc>Logs the given message with the given level.</doc>
<status status="PASS" start="2024-05-25T17:14:52.287632" elapsed="0.000162"/>
</kw>
<var name="${key}">location</var>
<status status="PASS" start="2024-05-25T17:14:52.286114" elapsed="0.001898"/>
</iter>
<iter>
<kw name="Dictionary Should Contain Key" owner="Collections">
<msg time="2024-05-25T17:14:52.288775" level="INFO">False</msg>
<arg>${json_data['results'][0]}</arg>
<arg>${key}</arg>
<doc>Fails if ``key`` is not found from ``dictionary``.</doc>
<status status="PASS" start="2024-05-25T17:14:52.288290" elapsed="0.000523"/>
</kw>
<kw name="Log" owner="BuiltIn">
<msg time="2024-05-25T17:14:52.289488" level="INFO">{'gender': 'female', 'name': {'title': 'Mrs', 'first': 'Zoey', 'last': 'Gonzales'}, 'location': {'street': {'number': 761, 'name': 'N Stelling Rd'}, 'city': 'Pittsburgh', 'state': 'Utah', 'country': 'United States', 'postcode': 98549, 'coordinates': {'latitude': '82.2749', 'longitude': '64.4965'}, 'timezone': {'offset': '-3:00', 'description': 'Brazil, Buenos Aires, Georgetown'}}, 'email': 'zoey.gonzales@example.com', 'login': {'uuid': 'f46518ae-f665-4ec6-b0f3-f3601d5c0369', 'username': 'brownwolf306', 'password': 'wrestlin', 'salt': 'AAw4WBpa', 'md5': 'd558dd494d31463b1c4e1d2f35859b92', 'sha1': '7e6f8f4aa0aef28a6f3fccb7ec1aa0a5e8ad617a', 'sha256': '165f934b28ecd33f2b4bc19f2e339f526fd3f5e02c8f1734de908b6c80a208df'}, 'dob': {'date': '1966-09-30T08:37:06.697Z', 'age': 57}, 'registered': {'date': '2003-06-15T00:09:09.557Z', 'age': 20}, 'phone': '(837) 223-5362', 'cell': '(540) 563-6510', 'id': {'name': 'SSN', 'value': '632-83-4237'}, 'picture': {'large': 'https://randomuser.me/api/portraits/women/9.jpg', 'medium': 'https://randomuser.me/api/portraits/med/women/9.jpg', 'thumbnail': 'https://randomuser.me/api/portraits/thumb/women/9.jpg'}, 'nat': 'US'}</msg>
<arg>${json_data['results'][0]}</arg>
<doc>Logs the given message with the given level.</doc>
<status status="PASS" start="2024-05-25T17:14:52.289130" elapsed="0.000406"/>
</kw>
<kw name="Log" owner="BuiltIn">
<msg time="2024-05-25T17:14:52.289960" level="INFO">email</msg>
<arg>${key}</arg>
<doc>Logs the given message with the given level.</doc>
<status status="PASS" start="2024-05-25T17:14:52.289833" elapsed="0.000163"/>
</kw>
<var name="${key}">email</var>
<status status="PASS" start="2024-05-25T17:14:52.288181" elapsed="0.002028"/>
</iter>
<iter>
<kw name="Dictionary Should Contain Key" owner="Collections">
<msg time="2024-05-25T17:14:52.290866" level="INFO">False</msg>
<arg>${json_data['results'][0]}</arg>
<arg>${key}</arg>
<doc>Fails if ``key`` is not found from ``dictionary``.</doc>
<status status="PASS" start="2024-05-25T17:14:52.290490" elapsed="0.000413"/>
</kw>
<kw name="Log" owner="BuiltIn">
<msg time="2024-05-25T17:14:52.291558" level="INFO">{'gender': 'female', 'name': {'title': 'Mrs', 'first': 'Zoey', 'last': 'Gonzales'}, 'location': {'street': {'number': 761, 'name': 'N Stelling Rd'}, 'city': 'Pittsburgh', 'state': 'Utah', 'country': 'United States', 'postcode': 98549, 'coordinates': {'latitude': '82.2749', 'longitude': '64.4965'}, 'timezone': {'offset': '-3:00', 'description': 'Brazil, Buenos Aires, Georgetown'}}, 'email': 'zoey.gonzales@example.com', 'login': {'uuid': 'f46518ae-f665-4ec6-b0f3-f3601d5c0369', 'username': 'brownwolf306', 'password': 'wrestlin', 'salt': 'AAw4WBpa', 'md5': 'd558dd494d31463b1c4e1d2f35859b92', 'sha1': '7e6f8f4aa0aef28a6f3fccb7ec1aa0a5e8ad617a', 'sha256': '165f934b28ecd33f2b4bc19f2e339f526fd3f5e02c8f1734de908b6c80a208df'}, 'dob': {'date': '1966-09-30T08:37:06.697Z', 'age': 57}, 'registered': {'date': '2003-06-15T00:09:09.557Z', 'age': 20}, 'phone': '(837) 223-5362', 'cell': '(540) 563-6510', 'id': {'name': 'SSN', 'value': '632-83-4237'}, 'picture': {'large': 'https://randomuser.me/api/portraits/women/9.jpg', 'medium': 'https://randomuser.me/api/portraits/med/women/9.jpg', 'thumbnail': 'https://randomuser.me/api/portraits/thumb/women/9.jpg'}, 'nat': 'US'}</msg>
<arg>${json_data['results'][0]}</arg>
<doc>Logs the given message with the given level.</doc>
<status status="PASS" start="2024-05-25T17:14:52.291201" elapsed="0.000405"/>
</kw>
<kw name="Log" owner="BuiltIn">
<msg time="2024-05-25T17:14:52.292020" level="INFO">login</msg>
<arg>${key}</arg>
<doc>Logs the given message with the given level.</doc>
<status status="PASS" start="2024-05-25T17:14:52.291895" elapsed="0.000162"/>
</kw>
<var name="${key}">login</var>
<status status="PASS" start="2024-05-25T17:14:52.290381" elapsed="0.001913"/>
</iter>
<var>${key}</var>
<value>@{expected_keys}</value>
<status status="PASS" start="2024-05-25T17:14:52.281649" elapsed="0.010771"/>
</for>
<kw name="Create List" owner="BuiltIn">
<msg time="2024-05-25T17:14:52.292746" level="INFO">${expected_keysTwo} = ['username', 'password']</msg>
<var>${expected_keysTwo}</var>
<arg>username</arg>
<arg>password</arg>
<doc>Returns a list containing given items.</doc>
<status status="PASS" start="2024-05-25T17:14:52.292612" elapsed="0.000157"/>
</kw>
<for flavor="IN">
<iter>
<kw name="Dictionary Should Contain Key" owner="Collections">
<msg time="2024-05-25T17:14:52.293651" level="INFO">False</msg>
<arg>${json_data['results'][0]['login']}</arg>
<arg>${keyTwo}</arg>
<doc>Fails if ``key`` is not found from ``dictionary``.</doc>
<status status="PASS" start="2024-05-25T17:14:52.293279" elapsed="0.000408"/>
</kw>
<kw name="Dictionary Should Contain Key" owner="Collections">
<msg time="2024-05-25T17:14:52.294356" level="INFO">False</msg>
<arg>${json_data['results'][0]['login']}</arg>
<arg>${keyTwo}</arg>
<doc>Fails if ``key`` is not found from ``dictionary``.</doc>
<status status="PASS" start="2024-05-25T17:14:52.293980" elapsed="0.000413"/>
</kw>
<kw name="Log" owner="BuiltIn">
<msg time="2024-05-25T17:14:52.294810" level="INFO">username</msg>
<arg>${keyTwo}</arg>
<doc>Logs the given message with the given level.</doc>
<status status="PASS" start="2024-05-25T17:14:52.294682" elapsed="0.000164"/>
</kw>
<var name="${keyTwo}">username</var>
<status status="PASS" start="2024-05-25T17:14:52.293171" elapsed="0.001888"/>
</iter>
<iter>
<kw name="Dictionary Should Contain Key" owner="Collections">
<msg time="2024-05-25T17:14:52.295712" level="INFO">False</msg>
<arg>${json_data['results'][0]['login']}</arg>
<arg>${keyTwo}</arg>
<doc>Fails if ``key`` is not found from ``dictionary``.</doc>
<status status="PASS" start="2024-05-25T17:14:52.295334" elapsed="0.000415"/>
</kw>
<kw name="Dictionary Should Contain Key" owner="Collections">
<msg time="2024-05-25T17:14:52.296406" level="INFO">False</msg>
<arg>${json_data['results'][0]['login']}</arg>
<arg>${keyTwo}</arg>
<doc>Fails if ``key`` is not found from ``dictionary``.</doc>
<status status="PASS" start="2024-05-25T17:14:52.296038" elapsed="0.000403"/>
</kw>
<kw name="Log" owner="BuiltIn">
<msg time="2024-05-25T17:14:52.296854" level="INFO">password</msg>
<arg>${keyTwo}</arg>
<doc>Logs the given message with the given level.</doc>
<status status="PASS" start="2024-05-25T17:14:52.296730" elapsed="0.000160"/>
</kw>
<var name="${keyTwo}">password</var>
<status status="PASS" start="2024-05-25T17:14:52.295227" elapsed="0.001904"/>
</iter>
<var>${keyTwo}</var>
<value>@{expected_keysTwo}</value>
<status status="PASS" start="2024-05-25T17:14:52.293023" elapsed="0.004226"/>
</for>
<status status="PASS" start="2024-05-25T17:14:52.183115" elapsed="0.114271"/>
</kw>
<doc>Testa a estrutura da resposta da API.</doc>
<tag>testeEstruturaResposta</tag>
<status status="PASS" start="2024-05-25T17:14:52.182646" elapsed="0.114885"/>
</test>
<test id="s1-s1-t4" name="Validar tipos de dados" line="28">
<kw name="Teste de Tipos de Dados" owner="random-user-service">
<kw name="GET On Session" owner="RequestsLibrary">
<msg time="2024-05-25T17:14:52.379242" level="INFO">GET Request : url=https://randomuser.me/api 
 path_url=/api 
 headers={'User-Agent': 'python-requests/2.32.2', 'Accept-Encoding': 'gzip, deflate', 'Accept': '*/*', 'Connection': 'keep-alive'} 
 body=None 
 </msg>
<msg time="2024-05-25T17:14:52.379308" level="INFO">GET Response : url=https://randomuser.me/api 
 status=200, reason=OK 
 headers={'Date': 'Sat, 25 May 2024 17:14:52 GMT', 'Content-Type': 'application/json; charset=utf-8', 'Transfer-Encoding': 'chunked', 'Connection': 'keep-alive', 'X-Powered-By': 'Express', 'Access-Control-Allow-Origin': '*', 'Cache-Control': 'no-cache', 'ETag': 'W/"491-/IfUQ1gawSbcKg/ctLLmeWSMKUQ"', 'Vary': 'Accept-Encoding', 'Content-Encoding': 'gzip', 'CF-Cache-Status': 'DYNAMIC', 'Report-To': '{"endpoints":[{"url":"https:\\/\\/a.nel.cloudflare.com\\/report\\/v4?s=vJK0CH%2FS7JSaGAlTDTrSZif1GPtKKFmBfAi9s2F4esoQ97q9SQdnwjEQg54dV%2BxCZo%2Bqfjk6eToNnYs3MJ4bXItG0DpzM%2FAB6PRspEiV5OQua1fSqNgvoGfvXQGvBjTU"}],"group":"cf-nel","max_age":604800}', 'NEL': '{"success_fraction":0,"report_to":"cf-nel","max_age":604800}', 'Server': 'cloudflare', 'CF-RAY': '88972a0cefbe596e-IAD', 'alt-svc': 'h3=":443"; ma=86400'} 
 body={"results":[{"gender":"male","name":{"title":"Mr","first":"Necati","last":"Akyürek"},"location":{"street":{"number":4150,"name":"Talak Göktepe Cd"},"city":"Adana","state":"Bayburt","country":"Turkey","postcode":71242,"coordinates":{"latitude":"64.7634","longitude":"-57.9281"},"timezone":{"offset":"0:00","description":"Western Europe Time, London, Lisbon, Casablanca"}},"email":"necati.akyurek@example.com","login":{"uuid":"b17640da-08dc-4cd0-8304-800983859486","username":"angryfish581","password":"cecilia","salt":"dIZUY2ds","md5":"e7b2df0f64ec68c54aac678621faef1e","sha1":"c8c262fbf1a47ab3b188d4f4cebea4eac252e19d","sha256":"29e9b5b756cc0325c25a0116b9390ea6c5d5b38d0eae643a57fe6d9bedff2644"},"dob":{"date":"1944-11-19T05:08:35.505Z","age":79},"registered":{"date":"2002-12-15T11:56:31.510Z","age":21},"phone":"(525)-362-5302","cell":"(882)-479-1373","id":{"name":"","value":null},"picture":{"large":"https://randomuser.me/api/portraits/men/57.jpg","medium":"https://randomuser.me/api/portraits/med/men/57.jpg","thumbnail":"https://randomuser.me/api/portraits/thumb/men/57.jpg"},"nat":"TR"}],"info":{"seed":"dd6289a5336f9cfd","results":1,"page":1,"version":"1.4"}} 
 </msg>
<msg time="2024-05-25T17:14:52.379364" level="INFO">/opt/hostedtoolcache/Python/3.12.3/x64/lib/python3.12/site-packages/urllib3/connectionpool.py:1103: InsecureRequestWarning: Unverified HTTPS request is being made to host 'randomuser.me'. Adding certificate verification is strongly advised. See: https://urllib3.readthedocs.io/en/latest/advanced-usage.html#tls-warnings
  warnings.warn(</msg>
<msg time="2024-05-25T17:14:52.379457" level="INFO">${response} = &lt;Response [200]&gt;</msg>
<var>${response}</var>
<arg>consultarAPI</arg>
<arg>/api</arg>
<doc>Sends a GET request on a previously created HTTP Session.</doc>
<status status="PASS" start="2024-05-25T17:14:52.300200" elapsed="0.079295"/>
</kw>
<kw name="Set Variable" owner="BuiltIn">
<msg time="2024-05-25T17:14:52.380504" level="INFO">${json_data} = {'results': [{'gender': 'male', 'name': {'title': 'Mr', 'first': 'Necati', 'last': 'Akyürek'}, 'location': {'street': {'number': 4150, 'name': 'Talak Göktepe Cd'}, 'city': 'Adana', 'state': 'Bayburt',...</msg>
<var>${json_data}</var>
<arg>${response.json()}</arg>
<doc>Returns the given values which can then be assigned to a variables.</doc>
<status status="PASS" start="2024-05-25T17:14:52.379931" elapsed="0.000602"/>
</kw>
<kw name="Log" owner="BuiltIn">
<msg time="2024-05-25T17:14:52.381030" level="INFO">{'results': [{'gender': 'male', 'name': {'title': 'Mr', 'first': 'Necati', 'last': 'Akyürek'}, 'location': {'street': {'number': 4150, 'name': 'Talak Göktepe Cd'}, 'city': 'Adana', 'state': 'Bayburt', 'country': 'Turkey', 'postcode': 71242, 'coordinates': {'latitude': '64.7634', 'longitude': '-57.9281'}, 'timezone': {'offset': '0:00', 'description': 'Western Europe Time, London, Lisbon, Casablanca'}}, 'email': 'necati.akyurek@example.com', 'login': {'uuid': 'b17640da-08dc-4cd0-8304-800983859486', 'username': 'angryfish581', 'password': 'cecilia', 'salt': 'dIZUY2ds', 'md5': 'e7b2df0f64ec68c54aac678621faef1e', 'sha1': 'c8c262fbf1a47ab3b188d4f4cebea4eac252e19d', 'sha256': '29e9b5b756cc0325c25a0116b9390ea6c5d5b38d0eae643a57fe6d9bedff2644'}, 'dob': {'date': '1944-11-19T05:08:35.505Z', 'age': 79}, 'registered': {'date': '2002-12-15T11:56:31.510Z', 'age': 21}, 'phone': '(525)-362-5302', 'cell': '(882)-479-1373', 'id': {'name': '', 'value': None}, 'picture': {'large': 'https://randomuser.me/api/portraits/men/57.jpg', 'medium': 'https://randomuser.me/api/portraits/med/men/57.jpg', 'thumbnail': 'https://randomuser.me/api/portraits/thumb/men/57.jpg'}, 'nat': 'TR'}], 'info': {'seed': 'dd6289a5336f9cfd', 'results': 1, 'page': 1, 'version': '1.4'}}</msg>
<arg>${json_data}</arg>
<doc>Logs the given message with the given level.</doc>
<status status="PASS" start="2024-05-25T17:14:52.380837" elapsed="0.000277"/>
</kw>
<kw name="Should Be String" owner="String">
<arg>${json_data['results'][0]['gender']}</arg>
<doc>Fails if the given ``item`` is not a string.</doc>
<status status="PASS" start="2024-05-25T17:14:52.381419" elapsed="0.000364"/>
</kw>
<kw name="Should Match Regexp" owner="BuiltIn">
<arg>${json_data['results'][0]['email']}</arg>
<arg>^[a-zA-Z0-9._%+-]+@[a-zA-Z0-9.-]+\.[a-zA-Z]{2,}$</arg>
<doc>Fails if ``string`` does not match ``pattern`` as a regular expression.</doc>
<status status="PASS" start="2024-05-25T17:14:52.381975" elapsed="0.000618"/>
</kw>
<kw name="Should Match Regexp" owner="BuiltIn">
<arg>${json_data['results'][0]['dob']['date']}</arg>
<arg>\\d{4}-\\d{2}-\\d{2}T\\d{2}:\\d{2}:\\d{2}\\.\\d{3}Z</arg>
<doc>Fails if ``string`` does not match ``pattern`` as a regular expression.</doc>
<status status="PASS" start="2024-05-25T17:14:52.382790" elapsed="0.000479"/>
</kw>
<kw name="Should Match Regexp" owner="BuiltIn">
<arg>${json_data['results'][0]['registered']['date']}</arg>
<arg>\\d{4}-\\d{2}-\\d{2}T\\d{2}:\\d{2}:\\d{2}\\.\\d{3}Z</arg>
<doc>Fails if ``string`` does not match ``pattern`` as a regular expression.</doc>
<status status="PASS" start="2024-05-25T17:14:52.383459" elapsed="0.000366"/>
</kw>
<kw name="Should Match Regexp" owner="BuiltIn">
<arg>${json_data['results'][0]['picture']['large']}</arg>
<arg>^https?://.*\.(?:png|jpe?g|gif|bmp)$</arg>
<doc>Fails if ``string`` does not match ``pattern`` as a regular expression.</doc>
<status status="PASS" start="2024-05-25T17:14:52.384011" elapsed="0.000450"/>
</kw>
<kw name="Should Match Regexp" owner="BuiltIn">
<arg>${json_data['results'][0]['picture']['medium']}</arg>
<arg>^https?://.*\.(?:png|jpe?g|gif|bmp)$</arg>
<doc>Fails if ``string`` does not match ``pattern`` as a regular expression.</doc>
<status status="PASS" start="2024-05-25T17:14:52.384648" elapsed="0.000378"/>
</kw>
<kw name="Should Match Regexp" owner="BuiltIn">
<arg>${json_data['results'][0]['picture']['thumbnail']}</arg>
<arg>^https?://.*\.(?:png|jpe?g|gif|bmp)$</arg>
<doc>Fails if ``string`` does not match ``pattern`` as a regular expression.</doc>
<status status="PASS" start="2024-05-25T17:14:52.385217" elapsed="0.000347"/>
</kw>
<kw name="Log" owner="BuiltIn">
<msg time="2024-05-25T17:14:52.386059" level="INFO">{'large': 'https://randomuser.me/api/portraits/men/57.jpg', 'medium': 'https://randomuser.me/api/portraits/med/men/57.jpg', 'thumbnail': 'https://randomuser.me/api/portraits/thumb/men/57.jpg'}</msg>
<arg>${json_data['results'][0]['picture']}</arg>
<doc>Logs the given message with the given level.</doc>
<status status="PASS" start="2024-05-25T17:14:52.385742" elapsed="0.000357"/>
</kw>
<status status="PASS" start="2024-05-25T17:14:52.299970" elapsed="0.086376"/>
</kw>
<kw name="Teste de Tipos de Dados - Postcode" owner="random-user-service">
<kw name="GET On Session" owner="RequestsLibrary">
<msg time="2024-05-25T17:14:52.489088" level="INFO">GET Request : url=https://randomuser.me/api 
 path_url=/api 
 headers={'User-Agent': 'python-requests/2.32.2', 'Accept-Encoding': 'gzip, deflate', 'Accept': '*/*', 'Connection': 'keep-alive'} 
 body=None 
 </msg>
<msg time="2024-05-25T17:14:52.489173" level="INFO">GET Response : url=https://randomuser.me/api 
 status=200, reason=OK 
 headers={'Date': 'Sat, 25 May 2024 17:14:52 GMT', 'Content-Type': 'application/json; charset=utf-8', 'Transfer-Encoding': 'chunked', 'Connection': 'keep-alive', 'X-Powered-By': 'Express', 'Access-Control-Allow-Origin': '*', 'Cache-Control': 'no-cache', 'ETag': 'W/"491-0SUmDKl7/yVW+9SdeQm1+ukNesg"', 'Vary': 'Accept-Encoding', 'Content-Encoding': 'gzip', 'CF-Cache-Status': 'DYNAMIC', 'Report-To': '{"endpoints":[{"url":"https:\\/\\/a.nel.cloudflare.com\\/report\\/v4?s=rJJ%2FgXBl8BWvTT1f%2BevJXtHm5D%2BABpyJzPtUL2A9PkwTMVBNV25CX%2BZG3aggBV1mrnxITZ%2BSfnM2HzZeL6NgFOSZ68kIuxHZnnPL5nkC9YxUdqJaRANUg3q9CfxVFQ3w"}],"group":"cf-nel","max_age":604800}', 'NEL': '{"success_fraction":0,"report_to":"cf-nel","max_age":604800}', 'Server': 'cloudflare', 'CF-RAY': '88972a0d681e596e-IAD', 'alt-svc': 'h3=":443"; ma=86400'} 
 body={"results":[{"gender":"female","name":{"title":"Ms","first":"Viktorija","last":"Pištalo"},"location":{"street":{"number":5087,"name":"Cerski Venac"},"city":"Gornji Milanovac","state":"Prizren","country":"Serbia","postcode":44374,"coordinates":{"latitude":"57.1945","longitude":"58.8937"},"timezone":{"offset":"+2:00","description":"Kaliningrad, South Africa"}},"email":"viktorija.pistalo@example.com","login":{"uuid":"e8c88249-621b-4fbe-8a3e-f76eff31cf04","username":"whitewolf528","password":"chan","salt":"kfT7S3HN","md5":"a4568b33dffe2c3807fbbf07a10dff34","sha1":"f79612af2d460f1a40ecfb192e085dd59e073b63","sha256":"2acefe8d18d3d503a3c4549a599a43e1966769b68fa2ce066149ab5e7f4f5369"},"dob":{"date":"1967-03-16T17:51:38.456Z","age":57},"registered":{"date":"2020-11-02T00:46:25.347Z","age":3},"phone":"032-0790-315","cell":"067-2055-911","id":{"name":"SID","value":"914765115"},"picture":{"large":"https://randomuser.me/api/portraits/women/93.jpg","medium":"https://randomuser.me/api/portraits/med/women/93.jpg","thumbnail":"https://randomuser.me/api/portraits/thumb/women/93.jpg"},"nat":"RS"}],"info":{"seed":"9ffbbe4885166344","results":1,"page":1,"version":"1.4"}} 
 </msg>
<msg time="2024-05-25T17:14:52.489249" level="INFO">/opt/hostedtoolcache/Python/3.12.3/x64/lib/python3.12/site-packages/urllib3/connectionpool.py:1103: InsecureRequestWarning: Unverified HTTPS request is being made to host 'randomuser.me'. Adding certificate verification is strongly advised. See: https://urllib3.readthedocs.io/en/latest/advanced-usage.html#tls-warnings
  warnings.warn(</msg>
<msg time="2024-05-25T17:14:52.489364" level="INFO">${response} = &lt;Response [200]&gt;</msg>
<var>${response}</var>
<arg>consultarAPI</arg>
<arg>/api</arg>
<doc>Sends a GET request on a previously created HTTP Session.</doc>
<status status="PASS" start="2024-05-25T17:14:52.386764" elapsed="0.102655"/>
</kw>
<kw name="Set Variable" owner="BuiltIn">
<msg time="2024-05-25T17:14:52.490492" level="INFO">${json_data} = {'results': [{'gender': 'female', 'name': {'title': 'Ms', 'first': 'Viktorija', 'last': 'Pištalo'}, 'location': {'street': {'number': 5087, 'name': 'Cerski Venac'}, 'city': 'Gornji Milanovac', 'state'...</msg>
<var>${json_data}</var>
<arg>${response.json()}</arg>
<doc>Returns the given values which can then be assigned to a variables.</doc>
<status status="PASS" start="2024-05-25T17:14:52.489889" elapsed="0.000639"/>
</kw>
<kw name="Log" owner="BuiltIn">
<msg time="2024-05-25T17:14:52.491002" level="INFO">{'results': [{'gender': 'female', 'name': {'title': 'Ms', 'first': 'Viktorija', 'last': 'Pištalo'}, 'location': {'street': {'number': 5087, 'name': 'Cerski Venac'}, 'city': 'Gornji Milanovac', 'state': 'Prizren', 'country': 'Serbia', 'postcode': 44374, 'coordinates': {'latitude': '57.1945', 'longitude': '58.8937'}, 'timezone': {'offset': '+2:00', 'description': 'Kaliningrad, South Africa'}}, 'email': 'viktorija.pistalo@example.com', 'login': {'uuid': 'e8c88249-621b-4fbe-8a3e-f76eff31cf04', 'username': 'whitewolf528', 'password': 'chan', 'salt': 'kfT7S3HN', 'md5': 'a4568b33dffe2c3807fbbf07a10dff34', 'sha1': 'f79612af2d460f1a40ecfb192e085dd59e073b63', 'sha256': '2acefe8d18d3d503a3c4549a599a43e1966769b68fa2ce066149ab5e7f4f5369'}, 'dob': {'date': '1967-03-16T17:51:38.456Z', 'age': 57}, 'registered': {'date': '2020-11-02T00:46:25.347Z', 'age': 3}, 'phone': '032-0790-315', 'cell': '067-2055-911', 'id': {'name': 'SID', 'value': '914765115'}, 'picture': {'large': 'https://randomuser.me/api/portraits/women/93.jpg', 'medium': 'https://randomuser.me/api/portraits/med/women/93.jpg', 'thumbnail': 'https://randomuser.me/api/portraits/thumb/women/93.jpg'}, 'nat': 'RS'}], 'info': {'seed': '9ffbbe4885166344', 'results': 1, 'page': 1, 'version': '1.4'}}</msg>
<arg>${json_data}</arg>
<doc>Logs the given message with the given level.</doc>
<status status="PASS" start="2024-05-25T17:14:52.490846" elapsed="0.000241"/>
</kw>
<kw name="Should Be Equal As Numbers" owner="BuiltIn">
<arg>${json_data['results'][0]['location']['postcode']}</arg>
<arg>${json_data['results'][0]['location']['postcode']}</arg>
<doc>Fails if objects are unequal after converting them to real numbers.</doc>
<status status="PASS" start="2024-05-25T17:14:52.491385" elapsed="0.000624"/>
</kw>
<kw name="Log" owner="BuiltIn">
<msg time="2024-05-25T17:14:52.492536" level="INFO">44374</msg>
<arg>${json_data['results'][0]['location']['postcode']}</arg>
<doc>Logs the given message with the given level.</doc>
<status status="PASS" start="2024-05-25T17:14:52.492200" elapsed="0.000376"/>
</kw>
<status status="PASS" start="2024-05-25T17:14:52.386550" elapsed="0.106276"/>
</kw>
<doc>Testa se os tipos de dados na resposta da API estão corretos.</doc>
<tag>testeTiposDados</tag>
<status status="PASS" start="2024-05-25T17:14:52.299456" elapsed="0.193567"/>
</test>
<test id="s1-s1-t5" name="Validar conteudo" line="35">
<kw name="Teste de Tipos de Conteudo" owner="random-user-service">
<kw name="GET On Session" owner="RequestsLibrary">
<msg time="2024-05-25T17:14:52.591302" level="INFO">GET Request : url=https://randomuser.me/api 
 path_url=/api 
 headers={'User-Agent': 'python-requests/2.32.2', 'Accept-Encoding': 'gzip, deflate', 'Accept': '*/*', 'Connection': 'keep-alive'} 
 body=None 
 </msg>
<msg time="2024-05-25T17:14:52.591395" level="INFO">GET Response : url=https://randomuser.me/api 
 status=200, reason=OK 
 headers={'Date': 'Sat, 25 May 2024 17:14:52 GMT', 'Content-Type': 'application/json; charset=utf-8', 'Transfer-Encoding': 'chunked', 'Connection': 'keep-alive', 'X-Powered-By': 'Express', 'Access-Control-Allow-Origin': '*', 'Cache-Control': 'no-cache', 'ETag': 'W/"49a-5qmxoAxcKkEfp6jaTzoOiKGwx3s"', 'Vary': 'Accept-Encoding', 'Content-Encoding': 'gzip', 'CF-Cache-Status': 'DYNAMIC', 'Report-To': '{"endpoints":[{"url":"https:\\/\\/a.nel.cloudflare.com\\/report\\/v4?s=2rssJjV%2BjZyexTXXc20qhDrjtXyNC%2Bmoi8AcR6cz%2FxWiXrjABhCIvsbZICO8%2F3%2BP6y1ef1G3I5yGwOSkewQZTFKbOiXRIJXYS2tk495ndpz9s1beo7nM4A1DvUw5xY5%2F"}],"group":"cf-nel","max_age":604800}', 'NEL': '{"success_fraction":0,"report_to":"cf-nel","max_age":604800}', 'Server': 'cloudflare', 'CF-RAY': '88972a0e18b7596e-IAD', 'alt-svc': 'h3=":443"; ma=86400'} 
 body={"results":[{"gender":"male","name":{"title":"Mr","first":"نيما","last":"کوتی"},"location":{"street":{"number":8536,"name":"15 خرداد"},"city":"شهریار","state":"کردستان","country":"Iran","postcode":22376,"coordinates":{"latitude":"15.7834","longitude":"-144.6501"},"timezone":{"offset":"0:00","description":"Western Europe Time, London, Lisbon, Casablanca"}},"email":"nym.khwty@example.com","login":{"uuid":"ee7d09c2-75f8-452d-92c3-bc29c96cd9fb","username":"silverelephant767","password":"browning","salt":"Dt8Fxi21","md5":"54f23dfa28c2cb06ded64ff4085a54ad","sha1":"37ee853401e547f18e9272999b58919d55742ac3","sha256":"c27e5a4a29bc305fca911ceed2d8249c38dbe4a40da28829643eee8734b1e734"},"dob":{"date":"1987-12-14T17:43:08.018Z","age":36},"registered":{"date":"2005-01-02T17:15:12.147Z","age":19},"phone":"076-47869739","cell":"0938-862-3965","id":{"name":"","value":null},"picture":{"large":"https://randomuser.me/api/portraits/men/56.jpg","medium":"https://randomuser.me/api/portraits/med/men/56.jpg","thumbnail":"https://randomuser.me/api/portraits/thumb/men/56.jpg"},"nat":"IR"}],"info":{"seed":"99761441f75b01e2","results":1,"page":1,"version":"1.4"}} 
 </msg>
<msg time="2024-05-25T17:14:52.591475" level="INFO">/opt/hostedtoolcache/Python/3.12.3/x64/lib/python3.12/site-packages/urllib3/connectionpool.py:1103: InsecureRequestWarning: Unverified HTTPS request is being made to host 'randomuser.me'. Adding certificate verification is strongly advised. See: https://urllib3.readthedocs.io/en/latest/advanced-usage.html#tls-warnings
  warnings.warn(</msg>
<msg time="2024-05-25T17:14:52.591595" level="INFO">${response} = &lt;Response [200]&gt;</msg>
<var>${response}</var>
<arg>consultarAPI</arg>
<arg>/api</arg>
<doc>Sends a GET request on a previously created HTTP Session.</doc>
<status status="PASS" start="2024-05-25T17:14:52.495435" elapsed="0.096214"/>
</kw>
<kw name="Set Variable" owner="BuiltIn">
<msg time="2024-05-25T17:14:52.592723" level="INFO">${json_data} = {'results': [{'gender': 'male', 'name': {'title': 'Mr', 'first': 'نيما', 'last': 'کوتی'}, 'location': {'street': {'number': 8536, 'name': '15 خرداد'}, 'city': 'شهریار', 'state': 'کردستان', 'country': ...</msg>
<var>${json_data}</var>
<arg>${response.json()}</arg>
<doc>Returns the given values which can then be assigned to a variables.</doc>
<status status="PASS" start="2024-05-25T17:14:52.592124" elapsed="0.000631"/>
</kw>
<kw name="Set Variable" owner="BuiltIn">
<msg time="2024-05-25T17:14:52.593482" level="INFO">${name_title} = Mr</msg>
<var>${name_title}</var>
<arg>${json_data["results"][0]["name"]["title"]}</arg>
<doc>Returns the given values which can then be assigned to a variables.</doc>
<status status="PASS" start="2024-05-25T17:14:52.593102" elapsed="0.000405"/>
</kw>
<kw name="Create List" owner="BuiltIn">
<msg time="2024-05-25T17:14:52.593951" level="INFO">${allowed_titles} = ['Mr', 'Ms', 'Miss', 'Mrs', 'Madame', 'Monsieur']</msg>
<var>${allowed_titles}</var>
<arg>Mr</arg>
<arg>Ms</arg>
<arg>Miss</arg>
<arg>Mrs</arg>
<arg>Madame</arg>
<arg>Monsieur</arg>
<doc>Returns a list containing given items.</doc>
<status status="PASS" start="2024-05-25T17:14:52.593802" elapsed="0.000174"/>
</kw>
<kw name="List Should Contain Value" owner="Collections">
<msg time="2024-05-25T17:14:52.594438" level="INFO">False</msg>
<arg>${allowed_titles}</arg>
<arg>${name_title}</arg>
<doc>Fails if the ``value`` is not found from ``list``.</doc>
<status status="PASS" start="2024-05-25T17:14:52.594273" elapsed="0.000201"/>
</kw>
<kw name="Set Variable" owner="BuiltIn">
<msg time="2024-05-25T17:14:52.595265" level="INFO">${name_country} = IR</msg>
<var>${name_country}</var>
<arg>${json_data["results"][0]["nat"]}</arg>
<doc>Returns the given values which can then be assigned to a variables.</doc>
<status status="PASS" start="2024-05-25T17:14:52.594761" elapsed="0.000529"/>
</kw>
<kw name="Create List" owner="BuiltIn">
<msg time="2024-05-25T17:14:52.596186" level="INFO">${list_country} = ['AD', 'AE', 'AF', 'AG', 'AI', 'AL', 'AM', 'AO', 'AQ', 'AR', 'AS', 'AT', 'AU', 'AW', 'AX', 'AZ', 'BA', 'BB', 'BD', 'BE', 'BF', 'BG', 'BH', 'BI', 'BJ', 'BL', 'BM', 'BN', 'BO', 'BQ', 'BR', 'BS', 'BT', '...</msg>
<var>${list_country}</var>
<arg>AD</arg>
<arg>AE</arg>
<arg>AF</arg>
<arg>AG</arg>
<arg>AI</arg>
<arg>AL</arg>
<arg>AM</arg>
<arg>AO</arg>
<arg>AQ</arg>
<arg>AR</arg>
<arg>AS</arg>
<arg>AT</arg>
<arg>AU</arg>
<arg>AW</arg>
<arg>AX</arg>
<arg>AZ</arg>
<arg>BA</arg>
<arg>BB</arg>
<arg>BD</arg>
<arg>BE</arg>
<arg>BF</arg>
<arg>BG</arg>
<arg>BH</arg>
<arg>BI</arg>
<arg>BJ</arg>
<arg>BL</arg>
<arg>BM</arg>
<arg>BN</arg>
<arg>BO</arg>
<arg>BQ</arg>
<arg>BR</arg>
<arg>BS</arg>
<arg>BT</arg>
<arg>BV</arg>
<arg>BW</arg>
<arg>BY</arg>
<arg>BZ</arg>
<arg>CA</arg>
<arg>CC</arg>
<arg>CD</arg>
<arg>CF</arg>
<arg>CG</arg>
<arg>CH</arg>
<arg>CI</arg>
<arg>CK</arg>
<arg>CL</arg>
<arg>CM</arg>
<arg>CN</arg>
<arg>CO</arg>
<arg>CR</arg>
<arg>CU</arg>
<arg>CV</arg>
<arg>CW</arg>
<arg>CX</arg>
<arg>CY</arg>
<arg>CZ</arg>
<arg>DE</arg>
<arg>DJ</arg>
<arg>DK</arg>
<arg>DM</arg>
<arg>DO</arg>
<arg>DZ</arg>
<arg>EC</arg>
<arg>EE</arg>
<arg>EG</arg>
<arg>EH</arg>
<arg>ER</arg>
<arg>ES</arg>
<arg>ET</arg>
<arg>FI</arg>
<arg>FJ</arg>
<arg>FK</arg>
<arg>FM</arg>
<arg>FO</arg>
<arg>FR</arg>
<arg>GA</arg>
<arg>GB</arg>
<arg>GD</arg>
<arg>GE</arg>
<arg>GF</arg>
<arg>GG</arg>
<arg>GH</arg>
<arg>GI</arg>
<arg>GL</arg>
<arg>GM</arg>
<arg>GN</arg>
<arg>GP</arg>
<arg>GQ</arg>
<arg>GR</arg>
<arg>GS</arg>
<arg>GT</arg>
<arg>GU</arg>
<arg>GW</arg>
<arg>GY</arg>
<arg>HK</arg>
<arg>HM</arg>
<arg>HN</arg>
<arg>HR</arg>
<arg>HT</arg>
<arg>HU</arg>
<arg>ID</arg>
<arg>IE</arg>
<arg>IL</arg>
<arg>IM</arg>
<arg>IN</arg>
<arg>IO</arg>
<arg>IQ</arg>
<arg>IR</arg>
<arg>IS</arg>
<arg>IT</arg>
<arg>JE</arg>
<arg>JM</arg>
<arg>JO</arg>
<arg>JP</arg>
<arg>KE</arg>
<arg>KG</arg>
<arg>KH</arg>
<arg>KI</arg>
<arg>KM</arg>
<arg>KN</arg>
<arg>KP</arg>
<arg>KR</arg>
<arg>KW</arg>
<arg>KY</arg>
<arg>KZ</arg>
<arg>LA</arg>
<arg>LB</arg>
<arg>LC</arg>
<arg>LI</arg>
<arg>LK</arg>
<arg>LR</arg>
<arg>LS</arg>
<arg>LT</arg>
<arg>LU</arg>
<arg>LV</arg>
<arg>LY</arg>
<arg>MA</arg>
<arg>MC</arg>
<arg>MD</arg>
<arg>ME</arg>
<arg>MF</arg>
<arg>MG</arg>
<arg>MH</arg>
<arg>MK</arg>
<arg>ML</arg>
<arg>MM</arg>
<arg>MN</arg>
<arg>MO</arg>
<arg>MP</arg>
<arg>MQ</arg>
<arg>MR</arg>
<arg>MS</arg>
<arg>MT</arg>
<arg>MU</arg>
<arg>MV</arg>
<arg>MW</arg>
<arg>MX</arg>
<arg>MY</arg>
<arg>MZ</arg>
<arg>NA</arg>
<arg>NC</arg>
<arg>NE</arg>
<arg>NF</arg>
<arg>NG</arg>
<arg>NI</arg>
<arg>NL</arg>
<arg>NO</arg>
<arg>NP</arg>
<arg>NR</arg>
<arg>NU</arg>
<arg>NZ</arg>
<arg>OM</arg>
<arg>PA</arg>
<arg>PE</arg>
<arg>PF</arg>
<arg>PG</arg>
<arg>PH</arg>
<arg>PK</arg>
<arg>PL</arg>
<arg>PM</arg>
<arg>PN</arg>
<arg>PR</arg>
<arg>PS</arg>
<arg>PT</arg>
<arg>PW</arg>
<arg>PY</arg>
<arg>QA</arg>
<arg>RE</arg>
<arg>RO</arg>
<arg>RS</arg>
<arg>RU</arg>
<arg>RW</arg>
<arg>SA</arg>
<arg>SB</arg>
<arg>SC</arg>
<arg>SD</arg>
<arg>SE</arg>
<arg>SG</arg>
<arg>SH</arg>
<arg>SI</arg>
<arg>SJ</arg>
<arg>SK</arg>
<arg>SL</arg>
<arg>SM</arg>
<arg>SN</arg>
<arg>SO</arg>
<arg>SR</arg>
<arg>SS</arg>
<arg>ST</arg>
<arg>SV</arg>
<arg>SX</arg>
<arg>SY</arg>
<arg>SZ</arg>
<arg>TC</arg>
<arg>TD</arg>
<arg>TF</arg>
<arg>TG</arg>
<arg>TH</arg>
<arg>TJ</arg>
<arg>TK</arg>
<arg>TL</arg>
<arg>TM</arg>
<arg>TN</arg>
<arg>TO</arg>
<arg>TR</arg>
<arg>TT</arg>
<arg>TV</arg>
<arg>TW</arg>
<arg>TZ</arg>
<arg>UA</arg>
<arg>UG</arg>
<arg>UM</arg>
<arg>US</arg>
<arg>UY</arg>
<arg>UZ</arg>
<arg>VA</arg>
<arg>VC</arg>
<arg>VE</arg>
<arg>VG</arg>
<arg>VI</arg>
<arg>VN</arg>
<arg>VU</arg>
<arg>WF</arg>
<arg>WS</arg>
<arg>XK</arg>
<arg>YE</arg>
<arg>YT</arg>
<arg>ZA</arg>
<arg>ZM</arg>
<arg>ZW</arg>
<doc>Returns a list containing given items.</doc>
<status status="PASS" start="2024-05-25T17:14:52.595594" elapsed="0.000618"/>
</kw>
<kw name="List Should Contain Value" owner="Collections">
<msg time="2024-05-25T17:14:52.597230" level="INFO">False</msg>
<arg>${list_country}</arg>
<arg>${name_country}</arg>
<doc>Fails if the ``value`` is not found from ``list``.</doc>
<status status="PASS" start="2024-05-25T17:14:52.597016" elapsed="0.000250"/>
</kw>
<kw name="Run Keyword If" owner="BuiltIn">
<kw name="Should Be True" owner="BuiltIn">
<arg>${True}</arg>
<doc>Fails if the given condition is not true.</doc>
<status status="PASS" start="2024-05-25T17:14:52.598311" elapsed="0.000142"/>
</kw>
<arg>${json_data["results"][0]["location"]["coordinates"]["latitude"]} &gt;= -90 and ${json_data["results"][0]["location"]["coordinates"]["latitude"]} &lt;= 90</arg>
<arg>Should Be True</arg>
<arg>${True}</arg>
<doc>Runs the given keyword with the given arguments, if ``condition`` is true.</doc>
<status status="PASS" start="2024-05-25T17:14:52.597574" elapsed="0.001004"/>
</kw>
<kw name="Run Keyword If" owner="BuiltIn">
<kw name="Should Be True" owner="BuiltIn">
<arg>${True}</arg>
<doc>Fails if the given condition is not true.</doc>
<status status="PASS" start="2024-05-25T17:14:52.599441" elapsed="0.000137"/>
</kw>
<arg>${json_data["results"][0]["location"]["coordinates"]["longitude"]} &gt;= -180 and ${json_data["results"][0]["location"]["coordinates"]["longitude"]} &lt;= 180</arg>
<arg>Should Be True</arg>
<arg>${True}</arg>
<doc>Runs the given keyword with the given arguments, if ``condition`` is true.</doc>
<status status="PASS" start="2024-05-25T17:14:52.598761" elapsed="0.000939"/>
</kw>
<status status="PASS" start="2024-05-25T17:14:52.495217" elapsed="0.104610"/>
</kw>
<doc>Testa o conteúdo específico dos campos retornados pela API.</doc>
<tag>testeConteudo</tag>
<status status="PASS" start="2024-05-25T17:14:52.494725" elapsed="0.105242"/>
</test>
<status status="PASS" start="2024-05-25T17:14:51.685539" elapsed="0.916372"/>
</suite>
<status status="PASS" start="2024-05-25T17:14:51.672129" elapsed="0.934870"/>
</suite>
<statistics>
<total>
<stat pass="5" fail="0" skip="0">All Tests</stat>
</total>
<tag>
<stat pass="1" fail="0" skip="0">testeConteudo</stat>
<stat pass="1" fail="0" skip="0">testeEstruturaResposta</stat>
<stat pass="1" fail="0" skip="0">testeRequisicaoBasica</stat>
<stat pass="1" fail="0" skip="0">testeTiposDados</stat>
</tag>
<suite>
<stat pass="5" fail="0" skip="0" id="s1" name="Tests">Tests</stat>
<stat pass="5" fail="0" skip="0" id="s1-s1" name="Random-User-Test">Tests.Random-User-Test</stat>
</suite>
</statistics>
<errors>
</errors>
</robot>
