<?xml version="1.0" encoding="UTF-8"?>
<robot generator="Robot 7.0.1 (Python 3.12.4 on linux)" generated="2024-07-19T13:17:41.559165" rpa="false" schemaversion="5">
<suite id="s1" name="Tests" source="/home/runner/work/ApiRandomUser/ApiRandomUser/RamdonUser/tests">
<suite id="s1-s1" name="Random-User-Test" source="/home/runner/work/ApiRandomUser/ApiRandomUser/RamdonUser/tests/random-user-test.robot">
<test id="s1-s1-t1" name="Conectar" line="13">
<kw name="Conectar API" owner="random-user-service">
<kw name="Create Session" owner="RequestsLibrary">
<msg time="2024-07-19T13:17:41.964586" level="INFO">Creating Session using : alias=consultarAPI, url=https://randomuser.me/, headers={},                     cookies={}, auth=None, timeout=None, proxies=None, verify=False,                     debug=0 </msg>
<arg>consultarAPI</arg>
<arg>${URL}</arg>
<doc>Create Session: create a HTTP session to a server</doc>
<status status="PASS" start="2024-07-19T13:17:41.964387" elapsed="0.000382"/>
</kw>
<status status="PASS" start="2024-07-19T13:17:41.963341" elapsed="0.001816"/>
</kw>
<status status="PASS" start="2024-07-19T13:17:41.962784" elapsed="0.002573"/>
</test>
<test id="s1-s1-t2" name="Validar retorno 200 e JSON Válido" line="16">
<kw name="Teste de Requisicao Basica" owner="random-user-service">
<kw name="GET On Session" owner="RequestsLibrary">
<msg time="2024-07-19T13:17:42.051326" level="INFO">GET Request : url=https://randomuser.me/api 
 path_url=/api 
 headers={'User-Agent': 'python-requests/2.32.3', 'Accept-Encoding': 'gzip, deflate', 'Accept': '*/*', 'Connection': 'keep-alive'} 
 body=None 
 </msg>
<msg time="2024-07-19T13:17:42.051489" level="INFO">GET Response : url=https://randomuser.me/api 
 status=200, reason=OK 
 headers={'Date': 'Fri, 19 Jul 2024 13:17:42 GMT', 'Content-Type': 'application/json; charset=utf-8', 'Transfer-Encoding': 'chunked', 'Connection': 'keep-alive', 'X-Powered-By': 'Express', 'Access-Control-Allow-Origin': '*', 'Cache-Control': 'no-cache', 'ETag': 'W/"487-UbNXUChc+cZ7Vuh4Jxh/Vyd1LsY"', 'Vary': 'Accept-Encoding', 'Content-Encoding': 'gzip', 'CF-Cache-Status': 'DYNAMIC', 'Report-To': '{"endpoints":[{"url":"https:\\/\\/a.nel.cloudflare.com\\/report\\/v4?s=hweK4rzhwzr%2FM8MEwFWBXBw%2BAtb6WX%2FlHWnR0pMsQL5VnruFpIy3tliQt4KMqUJSxPYngNQ%2FHdNWcwAT7mnSjgf1teM0fmaTJRhOi%2FLkj1aq%2Fi%2Fjsjq2VJwTHD7Lg8Kf"}],"group":"cf-nel","max_age":604800}', 'NEL': '{"success_fraction":0,"report_to":"cf-nel","max_age":604800}', 'Server': 'cloudflare', 'CF-RAY': '8a5afe4198670648-IAD', 'alt-svc': 'h3=":443"; ma=86400'} 
 body={"results":[{"gender":"male","name":{"title":"Mr","first":"August","last":"Hollund"},"location":{"street":{"number":3903,"name":"Jolly Kramer-Johansens gate"},"city":"Flekkefjord","state":"Trøndelag","country":"Norway","postcode":"2718","coordinates":{"latitude":"41.9563","longitude":"-108.4243"},"timezone":{"offset":"+9:30","description":"Adelaide, Darwin"}},"email":"august.hollund@example.com","login":{"uuid":"15e662dc-4aa8-448d-9bee-b1b2759d7d3f","username":"whitetiger773","password":"poseidon","salt":"sQOHsHYh","md5":"4134d6f95518ef2c71544c8b27d76195","sha1":"382b68d7bb6e7e0083a28b866407093f43469b1f","sha256":"d58f8a71bc47725a88d31d0c144c6ff9ad073879394ac4dd4d2aed4b31d58935"},"dob":{"date":"1950-10-15T20:05:48.156Z","age":73},"registered":{"date":"2017-05-06T16:14:34.317Z","age":7},"phone":"53584819","cell":"42452911","id":{"name":"FN","value":"15105026509"},"picture":{"large":"https://randomuser.me/api/portraits/men/18.jpg","medium":"https://randomuser.me/api/portraits/med/men/18.jpg","thumbnail":"https://randomuser.me/api/portraits/thumb/men/18.jpg"},"nat":"NO"}],"info":{"seed":"f5d5414234829cf1","results":1,"page":1,"version":"1.4"}} 
 </msg>
<msg time="2024-07-19T13:17:42.051581" level="INFO">/opt/hostedtoolcache/Python/3.12.4/x64/lib/python3.12/site-packages/urllib3/connectionpool.py:1099: InsecureRequestWarning: Unverified HTTPS request is being made to host 'randomuser.me'. Adding certificate verification is strongly advised. See: https://urllib3.readthedocs.io/en/latest/advanced-usage.html#tls-warnings
  warnings.warn(</msg>
<msg time="2024-07-19T13:17:42.051742" level="INFO">${response} = &lt;Response [200]&gt;</msg>
<var>${response}</var>
<arg>consultarAPI</arg>
<arg>/api</arg>
<doc>Sends a GET request on a previously created HTTP Session.</doc>
<status status="PASS" start="2024-07-19T13:17:41.968030" elapsed="0.083758"/>
</kw>
<kw name="Should Be Equal As Numbers" owner="BuiltIn">
<msg time="2024-07-19T13:17:42.052992" level="INFO">Argument types are:
&lt;class 'int'&gt;
&lt;class 'str'&gt;</msg>
<arg>${response.status_code}</arg>
<arg>200</arg>
<doc>Fails if objects are unequal after converting them to real numbers.</doc>
<status status="PASS" start="2024-07-19T13:17:42.052487" elapsed="0.000573"/>
</kw>
<kw name="Log" owner="BuiltIn">
<msg time="2024-07-19T13:17:42.054040" level="INFO">200</msg>
<arg>${response.status_code}</arg>
<doc>Logs the given message with the given level.</doc>
<status status="PASS" start="2024-07-19T13:17:42.053479" elapsed="0.000624"/>
</kw>
<kw name="Set Variable" owner="BuiltIn">
<msg time="2024-07-19T13:17:42.055262" level="INFO">${json_data} = {'results': [{'gender': 'male', 'name': {'title': 'Mr', 'first': 'August', 'last': 'Hollund'}, 'location': {'street': {'number': 3903, 'name': 'Jolly Kramer-Johansens gate'}, 'city': 'Flekkefjord', 's...</msg>
<var>${json_data}</var>
<arg>${response.json()}</arg>
<doc>Returns the given values which can then be assigned to a variables.</doc>
<status status="PASS" start="2024-07-19T13:17:42.054611" elapsed="0.000682"/>
</kw>
<kw name="Dictionary Should Contain Key" owner="Collections">
<arg>${json_data}</arg>
<arg>results</arg>
<doc>Fails if ``key`` is not found from ``dictionary``.</doc>
<status status="PASS" start="2024-07-19T13:17:42.055648" elapsed="0.000372"/>
</kw>
<status status="PASS" start="2024-07-19T13:17:41.967780" elapsed="0.088402"/>
</kw>
<doc>Testa se a API responde corretamente e retorna um objeto JSON válido.</doc>
<tag>testeRequisicaoBasica</tag>
<status status="PASS" start="2024-07-19T13:17:41.967278" elapsed="0.089081"/>
</test>
<test id="s1-s1-t3" name="Validar estrutura de resposta" line="22">
<kw name="Teste de Estrutura de Resposta" owner="random-user-service">
<kw name="GET On Session" owner="RequestsLibrary">
<msg time="2024-07-19T13:17:42.147687" level="INFO">GET Request : url=https://randomuser.me/api 
 path_url=/api 
 headers={'User-Agent': 'python-requests/2.32.3', 'Accept-Encoding': 'gzip, deflate', 'Accept': '*/*', 'Connection': 'keep-alive'} 
 body=None 
 </msg>
<msg time="2024-07-19T13:17:42.147804" level="INFO">GET Response : url=https://randomuser.me/api 
 status=200, reason=OK 
 headers={'Date': 'Fri, 19 Jul 2024 13:17:42 GMT', 'Content-Type': 'application/json; charset=utf-8', 'Transfer-Encoding': 'chunked', 'Connection': 'keep-alive', 'X-Powered-By': 'Express', 'Access-Control-Allow-Origin': '*', 'Cache-Control': 'no-cache', 'ETag': 'W/"474-OoUrs6ERMzl04GlwUxuv7ZFaUh4"', 'Vary': 'Accept-Encoding', 'Content-Encoding': 'gzip', 'CF-Cache-Status': 'DYNAMIC', 'Report-To': '{"endpoints":[{"url":"https:\\/\\/a.nel.cloudflare.com\\/report\\/v4?s=noK5e%2Fjw0TGcFJlcyxYHulerGOxz%2FRP2DevdT49X4vCV8QDfFN%2FG7UbM1LLhqpc1tm5yH152UQbu0yHPNbkx9uIzvWNEpgSTLT2EZirairoN%2FFM6n7lUofLRRyK3Kf2c"}],"group":"cf-nel","max_age":604800}', 'NEL': '{"success_fraction":0,"report_to":"cf-nel","max_age":604800}', 'Server': 'cloudflare', 'CF-RAY': '8a5afe41e8c10648-IAD', 'alt-svc': 'h3=":443"; ma=86400'} 
 body={"results":[{"gender":"female","name":{"title":"Ms","first":"Johanne","last":"Madsen"},"location":{"street":{"number":912,"name":"Egholmvej"},"city":"Nimtofte","state":"Hovedstaden","country":"Denmark","postcode":43669,"coordinates":{"latitude":"-44.8865","longitude":"152.6513"},"timezone":{"offset":"-2:00","description":"Mid-Atlantic"}},"email":"johanne.madsen@example.com","login":{"uuid":"67d61282-5a3a-44d3-9acf-248e521d30b4","username":"yellowcat353","password":"shogun","salt":"OoOs1luP","md5":"068e05f783bdc1c3beaef2f64e7ffd08","sha1":"897d19fb9f6acdf691d5a938f91d3a3a4e18e0c0","sha256":"1deac75041e86f147418fe3d7e73f29f5068d447afad273615f6dfcab2e5e50f"},"dob":{"date":"1974-10-29T01:16:22.390Z","age":49},"registered":{"date":"2020-02-03T02:24:02.979Z","age":4},"phone":"11820723","cell":"59985472","id":{"name":"CPR","value":"281074-9011"},"picture":{"large":"https://randomuser.me/api/portraits/women/34.jpg","medium":"https://randomuser.me/api/portraits/med/women/34.jpg","thumbnail":"https://randomuser.me/api/portraits/thumb/women/34.jpg"},"nat":"DK"}],"info":{"seed":"5c00644e13c920d2","results":1,"page":1,"version":"1.4"}} 
 </msg>
<msg time="2024-07-19T13:17:42.147962" level="INFO">/opt/hostedtoolcache/Python/3.12.4/x64/lib/python3.12/site-packages/urllib3/connectionpool.py:1099: InsecureRequestWarning: Unverified HTTPS request is being made to host 'randomuser.me'. Adding certificate verification is strongly advised. See: https://urllib3.readthedocs.io/en/latest/advanced-usage.html#tls-warnings
  warnings.warn(</msg>
<msg time="2024-07-19T13:17:42.148123" level="INFO">${response} = &lt;Response [200]&gt;</msg>
<var>${response}</var>
<arg>consultarAPI</arg>
<arg>/api</arg>
<doc>Sends a GET request on a previously created HTTP Session.</doc>
<status status="PASS" start="2024-07-19T13:17:42.059010" elapsed="0.089161"/>
</kw>
<kw name="Set Variable" owner="BuiltIn">
<msg time="2024-07-19T13:17:42.149431" level="INFO">${json_data} = {'results': [{'gender': 'female', 'name': {'title': 'Ms', 'first': 'Johanne', 'last': 'Madsen'}, 'location': {'street': {'number': 912, 'name': 'Egholmvej'}, 'city': 'Nimtofte', 'state': 'Hovedstaden'...</msg>
<var>${json_data}</var>
<arg>${response.json()}</arg>
<doc>Returns the given values which can then be assigned to a variables.</doc>
<status status="PASS" start="2024-07-19T13:17:42.148821" elapsed="0.000641"/>
</kw>
<kw name="Log" owner="BuiltIn">
<msg time="2024-07-19T13:17:42.150054" level="INFO">{'results': [{'gender': 'female', 'name': {'title': 'Ms', 'first': 'Johanne', 'last': 'Madsen'}, 'location': {'street': {'number': 912, 'name': 'Egholmvej'}, 'city': 'Nimtofte', 'state': 'Hovedstaden', 'country': 'Denmark', 'postcode': 43669, 'coordinates': {'latitude': '-44.8865', 'longitude': '152.6513'}, 'timezone': {'offset': '-2:00', 'description': 'Mid-Atlantic'}}, 'email': 'johanne.madsen@example.com', 'login': {'uuid': '67d61282-5a3a-44d3-9acf-248e521d30b4', 'username': 'yellowcat353', 'password': 'shogun', 'salt': 'OoOs1luP', 'md5': '068e05f783bdc1c3beaef2f64e7ffd08', 'sha1': '897d19fb9f6acdf691d5a938f91d3a3a4e18e0c0', 'sha256': '1deac75041e86f147418fe3d7e73f29f5068d447afad273615f6dfcab2e5e50f'}, 'dob': {'date': '1974-10-29T01:16:22.390Z', 'age': 49}, 'registered': {'date': '2020-02-03T02:24:02.979Z', 'age': 4}, 'phone': '11820723', 'cell': '59985472', 'id': {'name': 'CPR', 'value': '281074-9011'}, 'picture': {'large': 'https://randomuser.me/api/portraits/women/34.jpg', 'medium': 'https://randomuser.me/api/portraits/med/women/34.jpg', 'thumbnail': 'https://randomuser.me/api/portraits/thumb/women/34.jpg'}, 'nat': 'DK'}], 'info': {'seed': '5c00644e13c920d2', 'results': 1, 'page': 1, 'version': '1.4'}}</msg>
<arg>${json_data}</arg>
<doc>Logs the given message with the given level.</doc>
<status status="PASS" start="2024-07-19T13:17:42.149859" elapsed="0.000248"/>
</kw>
<kw name="Dictionary Should Contain Key" owner="Collections">
<arg>${json_data}</arg>
<arg>results</arg>
<doc>Fails if ``key`` is not found from ``dictionary``.</doc>
<status status="PASS" start="2024-07-19T13:17:42.150518" elapsed="0.000188"/>
</kw>
<kw name="Should Not Be Empty" owner="BuiltIn">
<msg time="2024-07-19T13:17:42.151063" level="INFO">Length is 2.</msg>
<arg>${json_data}</arg>
<doc>Verifies that the given item is not empty.</doc>
<status status="PASS" start="2024-07-19T13:17:42.150919" elapsed="0.000186"/>
</kw>
<kw name="Create List" owner="BuiltIn">
<msg time="2024-07-19T13:17:42.151588" level="INFO">${expected_keys} = ['gender', 'name', 'location', 'email', 'login']</msg>
<var>${expected_keys}</var>
<arg>gender</arg>
<arg>name</arg>
<arg>location</arg>
<arg>email</arg>
<arg>login</arg>
<doc>Returns a list containing given items.</doc>
<status status="PASS" start="2024-07-19T13:17:42.151425" elapsed="0.000188"/>
</kw>
<for flavor="IN">
<iter>
<kw name="Dictionary Should Contain Key" owner="Collections">
<arg>${json_data['results'][0]}</arg>
<arg>${key}</arg>
<doc>Fails if ``key`` is not found from ``dictionary``.</doc>
<status status="PASS" start="2024-07-19T13:17:42.152241" elapsed="0.000452"/>
</kw>
<kw name="Log" owner="BuiltIn">
<msg time="2024-07-19T13:17:42.153268" level="INFO">{'gender': 'female', 'name': {'title': 'Ms', 'first': 'Johanne', 'last': 'Madsen'}, 'location': {'street': {'number': 912, 'name': 'Egholmvej'}, 'city': 'Nimtofte', 'state': 'Hovedstaden', 'country': 'Denmark', 'postcode': 43669, 'coordinates': {'latitude': '-44.8865', 'longitude': '152.6513'}, 'timezone': {'offset': '-2:00', 'description': 'Mid-Atlantic'}}, 'email': 'johanne.madsen@example.com', 'login': {'uuid': '67d61282-5a3a-44d3-9acf-248e521d30b4', 'username': 'yellowcat353', 'password': 'shogun', 'salt': 'OoOs1luP', 'md5': '068e05f783bdc1c3beaef2f64e7ffd08', 'sha1': '897d19fb9f6acdf691d5a938f91d3a3a4e18e0c0', 'sha256': '1deac75041e86f147418fe3d7e73f29f5068d447afad273615f6dfcab2e5e50f'}, 'dob': {'date': '1974-10-29T01:16:22.390Z', 'age': 49}, 'registered': {'date': '2020-02-03T02:24:02.979Z', 'age': 4}, 'phone': '11820723', 'cell': '59985472', 'id': {'name': 'CPR', 'value': '281074-9011'}, 'picture': {'large': 'https://randomuser.me/api/portraits/women/34.jpg', 'medium': 'https://randomuser.me/api/portraits/med/women/34.jpg', 'thumbnail': 'https://randomuser.me/api/portraits/thumb/women/34.jpg'}, 'nat': 'DK'}</msg>
<arg>${json_data['results'][0]}</arg>
<doc>Logs the given message with the given level.</doc>
<status status="PASS" start="2024-07-19T13:17:42.152890" elapsed="0.000429"/>
</kw>
<kw name="Log" owner="BuiltIn">
<msg time="2024-07-19T13:17:42.153774" level="INFO">gender</msg>
<arg>${key}</arg>
<doc>Logs the given message with the given level.</doc>
<status status="PASS" start="2024-07-19T13:17:42.153640" elapsed="0.000176"/>
</kw>
<var name="${key}">gender</var>
<status status="PASS" start="2024-07-19T13:17:42.152101" elapsed="0.001939"/>
</iter>
<iter>
<kw name="Dictionary Should Contain Key" owner="Collections">
<arg>${json_data['results'][0]}</arg>
<arg>${key}</arg>
<doc>Fails if ``key`` is not found from ``dictionary``.</doc>
<status status="PASS" start="2024-07-19T13:17:42.154408" elapsed="0.000412"/>
</kw>
<kw name="Log" owner="BuiltIn">
<msg time="2024-07-19T13:17:42.155378" level="INFO">{'gender': 'female', 'name': {'title': 'Ms', 'first': 'Johanne', 'last': 'Madsen'}, 'location': {'street': {'number': 912, 'name': 'Egholmvej'}, 'city': 'Nimtofte', 'state': 'Hovedstaden', 'country': 'Denmark', 'postcode': 43669, 'coordinates': {'latitude': '-44.8865', 'longitude': '152.6513'}, 'timezone': {'offset': '-2:00', 'description': 'Mid-Atlantic'}}, 'email': 'johanne.madsen@example.com', 'login': {'uuid': '67d61282-5a3a-44d3-9acf-248e521d30b4', 'username': 'yellowcat353', 'password': 'shogun', 'salt': 'OoOs1luP', 'md5': '068e05f783bdc1c3beaef2f64e7ffd08', 'sha1': '897d19fb9f6acdf691d5a938f91d3a3a4e18e0c0', 'sha256': '1deac75041e86f147418fe3d7e73f29f5068d447afad273615f6dfcab2e5e50f'}, 'dob': {'date': '1974-10-29T01:16:22.390Z', 'age': 49}, 'registered': {'date': '2020-02-03T02:24:02.979Z', 'age': 4}, 'phone': '11820723', 'cell': '59985472', 'id': {'name': 'CPR', 'value': '281074-9011'}, 'picture': {'large': 'https://randomuser.me/api/portraits/women/34.jpg', 'medium': 'https://randomuser.me/api/portraits/med/women/34.jpg', 'thumbnail': 'https://randomuser.me/api/portraits/thumb/women/34.jpg'}, 'nat': 'DK'}</msg>
<arg>${json_data['results'][0]}</arg>
<doc>Logs the given message with the given level.</doc>
<status status="PASS" start="2024-07-19T13:17:42.155007" elapsed="0.000457"/>
</kw>
<kw name="Log" owner="BuiltIn">
<msg time="2024-07-19T13:17:42.155907" level="INFO">name</msg>
<arg>${key}</arg>
<doc>Logs the given message with the given level.</doc>
<status status="PASS" start="2024-07-19T13:17:42.155776" elapsed="0.000170"/>
</kw>
<var name="${key}">name</var>
<status status="PASS" start="2024-07-19T13:17:42.154286" elapsed="0.001883"/>
</iter>
<iter>
<kw name="Dictionary Should Contain Key" owner="Collections">
<arg>${json_data['results'][0]}</arg>
<arg>${key}</arg>
<doc>Fails if ``key`` is not found from ``dictionary``.</doc>
<status status="PASS" start="2024-07-19T13:17:42.156547" elapsed="0.000613"/>
</kw>
<kw name="Log" owner="BuiltIn">
<msg time="2024-07-19T13:17:42.158083" level="INFO">{'gender': 'female', 'name': {'title': 'Ms', 'first': 'Johanne', 'last': 'Madsen'}, 'location': {'street': {'number': 912, 'name': 'Egholmvej'}, 'city': 'Nimtofte', 'state': 'Hovedstaden', 'country': 'Denmark', 'postcode': 43669, 'coordinates': {'latitude': '-44.8865', 'longitude': '152.6513'}, 'timezone': {'offset': '-2:00', 'description': 'Mid-Atlantic'}}, 'email': 'johanne.madsen@example.com', 'login': {'uuid': '67d61282-5a3a-44d3-9acf-248e521d30b4', 'username': 'yellowcat353', 'password': 'shogun', 'salt': 'OoOs1luP', 'md5': '068e05f783bdc1c3beaef2f64e7ffd08', 'sha1': '897d19fb9f6acdf691d5a938f91d3a3a4e18e0c0', 'sha256': '1deac75041e86f147418fe3d7e73f29f5068d447afad273615f6dfcab2e5e50f'}, 'dob': {'date': '1974-10-29T01:16:22.390Z', 'age': 49}, 'registered': {'date': '2020-02-03T02:24:02.979Z', 'age': 4}, 'phone': '11820723', 'cell': '59985472', 'id': {'name': 'CPR', 'value': '281074-9011'}, 'picture': {'large': 'https://randomuser.me/api/portraits/women/34.jpg', 'medium': 'https://randomuser.me/api/portraits/med/women/34.jpg', 'thumbnail': 'https://randomuser.me/api/portraits/thumb/women/34.jpg'}, 'nat': 'DK'}</msg>
<arg>${json_data['results'][0]}</arg>
<doc>Logs the given message with the given level.</doc>
<status status="PASS" start="2024-07-19T13:17:42.157466" elapsed="0.000724"/>
</kw>
<kw name="Log" owner="BuiltIn">
<msg time="2024-07-19T13:17:42.158890" level="INFO">location</msg>
<arg>${key}</arg>
<doc>Logs the given message with the given level.</doc>
<status status="PASS" start="2024-07-19T13:17:42.158675" elapsed="0.000284"/>
</kw>
<var name="${key}">location</var>
<status status="PASS" start="2024-07-19T13:17:42.156392" elapsed="0.002927"/>
</iter>
<iter>
<kw name="Dictionary Should Contain Key" owner="Collections">
<arg>${json_data['results'][0]}</arg>
<arg>${key}</arg>
<doc>Fails if ``key`` is not found from ``dictionary``.</doc>
<status status="PASS" start="2024-07-19T13:17:42.159829" elapsed="0.000678"/>
</kw>
<kw name="Log" owner="BuiltIn">
<msg time="2024-07-19T13:17:42.161532" level="INFO">{'gender': 'female', 'name': {'title': 'Ms', 'first': 'Johanne', 'last': 'Madsen'}, 'location': {'street': {'number': 912, 'name': 'Egholmvej'}, 'city': 'Nimtofte', 'state': 'Hovedstaden', 'country': 'Denmark', 'postcode': 43669, 'coordinates': {'latitude': '-44.8865', 'longitude': '152.6513'}, 'timezone': {'offset': '-2:00', 'description': 'Mid-Atlantic'}}, 'email': 'johanne.madsen@example.com', 'login': {'uuid': '67d61282-5a3a-44d3-9acf-248e521d30b4', 'username': 'yellowcat353', 'password': 'shogun', 'salt': 'OoOs1luP', 'md5': '068e05f783bdc1c3beaef2f64e7ffd08', 'sha1': '897d19fb9f6acdf691d5a938f91d3a3a4e18e0c0', 'sha256': '1deac75041e86f147418fe3d7e73f29f5068d447afad273615f6dfcab2e5e50f'}, 'dob': {'date': '1974-10-29T01:16:22.390Z', 'age': 49}, 'registered': {'date': '2020-02-03T02:24:02.979Z', 'age': 4}, 'phone': '11820723', 'cell': '59985472', 'id': {'name': 'CPR', 'value': '281074-9011'}, 'picture': {'large': 'https://randomuser.me/api/portraits/women/34.jpg', 'medium': 'https://randomuser.me/api/portraits/med/women/34.jpg', 'thumbnail': 'https://randomuser.me/api/portraits/thumb/women/34.jpg'}, 'nat': 'DK'}</msg>
<arg>${json_data['results'][0]}</arg>
<doc>Logs the given message with the given level.</doc>
<status status="PASS" start="2024-07-19T13:17:42.160988" elapsed="0.000597"/>
</kw>
<kw name="Log" owner="BuiltIn">
<msg time="2024-07-19T13:17:42.162049" level="INFO">email</msg>
<arg>${key}</arg>
<doc>Logs the given message with the given level.</doc>
<status status="PASS" start="2024-07-19T13:17:42.161911" elapsed="0.000179"/>
</kw>
<var name="${key}">email</var>
<status status="PASS" start="2024-07-19T13:17:42.159632" elapsed="0.002756"/>
</iter>
<iter>
<kw name="Dictionary Should Contain Key" owner="Collections">
<arg>${json_data['results'][0]}</arg>
<arg>${key}</arg>
<doc>Fails if ``key`` is not found from ``dictionary``.</doc>
<status status="PASS" start="2024-07-19T13:17:42.162704" elapsed="0.000392"/>
</kw>
<kw name="Log" owner="BuiltIn">
<msg time="2024-07-19T13:17:42.163659" level="INFO">{'gender': 'female', 'name': {'title': 'Ms', 'first': 'Johanne', 'last': 'Madsen'}, 'location': {'street': {'number': 912, 'name': 'Egholmvej'}, 'city': 'Nimtofte', 'state': 'Hovedstaden', 'country': 'Denmark', 'postcode': 43669, 'coordinates': {'latitude': '-44.8865', 'longitude': '152.6513'}, 'timezone': {'offset': '-2:00', 'description': 'Mid-Atlantic'}}, 'email': 'johanne.madsen@example.com', 'login': {'uuid': '67d61282-5a3a-44d3-9acf-248e521d30b4', 'username': 'yellowcat353', 'password': 'shogun', 'salt': 'OoOs1luP', 'md5': '068e05f783bdc1c3beaef2f64e7ffd08', 'sha1': '897d19fb9f6acdf691d5a938f91d3a3a4e18e0c0', 'sha256': '1deac75041e86f147418fe3d7e73f29f5068d447afad273615f6dfcab2e5e50f'}, 'dob': {'date': '1974-10-29T01:16:22.390Z', 'age': 49}, 'registered': {'date': '2020-02-03T02:24:02.979Z', 'age': 4}, 'phone': '11820723', 'cell': '59985472', 'id': {'name': 'CPR', 'value': '281074-9011'}, 'picture': {'large': 'https://randomuser.me/api/portraits/women/34.jpg', 'medium': 'https://randomuser.me/api/portraits/med/women/34.jpg', 'thumbnail': 'https://randomuser.me/api/portraits/thumb/women/34.jpg'}, 'nat': 'DK'}</msg>
<arg>${json_data['results'][0]}</arg>
<doc>Logs the given message with the given level.</doc>
<status status="PASS" start="2024-07-19T13:17:42.163291" elapsed="0.000417"/>
</kw>
<kw name="Log" owner="BuiltIn">
<msg time="2024-07-19T13:17:42.164139" level="INFO">login</msg>
<arg>${key}</arg>
<doc>Logs the given message with the given level.</doc>
<status status="PASS" start="2024-07-19T13:17:42.164009" elapsed="0.000169"/>
</kw>
<var name="${key}">login</var>
<status status="PASS" start="2024-07-19T13:17:42.162585" elapsed="0.001813"/>
</iter>
<var>${key}</var>
<value>@{expected_keys}</value>
<status status="PASS" start="2024-07-19T13:17:42.151893" elapsed="0.012628"/>
</for>
<kw name="Create List" owner="BuiltIn">
<msg time="2024-07-19T13:17:42.164859" level="INFO">${expected_keysTwo} = ['username', 'password']</msg>
<var>${expected_keysTwo}</var>
<arg>username</arg>
<arg>password</arg>
<doc>Returns a list containing given items.</doc>
<status status="PASS" start="2024-07-19T13:17:42.164721" elapsed="0.000162"/>
</kw>
<for flavor="IN">
<iter>
<kw name="Dictionary Should Contain Key" owner="Collections">
<arg>${json_data['results'][0]['login']}</arg>
<arg>${keyTwo}</arg>
<doc>Fails if ``key`` is not found from ``dictionary``.</doc>
<status status="PASS" start="2024-07-19T13:17:42.165428" elapsed="0.000395"/>
</kw>
<kw name="Dictionary Should Contain Key" owner="Collections">
<arg>${json_data['results'][0]['login']}</arg>
<arg>${keyTwo}</arg>
<doc>Fails if ``key`` is not found from ``dictionary``.</doc>
<status status="PASS" start="2024-07-19T13:17:42.166005" elapsed="0.000417"/>
</kw>
<kw name="Log" owner="BuiltIn">
<msg time="2024-07-19T13:17:42.166726" level="INFO">username</msg>
<arg>${keyTwo}</arg>
<doc>Logs the given message with the given level.</doc>
<status status="PASS" start="2024-07-19T13:17:42.166604" elapsed="0.000160"/>
</kw>
<var name="${keyTwo}">username</var>
<status status="PASS" start="2024-07-19T13:17:42.165318" elapsed="0.001668"/>
</iter>
<iter>
<kw name="Dictionary Should Contain Key" owner="Collections">
<arg>${json_data['results'][0]['login']}</arg>
<arg>${keyTwo}</arg>
<doc>Fails if ``key`` is not found from ``dictionary``.</doc>
<status status="PASS" start="2024-07-19T13:17:42.167272" elapsed="0.000378"/>
</kw>
<kw name="Dictionary Should Contain Key" owner="Collections">
<arg>${json_data['results'][0]['login']}</arg>
<arg>${keyTwo}</arg>
<doc>Fails if ``key`` is not found from ``dictionary``.</doc>
<status status="PASS" start="2024-07-19T13:17:42.167829" elapsed="0.000375"/>
</kw>
<kw name="Log" owner="BuiltIn">
<msg time="2024-07-19T13:17:42.168507" level="INFO">password</msg>
<arg>${keyTwo}</arg>
<doc>Logs the given message with the given level.</doc>
<status status="PASS" start="2024-07-19T13:17:42.168382" elapsed="0.000164"/>
</kw>
<var name="${keyTwo}">password</var>
<status status="PASS" start="2024-07-19T13:17:42.167160" elapsed="0.001607"/>
</iter>
<var>${keyTwo}</var>
<value>@{expected_keysTwo}</value>
<status status="PASS" start="2024-07-19T13:17:42.165153" elapsed="0.003735"/>
</for>
<status status="PASS" start="2024-07-19T13:17:42.058766" elapsed="0.110266"/>
</kw>
<doc>Testa a estrutura da resposta da API.</doc>
<tag>testeEstruturaResposta</tag>
<status status="PASS" start="2024-07-19T13:17:42.058251" elapsed="0.110941"/>
</test>
<test id="s1-s1-t4" name="Validar tipos de dados" line="28">
<kw name="Teste de Tipos de Dados" owner="random-user-service">
<kw name="GET On Session" owner="RequestsLibrary">
<msg time="2024-07-19T13:17:42.258344" level="INFO">GET Request : url=https://randomuser.me/api 
 path_url=/api 
 headers={'User-Agent': 'python-requests/2.32.3', 'Accept-Encoding': 'gzip, deflate', 'Accept': '*/*', 'Connection': 'keep-alive'} 
 body=None 
 </msg>
<msg time="2024-07-19T13:17:42.258442" level="INFO">GET Response : url=https://randomuser.me/api 
 status=200, reason=OK 
 headers={'Date': 'Fri, 19 Jul 2024 13:17:42 GMT', 'Content-Type': 'application/json; charset=utf-8', 'Transfer-Encoding': 'chunked', 'Connection': 'keep-alive', 'X-Powered-By': 'Express', 'Access-Control-Allow-Origin': '*', 'Cache-Control': 'no-cache', 'ETag': 'W/"4a2-PGETlA6IxbvwMSipKTG8CaXdSAs"', 'Vary': 'Accept-Encoding', 'Content-Encoding': 'gzip', 'CF-Cache-Status': 'DYNAMIC', 'Report-To': '{"endpoints":[{"url":"https:\\/\\/a.nel.cloudflare.com\\/report\\/v4?s=bbSHL8JAu9tbboZW6mEW0%2BP74jBT7x2jLVjLQiTL0vp4qyRvBl%2BIPLqfojYNkL0kYuFSlSbFl1E5VueyYRCYFsTvkq5nWShG91QOEGLwVp3%2BFVcEZuvDAicOO4C2mLXT"}],"group":"cf-nel","max_age":604800}', 'NEL': '{"success_fraction":0,"report_to":"cf-nel","max_age":604800}', 'Server': 'cloudflare', 'CF-RAY': '8a5afe42996b0648-IAD', 'alt-svc': 'h3=":443"; ma=86400'} 
 body={"results":[{"gender":"female","name":{"title":"Mrs","first":"Naomi","last":"Denis"},"location":{"street":{"number":8788,"name":"Place Paul-Duquaire"},"city":"Rouen","state":"Calvados","country":"France","postcode":52082,"coordinates":{"latitude":"-15.7723","longitude":"173.9753"},"timezone":{"offset":"+10:00","description":"Eastern Australia, Guam, Vladivostok"}},"email":"naomi.denis@example.com","login":{"uuid":"d3afe4c2-7274-4d03-81a7-cb3def24f5d7","username":"lazypeacock743","password":"ncc1701","salt":"jBt1dobg","md5":"651f2fdb04f8bcb0ff2a511455342293","sha1":"89969d6ee2b1cc827ef33a67db61d7892c26b498","sha256":"899758f7e68bbe8260a5a4effc096ccc7e24cb602674b5dc26c7f3b7b5e66608"},"dob":{"date":"1958-10-26T16:29:46.784Z","age":65},"registered":{"date":"2019-10-06T06:08:57.678Z","age":4},"phone":"05-12-93-84-63","cell":"06-62-79-87-99","id":{"name":"INSEE","value":"2580976517027 80"},"picture":{"large":"https://randomuser.me/api/portraits/women/87.jpg","medium":"https://randomuser.me/api/portraits/med/women/87.jpg","thumbnail":"https://randomuser.me/api/portraits/thumb/women/87.jpg"},"nat":"FR"}],"info":{"seed":"2578c3404a7c596f","results":1,"page":1,"version":"1.4"}} 
 </msg>
<msg time="2024-07-19T13:17:42.258513" level="INFO">/opt/hostedtoolcache/Python/3.12.4/x64/lib/python3.12/site-packages/urllib3/connectionpool.py:1099: InsecureRequestWarning: Unverified HTTPS request is being made to host 'randomuser.me'. Adding certificate verification is strongly advised. See: https://urllib3.readthedocs.io/en/latest/advanced-usage.html#tls-warnings
  warnings.warn(</msg>
<msg time="2024-07-19T13:17:42.258628" level="INFO">${response} = &lt;Response [200]&gt;</msg>
<var>${response}</var>
<arg>consultarAPI</arg>
<arg>/api</arg>
<doc>Sends a GET request on a previously created HTTP Session.</doc>
<status status="PASS" start="2024-07-19T13:17:42.171718" elapsed="0.086940"/>
</kw>
<kw name="Set Variable" owner="BuiltIn">
<msg time="2024-07-19T13:17:42.259716" level="INFO">${json_data} = {'results': [{'gender': 'female', 'name': {'title': 'Mrs', 'first': 'Naomi', 'last': 'Denis'}, 'location': {'street': {'number': 8788, 'name': 'Place Paul-Duquaire'}, 'city': 'Rouen', 'state': 'Calvad...</msg>
<var>${json_data}</var>
<arg>${response.json()}</arg>
<doc>Returns the given values which can then be assigned to a variables.</doc>
<status status="PASS" start="2024-07-19T13:17:42.259196" elapsed="0.000550"/>
</kw>
<kw name="Log" owner="BuiltIn">
<msg time="2024-07-19T13:17:42.260207" level="INFO">{'results': [{'gender': 'female', 'name': {'title': 'Mrs', 'first': 'Naomi', 'last': 'Denis'}, 'location': {'street': {'number': 8788, 'name': 'Place Paul-Duquaire'}, 'city': 'Rouen', 'state': 'Calvados', 'country': 'France', 'postcode': 52082, 'coordinates': {'latitude': '-15.7723', 'longitude': '173.9753'}, 'timezone': {'offset': '+10:00', 'description': 'Eastern Australia, Guam, Vladivostok'}}, 'email': 'naomi.denis@example.com', 'login': {'uuid': 'd3afe4c2-7274-4d03-81a7-cb3def24f5d7', 'username': 'lazypeacock743', 'password': 'ncc1701', 'salt': 'jBt1dobg', 'md5': '651f2fdb04f8bcb0ff2a511455342293', 'sha1': '89969d6ee2b1cc827ef33a67db61d7892c26b498', 'sha256': '899758f7e68bbe8260a5a4effc096ccc7e24cb602674b5dc26c7f3b7b5e66608'}, 'dob': {'date': '1958-10-26T16:29:46.784Z', 'age': 65}, 'registered': {'date': '2019-10-06T06:08:57.678Z', 'age': 4}, 'phone': '05-12-93-84-63', 'cell': '06-62-79-87-99', 'id': {'name': 'INSEE', 'value': '2580976517027 80'}, 'picture': {'large': 'https://randomuser.me/api/portraits/women/87.jpg', 'medium': 'https://randomuser.me/api/portraits/med/women/87.jpg', 'thumbnail': 'https://randomuser.me/api/portraits/thumb/women/87.jpg'}, 'nat': 'FR'}], 'info': {'seed': '2578c3404a7c596f', 'results': 1, 'page': 1, 'version': '1.4'}}</msg>
<arg>${json_data}</arg>
<doc>Logs the given message with the given level.</doc>
<status status="PASS" start="2024-07-19T13:17:42.260053" elapsed="0.000212"/>
</kw>
<kw name="Should Be String" owner="String">
<arg>${json_data['results'][0]['gender']}</arg>
<doc>Fails if the given ``item`` is not a string.</doc>
<status status="PASS" start="2024-07-19T13:17:42.260559" elapsed="0.000366"/>
</kw>
<kw name="Should Match Regexp" owner="BuiltIn">
<arg>${json_data['results'][0]['email']}</arg>
<arg>^[a-zA-Z0-9._%+-]+@[a-zA-Z0-9.-]+\.[a-zA-Z]{2,}$</arg>
<doc>Fails if ``string`` does not match ``pattern`` as a regular expression.</doc>
<status status="PASS" start="2024-07-19T13:17:42.261115" elapsed="0.000512"/>
</kw>
<kw name="Should Match Regexp" owner="BuiltIn">
<arg>${json_data['results'][0]['dob']['date']}</arg>
<arg>\\d{4}-\\d{2}-\\d{2}T\\d{2}:\\d{2}:\\d{2}\\.\\d{3}Z</arg>
<doc>Fails if ``string`` does not match ``pattern`` as a regular expression.</doc>
<status status="PASS" start="2024-07-19T13:17:42.261862" elapsed="0.000688"/>
</kw>
<kw name="Should Match Regexp" owner="BuiltIn">
<arg>${json_data['results'][0]['registered']['date']}</arg>
<arg>\\d{4}-\\d{2}-\\d{2}T\\d{2}:\\d{2}:\\d{2}\\.\\d{3}Z</arg>
<doc>Fails if ``string`` does not match ``pattern`` as a regular expression.</doc>
<status status="PASS" start="2024-07-19T13:17:42.262747" elapsed="0.000375"/>
</kw>
<kw name="Should Match Regexp" owner="BuiltIn">
<arg>${json_data['results'][0]['picture']['large']}</arg>
<arg>^https?://.*\.(?:png|jpe?g|gif|bmp)$</arg>
<doc>Fails if ``string`` does not match ``pattern`` as a regular expression.</doc>
<status status="PASS" start="2024-07-19T13:17:42.263308" elapsed="0.000461"/>
</kw>
<kw name="Should Match Regexp" owner="BuiltIn">
<arg>${json_data['results'][0]['picture']['medium']}</arg>
<arg>^https?://.*\.(?:png|jpe?g|gif|bmp)$</arg>
<doc>Fails if ``string`` does not match ``pattern`` as a regular expression.</doc>
<status status="PASS" start="2024-07-19T13:17:42.263960" elapsed="0.000353"/>
</kw>
<kw name="Should Match Regexp" owner="BuiltIn">
<arg>${json_data['results'][0]['picture']['thumbnail']}</arg>
<arg>^https?://.*\.(?:png|jpe?g|gif|bmp)$</arg>
<doc>Fails if ``string`` does not match ``pattern`` as a regular expression.</doc>
<status status="PASS" start="2024-07-19T13:17:42.264498" elapsed="0.000349"/>
</kw>
<kw name="Log" owner="BuiltIn">
<msg time="2024-07-19T13:17:42.265352" level="INFO">{'large': 'https://randomuser.me/api/portraits/women/87.jpg', 'medium': 'https://randomuser.me/api/portraits/med/women/87.jpg', 'thumbnail': 'https://randomuser.me/api/portraits/thumb/women/87.jpg'}</msg>
<arg>${json_data['results'][0]['picture']}</arg>
<doc>Logs the given message with the given level.</doc>
<status status="PASS" start="2024-07-19T13:17:42.265029" elapsed="0.000366"/>
</kw>
<status status="PASS" start="2024-07-19T13:17:42.171488" elapsed="0.094174"/>
</kw>
<kw name="Teste de Tipos de Dados - Postcode" owner="random-user-service">
<kw name="GET On Session" owner="RequestsLibrary">
<msg time="2024-07-19T13:17:42.352435" level="INFO">GET Request : url=https://randomuser.me/api 
 path_url=/api 
 headers={'User-Agent': 'python-requests/2.32.3', 'Accept-Encoding': 'gzip, deflate', 'Accept': '*/*', 'Connection': 'keep-alive'} 
 body=None 
 </msg>
<msg time="2024-07-19T13:17:42.352551" level="INFO">GET Response : url=https://randomuser.me/api 
 status=200, reason=OK 
 headers={'Date': 'Fri, 19 Jul 2024 13:17:42 GMT', 'Content-Type': 'application/json; charset=utf-8', 'Transfer-Encoding': 'chunked', 'Connection': 'keep-alive', 'X-Powered-By': 'Express', 'Access-Control-Allow-Origin': '*', 'Cache-Control': 'no-cache', 'ETag': 'W/"497-v7rg6VxMLVog87arQ9qWP0hhJIA"', 'Vary': 'Accept-Encoding', 'Content-Encoding': 'gzip', 'CF-Cache-Status': 'DYNAMIC', 'Report-To': '{"endpoints":[{"url":"https:\\/\\/a.nel.cloudflare.com\\/report\\/v4?s=8UT6cdaXczLuNhFpp5WI3ZY655J28nzH9gI30bE5I0oOqIPym9Fn5C50F5w3utejpGrQuCgPCW6cM4zsmD9h%2F%2FPdwHOLUXfKjunITFn6zoCFKGH%2FMh6A%2FbylbCVxzUmB"}],"group":"cf-nel","max_age":604800}', 'NEL': '{"success_fraction":0,"report_to":"cf-nel","max_age":604800}', 'Server': 'cloudflare', 'CF-RAY': '8a5afe432a0f0648-IAD', 'alt-svc': 'h3=":443"; ma=86400'} 
 body={"results":[{"gender":"female","name":{"title":"Ms","first":"Lucy","last":"Steward"},"location":{"street":{"number":5670,"name":"O'Connell Avenue"},"city":"Ennis","state":"Roscommon","country":"Ireland","postcode":62892,"coordinates":{"latitude":"-3.7764","longitude":"10.6569"},"timezone":{"offset":"-4:00","description":"Atlantic Time (Canada), Caracas, La Paz"}},"email":"lucy.steward@example.com","login":{"uuid":"aeb4986c-9d9b-41e0-9d81-08ce57b7811e","username":"beautifulbird586","password":"lkjhgfds","salt":"3MRe4bZ3","md5":"55f791af79069f6f713653542cdaa712","sha1":"3c6f8d1204c0585d159ff03f29e94941ec470306","sha256":"70f48fd2234ce1e9ca963acce70297b52396b64c3cb95d9989d5b6c44981e427"},"dob":{"date":"1989-06-02T00:06:36.591Z","age":35},"registered":{"date":"2020-04-30T10:10:32.788Z","age":4},"phone":"041-745-0090","cell":"081-094-6440","id":{"name":"PPS","value":"1813978T"},"picture":{"large":"https://randomuser.me/api/portraits/women/34.jpg","medium":"https://randomuser.me/api/portraits/med/women/34.jpg","thumbnail":"https://randomuser.me/api/portraits/thumb/women/34.jpg"},"nat":"IE"}],"info":{"seed":"a74a6a0661c141a6","results":1,"page":1,"version":"1.4"}} 
 </msg>
<msg time="2024-07-19T13:17:42.352628" level="INFO">/opt/hostedtoolcache/Python/3.12.4/x64/lib/python3.12/site-packages/urllib3/connectionpool.py:1099: InsecureRequestWarning: Unverified HTTPS request is being made to host 'randomuser.me'. Adding certificate verification is strongly advised. See: https://urllib3.readthedocs.io/en/latest/advanced-usage.html#tls-warnings
  warnings.warn(</msg>
<msg time="2024-07-19T13:17:42.352759" level="INFO">${response} = &lt;Response [200]&gt;</msg>
<var>${response}</var>
<arg>consultarAPI</arg>
<arg>/api</arg>
<doc>Sends a GET request on a previously created HTTP Session.</doc>
<status status="PASS" start="2024-07-19T13:17:42.266117" elapsed="0.086684"/>
</kw>
<kw name="Set Variable" owner="BuiltIn">
<msg time="2024-07-19T13:17:42.353839" level="INFO">${json_data} = {'results': [{'gender': 'female', 'name': {'title': 'Ms', 'first': 'Lucy', 'last': 'Steward'}, 'location': {'street': {'number': 5670, 'name': "O'Connell Avenue"}, 'city': 'Ennis', 'state': 'Roscommon...</msg>
<var>${json_data}</var>
<arg>${response.json()}</arg>
<doc>Returns the given values which can then be assigned to a variables.</doc>
<status status="PASS" start="2024-07-19T13:17:42.353318" elapsed="0.000553"/>
</kw>
<kw name="Log" owner="BuiltIn">
<msg time="2024-07-19T13:17:42.354383" level="INFO">{'results': [{'gender': 'female', 'name': {'title': 'Ms', 'first': 'Lucy', 'last': 'Steward'}, 'location': {'street': {'number': 5670, 'name': "O'Connell Avenue"}, 'city': 'Ennis', 'state': 'Roscommon', 'country': 'Ireland', 'postcode': 62892, 'coordinates': {'latitude': '-3.7764', 'longitude': '10.6569'}, 'timezone': {'offset': '-4:00', 'description': 'Atlantic Time (Canada), Caracas, La Paz'}}, 'email': 'lucy.steward@example.com', 'login': {'uuid': 'aeb4986c-9d9b-41e0-9d81-08ce57b7811e', 'username': 'beautifulbird586', 'password': 'lkjhgfds', 'salt': '3MRe4bZ3', 'md5': '55f791af79069f6f713653542cdaa712', 'sha1': '3c6f8d1204c0585d159ff03f29e94941ec470306', 'sha256': '70f48fd2234ce1e9ca963acce70297b52396b64c3cb95d9989d5b6c44981e427'}, 'dob': {'date': '1989-06-02T00:06:36.591Z', 'age': 35}, 'registered': {'date': '2020-04-30T10:10:32.788Z', 'age': 4}, 'phone': '041-745-0090', 'cell': '081-094-6440', 'id': {'name': 'PPS', 'value': '1813978T'}, 'picture': {'large': 'https://randomuser.me/api/portraits/women/34.jpg', 'medium': 'https://randomuser.me/api/portraits/med/women/34.jpg', 'thumbnail': 'https://randomuser.me/api/portraits/thumb/women/34.jpg'}, 'nat': 'IE'}], 'info': {'seed': 'a74a6a0661c141a6', 'results': 1, 'page': 1, 'version': '1.4'}}</msg>
<arg>${json_data}</arg>
<doc>Logs the given message with the given level.</doc>
<status status="PASS" start="2024-07-19T13:17:42.354218" elapsed="0.000221"/>
</kw>
<kw name="Should Be Equal As Numbers" owner="BuiltIn">
<arg>${json_data['results'][0]['location']['postcode']}</arg>
<arg>${json_data['results'][0]['location']['postcode']}</arg>
<doc>Fails if objects are unequal after converting them to real numbers.</doc>
<status status="PASS" start="2024-07-19T13:17:42.354746" elapsed="0.000628"/>
</kw>
<kw name="Log" owner="BuiltIn">
<msg time="2024-07-19T13:17:42.355914" level="INFO">62892</msg>
<arg>${json_data['results'][0]['location']['postcode']}</arg>
<doc>Logs the given message with the given level.</doc>
<status status="PASS" start="2024-07-19T13:17:42.355570" elapsed="0.000386"/>
</kw>
<status status="PASS" start="2024-07-19T13:17:42.265886" elapsed="0.090369"/>
</kw>
<doc>Testa se os tipos de dados na resposta da API estão corretos.</doc>
<tag>testeTiposDados</tag>
<status status="PASS" start="2024-07-19T13:17:42.171028" elapsed="0.185405"/>
</test>
<test id="s1-s1-t5" name="Validar conteudo" line="35">
<kw name="Teste de Tipos de Conteudo" owner="random-user-service">
<kw name="GET On Session" owner="RequestsLibrary">
<msg time="2024-07-19T13:17:42.465888" level="INFO">GET Request : url=https://randomuser.me/api 
 path_url=/api 
 headers={'User-Agent': 'python-requests/2.32.3', 'Accept-Encoding': 'gzip, deflate', 'Accept': '*/*', 'Connection': 'keep-alive'} 
 body=None 
 </msg>
<msg time="2024-07-19T13:17:42.465988" level="INFO">GET Response : url=https://randomuser.me/api 
 status=200, reason=OK 
 headers={'Date': 'Fri, 19 Jul 2024 13:17:42 GMT', 'Content-Type': 'application/json; charset=utf-8', 'Transfer-Encoding': 'chunked', 'Connection': 'keep-alive', 'X-Powered-By': 'Express', 'Access-Control-Allow-Origin': '*', 'Cache-Control': 'no-cache', 'ETag': 'W/"4b3-ZV7NMYyhD63qWr/p79WcbABdGM8"', 'Vary': 'Accept-Encoding', 'Content-Encoding': 'gzip', 'CF-Cache-Status': 'DYNAMIC', 'Report-To': '{"endpoints":[{"url":"https:\\/\\/a.nel.cloudflare.com\\/report\\/v4?s=y2m85K4Hz09583WQuXl9xLQf%2BEBoGlpKQsimFErqGSrtW%2FNIqUo9sd3OkrsUW1g8YdkCd4Atc4qHNF3vmT%2FQxPHIB4%2Fk5BahMJpg7ES9BRAdigdGx%2BvEo6527jj5MwM5"}],"group":"cf-nel","max_age":604800}', 'NEL': '{"success_fraction":0,"report_to":"cf-nel","max_age":604800}', 'Server': 'cloudflare', 'CF-RAY': '8a5afe43cab00648-IAD', 'alt-svc': 'h3=":443"; ma=86400'} 
 body={"results":[{"gender":"male","name":{"title":"Mr","first":"Dárcio","last":"Teixeira"},"location":{"street":{"number":6461,"name":"Rua José Bonifácio "},"city":"Lauro de Freitas","state":"Santa Catarina","country":"Brazil","postcode":80357,"coordinates":{"latitude":"-77.6887","longitude":"-87.3058"},"timezone":{"offset":"+5:30","description":"Bombay, Calcutta, Madras, New Delhi"}},"email":"darcio.teixeira@example.com","login":{"uuid":"4fba57dc-2404-4ece-a198-451a1d045f0a","username":"purpleleopard335","password":"anthony1","salt":"iqaq3W3i","md5":"29f463e6ca48b6fe32ae8952dba0426f","sha1":"3e4fe45777f3609895856c7b3881a03e3a0fd1c8","sha256":"9d37f17bee3e2a51f55021dfe479b0cc6f16a2395deb49818e3e846d388586ff"},"dob":{"date":"1962-06-02T13:30:16.990Z","age":62},"registered":{"date":"2004-04-27T13:49:55.957Z","age":20},"phone":"(18) 0239-0662","cell":"(89) 6721-3180","id":{"name":"CPF","value":"468.769.806-26"},"picture":{"large":"https://randomuser.me/api/portraits/men/67.jpg","medium":"https://randomuser.me/api/portraits/med/men/67.jpg","thumbnail":"https://randomuser.me/api/portraits/thumb/men/67.jpg"},"nat":"BR"}],"info":{"seed":"b691e8da927ee427","results":1,"page":1,"version":"1.4"}} 
 </msg>
<msg time="2024-07-19T13:17:42.466063" level="INFO">/opt/hostedtoolcache/Python/3.12.4/x64/lib/python3.12/site-packages/urllib3/connectionpool.py:1099: InsecureRequestWarning: Unverified HTTPS request is being made to host 'randomuser.me'. Adding certificate verification is strongly advised. See: https://urllib3.readthedocs.io/en/latest/advanced-usage.html#tls-warnings
  warnings.warn(</msg>
<msg time="2024-07-19T13:17:42.466214" level="INFO">${response} = &lt;Response [200]&gt;</msg>
<var>${response}</var>
<arg>consultarAPI</arg>
<arg>/api</arg>
<doc>Sends a GET request on a previously created HTTP Session.</doc>
<status status="PASS" start="2024-07-19T13:17:42.359382" elapsed="0.106875"/>
</kw>
<kw name="Set Variable" owner="BuiltIn">
<msg time="2024-07-19T13:17:42.467328" level="INFO">${json_data} = {'results': [{'gender': 'male', 'name': {'title': 'Mr', 'first': 'Dárcio', 'last': 'Teixeira'}, 'location': {'street': {'number': 6461, 'name': 'Rua José Bonifácio '}, 'city': 'Lauro de Freitas', 'sta...</msg>
<var>${json_data}</var>
<arg>${response.json()}</arg>
<doc>Returns the given values which can then be assigned to a variables.</doc>
<status status="PASS" start="2024-07-19T13:17:42.466788" elapsed="0.000571"/>
</kw>
<kw name="Set Variable" owner="BuiltIn">
<msg time="2024-07-19T13:17:42.468081" level="INFO">${name_title} = Mr</msg>
<var>${name_title}</var>
<arg>${json_data["results"][0]["name"]["title"]}</arg>
<doc>Returns the given values which can then be assigned to a variables.</doc>
<status status="PASS" start="2024-07-19T13:17:42.467675" elapsed="0.000432"/>
</kw>
<kw name="Create List" owner="BuiltIn">
<msg time="2024-07-19T13:17:42.468559" level="INFO">${allowed_titles} = ['Mr', 'Ms', 'Miss', 'Mrs', 'Madame', 'Monsieur']</msg>
<var>${allowed_titles}</var>
<arg>Mr</arg>
<arg>Ms</arg>
<arg>Miss</arg>
<arg>Mrs</arg>
<arg>Madame</arg>
<arg>Monsieur</arg>
<doc>Returns a list containing given items.</doc>
<status status="PASS" start="2024-07-19T13:17:42.468408" elapsed="0.000177"/>
</kw>
<kw name="List Should Contain Value" owner="Collections">
<arg>${allowed_titles}</arg>
<arg>${name_title}</arg>
<doc>Fails if the ``value`` is not found from ``list``.</doc>
<status status="PASS" start="2024-07-19T13:17:42.468892" elapsed="0.000181"/>
</kw>
<kw name="Set Variable" owner="BuiltIn">
<msg time="2024-07-19T13:17:42.469668" level="INFO">${name_country} = BR</msg>
<var>${name_country}</var>
<arg>${json_data["results"][0]["nat"]}</arg>
<doc>Returns the given values which can then be assigned to a variables.</doc>
<status status="PASS" start="2024-07-19T13:17:42.469275" elapsed="0.000419"/>
</kw>
<kw name="Create List" owner="BuiltIn">
<msg time="2024-07-19T13:17:42.470631" level="INFO">${list_country} = ['AD', 'AE', 'AF', 'AG', 'AI', 'AL', 'AM', 'AO', 'AQ', 'AR', 'AS', 'AT', 'AU', 'AW', 'AX', 'AZ', 'BA', 'BB', 'BD', 'BE', 'BF', 'BG', 'BH', 'BI', 'BJ', 'BL', 'BM', 'BN', 'BO', 'BQ', 'BR', 'BS', 'BT', '...</msg>
<var>${list_country}</var>
<arg>AD</arg>
<arg>AE</arg>
<arg>AF</arg>
<arg>AG</arg>
<arg>AI</arg>
<arg>AL</arg>
<arg>AM</arg>
<arg>AO</arg>
<arg>AQ</arg>
<arg>AR</arg>
<arg>AS</arg>
<arg>AT</arg>
<arg>AU</arg>
<arg>AW</arg>
<arg>AX</arg>
<arg>AZ</arg>
<arg>BA</arg>
<arg>BB</arg>
<arg>BD</arg>
<arg>BE</arg>
<arg>BF</arg>
<arg>BG</arg>
<arg>BH</arg>
<arg>BI</arg>
<arg>BJ</arg>
<arg>BL</arg>
<arg>BM</arg>
<arg>BN</arg>
<arg>BO</arg>
<arg>BQ</arg>
<arg>BR</arg>
<arg>BS</arg>
<arg>BT</arg>
<arg>BV</arg>
<arg>BW</arg>
<arg>BY</arg>
<arg>BZ</arg>
<arg>CA</arg>
<arg>CC</arg>
<arg>CD</arg>
<arg>CF</arg>
<arg>CG</arg>
<arg>CH</arg>
<arg>CI</arg>
<arg>CK</arg>
<arg>CL</arg>
<arg>CM</arg>
<arg>CN</arg>
<arg>CO</arg>
<arg>CR</arg>
<arg>CU</arg>
<arg>CV</arg>
<arg>CW</arg>
<arg>CX</arg>
<arg>CY</arg>
<arg>CZ</arg>
<arg>DE</arg>
<arg>DJ</arg>
<arg>DK</arg>
<arg>DM</arg>
<arg>DO</arg>
<arg>DZ</arg>
<arg>EC</arg>
<arg>EE</arg>
<arg>EG</arg>
<arg>EH</arg>
<arg>ER</arg>
<arg>ES</arg>
<arg>ET</arg>
<arg>FI</arg>
<arg>FJ</arg>
<arg>FK</arg>
<arg>FM</arg>
<arg>FO</arg>
<arg>FR</arg>
<arg>GA</arg>
<arg>GB</arg>
<arg>GD</arg>
<arg>GE</arg>
<arg>GF</arg>
<arg>GG</arg>
<arg>GH</arg>
<arg>GI</arg>
<arg>GL</arg>
<arg>GM</arg>
<arg>GN</arg>
<arg>GP</arg>
<arg>GQ</arg>
<arg>GR</arg>
<arg>GS</arg>
<arg>GT</arg>
<arg>GU</arg>
<arg>GW</arg>
<arg>GY</arg>
<arg>HK</arg>
<arg>HM</arg>
<arg>HN</arg>
<arg>HR</arg>
<arg>HT</arg>
<arg>HU</arg>
<arg>ID</arg>
<arg>IE</arg>
<arg>IL</arg>
<arg>IM</arg>
<arg>IN</arg>
<arg>IO</arg>
<arg>IQ</arg>
<arg>IR</arg>
<arg>IS</arg>
<arg>IT</arg>
<arg>JE</arg>
<arg>JM</arg>
<arg>JO</arg>
<arg>JP</arg>
<arg>KE</arg>
<arg>KG</arg>
<arg>KH</arg>
<arg>KI</arg>
<arg>KM</arg>
<arg>KN</arg>
<arg>KP</arg>
<arg>KR</arg>
<arg>KW</arg>
<arg>KY</arg>
<arg>KZ</arg>
<arg>LA</arg>
<arg>LB</arg>
<arg>LC</arg>
<arg>LI</arg>
<arg>LK</arg>
<arg>LR</arg>
<arg>LS</arg>
<arg>LT</arg>
<arg>LU</arg>
<arg>LV</arg>
<arg>LY</arg>
<arg>MA</arg>
<arg>MC</arg>
<arg>MD</arg>
<arg>ME</arg>
<arg>MF</arg>
<arg>MG</arg>
<arg>MH</arg>
<arg>MK</arg>
<arg>ML</arg>
<arg>MM</arg>
<arg>MN</arg>
<arg>MO</arg>
<arg>MP</arg>
<arg>MQ</arg>
<arg>MR</arg>
<arg>MS</arg>
<arg>MT</arg>
<arg>MU</arg>
<arg>MV</arg>
<arg>MW</arg>
<arg>MX</arg>
<arg>MY</arg>
<arg>MZ</arg>
<arg>NA</arg>
<arg>NC</arg>
<arg>NE</arg>
<arg>NF</arg>
<arg>NG</arg>
<arg>NI</arg>
<arg>NL</arg>
<arg>NO</arg>
<arg>NP</arg>
<arg>NR</arg>
<arg>NU</arg>
<arg>NZ</arg>
<arg>OM</arg>
<arg>PA</arg>
<arg>PE</arg>
<arg>PF</arg>
<arg>PG</arg>
<arg>PH</arg>
<arg>PK</arg>
<arg>PL</arg>
<arg>PM</arg>
<arg>PN</arg>
<arg>PR</arg>
<arg>PS</arg>
<arg>PT</arg>
<arg>PW</arg>
<arg>PY</arg>
<arg>QA</arg>
<arg>RE</arg>
<arg>RO</arg>
<arg>RS</arg>
<arg>RU</arg>
<arg>RW</arg>
<arg>SA</arg>
<arg>SB</arg>
<arg>SC</arg>
<arg>SD</arg>
<arg>SE</arg>
<arg>SG</arg>
<arg>SH</arg>
<arg>SI</arg>
<arg>SJ</arg>
<arg>SK</arg>
<arg>SL</arg>
<arg>SM</arg>
<arg>SN</arg>
<arg>SO</arg>
<arg>SR</arg>
<arg>SS</arg>
<arg>ST</arg>
<arg>SV</arg>
<arg>SX</arg>
<arg>SY</arg>
<arg>SZ</arg>
<arg>TC</arg>
<arg>TD</arg>
<arg>TF</arg>
<arg>TG</arg>
<arg>TH</arg>
<arg>TJ</arg>
<arg>TK</arg>
<arg>TL</arg>
<arg>TM</arg>
<arg>TN</arg>
<arg>TO</arg>
<arg>TR</arg>
<arg>TT</arg>
<arg>TV</arg>
<arg>TW</arg>
<arg>TZ</arg>
<arg>UA</arg>
<arg>UG</arg>
<arg>UM</arg>
<arg>US</arg>
<arg>UY</arg>
<arg>UZ</arg>
<arg>VA</arg>
<arg>VC</arg>
<arg>VE</arg>
<arg>VG</arg>
<arg>VI</arg>
<arg>VN</arg>
<arg>VU</arg>
<arg>WF</arg>
<arg>WS</arg>
<arg>XK</arg>
<arg>YE</arg>
<arg>YT</arg>
<arg>ZA</arg>
<arg>ZM</arg>
<arg>ZW</arg>
<doc>Returns a list containing given items.</doc>
<status status="PASS" start="2024-07-19T13:17:42.469997" elapsed="0.000663"/>
</kw>
<kw name="List Should Contain Value" owner="Collections">
<arg>${list_country}</arg>
<arg>${name_country}</arg>
<doc>Fails if the ``value`` is not found from ``list``.</doc>
<status status="PASS" start="2024-07-19T13:17:42.471658" elapsed="0.000211"/>
</kw>
<kw name="Run Keyword If" owner="BuiltIn">
<kw name="Should Be True" owner="BuiltIn">
<arg>${True}</arg>
<doc>Fails if the given condition is not true.</doc>
<status status="PASS" start="2024-07-19T13:17:42.472833" elapsed="0.000145"/>
</kw>
<arg>${json_data["results"][0]["location"]["coordinates"]["latitude"]} &gt;= -90 and ${json_data["results"][0]["location"]["coordinates"]["latitude"]} &lt;= 90</arg>
<arg>Should Be True</arg>
<arg>${True}</arg>
<doc>Runs the given keyword with the given arguments, if ``condition`` is true.</doc>
<status status="PASS" start="2024-07-19T13:17:42.472072" elapsed="0.001034"/>
</kw>
<kw name="Run Keyword If" owner="BuiltIn">
<kw name="Should Be True" owner="BuiltIn">
<arg>${True}</arg>
<doc>Fails if the given condition is not true.</doc>
<status status="PASS" start="2024-07-19T13:17:42.473996" elapsed="0.000163"/>
</kw>
<arg>${json_data["results"][0]["location"]["coordinates"]["longitude"]} &gt;= -180 and ${json_data["results"][0]["location"]["coordinates"]["longitude"]} &lt;= 180</arg>
<arg>Should Be True</arg>
<arg>${True}</arg>
<doc>Runs the given keyword with the given arguments, if ``condition`` is true.</doc>
<status status="PASS" start="2024-07-19T13:17:42.473290" elapsed="0.001003"/>
</kw>
<status status="PASS" start="2024-07-19T13:17:42.358999" elapsed="0.115430"/>
</kw>
<doc>Testa o conteúdo específico dos campos retornados pela API.</doc>
<tag>testeConteudo</tag>
<status status="PASS" start="2024-07-19T13:17:42.358312" elapsed="0.116270"/>
</test>
<status status="PASS" start="2024-07-19T13:17:41.620277" elapsed="0.856254"/>
</suite>
<status status="PASS" start="2024-07-19T13:17:41.605592" elapsed="0.876004"/>
</suite>
<statistics>
<total>
<stat pass="5" fail="0" skip="0">All Tests</stat>
</total>
<tag>
<stat pass="1" fail="0" skip="0">testeConteudo</stat>
<stat pass="1" fail="0" skip="0">testeEstruturaResposta</stat>
<stat pass="1" fail="0" skip="0">testeRequisicaoBasica</stat>
<stat pass="1" fail="0" skip="0">testeTiposDados</stat>
</tag>
<suite>
<stat pass="5" fail="0" skip="0" id="s1" name="Tests">Tests</stat>
<stat pass="5" fail="0" skip="0" id="s1-s1" name="Random-User-Test">Tests.Random-User-Test</stat>
</suite>
</statistics>
<errors>
</errors>
</robot>
