<?xml version="1.0" encoding="UTF-8"?>
<robot generator="Robot 7.0.1 (Python 3.12.4 on linux)" generated="2024-06-24T04:18:02.963117" rpa="false" schemaversion="5">
<suite id="s1" name="Tests" source="/home/runner/work/ApiRandomUser/ApiRandomUser/RamdonUser/tests">
<suite id="s1-s1" name="Random-User-Test" source="/home/runner/work/ApiRandomUser/ApiRandomUser/RamdonUser/tests/random-user-test.robot">
<test id="s1-s1-t1" name="Conectar" line="13">
<kw name="Conectar API" owner="random-user-service">
<kw name="Create Session" owner="RequestsLibrary">
<msg time="2024-06-24T04:18:03.369348" level="INFO">Creating Session using : alias=consultarAPI, url=https://randomuser.me/, headers={},                     cookies={}, auth=None, timeout=None, proxies=None, verify=False,                     debug=0 </msg>
<arg>consultarAPI</arg>
<arg>${URL}</arg>
<doc>Create Session: create a HTTP session to a server</doc>
<status status="PASS" start="2024-06-24T04:18:03.369140" elapsed="0.000370"/>
</kw>
<status status="PASS" start="2024-06-24T04:18:03.368202" elapsed="0.001660"/>
</kw>
<status status="PASS" start="2024-06-24T04:18:03.367614" elapsed="0.002442"/>
</test>
<test id="s1-s1-t2" name="Validar retorno 200 e JSON Válido" line="16">
<kw name="Teste de Requisicao Basica" owner="random-user-service">
<kw name="GET On Session" owner="RequestsLibrary">
<msg time="2024-06-24T04:18:03.554189" level="INFO">GET Request : url=https://randomuser.me/api 
 path_url=/api 
 headers={'User-Agent': 'python-requests/2.32.3', 'Accept-Encoding': 'gzip, deflate', 'Accept': '*/*', 'Connection': 'keep-alive'} 
 body=None 
 </msg>
<msg time="2024-06-24T04:18:03.554330" level="INFO">GET Response : url=https://randomuser.me/api 
 status=200, reason=OK 
 headers={'Date': 'Mon, 24 Jun 2024 04:18:03 GMT', 'Content-Type': 'application/json; charset=utf-8', 'Transfer-Encoding': 'chunked', 'Connection': 'keep-alive', 'X-Powered-By': 'Express', 'Access-Control-Allow-Origin': '*', 'Cache-Control': 'no-cache', 'ETag': 'W/"4a6-uyf5kwVKzOAwnOHctbdIG07pcmk"', 'Vary': 'Accept-Encoding', 'Content-Encoding': 'gzip', 'CF-Cache-Status': 'DYNAMIC', 'Report-To': '{"endpoints":[{"url":"https:\\/\\/a.nel.cloudflare.com\\/report\\/v4?s=CRiGunSfYGJLVuxwoHDzr75vWVNklXP%2F%2Fz08R1Y775EnZ0LYylPFf0%2B%2B5vqNioY%2F4CQ6DWrooG%2BUK2Q0nykAIOxLFgWE9fQ0smBu%2BDAtK8Pl%2BPMedY6Z6EU8NNaHpiBt"}],"group":"cf-nel","max_age":604800}', 'NEL': '{"success_fraction":0,"report_to":"cf-nel","max_age":604800}', 'Server': 'cloudflare', 'CF-RAY': '8989e963f87038ff-IAD', 'alt-svc': 'h3=":443"; ma=86400'} 
 body={"results":[{"gender":"female","name":{"title":"Ms","first":"Lucía","last":"Roelvink"},"location":{"street":{"number":9252,"name":"Koppelsedijk"},"city":"Vriezenveen","state":"Zeeland","country":"Netherlands","postcode":"6497 ID","coordinates":{"latitude":"30.3157","longitude":"80.7956"},"timezone":{"offset":"+3:00","description":"Baghdad, Riyadh, Moscow, St. Petersburg"}},"email":"lucia.roelvink@example.com","login":{"uuid":"99b8efee-1756-4058-a450-87b1f234e309","username":"angryleopard527","password":"dynamite","salt":"DtzduFAs","md5":"41db954061aee1653da3a647462ff738","sha1":"76aa41428d43034149dd266efd3cc1f4d8a78077","sha256":"0b1956236e807cf4ba5af0847cecfd177321e89a2823cd756f35ec0b962a9bfc"},"dob":{"date":"1983-11-30T20:53:17.134Z","age":40},"registered":{"date":"2003-11-16T07:29:28.139Z","age":20},"phone":"(0559) 946925","cell":"(06) 34051819","id":{"name":"BSN","value":"07228718"},"picture":{"large":"https://randomuser.me/api/portraits/women/95.jpg","medium":"https://randomuser.me/api/portraits/med/women/95.jpg","thumbnail":"https://randomuser.me/api/portraits/thumb/women/95.jpg"},"nat":"NL"}],"info":{"seed":"f6d3ee26844aae96","results":1,"page":1,"version":"1.4"}} 
 </msg>
<msg time="2024-06-24T04:18:03.554406" level="INFO">/opt/hostedtoolcache/Python/3.12.4/x64/lib/python3.12/site-packages/urllib3/connectionpool.py:1099: InsecureRequestWarning: Unverified HTTPS request is being made to host 'randomuser.me'. Adding certificate verification is strongly advised. See: https://urllib3.readthedocs.io/en/latest/advanced-usage.html#tls-warnings
  warnings.warn(</msg>
<msg time="2024-06-24T04:18:03.554578" level="INFO">${response} = &lt;Response [200]&gt;</msg>
<var>${response}</var>
<arg>consultarAPI</arg>
<arg>/api</arg>
<doc>Sends a GET request on a previously created HTTP Session.</doc>
<status status="PASS" start="2024-06-24T04:18:03.372639" elapsed="0.181984"/>
</kw>
<kw name="Should Be Equal As Numbers" owner="BuiltIn">
<msg time="2024-06-24T04:18:03.555538" level="INFO">Argument types are:
&lt;class 'int'&gt;
&lt;class 'str'&gt;</msg>
<arg>${response.status_code}</arg>
<arg>200</arg>
<doc>Fails if objects are unequal after converting them to real numbers.</doc>
<status status="PASS" start="2024-06-24T04:18:03.555100" elapsed="0.000506"/>
</kw>
<kw name="Log" owner="BuiltIn">
<msg time="2024-06-24T04:18:03.556335" level="INFO">200</msg>
<arg>${response.status_code}</arg>
<doc>Logs the given message with the given level.</doc>
<status status="PASS" start="2024-06-24T04:18:03.555969" elapsed="0.000408"/>
</kw>
<kw name="Set Variable" owner="BuiltIn">
<msg time="2024-06-24T04:18:03.557123" level="INFO">${json_data} = {'results': [{'gender': 'female', 'name': {'title': 'Ms', 'first': 'Lucía', 'last': 'Roelvink'}, 'location': {'street': {'number': 9252, 'name': 'Koppelsedijk'}, 'city': 'Vriezenveen', 'state': 'Zeela...</msg>
<var>${json_data}</var>
<arg>${response.json()}</arg>
<doc>Returns the given values which can then be assigned to a variables.</doc>
<status status="PASS" start="2024-06-24T04:18:03.556680" elapsed="0.000474"/>
</kw>
<kw name="Dictionary Should Contain Key" owner="Collections">
<arg>${json_data}</arg>
<arg>results</arg>
<doc>Fails if ``key`` is not found from ``dictionary``.</doc>
<status status="PASS" start="2024-06-24T04:18:03.557455" elapsed="0.000163"/>
</kw>
<status status="PASS" start="2024-06-24T04:18:03.372392" elapsed="0.185384"/>
</kw>
<doc>Testa se a API responde corretamente e retorna um objeto JSON válido.</doc>
<tag>testeRequisicaoBasica</tag>
<status status="PASS" start="2024-06-24T04:18:03.371934" elapsed="0.186011"/>
</test>
<test id="s1-s1-t3" name="Validar estrutura de resposta" line="22">
<kw name="Teste de Estrutura de Resposta" owner="random-user-service">
<kw name="GET On Session" owner="RequestsLibrary">
<msg time="2024-06-24T04:18:03.679149" level="INFO">GET Request : url=https://randomuser.me/api 
 path_url=/api 
 headers={'User-Agent': 'python-requests/2.32.3', 'Accept-Encoding': 'gzip, deflate', 'Accept': '*/*', 'Connection': 'keep-alive'} 
 body=None 
 </msg>
<msg time="2024-06-24T04:18:03.679231" level="INFO">GET Response : url=https://randomuser.me/api 
 status=200, reason=OK 
 headers={'Date': 'Mon, 24 Jun 2024 04:18:03 GMT', 'Content-Type': 'application/json; charset=utf-8', 'Transfer-Encoding': 'chunked', 'Connection': 'keep-alive', 'X-Powered-By': 'Express', 'Access-Control-Allow-Origin': '*', 'Cache-Control': 'no-cache', 'ETag': 'W/"490-w1N8S4tAxKPPBB3ezk4bKp6yJnA"', 'Vary': 'Accept-Encoding', 'Content-Encoding': 'gzip', 'CF-Cache-Status': 'DYNAMIC', 'Report-To': '{"endpoints":[{"url":"https:\\/\\/a.nel.cloudflare.com\\/report\\/v4?s=p1FV1vmW9o11ESwPakPXgwsIBDwntbhCWbrTD2BG3TIvseEpvcE6GYT3NTvm3vsz18girAZbq7ffqpOhCXVDypJf5ZXYxZuwQ8I%2BNVwMxKwWZhaOqSqqaudOvWKDUKIT"}],"group":"cf-nel","max_age":604800}', 'NEL': '{"success_fraction":0,"report_to":"cf-nel","max_age":604800}', 'Server': 'cloudflare', 'CF-RAY': '8989e96448bf38ff-IAD', 'alt-svc': 'h3=":443"; ma=86400'} 
 body={"results":[{"gender":"male","name":{"title":"Mr","first":"Gökhan","last":"Alyanak"},"location":{"street":{"number":6628,"name":"Tunalı Hilmi Cd"},"city":"Gaziantep","state":"Balıkesir","country":"Turkey","postcode":67467,"coordinates":{"latitude":"72.8261","longitude":"-45.0925"},"timezone":{"offset":"+8:00","description":"Beijing, Perth, Singapore, Hong Kong"}},"email":"gokhan.alyanak@example.com","login":{"uuid":"71daa51a-d241-4446-84f6-612ca4d27829","username":"yellowgorilla451","password":"dalshe","salt":"3jrgtsAH","md5":"acbf3e882564907f4169f2255b25869a","sha1":"fc82287e95c494eb3f43676ca4dc07f85af2c6ce","sha256":"7e75df63d82026c5b43378ee40a7bb8ddf482a08fb401a60b03baa1806759b83"},"dob":{"date":"1950-02-20T02:58:15.265Z","age":74},"registered":{"date":"2005-10-24T11:28:15.763Z","age":18},"phone":"(628)-145-1515","cell":"(778)-738-6877","id":{"name":"","value":null},"picture":{"large":"https://randomuser.me/api/portraits/men/76.jpg","medium":"https://randomuser.me/api/portraits/med/men/76.jpg","thumbnail":"https://randomuser.me/api/portraits/thumb/men/76.jpg"},"nat":"TR"}],"info":{"seed":"ed451976ce3e7ad4","results":1,"page":1,"version":"1.4"}} 
 </msg>
<msg time="2024-06-24T04:18:03.679351" level="INFO">/opt/hostedtoolcache/Python/3.12.4/x64/lib/python3.12/site-packages/urllib3/connectionpool.py:1099: InsecureRequestWarning: Unverified HTTPS request is being made to host 'randomuser.me'. Adding certificate verification is strongly advised. See: https://urllib3.readthedocs.io/en/latest/advanced-usage.html#tls-warnings
  warnings.warn(</msg>
<msg time="2024-06-24T04:18:03.679467" level="INFO">${response} = &lt;Response [200]&gt;</msg>
<var>${response}</var>
<arg>consultarAPI</arg>
<arg>/api</arg>
<doc>Sends a GET request on a previously created HTTP Session.</doc>
<status status="PASS" start="2024-06-24T04:18:03.560494" elapsed="0.119015"/>
</kw>
<kw name="Set Variable" owner="BuiltIn">
<msg time="2024-06-24T04:18:03.680642" level="INFO">${json_data} = {'results': [{'gender': 'male', 'name': {'title': 'Mr', 'first': 'Gökhan', 'last': 'Alyanak'}, 'location': {'street': {'number': 6628, 'name': 'Tunalı Hilmi Cd'}, 'city': 'Gaziantep', 'state': 'Balıke...</msg>
<var>${json_data}</var>
<arg>${response.json()}</arg>
<doc>Returns the given values which can then be assigned to a variables.</doc>
<status status="PASS" start="2024-06-24T04:18:03.680074" elapsed="0.000598"/>
</kw>
<kw name="Log" owner="BuiltIn">
<msg time="2024-06-24T04:18:03.681152" level="INFO">{'results': [{'gender': 'male', 'name': {'title': 'Mr', 'first': 'Gökhan', 'last': 'Alyanak'}, 'location': {'street': {'number': 6628, 'name': 'Tunalı Hilmi Cd'}, 'city': 'Gaziantep', 'state': 'Balıkesir', 'country': 'Turkey', 'postcode': 67467, 'coordinates': {'latitude': '72.8261', 'longitude': '-45.0925'}, 'timezone': {'offset': '+8:00', 'description': 'Beijing, Perth, Singapore, Hong Kong'}}, 'email': 'gokhan.alyanak@example.com', 'login': {'uuid': '71daa51a-d241-4446-84f6-612ca4d27829', 'username': 'yellowgorilla451', 'password': 'dalshe', 'salt': '3jrgtsAH', 'md5': 'acbf3e882564907f4169f2255b25869a', 'sha1': 'fc82287e95c494eb3f43676ca4dc07f85af2c6ce', 'sha256': '7e75df63d82026c5b43378ee40a7bb8ddf482a08fb401a60b03baa1806759b83'}, 'dob': {'date': '1950-02-20T02:58:15.265Z', 'age': 74}, 'registered': {'date': '2005-10-24T11:28:15.763Z', 'age': 18}, 'phone': '(628)-145-1515', 'cell': '(778)-738-6877', 'id': {'name': '', 'value': None}, 'picture': {'large': 'https://randomuser.me/api/portraits/men/76.jpg', 'medium': 'https://randomuser.me/api/portraits/med/men/76.jpg', 'thumbnail': 'https://randomuser.me/api/portraits/thumb/men/76.jpg'}, 'nat': 'TR'}], 'info': {'seed': 'ed451976ce3e7ad4', 'results': 1, 'page': 1, 'version': '1.4'}}</msg>
<arg>${json_data}</arg>
<doc>Logs the given message with the given level.</doc>
<status status="PASS" start="2024-06-24T04:18:03.680988" elapsed="0.000214"/>
</kw>
<kw name="Dictionary Should Contain Key" owner="Collections">
<arg>${json_data}</arg>
<arg>results</arg>
<doc>Fails if ``key`` is not found from ``dictionary``.</doc>
<status status="PASS" start="2024-06-24T04:18:03.681492" elapsed="0.000164"/>
</kw>
<kw name="Should Not Be Empty" owner="BuiltIn">
<msg time="2024-06-24T04:18:03.681969" level="INFO">Length is 2.</msg>
<arg>${json_data}</arg>
<doc>Verifies that the given item is not empty.</doc>
<status status="PASS" start="2024-06-24T04:18:03.681845" elapsed="0.000161"/>
</kw>
<kw name="Create List" owner="BuiltIn">
<msg time="2024-06-24T04:18:03.682586" level="INFO">${expected_keys} = ['gender', 'name', 'location', 'email', 'login']</msg>
<var>${expected_keys}</var>
<arg>gender</arg>
<arg>name</arg>
<arg>location</arg>
<arg>email</arg>
<arg>login</arg>
<doc>Returns a list containing given items.</doc>
<status status="PASS" start="2024-06-24T04:18:03.682289" elapsed="0.000322"/>
</kw>
<for flavor="IN">
<iter>
<kw name="Dictionary Should Contain Key" owner="Collections">
<arg>${json_data['results'][0]}</arg>
<arg>${key}</arg>
<doc>Fails if ``key`` is not found from ``dictionary``.</doc>
<status status="PASS" start="2024-06-24T04:18:03.683204" elapsed="0.000407"/>
</kw>
<kw name="Log" owner="BuiltIn">
<msg time="2024-06-24T04:18:03.684191" level="INFO">{'gender': 'male', 'name': {'title': 'Mr', 'first': 'Gökhan', 'last': 'Alyanak'}, 'location': {'street': {'number': 6628, 'name': 'Tunalı Hilmi Cd'}, 'city': 'Gaziantep', 'state': 'Balıkesir', 'country': 'Turkey', 'postcode': 67467, 'coordinates': {'latitude': '72.8261', 'longitude': '-45.0925'}, 'timezone': {'offset': '+8:00', 'description': 'Beijing, Perth, Singapore, Hong Kong'}}, 'email': 'gokhan.alyanak@example.com', 'login': {'uuid': '71daa51a-d241-4446-84f6-612ca4d27829', 'username': 'yellowgorilla451', 'password': 'dalshe', 'salt': '3jrgtsAH', 'md5': 'acbf3e882564907f4169f2255b25869a', 'sha1': 'fc82287e95c494eb3f43676ca4dc07f85af2c6ce', 'sha256': '7e75df63d82026c5b43378ee40a7bb8ddf482a08fb401a60b03baa1806759b83'}, 'dob': {'date': '1950-02-20T02:58:15.265Z', 'age': 74}, 'registered': {'date': '2005-10-24T11:28:15.763Z', 'age': 18}, 'phone': '(628)-145-1515', 'cell': '(778)-738-6877', 'id': {'name': '', 'value': None}, 'picture': {'large': 'https://randomuser.me/api/portraits/men/76.jpg', 'medium': 'https://randomuser.me/api/portraits/med/men/76.jpg', 'thumbnail': 'https://randomuser.me/api/portraits/thumb/men/76.jpg'}, 'nat': 'TR'}</msg>
<arg>${json_data['results'][0]}</arg>
<doc>Logs the given message with the given level.</doc>
<status status="PASS" start="2024-06-24T04:18:03.683799" elapsed="0.000445"/>
</kw>
<kw name="Log" owner="BuiltIn">
<msg time="2024-06-24T04:18:03.684677" level="INFO">gender</msg>
<arg>${key}</arg>
<doc>Logs the given message with the given level.</doc>
<status status="PASS" start="2024-06-24T04:18:03.684550" elapsed="0.000165"/>
</kw>
<var name="${key}">gender</var>
<status status="PASS" start="2024-06-24T04:18:03.683080" elapsed="0.001849"/>
</iter>
<iter>
<kw name="Dictionary Should Contain Key" owner="Collections">
<arg>${json_data['results'][0]}</arg>
<arg>${key}</arg>
<doc>Fails if ``key`` is not found from ``dictionary``.</doc>
<status status="PASS" start="2024-06-24T04:18:03.685221" elapsed="0.000374"/>
</kw>
<kw name="Log" owner="BuiltIn">
<msg time="2024-06-24T04:18:03.686136" level="INFO">{'gender': 'male', 'name': {'title': 'Mr', 'first': 'Gökhan', 'last': 'Alyanak'}, 'location': {'street': {'number': 6628, 'name': 'Tunalı Hilmi Cd'}, 'city': 'Gaziantep', 'state': 'Balıkesir', 'country': 'Turkey', 'postcode': 67467, 'coordinates': {'latitude': '72.8261', 'longitude': '-45.0925'}, 'timezone': {'offset': '+8:00', 'description': 'Beijing, Perth, Singapore, Hong Kong'}}, 'email': 'gokhan.alyanak@example.com', 'login': {'uuid': '71daa51a-d241-4446-84f6-612ca4d27829', 'username': 'yellowgorilla451', 'password': 'dalshe', 'salt': '3jrgtsAH', 'md5': 'acbf3e882564907f4169f2255b25869a', 'sha1': 'fc82287e95c494eb3f43676ca4dc07f85af2c6ce', 'sha256': '7e75df63d82026c5b43378ee40a7bb8ddf482a08fb401a60b03baa1806759b83'}, 'dob': {'date': '1950-02-20T02:58:15.265Z', 'age': 74}, 'registered': {'date': '2005-10-24T11:28:15.763Z', 'age': 18}, 'phone': '(628)-145-1515', 'cell': '(778)-738-6877', 'id': {'name': '', 'value': None}, 'picture': {'large': 'https://randomuser.me/api/portraits/men/76.jpg', 'medium': 'https://randomuser.me/api/portraits/med/men/76.jpg', 'thumbnail': 'https://randomuser.me/api/portraits/thumb/men/76.jpg'}, 'nat': 'TR'}</msg>
<arg>${json_data['results'][0]}</arg>
<doc>Logs the given message with the given level.</doc>
<status status="PASS" start="2024-06-24T04:18:03.685779" elapsed="0.000439"/>
</kw>
<kw name="Log" owner="BuiltIn">
<msg time="2024-06-24T04:18:03.686651" level="INFO">name</msg>
<arg>${key}</arg>
<doc>Logs the given message with the given level.</doc>
<status status="PASS" start="2024-06-24T04:18:03.686522" elapsed="0.000165"/>
</kw>
<var name="${key}">name</var>
<status status="PASS" start="2024-06-24T04:18:03.685110" elapsed="0.001792"/>
</iter>
<iter>
<kw name="Dictionary Should Contain Key" owner="Collections">
<arg>${json_data['results'][0]}</arg>
<arg>${key}</arg>
<doc>Fails if ``key`` is not found from ``dictionary``.</doc>
<status status="PASS" start="2024-06-24T04:18:03.687192" elapsed="0.000388"/>
</kw>
<kw name="Log" owner="BuiltIn">
<msg time="2024-06-24T04:18:03.688173" level="INFO">{'gender': 'male', 'name': {'title': 'Mr', 'first': 'Gökhan', 'last': 'Alyanak'}, 'location': {'street': {'number': 6628, 'name': 'Tunalı Hilmi Cd'}, 'city': 'Gaziantep', 'state': 'Balıkesir', 'country': 'Turkey', 'postcode': 67467, 'coordinates': {'latitude': '72.8261', 'longitude': '-45.0925'}, 'timezone': {'offset': '+8:00', 'description': 'Beijing, Perth, Singapore, Hong Kong'}}, 'email': 'gokhan.alyanak@example.com', 'login': {'uuid': '71daa51a-d241-4446-84f6-612ca4d27829', 'username': 'yellowgorilla451', 'password': 'dalshe', 'salt': '3jrgtsAH', 'md5': 'acbf3e882564907f4169f2255b25869a', 'sha1': 'fc82287e95c494eb3f43676ca4dc07f85af2c6ce', 'sha256': '7e75df63d82026c5b43378ee40a7bb8ddf482a08fb401a60b03baa1806759b83'}, 'dob': {'date': '1950-02-20T02:58:15.265Z', 'age': 74}, 'registered': {'date': '2005-10-24T11:28:15.763Z', 'age': 18}, 'phone': '(628)-145-1515', 'cell': '(778)-738-6877', 'id': {'name': '', 'value': None}, 'picture': {'large': 'https://randomuser.me/api/portraits/men/76.jpg', 'medium': 'https://randomuser.me/api/portraits/med/men/76.jpg', 'thumbnail': 'https://randomuser.me/api/portraits/thumb/men/76.jpg'}, 'nat': 'TR'}</msg>
<arg>${json_data['results'][0]}</arg>
<doc>Logs the given message with the given level.</doc>
<status status="PASS" start="2024-06-24T04:18:03.687760" elapsed="0.000463"/>
</kw>
<kw name="Log" owner="BuiltIn">
<msg time="2024-06-24T04:18:03.688645" level="INFO">location</msg>
<arg>${key}</arg>
<doc>Logs the given message with the given level.</doc>
<status status="PASS" start="2024-06-24T04:18:03.688518" elapsed="0.000164"/>
</kw>
<var name="${key}">location</var>
<status status="PASS" start="2024-06-24T04:18:03.687082" elapsed="0.001810"/>
</iter>
<iter>
<kw name="Dictionary Should Contain Key" owner="Collections">
<arg>${json_data['results'][0]}</arg>
<arg>${key}</arg>
<doc>Fails if ``key`` is not found from ``dictionary``.</doc>
<status status="PASS" start="2024-06-24T04:18:03.689175" elapsed="0.000375"/>
</kw>
<kw name="Log" owner="BuiltIn">
<msg time="2024-06-24T04:18:03.690101" level="INFO">{'gender': 'male', 'name': {'title': 'Mr', 'first': 'Gökhan', 'last': 'Alyanak'}, 'location': {'street': {'number': 6628, 'name': 'Tunalı Hilmi Cd'}, 'city': 'Gaziantep', 'state': 'Balıkesir', 'country': 'Turkey', 'postcode': 67467, 'coordinates': {'latitude': '72.8261', 'longitude': '-45.0925'}, 'timezone': {'offset': '+8:00', 'description': 'Beijing, Perth, Singapore, Hong Kong'}}, 'email': 'gokhan.alyanak@example.com', 'login': {'uuid': '71daa51a-d241-4446-84f6-612ca4d27829', 'username': 'yellowgorilla451', 'password': 'dalshe', 'salt': '3jrgtsAH', 'md5': 'acbf3e882564907f4169f2255b25869a', 'sha1': 'fc82287e95c494eb3f43676ca4dc07f85af2c6ce', 'sha256': '7e75df63d82026c5b43378ee40a7bb8ddf482a08fb401a60b03baa1806759b83'}, 'dob': {'date': '1950-02-20T02:58:15.265Z', 'age': 74}, 'registered': {'date': '2005-10-24T11:28:15.763Z', 'age': 18}, 'phone': '(628)-145-1515', 'cell': '(778)-738-6877', 'id': {'name': '', 'value': None}, 'picture': {'large': 'https://randomuser.me/api/portraits/men/76.jpg', 'medium': 'https://randomuser.me/api/portraits/med/men/76.jpg', 'thumbnail': 'https://randomuser.me/api/portraits/thumb/men/76.jpg'}, 'nat': 'TR'}</msg>
<arg>${json_data['results'][0]}</arg>
<doc>Logs the given message with the given level.</doc>
<status status="PASS" start="2024-06-24T04:18:03.689733" elapsed="0.000424"/>
</kw>
<kw name="Log" owner="BuiltIn">
<msg time="2024-06-24T04:18:03.690577" level="INFO">email</msg>
<arg>${key}</arg>
<doc>Logs the given message with the given level.</doc>
<status status="PASS" start="2024-06-24T04:18:03.690449" elapsed="0.000166"/>
</kw>
<var name="${key}">email</var>
<status status="PASS" start="2024-06-24T04:18:03.689068" elapsed="0.001757"/>
</iter>
<iter>
<kw name="Dictionary Should Contain Key" owner="Collections">
<arg>${json_data['results'][0]}</arg>
<arg>${key}</arg>
<doc>Fails if ``key`` is not found from ``dictionary``.</doc>
<status status="PASS" start="2024-06-24T04:18:03.691102" elapsed="0.000390"/>
</kw>
<kw name="Log" owner="BuiltIn">
<msg time="2024-06-24T04:18:03.692065" level="INFO">{'gender': 'male', 'name': {'title': 'Mr', 'first': 'Gökhan', 'last': 'Alyanak'}, 'location': {'street': {'number': 6628, 'name': 'Tunalı Hilmi Cd'}, 'city': 'Gaziantep', 'state': 'Balıkesir', 'country': 'Turkey', 'postcode': 67467, 'coordinates': {'latitude': '72.8261', 'longitude': '-45.0925'}, 'timezone': {'offset': '+8:00', 'description': 'Beijing, Perth, Singapore, Hong Kong'}}, 'email': 'gokhan.alyanak@example.com', 'login': {'uuid': '71daa51a-d241-4446-84f6-612ca4d27829', 'username': 'yellowgorilla451', 'password': 'dalshe', 'salt': '3jrgtsAH', 'md5': 'acbf3e882564907f4169f2255b25869a', 'sha1': 'fc82287e95c494eb3f43676ca4dc07f85af2c6ce', 'sha256': '7e75df63d82026c5b43378ee40a7bb8ddf482a08fb401a60b03baa1806759b83'}, 'dob': {'date': '1950-02-20T02:58:15.265Z', 'age': 74}, 'registered': {'date': '2005-10-24T11:28:15.763Z', 'age': 18}, 'phone': '(628)-145-1515', 'cell': '(778)-738-6877', 'id': {'name': '', 'value': None}, 'picture': {'large': 'https://randomuser.me/api/portraits/men/76.jpg', 'medium': 'https://randomuser.me/api/portraits/med/men/76.jpg', 'thumbnail': 'https://randomuser.me/api/portraits/thumb/men/76.jpg'}, 'nat': 'TR'}</msg>
<arg>${json_data['results'][0]}</arg>
<doc>Logs the given message with the given level.</doc>
<status status="PASS" start="2024-06-24T04:18:03.691671" elapsed="0.000445"/>
</kw>
<kw name="Log" owner="BuiltIn">
<msg time="2024-06-24T04:18:03.692543" level="INFO">login</msg>
<arg>${key}</arg>
<doc>Logs the given message with the given level.</doc>
<status status="PASS" start="2024-06-24T04:18:03.692416" elapsed="0.000164"/>
</kw>
<var name="${key}">login</var>
<status status="PASS" start="2024-06-24T04:18:03.690996" elapsed="0.001794"/>
</iter>
<var>${key}</var>
<value>@{expected_keys}</value>
<status status="PASS" start="2024-06-24T04:18:03.682882" elapsed="0.010025"/>
</for>
<kw name="Create List" owner="BuiltIn">
<msg time="2024-06-24T04:18:03.693226" level="INFO">${expected_keysTwo} = ['username', 'password']</msg>
<var>${expected_keysTwo}</var>
<arg>username</arg>
<arg>password</arg>
<doc>Returns a list containing given items.</doc>
<status status="PASS" start="2024-06-24T04:18:03.693092" elapsed="0.000188"/>
</kw>
<for flavor="IN">
<iter>
<kw name="Dictionary Should Contain Key" owner="Collections">
<arg>${json_data['results'][0]['login']}</arg>
<arg>${keyTwo}</arg>
<doc>Fails if ``key`` is not found from ``dictionary``.</doc>
<status status="PASS" start="2024-06-24T04:18:03.693777" elapsed="0.000387"/>
</kw>
<kw name="Dictionary Should Contain Key" owner="Collections">
<arg>${json_data['results'][0]['login']}</arg>
<arg>${keyTwo}</arg>
<doc>Fails if ``key`` is not found from ``dictionary``.</doc>
<status status="PASS" start="2024-06-24T04:18:03.694350" elapsed="0.000369"/>
</kw>
<kw name="Log" owner="BuiltIn">
<msg time="2024-06-24T04:18:03.695014" level="INFO">username</msg>
<arg>${keyTwo}</arg>
<doc>Logs the given message with the given level.</doc>
<status status="PASS" start="2024-06-24T04:18:03.694894" elapsed="0.000157"/>
</kw>
<var name="${keyTwo}">username</var>
<status status="PASS" start="2024-06-24T04:18:03.693671" elapsed="0.001602"/>
</iter>
<iter>
<kw name="Dictionary Should Contain Key" owner="Collections">
<arg>${json_data['results'][0]['login']}</arg>
<arg>${keyTwo}</arg>
<doc>Fails if ``key`` is not found from ``dictionary``.</doc>
<status status="PASS" start="2024-06-24T04:18:03.695549" elapsed="0.000416"/>
</kw>
<kw name="Dictionary Should Contain Key" owner="Collections">
<arg>${json_data['results'][0]['login']}</arg>
<arg>${keyTwo}</arg>
<doc>Fails if ``key`` is not found from ``dictionary``.</doc>
<status status="PASS" start="2024-06-24T04:18:03.696164" elapsed="0.000386"/>
</kw>
<kw name="Log" owner="BuiltIn">
<msg time="2024-06-24T04:18:03.696847" level="INFO">password</msg>
<arg>${keyTwo}</arg>
<doc>Logs the given message with the given level.</doc>
<status status="PASS" start="2024-06-24T04:18:03.696728" elapsed="0.000156"/>
</kw>
<var name="${keyTwo}">password</var>
<status status="PASS" start="2024-06-24T04:18:03.695444" elapsed="0.001747"/>
</iter>
<var>${keyTwo}</var>
<value>@{expected_keysTwo}</value>
<status status="PASS" start="2024-06-24T04:18:03.693520" elapsed="0.003793"/>
</for>
<status status="PASS" start="2024-06-24T04:18:03.560257" elapsed="0.137202"/>
</kw>
<doc>Testa a estrutura da resposta da API.</doc>
<tag>testeEstruturaResposta</tag>
<status status="PASS" start="2024-06-24T04:18:03.559738" elapsed="0.137868"/>
</test>
<test id="s1-s1-t4" name="Validar tipos de dados" line="28">
<kw name="Teste de Tipos de Dados" owner="random-user-service">
<kw name="GET On Session" owner="RequestsLibrary">
<msg time="2024-06-24T04:18:03.746342" level="INFO">GET Request : url=https://randomuser.me/api 
 path_url=/api 
 headers={'User-Agent': 'python-requests/2.32.3', 'Accept-Encoding': 'gzip, deflate', 'Accept': '*/*', 'Connection': 'keep-alive'} 
 body=None 
 </msg>
<msg time="2024-06-24T04:18:03.746426" level="INFO">GET Response : url=https://randomuser.me/api 
 status=200, reason=OK 
 headers={'Date': 'Mon, 24 Jun 2024 04:18:03 GMT', 'Content-Type': 'application/json; charset=utf-8', 'Transfer-Encoding': 'chunked', 'Connection': 'keep-alive', 'X-Powered-By': 'Express', 'Access-Control-Allow-Origin': '*', 'Cache-Control': 'no-cache', 'ETag': 'W/"496-rpitJomTqC4+fYm7BaJN369U12g"', 'Vary': 'Accept-Encoding', 'Content-Encoding': 'gzip', 'CF-Cache-Status': 'DYNAMIC', 'Report-To': '{"endpoints":[{"url":"https:\\/\\/a.nel.cloudflare.com\\/report\\/v4?s=YRsBnL5FEQfTCFgx0JmNDsgfdWtr6%2FpTDhcfQYFLXe00RoGGiqQJRPilg51WS%2Fbh7DrcZAAuGQf7riM5zaJ%2FgYipQEZ4W4aMvgCvq1cm%2FBIumQ3AcPpRDFf2T%2B2%2FRNzq"}],"group":"cf-nel","max_age":604800}', 'NEL': '{"success_fraction":0,"report_to":"cf-nel","max_age":604800}', 'Server': 'cloudflare', 'CF-RAY': '8989e96529f638ff-IAD', 'alt-svc': 'h3=":443"; ma=86400'} 
 body={"results":[{"gender":"female","name":{"title":"Mrs","first":"Irina","last":"Perić"},"location":{"street":{"number":9123,"name":"Mušnikovska"},"city":"Vrnjačka Banja","state":"Zaječar","country":"Serbia","postcode":17293,"coordinates":{"latitude":"56.4916","longitude":"130.0936"},"timezone":{"offset":"+3:00","description":"Baghdad, Riyadh, Moscow, St. Petersburg"}},"email":"irina.peric@example.com","login":{"uuid":"4888e9ff-11a3-4eba-8a0b-58e73c0644a7","username":"sadgoose550","password":"00000","salt":"hNo5QPXO","md5":"ec039e0cc72a094e471f23d62815156c","sha1":"cbd4381766ff637267cd1dce65d01b31b1aa9570","sha256":"a802f528721b7c69be3d49924a9a36420f80125bb40134404b28f2de27fd65aa"},"dob":{"date":"1996-08-17T02:03:07.190Z","age":27},"registered":{"date":"2011-08-23T11:13:30.195Z","age":12},"phone":"030-3326-492","cell":"063-3976-047","id":{"name":"SID","value":"909512762"},"picture":{"large":"https://randomuser.me/api/portraits/women/23.jpg","medium":"https://randomuser.me/api/portraits/med/women/23.jpg","thumbnail":"https://randomuser.me/api/portraits/thumb/women/23.jpg"},"nat":"RS"}],"info":{"seed":"8044c69d1727c32e","results":1,"page":1,"version":"1.4"}} 
 </msg>
<msg time="2024-06-24T04:18:03.746503" level="INFO">/opt/hostedtoolcache/Python/3.12.4/x64/lib/python3.12/site-packages/urllib3/connectionpool.py:1099: InsecureRequestWarning: Unverified HTTPS request is being made to host 'randomuser.me'. Adding certificate verification is strongly advised. See: https://urllib3.readthedocs.io/en/latest/advanced-usage.html#tls-warnings
  warnings.warn(</msg>
<msg time="2024-06-24T04:18:03.746621" level="INFO">${response} = &lt;Response [200]&gt;</msg>
<var>${response}</var>
<arg>consultarAPI</arg>
<arg>/api</arg>
<doc>Sends a GET request on a previously created HTTP Session.</doc>
<status status="PASS" start="2024-06-24T04:18:03.700089" elapsed="0.046612"/>
</kw>
<kw name="Set Variable" owner="BuiltIn">
<msg time="2024-06-24T04:18:03.747827" level="INFO">${json_data} = {'results': [{'gender': 'female', 'name': {'title': 'Mrs', 'first': 'Irina', 'last': 'Perić'}, 'location': {'street': {'number': 9123, 'name': 'Mušnikovska'}, 'city': 'Vrnjačka Banja', 'state': 'Zaječ...</msg>
<var>${json_data}</var>
<arg>${response.json()}</arg>
<doc>Returns the given values which can then be assigned to a variables.</doc>
<status status="PASS" start="2024-06-24T04:18:03.747282" elapsed="0.000576"/>
</kw>
<kw name="Log" owner="BuiltIn">
<msg time="2024-06-24T04:18:03.748358" level="INFO">{'results': [{'gender': 'female', 'name': {'title': 'Mrs', 'first': 'Irina', 'last': 'Perić'}, 'location': {'street': {'number': 9123, 'name': 'Mušnikovska'}, 'city': 'Vrnjačka Banja', 'state': 'Zaječar', 'country': 'Serbia', 'postcode': 17293, 'coordinates': {'latitude': '56.4916', 'longitude': '130.0936'}, 'timezone': {'offset': '+3:00', 'description': 'Baghdad, Riyadh, Moscow, St. Petersburg'}}, 'email': 'irina.peric@example.com', 'login': {'uuid': '4888e9ff-11a3-4eba-8a0b-58e73c0644a7', 'username': 'sadgoose550', 'password': '00000', 'salt': 'hNo5QPXO', 'md5': 'ec039e0cc72a094e471f23d62815156c', 'sha1': 'cbd4381766ff637267cd1dce65d01b31b1aa9570', 'sha256': 'a802f528721b7c69be3d49924a9a36420f80125bb40134404b28f2de27fd65aa'}, 'dob': {'date': '1996-08-17T02:03:07.190Z', 'age': 27}, 'registered': {'date': '2011-08-23T11:13:30.195Z', 'age': 12}, 'phone': '030-3326-492', 'cell': '063-3976-047', 'id': {'name': 'SID', 'value': '909512762'}, 'picture': {'large': 'https://randomuser.me/api/portraits/women/23.jpg', 'medium': 'https://randomuser.me/api/portraits/med/women/23.jpg', 'thumbnail': 'https://randomuser.me/api/portraits/thumb/women/23.jpg'}, 'nat': 'RS'}], 'info': {'seed': '8044c69d1727c32e', 'results': 1, 'page': 1, 'version': '1.4'}}</msg>
<arg>${json_data}</arg>
<doc>Logs the given message with the given level.</doc>
<status status="PASS" start="2024-06-24T04:18:03.748197" elapsed="0.000210"/>
</kw>
<kw name="Should Be String" owner="String">
<arg>${json_data['results'][0]['gender']}</arg>
<doc>Fails if the given ``item`` is not a string.</doc>
<status status="PASS" start="2024-06-24T04:18:03.748697" elapsed="0.000365"/>
</kw>
<kw name="Should Match Regexp" owner="BuiltIn">
<arg>${json_data['results'][0]['email']}</arg>
<arg>^[a-zA-Z0-9._%+-]+@[a-zA-Z0-9.-]+\.[a-zA-Z]{2,}$</arg>
<doc>Fails if ``string`` does not match ``pattern`` as a regular expression.</doc>
<status status="PASS" start="2024-06-24T04:18:03.749246" elapsed="0.000558"/>
</kw>
<kw name="Should Match Regexp" owner="BuiltIn">
<arg>${json_data['results'][0]['dob']['date']}</arg>
<arg>\\d{4}-\\d{2}-\\d{2}T\\d{2}:\\d{2}:\\d{2}\\.\\d{3}Z</arg>
<doc>Fails if ``string`` does not match ``pattern`` as a regular expression.</doc>
<status status="PASS" start="2024-06-24T04:18:03.749998" elapsed="0.000510"/>
</kw>
<kw name="Should Match Regexp" owner="BuiltIn">
<arg>${json_data['results'][0]['registered']['date']}</arg>
<arg>\\d{4}-\\d{2}-\\d{2}T\\d{2}:\\d{2}:\\d{2}\\.\\d{3}Z</arg>
<doc>Fails if ``string`` does not match ``pattern`` as a regular expression.</doc>
<status status="PASS" start="2024-06-24T04:18:03.750710" elapsed="0.000369"/>
</kw>
<kw name="Should Match Regexp" owner="BuiltIn">
<arg>${json_data['results'][0]['picture']['large']}</arg>
<arg>^https?://.*\.(?:png|jpe?g|gif|bmp)$</arg>
<doc>Fails if ``string`` does not match ``pattern`` as a regular expression.</doc>
<status status="PASS" start="2024-06-24T04:18:03.751258" elapsed="0.000450"/>
</kw>
<kw name="Should Match Regexp" owner="BuiltIn">
<arg>${json_data['results'][0]['picture']['medium']}</arg>
<arg>^https?://.*\.(?:png|jpe?g|gif|bmp)$</arg>
<doc>Fails if ``string`` does not match ``pattern`` as a regular expression.</doc>
<status status="PASS" start="2024-06-24T04:18:03.751918" elapsed="0.000363"/>
</kw>
<kw name="Should Match Regexp" owner="BuiltIn">
<arg>${json_data['results'][0]['picture']['thumbnail']}</arg>
<arg>^https?://.*\.(?:png|jpe?g|gif|bmp)$</arg>
<doc>Fails if ``string`` does not match ``pattern`` as a regular expression.</doc>
<status status="PASS" start="2024-06-24T04:18:03.752463" elapsed="0.000351"/>
</kw>
<kw name="Log" owner="BuiltIn">
<msg time="2024-06-24T04:18:03.753311" level="INFO">{'large': 'https://randomuser.me/api/portraits/women/23.jpg', 'medium': 'https://randomuser.me/api/portraits/med/women/23.jpg', 'thumbnail': 'https://randomuser.me/api/portraits/thumb/women/23.jpg'}</msg>
<arg>${json_data['results'][0]['picture']}</arg>
<doc>Logs the given message with the given level.</doc>
<status status="PASS" start="2024-06-24T04:18:03.752991" elapsed="0.000362"/>
</kw>
<status status="PASS" start="2024-06-24T04:18:03.699833" elapsed="0.053777"/>
</kw>
<kw name="Teste de Tipos de Dados - Postcode" owner="random-user-service">
<kw name="GET On Session" owner="RequestsLibrary">
<msg time="2024-06-24T04:18:03.885408" level="INFO">GET Request : url=https://randomuser.me/api 
 path_url=/api 
 headers={'User-Agent': 'python-requests/2.32.3', 'Accept-Encoding': 'gzip, deflate', 'Accept': '*/*', 'Connection': 'keep-alive'} 
 body=None 
 </msg>
<msg time="2024-06-24T04:18:03.885481" level="INFO">GET Response : url=https://randomuser.me/api 
 status=200, reason=OK 
 headers={'Date': 'Mon, 24 Jun 2024 04:18:03 GMT', 'Content-Type': 'application/json; charset=utf-8', 'Transfer-Encoding': 'chunked', 'Connection': 'keep-alive', 'X-Powered-By': 'Express', 'Access-Control-Allow-Origin': '*', 'Cache-Control': 'no-cache', 'ETag': 'W/"48a-F/TxHHfKZupOtCSTMeb5JhH28nM"', 'Vary': 'Accept-Encoding', 'Content-Encoding': 'gzip', 'CF-Cache-Status': 'DYNAMIC', 'Report-To': '{"endpoints":[{"url":"https:\\/\\/a.nel.cloudflare.com\\/report\\/v4?s=VCp6%2FcfaHDMgnQCoScFBlRjRNTloMZRnUfnykHjbOYtHAn%2BS0PmIVrFZD5MhhRMyHBhBjGJqaqKpFmU5JFUVuKFvP4H1MIvF%2BYDeq7%2FfFKsGZCAljD44EAXsuHT7z58j"}],"group":"cf-nel","max_age":604800}', 'NEL': '{"success_fraction":0,"report_to":"cf-nel","max_age":604800}', 'Server': 'cloudflare', 'CF-RAY': '8989e9657a3f38ff-IAD', 'alt-svc': 'h3=":443"; ma=86400'} 
 body={"results":[{"gender":"male","name":{"title":"Mr","first":"Ludwig","last":"Reimer"},"location":{"street":{"number":3944,"name":"Birkenweg"},"city":"Demmin","state":"Bremen","country":"Germany","postcode":32685,"coordinates":{"latitude":"-54.1658","longitude":"-85.9639"},"timezone":{"offset":"-3:00","description":"Brazil, Buenos Aires, Georgetown"}},"email":"ludwig.reimer@example.com","login":{"uuid":"ab562244-9629-4ad8-8b68-fe8d2822d09d","username":"happyleopard987","password":"phrases","salt":"KykIQZFI","md5":"a89aa407a50c8612b97baa801ceac9c2","sha1":"1f4e8643337ba282cd4b4926e5593c9cdf17fa3f","sha256":"c57be610b62c6e27349993bf9af06e224f0eab09dab650cf0039d250d62ae4ed"},"dob":{"date":"1995-05-30T05:02:08.046Z","age":29},"registered":{"date":"2013-02-15T08:45:41.779Z","age":11},"phone":"0151-1805849","cell":"0171-9528234","id":{"name":"SVNR","value":"56 300595 R 037"},"picture":{"large":"https://randomuser.me/api/portraits/men/83.jpg","medium":"https://randomuser.me/api/portraits/med/men/83.jpg","thumbnail":"https://randomuser.me/api/portraits/thumb/men/83.jpg"},"nat":"DE"}],"info":{"seed":"d8d95f81bf829e3a","results":1,"page":1,"version":"1.4"}} 
 </msg>
<msg time="2024-06-24T04:18:03.885536" level="INFO">/opt/hostedtoolcache/Python/3.12.4/x64/lib/python3.12/site-packages/urllib3/connectionpool.py:1099: InsecureRequestWarning: Unverified HTTPS request is being made to host 'randomuser.me'. Adding certificate verification is strongly advised. See: https://urllib3.readthedocs.io/en/latest/advanced-usage.html#tls-warnings
  warnings.warn(</msg>
<msg time="2024-06-24T04:18:03.885625" level="INFO">${response} = &lt;Response [200]&gt;</msg>
<var>${response}</var>
<arg>consultarAPI</arg>
<arg>/api</arg>
<doc>Sends a GET request on a previously created HTTP Session.</doc>
<status status="PASS" start="2024-06-24T04:18:03.754034" elapsed="0.131633"/>
</kw>
<kw name="Set Variable" owner="BuiltIn">
<msg time="2024-06-24T04:18:03.886664" level="INFO">${json_data} = {'results': [{'gender': 'male', 'name': {'title': 'Mr', 'first': 'Ludwig', 'last': 'Reimer'}, 'location': {'street': {'number': 3944, 'name': 'Birkenweg'}, 'city': 'Demmin', 'state': 'Bremen', 'countr...</msg>
<var>${json_data}</var>
<arg>${response.json()}</arg>
<doc>Returns the given values which can then be assigned to a variables.</doc>
<status status="PASS" start="2024-06-24T04:18:03.886115" elapsed="0.000581"/>
</kw>
<kw name="Log" owner="BuiltIn">
<msg time="2024-06-24T04:18:03.887150" level="INFO">{'results': [{'gender': 'male', 'name': {'title': 'Mr', 'first': 'Ludwig', 'last': 'Reimer'}, 'location': {'street': {'number': 3944, 'name': 'Birkenweg'}, 'city': 'Demmin', 'state': 'Bremen', 'country': 'Germany', 'postcode': 32685, 'coordinates': {'latitude': '-54.1658', 'longitude': '-85.9639'}, 'timezone': {'offset': '-3:00', 'description': 'Brazil, Buenos Aires, Georgetown'}}, 'email': 'ludwig.reimer@example.com', 'login': {'uuid': 'ab562244-9629-4ad8-8b68-fe8d2822d09d', 'username': 'happyleopard987', 'password': 'phrases', 'salt': 'KykIQZFI', 'md5': 'a89aa407a50c8612b97baa801ceac9c2', 'sha1': '1f4e8643337ba282cd4b4926e5593c9cdf17fa3f', 'sha256': 'c57be610b62c6e27349993bf9af06e224f0eab09dab650cf0039d250d62ae4ed'}, 'dob': {'date': '1995-05-30T05:02:08.046Z', 'age': 29}, 'registered': {'date': '2013-02-15T08:45:41.779Z', 'age': 11}, 'phone': '0151-1805849', 'cell': '0171-9528234', 'id': {'name': 'SVNR', 'value': '56 300595 R 037'}, 'picture': {'large': 'https://randomuser.me/api/portraits/men/83.jpg', 'medium': 'https://randomuser.me/api/portraits/med/men/83.jpg', 'thumbnail': 'https://randomuser.me/api/portraits/thumb/men/83.jpg'}, 'nat': 'DE'}], 'info': {'seed': 'd8d95f81bf829e3a', 'results': 1, 'page': 1, 'version': '1.4'}}</msg>
<arg>${json_data}</arg>
<doc>Logs the given message with the given level.</doc>
<status status="PASS" start="2024-06-24T04:18:03.886998" elapsed="0.000198"/>
</kw>
<kw name="Should Be Equal As Numbers" owner="BuiltIn">
<arg>${json_data['results'][0]['location']['postcode']}</arg>
<arg>${json_data['results'][0]['location']['postcode']}</arg>
<doc>Fails if objects are unequal after converting them to real numbers.</doc>
<status status="PASS" start="2024-06-24T04:18:03.887487" elapsed="0.000665"/>
</kw>
<kw name="Log" owner="BuiltIn">
<msg time="2024-06-24T04:18:03.888823" level="INFO">32685</msg>
<arg>${json_data['results'][0]['location']['postcode']}</arg>
<doc>Logs the given message with the given level.</doc>
<status status="PASS" start="2024-06-24T04:18:03.888358" elapsed="0.000539"/>
</kw>
<status status="PASS" start="2024-06-24T04:18:03.753818" elapsed="0.135338"/>
</kw>
<doc>Testa se os tipos de dados na resposta da API estão corretos.</doc>
<tag>testeTiposDados</tag>
<status status="PASS" start="2024-06-24T04:18:03.699356" elapsed="0.189956"/>
</test>
<test id="s1-s1-t5" name="Validar conteudo" line="35">
<kw name="Teste de Tipos de Conteudo" owner="random-user-service">
<kw name="GET On Session" owner="RequestsLibrary">
<msg time="2024-06-24T04:18:03.967128" level="INFO">GET Request : url=https://randomuser.me/api 
 path_url=/api 
 headers={'User-Agent': 'python-requests/2.32.3', 'Accept-Encoding': 'gzip, deflate', 'Accept': '*/*', 'Connection': 'keep-alive'} 
 body=None 
 </msg>
<msg time="2024-06-24T04:18:03.967232" level="INFO">GET Response : url=https://randomuser.me/api 
 status=200, reason=OK 
 headers={'Date': 'Mon, 24 Jun 2024 04:18:03 GMT', 'Content-Type': 'application/json; charset=utf-8', 'Transfer-Encoding': 'chunked', 'Connection': 'keep-alive', 'X-Powered-By': 'Express', 'Access-Control-Allow-Origin': '*', 'Cache-Control': 'no-cache', 'ETag': 'W/"494-LYTjLd6FAlPR2PB8AOQXrxK6awU"', 'Vary': 'Accept-Encoding', 'Content-Encoding': 'gzip', 'CF-Cache-Status': 'DYNAMIC', 'Report-To': '{"endpoints":[{"url":"https:\\/\\/a.nel.cloudflare.com\\/report\\/v4?s=eA4KHPWAtwJR2ggnT8XZrdFc0WRn16X8rzn49fFkf8WchtghZwDA5P4NAuWe%2FTxr492ShmsjsXaBOjqsnAe%2F8TgtoHXrcCAxbg1Q%2Fgq8pF73nsE1iuK%2FOErkrTg%2FmShf"}],"group":"cf-nel","max_age":604800}', 'NEL': '{"success_fraction":0,"report_to":"cf-nel","max_age":604800}', 'Server': 'cloudflare', 'CF-RAY': '8989e9665b3038ff-IAD', 'alt-svc': 'h3=":443"; ma=86400'} 
 body={"results":[{"gender":"male","name":{"title":"Mr","first":"Kelly","last":"Russell"},"location":{"street":{"number":9437,"name":"Park Road"},"city":"Sunderland","state":"Cumbria","country":"United Kingdom","postcode":"QX68 3NA","coordinates":{"latitude":"-10.1906","longitude":"-152.3085"},"timezone":{"offset":"-3:00","description":"Brazil, Buenos Aires, Georgetown"}},"email":"kelly.russell@example.com","login":{"uuid":"8c5f9d3c-ba44-4a73-b8b2-8495f8489d71","username":"saddog558","password":"lemmein","salt":"RPrqMDoQ","md5":"6b52eb7ca89abd52c135dbba11e40b6e","sha1":"7568693006ff598fc1dd467457e6cc991b61579b","sha256":"60b00a11e082cd9e139311c6c6af70e3e09780bc0a0b6271152017dc77ef8504"},"dob":{"date":"1958-11-23T17:10:41.943Z","age":65},"registered":{"date":"2014-01-22T23:10:18.362Z","age":10},"phone":"015396 78264","cell":"07990 435780","id":{"name":"NINO","value":"WE 53 55 46 H"},"picture":{"large":"https://randomuser.me/api/portraits/men/35.jpg","medium":"https://randomuser.me/api/portraits/med/men/35.jpg","thumbnail":"https://randomuser.me/api/portraits/thumb/men/35.jpg"},"nat":"GB"}],"info":{"seed":"04a0df42a2bb5183","results":1,"page":1,"version":"1.4"}} 
 </msg>
<msg time="2024-06-24T04:18:03.967312" level="INFO">/opt/hostedtoolcache/Python/3.12.4/x64/lib/python3.12/site-packages/urllib3/connectionpool.py:1099: InsecureRequestWarning: Unverified HTTPS request is being made to host 'randomuser.me'. Adding certificate verification is strongly advised. See: https://urllib3.readthedocs.io/en/latest/advanced-usage.html#tls-warnings
  warnings.warn(</msg>
<msg time="2024-06-24T04:18:03.967453" level="INFO">${response} = &lt;Response [200]&gt;</msg>
<var>${response}</var>
<arg>consultarAPI</arg>
<arg>/api</arg>
<doc>Sends a GET request on a previously created HTTP Session.</doc>
<status status="PASS" start="2024-06-24T04:18:03.892039" elapsed="0.075470"/>
</kw>
<kw name="Set Variable" owner="BuiltIn">
<msg time="2024-06-24T04:18:03.968671" level="INFO">${json_data} = {'results': [{'gender': 'male', 'name': {'title': 'Mr', 'first': 'Kelly', 'last': 'Russell'}, 'location': {'street': {'number': 9437, 'name': 'Park Road'}, 'city': 'Sunderland', 'state': 'Cumbria', 'c...</msg>
<var>${json_data}</var>
<arg>${response.json()}</arg>
<doc>Returns the given values which can then be assigned to a variables.</doc>
<status status="PASS" start="2024-06-24T04:18:03.968127" elapsed="0.000573"/>
</kw>
<kw name="Set Variable" owner="BuiltIn">
<msg time="2024-06-24T04:18:03.969396" level="INFO">${name_title} = Mr</msg>
<var>${name_title}</var>
<arg>${json_data["results"][0]["name"]["title"]}</arg>
<doc>Returns the given values which can then be assigned to a variables.</doc>
<status status="PASS" start="2024-06-24T04:18:03.969008" elapsed="0.000413"/>
</kw>
<kw name="Create List" owner="BuiltIn">
<msg time="2024-06-24T04:18:03.969867" level="INFO">${allowed_titles} = ['Mr', 'Ms', 'Miss', 'Mrs', 'Madame', 'Monsieur']</msg>
<var>${allowed_titles}</var>
<arg>Mr</arg>
<arg>Ms</arg>
<arg>Miss</arg>
<arg>Mrs</arg>
<arg>Madame</arg>
<arg>Monsieur</arg>
<doc>Returns a list containing given items.</doc>
<status status="PASS" start="2024-06-24T04:18:03.969718" elapsed="0.000173"/>
</kw>
<kw name="List Should Contain Value" owner="Collections">
<arg>${allowed_titles}</arg>
<arg>${name_title}</arg>
<doc>Fails if the ``value`` is not found from ``list``.</doc>
<status status="PASS" start="2024-06-24T04:18:03.970195" elapsed="0.000178"/>
</kw>
<kw name="Set Variable" owner="BuiltIn">
<msg time="2024-06-24T04:18:03.970916" level="INFO">${name_country} = GB</msg>
<var>${name_country}</var>
<arg>${json_data["results"][0]["nat"]}</arg>
<doc>Returns the given values which can then be assigned to a variables.</doc>
<status status="PASS" start="2024-06-24T04:18:03.970549" elapsed="0.000391"/>
</kw>
<kw name="Create List" owner="BuiltIn">
<msg time="2024-06-24T04:18:03.971827" level="INFO">${list_country} = ['AD', 'AE', 'AF', 'AG', 'AI', 'AL', 'AM', 'AO', 'AQ', 'AR', 'AS', 'AT', 'AU', 'AW', 'AX', 'AZ', 'BA', 'BB', 'BD', 'BE', 'BF', 'BG', 'BH', 'BI', 'BJ', 'BL', 'BM', 'BN', 'BO', 'BQ', 'BR', 'BS', 'BT', '...</msg>
<var>${list_country}</var>
<arg>AD</arg>
<arg>AE</arg>
<arg>AF</arg>
<arg>AG</arg>
<arg>AI</arg>
<arg>AL</arg>
<arg>AM</arg>
<arg>AO</arg>
<arg>AQ</arg>
<arg>AR</arg>
<arg>AS</arg>
<arg>AT</arg>
<arg>AU</arg>
<arg>AW</arg>
<arg>AX</arg>
<arg>AZ</arg>
<arg>BA</arg>
<arg>BB</arg>
<arg>BD</arg>
<arg>BE</arg>
<arg>BF</arg>
<arg>BG</arg>
<arg>BH</arg>
<arg>BI</arg>
<arg>BJ</arg>
<arg>BL</arg>
<arg>BM</arg>
<arg>BN</arg>
<arg>BO</arg>
<arg>BQ</arg>
<arg>BR</arg>
<arg>BS</arg>
<arg>BT</arg>
<arg>BV</arg>
<arg>BW</arg>
<arg>BY</arg>
<arg>BZ</arg>
<arg>CA</arg>
<arg>CC</arg>
<arg>CD</arg>
<arg>CF</arg>
<arg>CG</arg>
<arg>CH</arg>
<arg>CI</arg>
<arg>CK</arg>
<arg>CL</arg>
<arg>CM</arg>
<arg>CN</arg>
<arg>CO</arg>
<arg>CR</arg>
<arg>CU</arg>
<arg>CV</arg>
<arg>CW</arg>
<arg>CX</arg>
<arg>CY</arg>
<arg>CZ</arg>
<arg>DE</arg>
<arg>DJ</arg>
<arg>DK</arg>
<arg>DM</arg>
<arg>DO</arg>
<arg>DZ</arg>
<arg>EC</arg>
<arg>EE</arg>
<arg>EG</arg>
<arg>EH</arg>
<arg>ER</arg>
<arg>ES</arg>
<arg>ET</arg>
<arg>FI</arg>
<arg>FJ</arg>
<arg>FK</arg>
<arg>FM</arg>
<arg>FO</arg>
<arg>FR</arg>
<arg>GA</arg>
<arg>GB</arg>
<arg>GD</arg>
<arg>GE</arg>
<arg>GF</arg>
<arg>GG</arg>
<arg>GH</arg>
<arg>GI</arg>
<arg>GL</arg>
<arg>GM</arg>
<arg>GN</arg>
<arg>GP</arg>
<arg>GQ</arg>
<arg>GR</arg>
<arg>GS</arg>
<arg>GT</arg>
<arg>GU</arg>
<arg>GW</arg>
<arg>GY</arg>
<arg>HK</arg>
<arg>HM</arg>
<arg>HN</arg>
<arg>HR</arg>
<arg>HT</arg>
<arg>HU</arg>
<arg>ID</arg>
<arg>IE</arg>
<arg>IL</arg>
<arg>IM</arg>
<arg>IN</arg>
<arg>IO</arg>
<arg>IQ</arg>
<arg>IR</arg>
<arg>IS</arg>
<arg>IT</arg>
<arg>JE</arg>
<arg>JM</arg>
<arg>JO</arg>
<arg>JP</arg>
<arg>KE</arg>
<arg>KG</arg>
<arg>KH</arg>
<arg>KI</arg>
<arg>KM</arg>
<arg>KN</arg>
<arg>KP</arg>
<arg>KR</arg>
<arg>KW</arg>
<arg>KY</arg>
<arg>KZ</arg>
<arg>LA</arg>
<arg>LB</arg>
<arg>LC</arg>
<arg>LI</arg>
<arg>LK</arg>
<arg>LR</arg>
<arg>LS</arg>
<arg>LT</arg>
<arg>LU</arg>
<arg>LV</arg>
<arg>LY</arg>
<arg>MA</arg>
<arg>MC</arg>
<arg>MD</arg>
<arg>ME</arg>
<arg>MF</arg>
<arg>MG</arg>
<arg>MH</arg>
<arg>MK</arg>
<arg>ML</arg>
<arg>MM</arg>
<arg>MN</arg>
<arg>MO</arg>
<arg>MP</arg>
<arg>MQ</arg>
<arg>MR</arg>
<arg>MS</arg>
<arg>MT</arg>
<arg>MU</arg>
<arg>MV</arg>
<arg>MW</arg>
<arg>MX</arg>
<arg>MY</arg>
<arg>MZ</arg>
<arg>NA</arg>
<arg>NC</arg>
<arg>NE</arg>
<arg>NF</arg>
<arg>NG</arg>
<arg>NI</arg>
<arg>NL</arg>
<arg>NO</arg>
<arg>NP</arg>
<arg>NR</arg>
<arg>NU</arg>
<arg>NZ</arg>
<arg>OM</arg>
<arg>PA</arg>
<arg>PE</arg>
<arg>PF</arg>
<arg>PG</arg>
<arg>PH</arg>
<arg>PK</arg>
<arg>PL</arg>
<arg>PM</arg>
<arg>PN</arg>
<arg>PR</arg>
<arg>PS</arg>
<arg>PT</arg>
<arg>PW</arg>
<arg>PY</arg>
<arg>QA</arg>
<arg>RE</arg>
<arg>RO</arg>
<arg>RS</arg>
<arg>RU</arg>
<arg>RW</arg>
<arg>SA</arg>
<arg>SB</arg>
<arg>SC</arg>
<arg>SD</arg>
<arg>SE</arg>
<arg>SG</arg>
<arg>SH</arg>
<arg>SI</arg>
<arg>SJ</arg>
<arg>SK</arg>
<arg>SL</arg>
<arg>SM</arg>
<arg>SN</arg>
<arg>SO</arg>
<arg>SR</arg>
<arg>SS</arg>
<arg>ST</arg>
<arg>SV</arg>
<arg>SX</arg>
<arg>SY</arg>
<arg>SZ</arg>
<arg>TC</arg>
<arg>TD</arg>
<arg>TF</arg>
<arg>TG</arg>
<arg>TH</arg>
<arg>TJ</arg>
<arg>TK</arg>
<arg>TL</arg>
<arg>TM</arg>
<arg>TN</arg>
<arg>TO</arg>
<arg>TR</arg>
<arg>TT</arg>
<arg>TV</arg>
<arg>TW</arg>
<arg>TZ</arg>
<arg>UA</arg>
<arg>UG</arg>
<arg>UM</arg>
<arg>US</arg>
<arg>UY</arg>
<arg>UZ</arg>
<arg>VA</arg>
<arg>VC</arg>
<arg>VE</arg>
<arg>VG</arg>
<arg>VI</arg>
<arg>VN</arg>
<arg>VU</arg>
<arg>WF</arg>
<arg>WS</arg>
<arg>XK</arg>
<arg>YE</arg>
<arg>YT</arg>
<arg>ZA</arg>
<arg>ZM</arg>
<arg>ZW</arg>
<doc>Returns a list containing given items.</doc>
<status status="PASS" start="2024-06-24T04:18:03.971234" elapsed="0.000618"/>
</kw>
<kw name="List Should Contain Value" owner="Collections">
<arg>${list_country}</arg>
<arg>${name_country}</arg>
<doc>Fails if the ``value`` is not found from ``list``.</doc>
<status status="PASS" start="2024-06-24T04:18:03.972675" elapsed="0.000199"/>
</kw>
<kw name="Run Keyword If" owner="BuiltIn">
<kw name="Should Be True" owner="BuiltIn">
<arg>${True}</arg>
<doc>Fails if the given condition is not true.</doc>
<status status="PASS" start="2024-06-24T04:18:03.973805" elapsed="0.000140"/>
</kw>
<arg>${json_data["results"][0]["location"]["coordinates"]["latitude"]} &gt;= -90 and ${json_data["results"][0]["location"]["coordinates"]["latitude"]} &lt;= 90</arg>
<arg>Should Be True</arg>
<arg>${True}</arg>
<doc>Runs the given keyword with the given arguments, if ``condition`` is true.</doc>
<status status="PASS" start="2024-06-24T04:18:03.973070" elapsed="0.000998"/>
</kw>
<kw name="Run Keyword If" owner="BuiltIn">
<kw name="Should Be True" owner="BuiltIn">
<arg>${True}</arg>
<doc>Fails if the given condition is not true.</doc>
<status status="PASS" start="2024-06-24T04:18:03.974923" elapsed="0.000236"/>
</kw>
<arg>${json_data["results"][0]["location"]["coordinates"]["longitude"]} &gt;= -180 and ${json_data["results"][0]["location"]["coordinates"]["longitude"]} &lt;= 180</arg>
<arg>Should Be True</arg>
<arg>${True}</arg>
<doc>Runs the given keyword with the given arguments, if ``condition`` is true.</doc>
<status status="PASS" start="2024-06-24T04:18:03.974244" elapsed="0.001042"/>
</kw>
<status status="PASS" start="2024-06-24T04:18:03.891651" elapsed="0.083766"/>
</kw>
<doc>Testa o conteúdo específico dos campos retornados pela API.</doc>
<tag>testeConteudo</tag>
<status status="PASS" start="2024-06-24T04:18:03.891018" elapsed="0.084546"/>
</test>
<status status="PASS" start="2024-06-24T04:18:03.023134" elapsed="0.954416"/>
</suite>
<status status="PASS" start="2024-06-24T04:18:03.008086" elapsed="0.974672"/>
</suite>
<statistics>
<total>
<stat pass="5" fail="0" skip="0">All Tests</stat>
</total>
<tag>
<stat pass="1" fail="0" skip="0">testeConteudo</stat>
<stat pass="1" fail="0" skip="0">testeEstruturaResposta</stat>
<stat pass="1" fail="0" skip="0">testeRequisicaoBasica</stat>
<stat pass="1" fail="0" skip="0">testeTiposDados</stat>
</tag>
<suite>
<stat pass="5" fail="0" skip="0" id="s1" name="Tests">Tests</stat>
<stat pass="5" fail="0" skip="0" id="s1-s1" name="Random-User-Test">Tests.Random-User-Test</stat>
</suite>
</statistics>
<errors>
</errors>
</robot>
