<?xml version="1.0" encoding="UTF-8"?>
<robot generator="Robot 7.0.1 (Python 3.12.4 on linux)" generated="2024-06-22T07:15:07.178048" rpa="false" schemaversion="5">
<suite id="s1" name="Tests" source="/home/runner/work/ApiRandomUser/ApiRandomUser/RamdonUser/tests">
<suite id="s1-s1" name="Random-User-Test" source="/home/runner/work/ApiRandomUser/ApiRandomUser/RamdonUser/tests/random-user-test.robot">
<test id="s1-s1-t1" name="Conectar" line="13">
<kw name="Conectar API" owner="random-user-service">
<kw name="Create Session" owner="RequestsLibrary">
<msg time="2024-06-22T07:15:07.577636" level="INFO">Creating Session using : alias=consultarAPI, url=https://randomuser.me/, headers={},                     cookies={}, auth=None, timeout=None, proxies=None, verify=False,                     debug=0 </msg>
<arg>consultarAPI</arg>
<arg>${URL}</arg>
<doc>Create Session: create a HTTP session to a server</doc>
<status status="PASS" start="2024-06-22T07:15:07.577432" elapsed="0.000385"/>
</kw>
<status status="PASS" start="2024-06-22T07:15:07.576435" elapsed="0.001739"/>
</kw>
<status status="PASS" start="2024-06-22T07:15:07.575818" elapsed="0.002550"/>
</test>
<test id="s1-s1-t2" name="Validar retorno 200 e JSON Válido" line="16">
<kw name="Teste de Requisicao Basica" owner="random-user-service">
<kw name="GET On Session" owner="RequestsLibrary">
<msg time="2024-06-22T07:15:07.716826" level="INFO">GET Request : url=https://randomuser.me/api 
 path_url=/api 
 headers={'User-Agent': 'python-requests/2.32.3', 'Accept-Encoding': 'gzip, deflate', 'Accept': '*/*', 'Connection': 'keep-alive'} 
 body=None 
 </msg>
<msg time="2024-06-22T07:15:07.716972" level="INFO">GET Response : url=https://randomuser.me/api 
 status=200, reason=OK 
 headers={'Date': 'Sat, 22 Jun 2024 07:15:07 GMT', 'Content-Type': 'application/json; charset=utf-8', 'Transfer-Encoding': 'chunked', 'Connection': 'keep-alive', 'X-Powered-By': 'Express', 'Access-Control-Allow-Origin': '*', 'Cache-Control': 'no-cache', 'ETag': 'W/"487-DxlQNYOkHcXhHZZoKczBLU+z6HI"', 'Vary': 'Accept-Encoding', 'Content-Encoding': 'gzip', 'CF-Cache-Status': 'DYNAMIC', 'Report-To': '{"endpoints":[{"url":"https:\\/\\/a.nel.cloudflare.com\\/report\\/v4?s=K2%2BlEx2L2wVHOXdSlcEHrX8pYU0lKxcuc1TZR706OjEuBt0v1t5r8leHlvkjSRBdexZsuP%2By8pjpdpsiUw5XprnDhooBW9XOeL2oQ7bO1NNK2%2F4XYs%2F3WYYUGV0Fqjlb"}],"group":"cf-nel","max_age":604800}', 'NEL': '{"success_fraction":0,"report_to":"cf-nel","max_age":604800}', 'Server': 'cloudflare', 'CF-RAY': '897a72048c1c67dc-SJC', 'alt-svc': 'h3=":443"; ma=86400'} 
 body={"results":[{"gender":"female","name":{"title":"Ms","first":"Avery","last":"Mitchell"},"location":{"street":{"number":3662,"name":"College Ave"},"city":"Havelock","state":"Northwest Territories","country":"Canada","postcode":"U0Z 5Q0","coordinates":{"latitude":"-72.2948","longitude":"116.7573"},"timezone":{"offset":"-2:00","description":"Mid-Atlantic"}},"email":"avery.mitchell@example.com","login":{"uuid":"3aa55466-1756-477f-9f41-fdef62df8e16","username":"bigzebra845","password":"drew","salt":"CuAEE8M9","md5":"81c49baf5350d867e8087dc7d1e135fb","sha1":"7f50413053897870a3c4b8f7904472bc45eccb00","sha256":"7a465197ef5270e6d7c495f6d2453099c040bb0181a1267152083fa4db08cd6e"},"dob":{"date":"1997-02-16T10:34:06.232Z","age":27},"registered":{"date":"2021-08-01T22:56:07.131Z","age":2},"phone":"E89 N80-4712","cell":"K94 G43-5668","id":{"name":"SIN","value":"031648819"},"picture":{"large":"https://randomuser.me/api/portraits/women/41.jpg","medium":"https://randomuser.me/api/portraits/med/women/41.jpg","thumbnail":"https://randomuser.me/api/portraits/thumb/women/41.jpg"},"nat":"CA"}],"info":{"seed":"71d1d76e048ebbe0","results":1,"page":1,"version":"1.4"}} 
 </msg>
<msg time="2024-06-22T07:15:07.717063" level="INFO">/opt/hostedtoolcache/Python/3.12.4/x64/lib/python3.12/site-packages/urllib3/connectionpool.py:1099: InsecureRequestWarning: Unverified HTTPS request is being made to host 'randomuser.me'. Adding certificate verification is strongly advised. See: https://urllib3.readthedocs.io/en/latest/advanced-usage.html#tls-warnings
  warnings.warn(</msg>
<msg time="2024-06-22T07:15:07.717195" level="INFO">${response} = &lt;Response [200]&gt;</msg>
<var>${response}</var>
<arg>consultarAPI</arg>
<arg>/api</arg>
<doc>Sends a GET request on a previously created HTTP Session.</doc>
<status status="PASS" start="2024-06-22T07:15:07.581062" elapsed="0.136173"/>
</kw>
<kw name="Should Be Equal As Numbers" owner="BuiltIn">
<msg time="2024-06-22T07:15:07.718100" level="INFO">Argument types are:
&lt;class 'int'&gt;
&lt;class 'str'&gt;</msg>
<arg>${response.status_code}</arg>
<arg>200</arg>
<doc>Fails if objects are unequal after converting them to real numbers.</doc>
<status status="PASS" start="2024-06-22T07:15:07.717677" elapsed="0.000488"/>
</kw>
<kw name="Log" owner="BuiltIn">
<msg time="2024-06-22T07:15:07.718820" level="INFO">200</msg>
<arg>${response.status_code}</arg>
<doc>Logs the given message with the given level.</doc>
<status status="PASS" start="2024-06-22T07:15:07.718477" elapsed="0.000387"/>
</kw>
<kw name="Set Variable" owner="BuiltIn">
<msg time="2024-06-22T07:15:07.719592" level="INFO">${json_data} = {'results': [{'gender': 'female', 'name': {'title': 'Ms', 'first': 'Avery', 'last': 'Mitchell'}, 'location': {'street': {'number': 3662, 'name': 'College Ave'}, 'city': 'Havelock', 'state': 'Northwest...</msg>
<var>${json_data}</var>
<arg>${response.json()}</arg>
<doc>Returns the given values which can then be assigned to a variables.</doc>
<status status="PASS" start="2024-06-22T07:15:07.719167" elapsed="0.000453"/>
</kw>
<kw name="Dictionary Should Contain Key" owner="Collections">
<arg>${json_data}</arg>
<arg>results</arg>
<doc>Fails if ``key`` is not found from ``dictionary``.</doc>
<status status="PASS" start="2024-06-22T07:15:07.719929" elapsed="0.000173"/>
</kw>
<status status="PASS" start="2024-06-22T07:15:07.580806" elapsed="0.139453"/>
</kw>
<doc>Testa se a API responde corretamente e retorna um objeto JSON válido.</doc>
<tag>testeRequisicaoBasica</tag>
<status status="PASS" start="2024-06-22T07:15:07.580228" elapsed="0.140195"/>
</test>
<test id="s1-s1-t3" name="Validar estrutura de resposta" line="22">
<kw name="Teste de Estrutura de Resposta" owner="random-user-service">
<kw name="GET On Session" owner="RequestsLibrary">
<msg time="2024-06-22T07:15:07.813837" level="INFO">GET Request : url=https://randomuser.me/api 
 path_url=/api 
 headers={'User-Agent': 'python-requests/2.32.3', 'Accept-Encoding': 'gzip, deflate', 'Accept': '*/*', 'Connection': 'keep-alive'} 
 body=None 
 </msg>
<msg time="2024-06-22T07:15:07.813902" level="INFO">GET Response : url=https://randomuser.me/api 
 status=200, reason=OK 
 headers={'Date': 'Sat, 22 Jun 2024 07:15:07 GMT', 'Content-Type': 'application/json; charset=utf-8', 'Transfer-Encoding': 'chunked', 'Connection': 'keep-alive', 'X-Powered-By': 'Express', 'Access-Control-Allow-Origin': '*', 'Cache-Control': 'no-cache', 'ETag': 'W/"49c-wwMVk0uRiL4bsdz032FSNrz37lE"', 'Vary': 'Accept-Encoding', 'Content-Encoding': 'gzip', 'CF-Cache-Status': 'DYNAMIC', 'Report-To': '{"endpoints":[{"url":"https:\\/\\/a.nel.cloudflare.com\\/report\\/v4?s=LyDjWmcmrvW8jL%2Fv3rNAQ3AnSkkfXCzoUcAU8voMm0mOLrVRJMi7QvqayO4wnq0VjRvB1c%2F%2FzChFlM9jnjmfnODbbDUEpk8SnoWAJ%2Foq764TaiV0Z%2B%2Fg1f%2BEWqNgAyC0"}],"group":"cf-nel","max_age":604800}', 'NEL': '{"success_fraction":0,"report_to":"cf-nel","max_age":604800}', 'Server': 'cloudflare', 'CF-RAY': '897a72054c9d67dc-SJC', 'alt-svc': 'h3=":443"; ma=86400'} 
 body={"results":[{"gender":"female","name":{"title":"Mrs","first":"Beatrice","last":"Patel"},"location":{"street":{"number":5326,"name":"Pierre Ave"},"city":"Westport","state":"Prince Edward Island","country":"Canada","postcode":"Z2E 9E6","coordinates":{"latitude":"-67.6349","longitude":"123.4215"},"timezone":{"offset":"-3:00","description":"Brazil, Buenos Aires, Georgetown"}},"email":"beatrice.patel@example.com","login":{"uuid":"3b558bfb-4f3d-4003-9b26-d15e309ef792","username":"happysnake183","password":"bian","salt":"7o1ddlvS","md5":"2a40ef45ed81f4bfe5639feea8f563a6","sha1":"9a66544c919289ab408063fd9951e5a5962b76fa","sha256":"7ec32bb6f808cce5b42f909111c948f7066bb631077f12dae520d716b721d49a"},"dob":{"date":"1963-10-04T18:27:27.515Z","age":60},"registered":{"date":"2020-05-07T14:52:59.052Z","age":4},"phone":"A68 Z45-1757","cell":"V14 K06-9659","id":{"name":"SIN","value":"031136724"},"picture":{"large":"https://randomuser.me/api/portraits/women/19.jpg","medium":"https://randomuser.me/api/portraits/med/women/19.jpg","thumbnail":"https://randomuser.me/api/portraits/thumb/women/19.jpg"},"nat":"CA"}],"info":{"seed":"37f83ee7abc20e0e","results":1,"page":1,"version":"1.4"}} 
 </msg>
<msg time="2024-06-22T07:15:07.813997" level="INFO">/opt/hostedtoolcache/Python/3.12.4/x64/lib/python3.12/site-packages/urllib3/connectionpool.py:1099: InsecureRequestWarning: Unverified HTTPS request is being made to host 'randomuser.me'. Adding certificate verification is strongly advised. See: https://urllib3.readthedocs.io/en/latest/advanced-usage.html#tls-warnings
  warnings.warn(</msg>
<msg time="2024-06-22T07:15:07.814090" level="INFO">${response} = &lt;Response [200]&gt;</msg>
<var>${response}</var>
<arg>consultarAPI</arg>
<arg>/api</arg>
<doc>Sends a GET request on a previously created HTTP Session.</doc>
<status status="PASS" start="2024-06-22T07:15:07.723103" elapsed="0.091022"/>
</kw>
<kw name="Set Variable" owner="BuiltIn">
<msg time="2024-06-22T07:15:07.814969" level="INFO">${json_data} = {'results': [{'gender': 'female', 'name': {'title': 'Mrs', 'first': 'Beatrice', 'last': 'Patel'}, 'location': {'street': {'number': 5326, 'name': 'Pierre Ave'}, 'city': 'Westport', 'state': 'Prince Ed...</msg>
<var>${json_data}</var>
<arg>${response.json()}</arg>
<doc>Returns the given values which can then be assigned to a variables.</doc>
<status status="PASS" start="2024-06-22T07:15:07.814524" elapsed="0.000475"/>
</kw>
<kw name="Log" owner="BuiltIn">
<msg time="2024-06-22T07:15:07.815463" level="INFO">{'results': [{'gender': 'female', 'name': {'title': 'Mrs', 'first': 'Beatrice', 'last': 'Patel'}, 'location': {'street': {'number': 5326, 'name': 'Pierre Ave'}, 'city': 'Westport', 'state': 'Prince Edward Island', 'country': 'Canada', 'postcode': 'Z2E 9E6', 'coordinates': {'latitude': '-67.6349', 'longitude': '123.4215'}, 'timezone': {'offset': '-3:00', 'description': 'Brazil, Buenos Aires, Georgetown'}}, 'email': 'beatrice.patel@example.com', 'login': {'uuid': '3b558bfb-4f3d-4003-9b26-d15e309ef792', 'username': 'happysnake183', 'password': 'bian', 'salt': '7o1ddlvS', 'md5': '2a40ef45ed81f4bfe5639feea8f563a6', 'sha1': '9a66544c919289ab408063fd9951e5a5962b76fa', 'sha256': '7ec32bb6f808cce5b42f909111c948f7066bb631077f12dae520d716b721d49a'}, 'dob': {'date': '1963-10-04T18:27:27.515Z', 'age': 60}, 'registered': {'date': '2020-05-07T14:52:59.052Z', 'age': 4}, 'phone': 'A68 Z45-1757', 'cell': 'V14 K06-9659', 'id': {'name': 'SIN', 'value': '031136724'}, 'picture': {'large': 'https://randomuser.me/api/portraits/women/19.jpg', 'medium': 'https://randomuser.me/api/portraits/med/women/19.jpg', 'thumbnail': 'https://randomuser.me/api/portraits/thumb/women/19.jpg'}, 'nat': 'CA'}], 'info': {'seed': '37f83ee7abc20e0e', 'results': 1, 'page': 1, 'version': '1.4'}}</msg>
<arg>${json_data}</arg>
<doc>Logs the given message with the given level.</doc>
<status status="PASS" start="2024-06-22T07:15:07.815308" elapsed="0.000214"/>
</kw>
<kw name="Dictionary Should Contain Key" owner="Collections">
<arg>${json_data}</arg>
<arg>results</arg>
<doc>Fails if ``key`` is not found from ``dictionary``.</doc>
<status status="PASS" start="2024-06-22T07:15:07.815813" elapsed="0.000166"/>
</kw>
<kw name="Should Not Be Empty" owner="BuiltIn">
<msg time="2024-06-22T07:15:07.816287" level="INFO">Length is 2.</msg>
<arg>${json_data}</arg>
<doc>Verifies that the given item is not empty.</doc>
<status status="PASS" start="2024-06-22T07:15:07.816163" elapsed="0.000170"/>
</kw>
<kw name="Create List" owner="BuiltIn">
<msg time="2024-06-22T07:15:07.816829" level="INFO">${expected_keys} = ['gender', 'name', 'location', 'email', 'login']</msg>
<var>${expected_keys}</var>
<arg>gender</arg>
<arg>name</arg>
<arg>location</arg>
<arg>email</arg>
<arg>login</arg>
<doc>Returns a list containing given items.</doc>
<status status="PASS" start="2024-06-22T07:15:07.816674" elapsed="0.000180"/>
</kw>
<for flavor="IN">
<iter>
<kw name="Dictionary Should Contain Key" owner="Collections">
<arg>${json_data['results'][0]}</arg>
<arg>${key}</arg>
<doc>Fails if ``key`` is not found from ``dictionary``.</doc>
<status status="PASS" start="2024-06-22T07:15:07.817569" elapsed="0.000401"/>
</kw>
<kw name="Log" owner="BuiltIn">
<msg time="2024-06-22T07:15:07.818623" level="INFO">{'gender': 'female', 'name': {'title': 'Mrs', 'first': 'Beatrice', 'last': 'Patel'}, 'location': {'street': {'number': 5326, 'name': 'Pierre Ave'}, 'city': 'Westport', 'state': 'Prince Edward Island', 'country': 'Canada', 'postcode': 'Z2E 9E6', 'coordinates': {'latitude': '-67.6349', 'longitude': '123.4215'}, 'timezone': {'offset': '-3:00', 'description': 'Brazil, Buenos Aires, Georgetown'}}, 'email': 'beatrice.patel@example.com', 'login': {'uuid': '3b558bfb-4f3d-4003-9b26-d15e309ef792', 'username': 'happysnake183', 'password': 'bian', 'salt': '7o1ddlvS', 'md5': '2a40ef45ed81f4bfe5639feea8f563a6', 'sha1': '9a66544c919289ab408063fd9951e5a5962b76fa', 'sha256': '7ec32bb6f808cce5b42f909111c948f7066bb631077f12dae520d716b721d49a'}, 'dob': {'date': '1963-10-04T18:27:27.515Z', 'age': 60}, 'registered': {'date': '2020-05-07T14:52:59.052Z', 'age': 4}, 'phone': 'A68 Z45-1757', 'cell': 'V14 K06-9659', 'id': {'name': 'SIN', 'value': '031136724'}, 'picture': {'large': 'https://randomuser.me/api/portraits/women/19.jpg', 'medium': 'https://randomuser.me/api/portraits/med/women/19.jpg', 'thumbnail': 'https://randomuser.me/api/portraits/thumb/women/19.jpg'}, 'nat': 'CA'}</msg>
<arg>${json_data['results'][0]}</arg>
<doc>Logs the given message with the given level.</doc>
<status status="PASS" start="2024-06-22T07:15:07.818155" elapsed="0.000547"/>
</kw>
<kw name="Log" owner="BuiltIn">
<msg time="2024-06-22T07:15:07.819399" level="INFO">gender</msg>
<arg>${key}</arg>
<doc>Logs the given message with the given level.</doc>
<status status="PASS" start="2024-06-22T07:15:07.819186" elapsed="0.000281"/>
</kw>
<var name="${key}">gender</var>
<status status="PASS" start="2024-06-22T07:15:07.817436" elapsed="0.002390"/>
</iter>
<iter>
<kw name="Dictionary Should Contain Key" owner="Collections">
<arg>${json_data['results'][0]}</arg>
<arg>${key}</arg>
<doc>Fails if ``key`` is not found from ``dictionary``.</doc>
<status status="PASS" start="2024-06-22T07:15:07.820332" elapsed="0.000657"/>
</kw>
<kw name="Log" owner="BuiltIn">
<msg time="2024-06-22T07:15:07.821861" level="INFO">{'gender': 'female', 'name': {'title': 'Mrs', 'first': 'Beatrice', 'last': 'Patel'}, 'location': {'street': {'number': 5326, 'name': 'Pierre Ave'}, 'city': 'Westport', 'state': 'Prince Edward Island', 'country': 'Canada', 'postcode': 'Z2E 9E6', 'coordinates': {'latitude': '-67.6349', 'longitude': '123.4215'}, 'timezone': {'offset': '-3:00', 'description': 'Brazil, Buenos Aires, Georgetown'}}, 'email': 'beatrice.patel@example.com', 'login': {'uuid': '3b558bfb-4f3d-4003-9b26-d15e309ef792', 'username': 'happysnake183', 'password': 'bian', 'salt': '7o1ddlvS', 'md5': '2a40ef45ed81f4bfe5639feea8f563a6', 'sha1': '9a66544c919289ab408063fd9951e5a5962b76fa', 'sha256': '7ec32bb6f808cce5b42f909111c948f7066bb631077f12dae520d716b721d49a'}, 'dob': {'date': '1963-10-04T18:27:27.515Z', 'age': 60}, 'registered': {'date': '2020-05-07T14:52:59.052Z', 'age': 4}, 'phone': 'A68 Z45-1757', 'cell': 'V14 K06-9659', 'id': {'name': 'SIN', 'value': '031136724'}, 'picture': {'large': 'https://randomuser.me/api/portraits/women/19.jpg', 'medium': 'https://randomuser.me/api/portraits/med/women/19.jpg', 'thumbnail': 'https://randomuser.me/api/portraits/thumb/women/19.jpg'}, 'nat': 'CA'}</msg>
<arg>${json_data['results'][0]}</arg>
<doc>Logs the given message with the given level.</doc>
<status status="PASS" start="2024-06-22T07:15:07.821285" elapsed="0.000650"/>
</kw>
<kw name="Log" owner="BuiltIn">
<msg time="2024-06-22T07:15:07.822530" level="INFO">name</msg>
<arg>${key}</arg>
<doc>Logs the given message with the given level.</doc>
<status status="PASS" start="2024-06-22T07:15:07.822349" elapsed="0.000240"/>
</kw>
<var name="${key}">name</var>
<status status="PASS" start="2024-06-22T07:15:07.820141" elapsed="0.002769"/>
</iter>
<iter>
<kw name="Dictionary Should Contain Key" owner="Collections">
<arg>${json_data['results'][0]}</arg>
<arg>${key}</arg>
<doc>Fails if ``key`` is not found from ``dictionary``.</doc>
<status status="PASS" start="2024-06-22T07:15:07.823360" elapsed="0.000590"/>
</kw>
<kw name="Log" owner="BuiltIn">
<msg time="2024-06-22T07:15:07.824826" level="INFO">{'gender': 'female', 'name': {'title': 'Mrs', 'first': 'Beatrice', 'last': 'Patel'}, 'location': {'street': {'number': 5326, 'name': 'Pierre Ave'}, 'city': 'Westport', 'state': 'Prince Edward Island', 'country': 'Canada', 'postcode': 'Z2E 9E6', 'coordinates': {'latitude': '-67.6349', 'longitude': '123.4215'}, 'timezone': {'offset': '-3:00', 'description': 'Brazil, Buenos Aires, Georgetown'}}, 'email': 'beatrice.patel@example.com', 'login': {'uuid': '3b558bfb-4f3d-4003-9b26-d15e309ef792', 'username': 'happysnake183', 'password': 'bian', 'salt': '7o1ddlvS', 'md5': '2a40ef45ed81f4bfe5639feea8f563a6', 'sha1': '9a66544c919289ab408063fd9951e5a5962b76fa', 'sha256': '7ec32bb6f808cce5b42f909111c948f7066bb631077f12dae520d716b721d49a'}, 'dob': {'date': '1963-10-04T18:27:27.515Z', 'age': 60}, 'registered': {'date': '2020-05-07T14:52:59.052Z', 'age': 4}, 'phone': 'A68 Z45-1757', 'cell': 'V14 K06-9659', 'id': {'name': 'SIN', 'value': '031136724'}, 'picture': {'large': 'https://randomuser.me/api/portraits/women/19.jpg', 'medium': 'https://randomuser.me/api/portraits/med/women/19.jpg', 'thumbnail': 'https://randomuser.me/api/portraits/thumb/women/19.jpg'}, 'nat': 'CA'}</msg>
<arg>${json_data['results'][0]}</arg>
<doc>Logs the given message with the given level.</doc>
<status status="PASS" start="2024-06-22T07:15:07.824219" elapsed="0.000683"/>
</kw>
<kw name="Log" owner="BuiltIn">
<msg time="2024-06-22T07:15:07.825511" level="INFO">location</msg>
<arg>${key}</arg>
<doc>Logs the given message with the given level.</doc>
<status status="PASS" start="2024-06-22T07:15:07.825326" elapsed="0.000244"/>
</kw>
<var name="${key}">location</var>
<status status="PASS" start="2024-06-22T07:15:07.823190" elapsed="0.002685"/>
</iter>
<iter>
<kw name="Dictionary Should Contain Key" owner="Collections">
<arg>${json_data['results'][0]}</arg>
<arg>${key}</arg>
<doc>Fails if ``key`` is not found from ``dictionary``.</doc>
<status status="PASS" start="2024-06-22T07:15:07.826329" elapsed="0.000589"/>
</kw>
<kw name="Log" owner="BuiltIn">
<msg time="2024-06-22T07:15:07.827777" level="INFO">{'gender': 'female', 'name': {'title': 'Mrs', 'first': 'Beatrice', 'last': 'Patel'}, 'location': {'street': {'number': 5326, 'name': 'Pierre Ave'}, 'city': 'Westport', 'state': 'Prince Edward Island', 'country': 'Canada', 'postcode': 'Z2E 9E6', 'coordinates': {'latitude': '-67.6349', 'longitude': '123.4215'}, 'timezone': {'offset': '-3:00', 'description': 'Brazil, Buenos Aires, Georgetown'}}, 'email': 'beatrice.patel@example.com', 'login': {'uuid': '3b558bfb-4f3d-4003-9b26-d15e309ef792', 'username': 'happysnake183', 'password': 'bian', 'salt': '7o1ddlvS', 'md5': '2a40ef45ed81f4bfe5639feea8f563a6', 'sha1': '9a66544c919289ab408063fd9951e5a5962b76fa', 'sha256': '7ec32bb6f808cce5b42f909111c948f7066bb631077f12dae520d716b721d49a'}, 'dob': {'date': '1963-10-04T18:27:27.515Z', 'age': 60}, 'registered': {'date': '2020-05-07T14:52:59.052Z', 'age': 4}, 'phone': 'A68 Z45-1757', 'cell': 'V14 K06-9659', 'id': {'name': 'SIN', 'value': '031136724'}, 'picture': {'large': 'https://randomuser.me/api/portraits/women/19.jpg', 'medium': 'https://randomuser.me/api/portraits/med/women/19.jpg', 'thumbnail': 'https://randomuser.me/api/portraits/thumb/women/19.jpg'}, 'nat': 'CA'}</msg>
<arg>${json_data['results'][0]}</arg>
<doc>Logs the given message with the given level.</doc>
<status status="PASS" start="2024-06-22T07:15:07.827197" elapsed="0.000660"/>
</kw>
<kw name="Log" owner="BuiltIn">
<msg time="2024-06-22T07:15:07.828459" level="INFO">email</msg>
<arg>${key}</arg>
<doc>Logs the given message with the given level.</doc>
<status status="PASS" start="2024-06-22T07:15:07.828277" elapsed="0.000254"/>
</kw>
<var name="${key}">email</var>
<status status="PASS" start="2024-06-22T07:15:07.826150" elapsed="0.002746"/>
</iter>
<iter>
<kw name="Dictionary Should Contain Key" owner="Collections">
<arg>${json_data['results'][0]}</arg>
<arg>${key}</arg>
<doc>Fails if ``key`` is not found from ``dictionary``.</doc>
<status status="PASS" start="2024-06-22T07:15:07.829344" elapsed="0.000449"/>
</kw>
<kw name="Log" owner="BuiltIn">
<msg time="2024-06-22T07:15:07.830344" level="INFO">{'gender': 'female', 'name': {'title': 'Mrs', 'first': 'Beatrice', 'last': 'Patel'}, 'location': {'street': {'number': 5326, 'name': 'Pierre Ave'}, 'city': 'Westport', 'state': 'Prince Edward Island', 'country': 'Canada', 'postcode': 'Z2E 9E6', 'coordinates': {'latitude': '-67.6349', 'longitude': '123.4215'}, 'timezone': {'offset': '-3:00', 'description': 'Brazil, Buenos Aires, Georgetown'}}, 'email': 'beatrice.patel@example.com', 'login': {'uuid': '3b558bfb-4f3d-4003-9b26-d15e309ef792', 'username': 'happysnake183', 'password': 'bian', 'salt': '7o1ddlvS', 'md5': '2a40ef45ed81f4bfe5639feea8f563a6', 'sha1': '9a66544c919289ab408063fd9951e5a5962b76fa', 'sha256': '7ec32bb6f808cce5b42f909111c948f7066bb631077f12dae520d716b721d49a'}, 'dob': {'date': '1963-10-04T18:27:27.515Z', 'age': 60}, 'registered': {'date': '2020-05-07T14:52:59.052Z', 'age': 4}, 'phone': 'A68 Z45-1757', 'cell': 'V14 K06-9659', 'id': {'name': 'SIN', 'value': '031136724'}, 'picture': {'large': 'https://randomuser.me/api/portraits/women/19.jpg', 'medium': 'https://randomuser.me/api/portraits/med/women/19.jpg', 'thumbnail': 'https://randomuser.me/api/portraits/thumb/women/19.jpg'}, 'nat': 'CA'}</msg>
<arg>${json_data['results'][0]}</arg>
<doc>Logs the given message with the given level.</doc>
<status status="PASS" start="2024-06-22T07:15:07.829982" elapsed="0.000422"/>
</kw>
<kw name="Log" owner="BuiltIn">
<msg time="2024-06-22T07:15:07.830848" level="INFO">login</msg>
<arg>${key}</arg>
<doc>Logs the given message with the given level.</doc>
<status status="PASS" start="2024-06-22T07:15:07.830711" elapsed="0.000176"/>
</kw>
<var name="${key}">login</var>
<status status="PASS" start="2024-06-22T07:15:07.829182" elapsed="0.001931"/>
</iter>
<var>${key}</var>
<value>@{expected_keys}</value>
<status status="PASS" start="2024-06-22T07:15:07.817248" elapsed="0.013985"/>
</for>
<kw name="Create List" owner="BuiltIn">
<msg time="2024-06-22T07:15:07.831590" level="INFO">${expected_keysTwo} = ['username', 'password']</msg>
<var>${expected_keysTwo}</var>
<arg>username</arg>
<arg>password</arg>
<doc>Returns a list containing given items.</doc>
<status status="PASS" start="2024-06-22T07:15:07.831451" elapsed="0.000164"/>
</kw>
<for flavor="IN">
<iter>
<kw name="Dictionary Should Contain Key" owner="Collections">
<arg>${json_data['results'][0]['login']}</arg>
<arg>${keyTwo}</arg>
<doc>Fails if ``key`` is not found from ``dictionary``.</doc>
<status status="PASS" start="2024-06-22T07:15:07.832114" elapsed="0.000395"/>
</kw>
<kw name="Dictionary Should Contain Key" owner="Collections">
<arg>${json_data['results'][0]['login']}</arg>
<arg>${keyTwo}</arg>
<doc>Fails if ``key`` is not found from ``dictionary``.</doc>
<status status="PASS" start="2024-06-22T07:15:07.832740" elapsed="0.000383"/>
</kw>
<kw name="Log" owner="BuiltIn">
<msg time="2024-06-22T07:15:07.833424" level="INFO">username</msg>
<arg>${keyTwo}</arg>
<doc>Logs the given message with the given level.</doc>
<status status="PASS" start="2024-06-22T07:15:07.833303" elapsed="0.000159"/>
</kw>
<var name="${keyTwo}">username</var>
<status status="PASS" start="2024-06-22T07:15:07.832006" elapsed="0.001675"/>
</iter>
<iter>
<kw name="Dictionary Should Contain Key" owner="Collections">
<arg>${json_data['results'][0]['login']}</arg>
<arg>${keyTwo}</arg>
<doc>Fails if ``key`` is not found from ``dictionary``.</doc>
<status status="PASS" start="2024-06-22T07:15:07.833960" elapsed="0.000389"/>
</kw>
<kw name="Dictionary Should Contain Key" owner="Collections">
<arg>${json_data['results'][0]['login']}</arg>
<arg>${keyTwo}</arg>
<doc>Fails if ``key`` is not found from ``dictionary``.</doc>
<status status="PASS" start="2024-06-22T07:15:07.834529" elapsed="0.000382"/>
</kw>
<kw name="Log" owner="BuiltIn">
<msg time="2024-06-22T07:15:07.835206" level="INFO">password</msg>
<arg>${keyTwo}</arg>
<doc>Logs the given message with the given level.</doc>
<status status="PASS" start="2024-06-22T07:15:07.835087" elapsed="0.000155"/>
</kw>
<var name="${keyTwo}">password</var>
<status status="PASS" start="2024-06-22T07:15:07.833853" elapsed="0.001611"/>
</iter>
<var>${keyTwo}</var>
<value>@{expected_keysTwo}</value>
<status status="PASS" start="2024-06-22T07:15:07.831852" elapsed="0.003730"/>
</for>
<status status="PASS" start="2024-06-22T07:15:07.722876" elapsed="0.112842"/>
</kw>
<doc>Testa a estrutura da resposta da API.</doc>
<tag>testeEstruturaResposta</tag>
<status status="PASS" start="2024-06-22T07:15:07.722256" elapsed="0.113609"/>
</test>
<test id="s1-s1-t4" name="Validar tipos de dados" line="28">
<kw name="Teste de Tipos de Dados" owner="random-user-service">
<kw name="GET On Session" owner="RequestsLibrary">
<msg time="2024-06-22T07:15:07.929812" level="INFO">GET Request : url=https://randomuser.me/api 
 path_url=/api 
 headers={'User-Agent': 'python-requests/2.32.3', 'Accept-Encoding': 'gzip, deflate', 'Accept': '*/*', 'Connection': 'keep-alive'} 
 body=None 
 </msg>
<msg time="2024-06-22T07:15:07.929883" level="INFO">GET Response : url=https://randomuser.me/api 
 status=200, reason=OK 
 headers={'Date': 'Sat, 22 Jun 2024 07:15:07 GMT', 'Content-Type': 'application/json; charset=utf-8', 'Transfer-Encoding': 'chunked', 'Connection': 'keep-alive', 'X-Powered-By': 'Express', 'Access-Control-Allow-Origin': '*', 'Cache-Control': 'no-cache', 'ETag': 'W/"486-HdaIGO6achMx1b+6S6Tr/G/VgSA"', 'Vary': 'Accept-Encoding', 'Content-Encoding': 'gzip', 'CF-Cache-Status': 'DYNAMIC', 'Report-To': '{"endpoints":[{"url":"https:\\/\\/a.nel.cloudflare.com\\/report\\/v4?s=g%2F4dMA6Gp5Npzuw0be464diU9fGGKlK6lY916o639IdXbzhjXHG897v3e7G%2FHLS%2Fhd0rQzgMwbOULYPA%2BQwmH6QtVKDjBpZ3fuUj4tYRPInTsCggg4Ugow0S08%2BEkkO%2F"}],"group":"cf-nel","max_age":604800}', 'NEL': '{"success_fraction":0,"report_to":"cf-nel","max_age":604800}', 'Server': 'cloudflare', 'CF-RAY': '897a72060d2567dc-SJC', 'alt-svc': 'h3=":443"; ma=86400'} 
 body={"results":[{"gender":"male","name":{"title":"Mr","first":"Tobias","last":"Sørensen"},"location":{"street":{"number":5333,"name":"Bymarken"},"city":"St.Merløse","state":"Danmark","country":"Denmark","postcode":83291,"coordinates":{"latitude":"-41.8349","longitude":"-33.7772"},"timezone":{"offset":"+4:00","description":"Abu Dhabi, Muscat, Baku, Tbilisi"}},"email":"tobias.sorensen@example.com","login":{"uuid":"ef981c2d-54c0-438e-ab4a-8297d5dfcddd","username":"crazyostrich566","password":"puppet","salt":"upYbmF43","md5":"da41dceb3d1b3f20295ae80c5b3d08e2","sha1":"0852b9bc3441b58fd40ff0bbcfd8e5afbd1ff9c0","sha256":"a0117faee9dc9cb3ab2554373537d10bdb5370720e8829ab259f461f41a5e308"},"dob":{"date":"1952-02-02T16:52:28.650Z","age":72},"registered":{"date":"2013-12-23T06:58:58.687Z","age":10},"phone":"83898888","cell":"28260087","id":{"name":"CPR","value":"020252-4204"},"picture":{"large":"https://randomuser.me/api/portraits/men/46.jpg","medium":"https://randomuser.me/api/portraits/med/men/46.jpg","thumbnail":"https://randomuser.me/api/portraits/thumb/men/46.jpg"},"nat":"DK"}],"info":{"seed":"40db7de49aef4d83","results":1,"page":1,"version":"1.4"}} 
 </msg>
<msg time="2024-06-22T07:15:07.929945" level="INFO">/opt/hostedtoolcache/Python/3.12.4/x64/lib/python3.12/site-packages/urllib3/connectionpool.py:1099: InsecureRequestWarning: Unverified HTTPS request is being made to host 'randomuser.me'. Adding certificate verification is strongly advised. See: https://urllib3.readthedocs.io/en/latest/advanced-usage.html#tls-warnings
  warnings.warn(</msg>
<msg time="2024-06-22T07:15:07.930043" level="INFO">${response} = &lt;Response [200]&gt;</msg>
<var>${response}</var>
<arg>consultarAPI</arg>
<arg>/api</arg>
<doc>Sends a GET request on a previously created HTTP Session.</doc>
<status status="PASS" start="2024-06-22T07:15:07.838502" elapsed="0.091580"/>
</kw>
<kw name="Set Variable" owner="BuiltIn">
<msg time="2024-06-22T07:15:07.930933" level="INFO">${json_data} = {'results': [{'gender': 'male', 'name': {'title': 'Mr', 'first': 'Tobias', 'last': 'Sørensen'}, 'location': {'street': {'number': 5333, 'name': 'Bymarken'}, 'city': 'St.Merløse', 'state': 'Danmark', '...</msg>
<var>${json_data}</var>
<arg>${response.json()}</arg>
<doc>Returns the given values which can then be assigned to a variables.</doc>
<status status="PASS" start="2024-06-22T07:15:07.930464" elapsed="0.000499"/>
</kw>
<kw name="Log" owner="BuiltIn">
<msg time="2024-06-22T07:15:07.931444" level="INFO">{'results': [{'gender': 'male', 'name': {'title': 'Mr', 'first': 'Tobias', 'last': 'Sørensen'}, 'location': {'street': {'number': 5333, 'name': 'Bymarken'}, 'city': 'St.Merløse', 'state': 'Danmark', 'country': 'Denmark', 'postcode': 83291, 'coordinates': {'latitude': '-41.8349', 'longitude': '-33.7772'}, 'timezone': {'offset': '+4:00', 'description': 'Abu Dhabi, Muscat, Baku, Tbilisi'}}, 'email': 'tobias.sorensen@example.com', 'login': {'uuid': 'ef981c2d-54c0-438e-ab4a-8297d5dfcddd', 'username': 'crazyostrich566', 'password': 'puppet', 'salt': 'upYbmF43', 'md5': 'da41dceb3d1b3f20295ae80c5b3d08e2', 'sha1': '0852b9bc3441b58fd40ff0bbcfd8e5afbd1ff9c0', 'sha256': 'a0117faee9dc9cb3ab2554373537d10bdb5370720e8829ab259f461f41a5e308'}, 'dob': {'date': '1952-02-02T16:52:28.650Z', 'age': 72}, 'registered': {'date': '2013-12-23T06:58:58.687Z', 'age': 10}, 'phone': '83898888', 'cell': '28260087', 'id': {'name': 'CPR', 'value': '020252-4204'}, 'picture': {'large': 'https://randomuser.me/api/portraits/men/46.jpg', 'medium': 'https://randomuser.me/api/portraits/med/men/46.jpg', 'thumbnail': 'https://randomuser.me/api/portraits/thumb/men/46.jpg'}, 'nat': 'DK'}], 'info': {'seed': '40db7de49aef4d83', 'results': 1, 'page': 1, 'version': '1.4'}}</msg>
<arg>${json_data}</arg>
<doc>Logs the given message with the given level.</doc>
<status status="PASS" start="2024-06-22T07:15:07.931281" elapsed="0.000213"/>
</kw>
<kw name="Should Be String" owner="String">
<arg>${json_data['results'][0]['gender']}</arg>
<doc>Fails if the given ``item`` is not a string.</doc>
<status status="PASS" start="2024-06-22T07:15:07.931793" elapsed="0.000368"/>
</kw>
<kw name="Should Match Regexp" owner="BuiltIn">
<arg>${json_data['results'][0]['email']}</arg>
<arg>^[a-zA-Z0-9._%+-]+@[a-zA-Z0-9.-]+\.[a-zA-Z]{2,}$</arg>
<doc>Fails if ``string`` does not match ``pattern`` as a regular expression.</doc>
<status status="PASS" start="2024-06-22T07:15:07.932351" elapsed="0.000608"/>
</kw>
<kw name="Should Match Regexp" owner="BuiltIn">
<arg>${json_data['results'][0]['dob']['date']}</arg>
<arg>\\d{4}-\\d{2}-\\d{2}T\\d{2}:\\d{2}:\\d{2}\\.\\d{3}Z</arg>
<doc>Fails if ``string`` does not match ``pattern`` as a regular expression.</doc>
<status status="PASS" start="2024-06-22T07:15:07.933158" elapsed="0.000494"/>
</kw>
<kw name="Should Match Regexp" owner="BuiltIn">
<arg>${json_data['results'][0]['registered']['date']}</arg>
<arg>\\d{4}-\\d{2}-\\d{2}T\\d{2}:\\d{2}:\\d{2}\\.\\d{3}Z</arg>
<doc>Fails if ``string`` does not match ``pattern`` as a regular expression.</doc>
<status status="PASS" start="2024-06-22T07:15:07.933842" elapsed="0.000368"/>
</kw>
<kw name="Should Match Regexp" owner="BuiltIn">
<arg>${json_data['results'][0]['picture']['large']}</arg>
<arg>^https?://.*\.(?:png|jpe?g|gif|bmp)$</arg>
<doc>Fails if ``string`` does not match ``pattern`` as a regular expression.</doc>
<status status="PASS" start="2024-06-22T07:15:07.934396" elapsed="0.000464"/>
</kw>
<kw name="Should Match Regexp" owner="BuiltIn">
<arg>${json_data['results'][0]['picture']['medium']}</arg>
<arg>^https?://.*\.(?:png|jpe?g|gif|bmp)$</arg>
<doc>Fails if ``string`` does not match ``pattern`` as a regular expression.</doc>
<status status="PASS" start="2024-06-22T07:15:07.935048" elapsed="0.000353"/>
</kw>
<kw name="Should Match Regexp" owner="BuiltIn">
<arg>${json_data['results'][0]['picture']['thumbnail']}</arg>
<arg>^https?://.*\.(?:png|jpe?g|gif|bmp)$</arg>
<doc>Fails if ``string`` does not match ``pattern`` as a regular expression.</doc>
<status status="PASS" start="2024-06-22T07:15:07.935588" elapsed="0.000362"/>
</kw>
<kw name="Log" owner="BuiltIn">
<msg time="2024-06-22T07:15:07.936452" level="INFO">{'large': 'https://randomuser.me/api/portraits/men/46.jpg', 'medium': 'https://randomuser.me/api/portraits/med/men/46.jpg', 'thumbnail': 'https://randomuser.me/api/portraits/thumb/men/46.jpg'}</msg>
<arg>${json_data['results'][0]['picture']}</arg>
<doc>Logs the given message with the given level.</doc>
<status status="PASS" start="2024-06-22T07:15:07.936131" elapsed="0.000365"/>
</kw>
<status status="PASS" start="2024-06-22T07:15:07.838283" elapsed="0.098504"/>
</kw>
<kw name="Teste de Tipos de Dados - Postcode" owner="random-user-service">
<kw name="GET On Session" owner="RequestsLibrary">
<msg time="2024-06-22T07:15:08.029543" level="INFO">GET Request : url=https://randomuser.me/api 
 path_url=/api 
 headers={'User-Agent': 'python-requests/2.32.3', 'Accept-Encoding': 'gzip, deflate', 'Accept': '*/*', 'Connection': 'keep-alive'} 
 body=None 
 </msg>
<msg time="2024-06-22T07:15:08.029623" level="INFO">GET Response : url=https://randomuser.me/api 
 status=200, reason=OK 
 headers={'Date': 'Sat, 22 Jun 2024 07:15:08 GMT', 'Content-Type': 'application/json; charset=utf-8', 'Transfer-Encoding': 'chunked', 'Connection': 'keep-alive', 'X-Powered-By': 'Express', 'Access-Control-Allow-Origin': '*', 'Cache-Control': 'no-cache', 'ETag': 'W/"498-R9bLqvNN6T1xHxnQ3IYzx9u3i+I"', 'Vary': 'Accept-Encoding', 'Content-Encoding': 'gzip', 'CF-Cache-Status': 'DYNAMIC', 'Report-To': '{"endpoints":[{"url":"https:\\/\\/a.nel.cloudflare.com\\/report\\/v4?s=x0gQQCg9M5nXbtX%2FFkJUhsQQRAQKc%2FJq6EYnGY9rRDAC6YuCLJHj7yTm5KIlLbWaP44P%2FzrKJRTwJ6LmBhgwuPGSNPXHMsRT%2FSwidf4iLv1lq5Shvl9ZCqrAr7bcPPeq"}],"group":"cf-nel","max_age":604800}', 'NEL': '{"success_fraction":0,"report_to":"cf-nel","max_age":604800}', 'Server': 'cloudflare', 'CF-RAY': '897a72069d7c67dc-SJC', 'alt-svc': 'h3=":443"; ma=86400'} 
 body={"results":[{"gender":"female","name":{"title":"Miss","first":"Emy","last":"Dumas"},"location":{"street":{"number":3960,"name":"Rue Principale"},"city":"Courbevoie","state":"Isère","country":"France","postcode":96477,"coordinates":{"latitude":"-13.0728","longitude":"111.0661"},"timezone":{"offset":"+4:00","description":"Abu Dhabi, Muscat, Baku, Tbilisi"}},"email":"emy.dumas@example.com","login":{"uuid":"53096f48-f107-40de-983d-faba7bdb4097","username":"smallzebra710","password":"camaross","salt":"hcCa25wI","md5":"20d2c39247dfeeedaf0ceb607338591c","sha1":"58e9717ae88953d308e813c3ac37b135e079c6f6","sha256":"b28fcda16d4ff2792027d5d30111a87a92c5277f739fffb427f72c898ecc1052"},"dob":{"date":"1984-09-30T23:28:50.823Z","age":39},"registered":{"date":"2015-07-23T10:06:45.819Z","age":8},"phone":"04-87-20-54-99","cell":"06-00-06-09-94","id":{"name":"INSEE","value":"2840818226938 27"},"picture":{"large":"https://randomuser.me/api/portraits/women/48.jpg","medium":"https://randomuser.me/api/portraits/med/women/48.jpg","thumbnail":"https://randomuser.me/api/portraits/thumb/women/48.jpg"},"nat":"FR"}],"info":{"seed":"578efae100c5b992","results":1,"page":1,"version":"1.4"}} 
 </msg>
<msg time="2024-06-22T07:15:08.029696" level="INFO">/opt/hostedtoolcache/Python/3.12.4/x64/lib/python3.12/site-packages/urllib3/connectionpool.py:1099: InsecureRequestWarning: Unverified HTTPS request is being made to host 'randomuser.me'. Adding certificate verification is strongly advised. See: https://urllib3.readthedocs.io/en/latest/advanced-usage.html#tls-warnings
  warnings.warn(</msg>
<msg time="2024-06-22T07:15:08.029783" level="INFO">${response} = &lt;Response [200]&gt;</msg>
<var>${response}</var>
<arg>consultarAPI</arg>
<arg>/api</arg>
<doc>Sends a GET request on a previously created HTTP Session.</doc>
<status status="PASS" start="2024-06-22T07:15:07.937221" elapsed="0.092587"/>
</kw>
<kw name="Set Variable" owner="BuiltIn">
<msg time="2024-06-22T07:15:08.030662" level="INFO">${json_data} = {'results': [{'gender': 'female', 'name': {'title': 'Miss', 'first': 'Emy', 'last': 'Dumas'}, 'location': {'street': {'number': 3960, 'name': 'Rue Principale'}, 'city': 'Courbevoie', 'state': 'Isère',...</msg>
<var>${json_data}</var>
<arg>${response.json()}</arg>
<doc>Returns the given values which can then be assigned to a variables.</doc>
<status status="PASS" start="2024-06-22T07:15:08.030203" elapsed="0.000488"/>
</kw>
<kw name="Log" owner="BuiltIn">
<msg time="2024-06-22T07:15:08.031147" level="INFO">{'results': [{'gender': 'female', 'name': {'title': 'Miss', 'first': 'Emy', 'last': 'Dumas'}, 'location': {'street': {'number': 3960, 'name': 'Rue Principale'}, 'city': 'Courbevoie', 'state': 'Isère', 'country': 'France', 'postcode': 96477, 'coordinates': {'latitude': '-13.0728', 'longitude': '111.0661'}, 'timezone': {'offset': '+4:00', 'description': 'Abu Dhabi, Muscat, Baku, Tbilisi'}}, 'email': 'emy.dumas@example.com', 'login': {'uuid': '53096f48-f107-40de-983d-faba7bdb4097', 'username': 'smallzebra710', 'password': 'camaross', 'salt': 'hcCa25wI', 'md5': '20d2c39247dfeeedaf0ceb607338591c', 'sha1': '58e9717ae88953d308e813c3ac37b135e079c6f6', 'sha256': 'b28fcda16d4ff2792027d5d30111a87a92c5277f739fffb427f72c898ecc1052'}, 'dob': {'date': '1984-09-30T23:28:50.823Z', 'age': 39}, 'registered': {'date': '2015-07-23T10:06:45.819Z', 'age': 8}, 'phone': '04-87-20-54-99', 'cell': '06-00-06-09-94', 'id': {'name': 'INSEE', 'value': '2840818226938 27'}, 'picture': {'large': 'https://randomuser.me/api/portraits/women/48.jpg', 'medium': 'https://randomuser.me/api/portraits/med/women/48.jpg', 'thumbnail': 'https://randomuser.me/api/portraits/thumb/women/48.jpg'}, 'nat': 'FR'}], 'info': {'seed': '578efae100c5b992', 'results': 1, 'page': 1, 'version': '1.4'}}</msg>
<arg>${json_data}</arg>
<doc>Logs the given message with the given level.</doc>
<status status="PASS" start="2024-06-22T07:15:08.030992" elapsed="0.000203"/>
</kw>
<kw name="Should Be Equal As Numbers" owner="BuiltIn">
<arg>${json_data['results'][0]['location']['postcode']}</arg>
<arg>${json_data['results'][0]['location']['postcode']}</arg>
<doc>Fails if objects are unequal after converting them to real numbers.</doc>
<status status="PASS" start="2024-06-22T07:15:08.031496" elapsed="0.000614"/>
</kw>
<kw name="Log" owner="BuiltIn">
<msg time="2024-06-22T07:15:08.032683" level="INFO">96477</msg>
<arg>${json_data['results'][0]['location']['postcode']}</arg>
<doc>Logs the given message with the given level.</doc>
<status status="PASS" start="2024-06-22T07:15:08.032301" elapsed="0.000459"/>
</kw>
<status status="PASS" start="2024-06-22T07:15:07.937004" elapsed="0.096025"/>
</kw>
<doc>Testa se os tipos de dados na resposta da API estão corretos.</doc>
<tag>testeTiposDados</tag>
<status status="PASS" start="2024-06-22T07:15:07.837654" elapsed="0.195538"/>
</test>
<test id="s1-s1-t5" name="Validar conteudo" line="35">
<kw name="Teste de Tipos de Conteudo" owner="random-user-service">
<kw name="GET On Session" owner="RequestsLibrary">
<msg time="2024-06-22T07:15:08.130905" level="INFO">GET Request : url=https://randomuser.me/api 
 path_url=/api 
 headers={'User-Agent': 'python-requests/2.32.3', 'Accept-Encoding': 'gzip, deflate', 'Accept': '*/*', 'Connection': 'keep-alive'} 
 body=None 
 </msg>
<msg time="2024-06-22T07:15:08.130991" level="INFO">GET Response : url=https://randomuser.me/api 
 status=200, reason=OK 
 headers={'Date': 'Sat, 22 Jun 2024 07:15:08 GMT', 'Content-Type': 'application/json; charset=utf-8', 'Transfer-Encoding': 'chunked', 'Connection': 'keep-alive', 'X-Powered-By': 'Express', 'Access-Control-Allow-Origin': '*', 'Cache-Control': 'no-cache', 'ETag': 'W/"495-sc8HdrrBrU9Wrngf19BNlvzZ33E"', 'Vary': 'Accept-Encoding', 'Content-Encoding': 'gzip', 'CF-Cache-Status': 'DYNAMIC', 'Report-To': '{"endpoints":[{"url":"https:\\/\\/a.nel.cloudflare.com\\/report\\/v4?s=60tLgFMq1KynrRXeW6KGXz1x2NaU6zEJU%2Fe5kpnSrFLYIbNjfpUS9zhRZ0yNOfChB0rPZXY%2Bui27rmEsJyl83wYkGSMPSKzEnSaVbuTbWdtfyl4ot7VIGlD4x1fDPEua"}],"group":"cf-nel","max_age":604800}', 'NEL': '{"success_fraction":0,"report_to":"cf-nel","max_age":604800}', 'Server': 'cloudflare', 'CF-RAY': '897a72073ddf67dc-SJC', 'alt-svc': 'h3=":443"; ma=86400'} 
 body={"results":[{"gender":"male","name":{"title":"Mr","first":"Abdelghani","last":"Van Zeeland"},"location":{"street":{"number":7430,"name":"Beurs"},"city":"Rotsterhaule","state":"Zuid-Holland","country":"Netherlands","postcode":"6012 AB","coordinates":{"latitude":"37.5559","longitude":"-106.0625"},"timezone":{"offset":"-11:00","description":"Midway Island, Samoa"}},"email":"abdelghani.vanzeeland@example.com","login":{"uuid":"0e0b2bfb-eff0-436d-9b91-4c2fbbfdc824","username":"organiccat343","password":"pong","salt":"607boz12","md5":"e82ff1497b03d3ee6fd8d1b48df1bdfa","sha1":"cbcf7d08e7bae025dbefae19eee0b20ae25048aa","sha256":"f8069fb477b06c09005ea839d641f8507f9485d6225c25b392b15cbe687d3c78"},"dob":{"date":"1990-01-15T05:20:25.678Z","age":34},"registered":{"date":"2004-10-07T16:37:02.525Z","age":19},"phone":"(0393) 223615","cell":"(06) 03733457","id":{"name":"BSN","value":"75040651"},"picture":{"large":"https://randomuser.me/api/portraits/men/99.jpg","medium":"https://randomuser.me/api/portraits/med/men/99.jpg","thumbnail":"https://randomuser.me/api/portraits/thumb/men/99.jpg"},"nat":"NL"}],"info":{"seed":"cfb167e797c1eaa2","results":1,"page":1,"version":"1.4"}} 
 </msg>
<msg time="2024-06-22T07:15:08.131070" level="INFO">/opt/hostedtoolcache/Python/3.12.4/x64/lib/python3.12/site-packages/urllib3/connectionpool.py:1099: InsecureRequestWarning: Unverified HTTPS request is being made to host 'randomuser.me'. Adding certificate verification is strongly advised. See: https://urllib3.readthedocs.io/en/latest/advanced-usage.html#tls-warnings
  warnings.warn(</msg>
<msg time="2024-06-22T07:15:08.131167" level="INFO">${response} = &lt;Response [200]&gt;</msg>
<var>${response}</var>
<arg>consultarAPI</arg>
<arg>/api</arg>
<doc>Sends a GET request on a previously created HTTP Session.</doc>
<status status="PASS" start="2024-06-22T07:15:08.036178" elapsed="0.095031"/>
</kw>
<kw name="Set Variable" owner="BuiltIn">
<msg time="2024-06-22T07:15:08.132240" level="INFO">${json_data} = {'results': [{'gender': 'male', 'name': {'title': 'Mr', 'first': 'Abdelghani', 'last': 'Van Zeeland'}, 'location': {'street': {'number': 7430, 'name': 'Beurs'}, 'city': 'Rotsterhaule', 'state': 'Zuid-...</msg>
<var>${json_data}</var>
<arg>${response.json()}</arg>
<doc>Returns the given values which can then be assigned to a variables.</doc>
<status status="PASS" start="2024-06-22T07:15:08.131693" elapsed="0.000576"/>
</kw>
<kw name="Set Variable" owner="BuiltIn">
<msg time="2024-06-22T07:15:08.133007" level="INFO">${name_title} = Mr</msg>
<var>${name_title}</var>
<arg>${json_data["results"][0]["name"]["title"]}</arg>
<doc>Returns the given values which can then be assigned to a variables.</doc>
<status status="PASS" start="2024-06-22T07:15:08.132615" elapsed="0.000418"/>
</kw>
<kw name="Create List" owner="BuiltIn">
<msg time="2024-06-22T07:15:08.133484" level="INFO">${allowed_titles} = ['Mr', 'Ms', 'Miss', 'Mrs', 'Madame', 'Monsieur']</msg>
<var>${allowed_titles}</var>
<arg>Mr</arg>
<arg>Ms</arg>
<arg>Miss</arg>
<arg>Mrs</arg>
<arg>Madame</arg>
<arg>Monsieur</arg>
<doc>Returns a list containing given items.</doc>
<status status="PASS" start="2024-06-22T07:15:08.133333" elapsed="0.000176"/>
</kw>
<kw name="List Should Contain Value" owner="Collections">
<arg>${allowed_titles}</arg>
<arg>${name_title}</arg>
<doc>Fails if the ``value`` is not found from ``list``.</doc>
<status status="PASS" start="2024-06-22T07:15:08.133810" elapsed="0.000179"/>
</kw>
<kw name="Set Variable" owner="BuiltIn">
<msg time="2024-06-22T07:15:08.134532" level="INFO">${name_country} = NL</msg>
<var>${name_country}</var>
<arg>${json_data["results"][0]["nat"]}</arg>
<doc>Returns the given values which can then be assigned to a variables.</doc>
<status status="PASS" start="2024-06-22T07:15:08.134168" elapsed="0.000389"/>
</kw>
<kw name="Create List" owner="BuiltIn">
<msg time="2024-06-22T07:15:08.135445" level="INFO">${list_country} = ['AD', 'AE', 'AF', 'AG', 'AI', 'AL', 'AM', 'AO', 'AQ', 'AR', 'AS', 'AT', 'AU', 'AW', 'AX', 'AZ', 'BA', 'BB', 'BD', 'BE', 'BF', 'BG', 'BH', 'BI', 'BJ', 'BL', 'BM', 'BN', 'BO', 'BQ', 'BR', 'BS', 'BT', '...</msg>
<var>${list_country}</var>
<arg>AD</arg>
<arg>AE</arg>
<arg>AF</arg>
<arg>AG</arg>
<arg>AI</arg>
<arg>AL</arg>
<arg>AM</arg>
<arg>AO</arg>
<arg>AQ</arg>
<arg>AR</arg>
<arg>AS</arg>
<arg>AT</arg>
<arg>AU</arg>
<arg>AW</arg>
<arg>AX</arg>
<arg>AZ</arg>
<arg>BA</arg>
<arg>BB</arg>
<arg>BD</arg>
<arg>BE</arg>
<arg>BF</arg>
<arg>BG</arg>
<arg>BH</arg>
<arg>BI</arg>
<arg>BJ</arg>
<arg>BL</arg>
<arg>BM</arg>
<arg>BN</arg>
<arg>BO</arg>
<arg>BQ</arg>
<arg>BR</arg>
<arg>BS</arg>
<arg>BT</arg>
<arg>BV</arg>
<arg>BW</arg>
<arg>BY</arg>
<arg>BZ</arg>
<arg>CA</arg>
<arg>CC</arg>
<arg>CD</arg>
<arg>CF</arg>
<arg>CG</arg>
<arg>CH</arg>
<arg>CI</arg>
<arg>CK</arg>
<arg>CL</arg>
<arg>CM</arg>
<arg>CN</arg>
<arg>CO</arg>
<arg>CR</arg>
<arg>CU</arg>
<arg>CV</arg>
<arg>CW</arg>
<arg>CX</arg>
<arg>CY</arg>
<arg>CZ</arg>
<arg>DE</arg>
<arg>DJ</arg>
<arg>DK</arg>
<arg>DM</arg>
<arg>DO</arg>
<arg>DZ</arg>
<arg>EC</arg>
<arg>EE</arg>
<arg>EG</arg>
<arg>EH</arg>
<arg>ER</arg>
<arg>ES</arg>
<arg>ET</arg>
<arg>FI</arg>
<arg>FJ</arg>
<arg>FK</arg>
<arg>FM</arg>
<arg>FO</arg>
<arg>FR</arg>
<arg>GA</arg>
<arg>GB</arg>
<arg>GD</arg>
<arg>GE</arg>
<arg>GF</arg>
<arg>GG</arg>
<arg>GH</arg>
<arg>GI</arg>
<arg>GL</arg>
<arg>GM</arg>
<arg>GN</arg>
<arg>GP</arg>
<arg>GQ</arg>
<arg>GR</arg>
<arg>GS</arg>
<arg>GT</arg>
<arg>GU</arg>
<arg>GW</arg>
<arg>GY</arg>
<arg>HK</arg>
<arg>HM</arg>
<arg>HN</arg>
<arg>HR</arg>
<arg>HT</arg>
<arg>HU</arg>
<arg>ID</arg>
<arg>IE</arg>
<arg>IL</arg>
<arg>IM</arg>
<arg>IN</arg>
<arg>IO</arg>
<arg>IQ</arg>
<arg>IR</arg>
<arg>IS</arg>
<arg>IT</arg>
<arg>JE</arg>
<arg>JM</arg>
<arg>JO</arg>
<arg>JP</arg>
<arg>KE</arg>
<arg>KG</arg>
<arg>KH</arg>
<arg>KI</arg>
<arg>KM</arg>
<arg>KN</arg>
<arg>KP</arg>
<arg>KR</arg>
<arg>KW</arg>
<arg>KY</arg>
<arg>KZ</arg>
<arg>LA</arg>
<arg>LB</arg>
<arg>LC</arg>
<arg>LI</arg>
<arg>LK</arg>
<arg>LR</arg>
<arg>LS</arg>
<arg>LT</arg>
<arg>LU</arg>
<arg>LV</arg>
<arg>LY</arg>
<arg>MA</arg>
<arg>MC</arg>
<arg>MD</arg>
<arg>ME</arg>
<arg>MF</arg>
<arg>MG</arg>
<arg>MH</arg>
<arg>MK</arg>
<arg>ML</arg>
<arg>MM</arg>
<arg>MN</arg>
<arg>MO</arg>
<arg>MP</arg>
<arg>MQ</arg>
<arg>MR</arg>
<arg>MS</arg>
<arg>MT</arg>
<arg>MU</arg>
<arg>MV</arg>
<arg>MW</arg>
<arg>MX</arg>
<arg>MY</arg>
<arg>MZ</arg>
<arg>NA</arg>
<arg>NC</arg>
<arg>NE</arg>
<arg>NF</arg>
<arg>NG</arg>
<arg>NI</arg>
<arg>NL</arg>
<arg>NO</arg>
<arg>NP</arg>
<arg>NR</arg>
<arg>NU</arg>
<arg>NZ</arg>
<arg>OM</arg>
<arg>PA</arg>
<arg>PE</arg>
<arg>PF</arg>
<arg>PG</arg>
<arg>PH</arg>
<arg>PK</arg>
<arg>PL</arg>
<arg>PM</arg>
<arg>PN</arg>
<arg>PR</arg>
<arg>PS</arg>
<arg>PT</arg>
<arg>PW</arg>
<arg>PY</arg>
<arg>QA</arg>
<arg>RE</arg>
<arg>RO</arg>
<arg>RS</arg>
<arg>RU</arg>
<arg>RW</arg>
<arg>SA</arg>
<arg>SB</arg>
<arg>SC</arg>
<arg>SD</arg>
<arg>SE</arg>
<arg>SG</arg>
<arg>SH</arg>
<arg>SI</arg>
<arg>SJ</arg>
<arg>SK</arg>
<arg>SL</arg>
<arg>SM</arg>
<arg>SN</arg>
<arg>SO</arg>
<arg>SR</arg>
<arg>SS</arg>
<arg>ST</arg>
<arg>SV</arg>
<arg>SX</arg>
<arg>SY</arg>
<arg>SZ</arg>
<arg>TC</arg>
<arg>TD</arg>
<arg>TF</arg>
<arg>TG</arg>
<arg>TH</arg>
<arg>TJ</arg>
<arg>TK</arg>
<arg>TL</arg>
<arg>TM</arg>
<arg>TN</arg>
<arg>TO</arg>
<arg>TR</arg>
<arg>TT</arg>
<arg>TV</arg>
<arg>TW</arg>
<arg>TZ</arg>
<arg>UA</arg>
<arg>UG</arg>
<arg>UM</arg>
<arg>US</arg>
<arg>UY</arg>
<arg>UZ</arg>
<arg>VA</arg>
<arg>VC</arg>
<arg>VE</arg>
<arg>VG</arg>
<arg>VI</arg>
<arg>VN</arg>
<arg>VU</arg>
<arg>WF</arg>
<arg>WS</arg>
<arg>XK</arg>
<arg>YE</arg>
<arg>YT</arg>
<arg>ZA</arg>
<arg>ZM</arg>
<arg>ZW</arg>
<doc>Returns a list containing given items.</doc>
<status status="PASS" start="2024-06-22T07:15:08.134850" elapsed="0.000621"/>
</kw>
<kw name="List Should Contain Value" owner="Collections">
<arg>${list_country}</arg>
<arg>${name_country}</arg>
<doc>Fails if the ``value`` is not found from ``list``.</doc>
<status status="PASS" start="2024-06-22T07:15:08.136268" elapsed="0.000207"/>
</kw>
<kw name="Run Keyword If" owner="BuiltIn">
<kw name="Should Be True" owner="BuiltIn">
<arg>${True}</arg>
<doc>Fails if the given condition is not true.</doc>
<status status="PASS" start="2024-06-22T07:15:08.137424" elapsed="0.000141"/>
</kw>
<arg>${json_data["results"][0]["location"]["coordinates"]["latitude"]} &gt;= -90 and ${json_data["results"][0]["location"]["coordinates"]["latitude"]} &lt;= 90</arg>
<arg>Should Be True</arg>
<arg>${True}</arg>
<doc>Runs the given keyword with the given arguments, if ``condition`` is true.</doc>
<status status="PASS" start="2024-06-22T07:15:08.136695" elapsed="0.000993"/>
</kw>
<kw name="Run Keyword If" owner="BuiltIn">
<kw name="Should Be True" owner="BuiltIn">
<arg>${True}</arg>
<doc>Fails if the given condition is not true.</doc>
<status status="PASS" start="2024-06-22T07:15:08.138556" elapsed="0.000136"/>
</kw>
<arg>${json_data["results"][0]["location"]["coordinates"]["longitude"]} &gt;= -180 and ${json_data["results"][0]["location"]["coordinates"]["longitude"]} &lt;= 180</arg>
<arg>Should Be True</arg>
<arg>${True}</arg>
<doc>Runs the given keyword with the given arguments, if ``condition`` is true.</doc>
<status status="PASS" start="2024-06-22T07:15:08.137866" elapsed="0.000950"/>
</kw>
<status status="PASS" start="2024-06-22T07:15:08.035610" elapsed="0.103332"/>
</kw>
<doc>Testa o conteúdo específico dos campos retornados pela API.</doc>
<tag>testeConteudo</tag>
<status status="PASS" start="2024-06-22T07:15:08.034927" elapsed="0.104159"/>
</test>
<status status="PASS" start="2024-06-22T07:15:07.237401" elapsed="0.903692"/>
</suite>
<status status="PASS" start="2024-06-22T07:15:07.222882" elapsed="0.923481"/>
</suite>
<statistics>
<total>
<stat pass="5" fail="0" skip="0">All Tests</stat>
</total>
<tag>
<stat pass="1" fail="0" skip="0">testeConteudo</stat>
<stat pass="1" fail="0" skip="0">testeEstruturaResposta</stat>
<stat pass="1" fail="0" skip="0">testeRequisicaoBasica</stat>
<stat pass="1" fail="0" skip="0">testeTiposDados</stat>
</tag>
<suite>
<stat pass="5" fail="0" skip="0" id="s1" name="Tests">Tests</stat>
<stat pass="5" fail="0" skip="0" id="s1-s1" name="Random-User-Test">Tests.Random-User-Test</stat>
</suite>
</statistics>
<errors>
</errors>
</robot>
