<?xml version="1.0" encoding="UTF-8"?>
<robot generator="Robot 7.0.1 (Python 3.12.3 on linux)" generated="2024-06-10T22:15:23.599140" rpa="false" schemaversion="5">
<suite id="s1" name="Tests" source="/home/runner/work/ApiRandomUser/ApiRandomUser/RamdonUser/tests">
<suite id="s1-s1" name="Random-User-Test" source="/home/runner/work/ApiRandomUser/ApiRandomUser/RamdonUser/tests/random-user-test.robot">
<test id="s1-s1-t1" name="Conectar" line="13">
<kw name="Conectar API" owner="random-user-service">
<kw name="Create Session" owner="RequestsLibrary">
<msg time="2024-06-10T22:15:24.033574" level="INFO">Creating Session using : alias=consultarAPI, url=https://randomuser.me/, headers={},                     cookies={}, auth=None, timeout=None, proxies=None, verify=False,                     debug=0 </msg>
<arg>consultarAPI</arg>
<arg>${URL}</arg>
<doc>Create Session: create a HTTP session to a server</doc>
<status status="PASS" start="2024-06-10T22:15:24.033366" elapsed="0.000395"/>
</kw>
<status status="PASS" start="2024-06-10T22:15:24.032278" elapsed="0.001841"/>
</kw>
<status status="PASS" start="2024-06-10T22:15:24.031648" elapsed="0.002662"/>
</test>
<test id="s1-s1-t2" name="Validar retorno 200 e JSON Válido" line="16">
<kw name="Teste de Requisicao Basica" owner="random-user-service">
<kw name="GET On Session" owner="RequestsLibrary">
<msg time="2024-06-10T22:15:24.361801" level="INFO">GET Request : url=https://randomuser.me/api 
 path_url=/api 
 headers={'User-Agent': 'python-requests/2.32.3', 'Accept-Encoding': 'gzip, deflate', 'Accept': '*/*', 'Connection': 'keep-alive'} 
 body=None 
 </msg>
<msg time="2024-06-10T22:15:24.361954" level="INFO">GET Response : url=https://randomuser.me/api 
 status=200, reason=OK 
 headers={'Date': 'Mon, 10 Jun 2024 22:15:24 GMT', 'Content-Type': 'application/json; charset=utf-8', 'Transfer-Encoding': 'chunked', 'Connection': 'keep-alive', 'X-Powered-By': 'Express', 'Access-Control-Allow-Origin': '*', 'Cache-Control': 'no-cache', 'ETag': 'W/"49d-YKDO3i9BBTTUysj7VeCm375zG6U"', 'Vary': 'Accept-Encoding', 'Content-Encoding': 'gzip', 'CF-Cache-Status': 'DYNAMIC', 'Report-To': '{"endpoints":[{"url":"https:\\/\\/a.nel.cloudflare.com\\/report\\/v4?s=WjhlE5spE8tK9Zn%2FVbu18o4265VGW%2Be7EPrHPLSPwbFfzNJ1yWO8sz%2BB3FowtBfjR6lw0a9mhdqbzMxViNc%2BoaO5h6nk6R0BILm%2B1OHZTUNqO0KujXWxzIW2%2BzcftwhS"}],"group":"cf-nel","max_age":604800}', 'NEL': '{"success_fraction":0,"report_to":"cf-nel","max_age":604800}', 'Server': 'cloudflare', 'CF-RAY': '891cb848facb57b5-IAD', 'alt-svc': 'h3=":443"; ma=86400'} 
 body={"results":[{"gender":"female","name":{"title":"Miss","first":"Ülkü","last":"Yıldızoğlu"},"location":{"street":{"number":6985,"name":"Talak Göktepe Cd"},"city":"Artvin","state":"Batman","country":"Turkey","postcode":39224,"coordinates":{"latitude":"70.6736","longitude":"134.1633"},"timezone":{"offset":"-6:00","description":"Central Time (US &amp; Canada), Mexico City"}},"email":"ulku.yildizoglu@example.com","login":{"uuid":"ee33b41e-547b-4cd3-984c-8659ed25863d","username":"smallleopard437","password":"compaq1","salt":"sBTXYowG","md5":"52296bac55d965410453873d5cd66a83","sha1":"a15a7907e944fe26344aaf85580b798ae9f5e16b","sha256":"215cf48068132b4b334d78e35f3a8fd7778373e0c51dd2f137094515d75a7e79"},"dob":{"date":"1962-12-10T00:02:57.887Z","age":61},"registered":{"date":"2014-01-03T03:35:54.619Z","age":10},"phone":"(813)-542-8078","cell":"(694)-798-4676","id":{"name":"","value":null},"picture":{"large":"https://randomuser.me/api/portraits/women/89.jpg","medium":"https://randomuser.me/api/portraits/med/women/89.jpg","thumbnail":"https://randomuser.me/api/portraits/thumb/women/89.jpg"},"nat":"TR"}],"info":{"seed":"f697abb40545b6ef","results":1,"page":1,"version":"1.4"}} 
 </msg>
<msg time="2024-06-10T22:15:24.362040" level="INFO">/opt/hostedtoolcache/Python/3.12.3/x64/lib/python3.12/site-packages/urllib3/connectionpool.py:1103: InsecureRequestWarning: Unverified HTTPS request is being made to host 'randomuser.me'. Adding certificate verification is strongly advised. See: https://urllib3.readthedocs.io/en/latest/advanced-usage.html#tls-warnings
  warnings.warn(</msg>
<msg time="2024-06-10T22:15:24.362179" level="INFO">${response} = &lt;Response [200]&gt;</msg>
<var>${response}</var>
<arg>consultarAPI</arg>
<arg>/api</arg>
<doc>Sends a GET request on a previously created HTTP Session.</doc>
<status status="PASS" start="2024-06-10T22:15:24.036964" elapsed="0.325256"/>
</kw>
<kw name="Should Be Equal As Numbers" owner="BuiltIn">
<msg time="2024-06-10T22:15:24.363364" level="INFO">Argument types are:
&lt;class 'int'&gt;
&lt;class 'str'&gt;</msg>
<arg>${response.status_code}</arg>
<arg>200</arg>
<doc>Fails if objects are unequal after converting them to real numbers.</doc>
<status status="PASS" start="2024-06-10T22:15:24.362871" elapsed="0.000558"/>
</kw>
<kw name="Log" owner="BuiltIn">
<msg time="2024-06-10T22:15:24.364104" level="INFO">200</msg>
<arg>${response.status_code}</arg>
<doc>Logs the given message with the given level.</doc>
<status status="PASS" start="2024-06-10T22:15:24.363762" elapsed="0.000390"/>
</kw>
<kw name="Set Variable" owner="BuiltIn">
<msg time="2024-06-10T22:15:24.364889" level="INFO">${json_data} = {'results': [{'gender': 'female', 'name': {'title': 'Miss', 'first': 'Ülkü', 'last': 'Yıldızoğlu'}, 'location': {'street': {'number': 6985, 'name': 'Talak Göktepe Cd'}, 'city': 'Artvin', 'state': 'Bat...</msg>
<var>${json_data}</var>
<arg>${response.json()}</arg>
<doc>Returns the given values which can then be assigned to a variables.</doc>
<status status="PASS" start="2024-06-10T22:15:24.364452" elapsed="0.000466"/>
</kw>
<kw name="Dictionary Should Contain Key" owner="Collections">
<arg>${json_data}</arg>
<arg>results</arg>
<doc>Fails if ``key`` is not found from ``dictionary``.</doc>
<status status="PASS" start="2024-06-10T22:15:24.365248" elapsed="0.000181"/>
</kw>
<status status="PASS" start="2024-06-10T22:15:24.036726" elapsed="0.328855"/>
</kw>
<doc>Testa se a API responde corretamente e retorna um objeto JSON válido.</doc>
<tag>testeRequisicaoBasica</tag>
<status status="PASS" start="2024-06-10T22:15:24.036171" elapsed="0.329580"/>
</test>
<test id="s1-s1-t3" name="Validar estrutura de resposta" line="22">
<kw name="Teste de Estrutura de Resposta" owner="random-user-service">
<kw name="GET On Session" owner="RequestsLibrary">
<msg time="2024-06-10T22:15:24.464507" level="INFO">GET Request : url=https://randomuser.me/api 
 path_url=/api 
 headers={'User-Agent': 'python-requests/2.32.3', 'Accept-Encoding': 'gzip, deflate', 'Accept': '*/*', 'Connection': 'keep-alive'} 
 body=None 
 </msg>
<msg time="2024-06-10T22:15:24.464619" level="INFO">GET Response : url=https://randomuser.me/api 
 status=200, reason=OK 
 headers={'Date': 'Mon, 10 Jun 2024 22:15:24 GMT', 'Content-Type': 'application/json; charset=utf-8', 'Transfer-Encoding': 'chunked', 'Connection': 'keep-alive', 'X-Powered-By': 'Express', 'Access-Control-Allow-Origin': '*', 'Cache-Control': 'no-cache', 'ETag': 'W/"489-d92BaBJiRzQtZwOQVi7tU4gPGSQ"', 'Vary': 'Accept-Encoding', 'Content-Encoding': 'gzip', 'CF-Cache-Status': 'DYNAMIC', 'Report-To': '{"endpoints":[{"url":"https:\\/\\/a.nel.cloudflare.com\\/report\\/v4?s=CoDwTOseZr1kIyF9ZD3FviDUpCNvEfdzZfI4Nki4QlJSh2L7wBJlMeiElSPbqOk8U31ppXFhhOp8vLiawiJ6DttUh3UwoKY6BW1la3%2BpymOa%2BHxRp9mw%2Bal0lzTeN8zO"}],"group":"cf-nel","max_age":604800}', 'NEL': '{"success_fraction":0,"report_to":"cf-nel","max_age":604800}', 'Server': 'cloudflare', 'CF-RAY': '891cb8494b0a57b5-IAD', 'alt-svc': 'h3=":443"; ma=86400'} 
 body={"results":[{"gender":"female","name":{"title":"Mrs","first":"Ashley","last":"Russell"},"location":{"street":{"number":8034,"name":"The Crescent"},"city":"Newport","state":"Humberside","country":"United Kingdom","postcode":"IR82 2TE","coordinates":{"latitude":"-11.7058","longitude":"82.0578"},"timezone":{"offset":"-9:00","description":"Alaska"}},"email":"ashley.russell@example.com","login":{"uuid":"1c62cd88-a310-4522-9f13-9356582151b4","username":"bluelion288","password":"bailey1","salt":"ngaulke9","md5":"38cea20b583b1014ca4713089e69dfa4","sha1":"348ef96628664e438cbac1a830c48d812455845d","sha256":"f2611bb445c54e153d7fc494a7054cbc7bd0c8af8b60bffd928c8e92b0bc2eb1"},"dob":{"date":"1965-01-04T05:42:59.959Z","age":59},"registered":{"date":"2010-02-06T21:41:46.289Z","age":14},"phone":"0171 097 3714","cell":"07909 660560","id":{"name":"NINO","value":"KC 19 97 46 G"},"picture":{"large":"https://randomuser.me/api/portraits/women/34.jpg","medium":"https://randomuser.me/api/portraits/med/women/34.jpg","thumbnail":"https://randomuser.me/api/portraits/thumb/women/34.jpg"},"nat":"GB"}],"info":{"seed":"5360f8b800db34fa","results":1,"page":1,"version":"1.4"}} 
 </msg>
<msg time="2024-06-10T22:15:24.464790" level="INFO">/opt/hostedtoolcache/Python/3.12.3/x64/lib/python3.12/site-packages/urllib3/connectionpool.py:1103: InsecureRequestWarning: Unverified HTTPS request is being made to host 'randomuser.me'. Adding certificate verification is strongly advised. See: https://urllib3.readthedocs.io/en/latest/advanced-usage.html#tls-warnings
  warnings.warn(</msg>
<msg time="2024-06-10T22:15:24.464938" level="INFO">${response} = &lt;Response [200]&gt;</msg>
<var>${response}</var>
<arg>consultarAPI</arg>
<arg>/api</arg>
<doc>Sends a GET request on a previously created HTTP Session.</doc>
<status status="PASS" start="2024-06-10T22:15:24.368557" elapsed="0.096423"/>
</kw>
<kw name="Set Variable" owner="BuiltIn">
<msg time="2024-06-10T22:15:24.466174" level="INFO">${json_data} = {'results': [{'gender': 'female', 'name': {'title': 'Mrs', 'first': 'Ashley', 'last': 'Russell'}, 'location': {'street': {'number': 8034, 'name': 'The Crescent'}, 'city': 'Newport', 'state': 'Humbersi...</msg>
<var>${json_data}</var>
<arg>${response.json()}</arg>
<doc>Returns the given values which can then be assigned to a variables.</doc>
<status status="PASS" start="2024-06-10T22:15:24.465611" elapsed="0.000592"/>
</kw>
<kw name="Log" owner="BuiltIn">
<msg time="2024-06-10T22:15:24.466674" level="INFO">{'results': [{'gender': 'female', 'name': {'title': 'Mrs', 'first': 'Ashley', 'last': 'Russell'}, 'location': {'street': {'number': 8034, 'name': 'The Crescent'}, 'city': 'Newport', 'state': 'Humberside', 'country': 'United Kingdom', 'postcode': 'IR82 2TE', 'coordinates': {'latitude': '-11.7058', 'longitude': '82.0578'}, 'timezone': {'offset': '-9:00', 'description': 'Alaska'}}, 'email': 'ashley.russell@example.com', 'login': {'uuid': '1c62cd88-a310-4522-9f13-9356582151b4', 'username': 'bluelion288', 'password': 'bailey1', 'salt': 'ngaulke9', 'md5': '38cea20b583b1014ca4713089e69dfa4', 'sha1': '348ef96628664e438cbac1a830c48d812455845d', 'sha256': 'f2611bb445c54e153d7fc494a7054cbc7bd0c8af8b60bffd928c8e92b0bc2eb1'}, 'dob': {'date': '1965-01-04T05:42:59.959Z', 'age': 59}, 'registered': {'date': '2010-02-06T21:41:46.289Z', 'age': 14}, 'phone': '0171 097 3714', 'cell': '07909 660560', 'id': {'name': 'NINO', 'value': 'KC 19 97 46 G'}, 'picture': {'large': 'https://randomuser.me/api/portraits/women/34.jpg', 'medium': 'https://randomuser.me/api/portraits/med/women/34.jpg', 'thumbnail': 'https://randomuser.me/api/portraits/thumb/women/34.jpg'}, 'nat': 'GB'}], 'info': {'seed': '5360f8b800db34fa', 'results': 1, 'page': 1, 'version': '1.4'}}</msg>
<arg>${json_data}</arg>
<doc>Logs the given message with the given level.</doc>
<status status="PASS" start="2024-06-10T22:15:24.466515" elapsed="0.000206"/>
</kw>
<kw name="Dictionary Should Contain Key" owner="Collections">
<arg>${json_data}</arg>
<arg>results</arg>
<doc>Fails if ``key`` is not found from ``dictionary``.</doc>
<status status="PASS" start="2024-06-10T22:15:24.467012" elapsed="0.000157"/>
</kw>
<kw name="Should Not Be Empty" owner="BuiltIn">
<msg time="2024-06-10T22:15:24.467474" level="INFO">Length is 2.</msg>
<arg>${json_data}</arg>
<doc>Verifies that the given item is not empty.</doc>
<status status="PASS" start="2024-06-10T22:15:24.467351" elapsed="0.000160"/>
</kw>
<kw name="Create List" owner="BuiltIn">
<msg time="2024-06-10T22:15:24.467945" level="INFO">${expected_keys} = ['gender', 'name', 'location', 'email', 'login']</msg>
<var>${expected_keys}</var>
<arg>gender</arg>
<arg>name</arg>
<arg>location</arg>
<arg>email</arg>
<arg>login</arg>
<doc>Returns a list containing given items.</doc>
<status status="PASS" start="2024-06-10T22:15:24.467796" elapsed="0.000172"/>
</kw>
<for flavor="IN">
<iter>
<kw name="Dictionary Should Contain Key" owner="Collections">
<arg>${json_data['results'][0]}</arg>
<arg>${key}</arg>
<doc>Fails if ``key`` is not found from ``dictionary``.</doc>
<status status="PASS" start="2024-06-10T22:15:24.468542" elapsed="0.000398"/>
</kw>
<kw name="Log" owner="BuiltIn">
<msg time="2024-06-10T22:15:24.469527" level="INFO">{'gender': 'female', 'name': {'title': 'Mrs', 'first': 'Ashley', 'last': 'Russell'}, 'location': {'street': {'number': 8034, 'name': 'The Crescent'}, 'city': 'Newport', 'state': 'Humberside', 'country': 'United Kingdom', 'postcode': 'IR82 2TE', 'coordinates': {'latitude': '-11.7058', 'longitude': '82.0578'}, 'timezone': {'offset': '-9:00', 'description': 'Alaska'}}, 'email': 'ashley.russell@example.com', 'login': {'uuid': '1c62cd88-a310-4522-9f13-9356582151b4', 'username': 'bluelion288', 'password': 'bailey1', 'salt': 'ngaulke9', 'md5': '38cea20b583b1014ca4713089e69dfa4', 'sha1': '348ef96628664e438cbac1a830c48d812455845d', 'sha256': 'f2611bb445c54e153d7fc494a7054cbc7bd0c8af8b60bffd928c8e92b0bc2eb1'}, 'dob': {'date': '1965-01-04T05:42:59.959Z', 'age': 59}, 'registered': {'date': '2010-02-06T21:41:46.289Z', 'age': 14}, 'phone': '0171 097 3714', 'cell': '07909 660560', 'id': {'name': 'NINO', 'value': 'KC 19 97 46 G'}, 'picture': {'large': 'https://randomuser.me/api/portraits/women/34.jpg', 'medium': 'https://randomuser.me/api/portraits/med/women/34.jpg', 'thumbnail': 'https://randomuser.me/api/portraits/thumb/women/34.jpg'}, 'nat': 'GB'}</msg>
<arg>${json_data['results'][0]}</arg>
<doc>Logs the given message with the given level.</doc>
<status status="PASS" start="2024-06-10T22:15:24.469130" elapsed="0.000446"/>
</kw>
<kw name="Log" owner="BuiltIn">
<msg time="2024-06-10T22:15:24.470001" level="INFO">gender</msg>
<arg>${key}</arg>
<doc>Logs the given message with the given level.</doc>
<status status="PASS" start="2024-06-10T22:15:24.469872" elapsed="0.000167"/>
</kw>
<var name="${key}">gender</var>
<status status="PASS" start="2024-06-10T22:15:24.468414" elapsed="0.001847"/>
</iter>
<iter>
<kw name="Dictionary Should Contain Key" owner="Collections">
<arg>${json_data['results'][0]}</arg>
<arg>${key}</arg>
<doc>Fails if ``key`` is not found from ``dictionary``.</doc>
<status status="PASS" start="2024-06-10T22:15:24.470559" elapsed="0.000385"/>
</kw>
<kw name="Log" owner="BuiltIn">
<msg time="2024-06-10T22:15:24.471474" level="INFO">{'gender': 'female', 'name': {'title': 'Mrs', 'first': 'Ashley', 'last': 'Russell'}, 'location': {'street': {'number': 8034, 'name': 'The Crescent'}, 'city': 'Newport', 'state': 'Humberside', 'country': 'United Kingdom', 'postcode': 'IR82 2TE', 'coordinates': {'latitude': '-11.7058', 'longitude': '82.0578'}, 'timezone': {'offset': '-9:00', 'description': 'Alaska'}}, 'email': 'ashley.russell@example.com', 'login': {'uuid': '1c62cd88-a310-4522-9f13-9356582151b4', 'username': 'bluelion288', 'password': 'bailey1', 'salt': 'ngaulke9', 'md5': '38cea20b583b1014ca4713089e69dfa4', 'sha1': '348ef96628664e438cbac1a830c48d812455845d', 'sha256': 'f2611bb445c54e153d7fc494a7054cbc7bd0c8af8b60bffd928c8e92b0bc2eb1'}, 'dob': {'date': '1965-01-04T05:42:59.959Z', 'age': 59}, 'registered': {'date': '2010-02-06T21:41:46.289Z', 'age': 14}, 'phone': '0171 097 3714', 'cell': '07909 660560', 'id': {'name': 'NINO', 'value': 'KC 19 97 46 G'}, 'picture': {'large': 'https://randomuser.me/api/portraits/women/34.jpg', 'medium': 'https://randomuser.me/api/portraits/med/women/34.jpg', 'thumbnail': 'https://randomuser.me/api/portraits/thumb/women/34.jpg'}, 'nat': 'GB'}</msg>
<arg>${json_data['results'][0]}</arg>
<doc>Logs the given message with the given level.</doc>
<status status="PASS" start="2024-06-10T22:15:24.471125" elapsed="0.000429"/>
</kw>
<kw name="Log" owner="BuiltIn">
<msg time="2024-06-10T22:15:24.471984" level="INFO">name</msg>
<arg>${key}</arg>
<doc>Logs the given message with the given level.</doc>
<status status="PASS" start="2024-06-10T22:15:24.471852" elapsed="0.000170"/>
</kw>
<var name="${key}">name</var>
<status status="PASS" start="2024-06-10T22:15:24.470447" elapsed="0.001803"/>
</iter>
<iter>
<kw name="Dictionary Should Contain Key" owner="Collections">
<arg>${json_data['results'][0]}</arg>
<arg>${key}</arg>
<doc>Fails if ``key`` is not found from ``dictionary``.</doc>
<status status="PASS" start="2024-06-10T22:15:24.472537" elapsed="0.000378"/>
</kw>
<kw name="Log" owner="BuiltIn">
<msg time="2024-06-10T22:15:24.473504" level="INFO">{'gender': 'female', 'name': {'title': 'Mrs', 'first': 'Ashley', 'last': 'Russell'}, 'location': {'street': {'number': 8034, 'name': 'The Crescent'}, 'city': 'Newport', 'state': 'Humberside', 'country': 'United Kingdom', 'postcode': 'IR82 2TE', 'coordinates': {'latitude': '-11.7058', 'longitude': '82.0578'}, 'timezone': {'offset': '-9:00', 'description': 'Alaska'}}, 'email': 'ashley.russell@example.com', 'login': {'uuid': '1c62cd88-a310-4522-9f13-9356582151b4', 'username': 'bluelion288', 'password': 'bailey1', 'salt': 'ngaulke9', 'md5': '38cea20b583b1014ca4713089e69dfa4', 'sha1': '348ef96628664e438cbac1a830c48d812455845d', 'sha256': 'f2611bb445c54e153d7fc494a7054cbc7bd0c8af8b60bffd928c8e92b0bc2eb1'}, 'dob': {'date': '1965-01-04T05:42:59.959Z', 'age': 59}, 'registered': {'date': '2010-02-06T21:41:46.289Z', 'age': 14}, 'phone': '0171 097 3714', 'cell': '07909 660560', 'id': {'name': 'NINO', 'value': 'KC 19 97 46 G'}, 'picture': {'large': 'https://randomuser.me/api/portraits/women/34.jpg', 'medium': 'https://randomuser.me/api/portraits/med/women/34.jpg', 'thumbnail': 'https://randomuser.me/api/portraits/thumb/women/34.jpg'}, 'nat': 'GB'}</msg>
<arg>${json_data['results'][0]}</arg>
<doc>Logs the given message with the given level.</doc>
<status status="PASS" start="2024-06-10T22:15:24.473102" elapsed="0.000450"/>
</kw>
<kw name="Log" owner="BuiltIn">
<msg time="2024-06-10T22:15:24.473978" level="INFO">location</msg>
<arg>${key}</arg>
<doc>Logs the given message with the given level.</doc>
<status status="PASS" start="2024-06-10T22:15:24.473852" elapsed="0.000163"/>
</kw>
<var name="${key}">location</var>
<status status="PASS" start="2024-06-10T22:15:24.472429" elapsed="0.001811"/>
</iter>
<iter>
<kw name="Dictionary Should Contain Key" owner="Collections">
<arg>${json_data['results'][0]}</arg>
<arg>${key}</arg>
<doc>Fails if ``key`` is not found from ``dictionary``.</doc>
<status status="PASS" start="2024-06-10T22:15:24.474521" elapsed="0.000386"/>
</kw>
<kw name="Log" owner="BuiltIn">
<msg time="2024-06-10T22:15:24.475437" level="INFO">{'gender': 'female', 'name': {'title': 'Mrs', 'first': 'Ashley', 'last': 'Russell'}, 'location': {'street': {'number': 8034, 'name': 'The Crescent'}, 'city': 'Newport', 'state': 'Humberside', 'country': 'United Kingdom', 'postcode': 'IR82 2TE', 'coordinates': {'latitude': '-11.7058', 'longitude': '82.0578'}, 'timezone': {'offset': '-9:00', 'description': 'Alaska'}}, 'email': 'ashley.russell@example.com', 'login': {'uuid': '1c62cd88-a310-4522-9f13-9356582151b4', 'username': 'bluelion288', 'password': 'bailey1', 'salt': 'ngaulke9', 'md5': '38cea20b583b1014ca4713089e69dfa4', 'sha1': '348ef96628664e438cbac1a830c48d812455845d', 'sha256': 'f2611bb445c54e153d7fc494a7054cbc7bd0c8af8b60bffd928c8e92b0bc2eb1'}, 'dob': {'date': '1965-01-04T05:42:59.959Z', 'age': 59}, 'registered': {'date': '2010-02-06T21:41:46.289Z', 'age': 14}, 'phone': '0171 097 3714', 'cell': '07909 660560', 'id': {'name': 'NINO', 'value': 'KC 19 97 46 G'}, 'picture': {'large': 'https://randomuser.me/api/portraits/women/34.jpg', 'medium': 'https://randomuser.me/api/portraits/med/women/34.jpg', 'thumbnail': 'https://randomuser.me/api/portraits/thumb/women/34.jpg'}, 'nat': 'GB'}</msg>
<arg>${json_data['results'][0]}</arg>
<doc>Logs the given message with the given level.</doc>
<status status="PASS" start="2024-06-10T22:15:24.475088" elapsed="0.000405"/>
</kw>
<kw name="Log" owner="BuiltIn">
<msg time="2024-06-10T22:15:24.475913" level="INFO">email</msg>
<arg>${key}</arg>
<doc>Logs the given message with the given level.</doc>
<status status="PASS" start="2024-06-10T22:15:24.475786" elapsed="0.000165"/>
</kw>
<var name="${key}">email</var>
<status status="PASS" start="2024-06-10T22:15:24.474414" elapsed="0.001749"/>
</iter>
<iter>
<kw name="Dictionary Should Contain Key" owner="Collections">
<arg>${json_data['results'][0]}</arg>
<arg>${key}</arg>
<doc>Fails if ``key`` is not found from ``dictionary``.</doc>
<status status="PASS" start="2024-06-10T22:15:24.476441" elapsed="0.000393"/>
</kw>
<kw name="Log" owner="BuiltIn">
<msg time="2024-06-10T22:15:24.477399" level="INFO">{'gender': 'female', 'name': {'title': 'Mrs', 'first': 'Ashley', 'last': 'Russell'}, 'location': {'street': {'number': 8034, 'name': 'The Crescent'}, 'city': 'Newport', 'state': 'Humberside', 'country': 'United Kingdom', 'postcode': 'IR82 2TE', 'coordinates': {'latitude': '-11.7058', 'longitude': '82.0578'}, 'timezone': {'offset': '-9:00', 'description': 'Alaska'}}, 'email': 'ashley.russell@example.com', 'login': {'uuid': '1c62cd88-a310-4522-9f13-9356582151b4', 'username': 'bluelion288', 'password': 'bailey1', 'salt': 'ngaulke9', 'md5': '38cea20b583b1014ca4713089e69dfa4', 'sha1': '348ef96628664e438cbac1a830c48d812455845d', 'sha256': 'f2611bb445c54e153d7fc494a7054cbc7bd0c8af8b60bffd928c8e92b0bc2eb1'}, 'dob': {'date': '1965-01-04T05:42:59.959Z', 'age': 59}, 'registered': {'date': '2010-02-06T21:41:46.289Z', 'age': 14}, 'phone': '0171 097 3714', 'cell': '07909 660560', 'id': {'name': 'NINO', 'value': 'KC 19 97 46 G'}, 'picture': {'large': 'https://randomuser.me/api/portraits/women/34.jpg', 'medium': 'https://randomuser.me/api/portraits/med/women/34.jpg', 'thumbnail': 'https://randomuser.me/api/portraits/thumb/women/34.jpg'}, 'nat': 'GB'}</msg>
<arg>${json_data['results'][0]}</arg>
<doc>Logs the given message with the given level.</doc>
<status status="PASS" start="2024-06-10T22:15:24.477020" elapsed="0.000426"/>
</kw>
<kw name="Log" owner="BuiltIn">
<msg time="2024-06-10T22:15:24.477973" level="INFO">login</msg>
<arg>${key}</arg>
<doc>Logs the given message with the given level.</doc>
<status status="PASS" start="2024-06-10T22:15:24.477739" elapsed="0.000271"/>
</kw>
<var name="${key}">login</var>
<status status="PASS" start="2024-06-10T22:15:24.476334" elapsed="0.001892"/>
</iter>
<var>${key}</var>
<value>@{expected_keys}</value>
<status status="PASS" start="2024-06-10T22:15:24.468224" elapsed="0.010121"/>
</for>
<kw name="Create List" owner="BuiltIn">
<msg time="2024-06-10T22:15:24.478668" level="INFO">${expected_keysTwo} = ['username', 'password']</msg>
<var>${expected_keysTwo}</var>
<arg>username</arg>
<arg>password</arg>
<doc>Returns a list containing given items.</doc>
<status status="PASS" start="2024-06-10T22:15:24.478533" elapsed="0.000158"/>
</kw>
<for flavor="IN">
<iter>
<kw name="Dictionary Should Contain Key" owner="Collections">
<arg>${json_data['results'][0]['login']}</arg>
<arg>${keyTwo}</arg>
<doc>Fails if ``key`` is not found from ``dictionary``.</doc>
<status status="PASS" start="2024-06-10T22:15:24.479254" elapsed="0.000388"/>
</kw>
<kw name="Dictionary Should Contain Key" owner="Collections">
<arg>${json_data['results'][0]['login']}</arg>
<arg>${keyTwo}</arg>
<doc>Fails if ``key`` is not found from ``dictionary``.</doc>
<status status="PASS" start="2024-06-10T22:15:24.479823" elapsed="0.000371"/>
</kw>
<kw name="Log" owner="BuiltIn">
<msg time="2024-06-10T22:15:24.480489" level="INFO">username</msg>
<arg>${keyTwo}</arg>
<doc>Logs the given message with the given level.</doc>
<status status="PASS" start="2024-06-10T22:15:24.480371" elapsed="0.000155"/>
</kw>
<var name="${keyTwo}">username</var>
<status status="PASS" start="2024-06-10T22:15:24.479143" elapsed="0.001601"/>
</iter>
<iter>
<kw name="Dictionary Should Contain Key" owner="Collections">
<arg>${json_data['results'][0]['login']}</arg>
<arg>${keyTwo}</arg>
<doc>Fails if ``key`` is not found from ``dictionary``.</doc>
<status status="PASS" start="2024-06-10T22:15:24.481030" elapsed="0.000400"/>
</kw>
<kw name="Dictionary Should Contain Key" owner="Collections">
<arg>${json_data['results'][0]['login']}</arg>
<arg>${keyTwo}</arg>
<doc>Fails if ``key`` is not found from ``dictionary``.</doc>
<status status="PASS" start="2024-06-10T22:15:24.481611" elapsed="0.000366"/>
</kw>
<kw name="Log" owner="BuiltIn">
<msg time="2024-06-10T22:15:24.482275" level="INFO">password</msg>
<arg>${keyTwo}</arg>
<doc>Logs the given message with the given level.</doc>
<status status="PASS" start="2024-06-10T22:15:24.482155" elapsed="0.000156"/>
</kw>
<var name="${keyTwo}">password</var>
<status status="PASS" start="2024-06-10T22:15:24.480923" elapsed="0.001608"/>
</iter>
<var>${keyTwo}</var>
<value>@{expected_keysTwo}</value>
<status status="PASS" start="2024-06-10T22:15:24.478965" elapsed="0.003688"/>
</for>
<status status="PASS" start="2024-06-10T22:15:24.368317" elapsed="0.114477"/>
</kw>
<doc>Testa a estrutura da resposta da API.</doc>
<tag>testeEstruturaResposta</tag>
<status status="PASS" start="2024-06-10T22:15:24.367551" elapsed="0.115401"/>
</test>
<test id="s1-s1-t4" name="Validar tipos de dados" line="28">
<kw name="Teste de Tipos de Dados" owner="random-user-service">
<kw name="GET On Session" owner="RequestsLibrary">
<msg time="2024-06-10T22:15:24.561081" level="INFO">GET Request : url=https://randomuser.me/api 
 path_url=/api 
 headers={'User-Agent': 'python-requests/2.32.3', 'Accept-Encoding': 'gzip, deflate', 'Accept': '*/*', 'Connection': 'keep-alive'} 
 body=None 
 </msg>
<msg time="2024-06-10T22:15:24.561174" level="INFO">GET Response : url=https://randomuser.me/api 
 status=200, reason=OK 
 headers={'Date': 'Mon, 10 Jun 2024 22:15:24 GMT', 'Content-Type': 'application/json; charset=utf-8', 'Transfer-Encoding': 'chunked', 'Connection': 'keep-alive', 'X-Powered-By': 'Express', 'Access-Control-Allow-Origin': '*', 'Cache-Control': 'no-cache', 'ETag': 'W/"46f-rIg1QHp63N7Lna/RA9PCFdf9SFU"', 'Vary': 'Accept-Encoding', 'Content-Encoding': 'gzip', 'CF-Cache-Status': 'DYNAMIC', 'Report-To': '{"endpoints":[{"url":"https:\\/\\/a.nel.cloudflare.com\\/report\\/v4?s=MABDq80em9K%2Bgof4DFjtDcyf3SkZ6VhuxL3bvLx0V1ofanguEd8oKlzW%2Fw764oMIoH%2FjpGBQ%2BwgpS46%2BY7Tau%2BLMOYM9pESzjmx%2B5J99oCa9%2F2QuRnsyoGZE0OQlU1Bg"}],"group":"cf-nel","max_age":604800}', 'NEL': '{"success_fraction":0,"report_to":"cf-nel","max_age":604800}', 'Server': 'cloudflare', 'CF-RAY': '891cb84a0b9757b5-IAD', 'alt-svc': 'h3=":443"; ma=86400'} 
 body={"results":[{"gender":"male","name":{"title":"Mr","first":"Pedro","last":"Berry"},"location":{"street":{"number":4211,"name":"Bollinger Rd"},"city":"Tacoma","state":"Kansas","country":"United States","postcode":64966,"coordinates":{"latitude":"81.9955","longitude":"-14.8023"},"timezone":{"offset":"-9:00","description":"Alaska"}},"email":"pedro.berry@example.com","login":{"uuid":"c1260e49-133a-4fc7-84a8-7b324436e4bd","username":"purplelion495","password":"divx1","salt":"glmN8VCX","md5":"f5a8db1b572548934998aafa0d6193bd","sha1":"4cb0fbdad4b67f5e2fbd5d47ec92822485b9ab7f","sha256":"af91a1e72fad3d56e0f7e0ac0477d99988bab812ff13eaed96df96c18c5af76d"},"dob":{"date":"1984-05-31T00:58:55.679Z","age":40},"registered":{"date":"2006-08-21T01:35:13.470Z","age":17},"phone":"(432) 592-6856","cell":"(591) 449-6594","id":{"name":"SSN","value":"124-05-5663"},"picture":{"large":"https://randomuser.me/api/portraits/men/13.jpg","medium":"https://randomuser.me/api/portraits/med/men/13.jpg","thumbnail":"https://randomuser.me/api/portraits/thumb/men/13.jpg"},"nat":"US"}],"info":{"seed":"36142d525f233faf","results":1,"page":1,"version":"1.4"}} 
 </msg>
<msg time="2024-06-10T22:15:24.561273" level="INFO">/opt/hostedtoolcache/Python/3.12.3/x64/lib/python3.12/site-packages/urllib3/connectionpool.py:1103: InsecureRequestWarning: Unverified HTTPS request is being made to host 'randomuser.me'. Adding certificate verification is strongly advised. See: https://urllib3.readthedocs.io/en/latest/advanced-usage.html#tls-warnings
  warnings.warn(</msg>
<msg time="2024-06-10T22:15:24.561404" level="INFO">${response} = &lt;Response [200]&gt;</msg>
<var>${response}</var>
<arg>consultarAPI</arg>
<arg>/api</arg>
<doc>Sends a GET request on a previously created HTTP Session.</doc>
<status status="PASS" start="2024-06-10T22:15:24.485525" elapsed="0.075916"/>
</kw>
<kw name="Set Variable" owner="BuiltIn">
<msg time="2024-06-10T22:15:24.562588" level="INFO">${json_data} = {'results': [{'gender': 'male', 'name': {'title': 'Mr', 'first': 'Pedro', 'last': 'Berry'}, 'location': {'street': {'number': 4211, 'name': 'Bollinger Rd'}, 'city': 'Tacoma', 'state': 'Kansas', 'count...</msg>
<var>${json_data}</var>
<arg>${response.json()}</arg>
<doc>Returns the given values which can then be assigned to a variables.</doc>
<status status="PASS" start="2024-06-10T22:15:24.562035" elapsed="0.000582"/>
</kw>
<kw name="Log" owner="BuiltIn">
<msg time="2024-06-10T22:15:24.563081" level="INFO">{'results': [{'gender': 'male', 'name': {'title': 'Mr', 'first': 'Pedro', 'last': 'Berry'}, 'location': {'street': {'number': 4211, 'name': 'Bollinger Rd'}, 'city': 'Tacoma', 'state': 'Kansas', 'country': 'United States', 'postcode': 64966, 'coordinates': {'latitude': '81.9955', 'longitude': '-14.8023'}, 'timezone': {'offset': '-9:00', 'description': 'Alaska'}}, 'email': 'pedro.berry@example.com', 'login': {'uuid': 'c1260e49-133a-4fc7-84a8-7b324436e4bd', 'username': 'purplelion495', 'password': 'divx1', 'salt': 'glmN8VCX', 'md5': 'f5a8db1b572548934998aafa0d6193bd', 'sha1': '4cb0fbdad4b67f5e2fbd5d47ec92822485b9ab7f', 'sha256': 'af91a1e72fad3d56e0f7e0ac0477d99988bab812ff13eaed96df96c18c5af76d'}, 'dob': {'date': '1984-05-31T00:58:55.679Z', 'age': 40}, 'registered': {'date': '2006-08-21T01:35:13.470Z', 'age': 17}, 'phone': '(432) 592-6856', 'cell': '(591) 449-6594', 'id': {'name': 'SSN', 'value': '124-05-5663'}, 'picture': {'large': 'https://randomuser.me/api/portraits/men/13.jpg', 'medium': 'https://randomuser.me/api/portraits/med/men/13.jpg', 'thumbnail': 'https://randomuser.me/api/portraits/thumb/men/13.jpg'}, 'nat': 'US'}], 'info': {'seed': '36142d525f233faf', 'results': 1, 'page': 1, 'version': '1.4'}}</msg>
<arg>${json_data}</arg>
<doc>Logs the given message with the given level.</doc>
<status status="PASS" start="2024-06-10T22:15:24.562924" elapsed="0.000204"/>
</kw>
<kw name="Should Be String" owner="String">
<arg>${json_data['results'][0]['gender']}</arg>
<doc>Fails if the given ``item`` is not a string.</doc>
<status status="PASS" start="2024-06-10T22:15:24.563424" elapsed="0.000364"/>
</kw>
<kw name="Should Match Regexp" owner="BuiltIn">
<arg>${json_data['results'][0]['email']}</arg>
<arg>^[a-zA-Z0-9._%+-]+@[a-zA-Z0-9.-]+\.[a-zA-Z]{2,}$</arg>
<doc>Fails if ``string`` does not match ``pattern`` as a regular expression.</doc>
<status status="PASS" start="2024-06-10T22:15:24.563974" elapsed="0.000517"/>
</kw>
<kw name="Should Match Regexp" owner="BuiltIn">
<arg>${json_data['results'][0]['dob']['date']}</arg>
<arg>\\d{4}-\\d{2}-\\d{2}T\\d{2}:\\d{2}:\\d{2}\\.\\d{3}Z</arg>
<doc>Fails if ``string`` does not match ``pattern`` as a regular expression.</doc>
<status status="PASS" start="2024-06-10T22:15:24.564724" elapsed="0.000519"/>
</kw>
<kw name="Should Match Regexp" owner="BuiltIn">
<arg>${json_data['results'][0]['registered']['date']}</arg>
<arg>\\d{4}-\\d{2}-\\d{2}T\\d{2}:\\d{2}:\\d{2}\\.\\d{3}Z</arg>
<doc>Fails if ``string`` does not match ``pattern`` as a regular expression.</doc>
<status status="PASS" start="2024-06-10T22:15:24.565440" elapsed="0.000375"/>
</kw>
<kw name="Should Match Regexp" owner="BuiltIn">
<arg>${json_data['results'][0]['picture']['large']}</arg>
<arg>^https?://.*\.(?:png|jpe?g|gif|bmp)$</arg>
<doc>Fails if ``string`` does not match ``pattern`` as a regular expression.</doc>
<status status="PASS" start="2024-06-10T22:15:24.566016" elapsed="0.000454"/>
</kw>
<kw name="Should Match Regexp" owner="BuiltIn">
<arg>${json_data['results'][0]['picture']['medium']}</arg>
<arg>^https?://.*\.(?:png|jpe?g|gif|bmp)$</arg>
<doc>Fails if ``string`` does not match ``pattern`` as a regular expression.</doc>
<status status="PASS" start="2024-06-10T22:15:24.566660" elapsed="0.000351"/>
</kw>
<kw name="Should Match Regexp" owner="BuiltIn">
<arg>${json_data['results'][0]['picture']['thumbnail']}</arg>
<arg>^https?://.*\.(?:png|jpe?g|gif|bmp)$</arg>
<doc>Fails if ``string`` does not match ``pattern`` as a regular expression.</doc>
<status status="PASS" start="2024-06-10T22:15:24.567198" elapsed="0.000355"/>
</kw>
<kw name="Log" owner="BuiltIn">
<msg time="2024-06-10T22:15:24.568063" level="INFO">{'large': 'https://randomuser.me/api/portraits/men/13.jpg', 'medium': 'https://randomuser.me/api/portraits/med/men/13.jpg', 'thumbnail': 'https://randomuser.me/api/portraits/thumb/men/13.jpg'}</msg>
<arg>${json_data['results'][0]['picture']}</arg>
<doc>Logs the given message with the given level.</doc>
<status status="PASS" start="2024-06-10T22:15:24.567734" elapsed="0.000373"/>
</kw>
<status status="PASS" start="2024-06-10T22:15:24.485284" elapsed="0.083080"/>
</kw>
<kw name="Teste de Tipos de Dados - Postcode" owner="random-user-service">
<kw name="GET On Session" owner="RequestsLibrary">
<msg time="2024-06-10T22:15:24.665852" level="INFO">GET Request : url=https://randomuser.me/api 
 path_url=/api 
 headers={'User-Agent': 'python-requests/2.32.3', 'Accept-Encoding': 'gzip, deflate', 'Accept': '*/*', 'Connection': 'keep-alive'} 
 body=None 
 </msg>
<msg time="2024-06-10T22:15:24.665964" level="INFO">GET Response : url=https://randomuser.me/api 
 status=200, reason=OK 
 headers={'Date': 'Mon, 10 Jun 2024 22:15:24 GMT', 'Content-Type': 'application/json; charset=utf-8', 'Transfer-Encoding': 'chunked', 'Connection': 'keep-alive', 'X-Powered-By': 'Express', 'Access-Control-Allow-Origin': '*', 'Cache-Control': 'no-cache', 'ETag': 'W/"486-xz0c0x8D3MQnNYxiemu2s9sI6R4"', 'Vary': 'Accept-Encoding', 'Content-Encoding': 'gzip', 'CF-Cache-Status': 'DYNAMIC', 'Report-To': '{"endpoints":[{"url":"https:\\/\\/a.nel.cloudflare.com\\/report\\/v4?s=6WyKOdxguOwo%2BkiD8yWO7PiUFf25Zql%2FfnJFJSLRBK2yl0G5SKuq%2FjW9iKQ7p6jhhSE22%2BhFg7%2B5xtXcJbvGRzeQYjF5Z2pC9ZdrL6KiUBY4R3uNWgAViwolR6cecxMY"}],"group":"cf-nel","max_age":604800}', 'NEL': '{"success_fraction":0,"report_to":"cf-nel","max_age":604800}', 'Server': 'cloudflare', 'CF-RAY': '891cb84a8c2557b5-IAD', 'alt-svc': 'h3=":443"; ma=86400'} 
 body={"results":[{"gender":"male","name":{"title":"Mr","first":"August","last":"Thomsen"},"location":{"street":{"number":2199,"name":"Lokesvej"},"city":"Pandrup","state":"Midtjylland","country":"Denmark","postcode":51471,"coordinates":{"latitude":"-45.1967","longitude":"-5.6265"},"timezone":{"offset":"+10:00","description":"Eastern Australia, Guam, Vladivostok"}},"email":"august.thomsen@example.com","login":{"uuid":"1ff37967-3f9c-4b0b-8dcc-98d5bc504366","username":"silverrabbit611","password":"smart1","salt":"o7KUSbRV","md5":"8e3bbeef0c8ad1b13a04fdb67fe6094b","sha1":"0a1fa44f486afb6fd0a27ecc81cd923000b4f653","sha256":"3d89bb072c19a22bab843823b26697d23f4a64050f48aa97cd848b41c7e7e5d6"},"dob":{"date":"1973-09-12T14:43:46.622Z","age":50},"registered":{"date":"2019-09-14T02:27:01.140Z","age":4},"phone":"77302243","cell":"66554867","id":{"name":"CPR","value":"120973-1422"},"picture":{"large":"https://randomuser.me/api/portraits/men/36.jpg","medium":"https://randomuser.me/api/portraits/med/men/36.jpg","thumbnail":"https://randomuser.me/api/portraits/thumb/men/36.jpg"},"nat":"DK"}],"info":{"seed":"3436c7f2eb43c867","results":1,"page":1,"version":"1.4"}} 
 </msg>
<msg time="2024-06-10T22:15:24.666069" level="INFO">/opt/hostedtoolcache/Python/3.12.3/x64/lib/python3.12/site-packages/urllib3/connectionpool.py:1103: InsecureRequestWarning: Unverified HTTPS request is being made to host 'randomuser.me'. Adding certificate verification is strongly advised. See: https://urllib3.readthedocs.io/en/latest/advanced-usage.html#tls-warnings
  warnings.warn(</msg>
<msg time="2024-06-10T22:15:24.666217" level="INFO">${response} = &lt;Response [200]&gt;</msg>
<var>${response}</var>
<arg>consultarAPI</arg>
<arg>/api</arg>
<doc>Sends a GET request on a previously created HTTP Session.</doc>
<status status="PASS" start="2024-06-10T22:15:24.568826" elapsed="0.097434"/>
</kw>
<kw name="Set Variable" owner="BuiltIn">
<msg time="2024-06-10T22:15:24.667413" level="INFO">${json_data} = {'results': [{'gender': 'male', 'name': {'title': 'Mr', 'first': 'August', 'last': 'Thomsen'}, 'location': {'street': {'number': 2199, 'name': 'Lokesvej'}, 'city': 'Pandrup', 'state': 'Midtjylland', '...</msg>
<var>${json_data}</var>
<arg>${response.json()}</arg>
<doc>Returns the given values which can then be assigned to a variables.</doc>
<status status="PASS" start="2024-06-10T22:15:24.666877" elapsed="0.000567"/>
</kw>
<kw name="Log" owner="BuiltIn">
<msg time="2024-06-10T22:15:24.667939" level="INFO">{'results': [{'gender': 'male', 'name': {'title': 'Mr', 'first': 'August', 'last': 'Thomsen'}, 'location': {'street': {'number': 2199, 'name': 'Lokesvej'}, 'city': 'Pandrup', 'state': 'Midtjylland', 'country': 'Denmark', 'postcode': 51471, 'coordinates': {'latitude': '-45.1967', 'longitude': '-5.6265'}, 'timezone': {'offset': '+10:00', 'description': 'Eastern Australia, Guam, Vladivostok'}}, 'email': 'august.thomsen@example.com', 'login': {'uuid': '1ff37967-3f9c-4b0b-8dcc-98d5bc504366', 'username': 'silverrabbit611', 'password': 'smart1', 'salt': 'o7KUSbRV', 'md5': '8e3bbeef0c8ad1b13a04fdb67fe6094b', 'sha1': '0a1fa44f486afb6fd0a27ecc81cd923000b4f653', 'sha256': '3d89bb072c19a22bab843823b26697d23f4a64050f48aa97cd848b41c7e7e5d6'}, 'dob': {'date': '1973-09-12T14:43:46.622Z', 'age': 50}, 'registered': {'date': '2019-09-14T02:27:01.140Z', 'age': 4}, 'phone': '77302243', 'cell': '66554867', 'id': {'name': 'CPR', 'value': '120973-1422'}, 'picture': {'large': 'https://randomuser.me/api/portraits/men/36.jpg', 'medium': 'https://randomuser.me/api/portraits/med/men/36.jpg', 'thumbnail': 'https://randomuser.me/api/portraits/thumb/men/36.jpg'}, 'nat': 'DK'}], 'info': {'seed': '3436c7f2eb43c867', 'results': 1, 'page': 1, 'version': '1.4'}}</msg>
<arg>${json_data}</arg>
<doc>Logs the given message with the given level.</doc>
<status status="PASS" start="2024-06-10T22:15:24.667776" elapsed="0.000211"/>
</kw>
<kw name="Should Be Equal As Numbers" owner="BuiltIn">
<arg>${json_data['results'][0]['location']['postcode']}</arg>
<arg>${json_data['results'][0]['location']['postcode']}</arg>
<doc>Fails if objects are unequal after converting them to real numbers.</doc>
<status status="PASS" start="2024-06-10T22:15:24.668284" elapsed="0.000625"/>
</kw>
<kw name="Log" owner="BuiltIn">
<msg time="2024-06-10T22:15:24.669474" level="INFO">51471</msg>
<arg>${json_data['results'][0]['location']['postcode']}</arg>
<doc>Logs the given message with the given level.</doc>
<status status="PASS" start="2024-06-10T22:15:24.669101" elapsed="0.000413"/>
</kw>
<status status="PASS" start="2024-06-10T22:15:24.568590" elapsed="0.101211"/>
</kw>
<doc>Testa se os tipos de dados na resposta da API estão corretos.</doc>
<tag>testeTiposDados</tag>
<status status="PASS" start="2024-06-10T22:15:24.484796" elapsed="0.185175"/>
</test>
<test id="s1-s1-t5" name="Validar conteudo" line="35">
<kw name="Teste de Tipos de Conteudo" owner="random-user-service">
<kw name="GET On Session" owner="RequestsLibrary">
<msg time="2024-06-10T22:15:24.768439" level="INFO">GET Request : url=https://randomuser.me/api 
 path_url=/api 
 headers={'User-Agent': 'python-requests/2.32.3', 'Accept-Encoding': 'gzip, deflate', 'Accept': '*/*', 'Connection': 'keep-alive'} 
 body=None 
 </msg>
<msg time="2024-06-10T22:15:24.768538" level="INFO">GET Response : url=https://randomuser.me/api 
 status=200, reason=OK 
 headers={'Date': 'Mon, 10 Jun 2024 22:15:24 GMT', 'Content-Type': 'application/json; charset=utf-8', 'Transfer-Encoding': 'chunked', 'Connection': 'keep-alive', 'X-Powered-By': 'Express', 'Access-Control-Allow-Origin': '*', 'Cache-Control': 'no-cache', 'ETag': 'W/"48c-ATQ4eJiK7VfdsdrS2hb9PFAh0xY"', 'Vary': 'Accept-Encoding', 'Content-Encoding': 'gzip', 'CF-Cache-Status': 'DYNAMIC', 'Report-To': '{"endpoints":[{"url":"https:\\/\\/a.nel.cloudflare.com\\/report\\/v4?s=f%2FtgkEKHTNQXwohGpU6UjqpQ5nXfm%2B9XCr2aI6H1%2FA9t%2FLVAxx0QUKfpV0RWzHb5KAn5B0ocwqRM6VupXUasRYt6Rj7d16Ime8cyl809A0rQu%2B%2F7rdcN5GaDM6fkJcZs"}],"group":"cf-nel","max_age":604800}', 'NEL': '{"success_fraction":0,"report_to":"cf-nel","max_age":604800}', 'Server': 'cloudflare', 'CF-RAY': '891cb84b3ca757b5-IAD', 'alt-svc': 'h3=":443"; ma=86400'} 
 body={"results":[{"gender":"male","name":{"title":"Mr","first":"رادین","last":"حسینی"},"location":{"street":{"number":8186,"name":"شهید شواخ"},"city":"کرمان","state":"مازندران","country":"Iran","postcode":72484,"coordinates":{"latitude":"15.9794","longitude":"-168.3220"},"timezone":{"offset":"-8:00","description":"Pacific Time (US &amp; Canada)"}},"email":"rdyn.hsyny@example.com","login":{"uuid":"512d7eab-3fa7-4f3f-b55c-ef1cf2e9f1c6","username":"greenrabbit917","password":"farscape","salt":"m8NE9n7B","md5":"aa34af0c31c2d2e0fe0f1f6c2b51a044","sha1":"63870e2e0c4fb138a2fb4712debd361582ae24df","sha256":"9847f8846d19d4d2bfca5882b4ad57f4785cc91866d473591f2d6811db10b3ca"},"dob":{"date":"1999-06-26T10:11:00.729Z","age":24},"registered":{"date":"2003-09-02T00:04:20.737Z","age":20},"phone":"091-96917446","cell":"0927-180-9625","id":{"name":"","value":null},"picture":{"large":"https://randomuser.me/api/portraits/men/79.jpg","medium":"https://randomuser.me/api/portraits/med/men/79.jpg","thumbnail":"https://randomuser.me/api/portraits/thumb/men/79.jpg"},"nat":"IR"}],"info":{"seed":"ecbd99c6a8e837eb","results":1,"page":1,"version":"1.4"}} 
 </msg>
<msg time="2024-06-10T22:15:24.768613" level="INFO">/opt/hostedtoolcache/Python/3.12.3/x64/lib/python3.12/site-packages/urllib3/connectionpool.py:1103: InsecureRequestWarning: Unverified HTTPS request is being made to host 'randomuser.me'. Adding certificate verification is strongly advised. See: https://urllib3.readthedocs.io/en/latest/advanced-usage.html#tls-warnings
  warnings.warn(</msg>
<msg time="2024-06-10T22:15:24.768733" level="INFO">${response} = &lt;Response [200]&gt;</msg>
<var>${response}</var>
<arg>consultarAPI</arg>
<arg>/api</arg>
<doc>Sends a GET request on a previously created HTTP Session.</doc>
<status status="PASS" start="2024-06-10T22:15:24.672481" elapsed="0.096292"/>
</kw>
<kw name="Set Variable" owner="BuiltIn">
<msg time="2024-06-10T22:15:24.770067" level="INFO">${json_data} = {'results': [{'gender': 'male', 'name': {'title': 'Mr', 'first': 'رادین', 'last': 'حسینی'}, 'location': {'street': {'number': 8186, 'name': 'شهید شواخ'}, 'city': 'کرمان', 'state': 'مازندران', 'country...</msg>
<var>${json_data}</var>
<arg>${response.json()}</arg>
<doc>Returns the given values which can then be assigned to a variables.</doc>
<status status="PASS" start="2024-06-10T22:15:24.769481" elapsed="0.000618"/>
</kw>
<kw name="Set Variable" owner="BuiltIn">
<msg time="2024-06-10T22:15:24.770824" level="INFO">${name_title} = Mr</msg>
<var>${name_title}</var>
<arg>${json_data["results"][0]["name"]["title"]}</arg>
<doc>Returns the given values which can then be assigned to a variables.</doc>
<status status="PASS" start="2024-06-10T22:15:24.770429" elapsed="0.000421"/>
</kw>
<kw name="Create List" owner="BuiltIn">
<msg time="2024-06-10T22:15:24.771307" level="INFO">${allowed_titles} = ['Mr', 'Ms', 'Miss', 'Mrs', 'Madame', 'Monsieur']</msg>
<var>${allowed_titles}</var>
<arg>Mr</arg>
<arg>Ms</arg>
<arg>Miss</arg>
<arg>Mrs</arg>
<arg>Madame</arg>
<arg>Monsieur</arg>
<doc>Returns a list containing given items.</doc>
<status status="PASS" start="2024-06-10T22:15:24.771155" elapsed="0.000177"/>
</kw>
<kw name="List Should Contain Value" owner="Collections">
<arg>${allowed_titles}</arg>
<arg>${name_title}</arg>
<doc>Fails if the ``value`` is not found from ``list``.</doc>
<status status="PASS" start="2024-06-10T22:15:24.771633" elapsed="0.000178"/>
</kw>
<kw name="Set Variable" owner="BuiltIn">
<msg time="2024-06-10T22:15:24.772373" level="INFO">${name_country} = IR</msg>
<var>${name_country}</var>
<arg>${json_data["results"][0]["nat"]}</arg>
<doc>Returns the given values which can then be assigned to a variables.</doc>
<status status="PASS" start="2024-06-10T22:15:24.771993" elapsed="0.000406"/>
</kw>
<kw name="Create List" owner="BuiltIn">
<msg time="2024-06-10T22:15:24.773353" level="INFO">${list_country} = ['AD', 'AE', 'AF', 'AG', 'AI', 'AL', 'AM', 'AO', 'AQ', 'AR', 'AS', 'AT', 'AU', 'AW', 'AX', 'AZ', 'BA', 'BB', 'BD', 'BE', 'BF', 'BG', 'BH', 'BI', 'BJ', 'BL', 'BM', 'BN', 'BO', 'BQ', 'BR', 'BS', 'BT', '...</msg>
<var>${list_country}</var>
<arg>AD</arg>
<arg>AE</arg>
<arg>AF</arg>
<arg>AG</arg>
<arg>AI</arg>
<arg>AL</arg>
<arg>AM</arg>
<arg>AO</arg>
<arg>AQ</arg>
<arg>AR</arg>
<arg>AS</arg>
<arg>AT</arg>
<arg>AU</arg>
<arg>AW</arg>
<arg>AX</arg>
<arg>AZ</arg>
<arg>BA</arg>
<arg>BB</arg>
<arg>BD</arg>
<arg>BE</arg>
<arg>BF</arg>
<arg>BG</arg>
<arg>BH</arg>
<arg>BI</arg>
<arg>BJ</arg>
<arg>BL</arg>
<arg>BM</arg>
<arg>BN</arg>
<arg>BO</arg>
<arg>BQ</arg>
<arg>BR</arg>
<arg>BS</arg>
<arg>BT</arg>
<arg>BV</arg>
<arg>BW</arg>
<arg>BY</arg>
<arg>BZ</arg>
<arg>CA</arg>
<arg>CC</arg>
<arg>CD</arg>
<arg>CF</arg>
<arg>CG</arg>
<arg>CH</arg>
<arg>CI</arg>
<arg>CK</arg>
<arg>CL</arg>
<arg>CM</arg>
<arg>CN</arg>
<arg>CO</arg>
<arg>CR</arg>
<arg>CU</arg>
<arg>CV</arg>
<arg>CW</arg>
<arg>CX</arg>
<arg>CY</arg>
<arg>CZ</arg>
<arg>DE</arg>
<arg>DJ</arg>
<arg>DK</arg>
<arg>DM</arg>
<arg>DO</arg>
<arg>DZ</arg>
<arg>EC</arg>
<arg>EE</arg>
<arg>EG</arg>
<arg>EH</arg>
<arg>ER</arg>
<arg>ES</arg>
<arg>ET</arg>
<arg>FI</arg>
<arg>FJ</arg>
<arg>FK</arg>
<arg>FM</arg>
<arg>FO</arg>
<arg>FR</arg>
<arg>GA</arg>
<arg>GB</arg>
<arg>GD</arg>
<arg>GE</arg>
<arg>GF</arg>
<arg>GG</arg>
<arg>GH</arg>
<arg>GI</arg>
<arg>GL</arg>
<arg>GM</arg>
<arg>GN</arg>
<arg>GP</arg>
<arg>GQ</arg>
<arg>GR</arg>
<arg>GS</arg>
<arg>GT</arg>
<arg>GU</arg>
<arg>GW</arg>
<arg>GY</arg>
<arg>HK</arg>
<arg>HM</arg>
<arg>HN</arg>
<arg>HR</arg>
<arg>HT</arg>
<arg>HU</arg>
<arg>ID</arg>
<arg>IE</arg>
<arg>IL</arg>
<arg>IM</arg>
<arg>IN</arg>
<arg>IO</arg>
<arg>IQ</arg>
<arg>IR</arg>
<arg>IS</arg>
<arg>IT</arg>
<arg>JE</arg>
<arg>JM</arg>
<arg>JO</arg>
<arg>JP</arg>
<arg>KE</arg>
<arg>KG</arg>
<arg>KH</arg>
<arg>KI</arg>
<arg>KM</arg>
<arg>KN</arg>
<arg>KP</arg>
<arg>KR</arg>
<arg>KW</arg>
<arg>KY</arg>
<arg>KZ</arg>
<arg>LA</arg>
<arg>LB</arg>
<arg>LC</arg>
<arg>LI</arg>
<arg>LK</arg>
<arg>LR</arg>
<arg>LS</arg>
<arg>LT</arg>
<arg>LU</arg>
<arg>LV</arg>
<arg>LY</arg>
<arg>MA</arg>
<arg>MC</arg>
<arg>MD</arg>
<arg>ME</arg>
<arg>MF</arg>
<arg>MG</arg>
<arg>MH</arg>
<arg>MK</arg>
<arg>ML</arg>
<arg>MM</arg>
<arg>MN</arg>
<arg>MO</arg>
<arg>MP</arg>
<arg>MQ</arg>
<arg>MR</arg>
<arg>MS</arg>
<arg>MT</arg>
<arg>MU</arg>
<arg>MV</arg>
<arg>MW</arg>
<arg>MX</arg>
<arg>MY</arg>
<arg>MZ</arg>
<arg>NA</arg>
<arg>NC</arg>
<arg>NE</arg>
<arg>NF</arg>
<arg>NG</arg>
<arg>NI</arg>
<arg>NL</arg>
<arg>NO</arg>
<arg>NP</arg>
<arg>NR</arg>
<arg>NU</arg>
<arg>NZ</arg>
<arg>OM</arg>
<arg>PA</arg>
<arg>PE</arg>
<arg>PF</arg>
<arg>PG</arg>
<arg>PH</arg>
<arg>PK</arg>
<arg>PL</arg>
<arg>PM</arg>
<arg>PN</arg>
<arg>PR</arg>
<arg>PS</arg>
<arg>PT</arg>
<arg>PW</arg>
<arg>PY</arg>
<arg>QA</arg>
<arg>RE</arg>
<arg>RO</arg>
<arg>RS</arg>
<arg>RU</arg>
<arg>RW</arg>
<arg>SA</arg>
<arg>SB</arg>
<arg>SC</arg>
<arg>SD</arg>
<arg>SE</arg>
<arg>SG</arg>
<arg>SH</arg>
<arg>SI</arg>
<arg>SJ</arg>
<arg>SK</arg>
<arg>SL</arg>
<arg>SM</arg>
<arg>SN</arg>
<arg>SO</arg>
<arg>SR</arg>
<arg>SS</arg>
<arg>ST</arg>
<arg>SV</arg>
<arg>SX</arg>
<arg>SY</arg>
<arg>SZ</arg>
<arg>TC</arg>
<arg>TD</arg>
<arg>TF</arg>
<arg>TG</arg>
<arg>TH</arg>
<arg>TJ</arg>
<arg>TK</arg>
<arg>TL</arg>
<arg>TM</arg>
<arg>TN</arg>
<arg>TO</arg>
<arg>TR</arg>
<arg>TT</arg>
<arg>TV</arg>
<arg>TW</arg>
<arg>TZ</arg>
<arg>UA</arg>
<arg>UG</arg>
<arg>UM</arg>
<arg>US</arg>
<arg>UY</arg>
<arg>UZ</arg>
<arg>VA</arg>
<arg>VC</arg>
<arg>VE</arg>
<arg>VG</arg>
<arg>VI</arg>
<arg>VN</arg>
<arg>VU</arg>
<arg>WF</arg>
<arg>WS</arg>
<arg>XK</arg>
<arg>YE</arg>
<arg>YT</arg>
<arg>ZA</arg>
<arg>ZM</arg>
<arg>ZW</arg>
<doc>Returns a list containing given items.</doc>
<status status="PASS" start="2024-06-10T22:15:24.772702" elapsed="0.000678"/>
</kw>
<kw name="List Should Contain Value" owner="Collections">
<arg>${list_country}</arg>
<arg>${name_country}</arg>
<doc>Fails if the ``value`` is not found from ``list``.</doc>
<status status="PASS" start="2024-06-10T22:15:24.774204" elapsed="0.000221"/>
</kw>
<kw name="Run Keyword If" owner="BuiltIn">
<kw name="Should Be True" owner="BuiltIn">
<arg>${True}</arg>
<doc>Fails if the given condition is not true.</doc>
<status status="PASS" start="2024-06-10T22:15:24.775554" elapsed="0.000148"/>
</kw>
<arg>${json_data["results"][0]["location"]["coordinates"]["latitude"]} &gt;= -90 and ${json_data["results"][0]["location"]["coordinates"]["latitude"]} &lt;= 90</arg>
<arg>Should Be True</arg>
<arg>${True}</arg>
<doc>Runs the given keyword with the given arguments, if ``condition`` is true.</doc>
<status status="PASS" start="2024-06-10T22:15:24.774625" elapsed="0.001214"/>
</kw>
<kw name="Run Keyword If" owner="BuiltIn">
<kw name="Should Be True" owner="BuiltIn">
<arg>${True}</arg>
<doc>Fails if the given condition is not true.</doc>
<status status="PASS" start="2024-06-10T22:15:24.776721" elapsed="0.000141"/>
</kw>
<arg>${json_data["results"][0]["location"]["coordinates"]["longitude"]} &gt;= -180 and ${json_data["results"][0]["location"]["coordinates"]["longitude"]} &lt;= 180</arg>
<arg>Should Be True</arg>
<arg>${True}</arg>
<doc>Runs the given keyword with the given arguments, if ``condition`` is true.</doc>
<status status="PASS" start="2024-06-10T22:15:24.776026" elapsed="0.000959"/>
</kw>
<status status="PASS" start="2024-06-10T22:15:24.672249" elapsed="0.104869"/>
</kw>
<doc>Testa o conteúdo específico dos campos retornados pela API.</doc>
<tag>testeConteudo</tag>
<status status="PASS" start="2024-06-10T22:15:24.671698" elapsed="0.105617"/>
</test>
<status status="PASS" start="2024-06-10T22:15:23.689962" elapsed="1.089361"/>
</suite>
<status status="PASS" start="2024-06-10T22:15:23.670224" elapsed="1.114342"/>
</suite>
<statistics>
<total>
<stat pass="5" fail="0" skip="0">All Tests</stat>
</total>
<tag>
<stat pass="1" fail="0" skip="0">testeConteudo</stat>
<stat pass="1" fail="0" skip="0">testeEstruturaResposta</stat>
<stat pass="1" fail="0" skip="0">testeRequisicaoBasica</stat>
<stat pass="1" fail="0" skip="0">testeTiposDados</stat>
</tag>
<suite>
<stat pass="5" fail="0" skip="0" id="s1" name="Tests">Tests</stat>
<stat pass="5" fail="0" skip="0" id="s1-s1" name="Random-User-Test">Tests.Random-User-Test</stat>
</suite>
</statistics>
<errors>
</errors>
</robot>
