<?xml version="1.0" encoding="UTF-8"?>
<robot generator="Robot 7.0.1 (Python 3.12.4 on linux)" generated="2024-07-28T17:13:20.446395" rpa="false" schemaversion="5">
<suite id="s1" name="Tests" source="/home/runner/work/ApiRandomUser/ApiRandomUser/RamdonUser/tests">
<suite id="s1-s1" name="Random-User-Test" source="/home/runner/work/ApiRandomUser/ApiRandomUser/RamdonUser/tests/random-user-test.robot">
<test id="s1-s1-t1" name="Conectar" line="13">
<kw name="Conectar API" owner="random-user-service">
<kw name="Create Session" owner="RequestsLibrary">
<msg time="2024-07-28T17:13:20.890733" level="INFO">Creating Session using : alias=consultarAPI, url=https://randomuser.me/, headers={},                     cookies={}, auth=None, timeout=None, proxies=None, verify=False,                     debug=0 </msg>
<arg>consultarAPI</arg>
<arg>${URL}</arg>
<doc>Create Session: create a HTTP session to a server</doc>
<status status="PASS" start="2024-07-28T17:13:20.890478" elapsed="0.000485"/>
</kw>
<status status="PASS" start="2024-07-28T17:13:20.889278" elapsed="0.002153"/>
</kw>
<status status="PASS" start="2024-07-28T17:13:20.888570" elapsed="0.003099"/>
</test>
<test id="s1-s1-t2" name="Validar retorno 200 e JSON Válido" line="16">
<kw name="Teste de Requisicao Basica" owner="random-user-service">
<kw name="GET On Session" owner="RequestsLibrary">
<msg time="2024-07-28T17:13:21.468146" level="INFO">GET Request : url=https://randomuser.me/api 
 path_url=/api 
 headers={'User-Agent': 'python-requests/2.32.3', 'Accept-Encoding': 'gzip, deflate', 'Accept': '*/*', 'Connection': 'keep-alive'} 
 body=None 
 </msg>
<msg time="2024-07-28T17:13:21.468347" level="INFO">GET Response : url=https://randomuser.me/api 
 status=200, reason=OK 
 headers={'Date': 'Sun, 28 Jul 2024 17:13:21 GMT', 'Content-Type': 'application/json; charset=utf-8', 'Transfer-Encoding': 'chunked', 'Connection': 'keep-alive', 'X-Powered-By': 'Express', 'Access-Control-Allow-Origin': '*', 'Cache-Control': 'no-cache', 'ETag': 'W/"48f-FZhIFGrWyS7vK4j7cRz07CXlMs8"', 'Vary': 'Accept-Encoding', 'Content-Encoding': 'gzip', 'CF-Cache-Status': 'DYNAMIC', 'Report-To': '{"endpoints":[{"url":"https:\\/\\/a.nel.cloudflare.com\\/report\\/v4?s=jlGBimM4l2MJfhjidoUJa3hjQyMG97%2FOTx%2B0u%2FJlcYfHVSWcaVf%2BWcolhRxz%2B2ttUb3GyuzgLiKzN6gwp1I4CAN%2FPfoi6N0eFIMC8VVfQV7HneLMKy5Fc8gxvUIB1BHG"}],"group":"cf-nel","max_age":604800}', 'NEL': '{"success_fraction":0,"report_to":"cf-nel","max_age":604800}', 'Server': 'cloudflare', 'CF-RAY': '8aa67fd1cc30fade-SJC', 'alt-svc': 'h3=":443"; ma=86400'} 
 body={"results":[{"gender":"female","name":{"title":"Mrs","first":"Abigail","last":"Lord"},"location":{"street":{"number":4476,"name":"York Road"},"city":"Limerick","state":"Dún Laoghaire–Rathdown","country":"Ireland","postcode":99395,"coordinates":{"latitude":"3.2873","longitude":"13.3716"},"timezone":{"offset":"-8:00","description":"Pacific Time (US &amp; Canada)"}},"email":"abigail.lord@example.com","login":{"uuid":"08627f84-ff19-49dc-aeca-52e805cd0b99","username":"purplegoose245","password":"senna","salt":"8gLLZUx4","md5":"175b8112011bcaf2a0455a0be5962342","sha1":"c8456c21032c17efd617f317450e3c8785dd44af","sha256":"929eb7c05c1bc95c52421491ec9491879a66849af9ba7a8d2cef1d5b4f58a50a"},"dob":{"date":"1996-01-29T17:16:33.359Z","age":28},"registered":{"date":"2012-08-24T06:27:02.812Z","age":11},"phone":"031-880-7554","cell":"081-302-9762","id":{"name":"PPS","value":"3874022T"},"picture":{"large":"https://randomuser.me/api/portraits/women/0.jpg","medium":"https://randomuser.me/api/portraits/med/women/0.jpg","thumbnail":"https://randomuser.me/api/portraits/thumb/women/0.jpg"},"nat":"IE"}],"info":{"seed":"94c5f13ca16a101d","results":1,"page":1,"version":"1.4"}} 
 </msg>
<msg time="2024-07-28T17:13:21.468455" level="INFO">/opt/hostedtoolcache/Python/3.12.4/x64/lib/python3.12/site-packages/urllib3/connectionpool.py:1099: InsecureRequestWarning: Unverified HTTPS request is being made to host 'randomuser.me'. Adding certificate verification is strongly advised. See: https://urllib3.readthedocs.io/en/latest/advanced-usage.html#tls-warnings
  warnings.warn(</msg>
<msg time="2024-07-28T17:13:21.468716" level="INFO">${response} = &lt;Response [200]&gt;</msg>
<var>${response}</var>
<arg>consultarAPI</arg>
<arg>/api</arg>
<doc>Sends a GET request on a previously created HTTP Session.</doc>
<status status="PASS" start="2024-07-28T17:13:20.894676" elapsed="0.574088"/>
</kw>
<kw name="Should Be Equal As Numbers" owner="BuiltIn">
<msg time="2024-07-28T17:13:21.469927" level="INFO">Argument types are:
&lt;class 'int'&gt;
&lt;class 'str'&gt;</msg>
<arg>${response.status_code}</arg>
<arg>200</arg>
<doc>Fails if objects are unequal after converting them to real numbers.</doc>
<status status="PASS" start="2024-07-28T17:13:21.469400" elapsed="0.000605"/>
</kw>
<kw name="Log" owner="BuiltIn">
<msg time="2024-07-28T17:13:21.470783" level="INFO">200</msg>
<arg>${response.status_code}</arg>
<doc>Logs the given message with the given level.</doc>
<status status="PASS" start="2024-07-28T17:13:21.470394" elapsed="0.000433"/>
</kw>
<kw name="Set Variable" owner="BuiltIn">
<msg time="2024-07-28T17:13:21.471613" level="INFO">${json_data} = {'results': [{'gender': 'female', 'name': {'title': 'Mrs', 'first': 'Abigail', 'last': 'Lord'}, 'location': {'street': {'number': 4476, 'name': 'York Road'}, 'city': 'Limerick', 'state': 'Dún Laoghair...</msg>
<var>${json_data}</var>
<arg>${response.json()}</arg>
<doc>Returns the given values which can then be assigned to a variables.</doc>
<status status="PASS" start="2024-07-28T17:13:21.471147" elapsed="0.000499"/>
</kw>
<kw name="Dictionary Should Contain Key" owner="Collections">
<arg>${json_data}</arg>
<arg>results</arg>
<doc>Fails if ``key`` is not found from ``dictionary``.</doc>
<status status="PASS" start="2024-07-28T17:13:21.471973" elapsed="0.000357"/>
</kw>
<status status="PASS" start="2024-07-28T17:13:20.894352" elapsed="0.578138"/>
</kw>
<doc>Testa se a API responde corretamente e retorna um objeto JSON válido.</doc>
<tag>testeRequisicaoBasica</tag>
<status status="PASS" start="2024-07-28T17:13:20.893762" elapsed="0.578906"/>
</test>
<test id="s1-s1-t3" name="Validar estrutura de resposta" line="22">
<kw name="Teste de Estrutura de Resposta" owner="random-user-service">
<kw name="GET On Session" owner="RequestsLibrary">
<msg time="2024-07-28T17:13:21.752714" level="INFO">GET Request : url=https://randomuser.me/api 
 path_url=/api 
 headers={'User-Agent': 'python-requests/2.32.3', 'Accept-Encoding': 'gzip, deflate', 'Accept': '*/*', 'Connection': 'keep-alive'} 
 body=None 
 </msg>
<msg time="2024-07-28T17:13:21.752847" level="INFO">GET Response : url=https://randomuser.me/api 
 status=200, reason=OK 
 headers={'Date': 'Sun, 28 Jul 2024 17:13:21 GMT', 'Content-Type': 'application/json; charset=utf-8', 'Transfer-Encoding': 'chunked', 'Connection': 'keep-alive', 'X-Powered-By': 'Express', 'Access-Control-Allow-Origin': '*', 'Cache-Control': 'no-cache', 'ETag': 'W/"485-n41TAhgyFAF2iIwaj2yRA8OM/ow"', 'Vary': 'Accept-Encoding', 'Content-Encoding': 'gzip', 'CF-Cache-Status': 'DYNAMIC', 'Report-To': '{"endpoints":[{"url":"https:\\/\\/a.nel.cloudflare.com\\/report\\/v4?s=VIJCd1rIKp5pmke4XxAUCL7zhIhlVbC%2Ftv%2Fw%2FHBsg%2Fa5mGTXQtlhSbCxyqm%2F0ZRjrZf8XKqF7bJTDwdX0AEUGMzFszIJ501dM%2Fleja0J9i7akhRgHg0rHisX4x8ioQzU"}],"group":"cf-nel","max_age":604800}', 'NEL': '{"success_fraction":0,"report_to":"cf-nel","max_age":604800}', 'Server': 'cloudflare', 'CF-RAY': '8aa67fd53f38fade-SJC', 'alt-svc': 'h3=":443"; ma=86400'} 
 body={"results":[{"gender":"female","name":{"title":"Miss","first":"Maëlyne","last":"Colin"},"location":{"street":{"number":702,"name":"Avenue Jean-Jaurès"},"city":"Le Mans","state":"Manche","country":"France","postcode":66792,"coordinates":{"latitude":"-15.7506","longitude":"102.7407"},"timezone":{"offset":"+4:30","description":"Kabul"}},"email":"maelyne.colin@example.com","login":{"uuid":"c20a116a-af90-4b73-b10e-770384f52e5d","username":"tinyladybug499","password":"1218","salt":"0MaQBmEe","md5":"3df9dab1ebf6f4c2cd27f2c1c846f5dd","sha1":"4a64806502a48db56f6713b2546d3c1fc0da1e92","sha256":"eace2bdad67c2b923722d11fb1c730064ddaef2d4280ba65fdd830735d0cbef9"},"dob":{"date":"1946-03-01T00:31:41.582Z","age":78},"registered":{"date":"2006-06-26T10:47:24.176Z","age":18},"phone":"02-93-18-38-75","cell":"06-45-57-40-38","id":{"name":"INSEE","value":"2460187722185 46"},"picture":{"large":"https://randomuser.me/api/portraits/women/51.jpg","medium":"https://randomuser.me/api/portraits/med/women/51.jpg","thumbnail":"https://randomuser.me/api/portraits/thumb/women/51.jpg"},"nat":"FR"}],"info":{"seed":"8b0368c420b75dd4","results":1,"page":1,"version":"1.4"}} 
 </msg>
<msg time="2024-07-28T17:13:21.753027" level="INFO">/opt/hostedtoolcache/Python/3.12.4/x64/lib/python3.12/site-packages/urllib3/connectionpool.py:1099: InsecureRequestWarning: Unverified HTTPS request is being made to host 'randomuser.me'. Adding certificate verification is strongly advised. See: https://urllib3.readthedocs.io/en/latest/advanced-usage.html#tls-warnings
  warnings.warn(</msg>
<msg time="2024-07-28T17:13:21.753237" level="INFO">${response} = &lt;Response [200]&gt;</msg>
<var>${response}</var>
<arg>consultarAPI</arg>
<arg>/api</arg>
<doc>Sends a GET request on a previously created HTTP Session.</doc>
<status status="PASS" start="2024-07-28T17:13:21.475392" elapsed="0.277896"/>
</kw>
<kw name="Set Variable" owner="BuiltIn">
<msg time="2024-07-28T17:13:21.754451" level="INFO">${json_data} = {'results': [{'gender': 'female', 'name': {'title': 'Miss', 'first': 'Maëlyne', 'last': 'Colin'}, 'location': {'street': {'number': 702, 'name': 'Avenue Jean-Jaurès'}, 'city': 'Le Mans', 'state': 'Man...</msg>
<var>${json_data}</var>
<arg>${response.json()}</arg>
<doc>Returns the given values which can then be assigned to a variables.</doc>
<status status="PASS" start="2024-07-28T17:13:21.753855" elapsed="0.000628"/>
</kw>
<kw name="Log" owner="BuiltIn">
<msg time="2024-07-28T17:13:21.754986" level="INFO">{'results': [{'gender': 'female', 'name': {'title': 'Miss', 'first': 'Maëlyne', 'last': 'Colin'}, 'location': {'street': {'number': 702, 'name': 'Avenue Jean-Jaurès'}, 'city': 'Le Mans', 'state': 'Manche', 'country': 'France', 'postcode': 66792, 'coordinates': {'latitude': '-15.7506', 'longitude': '102.7407'}, 'timezone': {'offset': '+4:30', 'description': 'Kabul'}}, 'email': 'maelyne.colin@example.com', 'login': {'uuid': 'c20a116a-af90-4b73-b10e-770384f52e5d', 'username': 'tinyladybug499', 'password': '1218', 'salt': '0MaQBmEe', 'md5': '3df9dab1ebf6f4c2cd27f2c1c846f5dd', 'sha1': '4a64806502a48db56f6713b2546d3c1fc0da1e92', 'sha256': 'eace2bdad67c2b923722d11fb1c730064ddaef2d4280ba65fdd830735d0cbef9'}, 'dob': {'date': '1946-03-01T00:31:41.582Z', 'age': 78}, 'registered': {'date': '2006-06-26T10:47:24.176Z', 'age': 18}, 'phone': '02-93-18-38-75', 'cell': '06-45-57-40-38', 'id': {'name': 'INSEE', 'value': '2460187722185 46'}, 'picture': {'large': 'https://randomuser.me/api/portraits/women/51.jpg', 'medium': 'https://randomuser.me/api/portraits/med/women/51.jpg', 'thumbnail': 'https://randomuser.me/api/portraits/thumb/women/51.jpg'}, 'nat': 'FR'}], 'info': {'seed': '8b0368c420b75dd4', 'results': 1, 'page': 1, 'version': '1.4'}}</msg>
<arg>${json_data}</arg>
<doc>Logs the given message with the given level.</doc>
<status status="PASS" start="2024-07-28T17:13:21.754804" elapsed="0.000238"/>
</kw>
<kw name="Dictionary Should Contain Key" owner="Collections">
<arg>${json_data}</arg>
<arg>results</arg>
<doc>Fails if ``key`` is not found from ``dictionary``.</doc>
<status status="PASS" start="2024-07-28T17:13:21.755340" elapsed="0.000169"/>
</kw>
<kw name="Should Not Be Empty" owner="BuiltIn">
<msg time="2024-07-28T17:13:21.755823" level="INFO">Length is 2.</msg>
<arg>${json_data}</arg>
<doc>Verifies that the given item is not empty.</doc>
<status status="PASS" start="2024-07-28T17:13:21.755698" elapsed="0.000162"/>
</kw>
<kw name="Create List" owner="BuiltIn">
<msg time="2024-07-28T17:13:21.756307" level="INFO">${expected_keys} = ['gender', 'name', 'location', 'email', 'login']</msg>
<var>${expected_keys}</var>
<arg>gender</arg>
<arg>name</arg>
<arg>location</arg>
<arg>email</arg>
<arg>login</arg>
<doc>Returns a list containing given items.</doc>
<status status="PASS" start="2024-07-28T17:13:21.756151" elapsed="0.000180"/>
</kw>
<for flavor="IN">
<iter>
<kw name="Dictionary Should Contain Key" owner="Collections">
<arg>${json_data['results'][0]}</arg>
<arg>${key}</arg>
<doc>Fails if ``key`` is not found from ``dictionary``.</doc>
<status status="PASS" start="2024-07-28T17:13:21.756943" elapsed="0.000494"/>
</kw>
<kw name="Log" owner="BuiltIn">
<msg time="2024-07-28T17:13:21.758024" level="INFO">{'gender': 'female', 'name': {'title': 'Miss', 'first': 'Maëlyne', 'last': 'Colin'}, 'location': {'street': {'number': 702, 'name': 'Avenue Jean-Jaurès'}, 'city': 'Le Mans', 'state': 'Manche', 'country': 'France', 'postcode': 66792, 'coordinates': {'latitude': '-15.7506', 'longitude': '102.7407'}, 'timezone': {'offset': '+4:30', 'description': 'Kabul'}}, 'email': 'maelyne.colin@example.com', 'login': {'uuid': 'c20a116a-af90-4b73-b10e-770384f52e5d', 'username': 'tinyladybug499', 'password': '1218', 'salt': '0MaQBmEe', 'md5': '3df9dab1ebf6f4c2cd27f2c1c846f5dd', 'sha1': '4a64806502a48db56f6713b2546d3c1fc0da1e92', 'sha256': 'eace2bdad67c2b923722d11fb1c730064ddaef2d4280ba65fdd830735d0cbef9'}, 'dob': {'date': '1946-03-01T00:31:41.582Z', 'age': 78}, 'registered': {'date': '2006-06-26T10:47:24.176Z', 'age': 18}, 'phone': '02-93-18-38-75', 'cell': '06-45-57-40-38', 'id': {'name': 'INSEE', 'value': '2460187722185 46'}, 'picture': {'large': 'https://randomuser.me/api/portraits/women/51.jpg', 'medium': 'https://randomuser.me/api/portraits/med/women/51.jpg', 'thumbnail': 'https://randomuser.me/api/portraits/thumb/women/51.jpg'}, 'nat': 'FR'}</msg>
<arg>${json_data['results'][0]}</arg>
<doc>Logs the given message with the given level.</doc>
<status status="PASS" start="2024-07-28T17:13:21.757644" elapsed="0.000441"/>
</kw>
<kw name="Log" owner="BuiltIn">
<msg time="2024-07-28T17:13:21.758531" level="INFO">gender</msg>
<arg>${key}</arg>
<doc>Logs the given message with the given level.</doc>
<status status="PASS" start="2024-07-28T17:13:21.758398" elapsed="0.000172"/>
</kw>
<var name="${key}">gender</var>
<status status="PASS" start="2024-07-28T17:13:21.756812" elapsed="0.001989"/>
</iter>
<iter>
<kw name="Dictionary Should Contain Key" owner="Collections">
<arg>${json_data['results'][0]}</arg>
<arg>${key}</arg>
<doc>Fails if ``key`` is not found from ``dictionary``.</doc>
<status status="PASS" start="2024-07-28T17:13:21.759112" elapsed="0.000390"/>
</kw>
<kw name="Log" owner="BuiltIn">
<msg time="2024-07-28T17:13:21.760046" level="INFO">{'gender': 'female', 'name': {'title': 'Miss', 'first': 'Maëlyne', 'last': 'Colin'}, 'location': {'street': {'number': 702, 'name': 'Avenue Jean-Jaurès'}, 'city': 'Le Mans', 'state': 'Manche', 'country': 'France', 'postcode': 66792, 'coordinates': {'latitude': '-15.7506', 'longitude': '102.7407'}, 'timezone': {'offset': '+4:30', 'description': 'Kabul'}}, 'email': 'maelyne.colin@example.com', 'login': {'uuid': 'c20a116a-af90-4b73-b10e-770384f52e5d', 'username': 'tinyladybug499', 'password': '1218', 'salt': '0MaQBmEe', 'md5': '3df9dab1ebf6f4c2cd27f2c1c846f5dd', 'sha1': '4a64806502a48db56f6713b2546d3c1fc0da1e92', 'sha256': 'eace2bdad67c2b923722d11fb1c730064ddaef2d4280ba65fdd830735d0cbef9'}, 'dob': {'date': '1946-03-01T00:31:41.582Z', 'age': 78}, 'registered': {'date': '2006-06-26T10:47:24.176Z', 'age': 18}, 'phone': '02-93-18-38-75', 'cell': '06-45-57-40-38', 'id': {'name': 'INSEE', 'value': '2460187722185 46'}, 'picture': {'large': 'https://randomuser.me/api/portraits/women/51.jpg', 'medium': 'https://randomuser.me/api/portraits/med/women/51.jpg', 'thumbnail': 'https://randomuser.me/api/portraits/thumb/women/51.jpg'}, 'nat': 'FR'}</msg>
<arg>${json_data['results'][0]}</arg>
<doc>Logs the given message with the given level.</doc>
<status status="PASS" start="2024-07-28T17:13:21.759686" elapsed="0.000449"/>
</kw>
<kw name="Log" owner="BuiltIn">
<msg time="2024-07-28T17:13:21.760573" level="INFO">name</msg>
<arg>${key}</arg>
<doc>Logs the given message with the given level.</doc>
<status status="PASS" start="2024-07-28T17:13:21.760441" elapsed="0.000170"/>
</kw>
<var name="${key}">name</var>
<status status="PASS" start="2024-07-28T17:13:21.758995" elapsed="0.001836"/>
</iter>
<iter>
<kw name="Dictionary Should Contain Key" owner="Collections">
<arg>${json_data['results'][0]}</arg>
<arg>${key}</arg>
<doc>Fails if ``key`` is not found from ``dictionary``.</doc>
<status status="PASS" start="2024-07-28T17:13:21.761154" elapsed="0.000399"/>
</kw>
<kw name="Log" owner="BuiltIn">
<msg time="2024-07-28T17:13:21.762097" level="INFO">{'gender': 'female', 'name': {'title': 'Miss', 'first': 'Maëlyne', 'last': 'Colin'}, 'location': {'street': {'number': 702, 'name': 'Avenue Jean-Jaurès'}, 'city': 'Le Mans', 'state': 'Manche', 'country': 'France', 'postcode': 66792, 'coordinates': {'latitude': '-15.7506', 'longitude': '102.7407'}, 'timezone': {'offset': '+4:30', 'description': 'Kabul'}}, 'email': 'maelyne.colin@example.com', 'login': {'uuid': 'c20a116a-af90-4b73-b10e-770384f52e5d', 'username': 'tinyladybug499', 'password': '1218', 'salt': '0MaQBmEe', 'md5': '3df9dab1ebf6f4c2cd27f2c1c846f5dd', 'sha1': '4a64806502a48db56f6713b2546d3c1fc0da1e92', 'sha256': 'eace2bdad67c2b923722d11fb1c730064ddaef2d4280ba65fdd830735d0cbef9'}, 'dob': {'date': '1946-03-01T00:31:41.582Z', 'age': 78}, 'registered': {'date': '2006-06-26T10:47:24.176Z', 'age': 18}, 'phone': '02-93-18-38-75', 'cell': '06-45-57-40-38', 'id': {'name': 'INSEE', 'value': '2460187722185 46'}, 'picture': {'large': 'https://randomuser.me/api/portraits/women/51.jpg', 'medium': 'https://randomuser.me/api/portraits/med/women/51.jpg', 'thumbnail': 'https://randomuser.me/api/portraits/thumb/women/51.jpg'}, 'nat': 'FR'}</msg>
<arg>${json_data['results'][0]}</arg>
<doc>Logs the given message with the given level.</doc>
<status status="PASS" start="2024-07-28T17:13:21.761743" elapsed="0.000407"/>
</kw>
<kw name="Log" owner="BuiltIn">
<msg time="2024-07-28T17:13:21.762577" level="INFO">location</msg>
<arg>${key}</arg>
<doc>Logs the given message with the given level.</doc>
<status status="PASS" start="2024-07-28T17:13:21.762450" elapsed="0.000165"/>
</kw>
<var name="${key}">location</var>
<status status="PASS" start="2024-07-28T17:13:21.761009" elapsed="0.001826"/>
</iter>
<iter>
<kw name="Dictionary Should Contain Key" owner="Collections">
<arg>${json_data['results'][0]}</arg>
<arg>${key}</arg>
<doc>Fails if ``key`` is not found from ``dictionary``.</doc>
<status status="PASS" start="2024-07-28T17:13:21.763122" elapsed="0.000384"/>
</kw>
<kw name="Log" owner="BuiltIn">
<msg time="2024-07-28T17:13:21.764191" level="INFO">{'gender': 'female', 'name': {'title': 'Miss', 'first': 'Maëlyne', 'last': 'Colin'}, 'location': {'street': {'number': 702, 'name': 'Avenue Jean-Jaurès'}, 'city': 'Le Mans', 'state': 'Manche', 'country': 'France', 'postcode': 66792, 'coordinates': {'latitude': '-15.7506', 'longitude': '102.7407'}, 'timezone': {'offset': '+4:30', 'description': 'Kabul'}}, 'email': 'maelyne.colin@example.com', 'login': {'uuid': 'c20a116a-af90-4b73-b10e-770384f52e5d', 'username': 'tinyladybug499', 'password': '1218', 'salt': '0MaQBmEe', 'md5': '3df9dab1ebf6f4c2cd27f2c1c846f5dd', 'sha1': '4a64806502a48db56f6713b2546d3c1fc0da1e92', 'sha256': 'eace2bdad67c2b923722d11fb1c730064ddaef2d4280ba65fdd830735d0cbef9'}, 'dob': {'date': '1946-03-01T00:31:41.582Z', 'age': 78}, 'registered': {'date': '2006-06-26T10:47:24.176Z', 'age': 18}, 'phone': '02-93-18-38-75', 'cell': '06-45-57-40-38', 'id': {'name': 'INSEE', 'value': '2460187722185 46'}, 'picture': {'large': 'https://randomuser.me/api/portraits/women/51.jpg', 'medium': 'https://randomuser.me/api/portraits/med/women/51.jpg', 'thumbnail': 'https://randomuser.me/api/portraits/thumb/women/51.jpg'}, 'nat': 'FR'}</msg>
<arg>${json_data['results'][0]}</arg>
<doc>Logs the given message with the given level.</doc>
<status status="PASS" start="2024-07-28T17:13:21.763829" elapsed="0.000414"/>
</kw>
<kw name="Log" owner="BuiltIn">
<msg time="2024-07-28T17:13:21.764675" level="INFO">email</msg>
<arg>${key}</arg>
<doc>Logs the given message with the given level.</doc>
<status status="PASS" start="2024-07-28T17:13:21.764544" elapsed="0.000170"/>
</kw>
<var name="${key}">email</var>
<status status="PASS" start="2024-07-28T17:13:21.763010" elapsed="0.001924"/>
</iter>
<iter>
<kw name="Dictionary Should Contain Key" owner="Collections">
<arg>${json_data['results'][0]}</arg>
<arg>${key}</arg>
<doc>Fails if ``key`` is not found from ``dictionary``.</doc>
<status status="PASS" start="2024-07-28T17:13:21.765263" elapsed="0.000382"/>
</kw>
<kw name="Log" owner="BuiltIn">
<msg time="2024-07-28T17:13:21.766187" level="INFO">{'gender': 'female', 'name': {'title': 'Miss', 'first': 'Maëlyne', 'last': 'Colin'}, 'location': {'street': {'number': 702, 'name': 'Avenue Jean-Jaurès'}, 'city': 'Le Mans', 'state': 'Manche', 'country': 'France', 'postcode': 66792, 'coordinates': {'latitude': '-15.7506', 'longitude': '102.7407'}, 'timezone': {'offset': '+4:30', 'description': 'Kabul'}}, 'email': 'maelyne.colin@example.com', 'login': {'uuid': 'c20a116a-af90-4b73-b10e-770384f52e5d', 'username': 'tinyladybug499', 'password': '1218', 'salt': '0MaQBmEe', 'md5': '3df9dab1ebf6f4c2cd27f2c1c846f5dd', 'sha1': '4a64806502a48db56f6713b2546d3c1fc0da1e92', 'sha256': 'eace2bdad67c2b923722d11fb1c730064ddaef2d4280ba65fdd830735d0cbef9'}, 'dob': {'date': '1946-03-01T00:31:41.582Z', 'age': 78}, 'registered': {'date': '2006-06-26T10:47:24.176Z', 'age': 18}, 'phone': '02-93-18-38-75', 'cell': '06-45-57-40-38', 'id': {'name': 'INSEE', 'value': '2460187722185 46'}, 'picture': {'large': 'https://randomuser.me/api/portraits/women/51.jpg', 'medium': 'https://randomuser.me/api/portraits/med/women/51.jpg', 'thumbnail': 'https://randomuser.me/api/portraits/thumb/women/51.jpg'}, 'nat': 'FR'}</msg>
<arg>${json_data['results'][0]}</arg>
<doc>Logs the given message with the given level.</doc>
<status status="PASS" start="2024-07-28T17:13:21.765829" elapsed="0.000418"/>
</kw>
<kw name="Log" owner="BuiltIn">
<msg time="2024-07-28T17:13:21.766682" level="INFO">login</msg>
<arg>${key}</arg>
<doc>Logs the given message with the given level.</doc>
<status status="PASS" start="2024-07-28T17:13:21.766551" elapsed="0.000169"/>
</kw>
<var name="${key}">login</var>
<status status="PASS" start="2024-07-28T17:13:21.765144" elapsed="0.001793"/>
</iter>
<var>${key}</var>
<value>@{expected_keys}</value>
<status status="PASS" start="2024-07-28T17:13:21.756602" elapsed="0.010458"/>
</for>
<kw name="Create List" owner="BuiltIn">
<msg time="2024-07-28T17:13:21.767398" level="INFO">${expected_keysTwo} = ['username', 'password']</msg>
<var>${expected_keysTwo}</var>
<arg>username</arg>
<arg>password</arg>
<doc>Returns a list containing given items.</doc>
<status status="PASS" start="2024-07-28T17:13:21.767259" elapsed="0.000165"/>
</kw>
<for flavor="IN">
<iter>
<kw name="Dictionary Should Contain Key" owner="Collections">
<arg>${json_data['results'][0]['login']}</arg>
<arg>${keyTwo}</arg>
<doc>Fails if ``key`` is not found from ``dictionary``.</doc>
<status status="PASS" start="2024-07-28T17:13:21.767961" elapsed="0.000401"/>
</kw>
<kw name="Dictionary Should Contain Key" owner="Collections">
<arg>${json_data['results'][0]['login']}</arg>
<arg>${keyTwo}</arg>
<doc>Fails if ``key`` is not found from ``dictionary``.</doc>
<status status="PASS" start="2024-07-28T17:13:21.768545" elapsed="0.000376"/>
</kw>
<kw name="Log" owner="BuiltIn">
<msg time="2024-07-28T17:13:21.769253" level="INFO">username</msg>
<arg>${keyTwo}</arg>
<doc>Logs the given message with the given level.</doc>
<status status="PASS" start="2024-07-28T17:13:21.769126" elapsed="0.000165"/>
</kw>
<var name="${keyTwo}">username</var>
<status status="PASS" start="2024-07-28T17:13:21.767855" elapsed="0.001660"/>
</iter>
<iter>
<kw name="Dictionary Should Contain Key" owner="Collections">
<arg>${json_data['results'][0]['login']}</arg>
<arg>${keyTwo}</arg>
<doc>Fails if ``key`` is not found from ``dictionary``.</doc>
<status status="PASS" start="2024-07-28T17:13:21.769813" elapsed="0.000380"/>
</kw>
<kw name="Dictionary Should Contain Key" owner="Collections">
<arg>${json_data['results'][0]['login']}</arg>
<arg>${keyTwo}</arg>
<doc>Fails if ``key`` is not found from ``dictionary``.</doc>
<status status="PASS" start="2024-07-28T17:13:21.770372" elapsed="0.000382"/>
</kw>
<kw name="Log" owner="BuiltIn">
<msg time="2024-07-28T17:13:21.771063" level="INFO">password</msg>
<arg>${keyTwo}</arg>
<doc>Logs the given message with the given level.</doc>
<status status="PASS" start="2024-07-28T17:13:21.770932" elapsed="0.000170"/>
</kw>
<var name="${keyTwo}">password</var>
<status status="PASS" start="2024-07-28T17:13:21.769687" elapsed="0.001643"/>
</iter>
<var>${keyTwo}</var>
<value>@{expected_keysTwo}</value>
<status status="PASS" start="2024-07-28T17:13:21.767694" elapsed="0.003758"/>
</for>
<status status="PASS" start="2024-07-28T17:13:21.475149" elapsed="0.296449"/>
</kw>
<doc>Testa a estrutura da resposta da API.</doc>
<tag>testeEstruturaResposta</tag>
<status status="PASS" start="2024-07-28T17:13:21.474617" elapsed="0.297143"/>
</test>
<test id="s1-s1-t4" name="Validar tipos de dados" line="28">
<kw name="Teste de Tipos de Dados" owner="random-user-service">
<kw name="GET On Session" owner="RequestsLibrary">
<msg time="2024-07-28T17:13:21.960231" level="INFO">GET Request : url=https://randomuser.me/api 
 path_url=/api 
 headers={'User-Agent': 'python-requests/2.32.3', 'Accept-Encoding': 'gzip, deflate', 'Accept': '*/*', 'Connection': 'keep-alive'} 
 body=None 
 </msg>
<msg time="2024-07-28T17:13:21.960357" level="INFO">GET Response : url=https://randomuser.me/api 
 status=200, reason=OK 
 headers={'Date': 'Sun, 28 Jul 2024 17:13:21 GMT', 'Content-Type': 'application/json; charset=utf-8', 'Transfer-Encoding': 'chunked', 'Connection': 'keep-alive', 'X-Powered-By': 'Express', 'Access-Control-Allow-Origin': '*', 'Cache-Control': 'no-cache', 'ETag': 'W/"47e-a31abL0hmpGzL0SzJ90xcY+8Ug4"', 'Vary': 'Accept-Encoding', 'Content-Encoding': 'gzip', 'CF-Cache-Status': 'DYNAMIC', 'Report-To': '{"endpoints":[{"url":"https:\\/\\/a.nel.cloudflare.com\\/report\\/v4?s=7ms626gOe14kBceCBpTzowSDU6ufCjd6Bi3r9CEro%2FNRp0ZQjkoWQW4GOu2J6HLm40CPDRbgXDuRZ3stvyiDgyn011ZSAvyuyVIVPHCENo9Hb30pkof41jQ5p%2FqBLra%2F"}],"group":"cf-nel","max_age":604800}', 'NEL': '{"success_fraction":0,"report_to":"cf-nel","max_age":604800}', 'Server': 'cloudflare', 'CF-RAY': '8aa67fd7192cfade-SJC', 'alt-svc': 'h3=":443"; ma=86400'} 
 body={"results":[{"gender":"male","name":{"title":"Mr","first":"Lécio","last":"Rocha"},"location":{"street":{"number":1595,"name":"Rua Dois"},"city":"Itapevi","state":"Roraima","country":"Brazil","postcode":13103,"coordinates":{"latitude":"-77.1627","longitude":"-91.6102"},"timezone":{"offset":"+7:00","description":"Bangkok, Hanoi, Jakarta"}},"email":"lecio.rocha@example.com","login":{"uuid":"9dc246d0-7b22-4a9c-b60d-03dd40234f97","username":"angrysnake141","password":"graphics","salt":"DQihPMU9","md5":"fa2000589447b430bee7fd6b7312e704","sha1":"093b0dec92d1badfc728a8cdf45a7c3ce1926a3e","sha256":"4a1ce9d09beb2482e2cd9eb319230143228276e245ef34b4bded11c0706457b4"},"dob":{"date":"1958-07-12T07:01:55.501Z","age":66},"registered":{"date":"2018-12-22T17:50:59.413Z","age":5},"phone":"(20) 1229-6471","cell":"(66) 7874-0630","id":{"name":"CPF","value":"595.312.925-20"},"picture":{"large":"https://randomuser.me/api/portraits/men/85.jpg","medium":"https://randomuser.me/api/portraits/med/men/85.jpg","thumbnail":"https://randomuser.me/api/portraits/thumb/men/85.jpg"},"nat":"BR"}],"info":{"seed":"a983bcd3a9e761ec","results":1,"page":1,"version":"1.4"}} 
 </msg>
<msg time="2024-07-28T17:13:21.960453" level="INFO">/opt/hostedtoolcache/Python/3.12.4/x64/lib/python3.12/site-packages/urllib3/connectionpool.py:1099: InsecureRequestWarning: Unverified HTTPS request is being made to host 'randomuser.me'. Adding certificate verification is strongly advised. See: https://urllib3.readthedocs.io/en/latest/advanced-usage.html#tls-warnings
  warnings.warn(</msg>
<msg time="2024-07-28T17:13:21.960610" level="INFO">${response} = &lt;Response [200]&gt;</msg>
<var>${response}</var>
<arg>consultarAPI</arg>
<arg>/api</arg>
<doc>Sends a GET request on a previously created HTTP Session.</doc>
<status status="PASS" start="2024-07-28T17:13:21.774316" elapsed="0.186343"/>
</kw>
<kw name="Set Variable" owner="BuiltIn">
<msg time="2024-07-28T17:13:21.962223" level="INFO">${json_data} = {'results': [{'gender': 'male', 'name': {'title': 'Mr', 'first': 'Lécio', 'last': 'Rocha'}, 'location': {'street': {'number': 1595, 'name': 'Rua Dois'}, 'city': 'Itapevi', 'state': 'Roraima', 'country...</msg>
<var>${json_data}</var>
<arg>${response.json()}</arg>
<doc>Returns the given values which can then be assigned to a variables.</doc>
<status status="PASS" start="2024-07-28T17:13:21.961522" elapsed="0.000733"/>
</kw>
<kw name="Log" owner="BuiltIn">
<msg time="2024-07-28T17:13:21.962759" level="INFO">{'results': [{'gender': 'male', 'name': {'title': 'Mr', 'first': 'Lécio', 'last': 'Rocha'}, 'location': {'street': {'number': 1595, 'name': 'Rua Dois'}, 'city': 'Itapevi', 'state': 'Roraima', 'country': 'Brazil', 'postcode': 13103, 'coordinates': {'latitude': '-77.1627', 'longitude': '-91.6102'}, 'timezone': {'offset': '+7:00', 'description': 'Bangkok, Hanoi, Jakarta'}}, 'email': 'lecio.rocha@example.com', 'login': {'uuid': '9dc246d0-7b22-4a9c-b60d-03dd40234f97', 'username': 'angrysnake141', 'password': 'graphics', 'salt': 'DQihPMU9', 'md5': 'fa2000589447b430bee7fd6b7312e704', 'sha1': '093b0dec92d1badfc728a8cdf45a7c3ce1926a3e', 'sha256': '4a1ce9d09beb2482e2cd9eb319230143228276e245ef34b4bded11c0706457b4'}, 'dob': {'date': '1958-07-12T07:01:55.501Z', 'age': 66}, 'registered': {'date': '2018-12-22T17:50:59.413Z', 'age': 5}, 'phone': '(20) 1229-6471', 'cell': '(66) 7874-0630', 'id': {'name': 'CPF', 'value': '595.312.925-20'}, 'picture': {'large': 'https://randomuser.me/api/portraits/men/85.jpg', 'medium': 'https://randomuser.me/api/portraits/med/men/85.jpg', 'thumbnail': 'https://randomuser.me/api/portraits/thumb/men/85.jpg'}, 'nat': 'BR'}], 'info': {'seed': 'a983bcd3a9e761ec', 'results': 1, 'page': 1, 'version': '1.4'}}</msg>
<arg>${json_data}</arg>
<doc>Logs the given message with the given level.</doc>
<status status="PASS" start="2024-07-28T17:13:21.962591" elapsed="0.000220"/>
</kw>
<kw name="Should Be String" owner="String">
<arg>${json_data['results'][0]['gender']}</arg>
<doc>Fails if the given ``item`` is not a string.</doc>
<status status="PASS" start="2024-07-28T17:13:21.963120" elapsed="0.000385"/>
</kw>
<kw name="Should Match Regexp" owner="BuiltIn">
<arg>${json_data['results'][0]['email']}</arg>
<arg>^[a-zA-Z0-9._%+-]+@[a-zA-Z0-9.-]+\.[a-zA-Z]{2,}$</arg>
<doc>Fails if ``string`` does not match ``pattern`` as a regular expression.</doc>
<status status="PASS" start="2024-07-28T17:13:21.963700" elapsed="0.000533"/>
</kw>
<kw name="Should Match Regexp" owner="BuiltIn">
<arg>${json_data['results'][0]['dob']['date']}</arg>
<arg>\\d{4}-\\d{2}-\\d{2}T\\d{2}:\\d{2}:\\d{2}\\.\\d{3}Z</arg>
<doc>Fails if ``string`` does not match ``pattern`` as a regular expression.</doc>
<status status="PASS" start="2024-07-28T17:13:21.964479" elapsed="0.000731"/>
</kw>
<kw name="Should Match Regexp" owner="BuiltIn">
<arg>${json_data['results'][0]['registered']['date']}</arg>
<arg>\\d{4}-\\d{2}-\\d{2}T\\d{2}:\\d{2}:\\d{2}\\.\\d{3}Z</arg>
<doc>Fails if ``string`` does not match ``pattern`` as a regular expression.</doc>
<status status="PASS" start="2024-07-28T17:13:21.965424" elapsed="0.000387"/>
</kw>
<kw name="Should Match Regexp" owner="BuiltIn">
<arg>${json_data['results'][0]['picture']['large']}</arg>
<arg>^https?://.*\.(?:png|jpe?g|gif|bmp)$</arg>
<doc>Fails if ``string`` does not match ``pattern`` as a regular expression.</doc>
<status status="PASS" start="2024-07-28T17:13:21.966000" elapsed="0.000470"/>
</kw>
<kw name="Should Match Regexp" owner="BuiltIn">
<arg>${json_data['results'][0]['picture']['medium']}</arg>
<arg>^https?://.*\.(?:png|jpe?g|gif|bmp)$</arg>
<doc>Fails if ``string`` does not match ``pattern`` as a regular expression.</doc>
<status status="PASS" start="2024-07-28T17:13:21.966663" elapsed="0.000371"/>
</kw>
<kw name="Should Match Regexp" owner="BuiltIn">
<arg>${json_data['results'][0]['picture']['thumbnail']}</arg>
<arg>^https?://.*\.(?:png|jpe?g|gif|bmp)$</arg>
<doc>Fails if ``string`` does not match ``pattern`` as a regular expression.</doc>
<status status="PASS" start="2024-07-28T17:13:21.967217" elapsed="0.000370"/>
</kw>
<kw name="Log" owner="BuiltIn">
<msg time="2024-07-28T17:13:21.968111" level="INFO">{'large': 'https://randomuser.me/api/portraits/men/85.jpg', 'medium': 'https://randomuser.me/api/portraits/med/men/85.jpg', 'thumbnail': 'https://randomuser.me/api/portraits/thumb/men/85.jpg'}</msg>
<arg>${json_data['results'][0]['picture']}</arg>
<doc>Logs the given message with the given level.</doc>
<status status="PASS" start="2024-07-28T17:13:21.967777" elapsed="0.000384"/>
</kw>
<status status="PASS" start="2024-07-28T17:13:21.774082" elapsed="0.194378"/>
</kw>
<kw name="Teste de Tipos de Dados - Postcode" owner="random-user-service">
<kw name="GET On Session" owner="RequestsLibrary">
<msg time="2024-07-28T17:13:22.063219" level="INFO">GET Request : url=https://randomuser.me/api 
 path_url=/api 
 headers={'User-Agent': 'python-requests/2.32.3', 'Accept-Encoding': 'gzip, deflate', 'Accept': '*/*', 'Connection': 'keep-alive'} 
 body=None 
 </msg>
<msg time="2024-07-28T17:13:22.063334" level="INFO">GET Response : url=https://randomuser.me/api 
 status=200, reason=OK 
 headers={'Date': 'Sun, 28 Jul 2024 17:13:22 GMT', 'Content-Type': 'application/json; charset=utf-8', 'Transfer-Encoding': 'chunked', 'Connection': 'keep-alive', 'X-Powered-By': 'Express', 'Access-Control-Allow-Origin': '*', 'Cache-Control': 'no-cache', 'ETag': 'W/"488-S3Nd+Lx3iVb9fJAWh4Z8WExm464"', 'Vary': 'Accept-Encoding', 'Content-Encoding': 'gzip', 'CF-Cache-Status': 'DYNAMIC', 'Report-To': '{"endpoints":[{"url":"https:\\/\\/a.nel.cloudflare.com\\/report\\/v4?s=rPFifkX%2FP%2B15Nse5n%2FnMCMkBOPIMUuPCBXges%2FRFfsdsJipeBAUO1SDNcHLYmCct4SRy%2BsbbHCEV4lResvu72rGmuJMUobGog3MeXUKBIKPs%2F5vUCqHvMK%2BY4GLXLnO2"}],"group":"cf-nel","max_age":604800}', 'NEL': '{"success_fraction":0,"report_to":"cf-nel","max_age":604800}', 'Server': 'cloudflare', 'CF-RAY': '8aa67fd85a46fade-SJC', 'alt-svc': 'h3=":443"; ma=86400'} 
 body={"results":[{"gender":"male","name":{"title":"Mr","first":"Johan","last":"Christiansen"},"location":{"street":{"number":1912,"name":"Holmevej"},"city":"Amager","state":"Nordjylland","country":"Denmark","postcode":97473,"coordinates":{"latitude":"-40.7452","longitude":"-14.7999"},"timezone":{"offset":"+1:00","description":"Brussels, Copenhagen, Madrid, Paris"}},"email":"johan.christiansen@example.com","login":{"uuid":"6173518f-11c6-4f89-8be3-320789603e00","username":"tinyduck304","password":"playa","salt":"efVz9HKV","md5":"a435aae1cc034b021d713d51ed106b49","sha1":"2ec3f81a6f7a04c190c618ca1fe8d98a3fd0aa76","sha256":"2fa7b738b8ab95969b8716a597cf4aff52b4e6200fed212d0c39f118a8845e7b"},"dob":{"date":"1953-02-02T18:29:52.202Z","age":71},"registered":{"date":"2003-02-01T14:52:34.911Z","age":21},"phone":"56302900","cell":"72228012","id":{"name":"CPR","value":"020253-5071"},"picture":{"large":"https://randomuser.me/api/portraits/men/47.jpg","medium":"https://randomuser.me/api/portraits/med/men/47.jpg","thumbnail":"https://randomuser.me/api/portraits/thumb/men/47.jpg"},"nat":"DK"}],"info":{"seed":"c58d3f0c92a70fe4","results":1,"page":1,"version":"1.4"}} 
 </msg>
<msg time="2024-07-28T17:13:22.063422" level="INFO">/opt/hostedtoolcache/Python/3.12.4/x64/lib/python3.12/site-packages/urllib3/connectionpool.py:1099: InsecureRequestWarning: Unverified HTTPS request is being made to host 'randomuser.me'. Adding certificate verification is strongly advised. See: https://urllib3.readthedocs.io/en/latest/advanced-usage.html#tls-warnings
  warnings.warn(</msg>
<msg time="2024-07-28T17:13:22.063568" level="INFO">${response} = &lt;Response [200]&gt;</msg>
<var>${response}</var>
<arg>consultarAPI</arg>
<arg>/api</arg>
<doc>Sends a GET request on a previously created HTTP Session.</doc>
<status status="PASS" start="2024-07-28T17:13:21.968955" elapsed="0.094644"/>
</kw>
<kw name="Set Variable" owner="BuiltIn">
<msg time="2024-07-28T17:13:22.065563" level="INFO">${json_data} = {'results': [{'gender': 'male', 'name': {'title': 'Mr', 'first': 'Johan', 'last': 'Christiansen'}, 'location': {'street': {'number': 1912, 'name': 'Holmevej'}, 'city': 'Amager', 'state': 'Nordjylland'...</msg>
<var>${json_data}</var>
<arg>${response.json()}</arg>
<doc>Returns the given values which can then be assigned to a variables.</doc>
<status status="PASS" start="2024-07-28T17:13:22.064956" elapsed="0.000639"/>
</kw>
<kw name="Log" owner="BuiltIn">
<msg time="2024-07-28T17:13:22.066127" level="INFO">{'results': [{'gender': 'male', 'name': {'title': 'Mr', 'first': 'Johan', 'last': 'Christiansen'}, 'location': {'street': {'number': 1912, 'name': 'Holmevej'}, 'city': 'Amager', 'state': 'Nordjylland', 'country': 'Denmark', 'postcode': 97473, 'coordinates': {'latitude': '-40.7452', 'longitude': '-14.7999'}, 'timezone': {'offset': '+1:00', 'description': 'Brussels, Copenhagen, Madrid, Paris'}}, 'email': 'johan.christiansen@example.com', 'login': {'uuid': '6173518f-11c6-4f89-8be3-320789603e00', 'username': 'tinyduck304', 'password': 'playa', 'salt': 'efVz9HKV', 'md5': 'a435aae1cc034b021d713d51ed106b49', 'sha1': '2ec3f81a6f7a04c190c618ca1fe8d98a3fd0aa76', 'sha256': '2fa7b738b8ab95969b8716a597cf4aff52b4e6200fed212d0c39f118a8845e7b'}, 'dob': {'date': '1953-02-02T18:29:52.202Z', 'age': 71}, 'registered': {'date': '2003-02-01T14:52:34.911Z', 'age': 21}, 'phone': '56302900', 'cell': '72228012', 'id': {'name': 'CPR', 'value': '020253-5071'}, 'picture': {'large': 'https://randomuser.me/api/portraits/men/47.jpg', 'medium': 'https://randomuser.me/api/portraits/med/men/47.jpg', 'thumbnail': 'https://randomuser.me/api/portraits/thumb/men/47.jpg'}, 'nat': 'DK'}], 'info': {'seed': 'c58d3f0c92a70fe4', 'results': 1, 'page': 1, 'version': '1.4'}}</msg>
<arg>${json_data}</arg>
<doc>Logs the given message with the given level.</doc>
<status status="PASS" start="2024-07-28T17:13:22.065954" elapsed="0.000233"/>
</kw>
<kw name="Should Be Equal As Numbers" owner="BuiltIn">
<arg>${json_data['results'][0]['location']['postcode']}</arg>
<arg>${json_data['results'][0]['location']['postcode']}</arg>
<doc>Fails if objects are unequal after converting them to real numbers.</doc>
<status status="PASS" start="2024-07-28T17:13:22.066516" elapsed="0.000660"/>
</kw>
<kw name="Log" owner="BuiltIn">
<msg time="2024-07-28T17:13:22.067739" level="INFO">97473</msg>
<arg>${json_data['results'][0]['location']['postcode']}</arg>
<doc>Logs the given message with the given level.</doc>
<status status="PASS" start="2024-07-28T17:13:22.067383" elapsed="0.000401"/>
</kw>
<status status="PASS" start="2024-07-28T17:13:21.968699" elapsed="0.099403"/>
</kw>
<doc>Testa se os tipos de dados na resposta da API estão corretos.</doc>
<tag>testeTiposDados</tag>
<status status="PASS" start="2024-07-28T17:13:21.773592" elapsed="0.294693"/>
</test>
<test id="s1-s1-t5" name="Validar conteudo" line="35">
<kw name="Teste de Tipos de Conteudo" owner="random-user-service">
<kw name="GET On Session" owner="RequestsLibrary">
<msg time="2024-07-28T17:13:22.193558" level="INFO">GET Request : url=https://randomuser.me/api 
 path_url=/api 
 headers={'User-Agent': 'python-requests/2.32.3', 'Accept-Encoding': 'gzip, deflate', 'Accept': '*/*', 'Connection': 'keep-alive'} 
 body=None 
 </msg>
<msg time="2024-07-28T17:13:22.193677" level="INFO">GET Response : url=https://randomuser.me/api 
 status=200, reason=OK 
 headers={'Date': 'Sun, 28 Jul 2024 17:13:22 GMT', 'Content-Type': 'application/json; charset=utf-8', 'Transfer-Encoding': 'chunked', 'Connection': 'keep-alive', 'X-Powered-By': 'Express', 'Access-Control-Allow-Origin': '*', 'Cache-Control': 'no-cache', 'ETag': 'W/"477-FIL19aE8PKN8vO5NzXkbdH2Q9YM"', 'Vary': 'Accept-Encoding', 'Content-Encoding': 'gzip', 'CF-Cache-Status': 'DYNAMIC', 'Report-To': '{"endpoints":[{"url":"https:\\/\\/a.nel.cloudflare.com\\/report\\/v4?s=O5H9o0LefqXG2BjpbOkaJ2fbkogxLifdy8ooaleEcMspcjIfKmJhmfhXI4xXXnnFdeSaEMgeevEAtz87oFCSCMLneP3tu%2FIdMvt35zne5EKxirWvk%2F17bxQ6HVgHbBfC"}],"group":"cf-nel","max_age":604800}', 'NEL': '{"success_fraction":0,"report_to":"cf-nel","max_age":604800}', 'Server': 'cloudflare', 'CF-RAY': '8aa67fd8fabffade-SJC', 'alt-svc': 'h3=":443"; ma=86400'} 
 body={"results":[{"gender":"female","name":{"title":"Mrs","first":"Ashley","last":"Miles"},"location":{"street":{"number":7820,"name":"Victoria Road"},"city":"Swords","state":"Dublin City","country":"Ireland","postcode":84026,"coordinates":{"latitude":"-2.9240","longitude":"131.2933"},"timezone":{"offset":"-2:00","description":"Mid-Atlantic"}},"email":"ashley.miles@example.com","login":{"uuid":"19a5ced3-d6f0-4958-a82e-4315f4ce7985","username":"tinyfrog280","password":"bulls","salt":"x8bLvHhH","md5":"5bf9162134073a889204bcbcf1b8f844","sha1":"7c7a8f888ef9b0785fb2d491cc5b1be42d3e0326","sha256":"ffb01ff5b28129be357f956d6b1a1de6333448cf273b15832775fec29251f847"},"dob":{"date":"1951-05-12T08:38:31.156Z","age":73},"registered":{"date":"2009-10-09T02:50:38.286Z","age":14},"phone":"021-784-6530","cell":"081-646-9614","id":{"name":"PPS","value":"8242558T"},"picture":{"large":"https://randomuser.me/api/portraits/women/94.jpg","medium":"https://randomuser.me/api/portraits/med/women/94.jpg","thumbnail":"https://randomuser.me/api/portraits/thumb/women/94.jpg"},"nat":"IE"}],"info":{"seed":"0ad700064f0b6f9c","results":1,"page":1,"version":"1.4"}} 
 </msg>
<msg time="2024-07-28T17:13:22.193760" level="INFO">/opt/hostedtoolcache/Python/3.12.4/x64/lib/python3.12/site-packages/urllib3/connectionpool.py:1099: InsecureRequestWarning: Unverified HTTPS request is being made to host 'randomuser.me'. Adding certificate verification is strongly advised. See: https://urllib3.readthedocs.io/en/latest/advanced-usage.html#tls-warnings
  warnings.warn(</msg>
<msg time="2024-07-28T17:13:22.193911" level="INFO">${response} = &lt;Response [200]&gt;</msg>
<var>${response}</var>
<arg>consultarAPI</arg>
<arg>/api</arg>
<doc>Sends a GET request on a previously created HTTP Session.</doc>
<status status="PASS" start="2024-07-28T17:13:22.070987" elapsed="0.122972"/>
</kw>
<kw name="Set Variable" owner="BuiltIn">
<msg time="2024-07-28T17:13:22.195247" level="INFO">${json_data} = {'results': [{'gender': 'female', 'name': {'title': 'Mrs', 'first': 'Ashley', 'last': 'Miles'}, 'location': {'street': {'number': 7820, 'name': 'Victoria Road'}, 'city': 'Swords', 'state': 'Dublin Cit...</msg>
<var>${json_data}</var>
<arg>${response.json()}</arg>
<doc>Returns the given values which can then be assigned to a variables.</doc>
<status status="PASS" start="2024-07-28T17:13:22.194629" elapsed="0.000650"/>
</kw>
<kw name="Set Variable" owner="BuiltIn">
<msg time="2024-07-28T17:13:22.196010" level="INFO">${name_title} = Mrs</msg>
<var>${name_title}</var>
<arg>${json_data["results"][0]["name"]["title"]}</arg>
<doc>Returns the given values which can then be assigned to a variables.</doc>
<status status="PASS" start="2024-07-28T17:13:22.195619" elapsed="0.000417"/>
</kw>
<kw name="Create List" owner="BuiltIn">
<msg time="2024-07-28T17:13:22.196493" level="INFO">${allowed_titles} = ['Mr', 'Ms', 'Miss', 'Mrs', 'Madame', 'Monsieur']</msg>
<var>${allowed_titles}</var>
<arg>Mr</arg>
<arg>Ms</arg>
<arg>Miss</arg>
<arg>Mrs</arg>
<arg>Madame</arg>
<arg>Monsieur</arg>
<doc>Returns a list containing given items.</doc>
<status status="PASS" start="2024-07-28T17:13:22.196342" elapsed="0.000177"/>
</kw>
<kw name="List Should Contain Value" owner="Collections">
<arg>${allowed_titles}</arg>
<arg>${name_title}</arg>
<doc>Fails if the ``value`` is not found from ``list``.</doc>
<status status="PASS" start="2024-07-28T17:13:22.196816" elapsed="0.000189"/>
</kw>
<kw name="Set Variable" owner="BuiltIn">
<msg time="2024-07-28T17:13:22.197619" level="INFO">${name_country} = IE</msg>
<var>${name_country}</var>
<arg>${json_data["results"][0]["nat"]}</arg>
<doc>Returns the given values which can then be assigned to a variables.</doc>
<status status="PASS" start="2024-07-28T17:13:22.197227" elapsed="0.000418"/>
</kw>
<kw name="Create List" owner="BuiltIn">
<msg time="2024-07-28T17:13:22.198533" level="INFO">${list_country} = ['AD', 'AE', 'AF', 'AG', 'AI', 'AL', 'AM', 'AO', 'AQ', 'AR', 'AS', 'AT', 'AU', 'AW', 'AX', 'AZ', 'BA', 'BB', 'BD', 'BE', 'BF', 'BG', 'BH', 'BI', 'BJ', 'BL', 'BM', 'BN', 'BO', 'BQ', 'BR', 'BS', 'BT', '...</msg>
<var>${list_country}</var>
<arg>AD</arg>
<arg>AE</arg>
<arg>AF</arg>
<arg>AG</arg>
<arg>AI</arg>
<arg>AL</arg>
<arg>AM</arg>
<arg>AO</arg>
<arg>AQ</arg>
<arg>AR</arg>
<arg>AS</arg>
<arg>AT</arg>
<arg>AU</arg>
<arg>AW</arg>
<arg>AX</arg>
<arg>AZ</arg>
<arg>BA</arg>
<arg>BB</arg>
<arg>BD</arg>
<arg>BE</arg>
<arg>BF</arg>
<arg>BG</arg>
<arg>BH</arg>
<arg>BI</arg>
<arg>BJ</arg>
<arg>BL</arg>
<arg>BM</arg>
<arg>BN</arg>
<arg>BO</arg>
<arg>BQ</arg>
<arg>BR</arg>
<arg>BS</arg>
<arg>BT</arg>
<arg>BV</arg>
<arg>BW</arg>
<arg>BY</arg>
<arg>BZ</arg>
<arg>CA</arg>
<arg>CC</arg>
<arg>CD</arg>
<arg>CF</arg>
<arg>CG</arg>
<arg>CH</arg>
<arg>CI</arg>
<arg>CK</arg>
<arg>CL</arg>
<arg>CM</arg>
<arg>CN</arg>
<arg>CO</arg>
<arg>CR</arg>
<arg>CU</arg>
<arg>CV</arg>
<arg>CW</arg>
<arg>CX</arg>
<arg>CY</arg>
<arg>CZ</arg>
<arg>DE</arg>
<arg>DJ</arg>
<arg>DK</arg>
<arg>DM</arg>
<arg>DO</arg>
<arg>DZ</arg>
<arg>EC</arg>
<arg>EE</arg>
<arg>EG</arg>
<arg>EH</arg>
<arg>ER</arg>
<arg>ES</arg>
<arg>ET</arg>
<arg>FI</arg>
<arg>FJ</arg>
<arg>FK</arg>
<arg>FM</arg>
<arg>FO</arg>
<arg>FR</arg>
<arg>GA</arg>
<arg>GB</arg>
<arg>GD</arg>
<arg>GE</arg>
<arg>GF</arg>
<arg>GG</arg>
<arg>GH</arg>
<arg>GI</arg>
<arg>GL</arg>
<arg>GM</arg>
<arg>GN</arg>
<arg>GP</arg>
<arg>GQ</arg>
<arg>GR</arg>
<arg>GS</arg>
<arg>GT</arg>
<arg>GU</arg>
<arg>GW</arg>
<arg>GY</arg>
<arg>HK</arg>
<arg>HM</arg>
<arg>HN</arg>
<arg>HR</arg>
<arg>HT</arg>
<arg>HU</arg>
<arg>ID</arg>
<arg>IE</arg>
<arg>IL</arg>
<arg>IM</arg>
<arg>IN</arg>
<arg>IO</arg>
<arg>IQ</arg>
<arg>IR</arg>
<arg>IS</arg>
<arg>IT</arg>
<arg>JE</arg>
<arg>JM</arg>
<arg>JO</arg>
<arg>JP</arg>
<arg>KE</arg>
<arg>KG</arg>
<arg>KH</arg>
<arg>KI</arg>
<arg>KM</arg>
<arg>KN</arg>
<arg>KP</arg>
<arg>KR</arg>
<arg>KW</arg>
<arg>KY</arg>
<arg>KZ</arg>
<arg>LA</arg>
<arg>LB</arg>
<arg>LC</arg>
<arg>LI</arg>
<arg>LK</arg>
<arg>LR</arg>
<arg>LS</arg>
<arg>LT</arg>
<arg>LU</arg>
<arg>LV</arg>
<arg>LY</arg>
<arg>MA</arg>
<arg>MC</arg>
<arg>MD</arg>
<arg>ME</arg>
<arg>MF</arg>
<arg>MG</arg>
<arg>MH</arg>
<arg>MK</arg>
<arg>ML</arg>
<arg>MM</arg>
<arg>MN</arg>
<arg>MO</arg>
<arg>MP</arg>
<arg>MQ</arg>
<arg>MR</arg>
<arg>MS</arg>
<arg>MT</arg>
<arg>MU</arg>
<arg>MV</arg>
<arg>MW</arg>
<arg>MX</arg>
<arg>MY</arg>
<arg>MZ</arg>
<arg>NA</arg>
<arg>NC</arg>
<arg>NE</arg>
<arg>NF</arg>
<arg>NG</arg>
<arg>NI</arg>
<arg>NL</arg>
<arg>NO</arg>
<arg>NP</arg>
<arg>NR</arg>
<arg>NU</arg>
<arg>NZ</arg>
<arg>OM</arg>
<arg>PA</arg>
<arg>PE</arg>
<arg>PF</arg>
<arg>PG</arg>
<arg>PH</arg>
<arg>PK</arg>
<arg>PL</arg>
<arg>PM</arg>
<arg>PN</arg>
<arg>PR</arg>
<arg>PS</arg>
<arg>PT</arg>
<arg>PW</arg>
<arg>PY</arg>
<arg>QA</arg>
<arg>RE</arg>
<arg>RO</arg>
<arg>RS</arg>
<arg>RU</arg>
<arg>RW</arg>
<arg>SA</arg>
<arg>SB</arg>
<arg>SC</arg>
<arg>SD</arg>
<arg>SE</arg>
<arg>SG</arg>
<arg>SH</arg>
<arg>SI</arg>
<arg>SJ</arg>
<arg>SK</arg>
<arg>SL</arg>
<arg>SM</arg>
<arg>SN</arg>
<arg>SO</arg>
<arg>SR</arg>
<arg>SS</arg>
<arg>ST</arg>
<arg>SV</arg>
<arg>SX</arg>
<arg>SY</arg>
<arg>SZ</arg>
<arg>TC</arg>
<arg>TD</arg>
<arg>TF</arg>
<arg>TG</arg>
<arg>TH</arg>
<arg>TJ</arg>
<arg>TK</arg>
<arg>TL</arg>
<arg>TM</arg>
<arg>TN</arg>
<arg>TO</arg>
<arg>TR</arg>
<arg>TT</arg>
<arg>TV</arg>
<arg>TW</arg>
<arg>TZ</arg>
<arg>UA</arg>
<arg>UG</arg>
<arg>UM</arg>
<arg>US</arg>
<arg>UY</arg>
<arg>UZ</arg>
<arg>VA</arg>
<arg>VC</arg>
<arg>VE</arg>
<arg>VG</arg>
<arg>VI</arg>
<arg>VN</arg>
<arg>VU</arg>
<arg>WF</arg>
<arg>WS</arg>
<arg>XK</arg>
<arg>YE</arg>
<arg>YT</arg>
<arg>ZA</arg>
<arg>ZM</arg>
<arg>ZW</arg>
<doc>Returns a list containing given items.</doc>
<status status="PASS" start="2024-07-28T17:13:22.197937" elapsed="0.000621"/>
</kw>
<kw name="List Should Contain Value" owner="Collections">
<arg>${list_country}</arg>
<arg>${name_country}</arg>
<doc>Fails if the ``value`` is not found from ``list``.</doc>
<status status="PASS" start="2024-07-28T17:13:22.199558" elapsed="0.000216"/>
</kw>
<kw name="Run Keyword If" owner="BuiltIn">
<kw name="Should Be True" owner="BuiltIn">
<arg>${True}</arg>
<doc>Fails if the given condition is not true.</doc>
<status status="PASS" start="2024-07-28T17:13:22.200748" elapsed="0.000145"/>
</kw>
<arg>${json_data["results"][0]["location"]["coordinates"]["latitude"]} &gt;= -90 and ${json_data["results"][0]["location"]["coordinates"]["latitude"]} &lt;= 90</arg>
<arg>Should Be True</arg>
<arg>${True}</arg>
<doc>Runs the given keyword with the given arguments, if ``condition`` is true.</doc>
<status status="PASS" start="2024-07-28T17:13:22.199976" elapsed="0.001044"/>
</kw>
<kw name="Run Keyword If" owner="BuiltIn">
<kw name="Should Be True" owner="BuiltIn">
<arg>${True}</arg>
<doc>Fails if the given condition is not true.</doc>
<status status="PASS" start="2024-07-28T17:13:22.201936" elapsed="0.000137"/>
</kw>
<arg>${json_data["results"][0]["location"]["coordinates"]["longitude"]} &gt;= -180 and ${json_data["results"][0]["location"]["coordinates"]["longitude"]} &lt;= 180</arg>
<arg>Should Be True</arg>
<arg>${True}</arg>
<doc>Runs the given keyword with the given arguments, if ``condition`` is true.</doc>
<status status="PASS" start="2024-07-28T17:13:22.201239" elapsed="0.000956"/>
</kw>
<status status="PASS" start="2024-07-28T17:13:22.070739" elapsed="0.131586"/>
</kw>
<doc>Testa o conteúdo específico dos campos retornados pela API.</doc>
<tag>testeConteudo</tag>
<status status="PASS" start="2024-07-28T17:13:22.070122" elapsed="0.132357"/>
</test>
<status status="PASS" start="2024-07-28T17:13:20.509582" elapsed="1.694926"/>
</suite>
<status status="PASS" start="2024-07-28T17:13:20.494278" elapsed="1.715613"/>
</suite>
<statistics>
<total>
<stat pass="5" fail="0" skip="0">All Tests</stat>
</total>
<tag>
<stat pass="1" fail="0" skip="0">testeConteudo</stat>
<stat pass="1" fail="0" skip="0">testeEstruturaResposta</stat>
<stat pass="1" fail="0" skip="0">testeRequisicaoBasica</stat>
<stat pass="1" fail="0" skip="0">testeTiposDados</stat>
</tag>
<suite>
<stat pass="5" fail="0" skip="0" id="s1" name="Tests">Tests</stat>
<stat pass="5" fail="0" skip="0" id="s1-s1" name="Random-User-Test">Tests.Random-User-Test</stat>
</suite>
</statistics>
<errors>
</errors>
</robot>
