<?xml version="1.0" encoding="UTF-8"?>
<robot generator="Robot 7.0.1 (Python 3.12.4 on linux)" generated="2024-07-11T01:08:04.270564" rpa="false" schemaversion="5">
<suite id="s1" name="Tests" source="/home/runner/work/ApiRandomUser/ApiRandomUser/RamdonUser/tests">
<suite id="s1-s1" name="Random-User-Test" source="/home/runner/work/ApiRandomUser/ApiRandomUser/RamdonUser/tests/random-user-test.robot">
<test id="s1-s1-t1" name="Conectar" line="13">
<kw name="Conectar API" owner="random-user-service">
<kw name="Create Session" owner="RequestsLibrary">
<msg time="2024-07-11T01:08:04.676422" level="INFO">Creating Session using : alias=consultarAPI, url=https://randomuser.me/, headers={},                     cookies={}, auth=None, timeout=None, proxies=None, verify=False,                     debug=0 </msg>
<arg>consultarAPI</arg>
<arg>${URL}</arg>
<doc>Create Session: create a HTTP session to a server</doc>
<status status="PASS" start="2024-07-11T01:08:04.676218" elapsed="0.000386"/>
</kw>
<status status="PASS" start="2024-07-11T01:08:04.675221" elapsed="0.001750"/>
</kw>
<status status="PASS" start="2024-07-11T01:08:04.674633" elapsed="0.002530"/>
</test>
<test id="s1-s1-t2" name="Validar retorno 200 e JSON Válido" line="16">
<kw name="Teste de Requisicao Basica" owner="random-user-service">
<kw name="GET On Session" owner="RequestsLibrary">
<msg time="2024-07-11T01:08:04.863562" level="INFO">GET Request : url=https://randomuser.me/api 
 path_url=/api 
 headers={'User-Agent': 'python-requests/2.32.3', 'Accept-Encoding': 'gzip, deflate', 'Accept': '*/*', 'Connection': 'keep-alive'} 
 body=None 
 </msg>
<msg time="2024-07-11T01:08:04.863727" level="INFO">GET Response : url=https://randomuser.me/api 
 status=200, reason=OK 
 headers={'Date': 'Thu, 11 Jul 2024 01:08:04 GMT', 'Content-Type': 'application/json; charset=utf-8', 'Transfer-Encoding': 'chunked', 'Connection': 'keep-alive', 'X-Powered-By': 'Express', 'Access-Control-Allow-Origin': '*', 'Cache-Control': 'no-cache', 'ETag': 'W/"49e-AWbKQRsS6gNAb3ictJnWEadGA8w"', 'Vary': 'Accept-Encoding', 'Content-Encoding': 'gzip', 'CF-Cache-Status': 'DYNAMIC', 'Report-To': '{"endpoints":[{"url":"https:\\/\\/a.nel.cloudflare.com\\/report\\/v4?s=81UCrWTPrYHGPfnvf9%2BtzEVirUyS7SeJ3dyn%2FcxFfDnRzOx2mXrRqijUFwVIg7%2FJkiqebMbvQmAlurxvTVzxG8H2CCT8LrWDMO0n4vJWf2WqsMt1VxX13Cqpd%2FrMPr6D"}],"group":"cf-nel","max_age":604800}', 'NEL': '{"success_fraction":0,"report_to":"cf-nel","max_age":604800}', 'Server': 'cloudflare', 'CF-RAY': '8a14e679b954801e-IAD', 'alt-svc': 'h3=":443"; ma=86400'} 
 body={"results":[{"gender":"male","name":{"title":"Mr","first":"Randy","last":"Douglas"},"location":{"street":{"number":9374,"name":"George Street"},"city":"Salford","state":"Durham","country":"United Kingdom","postcode":"E4A 1JJ","coordinates":{"latitude":"-11.7218","longitude":"-21.7183"},"timezone":{"offset":"-4:00","description":"Atlantic Time (Canada), Caracas, La Paz"}},"email":"randy.douglas@example.com","login":{"uuid":"c34e3b55-09b6-4405-adea-003a758e313e","username":"whitemouse144","password":"stanton","salt":"dLQxqcwk","md5":"afad9b3652a8e8c5cf61422af1f96a03","sha1":"9e9c9d6298b20e1c46577589047befb61b991540","sha256":"84933666a85de41a00d2b5ea292be663c542ba8253c986c2cf9402e3395bd0bd"},"dob":{"date":"1947-09-19T00:26:07.693Z","age":76},"registered":{"date":"2006-09-06T01:02:19.756Z","age":17},"phone":"0191 618 3510","cell":"07374 661271","id":{"name":"NINO","value":"TM 86 83 07 M"},"picture":{"large":"https://randomuser.me/api/portraits/men/65.jpg","medium":"https://randomuser.me/api/portraits/med/men/65.jpg","thumbnail":"https://randomuser.me/api/portraits/thumb/men/65.jpg"},"nat":"GB"}],"info":{"seed":"de75b3757bb4f115","results":1,"page":1,"version":"1.4"}} 
 </msg>
<msg time="2024-07-11T01:08:04.863815" level="INFO">/opt/hostedtoolcache/Python/3.12.4/x64/lib/python3.12/site-packages/urllib3/connectionpool.py:1099: InsecureRequestWarning: Unverified HTTPS request is being made to host 'randomuser.me'. Adding certificate verification is strongly advised. See: https://urllib3.readthedocs.io/en/latest/advanced-usage.html#tls-warnings
  warnings.warn(</msg>
<msg time="2024-07-11T01:08:04.863987" level="INFO">${response} = &lt;Response [200]&gt;</msg>
<var>${response}</var>
<arg>consultarAPI</arg>
<arg>/api</arg>
<doc>Sends a GET request on a previously created HTTP Session.</doc>
<status status="PASS" start="2024-07-11T01:08:04.679754" elapsed="0.184281"/>
</kw>
<kw name="Should Be Equal As Numbers" owner="BuiltIn">
<msg time="2024-07-11T01:08:04.865259" level="INFO">Argument types are:
&lt;class 'int'&gt;
&lt;class 'str'&gt;</msg>
<arg>${response.status_code}</arg>
<arg>200</arg>
<doc>Fails if objects are unequal after converting them to real numbers.</doc>
<status status="PASS" start="2024-07-11T01:08:04.864614" elapsed="0.000728"/>
</kw>
<kw name="Log" owner="BuiltIn">
<msg time="2024-07-11T01:08:04.866069" level="INFO">200</msg>
<arg>${response.status_code}</arg>
<doc>Logs the given message with the given level.</doc>
<status status="PASS" start="2024-07-11T01:08:04.865717" elapsed="0.000395"/>
</kw>
<kw name="Set Variable" owner="BuiltIn">
<msg time="2024-07-11T01:08:04.866855" level="INFO">${json_data} = {'results': [{'gender': 'male', 'name': {'title': 'Mr', 'first': 'Randy', 'last': 'Douglas'}, 'location': {'street': {'number': 9374, 'name': 'George Street'}, 'city': 'Salford', 'state': 'Durham', 'c...</msg>
<var>${json_data}</var>
<arg>${response.json()}</arg>
<doc>Returns the given values which can then be assigned to a variables.</doc>
<status status="PASS" start="2024-07-11T01:08:04.866420" elapsed="0.000465"/>
</kw>
<kw name="Dictionary Should Contain Key" owner="Collections">
<arg>${json_data}</arg>
<arg>results</arg>
<doc>Fails if ``key`` is not found from ``dictionary``.</doc>
<status status="PASS" start="2024-07-11T01:08:04.867233" elapsed="0.000167"/>
</kw>
<status status="PASS" start="2024-07-11T01:08:04.679512" elapsed="0.188049"/>
</kw>
<doc>Testa se a API responde corretamente e retorna um objeto JSON válido.</doc>
<tag>testeRequisicaoBasica</tag>
<status status="PASS" start="2024-07-11T01:08:04.679046" elapsed="0.188703"/>
</test>
<test id="s1-s1-t3" name="Validar estrutura de resposta" line="22">
<kw name="Teste de Estrutura de Resposta" owner="random-user-service">
<kw name="GET On Session" owner="RequestsLibrary">
<msg time="2024-07-11T01:08:04.911585" level="INFO">GET Request : url=https://randomuser.me/api 
 path_url=/api 
 headers={'User-Agent': 'python-requests/2.32.3', 'Accept-Encoding': 'gzip, deflate', 'Accept': '*/*', 'Connection': 'keep-alive'} 
 body=None 
 </msg>
<msg time="2024-07-11T01:08:04.911661" level="INFO">GET Response : url=https://randomuser.me/api 
 status=200, reason=OK 
 headers={'Date': 'Thu, 11 Jul 2024 01:08:04 GMT', 'Content-Type': 'application/json; charset=utf-8', 'Transfer-Encoding': 'chunked', 'Connection': 'keep-alive', 'X-Powered-By': 'Express', 'Access-Control-Allow-Origin': '*', 'Cache-Control': 'no-cache', 'ETag': 'W/"4a6-X7yiLWJLcxeb0GHDYndLKs5KGlk"', 'Vary': 'Accept-Encoding', 'Content-Encoding': 'gzip', 'CF-Cache-Status': 'DYNAMIC', 'Report-To': '{"endpoints":[{"url":"https:\\/\\/a.nel.cloudflare.com\\/report\\/v4?s=hOUSw8uLy5Vq1%2BEx4U9SAkhGdQf6jhETtdn7Qxz8wM1RDzsZTu7wrXXMXTf%2B4r32TY6%2FXNQQNHxWKM%2F5w2RJHFsKV8ArTplLv3%2BB6gHjK%2FGEpX8vrSXq4kL%2Ft4r%2FLt0E"}],"group":"cf-nel","max_age":604800}', 'NEL': '{"success_fraction":0,"report_to":"cf-nel","max_age":604800}', 'Server': 'cloudflare', 'CF-RAY': '8a14e67a7a38801e-IAD', 'alt-svc': 'h3=":443"; ma=86400'} 
 body={"results":[{"gender":"female","name":{"title":"Mrs","first":"Sophia","last":"Leclerc"},"location":{"street":{"number":9167,"name":"Rue Gasparin"},"city":"Orléans","state":"Bouches-du-Rhône","country":"France","postcode":15226,"coordinates":{"latitude":"-16.1324","longitude":"69.9703"},"timezone":{"offset":"+1:00","description":"Brussels, Copenhagen, Madrid, Paris"}},"email":"sophia.leclerc@example.com","login":{"uuid":"e897eea2-0bad-44e1-938e-d8b853667b2b","username":"whiteswan596","password":"lord","salt":"SPYr6hMn","md5":"195a25cefa97cc8a0691807e82c3d9fd","sha1":"39e5bfeaaa6a937842c60f582cb40e2c9e5029e0","sha256":"f130128f961b5fb17fb00f9a0c47acfcc80f09214a229db3ce90a71189ea40d6"},"dob":{"date":"1984-02-27T12:13:51.195Z","age":40},"registered":{"date":"2012-08-19T11:54:40.066Z","age":11},"phone":"02-44-47-17-97","cell":"06-67-82-60-29","id":{"name":"INSEE","value":"2840163447626 45"},"picture":{"large":"https://randomuser.me/api/portraits/women/36.jpg","medium":"https://randomuser.me/api/portraits/med/women/36.jpg","thumbnail":"https://randomuser.me/api/portraits/thumb/women/36.jpg"},"nat":"FR"}],"info":{"seed":"8f0a357981df250b","results":1,"page":1,"version":"1.4"}} 
 </msg>
<msg time="2024-07-11T01:08:04.911769" level="INFO">/opt/hostedtoolcache/Python/3.12.4/x64/lib/python3.12/site-packages/urllib3/connectionpool.py:1099: InsecureRequestWarning: Unverified HTTPS request is being made to host 'randomuser.me'. Adding certificate verification is strongly advised. See: https://urllib3.readthedocs.io/en/latest/advanced-usage.html#tls-warnings
  warnings.warn(</msg>
<msg time="2024-07-11T01:08:04.911883" level="INFO">${response} = &lt;Response [200]&gt;</msg>
<var>${response}</var>
<arg>consultarAPI</arg>
<arg>/api</arg>
<doc>Sends a GET request on a previously created HTTP Session.</doc>
<status status="PASS" start="2024-07-11T01:08:04.870448" elapsed="0.041480"/>
</kw>
<kw name="Set Variable" owner="BuiltIn">
<msg time="2024-07-11T01:08:04.913043" level="INFO">${json_data} = {'results': [{'gender': 'female', 'name': {'title': 'Mrs', 'first': 'Sophia', 'last': 'Leclerc'}, 'location': {'street': {'number': 9167, 'name': 'Rue Gasparin'}, 'city': 'Orléans', 'state': 'Bouches-...</msg>
<var>${json_data}</var>
<arg>${response.json()}</arg>
<doc>Returns the given values which can then be assigned to a variables.</doc>
<status status="PASS" start="2024-07-11T01:08:04.912362" elapsed="0.000725"/>
</kw>
<kw name="Log" owner="BuiltIn">
<msg time="2024-07-11T01:08:04.913776" level="INFO">{'results': [{'gender': 'female', 'name': {'title': 'Mrs', 'first': 'Sophia', 'last': 'Leclerc'}, 'location': {'street': {'number': 9167, 'name': 'Rue Gasparin'}, 'city': 'Orléans', 'state': 'Bouches-du-Rhône', 'country': 'France', 'postcode': 15226, 'coordinates': {'latitude': '-16.1324', 'longitude': '69.9703'}, 'timezone': {'offset': '+1:00', 'description': 'Brussels, Copenhagen, Madrid, Paris'}}, 'email': 'sophia.leclerc@example.com', 'login': {'uuid': 'e897eea2-0bad-44e1-938e-d8b853667b2b', 'username': 'whiteswan596', 'password': 'lord', 'salt': 'SPYr6hMn', 'md5': '195a25cefa97cc8a0691807e82c3d9fd', 'sha1': '39e5bfeaaa6a937842c60f582cb40e2c9e5029e0', 'sha256': 'f130128f961b5fb17fb00f9a0c47acfcc80f09214a229db3ce90a71189ea40d6'}, 'dob': {'date': '1984-02-27T12:13:51.195Z', 'age': 40}, 'registered': {'date': '2012-08-19T11:54:40.066Z', 'age': 11}, 'phone': '02-44-47-17-97', 'cell': '06-67-82-60-29', 'id': {'name': 'INSEE', 'value': '2840163447626 45'}, 'picture': {'large': 'https://randomuser.me/api/portraits/women/36.jpg', 'medium': 'https://randomuser.me/api/portraits/med/women/36.jpg', 'thumbnail': 'https://randomuser.me/api/portraits/thumb/women/36.jpg'}, 'nat': 'FR'}], 'info': {'seed': '8f0a357981df250b', 'results': 1, 'page': 1, 'version': '1.4'}}</msg>
<arg>${json_data}</arg>
<doc>Logs the given message with the given level.</doc>
<status status="PASS" start="2024-07-11T01:08:04.913530" elapsed="0.000336"/>
</kw>
<kw name="Dictionary Should Contain Key" owner="Collections">
<arg>${json_data}</arg>
<arg>results</arg>
<doc>Fails if ``key`` is not found from ``dictionary``.</doc>
<status status="PASS" start="2024-07-11T01:08:04.914327" elapsed="0.000253"/>
</kw>
<kw name="Should Not Be Empty" owner="BuiltIn">
<msg time="2024-07-11T01:08:04.915171" level="INFO">Length is 2.</msg>
<arg>${json_data}</arg>
<doc>Verifies that the given item is not empty.</doc>
<status status="PASS" start="2024-07-11T01:08:04.914906" elapsed="0.000330"/>
</kw>
<kw name="Create List" owner="BuiltIn">
<msg time="2024-07-11T01:08:04.916081" level="INFO">${expected_keys} = ['gender', 'name', 'location', 'email', 'login']</msg>
<var>${expected_keys}</var>
<arg>gender</arg>
<arg>name</arg>
<arg>location</arg>
<arg>email</arg>
<arg>login</arg>
<doc>Returns a list containing given items.</doc>
<status status="PASS" start="2024-07-11T01:08:04.915662" elapsed="0.000463"/>
</kw>
<for flavor="IN">
<iter>
<kw name="Dictionary Should Contain Key" owner="Collections">
<arg>${json_data['results'][0]}</arg>
<arg>${key}</arg>
<doc>Fails if ``key`` is not found from ``dictionary``.</doc>
<status status="PASS" start="2024-07-11T01:08:04.917017" elapsed="0.000625"/>
</kw>
<kw name="Log" owner="BuiltIn">
<msg time="2024-07-11T01:08:04.918550" level="INFO">{'gender': 'female', 'name': {'title': 'Mrs', 'first': 'Sophia', 'last': 'Leclerc'}, 'location': {'street': {'number': 9167, 'name': 'Rue Gasparin'}, 'city': 'Orléans', 'state': 'Bouches-du-Rhône', 'country': 'France', 'postcode': 15226, 'coordinates': {'latitude': '-16.1324', 'longitude': '69.9703'}, 'timezone': {'offset': '+1:00', 'description': 'Brussels, Copenhagen, Madrid, Paris'}}, 'email': 'sophia.leclerc@example.com', 'login': {'uuid': 'e897eea2-0bad-44e1-938e-d8b853667b2b', 'username': 'whiteswan596', 'password': 'lord', 'salt': 'SPYr6hMn', 'md5': '195a25cefa97cc8a0691807e82c3d9fd', 'sha1': '39e5bfeaaa6a937842c60f582cb40e2c9e5029e0', 'sha256': 'f130128f961b5fb17fb00f9a0c47acfcc80f09214a229db3ce90a71189ea40d6'}, 'dob': {'date': '1984-02-27T12:13:51.195Z', 'age': 40}, 'registered': {'date': '2012-08-19T11:54:40.066Z', 'age': 11}, 'phone': '02-44-47-17-97', 'cell': '06-67-82-60-29', 'id': {'name': 'INSEE', 'value': '2840163447626 45'}, 'picture': {'large': 'https://randomuser.me/api/portraits/women/36.jpg', 'medium': 'https://randomuser.me/api/portraits/med/women/36.jpg', 'thumbnail': 'https://randomuser.me/api/portraits/thumb/women/36.jpg'}, 'nat': 'FR'}</msg>
<arg>${json_data['results'][0]}</arg>
<doc>Logs the given message with the given level.</doc>
<status status="PASS" start="2024-07-11T01:08:04.917934" elapsed="0.000703"/>
</kw>
<kw name="Log" owner="BuiltIn">
<msg time="2024-07-11T01:08:04.919281" level="INFO">gender</msg>
<arg>${key}</arg>
<doc>Logs the given message with the given level.</doc>
<status status="PASS" start="2024-07-11T01:08:04.919095" elapsed="0.000245"/>
</kw>
<var name="${key}">gender</var>
<status status="PASS" start="2024-07-11T01:08:04.916826" elapsed="0.002859"/>
</iter>
<iter>
<kw name="Dictionary Should Contain Key" owner="Collections">
<arg>${json_data['results'][0]}</arg>
<arg>${key}</arg>
<doc>Fails if ``key`` is not found from ``dictionary``.</doc>
<status status="PASS" start="2024-07-11T01:08:04.920137" elapsed="0.000619"/>
</kw>
<kw name="Log" owner="BuiltIn">
<msg time="2024-07-11T01:08:04.921695" level="INFO">{'gender': 'female', 'name': {'title': 'Mrs', 'first': 'Sophia', 'last': 'Leclerc'}, 'location': {'street': {'number': 9167, 'name': 'Rue Gasparin'}, 'city': 'Orléans', 'state': 'Bouches-du-Rhône', 'country': 'France', 'postcode': 15226, 'coordinates': {'latitude': '-16.1324', 'longitude': '69.9703'}, 'timezone': {'offset': '+1:00', 'description': 'Brussels, Copenhagen, Madrid, Paris'}}, 'email': 'sophia.leclerc@example.com', 'login': {'uuid': 'e897eea2-0bad-44e1-938e-d8b853667b2b', 'username': 'whiteswan596', 'password': 'lord', 'salt': 'SPYr6hMn', 'md5': '195a25cefa97cc8a0691807e82c3d9fd', 'sha1': '39e5bfeaaa6a937842c60f582cb40e2c9e5029e0', 'sha256': 'f130128f961b5fb17fb00f9a0c47acfcc80f09214a229db3ce90a71189ea40d6'}, 'dob': {'date': '1984-02-27T12:13:51.195Z', 'age': 40}, 'registered': {'date': '2012-08-19T11:54:40.066Z', 'age': 11}, 'phone': '02-44-47-17-97', 'cell': '06-67-82-60-29', 'id': {'name': 'INSEE', 'value': '2840163447626 45'}, 'picture': {'large': 'https://randomuser.me/api/portraits/women/36.jpg', 'medium': 'https://randomuser.me/api/portraits/med/women/36.jpg', 'thumbnail': 'https://randomuser.me/api/portraits/thumb/women/36.jpg'}, 'nat': 'FR'}</msg>
<arg>${json_data['results'][0]}</arg>
<doc>Logs the given message with the given level.</doc>
<status status="PASS" start="2024-07-11T01:08:04.921109" elapsed="0.000666"/>
</kw>
<kw name="Log" owner="BuiltIn">
<msg time="2024-07-11T01:08:04.922414" level="INFO">name</msg>
<arg>${key}</arg>
<doc>Logs the given message with the given level.</doc>
<status status="PASS" start="2024-07-11T01:08:04.922223" elapsed="0.000254"/>
</kw>
<var name="${key}">name</var>
<status status="PASS" start="2024-07-11T01:08:04.919969" elapsed="0.002854"/>
</iter>
<iter>
<kw name="Dictionary Should Contain Key" owner="Collections">
<arg>${json_data['results'][0]}</arg>
<arg>${key}</arg>
<doc>Fails if ``key`` is not found from ``dictionary``.</doc>
<status status="PASS" start="2024-07-11T01:08:04.923307" elapsed="0.000640"/>
</kw>
<kw name="Log" owner="BuiltIn">
<msg time="2024-07-11T01:08:04.924880" level="INFO">{'gender': 'female', 'name': {'title': 'Mrs', 'first': 'Sophia', 'last': 'Leclerc'}, 'location': {'street': {'number': 9167, 'name': 'Rue Gasparin'}, 'city': 'Orléans', 'state': 'Bouches-du-Rhône', 'country': 'France', 'postcode': 15226, 'coordinates': {'latitude': '-16.1324', 'longitude': '69.9703'}, 'timezone': {'offset': '+1:00', 'description': 'Brussels, Copenhagen, Madrid, Paris'}}, 'email': 'sophia.leclerc@example.com', 'login': {'uuid': 'e897eea2-0bad-44e1-938e-d8b853667b2b', 'username': 'whiteswan596', 'password': 'lord', 'salt': 'SPYr6hMn', 'md5': '195a25cefa97cc8a0691807e82c3d9fd', 'sha1': '39e5bfeaaa6a937842c60f582cb40e2c9e5029e0', 'sha256': 'f130128f961b5fb17fb00f9a0c47acfcc80f09214a229db3ce90a71189ea40d6'}, 'dob': {'date': '1984-02-27T12:13:51.195Z', 'age': 40}, 'registered': {'date': '2012-08-19T11:54:40.066Z', 'age': 11}, 'phone': '02-44-47-17-97', 'cell': '06-67-82-60-29', 'id': {'name': 'INSEE', 'value': '2840163447626 45'}, 'picture': {'large': 'https://randomuser.me/api/portraits/women/36.jpg', 'medium': 'https://randomuser.me/api/portraits/med/women/36.jpg', 'thumbnail': 'https://randomuser.me/api/portraits/thumb/women/36.jpg'}, 'nat': 'FR'}</msg>
<arg>${json_data['results'][0]}</arg>
<doc>Logs the given message with the given level.</doc>
<status status="PASS" start="2024-07-11T01:08:04.924296" elapsed="0.000670"/>
</kw>
<kw name="Log" owner="BuiltIn">
<msg time="2024-07-11T01:08:04.925630" level="INFO">location</msg>
<arg>${key}</arg>
<doc>Logs the given message with the given level.</doc>
<status status="PASS" start="2024-07-11T01:08:04.925430" elapsed="0.000268"/>
</kw>
<var name="${key}">location</var>
<status status="PASS" start="2024-07-11T01:08:04.923125" elapsed="0.002930"/>
</iter>
<iter>
<kw name="Dictionary Should Contain Key" owner="Collections">
<arg>${json_data['results'][0]}</arg>
<arg>${key}</arg>
<doc>Fails if ``key`` is not found from ``dictionary``.</doc>
<status status="PASS" start="2024-07-11T01:08:04.926525" elapsed="0.000661"/>
</kw>
<kw name="Log" owner="BuiltIn">
<msg time="2024-07-11T01:08:04.928097" level="INFO">{'gender': 'female', 'name': {'title': 'Mrs', 'first': 'Sophia', 'last': 'Leclerc'}, 'location': {'street': {'number': 9167, 'name': 'Rue Gasparin'}, 'city': 'Orléans', 'state': 'Bouches-du-Rhône', 'country': 'France', 'postcode': 15226, 'coordinates': {'latitude': '-16.1324', 'longitude': '69.9703'}, 'timezone': {'offset': '+1:00', 'description': 'Brussels, Copenhagen, Madrid, Paris'}}, 'email': 'sophia.leclerc@example.com', 'login': {'uuid': 'e897eea2-0bad-44e1-938e-d8b853667b2b', 'username': 'whiteswan596', 'password': 'lord', 'salt': 'SPYr6hMn', 'md5': '195a25cefa97cc8a0691807e82c3d9fd', 'sha1': '39e5bfeaaa6a937842c60f582cb40e2c9e5029e0', 'sha256': 'f130128f961b5fb17fb00f9a0c47acfcc80f09214a229db3ce90a71189ea40d6'}, 'dob': {'date': '1984-02-27T12:13:51.195Z', 'age': 40}, 'registered': {'date': '2012-08-19T11:54:40.066Z', 'age': 11}, 'phone': '02-44-47-17-97', 'cell': '06-67-82-60-29', 'id': {'name': 'INSEE', 'value': '2840163447626 45'}, 'picture': {'large': 'https://randomuser.me/api/portraits/women/36.jpg', 'medium': 'https://randomuser.me/api/portraits/med/women/36.jpg', 'thumbnail': 'https://randomuser.me/api/portraits/thumb/women/36.jpg'}, 'nat': 'FR'}</msg>
<arg>${json_data['results'][0]}</arg>
<doc>Logs the given message with the given level.</doc>
<status status="PASS" start="2024-07-11T01:08:04.927497" elapsed="0.000681"/>
</kw>
<kw name="Log" owner="BuiltIn">
<msg time="2024-07-11T01:08:04.928861" level="INFO">email</msg>
<arg>${key}</arg>
<doc>Logs the given message with the given level.</doc>
<status status="PASS" start="2024-07-11T01:08:04.928647" elapsed="0.000277"/>
</kw>
<var name="${key}">email</var>
<status status="PASS" start="2024-07-11T01:08:04.926344" elapsed="0.002918"/>
</iter>
<iter>
<kw name="Dictionary Should Contain Key" owner="Collections">
<arg>${json_data['results'][0]}</arg>
<arg>${key}</arg>
<doc>Fails if ``key`` is not found from ``dictionary``.</doc>
<status status="PASS" start="2024-07-11T01:08:04.929740" elapsed="0.000648"/>
</kw>
<kw name="Log" owner="BuiltIn">
<msg time="2024-07-11T01:08:04.931323" level="INFO">{'gender': 'female', 'name': {'title': 'Mrs', 'first': 'Sophia', 'last': 'Leclerc'}, 'location': {'street': {'number': 9167, 'name': 'Rue Gasparin'}, 'city': 'Orléans', 'state': 'Bouches-du-Rhône', 'country': 'France', 'postcode': 15226, 'coordinates': {'latitude': '-16.1324', 'longitude': '69.9703'}, 'timezone': {'offset': '+1:00', 'description': 'Brussels, Copenhagen, Madrid, Paris'}}, 'email': 'sophia.leclerc@example.com', 'login': {'uuid': 'e897eea2-0bad-44e1-938e-d8b853667b2b', 'username': 'whiteswan596', 'password': 'lord', 'salt': 'SPYr6hMn', 'md5': '195a25cefa97cc8a0691807e82c3d9fd', 'sha1': '39e5bfeaaa6a937842c60f582cb40e2c9e5029e0', 'sha256': 'f130128f961b5fb17fb00f9a0c47acfcc80f09214a229db3ce90a71189ea40d6'}, 'dob': {'date': '1984-02-27T12:13:51.195Z', 'age': 40}, 'registered': {'date': '2012-08-19T11:54:40.066Z', 'age': 11}, 'phone': '02-44-47-17-97', 'cell': '06-67-82-60-29', 'id': {'name': 'INSEE', 'value': '2840163447626 45'}, 'picture': {'large': 'https://randomuser.me/api/portraits/women/36.jpg', 'medium': 'https://randomuser.me/api/portraits/med/women/36.jpg', 'thumbnail': 'https://randomuser.me/api/portraits/thumb/women/36.jpg'}, 'nat': 'FR'}</msg>
<arg>${json_data['results'][0]}</arg>
<doc>Logs the given message with the given level.</doc>
<status status="PASS" start="2024-07-11T01:08:04.930701" elapsed="0.000708"/>
</kw>
<kw name="Log" owner="BuiltIn">
<msg time="2024-07-11T01:08:04.932100" level="INFO">login</msg>
<arg>${key}</arg>
<doc>Logs the given message with the given level.</doc>
<status status="PASS" start="2024-07-11T01:08:04.931884" elapsed="0.000280"/>
</kw>
<var name="${key}">login</var>
<status status="PASS" start="2024-07-11T01:08:04.929555" elapsed="0.002928"/>
</iter>
<var>${key}</var>
<value>@{expected_keys}</value>
<status status="PASS" start="2024-07-11T01:08:04.916533" elapsed="0.016135"/>
</for>
<kw name="Create List" owner="BuiltIn">
<msg time="2024-07-11T01:08:04.933259" level="INFO">${expected_keysTwo} = ['username', 'password']</msg>
<var>${expected_keysTwo}</var>
<arg>username</arg>
<arg>password</arg>
<doc>Returns a list containing given items.</doc>
<status status="PASS" start="2024-07-11T01:08:04.933028" elapsed="0.000276"/>
</kw>
<for flavor="IN">
<iter>
<kw name="Dictionary Should Contain Key" owner="Collections">
<arg>${json_data['results'][0]['login']}</arg>
<arg>${keyTwo}</arg>
<doc>Fails if ``key`` is not found from ``dictionary``.</doc>
<status status="PASS" start="2024-07-11T01:08:04.934107" elapsed="0.000613"/>
</kw>
<kw name="Dictionary Should Contain Key" owner="Collections">
<arg>${json_data['results'][0]['login']}</arg>
<arg>${keyTwo}</arg>
<doc>Fails if ``key`` is not found from ``dictionary``.</doc>
<status status="PASS" start="2024-07-11T01:08:04.935062" elapsed="0.000639"/>
</kw>
<kw name="Log" owner="BuiltIn">
<msg time="2024-07-11T01:08:04.936188" level="INFO">username</msg>
<arg>${keyTwo}</arg>
<doc>Logs the given message with the given level.</doc>
<status status="PASS" start="2024-07-11T01:08:04.935991" elapsed="0.000268"/>
</kw>
<var name="${keyTwo}">username</var>
<status status="PASS" start="2024-07-11T01:08:04.933942" elapsed="0.002661"/>
</iter>
<iter>
<kw name="Dictionary Should Contain Key" owner="Collections">
<arg>${json_data['results'][0]['login']}</arg>
<arg>${keyTwo}</arg>
<doc>Fails if ``key`` is not found from ``dictionary``.</doc>
<status status="PASS" start="2024-07-11T01:08:04.937076" elapsed="0.000677"/>
</kw>
<kw name="Dictionary Should Contain Key" owner="Collections">
<arg>${json_data['results'][0]['login']}</arg>
<arg>${keyTwo}</arg>
<doc>Fails if ``key`` is not found from ``dictionary``.</doc>
<status status="PASS" start="2024-07-11T01:08:04.938037" elapsed="0.000675"/>
</kw>
<kw name="Log" owner="BuiltIn">
<msg time="2024-07-11T01:08:04.939200" level="INFO">password</msg>
<arg>${keyTwo}</arg>
<doc>Logs the given message with the given level.</doc>
<status status="PASS" start="2024-07-11T01:08:04.939058" elapsed="0.000187"/>
</kw>
<var name="${keyTwo}">password</var>
<status status="PASS" start="2024-07-11T01:08:04.936891" elapsed="0.002681"/>
</iter>
<var>${keyTwo}</var>
<value>@{expected_keysTwo}</value>
<status status="PASS" start="2024-07-11T01:08:04.933699" elapsed="0.006000"/>
</for>
<status status="PASS" start="2024-07-11T01:08:04.870213" elapsed="0.069629"/>
</kw>
<doc>Testa a estrutura da resposta da API.</doc>
<tag>testeEstruturaResposta</tag>
<status status="PASS" start="2024-07-11T01:08:04.869591" elapsed="0.070406"/>
</test>
<test id="s1-s1-t4" name="Validar tipos de dados" line="28">
<kw name="Teste de Tipos de Dados" owner="random-user-service">
<kw name="GET On Session" owner="RequestsLibrary">
<msg time="2024-07-11T01:08:05.017368" level="INFO">GET Request : url=https://randomuser.me/api 
 path_url=/api 
 headers={'User-Agent': 'python-requests/2.32.3', 'Accept-Encoding': 'gzip, deflate', 'Accept': '*/*', 'Connection': 'keep-alive'} 
 body=None 
 </msg>
<msg time="2024-07-11T01:08:05.017462" level="INFO">GET Response : url=https://randomuser.me/api 
 status=200, reason=OK 
 headers={'Date': 'Thu, 11 Jul 2024 01:08:05 GMT', 'Content-Type': 'application/json; charset=utf-8', 'Transfer-Encoding': 'chunked', 'Connection': 'keep-alive', 'X-Powered-By': 'Express', 'Access-Control-Allow-Origin': '*', 'Cache-Control': 'no-cache', 'ETag': 'W/"493-XZZmfJfSAhDMYQjAiFW18TBvb04"', 'Vary': 'Accept-Encoding', 'Content-Encoding': 'gzip', 'CF-Cache-Status': 'DYNAMIC', 'Report-To': '{"endpoints":[{"url":"https:\\/\\/a.nel.cloudflare.com\\/report\\/v4?s=16%2BRExW0PDKw4Wx%2Bc6LPDtoL%2F2JjrFdVKVhbcroeuSJaajgVJqIHHeWv7h53q8VSW5sODJbLhHN6q9rBSZL%2FTE3RVfybluxemakTkYOIfmuQSMFhdfgazHW9YLFxh8zt"}],"group":"cf-nel","max_age":604800}', 'NEL': '{"success_fraction":0,"report_to":"cf-nel","max_age":604800}', 'Server': 'cloudflare', 'CF-RAY': '8a14e67aeaca801e-IAD', 'alt-svc': 'h3=":443"; ma=86400'} 
 body={"results":[{"gender":"female","name":{"title":"Ms","first":"Victoria","last":"Olsen"},"location":{"street":{"number":4181,"name":"Damgårdsvej"},"city":"Sundby","state":"Syddanmark","country":"Denmark","postcode":11836,"coordinates":{"latitude":"-43.9905","longitude":"73.0784"},"timezone":{"offset":"+5:00","description":"Ekaterinburg, Islamabad, Karachi, Tashkent"}},"email":"victoria.olsen@example.com","login":{"uuid":"faca61dd-05e7-43e1-991f-23d2347eed9b","username":"yellowcat322","password":"ariane","salt":"v4Bl5eJK","md5":"a4639e579d373cea9916388c897ac38f","sha1":"02ec405480bbcb96c821573b1fc344bda257d816","sha256":"96e301bb6bf7cf1245e8680eb3a1367ddaa4d6572511e42cde3b2b8ffa5f8422"},"dob":{"date":"1993-04-05T06:52:14.628Z","age":31},"registered":{"date":"2005-01-17T07:10:10.689Z","age":19},"phone":"34998674","cell":"63234537","id":{"name":"CPR","value":"050493-6325"},"picture":{"large":"https://randomuser.me/api/portraits/women/19.jpg","medium":"https://randomuser.me/api/portraits/med/women/19.jpg","thumbnail":"https://randomuser.me/api/portraits/thumb/women/19.jpg"},"nat":"DK"}],"info":{"seed":"c04a83e99a1d3db8","results":1,"page":1,"version":"1.4"}} 
 </msg>
<msg time="2024-07-11T01:08:05.017544" level="INFO">/opt/hostedtoolcache/Python/3.12.4/x64/lib/python3.12/site-packages/urllib3/connectionpool.py:1099: InsecureRequestWarning: Unverified HTTPS request is being made to host 'randomuser.me'. Adding certificate verification is strongly advised. See: https://urllib3.readthedocs.io/en/latest/advanced-usage.html#tls-warnings
  warnings.warn(</msg>
<msg time="2024-07-11T01:08:05.017686" level="INFO">${response} = &lt;Response [200]&gt;</msg>
<var>${response}</var>
<arg>consultarAPI</arg>
<arg>/api</arg>
<doc>Sends a GET request on a previously created HTTP Session.</doc>
<status status="PASS" start="2024-07-11T01:08:04.942555" elapsed="0.075184"/>
</kw>
<kw name="Set Variable" owner="BuiltIn">
<msg time="2024-07-11T01:08:05.018697" level="INFO">${json_data} = {'results': [{'gender': 'female', 'name': {'title': 'Ms', 'first': 'Victoria', 'last': 'Olsen'}, 'location': {'street': {'number': 4181, 'name': 'Damgårdsvej'}, 'city': 'Sundby', 'state': 'Syddanmark'...</msg>
<var>${json_data}</var>
<arg>${response.json()}</arg>
<doc>Returns the given values which can then be assigned to a variables.</doc>
<status status="PASS" start="2024-07-11T01:08:05.018198" elapsed="0.000529"/>
</kw>
<kw name="Log" owner="BuiltIn">
<msg time="2024-07-11T01:08:05.019237" level="INFO">{'results': [{'gender': 'female', 'name': {'title': 'Ms', 'first': 'Victoria', 'last': 'Olsen'}, 'location': {'street': {'number': 4181, 'name': 'Damgårdsvej'}, 'city': 'Sundby', 'state': 'Syddanmark', 'country': 'Denmark', 'postcode': 11836, 'coordinates': {'latitude': '-43.9905', 'longitude': '73.0784'}, 'timezone': {'offset': '+5:00', 'description': 'Ekaterinburg, Islamabad, Karachi, Tashkent'}}, 'email': 'victoria.olsen@example.com', 'login': {'uuid': 'faca61dd-05e7-43e1-991f-23d2347eed9b', 'username': 'yellowcat322', 'password': 'ariane', 'salt': 'v4Bl5eJK', 'md5': 'a4639e579d373cea9916388c897ac38f', 'sha1': '02ec405480bbcb96c821573b1fc344bda257d816', 'sha256': '96e301bb6bf7cf1245e8680eb3a1367ddaa4d6572511e42cde3b2b8ffa5f8422'}, 'dob': {'date': '1993-04-05T06:52:14.628Z', 'age': 31}, 'registered': {'date': '2005-01-17T07:10:10.689Z', 'age': 19}, 'phone': '34998674', 'cell': '63234537', 'id': {'name': 'CPR', 'value': '050493-6325'}, 'picture': {'large': 'https://randomuser.me/api/portraits/women/19.jpg', 'medium': 'https://randomuser.me/api/portraits/med/women/19.jpg', 'thumbnail': 'https://randomuser.me/api/portraits/thumb/women/19.jpg'}, 'nat': 'DK'}], 'info': {'seed': 'c04a83e99a1d3db8', 'results': 1, 'page': 1, 'version': '1.4'}}</msg>
<arg>${json_data}</arg>
<doc>Logs the given message with the given level.</doc>
<status status="PASS" start="2024-07-11T01:08:05.019071" elapsed="0.000218"/>
</kw>
<kw name="Should Be String" owner="String">
<arg>${json_data['results'][0]['gender']}</arg>
<doc>Fails if the given ``item`` is not a string.</doc>
<status status="PASS" start="2024-07-11T01:08:05.019588" elapsed="0.000355"/>
</kw>
<kw name="Should Match Regexp" owner="BuiltIn">
<arg>${json_data['results'][0]['email']}</arg>
<arg>^[a-zA-Z0-9._%+-]+@[a-zA-Z0-9.-]+\.[a-zA-Z]{2,}$</arg>
<doc>Fails if ``string`` does not match ``pattern`` as a regular expression.</doc>
<status status="PASS" start="2024-07-11T01:08:05.020167" elapsed="0.000520"/>
</kw>
<kw name="Should Match Regexp" owner="BuiltIn">
<arg>${json_data['results'][0]['dob']['date']}</arg>
<arg>\\d{4}-\\d{2}-\\d{2}T\\d{2}:\\d{2}:\\d{2}\\.\\d{3}Z</arg>
<doc>Fails if ``string`` does not match ``pattern`` as a regular expression.</doc>
<status status="PASS" start="2024-07-11T01:08:05.020885" elapsed="0.000485"/>
</kw>
<kw name="Should Match Regexp" owner="BuiltIn">
<arg>${json_data['results'][0]['registered']['date']}</arg>
<arg>\\d{4}-\\d{2}-\\d{2}T\\d{2}:\\d{2}:\\d{2}\\.\\d{3}Z</arg>
<doc>Fails if ``string`` does not match ``pattern`` as a regular expression.</doc>
<status status="PASS" start="2024-07-11T01:08:05.021560" elapsed="0.000363"/>
</kw>
<kw name="Should Match Regexp" owner="BuiltIn">
<arg>${json_data['results'][0]['picture']['large']}</arg>
<arg>^https?://.*\.(?:png|jpe?g|gif|bmp)$</arg>
<doc>Fails if ``string`` does not match ``pattern`` as a regular expression.</doc>
<status status="PASS" start="2024-07-11T01:08:05.022109" elapsed="0.000460"/>
</kw>
<kw name="Should Match Regexp" owner="BuiltIn">
<arg>${json_data['results'][0]['picture']['medium']}</arg>
<arg>^https?://.*\.(?:png|jpe?g|gif|bmp)$</arg>
<doc>Fails if ``string`` does not match ``pattern`` as a regular expression.</doc>
<status status="PASS" start="2024-07-11T01:08:05.022756" elapsed="0.000373"/>
</kw>
<kw name="Should Match Regexp" owner="BuiltIn">
<arg>${json_data['results'][0]['picture']['thumbnail']}</arg>
<arg>^https?://.*\.(?:png|jpe?g|gif|bmp)$</arg>
<doc>Fails if ``string`` does not match ``pattern`` as a regular expression.</doc>
<status status="PASS" start="2024-07-11T01:08:05.023312" elapsed="0.000343"/>
</kw>
<kw name="Log" owner="BuiltIn">
<msg time="2024-07-11T01:08:05.024174" level="INFO">{'large': 'https://randomuser.me/api/portraits/women/19.jpg', 'medium': 'https://randomuser.me/api/portraits/med/women/19.jpg', 'thumbnail': 'https://randomuser.me/api/portraits/thumb/women/19.jpg'}</msg>
<arg>${json_data['results'][0]['picture']}</arg>
<doc>Logs the given message with the given level.</doc>
<status status="PASS" start="2024-07-11T01:08:05.023838" elapsed="0.000378"/>
</kw>
<status status="PASS" start="2024-07-11T01:08:04.942326" elapsed="0.082147"/>
</kw>
<kw name="Teste de Tipos de Dados - Postcode" owner="random-user-service">
<kw name="GET On Session" owner="RequestsLibrary">
<msg time="2024-07-11T01:08:05.120949" level="INFO">GET Request : url=https://randomuser.me/api 
 path_url=/api 
 headers={'User-Agent': 'python-requests/2.32.3', 'Accept-Encoding': 'gzip, deflate', 'Accept': '*/*', 'Connection': 'keep-alive'} 
 body=None 
 </msg>
<msg time="2024-07-11T01:08:05.121058" level="INFO">GET Response : url=https://randomuser.me/api 
 status=200, reason=OK 
 headers={'Date': 'Thu, 11 Jul 2024 01:08:05 GMT', 'Content-Type': 'application/json; charset=utf-8', 'Transfer-Encoding': 'chunked', 'Connection': 'keep-alive', 'X-Powered-By': 'Express', 'Access-Control-Allow-Origin': '*', 'Cache-Control': 'no-cache', 'ETag': 'W/"478-4VJwHBnSNrMbW9KgnCI9qjkzmRQ"', 'Vary': 'Accept-Encoding', 'Content-Encoding': 'gzip', 'CF-Cache-Status': 'DYNAMIC', 'Report-To': '{"endpoints":[{"url":"https:\\/\\/a.nel.cloudflare.com\\/report\\/v4?s=RxPGGk43G2Xx415%2FwqHB5UJm70fIne9gsoUzMJKY13o2hsCBkDwOxZ72jyOsSVy93BLKqBeo03%2B9IHUVCF80%2FbUKQmH7i3ZY58%2BJNRV82RqVql%2BJJ9BvKP6h1Ess2EsQ"}],"group":"cf-nel","max_age":604800}', 'NEL': '{"success_fraction":0,"report_to":"cf-nel","max_age":604800}', 'Server': 'cloudflare', 'CF-RAY': '8a14e67b6b6f801e-IAD', 'alt-svc': 'h3=":443"; ma=86400'} 
 body={"results":[{"gender":"male","name":{"title":"Mr","first":"Arturo","last":"Santos"},"location":{"street":{"number":9321,"name":"Calle de Segovia"},"city":"Córdoba","state":"Extremadura","country":"Spain","postcode":27911,"coordinates":{"latitude":"-38.2539","longitude":"-54.5095"},"timezone":{"offset":"-9:00","description":"Alaska"}},"email":"arturo.santos@example.com","login":{"uuid":"2d1e9393-27e6-4797-961b-9a9630cc56c9","username":"beautifulpanda620","password":"girfriend","salt":"lD5xCLCK","md5":"162ae4d08d1c017effd0227636b1ef99","sha1":"2d7528ccd209f949eef5df0bf8743d22c6b0c914","sha256":"8c1ac30121aefb5c951acee0744b5ea409a6b26c109e44ac98865cc9010d621d"},"dob":{"date":"1983-02-22T20:18:33.003Z","age":41},"registered":{"date":"2014-05-12T23:24:50.564Z","age":10},"phone":"910-773-475","cell":"698-043-128","id":{"name":"DNI","value":"88579273-N"},"picture":{"large":"https://randomuser.me/api/portraits/men/39.jpg","medium":"https://randomuser.me/api/portraits/med/men/39.jpg","thumbnail":"https://randomuser.me/api/portraits/thumb/men/39.jpg"},"nat":"ES"}],"info":{"seed":"28447e8af5a0c50c","results":1,"page":1,"version":"1.4"}} 
 </msg>
<msg time="2024-07-11T01:08:05.121132" level="INFO">/opt/hostedtoolcache/Python/3.12.4/x64/lib/python3.12/site-packages/urllib3/connectionpool.py:1099: InsecureRequestWarning: Unverified HTTPS request is being made to host 'randomuser.me'. Adding certificate verification is strongly advised. See: https://urllib3.readthedocs.io/en/latest/advanced-usage.html#tls-warnings
  warnings.warn(</msg>
<msg time="2024-07-11T01:08:05.121274" level="INFO">${response} = &lt;Response [200]&gt;</msg>
<var>${response}</var>
<arg>consultarAPI</arg>
<arg>/api</arg>
<doc>Sends a GET request on a previously created HTTP Session.</doc>
<status status="PASS" start="2024-07-11T01:08:05.024919" elapsed="0.096396"/>
</kw>
<kw name="Set Variable" owner="BuiltIn">
<msg time="2024-07-11T01:08:05.122335" level="INFO">${json_data} = {'results': [{'gender': 'male', 'name': {'title': 'Mr', 'first': 'Arturo', 'last': 'Santos'}, 'location': {'street': {'number': 9321, 'name': 'Calle de Segovia'}, 'city': 'Córdoba', 'state': 'Extremad...</msg>
<var>${json_data}</var>
<arg>${response.json()}</arg>
<doc>Returns the given values which can then be assigned to a variables.</doc>
<status status="PASS" start="2024-07-11T01:08:05.121825" elapsed="0.000540"/>
</kw>
<kw name="Log" owner="BuiltIn">
<msg time="2024-07-11T01:08:05.122843" level="INFO">{'results': [{'gender': 'male', 'name': {'title': 'Mr', 'first': 'Arturo', 'last': 'Santos'}, 'location': {'street': {'number': 9321, 'name': 'Calle de Segovia'}, 'city': 'Córdoba', 'state': 'Extremadura', 'country': 'Spain', 'postcode': 27911, 'coordinates': {'latitude': '-38.2539', 'longitude': '-54.5095'}, 'timezone': {'offset': '-9:00', 'description': 'Alaska'}}, 'email': 'arturo.santos@example.com', 'login': {'uuid': '2d1e9393-27e6-4797-961b-9a9630cc56c9', 'username': 'beautifulpanda620', 'password': 'girfriend', 'salt': 'lD5xCLCK', 'md5': '162ae4d08d1c017effd0227636b1ef99', 'sha1': '2d7528ccd209f949eef5df0bf8743d22c6b0c914', 'sha256': '8c1ac30121aefb5c951acee0744b5ea409a6b26c109e44ac98865cc9010d621d'}, 'dob': {'date': '1983-02-22T20:18:33.003Z', 'age': 41}, 'registered': {'date': '2014-05-12T23:24:50.564Z', 'age': 10}, 'phone': '910-773-475', 'cell': '698-043-128', 'id': {'name': 'DNI', 'value': '88579273-N'}, 'picture': {'large': 'https://randomuser.me/api/portraits/men/39.jpg', 'medium': 'https://randomuser.me/api/portraits/med/men/39.jpg', 'thumbnail': 'https://randomuser.me/api/portraits/thumb/men/39.jpg'}, 'nat': 'ES'}], 'info': {'seed': '28447e8af5a0c50c', 'results': 1, 'page': 1, 'version': '1.4'}}</msg>
<arg>${json_data}</arg>
<doc>Logs the given message with the given level.</doc>
<status status="PASS" start="2024-07-11T01:08:05.122678" elapsed="0.000215"/>
</kw>
<kw name="Should Be Equal As Numbers" owner="BuiltIn">
<arg>${json_data['results'][0]['location']['postcode']}</arg>
<arg>${json_data['results'][0]['location']['postcode']}</arg>
<doc>Fails if objects are unequal after converting them to real numbers.</doc>
<status status="PASS" start="2024-07-11T01:08:05.123237" elapsed="0.000629"/>
</kw>
<kw name="Log" owner="BuiltIn">
<msg time="2024-07-11T01:08:05.124615" level="INFO">27911</msg>
<arg>${json_data['results'][0]['location']['postcode']}</arg>
<doc>Logs the given message with the given level.</doc>
<status status="PASS" start="2024-07-11T01:08:05.124100" elapsed="0.000557"/>
</kw>
<status status="PASS" start="2024-07-11T01:08:05.024696" elapsed="0.100222"/>
</kw>
<doc>Testa se os tipos de dados na resposta da API estão corretos.</doc>
<tag>testeTiposDados</tag>
<status status="PASS" start="2024-07-11T01:08:04.941772" elapsed="0.183315"/>
</test>
<test id="s1-s1-t5" name="Validar conteudo" line="35">
<kw name="Teste de Tipos de Conteudo" owner="random-user-service">
<kw name="GET On Session" owner="RequestsLibrary">
<msg time="2024-07-11T01:08:05.222608" level="INFO">GET Request : url=https://randomuser.me/api 
 path_url=/api 
 headers={'User-Agent': 'python-requests/2.32.3', 'Accept-Encoding': 'gzip, deflate', 'Accept': '*/*', 'Connection': 'keep-alive'} 
 body=None 
 </msg>
<msg time="2024-07-11T01:08:05.222693" level="INFO">GET Response : url=https://randomuser.me/api 
 status=200, reason=OK 
 headers={'Date': 'Thu, 11 Jul 2024 01:08:05 GMT', 'Content-Type': 'application/json; charset=utf-8', 'Transfer-Encoding': 'chunked', 'Connection': 'keep-alive', 'X-Powered-By': 'Express', 'Access-Control-Allow-Origin': '*', 'Cache-Control': 'no-cache', 'ETag': 'W/"4ad-X/bv/zeNdHwhkv1QWYMdivY746o"', 'Vary': 'Accept-Encoding', 'Content-Encoding': 'gzip', 'CF-Cache-Status': 'DYNAMIC', 'Report-To': '{"endpoints":[{"url":"https:\\/\\/a.nel.cloudflare.com\\/report\\/v4?s=nQwOFkW9hWRfhkITaKSBjlVqBqzgag2i4NLr7maTNAQlUhotdQfsZBrAIr1GA7dqmqBtP7sIRmT7Egcp8h4wlzsXwlaDDqqo9gQ3qPcXZfbnNQd782dviyoYHqSHNEHg"}],"group":"cf-nel","max_age":604800}', 'NEL': '{"success_fraction":0,"report_to":"cf-nel","max_age":604800}', 'Server': 'cloudflare', 'CF-RAY': '8a14e67c1c30801e-IAD', 'alt-svc': 'h3=":443"; ma=86400'} 
 body={"results":[{"gender":"female","name":{"title":"Ms","first":"Cerilânia","last":"Silveira"},"location":{"street":{"number":3871,"name":"Rua Vinte de Setembro"},"city":"Eunápolis","state":"Pernambuco","country":"Brazil","postcode":68717,"coordinates":{"latitude":"-73.1141","longitude":"5.7120"},"timezone":{"offset":"+4:00","description":"Abu Dhabi, Muscat, Baku, Tbilisi"}},"email":"cerilania.silveira@example.com","login":{"uuid":"2ef96e49-a82c-4ed0-92e7-b3f6f1651a01","username":"heavypanda288","password":"terror","salt":"HlX42a2k","md5":"e6bdb63c7018b68834f9e0e62c9e5f81","sha1":"68fbaa9840a602711d989bc291c825e94a3a6aa7","sha256":"ca5fefc589606289edd4c9bdc94126371f5037b000f1ba43e6cbd91a425c3063"},"dob":{"date":"1999-01-30T10:07:48.260Z","age":25},"registered":{"date":"2010-02-10T01:01:03.512Z","age":14},"phone":"(14) 3060-1496","cell":"(51) 7281-9674","id":{"name":"CPF","value":"114.370.115-85"},"picture":{"large":"https://randomuser.me/api/portraits/women/92.jpg","medium":"https://randomuser.me/api/portraits/med/women/92.jpg","thumbnail":"https://randomuser.me/api/portraits/thumb/women/92.jpg"},"nat":"BR"}],"info":{"seed":"79f13c58576653db","results":1,"page":1,"version":"1.4"}} 
 </msg>
<msg time="2024-07-11T01:08:05.222778" level="INFO">/opt/hostedtoolcache/Python/3.12.4/x64/lib/python3.12/site-packages/urllib3/connectionpool.py:1099: InsecureRequestWarning: Unverified HTTPS request is being made to host 'randomuser.me'. Adding certificate verification is strongly advised. See: https://urllib3.readthedocs.io/en/latest/advanced-usage.html#tls-warnings
  warnings.warn(</msg>
<msg time="2024-07-11T01:08:05.222913" level="INFO">${response} = &lt;Response [200]&gt;</msg>
<var>${response}</var>
<arg>consultarAPI</arg>
<arg>/api</arg>
<doc>Sends a GET request on a previously created HTTP Session.</doc>
<status status="PASS" start="2024-07-11T01:08:05.127970" elapsed="0.094997"/>
</kw>
<kw name="Set Variable" owner="BuiltIn">
<msg time="2024-07-11T01:08:05.223899" level="INFO">${json_data} = {'results': [{'gender': 'female', 'name': {'title': 'Ms', 'first': 'Cerilânia', 'last': 'Silveira'}, 'location': {'street': {'number': 3871, 'name': 'Rua Vinte de Setembro'}, 'city': 'Eunápolis', 'sta...</msg>
<var>${json_data}</var>
<arg>${response.json()}</arg>
<doc>Returns the given values which can then be assigned to a variables.</doc>
<status status="PASS" start="2024-07-11T01:08:05.223445" elapsed="0.000484"/>
</kw>
<kw name="Set Variable" owner="BuiltIn">
<msg time="2024-07-11T01:08:05.224629" level="INFO">${name_title} = Ms</msg>
<var>${name_title}</var>
<arg>${json_data["results"][0]["name"]["title"]}</arg>
<doc>Returns the given values which can then be assigned to a variables.</doc>
<status status="PASS" start="2024-07-11T01:08:05.224244" elapsed="0.000411"/>
</kw>
<kw name="Create List" owner="BuiltIn">
<msg time="2024-07-11T01:08:05.225107" level="INFO">${allowed_titles} = ['Mr', 'Ms', 'Miss', 'Mrs', 'Madame', 'Monsieur']</msg>
<var>${allowed_titles}</var>
<arg>Mr</arg>
<arg>Ms</arg>
<arg>Miss</arg>
<arg>Mrs</arg>
<arg>Madame</arg>
<arg>Monsieur</arg>
<doc>Returns a list containing given items.</doc>
<status status="PASS" start="2024-07-11T01:08:05.224958" elapsed="0.000173"/>
</kw>
<kw name="List Should Contain Value" owner="Collections">
<arg>${allowed_titles}</arg>
<arg>${name_title}</arg>
<doc>Fails if the ``value`` is not found from ``list``.</doc>
<status status="PASS" start="2024-07-11T01:08:05.225429" elapsed="0.000187"/>
</kw>
<kw name="Set Variable" owner="BuiltIn">
<msg time="2024-07-11T01:08:05.226166" level="INFO">${name_country} = BR</msg>
<var>${name_country}</var>
<arg>${json_data["results"][0]["nat"]}</arg>
<doc>Returns the given values which can then be assigned to a variables.</doc>
<status status="PASS" start="2024-07-11T01:08:05.225799" elapsed="0.000393"/>
</kw>
<kw name="Create List" owner="BuiltIn">
<msg time="2024-07-11T01:08:05.227116" level="INFO">${list_country} = ['AD', 'AE', 'AF', 'AG', 'AI', 'AL', 'AM', 'AO', 'AQ', 'AR', 'AS', 'AT', 'AU', 'AW', 'AX', 'AZ', 'BA', 'BB', 'BD', 'BE', 'BF', 'BG', 'BH', 'BI', 'BJ', 'BL', 'BM', 'BN', 'BO', 'BQ', 'BR', 'BS', 'BT', '...</msg>
<var>${list_country}</var>
<arg>AD</arg>
<arg>AE</arg>
<arg>AF</arg>
<arg>AG</arg>
<arg>AI</arg>
<arg>AL</arg>
<arg>AM</arg>
<arg>AO</arg>
<arg>AQ</arg>
<arg>AR</arg>
<arg>AS</arg>
<arg>AT</arg>
<arg>AU</arg>
<arg>AW</arg>
<arg>AX</arg>
<arg>AZ</arg>
<arg>BA</arg>
<arg>BB</arg>
<arg>BD</arg>
<arg>BE</arg>
<arg>BF</arg>
<arg>BG</arg>
<arg>BH</arg>
<arg>BI</arg>
<arg>BJ</arg>
<arg>BL</arg>
<arg>BM</arg>
<arg>BN</arg>
<arg>BO</arg>
<arg>BQ</arg>
<arg>BR</arg>
<arg>BS</arg>
<arg>BT</arg>
<arg>BV</arg>
<arg>BW</arg>
<arg>BY</arg>
<arg>BZ</arg>
<arg>CA</arg>
<arg>CC</arg>
<arg>CD</arg>
<arg>CF</arg>
<arg>CG</arg>
<arg>CH</arg>
<arg>CI</arg>
<arg>CK</arg>
<arg>CL</arg>
<arg>CM</arg>
<arg>CN</arg>
<arg>CO</arg>
<arg>CR</arg>
<arg>CU</arg>
<arg>CV</arg>
<arg>CW</arg>
<arg>CX</arg>
<arg>CY</arg>
<arg>CZ</arg>
<arg>DE</arg>
<arg>DJ</arg>
<arg>DK</arg>
<arg>DM</arg>
<arg>DO</arg>
<arg>DZ</arg>
<arg>EC</arg>
<arg>EE</arg>
<arg>EG</arg>
<arg>EH</arg>
<arg>ER</arg>
<arg>ES</arg>
<arg>ET</arg>
<arg>FI</arg>
<arg>FJ</arg>
<arg>FK</arg>
<arg>FM</arg>
<arg>FO</arg>
<arg>FR</arg>
<arg>GA</arg>
<arg>GB</arg>
<arg>GD</arg>
<arg>GE</arg>
<arg>GF</arg>
<arg>GG</arg>
<arg>GH</arg>
<arg>GI</arg>
<arg>GL</arg>
<arg>GM</arg>
<arg>GN</arg>
<arg>GP</arg>
<arg>GQ</arg>
<arg>GR</arg>
<arg>GS</arg>
<arg>GT</arg>
<arg>GU</arg>
<arg>GW</arg>
<arg>GY</arg>
<arg>HK</arg>
<arg>HM</arg>
<arg>HN</arg>
<arg>HR</arg>
<arg>HT</arg>
<arg>HU</arg>
<arg>ID</arg>
<arg>IE</arg>
<arg>IL</arg>
<arg>IM</arg>
<arg>IN</arg>
<arg>IO</arg>
<arg>IQ</arg>
<arg>IR</arg>
<arg>IS</arg>
<arg>IT</arg>
<arg>JE</arg>
<arg>JM</arg>
<arg>JO</arg>
<arg>JP</arg>
<arg>KE</arg>
<arg>KG</arg>
<arg>KH</arg>
<arg>KI</arg>
<arg>KM</arg>
<arg>KN</arg>
<arg>KP</arg>
<arg>KR</arg>
<arg>KW</arg>
<arg>KY</arg>
<arg>KZ</arg>
<arg>LA</arg>
<arg>LB</arg>
<arg>LC</arg>
<arg>LI</arg>
<arg>LK</arg>
<arg>LR</arg>
<arg>LS</arg>
<arg>LT</arg>
<arg>LU</arg>
<arg>LV</arg>
<arg>LY</arg>
<arg>MA</arg>
<arg>MC</arg>
<arg>MD</arg>
<arg>ME</arg>
<arg>MF</arg>
<arg>MG</arg>
<arg>MH</arg>
<arg>MK</arg>
<arg>ML</arg>
<arg>MM</arg>
<arg>MN</arg>
<arg>MO</arg>
<arg>MP</arg>
<arg>MQ</arg>
<arg>MR</arg>
<arg>MS</arg>
<arg>MT</arg>
<arg>MU</arg>
<arg>MV</arg>
<arg>MW</arg>
<arg>MX</arg>
<arg>MY</arg>
<arg>MZ</arg>
<arg>NA</arg>
<arg>NC</arg>
<arg>NE</arg>
<arg>NF</arg>
<arg>NG</arg>
<arg>NI</arg>
<arg>NL</arg>
<arg>NO</arg>
<arg>NP</arg>
<arg>NR</arg>
<arg>NU</arg>
<arg>NZ</arg>
<arg>OM</arg>
<arg>PA</arg>
<arg>PE</arg>
<arg>PF</arg>
<arg>PG</arg>
<arg>PH</arg>
<arg>PK</arg>
<arg>PL</arg>
<arg>PM</arg>
<arg>PN</arg>
<arg>PR</arg>
<arg>PS</arg>
<arg>PT</arg>
<arg>PW</arg>
<arg>PY</arg>
<arg>QA</arg>
<arg>RE</arg>
<arg>RO</arg>
<arg>RS</arg>
<arg>RU</arg>
<arg>RW</arg>
<arg>SA</arg>
<arg>SB</arg>
<arg>SC</arg>
<arg>SD</arg>
<arg>SE</arg>
<arg>SG</arg>
<arg>SH</arg>
<arg>SI</arg>
<arg>SJ</arg>
<arg>SK</arg>
<arg>SL</arg>
<arg>SM</arg>
<arg>SN</arg>
<arg>SO</arg>
<arg>SR</arg>
<arg>SS</arg>
<arg>ST</arg>
<arg>SV</arg>
<arg>SX</arg>
<arg>SY</arg>
<arg>SZ</arg>
<arg>TC</arg>
<arg>TD</arg>
<arg>TF</arg>
<arg>TG</arg>
<arg>TH</arg>
<arg>TJ</arg>
<arg>TK</arg>
<arg>TL</arg>
<arg>TM</arg>
<arg>TN</arg>
<arg>TO</arg>
<arg>TR</arg>
<arg>TT</arg>
<arg>TV</arg>
<arg>TW</arg>
<arg>TZ</arg>
<arg>UA</arg>
<arg>UG</arg>
<arg>UM</arg>
<arg>US</arg>
<arg>UY</arg>
<arg>UZ</arg>
<arg>VA</arg>
<arg>VC</arg>
<arg>VE</arg>
<arg>VG</arg>
<arg>VI</arg>
<arg>VN</arg>
<arg>VU</arg>
<arg>WF</arg>
<arg>WS</arg>
<arg>XK</arg>
<arg>YE</arg>
<arg>YT</arg>
<arg>ZA</arg>
<arg>ZM</arg>
<arg>ZW</arg>
<doc>Returns a list containing given items.</doc>
<status status="PASS" start="2024-07-11T01:08:05.226483" elapsed="0.000663"/>
</kw>
<kw name="List Should Contain Value" owner="Collections">
<arg>${list_country}</arg>
<arg>${name_country}</arg>
<doc>Fails if the ``value`` is not found from ``list``.</doc>
<status status="PASS" start="2024-07-11T01:08:05.227945" elapsed="0.000203"/>
</kw>
<kw name="Run Keyword If" owner="BuiltIn">
<kw name="Should Be True" owner="BuiltIn">
<arg>${True}</arg>
<doc>Fails if the given condition is not true.</doc>
<status status="PASS" start="2024-07-11T01:08:05.229074" elapsed="0.000142"/>
</kw>
<arg>${json_data["results"][0]["location"]["coordinates"]["latitude"]} &gt;= -90 and ${json_data["results"][0]["location"]["coordinates"]["latitude"]} &lt;= 90</arg>
<arg>Should Be True</arg>
<arg>${True}</arg>
<doc>Runs the given keyword with the given arguments, if ``condition`` is true.</doc>
<status status="PASS" start="2024-07-11T01:08:05.228342" elapsed="0.000998"/>
</kw>
<kw name="Run Keyword If" owner="BuiltIn">
<kw name="Should Be True" owner="BuiltIn">
<arg>${True}</arg>
<doc>Fails if the given condition is not true.</doc>
<status status="PASS" start="2024-07-11T01:08:05.230203" elapsed="0.000230"/>
</kw>
<arg>${json_data["results"][0]["location"]["coordinates"]["longitude"]} &gt;= -180 and ${json_data["results"][0]["location"]["coordinates"]["longitude"]} &lt;= 180</arg>
<arg>Should Be True</arg>
<arg>${True}</arg>
<doc>Runs the given keyword with the given arguments, if ``condition`` is true.</doc>
<status status="PASS" start="2024-07-11T01:08:05.229519" elapsed="0.001044"/>
</kw>
<status status="PASS" start="2024-07-11T01:08:05.127596" elapsed="0.103099"/>
</kw>
<doc>Testa o conteúdo específico dos campos retornados pela API.</doc>
<tag>testeConteudo</tag>
<status status="PASS" start="2024-07-11T01:08:05.126896" elapsed="0.103944"/>
</test>
<status status="PASS" start="2024-07-11T01:08:04.330351" elapsed="0.902501"/>
</suite>
<status status="PASS" start="2024-07-11T01:08:04.315551" elapsed="0.922377"/>
</suite>
<statistics>
<total>
<stat pass="5" fail="0" skip="0">All Tests</stat>
</total>
<tag>
<stat pass="1" fail="0" skip="0">testeConteudo</stat>
<stat pass="1" fail="0" skip="0">testeEstruturaResposta</stat>
<stat pass="1" fail="0" skip="0">testeRequisicaoBasica</stat>
<stat pass="1" fail="0" skip="0">testeTiposDados</stat>
</tag>
<suite>
<stat pass="5" fail="0" skip="0" id="s1" name="Tests">Tests</stat>
<stat pass="5" fail="0" skip="0" id="s1-s1" name="Random-User-Test">Tests.Random-User-Test</stat>
</suite>
</statistics>
<errors>
</errors>
</robot>
