<?xml version="1.0" encoding="UTF-8"?>
<robot generator="Robot 7.0 (Python 3.12.3 on linux)" generated="2024-05-02T17:13:26.714325" rpa="false" schemaversion="5">
<suite id="s1" name="Tests" source="/home/runner/work/DesafioQAItauRogerioJordao/DesafioQAItauRogerioJordao/RamdonUser/tests">
<suite id="s1-s1" name="Random-User-Test" source="/home/runner/work/DesafioQAItauRogerioJordao/DesafioQAItauRogerioJordao/RamdonUser/tests/random-user-test.robot">
<test id="s1-s1-t1" name="Conectar" line="13">
<kw name="Conectar API" owner="random-user-service">
<kw name="Create Session" owner="RequestsLibrary">
<msg time="2024-05-02T17:13:27.097344" level="INFO">Creating Session using : alias=consultarAPI, url=https://randomuser.me/, headers={},                     cookies={}, auth=None, timeout=None, proxies=None, verify=False,                     debug=0 </msg>
<arg>consultarAPI</arg>
<arg>${URL}</arg>
<doc>Create Session: create a HTTP session to a server</doc>
<status status="PASS" start="2024-05-02T17:13:27.097096" elapsed="0.000435"/>
</kw>
<status status="PASS" start="2024-05-02T17:13:27.096118" elapsed="0.001785"/>
</kw>
<status status="PASS" start="2024-05-02T17:13:27.095545" elapsed="0.002553"/>
</test>
<test id="s1-s1-t2" name="Validar retorno 200 e JSON Válido" line="16">
<kw name="Teste de Requisicao Basica" owner="random-user-service">
<kw name="GET On Session" owner="RequestsLibrary">
<msg time="2024-05-02T17:13:27.255304" level="INFO">GET Request : url=https://randomuser.me/api 
 path_url=/api 
 headers={'User-Agent': 'python-requests/2.31.0', 'Accept-Encoding': 'gzip, deflate', 'Accept': '*/*', 'Connection': 'keep-alive'} 
 body=None 
 </msg>
<msg time="2024-05-02T17:13:27.255450" level="INFO">GET Response : url=https://randomuser.me/api 
 status=200, reason=OK 
 headers={'Date': 'Thu, 02 May 2024 17:13:27 GMT', 'Content-Type': 'application/json; charset=utf-8', 'Transfer-Encoding': 'chunked', 'Connection': 'keep-alive', 'X-Powered-By': 'Express', 'Access-Control-Allow-Origin': '*', 'Cache-Control': 'no-cache', 'ETag': 'W/"46f-+TzmEH1eJ6vHpnL3ddHhvjNGFgk"', 'Vary': 'Accept-Encoding', 'Content-Encoding': 'gzip', 'CF-Cache-Status': 'DYNAMIC', 'Report-To': '{"endpoints":[{"url":"https:\\/\\/a.nel.cloudflare.com\\/report\\/v4?s=wh8T3b%2BMhywUHoisnWs0XkKyk775gHQpYlEw%2B7Ce7bgt4HoWeeY310FpE5%2Bjjq9caVB1%2FpUqLgWXmWk3Xk33RHcNh0QjKUYT5h%2FTvlHWxqTzYY7yfSGems65GCrn64%2By"}],"group":"cf-nel","max_age":604800}', 'NEL': '{"success_fraction":0,"report_to":"cf-nel","max_age":604800}', 'Server': 'cloudflare', 'CF-RAY': '87d9a4589ca52344-SJC', 'alt-svc': 'h3=":443"; ma=86400'} 
 body={"results":[{"gender":"male","name":{"title":"Mr","first":"Matheus","last":"Fonn"},"location":{"street":{"number":1092,"name":"Gardeveien"},"city":"Volda","state":"Hedmark","country":"Norway","postcode":"1088","coordinates":{"latitude":"42.0511","longitude":"-33.5692"},"timezone":{"offset":"+2:00","description":"Kaliningrad, South Africa"}},"email":"matheus.fonn@example.com","login":{"uuid":"93813f42-5673-4b50-92c8-2d442983c85d","username":"smalllion226","password":"blonds","salt":"xzCoUudJ","md5":"ba82f799bbea12e5a13de5c33480c0b6","sha1":"2db7f2903a361b42a4c7dd713ccc5b3acc743fdd","sha256":"e6f977ab81874d8e1ea0359c1f73dd9f40925b4cf6dae9a0fd3cb2e23de30835"},"dob":{"date":"1993-01-31T10:58:59.608Z","age":31},"registered":{"date":"2007-05-09T17:25:14.575Z","age":16},"phone":"25527538","cell":"93973457","id":{"name":"FN","value":"31019313592"},"picture":{"large":"https://randomuser.me/api/portraits/men/26.jpg","medium":"https://randomuser.me/api/portraits/med/men/26.jpg","thumbnail":"https://randomuser.me/api/portraits/thumb/men/26.jpg"},"nat":"NO"}],"info":{"seed":"bd6c8172966cca08","results":1,"page":1,"version":"1.4"}} 
 </msg>
<msg time="2024-05-02T17:13:27.255528" level="INFO">/opt/hostedtoolcache/Python/3.12.3/x64/lib/python3.12/site-packages/urllib3/connectionpool.py:1103: InsecureRequestWarning: Unverified HTTPS request is being made to host 'randomuser.me'. Adding certificate verification is strongly advised. See: https://urllib3.readthedocs.io/en/latest/advanced-usage.html#tls-warnings
  warnings.warn(</msg>
<msg time="2024-05-02T17:13:27.255683" level="INFO">${response} = &lt;Response [200]&gt;</msg>
<var>${response}</var>
<arg>consultarAPI</arg>
<arg>/api</arg>
<doc>Sends a GET request on a previously created HTTP Session.</doc>
<status status="PASS" start="2024-05-02T17:13:27.100705" elapsed="0.155019"/>
</kw>
<kw name="Should Be Equal As Numbers" owner="BuiltIn">
<msg time="2024-05-02T17:13:27.256829" level="INFO">Argument types are:
&lt;class 'int'&gt;
&lt;class 'str'&gt;</msg>
<arg>${response.status_code}</arg>
<arg>200</arg>
<doc>Fails if objects are unequal after converting them to real numbers.</doc>
<status status="PASS" start="2024-05-02T17:13:27.256364" elapsed="0.000530"/>
</kw>
<kw name="Log" owner="BuiltIn">
<msg time="2024-05-02T17:13:27.257630" level="INFO">200</msg>
<arg>${response.status_code}</arg>
<doc>Logs the given message with the given level.</doc>
<status status="PASS" start="2024-05-02T17:13:27.257272" elapsed="0.000400"/>
</kw>
<kw name="Set Variable" owner="BuiltIn">
<msg time="2024-05-02T17:13:27.258403" level="INFO">${json_data} = {'results': [{'gender': 'male', 'name': {'title': 'Mr', 'first': 'Matheus', 'last': 'Fonn'}, 'location': {'street': {'number': 1092, 'name': 'Gardeveien'}, 'city': 'Volda', 'state': 'Hedmark', 'countr...</msg>
<var>${json_data}</var>
<arg>${response.json()}</arg>
<doc>Returns the given values which can then be assigned to a variables.</doc>
<status status="PASS" start="2024-05-02T17:13:27.257974" elapsed="0.000457"/>
</kw>
<kw name="Dictionary Should Contain Key" owner="Collections">
<msg time="2024-05-02T17:13:27.258898" level="INFO">False</msg>
<arg>${json_data}</arg>
<arg>results</arg>
<doc>Fails if ``key`` is not found from ``dictionary``.</doc>
<status status="PASS" start="2024-05-02T17:13:27.258729" elapsed="0.000208"/>
</kw>
<status status="PASS" start="2024-05-02T17:13:27.100458" elapsed="0.158732"/>
</kw>
<doc>Testa se a API responde corretamente e retorna um objeto JSON válido.</doc>
<tag>testeRequisicaoBasica</tag>
<status status="PASS" start="2024-05-02T17:13:27.099979" elapsed="0.159392"/>
</test>
<test id="s1-s1-t3" name="Validar estrutura de resposta" line="22">
<kw name="Teste de Estrutura de Resposta" owner="random-user-service">
<kw name="GET On Session" owner="RequestsLibrary">
<msg time="2024-05-02T17:13:27.355659" level="INFO">GET Request : url=https://randomuser.me/api 
 path_url=/api 
 headers={'User-Agent': 'python-requests/2.31.0', 'Accept-Encoding': 'gzip, deflate', 'Accept': '*/*', 'Connection': 'keep-alive'} 
 body=None 
 </msg>
<msg time="2024-05-02T17:13:27.355754" level="INFO">GET Response : url=https://randomuser.me/api 
 status=200, reason=OK 
 headers={'Date': 'Thu, 02 May 2024 17:13:27 GMT', 'Content-Type': 'application/json; charset=utf-8', 'Transfer-Encoding': 'chunked', 'Connection': 'keep-alive', 'X-Powered-By': 'Express', 'Access-Control-Allow-Origin': '*', 'Cache-Control': 'no-cache', 'ETag': 'W/"48c-PG5/AP+FCG3oBZZatwYeE9b9ahA"', 'Vary': 'Accept-Encoding', 'Content-Encoding': 'gzip', 'CF-Cache-Status': 'DYNAMIC', 'Report-To': '{"endpoints":[{"url":"https:\\/\\/a.nel.cloudflare.com\\/report\\/v4?s=qFdVSd0325sQLNywNUpIP3vpnIh%2Bv4WR%2FzUCFBjlEV1zwV1HLRVd8CpPFmxEWDH%2F87kC%2Fk6ZW0HqPOuxCvy409dxQ7IV2PIQQ%2BgAzY3F%2FsWKkGjSOsGf0hyXT0ORr5rt"}],"group":"cf-nel","max_age":604800}', 'NEL': '{"success_fraction":0,"report_to":"cf-nel","max_age":604800}', 'Server': 'cloudflare', 'CF-RAY': '87d9a4596db42344-SJC', 'alt-svc': 'h3=":443"; ma=86400'} 
 body={"results":[{"gender":"male","name":{"title":"Mr","first":"Arnav","last":"Almeida"},"location":{"street":{"number":8882,"name":"China Bazaar Rd"},"city":"Coimbatore","state":"Chhattisgarh","country":"India","postcode":99611,"coordinates":{"latitude":"5.9086","longitude":"-128.4012"},"timezone":{"offset":"-8:00","description":"Pacific Time (US &amp; Canada)"}},"email":"arnav.almeida@example.com","login":{"uuid":"202e232f-f69b-4908-b373-b546bc9c7d15","username":"lazyelephant737","password":"cabernet","salt":"8ALSMaFU","md5":"ee3f6b6820da41184f515e816803ab54","sha1":"903f09fc0383afca28d2fd125a9d22b82ef7b6b6","sha256":"b48a14ab5e1bde000d34e220778a4dc864218f8ca6a4046027356ef8830ef31c"},"dob":{"date":"1964-10-17T16:45:10.240Z","age":59},"registered":{"date":"2007-08-14T15:19:49.383Z","age":16},"phone":"9758481359","cell":"8627460660","id":{"name":"UIDAI","value":"571778591754"},"picture":{"large":"https://randomuser.me/api/portraits/men/39.jpg","medium":"https://randomuser.me/api/portraits/med/men/39.jpg","thumbnail":"https://randomuser.me/api/portraits/thumb/men/39.jpg"},"nat":"IN"}],"info":{"seed":"cab67be18b7ed6b9","results":1,"page":1,"version":"1.4"}} 
 </msg>
<msg time="2024-05-02T17:13:27.355875" level="INFO">/opt/hostedtoolcache/Python/3.12.3/x64/lib/python3.12/site-packages/urllib3/connectionpool.py:1103: InsecureRequestWarning: Unverified HTTPS request is being made to host 'randomuser.me'. Adding certificate verification is strongly advised. See: https://urllib3.readthedocs.io/en/latest/advanced-usage.html#tls-warnings
  warnings.warn(</msg>
<msg time="2024-05-02T17:13:27.356006" level="INFO">${response} = &lt;Response [200]&gt;</msg>
<var>${response}</var>
<arg>consultarAPI</arg>
<arg>/api</arg>
<doc>Sends a GET request on a previously created HTTP Session.</doc>
<status status="PASS" start="2024-05-02T17:13:27.263267" elapsed="0.092779"/>
</kw>
<kw name="Set Variable" owner="BuiltIn">
<msg time="2024-05-02T17:13:27.357188" level="INFO">${json_data} = {'results': [{'gender': 'male', 'name': {'title': 'Mr', 'first': 'Arnav', 'last': 'Almeida'}, 'location': {'street': {'number': 8882, 'name': 'China Bazaar Rd'}, 'city': 'Coimbatore', 'state': 'Chhatt...</msg>
<var>${json_data}</var>
<arg>${response.json()}</arg>
<doc>Returns the given values which can then be assigned to a variables.</doc>
<status status="PASS" start="2024-05-02T17:13:27.356601" elapsed="0.000620"/>
</kw>
<kw name="Log" owner="BuiltIn">
<msg time="2024-05-02T17:13:27.357697" level="INFO">{'results': [{'gender': 'male', 'name': {'title': 'Mr', 'first': 'Arnav', 'last': 'Almeida'}, 'location': {'street': {'number': 8882, 'name': 'China Bazaar Rd'}, 'city': 'Coimbatore', 'state': 'Chhattisgarh', 'country': 'India', 'postcode': 99611, 'coordinates': {'latitude': '5.9086', 'longitude': '-128.4012'}, 'timezone': {'offset': '-8:00', 'description': 'Pacific Time (US &amp; Canada)'}}, 'email': 'arnav.almeida@example.com', 'login': {'uuid': '202e232f-f69b-4908-b373-b546bc9c7d15', 'username': 'lazyelephant737', 'password': 'cabernet', 'salt': '8ALSMaFU', 'md5': 'ee3f6b6820da41184f515e816803ab54', 'sha1': '903f09fc0383afca28d2fd125a9d22b82ef7b6b6', 'sha256': 'b48a14ab5e1bde000d34e220778a4dc864218f8ca6a4046027356ef8830ef31c'}, 'dob': {'date': '1964-10-17T16:45:10.240Z', 'age': 59}, 'registered': {'date': '2007-08-14T15:19:49.383Z', 'age': 16}, 'phone': '9758481359', 'cell': '8627460660', 'id': {'name': 'UIDAI', 'value': '571778591754'}, 'picture': {'large': 'https://randomuser.me/api/portraits/men/39.jpg', 'medium': 'https://randomuser.me/api/portraits/med/men/39.jpg', 'thumbnail': 'https://randomuser.me/api/portraits/thumb/men/39.jpg'}, 'nat': 'IN'}], 'info': {'seed': 'cab67be18b7ed6b9', 'results': 1, 'page': 1, 'version': '1.4'}}</msg>
<arg>${json_data}</arg>
<doc>Logs the given message with the given level.</doc>
<status status="PASS" start="2024-05-02T17:13:27.357536" elapsed="0.000210"/>
</kw>
<kw name="Dictionary Should Contain Key" owner="Collections">
<msg time="2024-05-02T17:13:27.358203" level="INFO">False</msg>
<arg>${json_data}</arg>
<arg>results</arg>
<doc>Fails if ``key`` is not found from ``dictionary``.</doc>
<status status="PASS" start="2024-05-02T17:13:27.358042" elapsed="0.000198"/>
</kw>
<kw name="Should Not Be Empty" owner="BuiltIn">
<msg time="2024-05-02T17:13:27.358682" level="INFO">Length is 2.</msg>
<arg>${json_data}</arg>
<doc>Verifies that the given item is not empty.</doc>
<status status="PASS" start="2024-05-02T17:13:27.358542" elapsed="0.000337"/>
</kw>
<kw name="Create List" owner="BuiltIn">
<msg time="2024-05-02T17:13:27.359334" level="INFO">${expected_keys} = ['gender', 'name', 'location', 'email', 'login']</msg>
<var>${expected_keys}</var>
<arg>gender</arg>
<arg>name</arg>
<arg>location</arg>
<arg>email</arg>
<arg>login</arg>
<doc>Returns a list containing given items.</doc>
<status status="PASS" start="2024-05-02T17:13:27.359179" elapsed="0.000180"/>
</kw>
<for flavor="IN">
<iter>
<kw name="Dictionary Should Contain Key" owner="Collections">
<msg time="2024-05-02T17:13:27.360406" level="INFO">False</msg>
<arg>${json_data['results'][0]}</arg>
<arg>${key}</arg>
<doc>Fails if ``key`` is not found from ``dictionary``.</doc>
<status status="PASS" start="2024-05-02T17:13:27.359997" elapsed="0.000446"/>
</kw>
<kw name="Log" owner="BuiltIn">
<msg time="2024-05-02T17:13:27.361096" level="INFO">{'gender': 'male', 'name': {'title': 'Mr', 'first': 'Arnav', 'last': 'Almeida'}, 'location': {'street': {'number': 8882, 'name': 'China Bazaar Rd'}, 'city': 'Coimbatore', 'state': 'Chhattisgarh', 'country': 'India', 'postcode': 99611, 'coordinates': {'latitude': '5.9086', 'longitude': '-128.4012'}, 'timezone': {'offset': '-8:00', 'description': 'Pacific Time (US &amp; Canada)'}}, 'email': 'arnav.almeida@example.com', 'login': {'uuid': '202e232f-f69b-4908-b373-b546bc9c7d15', 'username': 'lazyelephant737', 'password': 'cabernet', 'salt': '8ALSMaFU', 'md5': 'ee3f6b6820da41184f515e816803ab54', 'sha1': '903f09fc0383afca28d2fd125a9d22b82ef7b6b6', 'sha256': 'b48a14ab5e1bde000d34e220778a4dc864218f8ca6a4046027356ef8830ef31c'}, 'dob': {'date': '1964-10-17T16:45:10.240Z', 'age': 59}, 'registered': {'date': '2007-08-14T15:19:49.383Z', 'age': 16}, 'phone': '9758481359', 'cell': '8627460660', 'id': {'name': 'UIDAI', 'value': '571778591754'}, 'picture': {'large': 'https://randomuser.me/api/portraits/men/39.jpg', 'medium': 'https://randomuser.me/api/portraits/med/men/39.jpg', 'thumbnail': 'https://randomuser.me/api/portraits/thumb/men/39.jpg'}, 'nat': 'IN'}</msg>
<arg>${json_data['results'][0]}</arg>
<doc>Logs the given message with the given level.</doc>
<status status="PASS" start="2024-05-02T17:13:27.360737" elapsed="0.000407"/>
</kw>
<kw name="Log" owner="BuiltIn">
<msg time="2024-05-02T17:13:27.361590" level="INFO">gender</msg>
<arg>${key}</arg>
<doc>Logs the given message with the given level.</doc>
<status status="PASS" start="2024-05-02T17:13:27.361465" elapsed="0.000162"/>
</kw>
<var name="${key}">gender</var>
<status status="PASS" start="2024-05-02T17:13:27.359871" elapsed="0.001966"/>
</iter>
<iter>
<kw name="Dictionary Should Contain Key" owner="Collections">
<msg time="2024-05-02T17:13:27.362518" level="INFO">False</msg>
<arg>${json_data['results'][0]}</arg>
<arg>${key}</arg>
<doc>Fails if ``key`` is not found from ``dictionary``.</doc>
<status status="PASS" start="2024-05-02T17:13:27.362135" elapsed="0.000419"/>
</kw>
<kw name="Log" owner="BuiltIn">
<msg time="2024-05-02T17:13:27.363245" level="INFO">{'gender': 'male', 'name': {'title': 'Mr', 'first': 'Arnav', 'last': 'Almeida'}, 'location': {'street': {'number': 8882, 'name': 'China Bazaar Rd'}, 'city': 'Coimbatore', 'state': 'Chhattisgarh', 'country': 'India', 'postcode': 99611, 'coordinates': {'latitude': '5.9086', 'longitude': '-128.4012'}, 'timezone': {'offset': '-8:00', 'description': 'Pacific Time (US &amp; Canada)'}}, 'email': 'arnav.almeida@example.com', 'login': {'uuid': '202e232f-f69b-4908-b373-b546bc9c7d15', 'username': 'lazyelephant737', 'password': 'cabernet', 'salt': '8ALSMaFU', 'md5': 'ee3f6b6820da41184f515e816803ab54', 'sha1': '903f09fc0383afca28d2fd125a9d22b82ef7b6b6', 'sha256': 'b48a14ab5e1bde000d34e220778a4dc864218f8ca6a4046027356ef8830ef31c'}, 'dob': {'date': '1964-10-17T16:45:10.240Z', 'age': 59}, 'registered': {'date': '2007-08-14T15:19:49.383Z', 'age': 16}, 'phone': '9758481359', 'cell': '8627460660', 'id': {'name': 'UIDAI', 'value': '571778591754'}, 'picture': {'large': 'https://randomuser.me/api/portraits/men/39.jpg', 'medium': 'https://randomuser.me/api/portraits/med/men/39.jpg', 'thumbnail': 'https://randomuser.me/api/portraits/thumb/men/39.jpg'}, 'nat': 'IN'}</msg>
<arg>${json_data['results'][0]}</arg>
<doc>Logs the given message with the given level.</doc>
<status status="PASS" start="2024-05-02T17:13:27.362884" elapsed="0.000409"/>
</kw>
<kw name="Log" owner="BuiltIn">
<msg time="2024-05-02T17:13:27.363712" level="INFO">name</msg>
<arg>${key}</arg>
<doc>Logs the given message with the given level.</doc>
<status status="PASS" start="2024-05-02T17:13:27.363588" elapsed="0.000160"/>
</kw>
<var name="${key}">name</var>
<status status="PASS" start="2024-05-02T17:13:27.362021" elapsed="0.001937"/>
</iter>
<iter>
<kw name="Dictionary Should Contain Key" owner="Collections">
<msg time="2024-05-02T17:13:27.364625" level="INFO">False</msg>
<arg>${json_data['results'][0]}</arg>
<arg>${key}</arg>
<doc>Fails if ``key`` is not found from ``dictionary``.</doc>
<status status="PASS" start="2024-05-02T17:13:27.364242" elapsed="0.000420"/>
</kw>
<kw name="Log" owner="BuiltIn">
<msg time="2024-05-02T17:13:27.365355" level="INFO">{'gender': 'male', 'name': {'title': 'Mr', 'first': 'Arnav', 'last': 'Almeida'}, 'location': {'street': {'number': 8882, 'name': 'China Bazaar Rd'}, 'city': 'Coimbatore', 'state': 'Chhattisgarh', 'country': 'India', 'postcode': 99611, 'coordinates': {'latitude': '5.9086', 'longitude': '-128.4012'}, 'timezone': {'offset': '-8:00', 'description': 'Pacific Time (US &amp; Canada)'}}, 'email': 'arnav.almeida@example.com', 'login': {'uuid': '202e232f-f69b-4908-b373-b546bc9c7d15', 'username': 'lazyelephant737', 'password': 'cabernet', 'salt': '8ALSMaFU', 'md5': 'ee3f6b6820da41184f515e816803ab54', 'sha1': '903f09fc0383afca28d2fd125a9d22b82ef7b6b6', 'sha256': 'b48a14ab5e1bde000d34e220778a4dc864218f8ca6a4046027356ef8830ef31c'}, 'dob': {'date': '1964-10-17T16:45:10.240Z', 'age': 59}, 'registered': {'date': '2007-08-14T15:19:49.383Z', 'age': 16}, 'phone': '9758481359', 'cell': '8627460660', 'id': {'name': 'UIDAI', 'value': '571778591754'}, 'picture': {'large': 'https://randomuser.me/api/portraits/men/39.jpg', 'medium': 'https://randomuser.me/api/portraits/med/men/39.jpg', 'thumbnail': 'https://randomuser.me/api/portraits/thumb/men/39.jpg'}, 'nat': 'IN'}</msg>
<arg>${json_data['results'][0]}</arg>
<doc>Logs the given message with the given level.</doc>
<status status="PASS" start="2024-05-02T17:13:27.364957" elapsed="0.000447"/>
</kw>
<kw name="Log" owner="BuiltIn">
<msg time="2024-05-02T17:13:27.365825" level="INFO">location</msg>
<arg>${key}</arg>
<doc>Logs the given message with the given level.</doc>
<status status="PASS" start="2024-05-02T17:13:27.365702" elapsed="0.000160"/>
</kw>
<var name="${key}">location</var>
<status status="PASS" start="2024-05-02T17:13:27.364133" elapsed="0.001940"/>
</iter>
<iter>
<kw name="Dictionary Should Contain Key" owner="Collections">
<msg time="2024-05-02T17:13:27.366735" level="INFO">False</msg>
<arg>${json_data['results'][0]}</arg>
<arg>${key}</arg>
<doc>Fails if ``key`` is not found from ``dictionary``.</doc>
<status status="PASS" start="2024-05-02T17:13:27.366354" elapsed="0.000418"/>
</kw>
<kw name="Log" owner="BuiltIn">
<msg time="2024-05-02T17:13:27.367418" level="INFO">{'gender': 'male', 'name': {'title': 'Mr', 'first': 'Arnav', 'last': 'Almeida'}, 'location': {'street': {'number': 8882, 'name': 'China Bazaar Rd'}, 'city': 'Coimbatore', 'state': 'Chhattisgarh', 'country': 'India', 'postcode': 99611, 'coordinates': {'latitude': '5.9086', 'longitude': '-128.4012'}, 'timezone': {'offset': '-8:00', 'description': 'Pacific Time (US &amp; Canada)'}}, 'email': 'arnav.almeida@example.com', 'login': {'uuid': '202e232f-f69b-4908-b373-b546bc9c7d15', 'username': 'lazyelephant737', 'password': 'cabernet', 'salt': '8ALSMaFU', 'md5': 'ee3f6b6820da41184f515e816803ab54', 'sha1': '903f09fc0383afca28d2fd125a9d22b82ef7b6b6', 'sha256': 'b48a14ab5e1bde000d34e220778a4dc864218f8ca6a4046027356ef8830ef31c'}, 'dob': {'date': '1964-10-17T16:45:10.240Z', 'age': 59}, 'registered': {'date': '2007-08-14T15:19:49.383Z', 'age': 16}, 'phone': '9758481359', 'cell': '8627460660', 'id': {'name': 'UIDAI', 'value': '571778591754'}, 'picture': {'large': 'https://randomuser.me/api/portraits/men/39.jpg', 'medium': 'https://randomuser.me/api/portraits/med/men/39.jpg', 'thumbnail': 'https://randomuser.me/api/portraits/thumb/men/39.jpg'}, 'nat': 'IN'}</msg>
<arg>${json_data['results'][0]}</arg>
<doc>Logs the given message with the given level.</doc>
<status status="PASS" start="2024-05-02T17:13:27.367064" elapsed="0.000403"/>
</kw>
<kw name="Log" owner="BuiltIn">
<msg time="2024-05-02T17:13:27.367882" level="INFO">email</msg>
<arg>${key}</arg>
<doc>Logs the given message with the given level.</doc>
<status status="PASS" start="2024-05-02T17:13:27.367757" elapsed="0.000162"/>
</kw>
<var name="${key}">email</var>
<status status="PASS" start="2024-05-02T17:13:27.366244" elapsed="0.001883"/>
</iter>
<iter>
<kw name="Dictionary Should Contain Key" owner="Collections">
<msg time="2024-05-02T17:13:27.368792" level="INFO">False</msg>
<arg>${json_data['results'][0]}</arg>
<arg>${key}</arg>
<doc>Fails if ``key`` is not found from ``dictionary``.</doc>
<status status="PASS" start="2024-05-02T17:13:27.368405" elapsed="0.000424"/>
</kw>
<kw name="Log" owner="BuiltIn">
<msg time="2024-05-02T17:13:27.369508" level="INFO">{'gender': 'male', 'name': {'title': 'Mr', 'first': 'Arnav', 'last': 'Almeida'}, 'location': {'street': {'number': 8882, 'name': 'China Bazaar Rd'}, 'city': 'Coimbatore', 'state': 'Chhattisgarh', 'country': 'India', 'postcode': 99611, 'coordinates': {'latitude': '5.9086', 'longitude': '-128.4012'}, 'timezone': {'offset': '-8:00', 'description': 'Pacific Time (US &amp; Canada)'}}, 'email': 'arnav.almeida@example.com', 'login': {'uuid': '202e232f-f69b-4908-b373-b546bc9c7d15', 'username': 'lazyelephant737', 'password': 'cabernet', 'salt': '8ALSMaFU', 'md5': 'ee3f6b6820da41184f515e816803ab54', 'sha1': '903f09fc0383afca28d2fd125a9d22b82ef7b6b6', 'sha256': 'b48a14ab5e1bde000d34e220778a4dc864218f8ca6a4046027356ef8830ef31c'}, 'dob': {'date': '1964-10-17T16:45:10.240Z', 'age': 59}, 'registered': {'date': '2007-08-14T15:19:49.383Z', 'age': 16}, 'phone': '9758481359', 'cell': '8627460660', 'id': {'name': 'UIDAI', 'value': '571778591754'}, 'picture': {'large': 'https://randomuser.me/api/portraits/men/39.jpg', 'medium': 'https://randomuser.me/api/portraits/med/men/39.jpg', 'thumbnail': 'https://randomuser.me/api/portraits/thumb/men/39.jpg'}, 'nat': 'IN'}</msg>
<arg>${json_data['results'][0]}</arg>
<doc>Logs the given message with the given level.</doc>
<status status="PASS" start="2024-05-02T17:13:27.369120" elapsed="0.000436"/>
</kw>
<kw name="Log" owner="BuiltIn">
<msg time="2024-05-02T17:13:27.370011" level="INFO">login</msg>
<arg>${key}</arg>
<doc>Logs the given message with the given level.</doc>
<status status="PASS" start="2024-05-02T17:13:27.369884" elapsed="0.000165"/>
</kw>
<var name="${key}">login</var>
<status status="PASS" start="2024-05-02T17:13:27.368297" elapsed="0.001995"/>
</iter>
<var>${key}</var>
<value>@{expected_keys}</value>
<status status="PASS" start="2024-05-02T17:13:27.359675" elapsed="0.010744"/>
</for>
<kw name="Create List" owner="BuiltIn">
<msg time="2024-05-02T17:13:27.370748" level="INFO">${expected_keysTwo} = ['username', 'password']</msg>
<var>${expected_keysTwo}</var>
<arg>username</arg>
<arg>password</arg>
<doc>Returns a list containing given items.</doc>
<status status="PASS" start="2024-05-02T17:13:27.370613" elapsed="0.000158"/>
</kw>
<for flavor="IN">
<iter>
<kw name="Dictionary Should Contain Key" owner="Collections">
<msg time="2024-05-02T17:13:27.371654" level="INFO">False</msg>
<arg>${json_data['results'][0]['login']}</arg>
<arg>${keyTwo}</arg>
<doc>Fails if ``key`` is not found from ``dictionary``.</doc>
<status status="PASS" start="2024-05-02T17:13:27.371272" elapsed="0.000419"/>
</kw>
<kw name="Dictionary Should Contain Key" owner="Collections">
<msg time="2024-05-02T17:13:27.372365" level="INFO">False</msg>
<arg>${json_data['results'][0]['login']}</arg>
<arg>${keyTwo}</arg>
<doc>Fails if ``key`` is not found from ``dictionary``.</doc>
<status status="PASS" start="2024-05-02T17:13:27.371984" elapsed="0.000419"/>
</kw>
<kw name="Log" owner="BuiltIn">
<msg time="2024-05-02T17:13:27.372819" level="INFO">username</msg>
<arg>${keyTwo}</arg>
<doc>Logs the given message with the given level.</doc>
<status status="PASS" start="2024-05-02T17:13:27.372694" elapsed="0.000167"/>
</kw>
<var name="${keyTwo}">username</var>
<status status="PASS" start="2024-05-02T17:13:27.371162" elapsed="0.001911"/>
</iter>
<iter>
<kw name="Dictionary Should Contain Key" owner="Collections">
<msg time="2024-05-02T17:13:27.373835" level="INFO">False</msg>
<arg>${json_data['results'][0]['login']}</arg>
<arg>${keyTwo}</arg>
<doc>Fails if ``key`` is not found from ``dictionary``.</doc>
<status status="PASS" start="2024-05-02T17:13:27.373373" elapsed="0.000503"/>
</kw>
<kw name="Dictionary Should Contain Key" owner="Collections">
<msg time="2024-05-02T17:13:27.374575" level="INFO">False</msg>
<arg>${json_data['results'][0]['login']}</arg>
<arg>${keyTwo}</arg>
<doc>Fails if ``key`` is not found from ``dictionary``.</doc>
<status status="PASS" start="2024-05-02T17:13:27.374169" elapsed="0.000443"/>
</kw>
<kw name="Log" owner="BuiltIn">
<msg time="2024-05-02T17:13:27.375027" level="INFO">password</msg>
<arg>${keyTwo}</arg>
<doc>Logs the given message with the given level.</doc>
<status status="PASS" start="2024-05-02T17:13:27.374903" elapsed="0.000160"/>
</kw>
<var name="${keyTwo}">password</var>
<status status="PASS" start="2024-05-02T17:13:27.373264" elapsed="0.002011"/>
</iter>
<var>${keyTwo}</var>
<value>@{expected_keysTwo}</value>
<status status="PASS" start="2024-05-02T17:13:27.371010" elapsed="0.004392"/>
</for>
<status status="PASS" start="2024-05-02T17:13:27.262910" elapsed="0.112632"/>
</kw>
<doc>Testa a estrutura da resposta da API.</doc>
<tag>testeEstruturaResposta</tag>
<status status="PASS" start="2024-05-02T17:13:27.262164" elapsed="0.113535"/>
</test>
<test id="s1-s1-t4" name="Validar tipos de dados" line="28">
<kw name="Teste de Tipos de Dados" owner="random-user-service">
<kw name="GET On Session" owner="RequestsLibrary">
<msg time="2024-05-02T17:13:27.472969" level="INFO">GET Request : url=https://randomuser.me/api 
 path_url=/api 
 headers={'User-Agent': 'python-requests/2.31.0', 'Accept-Encoding': 'gzip, deflate', 'Accept': '*/*', 'Connection': 'keep-alive'} 
 body=None 
 </msg>
<msg time="2024-05-02T17:13:27.473076" level="INFO">GET Response : url=https://randomuser.me/api 
 status=200, reason=OK 
 headers={'Date': 'Thu, 02 May 2024 17:13:27 GMT', 'Content-Type': 'application/json; charset=utf-8', 'Transfer-Encoding': 'chunked', 'Connection': 'keep-alive', 'X-Powered-By': 'Express', 'Access-Control-Allow-Origin': '*', 'Cache-Control': 'no-cache', 'ETag': 'W/"46f-A0osLOKft/est6hf1zyt/8WP7lQ"', 'Vary': 'Accept-Encoding', 'Content-Encoding': 'gzip', 'CF-Cache-Status': 'DYNAMIC', 'Report-To': '{"endpoints":[{"url":"https:\\/\\/a.nel.cloudflare.com\\/report\\/v4?s=tYl06XrRxDg1%2BjRw%2Fr31hWYYWprnpmTcG6yyxRhXGSzhsv1bjixqcRSufl9treFIdiTcQ0ciif6t87iZmt7aJ8UnDKQ8MCOxZQ30SpAv0Xp3kAXvLnDVyi%2BWpXVMjMG7"}],"group":"cf-nel","max_age":604800}', 'NEL': '{"success_fraction":0,"report_to":"cf-nel","max_age":604800}', 'Server': 'cloudflare', 'CF-RAY': '87d9a45a2ec02344-SJC', 'alt-svc': 'h3=":443"; ma=86400'} 
 body={"results":[{"gender":"male","name":{"title":"Mr","first":"Brennan","last":"Schmidt"},"location":{"street":{"number":2967,"name":"Green Rd"},"city":"Maitland","state":"Tasmania","country":"Australia","postcode":9036,"coordinates":{"latitude":"-87.6408","longitude":"-145.7459"},"timezone":{"offset":"-9:00","description":"Alaska"}},"email":"brennan.schmidt@example.com","login":{"uuid":"1d1458ae-3393-4164-9148-8f8ff0f9e76b","username":"crazylion570","password":"absolut","salt":"pnMlfysK","md5":"a5878b53f9e8f319a5161702ec689517","sha1":"63b3fbabfa851a1381cab1e36b773623d135108b","sha256":"82facd79aaf6cd8b51a7ce7b6d5205c582f13773b6524b1560b488880ee39d4f"},"dob":{"date":"1999-06-26T02:35:19.216Z","age":24},"registered":{"date":"2012-11-07T16:06:48.465Z","age":11},"phone":"09-0969-4472","cell":"0419-074-315","id":{"name":"TFN","value":"669362281"},"picture":{"large":"https://randomuser.me/api/portraits/men/97.jpg","medium":"https://randomuser.me/api/portraits/med/men/97.jpg","thumbnail":"https://randomuser.me/api/portraits/thumb/men/97.jpg"},"nat":"AU"}],"info":{"seed":"214e08695435f0ff","results":1,"page":1,"version":"1.4"}} 
 </msg>
<msg time="2024-05-02T17:13:27.473155" level="INFO">/opt/hostedtoolcache/Python/3.12.3/x64/lib/python3.12/site-packages/urllib3/connectionpool.py:1103: InsecureRequestWarning: Unverified HTTPS request is being made to host 'randomuser.me'. Adding certificate verification is strongly advised. See: https://urllib3.readthedocs.io/en/latest/advanced-usage.html#tls-warnings
  warnings.warn(</msg>
<msg time="2024-05-02T17:13:27.473332" level="INFO">${response} = &lt;Response [200]&gt;</msg>
<var>${response}</var>
<arg>consultarAPI</arg>
<arg>/api</arg>
<doc>Sends a GET request on a previously created HTTP Session.</doc>
<status status="PASS" start="2024-05-02T17:13:27.378275" elapsed="0.095104"/>
</kw>
<kw name="Set Variable" owner="BuiltIn">
<msg time="2024-05-02T17:13:27.474568" level="INFO">${json_data} = {'results': [{'gender': 'male', 'name': {'title': 'Mr', 'first': 'Brennan', 'last': 'Schmidt'}, 'location': {'street': {'number': 2967, 'name': 'Green Rd'}, 'city': 'Maitland', 'state': 'Tasmania', 'c...</msg>
<var>${json_data}</var>
<arg>${response.json()}</arg>
<doc>Returns the given values which can then be assigned to a variables.</doc>
<status status="PASS" start="2024-05-02T17:13:27.474023" elapsed="0.000575"/>
</kw>
<kw name="Log" owner="BuiltIn">
<msg time="2024-05-02T17:13:27.475153" level="INFO">{'results': [{'gender': 'male', 'name': {'title': 'Mr', 'first': 'Brennan', 'last': 'Schmidt'}, 'location': {'street': {'number': 2967, 'name': 'Green Rd'}, 'city': 'Maitland', 'state': 'Tasmania', 'country': 'Australia', 'postcode': 9036, 'coordinates': {'latitude': '-87.6408', 'longitude': '-145.7459'}, 'timezone': {'offset': '-9:00', 'description': 'Alaska'}}, 'email': 'brennan.schmidt@example.com', 'login': {'uuid': '1d1458ae-3393-4164-9148-8f8ff0f9e76b', 'username': 'crazylion570', 'password': 'absolut', 'salt': 'pnMlfysK', 'md5': 'a5878b53f9e8f319a5161702ec689517', 'sha1': '63b3fbabfa851a1381cab1e36b773623d135108b', 'sha256': '82facd79aaf6cd8b51a7ce7b6d5205c582f13773b6524b1560b488880ee39d4f'}, 'dob': {'date': '1999-06-26T02:35:19.216Z', 'age': 24}, 'registered': {'date': '2012-11-07T16:06:48.465Z', 'age': 11}, 'phone': '09-0969-4472', 'cell': '0419-074-315', 'id': {'name': 'TFN', 'value': '669362281'}, 'picture': {'large': 'https://randomuser.me/api/portraits/men/97.jpg', 'medium': 'https://randomuser.me/api/portraits/med/men/97.jpg', 'thumbnail': 'https://randomuser.me/api/portraits/thumb/men/97.jpg'}, 'nat': 'AU'}], 'info': {'seed': '214e08695435f0ff', 'results': 1, 'page': 1, 'version': '1.4'}}</msg>
<arg>${json_data}</arg>
<doc>Logs the given message with the given level.</doc>
<status status="PASS" start="2024-05-02T17:13:27.474914" elapsed="0.000368"/>
</kw>
<kw name="Should Be String" owner="String">
<arg>${json_data['results'][0]['gender']}</arg>
<doc>Fails if the given ``item`` is not a string.</doc>
<status status="PASS" start="2024-05-02T17:13:27.475648" elapsed="0.000372"/>
</kw>
<kw name="Should Match Regexp" owner="BuiltIn">
<arg>${json_data['results'][0]['email']}</arg>
<arg>^[a-zA-Z0-9._%+-]+@[a-zA-Z0-9.-]+\.[a-zA-Z]{2,}$</arg>
<doc>Fails if ``string`` does not match ``pattern`` as a regular expression.</doc>
<status status="PASS" start="2024-05-02T17:13:27.476214" elapsed="0.000521"/>
</kw>
<kw name="Should Match Regexp" owner="BuiltIn">
<arg>${json_data['results'][0]['dob']['date']}</arg>
<arg>\\d{4}-\\d{2}-\\d{2}T\\d{2}:\\d{2}:\\d{2}\\.\\d{3}Z</arg>
<doc>Fails if ``string`` does not match ``pattern`` as a regular expression.</doc>
<status status="PASS" start="2024-05-02T17:13:27.476931" elapsed="0.000534"/>
</kw>
<kw name="Should Match Regexp" owner="BuiltIn">
<arg>${json_data['results'][0]['registered']['date']}</arg>
<arg>\\d{4}-\\d{2}-\\d{2}T\\d{2}:\\d{2}:\\d{2}\\.\\d{3}Z</arg>
<doc>Fails if ``string`` does not match ``pattern`` as a regular expression.</doc>
<status status="PASS" start="2024-05-02T17:13:27.477659" elapsed="0.000374"/>
</kw>
<kw name="Should Match Regexp" owner="BuiltIn">
<arg>${json_data['results'][0]['picture']['large']}</arg>
<arg>^https?://.*\.(?:png|jpe?g|gif|bmp)$</arg>
<doc>Fails if ``string`` does not match ``pattern`` as a regular expression.</doc>
<status status="PASS" start="2024-05-02T17:13:27.478224" elapsed="0.000460"/>
</kw>
<kw name="Should Match Regexp" owner="BuiltIn">
<arg>${json_data['results'][0]['picture']['medium']}</arg>
<arg>^https?://.*\.(?:png|jpe?g|gif|bmp)$</arg>
<doc>Fails if ``string`` does not match ``pattern`` as a regular expression.</doc>
<status status="PASS" start="2024-05-02T17:13:27.478873" elapsed="0.000358"/>
</kw>
<kw name="Should Match Regexp" owner="BuiltIn">
<arg>${json_data['results'][0]['picture']['thumbnail']}</arg>
<arg>^https?://.*\.(?:png|jpe?g|gif|bmp)$</arg>
<doc>Fails if ``string`` does not match ``pattern`` as a regular expression.</doc>
<status status="PASS" start="2024-05-02T17:13:27.479420" elapsed="0.000353"/>
</kw>
<kw name="Log" owner="BuiltIn">
<msg time="2024-05-02T17:13:27.480273" level="INFO">{'large': 'https://randomuser.me/api/portraits/men/97.jpg', 'medium': 'https://randomuser.me/api/portraits/med/men/97.jpg', 'thumbnail': 'https://randomuser.me/api/portraits/thumb/men/97.jpg'}</msg>
<arg>${json_data['results'][0]['picture']}</arg>
<doc>Logs the given message with the given level.</doc>
<status status="PASS" start="2024-05-02T17:13:27.479954" elapsed="0.000361"/>
</kw>
<status status="PASS" start="2024-05-02T17:13:27.378044" elapsed="0.102524"/>
</kw>
<kw name="Teste de Tipos de Dados - Postcode" owner="random-user-service">
<kw name="GET On Session" owner="RequestsLibrary">
<msg time="2024-05-02T17:13:27.580319" level="INFO">GET Request : url=https://randomuser.me/api 
 path_url=/api 
 headers={'User-Agent': 'python-requests/2.31.0', 'Accept-Encoding': 'gzip, deflate', 'Accept': '*/*', 'Connection': 'keep-alive'} 
 body=None 
 </msg>
<msg time="2024-05-02T17:13:27.580434" level="INFO">GET Response : url=https://randomuser.me/api 
 status=200, reason=OK 
 headers={'Date': 'Thu, 02 May 2024 17:13:27 GMT', 'Content-Type': 'application/json; charset=utf-8', 'Transfer-Encoding': 'chunked', 'Connection': 'keep-alive', 'X-Powered-By': 'Express', 'Access-Control-Allow-Origin': '*', 'Cache-Control': 'no-cache', 'ETag': 'W/"4b3-FpOHvXRQlBUWuY6eYusjV838NSU"', 'Vary': 'Accept-Encoding', 'Content-Encoding': 'gzip', 'CF-Cache-Status': 'DYNAMIC', 'Report-To': '{"endpoints":[{"url":"https:\\/\\/a.nel.cloudflare.com\\/report\\/v4?s=ejdPpz0vrP3Ivunj%2FZBAlZAyRwr%2FI25QxMIpzvvhQkRJkKcGHHtQWFgv6lKQE7v3of3DGb4zL52mYZ6dd7%2FjMfE7c8g2AbtTbkxtnusVjd%2BLk%2Frvb8B%2FVp9B1H8FINKs"}],"group":"cf-nel","max_age":604800}', 'NEL': '{"success_fraction":0,"report_to":"cf-nel","max_age":604800}', 'Server': 'cloudflare', 'CF-RAY': '87d9a45acf8f2344-SJC', 'alt-svc': 'h3=":443"; ma=86400'} 
 body={"results":[{"gender":"male","name":{"title":"Mr","first":"Zeferino","last":"Delgado"},"location":{"street":{"number":1404,"name":"Ampliación Guatemala"},"city":"Zapote de Adjuntas","state":"Baja California","country":"Mexico","postcode":39838,"coordinates":{"latitude":"24.4059","longitude":"-57.4711"},"timezone":{"offset":"+9:00","description":"Tokyo, Seoul, Osaka, Sapporo, Yakutsk"}},"email":"zeferino.delgado@example.com","login":{"uuid":"f4e20f05-e48b-4bd1-ae34-d02c1a7638af","username":"brownfish871","password":"tigger","salt":"4pFRS1gQ","md5":"d7ba5ae828cabc07f2c28197719711d2","sha1":"66be74d690a5e1b3f056270ba5eae45fca19cb60","sha256":"415dd9737f437bc24a094f394dfe7d04340cda4f98e2dc8ff490106e5af38ba4"},"dob":{"date":"1945-07-24T02:57:01.099Z","age":78},"registered":{"date":"2005-07-11T22:26:11.158Z","age":18},"phone":"(616) 442 5695","cell":"(608) 494 6835","id":{"name":"NSS","value":"50 27 88 8340 1"},"picture":{"large":"https://randomuser.me/api/portraits/men/79.jpg","medium":"https://randomuser.me/api/portraits/med/men/79.jpg","thumbnail":"https://randomuser.me/api/portraits/thumb/men/79.jpg"},"nat":"MX"}],"info":{"seed":"aa2ac0639d8d73a1","results":1,"page":1,"version":"1.4"}} 
 </msg>
<msg time="2024-05-02T17:13:27.580521" level="INFO">/opt/hostedtoolcache/Python/3.12.3/x64/lib/python3.12/site-packages/urllib3/connectionpool.py:1103: InsecureRequestWarning: Unverified HTTPS request is being made to host 'randomuser.me'. Adding certificate verification is strongly advised. See: https://urllib3.readthedocs.io/en/latest/advanced-usage.html#tls-warnings
  warnings.warn(</msg>
<msg time="2024-05-02T17:13:27.580673" level="INFO">${response} = &lt;Response [200]&gt;</msg>
<var>${response}</var>
<arg>consultarAPI</arg>
<arg>/api</arg>
<doc>Sends a GET request on a previously created HTTP Session.</doc>
<status status="PASS" start="2024-05-02T17:13:27.481029" elapsed="0.099699"/>
</kw>
<kw name="Set Variable" owner="BuiltIn">
<msg time="2024-05-02T17:13:27.581901" level="INFO">${json_data} = {'results': [{'gender': 'male', 'name': {'title': 'Mr', 'first': 'Zeferino', 'last': 'Delgado'}, 'location': {'street': {'number': 1404, 'name': 'Ampliación Guatemala'}, 'city': 'Zapote de Adjuntas', ...</msg>
<var>${json_data}</var>
<arg>${response.json()}</arg>
<doc>Returns the given values which can then be assigned to a variables.</doc>
<status status="PASS" start="2024-05-02T17:13:27.581344" elapsed="0.000592"/>
</kw>
<kw name="Log" owner="BuiltIn">
<msg time="2024-05-02T17:13:27.582424" level="INFO">{'results': [{'gender': 'male', 'name': {'title': 'Mr', 'first': 'Zeferino', 'last': 'Delgado'}, 'location': {'street': {'number': 1404, 'name': 'Ampliación Guatemala'}, 'city': 'Zapote de Adjuntas', 'state': 'Baja California', 'country': 'Mexico', 'postcode': 39838, 'coordinates': {'latitude': '24.4059', 'longitude': '-57.4711'}, 'timezone': {'offset': '+9:00', 'description': 'Tokyo, Seoul, Osaka, Sapporo, Yakutsk'}}, 'email': 'zeferino.delgado@example.com', 'login': {'uuid': 'f4e20f05-e48b-4bd1-ae34-d02c1a7638af', 'username': 'brownfish871', 'password': 'tigger', 'salt': '4pFRS1gQ', 'md5': 'd7ba5ae828cabc07f2c28197719711d2', 'sha1': '66be74d690a5e1b3f056270ba5eae45fca19cb60', 'sha256': '415dd9737f437bc24a094f394dfe7d04340cda4f98e2dc8ff490106e5af38ba4'}, 'dob': {'date': '1945-07-24T02:57:01.099Z', 'age': 78}, 'registered': {'date': '2005-07-11T22:26:11.158Z', 'age': 18}, 'phone': '(616) 442 5695', 'cell': '(608) 494 6835', 'id': {'name': 'NSS', 'value': '50 27 88 8340 1'}, 'picture': {'large': 'https://randomuser.me/api/portraits/men/79.jpg', 'medium': 'https://randomuser.me/api/portraits/med/men/79.jpg', 'thumbnail': 'https://randomuser.me/api/portraits/thumb/men/79.jpg'}, 'nat': 'MX'}], 'info': {'seed': 'aa2ac0639d8d73a1', 'results': 1, 'page': 1, 'version': '1.4'}}</msg>
<arg>${json_data}</arg>
<doc>Logs the given message with the given level.</doc>
<status status="PASS" start="2024-05-02T17:13:27.582262" elapsed="0.000245"/>
</kw>
<kw name="Should Be Equal As Numbers" owner="BuiltIn">
<arg>${json_data['results'][0]['location']['postcode']}</arg>
<arg>${json_data['results'][0]['location']['postcode']}</arg>
<doc>Fails if objects are unequal after converting them to real numbers.</doc>
<status status="PASS" start="2024-05-02T17:13:27.582983" elapsed="0.000627"/>
</kw>
<kw name="Log" owner="BuiltIn">
<msg time="2024-05-02T17:13:27.584143" level="INFO">39838</msg>
<arg>${json_data['results'][0]['location']['postcode']}</arg>
<doc>Logs the given message with the given level.</doc>
<status status="PASS" start="2024-05-02T17:13:27.583804" elapsed="0.000379"/>
</kw>
<status status="PASS" start="2024-05-02T17:13:27.480796" elapsed="0.103644"/>
</kw>
<doc>Testa se os tipos de dados na resposta da API estão corretos.</doc>
<tag>testeTiposDados</tag>
<status status="PASS" start="2024-05-02T17:13:27.377497" elapsed="0.207116"/>
</test>
<test id="s1-s1-t5" name="Validar conteudo" line="35">
<kw name="Teste de Tipos de Conteudo" owner="random-user-service">
<kw name="GET On Session" owner="RequestsLibrary">
<msg time="2024-05-02T17:13:27.678563" level="INFO">GET Request : url=https://randomuser.me/api 
 path_url=/api 
 headers={'User-Agent': 'python-requests/2.31.0', 'Accept-Encoding': 'gzip, deflate', 'Accept': '*/*', 'Connection': 'keep-alive'} 
 body=None 
 </msg>
<msg time="2024-05-02T17:13:27.678650" level="INFO">GET Response : url=https://randomuser.me/api 
 status=200, reason=OK 
 headers={'Date': 'Thu, 02 May 2024 17:13:27 GMT', 'Content-Type': 'application/json; charset=utf-8', 'Transfer-Encoding': 'chunked', 'Connection': 'keep-alive', 'X-Powered-By': 'Express', 'Access-Control-Allow-Origin': '*', 'Cache-Control': 'no-cache', 'ETag': 'W/"4a1-X5i52qZedMgyqLcOOD+ZFDfmnv8"', 'Vary': 'Accept-Encoding', 'Content-Encoding': 'gzip', 'CF-Cache-Status': 'DYNAMIC', 'Report-To': '{"endpoints":[{"url":"https:\\/\\/a.nel.cloudflare.com\\/report\\/v4?s=hP%2Bz2cMq6yItMGBu7yj9MZemzCHE%2BURCpUWbHdVHBiRmPS2lVCvkMvW5blo4sokT2TFSrjmsLROdAqR4ct9QdoeT%2FAPlk3j%2FqJKtE4I%2BE3Z073%2BSXnu5jSdsOv9wlqm5"}],"group":"cf-nel","max_age":604800}', 'NEL': '{"success_fraction":0,"report_to":"cf-nel","max_age":604800}', 'Server': 'cloudflare', 'CF-RAY': '87d9a45b782f2344-SJC', 'alt-svc': 'h3=":443"; ma=86400'} 
 body={"results":[{"gender":"male","name":{"title":"Mr","first":"آرش","last":"كامياران"},"location":{"street":{"number":5147,"name":"میدان امام حسین"},"city":"بندرعباس","state":"تهران","country":"Iran","postcode":50824,"coordinates":{"latitude":"15.8758","longitude":"-130.5395"},"timezone":{"offset":"+3:00","description":"Baghdad, Riyadh, Moscow, St. Petersburg"}},"email":"arsh.kmyrn@example.com","login":{"uuid":"1888a437-1e2b-457a-b379-171b9db352d9","username":"heavylion166","password":"carol","salt":"f4iSuENC","md5":"09096076085a0ddace0820284baa706a","sha1":"84dc9b0cd89109dc8745115b171f4424fbdacbf0","sha256":"f7fb9a94efebdcf62aa4a50e5fd07a08891d94e57f4dd493431615df94cd5e96"},"dob":{"date":"1972-06-23T23:21:10.608Z","age":51},"registered":{"date":"2003-09-04T21:55:58.118Z","age":20},"phone":"058-72318591","cell":"0910-305-3659","id":{"name":"","value":null},"picture":{"large":"https://randomuser.me/api/portraits/men/71.jpg","medium":"https://randomuser.me/api/portraits/med/men/71.jpg","thumbnail":"https://randomuser.me/api/portraits/thumb/men/71.jpg"},"nat":"IR"}],"info":{"seed":"a6be6efbcafd7b3b","results":1,"page":1,"version":"1.4"}} 
 </msg>
<msg time="2024-05-02T17:13:27.678723" level="INFO">/opt/hostedtoolcache/Python/3.12.3/x64/lib/python3.12/site-packages/urllib3/connectionpool.py:1103: InsecureRequestWarning: Unverified HTTPS request is being made to host 'randomuser.me'. Adding certificate verification is strongly advised. See: https://urllib3.readthedocs.io/en/latest/advanced-usage.html#tls-warnings
  warnings.warn(</msg>
<msg time="2024-05-02T17:13:27.678844" level="INFO">${response} = &lt;Response [200]&gt;</msg>
<var>${response}</var>
<arg>consultarAPI</arg>
<arg>/api</arg>
<doc>Sends a GET request on a previously created HTTP Session.</doc>
<status status="PASS" start="2024-05-02T17:13:27.587213" elapsed="0.091680"/>
</kw>
<kw name="Set Variable" owner="BuiltIn">
<msg time="2024-05-02T17:13:27.679941" level="INFO">${json_data} = {'results': [{'gender': 'male', 'name': {'title': 'Mr', 'first': 'آرش', 'last': 'كامياران'}, 'location': {'street': {'number': 5147, 'name': 'میدان امام حسین'}, 'city': 'بندرعباس', 'state': 'تهران', '...</msg>
<var>${json_data}</var>
<arg>${response.json()}</arg>
<doc>Returns the given values which can then be assigned to a variables.</doc>
<status status="PASS" start="2024-05-02T17:13:27.679386" elapsed="0.000586"/>
</kw>
<kw name="Set Variable" owner="BuiltIn">
<msg time="2024-05-02T17:13:27.680673" level="INFO">${name_title} = Mr</msg>
<var>${name_title}</var>
<arg>${json_data["results"][0]["name"]["title"]}</arg>
<doc>Returns the given values which can then be assigned to a variables.</doc>
<status status="PASS" start="2024-05-02T17:13:27.680283" elapsed="0.000416"/>
</kw>
<kw name="Create List" owner="BuiltIn">
<msg time="2024-05-02T17:13:27.681147" level="INFO">${allowed_titles} = ['Mr', 'Ms', 'Miss', 'Mrs', 'Madame', 'Monsieur']</msg>
<var>${allowed_titles}</var>
<arg>Mr</arg>
<arg>Ms</arg>
<arg>Miss</arg>
<arg>Mrs</arg>
<arg>Madame</arg>
<arg>Monsieur</arg>
<doc>Returns a list containing given items.</doc>
<status status="PASS" start="2024-05-02T17:13:27.680999" elapsed="0.000204"/>
</kw>
<kw name="List Should Contain Value" owner="Collections">
<msg time="2024-05-02T17:13:27.681686" level="INFO">False</msg>
<arg>${allowed_titles}</arg>
<arg>${name_title}</arg>
<doc>Fails if the ``value`` is not found from ``list``.</doc>
<status status="PASS" start="2024-05-02T17:13:27.681515" elapsed="0.000208"/>
</kw>
<kw name="Set Variable" owner="BuiltIn">
<msg time="2024-05-02T17:13:27.682394" level="INFO">${name_country} = IR</msg>
<var>${name_country}</var>
<arg>${json_data["results"][0]["nat"]}</arg>
<doc>Returns the given values which can then be assigned to a variables.</doc>
<status status="PASS" start="2024-05-02T17:13:27.682014" elapsed="0.000406"/>
</kw>
<kw name="Create List" owner="BuiltIn">
<msg time="2024-05-02T17:13:27.683308" level="INFO">${list_country} = ['AD', 'AE', 'AF', 'AG', 'AI', 'AL', 'AM', 'AO', 'AQ', 'AR', 'AS', 'AT', 'AU', 'AW', 'AX', 'AZ', 'BA', 'BB', 'BD', 'BE', 'BF', 'BG', 'BH', 'BI', 'BJ', 'BL', 'BM', 'BN', 'BO', 'BQ', 'BR', 'BS', 'BT', '...</msg>
<var>${list_country}</var>
<arg>AD</arg>
<arg>AE</arg>
<arg>AF</arg>
<arg>AG</arg>
<arg>AI</arg>
<arg>AL</arg>
<arg>AM</arg>
<arg>AO</arg>
<arg>AQ</arg>
<arg>AR</arg>
<arg>AS</arg>
<arg>AT</arg>
<arg>AU</arg>
<arg>AW</arg>
<arg>AX</arg>
<arg>AZ</arg>
<arg>BA</arg>
<arg>BB</arg>
<arg>BD</arg>
<arg>BE</arg>
<arg>BF</arg>
<arg>BG</arg>
<arg>BH</arg>
<arg>BI</arg>
<arg>BJ</arg>
<arg>BL</arg>
<arg>BM</arg>
<arg>BN</arg>
<arg>BO</arg>
<arg>BQ</arg>
<arg>BR</arg>
<arg>BS</arg>
<arg>BT</arg>
<arg>BV</arg>
<arg>BW</arg>
<arg>BY</arg>
<arg>BZ</arg>
<arg>CA</arg>
<arg>CC</arg>
<arg>CD</arg>
<arg>CF</arg>
<arg>CG</arg>
<arg>CH</arg>
<arg>CI</arg>
<arg>CK</arg>
<arg>CL</arg>
<arg>CM</arg>
<arg>CN</arg>
<arg>CO</arg>
<arg>CR</arg>
<arg>CU</arg>
<arg>CV</arg>
<arg>CW</arg>
<arg>CX</arg>
<arg>CY</arg>
<arg>CZ</arg>
<arg>DE</arg>
<arg>DJ</arg>
<arg>DK</arg>
<arg>DM</arg>
<arg>DO</arg>
<arg>DZ</arg>
<arg>EC</arg>
<arg>EE</arg>
<arg>EG</arg>
<arg>EH</arg>
<arg>ER</arg>
<arg>ES</arg>
<arg>ET</arg>
<arg>FI</arg>
<arg>FJ</arg>
<arg>FK</arg>
<arg>FM</arg>
<arg>FO</arg>
<arg>FR</arg>
<arg>GA</arg>
<arg>GB</arg>
<arg>GD</arg>
<arg>GE</arg>
<arg>GF</arg>
<arg>GG</arg>
<arg>GH</arg>
<arg>GI</arg>
<arg>GL</arg>
<arg>GM</arg>
<arg>GN</arg>
<arg>GP</arg>
<arg>GQ</arg>
<arg>GR</arg>
<arg>GS</arg>
<arg>GT</arg>
<arg>GU</arg>
<arg>GW</arg>
<arg>GY</arg>
<arg>HK</arg>
<arg>HM</arg>
<arg>HN</arg>
<arg>HR</arg>
<arg>HT</arg>
<arg>HU</arg>
<arg>ID</arg>
<arg>IE</arg>
<arg>IL</arg>
<arg>IM</arg>
<arg>IN</arg>
<arg>IO</arg>
<arg>IQ</arg>
<arg>IR</arg>
<arg>IS</arg>
<arg>IT</arg>
<arg>JE</arg>
<arg>JM</arg>
<arg>JO</arg>
<arg>JP</arg>
<arg>KE</arg>
<arg>KG</arg>
<arg>KH</arg>
<arg>KI</arg>
<arg>KM</arg>
<arg>KN</arg>
<arg>KP</arg>
<arg>KR</arg>
<arg>KW</arg>
<arg>KY</arg>
<arg>KZ</arg>
<arg>LA</arg>
<arg>LB</arg>
<arg>LC</arg>
<arg>LI</arg>
<arg>LK</arg>
<arg>LR</arg>
<arg>LS</arg>
<arg>LT</arg>
<arg>LU</arg>
<arg>LV</arg>
<arg>LY</arg>
<arg>MA</arg>
<arg>MC</arg>
<arg>MD</arg>
<arg>ME</arg>
<arg>MF</arg>
<arg>MG</arg>
<arg>MH</arg>
<arg>MK</arg>
<arg>ML</arg>
<arg>MM</arg>
<arg>MN</arg>
<arg>MO</arg>
<arg>MP</arg>
<arg>MQ</arg>
<arg>MR</arg>
<arg>MS</arg>
<arg>MT</arg>
<arg>MU</arg>
<arg>MV</arg>
<arg>MW</arg>
<arg>MX</arg>
<arg>MY</arg>
<arg>MZ</arg>
<arg>NA</arg>
<arg>NC</arg>
<arg>NE</arg>
<arg>NF</arg>
<arg>NG</arg>
<arg>NI</arg>
<arg>NL</arg>
<arg>NO</arg>
<arg>NP</arg>
<arg>NR</arg>
<arg>NU</arg>
<arg>NZ</arg>
<arg>OM</arg>
<arg>PA</arg>
<arg>PE</arg>
<arg>PF</arg>
<arg>PG</arg>
<arg>PH</arg>
<arg>PK</arg>
<arg>PL</arg>
<arg>PM</arg>
<arg>PN</arg>
<arg>PR</arg>
<arg>PS</arg>
<arg>PT</arg>
<arg>PW</arg>
<arg>PY</arg>
<arg>QA</arg>
<arg>RE</arg>
<arg>RO</arg>
<arg>RS</arg>
<arg>RU</arg>
<arg>RW</arg>
<arg>SA</arg>
<arg>SB</arg>
<arg>SC</arg>
<arg>SD</arg>
<arg>SE</arg>
<arg>SG</arg>
<arg>SH</arg>
<arg>SI</arg>
<arg>SJ</arg>
<arg>SK</arg>
<arg>SL</arg>
<arg>SM</arg>
<arg>SN</arg>
<arg>SO</arg>
<arg>SR</arg>
<arg>SS</arg>
<arg>ST</arg>
<arg>SV</arg>
<arg>SX</arg>
<arg>SY</arg>
<arg>SZ</arg>
<arg>TC</arg>
<arg>TD</arg>
<arg>TF</arg>
<arg>TG</arg>
<arg>TH</arg>
<arg>TJ</arg>
<arg>TK</arg>
<arg>TL</arg>
<arg>TM</arg>
<arg>TN</arg>
<arg>TO</arg>
<arg>TR</arg>
<arg>TT</arg>
<arg>TV</arg>
<arg>TW</arg>
<arg>TZ</arg>
<arg>UA</arg>
<arg>UG</arg>
<arg>UM</arg>
<arg>US</arg>
<arg>UY</arg>
<arg>UZ</arg>
<arg>VA</arg>
<arg>VC</arg>
<arg>VE</arg>
<arg>VG</arg>
<arg>VI</arg>
<arg>VN</arg>
<arg>VU</arg>
<arg>WF</arg>
<arg>WS</arg>
<arg>XK</arg>
<arg>YE</arg>
<arg>YT</arg>
<arg>ZA</arg>
<arg>ZM</arg>
<arg>ZW</arg>
<doc>Returns a list containing given items.</doc>
<status status="PASS" start="2024-05-02T17:13:27.682721" elapsed="0.000612"/>
</kw>
<kw name="List Should Contain Value" owner="Collections">
<msg time="2024-05-02T17:13:27.684312" level="INFO">False</msg>
<arg>${list_country}</arg>
<arg>${name_country}</arg>
<doc>Fails if the ``value`` is not found from ``list``.</doc>
<status status="PASS" start="2024-05-02T17:13:27.684116" elapsed="0.000232"/>
</kw>
<kw name="Run Keyword If" owner="BuiltIn">
<kw name="Should Be True" owner="BuiltIn">
<arg>${True}</arg>
<doc>Fails if the given condition is not true.</doc>
<status status="PASS" start="2024-05-02T17:13:27.685446" elapsed="0.000246"/>
</kw>
<arg>${json_data["results"][0]["location"]["coordinates"]["latitude"]} &gt;= -90 and ${json_data["results"][0]["location"]["coordinates"]["latitude"]} &lt;= 90</arg>
<arg>Should Be True</arg>
<arg>${True}</arg>
<doc>Runs the given keyword with the given arguments, if ``condition`` is true.</doc>
<status status="PASS" start="2024-05-02T17:13:27.684660" elapsed="0.001162"/>
</kw>
<kw name="Run Keyword If" owner="BuiltIn">
<kw name="Should Be True" owner="BuiltIn">
<arg>${True}</arg>
<doc>Fails if the given condition is not true.</doc>
<status status="PASS" start="2024-05-02T17:13:27.686723" elapsed="0.000136"/>
</kw>
<arg>${json_data["results"][0]["location"]["coordinates"]["longitude"]} &gt;= -180 and ${json_data["results"][0]["location"]["coordinates"]["longitude"]} &lt;= 180</arg>
<arg>Should Be True</arg>
<arg>${True}</arg>
<doc>Runs the given keyword with the given arguments, if ``condition`` is true.</doc>
<status status="PASS" start="2024-05-02T17:13:27.686009" elapsed="0.000973"/>
</kw>
<status status="PASS" start="2024-05-02T17:13:27.586984" elapsed="0.100127"/>
</kw>
<doc>Testa o conteúdo específico dos campos retornados pela API.</doc>
<tag>testeConteudo</tag>
<status status="PASS" start="2024-05-02T17:13:27.586455" elapsed="0.100800"/>
</test>
<status status="PASS" start="2024-05-02T17:13:26.784131" elapsed="0.905130"/>
</suite>
<status status="PASS" start="2024-05-02T17:13:26.759465" elapsed="0.934984"/>
</suite>
<statistics>
<total>
<stat pass="5" fail="0" skip="0">All Tests</stat>
</total>
<tag>
<stat pass="1" fail="0" skip="0">testeConteudo</stat>
<stat pass="1" fail="0" skip="0">testeEstruturaResposta</stat>
<stat pass="1" fail="0" skip="0">testeRequisicaoBasica</stat>
<stat pass="1" fail="0" skip="0">testeTiposDados</stat>
</tag>
<suite>
<stat pass="5" fail="0" skip="0" id="s1" name="Tests">Tests</stat>
<stat pass="5" fail="0" skip="0" id="s1-s1" name="Random-User-Test">Tests.Random-User-Test</stat>
</suite>
</statistics>
<errors>
</errors>
</robot>
