<?xml version="1.0" encoding="UTF-8"?>
<robot generator="Robot 7.0 (Python 3.12.3 on linux)" generated="2024-06-02T16:17:23.110246" rpa="false" schemaversion="5">
<suite id="s1" name="Tests" source="/home/runner/work/ApiRandomUser/ApiRandomUser/RamdonUser/tests">
<suite id="s1-s1" name="Random-User-Test" source="/home/runner/work/ApiRandomUser/ApiRandomUser/RamdonUser/tests/random-user-test.robot">
<test id="s1-s1-t1" name="Conectar" line="13">
<kw name="Conectar API" owner="random-user-service">
<kw name="Create Session" owner="RequestsLibrary">
<msg time="2024-06-02T16:17:23.555074" level="INFO">Creating Session using : alias=consultarAPI, url=https://randomuser.me/, headers={},                     cookies={}, auth=None, timeout=None, proxies=None, verify=False,                     debug=0 </msg>
<arg>consultarAPI</arg>
<arg>${URL}</arg>
<doc>Create Session: create a HTTP session to a server</doc>
<status status="PASS" start="2024-06-02T16:17:23.554844" elapsed="0.000438"/>
</kw>
<status status="PASS" start="2024-06-02T16:17:23.553718" elapsed="0.001952"/>
</kw>
<status status="PASS" start="2024-06-02T16:17:23.553011" elapsed="0.002862"/>
</test>
<test id="s1-s1-t2" name="Validar retorno 200 e JSON Válido" line="16">
<kw name="Teste de Requisicao Basica" owner="random-user-service">
<kw name="GET On Session" owner="RequestsLibrary">
<msg time="2024-06-02T16:17:23.757621" level="INFO">GET Request : url=https://randomuser.me/api 
 path_url=/api 
 headers={'User-Agent': 'python-requests/2.32.3', 'Accept-Encoding': 'gzip, deflate', 'Accept': '*/*', 'Connection': 'keep-alive'} 
 body=None 
 </msg>
<msg time="2024-06-02T16:17:23.757792" level="INFO">GET Response : url=https://randomuser.me/api 
 status=200, reason=OK 
 headers={'Date': 'Sun, 02 Jun 2024 16:17:23 GMT', 'Content-Type': 'application/json; charset=utf-8', 'Transfer-Encoding': 'chunked', 'Connection': 'keep-alive', 'X-Powered-By': 'Express', 'Access-Control-Allow-Origin': '*', 'Cache-Control': 'no-cache', 'ETag': 'W/"483-+bcoLdCP9UtjkVE5tkzP3F6OwAU"', 'Vary': 'Accept-Encoding', 'Content-Encoding': 'gzip', 'CF-Cache-Status': 'DYNAMIC', 'Report-To': '{"endpoints":[{"url":"https:\\/\\/a.nel.cloudflare.com\\/report\\/v4?s=UfO7hEM6eZwnzw92l90dJ18InVbIaJUpNWPRfDroBiBq5kta%2Fu18YJRkhK0dVcZER0tvO2haojGlyuTUTqHIXFPWW8L4SMPJ%2BzqEaBKujZnOkpOImIAR5%2FNva6PsqqWH"}],"group":"cf-nel","max_age":604800}', 'NEL': '{"success_fraction":0,"report_to":"cf-nel","max_age":604800}', 'Server': 'cloudflare', 'CF-RAY': '88d8c0db3df1a245-ORD', 'alt-svc': 'h3=":443"; ma=86400'} 
 body={"results":[{"gender":"male","name":{"title":"Mr","first":"Dean","last":"Ramirez"},"location":{"street":{"number":464,"name":"Valwood Pkwy"},"city":"Bowral","state":"New South Wales","country":"Australia","postcode":333,"coordinates":{"latitude":"-87.6684","longitude":"-171.9508"},"timezone":{"offset":"+6:00","description":"Almaty, Dhaka, Colombo"}},"email":"dean.ramirez@example.com","login":{"uuid":"3bc0d22f-1e6e-44b1-a8d9-451f68c8c8ad","username":"ticklishmeercat335","password":"list","salt":"g6z4sRfh","md5":"81cf78a332e96edcc16cc3b60da64eee","sha1":"c15f0a08c4e6d68ee848a3987105a853a357e29c","sha256":"d115b7495a33b2605f14a21c70025b2562e49e1969c5cba170402ed8e0b8f95f"},"dob":{"date":"1965-11-22T06:59:04.018Z","age":58},"registered":{"date":"2004-01-28T21:56:00.470Z","age":20},"phone":"04-5758-5687","cell":"0498-911-784","id":{"name":"TFN","value":"160103788"},"picture":{"large":"https://randomuser.me/api/portraits/men/94.jpg","medium":"https://randomuser.me/api/portraits/med/men/94.jpg","thumbnail":"https://randomuser.me/api/portraits/thumb/men/94.jpg"},"nat":"AU"}],"info":{"seed":"8a313f9a076fdcfc","results":1,"page":1,"version":"1.4"}} 
 </msg>
<msg time="2024-06-02T16:17:23.757882" level="INFO">/opt/hostedtoolcache/Python/3.12.3/x64/lib/python3.12/site-packages/urllib3/connectionpool.py:1103: InsecureRequestWarning: Unverified HTTPS request is being made to host 'randomuser.me'. Adding certificate verification is strongly advised. See: https://urllib3.readthedocs.io/en/latest/advanced-usage.html#tls-warnings
  warnings.warn(</msg>
<msg time="2024-06-02T16:17:23.758040" level="INFO">${response} = &lt;Response [200]&gt;</msg>
<var>${response}</var>
<arg>consultarAPI</arg>
<arg>/api</arg>
<doc>Sends a GET request on a previously created HTTP Session.</doc>
<status status="PASS" start="2024-06-02T16:17:23.558699" elapsed="0.199387"/>
</kw>
<kw name="Should Be Equal As Numbers" owner="BuiltIn">
<msg time="2024-06-02T16:17:23.759180" level="INFO">Argument types are:
&lt;class 'int'&gt;
&lt;class 'str'&gt;</msg>
<arg>${response.status_code}</arg>
<arg>200</arg>
<doc>Fails if objects are unequal after converting them to real numbers.</doc>
<status status="PASS" start="2024-06-02T16:17:23.758688" elapsed="0.000563"/>
</kw>
<kw name="Log" owner="BuiltIn">
<msg time="2024-06-02T16:17:23.760016" level="INFO">200</msg>
<arg>${response.status_code}</arg>
<doc>Logs the given message with the given level.</doc>
<status status="PASS" start="2024-06-02T16:17:23.759633" elapsed="0.000434"/>
</kw>
<kw name="Set Variable" owner="BuiltIn">
<msg time="2024-06-02T16:17:23.760902" level="INFO">${json_data} = {'results': [{'gender': 'male', 'name': {'title': 'Mr', 'first': 'Dean', 'last': 'Ramirez'}, 'location': {'street': {'number': 464, 'name': 'Valwood Pkwy'}, 'city': 'Bowral', 'state': 'New South Wales...</msg>
<var>${json_data}</var>
<arg>${response.json()}</arg>
<doc>Returns the given values which can then be assigned to a variables.</doc>
<status status="PASS" start="2024-06-02T16:17:23.760412" elapsed="0.000518"/>
</kw>
<kw name="Dictionary Should Contain Key" owner="Collections">
<msg time="2024-06-02T16:17:23.761442" level="INFO">False</msg>
<arg>${json_data}</arg>
<arg>results</arg>
<doc>Fails if ``key`` is not found from ``dictionary``.</doc>
<status status="PASS" start="2024-06-02T16:17:23.761255" elapsed="0.000408"/>
</kw>
<status status="PASS" start="2024-06-02T16:17:23.558432" elapsed="0.203532"/>
</kw>
<doc>Testa se a API responde corretamente e retorna um objeto JSON válido.</doc>
<tag>testeRequisicaoBasica</tag>
<status status="PASS" start="2024-06-02T16:17:23.557830" elapsed="0.204326"/>
</test>
<test id="s1-s1-t3" name="Validar estrutura de resposta" line="22">
<kw name="Teste de Estrutura de Resposta" owner="random-user-service">
<kw name="GET On Session" owner="RequestsLibrary">
<msg time="2024-06-02T16:17:23.858558" level="INFO">GET Request : url=https://randomuser.me/api 
 path_url=/api 
 headers={'User-Agent': 'python-requests/2.32.3', 'Accept-Encoding': 'gzip, deflate', 'Accept': '*/*', 'Connection': 'keep-alive'} 
 body=None 
 </msg>
<msg time="2024-06-02T16:17:23.858668" level="INFO">GET Response : url=https://randomuser.me/api 
 status=200, reason=OK 
 headers={'Date': 'Sun, 02 Jun 2024 16:17:23 GMT', 'Content-Type': 'application/json; charset=utf-8', 'Transfer-Encoding': 'chunked', 'Connection': 'keep-alive', 'X-Powered-By': 'Express', 'Access-Control-Allow-Origin': '*', 'Cache-Control': 'no-cache', 'ETag': 'W/"492-beecVaxphuOzjyWIqH479uq9oXI"', 'Vary': 'Accept-Encoding', 'Content-Encoding': 'gzip', 'CF-Cache-Status': 'DYNAMIC', 'Report-To': '{"endpoints":[{"url":"https:\\/\\/a.nel.cloudflare.com\\/report\\/v4?s=mkeUL6rKrDk0DMoK7lkiQZitl509GABC45QG8qOMIvAbrJ5QfiGjMyzzjwtlRCyPJWuZXvPdWGmZlpn1llyNXu7%2B5v3NjXIz9sowTgEhec0SJo8qAmpw6Q7qd3vv0kRz"}],"group":"cf-nel","max_age":604800}', 'NEL': '{"success_fraction":0,"report_to":"cf-nel","max_age":604800}', 'Server': 'cloudflare', 'CF-RAY': '88d8c0db8e79a245-ORD', 'alt-svc': 'h3=":443"; ma=86400'} 
 body={"results":[{"gender":"female","name":{"title":"Mrs","first":"Avni","last":"Anand"},"location":{"street":{"number":7202,"name":"Maharanipeta"},"city":"Ozhukarai","state":"Madhya Pradesh","country":"India","postcode":65253,"coordinates":{"latitude":"9.8166","longitude":"22.1281"},"timezone":{"offset":"+5:30","description":"Bombay, Calcutta, Madras, New Delhi"}},"email":"avni.anand@example.com","login":{"uuid":"208bb7b9-904c-48ff-93c3-63d3fdb1959f","username":"browngorilla292","password":"saiyan","salt":"bsUF99Ml","md5":"24381945e51ddd85b3c3263df9f9263a","sha1":"8c8a2874a1bf6aaab95c073bc9bbd76a23606737","sha256":"29525b95c71681deb6ca31c6a2cf2a5fa124a164885bec36679fb5276019a19d"},"dob":{"date":"1994-04-15T10:08:10.775Z","age":30},"registered":{"date":"2006-01-23T11:27:18.822Z","age":18},"phone":"9706369318","cell":"8025116649","id":{"name":"UIDAI","value":"331225980230"},"picture":{"large":"https://randomuser.me/api/portraits/women/93.jpg","medium":"https://randomuser.me/api/portraits/med/women/93.jpg","thumbnail":"https://randomuser.me/api/portraits/thumb/women/93.jpg"},"nat":"IN"}],"info":{"seed":"609357d234f086c2","results":1,"page":1,"version":"1.4"}} 
 </msg>
<msg time="2024-06-02T16:17:23.858812" level="INFO">/opt/hostedtoolcache/Python/3.12.3/x64/lib/python3.12/site-packages/urllib3/connectionpool.py:1103: InsecureRequestWarning: Unverified HTTPS request is being made to host 'randomuser.me'. Adding certificate verification is strongly advised. See: https://urllib3.readthedocs.io/en/latest/advanced-usage.html#tls-warnings
  warnings.warn(</msg>
<msg time="2024-06-02T16:17:23.858952" level="INFO">${response} = &lt;Response [200]&gt;</msg>
<var>${response}</var>
<arg>consultarAPI</arg>
<arg>/api</arg>
<doc>Sends a GET request on a previously created HTTP Session.</doc>
<status status="PASS" start="2024-06-02T16:17:23.764897" elapsed="0.094097"/>
</kw>
<kw name="Set Variable" owner="BuiltIn">
<msg time="2024-06-02T16:17:23.860404" level="INFO">${json_data} = {'results': [{'gender': 'female', 'name': {'title': 'Mrs', 'first': 'Avni', 'last': 'Anand'}, 'location': {'street': {'number': 7202, 'name': 'Maharanipeta'}, 'city': 'Ozhukarai', 'state': 'Madhya Pra...</msg>
<var>${json_data}</var>
<arg>${response.json()}</arg>
<doc>Returns the given values which can then be assigned to a variables.</doc>
<status status="PASS" start="2024-06-02T16:17:23.859695" elapsed="0.000739"/>
</kw>
<kw name="Log" owner="BuiltIn">
<msg time="2024-06-02T16:17:23.861066" level="INFO">{'results': [{'gender': 'female', 'name': {'title': 'Mrs', 'first': 'Avni', 'last': 'Anand'}, 'location': {'street': {'number': 7202, 'name': 'Maharanipeta'}, 'city': 'Ozhukarai', 'state': 'Madhya Pradesh', 'country': 'India', 'postcode': 65253, 'coordinates': {'latitude': '9.8166', 'longitude': '22.1281'}, 'timezone': {'offset': '+5:30', 'description': 'Bombay, Calcutta, Madras, New Delhi'}}, 'email': 'avni.anand@example.com', 'login': {'uuid': '208bb7b9-904c-48ff-93c3-63d3fdb1959f', 'username': 'browngorilla292', 'password': 'saiyan', 'salt': 'bsUF99Ml', 'md5': '24381945e51ddd85b3c3263df9f9263a', 'sha1': '8c8a2874a1bf6aaab95c073bc9bbd76a23606737', 'sha256': '29525b95c71681deb6ca31c6a2cf2a5fa124a164885bec36679fb5276019a19d'}, 'dob': {'date': '1994-04-15T10:08:10.775Z', 'age': 30}, 'registered': {'date': '2006-01-23T11:27:18.822Z', 'age': 18}, 'phone': '9706369318', 'cell': '8025116649', 'id': {'name': 'UIDAI', 'value': '331225980230'}, 'picture': {'large': 'https://randomuser.me/api/portraits/women/93.jpg', 'medium': 'https://randomuser.me/api/portraits/med/women/93.jpg', 'thumbnail': 'https://randomuser.me/api/portraits/thumb/women/93.jpg'}, 'nat': 'IN'}], 'info': {'seed': '609357d234f086c2', 'results': 1, 'page': 1, 'version': '1.4'}}</msg>
<arg>${json_data}</arg>
<doc>Logs the given message with the given level.</doc>
<status status="PASS" start="2024-06-02T16:17:23.860872" elapsed="0.000246"/>
</kw>
<kw name="Dictionary Should Contain Key" owner="Collections">
<msg time="2024-06-02T16:17:23.861640" level="INFO">False</msg>
<arg>${json_data}</arg>
<arg>results</arg>
<doc>Fails if ``key`` is not found from ``dictionary``.</doc>
<status status="PASS" start="2024-06-02T16:17:23.861464" elapsed="0.000214"/>
</kw>
<kw name="Should Not Be Empty" owner="BuiltIn">
<msg time="2024-06-02T16:17:23.862140" level="INFO">Length is 2.</msg>
<arg>${json_data}</arg>
<doc>Verifies that the given item is not empty.</doc>
<status status="PASS" start="2024-06-02T16:17:23.861994" elapsed="0.000186"/>
</kw>
<kw name="Create List" owner="BuiltIn">
<msg time="2024-06-02T16:17:23.862640" level="INFO">${expected_keys} = ['gender', 'name', 'location', 'email', 'login']</msg>
<var>${expected_keys}</var>
<arg>gender</arg>
<arg>name</arg>
<arg>location</arg>
<arg>email</arg>
<arg>login</arg>
<doc>Returns a list containing given items.</doc>
<status status="PASS" start="2024-06-02T16:17:23.862484" elapsed="0.000180"/>
</kw>
<for flavor="IN">
<iter>
<kw name="Dictionary Should Contain Key" owner="Collections">
<msg time="2024-06-02T16:17:23.863704" level="INFO">False</msg>
<arg>${json_data['results'][0]}</arg>
<arg>${key}</arg>
<doc>Fails if ``key`` is not found from ``dictionary``.</doc>
<status status="PASS" start="2024-06-02T16:17:23.863272" elapsed="0.000475"/>
</kw>
<kw name="Log" owner="BuiltIn">
<msg time="2024-06-02T16:17:23.864452" level="INFO">{'gender': 'female', 'name': {'title': 'Mrs', 'first': 'Avni', 'last': 'Anand'}, 'location': {'street': {'number': 7202, 'name': 'Maharanipeta'}, 'city': 'Ozhukarai', 'state': 'Madhya Pradesh', 'country': 'India', 'postcode': 65253, 'coordinates': {'latitude': '9.8166', 'longitude': '22.1281'}, 'timezone': {'offset': '+5:30', 'description': 'Bombay, Calcutta, Madras, New Delhi'}}, 'email': 'avni.anand@example.com', 'login': {'uuid': '208bb7b9-904c-48ff-93c3-63d3fdb1959f', 'username': 'browngorilla292', 'password': 'saiyan', 'salt': 'bsUF99Ml', 'md5': '24381945e51ddd85b3c3263df9f9263a', 'sha1': '8c8a2874a1bf6aaab95c073bc9bbd76a23606737', 'sha256': '29525b95c71681deb6ca31c6a2cf2a5fa124a164885bec36679fb5276019a19d'}, 'dob': {'date': '1994-04-15T10:08:10.775Z', 'age': 30}, 'registered': {'date': '2006-01-23T11:27:18.822Z', 'age': 18}, 'phone': '9706369318', 'cell': '8025116649', 'id': {'name': 'UIDAI', 'value': '331225980230'}, 'picture': {'large': 'https://randomuser.me/api/portraits/women/93.jpg', 'medium': 'https://randomuser.me/api/portraits/med/women/93.jpg', 'thumbnail': 'https://randomuser.me/api/portraits/thumb/women/93.jpg'}, 'nat': 'IN'}</msg>
<arg>${json_data['results'][0]}</arg>
<doc>Logs the given message with the given level.</doc>
<status status="PASS" start="2024-06-02T16:17:23.864056" elapsed="0.000444"/>
</kw>
<kw name="Log" owner="BuiltIn">
<msg time="2024-06-02T16:17:23.864974" level="INFO">gender</msg>
<arg>${key}</arg>
<doc>Logs the given message with the given level.</doc>
<status status="PASS" start="2024-06-02T16:17:23.864838" elapsed="0.000174"/>
</kw>
<var name="${key}">gender</var>
<status status="PASS" start="2024-06-02T16:17:23.863142" elapsed="0.002096"/>
</iter>
<iter>
<kw name="Dictionary Should Contain Key" owner="Collections">
<msg time="2024-06-02T16:17:23.865960" level="INFO">False</msg>
<arg>${json_data['results'][0]}</arg>
<arg>${key}</arg>
<doc>Fails if ``key`` is not found from ``dictionary``.</doc>
<status status="PASS" start="2024-06-02T16:17:23.865560" elapsed="0.000438"/>
</kw>
<kw name="Log" owner="BuiltIn">
<msg time="2024-06-02T16:17:23.866706" level="INFO">{'gender': 'female', 'name': {'title': 'Mrs', 'first': 'Avni', 'last': 'Anand'}, 'location': {'street': {'number': 7202, 'name': 'Maharanipeta'}, 'city': 'Ozhukarai', 'state': 'Madhya Pradesh', 'country': 'India', 'postcode': 65253, 'coordinates': {'latitude': '9.8166', 'longitude': '22.1281'}, 'timezone': {'offset': '+5:30', 'description': 'Bombay, Calcutta, Madras, New Delhi'}}, 'email': 'avni.anand@example.com', 'login': {'uuid': '208bb7b9-904c-48ff-93c3-63d3fdb1959f', 'username': 'browngorilla292', 'password': 'saiyan', 'salt': 'bsUF99Ml', 'md5': '24381945e51ddd85b3c3263df9f9263a', 'sha1': '8c8a2874a1bf6aaab95c073bc9bbd76a23606737', 'sha256': '29525b95c71681deb6ca31c6a2cf2a5fa124a164885bec36679fb5276019a19d'}, 'dob': {'date': '1994-04-15T10:08:10.775Z', 'age': 30}, 'registered': {'date': '2006-01-23T11:27:18.822Z', 'age': 18}, 'phone': '9706369318', 'cell': '8025116649', 'id': {'name': 'UIDAI', 'value': '331225980230'}, 'picture': {'large': 'https://randomuser.me/api/portraits/women/93.jpg', 'medium': 'https://randomuser.me/api/portraits/med/women/93.jpg', 'thumbnail': 'https://randomuser.me/api/portraits/thumb/women/93.jpg'}, 'nat': 'IN'}</msg>
<arg>${json_data['results'][0]}</arg>
<doc>Logs the given message with the given level.</doc>
<status status="PASS" start="2024-06-02T16:17:23.866326" elapsed="0.000432"/>
</kw>
<kw name="Log" owner="BuiltIn">
<msg time="2024-06-02T16:17:23.867231" level="INFO">name</msg>
<arg>${key}</arg>
<doc>Logs the given message with the given level.</doc>
<status status="PASS" start="2024-06-02T16:17:23.867084" elapsed="0.000185"/>
</kw>
<var name="${key}">name</var>
<status status="PASS" start="2024-06-02T16:17:23.865441" elapsed="0.002052"/>
</iter>
<iter>
<kw name="Dictionary Should Contain Key" owner="Collections">
<msg time="2024-06-02T16:17:23.868184" level="INFO">False</msg>
<arg>${json_data['results'][0]}</arg>
<arg>${key}</arg>
<doc>Fails if ``key`` is not found from ``dictionary``.</doc>
<status status="PASS" start="2024-06-02T16:17:23.867797" elapsed="0.000426"/>
</kw>
<kw name="Log" owner="BuiltIn">
<msg time="2024-06-02T16:17:23.868940" level="INFO">{'gender': 'female', 'name': {'title': 'Mrs', 'first': 'Avni', 'last': 'Anand'}, 'location': {'street': {'number': 7202, 'name': 'Maharanipeta'}, 'city': 'Ozhukarai', 'state': 'Madhya Pradesh', 'country': 'India', 'postcode': 65253, 'coordinates': {'latitude': '9.8166', 'longitude': '22.1281'}, 'timezone': {'offset': '+5:30', 'description': 'Bombay, Calcutta, Madras, New Delhi'}}, 'email': 'avni.anand@example.com', 'login': {'uuid': '208bb7b9-904c-48ff-93c3-63d3fdb1959f', 'username': 'browngorilla292', 'password': 'saiyan', 'salt': 'bsUF99Ml', 'md5': '24381945e51ddd85b3c3263df9f9263a', 'sha1': '8c8a2874a1bf6aaab95c073bc9bbd76a23606737', 'sha256': '29525b95c71681deb6ca31c6a2cf2a5fa124a164885bec36679fb5276019a19d'}, 'dob': {'date': '1994-04-15T10:08:10.775Z', 'age': 30}, 'registered': {'date': '2006-01-23T11:27:18.822Z', 'age': 18}, 'phone': '9706369318', 'cell': '8025116649', 'id': {'name': 'UIDAI', 'value': '331225980230'}, 'picture': {'large': 'https://randomuser.me/api/portraits/women/93.jpg', 'medium': 'https://randomuser.me/api/portraits/med/women/93.jpg', 'thumbnail': 'https://randomuser.me/api/portraits/thumb/women/93.jpg'}, 'nat': 'IN'}</msg>
<arg>${json_data['results'][0]}</arg>
<doc>Logs the given message with the given level.</doc>
<status status="PASS" start="2024-06-02T16:17:23.868525" elapsed="0.000475"/>
</kw>
<kw name="Log" owner="BuiltIn">
<msg time="2024-06-02T16:17:23.869433" level="INFO">location</msg>
<arg>${key}</arg>
<doc>Logs the given message with the given level.</doc>
<status status="PASS" start="2024-06-02T16:17:23.869306" elapsed="0.000165"/>
</kw>
<var name="${key}">location</var>
<status status="PASS" start="2024-06-02T16:17:23.867682" elapsed="0.002005"/>
</iter>
<iter>
<kw name="Dictionary Should Contain Key" owner="Collections">
<msg time="2024-06-02T16:17:23.870514" level="INFO">False</msg>
<arg>${json_data['results'][0]}</arg>
<arg>${key}</arg>
<doc>Fails if ``key`` is not found from ``dictionary``.</doc>
<status status="PASS" start="2024-06-02T16:17:23.869981" elapsed="0.000571"/>
</kw>
<kw name="Log" owner="BuiltIn">
<msg time="2024-06-02T16:17:23.871213" level="INFO">{'gender': 'female', 'name': {'title': 'Mrs', 'first': 'Avni', 'last': 'Anand'}, 'location': {'street': {'number': 7202, 'name': 'Maharanipeta'}, 'city': 'Ozhukarai', 'state': 'Madhya Pradesh', 'country': 'India', 'postcode': 65253, 'coordinates': {'latitude': '9.8166', 'longitude': '22.1281'}, 'timezone': {'offset': '+5:30', 'description': 'Bombay, Calcutta, Madras, New Delhi'}}, 'email': 'avni.anand@example.com', 'login': {'uuid': '208bb7b9-904c-48ff-93c3-63d3fdb1959f', 'username': 'browngorilla292', 'password': 'saiyan', 'salt': 'bsUF99Ml', 'md5': '24381945e51ddd85b3c3263df9f9263a', 'sha1': '8c8a2874a1bf6aaab95c073bc9bbd76a23606737', 'sha256': '29525b95c71681deb6ca31c6a2cf2a5fa124a164885bec36679fb5276019a19d'}, 'dob': {'date': '1994-04-15T10:08:10.775Z', 'age': 30}, 'registered': {'date': '2006-01-23T11:27:18.822Z', 'age': 18}, 'phone': '9706369318', 'cell': '8025116649', 'id': {'name': 'UIDAI', 'value': '331225980230'}, 'picture': {'large': 'https://randomuser.me/api/portraits/women/93.jpg', 'medium': 'https://randomuser.me/api/portraits/med/women/93.jpg', 'thumbnail': 'https://randomuser.me/api/portraits/thumb/women/93.jpg'}, 'nat': 'IN'}</msg>
<arg>${json_data['results'][0]}</arg>
<doc>Logs the given message with the given level.</doc>
<status status="PASS" start="2024-06-02T16:17:23.870852" elapsed="0.000409"/>
</kw>
<kw name="Log" owner="BuiltIn">
<msg time="2024-06-02T16:17:23.871685" level="INFO">email</msg>
<arg>${key}</arg>
<doc>Logs the given message with the given level.</doc>
<status status="PASS" start="2024-06-02T16:17:23.871557" elapsed="0.000165"/>
</kw>
<var name="${key}">email</var>
<status status="PASS" start="2024-06-02T16:17:23.869868" elapsed="0.002073"/>
</iter>
<iter>
<kw name="Dictionary Should Contain Key" owner="Collections">
<msg time="2024-06-02T16:17:23.872625" level="INFO">False</msg>
<arg>${json_data['results'][0]}</arg>
<arg>${key}</arg>
<doc>Fails if ``key`` is not found from ``dictionary``.</doc>
<status status="PASS" start="2024-06-02T16:17:23.872236" elapsed="0.000424"/>
</kw>
<kw name="Log" owner="BuiltIn">
<msg time="2024-06-02T16:17:23.873360" level="INFO">{'gender': 'female', 'name': {'title': 'Mrs', 'first': 'Avni', 'last': 'Anand'}, 'location': {'street': {'number': 7202, 'name': 'Maharanipeta'}, 'city': 'Ozhukarai', 'state': 'Madhya Pradesh', 'country': 'India', 'postcode': 65253, 'coordinates': {'latitude': '9.8166', 'longitude': '22.1281'}, 'timezone': {'offset': '+5:30', 'description': 'Bombay, Calcutta, Madras, New Delhi'}}, 'email': 'avni.anand@example.com', 'login': {'uuid': '208bb7b9-904c-48ff-93c3-63d3fdb1959f', 'username': 'browngorilla292', 'password': 'saiyan', 'salt': 'bsUF99Ml', 'md5': '24381945e51ddd85b3c3263df9f9263a', 'sha1': '8c8a2874a1bf6aaab95c073bc9bbd76a23606737', 'sha256': '29525b95c71681deb6ca31c6a2cf2a5fa124a164885bec36679fb5276019a19d'}, 'dob': {'date': '1994-04-15T10:08:10.775Z', 'age': 30}, 'registered': {'date': '2006-01-23T11:27:18.822Z', 'age': 18}, 'phone': '9706369318', 'cell': '8025116649', 'id': {'name': 'UIDAI', 'value': '331225980230'}, 'picture': {'large': 'https://randomuser.me/api/portraits/women/93.jpg', 'medium': 'https://randomuser.me/api/portraits/med/women/93.jpg', 'thumbnail': 'https://randomuser.me/api/portraits/thumb/women/93.jpg'}, 'nat': 'IN'}</msg>
<arg>${json_data['results'][0]}</arg>
<doc>Logs the given message with the given level.</doc>
<status status="PASS" start="2024-06-02T16:17:23.872999" elapsed="0.000407"/>
</kw>
<kw name="Log" owner="BuiltIn">
<msg time="2024-06-02T16:17:23.873825" level="INFO">login</msg>
<arg>${key}</arg>
<doc>Logs the given message with the given level.</doc>
<status status="PASS" start="2024-06-02T16:17:23.873698" elapsed="0.000165"/>
</kw>
<var name="${key}">login</var>
<status status="PASS" start="2024-06-02T16:17:23.872121" elapsed="0.001997"/>
</iter>
<var>${key}</var>
<value>@{expected_keys}</value>
<status status="PASS" start="2024-06-02T16:17:23.862938" elapsed="0.011308"/>
</for>
<kw name="Create List" owner="BuiltIn">
<msg time="2024-06-02T16:17:23.874595" level="INFO">${expected_keysTwo} = ['username', 'password']</msg>
<var>${expected_keysTwo}</var>
<arg>username</arg>
<arg>password</arg>
<doc>Returns a list containing given items.</doc>
<status status="PASS" start="2024-06-02T16:17:23.874453" elapsed="0.000166"/>
</kw>
<for flavor="IN">
<iter>
<kw name="Dictionary Should Contain Key" owner="Collections">
<msg time="2024-06-02T16:17:23.875532" level="INFO">False</msg>
<arg>${json_data['results'][0]['login']}</arg>
<arg>${keyTwo}</arg>
<doc>Fails if ``key`` is not found from ``dictionary``.</doc>
<status status="PASS" start="2024-06-02T16:17:23.875144" elapsed="0.000426"/>
</kw>
<kw name="Dictionary Should Contain Key" owner="Collections">
<msg time="2024-06-02T16:17:23.876256" level="INFO">False</msg>
<arg>${json_data['results'][0]['login']}</arg>
<arg>${keyTwo}</arg>
<doc>Fails if ``key`` is not found from ``dictionary``.</doc>
<status status="PASS" start="2024-06-02T16:17:23.875868" elapsed="0.000425"/>
</kw>
<kw name="Log" owner="BuiltIn">
<msg time="2024-06-02T16:17:23.876721" level="INFO">username</msg>
<arg>${keyTwo}</arg>
<doc>Logs the given message with the given level.</doc>
<status status="PASS" start="2024-06-02T16:17:23.876593" elapsed="0.000190"/>
</kw>
<var name="${keyTwo}">username</var>
<status status="PASS" start="2024-06-02T16:17:23.875033" elapsed="0.001984"/>
</iter>
<iter>
<kw name="Dictionary Should Contain Key" owner="Collections">
<msg time="2024-06-02T16:17:23.877698" level="INFO">False</msg>
<arg>${json_data['results'][0]['login']}</arg>
<arg>${keyTwo}</arg>
<doc>Fails if ``key`` is not found from ``dictionary``.</doc>
<status status="PASS" start="2024-06-02T16:17:23.877310" elapsed="0.000425"/>
</kw>
<kw name="Dictionary Should Contain Key" owner="Collections">
<msg time="2024-06-02T16:17:23.878412" level="INFO">False</msg>
<arg>${json_data['results'][0]['login']}</arg>
<arg>${keyTwo}</arg>
<doc>Fails if ``key`` is not found from ``dictionary``.</doc>
<status status="PASS" start="2024-06-02T16:17:23.878030" elapsed="0.000419"/>
</kw>
<kw name="Log" owner="BuiltIn">
<msg time="2024-06-02T16:17:23.878870" level="INFO">password</msg>
<arg>${keyTwo}</arg>
<doc>Logs the given message with the given level.</doc>
<status status="PASS" start="2024-06-02T16:17:23.878742" elapsed="0.000165"/>
</kw>
<var name="${keyTwo}">password</var>
<status status="PASS" start="2024-06-02T16:17:23.877194" elapsed="0.001931"/>
</iter>
<var>${keyTwo}</var>
<value>@{expected_keysTwo}</value>
<status status="PASS" start="2024-06-02T16:17:23.874868" elapsed="0.004377"/>
</for>
<status status="PASS" start="2024-06-02T16:17:23.764598" elapsed="0.114796"/>
</kw>
<doc>Testa a estrutura da resposta da API.</doc>
<tag>testeEstruturaResposta</tag>
<status status="PASS" start="2024-06-02T16:17:23.764030" elapsed="0.115529"/>
</test>
<test id="s1-s1-t4" name="Validar tipos de dados" line="28">
<kw name="Teste de Tipos de Dados" owner="random-user-service">
<kw name="GET On Session" owner="RequestsLibrary">
<msg time="2024-06-02T16:17:24.279186" level="INFO">GET Request : url=https://randomuser.me/api 
 path_url=/api 
 headers={'User-Agent': 'python-requests/2.32.3', 'Accept-Encoding': 'gzip, deflate', 'Accept': '*/*', 'Connection': 'keep-alive'} 
 body=None 
 </msg>
<msg time="2024-06-02T16:17:24.279297" level="INFO">GET Response : url=https://randomuser.me/api 
 status=200, reason=OK 
 headers={'Date': 'Sun, 02 Jun 2024 16:17:24 GMT', 'Content-Type': 'application/json; charset=utf-8', 'Transfer-Encoding': 'chunked', 'Connection': 'keep-alive', 'X-Powered-By': 'Express', 'Access-Control-Allow-Origin': '*', 'Cache-Control': 'no-cache', 'ETag': 'W/"46b-kfpJPV1c+C/2dx0PFHpfdVU4WoE"', 'Vary': 'Accept-Encoding', 'Content-Encoding': 'gzip', 'CF-Cache-Status': 'DYNAMIC', 'Report-To': '{"endpoints":[{"url":"https:\\/\\/a.nel.cloudflare.com\\/report\\/v4?s=hKk6aFHoDIZUHPsZGSl8nNg8CxplJsoFJ81615nb4Fk7tBMVS3EXI1EGNwHXHnmzhnKjNdasmTarTuP0J7vYuZJN%2Bj%2BU0G6iNj8yR6niJ26VAPI4GtIL4R6OX94WiTRJ"}],"group":"cf-nel","max_age":604800}', 'NEL': '{"success_fraction":0,"report_to":"cf-nel","max_age":604800}', 'Server': 'cloudflare', 'CF-RAY': '88d8c0dc4f7fa245-ORD', 'alt-svc': 'h3=":443"; ma=86400'} 
 body={"results":[{"gender":"male","name":{"title":"Mr","first":"Vedat","last":"Akşit"},"location":{"street":{"number":1744,"name":"Kushimoto Sk"},"city":"Ordu","state":"Çankırı","country":"Turkey","postcode":88595,"coordinates":{"latitude":"67.2226","longitude":"-13.1363"},"timezone":{"offset":"-2:00","description":"Mid-Atlantic"}},"email":"vedat.aksit@example.com","login":{"uuid":"f1623a3d-5125-41d6-83d5-072fcbdad88a","username":"ticklishgoose105","password":"columbus","salt":"wfkug3xa","md5":"ea4085a9ffd78d909d9f9bfc17401018","sha1":"82b51c27daaf3e78de2472456fc9a9f33baf6308","sha256":"410b93c8d6b4dc6886da67430302cdaa9256a405443c242273547d32b8231501"},"dob":{"date":"1971-01-16T04:29:49.740Z","age":53},"registered":{"date":"2005-03-25T10:51:40.114Z","age":19},"phone":"(778)-685-5624","cell":"(022)-983-1677","id":{"name":"","value":null},"picture":{"large":"https://randomuser.me/api/portraits/men/95.jpg","medium":"https://randomuser.me/api/portraits/med/men/95.jpg","thumbnail":"https://randomuser.me/api/portraits/thumb/men/95.jpg"},"nat":"TR"}],"info":{"seed":"6d7aad717dc173b5","results":1,"page":1,"version":"1.4"}} 
 </msg>
<msg time="2024-06-02T16:17:24.279374" level="INFO">/opt/hostedtoolcache/Python/3.12.3/x64/lib/python3.12/site-packages/urllib3/connectionpool.py:1103: InsecureRequestWarning: Unverified HTTPS request is being made to host 'randomuser.me'. Adding certificate verification is strongly advised. See: https://urllib3.readthedocs.io/en/latest/advanced-usage.html#tls-warnings
  warnings.warn(</msg>
<msg time="2024-06-02T16:17:24.279498" level="INFO">${response} = &lt;Response [200]&gt;</msg>
<var>${response}</var>
<arg>consultarAPI</arg>
<arg>/api</arg>
<doc>Sends a GET request on a previously created HTTP Session.</doc>
<status status="PASS" start="2024-06-02T16:17:23.882201" elapsed="0.397336"/>
</kw>
<kw name="Set Variable" owner="BuiltIn">
<msg time="2024-06-02T16:17:24.280943" level="INFO">${json_data} = {'results': [{'gender': 'male', 'name': {'title': 'Mr', 'first': 'Vedat', 'last': 'Akşit'}, 'location': {'street': {'number': 1744, 'name': 'Kushimoto Sk'}, 'city': 'Ordu', 'state': 'Çankırı', 'countr...</msg>
<var>${json_data}</var>
<arg>${response.json()}</arg>
<doc>Returns the given values which can then be assigned to a variables.</doc>
<status status="PASS" start="2024-06-02T16:17:24.280236" elapsed="0.000738"/>
</kw>
<kw name="Log" owner="BuiltIn">
<msg time="2024-06-02T16:17:24.281486" level="INFO">{'results': [{'gender': 'male', 'name': {'title': 'Mr', 'first': 'Vedat', 'last': 'Akşit'}, 'location': {'street': {'number': 1744, 'name': 'Kushimoto Sk'}, 'city': 'Ordu', 'state': 'Çankırı', 'country': 'Turkey', 'postcode': 88595, 'coordinates': {'latitude': '67.2226', 'longitude': '-13.1363'}, 'timezone': {'offset': '-2:00', 'description': 'Mid-Atlantic'}}, 'email': 'vedat.aksit@example.com', 'login': {'uuid': 'f1623a3d-5125-41d6-83d5-072fcbdad88a', 'username': 'ticklishgoose105', 'password': 'columbus', 'salt': 'wfkug3xa', 'md5': 'ea4085a9ffd78d909d9f9bfc17401018', 'sha1': '82b51c27daaf3e78de2472456fc9a9f33baf6308', 'sha256': '410b93c8d6b4dc6886da67430302cdaa9256a405443c242273547d32b8231501'}, 'dob': {'date': '1971-01-16T04:29:49.740Z', 'age': 53}, 'registered': {'date': '2005-03-25T10:51:40.114Z', 'age': 19}, 'phone': '(778)-685-5624', 'cell': '(022)-983-1677', 'id': {'name': '', 'value': None}, 'picture': {'large': 'https://randomuser.me/api/portraits/men/95.jpg', 'medium': 'https://randomuser.me/api/portraits/med/men/95.jpg', 'thumbnail': 'https://randomuser.me/api/portraits/thumb/men/95.jpg'}, 'nat': 'TR'}], 'info': {'seed': '6d7aad717dc173b5', 'results': 1, 'page': 1, 'version': '1.4'}}</msg>
<arg>${json_data}</arg>
<doc>Logs the given message with the given level.</doc>
<status status="PASS" start="2024-06-02T16:17:24.281315" elapsed="0.000264"/>
</kw>
<kw name="Should Be String" owner="String">
<arg>${json_data['results'][0]['gender']}</arg>
<doc>Fails if the given ``item`` is not a string.</doc>
<status status="PASS" start="2024-06-02T16:17:24.281887" elapsed="0.000377"/>
</kw>
<kw name="Should Match Regexp" owner="BuiltIn">
<arg>${json_data['results'][0]['email']}</arg>
<arg>^[a-zA-Z0-9._%+-]+@[a-zA-Z0-9.-]+\.[a-zA-Z]{2,}$</arg>
<doc>Fails if ``string`` does not match ``pattern`` as a regular expression.</doc>
<status status="PASS" start="2024-06-02T16:17:24.282455" elapsed="0.000677"/>
</kw>
<kw name="Should Match Regexp" owner="BuiltIn">
<arg>${json_data['results'][0]['dob']['date']}</arg>
<arg>\\d{4}-\\d{2}-\\d{2}T\\d{2}:\\d{2}:\\d{2}\\.\\d{3}Z</arg>
<doc>Fails if ``string`` does not match ``pattern`` as a regular expression.</doc>
<status status="PASS" start="2024-06-02T16:17:24.283334" elapsed="0.000489"/>
</kw>
<kw name="Should Match Regexp" owner="BuiltIn">
<arg>${json_data['results'][0]['registered']['date']}</arg>
<arg>\\d{4}-\\d{2}-\\d{2}T\\d{2}:\\d{2}:\\d{2}\\.\\d{3}Z</arg>
<doc>Fails if ``string`` does not match ``pattern`` as a regular expression.</doc>
<status status="PASS" start="2024-06-02T16:17:24.284015" elapsed="0.000364"/>
</kw>
<kw name="Should Match Regexp" owner="BuiltIn">
<arg>${json_data['results'][0]['picture']['large']}</arg>
<arg>^https?://.*\.(?:png|jpe?g|gif|bmp)$</arg>
<doc>Fails if ``string`` does not match ``pattern`` as a regular expression.</doc>
<status status="PASS" start="2024-06-02T16:17:24.284565" elapsed="0.000498"/>
</kw>
<kw name="Should Match Regexp" owner="BuiltIn">
<arg>${json_data['results'][0]['picture']['medium']}</arg>
<arg>^https?://.*\.(?:png|jpe?g|gif|bmp)$</arg>
<doc>Fails if ``string`` does not match ``pattern`` as a regular expression.</doc>
<status status="PASS" start="2024-06-02T16:17:24.285253" elapsed="0.000350"/>
</kw>
<kw name="Should Match Regexp" owner="BuiltIn">
<arg>${json_data['results'][0]['picture']['thumbnail']}</arg>
<arg>^https?://.*\.(?:png|jpe?g|gif|bmp)$</arg>
<doc>Fails if ``string`` does not match ``pattern`` as a regular expression.</doc>
<status status="PASS" start="2024-06-02T16:17:24.285788" elapsed="0.000348"/>
</kw>
<kw name="Log" owner="BuiltIn">
<msg time="2024-06-02T16:17:24.286642" level="INFO">{'large': 'https://randomuser.me/api/portraits/men/95.jpg', 'medium': 'https://randomuser.me/api/portraits/med/men/95.jpg', 'thumbnail': 'https://randomuser.me/api/portraits/thumb/men/95.jpg'}</msg>
<arg>${json_data['results'][0]['picture']}</arg>
<doc>Logs the given message with the given level.</doc>
<status status="PASS" start="2024-06-02T16:17:24.286318" elapsed="0.000367"/>
</kw>
<status status="PASS" start="2024-06-02T16:17:23.881960" elapsed="0.405001"/>
</kw>
<kw name="Teste de Tipos de Dados - Postcode" owner="random-user-service">
<kw name="GET On Session" owner="RequestsLibrary">
<msg time="2024-06-02T16:17:24.384218" level="INFO">GET Request : url=https://randomuser.me/api 
 path_url=/api 
 headers={'User-Agent': 'python-requests/2.32.3', 'Accept-Encoding': 'gzip, deflate', 'Accept': '*/*', 'Connection': 'keep-alive'} 
 body=None 
 </msg>
<msg time="2024-06-02T16:17:24.384324" level="INFO">GET Response : url=https://randomuser.me/api 
 status=200, reason=OK 
 headers={'Date': 'Sun, 02 Jun 2024 16:17:24 GMT', 'Content-Type': 'application/json; charset=utf-8', 'Transfer-Encoding': 'chunked', 'Connection': 'keep-alive', 'X-Powered-By': 'Express', 'Access-Control-Allow-Origin': '*', 'Cache-Control': 'no-cache', 'ETag': 'W/"48c-HfpVlX4mSMD6ODb2KyfZZFmMPuo"', 'Vary': 'Accept-Encoding', 'Content-Encoding': 'gzip', 'CF-Cache-Status': 'DYNAMIC', 'Report-To': '{"endpoints":[{"url":"https:\\/\\/a.nel.cloudflare.com\\/report\\/v4?s=cu3z%2BoDuDdtyyv2%2BIl%2FFXDDc6bHIsn4iMq%2BIc4dCpYNpAZtR4xfkPKoc2yPDg%2BaQzrdloYA6S%2BDbI72p9qvDJV%2F9Qs4UjQrUpcvvALXBfERplG9l4dWOclTwQElt%2F8ra"}],"group":"cf-nel","max_age":604800}', 'NEL': '{"success_fraction":0,"report_to":"cf-nel","max_age":604800}', 'Server': 'cloudflare', 'CF-RAY': '88d8c0decb39a245-ORD', 'alt-svc': 'h3=":443"; ma=86400'} 
 body={"results":[{"gender":"female","name":{"title":"Mrs","first":"Ceylan","last":"Solmaz"},"location":{"street":{"number":9898,"name":"Filistin Cd"},"city":"Muğla","state":"Afyonkarahisar","country":"Turkey","postcode":25946,"coordinates":{"latitude":"67.9434","longitude":"8.2549"},"timezone":{"offset":"-4:00","description":"Atlantic Time (Canada), Caracas, La Paz"}},"email":"ceylan.solmaz@example.com","login":{"uuid":"3b64f990-2401-4475-810a-718c162bea24","username":"redkoala209","password":"01234567","salt":"sbgrCuIg","md5":"8191536c3a6a4cd4fc4fcdc36e4ec042","sha1":"b782bf2b6a4aed4fff000158637f9af4b77f985c","sha256":"9b55660538443f2afe3774865df04d117891837297d49fcc45fa41ffe752b323"},"dob":{"date":"1974-10-04T10:00:53.659Z","age":49},"registered":{"date":"2017-06-19T10:23:48.704Z","age":6},"phone":"(417)-861-3359","cell":"(346)-776-1450","id":{"name":"","value":null},"picture":{"large":"https://randomuser.me/api/portraits/women/6.jpg","medium":"https://randomuser.me/api/portraits/med/women/6.jpg","thumbnail":"https://randomuser.me/api/portraits/thumb/women/6.jpg"},"nat":"TR"}],"info":{"seed":"5c0f6f97bd11b4ea","results":1,"page":1,"version":"1.4"}} 
 </msg>
<msg time="2024-06-02T16:17:24.384400" level="INFO">/opt/hostedtoolcache/Python/3.12.3/x64/lib/python3.12/site-packages/urllib3/connectionpool.py:1103: InsecureRequestWarning: Unverified HTTPS request is being made to host 'randomuser.me'. Adding certificate verification is strongly advised. See: https://urllib3.readthedocs.io/en/latest/advanced-usage.html#tls-warnings
  warnings.warn(</msg>
<msg time="2024-06-02T16:17:24.384535" level="INFO">${response} = &lt;Response [200]&gt;</msg>
<var>${response}</var>
<arg>consultarAPI</arg>
<arg>/api</arg>
<doc>Sends a GET request on a previously created HTTP Session.</doc>
<status status="PASS" start="2024-06-02T16:17:24.287438" elapsed="0.097137"/>
</kw>
<kw name="Set Variable" owner="BuiltIn">
<msg time="2024-06-02T16:17:24.385872" level="INFO">${json_data} = {'results': [{'gender': 'female', 'name': {'title': 'Mrs', 'first': 'Ceylan', 'last': 'Solmaz'}, 'location': {'street': {'number': 9898, 'name': 'Filistin Cd'}, 'city': 'Muğla', 'state': 'Afyonkarahis...</msg>
<var>${json_data}</var>
<arg>${response.json()}</arg>
<doc>Returns the given values which can then be assigned to a variables.</doc>
<status status="PASS" start="2024-06-02T16:17:24.385251" elapsed="0.000653"/>
</kw>
<kw name="Log" owner="BuiltIn">
<msg time="2024-06-02T16:17:24.386395" level="INFO">{'results': [{'gender': 'female', 'name': {'title': 'Mrs', 'first': 'Ceylan', 'last': 'Solmaz'}, 'location': {'street': {'number': 9898, 'name': 'Filistin Cd'}, 'city': 'Muğla', 'state': 'Afyonkarahisar', 'country': 'Turkey', 'postcode': 25946, 'coordinates': {'latitude': '67.9434', 'longitude': '8.2549'}, 'timezone': {'offset': '-4:00', 'description': 'Atlantic Time (Canada), Caracas, La Paz'}}, 'email': 'ceylan.solmaz@example.com', 'login': {'uuid': '3b64f990-2401-4475-810a-718c162bea24', 'username': 'redkoala209', 'password': '01234567', 'salt': 'sbgrCuIg', 'md5': '8191536c3a6a4cd4fc4fcdc36e4ec042', 'sha1': 'b782bf2b6a4aed4fff000158637f9af4b77f985c', 'sha256': '9b55660538443f2afe3774865df04d117891837297d49fcc45fa41ffe752b323'}, 'dob': {'date': '1974-10-04T10:00:53.659Z', 'age': 49}, 'registered': {'date': '2017-06-19T10:23:48.704Z', 'age': 6}, 'phone': '(417)-861-3359', 'cell': '(346)-776-1450', 'id': {'name': '', 'value': None}, 'picture': {'large': 'https://randomuser.me/api/portraits/women/6.jpg', 'medium': 'https://randomuser.me/api/portraits/med/women/6.jpg', 'thumbnail': 'https://randomuser.me/api/portraits/thumb/women/6.jpg'}, 'nat': 'TR'}], 'info': {'seed': '5c0f6f97bd11b4ea', 'results': 1, 'page': 1, 'version': '1.4'}}</msg>
<arg>${json_data}</arg>
<doc>Logs the given message with the given level.</doc>
<status status="PASS" start="2024-06-02T16:17:24.386234" elapsed="0.000251"/>
</kw>
<kw name="Should Be Equal As Numbers" owner="BuiltIn">
<arg>${json_data['results'][0]['location']['postcode']}</arg>
<arg>${json_data['results'][0]['location']['postcode']}</arg>
<doc>Fails if objects are unequal after converting them to real numbers.</doc>
<status status="PASS" start="2024-06-02T16:17:24.386799" elapsed="0.000638"/>
</kw>
<kw name="Log" owner="BuiltIn">
<msg time="2024-06-02T16:17:24.387980" level="INFO">25946</msg>
<arg>${json_data['results'][0]['location']['postcode']}</arg>
<doc>Logs the given message with the given level.</doc>
<status status="PASS" start="2024-06-02T16:17:24.387636" elapsed="0.000385"/>
</kw>
<status status="PASS" start="2024-06-02T16:17:24.287197" elapsed="0.101087"/>
</kw>
<doc>Testa se os tipos de dados na resposta da API estão corretos.</doc>
<tag>testeTiposDados</tag>
<status status="PASS" start="2024-06-02T16:17:23.881417" elapsed="0.507038"/>
</test>
<test id="s1-s1-t5" name="Validar conteudo" line="35">
<kw name="Teste de Tipos de Conteudo" owner="random-user-service">
<kw name="GET On Session" owner="RequestsLibrary">
<msg time="2024-06-02T16:17:24.435647" level="INFO">GET Request : url=https://randomuser.me/api 
 path_url=/api 
 headers={'User-Agent': 'python-requests/2.32.3', 'Accept-Encoding': 'gzip, deflate', 'Accept': '*/*', 'Connection': 'keep-alive'} 
 body=None 
 </msg>
<msg time="2024-06-02T16:17:24.435749" level="INFO">GET Response : url=https://randomuser.me/api 
 status=200, reason=OK 
 headers={'Date': 'Sun, 02 Jun 2024 16:17:24 GMT', 'Content-Type': 'application/json; charset=utf-8', 'Transfer-Encoding': 'chunked', 'Connection': 'keep-alive', 'X-Powered-By': 'Express', 'Access-Control-Allow-Origin': '*', 'Cache-Control': 'no-cache', 'ETag': 'W/"485-6uRxjat7ygoCJL5zWd5NR0QEbZA"', 'Vary': 'Accept-Encoding', 'Content-Encoding': 'gzip', 'CF-Cache-Status': 'DYNAMIC', 'Report-To': '{"endpoints":[{"url":"https:\\/\\/a.nel.cloudflare.com\\/report\\/v4?s=l%2BSLdYV2TaFrh9aM%2FB2JbtGCIjBF9HvnDqstcGwBPl6MstRNNGtoNTqIzSFljdys3RqLabezkzEn9SbE0lD3PsO9m%2BySfTS%2BZL3p7o%2FkZeVgd0qbJf2T6ofWeHb9O0d7"}],"group":"cf-nel","max_age":604800}', 'NEL': '{"success_fraction":0,"report_to":"cf-nel","max_age":604800}', 'Server': 'cloudflare', 'CF-RAY': '88d8c0df7c1ca245-ORD', 'alt-svc': 'h3=":443"; ma=86400'} 
 body={"results":[{"gender":"female","name":{"title":"Miss","first":"Oya","last":"Kutlay"},"location":{"street":{"number":3990,"name":"Maçka Cd"},"city":"Tunceli","state":"Afyonkarahisar","country":"Turkey","postcode":84557,"coordinates":{"latitude":"71.2690","longitude":"88.7311"},"timezone":{"offset":"+1:00","description":"Brussels, Copenhagen, Madrid, Paris"}},"email":"oya.kutlay@example.com","login":{"uuid":"c9276bc0-d0a9-4d87-971a-4f52aab015b8","username":"redfish998","password":"balloon","salt":"bPJ3FE2D","md5":"9f9a6b5d1161e548f03f595cb39179ef","sha1":"3794d653a012fd78545cc6cab0785f3a434ed677","sha256":"7169e184bc1a7ecdbecd83809db869440fba8790d30a4477b15439541e6d1e0f"},"dob":{"date":"1963-12-29T14:18:12.236Z","age":60},"registered":{"date":"2005-03-30T09:30:32.359Z","age":19},"phone":"(670)-037-5981","cell":"(052)-659-4641","id":{"name":"","value":null},"picture":{"large":"https://randomuser.me/api/portraits/women/64.jpg","medium":"https://randomuser.me/api/portraits/med/women/64.jpg","thumbnail":"https://randomuser.me/api/portraits/thumb/women/64.jpg"},"nat":"TR"}],"info":{"seed":"236c705f717eefde","results":1,"page":1,"version":"1.4"}} 
 </msg>
<msg time="2024-06-02T16:17:24.435824" level="INFO">/opt/hostedtoolcache/Python/3.12.3/x64/lib/python3.12/site-packages/urllib3/connectionpool.py:1103: InsecureRequestWarning: Unverified HTTPS request is being made to host 'randomuser.me'. Adding certificate verification is strongly advised. See: https://urllib3.readthedocs.io/en/latest/advanced-usage.html#tls-warnings
  warnings.warn(</msg>
<msg time="2024-06-02T16:17:24.435956" level="INFO">${response} = &lt;Response [200]&gt;</msg>
<var>${response}</var>
<arg>consultarAPI</arg>
<arg>/api</arg>
<doc>Sends a GET request on a previously created HTTP Session.</doc>
<status status="PASS" start="2024-06-02T16:17:24.390947" elapsed="0.045042"/>
</kw>
<kw name="Set Variable" owner="BuiltIn">
<msg time="2024-06-02T16:17:24.437141" level="INFO">${json_data} = {'results': [{'gender': 'female', 'name': {'title': 'Miss', 'first': 'Oya', 'last': 'Kutlay'}, 'location': {'street': {'number': 3990, 'name': 'Maçka Cd'}, 'city': 'Tunceli', 'state': 'Afyonkarahisar'...</msg>
<var>${json_data}</var>
<arg>${response.json()}</arg>
<doc>Returns the given values which can then be assigned to a variables.</doc>
<status status="PASS" start="2024-06-02T16:17:24.436567" elapsed="0.000603"/>
</kw>
<kw name="Set Variable" owner="BuiltIn">
<msg time="2024-06-02T16:17:24.437871" level="INFO">${name_title} = Miss</msg>
<var>${name_title}</var>
<arg>${json_data["results"][0]["name"]["title"]}</arg>
<doc>Returns the given values which can then be assigned to a variables.</doc>
<status status="PASS" start="2024-06-02T16:17:24.437484" elapsed="0.000412"/>
</kw>
<kw name="Create List" owner="BuiltIn">
<msg time="2024-06-02T16:17:24.438344" level="INFO">${allowed_titles} = ['Mr', 'Ms', 'Miss', 'Mrs', 'Madame', 'Monsieur']</msg>
<var>${allowed_titles}</var>
<arg>Mr</arg>
<arg>Ms</arg>
<arg>Miss</arg>
<arg>Mrs</arg>
<arg>Madame</arg>
<arg>Monsieur</arg>
<doc>Returns a list containing given items.</doc>
<status status="PASS" start="2024-06-02T16:17:24.438197" elapsed="0.000172"/>
</kw>
<kw name="List Should Contain Value" owner="Collections">
<msg time="2024-06-02T16:17:24.438927" level="INFO">False</msg>
<arg>${allowed_titles}</arg>
<arg>${name_title}</arg>
<doc>Fails if the ``value`` is not found from ``list``.</doc>
<status status="PASS" start="2024-06-02T16:17:24.438738" elapsed="0.000226"/>
</kw>
<kw name="Set Variable" owner="BuiltIn">
<msg time="2024-06-02T16:17:24.439879" level="INFO">${name_country} = TR</msg>
<var>${name_country}</var>
<arg>${json_data["results"][0]["nat"]}</arg>
<doc>Returns the given values which can then be assigned to a variables.</doc>
<status status="PASS" start="2024-06-02T16:17:24.439304" elapsed="0.000601"/>
</kw>
<kw name="Create List" owner="BuiltIn">
<msg time="2024-06-02T16:17:24.440862" level="INFO">${list_country} = ['AD', 'AE', 'AF', 'AG', 'AI', 'AL', 'AM', 'AO', 'AQ', 'AR', 'AS', 'AT', 'AU', 'AW', 'AX', 'AZ', 'BA', 'BB', 'BD', 'BE', 'BF', 'BG', 'BH', 'BI', 'BJ', 'BL', 'BM', 'BN', 'BO', 'BQ', 'BR', 'BS', 'BT', '...</msg>
<var>${list_country}</var>
<arg>AD</arg>
<arg>AE</arg>
<arg>AF</arg>
<arg>AG</arg>
<arg>AI</arg>
<arg>AL</arg>
<arg>AM</arg>
<arg>AO</arg>
<arg>AQ</arg>
<arg>AR</arg>
<arg>AS</arg>
<arg>AT</arg>
<arg>AU</arg>
<arg>AW</arg>
<arg>AX</arg>
<arg>AZ</arg>
<arg>BA</arg>
<arg>BB</arg>
<arg>BD</arg>
<arg>BE</arg>
<arg>BF</arg>
<arg>BG</arg>
<arg>BH</arg>
<arg>BI</arg>
<arg>BJ</arg>
<arg>BL</arg>
<arg>BM</arg>
<arg>BN</arg>
<arg>BO</arg>
<arg>BQ</arg>
<arg>BR</arg>
<arg>BS</arg>
<arg>BT</arg>
<arg>BV</arg>
<arg>BW</arg>
<arg>BY</arg>
<arg>BZ</arg>
<arg>CA</arg>
<arg>CC</arg>
<arg>CD</arg>
<arg>CF</arg>
<arg>CG</arg>
<arg>CH</arg>
<arg>CI</arg>
<arg>CK</arg>
<arg>CL</arg>
<arg>CM</arg>
<arg>CN</arg>
<arg>CO</arg>
<arg>CR</arg>
<arg>CU</arg>
<arg>CV</arg>
<arg>CW</arg>
<arg>CX</arg>
<arg>CY</arg>
<arg>CZ</arg>
<arg>DE</arg>
<arg>DJ</arg>
<arg>DK</arg>
<arg>DM</arg>
<arg>DO</arg>
<arg>DZ</arg>
<arg>EC</arg>
<arg>EE</arg>
<arg>EG</arg>
<arg>EH</arg>
<arg>ER</arg>
<arg>ES</arg>
<arg>ET</arg>
<arg>FI</arg>
<arg>FJ</arg>
<arg>FK</arg>
<arg>FM</arg>
<arg>FO</arg>
<arg>FR</arg>
<arg>GA</arg>
<arg>GB</arg>
<arg>GD</arg>
<arg>GE</arg>
<arg>GF</arg>
<arg>GG</arg>
<arg>GH</arg>
<arg>GI</arg>
<arg>GL</arg>
<arg>GM</arg>
<arg>GN</arg>
<arg>GP</arg>
<arg>GQ</arg>
<arg>GR</arg>
<arg>GS</arg>
<arg>GT</arg>
<arg>GU</arg>
<arg>GW</arg>
<arg>GY</arg>
<arg>HK</arg>
<arg>HM</arg>
<arg>HN</arg>
<arg>HR</arg>
<arg>HT</arg>
<arg>HU</arg>
<arg>ID</arg>
<arg>IE</arg>
<arg>IL</arg>
<arg>IM</arg>
<arg>IN</arg>
<arg>IO</arg>
<arg>IQ</arg>
<arg>IR</arg>
<arg>IS</arg>
<arg>IT</arg>
<arg>JE</arg>
<arg>JM</arg>
<arg>JO</arg>
<arg>JP</arg>
<arg>KE</arg>
<arg>KG</arg>
<arg>KH</arg>
<arg>KI</arg>
<arg>KM</arg>
<arg>KN</arg>
<arg>KP</arg>
<arg>KR</arg>
<arg>KW</arg>
<arg>KY</arg>
<arg>KZ</arg>
<arg>LA</arg>
<arg>LB</arg>
<arg>LC</arg>
<arg>LI</arg>
<arg>LK</arg>
<arg>LR</arg>
<arg>LS</arg>
<arg>LT</arg>
<arg>LU</arg>
<arg>LV</arg>
<arg>LY</arg>
<arg>MA</arg>
<arg>MC</arg>
<arg>MD</arg>
<arg>ME</arg>
<arg>MF</arg>
<arg>MG</arg>
<arg>MH</arg>
<arg>MK</arg>
<arg>ML</arg>
<arg>MM</arg>
<arg>MN</arg>
<arg>MO</arg>
<arg>MP</arg>
<arg>MQ</arg>
<arg>MR</arg>
<arg>MS</arg>
<arg>MT</arg>
<arg>MU</arg>
<arg>MV</arg>
<arg>MW</arg>
<arg>MX</arg>
<arg>MY</arg>
<arg>MZ</arg>
<arg>NA</arg>
<arg>NC</arg>
<arg>NE</arg>
<arg>NF</arg>
<arg>NG</arg>
<arg>NI</arg>
<arg>NL</arg>
<arg>NO</arg>
<arg>NP</arg>
<arg>NR</arg>
<arg>NU</arg>
<arg>NZ</arg>
<arg>OM</arg>
<arg>PA</arg>
<arg>PE</arg>
<arg>PF</arg>
<arg>PG</arg>
<arg>PH</arg>
<arg>PK</arg>
<arg>PL</arg>
<arg>PM</arg>
<arg>PN</arg>
<arg>PR</arg>
<arg>PS</arg>
<arg>PT</arg>
<arg>PW</arg>
<arg>PY</arg>
<arg>QA</arg>
<arg>RE</arg>
<arg>RO</arg>
<arg>RS</arg>
<arg>RU</arg>
<arg>RW</arg>
<arg>SA</arg>
<arg>SB</arg>
<arg>SC</arg>
<arg>SD</arg>
<arg>SE</arg>
<arg>SG</arg>
<arg>SH</arg>
<arg>SI</arg>
<arg>SJ</arg>
<arg>SK</arg>
<arg>SL</arg>
<arg>SM</arg>
<arg>SN</arg>
<arg>SO</arg>
<arg>SR</arg>
<arg>SS</arg>
<arg>ST</arg>
<arg>SV</arg>
<arg>SX</arg>
<arg>SY</arg>
<arg>SZ</arg>
<arg>TC</arg>
<arg>TD</arg>
<arg>TF</arg>
<arg>TG</arg>
<arg>TH</arg>
<arg>TJ</arg>
<arg>TK</arg>
<arg>TL</arg>
<arg>TM</arg>
<arg>TN</arg>
<arg>TO</arg>
<arg>TR</arg>
<arg>TT</arg>
<arg>TV</arg>
<arg>TW</arg>
<arg>TZ</arg>
<arg>UA</arg>
<arg>UG</arg>
<arg>UM</arg>
<arg>US</arg>
<arg>UY</arg>
<arg>UZ</arg>
<arg>VA</arg>
<arg>VC</arg>
<arg>VE</arg>
<arg>VG</arg>
<arg>VI</arg>
<arg>VN</arg>
<arg>VU</arg>
<arg>WF</arg>
<arg>WS</arg>
<arg>XK</arg>
<arg>YE</arg>
<arg>YT</arg>
<arg>ZA</arg>
<arg>ZM</arg>
<arg>ZW</arg>
<doc>Returns a list containing given items.</doc>
<status status="PASS" start="2024-06-02T16:17:24.440228" elapsed="0.000660"/>
</kw>
<kw name="List Should Contain Value" owner="Collections">
<msg time="2024-06-02T16:17:24.441887" level="INFO">False</msg>
<arg>${list_country}</arg>
<arg>${name_country}</arg>
<doc>Fails if the ``value`` is not found from ``list``.</doc>
<status status="PASS" start="2024-06-02T16:17:24.441682" elapsed="0.000241"/>
</kw>
<kw name="Run Keyword If" owner="BuiltIn">
<kw name="Should Be True" owner="BuiltIn">
<arg>${True}</arg>
<doc>Fails if the given condition is not true.</doc>
<status status="PASS" start="2024-06-02T16:17:24.442995" elapsed="0.000154"/>
</kw>
<arg>${json_data["results"][0]["location"]["coordinates"]["latitude"]} &gt;= -90 and ${json_data["results"][0]["location"]["coordinates"]["latitude"]} &lt;= 90</arg>
<arg>Should Be True</arg>
<arg>${True}</arg>
<doc>Runs the given keyword with the given arguments, if ``condition`` is true.</doc>
<status status="PASS" start="2024-06-02T16:17:24.442243" elapsed="0.001035"/>
</kw>
<kw name="Run Keyword If" owner="BuiltIn">
<kw name="Should Be True" owner="BuiltIn">
<arg>${True}</arg>
<doc>Fails if the given condition is not true.</doc>
<status status="PASS" start="2024-06-02T16:17:24.444163" elapsed="0.000136"/>
</kw>
<arg>${json_data["results"][0]["location"]["coordinates"]["longitude"]} &gt;= -180 and ${json_data["results"][0]["location"]["coordinates"]["longitude"]} &lt;= 180</arg>
<arg>Should Be True</arg>
<arg>${True}</arg>
<doc>Runs the given keyword with the given arguments, if ``condition`` is true.</doc>
<status status="PASS" start="2024-06-02T16:17:24.443466" elapsed="0.000955"/>
</kw>
<status status="PASS" start="2024-06-02T16:17:24.390710" elapsed="0.053843"/>
</kw>
<doc>Testa o conteúdo específico dos campos retornados pela API.</doc>
<tag>testeConteudo</tag>
<status status="PASS" start="2024-06-02T16:17:24.390257" elapsed="0.054452"/>
</test>
<status status="PASS" start="2024-06-02T16:17:23.177178" elapsed="1.269535"/>
</suite>
<status status="PASS" start="2024-06-02T16:17:23.163359" elapsed="1.288571"/>
</suite>
<statistics>
<total>
<stat pass="5" fail="0" skip="0">All Tests</stat>
</total>
<tag>
<stat pass="1" fail="0" skip="0">testeConteudo</stat>
<stat pass="1" fail="0" skip="0">testeEstruturaResposta</stat>
<stat pass="1" fail="0" skip="0">testeRequisicaoBasica</stat>
<stat pass="1" fail="0" skip="0">testeTiposDados</stat>
</tag>
<suite>
<stat pass="5" fail="0" skip="0" id="s1" name="Tests">Tests</stat>
<stat pass="5" fail="0" skip="0" id="s1-s1" name="Random-User-Test">Tests.Random-User-Test</stat>
</suite>
</statistics>
<errors>
</errors>
</robot>
