<?xml version="1.0" encoding="UTF-8"?>
<robot generator="Robot 7.0.1 (Python 3.12.4 on linux)" generated="2024-06-22T11:11:25.096335" rpa="false" schemaversion="5">
<suite id="s1" name="Tests" source="/home/runner/work/ApiRandomUser/ApiRandomUser/RamdonUser/tests">
<suite id="s1-s1" name="Random-User-Test" source="/home/runner/work/ApiRandomUser/ApiRandomUser/RamdonUser/tests/random-user-test.robot">
<test id="s1-s1-t1" name="Conectar" line="13">
<kw name="Conectar API" owner="random-user-service">
<kw name="Create Session" owner="RequestsLibrary">
<msg time="2024-06-22T11:11:25.496780" level="INFO">Creating Session using : alias=consultarAPI, url=https://randomuser.me/, headers={},                     cookies={}, auth=None, timeout=None, proxies=None, verify=False,                     debug=0 </msg>
<arg>consultarAPI</arg>
<arg>${URL}</arg>
<doc>Create Session: create a HTTP session to a server</doc>
<status status="PASS" start="2024-06-22T11:11:25.496492" elapsed="0.000526"/>
</kw>
<status status="PASS" start="2024-06-22T11:11:25.494994" elapsed="0.002470"/>
</kw>
<status status="PASS" start="2024-06-22T11:11:25.494314" elapsed="0.003452"/>
</test>
<test id="s1-s1-t2" name="Validar retorno 200 e JSON Válido" line="16">
<kw name="Teste de Requisicao Basica" owner="random-user-service">
<kw name="GET On Session" owner="RequestsLibrary">
<msg time="2024-06-22T11:11:25.685736" level="INFO">GET Request : url=https://randomuser.me/api 
 path_url=/api 
 headers={'User-Agent': 'python-requests/2.32.3', 'Accept-Encoding': 'gzip, deflate', 'Accept': '*/*', 'Connection': 'keep-alive'} 
 body=None 
 </msg>
<msg time="2024-06-22T11:11:25.685851" level="INFO">GET Response : url=https://randomuser.me/api 
 status=200, reason=OK 
 headers={'Date': 'Sat, 22 Jun 2024 11:11:25 GMT', 'Content-Type': 'application/json; charset=utf-8', 'Transfer-Encoding': 'chunked', 'Connection': 'keep-alive', 'X-Powered-By': 'Express', 'Access-Control-Allow-Origin': '*', 'Cache-Control': 'no-cache', 'ETag': 'W/"490-IbPtKGKVRPdipnnvAEwjF/FHjWg"', 'Vary': 'Accept-Encoding', 'Content-Encoding': 'gzip', 'CF-Cache-Status': 'DYNAMIC', 'Report-To': '{"endpoints":[{"url":"https:\\/\\/a.nel.cloudflare.com\\/report\\/v4?s=L%2BGj2I1s1WbHWWmXTRn8VV1Ke4mSoIBm7F%2FOvWLWqpaAhMwRu5Bkp2YMxULbz%2BFbjnl60ffWc%2BWpKmzJkVtkzi%2FpK7AV11Enitji03A2V83SL2fievWix7r2%2BmGkRFoW"}],"group":"cf-nel","max_age":604800}', 'NEL': '{"success_fraction":0,"report_to":"cf-nel","max_age":604800}', 'Server': 'cloudflare', 'CF-RAY': '897bcc294cc35ae7-IAD', 'alt-svc': 'h3=":443"; ma=86400'} 
 body={"results":[{"gender":"male","name":{"title":"Mr","first":"Freddie","last":"Marshall"},"location":{"street":{"number":1761,"name":"Parker Rd"},"city":"Bathurst","state":"South Australia","country":"Australia","postcode":2618,"coordinates":{"latitude":"-89.4670","longitude":"-167.1530"},"timezone":{"offset":"-8:00","description":"Pacific Time (US &amp; Canada)"}},"email":"freddie.marshall@example.com","login":{"uuid":"5822918d-669e-44c7-b9d8-ebd4608c5cce","username":"ticklishleopard909","password":"mannn","salt":"yBM5tXDn","md5":"13761817adba124d86eae5b7499c7792","sha1":"c7ab3d2fa1cc7fc6855814f4e7e7efdf457da45c","sha256":"0b4e9ef051f6b6e87d9c0f56647e8e9e89225e8d8f8f1c5e4e262a4d5eb10d80"},"dob":{"date":"1987-01-13T16:41:23.273Z","age":37},"registered":{"date":"2019-06-04T10:55:09.923Z","age":5},"phone":"04-0573-7797","cell":"0445-548-761","id":{"name":"TFN","value":"534707550"},"picture":{"large":"https://randomuser.me/api/portraits/men/28.jpg","medium":"https://randomuser.me/api/portraits/med/men/28.jpg","thumbnail":"https://randomuser.me/api/portraits/thumb/men/28.jpg"},"nat":"AU"}],"info":{"seed":"b9f711e5c8cdf3c5","results":1,"page":1,"version":"1.4"}} 
 </msg>
<msg time="2024-06-22T11:11:25.685928" level="INFO">/opt/hostedtoolcache/Python/3.12.4/x64/lib/python3.12/site-packages/urllib3/connectionpool.py:1099: InsecureRequestWarning: Unverified HTTPS request is being made to host 'randomuser.me'. Adding certificate verification is strongly advised. See: https://urllib3.readthedocs.io/en/latest/advanced-usage.html#tls-warnings
  warnings.warn(</msg>
<msg time="2024-06-22T11:11:25.686051" level="INFO">${response} = &lt;Response [200]&gt;</msg>
<var>${response}</var>
<arg>consultarAPI</arg>
<arg>/api</arg>
<doc>Sends a GET request on a previously created HTTP Session.</doc>
<status status="PASS" start="2024-06-22T11:11:25.501826" elapsed="0.184273"/>
</kw>
<kw name="Should Be Equal As Numbers" owner="BuiltIn">
<msg time="2024-06-22T11:11:25.687203" level="INFO">Argument types are:
&lt;class 'int'&gt;
&lt;class 'str'&gt;</msg>
<arg>${response.status_code}</arg>
<arg>200</arg>
<doc>Fails if objects are unequal after converting them to real numbers.</doc>
<status status="PASS" start="2024-06-22T11:11:25.686668" elapsed="0.000600"/>
</kw>
<kw name="Log" owner="BuiltIn">
<msg time="2024-06-22T11:11:25.687939" level="INFO">200</msg>
<arg>${response.status_code}</arg>
<doc>Logs the given message with the given level.</doc>
<status status="PASS" start="2024-06-22T11:11:25.687609" elapsed="0.000369"/>
</kw>
<kw name="Set Variable" owner="BuiltIn">
<msg time="2024-06-22T11:11:25.688662" level="INFO">${json_data} = {'results': [{'gender': 'male', 'name': {'title': 'Mr', 'first': 'Freddie', 'last': 'Marshall'}, 'location': {'street': {'number': 1761, 'name': 'Parker Rd'}, 'city': 'Bathurst', 'state': 'South Austr...</msg>
<var>${json_data}</var>
<arg>${response.json()}</arg>
<doc>Returns the given values which can then be assigned to a variables.</doc>
<status status="PASS" start="2024-06-22T11:11:25.688258" elapsed="0.000433"/>
</kw>
<kw name="Dictionary Should Contain Key" owner="Collections">
<arg>${json_data}</arg>
<arg>results</arg>
<doc>Fails if ``key`` is not found from ``dictionary``.</doc>
<status status="PASS" start="2024-06-22T11:11:25.688967" elapsed="0.000155"/>
</kw>
<status status="PASS" start="2024-06-22T11:11:25.501452" elapsed="0.187803"/>
</kw>
<doc>Testa se a API responde corretamente e retorna um objeto JSON válido.</doc>
<tag>testeRequisicaoBasica</tag>
<status status="PASS" start="2024-06-22T11:11:25.500806" elapsed="0.188596"/>
</test>
<test id="s1-s1-t3" name="Validar estrutura de resposta" line="22">
<kw name="Teste de Estrutura de Resposta" owner="random-user-service">
<kw name="GET On Session" owner="RequestsLibrary">
<msg time="2024-06-22T11:11:25.776468" level="INFO">GET Request : url=https://randomuser.me/api 
 path_url=/api 
 headers={'User-Agent': 'python-requests/2.32.3', 'Accept-Encoding': 'gzip, deflate', 'Accept': '*/*', 'Connection': 'keep-alive'} 
 body=None 
 </msg>
<msg time="2024-06-22T11:11:25.776556" level="INFO">GET Response : url=https://randomuser.me/api 
 status=200, reason=OK 
 headers={'Date': 'Sat, 22 Jun 2024 11:11:25 GMT', 'Content-Type': 'application/json; charset=utf-8', 'Transfer-Encoding': 'chunked', 'Connection': 'keep-alive', 'X-Powered-By': 'Express', 'Access-Control-Allow-Origin': '*', 'Cache-Control': 'no-cache', 'ETag': 'W/"47d-Gk2L64+MfXXEx5swPLTL6IfNS6E"', 'Vary': 'Accept-Encoding', 'Content-Encoding': 'gzip', 'CF-Cache-Status': 'DYNAMIC', 'Report-To': '{"endpoints":[{"url":"https:\\/\\/a.nel.cloudflare.com\\/report\\/v4?s=LKTL4sOlY171CyZqYxYzzgOuR9v6%2Fx4snd2UaenwWvFaK3n41lj2TbshhbvKBj8UZB8SASVBrSd3rGnKzT8rbk57M6Iv2hB%2BQEv2kNTSstzN4GmFbN%2BE0pqM27eF%2Bpts"}],"group":"cf-nel","max_age":604800}', 'NEL': '{"success_fraction":0,"report_to":"cf-nel","max_age":604800}', 'Server': 'cloudflare', 'CF-RAY': '897bcc299d025ae7-IAD', 'alt-svc': 'h3=":443"; ma=86400'} 
 body={"results":[{"gender":"female","name":{"title":"Mrs","first":"Elif","last":"Dağlaroğlu"},"location":{"street":{"number":8045,"name":"Doktorlar Cd"},"city":"Samsun","state":"Sinop","country":"Turkey","postcode":79701,"coordinates":{"latitude":"72.6630","longitude":"117.0762"},"timezone":{"offset":"-11:00","description":"Midway Island, Samoa"}},"email":"elif.daglaroglu@example.com","login":{"uuid":"54a0c2ab-c50c-425e-b032-7b11462fbbdf","username":"bigkoala743","password":"cascade","salt":"waVku47b","md5":"9ae2e4ce17ae230bb133763a872adf62","sha1":"a9c5b7a8db8f162455d61b296569b3d504bb7810","sha256":"dd6e5a616bfe554581d49b83e612d52c8dd6429927eced6b662195e1fd7e170e"},"dob":{"date":"1951-01-19T05:38:48.536Z","age":73},"registered":{"date":"2004-09-18T07:56:40.494Z","age":19},"phone":"(419)-678-9807","cell":"(972)-634-0213","id":{"name":"","value":null},"picture":{"large":"https://randomuser.me/api/portraits/women/25.jpg","medium":"https://randomuser.me/api/portraits/med/women/25.jpg","thumbnail":"https://randomuser.me/api/portraits/thumb/women/25.jpg"},"nat":"TR"}],"info":{"seed":"7ee8baa7b380f407","results":1,"page":1,"version":"1.4"}} 
 </msg>
<msg time="2024-06-22T11:11:25.776691" level="INFO">/opt/hostedtoolcache/Python/3.12.4/x64/lib/python3.12/site-packages/urllib3/connectionpool.py:1099: InsecureRequestWarning: Unverified HTTPS request is being made to host 'randomuser.me'. Adding certificate verification is strongly advised. See: https://urllib3.readthedocs.io/en/latest/advanced-usage.html#tls-warnings
  warnings.warn(</msg>
<msg time="2024-06-22T11:11:25.776813" level="INFO">${response} = &lt;Response [200]&gt;</msg>
<var>${response}</var>
<arg>consultarAPI</arg>
<arg>/api</arg>
<doc>Sends a GET request on a previously created HTTP Session.</doc>
<status status="PASS" start="2024-06-22T11:11:25.691811" elapsed="0.085050"/>
</kw>
<kw name="Set Variable" owner="BuiltIn">
<msg time="2024-06-22T11:11:25.777840" level="INFO">${json_data} = {'results': [{'gender': 'female', 'name': {'title': 'Mrs', 'first': 'Elif', 'last': 'Dağlaroğlu'}, 'location': {'street': {'number': 8045, 'name': 'Doktorlar Cd'}, 'city': 'Samsun', 'state': 'Sinop', ...</msg>
<var>${json_data}</var>
<arg>${response.json()}</arg>
<doc>Returns the given values which can then be assigned to a variables.</doc>
<status status="PASS" start="2024-06-22T11:11:25.777380" elapsed="0.000490"/>
</kw>
<kw name="Log" owner="BuiltIn">
<msg time="2024-06-22T11:11:25.778349" level="INFO">{'results': [{'gender': 'female', 'name': {'title': 'Mrs', 'first': 'Elif', 'last': 'Dağlaroğlu'}, 'location': {'street': {'number': 8045, 'name': 'Doktorlar Cd'}, 'city': 'Samsun', 'state': 'Sinop', 'country': 'Turkey', 'postcode': 79701, 'coordinates': {'latitude': '72.6630', 'longitude': '117.0762'}, 'timezone': {'offset': '-11:00', 'description': 'Midway Island, Samoa'}}, 'email': 'elif.daglaroglu@example.com', 'login': {'uuid': '54a0c2ab-c50c-425e-b032-7b11462fbbdf', 'username': 'bigkoala743', 'password': 'cascade', 'salt': 'waVku47b', 'md5': '9ae2e4ce17ae230bb133763a872adf62', 'sha1': 'a9c5b7a8db8f162455d61b296569b3d504bb7810', 'sha256': 'dd6e5a616bfe554581d49b83e612d52c8dd6429927eced6b662195e1fd7e170e'}, 'dob': {'date': '1951-01-19T05:38:48.536Z', 'age': 73}, 'registered': {'date': '2004-09-18T07:56:40.494Z', 'age': 19}, 'phone': '(419)-678-9807', 'cell': '(972)-634-0213', 'id': {'name': '', 'value': None}, 'picture': {'large': 'https://randomuser.me/api/portraits/women/25.jpg', 'medium': 'https://randomuser.me/api/portraits/med/women/25.jpg', 'thumbnail': 'https://randomuser.me/api/portraits/thumb/women/25.jpg'}, 'nat': 'TR'}], 'info': {'seed': '7ee8baa7b380f407', 'results': 1, 'page': 1, 'version': '1.4'}}</msg>
<arg>${json_data}</arg>
<doc>Logs the given message with the given level.</doc>
<status status="PASS" start="2024-06-22T11:11:25.778182" elapsed="0.000219"/>
</kw>
<kw name="Dictionary Should Contain Key" owner="Collections">
<arg>${json_data}</arg>
<arg>results</arg>
<doc>Fails if ``key`` is not found from ``dictionary``.</doc>
<status status="PASS" start="2024-06-22T11:11:25.778695" elapsed="0.000142"/>
</kw>
<kw name="Should Not Be Empty" owner="BuiltIn">
<msg time="2024-06-22T11:11:25.779118" level="INFO">Length is 2.</msg>
<arg>${json_data}</arg>
<doc>Verifies that the given item is not empty.</doc>
<status status="PASS" start="2024-06-22T11:11:25.779004" elapsed="0.000149"/>
</kw>
<kw name="Create List" owner="BuiltIn">
<msg time="2024-06-22T11:11:25.779712" level="INFO">${expected_keys} = ['gender', 'name', 'location', 'email', 'login']</msg>
<var>${expected_keys}</var>
<arg>gender</arg>
<arg>name</arg>
<arg>location</arg>
<arg>email</arg>
<arg>login</arg>
<doc>Returns a list containing given items.</doc>
<status status="PASS" start="2024-06-22T11:11:25.779459" elapsed="0.000276"/>
</kw>
<for flavor="IN">
<iter>
<kw name="Dictionary Should Contain Key" owner="Collections">
<arg>${json_data['results'][0]}</arg>
<arg>${key}</arg>
<doc>Fails if ``key`` is not found from ``dictionary``.</doc>
<status status="PASS" start="2024-06-22T11:11:25.780259" elapsed="0.000370"/>
</kw>
<kw name="Log" owner="BuiltIn">
<msg time="2024-06-22T11:11:25.781131" level="INFO">{'gender': 'female', 'name': {'title': 'Mrs', 'first': 'Elif', 'last': 'Dağlaroğlu'}, 'location': {'street': {'number': 8045, 'name': 'Doktorlar Cd'}, 'city': 'Samsun', 'state': 'Sinop', 'country': 'Turkey', 'postcode': 79701, 'coordinates': {'latitude': '72.6630', 'longitude': '117.0762'}, 'timezone': {'offset': '-11:00', 'description': 'Midway Island, Samoa'}}, 'email': 'elif.daglaroglu@example.com', 'login': {'uuid': '54a0c2ab-c50c-425e-b032-7b11462fbbdf', 'username': 'bigkoala743', 'password': 'cascade', 'salt': 'waVku47b', 'md5': '9ae2e4ce17ae230bb133763a872adf62', 'sha1': 'a9c5b7a8db8f162455d61b296569b3d504bb7810', 'sha256': 'dd6e5a616bfe554581d49b83e612d52c8dd6429927eced6b662195e1fd7e170e'}, 'dob': {'date': '1951-01-19T05:38:48.536Z', 'age': 73}, 'registered': {'date': '2004-09-18T07:56:40.494Z', 'age': 19}, 'phone': '(419)-678-9807', 'cell': '(972)-634-0213', 'id': {'name': '', 'value': None}, 'picture': {'large': 'https://randomuser.me/api/portraits/women/25.jpg', 'medium': 'https://randomuser.me/api/portraits/med/women/25.jpg', 'thumbnail': 'https://randomuser.me/api/portraits/thumb/women/25.jpg'}, 'nat': 'TR'}</msg>
<arg>${json_data['results'][0]}</arg>
<doc>Logs the given message with the given level.</doc>
<status status="PASS" start="2024-06-22T11:11:25.780802" elapsed="0.000375"/>
</kw>
<kw name="Log" owner="BuiltIn">
<msg time="2024-06-22T11:11:25.781572" level="INFO">gender</msg>
<arg>${key}</arg>
<doc>Logs the given message with the given level.</doc>
<status status="PASS" start="2024-06-22T11:11:25.781453" elapsed="0.000155"/>
</kw>
<var name="${key}">gender</var>
<status status="PASS" start="2024-06-22T11:11:25.780147" elapsed="0.001662"/>
</iter>
<iter>
<kw name="Dictionary Should Contain Key" owner="Collections">
<arg>${json_data['results'][0]}</arg>
<arg>${key}</arg>
<doc>Fails if ``key`` is not found from ``dictionary``.</doc>
<status status="PASS" start="2024-06-22T11:11:25.782081" elapsed="0.000357"/>
</kw>
<kw name="Log" owner="BuiltIn">
<msg time="2024-06-22T11:11:25.782938" level="INFO">{'gender': 'female', 'name': {'title': 'Mrs', 'first': 'Elif', 'last': 'Dağlaroğlu'}, 'location': {'street': {'number': 8045, 'name': 'Doktorlar Cd'}, 'city': 'Samsun', 'state': 'Sinop', 'country': 'Turkey', 'postcode': 79701, 'coordinates': {'latitude': '72.6630', 'longitude': '117.0762'}, 'timezone': {'offset': '-11:00', 'description': 'Midway Island, Samoa'}}, 'email': 'elif.daglaroglu@example.com', 'login': {'uuid': '54a0c2ab-c50c-425e-b032-7b11462fbbdf', 'username': 'bigkoala743', 'password': 'cascade', 'salt': 'waVku47b', 'md5': '9ae2e4ce17ae230bb133763a872adf62', 'sha1': 'a9c5b7a8db8f162455d61b296569b3d504bb7810', 'sha256': 'dd6e5a616bfe554581d49b83e612d52c8dd6429927eced6b662195e1fd7e170e'}, 'dob': {'date': '1951-01-19T05:38:48.536Z', 'age': 73}, 'registered': {'date': '2004-09-18T07:56:40.494Z', 'age': 19}, 'phone': '(419)-678-9807', 'cell': '(972)-634-0213', 'id': {'name': '', 'value': None}, 'picture': {'large': 'https://randomuser.me/api/portraits/women/25.jpg', 'medium': 'https://randomuser.me/api/portraits/med/women/25.jpg', 'thumbnail': 'https://randomuser.me/api/portraits/thumb/women/25.jpg'}, 'nat': 'TR'}</msg>
<arg>${json_data['results'][0]}</arg>
<doc>Logs the given message with the given level.</doc>
<status status="PASS" start="2024-06-22T11:11:25.782610" elapsed="0.000403"/>
</kw>
<kw name="Log" owner="BuiltIn">
<msg time="2024-06-22T11:11:25.783453" level="INFO">name</msg>
<arg>${key}</arg>
<doc>Logs the given message with the given level.</doc>
<status status="PASS" start="2024-06-22T11:11:25.783287" elapsed="0.000204"/>
</kw>
<var name="${key}">name</var>
<status status="PASS" start="2024-06-22T11:11:25.781978" elapsed="0.001771"/>
</iter>
<iter>
<kw name="Dictionary Should Contain Key" owner="Collections">
<arg>${json_data['results'][0]}</arg>
<arg>${key}</arg>
<doc>Fails if ``key`` is not found from ``dictionary``.</doc>
<status status="PASS" start="2024-06-22T11:11:25.784010" elapsed="0.000354"/>
</kw>
<kw name="Log" owner="BuiltIn">
<msg time="2024-06-22T11:11:25.784861" level="INFO">{'gender': 'female', 'name': {'title': 'Mrs', 'first': 'Elif', 'last': 'Dağlaroğlu'}, 'location': {'street': {'number': 8045, 'name': 'Doktorlar Cd'}, 'city': 'Samsun', 'state': 'Sinop', 'country': 'Turkey', 'postcode': 79701, 'coordinates': {'latitude': '72.6630', 'longitude': '117.0762'}, 'timezone': {'offset': '-11:00', 'description': 'Midway Island, Samoa'}}, 'email': 'elif.daglaroglu@example.com', 'login': {'uuid': '54a0c2ab-c50c-425e-b032-7b11462fbbdf', 'username': 'bigkoala743', 'password': 'cascade', 'salt': 'waVku47b', 'md5': '9ae2e4ce17ae230bb133763a872adf62', 'sha1': 'a9c5b7a8db8f162455d61b296569b3d504bb7810', 'sha256': 'dd6e5a616bfe554581d49b83e612d52c8dd6429927eced6b662195e1fd7e170e'}, 'dob': {'date': '1951-01-19T05:38:48.536Z', 'age': 73}, 'registered': {'date': '2004-09-18T07:56:40.494Z', 'age': 19}, 'phone': '(419)-678-9807', 'cell': '(972)-634-0213', 'id': {'name': '', 'value': None}, 'picture': {'large': 'https://randomuser.me/api/portraits/women/25.jpg', 'medium': 'https://randomuser.me/api/portraits/med/women/25.jpg', 'thumbnail': 'https://randomuser.me/api/portraits/thumb/women/25.jpg'}, 'nat': 'TR'}</msg>
<arg>${json_data['results'][0]}</arg>
<doc>Logs the given message with the given level.</doc>
<status status="PASS" start="2024-06-22T11:11:25.784531" elapsed="0.000377"/>
</kw>
<kw name="Log" owner="BuiltIn">
<msg time="2024-06-22T11:11:25.785296" level="INFO">location</msg>
<arg>${key}</arg>
<doc>Logs the given message with the given level.</doc>
<status status="PASS" start="2024-06-22T11:11:25.785177" elapsed="0.000154"/>
</kw>
<var name="${key}">location</var>
<status status="PASS" start="2024-06-22T11:11:25.783912" elapsed="0.001618"/>
</iter>
<iter>
<kw name="Dictionary Should Contain Key" owner="Collections">
<arg>${json_data['results'][0]}</arg>
<arg>${key}</arg>
<doc>Fails if ``key`` is not found from ``dictionary``.</doc>
<status status="PASS" start="2024-06-22T11:11:25.785800" elapsed="0.000354"/>
</kw>
<kw name="Log" owner="BuiltIn">
<msg time="2024-06-22T11:11:25.786651" level="INFO">{'gender': 'female', 'name': {'title': 'Mrs', 'first': 'Elif', 'last': 'Dağlaroğlu'}, 'location': {'street': {'number': 8045, 'name': 'Doktorlar Cd'}, 'city': 'Samsun', 'state': 'Sinop', 'country': 'Turkey', 'postcode': 79701, 'coordinates': {'latitude': '72.6630', 'longitude': '117.0762'}, 'timezone': {'offset': '-11:00', 'description': 'Midway Island, Samoa'}}, 'email': 'elif.daglaroglu@example.com', 'login': {'uuid': '54a0c2ab-c50c-425e-b032-7b11462fbbdf', 'username': 'bigkoala743', 'password': 'cascade', 'salt': 'waVku47b', 'md5': '9ae2e4ce17ae230bb133763a872adf62', 'sha1': 'a9c5b7a8db8f162455d61b296569b3d504bb7810', 'sha256': 'dd6e5a616bfe554581d49b83e612d52c8dd6429927eced6b662195e1fd7e170e'}, 'dob': {'date': '1951-01-19T05:38:48.536Z', 'age': 73}, 'registered': {'date': '2004-09-18T07:56:40.494Z', 'age': 19}, 'phone': '(419)-678-9807', 'cell': '(972)-634-0213', 'id': {'name': '', 'value': None}, 'picture': {'large': 'https://randomuser.me/api/portraits/women/25.jpg', 'medium': 'https://randomuser.me/api/portraits/med/women/25.jpg', 'thumbnail': 'https://randomuser.me/api/portraits/thumb/women/25.jpg'}, 'nat': 'TR'}</msg>
<arg>${json_data['results'][0]}</arg>
<doc>Logs the given message with the given level.</doc>
<status status="PASS" start="2024-06-22T11:11:25.786328" elapsed="0.000374"/>
</kw>
<kw name="Log" owner="BuiltIn">
<msg time="2024-06-22T11:11:25.787089" level="INFO">email</msg>
<arg>${key}</arg>
<doc>Logs the given message with the given level.</doc>
<status status="PASS" start="2024-06-22T11:11:25.786972" elapsed="0.000152"/>
</kw>
<var name="${key}">email</var>
<status status="PASS" start="2024-06-22T11:11:25.785701" elapsed="0.001627"/>
</iter>
<iter>
<kw name="Dictionary Should Contain Key" owner="Collections">
<arg>${json_data['results'][0]}</arg>
<arg>${key}</arg>
<doc>Fails if ``key`` is not found from ``dictionary``.</doc>
<status status="PASS" start="2024-06-22T11:11:25.787629" elapsed="0.000399"/>
</kw>
<kw name="Log" owner="BuiltIn">
<msg time="2024-06-22T11:11:25.788701" level="INFO">{'gender': 'female', 'name': {'title': 'Mrs', 'first': 'Elif', 'last': 'Dağlaroğlu'}, 'location': {'street': {'number': 8045, 'name': 'Doktorlar Cd'}, 'city': 'Samsun', 'state': 'Sinop', 'country': 'Turkey', 'postcode': 79701, 'coordinates': {'latitude': '72.6630', 'longitude': '117.0762'}, 'timezone': {'offset': '-11:00', 'description': 'Midway Island, Samoa'}}, 'email': 'elif.daglaroglu@example.com', 'login': {'uuid': '54a0c2ab-c50c-425e-b032-7b11462fbbdf', 'username': 'bigkoala743', 'password': 'cascade', 'salt': 'waVku47b', 'md5': '9ae2e4ce17ae230bb133763a872adf62', 'sha1': 'a9c5b7a8db8f162455d61b296569b3d504bb7810', 'sha256': 'dd6e5a616bfe554581d49b83e612d52c8dd6429927eced6b662195e1fd7e170e'}, 'dob': {'date': '1951-01-19T05:38:48.536Z', 'age': 73}, 'registered': {'date': '2004-09-18T07:56:40.494Z', 'age': 19}, 'phone': '(419)-678-9807', 'cell': '(972)-634-0213', 'id': {'name': '', 'value': None}, 'picture': {'large': 'https://randomuser.me/api/portraits/women/25.jpg', 'medium': 'https://randomuser.me/api/portraits/med/women/25.jpg', 'thumbnail': 'https://randomuser.me/api/portraits/thumb/women/25.jpg'}, 'nat': 'TR'}</msg>
<arg>${json_data['results'][0]}</arg>
<doc>Logs the given message with the given level.</doc>
<status status="PASS" start="2024-06-22T11:11:25.788285" elapsed="0.000463"/>
</kw>
<kw name="Log" owner="BuiltIn">
<msg time="2024-06-22T11:11:25.789259" level="INFO">login</msg>
<arg>${key}</arg>
<doc>Logs the given message with the given level.</doc>
<status status="PASS" start="2024-06-22T11:11:25.789091" elapsed="0.000217"/>
</kw>
<var name="${key}">login</var>
<status status="PASS" start="2024-06-22T11:11:25.787528" elapsed="0.002012"/>
</iter>
<var>${key}</var>
<value>@{expected_keys}</value>
<status status="PASS" start="2024-06-22T11:11:25.779974" elapsed="0.009697"/>
</for>
<kw name="Create List" owner="BuiltIn">
<msg time="2024-06-22T11:11:25.790041" level="INFO">${expected_keysTwo} = ['username', 'password']</msg>
<var>${expected_keysTwo}</var>
<arg>username</arg>
<arg>password</arg>
<doc>Returns a list containing given items.</doc>
<status status="PASS" start="2024-06-22T11:11:25.789910" elapsed="0.000153"/>
</kw>
<for flavor="IN">
<iter>
<kw name="Dictionary Should Contain Key" owner="Collections">
<arg>${json_data['results'][0]['login']}</arg>
<arg>${keyTwo}</arg>
<doc>Fails if ``key`` is not found from ``dictionary``.</doc>
<status status="PASS" start="2024-06-22T11:11:25.790556" elapsed="0.000358"/>
</kw>
<kw name="Dictionary Should Contain Key" owner="Collections">
<arg>${json_data['results'][0]['login']}</arg>
<arg>${keyTwo}</arg>
<doc>Fails if ``key`` is not found from ``dictionary``.</doc>
<status status="PASS" start="2024-06-22T11:11:25.791130" elapsed="0.000436"/>
</kw>
<kw name="Log" owner="BuiltIn">
<msg time="2024-06-22T11:11:25.791909" level="INFO">username</msg>
<arg>${keyTwo}</arg>
<doc>Logs the given message with the given level.</doc>
<status status="PASS" start="2024-06-22T11:11:25.791768" elapsed="0.000180"/>
</kw>
<var name="${keyTwo}">username</var>
<status status="PASS" start="2024-06-22T11:11:25.790456" elapsed="0.001732"/>
</iter>
<iter>
<kw name="Dictionary Should Contain Key" owner="Collections">
<arg>${json_data['results'][0]['login']}</arg>
<arg>${keyTwo}</arg>
<doc>Fails if ``key`` is not found from ``dictionary``.</doc>
<status status="PASS" start="2024-06-22T11:11:25.792502" elapsed="0.000413"/>
</kw>
<kw name="Dictionary Should Contain Key" owner="Collections">
<arg>${json_data['results'][0]['login']}</arg>
<arg>${keyTwo}</arg>
<doc>Fails if ``key`` is not found from ``dictionary``.</doc>
<status status="PASS" start="2024-06-22T11:11:25.793097" elapsed="0.000379"/>
</kw>
<kw name="Log" owner="BuiltIn">
<msg time="2024-06-22T11:11:25.793770" level="INFO">password</msg>
<arg>${keyTwo}</arg>
<doc>Logs the given message with the given level.</doc>
<status status="PASS" start="2024-06-22T11:11:25.793654" elapsed="0.000151"/>
</kw>
<var name="${keyTwo}">password</var>
<status status="PASS" start="2024-06-22T11:11:25.792375" elapsed="0.001715"/>
</iter>
<var>${keyTwo}</var>
<value>@{expected_keysTwo}</value>
<status status="PASS" start="2024-06-22T11:11:25.790308" elapsed="0.003894"/>
</for>
<status status="PASS" start="2024-06-22T11:11:25.691584" elapsed="0.102746"/>
</kw>
<doc>Testa a estrutura da resposta da API.</doc>
<tag>testeEstruturaResposta</tag>
<status status="PASS" start="2024-06-22T11:11:25.691081" elapsed="0.103383"/>
</test>
<test id="s1-s1-t4" name="Validar tipos de dados" line="28">
<kw name="Teste de Tipos de Dados" owner="random-user-service">
<kw name="GET On Session" owner="RequestsLibrary">
<msg time="2024-06-22T11:11:25.884819" level="INFO">GET Request : url=https://randomuser.me/api 
 path_url=/api 
 headers={'User-Agent': 'python-requests/2.32.3', 'Accept-Encoding': 'gzip, deflate', 'Accept': '*/*', 'Connection': 'keep-alive'} 
 body=None 
 </msg>
<msg time="2024-06-22T11:11:25.884904" level="INFO">GET Response : url=https://randomuser.me/api 
 status=200, reason=OK 
 headers={'Date': 'Sat, 22 Jun 2024 11:11:25 GMT', 'Content-Type': 'application/json; charset=utf-8', 'Transfer-Encoding': 'chunked', 'Connection': 'keep-alive', 'X-Powered-By': 'Express', 'Access-Control-Allow-Origin': '*', 'Cache-Control': 'no-cache', 'ETag': 'W/"4b3-OfxrPy19SvSKdyxjWcafB6eNplE"', 'Vary': 'Accept-Encoding', 'Content-Encoding': 'gzip', 'CF-Cache-Status': 'DYNAMIC', 'Report-To': '{"endpoints":[{"url":"https:\\/\\/a.nel.cloudflare.com\\/report\\/v4?s=WhM6PdfAVCSNmho09G3WPjsPA2%2BpRTmlx4yMtpNYCYg6baEDOaSgi9%2FlX4KJfDIkFOpSp%2FtyMEIPN8BXFi0X%2BA1UfBHQQ0fcctgZ3uSOoE1qKavvW48uLbFycAmbyo%2BK"}],"group":"cf-nel","max_age":604800}', 'NEL': '{"success_fraction":0,"report_to":"cf-nel","max_age":604800}', 'Server': 'cloudflare', 'CF-RAY': '897bcc2a3d6f5ae7-IAD', 'alt-svc': 'h3=":443"; ma=86400'} 
 body={"results":[{"gender":"female","name":{"title":"Ms","first":"Frida","last":"Urías"},"location":{"street":{"number":5476,"name":"Eje vial Sur Romero"},"city":"Chila de las Flores","state":"Nuevo Leon","country":"Mexico","postcode":93414,"coordinates":{"latitude":"26.2156","longitude":"79.2830"},"timezone":{"offset":"0:00","description":"Western Europe Time, London, Lisbon, Casablanca"}},"email":"frida.urias@example.com","login":{"uuid":"6eb78a29-eff6-4d30-8d60-d83a26725193","username":"angrysnake550","password":"hairy","salt":"90zZncH1","md5":"378f06c8c2d8862dffe0794357b3c2c5","sha1":"4a47a9bb55915cfe98e82d33c89587a3c7390623","sha256":"14a4236ef2818eea63285f471884255703dc097845e6cf53293cd9ba4469ae0e"},"dob":{"date":"1955-04-28T06:39:58.855Z","age":69},"registered":{"date":"2015-02-03T17:17:41.287Z","age":9},"phone":"(644) 131 5137","cell":"(645) 412 4782","id":{"name":"NSS","value":"56 32 94 6518 6"},"picture":{"large":"https://randomuser.me/api/portraits/women/15.jpg","medium":"https://randomuser.me/api/portraits/med/women/15.jpg","thumbnail":"https://randomuser.me/api/portraits/thumb/women/15.jpg"},"nat":"MX"}],"info":{"seed":"a000c68feae8cc7a","results":1,"page":1,"version":"1.4"}} 
 </msg>
<msg time="2024-06-22T11:11:25.884966" level="INFO">/opt/hostedtoolcache/Python/3.12.4/x64/lib/python3.12/site-packages/urllib3/connectionpool.py:1099: InsecureRequestWarning: Unverified HTTPS request is being made to host 'randomuser.me'. Adding certificate verification is strongly advised. See: https://urllib3.readthedocs.io/en/latest/advanced-usage.html#tls-warnings
  warnings.warn(</msg>
<msg time="2024-06-22T11:11:25.885044" level="INFO">${response} = &lt;Response [200]&gt;</msg>
<var>${response}</var>
<arg>consultarAPI</arg>
<arg>/api</arg>
<doc>Sends a GET request on a previously created HTTP Session.</doc>
<status status="PASS" start="2024-06-22T11:11:25.796721" elapsed="0.088348"/>
</kw>
<kw name="Set Variable" owner="BuiltIn">
<msg time="2024-06-22T11:11:25.885817" level="INFO">${json_data} = {'results': [{'gender': 'female', 'name': {'title': 'Ms', 'first': 'Frida', 'last': 'Urías'}, 'location': {'street': {'number': 5476, 'name': 'Eje vial Sur Romero'}, 'city': 'Chila de las Flores', 'st...</msg>
<var>${json_data}</var>
<arg>${response.json()}</arg>
<doc>Returns the given values which can then be assigned to a variables.</doc>
<status status="PASS" start="2024-06-22T11:11:25.885411" elapsed="0.000433"/>
</kw>
<kw name="Log" owner="BuiltIn">
<msg time="2024-06-22T11:11:25.886263" level="INFO">{'results': [{'gender': 'female', 'name': {'title': 'Ms', 'first': 'Frida', 'last': 'Urías'}, 'location': {'street': {'number': 5476, 'name': 'Eje vial Sur Romero'}, 'city': 'Chila de las Flores', 'state': 'Nuevo Leon', 'country': 'Mexico', 'postcode': 93414, 'coordinates': {'latitude': '26.2156', 'longitude': '79.2830'}, 'timezone': {'offset': '0:00', 'description': 'Western Europe Time, London, Lisbon, Casablanca'}}, 'email': 'frida.urias@example.com', 'login': {'uuid': '6eb78a29-eff6-4d30-8d60-d83a26725193', 'username': 'angrysnake550', 'password': 'hairy', 'salt': '90zZncH1', 'md5': '378f06c8c2d8862dffe0794357b3c2c5', 'sha1': '4a47a9bb55915cfe98e82d33c89587a3c7390623', 'sha256': '14a4236ef2818eea63285f471884255703dc097845e6cf53293cd9ba4469ae0e'}, 'dob': {'date': '1955-04-28T06:39:58.855Z', 'age': 69}, 'registered': {'date': '2015-02-03T17:17:41.287Z', 'age': 9}, 'phone': '(644) 131 5137', 'cell': '(645) 412 4782', 'id': {'name': 'NSS', 'value': '56 32 94 6518 6'}, 'picture': {'large': 'https://randomuser.me/api/portraits/women/15.jpg', 'medium': 'https://randomuser.me/api/portraits/med/women/15.jpg', 'thumbnail': 'https://randomuser.me/api/portraits/thumb/women/15.jpg'}, 'nat': 'MX'}], 'info': {'seed': 'a000c68feae8cc7a', 'results': 1, 'page': 1, 'version': '1.4'}}</msg>
<arg>${json_data}</arg>
<doc>Logs the given message with the given level.</doc>
<status status="PASS" start="2024-06-22T11:11:25.886121" elapsed="0.000187"/>
</kw>
<kw name="Should Be String" owner="String">
<arg>${json_data['results'][0]['gender']}</arg>
<doc>Fails if the given ``item`` is not a string.</doc>
<status status="PASS" start="2024-06-22T11:11:25.886575" elapsed="0.000330"/>
</kw>
<kw name="Should Match Regexp" owner="BuiltIn">
<arg>${json_data['results'][0]['email']}</arg>
<arg>^[a-zA-Z0-9._%+-]+@[a-zA-Z0-9.-]+\.[a-zA-Z]{2,}$</arg>
<doc>Fails if ``string`` does not match ``pattern`` as a regular expression.</doc>
<status status="PASS" start="2024-06-22T11:11:25.887076" elapsed="0.000509"/>
</kw>
<kw name="Should Match Regexp" owner="BuiltIn">
<arg>${json_data['results'][0]['dob']['date']}</arg>
<arg>\\d{4}-\\d{2}-\\d{2}T\\d{2}:\\d{2}:\\d{2}\\.\\d{3}Z</arg>
<doc>Fails if ``string`` does not match ``pattern`` as a regular expression.</doc>
<status status="PASS" start="2024-06-22T11:11:25.887800" elapsed="0.000450"/>
</kw>
<kw name="Should Match Regexp" owner="BuiltIn">
<arg>${json_data['results'][0]['registered']['date']}</arg>
<arg>\\d{4}-\\d{2}-\\d{2}T\\d{2}:\\d{2}:\\d{2}\\.\\d{3}Z</arg>
<doc>Fails if ``string`` does not match ``pattern`` as a regular expression.</doc>
<status status="PASS" start="2024-06-22T11:11:25.888425" elapsed="0.000337"/>
</kw>
<kw name="Should Match Regexp" owner="BuiltIn">
<arg>${json_data['results'][0]['picture']['large']}</arg>
<arg>^https?://.*\.(?:png|jpe?g|gif|bmp)$</arg>
<doc>Fails if ``string`` does not match ``pattern`` as a regular expression.</doc>
<status status="PASS" start="2024-06-22T11:11:25.888931" elapsed="0.000417"/>
</kw>
<kw name="Should Match Regexp" owner="BuiltIn">
<arg>${json_data['results'][0]['picture']['medium']}</arg>
<arg>^https?://.*\.(?:png|jpe?g|gif|bmp)$</arg>
<doc>Fails if ``string`` does not match ``pattern`` as a regular expression.</doc>
<status status="PASS" start="2024-06-22T11:11:25.889518" elapsed="0.000323"/>
</kw>
<kw name="Should Match Regexp" owner="BuiltIn">
<arg>${json_data['results'][0]['picture']['thumbnail']}</arg>
<arg>^https?://.*\.(?:png|jpe?g|gif|bmp)$</arg>
<doc>Fails if ``string`` does not match ``pattern`` as a regular expression.</doc>
<status status="PASS" start="2024-06-22T11:11:25.890008" elapsed="0.000322"/>
</kw>
<kw name="Log" owner="BuiltIn">
<msg time="2024-06-22T11:11:25.890788" level="INFO">{'large': 'https://randomuser.me/api/portraits/women/15.jpg', 'medium': 'https://randomuser.me/api/portraits/med/women/15.jpg', 'thumbnail': 'https://randomuser.me/api/portraits/thumb/women/15.jpg'}</msg>
<arg>${json_data['results'][0]['picture']}</arg>
<doc>Logs the given message with the given level.</doc>
<status status="PASS" start="2024-06-22T11:11:25.890494" elapsed="0.000334"/>
</kw>
<status status="PASS" start="2024-06-22T11:11:25.796505" elapsed="0.094556"/>
</kw>
<kw name="Teste de Tipos de Dados - Postcode" owner="random-user-service">
<kw name="GET On Session" owner="RequestsLibrary">
<msg time="2024-06-22T11:11:25.977191" level="INFO">GET Request : url=https://randomuser.me/api 
 path_url=/api 
 headers={'User-Agent': 'python-requests/2.32.3', 'Accept-Encoding': 'gzip, deflate', 'Accept': '*/*', 'Connection': 'keep-alive'} 
 body=None 
 </msg>
<msg time="2024-06-22T11:11:25.977261" level="INFO">GET Response : url=https://randomuser.me/api 
 status=200, reason=OK 
 headers={'Date': 'Sat, 22 Jun 2024 11:11:25 GMT', 'Content-Type': 'application/json; charset=utf-8', 'Transfer-Encoding': 'chunked', 'Connection': 'keep-alive', 'X-Powered-By': 'Express', 'Access-Control-Allow-Origin': '*', 'Cache-Control': 'no-cache', 'ETag': 'W/"480-V6gLwOSAXMmEzRdpw8QyyQwF88w"', 'Vary': 'Accept-Encoding', 'Content-Encoding': 'gzip', 'CF-Cache-Status': 'DYNAMIC', 'Report-To': '{"endpoints":[{"url":"https:\\/\\/a.nel.cloudflare.com\\/report\\/v4?s=wS0nTVk1v5KoxPiWxMmR1dhEKwjV6fr0eu%2Fo0R6ptpK7cp%2FUgk2QF3%2B55BVld8NRNOuQ3EAy%2FSgapE1QDEbkIWfED9Z%2BQxcQst7kqKAnE%2FHP27vLZtlXr75pMFU4q%2BXA"}],"group":"cf-nel","max_age":604800}', 'NEL': '{"success_fraction":0,"report_to":"cf-nel","max_age":604800}', 'Server': 'cloudflare', 'CF-RAY': '897bcc2addbd5ae7-IAD', 'alt-svc': 'h3=":443"; ma=86400'} 
 body={"results":[{"gender":"female","name":{"title":"Ms","first":"Myrtle","last":"Rhodes"},"location":{"street":{"number":9336,"name":"Shady Ln Dr"},"city":"Bundaberg","state":"South Australia","country":"Australia","postcode":9679,"coordinates":{"latitude":"-82.9007","longitude":"18.8593"},"timezone":{"offset":"+3:30","description":"Tehran"}},"email":"myrtle.rhodes@example.com","login":{"uuid":"bcb9ec38-4859-4468-b939-01e0ddee1996","username":"organicbear157","password":"butterfly","salt":"GvMpyFRJ","md5":"66fc8508d1f9d7bc80b5a30795e0dee6","sha1":"f91fcf372f14247274a27da4f7765061959670fc","sha256":"138be11a41232c9d7adfb46612895053e5e5e32be49322a36765ae08312104f5"},"dob":{"date":"1994-05-04T05:24:55.612Z","age":30},"registered":{"date":"2002-04-29T11:04:50.047Z","age":22},"phone":"08-9916-6401","cell":"0419-505-549","id":{"name":"TFN","value":"936469573"},"picture":{"large":"https://randomuser.me/api/portraits/women/80.jpg","medium":"https://randomuser.me/api/portraits/med/women/80.jpg","thumbnail":"https://randomuser.me/api/portraits/thumb/women/80.jpg"},"nat":"AU"}],"info":{"seed":"30ea5fe4c1eed4d2","results":1,"page":1,"version":"1.4"}} 
 </msg>
<msg time="2024-06-22T11:11:25.977322" level="INFO">/opt/hostedtoolcache/Python/3.12.4/x64/lib/python3.12/site-packages/urllib3/connectionpool.py:1099: InsecureRequestWarning: Unverified HTTPS request is being made to host 'randomuser.me'. Adding certificate verification is strongly advised. See: https://urllib3.readthedocs.io/en/latest/advanced-usage.html#tls-warnings
  warnings.warn(</msg>
<msg time="2024-06-22T11:11:25.977416" level="INFO">${response} = &lt;Response [200]&gt;</msg>
<var>${response}</var>
<arg>consultarAPI</arg>
<arg>/api</arg>
<doc>Sends a GET request on a previously created HTTP Session.</doc>
<status status="PASS" start="2024-06-22T11:11:25.891469" elapsed="0.085992"/>
</kw>
<kw name="Set Variable" owner="BuiltIn">
<msg time="2024-06-22T11:11:25.978293" level="INFO">${json_data} = {'results': [{'gender': 'female', 'name': {'title': 'Ms', 'first': 'Myrtle', 'last': 'Rhodes'}, 'location': {'street': {'number': 9336, 'name': 'Shady Ln Dr'}, 'city': 'Bundaberg', 'state': 'South Aus...</msg>
<var>${json_data}</var>
<arg>${response.json()}</arg>
<doc>Returns the given values which can then be assigned to a variables.</doc>
<status status="PASS" start="2024-06-22T11:11:25.977849" elapsed="0.000475"/>
</kw>
<kw name="Log" owner="BuiltIn">
<msg time="2024-06-22T11:11:25.978735" level="INFO">{'results': [{'gender': 'female', 'name': {'title': 'Ms', 'first': 'Myrtle', 'last': 'Rhodes'}, 'location': {'street': {'number': 9336, 'name': 'Shady Ln Dr'}, 'city': 'Bundaberg', 'state': 'South Australia', 'country': 'Australia', 'postcode': 9679, 'coordinates': {'latitude': '-82.9007', 'longitude': '18.8593'}, 'timezone': {'offset': '+3:30', 'description': 'Tehran'}}, 'email': 'myrtle.rhodes@example.com', 'login': {'uuid': 'bcb9ec38-4859-4468-b939-01e0ddee1996', 'username': 'organicbear157', 'password': 'butterfly', 'salt': 'GvMpyFRJ', 'md5': '66fc8508d1f9d7bc80b5a30795e0dee6', 'sha1': 'f91fcf372f14247274a27da4f7765061959670fc', 'sha256': '138be11a41232c9d7adfb46612895053e5e5e32be49322a36765ae08312104f5'}, 'dob': {'date': '1994-05-04T05:24:55.612Z', 'age': 30}, 'registered': {'date': '2002-04-29T11:04:50.047Z', 'age': 22}, 'phone': '08-9916-6401', 'cell': '0419-505-549', 'id': {'name': 'TFN', 'value': '936469573'}, 'picture': {'large': 'https://randomuser.me/api/portraits/women/80.jpg', 'medium': 'https://randomuser.me/api/portraits/med/women/80.jpg', 'thumbnail': 'https://randomuser.me/api/portraits/thumb/women/80.jpg'}, 'nat': 'AU'}], 'info': {'seed': '30ea5fe4c1eed4d2', 'results': 1, 'page': 1, 'version': '1.4'}}</msg>
<arg>${json_data}</arg>
<doc>Logs the given message with the given level.</doc>
<status status="PASS" start="2024-06-22T11:11:25.978596" elapsed="0.000182"/>
</kw>
<kw name="Should Be Equal As Numbers" owner="BuiltIn">
<arg>${json_data['results'][0]['location']['postcode']}</arg>
<arg>${json_data['results'][0]['location']['postcode']}</arg>
<doc>Fails if objects are unequal after converting them to real numbers.</doc>
<status status="PASS" start="2024-06-22T11:11:25.979049" elapsed="0.000608"/>
</kw>
<kw name="Log" owner="BuiltIn">
<msg time="2024-06-22T11:11:25.980250" level="INFO">9679</msg>
<arg>${json_data['results'][0]['location']['postcode']}</arg>
<doc>Logs the given message with the given level.</doc>
<status status="PASS" start="2024-06-22T11:11:25.979828" elapsed="0.000459"/>
</kw>
<status status="PASS" start="2024-06-22T11:11:25.891249" elapsed="0.089293"/>
</kw>
<doc>Testa se os tipos de dados na resposta da API estão corretos.</doc>
<tag>testeTiposDados</tag>
<status status="PASS" start="2024-06-22T11:11:25.796102" elapsed="0.184585"/>
</test>
<test id="s1-s1-t5" name="Validar conteudo" line="35">
<kw name="Teste de Tipos de Conteudo" owner="random-user-service">
<kw name="GET On Session" owner="RequestsLibrary">
<msg time="2024-06-22T11:11:26.079616" level="INFO">GET Request : url=https://randomuser.me/api 
 path_url=/api 
 headers={'User-Agent': 'python-requests/2.32.3', 'Accept-Encoding': 'gzip, deflate', 'Accept': '*/*', 'Connection': 'keep-alive'} 
 body=None 
 </msg>
<msg time="2024-06-22T11:11:26.079717" level="INFO">GET Response : url=https://randomuser.me/api 
 status=200, reason=OK 
 headers={'Date': 'Sat, 22 Jun 2024 11:11:26 GMT', 'Content-Type': 'application/json; charset=utf-8', 'Transfer-Encoding': 'chunked', 'Connection': 'keep-alive', 'X-Powered-By': 'Express', 'Access-Control-Allow-Origin': '*', 'Cache-Control': 'no-cache', 'ETag': 'W/"4a3-xijME+tG46HTIbm07JT93qMY0QA"', 'Vary': 'Accept-Encoding', 'Content-Encoding': 'gzip', 'CF-Cache-Status': 'DYNAMIC', 'Report-To': '{"endpoints":[{"url":"https:\\/\\/a.nel.cloudflare.com\\/report\\/v4?s=KCNyyLmo8nQc515etYovBJzXX9dITqQ6rxYOZdezc8SZdIUacL0%2BA7h%2BpgVTPIBvM%2FQmhfHBUE%2BLfeJTh3QW4bo6Bef4VY39ZUoelwsvrEpbJdNBv2tHmccrBzMLlmlE"}],"group":"cf-nel","max_age":604800}', 'NEL': '{"success_fraction":0,"report_to":"cf-nel","max_age":604800}', 'Server': 'cloudflare', 'CF-RAY': '897bcc2b6e0a5ae7-IAD', 'alt-svc': 'h3=":443"; ma=86400'} 
 body={"results":[{"gender":"male","name":{"title":"Mr","first":"Ryan","last":"Martin"},"location":{"street":{"number":1964,"name":"Rue Dugas-Montbel"},"city":"Boulogne-Billancourt","state":"Nièvre","country":"France","postcode":69495,"coordinates":{"latitude":"-15.1450","longitude":"-150.9522"},"timezone":{"offset":"+4:00","description":"Abu Dhabi, Muscat, Baku, Tbilisi"}},"email":"ryan.martin@example.com","login":{"uuid":"da93d2ba-f9f6-495f-8546-9525b5d21e16","username":"goldengorilla660","password":"frozen","salt":"0L8AJv7X","md5":"3f1811912ba4cb6bbbd724ca817a3e4e","sha1":"7fb87abc00790e44307689e1cdd30859099752cb","sha256":"4937b2232e4d14ad9a2bb2352b70098632cfaac9608369e6bb829e469befe700"},"dob":{"date":"1964-04-12T20:48:12.055Z","age":60},"registered":{"date":"2005-05-05T16:57:50.362Z","age":19},"phone":"04-38-11-90-40","cell":"06-44-94-68-26","id":{"name":"INSEE","value":"1640351044802 56"},"picture":{"large":"https://randomuser.me/api/portraits/men/33.jpg","medium":"https://randomuser.me/api/portraits/med/men/33.jpg","thumbnail":"https://randomuser.me/api/portraits/thumb/men/33.jpg"},"nat":"FR"}],"info":{"seed":"638dba9ba432c11d","results":1,"page":1,"version":"1.4"}} 
 </msg>
<msg time="2024-06-22T11:11:26.079806" level="INFO">/opt/hostedtoolcache/Python/3.12.4/x64/lib/python3.12/site-packages/urllib3/connectionpool.py:1099: InsecureRequestWarning: Unverified HTTPS request is being made to host 'randomuser.me'. Adding certificate verification is strongly advised. See: https://urllib3.readthedocs.io/en/latest/advanced-usage.html#tls-warnings
  warnings.warn(</msg>
<msg time="2024-06-22T11:11:26.079932" level="INFO">${response} = &lt;Response [200]&gt;</msg>
<var>${response}</var>
<arg>consultarAPI</arg>
<arg>/api</arg>
<doc>Sends a GET request on a previously created HTTP Session.</doc>
<status status="PASS" start="2024-06-22T11:11:25.982817" elapsed="0.097161"/>
</kw>
<kw name="Set Variable" owner="BuiltIn">
<msg time="2024-06-22T11:11:26.080867" level="INFO">${json_data} = {'results': [{'gender': 'male', 'name': {'title': 'Mr', 'first': 'Ryan', 'last': 'Martin'}, 'location': {'street': {'number': 1964, 'name': 'Rue Dugas-Montbel'}, 'city': 'Boulogne-Billancourt', 'state...</msg>
<var>${json_data}</var>
<arg>${response.json()}</arg>
<doc>Returns the given values which can then be assigned to a variables.</doc>
<status status="PASS" start="2024-06-22T11:11:26.080416" elapsed="0.000479"/>
</kw>
<kw name="Set Variable" owner="BuiltIn">
<msg time="2024-06-22T11:11:26.081567" level="INFO">${name_title} = Mr</msg>
<var>${name_title}</var>
<arg>${json_data["results"][0]["name"]["title"]}</arg>
<doc>Returns the given values which can then be assigned to a variables.</doc>
<status status="PASS" start="2024-06-22T11:11:26.081189" elapsed="0.000403"/>
</kw>
<kw name="Create List" owner="BuiltIn">
<msg time="2024-06-22T11:11:26.082030" level="INFO">${allowed_titles} = ['Mr', 'Ms', 'Miss', 'Mrs', 'Madame', 'Monsieur']</msg>
<var>${allowed_titles}</var>
<arg>Mr</arg>
<arg>Ms</arg>
<arg>Miss</arg>
<arg>Mrs</arg>
<arg>Madame</arg>
<arg>Monsieur</arg>
<doc>Returns a list containing given items.</doc>
<status status="PASS" start="2024-06-22T11:11:26.081879" elapsed="0.000175"/>
</kw>
<kw name="List Should Contain Value" owner="Collections">
<arg>${allowed_titles}</arg>
<arg>${name_title}</arg>
<doc>Fails if the ``value`` is not found from ``list``.</doc>
<status status="PASS" start="2024-06-22T11:11:26.082348" elapsed="0.000155"/>
</kw>
<kw name="Set Variable" owner="BuiltIn">
<msg time="2024-06-22T11:11:26.082999" level="INFO">${name_country} = FR</msg>
<var>${name_country}</var>
<arg>${json_data["results"][0]["nat"]}</arg>
<doc>Returns the given values which can then be assigned to a variables.</doc>
<status status="PASS" start="2024-06-22T11:11:26.082663" elapsed="0.000359"/>
</kw>
<kw name="Create List" owner="BuiltIn">
<msg time="2024-06-22T11:11:26.083887" level="INFO">${list_country} = ['AD', 'AE', 'AF', 'AG', 'AI', 'AL', 'AM', 'AO', 'AQ', 'AR', 'AS', 'AT', 'AU', 'AW', 'AX', 'AZ', 'BA', 'BB', 'BD', 'BE', 'BF', 'BG', 'BH', 'BI', 'BJ', 'BL', 'BM', 'BN', 'BO', 'BQ', 'BR', 'BS', 'BT', '...</msg>
<var>${list_country}</var>
<arg>AD</arg>
<arg>AE</arg>
<arg>AF</arg>
<arg>AG</arg>
<arg>AI</arg>
<arg>AL</arg>
<arg>AM</arg>
<arg>AO</arg>
<arg>AQ</arg>
<arg>AR</arg>
<arg>AS</arg>
<arg>AT</arg>
<arg>AU</arg>
<arg>AW</arg>
<arg>AX</arg>
<arg>AZ</arg>
<arg>BA</arg>
<arg>BB</arg>
<arg>BD</arg>
<arg>BE</arg>
<arg>BF</arg>
<arg>BG</arg>
<arg>BH</arg>
<arg>BI</arg>
<arg>BJ</arg>
<arg>BL</arg>
<arg>BM</arg>
<arg>BN</arg>
<arg>BO</arg>
<arg>BQ</arg>
<arg>BR</arg>
<arg>BS</arg>
<arg>BT</arg>
<arg>BV</arg>
<arg>BW</arg>
<arg>BY</arg>
<arg>BZ</arg>
<arg>CA</arg>
<arg>CC</arg>
<arg>CD</arg>
<arg>CF</arg>
<arg>CG</arg>
<arg>CH</arg>
<arg>CI</arg>
<arg>CK</arg>
<arg>CL</arg>
<arg>CM</arg>
<arg>CN</arg>
<arg>CO</arg>
<arg>CR</arg>
<arg>CU</arg>
<arg>CV</arg>
<arg>CW</arg>
<arg>CX</arg>
<arg>CY</arg>
<arg>CZ</arg>
<arg>DE</arg>
<arg>DJ</arg>
<arg>DK</arg>
<arg>DM</arg>
<arg>DO</arg>
<arg>DZ</arg>
<arg>EC</arg>
<arg>EE</arg>
<arg>EG</arg>
<arg>EH</arg>
<arg>ER</arg>
<arg>ES</arg>
<arg>ET</arg>
<arg>FI</arg>
<arg>FJ</arg>
<arg>FK</arg>
<arg>FM</arg>
<arg>FO</arg>
<arg>FR</arg>
<arg>GA</arg>
<arg>GB</arg>
<arg>GD</arg>
<arg>GE</arg>
<arg>GF</arg>
<arg>GG</arg>
<arg>GH</arg>
<arg>GI</arg>
<arg>GL</arg>
<arg>GM</arg>
<arg>GN</arg>
<arg>GP</arg>
<arg>GQ</arg>
<arg>GR</arg>
<arg>GS</arg>
<arg>GT</arg>
<arg>GU</arg>
<arg>GW</arg>
<arg>GY</arg>
<arg>HK</arg>
<arg>HM</arg>
<arg>HN</arg>
<arg>HR</arg>
<arg>HT</arg>
<arg>HU</arg>
<arg>ID</arg>
<arg>IE</arg>
<arg>IL</arg>
<arg>IM</arg>
<arg>IN</arg>
<arg>IO</arg>
<arg>IQ</arg>
<arg>IR</arg>
<arg>IS</arg>
<arg>IT</arg>
<arg>JE</arg>
<arg>JM</arg>
<arg>JO</arg>
<arg>JP</arg>
<arg>KE</arg>
<arg>KG</arg>
<arg>KH</arg>
<arg>KI</arg>
<arg>KM</arg>
<arg>KN</arg>
<arg>KP</arg>
<arg>KR</arg>
<arg>KW</arg>
<arg>KY</arg>
<arg>KZ</arg>
<arg>LA</arg>
<arg>LB</arg>
<arg>LC</arg>
<arg>LI</arg>
<arg>LK</arg>
<arg>LR</arg>
<arg>LS</arg>
<arg>LT</arg>
<arg>LU</arg>
<arg>LV</arg>
<arg>LY</arg>
<arg>MA</arg>
<arg>MC</arg>
<arg>MD</arg>
<arg>ME</arg>
<arg>MF</arg>
<arg>MG</arg>
<arg>MH</arg>
<arg>MK</arg>
<arg>ML</arg>
<arg>MM</arg>
<arg>MN</arg>
<arg>MO</arg>
<arg>MP</arg>
<arg>MQ</arg>
<arg>MR</arg>
<arg>MS</arg>
<arg>MT</arg>
<arg>MU</arg>
<arg>MV</arg>
<arg>MW</arg>
<arg>MX</arg>
<arg>MY</arg>
<arg>MZ</arg>
<arg>NA</arg>
<arg>NC</arg>
<arg>NE</arg>
<arg>NF</arg>
<arg>NG</arg>
<arg>NI</arg>
<arg>NL</arg>
<arg>NO</arg>
<arg>NP</arg>
<arg>NR</arg>
<arg>NU</arg>
<arg>NZ</arg>
<arg>OM</arg>
<arg>PA</arg>
<arg>PE</arg>
<arg>PF</arg>
<arg>PG</arg>
<arg>PH</arg>
<arg>PK</arg>
<arg>PL</arg>
<arg>PM</arg>
<arg>PN</arg>
<arg>PR</arg>
<arg>PS</arg>
<arg>PT</arg>
<arg>PW</arg>
<arg>PY</arg>
<arg>QA</arg>
<arg>RE</arg>
<arg>RO</arg>
<arg>RS</arg>
<arg>RU</arg>
<arg>RW</arg>
<arg>SA</arg>
<arg>SB</arg>
<arg>SC</arg>
<arg>SD</arg>
<arg>SE</arg>
<arg>SG</arg>
<arg>SH</arg>
<arg>SI</arg>
<arg>SJ</arg>
<arg>SK</arg>
<arg>SL</arg>
<arg>SM</arg>
<arg>SN</arg>
<arg>SO</arg>
<arg>SR</arg>
<arg>SS</arg>
<arg>ST</arg>
<arg>SV</arg>
<arg>SX</arg>
<arg>SY</arg>
<arg>SZ</arg>
<arg>TC</arg>
<arg>TD</arg>
<arg>TF</arg>
<arg>TG</arg>
<arg>TH</arg>
<arg>TJ</arg>
<arg>TK</arg>
<arg>TL</arg>
<arg>TM</arg>
<arg>TN</arg>
<arg>TO</arg>
<arg>TR</arg>
<arg>TT</arg>
<arg>TV</arg>
<arg>TW</arg>
<arg>TZ</arg>
<arg>UA</arg>
<arg>UG</arg>
<arg>UM</arg>
<arg>US</arg>
<arg>UY</arg>
<arg>UZ</arg>
<arg>VA</arg>
<arg>VC</arg>
<arg>VE</arg>
<arg>VG</arg>
<arg>VI</arg>
<arg>VN</arg>
<arg>VU</arg>
<arg>WF</arg>
<arg>WS</arg>
<arg>XK</arg>
<arg>YE</arg>
<arg>YT</arg>
<arg>ZA</arg>
<arg>ZM</arg>
<arg>ZW</arg>
<doc>Returns a list containing given items.</doc>
<status status="PASS" start="2024-06-22T11:11:26.083283" elapsed="0.000632"/>
</kw>
<kw name="List Should Contain Value" owner="Collections">
<arg>${list_country}</arg>
<arg>${name_country}</arg>
<doc>Fails if the ``value`` is not found from ``list``.</doc>
<status status="PASS" start="2024-06-22T11:11:26.084704" elapsed="0.000202"/>
</kw>
<kw name="Run Keyword If" owner="BuiltIn">
<kw name="Should Be True" owner="BuiltIn">
<arg>${True}</arg>
<doc>Fails if the given condition is not true.</doc>
<status status="PASS" start="2024-06-22T11:11:26.085785" elapsed="0.000130"/>
</kw>
<arg>${json_data["results"][0]["location"]["coordinates"]["latitude"]} &gt;= -90 and ${json_data["results"][0]["location"]["coordinates"]["latitude"]} &lt;= 90</arg>
<arg>Should Be True</arg>
<arg>${True}</arg>
<doc>Runs the given keyword with the given arguments, if ``condition`` is true.</doc>
<status status="PASS" start="2024-06-22T11:11:26.085099" elapsed="0.000932"/>
</kw>
<kw name="Run Keyword If" owner="BuiltIn">
<kw name="Should Be True" owner="BuiltIn">
<arg>${True}</arg>
<doc>Fails if the given condition is not true.</doc>
<status status="PASS" start="2024-06-22T11:11:26.086827" elapsed="0.000218"/>
</kw>
<arg>${json_data["results"][0]["location"]["coordinates"]["longitude"]} &gt;= -180 and ${json_data["results"][0]["location"]["coordinates"]["longitude"]} &lt;= 180</arg>
<arg>Should Be True</arg>
<arg>${True}</arg>
<doc>Runs the given keyword with the given arguments, if ``condition`` is true.</doc>
<status status="PASS" start="2024-06-22T11:11:26.086199" elapsed="0.000974"/>
</kw>
<status status="PASS" start="2024-06-22T11:11:25.982623" elapsed="0.104680"/>
</kw>
<doc>Testa o conteúdo específico dos campos retornados pela API.</doc>
<tag>testeConteudo</tag>
<status status="PASS" start="2024-06-22T11:11:25.982251" elapsed="0.105220"/>
</test>
<status status="PASS" start="2024-06-22T11:11:25.151682" elapsed="0.937660"/>
</suite>
<status status="PASS" start="2024-06-22T11:11:25.138276" elapsed="0.955884"/>
</suite>
<statistics>
<total>
<stat pass="5" fail="0" skip="0">All Tests</stat>
</total>
<tag>
<stat pass="1" fail="0" skip="0">testeConteudo</stat>
<stat pass="1" fail="0" skip="0">testeEstruturaResposta</stat>
<stat pass="1" fail="0" skip="0">testeRequisicaoBasica</stat>
<stat pass="1" fail="0" skip="0">testeTiposDados</stat>
</tag>
<suite>
<stat pass="5" fail="0" skip="0" id="s1" name="Tests">Tests</stat>
<stat pass="5" fail="0" skip="0" id="s1-s1" name="Random-User-Test">Tests.Random-User-Test</stat>
</suite>
</statistics>
<errors>
</errors>
</robot>
