<?xml version="1.0" encoding="UTF-8"?>
<robot generator="Robot 7.0.1 (Python 3.12.4 on linux)" generated="2024-07-14T20:15:07.204493" rpa="false" schemaversion="5">
<suite id="s1" name="Tests" source="/home/runner/work/ApiRandomUser/ApiRandomUser/RamdonUser/tests">
<suite id="s1-s1" name="Random-User-Test" source="/home/runner/work/ApiRandomUser/ApiRandomUser/RamdonUser/tests/random-user-test.robot">
<test id="s1-s1-t1" name="Conectar" line="13">
<kw name="Conectar API" owner="random-user-service">
<kw name="Create Session" owner="RequestsLibrary">
<msg time="2024-07-14T20:15:07.635300" level="INFO">Creating Session using : alias=consultarAPI, url=https://randomuser.me/, headers={},                     cookies={}, auth=None, timeout=None, proxies=None, verify=False,                     debug=0 </msg>
<arg>consultarAPI</arg>
<arg>${URL}</arg>
<doc>Create Session: create a HTTP session to a server</doc>
<status status="PASS" start="2024-07-14T20:15:07.635099" elapsed="0.000382"/>
</kw>
<status status="PASS" start="2024-07-14T20:15:07.634121" elapsed="0.001720"/>
</kw>
<status status="PASS" start="2024-07-14T20:15:07.633538" elapsed="0.002504"/>
</test>
<test id="s1-s1-t2" name="Validar retorno 200 e JSON Válido" line="16">
<kw name="Teste de Requisicao Basica" owner="random-user-service">
<kw name="GET On Session" owner="RequestsLibrary">
<msg time="2024-07-14T20:15:07.888470" level="INFO">GET Request : url=https://randomuser.me/api 
 path_url=/api 
 headers={'User-Agent': 'python-requests/2.32.3', 'Accept-Encoding': 'gzip, deflate', 'Accept': '*/*', 'Connection': 'keep-alive'} 
 body=None 
 </msg>
<msg time="2024-07-14T20:15:07.888637" level="INFO">GET Response : url=https://randomuser.me/api 
 status=200, reason=OK 
 headers={'Date': 'Sun, 14 Jul 2024 20:15:07 GMT', 'Content-Type': 'application/json; charset=utf-8', 'Transfer-Encoding': 'chunked', 'Connection': 'keep-alive', 'X-Powered-By': 'Express', 'Access-Control-Allow-Origin': '*', 'Cache-Control': 'no-cache', 'ETag': 'W/"4aa-uBBV4HzmYb/yXg6+YVKkKBPHqSo"', 'Vary': 'Accept-Encoding', 'Content-Encoding': 'gzip', 'CF-Cache-Status': 'DYNAMIC', 'Report-To': '{"endpoints":[{"url":"https:\\/\\/a.nel.cloudflare.com\\/report\\/v4?s=A1CvFVwCP%2FCfQ5Dd23rfit1AFMlWannw92Qpz5CIyDt89VdTbtGUqs4N2vynpadVu1AksT7OtlF4w1bkZipEObYa0S0ouJ2v15DBdLa1BzpjrTqcn2IFcMEXfASqnpT8"}],"group":"cf-nel","max_age":604800}', 'NEL': '{"success_fraction":0,"report_to":"cf-nel","max_age":604800}', 'Server': 'cloudflare', 'CF-RAY': '8a342ed9faba6fce-IAD', 'alt-svc': 'h3=":443"; ma=86400'} 
 body={"results":[{"gender":"female","name":{"title":"Miss","first":"Milja","last":"Nurmi"},"location":{"street":{"number":3850,"name":"Suvantokatu"},"city":"Teuva","state":"Southern Ostrobothnia","country":"Finland","postcode":30457,"coordinates":{"latitude":"-22.9624","longitude":"167.6464"},"timezone":{"offset":"+5:00","description":"Ekaterinburg, Islamabad, Karachi, Tashkent"}},"email":"milja.nurmi@example.com","login":{"uuid":"9a2a6ddb-3cb8-477c-a7ac-7b8cc28c1712","username":"silverladybug735","password":"mylove","salt":"VSHBCXkB","md5":"e260b8ccf40eab98e8a745a1b2bd370b","sha1":"ecdc857a6a98d3c81591fe57f086ee72c4e61892","sha256":"eb55c5df2e1077135a9d62bff916796135a04e7cc7e4ce6fd48b5d35ac2596f3"},"dob":{"date":"1974-09-29T19:48:12.286Z","age":49},"registered":{"date":"2017-12-23T06:52:38.075Z","age":6},"phone":"03-581-401","cell":"047-116-05-86","id":{"name":"HETU","value":"NaNNA248undefined"},"picture":{"large":"https://randomuser.me/api/portraits/women/76.jpg","medium":"https://randomuser.me/api/portraits/med/women/76.jpg","thumbnail":"https://randomuser.me/api/portraits/thumb/women/76.jpg"},"nat":"FI"}],"info":{"seed":"eddd711d71648b51","results":1,"page":1,"version":"1.4"}} 
 </msg>
<msg time="2024-07-14T20:15:07.888721" level="INFO">/opt/hostedtoolcache/Python/3.12.4/x64/lib/python3.12/site-packages/urllib3/connectionpool.py:1099: InsecureRequestWarning: Unverified HTTPS request is being made to host 'randomuser.me'. Adding certificate verification is strongly advised. See: https://urllib3.readthedocs.io/en/latest/advanced-usage.html#tls-warnings
  warnings.warn(</msg>
<msg time="2024-07-14T20:15:07.888861" level="INFO">${response} = &lt;Response [200]&gt;</msg>
<var>${response}</var>
<arg>consultarAPI</arg>
<arg>/api</arg>
<doc>Sends a GET request on a previously created HTTP Session.</doc>
<status status="PASS" start="2024-07-14T20:15:07.638660" elapsed="0.250245"/>
</kw>
<kw name="Should Be Equal As Numbers" owner="BuiltIn">
<msg time="2024-07-14T20:15:07.889983" level="INFO">Argument types are:
&lt;class 'int'&gt;
&lt;class 'str'&gt;</msg>
<arg>${response.status_code}</arg>
<arg>200</arg>
<doc>Fails if objects are unequal after converting them to real numbers.</doc>
<status status="PASS" start="2024-07-14T20:15:07.889454" elapsed="0.000596"/>
</kw>
<kw name="Log" owner="BuiltIn">
<msg time="2024-07-14T20:15:07.890734" level="INFO">200</msg>
<arg>${response.status_code}</arg>
<doc>Logs the given message with the given level.</doc>
<status status="PASS" start="2024-07-14T20:15:07.890373" elapsed="0.000404"/>
</kw>
<kw name="Set Variable" owner="BuiltIn">
<msg time="2024-07-14T20:15:07.891519" level="INFO">${json_data} = {'results': [{'gender': 'female', 'name': {'title': 'Miss', 'first': 'Milja', 'last': 'Nurmi'}, 'location': {'street': {'number': 3850, 'name': 'Suvantokatu'}, 'city': 'Teuva', 'state': 'Southern Ostr...</msg>
<var>${json_data}</var>
<arg>${response.json()}</arg>
<doc>Returns the given values which can then be assigned to a variables.</doc>
<status status="PASS" start="2024-07-14T20:15:07.891082" elapsed="0.000467"/>
</kw>
<kw name="Dictionary Should Contain Key" owner="Collections">
<arg>${json_data}</arg>
<arg>results</arg>
<doc>Fails if ``key`` is not found from ``dictionary``.</doc>
<status status="PASS" start="2024-07-14T20:15:07.891850" elapsed="0.000167"/>
</kw>
<status status="PASS" start="2024-07-14T20:15:07.638413" elapsed="0.253766"/>
</kw>
<doc>Testa se a API responde corretamente e retorna um objeto JSON válido.</doc>
<tag>testeRequisicaoBasica</tag>
<status status="PASS" start="2024-07-14T20:15:07.637959" elapsed="0.254405"/>
</test>
<test id="s1-s1-t3" name="Validar estrutura de resposta" line="22">
<kw name="Teste de Estrutura de Resposta" owner="random-user-service">
<kw name="GET On Session" owner="RequestsLibrary">
<msg time="2024-07-14T20:15:07.981620" level="INFO">GET Request : url=https://randomuser.me/api 
 path_url=/api 
 headers={'User-Agent': 'python-requests/2.32.3', 'Accept-Encoding': 'gzip, deflate', 'Accept': '*/*', 'Connection': 'keep-alive'} 
 body=None 
 </msg>
<msg time="2024-07-14T20:15:07.981742" level="INFO">GET Response : url=https://randomuser.me/api 
 status=200, reason=OK 
 headers={'Date': 'Sun, 14 Jul 2024 20:15:07 GMT', 'Content-Type': 'application/json; charset=utf-8', 'Transfer-Encoding': 'chunked', 'Connection': 'keep-alive', 'X-Powered-By': 'Express', 'Access-Control-Allow-Origin': '*', 'Cache-Control': 'no-cache', 'ETag': 'W/"4a2-5DpcGA3b9A82OiYtuF5O7BReLTs"', 'Vary': 'Accept-Encoding', 'Content-Encoding': 'gzip', 'CF-Cache-Status': 'DYNAMIC', 'Report-To': '{"endpoints":[{"url":"https:\\/\\/a.nel.cloudflare.com\\/report\\/v4?s=HXjhcAcH7Pv3VJQlCekh8YNtE5%2FvJJqAQieMyp59p2J2YGMsHmuBDV4T0cWHr1GSqa3xzTPSP7D2zsdTF0iQKFaKhjEnTeyd1kezrifdozmtJqY66zxfXxrUZCYFcKR0"}],"group":"cf-nel","max_age":604800}', 'NEL': '{"success_fraction":0,"report_to":"cf-nel","max_age":604800}', 'Server': 'cloudflare', 'CF-RAY': '8a342eda6b226fce-IAD', 'alt-svc': 'h3=":443"; ma=86400'} 
 body={"results":[{"gender":"female","name":{"title":"Mrs","first":"Gwendolyn","last":"Cunningham"},"location":{"street":{"number":8871,"name":"Brown Terrace"},"city":"Adelaide","state":"South Australia","country":"Australia","postcode":2488,"coordinates":{"latitude":"-86.6557","longitude":"1.6924"},"timezone":{"offset":"-7:00","description":"Mountain Time (US &amp; Canada)"}},"email":"gwendolyn.cunningham@example.com","login":{"uuid":"5272e009-816b-4bf2-90a9-76298d9b24ff","username":"purplekoala455","password":"patricia","salt":"fATT9lLa","md5":"7aee1d5439074e638dcad9c2d2b1da0b","sha1":"78ca93a41462f61cace138bb019d1991c1b60cd4","sha256":"ea1c43a17761bdae76c3213fd7655ee083e4bb0717f149b37d589ed365fc8f2f"},"dob":{"date":"1954-01-31T08:27:45.005Z","age":70},"registered":{"date":"2014-08-03T13:24:17.553Z","age":9},"phone":"08-5712-9946","cell":"0475-138-911","id":{"name":"TFN","value":"358042935"},"picture":{"large":"https://randomuser.me/api/portraits/women/48.jpg","medium":"https://randomuser.me/api/portraits/med/women/48.jpg","thumbnail":"https://randomuser.me/api/portraits/thumb/women/48.jpg"},"nat":"AU"}],"info":{"seed":"12302469b4c914d5","results":1,"page":1,"version":"1.4"}} 
 </msg>
<msg time="2024-07-14T20:15:07.981875" level="INFO">/opt/hostedtoolcache/Python/3.12.4/x64/lib/python3.12/site-packages/urllib3/connectionpool.py:1099: InsecureRequestWarning: Unverified HTTPS request is being made to host 'randomuser.me'. Adding certificate verification is strongly advised. See: https://urllib3.readthedocs.io/en/latest/advanced-usage.html#tls-warnings
  warnings.warn(</msg>
<msg time="2024-07-14T20:15:07.981993" level="INFO">${response} = &lt;Response [200]&gt;</msg>
<var>${response}</var>
<arg>consultarAPI</arg>
<arg>/api</arg>
<doc>Sends a GET request on a previously created HTTP Session.</doc>
<status status="PASS" start="2024-07-14T20:15:07.895019" elapsed="0.087008"/>
</kw>
<kw name="Set Variable" owner="BuiltIn">
<msg time="2024-07-14T20:15:07.983005" level="INFO">${json_data} = {'results': [{'gender': 'female', 'name': {'title': 'Mrs', 'first': 'Gwendolyn', 'last': 'Cunningham'}, 'location': {'street': {'number': 8871, 'name': 'Brown Terrace'}, 'city': 'Adelaide', 'state': '...</msg>
<var>${json_data}</var>
<arg>${response.json()}</arg>
<doc>Returns the given values which can then be assigned to a variables.</doc>
<status status="PASS" start="2024-07-14T20:15:07.982512" elapsed="0.000521"/>
</kw>
<kw name="Log" owner="BuiltIn">
<msg time="2024-07-14T20:15:07.983493" level="INFO">{'results': [{'gender': 'female', 'name': {'title': 'Mrs', 'first': 'Gwendolyn', 'last': 'Cunningham'}, 'location': {'street': {'number': 8871, 'name': 'Brown Terrace'}, 'city': 'Adelaide', 'state': 'South Australia', 'country': 'Australia', 'postcode': 2488, 'coordinates': {'latitude': '-86.6557', 'longitude': '1.6924'}, 'timezone': {'offset': '-7:00', 'description': 'Mountain Time (US &amp; Canada)'}}, 'email': 'gwendolyn.cunningham@example.com', 'login': {'uuid': '5272e009-816b-4bf2-90a9-76298d9b24ff', 'username': 'purplekoala455', 'password': 'patricia', 'salt': 'fATT9lLa', 'md5': '7aee1d5439074e638dcad9c2d2b1da0b', 'sha1': '78ca93a41462f61cace138bb019d1991c1b60cd4', 'sha256': 'ea1c43a17761bdae76c3213fd7655ee083e4bb0717f149b37d589ed365fc8f2f'}, 'dob': {'date': '1954-01-31T08:27:45.005Z', 'age': 70}, 'registered': {'date': '2014-08-03T13:24:17.553Z', 'age': 9}, 'phone': '08-5712-9946', 'cell': '0475-138-911', 'id': {'name': 'TFN', 'value': '358042935'}, 'picture': {'large': 'https://randomuser.me/api/portraits/women/48.jpg', 'medium': 'https://randomuser.me/api/portraits/med/women/48.jpg', 'thumbnail': 'https://randomuser.me/api/portraits/thumb/women/48.jpg'}, 'nat': 'AU'}], 'info': {'seed': '12302469b4c914d5', 'results': 1, 'page': 1, 'version': '1.4'}}</msg>
<arg>${json_data}</arg>
<doc>Logs the given message with the given level.</doc>
<status status="PASS" start="2024-07-14T20:15:07.983337" elapsed="0.000206"/>
</kw>
<kw name="Dictionary Should Contain Key" owner="Collections">
<arg>${json_data}</arg>
<arg>results</arg>
<doc>Fails if ``key`` is not found from ``dictionary``.</doc>
<status status="PASS" start="2024-07-14T20:15:07.983836" elapsed="0.000163"/>
</kw>
<kw name="Should Not Be Empty" owner="BuiltIn">
<msg time="2024-07-14T20:15:07.984309" level="INFO">Length is 2.</msg>
<arg>${json_data}</arg>
<doc>Verifies that the given item is not empty.</doc>
<status status="PASS" start="2024-07-14T20:15:07.984178" elapsed="0.000170"/>
</kw>
<kw name="Create List" owner="BuiltIn">
<msg time="2024-07-14T20:15:07.984784" level="INFO">${expected_keys} = ['gender', 'name', 'location', 'email', 'login']</msg>
<var>${expected_keys}</var>
<arg>gender</arg>
<arg>name</arg>
<arg>location</arg>
<arg>email</arg>
<arg>login</arg>
<doc>Returns a list containing given items.</doc>
<status status="PASS" start="2024-07-14T20:15:07.984635" elapsed="0.000173"/>
</kw>
<for flavor="IN">
<iter>
<kw name="Dictionary Should Contain Key" owner="Collections">
<arg>${json_data['results'][0]}</arg>
<arg>${key}</arg>
<doc>Fails if ``key`` is not found from ``dictionary``.</doc>
<status status="PASS" start="2024-07-14T20:15:07.985549" elapsed="0.000443"/>
</kw>
<kw name="Log" owner="BuiltIn">
<msg time="2024-07-14T20:15:07.986543" level="INFO">{'gender': 'female', 'name': {'title': 'Mrs', 'first': 'Gwendolyn', 'last': 'Cunningham'}, 'location': {'street': {'number': 8871, 'name': 'Brown Terrace'}, 'city': 'Adelaide', 'state': 'South Australia', 'country': 'Australia', 'postcode': 2488, 'coordinates': {'latitude': '-86.6557', 'longitude': '1.6924'}, 'timezone': {'offset': '-7:00', 'description': 'Mountain Time (US &amp; Canada)'}}, 'email': 'gwendolyn.cunningham@example.com', 'login': {'uuid': '5272e009-816b-4bf2-90a9-76298d9b24ff', 'username': 'purplekoala455', 'password': 'patricia', 'salt': 'fATT9lLa', 'md5': '7aee1d5439074e638dcad9c2d2b1da0b', 'sha1': '78ca93a41462f61cace138bb019d1991c1b60cd4', 'sha256': 'ea1c43a17761bdae76c3213fd7655ee083e4bb0717f149b37d589ed365fc8f2f'}, 'dob': {'date': '1954-01-31T08:27:45.005Z', 'age': 70}, 'registered': {'date': '2014-08-03T13:24:17.553Z', 'age': 9}, 'phone': '08-5712-9946', 'cell': '0475-138-911', 'id': {'name': 'TFN', 'value': '358042935'}, 'picture': {'large': 'https://randomuser.me/api/portraits/women/48.jpg', 'medium': 'https://randomuser.me/api/portraits/med/women/48.jpg', 'thumbnail': 'https://randomuser.me/api/portraits/thumb/women/48.jpg'}, 'nat': 'AU'}</msg>
<arg>${json_data['results'][0]}</arg>
<doc>Logs the given message with the given level.</doc>
<status status="PASS" start="2024-07-14T20:15:07.986181" elapsed="0.000421"/>
</kw>
<kw name="Log" owner="BuiltIn">
<msg time="2024-07-14T20:15:07.987031" level="INFO">gender</msg>
<arg>${key}</arg>
<doc>Logs the given message with the given level.</doc>
<status status="PASS" start="2024-07-14T20:15:07.986901" elapsed="0.000167"/>
</kw>
<var name="${key}">gender</var>
<status status="PASS" start="2024-07-14T20:15:07.985424" elapsed="0.001860"/>
</iter>
<iter>
<kw name="Dictionary Should Contain Key" owner="Collections">
<arg>${json_data['results'][0]}</arg>
<arg>${key}</arg>
<doc>Fails if ``key`` is not found from ``dictionary``.</doc>
<status status="PASS" start="2024-07-14T20:15:07.987580" elapsed="0.000389"/>
</kw>
<kw name="Log" owner="BuiltIn">
<msg time="2024-07-14T20:15:07.988533" level="INFO">{'gender': 'female', 'name': {'title': 'Mrs', 'first': 'Gwendolyn', 'last': 'Cunningham'}, 'location': {'street': {'number': 8871, 'name': 'Brown Terrace'}, 'city': 'Adelaide', 'state': 'South Australia', 'country': 'Australia', 'postcode': 2488, 'coordinates': {'latitude': '-86.6557', 'longitude': '1.6924'}, 'timezone': {'offset': '-7:00', 'description': 'Mountain Time (US &amp; Canada)'}}, 'email': 'gwendolyn.cunningham@example.com', 'login': {'uuid': '5272e009-816b-4bf2-90a9-76298d9b24ff', 'username': 'purplekoala455', 'password': 'patricia', 'salt': 'fATT9lLa', 'md5': '7aee1d5439074e638dcad9c2d2b1da0b', 'sha1': '78ca93a41462f61cace138bb019d1991c1b60cd4', 'sha256': 'ea1c43a17761bdae76c3213fd7655ee083e4bb0717f149b37d589ed365fc8f2f'}, 'dob': {'date': '1954-01-31T08:27:45.005Z', 'age': 70}, 'registered': {'date': '2014-08-03T13:24:17.553Z', 'age': 9}, 'phone': '08-5712-9946', 'cell': '0475-138-911', 'id': {'name': 'TFN', 'value': '358042935'}, 'picture': {'large': 'https://randomuser.me/api/portraits/women/48.jpg', 'medium': 'https://randomuser.me/api/portraits/med/women/48.jpg', 'thumbnail': 'https://randomuser.me/api/portraits/thumb/women/48.jpg'}, 'nat': 'AU'}</msg>
<arg>${json_data['results'][0]}</arg>
<doc>Logs the given message with the given level.</doc>
<status status="PASS" start="2024-07-14T20:15:07.988150" elapsed="0.000442"/>
</kw>
<kw name="Log" owner="BuiltIn">
<msg time="2024-07-14T20:15:07.989012" level="INFO">name</msg>
<arg>${key}</arg>
<doc>Logs the given message with the given level.</doc>
<status status="PASS" start="2024-07-14T20:15:07.988887" elapsed="0.000160"/>
</kw>
<var name="${key}">name</var>
<status status="PASS" start="2024-07-14T20:15:07.987468" elapsed="0.001792"/>
</iter>
<iter>
<kw name="Dictionary Should Contain Key" owner="Collections">
<arg>${json_data['results'][0]}</arg>
<arg>${key}</arg>
<doc>Fails if ``key`` is not found from ``dictionary``.</doc>
<status status="PASS" start="2024-07-14T20:15:07.989543" elapsed="0.000418"/>
</kw>
<kw name="Log" owner="BuiltIn">
<msg time="2024-07-14T20:15:07.990489" level="INFO">{'gender': 'female', 'name': {'title': 'Mrs', 'first': 'Gwendolyn', 'last': 'Cunningham'}, 'location': {'street': {'number': 8871, 'name': 'Brown Terrace'}, 'city': 'Adelaide', 'state': 'South Australia', 'country': 'Australia', 'postcode': 2488, 'coordinates': {'latitude': '-86.6557', 'longitude': '1.6924'}, 'timezone': {'offset': '-7:00', 'description': 'Mountain Time (US &amp; Canada)'}}, 'email': 'gwendolyn.cunningham@example.com', 'login': {'uuid': '5272e009-816b-4bf2-90a9-76298d9b24ff', 'username': 'purplekoala455', 'password': 'patricia', 'salt': 'fATT9lLa', 'md5': '7aee1d5439074e638dcad9c2d2b1da0b', 'sha1': '78ca93a41462f61cace138bb019d1991c1b60cd4', 'sha256': 'ea1c43a17761bdae76c3213fd7655ee083e4bb0717f149b37d589ed365fc8f2f'}, 'dob': {'date': '1954-01-31T08:27:45.005Z', 'age': 70}, 'registered': {'date': '2014-08-03T13:24:17.553Z', 'age': 9}, 'phone': '08-5712-9946', 'cell': '0475-138-911', 'id': {'name': 'TFN', 'value': '358042935'}, 'picture': {'large': 'https://randomuser.me/api/portraits/women/48.jpg', 'medium': 'https://randomuser.me/api/portraits/med/women/48.jpg', 'thumbnail': 'https://randomuser.me/api/portraits/thumb/women/48.jpg'}, 'nat': 'AU'}</msg>
<arg>${json_data['results'][0]}</arg>
<doc>Logs the given message with the given level.</doc>
<status status="PASS" start="2024-07-14T20:15:07.990141" elapsed="0.000396"/>
</kw>
<kw name="Log" owner="BuiltIn">
<msg time="2024-07-14T20:15:07.990959" level="INFO">location</msg>
<arg>${key}</arg>
<doc>Logs the given message with the given level.</doc>
<status status="PASS" start="2024-07-14T20:15:07.990833" elapsed="0.000161"/>
</kw>
<var name="${key}">location</var>
<status status="PASS" start="2024-07-14T20:15:07.989436" elapsed="0.001772"/>
</iter>
<iter>
<kw name="Dictionary Should Contain Key" owner="Collections">
<arg>${json_data['results'][0]}</arg>
<arg>${key}</arg>
<doc>Fails if ``key`` is not found from ``dictionary``.</doc>
<status status="PASS" start="2024-07-14T20:15:07.991486" elapsed="0.000385"/>
</kw>
<kw name="Log" owner="BuiltIn">
<msg time="2024-07-14T20:15:07.992411" level="INFO">{'gender': 'female', 'name': {'title': 'Mrs', 'first': 'Gwendolyn', 'last': 'Cunningham'}, 'location': {'street': {'number': 8871, 'name': 'Brown Terrace'}, 'city': 'Adelaide', 'state': 'South Australia', 'country': 'Australia', 'postcode': 2488, 'coordinates': {'latitude': '-86.6557', 'longitude': '1.6924'}, 'timezone': {'offset': '-7:00', 'description': 'Mountain Time (US &amp; Canada)'}}, 'email': 'gwendolyn.cunningham@example.com', 'login': {'uuid': '5272e009-816b-4bf2-90a9-76298d9b24ff', 'username': 'purplekoala455', 'password': 'patricia', 'salt': 'fATT9lLa', 'md5': '7aee1d5439074e638dcad9c2d2b1da0b', 'sha1': '78ca93a41462f61cace138bb019d1991c1b60cd4', 'sha256': 'ea1c43a17761bdae76c3213fd7655ee083e4bb0717f149b37d589ed365fc8f2f'}, 'dob': {'date': '1954-01-31T08:27:45.005Z', 'age': 70}, 'registered': {'date': '2014-08-03T13:24:17.553Z', 'age': 9}, 'phone': '08-5712-9946', 'cell': '0475-138-911', 'id': {'name': 'TFN', 'value': '358042935'}, 'picture': {'large': 'https://randomuser.me/api/portraits/women/48.jpg', 'medium': 'https://randomuser.me/api/portraits/med/women/48.jpg', 'thumbnail': 'https://randomuser.me/api/portraits/thumb/women/48.jpg'}, 'nat': 'AU'}</msg>
<arg>${json_data['results'][0]}</arg>
<doc>Logs the given message with the given level.</doc>
<status status="PASS" start="2024-07-14T20:15:07.992060" elapsed="0.000398"/>
</kw>
<kw name="Log" owner="BuiltIn">
<msg time="2024-07-14T20:15:07.992876" level="INFO">email</msg>
<arg>${key}</arg>
<doc>Logs the given message with the given level.</doc>
<status status="PASS" start="2024-07-14T20:15:07.992750" elapsed="0.000164"/>
</kw>
<var name="${key}">email</var>
<status status="PASS" start="2024-07-14T20:15:07.991379" elapsed="0.001752"/>
</iter>
<iter>
<kw name="Dictionary Should Contain Key" owner="Collections">
<arg>${json_data['results'][0]}</arg>
<arg>${key}</arg>
<doc>Fails if ``key`` is not found from ``dictionary``.</doc>
<status status="PASS" start="2024-07-14T20:15:07.993413" elapsed="0.000433"/>
</kw>
<kw name="Log" owner="BuiltIn">
<msg time="2024-07-14T20:15:07.994392" level="INFO">{'gender': 'female', 'name': {'title': 'Mrs', 'first': 'Gwendolyn', 'last': 'Cunningham'}, 'location': {'street': {'number': 8871, 'name': 'Brown Terrace'}, 'city': 'Adelaide', 'state': 'South Australia', 'country': 'Australia', 'postcode': 2488, 'coordinates': {'latitude': '-86.6557', 'longitude': '1.6924'}, 'timezone': {'offset': '-7:00', 'description': 'Mountain Time (US &amp; Canada)'}}, 'email': 'gwendolyn.cunningham@example.com', 'login': {'uuid': '5272e009-816b-4bf2-90a9-76298d9b24ff', 'username': 'purplekoala455', 'password': 'patricia', 'salt': 'fATT9lLa', 'md5': '7aee1d5439074e638dcad9c2d2b1da0b', 'sha1': '78ca93a41462f61cace138bb019d1991c1b60cd4', 'sha256': 'ea1c43a17761bdae76c3213fd7655ee083e4bb0717f149b37d589ed365fc8f2f'}, 'dob': {'date': '1954-01-31T08:27:45.005Z', 'age': 70}, 'registered': {'date': '2014-08-03T13:24:17.553Z', 'age': 9}, 'phone': '08-5712-9946', 'cell': '0475-138-911', 'id': {'name': 'TFN', 'value': '358042935'}, 'picture': {'large': 'https://randomuser.me/api/portraits/women/48.jpg', 'medium': 'https://randomuser.me/api/portraits/med/women/48.jpg', 'thumbnail': 'https://randomuser.me/api/portraits/thumb/women/48.jpg'}, 'nat': 'AU'}</msg>
<arg>${json_data['results'][0]}</arg>
<doc>Logs the given message with the given level.</doc>
<status status="PASS" start="2024-07-14T20:15:07.994030" elapsed="0.000413"/>
</kw>
<kw name="Log" owner="BuiltIn">
<msg time="2024-07-14T20:15:07.994862" level="INFO">login</msg>
<arg>${key}</arg>
<doc>Logs the given message with the given level.</doc>
<status status="PASS" start="2024-07-14T20:15:07.994736" elapsed="0.000164"/>
</kw>
<var name="${key}">login</var>
<status status="PASS" start="2024-07-14T20:15:07.993300" elapsed="0.001821"/>
</iter>
<var>${key}</var>
<value>@{expected_keys}</value>
<status status="PASS" start="2024-07-14T20:15:07.985229" elapsed="0.010020"/>
</for>
<kw name="Create List" owner="BuiltIn">
<msg time="2024-07-14T20:15:07.995614" level="INFO">${expected_keysTwo} = ['username', 'password']</msg>
<var>${expected_keysTwo}</var>
<arg>username</arg>
<arg>password</arg>
<doc>Returns a list containing given items.</doc>
<status status="PASS" start="2024-07-14T20:15:07.995475" elapsed="0.000164"/>
</kw>
<for flavor="IN">
<iter>
<kw name="Dictionary Should Contain Key" owner="Collections">
<arg>${json_data['results'][0]['login']}</arg>
<arg>${keyTwo}</arg>
<doc>Fails if ``key`` is not found from ``dictionary``.</doc>
<status status="PASS" start="2024-07-14T20:15:07.996140" elapsed="0.000389"/>
</kw>
<kw name="Dictionary Should Contain Key" owner="Collections">
<arg>${json_data['results'][0]['login']}</arg>
<arg>${keyTwo}</arg>
<doc>Fails if ``key`` is not found from ``dictionary``.</doc>
<status status="PASS" start="2024-07-14T20:15:07.996708" elapsed="0.000374"/>
</kw>
<kw name="Log" owner="BuiltIn">
<msg time="2024-07-14T20:15:07.997387" level="INFO">username</msg>
<arg>${keyTwo}</arg>
<doc>Logs the given message with the given level.</doc>
<status status="PASS" start="2024-07-14T20:15:07.997266" elapsed="0.000169"/>
</kw>
<var name="${keyTwo}">username</var>
<status status="PASS" start="2024-07-14T20:15:07.996031" elapsed="0.001678"/>
</iter>
<iter>
<kw name="Dictionary Should Contain Key" owner="Collections">
<arg>${json_data['results'][0]['login']}</arg>
<arg>${keyTwo}</arg>
<doc>Fails if ``key`` is not found from ``dictionary``.</doc>
<status status="PASS" start="2024-07-14T20:15:07.997995" elapsed="0.000388"/>
</kw>
<kw name="Dictionary Should Contain Key" owner="Collections">
<arg>${json_data['results'][0]['login']}</arg>
<arg>${keyTwo}</arg>
<doc>Fails if ``key`` is not found from ``dictionary``.</doc>
<status status="PASS" start="2024-07-14T20:15:07.998557" elapsed="0.000370"/>
</kw>
<kw name="Log" owner="BuiltIn">
<msg time="2024-07-14T20:15:07.999220" level="INFO">password</msg>
<arg>${keyTwo}</arg>
<doc>Logs the given message with the given level.</doc>
<status status="PASS" start="2024-07-14T20:15:07.999101" elapsed="0.000161"/>
</kw>
<var name="${keyTwo}">password</var>
<status status="PASS" start="2024-07-14T20:15:07.997886" elapsed="0.001598"/>
</iter>
<var>${keyTwo}</var>
<value>@{expected_keysTwo}</value>
<status status="PASS" start="2024-07-14T20:15:07.995879" elapsed="0.003726"/>
</for>
<status status="PASS" start="2024-07-14T20:15:07.894783" elapsed="0.104962"/>
</kw>
<doc>Testa a estrutura da resposta da API.</doc>
<tag>testeEstruturaResposta</tag>
<status status="PASS" start="2024-07-14T20:15:07.894260" elapsed="0.105640"/>
</test>
<test id="s1-s1-t4" name="Validar tipos de dados" line="28">
<kw name="Teste de Tipos de Dados" owner="random-user-service">
<kw name="GET On Session" owner="RequestsLibrary">
<msg time="2024-07-14T20:15:08.076241" level="INFO">GET Request : url=https://randomuser.me/api 
 path_url=/api 
 headers={'User-Agent': 'python-requests/2.32.3', 'Accept-Encoding': 'gzip, deflate', 'Accept': '*/*', 'Connection': 'keep-alive'} 
 body=None 
 </msg>
<msg time="2024-07-14T20:15:08.076333" level="INFO">GET Response : url=https://randomuser.me/api 
 status=200, reason=OK 
 headers={'Date': 'Sun, 14 Jul 2024 20:15:08 GMT', 'Content-Type': 'application/json; charset=utf-8', 'Transfer-Encoding': 'chunked', 'Connection': 'keep-alive', 'X-Powered-By': 'Express', 'Access-Control-Allow-Origin': '*', 'Cache-Control': 'no-cache', 'ETag': 'W/"47a-cWZSuxPYmVEp3mUGVtQaSJHio4U"', 'Vary': 'Accept-Encoding', 'Content-Encoding': 'gzip', 'CF-Cache-Status': 'DYNAMIC', 'Report-To': '{"endpoints":[{"url":"https:\\/\\/a.nel.cloudflare.com\\/report\\/v4?s=HU8hwE9NYH1uUP0LmMVQrPpEUF%2FEs9aJc94FQjdja5WpbrwDRyuUPWDPLuCF0zBY0VoMAtWEBcWPktcKXRTEIz5Idpke3CSHuvg8Go93ivQ9IUQ2CML3gUTRf1WclYuv"}],"group":"cf-nel","max_age":604800}', 'NEL': '{"success_fraction":0,"report_to":"cf-nel","max_age":604800}', 'Server': 'cloudflare', 'CF-RAY': '8a342edb0bb06fce-IAD', 'alt-svc': 'h3=":443"; ma=86400'} 
 body={"results":[{"gender":"female","name":{"title":"Miss","first":"Gopika","last":"Kulkarni"},"location":{"street":{"number":347,"name":"Kazimar St"},"city":"Rourkela","state":"Himachal Pradesh","country":"India","postcode":75028,"coordinates":{"latitude":"4.5377","longitude":"56.9793"},"timezone":{"offset":"-9:00","description":"Alaska"}},"email":"gopika.kulkarni@example.com","login":{"uuid":"373106c6-bdc4-4ada-873e-6dac02131c62","username":"tinygorilla870","password":"camelot","salt":"2XrO2OXD","md5":"3cae1ea703a7dd2faf070ad51e2a4dfb","sha1":"1a0abfd3224433be0a25c8e625f9b1a13f3f74e3","sha256":"779574b155549853413cce809c36f865aa2a690cae198c4c29182e2734ef53dc"},"dob":{"date":"1982-02-24T12:15:50.851Z","age":42},"registered":{"date":"2018-07-10T11:11:30.293Z","age":6},"phone":"7120741223","cell":"9070036784","id":{"name":"UIDAI","value":"186524094281"},"picture":{"large":"https://randomuser.me/api/portraits/women/3.jpg","medium":"https://randomuser.me/api/portraits/med/women/3.jpg","thumbnail":"https://randomuser.me/api/portraits/thumb/women/3.jpg"},"nat":"IN"}],"info":{"seed":"da76e32a73974eeb","results":1,"page":1,"version":"1.4"}} 
 </msg>
<msg time="2024-07-14T20:15:08.076409" level="INFO">/opt/hostedtoolcache/Python/3.12.4/x64/lib/python3.12/site-packages/urllib3/connectionpool.py:1099: InsecureRequestWarning: Unverified HTTPS request is being made to host 'randomuser.me'. Adding certificate verification is strongly advised. See: https://urllib3.readthedocs.io/en/latest/advanced-usage.html#tls-warnings
  warnings.warn(</msg>
<msg time="2024-07-14T20:15:08.076529" level="INFO">${response} = &lt;Response [200]&gt;</msg>
<var>${response}</var>
<arg>consultarAPI</arg>
<arg>/api</arg>
<doc>Sends a GET request on a previously created HTTP Session.</doc>
<status status="PASS" start="2024-07-14T20:15:08.002488" elapsed="0.074087"/>
</kw>
<kw name="Set Variable" owner="BuiltIn">
<msg time="2024-07-14T20:15:08.077551" level="INFO">${json_data} = {'results': [{'gender': 'female', 'name': {'title': 'Miss', 'first': 'Gopika', 'last': 'Kulkarni'}, 'location': {'street': {'number': 347, 'name': 'Kazimar St'}, 'city': 'Rourkela', 'state': 'Himachal...</msg>
<var>${json_data}</var>
<arg>${response.json()}</arg>
<doc>Returns the given values which can then be assigned to a variables.</doc>
<status status="PASS" start="2024-07-14T20:15:08.077068" elapsed="0.000542"/>
</kw>
<kw name="Log" owner="BuiltIn">
<msg time="2024-07-14T20:15:08.078090" level="INFO">{'results': [{'gender': 'female', 'name': {'title': 'Miss', 'first': 'Gopika', 'last': 'Kulkarni'}, 'location': {'street': {'number': 347, 'name': 'Kazimar St'}, 'city': 'Rourkela', 'state': 'Himachal Pradesh', 'country': 'India', 'postcode': 75028, 'coordinates': {'latitude': '4.5377', 'longitude': '56.9793'}, 'timezone': {'offset': '-9:00', 'description': 'Alaska'}}, 'email': 'gopika.kulkarni@example.com', 'login': {'uuid': '373106c6-bdc4-4ada-873e-6dac02131c62', 'username': 'tinygorilla870', 'password': 'camelot', 'salt': '2XrO2OXD', 'md5': '3cae1ea703a7dd2faf070ad51e2a4dfb', 'sha1': '1a0abfd3224433be0a25c8e625f9b1a13f3f74e3', 'sha256': '779574b155549853413cce809c36f865aa2a690cae198c4c29182e2734ef53dc'}, 'dob': {'date': '1982-02-24T12:15:50.851Z', 'age': 42}, 'registered': {'date': '2018-07-10T11:11:30.293Z', 'age': 6}, 'phone': '7120741223', 'cell': '9070036784', 'id': {'name': 'UIDAI', 'value': '186524094281'}, 'picture': {'large': 'https://randomuser.me/api/portraits/women/3.jpg', 'medium': 'https://randomuser.me/api/portraits/med/women/3.jpg', 'thumbnail': 'https://randomuser.me/api/portraits/thumb/women/3.jpg'}, 'nat': 'IN'}], 'info': {'seed': 'da76e32a73974eeb', 'results': 1, 'page': 1, 'version': '1.4'}}</msg>
<arg>${json_data}</arg>
<doc>Logs the given message with the given level.</doc>
<status status="PASS" start="2024-07-14T20:15:08.077938" elapsed="0.000199"/>
</kw>
<kw name="Should Be String" owner="String">
<arg>${json_data['results'][0]['gender']}</arg>
<doc>Fails if the given ``item`` is not a string.</doc>
<status status="PASS" start="2024-07-14T20:15:08.078434" elapsed="0.000364"/>
</kw>
<kw name="Should Match Regexp" owner="BuiltIn">
<arg>${json_data['results'][0]['email']}</arg>
<arg>^[a-zA-Z0-9._%+-]+@[a-zA-Z0-9.-]+\.[a-zA-Z]{2,}$</arg>
<doc>Fails if ``string`` does not match ``pattern`` as a regular expression.</doc>
<status status="PASS" start="2024-07-14T20:15:08.079022" elapsed="0.000533"/>
</kw>
<kw name="Should Match Regexp" owner="BuiltIn">
<arg>${json_data['results'][0]['dob']['date']}</arg>
<arg>\\d{4}-\\d{2}-\\d{2}T\\d{2}:\\d{2}:\\d{2}\\.\\d{3}Z</arg>
<doc>Fails if ``string`` does not match ``pattern`` as a regular expression.</doc>
<status status="PASS" start="2024-07-14T20:15:08.079750" elapsed="0.000481"/>
</kw>
<kw name="Should Match Regexp" owner="BuiltIn">
<arg>${json_data['results'][0]['registered']['date']}</arg>
<arg>\\d{4}-\\d{2}-\\d{2}T\\d{2}:\\d{2}:\\d{2}\\.\\d{3}Z</arg>
<doc>Fails if ``string`` does not match ``pattern`` as a regular expression.</doc>
<status status="PASS" start="2024-07-14T20:15:08.080428" elapsed="0.000374"/>
</kw>
<kw name="Should Match Regexp" owner="BuiltIn">
<arg>${json_data['results'][0]['picture']['large']}</arg>
<arg>^https?://.*\.(?:png|jpe?g|gif|bmp)$</arg>
<doc>Fails if ``string`` does not match ``pattern`` as a regular expression.</doc>
<status status="PASS" start="2024-07-14T20:15:08.080987" elapsed="0.000453"/>
</kw>
<kw name="Should Match Regexp" owner="BuiltIn">
<arg>${json_data['results'][0]['picture']['medium']}</arg>
<arg>^https?://.*\.(?:png|jpe?g|gif|bmp)$</arg>
<doc>Fails if ``string`` does not match ``pattern`` as a regular expression.</doc>
<status status="PASS" start="2024-07-14T20:15:08.081646" elapsed="0.000363"/>
</kw>
<kw name="Should Match Regexp" owner="BuiltIn">
<arg>${json_data['results'][0]['picture']['thumbnail']}</arg>
<arg>^https?://.*\.(?:png|jpe?g|gif|bmp)$</arg>
<doc>Fails if ``string`` does not match ``pattern`` as a regular expression.</doc>
<status status="PASS" start="2024-07-14T20:15:08.082192" elapsed="0.000344"/>
</kw>
<kw name="Log" owner="BuiltIn">
<msg time="2024-07-14T20:15:08.083044" level="INFO">{'large': 'https://randomuser.me/api/portraits/women/3.jpg', 'medium': 'https://randomuser.me/api/portraits/med/women/3.jpg', 'thumbnail': 'https://randomuser.me/api/portraits/thumb/women/3.jpg'}</msg>
<arg>${json_data['results'][0]['picture']}</arg>
<doc>Logs the given message with the given level.</doc>
<status status="PASS" start="2024-07-14T20:15:08.082718" elapsed="0.000369"/>
</kw>
<status status="PASS" start="2024-07-14T20:15:08.002261" elapsed="0.081079"/>
</kw>
<kw name="Teste de Tipos de Dados - Postcode" owner="random-user-service">
<kw name="GET On Session" owner="RequestsLibrary">
<msg time="2024-07-14T20:15:08.195720" level="INFO">GET Request : url=https://randomuser.me/api 
 path_url=/api 
 headers={'User-Agent': 'python-requests/2.32.3', 'Accept-Encoding': 'gzip, deflate', 'Accept': '*/*', 'Connection': 'keep-alive'} 
 body=None 
 </msg>
<msg time="2024-07-14T20:15:08.195833" level="INFO">GET Response : url=https://randomuser.me/api 
 status=200, reason=OK 
 headers={'Date': 'Sun, 14 Jul 2024 20:15:08 GMT', 'Content-Type': 'application/json; charset=utf-8', 'Transfer-Encoding': 'chunked', 'Connection': 'keep-alive', 'X-Powered-By': 'Express', 'Access-Control-Allow-Origin': '*', 'Cache-Control': 'no-cache', 'ETag': 'W/"491-z8pJE4pTIU8VcqV7AcoR/CfcHcM"', 'Vary': 'Accept-Encoding', 'Content-Encoding': 'gzip', 'CF-Cache-Status': 'DYNAMIC', 'Report-To': '{"endpoints":[{"url":"https:\\/\\/a.nel.cloudflare.com\\/report\\/v4?s=PcT0qU%2FnAgbWpva29LKhmGMbPya8mq%2BstuGHjSJNL5V6juwg%2FycUfmEFkrWaa%2BT9U9FZ4s43%2BxwnF7zhfihjvmq4YVYEYAGvJm8C4FQhO4QwUCtjztt6lsCcl1KAumxF"}],"group":"cf-nel","max_age":604800}', 'NEL': '{"success_fraction":0,"report_to":"cf-nel","max_age":604800}', 'Server': 'cloudflare', 'CF-RAY': '8a342edb9c396fce-IAD', 'alt-svc': 'h3=":443"; ma=86400'} 
 body={"results":[{"gender":"female","name":{"title":"Ms","first":"Stefana","last":"Tadić"},"location":{"street":{"number":970,"name":"Tuniska"},"city":"Novi Pazar","state":"Pirot","country":"Serbia","postcode":81513,"coordinates":{"latitude":"59.4111","longitude":"43.9009"},"timezone":{"offset":"+5:00","description":"Ekaterinburg, Islamabad, Karachi, Tashkent"}},"email":"stefana.tadic@example.com","login":{"uuid":"ccbb1d88-c57a-467e-88ee-f784870c2fef","username":"tinyzebra540","password":"sweetnes","salt":"xEQAE6VI","md5":"8ecfe3252a7d47fbd3ee42fea88c94ff","sha1":"eb2b6d2446a429e05507cc4a4ec3555f3ccde49a","sha256":"9663f5a31dff1f31f3fcebaa59fa2babf4c5656f3102af9caf20f20bc2530099"},"dob":{"date":"1976-07-12T08:17:15.600Z","age":48},"registered":{"date":"2008-03-03T01:30:10.612Z","age":16},"phone":"020-8199-919","cell":"066-2802-109","id":{"name":"SID","value":"025942802"},"picture":{"large":"https://randomuser.me/api/portraits/women/52.jpg","medium":"https://randomuser.me/api/portraits/med/women/52.jpg","thumbnail":"https://randomuser.me/api/portraits/thumb/women/52.jpg"},"nat":"RS"}],"info":{"seed":"a8fb4557cc156bb0","results":1,"page":1,"version":"1.4"}} 
 </msg>
<msg time="2024-07-14T20:15:08.195921" level="INFO">/opt/hostedtoolcache/Python/3.12.4/x64/lib/python3.12/site-packages/urllib3/connectionpool.py:1099: InsecureRequestWarning: Unverified HTTPS request is being made to host 'randomuser.me'. Adding certificate verification is strongly advised. See: https://urllib3.readthedocs.io/en/latest/advanced-usage.html#tls-warnings
  warnings.warn(</msg>
<msg time="2024-07-14T20:15:08.196057" level="INFO">${response} = &lt;Response [200]&gt;</msg>
<var>${response}</var>
<arg>consultarAPI</arg>
<arg>/api</arg>
<doc>Sends a GET request on a previously created HTTP Session.</doc>
<status status="PASS" start="2024-07-14T20:15:08.083780" elapsed="0.112338"/>
</kw>
<kw name="Set Variable" owner="BuiltIn">
<msg time="2024-07-14T20:15:08.197165" level="INFO">${json_data} = {'results': [{'gender': 'female', 'name': {'title': 'Ms', 'first': 'Stefana', 'last': 'Tadić'}, 'location': {'street': {'number': 970, 'name': 'Tuniska'}, 'city': 'Novi Pazar', 'state': 'Pirot', 'coun...</msg>
<var>${json_data}</var>
<arg>${response.json()}</arg>
<doc>Returns the given values which can then be assigned to a variables.</doc>
<status status="PASS" start="2024-07-14T20:15:08.196640" elapsed="0.000556"/>
</kw>
<kw name="Log" owner="BuiltIn">
<msg time="2024-07-14T20:15:08.197704" level="INFO">{'results': [{'gender': 'female', 'name': {'title': 'Ms', 'first': 'Stefana', 'last': 'Tadić'}, 'location': {'street': {'number': 970, 'name': 'Tuniska'}, 'city': 'Novi Pazar', 'state': 'Pirot', 'country': 'Serbia', 'postcode': 81513, 'coordinates': {'latitude': '59.4111', 'longitude': '43.9009'}, 'timezone': {'offset': '+5:00', 'description': 'Ekaterinburg, Islamabad, Karachi, Tashkent'}}, 'email': 'stefana.tadic@example.com', 'login': {'uuid': 'ccbb1d88-c57a-467e-88ee-f784870c2fef', 'username': 'tinyzebra540', 'password': 'sweetnes', 'salt': 'xEQAE6VI', 'md5': '8ecfe3252a7d47fbd3ee42fea88c94ff', 'sha1': 'eb2b6d2446a429e05507cc4a4ec3555f3ccde49a', 'sha256': '9663f5a31dff1f31f3fcebaa59fa2babf4c5656f3102af9caf20f20bc2530099'}, 'dob': {'date': '1976-07-12T08:17:15.600Z', 'age': 48}, 'registered': {'date': '2008-03-03T01:30:10.612Z', 'age': 16}, 'phone': '020-8199-919', 'cell': '066-2802-109', 'id': {'name': 'SID', 'value': '025942802'}, 'picture': {'large': 'https://randomuser.me/api/portraits/women/52.jpg', 'medium': 'https://randomuser.me/api/portraits/med/women/52.jpg', 'thumbnail': 'https://randomuser.me/api/portraits/thumb/women/52.jpg'}, 'nat': 'RS'}], 'info': {'seed': 'a8fb4557cc156bb0', 'results': 1, 'page': 1, 'version': '1.4'}}</msg>
<arg>${json_data}</arg>
<doc>Logs the given message with the given level.</doc>
<status status="PASS" start="2024-07-14T20:15:08.197502" elapsed="0.000254"/>
</kw>
<kw name="Should Be Equal As Numbers" owner="BuiltIn">
<arg>${json_data['results'][0]['location']['postcode']}</arg>
<arg>${json_data['results'][0]['location']['postcode']}</arg>
<doc>Fails if objects are unequal after converting them to real numbers.</doc>
<status status="PASS" start="2024-07-14T20:15:08.198058" elapsed="0.000625"/>
</kw>
<kw name="Log" owner="BuiltIn">
<msg time="2024-07-14T20:15:08.199245" level="INFO">81513</msg>
<arg>${json_data['results'][0]['location']['postcode']}</arg>
<doc>Logs the given message with the given level.</doc>
<status status="PASS" start="2024-07-14T20:15:08.198907" elapsed="0.000379"/>
</kw>
<status status="PASS" start="2024-07-14T20:15:08.083559" elapsed="0.115981"/>
</kw>
<doc>Testa se os tipos de dados na resposta da API estão corretos.</doc>
<tag>testeTiposDados</tag>
<status status="PASS" start="2024-07-14T20:15:08.001719" elapsed="0.197992"/>
</test>
<test id="s1-s1-t5" name="Validar conteudo" line="35">
<kw name="Teste de Tipos de Conteudo" owner="random-user-service">
<kw name="GET On Session" owner="RequestsLibrary">
<msg time="2024-07-14T20:15:08.298487" level="INFO">GET Request : url=https://randomuser.me/api 
 path_url=/api 
 headers={'User-Agent': 'python-requests/2.32.3', 'Accept-Encoding': 'gzip, deflate', 'Accept': '*/*', 'Connection': 'keep-alive'} 
 body=None 
 </msg>
<msg time="2024-07-14T20:15:08.298554" level="INFO">GET Response : url=https://randomuser.me/api 
 status=200, reason=OK 
 headers={'Date': 'Sun, 14 Jul 2024 20:15:08 GMT', 'Content-Type': 'application/json; charset=utf-8', 'Transfer-Encoding': 'chunked', 'Connection': 'keep-alive', 'X-Powered-By': 'Express', 'Access-Control-Allow-Origin': '*', 'Cache-Control': 'no-cache', 'ETag': 'W/"495-CTdxhGETz0g2/v1gSRvp77s4qU4"', 'Vary': 'Accept-Encoding', 'Content-Encoding': 'gzip', 'CF-Cache-Status': 'DYNAMIC', 'Report-To': '{"endpoints":[{"url":"https:\\/\\/a.nel.cloudflare.com\\/report\\/v4?s=wHPZujiXJUBg8ig0Wew2SKyc%2Bs2hnwTQGumu38c%2BPbYHMKjUlI4L7xciD3odJjPTX16NJxbDmDC45Dh1hlk4qQtpBGapth9ZgHrZ0KP9e8YgmR08sPUJZcwvZC%2Fkfk3f"}],"group":"cf-nel","max_age":604800}', 'NEL': '{"success_fraction":0,"report_to":"cf-nel","max_age":604800}', 'Server': 'cloudflare', 'CF-RAY': '8a342edc4cd46fce-IAD', 'alt-svc': 'h3=":443"; ma=86400'} 
 body={"results":[{"gender":"female","name":{"title":"Miss","first":"Brittany","last":"Daniels"},"location":{"street":{"number":9251,"name":"Church Lane"},"city":"Chester","state":"Bedfordshire","country":"United Kingdom","postcode":"C4G 2LN","coordinates":{"latitude":"-12.4914","longitude":"108.5231"},"timezone":{"offset":"-2:00","description":"Mid-Atlantic"}},"email":"brittany.daniels@example.com","login":{"uuid":"2306e130-b4b0-47ed-93a8-a15ba5567ac4","username":"orangemouse201","password":"osiris","salt":"qTaE62Zp","md5":"398281b3784b0255076d33f329a5ae3f","sha1":"dcc55585e9372235193773fd7f1ce27d75e0697f","sha256":"5a006fbccc97eadd4f81f071997edf265c6a336eb30daed2ed6e47d2dc689c6e"},"dob":{"date":"1964-05-16T07:42:37.588Z","age":60},"registered":{"date":"2017-02-20T13:12:55.219Z","age":7},"phone":"015395 42197","cell":"07566 504214","id":{"name":"NINO","value":"GK 24 09 78 J"},"picture":{"large":"https://randomuser.me/api/portraits/women/63.jpg","medium":"https://randomuser.me/api/portraits/med/women/63.jpg","thumbnail":"https://randomuser.me/api/portraits/thumb/women/63.jpg"},"nat":"GB"}],"info":{"seed":"f52b5a4e01416cb3","results":1,"page":1,"version":"1.4"}} 
 </msg>
<msg time="2024-07-14T20:15:08.298627" level="INFO">/opt/hostedtoolcache/Python/3.12.4/x64/lib/python3.12/site-packages/urllib3/connectionpool.py:1099: InsecureRequestWarning: Unverified HTTPS request is being made to host 'randomuser.me'. Adding certificate verification is strongly advised. See: https://urllib3.readthedocs.io/en/latest/advanced-usage.html#tls-warnings
  warnings.warn(</msg>
<msg time="2024-07-14T20:15:08.298716" level="INFO">${response} = &lt;Response [200]&gt;</msg>
<var>${response}</var>
<arg>consultarAPI</arg>
<arg>/api</arg>
<doc>Sends a GET request on a previously created HTTP Session.</doc>
<status status="PASS" start="2024-07-14T20:15:08.202328" elapsed="0.096413"/>
</kw>
<kw name="Set Variable" owner="BuiltIn">
<msg time="2024-07-14T20:15:08.299576" level="INFO">${json_data} = {'results': [{'gender': 'female', 'name': {'title': 'Miss', 'first': 'Brittany', 'last': 'Daniels'}, 'location': {'street': {'number': 9251, 'name': 'Church Lane'}, 'city': 'Chester', 'state': 'Bedfor...</msg>
<var>${json_data}</var>
<arg>${response.json()}</arg>
<doc>Returns the given values which can then be assigned to a variables.</doc>
<status status="PASS" start="2024-07-14T20:15:08.299131" elapsed="0.000474"/>
</kw>
<kw name="Set Variable" owner="BuiltIn">
<msg time="2024-07-14T20:15:08.300272" level="INFO">${name_title} = Miss</msg>
<var>${name_title}</var>
<arg>${json_data["results"][0]["name"]["title"]}</arg>
<doc>Returns the given values which can then be assigned to a variables.</doc>
<status status="PASS" start="2024-07-14T20:15:08.299900" elapsed="0.000397"/>
</kw>
<kw name="Create List" owner="BuiltIn">
<msg time="2024-07-14T20:15:08.300735" level="INFO">${allowed_titles} = ['Mr', 'Ms', 'Miss', 'Mrs', 'Madame', 'Monsieur']</msg>
<var>${allowed_titles}</var>
<arg>Mr</arg>
<arg>Ms</arg>
<arg>Miss</arg>
<arg>Mrs</arg>
<arg>Madame</arg>
<arg>Monsieur</arg>
<doc>Returns a list containing given items.</doc>
<status status="PASS" start="2024-07-14T20:15:08.300587" elapsed="0.000172"/>
</kw>
<kw name="List Should Contain Value" owner="Collections">
<arg>${allowed_titles}</arg>
<arg>${name_title}</arg>
<doc>Fails if the ``value`` is not found from ``list``.</doc>
<status status="PASS" start="2024-07-14T20:15:08.301050" elapsed="0.000182"/>
</kw>
<kw name="Set Variable" owner="BuiltIn">
<msg time="2024-07-14T20:15:08.301840" level="INFO">${name_country} = GB</msg>
<var>${name_country}</var>
<arg>${json_data["results"][0]["nat"]}</arg>
<doc>Returns the given values which can then be assigned to a variables.</doc>
<status status="PASS" start="2024-07-14T20:15:08.301415" elapsed="0.000450"/>
</kw>
<kw name="Create List" owner="BuiltIn">
<msg time="2024-07-14T20:15:08.302754" level="INFO">${list_country} = ['AD', 'AE', 'AF', 'AG', 'AI', 'AL', 'AM', 'AO', 'AQ', 'AR', 'AS', 'AT', 'AU', 'AW', 'AX', 'AZ', 'BA', 'BB', 'BD', 'BE', 'BF', 'BG', 'BH', 'BI', 'BJ', 'BL', 'BM', 'BN', 'BO', 'BQ', 'BR', 'BS', 'BT', '...</msg>
<var>${list_country}</var>
<arg>AD</arg>
<arg>AE</arg>
<arg>AF</arg>
<arg>AG</arg>
<arg>AI</arg>
<arg>AL</arg>
<arg>AM</arg>
<arg>AO</arg>
<arg>AQ</arg>
<arg>AR</arg>
<arg>AS</arg>
<arg>AT</arg>
<arg>AU</arg>
<arg>AW</arg>
<arg>AX</arg>
<arg>AZ</arg>
<arg>BA</arg>
<arg>BB</arg>
<arg>BD</arg>
<arg>BE</arg>
<arg>BF</arg>
<arg>BG</arg>
<arg>BH</arg>
<arg>BI</arg>
<arg>BJ</arg>
<arg>BL</arg>
<arg>BM</arg>
<arg>BN</arg>
<arg>BO</arg>
<arg>BQ</arg>
<arg>BR</arg>
<arg>BS</arg>
<arg>BT</arg>
<arg>BV</arg>
<arg>BW</arg>
<arg>BY</arg>
<arg>BZ</arg>
<arg>CA</arg>
<arg>CC</arg>
<arg>CD</arg>
<arg>CF</arg>
<arg>CG</arg>
<arg>CH</arg>
<arg>CI</arg>
<arg>CK</arg>
<arg>CL</arg>
<arg>CM</arg>
<arg>CN</arg>
<arg>CO</arg>
<arg>CR</arg>
<arg>CU</arg>
<arg>CV</arg>
<arg>CW</arg>
<arg>CX</arg>
<arg>CY</arg>
<arg>CZ</arg>
<arg>DE</arg>
<arg>DJ</arg>
<arg>DK</arg>
<arg>DM</arg>
<arg>DO</arg>
<arg>DZ</arg>
<arg>EC</arg>
<arg>EE</arg>
<arg>EG</arg>
<arg>EH</arg>
<arg>ER</arg>
<arg>ES</arg>
<arg>ET</arg>
<arg>FI</arg>
<arg>FJ</arg>
<arg>FK</arg>
<arg>FM</arg>
<arg>FO</arg>
<arg>FR</arg>
<arg>GA</arg>
<arg>GB</arg>
<arg>GD</arg>
<arg>GE</arg>
<arg>GF</arg>
<arg>GG</arg>
<arg>GH</arg>
<arg>GI</arg>
<arg>GL</arg>
<arg>GM</arg>
<arg>GN</arg>
<arg>GP</arg>
<arg>GQ</arg>
<arg>GR</arg>
<arg>GS</arg>
<arg>GT</arg>
<arg>GU</arg>
<arg>GW</arg>
<arg>GY</arg>
<arg>HK</arg>
<arg>HM</arg>
<arg>HN</arg>
<arg>HR</arg>
<arg>HT</arg>
<arg>HU</arg>
<arg>ID</arg>
<arg>IE</arg>
<arg>IL</arg>
<arg>IM</arg>
<arg>IN</arg>
<arg>IO</arg>
<arg>IQ</arg>
<arg>IR</arg>
<arg>IS</arg>
<arg>IT</arg>
<arg>JE</arg>
<arg>JM</arg>
<arg>JO</arg>
<arg>JP</arg>
<arg>KE</arg>
<arg>KG</arg>
<arg>KH</arg>
<arg>KI</arg>
<arg>KM</arg>
<arg>KN</arg>
<arg>KP</arg>
<arg>KR</arg>
<arg>KW</arg>
<arg>KY</arg>
<arg>KZ</arg>
<arg>LA</arg>
<arg>LB</arg>
<arg>LC</arg>
<arg>LI</arg>
<arg>LK</arg>
<arg>LR</arg>
<arg>LS</arg>
<arg>LT</arg>
<arg>LU</arg>
<arg>LV</arg>
<arg>LY</arg>
<arg>MA</arg>
<arg>MC</arg>
<arg>MD</arg>
<arg>ME</arg>
<arg>MF</arg>
<arg>MG</arg>
<arg>MH</arg>
<arg>MK</arg>
<arg>ML</arg>
<arg>MM</arg>
<arg>MN</arg>
<arg>MO</arg>
<arg>MP</arg>
<arg>MQ</arg>
<arg>MR</arg>
<arg>MS</arg>
<arg>MT</arg>
<arg>MU</arg>
<arg>MV</arg>
<arg>MW</arg>
<arg>MX</arg>
<arg>MY</arg>
<arg>MZ</arg>
<arg>NA</arg>
<arg>NC</arg>
<arg>NE</arg>
<arg>NF</arg>
<arg>NG</arg>
<arg>NI</arg>
<arg>NL</arg>
<arg>NO</arg>
<arg>NP</arg>
<arg>NR</arg>
<arg>NU</arg>
<arg>NZ</arg>
<arg>OM</arg>
<arg>PA</arg>
<arg>PE</arg>
<arg>PF</arg>
<arg>PG</arg>
<arg>PH</arg>
<arg>PK</arg>
<arg>PL</arg>
<arg>PM</arg>
<arg>PN</arg>
<arg>PR</arg>
<arg>PS</arg>
<arg>PT</arg>
<arg>PW</arg>
<arg>PY</arg>
<arg>QA</arg>
<arg>RE</arg>
<arg>RO</arg>
<arg>RS</arg>
<arg>RU</arg>
<arg>RW</arg>
<arg>SA</arg>
<arg>SB</arg>
<arg>SC</arg>
<arg>SD</arg>
<arg>SE</arg>
<arg>SG</arg>
<arg>SH</arg>
<arg>SI</arg>
<arg>SJ</arg>
<arg>SK</arg>
<arg>SL</arg>
<arg>SM</arg>
<arg>SN</arg>
<arg>SO</arg>
<arg>SR</arg>
<arg>SS</arg>
<arg>ST</arg>
<arg>SV</arg>
<arg>SX</arg>
<arg>SY</arg>
<arg>SZ</arg>
<arg>TC</arg>
<arg>TD</arg>
<arg>TF</arg>
<arg>TG</arg>
<arg>TH</arg>
<arg>TJ</arg>
<arg>TK</arg>
<arg>TL</arg>
<arg>TM</arg>
<arg>TN</arg>
<arg>TO</arg>
<arg>TR</arg>
<arg>TT</arg>
<arg>TV</arg>
<arg>TW</arg>
<arg>TZ</arg>
<arg>UA</arg>
<arg>UG</arg>
<arg>UM</arg>
<arg>US</arg>
<arg>UY</arg>
<arg>UZ</arg>
<arg>VA</arg>
<arg>VC</arg>
<arg>VE</arg>
<arg>VG</arg>
<arg>VI</arg>
<arg>VN</arg>
<arg>VU</arg>
<arg>WF</arg>
<arg>WS</arg>
<arg>XK</arg>
<arg>YE</arg>
<arg>YT</arg>
<arg>ZA</arg>
<arg>ZM</arg>
<arg>ZW</arg>
<doc>Returns a list containing given items.</doc>
<status status="PASS" start="2024-07-14T20:15:08.302162" elapsed="0.000617"/>
</kw>
<kw name="List Should Contain Value" owner="Collections">
<arg>${list_country}</arg>
<arg>${name_country}</arg>
<doc>Fails if the ``value`` is not found from ``list``.</doc>
<status status="PASS" start="2024-07-14T20:15:08.303566" elapsed="0.000205"/>
</kw>
<kw name="Run Keyword If" owner="BuiltIn">
<kw name="Should Be True" owner="BuiltIn">
<arg>${True}</arg>
<doc>Fails if the given condition is not true.</doc>
<status status="PASS" start="2024-07-14T20:15:08.304726" elapsed="0.000143"/>
</kw>
<arg>${json_data["results"][0]["location"]["coordinates"]["latitude"]} &gt;= -90 and ${json_data["results"][0]["location"]["coordinates"]["latitude"]} &lt;= 90</arg>
<arg>Should Be True</arg>
<arg>${True}</arg>
<doc>Runs the given keyword with the given arguments, if ``condition`` is true.</doc>
<status status="PASS" start="2024-07-14T20:15:08.303971" elapsed="0.001026"/>
</kw>
<kw name="Run Keyword If" owner="BuiltIn">
<kw name="Should Be True" owner="BuiltIn">
<arg>${True}</arg>
<doc>Fails if the given condition is not true.</doc>
<status status="PASS" start="2024-07-14T20:15:08.305928" elapsed="0.000137"/>
</kw>
<arg>${json_data["results"][0]["location"]["coordinates"]["longitude"]} &gt;= -180 and ${json_data["results"][0]["location"]["coordinates"]["longitude"]} &lt;= 180</arg>
<arg>Should Be True</arg>
<arg>${True}</arg>
<doc>Runs the given keyword with the given arguments, if ``condition`` is true.</doc>
<status status="PASS" start="2024-07-14T20:15:08.305179" elapsed="0.001011"/>
</kw>
<status status="PASS" start="2024-07-14T20:15:08.201945" elapsed="0.104377"/>
</kw>
<doc>Testa o conteúdo específico dos campos retornados pela API.</doc>
<tag>testeConteudo</tag>
<status status="PASS" start="2024-07-14T20:15:08.201463" elapsed="0.105007"/>
</test>
<status status="PASS" start="2024-07-14T20:15:07.262747" elapsed="1.045669"/>
</suite>
<status status="PASS" start="2024-07-14T20:15:07.248430" elapsed="1.065106"/>
</suite>
<statistics>
<total>
<stat pass="5" fail="0" skip="0">All Tests</stat>
</total>
<tag>
<stat pass="1" fail="0" skip="0">testeConteudo</stat>
<stat pass="1" fail="0" skip="0">testeEstruturaResposta</stat>
<stat pass="1" fail="0" skip="0">testeRequisicaoBasica</stat>
<stat pass="1" fail="0" skip="0">testeTiposDados</stat>
</tag>
<suite>
<stat pass="5" fail="0" skip="0" id="s1" name="Tests">Tests</stat>
<stat pass="5" fail="0" skip="0" id="s1-s1" name="Random-User-Test">Tests.Random-User-Test</stat>
</suite>
</statistics>
<errors>
</errors>
</robot>
