<?xml version="1.0" encoding="UTF-8"?>
<robot generator="Robot 7.0 (Python 3.12.3 on linux)" generated="2024-04-18T19:11:23.524881" rpa="false" schemaversion="5">
<suite id="s1" name="Tests" source="/home/runner/work/DesafioQAItauRogerioJordao/DesafioQAItauRogerioJordao/RamdonUser/tests">
<suite id="s1-s1" name="Random-User-Test" source="/home/runner/work/DesafioQAItauRogerioJordao/DesafioQAItauRogerioJordao/RamdonUser/tests/random-user-test.robot">
<test id="s1-s1-t1" name="Conectar" line="13">
<kw name="Conectar API" owner="random-user-service">
<kw name="Create Session" owner="RequestsLibrary">
<msg time="2024-04-18T19:11:23.878681" level="INFO">Creating Session using : alias=consultarAPI, url=https://randomuser.me/, headers={},                     cookies={}, auth=None, timeout=None, proxies=None, verify=False,                     debug=0 </msg>
<arg>consultarAPI</arg>
<arg>${URL}</arg>
<doc>Create Session: create a HTTP session to a server</doc>
<status status="PASS" start="2024-04-18T19:11:23.878437" elapsed="0.000460"/>
</kw>
<status status="PASS" start="2024-04-18T19:11:23.877244" elapsed="0.002072"/>
</kw>
<status status="PASS" start="2024-04-18T19:11:23.876596" elapsed="0.002964"/>
</test>
<test id="s1-s1-t2" name="Validar retorno 200 e JSON Válido" line="16">
<kw name="Teste de Requisicao Basica" owner="random-user-service">
<kw name="GET On Session" owner="RequestsLibrary">
<msg time="2024-04-18T19:11:23.966198" level="INFO">GET Request : url=https://randomuser.me/api 
 path_url=/api 
 headers={'User-Agent': 'python-requests/2.31.0', 'Accept-Encoding': 'gzip, deflate', 'Accept': '*/*', 'Connection': 'keep-alive'} 
 body=None 
 </msg>
<msg time="2024-04-18T19:11:23.966369" level="INFO">GET Response : url=https://randomuser.me/api 
 status=200, reason=OK 
 headers={'Date': 'Thu, 18 Apr 2024 19:11:23 GMT', 'Content-Type': 'application/json; charset=utf-8', 'Transfer-Encoding': 'chunked', 'Connection': 'keep-alive', 'X-Powered-By': 'Express', 'Access-Control-Allow-Origin': '*', 'Cache-Control': 'no-cache', 'ETag': 'W/"4a1-9CpWdXsk+QkjPVRlpEo5CAlO1Sc"', 'Vary': 'Accept-Encoding', 'Content-Encoding': 'gzip', 'CF-Cache-Status': 'DYNAMIC', 'Report-To': '{"endpoints":[{"url":"https:\\/\\/a.nel.cloudflare.com\\/report\\/v4?s=feA%2Fhy%2BbBcVq29Q0TE61E1e3YLdWpdnk0dnUq1KwH5c4nMXs2q0OvmEWDXlubo%2BOjGiw78he%2BPkRhsM4CE6tpAhxmJyq5o9hBjBskFPOUG1u%2BFP0p%2FvGcnIf9AadM3Wh"}],"group":"cf-nel","max_age":604800}', 'NEL': '{"success_fraction":0,"report_to":"cf-nel","max_age":604800}', 'Server': 'cloudflare', 'CF-RAY': '8766f5de8ea861f8-ORD', 'alt-svc': 'h3=":443"; ma=86400'} 
 body={"results":[{"gender":"male","name":{"title":"Mr","first":"Ricky","last":"Carroll"},"location":{"street":{"number":8555,"name":"Royal Ln"},"city":"Perth","state":"Australian Capital Territory","country":"Australia","postcode":3763,"coordinates":{"latitude":"-83.5615","longitude":"-11.7118"},"timezone":{"offset":"+5:00","description":"Ekaterinburg, Islamabad, Karachi, Tashkent"}},"email":"ricky.carroll@example.com","login":{"uuid":"c2adba06-7c48-4023-909f-c39bdd292f44","username":"organiczebra788","password":"010101","salt":"CYsIbhmZ","md5":"a2cc3a05b80673a36261194bd3079f64","sha1":"8cbf4a34692f62d95fd44a6327f53abffef4c981","sha256":"2fc76d33613e820f17674aa5476b6a1b0afc3d0aea97ad783d953c758b800d62"},"dob":{"date":"1957-09-28T17:29:36.818Z","age":66},"registered":{"date":"2014-02-14T16:53:26.001Z","age":10},"phone":"08-8151-9228","cell":"0446-634-307","id":{"name":"TFN","value":"099815591"},"picture":{"large":"https://randomuser.me/api/portraits/men/69.jpg","medium":"https://randomuser.me/api/portraits/med/men/69.jpg","thumbnail":"https://randomuser.me/api/portraits/thumb/men/69.jpg"},"nat":"AU"}],"info":{"seed":"ac61447f6e6ad0a1","results":1,"page":1,"version":"1.4"}} 
 </msg>
<msg time="2024-04-18T19:11:23.966460" level="INFO">/opt/hostedtoolcache/Python/3.12.3/x64/lib/python3.12/site-packages/urllib3/connectionpool.py:1103: InsecureRequestWarning: Unverified HTTPS request is being made to host 'randomuser.me'. Adding certificate verification is strongly advised. See: https://urllib3.readthedocs.io/en/latest/advanced-usage.html#tls-warnings
  warnings.warn(</msg>
<msg time="2024-04-18T19:11:23.966626" level="INFO">${response} = &lt;Response [200]&gt;</msg>
<var>${response}</var>
<arg>consultarAPI</arg>
<arg>/api</arg>
<doc>Sends a GET request on a previously created HTTP Session.</doc>
<status status="PASS" start="2024-04-18T19:11:23.882542" elapsed="0.084119"/>
</kw>
<kw name="Should Be Equal As Numbers" owner="BuiltIn">
<msg time="2024-04-18T19:11:23.967700" level="INFO">Argument types are:
&lt;class 'int'&gt;
&lt;class 'str'&gt;</msg>
<arg>${response.status_code}</arg>
<arg>200</arg>
<doc>Fails if objects are unequal after converting them to real numbers.</doc>
<status status="PASS" start="2024-04-18T19:11:23.967240" elapsed="0.000526"/>
</kw>
<kw name="Log" owner="BuiltIn">
<msg time="2024-04-18T19:11:23.968446" level="INFO">200</msg>
<arg>${response.status_code}</arg>
<doc>Logs the given message with the given level.</doc>
<status status="PASS" start="2024-04-18T19:11:23.968098" elapsed="0.000390"/>
</kw>
<kw name="Set Variable" owner="BuiltIn">
<msg time="2024-04-18T19:11:23.969235" level="INFO">${json_data} = {'results': [{'gender': 'male', 'name': {'title': 'Mr', 'first': 'Ricky', 'last': 'Carroll'}, 'location': {'street': {'number': 8555, 'name': 'Royal Ln'}, 'city': 'Perth', 'state': 'Australian Capital...</msg>
<var>${json_data}</var>
<arg>${response.json()}</arg>
<doc>Returns the given values which can then be assigned to a variables.</doc>
<status status="PASS" start="2024-04-18T19:11:23.968790" elapsed="0.000472"/>
</kw>
<kw name="Dictionary Should Contain Key" owner="Collections">
<msg time="2024-04-18T19:11:23.969749" level="INFO">False</msg>
<arg>${json_data}</arg>
<arg>results</arg>
<doc>Fails if ``key`` is not found from ``dictionary``.</doc>
<status status="PASS" start="2024-04-18T19:11:23.969583" elapsed="0.000204"/>
</kw>
<status status="PASS" start="2024-04-18T19:11:23.882277" elapsed="0.087770"/>
</kw>
<doc>Testa se a API responde corretamente e retorna um objeto JSON válido.</doc>
<tag>testeRequisicaoBasica</tag>
<status status="PASS" start="2024-04-18T19:11:23.881744" elapsed="0.088488"/>
</test>
<test id="s1-s1-t3" name="Validar estrutura de resposta" line="22">
<kw name="Teste de Estrutura de Resposta" owner="random-user-service">
<kw name="GET On Session" owner="RequestsLibrary">
<msg time="2024-04-18T19:11:24.070542" level="INFO">GET Request : url=https://randomuser.me/api 
 path_url=/api 
 headers={'User-Agent': 'python-requests/2.31.0', 'Accept-Encoding': 'gzip, deflate', 'Accept': '*/*', 'Connection': 'keep-alive'} 
 body=None 
 </msg>
<msg time="2024-04-18T19:11:24.070630" level="INFO">GET Response : url=https://randomuser.me/api 
 status=200, reason=OK 
 headers={'Date': 'Thu, 18 Apr 2024 19:11:24 GMT', 'Content-Type': 'application/json; charset=utf-8', 'Transfer-Encoding': 'chunked', 'Connection': 'keep-alive', 'X-Powered-By': 'Express', 'Access-Control-Allow-Origin': '*', 'Cache-Control': 'no-cache', 'ETag': 'W/"4a0-kYQhDx1nB9rZ0zTB4LvOw3jQueU"', 'Vary': 'Accept-Encoding', 'Content-Encoding': 'gzip', 'CF-Cache-Status': 'DYNAMIC', 'Report-To': '{"endpoints":[{"url":"https:\\/\\/a.nel.cloudflare.com\\/report\\/v4?s=36XJHrY2w6ZUUTPo3A2jbErBMZI9rr11JubO8bOPUdeyAa22haB0f03m1N49MqleBZWXWmpA4HBEcOEsNtAHxzATiq5CO0X3oFv%2F3PyRG6U1fWWPWAvcxwi1EmcPFOB3"}],"group":"cf-nel","max_age":604800}', 'NEL': '{"success_fraction":0,"report_to":"cf-nel","max_age":604800}', 'Server': 'cloudflare', 'CF-RAY': '8766f5dedf3b61f8-ORD', 'alt-svc': 'h3=":443"; ma=86400'} 
 body={"results":[{"gender":"female","name":{"title":"Miss","first":"Soraja","last":"De Veld"},"location":{"street":{"number":7294,"name":"Hollemarestraat"},"city":"Oldelamer","state":"Utrecht","country":"Netherlands","postcode":"1755 FY","coordinates":{"latitude":"30.9173","longitude":"152.2502"},"timezone":{"offset":"+1:00","description":"Brussels, Copenhagen, Madrid, Paris"}},"email":"soraja.develd@example.com","login":{"uuid":"e227bcac-ce5d-417a-96dc-fd2d63555bec","username":"silverzebra861","password":"smokin","salt":"6t1eEQ1x","md5":"c2e27a5e148ed455a8bc5ea79c1b93e8","sha1":"bb1dbfc77d63eb94d4bb95f9ff4d32056bc2d405","sha256":"06a16a7a7fbc895ffa0c820073cbe4e33b515b03a03bf5691c4aba4c481639d6"},"dob":{"date":"1954-07-26T16:40:23.699Z","age":69},"registered":{"date":"2019-06-29T22:14:36.993Z","age":4},"phone":"(0147) 946540","cell":"(06) 06498840","id":{"name":"BSN","value":"66708646"},"picture":{"large":"https://randomuser.me/api/portraits/women/37.jpg","medium":"https://randomuser.me/api/portraits/med/women/37.jpg","thumbnail":"https://randomuser.me/api/portraits/thumb/women/37.jpg"},"nat":"NL"}],"info":{"seed":"a40e525ef1d3cc41","results":1,"page":1,"version":"1.4"}} 
 </msg>
<msg time="2024-04-18T19:11:24.070733" level="INFO">/opt/hostedtoolcache/Python/3.12.3/x64/lib/python3.12/site-packages/urllib3/connectionpool.py:1103: InsecureRequestWarning: Unverified HTTPS request is being made to host 'randomuser.me'. Adding certificate verification is strongly advised. See: https://urllib3.readthedocs.io/en/latest/advanced-usage.html#tls-warnings
  warnings.warn(</msg>
<msg time="2024-04-18T19:11:24.070852" level="INFO">${response} = &lt;Response [200]&gt;</msg>
<var>${response}</var>
<arg>consultarAPI</arg>
<arg>/api</arg>
<doc>Sends a GET request on a previously created HTTP Session.</doc>
<status status="PASS" start="2024-04-18T19:11:23.972941" elapsed="0.097949"/>
</kw>
<kw name="Set Variable" owner="BuiltIn">
<msg time="2024-04-18T19:11:24.071750" level="INFO">${json_data} = {'results': [{'gender': 'female', 'name': {'title': 'Miss', 'first': 'Soraja', 'last': 'De Veld'}, 'location': {'street': {'number': 7294, 'name': 'Hollemarestraat'}, 'city': 'Oldelamer', 'state': 'Ut...</msg>
<var>${json_data}</var>
<arg>${response.json()}</arg>
<doc>Returns the given values which can then be assigned to a variables.</doc>
<status status="PASS" start="2024-04-18T19:11:24.071281" elapsed="0.000496"/>
</kw>
<kw name="Log" owner="BuiltIn">
<msg time="2024-04-18T19:11:24.072228" level="INFO">{'results': [{'gender': 'female', 'name': {'title': 'Miss', 'first': 'Soraja', 'last': 'De Veld'}, 'location': {'street': {'number': 7294, 'name': 'Hollemarestraat'}, 'city': 'Oldelamer', 'state': 'Utrecht', 'country': 'Netherlands', 'postcode': '1755 FY', 'coordinates': {'latitude': '30.9173', 'longitude': '152.2502'}, 'timezone': {'offset': '+1:00', 'description': 'Brussels, Copenhagen, Madrid, Paris'}}, 'email': 'soraja.develd@example.com', 'login': {'uuid': 'e227bcac-ce5d-417a-96dc-fd2d63555bec', 'username': 'silverzebra861', 'password': 'smokin', 'salt': '6t1eEQ1x', 'md5': 'c2e27a5e148ed455a8bc5ea79c1b93e8', 'sha1': 'bb1dbfc77d63eb94d4bb95f9ff4d32056bc2d405', 'sha256': '06a16a7a7fbc895ffa0c820073cbe4e33b515b03a03bf5691c4aba4c481639d6'}, 'dob': {'date': '1954-07-26T16:40:23.699Z', 'age': 69}, 'registered': {'date': '2019-06-29T22:14:36.993Z', 'age': 4}, 'phone': '(0147) 946540', 'cell': '(06) 06498840', 'id': {'name': 'BSN', 'value': '66708646'}, 'picture': {'large': 'https://randomuser.me/api/portraits/women/37.jpg', 'medium': 'https://randomuser.me/api/portraits/med/women/37.jpg', 'thumbnail': 'https://randomuser.me/api/portraits/thumb/women/37.jpg'}, 'nat': 'NL'}], 'info': {'seed': 'a40e525ef1d3cc41', 'results': 1, 'page': 1, 'version': '1.4'}}</msg>
<arg>${json_data}</arg>
<doc>Logs the given message with the given level.</doc>
<status status="PASS" start="2024-04-18T19:11:24.072075" elapsed="0.000201"/>
</kw>
<kw name="Dictionary Should Contain Key" owner="Collections">
<msg time="2024-04-18T19:11:24.072721" level="INFO">False</msg>
<arg>${json_data}</arg>
<arg>results</arg>
<doc>Fails if ``key`` is not found from ``dictionary``.</doc>
<status status="PASS" start="2024-04-18T19:11:24.072570" elapsed="0.000187"/>
</kw>
<kw name="Should Not Be Empty" owner="BuiltIn">
<msg time="2024-04-18T19:11:24.073179" level="INFO">Length is 2.</msg>
<arg>${json_data}</arg>
<doc>Verifies that the given item is not empty.</doc>
<status status="PASS" start="2024-04-18T19:11:24.073050" elapsed="0.000168"/>
</kw>
<kw name="Create List" owner="BuiltIn">
<msg time="2024-04-18T19:11:24.073848" level="INFO">${expected_keys} = ['gender', 'name', 'location', 'email', 'login']</msg>
<var>${expected_keys}</var>
<arg>gender</arg>
<arg>name</arg>
<arg>location</arg>
<arg>email</arg>
<arg>login</arg>
<doc>Returns a list containing given items.</doc>
<status status="PASS" start="2024-04-18T19:11:24.073542" elapsed="0.000332"/>
</kw>
<for flavor="IN">
<iter>
<kw name="Dictionary Should Contain Key" owner="Collections">
<msg time="2024-04-18T19:11:24.074901" level="INFO">False</msg>
<arg>${json_data['results'][0]}</arg>
<arg>${key}</arg>
<doc>Fails if ``key`` is not found from ``dictionary``.</doc>
<status status="PASS" start="2024-04-18T19:11:24.074480" elapsed="0.000462"/>
</kw>
<kw name="Log" owner="BuiltIn">
<msg time="2024-04-18T19:11:24.075651" level="INFO">{'gender': 'female', 'name': {'title': 'Miss', 'first': 'Soraja', 'last': 'De Veld'}, 'location': {'street': {'number': 7294, 'name': 'Hollemarestraat'}, 'city': 'Oldelamer', 'state': 'Utrecht', 'country': 'Netherlands', 'postcode': '1755 FY', 'coordinates': {'latitude': '30.9173', 'longitude': '152.2502'}, 'timezone': {'offset': '+1:00', 'description': 'Brussels, Copenhagen, Madrid, Paris'}}, 'email': 'soraja.develd@example.com', 'login': {'uuid': 'e227bcac-ce5d-417a-96dc-fd2d63555bec', 'username': 'silverzebra861', 'password': 'smokin', 'salt': '6t1eEQ1x', 'md5': 'c2e27a5e148ed455a8bc5ea79c1b93e8', 'sha1': 'bb1dbfc77d63eb94d4bb95f9ff4d32056bc2d405', 'sha256': '06a16a7a7fbc895ffa0c820073cbe4e33b515b03a03bf5691c4aba4c481639d6'}, 'dob': {'date': '1954-07-26T16:40:23.699Z', 'age': 69}, 'registered': {'date': '2019-06-29T22:14:36.993Z', 'age': 4}, 'phone': '(0147) 946540', 'cell': '(06) 06498840', 'id': {'name': 'BSN', 'value': '66708646'}, 'picture': {'large': 'https://randomuser.me/api/portraits/women/37.jpg', 'medium': 'https://randomuser.me/api/portraits/med/women/37.jpg', 'thumbnail': 'https://randomuser.me/api/portraits/thumb/women/37.jpg'}, 'nat': 'NL'}</msg>
<arg>${json_data['results'][0]}</arg>
<doc>Logs the given message with the given level.</doc>
<status status="PASS" start="2024-04-18T19:11:24.075256" elapsed="0.000445"/>
</kw>
<kw name="Log" owner="BuiltIn">
<msg time="2024-04-18T19:11:24.076142" level="INFO">gender</msg>
<arg>${key}</arg>
<doc>Logs the given message with the given level.</doc>
<status status="PASS" start="2024-04-18T19:11:24.076008" elapsed="0.000173"/>
</kw>
<var name="${key}">gender</var>
<status status="PASS" start="2024-04-18T19:11:24.074349" elapsed="0.002054"/>
</iter>
<iter>
<kw name="Dictionary Should Contain Key" owner="Collections">
<msg time="2024-04-18T19:11:24.077130" level="INFO">False</msg>
<arg>${json_data['results'][0]}</arg>
<arg>${key}</arg>
<doc>Fails if ``key`` is not found from ``dictionary``.</doc>
<status status="PASS" start="2024-04-18T19:11:24.076726" elapsed="0.000443"/>
</kw>
<kw name="Log" owner="BuiltIn">
<msg time="2024-04-18T19:11:24.077902" level="INFO">{'gender': 'female', 'name': {'title': 'Miss', 'first': 'Soraja', 'last': 'De Veld'}, 'location': {'street': {'number': 7294, 'name': 'Hollemarestraat'}, 'city': 'Oldelamer', 'state': 'Utrecht', 'country': 'Netherlands', 'postcode': '1755 FY', 'coordinates': {'latitude': '30.9173', 'longitude': '152.2502'}, 'timezone': {'offset': '+1:00', 'description': 'Brussels, Copenhagen, Madrid, Paris'}}, 'email': 'soraja.develd@example.com', 'login': {'uuid': 'e227bcac-ce5d-417a-96dc-fd2d63555bec', 'username': 'silverzebra861', 'password': 'smokin', 'salt': '6t1eEQ1x', 'md5': 'c2e27a5e148ed455a8bc5ea79c1b93e8', 'sha1': 'bb1dbfc77d63eb94d4bb95f9ff4d32056bc2d405', 'sha256': '06a16a7a7fbc895ffa0c820073cbe4e33b515b03a03bf5691c4aba4c481639d6'}, 'dob': {'date': '1954-07-26T16:40:23.699Z', 'age': 69}, 'registered': {'date': '2019-06-29T22:14:36.993Z', 'age': 4}, 'phone': '(0147) 946540', 'cell': '(06) 06498840', 'id': {'name': 'BSN', 'value': '66708646'}, 'picture': {'large': 'https://randomuser.me/api/portraits/women/37.jpg', 'medium': 'https://randomuser.me/api/portraits/med/women/37.jpg', 'thumbnail': 'https://randomuser.me/api/portraits/thumb/women/37.jpg'}, 'nat': 'NL'}</msg>
<arg>${json_data['results'][0]}</arg>
<doc>Logs the given message with the given level.</doc>
<status status="PASS" start="2024-04-18T19:11:24.077525" elapsed="0.000426"/>
</kw>
<kw name="Log" owner="BuiltIn">
<msg time="2024-04-18T19:11:24.078394" level="INFO">name</msg>
<arg>${key}</arg>
<doc>Logs the given message with the given level.</doc>
<status status="PASS" start="2024-04-18T19:11:24.078261" elapsed="0.000171"/>
</kw>
<var name="${key}">name</var>
<status status="PASS" start="2024-04-18T19:11:24.076603" elapsed="0.002052"/>
</iter>
<iter>
<kw name="Dictionary Should Contain Key" owner="Collections">
<msg time="2024-04-18T19:11:24.079365" level="INFO">False</msg>
<arg>${json_data['results'][0]}</arg>
<arg>${key}</arg>
<doc>Fails if ``key`` is not found from ``dictionary``.</doc>
<status status="PASS" start="2024-04-18T19:11:24.078961" elapsed="0.000443"/>
</kw>
<kw name="Log" owner="BuiltIn">
<msg time="2024-04-18T19:11:24.080093" level="INFO">{'gender': 'female', 'name': {'title': 'Miss', 'first': 'Soraja', 'last': 'De Veld'}, 'location': {'street': {'number': 7294, 'name': 'Hollemarestraat'}, 'city': 'Oldelamer', 'state': 'Utrecht', 'country': 'Netherlands', 'postcode': '1755 FY', 'coordinates': {'latitude': '30.9173', 'longitude': '152.2502'}, 'timezone': {'offset': '+1:00', 'description': 'Brussels, Copenhagen, Madrid, Paris'}}, 'email': 'soraja.develd@example.com', 'login': {'uuid': 'e227bcac-ce5d-417a-96dc-fd2d63555bec', 'username': 'silverzebra861', 'password': 'smokin', 'salt': '6t1eEQ1x', 'md5': 'c2e27a5e148ed455a8bc5ea79c1b93e8', 'sha1': 'bb1dbfc77d63eb94d4bb95f9ff4d32056bc2d405', 'sha256': '06a16a7a7fbc895ffa0c820073cbe4e33b515b03a03bf5691c4aba4c481639d6'}, 'dob': {'date': '1954-07-26T16:40:23.699Z', 'age': 69}, 'registered': {'date': '2019-06-29T22:14:36.993Z', 'age': 4}, 'phone': '(0147) 946540', 'cell': '(06) 06498840', 'id': {'name': 'BSN', 'value': '66708646'}, 'picture': {'large': 'https://randomuser.me/api/portraits/women/37.jpg', 'medium': 'https://randomuser.me/api/portraits/med/women/37.jpg', 'thumbnail': 'https://randomuser.me/api/portraits/thumb/women/37.jpg'}, 'nat': 'NL'}</msg>
<arg>${json_data['results'][0]}</arg>
<doc>Logs the given message with the given level.</doc>
<status status="PASS" start="2024-04-18T19:11:24.079713" elapsed="0.000428"/>
</kw>
<kw name="Log" owner="BuiltIn">
<msg time="2024-04-18T19:11:24.080576" level="INFO">location</msg>
<arg>${key}</arg>
<doc>Logs the given message with the given level.</doc>
<status status="PASS" start="2024-04-18T19:11:24.080447" elapsed="0.000168"/>
</kw>
<var name="${key}">location</var>
<status status="PASS" start="2024-04-18T19:11:24.078845" elapsed="0.001992"/>
</iter>
<iter>
<kw name="Dictionary Should Contain Key" owner="Collections">
<msg time="2024-04-18T19:11:24.081566" level="INFO">False</msg>
<arg>${json_data['results'][0]}</arg>
<arg>${key}</arg>
<doc>Fails if ``key`` is not found from ``dictionary``.</doc>
<status status="PASS" start="2024-04-18T19:11:24.081138" elapsed="0.000468"/>
</kw>
<kw name="Log" owner="BuiltIn">
<msg time="2024-04-18T19:11:24.082290" level="INFO">{'gender': 'female', 'name': {'title': 'Miss', 'first': 'Soraja', 'last': 'De Veld'}, 'location': {'street': {'number': 7294, 'name': 'Hollemarestraat'}, 'city': 'Oldelamer', 'state': 'Utrecht', 'country': 'Netherlands', 'postcode': '1755 FY', 'coordinates': {'latitude': '30.9173', 'longitude': '152.2502'}, 'timezone': {'offset': '+1:00', 'description': 'Brussels, Copenhagen, Madrid, Paris'}}, 'email': 'soraja.develd@example.com', 'login': {'uuid': 'e227bcac-ce5d-417a-96dc-fd2d63555bec', 'username': 'silverzebra861', 'password': 'smokin', 'salt': '6t1eEQ1x', 'md5': 'c2e27a5e148ed455a8bc5ea79c1b93e8', 'sha1': 'bb1dbfc77d63eb94d4bb95f9ff4d32056bc2d405', 'sha256': '06a16a7a7fbc895ffa0c820073cbe4e33b515b03a03bf5691c4aba4c481639d6'}, 'dob': {'date': '1954-07-26T16:40:23.699Z', 'age': 69}, 'registered': {'date': '2019-06-29T22:14:36.993Z', 'age': 4}, 'phone': '(0147) 946540', 'cell': '(06) 06498840', 'id': {'name': 'BSN', 'value': '66708646'}, 'picture': {'large': 'https://randomuser.me/api/portraits/women/37.jpg', 'medium': 'https://randomuser.me/api/portraits/med/women/37.jpg', 'thumbnail': 'https://randomuser.me/api/portraits/thumb/women/37.jpg'}, 'nat': 'NL'}</msg>
<arg>${json_data['results'][0]}</arg>
<doc>Logs the given message with the given level.</doc>
<status status="PASS" start="2024-04-18T19:11:24.081917" elapsed="0.000422"/>
</kw>
<kw name="Log" owner="BuiltIn">
<msg time="2024-04-18T19:11:24.082771" level="INFO">email</msg>
<arg>${key}</arg>
<doc>Logs the given message with the given level.</doc>
<status status="PASS" start="2024-04-18T19:11:24.082641" elapsed="0.000170"/>
</kw>
<var name="${key}">email</var>
<status status="PASS" start="2024-04-18T19:11:24.081022" elapsed="0.002010"/>
</iter>
<iter>
<kw name="Dictionary Should Contain Key" owner="Collections">
<msg time="2024-04-18T19:11:24.083736" level="INFO">False</msg>
<arg>${json_data['results'][0]}</arg>
<arg>${key}</arg>
<doc>Fails if ``key`` is not found from ``dictionary``.</doc>
<status status="PASS" start="2024-04-18T19:11:24.083332" elapsed="0.000444"/>
</kw>
<kw name="Log" owner="BuiltIn">
<msg time="2024-04-18T19:11:24.084453" level="INFO">{'gender': 'female', 'name': {'title': 'Miss', 'first': 'Soraja', 'last': 'De Veld'}, 'location': {'street': {'number': 7294, 'name': 'Hollemarestraat'}, 'city': 'Oldelamer', 'state': 'Utrecht', 'country': 'Netherlands', 'postcode': '1755 FY', 'coordinates': {'latitude': '30.9173', 'longitude': '152.2502'}, 'timezone': {'offset': '+1:00', 'description': 'Brussels, Copenhagen, Madrid, Paris'}}, 'email': 'soraja.develd@example.com', 'login': {'uuid': 'e227bcac-ce5d-417a-96dc-fd2d63555bec', 'username': 'silverzebra861', 'password': 'smokin', 'salt': '6t1eEQ1x', 'md5': 'c2e27a5e148ed455a8bc5ea79c1b93e8', 'sha1': 'bb1dbfc77d63eb94d4bb95f9ff4d32056bc2d405', 'sha256': '06a16a7a7fbc895ffa0c820073cbe4e33b515b03a03bf5691c4aba4c481639d6'}, 'dob': {'date': '1954-07-26T16:40:23.699Z', 'age': 69}, 'registered': {'date': '2019-06-29T22:14:36.993Z', 'age': 4}, 'phone': '(0147) 946540', 'cell': '(06) 06498840', 'id': {'name': 'BSN', 'value': '66708646'}, 'picture': {'large': 'https://randomuser.me/api/portraits/women/37.jpg', 'medium': 'https://randomuser.me/api/portraits/med/women/37.jpg', 'thumbnail': 'https://randomuser.me/api/portraits/thumb/women/37.jpg'}, 'nat': 'NL'}</msg>
<arg>${json_data['results'][0]}</arg>
<doc>Logs the given message with the given level.</doc>
<status status="PASS" start="2024-04-18T19:11:24.084079" elapsed="0.000423"/>
</kw>
<kw name="Log" owner="BuiltIn">
<msg time="2024-04-18T19:11:24.084942" level="INFO">login</msg>
<arg>${key}</arg>
<doc>Logs the given message with the given level.</doc>
<status status="PASS" start="2024-04-18T19:11:24.084809" elapsed="0.000173"/>
</kw>
<var name="${key}">login</var>
<status status="PASS" start="2024-04-18T19:11:24.083217" elapsed="0.002010"/>
</iter>
<var>${key}</var>
<value>@{expected_keys}</value>
<status status="PASS" start="2024-04-18T19:11:24.074151" elapsed="0.011208"/>
</for>
<kw name="Create List" owner="BuiltIn">
<msg time="2024-04-18T19:11:24.085726" level="INFO">${expected_keysTwo} = ['username', 'password']</msg>
<var>${expected_keysTwo}</var>
<arg>username</arg>
<arg>password</arg>
<doc>Returns a list containing given items.</doc>
<status status="PASS" start="2024-04-18T19:11:24.085585" elapsed="0.000166"/>
</kw>
<for flavor="IN">
<iter>
<kw name="Dictionary Should Contain Key" owner="Collections">
<msg time="2024-04-18T19:11:24.086684" level="INFO">False</msg>
<arg>${json_data['results'][0]['login']}</arg>
<arg>${keyTwo}</arg>
<doc>Fails if ``key`` is not found from ``dictionary``.</doc>
<status status="PASS" start="2024-04-18T19:11:24.086276" elapsed="0.000447"/>
</kw>
<kw name="Dictionary Should Contain Key" owner="Collections">
<msg time="2024-04-18T19:11:24.087426" level="INFO">False</msg>
<arg>${json_data['results'][0]['login']}</arg>
<arg>${keyTwo}</arg>
<doc>Fails if ``key`` is not found from ``dictionary``.</doc>
<status status="PASS" start="2024-04-18T19:11:24.087026" elapsed="0.000438"/>
</kw>
<kw name="Log" owner="BuiltIn">
<msg time="2024-04-18T19:11:24.087898" level="INFO">username</msg>
<arg>${keyTwo}</arg>
<doc>Logs the given message with the given level.</doc>
<status status="PASS" start="2024-04-18T19:11:24.087765" elapsed="0.000178"/>
</kw>
<var name="${keyTwo}">username</var>
<status status="PASS" start="2024-04-18T19:11:24.086162" elapsed="0.002003"/>
</iter>
<iter>
<kw name="Dictionary Should Contain Key" owner="Collections">
<msg time="2024-04-18T19:11:24.088864" level="INFO">False</msg>
<arg>${json_data['results'][0]['login']}</arg>
<arg>${keyTwo}</arg>
<doc>Fails if ``key`` is not found from ``dictionary``.</doc>
<status status="PASS" start="2024-04-18T19:11:24.088459" elapsed="0.000451"/>
</kw>
<kw name="Dictionary Should Contain Key" owner="Collections">
<msg time="2024-04-18T19:11:24.089727" level="INFO">False</msg>
<arg>${json_data['results'][0]['login']}</arg>
<arg>${keyTwo}</arg>
<doc>Fails if ``key`` is not found from ``dictionary``.</doc>
<status status="PASS" start="2024-04-18T19:11:24.089216" elapsed="0.000552"/>
</kw>
<kw name="Log" owner="BuiltIn">
<msg time="2024-04-18T19:11:24.090216" level="INFO">password</msg>
<arg>${keyTwo}</arg>
<doc>Logs the given message with the given level.</doc>
<status status="PASS" start="2024-04-18T19:11:24.090079" elapsed="0.000176"/>
</kw>
<var name="${keyTwo}">password</var>
<status status="PASS" start="2024-04-18T19:11:24.088345" elapsed="0.002143"/>
</iter>
<var>${keyTwo}</var>
<value>@{expected_keysTwo}</value>
<status status="PASS" start="2024-04-18T19:11:24.086001" elapsed="0.004616"/>
</for>
<status status="PASS" start="2024-04-18T19:11:23.972699" elapsed="0.118068"/>
</kw>
<doc>Testa a estrutura da resposta da API.</doc>
<tag>testeEstruturaResposta</tag>
<status status="PASS" start="2024-04-18T19:11:23.972079" elapsed="0.118853"/>
</test>
<test id="s1-s1-t4" name="Validar tipos de dados" line="28">
<kw name="Teste de Tipos de Dados" owner="random-user-service">
<kw name="GET On Session" owner="RequestsLibrary">
<msg time="2024-04-18T19:11:24.182382" level="INFO">GET Request : url=https://randomuser.me/api 
 path_url=/api 
 headers={'User-Agent': 'python-requests/2.31.0', 'Accept-Encoding': 'gzip, deflate', 'Accept': '*/*', 'Connection': 'keep-alive'} 
 body=None 
 </msg>
<msg time="2024-04-18T19:11:24.182459" level="INFO">GET Response : url=https://randomuser.me/api 
 status=200, reason=OK 
 headers={'Date': 'Thu, 18 Apr 2024 19:11:24 GMT', 'Content-Type': 'application/json; charset=utf-8', 'Transfer-Encoding': 'chunked', 'Connection': 'keep-alive', 'X-Powered-By': 'Express', 'Access-Control-Allow-Origin': '*', 'Cache-Control': 'no-cache', 'ETag': 'W/"48d-R9oOtHTlkLeuWktotuuXDnsu4HM"', 'Vary': 'Accept-Encoding', 'Content-Encoding': 'gzip', 'CF-Cache-Status': 'DYNAMIC', 'Report-To': '{"endpoints":[{"url":"https:\\/\\/a.nel.cloudflare.com\\/report\\/v4?s=2WP2Eb9evBEslkXtyH6fGsw9nXlE9tjEDi9YwycfjZkkV2FDRt%2FqNuliuWQ0YPYgeus6JfoyXmL%2FvU7Afdw6msVTuW77M1Wu6lWo7hbOUJ7ONQf8N6jtqId66ciHMmtg"}],"group":"cf-nel","max_age":604800}', 'NEL': '{"success_fraction":0,"report_to":"cf-nel","max_age":604800}', 'Server': 'cloudflare', 'CF-RAY': '8766f5df986d61f8-ORD', 'alt-svc': 'h3=":443"; ma=86400'} 
 body={"results":[{"gender":"female","name":{"title":"Mrs","first":"Isabella","last":"Hansen"},"location":{"street":{"number":9231,"name":"Strandvejen"},"city":"Kvistgaard","state":"Midtjylland","country":"Denmark","postcode":30731,"coordinates":{"latitude":"-43.6586","longitude":"132.4243"},"timezone":{"offset":"+2:00","description":"Kaliningrad, South Africa"}},"email":"isabella.hansen@example.com","login":{"uuid":"6288ec66-3c57-4551-8d2d-788c2db1177f","username":"ticklishladybug555","password":"body","salt":"WtDvvgc1","md5":"9a5b1e0dbf4d6d73d01d59eb203dac3c","sha1":"08842c924c99c0a18eb59896c8cfcefa2b139a0b","sha256":"d5ecd44f08a13acd3ef820c72946efcb2599afafc19af8c833bb7b9ebdf02aca"},"dob":{"date":"1973-10-30T20:06:55.717Z","age":50},"registered":{"date":"2017-08-22T06:53:24.179Z","age":6},"phone":"86114492","cell":"81297507","id":{"name":"CPR","value":"301073-2730"},"picture":{"large":"https://randomuser.me/api/portraits/women/16.jpg","medium":"https://randomuser.me/api/portraits/med/women/16.jpg","thumbnail":"https://randomuser.me/api/portraits/thumb/women/16.jpg"},"nat":"DK"}],"info":{"seed":"3132406445854d0e","results":1,"page":1,"version":"1.4"}} 
 </msg>
<msg time="2024-04-18T19:11:24.182525" level="INFO">/opt/hostedtoolcache/Python/3.12.3/x64/lib/python3.12/site-packages/urllib3/connectionpool.py:1103: InsecureRequestWarning: Unverified HTTPS request is being made to host 'randomuser.me'. Adding certificate verification is strongly advised. See: https://urllib3.readthedocs.io/en/latest/advanced-usage.html#tls-warnings
  warnings.warn(</msg>
<msg time="2024-04-18T19:11:24.182652" level="INFO">${response} = &lt;Response [200]&gt;</msg>
<var>${response}</var>
<arg>consultarAPI</arg>
<arg>/api</arg>
<doc>Sends a GET request on a previously created HTTP Session.</doc>
<status status="PASS" start="2024-04-18T19:11:24.093602" elapsed="0.089099"/>
</kw>
<kw name="Set Variable" owner="BuiltIn">
<msg time="2024-04-18T19:11:24.183536" level="INFO">${json_data} = {'results': [{'gender': 'female', 'name': {'title': 'Mrs', 'first': 'Isabella', 'last': 'Hansen'}, 'location': {'street': {'number': 9231, 'name': 'Strandvejen'}, 'city': 'Kvistgaard', 'state': 'Midtj...</msg>
<var>${json_data}</var>
<arg>${response.json()}</arg>
<doc>Returns the given values which can then be assigned to a variables.</doc>
<status status="PASS" start="2024-04-18T19:11:24.183095" elapsed="0.000470"/>
</kw>
<kw name="Log" owner="BuiltIn">
<msg time="2024-04-18T19:11:24.184015" level="INFO">{'results': [{'gender': 'female', 'name': {'title': 'Mrs', 'first': 'Isabella', 'last': 'Hansen'}, 'location': {'street': {'number': 9231, 'name': 'Strandvejen'}, 'city': 'Kvistgaard', 'state': 'Midtjylland', 'country': 'Denmark', 'postcode': 30731, 'coordinates': {'latitude': '-43.6586', 'longitude': '132.4243'}, 'timezone': {'offset': '+2:00', 'description': 'Kaliningrad, South Africa'}}, 'email': 'isabella.hansen@example.com', 'login': {'uuid': '6288ec66-3c57-4551-8d2d-788c2db1177f', 'username': 'ticklishladybug555', 'password': 'body', 'salt': 'WtDvvgc1', 'md5': '9a5b1e0dbf4d6d73d01d59eb203dac3c', 'sha1': '08842c924c99c0a18eb59896c8cfcefa2b139a0b', 'sha256': 'd5ecd44f08a13acd3ef820c72946efcb2599afafc19af8c833bb7b9ebdf02aca'}, 'dob': {'date': '1973-10-30T20:06:55.717Z', 'age': 50}, 'registered': {'date': '2017-08-22T06:53:24.179Z', 'age': 6}, 'phone': '86114492', 'cell': '81297507', 'id': {'name': 'CPR', 'value': '301073-2730'}, 'picture': {'large': 'https://randomuser.me/api/portraits/women/16.jpg', 'medium': 'https://randomuser.me/api/portraits/med/women/16.jpg', 'thumbnail': 'https://randomuser.me/api/portraits/thumb/women/16.jpg'}, 'nat': 'DK'}], 'info': {'seed': '3132406445854d0e', 'results': 1, 'page': 1, 'version': '1.4'}}</msg>
<arg>${json_data}</arg>
<doc>Logs the given message with the given level.</doc>
<status status="PASS" start="2024-04-18T19:11:24.183866" elapsed="0.000227"/>
</kw>
<kw name="Should Be String" owner="String">
<arg>${json_data['results'][0]['gender']}</arg>
<doc>Fails if the given ``item`` is not a string.</doc>
<status status="PASS" start="2024-04-18T19:11:24.184388" elapsed="0.000359"/>
</kw>
<kw name="Should Match Regexp" owner="BuiltIn">
<arg>${json_data['results'][0]['email']}</arg>
<arg>^[a-zA-Z0-9._%+-]+@[a-zA-Z0-9.-]+\.[a-zA-Z]{2,}$</arg>
<doc>Fails if ``string`` does not match ``pattern`` as a regular expression.</doc>
<status status="PASS" start="2024-04-18T19:11:24.184940" elapsed="0.000536"/>
</kw>
<kw name="Should Match Regexp" owner="BuiltIn">
<arg>${json_data['results'][0]['dob']['date']}</arg>
<arg>\\d{4}-\\d{2}-\\d{2}T\\d{2}:\\d{2}:\\d{2}\\.\\d{3}Z</arg>
<doc>Fails if ``string`` does not match ``pattern`` as a regular expression.</doc>
<status status="PASS" start="2024-04-18T19:11:24.185685" elapsed="0.000484"/>
</kw>
<kw name="Should Match Regexp" owner="BuiltIn">
<arg>${json_data['results'][0]['registered']['date']}</arg>
<arg>\\d{4}-\\d{2}-\\d{2}T\\d{2}:\\d{2}:\\d{2}\\.\\d{3}Z</arg>
<doc>Fails if ``string`` does not match ``pattern`` as a regular expression.</doc>
<status status="PASS" start="2024-04-18T19:11:24.186363" elapsed="0.000374"/>
</kw>
<kw name="Should Match Regexp" owner="BuiltIn">
<arg>${json_data['results'][0]['picture']['large']}</arg>
<arg>^https?://.*\.(?:png|jpe?g|gif|bmp)$</arg>
<doc>Fails if ``string`` does not match ``pattern`` as a regular expression.</doc>
<status status="PASS" start="2024-04-18T19:11:24.186924" elapsed="0.000455"/>
</kw>
<kw name="Should Match Regexp" owner="BuiltIn">
<arg>${json_data['results'][0]['picture']['medium']}</arg>
<arg>^https?://.*\.(?:png|jpe?g|gif|bmp)$</arg>
<doc>Fails if ``string`` does not match ``pattern`` as a regular expression.</doc>
<status status="PASS" start="2024-04-18T19:11:24.187570" elapsed="0.000354"/>
</kw>
<kw name="Should Match Regexp" owner="BuiltIn">
<arg>${json_data['results'][0]['picture']['thumbnail']}</arg>
<arg>^https?://.*\.(?:png|jpe?g|gif|bmp)$</arg>
<doc>Fails if ``string`` does not match ``pattern`` as a regular expression.</doc>
<status status="PASS" start="2024-04-18T19:11:24.188112" elapsed="0.000352"/>
</kw>
<kw name="Log" owner="BuiltIn">
<msg time="2024-04-18T19:11:24.188969" level="INFO">{'large': 'https://randomuser.me/api/portraits/women/16.jpg', 'medium': 'https://randomuser.me/api/portraits/med/women/16.jpg', 'thumbnail': 'https://randomuser.me/api/portraits/thumb/women/16.jpg'}</msg>
<arg>${json_data['results'][0]['picture']}</arg>
<doc>Logs the given message with the given level.</doc>
<status status="PASS" start="2024-04-18T19:11:24.188646" elapsed="0.000364"/>
</kw>
<status status="PASS" start="2024-04-18T19:11:24.093338" elapsed="0.095921"/>
</kw>
<kw name="Teste de Tipos de Dados - Postcode" owner="random-user-service">
<kw name="GET On Session" owner="RequestsLibrary">
<msg time="2024-04-18T19:11:24.264569" level="INFO">GET Request : url=https://randomuser.me/api 
 path_url=/api 
 headers={'User-Agent': 'python-requests/2.31.0', 'Accept-Encoding': 'gzip, deflate', 'Accept': '*/*', 'Connection': 'keep-alive'} 
 body=None 
 </msg>
<msg time="2024-04-18T19:11:24.264642" level="INFO">GET Response : url=https://randomuser.me/api 
 status=200, reason=OK 
 headers={'Date': 'Thu, 18 Apr 2024 19:11:24 GMT', 'Content-Type': 'application/json; charset=utf-8', 'Transfer-Encoding': 'chunked', 'Connection': 'keep-alive', 'X-Powered-By': 'Express', 'Access-Control-Allow-Origin': '*', 'Cache-Control': 'no-cache', 'ETag': 'W/"47f-MHTzJ3vM6qOuGrzSLjjEV8XqXXs"', 'Vary': 'Accept-Encoding', 'Content-Encoding': 'gzip', 'CF-Cache-Status': 'DYNAMIC', 'Report-To': '{"endpoints":[{"url":"https:\\/\\/a.nel.cloudflare.com\\/report\\/v4?s=GHwW%2FidZdiR5WXIu5duZ5C8bAZ0%2FAw9ACyN9GnjZTMa%2BQ3iHwRdSCciLuTWc4GGkMjFZG5D9JWGfu%2Fw%2B7ToD99SDDEEmvgd2OURx88eAQ%2BzE9X6QCcqHuxC4AsGs4CUK"}],"group":"cf-nel","max_age":604800}', 'NEL': '{"success_fraction":0,"report_to":"cf-nel","max_age":604800}', 'Server': 'cloudflare', 'CF-RAY': '8766f5e0396f61f8-ORD', 'alt-svc': 'h3=":443"; ma=86400'} 
 body={"results":[{"gender":"male","name":{"title":"Mr","first":"Eren","last":"Dizdar"},"location":{"street":{"number":3778,"name":"Anafartalar Cd"},"city":"Artvin","state":"Adana","country":"Turkey","postcode":30337,"coordinates":{"latitude":"65.7466","longitude":"-152.5772"},"timezone":{"offset":"-5:00","description":"Eastern Time (US &amp; Canada), Bogota, Lima"}},"email":"eren.dizdar@example.com","login":{"uuid":"54461103-e81d-4ee6-af64-e9dbeeb1b4bb","username":"happyfish941","password":"woowoo","salt":"4FgZ34z4","md5":"067a2696dcac8acf87150ccedb44df33","sha1":"2d31104d1fedda9d34ab7237b42a365c9ba52dab","sha256":"7cf2687e283666776b04096117dc369f6a11b244269afc1d796203af5c69dca5"},"dob":{"date":"1977-04-01T21:39:44.037Z","age":47},"registered":{"date":"2019-08-28T06:01:27.355Z","age":4},"phone":"(897)-172-6798","cell":"(465)-518-1279","id":{"name":"","value":null},"picture":{"large":"https://randomuser.me/api/portraits/men/70.jpg","medium":"https://randomuser.me/api/portraits/med/men/70.jpg","thumbnail":"https://randomuser.me/api/portraits/thumb/men/70.jpg"},"nat":"TR"}],"info":{"seed":"087513477349f0fb","results":1,"page":1,"version":"1.4"}} 
 </msg>
<msg time="2024-04-18T19:11:24.264710" level="INFO">/opt/hostedtoolcache/Python/3.12.3/x64/lib/python3.12/site-packages/urllib3/connectionpool.py:1103: InsecureRequestWarning: Unverified HTTPS request is being made to host 'randomuser.me'. Adding certificate verification is strongly advised. See: https://urllib3.readthedocs.io/en/latest/advanced-usage.html#tls-warnings
  warnings.warn(</msg>
<msg time="2024-04-18T19:11:24.264809" level="INFO">${response} = &lt;Response [200]&gt;</msg>
<var>${response}</var>
<arg>consultarAPI</arg>
<arg>/api</arg>
<doc>Sends a GET request on a previously created HTTP Session.</doc>
<status status="PASS" start="2024-04-18T19:11:24.189746" elapsed="0.075098"/>
</kw>
<kw name="Set Variable" owner="BuiltIn">
<msg time="2024-04-18T19:11:24.265725" level="INFO">${json_data} = {'results': [{'gender': 'male', 'name': {'title': 'Mr', 'first': 'Eren', 'last': 'Dizdar'}, 'location': {'street': {'number': 3778, 'name': 'Anafartalar Cd'}, 'city': 'Artvin', 'state': 'Adana', 'coun...</msg>
<var>${json_data}</var>
<arg>${response.json()}</arg>
<doc>Returns the given values which can then be assigned to a variables.</doc>
<status status="PASS" start="2024-04-18T19:11:24.265244" elapsed="0.000508"/>
</kw>
<kw name="Log" owner="BuiltIn">
<msg time="2024-04-18T19:11:24.266202" level="INFO">{'results': [{'gender': 'male', 'name': {'title': 'Mr', 'first': 'Eren', 'last': 'Dizdar'}, 'location': {'street': {'number': 3778, 'name': 'Anafartalar Cd'}, 'city': 'Artvin', 'state': 'Adana', 'country': 'Turkey', 'postcode': 30337, 'coordinates': {'latitude': '65.7466', 'longitude': '-152.5772'}, 'timezone': {'offset': '-5:00', 'description': 'Eastern Time (US &amp; Canada), Bogota, Lima'}}, 'email': 'eren.dizdar@example.com', 'login': {'uuid': '54461103-e81d-4ee6-af64-e9dbeeb1b4bb', 'username': 'happyfish941', 'password': 'woowoo', 'salt': '4FgZ34z4', 'md5': '067a2696dcac8acf87150ccedb44df33', 'sha1': '2d31104d1fedda9d34ab7237b42a365c9ba52dab', 'sha256': '7cf2687e283666776b04096117dc369f6a11b244269afc1d796203af5c69dca5'}, 'dob': {'date': '1977-04-01T21:39:44.037Z', 'age': 47}, 'registered': {'date': '2019-08-28T06:01:27.355Z', 'age': 4}, 'phone': '(897)-172-6798', 'cell': '(465)-518-1279', 'id': {'name': '', 'value': None}, 'picture': {'large': 'https://randomuser.me/api/portraits/men/70.jpg', 'medium': 'https://randomuser.me/api/portraits/med/men/70.jpg', 'thumbnail': 'https://randomuser.me/api/portraits/thumb/men/70.jpg'}, 'nat': 'TR'}], 'info': {'seed': '087513477349f0fb', 'results': 1, 'page': 1, 'version': '1.4'}}</msg>
<arg>${json_data}</arg>
<doc>Logs the given message with the given level.</doc>
<status status="PASS" start="2024-04-18T19:11:24.266054" elapsed="0.000222"/>
</kw>
<kw name="Should Be Equal As Numbers" owner="BuiltIn">
<arg>${json_data['results'][0]['location']['postcode']}</arg>
<arg>${json_data['results'][0]['location']['postcode']}</arg>
<doc>Fails if objects are unequal after converting them to real numbers.</doc>
<status status="PASS" start="2024-04-18T19:11:24.266571" elapsed="0.000767"/>
</kw>
<kw name="Log" owner="BuiltIn">
<msg time="2024-04-18T19:11:24.267897" level="INFO">30337</msg>
<arg>${json_data['results'][0]['location']['postcode']}</arg>
<doc>Logs the given message with the given level.</doc>
<status status="PASS" start="2024-04-18T19:11:24.267542" elapsed="0.000396"/>
</kw>
<status status="PASS" start="2024-04-18T19:11:24.189507" elapsed="0.078691"/>
</kw>
<doc>Testa se os tipos de dados na resposta da API estão corretos.</doc>
<tag>testeTiposDados</tag>
<status status="PASS" start="2024-04-18T19:11:24.092800" elapsed="0.175567"/>
</test>
<test id="s1-s1-t5" name="Validar conteudo" line="35">
<kw name="Teste de Tipos de Conteudo" owner="random-user-service">
<kw name="GET On Session" owner="RequestsLibrary">
<msg time="2024-04-18T19:11:24.372673" level="INFO">GET Request : url=https://randomuser.me/api 
 path_url=/api 
 headers={'User-Agent': 'python-requests/2.31.0', 'Accept-Encoding': 'gzip, deflate', 'Accept': '*/*', 'Connection': 'keep-alive'} 
 body=None 
 </msg>
<msg time="2024-04-18T19:11:24.372750" level="INFO">GET Response : url=https://randomuser.me/api 
 status=200, reason=OK 
 headers={'Date': 'Thu, 18 Apr 2024 19:11:24 GMT', 'Content-Type': 'application/json; charset=utf-8', 'Transfer-Encoding': 'chunked', 'Connection': 'keep-alive', 'X-Powered-By': 'Express', 'Access-Control-Allow-Origin': '*', 'Cache-Control': 'no-cache', 'ETag': 'W/"4a1-aNB1aW7nt4lBzk5Ub7mX3FQ/nIk"', 'Vary': 'Accept-Encoding', 'Content-Encoding': 'gzip', 'CF-Cache-Status': 'DYNAMIC', 'Report-To': '{"endpoints":[{"url":"https:\\/\\/a.nel.cloudflare.com\\/report\\/v4?s=tskaSoCvCTF0WSRx81ddfFXscahhZ6GD2GdYK0ElfiX6kj74lmcDjYKCBI1zNOh15aIEqjUSN8kEa4TrCq5obnBlzcy3D3zYUpfkBNUlaxT2K2ajKJliIHiUvQu%2Fzyr9"}],"group":"cf-nel","max_age":604800}', 'NEL': '{"success_fraction":0,"report_to":"cf-nel","max_age":604800}', 'Server': 'cloudflare', 'CF-RAY': '8766f5e0ba6361f8-ORD', 'alt-svc': 'h3=":443"; ma=86400'} 
 body={"results":[{"gender":"female","name":{"title":"Miss","first":"Juana","last":"Guerrero"},"location":{"street":{"number":5890,"name":"Calle de La Almudena"},"city":"Guadalajara","state":"Extremadura","country":"Spain","postcode":89388,"coordinates":{"latitude":"-37.2798","longitude":"131.1953"},"timezone":{"offset":"+3:00","description":"Baghdad, Riyadh, Moscow, St. Petersburg"}},"email":"juana.guerrero@example.com","login":{"uuid":"76489759-e739-4db3-990a-bea9247f2ef5","username":"redpanda898","password":"1066","salt":"ElM1TpfM","md5":"c7415d1fe90ce50d45f6f9adf5474042","sha1":"50b753787a35065eb9834eb0a5b6ec3bd3e9898c","sha256":"71df0932157b422b17898671fb0c67871cdf2632d091741686da2f4ebfdabcb7"},"dob":{"date":"1983-05-05T19:00:11.337Z","age":40},"registered":{"date":"2013-11-01T03:48:02.069Z","age":10},"phone":"924-918-935","cell":"678-691-515","id":{"name":"DNI","value":"52484799-C"},"picture":{"large":"https://randomuser.me/api/portraits/women/14.jpg","medium":"https://randomuser.me/api/portraits/med/women/14.jpg","thumbnail":"https://randomuser.me/api/portraits/thumb/women/14.jpg"},"nat":"ES"}],"info":{"seed":"fb6d80c6a6796907","results":1,"page":1,"version":"1.4"}} 
 </msg>
<msg time="2024-04-18T19:11:24.372818" level="INFO">/opt/hostedtoolcache/Python/3.12.3/x64/lib/python3.12/site-packages/urllib3/connectionpool.py:1103: InsecureRequestWarning: Unverified HTTPS request is being made to host 'randomuser.me'. Adding certificate verification is strongly advised. See: https://urllib3.readthedocs.io/en/latest/advanced-usage.html#tls-warnings
  warnings.warn(</msg>
<msg time="2024-04-18T19:11:24.372917" level="INFO">${response} = &lt;Response [200]&gt;</msg>
<var>${response}</var>
<arg>consultarAPI</arg>
<arg>/api</arg>
<doc>Sends a GET request on a previously created HTTP Session.</doc>
<status status="PASS" start="2024-04-18T19:11:24.271239" elapsed="0.101712"/>
</kw>
<kw name="Set Variable" owner="BuiltIn">
<msg time="2024-04-18T19:11:24.373834" level="INFO">${json_data} = {'results': [{'gender': 'female', 'name': {'title': 'Miss', 'first': 'Juana', 'last': 'Guerrero'}, 'location': {'street': {'number': 5890, 'name': 'Calle de La Almudena'}, 'city': 'Guadalajara', 'stat...</msg>
<var>${json_data}</var>
<arg>${response.json()}</arg>
<doc>Returns the given values which can then be assigned to a variables.</doc>
<status status="PASS" start="2024-04-18T19:11:24.373372" elapsed="0.000490"/>
</kw>
<kw name="Set Variable" owner="BuiltIn">
<msg time="2024-04-18T19:11:24.374533" level="INFO">${name_title} = Miss</msg>
<var>${name_title}</var>
<arg>${json_data["results"][0]["name"]["title"]}</arg>
<doc>Returns the given values which can then be assigned to a variables.</doc>
<status status="PASS" start="2024-04-18T19:11:24.374159" elapsed="0.000398"/>
</kw>
<kw name="Create List" owner="BuiltIn">
<msg time="2024-04-18T19:11:24.374995" level="INFO">${allowed_titles} = ['Mr', 'Ms', 'Miss', 'Mrs', 'Madame', 'Monsieur']</msg>
<var>${allowed_titles}</var>
<arg>Mr</arg>
<arg>Ms</arg>
<arg>Miss</arg>
<arg>Mrs</arg>
<arg>Madame</arg>
<arg>Monsieur</arg>
<doc>Returns a list containing given items.</doc>
<status status="PASS" start="2024-04-18T19:11:24.374849" elapsed="0.000169"/>
</kw>
<kw name="List Should Contain Value" owner="Collections">
<msg time="2024-04-18T19:11:24.375476" level="INFO">False</msg>
<arg>${allowed_titles}</arg>
<arg>${name_title}</arg>
<doc>Fails if the ``value`` is not found from ``list``.</doc>
<status status="PASS" start="2024-04-18T19:11:24.375313" elapsed="0.000199"/>
</kw>
<kw name="Set Variable" owner="BuiltIn">
<msg time="2024-04-18T19:11:24.376168" level="INFO">${name_country} = ES</msg>
<var>${name_country}</var>
<arg>${json_data["results"][0]["nat"]}</arg>
<doc>Returns the given values which can then be assigned to a variables.</doc>
<status status="PASS" start="2024-04-18T19:11:24.375798" elapsed="0.000395"/>
</kw>
<kw name="Create List" owner="BuiltIn">
<msg time="2024-04-18T19:11:24.377069" level="INFO">${list_country} = ['AD', 'AE', 'AF', 'AG', 'AI', 'AL', 'AM', 'AO', 'AQ', 'AR', 'AS', 'AT', 'AU', 'AW', 'AX', 'AZ', 'BA', 'BB', 'BD', 'BE', 'BF', 'BG', 'BH', 'BI', 'BJ', 'BL', 'BM', 'BN', 'BO', 'BQ', 'BR', 'BS', 'BT', '...</msg>
<var>${list_country}</var>
<arg>AD</arg>
<arg>AE</arg>
<arg>AF</arg>
<arg>AG</arg>
<arg>AI</arg>
<arg>AL</arg>
<arg>AM</arg>
<arg>AO</arg>
<arg>AQ</arg>
<arg>AR</arg>
<arg>AS</arg>
<arg>AT</arg>
<arg>AU</arg>
<arg>AW</arg>
<arg>AX</arg>
<arg>AZ</arg>
<arg>BA</arg>
<arg>BB</arg>
<arg>BD</arg>
<arg>BE</arg>
<arg>BF</arg>
<arg>BG</arg>
<arg>BH</arg>
<arg>BI</arg>
<arg>BJ</arg>
<arg>BL</arg>
<arg>BM</arg>
<arg>BN</arg>
<arg>BO</arg>
<arg>BQ</arg>
<arg>BR</arg>
<arg>BS</arg>
<arg>BT</arg>
<arg>BV</arg>
<arg>BW</arg>
<arg>BY</arg>
<arg>BZ</arg>
<arg>CA</arg>
<arg>CC</arg>
<arg>CD</arg>
<arg>CF</arg>
<arg>CG</arg>
<arg>CH</arg>
<arg>CI</arg>
<arg>CK</arg>
<arg>CL</arg>
<arg>CM</arg>
<arg>CN</arg>
<arg>CO</arg>
<arg>CR</arg>
<arg>CU</arg>
<arg>CV</arg>
<arg>CW</arg>
<arg>CX</arg>
<arg>CY</arg>
<arg>CZ</arg>
<arg>DE</arg>
<arg>DJ</arg>
<arg>DK</arg>
<arg>DM</arg>
<arg>DO</arg>
<arg>DZ</arg>
<arg>EC</arg>
<arg>EE</arg>
<arg>EG</arg>
<arg>EH</arg>
<arg>ER</arg>
<arg>ES</arg>
<arg>ET</arg>
<arg>FI</arg>
<arg>FJ</arg>
<arg>FK</arg>
<arg>FM</arg>
<arg>FO</arg>
<arg>FR</arg>
<arg>GA</arg>
<arg>GB</arg>
<arg>GD</arg>
<arg>GE</arg>
<arg>GF</arg>
<arg>GG</arg>
<arg>GH</arg>
<arg>GI</arg>
<arg>GL</arg>
<arg>GM</arg>
<arg>GN</arg>
<arg>GP</arg>
<arg>GQ</arg>
<arg>GR</arg>
<arg>GS</arg>
<arg>GT</arg>
<arg>GU</arg>
<arg>GW</arg>
<arg>GY</arg>
<arg>HK</arg>
<arg>HM</arg>
<arg>HN</arg>
<arg>HR</arg>
<arg>HT</arg>
<arg>HU</arg>
<arg>ID</arg>
<arg>IE</arg>
<arg>IL</arg>
<arg>IM</arg>
<arg>IN</arg>
<arg>IO</arg>
<arg>IQ</arg>
<arg>IR</arg>
<arg>IS</arg>
<arg>IT</arg>
<arg>JE</arg>
<arg>JM</arg>
<arg>JO</arg>
<arg>JP</arg>
<arg>KE</arg>
<arg>KG</arg>
<arg>KH</arg>
<arg>KI</arg>
<arg>KM</arg>
<arg>KN</arg>
<arg>KP</arg>
<arg>KR</arg>
<arg>KW</arg>
<arg>KY</arg>
<arg>KZ</arg>
<arg>LA</arg>
<arg>LB</arg>
<arg>LC</arg>
<arg>LI</arg>
<arg>LK</arg>
<arg>LR</arg>
<arg>LS</arg>
<arg>LT</arg>
<arg>LU</arg>
<arg>LV</arg>
<arg>LY</arg>
<arg>MA</arg>
<arg>MC</arg>
<arg>MD</arg>
<arg>ME</arg>
<arg>MF</arg>
<arg>MG</arg>
<arg>MH</arg>
<arg>MK</arg>
<arg>ML</arg>
<arg>MM</arg>
<arg>MN</arg>
<arg>MO</arg>
<arg>MP</arg>
<arg>MQ</arg>
<arg>MR</arg>
<arg>MS</arg>
<arg>MT</arg>
<arg>MU</arg>
<arg>MV</arg>
<arg>MW</arg>
<arg>MX</arg>
<arg>MY</arg>
<arg>MZ</arg>
<arg>NA</arg>
<arg>NC</arg>
<arg>NE</arg>
<arg>NF</arg>
<arg>NG</arg>
<arg>NI</arg>
<arg>NL</arg>
<arg>NO</arg>
<arg>NP</arg>
<arg>NR</arg>
<arg>NU</arg>
<arg>NZ</arg>
<arg>OM</arg>
<arg>PA</arg>
<arg>PE</arg>
<arg>PF</arg>
<arg>PG</arg>
<arg>PH</arg>
<arg>PK</arg>
<arg>PL</arg>
<arg>PM</arg>
<arg>PN</arg>
<arg>PR</arg>
<arg>PS</arg>
<arg>PT</arg>
<arg>PW</arg>
<arg>PY</arg>
<arg>QA</arg>
<arg>RE</arg>
<arg>RO</arg>
<arg>RS</arg>
<arg>RU</arg>
<arg>RW</arg>
<arg>SA</arg>
<arg>SB</arg>
<arg>SC</arg>
<arg>SD</arg>
<arg>SE</arg>
<arg>SG</arg>
<arg>SH</arg>
<arg>SI</arg>
<arg>SJ</arg>
<arg>SK</arg>
<arg>SL</arg>
<arg>SM</arg>
<arg>SN</arg>
<arg>SO</arg>
<arg>SR</arg>
<arg>SS</arg>
<arg>ST</arg>
<arg>SV</arg>
<arg>SX</arg>
<arg>SY</arg>
<arg>SZ</arg>
<arg>TC</arg>
<arg>TD</arg>
<arg>TF</arg>
<arg>TG</arg>
<arg>TH</arg>
<arg>TJ</arg>
<arg>TK</arg>
<arg>TL</arg>
<arg>TM</arg>
<arg>TN</arg>
<arg>TO</arg>
<arg>TR</arg>
<arg>TT</arg>
<arg>TV</arg>
<arg>TW</arg>
<arg>TZ</arg>
<arg>UA</arg>
<arg>UG</arg>
<arg>UM</arg>
<arg>US</arg>
<arg>UY</arg>
<arg>UZ</arg>
<arg>VA</arg>
<arg>VC</arg>
<arg>VE</arg>
<arg>VG</arg>
<arg>VI</arg>
<arg>VN</arg>
<arg>VU</arg>
<arg>WF</arg>
<arg>WS</arg>
<arg>XK</arg>
<arg>YE</arg>
<arg>YT</arg>
<arg>ZA</arg>
<arg>ZM</arg>
<arg>ZW</arg>
<doc>Returns a list containing given items.</doc>
<status status="PASS" start="2024-04-18T19:11:24.376488" elapsed="0.000606"/>
</kw>
<kw name="List Should Contain Value" owner="Collections">
<msg time="2024-04-18T19:11:24.378102" level="INFO">False</msg>
<arg>${list_country}</arg>
<arg>${name_country}</arg>
<doc>Fails if the ``value`` is not found from ``list``.</doc>
<status status="PASS" start="2024-04-18T19:11:24.377904" elapsed="0.000234"/>
</kw>
<kw name="Run Keyword If" owner="BuiltIn">
<kw name="Should Be True" owner="BuiltIn">
<arg>${True}</arg>
<doc>Fails if the given condition is not true.</doc>
<status status="PASS" start="2024-04-18T19:11:24.379188" elapsed="0.000141"/>
</kw>
<arg>${json_data["results"][0]["location"]["coordinates"]["latitude"]} &gt;= -90 and ${json_data["results"][0]["location"]["coordinates"]["latitude"]} &lt;= 90</arg>
<arg>Should Be True</arg>
<arg>${True}</arg>
<doc>Runs the given keyword with the given arguments, if ``condition`` is true.</doc>
<status status="PASS" start="2024-04-18T19:11:24.378445" elapsed="0.001009"/>
</kw>
<kw name="Run Keyword If" owner="BuiltIn">
<kw name="Should Be True" owner="BuiltIn">
<arg>${True}</arg>
<doc>Fails if the given condition is not true.</doc>
<status status="PASS" start="2024-04-18T19:11:24.380333" elapsed="0.000234"/>
</kw>
<arg>${json_data["results"][0]["location"]["coordinates"]["longitude"]} &gt;= -180 and ${json_data["results"][0]["location"]["coordinates"]["longitude"]} &lt;= 180</arg>
<arg>Should Be True</arg>
<arg>${True}</arg>
<doc>Runs the given keyword with the given arguments, if ``condition`` is true.</doc>
<status status="PASS" start="2024-04-18T19:11:24.379640" elapsed="0.001051"/>
</kw>
<status status="PASS" start="2024-04-18T19:11:24.270856" elapsed="0.109960"/>
</kw>
<doc>Testa o conteúdo específico dos campos retornados pela API.</doc>
<tag>testeConteudo</tag>
<status status="PASS" start="2024-04-18T19:11:24.270207" elapsed="0.110749"/>
</test>
<status status="PASS" start="2024-04-18T19:11:23.581092" elapsed="0.801770"/>
</suite>
<status status="PASS" start="2024-04-18T19:11:23.567867" elapsed="0.820045"/>
</suite>
<statistics>
<total>
<stat pass="5" fail="0" skip="0">All Tests</stat>
</total>
<tag>
<stat pass="1" fail="0" skip="0">testeConteudo</stat>
<stat pass="1" fail="0" skip="0">testeEstruturaResposta</stat>
<stat pass="1" fail="0" skip="0">testeRequisicaoBasica</stat>
<stat pass="1" fail="0" skip="0">testeTiposDados</stat>
</tag>
<suite>
<stat pass="5" fail="0" skip="0" id="s1" name="Tests">Tests</stat>
<stat pass="5" fail="0" skip="0" id="s1-s1" name="Random-User-Test">Tests.Random-User-Test</stat>
</suite>
</statistics>
<errors>
</errors>
</robot>
