<?xml version="1.0" encoding="UTF-8"?>
<robot generator="Robot 7.0 (Python 3.12.2 on linux)" generated="2024-03-31T08:16:52.421800" rpa="false" schemaversion="5">
<suite id="s1" name="Tests" source="/home/runner/work/DesafioQAItauRogerioJordao/DesafioQAItauRogerioJordao/RamdonUser/tests">
<suite id="s1-s1" name="Random-User-Test" source="/home/runner/work/DesafioQAItauRogerioJordao/DesafioQAItauRogerioJordao/RamdonUser/tests/random-user-test.robot">
<test id="s1-s1-t1" name="Conectar" line="13">
<kw name="Conectar API" owner="random-user-service">
<kw name="Create Session" owner="RequestsLibrary">
<msg time="2024-03-31T08:16:52.790032" level="INFO">Creating Session using : alias=consultarAPI, url=https://randomuser.me/, headers={},                     cookies={}, auth=None, timeout=None, proxies=None, verify=False,                     debug=0 </msg>
<arg>consultarAPI</arg>
<arg>${URL}</arg>
<doc>Create Session: create a HTTP session to a server</doc>
<status status="PASS" start="2024-03-31T08:16:52.789826" elapsed="0.000398"/>
</kw>
<status status="PASS" start="2024-03-31T08:16:52.788751" elapsed="0.001843"/>
</kw>
<status status="PASS" start="2024-03-31T08:16:52.788168" elapsed="0.002631"/>
</test>
<test id="s1-s1-t2" name="Validar retorno 200 e JSON Válido" line="16">
<kw name="Teste de Requisicao Basica" owner="random-user-service">
<kw name="GET On Session" owner="RequestsLibrary">
<msg time="2024-03-31T08:16:52.845148" level="INFO">GET Request : url=https://randomuser.me/api 
 path_url=/api 
 headers={'User-Agent': 'python-requests/2.31.0', 'Accept-Encoding': 'gzip, deflate', 'Accept': '*/*', 'Connection': 'keep-alive'} 
 body=None 
 </msg>
<msg time="2024-03-31T08:16:52.845308" level="INFO">GET Response : url=https://randomuser.me/api 
 status=200, reason=OK 
 headers={'Date': 'Sun, 31 Mar 2024 08:16:52 GMT', 'Content-Type': 'application/json; charset=utf-8', 'Transfer-Encoding': 'chunked', 'Connection': 'keep-alive', 'X-Powered-By': 'Express', 'Access-Control-Allow-Origin': '*', 'Cache-Control': 'no-cache', 'ETag': 'W/"47f-zkTiL1kGK394H3HFb0QUU0jyWp8"', 'Vary': 'Accept-Encoding', 'Content-Encoding': 'gzip', 'CF-Cache-Status': 'DYNAMIC', 'Report-To': '{"endpoints":[{"url":"https:\\/\\/a.nel.cloudflare.com\\/report\\/v4?s=%2B5oHch8gMBSNA5r4R7RPNSinlu3qVe4HF%2BE8uJAP7rl36HKI4LLj8P9uX2N6PsoGeYo58vh3m1ANA6GPU5yGAqpD224%2B5NwMwza%2BnH5tAvDq0IeyM4QMCcQXiGZ7iLNX"}],"group":"cf-nel","max_age":604800}', 'NEL': '{"success_fraction":0,"report_to":"cf-nel","max_age":604800}', 'Server': 'cloudflare', 'CF-RAY': '86cee65a1ca3825a-IAD', 'alt-svc': 'h3=":443"; ma=86400'} 
 body={"results":[{"gender":"male","name":{"title":"Mr","first":"Max","last":"Myrhaug"},"location":{"street":{"number":7998,"name":"Pilestredet"},"city":"Førde","state":"Akershus","country":"Norway","postcode":"5016","coordinates":{"latitude":"41.9432","longitude":"-169.6112"},"timezone":{"offset":"+8:00","description":"Beijing, Perth, Singapore, Hong Kong"}},"email":"max.myrhaug@example.com","login":{"uuid":"99dca304-fdb1-4668-9940-1ed4dbf5fa0d","username":"goldenbird192","password":"metallica","salt":"01SgyzHx","md5":"e489a5197e080aebe487b5e924fcc543","sha1":"8a3d31049a88bb567280c03dbf6760cb4229dd9e","sha256":"a58d5c93e599842bd528151437263be228e976e450f3902dd383f5e313ce2663"},"dob":{"date":"1996-10-31T23:06:30.609Z","age":27},"registered":{"date":"2019-08-18T10:58:26.749Z","age":4},"phone":"87939608","cell":"96508234","id":{"name":"FN","value":"31109612548"},"picture":{"large":"https://randomuser.me/api/portraits/men/25.jpg","medium":"https://randomuser.me/api/portraits/med/men/25.jpg","thumbnail":"https://randomuser.me/api/portraits/thumb/men/25.jpg"},"nat":"NO"}],"info":{"seed":"5fa3c62f61a0c94e","results":1,"page":1,"version":"1.4"}} 
 </msg>
<msg time="2024-03-31T08:16:52.845462" level="INFO">/opt/hostedtoolcache/Python/3.12.2/x64/lib/python3.12/site-packages/urllib3/connectionpool.py:1103: InsecureRequestWarning: Unverified HTTPS request is being made to host 'randomuser.me'. Adding certificate verification is strongly advised. See: https://urllib3.readthedocs.io/en/latest/advanced-usage.html#tls-warnings
  warnings.warn(</msg>
<msg time="2024-03-31T08:16:52.845627" level="INFO">${response} = &lt;Response [200]&gt;</msg>
<var>${response}</var>
<arg>consultarAPI</arg>
<arg>/api</arg>
<doc>Sends a GET request on a previously created HTTP Session.</doc>
<status status="PASS" start="2024-03-31T08:16:52.793444" elapsed="0.052227"/>
</kw>
<kw name="Should Be Equal As Numbers" owner="BuiltIn">
<msg time="2024-03-31T08:16:52.846915" level="INFO">Argument types are:
&lt;class 'int'&gt;
&lt;class 'str'&gt;</msg>
<arg>${response.status_code}</arg>
<arg>200</arg>
<doc>Fails if objects are unequal after converting them to real numbers.</doc>
<status status="PASS" start="2024-03-31T08:16:52.846280" elapsed="0.000724"/>
</kw>
<kw name="Log" owner="BuiltIn">
<msg time="2024-03-31T08:16:52.848119" level="INFO">200</msg>
<arg>${response.status_code}</arg>
<doc>Logs the given message with the given level.</doc>
<status status="PASS" start="2024-03-31T08:16:52.847490" elapsed="0.000703"/>
</kw>
<kw name="Set Variable" owner="BuiltIn">
<msg time="2024-03-31T08:16:52.849422" level="INFO">${json_data} = {'results': [{'gender': 'male', 'name': {'title': 'Mr', 'first': 'Max', 'last': 'Myrhaug'}, 'location': {'street': {'number': 7998, 'name': 'Pilestredet'}, 'city': 'Førde', 'state': 'Akershus', 'count...</msg>
<var>${json_data}</var>
<arg>${response.json()}</arg>
<doc>Returns the given values which can then be assigned to a variables.</doc>
<status status="PASS" start="2024-03-31T08:16:52.848738" elapsed="0.000728"/>
</kw>
<kw name="Dictionary Should Contain Key" owner="Collections">
<msg time="2024-03-31T08:16:52.850200" level="INFO">False</msg>
<arg>${json_data}</arg>
<arg>results</arg>
<doc>Fails if ``key`` is not found from ``dictionary``.</doc>
<status status="PASS" start="2024-03-31T08:16:52.849930" elapsed="0.000335"/>
</kw>
<status status="PASS" start="2024-03-31T08:16:52.793192" elapsed="0.057461"/>
</kw>
<doc>Testa se a API responde corretamente e retorna um objeto JSON válido.</doc>
<tag>testeRequisicaoBasica</tag>
<status status="PASS" start="2024-03-31T08:16:52.792729" elapsed="0.058225"/>
</test>
<test id="s1-s1-t3" name="Validar estrutura de resposta" line="22">
<kw name="Teste de Estrutura de Resposta" owner="random-user-service">
<kw name="GET On Session" owner="RequestsLibrary">
<msg time="2024-03-31T08:16:52.946473" level="INFO">GET Request : url=https://randomuser.me/api 
 path_url=/api 
 headers={'User-Agent': 'python-requests/2.31.0', 'Accept-Encoding': 'gzip, deflate', 'Accept': '*/*', 'Connection': 'keep-alive'} 
 body=None 
 </msg>
<msg time="2024-03-31T08:16:52.946549" level="INFO">GET Response : url=https://randomuser.me/api 
 status=200, reason=OK 
 headers={'Date': 'Sun, 31 Mar 2024 08:16:52 GMT', 'Content-Type': 'application/json; charset=utf-8', 'Transfer-Encoding': 'chunked', 'Connection': 'keep-alive', 'X-Powered-By': 'Express', 'Access-Control-Allow-Origin': '*', 'Cache-Control': 'no-cache', 'ETag': 'W/"486-pc+eYs/hTSWOEE3j6LJz71fI4oQ"', 'Vary': 'Accept-Encoding', 'Content-Encoding': 'gzip', 'CF-Cache-Status': 'DYNAMIC', 'Report-To': '{"endpoints":[{"url":"https:\\/\\/a.nel.cloudflare.com\\/report\\/v4?s=2Wdp6%2FAzHNHIz052tMjA%2FXqu38P5TLhXZczpI7M1JhcCWg4QliBNQL9j7G2rJJy%2Fwn%2BbPeUvBI%2FbTr1h2whADXiEYPp2ZMh%2F6jKmqMQQg8910omwqTZr0ogu05dtzYm1"}],"group":"cf-nel","max_age":604800}', 'NEL': '{"success_fraction":0,"report_to":"cf-nel","max_age":604800}', 'Server': 'cloudflare', 'CF-RAY': '86cee65a5d0d825a-IAD', 'alt-svc': 'h3=":443"; ma=86400'} 
 body={"results":[{"gender":"male","name":{"title":"Mr","first":"Válter","last":"Rodrigues"},"location":{"street":{"number":9909,"name":"Rua São Jorge "},"city":"Nova Friburgo","state":"Rondônia","country":"Brazil","postcode":74462,"coordinates":{"latitude":"-74.0016","longitude":"-122.9341"},"timezone":{"offset":"-9:00","description":"Alaska"}},"email":"valter.rodrigues@example.com","login":{"uuid":"fd1fb9cb-650b-458d-b224-6282a4a621a5","username":"blackfish466","password":"beatles","salt":"yvbUuHZC","md5":"2edc38ad20e642d85bb45ec87f15a7fb","sha1":"584a4f06fd05cdd791176928223c78a4b0053383","sha256":"2fc4bf0511a4c33e143ec6f19dfb47702a4f7edd1ac8bafd61e4883eff32e708"},"dob":{"date":"1955-01-04T19:02:09.046Z","age":69},"registered":{"date":"2013-02-20T23:17:38.595Z","age":11},"phone":"(62) 6410-6385","cell":"(48) 4652-7964","id":{"name":"CPF","value":"785.797.386-53"},"picture":{"large":"https://randomuser.me/api/portraits/men/13.jpg","medium":"https://randomuser.me/api/portraits/med/men/13.jpg","thumbnail":"https://randomuser.me/api/portraits/thumb/men/13.jpg"},"nat":"BR"}],"info":{"seed":"37ff537ac3000e92","results":1,"page":1,"version":"1.4"}} 
 </msg>
<msg time="2024-03-31T08:16:52.946669" level="INFO">/opt/hostedtoolcache/Python/3.12.2/x64/lib/python3.12/site-packages/urllib3/connectionpool.py:1103: InsecureRequestWarning: Unverified HTTPS request is being made to host 'randomuser.me'. Adding certificate verification is strongly advised. See: https://urllib3.readthedocs.io/en/latest/advanced-usage.html#tls-warnings
  warnings.warn(</msg>
<msg time="2024-03-31T08:16:52.946778" level="INFO">${response} = &lt;Response [200]&gt;</msg>
<var>${response}</var>
<arg>consultarAPI</arg>
<arg>/api</arg>
<doc>Sends a GET request on a previously created HTTP Session.</doc>
<status status="PASS" start="2024-03-31T08:16:52.855559" elapsed="0.091261"/>
</kw>
<kw name="Set Variable" owner="BuiltIn">
<msg time="2024-03-31T08:16:52.947718" level="INFO">${json_data} = {'results': [{'gender': 'male', 'name': {'title': 'Mr', 'first': 'Válter', 'last': 'Rodrigues'}, 'location': {'street': {'number': 9909, 'name': 'Rua São Jorge '}, 'city': 'Nova Friburgo', 'state': 'R...</msg>
<var>${json_data}</var>
<arg>${response.json()}</arg>
<doc>Returns the given values which can then be assigned to a variables.</doc>
<status status="PASS" start="2024-03-31T08:16:52.947227" elapsed="0.000521"/>
</kw>
<kw name="Log" owner="BuiltIn">
<msg time="2024-03-31T08:16:52.948264" level="INFO">{'results': [{'gender': 'male', 'name': {'title': 'Mr', 'first': 'Válter', 'last': 'Rodrigues'}, 'location': {'street': {'number': 9909, 'name': 'Rua São Jorge '}, 'city': 'Nova Friburgo', 'state': 'Rondônia', 'country': 'Brazil', 'postcode': 74462, 'coordinates': {'latitude': '-74.0016', 'longitude': '-122.9341'}, 'timezone': {'offset': '-9:00', 'description': 'Alaska'}}, 'email': 'valter.rodrigues@example.com', 'login': {'uuid': 'fd1fb9cb-650b-458d-b224-6282a4a621a5', 'username': 'blackfish466', 'password': 'beatles', 'salt': 'yvbUuHZC', 'md5': '2edc38ad20e642d85bb45ec87f15a7fb', 'sha1': '584a4f06fd05cdd791176928223c78a4b0053383', 'sha256': '2fc4bf0511a4c33e143ec6f19dfb47702a4f7edd1ac8bafd61e4883eff32e708'}, 'dob': {'date': '1955-01-04T19:02:09.046Z', 'age': 69}, 'registered': {'date': '2013-02-20T23:17:38.595Z', 'age': 11}, 'phone': '(62) 6410-6385', 'cell': '(48) 4652-7964', 'id': {'name': 'CPF', 'value': '785.797.386-53'}, 'picture': {'large': 'https://randomuser.me/api/portraits/men/13.jpg', 'medium': 'https://randomuser.me/api/portraits/med/men/13.jpg', 'thumbnail': 'https://randomuser.me/api/portraits/thumb/men/13.jpg'}, 'nat': 'BR'}], 'info': {'seed': '37ff537ac3000e92', 'results': 1, 'page': 1, 'version': '1.4'}}</msg>
<arg>${json_data}</arg>
<doc>Logs the given message with the given level.</doc>
<status status="PASS" start="2024-03-31T08:16:52.948094" elapsed="0.000221"/>
</kw>
<kw name="Dictionary Should Contain Key" owner="Collections">
<msg time="2024-03-31T08:16:52.948778" level="INFO">False</msg>
<arg>${json_data}</arg>
<arg>results</arg>
<doc>Fails if ``key`` is not found from ``dictionary``.</doc>
<status status="PASS" start="2024-03-31T08:16:52.948620" elapsed="0.000196"/>
</kw>
<kw name="Should Not Be Empty" owner="BuiltIn">
<msg time="2024-03-31T08:16:52.949254" level="INFO">Length is 2.</msg>
<arg>${json_data}</arg>
<doc>Verifies that the given item is not empty.</doc>
<status status="PASS" start="2024-03-31T08:16:52.949114" elapsed="0.000181"/>
</kw>
<kw name="Create List" owner="BuiltIn">
<msg time="2024-03-31T08:16:52.949738" level="INFO">${expected_keys} = ['gender', 'name', 'location', 'email', 'login']</msg>
<var>${expected_keys}</var>
<arg>gender</arg>
<arg>name</arg>
<arg>location</arg>
<arg>email</arg>
<arg>login</arg>
<doc>Returns a list containing given items.</doc>
<status status="PASS" start="2024-03-31T08:16:52.949588" elapsed="0.000175"/>
</kw>
<for flavor="IN">
<iter>
<kw name="Dictionary Should Contain Key" owner="Collections">
<msg time="2024-03-31T08:16:52.950765" level="INFO">False</msg>
<arg>${json_data['results'][0]}</arg>
<arg>${key}</arg>
<doc>Fails if ``key`` is not found from ``dictionary``.</doc>
<status status="PASS" start="2024-03-31T08:16:52.950347" elapsed="0.000458"/>
</kw>
<kw name="Log" owner="BuiltIn">
<msg time="2024-03-31T08:16:52.951492" level="INFO">{'gender': 'male', 'name': {'title': 'Mr', 'first': 'Válter', 'last': 'Rodrigues'}, 'location': {'street': {'number': 9909, 'name': 'Rua São Jorge '}, 'city': 'Nova Friburgo', 'state': 'Rondônia', 'country': 'Brazil', 'postcode': 74462, 'coordinates': {'latitude': '-74.0016', 'longitude': '-122.9341'}, 'timezone': {'offset': '-9:00', 'description': 'Alaska'}}, 'email': 'valter.rodrigues@example.com', 'login': {'uuid': 'fd1fb9cb-650b-458d-b224-6282a4a621a5', 'username': 'blackfish466', 'password': 'beatles', 'salt': 'yvbUuHZC', 'md5': '2edc38ad20e642d85bb45ec87f15a7fb', 'sha1': '584a4f06fd05cdd791176928223c78a4b0053383', 'sha256': '2fc4bf0511a4c33e143ec6f19dfb47702a4f7edd1ac8bafd61e4883eff32e708'}, 'dob': {'date': '1955-01-04T19:02:09.046Z', 'age': 69}, 'registered': {'date': '2013-02-20T23:17:38.595Z', 'age': 11}, 'phone': '(62) 6410-6385', 'cell': '(48) 4652-7964', 'id': {'name': 'CPF', 'value': '785.797.386-53'}, 'picture': {'large': 'https://randomuser.me/api/portraits/men/13.jpg', 'medium': 'https://randomuser.me/api/portraits/med/men/13.jpg', 'thumbnail': 'https://randomuser.me/api/portraits/thumb/men/13.jpg'}, 'nat': 'BR'}</msg>
<arg>${json_data['results'][0]}</arg>
<doc>Logs the given message with the given level.</doc>
<status status="PASS" start="2024-03-31T08:16:52.951114" elapsed="0.000442"/>
</kw>
<kw name="Log" owner="BuiltIn">
<msg time="2024-03-31T08:16:52.952032" level="INFO">gender</msg>
<arg>${key}</arg>
<doc>Logs the given message with the given level.</doc>
<status status="PASS" start="2024-03-31T08:16:52.951878" elapsed="0.000194"/>
</kw>
<var name="${key}">gender</var>
<status status="PASS" start="2024-03-31T08:16:52.950219" elapsed="0.002079"/>
</iter>
<iter>
<kw name="Dictionary Should Contain Key" owner="Collections">
<msg time="2024-03-31T08:16:52.953000" level="INFO">False</msg>
<arg>${json_data['results'][0]}</arg>
<arg>${key}</arg>
<doc>Fails if ``key`` is not found from ``dictionary``.</doc>
<status status="PASS" start="2024-03-31T08:16:52.952611" elapsed="0.000426"/>
</kw>
<kw name="Log" owner="BuiltIn">
<msg time="2024-03-31T08:16:52.953739" level="INFO">{'gender': 'male', 'name': {'title': 'Mr', 'first': 'Válter', 'last': 'Rodrigues'}, 'location': {'street': {'number': 9909, 'name': 'Rua São Jorge '}, 'city': 'Nova Friburgo', 'state': 'Rondônia', 'country': 'Brazil', 'postcode': 74462, 'coordinates': {'latitude': '-74.0016', 'longitude': '-122.9341'}, 'timezone': {'offset': '-9:00', 'description': 'Alaska'}}, 'email': 'valter.rodrigues@example.com', 'login': {'uuid': 'fd1fb9cb-650b-458d-b224-6282a4a621a5', 'username': 'blackfish466', 'password': 'beatles', 'salt': 'yvbUuHZC', 'md5': '2edc38ad20e642d85bb45ec87f15a7fb', 'sha1': '584a4f06fd05cdd791176928223c78a4b0053383', 'sha256': '2fc4bf0511a4c33e143ec6f19dfb47702a4f7edd1ac8bafd61e4883eff32e708'}, 'dob': {'date': '1955-01-04T19:02:09.046Z', 'age': 69}, 'registered': {'date': '2013-02-20T23:17:38.595Z', 'age': 11}, 'phone': '(62) 6410-6385', 'cell': '(48) 4652-7964', 'id': {'name': 'CPF', 'value': '785.797.386-53'}, 'picture': {'large': 'https://randomuser.me/api/portraits/men/13.jpg', 'medium': 'https://randomuser.me/api/portraits/med/men/13.jpg', 'thumbnail': 'https://randomuser.me/api/portraits/thumb/men/13.jpg'}, 'nat': 'BR'}</msg>
<arg>${json_data['results'][0]}</arg>
<doc>Logs the given message with the given level.</doc>
<status status="PASS" start="2024-03-31T08:16:52.953368" elapsed="0.000422"/>
</kw>
<kw name="Log" owner="BuiltIn">
<msg time="2024-03-31T08:16:52.954220" level="INFO">name</msg>
<arg>${key}</arg>
<doc>Logs the given message with the given level.</doc>
<status status="PASS" start="2024-03-31T08:16:52.954092" elapsed="0.000166"/>
</kw>
<var name="${key}">name</var>
<status status="PASS" start="2024-03-31T08:16:52.952493" elapsed="0.001983"/>
</iter>
<iter>
<kw name="Dictionary Should Contain Key" owner="Collections">
<msg time="2024-03-31T08:16:52.955149" level="INFO">False</msg>
<arg>${json_data['results'][0]}</arg>
<arg>${key}</arg>
<doc>Fails if ``key`` is not found from ``dictionary``.</doc>
<status status="PASS" start="2024-03-31T08:16:52.954771" elapsed="0.000416"/>
</kw>
<kw name="Log" owner="BuiltIn">
<msg time="2024-03-31T08:16:52.955857" level="INFO">{'gender': 'male', 'name': {'title': 'Mr', 'first': 'Válter', 'last': 'Rodrigues'}, 'location': {'street': {'number': 9909, 'name': 'Rua São Jorge '}, 'city': 'Nova Friburgo', 'state': 'Rondônia', 'country': 'Brazil', 'postcode': 74462, 'coordinates': {'latitude': '-74.0016', 'longitude': '-122.9341'}, 'timezone': {'offset': '-9:00', 'description': 'Alaska'}}, 'email': 'valter.rodrigues@example.com', 'login': {'uuid': 'fd1fb9cb-650b-458d-b224-6282a4a621a5', 'username': 'blackfish466', 'password': 'beatles', 'salt': 'yvbUuHZC', 'md5': '2edc38ad20e642d85bb45ec87f15a7fb', 'sha1': '584a4f06fd05cdd791176928223c78a4b0053383', 'sha256': '2fc4bf0511a4c33e143ec6f19dfb47702a4f7edd1ac8bafd61e4883eff32e708'}, 'dob': {'date': '1955-01-04T19:02:09.046Z', 'age': 69}, 'registered': {'date': '2013-02-20T23:17:38.595Z', 'age': 11}, 'phone': '(62) 6410-6385', 'cell': '(48) 4652-7964', 'id': {'name': 'CPF', 'value': '785.797.386-53'}, 'picture': {'large': 'https://randomuser.me/api/portraits/men/13.jpg', 'medium': 'https://randomuser.me/api/portraits/med/men/13.jpg', 'thumbnail': 'https://randomuser.me/api/portraits/thumb/men/13.jpg'}, 'nat': 'BR'}</msg>
<arg>${json_data['results'][0]}</arg>
<doc>Logs the given message with the given level.</doc>
<status status="PASS" start="2024-03-31T08:16:52.955488" elapsed="0.000439"/>
</kw>
<kw name="Log" owner="BuiltIn">
<msg time="2024-03-31T08:16:52.956353" level="INFO">location</msg>
<arg>${key}</arg>
<doc>Logs the given message with the given level.</doc>
<status status="PASS" start="2024-03-31T08:16:52.956228" elapsed="0.000164"/>
</kw>
<var name="${key}">location</var>
<status status="PASS" start="2024-03-31T08:16:52.954658" elapsed="0.001952"/>
</iter>
<iter>
<kw name="Dictionary Should Contain Key" owner="Collections">
<msg time="2024-03-31T08:16:52.957281" level="INFO">False</msg>
<arg>${json_data['results'][0]}</arg>
<arg>${key}</arg>
<doc>Fails if ``key`` is not found from ``dictionary``.</doc>
<status status="PASS" start="2024-03-31T08:16:52.956897" elapsed="0.000421"/>
</kw>
<kw name="Log" owner="BuiltIn">
<msg time="2024-03-31T08:16:52.957983" level="INFO">{'gender': 'male', 'name': {'title': 'Mr', 'first': 'Válter', 'last': 'Rodrigues'}, 'location': {'street': {'number': 9909, 'name': 'Rua São Jorge '}, 'city': 'Nova Friburgo', 'state': 'Rondônia', 'country': 'Brazil', 'postcode': 74462, 'coordinates': {'latitude': '-74.0016', 'longitude': '-122.9341'}, 'timezone': {'offset': '-9:00', 'description': 'Alaska'}}, 'email': 'valter.rodrigues@example.com', 'login': {'uuid': 'fd1fb9cb-650b-458d-b224-6282a4a621a5', 'username': 'blackfish466', 'password': 'beatles', 'salt': 'yvbUuHZC', 'md5': '2edc38ad20e642d85bb45ec87f15a7fb', 'sha1': '584a4f06fd05cdd791176928223c78a4b0053383', 'sha256': '2fc4bf0511a4c33e143ec6f19dfb47702a4f7edd1ac8bafd61e4883eff32e708'}, 'dob': {'date': '1955-01-04T19:02:09.046Z', 'age': 69}, 'registered': {'date': '2013-02-20T23:17:38.595Z', 'age': 11}, 'phone': '(62) 6410-6385', 'cell': '(48) 4652-7964', 'id': {'name': 'CPF', 'value': '785.797.386-53'}, 'picture': {'large': 'https://randomuser.me/api/portraits/men/13.jpg', 'medium': 'https://randomuser.me/api/portraits/med/men/13.jpg', 'thumbnail': 'https://randomuser.me/api/portraits/thumb/men/13.jpg'}, 'nat': 'BR'}</msg>
<arg>${json_data['results'][0]}</arg>
<doc>Logs the given message with the given level.</doc>
<status status="PASS" start="2024-03-31T08:16:52.957627" elapsed="0.000405"/>
</kw>
<kw name="Log" owner="BuiltIn">
<msg time="2024-03-31T08:16:52.958448" level="INFO">email</msg>
<arg>${key}</arg>
<doc>Logs the given message with the given level.</doc>
<status status="PASS" start="2024-03-31T08:16:52.958323" elapsed="0.000163"/>
</kw>
<var name="${key}">email</var>
<status status="PASS" start="2024-03-31T08:16:52.956787" elapsed="0.001912"/>
</iter>
<iter>
<kw name="Dictionary Should Contain Key" owner="Collections">
<msg time="2024-03-31T08:16:52.959376" level="INFO">False</msg>
<arg>${json_data['results'][0]}</arg>
<arg>${key}</arg>
<doc>Fails if ``key`` is not found from ``dictionary``.</doc>
<status status="PASS" start="2024-03-31T08:16:52.958985" elapsed="0.000428"/>
</kw>
<kw name="Log" owner="BuiltIn">
<msg time="2024-03-31T08:16:52.960108" level="INFO">{'gender': 'male', 'name': {'title': 'Mr', 'first': 'Válter', 'last': 'Rodrigues'}, 'location': {'street': {'number': 9909, 'name': 'Rua São Jorge '}, 'city': 'Nova Friburgo', 'state': 'Rondônia', 'country': 'Brazil', 'postcode': 74462, 'coordinates': {'latitude': '-74.0016', 'longitude': '-122.9341'}, 'timezone': {'offset': '-9:00', 'description': 'Alaska'}}, 'email': 'valter.rodrigues@example.com', 'login': {'uuid': 'fd1fb9cb-650b-458d-b224-6282a4a621a5', 'username': 'blackfish466', 'password': 'beatles', 'salt': 'yvbUuHZC', 'md5': '2edc38ad20e642d85bb45ec87f15a7fb', 'sha1': '584a4f06fd05cdd791176928223c78a4b0053383', 'sha256': '2fc4bf0511a4c33e143ec6f19dfb47702a4f7edd1ac8bafd61e4883eff32e708'}, 'dob': {'date': '1955-01-04T19:02:09.046Z', 'age': 69}, 'registered': {'date': '2013-02-20T23:17:38.595Z', 'age': 11}, 'phone': '(62) 6410-6385', 'cell': '(48) 4652-7964', 'id': {'name': 'CPF', 'value': '785.797.386-53'}, 'picture': {'large': 'https://randomuser.me/api/portraits/men/13.jpg', 'medium': 'https://randomuser.me/api/portraits/med/men/13.jpg', 'thumbnail': 'https://randomuser.me/api/portraits/thumb/men/13.jpg'}, 'nat': 'BR'}</msg>
<arg>${json_data['results'][0]}</arg>
<doc>Logs the given message with the given level.</doc>
<status status="PASS" start="2024-03-31T08:16:52.959707" elapsed="0.000450"/>
</kw>
<kw name="Log" owner="BuiltIn">
<msg time="2024-03-31T08:16:52.960584" level="INFO">login</msg>
<arg>${key}</arg>
<doc>Logs the given message with the given level.</doc>
<status status="PASS" start="2024-03-31T08:16:52.960455" elapsed="0.000273"/>
</kw>
<var name="${key}">login</var>
<status status="PASS" start="2024-03-31T08:16:52.958871" elapsed="0.002082"/>
</iter>
<var>${key}</var>
<value>@{expected_keys}</value>
<status status="PASS" start="2024-03-31T08:16:52.950025" elapsed="0.011081"/>
</for>
<kw name="Create List" owner="BuiltIn">
<msg time="2024-03-31T08:16:52.961446" level="INFO">${expected_keysTwo} = ['username', 'password']</msg>
<var>${expected_keysTwo}</var>
<arg>username</arg>
<arg>password</arg>
<doc>Returns a list containing given items.</doc>
<status status="PASS" start="2024-03-31T08:16:52.961309" elapsed="0.000161"/>
</kw>
<for flavor="IN">
<iter>
<kw name="Dictionary Should Contain Key" owner="Collections">
<msg time="2024-03-31T08:16:52.962357" level="INFO">False</msg>
<arg>${json_data['results'][0]['login']}</arg>
<arg>${keyTwo}</arg>
<doc>Fails if ``key`` is not found from ``dictionary``.</doc>
<status status="PASS" start="2024-03-31T08:16:52.961968" elapsed="0.000426"/>
</kw>
<kw name="Dictionary Should Contain Key" owner="Collections">
<msg time="2024-03-31T08:16:52.963063" level="INFO">False</msg>
<arg>${json_data['results'][0]['login']}</arg>
<arg>${keyTwo}</arg>
<doc>Fails if ``key`` is not found from ``dictionary``.</doc>
<status status="PASS" start="2024-03-31T08:16:52.962687" elapsed="0.000413"/>
</kw>
<kw name="Log" owner="BuiltIn">
<msg time="2024-03-31T08:16:52.963517" level="INFO">username</msg>
<arg>${keyTwo}</arg>
<doc>Logs the given message with the given level.</doc>
<status status="PASS" start="2024-03-31T08:16:52.963390" elapsed="0.000164"/>
</kw>
<var name="${keyTwo}">username</var>
<status status="PASS" start="2024-03-31T08:16:52.961859" elapsed="0.001909"/>
</iter>
<iter>
<kw name="Dictionary Should Contain Key" owner="Collections">
<msg time="2024-03-31T08:16:52.964453" level="INFO">False</msg>
<arg>${json_data['results'][0]['login']}</arg>
<arg>${keyTwo}</arg>
<doc>Fails if ``key`` is not found from ``dictionary``.</doc>
<status status="PASS" start="2024-03-31T08:16:52.964077" elapsed="0.000413"/>
</kw>
<kw name="Dictionary Should Contain Key" owner="Collections">
<msg time="2024-03-31T08:16:52.965156" level="INFO">False</msg>
<arg>${json_data['results'][0]['login']}</arg>
<arg>${keyTwo}</arg>
<doc>Fails if ``key`` is not found from ``dictionary``.</doc>
<status status="PASS" start="2024-03-31T08:16:52.964778" elapsed="0.000416"/>
</kw>
<kw name="Log" owner="BuiltIn">
<msg time="2024-03-31T08:16:52.965609" level="INFO">password</msg>
<arg>${keyTwo}</arg>
<doc>Logs the given message with the given level.</doc>
<status status="PASS" start="2024-03-31T08:16:52.965483" elapsed="0.000164"/>
</kw>
<var name="${keyTwo}">password</var>
<status status="PASS" start="2024-03-31T08:16:52.963966" elapsed="0.001895"/>
</iter>
<var>${keyTwo}</var>
<value>@{expected_keysTwo}</value>
<status status="PASS" start="2024-03-31T08:16:52.961707" elapsed="0.004275"/>
</for>
<status status="PASS" start="2024-03-31T08:16:52.855185" elapsed="0.110938"/>
</kw>
<doc>Testa a estrutura da resposta da API.</doc>
<tag>testeEstruturaResposta</tag>
<status status="PASS" start="2024-03-31T08:16:52.854265" elapsed="0.112015"/>
</test>
<test id="s1-s1-t4" name="Validar tipos de dados" line="28">
<kw name="Teste de Tipos de Dados" owner="random-user-service">
<kw name="GET On Session" owner="RequestsLibrary">
<msg time="2024-03-31T08:16:53.043494" level="INFO">GET Request : url=https://randomuser.me/api 
 path_url=/api 
 headers={'User-Agent': 'python-requests/2.31.0', 'Accept-Encoding': 'gzip, deflate', 'Accept': '*/*', 'Connection': 'keep-alive'} 
 body=None 
 </msg>
<msg time="2024-03-31T08:16:53.043579" level="INFO">GET Response : url=https://randomuser.me/api 
 status=200, reason=OK 
 headers={'Date': 'Sun, 31 Mar 2024 08:16:53 GMT', 'Content-Type': 'application/json; charset=utf-8', 'Transfer-Encoding': 'chunked', 'Connection': 'keep-alive', 'X-Powered-By': 'Express', 'Access-Control-Allow-Origin': '*', 'Cache-Control': 'no-cache', 'ETag': 'W/"467-NaULbUUyVIC57c4v7gjiOnM1r1U"', 'Vary': 'Accept-Encoding', 'Content-Encoding': 'gzip', 'CF-Cache-Status': 'DYNAMIC', 'Report-To': '{"endpoints":[{"url":"https:\\/\\/a.nel.cloudflare.com\\/report\\/v4?s=cZzEWnCagziqjTXxoLkrbULcJG3iZtkjLKv%2B1wY0EXTUcp7e6UVyQBiaj0h8%2BtYBP%2BdEwJXS9y6K4%2FhtSZMlnJLKkUD2US7cMmEHwntJ6c7cadvcNX%2FPGYlSstDjpo7N"}],"group":"cf-nel","max_age":604800}', 'NEL': '{"success_fraction":0,"report_to":"cf-nel","max_age":604800}', 'Server': 'cloudflare', 'CF-RAY': '86cee65b0e32825a-IAD', 'alt-svc': 'h3=":443"; ma=86400'} 
 body={"results":[{"gender":"male","name":{"title":"Mr","first":"Lars","last":"Sandvoll"},"location":{"street":{"number":4740,"name":"Lundveien"},"city":"Såstadbråten","state":"Description","country":"Norway","postcode":"0765","coordinates":{"latitude":"45.1184","longitude":"-27.8329"},"timezone":{"offset":"+4:30","description":"Kabul"}},"email":"lars.sandvoll@example.com","login":{"uuid":"8ba78d30-9186-44e2-afea-ac187ac40692","username":"tinymouse663","password":"wert","salt":"LgFzq3kk","md5":"db6e89b06273984997e754d6d7fed588","sha1":"b7b6c36dd1a6e7a811b4e45e3e9ee16b3fc83a2c","sha256":"c311f607a1628729215927601bc7e048b90b87f9361a83380dd5f5f056fcc24e"},"dob":{"date":"1990-01-23T02:22:49.309Z","age":34},"registered":{"date":"2004-07-07T14:41:38.184Z","age":19},"phone":"56720461","cell":"45341478","id":{"name":"FN","value":"23019005313"},"picture":{"large":"https://randomuser.me/api/portraits/men/52.jpg","medium":"https://randomuser.me/api/portraits/med/men/52.jpg","thumbnail":"https://randomuser.me/api/portraits/thumb/men/52.jpg"},"nat":"NO"}],"info":{"seed":"5f3b5dac665b9574","results":1,"page":1,"version":"1.4"}} 
 </msg>
<msg time="2024-03-31T08:16:53.043634" level="INFO">/opt/hostedtoolcache/Python/3.12.2/x64/lib/python3.12/site-packages/urllib3/connectionpool.py:1103: InsecureRequestWarning: Unverified HTTPS request is being made to host 'randomuser.me'. Adding certificate verification is strongly advised. See: https://urllib3.readthedocs.io/en/latest/advanced-usage.html#tls-warnings
  warnings.warn(</msg>
<msg time="2024-03-31T08:16:53.043718" level="INFO">${response} = &lt;Response [200]&gt;</msg>
<var>${response}</var>
<arg>consultarAPI</arg>
<arg>/api</arg>
<doc>Sends a GET request on a previously created HTTP Session.</doc>
<status status="PASS" start="2024-03-31T08:16:52.968709" elapsed="0.075039"/>
</kw>
<kw name="Set Variable" owner="BuiltIn">
<msg time="2024-03-31T08:16:53.044604" level="INFO">${json_data} = {'results': [{'gender': 'male', 'name': {'title': 'Mr', 'first': 'Lars', 'last': 'Sandvoll'}, 'location': {'street': {'number': 4740, 'name': 'Lundveien'}, 'city': 'Såstadbråten', 'state': 'Descriptio...</msg>
<var>${json_data}</var>
<arg>${response.json()}</arg>
<doc>Returns the given values which can then be assigned to a variables.</doc>
<status status="PASS" start="2024-03-31T08:16:53.044158" elapsed="0.000475"/>
</kw>
<kw name="Log" owner="BuiltIn">
<msg time="2024-03-31T08:16:53.045093" level="INFO">{'results': [{'gender': 'male', 'name': {'title': 'Mr', 'first': 'Lars', 'last': 'Sandvoll'}, 'location': {'street': {'number': 4740, 'name': 'Lundveien'}, 'city': 'Såstadbråten', 'state': 'Description', 'country': 'Norway', 'postcode': '0765', 'coordinates': {'latitude': '45.1184', 'longitude': '-27.8329'}, 'timezone': {'offset': '+4:30', 'description': 'Kabul'}}, 'email': 'lars.sandvoll@example.com', 'login': {'uuid': '8ba78d30-9186-44e2-afea-ac187ac40692', 'username': 'tinymouse663', 'password': 'wert', 'salt': 'LgFzq3kk', 'md5': 'db6e89b06273984997e754d6d7fed588', 'sha1': 'b7b6c36dd1a6e7a811b4e45e3e9ee16b3fc83a2c', 'sha256': 'c311f607a1628729215927601bc7e048b90b87f9361a83380dd5f5f056fcc24e'}, 'dob': {'date': '1990-01-23T02:22:49.309Z', 'age': 34}, 'registered': {'date': '2004-07-07T14:41:38.184Z', 'age': 19}, 'phone': '56720461', 'cell': '45341478', 'id': {'name': 'FN', 'value': '23019005313'}, 'picture': {'large': 'https://randomuser.me/api/portraits/men/52.jpg', 'medium': 'https://randomuser.me/api/portraits/med/men/52.jpg', 'thumbnail': 'https://randomuser.me/api/portraits/thumb/men/52.jpg'}, 'nat': 'NO'}], 'info': {'seed': '5f3b5dac665b9574', 'results': 1, 'page': 1, 'version': '1.4'}}</msg>
<arg>${json_data}</arg>
<doc>Logs the given message with the given level.</doc>
<status status="PASS" start="2024-03-31T08:16:53.044940" elapsed="0.000233"/>
</kw>
<kw name="Should Be String" owner="String">
<arg>${json_data['results'][0]['gender']}</arg>
<doc>Fails if the given ``item`` is not a string.</doc>
<status status="PASS" start="2024-03-31T08:16:53.045505" elapsed="0.000359"/>
</kw>
<kw name="Should Match Regexp" owner="BuiltIn">
<arg>${json_data['results'][0]['email']}</arg>
<arg>^[a-zA-Z0-9._%+-]+@[a-zA-Z0-9.-]+\.[a-zA-Z]{2,}$</arg>
<doc>Fails if ``string`` does not match ``pattern`` as a regular expression.</doc>
<status status="PASS" start="2024-03-31T08:16:53.046053" elapsed="0.000514"/>
</kw>
<kw name="Should Match Regexp" owner="BuiltIn">
<arg>${json_data['results'][0]['dob']['date']}</arg>
<arg>\\d{4}-\\d{2}-\\d{2}T\\d{2}:\\d{2}:\\d{2}\\.\\d{3}Z</arg>
<doc>Fails if ``string`` does not match ``pattern`` as a regular expression.</doc>
<status status="PASS" start="2024-03-31T08:16:53.046763" elapsed="0.000493"/>
</kw>
<kw name="Should Match Regexp" owner="BuiltIn">
<arg>${json_data['results'][0]['registered']['date']}</arg>
<arg>\\d{4}-\\d{2}-\\d{2}T\\d{2}:\\d{2}:\\d{2}\\.\\d{3}Z</arg>
<doc>Fails if ``string`` does not match ``pattern`` as a regular expression.</doc>
<status status="PASS" start="2024-03-31T08:16:53.047448" elapsed="0.000371"/>
</kw>
<kw name="Should Match Regexp" owner="BuiltIn">
<arg>${json_data['results'][0]['picture']['large']}</arg>
<arg>^https?://.*\.(?:png|jpe?g|gif|bmp)$</arg>
<doc>Fails if ``string`` does not match ``pattern`` as a regular expression.</doc>
<status status="PASS" start="2024-03-31T08:16:53.048040" elapsed="0.000455"/>
</kw>
<kw name="Should Match Regexp" owner="BuiltIn">
<arg>${json_data['results'][0]['picture']['medium']}</arg>
<arg>^https?://.*\.(?:png|jpe?g|gif|bmp)$</arg>
<doc>Fails if ``string`` does not match ``pattern`` as a regular expression.</doc>
<status status="PASS" start="2024-03-31T08:16:53.048681" elapsed="0.000356"/>
</kw>
<kw name="Should Match Regexp" owner="BuiltIn">
<arg>${json_data['results'][0]['picture']['thumbnail']}</arg>
<arg>^https?://.*\.(?:png|jpe?g|gif|bmp)$</arg>
<doc>Fails if ``string`` does not match ``pattern`` as a regular expression.</doc>
<status status="PASS" start="2024-03-31T08:16:53.049221" elapsed="0.000351"/>
</kw>
<kw name="Log" owner="BuiltIn">
<msg time="2024-03-31T08:16:53.050072" level="INFO">{'large': 'https://randomuser.me/api/portraits/men/52.jpg', 'medium': 'https://randomuser.me/api/portraits/med/men/52.jpg', 'thumbnail': 'https://randomuser.me/api/portraits/thumb/men/52.jpg'}</msg>
<arg>${json_data['results'][0]['picture']}</arg>
<doc>Logs the given message with the given level.</doc>
<status status="PASS" start="2024-03-31T08:16:53.049750" elapsed="0.000368"/>
</kw>
<status status="PASS" start="2024-03-31T08:16:52.968487" elapsed="0.081880"/>
</kw>
<kw name="Teste de Tipos de Dados - Postcode" owner="random-user-service">
<kw name="GET On Session" owner="RequestsLibrary">
<msg time="2024-03-31T08:16:53.144435" level="INFO">GET Request : url=https://randomuser.me/api 
 path_url=/api 
 headers={'User-Agent': 'python-requests/2.31.0', 'Accept-Encoding': 'gzip, deflate', 'Accept': '*/*', 'Connection': 'keep-alive'} 
 body=None 
 </msg>
<msg time="2024-03-31T08:16:53.144546" level="INFO">GET Response : url=https://randomuser.me/api 
 status=200, reason=OK 
 headers={'Date': 'Sun, 31 Mar 2024 08:16:53 GMT', 'Content-Type': 'application/json; charset=utf-8', 'Transfer-Encoding': 'chunked', 'Connection': 'keep-alive', 'X-Powered-By': 'Express', 'Access-Control-Allow-Origin': '*', 'Cache-Control': 'no-cache', 'ETag': 'W/"47c-4RlWJqumF7UDsK9p1aTcM88i2+I"', 'Vary': 'Accept-Encoding', 'Content-Encoding': 'gzip', 'CF-Cache-Status': 'DYNAMIC', 'Report-To': '{"endpoints":[{"url":"https:\\/\\/a.nel.cloudflare.com\\/report\\/v4?s=T4E69qzPkLERdp2ucVOC8PCH1%2FK%2FRyeMasM2oTwgoGgbbJ7hyWte7AGpQ0GH2jsVeZbIXpqSI4NEddjOb%2BivwrLH8IYKeTVaQ46u5LHF3Pq3VKS38wXbG2hKkNgM9HiZ"}],"group":"cf-nel","max_age":604800}', 'NEL': '{"success_fraction":0,"report_to":"cf-nel","max_age":604800}', 'Server': 'cloudflare', 'CF-RAY': '86cee65b9f20825a-IAD', 'alt-svc': 'h3=":443"; ma=86400'} 
 body={"results":[{"gender":"female","name":{"title":"Mrs","first":"Nadežda","last":"Pištalo"},"location":{"street":{"number":5208,"name":"Ilije Vukićevića"},"city":"Ruma","state":"Peć","country":"Serbia","postcode":57298,"coordinates":{"latitude":"59.0792","longitude":"162.2420"},"timezone":{"offset":"+5:45","description":"Kathmandu"}},"email":"nadezda.pistalo@example.com","login":{"uuid":"988b84b7-8ad6-463f-b04d-cb73d3bd9f86","username":"smallrabbit731","password":"condor","salt":"O1BAl7Qd","md5":"2807cf064afefa59456803c289ee50bb","sha1":"15950b032b860634c82fd4d0e42cbfee8521a55b","sha256":"744fcfb4def583591bf969a4420a4fdcd2f659cf064855df1c2c2a041826b9d1"},"dob":{"date":"1971-06-30T11:29:24.803Z","age":52},"registered":{"date":"2006-03-26T17:06:35.333Z","age":18},"phone":"017-8595-331","cell":"064-7741-353","id":{"name":"SID","value":"336342489"},"picture":{"large":"https://randomuser.me/api/portraits/women/80.jpg","medium":"https://randomuser.me/api/portraits/med/women/80.jpg","thumbnail":"https://randomuser.me/api/portraits/thumb/women/80.jpg"},"nat":"RS"}],"info":{"seed":"66082147d0c4f2ee","results":1,"page":1,"version":"1.4"}} 
 </msg>
<msg time="2024-03-31T08:16:53.144654" level="INFO">/opt/hostedtoolcache/Python/3.12.2/x64/lib/python3.12/site-packages/urllib3/connectionpool.py:1103: InsecureRequestWarning: Unverified HTTPS request is being made to host 'randomuser.me'. Adding certificate verification is strongly advised. See: https://urllib3.readthedocs.io/en/latest/advanced-usage.html#tls-warnings
  warnings.warn(</msg>
<msg time="2024-03-31T08:16:53.144796" level="INFO">${response} = &lt;Response [200]&gt;</msg>
<var>${response}</var>
<arg>consultarAPI</arg>
<arg>/api</arg>
<doc>Sends a GET request on a previously created HTTP Session.</doc>
<status status="PASS" start="2024-03-31T08:16:53.050909" elapsed="0.093927"/>
</kw>
<kw name="Set Variable" owner="BuiltIn">
<msg time="2024-03-31T08:16:53.146010" level="INFO">${json_data} = {'results': [{'gender': 'female', 'name': {'title': 'Mrs', 'first': 'Nadežda', 'last': 'Pištalo'}, 'location': {'street': {'number': 5208, 'name': 'Ilije Vukićevića'}, 'city': 'Ruma', 'state': 'Peć', ...</msg>
<var>${json_data}</var>
<arg>${response.json()}</arg>
<doc>Returns the given values which can then be assigned to a variables.</doc>
<status status="PASS" start="2024-03-31T08:16:53.145440" elapsed="0.000600"/>
</kw>
<kw name="Log" owner="BuiltIn">
<msg time="2024-03-31T08:16:53.146509" level="INFO">{'results': [{'gender': 'female', 'name': {'title': 'Mrs', 'first': 'Nadežda', 'last': 'Pištalo'}, 'location': {'street': {'number': 5208, 'name': 'Ilije Vukićevića'}, 'city': 'Ruma', 'state': 'Peć', 'country': 'Serbia', 'postcode': 57298, 'coordinates': {'latitude': '59.0792', 'longitude': '162.2420'}, 'timezone': {'offset': '+5:45', 'description': 'Kathmandu'}}, 'email': 'nadezda.pistalo@example.com', 'login': {'uuid': '988b84b7-8ad6-463f-b04d-cb73d3bd9f86', 'username': 'smallrabbit731', 'password': 'condor', 'salt': 'O1BAl7Qd', 'md5': '2807cf064afefa59456803c289ee50bb', 'sha1': '15950b032b860634c82fd4d0e42cbfee8521a55b', 'sha256': '744fcfb4def583591bf969a4420a4fdcd2f659cf064855df1c2c2a041826b9d1'}, 'dob': {'date': '1971-06-30T11:29:24.803Z', 'age': 52}, 'registered': {'date': '2006-03-26T17:06:35.333Z', 'age': 18}, 'phone': '017-8595-331', 'cell': '064-7741-353', 'id': {'name': 'SID', 'value': '336342489'}, 'picture': {'large': 'https://randomuser.me/api/portraits/women/80.jpg', 'medium': 'https://randomuser.me/api/portraits/med/women/80.jpg', 'thumbnail': 'https://randomuser.me/api/portraits/thumb/women/80.jpg'}, 'nat': 'RS'}], 'info': {'seed': '66082147d0c4f2ee', 'results': 1, 'page': 1, 'version': '1.4'}}</msg>
<arg>${json_data}</arg>
<doc>Logs the given message with the given level.</doc>
<status status="PASS" start="2024-03-31T08:16:53.146350" elapsed="0.000245"/>
</kw>
<kw name="Should Be Equal As Numbers" owner="BuiltIn">
<arg>${json_data['results'][0]['location']['postcode']}</arg>
<arg>${json_data['results'][0]['location']['postcode']}</arg>
<doc>Fails if objects are unequal after converting them to real numbers.</doc>
<status status="PASS" start="2024-03-31T08:16:53.146900" elapsed="0.000629"/>
</kw>
<kw name="Log" owner="BuiltIn">
<msg time="2024-03-31T08:16:53.148091" level="INFO">57298</msg>
<arg>${json_data['results'][0]['location']['postcode']}</arg>
<doc>Logs the given message with the given level.</doc>
<status status="PASS" start="2024-03-31T08:16:53.147722" elapsed="0.000410"/>
</kw>
<status status="PASS" start="2024-03-31T08:16:53.050574" elapsed="0.097814"/>
</kw>
<doc>Testa se os tipos de dados na resposta da API estão corretos.</doc>
<tag>testeTiposDados</tag>
<status status="PASS" start="2024-03-31T08:16:52.968060" elapsed="0.180497"/>
</test>
<test id="s1-s1-t5" name="Validar conteudo" line="35">
<kw name="Teste de Tipos de Conteudo" owner="random-user-service">
<kw name="GET On Session" owner="RequestsLibrary">
<msg time="2024-03-31T08:16:53.249007" level="INFO">GET Request : url=https://randomuser.me/api 
 path_url=/api 
 headers={'User-Agent': 'python-requests/2.31.0', 'Accept-Encoding': 'gzip, deflate', 'Accept': '*/*', 'Connection': 'keep-alive'} 
 body=None 
 </msg>
<msg time="2024-03-31T08:16:53.249094" level="INFO">GET Response : url=https://randomuser.me/api 
 status=200, reason=OK 
 headers={'Date': 'Sun, 31 Mar 2024 08:16:53 GMT', 'Content-Type': 'application/json; charset=utf-8', 'Transfer-Encoding': 'chunked', 'Connection': 'keep-alive', 'X-Powered-By': 'Express', 'Access-Control-Allow-Origin': '*', 'Cache-Control': 'no-cache', 'ETag': 'W/"484-FrUC81/zLRS7nxiBgyrdS98RsRA"', 'Vary': 'Accept-Encoding', 'Content-Encoding': 'gzip', 'CF-Cache-Status': 'DYNAMIC', 'Report-To': '{"endpoints":[{"url":"https:\\/\\/a.nel.cloudflare.com\\/report\\/v4?s=qq1wV8783rP3KINA3g6PDaUsBLz0Gu7zSb09VS0nxxG3K0HqlaZ0n4qbs1s2dIXQ5BkSQEAT3%2F4oV8Z467tCLdfalb9rT8ndSrzjGri%2F6Jn7yxS0alP0phum2v10WtPM"}],"group":"cf-nel","max_age":604800}', 'NEL': '{"success_fraction":0,"report_to":"cf-nel","max_age":604800}', 'Server': 'cloudflare', 'CF-RAY': '86cee65c3843825a-IAD', 'alt-svc': 'h3=":443"; ma=86400'} 
 body={"results":[{"gender":"female","name":{"title":"Ms","first":"Amelia","last":"Roy"},"location":{"street":{"number":9906,"name":"Argyle St"},"city":"Keswick","state":"Saskatchewan","country":"Canada","postcode":"L8C 4A9","coordinates":{"latitude":"-64.9932","longitude":"10.2460"},"timezone":{"offset":"-8:00","description":"Pacific Time (US &amp; Canada)"}},"email":"amelia.roy@example.com","login":{"uuid":"1cc2f27e-da90-4cf4-b766-110f12e67681","username":"happycat190","password":"heineken","salt":"QKcV8qQD","md5":"b260ede20c3fc2807d4685a729d50567","sha1":"bcb4b462e274f3787e7c8c576e9b994c08089155","sha256":"5d0802d6a35f01b9adf60ef9297f537907ad99ff30415f1805145a44454e7498"},"dob":{"date":"1947-06-02T09:33:51.325Z","age":76},"registered":{"date":"2021-07-25T07:12:48.697Z","age":2},"phone":"E94 L35-0943","cell":"T01 D12-3573","id":{"name":"SIN","value":"232234559"},"picture":{"large":"https://randomuser.me/api/portraits/women/12.jpg","medium":"https://randomuser.me/api/portraits/med/women/12.jpg","thumbnail":"https://randomuser.me/api/portraits/thumb/women/12.jpg"},"nat":"CA"}],"info":{"seed":"9670db29e674ad69","results":1,"page":1,"version":"1.4"}} 
 </msg>
<msg time="2024-03-31T08:16:53.249160" level="INFO">/opt/hostedtoolcache/Python/3.12.2/x64/lib/python3.12/site-packages/urllib3/connectionpool.py:1103: InsecureRequestWarning: Unverified HTTPS request is being made to host 'randomuser.me'. Adding certificate verification is strongly advised. See: https://urllib3.readthedocs.io/en/latest/advanced-usage.html#tls-warnings
  warnings.warn(</msg>
<msg time="2024-03-31T08:16:53.249274" level="INFO">${response} = &lt;Response [200]&gt;</msg>
<var>${response}</var>
<arg>consultarAPI</arg>
<arg>/api</arg>
<doc>Sends a GET request on a previously created HTTP Session.</doc>
<status status="PASS" start="2024-03-31T08:16:53.151070" elapsed="0.098244"/>
</kw>
<kw name="Set Variable" owner="BuiltIn">
<msg time="2024-03-31T08:16:53.250458" level="INFO">${json_data} = {'results': [{'gender': 'female', 'name': {'title': 'Ms', 'first': 'Amelia', 'last': 'Roy'}, 'location': {'street': {'number': 9906, 'name': 'Argyle St'}, 'city': 'Keswick', 'state': 'Saskatchewan', '...</msg>
<var>${json_data}</var>
<arg>${response.json()}</arg>
<doc>Returns the given values which can then be assigned to a variables.</doc>
<status status="PASS" start="2024-03-31T08:16:53.249905" elapsed="0.000581"/>
</kw>
<kw name="Set Variable" owner="BuiltIn">
<msg time="2024-03-31T08:16:53.251178" level="INFO">${name_title} = Ms</msg>
<var>${name_title}</var>
<arg>${json_data["results"][0]["name"]["title"]}</arg>
<doc>Returns the given values which can then be assigned to a variables.</doc>
<status status="PASS" start="2024-03-31T08:16:53.250789" elapsed="0.000414"/>
</kw>
<kw name="Create List" owner="BuiltIn">
<msg time="2024-03-31T08:16:53.251654" level="INFO">${allowed_titles} = ['Mr', 'Ms', 'Miss', 'Mrs', 'Madame', 'Monsieur']</msg>
<var>${allowed_titles}</var>
<arg>Mr</arg>
<arg>Ms</arg>
<arg>Miss</arg>
<arg>Mrs</arg>
<arg>Madame</arg>
<arg>Monsieur</arg>
<doc>Returns a list containing given items.</doc>
<status status="PASS" start="2024-03-31T08:16:53.251505" elapsed="0.000173"/>
</kw>
<kw name="List Should Contain Value" owner="Collections">
<msg time="2024-03-31T08:16:53.252210" level="INFO">False</msg>
<arg>${allowed_titles}</arg>
<arg>${name_title}</arg>
<doc>Fails if the ``value`` is not found from ``list``.</doc>
<status status="PASS" start="2024-03-31T08:16:53.252026" elapsed="0.000221"/>
</kw>
<kw name="Set Variable" owner="BuiltIn">
<msg time="2024-03-31T08:16:53.252915" level="INFO">${name_country} = CA</msg>
<var>${name_country}</var>
<arg>${json_data["results"][0]["nat"]}</arg>
<doc>Returns the given values which can then be assigned to a variables.</doc>
<status status="PASS" start="2024-03-31T08:16:53.252538" elapsed="0.000402"/>
</kw>
<kw name="Create List" owner="BuiltIn">
<msg time="2024-03-31T08:16:53.253845" level="INFO">${list_country} = ['AD', 'AE', 'AF', 'AG', 'AI', 'AL', 'AM', 'AO', 'AQ', 'AR', 'AS', 'AT', 'AU', 'AW', 'AX', 'AZ', 'BA', 'BB', 'BD', 'BE', 'BF', 'BG', 'BH', 'BI', 'BJ', 'BL', 'BM', 'BN', 'BO', 'BQ', 'BR', 'BS', 'BT', '...</msg>
<var>${list_country}</var>
<arg>AD</arg>
<arg>AE</arg>
<arg>AF</arg>
<arg>AG</arg>
<arg>AI</arg>
<arg>AL</arg>
<arg>AM</arg>
<arg>AO</arg>
<arg>AQ</arg>
<arg>AR</arg>
<arg>AS</arg>
<arg>AT</arg>
<arg>AU</arg>
<arg>AW</arg>
<arg>AX</arg>
<arg>AZ</arg>
<arg>BA</arg>
<arg>BB</arg>
<arg>BD</arg>
<arg>BE</arg>
<arg>BF</arg>
<arg>BG</arg>
<arg>BH</arg>
<arg>BI</arg>
<arg>BJ</arg>
<arg>BL</arg>
<arg>BM</arg>
<arg>BN</arg>
<arg>BO</arg>
<arg>BQ</arg>
<arg>BR</arg>
<arg>BS</arg>
<arg>BT</arg>
<arg>BV</arg>
<arg>BW</arg>
<arg>BY</arg>
<arg>BZ</arg>
<arg>CA</arg>
<arg>CC</arg>
<arg>CD</arg>
<arg>CF</arg>
<arg>CG</arg>
<arg>CH</arg>
<arg>CI</arg>
<arg>CK</arg>
<arg>CL</arg>
<arg>CM</arg>
<arg>CN</arg>
<arg>CO</arg>
<arg>CR</arg>
<arg>CU</arg>
<arg>CV</arg>
<arg>CW</arg>
<arg>CX</arg>
<arg>CY</arg>
<arg>CZ</arg>
<arg>DE</arg>
<arg>DJ</arg>
<arg>DK</arg>
<arg>DM</arg>
<arg>DO</arg>
<arg>DZ</arg>
<arg>EC</arg>
<arg>EE</arg>
<arg>EG</arg>
<arg>EH</arg>
<arg>ER</arg>
<arg>ES</arg>
<arg>ET</arg>
<arg>FI</arg>
<arg>FJ</arg>
<arg>FK</arg>
<arg>FM</arg>
<arg>FO</arg>
<arg>FR</arg>
<arg>GA</arg>
<arg>GB</arg>
<arg>GD</arg>
<arg>GE</arg>
<arg>GF</arg>
<arg>GG</arg>
<arg>GH</arg>
<arg>GI</arg>
<arg>GL</arg>
<arg>GM</arg>
<arg>GN</arg>
<arg>GP</arg>
<arg>GQ</arg>
<arg>GR</arg>
<arg>GS</arg>
<arg>GT</arg>
<arg>GU</arg>
<arg>GW</arg>
<arg>GY</arg>
<arg>HK</arg>
<arg>HM</arg>
<arg>HN</arg>
<arg>HR</arg>
<arg>HT</arg>
<arg>HU</arg>
<arg>ID</arg>
<arg>IE</arg>
<arg>IL</arg>
<arg>IM</arg>
<arg>IN</arg>
<arg>IO</arg>
<arg>IQ</arg>
<arg>IR</arg>
<arg>IS</arg>
<arg>IT</arg>
<arg>JE</arg>
<arg>JM</arg>
<arg>JO</arg>
<arg>JP</arg>
<arg>KE</arg>
<arg>KG</arg>
<arg>KH</arg>
<arg>KI</arg>
<arg>KM</arg>
<arg>KN</arg>
<arg>KP</arg>
<arg>KR</arg>
<arg>KW</arg>
<arg>KY</arg>
<arg>KZ</arg>
<arg>LA</arg>
<arg>LB</arg>
<arg>LC</arg>
<arg>LI</arg>
<arg>LK</arg>
<arg>LR</arg>
<arg>LS</arg>
<arg>LT</arg>
<arg>LU</arg>
<arg>LV</arg>
<arg>LY</arg>
<arg>MA</arg>
<arg>MC</arg>
<arg>MD</arg>
<arg>ME</arg>
<arg>MF</arg>
<arg>MG</arg>
<arg>MH</arg>
<arg>MK</arg>
<arg>ML</arg>
<arg>MM</arg>
<arg>MN</arg>
<arg>MO</arg>
<arg>MP</arg>
<arg>MQ</arg>
<arg>MR</arg>
<arg>MS</arg>
<arg>MT</arg>
<arg>MU</arg>
<arg>MV</arg>
<arg>MW</arg>
<arg>MX</arg>
<arg>MY</arg>
<arg>MZ</arg>
<arg>NA</arg>
<arg>NC</arg>
<arg>NE</arg>
<arg>NF</arg>
<arg>NG</arg>
<arg>NI</arg>
<arg>NL</arg>
<arg>NO</arg>
<arg>NP</arg>
<arg>NR</arg>
<arg>NU</arg>
<arg>NZ</arg>
<arg>OM</arg>
<arg>PA</arg>
<arg>PE</arg>
<arg>PF</arg>
<arg>PG</arg>
<arg>PH</arg>
<arg>PK</arg>
<arg>PL</arg>
<arg>PM</arg>
<arg>PN</arg>
<arg>PR</arg>
<arg>PS</arg>
<arg>PT</arg>
<arg>PW</arg>
<arg>PY</arg>
<arg>QA</arg>
<arg>RE</arg>
<arg>RO</arg>
<arg>RS</arg>
<arg>RU</arg>
<arg>RW</arg>
<arg>SA</arg>
<arg>SB</arg>
<arg>SC</arg>
<arg>SD</arg>
<arg>SE</arg>
<arg>SG</arg>
<arg>SH</arg>
<arg>SI</arg>
<arg>SJ</arg>
<arg>SK</arg>
<arg>SL</arg>
<arg>SM</arg>
<arg>SN</arg>
<arg>SO</arg>
<arg>SR</arg>
<arg>SS</arg>
<arg>ST</arg>
<arg>SV</arg>
<arg>SX</arg>
<arg>SY</arg>
<arg>SZ</arg>
<arg>TC</arg>
<arg>TD</arg>
<arg>TF</arg>
<arg>TG</arg>
<arg>TH</arg>
<arg>TJ</arg>
<arg>TK</arg>
<arg>TL</arg>
<arg>TM</arg>
<arg>TN</arg>
<arg>TO</arg>
<arg>TR</arg>
<arg>TT</arg>
<arg>TV</arg>
<arg>TW</arg>
<arg>TZ</arg>
<arg>UA</arg>
<arg>UG</arg>
<arg>UM</arg>
<arg>US</arg>
<arg>UY</arg>
<arg>UZ</arg>
<arg>VA</arg>
<arg>VC</arg>
<arg>VE</arg>
<arg>VG</arg>
<arg>VI</arg>
<arg>VN</arg>
<arg>VU</arg>
<arg>WF</arg>
<arg>WS</arg>
<arg>XK</arg>
<arg>YE</arg>
<arg>YT</arg>
<arg>ZA</arg>
<arg>ZM</arg>
<arg>ZW</arg>
<doc>Returns a list containing given items.</doc>
<status status="PASS" start="2024-03-31T08:16:53.253244" elapsed="0.000626"/>
</kw>
<kw name="List Should Contain Value" owner="Collections">
<msg time="2024-03-31T08:16:53.254985" level="INFO">False</msg>
<arg>${list_country}</arg>
<arg>${name_country}</arg>
<doc>Fails if the ``value`` is not found from ``list``.</doc>
<status status="PASS" start="2024-03-31T08:16:53.254781" elapsed="0.000242"/>
</kw>
<kw name="Run Keyword If" owner="BuiltIn">
<kw name="Should Be True" owner="BuiltIn">
<arg>${True}</arg>
<doc>Fails if the given condition is not true.</doc>
<status status="PASS" start="2024-03-31T08:16:53.256117" elapsed="0.000149"/>
</kw>
<arg>${json_data["results"][0]["location"]["coordinates"]["latitude"]} &gt;= -90 and ${json_data["results"][0]["location"]["coordinates"]["latitude"]} &lt;= 90</arg>
<arg>Should Be True</arg>
<arg>${True}</arg>
<doc>Runs the given keyword with the given arguments, if ``condition`` is true.</doc>
<status status="PASS" start="2024-03-31T08:16:53.255338" elapsed="0.001056"/>
</kw>
<kw name="Run Keyword If" owner="BuiltIn">
<kw name="Should Be True" owner="BuiltIn">
<arg>${True}</arg>
<doc>Fails if the given condition is not true.</doc>
<status status="PASS" start="2024-03-31T08:16:53.257266" elapsed="0.000138"/>
</kw>
<arg>${json_data["results"][0]["location"]["coordinates"]["longitude"]} &gt;= -180 and ${json_data["results"][0]["location"]["coordinates"]["longitude"]} &lt;= 180</arg>
<arg>Should Be True</arg>
<arg>${True}</arg>
<doc>Runs the given keyword with the given arguments, if ``condition`` is true.</doc>
<status status="PASS" start="2024-03-31T08:16:53.256578" elapsed="0.000951"/>
</kw>
<status status="PASS" start="2024-03-31T08:16:53.150841" elapsed="0.106819"/>
</kw>
<doc>Testa o conteúdo específico dos campos retornados pela API.</doc>
<tag>testeConteudo</tag>
<status status="PASS" start="2024-03-31T08:16:53.150299" elapsed="0.107513"/>
</test>
<status status="PASS" start="2024-03-31T08:16:52.474247" elapsed="0.785599"/>
</suite>
<status status="PASS" start="2024-03-31T08:16:52.460406" elapsed="0.804874"/>
</suite>
<statistics>
<total>
<stat pass="5" fail="0" skip="0">All Tests</stat>
</total>
<tag>
<stat pass="1" fail="0" skip="0">testeConteudo</stat>
<stat pass="1" fail="0" skip="0">testeEstruturaResposta</stat>
<stat pass="1" fail="0" skip="0">testeRequisicaoBasica</stat>
<stat pass="1" fail="0" skip="0">testeTiposDados</stat>
</tag>
<suite>
<stat pass="5" fail="0" skip="0" id="s1" name="Tests">Tests</stat>
<stat pass="5" fail="0" skip="0" id="s1-s1" name="Random-User-Test">Tests.Random-User-Test</stat>
</suite>
</statistics>
<errors>
</errors>
</robot>
