<?xml version="1.0" encoding="UTF-8"?>
<robot generator="Robot 7.0.1 (Python 3.12.4 on linux)" generated="2024-06-19T14:13:44.653739" rpa="false" schemaversion="5">
<suite id="s1" name="Tests" source="/home/runner/work/ApiRandomUser/ApiRandomUser/RamdonUser/tests">
<suite id="s1-s1" name="Random-User-Test" source="/home/runner/work/ApiRandomUser/ApiRandomUser/RamdonUser/tests/random-user-test.robot">
<test id="s1-s1-t1" name="Conectar" line="13">
<kw name="Conectar API" owner="random-user-service">
<kw name="Create Session" owner="RequestsLibrary">
<msg time="2024-06-19T14:13:45.082256" level="INFO">Creating Session using : alias=consultarAPI, url=https://randomuser.me/, headers={},                     cookies={}, auth=None, timeout=None, proxies=None, verify=False,                     debug=0 </msg>
<arg>consultarAPI</arg>
<arg>${URL}</arg>
<doc>Create Session: create a HTTP session to a server</doc>
<status status="PASS" start="2024-06-19T14:13:45.081946" elapsed="0.000574"/>
</kw>
<status status="PASS" start="2024-06-19T14:13:45.080193" elapsed="0.002860"/>
</kw>
<status status="PASS" start="2024-06-19T14:13:45.079363" elapsed="0.003996"/>
</test>
<test id="s1-s1-t2" name="Validar retorno 200 e JSON Válido" line="16">
<kw name="Teste de Requisicao Basica" owner="random-user-service">
<kw name="GET On Session" owner="RequestsLibrary">
<msg time="2024-06-19T14:13:45.282079" level="INFO">GET Request : url=https://randomuser.me/api 
 path_url=/api 
 headers={'User-Agent': 'python-requests/2.32.3', 'Accept-Encoding': 'gzip, deflate', 'Accept': '*/*', 'Connection': 'keep-alive'} 
 body=None 
 </msg>
<msg time="2024-06-19T14:13:45.282225" level="INFO">GET Response : url=https://randomuser.me/api 
 status=200, reason=OK 
 headers={'Date': 'Wed, 19 Jun 2024 14:13:45 GMT', 'Content-Type': 'application/json; charset=utf-8', 'Transfer-Encoding': 'chunked', 'Connection': 'keep-alive', 'X-Powered-By': 'Express', 'Access-Control-Allow-Origin': '*', 'Cache-Control': 'no-cache', 'ETag': 'W/"488-tDYwSXp85i1xsPJUBcVkGyTPhTc"', 'Vary': 'Accept-Encoding', 'Content-Encoding': 'gzip', 'CF-Cache-Status': 'DYNAMIC', 'Report-To': '{"endpoints":[{"url":"https:\\/\\/a.nel.cloudflare.com\\/report\\/v4?s=izLEzAEx%2F%2FzpcRV8fJbbXP32aCSeu%2FsgSXd%2FvWrHUCMjEHT%2BWTcXvUYgwfLJfWlPumFQ9bJrixZiLTWbrsCsNtHGTmUq0vhCyF2oyEV06tESwIkZbgV4RB8%2FleiVHsgb"}],"group":"cf-nel","max_age":604800}', 'NEL': '{"success_fraction":0,"report_to":"cf-nel","max_age":604800}', 'Server': 'cloudflare', 'CF-RAY': '89641f1db8fb2943-ORD', 'alt-svc': 'h3=":443"; ma=86400'} 
 body={"results":[{"gender":"male","name":{"title":"Mr","first":"Viljami","last":"Wuori"},"location":{"street":{"number":3401,"name":"Pyynikintie"},"city":"Parikkala","state":"Ostrobothnia","country":"Finland","postcode":80260,"coordinates":{"latitude":"-26.1004","longitude":"-18.6229"},"timezone":{"offset":"-1:00","description":"Azores, Cape Verde Islands"}},"email":"viljami.wuori@example.com","login":{"uuid":"ff65a98c-a26b-4e82-8e8d-7821287e677e","username":"lazyswan494","password":"theone","salt":"OkxT5Gid","md5":"ee7255ef76019b0bc195ab601eb6a741","sha1":"1adb7ea430054b6a1de89e75419300ac20db6169","sha256":"bff72f88618e718513fa3722c6e8d03e4f31777ba3deef4f4894ee963c9b6e08"},"dob":{"date":"1975-02-19T20:15:32.149Z","age":49},"registered":{"date":"2005-07-17T20:39:13.137Z","age":18},"phone":"03-549-444","cell":"049-932-02-84","id":{"name":"HETU","value":"NaNNA835undefined"},"picture":{"large":"https://randomuser.me/api/portraits/men/8.jpg","medium":"https://randomuser.me/api/portraits/med/men/8.jpg","thumbnail":"https://randomuser.me/api/portraits/thumb/men/8.jpg"},"nat":"FI"}],"info":{"seed":"43600cfbf6e9515f","results":1,"page":1,"version":"1.4"}} 
 </msg>
<msg time="2024-06-19T14:13:45.282304" level="INFO">/opt/hostedtoolcache/Python/3.12.4/x64/lib/python3.12/site-packages/urllib3/connectionpool.py:1099: InsecureRequestWarning: Unverified HTTPS request is being made to host 'randomuser.me'. Adding certificate verification is strongly advised. See: https://urllib3.readthedocs.io/en/latest/advanced-usage.html#tls-warnings
  warnings.warn(</msg>
<msg time="2024-06-19T14:13:45.282450" level="INFO">${response} = &lt;Response [200]&gt;</msg>
<var>${response}</var>
<arg>consultarAPI</arg>
<arg>/api</arg>
<doc>Sends a GET request on a previously created HTTP Session.</doc>
<status status="PASS" start="2024-06-19T14:13:45.087765" elapsed="0.194726"/>
</kw>
<kw name="Should Be Equal As Numbers" owner="BuiltIn">
<msg time="2024-06-19T14:13:45.283588" level="INFO">Argument types are:
&lt;class 'int'&gt;
&lt;class 'str'&gt;</msg>
<arg>${response.status_code}</arg>
<arg>200</arg>
<doc>Fails if objects are unequal after converting them to real numbers.</doc>
<status status="PASS" start="2024-06-19T14:13:45.283099" elapsed="0.000553"/>
</kw>
<kw name="Log" owner="BuiltIn">
<msg time="2024-06-19T14:13:45.284300" level="INFO">200</msg>
<arg>${response.status_code}</arg>
<doc>Logs the given message with the given level.</doc>
<status status="PASS" start="2024-06-19T14:13:45.283960" elapsed="0.000381"/>
</kw>
<kw name="Set Variable" owner="BuiltIn">
<msg time="2024-06-19T14:13:45.285067" level="INFO">${json_data} = {'results': [{'gender': 'male', 'name': {'title': 'Mr', 'first': 'Viljami', 'last': 'Wuori'}, 'location': {'street': {'number': 3401, 'name': 'Pyynikintie'}, 'city': 'Parikkala', 'state': 'Ostrobothni...</msg>
<var>${json_data}</var>
<arg>${response.json()}</arg>
<doc>Returns the given values which can then be assigned to a variables.</doc>
<status status="PASS" start="2024-06-19T14:13:45.284639" elapsed="0.000456"/>
</kw>
<kw name="Dictionary Should Contain Key" owner="Collections">
<arg>${json_data}</arg>
<arg>results</arg>
<doc>Fails if ``key`` is not found from ``dictionary``.</doc>
<status status="PASS" start="2024-06-19T14:13:45.285395" elapsed="0.000217"/>
</kw>
<status status="PASS" start="2024-06-19T14:13:45.087401" elapsed="0.198369"/>
</kw>
<doc>Testa se a API responde corretamente e retorna um objeto JSON válido.</doc>
<tag>testeRequisicaoBasica</tag>
<status status="PASS" start="2024-06-19T14:13:45.086685" elapsed="0.199257"/>
</test>
<test id="s1-s1-t3" name="Validar estrutura de resposta" line="22">
<kw name="Teste de Estrutura de Resposta" owner="random-user-service">
<kw name="GET On Session" owner="RequestsLibrary">
<msg time="2024-06-19T14:13:45.384099" level="INFO">GET Request : url=https://randomuser.me/api 
 path_url=/api 
 headers={'User-Agent': 'python-requests/2.32.3', 'Accept-Encoding': 'gzip, deflate', 'Accept': '*/*', 'Connection': 'keep-alive'} 
 body=None 
 </msg>
<msg time="2024-06-19T14:13:45.384182" level="INFO">GET Response : url=https://randomuser.me/api 
 status=200, reason=OK 
 headers={'Date': 'Wed, 19 Jun 2024 14:13:45 GMT', 'Content-Type': 'application/json; charset=utf-8', 'Transfer-Encoding': 'chunked', 'Connection': 'keep-alive', 'X-Powered-By': 'Express', 'Access-Control-Allow-Origin': '*', 'Cache-Control': 'no-cache', 'ETag': 'W/"47b-q8ZlwUAcZihFNAmeq1GMwVmWpoc"', 'Vary': 'Accept-Encoding', 'Content-Encoding': 'gzip', 'CF-Cache-Status': 'DYNAMIC', 'Report-To': '{"endpoints":[{"url":"https:\\/\\/a.nel.cloudflare.com\\/report\\/v4?s=QsSYR%2FXQ0K2c74qlFgA%2Buklzt%2F6Bgo5TuCXVL67gULJlma3dalB6H%2BIsQp2waysv9OfNut4K%2FFWcUy83NWEh7aVEgxdiLcksH%2BMe1YAymLRdAcA4PDNeqV1aZjHkjsrz"}],"group":"cf-nel","max_age":604800}', 'NEL': '{"success_fraction":0,"report_to":"cf-nel","max_age":604800}', 'Server': 'cloudflare', 'CF-RAY': '89641f1e194d2943-ORD', 'alt-svc': 'h3=":443"; ma=86400'} 
 body={"results":[{"gender":"male","name":{"title":"Mr","first":"Simen","last":"Van Aart"},"location":{"street":{"number":988,"name":"Dodenhoeksestraat"},"city":"Westerveld","state":"Groningen","country":"Netherlands","postcode":"9618 HN","coordinates":{"latitude":"32.7458","longitude":"-27.9011"},"timezone":{"offset":"+4:30","description":"Kabul"}},"email":"simen.vanaart@example.com","login":{"uuid":"dba16e6e-242d-46fc-9fc8-3b802700f22b","username":"smallleopard314","password":"volume","salt":"kri2y7VZ","md5":"d20f69aadb913d64169af840481dccf1","sha1":"1a162850106873fe49a9f3cf38b6abaf8d0bd64a","sha256":"259d451226d29f1cc4273a7a723c9da77fdf5664158d85ce2f76d35ab344fd97"},"dob":{"date":"1985-06-02T00:59:47.153Z","age":39},"registered":{"date":"2012-05-21T11:55:34.738Z","age":12},"phone":"(014) 0091175","cell":"(06) 97806639","id":{"name":"BSN","value":"57570633"},"picture":{"large":"https://randomuser.me/api/portraits/men/4.jpg","medium":"https://randomuser.me/api/portraits/med/men/4.jpg","thumbnail":"https://randomuser.me/api/portraits/thumb/men/4.jpg"},"nat":"NL"}],"info":{"seed":"39e312b1eba51474","results":1,"page":1,"version":"1.4"}} 
 </msg>
<msg time="2024-06-19T14:13:45.384292" level="INFO">/opt/hostedtoolcache/Python/3.12.4/x64/lib/python3.12/site-packages/urllib3/connectionpool.py:1099: InsecureRequestWarning: Unverified HTTPS request is being made to host 'randomuser.me'. Adding certificate verification is strongly advised. See: https://urllib3.readthedocs.io/en/latest/advanced-usage.html#tls-warnings
  warnings.warn(</msg>
<msg time="2024-06-19T14:13:45.384410" level="INFO">${response} = &lt;Response [200]&gt;</msg>
<var>${response}</var>
<arg>consultarAPI</arg>
<arg>/api</arg>
<doc>Sends a GET request on a previously created HTTP Session.</doc>
<status status="PASS" start="2024-06-19T14:13:45.288452" elapsed="0.095999"/>
</kw>
<kw name="Set Variable" owner="BuiltIn">
<msg time="2024-06-19T14:13:45.385529" level="INFO">${json_data} = {'results': [{'gender': 'male', 'name': {'title': 'Mr', 'first': 'Simen', 'last': 'Van Aart'}, 'location': {'street': {'number': 988, 'name': 'Dodenhoeksestraat'}, 'city': 'Westerveld', 'state': 'Gron...</msg>
<var>${json_data}</var>
<arg>${response.json()}</arg>
<doc>Returns the given values which can then be assigned to a variables.</doc>
<status status="PASS" start="2024-06-19T14:13:45.384951" elapsed="0.000640"/>
</kw>
<kw name="Log" owner="BuiltIn">
<msg time="2024-06-19T14:13:45.386065" level="INFO">{'results': [{'gender': 'male', 'name': {'title': 'Mr', 'first': 'Simen', 'last': 'Van Aart'}, 'location': {'street': {'number': 988, 'name': 'Dodenhoeksestraat'}, 'city': 'Westerveld', 'state': 'Groningen', 'country': 'Netherlands', 'postcode': '9618 HN', 'coordinates': {'latitude': '32.7458', 'longitude': '-27.9011'}, 'timezone': {'offset': '+4:30', 'description': 'Kabul'}}, 'email': 'simen.vanaart@example.com', 'login': {'uuid': 'dba16e6e-242d-46fc-9fc8-3b802700f22b', 'username': 'smallleopard314', 'password': 'volume', 'salt': 'kri2y7VZ', 'md5': 'd20f69aadb913d64169af840481dccf1', 'sha1': '1a162850106873fe49a9f3cf38b6abaf8d0bd64a', 'sha256': '259d451226d29f1cc4273a7a723c9da77fdf5664158d85ce2f76d35ab344fd97'}, 'dob': {'date': '1985-06-02T00:59:47.153Z', 'age': 39}, 'registered': {'date': '2012-05-21T11:55:34.738Z', 'age': 12}, 'phone': '(014) 0091175', 'cell': '(06) 97806639', 'id': {'name': 'BSN', 'value': '57570633'}, 'picture': {'large': 'https://randomuser.me/api/portraits/men/4.jpg', 'medium': 'https://randomuser.me/api/portraits/med/men/4.jpg', 'thumbnail': 'https://randomuser.me/api/portraits/thumb/men/4.jpg'}, 'nat': 'NL'}], 'info': {'seed': '39e312b1eba51474', 'results': 1, 'page': 1, 'version': '1.4'}}</msg>
<arg>${json_data}</arg>
<doc>Logs the given message with the given level.</doc>
<status status="PASS" start="2024-06-19T14:13:45.385907" elapsed="0.000207"/>
</kw>
<kw name="Dictionary Should Contain Key" owner="Collections">
<arg>${json_data}</arg>
<arg>results</arg>
<doc>Fails if ``key`` is not found from ``dictionary``.</doc>
<status status="PASS" start="2024-06-19T14:13:45.386407" elapsed="0.000160"/>
</kw>
<kw name="Should Not Be Empty" owner="BuiltIn">
<msg time="2024-06-19T14:13:45.386891" level="INFO">Length is 2.</msg>
<arg>${json_data}</arg>
<doc>Verifies that the given item is not empty.</doc>
<status status="PASS" start="2024-06-19T14:13:45.386752" elapsed="0.000183"/>
</kw>
<kw name="Create List" owner="BuiltIn">
<msg time="2024-06-19T14:13:45.387376" level="INFO">${expected_keys} = ['gender', 'name', 'location', 'email', 'login']</msg>
<var>${expected_keys}</var>
<arg>gender</arg>
<arg>name</arg>
<arg>location</arg>
<arg>email</arg>
<arg>login</arg>
<doc>Returns a list containing given items.</doc>
<status status="PASS" start="2024-06-19T14:13:45.387233" elapsed="0.000168"/>
</kw>
<for flavor="IN">
<iter>
<kw name="Dictionary Should Contain Key" owner="Collections">
<arg>${json_data['results'][0]}</arg>
<arg>${key}</arg>
<doc>Fails if ``key`` is not found from ``dictionary``.</doc>
<status status="PASS" start="2024-06-19T14:13:45.388118" elapsed="0.000396"/>
</kw>
<kw name="Log" owner="BuiltIn">
<msg time="2024-06-19T14:13:45.389053" level="INFO">{'gender': 'male', 'name': {'title': 'Mr', 'first': 'Simen', 'last': 'Van Aart'}, 'location': {'street': {'number': 988, 'name': 'Dodenhoeksestraat'}, 'city': 'Westerveld', 'state': 'Groningen', 'country': 'Netherlands', 'postcode': '9618 HN', 'coordinates': {'latitude': '32.7458', 'longitude': '-27.9011'}, 'timezone': {'offset': '+4:30', 'description': 'Kabul'}}, 'email': 'simen.vanaart@example.com', 'login': {'uuid': 'dba16e6e-242d-46fc-9fc8-3b802700f22b', 'username': 'smallleopard314', 'password': 'volume', 'salt': 'kri2y7VZ', 'md5': 'd20f69aadb913d64169af840481dccf1', 'sha1': '1a162850106873fe49a9f3cf38b6abaf8d0bd64a', 'sha256': '259d451226d29f1cc4273a7a723c9da77fdf5664158d85ce2f76d35ab344fd97'}, 'dob': {'date': '1985-06-02T00:59:47.153Z', 'age': 39}, 'registered': {'date': '2012-05-21T11:55:34.738Z', 'age': 12}, 'phone': '(014) 0091175', 'cell': '(06) 97806639', 'id': {'name': 'BSN', 'value': '57570633'}, 'picture': {'large': 'https://randomuser.me/api/portraits/men/4.jpg', 'medium': 'https://randomuser.me/api/portraits/med/men/4.jpg', 'thumbnail': 'https://randomuser.me/api/portraits/thumb/men/4.jpg'}, 'nat': 'NL'}</msg>
<arg>${json_data['results'][0]}</arg>
<doc>Logs the given message with the given level.</doc>
<status status="PASS" start="2024-06-19T14:13:45.388696" elapsed="0.000415"/>
</kw>
<kw name="Log" owner="BuiltIn">
<msg time="2024-06-19T14:13:45.389531" level="INFO">gender</msg>
<arg>${key}</arg>
<doc>Logs the given message with the given level.</doc>
<status status="PASS" start="2024-06-19T14:13:45.389405" elapsed="0.000193"/>
</kw>
<var name="${key}">gender</var>
<status status="PASS" start="2024-06-19T14:13:45.387992" elapsed="0.001826"/>
</iter>
<iter>
<kw name="Dictionary Should Contain Key" owner="Collections">
<arg>${json_data['results'][0]}</arg>
<arg>${key}</arg>
<doc>Fails if ``key`` is not found from ``dictionary``.</doc>
<status status="PASS" start="2024-06-19T14:13:45.390108" elapsed="0.000377"/>
</kw>
<kw name="Log" owner="BuiltIn">
<msg time="2024-06-19T14:13:45.391022" level="INFO">{'gender': 'male', 'name': {'title': 'Mr', 'first': 'Simen', 'last': 'Van Aart'}, 'location': {'street': {'number': 988, 'name': 'Dodenhoeksestraat'}, 'city': 'Westerveld', 'state': 'Groningen', 'country': 'Netherlands', 'postcode': '9618 HN', 'coordinates': {'latitude': '32.7458', 'longitude': '-27.9011'}, 'timezone': {'offset': '+4:30', 'description': 'Kabul'}}, 'email': 'simen.vanaart@example.com', 'login': {'uuid': 'dba16e6e-242d-46fc-9fc8-3b802700f22b', 'username': 'smallleopard314', 'password': 'volume', 'salt': 'kri2y7VZ', 'md5': 'd20f69aadb913d64169af840481dccf1', 'sha1': '1a162850106873fe49a9f3cf38b6abaf8d0bd64a', 'sha256': '259d451226d29f1cc4273a7a723c9da77fdf5664158d85ce2f76d35ab344fd97'}, 'dob': {'date': '1985-06-02T00:59:47.153Z', 'age': 39}, 'registered': {'date': '2012-05-21T11:55:34.738Z', 'age': 12}, 'phone': '(014) 0091175', 'cell': '(06) 97806639', 'id': {'name': 'BSN', 'value': '57570633'}, 'picture': {'large': 'https://randomuser.me/api/portraits/men/4.jpg', 'medium': 'https://randomuser.me/api/portraits/med/men/4.jpg', 'thumbnail': 'https://randomuser.me/api/portraits/thumb/men/4.jpg'}, 'nat': 'NL'}</msg>
<arg>${json_data['results'][0]}</arg>
<doc>Logs the given message with the given level.</doc>
<status status="PASS" start="2024-06-19T14:13:45.390669" elapsed="0.000430"/>
</kw>
<kw name="Log" owner="BuiltIn">
<msg time="2024-06-19T14:13:45.391517" level="INFO">name</msg>
<arg>${key}</arg>
<doc>Logs the given message with the given level.</doc>
<status status="PASS" start="2024-06-19T14:13:45.391392" elapsed="0.000162"/>
</kw>
<var name="${key}">name</var>
<status status="PASS" start="2024-06-19T14:13:45.389998" elapsed="0.001771"/>
</iter>
<iter>
<kw name="Dictionary Should Contain Key" owner="Collections">
<arg>${json_data['results'][0]}</arg>
<arg>${key}</arg>
<doc>Fails if ``key`` is not found from ``dictionary``.</doc>
<status status="PASS" start="2024-06-19T14:13:45.392047" elapsed="0.000379"/>
</kw>
<kw name="Log" owner="BuiltIn">
<msg time="2024-06-19T14:13:45.392954" level="INFO">{'gender': 'male', 'name': {'title': 'Mr', 'first': 'Simen', 'last': 'Van Aart'}, 'location': {'street': {'number': 988, 'name': 'Dodenhoeksestraat'}, 'city': 'Westerveld', 'state': 'Groningen', 'country': 'Netherlands', 'postcode': '9618 HN', 'coordinates': {'latitude': '32.7458', 'longitude': '-27.9011'}, 'timezone': {'offset': '+4:30', 'description': 'Kabul'}}, 'email': 'simen.vanaart@example.com', 'login': {'uuid': 'dba16e6e-242d-46fc-9fc8-3b802700f22b', 'username': 'smallleopard314', 'password': 'volume', 'salt': 'kri2y7VZ', 'md5': 'd20f69aadb913d64169af840481dccf1', 'sha1': '1a162850106873fe49a9f3cf38b6abaf8d0bd64a', 'sha256': '259d451226d29f1cc4273a7a723c9da77fdf5664158d85ce2f76d35ab344fd97'}, 'dob': {'date': '1985-06-02T00:59:47.153Z', 'age': 39}, 'registered': {'date': '2012-05-21T11:55:34.738Z', 'age': 12}, 'phone': '(014) 0091175', 'cell': '(06) 97806639', 'id': {'name': 'BSN', 'value': '57570633'}, 'picture': {'large': 'https://randomuser.me/api/portraits/men/4.jpg', 'medium': 'https://randomuser.me/api/portraits/med/men/4.jpg', 'thumbnail': 'https://randomuser.me/api/portraits/thumb/men/4.jpg'}, 'nat': 'NL'}</msg>
<arg>${json_data['results'][0]}</arg>
<doc>Logs the given message with the given level.</doc>
<status status="PASS" start="2024-06-19T14:13:45.392603" elapsed="0.000399"/>
</kw>
<kw name="Log" owner="BuiltIn">
<msg time="2024-06-19T14:13:45.393426" level="INFO">location</msg>
<arg>${key}</arg>
<doc>Logs the given message with the given level.</doc>
<status status="PASS" start="2024-06-19T14:13:45.393301" elapsed="0.000161"/>
</kw>
<var name="${key}">location</var>
<status status="PASS" start="2024-06-19T14:13:45.391941" elapsed="0.001761"/>
</iter>
<iter>
<kw name="Dictionary Should Contain Key" owner="Collections">
<arg>${json_data['results'][0]}</arg>
<arg>${key}</arg>
<doc>Fails if ``key`` is not found from ``dictionary``.</doc>
<status status="PASS" start="2024-06-19T14:13:45.393978" elapsed="0.000375"/>
</kw>
<kw name="Log" owner="BuiltIn">
<msg time="2024-06-19T14:13:45.394892" level="INFO">{'gender': 'male', 'name': {'title': 'Mr', 'first': 'Simen', 'last': 'Van Aart'}, 'location': {'street': {'number': 988, 'name': 'Dodenhoeksestraat'}, 'city': 'Westerveld', 'state': 'Groningen', 'country': 'Netherlands', 'postcode': '9618 HN', 'coordinates': {'latitude': '32.7458', 'longitude': '-27.9011'}, 'timezone': {'offset': '+4:30', 'description': 'Kabul'}}, 'email': 'simen.vanaart@example.com', 'login': {'uuid': 'dba16e6e-242d-46fc-9fc8-3b802700f22b', 'username': 'smallleopard314', 'password': 'volume', 'salt': 'kri2y7VZ', 'md5': 'd20f69aadb913d64169af840481dccf1', 'sha1': '1a162850106873fe49a9f3cf38b6abaf8d0bd64a', 'sha256': '259d451226d29f1cc4273a7a723c9da77fdf5664158d85ce2f76d35ab344fd97'}, 'dob': {'date': '1985-06-02T00:59:47.153Z', 'age': 39}, 'registered': {'date': '2012-05-21T11:55:34.738Z', 'age': 12}, 'phone': '(014) 0091175', 'cell': '(06) 97806639', 'id': {'name': 'BSN', 'value': '57570633'}, 'picture': {'large': 'https://randomuser.me/api/portraits/men/4.jpg', 'medium': 'https://randomuser.me/api/portraits/med/men/4.jpg', 'thumbnail': 'https://randomuser.me/api/portraits/thumb/men/4.jpg'}, 'nat': 'NL'}</msg>
<arg>${json_data['results'][0]}</arg>
<doc>Logs the given message with the given level.</doc>
<status status="PASS" start="2024-06-19T14:13:45.394540" elapsed="0.000409"/>
</kw>
<kw name="Log" owner="BuiltIn">
<msg time="2024-06-19T14:13:45.395360" level="INFO">email</msg>
<arg>${key}</arg>
<doc>Logs the given message with the given level.</doc>
<status status="PASS" start="2024-06-19T14:13:45.395235" elapsed="0.000162"/>
</kw>
<var name="${key}">email</var>
<status status="PASS" start="2024-06-19T14:13:45.393872" elapsed="0.001734"/>
</iter>
<iter>
<kw name="Dictionary Should Contain Key" owner="Collections">
<arg>${json_data['results'][0]}</arg>
<arg>${key}</arg>
<doc>Fails if ``key`` is not found from ``dictionary``.</doc>
<status status="PASS" start="2024-06-19T14:13:45.395879" elapsed="0.000392"/>
</kw>
<kw name="Log" owner="BuiltIn">
<msg time="2024-06-19T14:13:45.396799" level="INFO">{'gender': 'male', 'name': {'title': 'Mr', 'first': 'Simen', 'last': 'Van Aart'}, 'location': {'street': {'number': 988, 'name': 'Dodenhoeksestraat'}, 'city': 'Westerveld', 'state': 'Groningen', 'country': 'Netherlands', 'postcode': '9618 HN', 'coordinates': {'latitude': '32.7458', 'longitude': '-27.9011'}, 'timezone': {'offset': '+4:30', 'description': 'Kabul'}}, 'email': 'simen.vanaart@example.com', 'login': {'uuid': 'dba16e6e-242d-46fc-9fc8-3b802700f22b', 'username': 'smallleopard314', 'password': 'volume', 'salt': 'kri2y7VZ', 'md5': 'd20f69aadb913d64169af840481dccf1', 'sha1': '1a162850106873fe49a9f3cf38b6abaf8d0bd64a', 'sha256': '259d451226d29f1cc4273a7a723c9da77fdf5664158d85ce2f76d35ab344fd97'}, 'dob': {'date': '1985-06-02T00:59:47.153Z', 'age': 39}, 'registered': {'date': '2012-05-21T11:55:34.738Z', 'age': 12}, 'phone': '(014) 0091175', 'cell': '(06) 97806639', 'id': {'name': 'BSN', 'value': '57570633'}, 'picture': {'large': 'https://randomuser.me/api/portraits/men/4.jpg', 'medium': 'https://randomuser.me/api/portraits/med/men/4.jpg', 'thumbnail': 'https://randomuser.me/api/portraits/thumb/men/4.jpg'}, 'nat': 'NL'}</msg>
<arg>${json_data['results'][0]}</arg>
<doc>Logs the given message with the given level.</doc>
<status status="PASS" start="2024-06-19T14:13:45.396449" elapsed="0.000397"/>
</kw>
<kw name="Log" owner="BuiltIn">
<msg time="2024-06-19T14:13:45.397295" level="INFO">login</msg>
<arg>${key}</arg>
<doc>Logs the given message with the given level.</doc>
<status status="PASS" start="2024-06-19T14:13:45.397162" elapsed="0.000171"/>
</kw>
<var name="${key}">login</var>
<status status="PASS" start="2024-06-19T14:13:45.395774" elapsed="0.001773"/>
</iter>
<var>${key}</var>
<value>@{expected_keys}</value>
<status status="PASS" start="2024-06-19T14:13:45.387803" elapsed="0.009897"/>
</for>
<kw name="Create List" owner="BuiltIn">
<msg time="2024-06-19T14:13:45.398024" level="INFO">${expected_keysTwo} = ['username', 'password']</msg>
<var>${expected_keysTwo}</var>
<arg>username</arg>
<arg>password</arg>
<doc>Returns a list containing given items.</doc>
<status status="PASS" start="2024-06-19T14:13:45.397890" elapsed="0.000159"/>
</kw>
<for flavor="IN">
<iter>
<kw name="Dictionary Should Contain Key" owner="Collections">
<arg>${json_data['results'][0]['login']}</arg>
<arg>${keyTwo}</arg>
<doc>Fails if ``key`` is not found from ``dictionary``.</doc>
<status status="PASS" start="2024-06-19T14:13:45.398575" elapsed="0.000389"/>
</kw>
<kw name="Dictionary Should Contain Key" owner="Collections">
<arg>${json_data['results'][0]['login']}</arg>
<arg>${keyTwo}</arg>
<doc>Fails if ``key`` is not found from ``dictionary``.</doc>
<status status="PASS" start="2024-06-19T14:13:45.399143" elapsed="0.000377"/>
</kw>
<kw name="Log" owner="BuiltIn">
<msg time="2024-06-19T14:13:45.399819" level="INFO">username</msg>
<arg>${keyTwo}</arg>
<doc>Logs the given message with the given level.</doc>
<status status="PASS" start="2024-06-19T14:13:45.399699" elapsed="0.000157"/>
</kw>
<var name="${keyTwo}">username</var>
<status status="PASS" start="2024-06-19T14:13:45.398467" elapsed="0.001605"/>
</iter>
<iter>
<kw name="Dictionary Should Contain Key" owner="Collections">
<arg>${json_data['results'][0]['login']}</arg>
<arg>${keyTwo}</arg>
<doc>Fails if ``key`` is not found from ``dictionary``.</doc>
<status status="PASS" start="2024-06-19T14:13:45.400350" elapsed="0.000385"/>
</kw>
<kw name="Dictionary Should Contain Key" owner="Collections">
<arg>${json_data['results'][0]['login']}</arg>
<arg>${keyTwo}</arg>
<doc>Fails if ``key`` is not found from ``dictionary``.</doc>
<status status="PASS" start="2024-06-19T14:13:45.400912" elapsed="0.000376"/>
</kw>
<kw name="Log" owner="BuiltIn">
<msg time="2024-06-19T14:13:45.401623" level="INFO">password</msg>
<arg>${keyTwo}</arg>
<doc>Logs the given message with the given level.</doc>
<status status="PASS" start="2024-06-19T14:13:45.401469" elapsed="0.000194"/>
</kw>
<var name="${keyTwo}">password</var>
<status status="PASS" start="2024-06-19T14:13:45.400246" elapsed="0.001640"/>
</iter>
<var>${keyTwo}</var>
<value>@{expected_keysTwo}</value>
<status status="PASS" start="2024-06-19T14:13:45.398315" elapsed="0.003692"/>
</for>
<status status="PASS" start="2024-06-19T14:13:45.288227" elapsed="0.113922"/>
</kw>
<doc>Testa a estrutura da resposta da API.</doc>
<tag>testeEstruturaResposta</tag>
<status status="PASS" start="2024-06-19T14:13:45.287737" elapsed="0.114565"/>
</test>
<test id="s1-s1-t4" name="Validar tipos de dados" line="28">
<kw name="Teste de Tipos de Dados" owner="random-user-service">
<kw name="GET On Session" owner="RequestsLibrary">
<msg time="2024-06-19T14:13:45.507288" level="INFO">GET Request : url=https://randomuser.me/api 
 path_url=/api 
 headers={'User-Agent': 'python-requests/2.32.3', 'Accept-Encoding': 'gzip, deflate', 'Accept': '*/*', 'Connection': 'keep-alive'} 
 body=None 
 </msg>
<msg time="2024-06-19T14:13:45.507360" level="INFO">GET Response : url=https://randomuser.me/api 
 status=200, reason=OK 
 headers={'Date': 'Wed, 19 Jun 2024 14:13:45 GMT', 'Content-Type': 'application/json; charset=utf-8', 'Transfer-Encoding': 'chunked', 'Connection': 'keep-alive', 'X-Powered-By': 'Express', 'Access-Control-Allow-Origin': '*', 'Cache-Control': 'no-cache', 'ETag': 'W/"4ab-rJjs7wqpQZSMKYkngny/fz7rfnE"', 'Vary': 'Accept-Encoding', 'Content-Encoding': 'gzip', 'CF-Cache-Status': 'DYNAMIC', 'Report-To': '{"endpoints":[{"url":"https:\\/\\/a.nel.cloudflare.com\\/report\\/v4?s=92D7j2tBbMrbT5zRrh58nUzEkBFt9dCG9vHwfdniOt%2FWXAYrOsgFuFNotYskHUWc%2FZxyWZIvEqaKcR%2FhrHahxICg%2BJbxHPKoO0%2B7pJW8OCu4jdyrM76%2BH47lpHE3h7QY"}],"group":"cf-nel","max_age":604800}', 'NEL': '{"success_fraction":0,"report_to":"cf-nel","max_age":604800}', 'Server': 'cloudflare', 'CF-RAY': '89641f1eca0d2943-ORD', 'alt-svc': 'h3=":443"; ma=86400'} 
 body={"results":[{"gender":"male","name":{"title":"Mr","first":"José Eduardo","last":"Fajardo"},"location":{"street":{"number":107,"name":"Circuito Durango"},"city":"Ejido Germinal","state":"Zacatecas","country":"Mexico","postcode":29441,"coordinates":{"latitude":"29.7260","longitude":"-41.6282"},"timezone":{"offset":"+9:00","description":"Tokyo, Seoul, Osaka, Sapporo, Yakutsk"}},"email":"joseeduardo.fajardo@example.com","login":{"uuid":"85e053f3-5228-4ecc-b8e5-325d693948c9","username":"tinygoose290","password":"kenny1","salt":"tikF6XVn","md5":"3e2392a6e0293eea637e169f426562e4","sha1":"898138c60e5fa9389fd2e3f44b1cfc7eb6ffcd79","sha256":"55e8becac68b030bdbc43bf7da2b9a0ffdbe3021f62f57939b5722a538934f42"},"dob":{"date":"1954-07-29T16:34:24.393Z","age":69},"registered":{"date":"2008-09-01T11:44:07.502Z","age":15},"phone":"(645) 262 5754","cell":"(656) 419 6866","id":{"name":"NSS","value":"76 30 16 9736 2"},"picture":{"large":"https://randomuser.me/api/portraits/men/85.jpg","medium":"https://randomuser.me/api/portraits/med/men/85.jpg","thumbnail":"https://randomuser.me/api/portraits/thumb/men/85.jpg"},"nat":"MX"}],"info":{"seed":"fb941c597d53a5da","results":1,"page":1,"version":"1.4"}} 
 </msg>
<msg time="2024-06-19T14:13:45.507421" level="INFO">/opt/hostedtoolcache/Python/3.12.4/x64/lib/python3.12/site-packages/urllib3/connectionpool.py:1099: InsecureRequestWarning: Unverified HTTPS request is being made to host 'randomuser.me'. Adding certificate verification is strongly advised. See: https://urllib3.readthedocs.io/en/latest/advanced-usage.html#tls-warnings
  warnings.warn(</msg>
<msg time="2024-06-19T14:13:45.507517" level="INFO">${response} = &lt;Response [200]&gt;</msg>
<var>${response}</var>
<arg>consultarAPI</arg>
<arg>/api</arg>
<doc>Sends a GET request on a previously created HTTP Session.</doc>
<status status="PASS" start="2024-06-19T14:13:45.404810" elapsed="0.102746"/>
</kw>
<kw name="Set Variable" owner="BuiltIn">
<msg time="2024-06-19T14:13:45.508621" level="INFO">${json_data} = {'results': [{'gender': 'male', 'name': {'title': 'Mr', 'first': 'José Eduardo', 'last': 'Fajardo'}, 'location': {'street': {'number': 107, 'name': 'Circuito Durango'}, 'city': 'Ejido Germinal', 'stat...</msg>
<var>${json_data}</var>
<arg>${response.json()}</arg>
<doc>Returns the given values which can then be assigned to a variables.</doc>
<status status="PASS" start="2024-06-19T14:13:45.508039" elapsed="0.000613"/>
</kw>
<kw name="Log" owner="BuiltIn">
<msg time="2024-06-19T14:13:45.509111" level="INFO">{'results': [{'gender': 'male', 'name': {'title': 'Mr', 'first': 'José Eduardo', 'last': 'Fajardo'}, 'location': {'street': {'number': 107, 'name': 'Circuito Durango'}, 'city': 'Ejido Germinal', 'state': 'Zacatecas', 'country': 'Mexico', 'postcode': 29441, 'coordinates': {'latitude': '29.7260', 'longitude': '-41.6282'}, 'timezone': {'offset': '+9:00', 'description': 'Tokyo, Seoul, Osaka, Sapporo, Yakutsk'}}, 'email': 'joseeduardo.fajardo@example.com', 'login': {'uuid': '85e053f3-5228-4ecc-b8e5-325d693948c9', 'username': 'tinygoose290', 'password': 'kenny1', 'salt': 'tikF6XVn', 'md5': '3e2392a6e0293eea637e169f426562e4', 'sha1': '898138c60e5fa9389fd2e3f44b1cfc7eb6ffcd79', 'sha256': '55e8becac68b030bdbc43bf7da2b9a0ffdbe3021f62f57939b5722a538934f42'}, 'dob': {'date': '1954-07-29T16:34:24.393Z', 'age': 69}, 'registered': {'date': '2008-09-01T11:44:07.502Z', 'age': 15}, 'phone': '(645) 262 5754', 'cell': '(656) 419 6866', 'id': {'name': 'NSS', 'value': '76 30 16 9736 2'}, 'picture': {'large': 'https://randomuser.me/api/portraits/men/85.jpg', 'medium': 'https://randomuser.me/api/portraits/med/men/85.jpg', 'thumbnail': 'https://randomuser.me/api/portraits/thumb/men/85.jpg'}, 'nat': 'MX'}], 'info': {'seed': 'fb941c597d53a5da', 'results': 1, 'page': 1, 'version': '1.4'}}</msg>
<arg>${json_data}</arg>
<doc>Logs the given message with the given level.</doc>
<status status="PASS" start="2024-06-19T14:13:45.508951" elapsed="0.000209"/>
</kw>
<kw name="Should Be String" owner="String">
<arg>${json_data['results'][0]['gender']}</arg>
<doc>Fails if the given ``item`` is not a string.</doc>
<status status="PASS" start="2024-06-19T14:13:45.509446" elapsed="0.000394"/>
</kw>
<kw name="Should Match Regexp" owner="BuiltIn">
<arg>${json_data['results'][0]['email']}</arg>
<arg>^[a-zA-Z0-9._%+-]+@[a-zA-Z0-9.-]+\.[a-zA-Z]{2,}$</arg>
<doc>Fails if ``string`` does not match ``pattern`` as a regular expression.</doc>
<status status="PASS" start="2024-06-19T14:13:45.510025" elapsed="0.000509"/>
</kw>
<kw name="Should Match Regexp" owner="BuiltIn">
<arg>${json_data['results'][0]['dob']['date']}</arg>
<arg>\\d{4}-\\d{2}-\\d{2}T\\d{2}:\\d{2}:\\d{2}\\.\\d{3}Z</arg>
<doc>Fails if ``string`` does not match ``pattern`` as a regular expression.</doc>
<status status="PASS" start="2024-06-19T14:13:45.510768" elapsed="0.000482"/>
</kw>
<kw name="Should Match Regexp" owner="BuiltIn">
<arg>${json_data['results'][0]['registered']['date']}</arg>
<arg>\\d{4}-\\d{2}-\\d{2}T\\d{2}:\\d{2}:\\d{2}\\.\\d{3}Z</arg>
<doc>Fails if ``string`` does not match ``pattern`` as a regular expression.</doc>
<status status="PASS" start="2024-06-19T14:13:45.511436" elapsed="0.000366"/>
</kw>
<kw name="Should Match Regexp" owner="BuiltIn">
<arg>${json_data['results'][0]['picture']['large']}</arg>
<arg>^https?://.*\.(?:png|jpe?g|gif|bmp)$</arg>
<doc>Fails if ``string`` does not match ``pattern`` as a regular expression.</doc>
<status status="PASS" start="2024-06-19T14:13:45.511984" elapsed="0.000448"/>
</kw>
<kw name="Should Match Regexp" owner="BuiltIn">
<arg>${json_data['results'][0]['picture']['medium']}</arg>
<arg>^https?://.*\.(?:png|jpe?g|gif|bmp)$</arg>
<doc>Fails if ``string`` does not match ``pattern`` as a regular expression.</doc>
<status status="PASS" start="2024-06-19T14:13:45.512614" elapsed="0.000343"/>
</kw>
<kw name="Should Match Regexp" owner="BuiltIn">
<arg>${json_data['results'][0]['picture']['thumbnail']}</arg>
<arg>^https?://.*\.(?:png|jpe?g|gif|bmp)$</arg>
<doc>Fails if ``string`` does not match ``pattern`` as a regular expression.</doc>
<status status="PASS" start="2024-06-19T14:13:45.513136" elapsed="0.000347"/>
</kw>
<kw name="Log" owner="BuiltIn">
<msg time="2024-06-19T14:13:45.514008" level="INFO">{'large': 'https://randomuser.me/api/portraits/men/85.jpg', 'medium': 'https://randomuser.me/api/portraits/med/men/85.jpg', 'thumbnail': 'https://randomuser.me/api/portraits/thumb/men/85.jpg'}</msg>
<arg>${json_data['results'][0]['picture']}</arg>
<doc>Logs the given message with the given level.</doc>
<status status="PASS" start="2024-06-19T14:13:45.513687" elapsed="0.000364"/>
</kw>
<status status="PASS" start="2024-06-19T14:13:45.404585" elapsed="0.109716"/>
</kw>
<kw name="Teste de Tipos de Dados - Postcode" owner="random-user-service">
<kw name="GET On Session" owner="RequestsLibrary">
<msg time="2024-06-19T14:13:45.601404" level="INFO">GET Request : url=https://randomuser.me/api 
 path_url=/api 
 headers={'User-Agent': 'python-requests/2.32.3', 'Accept-Encoding': 'gzip, deflate', 'Accept': '*/*', 'Connection': 'keep-alive'} 
 body=None 
 </msg>
<msg time="2024-06-19T14:13:45.601482" level="INFO">GET Response : url=https://randomuser.me/api 
 status=200, reason=OK 
 headers={'Date': 'Wed, 19 Jun 2024 14:13:45 GMT', 'Content-Type': 'application/json; charset=utf-8', 'Transfer-Encoding': 'chunked', 'Connection': 'keep-alive', 'X-Powered-By': 'Express', 'Access-Control-Allow-Origin': '*', 'Cache-Control': 'no-cache', 'ETag': 'W/"48a-mcmk5xfDq1d7NSq6CVNjjIWMmKM"', 'Vary': 'Accept-Encoding', 'Content-Encoding': 'gzip', 'CF-Cache-Status': 'DYNAMIC', 'Report-To': '{"endpoints":[{"url":"https:\\/\\/a.nel.cloudflare.com\\/report\\/v4?s=A3Vyl0fNo3XgV342DB7Q1M%2B7Uw%2BG1hBZjogwVvj7G7N84%2BQwwPTPj968vsz0kvb6bbatpq4eq4KACOtpLSFk5Nz6KZh1GMU6s%2FtbFUbC%2BF34ugswEpoaZa2EpfwEhL%2FF"}],"group":"cf-nel","max_age":604800}', 'NEL': '{"success_fraction":0,"report_to":"cf-nel","max_age":604800}', 'Server': 'cloudflare', 'CF-RAY': '89641f1f7adf2943-ORD', 'alt-svc': 'h3=":443"; ma=86400'} 
 body={"results":[{"gender":"male","name":{"title":"Mr","first":"Konsta","last":"Luoma"},"location":{"street":{"number":2977,"name":"Verkatehtaankatu"},"city":"Föglö","state":"Kymenlaakso","country":"Finland","postcode":30848,"coordinates":{"latitude":"-25.3035","longitude":"-48.5888"},"timezone":{"offset":"-8:00","description":"Pacific Time (US &amp; Canada)"}},"email":"konsta.luoma@example.com","login":{"uuid":"7824e033-964e-4e66-8f25-b32d3e532540","username":"blackfrog770","password":"vbnm","salt":"Jyr66zzF","md5":"6bcd03c0f46051309ff97fca33d496ce","sha1":"3b418bbdf67a6d831a1c9d122af4061cd308d957","sha256":"317a580aca11e670c557fcd1e08fdeb00a95f38dc0799a9f8df5e4803bc97493"},"dob":{"date":"1957-12-11T23:35:46.346Z","age":66},"registered":{"date":"2005-10-26T07:10:52.613Z","age":18},"phone":"03-831-132","cell":"040-971-10-51","id":{"name":"HETU","value":"NaNNA807undefined"},"picture":{"large":"https://randomuser.me/api/portraits/men/84.jpg","medium":"https://randomuser.me/api/portraits/med/men/84.jpg","thumbnail":"https://randomuser.me/api/portraits/thumb/men/84.jpg"},"nat":"FI"}],"info":{"seed":"86ee88b6c7ae952f","results":1,"page":1,"version":"1.4"}} 
 </msg>
<msg time="2024-06-19T14:13:45.601593" level="INFO">/opt/hostedtoolcache/Python/3.12.4/x64/lib/python3.12/site-packages/urllib3/connectionpool.py:1099: InsecureRequestWarning: Unverified HTTPS request is being made to host 'randomuser.me'. Adding certificate verification is strongly advised. See: https://urllib3.readthedocs.io/en/latest/advanced-usage.html#tls-warnings
  warnings.warn(</msg>
<msg time="2024-06-19T14:13:45.601690" level="INFO">${response} = &lt;Response [200]&gt;</msg>
<var>${response}</var>
<arg>consultarAPI</arg>
<arg>/api</arg>
<doc>Sends a GET request on a previously created HTTP Session.</doc>
<status status="PASS" start="2024-06-19T14:13:45.514725" elapsed="0.087005"/>
</kw>
<kw name="Set Variable" owner="BuiltIn">
<msg time="2024-06-19T14:13:45.602811" level="INFO">${json_data} = {'results': [{'gender': 'male', 'name': {'title': 'Mr', 'first': 'Konsta', 'last': 'Luoma'}, 'location': {'street': {'number': 2977, 'name': 'Verkatehtaankatu'}, 'city': 'Föglö', 'state': 'Kymenlaakso...</msg>
<var>${json_data}</var>
<arg>${response.json()}</arg>
<doc>Returns the given values which can then be assigned to a variables.</doc>
<status status="PASS" start="2024-06-19T14:13:45.602198" elapsed="0.000641"/>
</kw>
<kw name="Log" owner="BuiltIn">
<msg time="2024-06-19T14:13:45.603290" level="INFO">{'results': [{'gender': 'male', 'name': {'title': 'Mr', 'first': 'Konsta', 'last': 'Luoma'}, 'location': {'street': {'number': 2977, 'name': 'Verkatehtaankatu'}, 'city': 'Föglö', 'state': 'Kymenlaakso', 'country': 'Finland', 'postcode': 30848, 'coordinates': {'latitude': '-25.3035', 'longitude': '-48.5888'}, 'timezone': {'offset': '-8:00', 'description': 'Pacific Time (US &amp; Canada)'}}, 'email': 'konsta.luoma@example.com', 'login': {'uuid': '7824e033-964e-4e66-8f25-b32d3e532540', 'username': 'blackfrog770', 'password': 'vbnm', 'salt': 'Jyr66zzF', 'md5': '6bcd03c0f46051309ff97fca33d496ce', 'sha1': '3b418bbdf67a6d831a1c9d122af4061cd308d957', 'sha256': '317a580aca11e670c557fcd1e08fdeb00a95f38dc0799a9f8df5e4803bc97493'}, 'dob': {'date': '1957-12-11T23:35:46.346Z', 'age': 66}, 'registered': {'date': '2005-10-26T07:10:52.613Z', 'age': 18}, 'phone': '03-831-132', 'cell': '040-971-10-51', 'id': {'name': 'HETU', 'value': 'NaNNA807undefined'}, 'picture': {'large': 'https://randomuser.me/api/portraits/men/84.jpg', 'medium': 'https://randomuser.me/api/portraits/med/men/84.jpg', 'thumbnail': 'https://randomuser.me/api/portraits/thumb/men/84.jpg'}, 'nat': 'FI'}], 'info': {'seed': '86ee88b6c7ae952f', 'results': 1, 'page': 1, 'version': '1.4'}}</msg>
<arg>${json_data}</arg>
<doc>Logs the given message with the given level.</doc>
<status status="PASS" start="2024-06-19T14:13:45.603136" elapsed="0.000203"/>
</kw>
<kw name="Should Be Equal As Numbers" owner="BuiltIn">
<arg>${json_data['results'][0]['location']['postcode']}</arg>
<arg>${json_data['results'][0]['location']['postcode']}</arg>
<doc>Fails if objects are unequal after converting them to real numbers.</doc>
<status status="PASS" start="2024-06-19T14:13:45.603625" elapsed="0.000609"/>
</kw>
<kw name="Log" owner="BuiltIn">
<msg time="2024-06-19T14:13:45.604762" level="INFO">30848</msg>
<arg>${json_data['results'][0]['location']['postcode']}</arg>
<doc>Logs the given message with the given level.</doc>
<status status="PASS" start="2024-06-19T14:13:45.604424" elapsed="0.000377"/>
</kw>
<status status="PASS" start="2024-06-19T14:13:45.514512" elapsed="0.090565"/>
</kw>
<doc>Testa se os tipos de dados na resposta da API estão corretos.</doc>
<tag>testeTiposDados</tag>
<status status="PASS" start="2024-06-19T14:13:45.404043" elapsed="0.201194"/>
</test>
<test id="s1-s1-t5" name="Validar conteudo" line="35">
<kw name="Teste de Tipos de Conteudo" owner="random-user-service">
<kw name="GET On Session" owner="RequestsLibrary">
<msg time="2024-06-19T14:13:45.737921" level="INFO">GET Request : url=https://randomuser.me/api 
 path_url=/api 
 headers={'User-Agent': 'python-requests/2.32.3', 'Accept-Encoding': 'gzip, deflate', 'Accept': '*/*', 'Connection': 'keep-alive'} 
 body=None 
 </msg>
<msg time="2024-06-19T14:13:45.738007" level="INFO">GET Response : url=https://randomuser.me/api 
 status=200, reason=OK 
 headers={'Date': 'Wed, 19 Jun 2024 14:13:45 GMT', 'Content-Type': 'application/json; charset=utf-8', 'Transfer-Encoding': 'chunked', 'Connection': 'keep-alive', 'X-Powered-By': 'Express', 'Access-Control-Allow-Origin': '*', 'Cache-Control': 'no-cache', 'ETag': 'W/"4a1-n/qyDub1hNR5YNdOIJ7QkxEsZHo"', 'Vary': 'Accept-Encoding', 'Content-Encoding': 'gzip', 'CF-Cache-Status': 'DYNAMIC', 'Report-To': '{"endpoints":[{"url":"https:\\/\\/a.nel.cloudflare.com\\/report\\/v4?s=T%2Boctf1yQaILt2GBg4AhaX55Fyl%2BqWr8Hx3K1Wroy4c1oZApbi3jRwEGnLctQdW2%2BlDOhBwg%2BF%2FM1vQB%2BJjYYFvSz68%2FqILZg0WjL4PDPSarNptD%2F7z7Z8QyvGKsXyMQ"}],"group":"cf-nel","max_age":604800}', 'NEL': '{"success_fraction":0,"report_to":"cf-nel","max_age":604800}', 'Server': 'cloudflare', 'CF-RAY': '89641f201b5a2943-ORD', 'alt-svc': 'h3=":443"; ma=86400'} 
 body={"results":[{"gender":"male","name":{"title":"Monsieur","first":"Raphael","last":"Muller"},"location":{"street":{"number":4765,"name":"Rue André-Gide"},"city":"Urdorf","state":"Bern","country":"Switzerland","postcode":6246,"coordinates":{"latitude":"-60.9445","longitude":"-135.1613"},"timezone":{"offset":"+11:00","description":"Magadan, Solomon Islands, New Caledonia"}},"email":"raphael.muller@example.com","login":{"uuid":"cbf76e35-fc93-46bf-a411-968c9c2100f7","username":"bigbutterfly653","password":"dogg","salt":"9XJmAS7P","md5":"bd80729db7469570dbacc54c4efc089c","sha1":"1ee10e77793fe66a22b26c5e260e95d28c383381","sha256":"9c908dd0db208cb1a5bf0daa60311b8a30236259a93695d5b9a4a2b1c0d7a3be"},"dob":{"date":"1967-11-03T05:37:21.728Z","age":56},"registered":{"date":"2012-09-02T17:41:07.170Z","age":11},"phone":"078 100 09 41","cell":"076 120 19 39","id":{"name":"AVS","value":"756.7616.9274.23"},"picture":{"large":"https://randomuser.me/api/portraits/men/76.jpg","medium":"https://randomuser.me/api/portraits/med/men/76.jpg","thumbnail":"https://randomuser.me/api/portraits/thumb/men/76.jpg"},"nat":"CH"}],"info":{"seed":"13a87d923335a42c","results":1,"page":1,"version":"1.4"}} 
 </msg>
<msg time="2024-06-19T14:13:45.738090" level="INFO">/opt/hostedtoolcache/Python/3.12.4/x64/lib/python3.12/site-packages/urllib3/connectionpool.py:1099: InsecureRequestWarning: Unverified HTTPS request is being made to host 'randomuser.me'. Adding certificate verification is strongly advised. See: https://urllib3.readthedocs.io/en/latest/advanced-usage.html#tls-warnings
  warnings.warn(</msg>
<msg time="2024-06-19T14:13:45.738210" level="INFO">${response} = &lt;Response [200]&gt;</msg>
<var>${response}</var>
<arg>consultarAPI</arg>
<arg>/api</arg>
<doc>Sends a GET request on a previously created HTTP Session.</doc>
<status status="PASS" start="2024-06-19T14:13:45.608252" elapsed="0.129998"/>
</kw>
<kw name="Set Variable" owner="BuiltIn">
<msg time="2024-06-19T14:13:45.739367" level="INFO">${json_data} = {'results': [{'gender': 'male', 'name': {'title': 'Monsieur', 'first': 'Raphael', 'last': 'Muller'}, 'location': {'street': {'number': 4765, 'name': 'Rue André-Gide'}, 'city': 'Urdorf', 'state': 'Bern...</msg>
<var>${json_data}</var>
<arg>${response.json()}</arg>
<doc>Returns the given values which can then be assigned to a variables.</doc>
<status status="PASS" start="2024-06-19T14:13:45.738819" elapsed="0.000577"/>
</kw>
<kw name="Set Variable" owner="BuiltIn">
<msg time="2024-06-19T14:13:45.740081" level="INFO">${name_title} = Monsieur</msg>
<var>${name_title}</var>
<arg>${json_data["results"][0]["name"]["title"]}</arg>
<doc>Returns the given values which can then be assigned to a variables.</doc>
<status status="PASS" start="2024-06-19T14:13:45.739700" elapsed="0.000407"/>
</kw>
<kw name="Create List" owner="BuiltIn">
<msg time="2024-06-19T14:13:45.740546" level="INFO">${allowed_titles} = ['Mr', 'Ms', 'Miss', 'Mrs', 'Madame', 'Monsieur']</msg>
<var>${allowed_titles}</var>
<arg>Mr</arg>
<arg>Ms</arg>
<arg>Miss</arg>
<arg>Mrs</arg>
<arg>Madame</arg>
<arg>Monsieur</arg>
<doc>Returns a list containing given items.</doc>
<status status="PASS" start="2024-06-19T14:13:45.740400" elapsed="0.000170"/>
</kw>
<kw name="List Should Contain Value" owner="Collections">
<arg>${allowed_titles}</arg>
<arg>${name_title}</arg>
<doc>Fails if the ``value`` is not found from ``list``.</doc>
<status status="PASS" start="2024-06-19T14:13:45.740863" elapsed="0.000173"/>
</kw>
<kw name="Set Variable" owner="BuiltIn">
<msg time="2024-06-19T14:13:45.741619" level="INFO">${name_country} = CH</msg>
<var>${name_country}</var>
<arg>${json_data["results"][0]["nat"]}</arg>
<doc>Returns the given values which can then be assigned to a variables.</doc>
<status status="PASS" start="2024-06-19T14:13:45.741210" elapsed="0.000444"/>
</kw>
<kw name="Create List" owner="BuiltIn">
<msg time="2024-06-19T14:13:45.742557" level="INFO">${list_country} = ['AD', 'AE', 'AF', 'AG', 'AI', 'AL', 'AM', 'AO', 'AQ', 'AR', 'AS', 'AT', 'AU', 'AW', 'AX', 'AZ', 'BA', 'BB', 'BD', 'BE', 'BF', 'BG', 'BH', 'BI', 'BJ', 'BL', 'BM', 'BN', 'BO', 'BQ', 'BR', 'BS', 'BT', '...</msg>
<var>${list_country}</var>
<arg>AD</arg>
<arg>AE</arg>
<arg>AF</arg>
<arg>AG</arg>
<arg>AI</arg>
<arg>AL</arg>
<arg>AM</arg>
<arg>AO</arg>
<arg>AQ</arg>
<arg>AR</arg>
<arg>AS</arg>
<arg>AT</arg>
<arg>AU</arg>
<arg>AW</arg>
<arg>AX</arg>
<arg>AZ</arg>
<arg>BA</arg>
<arg>BB</arg>
<arg>BD</arg>
<arg>BE</arg>
<arg>BF</arg>
<arg>BG</arg>
<arg>BH</arg>
<arg>BI</arg>
<arg>BJ</arg>
<arg>BL</arg>
<arg>BM</arg>
<arg>BN</arg>
<arg>BO</arg>
<arg>BQ</arg>
<arg>BR</arg>
<arg>BS</arg>
<arg>BT</arg>
<arg>BV</arg>
<arg>BW</arg>
<arg>BY</arg>
<arg>BZ</arg>
<arg>CA</arg>
<arg>CC</arg>
<arg>CD</arg>
<arg>CF</arg>
<arg>CG</arg>
<arg>CH</arg>
<arg>CI</arg>
<arg>CK</arg>
<arg>CL</arg>
<arg>CM</arg>
<arg>CN</arg>
<arg>CO</arg>
<arg>CR</arg>
<arg>CU</arg>
<arg>CV</arg>
<arg>CW</arg>
<arg>CX</arg>
<arg>CY</arg>
<arg>CZ</arg>
<arg>DE</arg>
<arg>DJ</arg>
<arg>DK</arg>
<arg>DM</arg>
<arg>DO</arg>
<arg>DZ</arg>
<arg>EC</arg>
<arg>EE</arg>
<arg>EG</arg>
<arg>EH</arg>
<arg>ER</arg>
<arg>ES</arg>
<arg>ET</arg>
<arg>FI</arg>
<arg>FJ</arg>
<arg>FK</arg>
<arg>FM</arg>
<arg>FO</arg>
<arg>FR</arg>
<arg>GA</arg>
<arg>GB</arg>
<arg>GD</arg>
<arg>GE</arg>
<arg>GF</arg>
<arg>GG</arg>
<arg>GH</arg>
<arg>GI</arg>
<arg>GL</arg>
<arg>GM</arg>
<arg>GN</arg>
<arg>GP</arg>
<arg>GQ</arg>
<arg>GR</arg>
<arg>GS</arg>
<arg>GT</arg>
<arg>GU</arg>
<arg>GW</arg>
<arg>GY</arg>
<arg>HK</arg>
<arg>HM</arg>
<arg>HN</arg>
<arg>HR</arg>
<arg>HT</arg>
<arg>HU</arg>
<arg>ID</arg>
<arg>IE</arg>
<arg>IL</arg>
<arg>IM</arg>
<arg>IN</arg>
<arg>IO</arg>
<arg>IQ</arg>
<arg>IR</arg>
<arg>IS</arg>
<arg>IT</arg>
<arg>JE</arg>
<arg>JM</arg>
<arg>JO</arg>
<arg>JP</arg>
<arg>KE</arg>
<arg>KG</arg>
<arg>KH</arg>
<arg>KI</arg>
<arg>KM</arg>
<arg>KN</arg>
<arg>KP</arg>
<arg>KR</arg>
<arg>KW</arg>
<arg>KY</arg>
<arg>KZ</arg>
<arg>LA</arg>
<arg>LB</arg>
<arg>LC</arg>
<arg>LI</arg>
<arg>LK</arg>
<arg>LR</arg>
<arg>LS</arg>
<arg>LT</arg>
<arg>LU</arg>
<arg>LV</arg>
<arg>LY</arg>
<arg>MA</arg>
<arg>MC</arg>
<arg>MD</arg>
<arg>ME</arg>
<arg>MF</arg>
<arg>MG</arg>
<arg>MH</arg>
<arg>MK</arg>
<arg>ML</arg>
<arg>MM</arg>
<arg>MN</arg>
<arg>MO</arg>
<arg>MP</arg>
<arg>MQ</arg>
<arg>MR</arg>
<arg>MS</arg>
<arg>MT</arg>
<arg>MU</arg>
<arg>MV</arg>
<arg>MW</arg>
<arg>MX</arg>
<arg>MY</arg>
<arg>MZ</arg>
<arg>NA</arg>
<arg>NC</arg>
<arg>NE</arg>
<arg>NF</arg>
<arg>NG</arg>
<arg>NI</arg>
<arg>NL</arg>
<arg>NO</arg>
<arg>NP</arg>
<arg>NR</arg>
<arg>NU</arg>
<arg>NZ</arg>
<arg>OM</arg>
<arg>PA</arg>
<arg>PE</arg>
<arg>PF</arg>
<arg>PG</arg>
<arg>PH</arg>
<arg>PK</arg>
<arg>PL</arg>
<arg>PM</arg>
<arg>PN</arg>
<arg>PR</arg>
<arg>PS</arg>
<arg>PT</arg>
<arg>PW</arg>
<arg>PY</arg>
<arg>QA</arg>
<arg>RE</arg>
<arg>RO</arg>
<arg>RS</arg>
<arg>RU</arg>
<arg>RW</arg>
<arg>SA</arg>
<arg>SB</arg>
<arg>SC</arg>
<arg>SD</arg>
<arg>SE</arg>
<arg>SG</arg>
<arg>SH</arg>
<arg>SI</arg>
<arg>SJ</arg>
<arg>SK</arg>
<arg>SL</arg>
<arg>SM</arg>
<arg>SN</arg>
<arg>SO</arg>
<arg>SR</arg>
<arg>SS</arg>
<arg>ST</arg>
<arg>SV</arg>
<arg>SX</arg>
<arg>SY</arg>
<arg>SZ</arg>
<arg>TC</arg>
<arg>TD</arg>
<arg>TF</arg>
<arg>TG</arg>
<arg>TH</arg>
<arg>TJ</arg>
<arg>TK</arg>
<arg>TL</arg>
<arg>TM</arg>
<arg>TN</arg>
<arg>TO</arg>
<arg>TR</arg>
<arg>TT</arg>
<arg>TV</arg>
<arg>TW</arg>
<arg>TZ</arg>
<arg>UA</arg>
<arg>UG</arg>
<arg>UM</arg>
<arg>US</arg>
<arg>UY</arg>
<arg>UZ</arg>
<arg>VA</arg>
<arg>VC</arg>
<arg>VE</arg>
<arg>VG</arg>
<arg>VI</arg>
<arg>VN</arg>
<arg>VU</arg>
<arg>WF</arg>
<arg>WS</arg>
<arg>XK</arg>
<arg>YE</arg>
<arg>YT</arg>
<arg>ZA</arg>
<arg>ZM</arg>
<arg>ZW</arg>
<doc>Returns a list containing given items.</doc>
<status status="PASS" start="2024-06-19T14:13:45.741959" elapsed="0.000623"/>
</kw>
<kw name="List Should Contain Value" owner="Collections">
<arg>${list_country}</arg>
<arg>${name_country}</arg>
<doc>Fails if the ``value`` is not found from ``list``.</doc>
<status status="PASS" start="2024-06-19T14:13:45.743371" elapsed="0.000202"/>
</kw>
<kw name="Run Keyword If" owner="BuiltIn">
<kw name="Should Be True" owner="BuiltIn">
<arg>${True}</arg>
<doc>Fails if the given condition is not true.</doc>
<status status="PASS" start="2024-06-19T14:13:45.744484" elapsed="0.000137"/>
</kw>
<arg>${json_data["results"][0]["location"]["coordinates"]["latitude"]} &gt;= -90 and ${json_data["results"][0]["location"]["coordinates"]["latitude"]} &lt;= 90</arg>
<arg>Should Be True</arg>
<arg>${True}</arg>
<doc>Runs the given keyword with the given arguments, if ``condition`` is true.</doc>
<status status="PASS" start="2024-06-19T14:13:45.743763" elapsed="0.000982"/>
</kw>
<kw name="Run Keyword If" owner="BuiltIn">
<kw name="Should Be True" owner="BuiltIn">
<arg>${True}</arg>
<doc>Fails if the given condition is not true.</doc>
<status status="PASS" start="2024-06-19T14:13:45.745643" elapsed="0.000139"/>
</kw>
<arg>${json_data["results"][0]["location"]["coordinates"]["longitude"]} &gt;= -180 and ${json_data["results"][0]["location"]["coordinates"]["longitude"]} &lt;= 180</arg>
<arg>Should Be True</arg>
<arg>${True}</arg>
<doc>Runs the given keyword with the given arguments, if ``condition`` is true.</doc>
<status status="PASS" start="2024-06-19T14:13:45.744921" elapsed="0.000982"/>
</kw>
<status status="PASS" start="2024-06-19T14:13:45.607685" elapsed="0.138347"/>
</kw>
<doc>Testa o conteúdo específico dos campos retornados pela API.</doc>
<tag>testeConteudo</tag>
<status status="PASS" start="2024-06-19T14:13:45.607039" elapsed="0.139139"/>
</test>
<status status="PASS" start="2024-06-19T14:13:44.713147" elapsed="1.034931"/>
</suite>
<status status="PASS" start="2024-06-19T14:13:44.698685" elapsed="1.054499"/>
</suite>
<statistics>
<total>
<stat pass="5" fail="0" skip="0">All Tests</stat>
</total>
<tag>
<stat pass="1" fail="0" skip="0">testeConteudo</stat>
<stat pass="1" fail="0" skip="0">testeEstruturaResposta</stat>
<stat pass="1" fail="0" skip="0">testeRequisicaoBasica</stat>
<stat pass="1" fail="0" skip="0">testeTiposDados</stat>
</tag>
<suite>
<stat pass="5" fail="0" skip="0" id="s1" name="Tests">Tests</stat>
<stat pass="5" fail="0" skip="0" id="s1-s1" name="Random-User-Test">Tests.Random-User-Test</stat>
</suite>
</statistics>
<errors>
</errors>
</robot>
