<?xml version="1.0" encoding="UTF-8"?>
<robot generator="Robot 7.0.1 (Python 3.12.4 on linux)" generated="2024-07-11T22:14:13.711921" rpa="false" schemaversion="5">
<suite id="s1" name="Tests" source="/home/runner/work/ApiRandomUser/ApiRandomUser/RamdonUser/tests">
<suite id="s1-s1" name="Random-User-Test" source="/home/runner/work/ApiRandomUser/ApiRandomUser/RamdonUser/tests/random-user-test.robot">
<test id="s1-s1-t1" name="Conectar" line="13">
<kw name="Conectar API" owner="random-user-service">
<kw name="Create Session" owner="RequestsLibrary">
<msg time="2024-07-11T22:14:14.103372" level="INFO">Creating Session using : alias=consultarAPI, url=https://randomuser.me/, headers={},                     cookies={}, auth=None, timeout=None, proxies=None, verify=False,                     debug=0 </msg>
<arg>consultarAPI</arg>
<arg>${URL}</arg>
<doc>Create Session: create a HTTP session to a server</doc>
<status status="PASS" start="2024-07-11T22:14:14.103167" elapsed="0.000384"/>
</kw>
<status status="PASS" start="2024-07-11T22:14:14.102163" elapsed="0.001751"/>
</kw>
<status status="PASS" start="2024-07-11T22:14:14.101541" elapsed="0.002566"/>
</test>
<test id="s1-s1-t2" name="Validar retorno 200 e JSON Válido" line="16">
<kw name="Teste de Requisicao Basica" owner="random-user-service">
<kw name="GET On Session" owner="RequestsLibrary">
<msg time="2024-07-11T22:14:14.283767" level="INFO">GET Request : url=https://randomuser.me/api 
 path_url=/api 
 headers={'User-Agent': 'python-requests/2.32.3', 'Accept-Encoding': 'gzip, deflate', 'Accept': '*/*', 'Connection': 'keep-alive'} 
 body=None 
 </msg>
<msg time="2024-07-11T22:14:14.283945" level="INFO">GET Response : url=https://randomuser.me/api 
 status=200, reason=OK 
 headers={'Date': 'Thu, 11 Jul 2024 22:14:14 GMT', 'Content-Type': 'application/json; charset=utf-8', 'Transfer-Encoding': 'chunked', 'Connection': 'keep-alive', 'X-Powered-By': 'Express', 'Access-Control-Allow-Origin': '*', 'Cache-Control': 'no-cache', 'ETag': 'W/"49a-xhQ2sZw8PZ3JCnw3E82K/gH5IjE"', 'Vary': 'Accept-Encoding', 'Content-Encoding': 'gzip', 'CF-Cache-Status': 'DYNAMIC', 'Report-To': '{"endpoints":[{"url":"https:\\/\\/a.nel.cloudflare.com\\/report\\/v4?s=FzO1b6bQkS40FC%2FoPeIFhWtaubCYLIMLeeJNFQx1SZN5AxCCDYgNG4HTvUo9%2Bqb%2BsXwZBSPXrZHLpv77x31Nx9dZuhMcK4nwhSn6eEQzkacu5apdUnFmnSrjSS%2BBE2cM"}],"group":"cf-nel","max_age":604800}', 'NEL': '{"success_fraction":0,"report_to":"cf-nel","max_age":604800}', 'Server': 'cloudflare', 'CF-RAY': '8a1c25331c721775-IAD', 'alt-svc': 'h3=":443"; ma=86400'} 
 body={"results":[{"gender":"female","name":{"title":"Mrs","first":"Aino","last":"Wallo"},"location":{"street":{"number":9205,"name":"Bulevardi"},"city":"Myrskylä","state":"Northern Ostrobothnia","country":"Finland","postcode":56976,"coordinates":{"latitude":"-26.4318","longitude":"6.5057"},"timezone":{"offset":"-3:00","description":"Brazil, Buenos Aires, Georgetown"}},"email":"aino.wallo@example.com","login":{"uuid":"0f75e086-89f8-4429-8f3e-f4bbd501a1a8","username":"tinywolf336","password":"cassandr","salt":"K9FrhJV7","md5":"f27398f485b1121902d793556d766c60","sha1":"4cea94864360d2642542ed2e8b54cd1657365c1c","sha256":"89ee9717d84d920e047583f2f6e969d9b1c29231ef7fb84583add73eea0b2059"},"dob":{"date":"1984-04-04T11:21:36.280Z","age":40},"registered":{"date":"2016-02-10T06:23:01.182Z","age":8},"phone":"04-016-165","cell":"040-880-06-49","id":{"name":"HETU","value":"NaNNA068undefined"},"picture":{"large":"https://randomuser.me/api/portraits/women/81.jpg","medium":"https://randomuser.me/api/portraits/med/women/81.jpg","thumbnail":"https://randomuser.me/api/portraits/thumb/women/81.jpg"},"nat":"FI"}],"info":{"seed":"683cc9bc739bb443","results":1,"page":1,"version":"1.4"}} 
 </msg>
<msg time="2024-07-11T22:14:14.284039" level="INFO">/opt/hostedtoolcache/Python/3.12.4/x64/lib/python3.12/site-packages/urllib3/connectionpool.py:1099: InsecureRequestWarning: Unverified HTTPS request is being made to host 'randomuser.me'. Adding certificate verification is strongly advised. See: https://urllib3.readthedocs.io/en/latest/advanced-usage.html#tls-warnings
  warnings.warn(</msg>
<msg time="2024-07-11T22:14:14.284211" level="INFO">${response} = &lt;Response [200]&gt;</msg>
<var>${response}</var>
<arg>consultarAPI</arg>
<arg>/api</arg>
<doc>Sends a GET request on a previously created HTTP Session.</doc>
<status status="PASS" start="2024-07-11T22:14:14.106754" elapsed="0.177503"/>
</kw>
<kw name="Should Be Equal As Numbers" owner="BuiltIn">
<msg time="2024-07-11T22:14:14.285272" level="INFO">Argument types are:
&lt;class 'int'&gt;
&lt;class 'str'&gt;</msg>
<arg>${response.status_code}</arg>
<arg>200</arg>
<doc>Fails if objects are unequal after converting them to real numbers.</doc>
<status status="PASS" start="2024-07-11T22:14:14.284810" elapsed="0.000528"/>
</kw>
<kw name="Log" owner="BuiltIn">
<msg time="2024-07-11T22:14:14.286018" level="INFO">200</msg>
<arg>${response.status_code}</arg>
<doc>Logs the given message with the given level.</doc>
<status status="PASS" start="2024-07-11T22:14:14.285667" elapsed="0.000395"/>
</kw>
<kw name="Set Variable" owner="BuiltIn">
<msg time="2024-07-11T22:14:14.286861" level="INFO">${json_data} = {'results': [{'gender': 'female', 'name': {'title': 'Mrs', 'first': 'Aino', 'last': 'Wallo'}, 'location': {'street': {'number': 9205, 'name': 'Bulevardi'}, 'city': 'Myrskylä', 'state': 'Northern Ostro...</msg>
<var>${json_data}</var>
<arg>${response.json()}</arg>
<doc>Returns the given values which can then be assigned to a variables.</doc>
<status status="PASS" start="2024-07-11T22:14:14.286370" elapsed="0.000522"/>
</kw>
<kw name="Dictionary Should Contain Key" owner="Collections">
<arg>${json_data}</arg>
<arg>results</arg>
<doc>Fails if ``key`` is not found from ``dictionary``.</doc>
<status status="PASS" start="2024-07-11T22:14:14.287194" elapsed="0.000172"/>
</kw>
<status status="PASS" start="2024-07-11T22:14:14.106478" elapsed="0.181041"/>
</kw>
<doc>Testa se a API responde corretamente e retorna um objeto JSON válido.</doc>
<tag>testeRequisicaoBasica</tag>
<status status="PASS" start="2024-07-11T22:14:14.105964" elapsed="0.181737"/>
</test>
<test id="s1-s1-t3" name="Validar estrutura de resposta" line="22">
<kw name="Teste de Estrutura de Resposta" owner="random-user-service">
<kw name="GET On Session" owner="RequestsLibrary">
<msg time="2024-07-11T22:14:14.384613" level="INFO">GET Request : url=https://randomuser.me/api 
 path_url=/api 
 headers={'User-Agent': 'python-requests/2.32.3', 'Accept-Encoding': 'gzip, deflate', 'Accept': '*/*', 'Connection': 'keep-alive'} 
 body=None 
 </msg>
<msg time="2024-07-11T22:14:14.384709" level="INFO">GET Response : url=https://randomuser.me/api 
 status=200, reason=OK 
 headers={'Date': 'Thu, 11 Jul 2024 22:14:14 GMT', 'Content-Type': 'application/json; charset=utf-8', 'Transfer-Encoding': 'chunked', 'Connection': 'keep-alive', 'X-Powered-By': 'Express', 'Access-Control-Allow-Origin': '*', 'Cache-Control': 'no-cache', 'ETag': 'W/"484-1kdun53t8SJIEWXb8RliWyV3Rhw"', 'Vary': 'Accept-Encoding', 'Content-Encoding': 'gzip', 'CF-Cache-Status': 'DYNAMIC', 'Report-To': '{"endpoints":[{"url":"https:\\/\\/a.nel.cloudflare.com\\/report\\/v4?s=H5XwpqQl1p1tdAG33BKDo1stwJcBDWXCS%2Fk0p4UacnmfCjrPysUm9lTdPONMdw2JIkDbsyQf%2FrLUPnLn6jKV5ikjoEpCEgMGcvuaYi2BLyLLM2h8%2Bb6Hoig4sF1U51w9"}],"group":"cf-nel","max_age":604800}', 'NEL': '{"success_fraction":0,"report_to":"cf-nel","max_age":604800}', 'Server': 'cloudflare', 'CF-RAY': '8a1c25335c931775-IAD', 'alt-svc': 'h3=":443"; ma=86400'} 
 body={"results":[{"gender":"female","name":{"title":"Miss","first":"Petra","last":"Traub"},"location":{"street":{"number":1850,"name":"Grüner Weg"},"city":"Waldkappel","state":"Rheinland-Pfalz","country":"Germany","postcode":25570,"coordinates":{"latitude":"-52.5941","longitude":"5.8474"},"timezone":{"offset":"+5:45","description":"Kathmandu"}},"email":"petra.traub@example.com","login":{"uuid":"ce0b26ea-2fd6-48d1-9130-b304d59b964b","username":"angrypanda288","password":"chapman","salt":"81zIZeZg","md5":"345bdf1573c2923551508a9f5849382e","sha1":"a3ccd354d7827697285212d21cde13c16b1be6a0","sha256":"1c3b0707957085bba28925c652d9c05bc660a70a2215d7da6c4743b644d949f3"},"dob":{"date":"1948-01-20T16:21:03.078Z","age":76},"registered":{"date":"2007-05-12T06:34:53.593Z","age":17},"phone":"0356-5327660","cell":"0171-0787572","id":{"name":"SVNR","value":"38 200148 T 810"},"picture":{"large":"https://randomuser.me/api/portraits/women/81.jpg","medium":"https://randomuser.me/api/portraits/med/women/81.jpg","thumbnail":"https://randomuser.me/api/portraits/thumb/women/81.jpg"},"nat":"DE"}],"info":{"seed":"0327a451e013d006","results":1,"page":1,"version":"1.4"}} 
 </msg>
<msg time="2024-07-11T22:14:14.384842" level="INFO">/opt/hostedtoolcache/Python/3.12.4/x64/lib/python3.12/site-packages/urllib3/connectionpool.py:1099: InsecureRequestWarning: Unverified HTTPS request is being made to host 'randomuser.me'. Adding certificate verification is strongly advised. See: https://urllib3.readthedocs.io/en/latest/advanced-usage.html#tls-warnings
  warnings.warn(</msg>
<msg time="2024-07-11T22:14:14.384996" level="INFO">${response} = &lt;Response [200]&gt;</msg>
<var>${response}</var>
<arg>consultarAPI</arg>
<arg>/api</arg>
<doc>Sends a GET request on a previously created HTTP Session.</doc>
<status status="PASS" start="2024-07-11T22:14:14.290396" elapsed="0.094648"/>
</kw>
<kw name="Set Variable" owner="BuiltIn">
<msg time="2024-07-11T22:14:14.386015" level="INFO">${json_data} = {'results': [{'gender': 'female', 'name': {'title': 'Miss', 'first': 'Petra', 'last': 'Traub'}, 'location': {'street': {'number': 1850, 'name': 'Grüner Weg'}, 'city': 'Waldkappel', 'state': 'Rheinland...</msg>
<var>${json_data}</var>
<arg>${response.json()}</arg>
<doc>Returns the given values which can then be assigned to a variables.</doc>
<status status="PASS" start="2024-07-11T22:14:14.385521" elapsed="0.000525"/>
</kw>
<kw name="Log" owner="BuiltIn">
<msg time="2024-07-11T22:14:14.386522" level="INFO">{'results': [{'gender': 'female', 'name': {'title': 'Miss', 'first': 'Petra', 'last': 'Traub'}, 'location': {'street': {'number': 1850, 'name': 'Grüner Weg'}, 'city': 'Waldkappel', 'state': 'Rheinland-Pfalz', 'country': 'Germany', 'postcode': 25570, 'coordinates': {'latitude': '-52.5941', 'longitude': '5.8474'}, 'timezone': {'offset': '+5:45', 'description': 'Kathmandu'}}, 'email': 'petra.traub@example.com', 'login': {'uuid': 'ce0b26ea-2fd6-48d1-9130-b304d59b964b', 'username': 'angrypanda288', 'password': 'chapman', 'salt': '81zIZeZg', 'md5': '345bdf1573c2923551508a9f5849382e', 'sha1': 'a3ccd354d7827697285212d21cde13c16b1be6a0', 'sha256': '1c3b0707957085bba28925c652d9c05bc660a70a2215d7da6c4743b644d949f3'}, 'dob': {'date': '1948-01-20T16:21:03.078Z', 'age': 76}, 'registered': {'date': '2007-05-12T06:34:53.593Z', 'age': 17}, 'phone': '0356-5327660', 'cell': '0171-0787572', 'id': {'name': 'SVNR', 'value': '38 200148 T 810'}, 'picture': {'large': 'https://randomuser.me/api/portraits/women/81.jpg', 'medium': 'https://randomuser.me/api/portraits/med/women/81.jpg', 'thumbnail': 'https://randomuser.me/api/portraits/thumb/women/81.jpg'}, 'nat': 'DE'}], 'info': {'seed': '0327a451e013d006', 'results': 1, 'page': 1, 'version': '1.4'}}</msg>
<arg>${json_data}</arg>
<doc>Logs the given message with the given level.</doc>
<status status="PASS" start="2024-07-11T22:14:14.386358" elapsed="0.000217"/>
</kw>
<kw name="Dictionary Should Contain Key" owner="Collections">
<arg>${json_data}</arg>
<arg>results</arg>
<doc>Fails if ``key`` is not found from ``dictionary``.</doc>
<status status="PASS" start="2024-07-11T22:14:14.386917" elapsed="0.000169"/>
</kw>
<kw name="Should Not Be Empty" owner="BuiltIn">
<msg time="2024-07-11T22:14:14.387404" level="INFO">Length is 2.</msg>
<arg>${json_data}</arg>
<doc>Verifies that the given item is not empty.</doc>
<status status="PASS" start="2024-07-11T22:14:14.387277" elapsed="0.000166"/>
</kw>
<kw name="Create List" owner="BuiltIn">
<msg time="2024-07-11T22:14:14.387896" level="INFO">${expected_keys} = ['gender', 'name', 'location', 'email', 'login']</msg>
<var>${expected_keys}</var>
<arg>gender</arg>
<arg>name</arg>
<arg>location</arg>
<arg>email</arg>
<arg>login</arg>
<doc>Returns a list containing given items.</doc>
<status status="PASS" start="2024-07-11T22:14:14.387746" elapsed="0.000175"/>
</kw>
<for flavor="IN">
<iter>
<kw name="Dictionary Should Contain Key" owner="Collections">
<arg>${json_data['results'][0]}</arg>
<arg>${key}</arg>
<doc>Fails if ``key`` is not found from ``dictionary``.</doc>
<status status="PASS" start="2024-07-11T22:14:14.388657" elapsed="0.000421"/>
</kw>
<kw name="Log" owner="BuiltIn">
<msg time="2024-07-11T22:14:14.389628" level="INFO">{'gender': 'female', 'name': {'title': 'Miss', 'first': 'Petra', 'last': 'Traub'}, 'location': {'street': {'number': 1850, 'name': 'Grüner Weg'}, 'city': 'Waldkappel', 'state': 'Rheinland-Pfalz', 'country': 'Germany', 'postcode': 25570, 'coordinates': {'latitude': '-52.5941', 'longitude': '5.8474'}, 'timezone': {'offset': '+5:45', 'description': 'Kathmandu'}}, 'email': 'petra.traub@example.com', 'login': {'uuid': 'ce0b26ea-2fd6-48d1-9130-b304d59b964b', 'username': 'angrypanda288', 'password': 'chapman', 'salt': '81zIZeZg', 'md5': '345bdf1573c2923551508a9f5849382e', 'sha1': 'a3ccd354d7827697285212d21cde13c16b1be6a0', 'sha256': '1c3b0707957085bba28925c652d9c05bc660a70a2215d7da6c4743b644d949f3'}, 'dob': {'date': '1948-01-20T16:21:03.078Z', 'age': 76}, 'registered': {'date': '2007-05-12T06:34:53.593Z', 'age': 17}, 'phone': '0356-5327660', 'cell': '0171-0787572', 'id': {'name': 'SVNR', 'value': '38 200148 T 810'}, 'picture': {'large': 'https://randomuser.me/api/portraits/women/81.jpg', 'medium': 'https://randomuser.me/api/portraits/med/women/81.jpg', 'thumbnail': 'https://randomuser.me/api/portraits/thumb/women/81.jpg'}, 'nat': 'DE'}</msg>
<arg>${json_data['results'][0]}</arg>
<doc>Logs the given message with the given level.</doc>
<status status="PASS" start="2024-07-11T22:14:14.389271" elapsed="0.000410"/>
</kw>
<kw name="Log" owner="BuiltIn">
<msg time="2024-07-11T22:14:14.390116" level="INFO">gender</msg>
<arg>${key}</arg>
<doc>Logs the given message with the given level.</doc>
<status status="PASS" start="2024-07-11T22:14:14.389987" elapsed="0.000168"/>
</kw>
<var name="${key}">gender</var>
<status status="PASS" start="2024-07-11T22:14:14.388535" elapsed="0.001842"/>
</iter>
<iter>
<kw name="Dictionary Should Contain Key" owner="Collections">
<arg>${json_data['results'][0]}</arg>
<arg>${key}</arg>
<doc>Fails if ``key`` is not found from ``dictionary``.</doc>
<status status="PASS" start="2024-07-11T22:14:14.390705" elapsed="0.000400"/>
</kw>
<kw name="Log" owner="BuiltIn">
<msg time="2024-07-11T22:14:14.391647" level="INFO">{'gender': 'female', 'name': {'title': 'Miss', 'first': 'Petra', 'last': 'Traub'}, 'location': {'street': {'number': 1850, 'name': 'Grüner Weg'}, 'city': 'Waldkappel', 'state': 'Rheinland-Pfalz', 'country': 'Germany', 'postcode': 25570, 'coordinates': {'latitude': '-52.5941', 'longitude': '5.8474'}, 'timezone': {'offset': '+5:45', 'description': 'Kathmandu'}}, 'email': 'petra.traub@example.com', 'login': {'uuid': 'ce0b26ea-2fd6-48d1-9130-b304d59b964b', 'username': 'angrypanda288', 'password': 'chapman', 'salt': '81zIZeZg', 'md5': '345bdf1573c2923551508a9f5849382e', 'sha1': 'a3ccd354d7827697285212d21cde13c16b1be6a0', 'sha256': '1c3b0707957085bba28925c652d9c05bc660a70a2215d7da6c4743b644d949f3'}, 'dob': {'date': '1948-01-20T16:21:03.078Z', 'age': 76}, 'registered': {'date': '2007-05-12T06:34:53.593Z', 'age': 17}, 'phone': '0356-5327660', 'cell': '0171-0787572', 'id': {'name': 'SVNR', 'value': '38 200148 T 810'}, 'picture': {'large': 'https://randomuser.me/api/portraits/women/81.jpg', 'medium': 'https://randomuser.me/api/portraits/med/women/81.jpg', 'thumbnail': 'https://randomuser.me/api/portraits/thumb/women/81.jpg'}, 'nat': 'DE'}</msg>
<arg>${json_data['results'][0]}</arg>
<doc>Logs the given message with the given level.</doc>
<status status="PASS" start="2024-07-11T22:14:14.391290" elapsed="0.000441"/>
</kw>
<kw name="Log" owner="BuiltIn">
<msg time="2024-07-11T22:14:14.392172" level="INFO">name</msg>
<arg>${key}</arg>
<doc>Logs the given message with the given level.</doc>
<status status="PASS" start="2024-07-11T22:14:14.392042" elapsed="0.000169"/>
</kw>
<var name="${key}">name</var>
<status status="PASS" start="2024-07-11T22:14:14.390571" elapsed="0.001861"/>
</iter>
<iter>
<kw name="Dictionary Should Contain Key" owner="Collections">
<arg>${json_data['results'][0]}</arg>
<arg>${key}</arg>
<doc>Fails if ``key`` is not found from ``dictionary``.</doc>
<status status="PASS" start="2024-07-11T22:14:14.392725" elapsed="0.000441"/>
</kw>
<kw name="Log" owner="BuiltIn">
<msg time="2024-07-11T22:14:14.393716" level="INFO">{'gender': 'female', 'name': {'title': 'Miss', 'first': 'Petra', 'last': 'Traub'}, 'location': {'street': {'number': 1850, 'name': 'Grüner Weg'}, 'city': 'Waldkappel', 'state': 'Rheinland-Pfalz', 'country': 'Germany', 'postcode': 25570, 'coordinates': {'latitude': '-52.5941', 'longitude': '5.8474'}, 'timezone': {'offset': '+5:45', 'description': 'Kathmandu'}}, 'email': 'petra.traub@example.com', 'login': {'uuid': 'ce0b26ea-2fd6-48d1-9130-b304d59b964b', 'username': 'angrypanda288', 'password': 'chapman', 'salt': '81zIZeZg', 'md5': '345bdf1573c2923551508a9f5849382e', 'sha1': 'a3ccd354d7827697285212d21cde13c16b1be6a0', 'sha256': '1c3b0707957085bba28925c652d9c05bc660a70a2215d7da6c4743b644d949f3'}, 'dob': {'date': '1948-01-20T16:21:03.078Z', 'age': 76}, 'registered': {'date': '2007-05-12T06:34:53.593Z', 'age': 17}, 'phone': '0356-5327660', 'cell': '0171-0787572', 'id': {'name': 'SVNR', 'value': '38 200148 T 810'}, 'picture': {'large': 'https://randomuser.me/api/portraits/women/81.jpg', 'medium': 'https://randomuser.me/api/portraits/med/women/81.jpg', 'thumbnail': 'https://randomuser.me/api/portraits/thumb/women/81.jpg'}, 'nat': 'DE'}</msg>
<arg>${json_data['results'][0]}</arg>
<doc>Logs the given message with the given level.</doc>
<status status="PASS" start="2024-07-11T22:14:14.393357" elapsed="0.000411"/>
</kw>
<kw name="Log" owner="BuiltIn">
<msg time="2024-07-11T22:14:14.394210" level="INFO">location</msg>
<arg>${key}</arg>
<doc>Logs the given message with the given level.</doc>
<status status="PASS" start="2024-07-11T22:14:14.394078" elapsed="0.000172"/>
</kw>
<var name="${key}">location</var>
<status status="PASS" start="2024-07-11T22:14:14.392616" elapsed="0.001855"/>
</iter>
<iter>
<kw name="Dictionary Should Contain Key" owner="Collections">
<arg>${json_data['results'][0]}</arg>
<arg>${key}</arg>
<doc>Fails if ``key`` is not found from ``dictionary``.</doc>
<status status="PASS" start="2024-07-11T22:14:14.394783" elapsed="0.000382"/>
</kw>
<kw name="Log" owner="BuiltIn">
<msg time="2024-07-11T22:14:14.395706" level="INFO">{'gender': 'female', 'name': {'title': 'Miss', 'first': 'Petra', 'last': 'Traub'}, 'location': {'street': {'number': 1850, 'name': 'Grüner Weg'}, 'city': 'Waldkappel', 'state': 'Rheinland-Pfalz', 'country': 'Germany', 'postcode': 25570, 'coordinates': {'latitude': '-52.5941', 'longitude': '5.8474'}, 'timezone': {'offset': '+5:45', 'description': 'Kathmandu'}}, 'email': 'petra.traub@example.com', 'login': {'uuid': 'ce0b26ea-2fd6-48d1-9130-b304d59b964b', 'username': 'angrypanda288', 'password': 'chapman', 'salt': '81zIZeZg', 'md5': '345bdf1573c2923551508a9f5849382e', 'sha1': 'a3ccd354d7827697285212d21cde13c16b1be6a0', 'sha256': '1c3b0707957085bba28925c652d9c05bc660a70a2215d7da6c4743b644d949f3'}, 'dob': {'date': '1948-01-20T16:21:03.078Z', 'age': 76}, 'registered': {'date': '2007-05-12T06:34:53.593Z', 'age': 17}, 'phone': '0356-5327660', 'cell': '0171-0787572', 'id': {'name': 'SVNR', 'value': '38 200148 T 810'}, 'picture': {'large': 'https://randomuser.me/api/portraits/women/81.jpg', 'medium': 'https://randomuser.me/api/portraits/med/women/81.jpg', 'thumbnail': 'https://randomuser.me/api/portraits/thumb/women/81.jpg'}, 'nat': 'DE'}</msg>
<arg>${json_data['results'][0]}</arg>
<doc>Logs the given message with the given level.</doc>
<status status="PASS" start="2024-07-11T22:14:14.395350" elapsed="0.000408"/>
</kw>
<kw name="Log" owner="BuiltIn">
<msg time="2024-07-11T22:14:14.396192" level="INFO">email</msg>
<arg>${key}</arg>
<doc>Logs the given message with the given level.</doc>
<status status="PASS" start="2024-07-11T22:14:14.396064" elapsed="0.000168"/>
</kw>
<var name="${key}">email</var>
<status status="PASS" start="2024-07-11T22:14:14.394671" elapsed="0.001780"/>
</iter>
<iter>
<kw name="Dictionary Should Contain Key" owner="Collections">
<arg>${json_data['results'][0]}</arg>
<arg>${key}</arg>
<doc>Fails if ``key`` is not found from ``dictionary``.</doc>
<status status="PASS" start="2024-07-11T22:14:14.396741" elapsed="0.000395"/>
</kw>
<kw name="Log" owner="BuiltIn">
<msg time="2024-07-11T22:14:14.397671" level="INFO">{'gender': 'female', 'name': {'title': 'Miss', 'first': 'Petra', 'last': 'Traub'}, 'location': {'street': {'number': 1850, 'name': 'Grüner Weg'}, 'city': 'Waldkappel', 'state': 'Rheinland-Pfalz', 'country': 'Germany', 'postcode': 25570, 'coordinates': {'latitude': '-52.5941', 'longitude': '5.8474'}, 'timezone': {'offset': '+5:45', 'description': 'Kathmandu'}}, 'email': 'petra.traub@example.com', 'login': {'uuid': 'ce0b26ea-2fd6-48d1-9130-b304d59b964b', 'username': 'angrypanda288', 'password': 'chapman', 'salt': '81zIZeZg', 'md5': '345bdf1573c2923551508a9f5849382e', 'sha1': 'a3ccd354d7827697285212d21cde13c16b1be6a0', 'sha256': '1c3b0707957085bba28925c652d9c05bc660a70a2215d7da6c4743b644d949f3'}, 'dob': {'date': '1948-01-20T16:21:03.078Z', 'age': 76}, 'registered': {'date': '2007-05-12T06:34:53.593Z', 'age': 17}, 'phone': '0356-5327660', 'cell': '0171-0787572', 'id': {'name': 'SVNR', 'value': '38 200148 T 810'}, 'picture': {'large': 'https://randomuser.me/api/portraits/women/81.jpg', 'medium': 'https://randomuser.me/api/portraits/med/women/81.jpg', 'thumbnail': 'https://randomuser.me/api/portraits/thumb/women/81.jpg'}, 'nat': 'DE'}</msg>
<arg>${json_data['results'][0]}</arg>
<doc>Logs the given message with the given level.</doc>
<status status="PASS" start="2024-07-11T22:14:14.397321" elapsed="0.000401"/>
</kw>
<kw name="Log" owner="BuiltIn">
<msg time="2024-07-11T22:14:14.398147" level="INFO">login</msg>
<arg>${key}</arg>
<doc>Logs the given message with the given level.</doc>
<status status="PASS" start="2024-07-11T22:14:14.398019" elapsed="0.000167"/>
</kw>
<var name="${key}">login</var>
<status status="PASS" start="2024-07-11T22:14:14.396628" elapsed="0.001781"/>
</iter>
<var>${key}</var>
<value>@{expected_keys}</value>
<status status="PASS" start="2024-07-11T22:14:14.388341" elapsed="0.010195"/>
</for>
<kw name="Create List" owner="BuiltIn">
<msg time="2024-07-11T22:14:14.398904" level="INFO">${expected_keysTwo} = ['username', 'password']</msg>
<var>${expected_keysTwo}</var>
<arg>username</arg>
<arg>password</arg>
<doc>Returns a list containing given items.</doc>
<status status="PASS" start="2024-07-11T22:14:14.398764" elapsed="0.000166"/>
</kw>
<for flavor="IN">
<iter>
<kw name="Dictionary Should Contain Key" owner="Collections">
<arg>${json_data['results'][0]['login']}</arg>
<arg>${keyTwo}</arg>
<doc>Fails if ``key`` is not found from ``dictionary``.</doc>
<status status="PASS" start="2024-07-11T22:14:14.399474" elapsed="0.000385"/>
</kw>
<kw name="Dictionary Should Contain Key" owner="Collections">
<arg>${json_data['results'][0]['login']}</arg>
<arg>${keyTwo}</arg>
<doc>Fails if ``key`` is not found from ``dictionary``.</doc>
<status status="PASS" start="2024-07-11T22:14:14.400047" elapsed="0.000382"/>
</kw>
<kw name="Log" owner="BuiltIn">
<msg time="2024-07-11T22:14:14.400741" level="INFO">username</msg>
<arg>${keyTwo}</arg>
<doc>Logs the given message with the given level.</doc>
<status status="PASS" start="2024-07-11T22:14:14.400617" elapsed="0.000164"/>
</kw>
<var name="${keyTwo}">username</var>
<status status="PASS" start="2024-07-11T22:14:14.399364" elapsed="0.001648"/>
</iter>
<iter>
<kw name="Dictionary Should Contain Key" owner="Collections">
<arg>${json_data['results'][0]['login']}</arg>
<arg>${keyTwo}</arg>
<doc>Fails if ``key`` is not found from ``dictionary``.</doc>
<status status="PASS" start="2024-07-11T22:14:14.401298" elapsed="0.000387"/>
</kw>
<kw name="Dictionary Should Contain Key" owner="Collections">
<arg>${json_data['results'][0]['login']}</arg>
<arg>${keyTwo}</arg>
<doc>Fails if ``key`` is not found from ``dictionary``.</doc>
<status status="PASS" start="2024-07-11T22:14:14.401867" elapsed="0.000371"/>
</kw>
<kw name="Log" owner="BuiltIn">
<msg time="2024-07-11T22:14:14.402538" level="INFO">password</msg>
<arg>${keyTwo}</arg>
<doc>Logs the given message with the given level.</doc>
<status status="PASS" start="2024-07-11T22:14:14.402418" elapsed="0.000163"/>
</kw>
<var name="${keyTwo}">password</var>
<status status="PASS" start="2024-07-11T22:14:14.401190" elapsed="0.001645"/>
</iter>
<var>${keyTwo}</var>
<value>@{expected_keysTwo}</value>
<status status="PASS" start="2024-07-11T22:14:14.399204" elapsed="0.003752"/>
</for>
<status status="PASS" start="2024-07-11T22:14:14.290160" elapsed="0.112950"/>
</kw>
<doc>Testa a estrutura da resposta da API.</doc>
<tag>testeEstruturaResposta</tag>
<status status="PASS" start="2024-07-11T22:14:14.289574" elapsed="0.113698"/>
</test>
<test id="s1-s1-t4" name="Validar tipos de dados" line="28">
<kw name="Teste de Tipos de Dados" owner="random-user-service">
<kw name="GET On Session" owner="RequestsLibrary">
<msg time="2024-07-11T22:14:14.489508" level="INFO">GET Request : url=https://randomuser.me/api 
 path_url=/api 
 headers={'User-Agent': 'python-requests/2.32.3', 'Accept-Encoding': 'gzip, deflate', 'Accept': '*/*', 'Connection': 'keep-alive'} 
 body=None 
 </msg>
<msg time="2024-07-11T22:14:14.489616" level="INFO">GET Response : url=https://randomuser.me/api 
 status=200, reason=OK 
 headers={'Date': 'Thu, 11 Jul 2024 22:14:14 GMT', 'Content-Type': 'application/json; charset=utf-8', 'Transfer-Encoding': 'chunked', 'Connection': 'keep-alive', 'X-Powered-By': 'Express', 'Access-Control-Allow-Origin': '*', 'Cache-Control': 'no-cache', 'ETag': 'W/"498-Hy6JCZRFOiDQo6e+Q58rCG9fKTQ"', 'Vary': 'Accept-Encoding', 'Content-Encoding': 'gzip', 'CF-Cache-Status': 'DYNAMIC', 'Report-To': '{"endpoints":[{"url":"https:\\/\\/a.nel.cloudflare.com\\/report\\/v4?s=NClAobe9F41oC2m3lf7ISybiZ6e%2BtkpAgAxMCt0LNunQHPNLN%2FxuLvTuZzJ9m8bReMujYbegQnfFhB1rZGywh%2Fbyr4mwNII2oJYSz%2FHnZHddAh6hrmtiuGrU6BjkYvkM"}],"group":"cf-nel","max_age":604800}', 'NEL': '{"success_fraction":0,"report_to":"cf-nel","max_age":604800}', 'Server': 'cloudflare', 'CF-RAY': '8a1c25340d031775-IAD', 'alt-svc': 'h3=":443"; ma=86400'} 
 body={"results":[{"gender":"male","name":{"title":"Mr","first":"Silvano","last":"Rico"},"location":{"street":{"number":5735,"name":"Circuito Durango"},"city":"Esperanza","state":"Veracruz","country":"Mexico","postcode":14974,"coordinates":{"latitude":"23.3926","longitude":"-129.2701"},"timezone":{"offset":"+4:00","description":"Abu Dhabi, Muscat, Baku, Tbilisi"}},"email":"silvano.rico@example.com","login":{"uuid":"eba954e0-b3cc-4c2a-a7b7-631a36754935","username":"silverladybug442","password":"just4fun","salt":"SnYWVkMy","md5":"d67874f32b1aa3e9ecdbec53bd343f7b","sha1":"bc7a5aba1a2cc847d3333b936b5d6f134e2a7cd3","sha256":"c7047f1f73cd6762e9703d69c30613c8e5402858cf888e409cf41bfa1983a6d9"},"dob":{"date":"1956-12-28T10:11:29.500Z","age":67},"registered":{"date":"2004-01-04T14:58:40.279Z","age":20},"phone":"(623) 433 5138","cell":"(638) 134 7531","id":{"name":"NSS","value":"42 99 78 3124 6"},"picture":{"large":"https://randomuser.me/api/portraits/men/64.jpg","medium":"https://randomuser.me/api/portraits/med/men/64.jpg","thumbnail":"https://randomuser.me/api/portraits/thumb/men/64.jpg"},"nat":"MX"}],"info":{"seed":"bfba9cd5e95013c9","results":1,"page":1,"version":"1.4"}} 
 </msg>
<msg time="2024-07-11T22:14:14.489688" level="INFO">/opt/hostedtoolcache/Python/3.12.4/x64/lib/python3.12/site-packages/urllib3/connectionpool.py:1099: InsecureRequestWarning: Unverified HTTPS request is being made to host 'randomuser.me'. Adding certificate verification is strongly advised. See: https://urllib3.readthedocs.io/en/latest/advanced-usage.html#tls-warnings
  warnings.warn(</msg>
<msg time="2024-07-11T22:14:14.489828" level="INFO">${response} = &lt;Response [200]&gt;</msg>
<var>${response}</var>
<arg>consultarAPI</arg>
<arg>/api</arg>
<doc>Sends a GET request on a previously created HTTP Session.</doc>
<status status="PASS" start="2024-07-11T22:14:14.405923" elapsed="0.083949"/>
</kw>
<kw name="Set Variable" owner="BuiltIn">
<msg time="2024-07-11T22:14:14.491050" level="INFO">${json_data} = {'results': [{'gender': 'male', 'name': {'title': 'Mr', 'first': 'Silvano', 'last': 'Rico'}, 'location': {'street': {'number': 5735, 'name': 'Circuito Durango'}, 'city': 'Esperanza', 'state': 'Veracru...</msg>
<var>${json_data}</var>
<arg>${response.json()}</arg>
<doc>Returns the given values which can then be assigned to a variables.</doc>
<status status="PASS" start="2024-07-11T22:14:14.490456" elapsed="0.000625"/>
</kw>
<kw name="Log" owner="BuiltIn">
<msg time="2024-07-11T22:14:14.491585" level="INFO">{'results': [{'gender': 'male', 'name': {'title': 'Mr', 'first': 'Silvano', 'last': 'Rico'}, 'location': {'street': {'number': 5735, 'name': 'Circuito Durango'}, 'city': 'Esperanza', 'state': 'Veracruz', 'country': 'Mexico', 'postcode': 14974, 'coordinates': {'latitude': '23.3926', 'longitude': '-129.2701'}, 'timezone': {'offset': '+4:00', 'description': 'Abu Dhabi, Muscat, Baku, Tbilisi'}}, 'email': 'silvano.rico@example.com', 'login': {'uuid': 'eba954e0-b3cc-4c2a-a7b7-631a36754935', 'username': 'silverladybug442', 'password': 'just4fun', 'salt': 'SnYWVkMy', 'md5': 'd67874f32b1aa3e9ecdbec53bd343f7b', 'sha1': 'bc7a5aba1a2cc847d3333b936b5d6f134e2a7cd3', 'sha256': 'c7047f1f73cd6762e9703d69c30613c8e5402858cf888e409cf41bfa1983a6d9'}, 'dob': {'date': '1956-12-28T10:11:29.500Z', 'age': 67}, 'registered': {'date': '2004-01-04T14:58:40.279Z', 'age': 20}, 'phone': '(623) 433 5138', 'cell': '(638) 134 7531', 'id': {'name': 'NSS', 'value': '42 99 78 3124 6'}, 'picture': {'large': 'https://randomuser.me/api/portraits/men/64.jpg', 'medium': 'https://randomuser.me/api/portraits/med/men/64.jpg', 'thumbnail': 'https://randomuser.me/api/portraits/thumb/men/64.jpg'}, 'nat': 'MX'}], 'info': {'seed': 'bfba9cd5e95013c9', 'results': 1, 'page': 1, 'version': '1.4'}}</msg>
<arg>${json_data}</arg>
<doc>Logs the given message with the given level.</doc>
<status status="PASS" start="2024-07-11T22:14:14.491422" elapsed="0.000210"/>
</kw>
<kw name="Should Be String" owner="String">
<arg>${json_data['results'][0]['gender']}</arg>
<doc>Fails if the given ``item`` is not a string.</doc>
<status status="PASS" start="2024-07-11T22:14:14.491926" elapsed="0.000365"/>
</kw>
<kw name="Should Match Regexp" owner="BuiltIn">
<arg>${json_data['results'][0]['email']}</arg>
<arg>^[a-zA-Z0-9._%+-]+@[a-zA-Z0-9.-]+\.[a-zA-Z]{2,}$</arg>
<doc>Fails if ``string`` does not match ``pattern`` as a regular expression.</doc>
<status status="PASS" start="2024-07-11T22:14:14.492484" elapsed="0.000632"/>
</kw>
<kw name="Should Match Regexp" owner="BuiltIn">
<arg>${json_data['results'][0]['dob']['date']}</arg>
<arg>\\d{4}-\\d{2}-\\d{2}T\\d{2}:\\d{2}:\\d{2}\\.\\d{3}Z</arg>
<doc>Fails if ``string`` does not match ``pattern`` as a regular expression.</doc>
<status status="PASS" start="2024-07-11T22:14:14.493404" elapsed="0.000590"/>
</kw>
<kw name="Should Match Regexp" owner="BuiltIn">
<arg>${json_data['results'][0]['registered']['date']}</arg>
<arg>\\d{4}-\\d{2}-\\d{2}T\\d{2}:\\d{2}:\\d{2}\\.\\d{3}Z</arg>
<doc>Fails if ``string`` does not match ``pattern`` as a regular expression.</doc>
<status status="PASS" start="2024-07-11T22:14:14.494237" elapsed="0.000485"/>
</kw>
<kw name="Should Match Regexp" owner="BuiltIn">
<arg>${json_data['results'][0]['picture']['large']}</arg>
<arg>^https?://.*\.(?:png|jpe?g|gif|bmp)$</arg>
<doc>Fails if ``string`` does not match ``pattern`` as a regular expression.</doc>
<status status="PASS" start="2024-07-11T22:14:14.494960" elapsed="0.000499"/>
</kw>
<kw name="Should Match Regexp" owner="BuiltIn">
<arg>${json_data['results'][0]['picture']['medium']}</arg>
<arg>^https?://.*\.(?:png|jpe?g|gif|bmp)$</arg>
<doc>Fails if ``string`` does not match ``pattern`` as a regular expression.</doc>
<status status="PASS" start="2024-07-11T22:14:14.495653" elapsed="0.000358"/>
</kw>
<kw name="Should Match Regexp" owner="BuiltIn">
<arg>${json_data['results'][0]['picture']['thumbnail']}</arg>
<arg>^https?://.*\.(?:png|jpe?g|gif|bmp)$</arg>
<doc>Fails if ``string`` does not match ``pattern`` as a regular expression.</doc>
<status status="PASS" start="2024-07-11T22:14:14.496197" elapsed="0.000406"/>
</kw>
<kw name="Log" owner="BuiltIn">
<msg time="2024-07-11T22:14:14.497135" level="INFO">{'large': 'https://randomuser.me/api/portraits/men/64.jpg', 'medium': 'https://randomuser.me/api/portraits/med/men/64.jpg', 'thumbnail': 'https://randomuser.me/api/portraits/thumb/men/64.jpg'}</msg>
<arg>${json_data['results'][0]['picture']}</arg>
<doc>Logs the given message with the given level.</doc>
<status status="PASS" start="2024-07-11T22:14:14.496800" elapsed="0.000381"/>
</kw>
<status status="PASS" start="2024-07-11T22:14:14.405689" elapsed="0.091785"/>
</kw>
<kw name="Teste de Tipos de Dados - Postcode" owner="random-user-service">
<kw name="GET On Session" owner="RequestsLibrary">
<msg time="2024-07-11T22:14:14.588977" level="INFO">GET Request : url=https://randomuser.me/api 
 path_url=/api 
 headers={'User-Agent': 'python-requests/2.32.3', 'Accept-Encoding': 'gzip, deflate', 'Accept': '*/*', 'Connection': 'keep-alive'} 
 body=None 
 </msg>
<msg time="2024-07-11T22:14:14.589081" level="INFO">GET Response : url=https://randomuser.me/api 
 status=200, reason=OK 
 headers={'Date': 'Thu, 11 Jul 2024 22:14:14 GMT', 'Content-Type': 'application/json; charset=utf-8', 'Transfer-Encoding': 'chunked', 'Connection': 'keep-alive', 'X-Powered-By': 'Express', 'Access-Control-Allow-Origin': '*', 'Cache-Control': 'no-cache', 'ETag': 'W/"47c-C6p1w5nAx6QyztSUAaswuVKtejg"', 'Vary': 'Accept-Encoding', 'Content-Encoding': 'gzip', 'CF-Cache-Status': 'DYNAMIC', 'Report-To': '{"endpoints":[{"url":"https:\\/\\/a.nel.cloudflare.com\\/report\\/v4?s=OHoD%2FePMc82IJBKLLl2flZnEpVm2%2BjOUPspG3vJvtYhrNYzM3yB1n34hA6dsw3e0zjdA%2Bqi2eipO5evw2sHCOEJ7sTVwQiI1eGETZSHmBX8IvNszSkfGPkQZi4T2zNwy"}],"group":"cf-nel","max_age":604800}', 'NEL': '{"success_fraction":0,"report_to":"cf-nel","max_age":604800}', 'Server': 'cloudflare', 'CF-RAY': '8a1c2534ad721775-IAD', 'alt-svc': 'h3=":443"; ma=86400'} 
 body={"results":[{"gender":"female","name":{"title":"Mrs","first":"Isabel","last":"Walker"},"location":{"street":{"number":1002,"name":"Rangitikei Street"},"city":"Lower Hutt","state":"Auckland","country":"New Zealand","postcode":78912,"coordinates":{"latitude":"50.9495","longitude":"172.1882"},"timezone":{"offset":"-9:00","description":"Alaska"}},"email":"isabel.walker@example.com","login":{"uuid":"6c711b60-c643-4039-87c9-3cc1614a0302","username":"purpleduck823","password":"rush2112","salt":"xpmapLtC","md5":"eb8bf8d7029376211bac90b406b42881","sha1":"518a266bf98f3eab28c8a2ad8a01172567f3d105","sha256":"ee7afabe643a96feba30aadbcce1acf0c13f5b0412abe298b5dad5ed67693c6a"},"dob":{"date":"1988-01-18T14:22:36.561Z","age":36},"registered":{"date":"2004-01-29T12:03:08.515Z","age":20},"phone":"(136)-020-1623","cell":"(332)-819-0739","id":{"name":"","value":null},"picture":{"large":"https://randomuser.me/api/portraits/women/40.jpg","medium":"https://randomuser.me/api/portraits/med/women/40.jpg","thumbnail":"https://randomuser.me/api/portraits/thumb/women/40.jpg"},"nat":"NZ"}],"info":{"seed":"46b7b17495de295e","results":1,"page":1,"version":"1.4"}} 
 </msg>
<msg time="2024-07-11T22:14:14.589156" level="INFO">/opt/hostedtoolcache/Python/3.12.4/x64/lib/python3.12/site-packages/urllib3/connectionpool.py:1099: InsecureRequestWarning: Unverified HTTPS request is being made to host 'randomuser.me'. Adding certificate verification is strongly advised. See: https://urllib3.readthedocs.io/en/latest/advanced-usage.html#tls-warnings
  warnings.warn(</msg>
<msg time="2024-07-11T22:14:14.589290" level="INFO">${response} = &lt;Response [200]&gt;</msg>
<var>${response}</var>
<arg>consultarAPI</arg>
<arg>/api</arg>
<doc>Sends a GET request on a previously created HTTP Session.</doc>
<status status="PASS" start="2024-07-11T22:14:14.497943" elapsed="0.091388"/>
</kw>
<kw name="Set Variable" owner="BuiltIn">
<msg time="2024-07-11T22:14:14.590563" level="INFO">${json_data} = {'results': [{'gender': 'female', 'name': {'title': 'Mrs', 'first': 'Isabel', 'last': 'Walker'}, 'location': {'street': {'number': 1002, 'name': 'Rangitikei Street'}, 'city': 'Lower Hutt', 'state': 'A...</msg>
<var>${json_data}</var>
<arg>${response.json()}</arg>
<doc>Returns the given values which can then be assigned to a variables.</doc>
<status status="PASS" start="2024-07-11T22:14:14.589973" elapsed="0.000620"/>
</kw>
<kw name="Log" owner="BuiltIn">
<msg time="2024-07-11T22:14:14.591132" level="INFO">{'results': [{'gender': 'female', 'name': {'title': 'Mrs', 'first': 'Isabel', 'last': 'Walker'}, 'location': {'street': {'number': 1002, 'name': 'Rangitikei Street'}, 'city': 'Lower Hutt', 'state': 'Auckland', 'country': 'New Zealand', 'postcode': 78912, 'coordinates': {'latitude': '50.9495', 'longitude': '172.1882'}, 'timezone': {'offset': '-9:00', 'description': 'Alaska'}}, 'email': 'isabel.walker@example.com', 'login': {'uuid': '6c711b60-c643-4039-87c9-3cc1614a0302', 'username': 'purpleduck823', 'password': 'rush2112', 'salt': 'xpmapLtC', 'md5': 'eb8bf8d7029376211bac90b406b42881', 'sha1': '518a266bf98f3eab28c8a2ad8a01172567f3d105', 'sha256': 'ee7afabe643a96feba30aadbcce1acf0c13f5b0412abe298b5dad5ed67693c6a'}, 'dob': {'date': '1988-01-18T14:22:36.561Z', 'age': 36}, 'registered': {'date': '2004-01-29T12:03:08.515Z', 'age': 20}, 'phone': '(136)-020-1623', 'cell': '(332)-819-0739', 'id': {'name': '', 'value': None}, 'picture': {'large': 'https://randomuser.me/api/portraits/women/40.jpg', 'medium': 'https://randomuser.me/api/portraits/med/women/40.jpg', 'thumbnail': 'https://randomuser.me/api/portraits/thumb/women/40.jpg'}, 'nat': 'NZ'}], 'info': {'seed': '46b7b17495de295e', 'results': 1, 'page': 1, 'version': '1.4'}}</msg>
<arg>${json_data}</arg>
<doc>Logs the given message with the given level.</doc>
<status status="PASS" start="2024-07-11T22:14:14.590973" elapsed="0.000207"/>
</kw>
<kw name="Should Be Equal As Numbers" owner="BuiltIn">
<arg>${json_data['results'][0]['location']['postcode']}</arg>
<arg>${json_data['results'][0]['location']['postcode']}</arg>
<doc>Fails if objects are unequal after converting them to real numbers.</doc>
<status status="PASS" start="2024-07-11T22:14:14.591483" elapsed="0.000626"/>
</kw>
<kw name="Log" owner="BuiltIn">
<msg time="2024-07-11T22:14:14.592693" level="INFO">78912</msg>
<arg>${json_data['results'][0]['location']['postcode']}</arg>
<doc>Logs the given message with the given level.</doc>
<status status="PASS" start="2024-07-11T22:14:14.592337" elapsed="0.000398"/>
</kw>
<status status="PASS" start="2024-07-11T22:14:14.497709" elapsed="0.095340"/>
</kw>
<doc>Testa se os tipos de dados na resposta da API estão corretos.</doc>
<tag>testeTiposDados</tag>
<status status="PASS" start="2024-07-11T22:14:14.405059" elapsed="0.188172"/>
</test>
<test id="s1-s1-t5" name="Validar conteudo" line="35">
<kw name="Teste de Tipos de Conteudo" owner="random-user-service">
<kw name="GET On Session" owner="RequestsLibrary">
<msg time="2024-07-11T22:14:14.683782" level="INFO">GET Request : url=https://randomuser.me/api 
 path_url=/api 
 headers={'User-Agent': 'python-requests/2.32.3', 'Accept-Encoding': 'gzip, deflate', 'Accept': '*/*', 'Connection': 'keep-alive'} 
 body=None 
 </msg>
<msg time="2024-07-11T22:14:14.683898" level="INFO">GET Response : url=https://randomuser.me/api 
 status=200, reason=OK 
 headers={'Date': 'Thu, 11 Jul 2024 22:14:14 GMT', 'Content-Type': 'application/json; charset=utf-8', 'Transfer-Encoding': 'chunked', 'Connection': 'keep-alive', 'X-Powered-By': 'Express', 'Access-Control-Allow-Origin': '*', 'Cache-Control': 'no-cache', 'ETag': 'W/"498-09Sm1ExB6+8Yse1q6XDBaNuGRcI"', 'Vary': 'Accept-Encoding', 'Content-Encoding': 'gzip', 'CF-Cache-Status': 'DYNAMIC', 'Report-To': '{"endpoints":[{"url":"https:\\/\\/a.nel.cloudflare.com\\/report\\/v4?s=%2F6LL7jRSnecRgJTp1pNWsjc7ub2A%2FREJpixsA8fmu7OoQjScfNTXiwlTNGJ8NETDQ6lHNKhgPd7ldXNywQrCXNaxFshd1tPg4K7kIWvqBtlwoq%2F4uxIQZ9sv5QbNke7o"}],"group":"cf-nel","max_age":604800}', 'NEL': '{"success_fraction":0,"report_to":"cf-nel","max_age":604800}', 'Server': 'cloudflare', 'CF-RAY': '8a1c25353dee1775-IAD', 'alt-svc': 'h3=":443"; ma=86400'} 
 body={"results":[{"gender":"female","name":{"title":"Ms","first":"Mihaela","last":"Anđelić"},"location":{"street":{"number":4356,"name":"Filipa Hristića "},"city":"Šid","state":"Podunavlje","country":"Serbia","postcode":66401,"coordinates":{"latitude":"56.9076","longitude":"52.9198"},"timezone":{"offset":"+11:00","description":"Magadan, Solomon Islands, New Caledonia"}},"email":"mihaela.andelic@example.com","login":{"uuid":"80af63b8-ac62-42f9-96c1-353c892c119d","username":"bigdog389","password":"seadoo","salt":"Xyil0IZA","md5":"32d92725ae48c870eede9e5e4c96d605","sha1":"baddc73983a1d38c7b42e812385e45391eb894e9","sha256":"049da2f36c3be01fadc726b9bb85369812a90eb1f0c5afeb078f4fe9adaa0f02"},"dob":{"date":"1957-01-10T04:14:51.940Z","age":67},"registered":{"date":"2017-11-30T22:33:05.934Z","age":6},"phone":"021-7106-891","cell":"061-4494-268","id":{"name":"SID","value":"870597034"},"picture":{"large":"https://randomuser.me/api/portraits/women/49.jpg","medium":"https://randomuser.me/api/portraits/med/women/49.jpg","thumbnail":"https://randomuser.me/api/portraits/thumb/women/49.jpg"},"nat":"RS"}],"info":{"seed":"b263f37e90efa0a5","results":1,"page":1,"version":"1.4"}} 
 </msg>
<msg time="2024-07-11T22:14:14.684001" level="INFO">/opt/hostedtoolcache/Python/3.12.4/x64/lib/python3.12/site-packages/urllib3/connectionpool.py:1099: InsecureRequestWarning: Unverified HTTPS request is being made to host 'randomuser.me'. Adding certificate verification is strongly advised. See: https://urllib3.readthedocs.io/en/latest/advanced-usage.html#tls-warnings
  warnings.warn(</msg>
<msg time="2024-07-11T22:14:14.684122" level="INFO">${response} = &lt;Response [200]&gt;</msg>
<var>${response}</var>
<arg>consultarAPI</arg>
<arg>/api</arg>
<doc>Sends a GET request on a previously created HTTP Session.</doc>
<status status="PASS" start="2024-07-11T22:14:14.596152" elapsed="0.087998"/>
</kw>
<kw name="Set Variable" owner="BuiltIn">
<msg time="2024-07-11T22:14:14.685227" level="INFO">${json_data} = {'results': [{'gender': 'female', 'name': {'title': 'Ms', 'first': 'Mihaela', 'last': 'Anđelić'}, 'location': {'street': {'number': 4356, 'name': 'Filipa Hristića '}, 'city': 'Šid', 'state': 'Podunavl...</msg>
<var>${json_data}</var>
<arg>${response.json()}</arg>
<doc>Returns the given values which can then be assigned to a variables.</doc>
<status status="PASS" start="2024-07-11T22:14:14.684700" elapsed="0.000557"/>
</kw>
<kw name="Set Variable" owner="BuiltIn">
<msg time="2024-07-11T22:14:14.685951" level="INFO">${name_title} = Ms</msg>
<var>${name_title}</var>
<arg>${json_data["results"][0]["name"]["title"]}</arg>
<doc>Returns the given values which can then be assigned to a variables.</doc>
<status status="PASS" start="2024-07-11T22:14:14.685568" elapsed="0.000409"/>
</kw>
<kw name="Create List" owner="BuiltIn">
<msg time="2024-07-11T22:14:14.686428" level="INFO">${allowed_titles} = ['Mr', 'Ms', 'Miss', 'Mrs', 'Madame', 'Monsieur']</msg>
<var>${allowed_titles}</var>
<arg>Mr</arg>
<arg>Ms</arg>
<arg>Miss</arg>
<arg>Mrs</arg>
<arg>Madame</arg>
<arg>Monsieur</arg>
<doc>Returns a list containing given items.</doc>
<status status="PASS" start="2024-07-11T22:14:14.686278" elapsed="0.000175"/>
</kw>
<kw name="List Should Contain Value" owner="Collections">
<arg>${allowed_titles}</arg>
<arg>${name_title}</arg>
<doc>Fails if the ``value`` is not found from ``list``.</doc>
<status status="PASS" start="2024-07-11T22:14:14.686801" elapsed="0.000185"/>
</kw>
<kw name="Set Variable" owner="BuiltIn">
<msg time="2024-07-11T22:14:14.687539" level="INFO">${name_country} = RS</msg>
<var>${name_country}</var>
<arg>${json_data["results"][0]["nat"]}</arg>
<doc>Returns the given values which can then be assigned to a variables.</doc>
<status status="PASS" start="2024-07-11T22:14:14.687168" elapsed="0.000396"/>
</kw>
<kw name="Create List" owner="BuiltIn">
<msg time="2024-07-11T22:14:14.688455" level="INFO">${list_country} = ['AD', 'AE', 'AF', 'AG', 'AI', 'AL', 'AM', 'AO', 'AQ', 'AR', 'AS', 'AT', 'AU', 'AW', 'AX', 'AZ', 'BA', 'BB', 'BD', 'BE', 'BF', 'BG', 'BH', 'BI', 'BJ', 'BL', 'BM', 'BN', 'BO', 'BQ', 'BR', 'BS', 'BT', '...</msg>
<var>${list_country}</var>
<arg>AD</arg>
<arg>AE</arg>
<arg>AF</arg>
<arg>AG</arg>
<arg>AI</arg>
<arg>AL</arg>
<arg>AM</arg>
<arg>AO</arg>
<arg>AQ</arg>
<arg>AR</arg>
<arg>AS</arg>
<arg>AT</arg>
<arg>AU</arg>
<arg>AW</arg>
<arg>AX</arg>
<arg>AZ</arg>
<arg>BA</arg>
<arg>BB</arg>
<arg>BD</arg>
<arg>BE</arg>
<arg>BF</arg>
<arg>BG</arg>
<arg>BH</arg>
<arg>BI</arg>
<arg>BJ</arg>
<arg>BL</arg>
<arg>BM</arg>
<arg>BN</arg>
<arg>BO</arg>
<arg>BQ</arg>
<arg>BR</arg>
<arg>BS</arg>
<arg>BT</arg>
<arg>BV</arg>
<arg>BW</arg>
<arg>BY</arg>
<arg>BZ</arg>
<arg>CA</arg>
<arg>CC</arg>
<arg>CD</arg>
<arg>CF</arg>
<arg>CG</arg>
<arg>CH</arg>
<arg>CI</arg>
<arg>CK</arg>
<arg>CL</arg>
<arg>CM</arg>
<arg>CN</arg>
<arg>CO</arg>
<arg>CR</arg>
<arg>CU</arg>
<arg>CV</arg>
<arg>CW</arg>
<arg>CX</arg>
<arg>CY</arg>
<arg>CZ</arg>
<arg>DE</arg>
<arg>DJ</arg>
<arg>DK</arg>
<arg>DM</arg>
<arg>DO</arg>
<arg>DZ</arg>
<arg>EC</arg>
<arg>EE</arg>
<arg>EG</arg>
<arg>EH</arg>
<arg>ER</arg>
<arg>ES</arg>
<arg>ET</arg>
<arg>FI</arg>
<arg>FJ</arg>
<arg>FK</arg>
<arg>FM</arg>
<arg>FO</arg>
<arg>FR</arg>
<arg>GA</arg>
<arg>GB</arg>
<arg>GD</arg>
<arg>GE</arg>
<arg>GF</arg>
<arg>GG</arg>
<arg>GH</arg>
<arg>GI</arg>
<arg>GL</arg>
<arg>GM</arg>
<arg>GN</arg>
<arg>GP</arg>
<arg>GQ</arg>
<arg>GR</arg>
<arg>GS</arg>
<arg>GT</arg>
<arg>GU</arg>
<arg>GW</arg>
<arg>GY</arg>
<arg>HK</arg>
<arg>HM</arg>
<arg>HN</arg>
<arg>HR</arg>
<arg>HT</arg>
<arg>HU</arg>
<arg>ID</arg>
<arg>IE</arg>
<arg>IL</arg>
<arg>IM</arg>
<arg>IN</arg>
<arg>IO</arg>
<arg>IQ</arg>
<arg>IR</arg>
<arg>IS</arg>
<arg>IT</arg>
<arg>JE</arg>
<arg>JM</arg>
<arg>JO</arg>
<arg>JP</arg>
<arg>KE</arg>
<arg>KG</arg>
<arg>KH</arg>
<arg>KI</arg>
<arg>KM</arg>
<arg>KN</arg>
<arg>KP</arg>
<arg>KR</arg>
<arg>KW</arg>
<arg>KY</arg>
<arg>KZ</arg>
<arg>LA</arg>
<arg>LB</arg>
<arg>LC</arg>
<arg>LI</arg>
<arg>LK</arg>
<arg>LR</arg>
<arg>LS</arg>
<arg>LT</arg>
<arg>LU</arg>
<arg>LV</arg>
<arg>LY</arg>
<arg>MA</arg>
<arg>MC</arg>
<arg>MD</arg>
<arg>ME</arg>
<arg>MF</arg>
<arg>MG</arg>
<arg>MH</arg>
<arg>MK</arg>
<arg>ML</arg>
<arg>MM</arg>
<arg>MN</arg>
<arg>MO</arg>
<arg>MP</arg>
<arg>MQ</arg>
<arg>MR</arg>
<arg>MS</arg>
<arg>MT</arg>
<arg>MU</arg>
<arg>MV</arg>
<arg>MW</arg>
<arg>MX</arg>
<arg>MY</arg>
<arg>MZ</arg>
<arg>NA</arg>
<arg>NC</arg>
<arg>NE</arg>
<arg>NF</arg>
<arg>NG</arg>
<arg>NI</arg>
<arg>NL</arg>
<arg>NO</arg>
<arg>NP</arg>
<arg>NR</arg>
<arg>NU</arg>
<arg>NZ</arg>
<arg>OM</arg>
<arg>PA</arg>
<arg>PE</arg>
<arg>PF</arg>
<arg>PG</arg>
<arg>PH</arg>
<arg>PK</arg>
<arg>PL</arg>
<arg>PM</arg>
<arg>PN</arg>
<arg>PR</arg>
<arg>PS</arg>
<arg>PT</arg>
<arg>PW</arg>
<arg>PY</arg>
<arg>QA</arg>
<arg>RE</arg>
<arg>RO</arg>
<arg>RS</arg>
<arg>RU</arg>
<arg>RW</arg>
<arg>SA</arg>
<arg>SB</arg>
<arg>SC</arg>
<arg>SD</arg>
<arg>SE</arg>
<arg>SG</arg>
<arg>SH</arg>
<arg>SI</arg>
<arg>SJ</arg>
<arg>SK</arg>
<arg>SL</arg>
<arg>SM</arg>
<arg>SN</arg>
<arg>SO</arg>
<arg>SR</arg>
<arg>SS</arg>
<arg>ST</arg>
<arg>SV</arg>
<arg>SX</arg>
<arg>SY</arg>
<arg>SZ</arg>
<arg>TC</arg>
<arg>TD</arg>
<arg>TF</arg>
<arg>TG</arg>
<arg>TH</arg>
<arg>TJ</arg>
<arg>TK</arg>
<arg>TL</arg>
<arg>TM</arg>
<arg>TN</arg>
<arg>TO</arg>
<arg>TR</arg>
<arg>TT</arg>
<arg>TV</arg>
<arg>TW</arg>
<arg>TZ</arg>
<arg>UA</arg>
<arg>UG</arg>
<arg>UM</arg>
<arg>US</arg>
<arg>UY</arg>
<arg>UZ</arg>
<arg>VA</arg>
<arg>VC</arg>
<arg>VE</arg>
<arg>VG</arg>
<arg>VI</arg>
<arg>VN</arg>
<arg>VU</arg>
<arg>WF</arg>
<arg>WS</arg>
<arg>XK</arg>
<arg>YE</arg>
<arg>YT</arg>
<arg>ZA</arg>
<arg>ZM</arg>
<arg>ZW</arg>
<doc>Returns a list containing given items.</doc>
<status status="PASS" start="2024-07-11T22:14:14.687863" elapsed="0.000628"/>
</kw>
<kw name="List Should Contain Value" owner="Collections">
<arg>${list_country}</arg>
<arg>${name_country}</arg>
<doc>Fails if the ``value`` is not found from ``list``.</doc>
<status status="PASS" start="2024-07-11T22:14:14.689286" elapsed="0.000207"/>
</kw>
<kw name="Run Keyword If" owner="BuiltIn">
<kw name="Should Be True" owner="BuiltIn">
<arg>${True}</arg>
<doc>Fails if the given condition is not true.</doc>
<status status="PASS" start="2024-07-11T22:14:14.690427" elapsed="0.000143"/>
</kw>
<arg>${json_data["results"][0]["location"]["coordinates"]["latitude"]} &gt;= -90 and ${json_data["results"][0]["location"]["coordinates"]["latitude"]} &lt;= 90</arg>
<arg>Should Be True</arg>
<arg>${True}</arg>
<doc>Runs the given keyword with the given arguments, if ``condition`` is true.</doc>
<status status="PASS" start="2024-07-11T22:14:14.689692" elapsed="0.001043"/>
</kw>
<kw name="Run Keyword If" owner="BuiltIn">
<kw name="Should Be True" owner="BuiltIn">
<arg>${True}</arg>
<doc>Fails if the given condition is not true.</doc>
<status status="PASS" start="2024-07-11T22:14:14.691617" elapsed="0.000138"/>
</kw>
<arg>${json_data["results"][0]["location"]["coordinates"]["longitude"]} &gt;= -180 and ${json_data["results"][0]["location"]["coordinates"]["longitude"]} &lt;= 180</arg>
<arg>Should Be True</arg>
<arg>${True}</arg>
<doc>Runs the given keyword with the given arguments, if ``condition`` is true.</doc>
<status status="PASS" start="2024-07-11T22:14:14.690918" elapsed="0.000960"/>
</kw>
<status status="PASS" start="2024-07-11T22:14:14.595735" elapsed="0.096283"/>
</kw>
<doc>Testa o conteúdo específico dos campos retornados pela API.</doc>
<tag>testeConteudo</tag>
<status status="PASS" start="2024-07-11T22:14:14.595164" elapsed="0.097007"/>
</test>
<status status="PASS" start="2024-07-11T22:14:13.772178" elapsed="0.921916"/>
</suite>
<status status="PASS" start="2024-07-11T22:14:13.757681" elapsed="0.941618"/>
</suite>
<statistics>
<total>
<stat pass="5" fail="0" skip="0">All Tests</stat>
</total>
<tag>
<stat pass="1" fail="0" skip="0">testeConteudo</stat>
<stat pass="1" fail="0" skip="0">testeEstruturaResposta</stat>
<stat pass="1" fail="0" skip="0">testeRequisicaoBasica</stat>
<stat pass="1" fail="0" skip="0">testeTiposDados</stat>
</tag>
<suite>
<stat pass="5" fail="0" skip="0" id="s1" name="Tests">Tests</stat>
<stat pass="5" fail="0" skip="0" id="s1-s1" name="Random-User-Test">Tests.Random-User-Test</stat>
</suite>
</statistics>
<errors>
</errors>
</robot>
