<?xml version="1.0" encoding="UTF-8"?>
<robot generator="Robot 7.0 (Python 3.12.3 on linux)" generated="2024-05-09T04:19:58.076868" rpa="false" schemaversion="5">
<suite id="s1" name="Tests" source="/home/runner/work/DesafioQAItauRogerioJordao/DesafioQAItauRogerioJordao/RamdonUser/tests">
<suite id="s1-s1" name="Random-User-Test" source="/home/runner/work/DesafioQAItauRogerioJordao/DesafioQAItauRogerioJordao/RamdonUser/tests/random-user-test.robot">
<test id="s1-s1-t1" name="Conectar" line="13">
<kw name="Conectar API" owner="random-user-service">
<kw name="Create Session" owner="RequestsLibrary">
<msg time="2024-05-09T04:19:58.449136" level="INFO">Creating Session using : alias=consultarAPI, url=https://randomuser.me/, headers={},                     cookies={}, auth=None, timeout=None, proxies=None, verify=False,                     debug=0 </msg>
<arg>consultarAPI</arg>
<arg>${URL}</arg>
<doc>Create Session: create a HTTP session to a server</doc>
<status status="PASS" start="2024-05-09T04:19:58.448921" elapsed="0.000461"/>
</kw>
<status status="PASS" start="2024-05-09T04:19:58.447902" elapsed="0.001868"/>
</kw>
<status status="PASS" start="2024-05-09T04:19:58.447300" elapsed="0.002674"/>
</test>
<test id="s1-s1-t2" name="Validar retorno 200 e JSON Válido" line="16">
<kw name="Teste de Requisicao Basica" owner="random-user-service">
<kw name="GET On Session" owner="RequestsLibrary">
<msg time="2024-05-09T04:19:58.565436" level="INFO">GET Request : url=https://randomuser.me/api 
 path_url=/api 
 headers={'User-Agent': 'python-requests/2.31.0', 'Accept-Encoding': 'gzip, deflate', 'Accept': '*/*', 'Connection': 'keep-alive'} 
 body=None 
 </msg>
<msg time="2024-05-09T04:19:58.565592" level="INFO">GET Response : url=https://randomuser.me/api 
 status=200, reason=OK 
 headers={'Date': 'Thu, 09 May 2024 04:19:58 GMT', 'Content-Type': 'application/json; charset=utf-8', 'Transfer-Encoding': 'chunked', 'Connection': 'keep-alive', 'X-Powered-By': 'Express', 'Access-Control-Allow-Origin': '*', 'Cache-Control': 'no-cache', 'ETag': 'W/"49a-Gb0ScUxT7bHfUyPAJqRoZQm+kFk"', 'Vary': 'Accept-Encoding', 'Content-Encoding': 'gzip', 'CF-Cache-Status': 'DYNAMIC', 'Report-To': '{"endpoints":[{"url":"https:\\/\\/a.nel.cloudflare.com\\/report\\/v4?s=Z63NvB%2BrQWu%2BVpLT%2F55Za6Wafs1%2BJLWGoIrkT0HilQFx6MeeEXsg%2FMRUM8CT6QMlzcxXHGXxE%2BYjjmjDxEtSy%2F3aPOzlw%2FB7mQB7hh3RW3NFDcNHzrffeF4emfc26Mbj"}],"group":"cf-nel","max_age":604800}', 'NEL': '{"success_fraction":0,"report_to":"cf-nel","max_age":604800}', 'Server': 'cloudflare', 'CF-RAY': '880ee4f288a8fabe-SJC', 'alt-svc': 'h3=":443"; ma=86400'} 
 body={"results":[{"gender":"female","name":{"title":"Miss","first":"Jamile","last":"Barros"},"location":{"street":{"number":1597,"name":"Rua Primeiro de Maio "},"city":"Ourinhos","state":"Santa Catarina","country":"Brazil","postcode":63722,"coordinates":{"latitude":"-77.3053","longitude":"178.0564"},"timezone":{"offset":"+9:30","description":"Adelaide, Darwin"}},"email":"jamile.barros@example.com","login":{"uuid":"713e289d-9f31-469a-ae56-e7c8692c8397","username":"happytiger548","password":"festival","salt":"8mhAJPN3","md5":"90892aaba34259093aa28f442805dd96","sha1":"808aa1f0e594785ffc244abb3e500a21725955e9","sha256":"ecbb0cbdc07aa0be278631eedf1a2b015fcdbdd1e24d7da2beae9880f96941bd"},"dob":{"date":"1987-05-03T18:51:06.935Z","age":37},"registered":{"date":"2012-05-26T00:35:49.543Z","age":11},"phone":"(51) 7525-4935","cell":"(98) 4107-7054","id":{"name":"CPF","value":"051.234.875-02"},"picture":{"large":"https://randomuser.me/api/portraits/women/41.jpg","medium":"https://randomuser.me/api/portraits/med/women/41.jpg","thumbnail":"https://randomuser.me/api/portraits/thumb/women/41.jpg"},"nat":"BR"}],"info":{"seed":"20e651c63b4f4f77","results":1,"page":1,"version":"1.4"}} 
 </msg>
<msg time="2024-05-09T04:19:58.565676" level="INFO">/opt/hostedtoolcache/Python/3.12.3/x64/lib/python3.12/site-packages/urllib3/connectionpool.py:1103: InsecureRequestWarning: Unverified HTTPS request is being made to host 'randomuser.me'. Adding certificate verification is strongly advised. See: https://urllib3.readthedocs.io/en/latest/advanced-usage.html#tls-warnings
  warnings.warn(</msg>
<msg time="2024-05-09T04:19:58.565837" level="INFO">${response} = &lt;Response [200]&gt;</msg>
<var>${response}</var>
<arg>consultarAPI</arg>
<arg>/api</arg>
<doc>Sends a GET request on a previously created HTTP Session.</doc>
<status status="PASS" start="2024-05-09T04:19:58.452722" elapsed="0.113161"/>
</kw>
<kw name="Should Be Equal As Numbers" owner="BuiltIn">
<msg time="2024-05-09T04:19:58.567001" level="INFO">Argument types are:
&lt;class 'int'&gt;
&lt;class 'str'&gt;</msg>
<arg>${response.status_code}</arg>
<arg>200</arg>
<doc>Fails if objects are unequal after converting them to real numbers.</doc>
<status status="PASS" start="2024-05-09T04:19:58.566513" elapsed="0.000558"/>
</kw>
<kw name="Log" owner="BuiltIn">
<msg time="2024-05-09T04:19:58.567811" level="INFO">200</msg>
<arg>${response.status_code}</arg>
<doc>Logs the given message with the given level.</doc>
<status status="PASS" start="2024-05-09T04:19:58.567434" elapsed="0.000420"/>
</kw>
<kw name="Set Variable" owner="BuiltIn">
<msg time="2024-05-09T04:19:58.568633" level="INFO">${json_data} = {'results': [{'gender': 'female', 'name': {'title': 'Miss', 'first': 'Jamile', 'last': 'Barros'}, 'location': {'street': {'number': 1597, 'name': 'Rua Primeiro de Maio '}, 'city': 'Ourinhos', 'state':...</msg>
<var>${json_data}</var>
<arg>${response.json()}</arg>
<doc>Returns the given values which can then be assigned to a variables.</doc>
<status status="PASS" start="2024-05-09T04:19:58.568177" elapsed="0.000484"/>
</kw>
<kw name="Dictionary Should Contain Key" owner="Collections">
<msg time="2024-05-09T04:19:58.569184" level="INFO">False</msg>
<arg>${json_data}</arg>
<arg>results</arg>
<doc>Fails if ``key`` is not found from ``dictionary``.</doc>
<status status="PASS" start="2024-05-09T04:19:58.568985" elapsed="0.000244"/>
</kw>
<status status="PASS" start="2024-05-09T04:19:58.452456" elapsed="0.117049"/>
</kw>
<doc>Testa se a API responde corretamente e retorna um objeto JSON válido.</doc>
<tag>testeRequisicaoBasica</tag>
<status status="PASS" start="2024-05-09T04:19:58.451893" elapsed="0.117804"/>
</test>
<test id="s1-s1-t3" name="Validar estrutura de resposta" line="22">
<kw name="Teste de Estrutura de Resposta" owner="random-user-service">
<kw name="GET On Session" owner="RequestsLibrary">
<msg time="2024-05-09T04:19:58.669372" level="INFO">GET Request : url=https://randomuser.me/api 
 path_url=/api 
 headers={'User-Agent': 'python-requests/2.31.0', 'Accept-Encoding': 'gzip, deflate', 'Accept': '*/*', 'Connection': 'keep-alive'} 
 body=None 
 </msg>
<msg time="2024-05-09T04:19:58.669470" level="INFO">GET Response : url=https://randomuser.me/api 
 status=200, reason=OK 
 headers={'Date': 'Thu, 09 May 2024 04:19:58 GMT', 'Content-Type': 'application/json; charset=utf-8', 'Transfer-Encoding': 'chunked', 'Connection': 'keep-alive', 'X-Powered-By': 'Express', 'Access-Control-Allow-Origin': '*', 'Cache-Control': 'no-cache', 'ETag': 'W/"47a-W8UHUA39w0vePyo0q7nek786tjU"', 'Vary': 'Accept-Encoding', 'Content-Encoding': 'gzip', 'CF-Cache-Status': 'DYNAMIC', 'Report-To': '{"endpoints":[{"url":"https:\\/\\/a.nel.cloudflare.com\\/report\\/v4?s=HJz2wB%2F5GClmFnJia1ODANeh56UZP0byxAp0qVJnVmmBRizgKMoT%2FDG8AKt7oFaVXDhAsNvhZD%2FZ13h%2BUqLMbrX2OEw7fAw5Z9fOa15rdLband%2B%2FdvHqqoSjdWxAkhwZ"}],"group":"cf-nel","max_age":604800}', 'NEL': '{"success_fraction":0,"report_to":"cf-nel","max_age":604800}', 'Server': 'cloudflare', 'CF-RAY': '880ee4f31971fabe-SJC', 'alt-svc': 'h3=":443"; ma=86400'} 
 body={"results":[{"gender":"male","name":{"title":"Mr","first":"Önal","last":"Alnıaçık"},"location":{"street":{"number":873,"name":"Filistin Cd"},"city":"Kars","state":"Şanlıurfa","country":"Turkey","postcode":85498,"coordinates":{"latitude":"69.2554","longitude":"-134.7146"},"timezone":{"offset":"-1:00","description":"Azores, Cape Verde Islands"}},"email":"onal.alniacik@example.com","login":{"uuid":"d16197cd-6db9-435f-8e93-21990f75623c","username":"purpleduck240","password":"total","salt":"yYSIou9U","md5":"bc82d7f1f7af1937c72862fd82dbd3ea","sha1":"574881cdb0eb0d81bbcfb0299de645a3e97c1c1e","sha256":"9cdd5183156e11bdac524bad4074fe7965507b124dae198d90f000ab2a1edc5c"},"dob":{"date":"1948-10-07T16:56:17.238Z","age":75},"registered":{"date":"2013-08-02T12:49:13.853Z","age":10},"phone":"(094)-341-2776","cell":"(695)-204-4498","id":{"name":"","value":null},"picture":{"large":"https://randomuser.me/api/portraits/men/62.jpg","medium":"https://randomuser.me/api/portraits/med/men/62.jpg","thumbnail":"https://randomuser.me/api/portraits/thumb/men/62.jpg"},"nat":"TR"}],"info":{"seed":"f5358f26727d1046","results":1,"page":1,"version":"1.4"}} 
 </msg>
<msg time="2024-05-09T04:19:58.669579" level="INFO">/opt/hostedtoolcache/Python/3.12.3/x64/lib/python3.12/site-packages/urllib3/connectionpool.py:1103: InsecureRequestWarning: Unverified HTTPS request is being made to host 'randomuser.me'. Adding certificate verification is strongly advised. See: https://urllib3.readthedocs.io/en/latest/advanced-usage.html#tls-warnings
  warnings.warn(</msg>
<msg time="2024-05-09T04:19:58.669678" level="INFO">${response} = &lt;Response [200]&gt;</msg>
<var>${response}</var>
<arg>consultarAPI</arg>
<arg>/api</arg>
<doc>Sends a GET request on a previously created HTTP Session.</doc>
<status status="PASS" start="2024-05-09T04:19:58.572345" elapsed="0.097359"/>
</kw>
<kw name="Set Variable" owner="BuiltIn">
<msg time="2024-05-09T04:19:58.670628" level="INFO">${json_data} = {'results': [{'gender': 'male', 'name': {'title': 'Mr', 'first': 'Önal', 'last': 'Alnıaçık'}, 'location': {'street': {'number': 873, 'name': 'Filistin Cd'}, 'city': 'Kars', 'state': 'Şanlıurfa', 'coun...</msg>
<var>${json_data}</var>
<arg>${response.json()}</arg>
<doc>Returns the given values which can then be assigned to a variables.</doc>
<status status="PASS" start="2024-05-09T04:19:58.670130" elapsed="0.000528"/>
</kw>
<kw name="Log" owner="BuiltIn">
<msg time="2024-05-09T04:19:58.671135" level="INFO">{'results': [{'gender': 'male', 'name': {'title': 'Mr', 'first': 'Önal', 'last': 'Alnıaçık'}, 'location': {'street': {'number': 873, 'name': 'Filistin Cd'}, 'city': 'Kars', 'state': 'Şanlıurfa', 'country': 'Turkey', 'postcode': 85498, 'coordinates': {'latitude': '69.2554', 'longitude': '-134.7146'}, 'timezone': {'offset': '-1:00', 'description': 'Azores, Cape Verde Islands'}}, 'email': 'onal.alniacik@example.com', 'login': {'uuid': 'd16197cd-6db9-435f-8e93-21990f75623c', 'username': 'purpleduck240', 'password': 'total', 'salt': 'yYSIou9U', 'md5': 'bc82d7f1f7af1937c72862fd82dbd3ea', 'sha1': '574881cdb0eb0d81bbcfb0299de645a3e97c1c1e', 'sha256': '9cdd5183156e11bdac524bad4074fe7965507b124dae198d90f000ab2a1edc5c'}, 'dob': {'date': '1948-10-07T16:56:17.238Z', 'age': 75}, 'registered': {'date': '2013-08-02T12:49:13.853Z', 'age': 10}, 'phone': '(094)-341-2776', 'cell': '(695)-204-4498', 'id': {'name': '', 'value': None}, 'picture': {'large': 'https://randomuser.me/api/portraits/men/62.jpg', 'medium': 'https://randomuser.me/api/portraits/med/men/62.jpg', 'thumbnail': 'https://randomuser.me/api/portraits/thumb/men/62.jpg'}, 'nat': 'TR'}], 'info': {'seed': 'f5358f26727d1046', 'results': 1, 'page': 1, 'version': '1.4'}}</msg>
<arg>${json_data}</arg>
<doc>Logs the given message with the given level.</doc>
<status status="PASS" start="2024-05-09T04:19:58.670968" elapsed="0.000219"/>
</kw>
<kw name="Dictionary Should Contain Key" owner="Collections">
<msg time="2024-05-09T04:19:58.671655" level="INFO">False</msg>
<arg>${json_data}</arg>
<arg>results</arg>
<doc>Fails if ``key`` is not found from ``dictionary``.</doc>
<status status="PASS" start="2024-05-09T04:19:58.671497" elapsed="0.000195"/>
</kw>
<kw name="Should Not Be Empty" owner="BuiltIn">
<msg time="2024-05-09T04:19:58.672116" level="INFO">Length is 2.</msg>
<arg>${json_data}</arg>
<doc>Verifies that the given item is not empty.</doc>
<status status="PASS" start="2024-05-09T04:19:58.671986" elapsed="0.000169"/>
</kw>
<kw name="Create List" owner="BuiltIn">
<msg time="2024-05-09T04:19:58.672740" level="INFO">${expected_keys} = ['gender', 'name', 'location', 'email', 'login']</msg>
<var>${expected_keys}</var>
<arg>gender</arg>
<arg>name</arg>
<arg>location</arg>
<arg>email</arg>
<arg>login</arg>
<doc>Returns a list containing given items.</doc>
<status status="PASS" start="2024-05-09T04:19:58.672448" elapsed="0.000317"/>
</kw>
<for flavor="IN">
<iter>
<kw name="Dictionary Should Contain Key" owner="Collections">
<msg time="2024-05-09T04:19:58.673797" level="INFO">False</msg>
<arg>${json_data['results'][0]}</arg>
<arg>${key}</arg>
<doc>Fails if ``key`` is not found from ``dictionary``.</doc>
<status status="PASS" start="2024-05-09T04:19:58.673389" elapsed="0.000446"/>
</kw>
<kw name="Log" owner="BuiltIn">
<msg time="2024-05-09T04:19:58.674511" level="INFO">{'gender': 'male', 'name': {'title': 'Mr', 'first': 'Önal', 'last': 'Alnıaçık'}, 'location': {'street': {'number': 873, 'name': 'Filistin Cd'}, 'city': 'Kars', 'state': 'Şanlıurfa', 'country': 'Turkey', 'postcode': 85498, 'coordinates': {'latitude': '69.2554', 'longitude': '-134.7146'}, 'timezone': {'offset': '-1:00', 'description': 'Azores, Cape Verde Islands'}}, 'email': 'onal.alniacik@example.com', 'login': {'uuid': 'd16197cd-6db9-435f-8e93-21990f75623c', 'username': 'purpleduck240', 'password': 'total', 'salt': 'yYSIou9U', 'md5': 'bc82d7f1f7af1937c72862fd82dbd3ea', 'sha1': '574881cdb0eb0d81bbcfb0299de645a3e97c1c1e', 'sha256': '9cdd5183156e11bdac524bad4074fe7965507b124dae198d90f000ab2a1edc5c'}, 'dob': {'date': '1948-10-07T16:56:17.238Z', 'age': 75}, 'registered': {'date': '2013-08-02T12:49:13.853Z', 'age': 10}, 'phone': '(094)-341-2776', 'cell': '(695)-204-4498', 'id': {'name': '', 'value': None}, 'picture': {'large': 'https://randomuser.me/api/portraits/men/62.jpg', 'medium': 'https://randomuser.me/api/portraits/med/men/62.jpg', 'thumbnail': 'https://randomuser.me/api/portraits/thumb/men/62.jpg'}, 'nat': 'TR'}</msg>
<arg>${json_data['results'][0]}</arg>
<doc>Logs the given message with the given level.</doc>
<status status="PASS" start="2024-05-09T04:19:58.674139" elapsed="0.000421"/>
</kw>
<kw name="Log" owner="BuiltIn">
<msg time="2024-05-09T04:19:58.674993" level="INFO">gender</msg>
<arg>${key}</arg>
<doc>Logs the given message with the given level.</doc>
<status status="PASS" start="2024-05-09T04:19:58.674866" elapsed="0.000164"/>
</kw>
<var name="${key}">gender</var>
<status status="PASS" start="2024-05-09T04:19:58.673251" elapsed="0.002000"/>
</iter>
<iter>
<kw name="Dictionary Should Contain Key" owner="Collections">
<msg time="2024-05-09T04:19:58.675944" level="INFO">False</msg>
<arg>${json_data['results'][0]}</arg>
<arg>${key}</arg>
<doc>Fails if ``key`` is not found from ``dictionary``.</doc>
<status status="PASS" start="2024-05-09T04:19:58.675551" elapsed="0.000430"/>
</kw>
<kw name="Log" owner="BuiltIn">
<msg time="2024-05-09T04:19:58.676679" level="INFO">{'gender': 'male', 'name': {'title': 'Mr', 'first': 'Önal', 'last': 'Alnıaçık'}, 'location': {'street': {'number': 873, 'name': 'Filistin Cd'}, 'city': 'Kars', 'state': 'Şanlıurfa', 'country': 'Turkey', 'postcode': 85498, 'coordinates': {'latitude': '69.2554', 'longitude': '-134.7146'}, 'timezone': {'offset': '-1:00', 'description': 'Azores, Cape Verde Islands'}}, 'email': 'onal.alniacik@example.com', 'login': {'uuid': 'd16197cd-6db9-435f-8e93-21990f75623c', 'username': 'purpleduck240', 'password': 'total', 'salt': 'yYSIou9U', 'md5': 'bc82d7f1f7af1937c72862fd82dbd3ea', 'sha1': '574881cdb0eb0d81bbcfb0299de645a3e97c1c1e', 'sha256': '9cdd5183156e11bdac524bad4074fe7965507b124dae198d90f000ab2a1edc5c'}, 'dob': {'date': '1948-10-07T16:56:17.238Z', 'age': 75}, 'registered': {'date': '2013-08-02T12:49:13.853Z', 'age': 10}, 'phone': '(094)-341-2776', 'cell': '(695)-204-4498', 'id': {'name': '', 'value': None}, 'picture': {'large': 'https://randomuser.me/api/portraits/men/62.jpg', 'medium': 'https://randomuser.me/api/portraits/med/men/62.jpg', 'thumbnail': 'https://randomuser.me/api/portraits/thumb/men/62.jpg'}, 'nat': 'TR'}</msg>
<arg>${json_data['results'][0]}</arg>
<doc>Logs the given message with the given level.</doc>
<status status="PASS" start="2024-05-09T04:19:58.676307" elapsed="0.000423"/>
</kw>
<kw name="Log" owner="BuiltIn">
<msg time="2024-05-09T04:19:58.677177" level="INFO">name</msg>
<arg>${key}</arg>
<doc>Logs the given message with the given level.</doc>
<status status="PASS" start="2024-05-09T04:19:58.677030" elapsed="0.000188"/>
</kw>
<var name="${key}">name</var>
<status status="PASS" start="2024-05-09T04:19:58.675437" elapsed="0.001997"/>
</iter>
<iter>
<kw name="Dictionary Should Contain Key" owner="Collections">
<msg time="2024-05-09T04:19:58.678109" level="INFO">False</msg>
<arg>${json_data['results'][0]}</arg>
<arg>${key}</arg>
<doc>Fails if ``key`` is not found from ``dictionary``.</doc>
<status status="PASS" start="2024-05-09T04:19:58.677722" elapsed="0.000426"/>
</kw>
<kw name="Log" owner="BuiltIn">
<msg time="2024-05-09T04:19:58.678820" level="INFO">{'gender': 'male', 'name': {'title': 'Mr', 'first': 'Önal', 'last': 'Alnıaçık'}, 'location': {'street': {'number': 873, 'name': 'Filistin Cd'}, 'city': 'Kars', 'state': 'Şanlıurfa', 'country': 'Turkey', 'postcode': 85498, 'coordinates': {'latitude': '69.2554', 'longitude': '-134.7146'}, 'timezone': {'offset': '-1:00', 'description': 'Azores, Cape Verde Islands'}}, 'email': 'onal.alniacik@example.com', 'login': {'uuid': 'd16197cd-6db9-435f-8e93-21990f75623c', 'username': 'purpleduck240', 'password': 'total', 'salt': 'yYSIou9U', 'md5': 'bc82d7f1f7af1937c72862fd82dbd3ea', 'sha1': '574881cdb0eb0d81bbcfb0299de645a3e97c1c1e', 'sha256': '9cdd5183156e11bdac524bad4074fe7965507b124dae198d90f000ab2a1edc5c'}, 'dob': {'date': '1948-10-07T16:56:17.238Z', 'age': 75}, 'registered': {'date': '2013-08-02T12:49:13.853Z', 'age': 10}, 'phone': '(094)-341-2776', 'cell': '(695)-204-4498', 'id': {'name': '', 'value': None}, 'picture': {'large': 'https://randomuser.me/api/portraits/men/62.jpg', 'medium': 'https://randomuser.me/api/portraits/med/men/62.jpg', 'thumbnail': 'https://randomuser.me/api/portraits/thumb/men/62.jpg'}, 'nat': 'TR'}</msg>
<arg>${json_data['results'][0]}</arg>
<doc>Logs the given message with the given level.</doc>
<status status="PASS" start="2024-05-09T04:19:58.678448" elapsed="0.000425"/>
</kw>
<kw name="Log" owner="BuiltIn">
<msg time="2024-05-09T04:19:58.679297" level="INFO">location</msg>
<arg>${key}</arg>
<doc>Logs the given message with the given level.</doc>
<status status="PASS" start="2024-05-09T04:19:58.679171" elapsed="0.000163"/>
</kw>
<var name="${key}">location</var>
<status status="PASS" start="2024-05-09T04:19:58.677611" elapsed="0.001940"/>
</iter>
<iter>
<kw name="Dictionary Should Contain Key" owner="Collections">
<msg time="2024-05-09T04:19:58.680233" level="INFO">False</msg>
<arg>${json_data['results'][0]}</arg>
<arg>${key}</arg>
<doc>Fails if ``key`` is not found from ``dictionary``.</doc>
<status status="PASS" start="2024-05-09T04:19:58.679837" elapsed="0.000432"/>
</kw>
<kw name="Log" owner="BuiltIn">
<msg time="2024-05-09T04:19:58.680944" level="INFO">{'gender': 'male', 'name': {'title': 'Mr', 'first': 'Önal', 'last': 'Alnıaçık'}, 'location': {'street': {'number': 873, 'name': 'Filistin Cd'}, 'city': 'Kars', 'state': 'Şanlıurfa', 'country': 'Turkey', 'postcode': 85498, 'coordinates': {'latitude': '69.2554', 'longitude': '-134.7146'}, 'timezone': {'offset': '-1:00', 'description': 'Azores, Cape Verde Islands'}}, 'email': 'onal.alniacik@example.com', 'login': {'uuid': 'd16197cd-6db9-435f-8e93-21990f75623c', 'username': 'purpleduck240', 'password': 'total', 'salt': 'yYSIou9U', 'md5': 'bc82d7f1f7af1937c72862fd82dbd3ea', 'sha1': '574881cdb0eb0d81bbcfb0299de645a3e97c1c1e', 'sha256': '9cdd5183156e11bdac524bad4074fe7965507b124dae198d90f000ab2a1edc5c'}, 'dob': {'date': '1948-10-07T16:56:17.238Z', 'age': 75}, 'registered': {'date': '2013-08-02T12:49:13.853Z', 'age': 10}, 'phone': '(094)-341-2776', 'cell': '(695)-204-4498', 'id': {'name': '', 'value': None}, 'picture': {'large': 'https://randomuser.me/api/portraits/men/62.jpg', 'medium': 'https://randomuser.me/api/portraits/med/men/62.jpg', 'thumbnail': 'https://randomuser.me/api/portraits/thumb/men/62.jpg'}, 'nat': 'TR'}</msg>
<arg>${json_data['results'][0]}</arg>
<doc>Logs the given message with the given level.</doc>
<status status="PASS" start="2024-05-09T04:19:58.680576" elapsed="0.000420"/>
</kw>
<kw name="Log" owner="BuiltIn">
<msg time="2024-05-09T04:19:58.681451" level="INFO">email</msg>
<arg>${key}</arg>
<doc>Logs the given message with the given level.</doc>
<status status="PASS" start="2024-05-09T04:19:58.681323" elapsed="0.000165"/>
</kw>
<var name="${key}">email</var>
<status status="PASS" start="2024-05-09T04:19:58.679726" elapsed="0.001981"/>
</iter>
<iter>
<kw name="Dictionary Should Contain Key" owner="Collections">
<msg time="2024-05-09T04:19:58.682385" level="INFO">False</msg>
<arg>${json_data['results'][0]}</arg>
<arg>${key}</arg>
<doc>Fails if ``key`` is not found from ``dictionary``.</doc>
<status status="PASS" start="2024-05-09T04:19:58.681991" elapsed="0.000432"/>
</kw>
<kw name="Log" owner="BuiltIn">
<msg time="2024-05-09T04:19:58.683088" level="INFO">{'gender': 'male', 'name': {'title': 'Mr', 'first': 'Önal', 'last': 'Alnıaçık'}, 'location': {'street': {'number': 873, 'name': 'Filistin Cd'}, 'city': 'Kars', 'state': 'Şanlıurfa', 'country': 'Turkey', 'postcode': 85498, 'coordinates': {'latitude': '69.2554', 'longitude': '-134.7146'}, 'timezone': {'offset': '-1:00', 'description': 'Azores, Cape Verde Islands'}}, 'email': 'onal.alniacik@example.com', 'login': {'uuid': 'd16197cd-6db9-435f-8e93-21990f75623c', 'username': 'purpleduck240', 'password': 'total', 'salt': 'yYSIou9U', 'md5': 'bc82d7f1f7af1937c72862fd82dbd3ea', 'sha1': '574881cdb0eb0d81bbcfb0299de645a3e97c1c1e', 'sha256': '9cdd5183156e11bdac524bad4074fe7965507b124dae198d90f000ab2a1edc5c'}, 'dob': {'date': '1948-10-07T16:56:17.238Z', 'age': 75}, 'registered': {'date': '2013-08-02T12:49:13.853Z', 'age': 10}, 'phone': '(094)-341-2776', 'cell': '(695)-204-4498', 'id': {'name': '', 'value': None}, 'picture': {'large': 'https://randomuser.me/api/portraits/men/62.jpg', 'medium': 'https://randomuser.me/api/portraits/med/men/62.jpg', 'thumbnail': 'https://randomuser.me/api/portraits/thumb/men/62.jpg'}, 'nat': 'TR'}</msg>
<arg>${json_data['results'][0]}</arg>
<doc>Logs the given message with the given level.</doc>
<status status="PASS" start="2024-05-09T04:19:58.682719" elapsed="0.000419"/>
</kw>
<kw name="Log" owner="BuiltIn">
<msg time="2024-05-09T04:19:58.683570" level="INFO">login</msg>
<arg>${key}</arg>
<doc>Logs the given message with the given level.</doc>
<status status="PASS" start="2024-05-09T04:19:58.683445" elapsed="0.000163"/>
</kw>
<var name="${key}">login</var>
<status status="PASS" start="2024-05-09T04:19:58.681880" elapsed="0.001946"/>
</iter>
<var>${key}</var>
<value>@{expected_keys}</value>
<status status="PASS" start="2024-05-09T04:19:58.673033" elapsed="0.010940"/>
</for>
<kw name="Create List" owner="BuiltIn">
<msg time="2024-05-09T04:19:58.684310" level="INFO">${expected_keysTwo} = ['username', 'password']</msg>
<var>${expected_keysTwo}</var>
<arg>username</arg>
<arg>password</arg>
<doc>Returns a list containing given items.</doc>
<status status="PASS" start="2024-05-09T04:19:58.684174" elapsed="0.000160"/>
</kw>
<for flavor="IN">
<iter>
<kw name="Dictionary Should Contain Key" owner="Collections">
<msg time="2024-05-09T04:19:58.685262" level="INFO">False</msg>
<arg>${json_data['results'][0]['login']}</arg>
<arg>${keyTwo}</arg>
<doc>Fails if ``key`` is not found from ``dictionary``.</doc>
<status status="PASS" start="2024-05-09T04:19:58.684830" elapsed="0.000470"/>
</kw>
<kw name="Dictionary Should Contain Key" owner="Collections">
<msg time="2024-05-09T04:19:58.685982" level="INFO">False</msg>
<arg>${json_data['results'][0]['login']}</arg>
<arg>${keyTwo}</arg>
<doc>Fails if ``key`` is not found from ``dictionary``.</doc>
<status status="PASS" start="2024-05-09T04:19:58.685595" elapsed="0.000424"/>
</kw>
<kw name="Log" owner="BuiltIn">
<msg time="2024-05-09T04:19:58.686441" level="INFO">username</msg>
<arg>${keyTwo}</arg>
<doc>Logs the given message with the given level.</doc>
<status status="PASS" start="2024-05-09T04:19:58.686312" elapsed="0.000171"/>
</kw>
<var name="${keyTwo}">username</var>
<status status="PASS" start="2024-05-09T04:19:58.684720" elapsed="0.001985"/>
</iter>
<iter>
<kw name="Dictionary Should Contain Key" owner="Collections">
<msg time="2024-05-09T04:19:58.687396" level="INFO">False</msg>
<arg>${json_data['results'][0]['login']}</arg>
<arg>${keyTwo}</arg>
<doc>Fails if ``key`` is not found from ``dictionary``.</doc>
<status status="PASS" start="2024-05-09T04:19:58.686998" elapsed="0.000435"/>
</kw>
<kw name="Dictionary Should Contain Key" owner="Collections">
<msg time="2024-05-09T04:19:58.688186" level="INFO">False</msg>
<arg>${json_data['results'][0]['login']}</arg>
<arg>${keyTwo}</arg>
<doc>Fails if ``key`` is not found from ``dictionary``.</doc>
<status status="PASS" start="2024-05-09T04:19:58.687726" elapsed="0.000498"/>
</kw>
<kw name="Log" owner="BuiltIn">
<msg time="2024-05-09T04:19:58.688654" level="INFO">password</msg>
<arg>${keyTwo}</arg>
<doc>Logs the given message with the given level.</doc>
<status status="PASS" start="2024-05-09T04:19:58.688524" elapsed="0.000167"/>
</kw>
<var name="${keyTwo}">password</var>
<status status="PASS" start="2024-05-09T04:19:58.686878" elapsed="0.002030"/>
</iter>
<var>${keyTwo}</var>
<value>@{expected_keysTwo}</value>
<status status="PASS" start="2024-05-09T04:19:58.684569" elapsed="0.004461"/>
</for>
<status status="PASS" start="2024-05-09T04:19:58.572104" elapsed="0.117088"/>
</kw>
<doc>Testa a estrutura da resposta da API.</doc>
<tag>testeEstruturaResposta</tag>
<status status="PASS" start="2024-05-09T04:19:58.571570" elapsed="0.117780"/>
</test>
<test id="s1-s1-t4" name="Validar tipos de dados" line="28">
<kw name="Teste de Tipos de Dados" owner="random-user-service">
<kw name="GET On Session" owner="RequestsLibrary">
<msg time="2024-05-09T04:19:58.779140" level="INFO">GET Request : url=https://randomuser.me/api 
 path_url=/api 
 headers={'User-Agent': 'python-requests/2.31.0', 'Accept-Encoding': 'gzip, deflate', 'Accept': '*/*', 'Connection': 'keep-alive'} 
 body=None 
 </msg>
<msg time="2024-05-09T04:19:58.779247" level="INFO">GET Response : url=https://randomuser.me/api 
 status=200, reason=OK 
 headers={'Date': 'Thu, 09 May 2024 04:19:58 GMT', 'Content-Type': 'application/json; charset=utf-8', 'Transfer-Encoding': 'chunked', 'Connection': 'keep-alive', 'X-Powered-By': 'Express', 'Access-Control-Allow-Origin': '*', 'Cache-Control': 'no-cache', 'ETag': 'W/"49e-7FARkuavrLiysByJ7w7aUx1k4jA"', 'Vary': 'Accept-Encoding', 'Content-Encoding': 'gzip', 'CF-Cache-Status': 'DYNAMIC', 'Report-To': '{"endpoints":[{"url":"https:\\/\\/a.nel.cloudflare.com\\/report\\/v4?s=S6R%2BzMFtOK8DGnVUbdEwYV4U2lU%2BpYRSSQySLC7TvNnDdAC5CLP7LbVzEXWH9QTHcV2BnHxAjQgoJL6241SLTMudLUbtECFUnsZlbgM5sSUM0YYfwRM2mFfrSYiehS%2Fw"}],"group":"cf-nel","max_age":604800}', 'NEL': '{"success_fraction":0,"report_to":"cf-nel","max_age":604800}', 'Server': 'cloudflare', 'CF-RAY': '880ee4f3da51fabe-SJC', 'alt-svc': 'h3=":443"; ma=86400'} 
 body={"results":[{"gender":"female","name":{"title":"Ms","first":"Leonore","last":"Friese"},"location":{"street":{"number":360,"name":"Kirchplatz"},"city":"Miesbach","state":"Brandenburg","country":"Germany","postcode":45761,"coordinates":{"latitude":"-54.4930","longitude":"41.6155"},"timezone":{"offset":"+10:00","description":"Eastern Australia, Guam, Vladivostok"}},"email":"leonore.friese@example.com","login":{"uuid":"93ff0893-6263-4e73-9ec8-06388ca28349","username":"orangebear481","password":"rockwell","salt":"lzn4Cpg7","md5":"9767667eeb051038bd1901d704463516","sha1":"0068dbb12381aa1b372d605e3d38bc022f5ac5c7","sha256":"d51b9cf8d12f90e82c2103c605c4a507d27a440283d4c9f14eeba2bb437c1a03"},"dob":{"date":"1957-02-02T09:52:46.791Z","age":67},"registered":{"date":"2012-11-06T19:27:53.933Z","age":11},"phone":"0761-5225870","cell":"0175-0764329","id":{"name":"SVNR","value":"46 020257 F 894"},"picture":{"large":"https://randomuser.me/api/portraits/women/48.jpg","medium":"https://randomuser.me/api/portraits/med/women/48.jpg","thumbnail":"https://randomuser.me/api/portraits/thumb/women/48.jpg"},"nat":"DE"}],"info":{"seed":"ab82740849c563f1","results":1,"page":1,"version":"1.4"}} 
 </msg>
<msg time="2024-05-09T04:19:58.779327" level="INFO">/opt/hostedtoolcache/Python/3.12.3/x64/lib/python3.12/site-packages/urllib3/connectionpool.py:1103: InsecureRequestWarning: Unverified HTTPS request is being made to host 'randomuser.me'. Adding certificate verification is strongly advised. See: https://urllib3.readthedocs.io/en/latest/advanced-usage.html#tls-warnings
  warnings.warn(</msg>
<msg time="2024-05-09T04:19:58.779463" level="INFO">${response} = &lt;Response [200]&gt;</msg>
<var>${response}</var>
<arg>consultarAPI</arg>
<arg>/api</arg>
<doc>Sends a GET request on a previously created HTTP Session.</doc>
<status status="PASS" start="2024-05-09T04:19:58.691772" elapsed="0.087725"/>
</kw>
<kw name="Set Variable" owner="BuiltIn">
<msg time="2024-05-09T04:19:58.780634" level="INFO">${json_data} = {'results': [{'gender': 'female', 'name': {'title': 'Ms', 'first': 'Leonore', 'last': 'Friese'}, 'location': {'street': {'number': 360, 'name': 'Kirchplatz'}, 'city': 'Miesbach', 'state': 'Brandenburg...</msg>
<var>${json_data}</var>
<arg>${response.json()}</arg>
<doc>Returns the given values which can then be assigned to a variables.</doc>
<status status="PASS" start="2024-05-09T04:19:58.780113" elapsed="0.000549"/>
</kw>
<kw name="Log" owner="BuiltIn">
<msg time="2024-05-09T04:19:58.781132" level="INFO">{'results': [{'gender': 'female', 'name': {'title': 'Ms', 'first': 'Leonore', 'last': 'Friese'}, 'location': {'street': {'number': 360, 'name': 'Kirchplatz'}, 'city': 'Miesbach', 'state': 'Brandenburg', 'country': 'Germany', 'postcode': 45761, 'coordinates': {'latitude': '-54.4930', 'longitude': '41.6155'}, 'timezone': {'offset': '+10:00', 'description': 'Eastern Australia, Guam, Vladivostok'}}, 'email': 'leonore.friese@example.com', 'login': {'uuid': '93ff0893-6263-4e73-9ec8-06388ca28349', 'username': 'orangebear481', 'password': 'rockwell', 'salt': 'lzn4Cpg7', 'md5': '9767667eeb051038bd1901d704463516', 'sha1': '0068dbb12381aa1b372d605e3d38bc022f5ac5c7', 'sha256': 'd51b9cf8d12f90e82c2103c605c4a507d27a440283d4c9f14eeba2bb437c1a03'}, 'dob': {'date': '1957-02-02T09:52:46.791Z', 'age': 67}, 'registered': {'date': '2012-11-06T19:27:53.933Z', 'age': 11}, 'phone': '0761-5225870', 'cell': '0175-0764329', 'id': {'name': 'SVNR', 'value': '46 020257 F 894'}, 'picture': {'large': 'https://randomuser.me/api/portraits/women/48.jpg', 'medium': 'https://randomuser.me/api/portraits/med/women/48.jpg', 'thumbnail': 'https://randomuser.me/api/portraits/thumb/women/48.jpg'}, 'nat': 'DE'}], 'info': {'seed': 'ab82740849c563f1', 'results': 1, 'page': 1, 'version': '1.4'}}</msg>
<arg>${json_data}</arg>
<doc>Logs the given message with the given level.</doc>
<status status="PASS" start="2024-05-09T04:19:58.780977" elapsed="0.000273"/>
</kw>
<kw name="Should Be String" owner="String">
<arg>${json_data['results'][0]['gender']}</arg>
<doc>Fails if the given ``item`` is not a string.</doc>
<status status="PASS" start="2024-05-09T04:19:58.781564" elapsed="0.000367"/>
</kw>
<kw name="Should Match Regexp" owner="BuiltIn">
<arg>${json_data['results'][0]['email']}</arg>
<arg>^[a-zA-Z0-9._%+-]+@[a-zA-Z0-9.-]+\.[a-zA-Z]{2,}$</arg>
<doc>Fails if ``string`` does not match ``pattern`` as a regular expression.</doc>
<status status="PASS" start="2024-05-09T04:19:58.782124" elapsed="0.000518"/>
</kw>
<kw name="Should Match Regexp" owner="BuiltIn">
<arg>${json_data['results'][0]['dob']['date']}</arg>
<arg>\\d{4}-\\d{2}-\\d{2}T\\d{2}:\\d{2}:\\d{2}\\.\\d{3}Z</arg>
<doc>Fails if ``string`` does not match ``pattern`` as a regular expression.</doc>
<status status="PASS" start="2024-05-09T04:19:58.782838" elapsed="0.000494"/>
</kw>
<kw name="Should Match Regexp" owner="BuiltIn">
<arg>${json_data['results'][0]['registered']['date']}</arg>
<arg>\\d{4}-\\d{2}-\\d{2}T\\d{2}:\\d{2}:\\d{2}\\.\\d{3}Z</arg>
<doc>Fails if ``string`` does not match ``pattern`` as a regular expression.</doc>
<status status="PASS" start="2024-05-09T04:19:58.783525" elapsed="0.000374"/>
</kw>
<kw name="Should Match Regexp" owner="BuiltIn">
<arg>${json_data['results'][0]['picture']['large']}</arg>
<arg>^https?://.*\.(?:png|jpe?g|gif|bmp)$</arg>
<doc>Fails if ``string`` does not match ``pattern`` as a regular expression.</doc>
<status status="PASS" start="2024-05-09T04:19:58.784086" elapsed="0.000465"/>
</kw>
<kw name="Should Match Regexp" owner="BuiltIn">
<arg>${json_data['results'][0]['picture']['medium']}</arg>
<arg>^https?://.*\.(?:png|jpe?g|gif|bmp)$</arg>
<doc>Fails if ``string`` does not match ``pattern`` as a regular expression.</doc>
<status status="PASS" start="2024-05-09T04:19:58.784739" elapsed="0.000359"/>
</kw>
<kw name="Should Match Regexp" owner="BuiltIn">
<arg>${json_data['results'][0]['picture']['thumbnail']}</arg>
<arg>^https?://.*\.(?:png|jpe?g|gif|bmp)$</arg>
<doc>Fails if ``string`` does not match ``pattern`` as a regular expression.</doc>
<status status="PASS" start="2024-05-09T04:19:58.785323" elapsed="0.000355"/>
</kw>
<kw name="Log" owner="BuiltIn">
<msg time="2024-05-09T04:19:58.786197" level="INFO">{'large': 'https://randomuser.me/api/portraits/women/48.jpg', 'medium': 'https://randomuser.me/api/portraits/med/women/48.jpg', 'thumbnail': 'https://randomuser.me/api/portraits/thumb/women/48.jpg'}</msg>
<arg>${json_data['results'][0]['picture']}</arg>
<doc>Logs the given message with the given level.</doc>
<status status="PASS" start="2024-05-09T04:19:58.785860" elapsed="0.000379"/>
</kw>
<status status="PASS" start="2024-05-09T04:19:58.691549" elapsed="0.094952"/>
</kw>
<kw name="Teste de Tipos de Dados - Postcode" owner="random-user-service">
<kw name="GET On Session" owner="RequestsLibrary">
<msg time="2024-05-09T04:19:58.884782" level="INFO">GET Request : url=https://randomuser.me/api 
 path_url=/api 
 headers={'User-Agent': 'python-requests/2.31.0', 'Accept-Encoding': 'gzip, deflate', 'Accept': '*/*', 'Connection': 'keep-alive'} 
 body=None 
 </msg>
<msg time="2024-05-09T04:19:58.884893" level="INFO">GET Response : url=https://randomuser.me/api 
 status=200, reason=OK 
 headers={'Date': 'Thu, 09 May 2024 04:19:58 GMT', 'Content-Type': 'application/json; charset=utf-8', 'Transfer-Encoding': 'chunked', 'Connection': 'keep-alive', 'X-Powered-By': 'Express', 'Access-Control-Allow-Origin': '*', 'Cache-Control': 'no-cache', 'ETag': 'W/"494-Vlq5ZsaWcA6tk+GOeC6s0OF1BSs"', 'Vary': 'Accept-Encoding', 'Content-Encoding': 'gzip', 'CF-Cache-Status': 'DYNAMIC', 'Report-To': '{"endpoints":[{"url":"https:\\/\\/a.nel.cloudflare.com\\/report\\/v4?s=sQ9svuR%2BBMPMhjffL38ABBvGmV8aa63ENN97zCf6jxzyR5ManzEn5pCk6sV1%2BkCwCLTH8oDYp4Hld7j6UvBVeji8uke5u0SrpRi5KcEQzLYlvdK4rWId2KQWOv8zMCT0"}],"group":"cf-nel","max_age":604800}', 'NEL': '{"success_fraction":0,"report_to":"cf-nel","max_age":604800}', 'Server': 'cloudflare', 'CF-RAY': '880ee4f47af9fabe-SJC', 'alt-svc': 'h3=":443"; ma=86400'} 
 body={"results":[{"gender":"male","name":{"title":"Mr","first":"Hallvard","last":"Buvik"},"location":{"street":{"number":4679,"name":"Kongens gate"},"city":"Bjølstad","state":"Nord-Trøndelag","country":"Norway","postcode":"8325","coordinates":{"latitude":"43.5237","longitude":"-111.0704"},"timezone":{"offset":"+5:00","description":"Ekaterinburg, Islamabad, Karachi, Tashkent"}},"email":"hallvard.buvik@example.com","login":{"uuid":"51a77072-fac0-466b-a6b5-a83ae4fb01a5","username":"redgoose699","password":"greenbay","salt":"7OYbxySO","md5":"932c8a70f8480cbadb848ea28ff752af","sha1":"4d229c7f1a858bb9840c01e1727b326ca87a3423","sha256":"0758291fa0a03758c8567b17277ac49fd62668c42a621c8144ffa86d6f4f3631"},"dob":{"date":"1974-01-04T21:56:02.839Z","age":50},"registered":{"date":"2006-02-14T16:16:27.444Z","age":18},"phone":"83970063","cell":"46069713","id":{"name":"FN","value":"04017415986"},"picture":{"large":"https://randomuser.me/api/portraits/men/64.jpg","medium":"https://randomuser.me/api/portraits/med/men/64.jpg","thumbnail":"https://randomuser.me/api/portraits/thumb/men/64.jpg"},"nat":"NO"}],"info":{"seed":"82442d5d802665c4","results":1,"page":1,"version":"1.4"}} 
 </msg>
<msg time="2024-05-09T04:19:58.884973" level="INFO">/opt/hostedtoolcache/Python/3.12.3/x64/lib/python3.12/site-packages/urllib3/connectionpool.py:1103: InsecureRequestWarning: Unverified HTTPS request is being made to host 'randomuser.me'. Adding certificate verification is strongly advised. See: https://urllib3.readthedocs.io/en/latest/advanced-usage.html#tls-warnings
  warnings.warn(</msg>
<msg time="2024-05-09T04:19:58.885134" level="INFO">${response} = &lt;Response [200]&gt;</msg>
<var>${response}</var>
<arg>consultarAPI</arg>
<arg>/api</arg>
<doc>Sends a GET request on a previously created HTTP Session.</doc>
<status status="PASS" start="2024-05-09T04:19:58.786973" elapsed="0.098248"/>
</kw>
<kw name="Set Variable" owner="BuiltIn">
<msg time="2024-05-09T04:19:58.886354" level="INFO">${json_data} = {'results': [{'gender': 'male', 'name': {'title': 'Mr', 'first': 'Hallvard', 'last': 'Buvik'}, 'location': {'street': {'number': 4679, 'name': 'Kongens gate'}, 'city': 'Bjølstad', 'state': 'Nord-Trønd...</msg>
<var>${json_data}</var>
<arg>${response.json()}</arg>
<doc>Returns the given values which can then be assigned to a variables.</doc>
<status status="PASS" start="2024-05-09T04:19:58.885826" elapsed="0.000556"/>
</kw>
<kw name="Log" owner="BuiltIn">
<msg time="2024-05-09T04:19:58.886838" level="INFO">{'results': [{'gender': 'male', 'name': {'title': 'Mr', 'first': 'Hallvard', 'last': 'Buvik'}, 'location': {'street': {'number': 4679, 'name': 'Kongens gate'}, 'city': 'Bjølstad', 'state': 'Nord-Trøndelag', 'country': 'Norway', 'postcode': '8325', 'coordinates': {'latitude': '43.5237', 'longitude': '-111.0704'}, 'timezone': {'offset': '+5:00', 'description': 'Ekaterinburg, Islamabad, Karachi, Tashkent'}}, 'email': 'hallvard.buvik@example.com', 'login': {'uuid': '51a77072-fac0-466b-a6b5-a83ae4fb01a5', 'username': 'redgoose699', 'password': 'greenbay', 'salt': '7OYbxySO', 'md5': '932c8a70f8480cbadb848ea28ff752af', 'sha1': '4d229c7f1a858bb9840c01e1727b326ca87a3423', 'sha256': '0758291fa0a03758c8567b17277ac49fd62668c42a621c8144ffa86d6f4f3631'}, 'dob': {'date': '1974-01-04T21:56:02.839Z', 'age': 50}, 'registered': {'date': '2006-02-14T16:16:27.444Z', 'age': 18}, 'phone': '83970063', 'cell': '46069713', 'id': {'name': 'FN', 'value': '04017415986'}, 'picture': {'large': 'https://randomuser.me/api/portraits/men/64.jpg', 'medium': 'https://randomuser.me/api/portraits/med/men/64.jpg', 'thumbnail': 'https://randomuser.me/api/portraits/thumb/men/64.jpg'}, 'nat': 'NO'}], 'info': {'seed': '82442d5d802665c4', 'results': 1, 'page': 1, 'version': '1.4'}}</msg>
<arg>${json_data}</arg>
<doc>Logs the given message with the given level.</doc>
<status status="PASS" start="2024-05-09T04:19:58.886683" elapsed="0.000238"/>
</kw>
<kw name="Should Be Equal As Numbers" owner="BuiltIn">
<arg>${json_data['results'][0]['location']['postcode']}</arg>
<arg>${json_data['results'][0]['location']['postcode']}</arg>
<doc>Fails if objects are unequal after converting them to real numbers.</doc>
<status status="PASS" start="2024-05-09T04:19:58.887218" elapsed="0.000797"/>
</kw>
<kw name="Log" owner="BuiltIn">
<msg time="2024-05-09T04:19:58.888556" level="INFO">8325</msg>
<arg>${json_data['results'][0]['location']['postcode']}</arg>
<doc>Logs the given message with the given level.</doc>
<status status="PASS" start="2024-05-09T04:19:58.888208" elapsed="0.000387"/>
</kw>
<status status="PASS" start="2024-05-09T04:19:58.786736" elapsed="0.102113"/>
</kw>
<doc>Testa se os tipos de dados na resposta da API estão corretos.</doc>
<tag>testeTiposDados</tag>
<status status="PASS" start="2024-05-09T04:19:58.691096" elapsed="0.197923"/>
</test>
<test id="s1-s1-t5" name="Validar conteudo" line="35">
<kw name="Teste de Tipos de Conteudo" owner="random-user-service">
<kw name="GET On Session" owner="RequestsLibrary">
<msg time="2024-05-09T04:19:59.001637" level="INFO">GET Request : url=https://randomuser.me/api 
 path_url=/api 
 headers={'User-Agent': 'python-requests/2.31.0', 'Accept-Encoding': 'gzip, deflate', 'Accept': '*/*', 'Connection': 'keep-alive'} 
 body=None 
 </msg>
<msg time="2024-05-09T04:19:59.001752" level="INFO">GET Response : url=https://randomuser.me/api 
 status=200, reason=OK 
 headers={'Date': 'Thu, 09 May 2024 04:19:59 GMT', 'Content-Type': 'application/json; charset=utf-8', 'Transfer-Encoding': 'chunked', 'Connection': 'keep-alive', 'X-Powered-By': 'Express', 'Access-Control-Allow-Origin': '*', 'Cache-Control': 'no-cache', 'ETag': 'W/"480-KPtR46g+EUgrac1yXUmzsc04JoY"', 'Vary': 'Accept-Encoding', 'Content-Encoding': 'gzip', 'CF-Cache-Status': 'DYNAMIC', 'Report-To': '{"endpoints":[{"url":"https:\\/\\/a.nel.cloudflare.com\\/report\\/v4?s=ghYZYpIj3z3vU5p1j4k5v4qtPw6Ni8s0CHvCMCnpBiOZs1rTxtufpAu7FYzikvU99i20d13dJRjoMUCkL%2B25PBHFHu4b6Yg%2BEyz2Remm298WI5tNurggFZUXunKkPvpA"}],"group":"cf-nel","max_age":604800}', 'NEL': '{"success_fraction":0,"report_to":"cf-nel","max_age":604800}', 'Server': 'cloudflare', 'CF-RAY': '880ee4f51b8dfabe-SJC', 'alt-svc': 'h3=":443"; ma=86400'} 
 body={"results":[{"gender":"female","name":{"title":"Mrs","first":"Troyana","last":"Shvachko"},"location":{"street":{"number":9792,"name":"Akademika Degtyarova"},"city":"Rozhishche","state":"Hmelnicka","country":"Ukraine","postcode":20229,"coordinates":{"latitude":"79.6438","longitude":"60.9059"},"timezone":{"offset":"-10:00","description":"Hawaii"}},"email":"troyana.shvachko@example.com","login":{"uuid":"ef91f4be-1e58-40d0-a2ac-53b8415aeef2","username":"silvergoose302","password":"ninja","salt":"5uGcZbAj","md5":"771cb9024989cbd50a5596d50adf407f","sha1":"28e015ff6e67aef0420c8a7b12655daf371911b1","sha256":"d8b39a676b39ff1fe655fbb4c21e160577498e8c3877de01f7509ba4ac3c78f7"},"dob":{"date":"1985-01-21T12:34:51.452Z","age":39},"registered":{"date":"2012-12-18T17:54:59.339Z","age":11},"phone":"(066) I69-9914","cell":"(098) F36-4629","id":{"name":"","value":null},"picture":{"large":"https://randomuser.me/api/portraits/women/25.jpg","medium":"https://randomuser.me/api/portraits/med/women/25.jpg","thumbnail":"https://randomuser.me/api/portraits/thumb/women/25.jpg"},"nat":"UA"}],"info":{"seed":"fc19ca253db26d8d","results":1,"page":1,"version":"1.4"}} 
 </msg>
<msg time="2024-05-09T04:19:59.001834" level="INFO">/opt/hostedtoolcache/Python/3.12.3/x64/lib/python3.12/site-packages/urllib3/connectionpool.py:1103: InsecureRequestWarning: Unverified HTTPS request is being made to host 'randomuser.me'. Adding certificate verification is strongly advised. See: https://urllib3.readthedocs.io/en/latest/advanced-usage.html#tls-warnings
  warnings.warn(</msg>
<msg time="2024-05-09T04:19:59.002007" level="INFO">${response} = &lt;Response [200]&gt;</msg>
<var>${response}</var>
<arg>consultarAPI</arg>
<arg>/api</arg>
<doc>Sends a GET request on a previously created HTTP Session.</doc>
<status status="PASS" start="2024-05-09T04:19:58.891549" elapsed="0.110507"/>
</kw>
<kw name="Set Variable" owner="BuiltIn">
<msg time="2024-05-09T04:19:59.003049" level="INFO">${json_data} = {'results': [{'gender': 'female', 'name': {'title': 'Mrs', 'first': 'Troyana', 'last': 'Shvachko'}, 'location': {'street': {'number': 9792, 'name': 'Akademika Degtyarova'}, 'city': 'Rozhishche', 'stat...</msg>
<var>${json_data}</var>
<arg>${response.json()}</arg>
<doc>Returns the given values which can then be assigned to a variables.</doc>
<status status="PASS" start="2024-05-09T04:19:59.002546" elapsed="0.000530"/>
</kw>
<kw name="Set Variable" owner="BuiltIn">
<msg time="2024-05-09T04:19:59.003761" level="INFO">${name_title} = Mrs</msg>
<var>${name_title}</var>
<arg>${json_data["results"][0]["name"]["title"]}</arg>
<doc>Returns the given values which can then be assigned to a variables.</doc>
<status status="PASS" start="2024-05-09T04:19:59.003376" elapsed="0.000410"/>
</kw>
<kw name="Create List" owner="BuiltIn">
<msg time="2024-05-09T04:19:59.004230" level="INFO">${allowed_titles} = ['Mr', 'Ms', 'Miss', 'Mrs', 'Madame', 'Monsieur']</msg>
<var>${allowed_titles}</var>
<arg>Mr</arg>
<arg>Ms</arg>
<arg>Miss</arg>
<arg>Mrs</arg>
<arg>Madame</arg>
<arg>Monsieur</arg>
<doc>Returns a list containing given items.</doc>
<status status="PASS" start="2024-05-09T04:19:59.004081" elapsed="0.000173"/>
</kw>
<kw name="List Should Contain Value" owner="Collections">
<msg time="2024-05-09T04:19:59.004724" level="INFO">False</msg>
<arg>${allowed_titles}</arg>
<arg>${name_title}</arg>
<doc>Fails if the ``value`` is not found from ``list``.</doc>
<status status="PASS" start="2024-05-09T04:19:59.004550" elapsed="0.000209"/>
</kw>
<kw name="Set Variable" owner="BuiltIn">
<msg time="2024-05-09T04:19:59.005470" level="INFO">${name_country} = UA</msg>
<var>${name_country}</var>
<arg>${json_data["results"][0]["nat"]}</arg>
<doc>Returns the given values which can then be assigned to a variables.</doc>
<status status="PASS" start="2024-05-09T04:19:59.005053" elapsed="0.000442"/>
</kw>
<kw name="Create List" owner="BuiltIn">
<msg time="2024-05-09T04:19:59.006420" level="INFO">${list_country} = ['AD', 'AE', 'AF', 'AG', 'AI', 'AL', 'AM', 'AO', 'AQ', 'AR', 'AS', 'AT', 'AU', 'AW', 'AX', 'AZ', 'BA', 'BB', 'BD', 'BE', 'BF', 'BG', 'BH', 'BI', 'BJ', 'BL', 'BM', 'BN', 'BO', 'BQ', 'BR', 'BS', 'BT', '...</msg>
<var>${list_country}</var>
<arg>AD</arg>
<arg>AE</arg>
<arg>AF</arg>
<arg>AG</arg>
<arg>AI</arg>
<arg>AL</arg>
<arg>AM</arg>
<arg>AO</arg>
<arg>AQ</arg>
<arg>AR</arg>
<arg>AS</arg>
<arg>AT</arg>
<arg>AU</arg>
<arg>AW</arg>
<arg>AX</arg>
<arg>AZ</arg>
<arg>BA</arg>
<arg>BB</arg>
<arg>BD</arg>
<arg>BE</arg>
<arg>BF</arg>
<arg>BG</arg>
<arg>BH</arg>
<arg>BI</arg>
<arg>BJ</arg>
<arg>BL</arg>
<arg>BM</arg>
<arg>BN</arg>
<arg>BO</arg>
<arg>BQ</arg>
<arg>BR</arg>
<arg>BS</arg>
<arg>BT</arg>
<arg>BV</arg>
<arg>BW</arg>
<arg>BY</arg>
<arg>BZ</arg>
<arg>CA</arg>
<arg>CC</arg>
<arg>CD</arg>
<arg>CF</arg>
<arg>CG</arg>
<arg>CH</arg>
<arg>CI</arg>
<arg>CK</arg>
<arg>CL</arg>
<arg>CM</arg>
<arg>CN</arg>
<arg>CO</arg>
<arg>CR</arg>
<arg>CU</arg>
<arg>CV</arg>
<arg>CW</arg>
<arg>CX</arg>
<arg>CY</arg>
<arg>CZ</arg>
<arg>DE</arg>
<arg>DJ</arg>
<arg>DK</arg>
<arg>DM</arg>
<arg>DO</arg>
<arg>DZ</arg>
<arg>EC</arg>
<arg>EE</arg>
<arg>EG</arg>
<arg>EH</arg>
<arg>ER</arg>
<arg>ES</arg>
<arg>ET</arg>
<arg>FI</arg>
<arg>FJ</arg>
<arg>FK</arg>
<arg>FM</arg>
<arg>FO</arg>
<arg>FR</arg>
<arg>GA</arg>
<arg>GB</arg>
<arg>GD</arg>
<arg>GE</arg>
<arg>GF</arg>
<arg>GG</arg>
<arg>GH</arg>
<arg>GI</arg>
<arg>GL</arg>
<arg>GM</arg>
<arg>GN</arg>
<arg>GP</arg>
<arg>GQ</arg>
<arg>GR</arg>
<arg>GS</arg>
<arg>GT</arg>
<arg>GU</arg>
<arg>GW</arg>
<arg>GY</arg>
<arg>HK</arg>
<arg>HM</arg>
<arg>HN</arg>
<arg>HR</arg>
<arg>HT</arg>
<arg>HU</arg>
<arg>ID</arg>
<arg>IE</arg>
<arg>IL</arg>
<arg>IM</arg>
<arg>IN</arg>
<arg>IO</arg>
<arg>IQ</arg>
<arg>IR</arg>
<arg>IS</arg>
<arg>IT</arg>
<arg>JE</arg>
<arg>JM</arg>
<arg>JO</arg>
<arg>JP</arg>
<arg>KE</arg>
<arg>KG</arg>
<arg>KH</arg>
<arg>KI</arg>
<arg>KM</arg>
<arg>KN</arg>
<arg>KP</arg>
<arg>KR</arg>
<arg>KW</arg>
<arg>KY</arg>
<arg>KZ</arg>
<arg>LA</arg>
<arg>LB</arg>
<arg>LC</arg>
<arg>LI</arg>
<arg>LK</arg>
<arg>LR</arg>
<arg>LS</arg>
<arg>LT</arg>
<arg>LU</arg>
<arg>LV</arg>
<arg>LY</arg>
<arg>MA</arg>
<arg>MC</arg>
<arg>MD</arg>
<arg>ME</arg>
<arg>MF</arg>
<arg>MG</arg>
<arg>MH</arg>
<arg>MK</arg>
<arg>ML</arg>
<arg>MM</arg>
<arg>MN</arg>
<arg>MO</arg>
<arg>MP</arg>
<arg>MQ</arg>
<arg>MR</arg>
<arg>MS</arg>
<arg>MT</arg>
<arg>MU</arg>
<arg>MV</arg>
<arg>MW</arg>
<arg>MX</arg>
<arg>MY</arg>
<arg>MZ</arg>
<arg>NA</arg>
<arg>NC</arg>
<arg>NE</arg>
<arg>NF</arg>
<arg>NG</arg>
<arg>NI</arg>
<arg>NL</arg>
<arg>NO</arg>
<arg>NP</arg>
<arg>NR</arg>
<arg>NU</arg>
<arg>NZ</arg>
<arg>OM</arg>
<arg>PA</arg>
<arg>PE</arg>
<arg>PF</arg>
<arg>PG</arg>
<arg>PH</arg>
<arg>PK</arg>
<arg>PL</arg>
<arg>PM</arg>
<arg>PN</arg>
<arg>PR</arg>
<arg>PS</arg>
<arg>PT</arg>
<arg>PW</arg>
<arg>PY</arg>
<arg>QA</arg>
<arg>RE</arg>
<arg>RO</arg>
<arg>RS</arg>
<arg>RU</arg>
<arg>RW</arg>
<arg>SA</arg>
<arg>SB</arg>
<arg>SC</arg>
<arg>SD</arg>
<arg>SE</arg>
<arg>SG</arg>
<arg>SH</arg>
<arg>SI</arg>
<arg>SJ</arg>
<arg>SK</arg>
<arg>SL</arg>
<arg>SM</arg>
<arg>SN</arg>
<arg>SO</arg>
<arg>SR</arg>
<arg>SS</arg>
<arg>ST</arg>
<arg>SV</arg>
<arg>SX</arg>
<arg>SY</arg>
<arg>SZ</arg>
<arg>TC</arg>
<arg>TD</arg>
<arg>TF</arg>
<arg>TG</arg>
<arg>TH</arg>
<arg>TJ</arg>
<arg>TK</arg>
<arg>TL</arg>
<arg>TM</arg>
<arg>TN</arg>
<arg>TO</arg>
<arg>TR</arg>
<arg>TT</arg>
<arg>TV</arg>
<arg>TW</arg>
<arg>TZ</arg>
<arg>UA</arg>
<arg>UG</arg>
<arg>UM</arg>
<arg>US</arg>
<arg>UY</arg>
<arg>UZ</arg>
<arg>VA</arg>
<arg>VC</arg>
<arg>VE</arg>
<arg>VG</arg>
<arg>VI</arg>
<arg>VN</arg>
<arg>VU</arg>
<arg>WF</arg>
<arg>WS</arg>
<arg>XK</arg>
<arg>YE</arg>
<arg>YT</arg>
<arg>ZA</arg>
<arg>ZM</arg>
<arg>ZW</arg>
<doc>Returns a list containing given items.</doc>
<status status="PASS" start="2024-05-09T04:19:59.005795" elapsed="0.000650"/>
</kw>
<kw name="List Should Contain Value" owner="Collections">
<msg time="2024-05-09T04:19:59.007443" level="INFO">False</msg>
<arg>${list_country}</arg>
<arg>${name_country}</arg>
<doc>Fails if the ``value`` is not found from ``list``.</doc>
<status status="PASS" start="2024-05-09T04:19:59.007243" elapsed="0.000235"/>
</kw>
<kw name="Run Keyword If" owner="BuiltIn">
<kw name="Should Be True" owner="BuiltIn">
<arg>${True}</arg>
<doc>Fails if the given condition is not true.</doc>
<status status="PASS" start="2024-05-09T04:19:59.008537" elapsed="0.000142"/>
</kw>
<arg>${json_data["results"][0]["location"]["coordinates"]["latitude"]} &gt;= -90 and ${json_data["results"][0]["location"]["coordinates"]["latitude"]} &lt;= 90</arg>
<arg>Should Be True</arg>
<arg>${True}</arg>
<doc>Runs the given keyword with the given arguments, if ``condition`` is true.</doc>
<status status="PASS" start="2024-05-09T04:19:59.007786" elapsed="0.001018"/>
</kw>
<kw name="Run Keyword If" owner="BuiltIn">
<kw name="Should Be True" owner="BuiltIn">
<arg>${True}</arg>
<doc>Fails if the given condition is not true.</doc>
<status status="PASS" start="2024-05-09T04:19:59.009743" elapsed="0.000253"/>
</kw>
<arg>${json_data["results"][0]["location"]["coordinates"]["longitude"]} &gt;= -180 and ${json_data["results"][0]["location"]["coordinates"]["longitude"]} &lt;= 180</arg>
<arg>Should Be True</arg>
<arg>${True}</arg>
<doc>Runs the given keyword with the given arguments, if ``condition`` is true.</doc>
<status status="PASS" start="2024-05-09T04:19:59.008986" elapsed="0.001136"/>
</kw>
<status status="PASS" start="2024-05-09T04:19:58.891321" elapsed="0.118931"/>
</kw>
<doc>Testa o conteúdo específico dos campos retornados pela API.</doc>
<tag>testeConteudo</tag>
<status status="PASS" start="2024-05-09T04:19:58.890820" elapsed="0.119583"/>
</test>
<status status="PASS" start="2024-05-09T04:19:58.135450" elapsed="0.876965"/>
</suite>
<status status="PASS" start="2024-05-09T04:19:58.121555" elapsed="0.895986"/>
</suite>
<statistics>
<total>
<stat pass="5" fail="0" skip="0">All Tests</stat>
</total>
<tag>
<stat pass="1" fail="0" skip="0">testeConteudo</stat>
<stat pass="1" fail="0" skip="0">testeEstruturaResposta</stat>
<stat pass="1" fail="0" skip="0">testeRequisicaoBasica</stat>
<stat pass="1" fail="0" skip="0">testeTiposDados</stat>
</tag>
<suite>
<stat pass="5" fail="0" skip="0" id="s1" name="Tests">Tests</stat>
<stat pass="5" fail="0" skip="0" id="s1-s1" name="Random-User-Test">Tests.Random-User-Test</stat>
</suite>
</statistics>
<errors>
</errors>
</robot>
