<?xml version="1.0" encoding="UTF-8"?>
<robot generator="Robot 7.0.1 (Python 3.12.4 on linux)" generated="2024-07-29T19:12:23.031997" rpa="false" schemaversion="5">
<suite id="s1" name="Tests" source="/home/runner/work/ApiRandomUser/ApiRandomUser/RamdonUser/tests">
<suite id="s1-s1" name="Random-User-Test" source="/home/runner/work/ApiRandomUser/ApiRandomUser/RamdonUser/tests/random-user-test.robot">
<test id="s1-s1-t1" name="Conectar" line="13">
<kw name="Conectar API" owner="random-user-service">
<kw name="Create Session" owner="RequestsLibrary">
<msg time="2024-07-29T19:12:23.445936" level="INFO">Creating Session using : alias=consultarAPI, url=https://randomuser.me/, headers={},                     cookies={}, auth=None, timeout=None, proxies=None, verify=False,                     debug=0 </msg>
<arg>consultarAPI</arg>
<arg>${URL}</arg>
<doc>Create Session: create a HTTP session to a server</doc>
<status status="PASS" start="2024-07-29T19:12:23.445710" elapsed="0.000429"/>
</kw>
<status status="PASS" start="2024-07-29T19:12:23.444578" elapsed="0.001949"/>
</kw>
<status status="PASS" start="2024-07-29T19:12:23.443822" elapsed="0.002911"/>
</test>
<test id="s1-s1-t2" name="Validar retorno 200 e JSON Válido" line="16">
<kw name="Teste de Requisicao Basica" owner="random-user-service">
<kw name="GET On Session" owner="RequestsLibrary">
<msg time="2024-07-29T19:12:23.744821" level="INFO">GET Request : url=https://randomuser.me/api 
 path_url=/api 
 headers={'User-Agent': 'python-requests/2.32.3', 'Accept-Encoding': 'gzip, deflate', 'Accept': '*/*', 'Connection': 'keep-alive'} 
 body=None 
 </msg>
<msg time="2024-07-29T19:12:23.744975" level="INFO">GET Response : url=https://randomuser.me/api 
 status=200, reason=OK 
 headers={'Date': 'Mon, 29 Jul 2024 19:12:23 GMT', 'Content-Type': 'application/json; charset=utf-8', 'Transfer-Encoding': 'chunked', 'Connection': 'keep-alive', 'X-Powered-By': 'Express', 'Access-Control-Allow-Origin': '*', 'Cache-Control': 'no-cache', 'ETag': 'W/"479-oYmrdBOV3PyeUXCoEByrjNPyrWc"', 'Vary': 'Accept-Encoding', 'Content-Encoding': 'gzip', 'CF-Cache-Status': 'DYNAMIC', 'Report-To': '{"endpoints":[{"url":"https:\\/\\/a.nel.cloudflare.com\\/report\\/v4?s=W151TkGR5mEyRevMopoe4Kx6KE2QlcRn0bwyCr6Y9%2BDckj%2FQlsymahxZD8wOGEuXW7GQ1lNvbg%2FaHSnImeRfFBcE2upHFuQDzO9h2slMB%2Fw90Aph3NZ%2Bbs%2BdFgOMRgeY"}],"group":"cf-nel","max_age":604800}', 'NEL': '{"success_fraction":0,"report_to":"cf-nel","max_age":604800}', 'Server': 'cloudflare', 'CF-RAY': '8aaf6b92b8070957-IAD', 'alt-svc': 'h3=":443"; ma=86400'} 
 body={"results":[{"gender":"male","name":{"title":"Mr","first":"Gerardo","last":"Rojas"},"location":{"street":{"number":1589,"name":"Calle Nebrija"},"city":"Gandía","state":"Navarra","country":"Spain","postcode":36681,"coordinates":{"latitude":"-31.2024","longitude":"-14.2771"},"timezone":{"offset":"-12:00","description":"Eniwetok, Kwajalein"}},"email":"gerardo.rojas@example.com","login":{"uuid":"6c02e4e4-102f-46bc-9b74-50f28ee95ea5","username":"heavyelephant431","password":"qweasd","salt":"ecj0AQXe","md5":"a229e06581fdb63a8b6b0bf0615ba9dc","sha1":"e5958a13f2566527ff12f56886cecb55c1376c01","sha256":"f8471936c1eebc8500683ae3291b38968d3eeb1013df79e90af0959cdd5d9a9d"},"dob":{"date":"1946-12-23T20:48:13.242Z","age":77},"registered":{"date":"2021-10-19T04:23:40.730Z","age":2},"phone":"959-953-863","cell":"637-686-141","id":{"name":"DNI","value":"31575838-S"},"picture":{"large":"https://randomuser.me/api/portraits/men/18.jpg","medium":"https://randomuser.me/api/portraits/med/men/18.jpg","thumbnail":"https://randomuser.me/api/portraits/thumb/men/18.jpg"},"nat":"ES"}],"info":{"seed":"43206b17fb540006","results":1,"page":1,"version":"1.4"}} 
 </msg>
<msg time="2024-07-29T19:12:23.745054" level="INFO">/opt/hostedtoolcache/Python/3.12.4/x64/lib/python3.12/site-packages/urllib3/connectionpool.py:1099: InsecureRequestWarning: Unverified HTTPS request is being made to host 'randomuser.me'. Adding certificate verification is strongly advised. See: https://urllib3.readthedocs.io/en/latest/advanced-usage.html#tls-warnings
  warnings.warn(</msg>
<msg time="2024-07-29T19:12:23.745184" level="INFO">${response} = &lt;Response [200]&gt;</msg>
<var>${response}</var>
<arg>consultarAPI</arg>
<arg>/api</arg>
<doc>Sends a GET request on a previously created HTTP Session.</doc>
<status status="PASS" start="2024-07-29T19:12:23.449569" elapsed="0.295647"/>
</kw>
<kw name="Should Be Equal As Numbers" owner="BuiltIn">
<msg time="2024-07-29T19:12:23.746303" level="INFO">Argument types are:
&lt;class 'int'&gt;
&lt;class 'str'&gt;</msg>
<arg>${response.status_code}</arg>
<arg>200</arg>
<doc>Fails if objects are unequal after converting them to real numbers.</doc>
<status status="PASS" start="2024-07-29T19:12:23.745852" elapsed="0.000514"/>
</kw>
<kw name="Log" owner="BuiltIn">
<msg time="2024-07-29T19:12:23.747036" level="INFO">200</msg>
<arg>${response.status_code}</arg>
<doc>Logs the given message with the given level.</doc>
<status status="PASS" start="2024-07-29T19:12:23.746686" elapsed="0.000392"/>
</kw>
<kw name="Set Variable" owner="BuiltIn">
<msg time="2024-07-29T19:12:23.747820" level="INFO">${json_data} = {'results': [{'gender': 'male', 'name': {'title': 'Mr', 'first': 'Gerardo', 'last': 'Rojas'}, 'location': {'street': {'number': 1589, 'name': 'Calle Nebrija'}, 'city': 'Gandía', 'state': 'Navarra', 'c...</msg>
<var>${json_data}</var>
<arg>${response.json()}</arg>
<doc>Returns the given values which can then be assigned to a variables.</doc>
<status status="PASS" start="2024-07-29T19:12:23.747379" elapsed="0.000469"/>
</kw>
<kw name="Dictionary Should Contain Key" owner="Collections">
<arg>${json_data}</arg>
<arg>results</arg>
<doc>Fails if ``key`` is not found from ``dictionary``.</doc>
<status status="PASS" start="2024-07-29T19:12:23.748149" elapsed="0.000395"/>
</kw>
<status status="PASS" start="2024-07-29T19:12:23.449305" elapsed="0.299410"/>
</kw>
<doc>Testa se a API responde corretamente e retorna um objeto JSON válido.</doc>
<tag>testeRequisicaoBasica</tag>
<status status="PASS" start="2024-07-29T19:12:23.448709" elapsed="0.300187"/>
</test>
<test id="s1-s1-t3" name="Validar estrutura de resposta" line="22">
<kw name="Teste de Estrutura de Resposta" owner="random-user-service">
<kw name="GET On Session" owner="RequestsLibrary">
<msg time="2024-07-29T19:12:23.892762" level="INFO">GET Request : url=https://randomuser.me/api 
 path_url=/api 
 headers={'User-Agent': 'python-requests/2.32.3', 'Accept-Encoding': 'gzip, deflate', 'Accept': '*/*', 'Connection': 'keep-alive'} 
 body=None 
 </msg>
<msg time="2024-07-29T19:12:23.892859" level="INFO">GET Response : url=https://randomuser.me/api 
 status=200, reason=OK 
 headers={'Date': 'Mon, 29 Jul 2024 19:12:23 GMT', 'Content-Type': 'application/json; charset=utf-8', 'Transfer-Encoding': 'chunked', 'Connection': 'keep-alive', 'X-Powered-By': 'Express', 'Access-Control-Allow-Origin': '*', 'Cache-Control': 'no-cache', 'ETag': 'W/"489-pY+AR+jVJ/h0u40aTXIxEwSL66w"', 'Vary': 'Accept-Encoding', 'Content-Encoding': 'gzip', 'CF-Cache-Status': 'DYNAMIC', 'Report-To': '{"endpoints":[{"url":"https:\\/\\/a.nel.cloudflare.com\\/report\\/v4?s=d%2BkGwW21hjzHFo3nlwMJkWTgqfcS4qbN1xrJyjKUj32K9V2GBm0LwJJ2E66N0swwiDswkW5ggk3khj3tdkDs%2FyYewC3g4FnS1m5dDYfRKP4vyfTRbaSk6T%2FaaunwdRi9"}],"group":"cf-nel","max_age":604800}', 'NEL': '{"success_fraction":0,"report_to":"cf-nel","max_age":604800}', 'Server': 'cloudflare', 'CF-RAY': '8aaf6b9479610957-IAD', 'alt-svc': 'h3=":443"; ma=86400'} 
 body={"results":[{"gender":"female","name":{"title":"Ms","first":"Juliane","last":"Øverli"},"location":{"street":{"number":7589,"name":"Bergkrystallen"},"city":"Fotlandsvåg","state":"Hedmark","country":"Norway","postcode":"3849","coordinates":{"latitude":"40.8080","longitude":"126.3843"},"timezone":{"offset":"+7:00","description":"Bangkok, Hanoi, Jakarta"}},"email":"juliane.overli@example.com","login":{"uuid":"7fddc035-d2b4-4181-82c3-b6e2531d64c3","username":"blueostrich463","password":"revolver","salt":"hTsgFerj","md5":"ac197bbc13bed3763fe5cd55cf011dac","sha1":"13fa99a4edf15a7c4a2751b54a190cb326696536","sha256":"9311c8b230fa8dda3517bcc3a774b7c5210e7438a039d3edd874e0fbda757163"},"dob":{"date":"1994-08-25T16:26:49.427Z","age":29},"registered":{"date":"2005-05-12T10:34:15.095Z","age":19},"phone":"30832828","cell":"91172972","id":{"name":"FN","value":"25089400409"},"picture":{"large":"https://randomuser.me/api/portraits/women/32.jpg","medium":"https://randomuser.me/api/portraits/med/women/32.jpg","thumbnail":"https://randomuser.me/api/portraits/thumb/women/32.jpg"},"nat":"NO"}],"info":{"seed":"fb77cb3256c61c5c","results":1,"page":1,"version":"1.4"}} 
 </msg>
<msg time="2024-07-29T19:12:23.892983" level="INFO">/opt/hostedtoolcache/Python/3.12.4/x64/lib/python3.12/site-packages/urllib3/connectionpool.py:1099: InsecureRequestWarning: Unverified HTTPS request is being made to host 'randomuser.me'. Adding certificate verification is strongly advised. See: https://urllib3.readthedocs.io/en/latest/advanced-usage.html#tls-warnings
  warnings.warn(</msg>
<msg time="2024-07-29T19:12:23.893108" level="INFO">${response} = &lt;Response [200]&gt;</msg>
<var>${response}</var>
<arg>consultarAPI</arg>
<arg>/api</arg>
<doc>Sends a GET request on a previously created HTTP Session.</doc>
<status status="PASS" start="2024-07-29T19:12:23.751530" elapsed="0.141620"/>
</kw>
<kw name="Set Variable" owner="BuiltIn">
<msg time="2024-07-29T19:12:23.894292" level="INFO">${json_data} = {'results': [{'gender': 'female', 'name': {'title': 'Ms', 'first': 'Juliane', 'last': 'Øverli'}, 'location': {'street': {'number': 7589, 'name': 'Bergkrystallen'}, 'city': 'Fotlandsvåg', 'state': 'Hed...</msg>
<var>${json_data}</var>
<arg>${response.json()}</arg>
<doc>Returns the given values which can then be assigned to a variables.</doc>
<status status="PASS" start="2024-07-29T19:12:23.893747" elapsed="0.000575"/>
</kw>
<kw name="Log" owner="BuiltIn">
<msg time="2024-07-29T19:12:23.894798" level="INFO">{'results': [{'gender': 'female', 'name': {'title': 'Ms', 'first': 'Juliane', 'last': 'Øverli'}, 'location': {'street': {'number': 7589, 'name': 'Bergkrystallen'}, 'city': 'Fotlandsvåg', 'state': 'Hedmark', 'country': 'Norway', 'postcode': '3849', 'coordinates': {'latitude': '40.8080', 'longitude': '126.3843'}, 'timezone': {'offset': '+7:00', 'description': 'Bangkok, Hanoi, Jakarta'}}, 'email': 'juliane.overli@example.com', 'login': {'uuid': '7fddc035-d2b4-4181-82c3-b6e2531d64c3', 'username': 'blueostrich463', 'password': 'revolver', 'salt': 'hTsgFerj', 'md5': 'ac197bbc13bed3763fe5cd55cf011dac', 'sha1': '13fa99a4edf15a7c4a2751b54a190cb326696536', 'sha256': '9311c8b230fa8dda3517bcc3a774b7c5210e7438a039d3edd874e0fbda757163'}, 'dob': {'date': '1994-08-25T16:26:49.427Z', 'age': 29}, 'registered': {'date': '2005-05-12T10:34:15.095Z', 'age': 19}, 'phone': '30832828', 'cell': '91172972', 'id': {'name': 'FN', 'value': '25089400409'}, 'picture': {'large': 'https://randomuser.me/api/portraits/women/32.jpg', 'medium': 'https://randomuser.me/api/portraits/med/women/32.jpg', 'thumbnail': 'https://randomuser.me/api/portraits/thumb/women/32.jpg'}, 'nat': 'NO'}], 'info': {'seed': 'fb77cb3256c61c5c', 'results': 1, 'page': 1, 'version': '1.4'}}</msg>
<arg>${json_data}</arg>
<doc>Logs the given message with the given level.</doc>
<status status="PASS" start="2024-07-29T19:12:23.894630" elapsed="0.000218"/>
</kw>
<kw name="Dictionary Should Contain Key" owner="Collections">
<arg>${json_data}</arg>
<arg>results</arg>
<doc>Fails if ``key`` is not found from ``dictionary``.</doc>
<status status="PASS" start="2024-07-29T19:12:23.895139" elapsed="0.000163"/>
</kw>
<kw name="Should Not Be Empty" owner="BuiltIn">
<msg time="2024-07-29T19:12:23.895632" level="INFO">Length is 2.</msg>
<arg>${json_data}</arg>
<doc>Verifies that the given item is not empty.</doc>
<status status="PASS" start="2024-07-29T19:12:23.895489" elapsed="0.000181"/>
</kw>
<kw name="Create List" owner="BuiltIn">
<msg time="2024-07-29T19:12:23.896107" level="INFO">${expected_keys} = ['gender', 'name', 'location', 'email', 'login']</msg>
<var>${expected_keys}</var>
<arg>gender</arg>
<arg>name</arg>
<arg>location</arg>
<arg>email</arg>
<arg>login</arg>
<doc>Returns a list containing given items.</doc>
<status status="PASS" start="2024-07-29T19:12:23.895955" elapsed="0.000175"/>
</kw>
<for flavor="IN">
<iter>
<kw name="Dictionary Should Contain Key" owner="Collections">
<arg>${json_data['results'][0]}</arg>
<arg>${key}</arg>
<doc>Fails if ``key`` is not found from ``dictionary``.</doc>
<status status="PASS" start="2024-07-29T19:12:23.896749" elapsed="0.000406"/>
</kw>
<kw name="Log" owner="BuiltIn">
<msg time="2024-07-29T19:12:23.897703" level="INFO">{'gender': 'female', 'name': {'title': 'Ms', 'first': 'Juliane', 'last': 'Øverli'}, 'location': {'street': {'number': 7589, 'name': 'Bergkrystallen'}, 'city': 'Fotlandsvåg', 'state': 'Hedmark', 'country': 'Norway', 'postcode': '3849', 'coordinates': {'latitude': '40.8080', 'longitude': '126.3843'}, 'timezone': {'offset': '+7:00', 'description': 'Bangkok, Hanoi, Jakarta'}}, 'email': 'juliane.overli@example.com', 'login': {'uuid': '7fddc035-d2b4-4181-82c3-b6e2531d64c3', 'username': 'blueostrich463', 'password': 'revolver', 'salt': 'hTsgFerj', 'md5': 'ac197bbc13bed3763fe5cd55cf011dac', 'sha1': '13fa99a4edf15a7c4a2751b54a190cb326696536', 'sha256': '9311c8b230fa8dda3517bcc3a774b7c5210e7438a039d3edd874e0fbda757163'}, 'dob': {'date': '1994-08-25T16:26:49.427Z', 'age': 29}, 'registered': {'date': '2005-05-12T10:34:15.095Z', 'age': 19}, 'phone': '30832828', 'cell': '91172972', 'id': {'name': 'FN', 'value': '25089400409'}, 'picture': {'large': 'https://randomuser.me/api/portraits/women/32.jpg', 'medium': 'https://randomuser.me/api/portraits/med/women/32.jpg', 'thumbnail': 'https://randomuser.me/api/portraits/thumb/women/32.jpg'}, 'nat': 'NO'}</msg>
<arg>${json_data['results'][0]}</arg>
<doc>Logs the given message with the given level.</doc>
<status status="PASS" start="2024-07-29T19:12:23.897344" elapsed="0.000411"/>
</kw>
<kw name="Log" owner="BuiltIn">
<msg time="2024-07-29T19:12:23.898180" level="INFO">gender</msg>
<arg>${key}</arg>
<doc>Logs the given message with the given level.</doc>
<status status="PASS" start="2024-07-29T19:12:23.898051" elapsed="0.000167"/>
</kw>
<var name="${key}">gender</var>
<status status="PASS" start="2024-07-29T19:12:23.896622" elapsed="0.001813"/>
</iter>
<iter>
<kw name="Dictionary Should Contain Key" owner="Collections">
<arg>${json_data['results'][0]}</arg>
<arg>${key}</arg>
<doc>Fails if ``key`` is not found from ``dictionary``.</doc>
<status status="PASS" start="2024-07-29T19:12:23.898746" elapsed="0.000382"/>
</kw>
<kw name="Log" owner="BuiltIn">
<msg time="2024-07-29T19:12:23.899676" level="INFO">{'gender': 'female', 'name': {'title': 'Ms', 'first': 'Juliane', 'last': 'Øverli'}, 'location': {'street': {'number': 7589, 'name': 'Bergkrystallen'}, 'city': 'Fotlandsvåg', 'state': 'Hedmark', 'country': 'Norway', 'postcode': '3849', 'coordinates': {'latitude': '40.8080', 'longitude': '126.3843'}, 'timezone': {'offset': '+7:00', 'description': 'Bangkok, Hanoi, Jakarta'}}, 'email': 'juliane.overli@example.com', 'login': {'uuid': '7fddc035-d2b4-4181-82c3-b6e2531d64c3', 'username': 'blueostrich463', 'password': 'revolver', 'salt': 'hTsgFerj', 'md5': 'ac197bbc13bed3763fe5cd55cf011dac', 'sha1': '13fa99a4edf15a7c4a2751b54a190cb326696536', 'sha256': '9311c8b230fa8dda3517bcc3a774b7c5210e7438a039d3edd874e0fbda757163'}, 'dob': {'date': '1994-08-25T16:26:49.427Z', 'age': 29}, 'registered': {'date': '2005-05-12T10:34:15.095Z', 'age': 19}, 'phone': '30832828', 'cell': '91172972', 'id': {'name': 'FN', 'value': '25089400409'}, 'picture': {'large': 'https://randomuser.me/api/portraits/women/32.jpg', 'medium': 'https://randomuser.me/api/portraits/med/women/32.jpg', 'thumbnail': 'https://randomuser.me/api/portraits/thumb/women/32.jpg'}, 'nat': 'NO'}</msg>
<arg>${json_data['results'][0]}</arg>
<doc>Logs the given message with the given level.</doc>
<status status="PASS" start="2024-07-29T19:12:23.899314" elapsed="0.000444"/>
</kw>
<kw name="Log" owner="BuiltIn">
<msg time="2024-07-29T19:12:23.900187" level="INFO">name</msg>
<arg>${key}</arg>
<doc>Logs the given message with the given level.</doc>
<status status="PASS" start="2024-07-29T19:12:23.900059" elapsed="0.000165"/>
</kw>
<var name="${key}">name</var>
<status status="PASS" start="2024-07-29T19:12:23.898618" elapsed="0.001852"/>
</iter>
<iter>
<kw name="Dictionary Should Contain Key" owner="Collections">
<arg>${json_data['results'][0]}</arg>
<arg>${key}</arg>
<doc>Fails if ``key`` is not found from ``dictionary``.</doc>
<status status="PASS" start="2024-07-29T19:12:23.900753" elapsed="0.000388"/>
</kw>
<kw name="Log" owner="BuiltIn">
<msg time="2024-07-29T19:12:23.901676" level="INFO">{'gender': 'female', 'name': {'title': 'Ms', 'first': 'Juliane', 'last': 'Øverli'}, 'location': {'street': {'number': 7589, 'name': 'Bergkrystallen'}, 'city': 'Fotlandsvåg', 'state': 'Hedmark', 'country': 'Norway', 'postcode': '3849', 'coordinates': {'latitude': '40.8080', 'longitude': '126.3843'}, 'timezone': {'offset': '+7:00', 'description': 'Bangkok, Hanoi, Jakarta'}}, 'email': 'juliane.overli@example.com', 'login': {'uuid': '7fddc035-d2b4-4181-82c3-b6e2531d64c3', 'username': 'blueostrich463', 'password': 'revolver', 'salt': 'hTsgFerj', 'md5': 'ac197bbc13bed3763fe5cd55cf011dac', 'sha1': '13fa99a4edf15a7c4a2751b54a190cb326696536', 'sha256': '9311c8b230fa8dda3517bcc3a774b7c5210e7438a039d3edd874e0fbda757163'}, 'dob': {'date': '1994-08-25T16:26:49.427Z', 'age': 29}, 'registered': {'date': '2005-05-12T10:34:15.095Z', 'age': 19}, 'phone': '30832828', 'cell': '91172972', 'id': {'name': 'FN', 'value': '25089400409'}, 'picture': {'large': 'https://randomuser.me/api/portraits/women/32.jpg', 'medium': 'https://randomuser.me/api/portraits/med/women/32.jpg', 'thumbnail': 'https://randomuser.me/api/portraits/thumb/women/32.jpg'}, 'nat': 'NO'}</msg>
<arg>${json_data['results'][0]}</arg>
<doc>Logs the given message with the given level.</doc>
<status status="PASS" start="2024-07-29T19:12:23.901328" elapsed="0.000396"/>
</kw>
<kw name="Log" owner="BuiltIn">
<msg time="2024-07-29T19:12:23.902148" level="INFO">location</msg>
<arg>${key}</arg>
<doc>Logs the given message with the given level.</doc>
<status status="PASS" start="2024-07-29T19:12:23.902019" elapsed="0.000167"/>
</kw>
<var name="${key}">location</var>
<status status="PASS" start="2024-07-29T19:12:23.900646" elapsed="0.001760"/>
</iter>
<iter>
<kw name="Dictionary Should Contain Key" owner="Collections">
<arg>${json_data['results'][0]}</arg>
<arg>${key}</arg>
<doc>Fails if ``key`` is not found from ``dictionary``.</doc>
<status status="PASS" start="2024-07-29T19:12:23.902684" elapsed="0.000398"/>
</kw>
<kw name="Log" owner="BuiltIn">
<msg time="2024-07-29T19:12:23.903770" level="INFO">{'gender': 'female', 'name': {'title': 'Ms', 'first': 'Juliane', 'last': 'Øverli'}, 'location': {'street': {'number': 7589, 'name': 'Bergkrystallen'}, 'city': 'Fotlandsvåg', 'state': 'Hedmark', 'country': 'Norway', 'postcode': '3849', 'coordinates': {'latitude': '40.8080', 'longitude': '126.3843'}, 'timezone': {'offset': '+7:00', 'description': 'Bangkok, Hanoi, Jakarta'}}, 'email': 'juliane.overli@example.com', 'login': {'uuid': '7fddc035-d2b4-4181-82c3-b6e2531d64c3', 'username': 'blueostrich463', 'password': 'revolver', 'salt': 'hTsgFerj', 'md5': 'ac197bbc13bed3763fe5cd55cf011dac', 'sha1': '13fa99a4edf15a7c4a2751b54a190cb326696536', 'sha256': '9311c8b230fa8dda3517bcc3a774b7c5210e7438a039d3edd874e0fbda757163'}, 'dob': {'date': '1994-08-25T16:26:49.427Z', 'age': 29}, 'registered': {'date': '2005-05-12T10:34:15.095Z', 'age': 19}, 'phone': '30832828', 'cell': '91172972', 'id': {'name': 'FN', 'value': '25089400409'}, 'picture': {'large': 'https://randomuser.me/api/portraits/women/32.jpg', 'medium': 'https://randomuser.me/api/portraits/med/women/32.jpg', 'thumbnail': 'https://randomuser.me/api/portraits/thumb/women/32.jpg'}, 'nat': 'NO'}</msg>
<arg>${json_data['results'][0]}</arg>
<doc>Logs the given message with the given level.</doc>
<status status="PASS" start="2024-07-29T19:12:23.903408" elapsed="0.000412"/>
</kw>
<kw name="Log" owner="BuiltIn">
<msg time="2024-07-29T19:12:23.904257" level="INFO">email</msg>
<arg>${key}</arg>
<doc>Logs the given message with the given level.</doc>
<status status="PASS" start="2024-07-29T19:12:23.904126" elapsed="0.000221"/>
</kw>
<var name="${key}">email</var>
<status status="PASS" start="2024-07-29T19:12:23.902578" elapsed="0.001993"/>
</iter>
<iter>
<kw name="Dictionary Should Contain Key" owner="Collections">
<arg>${json_data['results'][0]}</arg>
<arg>${key}</arg>
<doc>Fails if ``key`` is not found from ``dictionary``.</doc>
<status status="PASS" start="2024-07-29T19:12:23.904858" elapsed="0.000379"/>
</kw>
<kw name="Log" owner="BuiltIn">
<msg time="2024-07-29T19:12:23.905777" level="INFO">{'gender': 'female', 'name': {'title': 'Ms', 'first': 'Juliane', 'last': 'Øverli'}, 'location': {'street': {'number': 7589, 'name': 'Bergkrystallen'}, 'city': 'Fotlandsvåg', 'state': 'Hedmark', 'country': 'Norway', 'postcode': '3849', 'coordinates': {'latitude': '40.8080', 'longitude': '126.3843'}, 'timezone': {'offset': '+7:00', 'description': 'Bangkok, Hanoi, Jakarta'}}, 'email': 'juliane.overli@example.com', 'login': {'uuid': '7fddc035-d2b4-4181-82c3-b6e2531d64c3', 'username': 'blueostrich463', 'password': 'revolver', 'salt': 'hTsgFerj', 'md5': 'ac197bbc13bed3763fe5cd55cf011dac', 'sha1': '13fa99a4edf15a7c4a2751b54a190cb326696536', 'sha256': '9311c8b230fa8dda3517bcc3a774b7c5210e7438a039d3edd874e0fbda757163'}, 'dob': {'date': '1994-08-25T16:26:49.427Z', 'age': 29}, 'registered': {'date': '2005-05-12T10:34:15.095Z', 'age': 19}, 'phone': '30832828', 'cell': '91172972', 'id': {'name': 'FN', 'value': '25089400409'}, 'picture': {'large': 'https://randomuser.me/api/portraits/women/32.jpg', 'medium': 'https://randomuser.me/api/portraits/med/women/32.jpg', 'thumbnail': 'https://randomuser.me/api/portraits/thumb/women/32.jpg'}, 'nat': 'NO'}</msg>
<arg>${json_data['results'][0]}</arg>
<doc>Logs the given message with the given level.</doc>
<status status="PASS" start="2024-07-29T19:12:23.905417" elapsed="0.000420"/>
</kw>
<kw name="Log" owner="BuiltIn">
<msg time="2024-07-29T19:12:23.906273" level="INFO">login</msg>
<arg>${key}</arg>
<doc>Logs the given message with the given level.</doc>
<status status="PASS" start="2024-07-29T19:12:23.906146" elapsed="0.000164"/>
</kw>
<var name="${key}">login</var>
<status status="PASS" start="2024-07-29T19:12:23.904747" elapsed="0.001777"/>
</iter>
<var>${key}</var>
<value>@{expected_keys}</value>
<status status="PASS" start="2024-07-29T19:12:23.896429" elapsed="0.010217"/>
</for>
<kw name="Create List" owner="BuiltIn">
<msg time="2024-07-29T19:12:23.906984" level="INFO">${expected_keysTwo} = ['username', 'password']</msg>
<var>${expected_keysTwo}</var>
<arg>username</arg>
<arg>password</arg>
<doc>Returns a list containing given items.</doc>
<status status="PASS" start="2024-07-29T19:12:23.906847" elapsed="0.000162"/>
</kw>
<for flavor="IN">
<iter>
<kw name="Dictionary Should Contain Key" owner="Collections">
<arg>${json_data['results'][0]['login']}</arg>
<arg>${keyTwo}</arg>
<doc>Fails if ``key`` is not found from ``dictionary``.</doc>
<status status="PASS" start="2024-07-29T19:12:23.907547" elapsed="0.000386"/>
</kw>
<kw name="Dictionary Should Contain Key" owner="Collections">
<arg>${json_data['results'][0]['login']}</arg>
<arg>${keyTwo}</arg>
<doc>Fails if ``key`` is not found from ``dictionary``.</doc>
<status status="PASS" start="2024-07-29T19:12:23.908115" elapsed="0.000414"/>
</kw>
<kw name="Log" owner="BuiltIn">
<msg time="2024-07-29T19:12:23.908845" level="INFO">username</msg>
<arg>${keyTwo}</arg>
<doc>Logs the given message with the given level.</doc>
<status status="PASS" start="2024-07-29T19:12:23.908708" elapsed="0.000173"/>
</kw>
<var name="${keyTwo}">username</var>
<status status="PASS" start="2024-07-29T19:12:23.907439" elapsed="0.001661"/>
</iter>
<iter>
<kw name="Dictionary Should Contain Key" owner="Collections">
<arg>${json_data['results'][0]['login']}</arg>
<arg>${keyTwo}</arg>
<doc>Fails if ``key`` is not found from ``dictionary``.</doc>
<status status="PASS" start="2024-07-29T19:12:23.909388" elapsed="0.000382"/>
</kw>
<kw name="Dictionary Should Contain Key" owner="Collections">
<arg>${json_data['results'][0]['login']}</arg>
<arg>${keyTwo}</arg>
<doc>Fails if ``key`` is not found from ``dictionary``.</doc>
<status status="PASS" start="2024-07-29T19:12:23.909944" elapsed="0.000368"/>
</kw>
<kw name="Log" owner="BuiltIn">
<msg time="2024-07-29T19:12:23.910604" level="INFO">password</msg>
<arg>${keyTwo}</arg>
<doc>Logs the given message with the given level.</doc>
<status status="PASS" start="2024-07-29T19:12:23.910482" elapsed="0.000159"/>
</kw>
<var name="${keyTwo}">password</var>
<status status="PASS" start="2024-07-29T19:12:23.909272" elapsed="0.001586"/>
</iter>
<var>${keyTwo}</var>
<value>@{expected_keysTwo}</value>
<status status="PASS" start="2024-07-29T19:12:23.907278" elapsed="0.003700"/>
</for>
<status status="PASS" start="2024-07-29T19:12:23.751298" elapsed="0.159821"/>
</kw>
<doc>Testa a estrutura da resposta da API.</doc>
<tag>testeEstruturaResposta</tag>
<status status="PASS" start="2024-07-29T19:12:23.750709" elapsed="0.160572"/>
</test>
<test id="s1-s1-t4" name="Validar tipos de dados" line="28">
<kw name="Teste de Tipos de Dados" owner="random-user-service">
<kw name="GET On Session" owner="RequestsLibrary">
<msg time="2024-07-29T19:12:23.953698" level="INFO">GET Request : url=https://randomuser.me/api 
 path_url=/api 
 headers={'User-Agent': 'python-requests/2.32.3', 'Accept-Encoding': 'gzip, deflate', 'Accept': '*/*', 'Connection': 'keep-alive'} 
 body=None 
 </msg>
<msg time="2024-07-29T19:12:23.953807" level="INFO">GET Response : url=https://randomuser.me/api 
 status=200, reason=OK 
 headers={'Date': 'Mon, 29 Jul 2024 19:12:23 GMT', 'Content-Type': 'application/json; charset=utf-8', 'Transfer-Encoding': 'chunked', 'Connection': 'keep-alive', 'X-Powered-By': 'Express', 'Access-Control-Allow-Origin': '*', 'Cache-Control': 'no-cache', 'ETag': 'W/"49c-QkBbpqOeCANSs0sU5wrfHdTE53U"', 'Vary': 'Accept-Encoding', 'Content-Encoding': 'gzip', 'CF-Cache-Status': 'DYNAMIC', 'Report-To': '{"endpoints":[{"url":"https:\\/\\/a.nel.cloudflare.com\\/report\\/v4?s=%2FYBIgAQlPrIW67XcLOrjLKROcD7vES8%2B74WmrR4yq6guaycatWVfWObfwVjTrS3KMrcU6ST%2BELRzUoGtAhjF8n6d0SidxoNUPGVtjzacVAAE6khfKTQ39ZOGWjm0cqZx"}],"group":"cf-nel","max_age":604800}', 'NEL': '{"success_fraction":0,"report_to":"cf-nel","max_age":604800}', 'Server': 'cloudflare', 'CF-RAY': '8aaf6b957a3c0957-IAD', 'alt-svc': 'h3=":443"; ma=86400'} 
 body={"results":[{"gender":"female","name":{"title":"Ms","first":"Leanne","last":"Ginnish"},"location":{"street":{"number":1630,"name":"20th Ave"},"city":"Hampton","state":"Prince Edward Island","country":"Canada","postcode":"R1D 0K1","coordinates":{"latitude":"-70.5055","longitude":"97.8407"},"timezone":{"offset":"-5:00","description":"Eastern Time (US &amp; Canada), Bogota, Lima"}},"email":"leanne.ginnish@example.com","login":{"uuid":"b5a4206b-4379-49b8-a80b-c9a812ada450","username":"sadrabbit652","password":"1976","salt":"mBJLTHzG","md5":"c051b735df433dc8ccfb0f58311fc048","sha1":"2df0f55b09ed8203f1edd835f0ea8d3f32d5b19e","sha256":"0cbf4d02f4607676ace24f2dc4434d90b905cd4deee599a964b592f3522246d2"},"dob":{"date":"1981-07-02T23:20:48.637Z","age":43},"registered":{"date":"2012-09-02T10:16:46.879Z","age":11},"phone":"E68 Q33-0778","cell":"P94 Q85-3694","id":{"name":"SIN","value":"120262969"},"picture":{"large":"https://randomuser.me/api/portraits/women/8.jpg","medium":"https://randomuser.me/api/portraits/med/women/8.jpg","thumbnail":"https://randomuser.me/api/portraits/thumb/women/8.jpg"},"nat":"CA"}],"info":{"seed":"e5895421a685a512","results":1,"page":1,"version":"1.4"}} 
 </msg>
<msg time="2024-07-29T19:12:23.953888" level="INFO">/opt/hostedtoolcache/Python/3.12.4/x64/lib/python3.12/site-packages/urllib3/connectionpool.py:1099: InsecureRequestWarning: Unverified HTTPS request is being made to host 'randomuser.me'. Adding certificate verification is strongly advised. See: https://urllib3.readthedocs.io/en/latest/advanced-usage.html#tls-warnings
  warnings.warn(</msg>
<msg time="2024-07-29T19:12:23.954013" level="INFO">${response} = &lt;Response [200]&gt;</msg>
<var>${response}</var>
<arg>consultarAPI</arg>
<arg>/api</arg>
<doc>Sends a GET request on a previously created HTTP Session.</doc>
<status status="PASS" start="2024-07-29T19:12:23.913905" elapsed="0.040156"/>
</kw>
<kw name="Set Variable" owner="BuiltIn">
<msg time="2024-07-29T19:12:23.955247" level="INFO">${json_data} = {'results': [{'gender': 'female', 'name': {'title': 'Ms', 'first': 'Leanne', 'last': 'Ginnish'}, 'location': {'street': {'number': 1630, 'name': '20th Ave'}, 'city': 'Hampton', 'state': 'Prince Edward...</msg>
<var>${json_data}</var>
<arg>${response.json()}</arg>
<doc>Returns the given values which can then be assigned to a variables.</doc>
<status status="PASS" start="2024-07-29T19:12:23.954679" elapsed="0.000596"/>
</kw>
<kw name="Log" owner="BuiltIn">
<msg time="2024-07-29T19:12:23.955762" level="INFO">{'results': [{'gender': 'female', 'name': {'title': 'Ms', 'first': 'Leanne', 'last': 'Ginnish'}, 'location': {'street': {'number': 1630, 'name': '20th Ave'}, 'city': 'Hampton', 'state': 'Prince Edward Island', 'country': 'Canada', 'postcode': 'R1D 0K1', 'coordinates': {'latitude': '-70.5055', 'longitude': '97.8407'}, 'timezone': {'offset': '-5:00', 'description': 'Eastern Time (US &amp; Canada), Bogota, Lima'}}, 'email': 'leanne.ginnish@example.com', 'login': {'uuid': 'b5a4206b-4379-49b8-a80b-c9a812ada450', 'username': 'sadrabbit652', 'password': '1976', 'salt': 'mBJLTHzG', 'md5': 'c051b735df433dc8ccfb0f58311fc048', 'sha1': '2df0f55b09ed8203f1edd835f0ea8d3f32d5b19e', 'sha256': '0cbf4d02f4607676ace24f2dc4434d90b905cd4deee599a964b592f3522246d2'}, 'dob': {'date': '1981-07-02T23:20:48.637Z', 'age': 43}, 'registered': {'date': '2012-09-02T10:16:46.879Z', 'age': 11}, 'phone': 'E68 Q33-0778', 'cell': 'P94 Q85-3694', 'id': {'name': 'SIN', 'value': '120262969'}, 'picture': {'large': 'https://randomuser.me/api/portraits/women/8.jpg', 'medium': 'https://randomuser.me/api/portraits/med/women/8.jpg', 'thumbnail': 'https://randomuser.me/api/portraits/thumb/women/8.jpg'}, 'nat': 'CA'}], 'info': {'seed': 'e5895421a685a512', 'results': 1, 'page': 1, 'version': '1.4'}}</msg>
<arg>${json_data}</arg>
<doc>Logs the given message with the given level.</doc>
<status status="PASS" start="2024-07-29T19:12:23.955603" elapsed="0.000206"/>
</kw>
<kw name="Should Be String" owner="String">
<arg>${json_data['results'][0]['gender']}</arg>
<doc>Fails if the given ``item`` is not a string.</doc>
<status status="PASS" start="2024-07-29T19:12:23.956103" elapsed="0.000421"/>
</kw>
<kw name="Should Match Regexp" owner="BuiltIn">
<arg>${json_data['results'][0]['email']}</arg>
<arg>^[a-zA-Z0-9._%+-]+@[a-zA-Z0-9.-]+\.[a-zA-Z]{2,}$</arg>
<doc>Fails if ``string`` does not match ``pattern`` as a regular expression.</doc>
<status status="PASS" start="2024-07-29T19:12:23.956714" elapsed="0.000521"/>
</kw>
<kw name="Should Match Regexp" owner="BuiltIn">
<arg>${json_data['results'][0]['dob']['date']}</arg>
<arg>\\d{4}-\\d{2}-\\d{2}T\\d{2}:\\d{2}:\\d{2}\\.\\d{3}Z</arg>
<doc>Fails if ``string`` does not match ``pattern`` as a regular expression.</doc>
<status status="PASS" start="2024-07-29T19:12:23.957467" elapsed="0.000637"/>
</kw>
<kw name="Should Match Regexp" owner="BuiltIn">
<arg>${json_data['results'][0]['registered']['date']}</arg>
<arg>\\d{4}-\\d{2}-\\d{2}T\\d{2}:\\d{2}:\\d{2}\\.\\d{3}Z</arg>
<doc>Fails if ``string`` does not match ``pattern`` as a regular expression.</doc>
<status status="PASS" start="2024-07-29T19:12:23.958292" elapsed="0.000371"/>
</kw>
<kw name="Should Match Regexp" owner="BuiltIn">
<arg>${json_data['results'][0]['picture']['large']}</arg>
<arg>^https?://.*\.(?:png|jpe?g|gif|bmp)$</arg>
<doc>Fails if ``string`` does not match ``pattern`` as a regular expression.</doc>
<status status="PASS" start="2024-07-29T19:12:23.958847" elapsed="0.000457"/>
</kw>
<kw name="Should Match Regexp" owner="BuiltIn">
<arg>${json_data['results'][0]['picture']['medium']}</arg>
<arg>^https?://.*\.(?:png|jpe?g|gif|bmp)$</arg>
<doc>Fails if ``string`` does not match ``pattern`` as a regular expression.</doc>
<status status="PASS" start="2024-07-29T19:12:23.959492" elapsed="0.000349"/>
</kw>
<kw name="Should Match Regexp" owner="BuiltIn">
<arg>${json_data['results'][0]['picture']['thumbnail']}</arg>
<arg>^https?://.*\.(?:png|jpe?g|gif|bmp)$</arg>
<doc>Fails if ``string`` does not match ``pattern`` as a regular expression.</doc>
<status status="PASS" start="2024-07-29T19:12:23.960022" elapsed="0.000371"/>
</kw>
<kw name="Log" owner="BuiltIn">
<msg time="2024-07-29T19:12:23.960900" level="INFO">{'large': 'https://randomuser.me/api/portraits/women/8.jpg', 'medium': 'https://randomuser.me/api/portraits/med/women/8.jpg', 'thumbnail': 'https://randomuser.me/api/portraits/thumb/women/8.jpg'}</msg>
<arg>${json_data['results'][0]['picture']}</arg>
<doc>Logs the given message with the given level.</doc>
<status status="PASS" start="2024-07-29T19:12:23.960574" elapsed="0.000367"/>
</kw>
<status status="PASS" start="2024-07-29T19:12:23.913677" elapsed="0.047522"/>
</kw>
<kw name="Teste de Tipos de Dados - Postcode" owner="random-user-service">
<kw name="GET On Session" owner="RequestsLibrary">
<msg time="2024-07-29T19:12:24.046467" level="INFO">GET Request : url=https://randomuser.me/api 
 path_url=/api 
 headers={'User-Agent': 'python-requests/2.32.3', 'Accept-Encoding': 'gzip, deflate', 'Accept': '*/*', 'Connection': 'keep-alive'} 
 body=None 
 </msg>
<msg time="2024-07-29T19:12:24.046565" level="INFO">GET Response : url=https://randomuser.me/api 
 status=200, reason=OK 
 headers={'Date': 'Mon, 29 Jul 2024 19:12:24 GMT', 'Content-Type': 'application/json; charset=utf-8', 'Transfer-Encoding': 'chunked', 'Connection': 'keep-alive', 'X-Powered-By': 'Express', 'Access-Control-Allow-Origin': '*', 'Cache-Control': 'no-cache', 'ETag': 'W/"48c-WbM5Ei2fjihP6uzVKVsqKdbXHm4"', 'Vary': 'Accept-Encoding', 'Content-Encoding': 'gzip', 'CF-Cache-Status': 'DYNAMIC', 'Report-To': '{"endpoints":[{"url":"https:\\/\\/a.nel.cloudflare.com\\/report\\/v4?s=7CVSeYJC1vc1ZHVONas3BacQF%2Bp4ma8NZg4w8NJ6Vzl64NUUJ21%2B8MHiSSDa%2BQB%2BCnctIIS1jlSi2epmNNHc1Z4fFHZb5teLHpA2UkSiDhtuDXAPaFDrBqyQ%2FXOU2OLx"}],"group":"cf-nel","max_age":604800}', 'NEL': '{"success_fraction":0,"report_to":"cf-nel","max_age":604800}', 'Server': 'cloudflare', 'CF-RAY': '8aaf6b95ca7a0957-IAD', 'alt-svc': 'h3=":443"; ma=86400'} 
 body={"results":[{"gender":"male","name":{"title":"Mr","first":"بنیامین","last":"علیزاده"},"location":{"street":{"number":4490,"name":"اجاره دار"},"city":"قرچک","state":"گیلان","country":"Iran","postcode":91184,"coordinates":{"latitude":"18.5609","longitude":"-93.4611"},"timezone":{"offset":"-11:00","description":"Midway Island, Samoa"}},"email":"bnymyn.aalyzdh@example.com","login":{"uuid":"47071afe-cdb1-42f3-b6a1-36b2aff7ffa3","username":"purplebutterfly291","password":"hawkins","salt":"X1Rei9o9","md5":"b054f1b9354a6bd72e4e295b2e08f629","sha1":"6e5ae114e609238f61675a4c245b09b20ab06f54","sha256":"c79042b62b3e032a08b073cd488e6834bccc0defd79f49cad9471a7f87f77c5f"},"dob":{"date":"1968-12-20T19:50:05.611Z","age":55},"registered":{"date":"2016-06-25T20:14:43.358Z","age":8},"phone":"069-94996231","cell":"0987-216-4380","id":{"name":"","value":null},"picture":{"large":"https://randomuser.me/api/portraits/men/12.jpg","medium":"https://randomuser.me/api/portraits/med/men/12.jpg","thumbnail":"https://randomuser.me/api/portraits/thumb/men/12.jpg"},"nat":"IR"}],"info":{"seed":"2621bf2dbc98ffcb","results":1,"page":1,"version":"1.4"}} 
 </msg>
<msg time="2024-07-29T19:12:24.046637" level="INFO">/opt/hostedtoolcache/Python/3.12.4/x64/lib/python3.12/site-packages/urllib3/connectionpool.py:1099: InsecureRequestWarning: Unverified HTTPS request is being made to host 'randomuser.me'. Adding certificate verification is strongly advised. See: https://urllib3.readthedocs.io/en/latest/advanced-usage.html#tls-warnings
  warnings.warn(</msg>
<msg time="2024-07-29T19:12:24.046756" level="INFO">${response} = &lt;Response [200]&gt;</msg>
<var>${response}</var>
<arg>consultarAPI</arg>
<arg>/api</arg>
<doc>Sends a GET request on a previously created HTTP Session.</doc>
<status status="PASS" start="2024-07-29T19:12:23.961675" elapsed="0.085121"/>
</kw>
<kw name="Set Variable" owner="BuiltIn">
<msg time="2024-07-29T19:12:24.048014" level="INFO">${json_data} = {'results': [{'gender': 'male', 'name': {'title': 'Mr', 'first': 'بنیامین', 'last': 'علیزاده'}, 'location': {'street': {'number': 4490, 'name': 'اجاره دار'}, 'city': 'قرچک', 'state': 'گیلان', 'country...</msg>
<var>${json_data}</var>
<arg>${response.json()}</arg>
<doc>Returns the given values which can then be assigned to a variables.</doc>
<status status="PASS" start="2024-07-29T19:12:24.047437" elapsed="0.000606"/>
</kw>
<kw name="Log" owner="BuiltIn">
<msg time="2024-07-29T19:12:24.048559" level="INFO">{'results': [{'gender': 'male', 'name': {'title': 'Mr', 'first': 'بنیامین', 'last': 'علیزاده'}, 'location': {'street': {'number': 4490, 'name': 'اجاره دار'}, 'city': 'قرچک', 'state': 'گیلان', 'country': 'Iran', 'postcode': 91184, 'coordinates': {'latitude': '18.5609', 'longitude': '-93.4611'}, 'timezone': {'offset': '-11:00', 'description': 'Midway Island, Samoa'}}, 'email': 'bnymyn.aalyzdh@example.com', 'login': {'uuid': '47071afe-cdb1-42f3-b6a1-36b2aff7ffa3', 'username': 'purplebutterfly291', 'password': 'hawkins', 'salt': 'X1Rei9o9', 'md5': 'b054f1b9354a6bd72e4e295b2e08f629', 'sha1': '6e5ae114e609238f61675a4c245b09b20ab06f54', 'sha256': 'c79042b62b3e032a08b073cd488e6834bccc0defd79f49cad9471a7f87f77c5f'}, 'dob': {'date': '1968-12-20T19:50:05.611Z', 'age': 55}, 'registered': {'date': '2016-06-25T20:14:43.358Z', 'age': 8}, 'phone': '069-94996231', 'cell': '0987-216-4380', 'id': {'name': '', 'value': None}, 'picture': {'large': 'https://randomuser.me/api/portraits/men/12.jpg', 'medium': 'https://randomuser.me/api/portraits/med/men/12.jpg', 'thumbnail': 'https://randomuser.me/api/portraits/thumb/men/12.jpg'}, 'nat': 'IR'}], 'info': {'seed': '2621bf2dbc98ffcb', 'results': 1, 'page': 1, 'version': '1.4'}}</msg>
<arg>${json_data}</arg>
<doc>Logs the given message with the given level.</doc>
<status status="PASS" start="2024-07-29T19:12:24.048394" elapsed="0.000214"/>
</kw>
<kw name="Should Be Equal As Numbers" owner="BuiltIn">
<arg>${json_data['results'][0]['location']['postcode']}</arg>
<arg>${json_data['results'][0]['location']['postcode']}</arg>
<doc>Fails if objects are unequal after converting them to real numbers.</doc>
<status status="PASS" start="2024-07-29T19:12:24.048909" elapsed="0.000633"/>
</kw>
<kw name="Log" owner="BuiltIn">
<msg time="2024-07-29T19:12:24.050080" level="INFO">91184</msg>
<arg>${json_data['results'][0]['location']['postcode']}</arg>
<doc>Logs the given message with the given level.</doc>
<status status="PASS" start="2024-07-29T19:12:24.049738" elapsed="0.000382"/>
</kw>
<status status="PASS" start="2024-07-29T19:12:23.961441" elapsed="0.088966"/>
</kw>
<doc>Testa se os tipos de dados na resposta da API estão corretos.</doc>
<tag>testeTiposDados</tag>
<status status="PASS" start="2024-07-29T19:12:23.913067" elapsed="0.137517"/>
</test>
<test id="s1-s1-t5" name="Validar conteudo" line="35">
<kw name="Teste de Tipos de Conteudo" owner="random-user-service">
<kw name="GET On Session" owner="RequestsLibrary">
<msg time="2024-07-29T19:12:24.150221" level="INFO">GET Request : url=https://randomuser.me/api 
 path_url=/api 
 headers={'User-Agent': 'python-requests/2.32.3', 'Accept-Encoding': 'gzip, deflate', 'Accept': '*/*', 'Connection': 'keep-alive'} 
 body=None 
 </msg>
<msg time="2024-07-29T19:12:24.150322" level="INFO">GET Response : url=https://randomuser.me/api 
 status=200, reason=OK 
 headers={'Date': 'Mon, 29 Jul 2024 19:12:24 GMT', 'Content-Type': 'application/json; charset=utf-8', 'Transfer-Encoding': 'chunked', 'Connection': 'keep-alive', 'X-Powered-By': 'Express', 'Access-Control-Allow-Origin': '*', 'Cache-Control': 'no-cache', 'ETag': 'W/"4ac-Dzja+G0pLHXuN2Cd7L4nw+GqHCk"', 'Vary': 'Accept-Encoding', 'Content-Encoding': 'gzip', 'CF-Cache-Status': 'DYNAMIC', 'Report-To': '{"endpoints":[{"url":"https:\\/\\/a.nel.cloudflare.com\\/report\\/v4?s=%2Fd87G02fgmB%2FN44ugLorMjLVo4kn3v%2BQ0%2FmY0Zrfy186h9pZrAh5gU4LqEQ4R2GEhdSqdTIcQvXdIpdByA7HiWn%2FFHxDQJA3K1oNLzzpiPd2%2BC6BAT9SYsS2YUGp3riW"}],"group":"cf-nel","max_age":604800}', 'NEL': '{"success_fraction":0,"report_to":"cf-nel","max_age":604800}', 'Server': 'cloudflare', 'CF-RAY': '8aaf6b965afa0957-IAD', 'alt-svc': 'h3=":443"; ma=86400'} 
 body={"results":[{"gender":"male","name":{"title":"Monsieur","first":"Alfredo","last":"Laurent"},"location":{"street":{"number":604,"name":"Rue de la Baleine"},"city":"Nürensdorf","state":"Neuchâtel","country":"Switzerland","postcode":4078,"coordinates":{"latitude":"-56.1548","longitude":"-6.8203"},"timezone":{"offset":"+3:00","description":"Baghdad, Riyadh, Moscow, St. Petersburg"}},"email":"alfredo.laurent@example.com","login":{"uuid":"0780997c-b813-48d5-a0ea-6f6d591c9c91","username":"whiteostrich464","password":"0420","salt":"TGfpF1uN","md5":"8db9964e844eaa3ec72a4eec4255158b","sha1":"3f97113e5f609490138f83016b7bca8889f92019","sha256":"c99c2dc420b9592200aacb138783d702004d357290c439b47589d97b395f98f5"},"dob":{"date":"1997-12-27T16:30:56.074Z","age":26},"registered":{"date":"2010-08-03T13:42:36.205Z","age":13},"phone":"077 076 75 09","cell":"078 947 71 84","id":{"name":"AVS","value":"756.4928.2713.21"},"picture":{"large":"https://randomuser.me/api/portraits/men/83.jpg","medium":"https://randomuser.me/api/portraits/med/men/83.jpg","thumbnail":"https://randomuser.me/api/portraits/thumb/men/83.jpg"},"nat":"CH"}],"info":{"seed":"428ced870d4d2863","results":1,"page":1,"version":"1.4"}} 
 </msg>
<msg time="2024-07-29T19:12:24.150391" level="INFO">/opt/hostedtoolcache/Python/3.12.4/x64/lib/python3.12/site-packages/urllib3/connectionpool.py:1099: InsecureRequestWarning: Unverified HTTPS request is being made to host 'randomuser.me'. Adding certificate verification is strongly advised. See: https://urllib3.readthedocs.io/en/latest/advanced-usage.html#tls-warnings
  warnings.warn(</msg>
<msg time="2024-07-29T19:12:24.150512" level="INFO">${response} = &lt;Response [200]&gt;</msg>
<var>${response}</var>
<arg>consultarAPI</arg>
<arg>/api</arg>
<doc>Sends a GET request on a previously created HTTP Session.</doc>
<status status="PASS" start="2024-07-29T19:12:24.053152" elapsed="0.097400"/>
</kw>
<kw name="Set Variable" owner="BuiltIn">
<msg time="2024-07-29T19:12:24.151726" level="INFO">${json_data} = {'results': [{'gender': 'male', 'name': {'title': 'Monsieur', 'first': 'Alfredo', 'last': 'Laurent'}, 'location': {'street': {'number': 604, 'name': 'Rue de la Baleine'}, 'city': 'Nürensdorf', 'state'...</msg>
<var>${json_data}</var>
<arg>${response.json()}</arg>
<doc>Returns the given values which can then be assigned to a variables.</doc>
<status status="PASS" start="2024-07-29T19:12:24.151164" elapsed="0.000591"/>
</kw>
<kw name="Set Variable" owner="BuiltIn">
<msg time="2024-07-29T19:12:24.152515" level="INFO">${name_title} = Monsieur</msg>
<var>${name_title}</var>
<arg>${json_data["results"][0]["name"]["title"]}</arg>
<doc>Returns the given values which can then be assigned to a variables.</doc>
<status status="PASS" start="2024-07-29T19:12:24.152073" elapsed="0.000468"/>
</kw>
<kw name="Create List" owner="BuiltIn">
<msg time="2024-07-29T19:12:24.152994" level="INFO">${allowed_titles} = ['Mr', 'Ms', 'Miss', 'Mrs', 'Madame', 'Monsieur']</msg>
<var>${allowed_titles}</var>
<arg>Mr</arg>
<arg>Ms</arg>
<arg>Miss</arg>
<arg>Mrs</arg>
<arg>Madame</arg>
<arg>Monsieur</arg>
<doc>Returns a list containing given items.</doc>
<status status="PASS" start="2024-07-29T19:12:24.152842" elapsed="0.000177"/>
</kw>
<kw name="List Should Contain Value" owner="Collections">
<arg>${allowed_titles}</arg>
<arg>${name_title}</arg>
<doc>Fails if the ``value`` is not found from ``list``.</doc>
<status status="PASS" start="2024-07-29T19:12:24.153314" elapsed="0.000184"/>
</kw>
<kw name="Set Variable" owner="BuiltIn">
<msg time="2024-07-29T19:12:24.154065" level="INFO">${name_country} = CH</msg>
<var>${name_country}</var>
<arg>${json_data["results"][0]["nat"]}</arg>
<doc>Returns the given values which can then be assigned to a variables.</doc>
<status status="PASS" start="2024-07-29T19:12:24.153687" elapsed="0.000404"/>
</kw>
<kw name="Create List" owner="BuiltIn">
<msg time="2024-07-29T19:12:24.155007" level="INFO">${list_country} = ['AD', 'AE', 'AF', 'AG', 'AI', 'AL', 'AM', 'AO', 'AQ', 'AR', 'AS', 'AT', 'AU', 'AW', 'AX', 'AZ', 'BA', 'BB', 'BD', 'BE', 'BF', 'BG', 'BH', 'BI', 'BJ', 'BL', 'BM', 'BN', 'BO', 'BQ', 'BR', 'BS', 'BT', '...</msg>
<var>${list_country}</var>
<arg>AD</arg>
<arg>AE</arg>
<arg>AF</arg>
<arg>AG</arg>
<arg>AI</arg>
<arg>AL</arg>
<arg>AM</arg>
<arg>AO</arg>
<arg>AQ</arg>
<arg>AR</arg>
<arg>AS</arg>
<arg>AT</arg>
<arg>AU</arg>
<arg>AW</arg>
<arg>AX</arg>
<arg>AZ</arg>
<arg>BA</arg>
<arg>BB</arg>
<arg>BD</arg>
<arg>BE</arg>
<arg>BF</arg>
<arg>BG</arg>
<arg>BH</arg>
<arg>BI</arg>
<arg>BJ</arg>
<arg>BL</arg>
<arg>BM</arg>
<arg>BN</arg>
<arg>BO</arg>
<arg>BQ</arg>
<arg>BR</arg>
<arg>BS</arg>
<arg>BT</arg>
<arg>BV</arg>
<arg>BW</arg>
<arg>BY</arg>
<arg>BZ</arg>
<arg>CA</arg>
<arg>CC</arg>
<arg>CD</arg>
<arg>CF</arg>
<arg>CG</arg>
<arg>CH</arg>
<arg>CI</arg>
<arg>CK</arg>
<arg>CL</arg>
<arg>CM</arg>
<arg>CN</arg>
<arg>CO</arg>
<arg>CR</arg>
<arg>CU</arg>
<arg>CV</arg>
<arg>CW</arg>
<arg>CX</arg>
<arg>CY</arg>
<arg>CZ</arg>
<arg>DE</arg>
<arg>DJ</arg>
<arg>DK</arg>
<arg>DM</arg>
<arg>DO</arg>
<arg>DZ</arg>
<arg>EC</arg>
<arg>EE</arg>
<arg>EG</arg>
<arg>EH</arg>
<arg>ER</arg>
<arg>ES</arg>
<arg>ET</arg>
<arg>FI</arg>
<arg>FJ</arg>
<arg>FK</arg>
<arg>FM</arg>
<arg>FO</arg>
<arg>FR</arg>
<arg>GA</arg>
<arg>GB</arg>
<arg>GD</arg>
<arg>GE</arg>
<arg>GF</arg>
<arg>GG</arg>
<arg>GH</arg>
<arg>GI</arg>
<arg>GL</arg>
<arg>GM</arg>
<arg>GN</arg>
<arg>GP</arg>
<arg>GQ</arg>
<arg>GR</arg>
<arg>GS</arg>
<arg>GT</arg>
<arg>GU</arg>
<arg>GW</arg>
<arg>GY</arg>
<arg>HK</arg>
<arg>HM</arg>
<arg>HN</arg>
<arg>HR</arg>
<arg>HT</arg>
<arg>HU</arg>
<arg>ID</arg>
<arg>IE</arg>
<arg>IL</arg>
<arg>IM</arg>
<arg>IN</arg>
<arg>IO</arg>
<arg>IQ</arg>
<arg>IR</arg>
<arg>IS</arg>
<arg>IT</arg>
<arg>JE</arg>
<arg>JM</arg>
<arg>JO</arg>
<arg>JP</arg>
<arg>KE</arg>
<arg>KG</arg>
<arg>KH</arg>
<arg>KI</arg>
<arg>KM</arg>
<arg>KN</arg>
<arg>KP</arg>
<arg>KR</arg>
<arg>KW</arg>
<arg>KY</arg>
<arg>KZ</arg>
<arg>LA</arg>
<arg>LB</arg>
<arg>LC</arg>
<arg>LI</arg>
<arg>LK</arg>
<arg>LR</arg>
<arg>LS</arg>
<arg>LT</arg>
<arg>LU</arg>
<arg>LV</arg>
<arg>LY</arg>
<arg>MA</arg>
<arg>MC</arg>
<arg>MD</arg>
<arg>ME</arg>
<arg>MF</arg>
<arg>MG</arg>
<arg>MH</arg>
<arg>MK</arg>
<arg>ML</arg>
<arg>MM</arg>
<arg>MN</arg>
<arg>MO</arg>
<arg>MP</arg>
<arg>MQ</arg>
<arg>MR</arg>
<arg>MS</arg>
<arg>MT</arg>
<arg>MU</arg>
<arg>MV</arg>
<arg>MW</arg>
<arg>MX</arg>
<arg>MY</arg>
<arg>MZ</arg>
<arg>NA</arg>
<arg>NC</arg>
<arg>NE</arg>
<arg>NF</arg>
<arg>NG</arg>
<arg>NI</arg>
<arg>NL</arg>
<arg>NO</arg>
<arg>NP</arg>
<arg>NR</arg>
<arg>NU</arg>
<arg>NZ</arg>
<arg>OM</arg>
<arg>PA</arg>
<arg>PE</arg>
<arg>PF</arg>
<arg>PG</arg>
<arg>PH</arg>
<arg>PK</arg>
<arg>PL</arg>
<arg>PM</arg>
<arg>PN</arg>
<arg>PR</arg>
<arg>PS</arg>
<arg>PT</arg>
<arg>PW</arg>
<arg>PY</arg>
<arg>QA</arg>
<arg>RE</arg>
<arg>RO</arg>
<arg>RS</arg>
<arg>RU</arg>
<arg>RW</arg>
<arg>SA</arg>
<arg>SB</arg>
<arg>SC</arg>
<arg>SD</arg>
<arg>SE</arg>
<arg>SG</arg>
<arg>SH</arg>
<arg>SI</arg>
<arg>SJ</arg>
<arg>SK</arg>
<arg>SL</arg>
<arg>SM</arg>
<arg>SN</arg>
<arg>SO</arg>
<arg>SR</arg>
<arg>SS</arg>
<arg>ST</arg>
<arg>SV</arg>
<arg>SX</arg>
<arg>SY</arg>
<arg>SZ</arg>
<arg>TC</arg>
<arg>TD</arg>
<arg>TF</arg>
<arg>TG</arg>
<arg>TH</arg>
<arg>TJ</arg>
<arg>TK</arg>
<arg>TL</arg>
<arg>TM</arg>
<arg>TN</arg>
<arg>TO</arg>
<arg>TR</arg>
<arg>TT</arg>
<arg>TV</arg>
<arg>TW</arg>
<arg>TZ</arg>
<arg>UA</arg>
<arg>UG</arg>
<arg>UM</arg>
<arg>US</arg>
<arg>UY</arg>
<arg>UZ</arg>
<arg>VA</arg>
<arg>VC</arg>
<arg>VE</arg>
<arg>VG</arg>
<arg>VI</arg>
<arg>VN</arg>
<arg>VU</arg>
<arg>WF</arg>
<arg>WS</arg>
<arg>XK</arg>
<arg>YE</arg>
<arg>YT</arg>
<arg>ZA</arg>
<arg>ZM</arg>
<arg>ZW</arg>
<doc>Returns a list containing given items.</doc>
<status status="PASS" start="2024-07-29T19:12:24.154380" elapsed="0.000654"/>
</kw>
<kw name="List Should Contain Value" owner="Collections">
<arg>${list_country}</arg>
<arg>${name_country}</arg>
<doc>Fails if the ``value`` is not found from ``list``.</doc>
<status status="PASS" start="2024-07-29T19:12:24.156024" elapsed="0.000215"/>
</kw>
<kw name="Run Keyword If" owner="BuiltIn">
<kw name="Should Be True" owner="BuiltIn">
<arg>${True}</arg>
<doc>Fails if the given condition is not true.</doc>
<status status="PASS" start="2024-07-29T19:12:24.157248" elapsed="0.000145"/>
</kw>
<arg>${json_data["results"][0]["location"]["coordinates"]["latitude"]} &gt;= -90 and ${json_data["results"][0]["location"]["coordinates"]["latitude"]} &lt;= 90</arg>
<arg>Should Be True</arg>
<arg>${True}</arg>
<doc>Runs the given keyword with the given arguments, if ``condition`` is true.</doc>
<status status="PASS" start="2024-07-29T19:12:24.156473" elapsed="0.001047"/>
</kw>
<kw name="Run Keyword If" owner="BuiltIn">
<kw name="Should Be True" owner="BuiltIn">
<arg>${True}</arg>
<doc>Fails if the given condition is not true.</doc>
<status status="PASS" start="2024-07-29T19:12:24.158393" elapsed="0.000138"/>
</kw>
<arg>${json_data["results"][0]["location"]["coordinates"]["longitude"]} &gt;= -180 and ${json_data["results"][0]["location"]["coordinates"]["longitude"]} &lt;= 180</arg>
<arg>Should Be True</arg>
<arg>${True}</arg>
<doc>Runs the given keyword with the given arguments, if ``condition`` is true.</doc>
<status status="PASS" start="2024-07-29T19:12:24.157704" elapsed="0.000952"/>
</kw>
<status status="PASS" start="2024-07-29T19:12:24.052924" elapsed="0.105865"/>
</kw>
<doc>Testa o conteúdo específico dos campos retornados pela API.</doc>
<tag>testeConteudo</tag>
<status status="PASS" start="2024-07-29T19:12:24.052372" elapsed="0.106584"/>
</test>
<status status="PASS" start="2024-07-29T19:12:23.092674" elapsed="1.068317"/>
</suite>
<status status="PASS" start="2024-07-29T19:12:23.077933" elapsed="1.088222"/>
</suite>
<statistics>
<total>
<stat pass="5" fail="0" skip="0">All Tests</stat>
</total>
<tag>
<stat pass="1" fail="0" skip="0">testeConteudo</stat>
<stat pass="1" fail="0" skip="0">testeEstruturaResposta</stat>
<stat pass="1" fail="0" skip="0">testeRequisicaoBasica</stat>
<stat pass="1" fail="0" skip="0">testeTiposDados</stat>
</tag>
<suite>
<stat pass="5" fail="0" skip="0" id="s1" name="Tests">Tests</stat>
<stat pass="5" fail="0" skip="0" id="s1-s1" name="Random-User-Test">Tests.Random-User-Test</stat>
</suite>
</statistics>
<errors>
</errors>
</robot>
