<?xml version="1.0" encoding="UTF-8"?>
<robot generator="Robot 7.0 (Python 3.12.3 on linux)" generated="2024-05-09T08:18:04.453235" rpa="false" schemaversion="5">
<suite id="s1" name="Tests" source="/home/runner/work/DesafioQAItauRogerioJordao/DesafioQAItauRogerioJordao/RamdonUser/tests">
<suite id="s1-s1" name="Random-User-Test" source="/home/runner/work/DesafioQAItauRogerioJordao/DesafioQAItauRogerioJordao/RamdonUser/tests/random-user-test.robot">
<test id="s1-s1-t1" name="Conectar" line="13">
<kw name="Conectar API" owner="random-user-service">
<kw name="Create Session" owner="RequestsLibrary">
<msg time="2024-05-09T08:18:04.815130" level="INFO">Creating Session using : alias=consultarAPI, url=https://randomuser.me/, headers={},                     cookies={}, auth=None, timeout=None, proxies=None, verify=False,                     debug=0 </msg>
<arg>consultarAPI</arg>
<arg>${URL}</arg>
<doc>Create Session: create a HTTP session to a server</doc>
<status status="PASS" start="2024-05-09T08:18:04.814930" elapsed="0.000384"/>
</kw>
<status status="PASS" start="2024-05-09T08:18:04.813966" elapsed="0.001698"/>
</kw>
<status status="PASS" start="2024-05-09T08:18:04.813435" elapsed="0.002421"/>
</test>
<test id="s1-s1-t2" name="Validar retorno 200 e JSON Válido" line="16">
<kw name="Teste de Requisicao Basica" owner="random-user-service">
<kw name="GET On Session" owner="RequestsLibrary">
<msg time="2024-05-09T08:18:04.883641" level="INFO">GET Request : url=https://randomuser.me/api 
 path_url=/api 
 headers={'User-Agent': 'python-requests/2.31.0', 'Accept-Encoding': 'gzip, deflate', 'Accept': '*/*', 'Connection': 'keep-alive'} 
 body=None 
 </msg>
<msg time="2024-05-09T08:18:04.883774" level="INFO">GET Response : url=https://randomuser.me/api 
 status=200, reason=OK 
 headers={'Date': 'Thu, 09 May 2024 08:18:04 GMT', 'Content-Type': 'application/json; charset=utf-8', 'Transfer-Encoding': 'chunked', 'Connection': 'keep-alive', 'X-Powered-By': 'Express', 'Access-Control-Allow-Origin': '*', 'Cache-Control': 'no-cache', 'ETag': 'W/"493-w1YUBrCH9hsYvACwu3rmjBKPLz8"', 'Vary': 'Accept-Encoding', 'Content-Encoding': 'gzip', 'CF-Cache-Status': 'DYNAMIC', 'Report-To': '{"endpoints":[{"url":"https:\\/\\/a.nel.cloudflare.com\\/report\\/v4?s=%2BAOpm9pvPsqEQE2GXEZB5jdTpNryjyMisY%2B9ADjgAW29hHY9ejQplXhfKlegStI6zFuAaj9h3FYHrsa1ppn4I6XpBRbufpnjukF78WNI3U7%2FnjAfwus%2FTsBoSdVGgPu%2F"}],"group":"cf-nel","max_age":604800}', 'NEL': '{"success_fraction":0,"report_to":"cf-nel","max_age":604800}', 'Server': 'cloudflare', 'CF-RAY': '881041bc3b05617d-ORD', 'alt-svc': 'h3=":443"; ma=86400'} 
 body={"results":[{"gender":"female","name":{"title":"Miss","first":"Imogen","last":"Hall"},"location":{"street":{"number":770,"name":"Pt Chevalier Road"},"city":"Gisborne","state":"Canterbury","country":"New Zealand","postcode":78102,"coordinates":{"latitude":"54.2918","longitude":"111.5214"},"timezone":{"offset":"+4:00","description":"Abu Dhabi, Muscat, Baku, Tbilisi"}},"email":"imogen.hall@example.com","login":{"uuid":"63391b22-ca12-406e-b4e9-e9d3e3cc3abd","username":"organictiger636","password":"toshiba","salt":"PhidA6pq","md5":"37875b3ac15a1b7632e0ef794e8db69c","sha1":"156ce6bb0fa975e6f2b60226ddce707257e3b68c","sha256":"1161f67a3aa8ae3d8fb8fe804257432a93f4fd44b5ecc1e71dbb6f56c8fb9512"},"dob":{"date":"1993-07-27T15:09:26.732Z","age":30},"registered":{"date":"2006-07-12T04:25:25.738Z","age":17},"phone":"(277)-266-8250","cell":"(280)-991-1155","id":{"name":"","value":null},"picture":{"large":"https://randomuser.me/api/portraits/women/87.jpg","medium":"https://randomuser.me/api/portraits/med/women/87.jpg","thumbnail":"https://randomuser.me/api/portraits/thumb/women/87.jpg"},"nat":"NZ"}],"info":{"seed":"7ee2e72741043f92","results":1,"page":1,"version":"1.4"}} 
 </msg>
<msg time="2024-05-09T08:18:04.883862" level="INFO">/opt/hostedtoolcache/Python/3.12.3/x64/lib/python3.12/site-packages/urllib3/connectionpool.py:1103: InsecureRequestWarning: Unverified HTTPS request is being made to host 'randomuser.me'. Adding certificate verification is strongly advised. See: https://urllib3.readthedocs.io/en/latest/advanced-usage.html#tls-warnings
  warnings.warn(</msg>
<msg time="2024-05-09T08:18:04.884012" level="INFO">${response} = &lt;Response [200]&gt;</msg>
<var>${response}</var>
<arg>consultarAPI</arg>
<arg>/api</arg>
<doc>Sends a GET request on a previously created HTTP Session.</doc>
<status status="PASS" start="2024-05-09T08:18:04.818505" elapsed="0.065558"/>
</kw>
<kw name="Should Be Equal As Numbers" owner="BuiltIn">
<msg time="2024-05-09T08:18:04.885159" level="INFO">Argument types are:
&lt;class 'int'&gt;
&lt;class 'str'&gt;</msg>
<arg>${response.status_code}</arg>
<arg>200</arg>
<doc>Fails if objects are unequal after converting them to real numbers.</doc>
<status status="PASS" start="2024-05-09T08:18:04.884640" elapsed="0.000586"/>
</kw>
<kw name="Log" owner="BuiltIn">
<msg time="2024-05-09T08:18:04.885943" level="INFO">200</msg>
<arg>${response.status_code}</arg>
<doc>Logs the given message with the given level.</doc>
<status status="PASS" start="2024-05-09T08:18:04.885570" elapsed="0.000417"/>
</kw>
<kw name="Set Variable" owner="BuiltIn">
<msg time="2024-05-09T08:18:04.886739" level="INFO">${json_data} = {'results': [{'gender': 'female', 'name': {'title': 'Miss', 'first': 'Imogen', 'last': 'Hall'}, 'location': {'street': {'number': 770, 'name': 'Pt Chevalier Road'}, 'city': 'Gisborne', 'state': 'Cante...</msg>
<var>${json_data}</var>
<arg>${response.json()}</arg>
<doc>Returns the given values which can then be assigned to a variables.</doc>
<status status="PASS" start="2024-05-09T08:18:04.886298" elapsed="0.000469"/>
</kw>
<kw name="Dictionary Should Contain Key" owner="Collections">
<msg time="2024-05-09T08:18:04.887235" level="INFO">False</msg>
<arg>${json_data}</arg>
<arg>results</arg>
<doc>Fails if ``key`` is not found from ``dictionary``.</doc>
<status status="PASS" start="2024-05-09T08:18:04.887068" elapsed="0.000217"/>
</kw>
<status status="PASS" start="2024-05-09T08:18:04.818231" elapsed="0.069315"/>
</kw>
<doc>Testa se a API responde corretamente e retorna um objeto JSON válido.</doc>
<tag>testeRequisicaoBasica</tag>
<status status="PASS" start="2024-05-09T08:18:04.817753" elapsed="0.069968"/>
</test>
<test id="s1-s1-t3" name="Validar estrutura de resposta" line="22">
<kw name="Teste de Estrutura de Resposta" owner="random-user-service">
<kw name="GET On Session" owner="RequestsLibrary">
<msg time="2024-05-09T08:18:04.979279" level="INFO">GET Request : url=https://randomuser.me/api 
 path_url=/api 
 headers={'User-Agent': 'python-requests/2.31.0', 'Accept-Encoding': 'gzip, deflate', 'Accept': '*/*', 'Connection': 'keep-alive'} 
 body=None 
 </msg>
<msg time="2024-05-09T08:18:04.979363" level="INFO">GET Response : url=https://randomuser.me/api 
 status=200, reason=OK 
 headers={'Date': 'Thu, 09 May 2024 08:18:04 GMT', 'Content-Type': 'application/json; charset=utf-8', 'Transfer-Encoding': 'chunked', 'Connection': 'keep-alive', 'X-Powered-By': 'Express', 'Access-Control-Allow-Origin': '*', 'Cache-Control': 'no-cache', 'ETag': 'W/"4a3-G7E9VX/P7ptUKGZ6yf4Xa6lvOTs"', 'Vary': 'Accept-Encoding', 'Content-Encoding': 'gzip', 'CF-Cache-Status': 'DYNAMIC', 'Report-To': '{"endpoints":[{"url":"https:\\/\\/a.nel.cloudflare.com\\/report\\/v4?s=%2BBkfB7rdNa9MWQ5rtKkOby5VB2z7f93yzSDiYtGoCOqdS2PV1Xeoabp3XKkvZ70dss%2BzRY2KunIwdrL2%2FzWthFjjpGYu7osYfk%2FddoDRRU9mABLn9F7rVVUJp%2Fzt3CtA"}],"group":"cf-nel","max_age":604800}', 'NEL': '{"success_fraction":0,"report_to":"cf-nel","max_age":604800}', 'Server': 'cloudflare', 'CF-RAY': '881041bc9b31617d-ORD', 'alt-svc': 'h3=":443"; ma=86400'} 
 body={"results":[{"gender":"female","name":{"title":"Ms","first":"Lisa","last":"Berendse"},"location":{"street":{"number":7232,"name":"Altweerterkapelstraat"},"city":"Eenrum","state":"Gelderland","country":"Netherlands","postcode":"3989 XJ","coordinates":{"latitude":"30.1729","longitude":"44.5430"},"timezone":{"offset":"+9:00","description":"Tokyo, Seoul, Osaka, Sapporo, Yakutsk"}},"email":"lisa.berendse@example.com","login":{"uuid":"80eeb034-0f81-4098-bab3-57beb25e97da","username":"brownfrog547","password":"phillip","salt":"9GhdKGEO","md5":"bf1e2cdee29883fc4001528af3f8cd73","sha1":"25424dd09f0f11d3c20c63fd53cc3dbd92abc0e3","sha256":"715d8be92975c712f9430bd94c687205547872c741adc53f0ad86c47ef900256"},"dob":{"date":"1985-03-23T18:21:57.346Z","age":39},"registered":{"date":"2020-12-13T06:03:13.753Z","age":3},"phone":"(013) 8548603","cell":"(06) 58659156","id":{"name":"BSN","value":"09083718"},"picture":{"large":"https://randomuser.me/api/portraits/women/71.jpg","medium":"https://randomuser.me/api/portraits/med/women/71.jpg","thumbnail":"https://randomuser.me/api/portraits/thumb/women/71.jpg"},"nat":"NL"}],"info":{"seed":"621333d312a55640","results":1,"page":1,"version":"1.4"}} 
 </msg>
<msg time="2024-05-09T08:18:04.979466" level="INFO">/opt/hostedtoolcache/Python/3.12.3/x64/lib/python3.12/site-packages/urllib3/connectionpool.py:1103: InsecureRequestWarning: Unverified HTTPS request is being made to host 'randomuser.me'. Adding certificate verification is strongly advised. See: https://urllib3.readthedocs.io/en/latest/advanced-usage.html#tls-warnings
  warnings.warn(</msg>
<msg time="2024-05-09T08:18:04.979571" level="INFO">${response} = &lt;Response [200]&gt;</msg>
<var>${response}</var>
<arg>consultarAPI</arg>
<arg>/api</arg>
<doc>Sends a GET request on a previously created HTTP Session.</doc>
<status status="PASS" start="2024-05-09T08:18:04.890381" elapsed="0.089232"/>
</kw>
<kw name="Set Variable" owner="BuiltIn">
<msg time="2024-05-09T08:18:04.980755" level="INFO">${json_data} = {'results': [{'gender': 'female', 'name': {'title': 'Ms', 'first': 'Lisa', 'last': 'Berendse'}, 'location': {'street': {'number': 7232, 'name': 'Altweerterkapelstraat'}, 'city': 'Eenrum', 'state': 'Ge...</msg>
<var>${json_data}</var>
<arg>${response.json()}</arg>
<doc>Returns the given values which can then be assigned to a variables.</doc>
<status status="PASS" start="2024-05-09T08:18:04.980114" elapsed="0.000670"/>
</kw>
<kw name="Log" owner="BuiltIn">
<msg time="2024-05-09T08:18:04.981260" level="INFO">{'results': [{'gender': 'female', 'name': {'title': 'Ms', 'first': 'Lisa', 'last': 'Berendse'}, 'location': {'street': {'number': 7232, 'name': 'Altweerterkapelstraat'}, 'city': 'Eenrum', 'state': 'Gelderland', 'country': 'Netherlands', 'postcode': '3989 XJ', 'coordinates': {'latitude': '30.1729', 'longitude': '44.5430'}, 'timezone': {'offset': '+9:00', 'description': 'Tokyo, Seoul, Osaka, Sapporo, Yakutsk'}}, 'email': 'lisa.berendse@example.com', 'login': {'uuid': '80eeb034-0f81-4098-bab3-57beb25e97da', 'username': 'brownfrog547', 'password': 'phillip', 'salt': '9GhdKGEO', 'md5': 'bf1e2cdee29883fc4001528af3f8cd73', 'sha1': '25424dd09f0f11d3c20c63fd53cc3dbd92abc0e3', 'sha256': '715d8be92975c712f9430bd94c687205547872c741adc53f0ad86c47ef900256'}, 'dob': {'date': '1985-03-23T18:21:57.346Z', 'age': 39}, 'registered': {'date': '2020-12-13T06:03:13.753Z', 'age': 3}, 'phone': '(013) 8548603', 'cell': '(06) 58659156', 'id': {'name': 'BSN', 'value': '09083718'}, 'picture': {'large': 'https://randomuser.me/api/portraits/women/71.jpg', 'medium': 'https://randomuser.me/api/portraits/med/women/71.jpg', 'thumbnail': 'https://randomuser.me/api/portraits/thumb/women/71.jpg'}, 'nat': 'NL'}], 'info': {'seed': '621333d312a55640', 'results': 1, 'page': 1, 'version': '1.4'}}</msg>
<arg>${json_data}</arg>
<doc>Logs the given message with the given level.</doc>
<status status="PASS" start="2024-05-09T08:18:04.981098" elapsed="0.000212"/>
</kw>
<kw name="Dictionary Should Contain Key" owner="Collections">
<msg time="2024-05-09T08:18:04.981761" level="INFO">False</msg>
<arg>${json_data}</arg>
<arg>results</arg>
<doc>Fails if ``key`` is not found from ``dictionary``.</doc>
<status status="PASS" start="2024-05-09T08:18:04.981604" elapsed="0.000196"/>
</kw>
<kw name="Should Not Be Empty" owner="BuiltIn">
<msg time="2024-05-09T08:18:04.982230" level="INFO">Length is 2.</msg>
<arg>${json_data}</arg>
<doc>Verifies that the given item is not empty.</doc>
<status status="PASS" start="2024-05-09T08:18:04.982091" elapsed="0.000178"/>
</kw>
<kw name="Create List" owner="BuiltIn">
<msg time="2024-05-09T08:18:04.982850" level="INFO">${expected_keys} = ['gender', 'name', 'location', 'email', 'login']</msg>
<var>${expected_keys}</var>
<arg>gender</arg>
<arg>name</arg>
<arg>location</arg>
<arg>email</arg>
<arg>login</arg>
<doc>Returns a list containing given items.</doc>
<status status="PASS" start="2024-05-09T08:18:04.982563" elapsed="0.000312"/>
</kw>
<for flavor="IN">
<iter>
<kw name="Dictionary Should Contain Key" owner="Collections">
<msg time="2024-05-09T08:18:04.983857" level="INFO">False</msg>
<arg>${json_data['results'][0]}</arg>
<arg>${key}</arg>
<doc>Fails if ``key`` is not found from ``dictionary``.</doc>
<status status="PASS" start="2024-05-09T08:18:04.983457" elapsed="0.000439"/>
</kw>
<kw name="Log" owner="BuiltIn">
<msg time="2024-05-09T08:18:04.984590" level="INFO">{'gender': 'female', 'name': {'title': 'Ms', 'first': 'Lisa', 'last': 'Berendse'}, 'location': {'street': {'number': 7232, 'name': 'Altweerterkapelstraat'}, 'city': 'Eenrum', 'state': 'Gelderland', 'country': 'Netherlands', 'postcode': '3989 XJ', 'coordinates': {'latitude': '30.1729', 'longitude': '44.5430'}, 'timezone': {'offset': '+9:00', 'description': 'Tokyo, Seoul, Osaka, Sapporo, Yakutsk'}}, 'email': 'lisa.berendse@example.com', 'login': {'uuid': '80eeb034-0f81-4098-bab3-57beb25e97da', 'username': 'brownfrog547', 'password': 'phillip', 'salt': '9GhdKGEO', 'md5': 'bf1e2cdee29883fc4001528af3f8cd73', 'sha1': '25424dd09f0f11d3c20c63fd53cc3dbd92abc0e3', 'sha256': '715d8be92975c712f9430bd94c687205547872c741adc53f0ad86c47ef900256'}, 'dob': {'date': '1985-03-23T18:21:57.346Z', 'age': 39}, 'registered': {'date': '2020-12-13T06:03:13.753Z', 'age': 3}, 'phone': '(013) 8548603', 'cell': '(06) 58659156', 'id': {'name': 'BSN', 'value': '09083718'}, 'picture': {'large': 'https://randomuser.me/api/portraits/women/71.jpg', 'medium': 'https://randomuser.me/api/portraits/med/women/71.jpg', 'thumbnail': 'https://randomuser.me/api/portraits/thumb/women/71.jpg'}, 'nat': 'NL'}</msg>
<arg>${json_data['results'][0]}</arg>
<doc>Logs the given message with the given level.</doc>
<status status="PASS" start="2024-05-09T08:18:04.984199" elapsed="0.000440"/>
</kw>
<kw name="Log" owner="BuiltIn">
<msg time="2024-05-09T08:18:04.985065" level="INFO">gender</msg>
<arg>${key}</arg>
<doc>Logs the given message with the given level.</doc>
<status status="PASS" start="2024-05-09T08:18:04.984937" elapsed="0.000165"/>
</kw>
<var name="${key}">gender</var>
<status status="PASS" start="2024-05-09T08:18:04.983331" elapsed="0.001982"/>
</iter>
<iter>
<kw name="Dictionary Should Contain Key" owner="Collections">
<msg time="2024-05-09T08:18:04.985994" level="INFO">False</msg>
<arg>${json_data['results'][0]}</arg>
<arg>${key}</arg>
<doc>Fails if ``key`` is not found from ``dictionary``.</doc>
<status status="PASS" start="2024-05-09T08:18:04.985616" elapsed="0.000415"/>
</kw>
<kw name="Log" owner="BuiltIn">
<msg time="2024-05-09T08:18:04.986712" level="INFO">{'gender': 'female', 'name': {'title': 'Ms', 'first': 'Lisa', 'last': 'Berendse'}, 'location': {'street': {'number': 7232, 'name': 'Altweerterkapelstraat'}, 'city': 'Eenrum', 'state': 'Gelderland', 'country': 'Netherlands', 'postcode': '3989 XJ', 'coordinates': {'latitude': '30.1729', 'longitude': '44.5430'}, 'timezone': {'offset': '+9:00', 'description': 'Tokyo, Seoul, Osaka, Sapporo, Yakutsk'}}, 'email': 'lisa.berendse@example.com', 'login': {'uuid': '80eeb034-0f81-4098-bab3-57beb25e97da', 'username': 'brownfrog547', 'password': 'phillip', 'salt': '9GhdKGEO', 'md5': 'bf1e2cdee29883fc4001528af3f8cd73', 'sha1': '25424dd09f0f11d3c20c63fd53cc3dbd92abc0e3', 'sha256': '715d8be92975c712f9430bd94c687205547872c741adc53f0ad86c47ef900256'}, 'dob': {'date': '1985-03-23T18:21:57.346Z', 'age': 39}, 'registered': {'date': '2020-12-13T06:03:13.753Z', 'age': 3}, 'phone': '(013) 8548603', 'cell': '(06) 58659156', 'id': {'name': 'BSN', 'value': '09083718'}, 'picture': {'large': 'https://randomuser.me/api/portraits/women/71.jpg', 'medium': 'https://randomuser.me/api/portraits/med/women/71.jpg', 'thumbnail': 'https://randomuser.me/api/portraits/thumb/women/71.jpg'}, 'nat': 'NL'}</msg>
<arg>${json_data['results'][0]}</arg>
<doc>Logs the given message with the given level.</doc>
<status status="PASS" start="2024-05-09T08:18:04.986350" elapsed="0.000410"/>
</kw>
<kw name="Log" owner="BuiltIn">
<msg time="2024-05-09T08:18:04.987178" level="INFO">name</msg>
<arg>${key}</arg>
<doc>Logs the given message with the given level.</doc>
<status status="PASS" start="2024-05-09T08:18:04.987055" elapsed="0.000170"/>
</kw>
<var name="${key}">name</var>
<status status="PASS" start="2024-05-09T08:18:04.985498" elapsed="0.001945"/>
</iter>
<iter>
<kw name="Dictionary Should Contain Key" owner="Collections">
<msg time="2024-05-09T08:18:04.988115" level="INFO">False</msg>
<arg>${json_data['results'][0]}</arg>
<arg>${key}</arg>
<doc>Fails if ``key`` is not found from ``dictionary``.</doc>
<status status="PASS" start="2024-05-09T08:18:04.987734" elapsed="0.000418"/>
</kw>
<kw name="Log" owner="BuiltIn">
<msg time="2024-05-09T08:18:04.988822" level="INFO">{'gender': 'female', 'name': {'title': 'Ms', 'first': 'Lisa', 'last': 'Berendse'}, 'location': {'street': {'number': 7232, 'name': 'Altweerterkapelstraat'}, 'city': 'Eenrum', 'state': 'Gelderland', 'country': 'Netherlands', 'postcode': '3989 XJ', 'coordinates': {'latitude': '30.1729', 'longitude': '44.5430'}, 'timezone': {'offset': '+9:00', 'description': 'Tokyo, Seoul, Osaka, Sapporo, Yakutsk'}}, 'email': 'lisa.berendse@example.com', 'login': {'uuid': '80eeb034-0f81-4098-bab3-57beb25e97da', 'username': 'brownfrog547', 'password': 'phillip', 'salt': '9GhdKGEO', 'md5': 'bf1e2cdee29883fc4001528af3f8cd73', 'sha1': '25424dd09f0f11d3c20c63fd53cc3dbd92abc0e3', 'sha256': '715d8be92975c712f9430bd94c687205547872c741adc53f0ad86c47ef900256'}, 'dob': {'date': '1985-03-23T18:21:57.346Z', 'age': 39}, 'registered': {'date': '2020-12-13T06:03:13.753Z', 'age': 3}, 'phone': '(013) 8548603', 'cell': '(06) 58659156', 'id': {'name': 'BSN', 'value': '09083718'}, 'picture': {'large': 'https://randomuser.me/api/portraits/women/71.jpg', 'medium': 'https://randomuser.me/api/portraits/med/women/71.jpg', 'thumbnail': 'https://randomuser.me/api/portraits/thumb/women/71.jpg'}, 'nat': 'NL'}</msg>
<arg>${json_data['results'][0]}</arg>
<doc>Logs the given message with the given level.</doc>
<status status="PASS" start="2024-05-09T08:18:04.988469" elapsed="0.000400"/>
</kw>
<kw name="Log" owner="BuiltIn">
<msg time="2024-05-09T08:18:04.989286" level="INFO">location</msg>
<arg>${key}</arg>
<doc>Logs the given message with the given level.</doc>
<status status="PASS" start="2024-05-09T08:18:04.989161" elapsed="0.000162"/>
</kw>
<var name="${key}">location</var>
<status status="PASS" start="2024-05-09T08:18:04.987623" elapsed="0.001910"/>
</iter>
<iter>
<kw name="Dictionary Should Contain Key" owner="Collections">
<msg time="2024-05-09T08:18:04.990195" level="INFO">False</msg>
<arg>${json_data['results'][0]}</arg>
<arg>${key}</arg>
<doc>Fails if ``key`` is not found from ``dictionary``.</doc>
<status status="PASS" start="2024-05-09T08:18:04.989813" elapsed="0.000418"/>
</kw>
<kw name="Log" owner="BuiltIn">
<msg time="2024-05-09T08:18:04.990872" level="INFO">{'gender': 'female', 'name': {'title': 'Ms', 'first': 'Lisa', 'last': 'Berendse'}, 'location': {'street': {'number': 7232, 'name': 'Altweerterkapelstraat'}, 'city': 'Eenrum', 'state': 'Gelderland', 'country': 'Netherlands', 'postcode': '3989 XJ', 'coordinates': {'latitude': '30.1729', 'longitude': '44.5430'}, 'timezone': {'offset': '+9:00', 'description': 'Tokyo, Seoul, Osaka, Sapporo, Yakutsk'}}, 'email': 'lisa.berendse@example.com', 'login': {'uuid': '80eeb034-0f81-4098-bab3-57beb25e97da', 'username': 'brownfrog547', 'password': 'phillip', 'salt': '9GhdKGEO', 'md5': 'bf1e2cdee29883fc4001528af3f8cd73', 'sha1': '25424dd09f0f11d3c20c63fd53cc3dbd92abc0e3', 'sha256': '715d8be92975c712f9430bd94c687205547872c741adc53f0ad86c47ef900256'}, 'dob': {'date': '1985-03-23T18:21:57.346Z', 'age': 39}, 'registered': {'date': '2020-12-13T06:03:13.753Z', 'age': 3}, 'phone': '(013) 8548603', 'cell': '(06) 58659156', 'id': {'name': 'BSN', 'value': '09083718'}, 'picture': {'large': 'https://randomuser.me/api/portraits/women/71.jpg', 'medium': 'https://randomuser.me/api/portraits/med/women/71.jpg', 'thumbnail': 'https://randomuser.me/api/portraits/thumb/women/71.jpg'}, 'nat': 'NL'}</msg>
<arg>${json_data['results'][0]}</arg>
<doc>Logs the given message with the given level.</doc>
<status status="PASS" start="2024-05-09T08:18:04.990521" elapsed="0.000398"/>
</kw>
<kw name="Log" owner="BuiltIn">
<msg time="2024-05-09T08:18:04.991326" level="INFO">email</msg>
<arg>${key}</arg>
<doc>Logs the given message with the given level.</doc>
<status status="PASS" start="2024-05-09T08:18:04.991203" elapsed="0.000160"/>
</kw>
<var name="${key}">email</var>
<status status="PASS" start="2024-05-09T08:18:04.989704" elapsed="0.001868"/>
</iter>
<iter>
<kw name="Dictionary Should Contain Key" owner="Collections">
<msg time="2024-05-09T08:18:04.992257" level="INFO">False</msg>
<arg>${json_data['results'][0]}</arg>
<arg>${key}</arg>
<doc>Fails if ``key`` is not found from ``dictionary``.</doc>
<status status="PASS" start="2024-05-09T08:18:04.991848" elapsed="0.000449"/>
</kw>
<kw name="Log" owner="BuiltIn">
<msg time="2024-05-09T08:18:04.992945" level="INFO">{'gender': 'female', 'name': {'title': 'Ms', 'first': 'Lisa', 'last': 'Berendse'}, 'location': {'street': {'number': 7232, 'name': 'Altweerterkapelstraat'}, 'city': 'Eenrum', 'state': 'Gelderland', 'country': 'Netherlands', 'postcode': '3989 XJ', 'coordinates': {'latitude': '30.1729', 'longitude': '44.5430'}, 'timezone': {'offset': '+9:00', 'description': 'Tokyo, Seoul, Osaka, Sapporo, Yakutsk'}}, 'email': 'lisa.berendse@example.com', 'login': {'uuid': '80eeb034-0f81-4098-bab3-57beb25e97da', 'username': 'brownfrog547', 'password': 'phillip', 'salt': '9GhdKGEO', 'md5': 'bf1e2cdee29883fc4001528af3f8cd73', 'sha1': '25424dd09f0f11d3c20c63fd53cc3dbd92abc0e3', 'sha256': '715d8be92975c712f9430bd94c687205547872c741adc53f0ad86c47ef900256'}, 'dob': {'date': '1985-03-23T18:21:57.346Z', 'age': 39}, 'registered': {'date': '2020-12-13T06:03:13.753Z', 'age': 3}, 'phone': '(013) 8548603', 'cell': '(06) 58659156', 'id': {'name': 'BSN', 'value': '09083718'}, 'picture': {'large': 'https://randomuser.me/api/portraits/women/71.jpg', 'medium': 'https://randomuser.me/api/portraits/med/women/71.jpg', 'thumbnail': 'https://randomuser.me/api/portraits/thumb/women/71.jpg'}, 'nat': 'NL'}</msg>
<arg>${json_data['results'][0]}</arg>
<doc>Logs the given message with the given level.</doc>
<status status="PASS" start="2024-05-09T08:18:04.992596" elapsed="0.000395"/>
</kw>
<kw name="Log" owner="BuiltIn">
<msg time="2024-05-09T08:18:04.993400" level="INFO">login</msg>
<arg>${key}</arg>
<doc>Logs the given message with the given level.</doc>
<status status="PASS" start="2024-05-09T08:18:04.993277" elapsed="0.000191"/>
</kw>
<var name="${key}">login</var>
<status status="PASS" start="2024-05-09T08:18:04.991741" elapsed="0.001944"/>
</iter>
<var>${key}</var>
<value>@{expected_keys}</value>
<status status="PASS" start="2024-05-09T08:18:04.983143" elapsed="0.010658"/>
</for>
<kw name="Create List" owner="BuiltIn">
<msg time="2024-05-09T08:18:04.994122" level="INFO">${expected_keysTwo} = ['username', 'password']</msg>
<var>${expected_keysTwo}</var>
<arg>username</arg>
<arg>password</arg>
<doc>Returns a list containing given items.</doc>
<status status="PASS" start="2024-05-09T08:18:04.993988" elapsed="0.000157"/>
</kw>
<for flavor="IN">
<iter>
<kw name="Dictionary Should Contain Key" owner="Collections">
<msg time="2024-05-09T08:18:04.995009" level="INFO">False</msg>
<arg>${json_data['results'][0]['login']}</arg>
<arg>${keyTwo}</arg>
<doc>Fails if ``key`` is not found from ``dictionary``.</doc>
<status status="PASS" start="2024-05-09T08:18:04.994628" elapsed="0.000417"/>
</kw>
<kw name="Dictionary Should Contain Key" owner="Collections">
<msg time="2024-05-09T08:18:04.995714" level="INFO">False</msg>
<arg>${json_data['results'][0]['login']}</arg>
<arg>${keyTwo}</arg>
<doc>Fails if ``key`` is not found from ``dictionary``.</doc>
<status status="PASS" start="2024-05-09T08:18:04.995336" elapsed="0.000414"/>
</kw>
<kw name="Log" owner="BuiltIn">
<msg time="2024-05-09T08:18:04.996158" level="INFO">username</msg>
<arg>${keyTwo}</arg>
<doc>Logs the given message with the given level.</doc>
<status status="PASS" start="2024-05-09T08:18:04.996035" elapsed="0.000163"/>
</kw>
<var name="${keyTwo}">username</var>
<status status="PASS" start="2024-05-09T08:18:04.994521" elapsed="0.001909"/>
</iter>
<iter>
<kw name="Dictionary Should Contain Key" owner="Collections">
<msg time="2024-05-09T08:18:04.997074" level="INFO">False</msg>
<arg>${json_data['results'][0]['login']}</arg>
<arg>${keyTwo}</arg>
<doc>Fails if ``key`` is not found from ``dictionary``.</doc>
<status status="PASS" start="2024-05-09T08:18:04.996705" elapsed="0.000405"/>
</kw>
<kw name="Dictionary Should Contain Key" owner="Collections">
<msg time="2024-05-09T08:18:04.997852" level="INFO">False</msg>
<arg>${json_data['results'][0]['login']}</arg>
<arg>${keyTwo}</arg>
<doc>Fails if ``key`` is not found from ``dictionary``.</doc>
<status status="PASS" start="2024-05-09T08:18:04.997398" elapsed="0.000493"/>
</kw>
<kw name="Log" owner="BuiltIn">
<msg time="2024-05-09T08:18:04.998310" level="INFO">password</msg>
<arg>${keyTwo}</arg>
<doc>Logs the given message with the given level.</doc>
<status status="PASS" start="2024-05-09T08:18:04.998184" elapsed="0.000162"/>
</kw>
<var name="${keyTwo}">password</var>
<status status="PASS" start="2024-05-09T08:18:04.996598" elapsed="0.001963"/>
</iter>
<var>${keyTwo}</var>
<value>@{expected_keysTwo}</value>
<status status="PASS" start="2024-05-09T08:18:04.994375" elapsed="0.004305"/>
</for>
<status status="PASS" start="2024-05-09T08:18:04.890140" elapsed="0.108676"/>
</kw>
<doc>Testa a estrutura da resposta da API.</doc>
<tag>testeEstruturaResposta</tag>
<status status="PASS" start="2024-05-09T08:18:04.889557" elapsed="0.109407"/>
</test>
<test id="s1-s1-t4" name="Validar tipos de dados" line="28">
<kw name="Teste de Tipos de Dados" owner="random-user-service">
<kw name="GET On Session" owner="RequestsLibrary">
<msg time="2024-05-09T08:18:05.079634" level="INFO">GET Request : url=https://randomuser.me/api 
 path_url=/api 
 headers={'User-Agent': 'python-requests/2.31.0', 'Accept-Encoding': 'gzip, deflate', 'Accept': '*/*', 'Connection': 'keep-alive'} 
 body=None 
 </msg>
<msg time="2024-05-09T08:18:05.079709" level="INFO">GET Response : url=https://randomuser.me/api 
 status=200, reason=OK 
 headers={'Date': 'Thu, 09 May 2024 08:18:05 GMT', 'Content-Type': 'application/json; charset=utf-8', 'Transfer-Encoding': 'chunked', 'Connection': 'keep-alive', 'X-Powered-By': 'Express', 'Access-Control-Allow-Origin': '*', 'Cache-Control': 'no-cache', 'ETag': 'W/"49b-yIKvye1X40CQVC1PYI1Dh17xbG0"', 'Vary': 'Accept-Encoding', 'Content-Encoding': 'gzip', 'CF-Cache-Status': 'DYNAMIC', 'Report-To': '{"endpoints":[{"url":"https:\\/\\/a.nel.cloudflare.com\\/report\\/v4?s=4xzP5Q8mrLS4GY2wCcFtOvU3NOaLZi2ZuvnT5m20XEThJJp6%2FtcnqRkJB%2Bdj6wv53sRNAdQhbHcGD8xRBSuFt5uLDY10G1aQ6AdzluzpEuELhSPQr4Z8ka00fswrbTlE"}],"group":"cf-nel","max_age":604800}', 'NEL': '{"success_fraction":0,"report_to":"cf-nel","max_age":604800}', 'Server': 'cloudflare', 'CF-RAY': '881041bd4ba1617d-ORD', 'alt-svc': 'h3=":443"; ma=86400'} 
 body={"results":[{"gender":"female","name":{"title":"Mrs","first":"Clarisse","last":"Pires"},"location":{"street":{"number":8690,"name":"Rua Principal"},"city":"Uruguaiana","state":"Rio Grande do Sul","country":"Brazil","postcode":87130,"coordinates":{"latitude":"-76.3587","longitude":"132.4136"},"timezone":{"offset":"+6:00","description":"Almaty, Dhaka, Colombo"}},"email":"clarisse.pires@example.com","login":{"uuid":"2c8cd8fc-dea3-4345-a388-5d5970c2974e","username":"lazygoose873","password":"lorenzo","salt":"4PonstAn","md5":"3ece10ec4a7aa53fd4fe6340a7eb1d37","sha1":"4b12c2dceef4500e8a17a7ae9ab95367b104b22b","sha256":"7e5a59ddd99555b40f55c19e6ae13598c436eca983a96cb4c1b2329df3a8bcf1"},"dob":{"date":"1963-04-19T01:43:10.043Z","age":61},"registered":{"date":"2014-06-20T02:26:38.176Z","age":9},"phone":"(07) 1542-9698","cell":"(20) 4610-1114","id":{"name":"CPF","value":"276.543.445-34"},"picture":{"large":"https://randomuser.me/api/portraits/women/42.jpg","medium":"https://randomuser.me/api/portraits/med/women/42.jpg","thumbnail":"https://randomuser.me/api/portraits/thumb/women/42.jpg"},"nat":"BR"}],"info":{"seed":"d40256428460b4a2","results":1,"page":1,"version":"1.4"}} 
 </msg>
<msg time="2024-05-09T08:18:05.079772" level="INFO">/opt/hostedtoolcache/Python/3.12.3/x64/lib/python3.12/site-packages/urllib3/connectionpool.py:1103: InsecureRequestWarning: Unverified HTTPS request is being made to host 'randomuser.me'. Adding certificate verification is strongly advised. See: https://urllib3.readthedocs.io/en/latest/advanced-usage.html#tls-warnings
  warnings.warn(</msg>
<msg time="2024-05-09T08:18:05.079865" level="INFO">${response} = &lt;Response [200]&gt;</msg>
<var>${response}</var>
<arg>consultarAPI</arg>
<arg>/api</arg>
<doc>Sends a GET request on a previously created HTTP Session.</doc>
<status status="PASS" start="2024-05-09T08:18:05.001467" elapsed="0.078424"/>
</kw>
<kw name="Set Variable" owner="BuiltIn">
<msg time="2024-05-09T08:18:05.080841" level="INFO">${json_data} = {'results': [{'gender': 'female', 'name': {'title': 'Mrs', 'first': 'Clarisse', 'last': 'Pires'}, 'location': {'street': {'number': 8690, 'name': 'Rua Principal'}, 'city': 'Uruguaiana', 'state': 'Rio ...</msg>
<var>${json_data}</var>
<arg>${response.json()}</arg>
<doc>Returns the given values which can then be assigned to a variables.</doc>
<status status="PASS" start="2024-05-09T08:18:05.080350" elapsed="0.000519"/>
</kw>
<kw name="Log" owner="BuiltIn">
<msg time="2024-05-09T08:18:05.081340" level="INFO">{'results': [{'gender': 'female', 'name': {'title': 'Mrs', 'first': 'Clarisse', 'last': 'Pires'}, 'location': {'street': {'number': 8690, 'name': 'Rua Principal'}, 'city': 'Uruguaiana', 'state': 'Rio Grande do Sul', 'country': 'Brazil', 'postcode': 87130, 'coordinates': {'latitude': '-76.3587', 'longitude': '132.4136'}, 'timezone': {'offset': '+6:00', 'description': 'Almaty, Dhaka, Colombo'}}, 'email': 'clarisse.pires@example.com', 'login': {'uuid': '2c8cd8fc-dea3-4345-a388-5d5970c2974e', 'username': 'lazygoose873', 'password': 'lorenzo', 'salt': '4PonstAn', 'md5': '3ece10ec4a7aa53fd4fe6340a7eb1d37', 'sha1': '4b12c2dceef4500e8a17a7ae9ab95367b104b22b', 'sha256': '7e5a59ddd99555b40f55c19e6ae13598c436eca983a96cb4c1b2329df3a8bcf1'}, 'dob': {'date': '1963-04-19T01:43:10.043Z', 'age': 61}, 'registered': {'date': '2014-06-20T02:26:38.176Z', 'age': 9}, 'phone': '(07) 1542-9698', 'cell': '(20) 4610-1114', 'id': {'name': 'CPF', 'value': '276.543.445-34'}, 'picture': {'large': 'https://randomuser.me/api/portraits/women/42.jpg', 'medium': 'https://randomuser.me/api/portraits/med/women/42.jpg', 'thumbnail': 'https://randomuser.me/api/portraits/thumb/women/42.jpg'}, 'nat': 'BR'}], 'info': {'seed': 'd40256428460b4a2', 'results': 1, 'page': 1, 'version': '1.4'}}</msg>
<arg>${json_data}</arg>
<doc>Logs the given message with the given level.</doc>
<status status="PASS" start="2024-05-09T08:18:05.081186" elapsed="0.000238"/>
</kw>
<kw name="Should Be String" owner="String">
<arg>${json_data['results'][0]['gender']}</arg>
<doc>Fails if the given ``item`` is not a string.</doc>
<status status="PASS" start="2024-05-09T08:18:05.081724" elapsed="0.000364"/>
</kw>
<kw name="Should Match Regexp" owner="BuiltIn">
<arg>${json_data['results'][0]['email']}</arg>
<arg>^[a-zA-Z0-9._%+-]+@[a-zA-Z0-9.-]+\.[a-zA-Z]{2,}$</arg>
<doc>Fails if ``string`` does not match ``pattern`` as a regular expression.</doc>
<status status="PASS" start="2024-05-09T08:18:05.082280" elapsed="0.000520"/>
</kw>
<kw name="Should Match Regexp" owner="BuiltIn">
<arg>${json_data['results'][0]['dob']['date']}</arg>
<arg>\\d{4}-\\d{2}-\\d{2}T\\d{2}:\\d{2}:\\d{2}\\.\\d{3}Z</arg>
<doc>Fails if ``string`` does not match ``pattern`` as a regular expression.</doc>
<status status="PASS" start="2024-05-09T08:18:05.082993" elapsed="0.000503"/>
</kw>
<kw name="Should Match Regexp" owner="BuiltIn">
<arg>${json_data['results'][0]['registered']['date']}</arg>
<arg>\\d{4}-\\d{2}-\\d{2}T\\d{2}:\\d{2}:\\d{2}\\.\\d{3}Z</arg>
<doc>Fails if ``string`` does not match ``pattern`` as a regular expression.</doc>
<status status="PASS" start="2024-05-09T08:18:05.083685" elapsed="0.000370"/>
</kw>
<kw name="Should Match Regexp" owner="BuiltIn">
<arg>${json_data['results'][0]['picture']['large']}</arg>
<arg>^https?://.*\.(?:png|jpe?g|gif|bmp)$</arg>
<doc>Fails if ``string`` does not match ``pattern`` as a regular expression.</doc>
<status status="PASS" start="2024-05-09T08:18:05.084258" elapsed="0.000463"/>
</kw>
<kw name="Should Match Regexp" owner="BuiltIn">
<arg>${json_data['results'][0]['picture']['medium']}</arg>
<arg>^https?://.*\.(?:png|jpe?g|gif|bmp)$</arg>
<doc>Fails if ``string`` does not match ``pattern`` as a regular expression.</doc>
<status status="PASS" start="2024-05-09T08:18:05.084907" elapsed="0.000358"/>
</kw>
<kw name="Should Match Regexp" owner="BuiltIn">
<arg>${json_data['results'][0]['picture']['thumbnail']}</arg>
<arg>^https?://.*\.(?:png|jpe?g|gif|bmp)$</arg>
<doc>Fails if ``string`` does not match ``pattern`` as a regular expression.</doc>
<status status="PASS" start="2024-05-09T08:18:05.085451" elapsed="0.000348"/>
</kw>
<kw name="Log" owner="BuiltIn">
<msg time="2024-05-09T08:18:05.086289" level="INFO">{'large': 'https://randomuser.me/api/portraits/women/42.jpg', 'medium': 'https://randomuser.me/api/portraits/med/women/42.jpg', 'thumbnail': 'https://randomuser.me/api/portraits/thumb/women/42.jpg'}</msg>
<arg>${json_data['results'][0]['picture']}</arg>
<doc>Logs the given message with the given level.</doc>
<status status="PASS" start="2024-05-09T08:18:05.085973" elapsed="0.000357"/>
</kw>
<status status="PASS" start="2024-05-09T08:18:05.001248" elapsed="0.085333"/>
</kw>
<kw name="Teste de Tipos de Dados - Postcode" owner="random-user-service">
<kw name="GET On Session" owner="RequestsLibrary">
<msg time="2024-05-09T08:18:05.189106" level="INFO">GET Request : url=https://randomuser.me/api 
 path_url=/api 
 headers={'User-Agent': 'python-requests/2.31.0', 'Accept-Encoding': 'gzip, deflate', 'Accept': '*/*', 'Connection': 'keep-alive'} 
 body=None 
 </msg>
<msg time="2024-05-09T08:18:05.189192" level="INFO">GET Response : url=https://randomuser.me/api 
 status=200, reason=OK 
 headers={'Date': 'Thu, 09 May 2024 08:18:05 GMT', 'Content-Type': 'application/json; charset=utf-8', 'Transfer-Encoding': 'chunked', 'Connection': 'keep-alive', 'X-Powered-By': 'Express', 'Access-Control-Allow-Origin': '*', 'Cache-Control': 'no-cache', 'ETag': 'W/"488-YGRWMZvKkYGTKreYfYZXqsdqxvY"', 'Vary': 'Accept-Encoding', 'Content-Encoding': 'gzip', 'CF-Cache-Status': 'DYNAMIC', 'Report-To': '{"endpoints":[{"url":"https:\\/\\/a.nel.cloudflare.com\\/report\\/v4?s=PfhNAShb8gA0D7XHj20Arq7aVQU0ICoC4hE7nNcO5Ba2pCXvVC70W0QFPFN4p8AILbGQJ7k4JiQABozqoq7fTJd5fRPKT5Diy3ubnwRvBtr0IHGTNFj7IU0blzz3SNQy"}],"group":"cf-nel","max_age":604800}', 'NEL': '{"success_fraction":0,"report_to":"cf-nel","max_age":604800}', 'Server': 'cloudflare', 'CF-RAY': '881041bdcbed617d-ORD', 'alt-svc': 'h3=":443"; ma=86400'} 
 body={"results":[{"gender":"male","name":{"title":"Mr","first":"Živko","last":"Milovanović"},"location":{"street":{"number":6625,"name":"Đurakovačka"},"city":"Brus","state":"Rasina","country":"Serbia","postcode":98904,"coordinates":{"latitude":"58.5835","longitude":"-53.1275"},"timezone":{"offset":"+1:00","description":"Brussels, Copenhagen, Madrid, Paris"}},"email":"zivko.milovanovic@example.com","login":{"uuid":"f67a32bf-662a-489f-8ca5-0a0d2a1204a1","username":"redfrog155","password":"rrrr","salt":"yAkOHK0q","md5":"bd1514c79facf57c2e6e054dc500e571","sha1":"8b102a3b31d3fd3e62ab8df23ad2a39b5c5a2f59","sha256":"f61984457012e431ca9c911848f9869b13f9e07aa62a382785c554d8621bc4fa"},"dob":{"date":"1981-04-05T22:44:07.871Z","age":43},"registered":{"date":"2002-12-12T16:12:54.672Z","age":21},"phone":"016-0102-604","cell":"060-7110-571","id":{"name":"SID","value":"405675250"},"picture":{"large":"https://randomuser.me/api/portraits/men/83.jpg","medium":"https://randomuser.me/api/portraits/med/men/83.jpg","thumbnail":"https://randomuser.me/api/portraits/thumb/men/83.jpg"},"nat":"RS"}],"info":{"seed":"e812c443e5f70074","results":1,"page":1,"version":"1.4"}} 
 </msg>
<msg time="2024-05-09T08:18:05.189269" level="INFO">/opt/hostedtoolcache/Python/3.12.3/x64/lib/python3.12/site-packages/urllib3/connectionpool.py:1103: InsecureRequestWarning: Unverified HTTPS request is being made to host 'randomuser.me'. Adding certificate verification is strongly advised. See: https://urllib3.readthedocs.io/en/latest/advanced-usage.html#tls-warnings
  warnings.warn(</msg>
<msg time="2024-05-09T08:18:05.189381" level="INFO">${response} = &lt;Response [200]&gt;</msg>
<var>${response}</var>
<arg>consultarAPI</arg>
<arg>/api</arg>
<doc>Sends a GET request on a previously created HTTP Session.</doc>
<status status="PASS" start="2024-05-09T08:18:05.087034" elapsed="0.102384"/>
</kw>
<kw name="Set Variable" owner="BuiltIn">
<msg time="2024-05-09T08:18:05.190333" level="INFO">${json_data} = {'results': [{'gender': 'male', 'name': {'title': 'Mr', 'first': 'Živko', 'last': 'Milovanović'}, 'location': {'street': {'number': 6625, 'name': 'Đurakovačka'}, 'city': 'Brus', 'state': 'Rasina', 'co...</msg>
<var>${json_data}</var>
<arg>${response.json()}</arg>
<doc>Returns the given values which can then be assigned to a variables.</doc>
<status status="PASS" start="2024-05-09T08:18:05.189875" elapsed="0.000488"/>
</kw>
<kw name="Log" owner="BuiltIn">
<msg time="2024-05-09T08:18:05.190821" level="INFO">{'results': [{'gender': 'male', 'name': {'title': 'Mr', 'first': 'Živko', 'last': 'Milovanović'}, 'location': {'street': {'number': 6625, 'name': 'Đurakovačka'}, 'city': 'Brus', 'state': 'Rasina', 'country': 'Serbia', 'postcode': 98904, 'coordinates': {'latitude': '58.5835', 'longitude': '-53.1275'}, 'timezone': {'offset': '+1:00', 'description': 'Brussels, Copenhagen, Madrid, Paris'}}, 'email': 'zivko.milovanovic@example.com', 'login': {'uuid': 'f67a32bf-662a-489f-8ca5-0a0d2a1204a1', 'username': 'redfrog155', 'password': 'rrrr', 'salt': 'yAkOHK0q', 'md5': 'bd1514c79facf57c2e6e054dc500e571', 'sha1': '8b102a3b31d3fd3e62ab8df23ad2a39b5c5a2f59', 'sha256': 'f61984457012e431ca9c911848f9869b13f9e07aa62a382785c554d8621bc4fa'}, 'dob': {'date': '1981-04-05T22:44:07.871Z', 'age': 43}, 'registered': {'date': '2002-12-12T16:12:54.672Z', 'age': 21}, 'phone': '016-0102-604', 'cell': '060-7110-571', 'id': {'name': 'SID', 'value': '405675250'}, 'picture': {'large': 'https://randomuser.me/api/portraits/men/83.jpg', 'medium': 'https://randomuser.me/api/portraits/med/men/83.jpg', 'thumbnail': 'https://randomuser.me/api/portraits/thumb/men/83.jpg'}, 'nat': 'RS'}], 'info': {'seed': 'e812c443e5f70074', 'results': 1, 'page': 1, 'version': '1.4'}}</msg>
<arg>${json_data}</arg>
<doc>Logs the given message with the given level.</doc>
<status status="PASS" start="2024-05-09T08:18:05.190661" elapsed="0.000241"/>
</kw>
<kw name="Should Be Equal As Numbers" owner="BuiltIn">
<arg>${json_data['results'][0]['location']['postcode']}</arg>
<arg>${json_data['results'][0]['location']['postcode']}</arg>
<doc>Fails if objects are unequal after converting them to real numbers.</doc>
<status status="PASS" start="2024-05-09T08:18:05.191196" elapsed="0.000741"/>
</kw>
<kw name="Log" owner="BuiltIn">
<msg time="2024-05-09T08:18:05.192503" level="INFO">98904</msg>
<arg>${json_data['results'][0]['location']['postcode']}</arg>
<doc>Logs the given message with the given level.</doc>
<status status="PASS" start="2024-05-09T08:18:05.192128" elapsed="0.000416"/>
</kw>
<status status="PASS" start="2024-05-09T08:18:05.086808" elapsed="0.105986"/>
</kw>
<doc>Testa se os tipos de dados na resposta da API estão corretos.</doc>
<tag>testeTiposDados</tag>
<status status="PASS" start="2024-05-09T08:18:05.000732" elapsed="0.192223"/>
</test>
<test id="s1-s1-t5" name="Validar conteudo" line="35">
<kw name="Teste de Tipos de Conteudo" owner="random-user-service">
<kw name="GET On Session" owner="RequestsLibrary">
<msg time="2024-05-09T08:18:05.277257" level="INFO">GET Request : url=https://randomuser.me/api 
 path_url=/api 
 headers={'User-Agent': 'python-requests/2.31.0', 'Accept-Encoding': 'gzip, deflate', 'Accept': '*/*', 'Connection': 'keep-alive'} 
 body=None 
 </msg>
<msg time="2024-05-09T08:18:05.277349" level="INFO">GET Response : url=https://randomuser.me/api 
 status=200, reason=OK 
 headers={'Date': 'Thu, 09 May 2024 08:18:05 GMT', 'Content-Type': 'application/json; charset=utf-8', 'Transfer-Encoding': 'chunked', 'Connection': 'keep-alive', 'X-Powered-By': 'Express', 'Access-Control-Allow-Origin': '*', 'Cache-Control': 'no-cache', 'ETag': 'W/"47c-8xwn7HvXIgfDF6jGx0E1szQ28qU"', 'Vary': 'Accept-Encoding', 'Content-Encoding': 'gzip', 'CF-Cache-Status': 'DYNAMIC', 'Report-To': '{"endpoints":[{"url":"https:\\/\\/a.nel.cloudflare.com\\/report\\/v4?s=d2F7jrfr2vvcoNapV6LT9yE3lfxlVDarOCI%2FQCE1pKv3hRgzYy77eIf1aLUIdxypWpiqyuxJFjUNUSSYkiPbaGkswmWW4KRD3J%2FRMaahcNsoIO7mq0AAoedbB%2BNCPskE"}],"group":"cf-nel","max_age":604800}', 'NEL': '{"success_fraction":0,"report_to":"cf-nel","max_age":604800}', 'Server': 'cloudflare', 'CF-RAY': '881041be7c4a617d-ORD', 'alt-svc': 'h3=":443"; ma=86400'} 
 body={"results":[{"gender":"male","name":{"title":"Mr","first":"Miloje","last":"Stefanović"},"location":{"street":{"number":2876,"name":"Jovana Naka "},"city":"Prokuplje","state":"Toplica","country":"Serbia","postcode":39414,"coordinates":{"latitude":"59.2994","longitude":"-152.7545"},"timezone":{"offset":"+3:30","description":"Tehran"}},"email":"miloje.stefanovic@example.com","login":{"uuid":"7c945ae5-d723-43d6-921c-ad554ad0e8d1","username":"beautifulrabbit716","password":"bergkamp","salt":"YCinl1zL","md5":"0434f5b30d8027ac6d3e970229a9a86c","sha1":"6d02759b9ccc58e4e1799167c11922c033b03252","sha256":"295127a0999355efcfbbb553695f5dbf198785f3067d60cc98ba4cbc38d332a6"},"dob":{"date":"1993-08-06T04:12:49.162Z","age":30},"registered":{"date":"2009-06-22T14:33:11.842Z","age":14},"phone":"016-8095-812","cell":"060-5749-737","id":{"name":"SID","value":"656676627"},"picture":{"large":"https://randomuser.me/api/portraits/men/34.jpg","medium":"https://randomuser.me/api/portraits/med/men/34.jpg","thumbnail":"https://randomuser.me/api/portraits/thumb/men/34.jpg"},"nat":"RS"}],"info":{"seed":"64f0150dcecf0f77","results":1,"page":1,"version":"1.4"}} 
 </msg>
<msg time="2024-05-09T08:18:05.277425" level="INFO">/opt/hostedtoolcache/Python/3.12.3/x64/lib/python3.12/site-packages/urllib3/connectionpool.py:1103: InsecureRequestWarning: Unverified HTTPS request is being made to host 'randomuser.me'. Adding certificate verification is strongly advised. See: https://urllib3.readthedocs.io/en/latest/advanced-usage.html#tls-warnings
  warnings.warn(</msg>
<msg time="2024-05-09T08:18:05.277539" level="INFO">${response} = &lt;Response [200]&gt;</msg>
<var>${response}</var>
<arg>consultarAPI</arg>
<arg>/api</arg>
<doc>Sends a GET request on a previously created HTTP Session.</doc>
<status status="PASS" start="2024-05-09T08:18:05.195331" elapsed="0.082253"/>
</kw>
<kw name="Set Variable" owner="BuiltIn">
<msg time="2024-05-09T08:18:05.278529" level="INFO">${json_data} = {'results': [{'gender': 'male', 'name': {'title': 'Mr', 'first': 'Miloje', 'last': 'Stefanović'}, 'location': {'street': {'number': 2876, 'name': 'Jovana Naka '}, 'city': 'Prokuplje', 'state': 'Toplic...</msg>
<var>${json_data}</var>
<arg>${response.json()}</arg>
<doc>Returns the given values which can then be assigned to a variables.</doc>
<status status="PASS" start="2024-05-09T08:18:05.278047" elapsed="0.000512"/>
</kw>
<kw name="Set Variable" owner="BuiltIn">
<msg time="2024-05-09T08:18:05.279238" level="INFO">${name_title} = Mr</msg>
<var>${name_title}</var>
<arg>${json_data["results"][0]["name"]["title"]}</arg>
<doc>Returns the given values which can then be assigned to a variables.</doc>
<status status="PASS" start="2024-05-09T08:18:05.278859" elapsed="0.000404"/>
</kw>
<kw name="Create List" owner="BuiltIn">
<msg time="2024-05-09T08:18:05.279704" level="INFO">${allowed_titles} = ['Mr', 'Ms', 'Miss', 'Mrs', 'Madame', 'Monsieur']</msg>
<var>${allowed_titles}</var>
<arg>Mr</arg>
<arg>Ms</arg>
<arg>Miss</arg>
<arg>Mrs</arg>
<arg>Madame</arg>
<arg>Monsieur</arg>
<doc>Returns a list containing given items.</doc>
<status status="PASS" start="2024-05-09T08:18:05.279558" elapsed="0.000170"/>
</kw>
<kw name="List Should Contain Value" owner="Collections">
<msg time="2024-05-09T08:18:05.280192" level="INFO">False</msg>
<arg>${allowed_titles}</arg>
<arg>${name_title}</arg>
<doc>Fails if the ``value`` is not found from ``list``.</doc>
<status status="PASS" start="2024-05-09T08:18:05.280020" elapsed="0.000237"/>
</kw>
<kw name="Set Variable" owner="BuiltIn">
<msg time="2024-05-09T08:18:05.280935" level="INFO">${name_country} = RS</msg>
<var>${name_country}</var>
<arg>${json_data["results"][0]["nat"]}</arg>
<doc>Returns the given values which can then be assigned to a variables.</doc>
<status status="PASS" start="2024-05-09T08:18:05.280565" elapsed="0.000394"/>
</kw>
<kw name="Create List" owner="BuiltIn">
<msg time="2024-05-09T08:18:05.281842" level="INFO">${list_country} = ['AD', 'AE', 'AF', 'AG', 'AI', 'AL', 'AM', 'AO', 'AQ', 'AR', 'AS', 'AT', 'AU', 'AW', 'AX', 'AZ', 'BA', 'BB', 'BD', 'BE', 'BF', 'BG', 'BH', 'BI', 'BJ', 'BL', 'BM', 'BN', 'BO', 'BQ', 'BR', 'BS', 'BT', '...</msg>
<var>${list_country}</var>
<arg>AD</arg>
<arg>AE</arg>
<arg>AF</arg>
<arg>AG</arg>
<arg>AI</arg>
<arg>AL</arg>
<arg>AM</arg>
<arg>AO</arg>
<arg>AQ</arg>
<arg>AR</arg>
<arg>AS</arg>
<arg>AT</arg>
<arg>AU</arg>
<arg>AW</arg>
<arg>AX</arg>
<arg>AZ</arg>
<arg>BA</arg>
<arg>BB</arg>
<arg>BD</arg>
<arg>BE</arg>
<arg>BF</arg>
<arg>BG</arg>
<arg>BH</arg>
<arg>BI</arg>
<arg>BJ</arg>
<arg>BL</arg>
<arg>BM</arg>
<arg>BN</arg>
<arg>BO</arg>
<arg>BQ</arg>
<arg>BR</arg>
<arg>BS</arg>
<arg>BT</arg>
<arg>BV</arg>
<arg>BW</arg>
<arg>BY</arg>
<arg>BZ</arg>
<arg>CA</arg>
<arg>CC</arg>
<arg>CD</arg>
<arg>CF</arg>
<arg>CG</arg>
<arg>CH</arg>
<arg>CI</arg>
<arg>CK</arg>
<arg>CL</arg>
<arg>CM</arg>
<arg>CN</arg>
<arg>CO</arg>
<arg>CR</arg>
<arg>CU</arg>
<arg>CV</arg>
<arg>CW</arg>
<arg>CX</arg>
<arg>CY</arg>
<arg>CZ</arg>
<arg>DE</arg>
<arg>DJ</arg>
<arg>DK</arg>
<arg>DM</arg>
<arg>DO</arg>
<arg>DZ</arg>
<arg>EC</arg>
<arg>EE</arg>
<arg>EG</arg>
<arg>EH</arg>
<arg>ER</arg>
<arg>ES</arg>
<arg>ET</arg>
<arg>FI</arg>
<arg>FJ</arg>
<arg>FK</arg>
<arg>FM</arg>
<arg>FO</arg>
<arg>FR</arg>
<arg>GA</arg>
<arg>GB</arg>
<arg>GD</arg>
<arg>GE</arg>
<arg>GF</arg>
<arg>GG</arg>
<arg>GH</arg>
<arg>GI</arg>
<arg>GL</arg>
<arg>GM</arg>
<arg>GN</arg>
<arg>GP</arg>
<arg>GQ</arg>
<arg>GR</arg>
<arg>GS</arg>
<arg>GT</arg>
<arg>GU</arg>
<arg>GW</arg>
<arg>GY</arg>
<arg>HK</arg>
<arg>HM</arg>
<arg>HN</arg>
<arg>HR</arg>
<arg>HT</arg>
<arg>HU</arg>
<arg>ID</arg>
<arg>IE</arg>
<arg>IL</arg>
<arg>IM</arg>
<arg>IN</arg>
<arg>IO</arg>
<arg>IQ</arg>
<arg>IR</arg>
<arg>IS</arg>
<arg>IT</arg>
<arg>JE</arg>
<arg>JM</arg>
<arg>JO</arg>
<arg>JP</arg>
<arg>KE</arg>
<arg>KG</arg>
<arg>KH</arg>
<arg>KI</arg>
<arg>KM</arg>
<arg>KN</arg>
<arg>KP</arg>
<arg>KR</arg>
<arg>KW</arg>
<arg>KY</arg>
<arg>KZ</arg>
<arg>LA</arg>
<arg>LB</arg>
<arg>LC</arg>
<arg>LI</arg>
<arg>LK</arg>
<arg>LR</arg>
<arg>LS</arg>
<arg>LT</arg>
<arg>LU</arg>
<arg>LV</arg>
<arg>LY</arg>
<arg>MA</arg>
<arg>MC</arg>
<arg>MD</arg>
<arg>ME</arg>
<arg>MF</arg>
<arg>MG</arg>
<arg>MH</arg>
<arg>MK</arg>
<arg>ML</arg>
<arg>MM</arg>
<arg>MN</arg>
<arg>MO</arg>
<arg>MP</arg>
<arg>MQ</arg>
<arg>MR</arg>
<arg>MS</arg>
<arg>MT</arg>
<arg>MU</arg>
<arg>MV</arg>
<arg>MW</arg>
<arg>MX</arg>
<arg>MY</arg>
<arg>MZ</arg>
<arg>NA</arg>
<arg>NC</arg>
<arg>NE</arg>
<arg>NF</arg>
<arg>NG</arg>
<arg>NI</arg>
<arg>NL</arg>
<arg>NO</arg>
<arg>NP</arg>
<arg>NR</arg>
<arg>NU</arg>
<arg>NZ</arg>
<arg>OM</arg>
<arg>PA</arg>
<arg>PE</arg>
<arg>PF</arg>
<arg>PG</arg>
<arg>PH</arg>
<arg>PK</arg>
<arg>PL</arg>
<arg>PM</arg>
<arg>PN</arg>
<arg>PR</arg>
<arg>PS</arg>
<arg>PT</arg>
<arg>PW</arg>
<arg>PY</arg>
<arg>QA</arg>
<arg>RE</arg>
<arg>RO</arg>
<arg>RS</arg>
<arg>RU</arg>
<arg>RW</arg>
<arg>SA</arg>
<arg>SB</arg>
<arg>SC</arg>
<arg>SD</arg>
<arg>SE</arg>
<arg>SG</arg>
<arg>SH</arg>
<arg>SI</arg>
<arg>SJ</arg>
<arg>SK</arg>
<arg>SL</arg>
<arg>SM</arg>
<arg>SN</arg>
<arg>SO</arg>
<arg>SR</arg>
<arg>SS</arg>
<arg>ST</arg>
<arg>SV</arg>
<arg>SX</arg>
<arg>SY</arg>
<arg>SZ</arg>
<arg>TC</arg>
<arg>TD</arg>
<arg>TF</arg>
<arg>TG</arg>
<arg>TH</arg>
<arg>TJ</arg>
<arg>TK</arg>
<arg>TL</arg>
<arg>TM</arg>
<arg>TN</arg>
<arg>TO</arg>
<arg>TR</arg>
<arg>TT</arg>
<arg>TV</arg>
<arg>TW</arg>
<arg>TZ</arg>
<arg>UA</arg>
<arg>UG</arg>
<arg>UM</arg>
<arg>US</arg>
<arg>UY</arg>
<arg>UZ</arg>
<arg>VA</arg>
<arg>VC</arg>
<arg>VE</arg>
<arg>VG</arg>
<arg>VI</arg>
<arg>VN</arg>
<arg>VU</arg>
<arg>WF</arg>
<arg>WS</arg>
<arg>XK</arg>
<arg>YE</arg>
<arg>YT</arg>
<arg>ZA</arg>
<arg>ZM</arg>
<arg>ZW</arg>
<doc>Returns a list containing given items.</doc>
<status status="PASS" start="2024-05-09T08:18:05.281256" elapsed="0.000611"/>
</kw>
<kw name="List Should Contain Value" owner="Collections">
<msg time="2024-05-09T08:18:05.282846" level="INFO">False</msg>
<arg>${list_country}</arg>
<arg>${name_country}</arg>
<doc>Fails if the ``value`` is not found from ``list``.</doc>
<status status="PASS" start="2024-05-09T08:18:05.282650" elapsed="0.000232"/>
</kw>
<kw name="Run Keyword If" owner="BuiltIn">
<kw name="Should Be True" owner="BuiltIn">
<arg>${True}</arg>
<doc>Fails if the given condition is not true.</doc>
<status status="PASS" start="2024-05-09T08:18:05.283924" elapsed="0.000140"/>
</kw>
<arg>${json_data["results"][0]["location"]["coordinates"]["latitude"]} &gt;= -90 and ${json_data["results"][0]["location"]["coordinates"]["latitude"]} &lt;= 90</arg>
<arg>Should Be True</arg>
<arg>${True}</arg>
<doc>Runs the given keyword with the given arguments, if ``condition`` is true.</doc>
<status status="PASS" start="2024-05-09T08:18:05.283192" elapsed="0.000996"/>
</kw>
<kw name="Run Keyword If" owner="BuiltIn">
<kw name="Should Be True" owner="BuiltIn">
<arg>${True}</arg>
<doc>Fails if the given condition is not true.</doc>
<status status="PASS" start="2024-05-09T08:18:05.285099" elapsed="0.000256"/>
</kw>
<arg>${json_data["results"][0]["location"]["coordinates"]["longitude"]} &gt;= -180 and ${json_data["results"][0]["location"]["coordinates"]["longitude"]} &lt;= 180</arg>
<arg>Should Be True</arg>
<arg>${True}</arg>
<doc>Runs the given keyword with the given arguments, if ``condition`` is true.</doc>
<status status="PASS" start="2024-05-09T08:18:05.284398" elapsed="0.001082"/>
</kw>
<status status="PASS" start="2024-05-09T08:18:05.195109" elapsed="0.090501"/>
</kw>
<doc>Testa o conteúdo específico dos campos retornados pela API.</doc>
<tag>testeConteudo</tag>
<status status="PASS" start="2024-05-09T08:18:05.194672" elapsed="0.091083"/>
</test>
<status status="PASS" start="2024-05-09T08:18:04.510735" elapsed="0.776938"/>
</suite>
<status status="PASS" start="2024-05-09T08:18:04.497318" elapsed="0.795532"/>
</suite>
<statistics>
<total>
<stat pass="5" fail="0" skip="0">All Tests</stat>
</total>
<tag>
<stat pass="1" fail="0" skip="0">testeConteudo</stat>
<stat pass="1" fail="0" skip="0">testeEstruturaResposta</stat>
<stat pass="1" fail="0" skip="0">testeRequisicaoBasica</stat>
<stat pass="1" fail="0" skip="0">testeTiposDados</stat>
</tag>
<suite>
<stat pass="5" fail="0" skip="0" id="s1" name="Tests">Tests</stat>
<stat pass="5" fail="0" skip="0" id="s1-s1" name="Random-User-Test">Tests.Random-User-Test</stat>
</suite>
</statistics>
<errors>
</errors>
</robot>
