<?xml version="1.0" encoding="UTF-8"?>
<robot generator="Robot 7.0 (Python 3.12.3 on linux)" generated="2024-05-17T02:26:46.071100" rpa="false" schemaversion="5">
<suite id="s1" name="Tests" source="/home/runner/work/DesafioQAItauRogerioJordao/DesafioQAItauRogerioJordao/RamdonUser/tests">
<suite id="s1-s1" name="Random-User-Test" source="/home/runner/work/DesafioQAItauRogerioJordao/DesafioQAItauRogerioJordao/RamdonUser/tests/random-user-test.robot">
<test id="s1-s1-t1" name="Conectar" line="13">
<kw name="Conectar API" owner="random-user-service">
<kw name="Create Session" owner="RequestsLibrary">
<msg time="2024-05-17T02:26:46.461548" level="INFO">Creating Session using : alias=consultarAPI, url=https://randomuser.me/, headers={},                     cookies={}, auth=None, timeout=None, proxies=None, verify=False,                     debug=0 </msg>
<arg>consultarAPI</arg>
<arg>${URL}</arg>
<doc>Create Session: create a HTTP session to a server</doc>
<status status="PASS" start="2024-05-17T02:26:46.461347" elapsed="0.000381"/>
</kw>
<status status="PASS" start="2024-05-17T02:26:46.460349" elapsed="0.001733"/>
</kw>
<status status="PASS" start="2024-05-17T02:26:46.459709" elapsed="0.002566"/>
</test>
<test id="s1-s1-t2" name="Validar retorno 200 e JSON Válido" line="16">
<kw name="Teste de Requisicao Basica" owner="random-user-service">
<kw name="GET On Session" owner="RequestsLibrary">
<msg time="2024-05-17T02:26:46.707029" level="INFO">GET Request : url=https://randomuser.me/api 
 path_url=/api 
 headers={'User-Agent': 'python-requests/2.31.0', 'Accept-Encoding': 'gzip, deflate', 'Accept': '*/*', 'Connection': 'keep-alive'} 
 body=None 
 </msg>
<msg time="2024-05-17T02:26:46.707175" level="INFO">GET Response : url=https://randomuser.me/api 
 status=200, reason=OK 
 headers={'Date': 'Fri, 17 May 2024 02:26:46 GMT', 'Content-Type': 'application/json; charset=utf-8', 'Transfer-Encoding': 'chunked', 'Connection': 'keep-alive', 'X-Powered-By': 'Express', 'Access-Control-Allow-Origin': '*', 'Cache-Control': 'no-cache', 'ETag': 'W/"47f-NoShlglFUQRy5MpF+3ho9AA3dCM"', 'Vary': 'Accept-Encoding', 'Content-Encoding': 'gzip', 'CF-Cache-Status': 'DYNAMIC', 'Report-To': '{"endpoints":[{"url":"https:\\/\\/a.nel.cloudflare.com\\/report\\/v4?s=aqkBtn3FQ11FOJZFKGjwHBsYlHUW2s4uGJ3kLEjU6wXA5pvW423jRC%2BPnD0vjt1F7f0QSEAxtGxBcYnsqgPYJum0%2BSBpJBPsGM45XG8IJtfVy6vcmwNNDysjDqhQn8OS"}],"group":"cf-nel","max_age":604800}', 'NEL': '{"success_fraction":0,"report_to":"cf-nel","max_age":604800}', 'Server': 'cloudflare', 'CF-RAY': '88502a21af2389f7-ORD', 'alt-svc': 'h3=":443"; ma=86400'} 
 body={"results":[{"gender":"female","name":{"title":"Miss","first":"Nina","last":"Thomas"},"location":{"street":{"number":4700,"name":"Glenfield Road"},"city":"Gisborne","state":"Bay of Plenty","country":"New Zealand","postcode":31259,"coordinates":{"latitude":"52.4516","longitude":"84.2032"},"timezone":{"offset":"-12:00","description":"Eniwetok, Kwajalein"}},"email":"nina.thomas@example.com","login":{"uuid":"bb307421-3f11-4aad-b601-fba9f5ac8de8","username":"bigwolf741","password":"1414","salt":"0egOO1Cx","md5":"5af431ccb570adb148ecb094b7635cd6","sha1":"5cf3378842a304e6b1b5aebd8171e1d1db0c47bd","sha256":"d45f26e6ee5794ff271b8d24997ba35d64859ef660129aa9d93bb769a05e509e"},"dob":{"date":"1981-06-30T11:25:31.586Z","age":42},"registered":{"date":"2014-05-04T12:13:08.908Z","age":10},"phone":"(367)-589-5381","cell":"(852)-934-1934","id":{"name":"","value":null},"picture":{"large":"https://randomuser.me/api/portraits/women/94.jpg","medium":"https://randomuser.me/api/portraits/med/women/94.jpg","thumbnail":"https://randomuser.me/api/portraits/thumb/women/94.jpg"},"nat":"NZ"}],"info":{"seed":"43041c16a5de07ce","results":1,"page":1,"version":"1.4"}} 
 </msg>
<msg time="2024-05-17T02:26:46.707251" level="INFO">/opt/hostedtoolcache/Python/3.12.3/x64/lib/python3.12/site-packages/urllib3/connectionpool.py:1103: InsecureRequestWarning: Unverified HTTPS request is being made to host 'randomuser.me'. Adding certificate verification is strongly advised. See: https://urllib3.readthedocs.io/en/latest/advanced-usage.html#tls-warnings
  warnings.warn(</msg>
<msg time="2024-05-17T02:26:46.707398" level="INFO">${response} = &lt;Response [200]&gt;</msg>
<var>${response}</var>
<arg>consultarAPI</arg>
<arg>/api</arg>
<doc>Sends a GET request on a previously created HTTP Session.</doc>
<status status="PASS" start="2024-05-17T02:26:46.464972" elapsed="0.242467"/>
</kw>
<kw name="Should Be Equal As Numbers" owner="BuiltIn">
<msg time="2024-05-17T02:26:46.708555" level="INFO">Argument types are:
&lt;class 'int'&gt;
&lt;class 'str'&gt;</msg>
<arg>${response.status_code}</arg>
<arg>200</arg>
<doc>Fails if objects are unequal after converting them to real numbers.</doc>
<status status="PASS" start="2024-05-17T02:26:46.708076" elapsed="0.000545"/>
</kw>
<kw name="Log" owner="BuiltIn">
<msg time="2024-05-17T02:26:46.709318" level="INFO">200</msg>
<arg>${response.status_code}</arg>
<doc>Logs the given message with the given level.</doc>
<status status="PASS" start="2024-05-17T02:26:46.708967" elapsed="0.000393"/>
</kw>
<kw name="Set Variable" owner="BuiltIn">
<msg time="2024-05-17T02:26:46.710105" level="INFO">${json_data} = {'results': [{'gender': 'female', 'name': {'title': 'Miss', 'first': 'Nina', 'last': 'Thomas'}, 'location': {'street': {'number': 4700, 'name': 'Glenfield Road'}, 'city': 'Gisborne', 'state': 'Bay of ...</msg>
<var>${json_data}</var>
<arg>${response.json()}</arg>
<doc>Returns the given values which can then be assigned to a variables.</doc>
<status status="PASS" start="2024-05-17T02:26:46.709669" elapsed="0.000466"/>
</kw>
<kw name="Dictionary Should Contain Key" owner="Collections">
<msg time="2024-05-17T02:26:46.710643" level="INFO">False</msg>
<arg>${json_data}</arg>
<arg>results</arg>
<doc>Fails if ``key`` is not found from ``dictionary``.</doc>
<status status="PASS" start="2024-05-17T02:26:46.710439" elapsed="0.000244"/>
</kw>
<status status="PASS" start="2024-05-17T02:26:46.464729" elapsed="0.246215"/>
</kw>
<doc>Testa se a API responde corretamente e retorna um objeto JSON válido.</doc>
<tag>testeRequisicaoBasica</tag>
<status status="PASS" start="2024-05-17T02:26:46.464184" elapsed="0.246949"/>
</test>
<test id="s1-s1-t3" name="Validar estrutura de resposta" line="22">
<kw name="Teste de Estrutura de Resposta" owner="random-user-service">
<kw name="GET On Session" owner="RequestsLibrary">
<msg time="2024-05-17T02:26:46.801400" level="INFO">GET Request : url=https://randomuser.me/api 
 path_url=/api 
 headers={'User-Agent': 'python-requests/2.31.0', 'Accept-Encoding': 'gzip, deflate', 'Accept': '*/*', 'Connection': 'keep-alive'} 
 body=None 
 </msg>
<msg time="2024-05-17T02:26:46.801475" level="INFO">GET Response : url=https://randomuser.me/api 
 status=200, reason=OK 
 headers={'Date': 'Fri, 17 May 2024 02:26:46 GMT', 'Content-Type': 'application/json; charset=utf-8', 'Transfer-Encoding': 'chunked', 'Connection': 'keep-alive', 'X-Powered-By': 'Express', 'Access-Control-Allow-Origin': '*', 'Cache-Control': 'no-cache', 'ETag': 'W/"484-/Aro8+1oP5/IM/mwr1uFPh8WiSQ"', 'Vary': 'Accept-Encoding', 'Content-Encoding': 'gzip', 'CF-Cache-Status': 'DYNAMIC', 'Report-To': '{"endpoints":[{"url":"https:\\/\\/a.nel.cloudflare.com\\/report\\/v4?s=dU%2BlXyLVcCpikNxl24wm0%2FaUi%2BEbMA3Dqvo9JdlkOaBTTiu2g7kb0TUbuI3sQdfiPu2hkXmZL0vqclLsVtl7cLv4smc74bWrsizwe5fUaUdHxeir8Up4oDoMqLbdoIij"}],"group":"cf-nel","max_age":604800}', 'NEL': '{"success_fraction":0,"report_to":"cf-nel","max_age":604800}', 'Server': 'cloudflare', 'CF-RAY': '88502a21ffa289f7-ORD', 'alt-svc': 'h3=":443"; ma=86400'} 
 body={"results":[{"gender":"female","name":{"title":"Mrs","first":"Kordula","last":"Wessels"},"location":{"street":{"number":8899,"name":"Waldweg"},"city":"Neu-Isenburg","state":"Hamburg","country":"Germany","postcode":45551,"coordinates":{"latitude":"-53.8636","longitude":"158.9935"},"timezone":{"offset":"+3:30","description":"Tehran"}},"email":"kordula.wessels@example.com","login":{"uuid":"8f59ef95-6a65-469e-88ed-7477e8216e91","username":"ticklishkoala358","password":"talisman","salt":"PxtyJ5cF","md5":"b9b0c5da0cbbc6c31d9fc7d1d11b3fb4","sha1":"dbb5c64c7a15f1287e0906f0a35d2f4f07eca955","sha256":"a607013489cd900e89899f6321ab1f2d59dcbeb776134e2cc1e77d48b587bbcc"},"dob":{"date":"1970-12-26T19:02:12.537Z","age":53},"registered":{"date":"2011-01-18T20:22:34.983Z","age":13},"phone":"0510-4950154","cell":"0170-5920932","id":{"name":"SVNR","value":"78 261270 W 821"},"picture":{"large":"https://randomuser.me/api/portraits/women/87.jpg","medium":"https://randomuser.me/api/portraits/med/women/87.jpg","thumbnail":"https://randomuser.me/api/portraits/thumb/women/87.jpg"},"nat":"DE"}],"info":{"seed":"dedc4ba8ff6be04d","results":1,"page":1,"version":"1.4"}} 
 </msg>
<msg time="2024-05-17T02:26:46.801582" level="INFO">/opt/hostedtoolcache/Python/3.12.3/x64/lib/python3.12/site-packages/urllib3/connectionpool.py:1103: InsecureRequestWarning: Unverified HTTPS request is being made to host 'randomuser.me'. Adding certificate verification is strongly advised. See: https://urllib3.readthedocs.io/en/latest/advanced-usage.html#tls-warnings
  warnings.warn(</msg>
<msg time="2024-05-17T02:26:46.801686" level="INFO">${response} = &lt;Response [200]&gt;</msg>
<var>${response}</var>
<arg>consultarAPI</arg>
<arg>/api</arg>
<doc>Sends a GET request on a previously created HTTP Session.</doc>
<status status="PASS" start="2024-05-17T02:26:46.713824" elapsed="0.087894"/>
</kw>
<kw name="Set Variable" owner="BuiltIn">
<msg time="2024-05-17T02:26:46.802660" level="INFO">${json_data} = {'results': [{'gender': 'female', 'name': {'title': 'Mrs', 'first': 'Kordula', 'last': 'Wessels'}, 'location': {'street': {'number': 8899, 'name': 'Waldweg'}, 'city': 'Neu-Isenburg', 'state': 'Hamburg...</msg>
<var>${json_data}</var>
<arg>${response.json()}</arg>
<doc>Returns the given values which can then be assigned to a variables.</doc>
<status status="PASS" start="2024-05-17T02:26:46.802152" elapsed="0.000543"/>
</kw>
<kw name="Log" owner="BuiltIn">
<msg time="2024-05-17T02:26:46.803178" level="INFO">{'results': [{'gender': 'female', 'name': {'title': 'Mrs', 'first': 'Kordula', 'last': 'Wessels'}, 'location': {'street': {'number': 8899, 'name': 'Waldweg'}, 'city': 'Neu-Isenburg', 'state': 'Hamburg', 'country': 'Germany', 'postcode': 45551, 'coordinates': {'latitude': '-53.8636', 'longitude': '158.9935'}, 'timezone': {'offset': '+3:30', 'description': 'Tehran'}}, 'email': 'kordula.wessels@example.com', 'login': {'uuid': '8f59ef95-6a65-469e-88ed-7477e8216e91', 'username': 'ticklishkoala358', 'password': 'talisman', 'salt': 'PxtyJ5cF', 'md5': 'b9b0c5da0cbbc6c31d9fc7d1d11b3fb4', 'sha1': 'dbb5c64c7a15f1287e0906f0a35d2f4f07eca955', 'sha256': 'a607013489cd900e89899f6321ab1f2d59dcbeb776134e2cc1e77d48b587bbcc'}, 'dob': {'date': '1970-12-26T19:02:12.537Z', 'age': 53}, 'registered': {'date': '2011-01-18T20:22:34.983Z', 'age': 13}, 'phone': '0510-4950154', 'cell': '0170-5920932', 'id': {'name': 'SVNR', 'value': '78 261270 W 821'}, 'picture': {'large': 'https://randomuser.me/api/portraits/women/87.jpg', 'medium': 'https://randomuser.me/api/portraits/med/women/87.jpg', 'thumbnail': 'https://randomuser.me/api/portraits/thumb/women/87.jpg'}, 'nat': 'DE'}], 'info': {'seed': 'dedc4ba8ff6be04d', 'results': 1, 'page': 1, 'version': '1.4'}}</msg>
<arg>${json_data}</arg>
<doc>Logs the given message with the given level.</doc>
<status status="PASS" start="2024-05-17T02:26:46.803012" elapsed="0.000216"/>
</kw>
<kw name="Dictionary Should Contain Key" owner="Collections">
<msg time="2024-05-17T02:26:46.803688" level="INFO">False</msg>
<arg>${json_data}</arg>
<arg>results</arg>
<doc>Fails if ``key`` is not found from ``dictionary``.</doc>
<status status="PASS" start="2024-05-17T02:26:46.803533" elapsed="0.000194"/>
</kw>
<kw name="Should Not Be Empty" owner="BuiltIn">
<msg time="2024-05-17T02:26:46.804155" level="INFO">Length is 2.</msg>
<arg>${json_data}</arg>
<doc>Verifies that the given item is not empty.</doc>
<status status="PASS" start="2024-05-17T02:26:46.804023" elapsed="0.000170"/>
</kw>
<kw name="Create List" owner="BuiltIn">
<msg time="2024-05-17T02:26:46.804800" level="INFO">${expected_keys} = ['gender', 'name', 'location', 'email', 'login']</msg>
<var>${expected_keys}</var>
<arg>gender</arg>
<arg>name</arg>
<arg>location</arg>
<arg>email</arg>
<arg>login</arg>
<doc>Returns a list containing given items.</doc>
<status status="PASS" start="2024-05-17T02:26:46.804482" elapsed="0.000345"/>
</kw>
<for flavor="IN">
<iter>
<kw name="Dictionary Should Contain Key" owner="Collections">
<msg time="2024-05-17T02:26:46.805814" level="INFO">False</msg>
<arg>${json_data['results'][0]}</arg>
<arg>${key}</arg>
<doc>Fails if ``key`` is not found from ``dictionary``.</doc>
<status status="PASS" start="2024-05-17T02:26:46.805416" elapsed="0.000437"/>
</kw>
<kw name="Log" owner="BuiltIn">
<msg time="2024-05-17T02:26:46.806529" level="INFO">{'gender': 'female', 'name': {'title': 'Mrs', 'first': 'Kordula', 'last': 'Wessels'}, 'location': {'street': {'number': 8899, 'name': 'Waldweg'}, 'city': 'Neu-Isenburg', 'state': 'Hamburg', 'country': 'Germany', 'postcode': 45551, 'coordinates': {'latitude': '-53.8636', 'longitude': '158.9935'}, 'timezone': {'offset': '+3:30', 'description': 'Tehran'}}, 'email': 'kordula.wessels@example.com', 'login': {'uuid': '8f59ef95-6a65-469e-88ed-7477e8216e91', 'username': 'ticklishkoala358', 'password': 'talisman', 'salt': 'PxtyJ5cF', 'md5': 'b9b0c5da0cbbc6c31d9fc7d1d11b3fb4', 'sha1': 'dbb5c64c7a15f1287e0906f0a35d2f4f07eca955', 'sha256': 'a607013489cd900e89899f6321ab1f2d59dcbeb776134e2cc1e77d48b587bbcc'}, 'dob': {'date': '1970-12-26T19:02:12.537Z', 'age': 53}, 'registered': {'date': '2011-01-18T20:22:34.983Z', 'age': 13}, 'phone': '0510-4950154', 'cell': '0170-5920932', 'id': {'name': 'SVNR', 'value': '78 261270 W 821'}, 'picture': {'large': 'https://randomuser.me/api/portraits/women/87.jpg', 'medium': 'https://randomuser.me/api/portraits/med/women/87.jpg', 'thumbnail': 'https://randomuser.me/api/portraits/thumb/women/87.jpg'}, 'nat': 'DE'}</msg>
<arg>${json_data['results'][0]}</arg>
<doc>Logs the given message with the given level.</doc>
<status status="PASS" start="2024-05-17T02:26:46.806151" elapsed="0.000429"/>
</kw>
<kw name="Log" owner="BuiltIn">
<msg time="2024-05-17T02:26:46.807014" level="INFO">gender</msg>
<arg>${key}</arg>
<doc>Logs the given message with the given level.</doc>
<status status="PASS" start="2024-05-17T02:26:46.806887" elapsed="0.000165"/>
</kw>
<var name="${key}">gender</var>
<status status="PASS" start="2024-05-17T02:26:46.805289" elapsed="0.001978"/>
</iter>
<iter>
<kw name="Dictionary Should Contain Key" owner="Collections">
<msg time="2024-05-17T02:26:46.807951" level="INFO">False</msg>
<arg>${json_data['results'][0]}</arg>
<arg>${key}</arg>
<doc>Fails if ``key`` is not found from ``dictionary``.</doc>
<status status="PASS" start="2024-05-17T02:26:46.807568" elapsed="0.000420"/>
</kw>
<kw name="Log" owner="BuiltIn">
<msg time="2024-05-17T02:26:46.808702" level="INFO">{'gender': 'female', 'name': {'title': 'Mrs', 'first': 'Kordula', 'last': 'Wessels'}, 'location': {'street': {'number': 8899, 'name': 'Waldweg'}, 'city': 'Neu-Isenburg', 'state': 'Hamburg', 'country': 'Germany', 'postcode': 45551, 'coordinates': {'latitude': '-53.8636', 'longitude': '158.9935'}, 'timezone': {'offset': '+3:30', 'description': 'Tehran'}}, 'email': 'kordula.wessels@example.com', 'login': {'uuid': '8f59ef95-6a65-469e-88ed-7477e8216e91', 'username': 'ticklishkoala358', 'password': 'talisman', 'salt': 'PxtyJ5cF', 'md5': 'b9b0c5da0cbbc6c31d9fc7d1d11b3fb4', 'sha1': 'dbb5c64c7a15f1287e0906f0a35d2f4f07eca955', 'sha256': 'a607013489cd900e89899f6321ab1f2d59dcbeb776134e2cc1e77d48b587bbcc'}, 'dob': {'date': '1970-12-26T19:02:12.537Z', 'age': 53}, 'registered': {'date': '2011-01-18T20:22:34.983Z', 'age': 13}, 'phone': '0510-4950154', 'cell': '0170-5920932', 'id': {'name': 'SVNR', 'value': '78 261270 W 821'}, 'picture': {'large': 'https://randomuser.me/api/portraits/women/87.jpg', 'medium': 'https://randomuser.me/api/portraits/med/women/87.jpg', 'thumbnail': 'https://randomuser.me/api/portraits/thumb/women/87.jpg'}, 'nat': 'DE'}</msg>
<arg>${json_data['results'][0]}</arg>
<doc>Logs the given message with the given level.</doc>
<status status="PASS" start="2024-05-17T02:26:46.808319" elapsed="0.000440"/>
</kw>
<kw name="Log" owner="BuiltIn">
<msg time="2024-05-17T02:26:46.809184" level="INFO">name</msg>
<arg>${key}</arg>
<doc>Logs the given message with the given level.</doc>
<status status="PASS" start="2024-05-17T02:26:46.809058" elapsed="0.000163"/>
</kw>
<var name="${key}">name</var>
<status status="PASS" start="2024-05-17T02:26:46.807453" elapsed="0.001978"/>
</iter>
<iter>
<kw name="Dictionary Should Contain Key" owner="Collections">
<msg time="2024-05-17T02:26:46.810095" level="INFO">False</msg>
<arg>${json_data['results'][0]}</arg>
<arg>${key}</arg>
<doc>Fails if ``key`` is not found from ``dictionary``.</doc>
<status status="PASS" start="2024-05-17T02:26:46.809720" elapsed="0.000411"/>
</kw>
<kw name="Log" owner="BuiltIn">
<msg time="2024-05-17T02:26:46.810818" level="INFO">{'gender': 'female', 'name': {'title': 'Mrs', 'first': 'Kordula', 'last': 'Wessels'}, 'location': {'street': {'number': 8899, 'name': 'Waldweg'}, 'city': 'Neu-Isenburg', 'state': 'Hamburg', 'country': 'Germany', 'postcode': 45551, 'coordinates': {'latitude': '-53.8636', 'longitude': '158.9935'}, 'timezone': {'offset': '+3:30', 'description': 'Tehran'}}, 'email': 'kordula.wessels@example.com', 'login': {'uuid': '8f59ef95-6a65-469e-88ed-7477e8216e91', 'username': 'ticklishkoala358', 'password': 'talisman', 'salt': 'PxtyJ5cF', 'md5': 'b9b0c5da0cbbc6c31d9fc7d1d11b3fb4', 'sha1': 'dbb5c64c7a15f1287e0906f0a35d2f4f07eca955', 'sha256': 'a607013489cd900e89899f6321ab1f2d59dcbeb776134e2cc1e77d48b587bbcc'}, 'dob': {'date': '1970-12-26T19:02:12.537Z', 'age': 53}, 'registered': {'date': '2011-01-18T20:22:34.983Z', 'age': 13}, 'phone': '0510-4950154', 'cell': '0170-5920932', 'id': {'name': 'SVNR', 'value': '78 261270 W 821'}, 'picture': {'large': 'https://randomuser.me/api/portraits/women/87.jpg', 'medium': 'https://randomuser.me/api/portraits/med/women/87.jpg', 'thumbnail': 'https://randomuser.me/api/portraits/thumb/women/87.jpg'}, 'nat': 'DE'}</msg>
<arg>${json_data['results'][0]}</arg>
<doc>Logs the given message with the given level.</doc>
<status status="PASS" start="2024-05-17T02:26:46.810427" elapsed="0.000439"/>
</kw>
<kw name="Log" owner="BuiltIn">
<msg time="2024-05-17T02:26:46.811288" level="INFO">location</msg>
<arg>${key}</arg>
<doc>Logs the given message with the given level.</doc>
<status status="PASS" start="2024-05-17T02:26:46.811163" elapsed="0.000162"/>
</kw>
<var name="${key}">location</var>
<status status="PASS" start="2024-05-17T02:26:46.809609" elapsed="0.001928"/>
</iter>
<iter>
<kw name="Dictionary Should Contain Key" owner="Collections">
<msg time="2024-05-17T02:26:46.812202" level="INFO">False</msg>
<arg>${json_data['results'][0]}</arg>
<arg>${key}</arg>
<doc>Fails if ``key`` is not found from ``dictionary``.</doc>
<status status="PASS" start="2024-05-17T02:26:46.811820" elapsed="0.000418"/>
</kw>
<kw name="Log" owner="BuiltIn">
<msg time="2024-05-17T02:26:46.812886" level="INFO">{'gender': 'female', 'name': {'title': 'Mrs', 'first': 'Kordula', 'last': 'Wessels'}, 'location': {'street': {'number': 8899, 'name': 'Waldweg'}, 'city': 'Neu-Isenburg', 'state': 'Hamburg', 'country': 'Germany', 'postcode': 45551, 'coordinates': {'latitude': '-53.8636', 'longitude': '158.9935'}, 'timezone': {'offset': '+3:30', 'description': 'Tehran'}}, 'email': 'kordula.wessels@example.com', 'login': {'uuid': '8f59ef95-6a65-469e-88ed-7477e8216e91', 'username': 'ticklishkoala358', 'password': 'talisman', 'salt': 'PxtyJ5cF', 'md5': 'b9b0c5da0cbbc6c31d9fc7d1d11b3fb4', 'sha1': 'dbb5c64c7a15f1287e0906f0a35d2f4f07eca955', 'sha256': 'a607013489cd900e89899f6321ab1f2d59dcbeb776134e2cc1e77d48b587bbcc'}, 'dob': {'date': '1970-12-26T19:02:12.537Z', 'age': 53}, 'registered': {'date': '2011-01-18T20:22:34.983Z', 'age': 13}, 'phone': '0510-4950154', 'cell': '0170-5920932', 'id': {'name': 'SVNR', 'value': '78 261270 W 821'}, 'picture': {'large': 'https://randomuser.me/api/portraits/women/87.jpg', 'medium': 'https://randomuser.me/api/portraits/med/women/87.jpg', 'thumbnail': 'https://randomuser.me/api/portraits/thumb/women/87.jpg'}, 'nat': 'DE'}</msg>
<arg>${json_data['results'][0]}</arg>
<doc>Logs the given message with the given level.</doc>
<status status="PASS" start="2024-05-17T02:26:46.812533" elapsed="0.000399"/>
</kw>
<kw name="Log" owner="BuiltIn">
<msg time="2024-05-17T02:26:46.813349" level="INFO">email</msg>
<arg>${key}</arg>
<doc>Logs the given message with the given level.</doc>
<status status="PASS" start="2024-05-17T02:26:46.813225" elapsed="0.000161"/>
</kw>
<var name="${key}">email</var>
<status status="PASS" start="2024-05-17T02:26:46.811711" elapsed="0.001894"/>
</iter>
<iter>
<kw name="Dictionary Should Contain Key" owner="Collections">
<msg time="2024-05-17T02:26:46.814268" level="INFO">False</msg>
<arg>${json_data['results'][0]}</arg>
<arg>${key}</arg>
<doc>Fails if ``key`` is not found from ``dictionary``.</doc>
<status status="PASS" start="2024-05-17T02:26:46.813886" elapsed="0.000419"/>
</kw>
<kw name="Log" owner="BuiltIn">
<msg time="2024-05-17T02:26:46.814996" level="INFO">{'gender': 'female', 'name': {'title': 'Mrs', 'first': 'Kordula', 'last': 'Wessels'}, 'location': {'street': {'number': 8899, 'name': 'Waldweg'}, 'city': 'Neu-Isenburg', 'state': 'Hamburg', 'country': 'Germany', 'postcode': 45551, 'coordinates': {'latitude': '-53.8636', 'longitude': '158.9935'}, 'timezone': {'offset': '+3:30', 'description': 'Tehran'}}, 'email': 'kordula.wessels@example.com', 'login': {'uuid': '8f59ef95-6a65-469e-88ed-7477e8216e91', 'username': 'ticklishkoala358', 'password': 'talisman', 'salt': 'PxtyJ5cF', 'md5': 'b9b0c5da0cbbc6c31d9fc7d1d11b3fb4', 'sha1': 'dbb5c64c7a15f1287e0906f0a35d2f4f07eca955', 'sha256': 'a607013489cd900e89899f6321ab1f2d59dcbeb776134e2cc1e77d48b587bbcc'}, 'dob': {'date': '1970-12-26T19:02:12.537Z', 'age': 53}, 'registered': {'date': '2011-01-18T20:22:34.983Z', 'age': 13}, 'phone': '0510-4950154', 'cell': '0170-5920932', 'id': {'name': 'SVNR', 'value': '78 261270 W 821'}, 'picture': {'large': 'https://randomuser.me/api/portraits/women/87.jpg', 'medium': 'https://randomuser.me/api/portraits/med/women/87.jpg', 'thumbnail': 'https://randomuser.me/api/portraits/thumb/women/87.jpg'}, 'nat': 'DE'}</msg>
<arg>${json_data['results'][0]}</arg>
<doc>Logs the given message with the given level.</doc>
<status status="PASS" start="2024-05-17T02:26:46.814623" elapsed="0.000422"/>
</kw>
<kw name="Log" owner="BuiltIn">
<msg time="2024-05-17T02:26:46.815469" level="INFO">login</msg>
<arg>${key}</arg>
<doc>Logs the given message with the given level.</doc>
<status status="PASS" start="2024-05-17T02:26:46.815342" elapsed="0.000164"/>
</kw>
<var name="${key}">login</var>
<status status="PASS" start="2024-05-17T02:26:46.813776" elapsed="0.001943"/>
</iter>
<var>${key}</var>
<value>@{expected_keys}</value>
<status status="PASS" start="2024-05-17T02:26:46.805101" elapsed="0.010763"/>
</for>
<kw name="Create List" owner="BuiltIn">
<msg time="2024-05-17T02:26:46.816196" level="INFO">${expected_keysTwo} = ['username', 'password']</msg>
<var>${expected_keysTwo}</var>
<arg>username</arg>
<arg>password</arg>
<doc>Returns a list containing given items.</doc>
<status status="PASS" start="2024-05-17T02:26:46.816062" elapsed="0.000157"/>
</kw>
<for flavor="IN">
<iter>
<kw name="Dictionary Should Contain Key" owner="Collections">
<msg time="2024-05-17T02:26:46.817105" level="INFO">False</msg>
<arg>${json_data['results'][0]['login']}</arg>
<arg>${keyTwo}</arg>
<doc>Fails if ``key`` is not found from ``dictionary``.</doc>
<status status="PASS" start="2024-05-17T02:26:46.816711" elapsed="0.000431"/>
</kw>
<kw name="Dictionary Should Contain Key" owner="Collections">
<msg time="2024-05-17T02:26:46.817816" level="INFO">False</msg>
<arg>${json_data['results'][0]['login']}</arg>
<arg>${keyTwo}</arg>
<doc>Fails if ``key`` is not found from ``dictionary``.</doc>
<status status="PASS" start="2024-05-17T02:26:46.817435" elapsed="0.000416"/>
</kw>
<kw name="Log" owner="BuiltIn">
<msg time="2024-05-17T02:26:46.818271" level="INFO">username</msg>
<arg>${keyTwo}</arg>
<doc>Logs the given message with the given level.</doc>
<status status="PASS" start="2024-05-17T02:26:46.818143" elapsed="0.000170"/>
</kw>
<var name="${keyTwo}">username</var>
<status status="PASS" start="2024-05-17T02:26:46.816602" elapsed="0.001945"/>
</iter>
<iter>
<kw name="Dictionary Should Contain Key" owner="Collections">
<msg time="2024-05-17T02:26:46.819217" level="INFO">False</msg>
<arg>${json_data['results'][0]['login']}</arg>
<arg>${keyTwo}</arg>
<doc>Fails if ``key`` is not found from ``dictionary``.</doc>
<status status="PASS" start="2024-05-17T02:26:46.818840" elapsed="0.000413"/>
</kw>
<kw name="Dictionary Should Contain Key" owner="Collections">
<msg time="2024-05-17T02:26:46.819996" level="INFO">False</msg>
<arg>${json_data['results'][0]['login']}</arg>
<arg>${keyTwo}</arg>
<doc>Fails if ``key`` is not found from ``dictionary``.</doc>
<status status="PASS" start="2024-05-17T02:26:46.819542" elapsed="0.000491"/>
</kw>
<kw name="Log" owner="BuiltIn">
<msg time="2024-05-17T02:26:46.820453" level="INFO">password</msg>
<arg>${keyTwo}</arg>
<doc>Logs the given message with the given level.</doc>
<status status="PASS" start="2024-05-17T02:26:46.820328" elapsed="0.000160"/>
</kw>
<var name="${keyTwo}">password</var>
<status status="PASS" start="2024-05-17T02:26:46.818730" elapsed="0.001975"/>
</iter>
<var>${keyTwo}</var>
<value>@{expected_keysTwo}</value>
<status status="PASS" start="2024-05-17T02:26:46.816452" elapsed="0.004376"/>
</for>
<status status="PASS" start="2024-05-17T02:26:46.713583" elapsed="0.107386"/>
</kw>
<doc>Testa a estrutura da resposta da API.</doc>
<tag>testeEstruturaResposta</tag>
<status status="PASS" start="2024-05-17T02:26:46.712986" elapsed="0.108135"/>
</test>
<test id="s1-s1-t4" name="Validar tipos de dados" line="28">
<kw name="Teste de Tipos de Dados" owner="random-user-service">
<kw name="GET On Session" owner="RequestsLibrary">
<msg time="2024-05-17T02:26:46.917778" level="INFO">GET Request : url=https://randomuser.me/api 
 path_url=/api 
 headers={'User-Agent': 'python-requests/2.31.0', 'Accept-Encoding': 'gzip, deflate', 'Accept': '*/*', 'Connection': 'keep-alive'} 
 body=None 
 </msg>
<msg time="2024-05-17T02:26:46.917869" level="INFO">GET Response : url=https://randomuser.me/api 
 status=200, reason=OK 
 headers={'Date': 'Fri, 17 May 2024 02:26:46 GMT', 'Content-Type': 'application/json; charset=utf-8', 'Transfer-Encoding': 'chunked', 'Connection': 'keep-alive', 'X-Powered-By': 'Express', 'Access-Control-Allow-Origin': '*', 'Cache-Control': 'no-cache', 'ETag': 'W/"49c-JQVh958HYeewwqEgteg99J4GfB4"', 'Vary': 'Accept-Encoding', 'Content-Encoding': 'gzip', 'CF-Cache-Status': 'DYNAMIC', 'Report-To': '{"endpoints":[{"url":"https:\\/\\/a.nel.cloudflare.com\\/report\\/v4?s=MVtjhwB5UmiReEGM2HMaSut8y5zC0X6sS8yYWLKy%2BDniO8zAIu9s5daIEXqvsSFTxN8jaYbq4hxoT1H87GWyuSYUSfItfprDPmOTl4l0ly%2F62Zx%2FyheRj3A%2BQ48%2FEcPs"}],"group":"cf-nel","max_age":604800}', 'NEL': '{"success_fraction":0,"report_to":"cf-nel","max_age":604800}', 'Server': 'cloudflare', 'CF-RAY': '88502a22a89189f7-ORD', 'alt-svc': 'h3=":443"; ma=86400'} 
 body={"results":[{"gender":"male","name":{"title":"Mr","first":"Dragoje","last":"Srećković"},"location":{"street":{"number":5793,"name":"Miloša Bajića "},"city":"Mionica","state":"Zaječar","country":"Serbia","postcode":16734,"coordinates":{"latitude":"60.5252","longitude":"-157.9694"},"timezone":{"offset":"+8:00","description":"Beijing, Perth, Singapore, Hong Kong"}},"email":"dragoje.sreckovic@example.com","login":{"uuid":"3bd988f1-20e2-4d3f-a21b-3cacf16daa74","username":"beautifulpanda305","password":"brigitte","salt":"ic3l3o9y","md5":"db4f777f3a81a500ee02bdf5aca7c987","sha1":"a2b4a29f156598cba507d2df3b8ef9f2bc68309e","sha256":"fb7dfd9113fd5367d89ffb5f058f1c6c9bdb2b82e0f71f7cdd3e73b99641a30e"},"dob":{"date":"1989-06-25T06:05:29.592Z","age":34},"registered":{"date":"2015-11-14T07:33:32.374Z","age":8},"phone":"031-3866-423","cell":"060-2360-377","id":{"name":"SID","value":"797598939"},"picture":{"large":"https://randomuser.me/api/portraits/men/76.jpg","medium":"https://randomuser.me/api/portraits/med/men/76.jpg","thumbnail":"https://randomuser.me/api/portraits/thumb/men/76.jpg"},"nat":"RS"}],"info":{"seed":"19ce35338b30451c","results":1,"page":1,"version":"1.4"}} 
 </msg>
<msg time="2024-05-17T02:26:46.917946" level="INFO">/opt/hostedtoolcache/Python/3.12.3/x64/lib/python3.12/site-packages/urllib3/connectionpool.py:1103: InsecureRequestWarning: Unverified HTTPS request is being made to host 'randomuser.me'. Adding certificate verification is strongly advised. See: https://urllib3.readthedocs.io/en/latest/advanced-usage.html#tls-warnings
  warnings.warn(</msg>
<msg time="2024-05-17T02:26:46.918063" level="INFO">${response} = &lt;Response [200]&gt;</msg>
<var>${response}</var>
<arg>consultarAPI</arg>
<arg>/api</arg>
<doc>Sends a GET request on a previously created HTTP Session.</doc>
<status status="PASS" start="2024-05-17T02:26:46.823676" elapsed="0.094429"/>
</kw>
<kw name="Set Variable" owner="BuiltIn">
<msg time="2024-05-17T02:26:46.919147" level="INFO">${json_data} = {'results': [{'gender': 'male', 'name': {'title': 'Mr', 'first': 'Dragoje', 'last': 'Srećković'}, 'location': {'street': {'number': 5793, 'name': 'Miloša Bajića '}, 'city': 'Mionica', 'state': 'Zaječa...</msg>
<var>${json_data}</var>
<arg>${response.json()}</arg>
<doc>Returns the given values which can then be assigned to a variables.</doc>
<status status="PASS" start="2024-05-17T02:26:46.918649" elapsed="0.000529"/>
</kw>
<kw name="Log" owner="BuiltIn">
<msg time="2024-05-17T02:26:46.919654" level="INFO">{'results': [{'gender': 'male', 'name': {'title': 'Mr', 'first': 'Dragoje', 'last': 'Srećković'}, 'location': {'street': {'number': 5793, 'name': 'Miloša Bajića '}, 'city': 'Mionica', 'state': 'Zaječar', 'country': 'Serbia', 'postcode': 16734, 'coordinates': {'latitude': '60.5252', 'longitude': '-157.9694'}, 'timezone': {'offset': '+8:00', 'description': 'Beijing, Perth, Singapore, Hong Kong'}}, 'email': 'dragoje.sreckovic@example.com', 'login': {'uuid': '3bd988f1-20e2-4d3f-a21b-3cacf16daa74', 'username': 'beautifulpanda305', 'password': 'brigitte', 'salt': 'ic3l3o9y', 'md5': 'db4f777f3a81a500ee02bdf5aca7c987', 'sha1': 'a2b4a29f156598cba507d2df3b8ef9f2bc68309e', 'sha256': 'fb7dfd9113fd5367d89ffb5f058f1c6c9bdb2b82e0f71f7cdd3e73b99641a30e'}, 'dob': {'date': '1989-06-25T06:05:29.592Z', 'age': 34}, 'registered': {'date': '2015-11-14T07:33:32.374Z', 'age': 8}, 'phone': '031-3866-423', 'cell': '060-2360-377', 'id': {'name': 'SID', 'value': '797598939'}, 'picture': {'large': 'https://randomuser.me/api/portraits/men/76.jpg', 'medium': 'https://randomuser.me/api/portraits/med/men/76.jpg', 'thumbnail': 'https://randomuser.me/api/portraits/thumb/men/76.jpg'}, 'nat': 'RS'}], 'info': {'seed': '19ce35338b30451c', 'results': 1, 'page': 1, 'version': '1.4'}}</msg>
<arg>${json_data}</arg>
<doc>Logs the given message with the given level.</doc>
<status status="PASS" start="2024-05-17T02:26:46.919495" elapsed="0.000245"/>
</kw>
<kw name="Should Be String" owner="String">
<arg>${json_data['results'][0]['gender']}</arg>
<doc>Fails if the given ``item`` is not a string.</doc>
<status status="PASS" start="2024-05-17T02:26:46.920049" elapsed="0.000372"/>
</kw>
<kw name="Should Match Regexp" owner="BuiltIn">
<arg>${json_data['results'][0]['email']}</arg>
<arg>^[a-zA-Z0-9._%+-]+@[a-zA-Z0-9.-]+\.[a-zA-Z]{2,}$</arg>
<doc>Fails if ``string`` does not match ``pattern`` as a regular expression.</doc>
<status status="PASS" start="2024-05-17T02:26:46.920619" elapsed="0.000517"/>
</kw>
<kw name="Should Match Regexp" owner="BuiltIn">
<arg>${json_data['results'][0]['dob']['date']}</arg>
<arg>\\d{4}-\\d{2}-\\d{2}T\\d{2}:\\d{2}:\\d{2}\\.\\d{3}Z</arg>
<doc>Fails if ``string`` does not match ``pattern`` as a regular expression.</doc>
<status status="PASS" start="2024-05-17T02:26:46.921333" elapsed="0.000486"/>
</kw>
<kw name="Should Match Regexp" owner="BuiltIn">
<arg>${json_data['results'][0]['registered']['date']}</arg>
<arg>\\d{4}-\\d{2}-\\d{2}T\\d{2}:\\d{2}:\\d{2}\\.\\d{3}Z</arg>
<doc>Fails if ``string`` does not match ``pattern`` as a regular expression.</doc>
<status status="PASS" start="2024-05-17T02:26:46.922016" elapsed="0.000372"/>
</kw>
<kw name="Should Match Regexp" owner="BuiltIn">
<arg>${json_data['results'][0]['picture']['large']}</arg>
<arg>^https?://.*\.(?:png|jpe?g|gif|bmp)$</arg>
<doc>Fails if ``string`` does not match ``pattern`` as a regular expression.</doc>
<status status="PASS" start="2024-05-17T02:26:46.922612" elapsed="0.000469"/>
</kw>
<kw name="Should Match Regexp" owner="BuiltIn">
<arg>${json_data['results'][0]['picture']['medium']}</arg>
<arg>^https?://.*\.(?:png|jpe?g|gif|bmp)$</arg>
<doc>Fails if ``string`` does not match ``pattern`` as a regular expression.</doc>
<status status="PASS" start="2024-05-17T02:26:46.923276" elapsed="0.000361"/>
</kw>
<kw name="Should Match Regexp" owner="BuiltIn">
<arg>${json_data['results'][0]['picture']['thumbnail']}</arg>
<arg>^https?://.*\.(?:png|jpe?g|gif|bmp)$</arg>
<doc>Fails if ``string`` does not match ``pattern`` as a regular expression.</doc>
<status status="PASS" start="2024-05-17T02:26:46.923832" elapsed="0.000353"/>
</kw>
<kw name="Log" owner="BuiltIn">
<msg time="2024-05-17T02:26:46.924688" level="INFO">{'large': 'https://randomuser.me/api/portraits/men/76.jpg', 'medium': 'https://randomuser.me/api/portraits/med/men/76.jpg', 'thumbnail': 'https://randomuser.me/api/portraits/thumb/men/76.jpg'}</msg>
<arg>${json_data['results'][0]['picture']}</arg>
<doc>Logs the given message with the given level.</doc>
<status status="PASS" start="2024-05-17T02:26:46.924367" elapsed="0.000363"/>
</kw>
<status status="PASS" start="2024-05-17T02:26:46.823449" elapsed="0.101536"/>
</kw>
<kw name="Teste de Tipos de Dados - Postcode" owner="random-user-service">
<kw name="GET On Session" owner="RequestsLibrary">
<msg time="2024-05-17T02:26:47.016805" level="INFO">GET Request : url=https://randomuser.me/api 
 path_url=/api 
 headers={'User-Agent': 'python-requests/2.31.0', 'Accept-Encoding': 'gzip, deflate', 'Accept': '*/*', 'Connection': 'keep-alive'} 
 body=None 
 </msg>
<msg time="2024-05-17T02:26:47.016882" level="INFO">GET Response : url=https://randomuser.me/api 
 status=200, reason=OK 
 headers={'Date': 'Fri, 17 May 2024 02:26:47 GMT', 'Content-Type': 'application/json; charset=utf-8', 'Transfer-Encoding': 'chunked', 'Connection': 'keep-alive', 'X-Powered-By': 'Express', 'Access-Control-Allow-Origin': '*', 'Cache-Control': 'no-cache', 'ETag': 'W/"49b-0VoUWG0xTyCwuUT1widvtN3EkIo"', 'Vary': 'Accept-Encoding', 'Content-Encoding': 'gzip', 'CF-Cache-Status': 'DYNAMIC', 'Report-To': '{"endpoints":[{"url":"https:\\/\\/a.nel.cloudflare.com\\/report\\/v4?s=LXgreiWkIddINY%2BehacFACj3AtWgUKRUYGJ1wVl6S9Vj7TpQj8iDRgpDBJCU%2BgogWWQwh2zUZ2t080eodI1IdAkKTnt0vBEiJeRyu%2BuIMhi4REQTifpLbJOagFjgzPTx"}],"group":"cf-nel","max_age":604800}', 'NEL': '{"success_fraction":0,"report_to":"cf-nel","max_age":604800}', 'Server': 'cloudflare', 'CF-RAY': '88502a23495689f7-ORD', 'alt-svc': 'h3=":443"; ma=86400'} 
 body={"results":[{"gender":"female","name":{"title":"Miss","first":"Vaibhavi","last":"Saniel"},"location":{"street":{"number":9899,"name":"Marine Drive"},"city":"Nagaon","state":"Karnataka","country":"India","postcode":56345,"coordinates":{"latitude":"12.7134","longitude":"152.9191"},"timezone":{"offset":"+10:00","description":"Eastern Australia, Guam, Vladivostok"}},"email":"vaibhavi.saniel@example.com","login":{"uuid":"fc1ff8a7-8d39-4d27-8f35-76cd86c18013","username":"greenladybug493","password":"charlotte","salt":"1lL1iDG0","md5":"c7273e09f7d0da8e6c15940c31c086be","sha1":"a58a9aae5af8e99349c13f325c2fb41d33ff3ee0","sha256":"8e68bb4b84727447b4c2f55bf028531d3e57ec08dcacb3689f5c7fba4510dc09"},"dob":{"date":"1987-07-10T03:19:13.853Z","age":36},"registered":{"date":"2019-10-26T01:57:52.290Z","age":4},"phone":"8705002485","cell":"8434488539","id":{"name":"UIDAI","value":"752110563169"},"picture":{"large":"https://randomuser.me/api/portraits/women/48.jpg","medium":"https://randomuser.me/api/portraits/med/women/48.jpg","thumbnail":"https://randomuser.me/api/portraits/thumb/women/48.jpg"},"nat":"IN"}],"info":{"seed":"76d0a115a5a4acab","results":1,"page":1,"version":"1.4"}} 
 </msg>
<msg time="2024-05-17T02:26:47.016950" level="INFO">/opt/hostedtoolcache/Python/3.12.3/x64/lib/python3.12/site-packages/urllib3/connectionpool.py:1103: InsecureRequestWarning: Unverified HTTPS request is being made to host 'randomuser.me'. Adding certificate verification is strongly advised. See: https://urllib3.readthedocs.io/en/latest/advanced-usage.html#tls-warnings
  warnings.warn(</msg>
<msg time="2024-05-17T02:26:47.017055" level="INFO">${response} = &lt;Response [200]&gt;</msg>
<var>${response}</var>
<arg>consultarAPI</arg>
<arg>/api</arg>
<doc>Sends a GET request on a previously created HTTP Session.</doc>
<status status="PASS" start="2024-05-17T02:26:46.925432" elapsed="0.091671"/>
</kw>
<kw name="Set Variable" owner="BuiltIn">
<msg time="2024-05-17T02:26:47.018065" level="INFO">${json_data} = {'results': [{'gender': 'female', 'name': {'title': 'Miss', 'first': 'Vaibhavi', 'last': 'Saniel'}, 'location': {'street': {'number': 9899, 'name': 'Marine Drive'}, 'city': 'Nagaon', 'state': 'Karnata...</msg>
<var>${json_data}</var>
<arg>${response.json()}</arg>
<doc>Returns the given values which can then be assigned to a variables.</doc>
<status status="PASS" start="2024-05-17T02:26:47.017551" elapsed="0.000556"/>
</kw>
<kw name="Log" owner="BuiltIn">
<msg time="2024-05-17T02:26:47.018858" level="INFO">{'results': [{'gender': 'female', 'name': {'title': 'Miss', 'first': 'Vaibhavi', 'last': 'Saniel'}, 'location': {'street': {'number': 9899, 'name': 'Marine Drive'}, 'city': 'Nagaon', 'state': 'Karnataka', 'country': 'India', 'postcode': 56345, 'coordinates': {'latitude': '12.7134', 'longitude': '152.9191'}, 'timezone': {'offset': '+10:00', 'description': 'Eastern Australia, Guam, Vladivostok'}}, 'email': 'vaibhavi.saniel@example.com', 'login': {'uuid': 'fc1ff8a7-8d39-4d27-8f35-76cd86c18013', 'username': 'greenladybug493', 'password': 'charlotte', 'salt': '1lL1iDG0', 'md5': 'c7273e09f7d0da8e6c15940c31c086be', 'sha1': 'a58a9aae5af8e99349c13f325c2fb41d33ff3ee0', 'sha256': '8e68bb4b84727447b4c2f55bf028531d3e57ec08dcacb3689f5c7fba4510dc09'}, 'dob': {'date': '1987-07-10T03:19:13.853Z', 'age': 36}, 'registered': {'date': '2019-10-26T01:57:52.290Z', 'age': 4}, 'phone': '8705002485', 'cell': '8434488539', 'id': {'name': 'UIDAI', 'value': '752110563169'}, 'picture': {'large': 'https://randomuser.me/api/portraits/women/48.jpg', 'medium': 'https://randomuser.me/api/portraits/med/women/48.jpg', 'thumbnail': 'https://randomuser.me/api/portraits/thumb/women/48.jpg'}, 'nat': 'IN'}], 'info': {'seed': '76d0a115a5a4acab', 'results': 1, 'page': 1, 'version': '1.4'}}</msg>
<arg>${json_data}</arg>
<doc>Logs the given message with the given level.</doc>
<status status="PASS" start="2024-05-17T02:26:47.018610" elapsed="0.000365"/>
</kw>
<kw name="Should Be Equal As Numbers" owner="BuiltIn">
<arg>${json_data['results'][0]['location']['postcode']}</arg>
<arg>${json_data['results'][0]['location']['postcode']}</arg>
<doc>Fails if objects are unequal after converting them to real numbers.</doc>
<status status="PASS" start="2024-05-17T02:26:47.019406" elapsed="0.001276"/>
</kw>
<kw name="Log" owner="BuiltIn">
<msg time="2024-05-17T02:26:47.021517" level="INFO">56345</msg>
<arg>${json_data['results'][0]['location']['postcode']}</arg>
<doc>Logs the given message with the given level.</doc>
<status status="PASS" start="2024-05-17T02:26:47.020976" elapsed="0.000597"/>
</kw>
<status status="PASS" start="2024-05-17T02:26:46.925207" elapsed="0.096711"/>
</kw>
<doc>Testa se os tipos de dados na resposta da API estão corretos.</doc>
<tag>testeTiposDados</tag>
<status status="PASS" start="2024-05-17T02:26:46.822900" elapsed="0.199300"/>
</test>
<test id="s1-s1-t5" name="Validar conteudo" line="35">
<kw name="Teste de Tipos de Conteudo" owner="random-user-service">
<kw name="GET On Session" owner="RequestsLibrary">
<msg time="2024-05-17T02:26:47.101203" level="INFO">GET Request : url=https://randomuser.me/api 
 path_url=/api 
 headers={'User-Agent': 'python-requests/2.31.0', 'Accept-Encoding': 'gzip, deflate', 'Accept': '*/*', 'Connection': 'keep-alive'} 
 body=None 
 </msg>
<msg time="2024-05-17T02:26:47.101293" level="INFO">GET Response : url=https://randomuser.me/api 
 status=200, reason=OK 
 headers={'Date': 'Fri, 17 May 2024 02:26:47 GMT', 'Content-Type': 'application/json; charset=utf-8', 'Transfer-Encoding': 'chunked', 'Connection': 'keep-alive', 'X-Powered-By': 'Express', 'Access-Control-Allow-Origin': '*', 'Cache-Control': 'no-cache', 'ETag': 'W/"494-BEYdVO3QKR7LbyHzVKPeIwAiarg"', 'Vary': 'Accept-Encoding', 'Content-Encoding': 'gzip', 'CF-Cache-Status': 'DYNAMIC', 'Report-To': '{"endpoints":[{"url":"https:\\/\\/a.nel.cloudflare.com\\/report\\/v4?s=ZdCsXrF4LkL6N6hmRXA%2FuNkjzCx1eq7qgotMOjHo2E3mHyLVPHG4w9dlsjandGezB2Ck%2B%2BYrn4K6uO1zJ0VBvNYaHgfW3hG0l4qi91VsOefAGqhmQnFQhXsXnzDvfsvo"}],"group":"cf-nel","max_age":604800}', 'NEL': '{"success_fraction":0,"report_to":"cf-nel","max_age":604800}', 'Server': 'cloudflare', 'CF-RAY': '88502a23e9e289f7-ORD', 'alt-svc': 'h3=":443"; ma=86400'} 
 body={"results":[{"gender":"female","name":{"title":"Miss","first":"Ellie","last":"Walker"},"location":{"street":{"number":5221,"name":"Mt Albert Road"},"city":"Timaru","state":"Bay of Plenty","country":"New Zealand","postcode":69921,"coordinates":{"latitude":"48.0728","longitude":"112.6829"},"timezone":{"offset":"+5:00","description":"Ekaterinburg, Islamabad, Karachi, Tashkent"}},"email":"ellie.walker@example.com","login":{"uuid":"3d3b88d1-a811-4bc8-97db-facc082b5f32","username":"sadwolf673","password":"stoney","salt":"IhgQVGZB","md5":"8336cbca1436772983222b919c1acfc7","sha1":"6446eefbbb7d5036003579bd7790a2165ac05cc4","sha256":"72bca09b118508add8b577c3b9573599b09fe8040f992a5df3bbcce4f4403f80"},"dob":{"date":"1987-05-19T09:20:32.825Z","age":36},"registered":{"date":"2017-12-16T09:28:45.385Z","age":6},"phone":"(516)-392-1290","cell":"(162)-988-8553","id":{"name":"","value":null},"picture":{"large":"https://randomuser.me/api/portraits/women/3.jpg","medium":"https://randomuser.me/api/portraits/med/women/3.jpg","thumbnail":"https://randomuser.me/api/portraits/thumb/women/3.jpg"},"nat":"NZ"}],"info":{"seed":"98db31472a81a9a9","results":1,"page":1,"version":"1.4"}} 
 </msg>
<msg time="2024-05-17T02:26:47.101364" level="INFO">/opt/hostedtoolcache/Python/3.12.3/x64/lib/python3.12/site-packages/urllib3/connectionpool.py:1103: InsecureRequestWarning: Unverified HTTPS request is being made to host 'randomuser.me'. Adding certificate verification is strongly advised. See: https://urllib3.readthedocs.io/en/latest/advanced-usage.html#tls-warnings
  warnings.warn(</msg>
<msg time="2024-05-17T02:26:47.101499" level="INFO">${response} = &lt;Response [200]&gt;</msg>
<var>${response}</var>
<arg>consultarAPI</arg>
<arg>/api</arg>
<doc>Sends a GET request on a previously created HTTP Session.</doc>
<status status="PASS" start="2024-05-17T02:26:47.027236" elapsed="0.074314"/>
</kw>
<kw name="Set Variable" owner="BuiltIn">
<msg time="2024-05-17T02:26:47.102728" level="INFO">${json_data} = {'results': [{'gender': 'female', 'name': {'title': 'Miss', 'first': 'Ellie', 'last': 'Walker'}, 'location': {'street': {'number': 5221, 'name': 'Mt Albert Road'}, 'city': 'Timaru', 'state': 'Bay of P...</msg>
<var>${json_data}</var>
<arg>${response.json()}</arg>
<doc>Returns the given values which can then be assigned to a variables.</doc>
<status status="PASS" start="2024-05-17T02:26:47.102128" elapsed="0.000629"/>
</kw>
<kw name="Set Variable" owner="BuiltIn">
<msg time="2024-05-17T02:26:47.103450" level="INFO">${name_title} = Miss</msg>
<var>${name_title}</var>
<arg>${json_data["results"][0]["name"]["title"]}</arg>
<doc>Returns the given values which can then be assigned to a variables.</doc>
<status status="PASS" start="2024-05-17T02:26:47.103068" elapsed="0.000408"/>
</kw>
<kw name="Create List" owner="BuiltIn">
<msg time="2024-05-17T02:26:47.103925" level="INFO">${allowed_titles} = ['Mr', 'Ms', 'Miss', 'Mrs', 'Madame', 'Monsieur']</msg>
<var>${allowed_titles}</var>
<arg>Mr</arg>
<arg>Ms</arg>
<arg>Miss</arg>
<arg>Mrs</arg>
<arg>Madame</arg>
<arg>Monsieur</arg>
<doc>Returns a list containing given items.</doc>
<status status="PASS" start="2024-05-17T02:26:47.103774" elapsed="0.000175"/>
</kw>
<kw name="List Should Contain Value" owner="Collections">
<msg time="2024-05-17T02:26:47.104419" level="INFO">False</msg>
<arg>${allowed_titles}</arg>
<arg>${name_title}</arg>
<doc>Fails if the ``value`` is not found from ``list``.</doc>
<status status="PASS" start="2024-05-17T02:26:47.104247" elapsed="0.000208"/>
</kw>
<kw name="Set Variable" owner="BuiltIn">
<msg time="2024-05-17T02:26:47.105122" level="INFO">${name_country} = NZ</msg>
<var>${name_country}</var>
<arg>${json_data["results"][0]["nat"]}</arg>
<doc>Returns the given values which can then be assigned to a variables.</doc>
<status status="PASS" start="2024-05-17T02:26:47.104746" elapsed="0.000402"/>
</kw>
<kw name="Create List" owner="BuiltIn">
<msg time="2024-05-17T02:26:47.106045" level="INFO">${list_country} = ['AD', 'AE', 'AF', 'AG', 'AI', 'AL', 'AM', 'AO', 'AQ', 'AR', 'AS', 'AT', 'AU', 'AW', 'AX', 'AZ', 'BA', 'BB', 'BD', 'BE', 'BF', 'BG', 'BH', 'BI', 'BJ', 'BL', 'BM', 'BN', 'BO', 'BQ', 'BR', 'BS', 'BT', '...</msg>
<var>${list_country}</var>
<arg>AD</arg>
<arg>AE</arg>
<arg>AF</arg>
<arg>AG</arg>
<arg>AI</arg>
<arg>AL</arg>
<arg>AM</arg>
<arg>AO</arg>
<arg>AQ</arg>
<arg>AR</arg>
<arg>AS</arg>
<arg>AT</arg>
<arg>AU</arg>
<arg>AW</arg>
<arg>AX</arg>
<arg>AZ</arg>
<arg>BA</arg>
<arg>BB</arg>
<arg>BD</arg>
<arg>BE</arg>
<arg>BF</arg>
<arg>BG</arg>
<arg>BH</arg>
<arg>BI</arg>
<arg>BJ</arg>
<arg>BL</arg>
<arg>BM</arg>
<arg>BN</arg>
<arg>BO</arg>
<arg>BQ</arg>
<arg>BR</arg>
<arg>BS</arg>
<arg>BT</arg>
<arg>BV</arg>
<arg>BW</arg>
<arg>BY</arg>
<arg>BZ</arg>
<arg>CA</arg>
<arg>CC</arg>
<arg>CD</arg>
<arg>CF</arg>
<arg>CG</arg>
<arg>CH</arg>
<arg>CI</arg>
<arg>CK</arg>
<arg>CL</arg>
<arg>CM</arg>
<arg>CN</arg>
<arg>CO</arg>
<arg>CR</arg>
<arg>CU</arg>
<arg>CV</arg>
<arg>CW</arg>
<arg>CX</arg>
<arg>CY</arg>
<arg>CZ</arg>
<arg>DE</arg>
<arg>DJ</arg>
<arg>DK</arg>
<arg>DM</arg>
<arg>DO</arg>
<arg>DZ</arg>
<arg>EC</arg>
<arg>EE</arg>
<arg>EG</arg>
<arg>EH</arg>
<arg>ER</arg>
<arg>ES</arg>
<arg>ET</arg>
<arg>FI</arg>
<arg>FJ</arg>
<arg>FK</arg>
<arg>FM</arg>
<arg>FO</arg>
<arg>FR</arg>
<arg>GA</arg>
<arg>GB</arg>
<arg>GD</arg>
<arg>GE</arg>
<arg>GF</arg>
<arg>GG</arg>
<arg>GH</arg>
<arg>GI</arg>
<arg>GL</arg>
<arg>GM</arg>
<arg>GN</arg>
<arg>GP</arg>
<arg>GQ</arg>
<arg>GR</arg>
<arg>GS</arg>
<arg>GT</arg>
<arg>GU</arg>
<arg>GW</arg>
<arg>GY</arg>
<arg>HK</arg>
<arg>HM</arg>
<arg>HN</arg>
<arg>HR</arg>
<arg>HT</arg>
<arg>HU</arg>
<arg>ID</arg>
<arg>IE</arg>
<arg>IL</arg>
<arg>IM</arg>
<arg>IN</arg>
<arg>IO</arg>
<arg>IQ</arg>
<arg>IR</arg>
<arg>IS</arg>
<arg>IT</arg>
<arg>JE</arg>
<arg>JM</arg>
<arg>JO</arg>
<arg>JP</arg>
<arg>KE</arg>
<arg>KG</arg>
<arg>KH</arg>
<arg>KI</arg>
<arg>KM</arg>
<arg>KN</arg>
<arg>KP</arg>
<arg>KR</arg>
<arg>KW</arg>
<arg>KY</arg>
<arg>KZ</arg>
<arg>LA</arg>
<arg>LB</arg>
<arg>LC</arg>
<arg>LI</arg>
<arg>LK</arg>
<arg>LR</arg>
<arg>LS</arg>
<arg>LT</arg>
<arg>LU</arg>
<arg>LV</arg>
<arg>LY</arg>
<arg>MA</arg>
<arg>MC</arg>
<arg>MD</arg>
<arg>ME</arg>
<arg>MF</arg>
<arg>MG</arg>
<arg>MH</arg>
<arg>MK</arg>
<arg>ML</arg>
<arg>MM</arg>
<arg>MN</arg>
<arg>MO</arg>
<arg>MP</arg>
<arg>MQ</arg>
<arg>MR</arg>
<arg>MS</arg>
<arg>MT</arg>
<arg>MU</arg>
<arg>MV</arg>
<arg>MW</arg>
<arg>MX</arg>
<arg>MY</arg>
<arg>MZ</arg>
<arg>NA</arg>
<arg>NC</arg>
<arg>NE</arg>
<arg>NF</arg>
<arg>NG</arg>
<arg>NI</arg>
<arg>NL</arg>
<arg>NO</arg>
<arg>NP</arg>
<arg>NR</arg>
<arg>NU</arg>
<arg>NZ</arg>
<arg>OM</arg>
<arg>PA</arg>
<arg>PE</arg>
<arg>PF</arg>
<arg>PG</arg>
<arg>PH</arg>
<arg>PK</arg>
<arg>PL</arg>
<arg>PM</arg>
<arg>PN</arg>
<arg>PR</arg>
<arg>PS</arg>
<arg>PT</arg>
<arg>PW</arg>
<arg>PY</arg>
<arg>QA</arg>
<arg>RE</arg>
<arg>RO</arg>
<arg>RS</arg>
<arg>RU</arg>
<arg>RW</arg>
<arg>SA</arg>
<arg>SB</arg>
<arg>SC</arg>
<arg>SD</arg>
<arg>SE</arg>
<arg>SG</arg>
<arg>SH</arg>
<arg>SI</arg>
<arg>SJ</arg>
<arg>SK</arg>
<arg>SL</arg>
<arg>SM</arg>
<arg>SN</arg>
<arg>SO</arg>
<arg>SR</arg>
<arg>SS</arg>
<arg>ST</arg>
<arg>SV</arg>
<arg>SX</arg>
<arg>SY</arg>
<arg>SZ</arg>
<arg>TC</arg>
<arg>TD</arg>
<arg>TF</arg>
<arg>TG</arg>
<arg>TH</arg>
<arg>TJ</arg>
<arg>TK</arg>
<arg>TL</arg>
<arg>TM</arg>
<arg>TN</arg>
<arg>TO</arg>
<arg>TR</arg>
<arg>TT</arg>
<arg>TV</arg>
<arg>TW</arg>
<arg>TZ</arg>
<arg>UA</arg>
<arg>UG</arg>
<arg>UM</arg>
<arg>US</arg>
<arg>UY</arg>
<arg>UZ</arg>
<arg>VA</arg>
<arg>VC</arg>
<arg>VE</arg>
<arg>VG</arg>
<arg>VI</arg>
<arg>VN</arg>
<arg>VU</arg>
<arg>WF</arg>
<arg>WS</arg>
<arg>XK</arg>
<arg>YE</arg>
<arg>YT</arg>
<arg>ZA</arg>
<arg>ZM</arg>
<arg>ZW</arg>
<doc>Returns a list containing given items.</doc>
<status status="PASS" start="2024-05-17T02:26:47.105451" elapsed="0.000620"/>
</kw>
<kw name="List Should Contain Value" owner="Collections">
<msg time="2024-05-17T02:26:47.107088" level="INFO">False</msg>
<arg>${list_country}</arg>
<arg>${name_country}</arg>
<doc>Fails if the ``value`` is not found from ``list``.</doc>
<status status="PASS" start="2024-05-17T02:26:47.106884" elapsed="0.000241"/>
</kw>
<kw name="Run Keyword If" owner="BuiltIn">
<kw name="Should Be True" owner="BuiltIn">
<arg>${True}</arg>
<doc>Fails if the given condition is not true.</doc>
<status status="PASS" start="2024-05-17T02:26:47.108196" elapsed="0.000144"/>
</kw>
<arg>${json_data["results"][0]["location"]["coordinates"]["latitude"]} &gt;= -90 and ${json_data["results"][0]["location"]["coordinates"]["latitude"]} &lt;= 90</arg>
<arg>Should Be True</arg>
<arg>${True}</arg>
<doc>Runs the given keyword with the given arguments, if ``condition`` is true.</doc>
<status status="PASS" start="2024-05-17T02:26:47.107437" elapsed="0.001029"/>
</kw>
<kw name="Run Keyword If" owner="BuiltIn">
<kw name="Should Be True" owner="BuiltIn">
<arg>${True}</arg>
<doc>Fails if the given condition is not true.</doc>
<status status="PASS" start="2024-05-17T02:26:47.109343" elapsed="0.000252"/>
</kw>
<arg>${json_data["results"][0]["location"]["coordinates"]["longitude"]} &gt;= -180 and ${json_data["results"][0]["location"]["coordinates"]["longitude"]} &lt;= 180</arg>
<arg>Should Be True</arg>
<arg>${True}</arg>
<doc>Runs the given keyword with the given arguments, if ``condition`` is true.</doc>
<status status="PASS" start="2024-05-17T02:26:47.108652" elapsed="0.001078"/>
</kw>
<status status="PASS" start="2024-05-17T02:26:47.026999" elapsed="0.082860"/>
</kw>
<doc>Testa o conteúdo específico dos campos retornados pela API.</doc>
<tag>testeConteudo</tag>
<status status="PASS" start="2024-05-17T02:26:47.025402" elapsed="0.084607"/>
</test>
<status status="PASS" start="2024-05-17T02:26:46.128502" elapsed="0.983433"/>
</suite>
<status status="PASS" start="2024-05-17T02:26:46.114968" elapsed="1.002073"/>
</suite>
<statistics>
<total>
<stat pass="5" fail="0" skip="0">All Tests</stat>
</total>
<tag>
<stat pass="1" fail="0" skip="0">testeConteudo</stat>
<stat pass="1" fail="0" skip="0">testeEstruturaResposta</stat>
<stat pass="1" fail="0" skip="0">testeRequisicaoBasica</stat>
<stat pass="1" fail="0" skip="0">testeTiposDados</stat>
</tag>
<suite>
<stat pass="5" fail="0" skip="0" id="s1" name="Tests">Tests</stat>
<stat pass="5" fail="0" skip="0" id="s1-s1" name="Random-User-Test">Tests.Random-User-Test</stat>
</suite>
</statistics>
<errors>
</errors>
</robot>
