<?xml version="1.0" encoding="UTF-8"?>
<robot generator="Robot 7.0 (Python 3.12.2 on linux)" generated="2024-03-20T16:57:29.379852" rpa="false" schemaversion="5">
<suite id="s1" name="Tests" source="/home/runner/work/DesafioQA---Itau---Rogerio-Jordao/DesafioQA---Itau---Rogerio-Jordao/DesafioQA - Itau - Rogerio Jordao/tests">
<suite id="s1-s1" name="Random-User-Test" source="/home/runner/work/DesafioQA---Itau---Rogerio-Jordao/DesafioQA---Itau---Rogerio-Jordao/DesafioQA - Itau - Rogerio Jordao/tests/random-user-test.robot">
<test id="s1-s1-t1" name="Conectar" line="24">
<kw name="Conectar API">
<kw name="Create Session" owner="RequestsLibrary">
<msg time="2024-03-20T16:57:29.728870" level="INFO">Creating Session using : alias=consultarAPI, url=https://randomuser.me/, headers={},                     cookies={}, auth=None, timeout=None, proxies=None, verify=False,                     debug=0 </msg>
<arg>consultarAPI</arg>
<arg>${URL}</arg>
<doc>Create Session: create a HTTP session to a server</doc>
<status status="PASS" start="2024-03-20T16:57:29.728651" elapsed="0.000409"/>
</kw>
<status status="PASS" start="2024-03-20T16:57:29.727730" elapsed="0.001719"/>
</kw>
<status status="PASS" start="2024-03-20T16:57:29.727184" elapsed="0.002464"/>
</test>
<test id="s1-s1-t2" name="Validar retorno 200 e JSON Válido" line="27">
<kw name="Teste de Requisicao Basica">
<kw name="GET On Session" owner="RequestsLibrary">
<msg time="2024-03-20T16:57:29.814257" level="INFO">GET Request : url=https://randomuser.me/api 
 path_url=/api 
 headers={'User-Agent': 'python-requests/2.31.0', 'Accept-Encoding': 'gzip, deflate', 'Accept': '*/*', 'Connection': 'keep-alive'} 
 body=None 
 </msg>
<msg time="2024-03-20T16:57:29.814397" level="INFO">GET Response : url=https://randomuser.me/api 
 status=200, reason=OK 
 headers={'Date': 'Wed, 20 Mar 2024 16:57:29 GMT', 'Content-Type': 'application/json; charset=utf-8', 'Transfer-Encoding': 'chunked', 'Connection': 'keep-alive', 'X-Powered-By': 'Express', 'Access-Control-Allow-Origin': '*', 'Cache-Control': 'no-cache', 'ETag': 'W/"48a-fiUWXt7Sd+Q1o5l5JpW84NFsQMU"', 'Vary': 'Accept-Encoding', 'Content-Encoding': 'gzip', 'CF-Cache-Status': 'DYNAMIC', 'Report-To': '{"endpoints":[{"url":"https:\\/\\/a.nel.cloudflare.com\\/report\\/v4?s=9a2imzV6sST1NW216kFECOU8uloNVSq1HFnt9hamcXFQzvh4q4nDauRq1UfB6bJBMI3RCuRWRDG5OQ3RcfYzrTxEamCOZ0LTaVjplYuLWWGmqAe5b6FmCBAjG7lNfA5v"}],"group":"cf-nel","max_age":604800}', 'NEL': '{"success_fraction":0,"report_to":"cf-nel","max_age":604800}', 'Server': 'cloudflare', 'CF-RAY': '86773dd919cf2039-IAD', 'alt-svc': 'h3=":443"; ma=86400'} 
 body={"results":[{"gender":"male","name":{"title":"Mr","first":"Santelmo","last":"Cardoso"},"location":{"street":{"number":5993,"name":"Rua Primeiro de Maio "},"city":"Jundiaí","state":"Acre","country":"Brazil","postcode":79204,"coordinates":{"latitude":"-80.4449","longitude":"-43.0112"},"timezone":{"offset":"+9:30","description":"Adelaide, Darwin"}},"email":"santelmo.cardoso@example.com","login":{"uuid":"d2e9870c-25f9-400a-9f2d-1baa159433e7","username":"bluesnake183","password":"williams","salt":"iw9KddQg","md5":"f174605ffda6ad428d8c6193072695e7","sha1":"a1a8024e23388629da1175558f6e85ad518c89c1","sha256":"0b122a9130b4749695e8e7ded37fb067e54ff5bdd4fb5e44aca931583049e898"},"dob":{"date":"1986-08-02T15:09:27.711Z","age":37},"registered":{"date":"2015-07-26T10:42:24.683Z","age":8},"phone":"(03) 5222-9439","cell":"(81) 8141-9477","id":{"name":"CPF","value":"311.117.860-44"},"picture":{"large":"https://randomuser.me/api/portraits/men/62.jpg","medium":"https://randomuser.me/api/portraits/med/men/62.jpg","thumbnail":"https://randomuser.me/api/portraits/thumb/men/62.jpg"},"nat":"BR"}],"info":{"seed":"d1fc94a836f36809","results":1,"page":1,"version":"1.4"}} 
 </msg>
<msg time="2024-03-20T16:57:29.814660" level="INFO">/opt/hostedtoolcache/Python/3.12.2/x64/lib/python3.12/site-packages/urllib3/connectionpool.py:1103: InsecureRequestWarning: Unverified HTTPS request is being made to host 'randomuser.me'. Adding certificate verification is strongly advised. See: https://urllib3.readthedocs.io/en/latest/advanced-usage.html#tls-warnings
  warnings.warn(</msg>
<msg time="2024-03-20T16:57:29.814799" level="INFO">${response} = &lt;Response [200]&gt;</msg>
<var>${response}</var>
<arg>consultarAPI</arg>
<arg>/api</arg>
<doc>Sends a GET request on a previously created HTTP Session.</doc>
<status status="PASS" start="2024-03-20T16:57:29.732218" elapsed="0.082628"/>
</kw>
<kw name="Should Be Equal As Numbers" owner="BuiltIn">
<msg time="2024-03-20T16:57:29.815879" level="INFO">Argument types are:
&lt;class 'int'&gt;
&lt;class 'str'&gt;</msg>
<arg>${response.status_code}</arg>
<arg>200</arg>
<doc>Fails if objects are unequal after converting them to real numbers.</doc>
<status status="PASS" start="2024-03-20T16:57:29.815316" elapsed="0.000636"/>
</kw>
<kw name="Log" owner="BuiltIn">
<msg time="2024-03-20T16:57:29.816635" level="INFO">200</msg>
<arg>${response.status_code}</arg>
<doc>Logs the given message with the given level.</doc>
<status status="PASS" start="2024-03-20T16:57:29.816281" elapsed="0.000397"/>
</kw>
<kw name="Set Variable" owner="BuiltIn">
<msg time="2024-03-20T16:57:29.817436" level="INFO">${json_data} = {'results': [{'gender': 'male', 'name': {'title': 'Mr', 'first': 'Santelmo', 'last': 'Cardoso'}, 'location': {'street': {'number': 5993, 'name': 'Rua Primeiro de Maio '}, 'city': 'Jundiaí', 'state': '...</msg>
<var>${json_data}</var>
<arg>${response.json()}</arg>
<doc>Returns the given values which can then be assigned to a variables.</doc>
<status status="PASS" start="2024-03-20T16:57:29.816984" elapsed="0.000482"/>
</kw>
<kw name="Dictionary Should Contain Key" owner="Collections">
<msg time="2024-03-20T16:57:29.817962" level="INFO">False</msg>
<arg>${json_data}</arg>
<arg>results</arg>
<doc>Fails if ``key`` is not found from ``dictionary``.</doc>
<status status="PASS" start="2024-03-20T16:57:29.817786" elapsed="0.000216"/>
</kw>
<status status="PASS" start="2024-03-20T16:57:29.731972" elapsed="0.086287"/>
</kw>
<doc>Testa se a API responde corretamente e retorna um objeto JSON válido.</doc>
<tag>testeRequisicaoBasica</tag>
<status status="PASS" start="2024-03-20T16:57:29.731532" elapsed="0.086904"/>
</test>
<test id="s1-s1-t3" name="Validar estrutura de resposta" line="33">
<kw name="Teste de Estrutura de Resposta">
<kw name="GET On Session" owner="RequestsLibrary">
<msg time="2024-03-20T16:57:29.908908" level="INFO">GET Request : url=https://randomuser.me/api 
 path_url=/api 
 headers={'User-Agent': 'python-requests/2.31.0', 'Accept-Encoding': 'gzip, deflate', 'Accept': '*/*', 'Connection': 'keep-alive'} 
 body=None 
 </msg>
<msg time="2024-03-20T16:57:29.909003" level="INFO">GET Response : url=https://randomuser.me/api 
 status=200, reason=OK 
 headers={'Date': 'Wed, 20 Mar 2024 16:57:29 GMT', 'Content-Type': 'application/json; charset=utf-8', 'Transfer-Encoding': 'chunked', 'Connection': 'keep-alive', 'X-Powered-By': 'Express', 'Access-Control-Allow-Origin': '*', 'Cache-Control': 'no-cache', 'ETag': 'W/"48a-CcJ2mATPOMXut0p1UTP92mPo8Ac"', 'Vary': 'Accept-Encoding', 'Content-Encoding': 'gzip', 'CF-Cache-Status': 'DYNAMIC', 'Report-To': '{"endpoints":[{"url":"https:\\/\\/a.nel.cloudflare.com\\/report\\/v4?s=%2BDXwQtBinzYscnAMdQV%2Be8S7yqqP4yuFYZSi4drfc3L9FiTIsJNIT1xUK2jVRBaeSaR%2ForuDQdlM01TG3xV8oC0dU4yWBetkEawr4B0Yegmmjn9YEpHu4SEYsLR%2FG4GE"}],"group":"cf-nel","max_age":604800}', 'NEL': '{"success_fraction":0,"report_to":"cf-nel","max_age":604800}', 'Server': 'cloudflare', 'CF-RAY': '86773dd96a262039-IAD', 'alt-svc': 'h3=":443"; ma=86400'} 
 body={"results":[{"gender":"female","name":{"title":"Miss","first":"Yovilla","last":"Volovik"},"location":{"street":{"number":5197,"name":"Yalinkova"},"city":"Bahmut","state":"Poltavska","country":"Ukraine","postcode":43624,"coordinates":{"latitude":"76.2456","longitude":"15.6338"},"timezone":{"offset":"+4:00","description":"Abu Dhabi, Muscat, Baku, Tbilisi"}},"email":"yovilla.volovik@example.com","login":{"uuid":"52498f0a-5cee-41f0-9a38-6bf020fa081f","username":"lazygorilla737","password":"cobras","salt":"V44f8buO","md5":"53fdae8a24bfc16a32a71d59425ab7f0","sha1":"74f1d084f69243ae963ce617a93055ac1fd6e3e4","sha256":"b7917c6190daf1a9bc37132f7f776b8a7c039c425a49d8b512b5965e855ef810"},"dob":{"date":"1999-10-03T07:48:34.382Z","age":24},"registered":{"date":"2003-02-27T20:36:18.706Z","age":21},"phone":"(066) Z60-5092","cell":"(098) F60-6625","id":{"name":"","value":null},"picture":{"large":"https://randomuser.me/api/portraits/women/13.jpg","medium":"https://randomuser.me/api/portraits/med/women/13.jpg","thumbnail":"https://randomuser.me/api/portraits/thumb/women/13.jpg"},"nat":"UA"}],"info":{"seed":"2eed7820aec1fdc7","results":1,"page":1,"version":"1.4"}} 
 </msg>
<msg time="2024-03-20T16:57:29.909123" level="INFO">/opt/hostedtoolcache/Python/3.12.2/x64/lib/python3.12/site-packages/urllib3/connectionpool.py:1103: InsecureRequestWarning: Unverified HTTPS request is being made to host 'randomuser.me'. Adding certificate verification is strongly advised. See: https://urllib3.readthedocs.io/en/latest/advanced-usage.html#tls-warnings
  warnings.warn(</msg>
<msg time="2024-03-20T16:57:29.909269" level="INFO">${response} = &lt;Response [200]&gt;</msg>
<var>${response}</var>
<arg>consultarAPI</arg>
<arg>/api</arg>
<doc>Sends a GET request on a previously created HTTP Session.</doc>
<status status="PASS" start="2024-03-20T16:57:29.821112" elapsed="0.088194"/>
</kw>
<kw name="Set Variable" owner="BuiltIn">
<msg time="2024-03-20T16:57:29.910225" level="INFO">${json_data} = {'results': [{'gender': 'female', 'name': {'title': 'Miss', 'first': 'Yovilla', 'last': 'Volovik'}, 'location': {'street': {'number': 5197, 'name': 'Yalinkova'}, 'city': 'Bahmut', 'state': 'Poltavska'...</msg>
<var>${json_data}</var>
<arg>${response.json()}</arg>
<doc>Returns the given values which can then be assigned to a variables.</doc>
<status status="PASS" start="2024-03-20T16:57:29.909743" elapsed="0.000511"/>
</kw>
<kw name="Log" owner="BuiltIn">
<msg time="2024-03-20T16:57:29.910731" level="INFO">{'results': [{'gender': 'female', 'name': {'title': 'Miss', 'first': 'Yovilla', 'last': 'Volovik'}, 'location': {'street': {'number': 5197, 'name': 'Yalinkova'}, 'city': 'Bahmut', 'state': 'Poltavska', 'country': 'Ukraine', 'postcode': 43624, 'coordinates': {'latitude': '76.2456', 'longitude': '15.6338'}, 'timezone': {'offset': '+4:00', 'description': 'Abu Dhabi, Muscat, Baku, Tbilisi'}}, 'email': 'yovilla.volovik@example.com', 'login': {'uuid': '52498f0a-5cee-41f0-9a38-6bf020fa081f', 'username': 'lazygorilla737', 'password': 'cobras', 'salt': 'V44f8buO', 'md5': '53fdae8a24bfc16a32a71d59425ab7f0', 'sha1': '74f1d084f69243ae963ce617a93055ac1fd6e3e4', 'sha256': 'b7917c6190daf1a9bc37132f7f776b8a7c039c425a49d8b512b5965e855ef810'}, 'dob': {'date': '1999-10-03T07:48:34.382Z', 'age': 24}, 'registered': {'date': '2003-02-27T20:36:18.706Z', 'age': 21}, 'phone': '(066) Z60-5092', 'cell': '(098) F60-6625', 'id': {'name': '', 'value': None}, 'picture': {'large': 'https://randomuser.me/api/portraits/women/13.jpg', 'medium': 'https://randomuser.me/api/portraits/med/women/13.jpg', 'thumbnail': 'https://randomuser.me/api/portraits/thumb/women/13.jpg'}, 'nat': 'UA'}], 'info': {'seed': '2eed7820aec1fdc7', 'results': 1, 'page': 1, 'version': '1.4'}}</msg>
<arg>${json_data}</arg>
<doc>Logs the given message with the given level.</doc>
<status status="PASS" start="2024-03-20T16:57:29.910569" elapsed="0.000210"/>
</kw>
<kw name="Dictionary Should Contain Key" owner="Collections">
<msg time="2024-03-20T16:57:29.911279" level="INFO">False</msg>
<arg>${json_data}</arg>
<arg>results</arg>
<doc>Fails if ``key`` is not found from ``dictionary``.</doc>
<status status="PASS" start="2024-03-20T16:57:29.911111" elapsed="0.000206"/>
</kw>
<kw name="Should Not Be Empty" owner="BuiltIn">
<msg time="2024-03-20T16:57:29.911743" level="INFO">Length is 2.</msg>
<arg>${json_data}</arg>
<doc>Verifies that the given item is not empty.</doc>
<status status="PASS" start="2024-03-20T16:57:29.911607" elapsed="0.000174"/>
</kw>
<kw name="Create List" owner="BuiltIn">
<msg time="2024-03-20T16:57:29.912220" level="INFO">${expected_keys} = ['gender', 'name', 'location', 'email', 'login']</msg>
<var>${expected_keys}</var>
<arg>gender</arg>
<arg>name</arg>
<arg>location</arg>
<arg>email</arg>
<arg>login</arg>
<doc>Returns a list containing given items.</doc>
<status status="PASS" start="2024-03-20T16:57:29.912070" elapsed="0.000175"/>
</kw>
<for flavor="IN">
<iter>
<kw name="Dictionary Should Contain Key" owner="Collections">
<msg time="2024-03-20T16:57:29.913235" level="INFO">False</msg>
<arg>${json_data['results'][0]}</arg>
<arg>${key}</arg>
<doc>Fails if ``key`` is not found from ``dictionary``.</doc>
<status status="PASS" start="2024-03-20T16:57:29.912831" elapsed="0.000443"/>
</kw>
<kw name="Log" owner="BuiltIn">
<msg time="2024-03-20T16:57:29.913943" level="INFO">{'gender': 'female', 'name': {'title': 'Miss', 'first': 'Yovilla', 'last': 'Volovik'}, 'location': {'street': {'number': 5197, 'name': 'Yalinkova'}, 'city': 'Bahmut', 'state': 'Poltavska', 'country': 'Ukraine', 'postcode': 43624, 'coordinates': {'latitude': '76.2456', 'longitude': '15.6338'}, 'timezone': {'offset': '+4:00', 'description': 'Abu Dhabi, Muscat, Baku, Tbilisi'}}, 'email': 'yovilla.volovik@example.com', 'login': {'uuid': '52498f0a-5cee-41f0-9a38-6bf020fa081f', 'username': 'lazygorilla737', 'password': 'cobras', 'salt': 'V44f8buO', 'md5': '53fdae8a24bfc16a32a71d59425ab7f0', 'sha1': '74f1d084f69243ae963ce617a93055ac1fd6e3e4', 'sha256': 'b7917c6190daf1a9bc37132f7f776b8a7c039c425a49d8b512b5965e855ef810'}, 'dob': {'date': '1999-10-03T07:48:34.382Z', 'age': 24}, 'registered': {'date': '2003-02-27T20:36:18.706Z', 'age': 21}, 'phone': '(066) Z60-5092', 'cell': '(098) F60-6625', 'id': {'name': '', 'value': None}, 'picture': {'large': 'https://randomuser.me/api/portraits/women/13.jpg', 'medium': 'https://randomuser.me/api/portraits/med/women/13.jpg', 'thumbnail': 'https://randomuser.me/api/portraits/thumb/women/13.jpg'}, 'nat': 'UA'}</msg>
<arg>${json_data['results'][0]}</arg>
<doc>Logs the given message with the given level.</doc>
<status status="PASS" start="2024-03-20T16:57:29.913572" elapsed="0.000419"/>
</kw>
<kw name="Log" owner="BuiltIn">
<msg time="2024-03-20T16:57:29.914424" level="INFO">gender</msg>
<arg>${key}</arg>
<doc>Logs the given message with the given level.</doc>
<status status="PASS" start="2024-03-20T16:57:29.914292" elapsed="0.000172"/>
</kw>
<var name="${key}">gender</var>
<status status="PASS" start="2024-03-20T16:57:29.912710" elapsed="0.001972"/>
</iter>
<iter>
<kw name="Dictionary Should Contain Key" owner="Collections">
<msg time="2024-03-20T16:57:29.915407" level="INFO">False</msg>
<arg>${json_data['results'][0]}</arg>
<arg>${key}</arg>
<doc>Fails if ``key`` is not found from ``dictionary``.</doc>
<status status="PASS" start="2024-03-20T16:57:29.914981" elapsed="0.000465"/>
</kw>
<kw name="Log" owner="BuiltIn">
<msg time="2024-03-20T16:57:29.916129" level="INFO">{'gender': 'female', 'name': {'title': 'Miss', 'first': 'Yovilla', 'last': 'Volovik'}, 'location': {'street': {'number': 5197, 'name': 'Yalinkova'}, 'city': 'Bahmut', 'state': 'Poltavska', 'country': 'Ukraine', 'postcode': 43624, 'coordinates': {'latitude': '76.2456', 'longitude': '15.6338'}, 'timezone': {'offset': '+4:00', 'description': 'Abu Dhabi, Muscat, Baku, Tbilisi'}}, 'email': 'yovilla.volovik@example.com', 'login': {'uuid': '52498f0a-5cee-41f0-9a38-6bf020fa081f', 'username': 'lazygorilla737', 'password': 'cobras', 'salt': 'V44f8buO', 'md5': '53fdae8a24bfc16a32a71d59425ab7f0', 'sha1': '74f1d084f69243ae963ce617a93055ac1fd6e3e4', 'sha256': 'b7917c6190daf1a9bc37132f7f776b8a7c039c425a49d8b512b5965e855ef810'}, 'dob': {'date': '1999-10-03T07:48:34.382Z', 'age': 24}, 'registered': {'date': '2003-02-27T20:36:18.706Z', 'age': 21}, 'phone': '(066) Z60-5092', 'cell': '(098) F60-6625', 'id': {'name': '', 'value': None}, 'picture': {'large': 'https://randomuser.me/api/portraits/women/13.jpg', 'medium': 'https://randomuser.me/api/portraits/med/women/13.jpg', 'thumbnail': 'https://randomuser.me/api/portraits/thumb/women/13.jpg'}, 'nat': 'UA'}</msg>
<arg>${json_data['results'][0]}</arg>
<doc>Logs the given message with the given level.</doc>
<status status="PASS" start="2024-03-20T16:57:29.915769" elapsed="0.000407"/>
</kw>
<kw name="Log" owner="BuiltIn">
<msg time="2024-03-20T16:57:29.916596" level="INFO">name</msg>
<arg>${key}</arg>
<doc>Logs the given message with the given level.</doc>
<status status="PASS" start="2024-03-20T16:57:29.916469" elapsed="0.000165"/>
</kw>
<var name="${key}">name</var>
<status status="PASS" start="2024-03-20T16:57:29.914873" elapsed="0.001978"/>
</iter>
<iter>
<kw name="Dictionary Should Contain Key" owner="Collections">
<msg time="2024-03-20T16:57:29.917531" level="INFO">False</msg>
<arg>${json_data['results'][0]}</arg>
<arg>${key}</arg>
<doc>Fails if ``key`` is not found from ``dictionary``.</doc>
<status status="PASS" start="2024-03-20T16:57:29.917150" elapsed="0.000539"/>
</kw>
<kw name="Log" owner="BuiltIn">
<msg time="2024-03-20T16:57:29.918351" level="INFO">{'gender': 'female', 'name': {'title': 'Miss', 'first': 'Yovilla', 'last': 'Volovik'}, 'location': {'street': {'number': 5197, 'name': 'Yalinkova'}, 'city': 'Bahmut', 'state': 'Poltavska', 'country': 'Ukraine', 'postcode': 43624, 'coordinates': {'latitude': '76.2456', 'longitude': '15.6338'}, 'timezone': {'offset': '+4:00', 'description': 'Abu Dhabi, Muscat, Baku, Tbilisi'}}, 'email': 'yovilla.volovik@example.com', 'login': {'uuid': '52498f0a-5cee-41f0-9a38-6bf020fa081f', 'username': 'lazygorilla737', 'password': 'cobras', 'salt': 'V44f8buO', 'md5': '53fdae8a24bfc16a32a71d59425ab7f0', 'sha1': '74f1d084f69243ae963ce617a93055ac1fd6e3e4', 'sha256': 'b7917c6190daf1a9bc37132f7f776b8a7c039c425a49d8b512b5965e855ef810'}, 'dob': {'date': '1999-10-03T07:48:34.382Z', 'age': 24}, 'registered': {'date': '2003-02-27T20:36:18.706Z', 'age': 21}, 'phone': '(066) Z60-5092', 'cell': '(098) F60-6625', 'id': {'name': '', 'value': None}, 'picture': {'large': 'https://randomuser.me/api/portraits/women/13.jpg', 'medium': 'https://randomuser.me/api/portraits/med/women/13.jpg', 'thumbnail': 'https://randomuser.me/api/portraits/thumb/women/13.jpg'}, 'nat': 'UA'}</msg>
<arg>${json_data['results'][0]}</arg>
<doc>Logs the given message with the given level.</doc>
<status status="PASS" start="2024-03-20T16:57:29.917989" elapsed="0.000409"/>
</kw>
<kw name="Log" owner="BuiltIn">
<msg time="2024-03-20T16:57:29.918817" level="INFO">location</msg>
<arg>${key}</arg>
<doc>Logs the given message with the given level.</doc>
<status status="PASS" start="2024-03-20T16:57:29.918689" elapsed="0.000166"/>
</kw>
<var name="${key}">location</var>
<status status="PASS" start="2024-03-20T16:57:29.917032" elapsed="0.002069"/>
</iter>
<iter>
<kw name="Dictionary Should Contain Key" owner="Collections">
<msg time="2024-03-20T16:57:29.919775" level="INFO">False</msg>
<arg>${json_data['results'][0]}</arg>
<arg>${key}</arg>
<doc>Fails if ``key`` is not found from ``dictionary``.</doc>
<status status="PASS" start="2024-03-20T16:57:29.919399" elapsed="0.000414"/>
</kw>
<kw name="Log" owner="BuiltIn">
<msg time="2024-03-20T16:57:29.920457" level="INFO">{'gender': 'female', 'name': {'title': 'Miss', 'first': 'Yovilla', 'last': 'Volovik'}, 'location': {'street': {'number': 5197, 'name': 'Yalinkova'}, 'city': 'Bahmut', 'state': 'Poltavska', 'country': 'Ukraine', 'postcode': 43624, 'coordinates': {'latitude': '76.2456', 'longitude': '15.6338'}, 'timezone': {'offset': '+4:00', 'description': 'Abu Dhabi, Muscat, Baku, Tbilisi'}}, 'email': 'yovilla.volovik@example.com', 'login': {'uuid': '52498f0a-5cee-41f0-9a38-6bf020fa081f', 'username': 'lazygorilla737', 'password': 'cobras', 'salt': 'V44f8buO', 'md5': '53fdae8a24bfc16a32a71d59425ab7f0', 'sha1': '74f1d084f69243ae963ce617a93055ac1fd6e3e4', 'sha256': 'b7917c6190daf1a9bc37132f7f776b8a7c039c425a49d8b512b5965e855ef810'}, 'dob': {'date': '1999-10-03T07:48:34.382Z', 'age': 24}, 'registered': {'date': '2003-02-27T20:36:18.706Z', 'age': 21}, 'phone': '(066) Z60-5092', 'cell': '(098) F60-6625', 'id': {'name': '', 'value': None}, 'picture': {'large': 'https://randomuser.me/api/portraits/women/13.jpg', 'medium': 'https://randomuser.me/api/portraits/med/women/13.jpg', 'thumbnail': 'https://randomuser.me/api/portraits/thumb/women/13.jpg'}, 'nat': 'UA'}</msg>
<arg>${json_data['results'][0]}</arg>
<doc>Logs the given message with the given level.</doc>
<status status="PASS" start="2024-03-20T16:57:29.920104" elapsed="0.000400"/>
</kw>
<kw name="Log" owner="BuiltIn">
<msg time="2024-03-20T16:57:29.920913" level="INFO">email</msg>
<arg>${key}</arg>
<doc>Logs the given message with the given level.</doc>
<status status="PASS" start="2024-03-20T16:57:29.920788" elapsed="0.000161"/>
</kw>
<var name="${key}">email</var>
<status status="PASS" start="2024-03-20T16:57:29.919291" elapsed="0.001872"/>
</iter>
<iter>
<kw name="Dictionary Should Contain Key" owner="Collections">
<msg time="2024-03-20T16:57:29.921839" level="INFO">False</msg>
<arg>${json_data['results'][0]}</arg>
<arg>${key}</arg>
<doc>Fails if ``key`` is not found from ``dictionary``.</doc>
<status status="PASS" start="2024-03-20T16:57:29.921451" elapsed="0.000426"/>
</kw>
<kw name="Log" owner="BuiltIn">
<msg time="2024-03-20T16:57:29.922532" level="INFO">{'gender': 'female', 'name': {'title': 'Miss', 'first': 'Yovilla', 'last': 'Volovik'}, 'location': {'street': {'number': 5197, 'name': 'Yalinkova'}, 'city': 'Bahmut', 'state': 'Poltavska', 'country': 'Ukraine', 'postcode': 43624, 'coordinates': {'latitude': '76.2456', 'longitude': '15.6338'}, 'timezone': {'offset': '+4:00', 'description': 'Abu Dhabi, Muscat, Baku, Tbilisi'}}, 'email': 'yovilla.volovik@example.com', 'login': {'uuid': '52498f0a-5cee-41f0-9a38-6bf020fa081f', 'username': 'lazygorilla737', 'password': 'cobras', 'salt': 'V44f8buO', 'md5': '53fdae8a24bfc16a32a71d59425ab7f0', 'sha1': '74f1d084f69243ae963ce617a93055ac1fd6e3e4', 'sha256': 'b7917c6190daf1a9bc37132f7f776b8a7c039c425a49d8b512b5965e855ef810'}, 'dob': {'date': '1999-10-03T07:48:34.382Z', 'age': 24}, 'registered': {'date': '2003-02-27T20:36:18.706Z', 'age': 21}, 'phone': '(066) Z60-5092', 'cell': '(098) F60-6625', 'id': {'name': '', 'value': None}, 'picture': {'large': 'https://randomuser.me/api/portraits/women/13.jpg', 'medium': 'https://randomuser.me/api/portraits/med/women/13.jpg', 'thumbnail': 'https://randomuser.me/api/portraits/thumb/women/13.jpg'}, 'nat': 'UA'}</msg>
<arg>${json_data['results'][0]}</arg>
<doc>Logs the given message with the given level.</doc>
<status status="PASS" start="2024-03-20T16:57:29.922177" elapsed="0.000401"/>
</kw>
<kw name="Log" owner="BuiltIn">
<msg time="2024-03-20T16:57:29.922998" level="INFO">login</msg>
<arg>${key}</arg>
<doc>Logs the given message with the given level.</doc>
<status status="PASS" start="2024-03-20T16:57:29.922871" elapsed="0.000166"/>
</kw>
<var name="${key}">login</var>
<status status="PASS" start="2024-03-20T16:57:29.921348" elapsed="0.001953"/>
</iter>
<var>${key}</var>
<value>@{expected_keys}</value>
<status status="PASS" start="2024-03-20T16:57:29.912511" elapsed="0.010918"/>
</for>
<kw name="Create List" owner="BuiltIn">
<msg time="2024-03-20T16:57:29.923753" level="INFO">${expected_keysTwo} = ['username', 'password']</msg>
<var>${expected_keysTwo}</var>
<arg>username</arg>
<arg>password</arg>
<doc>Returns a list containing given items.</doc>
<status status="PASS" start="2024-03-20T16:57:29.923616" elapsed="0.000160"/>
</kw>
<for flavor="IN">
<iter>
<kw name="Dictionary Should Contain Key" owner="Collections">
<msg time="2024-03-20T16:57:29.924657" level="INFO">False</msg>
<arg>${json_data['results'][0]['login']}</arg>
<arg>${keyTwo}</arg>
<doc>Fails if ``key`` is not found from ``dictionary``.</doc>
<status status="PASS" start="2024-03-20T16:57:29.924270" elapsed="0.000425"/>
</kw>
<kw name="Dictionary Should Contain Key" owner="Collections">
<msg time="2024-03-20T16:57:29.925363" level="INFO">False</msg>
<arg>${json_data['results'][0]['login']}</arg>
<arg>${keyTwo}</arg>
<doc>Fails if ``key`` is not found from ``dictionary``.</doc>
<status status="PASS" start="2024-03-20T16:57:29.924983" elapsed="0.000418"/>
</kw>
<kw name="Log" owner="BuiltIn">
<msg time="2024-03-20T16:57:29.925812" level="INFO">username</msg>
<arg>${keyTwo}</arg>
<doc>Logs the given message with the given level.</doc>
<status status="PASS" start="2024-03-20T16:57:29.925686" elapsed="0.000163"/>
</kw>
<var name="${keyTwo}">username</var>
<status status="PASS" start="2024-03-20T16:57:29.924168" elapsed="0.001900"/>
</iter>
<iter>
<kw name="Dictionary Should Contain Key" owner="Collections">
<msg time="2024-03-20T16:57:29.926726" level="INFO">False</msg>
<arg>${json_data['results'][0]['login']}</arg>
<arg>${keyTwo}</arg>
<doc>Fails if ``key`` is not found from ``dictionary``.</doc>
<status status="PASS" start="2024-03-20T16:57:29.926344" elapsed="0.000420"/>
</kw>
<kw name="Dictionary Should Contain Key" owner="Collections">
<msg time="2024-03-20T16:57:29.927475" level="INFO">False</msg>
<arg>${json_data['results'][0]['login']}</arg>
<arg>${keyTwo}</arg>
<doc>Fails if ``key`` is not found from ``dictionary``.</doc>
<status status="PASS" start="2024-03-20T16:57:29.927058" elapsed="0.000453"/>
</kw>
<kw name="Log" owner="BuiltIn">
<msg time="2024-03-20T16:57:29.927939" level="INFO">password</msg>
<arg>${keyTwo}</arg>
<doc>Logs the given message with the given level.</doc>
<status status="PASS" start="2024-03-20T16:57:29.927813" elapsed="0.000163"/>
</kw>
<var name="${keyTwo}">password</var>
<status status="PASS" start="2024-03-20T16:57:29.926241" elapsed="0.001950"/>
</iter>
<var>${keyTwo}</var>
<value>@{expected_keysTwo}</value>
<status status="PASS" start="2024-03-20T16:57:29.924014" elapsed="0.004298"/>
</for>
<status status="PASS" start="2024-03-20T16:57:29.820870" elapsed="0.107585"/>
</kw>
<doc>Testa a estrutura da resposta da API.</doc>
<tag>testeEstruturaResposta</tag>
<status status="PASS" start="2024-03-20T16:57:29.820295" elapsed="0.108315"/>
</test>
<test id="s1-s1-t4" name="Validar tipos de dados" line="39">
<kw name="Teste de Tipos de Dados">
<kw name="GET On Session" owner="RequestsLibrary">
<msg time="2024-03-20T16:57:30.074477" level="INFO">GET Request : url=https://randomuser.me/api 
 path_url=/api 
 headers={'User-Agent': 'python-requests/2.31.0', 'Accept-Encoding': 'gzip, deflate', 'Accept': '*/*', 'Connection': 'keep-alive'} 
 body=None 
 </msg>
<msg time="2024-03-20T16:57:30.074595" level="INFO">GET Response : url=https://randomuser.me/api 
 status=200, reason=OK 
 headers={'Date': 'Wed, 20 Mar 2024 16:57:30 GMT', 'Content-Type': 'application/json; charset=utf-8', 'Transfer-Encoding': 'chunked', 'Connection': 'keep-alive', 'X-Powered-By': 'Express', 'Access-Control-Allow-Origin': '*', 'Cache-Control': 'no-cache', 'ETag': 'W/"48c-mPTzt1076VSidyVus9j7R/Zp6/0"', 'Vary': 'Accept-Encoding', 'Content-Encoding': 'gzip', 'CF-Cache-Status': 'DYNAMIC', 'Report-To': '{"endpoints":[{"url":"https:\\/\\/a.nel.cloudflare.com\\/report\\/v4?s=VSAq9lcmAJBtT2Rm1gK71%2FYhEmHg60ijRxdMX8ydra59jUP0OEMCq7ahInR%2FwyxG6VdZO8%2FGxksR32%2Frm1NHt90EfrYnCdxlrmmcnsya9pksWKBPcAnyestC6kQDlzI5"}],"group":"cf-nel","max_age":604800}', 'NEL': '{"success_fraction":0,"report_to":"cf-nel","max_age":604800}', 'Server': 'cloudflare', 'CF-RAY': '86773dda1ae82039-IAD', 'alt-svc': 'h3=":443"; ma=86400'} 
 body={"results":[{"gender":"female","name":{"title":"Mrs","first":"Rose","last":"Brewer"},"location":{"street":{"number":1820,"name":"Park Lane"},"city":"Coventry","state":"Norfolk","country":"United Kingdom","postcode":"MW9Y 1EE","coordinates":{"latitude":"-4.3089","longitude":"39.3245"},"timezone":{"offset":"+7:00","description":"Bangkok, Hanoi, Jakarta"}},"email":"rose.brewer@example.com","login":{"uuid":"c19d293a-f987-4770-9727-fb9ebf052028","username":"heavywolf743","password":"briana","salt":"KFDBDaJB","md5":"3eae7c3069a3618ecd090076294eca4e","sha1":"8138caa7437df34545cc1aa234e2d3d4188e4572","sha256":"fa3b3ab228651bf31f52524c0faa92ff8f5f248a891202c223422900a751c257"},"dob":{"date":"1978-07-29T02:27:09.567Z","age":45},"registered":{"date":"2019-12-11T16:04:47.258Z","age":4},"phone":"015396 75371","cell":"07011 042318","id":{"name":"NINO","value":"RZ 01 58 10 E"},"picture":{"large":"https://randomuser.me/api/portraits/women/69.jpg","medium":"https://randomuser.me/api/portraits/med/women/69.jpg","thumbnail":"https://randomuser.me/api/portraits/thumb/women/69.jpg"},"nat":"GB"}],"info":{"seed":"e9904b8f6450ab76","results":1,"page":1,"version":"1.4"}} 
 </msg>
<msg time="2024-03-20T16:57:30.074720" level="INFO">/opt/hostedtoolcache/Python/3.12.2/x64/lib/python3.12/site-packages/urllib3/connectionpool.py:1103: InsecureRequestWarning: Unverified HTTPS request is being made to host 'randomuser.me'. Adding certificate verification is strongly advised. See: https://urllib3.readthedocs.io/en/latest/advanced-usage.html#tls-warnings
  warnings.warn(</msg>
<msg time="2024-03-20T16:57:30.074868" level="INFO">${response} = &lt;Response [200]&gt;</msg>
<var>${response}</var>
<arg>consultarAPI</arg>
<arg>/api</arg>
<doc>Sends a GET request on a previously created HTTP Session.</doc>
<status status="PASS" start="2024-03-20T16:57:29.931000" elapsed="0.143904"/>
</kw>
<kw name="Set Variable" owner="BuiltIn">
<msg time="2024-03-20T16:57:30.076318" level="INFO">${json_data} = {'results': [{'gender': 'female', 'name': {'title': 'Mrs', 'first': 'Rose', 'last': 'Brewer'}, 'location': {'street': {'number': 1820, 'name': 'Park Lane'}, 'city': 'Coventry', 'state': 'Norfolk', 'co...</msg>
<var>${json_data}</var>
<arg>${response.json()}</arg>
<doc>Returns the given values which can then be assigned to a variables.</doc>
<status status="PASS" start="2024-03-20T16:57:30.075559" elapsed="0.000800"/>
</kw>
<kw name="Log" owner="BuiltIn">
<msg time="2024-03-20T16:57:30.076990" level="INFO">{'results': [{'gender': 'female', 'name': {'title': 'Mrs', 'first': 'Rose', 'last': 'Brewer'}, 'location': {'street': {'number': 1820, 'name': 'Park Lane'}, 'city': 'Coventry', 'state': 'Norfolk', 'country': 'United Kingdom', 'postcode': 'MW9Y 1EE', 'coordinates': {'latitude': '-4.3089', 'longitude': '39.3245'}, 'timezone': {'offset': '+7:00', 'description': 'Bangkok, Hanoi, Jakarta'}}, 'email': 'rose.brewer@example.com', 'login': {'uuid': 'c19d293a-f987-4770-9727-fb9ebf052028', 'username': 'heavywolf743', 'password': 'briana', 'salt': 'KFDBDaJB', 'md5': '3eae7c3069a3618ecd090076294eca4e', 'sha1': '8138caa7437df34545cc1aa234e2d3d4188e4572', 'sha256': 'fa3b3ab228651bf31f52524c0faa92ff8f5f248a891202c223422900a751c257'}, 'dob': {'date': '1978-07-29T02:27:09.567Z', 'age': 45}, 'registered': {'date': '2019-12-11T16:04:47.258Z', 'age': 4}, 'phone': '015396 75371', 'cell': '07011 042318', 'id': {'name': 'NINO', 'value': 'RZ 01 58 10 E'}, 'picture': {'large': 'https://randomuser.me/api/portraits/women/69.jpg', 'medium': 'https://randomuser.me/api/portraits/med/women/69.jpg', 'thumbnail': 'https://randomuser.me/api/portraits/thumb/women/69.jpg'}, 'nat': 'GB'}], 'info': {'seed': 'e9904b8f6450ab76', 'results': 1, 'page': 1, 'version': '1.4'}}</msg>
<arg>${json_data}</arg>
<doc>Logs the given message with the given level.</doc>
<status status="PASS" start="2024-03-20T16:57:30.076783" elapsed="0.000321"/>
</kw>
<kw name="Should Be String" owner="String">
<arg>${json_data['results'][0]['gender']}</arg>
<doc>Fails if the given ``item`` is not a string.</doc>
<status status="PASS" start="2024-03-20T16:57:30.077511" elapsed="0.000529"/>
</kw>
<kw name="Should Match Regexp" owner="BuiltIn">
<arg>${json_data['results'][0]['email']}</arg>
<arg>^[a-zA-Z0-9._%+-]+@[a-zA-Z0-9.-]+\.[a-zA-Z]{2,}$</arg>
<doc>Fails if ``string`` does not match ``pattern`` as a regular expression.</doc>
<status status="PASS" start="2024-03-20T16:57:30.078281" elapsed="0.000984"/>
</kw>
<kw name="Should Match Regexp" owner="BuiltIn">
<arg>${json_data['results'][0]['dob']['date']}</arg>
<arg>\\d{4}-\\d{2}-\\d{2}T\\d{2}:\\d{2}:\\d{2}\\.\\d{3}Z</arg>
<doc>Fails if ``string`` does not match ``pattern`` as a regular expression.</doc>
<status status="PASS" start="2024-03-20T16:57:30.079549" elapsed="0.000701"/>
</kw>
<kw name="Should Match Regexp" owner="BuiltIn">
<arg>${json_data['results'][0]['registered']['date']}</arg>
<arg>\\d{4}-\\d{2}-\\d{2}T\\d{2}:\\d{2}:\\d{2}\\.\\d{3}Z</arg>
<doc>Fails if ``string`` does not match ``pattern`` as a regular expression.</doc>
<status status="PASS" start="2024-03-20T16:57:30.080508" elapsed="0.000547"/>
</kw>
<kw name="Should Match Regexp" owner="BuiltIn">
<arg>${json_data['results'][0]['picture']['large']}</arg>
<arg>^https?://.*\.(?:png|jpe?g|gif|bmp)$</arg>
<doc>Fails if ``string`` does not match ``pattern`` as a regular expression.</doc>
<status status="PASS" start="2024-03-20T16:57:30.081334" elapsed="0.000645"/>
</kw>
<kw name="Should Match Regexp" owner="BuiltIn">
<arg>${json_data['results'][0]['picture']['medium']}</arg>
<arg>^https?://.*\.(?:png|jpe?g|gif|bmp)$</arg>
<doc>Fails if ``string`` does not match ``pattern`` as a regular expression.</doc>
<status status="PASS" start="2024-03-20T16:57:30.082227" elapsed="0.000531"/>
</kw>
<kw name="Should Match Regexp" owner="BuiltIn">
<arg>${json_data['results'][0]['picture']['thumbnail']}</arg>
<arg>^https?://.*\.(?:png|jpe?g|gif|bmp)$</arg>
<doc>Fails if ``string`` does not match ``pattern`` as a regular expression.</doc>
<status status="PASS" start="2024-03-20T16:57:30.083003" elapsed="0.000545"/>
</kw>
<kw name="Log" owner="BuiltIn">
<msg time="2024-03-20T16:57:30.084270" level="INFO">{'large': 'https://randomuser.me/api/portraits/women/69.jpg', 'medium': 'https://randomuser.me/api/portraits/med/women/69.jpg', 'thumbnail': 'https://randomuser.me/api/portraits/thumb/women/69.jpg'}</msg>
<arg>${json_data['results'][0]['picture']}</arg>
<doc>Logs the given message with the given level.</doc>
<status status="PASS" start="2024-03-20T16:57:30.083802" elapsed="0.000526"/>
</kw>
<status status="PASS" start="2024-03-20T16:57:29.930784" elapsed="0.153900"/>
</kw>
<kw name="Teste de Tipos de Dados - Postcode">
<kw name="GET On Session" owner="RequestsLibrary">
<msg time="2024-03-20T16:57:30.130241" level="INFO">GET Request : url=https://randomuser.me/api 
 path_url=/api 
 headers={'User-Agent': 'python-requests/2.31.0', 'Accept-Encoding': 'gzip, deflate', 'Accept': '*/*', 'Connection': 'keep-alive'} 
 body=None 
 </msg>
<msg time="2024-03-20T16:57:30.130331" level="INFO">GET Response : url=https://randomuser.me/api 
 status=200, reason=OK 
 headers={'Date': 'Wed, 20 Mar 2024 16:57:30 GMT', 'Content-Type': 'application/json; charset=utf-8', 'Transfer-Encoding': 'chunked', 'Connection': 'keep-alive', 'X-Powered-By': 'Express', 'Access-Control-Allow-Origin': '*', 'Cache-Control': 'no-cache', 'ETag': 'W/"498-pK2jTL27bj2KXIMzGGH9zoNiqM4"', 'Vary': 'Accept-Encoding', 'Content-Encoding': 'gzip', 'CF-Cache-Status': 'DYNAMIC', 'Report-To': '{"endpoints":[{"url":"https:\\/\\/a.nel.cloudflare.com\\/report\\/v4?s=%2BjyWhwzRL0%2FzCc3IcCDSC6Hj6luFr%2Frkt%2BRordIrpSPp%2FvtZJxONHqZdiekhXLlgVGy3yYl60mdPgyNKi31%2FSqPVeBRGyeAFvAnM1nmhmy3goKeweJejUUB%2BYZ6nYB2k"}],"group":"cf-nel","max_age":604800}', 'NEL': '{"success_fraction":0,"report_to":"cf-nel","max_age":604800}', 'Server': 'cloudflare', 'CF-RAY': '86773ddb0c1c2039-IAD', 'alt-svc': 'h3=":443"; ma=86400'} 
 body={"results":[{"gender":"female","name":{"title":"Mrs","first":"Jasmine","last":"Wright"},"location":{"street":{"number":7061,"name":"Madras Street"},"city":"Invercargill","state":"West Coast","country":"New Zealand","postcode":18477,"coordinates":{"latitude":"47.2491","longitude":"95.5077"},"timezone":{"offset":"+3:00","description":"Baghdad, Riyadh, Moscow, St. Petersburg"}},"email":"jasmine.wright@example.com","login":{"uuid":"7f69b75f-1e76-4cd8-b390-40180880af7b","username":"angryfish147","password":"mister","salt":"5CAX2GRo","md5":"e74ae914f162bdc4303ee8372b3b3695","sha1":"d77e4b51a1305b3752191d4578ffacd3ba93e7e8","sha256":"292c104038e6923ea961bd858ba45f681ea04c509cb4dd527af553b13f93b43d"},"dob":{"date":"1949-08-22T22:54:58.007Z","age":74},"registered":{"date":"2013-04-04T17:24:01.523Z","age":10},"phone":"(550)-694-7744","cell":"(958)-446-5907","id":{"name":"","value":null},"picture":{"large":"https://randomuser.me/api/portraits/women/0.jpg","medium":"https://randomuser.me/api/portraits/med/women/0.jpg","thumbnail":"https://randomuser.me/api/portraits/thumb/women/0.jpg"},"nat":"NZ"}],"info":{"seed":"2ff7d001c942db19","results":1,"page":1,"version":"1.4"}} 
 </msg>
<msg time="2024-03-20T16:57:30.130394" level="INFO">/opt/hostedtoolcache/Python/3.12.2/x64/lib/python3.12/site-packages/urllib3/connectionpool.py:1103: InsecureRequestWarning: Unverified HTTPS request is being made to host 'randomuser.me'. Adding certificate verification is strongly advised. See: https://urllib3.readthedocs.io/en/latest/advanced-usage.html#tls-warnings
  warnings.warn(</msg>
<msg time="2024-03-20T16:57:30.130497" level="INFO">${response} = &lt;Response [200]&gt;</msg>
<var>${response}</var>
<arg>consultarAPI</arg>
<arg>/api</arg>
<doc>Sends a GET request on a previously created HTTP Session.</doc>
<status status="PASS" start="2024-03-20T16:57:30.085305" elapsed="0.045218"/>
</kw>
<kw name="Set Variable" owner="BuiltIn">
<msg time="2024-03-20T16:57:30.131491" level="INFO">${json_data} = {'results': [{'gender': 'female', 'name': {'title': 'Mrs', 'first': 'Jasmine', 'last': 'Wright'}, 'location': {'street': {'number': 7061, 'name': 'Madras Street'}, 'city': 'Invercargill', 'state': 'We...</msg>
<var>${json_data}</var>
<arg>${response.json()}</arg>
<doc>Returns the given values which can then be assigned to a variables.</doc>
<status status="PASS" start="2024-03-20T16:57:30.130973" elapsed="0.000547"/>
</kw>
<kw name="Log" owner="BuiltIn">
<msg time="2024-03-20T16:57:30.131979" level="INFO">{'results': [{'gender': 'female', 'name': {'title': 'Mrs', 'first': 'Jasmine', 'last': 'Wright'}, 'location': {'street': {'number': 7061, 'name': 'Madras Street'}, 'city': 'Invercargill', 'state': 'West Coast', 'country': 'New Zealand', 'postcode': 18477, 'coordinates': {'latitude': '47.2491', 'longitude': '95.5077'}, 'timezone': {'offset': '+3:00', 'description': 'Baghdad, Riyadh, Moscow, St. Petersburg'}}, 'email': 'jasmine.wright@example.com', 'login': {'uuid': '7f69b75f-1e76-4cd8-b390-40180880af7b', 'username': 'angryfish147', 'password': 'mister', 'salt': '5CAX2GRo', 'md5': 'e74ae914f162bdc4303ee8372b3b3695', 'sha1': 'd77e4b51a1305b3752191d4578ffacd3ba93e7e8', 'sha256': '292c104038e6923ea961bd858ba45f681ea04c509cb4dd527af553b13f93b43d'}, 'dob': {'date': '1949-08-22T22:54:58.007Z', 'age': 74}, 'registered': {'date': '2013-04-04T17:24:01.523Z', 'age': 10}, 'phone': '(550)-694-7744', 'cell': '(958)-446-5907', 'id': {'name': '', 'value': None}, 'picture': {'large': 'https://randomuser.me/api/portraits/women/0.jpg', 'medium': 'https://randomuser.me/api/portraits/med/women/0.jpg', 'thumbnail': 'https://randomuser.me/api/portraits/thumb/women/0.jpg'}, 'nat': 'NZ'}], 'info': {'seed': '2ff7d001c942db19', 'results': 1, 'page': 1, 'version': '1.4'}}</msg>
<arg>${json_data}</arg>
<doc>Logs the given message with the given level.</doc>
<status status="PASS" start="2024-03-20T16:57:30.131822" elapsed="0.000240"/>
</kw>
<kw name="Should Be Equal As Numbers" owner="BuiltIn">
<arg>${json_data['results'][0]['location']['postcode']}</arg>
<arg>${json_data['results'][0]['location']['postcode']}</arg>
<doc>Fails if objects are unequal after converting them to real numbers.</doc>
<status status="PASS" start="2024-03-20T16:57:30.132359" elapsed="0.000640"/>
</kw>
<kw name="Log" owner="BuiltIn">
<msg time="2024-03-20T16:57:30.133535" level="INFO">18477</msg>
<arg>${json_data['results'][0]['location']['postcode']}</arg>
<doc>Logs the given message with the given level.</doc>
<status status="PASS" start="2024-03-20T16:57:30.133194" elapsed="0.000382"/>
</kw>
<status status="PASS" start="2024-03-20T16:57:30.084983" elapsed="0.048855"/>
</kw>
<doc>Testa se os tipos de dados na resposta da API estão corretos.</doc>
<tag>testeTiposDados</tag>
<status status="PASS" start="2024-03-20T16:57:29.930354" elapsed="0.203654"/>
</test>
<test id="s1-s1-t5" name="Validar conteudo" line="46">
<kw name="Teste de Tipos de Conteudo">
<kw name="GET On Session" owner="RequestsLibrary">
<msg time="2024-03-20T16:57:30.216933" level="INFO">GET Request : url=https://randomuser.me/api 
 path_url=/api 
 headers={'User-Agent': 'python-requests/2.31.0', 'Accept-Encoding': 'gzip, deflate', 'Accept': '*/*', 'Connection': 'keep-alive'} 
 body=None 
 </msg>
<msg time="2024-03-20T16:57:30.217023" level="INFO">GET Response : url=https://randomuser.me/api 
 status=200, reason=OK 
 headers={'Date': 'Wed, 20 Mar 2024 16:57:30 GMT', 'Content-Type': 'application/json; charset=utf-8', 'Transfer-Encoding': 'chunked', 'Connection': 'keep-alive', 'X-Powered-By': 'Express', 'Access-Control-Allow-Origin': '*', 'Cache-Control': 'no-cache', 'ETag': 'W/"493-wl6HymNVhRHXiIf6ME90yjKx854"', 'Vary': 'Accept-Encoding', 'Content-Encoding': 'gzip', 'CF-Cache-Status': 'DYNAMIC', 'Report-To': '{"endpoints":[{"url":"https:\\/\\/a.nel.cloudflare.com\\/report\\/v4?s=qDcCv29zYaivr8mD0PgvHgHjUoA3oQbhT1nxCJDp2OomUY8uBGsd2xxQcFvLTakJmf0XRct0wqInxgP5w4BzOtHwPcvSblA40h7ck%2F0NLAGUfsjLvQreZ62C1Rvrhr8N"}],"group":"cf-nel","max_age":604800}', 'NEL': '{"success_fraction":0,"report_to":"cf-nel","max_age":604800}', 'Server': 'cloudflare', 'CF-RAY': '86773ddb6c822039-IAD', 'alt-svc': 'h3=":443"; ma=86400'} 
 body={"results":[{"gender":"male","name":{"title":"Mr","first":"Grigorije","last":"Rodić"},"location":{"street":{"number":8043,"name":"Blagoja Rankovića"},"city":"Prijepolje","state":"Kosovo","country":"Serbia","postcode":97886,"coordinates":{"latitude":"62.8489","longitude":"-110.8641"},"timezone":{"offset":"+9:00","description":"Tokyo, Seoul, Osaka, Sapporo, Yakutsk"}},"email":"grigorije.rodic@example.com","login":{"uuid":"5aec1a2f-7ea8-4b60-afb5-3a24f792d116","username":"redfrog291","password":"yellow","salt":"D3OHSyc4","md5":"3991fcb7d004f21f05225baa96f5614d","sha1":"7930ca754a6f759aad618c4987bbda1cff8521ad","sha256":"7746af130b21fc998074e27f3e46d419c215bada13d72fc379ba3076f0af8ed4"},"dob":{"date":"1980-02-17T22:42:49.799Z","age":44},"registered":{"date":"2005-05-16T13:26:18.893Z","age":18},"phone":"034-5180-046","cell":"068-5233-303","id":{"name":"SID","value":"717656099"},"picture":{"large":"https://randomuser.me/api/portraits/men/30.jpg","medium":"https://randomuser.me/api/portraits/med/men/30.jpg","thumbnail":"https://randomuser.me/api/portraits/thumb/men/30.jpg"},"nat":"RS"}],"info":{"seed":"b727bec274bf96b8","results":1,"page":1,"version":"1.4"}} 
 </msg>
<msg time="2024-03-20T16:57:30.217101" level="INFO">/opt/hostedtoolcache/Python/3.12.2/x64/lib/python3.12/site-packages/urllib3/connectionpool.py:1103: InsecureRequestWarning: Unverified HTTPS request is being made to host 'randomuser.me'. Adding certificate verification is strongly advised. See: https://urllib3.readthedocs.io/en/latest/advanced-usage.html#tls-warnings
  warnings.warn(</msg>
<msg time="2024-03-20T16:57:30.217209" level="INFO">${response} = &lt;Response [200]&gt;</msg>
<var>${response}</var>
<arg>consultarAPI</arg>
<arg>/api</arg>
<doc>Sends a GET request on a previously created HTTP Session.</doc>
<status status="PASS" start="2024-03-20T16:57:30.136460" elapsed="0.080781"/>
</kw>
<kw name="Set Variable" owner="BuiltIn">
<msg time="2024-03-20T16:57:30.218145" level="INFO">${json_data} = {'results': [{'gender': 'male', 'name': {'title': 'Mr', 'first': 'Grigorije', 'last': 'Rodić'}, 'location': {'street': {'number': 8043, 'name': 'Blagoja Rankovića'}, 'city': 'Prijepolje', 'state': 'Ko...</msg>
<var>${json_data}</var>
<arg>${response.json()}</arg>
<doc>Returns the given values which can then be assigned to a variables.</doc>
<status status="PASS" start="2024-03-20T16:57:30.217663" elapsed="0.000512"/>
</kw>
<kw name="Set Variable" owner="BuiltIn">
<msg time="2024-03-20T16:57:30.218867" level="INFO">${name_title} = Mr</msg>
<var>${name_title}</var>
<arg>${json_data["results"][0]["name"]["title"]}</arg>
<doc>Returns the given values which can then be assigned to a variables.</doc>
<status status="PASS" start="2024-03-20T16:57:30.218482" elapsed="0.000411"/>
</kw>
<kw name="Create List" owner="BuiltIn">
<msg time="2024-03-20T16:57:30.219383" level="INFO">${allowed_titles} = ['Mr', 'Ms', 'Miss', 'Mrs', 'Madame', 'Monsieur']</msg>
<var>${allowed_titles}</var>
<arg>Mr</arg>
<arg>Ms</arg>
<arg>Miss</arg>
<arg>Mrs</arg>
<arg>Madame</arg>
<arg>Monsieur</arg>
<doc>Returns a list containing given items.</doc>
<status status="PASS" start="2024-03-20T16:57:30.219231" elapsed="0.000177"/>
</kw>
<kw name="List Should Contain Value" owner="Collections">
<msg time="2024-03-20T16:57:30.219880" level="INFO">False</msg>
<arg>${allowed_titles}</arg>
<arg>${name_title}</arg>
<doc>Fails if the ``value`` is not found from ``list``.</doc>
<status status="PASS" start="2024-03-20T16:57:30.219708" elapsed="0.000210"/>
</kw>
<kw name="Set Variable" owner="BuiltIn">
<msg time="2024-03-20T16:57:30.220589" level="INFO">${name_country} = RS</msg>
<var>${name_country}</var>
<arg>${json_data["results"][0]["nat"]}</arg>
<doc>Returns the given values which can then be assigned to a variables.</doc>
<status status="PASS" start="2024-03-20T16:57:30.220211" elapsed="0.000403"/>
</kw>
<kw name="Create List" owner="BuiltIn">
<msg time="2024-03-20T16:57:30.221513" level="INFO">${list_country} = ['AD', 'AE', 'AF', 'AG', 'AI', 'AL', 'AM', 'AO', 'AQ', 'AR', 'AS', 'AT', 'AU', 'AW', 'AX', 'AZ', 'BA', 'BB', 'BD', 'BE', 'BF', 'BG', 'BH', 'BI', 'BJ', 'BL', 'BM', 'BN', 'BO', 'BQ', 'BR', 'BS', 'BT', '...</msg>
<var>${list_country}</var>
<arg>AD</arg>
<arg>AE</arg>
<arg>AF</arg>
<arg>AG</arg>
<arg>AI</arg>
<arg>AL</arg>
<arg>AM</arg>
<arg>AO</arg>
<arg>AQ</arg>
<arg>AR</arg>
<arg>AS</arg>
<arg>AT</arg>
<arg>AU</arg>
<arg>AW</arg>
<arg>AX</arg>
<arg>AZ</arg>
<arg>BA</arg>
<arg>BB</arg>
<arg>BD</arg>
<arg>BE</arg>
<arg>BF</arg>
<arg>BG</arg>
<arg>BH</arg>
<arg>BI</arg>
<arg>BJ</arg>
<arg>BL</arg>
<arg>BM</arg>
<arg>BN</arg>
<arg>BO</arg>
<arg>BQ</arg>
<arg>BR</arg>
<arg>BS</arg>
<arg>BT</arg>
<arg>BV</arg>
<arg>BW</arg>
<arg>BY</arg>
<arg>BZ</arg>
<arg>CA</arg>
<arg>CC</arg>
<arg>CD</arg>
<arg>CF</arg>
<arg>CG</arg>
<arg>CH</arg>
<arg>CI</arg>
<arg>CK</arg>
<arg>CL</arg>
<arg>CM</arg>
<arg>CN</arg>
<arg>CO</arg>
<arg>CR</arg>
<arg>CU</arg>
<arg>CV</arg>
<arg>CW</arg>
<arg>CX</arg>
<arg>CY</arg>
<arg>CZ</arg>
<arg>DE</arg>
<arg>DJ</arg>
<arg>DK</arg>
<arg>DM</arg>
<arg>DO</arg>
<arg>DZ</arg>
<arg>EC</arg>
<arg>EE</arg>
<arg>EG</arg>
<arg>EH</arg>
<arg>ER</arg>
<arg>ES</arg>
<arg>ET</arg>
<arg>FI</arg>
<arg>FJ</arg>
<arg>FK</arg>
<arg>FM</arg>
<arg>FO</arg>
<arg>FR</arg>
<arg>GA</arg>
<arg>GB</arg>
<arg>GD</arg>
<arg>GE</arg>
<arg>GF</arg>
<arg>GG</arg>
<arg>GH</arg>
<arg>GI</arg>
<arg>GL</arg>
<arg>GM</arg>
<arg>GN</arg>
<arg>GP</arg>
<arg>GQ</arg>
<arg>GR</arg>
<arg>GS</arg>
<arg>GT</arg>
<arg>GU</arg>
<arg>GW</arg>
<arg>GY</arg>
<arg>HK</arg>
<arg>HM</arg>
<arg>HN</arg>
<arg>HR</arg>
<arg>HT</arg>
<arg>HU</arg>
<arg>ID</arg>
<arg>IE</arg>
<arg>IL</arg>
<arg>IM</arg>
<arg>IN</arg>
<arg>IO</arg>
<arg>IQ</arg>
<arg>IR</arg>
<arg>IS</arg>
<arg>IT</arg>
<arg>JE</arg>
<arg>JM</arg>
<arg>JO</arg>
<arg>JP</arg>
<arg>KE</arg>
<arg>KG</arg>
<arg>KH</arg>
<arg>KI</arg>
<arg>KM</arg>
<arg>KN</arg>
<arg>KP</arg>
<arg>KR</arg>
<arg>KW</arg>
<arg>KY</arg>
<arg>KZ</arg>
<arg>LA</arg>
<arg>LB</arg>
<arg>LC</arg>
<arg>LI</arg>
<arg>LK</arg>
<arg>LR</arg>
<arg>LS</arg>
<arg>LT</arg>
<arg>LU</arg>
<arg>LV</arg>
<arg>LY</arg>
<arg>MA</arg>
<arg>MC</arg>
<arg>MD</arg>
<arg>ME</arg>
<arg>MF</arg>
<arg>MG</arg>
<arg>MH</arg>
<arg>MK</arg>
<arg>ML</arg>
<arg>MM</arg>
<arg>MN</arg>
<arg>MO</arg>
<arg>MP</arg>
<arg>MQ</arg>
<arg>MR</arg>
<arg>MS</arg>
<arg>MT</arg>
<arg>MU</arg>
<arg>MV</arg>
<arg>MW</arg>
<arg>MX</arg>
<arg>MY</arg>
<arg>MZ</arg>
<arg>NA</arg>
<arg>NC</arg>
<arg>NE</arg>
<arg>NF</arg>
<arg>NG</arg>
<arg>NI</arg>
<arg>NL</arg>
<arg>NO</arg>
<arg>NP</arg>
<arg>NR</arg>
<arg>NU</arg>
<arg>NZ</arg>
<arg>OM</arg>
<arg>PA</arg>
<arg>PE</arg>
<arg>PF</arg>
<arg>PG</arg>
<arg>PH</arg>
<arg>PK</arg>
<arg>PL</arg>
<arg>PM</arg>
<arg>PN</arg>
<arg>PR</arg>
<arg>PS</arg>
<arg>PT</arg>
<arg>PW</arg>
<arg>PY</arg>
<arg>QA</arg>
<arg>RE</arg>
<arg>RO</arg>
<arg>RS</arg>
<arg>RU</arg>
<arg>RW</arg>
<arg>SA</arg>
<arg>SB</arg>
<arg>SC</arg>
<arg>SD</arg>
<arg>SE</arg>
<arg>SG</arg>
<arg>SH</arg>
<arg>SI</arg>
<arg>SJ</arg>
<arg>SK</arg>
<arg>SL</arg>
<arg>SM</arg>
<arg>SN</arg>
<arg>SO</arg>
<arg>SR</arg>
<arg>SS</arg>
<arg>ST</arg>
<arg>SV</arg>
<arg>SX</arg>
<arg>SY</arg>
<arg>SZ</arg>
<arg>TC</arg>
<arg>TD</arg>
<arg>TF</arg>
<arg>TG</arg>
<arg>TH</arg>
<arg>TJ</arg>
<arg>TK</arg>
<arg>TL</arg>
<arg>TM</arg>
<arg>TN</arg>
<arg>TO</arg>
<arg>TR</arg>
<arg>TT</arg>
<arg>TV</arg>
<arg>TW</arg>
<arg>TZ</arg>
<arg>UA</arg>
<arg>UG</arg>
<arg>UM</arg>
<arg>US</arg>
<arg>UY</arg>
<arg>UZ</arg>
<arg>VA</arg>
<arg>VC</arg>
<arg>VE</arg>
<arg>VG</arg>
<arg>VI</arg>
<arg>VN</arg>
<arg>VU</arg>
<arg>WF</arg>
<arg>WS</arg>
<arg>XK</arg>
<arg>YE</arg>
<arg>YT</arg>
<arg>ZA</arg>
<arg>ZM</arg>
<arg>ZW</arg>
<doc>Returns a list containing given items.</doc>
<status status="PASS" start="2024-03-20T16:57:30.220910" elapsed="0.000629"/>
</kw>
<kw name="List Should Contain Value" owner="Collections">
<msg time="2024-03-20T16:57:30.222713" level="INFO">False</msg>
<arg>${list_country}</arg>
<arg>${name_country}</arg>
<doc>Fails if the ``value`` is not found from ``list``.</doc>
<status status="PASS" start="2024-03-20T16:57:30.222508" elapsed="0.000242"/>
</kw>
<kw name="Run Keyword If" owner="BuiltIn">
<kw name="Should Be True" owner="BuiltIn">
<arg>${True}</arg>
<doc>Fails if the given condition is not true.</doc>
<status status="PASS" start="2024-03-20T16:57:30.223844" elapsed="0.000143"/>
</kw>
<arg>${json_data["results"][0]["location"]["coordinates"]["latitude"]} &gt;= -90 and ${json_data["results"][0]["location"]["coordinates"]["latitude"]} &lt;= 90</arg>
<arg>Should Be True</arg>
<arg>${True}</arg>
<doc>Runs the given keyword with the given arguments, if ``condition`` is true.</doc>
<status status="PASS" start="2024-03-20T16:57:30.223061" elapsed="0.001053"/>
</kw>
<kw name="Run Keyword If" owner="BuiltIn">
<kw name="Should Be True" owner="BuiltIn">
<arg>${True}</arg>
<doc>Fails if the given condition is not true.</doc>
<status status="PASS" start="2024-03-20T16:57:30.224976" elapsed="0.000136"/>
</kw>
<arg>${json_data["results"][0]["location"]["coordinates"]["longitude"]} &gt;= -180 and ${json_data["results"][0]["location"]["coordinates"]["longitude"]} &lt;= 180</arg>
<arg>Should Be True</arg>
<arg>${True}</arg>
<doc>Runs the given keyword with the given arguments, if ``condition`` is true.</doc>
<status status="PASS" start="2024-03-20T16:57:30.224295" elapsed="0.000941"/>
</kw>
<status status="PASS" start="2024-03-20T16:57:30.136237" elapsed="0.089131"/>
</kw>
<doc>Testa o conteúdo específico dos campos retornados pela API.</doc>
<tag>testeConteudo</tag>
<status status="PASS" start="2024-03-20T16:57:30.135793" elapsed="0.089727"/>
</test>
<status status="PASS" start="2024-03-20T16:57:29.431925" elapsed="0.795487"/>
</suite>
<status status="PASS" start="2024-03-20T16:57:29.418215" elapsed="0.814500"/>
</suite>
<statistics>
<total>
<stat pass="5" fail="0" skip="0">All Tests</stat>
</total>
<tag>
<stat pass="1" fail="0" skip="0">testeConteudo</stat>
<stat pass="1" fail="0" skip="0">testeEstruturaResposta</stat>
<stat pass="1" fail="0" skip="0">testeRequisicaoBasica</stat>
<stat pass="1" fail="0" skip="0">testeTiposDados</stat>
</tag>
<suite>
<stat pass="5" fail="0" skip="0" id="s1" name="Tests">Tests</stat>
<stat pass="5" fail="0" skip="0" id="s1-s1" name="Random-User-Test">Tests.Random-User-Test</stat>
</suite>
</statistics>
<errors>
</errors>
</robot>
