<?xml version="1.0" encoding="UTF-8"?>
<robot generator="Robot 7.0 (Python 3.12.3 on linux)" generated="2024-05-26T19:11:31.001555" rpa="false" schemaversion="5">
<suite id="s1" name="Tests" source="/home/runner/work/ApiRandomUser/ApiRandomUser/RamdonUser/tests">
<suite id="s1-s1" name="Random-User-Test" source="/home/runner/work/ApiRandomUser/ApiRandomUser/RamdonUser/tests/random-user-test.robot">
<test id="s1-s1-t1" name="Conectar" line="13">
<kw name="Conectar API" owner="random-user-service">
<kw name="Create Session" owner="RequestsLibrary">
<msg time="2024-05-26T19:11:31.406326" level="INFO">Creating Session using : alias=consultarAPI, url=https://randomuser.me/, headers={},                     cookies={}, auth=None, timeout=None, proxies=None, verify=False,                     debug=0 </msg>
<arg>consultarAPI</arg>
<arg>${URL}</arg>
<doc>Create Session: create a HTTP session to a server</doc>
<status status="PASS" start="2024-05-26T19:11:31.406124" elapsed="0.000379"/>
</kw>
<status status="PASS" start="2024-05-26T19:11:31.405067" elapsed="0.001792"/>
</kw>
<status status="PASS" start="2024-05-26T19:11:31.404520" elapsed="0.002532"/>
</test>
<test id="s1-s1-t2" name="Validar retorno 200 e JSON Válido" line="16">
<kw name="Teste de Requisicao Basica" owner="random-user-service">
<kw name="GET On Session" owner="RequestsLibrary">
<msg time="2024-05-26T19:11:31.648928" level="INFO">GET Request : url=https://randomuser.me/api 
 path_url=/api 
 headers={'User-Agent': 'python-requests/2.32.2', 'Accept-Encoding': 'gzip, deflate', 'Accept': '*/*', 'Connection': 'keep-alive'} 
 body=None 
 </msg>
<msg time="2024-05-26T19:11:31.649085" level="INFO">GET Response : url=https://randomuser.me/api 
 status=200, reason=OK 
 headers={'Date': 'Sun, 26 May 2024 19:11:31 GMT', 'Content-Type': 'application/json; charset=utf-8', 'Transfer-Encoding': 'chunked', 'Connection': 'keep-alive', 'X-Powered-By': 'Express', 'Access-Control-Allow-Origin': '*', 'Cache-Control': 'no-cache', 'ETag': 'W/"494-2qbJJVURkCJ6B4j8Y2tuAS/XKDU"', 'Vary': 'Accept-Encoding', 'Content-Encoding': 'gzip', 'CF-Cache-Status': 'DYNAMIC', 'Report-To': '{"endpoints":[{"url":"https:\\/\\/a.nel.cloudflare.com\\/report\\/v4?s=CdiNQys5UfE09uOe5Mjw1%2B7Mp39e%2BO81Wc8Dg3WAXtT4JsbQoZrBdCiTZrDfwfD0AgB%2BIQMTRiddrQ%2BmYe%2FLqnMx9oCCLtesSDVLWA3ECI6haAhyRNvfMR24r6fZM6%2Fr"}],"group":"cf-nel","max_age":604800}', 'NEL': '{"success_fraction":0,"report_to":"cf-nel","max_age":604800}', 'Server': 'cloudflare', 'CF-RAY': '88a0124e7d538792-IAD', 'alt-svc': 'h3=":443"; ma=86400'} 
 body={"results":[{"gender":"female","name":{"title":"Ms","first":"Maria","last":"Wright"},"location":{"street":{"number":5022,"name":"Taharoto Road"},"city":"Whanganui","state":"Hawke'S Bay","country":"New Zealand","postcode":83279,"coordinates":{"latitude":"47.2406","longitude":"62.9947"},"timezone":{"offset":"+5:30","description":"Bombay, Calcutta, Madras, New Delhi"}},"email":"maria.wright@example.com","login":{"uuid":"afdb8df4-df07-495c-8dc7-1d226909beaf","username":"heavybutterfly868","password":"royal","salt":"9bEJtXr2","md5":"11bd551265a68f5786ed3c55daaa88d8","sha1":"8de65b03143344b9a7bcccc7b6325161d5a45e7d","sha256":"a0c2bfefd3c9a7df79ade941e87e51de28c2584ee6b8705bf43b0549e31ae3e7"},"dob":{"date":"1954-08-14T10:21:34.926Z","age":69},"registered":{"date":"2005-09-13T04:32:00.536Z","age":18},"phone":"(505)-696-9958","cell":"(770)-864-3671","id":{"name":"","value":null},"picture":{"large":"https://randomuser.me/api/portraits/women/41.jpg","medium":"https://randomuser.me/api/portraits/med/women/41.jpg","thumbnail":"https://randomuser.me/api/portraits/thumb/women/41.jpg"},"nat":"NZ"}],"info":{"seed":"900f9cf7bad1cef0","results":1,"page":1,"version":"1.4"}} 
 </msg>
<msg time="2024-05-26T19:11:31.649170" level="INFO">/opt/hostedtoolcache/Python/3.12.3/x64/lib/python3.12/site-packages/urllib3/connectionpool.py:1103: InsecureRequestWarning: Unverified HTTPS request is being made to host 'randomuser.me'. Adding certificate verification is strongly advised. See: https://urllib3.readthedocs.io/en/latest/advanced-usage.html#tls-warnings
  warnings.warn(</msg>
<msg time="2024-05-26T19:11:31.649334" level="INFO">${response} = &lt;Response [200]&gt;</msg>
<var>${response}</var>
<arg>consultarAPI</arg>
<arg>/api</arg>
<doc>Sends a GET request on a previously created HTTP Session.</doc>
<status status="PASS" start="2024-05-26T19:11:31.409710" elapsed="0.239664"/>
</kw>
<kw name="Should Be Equal As Numbers" owner="BuiltIn">
<msg time="2024-05-26T19:11:31.650381" level="INFO">Argument types are:
&lt;class 'int'&gt;
&lt;class 'str'&gt;</msg>
<arg>${response.status_code}</arg>
<arg>200</arg>
<doc>Fails if objects are unequal after converting them to real numbers.</doc>
<status status="PASS" start="2024-05-26T19:11:31.649902" elapsed="0.000548"/>
</kw>
<kw name="Log" owner="BuiltIn">
<msg time="2024-05-26T19:11:31.651228" level="INFO">200</msg>
<arg>${response.status_code}</arg>
<doc>Logs the given message with the given level.</doc>
<status status="PASS" start="2024-05-26T19:11:31.650820" elapsed="0.000461"/>
</kw>
<kw name="Set Variable" owner="BuiltIn">
<msg time="2024-05-26T19:11:31.652041" level="INFO">${json_data} = {'results': [{'gender': 'female', 'name': {'title': 'Ms', 'first': 'Maria', 'last': 'Wright'}, 'location': {'street': {'number': 5022, 'name': 'Taharoto Road'}, 'city': 'Whanganui', 'state': "Hawke'S ...</msg>
<var>${json_data}</var>
<arg>${response.json()}</arg>
<doc>Returns the given values which can then be assigned to a variables.</doc>
<status status="PASS" start="2024-05-26T19:11:31.651600" elapsed="0.000481"/>
</kw>
<kw name="Dictionary Should Contain Key" owner="Collections">
<msg time="2024-05-26T19:11:31.652573" level="INFO">False</msg>
<arg>${json_data}</arg>
<arg>results</arg>
<doc>Fails if ``key`` is not found from ``dictionary``.</doc>
<status status="PASS" start="2024-05-26T19:11:31.652398" elapsed="0.000378"/>
</kw>
<status status="PASS" start="2024-05-26T19:11:31.409467" elapsed="0.243609"/>
</kw>
<doc>Testa se a API responde corretamente e retorna um objeto JSON válido.</doc>
<tag>testeRequisicaoBasica</tag>
<status status="PASS" start="2024-05-26T19:11:31.409009" elapsed="0.244298"/>
</test>
<test id="s1-s1-t3" name="Validar estrutura de resposta" line="22">
<kw name="Teste de Estrutura de Resposta" owner="random-user-service">
<kw name="GET On Session" owner="RequestsLibrary">
<msg time="2024-05-26T19:11:31.728187" level="INFO">GET Request : url=https://randomuser.me/api 
 path_url=/api 
 headers={'User-Agent': 'python-requests/2.32.2', 'Accept-Encoding': 'gzip, deflate', 'Accept': '*/*', 'Connection': 'keep-alive'} 
 body=None 
 </msg>
<msg time="2024-05-26T19:11:31.728273" level="INFO">GET Response : url=https://randomuser.me/api 
 status=200, reason=OK 
 headers={'Date': 'Sun, 26 May 2024 19:11:31 GMT', 'Content-Type': 'application/json; charset=utf-8', 'Transfer-Encoding': 'chunked', 'Connection': 'keep-alive', 'X-Powered-By': 'Express', 'Access-Control-Allow-Origin': '*', 'Cache-Control': 'no-cache', 'ETag': 'W/"47d-5zwIKrIEzpsJ8R7Ue4VNEQpmOZs"', 'Vary': 'Accept-Encoding', 'Content-Encoding': 'gzip', 'CF-Cache-Status': 'DYNAMIC', 'Report-To': '{"endpoints":[{"url":"https:\\/\\/a.nel.cloudflare.com\\/report\\/v4?s=jPt%2FB1S34rvtzuXeaN3ZUYgAUJX5sZBLnvLOM6D4pNoQjjOBrnG2GOfQFCGiwZKbr4lhzydOwqrDkNMsArPLld6jo0IKfjmMVtNwDNF0VNtzNA6Ne3X6IbDm3kawBiBa"}],"group":"cf-nel","max_age":604800}', 'NEL': '{"success_fraction":0,"report_to":"cf-nel","max_age":604800}', 'Server': 'cloudflare', 'CF-RAY': '88a0124eddcb8792-IAD', 'alt-svc': 'h3=":443"; ma=86400'} 
 body={"results":[{"gender":"female","name":{"title":"Ms","first":"Mestan","last":"Aydan"},"location":{"street":{"number":2384,"name":"Vatan Cd"},"city":"Uşak","state":"Bursa","country":"Turkey","postcode":12818,"coordinates":{"latitude":"67.9003","longitude":"149.1800"},"timezone":{"offset":"-1:00","description":"Azores, Cape Verde Islands"}},"email":"mestan.aydan@example.com","login":{"uuid":"92b63fc3-0947-494b-99f0-4596a4b2ec9a","username":"beautifulelephant433","password":"wolfman","salt":"MsDLqTeM","md5":"fa2774ea588a48cf61cdf4a4fe151092","sha1":"c50436b84ae38053a3c272cf061326c6792c02f5","sha256":"3ec636ac87da631901a85a44745430d8646bd422f4d2b2a9ac912b08a8ae2914"},"dob":{"date":"1977-12-04T06:07:22.230Z","age":46},"registered":{"date":"2010-10-17T00:35:55.541Z","age":13},"phone":"(271)-875-6045","cell":"(110)-239-6314","id":{"name":"","value":null},"picture":{"large":"https://randomuser.me/api/portraits/women/65.jpg","medium":"https://randomuser.me/api/portraits/med/women/65.jpg","thumbnail":"https://randomuser.me/api/portraits/thumb/women/65.jpg"},"nat":"TR"}],"info":{"seed":"436a51aab23906ae","results":1,"page":1,"version":"1.4"}} 
 </msg>
<msg time="2024-05-26T19:11:31.728385" level="INFO">/opt/hostedtoolcache/Python/3.12.3/x64/lib/python3.12/site-packages/urllib3/connectionpool.py:1103: InsecureRequestWarning: Unverified HTTPS request is being made to host 'randomuser.me'. Adding certificate verification is strongly advised. See: https://urllib3.readthedocs.io/en/latest/advanced-usage.html#tls-warnings
  warnings.warn(</msg>
<msg time="2024-05-26T19:11:31.728529" level="INFO">${response} = &lt;Response [200]&gt;</msg>
<var>${response}</var>
<arg>consultarAPI</arg>
<arg>/api</arg>
<doc>Sends a GET request on a previously created HTTP Session.</doc>
<status status="PASS" start="2024-05-26T19:11:31.655934" elapsed="0.072640"/>
</kw>
<kw name="Set Variable" owner="BuiltIn">
<msg time="2024-05-26T19:11:31.729480" level="INFO">${json_data} = {'results': [{'gender': 'female', 'name': {'title': 'Ms', 'first': 'Mestan', 'last': 'Aydan'}, 'location': {'street': {'number': 2384, 'name': 'Vatan Cd'}, 'city': 'Uşak', 'state': 'Bursa', 'country':...</msg>
<var>${json_data}</var>
<arg>${response.json()}</arg>
<doc>Returns the given values which can then be assigned to a variables.</doc>
<status status="PASS" start="2024-05-26T19:11:31.728983" elapsed="0.000528"/>
</kw>
<kw name="Log" owner="BuiltIn">
<msg time="2024-05-26T19:11:31.729988" level="INFO">{'results': [{'gender': 'female', 'name': {'title': 'Ms', 'first': 'Mestan', 'last': 'Aydan'}, 'location': {'street': {'number': 2384, 'name': 'Vatan Cd'}, 'city': 'Uşak', 'state': 'Bursa', 'country': 'Turkey', 'postcode': 12818, 'coordinates': {'latitude': '67.9003', 'longitude': '149.1800'}, 'timezone': {'offset': '-1:00', 'description': 'Azores, Cape Verde Islands'}}, 'email': 'mestan.aydan@example.com', 'login': {'uuid': '92b63fc3-0947-494b-99f0-4596a4b2ec9a', 'username': 'beautifulelephant433', 'password': 'wolfman', 'salt': 'MsDLqTeM', 'md5': 'fa2774ea588a48cf61cdf4a4fe151092', 'sha1': 'c50436b84ae38053a3c272cf061326c6792c02f5', 'sha256': '3ec636ac87da631901a85a44745430d8646bd422f4d2b2a9ac912b08a8ae2914'}, 'dob': {'date': '1977-12-04T06:07:22.230Z', 'age': 46}, 'registered': {'date': '2010-10-17T00:35:55.541Z', 'age': 13}, 'phone': '(271)-875-6045', 'cell': '(110)-239-6314', 'id': {'name': '', 'value': None}, 'picture': {'large': 'https://randomuser.me/api/portraits/women/65.jpg', 'medium': 'https://randomuser.me/api/portraits/med/women/65.jpg', 'thumbnail': 'https://randomuser.me/api/portraits/thumb/women/65.jpg'}, 'nat': 'TR'}], 'info': {'seed': '436a51aab23906ae', 'results': 1, 'page': 1, 'version': '1.4'}}</msg>
<arg>${json_data}</arg>
<doc>Logs the given message with the given level.</doc>
<status status="PASS" start="2024-05-26T19:11:31.729824" elapsed="0.000218"/>
</kw>
<kw name="Dictionary Should Contain Key" owner="Collections">
<msg time="2024-05-26T19:11:31.730501" level="INFO">False</msg>
<arg>${json_data}</arg>
<arg>results</arg>
<doc>Fails if ``key`` is not found from ``dictionary``.</doc>
<status status="PASS" start="2024-05-26T19:11:31.730345" elapsed="0.000193"/>
</kw>
<kw name="Should Not Be Empty" owner="BuiltIn">
<msg time="2024-05-26T19:11:31.730970" level="INFO">Length is 2.</msg>
<arg>${json_data}</arg>
<doc>Verifies that the given item is not empty.</doc>
<status status="PASS" start="2024-05-26T19:11:31.730831" elapsed="0.000179"/>
</kw>
<kw name="Create List" owner="BuiltIn">
<msg time="2024-05-26T19:11:31.731481" level="INFO">${expected_keys} = ['gender', 'name', 'location', 'email', 'login']</msg>
<var>${expected_keys}</var>
<arg>gender</arg>
<arg>name</arg>
<arg>location</arg>
<arg>email</arg>
<arg>login</arg>
<doc>Returns a list containing given items.</doc>
<status status="PASS" start="2024-05-26T19:11:31.731331" elapsed="0.000174"/>
</kw>
<for flavor="IN">
<iter>
<kw name="Dictionary Should Contain Key" owner="Collections">
<msg time="2024-05-26T19:11:31.732508" level="INFO">False</msg>
<arg>${json_data['results'][0]}</arg>
<arg>${key}</arg>
<doc>Fails if ``key`` is not found from ``dictionary``.</doc>
<status status="PASS" start="2024-05-26T19:11:31.732094" elapsed="0.000453"/>
</kw>
<kw name="Log" owner="BuiltIn">
<msg time="2024-05-26T19:11:31.733233" level="INFO">{'gender': 'female', 'name': {'title': 'Ms', 'first': 'Mestan', 'last': 'Aydan'}, 'location': {'street': {'number': 2384, 'name': 'Vatan Cd'}, 'city': 'Uşak', 'state': 'Bursa', 'country': 'Turkey', 'postcode': 12818, 'coordinates': {'latitude': '67.9003', 'longitude': '149.1800'}, 'timezone': {'offset': '-1:00', 'description': 'Azores, Cape Verde Islands'}}, 'email': 'mestan.aydan@example.com', 'login': {'uuid': '92b63fc3-0947-494b-99f0-4596a4b2ec9a', 'username': 'beautifulelephant433', 'password': 'wolfman', 'salt': 'MsDLqTeM', 'md5': 'fa2774ea588a48cf61cdf4a4fe151092', 'sha1': 'c50436b84ae38053a3c272cf061326c6792c02f5', 'sha256': '3ec636ac87da631901a85a44745430d8646bd422f4d2b2a9ac912b08a8ae2914'}, 'dob': {'date': '1977-12-04T06:07:22.230Z', 'age': 46}, 'registered': {'date': '2010-10-17T00:35:55.541Z', 'age': 13}, 'phone': '(271)-875-6045', 'cell': '(110)-239-6314', 'id': {'name': '', 'value': None}, 'picture': {'large': 'https://randomuser.me/api/portraits/women/65.jpg', 'medium': 'https://randomuser.me/api/portraits/med/women/65.jpg', 'thumbnail': 'https://randomuser.me/api/portraits/thumb/women/65.jpg'}, 'nat': 'TR'}</msg>
<arg>${json_data['results'][0]}</arg>
<doc>Logs the given message with the given level.</doc>
<status status="PASS" start="2024-05-26T19:11:31.732849" elapsed="0.000437"/>
</kw>
<kw name="Log" owner="BuiltIn">
<msg time="2024-05-26T19:11:31.733724" level="INFO">gender</msg>
<arg>${key}</arg>
<doc>Logs the given message with the given level.</doc>
<status status="PASS" start="2024-05-26T19:11:31.733593" elapsed="0.000168"/>
</kw>
<var name="${key}">gender</var>
<status status="PASS" start="2024-05-26T19:11:31.731970" elapsed="0.002008"/>
</iter>
<iter>
<kw name="Dictionary Should Contain Key" owner="Collections">
<msg time="2024-05-26T19:11:31.734670" level="INFO">False</msg>
<arg>${json_data['results'][0]}</arg>
<arg>${key}</arg>
<doc>Fails if ``key`` is not found from ``dictionary``.</doc>
<status status="PASS" start="2024-05-26T19:11:31.734279" elapsed="0.000428"/>
</kw>
<kw name="Log" owner="BuiltIn">
<msg time="2024-05-26T19:11:31.735424" level="INFO">{'gender': 'female', 'name': {'title': 'Ms', 'first': 'Mestan', 'last': 'Aydan'}, 'location': {'street': {'number': 2384, 'name': 'Vatan Cd'}, 'city': 'Uşak', 'state': 'Bursa', 'country': 'Turkey', 'postcode': 12818, 'coordinates': {'latitude': '67.9003', 'longitude': '149.1800'}, 'timezone': {'offset': '-1:00', 'description': 'Azores, Cape Verde Islands'}}, 'email': 'mestan.aydan@example.com', 'login': {'uuid': '92b63fc3-0947-494b-99f0-4596a4b2ec9a', 'username': 'beautifulelephant433', 'password': 'wolfman', 'salt': 'MsDLqTeM', 'md5': 'fa2774ea588a48cf61cdf4a4fe151092', 'sha1': 'c50436b84ae38053a3c272cf061326c6792c02f5', 'sha256': '3ec636ac87da631901a85a44745430d8646bd422f4d2b2a9ac912b08a8ae2914'}, 'dob': {'date': '1977-12-04T06:07:22.230Z', 'age': 46}, 'registered': {'date': '2010-10-17T00:35:55.541Z', 'age': 13}, 'phone': '(271)-875-6045', 'cell': '(110)-239-6314', 'id': {'name': '', 'value': None}, 'picture': {'large': 'https://randomuser.me/api/portraits/women/65.jpg', 'medium': 'https://randomuser.me/api/portraits/med/women/65.jpg', 'thumbnail': 'https://randomuser.me/api/portraits/thumb/women/65.jpg'}, 'nat': 'TR'}</msg>
<arg>${json_data['results'][0]}</arg>
<doc>Logs the given message with the given level.</doc>
<status status="PASS" start="2024-05-26T19:11:31.735032" elapsed="0.000454"/>
</kw>
<kw name="Log" owner="BuiltIn">
<msg time="2024-05-26T19:11:31.735921" level="INFO">name</msg>
<arg>${key}</arg>
<doc>Logs the given message with the given level.</doc>
<status status="PASS" start="2024-05-26T19:11:31.735788" elapsed="0.000172"/>
</kw>
<var name="${key}">name</var>
<status status="PASS" start="2024-05-26T19:11:31.734165" elapsed="0.002010"/>
</iter>
<iter>
<kw name="Dictionary Should Contain Key" owner="Collections">
<msg time="2024-05-26T19:11:31.736846" level="INFO">False</msg>
<arg>${json_data['results'][0]}</arg>
<arg>${key}</arg>
<doc>Fails if ``key`` is not found from ``dictionary``.</doc>
<status status="PASS" start="2024-05-26T19:11:31.736462" elapsed="0.000423"/>
</kw>
<kw name="Log" owner="BuiltIn">
<msg time="2024-05-26T19:11:31.737566" level="INFO">{'gender': 'female', 'name': {'title': 'Ms', 'first': 'Mestan', 'last': 'Aydan'}, 'location': {'street': {'number': 2384, 'name': 'Vatan Cd'}, 'city': 'Uşak', 'state': 'Bursa', 'country': 'Turkey', 'postcode': 12818, 'coordinates': {'latitude': '67.9003', 'longitude': '149.1800'}, 'timezone': {'offset': '-1:00', 'description': 'Azores, Cape Verde Islands'}}, 'email': 'mestan.aydan@example.com', 'login': {'uuid': '92b63fc3-0947-494b-99f0-4596a4b2ec9a', 'username': 'beautifulelephant433', 'password': 'wolfman', 'salt': 'MsDLqTeM', 'md5': 'fa2774ea588a48cf61cdf4a4fe151092', 'sha1': 'c50436b84ae38053a3c272cf061326c6792c02f5', 'sha256': '3ec636ac87da631901a85a44745430d8646bd422f4d2b2a9ac912b08a8ae2914'}, 'dob': {'date': '1977-12-04T06:07:22.230Z', 'age': 46}, 'registered': {'date': '2010-10-17T00:35:55.541Z', 'age': 13}, 'phone': '(271)-875-6045', 'cell': '(110)-239-6314', 'id': {'name': '', 'value': None}, 'picture': {'large': 'https://randomuser.me/api/portraits/women/65.jpg', 'medium': 'https://randomuser.me/api/portraits/med/women/65.jpg', 'thumbnail': 'https://randomuser.me/api/portraits/thumb/women/65.jpg'}, 'nat': 'TR'}</msg>
<arg>${json_data['results'][0]}</arg>
<doc>Logs the given message with the given level.</doc>
<status status="PASS" start="2024-05-26T19:11:31.737189" elapsed="0.000429"/>
</kw>
<kw name="Log" owner="BuiltIn">
<msg time="2024-05-26T19:11:31.738048" level="INFO">location</msg>
<arg>${key}</arg>
<doc>Logs the given message with the given level.</doc>
<status status="PASS" start="2024-05-26T19:11:31.737921" elapsed="0.000167"/>
</kw>
<var name="${key}">location</var>
<status status="PASS" start="2024-05-26T19:11:31.736351" elapsed="0.001955"/>
</iter>
<iter>
<kw name="Dictionary Should Contain Key" owner="Collections">
<msg time="2024-05-26T19:11:31.739080" level="INFO">False</msg>
<arg>${json_data['results'][0]}</arg>
<arg>${key}</arg>
<doc>Fails if ``key`` is not found from ``dictionary``.</doc>
<status status="PASS" start="2024-05-26T19:11:31.738588" elapsed="0.000552"/>
</kw>
<kw name="Log" owner="BuiltIn">
<msg time="2024-05-26T19:11:31.739814" level="INFO">{'gender': 'female', 'name': {'title': 'Ms', 'first': 'Mestan', 'last': 'Aydan'}, 'location': {'street': {'number': 2384, 'name': 'Vatan Cd'}, 'city': 'Uşak', 'state': 'Bursa', 'country': 'Turkey', 'postcode': 12818, 'coordinates': {'latitude': '67.9003', 'longitude': '149.1800'}, 'timezone': {'offset': '-1:00', 'description': 'Azores, Cape Verde Islands'}}, 'email': 'mestan.aydan@example.com', 'login': {'uuid': '92b63fc3-0947-494b-99f0-4596a4b2ec9a', 'username': 'beautifulelephant433', 'password': 'wolfman', 'salt': 'MsDLqTeM', 'md5': 'fa2774ea588a48cf61cdf4a4fe151092', 'sha1': 'c50436b84ae38053a3c272cf061326c6792c02f5', 'sha256': '3ec636ac87da631901a85a44745430d8646bd422f4d2b2a9ac912b08a8ae2914'}, 'dob': {'date': '1977-12-04T06:07:22.230Z', 'age': 46}, 'registered': {'date': '2010-10-17T00:35:55.541Z', 'age': 13}, 'phone': '(271)-875-6045', 'cell': '(110)-239-6314', 'id': {'name': '', 'value': None}, 'picture': {'large': 'https://randomuser.me/api/portraits/women/65.jpg', 'medium': 'https://randomuser.me/api/portraits/med/women/65.jpg', 'thumbnail': 'https://randomuser.me/api/portraits/thumb/women/65.jpg'}, 'nat': 'TR'}</msg>
<arg>${json_data['results'][0]}</arg>
<doc>Logs the given message with the given level.</doc>
<status status="PASS" start="2024-05-26T19:11:31.739448" elapsed="0.000420"/>
</kw>
<kw name="Log" owner="BuiltIn">
<msg time="2024-05-26T19:11:31.740300" level="INFO">email</msg>
<arg>${key}</arg>
<doc>Logs the given message with the given level.</doc>
<status status="PASS" start="2024-05-26T19:11:31.740169" elapsed="0.000168"/>
</kw>
<var name="${key}">email</var>
<status status="PASS" start="2024-05-26T19:11:31.738478" elapsed="0.002077"/>
</iter>
<iter>
<kw name="Dictionary Should Contain Key" owner="Collections">
<msg time="2024-05-26T19:11:31.741235" level="INFO">False</msg>
<arg>${json_data['results'][0]}</arg>
<arg>${key}</arg>
<doc>Fails if ``key`` is not found from ``dictionary``.</doc>
<status status="PASS" start="2024-05-26T19:11:31.740842" elapsed="0.000431"/>
</kw>
<kw name="Log" owner="BuiltIn">
<msg time="2024-05-26T19:11:31.741937" level="INFO">{'gender': 'female', 'name': {'title': 'Ms', 'first': 'Mestan', 'last': 'Aydan'}, 'location': {'street': {'number': 2384, 'name': 'Vatan Cd'}, 'city': 'Uşak', 'state': 'Bursa', 'country': 'Turkey', 'postcode': 12818, 'coordinates': {'latitude': '67.9003', 'longitude': '149.1800'}, 'timezone': {'offset': '-1:00', 'description': 'Azores, Cape Verde Islands'}}, 'email': 'mestan.aydan@example.com', 'login': {'uuid': '92b63fc3-0947-494b-99f0-4596a4b2ec9a', 'username': 'beautifulelephant433', 'password': 'wolfman', 'salt': 'MsDLqTeM', 'md5': 'fa2774ea588a48cf61cdf4a4fe151092', 'sha1': 'c50436b84ae38053a3c272cf061326c6792c02f5', 'sha256': '3ec636ac87da631901a85a44745430d8646bd422f4d2b2a9ac912b08a8ae2914'}, 'dob': {'date': '1977-12-04T06:07:22.230Z', 'age': 46}, 'registered': {'date': '2010-10-17T00:35:55.541Z', 'age': 13}, 'phone': '(271)-875-6045', 'cell': '(110)-239-6314', 'id': {'name': '', 'value': None}, 'picture': {'large': 'https://randomuser.me/api/portraits/women/65.jpg', 'medium': 'https://randomuser.me/api/portraits/med/women/65.jpg', 'thumbnail': 'https://randomuser.me/api/portraits/thumb/women/65.jpg'}, 'nat': 'TR'}</msg>
<arg>${json_data['results'][0]}</arg>
<doc>Logs the given message with the given level.</doc>
<status status="PASS" start="2024-05-26T19:11:31.741567" elapsed="0.000422"/>
</kw>
<kw name="Log" owner="BuiltIn">
<msg time="2024-05-26T19:11:31.742413" level="INFO">login</msg>
<arg>${key}</arg>
<doc>Logs the given message with the given level.</doc>
<status status="PASS" start="2024-05-26T19:11:31.742284" elapsed="0.000168"/>
</kw>
<var name="${key}">login</var>
<status status="PASS" start="2024-05-26T19:11:31.740731" elapsed="0.001936"/>
</iter>
<var>${key}</var>
<value>@{expected_keys}</value>
<status status="PASS" start="2024-05-26T19:11:31.731771" elapsed="0.011051"/>
</for>
<kw name="Create List" owner="BuiltIn">
<msg time="2024-05-26T19:11:31.743196" level="INFO">${expected_keysTwo} = ['username', 'password']</msg>
<var>${expected_keysTwo}</var>
<arg>username</arg>
<arg>password</arg>
<doc>Returns a list containing given items.</doc>
<status status="PASS" start="2024-05-26T19:11:31.743029" elapsed="0.000192"/>
</kw>
<for flavor="IN">
<iter>
<kw name="Dictionary Should Contain Key" owner="Collections">
<msg time="2024-05-26T19:11:31.744108" level="INFO">False</msg>
<arg>${json_data['results'][0]['login']}</arg>
<arg>${keyTwo}</arg>
<doc>Fails if ``key`` is not found from ``dictionary``.</doc>
<status status="PASS" start="2024-05-26T19:11:31.743722" elapsed="0.000425"/>
</kw>
<kw name="Dictionary Should Contain Key" owner="Collections">
<msg time="2024-05-26T19:11:31.744831" level="INFO">False</msg>
<arg>${json_data['results'][0]['login']}</arg>
<arg>${keyTwo}</arg>
<doc>Fails if ``key`` is not found from ``dictionary``.</doc>
<status status="PASS" start="2024-05-26T19:11:31.744444" elapsed="0.000425"/>
</kw>
<kw name="Log" owner="BuiltIn">
<msg time="2024-05-26T19:11:31.745290" level="INFO">username</msg>
<arg>${keyTwo}</arg>
<doc>Logs the given message with the given level.</doc>
<status status="PASS" start="2024-05-26T19:11:31.745162" elapsed="0.000166"/>
</kw>
<var name="${keyTwo}">username</var>
<status status="PASS" start="2024-05-26T19:11:31.743612" elapsed="0.001931"/>
</iter>
<iter>
<kw name="Dictionary Should Contain Key" owner="Collections">
<msg time="2024-05-26T19:11:31.746206" level="INFO">False</msg>
<arg>${json_data['results'][0]['login']}</arg>
<arg>${keyTwo}</arg>
<doc>Fails if ``key`` is not found from ``dictionary``.</doc>
<status status="PASS" start="2024-05-26T19:11:31.745827" elapsed="0.000416"/>
</kw>
<kw name="Dictionary Should Contain Key" owner="Collections">
<msg time="2024-05-26T19:11:31.746918" level="INFO">False</msg>
<arg>${json_data['results'][0]['login']}</arg>
<arg>${keyTwo}</arg>
<doc>Fails if ``key`` is not found from ``dictionary``.</doc>
<status status="PASS" start="2024-05-26T19:11:31.746536" elapsed="0.000419"/>
</kw>
<kw name="Log" owner="BuiltIn">
<msg time="2024-05-26T19:11:31.747399" level="INFO">password</msg>
<arg>${keyTwo}</arg>
<doc>Logs the given message with the given level.</doc>
<status status="PASS" start="2024-05-26T19:11:31.747271" elapsed="0.000166"/>
</kw>
<var name="${keyTwo}">password</var>
<status status="PASS" start="2024-05-26T19:11:31.745717" elapsed="0.001939"/>
</iter>
<var>${keyTwo}</var>
<value>@{expected_keysTwo}</value>
<status status="PASS" start="2024-05-26T19:11:31.743460" elapsed="0.004317"/>
</for>
<status status="PASS" start="2024-05-26T19:11:31.655693" elapsed="0.092222"/>
</kw>
<doc>Testa a estrutura da resposta da API.</doc>
<tag>testeEstruturaResposta</tag>
<status status="PASS" start="2024-05-26T19:11:31.655177" elapsed="0.092889"/>
</test>
<test id="s1-s1-t4" name="Validar tipos de dados" line="28">
<kw name="Teste de Tipos de Dados" owner="random-user-service">
<kw name="GET On Session" owner="RequestsLibrary">
<msg time="2024-05-26T19:11:31.835766" level="INFO">GET Request : url=https://randomuser.me/api 
 path_url=/api 
 headers={'User-Agent': 'python-requests/2.32.2', 'Accept-Encoding': 'gzip, deflate', 'Accept': '*/*', 'Connection': 'keep-alive'} 
 body=None 
 </msg>
<msg time="2024-05-26T19:11:31.835859" level="INFO">GET Response : url=https://randomuser.me/api 
 status=200, reason=OK 
 headers={'Date': 'Sun, 26 May 2024 19:11:31 GMT', 'Content-Type': 'application/json; charset=utf-8', 'Transfer-Encoding': 'chunked', 'Connection': 'keep-alive', 'X-Powered-By': 'Express', 'Access-Control-Allow-Origin': '*', 'Cache-Control': 'no-cache', 'ETag': 'W/"487-FRBGPRy/ByArGItvaYjv4GMv98I"', 'Vary': 'Accept-Encoding', 'Content-Encoding': 'gzip', 'CF-Cache-Status': 'DYNAMIC', 'Report-To': '{"endpoints":[{"url":"https:\\/\\/a.nel.cloudflare.com\\/report\\/v4?s=hgV66ekvzr88U%2BZcRxVCTQ5Mjsi8ssgS33K%2FkGFiANU%2FlJLf2pTnNXn9Jb5MeQSG0%2FZHhPx1OG09Fp%2BoKViEA8EJHGXWXtpANaxiId1BZTNdqFENH6DNxu1B%2BeIRAg8W"}],"group":"cf-nel","max_age":604800}', 'NEL': '{"success_fraction":0,"report_to":"cf-nel","max_age":604800}', 'Server': 'cloudflare', 'CF-RAY': '88a0124f7ea58792-IAD', 'alt-svc': 'h3=":443"; ma=86400'} 
 body={"results":[{"gender":"female","name":{"title":"Miss","first":"Amelia","last":"Novak"},"location":{"street":{"number":7493,"name":"Pine Rd"},"city":"Borden","state":"Northwest Territories","country":"Canada","postcode":"H8W 0I9","coordinates":{"latitude":"-70.1012","longitude":"165.2558"},"timezone":{"offset":"+5:45","description":"Kathmandu"}},"email":"amelia.novak@example.com","login":{"uuid":"1b0bbc17-e5cc-4868-bd20-80f652201576","username":"beautifulleopard103","password":"bobby1","salt":"vXXHBGSZ","md5":"198bf0fc22878349b59217737ea29403","sha1":"cc8e1961886b206e6be911d873a6f896649b4067","sha256":"61fd6631d631b5522cb539ee2b70915a25784a84733ca372c54cbc2e95a57482"},"dob":{"date":"2001-03-27T10:42:35.549Z","age":23},"registered":{"date":"2010-08-26T06:23:02.135Z","age":13},"phone":"E10 C34-3673","cell":"R10 R12-7727","id":{"name":"SIN","value":"182222935"},"picture":{"large":"https://randomuser.me/api/portraits/women/30.jpg","medium":"https://randomuser.me/api/portraits/med/women/30.jpg","thumbnail":"https://randomuser.me/api/portraits/thumb/women/30.jpg"},"nat":"CA"}],"info":{"seed":"854d2cc1db42b064","results":1,"page":1,"version":"1.4"}} 
 </msg>
<msg time="2024-05-26T19:11:31.835928" level="INFO">/opt/hostedtoolcache/Python/3.12.3/x64/lib/python3.12/site-packages/urllib3/connectionpool.py:1103: InsecureRequestWarning: Unverified HTTPS request is being made to host 'randomuser.me'. Adding certificate verification is strongly advised. See: https://urllib3.readthedocs.io/en/latest/advanced-usage.html#tls-warnings
  warnings.warn(</msg>
<msg time="2024-05-26T19:11:31.836046" level="INFO">${response} = &lt;Response [200]&gt;</msg>
<var>${response}</var>
<arg>consultarAPI</arg>
<arg>/api</arg>
<doc>Sends a GET request on a previously created HTTP Session.</doc>
<status status="PASS" start="2024-05-26T19:11:31.750593" elapsed="0.085494"/>
</kw>
<kw name="Set Variable" owner="BuiltIn">
<msg time="2024-05-26T19:11:31.837283" level="INFO">${json_data} = {'results': [{'gender': 'female', 'name': {'title': 'Miss', 'first': 'Amelia', 'last': 'Novak'}, 'location': {'street': {'number': 7493, 'name': 'Pine Rd'}, 'city': 'Borden', 'state': 'Northwest Terri...</msg>
<var>${json_data}</var>
<arg>${response.json()}</arg>
<doc>Returns the given values which can then be assigned to a variables.</doc>
<status status="PASS" start="2024-05-26T19:11:31.836704" elapsed="0.000608"/>
</kw>
<kw name="Log" owner="BuiltIn">
<msg time="2024-05-26T19:11:31.837789" level="INFO">{'results': [{'gender': 'female', 'name': {'title': 'Miss', 'first': 'Amelia', 'last': 'Novak'}, 'location': {'street': {'number': 7493, 'name': 'Pine Rd'}, 'city': 'Borden', 'state': 'Northwest Territories', 'country': 'Canada', 'postcode': 'H8W 0I9', 'coordinates': {'latitude': '-70.1012', 'longitude': '165.2558'}, 'timezone': {'offset': '+5:45', 'description': 'Kathmandu'}}, 'email': 'amelia.novak@example.com', 'login': {'uuid': '1b0bbc17-e5cc-4868-bd20-80f652201576', 'username': 'beautifulleopard103', 'password': 'bobby1', 'salt': 'vXXHBGSZ', 'md5': '198bf0fc22878349b59217737ea29403', 'sha1': 'cc8e1961886b206e6be911d873a6f896649b4067', 'sha256': '61fd6631d631b5522cb539ee2b70915a25784a84733ca372c54cbc2e95a57482'}, 'dob': {'date': '2001-03-27T10:42:35.549Z', 'age': 23}, 'registered': {'date': '2010-08-26T06:23:02.135Z', 'age': 13}, 'phone': 'E10 C34-3673', 'cell': 'R10 R12-7727', 'id': {'name': 'SIN', 'value': '182222935'}, 'picture': {'large': 'https://randomuser.me/api/portraits/women/30.jpg', 'medium': 'https://randomuser.me/api/portraits/med/women/30.jpg', 'thumbnail': 'https://randomuser.me/api/portraits/thumb/women/30.jpg'}, 'nat': 'CA'}], 'info': {'seed': '854d2cc1db42b064', 'results': 1, 'page': 1, 'version': '1.4'}}</msg>
<arg>${json_data}</arg>
<doc>Logs the given message with the given level.</doc>
<status status="PASS" start="2024-05-26T19:11:31.837629" elapsed="0.000248"/>
</kw>
<kw name="Should Be String" owner="String">
<arg>${json_data['results'][0]['gender']}</arg>
<doc>Fails if the given ``item`` is not a string.</doc>
<status status="PASS" start="2024-05-26T19:11:31.838192" elapsed="0.000377"/>
</kw>
<kw name="Should Match Regexp" owner="BuiltIn">
<arg>${json_data['results'][0]['email']}</arg>
<arg>^[a-zA-Z0-9._%+-]+@[a-zA-Z0-9.-]+\.[a-zA-Z]{2,}$</arg>
<doc>Fails if ``string`` does not match ``pattern`` as a regular expression.</doc>
<status status="PASS" start="2024-05-26T19:11:31.838764" elapsed="0.000731"/>
</kw>
<kw name="Should Match Regexp" owner="BuiltIn">
<arg>${json_data['results'][0]['dob']['date']}</arg>
<arg>\\d{4}-\\d{2}-\\d{2}T\\d{2}:\\d{2}:\\d{2}\\.\\d{3}Z</arg>
<doc>Fails if ``string`` does not match ``pattern`` as a regular expression.</doc>
<status status="PASS" start="2024-05-26T19:11:31.839700" elapsed="0.000494"/>
</kw>
<kw name="Should Match Regexp" owner="BuiltIn">
<arg>${json_data['results'][0]['registered']['date']}</arg>
<arg>\\d{4}-\\d{2}-\\d{2}T\\d{2}:\\d{2}:\\d{2}\\.\\d{3}Z</arg>
<doc>Fails if ``string`` does not match ``pattern`` as a regular expression.</doc>
<status status="PASS" start="2024-05-26T19:11:31.840388" elapsed="0.000364"/>
</kw>
<kw name="Should Match Regexp" owner="BuiltIn">
<arg>${json_data['results'][0]['picture']['large']}</arg>
<arg>^https?://.*\.(?:png|jpe?g|gif|bmp)$</arg>
<doc>Fails if ``string`` does not match ``pattern`` as a regular expression.</doc>
<status status="PASS" start="2024-05-26T19:11:31.840937" elapsed="0.000458"/>
</kw>
<kw name="Should Match Regexp" owner="BuiltIn">
<arg>${json_data['results'][0]['picture']['medium']}</arg>
<arg>^https?://.*\.(?:png|jpe?g|gif|bmp)$</arg>
<doc>Fails if ``string`` does not match ``pattern`` as a regular expression.</doc>
<status status="PASS" start="2024-05-26T19:11:31.841583" elapsed="0.000351"/>
</kw>
<kw name="Should Match Regexp" owner="BuiltIn">
<arg>${json_data['results'][0]['picture']['thumbnail']}</arg>
<arg>^https?://.*\.(?:png|jpe?g|gif|bmp)$</arg>
<doc>Fails if ``string`` does not match ``pattern`` as a regular expression.</doc>
<status status="PASS" start="2024-05-26T19:11:31.842120" elapsed="0.000349"/>
</kw>
<kw name="Log" owner="BuiltIn">
<msg time="2024-05-26T19:11:31.842975" level="INFO">{'large': 'https://randomuser.me/api/portraits/women/30.jpg', 'medium': 'https://randomuser.me/api/portraits/med/women/30.jpg', 'thumbnail': 'https://randomuser.me/api/portraits/thumb/women/30.jpg'}</msg>
<arg>${json_data['results'][0]['picture']}</arg>
<doc>Logs the given message with the given level.</doc>
<status status="PASS" start="2024-05-26T19:11:31.842651" elapsed="0.000366"/>
</kw>
<status status="PASS" start="2024-05-26T19:11:31.750361" elapsed="0.092948"/>
</kw>
<kw name="Teste de Tipos de Dados - Postcode" owner="random-user-service">
<kw name="GET On Session" owner="RequestsLibrary">
<msg time="2024-05-26T19:11:31.940924" level="INFO">GET Request : url=https://randomuser.me/api 
 path_url=/api 
 headers={'User-Agent': 'python-requests/2.32.2', 'Accept-Encoding': 'gzip, deflate', 'Accept': '*/*', 'Connection': 'keep-alive'} 
 body=None 
 </msg>
<msg time="2024-05-26T19:11:31.941031" level="INFO">GET Response : url=https://randomuser.me/api 
 status=200, reason=OK 
 headers={'Date': 'Sun, 26 May 2024 19:11:31 GMT', 'Content-Type': 'application/json; charset=utf-8', 'Transfer-Encoding': 'chunked', 'Connection': 'keep-alive', 'X-Powered-By': 'Express', 'Access-Control-Allow-Origin': '*', 'Cache-Control': 'no-cache', 'ETag': 'W/"49e-aVeP30yAet8t9zbYPTmJ5eaykP8"', 'Vary': 'Accept-Encoding', 'Content-Encoding': 'gzip', 'CF-Cache-Status': 'DYNAMIC', 'Report-To': '{"endpoints":[{"url":"https:\\/\\/a.nel.cloudflare.com\\/report\\/v4?s=T3QwRT%2FqHP1VZnM%2BpTlEU5keWJxq0H6u6ihE2ruLgtYWLXd0CJORYLy%2F1NY6wdDGFgEqZYsnfigC2HN0q0sNK1bEFoE8nmoE0iJ6U%2F7HKNwwldH8Va12rp%2BZWYgKr6Hs"}],"group":"cf-nel","max_age":604800}', 'NEL': '{"success_fraction":0,"report_to":"cf-nel","max_age":604800}', 'Server': 'cloudflare', 'CF-RAY': '88a012500f828792-IAD', 'alt-svc': 'h3=":443"; ma=86400'} 
 body={"results":[{"gender":"male","name":{"title":"Mr","first":"Jimi","last":"Niemi"},"location":{"street":{"number":4256,"name":"Myllypuronkatu"},"city":"Loviisa","state":"Päijät-Häme","country":"Finland","postcode":17531,"coordinates":{"latitude":"-25.1290","longitude":"-141.1204"},"timezone":{"offset":"+5:00","description":"Ekaterinburg, Islamabad, Karachi, Tashkent"}},"email":"jimi.niemi@example.com","login":{"uuid":"5ab67791-925e-4275-bb18-d25cd6e09cb0","username":"beautifullion870","password":"qawsed","salt":"Kjw3iEum","md5":"910c786dd4750a24f3d7e59405206a9a","sha1":"a4526291e72693133ec6440b678c2fbb18dfdd31","sha256":"c51c65eb20c811653828174dccb3aaa0a6347522a93ea4c92f168d438a535e4a"},"dob":{"date":"1954-06-10T23:02:22.388Z","age":69},"registered":{"date":"2009-08-26T22:50:04.145Z","age":14},"phone":"08-490-677","cell":"040-650-23-02","id":{"name":"HETU","value":"NaNNA283undefined"},"picture":{"large":"https://randomuser.me/api/portraits/men/80.jpg","medium":"https://randomuser.me/api/portraits/med/men/80.jpg","thumbnail":"https://randomuser.me/api/portraits/thumb/men/80.jpg"},"nat":"FI"}],"info":{"seed":"d27734dd42f88e7c","results":1,"page":1,"version":"1.4"}} 
 </msg>
<msg time="2024-05-26T19:11:31.941107" level="INFO">/opt/hostedtoolcache/Python/3.12.3/x64/lib/python3.12/site-packages/urllib3/connectionpool.py:1103: InsecureRequestWarning: Unverified HTTPS request is being made to host 'randomuser.me'. Adding certificate verification is strongly advised. See: https://urllib3.readthedocs.io/en/latest/advanced-usage.html#tls-warnings
  warnings.warn(</msg>
<msg time="2024-05-26T19:11:31.941239" level="INFO">${response} = &lt;Response [200]&gt;</msg>
<var>${response}</var>
<arg>consultarAPI</arg>
<arg>/api</arg>
<doc>Sends a GET request on a previously created HTTP Session.</doc>
<status status="PASS" start="2024-05-26T19:11:31.843781" elapsed="0.097496"/>
</kw>
<kw name="Set Variable" owner="BuiltIn">
<msg time="2024-05-26T19:11:31.942448" level="INFO">${json_data} = {'results': [{'gender': 'male', 'name': {'title': 'Mr', 'first': 'Jimi', 'last': 'Niemi'}, 'location': {'street': {'number': 4256, 'name': 'Myllypuronkatu'}, 'city': 'Loviisa', 'state': 'Päijät-Häme',...</msg>
<var>${json_data}</var>
<arg>${response.json()}</arg>
<doc>Returns the given values which can then be assigned to a variables.</doc>
<status status="PASS" start="2024-05-26T19:11:31.941884" elapsed="0.000595"/>
</kw>
<kw name="Log" owner="BuiltIn">
<msg time="2024-05-26T19:11:31.942941" level="INFO">{'results': [{'gender': 'male', 'name': {'title': 'Mr', 'first': 'Jimi', 'last': 'Niemi'}, 'location': {'street': {'number': 4256, 'name': 'Myllypuronkatu'}, 'city': 'Loviisa', 'state': 'Päijät-Häme', 'country': 'Finland', 'postcode': 17531, 'coordinates': {'latitude': '-25.1290', 'longitude': '-141.1204'}, 'timezone': {'offset': '+5:00', 'description': 'Ekaterinburg, Islamabad, Karachi, Tashkent'}}, 'email': 'jimi.niemi@example.com', 'login': {'uuid': '5ab67791-925e-4275-bb18-d25cd6e09cb0', 'username': 'beautifullion870', 'password': 'qawsed', 'salt': 'Kjw3iEum', 'md5': '910c786dd4750a24f3d7e59405206a9a', 'sha1': 'a4526291e72693133ec6440b678c2fbb18dfdd31', 'sha256': 'c51c65eb20c811653828174dccb3aaa0a6347522a93ea4c92f168d438a535e4a'}, 'dob': {'date': '1954-06-10T23:02:22.388Z', 'age': 69}, 'registered': {'date': '2009-08-26T22:50:04.145Z', 'age': 14}, 'phone': '08-490-677', 'cell': '040-650-23-02', 'id': {'name': 'HETU', 'value': 'NaNNA283undefined'}, 'picture': {'large': 'https://randomuser.me/api/portraits/men/80.jpg', 'medium': 'https://randomuser.me/api/portraits/med/men/80.jpg', 'thumbnail': 'https://randomuser.me/api/portraits/thumb/men/80.jpg'}, 'nat': 'FI'}], 'info': {'seed': 'd27734dd42f88e7c', 'results': 1, 'page': 1, 'version': '1.4'}}</msg>
<arg>${json_data}</arg>
<doc>Logs the given message with the given level.</doc>
<status status="PASS" start="2024-05-26T19:11:31.942783" elapsed="0.000243"/>
</kw>
<kw name="Should Be Equal As Numbers" owner="BuiltIn">
<arg>${json_data['results'][0]['location']['postcode']}</arg>
<arg>${json_data['results'][0]['location']['postcode']}</arg>
<doc>Fails if objects are unequal after converting them to real numbers.</doc>
<status status="PASS" start="2024-05-26T19:11:31.943362" elapsed="0.000624"/>
</kw>
<kw name="Log" owner="BuiltIn">
<msg time="2024-05-26T19:11:31.944521" level="INFO">17531</msg>
<arg>${json_data['results'][0]['location']['postcode']}</arg>
<doc>Logs the given message with the given level.</doc>
<status status="PASS" start="2024-05-26T19:11:31.944181" elapsed="0.000381"/>
</kw>
<status status="PASS" start="2024-05-26T19:11:31.843542" elapsed="0.101276"/>
</kw>
<doc>Testa se os tipos de dados na resposta da API estão corretos.</doc>
<tag>testeTiposDados</tag>
<status status="PASS" start="2024-05-26T19:11:31.749820" elapsed="0.195168"/>
</test>
<test id="s1-s1-t5" name="Validar conteudo" line="35">
<kw name="Teste de Tipos de Conteudo" owner="random-user-service">
<kw name="GET On Session" owner="RequestsLibrary">
<msg time="2024-05-26T19:11:32.030975" level="INFO">GET Request : url=https://randomuser.me/api 
 path_url=/api 
 headers={'User-Agent': 'python-requests/2.32.2', 'Accept-Encoding': 'gzip, deflate', 'Accept': '*/*', 'Connection': 'keep-alive'} 
 body=None 
 </msg>
<msg time="2024-05-26T19:11:32.031075" level="INFO">GET Response : url=https://randomuser.me/api 
 status=200, reason=OK 
 headers={'Date': 'Sun, 26 May 2024 19:11:32 GMT', 'Content-Type': 'application/json; charset=utf-8', 'Transfer-Encoding': 'chunked', 'Connection': 'keep-alive', 'X-Powered-By': 'Express', 'Access-Control-Allow-Origin': '*', 'Cache-Control': 'no-cache', 'ETag': 'W/"475-5gOgYgF7SqW9/3jA8cbC0nwicSM"', 'Vary': 'Accept-Encoding', 'Content-Encoding': 'gzip', 'CF-Cache-Status': 'DYNAMIC', 'Report-To': '{"endpoints":[{"url":"https:\\/\\/a.nel.cloudflare.com\\/report\\/v4?s=FpdhC%2BhekRckPYrfNcs6Acdes51FjcxNT9%2BGQAvDuGOQdiTHZPj67qsTCVR4OJBBud%2FGMWExtG8eZZ154sGjisRze9PBRmvSexHLrwzeyo209vI2oi2WNXfvFvwjBL2G"}],"group":"cf-nel","max_age":604800}', 'NEL': '{"success_fraction":0,"report_to":"cf-nel","max_age":604800}', 'Server': 'cloudflare', 'CF-RAY': '88a01250b8458792-IAD', 'alt-svc': 'h3=":443"; ma=86400'} 
 body={"results":[{"gender":"male","name":{"title":"Mr","first":"Ranbir","last":"Kumari"},"location":{"street":{"number":2913,"name":"Ranganathan St"},"city":"Hindupur","state":"Jammu and Kashmir","country":"India","postcode":54361,"coordinates":{"latitude":"9.3809","longitude":"-10.1464"},"timezone":{"offset":"-9:00","description":"Alaska"}},"email":"ranbir.kumari@example.com","login":{"uuid":"b714b567-c16b-431c-bf5e-454f23c4321b","username":"goldentiger364","password":"wwwww","salt":"XhySmfWR","md5":"57b5ecf5dc1750eb43678f3d719072e1","sha1":"d46573d7d1cf3daca8b9951af45a95ca750482a2","sha256":"4c7d6a3afba9938a6a09ae1a087dbd7cd556a712340d9b3d1ed872c6df748f1f"},"dob":{"date":"1964-10-04T11:35:23.902Z","age":59},"registered":{"date":"2008-03-19T23:57:03.229Z","age":16},"phone":"7272210777","cell":"7743533072","id":{"name":"UIDAI","value":"684555005953"},"picture":{"large":"https://randomuser.me/api/portraits/men/98.jpg","medium":"https://randomuser.me/api/portraits/med/men/98.jpg","thumbnail":"https://randomuser.me/api/portraits/thumb/men/98.jpg"},"nat":"IN"}],"info":{"seed":"ee881304185b36eb","results":1,"page":1,"version":"1.4"}} 
 </msg>
<msg time="2024-05-26T19:11:32.031167" level="INFO">/opt/hostedtoolcache/Python/3.12.3/x64/lib/python3.12/site-packages/urllib3/connectionpool.py:1103: InsecureRequestWarning: Unverified HTTPS request is being made to host 'randomuser.me'. Adding certificate verification is strongly advised. See: https://urllib3.readthedocs.io/en/latest/advanced-usage.html#tls-warnings
  warnings.warn(</msg>
<msg time="2024-05-26T19:11:32.031282" level="INFO">${response} = &lt;Response [200]&gt;</msg>
<var>${response}</var>
<arg>consultarAPI</arg>
<arg>/api</arg>
<doc>Sends a GET request on a previously created HTTP Session.</doc>
<status status="PASS" start="2024-05-26T19:11:31.947529" elapsed="0.083791"/>
</kw>
<kw name="Set Variable" owner="BuiltIn">
<msg time="2024-05-26T19:11:32.032373" level="INFO">${json_data} = {'results': [{'gender': 'male', 'name': {'title': 'Mr', 'first': 'Ranbir', 'last': 'Kumari'}, 'location': {'street': {'number': 2913, 'name': 'Ranganathan St'}, 'city': 'Hindupur', 'state': 'Jammu and...</msg>
<var>${json_data}</var>
<arg>${response.json()}</arg>
<doc>Returns the given values which can then be assigned to a variables.</doc>
<status status="PASS" start="2024-05-26T19:11:32.031834" elapsed="0.000567"/>
</kw>
<kw name="Set Variable" owner="BuiltIn">
<msg time="2024-05-26T19:11:32.033097" level="INFO">${name_title} = Mr</msg>
<var>${name_title}</var>
<arg>${json_data["results"][0]["name"]["title"]}</arg>
<doc>Returns the given values which can then be assigned to a variables.</doc>
<status status="PASS" start="2024-05-26T19:11:32.032707" elapsed="0.000415"/>
</kw>
<kw name="Create List" owner="BuiltIn">
<msg time="2024-05-26T19:11:32.033570" level="INFO">${allowed_titles} = ['Mr', 'Ms', 'Miss', 'Mrs', 'Madame', 'Monsieur']</msg>
<var>${allowed_titles}</var>
<arg>Mr</arg>
<arg>Ms</arg>
<arg>Miss</arg>
<arg>Mrs</arg>
<arg>Madame</arg>
<arg>Monsieur</arg>
<doc>Returns a list containing given items.</doc>
<status status="PASS" start="2024-05-26T19:11:32.033422" elapsed="0.000173"/>
</kw>
<kw name="List Should Contain Value" owner="Collections">
<msg time="2024-05-26T19:11:32.034082" level="INFO">False</msg>
<arg>${allowed_titles}</arg>
<arg>${name_title}</arg>
<doc>Fails if the ``value`` is not found from ``list``.</doc>
<status status="PASS" start="2024-05-26T19:11:32.033900" elapsed="0.000221"/>
</kw>
<kw name="Set Variable" owner="BuiltIn">
<msg time="2024-05-26T19:11:32.034983" level="INFO">${name_country} = IN</msg>
<var>${name_country}</var>
<arg>${json_data["results"][0]["nat"]}</arg>
<doc>Returns the given values which can then be assigned to a variables.</doc>
<status status="PASS" start="2024-05-26T19:11:32.034423" elapsed="0.000586"/>
</kw>
<kw name="Create List" owner="BuiltIn">
<msg time="2024-05-26T19:11:32.035948" level="INFO">${list_country} = ['AD', 'AE', 'AF', 'AG', 'AI', 'AL', 'AM', 'AO', 'AQ', 'AR', 'AS', 'AT', 'AU', 'AW', 'AX', 'AZ', 'BA', 'BB', 'BD', 'BE', 'BF', 'BG', 'BH', 'BI', 'BJ', 'BL', 'BM', 'BN', 'BO', 'BQ', 'BR', 'BS', 'BT', '...</msg>
<var>${list_country}</var>
<arg>AD</arg>
<arg>AE</arg>
<arg>AF</arg>
<arg>AG</arg>
<arg>AI</arg>
<arg>AL</arg>
<arg>AM</arg>
<arg>AO</arg>
<arg>AQ</arg>
<arg>AR</arg>
<arg>AS</arg>
<arg>AT</arg>
<arg>AU</arg>
<arg>AW</arg>
<arg>AX</arg>
<arg>AZ</arg>
<arg>BA</arg>
<arg>BB</arg>
<arg>BD</arg>
<arg>BE</arg>
<arg>BF</arg>
<arg>BG</arg>
<arg>BH</arg>
<arg>BI</arg>
<arg>BJ</arg>
<arg>BL</arg>
<arg>BM</arg>
<arg>BN</arg>
<arg>BO</arg>
<arg>BQ</arg>
<arg>BR</arg>
<arg>BS</arg>
<arg>BT</arg>
<arg>BV</arg>
<arg>BW</arg>
<arg>BY</arg>
<arg>BZ</arg>
<arg>CA</arg>
<arg>CC</arg>
<arg>CD</arg>
<arg>CF</arg>
<arg>CG</arg>
<arg>CH</arg>
<arg>CI</arg>
<arg>CK</arg>
<arg>CL</arg>
<arg>CM</arg>
<arg>CN</arg>
<arg>CO</arg>
<arg>CR</arg>
<arg>CU</arg>
<arg>CV</arg>
<arg>CW</arg>
<arg>CX</arg>
<arg>CY</arg>
<arg>CZ</arg>
<arg>DE</arg>
<arg>DJ</arg>
<arg>DK</arg>
<arg>DM</arg>
<arg>DO</arg>
<arg>DZ</arg>
<arg>EC</arg>
<arg>EE</arg>
<arg>EG</arg>
<arg>EH</arg>
<arg>ER</arg>
<arg>ES</arg>
<arg>ET</arg>
<arg>FI</arg>
<arg>FJ</arg>
<arg>FK</arg>
<arg>FM</arg>
<arg>FO</arg>
<arg>FR</arg>
<arg>GA</arg>
<arg>GB</arg>
<arg>GD</arg>
<arg>GE</arg>
<arg>GF</arg>
<arg>GG</arg>
<arg>GH</arg>
<arg>GI</arg>
<arg>GL</arg>
<arg>GM</arg>
<arg>GN</arg>
<arg>GP</arg>
<arg>GQ</arg>
<arg>GR</arg>
<arg>GS</arg>
<arg>GT</arg>
<arg>GU</arg>
<arg>GW</arg>
<arg>GY</arg>
<arg>HK</arg>
<arg>HM</arg>
<arg>HN</arg>
<arg>HR</arg>
<arg>HT</arg>
<arg>HU</arg>
<arg>ID</arg>
<arg>IE</arg>
<arg>IL</arg>
<arg>IM</arg>
<arg>IN</arg>
<arg>IO</arg>
<arg>IQ</arg>
<arg>IR</arg>
<arg>IS</arg>
<arg>IT</arg>
<arg>JE</arg>
<arg>JM</arg>
<arg>JO</arg>
<arg>JP</arg>
<arg>KE</arg>
<arg>KG</arg>
<arg>KH</arg>
<arg>KI</arg>
<arg>KM</arg>
<arg>KN</arg>
<arg>KP</arg>
<arg>KR</arg>
<arg>KW</arg>
<arg>KY</arg>
<arg>KZ</arg>
<arg>LA</arg>
<arg>LB</arg>
<arg>LC</arg>
<arg>LI</arg>
<arg>LK</arg>
<arg>LR</arg>
<arg>LS</arg>
<arg>LT</arg>
<arg>LU</arg>
<arg>LV</arg>
<arg>LY</arg>
<arg>MA</arg>
<arg>MC</arg>
<arg>MD</arg>
<arg>ME</arg>
<arg>MF</arg>
<arg>MG</arg>
<arg>MH</arg>
<arg>MK</arg>
<arg>ML</arg>
<arg>MM</arg>
<arg>MN</arg>
<arg>MO</arg>
<arg>MP</arg>
<arg>MQ</arg>
<arg>MR</arg>
<arg>MS</arg>
<arg>MT</arg>
<arg>MU</arg>
<arg>MV</arg>
<arg>MW</arg>
<arg>MX</arg>
<arg>MY</arg>
<arg>MZ</arg>
<arg>NA</arg>
<arg>NC</arg>
<arg>NE</arg>
<arg>NF</arg>
<arg>NG</arg>
<arg>NI</arg>
<arg>NL</arg>
<arg>NO</arg>
<arg>NP</arg>
<arg>NR</arg>
<arg>NU</arg>
<arg>NZ</arg>
<arg>OM</arg>
<arg>PA</arg>
<arg>PE</arg>
<arg>PF</arg>
<arg>PG</arg>
<arg>PH</arg>
<arg>PK</arg>
<arg>PL</arg>
<arg>PM</arg>
<arg>PN</arg>
<arg>PR</arg>
<arg>PS</arg>
<arg>PT</arg>
<arg>PW</arg>
<arg>PY</arg>
<arg>QA</arg>
<arg>RE</arg>
<arg>RO</arg>
<arg>RS</arg>
<arg>RU</arg>
<arg>RW</arg>
<arg>SA</arg>
<arg>SB</arg>
<arg>SC</arg>
<arg>SD</arg>
<arg>SE</arg>
<arg>SG</arg>
<arg>SH</arg>
<arg>SI</arg>
<arg>SJ</arg>
<arg>SK</arg>
<arg>SL</arg>
<arg>SM</arg>
<arg>SN</arg>
<arg>SO</arg>
<arg>SR</arg>
<arg>SS</arg>
<arg>ST</arg>
<arg>SV</arg>
<arg>SX</arg>
<arg>SY</arg>
<arg>SZ</arg>
<arg>TC</arg>
<arg>TD</arg>
<arg>TF</arg>
<arg>TG</arg>
<arg>TH</arg>
<arg>TJ</arg>
<arg>TK</arg>
<arg>TL</arg>
<arg>TM</arg>
<arg>TN</arg>
<arg>TO</arg>
<arg>TR</arg>
<arg>TT</arg>
<arg>TV</arg>
<arg>TW</arg>
<arg>TZ</arg>
<arg>UA</arg>
<arg>UG</arg>
<arg>UM</arg>
<arg>US</arg>
<arg>UY</arg>
<arg>UZ</arg>
<arg>VA</arg>
<arg>VC</arg>
<arg>VE</arg>
<arg>VG</arg>
<arg>VI</arg>
<arg>VN</arg>
<arg>VU</arg>
<arg>WF</arg>
<arg>WS</arg>
<arg>XK</arg>
<arg>YE</arg>
<arg>YT</arg>
<arg>ZA</arg>
<arg>ZM</arg>
<arg>ZW</arg>
<doc>Returns a list containing given items.</doc>
<status status="PASS" start="2024-05-26T19:11:32.035352" elapsed="0.000622"/>
</kw>
<kw name="List Should Contain Value" owner="Collections">
<msg time="2024-05-26T19:11:32.036960" level="INFO">False</msg>
<arg>${list_country}</arg>
<arg>${name_country}</arg>
<doc>Fails if the ``value`` is not found from ``list``.</doc>
<status status="PASS" start="2024-05-26T19:11:32.036757" elapsed="0.000239"/>
</kw>
<kw name="Run Keyword If" owner="BuiltIn">
<kw name="Should Be True" owner="BuiltIn">
<arg>${True}</arg>
<doc>Fails if the given condition is not true.</doc>
<status status="PASS" start="2024-05-26T19:11:32.038065" elapsed="0.000146"/>
</kw>
<arg>${json_data["results"][0]["location"]["coordinates"]["latitude"]} &gt;= -90 and ${json_data["results"][0]["location"]["coordinates"]["latitude"]} &lt;= 90</arg>
<arg>Should Be True</arg>
<arg>${True}</arg>
<doc>Runs the given keyword with the given arguments, if ``condition`` is true.</doc>
<status status="PASS" start="2024-05-26T19:11:32.037312" elapsed="0.001026"/>
</kw>
<kw name="Run Keyword If" owner="BuiltIn">
<kw name="Should Be True" owner="BuiltIn">
<arg>${True}</arg>
<doc>Fails if the given condition is not true.</doc>
<status status="PASS" start="2024-05-26T19:11:32.039241" elapsed="0.000143"/>
</kw>
<arg>${json_data["results"][0]["location"]["coordinates"]["longitude"]} &gt;= -180 and ${json_data["results"][0]["location"]["coordinates"]["longitude"]} &lt;= 180</arg>
<arg>Should Be True</arg>
<arg>${True}</arg>
<doc>Runs the given keyword with the given arguments, if ``condition`` is true.</doc>
<status status="PASS" start="2024-05-26T19:11:32.038523" elapsed="0.000984"/>
</kw>
<status status="PASS" start="2024-05-26T19:11:31.947300" elapsed="0.092334"/>
</kw>
<doc>Testa o conteúdo específico dos campos retornados pela API.</doc>
<tag>testeConteudo</tag>
<status status="PASS" start="2024-05-26T19:11:31.946736" elapsed="0.093042"/>
</test>
<status status="PASS" start="2024-05-26T19:11:31.058808" elapsed="0.982938"/>
</suite>
<status status="PASS" start="2024-05-26T19:11:31.045278" elapsed="1.001624"/>
</suite>
<statistics>
<total>
<stat pass="5" fail="0" skip="0">All Tests</stat>
</total>
<tag>
<stat pass="1" fail="0" skip="0">testeConteudo</stat>
<stat pass="1" fail="0" skip="0">testeEstruturaResposta</stat>
<stat pass="1" fail="0" skip="0">testeRequisicaoBasica</stat>
<stat pass="1" fail="0" skip="0">testeTiposDados</stat>
</tag>
<suite>
<stat pass="5" fail="0" skip="0" id="s1" name="Tests">Tests</stat>
<stat pass="5" fail="0" skip="0" id="s1-s1" name="Random-User-Test">Tests.Random-User-Test</stat>
</suite>
</statistics>
<errors>
</errors>
</robot>
