<?xml version="1.0" encoding="UTF-8"?>
<robot generator="Robot 7.0.1 (Python 3.12.4 on linux)" generated="2024-06-21T13:17:21.989369" rpa="false" schemaversion="5">
<suite id="s1" name="Tests" source="/home/runner/work/ApiRandomUser/ApiRandomUser/RamdonUser/tests">
<suite id="s1-s1" name="Random-User-Test" source="/home/runner/work/ApiRandomUser/ApiRandomUser/RamdonUser/tests/random-user-test.robot">
<test id="s1-s1-t1" name="Conectar" line="13">
<kw name="Conectar API" owner="random-user-service">
<kw name="Create Session" owner="RequestsLibrary">
<msg time="2024-06-21T13:17:22.407881" level="INFO">Creating Session using : alias=consultarAPI, url=https://randomuser.me/, headers={},                     cookies={}, auth=None, timeout=None, proxies=None, verify=False,                     debug=0 </msg>
<arg>consultarAPI</arg>
<arg>${URL}</arg>
<doc>Create Session: create a HTTP session to a server</doc>
<status status="PASS" start="2024-06-21T13:17:22.407676" elapsed="0.000387"/>
</kw>
<status status="PASS" start="2024-06-21T13:17:22.406696" elapsed="0.001728"/>
</kw>
<status status="PASS" start="2024-06-21T13:17:22.406002" elapsed="0.002614"/>
</test>
<test id="s1-s1-t2" name="Validar retorno 200 e JSON Válido" line="16">
<kw name="Teste de Requisicao Basica" owner="random-user-service">
<kw name="GET On Session" owner="RequestsLibrary">
<msg time="2024-06-21T13:17:22.510004" level="INFO">GET Request : url=https://randomuser.me/api 
 path_url=/api 
 headers={'User-Agent': 'python-requests/2.32.3', 'Accept-Encoding': 'gzip, deflate', 'Accept': '*/*', 'Connection': 'keep-alive'} 
 body=None 
 </msg>
<msg time="2024-06-21T13:17:22.510199" level="INFO">GET Response : url=https://randomuser.me/api 
 status=200, reason=OK 
 headers={'Date': 'Fri, 21 Jun 2024 13:17:22 GMT', 'Content-Type': 'application/json; charset=utf-8', 'Transfer-Encoding': 'chunked', 'Connection': 'keep-alive', 'X-Powered-By': 'Express', 'Access-Control-Allow-Origin': '*', 'Cache-Control': 'no-cache', 'ETag': 'W/"481-d/rb2qVfvg/11z1Zlt0/MQrVcvQ"', 'Vary': 'Accept-Encoding', 'Content-Encoding': 'gzip', 'CF-Cache-Status': 'DYNAMIC', 'Report-To': '{"endpoints":[{"url":"https:\\/\\/a.nel.cloudflare.com\\/report\\/v4?s=Ue2x5UWBY9K%2Bo9aoEhDjS64C84pFD%2FBUcftLDCvRYJZyTZwFgS1pymsSeiFie%2Bh2hAnHcOvknL2%2FcsvnsvyiRVJmnquRLhw56BkE%2F70%2FmZQcl8BHw52z%2BnVhqzcBC5cp"}],"group":"cf-nel","max_age":604800}', 'NEL': '{"success_fraction":0,"report_to":"cf-nel","max_age":604800}', 'Server': 'cloudflare', 'CF-RAY': '8974474739855b5e-IAD', 'alt-svc': 'h3=":443"; ma=86400'} 
 body={"results":[{"gender":"female","name":{"title":"Mrs","first":"Judith","last":"Reid"},"location":{"street":{"number":804,"name":"Windsor Road"},"city":"Durham","state":"Berkshire","country":"United Kingdom","postcode":"NB52 8HX","coordinates":{"latitude":"-8.2479","longitude":"134.8261"},"timezone":{"offset":"+5:45","description":"Kathmandu"}},"email":"judith.reid@example.com","login":{"uuid":"7b6c1f40-91fd-497d-9dda-21f36d40cbdd","username":"redcat187","password":"snoopy1","salt":"h8YLC2K3","md5":"60a4234d97ffd424f59606673899a23d","sha1":"2153726a4f6eda1ba35431c8b147c66fb485176a","sha256":"a8746fd169343460bf2e07245f55cb575053f8ee4048d228773d9092cc9bccc3"},"dob":{"date":"1998-09-04T17:34:08.742Z","age":25},"registered":{"date":"2006-05-09T15:55:37.252Z","age":18},"phone":"029 5638 4131","cell":"07289 696448","id":{"name":"NINO","value":"ZT 32 92 89 A"},"picture":{"large":"https://randomuser.me/api/portraits/women/42.jpg","medium":"https://randomuser.me/api/portraits/med/women/42.jpg","thumbnail":"https://randomuser.me/api/portraits/thumb/women/42.jpg"},"nat":"GB"}],"info":{"seed":"4d3a81ffb40c8c62","results":1,"page":1,"version":"1.4"}} 
 </msg>
<msg time="2024-06-21T13:17:22.510285" level="INFO">/opt/hostedtoolcache/Python/3.12.4/x64/lib/python3.12/site-packages/urllib3/connectionpool.py:1099: InsecureRequestWarning: Unverified HTTPS request is being made to host 'randomuser.me'. Adding certificate verification is strongly advised. See: https://urllib3.readthedocs.io/en/latest/advanced-usage.html#tls-warnings
  warnings.warn(</msg>
<msg time="2024-06-21T13:17:22.510442" level="INFO">${response} = &lt;Response [200]&gt;</msg>
<var>${response}</var>
<arg>consultarAPI</arg>
<arg>/api</arg>
<doc>Sends a GET request on a previously created HTTP Session.</doc>
<status status="PASS" start="2024-06-21T13:17:22.411313" elapsed="0.099171"/>
</kw>
<kw name="Should Be Equal As Numbers" owner="BuiltIn">
<msg time="2024-06-21T13:17:22.511601" level="INFO">Argument types are:
&lt;class 'int'&gt;
&lt;class 'str'&gt;</msg>
<arg>${response.status_code}</arg>
<arg>200</arg>
<doc>Fails if objects are unequal after converting them to real numbers.</doc>
<status status="PASS" start="2024-06-21T13:17:22.511120" elapsed="0.000550"/>
</kw>
<kw name="Log" owner="BuiltIn">
<msg time="2024-06-21T13:17:22.512341" level="INFO">200</msg>
<arg>${response.status_code}</arg>
<doc>Logs the given message with the given level.</doc>
<status status="PASS" start="2024-06-21T13:17:22.511992" elapsed="0.000390"/>
</kw>
<kw name="Set Variable" owner="BuiltIn">
<msg time="2024-06-21T13:17:22.513116" level="INFO">${json_data} = {'results': [{'gender': 'female', 'name': {'title': 'Mrs', 'first': 'Judith', 'last': 'Reid'}, 'location': {'street': {'number': 804, 'name': 'Windsor Road'}, 'city': 'Durham', 'state': 'Berkshire', '...</msg>
<var>${json_data}</var>
<arg>${response.json()}</arg>
<doc>Returns the given values which can then be assigned to a variables.</doc>
<status status="PASS" start="2024-06-21T13:17:22.512685" elapsed="0.000459"/>
</kw>
<kw name="Dictionary Should Contain Key" owner="Collections">
<arg>${json_data}</arg>
<arg>results</arg>
<doc>Fails if ``key`` is not found from ``dictionary``.</doc>
<status status="PASS" start="2024-06-21T13:17:22.513449" elapsed="0.000167"/>
</kw>
<status status="PASS" start="2024-06-21T13:17:22.411059" elapsed="0.102709"/>
</kw>
<doc>Testa se a API responde corretamente e retorna um objeto JSON válido.</doc>
<tag>testeRequisicaoBasica</tag>
<status status="PASS" start="2024-06-21T13:17:22.410517" elapsed="0.103427"/>
</test>
<test id="s1-s1-t3" name="Validar estrutura de resposta" line="22">
<kw name="Teste de Estrutura de Resposta" owner="random-user-service">
<kw name="GET On Session" owner="RequestsLibrary">
<msg time="2024-06-21T13:17:22.592459" level="INFO">GET Request : url=https://randomuser.me/api 
 path_url=/api 
 headers={'User-Agent': 'python-requests/2.32.3', 'Accept-Encoding': 'gzip, deflate', 'Accept': '*/*', 'Connection': 'keep-alive'} 
 body=None 
 </msg>
<msg time="2024-06-21T13:17:22.592575" level="INFO">GET Response : url=https://randomuser.me/api 
 status=200, reason=OK 
 headers={'Date': 'Fri, 21 Jun 2024 13:17:22 GMT', 'Content-Type': 'application/json; charset=utf-8', 'Transfer-Encoding': 'chunked', 'Connection': 'keep-alive', 'X-Powered-By': 'Express', 'Access-Control-Allow-Origin': '*', 'Cache-Control': 'no-cache', 'ETag': 'W/"49f-FSpfWrIIQc6tR4RQMG0RuOC4pro"', 'Vary': 'Accept-Encoding', 'Content-Encoding': 'gzip', 'CF-Cache-Status': 'DYNAMIC', 'Report-To': '{"endpoints":[{"url":"https:\\/\\/a.nel.cloudflare.com\\/report\\/v4?s=I6DtaRLcWfItw4DgsJRObFFNW0g2f8T%2BhlQbzQ2Ned63i0eMViKjF3dbndFi5QM95cxJ5hZAKTDcBJNpI%2FA6wu2%2BqOTj4x0i%2B1p%2ByYvMBZI8OxHYOA4WvhhberIPAEqV"}],"group":"cf-nel","max_age":604800}', 'NEL': '{"success_fraction":0,"report_to":"cf-nel","max_age":604800}', 'Server': 'cloudflare', 'CF-RAY': '89744747ba145b5e-IAD', 'alt-svc': 'h3=":443"; ma=86400'} 
 body={"results":[{"gender":"female","name":{"title":"Mrs","first":"Tasmira","last":"Moraes"},"location":{"street":{"number":7781,"name":"Beco dos Namorados"},"city":"Bragança","state":"Alagoas","country":"Brazil","postcode":22794,"coordinates":{"latitude":"-74.6796","longitude":"171.2654"},"timezone":{"offset":"+4:00","description":"Abu Dhabi, Muscat, Baku, Tbilisi"}},"email":"tasmira.moraes@example.com","login":{"uuid":"e97ac120-23ed-4b6a-838f-443e1ad48894","username":"yellowfish376","password":"lassie","salt":"n4ZTzNpp","md5":"4b51879562426afb348424109cd98447","sha1":"d5002181360fca11bb2adf8c232f216fc31e7c25","sha256":"6ed4dc949d9b0b435bf561c834ff5560209bb1935114cb94c59b107c771484ba"},"dob":{"date":"1956-03-18T03:32:12.993Z","age":68},"registered":{"date":"2020-11-10T08:40:10.430Z","age":3},"phone":"(68) 2555-2416","cell":"(69) 0300-6672","id":{"name":"CPF","value":"489.825.849-46"},"picture":{"large":"https://randomuser.me/api/portraits/women/11.jpg","medium":"https://randomuser.me/api/portraits/med/women/11.jpg","thumbnail":"https://randomuser.me/api/portraits/thumb/women/11.jpg"},"nat":"BR"}],"info":{"seed":"24e911117b0e34d5","results":1,"page":1,"version":"1.4"}} 
 </msg>
<msg time="2024-06-21T13:17:22.592733" level="INFO">/opt/hostedtoolcache/Python/3.12.4/x64/lib/python3.12/site-packages/urllib3/connectionpool.py:1099: InsecureRequestWarning: Unverified HTTPS request is being made to host 'randomuser.me'. Adding certificate verification is strongly advised. See: https://urllib3.readthedocs.io/en/latest/advanced-usage.html#tls-warnings
  warnings.warn(</msg>
<msg time="2024-06-21T13:17:22.592902" level="INFO">${response} = &lt;Response [200]&gt;</msg>
<var>${response}</var>
<arg>consultarAPI</arg>
<arg>/api</arg>
<doc>Sends a GET request on a previously created HTTP Session.</doc>
<status status="PASS" start="2024-06-21T13:17:22.516542" elapsed="0.076411"/>
</kw>
<kw name="Set Variable" owner="BuiltIn">
<msg time="2024-06-21T13:17:22.594188" level="INFO">${json_data} = {'results': [{'gender': 'female', 'name': {'title': 'Mrs', 'first': 'Tasmira', 'last': 'Moraes'}, 'location': {'street': {'number': 7781, 'name': 'Beco dos Namorados'}, 'city': 'Bragança', 'state': 'A...</msg>
<var>${json_data}</var>
<arg>${response.json()}</arg>
<doc>Returns the given values which can then be assigned to a variables.</doc>
<status status="PASS" start="2024-06-21T13:17:22.593590" elapsed="0.000634"/>
</kw>
<kw name="Log" owner="BuiltIn">
<msg time="2024-06-21T13:17:22.594709" level="INFO">{'results': [{'gender': 'female', 'name': {'title': 'Mrs', 'first': 'Tasmira', 'last': 'Moraes'}, 'location': {'street': {'number': 7781, 'name': 'Beco dos Namorados'}, 'city': 'Bragança', 'state': 'Alagoas', 'country': 'Brazil', 'postcode': 22794, 'coordinates': {'latitude': '-74.6796', 'longitude': '171.2654'}, 'timezone': {'offset': '+4:00', 'description': 'Abu Dhabi, Muscat, Baku, Tbilisi'}}, 'email': 'tasmira.moraes@example.com', 'login': {'uuid': 'e97ac120-23ed-4b6a-838f-443e1ad48894', 'username': 'yellowfish376', 'password': 'lassie', 'salt': 'n4ZTzNpp', 'md5': '4b51879562426afb348424109cd98447', 'sha1': 'd5002181360fca11bb2adf8c232f216fc31e7c25', 'sha256': '6ed4dc949d9b0b435bf561c834ff5560209bb1935114cb94c59b107c771484ba'}, 'dob': {'date': '1956-03-18T03:32:12.993Z', 'age': 68}, 'registered': {'date': '2020-11-10T08:40:10.430Z', 'age': 3}, 'phone': '(68) 2555-2416', 'cell': '(69) 0300-6672', 'id': {'name': 'CPF', 'value': '489.825.849-46'}, 'picture': {'large': 'https://randomuser.me/api/portraits/women/11.jpg', 'medium': 'https://randomuser.me/api/portraits/med/women/11.jpg', 'thumbnail': 'https://randomuser.me/api/portraits/thumb/women/11.jpg'}, 'nat': 'BR'}], 'info': {'seed': '24e911117b0e34d5', 'results': 1, 'page': 1, 'version': '1.4'}}</msg>
<arg>${json_data}</arg>
<doc>Logs the given message with the given level.</doc>
<status status="PASS" start="2024-06-21T13:17:22.594543" elapsed="0.000216"/>
</kw>
<kw name="Dictionary Should Contain Key" owner="Collections">
<arg>${json_data}</arg>
<arg>results</arg>
<doc>Fails if ``key`` is not found from ``dictionary``.</doc>
<status status="PASS" start="2024-06-21T13:17:22.595062" elapsed="0.000157"/>
</kw>
<kw name="Should Not Be Empty" owner="BuiltIn">
<msg time="2024-06-21T13:17:22.595525" level="INFO">Length is 2.</msg>
<arg>${json_data}</arg>
<doc>Verifies that the given item is not empty.</doc>
<status status="PASS" start="2024-06-21T13:17:22.595400" elapsed="0.000162"/>
</kw>
<kw name="Create List" owner="BuiltIn">
<msg time="2024-06-21T13:17:22.596170" level="INFO">${expected_keys} = ['gender', 'name', 'location', 'email', 'login']</msg>
<var>${expected_keys}</var>
<arg>gender</arg>
<arg>name</arg>
<arg>location</arg>
<arg>email</arg>
<arg>login</arg>
<doc>Returns a list containing given items.</doc>
<status status="PASS" start="2024-06-21T13:17:22.595853" elapsed="0.000342"/>
</kw>
<for flavor="IN">
<iter>
<kw name="Dictionary Should Contain Key" owner="Collections">
<arg>${json_data['results'][0]}</arg>
<arg>${key}</arg>
<doc>Fails if ``key`` is not found from ``dictionary``.</doc>
<status status="PASS" start="2024-06-21T13:17:22.596781" elapsed="0.000409"/>
</kw>
<kw name="Log" owner="BuiltIn">
<msg time="2024-06-21T13:17:22.597737" level="INFO">{'gender': 'female', 'name': {'title': 'Mrs', 'first': 'Tasmira', 'last': 'Moraes'}, 'location': {'street': {'number': 7781, 'name': 'Beco dos Namorados'}, 'city': 'Bragança', 'state': 'Alagoas', 'country': 'Brazil', 'postcode': 22794, 'coordinates': {'latitude': '-74.6796', 'longitude': '171.2654'}, 'timezone': {'offset': '+4:00', 'description': 'Abu Dhabi, Muscat, Baku, Tbilisi'}}, 'email': 'tasmira.moraes@example.com', 'login': {'uuid': 'e97ac120-23ed-4b6a-838f-443e1ad48894', 'username': 'yellowfish376', 'password': 'lassie', 'salt': 'n4ZTzNpp', 'md5': '4b51879562426afb348424109cd98447', 'sha1': 'd5002181360fca11bb2adf8c232f216fc31e7c25', 'sha256': '6ed4dc949d9b0b435bf561c834ff5560209bb1935114cb94c59b107c771484ba'}, 'dob': {'date': '1956-03-18T03:32:12.993Z', 'age': 68}, 'registered': {'date': '2020-11-10T08:40:10.430Z', 'age': 3}, 'phone': '(68) 2555-2416', 'cell': '(69) 0300-6672', 'id': {'name': 'CPF', 'value': '489.825.849-46'}, 'picture': {'large': 'https://randomuser.me/api/portraits/women/11.jpg', 'medium': 'https://randomuser.me/api/portraits/med/women/11.jpg', 'thumbnail': 'https://randomuser.me/api/portraits/thumb/women/11.jpg'}, 'nat': 'BR'}</msg>
<arg>${json_data['results'][0]}</arg>
<doc>Logs the given message with the given level.</doc>
<status status="PASS" start="2024-06-21T13:17:22.597378" elapsed="0.000411"/>
</kw>
<kw name="Log" owner="BuiltIn">
<msg time="2024-06-21T13:17:22.598253" level="INFO">gender</msg>
<arg>${key}</arg>
<doc>Logs the given message with the given level.</doc>
<status status="PASS" start="2024-06-21T13:17:22.598090" elapsed="0.000202"/>
</kw>
<var name="${key}">gender</var>
<status status="PASS" start="2024-06-21T13:17:22.596659" elapsed="0.001851"/>
</iter>
<iter>
<kw name="Dictionary Should Contain Key" owner="Collections">
<arg>${json_data['results'][0]}</arg>
<arg>${key}</arg>
<doc>Fails if ``key`` is not found from ``dictionary``.</doc>
<status status="PASS" start="2024-06-21T13:17:22.598804" elapsed="0.000399"/>
</kw>
<kw name="Log" owner="BuiltIn">
<msg time="2024-06-21T13:17:22.599785" level="INFO">{'gender': 'female', 'name': {'title': 'Mrs', 'first': 'Tasmira', 'last': 'Moraes'}, 'location': {'street': {'number': 7781, 'name': 'Beco dos Namorados'}, 'city': 'Bragança', 'state': 'Alagoas', 'country': 'Brazil', 'postcode': 22794, 'coordinates': {'latitude': '-74.6796', 'longitude': '171.2654'}, 'timezone': {'offset': '+4:00', 'description': 'Abu Dhabi, Muscat, Baku, Tbilisi'}}, 'email': 'tasmira.moraes@example.com', 'login': {'uuid': 'e97ac120-23ed-4b6a-838f-443e1ad48894', 'username': 'yellowfish376', 'password': 'lassie', 'salt': 'n4ZTzNpp', 'md5': '4b51879562426afb348424109cd98447', 'sha1': 'd5002181360fca11bb2adf8c232f216fc31e7c25', 'sha256': '6ed4dc949d9b0b435bf561c834ff5560209bb1935114cb94c59b107c771484ba'}, 'dob': {'date': '1956-03-18T03:32:12.993Z', 'age': 68}, 'registered': {'date': '2020-11-10T08:40:10.430Z', 'age': 3}, 'phone': '(68) 2555-2416', 'cell': '(69) 0300-6672', 'id': {'name': 'CPF', 'value': '489.825.849-46'}, 'picture': {'large': 'https://randomuser.me/api/portraits/women/11.jpg', 'medium': 'https://randomuser.me/api/portraits/med/women/11.jpg', 'thumbnail': 'https://randomuser.me/api/portraits/thumb/women/11.jpg'}, 'nat': 'BR'}</msg>
<arg>${json_data['results'][0]}</arg>
<doc>Logs the given message with the given level.</doc>
<status status="PASS" start="2024-06-21T13:17:22.599388" elapsed="0.000447"/>
</kw>
<kw name="Log" owner="BuiltIn">
<msg time="2024-06-21T13:17:22.600270" level="INFO">name</msg>
<arg>${key}</arg>
<doc>Logs the given message with the given level.</doc>
<status status="PASS" start="2024-06-21T13:17:22.600139" elapsed="0.000169"/>
</kw>
<var name="${key}">name</var>
<status status="PASS" start="2024-06-21T13:17:22.598693" elapsed="0.001835"/>
</iter>
<iter>
<kw name="Dictionary Should Contain Key" owner="Collections">
<arg>${json_data['results'][0]}</arg>
<arg>${key}</arg>
<doc>Fails if ``key`` is not found from ``dictionary``.</doc>
<status status="PASS" start="2024-06-21T13:17:22.600817" elapsed="0.000390"/>
</kw>
<kw name="Log" owner="BuiltIn">
<msg time="2024-06-21T13:17:22.601749" level="INFO">{'gender': 'female', 'name': {'title': 'Mrs', 'first': 'Tasmira', 'last': 'Moraes'}, 'location': {'street': {'number': 7781, 'name': 'Beco dos Namorados'}, 'city': 'Bragança', 'state': 'Alagoas', 'country': 'Brazil', 'postcode': 22794, 'coordinates': {'latitude': '-74.6796', 'longitude': '171.2654'}, 'timezone': {'offset': '+4:00', 'description': 'Abu Dhabi, Muscat, Baku, Tbilisi'}}, 'email': 'tasmira.moraes@example.com', 'login': {'uuid': 'e97ac120-23ed-4b6a-838f-443e1ad48894', 'username': 'yellowfish376', 'password': 'lassie', 'salt': 'n4ZTzNpp', 'md5': '4b51879562426afb348424109cd98447', 'sha1': 'd5002181360fca11bb2adf8c232f216fc31e7c25', 'sha256': '6ed4dc949d9b0b435bf561c834ff5560209bb1935114cb94c59b107c771484ba'}, 'dob': {'date': '1956-03-18T03:32:12.993Z', 'age': 68}, 'registered': {'date': '2020-11-10T08:40:10.430Z', 'age': 3}, 'phone': '(68) 2555-2416', 'cell': '(69) 0300-6672', 'id': {'name': 'CPF', 'value': '489.825.849-46'}, 'picture': {'large': 'https://randomuser.me/api/portraits/women/11.jpg', 'medium': 'https://randomuser.me/api/portraits/med/women/11.jpg', 'thumbnail': 'https://randomuser.me/api/portraits/thumb/women/11.jpg'}, 'nat': 'BR'}</msg>
<arg>${json_data['results'][0]}</arg>
<doc>Logs the given message with the given level.</doc>
<status status="PASS" start="2024-06-21T13:17:22.601391" elapsed="0.000417"/>
</kw>
<kw name="Log" owner="BuiltIn">
<msg time="2024-06-21T13:17:22.602267" level="INFO">location</msg>
<arg>${key}</arg>
<doc>Logs the given message with the given level.</doc>
<status status="PASS" start="2024-06-21T13:17:22.602110" elapsed="0.000198"/>
</kw>
<var name="${key}">location</var>
<status status="PASS" start="2024-06-21T13:17:22.600704" elapsed="0.001826"/>
</iter>
<iter>
<kw name="Dictionary Should Contain Key" owner="Collections">
<arg>${json_data['results'][0]}</arg>
<arg>${key}</arg>
<doc>Fails if ``key`` is not found from ``dictionary``.</doc>
<status status="PASS" start="2024-06-21T13:17:22.602814" elapsed="0.000382"/>
</kw>
<kw name="Log" owner="BuiltIn">
<msg time="2024-06-21T13:17:22.603739" level="INFO">{'gender': 'female', 'name': {'title': 'Mrs', 'first': 'Tasmira', 'last': 'Moraes'}, 'location': {'street': {'number': 7781, 'name': 'Beco dos Namorados'}, 'city': 'Bragança', 'state': 'Alagoas', 'country': 'Brazil', 'postcode': 22794, 'coordinates': {'latitude': '-74.6796', 'longitude': '171.2654'}, 'timezone': {'offset': '+4:00', 'description': 'Abu Dhabi, Muscat, Baku, Tbilisi'}}, 'email': 'tasmira.moraes@example.com', 'login': {'uuid': 'e97ac120-23ed-4b6a-838f-443e1ad48894', 'username': 'yellowfish376', 'password': 'lassie', 'salt': 'n4ZTzNpp', 'md5': '4b51879562426afb348424109cd98447', 'sha1': 'd5002181360fca11bb2adf8c232f216fc31e7c25', 'sha256': '6ed4dc949d9b0b435bf561c834ff5560209bb1935114cb94c59b107c771484ba'}, 'dob': {'date': '1956-03-18T03:32:12.993Z', 'age': 68}, 'registered': {'date': '2020-11-10T08:40:10.430Z', 'age': 3}, 'phone': '(68) 2555-2416', 'cell': '(69) 0300-6672', 'id': {'name': 'CPF', 'value': '489.825.849-46'}, 'picture': {'large': 'https://randomuser.me/api/portraits/women/11.jpg', 'medium': 'https://randomuser.me/api/portraits/med/women/11.jpg', 'thumbnail': 'https://randomuser.me/api/portraits/thumb/women/11.jpg'}, 'nat': 'BR'}</msg>
<arg>${json_data['results'][0]}</arg>
<doc>Logs the given message with the given level.</doc>
<status status="PASS" start="2024-06-21T13:17:22.603379" elapsed="0.000414"/>
</kw>
<kw name="Log" owner="BuiltIn">
<msg time="2024-06-21T13:17:22.604221" level="INFO">email</msg>
<arg>${key}</arg>
<doc>Logs the given message with the given level.</doc>
<status status="PASS" start="2024-06-21T13:17:22.604085" elapsed="0.000173"/>
</kw>
<var name="${key}">email</var>
<status status="PASS" start="2024-06-21T13:17:22.602706" elapsed="0.001763"/>
</iter>
<iter>
<kw name="Dictionary Should Contain Key" owner="Collections">
<arg>${json_data['results'][0]}</arg>
<arg>${key}</arg>
<doc>Fails if ``key`` is not found from ``dictionary``.</doc>
<status status="PASS" start="2024-06-21T13:17:22.604741" elapsed="0.000399"/>
</kw>
<kw name="Log" owner="BuiltIn">
<msg time="2024-06-21T13:17:22.605670" level="INFO">{'gender': 'female', 'name': {'title': 'Mrs', 'first': 'Tasmira', 'last': 'Moraes'}, 'location': {'street': {'number': 7781, 'name': 'Beco dos Namorados'}, 'city': 'Bragança', 'state': 'Alagoas', 'country': 'Brazil', 'postcode': 22794, 'coordinates': {'latitude': '-74.6796', 'longitude': '171.2654'}, 'timezone': {'offset': '+4:00', 'description': 'Abu Dhabi, Muscat, Baku, Tbilisi'}}, 'email': 'tasmira.moraes@example.com', 'login': {'uuid': 'e97ac120-23ed-4b6a-838f-443e1ad48894', 'username': 'yellowfish376', 'password': 'lassie', 'salt': 'n4ZTzNpp', 'md5': '4b51879562426afb348424109cd98447', 'sha1': 'd5002181360fca11bb2adf8c232f216fc31e7c25', 'sha256': '6ed4dc949d9b0b435bf561c834ff5560209bb1935114cb94c59b107c771484ba'}, 'dob': {'date': '1956-03-18T03:32:12.993Z', 'age': 68}, 'registered': {'date': '2020-11-10T08:40:10.430Z', 'age': 3}, 'phone': '(68) 2555-2416', 'cell': '(69) 0300-6672', 'id': {'name': 'CPF', 'value': '489.825.849-46'}, 'picture': {'large': 'https://randomuser.me/api/portraits/women/11.jpg', 'medium': 'https://randomuser.me/api/portraits/med/women/11.jpg', 'thumbnail': 'https://randomuser.me/api/portraits/thumb/women/11.jpg'}, 'nat': 'BR'}</msg>
<arg>${json_data['results'][0]}</arg>
<doc>Logs the given message with the given level.</doc>
<status status="PASS" start="2024-06-21T13:17:22.605320" elapsed="0.000408"/>
</kw>
<kw name="Log" owner="BuiltIn">
<msg time="2024-06-21T13:17:22.606151" level="INFO">login</msg>
<arg>${key}</arg>
<doc>Logs the given message with the given level.</doc>
<status status="PASS" start="2024-06-21T13:17:22.606023" elapsed="0.000198"/>
</kw>
<var name="${key}">login</var>
<status status="PASS" start="2024-06-21T13:17:22.604636" elapsed="0.001808"/>
</iter>
<var>${key}</var>
<value>@{expected_keys}</value>
<status status="PASS" start="2024-06-21T13:17:22.596459" elapsed="0.010102"/>
</for>
<kw name="Create List" owner="BuiltIn">
<msg time="2024-06-21T13:17:22.606919" level="INFO">${expected_keysTwo} = ['username', 'password']</msg>
<var>${expected_keysTwo}</var>
<arg>username</arg>
<arg>password</arg>
<doc>Returns a list containing given items.</doc>
<status status="PASS" start="2024-06-21T13:17:22.606777" elapsed="0.000171"/>
</kw>
<for flavor="IN">
<iter>
<kw name="Dictionary Should Contain Key" owner="Collections">
<arg>${json_data['results'][0]['login']}</arg>
<arg>${keyTwo}</arg>
<doc>Fails if ``key`` is not found from ``dictionary``.</doc>
<status status="PASS" start="2024-06-21T13:17:22.607443" elapsed="0.000393"/>
</kw>
<kw name="Dictionary Should Contain Key" owner="Collections">
<arg>${json_data['results'][0]['login']}</arg>
<arg>${keyTwo}</arg>
<doc>Fails if ``key`` is not found from ``dictionary``.</doc>
<status status="PASS" start="2024-06-21T13:17:22.608022" elapsed="0.000371"/>
</kw>
<kw name="Log" owner="BuiltIn">
<msg time="2024-06-21T13:17:22.608687" level="INFO">username</msg>
<arg>${keyTwo}</arg>
<doc>Logs the given message with the given level.</doc>
<status status="PASS" start="2024-06-21T13:17:22.608567" elapsed="0.000156"/>
</kw>
<var name="${keyTwo}">username</var>
<status status="PASS" start="2024-06-21T13:17:22.607337" elapsed="0.001621"/>
</iter>
<iter>
<kw name="Dictionary Should Contain Key" owner="Collections">
<arg>${json_data['results'][0]['login']}</arg>
<arg>${keyTwo}</arg>
<doc>Fails if ``key`` is not found from ``dictionary``.</doc>
<status status="PASS" start="2024-06-21T13:17:22.609235" elapsed="0.000380"/>
</kw>
<kw name="Dictionary Should Contain Key" owner="Collections">
<arg>${json_data['results'][0]['login']}</arg>
<arg>${keyTwo}</arg>
<doc>Fails if ``key`` is not found from ``dictionary``.</doc>
<status status="PASS" start="2024-06-21T13:17:22.609790" elapsed="0.000404"/>
</kw>
<kw name="Log" owner="BuiltIn">
<msg time="2024-06-21T13:17:22.610493" level="INFO">password</msg>
<arg>${keyTwo}</arg>
<doc>Logs the given message with the given level.</doc>
<status status="PASS" start="2024-06-21T13:17:22.610373" elapsed="0.000156"/>
</kw>
<var name="${keyTwo}">password</var>
<status status="PASS" start="2024-06-21T13:17:22.609131" elapsed="0.001729"/>
</iter>
<var>${keyTwo}</var>
<value>@{expected_keysTwo}</value>
<status status="PASS" start="2024-06-21T13:17:22.607183" elapsed="0.003797"/>
</for>
<status status="PASS" start="2024-06-21T13:17:22.516291" elapsed="0.094830"/>
</kw>
<doc>Testa a estrutura da resposta da API.</doc>
<tag>testeEstruturaResposta</tag>
<status status="PASS" start="2024-06-21T13:17:22.515786" elapsed="0.095492"/>
</test>
<test id="s1-s1-t4" name="Validar tipos de dados" line="28">
<kw name="Teste de Tipos de Dados" owner="random-user-service">
<kw name="GET On Session" owner="RequestsLibrary">
<msg time="2024-06-21T13:17:22.686210" level="INFO">GET Request : url=https://randomuser.me/api 
 path_url=/api 
 headers={'User-Agent': 'python-requests/2.32.3', 'Accept-Encoding': 'gzip, deflate', 'Accept': '*/*', 'Connection': 'keep-alive'} 
 body=None 
 </msg>
<msg time="2024-06-21T13:17:22.686311" level="INFO">GET Response : url=https://randomuser.me/api 
 status=200, reason=OK 
 headers={'Date': 'Fri, 21 Jun 2024 13:17:22 GMT', 'Content-Type': 'application/json; charset=utf-8', 'Transfer-Encoding': 'chunked', 'Connection': 'keep-alive', 'X-Powered-By': 'Express', 'Access-Control-Allow-Origin': '*', 'Cache-Control': 'no-cache', 'ETag': 'W/"481-PxJz9iRj++za2r6IkZuLG0jK4Uo"', 'Vary': 'Accept-Encoding', 'Content-Encoding': 'gzip', 'CF-Cache-Status': 'DYNAMIC', 'Report-To': '{"endpoints":[{"url":"https:\\/\\/a.nel.cloudflare.com\\/report\\/v4?s=PDtEY5j2p2TDj5ybNx9FDB6Hz8tPGdaGy%2FrQRsOerbtVhvS%2BSaAo%2FS7W8s%2Bf%2BflhxsbOe7V0k1y8HES89InNNmzN6eNuud9LD2QbulD%2BqW0zY8k6I6a3bbaRY%2F%2BhG6QJ"}],"group":"cf-nel","max_age":604800}', 'NEL': '{"success_fraction":0,"report_to":"cf-nel","max_age":604800}', 'Server': 'cloudflare', 'CF-RAY': '897447485ac85b5e-IAD', 'alt-svc': 'h3=":443"; ma=86400'} 
 body={"results":[{"gender":"female","name":{"title":"Miss","first":"Louisa","last":"Mollan"},"location":{"street":{"number":2841,"name":"Landingsveien"},"city":"Vestnes","state":"Finnmark - Finnmárku","country":"Norway","postcode":"1056","coordinates":{"latitude":"38.8229","longitude":"95.0400"},"timezone":{"offset":"+3:30","description":"Tehran"}},"email":"louisa.mollan@example.com","login":{"uuid":"980947e3-fe5a-4b17-a879-6eb52c5b95c5","username":"organicgorilla920","password":"internal","salt":"3wPQgBPI","md5":"ce05320ca2016b53bd59f31b9d9ab211","sha1":"d81cd3b5223cd105c6c41402b94eb4cfcb4dc51b","sha256":"c2d6f1e11a9b90875e0f594e7f4dcbe8af241d1dfe61aa9b4dbd1de154e0edf3"},"dob":{"date":"1985-02-25T21:52:11.462Z","age":39},"registered":{"date":"2008-09-06T09:33:58.212Z","age":15},"phone":"73653730","cell":"95226409","id":{"name":"FN","value":"25028523443"},"picture":{"large":"https://randomuser.me/api/portraits/women/14.jpg","medium":"https://randomuser.me/api/portraits/med/women/14.jpg","thumbnail":"https://randomuser.me/api/portraits/thumb/women/14.jpg"},"nat":"NO"}],"info":{"seed":"c706d34f7cf6c6cd","results":1,"page":1,"version":"1.4"}} 
 </msg>
<msg time="2024-06-21T13:17:22.686386" level="INFO">/opt/hostedtoolcache/Python/3.12.4/x64/lib/python3.12/site-packages/urllib3/connectionpool.py:1099: InsecureRequestWarning: Unverified HTTPS request is being made to host 'randomuser.me'. Adding certificate verification is strongly advised. See: https://urllib3.readthedocs.io/en/latest/advanced-usage.html#tls-warnings
  warnings.warn(</msg>
<msg time="2024-06-21T13:17:22.686514" level="INFO">${response} = &lt;Response [200]&gt;</msg>
<var>${response}</var>
<arg>consultarAPI</arg>
<arg>/api</arg>
<doc>Sends a GET request on a previously created HTTP Session.</doc>
<status status="PASS" start="2024-06-21T13:17:22.613730" elapsed="0.072825"/>
</kw>
<kw name="Set Variable" owner="BuiltIn">
<msg time="2024-06-21T13:17:22.687802" level="INFO">${json_data} = {'results': [{'gender': 'female', 'name': {'title': 'Miss', 'first': 'Louisa', 'last': 'Mollan'}, 'location': {'street': {'number': 2841, 'name': 'Landingsveien'}, 'city': 'Vestnes', 'state': 'Finnmar...</msg>
<var>${json_data}</var>
<arg>${response.json()}</arg>
<doc>Returns the given values which can then be assigned to a variables.</doc>
<status status="PASS" start="2024-06-21T13:17:22.687178" elapsed="0.000655"/>
</kw>
<kw name="Log" owner="BuiltIn">
<msg time="2024-06-21T13:17:22.688299" level="INFO">{'results': [{'gender': 'female', 'name': {'title': 'Miss', 'first': 'Louisa', 'last': 'Mollan'}, 'location': {'street': {'number': 2841, 'name': 'Landingsveien'}, 'city': 'Vestnes', 'state': 'Finnmark - Finnmárku', 'country': 'Norway', 'postcode': '1056', 'coordinates': {'latitude': '38.8229', 'longitude': '95.0400'}, 'timezone': {'offset': '+3:30', 'description': 'Tehran'}}, 'email': 'louisa.mollan@example.com', 'login': {'uuid': '980947e3-fe5a-4b17-a879-6eb52c5b95c5', 'username': 'organicgorilla920', 'password': 'internal', 'salt': '3wPQgBPI', 'md5': 'ce05320ca2016b53bd59f31b9d9ab211', 'sha1': 'd81cd3b5223cd105c6c41402b94eb4cfcb4dc51b', 'sha256': 'c2d6f1e11a9b90875e0f594e7f4dcbe8af241d1dfe61aa9b4dbd1de154e0edf3'}, 'dob': {'date': '1985-02-25T21:52:11.462Z', 'age': 39}, 'registered': {'date': '2008-09-06T09:33:58.212Z', 'age': 15}, 'phone': '73653730', 'cell': '95226409', 'id': {'name': 'FN', 'value': '25028523443'}, 'picture': {'large': 'https://randomuser.me/api/portraits/women/14.jpg', 'medium': 'https://randomuser.me/api/portraits/med/women/14.jpg', 'thumbnail': 'https://randomuser.me/api/portraits/thumb/women/14.jpg'}, 'nat': 'NO'}], 'info': {'seed': 'c706d34f7cf6c6cd', 'results': 1, 'page': 1, 'version': '1.4'}}</msg>
<arg>${json_data}</arg>
<doc>Logs the given message with the given level.</doc>
<status status="PASS" start="2024-06-21T13:17:22.688139" elapsed="0.000209"/>
</kw>
<kw name="Should Be String" owner="String">
<arg>${json_data['results'][0]['gender']}</arg>
<doc>Fails if the given ``item`` is not a string.</doc>
<status status="PASS" start="2024-06-21T13:17:22.688637" elapsed="0.000371"/>
</kw>
<kw name="Should Match Regexp" owner="BuiltIn">
<arg>${json_data['results'][0]['email']}</arg>
<arg>^[a-zA-Z0-9._%+-]+@[a-zA-Z0-9.-]+\.[a-zA-Z]{2,}$</arg>
<doc>Fails if ``string`` does not match ``pattern`` as a regular expression.</doc>
<status status="PASS" start="2024-06-21T13:17:22.689233" elapsed="0.000532"/>
</kw>
<kw name="Should Match Regexp" owner="BuiltIn">
<arg>${json_data['results'][0]['dob']['date']}</arg>
<arg>\\d{4}-\\d{2}-\\d{2}T\\d{2}:\\d{2}:\\d{2}\\.\\d{3}Z</arg>
<doc>Fails if ``string`` does not match ``pattern`` as a regular expression.</doc>
<status status="PASS" start="2024-06-21T13:17:22.689960" elapsed="0.000534"/>
</kw>
<kw name="Should Match Regexp" owner="BuiltIn">
<arg>${json_data['results'][0]['registered']['date']}</arg>
<arg>\\d{4}-\\d{2}-\\d{2}T\\d{2}:\\d{2}:\\d{2}\\.\\d{3}Z</arg>
<doc>Fails if ``string`` does not match ``pattern`` as a regular expression.</doc>
<status status="PASS" start="2024-06-21T13:17:22.690688" elapsed="0.000374"/>
</kw>
<kw name="Should Match Regexp" owner="BuiltIn">
<arg>${json_data['results'][0]['picture']['large']}</arg>
<arg>^https?://.*\.(?:png|jpe?g|gif|bmp)$</arg>
<doc>Fails if ``string`` does not match ``pattern`` as a regular expression.</doc>
<status status="PASS" start="2024-06-21T13:17:22.691248" elapsed="0.000462"/>
</kw>
<kw name="Should Match Regexp" owner="BuiltIn">
<arg>${json_data['results'][0]['picture']['medium']}</arg>
<arg>^https?://.*\.(?:png|jpe?g|gif|bmp)$</arg>
<doc>Fails if ``string`` does not match ``pattern`` as a regular expression.</doc>
<status status="PASS" start="2024-06-21T13:17:22.691897" elapsed="0.000353"/>
</kw>
<kw name="Should Match Regexp" owner="BuiltIn">
<arg>${json_data['results'][0]['picture']['thumbnail']}</arg>
<arg>^https?://.*\.(?:png|jpe?g|gif|bmp)$</arg>
<doc>Fails if ``string`` does not match ``pattern`` as a regular expression.</doc>
<status status="PASS" start="2024-06-21T13:17:22.692431" elapsed="0.000348"/>
</kw>
<kw name="Log" owner="BuiltIn">
<msg time="2024-06-21T13:17:22.693295" level="INFO">{'large': 'https://randomuser.me/api/portraits/women/14.jpg', 'medium': 'https://randomuser.me/api/portraits/med/women/14.jpg', 'thumbnail': 'https://randomuser.me/api/portraits/thumb/women/14.jpg'}</msg>
<arg>${json_data['results'][0]['picture']}</arg>
<doc>Logs the given message with the given level.</doc>
<status status="PASS" start="2024-06-21T13:17:22.692968" elapsed="0.000369"/>
</kw>
<status status="PASS" start="2024-06-21T13:17:22.613502" elapsed="0.080097"/>
</kw>
<kw name="Teste de Tipos de Dados - Postcode" owner="random-user-service">
<kw name="GET On Session" owner="RequestsLibrary">
<msg time="2024-06-21T13:17:22.797180" level="INFO">GET Request : url=https://randomuser.me/api 
 path_url=/api 
 headers={'User-Agent': 'python-requests/2.32.3', 'Accept-Encoding': 'gzip, deflate', 'Accept': '*/*', 'Connection': 'keep-alive'} 
 body=None 
 </msg>
<msg time="2024-06-21T13:17:22.797280" level="INFO">GET Response : url=https://randomuser.me/api 
 status=200, reason=OK 
 headers={'Date': 'Fri, 21 Jun 2024 13:17:22 GMT', 'Content-Type': 'application/json; charset=utf-8', 'Transfer-Encoding': 'chunked', 'Connection': 'keep-alive', 'X-Powered-By': 'Express', 'Access-Control-Allow-Origin': '*', 'Cache-Control': 'no-cache', 'ETag': 'W/"495-Th9wZGDRLdlJzljMS1r0Qy1mNUo"', 'Vary': 'Accept-Encoding', 'Content-Encoding': 'gzip', 'CF-Cache-Status': 'DYNAMIC', 'Report-To': '{"endpoints":[{"url":"https:\\/\\/a.nel.cloudflare.com\\/report\\/v4?s=PfLGyde7jqzDR56Xjlh4ZUN6Pct%2FEHlXx5yQpUczp%2FmE9DjngiE7famVnIWRIHfQHJr35wPQDqbGIz3kzM82S1VobIFjInEhmfkXIDxIGiNwV9eoYUJW508hf0toJOnK"}],"group":"cf-nel","max_age":604800}', 'NEL': '{"success_fraction":0,"report_to":"cf-nel","max_age":604800}', 'Server': 'cloudflare', 'CF-RAY': '89744748db445b5e-IAD', 'alt-svc': 'h3=":443"; ma=86400'} 
 body={"results":[{"gender":"male","name":{"title":"Mr","first":"Rene","last":"Harper"},"location":{"street":{"number":7969,"name":"Hamilton Ave"},"city":"Warrnambool","state":"South Australia","country":"Australia","postcode":1063,"coordinates":{"latitude":"-88.1167","longitude":"-85.1201"},"timezone":{"offset":"+3:00","description":"Baghdad, Riyadh, Moscow, St. Petersburg"}},"email":"rene.harper@example.com","login":{"uuid":"c58c5f95-fe5f-4ec7-9815-1e30f68a5469","username":"beautifulfrog189","password":"lamont","salt":"03w05VEK","md5":"df601d9b4486a7e7343745472fc2257d","sha1":"23c16f7ff181d09cd4001389befd139f23ec533a","sha256":"e130d3037d2c03d336e20181cfa368cc94217aa56d833e11c3d560cb00c060a6"},"dob":{"date":"1996-07-07T14:23:04.087Z","age":27},"registered":{"date":"2006-08-28T23:14:13.893Z","age":17},"phone":"09-4563-2363","cell":"0401-855-149","id":{"name":"TFN","value":"118529674"},"picture":{"large":"https://randomuser.me/api/portraits/men/0.jpg","medium":"https://randomuser.me/api/portraits/med/men/0.jpg","thumbnail":"https://randomuser.me/api/portraits/thumb/men/0.jpg"},"nat":"AU"}],"info":{"seed":"922848a4ffa81fb7","results":1,"page":1,"version":"1.4"}} 
 </msg>
<msg time="2024-06-21T13:17:22.797349" level="INFO">/opt/hostedtoolcache/Python/3.12.4/x64/lib/python3.12/site-packages/urllib3/connectionpool.py:1099: InsecureRequestWarning: Unverified HTTPS request is being made to host 'randomuser.me'. Adding certificate verification is strongly advised. See: https://urllib3.readthedocs.io/en/latest/advanced-usage.html#tls-warnings
  warnings.warn(</msg>
<msg time="2024-06-21T13:17:22.797483" level="INFO">${response} = &lt;Response [200]&gt;</msg>
<var>${response}</var>
<arg>consultarAPI</arg>
<arg>/api</arg>
<doc>Sends a GET request on a previously created HTTP Session.</doc>
<status status="PASS" start="2024-06-21T13:17:22.694058" elapsed="0.103581"/>
</kw>
<kw name="Set Variable" owner="BuiltIn">
<msg time="2024-06-21T13:17:22.798845" level="INFO">${json_data} = {'results': [{'gender': 'male', 'name': {'title': 'Mr', 'first': 'Rene', 'last': 'Harper'}, 'location': {'street': {'number': 7969, 'name': 'Hamilton Ave'}, 'city': 'Warrnambool', 'state': 'South Aust...</msg>
<var>${json_data}</var>
<arg>${response.json()}</arg>
<doc>Returns the given values which can then be assigned to a variables.</doc>
<status status="PASS" start="2024-06-21T13:17:22.798313" elapsed="0.000560"/>
</kw>
<kw name="Log" owner="BuiltIn">
<msg time="2024-06-21T13:17:22.799400" level="INFO">{'results': [{'gender': 'male', 'name': {'title': 'Mr', 'first': 'Rene', 'last': 'Harper'}, 'location': {'street': {'number': 7969, 'name': 'Hamilton Ave'}, 'city': 'Warrnambool', 'state': 'South Australia', 'country': 'Australia', 'postcode': 1063, 'coordinates': {'latitude': '-88.1167', 'longitude': '-85.1201'}, 'timezone': {'offset': '+3:00', 'description': 'Baghdad, Riyadh, Moscow, St. Petersburg'}}, 'email': 'rene.harper@example.com', 'login': {'uuid': 'c58c5f95-fe5f-4ec7-9815-1e30f68a5469', 'username': 'beautifulfrog189', 'password': 'lamont', 'salt': '03w05VEK', 'md5': 'df601d9b4486a7e7343745472fc2257d', 'sha1': '23c16f7ff181d09cd4001389befd139f23ec533a', 'sha256': 'e130d3037d2c03d336e20181cfa368cc94217aa56d833e11c3d560cb00c060a6'}, 'dob': {'date': '1996-07-07T14:23:04.087Z', 'age': 27}, 'registered': {'date': '2006-08-28T23:14:13.893Z', 'age': 17}, 'phone': '09-4563-2363', 'cell': '0401-855-149', 'id': {'name': 'TFN', 'value': '118529674'}, 'picture': {'large': 'https://randomuser.me/api/portraits/men/0.jpg', 'medium': 'https://randomuser.me/api/portraits/med/men/0.jpg', 'thumbnail': 'https://randomuser.me/api/portraits/thumb/men/0.jpg'}, 'nat': 'AU'}], 'info': {'seed': '922848a4ffa81fb7', 'results': 1, 'page': 1, 'version': '1.4'}}</msg>
<arg>${json_data}</arg>
<doc>Logs the given message with the given level.</doc>
<status status="PASS" start="2024-06-21T13:17:22.799180" elapsed="0.000269"/>
</kw>
<kw name="Should Be Equal As Numbers" owner="BuiltIn">
<arg>${json_data['results'][0]['location']['postcode']}</arg>
<arg>${json_data['results'][0]['location']['postcode']}</arg>
<doc>Fails if objects are unequal after converting them to real numbers.</doc>
<status status="PASS" start="2024-06-21T13:17:22.799747" elapsed="0.000628"/>
</kw>
<kw name="Log" owner="BuiltIn">
<msg time="2024-06-21T13:17:22.801128" level="INFO">1063</msg>
<arg>${json_data['results'][0]['location']['postcode']}</arg>
<doc>Logs the given message with the given level.</doc>
<status status="PASS" start="2024-06-21T13:17:22.800601" elapsed="0.000569"/>
</kw>
<status status="PASS" start="2024-06-21T13:17:22.693828" elapsed="0.107602"/>
</kw>
<doc>Testa se os tipos de dados na resposta da API estão corretos.</doc>
<tag>testeTiposDados</tag>
<status status="PASS" start="2024-06-21T13:17:22.613047" elapsed="0.188551"/>
</test>
<test id="s1-s1-t5" name="Validar conteudo" line="35">
<kw name="Teste de Tipos de Conteudo" owner="random-user-service">
<kw name="GET On Session" owner="RequestsLibrary">
<msg time="2024-06-21T13:17:22.894234" level="INFO">GET Request : url=https://randomuser.me/api 
 path_url=/api 
 headers={'User-Agent': 'python-requests/2.32.3', 'Accept-Encoding': 'gzip, deflate', 'Accept': '*/*', 'Connection': 'keep-alive'} 
 body=None 
 </msg>
<msg time="2024-06-21T13:17:22.894347" level="INFO">GET Response : url=https://randomuser.me/api 
 status=200, reason=OK 
 headers={'Date': 'Fri, 21 Jun 2024 13:17:22 GMT', 'Content-Type': 'application/json; charset=utf-8', 'Transfer-Encoding': 'chunked', 'Connection': 'keep-alive', 'X-Powered-By': 'Express', 'Access-Control-Allow-Origin': '*', 'Cache-Control': 'no-cache', 'ETag': 'W/"48a-Efrwb1GFfs9ksBE2j3jEho0n3ZQ"', 'Vary': 'Accept-Encoding', 'Content-Encoding': 'gzip', 'CF-Cache-Status': 'DYNAMIC', 'Report-To': '{"endpoints":[{"url":"https:\\/\\/a.nel.cloudflare.com\\/report\\/v4?s=Li5MrAsfFOS%2BiEAW6tca6xR%2BwEY7tu8%2BJW6A70wbJfIwJSBZpuP6i5btc%2B46UEcgdHOxXumfn52qdm5slVbJPdBzAXJJpy535mObKomGrczbhnYKAOpp9c6v5HSMWgZW"}],"group":"cf-nel","max_age":604800}', 'NEL': '{"success_fraction":0,"report_to":"cf-nel","max_age":604800}', 'Server': 'cloudflare', 'CF-RAY': '897447498c485b5e-IAD', 'alt-svc': 'h3=":443"; ma=86400'} 
 body={"results":[{"gender":"male","name":{"title":"Mr","first":"Thomas","last":"Martinez"},"location":{"street":{"number":7203,"name":"Mill Road"},"city":"Canterbury","state":"Gwynedd County","country":"United Kingdom","postcode":"L42 9FL","coordinates":{"latitude":"-9.0740","longitude":"-170.0873"},"timezone":{"offset":"-3:30","description":"Newfoundland"}},"email":"thomas.martinez@example.com","login":{"uuid":"e94b727f-3f8c-4a01-aae3-01faaa78f69c","username":"tinyduck153","password":"neville","salt":"n0IVPafy","md5":"2c31f5c23de553c5afd2b0eea704e1b5","sha1":"7aa9f4b683a385fc8cba9d947c4ccff3b3cf1acf","sha256":"afdf9a4e7758a943d9330d4664c64a2e9c458f36fc801faca5370650dd8df3bd"},"dob":{"date":"1950-05-11T23:36:23.231Z","age":74},"registered":{"date":"2021-12-11T09:31:28.870Z","age":2},"phone":"017684 56209","cell":"07683 993098","id":{"name":"NINO","value":"SE 35 51 68 S"},"picture":{"large":"https://randomuser.me/api/portraits/men/63.jpg","medium":"https://randomuser.me/api/portraits/med/men/63.jpg","thumbnail":"https://randomuser.me/api/portraits/thumb/men/63.jpg"},"nat":"GB"}],"info":{"seed":"fa970f6b53cb42f2","results":1,"page":1,"version":"1.4"}} 
 </msg>
<msg time="2024-06-21T13:17:22.894433" level="INFO">/opt/hostedtoolcache/Python/3.12.4/x64/lib/python3.12/site-packages/urllib3/connectionpool.py:1099: InsecureRequestWarning: Unverified HTTPS request is being made to host 'randomuser.me'. Adding certificate verification is strongly advised. See: https://urllib3.readthedocs.io/en/latest/advanced-usage.html#tls-warnings
  warnings.warn(</msg>
<msg time="2024-06-21T13:17:22.894587" level="INFO">${response} = &lt;Response [200]&gt;</msg>
<var>${response}</var>
<arg>consultarAPI</arg>
<arg>/api</arg>
<doc>Sends a GET request on a previously created HTTP Session.</doc>
<status status="PASS" start="2024-06-21T13:17:22.804468" elapsed="0.090159"/>
</kw>
<kw name="Set Variable" owner="BuiltIn">
<msg time="2024-06-21T13:17:22.895808" level="INFO">${json_data} = {'results': [{'gender': 'male', 'name': {'title': 'Mr', 'first': 'Thomas', 'last': 'Martinez'}, 'location': {'street': {'number': 7203, 'name': 'Mill Road'}, 'city': 'Canterbury', 'state': 'Gwynedd Co...</msg>
<var>${json_data}</var>
<arg>${response.json()}</arg>
<doc>Returns the given values which can then be assigned to a variables.</doc>
<status status="PASS" start="2024-06-21T13:17:22.895256" elapsed="0.000580"/>
</kw>
<kw name="Set Variable" owner="BuiltIn">
<msg time="2024-06-21T13:17:22.896547" level="INFO">${name_title} = Mr</msg>
<var>${name_title}</var>
<arg>${json_data["results"][0]["name"]["title"]}</arg>
<doc>Returns the given values which can then be assigned to a variables.</doc>
<status status="PASS" start="2024-06-21T13:17:22.896156" elapsed="0.000416"/>
</kw>
<kw name="Create List" owner="BuiltIn">
<msg time="2024-06-21T13:17:22.897020" level="INFO">${allowed_titles} = ['Mr', 'Ms', 'Miss', 'Mrs', 'Madame', 'Monsieur']</msg>
<var>${allowed_titles}</var>
<arg>Mr</arg>
<arg>Ms</arg>
<arg>Miss</arg>
<arg>Mrs</arg>
<arg>Madame</arg>
<arg>Monsieur</arg>
<doc>Returns a list containing given items.</doc>
<status status="PASS" start="2024-06-21T13:17:22.896872" elapsed="0.000173"/>
</kw>
<kw name="List Should Contain Value" owner="Collections">
<arg>${allowed_titles}</arg>
<arg>${name_title}</arg>
<doc>Fails if the ``value`` is not found from ``list``.</doc>
<status status="PASS" start="2024-06-21T13:17:22.897352" elapsed="0.000178"/>
</kw>
<kw name="Set Variable" owner="BuiltIn">
<msg time="2024-06-21T13:17:22.898085" level="INFO">${name_country} = GB</msg>
<var>${name_country}</var>
<arg>${json_data["results"][0]["nat"]}</arg>
<doc>Returns the given values which can then be assigned to a variables.</doc>
<status status="PASS" start="2024-06-21T13:17:22.897705" elapsed="0.000406"/>
</kw>
<kw name="Create List" owner="BuiltIn">
<msg time="2024-06-21T13:17:22.899047" level="INFO">${list_country} = ['AD', 'AE', 'AF', 'AG', 'AI', 'AL', 'AM', 'AO', 'AQ', 'AR', 'AS', 'AT', 'AU', 'AW', 'AX', 'AZ', 'BA', 'BB', 'BD', 'BE', 'BF', 'BG', 'BH', 'BI', 'BJ', 'BL', 'BM', 'BN', 'BO', 'BQ', 'BR', 'BS', 'BT', '...</msg>
<var>${list_country}</var>
<arg>AD</arg>
<arg>AE</arg>
<arg>AF</arg>
<arg>AG</arg>
<arg>AI</arg>
<arg>AL</arg>
<arg>AM</arg>
<arg>AO</arg>
<arg>AQ</arg>
<arg>AR</arg>
<arg>AS</arg>
<arg>AT</arg>
<arg>AU</arg>
<arg>AW</arg>
<arg>AX</arg>
<arg>AZ</arg>
<arg>BA</arg>
<arg>BB</arg>
<arg>BD</arg>
<arg>BE</arg>
<arg>BF</arg>
<arg>BG</arg>
<arg>BH</arg>
<arg>BI</arg>
<arg>BJ</arg>
<arg>BL</arg>
<arg>BM</arg>
<arg>BN</arg>
<arg>BO</arg>
<arg>BQ</arg>
<arg>BR</arg>
<arg>BS</arg>
<arg>BT</arg>
<arg>BV</arg>
<arg>BW</arg>
<arg>BY</arg>
<arg>BZ</arg>
<arg>CA</arg>
<arg>CC</arg>
<arg>CD</arg>
<arg>CF</arg>
<arg>CG</arg>
<arg>CH</arg>
<arg>CI</arg>
<arg>CK</arg>
<arg>CL</arg>
<arg>CM</arg>
<arg>CN</arg>
<arg>CO</arg>
<arg>CR</arg>
<arg>CU</arg>
<arg>CV</arg>
<arg>CW</arg>
<arg>CX</arg>
<arg>CY</arg>
<arg>CZ</arg>
<arg>DE</arg>
<arg>DJ</arg>
<arg>DK</arg>
<arg>DM</arg>
<arg>DO</arg>
<arg>DZ</arg>
<arg>EC</arg>
<arg>EE</arg>
<arg>EG</arg>
<arg>EH</arg>
<arg>ER</arg>
<arg>ES</arg>
<arg>ET</arg>
<arg>FI</arg>
<arg>FJ</arg>
<arg>FK</arg>
<arg>FM</arg>
<arg>FO</arg>
<arg>FR</arg>
<arg>GA</arg>
<arg>GB</arg>
<arg>GD</arg>
<arg>GE</arg>
<arg>GF</arg>
<arg>GG</arg>
<arg>GH</arg>
<arg>GI</arg>
<arg>GL</arg>
<arg>GM</arg>
<arg>GN</arg>
<arg>GP</arg>
<arg>GQ</arg>
<arg>GR</arg>
<arg>GS</arg>
<arg>GT</arg>
<arg>GU</arg>
<arg>GW</arg>
<arg>GY</arg>
<arg>HK</arg>
<arg>HM</arg>
<arg>HN</arg>
<arg>HR</arg>
<arg>HT</arg>
<arg>HU</arg>
<arg>ID</arg>
<arg>IE</arg>
<arg>IL</arg>
<arg>IM</arg>
<arg>IN</arg>
<arg>IO</arg>
<arg>IQ</arg>
<arg>IR</arg>
<arg>IS</arg>
<arg>IT</arg>
<arg>JE</arg>
<arg>JM</arg>
<arg>JO</arg>
<arg>JP</arg>
<arg>KE</arg>
<arg>KG</arg>
<arg>KH</arg>
<arg>KI</arg>
<arg>KM</arg>
<arg>KN</arg>
<arg>KP</arg>
<arg>KR</arg>
<arg>KW</arg>
<arg>KY</arg>
<arg>KZ</arg>
<arg>LA</arg>
<arg>LB</arg>
<arg>LC</arg>
<arg>LI</arg>
<arg>LK</arg>
<arg>LR</arg>
<arg>LS</arg>
<arg>LT</arg>
<arg>LU</arg>
<arg>LV</arg>
<arg>LY</arg>
<arg>MA</arg>
<arg>MC</arg>
<arg>MD</arg>
<arg>ME</arg>
<arg>MF</arg>
<arg>MG</arg>
<arg>MH</arg>
<arg>MK</arg>
<arg>ML</arg>
<arg>MM</arg>
<arg>MN</arg>
<arg>MO</arg>
<arg>MP</arg>
<arg>MQ</arg>
<arg>MR</arg>
<arg>MS</arg>
<arg>MT</arg>
<arg>MU</arg>
<arg>MV</arg>
<arg>MW</arg>
<arg>MX</arg>
<arg>MY</arg>
<arg>MZ</arg>
<arg>NA</arg>
<arg>NC</arg>
<arg>NE</arg>
<arg>NF</arg>
<arg>NG</arg>
<arg>NI</arg>
<arg>NL</arg>
<arg>NO</arg>
<arg>NP</arg>
<arg>NR</arg>
<arg>NU</arg>
<arg>NZ</arg>
<arg>OM</arg>
<arg>PA</arg>
<arg>PE</arg>
<arg>PF</arg>
<arg>PG</arg>
<arg>PH</arg>
<arg>PK</arg>
<arg>PL</arg>
<arg>PM</arg>
<arg>PN</arg>
<arg>PR</arg>
<arg>PS</arg>
<arg>PT</arg>
<arg>PW</arg>
<arg>PY</arg>
<arg>QA</arg>
<arg>RE</arg>
<arg>RO</arg>
<arg>RS</arg>
<arg>RU</arg>
<arg>RW</arg>
<arg>SA</arg>
<arg>SB</arg>
<arg>SC</arg>
<arg>SD</arg>
<arg>SE</arg>
<arg>SG</arg>
<arg>SH</arg>
<arg>SI</arg>
<arg>SJ</arg>
<arg>SK</arg>
<arg>SL</arg>
<arg>SM</arg>
<arg>SN</arg>
<arg>SO</arg>
<arg>SR</arg>
<arg>SS</arg>
<arg>ST</arg>
<arg>SV</arg>
<arg>SX</arg>
<arg>SY</arg>
<arg>SZ</arg>
<arg>TC</arg>
<arg>TD</arg>
<arg>TF</arg>
<arg>TG</arg>
<arg>TH</arg>
<arg>TJ</arg>
<arg>TK</arg>
<arg>TL</arg>
<arg>TM</arg>
<arg>TN</arg>
<arg>TO</arg>
<arg>TR</arg>
<arg>TT</arg>
<arg>TV</arg>
<arg>TW</arg>
<arg>TZ</arg>
<arg>UA</arg>
<arg>UG</arg>
<arg>UM</arg>
<arg>US</arg>
<arg>UY</arg>
<arg>UZ</arg>
<arg>VA</arg>
<arg>VC</arg>
<arg>VE</arg>
<arg>VG</arg>
<arg>VI</arg>
<arg>VN</arg>
<arg>VU</arg>
<arg>WF</arg>
<arg>WS</arg>
<arg>XK</arg>
<arg>YE</arg>
<arg>YT</arg>
<arg>ZA</arg>
<arg>ZM</arg>
<arg>ZW</arg>
<doc>Returns a list containing given items.</doc>
<status status="PASS" start="2024-06-21T13:17:22.898441" elapsed="0.000631"/>
</kw>
<kw name="List Should Contain Value" owner="Collections">
<arg>${list_country}</arg>
<arg>${name_country}</arg>
<doc>Fails if the ``value`` is not found from ``list``.</doc>
<status status="PASS" start="2024-06-21T13:17:22.899890" elapsed="0.000200"/>
</kw>
<kw name="Run Keyword If" owner="BuiltIn">
<kw name="Should Be True" owner="BuiltIn">
<arg>${True}</arg>
<doc>Fails if the given condition is not true.</doc>
<status status="PASS" start="2024-06-21T13:17:22.901048" elapsed="0.000152"/>
</kw>
<arg>${json_data["results"][0]["location"]["coordinates"]["latitude"]} &gt;= -90 and ${json_data["results"][0]["location"]["coordinates"]["latitude"]} &lt;= 90</arg>
<arg>Should Be True</arg>
<arg>${True}</arg>
<doc>Runs the given keyword with the given arguments, if ``condition`` is true.</doc>
<status status="PASS" start="2024-06-21T13:17:22.900295" elapsed="0.001029"/>
</kw>
<kw name="Run Keyword If" owner="BuiltIn">
<kw name="Should Be True" owner="BuiltIn">
<arg>${True}</arg>
<doc>Fails if the given condition is not true.</doc>
<status status="PASS" start="2024-06-21T13:17:22.902222" elapsed="0.000246"/>
</kw>
<arg>${json_data["results"][0]["location"]["coordinates"]["longitude"]} &gt;= -180 and ${json_data["results"][0]["location"]["coordinates"]["longitude"]} &lt;= 180</arg>
<arg>Should Be True</arg>
<arg>${True}</arg>
<doc>Runs the given keyword with the given arguments, if ``condition`` is true.</doc>
<status status="PASS" start="2024-06-21T13:17:22.901504" elapsed="0.001091"/>
</kw>
<status status="PASS" start="2024-06-21T13:17:22.804093" elapsed="0.098635"/>
</kw>
<doc>Testa o conteúdo específico dos campos retornados pela API.</doc>
<tag>testeConteudo</tag>
<status status="PASS" start="2024-06-21T13:17:22.803430" elapsed="0.099451"/>
</test>
<status status="PASS" start="2024-06-21T13:17:22.050057" elapsed="0.854834"/>
</suite>
<status status="PASS" start="2024-06-21T13:17:22.035228" elapsed="0.874776"/>
</suite>
<statistics>
<total>
<stat pass="5" fail="0" skip="0">All Tests</stat>
</total>
<tag>
<stat pass="1" fail="0" skip="0">testeConteudo</stat>
<stat pass="1" fail="0" skip="0">testeEstruturaResposta</stat>
<stat pass="1" fail="0" skip="0">testeRequisicaoBasica</stat>
<stat pass="1" fail="0" skip="0">testeTiposDados</stat>
</tag>
<suite>
<stat pass="5" fail="0" skip="0" id="s1" name="Tests">Tests</stat>
<stat pass="5" fail="0" skip="0" id="s1-s1" name="Random-User-Test">Tests.Random-User-Test</stat>
</suite>
</statistics>
<errors>
</errors>
</robot>
