<?xml version="1.0" encoding="UTF-8"?>
<robot generator="Robot 7.0 (Python 3.12.3 on linux)" generated="2024-05-31T08:19:09.928352" rpa="false" schemaversion="5">
<suite id="s1" name="Tests" source="/home/runner/work/ApiRandomUser/ApiRandomUser/RamdonUser/tests">
<suite id="s1-s1" name="Random-User-Test" source="/home/runner/work/ApiRandomUser/ApiRandomUser/RamdonUser/tests/random-user-test.robot">
<test id="s1-s1-t1" name="Conectar" line="13">
<kw name="Conectar API" owner="random-user-service">
<kw name="Create Session" owner="RequestsLibrary">
<msg time="2024-05-31T08:19:10.363260" level="INFO">Creating Session using : alias=consultarAPI, url=https://randomuser.me/, headers={},                     cookies={}, auth=None, timeout=None, proxies=None, verify=False,                     debug=0 </msg>
<arg>consultarAPI</arg>
<arg>${URL}</arg>
<doc>Create Session: create a HTTP session to a server</doc>
<status status="PASS" start="2024-05-31T08:19:10.363023" elapsed="0.000464"/>
</kw>
<status status="PASS" start="2024-05-31T08:19:10.361942" elapsed="0.001962"/>
</kw>
<status status="PASS" start="2024-05-31T08:19:10.361224" elapsed="0.002892"/>
</test>
<test id="s1-s1-t2" name="Validar retorno 200 e JSON Válido" line="16">
<kw name="Teste de Requisicao Basica" owner="random-user-service">
<kw name="GET On Session" owner="RequestsLibrary">
<msg time="2024-05-31T08:19:10.578188" level="INFO">GET Request : url=https://randomuser.me/api 
 path_url=/api 
 headers={'User-Agent': 'python-requests/2.32.3', 'Accept-Encoding': 'gzip, deflate', 'Accept': '*/*', 'Connection': 'keep-alive'} 
 body=None 
 </msg>
<msg time="2024-05-31T08:19:10.578345" level="INFO">GET Response : url=https://randomuser.me/api 
 status=200, reason=OK 
 headers={'Date': 'Fri, 31 May 2024 08:19:10 GMT', 'Content-Type': 'application/json; charset=utf-8', 'Transfer-Encoding': 'chunked', 'Connection': 'keep-alive', 'X-Powered-By': 'Express', 'Access-Control-Allow-Origin': '*', 'Cache-Control': 'no-cache', 'ETag': 'W/"48f-XRhzLfE7TMfowDoFbEt0iBpU8fQ"', 'Vary': 'Accept-Encoding', 'Content-Encoding': 'gzip', 'CF-Cache-Status': 'DYNAMIC', 'Report-To': '{"endpoints":[{"url":"https:\\/\\/a.nel.cloudflare.com\\/report\\/v4?s=Mf7%2BsQqPG2wBJx3BF5DRZLDE89flsibyW7H1kPAOMoB9%2FwcArWtQa1nlmpm3XyMsMbJRRg7adIYvx7lNYMspMHOXSPQGDSdkS0jPsVdEwqnNblP5sw7U2LF9ixTQKwim"}],"group":"cf-nel","max_age":604800}', 'NEL': '{"success_fraction":0,"report_to":"cf-nel","max_age":604800}', 'Server': 'cloudflare', 'CF-RAY': '88c58996e82b2418-IAD', 'alt-svc': 'h3=":443"; ma=86400'} 
 body={"results":[{"gender":"female","name":{"title":"Miss","first":"Supritha","last":"Kamath"},"location":{"street":{"number":5065,"name":"Shivajinagar"},"city":"Rewa","state":"Manipur","country":"India","postcode":64944,"coordinates":{"latitude":"8.3759","longitude":"130.0468"},"timezone":{"offset":"+4:00","description":"Abu Dhabi, Muscat, Baku, Tbilisi"}},"email":"supritha.kamath@example.com","login":{"uuid":"d6598ec9-916a-4628-a687-ae424ee81eed","username":"heavymouse913","password":"kcj9wx5n","salt":"gAOBjH5z","md5":"362b05ee9ecf4bb8845139dbe1f5ef70","sha1":"c7a00c3b741b8c749bade6d9af80ea9ee0e26e79","sha256":"7ee18dc9f0c8beef77c337e34af141241429dfb9dea1fa6029e0b857d85fcfc6"},"dob":{"date":"1961-08-25T20:05:03.040Z","age":62},"registered":{"date":"2004-10-13T03:58:47.923Z","age":19},"phone":"9950988126","cell":"8668305646","id":{"name":"UIDAI","value":"917333885529"},"picture":{"large":"https://randomuser.me/api/portraits/women/26.jpg","medium":"https://randomuser.me/api/portraits/med/women/26.jpg","thumbnail":"https://randomuser.me/api/portraits/thumb/women/26.jpg"},"nat":"IN"}],"info":{"seed":"23dcfe2c003cc7f7","results":1,"page":1,"version":"1.4"}} 
 </msg>
<msg time="2024-05-31T08:19:10.578446" level="INFO">/opt/hostedtoolcache/Python/3.12.3/x64/lib/python3.12/site-packages/urllib3/connectionpool.py:1103: InsecureRequestWarning: Unverified HTTPS request is being made to host 'randomuser.me'. Adding certificate verification is strongly advised. See: https://urllib3.readthedocs.io/en/latest/advanced-usage.html#tls-warnings
  warnings.warn(</msg>
<msg time="2024-05-31T08:19:10.578602" level="INFO">${response} = &lt;Response [200]&gt;</msg>
<var>${response}</var>
<arg>consultarAPI</arg>
<arg>/api</arg>
<doc>Sends a GET request on a previously created HTTP Session.</doc>
<status status="PASS" start="2024-05-31T08:19:10.366983" elapsed="0.211670"/>
</kw>
<kw name="Should Be Equal As Numbers" owner="BuiltIn">
<msg time="2024-05-31T08:19:10.579879" level="INFO">Argument types are:
&lt;class 'int'&gt;
&lt;class 'str'&gt;</msg>
<arg>${response.status_code}</arg>
<arg>200</arg>
<doc>Fails if objects are unequal after converting them to real numbers.</doc>
<status status="PASS" start="2024-05-31T08:19:10.579360" elapsed="0.000585"/>
</kw>
<kw name="Log" owner="BuiltIn">
<msg time="2024-05-31T08:19:10.580639" level="INFO">200</msg>
<arg>${response.status_code}</arg>
<doc>Logs the given message with the given level.</doc>
<status status="PASS" start="2024-05-31T08:19:10.580289" elapsed="0.000396"/>
</kw>
<kw name="Set Variable" owner="BuiltIn">
<msg time="2024-05-31T08:19:10.581417" level="INFO">${json_data} = {'results': [{'gender': 'female', 'name': {'title': 'Miss', 'first': 'Supritha', 'last': 'Kamath'}, 'location': {'street': {'number': 5065, 'name': 'Shivajinagar'}, 'city': 'Rewa', 'state': 'Manipur',...</msg>
<var>${json_data}</var>
<arg>${response.json()}</arg>
<doc>Returns the given values which can then be assigned to a variables.</doc>
<status status="PASS" start="2024-05-31T08:19:10.580994" elapsed="0.000451"/>
</kw>
<kw name="Dictionary Should Contain Key" owner="Collections">
<msg time="2024-05-31T08:19:10.581957" level="INFO">False</msg>
<arg>${json_data}</arg>
<arg>results</arg>
<doc>Fails if ``key`` is not found from ``dictionary``.</doc>
<status status="PASS" start="2024-05-31T08:19:10.581786" elapsed="0.000210"/>
</kw>
<status status="PASS" start="2024-05-31T08:19:10.366716" elapsed="0.215532"/>
</kw>
<doc>Testa se a API responde corretamente e retorna um objeto JSON válido.</doc>
<tag>testeRequisicaoBasica</tag>
<status status="PASS" start="2024-05-31T08:19:10.366080" elapsed="0.216356"/>
</test>
<test id="s1-s1-t3" name="Validar estrutura de resposta" line="22">
<kw name="Teste de Estrutura de Resposta" owner="random-user-service">
<kw name="GET On Session" owner="RequestsLibrary">
<msg time="2024-05-31T08:19:10.678855" level="INFO">GET Request : url=https://randomuser.me/api 
 path_url=/api 
 headers={'User-Agent': 'python-requests/2.32.3', 'Accept-Encoding': 'gzip, deflate', 'Accept': '*/*', 'Connection': 'keep-alive'} 
 body=None 
 </msg>
<msg time="2024-05-31T08:19:10.678989" level="INFO">GET Response : url=https://randomuser.me/api 
 status=200, reason=OK 
 headers={'Date': 'Fri, 31 May 2024 08:19:10 GMT', 'Content-Type': 'application/json; charset=utf-8', 'Transfer-Encoding': 'chunked', 'Connection': 'keep-alive', 'X-Powered-By': 'Express', 'Access-Control-Allow-Origin': '*', 'Cache-Control': 'no-cache', 'ETag': 'W/"48c-p+iRnFJFwLMRpoEyRkOYgePjBqY"', 'Vary': 'Accept-Encoding', 'Content-Encoding': 'gzip', 'CF-Cache-Status': 'DYNAMIC', 'Report-To': '{"endpoints":[{"url":"https:\\/\\/a.nel.cloudflare.com\\/report\\/v4?s=k45UlxuMcAHJknur1HvTZv%2B4X5%2BtWCtGvZr9J8VDHzPmdAvYmuc5j0mLLlT8abD9b5ZTKEyZ2o5nYBGHMTBpNxlltfmKlrqc%2BFjjFbR38mMXwQejqtU47VLnuYnc0y7h"}],"group":"cf-nel","max_age":604800}', 'NEL': '{"success_fraction":0,"report_to":"cf-nel","max_age":604800}', 'Server': 'cloudflare', 'CF-RAY': '88c5899728702418-IAD', 'alt-svc': 'h3=":443"; ma=86400'} 
 body={"results":[{"gender":"male","name":{"title":"Mr","first":"Balveer","last":"Prajapati"},"location":{"street":{"number":5184,"name":"Rajaji Salai"},"city":"Gopalpur","state":"Meghalaya","country":"India","postcode":24313,"coordinates":{"latitude":"9.3715","longitude":"-161.8674"},"timezone":{"offset":"-3:00","description":"Brazil, Buenos Aires, Georgetown"}},"email":"balveer.prajapati@example.com","login":{"uuid":"3a58a5a2-2412-4dae-becf-b561a087168d","username":"smallzebra730","password":"systems","salt":"jpelZP5R","md5":"a5cb31026ba485512a9f51c116c8e7e7","sha1":"517486ee864b737b0cd532dd2cb43cb87e80764a","sha256":"b8e62c4b380942d3bc95c9ea062b6641850fd88e1d9aa4082dfd3d54204f80e1"},"dob":{"date":"1965-04-14T00:46:43.619Z","age":59},"registered":{"date":"2010-09-10T08:22:48.672Z","age":13},"phone":"9054145851","cell":"9299536726","id":{"name":"UIDAI","value":"531701793617"},"picture":{"large":"https://randomuser.me/api/portraits/men/8.jpg","medium":"https://randomuser.me/api/portraits/med/men/8.jpg","thumbnail":"https://randomuser.me/api/portraits/thumb/men/8.jpg"},"nat":"IN"}],"info":{"seed":"8a15119a4f41a5cd","results":1,"page":1,"version":"1.4"}} 
 </msg>
<msg time="2024-05-31T08:19:10.679163" level="INFO">/opt/hostedtoolcache/Python/3.12.3/x64/lib/python3.12/site-packages/urllib3/connectionpool.py:1103: InsecureRequestWarning: Unverified HTTPS request is being made to host 'randomuser.me'. Adding certificate verification is strongly advised. See: https://urllib3.readthedocs.io/en/latest/advanced-usage.html#tls-warnings
  warnings.warn(</msg>
<msg time="2024-05-31T08:19:10.679333" level="INFO">${response} = &lt;Response [200]&gt;</msg>
<var>${response}</var>
<arg>consultarAPI</arg>
<arg>/api</arg>
<doc>Sends a GET request on a previously created HTTP Session.</doc>
<status status="PASS" start="2024-05-31T08:19:10.584991" elapsed="0.094386"/>
</kw>
<kw name="Set Variable" owner="BuiltIn">
<msg time="2024-05-31T08:19:10.680952" level="INFO">${json_data} = {'results': [{'gender': 'male', 'name': {'title': 'Mr', 'first': 'Balveer', 'last': 'Prajapati'}, 'location': {'street': {'number': 5184, 'name': 'Rajaji Salai'}, 'city': 'Gopalpur', 'state': 'Meghala...</msg>
<var>${json_data}</var>
<arg>${response.json()}</arg>
<doc>Returns the given values which can then be assigned to a variables.</doc>
<status status="PASS" start="2024-05-31T08:19:10.680313" elapsed="0.000668"/>
</kw>
<kw name="Log" owner="BuiltIn">
<msg time="2024-05-31T08:19:10.681474" level="INFO">{'results': [{'gender': 'male', 'name': {'title': 'Mr', 'first': 'Balveer', 'last': 'Prajapati'}, 'location': {'street': {'number': 5184, 'name': 'Rajaji Salai'}, 'city': 'Gopalpur', 'state': 'Meghalaya', 'country': 'India', 'postcode': 24313, 'coordinates': {'latitude': '9.3715', 'longitude': '-161.8674'}, 'timezone': {'offset': '-3:00', 'description': 'Brazil, Buenos Aires, Georgetown'}}, 'email': 'balveer.prajapati@example.com', 'login': {'uuid': '3a58a5a2-2412-4dae-becf-b561a087168d', 'username': 'smallzebra730', 'password': 'systems', 'salt': 'jpelZP5R', 'md5': 'a5cb31026ba485512a9f51c116c8e7e7', 'sha1': '517486ee864b737b0cd532dd2cb43cb87e80764a', 'sha256': 'b8e62c4b380942d3bc95c9ea062b6641850fd88e1d9aa4082dfd3d54204f80e1'}, 'dob': {'date': '1965-04-14T00:46:43.619Z', 'age': 59}, 'registered': {'date': '2010-09-10T08:22:48.672Z', 'age': 13}, 'phone': '9054145851', 'cell': '9299536726', 'id': {'name': 'UIDAI', 'value': '531701793617'}, 'picture': {'large': 'https://randomuser.me/api/portraits/men/8.jpg', 'medium': 'https://randomuser.me/api/portraits/med/men/8.jpg', 'thumbnail': 'https://randomuser.me/api/portraits/thumb/men/8.jpg'}, 'nat': 'IN'}], 'info': {'seed': '8a15119a4f41a5cd', 'results': 1, 'page': 1, 'version': '1.4'}}</msg>
<arg>${json_data}</arg>
<doc>Logs the given message with the given level.</doc>
<status status="PASS" start="2024-05-31T08:19:10.681302" elapsed="0.000227"/>
</kw>
<kw name="Dictionary Should Contain Key" owner="Collections">
<msg time="2024-05-31T08:19:10.682053" level="INFO">False</msg>
<arg>${json_data}</arg>
<arg>results</arg>
<doc>Fails if ``key`` is not found from ``dictionary``.</doc>
<status status="PASS" start="2024-05-31T08:19:10.681885" elapsed="0.000206"/>
</kw>
<kw name="Should Not Be Empty" owner="BuiltIn">
<msg time="2024-05-31T08:19:10.682538" level="INFO">Length is 2.</msg>
<arg>${json_data}</arg>
<doc>Verifies that the given item is not empty.</doc>
<status status="PASS" start="2024-05-31T08:19:10.682394" elapsed="0.000182"/>
</kw>
<kw name="Create List" owner="BuiltIn">
<msg time="2024-05-31T08:19:10.683217" level="INFO">${expected_keys} = ['gender', 'name', 'location', 'email', 'login']</msg>
<var>${expected_keys}</var>
<arg>gender</arg>
<arg>name</arg>
<arg>location</arg>
<arg>email</arg>
<arg>login</arg>
<doc>Returns a list containing given items.</doc>
<status status="PASS" start="2024-05-31T08:19:10.682872" elapsed="0.000369"/>
</kw>
<for flavor="IN">
<iter>
<kw name="Dictionary Should Contain Key" owner="Collections">
<msg time="2024-05-31T08:19:10.684309" level="INFO">False</msg>
<arg>${json_data['results'][0]}</arg>
<arg>${key}</arg>
<doc>Fails if ``key`` is not found from ``dictionary``.</doc>
<status status="PASS" start="2024-05-31T08:19:10.683872" elapsed="0.000476"/>
</kw>
<kw name="Log" owner="BuiltIn">
<msg time="2024-05-31T08:19:10.685032" level="INFO">{'gender': 'male', 'name': {'title': 'Mr', 'first': 'Balveer', 'last': 'Prajapati'}, 'location': {'street': {'number': 5184, 'name': 'Rajaji Salai'}, 'city': 'Gopalpur', 'state': 'Meghalaya', 'country': 'India', 'postcode': 24313, 'coordinates': {'latitude': '9.3715', 'longitude': '-161.8674'}, 'timezone': {'offset': '-3:00', 'description': 'Brazil, Buenos Aires, Georgetown'}}, 'email': 'balveer.prajapati@example.com', 'login': {'uuid': '3a58a5a2-2412-4dae-becf-b561a087168d', 'username': 'smallzebra730', 'password': 'systems', 'salt': 'jpelZP5R', 'md5': 'a5cb31026ba485512a9f51c116c8e7e7', 'sha1': '517486ee864b737b0cd532dd2cb43cb87e80764a', 'sha256': 'b8e62c4b380942d3bc95c9ea062b6641850fd88e1d9aa4082dfd3d54204f80e1'}, 'dob': {'date': '1965-04-14T00:46:43.619Z', 'age': 59}, 'registered': {'date': '2010-09-10T08:22:48.672Z', 'age': 13}, 'phone': '9054145851', 'cell': '9299536726', 'id': {'name': 'UIDAI', 'value': '531701793617'}, 'picture': {'large': 'https://randomuser.me/api/portraits/men/8.jpg', 'medium': 'https://randomuser.me/api/portraits/med/men/8.jpg', 'thumbnail': 'https://randomuser.me/api/portraits/thumb/men/8.jpg'}, 'nat': 'IN'}</msg>
<arg>${json_data['results'][0]}</arg>
<doc>Logs the given message with the given level.</doc>
<status status="PASS" start="2024-05-31T08:19:10.684651" elapsed="0.000431"/>
</kw>
<kw name="Log" owner="BuiltIn">
<msg time="2024-05-31T08:19:10.685516" level="INFO">gender</msg>
<arg>${key}</arg>
<doc>Logs the given message with the given level.</doc>
<status status="PASS" start="2024-05-31T08:19:10.685386" elapsed="0.000168"/>
</kw>
<var name="${key}">gender</var>
<status status="PASS" start="2024-05-31T08:19:10.683734" elapsed="0.002060"/>
</iter>
<iter>
<kw name="Dictionary Should Contain Key" owner="Collections">
<msg time="2024-05-31T08:19:10.686515" level="INFO">False</msg>
<arg>${json_data['results'][0]}</arg>
<arg>${key}</arg>
<doc>Fails if ``key`` is not found from ``dictionary``.</doc>
<status status="PASS" start="2024-05-31T08:19:10.686120" elapsed="0.000433"/>
</kw>
<kw name="Log" owner="BuiltIn">
<msg time="2024-05-31T08:19:10.687238" level="INFO">{'gender': 'male', 'name': {'title': 'Mr', 'first': 'Balveer', 'last': 'Prajapati'}, 'location': {'street': {'number': 5184, 'name': 'Rajaji Salai'}, 'city': 'Gopalpur', 'state': 'Meghalaya', 'country': 'India', 'postcode': 24313, 'coordinates': {'latitude': '9.3715', 'longitude': '-161.8674'}, 'timezone': {'offset': '-3:00', 'description': 'Brazil, Buenos Aires, Georgetown'}}, 'email': 'balveer.prajapati@example.com', 'login': {'uuid': '3a58a5a2-2412-4dae-becf-b561a087168d', 'username': 'smallzebra730', 'password': 'systems', 'salt': 'jpelZP5R', 'md5': 'a5cb31026ba485512a9f51c116c8e7e7', 'sha1': '517486ee864b737b0cd532dd2cb43cb87e80764a', 'sha256': 'b8e62c4b380942d3bc95c9ea062b6641850fd88e1d9aa4082dfd3d54204f80e1'}, 'dob': {'date': '1965-04-14T00:46:43.619Z', 'age': 59}, 'registered': {'date': '2010-09-10T08:22:48.672Z', 'age': 13}, 'phone': '9054145851', 'cell': '9299536726', 'id': {'name': 'UIDAI', 'value': '531701793617'}, 'picture': {'large': 'https://randomuser.me/api/portraits/men/8.jpg', 'medium': 'https://randomuser.me/api/portraits/med/men/8.jpg', 'thumbnail': 'https://randomuser.me/api/portraits/thumb/men/8.jpg'}, 'nat': 'IN'}</msg>
<arg>${json_data['results'][0]}</arg>
<doc>Logs the given message with the given level.</doc>
<status status="PASS" start="2024-05-31T08:19:10.686878" elapsed="0.000409"/>
</kw>
<kw name="Log" owner="BuiltIn">
<msg time="2024-05-31T08:19:10.687721" level="INFO">name</msg>
<arg>${key}</arg>
<doc>Logs the given message with the given level.</doc>
<status status="PASS" start="2024-05-31T08:19:10.687584" elapsed="0.000175"/>
</kw>
<var name="${key}">name</var>
<status status="PASS" start="2024-05-31T08:19:10.685997" elapsed="0.001980"/>
</iter>
<iter>
<kw name="Dictionary Should Contain Key" owner="Collections">
<msg time="2024-05-31T08:19:10.688649" level="INFO">False</msg>
<arg>${json_data['results'][0]}</arg>
<arg>${key}</arg>
<doc>Fails if ``key`` is not found from ``dictionary``.</doc>
<status status="PASS" start="2024-05-31T08:19:10.688274" elapsed="0.000411"/>
</kw>
<kw name="Log" owner="BuiltIn">
<msg time="2024-05-31T08:19:10.689341" level="INFO">{'gender': 'male', 'name': {'title': 'Mr', 'first': 'Balveer', 'last': 'Prajapati'}, 'location': {'street': {'number': 5184, 'name': 'Rajaji Salai'}, 'city': 'Gopalpur', 'state': 'Meghalaya', 'country': 'India', 'postcode': 24313, 'coordinates': {'latitude': '9.3715', 'longitude': '-161.8674'}, 'timezone': {'offset': '-3:00', 'description': 'Brazil, Buenos Aires, Georgetown'}}, 'email': 'balveer.prajapati@example.com', 'login': {'uuid': '3a58a5a2-2412-4dae-becf-b561a087168d', 'username': 'smallzebra730', 'password': 'systems', 'salt': 'jpelZP5R', 'md5': 'a5cb31026ba485512a9f51c116c8e7e7', 'sha1': '517486ee864b737b0cd532dd2cb43cb87e80764a', 'sha256': 'b8e62c4b380942d3bc95c9ea062b6641850fd88e1d9aa4082dfd3d54204f80e1'}, 'dob': {'date': '1965-04-14T00:46:43.619Z', 'age': 59}, 'registered': {'date': '2010-09-10T08:22:48.672Z', 'age': 13}, 'phone': '9054145851', 'cell': '9299536726', 'id': {'name': 'UIDAI', 'value': '531701793617'}, 'picture': {'large': 'https://randomuser.me/api/portraits/men/8.jpg', 'medium': 'https://randomuser.me/api/portraits/med/men/8.jpg', 'thumbnail': 'https://randomuser.me/api/portraits/thumb/men/8.jpg'}, 'nat': 'IN'}</msg>
<arg>${json_data['results'][0]}</arg>
<doc>Logs the given message with the given level.</doc>
<status status="PASS" start="2024-05-31T08:19:10.688976" elapsed="0.000421"/>
</kw>
<kw name="Log" owner="BuiltIn">
<msg time="2024-05-31T08:19:10.689866" level="INFO">location</msg>
<arg>${key}</arg>
<doc>Logs the given message with the given level.</doc>
<status status="PASS" start="2024-05-31T08:19:10.689701" elapsed="0.000202"/>
</kw>
<var name="${key}">location</var>
<status status="PASS" start="2024-05-31T08:19:10.688161" elapsed="0.001962"/>
</iter>
<iter>
<kw name="Dictionary Should Contain Key" owner="Collections">
<msg time="2024-05-31T08:19:10.690812" level="INFO">False</msg>
<arg>${json_data['results'][0]}</arg>
<arg>${key}</arg>
<doc>Fails if ``key`` is not found from ``dictionary``.</doc>
<status status="PASS" start="2024-05-31T08:19:10.690430" elapsed="0.000419"/>
</kw>
<kw name="Log" owner="BuiltIn">
<msg time="2024-05-31T08:19:10.691503" level="INFO">{'gender': 'male', 'name': {'title': 'Mr', 'first': 'Balveer', 'last': 'Prajapati'}, 'location': {'street': {'number': 5184, 'name': 'Rajaji Salai'}, 'city': 'Gopalpur', 'state': 'Meghalaya', 'country': 'India', 'postcode': 24313, 'coordinates': {'latitude': '9.3715', 'longitude': '-161.8674'}, 'timezone': {'offset': '-3:00', 'description': 'Brazil, Buenos Aires, Georgetown'}}, 'email': 'balveer.prajapati@example.com', 'login': {'uuid': '3a58a5a2-2412-4dae-becf-b561a087168d', 'username': 'smallzebra730', 'password': 'systems', 'salt': 'jpelZP5R', 'md5': 'a5cb31026ba485512a9f51c116c8e7e7', 'sha1': '517486ee864b737b0cd532dd2cb43cb87e80764a', 'sha256': 'b8e62c4b380942d3bc95c9ea062b6641850fd88e1d9aa4082dfd3d54204f80e1'}, 'dob': {'date': '1965-04-14T00:46:43.619Z', 'age': 59}, 'registered': {'date': '2010-09-10T08:22:48.672Z', 'age': 13}, 'phone': '9054145851', 'cell': '9299536726', 'id': {'name': 'UIDAI', 'value': '531701793617'}, 'picture': {'large': 'https://randomuser.me/api/portraits/men/8.jpg', 'medium': 'https://randomuser.me/api/portraits/med/men/8.jpg', 'thumbnail': 'https://randomuser.me/api/portraits/thumb/men/8.jpg'}, 'nat': 'IN'}</msg>
<arg>${json_data['results'][0]}</arg>
<doc>Logs the given message with the given level.</doc>
<status status="PASS" start="2024-05-31T08:19:10.691140" elapsed="0.000415"/>
</kw>
<kw name="Log" owner="BuiltIn">
<msg time="2024-05-31T08:19:10.691985" level="INFO">email</msg>
<arg>${key}</arg>
<doc>Logs the given message with the given level.</doc>
<status status="PASS" start="2024-05-31T08:19:10.691855" elapsed="0.000167"/>
</kw>
<var name="${key}">email</var>
<status status="PASS" start="2024-05-31T08:19:10.690299" elapsed="0.001934"/>
</iter>
<iter>
<kw name="Dictionary Should Contain Key" owner="Collections">
<msg time="2024-05-31T08:19:10.692907" level="INFO">False</msg>
<arg>${json_data['results'][0]}</arg>
<arg>${key}</arg>
<doc>Fails if ``key`` is not found from ``dictionary``.</doc>
<status status="PASS" start="2024-05-31T08:19:10.692517" elapsed="0.000427"/>
</kw>
<kw name="Log" owner="BuiltIn">
<msg time="2024-05-31T08:19:10.693597" level="INFO">{'gender': 'male', 'name': {'title': 'Mr', 'first': 'Balveer', 'last': 'Prajapati'}, 'location': {'street': {'number': 5184, 'name': 'Rajaji Salai'}, 'city': 'Gopalpur', 'state': 'Meghalaya', 'country': 'India', 'postcode': 24313, 'coordinates': {'latitude': '9.3715', 'longitude': '-161.8674'}, 'timezone': {'offset': '-3:00', 'description': 'Brazil, Buenos Aires, Georgetown'}}, 'email': 'balveer.prajapati@example.com', 'login': {'uuid': '3a58a5a2-2412-4dae-becf-b561a087168d', 'username': 'smallzebra730', 'password': 'systems', 'salt': 'jpelZP5R', 'md5': 'a5cb31026ba485512a9f51c116c8e7e7', 'sha1': '517486ee864b737b0cd532dd2cb43cb87e80764a', 'sha256': 'b8e62c4b380942d3bc95c9ea062b6641850fd88e1d9aa4082dfd3d54204f80e1'}, 'dob': {'date': '1965-04-14T00:46:43.619Z', 'age': 59}, 'registered': {'date': '2010-09-10T08:22:48.672Z', 'age': 13}, 'phone': '9054145851', 'cell': '9299536726', 'id': {'name': 'UIDAI', 'value': '531701793617'}, 'picture': {'large': 'https://randomuser.me/api/portraits/men/8.jpg', 'medium': 'https://randomuser.me/api/portraits/med/men/8.jpg', 'thumbnail': 'https://randomuser.me/api/portraits/thumb/men/8.jpg'}, 'nat': 'IN'}</msg>
<arg>${json_data['results'][0]}</arg>
<doc>Logs the given message with the given level.</doc>
<status status="PASS" start="2024-05-31T08:19:10.693240" elapsed="0.000405"/>
</kw>
<kw name="Log" owner="BuiltIn">
<msg time="2024-05-31T08:19:10.694084" level="INFO">login</msg>
<arg>${key}</arg>
<doc>Logs the given message with the given level.</doc>
<status status="PASS" start="2024-05-31T08:19:10.693958" elapsed="0.000163"/>
</kw>
<var name="${key}">login</var>
<status status="PASS" start="2024-05-31T08:19:10.692406" elapsed="0.001950"/>
</iter>
<var>${key}</var>
<value>@{expected_keys}</value>
<status status="PASS" start="2024-05-31T08:19:10.683513" elapsed="0.010970"/>
</for>
<kw name="Create List" owner="BuiltIn">
<msg time="2024-05-31T08:19:10.694835" level="INFO">${expected_keysTwo} = ['username', 'password']</msg>
<var>${expected_keysTwo}</var>
<arg>username</arg>
<arg>password</arg>
<doc>Returns a list containing given items.</doc>
<status status="PASS" start="2024-05-31T08:19:10.694696" elapsed="0.000166"/>
</kw>
<for flavor="IN">
<iter>
<kw name="Dictionary Should Contain Key" owner="Collections">
<msg time="2024-05-31T08:19:10.695755" level="INFO">False</msg>
<arg>${json_data['results'][0]['login']}</arg>
<arg>${keyTwo}</arg>
<doc>Fails if ``key`` is not found from ``dictionary``.</doc>
<status status="PASS" start="2024-05-31T08:19:10.695372" elapsed="0.000420"/>
</kw>
<kw name="Dictionary Should Contain Key" owner="Collections">
<msg time="2024-05-31T08:19:10.696464" level="INFO">False</msg>
<arg>${json_data['results'][0]['login']}</arg>
<arg>${keyTwo}</arg>
<doc>Fails if ``key`` is not found from ``dictionary``.</doc>
<status status="PASS" start="2024-05-31T08:19:10.696085" elapsed="0.000416"/>
</kw>
<kw name="Log" owner="BuiltIn">
<msg time="2024-05-31T08:19:10.696929" level="INFO">username</msg>
<arg>${keyTwo}</arg>
<doc>Logs the given message with the given level.</doc>
<status status="PASS" start="2024-05-31T08:19:10.696802" elapsed="0.000164"/>
</kw>
<var name="${keyTwo}">username</var>
<status status="PASS" start="2024-05-31T08:19:10.695261" elapsed="0.001917"/>
</iter>
<iter>
<kw name="Dictionary Should Contain Key" owner="Collections">
<msg time="2024-05-31T08:19:10.697886" level="INFO">False</msg>
<arg>${json_data['results'][0]['login']}</arg>
<arg>${keyTwo}</arg>
<doc>Fails if ``key`` is not found from ``dictionary``.</doc>
<status status="PASS" start="2024-05-31T08:19:10.697471" elapsed="0.000454"/>
</kw>
<kw name="Dictionary Should Contain Key" owner="Collections">
<msg time="2024-05-31T08:19:10.698679" level="INFO">False</msg>
<arg>${json_data['results'][0]['login']}</arg>
<arg>${keyTwo}</arg>
<doc>Fails if ``key`` is not found from ``dictionary``.</doc>
<status status="PASS" start="2024-05-31T08:19:10.698222" elapsed="0.000496"/>
</kw>
<kw name="Log" owner="BuiltIn">
<msg time="2024-05-31T08:19:10.699149" level="INFO">password</msg>
<arg>${keyTwo}</arg>
<doc>Logs the given message with the given level.</doc>
<status status="PASS" start="2024-05-31T08:19:10.699018" elapsed="0.000178"/>
</kw>
<var name="${keyTwo}">password</var>
<status status="PASS" start="2024-05-31T08:19:10.697354" elapsed="0.002057"/>
</iter>
<var>${keyTwo}</var>
<value>@{expected_keysTwo}</value>
<status status="PASS" start="2024-05-31T08:19:10.695104" elapsed="0.004427"/>
</for>
<status status="PASS" start="2024-05-31T08:19:10.584756" elapsed="0.114917"/>
</kw>
<doc>Testa a estrutura da resposta da API.</doc>
<tag>testeEstruturaResposta</tag>
<status status="PASS" start="2024-05-31T08:19:10.584241" elapsed="0.115595"/>
</test>
<test id="s1-s1-t4" name="Validar tipos de dados" line="28">
<kw name="Teste de Tipos de Dados" owner="random-user-service">
<kw name="GET On Session" owner="RequestsLibrary">
<msg time="2024-05-31T08:19:10.780077" level="INFO">GET Request : url=https://randomuser.me/api 
 path_url=/api 
 headers={'User-Agent': 'python-requests/2.32.3', 'Accept-Encoding': 'gzip, deflate', 'Accept': '*/*', 'Connection': 'keep-alive'} 
 body=None 
 </msg>
<msg time="2024-05-31T08:19:10.780171" level="INFO">GET Response : url=https://randomuser.me/api 
 status=200, reason=OK 
 headers={'Date': 'Fri, 31 May 2024 08:19:10 GMT', 'Content-Type': 'application/json; charset=utf-8', 'Transfer-Encoding': 'chunked', 'Connection': 'keep-alive', 'X-Powered-By': 'Express', 'Access-Control-Allow-Origin': '*', 'Cache-Control': 'no-cache', 'ETag': 'W/"4a4-+3W7LwGrCB/qOrsr7H6kPrpx90g"', 'Vary': 'Accept-Encoding', 'Content-Encoding': 'gzip', 'CF-Cache-Status': 'DYNAMIC', 'Report-To': '{"endpoints":[{"url":"https:\\/\\/a.nel.cloudflare.com\\/report\\/v4?s=C6SO%2Ft5fGC21xF3BYN6QWChNOKpR24tRVO32Kjg%2F6CBLOO3d%2FJnu4Ia%2Fw6%2FVF6TJYft%2BRZzo8%2FDa7VnosWizX0nnrJj3nLNHX10vwh9g5d6ZQyVhRg7hJuUXnEGYu%2FsW"}],"group":"cf-nel","max_age":604800}', 'NEL': '{"success_fraction":0,"report_to":"cf-nel","max_age":604800}', 'Server': 'cloudflare', 'CF-RAY': '88c58997e92a2418-IAD', 'alt-svc': 'h3=":443"; ma=86400'} 
 body={"results":[{"gender":"female","name":{"title":"Mrs","first":"آوین","last":"موسوی"},"location":{"street":{"number":2837,"name":"سباری"},"city":"اسلام‌شهر","state":"چهارمحال و بختیاری","country":"Iran","postcode":33380,"coordinates":{"latitude":"13.4225","longitude":"67.2355"},"timezone":{"offset":"-1:00","description":"Azores, Cape Verde Islands"}},"email":"awyn.mwswy@example.com","login":{"uuid":"1aa6451c-471a-4c57-ba06-117147363726","username":"happybutterfly187","password":"3006","salt":"BfPWvETN","md5":"f8ddeb870aa466d25d5429d56eaf9c53","sha1":"d8dd14b24fc69d451ac4863eaa2bb592c26948ca","sha256":"d827c9f677f8bb02815c14233bc528d5707396d04da559238b8cd918bd13857f"},"dob":{"date":"1970-10-29T17:10:12.100Z","age":53},"registered":{"date":"2003-12-20T23:35:56.205Z","age":20},"phone":"042-42414182","cell":"0900-090-8215","id":{"name":"","value":null},"picture":{"large":"https://randomuser.me/api/portraits/women/26.jpg","medium":"https://randomuser.me/api/portraits/med/women/26.jpg","thumbnail":"https://randomuser.me/api/portraits/thumb/women/26.jpg"},"nat":"IR"}],"info":{"seed":"2eea2257cf2d802d","results":1,"page":1,"version":"1.4"}} 
 </msg>
<msg time="2024-05-31T08:19:10.780261" level="INFO">/opt/hostedtoolcache/Python/3.12.3/x64/lib/python3.12/site-packages/urllib3/connectionpool.py:1103: InsecureRequestWarning: Unverified HTTPS request is being made to host 'randomuser.me'. Adding certificate verification is strongly advised. See: https://urllib3.readthedocs.io/en/latest/advanced-usage.html#tls-warnings
  warnings.warn(</msg>
<msg time="2024-05-31T08:19:10.780383" level="INFO">${response} = &lt;Response [200]&gt;</msg>
<var>${response}</var>
<arg>consultarAPI</arg>
<arg>/api</arg>
<doc>Sends a GET request on a previously created HTTP Session.</doc>
<status status="PASS" start="2024-05-31T08:19:10.702473" elapsed="0.077961"/>
</kw>
<kw name="Set Variable" owner="BuiltIn">
<msg time="2024-05-31T08:19:10.781841" level="INFO">${json_data} = {'results': [{'gender': 'female', 'name': {'title': 'Mrs', 'first': 'آوین', 'last': 'موسوی'}, 'location': {'street': {'number': 2837, 'name': 'سباری'}, 'city': 'اسلام\u200cشهر', 'state': 'چهارمحال و ب...</msg>
<var>${json_data}</var>
<arg>${response.json()}</arg>
<doc>Returns the given values which can then be assigned to a variables.</doc>
<status status="PASS" start="2024-05-31T08:19:10.781073" elapsed="0.000800"/>
</kw>
<kw name="Log" owner="BuiltIn">
<msg time="2024-05-31T08:19:10.782376" level="INFO">{'results': [{'gender': 'female', 'name': {'title': 'Mrs', 'first': 'آوین', 'last': 'موسوی'}, 'location': {'street': {'number': 2837, 'name': 'سباری'}, 'city': 'اسلام\u200cشهر', 'state': 'چهارمحال و بختیاری', 'country': 'Iran', 'postcode': 33380, 'coordinates': {'latitude': '13.4225', 'longitude': '67.2355'}, 'timezone': {'offset': '-1:00', 'description': 'Azores, Cape Verde Islands'}}, 'email': 'awyn.mwswy@example.com', 'login': {'uuid': '1aa6451c-471a-4c57-ba06-117147363726', 'username': 'happybutterfly187', 'password': '3006', 'salt': 'BfPWvETN', 'md5': 'f8ddeb870aa466d25d5429d56eaf9c53', 'sha1': 'd8dd14b24fc69d451ac4863eaa2bb592c26948ca', 'sha256': 'd827c9f677f8bb02815c14233bc528d5707396d04da559238b8cd918bd13857f'}, 'dob': {'date': '1970-10-29T17:10:12.100Z', 'age': 53}, 'registered': {'date': '2003-12-20T23:35:56.205Z', 'age': 20}, 'phone': '042-42414182', 'cell': '0900-090-8215', 'id': {'name': '', 'value': None}, 'picture': {'large': 'https://randomuser.me/api/portraits/women/26.jpg', 'medium': 'https://randomuser.me/api/portraits/med/women/26.jpg', 'thumbnail': 'https://randomuser.me/api/portraits/thumb/women/26.jpg'}, 'nat': 'IR'}], 'info': {'seed': '2eea2257cf2d802d', 'results': 1, 'page': 1, 'version': '1.4'}}</msg>
<arg>${json_data}</arg>
<doc>Logs the given message with the given level.</doc>
<status status="PASS" start="2024-05-31T08:19:10.782208" elapsed="0.000256"/>
</kw>
<kw name="Should Be String" owner="String">
<arg>${json_data['results'][0]['gender']}</arg>
<doc>Fails if the given ``item`` is not a string.</doc>
<status status="PASS" start="2024-05-31T08:19:10.782778" elapsed="0.000384"/>
</kw>
<kw name="Should Match Regexp" owner="BuiltIn">
<arg>${json_data['results'][0]['email']}</arg>
<arg>^[a-zA-Z0-9._%+-]+@[a-zA-Z0-9.-]+\.[a-zA-Z]{2,}$</arg>
<doc>Fails if ``string`` does not match ``pattern`` as a regular expression.</doc>
<status status="PASS" start="2024-05-31T08:19:10.783366" elapsed="0.000543"/>
</kw>
<kw name="Should Match Regexp" owner="BuiltIn">
<arg>${json_data['results'][0]['dob']['date']}</arg>
<arg>\\d{4}-\\d{2}-\\d{2}T\\d{2}:\\d{2}:\\d{2}\\.\\d{3}Z</arg>
<doc>Fails if ``string`` does not match ``pattern`` as a regular expression.</doc>
<status status="PASS" start="2024-05-31T08:19:10.784112" elapsed="0.000508"/>
</kw>
<kw name="Should Match Regexp" owner="BuiltIn">
<arg>${json_data['results'][0]['registered']['date']}</arg>
<arg>\\d{4}-\\d{2}-\\d{2}T\\d{2}:\\d{2}:\\d{2}\\.\\d{3}Z</arg>
<doc>Fails if ``string`` does not match ``pattern`` as a regular expression.</doc>
<status status="PASS" start="2024-05-31T08:19:10.784817" elapsed="0.000368"/>
</kw>
<kw name="Should Match Regexp" owner="BuiltIn">
<arg>${json_data['results'][0]['picture']['large']}</arg>
<arg>^https?://.*\.(?:png|jpe?g|gif|bmp)$</arg>
<doc>Fails if ``string`` does not match ``pattern`` as a regular expression.</doc>
<status status="PASS" start="2024-05-31T08:19:10.785377" elapsed="0.000511"/>
</kw>
<kw name="Should Match Regexp" owner="BuiltIn">
<arg>${json_data['results'][0]['picture']['medium']}</arg>
<arg>^https?://.*\.(?:png|jpe?g|gif|bmp)$</arg>
<doc>Fails if ``string`` does not match ``pattern`` as a regular expression.</doc>
<status status="PASS" start="2024-05-31T08:19:10.786085" elapsed="0.000361"/>
</kw>
<kw name="Should Match Regexp" owner="BuiltIn">
<arg>${json_data['results'][0]['picture']['thumbnail']}</arg>
<arg>^https?://.*\.(?:png|jpe?g|gif|bmp)$</arg>
<doc>Fails if ``string`` does not match ``pattern`` as a regular expression.</doc>
<status status="PASS" start="2024-05-31T08:19:10.786637" elapsed="0.000345"/>
</kw>
<kw name="Log" owner="BuiltIn">
<msg time="2024-05-31T08:19:10.787505" level="INFO">{'large': 'https://randomuser.me/api/portraits/women/26.jpg', 'medium': 'https://randomuser.me/api/portraits/med/women/26.jpg', 'thumbnail': 'https://randomuser.me/api/portraits/thumb/women/26.jpg'}</msg>
<arg>${json_data['results'][0]['picture']}</arg>
<doc>Logs the given message with the given level.</doc>
<status status="PASS" start="2024-05-31T08:19:10.787174" elapsed="0.000374"/>
</kw>
<status status="PASS" start="2024-05-31T08:19:10.702205" elapsed="0.085601"/>
</kw>
<kw name="Teste de Tipos de Dados - Postcode" owner="random-user-service">
<kw name="GET On Session" owner="RequestsLibrary">
<msg time="2024-05-31T08:19:10.907520" level="INFO">GET Request : url=https://randomuser.me/api 
 path_url=/api 
 headers={'User-Agent': 'python-requests/2.32.3', 'Accept-Encoding': 'gzip, deflate', 'Accept': '*/*', 'Connection': 'keep-alive'} 
 body=None 
 </msg>
<msg time="2024-05-31T08:19:10.907635" level="INFO">GET Response : url=https://randomuser.me/api 
 status=200, reason=OK 
 headers={'Date': 'Fri, 31 May 2024 08:19:10 GMT', 'Content-Type': 'application/json; charset=utf-8', 'Transfer-Encoding': 'chunked', 'Connection': 'keep-alive', 'X-Powered-By': 'Express', 'Access-Control-Allow-Origin': '*', 'Cache-Control': 'no-cache', 'ETag': 'W/"490-3JTqTQFKhscuIS3uZSMxlpT7V+M"', 'Vary': 'Accept-Encoding', 'Content-Encoding': 'gzip', 'CF-Cache-Status': 'DYNAMIC', 'Report-To': '{"endpoints":[{"url":"https:\\/\\/a.nel.cloudflare.com\\/report\\/v4?s=mvjB5O48LBh96bCnkraq%2FFp4GAcE6uI%2FfLUem4RLiPbAElbBfPXWBV%2BQS%2BmYB%2FYqtMkXZ6WLke2hJdzSXLB5Vb%2BGg4cYEWdjDuEWCeTzUri8%2FjizG59g%2Bg0mRQgEVKRz"}],"group":"cf-nel","max_age":604800}', 'NEL': '{"success_fraction":0,"report_to":"cf-nel","max_age":604800}', 'Server': 'cloudflare', 'CF-RAY': '88c5899869ad2418-IAD', 'alt-svc': 'h3=":443"; ma=86400'} 
 body={"results":[{"gender":"male","name":{"title":"Mr","first":"Kazim","last":"Kost"},"location":{"street":{"number":2320,"name":"Goethestraße"},"city":"Sindelfingen","state":"Baden-Württemberg","country":"Germany","postcode":35068,"coordinates":{"latitude":"-47.3830","longitude":"-157.0058"},"timezone":{"offset":"+7:00","description":"Bangkok, Hanoi, Jakarta"}},"email":"kazim.kost@example.com","login":{"uuid":"97c35d04-85d3-4dfa-9242-42445098a543","username":"goldencat359","password":"buddyboy","salt":"FuYp18PZ","md5":"c56fc81f6076334d25927df91cbb4fe8","sha1":"a04d254c4a4fe905ef675bae96a7fbff86abeedb","sha256":"5376d8e15082d2039a4df27eb1e45c2882f33bc9e5e851bf11588f1fbecb3090"},"dob":{"date":"1953-01-03T23:28:42.826Z","age":71},"registered":{"date":"2008-02-16T07:28:30.017Z","age":16},"phone":"0305-5632243","cell":"0179-7907593","id":{"name":"SVNR","value":"75 030153 K 099"},"picture":{"large":"https://randomuser.me/api/portraits/men/30.jpg","medium":"https://randomuser.me/api/portraits/med/men/30.jpg","thumbnail":"https://randomuser.me/api/portraits/thumb/men/30.jpg"},"nat":"DE"}],"info":{"seed":"133857a1e3879817","results":1,"page":1,"version":"1.4"}} 
 </msg>
<msg time="2024-05-31T08:19:10.907724" level="INFO">/opt/hostedtoolcache/Python/3.12.3/x64/lib/python3.12/site-packages/urllib3/connectionpool.py:1103: InsecureRequestWarning: Unverified HTTPS request is being made to host 'randomuser.me'. Adding certificate verification is strongly advised. See: https://urllib3.readthedocs.io/en/latest/advanced-usage.html#tls-warnings
  warnings.warn(</msg>
<msg time="2024-05-31T08:19:10.907848" level="INFO">${response} = &lt;Response [200]&gt;</msg>
<var>${response}</var>
<arg>consultarAPI</arg>
<arg>/api</arg>
<doc>Sends a GET request on a previously created HTTP Session.</doc>
<status status="PASS" start="2024-05-31T08:19:10.788279" elapsed="0.119597"/>
</kw>
<kw name="Set Variable" owner="BuiltIn">
<msg time="2024-05-31T08:19:10.909008" level="INFO">${json_data} = {'results': [{'gender': 'male', 'name': {'title': 'Mr', 'first': 'Kazim', 'last': 'Kost'}, 'location': {'street': {'number': 2320, 'name': 'Goethestraße'}, 'city': 'Sindelfingen', 'state': 'Baden-Würt...</msg>
<var>${json_data}</var>
<arg>${response.json()}</arg>
<doc>Returns the given values which can then be assigned to a variables.</doc>
<status status="PASS" start="2024-05-31T08:19:10.908445" elapsed="0.000591"/>
</kw>
<kw name="Log" owner="BuiltIn">
<msg time="2024-05-31T08:19:10.909530" level="INFO">{'results': [{'gender': 'male', 'name': {'title': 'Mr', 'first': 'Kazim', 'last': 'Kost'}, 'location': {'street': {'number': 2320, 'name': 'Goethestraße'}, 'city': 'Sindelfingen', 'state': 'Baden-Württemberg', 'country': 'Germany', 'postcode': 35068, 'coordinates': {'latitude': '-47.3830', 'longitude': '-157.0058'}, 'timezone': {'offset': '+7:00', 'description': 'Bangkok, Hanoi, Jakarta'}}, 'email': 'kazim.kost@example.com', 'login': {'uuid': '97c35d04-85d3-4dfa-9242-42445098a543', 'username': 'goldencat359', 'password': 'buddyboy', 'salt': 'FuYp18PZ', 'md5': 'c56fc81f6076334d25927df91cbb4fe8', 'sha1': 'a04d254c4a4fe905ef675bae96a7fbff86abeedb', 'sha256': '5376d8e15082d2039a4df27eb1e45c2882f33bc9e5e851bf11588f1fbecb3090'}, 'dob': {'date': '1953-01-03T23:28:42.826Z', 'age': 71}, 'registered': {'date': '2008-02-16T07:28:30.017Z', 'age': 16}, 'phone': '0305-5632243', 'cell': '0179-7907593', 'id': {'name': 'SVNR', 'value': '75 030153 K 099'}, 'picture': {'large': 'https://randomuser.me/api/portraits/men/30.jpg', 'medium': 'https://randomuser.me/api/portraits/med/men/30.jpg', 'thumbnail': 'https://randomuser.me/api/portraits/thumb/men/30.jpg'}, 'nat': 'DE'}], 'info': {'seed': '133857a1e3879817', 'results': 1, 'page': 1, 'version': '1.4'}}</msg>
<arg>${json_data}</arg>
<doc>Logs the given message with the given level.</doc>
<status status="PASS" start="2024-05-31T08:19:10.909370" elapsed="0.000246"/>
</kw>
<kw name="Should Be Equal As Numbers" owner="BuiltIn">
<arg>${json_data['results'][0]['location']['postcode']}</arg>
<arg>${json_data['results'][0]['location']['postcode']}</arg>
<doc>Fails if objects are unequal after converting them to real numbers.</doc>
<status status="PASS" start="2024-05-31T08:19:10.909984" elapsed="0.000811"/>
</kw>
<kw name="Log" owner="BuiltIn">
<msg time="2024-05-31T08:19:10.911330" level="INFO">35068</msg>
<arg>${json_data['results'][0]['location']['postcode']}</arg>
<doc>Logs the given message with the given level.</doc>
<status status="PASS" start="2024-05-31T08:19:10.910992" elapsed="0.000379"/>
</kw>
<status status="PASS" start="2024-05-31T08:19:10.788038" elapsed="0.123590"/>
</kw>
<doc>Testa se os tipos de dados na resposta da API estão corretos.</doc>
<tag>testeTiposDados</tag>
<status status="PASS" start="2024-05-31T08:19:10.701642" elapsed="0.210168"/>
</test>
<test id="s1-s1-t5" name="Validar conteudo" line="35">
<kw name="Teste de Tipos de Conteudo" owner="random-user-service">
<kw name="GET On Session" owner="RequestsLibrary">
<msg time="2024-05-31T08:19:11.003068" level="INFO">GET Request : url=https://randomuser.me/api 
 path_url=/api 
 headers={'User-Agent': 'python-requests/2.32.3', 'Accept-Encoding': 'gzip, deflate', 'Accept': '*/*', 'Connection': 'keep-alive'} 
 body=None 
 </msg>
<msg time="2024-05-31T08:19:11.003180" level="INFO">GET Response : url=https://randomuser.me/api 
 status=200, reason=OK 
 headers={'Date': 'Fri, 31 May 2024 08:19:10 GMT', 'Content-Type': 'application/json; charset=utf-8', 'Transfer-Encoding': 'chunked', 'Connection': 'keep-alive', 'X-Powered-By': 'Express', 'Access-Control-Allow-Origin': '*', 'Cache-Control': 'no-cache', 'ETag': 'W/"49b-YE8EKvghxBZskJZg5bKdj87VXzk"', 'Vary': 'Accept-Encoding', 'Content-Encoding': 'gzip', 'CF-Cache-Status': 'DYNAMIC', 'Report-To': '{"endpoints":[{"url":"https:\\/\\/a.nel.cloudflare.com\\/report\\/v4?s=b3a%2FnCJt0wfLPjRnZB0niRoJDTyr4GrUS2GJ4G4uY6vm%2FPA%2FjQ2kLTVHUH77U5jwin8NRfM2L1DwxPmgm5EJNsaaZEs2fX5x355ajYDyIjiCVg20ptW2fy0mMyBGwNsw"}],"group":"cf-nel","max_age":604800}', 'NEL': '{"success_fraction":0,"report_to":"cf-nel","max_age":604800}', 'Server': 'cloudflare', 'CF-RAY': '88c589993a432418-IAD', 'alt-svc': 'h3=":443"; ma=86400'} 
 body={"results":[{"gender":"female","name":{"title":"Miss","first":"Sherida","last":"Spiering"},"location":{"street":{"number":7741,"name":"Deken van Oppensingel"},"city":"Alem","state":"Drenthe","country":"Netherlands","postcode":"2628 OD","coordinates":{"latitude":"37.5177","longitude":"139.7114"},"timezone":{"offset":"+2:00","description":"Kaliningrad, South Africa"}},"email":"sherida.spiering@example.com","login":{"uuid":"da28c600-3d10-4248-aafb-ac146b101bfa","username":"sadostrich791","password":"zhang","salt":"ZhbjrI6O","md5":"759c92200e962e18262f1ce2b03d4217","sha1":"ec461e8d824ef728f367555c2fd6b37a3ec6d682","sha256":"19c56f9d1897731435bce7c74dfea38ca2bd1eae83d90e760fe32aa875fcac8b"},"dob":{"date":"1950-04-13T23:38:00.652Z","age":74},"registered":{"date":"2008-03-29T15:58:21.152Z","age":16},"phone":"(0688) 042370","cell":"(06) 99283669","id":{"name":"BSN","value":"83728524"},"picture":{"large":"https://randomuser.me/api/portraits/women/42.jpg","medium":"https://randomuser.me/api/portraits/med/women/42.jpg","thumbnail":"https://randomuser.me/api/portraits/thumb/women/42.jpg"},"nat":"NL"}],"info":{"seed":"0b2d2bd16801666d","results":1,"page":1,"version":"1.4"}} 
 </msg>
<msg time="2024-05-31T08:19:11.003263" level="INFO">/opt/hostedtoolcache/Python/3.12.3/x64/lib/python3.12/site-packages/urllib3/connectionpool.py:1103: InsecureRequestWarning: Unverified HTTPS request is being made to host 'randomuser.me'. Adding certificate verification is strongly advised. See: https://urllib3.readthedocs.io/en/latest/advanced-usage.html#tls-warnings
  warnings.warn(</msg>
<msg time="2024-05-31T08:19:11.003388" level="INFO">${response} = &lt;Response [200]&gt;</msg>
<var>${response}</var>
<arg>consultarAPI</arg>
<arg>/api</arg>
<doc>Sends a GET request on a previously created HTTP Session.</doc>
<status status="PASS" start="2024-05-31T08:19:10.914844" elapsed="0.088572"/>
</kw>
<kw name="Set Variable" owner="BuiltIn">
<msg time="2024-05-31T08:19:11.004570" level="INFO">${json_data} = {'results': [{'gender': 'female', 'name': {'title': 'Miss', 'first': 'Sherida', 'last': 'Spiering'}, 'location': {'street': {'number': 7741, 'name': 'Deken van Oppensingel'}, 'city': 'Alem', 'state': ...</msg>
<var>${json_data}</var>
<arg>${response.json()}</arg>
<doc>Returns the given values which can then be assigned to a variables.</doc>
<status status="PASS" start="2024-05-31T08:19:11.004041" elapsed="0.000558"/>
</kw>
<kw name="Set Variable" owner="BuiltIn">
<msg time="2024-05-31T08:19:11.005302" level="INFO">${name_title} = Miss</msg>
<var>${name_title}</var>
<arg>${json_data["results"][0]["name"]["title"]}</arg>
<doc>Returns the given values which can then be assigned to a variables.</doc>
<status status="PASS" start="2024-05-31T08:19:11.004916" elapsed="0.000411"/>
</kw>
<kw name="Create List" owner="BuiltIn">
<msg time="2024-05-31T08:19:11.005830" level="INFO">${allowed_titles} = ['Mr', 'Ms', 'Miss', 'Mrs', 'Madame', 'Monsieur']</msg>
<var>${allowed_titles}</var>
<arg>Mr</arg>
<arg>Ms</arg>
<arg>Miss</arg>
<arg>Mrs</arg>
<arg>Madame</arg>
<arg>Monsieur</arg>
<doc>Returns a list containing given items.</doc>
<status status="PASS" start="2024-05-31T08:19:11.005627" elapsed="0.000229"/>
</kw>
<kw name="List Should Contain Value" owner="Collections">
<msg time="2024-05-31T08:19:11.006349" level="INFO">False</msg>
<arg>${allowed_titles}</arg>
<arg>${name_title}</arg>
<doc>Fails if the ``value`` is not found from ``list``.</doc>
<status status="PASS" start="2024-05-31T08:19:11.006173" elapsed="0.000213"/>
</kw>
<kw name="Set Variable" owner="BuiltIn">
<msg time="2024-05-31T08:19:11.007051" level="INFO">${name_country} = NL</msg>
<var>${name_country}</var>
<arg>${json_data["results"][0]["nat"]}</arg>
<doc>Returns the given values which can then be assigned to a variables.</doc>
<status status="PASS" start="2024-05-31T08:19:11.006676" elapsed="0.000399"/>
</kw>
<kw name="Create List" owner="BuiltIn">
<msg time="2024-05-31T08:19:11.007979" level="INFO">${list_country} = ['AD', 'AE', 'AF', 'AG', 'AI', 'AL', 'AM', 'AO', 'AQ', 'AR', 'AS', 'AT', 'AU', 'AW', 'AX', 'AZ', 'BA', 'BB', 'BD', 'BE', 'BF', 'BG', 'BH', 'BI', 'BJ', 'BL', 'BM', 'BN', 'BO', 'BQ', 'BR', 'BS', 'BT', '...</msg>
<var>${list_country}</var>
<arg>AD</arg>
<arg>AE</arg>
<arg>AF</arg>
<arg>AG</arg>
<arg>AI</arg>
<arg>AL</arg>
<arg>AM</arg>
<arg>AO</arg>
<arg>AQ</arg>
<arg>AR</arg>
<arg>AS</arg>
<arg>AT</arg>
<arg>AU</arg>
<arg>AW</arg>
<arg>AX</arg>
<arg>AZ</arg>
<arg>BA</arg>
<arg>BB</arg>
<arg>BD</arg>
<arg>BE</arg>
<arg>BF</arg>
<arg>BG</arg>
<arg>BH</arg>
<arg>BI</arg>
<arg>BJ</arg>
<arg>BL</arg>
<arg>BM</arg>
<arg>BN</arg>
<arg>BO</arg>
<arg>BQ</arg>
<arg>BR</arg>
<arg>BS</arg>
<arg>BT</arg>
<arg>BV</arg>
<arg>BW</arg>
<arg>BY</arg>
<arg>BZ</arg>
<arg>CA</arg>
<arg>CC</arg>
<arg>CD</arg>
<arg>CF</arg>
<arg>CG</arg>
<arg>CH</arg>
<arg>CI</arg>
<arg>CK</arg>
<arg>CL</arg>
<arg>CM</arg>
<arg>CN</arg>
<arg>CO</arg>
<arg>CR</arg>
<arg>CU</arg>
<arg>CV</arg>
<arg>CW</arg>
<arg>CX</arg>
<arg>CY</arg>
<arg>CZ</arg>
<arg>DE</arg>
<arg>DJ</arg>
<arg>DK</arg>
<arg>DM</arg>
<arg>DO</arg>
<arg>DZ</arg>
<arg>EC</arg>
<arg>EE</arg>
<arg>EG</arg>
<arg>EH</arg>
<arg>ER</arg>
<arg>ES</arg>
<arg>ET</arg>
<arg>FI</arg>
<arg>FJ</arg>
<arg>FK</arg>
<arg>FM</arg>
<arg>FO</arg>
<arg>FR</arg>
<arg>GA</arg>
<arg>GB</arg>
<arg>GD</arg>
<arg>GE</arg>
<arg>GF</arg>
<arg>GG</arg>
<arg>GH</arg>
<arg>GI</arg>
<arg>GL</arg>
<arg>GM</arg>
<arg>GN</arg>
<arg>GP</arg>
<arg>GQ</arg>
<arg>GR</arg>
<arg>GS</arg>
<arg>GT</arg>
<arg>GU</arg>
<arg>GW</arg>
<arg>GY</arg>
<arg>HK</arg>
<arg>HM</arg>
<arg>HN</arg>
<arg>HR</arg>
<arg>HT</arg>
<arg>HU</arg>
<arg>ID</arg>
<arg>IE</arg>
<arg>IL</arg>
<arg>IM</arg>
<arg>IN</arg>
<arg>IO</arg>
<arg>IQ</arg>
<arg>IR</arg>
<arg>IS</arg>
<arg>IT</arg>
<arg>JE</arg>
<arg>JM</arg>
<arg>JO</arg>
<arg>JP</arg>
<arg>KE</arg>
<arg>KG</arg>
<arg>KH</arg>
<arg>KI</arg>
<arg>KM</arg>
<arg>KN</arg>
<arg>KP</arg>
<arg>KR</arg>
<arg>KW</arg>
<arg>KY</arg>
<arg>KZ</arg>
<arg>LA</arg>
<arg>LB</arg>
<arg>LC</arg>
<arg>LI</arg>
<arg>LK</arg>
<arg>LR</arg>
<arg>LS</arg>
<arg>LT</arg>
<arg>LU</arg>
<arg>LV</arg>
<arg>LY</arg>
<arg>MA</arg>
<arg>MC</arg>
<arg>MD</arg>
<arg>ME</arg>
<arg>MF</arg>
<arg>MG</arg>
<arg>MH</arg>
<arg>MK</arg>
<arg>ML</arg>
<arg>MM</arg>
<arg>MN</arg>
<arg>MO</arg>
<arg>MP</arg>
<arg>MQ</arg>
<arg>MR</arg>
<arg>MS</arg>
<arg>MT</arg>
<arg>MU</arg>
<arg>MV</arg>
<arg>MW</arg>
<arg>MX</arg>
<arg>MY</arg>
<arg>MZ</arg>
<arg>NA</arg>
<arg>NC</arg>
<arg>NE</arg>
<arg>NF</arg>
<arg>NG</arg>
<arg>NI</arg>
<arg>NL</arg>
<arg>NO</arg>
<arg>NP</arg>
<arg>NR</arg>
<arg>NU</arg>
<arg>NZ</arg>
<arg>OM</arg>
<arg>PA</arg>
<arg>PE</arg>
<arg>PF</arg>
<arg>PG</arg>
<arg>PH</arg>
<arg>PK</arg>
<arg>PL</arg>
<arg>PM</arg>
<arg>PN</arg>
<arg>PR</arg>
<arg>PS</arg>
<arg>PT</arg>
<arg>PW</arg>
<arg>PY</arg>
<arg>QA</arg>
<arg>RE</arg>
<arg>RO</arg>
<arg>RS</arg>
<arg>RU</arg>
<arg>RW</arg>
<arg>SA</arg>
<arg>SB</arg>
<arg>SC</arg>
<arg>SD</arg>
<arg>SE</arg>
<arg>SG</arg>
<arg>SH</arg>
<arg>SI</arg>
<arg>SJ</arg>
<arg>SK</arg>
<arg>SL</arg>
<arg>SM</arg>
<arg>SN</arg>
<arg>SO</arg>
<arg>SR</arg>
<arg>SS</arg>
<arg>ST</arg>
<arg>SV</arg>
<arg>SX</arg>
<arg>SY</arg>
<arg>SZ</arg>
<arg>TC</arg>
<arg>TD</arg>
<arg>TF</arg>
<arg>TG</arg>
<arg>TH</arg>
<arg>TJ</arg>
<arg>TK</arg>
<arg>TL</arg>
<arg>TM</arg>
<arg>TN</arg>
<arg>TO</arg>
<arg>TR</arg>
<arg>TT</arg>
<arg>TV</arg>
<arg>TW</arg>
<arg>TZ</arg>
<arg>UA</arg>
<arg>UG</arg>
<arg>UM</arg>
<arg>US</arg>
<arg>UY</arg>
<arg>UZ</arg>
<arg>VA</arg>
<arg>VC</arg>
<arg>VE</arg>
<arg>VG</arg>
<arg>VI</arg>
<arg>VN</arg>
<arg>VU</arg>
<arg>WF</arg>
<arg>WS</arg>
<arg>XK</arg>
<arg>YE</arg>
<arg>YT</arg>
<arg>ZA</arg>
<arg>ZM</arg>
<arg>ZW</arg>
<doc>Returns a list containing given items.</doc>
<status status="PASS" start="2024-05-31T08:19:11.007381" elapsed="0.000623"/>
</kw>
<kw name="List Should Contain Value" owner="Collections">
<msg time="2024-05-31T08:19:11.008998" level="INFO">False</msg>
<arg>${list_country}</arg>
<arg>${name_country}</arg>
<doc>Fails if the ``value`` is not found from ``list``.</doc>
<status status="PASS" start="2024-05-31T08:19:11.008793" elapsed="0.000241"/>
</kw>
<kw name="Run Keyword If" owner="BuiltIn">
<kw name="Should Be True" owner="BuiltIn">
<arg>${True}</arg>
<doc>Fails if the given condition is not true.</doc>
<status status="PASS" start="2024-05-31T08:19:11.010141" elapsed="0.000144"/>
</kw>
<arg>${json_data["results"][0]["location"]["coordinates"]["latitude"]} &gt;= -90 and ${json_data["results"][0]["location"]["coordinates"]["latitude"]} &lt;= 90</arg>
<arg>Should Be True</arg>
<arg>${True}</arg>
<doc>Runs the given keyword with the given arguments, if ``condition`` is true.</doc>
<status status="PASS" start="2024-05-31T08:19:11.009363" elapsed="0.001046"/>
</kw>
<kw name="Run Keyword If" owner="BuiltIn">
<kw name="Should Be True" owner="BuiltIn">
<arg>${True}</arg>
<doc>Fails if the given condition is not true.</doc>
<status status="PASS" start="2024-05-31T08:19:11.011288" elapsed="0.000263"/>
</kw>
<arg>${json_data["results"][0]["location"]["coordinates"]["longitude"]} &gt;= -180 and ${json_data["results"][0]["location"]["coordinates"]["longitude"]} &lt;= 180</arg>
<arg>Should Be True</arg>
<arg>${True}</arg>
<doc>Runs the given keyword with the given arguments, if ``condition`` is true.</doc>
<status status="PASS" start="2024-05-31T08:19:11.010594" elapsed="0.001082"/>
</kw>
<status status="PASS" start="2024-05-31T08:19:10.914453" elapsed="0.097356"/>
</kw>
<doc>Testa o conteúdo específico dos campos retornados pela API.</doc>
<tag>testeConteudo</tag>
<status status="PASS" start="2024-05-31T08:19:10.913736" elapsed="0.098232"/>
</test>
<status status="PASS" start="2024-05-31T08:19:09.987014" elapsed="1.026936"/>
</suite>
<status status="PASS" start="2024-05-31T08:19:09.973412" elapsed="1.045724"/>
</suite>
<statistics>
<total>
<stat pass="5" fail="0" skip="0">All Tests</stat>
</total>
<tag>
<stat pass="1" fail="0" skip="0">testeConteudo</stat>
<stat pass="1" fail="0" skip="0">testeEstruturaResposta</stat>
<stat pass="1" fail="0" skip="0">testeRequisicaoBasica</stat>
<stat pass="1" fail="0" skip="0">testeTiposDados</stat>
</tag>
<suite>
<stat pass="5" fail="0" skip="0" id="s1" name="Tests">Tests</stat>
<stat pass="5" fail="0" skip="0" id="s1-s1" name="Random-User-Test">Tests.Random-User-Test</stat>
</suite>
</statistics>
<errors>
</errors>
</robot>
