<?xml version="1.0" encoding="UTF-8"?>
<robot generator="Robot 7.0 (Python 3.12.2 on linux)" generated="2024-04-16T09:14:02.134423" rpa="false" schemaversion="5">
<suite id="s1" name="Tests" source="/home/runner/work/DesafioQAItauRogerioJordao/DesafioQAItauRogerioJordao/RamdonUser/tests">
<suite id="s1-s1" name="Random-User-Test" source="/home/runner/work/DesafioQAItauRogerioJordao/DesafioQAItauRogerioJordao/RamdonUser/tests/random-user-test.robot">
<test id="s1-s1-t1" name="Conectar" line="13">
<kw name="Conectar API" owner="random-user-service">
<kw name="Create Session" owner="RequestsLibrary">
<msg time="2024-04-16T09:14:02.513408" level="INFO">Creating Session using : alias=consultarAPI, url=https://randomuser.me/, headers={},                     cookies={}, auth=None, timeout=None, proxies=None, verify=False,                     debug=0 </msg>
<arg>consultarAPI</arg>
<arg>${URL}</arg>
<doc>Create Session: create a HTTP session to a server</doc>
<status status="PASS" start="2024-04-16T09:14:02.513211" elapsed="0.000384"/>
</kw>
<status status="PASS" start="2024-04-16T09:14:02.512259" elapsed="0.001688"/>
</kw>
<status status="PASS" start="2024-04-16T09:14:02.511637" elapsed="0.002512"/>
</test>
<test id="s1-s1-t2" name="Validar retorno 200 e JSON Válido" line="16">
<kw name="Teste de Requisicao Basica" owner="random-user-service">
<kw name="GET On Session" owner="RequestsLibrary">
<msg time="2024-04-16T09:14:02.744360" level="INFO">GET Request : url=https://randomuser.me/api 
 path_url=/api 
 headers={'User-Agent': 'python-requests/2.31.0', 'Accept-Encoding': 'gzip, deflate', 'Accept': '*/*', 'Connection': 'keep-alive'} 
 body=None 
 </msg>
<msg time="2024-04-16T09:14:02.744503" level="INFO">GET Response : url=https://randomuser.me/api 
 status=200, reason=OK 
 headers={'Date': 'Tue, 16 Apr 2024 09:14:02 GMT', 'Content-Type': 'application/json; charset=utf-8', 'Transfer-Encoding': 'chunked', 'Connection': 'keep-alive', 'X-Powered-By': 'Express', 'Access-Control-Allow-Origin': '*', 'Cache-Control': 'no-cache', 'ETag': 'W/"48f-1+gCCB1cHs8Ubx33y59MaQLI0z4"', 'Vary': 'Accept-Encoding', 'Content-Encoding': 'gzip', 'CF-Cache-Status': 'DYNAMIC', 'Report-To': '{"endpoints":[{"url":"https:\\/\\/a.nel.cloudflare.com\\/report\\/v4?s=EDQiKlBrLnWpY%2F4Sp1dAKEsd6zl5jVhp1Tma5YPl5UTpKrozrG%2BKhnmZBJUeilCbwpnY%2B%2BHmaonWf1TU2EpjMO3gCgRvrPW3800FbYBLYZkiZaEl47Z%2BvpFtEiHJ2%2Fw6"}],"group":"cf-nel","max_age":604800}', 'NEL': '{"success_fraction":0,"report_to":"cf-nel","max_age":604800}', 'Server': 'cloudflare', 'CF-RAY': '87531016f8870815-IAD', 'alt-svc': 'h3=":443"; ma=86400'} 
 body={"results":[{"gender":"female","name":{"title":"Ms","first":"Syuzanna","last":"Mochurad"},"location":{"street":{"number":8885,"name":"Chervoniy Maydan"},"city":"Truskavec","state":"Lvivska","country":"Ukraine","postcode":39090,"coordinates":{"latitude":"74.3711","longitude":"124.5838"},"timezone":{"offset":"-1:00","description":"Azores, Cape Verde Islands"}},"email":"syuzanna.mochurad@example.com","login":{"uuid":"e9d6efe8-587c-41ff-b8ae-68a1cc9c68d0","username":"whitekoala565","password":"pentium","salt":"FCVe99CG","md5":"9b017b14b1d2fffc10db36e57038f584","sha1":"8aa584d3153de678581638d6af06b1fc64f0753b","sha256":"e6e296ddbfa9796bda2589e4d8e152a4b9d3a11dea6dab695f7ca18f8925dcc0"},"dob":{"date":"1981-02-15T13:59:47.792Z","age":43},"registered":{"date":"2004-09-06T23:02:54.673Z","age":19},"phone":"(098) P73-5803","cell":"(067) R28-1216","id":{"name":"","value":null},"picture":{"large":"https://randomuser.me/api/portraits/women/77.jpg","medium":"https://randomuser.me/api/portraits/med/women/77.jpg","thumbnail":"https://randomuser.me/api/portraits/thumb/women/77.jpg"},"nat":"UA"}],"info":{"seed":"179dba9838383df6","results":1,"page":1,"version":"1.4"}} 
 </msg>
<msg time="2024-04-16T09:14:02.744581" level="INFO">/opt/hostedtoolcache/Python/3.12.2/x64/lib/python3.12/site-packages/urllib3/connectionpool.py:1103: InsecureRequestWarning: Unverified HTTPS request is being made to host 'randomuser.me'. Adding certificate verification is strongly advised. See: https://urllib3.readthedocs.io/en/latest/advanced-usage.html#tls-warnings
  warnings.warn(</msg>
<msg time="2024-04-16T09:14:02.744809" level="INFO">${response} = &lt;Response [200]&gt;</msg>
<var>${response}</var>
<arg>consultarAPI</arg>
<arg>/api</arg>
<doc>Sends a GET request on a previously created HTTP Session.</doc>
<status status="PASS" start="2024-04-16T09:14:02.516858" elapsed="0.227985"/>
</kw>
<kw name="Should Be Equal As Numbers" owner="BuiltIn">
<msg time="2024-04-16T09:14:02.745732" level="INFO">Argument types are:
&lt;class 'int'&gt;
&lt;class 'str'&gt;</msg>
<arg>${response.status_code}</arg>
<arg>200</arg>
<doc>Fails if objects are unequal after converting them to real numbers.</doc>
<status status="PASS" start="2024-04-16T09:14:02.745300" elapsed="0.000495"/>
</kw>
<kw name="Log" owner="BuiltIn">
<msg time="2024-04-16T09:14:02.746470" level="INFO">200</msg>
<arg>${response.status_code}</arg>
<doc>Logs the given message with the given level.</doc>
<status status="PASS" start="2024-04-16T09:14:02.746112" elapsed="0.000401"/>
</kw>
<kw name="Set Variable" owner="BuiltIn">
<msg time="2024-04-16T09:14:02.747291" level="INFO">${json_data} = {'results': [{'gender': 'female', 'name': {'title': 'Ms', 'first': 'Syuzanna', 'last': 'Mochurad'}, 'location': {'street': {'number': 8885, 'name': 'Chervoniy Maydan'}, 'city': 'Truskavec', 'state': '...</msg>
<var>${json_data}</var>
<arg>${response.json()}</arg>
<doc>Returns the given values which can then be assigned to a variables.</doc>
<status status="PASS" start="2024-04-16T09:14:02.746845" elapsed="0.000474"/>
</kw>
<kw name="Dictionary Should Contain Key" owner="Collections">
<msg time="2024-04-16T09:14:02.747813" level="INFO">False</msg>
<arg>${json_data}</arg>
<arg>results</arg>
<doc>Fails if ``key`` is not found from ``dictionary``.</doc>
<status status="PASS" start="2024-04-16T09:14:02.747645" elapsed="0.000207"/>
</kw>
<status status="PASS" start="2024-04-16T09:14:02.516602" elapsed="0.231516"/>
</kw>
<doc>Testa se a API responde corretamente e retorna um objeto JSON válido.</doc>
<tag>testeRequisicaoBasica</tag>
<status status="PASS" start="2024-04-16T09:14:02.516059" elapsed="0.232242"/>
</test>
<test id="s1-s1-t3" name="Validar estrutura de resposta" line="22">
<kw name="Teste de Estrutura de Resposta" owner="random-user-service">
<kw name="GET On Session" owner="RequestsLibrary">
<msg time="2024-04-16T09:14:02.839134" level="INFO">GET Request : url=https://randomuser.me/api 
 path_url=/api 
 headers={'User-Agent': 'python-requests/2.31.0', 'Accept-Encoding': 'gzip, deflate', 'Accept': '*/*', 'Connection': 'keep-alive'} 
 body=None 
 </msg>
<msg time="2024-04-16T09:14:02.839223" level="INFO">GET Response : url=https://randomuser.me/api 
 status=200, reason=OK 
 headers={'Date': 'Tue, 16 Apr 2024 09:14:02 GMT', 'Content-Type': 'application/json; charset=utf-8', 'Transfer-Encoding': 'chunked', 'Connection': 'keep-alive', 'X-Powered-By': 'Express', 'Access-Control-Allow-Origin': '*', 'Cache-Control': 'no-cache', 'ETag': 'W/"4a3-pYC2QxBsmbLazLBydsJKrhOmdg4"', 'Vary': 'Accept-Encoding', 'Content-Encoding': 'gzip', 'CF-Cache-Status': 'DYNAMIC', 'Report-To': '{"endpoints":[{"url":"https:\\/\\/a.nel.cloudflare.com\\/report\\/v4?s=j5uh5Ml9RoQEgtgkPX2kivTKxmp6O8sNLZfdF2FTbgS%2FiqHIuNxNy7xd9fxPIcyJO%2BTrvxN7EDJM%2BHzj96huJbD6jn9j39INamXJwG%2B6dAzMme4mCXNNEfAMo3lU7YA0"}],"group":"cf-nel","max_age":604800}', 'NEL': '{"success_fraction":0,"report_to":"cf-nel","max_age":604800}', 'Server': 'cloudflare', 'CF-RAY': '87531017389a0815-IAD', 'alt-svc': 'h3=":443"; ma=86400'} 
 body={"results":[{"gender":"female","name":{"title":"Ms","first":"Victoria","last":"Wong"},"location":{"street":{"number":6328,"name":"Concession Road 23"},"city":"Hampstead","state":"Saskatchewan","country":"Canada","postcode":"N1O 0S1","coordinates":{"latitude":"-65.6471","longitude":"111.6600"},"timezone":{"offset":"+3:00","description":"Baghdad, Riyadh, Moscow, St. Petersburg"}},"email":"victoria.wong@example.com","login":{"uuid":"ffc8a56d-158e-4887-a105-ea842530f7e2","username":"greentiger679","password":"4ever","salt":"wG3HFD5h","md5":"f6ed2754892688363c4bd381cc6436e3","sha1":"59bd88c66f0a0e39797355ecf32f85a62752b6a6","sha256":"dc0a332d642f0cee57f420a8a20252fe193df34e247a2d86034ea7ba0f6354bb"},"dob":{"date":"1974-10-06T08:04:43.416Z","age":49},"registered":{"date":"2007-12-12T19:28:36.131Z","age":16},"phone":"J20 Z49-1469","cell":"R85 E62-6753","id":{"name":"SIN","value":"351966403"},"picture":{"large":"https://randomuser.me/api/portraits/women/13.jpg","medium":"https://randomuser.me/api/portraits/med/women/13.jpg","thumbnail":"https://randomuser.me/api/portraits/thumb/women/13.jpg"},"nat":"CA"}],"info":{"seed":"43f9dd4032177dc5","results":1,"page":1,"version":"1.4"}} 
 </msg>
<msg time="2024-04-16T09:14:02.839346" level="INFO">/opt/hostedtoolcache/Python/3.12.2/x64/lib/python3.12/site-packages/urllib3/connectionpool.py:1103: InsecureRequestWarning: Unverified HTTPS request is being made to host 'randomuser.me'. Adding certificate verification is strongly advised. See: https://urllib3.readthedocs.io/en/latest/advanced-usage.html#tls-warnings
  warnings.warn(</msg>
<msg time="2024-04-16T09:14:02.839477" level="INFO">${response} = &lt;Response [200]&gt;</msg>
<var>${response}</var>
<arg>consultarAPI</arg>
<arg>/api</arg>
<doc>Sends a GET request on a previously created HTTP Session.</doc>
<status status="PASS" start="2024-04-16T09:14:02.750996" elapsed="0.088536"/>
</kw>
<kw name="Set Variable" owner="BuiltIn">
<msg time="2024-04-16T09:14:02.840624" level="INFO">${json_data} = {'results': [{'gender': 'female', 'name': {'title': 'Ms', 'first': 'Victoria', 'last': 'Wong'}, 'location': {'street': {'number': 6328, 'name': 'Concession Road 23'}, 'city': 'Hampstead', 'state': 'Sa...</msg>
<var>${json_data}</var>
<arg>${response.json()}</arg>
<doc>Returns the given values which can then be assigned to a variables.</doc>
<status status="PASS" start="2024-04-16T09:14:02.840050" elapsed="0.000603"/>
</kw>
<kw name="Log" owner="BuiltIn">
<msg time="2024-04-16T09:14:02.841131" level="INFO">{'results': [{'gender': 'female', 'name': {'title': 'Ms', 'first': 'Victoria', 'last': 'Wong'}, 'location': {'street': {'number': 6328, 'name': 'Concession Road 23'}, 'city': 'Hampstead', 'state': 'Saskatchewan', 'country': 'Canada', 'postcode': 'N1O 0S1', 'coordinates': {'latitude': '-65.6471', 'longitude': '111.6600'}, 'timezone': {'offset': '+3:00', 'description': 'Baghdad, Riyadh, Moscow, St. Petersburg'}}, 'email': 'victoria.wong@example.com', 'login': {'uuid': 'ffc8a56d-158e-4887-a105-ea842530f7e2', 'username': 'greentiger679', 'password': '4ever', 'salt': 'wG3HFD5h', 'md5': 'f6ed2754892688363c4bd381cc6436e3', 'sha1': '59bd88c66f0a0e39797355ecf32f85a62752b6a6', 'sha256': 'dc0a332d642f0cee57f420a8a20252fe193df34e247a2d86034ea7ba0f6354bb'}, 'dob': {'date': '1974-10-06T08:04:43.416Z', 'age': 49}, 'registered': {'date': '2007-12-12T19:28:36.131Z', 'age': 16}, 'phone': 'J20 Z49-1469', 'cell': 'R85 E62-6753', 'id': {'name': 'SIN', 'value': '351966403'}, 'picture': {'large': 'https://randomuser.me/api/portraits/women/13.jpg', 'medium': 'https://randomuser.me/api/portraits/med/women/13.jpg', 'thumbnail': 'https://randomuser.me/api/portraits/thumb/women/13.jpg'}, 'nat': 'CA'}], 'info': {'seed': '43f9dd4032177dc5', 'results': 1, 'page': 1, 'version': '1.4'}}</msg>
<arg>${json_data}</arg>
<doc>Logs the given message with the given level.</doc>
<status status="PASS" start="2024-04-16T09:14:02.840969" elapsed="0.000210"/>
</kw>
<kw name="Dictionary Should Contain Key" owner="Collections">
<msg time="2024-04-16T09:14:02.841629" level="INFO">False</msg>
<arg>${json_data}</arg>
<arg>results</arg>
<doc>Fails if ``key`` is not found from ``dictionary``.</doc>
<status status="PASS" start="2024-04-16T09:14:02.841473" elapsed="0.000194"/>
</kw>
<kw name="Should Not Be Empty" owner="BuiltIn">
<msg time="2024-04-16T09:14:02.842104" level="INFO">Length is 2.</msg>
<arg>${json_data}</arg>
<doc>Verifies that the given item is not empty.</doc>
<status status="PASS" start="2024-04-16T09:14:02.841970" elapsed="0.000173"/>
</kw>
<kw name="Create List" owner="BuiltIn">
<msg time="2024-04-16T09:14:02.842719" level="INFO">${expected_keys} = ['gender', 'name', 'location', 'email', 'login']</msg>
<var>${expected_keys}</var>
<arg>gender</arg>
<arg>name</arg>
<arg>location</arg>
<arg>email</arg>
<arg>login</arg>
<doc>Returns a list containing given items.</doc>
<status status="PASS" start="2024-04-16T09:14:02.842439" elapsed="0.000305"/>
</kw>
<for flavor="IN">
<iter>
<kw name="Dictionary Should Contain Key" owner="Collections">
<msg time="2024-04-16T09:14:02.843756" level="INFO">False</msg>
<arg>${json_data['results'][0]}</arg>
<arg>${key}</arg>
<doc>Fails if ``key`` is not found from ``dictionary``.</doc>
<status status="PASS" start="2024-04-16T09:14:02.843312" elapsed="0.000484"/>
</kw>
<kw name="Log" owner="BuiltIn">
<msg time="2024-04-16T09:14:02.844478" level="INFO">{'gender': 'female', 'name': {'title': 'Ms', 'first': 'Victoria', 'last': 'Wong'}, 'location': {'street': {'number': 6328, 'name': 'Concession Road 23'}, 'city': 'Hampstead', 'state': 'Saskatchewan', 'country': 'Canada', 'postcode': 'N1O 0S1', 'coordinates': {'latitude': '-65.6471', 'longitude': '111.6600'}, 'timezone': {'offset': '+3:00', 'description': 'Baghdad, Riyadh, Moscow, St. Petersburg'}}, 'email': 'victoria.wong@example.com', 'login': {'uuid': 'ffc8a56d-158e-4887-a105-ea842530f7e2', 'username': 'greentiger679', 'password': '4ever', 'salt': 'wG3HFD5h', 'md5': 'f6ed2754892688363c4bd381cc6436e3', 'sha1': '59bd88c66f0a0e39797355ecf32f85a62752b6a6', 'sha256': 'dc0a332d642f0cee57f420a8a20252fe193df34e247a2d86034ea7ba0f6354bb'}, 'dob': {'date': '1974-10-06T08:04:43.416Z', 'age': 49}, 'registered': {'date': '2007-12-12T19:28:36.131Z', 'age': 16}, 'phone': 'J20 Z49-1469', 'cell': 'R85 E62-6753', 'id': {'name': 'SIN', 'value': '351966403'}, 'picture': {'large': 'https://randomuser.me/api/portraits/women/13.jpg', 'medium': 'https://randomuser.me/api/portraits/med/women/13.jpg', 'thumbnail': 'https://randomuser.me/api/portraits/thumb/women/13.jpg'}, 'nat': 'CA'}</msg>
<arg>${json_data['results'][0]}</arg>
<doc>Logs the given message with the given level.</doc>
<status status="PASS" start="2024-04-16T09:14:02.844100" elapsed="0.000427"/>
</kw>
<kw name="Log" owner="BuiltIn">
<msg time="2024-04-16T09:14:02.844962" level="INFO">gender</msg>
<arg>${key}</arg>
<doc>Logs the given message with the given level.</doc>
<status status="PASS" start="2024-04-16T09:14:02.844831" elapsed="0.000170"/>
</kw>
<var name="${key}">gender</var>
<status status="PASS" start="2024-04-16T09:14:02.843189" elapsed="0.002029"/>
</iter>
<iter>
<kw name="Dictionary Should Contain Key" owner="Collections">
<msg time="2024-04-16T09:14:02.845904" level="INFO">False</msg>
<arg>${json_data['results'][0]}</arg>
<arg>${key}</arg>
<doc>Fails if ``key`` is not found from ``dictionary``.</doc>
<status status="PASS" start="2024-04-16T09:14:02.845519" elapsed="0.000422"/>
</kw>
<kw name="Log" owner="BuiltIn">
<msg time="2024-04-16T09:14:02.846875" level="INFO">{'gender': 'female', 'name': {'title': 'Ms', 'first': 'Victoria', 'last': 'Wong'}, 'location': {'street': {'number': 6328, 'name': 'Concession Road 23'}, 'city': 'Hampstead', 'state': 'Saskatchewan', 'country': 'Canada', 'postcode': 'N1O 0S1', 'coordinates': {'latitude': '-65.6471', 'longitude': '111.6600'}, 'timezone': {'offset': '+3:00', 'description': 'Baghdad, Riyadh, Moscow, St. Petersburg'}}, 'email': 'victoria.wong@example.com', 'login': {'uuid': 'ffc8a56d-158e-4887-a105-ea842530f7e2', 'username': 'greentiger679', 'password': '4ever', 'salt': 'wG3HFD5h', 'md5': 'f6ed2754892688363c4bd381cc6436e3', 'sha1': '59bd88c66f0a0e39797355ecf32f85a62752b6a6', 'sha256': 'dc0a332d642f0cee57f420a8a20252fe193df34e247a2d86034ea7ba0f6354bb'}, 'dob': {'date': '1974-10-06T08:04:43.416Z', 'age': 49}, 'registered': {'date': '2007-12-12T19:28:36.131Z', 'age': 16}, 'phone': 'J20 Z49-1469', 'cell': 'R85 E62-6753', 'id': {'name': 'SIN', 'value': '351966403'}, 'picture': {'large': 'https://randomuser.me/api/portraits/women/13.jpg', 'medium': 'https://randomuser.me/api/portraits/med/women/13.jpg', 'thumbnail': 'https://randomuser.me/api/portraits/thumb/women/13.jpg'}, 'nat': 'CA'}</msg>
<arg>${json_data['results'][0]}</arg>
<doc>Logs the given message with the given level.</doc>
<status status="PASS" start="2024-04-16T09:14:02.846311" elapsed="0.000637"/>
</kw>
<kw name="Log" owner="BuiltIn">
<msg time="2024-04-16T09:14:02.847627" level="INFO">name</msg>
<arg>${key}</arg>
<doc>Logs the given message with the given level.</doc>
<status status="PASS" start="2024-04-16T09:14:02.847400" elapsed="0.000284"/>
</kw>
<var name="${key}">name</var>
<status status="PASS" start="2024-04-16T09:14:02.845404" elapsed="0.002549"/>
</iter>
<iter>
<kw name="Dictionary Should Contain Key" owner="Collections">
<msg time="2024-04-16T09:14:02.848640" level="INFO">False</msg>
<arg>${json_data['results'][0]}</arg>
<arg>${key}</arg>
<doc>Fails if ``key`` is not found from ``dictionary``.</doc>
<status status="PASS" start="2024-04-16T09:14:02.848250" elapsed="0.000430"/>
</kw>
<kw name="Log" owner="BuiltIn">
<msg time="2024-04-16T09:14:02.849348" level="INFO">{'gender': 'female', 'name': {'title': 'Ms', 'first': 'Victoria', 'last': 'Wong'}, 'location': {'street': {'number': 6328, 'name': 'Concession Road 23'}, 'city': 'Hampstead', 'state': 'Saskatchewan', 'country': 'Canada', 'postcode': 'N1O 0S1', 'coordinates': {'latitude': '-65.6471', 'longitude': '111.6600'}, 'timezone': {'offset': '+3:00', 'description': 'Baghdad, Riyadh, Moscow, St. Petersburg'}}, 'email': 'victoria.wong@example.com', 'login': {'uuid': 'ffc8a56d-158e-4887-a105-ea842530f7e2', 'username': 'greentiger679', 'password': '4ever', 'salt': 'wG3HFD5h', 'md5': 'f6ed2754892688363c4bd381cc6436e3', 'sha1': '59bd88c66f0a0e39797355ecf32f85a62752b6a6', 'sha256': 'dc0a332d642f0cee57f420a8a20252fe193df34e247a2d86034ea7ba0f6354bb'}, 'dob': {'date': '1974-10-06T08:04:43.416Z', 'age': 49}, 'registered': {'date': '2007-12-12T19:28:36.131Z', 'age': 16}, 'phone': 'J20 Z49-1469', 'cell': 'R85 E62-6753', 'id': {'name': 'SIN', 'value': '351966403'}, 'picture': {'large': 'https://randomuser.me/api/portraits/women/13.jpg', 'medium': 'https://randomuser.me/api/portraits/med/women/13.jpg', 'thumbnail': 'https://randomuser.me/api/portraits/thumb/women/13.jpg'}, 'nat': 'CA'}</msg>
<arg>${json_data['results'][0]}</arg>
<doc>Logs the given message with the given level.</doc>
<status status="PASS" start="2024-04-16T09:14:02.848984" elapsed="0.000413"/>
</kw>
<kw name="Log" owner="BuiltIn">
<msg time="2024-04-16T09:14:02.849831" level="INFO">location</msg>
<arg>${key}</arg>
<doc>Logs the given message with the given level.</doc>
<status status="PASS" start="2024-04-16T09:14:02.849702" elapsed="0.000168"/>
</kw>
<var name="${key}">location</var>
<status status="PASS" start="2024-04-16T09:14:02.848137" elapsed="0.001951"/>
</iter>
<iter>
<kw name="Dictionary Should Contain Key" owner="Collections">
<msg time="2024-04-16T09:14:02.850745" level="INFO">False</msg>
<arg>${json_data['results'][0]}</arg>
<arg>${key}</arg>
<doc>Fails if ``key`` is not found from ``dictionary``.</doc>
<status status="PASS" start="2024-04-16T09:14:02.850370" elapsed="0.000413"/>
</kw>
<kw name="Log" owner="BuiltIn">
<msg time="2024-04-16T09:14:02.851451" level="INFO">{'gender': 'female', 'name': {'title': 'Ms', 'first': 'Victoria', 'last': 'Wong'}, 'location': {'street': {'number': 6328, 'name': 'Concession Road 23'}, 'city': 'Hampstead', 'state': 'Saskatchewan', 'country': 'Canada', 'postcode': 'N1O 0S1', 'coordinates': {'latitude': '-65.6471', 'longitude': '111.6600'}, 'timezone': {'offset': '+3:00', 'description': 'Baghdad, Riyadh, Moscow, St. Petersburg'}}, 'email': 'victoria.wong@example.com', 'login': {'uuid': 'ffc8a56d-158e-4887-a105-ea842530f7e2', 'username': 'greentiger679', 'password': '4ever', 'salt': 'wG3HFD5h', 'md5': 'f6ed2754892688363c4bd381cc6436e3', 'sha1': '59bd88c66f0a0e39797355ecf32f85a62752b6a6', 'sha256': 'dc0a332d642f0cee57f420a8a20252fe193df34e247a2d86034ea7ba0f6354bb'}, 'dob': {'date': '1974-10-06T08:04:43.416Z', 'age': 49}, 'registered': {'date': '2007-12-12T19:28:36.131Z', 'age': 16}, 'phone': 'J20 Z49-1469', 'cell': 'R85 E62-6753', 'id': {'name': 'SIN', 'value': '351966403'}, 'picture': {'large': 'https://randomuser.me/api/portraits/women/13.jpg', 'medium': 'https://randomuser.me/api/portraits/med/women/13.jpg', 'thumbnail': 'https://randomuser.me/api/portraits/thumb/women/13.jpg'}, 'nat': 'CA'}</msg>
<arg>${json_data['results'][0]}</arg>
<doc>Logs the given message with the given level.</doc>
<status status="PASS" start="2024-04-16T09:14:02.851086" elapsed="0.000412"/>
</kw>
<kw name="Log" owner="BuiltIn">
<msg time="2024-04-16T09:14:02.851959" level="INFO">email</msg>
<arg>${key}</arg>
<doc>Logs the given message with the given level.</doc>
<status status="PASS" start="2024-04-16T09:14:02.851830" elapsed="0.000168"/>
</kw>
<var name="${key}">email</var>
<status status="PASS" start="2024-04-16T09:14:02.850260" elapsed="0.001960"/>
</iter>
<iter>
<kw name="Dictionary Should Contain Key" owner="Collections">
<msg time="2024-04-16T09:14:02.852896" level="INFO">False</msg>
<arg>${json_data['results'][0]}</arg>
<arg>${key}</arg>
<doc>Fails if ``key`` is not found from ``dictionary``.</doc>
<status status="PASS" start="2024-04-16T09:14:02.852514" elapsed="0.000420"/>
</kw>
<kw name="Log" owner="BuiltIn">
<msg time="2024-04-16T09:14:02.853601" level="INFO">{'gender': 'female', 'name': {'title': 'Ms', 'first': 'Victoria', 'last': 'Wong'}, 'location': {'street': {'number': 6328, 'name': 'Concession Road 23'}, 'city': 'Hampstead', 'state': 'Saskatchewan', 'country': 'Canada', 'postcode': 'N1O 0S1', 'coordinates': {'latitude': '-65.6471', 'longitude': '111.6600'}, 'timezone': {'offset': '+3:00', 'description': 'Baghdad, Riyadh, Moscow, St. Petersburg'}}, 'email': 'victoria.wong@example.com', 'login': {'uuid': 'ffc8a56d-158e-4887-a105-ea842530f7e2', 'username': 'greentiger679', 'password': '4ever', 'salt': 'wG3HFD5h', 'md5': 'f6ed2754892688363c4bd381cc6436e3', 'sha1': '59bd88c66f0a0e39797355ecf32f85a62752b6a6', 'sha256': 'dc0a332d642f0cee57f420a8a20252fe193df34e247a2d86034ea7ba0f6354bb'}, 'dob': {'date': '1974-10-06T08:04:43.416Z', 'age': 49}, 'registered': {'date': '2007-12-12T19:28:36.131Z', 'age': 16}, 'phone': 'J20 Z49-1469', 'cell': 'R85 E62-6753', 'id': {'name': 'SIN', 'value': '351966403'}, 'picture': {'large': 'https://randomuser.me/api/portraits/women/13.jpg', 'medium': 'https://randomuser.me/api/portraits/med/women/13.jpg', 'thumbnail': 'https://randomuser.me/api/portraits/thumb/women/13.jpg'}, 'nat': 'CA'}</msg>
<arg>${json_data['results'][0]}</arg>
<doc>Logs the given message with the given level.</doc>
<status status="PASS" start="2024-04-16T09:14:02.853240" elapsed="0.000409"/>
</kw>
<kw name="Log" owner="BuiltIn">
<msg time="2024-04-16T09:14:02.854071" level="INFO">login</msg>
<arg>${key}</arg>
<doc>Logs the given message with the given level.</doc>
<status status="PASS" start="2024-04-16T09:14:02.853943" elapsed="0.000196"/>
</kw>
<var name="${key}">login</var>
<status status="PASS" start="2024-04-16T09:14:02.852397" elapsed="0.001963"/>
</iter>
<var>${key}</var>
<value>@{expected_keys}</value>
<status status="PASS" start="2024-04-16T09:14:02.843005" elapsed="0.011477"/>
</for>
<kw name="Create List" owner="BuiltIn">
<msg time="2024-04-16T09:14:02.854805" level="INFO">${expected_keysTwo} = ['username', 'password']</msg>
<var>${expected_keysTwo}</var>
<arg>username</arg>
<arg>password</arg>
<doc>Returns a list containing given items.</doc>
<status status="PASS" start="2024-04-16T09:14:02.854671" elapsed="0.000158"/>
</kw>
<for flavor="IN">
<iter>
<kw name="Dictionary Should Contain Key" owner="Collections">
<msg time="2024-04-16T09:14:02.855761" level="INFO">False</msg>
<arg>${json_data['results'][0]['login']}</arg>
<arg>${keyTwo}</arg>
<doc>Fails if ``key`` is not found from ``dictionary``.</doc>
<status status="PASS" start="2024-04-16T09:14:02.855321" elapsed="0.000477"/>
</kw>
<kw name="Dictionary Should Contain Key" owner="Collections">
<msg time="2024-04-16T09:14:02.856492" level="INFO">False</msg>
<arg>${json_data['results'][0]['login']}</arg>
<arg>${keyTwo}</arg>
<doc>Fails if ``key`` is not found from ``dictionary``.</doc>
<status status="PASS" start="2024-04-16T09:14:02.856098" elapsed="0.000433"/>
</kw>
<kw name="Log" owner="BuiltIn">
<msg time="2024-04-16T09:14:02.856958" level="INFO">username</msg>
<arg>${keyTwo}</arg>
<doc>Logs the given message with the given level.</doc>
<status status="PASS" start="2024-04-16T09:14:02.856832" elapsed="0.000163"/>
</kw>
<var name="${keyTwo}">username</var>
<status status="PASS" start="2024-04-16T09:14:02.855212" elapsed="0.001996"/>
</iter>
<iter>
<kw name="Dictionary Should Contain Key" owner="Collections">
<msg time="2024-04-16T09:14:02.857874" level="INFO">False</msg>
<arg>${json_data['results'][0]['login']}</arg>
<arg>${keyTwo}</arg>
<doc>Fails if ``key`` is not found from ``dictionary``.</doc>
<status status="PASS" start="2024-04-16T09:14:02.857488" elapsed="0.000423"/>
</kw>
<kw name="Dictionary Should Contain Key" owner="Collections">
<msg time="2024-04-16T09:14:02.858668" level="INFO">False</msg>
<arg>${json_data['results'][0]['login']}</arg>
<arg>${keyTwo}</arg>
<doc>Fails if ``key`` is not found from ``dictionary``.</doc>
<status status="PASS" start="2024-04-16T09:14:02.858205" elapsed="0.000508"/>
</kw>
<kw name="Log" owner="BuiltIn">
<msg time="2024-04-16T09:14:02.859137" level="INFO">password</msg>
<arg>${keyTwo}</arg>
<doc>Logs the given message with the given level.</doc>
<status status="PASS" start="2024-04-16T09:14:02.859010" elapsed="0.000165"/>
</kw>
<var name="${keyTwo}">password</var>
<status status="PASS" start="2024-04-16T09:14:02.857378" elapsed="0.002013"/>
</iter>
<var>${keyTwo}</var>
<value>@{expected_keysTwo}</value>
<status status="PASS" start="2024-04-16T09:14:02.855063" elapsed="0.004451"/>
</for>
<status status="PASS" start="2024-04-16T09:14:02.750749" elapsed="0.108944"/>
</kw>
<doc>Testa a estrutura da resposta da API.</doc>
<tag>testeEstruturaResposta</tag>
<status status="PASS" start="2024-04-16T09:14:02.750155" elapsed="0.109694"/>
</test>
<test id="s1-s1-t4" name="Validar tipos de dados" line="28">
<kw name="Teste de Tipos de Dados" owner="random-user-service">
<kw name="GET On Session" owner="RequestsLibrary">
<msg time="2024-04-16T09:14:02.938440" level="INFO">GET Request : url=https://randomuser.me/api 
 path_url=/api 
 headers={'User-Agent': 'python-requests/2.31.0', 'Accept-Encoding': 'gzip, deflate', 'Accept': '*/*', 'Connection': 'keep-alive'} 
 body=None 
 </msg>
<msg time="2024-04-16T09:14:02.938516" level="INFO">GET Response : url=https://randomuser.me/api 
 status=200, reason=OK 
 headers={'Date': 'Tue, 16 Apr 2024 09:14:02 GMT', 'Content-Type': 'application/json; charset=utf-8', 'Transfer-Encoding': 'chunked', 'Connection': 'keep-alive', 'X-Powered-By': 'Express', 'Access-Control-Allow-Origin': '*', 'Cache-Control': 'no-cache', 'ETag': 'W/"489-zPBmgd/99DM7Qg7Xtf/vk4WJ30Y"', 'Vary': 'Accept-Encoding', 'Content-Encoding': 'gzip', 'CF-Cache-Status': 'DYNAMIC', 'Report-To': '{"endpoints":[{"url":"https:\\/\\/a.nel.cloudflare.com\\/report\\/v4?s=pwUsv5dQ0ItTUozWls25aUnnCI9VAgcrNvNBEBXJ0w%2FR4b8KkPcC%2Fng%2BDGy04TFUAABCRT%2BoPtHpM3eeoJ41E39NHSlGOVZVc%2F7Hr1%2BfuuI%2F1KOT9dn%2FQ%2FxRBSZyAokC"}],"group":"cf-nel","max_age":604800}', 'NEL': '{"success_fraction":0,"report_to":"cf-nel","max_age":604800}', 'Server': 'cloudflare', 'CF-RAY': '87531017e8c30815-IAD', 'alt-svc': 'h3=":443"; ma=86400'} 
 body={"results":[{"gender":"male","name":{"title":"Mr","first":"Craig","last":"Porter"},"location":{"street":{"number":9534,"name":"Stevens Creek Blvd"},"city":"Rockhampton","state":"New South Wales","country":"Australia","postcode":7190,"coordinates":{"latitude":"-82.6246","longitude":"-174.8238"},"timezone":{"offset":"-11:00","description":"Midway Island, Samoa"}},"email":"craig.porter@example.com","login":{"uuid":"3b0fcb20-38cd-41a2-ba52-a455a67f6c2e","username":"greendog714","password":"night","salt":"oIW1fOl9","md5":"ee3f031cda0f923f64dfc70d466a0b14","sha1":"d0b0bdba2e3c2ea9d261e4244035d7df21b14ea1","sha256":"0eec6ff271ee4631ee105cf98c938086e19bfa02ed1ca2dea847085026216d20"},"dob":{"date":"1960-09-30T23:45:42.159Z","age":63},"registered":{"date":"2009-06-28T22:21:05.852Z","age":14},"phone":"06-3494-8195","cell":"0440-909-599","id":{"name":"TFN","value":"023610298"},"picture":{"large":"https://randomuser.me/api/portraits/men/31.jpg","medium":"https://randomuser.me/api/portraits/med/men/31.jpg","thumbnail":"https://randomuser.me/api/portraits/thumb/men/31.jpg"},"nat":"AU"}],"info":{"seed":"061498312df2fabe","results":1,"page":1,"version":"1.4"}} 
 </msg>
<msg time="2024-04-16T09:14:02.938584" level="INFO">/opt/hostedtoolcache/Python/3.12.2/x64/lib/python3.12/site-packages/urllib3/connectionpool.py:1103: InsecureRequestWarning: Unverified HTTPS request is being made to host 'randomuser.me'. Adding certificate verification is strongly advised. See: https://urllib3.readthedocs.io/en/latest/advanced-usage.html#tls-warnings
  warnings.warn(</msg>
<msg time="2024-04-16T09:14:02.938693" level="INFO">${response} = &lt;Response [200]&gt;</msg>
<var>${response}</var>
<arg>consultarAPI</arg>
<arg>/api</arg>
<doc>Sends a GET request on a previously created HTTP Session.</doc>
<status status="PASS" start="2024-04-16T09:14:02.862339" elapsed="0.076405"/>
</kw>
<kw name="Set Variable" owner="BuiltIn">
<msg time="2024-04-16T09:14:02.939805" level="INFO">${json_data} = {'results': [{'gender': 'male', 'name': {'title': 'Mr', 'first': 'Craig', 'last': 'Porter'}, 'location': {'street': {'number': 9534, 'name': 'Stevens Creek Blvd'}, 'city': 'Rockhampton', 'state': 'New...</msg>
<var>${json_data}</var>
<arg>${response.json()}</arg>
<doc>Returns the given values which can then be assigned to a variables.</doc>
<status status="PASS" start="2024-04-16T09:14:02.939195" elapsed="0.000638"/>
</kw>
<kw name="Log" owner="BuiltIn">
<msg time="2024-04-16T09:14:02.940301" level="INFO">{'results': [{'gender': 'male', 'name': {'title': 'Mr', 'first': 'Craig', 'last': 'Porter'}, 'location': {'street': {'number': 9534, 'name': 'Stevens Creek Blvd'}, 'city': 'Rockhampton', 'state': 'New South Wales', 'country': 'Australia', 'postcode': 7190, 'coordinates': {'latitude': '-82.6246', 'longitude': '-174.8238'}, 'timezone': {'offset': '-11:00', 'description': 'Midway Island, Samoa'}}, 'email': 'craig.porter@example.com', 'login': {'uuid': '3b0fcb20-38cd-41a2-ba52-a455a67f6c2e', 'username': 'greendog714', 'password': 'night', 'salt': 'oIW1fOl9', 'md5': 'ee3f031cda0f923f64dfc70d466a0b14', 'sha1': 'd0b0bdba2e3c2ea9d261e4244035d7df21b14ea1', 'sha256': '0eec6ff271ee4631ee105cf98c938086e19bfa02ed1ca2dea847085026216d20'}, 'dob': {'date': '1960-09-30T23:45:42.159Z', 'age': 63}, 'registered': {'date': '2009-06-28T22:21:05.852Z', 'age': 14}, 'phone': '06-3494-8195', 'cell': '0440-909-599', 'id': {'name': 'TFN', 'value': '023610298'}, 'picture': {'large': 'https://randomuser.me/api/portraits/men/31.jpg', 'medium': 'https://randomuser.me/api/portraits/med/men/31.jpg', 'thumbnail': 'https://randomuser.me/api/portraits/thumb/men/31.jpg'}, 'nat': 'AU'}], 'info': {'seed': '061498312df2fabe', 'results': 1, 'page': 1, 'version': '1.4'}}</msg>
<arg>${json_data}</arg>
<doc>Logs the given message with the given level.</doc>
<status status="PASS" start="2024-04-16T09:14:02.940142" elapsed="0.000237"/>
</kw>
<kw name="Should Be String" owner="String">
<arg>${json_data['results'][0]['gender']}</arg>
<doc>Fails if the given ``item`` is not a string.</doc>
<status status="PASS" start="2024-04-16T09:14:02.940682" elapsed="0.000369"/>
</kw>
<kw name="Should Match Regexp" owner="BuiltIn">
<arg>${json_data['results'][0]['email']}</arg>
<arg>^[a-zA-Z0-9._%+-]+@[a-zA-Z0-9.-]+\.[a-zA-Z]{2,}$</arg>
<doc>Fails if ``string`` does not match ``pattern`` as a regular expression.</doc>
<status status="PASS" start="2024-04-16T09:14:02.941246" elapsed="0.000507"/>
</kw>
<kw name="Should Match Regexp" owner="BuiltIn">
<arg>${json_data['results'][0]['dob']['date']}</arg>
<arg>\\d{4}-\\d{2}-\\d{2}T\\d{2}:\\d{2}:\\d{2}\\.\\d{3}Z</arg>
<doc>Fails if ``string`` does not match ``pattern`` as a regular expression.</doc>
<status status="PASS" start="2024-04-16T09:14:02.941953" elapsed="0.000489"/>
</kw>
<kw name="Should Match Regexp" owner="BuiltIn">
<arg>${json_data['results'][0]['registered']['date']}</arg>
<arg>\\d{4}-\\d{2}-\\d{2}T\\d{2}:\\d{2}:\\d{2}\\.\\d{3}Z</arg>
<doc>Fails if ``string`` does not match ``pattern`` as a regular expression.</doc>
<status status="PASS" start="2024-04-16T09:14:02.942636" elapsed="0.000364"/>
</kw>
<kw name="Should Match Regexp" owner="BuiltIn">
<arg>${json_data['results'][0]['picture']['large']}</arg>
<arg>^https?://.*\.(?:png|jpe?g|gif|bmp)$</arg>
<doc>Fails if ``string`` does not match ``pattern`` as a regular expression.</doc>
<status status="PASS" start="2024-04-16T09:14:02.943187" elapsed="0.000485"/>
</kw>
<kw name="Should Match Regexp" owner="BuiltIn">
<arg>${json_data['results'][0]['picture']['medium']}</arg>
<arg>^https?://.*\.(?:png|jpe?g|gif|bmp)$</arg>
<doc>Fails if ``string`` does not match ``pattern`` as a regular expression.</doc>
<status status="PASS" start="2024-04-16T09:14:02.943867" elapsed="0.000354"/>
</kw>
<kw name="Should Match Regexp" owner="BuiltIn">
<arg>${json_data['results'][0]['picture']['thumbnail']}</arg>
<arg>^https?://.*\.(?:png|jpe?g|gif|bmp)$</arg>
<doc>Fails if ``string`` does not match ``pattern`` as a regular expression.</doc>
<status status="PASS" start="2024-04-16T09:14:02.944415" elapsed="0.000358"/>
</kw>
<kw name="Log" owner="BuiltIn">
<msg time="2024-04-16T09:14:02.945283" level="INFO">{'large': 'https://randomuser.me/api/portraits/men/31.jpg', 'medium': 'https://randomuser.me/api/portraits/med/men/31.jpg', 'thumbnail': 'https://randomuser.me/api/portraits/thumb/men/31.jpg'}</msg>
<arg>${json_data['results'][0]['picture']}</arg>
<doc>Logs the given message with the given level.</doc>
<status status="PASS" start="2024-04-16T09:14:02.944955" elapsed="0.000370"/>
</kw>
<status status="PASS" start="2024-04-16T09:14:02.862116" elapsed="0.083462"/>
</kw>
<kw name="Teste de Tipos de Dados - Postcode" owner="random-user-service">
<kw name="GET On Session" owner="RequestsLibrary">
<msg time="2024-04-16T09:14:03.042232" level="INFO">GET Request : url=https://randomuser.me/api 
 path_url=/api 
 headers={'User-Agent': 'python-requests/2.31.0', 'Accept-Encoding': 'gzip, deflate', 'Accept': '*/*', 'Connection': 'keep-alive'} 
 body=None 
 </msg>
<msg time="2024-04-16T09:14:03.042294" level="INFO">GET Response : url=https://randomuser.me/api 
 status=200, reason=OK 
 headers={'Date': 'Tue, 16 Apr 2024 09:14:03 GMT', 'Content-Type': 'application/json; charset=utf-8', 'Transfer-Encoding': 'chunked', 'Connection': 'keep-alive', 'X-Powered-By': 'Express', 'Access-Control-Allow-Origin': '*', 'Cache-Control': 'no-cache', 'ETag': 'W/"49c-7m7oyB2ScyAHBoWRxjQ++CgjPmM"', 'Vary': 'Accept-Encoding', 'Content-Encoding': 'gzip', 'CF-Cache-Status': 'DYNAMIC', 'Report-To': '{"endpoints":[{"url":"https:\\/\\/a.nel.cloudflare.com\\/report\\/v4?s=9AszDZRWwLZrmcU3uTyyQWObt5GANU00fLKfYBf5VjVvxNN%2F4Gq5I5G%2B5BjUXyIUbhbLYI1E5KNnU%2B6zreBZykDYiDnv1vjY1YT64y64Kh2BAdERX7%2BYo4SnBgAw2VaX"}],"group":"cf-nel","max_age":604800}', 'NEL': '{"success_fraction":0,"report_to":"cf-nel","max_age":604800}', 'Server': 'cloudflare', 'CF-RAY': '8753101878e40815-IAD', 'alt-svc': 'h3=":443"; ma=86400'} 
 body={"results":[{"gender":"male","name":{"title":"Mr","first":"Carlos","last":"Carrera"},"location":{"street":{"number":5737,"name":"Circuito Arroyo"},"city":"Buena Vista","state":"Campeche","country":"Mexico","postcode":12824,"coordinates":{"latitude":"23.7024","longitude":"-61.1838"},"timezone":{"offset":"+8:00","description":"Beijing, Perth, Singapore, Hong Kong"}},"email":"carlos.carrera@example.com","login":{"uuid":"22d95110-ca00-4397-b1d0-39885f575181","username":"ticklishbird290","password":"allan","salt":"YNddnJBn","md5":"9192b663d5c4ecbbdab7129791389cc9","sha1":"344589f4c72840588b29af1a4ce7e2239d5145d9","sha256":"bbae98175c80c297fa99f1d2e3f721d4b82270d75bb02d7a022b013e28e72dbb"},"dob":{"date":"1978-02-05T07:22:39.548Z","age":46},"registered":{"date":"2013-04-26T20:36:39.870Z","age":10},"phone":"(639) 343 1509","cell":"(690) 053 7983","id":{"name":"NSS","value":"03 29 72 1838 1"},"picture":{"large":"https://randomuser.me/api/portraits/men/55.jpg","medium":"https://randomuser.me/api/portraits/med/men/55.jpg","thumbnail":"https://randomuser.me/api/portraits/thumb/men/55.jpg"},"nat":"MX"}],"info":{"seed":"8e8ab4461f15e852","results":1,"page":1,"version":"1.4"}} 
 </msg>
<msg time="2024-04-16T09:14:03.042348" level="INFO">/opt/hostedtoolcache/Python/3.12.2/x64/lib/python3.12/site-packages/urllib3/connectionpool.py:1103: InsecureRequestWarning: Unverified HTTPS request is being made to host 'randomuser.me'. Adding certificate verification is strongly advised. See: https://urllib3.readthedocs.io/en/latest/advanced-usage.html#tls-warnings
  warnings.warn(</msg>
<msg time="2024-04-16T09:14:03.042453" level="INFO">${response} = &lt;Response [200]&gt;</msg>
<var>${response}</var>
<arg>consultarAPI</arg>
<arg>/api</arg>
<doc>Sends a GET request on a previously created HTTP Session.</doc>
<status status="PASS" start="2024-04-16T09:14:02.946014" elapsed="0.096481"/>
</kw>
<kw name="Set Variable" owner="BuiltIn">
<msg time="2024-04-16T09:14:03.043368" level="INFO">${json_data} = {'results': [{'gender': 'male', 'name': {'title': 'Mr', 'first': 'Carlos', 'last': 'Carrera'}, 'location': {'street': {'number': 5737, 'name': 'Circuito Arroyo'}, 'city': 'Buena Vista', 'state': 'Camp...</msg>
<var>${json_data}</var>
<arg>${response.json()}</arg>
<doc>Returns the given values which can then be assigned to a variables.</doc>
<status status="PASS" start="2024-04-16T09:14:03.042935" elapsed="0.000460"/>
</kw>
<kw name="Log" owner="BuiltIn">
<msg time="2024-04-16T09:14:03.043900" level="INFO">{'results': [{'gender': 'male', 'name': {'title': 'Mr', 'first': 'Carlos', 'last': 'Carrera'}, 'location': {'street': {'number': 5737, 'name': 'Circuito Arroyo'}, 'city': 'Buena Vista', 'state': 'Campeche', 'country': 'Mexico', 'postcode': 12824, 'coordinates': {'latitude': '23.7024', 'longitude': '-61.1838'}, 'timezone': {'offset': '+8:00', 'description': 'Beijing, Perth, Singapore, Hong Kong'}}, 'email': 'carlos.carrera@example.com', 'login': {'uuid': '22d95110-ca00-4397-b1d0-39885f575181', 'username': 'ticklishbird290', 'password': 'allan', 'salt': 'YNddnJBn', 'md5': '9192b663d5c4ecbbdab7129791389cc9', 'sha1': '344589f4c72840588b29af1a4ce7e2239d5145d9', 'sha256': 'bbae98175c80c297fa99f1d2e3f721d4b82270d75bb02d7a022b013e28e72dbb'}, 'dob': {'date': '1978-02-05T07:22:39.548Z', 'age': 46}, 'registered': {'date': '2013-04-26T20:36:39.870Z', 'age': 10}, 'phone': '(639) 343 1509', 'cell': '(690) 053 7983', 'id': {'name': 'NSS', 'value': '03 29 72 1838 1'}, 'picture': {'large': 'https://randomuser.me/api/portraits/men/55.jpg', 'medium': 'https://randomuser.me/api/portraits/med/men/55.jpg', 'thumbnail': 'https://randomuser.me/api/portraits/thumb/men/55.jpg'}, 'nat': 'MX'}], 'info': {'seed': '8e8ab4461f15e852', 'results': 1, 'page': 1, 'version': '1.4'}}</msg>
<arg>${json_data}</arg>
<doc>Logs the given message with the given level.</doc>
<status status="PASS" start="2024-04-16T09:14:03.043746" elapsed="0.000229"/>
</kw>
<kw name="Should Be Equal As Numbers" owner="BuiltIn">
<arg>${json_data['results'][0]['location']['postcode']}</arg>
<arg>${json_data['results'][0]['location']['postcode']}</arg>
<doc>Fails if objects are unequal after converting them to real numbers.</doc>
<status status="PASS" start="2024-04-16T09:14:03.044274" elapsed="0.000727"/>
</kw>
<kw name="Log" owner="BuiltIn">
<msg time="2024-04-16T09:14:03.045524" level="INFO">12824</msg>
<arg>${json_data['results'][0]['location']['postcode']}</arg>
<doc>Logs the given message with the given level.</doc>
<status status="PASS" start="2024-04-16T09:14:03.045194" elapsed="0.000369"/>
</kw>
<status status="PASS" start="2024-04-16T09:14:02.945788" elapsed="0.100026"/>
</kw>
<doc>Testa se os tipos de dados na resposta da API estão corretos.</doc>
<tag>testeTiposDados</tag>
<status status="PASS" start="2024-04-16T09:14:02.861595" elapsed="0.184380"/>
</test>
<test id="s1-s1-t5" name="Validar conteudo" line="35">
<kw name="Teste de Tipos de Conteudo" owner="random-user-service">
<kw name="GET On Session" owner="RequestsLibrary">
<msg time="2024-04-16T09:14:03.138072" level="INFO">GET Request : url=https://randomuser.me/api 
 path_url=/api 
 headers={'User-Agent': 'python-requests/2.31.0', 'Accept-Encoding': 'gzip, deflate', 'Accept': '*/*', 'Connection': 'keep-alive'} 
 body=None 
 </msg>
<msg time="2024-04-16T09:14:03.138147" level="INFO">GET Response : url=https://randomuser.me/api 
 status=200, reason=OK 
 headers={'Date': 'Tue, 16 Apr 2024 09:14:03 GMT', 'Content-Type': 'application/json; charset=utf-8', 'Transfer-Encoding': 'chunked', 'Connection': 'keep-alive', 'X-Powered-By': 'Express', 'Access-Control-Allow-Origin': '*', 'Cache-Control': 'no-cache', 'ETag': 'W/"4a7-0y6DBr3UYfbg2HASWvwplZcwUNk"', 'Vary': 'Accept-Encoding', 'Content-Encoding': 'gzip', 'CF-Cache-Status': 'DYNAMIC', 'Report-To': '{"endpoints":[{"url":"https:\\/\\/a.nel.cloudflare.com\\/report\\/v4?s=5OlDO7r40kfuHZOId6u9N7HTNVzL5%2BNpDKqA0zxcA5bxEkmazHXqCZDLbOiW5Kn4BmlXf9GOkifLw%2ByaZLh9QRcPD1u2hBUuNRZBPASxd0y7sAoD1cv37yaJjzXsl3DU"}],"group":"cf-nel","max_age":604800}', 'NEL': '{"success_fraction":0,"report_to":"cf-nel","max_age":604800}', 'Server': 'cloudflare', 'CF-RAY': '87531019190f0815-IAD', 'alt-svc': 'h3=":443"; ma=86400'} 
 body={"results":[{"gender":"female","name":{"title":"Mrs","first":"Jadiara","last":"Sales"},"location":{"street":{"number":9778,"name":"Beco dos Namorados"},"city":"Magé","state":"Rio Grande do Norte","country":"Brazil","postcode":35641,"coordinates":{"latitude":"-76.5429","longitude":"41.7517"},"timezone":{"offset":"+8:00","description":"Beijing, Perth, Singapore, Hong Kong"}},"email":"jadiara.sales@example.com","login":{"uuid":"7e8df18b-4cd2-43a5-81de-f615fefdb668","username":"tinywolf482","password":"steven","salt":"YZloNtdh","md5":"63039780fd0e8c2a0a815a03f58b95bd","sha1":"0bb35c37ca9943c455eacf762bd6c690c1d2a311","sha256":"8884c141c3b620b166f0a28672a34e34c1bc34936af2d0cacf6997549831f2a3"},"dob":{"date":"1949-03-26T06:50:59.332Z","age":75},"registered":{"date":"2009-04-02T20:02:32.932Z","age":15},"phone":"(99) 8744-5891","cell":"(93) 5548-4915","id":{"name":"CPF","value":"530.164.353-17"},"picture":{"large":"https://randomuser.me/api/portraits/women/94.jpg","medium":"https://randomuser.me/api/portraits/med/women/94.jpg","thumbnail":"https://randomuser.me/api/portraits/thumb/women/94.jpg"},"nat":"BR"}],"info":{"seed":"70ddf0435715e3eb","results":1,"page":1,"version":"1.4"}} 
 </msg>
<msg time="2024-04-16T09:14:03.138205" level="INFO">/opt/hostedtoolcache/Python/3.12.2/x64/lib/python3.12/site-packages/urllib3/connectionpool.py:1103: InsecureRequestWarning: Unverified HTTPS request is being made to host 'randomuser.me'. Adding certificate verification is strongly advised. See: https://urllib3.readthedocs.io/en/latest/advanced-usage.html#tls-warnings
  warnings.warn(</msg>
<msg time="2024-04-16T09:14:03.138310" level="INFO">${response} = &lt;Response [200]&gt;</msg>
<var>${response}</var>
<arg>consultarAPI</arg>
<arg>/api</arg>
<doc>Sends a GET request on a previously created HTTP Session.</doc>
<status status="PASS" start="2024-04-16T09:14:03.048477" elapsed="0.089875"/>
</kw>
<kw name="Set Variable" owner="BuiltIn">
<msg time="2024-04-16T09:14:03.139176" level="INFO">${json_data} = {'results': [{'gender': 'female', 'name': {'title': 'Mrs', 'first': 'Jadiara', 'last': 'Sales'}, 'location': {'street': {'number': 9778, 'name': 'Beco dos Namorados'}, 'city': 'Magé', 'state': 'Rio Gr...</msg>
<var>${json_data}</var>
<arg>${response.json()}</arg>
<doc>Returns the given values which can then be assigned to a variables.</doc>
<status status="PASS" start="2024-04-16T09:14:03.138726" elapsed="0.000479"/>
</kw>
<kw name="Set Variable" owner="BuiltIn">
<msg time="2024-04-16T09:14:03.139933" level="INFO">${name_title} = Mrs</msg>
<var>${name_title}</var>
<arg>${json_data["results"][0]["name"]["title"]}</arg>
<doc>Returns the given values which can then be assigned to a variables.</doc>
<status status="PASS" start="2024-04-16T09:14:03.139511" elapsed="0.000447"/>
</kw>
<kw name="Create List" owner="BuiltIn">
<msg time="2024-04-16T09:14:03.140404" level="INFO">${allowed_titles} = ['Mr', 'Ms', 'Miss', 'Mrs', 'Madame', 'Monsieur']</msg>
<var>${allowed_titles}</var>
<arg>Mr</arg>
<arg>Ms</arg>
<arg>Miss</arg>
<arg>Mrs</arg>
<arg>Madame</arg>
<arg>Monsieur</arg>
<doc>Returns a list containing given items.</doc>
<status status="PASS" start="2024-04-16T09:14:03.140257" elapsed="0.000172"/>
</kw>
<kw name="List Should Contain Value" owner="Collections">
<msg time="2024-04-16T09:14:03.140895" level="INFO">False</msg>
<arg>${allowed_titles}</arg>
<arg>${name_title}</arg>
<doc>Fails if the ``value`` is not found from ``list``.</doc>
<status status="PASS" start="2024-04-16T09:14:03.140728" elapsed="0.000204"/>
</kw>
<kw name="Set Variable" owner="BuiltIn">
<msg time="2024-04-16T09:14:03.141600" level="INFO">${name_country} = BR</msg>
<var>${name_country}</var>
<arg>${json_data["results"][0]["nat"]}</arg>
<doc>Returns the given values which can then be assigned to a variables.</doc>
<status status="PASS" start="2024-04-16T09:14:03.141222" elapsed="0.000403"/>
</kw>
<kw name="Create List" owner="BuiltIn">
<msg time="2024-04-16T09:14:03.142537" level="INFO">${list_country} = ['AD', 'AE', 'AF', 'AG', 'AI', 'AL', 'AM', 'AO', 'AQ', 'AR', 'AS', 'AT', 'AU', 'AW', 'AX', 'AZ', 'BA', 'BB', 'BD', 'BE', 'BF', 'BG', 'BH', 'BI', 'BJ', 'BL', 'BM', 'BN', 'BO', 'BQ', 'BR', 'BS', 'BT', '...</msg>
<var>${list_country}</var>
<arg>AD</arg>
<arg>AE</arg>
<arg>AF</arg>
<arg>AG</arg>
<arg>AI</arg>
<arg>AL</arg>
<arg>AM</arg>
<arg>AO</arg>
<arg>AQ</arg>
<arg>AR</arg>
<arg>AS</arg>
<arg>AT</arg>
<arg>AU</arg>
<arg>AW</arg>
<arg>AX</arg>
<arg>AZ</arg>
<arg>BA</arg>
<arg>BB</arg>
<arg>BD</arg>
<arg>BE</arg>
<arg>BF</arg>
<arg>BG</arg>
<arg>BH</arg>
<arg>BI</arg>
<arg>BJ</arg>
<arg>BL</arg>
<arg>BM</arg>
<arg>BN</arg>
<arg>BO</arg>
<arg>BQ</arg>
<arg>BR</arg>
<arg>BS</arg>
<arg>BT</arg>
<arg>BV</arg>
<arg>BW</arg>
<arg>BY</arg>
<arg>BZ</arg>
<arg>CA</arg>
<arg>CC</arg>
<arg>CD</arg>
<arg>CF</arg>
<arg>CG</arg>
<arg>CH</arg>
<arg>CI</arg>
<arg>CK</arg>
<arg>CL</arg>
<arg>CM</arg>
<arg>CN</arg>
<arg>CO</arg>
<arg>CR</arg>
<arg>CU</arg>
<arg>CV</arg>
<arg>CW</arg>
<arg>CX</arg>
<arg>CY</arg>
<arg>CZ</arg>
<arg>DE</arg>
<arg>DJ</arg>
<arg>DK</arg>
<arg>DM</arg>
<arg>DO</arg>
<arg>DZ</arg>
<arg>EC</arg>
<arg>EE</arg>
<arg>EG</arg>
<arg>EH</arg>
<arg>ER</arg>
<arg>ES</arg>
<arg>ET</arg>
<arg>FI</arg>
<arg>FJ</arg>
<arg>FK</arg>
<arg>FM</arg>
<arg>FO</arg>
<arg>FR</arg>
<arg>GA</arg>
<arg>GB</arg>
<arg>GD</arg>
<arg>GE</arg>
<arg>GF</arg>
<arg>GG</arg>
<arg>GH</arg>
<arg>GI</arg>
<arg>GL</arg>
<arg>GM</arg>
<arg>GN</arg>
<arg>GP</arg>
<arg>GQ</arg>
<arg>GR</arg>
<arg>GS</arg>
<arg>GT</arg>
<arg>GU</arg>
<arg>GW</arg>
<arg>GY</arg>
<arg>HK</arg>
<arg>HM</arg>
<arg>HN</arg>
<arg>HR</arg>
<arg>HT</arg>
<arg>HU</arg>
<arg>ID</arg>
<arg>IE</arg>
<arg>IL</arg>
<arg>IM</arg>
<arg>IN</arg>
<arg>IO</arg>
<arg>IQ</arg>
<arg>IR</arg>
<arg>IS</arg>
<arg>IT</arg>
<arg>JE</arg>
<arg>JM</arg>
<arg>JO</arg>
<arg>JP</arg>
<arg>KE</arg>
<arg>KG</arg>
<arg>KH</arg>
<arg>KI</arg>
<arg>KM</arg>
<arg>KN</arg>
<arg>KP</arg>
<arg>KR</arg>
<arg>KW</arg>
<arg>KY</arg>
<arg>KZ</arg>
<arg>LA</arg>
<arg>LB</arg>
<arg>LC</arg>
<arg>LI</arg>
<arg>LK</arg>
<arg>LR</arg>
<arg>LS</arg>
<arg>LT</arg>
<arg>LU</arg>
<arg>LV</arg>
<arg>LY</arg>
<arg>MA</arg>
<arg>MC</arg>
<arg>MD</arg>
<arg>ME</arg>
<arg>MF</arg>
<arg>MG</arg>
<arg>MH</arg>
<arg>MK</arg>
<arg>ML</arg>
<arg>MM</arg>
<arg>MN</arg>
<arg>MO</arg>
<arg>MP</arg>
<arg>MQ</arg>
<arg>MR</arg>
<arg>MS</arg>
<arg>MT</arg>
<arg>MU</arg>
<arg>MV</arg>
<arg>MW</arg>
<arg>MX</arg>
<arg>MY</arg>
<arg>MZ</arg>
<arg>NA</arg>
<arg>NC</arg>
<arg>NE</arg>
<arg>NF</arg>
<arg>NG</arg>
<arg>NI</arg>
<arg>NL</arg>
<arg>NO</arg>
<arg>NP</arg>
<arg>NR</arg>
<arg>NU</arg>
<arg>NZ</arg>
<arg>OM</arg>
<arg>PA</arg>
<arg>PE</arg>
<arg>PF</arg>
<arg>PG</arg>
<arg>PH</arg>
<arg>PK</arg>
<arg>PL</arg>
<arg>PM</arg>
<arg>PN</arg>
<arg>PR</arg>
<arg>PS</arg>
<arg>PT</arg>
<arg>PW</arg>
<arg>PY</arg>
<arg>QA</arg>
<arg>RE</arg>
<arg>RO</arg>
<arg>RS</arg>
<arg>RU</arg>
<arg>RW</arg>
<arg>SA</arg>
<arg>SB</arg>
<arg>SC</arg>
<arg>SD</arg>
<arg>SE</arg>
<arg>SG</arg>
<arg>SH</arg>
<arg>SI</arg>
<arg>SJ</arg>
<arg>SK</arg>
<arg>SL</arg>
<arg>SM</arg>
<arg>SN</arg>
<arg>SO</arg>
<arg>SR</arg>
<arg>SS</arg>
<arg>ST</arg>
<arg>SV</arg>
<arg>SX</arg>
<arg>SY</arg>
<arg>SZ</arg>
<arg>TC</arg>
<arg>TD</arg>
<arg>TF</arg>
<arg>TG</arg>
<arg>TH</arg>
<arg>TJ</arg>
<arg>TK</arg>
<arg>TL</arg>
<arg>TM</arg>
<arg>TN</arg>
<arg>TO</arg>
<arg>TR</arg>
<arg>TT</arg>
<arg>TV</arg>
<arg>TW</arg>
<arg>TZ</arg>
<arg>UA</arg>
<arg>UG</arg>
<arg>UM</arg>
<arg>US</arg>
<arg>UY</arg>
<arg>UZ</arg>
<arg>VA</arg>
<arg>VC</arg>
<arg>VE</arg>
<arg>VG</arg>
<arg>VI</arg>
<arg>VN</arg>
<arg>VU</arg>
<arg>WF</arg>
<arg>WS</arg>
<arg>XK</arg>
<arg>YE</arg>
<arg>YT</arg>
<arg>ZA</arg>
<arg>ZM</arg>
<arg>ZW</arg>
<doc>Returns a list containing given items.</doc>
<status status="PASS" start="2024-04-16T09:14:03.141933" elapsed="0.000630"/>
</kw>
<kw name="List Should Contain Value" owner="Collections">
<msg time="2024-04-16T09:14:03.143539" level="INFO">False</msg>
<arg>${list_country}</arg>
<arg>${name_country}</arg>
<doc>Fails if the ``value`` is not found from ``list``.</doc>
<status status="PASS" start="2024-04-16T09:14:03.143343" elapsed="0.000257"/>
</kw>
<kw name="Run Keyword If" owner="BuiltIn">
<kw name="Should Be True" owner="BuiltIn">
<arg>${True}</arg>
<doc>Fails if the given condition is not true.</doc>
<status status="PASS" start="2024-04-16T09:14:03.144664" elapsed="0.000144"/>
</kw>
<arg>${json_data["results"][0]["location"]["coordinates"]["latitude"]} &gt;= -90 and ${json_data["results"][0]["location"]["coordinates"]["latitude"]} &lt;= 90</arg>
<arg>Should Be True</arg>
<arg>${True}</arg>
<doc>Runs the given keyword with the given arguments, if ``condition`` is true.</doc>
<status status="PASS" start="2024-04-16T09:14:03.143921" elapsed="0.001012"/>
</kw>
<kw name="Run Keyword If" owner="BuiltIn">
<kw name="Should Be True" owner="BuiltIn">
<arg>${True}</arg>
<doc>Fails if the given condition is not true.</doc>
<status status="PASS" start="2024-04-16T09:14:03.145853" elapsed="0.000238"/>
</kw>
<arg>${json_data["results"][0]["location"]["coordinates"]["longitude"]} &gt;= -180 and ${json_data["results"][0]["location"]["coordinates"]["longitude"]} &lt;= 180</arg>
<arg>Should Be True</arg>
<arg>${True}</arg>
<doc>Runs the given keyword with the given arguments, if ``condition`` is true.</doc>
<status status="PASS" start="2024-04-16T09:14:03.145149" elapsed="0.001071"/>
</kw>
<status status="PASS" start="2024-04-16T09:14:03.048248" elapsed="0.098100"/>
</kw>
<doc>Testa o conteúdo específico dos campos retornados pela API.</doc>
<tag>testeConteudo</tag>
<status status="PASS" start="2024-04-16T09:14:03.047783" elapsed="0.098710"/>
</test>
<status status="PASS" start="2024-04-16T09:14:02.187031" elapsed="0.961421"/>
</suite>
<status status="PASS" start="2024-04-16T09:14:02.173418" elapsed="0.980292"/>
</suite>
<statistics>
<total>
<stat pass="5" fail="0" skip="0">All Tests</stat>
</total>
<tag>
<stat pass="1" fail="0" skip="0">testeConteudo</stat>
<stat pass="1" fail="0" skip="0">testeEstruturaResposta</stat>
<stat pass="1" fail="0" skip="0">testeRequisicaoBasica</stat>
<stat pass="1" fail="0" skip="0">testeTiposDados</stat>
</tag>
<suite>
<stat pass="5" fail="0" skip="0" id="s1" name="Tests">Tests</stat>
<stat pass="5" fail="0" skip="0" id="s1-s1" name="Random-User-Test">Tests.Random-User-Test</stat>
</suite>
</statistics>
<errors>
</errors>
</robot>
