<?xml version="1.0" encoding="UTF-8"?>
<robot generator="Robot 7.0 (Python 3.12.2 on linux)" generated="2024-03-21T13:17:05.039086" rpa="false" schemaversion="5">
<suite id="s1" name="Tests" source="/home/runner/work/DesafioQAItauRogerioJordao/DesafioQAItauRogerioJordao/RamdonUser/tests">
<suite id="s1-s1" name="Random-User-Test" source="/home/runner/work/DesafioQAItauRogerioJordao/DesafioQAItauRogerioJordao/RamdonUser/tests/random-user-test.robot">
<test id="s1-s1-t1" name="Conectar" line="13">
<kw name="Conectar API" owner="random-user-service">
<kw name="Create Session" owner="RequestsLibrary">
<msg time="2024-03-21T13:17:05.408680" level="INFO">Creating Session using : alias=consultarAPI, url=https://randomuser.me/, headers={},                     cookies={}, auth=None, timeout=None, proxies=None, verify=False,                     debug=0 </msg>
<arg>consultarAPI</arg>
<arg>${URL}</arg>
<doc>Create Session: create a HTTP session to a server</doc>
<status status="PASS" start="2024-03-21T13:17:05.408395" elapsed="0.000487"/>
</kw>
<status status="PASS" start="2024-03-21T13:17:05.407348" elapsed="0.001933"/>
</kw>
<status status="PASS" start="2024-03-21T13:17:05.406729" elapsed="0.002756"/>
</test>
<test id="s1-s1-t2" name="Validar retorno 200 e JSON Válido" line="16">
<kw name="Teste de Requisicao Basica" owner="random-user-service">
<kw name="GET On Session" owner="RequestsLibrary">
<msg time="2024-03-21T13:17:05.483265" level="INFO">GET Request : url=https://randomuser.me/api 
 path_url=/api 
 headers={'User-Agent': 'python-requests/2.31.0', 'Accept-Encoding': 'gzip, deflate', 'Accept': '*/*', 'Connection': 'keep-alive'} 
 body=None 
 </msg>
<msg time="2024-03-21T13:17:05.483424" level="INFO">GET Response : url=https://randomuser.me/api 
 status=200, reason=OK 
 headers={'Date': 'Thu, 21 Mar 2024 13:17:05 GMT', 'Content-Type': 'application/json; charset=utf-8', 'Transfer-Encoding': 'chunked', 'Connection': 'keep-alive', 'X-Powered-By': 'Express', 'Access-Control-Allow-Origin': '*', 'Cache-Control': 'no-cache', 'ETag': 'W/"49e-73cVk0aTA9t6bFIP3mpW8c2MJKk"', 'Vary': 'Accept-Encoding', 'Content-Encoding': 'gzip', 'CF-Cache-Status': 'DYNAMIC', 'Report-To': '{"endpoints":[{"url":"https:\\/\\/a.nel.cloudflare.com\\/report\\/v4?s=XzGxvUMp0b9gXIgPiBMb1%2B2TvI7is6K6w5DECOnscVhLGzpglao5ifsnusKy2YVUtzhJELCbNyLjQju93HVcEJzHE%2BRHWa20FmlmS6%2FREtu6O5UYEPUxK0%2FjcA03dO1S"}],"group":"cf-nel","max_age":604800}', 'NEL': '{"success_fraction":0,"report_to":"cf-nel","max_age":604800}', 'Server': 'cloudflare', 'CF-RAY': '867e385d09d713b1-IAD', 'alt-svc': 'h3=":443"; ma=86400'} 
 body={"results":[{"gender":"female","name":{"title":"Ms","first":"آوین","last":"محمدخان"},"location":{"street":{"number":949,"name":"نام قدیم میدان های تهران"},"city":"همدان","state":"مرکزی","country":"Iran","postcode":46208,"coordinates":{"latitude":"15.9069","longitude":"137.7854"},"timezone":{"offset":"-12:00","description":"Eniwetok, Kwajalein"}},"email":"awyn.mhmdkhn@example.com","login":{"uuid":"19c01dca-65f5-424d-b402-529cc5fd58d5","username":"bluegoose263","password":"1015","salt":"w0tiq1Qr","md5":"4cd6af15172487be474fc59a9c3b2346","sha1":"2225da6d8ef5b06219b20b98659668ad73595434","sha256":"87a00c316cf6796d282e2c79b9593e5540a1e9368736953fe293ad42f28ada2d"},"dob":{"date":"1978-05-13T15:34:13.952Z","age":45},"registered":{"date":"2018-02-10T17:08:55.952Z","age":6},"phone":"039-83583877","cell":"0919-096-1324","id":{"name":"","value":null},"picture":{"large":"https://randomuser.me/api/portraits/women/75.jpg","medium":"https://randomuser.me/api/portraits/med/women/75.jpg","thumbnail":"https://randomuser.me/api/portraits/thumb/women/75.jpg"},"nat":"IR"}],"info":{"seed":"b6f099c069d82b69","results":1,"page":1,"version":"1.4"}} 
 </msg>
<msg time="2024-03-21T13:17:05.483552" level="INFO">/opt/hostedtoolcache/Python/3.12.2/x64/lib/python3.12/site-packages/urllib3/connectionpool.py:1103: InsecureRequestWarning: Unverified HTTPS request is being made to host 'randomuser.me'. Adding certificate verification is strongly advised. See: https://urllib3.readthedocs.io/en/latest/advanced-usage.html#tls-warnings
  warnings.warn(</msg>
<msg time="2024-03-21T13:17:05.483703" level="INFO">${response} = &lt;Response [200]&gt;</msg>
<var>${response}</var>
<arg>consultarAPI</arg>
<arg>/api</arg>
<doc>Sends a GET request on a previously created HTTP Session.</doc>
<status status="PASS" start="2024-03-21T13:17:05.412084" elapsed="0.071660"/>
</kw>
<kw name="Should Be Equal As Numbers" owner="BuiltIn">
<msg time="2024-03-21T13:17:05.484688" level="INFO">Argument types are:
&lt;class 'int'&gt;
&lt;class 'str'&gt;</msg>
<arg>${response.status_code}</arg>
<arg>200</arg>
<doc>Fails if objects are unequal after converting them to real numbers.</doc>
<status status="PASS" start="2024-03-21T13:17:05.484242" elapsed="0.000514"/>
</kw>
<kw name="Log" owner="BuiltIn">
<msg time="2024-03-21T13:17:05.485456" level="INFO">200</msg>
<arg>${response.status_code}</arg>
<doc>Logs the given message with the given level.</doc>
<status status="PASS" start="2024-03-21T13:17:05.485097" elapsed="0.000404"/>
</kw>
<kw name="Set Variable" owner="BuiltIn">
<msg time="2024-03-21T13:17:05.486269" level="INFO">${json_data} = {'results': [{'gender': 'female', 'name': {'title': 'Ms', 'first': 'آوین', 'last': 'محمدخان'}, 'location': {'street': {'number': 949, 'name': 'نام قدیم میدان های تهران'}, 'city': 'همدان', 'state': 'مر...</msg>
<var>${json_data}</var>
<arg>${response.json()}</arg>
<doc>Returns the given values which can then be assigned to a variables.</doc>
<status status="PASS" start="2024-03-21T13:17:05.485810" elapsed="0.000490"/>
</kw>
<kw name="Dictionary Should Contain Key" owner="Collections">
<msg time="2024-03-21T13:17:05.486816" level="INFO">False</msg>
<arg>${json_data}</arg>
<arg>results</arg>
<doc>Fails if ``key`` is not found from ``dictionary``.</doc>
<status status="PASS" start="2024-03-21T13:17:05.486642" elapsed="0.000215"/>
</kw>
<status status="PASS" start="2024-03-21T13:17:05.411830" elapsed="0.075324"/>
</kw>
<doc>Testa se a API responde corretamente e retorna um objeto JSON válido.</doc>
<tag>testeRequisicaoBasica</tag>
<status status="PASS" start="2024-03-21T13:17:05.411362" elapsed="0.075982"/>
</test>
<test id="s1-s1-t3" name="Validar estrutura de resposta" line="22">
<kw name="Teste de Estrutura de Resposta" owner="random-user-service">
<kw name="GET On Session" owner="RequestsLibrary">
<msg time="2024-03-21T13:17:05.590877" level="INFO">GET Request : url=https://randomuser.me/api 
 path_url=/api 
 headers={'User-Agent': 'python-requests/2.31.0', 'Accept-Encoding': 'gzip, deflate', 'Accept': '*/*', 'Connection': 'keep-alive'} 
 body=None 
 </msg>
<msg time="2024-03-21T13:17:05.590991" level="INFO">GET Response : url=https://randomuser.me/api 
 status=200, reason=OK 
 headers={'Date': 'Thu, 21 Mar 2024 13:17:05 GMT', 'Content-Type': 'application/json; charset=utf-8', 'Transfer-Encoding': 'chunked', 'Connection': 'keep-alive', 'X-Powered-By': 'Express', 'Access-Control-Allow-Origin': '*', 'Cache-Control': 'no-cache', 'ETag': 'W/"483-zX1VtY1kh4coUjgWditjMuQ73xY"', 'Vary': 'Accept-Encoding', 'Content-Encoding': 'gzip', 'CF-Cache-Status': 'DYNAMIC', 'Report-To': '{"endpoints":[{"url":"https:\\/\\/a.nel.cloudflare.com\\/report\\/v4?s=ixPTyZKf19NWhSJkJ0PKUbr4LfKuMqFXP9QVSID8LinB7sJo%2F8A7wsHsz%2BPOWwC39bCucibygo89PFliw8A98gNtZZrCt%2Brf4zzt%2BPGxUd3vrtto0BBS0lV89e2ffShj"}],"group":"cf-nel","max_age":604800}', 'NEL': '{"success_fraction":0,"report_to":"cf-nel","max_age":604800}', 'Server': 'cloudflare', 'CF-RAY': '867e385d5a3613b1-IAD', 'alt-svc': 'h3=":443"; ma=86400'} 
 body={"results":[{"gender":"male","name":{"title":"Mr","first":"Dwayne","last":"White"},"location":{"street":{"number":4657,"name":"Main Street"},"city":"Donabate","state":"Meath","country":"Ireland","postcode":21641,"coordinates":{"latitude":"-3.5111","longitude":"-178.8762"},"timezone":{"offset":"+8:00","description":"Beijing, Perth, Singapore, Hong Kong"}},"email":"dwayne.white@example.com","login":{"uuid":"4fd764a2-8760-48cf-ad34-0662797aaf96","username":"bluefish132","password":"stupid1","salt":"GCyaGW94","md5":"b38771c4a0cb06c7e9b4d989a4c7ae8c","sha1":"1a46fcf737e30f419db53198ef322828ecde29b8","sha256":"55d98fbf353d5bbbd5bd940c0401593ecae6d6f6d456ca289ad60a04af85d201"},"dob":{"date":"1969-02-18T18:12:43.563Z","age":55},"registered":{"date":"2010-05-06T11:44:00.062Z","age":13},"phone":"041-546-6953","cell":"081-768-9948","id":{"name":"PPS","value":"2322861T"},"picture":{"large":"https://randomuser.me/api/portraits/men/16.jpg","medium":"https://randomuser.me/api/portraits/med/men/16.jpg","thumbnail":"https://randomuser.me/api/portraits/thumb/men/16.jpg"},"nat":"IE"}],"info":{"seed":"65fde93980628e99","results":1,"page":1,"version":"1.4"}} 
 </msg>
<msg time="2024-03-21T13:17:05.591196" level="INFO">/opt/hostedtoolcache/Python/3.12.2/x64/lib/python3.12/site-packages/urllib3/connectionpool.py:1103: InsecureRequestWarning: Unverified HTTPS request is being made to host 'randomuser.me'. Adding certificate verification is strongly advised. See: https://urllib3.readthedocs.io/en/latest/advanced-usage.html#tls-warnings
  warnings.warn(</msg>
<msg time="2024-03-21T13:17:05.591336" level="INFO">${response} = &lt;Response [200]&gt;</msg>
<var>${response}</var>
<arg>consultarAPI</arg>
<arg>/api</arg>
<doc>Sends a GET request on a previously created HTTP Session.</doc>
<status status="PASS" start="2024-03-21T13:17:05.490131" elapsed="0.101244"/>
</kw>
<kw name="Set Variable" owner="BuiltIn">
<msg time="2024-03-21T13:17:05.592421" level="INFO">${json_data} = {'results': [{'gender': 'male', 'name': {'title': 'Mr', 'first': 'Dwayne', 'last': 'White'}, 'location': {'street': {'number': 4657, 'name': 'Main Street'}, 'city': 'Donabate', 'state': 'Meath', 'coun...</msg>
<var>${json_data}</var>
<arg>${response.json()}</arg>
<doc>Returns the given values which can then be assigned to a variables.</doc>
<status status="PASS" start="2024-03-21T13:17:05.591893" elapsed="0.000558"/>
</kw>
<kw name="Log" owner="BuiltIn">
<msg time="2024-03-21T13:17:05.592961" level="INFO">{'results': [{'gender': 'male', 'name': {'title': 'Mr', 'first': 'Dwayne', 'last': 'White'}, 'location': {'street': {'number': 4657, 'name': 'Main Street'}, 'city': 'Donabate', 'state': 'Meath', 'country': 'Ireland', 'postcode': 21641, 'coordinates': {'latitude': '-3.5111', 'longitude': '-178.8762'}, 'timezone': {'offset': '+8:00', 'description': 'Beijing, Perth, Singapore, Hong Kong'}}, 'email': 'dwayne.white@example.com', 'login': {'uuid': '4fd764a2-8760-48cf-ad34-0662797aaf96', 'username': 'bluefish132', 'password': 'stupid1', 'salt': 'GCyaGW94', 'md5': 'b38771c4a0cb06c7e9b4d989a4c7ae8c', 'sha1': '1a46fcf737e30f419db53198ef322828ecde29b8', 'sha256': '55d98fbf353d5bbbd5bd940c0401593ecae6d6f6d456ca289ad60a04af85d201'}, 'dob': {'date': '1969-02-18T18:12:43.563Z', 'age': 55}, 'registered': {'date': '2010-05-06T11:44:00.062Z', 'age': 13}, 'phone': '041-546-6953', 'cell': '081-768-9948', 'id': {'name': 'PPS', 'value': '2322861T'}, 'picture': {'large': 'https://randomuser.me/api/portraits/men/16.jpg', 'medium': 'https://randomuser.me/api/portraits/med/men/16.jpg', 'thumbnail': 'https://randomuser.me/api/portraits/thumb/men/16.jpg'}, 'nat': 'IE'}], 'info': {'seed': '65fde93980628e99', 'results': 1, 'page': 1, 'version': '1.4'}}</msg>
<arg>${json_data}</arg>
<doc>Logs the given message with the given level.</doc>
<status status="PASS" start="2024-03-21T13:17:05.592793" elapsed="0.000218"/>
</kw>
<kw name="Dictionary Should Contain Key" owner="Collections">
<msg time="2024-03-21T13:17:05.593487" level="INFO">False</msg>
<arg>${json_data}</arg>
<arg>results</arg>
<doc>Fails if ``key`` is not found from ``dictionary``.</doc>
<status status="PASS" start="2024-03-21T13:17:05.593317" elapsed="0.000209"/>
</kw>
<kw name="Should Not Be Empty" owner="BuiltIn">
<msg time="2024-03-21T13:17:05.593961" level="INFO">Length is 2.</msg>
<arg>${json_data}</arg>
<doc>Verifies that the given item is not empty.</doc>
<status status="PASS" start="2024-03-21T13:17:05.593827" elapsed="0.000176"/>
</kw>
<kw name="Create List" owner="BuiltIn">
<msg time="2024-03-21T13:17:05.594453" level="INFO">${expected_keys} = ['gender', 'name', 'location', 'email', 'login']</msg>
<var>${expected_keys}</var>
<arg>gender</arg>
<arg>name</arg>
<arg>location</arg>
<arg>email</arg>
<arg>login</arg>
<doc>Returns a list containing given items.</doc>
<status status="PASS" start="2024-03-21T13:17:05.594300" elapsed="0.000178"/>
</kw>
<for flavor="IN">
<iter>
<kw name="Dictionary Should Contain Key" owner="Collections">
<msg time="2024-03-21T13:17:05.595529" level="INFO">False</msg>
<arg>${json_data['results'][0]}</arg>
<arg>${key}</arg>
<doc>Fails if ``key`` is not found from ``dictionary``.</doc>
<status status="PASS" start="2024-03-21T13:17:05.595073" elapsed="0.000497"/>
</kw>
<kw name="Log" owner="BuiltIn">
<msg time="2024-03-21T13:17:05.596245" level="INFO">{'gender': 'male', 'name': {'title': 'Mr', 'first': 'Dwayne', 'last': 'White'}, 'location': {'street': {'number': 4657, 'name': 'Main Street'}, 'city': 'Donabate', 'state': 'Meath', 'country': 'Ireland', 'postcode': 21641, 'coordinates': {'latitude': '-3.5111', 'longitude': '-178.8762'}, 'timezone': {'offset': '+8:00', 'description': 'Beijing, Perth, Singapore, Hong Kong'}}, 'email': 'dwayne.white@example.com', 'login': {'uuid': '4fd764a2-8760-48cf-ad34-0662797aaf96', 'username': 'bluefish132', 'password': 'stupid1', 'salt': 'GCyaGW94', 'md5': 'b38771c4a0cb06c7e9b4d989a4c7ae8c', 'sha1': '1a46fcf737e30f419db53198ef322828ecde29b8', 'sha256': '55d98fbf353d5bbbd5bd940c0401593ecae6d6f6d456ca289ad60a04af85d201'}, 'dob': {'date': '1969-02-18T18:12:43.563Z', 'age': 55}, 'registered': {'date': '2010-05-06T11:44:00.062Z', 'age': 13}, 'phone': '041-546-6953', 'cell': '081-768-9948', 'id': {'name': 'PPS', 'value': '2322861T'}, 'picture': {'large': 'https://randomuser.me/api/portraits/men/16.jpg', 'medium': 'https://randomuser.me/api/portraits/med/men/16.jpg', 'thumbnail': 'https://randomuser.me/api/portraits/thumb/men/16.jpg'}, 'nat': 'IE'}</msg>
<arg>${json_data['results'][0]}</arg>
<doc>Logs the given message with the given level.</doc>
<status status="PASS" start="2024-03-21T13:17:05.595878" elapsed="0.000418"/>
</kw>
<kw name="Log" owner="BuiltIn">
<msg time="2024-03-21T13:17:05.596725" level="INFO">gender</msg>
<arg>${key}</arg>
<doc>Logs the given message with the given level.</doc>
<status status="PASS" start="2024-03-21T13:17:05.596594" elapsed="0.000171"/>
</kw>
<var name="${key}">gender</var>
<status status="PASS" start="2024-03-21T13:17:05.594946" elapsed="0.002047"/>
</iter>
<iter>
<kw name="Dictionary Should Contain Key" owner="Collections">
<msg time="2024-03-21T13:17:05.597715" level="INFO">False</msg>
<arg>${json_data['results'][0]}</arg>
<arg>${key}</arg>
<doc>Fails if ``key`` is not found from ``dictionary``.</doc>
<status status="PASS" start="2024-03-21T13:17:05.597317" elapsed="0.000437"/>
</kw>
<kw name="Log" owner="BuiltIn">
<msg time="2024-03-21T13:17:05.598476" level="INFO">{'gender': 'male', 'name': {'title': 'Mr', 'first': 'Dwayne', 'last': 'White'}, 'location': {'street': {'number': 4657, 'name': 'Main Street'}, 'city': 'Donabate', 'state': 'Meath', 'country': 'Ireland', 'postcode': 21641, 'coordinates': {'latitude': '-3.5111', 'longitude': '-178.8762'}, 'timezone': {'offset': '+8:00', 'description': 'Beijing, Perth, Singapore, Hong Kong'}}, 'email': 'dwayne.white@example.com', 'login': {'uuid': '4fd764a2-8760-48cf-ad34-0662797aaf96', 'username': 'bluefish132', 'password': 'stupid1', 'salt': 'GCyaGW94', 'md5': 'b38771c4a0cb06c7e9b4d989a4c7ae8c', 'sha1': '1a46fcf737e30f419db53198ef322828ecde29b8', 'sha256': '55d98fbf353d5bbbd5bd940c0401593ecae6d6f6d456ca289ad60a04af85d201'}, 'dob': {'date': '1969-02-18T18:12:43.563Z', 'age': 55}, 'registered': {'date': '2010-05-06T11:44:00.062Z', 'age': 13}, 'phone': '041-546-6953', 'cell': '081-768-9948', 'id': {'name': 'PPS', 'value': '2322861T'}, 'picture': {'large': 'https://randomuser.me/api/portraits/men/16.jpg', 'medium': 'https://randomuser.me/api/portraits/med/men/16.jpg', 'thumbnail': 'https://randomuser.me/api/portraits/thumb/men/16.jpg'}, 'nat': 'IE'}</msg>
<arg>${json_data['results'][0]}</arg>
<doc>Logs the given message with the given level.</doc>
<status status="PASS" start="2024-03-21T13:17:05.598099" elapsed="0.000428"/>
</kw>
<kw name="Log" owner="BuiltIn">
<msg time="2024-03-21T13:17:05.598971" level="INFO">name</msg>
<arg>${key}</arg>
<doc>Logs the given message with the given level.</doc>
<status status="PASS" start="2024-03-21T13:17:05.598835" elapsed="0.000175"/>
</kw>
<var name="${key}">name</var>
<status status="PASS" start="2024-03-21T13:17:05.597193" elapsed="0.002080"/>
</iter>
<iter>
<kw name="Dictionary Should Contain Key" owner="Collections">
<msg time="2024-03-21T13:17:05.599975" level="INFO">False</msg>
<arg>${json_data['results'][0]}</arg>
<arg>${key}</arg>
<doc>Fails if ``key`` is not found from ``dictionary``.</doc>
<status status="PASS" start="2024-03-21T13:17:05.599586" elapsed="0.000429"/>
</kw>
<kw name="Log" owner="BuiltIn">
<msg time="2024-03-21T13:17:05.600679" level="INFO">{'gender': 'male', 'name': {'title': 'Mr', 'first': 'Dwayne', 'last': 'White'}, 'location': {'street': {'number': 4657, 'name': 'Main Street'}, 'city': 'Donabate', 'state': 'Meath', 'country': 'Ireland', 'postcode': 21641, 'coordinates': {'latitude': '-3.5111', 'longitude': '-178.8762'}, 'timezone': {'offset': '+8:00', 'description': 'Beijing, Perth, Singapore, Hong Kong'}}, 'email': 'dwayne.white@example.com', 'login': {'uuid': '4fd764a2-8760-48cf-ad34-0662797aaf96', 'username': 'bluefish132', 'password': 'stupid1', 'salt': 'GCyaGW94', 'md5': 'b38771c4a0cb06c7e9b4d989a4c7ae8c', 'sha1': '1a46fcf737e30f419db53198ef322828ecde29b8', 'sha256': '55d98fbf353d5bbbd5bd940c0401593ecae6d6f6d456ca289ad60a04af85d201'}, 'dob': {'date': '1969-02-18T18:12:43.563Z', 'age': 55}, 'registered': {'date': '2010-05-06T11:44:00.062Z', 'age': 13}, 'phone': '041-546-6953', 'cell': '081-768-9948', 'id': {'name': 'PPS', 'value': '2322861T'}, 'picture': {'large': 'https://randomuser.me/api/portraits/men/16.jpg', 'medium': 'https://randomuser.me/api/portraits/med/men/16.jpg', 'thumbnail': 'https://randomuser.me/api/portraits/thumb/men/16.jpg'}, 'nat': 'IE'}</msg>
<arg>${json_data['results'][0]}</arg>
<doc>Logs the given message with the given level.</doc>
<status status="PASS" start="2024-03-21T13:17:05.600311" elapsed="0.000417"/>
</kw>
<kw name="Log" owner="BuiltIn">
<msg time="2024-03-21T13:17:05.601158" level="INFO">location</msg>
<arg>${key}</arg>
<doc>Logs the given message with the given level.</doc>
<status status="PASS" start="2024-03-21T13:17:05.601027" elapsed="0.000171"/>
</kw>
<var name="${key}">location</var>
<status status="PASS" start="2024-03-21T13:17:05.599473" elapsed="0.001943"/>
</iter>
<iter>
<kw name="Dictionary Should Contain Key" owner="Collections">
<msg time="2024-03-21T13:17:05.602083" level="INFO">False</msg>
<arg>${json_data['results'][0]}</arg>
<arg>${key}</arg>
<doc>Fails if ``key`` is not found from ``dictionary``.</doc>
<status status="PASS" start="2024-03-21T13:17:05.601702" elapsed="0.000420"/>
</kw>
<kw name="Log" owner="BuiltIn">
<msg time="2024-03-21T13:17:05.602782" level="INFO">{'gender': 'male', 'name': {'title': 'Mr', 'first': 'Dwayne', 'last': 'White'}, 'location': {'street': {'number': 4657, 'name': 'Main Street'}, 'city': 'Donabate', 'state': 'Meath', 'country': 'Ireland', 'postcode': 21641, 'coordinates': {'latitude': '-3.5111', 'longitude': '-178.8762'}, 'timezone': {'offset': '+8:00', 'description': 'Beijing, Perth, Singapore, Hong Kong'}}, 'email': 'dwayne.white@example.com', 'login': {'uuid': '4fd764a2-8760-48cf-ad34-0662797aaf96', 'username': 'bluefish132', 'password': 'stupid1', 'salt': 'GCyaGW94', 'md5': 'b38771c4a0cb06c7e9b4d989a4c7ae8c', 'sha1': '1a46fcf737e30f419db53198ef322828ecde29b8', 'sha256': '55d98fbf353d5bbbd5bd940c0401593ecae6d6f6d456ca289ad60a04af85d201'}, 'dob': {'date': '1969-02-18T18:12:43.563Z', 'age': 55}, 'registered': {'date': '2010-05-06T11:44:00.062Z', 'age': 13}, 'phone': '041-546-6953', 'cell': '081-768-9948', 'id': {'name': 'PPS', 'value': '2322861T'}, 'picture': {'large': 'https://randomuser.me/api/portraits/men/16.jpg', 'medium': 'https://randomuser.me/api/portraits/med/men/16.jpg', 'thumbnail': 'https://randomuser.me/api/portraits/thumb/men/16.jpg'}, 'nat': 'IE'}</msg>
<arg>${json_data['results'][0]}</arg>
<doc>Logs the given message with the given level.</doc>
<status status="PASS" start="2024-03-21T13:17:05.602420" elapsed="0.000411"/>
</kw>
<kw name="Log" owner="BuiltIn">
<msg time="2024-03-21T13:17:05.603283" level="INFO">email</msg>
<arg>${key}</arg>
<doc>Logs the given message with the given level.</doc>
<status status="PASS" start="2024-03-21T13:17:05.603144" elapsed="0.000180"/>
</kw>
<var name="${key}">email</var>
<status status="PASS" start="2024-03-21T13:17:05.601593" elapsed="0.001946"/>
</iter>
<iter>
<kw name="Dictionary Should Contain Key" owner="Collections">
<msg time="2024-03-21T13:17:05.604206" level="INFO">False</msg>
<arg>${json_data['results'][0]}</arg>
<arg>${key}</arg>
<doc>Fails if ``key`` is not found from ``dictionary``.</doc>
<status status="PASS" start="2024-03-21T13:17:05.603822" elapsed="0.000423"/>
</kw>
<kw name="Log" owner="BuiltIn">
<msg time="2024-03-21T13:17:05.604909" level="INFO">{'gender': 'male', 'name': {'title': 'Mr', 'first': 'Dwayne', 'last': 'White'}, 'location': {'street': {'number': 4657, 'name': 'Main Street'}, 'city': 'Donabate', 'state': 'Meath', 'country': 'Ireland', 'postcode': 21641, 'coordinates': {'latitude': '-3.5111', 'longitude': '-178.8762'}, 'timezone': {'offset': '+8:00', 'description': 'Beijing, Perth, Singapore, Hong Kong'}}, 'email': 'dwayne.white@example.com', 'login': {'uuid': '4fd764a2-8760-48cf-ad34-0662797aaf96', 'username': 'bluefish132', 'password': 'stupid1', 'salt': 'GCyaGW94', 'md5': 'b38771c4a0cb06c7e9b4d989a4c7ae8c', 'sha1': '1a46fcf737e30f419db53198ef322828ecde29b8', 'sha256': '55d98fbf353d5bbbd5bd940c0401593ecae6d6f6d456ca289ad60a04af85d201'}, 'dob': {'date': '1969-02-18T18:12:43.563Z', 'age': 55}, 'registered': {'date': '2010-05-06T11:44:00.062Z', 'age': 13}, 'phone': '041-546-6953', 'cell': '081-768-9948', 'id': {'name': 'PPS', 'value': '2322861T'}, 'picture': {'large': 'https://randomuser.me/api/portraits/men/16.jpg', 'medium': 'https://randomuser.me/api/portraits/med/men/16.jpg', 'thumbnail': 'https://randomuser.me/api/portraits/thumb/men/16.jpg'}, 'nat': 'IE'}</msg>
<arg>${json_data['results'][0]}</arg>
<doc>Logs the given message with the given level.</doc>
<status status="PASS" start="2024-03-21T13:17:05.604553" elapsed="0.000404"/>
</kw>
<kw name="Log" owner="BuiltIn">
<msg time="2024-03-21T13:17:05.605380" level="INFO">login</msg>
<arg>${key}</arg>
<doc>Logs the given message with the given level.</doc>
<status status="PASS" start="2024-03-21T13:17:05.605251" elapsed="0.000170"/>
</kw>
<var name="${key}">login</var>
<status status="PASS" start="2024-03-21T13:17:05.603713" elapsed="0.001937"/>
</iter>
<var>${key}</var>
<value>@{expected_keys}</value>
<status status="PASS" start="2024-03-21T13:17:05.594749" elapsed="0.011051"/>
</for>
<kw name="Create List" owner="BuiltIn">
<msg time="2024-03-21T13:17:05.606152" level="INFO">${expected_keysTwo} = ['username', 'password']</msg>
<var>${expected_keysTwo}</var>
<arg>username</arg>
<arg>password</arg>
<doc>Returns a list containing given items.</doc>
<status status="PASS" start="2024-03-21T13:17:05.606004" elapsed="0.000174"/>
</kw>
<for flavor="IN">
<iter>
<kw name="Dictionary Should Contain Key" owner="Collections">
<msg time="2024-03-21T13:17:05.607239" level="INFO">False</msg>
<arg>${json_data['results'][0]['login']}</arg>
<arg>${keyTwo}</arg>
<doc>Fails if ``key`` is not found from ``dictionary``.</doc>
<status status="PASS" start="2024-03-21T13:17:05.606695" elapsed="0.000585"/>
</kw>
<kw name="Dictionary Should Contain Key" owner="Collections">
<msg time="2024-03-21T13:17:05.607966" level="INFO">False</msg>
<arg>${json_data['results'][0]['login']}</arg>
<arg>${keyTwo}</arg>
<doc>Fails if ``key`` is not found from ``dictionary``.</doc>
<status status="PASS" start="2024-03-21T13:17:05.607583" elapsed="0.000423"/>
</kw>
<kw name="Log" owner="BuiltIn">
<msg time="2024-03-21T13:17:05.608432" level="INFO">username</msg>
<arg>${keyTwo}</arg>
<doc>Logs the given message with the given level.</doc>
<status status="PASS" start="2024-03-21T13:17:05.608302" elapsed="0.000169"/>
</kw>
<var name="${keyTwo}">username</var>
<status status="PASS" start="2024-03-21T13:17:05.606586" elapsed="0.002107"/>
</iter>
<iter>
<kw name="Dictionary Should Contain Key" owner="Collections">
<msg time="2024-03-21T13:17:05.609371" level="INFO">False</msg>
<arg>${json_data['results'][0]['login']}</arg>
<arg>${keyTwo}</arg>
<doc>Fails if ``key`` is not found from ``dictionary``.</doc>
<status status="PASS" start="2024-03-21T13:17:05.608986" elapsed="0.000424"/>
</kw>
<kw name="Dictionary Should Contain Key" owner="Collections">
<msg time="2024-03-21T13:17:05.610085" level="INFO">False</msg>
<arg>${json_data['results'][0]['login']}</arg>
<arg>${keyTwo}</arg>
<doc>Fails if ``key`` is not found from ``dictionary``.</doc>
<status status="PASS" start="2024-03-21T13:17:05.609703" elapsed="0.000421"/>
</kw>
<kw name="Log" owner="BuiltIn">
<msg time="2024-03-21T13:17:05.610543" level="INFO">password</msg>
<arg>${keyTwo}</arg>
<doc>Logs the given message with the given level.</doc>
<status status="PASS" start="2024-03-21T13:17:05.610416" elapsed="0.000165"/>
</kw>
<var name="${keyTwo}">password</var>
<status status="PASS" start="2024-03-21T13:17:05.608872" elapsed="0.001927"/>
</iter>
<var>${keyTwo}</var>
<value>@{expected_keysTwo}</value>
<status status="PASS" start="2024-03-21T13:17:05.606423" elapsed="0.004499"/>
</for>
<status status="PASS" start="2024-03-21T13:17:05.489734" elapsed="0.121331"/>
</kw>
<doc>Testa a estrutura da resposta da API.</doc>
<tag>testeEstruturaResposta</tag>
<status status="PASS" start="2024-03-21T13:17:05.489214" elapsed="0.122048"/>
</test>
<test id="s1-s1-t4" name="Validar tipos de dados" line="28">
<kw name="Teste de Tipos de Dados" owner="random-user-service">
<kw name="GET On Session" owner="RequestsLibrary">
<msg time="2024-03-21T13:17:05.684437" level="INFO">GET Request : url=https://randomuser.me/api 
 path_url=/api 
 headers={'User-Agent': 'python-requests/2.31.0', 'Accept-Encoding': 'gzip, deflate', 'Accept': '*/*', 'Connection': 'keep-alive'} 
 body=None 
 </msg>
<msg time="2024-03-21T13:17:05.684540" level="INFO">GET Response : url=https://randomuser.me/api 
 status=200, reason=OK 
 headers={'Date': 'Thu, 21 Mar 2024 13:17:05 GMT', 'Content-Type': 'application/json; charset=utf-8', 'Transfer-Encoding': 'chunked', 'Connection': 'keep-alive', 'X-Powered-By': 'Express', 'Access-Control-Allow-Origin': '*', 'Cache-Control': 'no-cache', 'ETag': 'W/"491-wfQkWl6JSqLpT2Gkx33flHeyxV8"', 'Vary': 'Accept-Encoding', 'Content-Encoding': 'gzip', 'CF-Cache-Status': 'DYNAMIC', 'Report-To': '{"endpoints":[{"url":"https:\\/\\/a.nel.cloudflare.com\\/report\\/v4?s=YKHwE6Ov3GtWlpxr1VkwBFCc1%2BpNCFyJqFv8y3UWtM2mv20tc2WtsTN5ya2zHWDqwQVqbbhKQ3Epkczz2GnuDSonSjM4LuuXnwYLMQb6ivVkhbK60LtqgiZ9H2Q0%2B0M7"}],"group":"cf-nel","max_age":604800}', 'NEL': '{"success_fraction":0,"report_to":"cf-nel","max_age":604800}', 'Server': 'cloudflare', 'CF-RAY': '867e385e1b2913b1-IAD', 'alt-svc': 'h3=":443"; ma=86400'} 
 body={"results":[{"gender":"male","name":{"title":"Mr","first":"Joaquin","last":"Lozano"},"location":{"street":{"number":4333,"name":"Avenida de América"},"city":"La Coruña","state":"Canarias","country":"Spain","postcode":62910,"coordinates":{"latitude":"-30.4585","longitude":"-105.9196"},"timezone":{"offset":"+8:00","description":"Beijing, Perth, Singapore, Hong Kong"}},"email":"joaquin.lozano@example.com","login":{"uuid":"97d60639-5b8e-4ad4-a952-814cd332f55c","username":"greendog600","password":"metro","salt":"tTH7PZsl","md5":"49b2db5d031297e463a415b74ecc7265","sha1":"4fa4f828853a96a2d8df196a9831107d41f4bd66","sha256":"0ae6522e6beaf457cbff68132802837f7e2bc5b56fc50585a84b793720d10553"},"dob":{"date":"1951-09-28T00:25:33.638Z","age":72},"registered":{"date":"2007-12-22T07:01:18.166Z","age":16},"phone":"982-219-337","cell":"660-074-786","id":{"name":"DNI","value":"24194765-L"},"picture":{"large":"https://randomuser.me/api/portraits/men/78.jpg","medium":"https://randomuser.me/api/portraits/med/men/78.jpg","thumbnail":"https://randomuser.me/api/portraits/thumb/men/78.jpg"},"nat":"ES"}],"info":{"seed":"1f14bbd563e59640","results":1,"page":1,"version":"1.4"}} 
 </msg>
<msg time="2024-03-21T13:17:05.684611" level="INFO">/opt/hostedtoolcache/Python/3.12.2/x64/lib/python3.12/site-packages/urllib3/connectionpool.py:1103: InsecureRequestWarning: Unverified HTTPS request is being made to host 'randomuser.me'. Adding certificate verification is strongly advised. See: https://urllib3.readthedocs.io/en/latest/advanced-usage.html#tls-warnings
  warnings.warn(</msg>
<msg time="2024-03-21T13:17:05.684729" level="INFO">${response} = &lt;Response [200]&gt;</msg>
<var>${response}</var>
<arg>consultarAPI</arg>
<arg>/api</arg>
<doc>Sends a GET request on a previously created HTTP Session.</doc>
<status status="PASS" start="2024-03-21T13:17:05.613780" elapsed="0.070993"/>
</kw>
<kw name="Set Variable" owner="BuiltIn">
<msg time="2024-03-21T13:17:05.685844" level="INFO">${json_data} = {'results': [{'gender': 'male', 'name': {'title': 'Mr', 'first': 'Joaquin', 'last': 'Lozano'}, 'location': {'street': {'number': 4333, 'name': 'Avenida de América'}, 'city': 'La Coruña', 'state': 'Can...</msg>
<var>${json_data}</var>
<arg>${response.json()}</arg>
<doc>Returns the given values which can then be assigned to a variables.</doc>
<status status="PASS" start="2024-03-21T13:17:05.685299" elapsed="0.000576"/>
</kw>
<kw name="Log" owner="BuiltIn">
<msg time="2024-03-21T13:17:05.686400" level="INFO">{'results': [{'gender': 'male', 'name': {'title': 'Mr', 'first': 'Joaquin', 'last': 'Lozano'}, 'location': {'street': {'number': 4333, 'name': 'Avenida de América'}, 'city': 'La Coruña', 'state': 'Canarias', 'country': 'Spain', 'postcode': 62910, 'coordinates': {'latitude': '-30.4585', 'longitude': '-105.9196'}, 'timezone': {'offset': '+8:00', 'description': 'Beijing, Perth, Singapore, Hong Kong'}}, 'email': 'joaquin.lozano@example.com', 'login': {'uuid': '97d60639-5b8e-4ad4-a952-814cd332f55c', 'username': 'greendog600', 'password': 'metro', 'salt': 'tTH7PZsl', 'md5': '49b2db5d031297e463a415b74ecc7265', 'sha1': '4fa4f828853a96a2d8df196a9831107d41f4bd66', 'sha256': '0ae6522e6beaf457cbff68132802837f7e2bc5b56fc50585a84b793720d10553'}, 'dob': {'date': '1951-09-28T00:25:33.638Z', 'age': 72}, 'registered': {'date': '2007-12-22T07:01:18.166Z', 'age': 16}, 'phone': '982-219-337', 'cell': '660-074-786', 'id': {'name': 'DNI', 'value': '24194765-L'}, 'picture': {'large': 'https://randomuser.me/api/portraits/men/78.jpg', 'medium': 'https://randomuser.me/api/portraits/med/men/78.jpg', 'thumbnail': 'https://randomuser.me/api/portraits/thumb/men/78.jpg'}, 'nat': 'ES'}], 'info': {'seed': '1f14bbd563e59640', 'results': 1, 'page': 1, 'version': '1.4'}}</msg>
<arg>${json_data}</arg>
<doc>Logs the given message with the given level.</doc>
<status status="PASS" start="2024-03-21T13:17:05.686229" elapsed="0.000258"/>
</kw>
<kw name="Should Be String" owner="String">
<arg>${json_data['results'][0]['gender']}</arg>
<doc>Fails if the given ``item`` is not a string.</doc>
<status status="PASS" start="2024-03-21T13:17:05.686798" elapsed="0.000427"/>
</kw>
<kw name="Should Match Regexp" owner="BuiltIn">
<arg>${json_data['results'][0]['email']}</arg>
<arg>^[a-zA-Z0-9._%+-]+@[a-zA-Z0-9.-]+\.[a-zA-Z]{2,}$</arg>
<doc>Fails if ``string`` does not match ``pattern`` as a regular expression.</doc>
<status status="PASS" start="2024-03-21T13:17:05.687437" elapsed="0.000538"/>
</kw>
<kw name="Should Match Regexp" owner="BuiltIn">
<arg>${json_data['results'][0]['dob']['date']}</arg>
<arg>\\d{4}-\\d{2}-\\d{2}T\\d{2}:\\d{2}:\\d{2}\\.\\d{3}Z</arg>
<doc>Fails if ``string`` does not match ``pattern`` as a regular expression.</doc>
<status status="PASS" start="2024-03-21T13:17:05.688184" elapsed="0.000488"/>
</kw>
<kw name="Should Match Regexp" owner="BuiltIn">
<arg>${json_data['results'][0]['registered']['date']}</arg>
<arg>\\d{4}-\\d{2}-\\d{2}T\\d{2}:\\d{2}:\\d{2}\\.\\d{3}Z</arg>
<doc>Fails if ``string`` does not match ``pattern`` as a regular expression.</doc>
<status status="PASS" start="2024-03-21T13:17:05.688867" elapsed="0.000375"/>
</kw>
<kw name="Should Match Regexp" owner="BuiltIn">
<arg>${json_data['results'][0]['picture']['large']}</arg>
<arg>^https?://.*\.(?:png|jpe?g|gif|bmp)$</arg>
<doc>Fails if ``string`` does not match ``pattern`` as a regular expression.</doc>
<status status="PASS" start="2024-03-21T13:17:05.689429" elapsed="0.000457"/>
</kw>
<kw name="Should Match Regexp" owner="BuiltIn">
<arg>${json_data['results'][0]['picture']['medium']}</arg>
<arg>^https?://.*\.(?:png|jpe?g|gif|bmp)$</arg>
<doc>Fails if ``string`` does not match ``pattern`` as a regular expression.</doc>
<status status="PASS" start="2024-03-21T13:17:05.690074" elapsed="0.000362"/>
</kw>
<kw name="Should Match Regexp" owner="BuiltIn">
<arg>${json_data['results'][0]['picture']['thumbnail']}</arg>
<arg>^https?://.*\.(?:png|jpe?g|gif|bmp)$</arg>
<doc>Fails if ``string`` does not match ``pattern`` as a regular expression.</doc>
<status status="PASS" start="2024-03-21T13:17:05.690623" elapsed="0.000351"/>
</kw>
<kw name="Log" owner="BuiltIn">
<msg time="2024-03-21T13:17:05.691545" level="INFO">{'large': 'https://randomuser.me/api/portraits/men/78.jpg', 'medium': 'https://randomuser.me/api/portraits/med/men/78.jpg', 'thumbnail': 'https://randomuser.me/api/portraits/thumb/men/78.jpg'}</msg>
<arg>${json_data['results'][0]['picture']}</arg>
<doc>Logs the given message with the given level.</doc>
<status status="PASS" start="2024-03-21T13:17:05.691203" elapsed="0.000385"/>
</kw>
<status status="PASS" start="2024-03-21T13:17:05.613547" elapsed="0.078305"/>
</kw>
<kw name="Teste de Tipos de Dados - Postcode" owner="random-user-service">
<kw name="GET On Session" owner="RequestsLibrary">
<msg time="2024-03-21T13:17:05.784572" level="INFO">GET Request : url=https://randomuser.me/api 
 path_url=/api 
 headers={'User-Agent': 'python-requests/2.31.0', 'Accept-Encoding': 'gzip, deflate', 'Accept': '*/*', 'Connection': 'keep-alive'} 
 body=None 
 </msg>
<msg time="2024-03-21T13:17:05.784669" level="INFO">GET Response : url=https://randomuser.me/api 
 status=200, reason=OK 
 headers={'Date': 'Thu, 21 Mar 2024 13:17:05 GMT', 'Content-Type': 'application/json; charset=utf-8', 'Transfer-Encoding': 'chunked', 'Connection': 'keep-alive', 'X-Powered-By': 'Express', 'Access-Control-Allow-Origin': '*', 'Cache-Control': 'no-cache', 'ETag': 'W/"496-/3RIy2dH9A8XYJVS5anI1ItUpug"', 'Vary': 'Accept-Encoding', 'Content-Encoding': 'gzip', 'CF-Cache-Status': 'DYNAMIC', 'Report-To': '{"endpoints":[{"url":"https:\\/\\/a.nel.cloudflare.com\\/report\\/v4?s=JXz4RUWiXKrXzjLIuWL2VSxrwa2RWXQuSfwSAF%2FCKJixJpPYvgEgu8LMk5LDyf%2BGhgojsvOyxE5mlxMtxJJPRbrWjCjfbalGTNo8Xfb3X6raweqROmt0vHMK0xticFid"}],"group":"cf-nel","max_age":604800}', 'NEL': '{"success_fraction":0,"report_to":"cf-nel","max_age":604800}', 'Server': 'cloudflare', 'CF-RAY': '867e385e9ba913b1-IAD', 'alt-svc': 'h3=":443"; ma=86400'} 
 body={"results":[{"gender":"female","name":{"title":"Mrs","first":"Katherine","last":"Caldwell"},"location":{"street":{"number":3671,"name":"Mill Lane"},"city":"Carrigaline","state":"Laois","country":"Ireland","postcode":81607,"coordinates":{"latitude":"0.0516","longitude":"177.1794"},"timezone":{"offset":"+5:30","description":"Bombay, Calcutta, Madras, New Delhi"}},"email":"katherine.caldwell@example.com","login":{"uuid":"815b5637-cd56-4d29-8746-d64b36b22d29","username":"greensnake444","password":"dieter","salt":"2wA3kKFC","md5":"b666ed7ce75f42e2f1e91c9df9776c0e","sha1":"6503fd57571341681d453296a74107489be7b98e","sha256":"399dcf48cf84340d1d71d1470bf38370712d05287eb1013fa8eb5bb01dbc4b81"},"dob":{"date":"1960-08-26T01:12:14.568Z","age":63},"registered":{"date":"2016-07-25T17:11:33.177Z","age":7},"phone":"031-611-8161","cell":"081-858-2919","id":{"name":"PPS","value":"5983614T"},"picture":{"large":"https://randomuser.me/api/portraits/women/18.jpg","medium":"https://randomuser.me/api/portraits/med/women/18.jpg","thumbnail":"https://randomuser.me/api/portraits/thumb/women/18.jpg"},"nat":"IE"}],"info":{"seed":"3367a4a1d4262535","results":1,"page":1,"version":"1.4"}} 
 </msg>
<msg time="2024-03-21T13:17:05.784756" level="INFO">/opt/hostedtoolcache/Python/3.12.2/x64/lib/python3.12/site-packages/urllib3/connectionpool.py:1103: InsecureRequestWarning: Unverified HTTPS request is being made to host 'randomuser.me'. Adding certificate verification is strongly advised. See: https://urllib3.readthedocs.io/en/latest/advanced-usage.html#tls-warnings
  warnings.warn(</msg>
<msg time="2024-03-21T13:17:05.784876" level="INFO">${response} = &lt;Response [200]&gt;</msg>
<var>${response}</var>
<arg>consultarAPI</arg>
<arg>/api</arg>
<doc>Sends a GET request on a previously created HTTP Session.</doc>
<status status="PASS" start="2024-03-21T13:17:05.692338" elapsed="0.092590"/>
</kw>
<kw name="Set Variable" owner="BuiltIn">
<msg time="2024-03-21T13:17:05.785960" level="INFO">${json_data} = {'results': [{'gender': 'female', 'name': {'title': 'Mrs', 'first': 'Katherine', 'last': 'Caldwell'}, 'location': {'street': {'number': 3671, 'name': 'Mill Lane'}, 'city': 'Carrigaline', 'state': 'Lao...</msg>
<var>${json_data}</var>
<arg>${response.json()}</arg>
<doc>Returns the given values which can then be assigned to a variables.</doc>
<status status="PASS" start="2024-03-21T13:17:05.785455" elapsed="0.000534"/>
</kw>
<kw name="Log" owner="BuiltIn">
<msg time="2024-03-21T13:17:05.786495" level="INFO">{'results': [{'gender': 'female', 'name': {'title': 'Mrs', 'first': 'Katherine', 'last': 'Caldwell'}, 'location': {'street': {'number': 3671, 'name': 'Mill Lane'}, 'city': 'Carrigaline', 'state': 'Laois', 'country': 'Ireland', 'postcode': 81607, 'coordinates': {'latitude': '0.0516', 'longitude': '177.1794'}, 'timezone': {'offset': '+5:30', 'description': 'Bombay, Calcutta, Madras, New Delhi'}}, 'email': 'katherine.caldwell@example.com', 'login': {'uuid': '815b5637-cd56-4d29-8746-d64b36b22d29', 'username': 'greensnake444', 'password': 'dieter', 'salt': '2wA3kKFC', 'md5': 'b666ed7ce75f42e2f1e91c9df9776c0e', 'sha1': '6503fd57571341681d453296a74107489be7b98e', 'sha256': '399dcf48cf84340d1d71d1470bf38370712d05287eb1013fa8eb5bb01dbc4b81'}, 'dob': {'date': '1960-08-26T01:12:14.568Z', 'age': 63}, 'registered': {'date': '2016-07-25T17:11:33.177Z', 'age': 7}, 'phone': '031-611-8161', 'cell': '081-858-2919', 'id': {'name': 'PPS', 'value': '5983614T'}, 'picture': {'large': 'https://randomuser.me/api/portraits/women/18.jpg', 'medium': 'https://randomuser.me/api/portraits/med/women/18.jpg', 'thumbnail': 'https://randomuser.me/api/portraits/thumb/women/18.jpg'}, 'nat': 'IE'}], 'info': {'seed': '3367a4a1d4262535', 'results': 1, 'page': 1, 'version': '1.4'}}</msg>
<arg>${json_data}</arg>
<doc>Logs the given message with the given level.</doc>
<status status="PASS" start="2024-03-21T13:17:05.786325" elapsed="0.000258"/>
</kw>
<kw name="Should Be Equal As Numbers" owner="BuiltIn">
<arg>${json_data['results'][0]['location']['postcode']}</arg>
<arg>${json_data['results'][0]['location']['postcode']}</arg>
<doc>Fails if objects are unequal after converting them to real numbers.</doc>
<status status="PASS" start="2024-03-21T13:17:05.786896" elapsed="0.000687"/>
</kw>
<kw name="Log" owner="BuiltIn">
<msg time="2024-03-21T13:17:05.788127" level="INFO">81607</msg>
<arg>${json_data['results'][0]['location']['postcode']}</arg>
<doc>Logs the given message with the given level.</doc>
<status status="PASS" start="2024-03-21T13:17:05.787780" elapsed="0.000389"/>
</kw>
<status status="PASS" start="2024-03-21T13:17:05.692087" elapsed="0.096344"/>
</kw>
<doc>Testa se os tipos de dados na resposta da API estão corretos.</doc>
<tag>testeTiposDados</tag>
<status status="PASS" start="2024-03-21T13:17:05.613053" elapsed="0.175552"/>
</test>
<test id="s1-s1-t5" name="Validar conteudo" line="35">
<kw name="Teste de Tipos de Conteudo" owner="random-user-service">
<kw name="GET On Session" owner="RequestsLibrary">
<msg time="2024-03-21T13:17:05.891478" level="INFO">GET Request : url=https://randomuser.me/api 
 path_url=/api 
 headers={'User-Agent': 'python-requests/2.31.0', 'Accept-Encoding': 'gzip, deflate', 'Accept': '*/*', 'Connection': 'keep-alive'} 
 body=None 
 </msg>
<msg time="2024-03-21T13:17:05.891585" level="INFO">GET Response : url=https://randomuser.me/api 
 status=200, reason=OK 
 headers={'Date': 'Thu, 21 Mar 2024 13:17:05 GMT', 'Content-Type': 'application/json; charset=utf-8', 'Transfer-Encoding': 'chunked', 'Connection': 'keep-alive', 'X-Powered-By': 'Express', 'Access-Control-Allow-Origin': '*', 'Cache-Control': 'no-cache', 'ETag': 'W/"47a-T4j8t1nn/92KzWaal99kiLWL6GA"', 'Vary': 'Accept-Encoding', 'Content-Encoding': 'gzip', 'CF-Cache-Status': 'DYNAMIC', 'Report-To': '{"endpoints":[{"url":"https:\\/\\/a.nel.cloudflare.com\\/report\\/v4?s=BE2MIvzZBlhuWXQYemwr8%2BaScdg8sP2D9X6HScfEaSrZbT63nopoU8LUyfTQrBX%2BjuqRAUa5nt2wY1Jfna%2BxA0uaTcrzzzSnIiPvmYhch8nBMxeRMUagELu5o2TRC6lt"}],"group":"cf-nel","max_age":604800}', 'NEL': '{"success_fraction":0,"report_to":"cf-nel","max_age":604800}', 'Server': 'cloudflare', 'CF-RAY': '867e385f3c7613b1-IAD', 'alt-svc': 'h3=":443"; ma=86400'} 
 body={"results":[{"gender":"male","name":{"title":"Mr","first":"Francis","last":"Carr"},"location":{"street":{"number":1266,"name":"Strand Road"},"city":"Midleton","state":"Donegal","country":"Ireland","postcode":78752,"coordinates":{"latitude":"1.7956","longitude":"-121.4748"},"timezone":{"offset":"-8:00","description":"Pacific Time (US &amp; Canada)"}},"email":"francis.carr@example.com","login":{"uuid":"5222ca2c-1f4d-4cf4-a6d9-637a3456a5d3","username":"tinylion472","password":"griffey","salt":"h8sYY8sA","md5":"069268f70ef5f33b313a01f2c05f0003","sha1":"a15fbf3d6b4856f6c0ad5464ad20bc57db32e118","sha256":"0632bf5c1bd3645c2f55d563e10f533c4d7c5a2e2ebae5013d0a480081ca8f01"},"dob":{"date":"1957-11-14T12:12:29.678Z","age":66},"registered":{"date":"2011-09-30T01:15:35.632Z","age":12},"phone":"021-234-6381","cell":"081-525-4483","id":{"name":"PPS","value":"6674764T"},"picture":{"large":"https://randomuser.me/api/portraits/men/63.jpg","medium":"https://randomuser.me/api/portraits/med/men/63.jpg","thumbnail":"https://randomuser.me/api/portraits/thumb/men/63.jpg"},"nat":"IE"}],"info":{"seed":"92de86bd97ffa7ea","results":1,"page":1,"version":"1.4"}} 
 </msg>
<msg time="2024-03-21T13:17:05.891664" level="INFO">/opt/hostedtoolcache/Python/3.12.2/x64/lib/python3.12/site-packages/urllib3/connectionpool.py:1103: InsecureRequestWarning: Unverified HTTPS request is being made to host 'randomuser.me'. Adding certificate verification is strongly advised. See: https://urllib3.readthedocs.io/en/latest/advanced-usage.html#tls-warnings
  warnings.warn(</msg>
<msg time="2024-03-21T13:17:05.891791" level="INFO">${response} = &lt;Response [200]&gt;</msg>
<var>${response}</var>
<arg>consultarAPI</arg>
<arg>/api</arg>
<doc>Sends a GET request on a previously created HTTP Session.</doc>
<status status="PASS" start="2024-03-21T13:17:05.791186" elapsed="0.100644"/>
</kw>
<kw name="Set Variable" owner="BuiltIn">
<msg time="2024-03-21T13:17:05.892835" level="INFO">${json_data} = {'results': [{'gender': 'male', 'name': {'title': 'Mr', 'first': 'Francis', 'last': 'Carr'}, 'location': {'street': {'number': 1266, 'name': 'Strand Road'}, 'city': 'Midleton', 'state': 'Donegal', 'co...</msg>
<var>${json_data}</var>
<arg>${response.json()}</arg>
<doc>Returns the given values which can then be assigned to a variables.</doc>
<status status="PASS" start="2024-03-21T13:17:05.892339" elapsed="0.000525"/>
</kw>
<kw name="Set Variable" owner="BuiltIn">
<msg time="2024-03-21T13:17:05.893558" level="INFO">${name_title} = Mr</msg>
<var>${name_title}</var>
<arg>${json_data["results"][0]["name"]["title"]}</arg>
<doc>Returns the given values which can then be assigned to a variables.</doc>
<status status="PASS" start="2024-03-21T13:17:05.893176" elapsed="0.000408"/>
</kw>
<kw name="Create List" owner="BuiltIn">
<msg time="2024-03-21T13:17:05.894025" level="INFO">${allowed_titles} = ['Mr', 'Ms', 'Miss', 'Mrs', 'Madame', 'Monsieur']</msg>
<var>${allowed_titles}</var>
<arg>Mr</arg>
<arg>Ms</arg>
<arg>Miss</arg>
<arg>Mrs</arg>
<arg>Madame</arg>
<arg>Monsieur</arg>
<doc>Returns a list containing given items.</doc>
<status status="PASS" start="2024-03-21T13:17:05.893878" elapsed="0.000172"/>
</kw>
<kw name="List Should Contain Value" owner="Collections">
<msg time="2024-03-21T13:17:05.894553" level="INFO">False</msg>
<arg>${allowed_titles}</arg>
<arg>${name_title}</arg>
<doc>Fails if the ``value`` is not found from ``list``.</doc>
<status status="PASS" start="2024-03-21T13:17:05.894363" elapsed="0.000239"/>
</kw>
<kw name="Set Variable" owner="BuiltIn">
<msg time="2024-03-21T13:17:05.895335" level="INFO">${name_country} = IE</msg>
<var>${name_country}</var>
<arg>${json_data["results"][0]["nat"]}</arg>
<doc>Returns the given values which can then be assigned to a variables.</doc>
<status status="PASS" start="2024-03-21T13:17:05.894916" elapsed="0.000445"/>
</kw>
<kw name="Create List" owner="BuiltIn">
<msg time="2024-03-21T13:17:05.896260" level="INFO">${list_country} = ['AD', 'AE', 'AF', 'AG', 'AI', 'AL', 'AM', 'AO', 'AQ', 'AR', 'AS', 'AT', 'AU', 'AW', 'AX', 'AZ', 'BA', 'BB', 'BD', 'BE', 'BF', 'BG', 'BH', 'BI', 'BJ', 'BL', 'BM', 'BN', 'BO', 'BQ', 'BR', 'BS', 'BT', '...</msg>
<var>${list_country}</var>
<arg>AD</arg>
<arg>AE</arg>
<arg>AF</arg>
<arg>AG</arg>
<arg>AI</arg>
<arg>AL</arg>
<arg>AM</arg>
<arg>AO</arg>
<arg>AQ</arg>
<arg>AR</arg>
<arg>AS</arg>
<arg>AT</arg>
<arg>AU</arg>
<arg>AW</arg>
<arg>AX</arg>
<arg>AZ</arg>
<arg>BA</arg>
<arg>BB</arg>
<arg>BD</arg>
<arg>BE</arg>
<arg>BF</arg>
<arg>BG</arg>
<arg>BH</arg>
<arg>BI</arg>
<arg>BJ</arg>
<arg>BL</arg>
<arg>BM</arg>
<arg>BN</arg>
<arg>BO</arg>
<arg>BQ</arg>
<arg>BR</arg>
<arg>BS</arg>
<arg>BT</arg>
<arg>BV</arg>
<arg>BW</arg>
<arg>BY</arg>
<arg>BZ</arg>
<arg>CA</arg>
<arg>CC</arg>
<arg>CD</arg>
<arg>CF</arg>
<arg>CG</arg>
<arg>CH</arg>
<arg>CI</arg>
<arg>CK</arg>
<arg>CL</arg>
<arg>CM</arg>
<arg>CN</arg>
<arg>CO</arg>
<arg>CR</arg>
<arg>CU</arg>
<arg>CV</arg>
<arg>CW</arg>
<arg>CX</arg>
<arg>CY</arg>
<arg>CZ</arg>
<arg>DE</arg>
<arg>DJ</arg>
<arg>DK</arg>
<arg>DM</arg>
<arg>DO</arg>
<arg>DZ</arg>
<arg>EC</arg>
<arg>EE</arg>
<arg>EG</arg>
<arg>EH</arg>
<arg>ER</arg>
<arg>ES</arg>
<arg>ET</arg>
<arg>FI</arg>
<arg>FJ</arg>
<arg>FK</arg>
<arg>FM</arg>
<arg>FO</arg>
<arg>FR</arg>
<arg>GA</arg>
<arg>GB</arg>
<arg>GD</arg>
<arg>GE</arg>
<arg>GF</arg>
<arg>GG</arg>
<arg>GH</arg>
<arg>GI</arg>
<arg>GL</arg>
<arg>GM</arg>
<arg>GN</arg>
<arg>GP</arg>
<arg>GQ</arg>
<arg>GR</arg>
<arg>GS</arg>
<arg>GT</arg>
<arg>GU</arg>
<arg>GW</arg>
<arg>GY</arg>
<arg>HK</arg>
<arg>HM</arg>
<arg>HN</arg>
<arg>HR</arg>
<arg>HT</arg>
<arg>HU</arg>
<arg>ID</arg>
<arg>IE</arg>
<arg>IL</arg>
<arg>IM</arg>
<arg>IN</arg>
<arg>IO</arg>
<arg>IQ</arg>
<arg>IR</arg>
<arg>IS</arg>
<arg>IT</arg>
<arg>JE</arg>
<arg>JM</arg>
<arg>JO</arg>
<arg>JP</arg>
<arg>KE</arg>
<arg>KG</arg>
<arg>KH</arg>
<arg>KI</arg>
<arg>KM</arg>
<arg>KN</arg>
<arg>KP</arg>
<arg>KR</arg>
<arg>KW</arg>
<arg>KY</arg>
<arg>KZ</arg>
<arg>LA</arg>
<arg>LB</arg>
<arg>LC</arg>
<arg>LI</arg>
<arg>LK</arg>
<arg>LR</arg>
<arg>LS</arg>
<arg>LT</arg>
<arg>LU</arg>
<arg>LV</arg>
<arg>LY</arg>
<arg>MA</arg>
<arg>MC</arg>
<arg>MD</arg>
<arg>ME</arg>
<arg>MF</arg>
<arg>MG</arg>
<arg>MH</arg>
<arg>MK</arg>
<arg>ML</arg>
<arg>MM</arg>
<arg>MN</arg>
<arg>MO</arg>
<arg>MP</arg>
<arg>MQ</arg>
<arg>MR</arg>
<arg>MS</arg>
<arg>MT</arg>
<arg>MU</arg>
<arg>MV</arg>
<arg>MW</arg>
<arg>MX</arg>
<arg>MY</arg>
<arg>MZ</arg>
<arg>NA</arg>
<arg>NC</arg>
<arg>NE</arg>
<arg>NF</arg>
<arg>NG</arg>
<arg>NI</arg>
<arg>NL</arg>
<arg>NO</arg>
<arg>NP</arg>
<arg>NR</arg>
<arg>NU</arg>
<arg>NZ</arg>
<arg>OM</arg>
<arg>PA</arg>
<arg>PE</arg>
<arg>PF</arg>
<arg>PG</arg>
<arg>PH</arg>
<arg>PK</arg>
<arg>PL</arg>
<arg>PM</arg>
<arg>PN</arg>
<arg>PR</arg>
<arg>PS</arg>
<arg>PT</arg>
<arg>PW</arg>
<arg>PY</arg>
<arg>QA</arg>
<arg>RE</arg>
<arg>RO</arg>
<arg>RS</arg>
<arg>RU</arg>
<arg>RW</arg>
<arg>SA</arg>
<arg>SB</arg>
<arg>SC</arg>
<arg>SD</arg>
<arg>SE</arg>
<arg>SG</arg>
<arg>SH</arg>
<arg>SI</arg>
<arg>SJ</arg>
<arg>SK</arg>
<arg>SL</arg>
<arg>SM</arg>
<arg>SN</arg>
<arg>SO</arg>
<arg>SR</arg>
<arg>SS</arg>
<arg>ST</arg>
<arg>SV</arg>
<arg>SX</arg>
<arg>SY</arg>
<arg>SZ</arg>
<arg>TC</arg>
<arg>TD</arg>
<arg>TF</arg>
<arg>TG</arg>
<arg>TH</arg>
<arg>TJ</arg>
<arg>TK</arg>
<arg>TL</arg>
<arg>TM</arg>
<arg>TN</arg>
<arg>TO</arg>
<arg>TR</arg>
<arg>TT</arg>
<arg>TV</arg>
<arg>TW</arg>
<arg>TZ</arg>
<arg>UA</arg>
<arg>UG</arg>
<arg>UM</arg>
<arg>US</arg>
<arg>UY</arg>
<arg>UZ</arg>
<arg>VA</arg>
<arg>VC</arg>
<arg>VE</arg>
<arg>VG</arg>
<arg>VI</arg>
<arg>VN</arg>
<arg>VU</arg>
<arg>WF</arg>
<arg>WS</arg>
<arg>XK</arg>
<arg>YE</arg>
<arg>YT</arg>
<arg>ZA</arg>
<arg>ZM</arg>
<arg>ZW</arg>
<doc>Returns a list containing given items.</doc>
<status status="PASS" start="2024-03-21T13:17:05.895664" elapsed="0.000622"/>
</kw>
<kw name="List Should Contain Value" owner="Collections">
<msg time="2024-03-21T13:17:05.897279" level="INFO">False</msg>
<arg>${list_country}</arg>
<arg>${name_country}</arg>
<doc>Fails if the ``value`` is not found from ``list``.</doc>
<status status="PASS" start="2024-03-21T13:17:05.897074" elapsed="0.000243"/>
</kw>
<kw name="Run Keyword If" owner="BuiltIn">
<kw name="Should Be True" owner="BuiltIn">
<arg>${True}</arg>
<doc>Fails if the given condition is not true.</doc>
<status status="PASS" start="2024-03-21T13:17:05.898527" elapsed="0.000146"/>
</kw>
<arg>${json_data["results"][0]["location"]["coordinates"]["latitude"]} &gt;= -90 and ${json_data["results"][0]["location"]["coordinates"]["latitude"]} &lt;= 90</arg>
<arg>Should Be True</arg>
<arg>${True}</arg>
<doc>Runs the given keyword with the given arguments, if ``condition`` is true.</doc>
<status status="PASS" start="2024-03-21T13:17:05.897630" elapsed="0.001171"/>
</kw>
<kw name="Run Keyword If" owner="BuiltIn">
<kw name="Should Be True" owner="BuiltIn">
<arg>${True}</arg>
<doc>Fails if the given condition is not true.</doc>
<status status="PASS" start="2024-03-21T13:17:05.899716" elapsed="0.000141"/>
</kw>
<arg>${json_data["results"][0]["location"]["coordinates"]["longitude"]} &gt;= -180 and ${json_data["results"][0]["location"]["coordinates"]["longitude"]} &lt;= 180</arg>
<arg>Should Be True</arg>
<arg>${True}</arg>
<doc>Runs the given keyword with the given arguments, if ``condition`` is true.</doc>
<status status="PASS" start="2024-03-21T13:17:05.898983" elapsed="0.001000"/>
</kw>
<status status="PASS" start="2024-03-21T13:17:05.790921" elapsed="0.109196"/>
</kw>
<doc>Testa o conteúdo específico dos campos retornados pela API.</doc>
<tag>testeConteudo</tag>
<status status="PASS" start="2024-03-21T13:17:05.790368" elapsed="0.109909"/>
</test>
<status status="PASS" start="2024-03-21T13:17:05.091855" elapsed="0.810340"/>
</suite>
<status status="PASS" start="2024-03-21T13:17:05.078078" elapsed="0.829447"/>
</suite>
<statistics>
<total>
<stat pass="5" fail="0" skip="0">All Tests</stat>
</total>
<tag>
<stat pass="1" fail="0" skip="0">testeConteudo</stat>
<stat pass="1" fail="0" skip="0">testeEstruturaResposta</stat>
<stat pass="1" fail="0" skip="0">testeRequisicaoBasica</stat>
<stat pass="1" fail="0" skip="0">testeTiposDados</stat>
</tag>
<suite>
<stat pass="5" fail="0" skip="0" id="s1" name="Tests">Tests</stat>
<stat pass="5" fail="0" skip="0" id="s1-s1" name="Random-User-Test">Tests.Random-User-Test</stat>
</suite>
</statistics>
<errors>
<msg time="2024-03-21T13:17:05.405932" level="ERROR">Error in file '/home/runner/work/DesafioQAItauRogerioJordao/DesafioQAItauRogerioJordao/RamdonUser/config/base.robot' on line 8: Library '/home/runner/work/DesafioQAItauRogerioJordao/DesafioQAItauRogerioJordao/services/data/RandomUser.py' does not exist.</msg>
<msg time="2024-03-21T13:17:05.406052" level="ERROR">Error in file '/home/runner/work/DesafioQAItauRogerioJordao/DesafioQAItauRogerioJordao/RamdonUser/config/base.robot' on line 9: Resource file '/home/runner/work/DesafioQAItauRogerioJordao/DesafioQAItauRogerioJordao/services/api-RandomUser/random-user-service.robot' does not exist.</msg>
</errors>
</robot>
