<?xml version="1.0" encoding="UTF-8"?>
<robot generator="Robot 7.0 (Python 3.12.3 on linux)" generated="2024-04-21T20:14:35.534299" rpa="false" schemaversion="5">
<suite id="s1" name="Tests" source="/home/runner/work/DesafioQAItauRogerioJordao/DesafioQAItauRogerioJordao/RamdonUser/tests">
<suite id="s1-s1" name="Random-User-Test" source="/home/runner/work/DesafioQAItauRogerioJordao/DesafioQAItauRogerioJordao/RamdonUser/tests/random-user-test.robot">
<test id="s1-s1-t1" name="Conectar" line="13">
<kw name="Conectar API" owner="random-user-service">
<kw name="Create Session" owner="RequestsLibrary">
<msg time="2024-04-21T20:14:35.925119" level="INFO">Creating Session using : alias=consultarAPI, url=https://randomuser.me/, headers={},                     cookies={}, auth=None, timeout=None, proxies=None, verify=False,                     debug=0 </msg>
<arg>consultarAPI</arg>
<arg>${URL}</arg>
<doc>Create Session: create a HTTP session to a server</doc>
<status status="PASS" start="2024-04-21T20:14:35.924922" elapsed="0.000384"/>
</kw>
<status status="PASS" start="2024-04-21T20:14:35.923941" elapsed="0.001715"/>
</kw>
<status status="PASS" start="2024-04-21T20:14:35.923419" elapsed="0.002430"/>
</test>
<test id="s1-s1-t2" name="Validar retorno 200 e JSON Válido" line="16">
<kw name="Teste de Requisicao Basica" owner="random-user-service">
<kw name="GET On Session" owner="RequestsLibrary">
<msg time="2024-04-21T20:14:36.119769" level="INFO">GET Request : url=https://randomuser.me/api 
 path_url=/api 
 headers={'User-Agent': 'python-requests/2.31.0', 'Accept-Encoding': 'gzip, deflate', 'Accept': '*/*', 'Connection': 'keep-alive'} 
 body=None 
 </msg>
<msg time="2024-04-21T20:14:36.119952" level="INFO">GET Response : url=https://randomuser.me/api 
 status=200, reason=OK 
 headers={'Date': 'Sun, 21 Apr 2024 20:14:36 GMT', 'Content-Type': 'application/json; charset=utf-8', 'Transfer-Encoding': 'chunked', 'Connection': 'keep-alive', 'X-Powered-By': 'Express', 'Access-Control-Allow-Origin': '*', 'Cache-Control': 'no-cache', 'ETag': 'W/"49e-n3ba9Q8YrhJbeKY+IdPWkwqwOGk"', 'Vary': 'Accept-Encoding', 'Content-Encoding': 'gzip', 'CF-Cache-Status': 'DYNAMIC', 'Report-To': '{"endpoints":[{"url":"https:\\/\\/a.nel.cloudflare.com\\/report\\/v4?s=4ymXdrPBRGu4CwsXdTl%2FbaD2M%2Ffcb%2FU%2BCcEsFkE%2B9EfZjV7maHEgHCmIjQERnmfWtS4mxLgAtSyHKO8JQqRZ4iTlQt%2BcJ7r6aJiTHMoPZge29iaTdTReNzOAIxs%2FEgDI"}],"group":"cf-nel","max_age":604800}', 'NEL': '{"success_fraction":0,"report_to":"cf-nel","max_age":604800}', 'Server': 'cloudflare', 'CF-RAY': '87800a937802616f-ORD', 'alt-svc': 'h3=":443"; ma=86400'} 
 body={"results":[{"gender":"female","name":{"title":"Mrs","first":"Teresa","last":"Richards"},"location":{"street":{"number":8930,"name":"Queen Street"},"city":"City of London","state":"Berkshire","country":"United Kingdom","postcode":"A1Q 3PS","coordinates":{"latitude":"-7.8822","longitude":"147.4756"},"timezone":{"offset":"-11:00","description":"Midway Island, Samoa"}},"email":"teresa.richards@example.com","login":{"uuid":"fc70ea30-edc5-4bcd-9cbb-9d330d463891","username":"sadmeercat860","password":"rebecca1","salt":"YXtRU1eV","md5":"efcd6000c0112318d8794ed89c1e2881","sha1":"6f6ad927efec85108f1d77058b46d8200eabdc58","sha256":"4036210a017a44bff6aac2bdd3c6b180975b532f736d5219e1cc467ca8fbc52f"},"dob":{"date":"1956-04-13T08:34:37.454Z","age":68},"registered":{"date":"2006-05-05T12:27:39.037Z","age":17},"phone":"016973 74594","cell":"07845 400493","id":{"name":"NINO","value":"CY 84 47 92 I"},"picture":{"large":"https://randomuser.me/api/portraits/women/0.jpg","medium":"https://randomuser.me/api/portraits/med/women/0.jpg","thumbnail":"https://randomuser.me/api/portraits/thumb/women/0.jpg"},"nat":"GB"}],"info":{"seed":"0fbd227004bcf9dd","results":1,"page":1,"version":"1.4"}} 
 </msg>
<msg time="2024-04-21T20:14:36.120067" level="INFO">/opt/hostedtoolcache/Python/3.12.3/x64/lib/python3.12/site-packages/urllib3/connectionpool.py:1103: InsecureRequestWarning: Unverified HTTPS request is being made to host 'randomuser.me'. Adding certificate verification is strongly advised. See: https://urllib3.readthedocs.io/en/latest/advanced-usage.html#tls-warnings
  warnings.warn(</msg>
<msg time="2024-04-21T20:14:36.120239" level="INFO">${response} = &lt;Response [200]&gt;</msg>
<var>${response}</var>
<arg>consultarAPI</arg>
<arg>/api</arg>
<doc>Sends a GET request on a previously created HTTP Session.</doc>
<status status="PASS" start="2024-04-21T20:14:35.928541" elapsed="0.191744"/>
</kw>
<kw name="Should Be Equal As Numbers" owner="BuiltIn">
<msg time="2024-04-21T20:14:36.121726" level="INFO">Argument types are:
&lt;class 'int'&gt;
&lt;class 'str'&gt;</msg>
<arg>${response.status_code}</arg>
<arg>200</arg>
<doc>Fails if objects are unequal after converting them to real numbers.</doc>
<status status="PASS" start="2024-04-21T20:14:36.121015" elapsed="0.000816"/>
</kw>
<kw name="Log" owner="BuiltIn">
<msg time="2024-04-21T20:14:36.122958" level="INFO">200</msg>
<arg>${response.status_code}</arg>
<doc>Logs the given message with the given level.</doc>
<status status="PASS" start="2024-04-21T20:14:36.122378" elapsed="0.000652"/>
</kw>
<kw name="Set Variable" owner="BuiltIn">
<msg time="2024-04-21T20:14:36.124181" level="INFO">${json_data} = {'results': [{'gender': 'female', 'name': {'title': 'Mrs', 'first': 'Teresa', 'last': 'Richards'}, 'location': {'street': {'number': 8930, 'name': 'Queen Street'}, 'city': 'City of London', 'state': '...</msg>
<var>${json_data}</var>
<arg>${response.json()}</arg>
<doc>Returns the given values which can then be assigned to a variables.</doc>
<status status="PASS" start="2024-04-21T20:14:36.123477" elapsed="0.000747"/>
</kw>
<kw name="Dictionary Should Contain Key" owner="Collections">
<msg time="2024-04-21T20:14:36.124964" level="INFO">False</msg>
<arg>${json_data}</arg>
<arg>results</arg>
<doc>Fails if ``key`` is not found from ``dictionary``.</doc>
<status status="PASS" start="2024-04-21T20:14:36.124677" elapsed="0.000357"/>
</kw>
<status status="PASS" start="2024-04-21T20:14:35.928280" elapsed="0.197158"/>
</kw>
<doc>Testa se a API responde corretamente e retorna um objeto JSON válido.</doc>
<tag>testeRequisicaoBasica</tag>
<status status="PASS" start="2024-04-21T20:14:35.927726" elapsed="0.198021"/>
</test>
<test id="s1-s1-t3" name="Validar estrutura de resposta" line="22">
<kw name="Teste de Estrutura de Resposta" owner="random-user-service">
<kw name="GET On Session" owner="RequestsLibrary">
<msg time="2024-04-21T20:14:36.214538" level="INFO">GET Request : url=https://randomuser.me/api 
 path_url=/api 
 headers={'User-Agent': 'python-requests/2.31.0', 'Accept-Encoding': 'gzip, deflate', 'Accept': '*/*', 'Connection': 'keep-alive'} 
 body=None 
 </msg>
<msg time="2024-04-21T20:14:36.214626" level="INFO">GET Response : url=https://randomuser.me/api 
 status=200, reason=OK 
 headers={'Date': 'Sun, 21 Apr 2024 20:14:36 GMT', 'Content-Type': 'application/json; charset=utf-8', 'Transfer-Encoding': 'chunked', 'Connection': 'keep-alive', 'X-Powered-By': 'Express', 'Access-Control-Allow-Origin': '*', 'Cache-Control': 'no-cache', 'ETag': 'W/"497-QugZgpUKxQMX9w2xPf0//s5+eSk"', 'Vary': 'Accept-Encoding', 'Content-Encoding': 'gzip', 'CF-Cache-Status': 'DYNAMIC', 'Report-To': '{"endpoints":[{"url":"https:\\/\\/a.nel.cloudflare.com\\/report\\/v4?s=rnP0lQR%2Flf8tWpcz08bTbKwz2OxAAljIz9HKC81a9TpVfOYoIcXfa%2FUqA2009qBydLte%2FH9ghh1Kt1TlqEadahyYbKjQjmg4LWj5iMNXybHpZ63dDnTKNXEXpFTbld%2BN"}],"group":"cf-nel","max_age":604800}', 'NEL': '{"success_fraction":0,"report_to":"cf-nel","max_age":604800}', 'Server': 'cloudflare', 'CF-RAY': '87800a93d886616f-ORD', 'alt-svc': 'h3=":443"; ma=86400'} 
 body={"results":[{"gender":"male","name":{"title":"Mr","first":"Ioque","last":"Duarte"},"location":{"street":{"number":1849,"name":"Rua Santos Dumont "},"city":"Sete Lagoas","state":"Amazonas","country":"Brazil","postcode":63123,"coordinates":{"latitude":"-79.3871","longitude":"-154.3918"},"timezone":{"offset":"+10:00","description":"Eastern Australia, Guam, Vladivostok"}},"email":"ioque.duarte@example.com","login":{"uuid":"86f2bd29-ea01-45d7-bb72-93ca27b7c2f8","username":"heavydog662","password":"punk","salt":"3Qafx2DE","md5":"3af1176d85668b26782530a16f18658d","sha1":"3c116813c886e4728d2b510b4d9cc2c9b86be263","sha256":"7b2883b4a9ace0307f117588040a92fb33c0ba1035e8a6420f6005b1b81af71e"},"dob":{"date":"1955-10-20T03:07:07.995Z","age":68},"registered":{"date":"2017-12-18T06:18:16.236Z","age":6},"phone":"(14) 7471-9577","cell":"(18) 0467-3940","id":{"name":"CPF","value":"011.671.406-79"},"picture":{"large":"https://randomuser.me/api/portraits/men/64.jpg","medium":"https://randomuser.me/api/portraits/med/men/64.jpg","thumbnail":"https://randomuser.me/api/portraits/thumb/men/64.jpg"},"nat":"BR"}],"info":{"seed":"9b687ead6d68d3ec","results":1,"page":1,"version":"1.4"}} 
 </msg>
<msg time="2024-04-21T20:14:36.214727" level="INFO">/opt/hostedtoolcache/Python/3.12.3/x64/lib/python3.12/site-packages/urllib3/connectionpool.py:1103: InsecureRequestWarning: Unverified HTTPS request is being made to host 'randomuser.me'. Adding certificate verification is strongly advised. See: https://urllib3.readthedocs.io/en/latest/advanced-usage.html#tls-warnings
  warnings.warn(</msg>
<msg time="2024-04-21T20:14:36.214826" level="INFO">${response} = &lt;Response [200]&gt;</msg>
<var>${response}</var>
<arg>consultarAPI</arg>
<arg>/api</arg>
<doc>Sends a GET request on a previously created HTTP Session.</doc>
<status status="PASS" start="2024-04-21T20:14:36.130227" elapsed="0.084639"/>
</kw>
<kw name="Set Variable" owner="BuiltIn">
<msg time="2024-04-21T20:14:36.215775" level="INFO">${json_data} = {'results': [{'gender': 'male', 'name': {'title': 'Mr', 'first': 'Ioque', 'last': 'Duarte'}, 'location': {'street': {'number': 1849, 'name': 'Rua Santos Dumont '}, 'city': 'Sete Lagoas', 'state': 'Ama...</msg>
<var>${json_data}</var>
<arg>${response.json()}</arg>
<doc>Returns the given values which can then be assigned to a variables.</doc>
<status status="PASS" start="2024-04-21T20:14:36.215276" elapsed="0.000528"/>
</kw>
<kw name="Log" owner="BuiltIn">
<msg time="2024-04-21T20:14:36.216269" level="INFO">{'results': [{'gender': 'male', 'name': {'title': 'Mr', 'first': 'Ioque', 'last': 'Duarte'}, 'location': {'street': {'number': 1849, 'name': 'Rua Santos Dumont '}, 'city': 'Sete Lagoas', 'state': 'Amazonas', 'country': 'Brazil', 'postcode': 63123, 'coordinates': {'latitude': '-79.3871', 'longitude': '-154.3918'}, 'timezone': {'offset': '+10:00', 'description': 'Eastern Australia, Guam, Vladivostok'}}, 'email': 'ioque.duarte@example.com', 'login': {'uuid': '86f2bd29-ea01-45d7-bb72-93ca27b7c2f8', 'username': 'heavydog662', 'password': 'punk', 'salt': '3Qafx2DE', 'md5': '3af1176d85668b26782530a16f18658d', 'sha1': '3c116813c886e4728d2b510b4d9cc2c9b86be263', 'sha256': '7b2883b4a9ace0307f117588040a92fb33c0ba1035e8a6420f6005b1b81af71e'}, 'dob': {'date': '1955-10-20T03:07:07.995Z', 'age': 68}, 'registered': {'date': '2017-12-18T06:18:16.236Z', 'age': 6}, 'phone': '(14) 7471-9577', 'cell': '(18) 0467-3940', 'id': {'name': 'CPF', 'value': '011.671.406-79'}, 'picture': {'large': 'https://randomuser.me/api/portraits/men/64.jpg', 'medium': 'https://randomuser.me/api/portraits/med/men/64.jpg', 'thumbnail': 'https://randomuser.me/api/portraits/thumb/men/64.jpg'}, 'nat': 'BR'}], 'info': {'seed': '9b687ead6d68d3ec', 'results': 1, 'page': 1, 'version': '1.4'}}</msg>
<arg>${json_data}</arg>
<doc>Logs the given message with the given level.</doc>
<status status="PASS" start="2024-04-21T20:14:36.216111" elapsed="0.000207"/>
</kw>
<kw name="Dictionary Should Contain Key" owner="Collections">
<msg time="2024-04-21T20:14:36.216815" level="INFO">False</msg>
<arg>${json_data}</arg>
<arg>results</arg>
<doc>Fails if ``key`` is not found from ``dictionary``.</doc>
<status status="PASS" start="2024-04-21T20:14:36.216626" elapsed="0.000234"/>
</kw>
<kw name="Should Not Be Empty" owner="BuiltIn">
<msg time="2024-04-21T20:14:36.217299" level="INFO">Length is 2.</msg>
<arg>${json_data}</arg>
<doc>Verifies that the given item is not empty.</doc>
<status status="PASS" start="2024-04-21T20:14:36.217158" elapsed="0.000180"/>
</kw>
<kw name="Create List" owner="BuiltIn">
<msg time="2024-04-21T20:14:36.217914" level="INFO">${expected_keys} = ['gender', 'name', 'location', 'email', 'login']</msg>
<var>${expected_keys}</var>
<arg>gender</arg>
<arg>name</arg>
<arg>location</arg>
<arg>email</arg>
<arg>login</arg>
<doc>Returns a list containing given items.</doc>
<status status="PASS" start="2024-04-21T20:14:36.217628" elapsed="0.000312"/>
</kw>
<for flavor="IN">
<iter>
<kw name="Dictionary Should Contain Key" owner="Collections">
<msg time="2024-04-21T20:14:36.218929" level="INFO">False</msg>
<arg>${json_data['results'][0]}</arg>
<arg>${key}</arg>
<doc>Fails if ``key`` is not found from ``dictionary``.</doc>
<status status="PASS" start="2024-04-21T20:14:36.218533" elapsed="0.000435"/>
</kw>
<kw name="Log" owner="BuiltIn">
<msg time="2024-04-21T20:14:36.219644" level="INFO">{'gender': 'male', 'name': {'title': 'Mr', 'first': 'Ioque', 'last': 'Duarte'}, 'location': {'street': {'number': 1849, 'name': 'Rua Santos Dumont '}, 'city': 'Sete Lagoas', 'state': 'Amazonas', 'country': 'Brazil', 'postcode': 63123, 'coordinates': {'latitude': '-79.3871', 'longitude': '-154.3918'}, 'timezone': {'offset': '+10:00', 'description': 'Eastern Australia, Guam, Vladivostok'}}, 'email': 'ioque.duarte@example.com', 'login': {'uuid': '86f2bd29-ea01-45d7-bb72-93ca27b7c2f8', 'username': 'heavydog662', 'password': 'punk', 'salt': '3Qafx2DE', 'md5': '3af1176d85668b26782530a16f18658d', 'sha1': '3c116813c886e4728d2b510b4d9cc2c9b86be263', 'sha256': '7b2883b4a9ace0307f117588040a92fb33c0ba1035e8a6420f6005b1b81af71e'}, 'dob': {'date': '1955-10-20T03:07:07.995Z', 'age': 68}, 'registered': {'date': '2017-12-18T06:18:16.236Z', 'age': 6}, 'phone': '(14) 7471-9577', 'cell': '(18) 0467-3940', 'id': {'name': 'CPF', 'value': '011.671.406-79'}, 'picture': {'large': 'https://randomuser.me/api/portraits/men/64.jpg', 'medium': 'https://randomuser.me/api/portraits/med/men/64.jpg', 'thumbnail': 'https://randomuser.me/api/portraits/thumb/men/64.jpg'}, 'nat': 'BR'}</msg>
<arg>${json_data['results'][0]}</arg>
<doc>Logs the given message with the given level.</doc>
<status status="PASS" start="2024-04-21T20:14:36.219270" elapsed="0.000422"/>
</kw>
<kw name="Log" owner="BuiltIn">
<msg time="2024-04-21T20:14:36.220114" level="INFO">gender</msg>
<arg>${key}</arg>
<doc>Logs the given message with the given level.</doc>
<status status="PASS" start="2024-04-21T20:14:36.219986" elapsed="0.000165"/>
</kw>
<var name="${key}">gender</var>
<status status="PASS" start="2024-04-21T20:14:36.218401" elapsed="0.001964"/>
</iter>
<iter>
<kw name="Dictionary Should Contain Key" owner="Collections">
<msg time="2024-04-21T20:14:36.221074" level="INFO">False</msg>
<arg>${json_data['results'][0]}</arg>
<arg>${key}</arg>
<doc>Fails if ``key`` is not found from ``dictionary``.</doc>
<status status="PASS" start="2024-04-21T20:14:36.220666" elapsed="0.000445"/>
</kw>
<kw name="Log" owner="BuiltIn">
<msg time="2024-04-21T20:14:36.221799" level="INFO">{'gender': 'male', 'name': {'title': 'Mr', 'first': 'Ioque', 'last': 'Duarte'}, 'location': {'street': {'number': 1849, 'name': 'Rua Santos Dumont '}, 'city': 'Sete Lagoas', 'state': 'Amazonas', 'country': 'Brazil', 'postcode': 63123, 'coordinates': {'latitude': '-79.3871', 'longitude': '-154.3918'}, 'timezone': {'offset': '+10:00', 'description': 'Eastern Australia, Guam, Vladivostok'}}, 'email': 'ioque.duarte@example.com', 'login': {'uuid': '86f2bd29-ea01-45d7-bb72-93ca27b7c2f8', 'username': 'heavydog662', 'password': 'punk', 'salt': '3Qafx2DE', 'md5': '3af1176d85668b26782530a16f18658d', 'sha1': '3c116813c886e4728d2b510b4d9cc2c9b86be263', 'sha256': '7b2883b4a9ace0307f117588040a92fb33c0ba1035e8a6420f6005b1b81af71e'}, 'dob': {'date': '1955-10-20T03:07:07.995Z', 'age': 68}, 'registered': {'date': '2017-12-18T06:18:16.236Z', 'age': 6}, 'phone': '(14) 7471-9577', 'cell': '(18) 0467-3940', 'id': {'name': 'CPF', 'value': '011.671.406-79'}, 'picture': {'large': 'https://randomuser.me/api/portraits/men/64.jpg', 'medium': 'https://randomuser.me/api/portraits/med/men/64.jpg', 'thumbnail': 'https://randomuser.me/api/portraits/thumb/men/64.jpg'}, 'nat': 'BR'}</msg>
<arg>${json_data['results'][0]}</arg>
<doc>Logs the given message with the given level.</doc>
<status status="PASS" start="2024-04-21T20:14:36.221431" elapsed="0.000414"/>
</kw>
<kw name="Log" owner="BuiltIn">
<msg time="2024-04-21T20:14:36.222263" level="INFO">name</msg>
<arg>${key}</arg>
<doc>Logs the given message with the given level.</doc>
<status status="PASS" start="2024-04-21T20:14:36.222138" elapsed="0.000162"/>
</kw>
<var name="${key}">name</var>
<status status="PASS" start="2024-04-21T20:14:36.220553" elapsed="0.001961"/>
</iter>
<iter>
<kw name="Dictionary Should Contain Key" owner="Collections">
<msg time="2024-04-21T20:14:36.223190" level="INFO">False</msg>
<arg>${json_data['results'][0]}</arg>
<arg>${key}</arg>
<doc>Fails if ``key`` is not found from ``dictionary``.</doc>
<status status="PASS" start="2024-04-21T20:14:36.222802" elapsed="0.000426"/>
</kw>
<kw name="Log" owner="BuiltIn">
<msg time="2024-04-21T20:14:36.223888" level="INFO">{'gender': 'male', 'name': {'title': 'Mr', 'first': 'Ioque', 'last': 'Duarte'}, 'location': {'street': {'number': 1849, 'name': 'Rua Santos Dumont '}, 'city': 'Sete Lagoas', 'state': 'Amazonas', 'country': 'Brazil', 'postcode': 63123, 'coordinates': {'latitude': '-79.3871', 'longitude': '-154.3918'}, 'timezone': {'offset': '+10:00', 'description': 'Eastern Australia, Guam, Vladivostok'}}, 'email': 'ioque.duarte@example.com', 'login': {'uuid': '86f2bd29-ea01-45d7-bb72-93ca27b7c2f8', 'username': 'heavydog662', 'password': 'punk', 'salt': '3Qafx2DE', 'md5': '3af1176d85668b26782530a16f18658d', 'sha1': '3c116813c886e4728d2b510b4d9cc2c9b86be263', 'sha256': '7b2883b4a9ace0307f117588040a92fb33c0ba1035e8a6420f6005b1b81af71e'}, 'dob': {'date': '1955-10-20T03:07:07.995Z', 'age': 68}, 'registered': {'date': '2017-12-18T06:18:16.236Z', 'age': 6}, 'phone': '(14) 7471-9577', 'cell': '(18) 0467-3940', 'id': {'name': 'CPF', 'value': '011.671.406-79'}, 'picture': {'large': 'https://randomuser.me/api/portraits/men/64.jpg', 'medium': 'https://randomuser.me/api/portraits/med/men/64.jpg', 'thumbnail': 'https://randomuser.me/api/portraits/thumb/men/64.jpg'}, 'nat': 'BR'}</msg>
<arg>${json_data['results'][0]}</arg>
<doc>Logs the given message with the given level.</doc>
<status status="PASS" start="2024-04-21T20:14:36.223527" elapsed="0.000417"/>
</kw>
<kw name="Log" owner="BuiltIn">
<msg time="2024-04-21T20:14:36.224358" level="INFO">location</msg>
<arg>${key}</arg>
<doc>Logs the given message with the given level.</doc>
<status status="PASS" start="2024-04-21T20:14:36.224233" elapsed="0.000163"/>
</kw>
<var name="${key}">location</var>
<status status="PASS" start="2024-04-21T20:14:36.222693" elapsed="0.001912"/>
</iter>
<iter>
<kw name="Dictionary Should Contain Key" owner="Collections">
<msg time="2024-04-21T20:14:36.225321" level="INFO">False</msg>
<arg>${json_data['results'][0]}</arg>
<arg>${key}</arg>
<doc>Fails if ``key`` is not found from ``dictionary``.</doc>
<status status="PASS" start="2024-04-21T20:14:36.224917" elapsed="0.000443"/>
</kw>
<kw name="Log" owner="BuiltIn">
<msg time="2024-04-21T20:14:36.226049" level="INFO">{'gender': 'male', 'name': {'title': 'Mr', 'first': 'Ioque', 'last': 'Duarte'}, 'location': {'street': {'number': 1849, 'name': 'Rua Santos Dumont '}, 'city': 'Sete Lagoas', 'state': 'Amazonas', 'country': 'Brazil', 'postcode': 63123, 'coordinates': {'latitude': '-79.3871', 'longitude': '-154.3918'}, 'timezone': {'offset': '+10:00', 'description': 'Eastern Australia, Guam, Vladivostok'}}, 'email': 'ioque.duarte@example.com', 'login': {'uuid': '86f2bd29-ea01-45d7-bb72-93ca27b7c2f8', 'username': 'heavydog662', 'password': 'punk', 'salt': '3Qafx2DE', 'md5': '3af1176d85668b26782530a16f18658d', 'sha1': '3c116813c886e4728d2b510b4d9cc2c9b86be263', 'sha256': '7b2883b4a9ace0307f117588040a92fb33c0ba1035e8a6420f6005b1b81af71e'}, 'dob': {'date': '1955-10-20T03:07:07.995Z', 'age': 68}, 'registered': {'date': '2017-12-18T06:18:16.236Z', 'age': 6}, 'phone': '(14) 7471-9577', 'cell': '(18) 0467-3940', 'id': {'name': 'CPF', 'value': '011.671.406-79'}, 'picture': {'large': 'https://randomuser.me/api/portraits/men/64.jpg', 'medium': 'https://randomuser.me/api/portraits/med/men/64.jpg', 'thumbnail': 'https://randomuser.me/api/portraits/thumb/men/64.jpg'}, 'nat': 'BR'}</msg>
<arg>${json_data['results'][0]}</arg>
<doc>Logs the given message with the given level.</doc>
<status status="PASS" start="2024-04-21T20:14:36.225663" elapsed="0.000435"/>
</kw>
<kw name="Log" owner="BuiltIn">
<msg time="2024-04-21T20:14:36.226530" level="INFO">email</msg>
<arg>${key}</arg>
<doc>Logs the given message with the given level.</doc>
<status status="PASS" start="2024-04-21T20:14:36.226393" elapsed="0.000175"/>
</kw>
<var name="${key}">email</var>
<status status="PASS" start="2024-04-21T20:14:36.224798" elapsed="0.001990"/>
</iter>
<iter>
<kw name="Dictionary Should Contain Key" owner="Collections">
<msg time="2024-04-21T20:14:36.227456" level="INFO">False</msg>
<arg>${json_data['results'][0]}</arg>
<arg>${key}</arg>
<doc>Fails if ``key`` is not found from ``dictionary``.</doc>
<status status="PASS" start="2024-04-21T20:14:36.227069" elapsed="0.000424"/>
</kw>
<kw name="Log" owner="BuiltIn">
<msg time="2024-04-21T20:14:36.228150" level="INFO">{'gender': 'male', 'name': {'title': 'Mr', 'first': 'Ioque', 'last': 'Duarte'}, 'location': {'street': {'number': 1849, 'name': 'Rua Santos Dumont '}, 'city': 'Sete Lagoas', 'state': 'Amazonas', 'country': 'Brazil', 'postcode': 63123, 'coordinates': {'latitude': '-79.3871', 'longitude': '-154.3918'}, 'timezone': {'offset': '+10:00', 'description': 'Eastern Australia, Guam, Vladivostok'}}, 'email': 'ioque.duarte@example.com', 'login': {'uuid': '86f2bd29-ea01-45d7-bb72-93ca27b7c2f8', 'username': 'heavydog662', 'password': 'punk', 'salt': '3Qafx2DE', 'md5': '3af1176d85668b26782530a16f18658d', 'sha1': '3c116813c886e4728d2b510b4d9cc2c9b86be263', 'sha256': '7b2883b4a9ace0307f117588040a92fb33c0ba1035e8a6420f6005b1b81af71e'}, 'dob': {'date': '1955-10-20T03:07:07.995Z', 'age': 68}, 'registered': {'date': '2017-12-18T06:18:16.236Z', 'age': 6}, 'phone': '(14) 7471-9577', 'cell': '(18) 0467-3940', 'id': {'name': 'CPF', 'value': '011.671.406-79'}, 'picture': {'large': 'https://randomuser.me/api/portraits/men/64.jpg', 'medium': 'https://randomuser.me/api/portraits/med/men/64.jpg', 'thumbnail': 'https://randomuser.me/api/portraits/thumb/men/64.jpg'}, 'nat': 'BR'}</msg>
<arg>${json_data['results'][0]}</arg>
<doc>Logs the given message with the given level.</doc>
<status status="PASS" start="2024-04-21T20:14:36.227782" elapsed="0.000417"/>
</kw>
<kw name="Log" owner="BuiltIn">
<msg time="2024-04-21T20:14:36.228614" level="INFO">login</msg>
<arg>${key}</arg>
<doc>Logs the given message with the given level.</doc>
<status status="PASS" start="2024-04-21T20:14:36.228487" elapsed="0.000166"/>
</kw>
<var name="${key}">login</var>
<status status="PASS" start="2024-04-21T20:14:36.226959" elapsed="0.001954"/>
</iter>
<var>${key}</var>
<value>@{expected_keys}</value>
<status status="PASS" start="2024-04-21T20:14:36.218211" elapsed="0.010825"/>
</for>
<kw name="Create List" owner="BuiltIn">
<msg time="2024-04-21T20:14:36.229359" level="INFO">${expected_keysTwo} = ['username', 'password']</msg>
<var>${expected_keysTwo}</var>
<arg>username</arg>
<arg>password</arg>
<doc>Returns a list containing given items.</doc>
<status status="PASS" start="2024-04-21T20:14:36.229223" elapsed="0.000160"/>
</kw>
<for flavor="IN">
<iter>
<kw name="Dictionary Should Contain Key" owner="Collections">
<msg time="2024-04-21T20:14:36.230265" level="INFO">False</msg>
<arg>${json_data['results'][0]['login']}</arg>
<arg>${keyTwo}</arg>
<doc>Fails if ``key`` is not found from ``dictionary``.</doc>
<status status="PASS" start="2024-04-21T20:14:36.229879" elapsed="0.000422"/>
</kw>
<kw name="Dictionary Should Contain Key" owner="Collections">
<msg time="2024-04-21T20:14:36.230984" level="INFO">False</msg>
<arg>${json_data['results'][0]['login']}</arg>
<arg>${keyTwo}</arg>
<doc>Fails if ``key`` is not found from ``dictionary``.</doc>
<status status="PASS" start="2024-04-21T20:14:36.230603" elapsed="0.000417"/>
</kw>
<kw name="Log" owner="BuiltIn">
<msg time="2024-04-21T20:14:36.231437" level="INFO">username</msg>
<arg>${keyTwo}</arg>
<doc>Logs the given message with the given level.</doc>
<status status="PASS" start="2024-04-21T20:14:36.231312" elapsed="0.000168"/>
</kw>
<var name="${keyTwo}">username</var>
<status status="PASS" start="2024-04-21T20:14:36.229770" elapsed="0.001931"/>
</iter>
<iter>
<kw name="Dictionary Should Contain Key" owner="Collections">
<msg time="2024-04-21T20:14:36.232364" level="INFO">False</msg>
<arg>${json_data['results'][0]['login']}</arg>
<arg>${keyTwo}</arg>
<doc>Fails if ``key`` is not found from ``dictionary``.</doc>
<status status="PASS" start="2024-04-21T20:14:36.231988" elapsed="0.000428"/>
</kw>
<kw name="Dictionary Should Contain Key" owner="Collections">
<msg time="2024-04-21T20:14:36.233217" level="INFO">False</msg>
<arg>${json_data['results'][0]['login']}</arg>
<arg>${keyTwo}</arg>
<doc>Fails if ``key`` is not found from ``dictionary``.</doc>
<status status="PASS" start="2024-04-21T20:14:36.232709" elapsed="0.000554"/>
</kw>
<kw name="Log" owner="BuiltIn">
<msg time="2024-04-21T20:14:36.233769" level="INFO">password</msg>
<arg>${keyTwo}</arg>
<doc>Logs the given message with the given level.</doc>
<status status="PASS" start="2024-04-21T20:14:36.233633" elapsed="0.000175"/>
</kw>
<var name="${keyTwo}">password</var>
<status status="PASS" start="2024-04-21T20:14:36.231874" elapsed="0.002153"/>
</iter>
<var>${keyTwo}</var>
<value>@{expected_keysTwo}</value>
<status status="PASS" start="2024-04-21T20:14:36.229620" elapsed="0.004530"/>
</for>
<status status="PASS" start="2024-04-21T20:14:36.129873" elapsed="0.104414"/>
</kw>
<doc>Testa a estrutura da resposta da API.</doc>
<tag>testeEstruturaResposta</tag>
<status status="PASS" start="2024-04-21T20:14:36.129120" elapsed="0.105315"/>
</test>
<test id="s1-s1-t4" name="Validar tipos de dados" line="28">
<kw name="Teste de Tipos de Dados" owner="random-user-service">
<kw name="GET On Session" owner="RequestsLibrary">
<msg time="2024-04-21T20:14:36.334469" level="INFO">GET Request : url=https://randomuser.me/api 
 path_url=/api 
 headers={'User-Agent': 'python-requests/2.31.0', 'Accept-Encoding': 'gzip, deflate', 'Accept': '*/*', 'Connection': 'keep-alive'} 
 body=None 
 </msg>
<msg time="2024-04-21T20:14:36.334557" level="INFO">GET Response : url=https://randomuser.me/api 
 status=200, reason=OK 
 headers={'Date': 'Sun, 21 Apr 2024 20:14:36 GMT', 'Content-Type': 'application/json; charset=utf-8', 'Transfer-Encoding': 'chunked', 'Connection': 'keep-alive', 'X-Powered-By': 'Express', 'Access-Control-Allow-Origin': '*', 'Cache-Control': 'no-cache', 'ETag': 'W/"483-Egt7hNUAGmOwlnzPqoks8rHtBLY"', 'Vary': 'Accept-Encoding', 'Content-Encoding': 'gzip', 'CF-Cache-Status': 'DYNAMIC', 'Report-To': '{"endpoints":[{"url":"https:\\/\\/a.nel.cloudflare.com\\/report\\/v4?s=7O7EUcGbNyiToON3ATG1fIQOOAg8XyGcY0cYh0FObPcJKOO8nAu%2Bv9nAgliVVGJV%2BsaQmRYfJqIdaqWKZD3GDmq0HY%2Btgl0LZfi5CF0cZ0eC%2FadjR5RR6tLgRWWRdv6P"}],"group":"cf-nel","max_age":604800}', 'NEL': '{"success_fraction":0,"report_to":"cf-nel","max_age":604800}', 'Server': 'cloudflare', 'CF-RAY': '87800a948959616f-ORD', 'alt-svc': 'h3=":443"; ma=86400'} 
 body={"results":[{"gender":"female","name":{"title":"Ms","first":"Abigail","last":"Zhang"},"location":{"street":{"number":4242,"name":"Broadway Avenue"},"city":"Greymouth","state":"Waikato","country":"New Zealand","postcode":38319,"coordinates":{"latitude":"49.5949","longitude":"57.8311"},"timezone":{"offset":"-11:00","description":"Midway Island, Samoa"}},"email":"abigail.zhang@example.com","login":{"uuid":"0ff1613d-58b0-439b-94f5-1f786a7861d2","username":"goldencat985","password":"vintage","salt":"FTboKS2p","md5":"e5b8ad9318fd2db345daa996d1f9c5f8","sha1":"3560d9a3832b1a1efa2d05fb9b0b8159f65bb94a","sha256":"b3e02675e5953dc8612f6119d32d4470168e929cbe7c1232a46feb8f1bbd00c1"},"dob":{"date":"1970-11-26T17:41:44.699Z","age":53},"registered":{"date":"2012-07-27T14:15:42.702Z","age":11},"phone":"(645)-318-1647","cell":"(104)-335-0428","id":{"name":"","value":null},"picture":{"large":"https://randomuser.me/api/portraits/women/40.jpg","medium":"https://randomuser.me/api/portraits/med/women/40.jpg","thumbnail":"https://randomuser.me/api/portraits/thumb/women/40.jpg"},"nat":"NZ"}],"info":{"seed":"47ccbdad33df2897","results":1,"page":1,"version":"1.4"}} 
 </msg>
<msg time="2024-04-21T20:14:36.334658" level="INFO">/opt/hostedtoolcache/Python/3.12.3/x64/lib/python3.12/site-packages/urllib3/connectionpool.py:1103: InsecureRequestWarning: Unverified HTTPS request is being made to host 'randomuser.me'. Adding certificate verification is strongly advised. See: https://urllib3.readthedocs.io/en/latest/advanced-usage.html#tls-warnings
  warnings.warn(</msg>
<msg time="2024-04-21T20:14:36.334776" level="INFO">${response} = &lt;Response [200]&gt;</msg>
<var>${response}</var>
<arg>consultarAPI</arg>
<arg>/api</arg>
<doc>Sends a GET request on a previously created HTTP Session.</doc>
<status status="PASS" start="2024-04-21T20:14:36.236885" elapsed="0.097938"/>
</kw>
<kw name="Set Variable" owner="BuiltIn">
<msg time="2024-04-21T20:14:36.335687" level="INFO">${json_data} = {'results': [{'gender': 'female', 'name': {'title': 'Ms', 'first': 'Abigail', 'last': 'Zhang'}, 'location': {'street': {'number': 4242, 'name': 'Broadway Avenue'}, 'city': 'Greymouth', 'state': 'Waika...</msg>
<var>${json_data}</var>
<arg>${response.json()}</arg>
<doc>Returns the given values which can then be assigned to a variables.</doc>
<status status="PASS" start="2024-04-21T20:14:36.335219" elapsed="0.000497"/>
</kw>
<kw name="Log" owner="BuiltIn">
<msg time="2024-04-21T20:14:36.336180" level="INFO">{'results': [{'gender': 'female', 'name': {'title': 'Ms', 'first': 'Abigail', 'last': 'Zhang'}, 'location': {'street': {'number': 4242, 'name': 'Broadway Avenue'}, 'city': 'Greymouth', 'state': 'Waikato', 'country': 'New Zealand', 'postcode': 38319, 'coordinates': {'latitude': '49.5949', 'longitude': '57.8311'}, 'timezone': {'offset': '-11:00', 'description': 'Midway Island, Samoa'}}, 'email': 'abigail.zhang@example.com', 'login': {'uuid': '0ff1613d-58b0-439b-94f5-1f786a7861d2', 'username': 'goldencat985', 'password': 'vintage', 'salt': 'FTboKS2p', 'md5': 'e5b8ad9318fd2db345daa996d1f9c5f8', 'sha1': '3560d9a3832b1a1efa2d05fb9b0b8159f65bb94a', 'sha256': 'b3e02675e5953dc8612f6119d32d4470168e929cbe7c1232a46feb8f1bbd00c1'}, 'dob': {'date': '1970-11-26T17:41:44.699Z', 'age': 53}, 'registered': {'date': '2012-07-27T14:15:42.702Z', 'age': 11}, 'phone': '(645)-318-1647', 'cell': '(104)-335-0428', 'id': {'name': '', 'value': None}, 'picture': {'large': 'https://randomuser.me/api/portraits/women/40.jpg', 'medium': 'https://randomuser.me/api/portraits/med/women/40.jpg', 'thumbnail': 'https://randomuser.me/api/portraits/thumb/women/40.jpg'}, 'nat': 'NZ'}], 'info': {'seed': '47ccbdad33df2897', 'results': 1, 'page': 1, 'version': '1.4'}}</msg>
<arg>${json_data}</arg>
<doc>Logs the given message with the given level.</doc>
<status status="PASS" start="2024-04-21T20:14:36.336024" elapsed="0.000235"/>
</kw>
<kw name="Should Be String" owner="String">
<arg>${json_data['results'][0]['gender']}</arg>
<doc>Fails if the given ``item`` is not a string.</doc>
<status status="PASS" start="2024-04-21T20:14:36.336573" elapsed="0.000400"/>
</kw>
<kw name="Should Match Regexp" owner="BuiltIn">
<arg>${json_data['results'][0]['email']}</arg>
<arg>^[a-zA-Z0-9._%+-]+@[a-zA-Z0-9.-]+\.[a-zA-Z]{2,}$</arg>
<doc>Fails if ``string`` does not match ``pattern`` as a regular expression.</doc>
<status status="PASS" start="2024-04-21T20:14:36.337168" elapsed="0.000520"/>
</kw>
<kw name="Should Match Regexp" owner="BuiltIn">
<arg>${json_data['results'][0]['dob']['date']}</arg>
<arg>\\d{4}-\\d{2}-\\d{2}T\\d{2}:\\d{2}:\\d{2}\\.\\d{3}Z</arg>
<doc>Fails if ``string`` does not match ``pattern`` as a regular expression.</doc>
<status status="PASS" start="2024-04-21T20:14:36.337883" elapsed="0.000485"/>
</kw>
<kw name="Should Match Regexp" owner="BuiltIn">
<arg>${json_data['results'][0]['registered']['date']}</arg>
<arg>\\d{4}-\\d{2}-\\d{2}T\\d{2}:\\d{2}:\\d{2}\\.\\d{3}Z</arg>
<doc>Fails if ``string`` does not match ``pattern`` as a regular expression.</doc>
<status status="PASS" start="2024-04-21T20:14:36.338557" elapsed="0.000365"/>
</kw>
<kw name="Should Match Regexp" owner="BuiltIn">
<arg>${json_data['results'][0]['picture']['large']}</arg>
<arg>^https?://.*\.(?:png|jpe?g|gif|bmp)$</arg>
<doc>Fails if ``string`` does not match ``pattern`` as a regular expression.</doc>
<status status="PASS" start="2024-04-21T20:14:36.339108" elapsed="0.000458"/>
</kw>
<kw name="Should Match Regexp" owner="BuiltIn">
<arg>${json_data['results'][0]['picture']['medium']}</arg>
<arg>^https?://.*\.(?:png|jpe?g|gif|bmp)$</arg>
<doc>Fails if ``string`` does not match ``pattern`` as a regular expression.</doc>
<status status="PASS" start="2024-04-21T20:14:36.339760" elapsed="0.000370"/>
</kw>
<kw name="Should Match Regexp" owner="BuiltIn">
<arg>${json_data['results'][0]['picture']['thumbnail']}</arg>
<arg>^https?://.*\.(?:png|jpe?g|gif|bmp)$</arg>
<doc>Fails if ``string`` does not match ``pattern`` as a regular expression.</doc>
<status status="PASS" start="2024-04-21T20:14:36.340318" elapsed="0.000348"/>
</kw>
<kw name="Log" owner="BuiltIn">
<msg time="2024-04-21T20:14:36.341201" level="INFO">{'large': 'https://randomuser.me/api/portraits/women/40.jpg', 'medium': 'https://randomuser.me/api/portraits/med/women/40.jpg', 'thumbnail': 'https://randomuser.me/api/portraits/thumb/women/40.jpg'}</msg>
<arg>${json_data['results'][0]['picture']}</arg>
<doc>Logs the given message with the given level.</doc>
<status status="PASS" start="2024-04-21T20:14:36.340875" elapsed="0.000368"/>
</kw>
<status status="PASS" start="2024-04-21T20:14:36.236626" elapsed="0.104868"/>
</kw>
<kw name="Teste de Tipos de Dados - Postcode" owner="random-user-service">
<kw name="GET On Session" owner="RequestsLibrary">
<msg time="2024-04-21T20:14:36.418770" level="INFO">GET Request : url=https://randomuser.me/api 
 path_url=/api 
 headers={'User-Agent': 'python-requests/2.31.0', 'Accept-Encoding': 'gzip, deflate', 'Accept': '*/*', 'Connection': 'keep-alive'} 
 body=None 
 </msg>
<msg time="2024-04-21T20:14:36.418855" level="INFO">GET Response : url=https://randomuser.me/api 
 status=200, reason=OK 
 headers={'Date': 'Sun, 21 Apr 2024 20:14:36 GMT', 'Content-Type': 'application/json; charset=utf-8', 'Transfer-Encoding': 'chunked', 'Connection': 'keep-alive', 'X-Powered-By': 'Express', 'Access-Control-Allow-Origin': '*', 'Cache-Control': 'no-cache', 'ETag': 'W/"46a-2wT9LS7Dhc+n8t10LX2T0K9YMqI"', 'Vary': 'Accept-Encoding', 'Content-Encoding': 'gzip', 'CF-Cache-Status': 'DYNAMIC', 'Report-To': '{"endpoints":[{"url":"https:\\/\\/a.nel.cloudflare.com\\/report\\/v4?s=kLCKYju0VypyhTk0nVIOUPNi23clW2IBYdisS6VBr6oLAhPQoOlIqYjSuOth5QUFxENzPtB99KZxCOhZUDN3XrnnJP3i6Kk2Wnr8BA5u%2FB3Bh1IctbT66i2RGXgGOpoy"}],"group":"cf-nel","max_age":604800}', 'NEL': '{"success_fraction":0,"report_to":"cf-nel","max_age":604800}', 'Server': 'cloudflare', 'CF-RAY': '87800a952a1f616f-ORD', 'alt-svc': 'h3=":443"; ma=86400'} 
 body={"results":[{"gender":"male","name":{"title":"Mr","first":"Hussein","last":"Strand"},"location":{"street":{"number":8659,"name":"Elmholt allé"},"city":"Davanger","state":"Hordaland","country":"Norway","postcode":"5293","coordinates":{"latitude":"44.0376","longitude":"-7.8723"},"timezone":{"offset":"+5:45","description":"Kathmandu"}},"email":"hussein.strand@example.com","login":{"uuid":"5dcd2155-35cb-4870-8b65-0d5f8292b0bd","username":"happyfrog134","password":"pigpen","salt":"nxUQHEbc","md5":"e142b086dfbb9eb38737cf5647c600bb","sha1":"7d63ae6b6a83f7f324bfebf9e0e9f75f4dd0570e","sha256":"c231ce794a64ca06f1d44aeff49616b96256bbb223672cd85fd820d1463c2cdb"},"dob":{"date":"1991-08-10T20:07:20.937Z","age":32},"registered":{"date":"2009-01-26T13:08:15.658Z","age":15},"phone":"61517068","cell":"92905884","id":{"name":"FN","value":"10089104764"},"picture":{"large":"https://randomuser.me/api/portraits/men/95.jpg","medium":"https://randomuser.me/api/portraits/med/men/95.jpg","thumbnail":"https://randomuser.me/api/portraits/thumb/men/95.jpg"},"nat":"NO"}],"info":{"seed":"1e926ab0a63ad29c","results":1,"page":1,"version":"1.4"}} 
 </msg>
<msg time="2024-04-21T20:14:36.418933" level="INFO">/opt/hostedtoolcache/Python/3.12.3/x64/lib/python3.12/site-packages/urllib3/connectionpool.py:1103: InsecureRequestWarning: Unverified HTTPS request is being made to host 'randomuser.me'. Adding certificate verification is strongly advised. See: https://urllib3.readthedocs.io/en/latest/advanced-usage.html#tls-warnings
  warnings.warn(</msg>
<msg time="2024-04-21T20:14:36.419046" level="INFO">${response} = &lt;Response [200]&gt;</msg>
<var>${response}</var>
<arg>consultarAPI</arg>
<arg>/api</arg>
<doc>Sends a GET request on a previously created HTTP Session.</doc>
<status status="PASS" start="2024-04-21T20:14:36.341941" elapsed="0.077140"/>
</kw>
<kw name="Set Variable" owner="BuiltIn">
<msg time="2024-04-21T20:14:36.419920" level="INFO">${json_data} = {'results': [{'gender': 'male', 'name': {'title': 'Mr', 'first': 'Hussein', 'last': 'Strand'}, 'location': {'street': {'number': 8659, 'name': 'Elmholt allé'}, 'city': 'Davanger', 'state': 'Hordaland'...</msg>
<var>${json_data}</var>
<arg>${response.json()}</arg>
<doc>Returns the given values which can then be assigned to a variables.</doc>
<status status="PASS" start="2024-04-21T20:14:36.419459" elapsed="0.000490"/>
</kw>
<kw name="Log" owner="BuiltIn">
<msg time="2024-04-21T20:14:36.420410" level="INFO">{'results': [{'gender': 'male', 'name': {'title': 'Mr', 'first': 'Hussein', 'last': 'Strand'}, 'location': {'street': {'number': 8659, 'name': 'Elmholt allé'}, 'city': 'Davanger', 'state': 'Hordaland', 'country': 'Norway', 'postcode': '5293', 'coordinates': {'latitude': '44.0376', 'longitude': '-7.8723'}, 'timezone': {'offset': '+5:45', 'description': 'Kathmandu'}}, 'email': 'hussein.strand@example.com', 'login': {'uuid': '5dcd2155-35cb-4870-8b65-0d5f8292b0bd', 'username': 'happyfrog134', 'password': 'pigpen', 'salt': 'nxUQHEbc', 'md5': 'e142b086dfbb9eb38737cf5647c600bb', 'sha1': '7d63ae6b6a83f7f324bfebf9e0e9f75f4dd0570e', 'sha256': 'c231ce794a64ca06f1d44aeff49616b96256bbb223672cd85fd820d1463c2cdb'}, 'dob': {'date': '1991-08-10T20:07:20.937Z', 'age': 32}, 'registered': {'date': '2009-01-26T13:08:15.658Z', 'age': 15}, 'phone': '61517068', 'cell': '92905884', 'id': {'name': 'FN', 'value': '10089104764'}, 'picture': {'large': 'https://randomuser.me/api/portraits/men/95.jpg', 'medium': 'https://randomuser.me/api/portraits/med/men/95.jpg', 'thumbnail': 'https://randomuser.me/api/portraits/thumb/men/95.jpg'}, 'nat': 'NO'}], 'info': {'seed': '1e926ab0a63ad29c', 'results': 1, 'page': 1, 'version': '1.4'}}</msg>
<arg>${json_data}</arg>
<doc>Logs the given message with the given level.</doc>
<status status="PASS" start="2024-04-21T20:14:36.420257" elapsed="0.000231"/>
</kw>
<kw name="Should Be Equal As Numbers" owner="BuiltIn">
<arg>${json_data['results'][0]['location']['postcode']}</arg>
<arg>${json_data['results'][0]['location']['postcode']}</arg>
<doc>Fails if objects are unequal after converting them to real numbers.</doc>
<status status="PASS" start="2024-04-21T20:14:36.420821" elapsed="0.000768"/>
</kw>
<kw name="Log" owner="BuiltIn">
<msg time="2024-04-21T20:14:36.422119" level="INFO">5293</msg>
<arg>${json_data['results'][0]['location']['postcode']}</arg>
<doc>Logs the given message with the given level.</doc>
<status status="PASS" start="2024-04-21T20:14:36.421781" elapsed="0.000378"/>
</kw>
<status status="PASS" start="2024-04-21T20:14:36.341712" elapsed="0.080697"/>
</kw>
<doc>Testa se os tipos de dados na resposta da API estão corretos.</doc>
<tag>testeTiposDados</tag>
<status status="PASS" start="2024-04-21T20:14:36.236187" elapsed="0.186381"/>
</test>
<test id="s1-s1-t5" name="Validar conteudo" line="35">
<kw name="Teste de Tipos de Conteudo" owner="random-user-service">
<kw name="GET On Session" owner="RequestsLibrary">
<msg time="2024-04-21T20:14:36.517226" level="INFO">GET Request : url=https://randomuser.me/api 
 path_url=/api 
 headers={'User-Agent': 'python-requests/2.31.0', 'Accept-Encoding': 'gzip, deflate', 'Accept': '*/*', 'Connection': 'keep-alive'} 
 body=None 
 </msg>
<msg time="2024-04-21T20:14:36.517293" level="INFO">GET Response : url=https://randomuser.me/api 
 status=200, reason=OK 
 headers={'Date': 'Sun, 21 Apr 2024 20:14:36 GMT', 'Content-Type': 'application/json; charset=utf-8', 'Transfer-Encoding': 'chunked', 'Connection': 'keep-alive', 'X-Powered-By': 'Express', 'Access-Control-Allow-Origin': '*', 'Cache-Control': 'no-cache', 'ETag': 'W/"49c-hUOFC0GGyB0Il4mnpOqn7Q/OfPc"', 'Vary': 'Accept-Encoding', 'Content-Encoding': 'gzip', 'CF-Cache-Status': 'DYNAMIC', 'Report-To': '{"endpoints":[{"url":"https:\\/\\/a.nel.cloudflare.com\\/report\\/v4?s=dPzZywvBm6F0M5LOuRJnoiij8cGz%2BlEZAhd1dcu7Rc60tH7AGtbM7DDyJ2f5lUTuLUBETNf9hBnsHjatygC%2FBtmH1bl%2BsldKtYGTEc1PlZ6PvBh1JmnRXZWMZkSLx5qm"}],"group":"cf-nel","max_age":604800}', 'NEL': '{"success_fraction":0,"report_to":"cf-nel","max_age":604800}', 'Server': 'cloudflare', 'CF-RAY': '87800a95babd616f-ORD', 'alt-svc': 'h3=":443"; ma=86400'} 
 body={"results":[{"gender":"male","name":{"title":"Mr","first":"Jeffery","last":"Fisher"},"location":{"street":{"number":1626,"name":"Broadway"},"city":"York","state":"Derbyshire","country":"United Kingdom","postcode":"BP9 4ZL","coordinates":{"latitude":"-9.3298","longitude":"-82.0692"},"timezone":{"offset":"-5:00","description":"Eastern Time (US &amp; Canada), Bogota, Lima"}},"email":"jeffery.fisher@example.com","login":{"uuid":"74320f4e-2a97-43aa-9178-e1b381e37d7c","username":"heavyleopard897","password":"barney1","salt":"jPKBmNOh","md5":"ac7c57eb188536592636e9fbb0bbbc28","sha1":"114b1ff9271bf070d590e304ad81b6e0a15d4989","sha256":"0644c08218829ce8d12af0f12078849d25b01013ee2a475e01239636b318a979"},"dob":{"date":"1949-01-01T18:01:48.805Z","age":75},"registered":{"date":"2016-09-03T18:56:00.116Z","age":7},"phone":"016974 96050","cell":"07789 591400","id":{"name":"NINO","value":"EE 91 91 02 T"},"picture":{"large":"https://randomuser.me/api/portraits/men/24.jpg","medium":"https://randomuser.me/api/portraits/med/men/24.jpg","thumbnail":"https://randomuser.me/api/portraits/thumb/men/24.jpg"},"nat":"GB"}],"info":{"seed":"b3fda47f44052f91","results":1,"page":1,"version":"1.4"}} 
 </msg>
<msg time="2024-04-21T20:14:36.517354" level="INFO">/opt/hostedtoolcache/Python/3.12.3/x64/lib/python3.12/site-packages/urllib3/connectionpool.py:1103: InsecureRequestWarning: Unverified HTTPS request is being made to host 'randomuser.me'. Adding certificate verification is strongly advised. See: https://urllib3.readthedocs.io/en/latest/advanced-usage.html#tls-warnings
  warnings.warn(</msg>
<msg time="2024-04-21T20:14:36.517441" level="INFO">${response} = &lt;Response [200]&gt;</msg>
<var>${response}</var>
<arg>consultarAPI</arg>
<arg>/api</arg>
<doc>Sends a GET request on a previously created HTTP Session.</doc>
<status status="PASS" start="2024-04-21T20:14:36.425009" elapsed="0.092458"/>
</kw>
<kw name="Set Variable" owner="BuiltIn">
<msg time="2024-04-21T20:14:36.518321" level="INFO">${json_data} = {'results': [{'gender': 'male', 'name': {'title': 'Mr', 'first': 'Jeffery', 'last': 'Fisher'}, 'location': {'street': {'number': 1626, 'name': 'Broadway'}, 'city': 'York', 'state': 'Derbyshire', 'coun...</msg>
<var>${json_data}</var>
<arg>${response.json()}</arg>
<doc>Returns the given values which can then be assigned to a variables.</doc>
<status status="PASS" start="2024-04-21T20:14:36.517869" elapsed="0.000479"/>
</kw>
<kw name="Set Variable" owner="BuiltIn">
<msg time="2024-04-21T20:14:36.519025" level="INFO">${name_title} = Mr</msg>
<var>${name_title}</var>
<arg>${json_data["results"][0]["name"]["title"]}</arg>
<doc>Returns the given values which can then be assigned to a variables.</doc>
<status status="PASS" start="2024-04-21T20:14:36.518647" elapsed="0.000402"/>
</kw>
<kw name="Create List" owner="BuiltIn">
<msg time="2024-04-21T20:14:36.519488" level="INFO">${allowed_titles} = ['Mr', 'Ms', 'Miss', 'Mrs', 'Madame', 'Monsieur']</msg>
<var>${allowed_titles}</var>
<arg>Mr</arg>
<arg>Ms</arg>
<arg>Miss</arg>
<arg>Mrs</arg>
<arg>Madame</arg>
<arg>Monsieur</arg>
<doc>Returns a list containing given items.</doc>
<status status="PASS" start="2024-04-21T20:14:36.519342" elapsed="0.000170"/>
</kw>
<kw name="List Should Contain Value" owner="Collections">
<msg time="2024-04-21T20:14:36.519977" level="INFO">False</msg>
<arg>${allowed_titles}</arg>
<arg>${name_title}</arg>
<doc>Fails if the ``value`` is not found from ``list``.</doc>
<status status="PASS" start="2024-04-21T20:14:36.519807" elapsed="0.000205"/>
</kw>
<kw name="Set Variable" owner="BuiltIn">
<msg time="2024-04-21T20:14:36.520669" level="INFO">${name_country} = GB</msg>
<var>${name_country}</var>
<arg>${json_data["results"][0]["nat"]}</arg>
<doc>Returns the given values which can then be assigned to a variables.</doc>
<status status="PASS" start="2024-04-21T20:14:36.520292" elapsed="0.000401"/>
</kw>
<kw name="Create List" owner="BuiltIn">
<msg time="2024-04-21T20:14:36.521618" level="INFO">${list_country} = ['AD', 'AE', 'AF', 'AG', 'AI', 'AL', 'AM', 'AO', 'AQ', 'AR', 'AS', 'AT', 'AU', 'AW', 'AX', 'AZ', 'BA', 'BB', 'BD', 'BE', 'BF', 'BG', 'BH', 'BI', 'BJ', 'BL', 'BM', 'BN', 'BO', 'BQ', 'BR', 'BS', 'BT', '...</msg>
<var>${list_country}</var>
<arg>AD</arg>
<arg>AE</arg>
<arg>AF</arg>
<arg>AG</arg>
<arg>AI</arg>
<arg>AL</arg>
<arg>AM</arg>
<arg>AO</arg>
<arg>AQ</arg>
<arg>AR</arg>
<arg>AS</arg>
<arg>AT</arg>
<arg>AU</arg>
<arg>AW</arg>
<arg>AX</arg>
<arg>AZ</arg>
<arg>BA</arg>
<arg>BB</arg>
<arg>BD</arg>
<arg>BE</arg>
<arg>BF</arg>
<arg>BG</arg>
<arg>BH</arg>
<arg>BI</arg>
<arg>BJ</arg>
<arg>BL</arg>
<arg>BM</arg>
<arg>BN</arg>
<arg>BO</arg>
<arg>BQ</arg>
<arg>BR</arg>
<arg>BS</arg>
<arg>BT</arg>
<arg>BV</arg>
<arg>BW</arg>
<arg>BY</arg>
<arg>BZ</arg>
<arg>CA</arg>
<arg>CC</arg>
<arg>CD</arg>
<arg>CF</arg>
<arg>CG</arg>
<arg>CH</arg>
<arg>CI</arg>
<arg>CK</arg>
<arg>CL</arg>
<arg>CM</arg>
<arg>CN</arg>
<arg>CO</arg>
<arg>CR</arg>
<arg>CU</arg>
<arg>CV</arg>
<arg>CW</arg>
<arg>CX</arg>
<arg>CY</arg>
<arg>CZ</arg>
<arg>DE</arg>
<arg>DJ</arg>
<arg>DK</arg>
<arg>DM</arg>
<arg>DO</arg>
<arg>DZ</arg>
<arg>EC</arg>
<arg>EE</arg>
<arg>EG</arg>
<arg>EH</arg>
<arg>ER</arg>
<arg>ES</arg>
<arg>ET</arg>
<arg>FI</arg>
<arg>FJ</arg>
<arg>FK</arg>
<arg>FM</arg>
<arg>FO</arg>
<arg>FR</arg>
<arg>GA</arg>
<arg>GB</arg>
<arg>GD</arg>
<arg>GE</arg>
<arg>GF</arg>
<arg>GG</arg>
<arg>GH</arg>
<arg>GI</arg>
<arg>GL</arg>
<arg>GM</arg>
<arg>GN</arg>
<arg>GP</arg>
<arg>GQ</arg>
<arg>GR</arg>
<arg>GS</arg>
<arg>GT</arg>
<arg>GU</arg>
<arg>GW</arg>
<arg>GY</arg>
<arg>HK</arg>
<arg>HM</arg>
<arg>HN</arg>
<arg>HR</arg>
<arg>HT</arg>
<arg>HU</arg>
<arg>ID</arg>
<arg>IE</arg>
<arg>IL</arg>
<arg>IM</arg>
<arg>IN</arg>
<arg>IO</arg>
<arg>IQ</arg>
<arg>IR</arg>
<arg>IS</arg>
<arg>IT</arg>
<arg>JE</arg>
<arg>JM</arg>
<arg>JO</arg>
<arg>JP</arg>
<arg>KE</arg>
<arg>KG</arg>
<arg>KH</arg>
<arg>KI</arg>
<arg>KM</arg>
<arg>KN</arg>
<arg>KP</arg>
<arg>KR</arg>
<arg>KW</arg>
<arg>KY</arg>
<arg>KZ</arg>
<arg>LA</arg>
<arg>LB</arg>
<arg>LC</arg>
<arg>LI</arg>
<arg>LK</arg>
<arg>LR</arg>
<arg>LS</arg>
<arg>LT</arg>
<arg>LU</arg>
<arg>LV</arg>
<arg>LY</arg>
<arg>MA</arg>
<arg>MC</arg>
<arg>MD</arg>
<arg>ME</arg>
<arg>MF</arg>
<arg>MG</arg>
<arg>MH</arg>
<arg>MK</arg>
<arg>ML</arg>
<arg>MM</arg>
<arg>MN</arg>
<arg>MO</arg>
<arg>MP</arg>
<arg>MQ</arg>
<arg>MR</arg>
<arg>MS</arg>
<arg>MT</arg>
<arg>MU</arg>
<arg>MV</arg>
<arg>MW</arg>
<arg>MX</arg>
<arg>MY</arg>
<arg>MZ</arg>
<arg>NA</arg>
<arg>NC</arg>
<arg>NE</arg>
<arg>NF</arg>
<arg>NG</arg>
<arg>NI</arg>
<arg>NL</arg>
<arg>NO</arg>
<arg>NP</arg>
<arg>NR</arg>
<arg>NU</arg>
<arg>NZ</arg>
<arg>OM</arg>
<arg>PA</arg>
<arg>PE</arg>
<arg>PF</arg>
<arg>PG</arg>
<arg>PH</arg>
<arg>PK</arg>
<arg>PL</arg>
<arg>PM</arg>
<arg>PN</arg>
<arg>PR</arg>
<arg>PS</arg>
<arg>PT</arg>
<arg>PW</arg>
<arg>PY</arg>
<arg>QA</arg>
<arg>RE</arg>
<arg>RO</arg>
<arg>RS</arg>
<arg>RU</arg>
<arg>RW</arg>
<arg>SA</arg>
<arg>SB</arg>
<arg>SC</arg>
<arg>SD</arg>
<arg>SE</arg>
<arg>SG</arg>
<arg>SH</arg>
<arg>SI</arg>
<arg>SJ</arg>
<arg>SK</arg>
<arg>SL</arg>
<arg>SM</arg>
<arg>SN</arg>
<arg>SO</arg>
<arg>SR</arg>
<arg>SS</arg>
<arg>ST</arg>
<arg>SV</arg>
<arg>SX</arg>
<arg>SY</arg>
<arg>SZ</arg>
<arg>TC</arg>
<arg>TD</arg>
<arg>TF</arg>
<arg>TG</arg>
<arg>TH</arg>
<arg>TJ</arg>
<arg>TK</arg>
<arg>TL</arg>
<arg>TM</arg>
<arg>TN</arg>
<arg>TO</arg>
<arg>TR</arg>
<arg>TT</arg>
<arg>TV</arg>
<arg>TW</arg>
<arg>TZ</arg>
<arg>UA</arg>
<arg>UG</arg>
<arg>UM</arg>
<arg>US</arg>
<arg>UY</arg>
<arg>UZ</arg>
<arg>VA</arg>
<arg>VC</arg>
<arg>VE</arg>
<arg>VG</arg>
<arg>VI</arg>
<arg>VN</arg>
<arg>VU</arg>
<arg>WF</arg>
<arg>WS</arg>
<arg>XK</arg>
<arg>YE</arg>
<arg>YT</arg>
<arg>ZA</arg>
<arg>ZM</arg>
<arg>ZW</arg>
<doc>Returns a list containing given items.</doc>
<status status="PASS" start="2024-04-21T20:14:36.521033" elapsed="0.000610"/>
</kw>
<kw name="List Should Contain Value" owner="Collections">
<msg time="2024-04-21T20:14:36.522627" level="INFO">False</msg>
<arg>${list_country}</arg>
<arg>${name_country}</arg>
<doc>Fails if the ``value`` is not found from ``list``.</doc>
<status status="PASS" start="2024-04-21T20:14:36.522432" elapsed="0.000236"/>
</kw>
<kw name="Run Keyword If" owner="BuiltIn">
<kw name="Should Be True" owner="BuiltIn">
<arg>${True}</arg>
<doc>Fails if the given condition is not true.</doc>
<status status="PASS" start="2024-04-21T20:14:36.523727" elapsed="0.000142"/>
</kw>
<arg>${json_data["results"][0]["location"]["coordinates"]["latitude"]} &gt;= -90 and ${json_data["results"][0]["location"]["coordinates"]["latitude"]} &lt;= 90</arg>
<arg>Should Be True</arg>
<arg>${True}</arg>
<doc>Runs the given keyword with the given arguments, if ``condition`` is true.</doc>
<status status="PASS" start="2024-04-21T20:14:36.522978" elapsed="0.001015"/>
</kw>
<kw name="Run Keyword If" owner="BuiltIn">
<kw name="Should Be True" owner="BuiltIn">
<arg>${True}</arg>
<doc>Fails if the given condition is not true.</doc>
<status status="PASS" start="2024-04-21T20:14:36.524899" elapsed="0.000247"/>
</kw>
<arg>${json_data["results"][0]["location"]["coordinates"]["longitude"]} &gt;= -180 and ${json_data["results"][0]["location"]["coordinates"]["longitude"]} &lt;= 180</arg>
<arg>Should Be True</arg>
<arg>${True}</arg>
<doc>Runs the given keyword with the given arguments, if ``condition`` is true.</doc>
<status status="PASS" start="2024-04-21T20:14:36.524176" elapsed="0.001097"/>
</kw>
<status status="PASS" start="2024-04-21T20:14:36.424786" elapsed="0.100614"/>
</kw>
<doc>Testa o conteúdo específico dos campos retornados pela API.</doc>
<tag>testeConteudo</tag>
<status status="PASS" start="2024-04-21T20:14:36.424331" elapsed="0.101211"/>
</test>
<status status="PASS" start="2024-04-21T20:14:35.591253" elapsed="0.936263"/>
</suite>
<status status="PASS" start="2024-04-21T20:14:35.577887" elapsed="0.954762"/>
</suite>
<statistics>
<total>
<stat pass="5" fail="0" skip="0">All Tests</stat>
</total>
<tag>
<stat pass="1" fail="0" skip="0">testeConteudo</stat>
<stat pass="1" fail="0" skip="0">testeEstruturaResposta</stat>
<stat pass="1" fail="0" skip="0">testeRequisicaoBasica</stat>
<stat pass="1" fail="0" skip="0">testeTiposDados</stat>
</tag>
<suite>
<stat pass="5" fail="0" skip="0" id="s1" name="Tests">Tests</stat>
<stat pass="5" fail="0" skip="0" id="s1-s1" name="Random-User-Test">Tests.Random-User-Test</stat>
</suite>
</statistics>
<errors>
</errors>
</robot>
