<?xml version="1.0" encoding="UTF-8"?>
<robot generator="Robot 7.0.1 (Python 3.12.4 on linux)" generated="2024-08-04T11:13:22.850703" rpa="false" schemaversion="5">
<suite id="s1" name="Tests" source="/home/runner/work/ApiRandomUser/ApiRandomUser/RamdonUser/tests">
<suite id="s1-s1" name="Random-User-Test" source="/home/runner/work/ApiRandomUser/ApiRandomUser/RamdonUser/tests/random-user-test.robot">
<test id="s1-s1-t1" name="Conectar" line="13">
<kw name="Conectar API" owner="random-user-service">
<kw name="Create Session" owner="RequestsLibrary">
<msg time="2024-08-04T11:13:23.342718" level="INFO">Creating Session using : alias=consultarAPI, url=https://randomuser.me/, headers={},                     cookies={}, auth=None, timeout=None, proxies=None, verify=False,                     debug=0 </msg>
<arg>consultarAPI</arg>
<arg>${URL}</arg>
<doc>Create Session: create a HTTP session to a server</doc>
<status status="PASS" start="2024-08-04T11:13:23.342517" elapsed="0.000395"/>
</kw>
<status status="PASS" start="2024-08-04T11:13:23.341467" elapsed="0.001812"/>
</kw>
<status status="PASS" start="2024-08-04T11:13:23.340913" elapsed="0.002561"/>
</test>
<test id="s1-s1-t2" name="Validar retorno 200 e JSON Válido" line="16">
<kw name="Teste de Requisicao Basica" owner="random-user-service">
<kw name="GET On Session" owner="RequestsLibrary">
<msg time="2024-08-04T11:13:23.554392" level="INFO">GET Request : url=https://randomuser.me/api 
 path_url=/api 
 headers={'User-Agent': 'python-requests/2.32.3', 'Accept-Encoding': 'gzip, deflate', 'Accept': '*/*', 'Connection': 'keep-alive'} 
 body=None 
 </msg>
<msg time="2024-08-04T11:13:23.554556" level="INFO">GET Response : url=https://randomuser.me/api 
 status=200, reason=OK 
 headers={'Date': 'Sun, 04 Aug 2024 11:13:23 GMT', 'Content-Type': 'application/json; charset=utf-8', 'Transfer-Encoding': 'chunked', 'Connection': 'keep-alive', 'X-Powered-By': 'Express', 'Access-Control-Allow-Origin': '*', 'Cache-Control': 'no-cache', 'ETag': 'W/"488-S3tYgyqzUpvVw3XwsWDTm51XmpQ"', 'Vary': 'Accept-Encoding', 'Content-Encoding': 'gzip', 'CF-Cache-Status': 'DYNAMIC', 'Report-To': '{"endpoints":[{"url":"https:\\/\\/a.nel.cloudflare.com\\/report\\/v4?s=gLKR8ClLVOCNLHKTDKUb%2B%2FPOeeUCbmdqYsauzbPU0qJuN3J3CyRmoNsn5t6jbXdkwWnwMysYLVx%2FcHsE%2BiXuF7ebif5RRm5I5U3qiXHWmTgnT%2BWFaxfe1be0m2w3wURP"}],"group":"cf-nel","max_age":604800}', 'NEL': '{"success_fraction":0,"report_to":"cf-nel","max_age":604800}', 'Server': 'cloudflare', 'CF-RAY': '8ade1e29bf7e3b68-IAD', 'alt-svc': 'h3=":443"; ma=86400'} 
 body={"results":[{"gender":"female","name":{"title":"Ms","first":"Minea","last":"Perala"},"location":{"street":{"number":7855,"name":"Pispalan Valtatie"},"city":"Loppi","state":"North Karelia","country":"Finland","postcode":52323,"coordinates":{"latitude":"-21.6173","longitude":"37.3201"},"timezone":{"offset":"-2:00","description":"Mid-Atlantic"}},"email":"minea.perala@example.com","login":{"uuid":"9be6c975-7f3d-4dd3-8a0f-2ca299068794","username":"yellowcat782","password":"151nxjmt","salt":"8o1Y3oWN","md5":"1d8453d95d60413ae7d848bbc0a8f961","sha1":"7c0b46830b4560784f0f87ec677e3c9cb8126d87","sha256":"f78b219d17fe1ecf9d7eb29cfd0c543f501118ff9c132840869e644fb5ed2969"},"dob":{"date":"1980-06-27T12:22:03.531Z","age":44},"registered":{"date":"2005-04-23T21:10:26.398Z","age":19},"phone":"06-045-452","cell":"044-016-59-37","id":{"name":"HETU","value":"NaNNA214undefined"},"picture":{"large":"https://randomuser.me/api/portraits/women/57.jpg","medium":"https://randomuser.me/api/portraits/med/women/57.jpg","thumbnail":"https://randomuser.me/api/portraits/thumb/women/57.jpg"},"nat":"FI"}],"info":{"seed":"13d43da33ae19bf2","results":1,"page":1,"version":"1.4"}} 
 </msg>
<msg time="2024-08-04T11:13:23.554637" level="INFO">/opt/hostedtoolcache/Python/3.12.4/x64/lib/python3.12/site-packages/urllib3/connectionpool.py:1099: InsecureRequestWarning: Unverified HTTPS request is being made to host 'randomuser.me'. Adding certificate verification is strongly advised. See: https://urllib3.readthedocs.io/en/latest/advanced-usage.html#tls-warnings
  warnings.warn(</msg>
<msg time="2024-08-04T11:13:23.554776" level="INFO">${response} = &lt;Response [200]&gt;</msg>
<var>${response}</var>
<arg>consultarAPI</arg>
<arg>/api</arg>
<doc>Sends a GET request on a previously created HTTP Session.</doc>
<status status="PASS" start="2024-08-04T11:13:23.345999" elapsed="0.208820"/>
</kw>
<kw name="Should Be Equal As Numbers" owner="BuiltIn">
<msg time="2024-08-04T11:13:23.555897" level="INFO">Argument types are:
&lt;class 'int'&gt;
&lt;class 'str'&gt;</msg>
<arg>${response.status_code}</arg>
<arg>200</arg>
<doc>Fails if objects are unequal after converting them to real numbers.</doc>
<status status="PASS" start="2024-08-04T11:13:23.555388" elapsed="0.000577"/>
</kw>
<kw name="Log" owner="BuiltIn">
<msg time="2024-08-04T11:13:23.556650" level="INFO">200</msg>
<arg>${response.status_code}</arg>
<doc>Logs the given message with the given level.</doc>
<status status="PASS" start="2024-08-04T11:13:23.556295" elapsed="0.000398"/>
</kw>
<kw name="Set Variable" owner="BuiltIn">
<msg time="2024-08-04T11:13:23.557454" level="INFO">${json_data} = {'results': [{'gender': 'female', 'name': {'title': 'Ms', 'first': 'Minea', 'last': 'Perala'}, 'location': {'street': {'number': 7855, 'name': 'Pispalan Valtatie'}, 'city': 'Loppi', 'state': 'North Ka...</msg>
<var>${json_data}</var>
<arg>${response.json()}</arg>
<doc>Returns the given values which can then be assigned to a variables.</doc>
<status status="PASS" start="2024-08-04T11:13:23.557006" elapsed="0.000477"/>
</kw>
<kw name="Dictionary Should Contain Key" owner="Collections">
<arg>${json_data}</arg>
<arg>results</arg>
<doc>Fails if ``key`` is not found from ``dictionary``.</doc>
<status status="PASS" start="2024-08-04T11:13:23.557787" elapsed="0.000331"/>
</kw>
<status status="PASS" start="2024-08-04T11:13:23.345749" elapsed="0.212528"/>
</kw>
<doc>Testa se a API responde corretamente e retorna um objeto JSON válido.</doc>
<tag>testeRequisicaoBasica</tag>
<status status="PASS" start="2024-08-04T11:13:23.345311" elapsed="0.213146"/>
</test>
<test id="s1-s1-t3" name="Validar estrutura de resposta" line="22">
<kw name="Teste de Estrutura de Resposta" owner="random-user-service">
<kw name="GET On Session" owner="RequestsLibrary">
<msg time="2024-08-04T11:13:23.763666" level="INFO">GET Request : url=https://randomuser.me/api 
 path_url=/api 
 headers={'User-Agent': 'python-requests/2.32.3', 'Accept-Encoding': 'gzip, deflate', 'Accept': '*/*', 'Connection': 'keep-alive'} 
 body=None 
 </msg>
<msg time="2024-08-04T11:13:23.763815" level="INFO">GET Response : url=https://randomuser.me/api 
 status=200, reason=OK 
 headers={'Date': 'Sun, 04 Aug 2024 11:13:23 GMT', 'Content-Type': 'application/json; charset=utf-8', 'Transfer-Encoding': 'chunked', 'Connection': 'keep-alive', 'X-Powered-By': 'Express', 'Access-Control-Allow-Origin': '*', 'Cache-Control': 'no-cache', 'ETag': 'W/"496-oTN2tcp5ikAdn2Hvr/59OO2jPMU"', 'Vary': 'Accept-Encoding', 'Content-Encoding': 'gzip', 'CF-Cache-Status': 'DYNAMIC', 'Report-To': '{"endpoints":[{"url":"https:\\/\\/a.nel.cloudflare.com\\/report\\/v4?s=aL0jIfFOlIdRlyTpjfKbzY%2BY%2F6lAwnDSvADlXenl3NW0JLqf23RJtBvuzVjoNFM1kn8F%2BiIcaZz5yy41xtbS8MCNxI8Fkov8CHuiv7uz52kc1CAK9IxWaUq7EzwSPycy"}],"group":"cf-nel","max_age":604800}', 'NEL': '{"success_fraction":0,"report_to":"cf-nel","max_age":604800}', 'Server': 'cloudflare', 'CF-RAY': '8ade1e2a4fe53b68-IAD', 'alt-svc': 'h3=":443"; ma=86400'} 
 body={"results":[{"gender":"male","name":{"title":"Mr","first":"Roméo","last":"De Gooijer"},"location":{"street":{"number":5251,"name":"Gedempte Putten"},"city":"Goirle","state":"Zeeland","country":"Netherlands","postcode":"2975 SR","coordinates":{"latitude":"36.2148","longitude":"-33.5531"},"timezone":{"offset":"-3:00","description":"Brazil, Buenos Aires, Georgetown"}},"email":"romeo.degooijer@example.com","login":{"uuid":"c25894e6-875a-4e35-8ba8-bc2acffa1983","username":"purpleleopard739","password":"qian","salt":"GEtP5nuU","md5":"68091c0137583fb6a9458baa2d208b7a","sha1":"7014c8b2c2c04e0da84ea0bc825242fe108d432e","sha256":"371b421946dc17d211b23295e39716d0d4c3c725980e66689a18eeca15b48e11"},"dob":{"date":"1987-05-02T09:03:03.355Z","age":37},"registered":{"date":"2005-03-28T21:31:51.880Z","age":19},"phone":"(079) 9615529","cell":"(06) 51820660","id":{"name":"BSN","value":"45070612"},"picture":{"large":"https://randomuser.me/api/portraits/men/65.jpg","medium":"https://randomuser.me/api/portraits/med/men/65.jpg","thumbnail":"https://randomuser.me/api/portraits/thumb/men/65.jpg"},"nat":"NL"}],"info":{"seed":"6a091c5d7c75c589","results":1,"page":1,"version":"1.4"}} 
 </msg>
<msg time="2024-08-04T11:13:23.763947" level="INFO">/opt/hostedtoolcache/Python/3.12.4/x64/lib/python3.12/site-packages/urllib3/connectionpool.py:1099: InsecureRequestWarning: Unverified HTTPS request is being made to host 'randomuser.me'. Adding certificate verification is strongly advised. See: https://urllib3.readthedocs.io/en/latest/advanced-usage.html#tls-warnings
  warnings.warn(</msg>
<msg time="2024-08-04T11:13:23.764086" level="INFO">${response} = &lt;Response [200]&gt;</msg>
<var>${response}</var>
<arg>consultarAPI</arg>
<arg>/api</arg>
<doc>Sends a GET request on a previously created HTTP Session.</doc>
<status status="PASS" start="2024-08-04T11:13:23.561136" elapsed="0.202991"/>
</kw>
<kw name="Set Variable" owner="BuiltIn">
<msg time="2024-08-04T11:13:23.765303" level="INFO">${json_data} = {'results': [{'gender': 'male', 'name': {'title': 'Mr', 'first': 'Roméo', 'last': 'De Gooijer'}, 'location': {'street': {'number': 5251, 'name': 'Gedempte Putten'}, 'city': 'Goirle', 'state': 'Zeeland...</msg>
<var>${json_data}</var>
<arg>${response.json()}</arg>
<doc>Returns the given values which can then be assigned to a variables.</doc>
<status status="PASS" start="2024-08-04T11:13:23.764734" elapsed="0.000598"/>
</kw>
<kw name="Log" owner="BuiltIn">
<msg time="2024-08-04T11:13:23.765812" level="INFO">{'results': [{'gender': 'male', 'name': {'title': 'Mr', 'first': 'Roméo', 'last': 'De Gooijer'}, 'location': {'street': {'number': 5251, 'name': 'Gedempte Putten'}, 'city': 'Goirle', 'state': 'Zeeland', 'country': 'Netherlands', 'postcode': '2975 SR', 'coordinates': {'latitude': '36.2148', 'longitude': '-33.5531'}, 'timezone': {'offset': '-3:00', 'description': 'Brazil, Buenos Aires, Georgetown'}}, 'email': 'romeo.degooijer@example.com', 'login': {'uuid': 'c25894e6-875a-4e35-8ba8-bc2acffa1983', 'username': 'purpleleopard739', 'password': 'qian', 'salt': 'GEtP5nuU', 'md5': '68091c0137583fb6a9458baa2d208b7a', 'sha1': '7014c8b2c2c04e0da84ea0bc825242fe108d432e', 'sha256': '371b421946dc17d211b23295e39716d0d4c3c725980e66689a18eeca15b48e11'}, 'dob': {'date': '1987-05-02T09:03:03.355Z', 'age': 37}, 'registered': {'date': '2005-03-28T21:31:51.880Z', 'age': 19}, 'phone': '(079) 9615529', 'cell': '(06) 51820660', 'id': {'name': 'BSN', 'value': '45070612'}, 'picture': {'large': 'https://randomuser.me/api/portraits/men/65.jpg', 'medium': 'https://randomuser.me/api/portraits/med/men/65.jpg', 'thumbnail': 'https://randomuser.me/api/portraits/thumb/men/65.jpg'}, 'nat': 'NL'}], 'info': {'seed': '6a091c5d7c75c589', 'results': 1, 'page': 1, 'version': '1.4'}}</msg>
<arg>${json_data}</arg>
<doc>Logs the given message with the given level.</doc>
<status status="PASS" start="2024-08-04T11:13:23.765647" elapsed="0.000213"/>
</kw>
<kw name="Dictionary Should Contain Key" owner="Collections">
<arg>${json_data}</arg>
<arg>results</arg>
<doc>Fails if ``key`` is not found from ``dictionary``.</doc>
<status status="PASS" start="2024-08-04T11:13:23.766163" elapsed="0.000170"/>
</kw>
<kw name="Should Not Be Empty" owner="BuiltIn">
<msg time="2024-08-04T11:13:23.766643" level="INFO">Length is 2.</msg>
<arg>${json_data}</arg>
<doc>Verifies that the given item is not empty.</doc>
<status status="PASS" start="2024-08-04T11:13:23.766518" elapsed="0.000163"/>
</kw>
<kw name="Create List" owner="BuiltIn">
<msg time="2024-08-04T11:13:23.767126" level="INFO">${expected_keys} = ['gender', 'name', 'location', 'email', 'login']</msg>
<var>${expected_keys}</var>
<arg>gender</arg>
<arg>name</arg>
<arg>location</arg>
<arg>email</arg>
<arg>login</arg>
<doc>Returns a list containing given items.</doc>
<status status="PASS" start="2024-08-04T11:13:23.766977" elapsed="0.000173"/>
</kw>
<for flavor="IN">
<iter>
<kw name="Dictionary Should Contain Key" owner="Collections">
<arg>${json_data['results'][0]}</arg>
<arg>${key}</arg>
<doc>Fails if ``key`` is not found from ``dictionary``.</doc>
<status status="PASS" start="2024-08-04T11:13:23.767768" elapsed="0.000407"/>
</kw>
<kw name="Log" owner="BuiltIn">
<msg time="2024-08-04T11:13:23.768726" level="INFO">{'gender': 'male', 'name': {'title': 'Mr', 'first': 'Roméo', 'last': 'De Gooijer'}, 'location': {'street': {'number': 5251, 'name': 'Gedempte Putten'}, 'city': 'Goirle', 'state': 'Zeeland', 'country': 'Netherlands', 'postcode': '2975 SR', 'coordinates': {'latitude': '36.2148', 'longitude': '-33.5531'}, 'timezone': {'offset': '-3:00', 'description': 'Brazil, Buenos Aires, Georgetown'}}, 'email': 'romeo.degooijer@example.com', 'login': {'uuid': 'c25894e6-875a-4e35-8ba8-bc2acffa1983', 'username': 'purpleleopard739', 'password': 'qian', 'salt': 'GEtP5nuU', 'md5': '68091c0137583fb6a9458baa2d208b7a', 'sha1': '7014c8b2c2c04e0da84ea0bc825242fe108d432e', 'sha256': '371b421946dc17d211b23295e39716d0d4c3c725980e66689a18eeca15b48e11'}, 'dob': {'date': '1987-05-02T09:03:03.355Z', 'age': 37}, 'registered': {'date': '2005-03-28T21:31:51.880Z', 'age': 19}, 'phone': '(079) 9615529', 'cell': '(06) 51820660', 'id': {'name': 'BSN', 'value': '45070612'}, 'picture': {'large': 'https://randomuser.me/api/portraits/men/65.jpg', 'medium': 'https://randomuser.me/api/portraits/med/men/65.jpg', 'thumbnail': 'https://randomuser.me/api/portraits/thumb/men/65.jpg'}, 'nat': 'NL'}</msg>
<arg>${json_data['results'][0]}</arg>
<doc>Logs the given message with the given level.</doc>
<status status="PASS" start="2024-08-04T11:13:23.768363" elapsed="0.000414"/>
</kw>
<kw name="Log" owner="BuiltIn">
<msg time="2024-08-04T11:13:23.769209" level="INFO">gender</msg>
<arg>${key}</arg>
<doc>Logs the given message with the given level.</doc>
<status status="PASS" start="2024-08-04T11:13:23.769080" elapsed="0.000168"/>
</kw>
<var name="${key}">gender</var>
<status status="PASS" start="2024-08-04T11:13:23.767610" elapsed="0.001856"/>
</iter>
<iter>
<kw name="Dictionary Should Contain Key" owner="Collections">
<arg>${json_data['results'][0]}</arg>
<arg>${key}</arg>
<doc>Fails if ``key`` is not found from ``dictionary``.</doc>
<status status="PASS" start="2024-08-04T11:13:23.769765" elapsed="0.000394"/>
</kw>
<kw name="Log" owner="BuiltIn">
<msg time="2024-08-04T11:13:23.770693" level="INFO">{'gender': 'male', 'name': {'title': 'Mr', 'first': 'Roméo', 'last': 'De Gooijer'}, 'location': {'street': {'number': 5251, 'name': 'Gedempte Putten'}, 'city': 'Goirle', 'state': 'Zeeland', 'country': 'Netherlands', 'postcode': '2975 SR', 'coordinates': {'latitude': '36.2148', 'longitude': '-33.5531'}, 'timezone': {'offset': '-3:00', 'description': 'Brazil, Buenos Aires, Georgetown'}}, 'email': 'romeo.degooijer@example.com', 'login': {'uuid': 'c25894e6-875a-4e35-8ba8-bc2acffa1983', 'username': 'purpleleopard739', 'password': 'qian', 'salt': 'GEtP5nuU', 'md5': '68091c0137583fb6a9458baa2d208b7a', 'sha1': '7014c8b2c2c04e0da84ea0bc825242fe108d432e', 'sha256': '371b421946dc17d211b23295e39716d0d4c3c725980e66689a18eeca15b48e11'}, 'dob': {'date': '1987-05-02T09:03:03.355Z', 'age': 37}, 'registered': {'date': '2005-03-28T21:31:51.880Z', 'age': 19}, 'phone': '(079) 9615529', 'cell': '(06) 51820660', 'id': {'name': 'BSN', 'value': '45070612'}, 'picture': {'large': 'https://randomuser.me/api/portraits/men/65.jpg', 'medium': 'https://randomuser.me/api/portraits/med/men/65.jpg', 'thumbnail': 'https://randomuser.me/api/portraits/thumb/men/65.jpg'}, 'nat': 'NL'}</msg>
<arg>${json_data['results'][0]}</arg>
<doc>Logs the given message with the given level.</doc>
<status status="PASS" start="2024-08-04T11:13:23.770342" elapsed="0.000434"/>
</kw>
<kw name="Log" owner="BuiltIn">
<msg time="2024-08-04T11:13:23.771221" level="INFO">name</msg>
<arg>${key}</arg>
<doc>Logs the given message with the given level.</doc>
<status status="PASS" start="2024-08-04T11:13:23.771088" elapsed="0.000170"/>
</kw>
<var name="${key}">name</var>
<status status="PASS" start="2024-08-04T11:13:23.769653" elapsed="0.001823"/>
</iter>
<iter>
<kw name="Dictionary Should Contain Key" owner="Collections">
<arg>${json_data['results'][0]}</arg>
<arg>${key}</arg>
<doc>Fails if ``key`` is not found from ``dictionary``.</doc>
<status status="PASS" start="2024-08-04T11:13:23.771787" elapsed="0.000391"/>
</kw>
<kw name="Log" owner="BuiltIn">
<msg time="2024-08-04T11:13:23.772712" level="INFO">{'gender': 'male', 'name': {'title': 'Mr', 'first': 'Roméo', 'last': 'De Gooijer'}, 'location': {'street': {'number': 5251, 'name': 'Gedempte Putten'}, 'city': 'Goirle', 'state': 'Zeeland', 'country': 'Netherlands', 'postcode': '2975 SR', 'coordinates': {'latitude': '36.2148', 'longitude': '-33.5531'}, 'timezone': {'offset': '-3:00', 'description': 'Brazil, Buenos Aires, Georgetown'}}, 'email': 'romeo.degooijer@example.com', 'login': {'uuid': 'c25894e6-875a-4e35-8ba8-bc2acffa1983', 'username': 'purpleleopard739', 'password': 'qian', 'salt': 'GEtP5nuU', 'md5': '68091c0137583fb6a9458baa2d208b7a', 'sha1': '7014c8b2c2c04e0da84ea0bc825242fe108d432e', 'sha256': '371b421946dc17d211b23295e39716d0d4c3c725980e66689a18eeca15b48e11'}, 'dob': {'date': '1987-05-02T09:03:03.355Z', 'age': 37}, 'registered': {'date': '2005-03-28T21:31:51.880Z', 'age': 19}, 'phone': '(079) 9615529', 'cell': '(06) 51820660', 'id': {'name': 'BSN', 'value': '45070612'}, 'picture': {'large': 'https://randomuser.me/api/portraits/men/65.jpg', 'medium': 'https://randomuser.me/api/portraits/med/men/65.jpg', 'thumbnail': 'https://randomuser.me/api/portraits/thumb/men/65.jpg'}, 'nat': 'NL'}</msg>
<arg>${json_data['results'][0]}</arg>
<doc>Logs the given message with the given level.</doc>
<status status="PASS" start="2024-08-04T11:13:23.772363" elapsed="0.000398"/>
</kw>
<kw name="Log" owner="BuiltIn">
<msg time="2024-08-04T11:13:23.773192" level="INFO">location</msg>
<arg>${key}</arg>
<doc>Logs the given message with the given level.</doc>
<status status="PASS" start="2024-08-04T11:13:23.773064" elapsed="0.000165"/>
</kw>
<var name="${key}">location</var>
<status status="PASS" start="2024-08-04T11:13:23.771657" elapsed="0.001796"/>
</iter>
<iter>
<kw name="Dictionary Should Contain Key" owner="Collections">
<arg>${json_data['results'][0]}</arg>
<arg>${key}</arg>
<doc>Fails if ``key`` is not found from ``dictionary``.</doc>
<status status="PASS" start="2024-08-04T11:13:23.773734" elapsed="0.000381"/>
</kw>
<kw name="Log" owner="BuiltIn">
<msg time="2024-08-04T11:13:23.774773" level="INFO">{'gender': 'male', 'name': {'title': 'Mr', 'first': 'Roméo', 'last': 'De Gooijer'}, 'location': {'street': {'number': 5251, 'name': 'Gedempte Putten'}, 'city': 'Goirle', 'state': 'Zeeland', 'country': 'Netherlands', 'postcode': '2975 SR', 'coordinates': {'latitude': '36.2148', 'longitude': '-33.5531'}, 'timezone': {'offset': '-3:00', 'description': 'Brazil, Buenos Aires, Georgetown'}}, 'email': 'romeo.degooijer@example.com', 'login': {'uuid': 'c25894e6-875a-4e35-8ba8-bc2acffa1983', 'username': 'purpleleopard739', 'password': 'qian', 'salt': 'GEtP5nuU', 'md5': '68091c0137583fb6a9458baa2d208b7a', 'sha1': '7014c8b2c2c04e0da84ea0bc825242fe108d432e', 'sha256': '371b421946dc17d211b23295e39716d0d4c3c725980e66689a18eeca15b48e11'}, 'dob': {'date': '1987-05-02T09:03:03.355Z', 'age': 37}, 'registered': {'date': '2005-03-28T21:31:51.880Z', 'age': 19}, 'phone': '(079) 9615529', 'cell': '(06) 51820660', 'id': {'name': 'BSN', 'value': '45070612'}, 'picture': {'large': 'https://randomuser.me/api/portraits/men/65.jpg', 'medium': 'https://randomuser.me/api/portraits/med/men/65.jpg', 'thumbnail': 'https://randomuser.me/api/portraits/thumb/men/65.jpg'}, 'nat': 'NL'}</msg>
<arg>${json_data['results'][0]}</arg>
<doc>Logs the given message with the given level.</doc>
<status status="PASS" start="2024-08-04T11:13:23.774417" elapsed="0.000405"/>
</kw>
<kw name="Log" owner="BuiltIn">
<msg time="2024-08-04T11:13:23.775255" level="INFO">email</msg>
<arg>${key}</arg>
<doc>Logs the given message with the given level.</doc>
<status status="PASS" start="2024-08-04T11:13:23.775125" elapsed="0.000169"/>
</kw>
<var name="${key}">email</var>
<status status="PASS" start="2024-08-04T11:13:23.773626" elapsed="0.001886"/>
</iter>
<iter>
<kw name="Dictionary Should Contain Key" owner="Collections">
<arg>${json_data['results'][0]}</arg>
<arg>${key}</arg>
<doc>Fails if ``key`` is not found from ``dictionary``.</doc>
<status status="PASS" start="2024-08-04T11:13:23.775818" elapsed="0.000379"/>
</kw>
<kw name="Log" owner="BuiltIn">
<msg time="2024-08-04T11:13:23.776750" level="INFO">{'gender': 'male', 'name': {'title': 'Mr', 'first': 'Roméo', 'last': 'De Gooijer'}, 'location': {'street': {'number': 5251, 'name': 'Gedempte Putten'}, 'city': 'Goirle', 'state': 'Zeeland', 'country': 'Netherlands', 'postcode': '2975 SR', 'coordinates': {'latitude': '36.2148', 'longitude': '-33.5531'}, 'timezone': {'offset': '-3:00', 'description': 'Brazil, Buenos Aires, Georgetown'}}, 'email': 'romeo.degooijer@example.com', 'login': {'uuid': 'c25894e6-875a-4e35-8ba8-bc2acffa1983', 'username': 'purpleleopard739', 'password': 'qian', 'salt': 'GEtP5nuU', 'md5': '68091c0137583fb6a9458baa2d208b7a', 'sha1': '7014c8b2c2c04e0da84ea0bc825242fe108d432e', 'sha256': '371b421946dc17d211b23295e39716d0d4c3c725980e66689a18eeca15b48e11'}, 'dob': {'date': '1987-05-02T09:03:03.355Z', 'age': 37}, 'registered': {'date': '2005-03-28T21:31:51.880Z', 'age': 19}, 'phone': '(079) 9615529', 'cell': '(06) 51820660', 'id': {'name': 'BSN', 'value': '45070612'}, 'picture': {'large': 'https://randomuser.me/api/portraits/men/65.jpg', 'medium': 'https://randomuser.me/api/portraits/med/men/65.jpg', 'thumbnail': 'https://randomuser.me/api/portraits/thumb/men/65.jpg'}, 'nat': 'NL'}</msg>
<arg>${json_data['results'][0]}</arg>
<doc>Logs the given message with the given level.</doc>
<status status="PASS" start="2024-08-04T11:13:23.776386" elapsed="0.000424"/>
</kw>
<kw name="Log" owner="BuiltIn">
<msg time="2024-08-04T11:13:23.777235" level="INFO">login</msg>
<arg>${key}</arg>
<doc>Logs the given message with the given level.</doc>
<status status="PASS" start="2024-08-04T11:13:23.777106" elapsed="0.000166"/>
</kw>
<var name="${key}">login</var>
<status status="PASS" start="2024-08-04T11:13:23.775706" elapsed="0.001784"/>
</iter>
<var>${key}</var>
<value>@{expected_keys}</value>
<status status="PASS" start="2024-08-04T11:13:23.767415" elapsed="0.010197"/>
</for>
<kw name="Create List" owner="BuiltIn">
<msg time="2024-08-04T11:13:23.777940" level="INFO">${expected_keysTwo} = ['username', 'password']</msg>
<var>${expected_keysTwo}</var>
<arg>username</arg>
<arg>password</arg>
<doc>Returns a list containing given items.</doc>
<status status="PASS" start="2024-08-04T11:13:23.777802" elapsed="0.000192"/>
</kw>
<for flavor="IN">
<iter>
<kw name="Dictionary Should Contain Key" owner="Collections">
<arg>${json_data['results'][0]['login']}</arg>
<arg>${keyTwo}</arg>
<doc>Fails if ``key`` is not found from ``dictionary``.</doc>
<status status="PASS" start="2024-08-04T11:13:23.778505" elapsed="0.000390"/>
</kw>
<kw name="Dictionary Should Contain Key" owner="Collections">
<arg>${json_data['results'][0]['login']}</arg>
<arg>${keyTwo}</arg>
<doc>Fails if ``key`` is not found from ``dictionary``.</doc>
<status status="PASS" start="2024-08-04T11:13:23.779078" elapsed="0.000380"/>
</kw>
<kw name="Log" owner="BuiltIn">
<msg time="2024-08-04T11:13:23.779781" level="INFO">username</msg>
<arg>${keyTwo}</arg>
<doc>Logs the given message with the given level.</doc>
<status status="PASS" start="2024-08-04T11:13:23.779634" elapsed="0.000186"/>
</kw>
<var name="${keyTwo}">username</var>
<status status="PASS" start="2024-08-04T11:13:23.778394" elapsed="0.001651"/>
</iter>
<iter>
<kw name="Dictionary Should Contain Key" owner="Collections">
<arg>${json_data['results'][0]['login']}</arg>
<arg>${keyTwo}</arg>
<doc>Fails if ``key`` is not found from ``dictionary``.</doc>
<status status="PASS" start="2024-08-04T11:13:23.780323" elapsed="0.000388"/>
</kw>
<kw name="Dictionary Should Contain Key" owner="Collections">
<arg>${json_data['results'][0]['login']}</arg>
<arg>${keyTwo}</arg>
<doc>Fails if ``key`` is not found from ``dictionary``.</doc>
<status status="PASS" start="2024-08-04T11:13:23.780893" elapsed="0.000371"/>
</kw>
<kw name="Log" owner="BuiltIn">
<msg time="2024-08-04T11:13:23.781562" level="INFO">password</msg>
<arg>${keyTwo}</arg>
<doc>Logs the given message with the given level.</doc>
<status status="PASS" start="2024-08-04T11:13:23.781442" elapsed="0.000156"/>
</kw>
<var name="${keyTwo}">password</var>
<status status="PASS" start="2024-08-04T11:13:23.780217" elapsed="0.001605"/>
</iter>
<var>${keyTwo}</var>
<value>@{expected_keysTwo}</value>
<status status="PASS" start="2024-08-04T11:13:23.778244" elapsed="0.003698"/>
</for>
<status status="PASS" start="2024-08-04T11:13:23.560900" elapsed="0.221184"/>
</kw>
<doc>Testa a estrutura da resposta da API.</doc>
<tag>testeEstruturaResposta</tag>
<status status="PASS" start="2024-08-04T11:13:23.560392" elapsed="0.221848"/>
</test>
<test id="s1-s1-t4" name="Validar tipos de dados" line="28">
<kw name="Teste de Tipos de Dados" owner="random-user-service">
<kw name="GET On Session" owner="RequestsLibrary">
<msg time="2024-08-04T11:13:24.013425" level="INFO">GET Request : url=https://randomuser.me/api 
 path_url=/api 
 headers={'User-Agent': 'python-requests/2.32.3', 'Accept-Encoding': 'gzip, deflate', 'Accept': '*/*', 'Connection': 'keep-alive'} 
 body=None 
 </msg>
<msg time="2024-08-04T11:13:24.013523" level="INFO">GET Response : url=https://randomuser.me/api 
 status=200, reason=OK 
 headers={'Date': 'Sun, 04 Aug 2024 11:13:24 GMT', 'Content-Type': 'application/json; charset=utf-8', 'Transfer-Encoding': 'chunked', 'Connection': 'keep-alive', 'X-Powered-By': 'Express', 'Access-Control-Allow-Origin': '*', 'Cache-Control': 'no-cache', 'ETag': 'W/"481-WPkI6YCsYAucFPSa3SOtw2k4Nz0"', 'Vary': 'Accept-Encoding', 'Content-Encoding': 'gzip', 'CF-Cache-Status': 'DYNAMIC', 'Report-To': '{"endpoints":[{"url":"https:\\/\\/a.nel.cloudflare.com\\/report\\/v4?s=AOgUVd2VfWoHpubOSKoiMEM1JKTXIVK8UWnR9J2gjXzS%2FHUW7T0LK9nhpcEMojCqBIgI1%2BcP5h4sLGtiJ%2Bn0eEVQ%2Fk4QYo9KceWxDnx4KaWAoQuGmKym4oKu4l78ER3e"}],"group":"cf-nel","max_age":604800}', 'NEL': '{"success_fraction":0,"report_to":"cf-nel","max_age":604800}', 'Server': 'cloudflare', 'CF-RAY': '8ade1e2ba8c23b68-IAD', 'alt-svc': 'h3=":443"; ma=86400'} 
 body={"results":[{"gender":"male","name":{"title":"Mr","first":"Efe","last":"Akşit"},"location":{"street":{"number":8238,"name":"Şehitler Cd"},"city":"Niğde","state":"Samsun","country":"Turkey","postcode":52922,"coordinates":{"latitude":"68.7496","longitude":"-166.6438"},"timezone":{"offset":"-6:00","description":"Central Time (US &amp; Canada), Mexico City"}},"email":"efe.aksit@example.com","login":{"uuid":"413d5aa7-08e6-423d-bd61-5ef37f8cda29","username":"happybutterfly386","password":"stranger","salt":"cG5zimZ0","md5":"0dc5698edf11765cb4028e64d3318733","sha1":"bea25d3b3274203ac02a6b2eeafc207f9aedb9ee","sha256":"5499271d5d6d4e750fb768a517654e119cd15c0b18edb949603e7b4cfc199a21"},"dob":{"date":"1997-08-13T13:55:29.526Z","age":26},"registered":{"date":"2021-07-06T13:21:13.178Z","age":3},"phone":"(495)-786-1684","cell":"(473)-164-1031","id":{"name":"","value":null},"picture":{"large":"https://randomuser.me/api/portraits/men/24.jpg","medium":"https://randomuser.me/api/portraits/med/men/24.jpg","thumbnail":"https://randomuser.me/api/portraits/thumb/men/24.jpg"},"nat":"TR"}],"info":{"seed":"a2075e8be9500b9d","results":1,"page":1,"version":"1.4"}} 
 </msg>
<msg time="2024-08-04T11:13:24.013599" level="INFO">/opt/hostedtoolcache/Python/3.12.4/x64/lib/python3.12/site-packages/urllib3/connectionpool.py:1099: InsecureRequestWarning: Unverified HTTPS request is being made to host 'randomuser.me'. Adding certificate verification is strongly advised. See: https://urllib3.readthedocs.io/en/latest/advanced-usage.html#tls-warnings
  warnings.warn(</msg>
<msg time="2024-08-04T11:13:24.013724" level="INFO">${response} = &lt;Response [200]&gt;</msg>
<var>${response}</var>
<arg>consultarAPI</arg>
<arg>/api</arg>
<doc>Sends a GET request on a previously created HTTP Session.</doc>
<status status="PASS" start="2024-08-04T11:13:23.784773" elapsed="0.228990"/>
</kw>
<kw name="Set Variable" owner="BuiltIn">
<msg time="2024-08-04T11:13:24.014801" level="INFO">${json_data} = {'results': [{'gender': 'male', 'name': {'title': 'Mr', 'first': 'Efe', 'last': 'Akşit'}, 'location': {'street': {'number': 8238, 'name': 'Şehitler Cd'}, 'city': 'Niğde', 'state': 'Samsun', 'country':...</msg>
<var>${json_data}</var>
<arg>${response.json()}</arg>
<doc>Returns the given values which can then be assigned to a variables.</doc>
<status status="PASS" start="2024-08-04T11:13:24.014274" elapsed="0.000558"/>
</kw>
<kw name="Log" owner="BuiltIn">
<msg time="2024-08-04T11:13:24.015308" level="INFO">{'results': [{'gender': 'male', 'name': {'title': 'Mr', 'first': 'Efe', 'last': 'Akşit'}, 'location': {'street': {'number': 8238, 'name': 'Şehitler Cd'}, 'city': 'Niğde', 'state': 'Samsun', 'country': 'Turkey', 'postcode': 52922, 'coordinates': {'latitude': '68.7496', 'longitude': '-166.6438'}, 'timezone': {'offset': '-6:00', 'description': 'Central Time (US &amp; Canada), Mexico City'}}, 'email': 'efe.aksit@example.com', 'login': {'uuid': '413d5aa7-08e6-423d-bd61-5ef37f8cda29', 'username': 'happybutterfly386', 'password': 'stranger', 'salt': 'cG5zimZ0', 'md5': '0dc5698edf11765cb4028e64d3318733', 'sha1': 'bea25d3b3274203ac02a6b2eeafc207f9aedb9ee', 'sha256': '5499271d5d6d4e750fb768a517654e119cd15c0b18edb949603e7b4cfc199a21'}, 'dob': {'date': '1997-08-13T13:55:29.526Z', 'age': 26}, 'registered': {'date': '2021-07-06T13:21:13.178Z', 'age': 3}, 'phone': '(495)-786-1684', 'cell': '(473)-164-1031', 'id': {'name': '', 'value': None}, 'picture': {'large': 'https://randomuser.me/api/portraits/men/24.jpg', 'medium': 'https://randomuser.me/api/portraits/med/men/24.jpg', 'thumbnail': 'https://randomuser.me/api/portraits/thumb/men/24.jpg'}, 'nat': 'TR'}], 'info': {'seed': 'a2075e8be9500b9d', 'results': 1, 'page': 1, 'version': '1.4'}}</msg>
<arg>${json_data}</arg>
<doc>Logs the given message with the given level.</doc>
<status status="PASS" start="2024-08-04T11:13:24.015144" elapsed="0.000216"/>
</kw>
<kw name="Should Be String" owner="String">
<arg>${json_data['results'][0]['gender']}</arg>
<doc>Fails if the given ``item`` is not a string.</doc>
<status status="PASS" start="2024-08-04T11:13:24.015667" elapsed="0.000397"/>
</kw>
<kw name="Should Match Regexp" owner="BuiltIn">
<arg>${json_data['results'][0]['email']}</arg>
<arg>^[a-zA-Z0-9._%+-]+@[a-zA-Z0-9.-]+\.[a-zA-Z]{2,}$</arg>
<doc>Fails if ``string`` does not match ``pattern`` as a regular expression.</doc>
<status status="PASS" start="2024-08-04T11:13:24.016259" elapsed="0.000510"/>
</kw>
<kw name="Should Match Regexp" owner="BuiltIn">
<arg>${json_data['results'][0]['dob']['date']}</arg>
<arg>\\d{4}-\\d{2}-\\d{2}T\\d{2}:\\d{2}:\\d{2}\\.\\d{3}Z</arg>
<doc>Fails if ``string`` does not match ``pattern`` as a regular expression.</doc>
<status status="PASS" start="2024-08-04T11:13:24.017003" elapsed="0.000636"/>
</kw>
<kw name="Should Match Regexp" owner="BuiltIn">
<arg>${json_data['results'][0]['registered']['date']}</arg>
<arg>\\d{4}-\\d{2}-\\d{2}T\\d{2}:\\d{2}:\\d{2}\\.\\d{3}Z</arg>
<doc>Fails if ``string`` does not match ``pattern`` as a regular expression.</doc>
<status status="PASS" start="2024-08-04T11:13:24.017832" elapsed="0.000374"/>
</kw>
<kw name="Should Match Regexp" owner="BuiltIn">
<arg>${json_data['results'][0]['picture']['large']}</arg>
<arg>^https?://.*\.(?:png|jpe?g|gif|bmp)$</arg>
<doc>Fails if ``string`` does not match ``pattern`` as a regular expression.</doc>
<status status="PASS" start="2024-08-04T11:13:24.018390" elapsed="0.000463"/>
</kw>
<kw name="Should Match Regexp" owner="BuiltIn">
<arg>${json_data['results'][0]['picture']['medium']}</arg>
<arg>^https?://.*\.(?:png|jpe?g|gif|bmp)$</arg>
<doc>Fails if ``string`` does not match ``pattern`` as a regular expression.</doc>
<status status="PASS" start="2024-08-04T11:13:24.019038" elapsed="0.000351"/>
</kw>
<kw name="Should Match Regexp" owner="BuiltIn">
<arg>${json_data['results'][0]['picture']['thumbnail']}</arg>
<arg>^https?://.*\.(?:png|jpe?g|gif|bmp)$</arg>
<doc>Fails if ``string`` does not match ``pattern`` as a regular expression.</doc>
<status status="PASS" start="2024-08-04T11:13:24.019572" elapsed="0.000398"/>
</kw>
<kw name="Log" owner="BuiltIn">
<msg time="2024-08-04T11:13:24.020491" level="INFO">{'large': 'https://randomuser.me/api/portraits/men/24.jpg', 'medium': 'https://randomuser.me/api/portraits/med/men/24.jpg', 'thumbnail': 'https://randomuser.me/api/portraits/thumb/men/24.jpg'}</msg>
<arg>${json_data['results'][0]['picture']}</arg>
<doc>Logs the given message with the given level.</doc>
<status status="PASS" start="2024-08-04T11:13:24.020160" elapsed="0.000373"/>
</kw>
<status status="PASS" start="2024-08-04T11:13:23.784542" elapsed="0.236255"/>
</kw>
<kw name="Teste de Tipos de Dados - Postcode" owner="random-user-service">
<kw name="GET On Session" owner="RequestsLibrary">
<msg time="2024-08-04T11:13:24.095999" level="INFO">GET Request : url=https://randomuser.me/api 
 path_url=/api 
 headers={'User-Agent': 'python-requests/2.32.3', 'Accept-Encoding': 'gzip, deflate', 'Accept': '*/*', 'Connection': 'keep-alive'} 
 body=None 
 </msg>
<msg time="2024-08-04T11:13:24.096111" level="INFO">GET Response : url=https://randomuser.me/api 
 status=200, reason=OK 
 headers={'Date': 'Sun, 04 Aug 2024 11:13:24 GMT', 'Content-Type': 'application/json; charset=utf-8', 'Transfer-Encoding': 'chunked', 'Connection': 'keep-alive', 'X-Powered-By': 'Express', 'Access-Control-Allow-Origin': '*', 'Cache-Control': 'no-cache', 'ETag': 'W/"4a8-LBdM1rhmyp6axFZSDogRs2LpWkc"', 'Vary': 'Accept-Encoding', 'Content-Encoding': 'gzip', 'CF-Cache-Status': 'DYNAMIC', 'Report-To': '{"endpoints":[{"url":"https:\\/\\/a.nel.cloudflare.com\\/report\\/v4?s=2fYHl1OF1Ea5u4xGPTIzPJhxrv9All4hVkHKeSFON2DNiH6V0MQT1qfK%2Fr9tmgZQ3P1yOYpdPlvQp8zHt8L%2FaglMdhU8r4NG3ZAbi17Z%2FE46s3ja86GITho9RLqXGaDT"}],"group":"cf-nel","max_age":604800}', 'NEL': '{"success_fraction":0,"report_to":"cf-nel","max_age":604800}', 'Server': 'cloudflare', 'CF-RAY': '8ade1e2d29b03b68-IAD', 'alt-svc': 'h3=":443"; ma=86400'} 
 body={"results":[{"gender":"female","name":{"title":"Mademoiselle","first":"Noémie","last":"Brun"},"location":{"street":{"number":5456,"name":"Rue des Cuirassiers"},"city":"Därligen","state":"Zürich","country":"Switzerland","postcode":5068,"coordinates":{"latitude":"-62.8208","longitude":"140.1558"},"timezone":{"offset":"+2:00","description":"Kaliningrad, South Africa"}},"email":"noemie.brun@example.com","login":{"uuid":"c1388b3f-335f-451e-ad80-432ee6763831","username":"beautifulelephant320","password":"lowell","salt":"nx8wf6P1","md5":"c3ecf3359d652f9c44536e1b89eff799","sha1":"1d682eae5eb30ca2562c7b6c27c79c319143948e","sha256":"05385ed868fb2818a6198094ce103fe23c735927e4843dfc541d8cb4967ed38f"},"dob":{"date":"1952-06-02T12:24:50.763Z","age":72},"registered":{"date":"2019-12-12T22:32:22.741Z","age":4},"phone":"077 152 04 08","cell":"077 376 89 08","id":{"name":"AVS","value":"756.3873.8887.25"},"picture":{"large":"https://randomuser.me/api/portraits/women/85.jpg","medium":"https://randomuser.me/api/portraits/med/women/85.jpg","thumbnail":"https://randomuser.me/api/portraits/thumb/women/85.jpg"},"nat":"CH"}],"info":{"seed":"f83ecdbcc3002881","results":1,"page":1,"version":"1.4"}} 
 </msg>
<msg time="2024-08-04T11:13:24.096194" level="INFO">/opt/hostedtoolcache/Python/3.12.4/x64/lib/python3.12/site-packages/urllib3/connectionpool.py:1099: InsecureRequestWarning: Unverified HTTPS request is being made to host 'randomuser.me'. Adding certificate verification is strongly advised. See: https://urllib3.readthedocs.io/en/latest/advanced-usage.html#tls-warnings
  warnings.warn(</msg>
<msg time="2024-08-04T11:13:24.096343" level="INFO">${response} = &lt;Response [200]&gt;</msg>
<var>${response}</var>
<arg>consultarAPI</arg>
<arg>/api</arg>
<doc>Sends a GET request on a previously created HTTP Session.</doc>
<status status="PASS" start="2024-08-04T11:13:24.021424" elapsed="0.074967"/>
</kw>
<kw name="Set Variable" owner="BuiltIn">
<msg time="2024-08-04T11:13:24.097594" level="INFO">${json_data} = {'results': [{'gender': 'female', 'name': {'title': 'Mademoiselle', 'first': 'Noémie', 'last': 'Brun'}, 'location': {'street': {'number': 5456, 'name': 'Rue des Cuirassiers'}, 'city': 'Därligen', 'sta...</msg>
<var>${json_data}</var>
<arg>${response.json()}</arg>
<doc>Returns the given values which can then be assigned to a variables.</doc>
<status status="PASS" start="2024-08-04T11:13:24.097016" elapsed="0.000608"/>
</kw>
<kw name="Log" owner="BuiltIn">
<msg time="2024-08-04T11:13:24.098103" level="INFO">{'results': [{'gender': 'female', 'name': {'title': 'Mademoiselle', 'first': 'Noémie', 'last': 'Brun'}, 'location': {'street': {'number': 5456, 'name': 'Rue des Cuirassiers'}, 'city': 'Därligen', 'state': 'Zürich', 'country': 'Switzerland', 'postcode': 5068, 'coordinates': {'latitude': '-62.8208', 'longitude': '140.1558'}, 'timezone': {'offset': '+2:00', 'description': 'Kaliningrad, South Africa'}}, 'email': 'noemie.brun@example.com', 'login': {'uuid': 'c1388b3f-335f-451e-ad80-432ee6763831', 'username': 'beautifulelephant320', 'password': 'lowell', 'salt': 'nx8wf6P1', 'md5': 'c3ecf3359d652f9c44536e1b89eff799', 'sha1': '1d682eae5eb30ca2562c7b6c27c79c319143948e', 'sha256': '05385ed868fb2818a6198094ce103fe23c735927e4843dfc541d8cb4967ed38f'}, 'dob': {'date': '1952-06-02T12:24:50.763Z', 'age': 72}, 'registered': {'date': '2019-12-12T22:32:22.741Z', 'age': 4}, 'phone': '077 152 04 08', 'cell': '077 376 89 08', 'id': {'name': 'AVS', 'value': '756.3873.8887.25'}, 'picture': {'large': 'https://randomuser.me/api/portraits/women/85.jpg', 'medium': 'https://randomuser.me/api/portraits/med/women/85.jpg', 'thumbnail': 'https://randomuser.me/api/portraits/thumb/women/85.jpg'}, 'nat': 'CH'}], 'info': {'seed': 'f83ecdbcc3002881', 'results': 1, 'page': 1, 'version': '1.4'}}</msg>
<arg>${json_data}</arg>
<doc>Logs the given message with the given level.</doc>
<status status="PASS" start="2024-08-04T11:13:24.097935" elapsed="0.000217"/>
</kw>
<kw name="Should Be Equal As Numbers" owner="BuiltIn">
<arg>${json_data['results'][0]['location']['postcode']}</arg>
<arg>${json_data['results'][0]['location']['postcode']}</arg>
<doc>Fails if objects are unequal after converting them to real numbers.</doc>
<status status="PASS" start="2024-08-04T11:13:24.098448" elapsed="0.000617"/>
</kw>
<kw name="Log" owner="BuiltIn">
<msg time="2024-08-04T11:13:24.099589" level="INFO">5068</msg>
<arg>${json_data['results'][0]['location']['postcode']}</arg>
<doc>Logs the given message with the given level.</doc>
<status status="PASS" start="2024-08-04T11:13:24.099252" elapsed="0.000414"/>
</kw>
<status status="PASS" start="2024-08-04T11:13:24.021064" elapsed="0.078911"/>
</kw>
<doc>Testa se os tipos de dados na resposta da API estão corretos.</doc>
<tag>testeTiposDados</tag>
<status status="PASS" start="2024-08-04T11:13:23.783994" elapsed="0.316152"/>
</test>
<test id="s1-s1-t5" name="Validar conteudo" line="35">
<kw name="Teste de Tipos de Conteudo" owner="random-user-service">
<kw name="GET On Session" owner="RequestsLibrary">
<msg time="2024-08-04T11:13:24.193736" level="INFO">GET Request : url=https://randomuser.me/api 
 path_url=/api 
 headers={'User-Agent': 'python-requests/2.32.3', 'Accept-Encoding': 'gzip, deflate', 'Accept': '*/*', 'Connection': 'keep-alive'} 
 body=None 
 </msg>
<msg time="2024-08-04T11:13:24.193826" level="INFO">GET Response : url=https://randomuser.me/api 
 status=200, reason=OK 
 headers={'Date': 'Sun, 04 Aug 2024 11:13:24 GMT', 'Content-Type': 'application/json; charset=utf-8', 'Transfer-Encoding': 'chunked', 'Connection': 'keep-alive', 'X-Powered-By': 'Express', 'Access-Control-Allow-Origin': '*', 'Cache-Control': 'no-cache', 'ETag': 'W/"489-0DPPwe6SHh6syH3h+ueicK9ZOXs"', 'Vary': 'Accept-Encoding', 'Content-Encoding': 'gzip', 'CF-Cache-Status': 'DYNAMIC', 'Report-To': '{"endpoints":[{"url":"https:\\/\\/a.nel.cloudflare.com\\/report\\/v4?s=cZxGrWi67CnHYqd7PF1Oo%2BT2rHQgH76J%2FLm%2FqCFdVMixh5Pm7%2B1WnJX17p2p8LdsUIGys96MYhTqOPQBvWy1ZVsDumlMLB%2BtOAITarQ8%2B6CgQIDNa2OCDRFjhujauIjp"}],"group":"cf-nel","max_age":604800}', 'NEL': '{"success_fraction":0,"report_to":"cf-nel","max_age":604800}', 'Server': 'cloudflare', 'CF-RAY': '8ade1e2daa093b68-IAD', 'alt-svc': 'h3=":443"; ma=86400'} 
 body={"results":[{"gender":"female","name":{"title":"Miss","first":"Natalie","last":"Fuller"},"location":{"street":{"number":8033,"name":"W Sherman Dr"},"city":"Redding","state":"Pennsylvania","country":"United States","postcode":24895,"coordinates":{"latitude":"87.7478","longitude":"76.1306"},"timezone":{"offset":"-10:00","description":"Hawaii"}},"email":"natalie.fuller@example.com","login":{"uuid":"b431cebc-2af6-4d25-8ca2-6b61a076ba30","username":"blackkoala730","password":"personal","salt":"P0z3itrU","md5":"9e784eb59a6372ffffd49e79a787470d","sha1":"71a9d6928367089752025c4be3af732fc9ef65a4","sha256":"73f407f58e3cf0410681d897734a84b151a7458e85c52ee9e53b0e37822fb671"},"dob":{"date":"1967-04-25T14:14:03.631Z","age":57},"registered":{"date":"2004-06-28T02:20:21.444Z","age":20},"phone":"(243) 761-0196","cell":"(924) 544-9970","id":{"name":"SSN","value":"314-49-5220"},"picture":{"large":"https://randomuser.me/api/portraits/women/65.jpg","medium":"https://randomuser.me/api/portraits/med/women/65.jpg","thumbnail":"https://randomuser.me/api/portraits/thumb/women/65.jpg"},"nat":"US"}],"info":{"seed":"4dce9f8852b5e289","results":1,"page":1,"version":"1.4"}} 
 </msg>
<msg time="2024-08-04T11:13:24.193896" level="INFO">/opt/hostedtoolcache/Python/3.12.4/x64/lib/python3.12/site-packages/urllib3/connectionpool.py:1099: InsecureRequestWarning: Unverified HTTPS request is being made to host 'randomuser.me'. Adding certificate verification is strongly advised. See: https://urllib3.readthedocs.io/en/latest/advanced-usage.html#tls-warnings
  warnings.warn(</msg>
<msg time="2024-08-04T11:13:24.194016" level="INFO">${response} = &lt;Response [200]&gt;</msg>
<var>${response}</var>
<arg>consultarAPI</arg>
<arg>/api</arg>
<doc>Sends a GET request on a previously created HTTP Session.</doc>
<status status="PASS" start="2024-08-04T11:13:24.102640" elapsed="0.091415"/>
</kw>
<kw name="Set Variable" owner="BuiltIn">
<msg time="2024-08-04T11:13:24.195260" level="INFO">${json_data} = {'results': [{'gender': 'female', 'name': {'title': 'Miss', 'first': 'Natalie', 'last': 'Fuller'}, 'location': {'street': {'number': 8033, 'name': 'W Sherman Dr'}, 'city': 'Redding', 'state': 'Pennsyl...</msg>
<var>${json_data}</var>
<arg>${response.json()}</arg>
<doc>Returns the given values which can then be assigned to a variables.</doc>
<status status="PASS" start="2024-08-04T11:13:24.194663" elapsed="0.000626"/>
</kw>
<kw name="Set Variable" owner="BuiltIn">
<msg time="2024-08-04T11:13:24.196014" level="INFO">${name_title} = Miss</msg>
<var>${name_title}</var>
<arg>${json_data["results"][0]["name"]["title"]}</arg>
<doc>Returns the given values which can then be assigned to a variables.</doc>
<status status="PASS" start="2024-08-04T11:13:24.195596" elapsed="0.000444"/>
</kw>
<kw name="Create List" owner="BuiltIn">
<msg time="2024-08-04T11:13:24.196492" level="INFO">${allowed_titles} = ['Mr', 'Ms', 'Miss', 'Mrs', 'Madame', 'Monsieur']</msg>
<var>${allowed_titles}</var>
<arg>Mr</arg>
<arg>Ms</arg>
<arg>Miss</arg>
<arg>Mrs</arg>
<arg>Madame</arg>
<arg>Monsieur</arg>
<doc>Returns a list containing given items.</doc>
<status status="PASS" start="2024-08-04T11:13:24.196341" elapsed="0.000176"/>
</kw>
<kw name="List Should Contain Value" owner="Collections">
<arg>${allowed_titles}</arg>
<arg>${name_title}</arg>
<doc>Fails if the ``value`` is not found from ``list``.</doc>
<status status="PASS" start="2024-08-04T11:13:24.196822" elapsed="0.000180"/>
</kw>
<kw name="Set Variable" owner="BuiltIn">
<msg time="2024-08-04T11:13:24.197551" level="INFO">${name_country} = US</msg>
<var>${name_country}</var>
<arg>${json_data["results"][0]["nat"]}</arg>
<doc>Returns the given values which can then be assigned to a variables.</doc>
<status status="PASS" start="2024-08-04T11:13:24.197181" elapsed="0.000395"/>
</kw>
<kw name="Create List" owner="BuiltIn">
<msg time="2024-08-04T11:13:24.198461" level="INFO">${list_country} = ['AD', 'AE', 'AF', 'AG', 'AI', 'AL', 'AM', 'AO', 'AQ', 'AR', 'AS', 'AT', 'AU', 'AW', 'AX', 'AZ', 'BA', 'BB', 'BD', 'BE', 'BF', 'BG', 'BH', 'BI', 'BJ', 'BL', 'BM', 'BN', 'BO', 'BQ', 'BR', 'BS', 'BT', '...</msg>
<var>${list_country}</var>
<arg>AD</arg>
<arg>AE</arg>
<arg>AF</arg>
<arg>AG</arg>
<arg>AI</arg>
<arg>AL</arg>
<arg>AM</arg>
<arg>AO</arg>
<arg>AQ</arg>
<arg>AR</arg>
<arg>AS</arg>
<arg>AT</arg>
<arg>AU</arg>
<arg>AW</arg>
<arg>AX</arg>
<arg>AZ</arg>
<arg>BA</arg>
<arg>BB</arg>
<arg>BD</arg>
<arg>BE</arg>
<arg>BF</arg>
<arg>BG</arg>
<arg>BH</arg>
<arg>BI</arg>
<arg>BJ</arg>
<arg>BL</arg>
<arg>BM</arg>
<arg>BN</arg>
<arg>BO</arg>
<arg>BQ</arg>
<arg>BR</arg>
<arg>BS</arg>
<arg>BT</arg>
<arg>BV</arg>
<arg>BW</arg>
<arg>BY</arg>
<arg>BZ</arg>
<arg>CA</arg>
<arg>CC</arg>
<arg>CD</arg>
<arg>CF</arg>
<arg>CG</arg>
<arg>CH</arg>
<arg>CI</arg>
<arg>CK</arg>
<arg>CL</arg>
<arg>CM</arg>
<arg>CN</arg>
<arg>CO</arg>
<arg>CR</arg>
<arg>CU</arg>
<arg>CV</arg>
<arg>CW</arg>
<arg>CX</arg>
<arg>CY</arg>
<arg>CZ</arg>
<arg>DE</arg>
<arg>DJ</arg>
<arg>DK</arg>
<arg>DM</arg>
<arg>DO</arg>
<arg>DZ</arg>
<arg>EC</arg>
<arg>EE</arg>
<arg>EG</arg>
<arg>EH</arg>
<arg>ER</arg>
<arg>ES</arg>
<arg>ET</arg>
<arg>FI</arg>
<arg>FJ</arg>
<arg>FK</arg>
<arg>FM</arg>
<arg>FO</arg>
<arg>FR</arg>
<arg>GA</arg>
<arg>GB</arg>
<arg>GD</arg>
<arg>GE</arg>
<arg>GF</arg>
<arg>GG</arg>
<arg>GH</arg>
<arg>GI</arg>
<arg>GL</arg>
<arg>GM</arg>
<arg>GN</arg>
<arg>GP</arg>
<arg>GQ</arg>
<arg>GR</arg>
<arg>GS</arg>
<arg>GT</arg>
<arg>GU</arg>
<arg>GW</arg>
<arg>GY</arg>
<arg>HK</arg>
<arg>HM</arg>
<arg>HN</arg>
<arg>HR</arg>
<arg>HT</arg>
<arg>HU</arg>
<arg>ID</arg>
<arg>IE</arg>
<arg>IL</arg>
<arg>IM</arg>
<arg>IN</arg>
<arg>IO</arg>
<arg>IQ</arg>
<arg>IR</arg>
<arg>IS</arg>
<arg>IT</arg>
<arg>JE</arg>
<arg>JM</arg>
<arg>JO</arg>
<arg>JP</arg>
<arg>KE</arg>
<arg>KG</arg>
<arg>KH</arg>
<arg>KI</arg>
<arg>KM</arg>
<arg>KN</arg>
<arg>KP</arg>
<arg>KR</arg>
<arg>KW</arg>
<arg>KY</arg>
<arg>KZ</arg>
<arg>LA</arg>
<arg>LB</arg>
<arg>LC</arg>
<arg>LI</arg>
<arg>LK</arg>
<arg>LR</arg>
<arg>LS</arg>
<arg>LT</arg>
<arg>LU</arg>
<arg>LV</arg>
<arg>LY</arg>
<arg>MA</arg>
<arg>MC</arg>
<arg>MD</arg>
<arg>ME</arg>
<arg>MF</arg>
<arg>MG</arg>
<arg>MH</arg>
<arg>MK</arg>
<arg>ML</arg>
<arg>MM</arg>
<arg>MN</arg>
<arg>MO</arg>
<arg>MP</arg>
<arg>MQ</arg>
<arg>MR</arg>
<arg>MS</arg>
<arg>MT</arg>
<arg>MU</arg>
<arg>MV</arg>
<arg>MW</arg>
<arg>MX</arg>
<arg>MY</arg>
<arg>MZ</arg>
<arg>NA</arg>
<arg>NC</arg>
<arg>NE</arg>
<arg>NF</arg>
<arg>NG</arg>
<arg>NI</arg>
<arg>NL</arg>
<arg>NO</arg>
<arg>NP</arg>
<arg>NR</arg>
<arg>NU</arg>
<arg>NZ</arg>
<arg>OM</arg>
<arg>PA</arg>
<arg>PE</arg>
<arg>PF</arg>
<arg>PG</arg>
<arg>PH</arg>
<arg>PK</arg>
<arg>PL</arg>
<arg>PM</arg>
<arg>PN</arg>
<arg>PR</arg>
<arg>PS</arg>
<arg>PT</arg>
<arg>PW</arg>
<arg>PY</arg>
<arg>QA</arg>
<arg>RE</arg>
<arg>RO</arg>
<arg>RS</arg>
<arg>RU</arg>
<arg>RW</arg>
<arg>SA</arg>
<arg>SB</arg>
<arg>SC</arg>
<arg>SD</arg>
<arg>SE</arg>
<arg>SG</arg>
<arg>SH</arg>
<arg>SI</arg>
<arg>SJ</arg>
<arg>SK</arg>
<arg>SL</arg>
<arg>SM</arg>
<arg>SN</arg>
<arg>SO</arg>
<arg>SR</arg>
<arg>SS</arg>
<arg>ST</arg>
<arg>SV</arg>
<arg>SX</arg>
<arg>SY</arg>
<arg>SZ</arg>
<arg>TC</arg>
<arg>TD</arg>
<arg>TF</arg>
<arg>TG</arg>
<arg>TH</arg>
<arg>TJ</arg>
<arg>TK</arg>
<arg>TL</arg>
<arg>TM</arg>
<arg>TN</arg>
<arg>TO</arg>
<arg>TR</arg>
<arg>TT</arg>
<arg>TV</arg>
<arg>TW</arg>
<arg>TZ</arg>
<arg>UA</arg>
<arg>UG</arg>
<arg>UM</arg>
<arg>US</arg>
<arg>UY</arg>
<arg>UZ</arg>
<arg>VA</arg>
<arg>VC</arg>
<arg>VE</arg>
<arg>VG</arg>
<arg>VI</arg>
<arg>VN</arg>
<arg>VU</arg>
<arg>WF</arg>
<arg>WS</arg>
<arg>XK</arg>
<arg>YE</arg>
<arg>YT</arg>
<arg>ZA</arg>
<arg>ZM</arg>
<arg>ZW</arg>
<doc>Returns a list containing given items.</doc>
<status status="PASS" start="2024-08-04T11:13:24.197865" elapsed="0.000621"/>
</kw>
<kw name="List Should Contain Value" owner="Collections">
<arg>${list_country}</arg>
<arg>${name_country}</arg>
<doc>Fails if the ``value`` is not found from ``list``.</doc>
<status status="PASS" start="2024-08-04T11:13:24.199461" elapsed="0.000231"/>
</kw>
<kw name="Run Keyword If" owner="BuiltIn">
<kw name="Should Be True" owner="BuiltIn">
<arg>${True}</arg>
<doc>Fails if the given condition is not true.</doc>
<status status="PASS" start="2024-08-04T11:13:24.200676" elapsed="0.000142"/>
</kw>
<arg>${json_data["results"][0]["location"]["coordinates"]["latitude"]} &gt;= -90 and ${json_data["results"][0]["location"]["coordinates"]["latitude"]} &lt;= 90</arg>
<arg>Should Be True</arg>
<arg>${True}</arg>
<doc>Runs the given keyword with the given arguments, if ``condition`` is true.</doc>
<status status="PASS" start="2024-08-04T11:13:24.199903" elapsed="0.001041"/>
</kw>
<kw name="Run Keyword If" owner="BuiltIn">
<kw name="Should Be True" owner="BuiltIn">
<arg>${True}</arg>
<doc>Fails if the given condition is not true.</doc>
<status status="PASS" start="2024-08-04T11:13:24.201825" elapsed="0.000136"/>
</kw>
<arg>${json_data["results"][0]["location"]["coordinates"]["longitude"]} &gt;= -180 and ${json_data["results"][0]["location"]["coordinates"]["longitude"]} &lt;= 180</arg>
<arg>Should Be True</arg>
<arg>${True}</arg>
<doc>Runs the given keyword with the given arguments, if ``condition`` is true.</doc>
<status status="PASS" start="2024-08-04T11:13:24.201127" elapsed="0.000962"/>
</kw>
<status status="PASS" start="2024-08-04T11:13:24.102417" elapsed="0.099801"/>
</kw>
<doc>Testa o conteúdo específico dos campos retornados pela API.</doc>
<tag>testeConteudo</tag>
<status status="PASS" start="2024-08-04T11:13:24.101893" elapsed="0.100477"/>
</test>
<status status="PASS" start="2024-08-04T11:13:22.910506" elapsed="1.293869"/>
</suite>
<status status="PASS" start="2024-08-04T11:13:22.895807" elapsed="1.313710"/>
</suite>
<statistics>
<total>
<stat pass="5" fail="0" skip="0">All Tests</stat>
</total>
<tag>
<stat pass="1" fail="0" skip="0">testeConteudo</stat>
<stat pass="1" fail="0" skip="0">testeEstruturaResposta</stat>
<stat pass="1" fail="0" skip="0">testeRequisicaoBasica</stat>
<stat pass="1" fail="0" skip="0">testeTiposDados</stat>
</tag>
<suite>
<stat pass="5" fail="0" skip="0" id="s1" name="Tests">Tests</stat>
<stat pass="5" fail="0" skip="0" id="s1-s1" name="Random-User-Test">Tests.Random-User-Test</stat>
</suite>
</statistics>
<errors>
</errors>
</robot>
