<?xml version="1.0" encoding="UTF-8"?>
<robot generator="Robot 7.0.1 (Python 3.12.4 on linux)" generated="2024-06-24T23:17:03.338278" rpa="false" schemaversion="5">
<suite id="s1" name="Tests" source="/home/runner/work/ApiRandomUser/ApiRandomUser/RamdonUser/tests">
<suite id="s1-s1" name="Random-User-Test" source="/home/runner/work/ApiRandomUser/ApiRandomUser/RamdonUser/tests/random-user-test.robot">
<test id="s1-s1-t1" name="Conectar" line="13">
<kw name="Conectar API" owner="random-user-service">
<kw name="Create Session" owner="RequestsLibrary">
<msg time="2024-06-24T23:17:03.752757" level="INFO">Creating Session using : alias=consultarAPI, url=https://randomuser.me/, headers={},                     cookies={}, auth=None, timeout=None, proxies=None, verify=False,                     debug=0 </msg>
<arg>consultarAPI</arg>
<arg>${URL}</arg>
<doc>Create Session: create a HTTP session to a server</doc>
<status status="PASS" start="2024-06-24T23:17:03.752545" elapsed="0.000407"/>
</kw>
<status status="PASS" start="2024-06-24T23:17:03.751502" elapsed="0.001823"/>
</kw>
<status status="PASS" start="2024-06-24T23:17:03.750818" elapsed="0.002700"/>
</test>
<test id="s1-s1-t2" name="Validar retorno 200 e JSON Válido" line="16">
<kw name="Teste de Requisicao Basica" owner="random-user-service">
<kw name="GET On Session" owner="RequestsLibrary">
<msg time="2024-06-24T23:17:04.361241" level="INFO">GET Request : url=https://randomuser.me/api 
 path_url=/api 
 headers={'User-Agent': 'python-requests/2.32.3', 'Accept-Encoding': 'gzip, deflate', 'Accept': '*/*', 'Connection': 'keep-alive'} 
 body=None 
 </msg>
<msg time="2024-06-24T23:17:04.361410" level="INFO">GET Response : url=https://randomuser.me/api 
 status=200, reason=OK 
 headers={'Date': 'Mon, 24 Jun 2024 23:17:04 GMT', 'Content-Type': 'application/json; charset=utf-8', 'Transfer-Encoding': 'chunked', 'Connection': 'keep-alive', 'X-Powered-By': 'Express', 'Access-Control-Allow-Origin': '*', 'Cache-Control': 'no-cache', 'ETag': 'W/"473-LXixMuMER388HmDDmfWOwVMUJhI"', 'Vary': 'Accept-Encoding', 'Content-Encoding': 'gzip', 'CF-Cache-Status': 'DYNAMIC', 'Report-To': '{"endpoints":[{"url":"https:\\/\\/a.nel.cloudflare.com\\/report\\/v4?s=VJpymbmE6Sf9q2NSlDdSDTYRMQ1s4MqW5xjGGmlS0F7G9Na%2FMbG19rTYk9z5zpohJJ0RLyhhCsB6Uq8QouWTkdUwPlEnZwtOTgaLz%2FmDzZOZrzE5cn1qh0VV3KeQCrlm"}],"group":"cf-nel","max_age":604800}', 'NEL': '{"success_fraction":0,"report_to":"cf-nel","max_age":604800}', 'Server': 'cloudflare', 'CF-RAY': '89906ddaaa56fa1a-SJC', 'alt-svc': 'h3=":443"; ma=86400'} 
 body={"results":[{"gender":"male","name":{"title":"Mr","first":"Anto","last":"Hilpert"},"location":{"street":{"number":1874,"name":"Meisenweg"},"city":"Herbrechtingen","state":"Hessen","country":"Germany","postcode":89576,"coordinates":{"latitude":"-49.7908","longitude":"-129.0373"},"timezone":{"offset":"-9:00","description":"Alaska"}},"email":"anto.hilpert@example.com","login":{"uuid":"1512a56e-f43e-480e-9b40-fcfd18d0d1ea","username":"crazybird991","password":"pudding","salt":"0sm6Ia3f","md5":"95827274bf8cde3e8378ba3383a1c19f","sha1":"015e328d979706322b8dd2db7b82aae22aff03cf","sha256":"094d88545b034fd96ca9051645b4891d7ac2f6281eee68bd6194410808fe7c9f"},"dob":{"date":"1988-07-22T06:48:27.925Z","age":35},"registered":{"date":"2021-03-07T11:10:00.586Z","age":3},"phone":"0058-0809682","cell":"0171-7339275","id":{"name":"SVNR","value":"62 220788 H 095"},"picture":{"large":"https://randomuser.me/api/portraits/men/83.jpg","medium":"https://randomuser.me/api/portraits/med/men/83.jpg","thumbnail":"https://randomuser.me/api/portraits/thumb/men/83.jpg"},"nat":"DE"}],"info":{"seed":"c9dd80fa694dfef4","results":1,"page":1,"version":"1.4"}} 
 </msg>
<msg time="2024-06-24T23:17:04.361492" level="INFO">/opt/hostedtoolcache/Python/3.12.4/x64/lib/python3.12/site-packages/urllib3/connectionpool.py:1099: InsecureRequestWarning: Unverified HTTPS request is being made to host 'randomuser.me'. Adding certificate verification is strongly advised. See: https://urllib3.readthedocs.io/en/latest/advanced-usage.html#tls-warnings
  warnings.warn(</msg>
<msg time="2024-06-24T23:17:04.361656" level="INFO">${response} = &lt;Response [200]&gt;</msg>
<var>${response}</var>
<arg>consultarAPI</arg>
<arg>/api</arg>
<doc>Sends a GET request on a previously created HTTP Session.</doc>
<status status="PASS" start="2024-06-24T23:17:03.756230" elapsed="0.605470"/>
</kw>
<kw name="Should Be Equal As Numbers" owner="BuiltIn">
<msg time="2024-06-24T23:17:04.362728" level="INFO">Argument types are:
&lt;class 'int'&gt;
&lt;class 'str'&gt;</msg>
<arg>${response.status_code}</arg>
<arg>200</arg>
<doc>Fails if objects are unequal after converting them to real numbers.</doc>
<status status="PASS" start="2024-06-24T23:17:04.362267" elapsed="0.000531"/>
</kw>
<kw name="Log" owner="BuiltIn">
<msg time="2024-06-24T23:17:04.363464" level="INFO">200</msg>
<arg>${response.status_code}</arg>
<doc>Logs the given message with the given level.</doc>
<status status="PASS" start="2024-06-24T23:17:04.363120" elapsed="0.000386"/>
</kw>
<kw name="Set Variable" owner="BuiltIn">
<msg time="2024-06-24T23:17:04.364295" level="INFO">${json_data} = {'results': [{'gender': 'male', 'name': {'title': 'Mr', 'first': 'Anto', 'last': 'Hilpert'}, 'location': {'street': {'number': 1874, 'name': 'Meisenweg'}, 'city': 'Herbrechtingen', 'state': 'Hessen', ...</msg>
<var>${json_data}</var>
<arg>${response.json()}</arg>
<doc>Returns the given values which can then be assigned to a variables.</doc>
<status status="PASS" start="2024-06-24T23:17:04.363804" elapsed="0.000520"/>
</kw>
<kw name="Dictionary Should Contain Key" owner="Collections">
<arg>${json_data}</arg>
<arg>results</arg>
<doc>Fails if ``key`` is not found from ``dictionary``.</doc>
<status status="PASS" start="2024-06-24T23:17:04.364624" elapsed="0.000164"/>
</kw>
<status status="PASS" start="2024-06-24T23:17:03.755941" elapsed="0.608996"/>
</kw>
<doc>Testa se a API responde corretamente e retorna um objeto JSON válido.</doc>
<tag>testeRequisicaoBasica</tag>
<status status="PASS" start="2024-06-24T23:17:03.755397" elapsed="0.609714"/>
</test>
<test id="s1-s1-t3" name="Validar estrutura de resposta" line="22">
<kw name="Teste de Estrutura de Resposta" owner="random-user-service">
<kw name="GET On Session" owner="RequestsLibrary">
<msg time="2024-06-24T23:17:04.864273" level="INFO">GET Request : url=https://randomuser.me/api 
 path_url=/api 
 headers={'User-Agent': 'python-requests/2.32.3', 'Accept-Encoding': 'gzip, deflate', 'Accept': '*/*', 'Connection': 'keep-alive'} 
 body=None 
 </msg>
<msg time="2024-06-24T23:17:04.864376" level="INFO">GET Response : url=https://randomuser.me/api 
 status=200, reason=OK 
 headers={'Date': 'Mon, 24 Jun 2024 23:17:04 GMT', 'Content-Type': 'application/json; charset=utf-8', 'Transfer-Encoding': 'chunked', 'Connection': 'keep-alive', 'X-Powered-By': 'Express', 'Access-Control-Allow-Origin': '*', 'Cache-Control': 'no-cache', 'ETag': 'W/"475-ftzXdOZJWfFG+Fd8hOQOFCG4QbY"', 'Vary': 'Accept-Encoding', 'Content-Encoding': 'gzip', 'CF-Cache-Status': 'DYNAMIC', 'Report-To': '{"endpoints":[{"url":"https:\\/\\/a.nel.cloudflare.com\\/report\\/v4?s=893WHW30rpQYkyAGsu9LtP%2BZwty4KnJwXPLnNqFjtc9Uw3Y6IMb4X9AYterJuVm5FGgNGkKeXyvPfKB7cizSNgP9gaNr3zj3mJcNNviB6isU5CEbVHYfgelFdCY9uaOr"}],"group":"cf-nel","max_age":604800}', 'NEL': '{"success_fraction":0,"report_to":"cf-nel","max_age":604800}', 'Server': 'cloudflare', 'CF-RAY': '89906dde5d71fa1a-SJC', 'alt-svc': 'h3=":443"; ma=86400'} 
 body={"results":[{"gender":"female","name":{"title":"Ms","first":"Mary","last":"Fox"},"location":{"street":{"number":5808,"name":"Park Lane"},"city":"Navan","state":"Fingal","country":"Ireland","postcode":95224,"coordinates":{"latitude":"-0.6462","longitude":"123.2820"},"timezone":{"offset":"-1:00","description":"Azores, Cape Verde Islands"}},"email":"mary.fox@example.com","login":{"uuid":"b4e699a4-f8af-4a9b-a3c4-2817560c5d9a","username":"crazycat550","password":"sheepdog","salt":"GN0PMROm","md5":"ab5add13a88956ad203dde5b8e65fafe","sha1":"2128f55a8bde620f14eeeafffd8a06dd8ba13a5a","sha256":"02f103e570eceebae0f95840879695c6d4655bebbf1cc828af9df93f6006d2ea"},"dob":{"date":"1948-05-16T09:32:23.351Z","age":76},"registered":{"date":"2012-03-30T03:51:33.540Z","age":12},"phone":"041-083-8560","cell":"081-298-4716","id":{"name":"PPS","value":"8904474T"},"picture":{"large":"https://randomuser.me/api/portraits/women/34.jpg","medium":"https://randomuser.me/api/portraits/med/women/34.jpg","thumbnail":"https://randomuser.me/api/portraits/thumb/women/34.jpg"},"nat":"IE"}],"info":{"seed":"9069e10111e8406f","results":1,"page":1,"version":"1.4"}} 
 </msg>
<msg time="2024-06-24T23:17:04.864507" level="INFO">/opt/hostedtoolcache/Python/3.12.4/x64/lib/python3.12/site-packages/urllib3/connectionpool.py:1099: InsecureRequestWarning: Unverified HTTPS request is being made to host 'randomuser.me'. Adding certificate verification is strongly advised. See: https://urllib3.readthedocs.io/en/latest/advanced-usage.html#tls-warnings
  warnings.warn(</msg>
<msg time="2024-06-24T23:17:04.864632" level="INFO">${response} = &lt;Response [200]&gt;</msg>
<var>${response}</var>
<arg>consultarAPI</arg>
<arg>/api</arg>
<doc>Sends a GET request on a previously created HTTP Session.</doc>
<status status="PASS" start="2024-06-24T23:17:04.367646" elapsed="0.497014"/>
</kw>
<kw name="Set Variable" owner="BuiltIn">
<msg time="2024-06-24T23:17:04.865716" level="INFO">${json_data} = {'results': [{'gender': 'female', 'name': {'title': 'Ms', 'first': 'Mary', 'last': 'Fox'}, 'location': {'street': {'number': 5808, 'name': 'Park Lane'}, 'city': 'Navan', 'state': 'Fingal', 'country': ...</msg>
<var>${json_data}</var>
<arg>${response.json()}</arg>
<doc>Returns the given values which can then be assigned to a variables.</doc>
<status status="PASS" start="2024-06-24T23:17:04.865194" elapsed="0.000550"/>
</kw>
<kw name="Log" owner="BuiltIn">
<msg time="2024-06-24T23:17:04.866211" level="INFO">{'results': [{'gender': 'female', 'name': {'title': 'Ms', 'first': 'Mary', 'last': 'Fox'}, 'location': {'street': {'number': 5808, 'name': 'Park Lane'}, 'city': 'Navan', 'state': 'Fingal', 'country': 'Ireland', 'postcode': 95224, 'coordinates': {'latitude': '-0.6462', 'longitude': '123.2820'}, 'timezone': {'offset': '-1:00', 'description': 'Azores, Cape Verde Islands'}}, 'email': 'mary.fox@example.com', 'login': {'uuid': 'b4e699a4-f8af-4a9b-a3c4-2817560c5d9a', 'username': 'crazycat550', 'password': 'sheepdog', 'salt': 'GN0PMROm', 'md5': 'ab5add13a88956ad203dde5b8e65fafe', 'sha1': '2128f55a8bde620f14eeeafffd8a06dd8ba13a5a', 'sha256': '02f103e570eceebae0f95840879695c6d4655bebbf1cc828af9df93f6006d2ea'}, 'dob': {'date': '1948-05-16T09:32:23.351Z', 'age': 76}, 'registered': {'date': '2012-03-30T03:51:33.540Z', 'age': 12}, 'phone': '041-083-8560', 'cell': '081-298-4716', 'id': {'name': 'PPS', 'value': '8904474T'}, 'picture': {'large': 'https://randomuser.me/api/portraits/women/34.jpg', 'medium': 'https://randomuser.me/api/portraits/med/women/34.jpg', 'thumbnail': 'https://randomuser.me/api/portraits/thumb/women/34.jpg'}, 'nat': 'IE'}], 'info': {'seed': '9069e10111e8406f', 'results': 1, 'page': 1, 'version': '1.4'}}</msg>
<arg>${json_data}</arg>
<doc>Logs the given message with the given level.</doc>
<status status="PASS" start="2024-06-24T23:17:04.866055" elapsed="0.000203"/>
</kw>
<kw name="Dictionary Should Contain Key" owner="Collections">
<arg>${json_data}</arg>
<arg>results</arg>
<doc>Fails if ``key`` is not found from ``dictionary``.</doc>
<status status="PASS" start="2024-06-24T23:17:04.866544" elapsed="0.000154"/>
</kw>
<kw name="Should Not Be Empty" owner="BuiltIn">
<msg time="2024-06-24T23:17:04.867000" level="INFO">Length is 2.</msg>
<arg>${json_data}</arg>
<doc>Verifies that the given item is not empty.</doc>
<status status="PASS" start="2024-06-24T23:17:04.866879" elapsed="0.000158"/>
</kw>
<kw name="Create List" owner="BuiltIn">
<msg time="2024-06-24T23:17:04.867628" level="INFO">${expected_keys} = ['gender', 'name', 'location', 'email', 'login']</msg>
<var>${expected_keys}</var>
<arg>gender</arg>
<arg>name</arg>
<arg>location</arg>
<arg>email</arg>
<arg>login</arg>
<doc>Returns a list containing given items.</doc>
<status status="PASS" start="2024-06-24T23:17:04.867320" elapsed="0.000333"/>
</kw>
<for flavor="IN">
<iter>
<kw name="Dictionary Should Contain Key" owner="Collections">
<arg>${json_data['results'][0]}</arg>
<arg>${key}</arg>
<doc>Fails if ``key`` is not found from ``dictionary``.</doc>
<status status="PASS" start="2024-06-24T23:17:04.868276" elapsed="0.000401"/>
</kw>
<kw name="Log" owner="BuiltIn">
<msg time="2024-06-24T23:17:04.869218" level="INFO">{'gender': 'female', 'name': {'title': 'Ms', 'first': 'Mary', 'last': 'Fox'}, 'location': {'street': {'number': 5808, 'name': 'Park Lane'}, 'city': 'Navan', 'state': 'Fingal', 'country': 'Ireland', 'postcode': 95224, 'coordinates': {'latitude': '-0.6462', 'longitude': '123.2820'}, 'timezone': {'offset': '-1:00', 'description': 'Azores, Cape Verde Islands'}}, 'email': 'mary.fox@example.com', 'login': {'uuid': 'b4e699a4-f8af-4a9b-a3c4-2817560c5d9a', 'username': 'crazycat550', 'password': 'sheepdog', 'salt': 'GN0PMROm', 'md5': 'ab5add13a88956ad203dde5b8e65fafe', 'sha1': '2128f55a8bde620f14eeeafffd8a06dd8ba13a5a', 'sha256': '02f103e570eceebae0f95840879695c6d4655bebbf1cc828af9df93f6006d2ea'}, 'dob': {'date': '1948-05-16T09:32:23.351Z', 'age': 76}, 'registered': {'date': '2012-03-30T03:51:33.540Z', 'age': 12}, 'phone': '041-083-8560', 'cell': '081-298-4716', 'id': {'name': 'PPS', 'value': '8904474T'}, 'picture': {'large': 'https://randomuser.me/api/portraits/women/34.jpg', 'medium': 'https://randomuser.me/api/portraits/med/women/34.jpg', 'thumbnail': 'https://randomuser.me/api/portraits/thumb/women/34.jpg'}, 'nat': 'IE'}</msg>
<arg>${json_data['results'][0]}</arg>
<doc>Logs the given message with the given level.</doc>
<status status="PASS" start="2024-06-24T23:17:04.868863" elapsed="0.000403"/>
</kw>
<kw name="Log" owner="BuiltIn">
<msg time="2024-06-24T23:17:04.869693" level="INFO">gender</msg>
<arg>${key}</arg>
<doc>Logs the given message with the given level.</doc>
<status status="PASS" start="2024-06-24T23:17:04.869564" elapsed="0.000166"/>
</kw>
<var name="${key}">gender</var>
<status status="PASS" start="2024-06-24T23:17:04.868144" elapsed="0.001804"/>
</iter>
<iter>
<kw name="Dictionary Should Contain Key" owner="Collections">
<arg>${json_data['results'][0]}</arg>
<arg>${key}</arg>
<doc>Fails if ``key`` is not found from ``dictionary``.</doc>
<status status="PASS" start="2024-06-24T23:17:04.870250" elapsed="0.000381"/>
</kw>
<kw name="Log" owner="BuiltIn">
<msg time="2024-06-24T23:17:04.871163" level="INFO">{'gender': 'female', 'name': {'title': 'Ms', 'first': 'Mary', 'last': 'Fox'}, 'location': {'street': {'number': 5808, 'name': 'Park Lane'}, 'city': 'Navan', 'state': 'Fingal', 'country': 'Ireland', 'postcode': 95224, 'coordinates': {'latitude': '-0.6462', 'longitude': '123.2820'}, 'timezone': {'offset': '-1:00', 'description': 'Azores, Cape Verde Islands'}}, 'email': 'mary.fox@example.com', 'login': {'uuid': 'b4e699a4-f8af-4a9b-a3c4-2817560c5d9a', 'username': 'crazycat550', 'password': 'sheepdog', 'salt': 'GN0PMROm', 'md5': 'ab5add13a88956ad203dde5b8e65fafe', 'sha1': '2128f55a8bde620f14eeeafffd8a06dd8ba13a5a', 'sha256': '02f103e570eceebae0f95840879695c6d4655bebbf1cc828af9df93f6006d2ea'}, 'dob': {'date': '1948-05-16T09:32:23.351Z', 'age': 76}, 'registered': {'date': '2012-03-30T03:51:33.540Z', 'age': 12}, 'phone': '041-083-8560', 'cell': '081-298-4716', 'id': {'name': 'PPS', 'value': '8904474T'}, 'picture': {'large': 'https://randomuser.me/api/portraits/women/34.jpg', 'medium': 'https://randomuser.me/api/portraits/med/women/34.jpg', 'thumbnail': 'https://randomuser.me/api/portraits/thumb/women/34.jpg'}, 'nat': 'IE'}</msg>
<arg>${json_data['results'][0]}</arg>
<doc>Logs the given message with the given level.</doc>
<status status="PASS" start="2024-06-24T23:17:04.870816" elapsed="0.000426"/>
</kw>
<kw name="Log" owner="BuiltIn">
<msg time="2024-06-24T23:17:04.871669" level="INFO">name</msg>
<arg>${key}</arg>
<doc>Logs the given message with the given level.</doc>
<status status="PASS" start="2024-06-24T23:17:04.871542" elapsed="0.000164"/>
</kw>
<var name="${key}">name</var>
<status status="PASS" start="2024-06-24T23:17:04.870137" elapsed="0.001786"/>
</iter>
<iter>
<kw name="Dictionary Should Contain Key" owner="Collections">
<arg>${json_data['results'][0]}</arg>
<arg>${key}</arg>
<doc>Fails if ``key`` is not found from ``dictionary``.</doc>
<status status="PASS" start="2024-06-24T23:17:04.872235" elapsed="0.000381"/>
</kw>
<kw name="Log" owner="BuiltIn">
<msg time="2024-06-24T23:17:04.873147" level="INFO">{'gender': 'female', 'name': {'title': 'Ms', 'first': 'Mary', 'last': 'Fox'}, 'location': {'street': {'number': 5808, 'name': 'Park Lane'}, 'city': 'Navan', 'state': 'Fingal', 'country': 'Ireland', 'postcode': 95224, 'coordinates': {'latitude': '-0.6462', 'longitude': '123.2820'}, 'timezone': {'offset': '-1:00', 'description': 'Azores, Cape Verde Islands'}}, 'email': 'mary.fox@example.com', 'login': {'uuid': 'b4e699a4-f8af-4a9b-a3c4-2817560c5d9a', 'username': 'crazycat550', 'password': 'sheepdog', 'salt': 'GN0PMROm', 'md5': 'ab5add13a88956ad203dde5b8e65fafe', 'sha1': '2128f55a8bde620f14eeeafffd8a06dd8ba13a5a', 'sha256': '02f103e570eceebae0f95840879695c6d4655bebbf1cc828af9df93f6006d2ea'}, 'dob': {'date': '1948-05-16T09:32:23.351Z', 'age': 76}, 'registered': {'date': '2012-03-30T03:51:33.540Z', 'age': 12}, 'phone': '041-083-8560', 'cell': '081-298-4716', 'id': {'name': 'PPS', 'value': '8904474T'}, 'picture': {'large': 'https://randomuser.me/api/portraits/women/34.jpg', 'medium': 'https://randomuser.me/api/portraits/med/women/34.jpg', 'thumbnail': 'https://randomuser.me/api/portraits/thumb/women/34.jpg'}, 'nat': 'IE'}</msg>
<arg>${json_data['results'][0]}</arg>
<doc>Logs the given message with the given level.</doc>
<status status="PASS" start="2024-06-24T23:17:04.872797" elapsed="0.000398"/>
</kw>
<kw name="Log" owner="BuiltIn">
<msg time="2024-06-24T23:17:04.873611" level="INFO">location</msg>
<arg>${key}</arg>
<doc>Logs the given message with the given level.</doc>
<status status="PASS" start="2024-06-24T23:17:04.873484" elapsed="0.000163"/>
</kw>
<var name="${key}">location</var>
<status status="PASS" start="2024-06-24T23:17:04.872124" elapsed="0.001737"/>
</iter>
<iter>
<kw name="Dictionary Should Contain Key" owner="Collections">
<arg>${json_data['results'][0]}</arg>
<arg>${key}</arg>
<doc>Fails if ``key`` is not found from ``dictionary``.</doc>
<status status="PASS" start="2024-06-24T23:17:04.874137" elapsed="0.000371"/>
</kw>
<kw name="Log" owner="BuiltIn">
<msg time="2024-06-24T23:17:04.875040" level="INFO">{'gender': 'female', 'name': {'title': 'Ms', 'first': 'Mary', 'last': 'Fox'}, 'location': {'street': {'number': 5808, 'name': 'Park Lane'}, 'city': 'Navan', 'state': 'Fingal', 'country': 'Ireland', 'postcode': 95224, 'coordinates': {'latitude': '-0.6462', 'longitude': '123.2820'}, 'timezone': {'offset': '-1:00', 'description': 'Azores, Cape Verde Islands'}}, 'email': 'mary.fox@example.com', 'login': {'uuid': 'b4e699a4-f8af-4a9b-a3c4-2817560c5d9a', 'username': 'crazycat550', 'password': 'sheepdog', 'salt': 'GN0PMROm', 'md5': 'ab5add13a88956ad203dde5b8e65fafe', 'sha1': '2128f55a8bde620f14eeeafffd8a06dd8ba13a5a', 'sha256': '02f103e570eceebae0f95840879695c6d4655bebbf1cc828af9df93f6006d2ea'}, 'dob': {'date': '1948-05-16T09:32:23.351Z', 'age': 76}, 'registered': {'date': '2012-03-30T03:51:33.540Z', 'age': 12}, 'phone': '041-083-8560', 'cell': '081-298-4716', 'id': {'name': 'PPS', 'value': '8904474T'}, 'picture': {'large': 'https://randomuser.me/api/portraits/women/34.jpg', 'medium': 'https://randomuser.me/api/portraits/med/women/34.jpg', 'thumbnail': 'https://randomuser.me/api/portraits/thumb/women/34.jpg'}, 'nat': 'IE'}</msg>
<arg>${json_data['results'][0]}</arg>
<doc>Logs the given message with the given level.</doc>
<status status="PASS" start="2024-06-24T23:17:04.874690" elapsed="0.000405"/>
</kw>
<kw name="Log" owner="BuiltIn">
<msg time="2024-06-24T23:17:04.875520" level="INFO">email</msg>
<arg>${key}</arg>
<doc>Logs the given message with the given level.</doc>
<status status="PASS" start="2024-06-24T23:17:04.875393" elapsed="0.000164"/>
</kw>
<var name="${key}">email</var>
<status status="PASS" start="2024-06-24T23:17:04.874032" elapsed="0.001738"/>
</iter>
<iter>
<kw name="Dictionary Should Contain Key" owner="Collections">
<arg>${json_data['results'][0]}</arg>
<arg>${key}</arg>
<doc>Fails if ``key`` is not found from ``dictionary``.</doc>
<status status="PASS" start="2024-06-24T23:17:04.876042" elapsed="0.000422"/>
</kw>
<kw name="Log" owner="BuiltIn">
<msg time="2024-06-24T23:17:04.876987" level="INFO">{'gender': 'female', 'name': {'title': 'Ms', 'first': 'Mary', 'last': 'Fox'}, 'location': {'street': {'number': 5808, 'name': 'Park Lane'}, 'city': 'Navan', 'state': 'Fingal', 'country': 'Ireland', 'postcode': 95224, 'coordinates': {'latitude': '-0.6462', 'longitude': '123.2820'}, 'timezone': {'offset': '-1:00', 'description': 'Azores, Cape Verde Islands'}}, 'email': 'mary.fox@example.com', 'login': {'uuid': 'b4e699a4-f8af-4a9b-a3c4-2817560c5d9a', 'username': 'crazycat550', 'password': 'sheepdog', 'salt': 'GN0PMROm', 'md5': 'ab5add13a88956ad203dde5b8e65fafe', 'sha1': '2128f55a8bde620f14eeeafffd8a06dd8ba13a5a', 'sha256': '02f103e570eceebae0f95840879695c6d4655bebbf1cc828af9df93f6006d2ea'}, 'dob': {'date': '1948-05-16T09:32:23.351Z', 'age': 76}, 'registered': {'date': '2012-03-30T03:51:33.540Z', 'age': 12}, 'phone': '041-083-8560', 'cell': '081-298-4716', 'id': {'name': 'PPS', 'value': '8904474T'}, 'picture': {'large': 'https://randomuser.me/api/portraits/women/34.jpg', 'medium': 'https://randomuser.me/api/portraits/med/women/34.jpg', 'thumbnail': 'https://randomuser.me/api/portraits/thumb/women/34.jpg'}, 'nat': 'IE'}</msg>
<arg>${json_data['results'][0]}</arg>
<doc>Logs the given message with the given level.</doc>
<status status="PASS" start="2024-06-24T23:17:04.876643" elapsed="0.000393"/>
</kw>
<kw name="Log" owner="BuiltIn">
<msg time="2024-06-24T23:17:04.877456" level="INFO">login</msg>
<arg>${key}</arg>
<doc>Logs the given message with the given level.</doc>
<status status="PASS" start="2024-06-24T23:17:04.877329" elapsed="0.000164"/>
</kw>
<var name="${key}">login</var>
<status status="PASS" start="2024-06-24T23:17:04.875937" elapsed="0.001769"/>
</iter>
<var>${key}</var>
<value>@{expected_keys}</value>
<status status="PASS" start="2024-06-24T23:17:04.867916" elapsed="0.009907"/>
</for>
<kw name="Create List" owner="BuiltIn">
<msg time="2024-06-24T23:17:04.878144" level="INFO">${expected_keysTwo} = ['username', 'password']</msg>
<var>${expected_keysTwo}</var>
<arg>username</arg>
<arg>password</arg>
<doc>Returns a list containing given items.</doc>
<status status="PASS" start="2024-06-24T23:17:04.878009" elapsed="0.000158"/>
</kw>
<for flavor="IN">
<iter>
<kw name="Dictionary Should Contain Key" owner="Collections">
<arg>${json_data['results'][0]['login']}</arg>
<arg>${keyTwo}</arg>
<doc>Fails if ``key`` is not found from ``dictionary``.</doc>
<status status="PASS" start="2024-06-24T23:17:04.878696" elapsed="0.000383"/>
</kw>
<kw name="Dictionary Should Contain Key" owner="Collections">
<arg>${json_data['results'][0]['login']}</arg>
<arg>${keyTwo}</arg>
<doc>Fails if ``key`` is not found from ``dictionary``.</doc>
<status status="PASS" start="2024-06-24T23:17:04.879265" elapsed="0.000369"/>
</kw>
<kw name="Log" owner="BuiltIn">
<msg time="2024-06-24T23:17:04.879930" level="INFO">username</msg>
<arg>${keyTwo}</arg>
<doc>Logs the given message with the given level.</doc>
<status status="PASS" start="2024-06-24T23:17:04.879811" elapsed="0.000157"/>
</kw>
<var name="${keyTwo}">username</var>
<status status="PASS" start="2024-06-24T23:17:04.878589" elapsed="0.001631"/>
</iter>
<iter>
<kw name="Dictionary Should Contain Key" owner="Collections">
<arg>${json_data['results'][0]['login']}</arg>
<arg>${keyTwo}</arg>
<doc>Fails if ``key`` is not found from ``dictionary``.</doc>
<status status="PASS" start="2024-06-24T23:17:04.880493" elapsed="0.000377"/>
</kw>
<kw name="Dictionary Should Contain Key" owner="Collections">
<arg>${json_data['results'][0]['login']}</arg>
<arg>${keyTwo}</arg>
<doc>Fails if ``key`` is not found from ``dictionary``.</doc>
<status status="PASS" start="2024-06-24T23:17:04.881047" elapsed="0.000369"/>
</kw>
<kw name="Log" owner="BuiltIn">
<msg time="2024-06-24T23:17:04.881708" level="INFO">password</msg>
<arg>${keyTwo}</arg>
<doc>Logs the given message with the given level.</doc>
<status status="PASS" start="2024-06-24T23:17:04.881591" elapsed="0.000154"/>
</kw>
<var name="${keyTwo}">password</var>
<status status="PASS" start="2024-06-24T23:17:04.880388" elapsed="0.001673"/>
</iter>
<var>${keyTwo}</var>
<value>@{expected_keysTwo}</value>
<status status="PASS" start="2024-06-24T23:17:04.878433" elapsed="0.003747"/>
</for>
<status status="PASS" start="2024-06-24T23:17:04.367409" elapsed="0.514910"/>
</kw>
<doc>Testa a estrutura da resposta da API.</doc>
<tag>testeEstruturaResposta</tag>
<status status="PASS" start="2024-06-24T23:17:04.366897" elapsed="0.515579"/>
</test>
<test id="s1-s1-t4" name="Validar tipos de dados" line="28">
<kw name="Teste de Tipos de Dados" owner="random-user-service">
<kw name="GET On Session" owner="RequestsLibrary">
<msg time="2024-06-24T23:17:05.080552" level="INFO">GET Request : url=https://randomuser.me/api 
 path_url=/api 
 headers={'User-Agent': 'python-requests/2.32.3', 'Accept-Encoding': 'gzip, deflate', 'Accept': '*/*', 'Connection': 'keep-alive'} 
 body=None 
 </msg>
<msg time="2024-06-24T23:17:05.080663" level="INFO">GET Response : url=https://randomuser.me/api 
 status=200, reason=OK 
 headers={'Date': 'Mon, 24 Jun 2024 23:17:05 GMT', 'Content-Type': 'application/json; charset=utf-8', 'Transfer-Encoding': 'chunked', 'Connection': 'keep-alive', 'X-Powered-By': 'Express', 'Access-Control-Allow-Origin': '*', 'Cache-Control': 'no-cache', 'ETag': 'W/"492-6fZM1gTf3ZtSnp+oR+RmO9KJcws"', 'Vary': 'Accept-Encoding', 'Content-Encoding': 'gzip', 'CF-Cache-Status': 'DYNAMIC', 'Report-To': '{"endpoints":[{"url":"https:\\/\\/a.nel.cloudflare.com\\/report\\/v4?s=DQYY630pO9Tl2FTY01SGqcinmQf8W5CVTaGAWvbDexUu%2FzvF2uufYAa5JcrcqvZ01SZw4kER%2BHtH3egpRHa4IuwIy3UTCTpaWP3US%2B3WEx%2FTmzoJQ8nmyobEM1O%2BZCZ9"}],"group":"cf-nel","max_age":604800}', 'NEL': '{"success_fraction":0,"report_to":"cf-nel","max_age":604800}', 'Server': 'cloudflare', 'CF-RAY': '89906de18ffbfa1a-SJC', 'alt-svc': 'h3=":443"; ma=86400'} 
 body={"results":[{"gender":"female","name":{"title":"Ms","first":"Taara","last":"Mardhekar"},"location":{"street":{"number":2979,"name":"Lindsay St"},"city":"Arrah","state":"Manipur","country":"India","postcode":90004,"coordinates":{"latitude":"7.3943","longitude":"139.4400"},"timezone":{"offset":"+9:00","description":"Tokyo, Seoul, Osaka, Sapporo, Yakutsk"}},"email":"taara.mardhekar@example.com","login":{"uuid":"e8ee4719-ea0a-492e-b1d1-9c83be1fd5b6","username":"beautifullion789","password":"stefan","salt":"QaOMk3mg","md5":"115cab6711ea9f859f3aa01b30cd7bfc","sha1":"52d9f9028ab352ebd04190883a68926717f3bff9","sha256":"8378b9e5b9032111be94dc2b91305ecdc957dfd57925a079040000486d3e6c93"},"dob":{"date":"1975-06-12T18:07:09.931Z","age":49},"registered":{"date":"2006-04-03T15:45:15.879Z","age":18},"phone":"9198373095","cell":"7252703325","id":{"name":"UIDAI","value":"919002095745"},"picture":{"large":"https://randomuser.me/api/portraits/women/72.jpg","medium":"https://randomuser.me/api/portraits/med/women/72.jpg","thumbnail":"https://randomuser.me/api/portraits/thumb/women/72.jpg"},"nat":"IN"}],"info":{"seed":"fd51d5224bc55f87","results":1,"page":1,"version":"1.4"}} 
 </msg>
<msg time="2024-06-24T23:17:05.080734" level="INFO">/opt/hostedtoolcache/Python/3.12.4/x64/lib/python3.12/site-packages/urllib3/connectionpool.py:1099: InsecureRequestWarning: Unverified HTTPS request is being made to host 'randomuser.me'. Adding certificate verification is strongly advised. See: https://urllib3.readthedocs.io/en/latest/advanced-usage.html#tls-warnings
  warnings.warn(</msg>
<msg time="2024-06-24T23:17:05.080848" level="INFO">${response} = &lt;Response [200]&gt;</msg>
<var>${response}</var>
<arg>consultarAPI</arg>
<arg>/api</arg>
<doc>Sends a GET request on a previously created HTTP Session.</doc>
<status status="PASS" start="2024-06-24T23:17:04.884967" elapsed="0.195923"/>
</kw>
<kw name="Set Variable" owner="BuiltIn">
<msg time="2024-06-24T23:17:05.081919" level="INFO">${json_data} = {'results': [{'gender': 'female', 'name': {'title': 'Ms', 'first': 'Taara', 'last': 'Mardhekar'}, 'location': {'street': {'number': 2979, 'name': 'Lindsay St'}, 'city': 'Arrah', 'state': 'Manipur', 'c...</msg>
<var>${json_data}</var>
<arg>${response.json()}</arg>
<doc>Returns the given values which can then be assigned to a variables.</doc>
<status status="PASS" start="2024-06-24T23:17:05.081405" elapsed="0.000544"/>
</kw>
<kw name="Log" owner="BuiltIn">
<msg time="2024-06-24T23:17:05.082417" level="INFO">{'results': [{'gender': 'female', 'name': {'title': 'Ms', 'first': 'Taara', 'last': 'Mardhekar'}, 'location': {'street': {'number': 2979, 'name': 'Lindsay St'}, 'city': 'Arrah', 'state': 'Manipur', 'country': 'India', 'postcode': 90004, 'coordinates': {'latitude': '7.3943', 'longitude': '139.4400'}, 'timezone': {'offset': '+9:00', 'description': 'Tokyo, Seoul, Osaka, Sapporo, Yakutsk'}}, 'email': 'taara.mardhekar@example.com', 'login': {'uuid': 'e8ee4719-ea0a-492e-b1d1-9c83be1fd5b6', 'username': 'beautifullion789', 'password': 'stefan', 'salt': 'QaOMk3mg', 'md5': '115cab6711ea9f859f3aa01b30cd7bfc', 'sha1': '52d9f9028ab352ebd04190883a68926717f3bff9', 'sha256': '8378b9e5b9032111be94dc2b91305ecdc957dfd57925a079040000486d3e6c93'}, 'dob': {'date': '1975-06-12T18:07:09.931Z', 'age': 49}, 'registered': {'date': '2006-04-03T15:45:15.879Z', 'age': 18}, 'phone': '9198373095', 'cell': '7252703325', 'id': {'name': 'UIDAI', 'value': '919002095745'}, 'picture': {'large': 'https://randomuser.me/api/portraits/women/72.jpg', 'medium': 'https://randomuser.me/api/portraits/med/women/72.jpg', 'thumbnail': 'https://randomuser.me/api/portraits/thumb/women/72.jpg'}, 'nat': 'IN'}], 'info': {'seed': 'fd51d5224bc55f87', 'results': 1, 'page': 1, 'version': '1.4'}}</msg>
<arg>${json_data}</arg>
<doc>Logs the given message with the given level.</doc>
<status status="PASS" start="2024-06-24T23:17:05.082260" elapsed="0.000207"/>
</kw>
<kw name="Should Be String" owner="String">
<arg>${json_data['results'][0]['gender']}</arg>
<doc>Fails if the given ``item`` is not a string.</doc>
<status status="PASS" start="2024-06-24T23:17:05.082753" elapsed="0.000363"/>
</kw>
<kw name="Should Match Regexp" owner="BuiltIn">
<arg>${json_data['results'][0]['email']}</arg>
<arg>^[a-zA-Z0-9._%+-]+@[a-zA-Z0-9.-]+\.[a-zA-Z]{2,}$</arg>
<doc>Fails if ``string`` does not match ``pattern`` as a regular expression.</doc>
<status status="PASS" start="2024-06-24T23:17:05.083309" elapsed="0.000522"/>
</kw>
<kw name="Should Match Regexp" owner="BuiltIn">
<arg>${json_data['results'][0]['dob']['date']}</arg>
<arg>\\d{4}-\\d{2}-\\d{2}T\\d{2}:\\d{2}:\\d{2}\\.\\d{3}Z</arg>
<doc>Fails if ``string`` does not match ``pattern`` as a regular expression.</doc>
<status status="PASS" start="2024-06-24T23:17:05.084094" elapsed="0.000504"/>
</kw>
<kw name="Should Match Regexp" owner="BuiltIn">
<arg>${json_data['results'][0]['registered']['date']}</arg>
<arg>\\d{4}-\\d{2}-\\d{2}T\\d{2}:\\d{2}:\\d{2}\\.\\d{3}Z</arg>
<doc>Fails if ``string`` does not match ``pattern`` as a regular expression.</doc>
<status status="PASS" start="2024-06-24T23:17:05.084788" elapsed="0.000365"/>
</kw>
<kw name="Should Match Regexp" owner="BuiltIn">
<arg>${json_data['results'][0]['picture']['large']}</arg>
<arg>^https?://.*\.(?:png|jpe?g|gif|bmp)$</arg>
<doc>Fails if ``string`` does not match ``pattern`` as a regular expression.</doc>
<status status="PASS" start="2024-06-24T23:17:05.085336" elapsed="0.000451"/>
</kw>
<kw name="Should Match Regexp" owner="BuiltIn">
<arg>${json_data['results'][0]['picture']['medium']}</arg>
<arg>^https?://.*\.(?:png|jpe?g|gif|bmp)$</arg>
<doc>Fails if ``string`` does not match ``pattern`` as a regular expression.</doc>
<status status="PASS" start="2024-06-24T23:17:05.085969" elapsed="0.000343"/>
</kw>
<kw name="Should Match Regexp" owner="BuiltIn">
<arg>${json_data['results'][0]['picture']['thumbnail']}</arg>
<arg>^https?://.*\.(?:png|jpe?g|gif|bmp)$</arg>
<doc>Fails if ``string`` does not match ``pattern`` as a regular expression.</doc>
<status status="PASS" start="2024-06-24T23:17:05.086490" elapsed="0.000347"/>
</kw>
<kw name="Log" owner="BuiltIn">
<msg time="2024-06-24T23:17:05.087330" level="INFO">{'large': 'https://randomuser.me/api/portraits/women/72.jpg', 'medium': 'https://randomuser.me/api/portraits/med/women/72.jpg', 'thumbnail': 'https://randomuser.me/api/portraits/thumb/women/72.jpg'}</msg>
<arg>${json_data['results'][0]['picture']}</arg>
<doc>Logs the given message with the given level.</doc>
<status status="PASS" start="2024-06-24T23:17:05.087012" elapsed="0.000359"/>
</kw>
<status status="PASS" start="2024-06-24T23:17:04.884743" elapsed="0.202884"/>
</kw>
<kw name="Teste de Tipos de Dados - Postcode" owner="random-user-service">
<kw name="GET On Session" owner="RequestsLibrary">
<msg time="2024-06-24T23:17:05.182985" level="INFO">GET Request : url=https://randomuser.me/api 
 path_url=/api 
 headers={'User-Agent': 'python-requests/2.32.3', 'Accept-Encoding': 'gzip, deflate', 'Accept': '*/*', 'Connection': 'keep-alive'} 
 body=None 
 </msg>
<msg time="2024-06-24T23:17:05.183082" level="INFO">GET Response : url=https://randomuser.me/api 
 status=200, reason=OK 
 headers={'Date': 'Mon, 24 Jun 2024 23:17:05 GMT', 'Content-Type': 'application/json; charset=utf-8', 'Transfer-Encoding': 'chunked', 'Connection': 'keep-alive', 'X-Powered-By': 'Express', 'Access-Control-Allow-Origin': '*', 'Cache-Control': 'no-cache', 'ETag': 'W/"479-tNdmjeFpdkgdqtcOsK+TaWUIDE4"', 'Vary': 'Accept-Encoding', 'Content-Encoding': 'gzip', 'CF-Cache-Status': 'DYNAMIC', 'Report-To': '{"endpoints":[{"url":"https:\\/\\/a.nel.cloudflare.com\\/report\\/v4?s=PBFv4oTo4NwI6mRGpY2XCqGG2SkjP5hGvx9D0lY6%2F%2BomBLQHYip5q6n1ZpPVATPGsmG%2BRRSvRyCElfyJ%2BFNmh%2Bzpr5GGSDSzwpWHqj6dYIey8Qv7HE9nAkcFCavYzywM"}],"group":"cf-nel","max_age":604800}', 'NEL': '{"success_fraction":0,"report_to":"cf-nel","max_age":604800}', 'Server': 'cloudflare', 'CF-RAY': '89906de2d8f6fa1a-SJC', 'alt-svc': 'h3=":443"; ma=86400'} 
 body={"results":[{"gender":"male","name":{"title":"Mr","first":"Kirilo","last":"Krasić"},"location":{"street":{"number":4112,"name":"Aleksandra Krstića"},"city":"Aleksandrovac","state":"Jablanica","country":"Serbia","postcode":58840,"coordinates":{"latitude":"56.8152","longitude":"-12.6252"},"timezone":{"offset":"-9:00","description":"Alaska"}},"email":"kirilo.krasic@example.com","login":{"uuid":"65160028-e683-4629-8428-ae0bf95ec57c","username":"blacklion705","password":"crimson","salt":"4xHpzjLs","md5":"6528389a9ae0a95359fd8d1ec6ce5ac7","sha1":"a7613e184afefc4914a272d9508e35ef7b1c8214","sha256":"e84ec867cc70b1634e47a76c18cacb5f30b2ce970321177e2bc8c480e8bae138"},"dob":{"date":"1996-12-07T15:15:03.537Z","age":27},"registered":{"date":"2002-10-14T17:26:33.828Z","age":21},"phone":"035-3873-475","cell":"063-8524-791","id":{"name":"SID","value":"055375570"},"picture":{"large":"https://randomuser.me/api/portraits/men/70.jpg","medium":"https://randomuser.me/api/portraits/med/men/70.jpg","thumbnail":"https://randomuser.me/api/portraits/thumb/men/70.jpg"},"nat":"RS"}],"info":{"seed":"f3b4e0b46a88d514","results":1,"page":1,"version":"1.4"}} 
 </msg>
<msg time="2024-06-24T23:17:05.183158" level="INFO">/opt/hostedtoolcache/Python/3.12.4/x64/lib/python3.12/site-packages/urllib3/connectionpool.py:1099: InsecureRequestWarning: Unverified HTTPS request is being made to host 'randomuser.me'. Adding certificate verification is strongly advised. See: https://urllib3.readthedocs.io/en/latest/advanced-usage.html#tls-warnings
  warnings.warn(</msg>
<msg time="2024-06-24T23:17:05.183282" level="INFO">${response} = &lt;Response [200]&gt;</msg>
<var>${response}</var>
<arg>consultarAPI</arg>
<arg>/api</arg>
<doc>Sends a GET request on a previously created HTTP Session.</doc>
<status status="PASS" start="2024-06-24T23:17:05.088110" elapsed="0.095212"/>
</kw>
<kw name="Set Variable" owner="BuiltIn">
<msg time="2024-06-24T23:17:05.184610" level="INFO">${json_data} = {'results': [{'gender': 'male', 'name': {'title': 'Mr', 'first': 'Kirilo', 'last': 'Krasić'}, 'location': {'street': {'number': 4112, 'name': 'Aleksandra Krstića'}, 'city': 'Aleksandrovac', 'state': '...</msg>
<var>${json_data}</var>
<arg>${response.json()}</arg>
<doc>Returns the given values which can then be assigned to a variables.</doc>
<status status="PASS" start="2024-06-24T23:17:05.183981" elapsed="0.000659"/>
</kw>
<kw name="Log" owner="BuiltIn">
<msg time="2024-06-24T23:17:05.185111" level="INFO">{'results': [{'gender': 'male', 'name': {'title': 'Mr', 'first': 'Kirilo', 'last': 'Krasić'}, 'location': {'street': {'number': 4112, 'name': 'Aleksandra Krstića'}, 'city': 'Aleksandrovac', 'state': 'Jablanica', 'country': 'Serbia', 'postcode': 58840, 'coordinates': {'latitude': '56.8152', 'longitude': '-12.6252'}, 'timezone': {'offset': '-9:00', 'description': 'Alaska'}}, 'email': 'kirilo.krasic@example.com', 'login': {'uuid': '65160028-e683-4629-8428-ae0bf95ec57c', 'username': 'blacklion705', 'password': 'crimson', 'salt': '4xHpzjLs', 'md5': '6528389a9ae0a95359fd8d1ec6ce5ac7', 'sha1': 'a7613e184afefc4914a272d9508e35ef7b1c8214', 'sha256': 'e84ec867cc70b1634e47a76c18cacb5f30b2ce970321177e2bc8c480e8bae138'}, 'dob': {'date': '1996-12-07T15:15:03.537Z', 'age': 27}, 'registered': {'date': '2002-10-14T17:26:33.828Z', 'age': 21}, 'phone': '035-3873-475', 'cell': '063-8524-791', 'id': {'name': 'SID', 'value': '055375570'}, 'picture': {'large': 'https://randomuser.me/api/portraits/men/70.jpg', 'medium': 'https://randomuser.me/api/portraits/med/men/70.jpg', 'thumbnail': 'https://randomuser.me/api/portraits/thumb/men/70.jpg'}, 'nat': 'RS'}], 'info': {'seed': 'f3b4e0b46a88d514', 'results': 1, 'page': 1, 'version': '1.4'}}</msg>
<arg>${json_data}</arg>
<doc>Logs the given message with the given level.</doc>
<status status="PASS" start="2024-06-24T23:17:05.184951" elapsed="0.000211"/>
</kw>
<kw name="Should Be Equal As Numbers" owner="BuiltIn">
<arg>${json_data['results'][0]['location']['postcode']}</arg>
<arg>${json_data['results'][0]['location']['postcode']}</arg>
<doc>Fails if objects are unequal after converting them to real numbers.</doc>
<status status="PASS" start="2024-06-24T23:17:05.185461" elapsed="0.000637"/>
</kw>
<kw name="Log" owner="BuiltIn">
<msg time="2024-06-24T23:17:05.186794" level="INFO">58840</msg>
<arg>${json_data['results'][0]['location']['postcode']}</arg>
<doc>Logs the given message with the given level.</doc>
<status status="PASS" start="2024-06-24T23:17:05.186284" elapsed="0.000550"/>
</kw>
<status status="PASS" start="2024-06-24T23:17:05.087855" elapsed="0.099266"/>
</kw>
<doc>Testa se os tipos de dados na resposta da API estão corretos.</doc>
<tag>testeTiposDados</tag>
<status status="PASS" start="2024-06-24T23:17:04.884260" elapsed="0.303029"/>
</test>
<test id="s1-s1-t5" name="Validar conteudo" line="35">
<kw name="Teste de Tipos de Conteudo" owner="random-user-service">
<kw name="GET On Session" owner="RequestsLibrary">
<msg time="2024-06-24T23:17:05.277533" level="INFO">GET Request : url=https://randomuser.me/api 
 path_url=/api 
 headers={'User-Agent': 'python-requests/2.32.3', 'Accept-Encoding': 'gzip, deflate', 'Accept': '*/*', 'Connection': 'keep-alive'} 
 body=None 
 </msg>
<msg time="2024-06-24T23:17:05.277644" level="INFO">GET Response : url=https://randomuser.me/api 
 status=200, reason=OK 
 headers={'Date': 'Mon, 24 Jun 2024 23:17:05 GMT', 'Content-Type': 'application/json; charset=utf-8', 'Transfer-Encoding': 'chunked', 'Connection': 'keep-alive', 'X-Powered-By': 'Express', 'Access-Control-Allow-Origin': '*', 'Cache-Control': 'no-cache', 'ETag': 'W/"476-lHzuUxPlU6Fh0XrFGrnzyAZQo1w"', 'Vary': 'Accept-Encoding', 'Content-Encoding': 'gzip', 'CF-Cache-Status': 'DYNAMIC', 'Report-To': '{"endpoints":[{"url":"https:\\/\\/a.nel.cloudflare.com\\/report\\/v4?s=EyKjNdQC99R6%2FhiPklE5As%2BgqMGxgcer6YHC5G3CYXx4FZL%2BgW8NtBhHRY%2F%2BjxjL5w9F7b5ybf6PfRbLYXPUftA65L2d%2FQI5Y0Fs7kUlX4%2Ftlg1%2FDqLp2%2BfuYfVFH9zg"}],"group":"cf-nel","max_age":604800}', 'NEL': '{"success_fraction":0,"report_to":"cf-nel","max_age":604800}', 'Server': 'cloudflare', 'CF-RAY': '89906de37995fa1a-SJC', 'alt-svc': 'h3=":443"; ma=86400'} 
 body={"results":[{"gender":"female","name":{"title":"Mrs","first":"Matilda","last":"Smith"},"location":{"street":{"number":5303,"name":"Green Lane West"},"city":"Tauranga","state":"Hawke'S Bay","country":"New Zealand","postcode":69781,"coordinates":{"latitude":"54.8758","longitude":"31.7335"},"timezone":{"offset":"-10:00","description":"Hawaii"}},"email":"matilda.smith@example.com","login":{"uuid":"aa9185c4-a82f-4846-8a9b-52b3c57739f7","username":"sadfrog237","password":"marion","salt":"Hi0GrzUP","md5":"34927c09692cb88bf76d85436cbf5d0f","sha1":"d713c6614a1e8ba02d51cb344b8f4ef5cdcbb63c","sha256":"076c9f03df25b8e98f97c3f272a1d2e74e4487fa1f05ec81afc136c572adedab"},"dob":{"date":"1987-01-30T12:14:45.374Z","age":37},"registered":{"date":"2007-01-09T20:02:19.390Z","age":17},"phone":"(344)-259-4124","cell":"(267)-924-4445","id":{"name":"","value":null},"picture":{"large":"https://randomuser.me/api/portraits/women/76.jpg","medium":"https://randomuser.me/api/portraits/med/women/76.jpg","thumbnail":"https://randomuser.me/api/portraits/thumb/women/76.jpg"},"nat":"NZ"}],"info":{"seed":"c2d0f74aeb5b37ab","results":1,"page":1,"version":"1.4"}} 
 </msg>
<msg time="2024-06-24T23:17:05.277727" level="INFO">/opt/hostedtoolcache/Python/3.12.4/x64/lib/python3.12/site-packages/urllib3/connectionpool.py:1099: InsecureRequestWarning: Unverified HTTPS request is being made to host 'randomuser.me'. Adding certificate verification is strongly advised. See: https://urllib3.readthedocs.io/en/latest/advanced-usage.html#tls-warnings
  warnings.warn(</msg>
<msg time="2024-06-24T23:17:05.277863" level="INFO">${response} = &lt;Response [200]&gt;</msg>
<var>${response}</var>
<arg>consultarAPI</arg>
<arg>/api</arg>
<doc>Sends a GET request on a previously created HTTP Session.</doc>
<status status="PASS" start="2024-06-24T23:17:05.189841" elapsed="0.088069"/>
</kw>
<kw name="Set Variable" owner="BuiltIn">
<msg time="2024-06-24T23:17:05.279130" level="INFO">${json_data} = {'results': [{'gender': 'female', 'name': {'title': 'Mrs', 'first': 'Matilda', 'last': 'Smith'}, 'location': {'street': {'number': 5303, 'name': 'Green Lane West'}, 'city': 'Tauranga', 'state': "Hawke...</msg>
<var>${json_data}</var>
<arg>${response.json()}</arg>
<doc>Returns the given values which can then be assigned to a variables.</doc>
<status status="PASS" start="2024-06-24T23:17:05.278563" elapsed="0.000597"/>
</kw>
<kw name="Set Variable" owner="BuiltIn">
<msg time="2024-06-24T23:17:05.279849" level="INFO">${name_title} = Mrs</msg>
<var>${name_title}</var>
<arg>${json_data["results"][0]["name"]["title"]}</arg>
<doc>Returns the given values which can then be assigned to a variables.</doc>
<status status="PASS" start="2024-06-24T23:17:05.279461" elapsed="0.000413"/>
</kw>
<kw name="Create List" owner="BuiltIn">
<msg time="2024-06-24T23:17:05.280371" level="INFO">${allowed_titles} = ['Mr', 'Ms', 'Miss', 'Mrs', 'Madame', 'Monsieur']</msg>
<var>${allowed_titles}</var>
<arg>Mr</arg>
<arg>Ms</arg>
<arg>Miss</arg>
<arg>Mrs</arg>
<arg>Madame</arg>
<arg>Monsieur</arg>
<doc>Returns a list containing given items.</doc>
<status status="PASS" start="2024-06-24T23:17:05.280220" elapsed="0.000175"/>
</kw>
<kw name="List Should Contain Value" owner="Collections">
<arg>${allowed_titles}</arg>
<arg>${name_title}</arg>
<doc>Fails if the ``value`` is not found from ``list``.</doc>
<status status="PASS" start="2024-06-24T23:17:05.280693" elapsed="0.000176"/>
</kw>
<kw name="Set Variable" owner="BuiltIn">
<msg time="2024-06-24T23:17:05.281413" level="INFO">${name_country} = NZ</msg>
<var>${name_country}</var>
<arg>${json_data["results"][0]["nat"]}</arg>
<doc>Returns the given values which can then be assigned to a variables.</doc>
<status status="PASS" start="2024-06-24T23:17:05.281043" elapsed="0.000395"/>
</kw>
<kw name="Create List" owner="BuiltIn">
<msg time="2024-06-24T23:17:05.282321" level="INFO">${list_country} = ['AD', 'AE', 'AF', 'AG', 'AI', 'AL', 'AM', 'AO', 'AQ', 'AR', 'AS', 'AT', 'AU', 'AW', 'AX', 'AZ', 'BA', 'BB', 'BD', 'BE', 'BF', 'BG', 'BH', 'BI', 'BJ', 'BL', 'BM', 'BN', 'BO', 'BQ', 'BR', 'BS', 'BT', '...</msg>
<var>${list_country}</var>
<arg>AD</arg>
<arg>AE</arg>
<arg>AF</arg>
<arg>AG</arg>
<arg>AI</arg>
<arg>AL</arg>
<arg>AM</arg>
<arg>AO</arg>
<arg>AQ</arg>
<arg>AR</arg>
<arg>AS</arg>
<arg>AT</arg>
<arg>AU</arg>
<arg>AW</arg>
<arg>AX</arg>
<arg>AZ</arg>
<arg>BA</arg>
<arg>BB</arg>
<arg>BD</arg>
<arg>BE</arg>
<arg>BF</arg>
<arg>BG</arg>
<arg>BH</arg>
<arg>BI</arg>
<arg>BJ</arg>
<arg>BL</arg>
<arg>BM</arg>
<arg>BN</arg>
<arg>BO</arg>
<arg>BQ</arg>
<arg>BR</arg>
<arg>BS</arg>
<arg>BT</arg>
<arg>BV</arg>
<arg>BW</arg>
<arg>BY</arg>
<arg>BZ</arg>
<arg>CA</arg>
<arg>CC</arg>
<arg>CD</arg>
<arg>CF</arg>
<arg>CG</arg>
<arg>CH</arg>
<arg>CI</arg>
<arg>CK</arg>
<arg>CL</arg>
<arg>CM</arg>
<arg>CN</arg>
<arg>CO</arg>
<arg>CR</arg>
<arg>CU</arg>
<arg>CV</arg>
<arg>CW</arg>
<arg>CX</arg>
<arg>CY</arg>
<arg>CZ</arg>
<arg>DE</arg>
<arg>DJ</arg>
<arg>DK</arg>
<arg>DM</arg>
<arg>DO</arg>
<arg>DZ</arg>
<arg>EC</arg>
<arg>EE</arg>
<arg>EG</arg>
<arg>EH</arg>
<arg>ER</arg>
<arg>ES</arg>
<arg>ET</arg>
<arg>FI</arg>
<arg>FJ</arg>
<arg>FK</arg>
<arg>FM</arg>
<arg>FO</arg>
<arg>FR</arg>
<arg>GA</arg>
<arg>GB</arg>
<arg>GD</arg>
<arg>GE</arg>
<arg>GF</arg>
<arg>GG</arg>
<arg>GH</arg>
<arg>GI</arg>
<arg>GL</arg>
<arg>GM</arg>
<arg>GN</arg>
<arg>GP</arg>
<arg>GQ</arg>
<arg>GR</arg>
<arg>GS</arg>
<arg>GT</arg>
<arg>GU</arg>
<arg>GW</arg>
<arg>GY</arg>
<arg>HK</arg>
<arg>HM</arg>
<arg>HN</arg>
<arg>HR</arg>
<arg>HT</arg>
<arg>HU</arg>
<arg>ID</arg>
<arg>IE</arg>
<arg>IL</arg>
<arg>IM</arg>
<arg>IN</arg>
<arg>IO</arg>
<arg>IQ</arg>
<arg>IR</arg>
<arg>IS</arg>
<arg>IT</arg>
<arg>JE</arg>
<arg>JM</arg>
<arg>JO</arg>
<arg>JP</arg>
<arg>KE</arg>
<arg>KG</arg>
<arg>KH</arg>
<arg>KI</arg>
<arg>KM</arg>
<arg>KN</arg>
<arg>KP</arg>
<arg>KR</arg>
<arg>KW</arg>
<arg>KY</arg>
<arg>KZ</arg>
<arg>LA</arg>
<arg>LB</arg>
<arg>LC</arg>
<arg>LI</arg>
<arg>LK</arg>
<arg>LR</arg>
<arg>LS</arg>
<arg>LT</arg>
<arg>LU</arg>
<arg>LV</arg>
<arg>LY</arg>
<arg>MA</arg>
<arg>MC</arg>
<arg>MD</arg>
<arg>ME</arg>
<arg>MF</arg>
<arg>MG</arg>
<arg>MH</arg>
<arg>MK</arg>
<arg>ML</arg>
<arg>MM</arg>
<arg>MN</arg>
<arg>MO</arg>
<arg>MP</arg>
<arg>MQ</arg>
<arg>MR</arg>
<arg>MS</arg>
<arg>MT</arg>
<arg>MU</arg>
<arg>MV</arg>
<arg>MW</arg>
<arg>MX</arg>
<arg>MY</arg>
<arg>MZ</arg>
<arg>NA</arg>
<arg>NC</arg>
<arg>NE</arg>
<arg>NF</arg>
<arg>NG</arg>
<arg>NI</arg>
<arg>NL</arg>
<arg>NO</arg>
<arg>NP</arg>
<arg>NR</arg>
<arg>NU</arg>
<arg>NZ</arg>
<arg>OM</arg>
<arg>PA</arg>
<arg>PE</arg>
<arg>PF</arg>
<arg>PG</arg>
<arg>PH</arg>
<arg>PK</arg>
<arg>PL</arg>
<arg>PM</arg>
<arg>PN</arg>
<arg>PR</arg>
<arg>PS</arg>
<arg>PT</arg>
<arg>PW</arg>
<arg>PY</arg>
<arg>QA</arg>
<arg>RE</arg>
<arg>RO</arg>
<arg>RS</arg>
<arg>RU</arg>
<arg>RW</arg>
<arg>SA</arg>
<arg>SB</arg>
<arg>SC</arg>
<arg>SD</arg>
<arg>SE</arg>
<arg>SG</arg>
<arg>SH</arg>
<arg>SI</arg>
<arg>SJ</arg>
<arg>SK</arg>
<arg>SL</arg>
<arg>SM</arg>
<arg>SN</arg>
<arg>SO</arg>
<arg>SR</arg>
<arg>SS</arg>
<arg>ST</arg>
<arg>SV</arg>
<arg>SX</arg>
<arg>SY</arg>
<arg>SZ</arg>
<arg>TC</arg>
<arg>TD</arg>
<arg>TF</arg>
<arg>TG</arg>
<arg>TH</arg>
<arg>TJ</arg>
<arg>TK</arg>
<arg>TL</arg>
<arg>TM</arg>
<arg>TN</arg>
<arg>TO</arg>
<arg>TR</arg>
<arg>TT</arg>
<arg>TV</arg>
<arg>TW</arg>
<arg>TZ</arg>
<arg>UA</arg>
<arg>UG</arg>
<arg>UM</arg>
<arg>US</arg>
<arg>UY</arg>
<arg>UZ</arg>
<arg>VA</arg>
<arg>VC</arg>
<arg>VE</arg>
<arg>VG</arg>
<arg>VI</arg>
<arg>VN</arg>
<arg>VU</arg>
<arg>WF</arg>
<arg>WS</arg>
<arg>XK</arg>
<arg>YE</arg>
<arg>YT</arg>
<arg>ZA</arg>
<arg>ZM</arg>
<arg>ZW</arg>
<doc>Returns a list containing given items.</doc>
<status status="PASS" start="2024-06-24T23:17:05.281722" elapsed="0.000624"/>
</kw>
<kw name="List Should Contain Value" owner="Collections">
<arg>${list_country}</arg>
<arg>${name_country}</arg>
<doc>Fails if the ``value`` is not found from ``list``.</doc>
<status status="PASS" start="2024-06-24T23:17:05.283132" elapsed="0.000201"/>
</kw>
<kw name="Run Keyword If" owner="BuiltIn">
<kw name="Should Be True" owner="BuiltIn">
<arg>${True}</arg>
<doc>Fails if the given condition is not true.</doc>
<status status="PASS" start="2024-06-24T23:17:05.284298" elapsed="0.000142"/>
</kw>
<arg>${json_data["results"][0]["location"]["coordinates"]["latitude"]} &gt;= -90 and ${json_data["results"][0]["location"]["coordinates"]["latitude"]} &lt;= 90</arg>
<arg>Should Be True</arg>
<arg>${True}</arg>
<doc>Runs the given keyword with the given arguments, if ``condition`` is true.</doc>
<status status="PASS" start="2024-06-24T23:17:05.283528" elapsed="0.001035"/>
</kw>
<kw name="Run Keyword If" owner="BuiltIn">
<kw name="Should Be True" owner="BuiltIn">
<arg>${True}</arg>
<doc>Fails if the given condition is not true.</doc>
<status status="PASS" start="2024-06-24T23:17:05.285423" elapsed="0.000238"/>
</kw>
<arg>${json_data["results"][0]["location"]["coordinates"]["longitude"]} &gt;= -180 and ${json_data["results"][0]["location"]["coordinates"]["longitude"]} &lt;= 180</arg>
<arg>Should Be True</arg>
<arg>${True}</arg>
<doc>Runs the given keyword with the given arguments, if ``condition`` is true.</doc>
<status status="PASS" start="2024-06-24T23:17:05.284742" elapsed="0.001044"/>
</kw>
<status status="PASS" start="2024-06-24T23:17:05.189618" elapsed="0.096297"/>
</kw>
<doc>Testa o conteúdo específico dos campos retornados pela API.</doc>
<tag>testeConteudo</tag>
<status status="PASS" start="2024-06-24T23:17:05.189082" elapsed="0.096986"/>
</test>
<status status="PASS" start="2024-06-24T23:17:03.398965" elapsed="1.889075"/>
</suite>
<status status="PASS" start="2024-06-24T23:17:03.384134" elapsed="1.909128"/>
</suite>
<statistics>
<total>
<stat pass="5" fail="0" skip="0">All Tests</stat>
</total>
<tag>
<stat pass="1" fail="0" skip="0">testeConteudo</stat>
<stat pass="1" fail="0" skip="0">testeEstruturaResposta</stat>
<stat pass="1" fail="0" skip="0">testeRequisicaoBasica</stat>
<stat pass="1" fail="0" skip="0">testeTiposDados</stat>
</tag>
<suite>
<stat pass="5" fail="0" skip="0" id="s1" name="Tests">Tests</stat>
<stat pass="5" fail="0" skip="0" id="s1-s1" name="Random-User-Test">Tests.Random-User-Test</stat>
</suite>
</statistics>
<errors>
</errors>
</robot>
