<?xml version="1.0" encoding="UTF-8"?>
<robot generator="Robot 7.0.1 (Python 3.12.4 on linux)" generated="2024-08-05T06:23:01.759691" rpa="false" schemaversion="5">
<suite id="s1" name="Tests" source="/home/runner/work/ApiRandomUser/ApiRandomUser/RamdonUser/tests">
<suite id="s1-s1" name="Random-User-Test" source="/home/runner/work/ApiRandomUser/ApiRandomUser/RamdonUser/tests/random-user-test.robot">
<test id="s1-s1-t1" name="Conectar" line="13">
<kw name="Conectar API" owner="random-user-service">
<kw name="Create Session" owner="RequestsLibrary">
<msg time="2024-08-05T06:23:02.678145" level="INFO">Creating Session using : alias=consultarAPI, url=https://randomuser.me/, headers={},                     cookies={}, auth=None, timeout=None, proxies=None, verify=False,                     debug=0 </msg>
<arg>consultarAPI</arg>
<arg>${URL}</arg>
<doc>Create Session: create a HTTP session to a server</doc>
<status status="PASS" start="2024-08-05T06:23:02.677823" elapsed="0.000615"/>
</kw>
<status status="PASS" start="2024-08-05T06:23:02.675649" elapsed="0.003350"/>
</kw>
<status status="PASS" start="2024-08-05T06:23:02.674802" elapsed="0.004560"/>
</test>
<test id="s1-s1-t2" name="Validar retorno 200 e JSON Válido" line="16">
<kw name="Teste de Requisicao Basica" owner="random-user-service">
<kw name="GET On Session" owner="RequestsLibrary">
<msg time="2024-08-05T06:23:02.862113" level="INFO">GET Request : url=https://randomuser.me/api 
 path_url=/api 
 headers={'User-Agent': 'python-requests/2.32.3', 'Accept-Encoding': 'gzip, deflate', 'Accept': '*/*', 'Connection': 'keep-alive'} 
 body=None 
 </msg>
<msg time="2024-08-05T06:23:02.862297" level="INFO">GET Response : url=https://randomuser.me/api 
 status=200, reason=OK 
 headers={'Date': 'Mon, 05 Aug 2024 06:23:02 GMT', 'Content-Type': 'application/json; charset=utf-8', 'Transfer-Encoding': 'chunked', 'Connection': 'keep-alive', 'X-Powered-By': 'Express', 'Access-Control-Allow-Origin': '*', 'Cache-Control': 'no-cache', 'ETag': 'W/"499-fysTGZTPSnhhSHPEC0Lj1HznN9A"', 'Vary': 'Accept-Encoding', 'Content-Encoding': 'gzip', 'CF-Cache-Status': 'DYNAMIC', 'Report-To': '{"endpoints":[{"url":"https:\\/\\/a.nel.cloudflare.com\\/report\\/v4?s=9CNAVp2JnqFsNe3anpGaDjAa2omo1MA7tyrJoBxwuKqPaDJpCTstNEu%2B7itU6mZhn8zHO7hdnLG%2ForwVJ7TKOSkFmcLqK%2F8mfKvDBuhp%2FscA%2F3fjcXqvvWYgThRigamy"}],"group":"cf-nel","max_age":604800}', 'NEL': '{"success_fraction":0,"report_to":"cf-nel","max_age":604800}', 'Server': 'cloudflare', 'CF-RAY': '8ae4b23aa9f9c995-IAD', 'alt-svc': 'h3=":443"; ma=86400'} 
 body={"results":[{"gender":"male","name":{"title":"Mr","first":"Esteban","last":"Reyes"},"location":{"street":{"number":2436,"name":"Calle de Toledo"},"city":"Móstoles","state":"Castilla la Mancha","country":"Spain","postcode":59728,"coordinates":{"latitude":"-31.2016","longitude":"-43.3444"},"timezone":{"offset":"+9:00","description":"Tokyo, Seoul, Osaka, Sapporo, Yakutsk"}},"email":"esteban.reyes@example.com","login":{"uuid":"5ce3a948-f0b9-4d78-869a-d348c23bdb0a","username":"organicmouse832","password":"great1","salt":"0dSJ3CGc","md5":"624e4040dd9059ae18694fe3061f96aa","sha1":"7f31d6ba217217226668886cfb1e83bb3118caed","sha256":"b4b797bd26c5db0f857006cd8f9515baf813a108e62b3a19c74c412f7cdd8bfe"},"dob":{"date":"1955-07-14T10:55:24.167Z","age":69},"registered":{"date":"2007-12-11T23:03:13.026Z","age":16},"phone":"971-268-706","cell":"664-272-594","id":{"name":"DNI","value":"18176104-X"},"picture":{"large":"https://randomuser.me/api/portraits/men/55.jpg","medium":"https://randomuser.me/api/portraits/med/men/55.jpg","thumbnail":"https://randomuser.me/api/portraits/thumb/men/55.jpg"},"nat":"ES"}],"info":{"seed":"dd8d2538ed1bcc07","results":1,"page":1,"version":"1.4"}} 
 </msg>
<msg time="2024-08-05T06:23:02.862428" level="INFO">/opt/hostedtoolcache/Python/3.12.4/x64/lib/python3.12/site-packages/urllib3/connectionpool.py:1099: InsecureRequestWarning: Unverified HTTPS request is being made to host 'randomuser.me'. Adding certificate verification is strongly advised. See: https://urllib3.readthedocs.io/en/latest/advanced-usage.html#tls-warnings
  warnings.warn(</msg>
<msg time="2024-08-05T06:23:02.862640" level="INFO">${response} = &lt;Response [200]&gt;</msg>
<var>${response}</var>
<arg>consultarAPI</arg>
<arg>/api</arg>
<doc>Sends a GET request on a previously created HTTP Session.</doc>
<status status="PASS" start="2024-08-05T06:23:02.684927" elapsed="0.177790"/>
</kw>
<kw name="Should Be Equal As Numbers" owner="BuiltIn">
<msg time="2024-08-05T06:23:02.864100" level="INFO">Argument types are:
&lt;class 'int'&gt;
&lt;class 'str'&gt;</msg>
<arg>${response.status_code}</arg>
<arg>200</arg>
<doc>Fails if objects are unequal after converting them to real numbers.</doc>
<status status="PASS" start="2024-08-05T06:23:02.863348" elapsed="0.000858"/>
</kw>
<kw name="Log" owner="BuiltIn">
<msg time="2024-08-05T06:23:02.865492" level="INFO">200</msg>
<arg>${response.status_code}</arg>
<doc>Logs the given message with the given level.</doc>
<status status="PASS" start="2024-08-05T06:23:02.864797" elapsed="0.000772"/>
</kw>
<kw name="Set Variable" owner="BuiltIn">
<msg time="2024-08-05T06:23:02.866994" level="INFO">${json_data} = {'results': [{'gender': 'male', 'name': {'title': 'Mr', 'first': 'Esteban', 'last': 'Reyes'}, 'location': {'street': {'number': 2436, 'name': 'Calle de Toledo'}, 'city': 'Móstoles', 'state': 'Castilla...</msg>
<var>${json_data}</var>
<arg>${response.json()}</arg>
<doc>Returns the given values which can then be assigned to a variables.</doc>
<status status="PASS" start="2024-08-05T06:23:02.866103" elapsed="0.000945"/>
</kw>
<kw name="Dictionary Should Contain Key" owner="Collections">
<arg>${json_data}</arg>
<arg>results</arg>
<doc>Fails if ``key`` is not found from ``dictionary``.</doc>
<status status="PASS" start="2024-08-05T06:23:02.867578" elapsed="0.000483"/>
</kw>
<status status="PASS" start="2024-08-05T06:23:02.684445" elapsed="0.183891"/>
</kw>
<doc>Testa se a API responde corretamente e retorna um objeto JSON válido.</doc>
<tag>testeRequisicaoBasica</tag>
<status status="PASS" start="2024-08-05T06:23:02.683549" elapsed="0.185127"/>
</test>
<test id="s1-s1-t3" name="Validar estrutura de resposta" line="22">
<kw name="Teste de Estrutura de Resposta" owner="random-user-service">
<kw name="GET On Session" owner="RequestsLibrary">
<msg time="2024-08-05T06:23:02.976260" level="INFO">GET Request : url=https://randomuser.me/api 
 path_url=/api 
 headers={'User-Agent': 'python-requests/2.32.3', 'Accept-Encoding': 'gzip, deflate', 'Accept': '*/*', 'Connection': 'keep-alive'} 
 body=None 
 </msg>
<msg time="2024-08-05T06:23:02.976376" level="INFO">GET Response : url=https://randomuser.me/api 
 status=200, reason=OK 
 headers={'Date': 'Mon, 05 Aug 2024 06:23:02 GMT', 'Content-Type': 'application/json; charset=utf-8', 'Transfer-Encoding': 'chunked', 'Connection': 'keep-alive', 'X-Powered-By': 'Express', 'Access-Control-Allow-Origin': '*', 'Cache-Control': 'no-cache', 'ETag': 'W/"49e-wu9Z219nv3lBSeNYOPkxRisVrjk"', 'Vary': 'Accept-Encoding', 'Content-Encoding': 'gzip', 'CF-Cache-Status': 'DYNAMIC', 'Report-To': '{"endpoints":[{"url":"https:\\/\\/a.nel.cloudflare.com\\/report\\/v4?s=59vmL%2BukhHamV9t%2FmApLcspr60eHbw4lVzpWbKARUQqP3aOMC0bO13KO5jtc9KexCrJAX87si3hsSIDFaC0o%2FGsqf%2FMt70iSUQCSDk4i0ePXcBSyo7wExBK63O9MZRTQ"}],"group":"cf-nel","max_age":604800}', 'NEL': '{"success_fraction":0,"report_to":"cf-nel","max_age":604800}', 'Server': 'cloudflare', 'CF-RAY': '8ae4b23afac5c995-IAD', 'alt-svc': 'h3=":443"; ma=86400'} 
 body={"results":[{"gender":"female","name":{"title":"Ms","first":"Bonnie","last":"Dunn"},"location":{"street":{"number":489,"name":"E Center St"},"city":"Shepparton","state":"Australian Capital Territory","country":"Australia","postcode":4466,"coordinates":{"latitude":"-81.4909","longitude":"81.9649"},"timezone":{"offset":"-3:00","description":"Brazil, Buenos Aires, Georgetown"}},"email":"bonnie.dunn@example.com","login":{"uuid":"23f502b0-ebe9-4b50-89a7-5f19d346338a","username":"heavyfrog954","password":"nanook","salt":"Q5KRuctL","md5":"5c6c3bf7c76354eea4d670d66476f632","sha1":"9a26efe3108f646b37e7eea948131160957e3a32","sha256":"168a3bd3763b5dcb546376f3a909cb6144ced99d76e968c80146df9958712321"},"dob":{"date":"1949-11-28T07:27:37.233Z","age":74},"registered":{"date":"2014-03-09T23:53:57.903Z","age":10},"phone":"02-3421-5669","cell":"0490-130-078","id":{"name":"TFN","value":"292977362"},"picture":{"large":"https://randomuser.me/api/portraits/women/82.jpg","medium":"https://randomuser.me/api/portraits/med/women/82.jpg","thumbnail":"https://randomuser.me/api/portraits/thumb/women/82.jpg"},"nat":"AU"}],"info":{"seed":"f64932f476767e04","results":1,"page":1,"version":"1.4"}} 
 </msg>
<msg time="2024-08-05T06:23:02.976544" level="INFO">/opt/hostedtoolcache/Python/3.12.4/x64/lib/python3.12/site-packages/urllib3/connectionpool.py:1099: InsecureRequestWarning: Unverified HTTPS request is being made to host 'randomuser.me'. Adding certificate verification is strongly advised. See: https://urllib3.readthedocs.io/en/latest/advanced-usage.html#tls-warnings
  warnings.warn(</msg>
<msg time="2024-08-05T06:23:02.976759" level="INFO">${response} = &lt;Response [200]&gt;</msg>
<var>${response}</var>
<arg>consultarAPI</arg>
<arg>/api</arg>
<doc>Sends a GET request on a previously created HTTP Session.</doc>
<status status="PASS" start="2024-08-05T06:23:02.874078" elapsed="0.102733"/>
</kw>
<kw name="Set Variable" owner="BuiltIn">
<msg time="2024-08-05T06:23:02.978258" level="INFO">${json_data} = {'results': [{'gender': 'female', 'name': {'title': 'Ms', 'first': 'Bonnie', 'last': 'Dunn'}, 'location': {'street': {'number': 489, 'name': 'E Center St'}, 'city': 'Shepparton', 'state': 'Australian ...</msg>
<var>${json_data}</var>
<arg>${response.json()}</arg>
<doc>Returns the given values which can then be assigned to a variables.</doc>
<status status="PASS" start="2024-08-05T06:23:02.977383" elapsed="0.000928"/>
</kw>
<kw name="Log" owner="BuiltIn">
<msg time="2024-08-05T06:23:02.979111" level="INFO">{'results': [{'gender': 'female', 'name': {'title': 'Ms', 'first': 'Bonnie', 'last': 'Dunn'}, 'location': {'street': {'number': 489, 'name': 'E Center St'}, 'city': 'Shepparton', 'state': 'Australian Capital Territory', 'country': 'Australia', 'postcode': 4466, 'coordinates': {'latitude': '-81.4909', 'longitude': '81.9649'}, 'timezone': {'offset': '-3:00', 'description': 'Brazil, Buenos Aires, Georgetown'}}, 'email': 'bonnie.dunn@example.com', 'login': {'uuid': '23f502b0-ebe9-4b50-89a7-5f19d346338a', 'username': 'heavyfrog954', 'password': 'nanook', 'salt': 'Q5KRuctL', 'md5': '5c6c3bf7c76354eea4d670d66476f632', 'sha1': '9a26efe3108f646b37e7eea948131160957e3a32', 'sha256': '168a3bd3763b5dcb546376f3a909cb6144ced99d76e968c80146df9958712321'}, 'dob': {'date': '1949-11-28T07:27:37.233Z', 'age': 74}, 'registered': {'date': '2014-03-09T23:53:57.903Z', 'age': 10}, 'phone': '02-3421-5669', 'cell': '0490-130-078', 'id': {'name': 'TFN', 'value': '292977362'}, 'picture': {'large': 'https://randomuser.me/api/portraits/women/82.jpg', 'medium': 'https://randomuser.me/api/portraits/med/women/82.jpg', 'thumbnail': 'https://randomuser.me/api/portraits/thumb/women/82.jpg'}, 'nat': 'AU'}], 'info': {'seed': 'f64932f476767e04', 'results': 1, 'page': 1, 'version': '1.4'}}</msg>
<arg>${json_data}</arg>
<doc>Logs the given message with the given level.</doc>
<status status="PASS" start="2024-08-05T06:23:02.978836" elapsed="0.000369"/>
</kw>
<kw name="Dictionary Should Contain Key" owner="Collections">
<arg>${json_data}</arg>
<arg>results</arg>
<doc>Fails if ``key`` is not found from ``dictionary``.</doc>
<status status="PASS" start="2024-08-05T06:23:02.979717" elapsed="0.000277"/>
</kw>
<kw name="Should Not Be Empty" owner="BuiltIn">
<msg time="2024-08-05T06:23:02.980559" level="INFO">Length is 2.</msg>
<arg>${json_data}</arg>
<doc>Verifies that the given item is not empty.</doc>
<status status="PASS" start="2024-08-05T06:23:02.980342" elapsed="0.000320"/>
</kw>
<kw name="Create List" owner="BuiltIn">
<msg time="2024-08-05T06:23:02.981435" level="INFO">${expected_keys} = ['gender', 'name', 'location', 'email', 'login']</msg>
<var>${expected_keys}</var>
<arg>gender</arg>
<arg>name</arg>
<arg>location</arg>
<arg>email</arg>
<arg>login</arg>
<doc>Returns a list containing given items.</doc>
<status status="PASS" start="2024-08-05T06:23:02.981175" elapsed="0.000306"/>
</kw>
<for flavor="IN">
<iter>
<kw name="Dictionary Should Contain Key" owner="Collections">
<arg>${json_data['results'][0]}</arg>
<arg>${key}</arg>
<doc>Fails if ``key`` is not found from ``dictionary``.</doc>
<status status="PASS" start="2024-08-05T06:23:02.982444" elapsed="0.000805"/>
</kw>
<kw name="Log" owner="BuiltIn">
<msg time="2024-08-05T06:23:02.984350" level="INFO">{'gender': 'female', 'name': {'title': 'Ms', 'first': 'Bonnie', 'last': 'Dunn'}, 'location': {'street': {'number': 489, 'name': 'E Center St'}, 'city': 'Shepparton', 'state': 'Australian Capital Territory', 'country': 'Australia', 'postcode': 4466, 'coordinates': {'latitude': '-81.4909', 'longitude': '81.9649'}, 'timezone': {'offset': '-3:00', 'description': 'Brazil, Buenos Aires, Georgetown'}}, 'email': 'bonnie.dunn@example.com', 'login': {'uuid': '23f502b0-ebe9-4b50-89a7-5f19d346338a', 'username': 'heavyfrog954', 'password': 'nanook', 'salt': 'Q5KRuctL', 'md5': '5c6c3bf7c76354eea4d670d66476f632', 'sha1': '9a26efe3108f646b37e7eea948131160957e3a32', 'sha256': '168a3bd3763b5dcb546376f3a909cb6144ced99d76e968c80146df9958712321'}, 'dob': {'date': '1949-11-28T07:27:37.233Z', 'age': 74}, 'registered': {'date': '2014-03-09T23:53:57.903Z', 'age': 10}, 'phone': '02-3421-5669', 'cell': '0490-130-078', 'id': {'name': 'TFN', 'value': '292977362'}, 'picture': {'large': 'https://randomuser.me/api/portraits/women/82.jpg', 'medium': 'https://randomuser.me/api/portraits/med/women/82.jpg', 'thumbnail': 'https://randomuser.me/api/portraits/thumb/women/82.jpg'}, 'nat': 'AU'}</msg>
<arg>${json_data['results'][0]}</arg>
<doc>Logs the given message with the given level.</doc>
<status status="PASS" start="2024-08-05T06:23:02.983613" elapsed="0.000833"/>
</kw>
<kw name="Log" owner="BuiltIn">
<msg time="2024-08-05T06:23:02.985217" level="INFO">gender</msg>
<arg>${key}</arg>
<doc>Logs the given message with the given level.</doc>
<status status="PASS" start="2024-08-05T06:23:02.984992" elapsed="0.000297"/>
</kw>
<var name="${key}">gender</var>
<status status="PASS" start="2024-08-05T06:23:02.982228" elapsed="0.003439"/>
</iter>
<iter>
<kw name="Dictionary Should Contain Key" owner="Collections">
<arg>${json_data['results'][0]}</arg>
<arg>${key}</arg>
<doc>Fails if ``key`` is not found from ``dictionary``.</doc>
<status status="PASS" start="2024-08-05T06:23:02.986213" elapsed="0.000804"/>
</kw>
<kw name="Log" owner="BuiltIn">
<msg time="2024-08-05T06:23:02.988150" level="INFO">{'gender': 'female', 'name': {'title': 'Ms', 'first': 'Bonnie', 'last': 'Dunn'}, 'location': {'street': {'number': 489, 'name': 'E Center St'}, 'city': 'Shepparton', 'state': 'Australian Capital Territory', 'country': 'Australia', 'postcode': 4466, 'coordinates': {'latitude': '-81.4909', 'longitude': '81.9649'}, 'timezone': {'offset': '-3:00', 'description': 'Brazil, Buenos Aires, Georgetown'}}, 'email': 'bonnie.dunn@example.com', 'login': {'uuid': '23f502b0-ebe9-4b50-89a7-5f19d346338a', 'username': 'heavyfrog954', 'password': 'nanook', 'salt': 'Q5KRuctL', 'md5': '5c6c3bf7c76354eea4d670d66476f632', 'sha1': '9a26efe3108f646b37e7eea948131160957e3a32', 'sha256': '168a3bd3763b5dcb546376f3a909cb6144ced99d76e968c80146df9958712321'}, 'dob': {'date': '1949-11-28T07:27:37.233Z', 'age': 74}, 'registered': {'date': '2014-03-09T23:53:57.903Z', 'age': 10}, 'phone': '02-3421-5669', 'cell': '0490-130-078', 'id': {'name': 'TFN', 'value': '292977362'}, 'picture': {'large': 'https://randomuser.me/api/portraits/women/82.jpg', 'medium': 'https://randomuser.me/api/portraits/med/women/82.jpg', 'thumbnail': 'https://randomuser.me/api/portraits/thumb/women/82.jpg'}, 'nat': 'AU'}</msg>
<arg>${json_data['results'][0]}</arg>
<doc>Logs the given message with the given level.</doc>
<status status="PASS" start="2024-08-05T06:23:02.987370" elapsed="0.000876"/>
</kw>
<kw name="Log" owner="BuiltIn">
<msg time="2024-08-05T06:23:02.989022" level="INFO">name</msg>
<arg>${key}</arg>
<doc>Logs the given message with the given level.</doc>
<status status="PASS" start="2024-08-05T06:23:02.988796" elapsed="0.000297"/>
</kw>
<var name="${key}">name</var>
<status status="PASS" start="2024-08-05T06:23:02.986008" elapsed="0.003463"/>
</iter>
<iter>
<kw name="Dictionary Should Contain Key" owner="Collections">
<arg>${json_data['results'][0]}</arg>
<arg>${key}</arg>
<doc>Fails if ``key`` is not found from ``dictionary``.</doc>
<status status="PASS" start="2024-08-05T06:23:02.990000" elapsed="0.000778"/>
</kw>
<kw name="Log" owner="BuiltIn">
<msg time="2024-08-05T06:23:02.991859" level="INFO">{'gender': 'female', 'name': {'title': 'Ms', 'first': 'Bonnie', 'last': 'Dunn'}, 'location': {'street': {'number': 489, 'name': 'E Center St'}, 'city': 'Shepparton', 'state': 'Australian Capital Territory', 'country': 'Australia', 'postcode': 4466, 'coordinates': {'latitude': '-81.4909', 'longitude': '81.9649'}, 'timezone': {'offset': '-3:00', 'description': 'Brazil, Buenos Aires, Georgetown'}}, 'email': 'bonnie.dunn@example.com', 'login': {'uuid': '23f502b0-ebe9-4b50-89a7-5f19d346338a', 'username': 'heavyfrog954', 'password': 'nanook', 'salt': 'Q5KRuctL', 'md5': '5c6c3bf7c76354eea4d670d66476f632', 'sha1': '9a26efe3108f646b37e7eea948131160957e3a32', 'sha256': '168a3bd3763b5dcb546376f3a909cb6144ced99d76e968c80146df9958712321'}, 'dob': {'date': '1949-11-28T07:27:37.233Z', 'age': 74}, 'registered': {'date': '2014-03-09T23:53:57.903Z', 'age': 10}, 'phone': '02-3421-5669', 'cell': '0490-130-078', 'id': {'name': 'TFN', 'value': '292977362'}, 'picture': {'large': 'https://randomuser.me/api/portraits/women/82.jpg', 'medium': 'https://randomuser.me/api/portraits/med/women/82.jpg', 'thumbnail': 'https://randomuser.me/api/portraits/thumb/women/82.jpg'}, 'nat': 'AU'}</msg>
<arg>${json_data['results'][0]}</arg>
<doc>Logs the given message with the given level.</doc>
<status status="PASS" start="2024-08-05T06:23:02.991135" elapsed="0.000823"/>
</kw>
<kw name="Log" owner="BuiltIn">
<msg time="2024-08-05T06:23:02.992729" level="INFO">location</msg>
<arg>${key}</arg>
<doc>Logs the given message with the given level.</doc>
<status status="PASS" start="2024-08-05T06:23:02.992482" elapsed="0.000320"/>
</kw>
<var name="${key}">location</var>
<status status="PASS" start="2024-08-05T06:23:02.989800" elapsed="0.003390"/>
</iter>
<iter>
<kw name="Dictionary Should Contain Key" owner="Collections">
<arg>${json_data['results'][0]}</arg>
<arg>${key}</arg>
<doc>Fails if ``key`` is not found from ``dictionary``.</doc>
<status status="PASS" start="2024-08-05T06:23:02.993717" elapsed="0.000785"/>
</kw>
<kw name="Log" owner="BuiltIn">
<msg time="2024-08-05T06:23:02.995773" level="INFO">{'gender': 'female', 'name': {'title': 'Ms', 'first': 'Bonnie', 'last': 'Dunn'}, 'location': {'street': {'number': 489, 'name': 'E Center St'}, 'city': 'Shepparton', 'state': 'Australian Capital Territory', 'country': 'Australia', 'postcode': 4466, 'coordinates': {'latitude': '-81.4909', 'longitude': '81.9649'}, 'timezone': {'offset': '-3:00', 'description': 'Brazil, Buenos Aires, Georgetown'}}, 'email': 'bonnie.dunn@example.com', 'login': {'uuid': '23f502b0-ebe9-4b50-89a7-5f19d346338a', 'username': 'heavyfrog954', 'password': 'nanook', 'salt': 'Q5KRuctL', 'md5': '5c6c3bf7c76354eea4d670d66476f632', 'sha1': '9a26efe3108f646b37e7eea948131160957e3a32', 'sha256': '168a3bd3763b5dcb546376f3a909cb6144ced99d76e968c80146df9958712321'}, 'dob': {'date': '1949-11-28T07:27:37.233Z', 'age': 74}, 'registered': {'date': '2014-03-09T23:53:57.903Z', 'age': 10}, 'phone': '02-3421-5669', 'cell': '0490-130-078', 'id': {'name': 'TFN', 'value': '292977362'}, 'picture': {'large': 'https://randomuser.me/api/portraits/women/82.jpg', 'medium': 'https://randomuser.me/api/portraits/med/women/82.jpg', 'thumbnail': 'https://randomuser.me/api/portraits/thumb/women/82.jpg'}, 'nat': 'AU'}</msg>
<arg>${json_data['results'][0]}</arg>
<doc>Logs the given message with the given level.</doc>
<status status="PASS" start="2024-08-05T06:23:02.995043" elapsed="0.000825"/>
</kw>
<kw name="Log" owner="BuiltIn">
<msg time="2024-08-05T06:23:02.996618" level="INFO">email</msg>
<arg>${key}</arg>
<doc>Logs the given message with the given level.</doc>
<status status="PASS" start="2024-08-05T06:23:02.996392" elapsed="0.000324"/>
</kw>
<var name="${key}">email</var>
<status status="PASS" start="2024-08-05T06:23:02.993517" elapsed="0.003595"/>
</iter>
<iter>
<kw name="Dictionary Should Contain Key" owner="Collections">
<arg>${json_data['results'][0]}</arg>
<arg>${key}</arg>
<doc>Fails if ``key`` is not found from ``dictionary``.</doc>
<status status="PASS" start="2024-08-05T06:23:02.997642" elapsed="0.000767"/>
</kw>
<kw name="Log" owner="BuiltIn">
<msg time="2024-08-05T06:23:02.999486" level="INFO">{'gender': 'female', 'name': {'title': 'Ms', 'first': 'Bonnie', 'last': 'Dunn'}, 'location': {'street': {'number': 489, 'name': 'E Center St'}, 'city': 'Shepparton', 'state': 'Australian Capital Territory', 'country': 'Australia', 'postcode': 4466, 'coordinates': {'latitude': '-81.4909', 'longitude': '81.9649'}, 'timezone': {'offset': '-3:00', 'description': 'Brazil, Buenos Aires, Georgetown'}}, 'email': 'bonnie.dunn@example.com', 'login': {'uuid': '23f502b0-ebe9-4b50-89a7-5f19d346338a', 'username': 'heavyfrog954', 'password': 'nanook', 'salt': 'Q5KRuctL', 'md5': '5c6c3bf7c76354eea4d670d66476f632', 'sha1': '9a26efe3108f646b37e7eea948131160957e3a32', 'sha256': '168a3bd3763b5dcb546376f3a909cb6144ced99d76e968c80146df9958712321'}, 'dob': {'date': '1949-11-28T07:27:37.233Z', 'age': 74}, 'registered': {'date': '2014-03-09T23:53:57.903Z', 'age': 10}, 'phone': '02-3421-5669', 'cell': '0490-130-078', 'id': {'name': 'TFN', 'value': '292977362'}, 'picture': {'large': 'https://randomuser.me/api/portraits/women/82.jpg', 'medium': 'https://randomuser.me/api/portraits/med/women/82.jpg', 'thumbnail': 'https://randomuser.me/api/portraits/thumb/women/82.jpg'}, 'nat': 'AU'}</msg>
<arg>${json_data['results'][0]}</arg>
<doc>Logs the given message with the given level.</doc>
<status status="PASS" start="2024-08-05T06:23:02.998761" elapsed="0.000817"/>
</kw>
<kw name="Log" owner="BuiltIn">
<msg time="2024-08-05T06:23:03.000315" level="INFO">login</msg>
<arg>${key}</arg>
<doc>Logs the given message with the given level.</doc>
<status status="PASS" start="2024-08-05T06:23:03.000092" elapsed="0.000294"/>
</kw>
<var name="${key}">login</var>
<status status="PASS" start="2024-08-05T06:23:02.997440" elapsed="0.003351"/>
</iter>
<var>${key}</var>
<value>@{expected_keys}</value>
<status status="PASS" start="2024-08-05T06:23:02.981923" elapsed="0.019101"/>
</for>
<kw name="Create List" owner="BuiltIn">
<msg time="2024-08-05T06:23:03.001682" level="INFO">${expected_keysTwo} = ['username', 'password']</msg>
<var>${expected_keysTwo}</var>
<arg>username</arg>
<arg>password</arg>
<doc>Returns a list containing given items.</doc>
<status status="PASS" start="2024-08-05T06:23:03.001436" elapsed="0.000292"/>
</kw>
<for flavor="IN">
<iter>
<kw name="Dictionary Should Contain Key" owner="Collections">
<arg>${json_data['results'][0]['login']}</arg>
<arg>${keyTwo}</arg>
<doc>Fails if ``key`` is not found from ``dictionary``.</doc>
<status status="PASS" start="2024-08-05T06:23:03.002628" elapsed="0.000780"/>
</kw>
<kw name="Dictionary Should Contain Key" owner="Collections">
<arg>${json_data['results'][0]['login']}</arg>
<arg>${keyTwo}</arg>
<doc>Fails if ``key`` is not found from ``dictionary``.</doc>
<status status="PASS" start="2024-08-05T06:23:03.003759" elapsed="0.000782"/>
</kw>
<kw name="Log" owner="BuiltIn">
<msg time="2024-08-05T06:23:03.005140" level="INFO">username</msg>
<arg>${keyTwo}</arg>
<doc>Logs the given message with the given level.</doc>
<status status="PASS" start="2024-08-05T06:23:03.004922" elapsed="0.000290"/>
</kw>
<var name="${keyTwo}">username</var>
<status status="PASS" start="2024-08-05T06:23:03.002429" elapsed="0.003164"/>
</iter>
<iter>
<kw name="Dictionary Should Contain Key" owner="Collections">
<arg>${json_data['results'][0]['login']}</arg>
<arg>${keyTwo}</arg>
<doc>Fails if ``key`` is not found from ``dictionary``.</doc>
<status status="PASS" start="2024-08-05T06:23:03.006117" elapsed="0.000787"/>
</kw>
<kw name="Dictionary Should Contain Key" owner="Collections">
<arg>${json_data['results'][0]['login']}</arg>
<arg>${keyTwo}</arg>
<doc>Fails if ``key`` is not found from ``dictionary``.</doc>
<status status="PASS" start="2024-08-05T06:23:03.007247" elapsed="0.000764"/>
</kw>
<kw name="Log" owner="BuiltIn">
<msg time="2024-08-05T06:23:03.008570" level="INFO">password</msg>
<arg>${keyTwo}</arg>
<doc>Logs the given message with the given level.</doc>
<status status="PASS" start="2024-08-05T06:23:03.008355" elapsed="0.000329"/>
</kw>
<var name="${keyTwo}">password</var>
<status status="PASS" start="2024-08-05T06:23:03.005920" elapsed="0.003163"/>
</iter>
<var>${keyTwo}</var>
<value>@{expected_keysTwo}</value>
<status status="PASS" start="2024-08-05T06:23:03.002153" elapsed="0.007161"/>
</for>
<status status="PASS" start="2024-08-05T06:23:02.873667" elapsed="0.135912"/>
</kw>
<doc>Testa a estrutura da resposta da API.</doc>
<tag>testeEstruturaResposta</tag>
<status status="PASS" start="2024-08-05T06:23:02.872788" elapsed="0.137082"/>
</test>
<test id="s1-s1-t4" name="Validar tipos de dados" line="28">
<kw name="Teste de Tipos de Dados" owner="random-user-service">
<kw name="GET On Session" owner="RequestsLibrary">
<msg time="2024-08-05T06:23:03.067849" level="INFO">GET Request : url=https://randomuser.me/api 
 path_url=/api 
 headers={'User-Agent': 'python-requests/2.32.3', 'Accept-Encoding': 'gzip, deflate', 'Accept': '*/*', 'Connection': 'keep-alive'} 
 body=None 
 </msg>
<msg time="2024-08-05T06:23:03.067996" level="INFO">GET Response : url=https://randomuser.me/api 
 status=200, reason=OK 
 headers={'Date': 'Mon, 05 Aug 2024 06:23:03 GMT', 'Content-Type': 'application/json; charset=utf-8', 'Transfer-Encoding': 'chunked', 'Connection': 'keep-alive', 'X-Powered-By': 'Express', 'Access-Control-Allow-Origin': '*', 'Cache-Control': 'no-cache', 'ETag': 'W/"45c-0s1EK0xlVxq5E81YSwDwUt8g3Rs"', 'Vary': 'Accept-Encoding', 'Content-Encoding': 'gzip', 'CF-Cache-Status': 'DYNAMIC', 'Report-To': '{"endpoints":[{"url":"https:\\/\\/a.nel.cloudflare.com\\/report\\/v4?s=r3wVZo3jLEF900fPO9kKCQMhzaxzHTMpU4%2FzYYGea8c%2Fnwc4tf1E5IUZgsPCR6sBYqHQzNrpXaP8W7tCVpwdZsCUEARsGA8e8gog4%2BPKcQjeLp4RUG%2BZY2rTrA079Ldl"}],"group":"cf-nel","max_age":604800}', 'NEL': '{"success_fraction":0,"report_to":"cf-nel","max_age":604800}', 'Server': 'cloudflare', 'CF-RAY': '8ae4b23bdc43c995-IAD', 'alt-svc': 'h3=":443"; ma=86400'} 
 body={"results":[{"gender":"male","name":{"title":"Mr","first":"Neo","last":"Austad"},"location":{"street":{"number":3425,"name":"Bueveien"},"city":"Trones","state":"Akershus","country":"Norway","postcode":"6630","coordinates":{"latitude":"41.4833","longitude":"-155.9510"},"timezone":{"offset":"+3:30","description":"Tehran"}},"email":"neo.austad@example.com","login":{"uuid":"a0951e03-ad74-4e6c-a50d-cd248335531d","username":"angrysnake787","password":"firefire","salt":"MYDq6zVz","md5":"b06123870fff0fd2a9459b3acb7389a0","sha1":"1960fc2838a8a195c715fb76a7a3223968f9c561","sha256":"dfb5fffd5b45ac5308d66074e0c123c89ee09b1d520ac51dfb3dd9f803dedb25"},"dob":{"date":"1991-05-07T06:56:54.497Z","age":33},"registered":{"date":"2005-03-29T08:37:03.754Z","age":19},"phone":"62233208","cell":"91334831","id":{"name":"FN","value":"07059119111"},"picture":{"large":"https://randomuser.me/api/portraits/men/26.jpg","medium":"https://randomuser.me/api/portraits/med/men/26.jpg","thumbnail":"https://randomuser.me/api/portraits/thumb/men/26.jpg"},"nat":"NO"}],"info":{"seed":"a55427e59cd5bf27","results":1,"page":1,"version":"1.4"}} 
 </msg>
<msg time="2024-08-05T06:23:03.068128" level="INFO">/opt/hostedtoolcache/Python/3.12.4/x64/lib/python3.12/site-packages/urllib3/connectionpool.py:1099: InsecureRequestWarning: Unverified HTTPS request is being made to host 'randomuser.me'. Adding certificate verification is strongly advised. See: https://urllib3.readthedocs.io/en/latest/advanced-usage.html#tls-warnings
  warnings.warn(</msg>
<msg time="2024-08-05T06:23:03.068309" level="INFO">${response} = &lt;Response [200]&gt;</msg>
<var>${response}</var>
<arg>consultarAPI</arg>
<arg>/api</arg>
<doc>Sends a GET request on a previously created HTTP Session.</doc>
<status status="PASS" start="2024-08-05T06:23:03.015095" elapsed="0.053258"/>
</kw>
<kw name="Set Variable" owner="BuiltIn">
<msg time="2024-08-05T06:23:03.069882" level="INFO">${json_data} = {'results': [{'gender': 'male', 'name': {'title': 'Mr', 'first': 'Neo', 'last': 'Austad'}, 'location': {'street': {'number': 3425, 'name': 'Bueveien'}, 'city': 'Trones', 'state': 'Akershus', 'country'...</msg>
<var>${json_data}</var>
<arg>${response.json()}</arg>
<doc>Returns the given values which can then be assigned to a variables.</doc>
<status status="PASS" start="2024-08-05T06:23:03.068968" elapsed="0.000968"/>
</kw>
<kw name="Log" owner="BuiltIn">
<msg time="2024-08-05T06:23:03.070749" level="INFO">{'results': [{'gender': 'male', 'name': {'title': 'Mr', 'first': 'Neo', 'last': 'Austad'}, 'location': {'street': {'number': 3425, 'name': 'Bueveien'}, 'city': 'Trones', 'state': 'Akershus', 'country': 'Norway', 'postcode': '6630', 'coordinates': {'latitude': '41.4833', 'longitude': '-155.9510'}, 'timezone': {'offset': '+3:30', 'description': 'Tehran'}}, 'email': 'neo.austad@example.com', 'login': {'uuid': 'a0951e03-ad74-4e6c-a50d-cd248335531d', 'username': 'angrysnake787', 'password': 'firefire', 'salt': 'MYDq6zVz', 'md5': 'b06123870fff0fd2a9459b3acb7389a0', 'sha1': '1960fc2838a8a195c715fb76a7a3223968f9c561', 'sha256': 'dfb5fffd5b45ac5308d66074e0c123c89ee09b1d520ac51dfb3dd9f803dedb25'}, 'dob': {'date': '1991-05-07T06:56:54.497Z', 'age': 33}, 'registered': {'date': '2005-03-29T08:37:03.754Z', 'age': 19}, 'phone': '62233208', 'cell': '91334831', 'id': {'name': 'FN', 'value': '07059119111'}, 'picture': {'large': 'https://randomuser.me/api/portraits/men/26.jpg', 'medium': 'https://randomuser.me/api/portraits/med/men/26.jpg', 'thumbnail': 'https://randomuser.me/api/portraits/thumb/men/26.jpg'}, 'nat': 'NO'}], 'info': {'seed': 'a55427e59cd5bf27', 'results': 1, 'page': 1, 'version': '1.4'}}</msg>
<arg>${json_data}</arg>
<doc>Logs the given message with the given level.</doc>
<status status="PASS" start="2024-08-05T06:23:03.070470" elapsed="0.000373"/>
</kw>
<kw name="Should Be String" owner="String">
<arg>${json_data['results'][0]['gender']}</arg>
<doc>Fails if the given ``item`` is not a string.</doc>
<status status="PASS" start="2024-08-05T06:23:03.071358" elapsed="0.000715"/>
</kw>
<kw name="Should Match Regexp" owner="BuiltIn">
<arg>${json_data['results'][0]['email']}</arg>
<arg>^[a-zA-Z0-9._%+-]+@[a-zA-Z0-9.-]+\.[a-zA-Z]{2,}$</arg>
<doc>Fails if ``string`` does not match ``pattern`` as a regular expression.</doc>
<status status="PASS" start="2024-08-05T06:23:03.072440" elapsed="0.001139"/>
</kw>
<kw name="Should Match Regexp" owner="BuiltIn">
<arg>${json_data['results'][0]['dob']['date']}</arg>
<arg>\\d{4}-\\d{2}-\\d{2}T\\d{2}:\\d{2}:\\d{2}\\.\\d{3}Z</arg>
<doc>Fails if ``string`` does not match ``pattern`` as a regular expression.</doc>
<status status="PASS" start="2024-08-05T06:23:03.073952" elapsed="0.001180"/>
</kw>
<kw name="Should Match Regexp" owner="BuiltIn">
<arg>${json_data['results'][0]['registered']['date']}</arg>
<arg>\\d{4}-\\d{2}-\\d{2}T\\d{2}:\\d{2}:\\d{2}\\.\\d{3}Z</arg>
<doc>Fails if ``string`` does not match ``pattern`` as a regular expression.</doc>
<status status="PASS" start="2024-08-05T06:23:03.075502" elapsed="0.000761"/>
</kw>
<kw name="Should Match Regexp" owner="BuiltIn">
<arg>${json_data['results'][0]['picture']['large']}</arg>
<arg>^https?://.*\.(?:png|jpe?g|gif|bmp)$</arg>
<doc>Fails if ``string`` does not match ``pattern`` as a regular expression.</doc>
<status status="PASS" start="2024-08-05T06:23:03.076621" elapsed="0.000995"/>
</kw>
<kw name="Should Match Regexp" owner="BuiltIn">
<arg>${json_data['results'][0]['picture']['medium']}</arg>
<arg>^https?://.*\.(?:png|jpe?g|gif|bmp)$</arg>
<doc>Fails if ``string`` does not match ``pattern`` as a regular expression.</doc>
<status status="PASS" start="2024-08-05T06:23:03.077977" elapsed="0.000729"/>
</kw>
<kw name="Should Match Regexp" owner="BuiltIn">
<arg>${json_data['results'][0]['picture']['thumbnail']}</arg>
<arg>^https?://.*\.(?:png|jpe?g|gif|bmp)$</arg>
<doc>Fails if ``string`` does not match ``pattern`` as a regular expression.</doc>
<status status="PASS" start="2024-08-05T06:23:03.079060" elapsed="0.000718"/>
</kw>
<kw name="Log" owner="BuiltIn">
<msg time="2024-08-05T06:23:03.080833" level="INFO">{'large': 'https://randomuser.me/api/portraits/men/26.jpg', 'medium': 'https://randomuser.me/api/portraits/med/men/26.jpg', 'thumbnail': 'https://randomuser.me/api/portraits/thumb/men/26.jpg'}</msg>
<arg>${json_data['results'][0]['picture']}</arg>
<doc>Logs the given message with the given level.</doc>
<status status="PASS" start="2024-08-05T06:23:03.080128" elapsed="0.000783"/>
</kw>
<status status="PASS" start="2024-08-05T06:23:03.014685" elapsed="0.066659"/>
</kw>
<kw name="Teste de Tipos de Dados - Postcode" owner="random-user-service">
<kw name="GET On Session" owner="RequestsLibrary">
<msg time="2024-08-05T06:23:03.148894" level="INFO">GET Request : url=https://randomuser.me/api 
 path_url=/api 
 headers={'User-Agent': 'python-requests/2.32.3', 'Accept-Encoding': 'gzip, deflate', 'Accept': '*/*', 'Connection': 'keep-alive'} 
 body=None 
 </msg>
<msg time="2024-08-05T06:23:03.149044" level="INFO">GET Response : url=https://randomuser.me/api 
 status=200, reason=OK 
 headers={'Date': 'Mon, 05 Aug 2024 06:23:03 GMT', 'Content-Type': 'application/json; charset=utf-8', 'Transfer-Encoding': 'chunked', 'Connection': 'keep-alive', 'X-Powered-By': 'Express', 'Access-Control-Allow-Origin': '*', 'Cache-Control': 'no-cache', 'ETag': 'W/"480-Ki8bhJLQxElRXwyaRshXtda17Nc"', 'Vary': 'Accept-Encoding', 'Content-Encoding': 'gzip', 'CF-Cache-Status': 'DYNAMIC', 'Report-To': '{"endpoints":[{"url":"https:\\/\\/a.nel.cloudflare.com\\/report\\/v4?s=rP0Pm7UstNuaTzIK4LrsXTNBjmjoppnD8xLK65aG69dweSCt2sdKvLwwj1JuhBCCi8fEKOicN41GnTfn%2BLupSW036OpdYHYNElTwjzJbivum71XEbgJhlcCgLSt6YXEx"}],"group":"cf-nel","max_age":604800}', 'NEL': '{"success_fraction":0,"report_to":"cf-nel","max_age":604800}', 'Server': 'cloudflare', 'CF-RAY': '8ae4b23c4cf0c995-IAD', 'alt-svc': 'h3=":443"; ma=86400'} 
 body={"results":[{"gender":"male","name":{"title":"Mr","first":"Antonio","last":"Ward"},"location":{"street":{"number":6880,"name":"Spring St"},"city":"Devonport","state":"Northern Territory","country":"Australia","postcode":8012,"coordinates":{"latitude":"-88.2116","longitude":"-10.8658"},"timezone":{"offset":"-12:00","description":"Eniwetok, Kwajalein"}},"email":"antonio.ward@example.com","login":{"uuid":"0e0bc54d-1113-447c-bdf2-1251dfd3b88b","username":"yellowdog177","password":"snoopdog","salt":"ggdmrDY9","md5":"c4ac154664ea178afd314bf01eb25540","sha1":"fba1b744eccab99a5e49f230a5e0070f62685a5c","sha256":"408f5b5bda6441b2fe0748cbfc501ad115de23f8aaddda6f75a8f9b95e721e73"},"dob":{"date":"1953-02-03T13:03:50.534Z","age":71},"registered":{"date":"2009-03-09T10:47:01.182Z","age":15},"phone":"08-9827-5560","cell":"0476-336-464","id":{"name":"TFN","value":"653109444"},"picture":{"large":"https://randomuser.me/api/portraits/men/9.jpg","medium":"https://randomuser.me/api/portraits/med/men/9.jpg","thumbnail":"https://randomuser.me/api/portraits/thumb/men/9.jpg"},"nat":"AU"}],"info":{"seed":"7db61b830f4064f9","results":1,"page":1,"version":"1.4"}} 
 </msg>
<msg time="2024-08-05T06:23:03.149193" level="INFO">/opt/hostedtoolcache/Python/3.12.4/x64/lib/python3.12/site-packages/urllib3/connectionpool.py:1099: InsecureRequestWarning: Unverified HTTPS request is being made to host 'randomuser.me'. Adding certificate verification is strongly advised. See: https://urllib3.readthedocs.io/en/latest/advanced-usage.html#tls-warnings
  warnings.warn(</msg>
<msg time="2024-08-05T06:23:03.149384" level="INFO">${response} = &lt;Response [200]&gt;</msg>
<var>${response}</var>
<arg>consultarAPI</arg>
<arg>/api</arg>
<doc>Sends a GET request on a previously created HTTP Session.</doc>
<status status="PASS" start="2024-08-05T06:23:03.082124" elapsed="0.067332"/>
</kw>
<kw name="Set Variable" owner="BuiltIn">
<msg time="2024-08-05T06:23:03.150895" level="INFO">${json_data} = {'results': [{'gender': 'male', 'name': {'title': 'Mr', 'first': 'Antonio', 'last': 'Ward'}, 'location': {'street': {'number': 6880, 'name': 'Spring St'}, 'city': 'Devonport', 'state': 'Northern Terri...</msg>
<var>${json_data}</var>
<arg>${response.json()}</arg>
<doc>Returns the given values which can then be assigned to a variables.</doc>
<status status="PASS" start="2024-08-05T06:23:03.150032" elapsed="0.000914"/>
</kw>
<kw name="Log" owner="BuiltIn">
<msg time="2024-08-05T06:23:03.151758" level="INFO">{'results': [{'gender': 'male', 'name': {'title': 'Mr', 'first': 'Antonio', 'last': 'Ward'}, 'location': {'street': {'number': 6880, 'name': 'Spring St'}, 'city': 'Devonport', 'state': 'Northern Territory', 'country': 'Australia', 'postcode': 8012, 'coordinates': {'latitude': '-88.2116', 'longitude': '-10.8658'}, 'timezone': {'offset': '-12:00', 'description': 'Eniwetok, Kwajalein'}}, 'email': 'antonio.ward@example.com', 'login': {'uuid': '0e0bc54d-1113-447c-bdf2-1251dfd3b88b', 'username': 'yellowdog177', 'password': 'snoopdog', 'salt': 'ggdmrDY9', 'md5': 'c4ac154664ea178afd314bf01eb25540', 'sha1': 'fba1b744eccab99a5e49f230a5e0070f62685a5c', 'sha256': '408f5b5bda6441b2fe0748cbfc501ad115de23f8aaddda6f75a8f9b95e721e73'}, 'dob': {'date': '1953-02-03T13:03:50.534Z', 'age': 71}, 'registered': {'date': '2009-03-09T10:47:01.182Z', 'age': 15}, 'phone': '08-9827-5560', 'cell': '0476-336-464', 'id': {'name': 'TFN', 'value': '653109444'}, 'picture': {'large': 'https://randomuser.me/api/portraits/men/9.jpg', 'medium': 'https://randomuser.me/api/portraits/med/men/9.jpg', 'thumbnail': 'https://randomuser.me/api/portraits/thumb/men/9.jpg'}, 'nat': 'AU'}], 'info': {'seed': '7db61b830f4064f9', 'results': 1, 'page': 1, 'version': '1.4'}}</msg>
<arg>${json_data}</arg>
<doc>Logs the given message with the given level.</doc>
<status status="PASS" start="2024-08-05T06:23:03.151477" elapsed="0.000375"/>
</kw>
<kw name="Should Be Equal As Numbers" owner="BuiltIn">
<arg>${json_data['results'][0]['location']['postcode']}</arg>
<arg>${json_data['results'][0]['location']['postcode']}</arg>
<doc>Fails if objects are unequal after converting them to real numbers.</doc>
<status status="PASS" start="2024-08-05T06:23:03.152385" elapsed="0.001324"/>
</kw>
<kw name="Log" owner="BuiltIn">
<msg time="2024-08-05T06:23:03.154769" level="INFO">8012</msg>
<arg>${json_data['results'][0]['location']['postcode']}</arg>
<doc>Logs the given message with the given level.</doc>
<status status="PASS" start="2024-08-05T06:23:03.154077" elapsed="0.000768"/>
</kw>
<status status="PASS" start="2024-08-05T06:23:03.081729" elapsed="0.073595"/>
</kw>
<doc>Testa se os tipos de dados na resposta da API estão corretos.</doc>
<tag>testeTiposDados</tag>
<status status="PASS" start="2024-08-05T06:23:03.013842" elapsed="0.141790"/>
</test>
<test id="s1-s1-t5" name="Validar conteudo" line="35">
<kw name="Teste de Tipos de Conteudo" owner="random-user-service">
<kw name="GET On Session" owner="RequestsLibrary">
<msg time="2024-08-05T06:23:03.279594" level="INFO">GET Request : url=https://randomuser.me/api 
 path_url=/api 
 headers={'User-Agent': 'python-requests/2.32.3', 'Accept-Encoding': 'gzip, deflate', 'Accept': '*/*', 'Connection': 'keep-alive'} 
 body=None 
 </msg>
<msg time="2024-08-05T06:23:03.279708" level="INFO">GET Response : url=https://randomuser.me/api 
 status=200, reason=OK 
 headers={'Date': 'Mon, 05 Aug 2024 06:23:03 GMT', 'Content-Type': 'application/json; charset=utf-8', 'Transfer-Encoding': 'chunked', 'Connection': 'keep-alive', 'X-Powered-By': 'Express', 'Access-Control-Allow-Origin': '*', 'Cache-Control': 'no-cache', 'ETag': 'W/"480-+hMFva8exEooLc1lkCpo+sZJSWY"', 'Vary': 'Accept-Encoding', 'Content-Encoding': 'gzip', 'CF-Cache-Status': 'DYNAMIC', 'Report-To': '{"endpoints":[{"url":"https:\\/\\/a.nel.cloudflare.com\\/report\\/v4?s=ncA4O9gFdoDUtjPC0If1oyR6J1Gt8tOaQTyGQCHG2SoAh4a%2BL1sexOkNMLc3e7KhYm7RSc4GV5hpZdZVedGP3o0FJ7xb1pJrv%2B1HuHkG75%2FrPPT8rjP5kyre24jnuht2"}],"group":"cf-nel","max_age":604800}', 'NEL': '{"success_fraction":0,"report_to":"cf-nel","max_age":604800}', 'Server': 'cloudflare', 'CF-RAY': '8ae4b23ccdebc995-IAD', 'alt-svc': 'h3=":443"; ma=86400'} 
 body={"results":[{"gender":"male","name":{"title":"Mr","first":"Milton","last":"Neal"},"location":{"street":{"number":1943,"name":"W Pecan St"},"city":"Wollongong","state":"Australian Capital Territory","country":"Australia","postcode":5816,"coordinates":{"latitude":"-83.6198","longitude":"-179.1825"},"timezone":{"offset":"-10:00","description":"Hawaii"}},"email":"milton.neal@example.com","login":{"uuid":"ba13ef17-dbf7-48a8-aab3-a5ab8cdc0c1c","username":"sadelephant704","password":"oliver","salt":"3S7DGMIy","md5":"8f087c5290a05e52d2c9efbfb56fd944","sha1":"5c083c9f13e2e7db27274e3ae19a80edd7ca77e2","sha256":"75e3c8620e193a061c0bf5931601e038f22e27bdac06a9f0d3bca800f692253f"},"dob":{"date":"1965-01-07T21:54:40.802Z","age":59},"registered":{"date":"2015-02-28T04:29:44.445Z","age":9},"phone":"05-8870-7079","cell":"0485-879-294","id":{"name":"TFN","value":"684601487"},"picture":{"large":"https://randomuser.me/api/portraits/men/69.jpg","medium":"https://randomuser.me/api/portraits/med/men/69.jpg","thumbnail":"https://randomuser.me/api/portraits/thumb/men/69.jpg"},"nat":"AU"}],"info":{"seed":"b448c7648966e3d0","results":1,"page":1,"version":"1.4"}} 
 </msg>
<msg time="2024-08-05T06:23:03.279822" level="INFO">/opt/hostedtoolcache/Python/3.12.4/x64/lib/python3.12/site-packages/urllib3/connectionpool.py:1099: InsecureRequestWarning: Unverified HTTPS request is being made to host 'randomuser.me'. Adding certificate verification is strongly advised. See: https://urllib3.readthedocs.io/en/latest/advanced-usage.html#tls-warnings
  warnings.warn(</msg>
<msg time="2024-08-05T06:23:03.280010" level="INFO">${response} = &lt;Response [200]&gt;</msg>
<var>${response}</var>
<arg>consultarAPI</arg>
<arg>/api</arg>
<doc>Sends a GET request on a previously created HTTP Session.</doc>
<status status="PASS" start="2024-08-05T06:23:03.160928" elapsed="0.119165"/>
</kw>
<kw name="Set Variable" owner="BuiltIn">
<msg time="2024-08-05T06:23:03.281658" level="INFO">${json_data} = {'results': [{'gender': 'male', 'name': {'title': 'Mr', 'first': 'Milton', 'last': 'Neal'}, 'location': {'street': {'number': 1943, 'name': 'W Pecan St'}, 'city': 'Wollongong', 'state': 'Australian Ca...</msg>
<var>${json_data}</var>
<arg>${response.json()}</arg>
<doc>Returns the given values which can then be assigned to a variables.</doc>
<status status="PASS" start="2024-08-05T06:23:03.280762" elapsed="0.000949"/>
</kw>
<kw name="Set Variable" owner="BuiltIn">
<msg time="2024-08-05T06:23:03.283037" level="INFO">${name_title} = Mr</msg>
<var>${name_title}</var>
<arg>${json_data["results"][0]["name"]["title"]}</arg>
<doc>Returns the given values which can then be assigned to a variables.</doc>
<status status="PASS" start="2024-08-05T06:23:03.282257" elapsed="0.000828"/>
</kw>
<kw name="Create List" owner="BuiltIn">
<msg time="2024-08-05T06:23:03.283888" level="INFO">${allowed_titles} = ['Mr', 'Ms', 'Miss', 'Mrs', 'Madame', 'Monsieur']</msg>
<var>${allowed_titles}</var>
<arg>Mr</arg>
<arg>Ms</arg>
<arg>Miss</arg>
<arg>Mrs</arg>
<arg>Madame</arg>
<arg>Monsieur</arg>
<doc>Returns a list containing given items.</doc>
<status status="PASS" start="2024-08-05T06:23:03.283618" elapsed="0.000318"/>
</kw>
<kw name="List Should Contain Value" owner="Collections">
<arg>${allowed_titles}</arg>
<arg>${name_title}</arg>
<doc>Fails if the ``value`` is not found from ``list``.</doc>
<status status="PASS" start="2024-08-05T06:23:03.284481" elapsed="0.000364"/>
</kw>
<kw name="Set Variable" owner="BuiltIn">
<msg time="2024-08-05T06:23:03.285956" level="INFO">${name_country} = AU</msg>
<var>${name_country}</var>
<arg>${json_data["results"][0]["nat"]}</arg>
<doc>Returns the given values which can then be assigned to a variables.</doc>
<status status="PASS" start="2024-08-05T06:23:03.285201" elapsed="0.000802"/>
</kw>
<kw name="Create List" owner="BuiltIn">
<msg time="2024-08-05T06:23:03.288040" level="INFO">${list_country} = ['AD', 'AE', 'AF', 'AG', 'AI', 'AL', 'AM', 'AO', 'AQ', 'AR', 'AS', 'AT', 'AU', 'AW', 'AX', 'AZ', 'BA', 'BB', 'BD', 'BE', 'BF', 'BG', 'BH', 'BI', 'BJ', 'BL', 'BM', 'BN', 'BO', 'BQ', 'BR', 'BS', 'BT', '...</msg>
<var>${list_country}</var>
<arg>AD</arg>
<arg>AE</arg>
<arg>AF</arg>
<arg>AG</arg>
<arg>AI</arg>
<arg>AL</arg>
<arg>AM</arg>
<arg>AO</arg>
<arg>AQ</arg>
<arg>AR</arg>
<arg>AS</arg>
<arg>AT</arg>
<arg>AU</arg>
<arg>AW</arg>
<arg>AX</arg>
<arg>AZ</arg>
<arg>BA</arg>
<arg>BB</arg>
<arg>BD</arg>
<arg>BE</arg>
<arg>BF</arg>
<arg>BG</arg>
<arg>BH</arg>
<arg>BI</arg>
<arg>BJ</arg>
<arg>BL</arg>
<arg>BM</arg>
<arg>BN</arg>
<arg>BO</arg>
<arg>BQ</arg>
<arg>BR</arg>
<arg>BS</arg>
<arg>BT</arg>
<arg>BV</arg>
<arg>BW</arg>
<arg>BY</arg>
<arg>BZ</arg>
<arg>CA</arg>
<arg>CC</arg>
<arg>CD</arg>
<arg>CF</arg>
<arg>CG</arg>
<arg>CH</arg>
<arg>CI</arg>
<arg>CK</arg>
<arg>CL</arg>
<arg>CM</arg>
<arg>CN</arg>
<arg>CO</arg>
<arg>CR</arg>
<arg>CU</arg>
<arg>CV</arg>
<arg>CW</arg>
<arg>CX</arg>
<arg>CY</arg>
<arg>CZ</arg>
<arg>DE</arg>
<arg>DJ</arg>
<arg>DK</arg>
<arg>DM</arg>
<arg>DO</arg>
<arg>DZ</arg>
<arg>EC</arg>
<arg>EE</arg>
<arg>EG</arg>
<arg>EH</arg>
<arg>ER</arg>
<arg>ES</arg>
<arg>ET</arg>
<arg>FI</arg>
<arg>FJ</arg>
<arg>FK</arg>
<arg>FM</arg>
<arg>FO</arg>
<arg>FR</arg>
<arg>GA</arg>
<arg>GB</arg>
<arg>GD</arg>
<arg>GE</arg>
<arg>GF</arg>
<arg>GG</arg>
<arg>GH</arg>
<arg>GI</arg>
<arg>GL</arg>
<arg>GM</arg>
<arg>GN</arg>
<arg>GP</arg>
<arg>GQ</arg>
<arg>GR</arg>
<arg>GS</arg>
<arg>GT</arg>
<arg>GU</arg>
<arg>GW</arg>
<arg>GY</arg>
<arg>HK</arg>
<arg>HM</arg>
<arg>HN</arg>
<arg>HR</arg>
<arg>HT</arg>
<arg>HU</arg>
<arg>ID</arg>
<arg>IE</arg>
<arg>IL</arg>
<arg>IM</arg>
<arg>IN</arg>
<arg>IO</arg>
<arg>IQ</arg>
<arg>IR</arg>
<arg>IS</arg>
<arg>IT</arg>
<arg>JE</arg>
<arg>JM</arg>
<arg>JO</arg>
<arg>JP</arg>
<arg>KE</arg>
<arg>KG</arg>
<arg>KH</arg>
<arg>KI</arg>
<arg>KM</arg>
<arg>KN</arg>
<arg>KP</arg>
<arg>KR</arg>
<arg>KW</arg>
<arg>KY</arg>
<arg>KZ</arg>
<arg>LA</arg>
<arg>LB</arg>
<arg>LC</arg>
<arg>LI</arg>
<arg>LK</arg>
<arg>LR</arg>
<arg>LS</arg>
<arg>LT</arg>
<arg>LU</arg>
<arg>LV</arg>
<arg>LY</arg>
<arg>MA</arg>
<arg>MC</arg>
<arg>MD</arg>
<arg>ME</arg>
<arg>MF</arg>
<arg>MG</arg>
<arg>MH</arg>
<arg>MK</arg>
<arg>ML</arg>
<arg>MM</arg>
<arg>MN</arg>
<arg>MO</arg>
<arg>MP</arg>
<arg>MQ</arg>
<arg>MR</arg>
<arg>MS</arg>
<arg>MT</arg>
<arg>MU</arg>
<arg>MV</arg>
<arg>MW</arg>
<arg>MX</arg>
<arg>MY</arg>
<arg>MZ</arg>
<arg>NA</arg>
<arg>NC</arg>
<arg>NE</arg>
<arg>NF</arg>
<arg>NG</arg>
<arg>NI</arg>
<arg>NL</arg>
<arg>NO</arg>
<arg>NP</arg>
<arg>NR</arg>
<arg>NU</arg>
<arg>NZ</arg>
<arg>OM</arg>
<arg>PA</arg>
<arg>PE</arg>
<arg>PF</arg>
<arg>PG</arg>
<arg>PH</arg>
<arg>PK</arg>
<arg>PL</arg>
<arg>PM</arg>
<arg>PN</arg>
<arg>PR</arg>
<arg>PS</arg>
<arg>PT</arg>
<arg>PW</arg>
<arg>PY</arg>
<arg>QA</arg>
<arg>RE</arg>
<arg>RO</arg>
<arg>RS</arg>
<arg>RU</arg>
<arg>RW</arg>
<arg>SA</arg>
<arg>SB</arg>
<arg>SC</arg>
<arg>SD</arg>
<arg>SE</arg>
<arg>SG</arg>
<arg>SH</arg>
<arg>SI</arg>
<arg>SJ</arg>
<arg>SK</arg>
<arg>SL</arg>
<arg>SM</arg>
<arg>SN</arg>
<arg>SO</arg>
<arg>SR</arg>
<arg>SS</arg>
<arg>ST</arg>
<arg>SV</arg>
<arg>SX</arg>
<arg>SY</arg>
<arg>SZ</arg>
<arg>TC</arg>
<arg>TD</arg>
<arg>TF</arg>
<arg>TG</arg>
<arg>TH</arg>
<arg>TJ</arg>
<arg>TK</arg>
<arg>TL</arg>
<arg>TM</arg>
<arg>TN</arg>
<arg>TO</arg>
<arg>TR</arg>
<arg>TT</arg>
<arg>TV</arg>
<arg>TW</arg>
<arg>TZ</arg>
<arg>UA</arg>
<arg>UG</arg>
<arg>UM</arg>
<arg>US</arg>
<arg>UY</arg>
<arg>UZ</arg>
<arg>VA</arg>
<arg>VC</arg>
<arg>VE</arg>
<arg>VG</arg>
<arg>VI</arg>
<arg>VN</arg>
<arg>VU</arg>
<arg>WF</arg>
<arg>WS</arg>
<arg>XK</arg>
<arg>YE</arg>
<arg>YT</arg>
<arg>ZA</arg>
<arg>ZM</arg>
<arg>ZW</arg>
<doc>Returns a list containing given items.</doc>
<status status="PASS" start="2024-08-05T06:23:03.286528" elapsed="0.001562"/>
</kw>
<kw name="List Should Contain Value" owner="Collections">
<arg>${list_country}</arg>
<arg>${name_country}</arg>
<doc>Fails if the ``value`` is not found from ``list``.</doc>
<status status="PASS" start="2024-08-05T06:23:03.290203" elapsed="0.000423"/>
</kw>
<kw name="Run Keyword If" owner="BuiltIn">
<kw name="Should Be True" owner="BuiltIn">
<arg>${True}</arg>
<doc>Fails if the given condition is not true.</doc>
<status status="PASS" start="2024-08-05T06:23:03.292546" elapsed="0.000306"/>
</kw>
<arg>${json_data["results"][0]["location"]["coordinates"]["latitude"]} &gt;= -90 and ${json_data["results"][0]["location"]["coordinates"]["latitude"]} &lt;= 90</arg>
<arg>Should Be True</arg>
<arg>${True}</arg>
<doc>Runs the given keyword with the given arguments, if ``condition`` is true.</doc>
<status status="PASS" start="2024-08-05T06:23:03.291008" elapsed="0.002091"/>
</kw>
<kw name="Run Keyword If" owner="BuiltIn">
<kw name="Should Be True" owner="BuiltIn">
<arg>${True}</arg>
<doc>Fails if the given condition is not true.</doc>
<status status="PASS" start="2024-08-05T06:23:03.294950" elapsed="0.000244"/>
</kw>
<arg>${json_data["results"][0]["location"]["coordinates"]["longitude"]} &gt;= -180 and ${json_data["results"][0]["location"]["coordinates"]["longitude"]} &lt;= 180</arg>
<arg>Should Be True</arg>
<arg>${True}</arg>
<doc>Runs the given keyword with the given arguments, if ``condition`` is true.</doc>
<status status="PASS" start="2024-08-05T06:23:03.293470" elapsed="0.001966"/>
</kw>
<status status="PASS" start="2024-08-05T06:23:03.160476" elapsed="0.135216"/>
</kw>
<doc>Testa o conteúdo específico dos campos retornados pela API.</doc>
<tag>testeConteudo</tag>
<status status="PASS" start="2024-08-05T06:23:03.159657" elapsed="0.136323"/>
</test>
<status status="PASS" start="2024-08-05T06:23:01.894750" elapsed="1.405436"/>
</suite>
<status status="PASS" start="2024-08-05T06:23:01.853897" elapsed="1.458460"/>
</suite>
<statistics>
<total>
<stat pass="5" fail="0" skip="0">All Tests</stat>
</total>
<tag>
<stat pass="1" fail="0" skip="0">testeConteudo</stat>
<stat pass="1" fail="0" skip="0">testeEstruturaResposta</stat>
<stat pass="1" fail="0" skip="0">testeRequisicaoBasica</stat>
<stat pass="1" fail="0" skip="0">testeTiposDados</stat>
</tag>
<suite>
<stat pass="5" fail="0" skip="0" id="s1" name="Tests">Tests</stat>
<stat pass="5" fail="0" skip="0" id="s1-s1" name="Random-User-Test">Tests.Random-User-Test</stat>
</suite>
</statistics>
<errors>
</errors>
</robot>
