<?xml version="1.0" encoding="UTF-8"?>
<robot generator="Robot 7.0.1 (Python 3.12.4 on linux)" generated="2024-07-03T14:15:54.754225" rpa="false" schemaversion="5">
<suite id="s1" name="Tests" source="/home/runner/work/ApiRandomUser/ApiRandomUser/RamdonUser/tests">
<suite id="s1-s1" name="Random-User-Test" source="/home/runner/work/ApiRandomUser/ApiRandomUser/RamdonUser/tests/random-user-test.robot">
<test id="s1-s1-t1" name="Conectar" line="13">
<kw name="Conectar API" owner="random-user-service">
<kw name="Create Session" owner="RequestsLibrary">
<msg time="2024-07-03T14:15:55.197986" level="INFO">Creating Session using : alias=consultarAPI, url=https://randomuser.me/, headers={},                     cookies={}, auth=None, timeout=None, proxies=None, verify=False,                     debug=0 </msg>
<arg>consultarAPI</arg>
<arg>${URL}</arg>
<doc>Create Session: create a HTTP session to a server</doc>
<status status="PASS" start="2024-07-03T14:15:55.197742" elapsed="0.000476"/>
</kw>
<status status="PASS" start="2024-07-03T14:15:55.196662" elapsed="0.001973"/>
</kw>
<status status="PASS" start="2024-07-03T14:15:55.195909" elapsed="0.002938"/>
</test>
<test id="s1-s1-t2" name="Validar retorno 200 e JSON Válido" line="16">
<kw name="Teste de Requisicao Basica" owner="random-user-service">
<kw name="GET On Session" owner="RequestsLibrary">
<msg time="2024-07-03T14:15:55.283722" level="INFO">GET Request : url=https://randomuser.me/api 
 path_url=/api 
 headers={'User-Agent': 'python-requests/2.32.3', 'Accept-Encoding': 'gzip, deflate', 'Accept': '*/*', 'Connection': 'keep-alive'} 
 body=None 
 </msg>
<msg time="2024-07-03T14:15:55.283998" level="INFO">GET Response : url=https://randomuser.me/api 
 status=200, reason=OK 
 headers={'Date': 'Wed, 03 Jul 2024 14:15:55 GMT', 'Content-Type': 'application/json; charset=utf-8', 'Transfer-Encoding': 'chunked', 'Connection': 'keep-alive', 'X-Powered-By': 'Express', 'Access-Control-Allow-Origin': '*', 'Cache-Control': 'no-cache', 'ETag': 'W/"493-TId9fyPkeqJBQYkGhxESTbh9da0"', 'Vary': 'Accept-Encoding', 'Content-Encoding': 'gzip', 'CF-Cache-Status': 'DYNAMIC', 'Report-To': '{"endpoints":[{"url":"https:\\/\\/a.nel.cloudflare.com\\/report\\/v4?s=4ebs4Ngp1Zil1bZzbM%2Ff5p6oWoYblRlFv5EThex17IHbAzIC9n08sZ0b%2Fq8pTybdwzPn%2Ff7ig9rJI%2BIZ%2Fxo6yg80BiF1qCdFRXC82XoSpGMYf4QdrH1QP%2BfYNeMHwX2W"}],"group":"cf-nel","max_age":604800}', 'NEL': '{"success_fraction":0,"report_to":"cf-nel","max_age":604800}', 'Server': 'cloudflare', 'CF-RAY': '89d77d8a4fca28c4-IAD', 'alt-svc': 'h3=":443"; ma=86400'} 
 body={"results":[{"gender":"male","name":{"title":"Mr","first":"Zachary","last":"Bergeron"},"location":{"street":{"number":7287,"name":"Brock Rd"},"city":"Waterloo","state":"Northwest Territories","country":"Canada","postcode":"Z1D 0L0","coordinates":{"latitude":"-71.3943","longitude":"-45.2420"},"timezone":{"offset":"-8:00","description":"Pacific Time (US &amp; Canada)"}},"email":"zachary.bergeron@example.com","login":{"uuid":"f12b3e72-40d8-4dfa-973a-80d8771da580","username":"bluemouse578","password":"hollywoo","salt":"tc3HZ0OY","md5":"2c99dc433d511372d5e8d4c241b4f415","sha1":"1a01cda9255a644531bc09b8c387f93deb48805d","sha256":"6a3b3e2d80ba8efb6733116149c43c73a9df13104b1a8c5939cacd7443d78e97"},"dob":{"date":"1947-09-13T07:46:37.267Z","age":76},"registered":{"date":"2019-03-16T09:02:37.872Z","age":5},"phone":"M41 V63-5050","cell":"G12 V21-5807","id":{"name":"SIN","value":"103433009"},"picture":{"large":"https://randomuser.me/api/portraits/men/55.jpg","medium":"https://randomuser.me/api/portraits/med/men/55.jpg","thumbnail":"https://randomuser.me/api/portraits/thumb/men/55.jpg"},"nat":"CA"}],"info":{"seed":"a92621a5958ef5d8","results":1,"page":1,"version":"1.4"}} 
 </msg>
<msg time="2024-07-03T14:15:55.284152" level="INFO">/opt/hostedtoolcache/Python/3.12.4/x64/lib/python3.12/site-packages/urllib3/connectionpool.py:1099: InsecureRequestWarning: Unverified HTTPS request is being made to host 'randomuser.me'. Adding certificate verification is strongly advised. See: https://urllib3.readthedocs.io/en/latest/advanced-usage.html#tls-warnings
  warnings.warn(</msg>
<msg time="2024-07-03T14:15:55.284333" level="INFO">${response} = &lt;Response [200]&gt;</msg>
<var>${response}</var>
<arg>consultarAPI</arg>
<arg>/api</arg>
<doc>Sends a GET request on a previously created HTTP Session.</doc>
<status status="PASS" start="2024-07-03T14:15:55.201837" elapsed="0.082539"/>
</kw>
<kw name="Should Be Equal As Numbers" owner="BuiltIn">
<msg time="2024-07-03T14:15:55.285673" level="INFO">Argument types are:
&lt;class 'int'&gt;
&lt;class 'str'&gt;</msg>
<arg>${response.status_code}</arg>
<arg>200</arg>
<doc>Fails if objects are unequal after converting them to real numbers.</doc>
<status status="PASS" start="2024-07-03T14:15:55.285044" elapsed="0.000703"/>
</kw>
<kw name="Log" owner="BuiltIn">
<msg time="2024-07-03T14:15:55.286548" level="INFO">200</msg>
<arg>${response.status_code}</arg>
<doc>Logs the given message with the given level.</doc>
<status status="PASS" start="2024-07-03T14:15:55.286148" elapsed="0.000448"/>
</kw>
<kw name="Set Variable" owner="BuiltIn">
<msg time="2024-07-03T14:15:55.287410" level="INFO">${json_data} = {'results': [{'gender': 'male', 'name': {'title': 'Mr', 'first': 'Zachary', 'last': 'Bergeron'}, 'location': {'street': {'number': 7287, 'name': 'Brock Rd'}, 'city': 'Waterloo', 'state': 'Northwest Te...</msg>
<var>${json_data}</var>
<arg>${response.json()}</arg>
<doc>Returns the given values which can then be assigned to a variables.</doc>
<status status="PASS" start="2024-07-03T14:15:55.286946" elapsed="0.000494"/>
</kw>
<kw name="Dictionary Should Contain Key" owner="Collections">
<arg>${json_data}</arg>
<arg>results</arg>
<doc>Fails if ``key`` is not found from ``dictionary``.</doc>
<status status="PASS" start="2024-07-03T14:15:55.287806" elapsed="0.000188"/>
</kw>
<status status="PASS" start="2024-07-03T14:15:55.201539" elapsed="0.086610"/>
</kw>
<doc>Testa se a API responde corretamente e retorna um objeto JSON válido.</doc>
<tag>testeRequisicaoBasica</tag>
<status status="PASS" start="2024-07-03T14:15:55.200885" elapsed="0.087444"/>
</test>
<test id="s1-s1-t3" name="Validar estrutura de resposta" line="22">
<kw name="Teste de Estrutura de Resposta" owner="random-user-service">
<kw name="GET On Session" owner="RequestsLibrary">
<msg time="2024-07-03T14:15:55.384892" level="INFO">GET Request : url=https://randomuser.me/api 
 path_url=/api 
 headers={'User-Agent': 'python-requests/2.32.3', 'Accept-Encoding': 'gzip, deflate', 'Accept': '*/*', 'Connection': 'keep-alive'} 
 body=None 
 </msg>
<msg time="2024-07-03T14:15:55.385005" level="INFO">GET Response : url=https://randomuser.me/api 
 status=200, reason=OK 
 headers={'Date': 'Wed, 03 Jul 2024 14:15:55 GMT', 'Content-Type': 'application/json; charset=utf-8', 'Transfer-Encoding': 'chunked', 'Connection': 'keep-alive', 'X-Powered-By': 'Express', 'Access-Control-Allow-Origin': '*', 'Cache-Control': 'no-cache', 'ETag': 'W/"496-NbQ7cZy5GF2L83NBJYnWf4nGVAc"', 'Vary': 'Accept-Encoding', 'Content-Encoding': 'gzip', 'CF-Cache-Status': 'DYNAMIC', 'Report-To': '{"endpoints":[{"url":"https:\\/\\/a.nel.cloudflare.com\\/report\\/v4?s=cL97VYM2G9%2FP4%2BXyIn3QsbNhNXbwwTwfDXLL2j9ghfCSref05P1GMdR6dnxcBklHHJ%2FLQ7907QfGxO1wehjrO79o4jHuQSKlfkV5XkCnxb2Pd%2F28OVV4yARGK5Wqdi76"}],"group":"cf-nel","max_age":604800}', 'NEL': '{"success_fraction":0,"report_to":"cf-nel","max_age":604800}', 'Server': 'cloudflare', 'CF-RAY': '89d77d8a985a28c4-IAD', 'alt-svc': 'h3=":443"; ma=86400'} 
 body={"results":[{"gender":"female","name":{"title":"Ms","first":"Inmaculada","last":"Cano"},"location":{"street":{"number":2149,"name":"Calle de Tetuán"},"city":"Lugo","state":"Aragón","country":"Spain","postcode":20933,"coordinates":{"latitude":"-37.8494","longitude":"37.8126"},"timezone":{"offset":"-5:00","description":"Eastern Time (US &amp; Canada), Bogota, Lima"}},"email":"inmaculada.cano@example.com","login":{"uuid":"61c33a70-1c4b-4f47-b895-c3bfc4a0dd3e","username":"greenrabbit279","password":"mature","salt":"UqS8pCBG","md5":"e33b9ad5d99dc8aa61c5db4f50ec0c2c","sha1":"9b94060c8478bfa8b7f5cc4af1be03b407f9a5e5","sha256":"f67b12f6cd9ec036af877b8f7ccd95c648125106b40306d96447672a041ea7dd"},"dob":{"date":"1985-02-13T20:55:02.891Z","age":39},"registered":{"date":"2022-02-22T12:30:16.109Z","age":2},"phone":"926-088-293","cell":"632-600-109","id":{"name":"DNI","value":"62430874-V"},"picture":{"large":"https://randomuser.me/api/portraits/women/78.jpg","medium":"https://randomuser.me/api/portraits/med/women/78.jpg","thumbnail":"https://randomuser.me/api/portraits/thumb/women/78.jpg"},"nat":"ES"}],"info":{"seed":"a5952868a01771d3","results":1,"page":1,"version":"1.4"}} 
 </msg>
<msg time="2024-07-03T14:15:55.385157" level="INFO">/opt/hostedtoolcache/Python/3.12.4/x64/lib/python3.12/site-packages/urllib3/connectionpool.py:1099: InsecureRequestWarning: Unverified HTTPS request is being made to host 'randomuser.me'. Adding certificate verification is strongly advised. See: https://urllib3.readthedocs.io/en/latest/advanced-usage.html#tls-warnings
  warnings.warn(</msg>
<msg time="2024-07-03T14:15:55.385294" level="INFO">${response} = &lt;Response [200]&gt;</msg>
<var>${response}</var>
<arg>consultarAPI</arg>
<arg>/api</arg>
<doc>Sends a GET request on a previously created HTTP Session.</doc>
<status status="PASS" start="2024-07-03T14:15:55.291070" elapsed="0.094267"/>
</kw>
<kw name="Set Variable" owner="BuiltIn">
<msg time="2024-07-03T14:15:55.386689" level="INFO">${json_data} = {'results': [{'gender': 'female', 'name': {'title': 'Ms', 'first': 'Inmaculada', 'last': 'Cano'}, 'location': {'street': {'number': 2149, 'name': 'Calle de Tetuán'}, 'city': 'Lugo', 'state': 'Aragón',...</msg>
<var>${json_data}</var>
<arg>${response.json()}</arg>
<doc>Returns the given values which can then be assigned to a variables.</doc>
<status status="PASS" start="2024-07-03T14:15:55.386012" elapsed="0.000709"/>
</kw>
<kw name="Log" owner="BuiltIn">
<msg time="2024-07-03T14:15:55.387289" level="INFO">{'results': [{'gender': 'female', 'name': {'title': 'Ms', 'first': 'Inmaculada', 'last': 'Cano'}, 'location': {'street': {'number': 2149, 'name': 'Calle de Tetuán'}, 'city': 'Lugo', 'state': 'Aragón', 'country': 'Spain', 'postcode': 20933, 'coordinates': {'latitude': '-37.8494', 'longitude': '37.8126'}, 'timezone': {'offset': '-5:00', 'description': 'Eastern Time (US &amp; Canada), Bogota, Lima'}}, 'email': 'inmaculada.cano@example.com', 'login': {'uuid': '61c33a70-1c4b-4f47-b895-c3bfc4a0dd3e', 'username': 'greenrabbit279', 'password': 'mature', 'salt': 'UqS8pCBG', 'md5': 'e33b9ad5d99dc8aa61c5db4f50ec0c2c', 'sha1': '9b94060c8478bfa8b7f5cc4af1be03b407f9a5e5', 'sha256': 'f67b12f6cd9ec036af877b8f7ccd95c648125106b40306d96447672a041ea7dd'}, 'dob': {'date': '1985-02-13T20:55:02.891Z', 'age': 39}, 'registered': {'date': '2022-02-22T12:30:16.109Z', 'age': 2}, 'phone': '926-088-293', 'cell': '632-600-109', 'id': {'name': 'DNI', 'value': '62430874-V'}, 'picture': {'large': 'https://randomuser.me/api/portraits/women/78.jpg', 'medium': 'https://randomuser.me/api/portraits/med/women/78.jpg', 'thumbnail': 'https://randomuser.me/api/portraits/thumb/women/78.jpg'}, 'nat': 'ES'}], 'info': {'seed': 'a5952868a01771d3', 'results': 1, 'page': 1, 'version': '1.4'}}</msg>
<arg>${json_data}</arg>
<doc>Logs the given message with the given level.</doc>
<status status="PASS" start="2024-07-03T14:15:55.387108" elapsed="0.000237"/>
</kw>
<kw name="Dictionary Should Contain Key" owner="Collections">
<arg>${json_data}</arg>
<arg>results</arg>
<doc>Fails if ``key`` is not found from ``dictionary``.</doc>
<status status="PASS" start="2024-07-03T14:15:55.387676" elapsed="0.000215"/>
</kw>
<kw name="Should Not Be Empty" owner="BuiltIn">
<msg time="2024-07-03T14:15:55.388241" level="INFO">Length is 2.</msg>
<arg>${json_data}</arg>
<doc>Verifies that the given item is not empty.</doc>
<status status="PASS" start="2024-07-03T14:15:55.388102" elapsed="0.000181"/>
</kw>
<kw name="Create List" owner="BuiltIn">
<msg time="2024-07-03T14:15:55.388945" level="INFO">${expected_keys} = ['gender', 'name', 'location', 'email', 'login']</msg>
<var>${expected_keys}</var>
<arg>gender</arg>
<arg>name</arg>
<arg>location</arg>
<arg>email</arg>
<arg>login</arg>
<doc>Returns a list containing given items.</doc>
<status status="PASS" start="2024-07-03T14:15:55.388604" elapsed="0.000366"/>
</kw>
<for flavor="IN">
<iter>
<kw name="Dictionary Should Contain Key" owner="Collections">
<arg>${json_data['results'][0]}</arg>
<arg>${key}</arg>
<doc>Fails if ``key`` is not found from ``dictionary``.</doc>
<status status="PASS" start="2024-07-03T14:15:55.389586" elapsed="0.000438"/>
</kw>
<kw name="Log" owner="BuiltIn">
<msg time="2024-07-03T14:15:55.390600" level="INFO">{'gender': 'female', 'name': {'title': 'Ms', 'first': 'Inmaculada', 'last': 'Cano'}, 'location': {'street': {'number': 2149, 'name': 'Calle de Tetuán'}, 'city': 'Lugo', 'state': 'Aragón', 'country': 'Spain', 'postcode': 20933, 'coordinates': {'latitude': '-37.8494', 'longitude': '37.8126'}, 'timezone': {'offset': '-5:00', 'description': 'Eastern Time (US &amp; Canada), Bogota, Lima'}}, 'email': 'inmaculada.cano@example.com', 'login': {'uuid': '61c33a70-1c4b-4f47-b895-c3bfc4a0dd3e', 'username': 'greenrabbit279', 'password': 'mature', 'salt': 'UqS8pCBG', 'md5': 'e33b9ad5d99dc8aa61c5db4f50ec0c2c', 'sha1': '9b94060c8478bfa8b7f5cc4af1be03b407f9a5e5', 'sha256': 'f67b12f6cd9ec036af877b8f7ccd95c648125106b40306d96447672a041ea7dd'}, 'dob': {'date': '1985-02-13T20:55:02.891Z', 'age': 39}, 'registered': {'date': '2022-02-22T12:30:16.109Z', 'age': 2}, 'phone': '926-088-293', 'cell': '632-600-109', 'id': {'name': 'DNI', 'value': '62430874-V'}, 'picture': {'large': 'https://randomuser.me/api/portraits/women/78.jpg', 'medium': 'https://randomuser.me/api/portraits/med/women/78.jpg', 'thumbnail': 'https://randomuser.me/api/portraits/thumb/women/78.jpg'}, 'nat': 'ES'}</msg>
<arg>${json_data['results'][0]}</arg>
<doc>Logs the given message with the given level.</doc>
<status status="PASS" start="2024-07-03T14:15:55.390218" elapsed="0.000436"/>
</kw>
<kw name="Log" owner="BuiltIn">
<msg time="2024-07-03T14:15:55.391090" level="INFO">gender</msg>
<arg>${key}</arg>
<doc>Logs the given message with the given level.</doc>
<status status="PASS" start="2024-07-03T14:15:55.390961" elapsed="0.000169"/>
</kw>
<var name="${key}">gender</var>
<status status="PASS" start="2024-07-03T14:15:55.389453" elapsed="0.001896"/>
</iter>
<iter>
<kw name="Dictionary Should Contain Key" owner="Collections">
<arg>${json_data['results'][0]}</arg>
<arg>${key}</arg>
<doc>Fails if ``key`` is not found from ``dictionary``.</doc>
<status status="PASS" start="2024-07-03T14:15:55.391672" elapsed="0.000443"/>
</kw>
<kw name="Log" owner="BuiltIn">
<msg time="2024-07-03T14:15:55.392665" level="INFO">{'gender': 'female', 'name': {'title': 'Ms', 'first': 'Inmaculada', 'last': 'Cano'}, 'location': {'street': {'number': 2149, 'name': 'Calle de Tetuán'}, 'city': 'Lugo', 'state': 'Aragón', 'country': 'Spain', 'postcode': 20933, 'coordinates': {'latitude': '-37.8494', 'longitude': '37.8126'}, 'timezone': {'offset': '-5:00', 'description': 'Eastern Time (US &amp; Canada), Bogota, Lima'}}, 'email': 'inmaculada.cano@example.com', 'login': {'uuid': '61c33a70-1c4b-4f47-b895-c3bfc4a0dd3e', 'username': 'greenrabbit279', 'password': 'mature', 'salt': 'UqS8pCBG', 'md5': 'e33b9ad5d99dc8aa61c5db4f50ec0c2c', 'sha1': '9b94060c8478bfa8b7f5cc4af1be03b407f9a5e5', 'sha256': 'f67b12f6cd9ec036af877b8f7ccd95c648125106b40306d96447672a041ea7dd'}, 'dob': {'date': '1985-02-13T20:55:02.891Z', 'age': 39}, 'registered': {'date': '2022-02-22T12:30:16.109Z', 'age': 2}, 'phone': '926-088-293', 'cell': '632-600-109', 'id': {'name': 'DNI', 'value': '62430874-V'}, 'picture': {'large': 'https://randomuser.me/api/portraits/women/78.jpg', 'medium': 'https://randomuser.me/api/portraits/med/women/78.jpg', 'thumbnail': 'https://randomuser.me/api/portraits/thumb/women/78.jpg'}, 'nat': 'ES'}</msg>
<arg>${json_data['results'][0]}</arg>
<doc>Logs the given message with the given level.</doc>
<status status="PASS" start="2024-07-03T14:15:55.392301" elapsed="0.000452"/>
</kw>
<kw name="Log" owner="BuiltIn">
<msg time="2024-07-03T14:15:55.393184" level="INFO">name</msg>
<arg>${key}</arg>
<doc>Logs the given message with the given level.</doc>
<status status="PASS" start="2024-07-03T14:15:55.393057" elapsed="0.000166"/>
</kw>
<var name="${key}">name</var>
<status status="PASS" start="2024-07-03T14:15:55.391548" elapsed="0.001902"/>
</iter>
<iter>
<kw name="Dictionary Should Contain Key" owner="Collections">
<arg>${json_data['results'][0]}</arg>
<arg>${key}</arg>
<doc>Fails if ``key`` is not found from ``dictionary``.</doc>
<status status="PASS" start="2024-07-03T14:15:55.393749" elapsed="0.000390"/>
</kw>
<kw name="Log" owner="BuiltIn">
<msg time="2024-07-03T14:15:55.394681" level="INFO">{'gender': 'female', 'name': {'title': 'Ms', 'first': 'Inmaculada', 'last': 'Cano'}, 'location': {'street': {'number': 2149, 'name': 'Calle de Tetuán'}, 'city': 'Lugo', 'state': 'Aragón', 'country': 'Spain', 'postcode': 20933, 'coordinates': {'latitude': '-37.8494', 'longitude': '37.8126'}, 'timezone': {'offset': '-5:00', 'description': 'Eastern Time (US &amp; Canada), Bogota, Lima'}}, 'email': 'inmaculada.cano@example.com', 'login': {'uuid': '61c33a70-1c4b-4f47-b895-c3bfc4a0dd3e', 'username': 'greenrabbit279', 'password': 'mature', 'salt': 'UqS8pCBG', 'md5': 'e33b9ad5d99dc8aa61c5db4f50ec0c2c', 'sha1': '9b94060c8478bfa8b7f5cc4af1be03b407f9a5e5', 'sha256': 'f67b12f6cd9ec036af877b8f7ccd95c648125106b40306d96447672a041ea7dd'}, 'dob': {'date': '1985-02-13T20:55:02.891Z', 'age': 39}, 'registered': {'date': '2022-02-22T12:30:16.109Z', 'age': 2}, 'phone': '926-088-293', 'cell': '632-600-109', 'id': {'name': 'DNI', 'value': '62430874-V'}, 'picture': {'large': 'https://randomuser.me/api/portraits/women/78.jpg', 'medium': 'https://randomuser.me/api/portraits/med/women/78.jpg', 'thumbnail': 'https://randomuser.me/api/portraits/thumb/women/78.jpg'}, 'nat': 'ES'}</msg>
<arg>${json_data['results'][0]}</arg>
<doc>Logs the given message with the given level.</doc>
<status status="PASS" start="2024-07-03T14:15:55.394322" elapsed="0.000411"/>
</kw>
<kw name="Log" owner="BuiltIn">
<msg time="2024-07-03T14:15:55.395175" level="INFO">location</msg>
<arg>${key}</arg>
<doc>Logs the given message with the given level.</doc>
<status status="PASS" start="2024-07-03T14:15:55.395047" elapsed="0.000167"/>
</kw>
<var name="${key}">location</var>
<status status="PASS" start="2024-07-03T14:15:55.393637" elapsed="0.001798"/>
</iter>
<iter>
<kw name="Dictionary Should Contain Key" owner="Collections">
<arg>${json_data['results'][0]}</arg>
<arg>${key}</arg>
<doc>Fails if ``key`` is not found from ``dictionary``.</doc>
<status status="PASS" start="2024-07-03T14:15:55.395725" elapsed="0.000429"/>
</kw>
<kw name="Log" owner="BuiltIn">
<msg time="2024-07-03T14:15:55.396704" level="INFO">{'gender': 'female', 'name': {'title': 'Ms', 'first': 'Inmaculada', 'last': 'Cano'}, 'location': {'street': {'number': 2149, 'name': 'Calle de Tetuán'}, 'city': 'Lugo', 'state': 'Aragón', 'country': 'Spain', 'postcode': 20933, 'coordinates': {'latitude': '-37.8494', 'longitude': '37.8126'}, 'timezone': {'offset': '-5:00', 'description': 'Eastern Time (US &amp; Canada), Bogota, Lima'}}, 'email': 'inmaculada.cano@example.com', 'login': {'uuid': '61c33a70-1c4b-4f47-b895-c3bfc4a0dd3e', 'username': 'greenrabbit279', 'password': 'mature', 'salt': 'UqS8pCBG', 'md5': 'e33b9ad5d99dc8aa61c5db4f50ec0c2c', 'sha1': '9b94060c8478bfa8b7f5cc4af1be03b407f9a5e5', 'sha256': 'f67b12f6cd9ec036af877b8f7ccd95c648125106b40306d96447672a041ea7dd'}, 'dob': {'date': '1985-02-13T20:55:02.891Z', 'age': 39}, 'registered': {'date': '2022-02-22T12:30:16.109Z', 'age': 2}, 'phone': '926-088-293', 'cell': '632-600-109', 'id': {'name': 'DNI', 'value': '62430874-V'}, 'picture': {'large': 'https://randomuser.me/api/portraits/women/78.jpg', 'medium': 'https://randomuser.me/api/portraits/med/women/78.jpg', 'thumbnail': 'https://randomuser.me/api/portraits/thumb/women/78.jpg'}, 'nat': 'ES'}</msg>
<arg>${json_data['results'][0]}</arg>
<doc>Logs the given message with the given level.</doc>
<status status="PASS" start="2024-07-03T14:15:55.396337" elapsed="0.000419"/>
</kw>
<kw name="Log" owner="BuiltIn">
<msg time="2024-07-03T14:15:55.397193" level="INFO">email</msg>
<arg>${key}</arg>
<doc>Logs the given message with the given level.</doc>
<status status="PASS" start="2024-07-03T14:15:55.397064" elapsed="0.000169"/>
</kw>
<var name="${key}">email</var>
<status status="PASS" start="2024-07-03T14:15:55.395614" elapsed="0.001837"/>
</iter>
<iter>
<kw name="Dictionary Should Contain Key" owner="Collections">
<arg>${json_data['results'][0]}</arg>
<arg>${key}</arg>
<doc>Fails if ``key`` is not found from ``dictionary``.</doc>
<status status="PASS" start="2024-07-03T14:15:55.397750" elapsed="0.000400"/>
</kw>
<kw name="Log" owner="BuiltIn">
<msg time="2024-07-03T14:15:55.398697" level="INFO">{'gender': 'female', 'name': {'title': 'Ms', 'first': 'Inmaculada', 'last': 'Cano'}, 'location': {'street': {'number': 2149, 'name': 'Calle de Tetuán'}, 'city': 'Lugo', 'state': 'Aragón', 'country': 'Spain', 'postcode': 20933, 'coordinates': {'latitude': '-37.8494', 'longitude': '37.8126'}, 'timezone': {'offset': '-5:00', 'description': 'Eastern Time (US &amp; Canada), Bogota, Lima'}}, 'email': 'inmaculada.cano@example.com', 'login': {'uuid': '61c33a70-1c4b-4f47-b895-c3bfc4a0dd3e', 'username': 'greenrabbit279', 'password': 'mature', 'salt': 'UqS8pCBG', 'md5': 'e33b9ad5d99dc8aa61c5db4f50ec0c2c', 'sha1': '9b94060c8478bfa8b7f5cc4af1be03b407f9a5e5', 'sha256': 'f67b12f6cd9ec036af877b8f7ccd95c648125106b40306d96447672a041ea7dd'}, 'dob': {'date': '1985-02-13T20:55:02.891Z', 'age': 39}, 'registered': {'date': '2022-02-22T12:30:16.109Z', 'age': 2}, 'phone': '926-088-293', 'cell': '632-600-109', 'id': {'name': 'DNI', 'value': '62430874-V'}, 'picture': {'large': 'https://randomuser.me/api/portraits/women/78.jpg', 'medium': 'https://randomuser.me/api/portraits/med/women/78.jpg', 'thumbnail': 'https://randomuser.me/api/portraits/thumb/women/78.jpg'}, 'nat': 'ES'}</msg>
<arg>${json_data['results'][0]}</arg>
<doc>Logs the given message with the given level.</doc>
<status status="PASS" start="2024-07-03T14:15:55.398334" elapsed="0.000416"/>
</kw>
<kw name="Log" owner="BuiltIn">
<msg time="2024-07-03T14:15:55.399173" level="INFO">login</msg>
<arg>${key}</arg>
<doc>Logs the given message with the given level.</doc>
<status status="PASS" start="2024-07-03T14:15:55.399046" elapsed="0.000164"/>
</kw>
<var name="${key}">login</var>
<status status="PASS" start="2024-07-03T14:15:55.397630" elapsed="0.001798"/>
</iter>
<var>${key}</var>
<value>@{expected_keys}</value>
<status status="PASS" start="2024-07-03T14:15:55.389246" elapsed="0.010306"/>
</for>
<kw name="Create List" owner="BuiltIn">
<msg time="2024-07-03T14:15:55.399965" level="INFO">${expected_keysTwo} = ['username', 'password']</msg>
<var>${expected_keysTwo}</var>
<arg>username</arg>
<arg>password</arg>
<doc>Returns a list containing given items.</doc>
<status status="PASS" start="2024-07-03T14:15:55.399779" elapsed="0.000212"/>
</kw>
<for flavor="IN">
<iter>
<kw name="Dictionary Should Contain Key" owner="Collections">
<arg>${json_data['results'][0]['login']}</arg>
<arg>${keyTwo}</arg>
<doc>Fails if ``key`` is not found from ``dictionary``.</doc>
<status status="PASS" start="2024-07-03T14:15:55.400518" elapsed="0.000399"/>
</kw>
<kw name="Dictionary Should Contain Key" owner="Collections">
<arg>${json_data['results'][0]['login']}</arg>
<arg>${keyTwo}</arg>
<doc>Fails if ``key`` is not found from ``dictionary``.</doc>
<status status="PASS" start="2024-07-03T14:15:55.401103" elapsed="0.000389"/>
</kw>
<kw name="Log" owner="BuiltIn">
<msg time="2024-07-03T14:15:55.401803" level="INFO">username</msg>
<arg>${keyTwo}</arg>
<doc>Logs the given message with the given level.</doc>
<status status="PASS" start="2024-07-03T14:15:55.401681" elapsed="0.000160"/>
</kw>
<var name="${keyTwo}">username</var>
<status status="PASS" start="2024-07-03T14:15:55.400406" elapsed="0.001666"/>
</iter>
<iter>
<kw name="Dictionary Should Contain Key" owner="Collections">
<arg>${json_data['results'][0]['login']}</arg>
<arg>${keyTwo}</arg>
<doc>Fails if ``key`` is not found from ``dictionary``.</doc>
<status status="PASS" start="2024-07-03T14:15:55.402360" elapsed="0.000396"/>
</kw>
<kw name="Dictionary Should Contain Key" owner="Collections">
<arg>${json_data['results'][0]['login']}</arg>
<arg>${keyTwo}</arg>
<doc>Fails if ``key`` is not found from ``dictionary``.</doc>
<status status="PASS" start="2024-07-03T14:15:55.402936" elapsed="0.000375"/>
</kw>
<kw name="Log" owner="BuiltIn">
<msg time="2024-07-03T14:15:55.403612" level="INFO">password</msg>
<arg>${keyTwo}</arg>
<doc>Logs the given message with the given level.</doc>
<status status="PASS" start="2024-07-03T14:15:55.403491" elapsed="0.000171"/>
</kw>
<var name="${keyTwo}">password</var>
<status status="PASS" start="2024-07-03T14:15:55.402250" elapsed="0.001802"/>
</iter>
<var>${keyTwo}</var>
<value>@{expected_keysTwo}</value>
<status status="PASS" start="2024-07-03T14:15:55.400241" elapsed="0.003936"/>
</for>
<status status="PASS" start="2024-07-03T14:15:55.290809" elapsed="0.113522"/>
</kw>
<doc>Testa a estrutura da resposta da API.</doc>
<tag>testeEstruturaResposta</tag>
<status status="PASS" start="2024-07-03T14:15:55.290217" elapsed="0.114275"/>
</test>
<test id="s1-s1-t4" name="Validar tipos de dados" line="28">
<kw name="Teste de Tipos de Dados" owner="random-user-service">
<kw name="GET On Session" owner="RequestsLibrary">
<msg time="2024-07-03T14:15:55.480278" level="INFO">GET Request : url=https://randomuser.me/api 
 path_url=/api 
 headers={'User-Agent': 'python-requests/2.32.3', 'Accept-Encoding': 'gzip, deflate', 'Accept': '*/*', 'Connection': 'keep-alive'} 
 body=None 
 </msg>
<msg time="2024-07-03T14:15:55.480394" level="INFO">GET Response : url=https://randomuser.me/api 
 status=200, reason=OK 
 headers={'Date': 'Wed, 03 Jul 2024 14:15:55 GMT', 'Content-Type': 'application/json; charset=utf-8', 'Transfer-Encoding': 'chunked', 'Connection': 'keep-alive', 'X-Powered-By': 'Express', 'Access-Control-Allow-Origin': '*', 'Cache-Control': 'no-cache', 'ETag': 'W/"4ac-xP3MWTfcC5fkDAI5U/miZu1C5Kc"', 'Vary': 'Accept-Encoding', 'Content-Encoding': 'gzip', 'CF-Cache-Status': 'DYNAMIC', 'Report-To': '{"endpoints":[{"url":"https:\\/\\/a.nel.cloudflare.com\\/report\\/v4?s=zZN0UuIO%2FIOcm5BqkBiH7kBQgkdq5%2F5UfXKDvQrMN7QqxWLZYsTQS8y5Sl7cd3DelSXlZVXBlJQtj7MIFi7tcdunwju3AJgN0rKCfqby9EQeQnxrPVet%2FJ7aJB3s6ttV"}],"group":"cf-nel","max_age":604800}', 'NEL': '{"success_fraction":0,"report_to":"cf-nel","max_age":604800}', 'Server': 'cloudflare', 'CF-RAY': '89d77d8b593528c4-IAD', 'alt-svc': 'h3=":443"; ma=86400'} 
 body={"results":[{"gender":"female","name":{"title":"Mrs","first":"Indira","last":"Arguello"},"location":{"street":{"number":6474,"name":"Viaducto Chiapas"},"city":"Ex-hacienda de Solís","state":"Hidalgo","country":"Mexico","postcode":54626,"coordinates":{"latitude":"23.0054","longitude":"140.4722"},"timezone":{"offset":"+10:00","description":"Eastern Australia, Guam, Vladivostok"}},"email":"indira.arguello@example.com","login":{"uuid":"70afaf46-7394-4de4-8cee-d7ec085014a2","username":"tinyswan499","password":"trustme","salt":"nMp14rHY","md5":"4b7aa142dba4ca6bc8bdfaf0cc03c839","sha1":"9555f045698eebab43d8ae8b0b8a96baa4cf9dab","sha256":"cf146ef72ad03f8bd8d86e995ed3981b445cf12e0295e912e8df132d91f400bb"},"dob":{"date":"1997-10-19T21:50:38.517Z","age":26},"registered":{"date":"2018-05-28T17:49:21.921Z","age":6},"phone":"(653) 003 6146","cell":"(624) 683 1665","id":{"name":"NSS","value":"67 24 41 9441 6"},"picture":{"large":"https://randomuser.me/api/portraits/women/5.jpg","medium":"https://randomuser.me/api/portraits/med/women/5.jpg","thumbnail":"https://randomuser.me/api/portraits/thumb/women/5.jpg"},"nat":"MX"}],"info":{"seed":"be9d227a96126b55","results":1,"page":1,"version":"1.4"}} 
 </msg>
<msg time="2024-07-03T14:15:55.480487" level="INFO">/opt/hostedtoolcache/Python/3.12.4/x64/lib/python3.12/site-packages/urllib3/connectionpool.py:1099: InsecureRequestWarning: Unverified HTTPS request is being made to host 'randomuser.me'. Adding certificate verification is strongly advised. See: https://urllib3.readthedocs.io/en/latest/advanced-usage.html#tls-warnings
  warnings.warn(</msg>
<msg time="2024-07-03T14:15:55.480642" level="INFO">${response} = &lt;Response [200]&gt;</msg>
<var>${response}</var>
<arg>consultarAPI</arg>
<arg>/api</arg>
<doc>Sends a GET request on a previously created HTTP Session.</doc>
<status status="PASS" start="2024-07-03T14:15:55.407157" elapsed="0.073536"/>
</kw>
<kw name="Set Variable" owner="BuiltIn">
<msg time="2024-07-03T14:15:55.481993" level="INFO">${json_data} = {'results': [{'gender': 'female', 'name': {'title': 'Mrs', 'first': 'Indira', 'last': 'Arguello'}, 'location': {'street': {'number': 6474, 'name': 'Viaducto Chiapas'}, 'city': 'Ex-hacienda de Solís', ...</msg>
<var>${json_data}</var>
<arg>${response.json()}</arg>
<doc>Returns the given values which can then be assigned to a variables.</doc>
<status status="PASS" start="2024-07-03T14:15:55.481397" elapsed="0.000632"/>
</kw>
<kw name="Log" owner="BuiltIn">
<msg time="2024-07-03T14:15:55.482608" level="INFO">{'results': [{'gender': 'female', 'name': {'title': 'Mrs', 'first': 'Indira', 'last': 'Arguello'}, 'location': {'street': {'number': 6474, 'name': 'Viaducto Chiapas'}, 'city': 'Ex-hacienda de Solís', 'state': 'Hidalgo', 'country': 'Mexico', 'postcode': 54626, 'coordinates': {'latitude': '23.0054', 'longitude': '140.4722'}, 'timezone': {'offset': '+10:00', 'description': 'Eastern Australia, Guam, Vladivostok'}}, 'email': 'indira.arguello@example.com', 'login': {'uuid': '70afaf46-7394-4de4-8cee-d7ec085014a2', 'username': 'tinyswan499', 'password': 'trustme', 'salt': 'nMp14rHY', 'md5': '4b7aa142dba4ca6bc8bdfaf0cc03c839', 'sha1': '9555f045698eebab43d8ae8b0b8a96baa4cf9dab', 'sha256': 'cf146ef72ad03f8bd8d86e995ed3981b445cf12e0295e912e8df132d91f400bb'}, 'dob': {'date': '1997-10-19T21:50:38.517Z', 'age': 26}, 'registered': {'date': '2018-05-28T17:49:21.921Z', 'age': 6}, 'phone': '(653) 003 6146', 'cell': '(624) 683 1665', 'id': {'name': 'NSS', 'value': '67 24 41 9441 6'}, 'picture': {'large': 'https://randomuser.me/api/portraits/women/5.jpg', 'medium': 'https://randomuser.me/api/portraits/med/women/5.jpg', 'thumbnail': 'https://randomuser.me/api/portraits/thumb/women/5.jpg'}, 'nat': 'MX'}], 'info': {'seed': 'be9d227a96126b55', 'results': 1, 'page': 1, 'version': '1.4'}}</msg>
<arg>${json_data}</arg>
<doc>Logs the given message with the given level.</doc>
<status status="PASS" start="2024-07-03T14:15:55.482414" elapsed="0.000248"/>
</kw>
<kw name="Should Be String" owner="String">
<arg>${json_data['results'][0]['gender']}</arg>
<doc>Fails if the given ``item`` is not a string.</doc>
<status status="PASS" start="2024-07-03T14:15:55.482996" elapsed="0.000410"/>
</kw>
<kw name="Should Match Regexp" owner="BuiltIn">
<arg>${json_data['results'][0]['email']}</arg>
<arg>^[a-zA-Z0-9._%+-]+@[a-zA-Z0-9.-]+\.[a-zA-Z]{2,}$</arg>
<doc>Fails if ``string`` does not match ``pattern`` as a regular expression.</doc>
<status status="PASS" start="2024-07-03T14:15:55.483685" elapsed="0.000599"/>
</kw>
<kw name="Should Match Regexp" owner="BuiltIn">
<arg>${json_data['results'][0]['dob']['date']}</arg>
<arg>\\d{4}-\\d{2}-\\d{2}T\\d{2}:\\d{2}:\\d{2}\\.\\d{3}Z</arg>
<doc>Fails if ``string`` does not match ``pattern`` as a regular expression.</doc>
<status status="PASS" start="2024-07-03T14:15:55.484491" elapsed="0.000520"/>
</kw>
<kw name="Should Match Regexp" owner="BuiltIn">
<arg>${json_data['results'][0]['registered']['date']}</arg>
<arg>\\d{4}-\\d{2}-\\d{2}T\\d{2}:\\d{2}:\\d{2}\\.\\d{3}Z</arg>
<doc>Fails if ``string`` does not match ``pattern`` as a regular expression.</doc>
<status status="PASS" start="2024-07-03T14:15:55.485214" elapsed="0.000380"/>
</kw>
<kw name="Should Match Regexp" owner="BuiltIn">
<arg>${json_data['results'][0]['picture']['large']}</arg>
<arg>^https?://.*\.(?:png|jpe?g|gif|bmp)$</arg>
<doc>Fails if ``string`` does not match ``pattern`` as a regular expression.</doc>
<status status="PASS" start="2024-07-03T14:15:55.485782" elapsed="0.000473"/>
</kw>
<kw name="Should Match Regexp" owner="BuiltIn">
<arg>${json_data['results'][0]['picture']['medium']}</arg>
<arg>^https?://.*\.(?:png|jpe?g|gif|bmp)$</arg>
<doc>Fails if ``string`` does not match ``pattern`` as a regular expression.</doc>
<status status="PASS" start="2024-07-03T14:15:55.486446" elapsed="0.000356"/>
</kw>
<kw name="Should Match Regexp" owner="BuiltIn">
<arg>${json_data['results'][0]['picture']['thumbnail']}</arg>
<arg>^https?://.*\.(?:png|jpe?g|gif|bmp)$</arg>
<doc>Fails if ``string`` does not match ``pattern`` as a regular expression.</doc>
<status status="PASS" start="2024-07-03T14:15:55.486985" elapsed="0.000373"/>
</kw>
<kw name="Log" owner="BuiltIn">
<msg time="2024-07-03T14:15:55.487927" level="INFO">{'large': 'https://randomuser.me/api/portraits/women/5.jpg', 'medium': 'https://randomuser.me/api/portraits/med/women/5.jpg', 'thumbnail': 'https://randomuser.me/api/portraits/thumb/women/5.jpg'}</msg>
<arg>${json_data['results'][0]['picture']}</arg>
<doc>Logs the given message with the given level.</doc>
<status status="PASS" start="2024-07-03T14:15:55.487546" elapsed="0.000426"/>
</kw>
<status status="PASS" start="2024-07-03T14:15:55.406905" elapsed="0.081370"/>
</kw>
<kw name="Teste de Tipos de Dados - Postcode" owner="random-user-service">
<kw name="GET On Session" owner="RequestsLibrary">
<msg time="2024-07-03T14:15:55.578523" level="INFO">GET Request : url=https://randomuser.me/api 
 path_url=/api 
 headers={'User-Agent': 'python-requests/2.32.3', 'Accept-Encoding': 'gzip, deflate', 'Accept': '*/*', 'Connection': 'keep-alive'} 
 body=None 
 </msg>
<msg time="2024-07-03T14:15:55.578640" level="INFO">GET Response : url=https://randomuser.me/api 
 status=200, reason=OK 
 headers={'Date': 'Wed, 03 Jul 2024 14:15:55 GMT', 'Content-Type': 'application/json; charset=utf-8', 'Transfer-Encoding': 'chunked', 'Connection': 'keep-alive', 'X-Powered-By': 'Express', 'Access-Control-Allow-Origin': '*', 'Cache-Control': 'no-cache', 'ETag': 'W/"482-9a8AZWg3NfWDr9oUOE0To+PYHpU"', 'Vary': 'Accept-Encoding', 'Content-Encoding': 'gzip', 'CF-Cache-Status': 'DYNAMIC', 'Report-To': '{"endpoints":[{"url":"https:\\/\\/a.nel.cloudflare.com\\/report\\/v4?s=ucETu3Q7MbgkjxmRvDagqbprFWiQJiNts2TaBhgt08zmuBnlUJmA9fzOu1iBuYSwXW09IFSKXKpdBWtOu%2B9Lr5C%2Bclqq56N2WLwgWz8%2FxFAWbg2CzxMFOQfZq%2B%2FEbYnc"}],"group":"cf-nel","max_age":604800}', 'NEL': '{"success_fraction":0,"report_to":"cf-nel","max_age":604800}', 'Server': 'cloudflare', 'CF-RAY': '89d77d8bd9ce28c4-IAD', 'alt-svc': 'h3=":443"; ma=86400'} 
 body={"results":[{"gender":"male","name":{"title":"Mr","first":"اميرحسين","last":"کوتی"},"location":{"street":{"number":7491,"name":"اقبال لاهوری"},"city":"کرمانشاه","state":"مرکزی","country":"Iran","postcode":99481,"coordinates":{"latitude":"18.3883","longitude":"-156.0794"},"timezone":{"offset":"+3:30","description":"Tehran"}},"email":"myrhsyn.khwty@example.com","login":{"uuid":"2e9b1eaf-2fe3-4375-9880-7e6e44b453aa","username":"orangebear503","password":"karen1","salt":"j96mmExY","md5":"e124c43e7d4b73f5a7a382bf83918bfc","sha1":"46e321165aeeeaa487ebb27d2f2946088489f6cc","sha256":"e58971c16003912e4a9f5cfa7f7ba65ddc1d5a35810cac6974b305fe66d79024"},"dob":{"date":"1996-05-06T01:06:25.409Z","age":28},"registered":{"date":"2010-11-21T16:11:31.539Z","age":13},"phone":"022-72326601","cell":"0971-660-6602","id":{"name":"","value":null},"picture":{"large":"https://randomuser.me/api/portraits/men/87.jpg","medium":"https://randomuser.me/api/portraits/med/men/87.jpg","thumbnail":"https://randomuser.me/api/portraits/thumb/men/87.jpg"},"nat":"IR"}],"info":{"seed":"ff6d4279829e8158","results":1,"page":1,"version":"1.4"}} 
 </msg>
<msg time="2024-07-03T14:15:55.578736" level="INFO">/opt/hostedtoolcache/Python/3.12.4/x64/lib/python3.12/site-packages/urllib3/connectionpool.py:1099: InsecureRequestWarning: Unverified HTTPS request is being made to host 'randomuser.me'. Adding certificate verification is strongly advised. See: https://urllib3.readthedocs.io/en/latest/advanced-usage.html#tls-warnings
  warnings.warn(</msg>
<msg time="2024-07-03T14:15:55.578892" level="INFO">${response} = &lt;Response [200]&gt;</msg>
<var>${response}</var>
<arg>consultarAPI</arg>
<arg>/api</arg>
<doc>Sends a GET request on a previously created HTTP Session.</doc>
<status status="PASS" start="2024-07-03T14:15:55.488750" elapsed="0.090194"/>
</kw>
<kw name="Set Variable" owner="BuiltIn">
<msg time="2024-07-03T14:15:55.580285" level="INFO">${json_data} = {'results': [{'gender': 'male', 'name': {'title': 'Mr', 'first': 'اميرحسين', 'last': 'کوتی'}, 'location': {'street': {'number': 7491, 'name': 'اقبال لاهوری'}, 'city': 'کرمانشاه', 'state': 'مرکزی', 'co...</msg>
<var>${json_data}</var>
<arg>${response.json()}</arg>
<doc>Returns the given values which can then be assigned to a variables.</doc>
<status status="PASS" start="2024-07-03T14:15:55.579630" elapsed="0.000687"/>
</kw>
<kw name="Log" owner="BuiltIn">
<msg time="2024-07-03T14:15:55.580867" level="INFO">{'results': [{'gender': 'male', 'name': {'title': 'Mr', 'first': 'اميرحسين', 'last': 'کوتی'}, 'location': {'street': {'number': 7491, 'name': 'اقبال لاهوری'}, 'city': 'کرمانشاه', 'state': 'مرکزی', 'country': 'Iran', 'postcode': 99481, 'coordinates': {'latitude': '18.3883', 'longitude': '-156.0794'}, 'timezone': {'offset': '+3:30', 'description': 'Tehran'}}, 'email': 'myrhsyn.khwty@example.com', 'login': {'uuid': '2e9b1eaf-2fe3-4375-9880-7e6e44b453aa', 'username': 'orangebear503', 'password': 'karen1', 'salt': 'j96mmExY', 'md5': 'e124c43e7d4b73f5a7a382bf83918bfc', 'sha1': '46e321165aeeeaa487ebb27d2f2946088489f6cc', 'sha256': 'e58971c16003912e4a9f5cfa7f7ba65ddc1d5a35810cac6974b305fe66d79024'}, 'dob': {'date': '1996-05-06T01:06:25.409Z', 'age': 28}, 'registered': {'date': '2010-11-21T16:11:31.539Z', 'age': 13}, 'phone': '022-72326601', 'cell': '0971-660-6602', 'id': {'name': '', 'value': None}, 'picture': {'large': 'https://randomuser.me/api/portraits/men/87.jpg', 'medium': 'https://randomuser.me/api/portraits/med/men/87.jpg', 'thumbnail': 'https://randomuser.me/api/portraits/thumb/men/87.jpg'}, 'nat': 'IR'}], 'info': {'seed': 'ff6d4279829e8158', 'results': 1, 'page': 1, 'version': '1.4'}}</msg>
<arg>${json_data}</arg>
<doc>Logs the given message with the given level.</doc>
<status status="PASS" start="2024-07-03T14:15:55.580684" elapsed="0.000237"/>
</kw>
<kw name="Should Be Equal As Numbers" owner="BuiltIn">
<arg>${json_data['results'][0]['location']['postcode']}</arg>
<arg>${json_data['results'][0]['location']['postcode']}</arg>
<doc>Fails if objects are unequal after converting them to real numbers.</doc>
<status status="PASS" start="2024-07-03T14:15:55.581247" elapsed="0.000668"/>
</kw>
<kw name="Log" owner="BuiltIn">
<msg time="2024-07-03T14:15:55.582696" level="INFO">99481</msg>
<arg>${json_data['results'][0]['location']['postcode']}</arg>
<doc>Logs the given message with the given level.</doc>
<status status="PASS" start="2024-07-03T14:15:55.582154" elapsed="0.000586"/>
</kw>
<status status="PASS" start="2024-07-03T14:15:55.488510" elapsed="0.094502"/>
</kw>
<doc>Testa se os tipos de dados na resposta da API estão corretos.</doc>
<tag>testeTiposDados</tag>
<status status="PASS" start="2024-07-03T14:15:55.406361" elapsed="0.176824"/>
</test>
<test id="s1-s1-t5" name="Validar conteudo" line="35">
<kw name="Teste de Tipos de Conteudo" owner="random-user-service">
<kw name="GET On Session" owner="RequestsLibrary">
<msg time="2024-07-03T14:15:55.702138" level="INFO">GET Request : url=https://randomuser.me/api 
 path_url=/api 
 headers={'User-Agent': 'python-requests/2.32.3', 'Accept-Encoding': 'gzip, deflate', 'Accept': '*/*', 'Connection': 'keep-alive'} 
 body=None 
 </msg>
<msg time="2024-07-03T14:15:55.702244" level="INFO">GET Response : url=https://randomuser.me/api 
 status=200, reason=OK 
 headers={'Date': 'Wed, 03 Jul 2024 14:15:55 GMT', 'Content-Type': 'application/json; charset=utf-8', 'Transfer-Encoding': 'chunked', 'Connection': 'keep-alive', 'X-Powered-By': 'Express', 'Access-Control-Allow-Origin': '*', 'Cache-Control': 'no-cache', 'ETag': 'W/"4b1-rZeOSk789SYdr/vuCziCaxqHbpM"', 'Vary': 'Accept-Encoding', 'Content-Encoding': 'gzip', 'CF-Cache-Status': 'DYNAMIC', 'Report-To': '{"endpoints":[{"url":"https:\\/\\/a.nel.cloudflare.com\\/report\\/v4?s=pM%2FdW7f6PnY6gNvbzJFJ01urZFbEGITiovr27uofHLa3f4FYj%2BiWahTehG4Bkukghl9w9YczUO%2ByQmo5ASIJmKYCa%2FVvtP3PqKhsh0XTUuPppkotlhEQ%2BqIdm52lb2R5"}],"group":"cf-nel","max_age":604800}', 'NEL': '{"success_fraction":0,"report_to":"cf-nel","max_age":604800}', 'Server': 'cloudflare', 'CF-RAY': '89d77d8c7a9b28c4-IAD', 'alt-svc': 'h3=":443"; ma=86400'} 
 body={"results":[{"gender":"male","name":{"title":"Monsieur","first":"Meinrad","last":"Gonzalez"},"location":{"street":{"number":3096,"name":"Rue Paul Bert"},"city":"Bütschwil-Ganterschwil","state":"Luzern","country":"Switzerland","postcode":2146,"coordinates":{"latitude":"-57.9870","longitude":"-50.0530"},"timezone":{"offset":"-3:00","description":"Brazil, Buenos Aires, Georgetown"}},"email":"meinrad.gonzalez@example.com","login":{"uuid":"a654f264-0d39-4ba5-b61c-8abb2274acb1","username":"beautifulrabbit587","password":"gordon","salt":"bZmJTOuS","md5":"88e67212a4022e659b0563619f254315","sha1":"ecd0ab02293b5aba58c3b6e70d632d8521bcdf2c","sha256":"e516b63fbb7353063865b859012f9f3c653ce71934096c83000fa343952bebe5"},"dob":{"date":"1981-01-18T00:12:22.625Z","age":43},"registered":{"date":"2016-06-26T11:05:10.372Z","age":8},"phone":"075 426 87 02","cell":"075 104 55 88","id":{"name":"AVS","value":"756.6075.5649.05"},"picture":{"large":"https://randomuser.me/api/portraits/men/70.jpg","medium":"https://randomuser.me/api/portraits/med/men/70.jpg","thumbnail":"https://randomuser.me/api/portraits/thumb/men/70.jpg"},"nat":"CH"}],"info":{"seed":"2ee32ee175fc3578","results":1,"page":1,"version":"1.4"}} 
 </msg>
<msg time="2024-07-03T14:15:55.702318" level="INFO">/opt/hostedtoolcache/Python/3.12.4/x64/lib/python3.12/site-packages/urllib3/connectionpool.py:1099: InsecureRequestWarning: Unverified HTTPS request is being made to host 'randomuser.me'. Adding certificate verification is strongly advised. See: https://urllib3.readthedocs.io/en/latest/advanced-usage.html#tls-warnings
  warnings.warn(</msg>
<msg time="2024-07-03T14:15:55.702442" level="INFO">${response} = &lt;Response [200]&gt;</msg>
<var>${response}</var>
<arg>consultarAPI</arg>
<arg>/api</arg>
<doc>Sends a GET request on a previously created HTTP Session.</doc>
<status status="PASS" start="2024-07-03T14:15:55.585798" elapsed="0.116683"/>
</kw>
<kw name="Set Variable" owner="BuiltIn">
<msg time="2024-07-03T14:15:55.703576" level="INFO">${json_data} = {'results': [{'gender': 'male', 'name': {'title': 'Monsieur', 'first': 'Meinrad', 'last': 'Gonzalez'}, 'location': {'street': {'number': 3096, 'name': 'Rue Paul Bert'}, 'city': 'Bütschwil-Ganterschwil...</msg>
<var>${json_data}</var>
<arg>${response.json()}</arg>
<doc>Returns the given values which can then be assigned to a variables.</doc>
<status status="PASS" start="2024-07-03T14:15:55.703048" elapsed="0.000557"/>
</kw>
<kw name="Set Variable" owner="BuiltIn">
<msg time="2024-07-03T14:15:55.704339" level="INFO">${name_title} = Monsieur</msg>
<var>${name_title}</var>
<arg>${json_data["results"][0]["name"]["title"]}</arg>
<doc>Returns the given values which can then be assigned to a variables.</doc>
<status status="PASS" start="2024-07-03T14:15:55.703950" elapsed="0.000414"/>
</kw>
<kw name="Create List" owner="BuiltIn">
<msg time="2024-07-03T14:15:55.704817" level="INFO">${allowed_titles} = ['Mr', 'Ms', 'Miss', 'Mrs', 'Madame', 'Monsieur']</msg>
<var>${allowed_titles}</var>
<arg>Mr</arg>
<arg>Ms</arg>
<arg>Miss</arg>
<arg>Mrs</arg>
<arg>Madame</arg>
<arg>Monsieur</arg>
<doc>Returns a list containing given items.</doc>
<status status="PASS" start="2024-07-03T14:15:55.704666" elapsed="0.000175"/>
</kw>
<kw name="List Should Contain Value" owner="Collections">
<arg>${allowed_titles}</arg>
<arg>${name_title}</arg>
<doc>Fails if the ``value`` is not found from ``list``.</doc>
<status status="PASS" start="2024-07-03T14:15:55.705158" elapsed="0.000179"/>
</kw>
<kw name="Set Variable" owner="BuiltIn">
<msg time="2024-07-03T14:15:55.705885" level="INFO">${name_country} = CH</msg>
<var>${name_country}</var>
<arg>${json_data["results"][0]["nat"]}</arg>
<doc>Returns the given values which can then be assigned to a variables.</doc>
<status status="PASS" start="2024-07-03T14:15:55.705514" elapsed="0.000396"/>
</kw>
<kw name="Create List" owner="BuiltIn">
<msg time="2024-07-03T14:15:55.706784" level="INFO">${list_country} = ['AD', 'AE', 'AF', 'AG', 'AI', 'AL', 'AM', 'AO', 'AQ', 'AR', 'AS', 'AT', 'AU', 'AW', 'AX', 'AZ', 'BA', 'BB', 'BD', 'BE', 'BF', 'BG', 'BH', 'BI', 'BJ', 'BL', 'BM', 'BN', 'BO', 'BQ', 'BR', 'BS', 'BT', '...</msg>
<var>${list_country}</var>
<arg>AD</arg>
<arg>AE</arg>
<arg>AF</arg>
<arg>AG</arg>
<arg>AI</arg>
<arg>AL</arg>
<arg>AM</arg>
<arg>AO</arg>
<arg>AQ</arg>
<arg>AR</arg>
<arg>AS</arg>
<arg>AT</arg>
<arg>AU</arg>
<arg>AW</arg>
<arg>AX</arg>
<arg>AZ</arg>
<arg>BA</arg>
<arg>BB</arg>
<arg>BD</arg>
<arg>BE</arg>
<arg>BF</arg>
<arg>BG</arg>
<arg>BH</arg>
<arg>BI</arg>
<arg>BJ</arg>
<arg>BL</arg>
<arg>BM</arg>
<arg>BN</arg>
<arg>BO</arg>
<arg>BQ</arg>
<arg>BR</arg>
<arg>BS</arg>
<arg>BT</arg>
<arg>BV</arg>
<arg>BW</arg>
<arg>BY</arg>
<arg>BZ</arg>
<arg>CA</arg>
<arg>CC</arg>
<arg>CD</arg>
<arg>CF</arg>
<arg>CG</arg>
<arg>CH</arg>
<arg>CI</arg>
<arg>CK</arg>
<arg>CL</arg>
<arg>CM</arg>
<arg>CN</arg>
<arg>CO</arg>
<arg>CR</arg>
<arg>CU</arg>
<arg>CV</arg>
<arg>CW</arg>
<arg>CX</arg>
<arg>CY</arg>
<arg>CZ</arg>
<arg>DE</arg>
<arg>DJ</arg>
<arg>DK</arg>
<arg>DM</arg>
<arg>DO</arg>
<arg>DZ</arg>
<arg>EC</arg>
<arg>EE</arg>
<arg>EG</arg>
<arg>EH</arg>
<arg>ER</arg>
<arg>ES</arg>
<arg>ET</arg>
<arg>FI</arg>
<arg>FJ</arg>
<arg>FK</arg>
<arg>FM</arg>
<arg>FO</arg>
<arg>FR</arg>
<arg>GA</arg>
<arg>GB</arg>
<arg>GD</arg>
<arg>GE</arg>
<arg>GF</arg>
<arg>GG</arg>
<arg>GH</arg>
<arg>GI</arg>
<arg>GL</arg>
<arg>GM</arg>
<arg>GN</arg>
<arg>GP</arg>
<arg>GQ</arg>
<arg>GR</arg>
<arg>GS</arg>
<arg>GT</arg>
<arg>GU</arg>
<arg>GW</arg>
<arg>GY</arg>
<arg>HK</arg>
<arg>HM</arg>
<arg>HN</arg>
<arg>HR</arg>
<arg>HT</arg>
<arg>HU</arg>
<arg>ID</arg>
<arg>IE</arg>
<arg>IL</arg>
<arg>IM</arg>
<arg>IN</arg>
<arg>IO</arg>
<arg>IQ</arg>
<arg>IR</arg>
<arg>IS</arg>
<arg>IT</arg>
<arg>JE</arg>
<arg>JM</arg>
<arg>JO</arg>
<arg>JP</arg>
<arg>KE</arg>
<arg>KG</arg>
<arg>KH</arg>
<arg>KI</arg>
<arg>KM</arg>
<arg>KN</arg>
<arg>KP</arg>
<arg>KR</arg>
<arg>KW</arg>
<arg>KY</arg>
<arg>KZ</arg>
<arg>LA</arg>
<arg>LB</arg>
<arg>LC</arg>
<arg>LI</arg>
<arg>LK</arg>
<arg>LR</arg>
<arg>LS</arg>
<arg>LT</arg>
<arg>LU</arg>
<arg>LV</arg>
<arg>LY</arg>
<arg>MA</arg>
<arg>MC</arg>
<arg>MD</arg>
<arg>ME</arg>
<arg>MF</arg>
<arg>MG</arg>
<arg>MH</arg>
<arg>MK</arg>
<arg>ML</arg>
<arg>MM</arg>
<arg>MN</arg>
<arg>MO</arg>
<arg>MP</arg>
<arg>MQ</arg>
<arg>MR</arg>
<arg>MS</arg>
<arg>MT</arg>
<arg>MU</arg>
<arg>MV</arg>
<arg>MW</arg>
<arg>MX</arg>
<arg>MY</arg>
<arg>MZ</arg>
<arg>NA</arg>
<arg>NC</arg>
<arg>NE</arg>
<arg>NF</arg>
<arg>NG</arg>
<arg>NI</arg>
<arg>NL</arg>
<arg>NO</arg>
<arg>NP</arg>
<arg>NR</arg>
<arg>NU</arg>
<arg>NZ</arg>
<arg>OM</arg>
<arg>PA</arg>
<arg>PE</arg>
<arg>PF</arg>
<arg>PG</arg>
<arg>PH</arg>
<arg>PK</arg>
<arg>PL</arg>
<arg>PM</arg>
<arg>PN</arg>
<arg>PR</arg>
<arg>PS</arg>
<arg>PT</arg>
<arg>PW</arg>
<arg>PY</arg>
<arg>QA</arg>
<arg>RE</arg>
<arg>RO</arg>
<arg>RS</arg>
<arg>RU</arg>
<arg>RW</arg>
<arg>SA</arg>
<arg>SB</arg>
<arg>SC</arg>
<arg>SD</arg>
<arg>SE</arg>
<arg>SG</arg>
<arg>SH</arg>
<arg>SI</arg>
<arg>SJ</arg>
<arg>SK</arg>
<arg>SL</arg>
<arg>SM</arg>
<arg>SN</arg>
<arg>SO</arg>
<arg>SR</arg>
<arg>SS</arg>
<arg>ST</arg>
<arg>SV</arg>
<arg>SX</arg>
<arg>SY</arg>
<arg>SZ</arg>
<arg>TC</arg>
<arg>TD</arg>
<arg>TF</arg>
<arg>TG</arg>
<arg>TH</arg>
<arg>TJ</arg>
<arg>TK</arg>
<arg>TL</arg>
<arg>TM</arg>
<arg>TN</arg>
<arg>TO</arg>
<arg>TR</arg>
<arg>TT</arg>
<arg>TV</arg>
<arg>TW</arg>
<arg>TZ</arg>
<arg>UA</arg>
<arg>UG</arg>
<arg>UM</arg>
<arg>US</arg>
<arg>UY</arg>
<arg>UZ</arg>
<arg>VA</arg>
<arg>VC</arg>
<arg>VE</arg>
<arg>VG</arg>
<arg>VI</arg>
<arg>VN</arg>
<arg>VU</arg>
<arg>WF</arg>
<arg>WS</arg>
<arg>XK</arg>
<arg>YE</arg>
<arg>YT</arg>
<arg>ZA</arg>
<arg>ZM</arg>
<arg>ZW</arg>
<doc>Returns a list containing given items.</doc>
<status status="PASS" start="2024-07-03T14:15:55.706198" elapsed="0.000611"/>
</kw>
<kw name="List Should Contain Value" owner="Collections">
<arg>${list_country}</arg>
<arg>${name_country}</arg>
<doc>Fails if the ``value`` is not found from ``list``.</doc>
<status status="PASS" start="2024-07-03T14:15:55.707596" elapsed="0.000225"/>
</kw>
<kw name="Run Keyword If" owner="BuiltIn">
<kw name="Should Be True" owner="BuiltIn">
<arg>${True}</arg>
<doc>Fails if the given condition is not true.</doc>
<status status="PASS" start="2024-07-03T14:15:55.708755" elapsed="0.000142"/>
</kw>
<arg>${json_data["results"][0]["location"]["coordinates"]["latitude"]} &gt;= -90 and ${json_data["results"][0]["location"]["coordinates"]["latitude"]} &lt;= 90</arg>
<arg>Should Be True</arg>
<arg>${True}</arg>
<doc>Runs the given keyword with the given arguments, if ``condition`` is true.</doc>
<status status="PASS" start="2024-07-03T14:15:55.708017" elapsed="0.001003"/>
</kw>
<kw name="Run Keyword If" owner="BuiltIn">
<kw name="Should Be True" owner="BuiltIn">
<arg>${True}</arg>
<doc>Fails if the given condition is not true.</doc>
<status status="PASS" start="2024-07-03T14:15:55.709896" elapsed="0.000257"/>
</kw>
<arg>${json_data["results"][0]["location"]["coordinates"]["longitude"]} &gt;= -180 and ${json_data["results"][0]["location"]["coordinates"]["longitude"]} &lt;= 180</arg>
<arg>Should Be True</arg>
<arg>${True}</arg>
<doc>Runs the given keyword with the given arguments, if ``condition`` is true.</doc>
<status status="PASS" start="2024-07-03T14:15:55.709199" elapsed="0.001086"/>
</kw>
<status status="PASS" start="2024-07-03T14:15:55.585556" elapsed="0.124866"/>
</kw>
<doc>Testa o conteúdo específico dos campos retornados pela API.</doc>
<tag>testeConteudo</tag>
<status status="PASS" start="2024-07-03T14:15:55.585070" elapsed="0.125505"/>
</test>
<status status="PASS" start="2024-07-03T14:15:54.816250" elapsed="0.896322"/>
</suite>
<status status="PASS" start="2024-07-03T14:15:54.801059" elapsed="0.916808"/>
</suite>
<statistics>
<total>
<stat pass="5" fail="0" skip="0">All Tests</stat>
</total>
<tag>
<stat pass="1" fail="0" skip="0">testeConteudo</stat>
<stat pass="1" fail="0" skip="0">testeEstruturaResposta</stat>
<stat pass="1" fail="0" skip="0">testeRequisicaoBasica</stat>
<stat pass="1" fail="0" skip="0">testeTiposDados</stat>
</tag>
<suite>
<stat pass="5" fail="0" skip="0" id="s1" name="Tests">Tests</stat>
<stat pass="5" fail="0" skip="0" id="s1-s1" name="Random-User-Test">Tests.Random-User-Test</stat>
</suite>
</statistics>
<errors>
</errors>
</robot>
