<?xml version="1.0" encoding="UTF-8"?>
<robot generator="Robot 7.0.1 (Python 3.12.4 on linux)" generated="2024-07-10T13:18:27.397842" rpa="false" schemaversion="5">
<suite id="s1" name="Tests" source="/home/runner/work/ApiRandomUser/ApiRandomUser/RamdonUser/tests">
<suite id="s1-s1" name="Random-User-Test" source="/home/runner/work/ApiRandomUser/ApiRandomUser/RamdonUser/tests/random-user-test.robot">
<test id="s1-s1-t1" name="Conectar" line="13">
<kw name="Conectar API" owner="random-user-service">
<kw name="Create Session" owner="RequestsLibrary">
<msg time="2024-07-10T13:18:27.812692" level="INFO">Creating Session using : alias=consultarAPI, url=https://randomuser.me/, headers={},                     cookies={}, auth=None, timeout=None, proxies=None, verify=False,                     debug=0 </msg>
<arg>consultarAPI</arg>
<arg>${URL}</arg>
<doc>Create Session: create a HTTP session to a server</doc>
<status status="PASS" start="2024-07-10T13:18:27.812462" elapsed="0.000409"/>
</kw>
<status status="PASS" start="2024-07-10T13:18:27.811441" elapsed="0.001804"/>
</kw>
<status status="PASS" start="2024-07-10T13:18:27.810887" elapsed="0.002552"/>
</test>
<test id="s1-s1-t2" name="Validar retorno 200 e JSON Válido" line="16">
<kw name="Teste de Requisicao Basica" owner="random-user-service">
<kw name="GET On Session" owner="RequestsLibrary">
<msg time="2024-07-10T13:18:28.003468" level="INFO">GET Request : url=https://randomuser.me/api 
 path_url=/api 
 headers={'User-Agent': 'python-requests/2.32.3', 'Accept-Encoding': 'gzip, deflate', 'Accept': '*/*', 'Connection': 'keep-alive'} 
 body=None 
 </msg>
<msg time="2024-07-10T13:18:28.003646" level="INFO">GET Response : url=https://randomuser.me/api 
 status=200, reason=OK 
 headers={'Date': 'Wed, 10 Jul 2024 13:18:28 GMT', 'Content-Type': 'application/json; charset=utf-8', 'Transfer-Encoding': 'chunked', 'Connection': 'keep-alive', 'X-Powered-By': 'Express', 'Access-Control-Allow-Origin': '*', 'Cache-Control': 'no-cache', 'ETag': 'W/"494-P+VdGEX0BLia1pTXxMFvWAcgsb0"', 'Vary': 'Accept-Encoding', 'Content-Encoding': 'gzip', 'CF-Cache-Status': 'DYNAMIC', 'Report-To': '{"endpoints":[{"url":"https:\\/\\/a.nel.cloudflare.com\\/report\\/v4?s=Sc6f%2B3jcTx0gtGshC8WR%2Fg8zFQwOpQR203WlleJmrc9t7XDjeUbsaHz55f8NlWndDBBRJ4qIpiy8zqk1LOo7T2HIudN%2BEQ3YFCBjNllRRLYhFW71a5XL9Jq8btKpbDG4"}],"group":"cf-nel","max_age":604800}', 'NEL': '{"success_fraction":0,"report_to":"cf-nel","max_age":604800}', 'Server': 'cloudflare', 'CF-RAY': '8a10d700bd8cc5a9-IAD', 'alt-svc': 'h3=":443"; ma=86400'} 
 body={"results":[{"gender":"male","name":{"title":"Mr","first":"Toralf","last":"Mund"},"location":{"street":{"number":6506,"name":"Lindenstraße"},"city":"Burgkunstadt","state":"Rheinland-Pfalz","country":"Germany","postcode":29528,"coordinates":{"latitude":"-51.1987","longitude":"-162.6329"},"timezone":{"offset":"+4:00","description":"Abu Dhabi, Muscat, Baku, Tbilisi"}},"email":"toralf.mund@example.com","login":{"uuid":"e99a92a3-3a60-4f72-9452-fa04c2ee094c","username":"goldencat944","password":"cory","salt":"mQzc0DkL","md5":"0de90e4b146dcbad588c7246b329c72a","sha1":"22d2b8d29d24fc74e84a593c3ee00c6eebcb670d","sha256":"a5ce551ad8257fb2db8cee22b8c35c64f845c9baf43129589b00313d240cb404"},"dob":{"date":"1983-01-24T01:18:33.687Z","age":41},"registered":{"date":"2002-06-25T11:04:15.120Z","age":22},"phone":"0718-8053757","cell":"0175-6596262","id":{"name":"SVNR","value":"48 230183 M 418"},"picture":{"large":"https://randomuser.me/api/portraits/men/30.jpg","medium":"https://randomuser.me/api/portraits/med/men/30.jpg","thumbnail":"https://randomuser.me/api/portraits/thumb/men/30.jpg"},"nat":"DE"}],"info":{"seed":"829accd106dc2113","results":1,"page":1,"version":"1.4"}} 
 </msg>
<msg time="2024-07-10T13:18:28.003754" level="INFO">/opt/hostedtoolcache/Python/3.12.4/x64/lib/python3.12/site-packages/urllib3/connectionpool.py:1099: InsecureRequestWarning: Unverified HTTPS request is being made to host 'randomuser.me'. Adding certificate verification is strongly advised. See: https://urllib3.readthedocs.io/en/latest/advanced-usage.html#tls-warnings
  warnings.warn(</msg>
<msg time="2024-07-10T13:18:28.003911" level="INFO">${response} = &lt;Response [200]&gt;</msg>
<var>${response}</var>
<arg>consultarAPI</arg>
<arg>/api</arg>
<doc>Sends a GET request on a previously created HTTP Session.</doc>
<status status="PASS" start="2024-07-10T13:18:27.816069" elapsed="0.187891"/>
</kw>
<kw name="Should Be Equal As Numbers" owner="BuiltIn">
<msg time="2024-07-10T13:18:28.005093" level="INFO">Argument types are:
&lt;class 'int'&gt;
&lt;class 'str'&gt;</msg>
<arg>${response.status_code}</arg>
<arg>200</arg>
<doc>Fails if objects are unequal after converting them to real numbers.</doc>
<status status="PASS" start="2024-07-10T13:18:28.004567" elapsed="0.000593"/>
</kw>
<kw name="Log" owner="BuiltIn">
<msg time="2024-07-10T13:18:28.005835" level="INFO">200</msg>
<arg>${response.status_code}</arg>
<doc>Logs the given message with the given level.</doc>
<status status="PASS" start="2024-07-10T13:18:28.005482" elapsed="0.000397"/>
</kw>
<kw name="Set Variable" owner="BuiltIn">
<msg time="2024-07-10T13:18:28.006630" level="INFO">${json_data} = {'results': [{'gender': 'male', 'name': {'title': 'Mr', 'first': 'Toralf', 'last': 'Mund'}, 'location': {'street': {'number': 6506, 'name': 'Lindenstraße'}, 'city': 'Burgkunstadt', 'state': 'Rheinland...</msg>
<var>${json_data}</var>
<arg>${response.json()}</arg>
<doc>Returns the given values which can then be assigned to a variables.</doc>
<status status="PASS" start="2024-07-10T13:18:28.006189" elapsed="0.000471"/>
</kw>
<kw name="Dictionary Should Contain Key" owner="Collections">
<arg>${json_data}</arg>
<arg>results</arg>
<doc>Fails if ``key`` is not found from ``dictionary``.</doc>
<status status="PASS" start="2024-07-10T13:18:28.006963" elapsed="0.000171"/>
</kw>
<status status="PASS" start="2024-07-10T13:18:27.815819" elapsed="0.191466"/>
</kw>
<doc>Testa se a API responde corretamente e retorna um objeto JSON válido.</doc>
<tag>testeRequisicaoBasica</tag>
<status status="PASS" start="2024-07-10T13:18:27.815333" elapsed="0.192134"/>
</test>
<test id="s1-s1-t3" name="Validar estrutura de resposta" line="22">
<kw name="Teste de Estrutura de Resposta" owner="random-user-service">
<kw name="GET On Session" owner="RequestsLibrary">
<msg time="2024-07-10T13:18:28.107937" level="INFO">GET Request : url=https://randomuser.me/api 
 path_url=/api 
 headers={'User-Agent': 'python-requests/2.32.3', 'Accept-Encoding': 'gzip, deflate', 'Accept': '*/*', 'Connection': 'keep-alive'} 
 body=None 
 </msg>
<msg time="2024-07-10T13:18:28.108068" level="INFO">GET Response : url=https://randomuser.me/api 
 status=200, reason=OK 
 headers={'Date': 'Wed, 10 Jul 2024 13:18:28 GMT', 'Content-Type': 'application/json; charset=utf-8', 'Transfer-Encoding': 'chunked', 'Connection': 'keep-alive', 'X-Powered-By': 'Express', 'Access-Control-Allow-Origin': '*', 'Cache-Control': 'no-cache', 'ETag': 'W/"49e-P8ScURsG5A9CPBo+1mGwps1W03A"', 'Vary': 'Accept-Encoding', 'Content-Encoding': 'gzip', 'CF-Cache-Status': 'DYNAMIC', 'Report-To': '{"endpoints":[{"url":"https:\\/\\/a.nel.cloudflare.com\\/report\\/v4?s=pBMb%2FrcqcVkyEGZ0kGX4cLPz0cR8gWAICiiKMmE0kjbJ8dh6jMcqVaWCd3gb%2BtLdBdyvhDzvfKLkGcmGVt%2FEnHGHqHk19hy1ptqQe0Z1VQ1y1FEow65e1IH7B6tqgiy9"}],"group":"cf-nel","max_age":604800}', 'NEL': '{"success_fraction":0,"report_to":"cf-nel","max_age":604800}', 'Server': 'cloudflare', 'CF-RAY': '8a10d7011de6c5a9-IAD', 'alt-svc': 'h3=":443"; ma=86400'} 
 body={"results":[{"gender":"male","name":{"title":"Mr","first":"Anton","last":"Lehtonen"},"location":{"street":{"number":7011,"name":"Satakennankatu"},"city":"Kotka","state":"South Karelia","country":"Finland","postcode":57008,"coordinates":{"latitude":"-26.9051","longitude":"-22.6259"},"timezone":{"offset":"+10:00","description":"Eastern Australia, Guam, Vladivostok"}},"email":"anton.lehtonen@example.com","login":{"uuid":"18fbc5b8-27c8-4bd6-b5da-34c3709076fb","username":"ticklishostrich295","password":"europe","salt":"jBXFTZzo","md5":"227c3e702dc3d865e5df005f97ccffd1","sha1":"9cf17e2ee385717efcabdae465cce3e178e810ff","sha256":"60d1492cda00e6b11dea7cb8ef47c38233ca1e208272ca827d1a623816d25a53"},"dob":{"date":"1960-03-28T13:04:55.516Z","age":64},"registered":{"date":"2018-07-22T15:56:53.022Z","age":5},"phone":"05-060-439","cell":"047-641-41-97","id":{"name":"HETU","value":"NaNNA663undefined"},"picture":{"large":"https://randomuser.me/api/portraits/men/20.jpg","medium":"https://randomuser.me/api/portraits/med/men/20.jpg","thumbnail":"https://randomuser.me/api/portraits/thumb/men/20.jpg"},"nat":"FI"}],"info":{"seed":"89b594009ab47859","results":1,"page":1,"version":"1.4"}} 
 </msg>
<msg time="2024-07-10T13:18:28.108209" level="INFO">/opt/hostedtoolcache/Python/3.12.4/x64/lib/python3.12/site-packages/urllib3/connectionpool.py:1099: InsecureRequestWarning: Unverified HTTPS request is being made to host 'randomuser.me'. Adding certificate verification is strongly advised. See: https://urllib3.readthedocs.io/en/latest/advanced-usage.html#tls-warnings
  warnings.warn(</msg>
<msg time="2024-07-10T13:18:28.108335" level="INFO">${response} = &lt;Response [200]&gt;</msg>
<var>${response}</var>
<arg>consultarAPI</arg>
<arg>/api</arg>
<doc>Sends a GET request on a previously created HTTP Session.</doc>
<status status="PASS" start="2024-07-10T13:18:28.010095" elapsed="0.098284"/>
</kw>
<kw name="Set Variable" owner="BuiltIn">
<msg time="2024-07-10T13:18:28.109583" level="INFO">${json_data} = {'results': [{'gender': 'male', 'name': {'title': 'Mr', 'first': 'Anton', 'last': 'Lehtonen'}, 'location': {'street': {'number': 7011, 'name': 'Satakennankatu'}, 'city': 'Kotka', 'state': 'South Karel...</msg>
<var>${json_data}</var>
<arg>${response.json()}</arg>
<doc>Returns the given values which can then be assigned to a variables.</doc>
<status status="PASS" start="2024-07-10T13:18:28.108984" elapsed="0.000628"/>
</kw>
<kw name="Log" owner="BuiltIn">
<msg time="2024-07-10T13:18:28.110095" level="INFO">{'results': [{'gender': 'male', 'name': {'title': 'Mr', 'first': 'Anton', 'last': 'Lehtonen'}, 'location': {'street': {'number': 7011, 'name': 'Satakennankatu'}, 'city': 'Kotka', 'state': 'South Karelia', 'country': 'Finland', 'postcode': 57008, 'coordinates': {'latitude': '-26.9051', 'longitude': '-22.6259'}, 'timezone': {'offset': '+10:00', 'description': 'Eastern Australia, Guam, Vladivostok'}}, 'email': 'anton.lehtonen@example.com', 'login': {'uuid': '18fbc5b8-27c8-4bd6-b5da-34c3709076fb', 'username': 'ticklishostrich295', 'password': 'europe', 'salt': 'jBXFTZzo', 'md5': '227c3e702dc3d865e5df005f97ccffd1', 'sha1': '9cf17e2ee385717efcabdae465cce3e178e810ff', 'sha256': '60d1492cda00e6b11dea7cb8ef47c38233ca1e208272ca827d1a623816d25a53'}, 'dob': {'date': '1960-03-28T13:04:55.516Z', 'age': 64}, 'registered': {'date': '2018-07-22T15:56:53.022Z', 'age': 5}, 'phone': '05-060-439', 'cell': '047-641-41-97', 'id': {'name': 'HETU', 'value': 'NaNNA663undefined'}, 'picture': {'large': 'https://randomuser.me/api/portraits/men/20.jpg', 'medium': 'https://randomuser.me/api/portraits/med/men/20.jpg', 'thumbnail': 'https://randomuser.me/api/portraits/thumb/men/20.jpg'}, 'nat': 'FI'}], 'info': {'seed': '89b594009ab47859', 'results': 1, 'page': 1, 'version': '1.4'}}</msg>
<arg>${json_data}</arg>
<doc>Logs the given message with the given level.</doc>
<status status="PASS" start="2024-07-10T13:18:28.109927" elapsed="0.000217"/>
</kw>
<kw name="Dictionary Should Contain Key" owner="Collections">
<arg>${json_data}</arg>
<arg>results</arg>
<doc>Fails if ``key`` is not found from ``dictionary``.</doc>
<status status="PASS" start="2024-07-10T13:18:28.110441" elapsed="0.000164"/>
</kw>
<kw name="Should Not Be Empty" owner="BuiltIn">
<msg time="2024-07-10T13:18:28.110933" level="INFO">Length is 2.</msg>
<arg>${json_data}</arg>
<doc>Verifies that the given item is not empty.</doc>
<status status="PASS" start="2024-07-10T13:18:28.110792" elapsed="0.000181"/>
</kw>
<kw name="Create List" owner="BuiltIn">
<msg time="2024-07-10T13:18:28.111625" level="INFO">${expected_keys} = ['gender', 'name', 'location', 'email', 'login']</msg>
<var>${expected_keys}</var>
<arg>gender</arg>
<arg>name</arg>
<arg>location</arg>
<arg>email</arg>
<arg>login</arg>
<doc>Returns a list containing given items.</doc>
<status status="PASS" start="2024-07-10T13:18:28.111266" elapsed="0.000396"/>
</kw>
<for flavor="IN">
<iter>
<kw name="Dictionary Should Contain Key" owner="Collections">
<arg>${json_data['results'][0]}</arg>
<arg>${key}</arg>
<doc>Fails if ``key`` is not found from ``dictionary``.</doc>
<status status="PASS" start="2024-07-10T13:18:28.112271" elapsed="0.000408"/>
</kw>
<kw name="Log" owner="BuiltIn">
<msg time="2024-07-10T13:18:28.113229" level="INFO">{'gender': 'male', 'name': {'title': 'Mr', 'first': 'Anton', 'last': 'Lehtonen'}, 'location': {'street': {'number': 7011, 'name': 'Satakennankatu'}, 'city': 'Kotka', 'state': 'South Karelia', 'country': 'Finland', 'postcode': 57008, 'coordinates': {'latitude': '-26.9051', 'longitude': '-22.6259'}, 'timezone': {'offset': '+10:00', 'description': 'Eastern Australia, Guam, Vladivostok'}}, 'email': 'anton.lehtonen@example.com', 'login': {'uuid': '18fbc5b8-27c8-4bd6-b5da-34c3709076fb', 'username': 'ticklishostrich295', 'password': 'europe', 'salt': 'jBXFTZzo', 'md5': '227c3e702dc3d865e5df005f97ccffd1', 'sha1': '9cf17e2ee385717efcabdae465cce3e178e810ff', 'sha256': '60d1492cda00e6b11dea7cb8ef47c38233ca1e208272ca827d1a623816d25a53'}, 'dob': {'date': '1960-03-28T13:04:55.516Z', 'age': 64}, 'registered': {'date': '2018-07-22T15:56:53.022Z', 'age': 5}, 'phone': '05-060-439', 'cell': '047-641-41-97', 'id': {'name': 'HETU', 'value': 'NaNNA663undefined'}, 'picture': {'large': 'https://randomuser.me/api/portraits/men/20.jpg', 'medium': 'https://randomuser.me/api/portraits/med/men/20.jpg', 'thumbnail': 'https://randomuser.me/api/portraits/thumb/men/20.jpg'}, 'nat': 'FI'}</msg>
<arg>${json_data['results'][0]}</arg>
<doc>Logs the given message with the given level.</doc>
<status status="PASS" start="2024-07-10T13:18:28.112872" elapsed="0.000408"/>
</kw>
<kw name="Log" owner="BuiltIn">
<msg time="2024-07-10T13:18:28.113713" level="INFO">gender</msg>
<arg>${key}</arg>
<doc>Logs the given message with the given level.</doc>
<status status="PASS" start="2024-07-10T13:18:28.113584" elapsed="0.000170"/>
</kw>
<var name="${key}">gender</var>
<status status="PASS" start="2024-07-10T13:18:28.112145" elapsed="0.001825"/>
</iter>
<iter>
<kw name="Dictionary Should Contain Key" owner="Collections">
<arg>${json_data['results'][0]}</arg>
<arg>${key}</arg>
<doc>Fails if ``key`` is not found from ``dictionary``.</doc>
<status status="PASS" start="2024-07-10T13:18:28.114270" elapsed="0.000397"/>
</kw>
<kw name="Log" owner="BuiltIn">
<msg time="2024-07-10T13:18:28.115242" level="INFO">{'gender': 'male', 'name': {'title': 'Mr', 'first': 'Anton', 'last': 'Lehtonen'}, 'location': {'street': {'number': 7011, 'name': 'Satakennankatu'}, 'city': 'Kotka', 'state': 'South Karelia', 'country': 'Finland', 'postcode': 57008, 'coordinates': {'latitude': '-26.9051', 'longitude': '-22.6259'}, 'timezone': {'offset': '+10:00', 'description': 'Eastern Australia, Guam, Vladivostok'}}, 'email': 'anton.lehtonen@example.com', 'login': {'uuid': '18fbc5b8-27c8-4bd6-b5da-34c3709076fb', 'username': 'ticklishostrich295', 'password': 'europe', 'salt': 'jBXFTZzo', 'md5': '227c3e702dc3d865e5df005f97ccffd1', 'sha1': '9cf17e2ee385717efcabdae465cce3e178e810ff', 'sha256': '60d1492cda00e6b11dea7cb8ef47c38233ca1e208272ca827d1a623816d25a53'}, 'dob': {'date': '1960-03-28T13:04:55.516Z', 'age': 64}, 'registered': {'date': '2018-07-22T15:56:53.022Z', 'age': 5}, 'phone': '05-060-439', 'cell': '047-641-41-97', 'id': {'name': 'HETU', 'value': 'NaNNA663undefined'}, 'picture': {'large': 'https://randomuser.me/api/portraits/men/20.jpg', 'medium': 'https://randomuser.me/api/portraits/med/men/20.jpg', 'thumbnail': 'https://randomuser.me/api/portraits/thumb/men/20.jpg'}, 'nat': 'FI'}</msg>
<arg>${json_data['results'][0]}</arg>
<doc>Logs the given message with the given level.</doc>
<status status="PASS" start="2024-07-10T13:18:28.114853" elapsed="0.000439"/>
</kw>
<kw name="Log" owner="BuiltIn">
<msg time="2024-07-10T13:18:28.115750" level="INFO">name</msg>
<arg>${key}</arg>
<doc>Logs the given message with the given level.</doc>
<status status="PASS" start="2024-07-10T13:18:28.115592" elapsed="0.000198"/>
</kw>
<var name="${key}">name</var>
<status status="PASS" start="2024-07-10T13:18:28.114157" elapsed="0.001856"/>
</iter>
<iter>
<kw name="Dictionary Should Contain Key" owner="Collections">
<arg>${json_data['results'][0]}</arg>
<arg>${key}</arg>
<doc>Fails if ``key`` is not found from ``dictionary``.</doc>
<status status="PASS" start="2024-07-10T13:18:28.116302" elapsed="0.000381"/>
</kw>
<kw name="Log" owner="BuiltIn">
<msg time="2024-07-10T13:18:28.117219" level="INFO">{'gender': 'male', 'name': {'title': 'Mr', 'first': 'Anton', 'last': 'Lehtonen'}, 'location': {'street': {'number': 7011, 'name': 'Satakennankatu'}, 'city': 'Kotka', 'state': 'South Karelia', 'country': 'Finland', 'postcode': 57008, 'coordinates': {'latitude': '-26.9051', 'longitude': '-22.6259'}, 'timezone': {'offset': '+10:00', 'description': 'Eastern Australia, Guam, Vladivostok'}}, 'email': 'anton.lehtonen@example.com', 'login': {'uuid': '18fbc5b8-27c8-4bd6-b5da-34c3709076fb', 'username': 'ticklishostrich295', 'password': 'europe', 'salt': 'jBXFTZzo', 'md5': '227c3e702dc3d865e5df005f97ccffd1', 'sha1': '9cf17e2ee385717efcabdae465cce3e178e810ff', 'sha256': '60d1492cda00e6b11dea7cb8ef47c38233ca1e208272ca827d1a623816d25a53'}, 'dob': {'date': '1960-03-28T13:04:55.516Z', 'age': 64}, 'registered': {'date': '2018-07-22T15:56:53.022Z', 'age': 5}, 'phone': '05-060-439', 'cell': '047-641-41-97', 'id': {'name': 'HETU', 'value': 'NaNNA663undefined'}, 'picture': {'large': 'https://randomuser.me/api/portraits/men/20.jpg', 'medium': 'https://randomuser.me/api/portraits/med/men/20.jpg', 'thumbnail': 'https://randomuser.me/api/portraits/thumb/men/20.jpg'}, 'nat': 'FI'}</msg>
<arg>${json_data['results'][0]}</arg>
<doc>Logs the given message with the given level.</doc>
<status status="PASS" start="2024-07-10T13:18:28.116867" elapsed="0.000412"/>
</kw>
<kw name="Log" owner="BuiltIn">
<msg time="2024-07-10T13:18:28.117706" level="INFO">location</msg>
<arg>${key}</arg>
<doc>Logs the given message with the given level.</doc>
<status status="PASS" start="2024-07-10T13:18:28.117580" elapsed="0.000165"/>
</kw>
<var name="${key}">location</var>
<status status="PASS" start="2024-07-10T13:18:28.116192" elapsed="0.001768"/>
</iter>
<iter>
<kw name="Dictionary Should Contain Key" owner="Collections">
<arg>${json_data['results'][0]}</arg>
<arg>${key}</arg>
<doc>Fails if ``key`` is not found from ``dictionary``.</doc>
<status status="PASS" start="2024-07-10T13:18:28.118239" elapsed="0.000389"/>
</kw>
<kw name="Log" owner="BuiltIn">
<msg time="2024-07-10T13:18:28.119171" level="INFO">{'gender': 'male', 'name': {'title': 'Mr', 'first': 'Anton', 'last': 'Lehtonen'}, 'location': {'street': {'number': 7011, 'name': 'Satakennankatu'}, 'city': 'Kotka', 'state': 'South Karelia', 'country': 'Finland', 'postcode': 57008, 'coordinates': {'latitude': '-26.9051', 'longitude': '-22.6259'}, 'timezone': {'offset': '+10:00', 'description': 'Eastern Australia, Guam, Vladivostok'}}, 'email': 'anton.lehtonen@example.com', 'login': {'uuid': '18fbc5b8-27c8-4bd6-b5da-34c3709076fb', 'username': 'ticklishostrich295', 'password': 'europe', 'salt': 'jBXFTZzo', 'md5': '227c3e702dc3d865e5df005f97ccffd1', 'sha1': '9cf17e2ee385717efcabdae465cce3e178e810ff', 'sha256': '60d1492cda00e6b11dea7cb8ef47c38233ca1e208272ca827d1a623816d25a53'}, 'dob': {'date': '1960-03-28T13:04:55.516Z', 'age': 64}, 'registered': {'date': '2018-07-22T15:56:53.022Z', 'age': 5}, 'phone': '05-060-439', 'cell': '047-641-41-97', 'id': {'name': 'HETU', 'value': 'NaNNA663undefined'}, 'picture': {'large': 'https://randomuser.me/api/portraits/men/20.jpg', 'medium': 'https://randomuser.me/api/portraits/med/men/20.jpg', 'thumbnail': 'https://randomuser.me/api/portraits/thumb/men/20.jpg'}, 'nat': 'FI'}</msg>
<arg>${json_data['results'][0]}</arg>
<doc>Logs the given message with the given level.</doc>
<status status="PASS" start="2024-07-10T13:18:28.118822" elapsed="0.000400"/>
</kw>
<kw name="Log" owner="BuiltIn">
<msg time="2024-07-10T13:18:28.119683" level="INFO">email</msg>
<arg>${key}</arg>
<doc>Logs the given message with the given level.</doc>
<status status="PASS" start="2024-07-10T13:18:28.119518" elapsed="0.000207"/>
</kw>
<var name="${key}">email</var>
<status status="PASS" start="2024-07-10T13:18:28.118130" elapsed="0.001817"/>
</iter>
<iter>
<kw name="Dictionary Should Contain Key" owner="Collections">
<arg>${json_data['results'][0]}</arg>
<arg>${key}</arg>
<doc>Fails if ``key`` is not found from ``dictionary``.</doc>
<status status="PASS" start="2024-07-10T13:18:28.120236" elapsed="0.000389"/>
</kw>
<kw name="Log" owner="BuiltIn">
<msg time="2024-07-10T13:18:28.121157" level="INFO">{'gender': 'male', 'name': {'title': 'Mr', 'first': 'Anton', 'last': 'Lehtonen'}, 'location': {'street': {'number': 7011, 'name': 'Satakennankatu'}, 'city': 'Kotka', 'state': 'South Karelia', 'country': 'Finland', 'postcode': 57008, 'coordinates': {'latitude': '-26.9051', 'longitude': '-22.6259'}, 'timezone': {'offset': '+10:00', 'description': 'Eastern Australia, Guam, Vladivostok'}}, 'email': 'anton.lehtonen@example.com', 'login': {'uuid': '18fbc5b8-27c8-4bd6-b5da-34c3709076fb', 'username': 'ticklishostrich295', 'password': 'europe', 'salt': 'jBXFTZzo', 'md5': '227c3e702dc3d865e5df005f97ccffd1', 'sha1': '9cf17e2ee385717efcabdae465cce3e178e810ff', 'sha256': '60d1492cda00e6b11dea7cb8ef47c38233ca1e208272ca827d1a623816d25a53'}, 'dob': {'date': '1960-03-28T13:04:55.516Z', 'age': 64}, 'registered': {'date': '2018-07-22T15:56:53.022Z', 'age': 5}, 'phone': '05-060-439', 'cell': '047-641-41-97', 'id': {'name': 'HETU', 'value': 'NaNNA663undefined'}, 'picture': {'large': 'https://randomuser.me/api/portraits/men/20.jpg', 'medium': 'https://randomuser.me/api/portraits/med/men/20.jpg', 'thumbnail': 'https://randomuser.me/api/portraits/thumb/men/20.jpg'}, 'nat': 'FI'}</msg>
<arg>${json_data['results'][0]}</arg>
<doc>Logs the given message with the given level.</doc>
<status status="PASS" start="2024-07-10T13:18:28.120810" elapsed="0.000394"/>
</kw>
<kw name="Log" owner="BuiltIn">
<msg time="2024-07-10T13:18:28.121622" level="INFO">login</msg>
<arg>${key}</arg>
<doc>Logs the given message with the given level.</doc>
<status status="PASS" start="2024-07-10T13:18:28.121496" elapsed="0.000164"/>
</kw>
<var name="${key}">login</var>
<status status="PASS" start="2024-07-10T13:18:28.120121" elapsed="0.001750"/>
</iter>
<var>${key}</var>
<value>@{expected_keys}</value>
<status status="PASS" start="2024-07-10T13:18:28.111950" elapsed="0.010043"/>
</for>
<kw name="Create List" owner="BuiltIn">
<msg time="2024-07-10T13:18:28.122358" level="INFO">${expected_keysTwo} = ['username', 'password']</msg>
<var>${expected_keysTwo}</var>
<arg>username</arg>
<arg>password</arg>
<doc>Returns a list containing given items.</doc>
<status status="PASS" start="2024-07-10T13:18:28.122215" elapsed="0.000167"/>
</kw>
<for flavor="IN">
<iter>
<kw name="Dictionary Should Contain Key" owner="Collections">
<arg>${json_data['results'][0]['login']}</arg>
<arg>${keyTwo}</arg>
<doc>Fails if ``key`` is not found from ``dictionary``.</doc>
<status status="PASS" start="2024-07-10T13:18:28.122880" elapsed="0.000405"/>
</kw>
<kw name="Dictionary Should Contain Key" owner="Collections">
<arg>${json_data['results'][0]['login']}</arg>
<arg>${keyTwo}</arg>
<doc>Fails if ``key`` is not found from ``dictionary``.</doc>
<status status="PASS" start="2024-07-10T13:18:28.123468" elapsed="0.000433"/>
</kw>
<kw name="Log" owner="BuiltIn">
<msg time="2024-07-10T13:18:28.124253" level="INFO">username</msg>
<arg>${keyTwo}</arg>
<doc>Logs the given message with the given level.</doc>
<status status="PASS" start="2024-07-10T13:18:28.124114" elapsed="0.000177"/>
</kw>
<var name="${keyTwo}">username</var>
<status status="PASS" start="2024-07-10T13:18:28.122770" elapsed="0.001743"/>
</iter>
<iter>
<kw name="Dictionary Should Contain Key" owner="Collections">
<arg>${json_data['results'][0]['login']}</arg>
<arg>${keyTwo}</arg>
<doc>Fails if ``key`` is not found from ``dictionary``.</doc>
<status status="PASS" start="2024-07-10T13:18:28.124799" elapsed="0.000388"/>
</kw>
<kw name="Dictionary Should Contain Key" owner="Collections">
<arg>${json_data['results'][0]['login']}</arg>
<arg>${keyTwo}</arg>
<doc>Fails if ``key`` is not found from ``dictionary``.</doc>
<status status="PASS" start="2024-07-10T13:18:28.125368" elapsed="0.000378"/>
</kw>
<kw name="Log" owner="BuiltIn">
<msg time="2024-07-10T13:18:28.126047" level="INFO">password</msg>
<arg>${keyTwo}</arg>
<doc>Logs the given message with the given level.</doc>
<status status="PASS" start="2024-07-10T13:18:28.125923" elapsed="0.000168"/>
</kw>
<var name="${keyTwo}">password</var>
<status status="PASS" start="2024-07-10T13:18:28.124691" elapsed="0.001720"/>
</iter>
<var>${keyTwo}</var>
<value>@{expected_keysTwo}</value>
<status status="PASS" start="2024-07-10T13:18:28.122619" elapsed="0.003914"/>
</for>
<status status="PASS" start="2024-07-10T13:18:28.009860" elapsed="0.116817"/>
</kw>
<doc>Testa a estrutura da resposta da API.</doc>
<tag>testeEstruturaResposta</tag>
<status status="PASS" start="2024-07-10T13:18:28.009359" elapsed="0.117475"/>
</test>
<test id="s1-s1-t4" name="Validar tipos de dados" line="28">
<kw name="Teste de Tipos de Dados" owner="random-user-service">
<kw name="GET On Session" owner="RequestsLibrary">
<msg time="2024-07-10T13:18:28.209570" level="INFO">GET Request : url=https://randomuser.me/api 
 path_url=/api 
 headers={'User-Agent': 'python-requests/2.32.3', 'Accept-Encoding': 'gzip, deflate', 'Accept': '*/*', 'Connection': 'keep-alive'} 
 body=None 
 </msg>
<msg time="2024-07-10T13:18:28.209646" level="INFO">GET Response : url=https://randomuser.me/api 
 status=200, reason=OK 
 headers={'Date': 'Wed, 10 Jul 2024 13:18:28 GMT', 'Content-Type': 'application/json; charset=utf-8', 'Transfer-Encoding': 'chunked', 'Connection': 'keep-alive', 'X-Powered-By': 'Express', 'Access-Control-Allow-Origin': '*', 'Cache-Control': 'no-cache', 'ETag': 'W/"49f-zbaWJHylqxqW7V/ZrzOrsYVheOA"', 'Vary': 'Accept-Encoding', 'Content-Encoding': 'gzip', 'CF-Cache-Status': 'DYNAMIC', 'Report-To': '{"endpoints":[{"url":"https:\\/\\/a.nel.cloudflare.com\\/report\\/v4?s=TYw4tsH45DVUYcnp0Z8nDtoPtTyzc0FWbEHFtH2B0nhimJ8y6ob%2FFHTkdNodfBGQ9nWwBt8L1Hm80%2FiCugQvHi8shwOYfIgL%2Bx7RMRLMVqg97ejENxvOYyP1Gf22LV0k"}],"group":"cf-nel","max_age":604800}', 'NEL': '{"success_fraction":0,"report_to":"cf-nel","max_age":604800}', 'Server': 'cloudflare', 'CF-RAY': '8a10d701dee1c5a9-IAD', 'alt-svc': 'h3=":443"; ma=86400'} 
 body={"results":[{"gender":"female","name":{"title":"Mrs","first":"Corinne","last":"Beller"},"location":{"street":{"number":9411,"name":"Birkenweg"},"city":"Nideggen","state":"Schleswig-Holstein","country":"Germany","postcode":24012,"coordinates":{"latitude":"-51.2236","longitude":"86.9938"},"timezone":{"offset":"+8:00","description":"Beijing, Perth, Singapore, Hong Kong"}},"email":"corinne.beller@example.com","login":{"uuid":"30adf29e-289e-4242-9cb3-d4e2ff82f354","username":"blueswan356","password":"qing","salt":"FJ3irieX","md5":"d4c62ceddbc5985f7e0b165187eac452","sha1":"b76942cc6a3516d8a0192f58061207dfc9b4ec71","sha256":"feef65fa4a1e883fc058dd111dfb0e4821d484fde82b83b99539a2763ff384fe"},"dob":{"date":"1996-12-23T11:04:26.118Z","age":27},"registered":{"date":"2004-11-09T08:37:27.364Z","age":19},"phone":"0951-9233703","cell":"0179-9006222","id":{"name":"SVNR","value":"73 231296 B 628"},"picture":{"large":"https://randomuser.me/api/portraits/women/92.jpg","medium":"https://randomuser.me/api/portraits/med/women/92.jpg","thumbnail":"https://randomuser.me/api/portraits/thumb/women/92.jpg"},"nat":"DE"}],"info":{"seed":"c712e5e12e96d19d","results":1,"page":1,"version":"1.4"}} 
 </msg>
<msg time="2024-07-10T13:18:28.209717" level="INFO">/opt/hostedtoolcache/Python/3.12.4/x64/lib/python3.12/site-packages/urllib3/connectionpool.py:1099: InsecureRequestWarning: Unverified HTTPS request is being made to host 'randomuser.me'. Adding certificate verification is strongly advised. See: https://urllib3.readthedocs.io/en/latest/advanced-usage.html#tls-warnings
  warnings.warn(</msg>
<msg time="2024-07-10T13:18:28.209822" level="INFO">${response} = &lt;Response [200]&gt;</msg>
<var>${response}</var>
<arg>consultarAPI</arg>
<arg>/api</arg>
<doc>Sends a GET request on a previously created HTTP Session.</doc>
<status status="PASS" start="2024-07-10T13:18:28.129372" elapsed="0.080499"/>
</kw>
<kw name="Set Variable" owner="BuiltIn">
<msg time="2024-07-10T13:18:28.211038" level="INFO">${json_data} = {'results': [{'gender': 'female', 'name': {'title': 'Mrs', 'first': 'Corinne', 'last': 'Beller'}, 'location': {'street': {'number': 9411, 'name': 'Birkenweg'}, 'city': 'Nideggen', 'state': 'Schleswig-...</msg>
<var>${json_data}</var>
<arg>${response.json()}</arg>
<doc>Returns the given values which can then be assigned to a variables.</doc>
<status status="PASS" start="2024-07-10T13:18:28.210413" elapsed="0.000656"/>
</kw>
<kw name="Log" owner="BuiltIn">
<msg time="2024-07-10T13:18:28.211543" level="INFO">{'results': [{'gender': 'female', 'name': {'title': 'Mrs', 'first': 'Corinne', 'last': 'Beller'}, 'location': {'street': {'number': 9411, 'name': 'Birkenweg'}, 'city': 'Nideggen', 'state': 'Schleswig-Holstein', 'country': 'Germany', 'postcode': 24012, 'coordinates': {'latitude': '-51.2236', 'longitude': '86.9938'}, 'timezone': {'offset': '+8:00', 'description': 'Beijing, Perth, Singapore, Hong Kong'}}, 'email': 'corinne.beller@example.com', 'login': {'uuid': '30adf29e-289e-4242-9cb3-d4e2ff82f354', 'username': 'blueswan356', 'password': 'qing', 'salt': 'FJ3irieX', 'md5': 'd4c62ceddbc5985f7e0b165187eac452', 'sha1': 'b76942cc6a3516d8a0192f58061207dfc9b4ec71', 'sha256': 'feef65fa4a1e883fc058dd111dfb0e4821d484fde82b83b99539a2763ff384fe'}, 'dob': {'date': '1996-12-23T11:04:26.118Z', 'age': 27}, 'registered': {'date': '2004-11-09T08:37:27.364Z', 'age': 19}, 'phone': '0951-9233703', 'cell': '0179-9006222', 'id': {'name': 'SVNR', 'value': '73 231296 B 628'}, 'picture': {'large': 'https://randomuser.me/api/portraits/women/92.jpg', 'medium': 'https://randomuser.me/api/portraits/med/women/92.jpg', 'thumbnail': 'https://randomuser.me/api/portraits/thumb/women/92.jpg'}, 'nat': 'DE'}], 'info': {'seed': 'c712e5e12e96d19d', 'results': 1, 'page': 1, 'version': '1.4'}}</msg>
<arg>${json_data}</arg>
<doc>Logs the given message with the given level.</doc>
<status status="PASS" start="2024-07-10T13:18:28.211376" elapsed="0.000215"/>
</kw>
<kw name="Should Be String" owner="String">
<arg>${json_data['results'][0]['gender']}</arg>
<doc>Fails if the given ``item`` is not a string.</doc>
<status status="PASS" start="2024-07-10T13:18:28.211938" elapsed="0.000355"/>
</kw>
<kw name="Should Match Regexp" owner="BuiltIn">
<arg>${json_data['results'][0]['email']}</arg>
<arg>^[a-zA-Z0-9._%+-]+@[a-zA-Z0-9.-]+\.[a-zA-Z]{2,}$</arg>
<doc>Fails if ``string`` does not match ``pattern`` as a regular expression.</doc>
<status status="PASS" start="2024-07-10T13:18:28.212523" elapsed="0.000530"/>
</kw>
<kw name="Should Match Regexp" owner="BuiltIn">
<arg>${json_data['results'][0]['dob']['date']}</arg>
<arg>\\d{4}-\\d{2}-\\d{2}T\\d{2}:\\d{2}:\\d{2}\\.\\d{3}Z</arg>
<doc>Fails if ``string`` does not match ``pattern`` as a regular expression.</doc>
<status status="PASS" start="2024-07-10T13:18:28.213249" elapsed="0.000489"/>
</kw>
<kw name="Should Match Regexp" owner="BuiltIn">
<arg>${json_data['results'][0]['registered']['date']}</arg>
<arg>\\d{4}-\\d{2}-\\d{2}T\\d{2}:\\d{2}:\\d{2}\\.\\d{3}Z</arg>
<doc>Fails if ``string`` does not match ``pattern`` as a regular expression.</doc>
<status status="PASS" start="2024-07-10T13:18:28.213931" elapsed="0.000369"/>
</kw>
<kw name="Should Match Regexp" owner="BuiltIn">
<arg>${json_data['results'][0]['picture']['large']}</arg>
<arg>^https?://.*\.(?:png|jpe?g|gif|bmp)$</arg>
<doc>Fails if ``string`` does not match ``pattern`` as a regular expression.</doc>
<status status="PASS" start="2024-07-10T13:18:28.214485" elapsed="0.000453"/>
</kw>
<kw name="Should Match Regexp" owner="BuiltIn">
<arg>${json_data['results'][0]['picture']['medium']}</arg>
<arg>^https?://.*\.(?:png|jpe?g|gif|bmp)$</arg>
<doc>Fails if ``string`` does not match ``pattern`` as a regular expression.</doc>
<status status="PASS" start="2024-07-10T13:18:28.215127" elapsed="0.000358"/>
</kw>
<kw name="Should Match Regexp" owner="BuiltIn">
<arg>${json_data['results'][0]['picture']['thumbnail']}</arg>
<arg>^https?://.*\.(?:png|jpe?g|gif|bmp)$</arg>
<doc>Fails if ``string`` does not match ``pattern`` as a regular expression.</doc>
<status status="PASS" start="2024-07-10T13:18:28.215695" elapsed="0.000361"/>
</kw>
<kw name="Log" owner="BuiltIn">
<msg time="2024-07-10T13:18:28.216571" level="INFO">{'large': 'https://randomuser.me/api/portraits/women/92.jpg', 'medium': 'https://randomuser.me/api/portraits/med/women/92.jpg', 'thumbnail': 'https://randomuser.me/api/portraits/thumb/women/92.jpg'}</msg>
<arg>${json_data['results'][0]['picture']}</arg>
<doc>Logs the given message with the given level.</doc>
<status status="PASS" start="2024-07-10T13:18:28.216245" elapsed="0.000370"/>
</kw>
<status status="PASS" start="2024-07-10T13:18:28.129150" elapsed="0.087730"/>
</kw>
<kw name="Teste de Tipos de Dados - Postcode" owner="random-user-service">
<kw name="GET On Session" owner="RequestsLibrary">
<msg time="2024-07-10T13:18:28.315527" level="INFO">GET Request : url=https://randomuser.me/api 
 path_url=/api 
 headers={'User-Agent': 'python-requests/2.32.3', 'Accept-Encoding': 'gzip, deflate', 'Accept': '*/*', 'Connection': 'keep-alive'} 
 body=None 
 </msg>
<msg time="2024-07-10T13:18:28.315591" level="INFO">GET Response : url=https://randomuser.me/api 
 status=200, reason=OK 
 headers={'Date': 'Wed, 10 Jul 2024 13:18:28 GMT', 'Content-Type': 'application/json; charset=utf-8', 'Transfer-Encoding': 'chunked', 'Connection': 'keep-alive', 'X-Powered-By': 'Express', 'Access-Control-Allow-Origin': '*', 'Cache-Control': 'no-cache', 'ETag': 'W/"47d-cYLQIiZ2lghOMUNTKldVgSJyP40"', 'Vary': 'Accept-Encoding', 'Content-Encoding': 'gzip', 'CF-Cache-Status': 'DYNAMIC', 'Report-To': '{"endpoints":[{"url":"https:\\/\\/a.nel.cloudflare.com\\/report\\/v4?s=fDl8MU8zovXs6M%2FLKRFMMQy1A6a0uHTAI5BAQq3Zj1zuDp3CZWh1WzTdc%2Bzl96KKyV%2F90iwlAQ0JW6qLqqiVzNHIN6NjlqGgUY1Tz3dCKPGySROYmqL11xIENMtTg2Ji"}],"group":"cf-nel","max_age":604800}', 'NEL': '{"success_fraction":0,"report_to":"cf-nel","max_age":604800}', 'Server': 'cloudflare', 'CF-RAY': '8a10d7026f8ac5a9-IAD', 'alt-svc': 'h3=":443"; ma=86400'} 
 body={"results":[{"gender":"female","name":{"title":"Miss","first":"Saana","last":"Manner"},"location":{"street":{"number":2726,"name":"Bulevardi"},"city":"Kuopio","state":"Päijät-Häme","country":"Finland","postcode":64055,"coordinates":{"latitude":"-21.6103","longitude":"45.9778"},"timezone":{"offset":"+5:45","description":"Kathmandu"}},"email":"saana.manner@example.com","login":{"uuid":"d83b4069-9d6e-45d0-8af7-e38b07baba76","username":"heavywolf279","password":"yamahar1","salt":"1y6vYacO","md5":"a08b61d39152c81519ea2d20e803da4b","sha1":"40631c05a1e000fb1835cf68f758563db19b506f","sha256":"c5a47b962e41247399d9a260ce910fc500bd46891de040f555726f41233fd341"},"dob":{"date":"1975-02-12T14:47:48.146Z","age":49},"registered":{"date":"2016-07-01T06:22:39.852Z","age":8},"phone":"05-667-644","cell":"045-024-97-44","id":{"name":"HETU","value":"NaNNA432undefined"},"picture":{"large":"https://randomuser.me/api/portraits/women/3.jpg","medium":"https://randomuser.me/api/portraits/med/women/3.jpg","thumbnail":"https://randomuser.me/api/portraits/thumb/women/3.jpg"},"nat":"FI"}],"info":{"seed":"5b0cd9a11489a975","results":1,"page":1,"version":"1.4"}} 
 </msg>
<msg time="2024-07-10T13:18:28.315677" level="INFO">/opt/hostedtoolcache/Python/3.12.4/x64/lib/python3.12/site-packages/urllib3/connectionpool.py:1099: InsecureRequestWarning: Unverified HTTPS request is being made to host 'randomuser.me'. Adding certificate verification is strongly advised. See: https://urllib3.readthedocs.io/en/latest/advanced-usage.html#tls-warnings
  warnings.warn(</msg>
<msg time="2024-07-10T13:18:28.315766" level="INFO">${response} = &lt;Response [200]&gt;</msg>
<var>${response}</var>
<arg>consultarAPI</arg>
<arg>/api</arg>
<doc>Sends a GET request on a previously created HTTP Session.</doc>
<status status="PASS" start="2024-07-10T13:18:28.217305" elapsed="0.098501"/>
</kw>
<kw name="Set Variable" owner="BuiltIn">
<msg time="2024-07-10T13:18:28.316865" level="INFO">${json_data} = {'results': [{'gender': 'female', 'name': {'title': 'Miss', 'first': 'Saana', 'last': 'Manner'}, 'location': {'street': {'number': 2726, 'name': 'Bulevardi'}, 'city': 'Kuopio', 'state': 'Päijät-Häme',...</msg>
<var>${json_data}</var>
<arg>${response.json()}</arg>
<doc>Returns the given values which can then be assigned to a variables.</doc>
<status status="PASS" start="2024-07-10T13:18:28.316271" elapsed="0.000623"/>
</kw>
<kw name="Log" owner="BuiltIn">
<msg time="2024-07-10T13:18:28.317355" level="INFO">{'results': [{'gender': 'female', 'name': {'title': 'Miss', 'first': 'Saana', 'last': 'Manner'}, 'location': {'street': {'number': 2726, 'name': 'Bulevardi'}, 'city': 'Kuopio', 'state': 'Päijät-Häme', 'country': 'Finland', 'postcode': 64055, 'coordinates': {'latitude': '-21.6103', 'longitude': '45.9778'}, 'timezone': {'offset': '+5:45', 'description': 'Kathmandu'}}, 'email': 'saana.manner@example.com', 'login': {'uuid': 'd83b4069-9d6e-45d0-8af7-e38b07baba76', 'username': 'heavywolf279', 'password': 'yamahar1', 'salt': '1y6vYacO', 'md5': 'a08b61d39152c81519ea2d20e803da4b', 'sha1': '40631c05a1e000fb1835cf68f758563db19b506f', 'sha256': 'c5a47b962e41247399d9a260ce910fc500bd46891de040f555726f41233fd341'}, 'dob': {'date': '1975-02-12T14:47:48.146Z', 'age': 49}, 'registered': {'date': '2016-07-01T06:22:39.852Z', 'age': 8}, 'phone': '05-667-644', 'cell': '045-024-97-44', 'id': {'name': 'HETU', 'value': 'NaNNA432undefined'}, 'picture': {'large': 'https://randomuser.me/api/portraits/women/3.jpg', 'medium': 'https://randomuser.me/api/portraits/med/women/3.jpg', 'thumbnail': 'https://randomuser.me/api/portraits/thumb/women/3.jpg'}, 'nat': 'FI'}], 'info': {'seed': '5b0cd9a11489a975', 'results': 1, 'page': 1, 'version': '1.4'}}</msg>
<arg>${json_data}</arg>
<doc>Logs the given message with the given level.</doc>
<status status="PASS" start="2024-07-10T13:18:28.317197" elapsed="0.000206"/>
</kw>
<kw name="Should Be Equal As Numbers" owner="BuiltIn">
<arg>${json_data['results'][0]['location']['postcode']}</arg>
<arg>${json_data['results'][0]['location']['postcode']}</arg>
<doc>Fails if objects are unequal after converting them to real numbers.</doc>
<status status="PASS" start="2024-07-10T13:18:28.317690" elapsed="0.000629"/>
</kw>
<kw name="Log" owner="BuiltIn">
<msg time="2024-07-10T13:18:28.319007" level="INFO">64055</msg>
<arg>${json_data['results'][0]['location']['postcode']}</arg>
<doc>Logs the given message with the given level.</doc>
<status status="PASS" start="2024-07-10T13:18:28.318540" elapsed="0.000509"/>
</kw>
<status status="PASS" start="2024-07-10T13:18:28.217090" elapsed="0.102221"/>
</kw>
<doc>Testa se os tipos de dados na resposta da API estão corretos.</doc>
<tag>testeTiposDados</tag>
<status status="PASS" start="2024-07-10T13:18:28.128692" elapsed="0.190777"/>
</test>
<test id="s1-s1-t5" name="Validar conteudo" line="35">
<kw name="Teste de Tipos de Conteudo" owner="random-user-service">
<kw name="GET On Session" owner="RequestsLibrary">
<msg time="2024-07-10T13:18:28.406874" level="INFO">GET Request : url=https://randomuser.me/api 
 path_url=/api 
 headers={'User-Agent': 'python-requests/2.32.3', 'Accept-Encoding': 'gzip, deflate', 'Accept': '*/*', 'Connection': 'keep-alive'} 
 body=None 
 </msg>
<msg time="2024-07-10T13:18:28.406973" level="INFO">GET Response : url=https://randomuser.me/api 
 status=200, reason=OK 
 headers={'Date': 'Wed, 10 Jul 2024 13:18:28 GMT', 'Content-Type': 'application/json; charset=utf-8', 'Transfer-Encoding': 'chunked', 'Connection': 'keep-alive', 'X-Powered-By': 'Express', 'Access-Control-Allow-Origin': '*', 'Cache-Control': 'no-cache', 'ETag': 'W/"48e-9+anFbrwn4TRfOeL4uS5XBq+STs"', 'Vary': 'Accept-Encoding', 'Content-Encoding': 'gzip', 'CF-Cache-Status': 'DYNAMIC', 'Report-To': '{"endpoints":[{"url":"https:\\/\\/a.nel.cloudflare.com\\/report\\/v4?s=M0ArukPb0FvEMQbi9skEnns3lBuGzrHuGyml6mBQHGR5x8NXRsKj6f%2BtxgVZc9ywtoLWt4KWk5dfxNl%2BKIjhA0GlRjwwSdw0%2FnotElHxj%2BNjNS6Qw5mvRqRMsSPzGRQ4"}],"group":"cf-nel","max_age":604800}', 'NEL': '{"success_fraction":0,"report_to":"cf-nel","max_age":604800}', 'Server': 'cloudflare', 'CF-RAY': '8a10d703086bc5a9-IAD', 'alt-svc': 'h3=":443"; ma=86400'} 
 body={"results":[{"gender":"male","name":{"title":"Mr","first":"Magamir","last":"Sagal"},"location":{"street":{"number":5012,"name":"Provulok Vorobyova"},"city":"Arciz","state":"Chernivecka","country":"Ukraine","postcode":92777,"coordinates":{"latitude":"76.8711","longitude":"-65.0670"},"timezone":{"offset":"-6:00","description":"Central Time (US &amp; Canada), Mexico City"}},"email":"magamir.sagal@example.com","login":{"uuid":"8b3820fe-5c25-49b9-9bcb-8db5243c2ea0","username":"smallpeacock599","password":"rebel1","salt":"tXhwIQL1","md5":"426d4654844a8d1bcb99d7a373d2f564","sha1":"ed941b48bc5bfeb1e13b417968132a8d4b9bbca9","sha256":"cbb7bcc5792dc975ba56cb38d80ecee182e51e5faa2200b096f0bb4d7bedcdc1"},"dob":{"date":"1994-04-20T17:45:03.597Z","age":30},"registered":{"date":"2016-10-09T16:40:15.289Z","age":7},"phone":"(067) I27-1960","cell":"(066) T87-9052","id":{"name":"","value":null},"picture":{"large":"https://randomuser.me/api/portraits/men/33.jpg","medium":"https://randomuser.me/api/portraits/med/men/33.jpg","thumbnail":"https://randomuser.me/api/portraits/thumb/men/33.jpg"},"nat":"UA"}],"info":{"seed":"404bb63947feabb6","results":1,"page":1,"version":"1.4"}} 
 </msg>
<msg time="2024-07-10T13:18:28.407042" level="INFO">/opt/hostedtoolcache/Python/3.12.4/x64/lib/python3.12/site-packages/urllib3/connectionpool.py:1099: InsecureRequestWarning: Unverified HTTPS request is being made to host 'randomuser.me'. Adding certificate verification is strongly advised. See: https://urllib3.readthedocs.io/en/latest/advanced-usage.html#tls-warnings
  warnings.warn(</msg>
<msg time="2024-07-10T13:18:28.407163" level="INFO">${response} = &lt;Response [200]&gt;</msg>
<var>${response}</var>
<arg>consultarAPI</arg>
<arg>/api</arg>
<doc>Sends a GET request on a previously created HTTP Session.</doc>
<status status="PASS" start="2024-07-10T13:18:28.321964" elapsed="0.085241"/>
</kw>
<kw name="Set Variable" owner="BuiltIn">
<msg time="2024-07-10T13:18:28.408463" level="INFO">${json_data} = {'results': [{'gender': 'male', 'name': {'title': 'Mr', 'first': 'Magamir', 'last': 'Sagal'}, 'location': {'street': {'number': 5012, 'name': 'Provulok Vorobyova'}, 'city': 'Arciz', 'state': 'Chernive...</msg>
<var>${json_data}</var>
<arg>${response.json()}</arg>
<doc>Returns the given values which can then be assigned to a variables.</doc>
<status status="PASS" start="2024-07-10T13:18:28.407891" elapsed="0.000601"/>
</kw>
<kw name="Set Variable" owner="BuiltIn">
<msg time="2024-07-10T13:18:28.409192" level="INFO">${name_title} = Mr</msg>
<var>${name_title}</var>
<arg>${json_data["results"][0]["name"]["title"]}</arg>
<doc>Returns the given values which can then be assigned to a variables.</doc>
<status status="PASS" start="2024-07-10T13:18:28.408801" elapsed="0.000416"/>
</kw>
<kw name="Create List" owner="BuiltIn">
<msg time="2024-07-10T13:18:28.409666" level="INFO">${allowed_titles} = ['Mr', 'Ms', 'Miss', 'Mrs', 'Madame', 'Monsieur']</msg>
<var>${allowed_titles}</var>
<arg>Mr</arg>
<arg>Ms</arg>
<arg>Miss</arg>
<arg>Mrs</arg>
<arg>Madame</arg>
<arg>Monsieur</arg>
<doc>Returns a list containing given items.</doc>
<status status="PASS" start="2024-07-10T13:18:28.409515" elapsed="0.000175"/>
</kw>
<kw name="List Should Contain Value" owner="Collections">
<arg>${allowed_titles}</arg>
<arg>${name_title}</arg>
<doc>Fails if the ``value`` is not found from ``list``.</doc>
<status status="PASS" start="2024-07-10T13:18:28.409989" elapsed="0.000175"/>
</kw>
<kw name="Set Variable" owner="BuiltIn">
<msg time="2024-07-10T13:18:28.410708" level="INFO">${name_country} = UA</msg>
<var>${name_country}</var>
<arg>${json_data["results"][0]["nat"]}</arg>
<doc>Returns the given values which can then be assigned to a variables.</doc>
<status status="PASS" start="2024-07-10T13:18:28.410344" elapsed="0.000389"/>
</kw>
<kw name="Create List" owner="BuiltIn">
<msg time="2024-07-10T13:18:28.411657" level="INFO">${list_country} = ['AD', 'AE', 'AF', 'AG', 'AI', 'AL', 'AM', 'AO', 'AQ', 'AR', 'AS', 'AT', 'AU', 'AW', 'AX', 'AZ', 'BA', 'BB', 'BD', 'BE', 'BF', 'BG', 'BH', 'BI', 'BJ', 'BL', 'BM', 'BN', 'BO', 'BQ', 'BR', 'BS', 'BT', '...</msg>
<var>${list_country}</var>
<arg>AD</arg>
<arg>AE</arg>
<arg>AF</arg>
<arg>AG</arg>
<arg>AI</arg>
<arg>AL</arg>
<arg>AM</arg>
<arg>AO</arg>
<arg>AQ</arg>
<arg>AR</arg>
<arg>AS</arg>
<arg>AT</arg>
<arg>AU</arg>
<arg>AW</arg>
<arg>AX</arg>
<arg>AZ</arg>
<arg>BA</arg>
<arg>BB</arg>
<arg>BD</arg>
<arg>BE</arg>
<arg>BF</arg>
<arg>BG</arg>
<arg>BH</arg>
<arg>BI</arg>
<arg>BJ</arg>
<arg>BL</arg>
<arg>BM</arg>
<arg>BN</arg>
<arg>BO</arg>
<arg>BQ</arg>
<arg>BR</arg>
<arg>BS</arg>
<arg>BT</arg>
<arg>BV</arg>
<arg>BW</arg>
<arg>BY</arg>
<arg>BZ</arg>
<arg>CA</arg>
<arg>CC</arg>
<arg>CD</arg>
<arg>CF</arg>
<arg>CG</arg>
<arg>CH</arg>
<arg>CI</arg>
<arg>CK</arg>
<arg>CL</arg>
<arg>CM</arg>
<arg>CN</arg>
<arg>CO</arg>
<arg>CR</arg>
<arg>CU</arg>
<arg>CV</arg>
<arg>CW</arg>
<arg>CX</arg>
<arg>CY</arg>
<arg>CZ</arg>
<arg>DE</arg>
<arg>DJ</arg>
<arg>DK</arg>
<arg>DM</arg>
<arg>DO</arg>
<arg>DZ</arg>
<arg>EC</arg>
<arg>EE</arg>
<arg>EG</arg>
<arg>EH</arg>
<arg>ER</arg>
<arg>ES</arg>
<arg>ET</arg>
<arg>FI</arg>
<arg>FJ</arg>
<arg>FK</arg>
<arg>FM</arg>
<arg>FO</arg>
<arg>FR</arg>
<arg>GA</arg>
<arg>GB</arg>
<arg>GD</arg>
<arg>GE</arg>
<arg>GF</arg>
<arg>GG</arg>
<arg>GH</arg>
<arg>GI</arg>
<arg>GL</arg>
<arg>GM</arg>
<arg>GN</arg>
<arg>GP</arg>
<arg>GQ</arg>
<arg>GR</arg>
<arg>GS</arg>
<arg>GT</arg>
<arg>GU</arg>
<arg>GW</arg>
<arg>GY</arg>
<arg>HK</arg>
<arg>HM</arg>
<arg>HN</arg>
<arg>HR</arg>
<arg>HT</arg>
<arg>HU</arg>
<arg>ID</arg>
<arg>IE</arg>
<arg>IL</arg>
<arg>IM</arg>
<arg>IN</arg>
<arg>IO</arg>
<arg>IQ</arg>
<arg>IR</arg>
<arg>IS</arg>
<arg>IT</arg>
<arg>JE</arg>
<arg>JM</arg>
<arg>JO</arg>
<arg>JP</arg>
<arg>KE</arg>
<arg>KG</arg>
<arg>KH</arg>
<arg>KI</arg>
<arg>KM</arg>
<arg>KN</arg>
<arg>KP</arg>
<arg>KR</arg>
<arg>KW</arg>
<arg>KY</arg>
<arg>KZ</arg>
<arg>LA</arg>
<arg>LB</arg>
<arg>LC</arg>
<arg>LI</arg>
<arg>LK</arg>
<arg>LR</arg>
<arg>LS</arg>
<arg>LT</arg>
<arg>LU</arg>
<arg>LV</arg>
<arg>LY</arg>
<arg>MA</arg>
<arg>MC</arg>
<arg>MD</arg>
<arg>ME</arg>
<arg>MF</arg>
<arg>MG</arg>
<arg>MH</arg>
<arg>MK</arg>
<arg>ML</arg>
<arg>MM</arg>
<arg>MN</arg>
<arg>MO</arg>
<arg>MP</arg>
<arg>MQ</arg>
<arg>MR</arg>
<arg>MS</arg>
<arg>MT</arg>
<arg>MU</arg>
<arg>MV</arg>
<arg>MW</arg>
<arg>MX</arg>
<arg>MY</arg>
<arg>MZ</arg>
<arg>NA</arg>
<arg>NC</arg>
<arg>NE</arg>
<arg>NF</arg>
<arg>NG</arg>
<arg>NI</arg>
<arg>NL</arg>
<arg>NO</arg>
<arg>NP</arg>
<arg>NR</arg>
<arg>NU</arg>
<arg>NZ</arg>
<arg>OM</arg>
<arg>PA</arg>
<arg>PE</arg>
<arg>PF</arg>
<arg>PG</arg>
<arg>PH</arg>
<arg>PK</arg>
<arg>PL</arg>
<arg>PM</arg>
<arg>PN</arg>
<arg>PR</arg>
<arg>PS</arg>
<arg>PT</arg>
<arg>PW</arg>
<arg>PY</arg>
<arg>QA</arg>
<arg>RE</arg>
<arg>RO</arg>
<arg>RS</arg>
<arg>RU</arg>
<arg>RW</arg>
<arg>SA</arg>
<arg>SB</arg>
<arg>SC</arg>
<arg>SD</arg>
<arg>SE</arg>
<arg>SG</arg>
<arg>SH</arg>
<arg>SI</arg>
<arg>SJ</arg>
<arg>SK</arg>
<arg>SL</arg>
<arg>SM</arg>
<arg>SN</arg>
<arg>SO</arg>
<arg>SR</arg>
<arg>SS</arg>
<arg>ST</arg>
<arg>SV</arg>
<arg>SX</arg>
<arg>SY</arg>
<arg>SZ</arg>
<arg>TC</arg>
<arg>TD</arg>
<arg>TF</arg>
<arg>TG</arg>
<arg>TH</arg>
<arg>TJ</arg>
<arg>TK</arg>
<arg>TL</arg>
<arg>TM</arg>
<arg>TN</arg>
<arg>TO</arg>
<arg>TR</arg>
<arg>TT</arg>
<arg>TV</arg>
<arg>TW</arg>
<arg>TZ</arg>
<arg>UA</arg>
<arg>UG</arg>
<arg>UM</arg>
<arg>US</arg>
<arg>UY</arg>
<arg>UZ</arg>
<arg>VA</arg>
<arg>VC</arg>
<arg>VE</arg>
<arg>VG</arg>
<arg>VI</arg>
<arg>VN</arg>
<arg>VU</arg>
<arg>WF</arg>
<arg>WS</arg>
<arg>XK</arg>
<arg>YE</arg>
<arg>YT</arg>
<arg>ZA</arg>
<arg>ZM</arg>
<arg>ZW</arg>
<doc>Returns a list containing given items.</doc>
<status status="PASS" start="2024-07-10T13:18:28.411023" elapsed="0.000673"/>
</kw>
<kw name="List Should Contain Value" owner="Collections">
<arg>${list_country}</arg>
<arg>${name_country}</arg>
<doc>Fails if the ``value`` is not found from ``list``.</doc>
<status status="PASS" start="2024-07-10T13:18:28.412495" elapsed="0.000202"/>
</kw>
<kw name="Run Keyword If" owner="BuiltIn">
<kw name="Should Be True" owner="BuiltIn">
<arg>${True}</arg>
<doc>Fails if the given condition is not true.</doc>
<status status="PASS" start="2024-07-10T13:18:28.413638" elapsed="0.000142"/>
</kw>
<arg>${json_data["results"][0]["location"]["coordinates"]["latitude"]} &gt;= -90 and ${json_data["results"][0]["location"]["coordinates"]["latitude"]} &lt;= 90</arg>
<arg>Should Be True</arg>
<arg>${True}</arg>
<doc>Runs the given keyword with the given arguments, if ``condition`` is true.</doc>
<status status="PASS" start="2024-07-10T13:18:28.412893" elapsed="0.001014"/>
</kw>
<kw name="Run Keyword If" owner="BuiltIn">
<kw name="Should Be True" owner="BuiltIn">
<arg>${True}</arg>
<doc>Fails if the given condition is not true.</doc>
<status status="PASS" start="2024-07-10T13:18:28.414791" elapsed="0.000243"/>
</kw>
<arg>${json_data["results"][0]["location"]["coordinates"]["longitude"]} &gt;= -180 and ${json_data["results"][0]["location"]["coordinates"]["longitude"]} &lt;= 180</arg>
<arg>Should Be True</arg>
<arg>${True}</arg>
<doc>Runs the given keyword with the given arguments, if ``condition`` is true.</doc>
<status status="PASS" start="2024-07-10T13:18:28.414092" elapsed="0.001071"/>
</kw>
<status status="PASS" start="2024-07-10T13:18:28.321738" elapsed="0.093561"/>
</kw>
<doc>Testa o conteúdo específico dos campos retornados pela API.</doc>
<tag>testeConteudo</tag>
<status status="PASS" start="2024-07-10T13:18:28.321311" elapsed="0.094143"/>
</test>
<status status="PASS" start="2024-07-10T13:18:27.456466" elapsed="0.960982"/>
</suite>
<status status="PASS" start="2024-07-10T13:18:27.442119" elapsed="0.980379"/>
</suite>
<statistics>
<total>
<stat pass="5" fail="0" skip="0">All Tests</stat>
</total>
<tag>
<stat pass="1" fail="0" skip="0">testeConteudo</stat>
<stat pass="1" fail="0" skip="0">testeEstruturaResposta</stat>
<stat pass="1" fail="0" skip="0">testeRequisicaoBasica</stat>
<stat pass="1" fail="0" skip="0">testeTiposDados</stat>
</tag>
<suite>
<stat pass="5" fail="0" skip="0" id="s1" name="Tests">Tests</stat>
<stat pass="5" fail="0" skip="0" id="s1-s1" name="Random-User-Test">Tests.Random-User-Test</stat>
</suite>
</statistics>
<errors>
</errors>
</robot>
