<?xml version="1.0" encoding="UTF-8"?>
<robot generator="Robot 7.0 (Python 3.12.3 on linux)" generated="2024-05-21T03:16:26.191056" rpa="false" schemaversion="5">
<suite id="s1" name="Tests" source="/home/runner/work/DesafioQAItauRogerioJordao/DesafioQAItauRogerioJordao/RamdonUser/tests">
<suite id="s1-s1" name="Random-User-Test" source="/home/runner/work/DesafioQAItauRogerioJordao/DesafioQAItauRogerioJordao/RamdonUser/tests/random-user-test.robot">
<test id="s1-s1-t1" name="Conectar" line="13">
<kw name="Conectar API" owner="random-user-service">
<kw name="Create Session" owner="RequestsLibrary">
<msg time="2024-05-21T03:16:26.573609" level="INFO">Creating Session using : alias=consultarAPI, url=https://randomuser.me/, headers={},                     cookies={}, auth=None, timeout=None, proxies=None, verify=False,                     debug=0 </msg>
<arg>consultarAPI</arg>
<arg>${URL}</arg>
<doc>Create Session: create a HTTP session to a server</doc>
<status status="PASS" start="2024-05-21T03:16:26.573417" elapsed="0.000362"/>
</kw>
<status status="PASS" start="2024-05-21T03:16:26.572478" elapsed="0.001652"/>
</kw>
<status status="PASS" start="2024-05-21T03:16:26.571973" elapsed="0.002347"/>
</test>
<test id="s1-s1-t2" name="Validar retorno 200 e JSON Válido" line="16">
<kw name="Teste de Requisicao Basica" owner="random-user-service">
<kw name="GET On Session" owner="RequestsLibrary">
<msg time="2024-05-21T03:16:26.760629" level="INFO">GET Request : url=https://randomuser.me/api 
 path_url=/api 
 headers={'User-Agent': 'python-requests/2.32.1', 'Accept-Encoding': 'gzip, deflate', 'Accept': '*/*', 'Connection': 'keep-alive'} 
 body=None 
 </msg>
<msg time="2024-05-21T03:16:26.760767" level="INFO">GET Response : url=https://randomuser.me/api 
 status=200, reason=OK 
 headers={'Date': 'Tue, 21 May 2024 03:16:26 GMT', 'Content-Type': 'application/json; charset=utf-8', 'Transfer-Encoding': 'chunked', 'Connection': 'keep-alive', 'X-Powered-By': 'Express', 'Access-Control-Allow-Origin': '*', 'Cache-Control': 'no-cache', 'ETag': 'W/"497-hrRRwmxzQYS0Umtfnk64PrDX/Rg"', 'Vary': 'Accept-Encoding', 'Content-Encoding': 'gzip', 'CF-Cache-Status': 'DYNAMIC', 'Report-To': '{"endpoints":[{"url":"https:\\/\\/a.nel.cloudflare.com\\/report\\/v4?s=dCcoO8vNHytCRRg%2F3RdQDyKVH4eg6LZcsI%2BLKvm5wCtinE%2BUMTXkWvNIVIHL4C2lrysgL1fYArlmIgNeIGZXWbISZ8ZCjhTPm7%2F6dLw%2FjHPFO%2Ff7SlPcLbu08mQcaOgs"}],"group":"cf-nel","max_age":604800}', 'NEL': '{"success_fraction":0,"report_to":"cf-nel","max_age":604800}', 'Server': 'cloudflare', 'CF-RAY': '887168630e432d07-IAD', 'alt-svc': 'h3=":443"; ma=86400'} 
 body={"results":[{"gender":"female","name":{"title":"Mrs","first":"Pulheriya","last":"Polyuga"},"location":{"street":{"number":1378,"name":"Serpneva"},"city":"Tavriysk","state":"Vinnicka","country":"Ukraine","postcode":25831,"coordinates":{"latitude":"74.5936","longitude":"29.0272"},"timezone":{"offset":"0:00","description":"Western Europe Time, London, Lisbon, Casablanca"}},"email":"pulheriya.polyuga@example.com","login":{"uuid":"ab872cd1-28a8-453c-8662-d3061ac0bf4f","username":"bluesnake270","password":"gunners","salt":"GMFupWpz","md5":"46f324ea8d87e915aa9a2e971a189e4f","sha1":"def31b40c514d04e5668f65e9c1e280b13354eb5","sha256":"572e031bca965488348abd15fdd3222f3102a717ec1c819d6b0e5f7001e09e7d"},"dob":{"date":"1947-10-10T00:25:23.401Z","age":76},"registered":{"date":"2010-07-24T12:02:34.414Z","age":13},"phone":"(097) T07-9393","cell":"(067) W69-6453","id":{"name":"","value":null},"picture":{"large":"https://randomuser.me/api/portraits/women/7.jpg","medium":"https://randomuser.me/api/portraits/med/women/7.jpg","thumbnail":"https://randomuser.me/api/portraits/thumb/women/7.jpg"},"nat":"UA"}],"info":{"seed":"f2205662d14e978b","results":1,"page":1,"version":"1.4"}} 
 </msg>
<msg time="2024-05-21T03:16:26.760848" level="INFO">/opt/hostedtoolcache/Python/3.12.3/x64/lib/python3.12/site-packages/urllib3/connectionpool.py:1103: InsecureRequestWarning: Unverified HTTPS request is being made to host 'randomuser.me'. Adding certificate verification is strongly advised. See: https://urllib3.readthedocs.io/en/latest/advanced-usage.html#tls-warnings
  warnings.warn(</msg>
<msg time="2024-05-21T03:16:26.761007" level="INFO">${response} = &lt;Response [200]&gt;</msg>
<var>${response}</var>
<arg>consultarAPI</arg>
<arg>/api</arg>
<doc>Sends a GET request on a previously created HTTP Session.</doc>
<status status="PASS" start="2024-05-21T03:16:26.577462" elapsed="0.183585"/>
</kw>
<kw name="Should Be Equal As Numbers" owner="BuiltIn">
<msg time="2024-05-21T03:16:26.762020" level="INFO">Argument types are:
&lt;class 'int'&gt;
&lt;class 'str'&gt;</msg>
<arg>${response.status_code}</arg>
<arg>200</arg>
<doc>Fails if objects are unequal after converting them to real numbers.</doc>
<status status="PASS" start="2024-05-21T03:16:26.761562" elapsed="0.000526"/>
</kw>
<kw name="Log" owner="BuiltIn">
<msg time="2024-05-21T03:16:26.762814" level="INFO">200</msg>
<arg>${response.status_code}</arg>
<doc>Logs the given message with the given level.</doc>
<status status="PASS" start="2024-05-21T03:16:26.762454" elapsed="0.000403"/>
</kw>
<kw name="Set Variable" owner="BuiltIn">
<msg time="2024-05-21T03:16:26.763665" level="INFO">${json_data} = {'results': [{'gender': 'female', 'name': {'title': 'Mrs', 'first': 'Pulheriya', 'last': 'Polyuga'}, 'location': {'street': {'number': 1378, 'name': 'Serpneva'}, 'city': 'Tavriysk', 'state': 'Vinnicka...</msg>
<var>${json_data}</var>
<arg>${response.json()}</arg>
<doc>Returns the given values which can then be assigned to a variables.</doc>
<status status="PASS" start="2024-05-21T03:16:26.763173" elapsed="0.000521"/>
</kw>
<kw name="Dictionary Should Contain Key" owner="Collections">
<msg time="2024-05-21T03:16:26.764178" level="INFO">False</msg>
<arg>${json_data}</arg>
<arg>results</arg>
<doc>Fails if ``key`` is not found from ``dictionary``.</doc>
<status status="PASS" start="2024-05-21T03:16:26.764010" elapsed="0.000207"/>
</kw>
<status status="PASS" start="2024-05-21T03:16:26.577175" elapsed="0.187301"/>
</kw>
<doc>Testa se a API responde corretamente e retorna um objeto JSON válido.</doc>
<tag>testeRequisicaoBasica</tag>
<status status="PASS" start="2024-05-21T03:16:26.576575" elapsed="0.188101"/>
</test>
<test id="s1-s1-t3" name="Validar estrutura de resposta" line="22">
<kw name="Teste de Estrutura de Resposta" owner="random-user-service">
<kw name="GET On Session" owner="RequestsLibrary">
<msg time="2024-05-21T03:16:26.856967" level="INFO">GET Request : url=https://randomuser.me/api 
 path_url=/api 
 headers={'User-Agent': 'python-requests/2.32.1', 'Accept-Encoding': 'gzip, deflate', 'Accept': '*/*', 'Connection': 'keep-alive'} 
 body=None 
 </msg>
<msg time="2024-05-21T03:16:26.857034" level="INFO">GET Response : url=https://randomuser.me/api 
 status=200, reason=OK 
 headers={'Date': 'Tue, 21 May 2024 03:16:26 GMT', 'Content-Type': 'application/json; charset=utf-8', 'Transfer-Encoding': 'chunked', 'Connection': 'keep-alive', 'X-Powered-By': 'Express', 'Access-Control-Allow-Origin': '*', 'Cache-Control': 'no-cache', 'ETag': 'W/"482-FYizjhaippj/gznQxDretElKyZA"', 'Vary': 'Accept-Encoding', 'Content-Encoding': 'gzip', 'CF-Cache-Status': 'DYNAMIC', 'Report-To': '{"endpoints":[{"url":"https:\\/\\/a.nel.cloudflare.com\\/report\\/v4?s=1fENTt2NIKhp72h86eqSgi%2BEsObdx4RWpfzNcC%2BR%2BN0W7ggltaODlFj9aYepcCJ4WMnR%2F4FMqte1Fdx%2B1BqHctK1j1XKNiCM9ZFl9tZBGpUlorjangiWSDAF%2FtVNyaoG"}],"group":"cf-nel","max_age":604800}', 'NEL': '{"success_fraction":0,"report_to":"cf-nel","max_age":604800}', 'Server': 'cloudflare', 'CF-RAY': '887168635eb12d07-IAD', 'alt-svc': 'h3=":443"; ma=86400'} 
 body={"results":[{"gender":"male","name":{"title":"Mr","first":"Niilo","last":"Jarvinen"},"location":{"street":{"number":6678,"name":"Tehtaankatu"},"city":"Valtimo","state":"Pirkanmaa","country":"Finland","postcode":86118,"coordinates":{"latitude":"-27.2592","longitude":"-60.5754"},"timezone":{"offset":"-12:00","description":"Eniwetok, Kwajalein"}},"email":"niilo.jarvinen@example.com","login":{"uuid":"a30aee8d-80c9-40b1-b467-98b0d82b01d9","username":"happyladybug608","password":"corona","salt":"GaVLaSfB","md5":"fccea53bdc93c8a79c474a0647e4b936","sha1":"fefd7e34a3c9a20be5fac90e383a8675fd7b2463","sha256":"3b32ca882c5a90d518be23f46cdbf49cb27c673aabc3296a03a34b66d5f21ee6"},"dob":{"date":"1974-11-20T17:41:10.230Z","age":49},"registered":{"date":"2016-08-26T12:06:26.867Z","age":7},"phone":"08-517-008","cell":"045-799-19-07","id":{"name":"HETU","value":"NaNNA897undefined"},"picture":{"large":"https://randomuser.me/api/portraits/men/5.jpg","medium":"https://randomuser.me/api/portraits/med/men/5.jpg","thumbnail":"https://randomuser.me/api/portraits/thumb/men/5.jpg"},"nat":"FI"}],"info":{"seed":"b5d6d5c5e1046bf6","results":1,"page":1,"version":"1.4"}} 
 </msg>
<msg time="2024-05-21T03:16:26.857135" level="INFO">/opt/hostedtoolcache/Python/3.12.3/x64/lib/python3.12/site-packages/urllib3/connectionpool.py:1103: InsecureRequestWarning: Unverified HTTPS request is being made to host 'randomuser.me'. Adding certificate verification is strongly advised. See: https://urllib3.readthedocs.io/en/latest/advanced-usage.html#tls-warnings
  warnings.warn(</msg>
<msg time="2024-05-21T03:16:26.857252" level="INFO">${response} = &lt;Response [200]&gt;</msg>
<var>${response}</var>
<arg>consultarAPI</arg>
<arg>/api</arg>
<doc>Sends a GET request on a previously created HTTP Session.</doc>
<status status="PASS" start="2024-05-21T03:16:26.767309" elapsed="0.089985"/>
</kw>
<kw name="Set Variable" owner="BuiltIn">
<msg time="2024-05-21T03:16:26.858115" level="INFO">${json_data} = {'results': [{'gender': 'male', 'name': {'title': 'Mr', 'first': 'Niilo', 'last': 'Jarvinen'}, 'location': {'street': {'number': 6678, 'name': 'Tehtaankatu'}, 'city': 'Valtimo', 'state': 'Pirkanmaa', ...</msg>
<var>${json_data}</var>
<arg>${response.json()}</arg>
<doc>Returns the given values which can then be assigned to a variables.</doc>
<status status="PASS" start="2024-05-21T03:16:26.857652" elapsed="0.000492"/>
</kw>
<kw name="Log" owner="BuiltIn">
<msg time="2024-05-21T03:16:26.858626" level="INFO">{'results': [{'gender': 'male', 'name': {'title': 'Mr', 'first': 'Niilo', 'last': 'Jarvinen'}, 'location': {'street': {'number': 6678, 'name': 'Tehtaankatu'}, 'city': 'Valtimo', 'state': 'Pirkanmaa', 'country': 'Finland', 'postcode': 86118, 'coordinates': {'latitude': '-27.2592', 'longitude': '-60.5754'}, 'timezone': {'offset': '-12:00', 'description': 'Eniwetok, Kwajalein'}}, 'email': 'niilo.jarvinen@example.com', 'login': {'uuid': 'a30aee8d-80c9-40b1-b467-98b0d82b01d9', 'username': 'happyladybug608', 'password': 'corona', 'salt': 'GaVLaSfB', 'md5': 'fccea53bdc93c8a79c474a0647e4b936', 'sha1': 'fefd7e34a3c9a20be5fac90e383a8675fd7b2463', 'sha256': '3b32ca882c5a90d518be23f46cdbf49cb27c673aabc3296a03a34b66d5f21ee6'}, 'dob': {'date': '1974-11-20T17:41:10.230Z', 'age': 49}, 'registered': {'date': '2016-08-26T12:06:26.867Z', 'age': 7}, 'phone': '08-517-008', 'cell': '045-799-19-07', 'id': {'name': 'HETU', 'value': 'NaNNA897undefined'}, 'picture': {'large': 'https://randomuser.me/api/portraits/men/5.jpg', 'medium': 'https://randomuser.me/api/portraits/med/men/5.jpg', 'thumbnail': 'https://randomuser.me/api/portraits/thumb/men/5.jpg'}, 'nat': 'FI'}], 'info': {'seed': 'b5d6d5c5e1046bf6', 'results': 1, 'page': 1, 'version': '1.4'}}</msg>
<arg>${json_data}</arg>
<doc>Logs the given message with the given level.</doc>
<status status="PASS" start="2024-05-21T03:16:26.858471" elapsed="0.000202"/>
</kw>
<kw name="Dictionary Should Contain Key" owner="Collections">
<msg time="2024-05-21T03:16:26.859121" level="INFO">False</msg>
<arg>${json_data}</arg>
<arg>results</arg>
<doc>Fails if ``key`` is not found from ``dictionary``.</doc>
<status status="PASS" start="2024-05-21T03:16:26.858968" elapsed="0.000189"/>
</kw>
<kw name="Should Not Be Empty" owner="BuiltIn">
<msg time="2024-05-21T03:16:26.859612" level="INFO">Length is 2.</msg>
<arg>${json_data}</arg>
<doc>Verifies that the given item is not empty.</doc>
<status status="PASS" start="2024-05-21T03:16:26.859448" elapsed="0.000209"/>
</kw>
<kw name="Create List" owner="BuiltIn">
<msg time="2024-05-21T03:16:26.860256" level="INFO">${expected_keys} = ['gender', 'name', 'location', 'email', 'login']</msg>
<var>${expected_keys}</var>
<arg>gender</arg>
<arg>name</arg>
<arg>location</arg>
<arg>email</arg>
<arg>login</arg>
<doc>Returns a list containing given items.</doc>
<status status="PASS" start="2024-05-21T03:16:26.859966" elapsed="0.000316"/>
</kw>
<for flavor="IN">
<iter>
<kw name="Dictionary Should Contain Key" owner="Collections">
<msg time="2024-05-21T03:16:26.861263" level="INFO">False</msg>
<arg>${json_data['results'][0]}</arg>
<arg>${key}</arg>
<doc>Fails if ``key`` is not found from ``dictionary``.</doc>
<status status="PASS" start="2024-05-21T03:16:26.860860" elapsed="0.000441"/>
</kw>
<kw name="Log" owner="BuiltIn">
<msg time="2024-05-21T03:16:26.861963" level="INFO">{'gender': 'male', 'name': {'title': 'Mr', 'first': 'Niilo', 'last': 'Jarvinen'}, 'location': {'street': {'number': 6678, 'name': 'Tehtaankatu'}, 'city': 'Valtimo', 'state': 'Pirkanmaa', 'country': 'Finland', 'postcode': 86118, 'coordinates': {'latitude': '-27.2592', 'longitude': '-60.5754'}, 'timezone': {'offset': '-12:00', 'description': 'Eniwetok, Kwajalein'}}, 'email': 'niilo.jarvinen@example.com', 'login': {'uuid': 'a30aee8d-80c9-40b1-b467-98b0d82b01d9', 'username': 'happyladybug608', 'password': 'corona', 'salt': 'GaVLaSfB', 'md5': 'fccea53bdc93c8a79c474a0647e4b936', 'sha1': 'fefd7e34a3c9a20be5fac90e383a8675fd7b2463', 'sha256': '3b32ca882c5a90d518be23f46cdbf49cb27c673aabc3296a03a34b66d5f21ee6'}, 'dob': {'date': '1974-11-20T17:41:10.230Z', 'age': 49}, 'registered': {'date': '2016-08-26T12:06:26.867Z', 'age': 7}, 'phone': '08-517-008', 'cell': '045-799-19-07', 'id': {'name': 'HETU', 'value': 'NaNNA897undefined'}, 'picture': {'large': 'https://randomuser.me/api/portraits/men/5.jpg', 'medium': 'https://randomuser.me/api/portraits/med/men/5.jpg', 'thumbnail': 'https://randomuser.me/api/portraits/thumb/men/5.jpg'}, 'nat': 'FI'}</msg>
<arg>${json_data['results'][0]}</arg>
<doc>Logs the given message with the given level.</doc>
<status status="PASS" start="2024-05-21T03:16:26.861602" elapsed="0.000408"/>
</kw>
<kw name="Log" owner="BuiltIn">
<msg time="2024-05-21T03:16:26.862431" level="INFO">gender</msg>
<arg>${key}</arg>
<doc>Logs the given message with the given level.</doc>
<status status="PASS" start="2024-05-21T03:16:26.862302" elapsed="0.000166"/>
</kw>
<var name="${key}">gender</var>
<status status="PASS" start="2024-05-21T03:16:26.860734" elapsed="0.001959"/>
</iter>
<iter>
<kw name="Dictionary Should Contain Key" owner="Collections">
<msg time="2024-05-21T03:16:26.863388" level="INFO">False</msg>
<arg>${json_data['results'][0]}</arg>
<arg>${key}</arg>
<doc>Fails if ``key`` is not found from ``dictionary``.</doc>
<status status="PASS" start="2024-05-21T03:16:26.862997" elapsed="0.000428"/>
</kw>
<kw name="Log" owner="BuiltIn">
<msg time="2024-05-21T03:16:26.864148" level="INFO">{'gender': 'male', 'name': {'title': 'Mr', 'first': 'Niilo', 'last': 'Jarvinen'}, 'location': {'street': {'number': 6678, 'name': 'Tehtaankatu'}, 'city': 'Valtimo', 'state': 'Pirkanmaa', 'country': 'Finland', 'postcode': 86118, 'coordinates': {'latitude': '-27.2592', 'longitude': '-60.5754'}, 'timezone': {'offset': '-12:00', 'description': 'Eniwetok, Kwajalein'}}, 'email': 'niilo.jarvinen@example.com', 'login': {'uuid': 'a30aee8d-80c9-40b1-b467-98b0d82b01d9', 'username': 'happyladybug608', 'password': 'corona', 'salt': 'GaVLaSfB', 'md5': 'fccea53bdc93c8a79c474a0647e4b936', 'sha1': 'fefd7e34a3c9a20be5fac90e383a8675fd7b2463', 'sha256': '3b32ca882c5a90d518be23f46cdbf49cb27c673aabc3296a03a34b66d5f21ee6'}, 'dob': {'date': '1974-11-20T17:41:10.230Z', 'age': 49}, 'registered': {'date': '2016-08-26T12:06:26.867Z', 'age': 7}, 'phone': '08-517-008', 'cell': '045-799-19-07', 'id': {'name': 'HETU', 'value': 'NaNNA897undefined'}, 'picture': {'large': 'https://randomuser.me/api/portraits/men/5.jpg', 'medium': 'https://randomuser.me/api/portraits/med/men/5.jpg', 'thumbnail': 'https://randomuser.me/api/portraits/thumb/men/5.jpg'}, 'nat': 'FI'}</msg>
<arg>${json_data['results'][0]}</arg>
<doc>Logs the given message with the given level.</doc>
<status status="PASS" start="2024-05-21T03:16:26.863782" elapsed="0.000413"/>
</kw>
<kw name="Log" owner="BuiltIn">
<msg time="2024-05-21T03:16:26.864619" level="INFO">name</msg>
<arg>${key}</arg>
<doc>Logs the given message with the given level.</doc>
<status status="PASS" start="2024-05-21T03:16:26.864491" elapsed="0.000164"/>
</kw>
<var name="${key}">name</var>
<status status="PASS" start="2024-05-21T03:16:26.862881" elapsed="0.001989"/>
</iter>
<iter>
<kw name="Dictionary Should Contain Key" owner="Collections">
<msg time="2024-05-21T03:16:26.865546" level="INFO">False</msg>
<arg>${json_data['results'][0]}</arg>
<arg>${key}</arg>
<doc>Fails if ``key`` is not found from ``dictionary``.</doc>
<status status="PASS" start="2024-05-21T03:16:26.865164" elapsed="0.000418"/>
</kw>
<kw name="Log" owner="BuiltIn">
<msg time="2024-05-21T03:16:26.866233" level="INFO">{'gender': 'male', 'name': {'title': 'Mr', 'first': 'Niilo', 'last': 'Jarvinen'}, 'location': {'street': {'number': 6678, 'name': 'Tehtaankatu'}, 'city': 'Valtimo', 'state': 'Pirkanmaa', 'country': 'Finland', 'postcode': 86118, 'coordinates': {'latitude': '-27.2592', 'longitude': '-60.5754'}, 'timezone': {'offset': '-12:00', 'description': 'Eniwetok, Kwajalein'}}, 'email': 'niilo.jarvinen@example.com', 'login': {'uuid': 'a30aee8d-80c9-40b1-b467-98b0d82b01d9', 'username': 'happyladybug608', 'password': 'corona', 'salt': 'GaVLaSfB', 'md5': 'fccea53bdc93c8a79c474a0647e4b936', 'sha1': 'fefd7e34a3c9a20be5fac90e383a8675fd7b2463', 'sha256': '3b32ca882c5a90d518be23f46cdbf49cb27c673aabc3296a03a34b66d5f21ee6'}, 'dob': {'date': '1974-11-20T17:41:10.230Z', 'age': 49}, 'registered': {'date': '2016-08-26T12:06:26.867Z', 'age': 7}, 'phone': '08-517-008', 'cell': '045-799-19-07', 'id': {'name': 'HETU', 'value': 'NaNNA897undefined'}, 'picture': {'large': 'https://randomuser.me/api/portraits/men/5.jpg', 'medium': 'https://randomuser.me/api/portraits/med/men/5.jpg', 'thumbnail': 'https://randomuser.me/api/portraits/thumb/men/5.jpg'}, 'nat': 'FI'}</msg>
<arg>${json_data['results'][0]}</arg>
<doc>Logs the given message with the given level.</doc>
<status status="PASS" start="2024-05-21T03:16:26.865881" elapsed="0.000399"/>
</kw>
<kw name="Log" owner="BuiltIn">
<msg time="2024-05-21T03:16:26.866728" level="INFO">location</msg>
<arg>${key}</arg>
<doc>Logs the given message with the given level.</doc>
<status status="PASS" start="2024-05-21T03:16:26.866582" elapsed="0.000184"/>
</kw>
<var name="${key}">location</var>
<status status="PASS" start="2024-05-21T03:16:26.865050" elapsed="0.001951"/>
</iter>
<iter>
<kw name="Dictionary Should Contain Key" owner="Collections">
<msg time="2024-05-21T03:16:26.867706" level="INFO">False</msg>
<arg>${json_data['results'][0]}</arg>
<arg>${key}</arg>
<doc>Fails if ``key`` is not found from ``dictionary``.</doc>
<status status="PASS" start="2024-05-21T03:16:26.867288" elapsed="0.000457"/>
</kw>
<kw name="Log" owner="BuiltIn">
<msg time="2024-05-21T03:16:26.868406" level="INFO">{'gender': 'male', 'name': {'title': 'Mr', 'first': 'Niilo', 'last': 'Jarvinen'}, 'location': {'street': {'number': 6678, 'name': 'Tehtaankatu'}, 'city': 'Valtimo', 'state': 'Pirkanmaa', 'country': 'Finland', 'postcode': 86118, 'coordinates': {'latitude': '-27.2592', 'longitude': '-60.5754'}, 'timezone': {'offset': '-12:00', 'description': 'Eniwetok, Kwajalein'}}, 'email': 'niilo.jarvinen@example.com', 'login': {'uuid': 'a30aee8d-80c9-40b1-b467-98b0d82b01d9', 'username': 'happyladybug608', 'password': 'corona', 'salt': 'GaVLaSfB', 'md5': 'fccea53bdc93c8a79c474a0647e4b936', 'sha1': 'fefd7e34a3c9a20be5fac90e383a8675fd7b2463', 'sha256': '3b32ca882c5a90d518be23f46cdbf49cb27c673aabc3296a03a34b66d5f21ee6'}, 'dob': {'date': '1974-11-20T17:41:10.230Z', 'age': 49}, 'registered': {'date': '2016-08-26T12:06:26.867Z', 'age': 7}, 'phone': '08-517-008', 'cell': '045-799-19-07', 'id': {'name': 'HETU', 'value': 'NaNNA897undefined'}, 'picture': {'large': 'https://randomuser.me/api/portraits/men/5.jpg', 'medium': 'https://randomuser.me/api/portraits/med/men/5.jpg', 'thumbnail': 'https://randomuser.me/api/portraits/thumb/men/5.jpg'}, 'nat': 'FI'}</msg>
<arg>${json_data['results'][0]}</arg>
<doc>Logs the given message with the given level.</doc>
<status status="PASS" start="2024-05-21T03:16:26.868048" elapsed="0.000405"/>
</kw>
<kw name="Log" owner="BuiltIn">
<msg time="2024-05-21T03:16:26.868893" level="INFO">email</msg>
<arg>${key}</arg>
<doc>Logs the given message with the given level.</doc>
<status status="PASS" start="2024-05-21T03:16:26.868765" elapsed="0.000164"/>
</kw>
<var name="${key}">email</var>
<status status="PASS" start="2024-05-21T03:16:26.867178" elapsed="0.001969"/>
</iter>
<iter>
<kw name="Dictionary Should Contain Key" owner="Collections">
<msg time="2024-05-21T03:16:26.869805" level="INFO">False</msg>
<arg>${json_data['results'][0]}</arg>
<arg>${key}</arg>
<doc>Fails if ``key`` is not found from ``dictionary``.</doc>
<status status="PASS" start="2024-05-21T03:16:26.869434" elapsed="0.000408"/>
</kw>
<kw name="Log" owner="BuiltIn">
<msg time="2024-05-21T03:16:26.870493" level="INFO">{'gender': 'male', 'name': {'title': 'Mr', 'first': 'Niilo', 'last': 'Jarvinen'}, 'location': {'street': {'number': 6678, 'name': 'Tehtaankatu'}, 'city': 'Valtimo', 'state': 'Pirkanmaa', 'country': 'Finland', 'postcode': 86118, 'coordinates': {'latitude': '-27.2592', 'longitude': '-60.5754'}, 'timezone': {'offset': '-12:00', 'description': 'Eniwetok, Kwajalein'}}, 'email': 'niilo.jarvinen@example.com', 'login': {'uuid': 'a30aee8d-80c9-40b1-b467-98b0d82b01d9', 'username': 'happyladybug608', 'password': 'corona', 'salt': 'GaVLaSfB', 'md5': 'fccea53bdc93c8a79c474a0647e4b936', 'sha1': 'fefd7e34a3c9a20be5fac90e383a8675fd7b2463', 'sha256': '3b32ca882c5a90d518be23f46cdbf49cb27c673aabc3296a03a34b66d5f21ee6'}, 'dob': {'date': '1974-11-20T17:41:10.230Z', 'age': 49}, 'registered': {'date': '2016-08-26T12:06:26.867Z', 'age': 7}, 'phone': '08-517-008', 'cell': '045-799-19-07', 'id': {'name': 'HETU', 'value': 'NaNNA897undefined'}, 'picture': {'large': 'https://randomuser.me/api/portraits/men/5.jpg', 'medium': 'https://randomuser.me/api/portraits/med/men/5.jpg', 'thumbnail': 'https://randomuser.me/api/portraits/thumb/men/5.jpg'}, 'nat': 'FI'}</msg>
<arg>${json_data['results'][0]}</arg>
<doc>Logs the given message with the given level.</doc>
<status status="PASS" start="2024-05-21T03:16:26.870134" elapsed="0.000406"/>
</kw>
<kw name="Log" owner="BuiltIn">
<msg time="2024-05-21T03:16:26.870964" level="INFO">login</msg>
<arg>${key}</arg>
<doc>Logs the given message with the given level.</doc>
<status status="PASS" start="2024-05-21T03:16:26.870836" elapsed="0.000166"/>
</kw>
<var name="${key}">login</var>
<status status="PASS" start="2024-05-21T03:16:26.869319" elapsed="0.001899"/>
</iter>
<var>${key}</var>
<value>@{expected_keys}</value>
<status status="PASS" start="2024-05-21T03:16:26.860546" elapsed="0.010822"/>
</for>
<kw name="Create List" owner="BuiltIn">
<msg time="2024-05-21T03:16:26.871748" level="INFO">${expected_keysTwo} = ['username', 'password']</msg>
<var>${expected_keysTwo}</var>
<arg>username</arg>
<arg>password</arg>
<doc>Returns a list containing given items.</doc>
<status status="PASS" start="2024-05-21T03:16:26.871603" elapsed="0.000168"/>
</kw>
<for flavor="IN">
<iter>
<kw name="Dictionary Should Contain Key" owner="Collections">
<msg time="2024-05-21T03:16:26.872669" level="INFO">False</msg>
<arg>${json_data['results'][0]['login']}</arg>
<arg>${keyTwo}</arg>
<doc>Fails if ``key`` is not found from ``dictionary``.</doc>
<status status="PASS" start="2024-05-21T03:16:26.872276" elapsed="0.000430"/>
</kw>
<kw name="Dictionary Should Contain Key" owner="Collections">
<msg time="2024-05-21T03:16:26.873371" level="INFO">False</msg>
<arg>${json_data['results'][0]['login']}</arg>
<arg>${keyTwo}</arg>
<doc>Fails if ``key`` is not found from ``dictionary``.</doc>
<status status="PASS" start="2024-05-21T03:16:26.873000" elapsed="0.000407"/>
</kw>
<kw name="Log" owner="BuiltIn">
<msg time="2024-05-21T03:16:26.873824" level="INFO">username</msg>
<arg>${keyTwo}</arg>
<doc>Logs the given message with the given level.</doc>
<status status="PASS" start="2024-05-21T03:16:26.873699" elapsed="0.000162"/>
</kw>
<var name="${keyTwo}">username</var>
<status status="PASS" start="2024-05-21T03:16:26.872166" elapsed="0.001916"/>
</iter>
<iter>
<kw name="Dictionary Should Contain Key" owner="Collections">
<msg time="2024-05-21T03:16:26.874733" level="INFO">False</msg>
<arg>${json_data['results'][0]['login']}</arg>
<arg>${keyTwo}</arg>
<doc>Fails if ``key`` is not found from ``dictionary``.</doc>
<status status="PASS" start="2024-05-21T03:16:26.874359" elapsed="0.000410"/>
</kw>
<kw name="Dictionary Should Contain Key" owner="Collections">
<msg time="2024-05-21T03:16:26.875514" level="INFO">False</msg>
<arg>${json_data['results'][0]['login']}</arg>
<arg>${keyTwo}</arg>
<doc>Fails if ``key`` is not found from ``dictionary``.</doc>
<status status="PASS" start="2024-05-21T03:16:26.875060" elapsed="0.000492"/>
</kw>
<kw name="Log" owner="BuiltIn">
<msg time="2024-05-21T03:16:26.876014" level="INFO">password</msg>
<arg>${keyTwo}</arg>
<doc>Logs the given message with the given level.</doc>
<status status="PASS" start="2024-05-21T03:16:26.875887" elapsed="0.000163"/>
</kw>
<var name="${keyTwo}">password</var>
<status status="PASS" start="2024-05-21T03:16:26.874252" elapsed="0.002014"/>
</iter>
<var>${keyTwo}</var>
<value>@{expected_keysTwo}</value>
<status status="PASS" start="2024-05-21T03:16:26.872012" elapsed="0.004373"/>
</for>
<status status="PASS" start="2024-05-21T03:16:26.767060" elapsed="0.109465"/>
</kw>
<doc>Testa a estrutura da resposta da API.</doc>
<tag>testeEstruturaResposta</tag>
<status status="PASS" start="2024-05-21T03:16:26.766545" elapsed="0.110133"/>
</test>
<test id="s1-s1-t4" name="Validar tipos de dados" line="28">
<kw name="Teste de Tipos de Dados" owner="random-user-service">
<kw name="GET On Session" owner="RequestsLibrary">
<msg time="2024-05-21T03:16:26.952234" level="INFO">GET Request : url=https://randomuser.me/api 
 path_url=/api 
 headers={'User-Agent': 'python-requests/2.32.1', 'Accept-Encoding': 'gzip, deflate', 'Accept': '*/*', 'Connection': 'keep-alive'} 
 body=None 
 </msg>
<msg time="2024-05-21T03:16:26.952318" level="INFO">GET Response : url=https://randomuser.me/api 
 status=200, reason=OK 
 headers={'Date': 'Tue, 21 May 2024 03:16:26 GMT', 'Content-Type': 'application/json; charset=utf-8', 'Transfer-Encoding': 'chunked', 'Connection': 'keep-alive', 'X-Powered-By': 'Express', 'Access-Control-Allow-Origin': '*', 'Cache-Control': 'no-cache', 'ETag': 'W/"4a3-qXY50OrTzDfgIGscu5oZHqrP/+g"', 'Vary': 'Accept-Encoding', 'Content-Encoding': 'gzip', 'CF-Cache-Status': 'DYNAMIC', 'Report-To': '{"endpoints":[{"url":"https:\\/\\/a.nel.cloudflare.com\\/report\\/v4?s=t%2BIpPchbZw4NyY2GfhXFSW4Pu3YJyo2U6b9MtaRwuxfW4fGqiW92rUSLZt3jijnZLQtJyY%2BTOmMm8fGQ3%2BJbg1cWQkzcwWM8WF3wuQv9W79EmEPwtLzrptNbLYT5S%2BoR"}],"group":"cf-nel","max_age":604800}', 'NEL': '{"success_fraction":0,"report_to":"cf-nel","max_age":604800}', 'Server': 'cloudflare', 'CF-RAY': '887168640faa2d07-IAD', 'alt-svc': 'h3=":443"; ma=86400'} 
 body={"results":[{"gender":"male","name":{"title":"Mr","first":"Topias","last":"Jokinen"},"location":{"street":{"number":638,"name":"Reijolankatu"},"city":"Kiuruvesi","state":"Central Ostrobothnia","country":"Finland","postcode":95523,"coordinates":{"latitude":"-28.4189","longitude":"-69.7059"},"timezone":{"offset":"-4:00","description":"Atlantic Time (Canada), Caracas, La Paz"}},"email":"topias.jokinen@example.com","login":{"uuid":"e341b50f-ef97-4ef7-91b0-1037e87e20ef","username":"redbird156","password":"basketba","salt":"69LC50Dv","md5":"fbb7be5a6f79f7163cfdc3ccc0507ba0","sha1":"0f262705ceac25cc6b5bbfc58d463c735397bb59","sha256":"3a8605bc6d975834a7c1ee49854c6b6c33b83b6521e05e4f279a108425b2444f"},"dob":{"date":"1944-10-10T10:30:01.029Z","age":79},"registered":{"date":"2006-02-04T07:57:25.882Z","age":18},"phone":"09-548-109","cell":"049-528-47-28","id":{"name":"HETU","value":"NaNNA337undefined"},"picture":{"large":"https://randomuser.me/api/portraits/men/48.jpg","medium":"https://randomuser.me/api/portraits/med/men/48.jpg","thumbnail":"https://randomuser.me/api/portraits/thumb/men/48.jpg"},"nat":"FI"}],"info":{"seed":"88d7aa94c8bed907","results":1,"page":1,"version":"1.4"}} 
 </msg>
<msg time="2024-05-21T03:16:26.952392" level="INFO">/opt/hostedtoolcache/Python/3.12.3/x64/lib/python3.12/site-packages/urllib3/connectionpool.py:1103: InsecureRequestWarning: Unverified HTTPS request is being made to host 'randomuser.me'. Adding certificate verification is strongly advised. See: https://urllib3.readthedocs.io/en/latest/advanced-usage.html#tls-warnings
  warnings.warn(</msg>
<msg time="2024-05-21T03:16:26.952531" level="INFO">${response} = &lt;Response [200]&gt;</msg>
<var>${response}</var>
<arg>consultarAPI</arg>
<arg>/api</arg>
<doc>Sends a GET request on a previously created HTTP Session.</doc>
<status status="PASS" start="2024-05-21T03:16:26.879067" elapsed="0.073518"/>
</kw>
<kw name="Set Variable" owner="BuiltIn">
<msg time="2024-05-21T03:16:26.953389" level="INFO">${json_data} = {'results': [{'gender': 'male', 'name': {'title': 'Mr', 'first': 'Topias', 'last': 'Jokinen'}, 'location': {'street': {'number': 638, 'name': 'Reijolankatu'}, 'city': 'Kiuruvesi', 'state': 'Central Os...</msg>
<var>${json_data}</var>
<arg>${response.json()}</arg>
<doc>Returns the given values which can then be assigned to a variables.</doc>
<status status="PASS" start="2024-05-21T03:16:26.952950" elapsed="0.000466"/>
</kw>
<kw name="Log" owner="BuiltIn">
<msg time="2024-05-21T03:16:26.953882" level="INFO">{'results': [{'gender': 'male', 'name': {'title': 'Mr', 'first': 'Topias', 'last': 'Jokinen'}, 'location': {'street': {'number': 638, 'name': 'Reijolankatu'}, 'city': 'Kiuruvesi', 'state': 'Central Ostrobothnia', 'country': 'Finland', 'postcode': 95523, 'coordinates': {'latitude': '-28.4189', 'longitude': '-69.7059'}, 'timezone': {'offset': '-4:00', 'description': 'Atlantic Time (Canada), Caracas, La Paz'}}, 'email': 'topias.jokinen@example.com', 'login': {'uuid': 'e341b50f-ef97-4ef7-91b0-1037e87e20ef', 'username': 'redbird156', 'password': 'basketba', 'salt': '69LC50Dv', 'md5': 'fbb7be5a6f79f7163cfdc3ccc0507ba0', 'sha1': '0f262705ceac25cc6b5bbfc58d463c735397bb59', 'sha256': '3a8605bc6d975834a7c1ee49854c6b6c33b83b6521e05e4f279a108425b2444f'}, 'dob': {'date': '1944-10-10T10:30:01.029Z', 'age': 79}, 'registered': {'date': '2006-02-04T07:57:25.882Z', 'age': 18}, 'phone': '09-548-109', 'cell': '049-528-47-28', 'id': {'name': 'HETU', 'value': 'NaNNA337undefined'}, 'picture': {'large': 'https://randomuser.me/api/portraits/men/48.jpg', 'medium': 'https://randomuser.me/api/portraits/med/men/48.jpg', 'thumbnail': 'https://randomuser.me/api/portraits/thumb/men/48.jpg'}, 'nat': 'FI'}], 'info': {'seed': '88d7aa94c8bed907', 'results': 1, 'page': 1, 'version': '1.4'}}</msg>
<arg>${json_data}</arg>
<doc>Logs the given message with the given level.</doc>
<status status="PASS" start="2024-05-21T03:16:26.953731" elapsed="0.000227"/>
</kw>
<kw name="Should Be String" owner="String">
<arg>${json_data['results'][0]['gender']}</arg>
<doc>Fails if the given ``item`` is not a string.</doc>
<status status="PASS" start="2024-05-21T03:16:26.954253" elapsed="0.000352"/>
</kw>
<kw name="Should Match Regexp" owner="BuiltIn">
<arg>${json_data['results'][0]['email']}</arg>
<arg>^[a-zA-Z0-9._%+-]+@[a-zA-Z0-9.-]+\.[a-zA-Z]{2,}$</arg>
<doc>Fails if ``string`` does not match ``pattern`` as a regular expression.</doc>
<status status="PASS" start="2024-05-21T03:16:26.954798" elapsed="0.000518"/>
</kw>
<kw name="Should Match Regexp" owner="BuiltIn">
<arg>${json_data['results'][0]['dob']['date']}</arg>
<arg>\\d{4}-\\d{2}-\\d{2}T\\d{2}:\\d{2}:\\d{2}\\.\\d{3}Z</arg>
<doc>Fails if ``string`` does not match ``pattern`` as a regular expression.</doc>
<status status="PASS" start="2024-05-21T03:16:26.955513" elapsed="0.000536"/>
</kw>
<kw name="Should Match Regexp" owner="BuiltIn">
<arg>${json_data['results'][0]['registered']['date']}</arg>
<arg>\\d{4}-\\d{2}-\\d{2}T\\d{2}:\\d{2}:\\d{2}\\.\\d{3}Z</arg>
<doc>Fails if ``string`` does not match ``pattern`` as a regular expression.</doc>
<status status="PASS" start="2024-05-21T03:16:26.956246" elapsed="0.000367"/>
</kw>
<kw name="Should Match Regexp" owner="BuiltIn">
<arg>${json_data['results'][0]['picture']['large']}</arg>
<arg>^https?://.*\.(?:png|jpe?g|gif|bmp)$</arg>
<doc>Fails if ``string`` does not match ``pattern`` as a regular expression.</doc>
<status status="PASS" start="2024-05-21T03:16:26.956803" elapsed="0.000457"/>
</kw>
<kw name="Should Match Regexp" owner="BuiltIn">
<arg>${json_data['results'][0]['picture']['medium']}</arg>
<arg>^https?://.*\.(?:png|jpe?g|gif|bmp)$</arg>
<doc>Fails if ``string`` does not match ``pattern`` as a regular expression.</doc>
<status status="PASS" start="2024-05-21T03:16:26.957452" elapsed="0.000362"/>
</kw>
<kw name="Should Match Regexp" owner="BuiltIn">
<arg>${json_data['results'][0]['picture']['thumbnail']}</arg>
<arg>^https?://.*\.(?:png|jpe?g|gif|bmp)$</arg>
<doc>Fails if ``string`` does not match ``pattern`` as a regular expression.</doc>
<status status="PASS" start="2024-05-21T03:16:26.958001" elapsed="0.000344"/>
</kw>
<kw name="Log" owner="BuiltIn">
<msg time="2024-05-21T03:16:26.958851" level="INFO">{'large': 'https://randomuser.me/api/portraits/men/48.jpg', 'medium': 'https://randomuser.me/api/portraits/med/men/48.jpg', 'thumbnail': 'https://randomuser.me/api/portraits/thumb/men/48.jpg'}</msg>
<arg>${json_data['results'][0]['picture']}</arg>
<doc>Logs the given message with the given level.</doc>
<status status="PASS" start="2024-05-21T03:16:26.958524" elapsed="0.000368"/>
</kw>
<status status="PASS" start="2024-05-21T03:16:26.878836" elapsed="0.080309"/>
</kw>
<kw name="Teste de Tipos de Dados - Postcode" owner="random-user-service">
<kw name="GET On Session" owner="RequestsLibrary">
<msg time="2024-05-21T03:16:27.061216" level="INFO">GET Request : url=https://randomuser.me/api 
 path_url=/api 
 headers={'User-Agent': 'python-requests/2.32.1', 'Accept-Encoding': 'gzip, deflate', 'Accept': '*/*', 'Connection': 'keep-alive'} 
 body=None 
 </msg>
<msg time="2024-05-21T03:16:27.061300" level="INFO">GET Response : url=https://randomuser.me/api 
 status=200, reason=OK 
 headers={'Date': 'Tue, 21 May 2024 03:16:27 GMT', 'Content-Type': 'application/json; charset=utf-8', 'Transfer-Encoding': 'chunked', 'Connection': 'keep-alive', 'X-Powered-By': 'Express', 'Access-Control-Allow-Origin': '*', 'Cache-Control': 'no-cache', 'ETag': 'W/"49e-mWK1eyv3EkhdlnrwtmTbUZeRP/4"', 'Vary': 'Accept-Encoding', 'Content-Encoding': 'gzip', 'CF-Cache-Status': 'DYNAMIC', 'Report-To': '{"endpoints":[{"url":"https:\\/\\/a.nel.cloudflare.com\\/report\\/v4?s=jMF01ScanzJQdPzKJ94wYPFkETVhsl%2B%2FrgVMc7SD77TaG9N4FXJqyUGNFvjGAKZXAkq9At7qCjl14HDopHZuLY0oW%2BHrC51Oh1dryF08XrUOop8FVpj8XFpXJ8%2FGaTcS"}],"group":"cf-nel","max_age":604800}', 'NEL': '{"success_fraction":0,"report_to":"cf-nel","max_age":604800}', 'Server': 'cloudflare', 'CF-RAY': '8871686488262d07-IAD', 'alt-svc': 'h3=":443"; ma=86400'} 
 body={"results":[{"gender":"female","name":{"title":"Ms","first":"Maëly","last":"Mathieu"},"location":{"street":{"number":9879,"name":"Rue Baraban"},"city":"Le Mans","state":"Tarn","country":"France","postcode":32689,"coordinates":{"latitude":"-20.5290","longitude":"55.5303"},"timezone":{"offset":"+3:00","description":"Baghdad, Riyadh, Moscow, St. Petersburg"}},"email":"maely.mathieu@example.com","login":{"uuid":"cae8f66e-414f-4e47-a80f-9a9918b32ca6","username":"yellowmeercat710","password":"33333","salt":"gq85rE4F","md5":"b6f57139203343ef9208063b94b2bf02","sha1":"2ab8e9facb3fbffc4f0c2c9a9b98860968911881","sha256":"5c2aa60c7e3496b07d9ea5980b6cfc34aa9919fc42c3f54979e3c251a6825e9d"},"dob":{"date":"1976-11-06T06:45:56.182Z","age":47},"registered":{"date":"2014-05-03T16:01:04.334Z","age":10},"phone":"03-72-17-64-07","cell":"06-62-20-48-97","id":{"name":"INSEE","value":"2761084985276 35"},"picture":{"large":"https://randomuser.me/api/portraits/women/11.jpg","medium":"https://randomuser.me/api/portraits/med/women/11.jpg","thumbnail":"https://randomuser.me/api/portraits/thumb/women/11.jpg"},"nat":"FR"}],"info":{"seed":"2bde96e940e33296","results":1,"page":1,"version":"1.4"}} 
 </msg>
<msg time="2024-05-21T03:16:27.061380" level="INFO">/opt/hostedtoolcache/Python/3.12.3/x64/lib/python3.12/site-packages/urllib3/connectionpool.py:1103: InsecureRequestWarning: Unverified HTTPS request is being made to host 'randomuser.me'. Adding certificate verification is strongly advised. See: https://urllib3.readthedocs.io/en/latest/advanced-usage.html#tls-warnings
  warnings.warn(</msg>
<msg time="2024-05-21T03:16:27.061530" level="INFO">${response} = &lt;Response [200]&gt;</msg>
<var>${response}</var>
<arg>consultarAPI</arg>
<arg>/api</arg>
<doc>Sends a GET request on a previously created HTTP Session.</doc>
<status status="PASS" start="2024-05-21T03:16:26.959618" elapsed="0.101968"/>
</kw>
<kw name="Set Variable" owner="BuiltIn">
<msg time="2024-05-21T03:16:27.062462" level="INFO">${json_data} = {'results': [{'gender': 'female', 'name': {'title': 'Ms', 'first': 'Maëly', 'last': 'Mathieu'}, 'location': {'street': {'number': 9879, 'name': 'Rue Baraban'}, 'city': 'Le Mans', 'state': 'Tarn', 'cou...</msg>
<var>${json_data}</var>
<arg>${response.json()}</arg>
<doc>Returns the given values which can then be assigned to a variables.</doc>
<status status="PASS" start="2024-05-21T03:16:27.061999" elapsed="0.000493"/>
</kw>
<kw name="Log" owner="BuiltIn">
<msg time="2024-05-21T03:16:27.062957" level="INFO">{'results': [{'gender': 'female', 'name': {'title': 'Ms', 'first': 'Maëly', 'last': 'Mathieu'}, 'location': {'street': {'number': 9879, 'name': 'Rue Baraban'}, 'city': 'Le Mans', 'state': 'Tarn', 'country': 'France', 'postcode': 32689, 'coordinates': {'latitude': '-20.5290', 'longitude': '55.5303'}, 'timezone': {'offset': '+3:00', 'description': 'Baghdad, Riyadh, Moscow, St. Petersburg'}}, 'email': 'maely.mathieu@example.com', 'login': {'uuid': 'cae8f66e-414f-4e47-a80f-9a9918b32ca6', 'username': 'yellowmeercat710', 'password': '33333', 'salt': 'gq85rE4F', 'md5': 'b6f57139203343ef9208063b94b2bf02', 'sha1': '2ab8e9facb3fbffc4f0c2c9a9b98860968911881', 'sha256': '5c2aa60c7e3496b07d9ea5980b6cfc34aa9919fc42c3f54979e3c251a6825e9d'}, 'dob': {'date': '1976-11-06T06:45:56.182Z', 'age': 47}, 'registered': {'date': '2014-05-03T16:01:04.334Z', 'age': 10}, 'phone': '03-72-17-64-07', 'cell': '06-62-20-48-97', 'id': {'name': 'INSEE', 'value': '2761084985276 35'}, 'picture': {'large': 'https://randomuser.me/api/portraits/women/11.jpg', 'medium': 'https://randomuser.me/api/portraits/med/women/11.jpg', 'thumbnail': 'https://randomuser.me/api/portraits/thumb/women/11.jpg'}, 'nat': 'FR'}], 'info': {'seed': '2bde96e940e33296', 'results': 1, 'page': 1, 'version': '1.4'}}</msg>
<arg>${json_data}</arg>
<doc>Logs the given message with the given level.</doc>
<status status="PASS" start="2024-05-21T03:16:27.062802" elapsed="0.000237"/>
</kw>
<kw name="Should Be Equal As Numbers" owner="BuiltIn">
<arg>${json_data['results'][0]['location']['postcode']}</arg>
<arg>${json_data['results'][0]['location']['postcode']}</arg>
<doc>Fails if objects are unequal after converting them to real numbers.</doc>
<status status="PASS" start="2024-05-21T03:16:27.063344" elapsed="0.000807"/>
</kw>
<kw name="Log" owner="BuiltIn">
<msg time="2024-05-21T03:16:27.064680" level="INFO">32689</msg>
<arg>${json_data['results'][0]['location']['postcode']}</arg>
<doc>Logs the given message with the given level.</doc>
<status status="PASS" start="2024-05-21T03:16:27.064346" elapsed="0.000373"/>
</kw>
<status status="PASS" start="2024-05-21T03:16:26.959364" elapsed="0.105606"/>
</kw>
<doc>Testa se os tipos de dados na resposta da API estão corretos.</doc>
<tag>testeTiposDados</tag>
<status status="PASS" start="2024-05-21T03:16:26.878405" elapsed="0.186726"/>
</test>
<test id="s1-s1-t5" name="Validar conteudo" line="35">
<kw name="Teste de Tipos de Conteudo" owner="random-user-service">
<kw name="GET On Session" owner="RequestsLibrary">
<msg time="2024-05-21T03:16:27.152857" level="INFO">GET Request : url=https://randomuser.me/api 
 path_url=/api 
 headers={'User-Agent': 'python-requests/2.32.1', 'Accept-Encoding': 'gzip, deflate', 'Accept': '*/*', 'Connection': 'keep-alive'} 
 body=None 
 </msg>
<msg time="2024-05-21T03:16:27.152929" level="INFO">GET Response : url=https://randomuser.me/api 
 status=200, reason=OK 
 headers={'Date': 'Tue, 21 May 2024 03:16:27 GMT', 'Content-Type': 'application/json; charset=utf-8', 'Transfer-Encoding': 'chunked', 'Connection': 'keep-alive', 'X-Powered-By': 'Express', 'Access-Control-Allow-Origin': '*', 'Cache-Control': 'no-cache', 'ETag': 'W/"484-hX50ft6W9zYM2nvJ9mkDBrAFXZM"', 'Vary': 'Accept-Encoding', 'Content-Encoding': 'gzip', 'CF-Cache-Status': 'DYNAMIC', 'Report-To': '{"endpoints":[{"url":"https:\\/\\/a.nel.cloudflare.com\\/report\\/v4?s=zCwEx18tbXoG%2BLw2Ho4vGyZrzuXUU3T7Tn5zM%2FSpBZ4adPOmSqhQjwfH2lSMGhQLjOHKJPo2LIT9K8aIGok2Y6%2BMov%2FHuYgp9bLNMoSRtNr4wVhKokROkCI%2FUlMgeCw9"}],"group":"cf-nel","max_age":604800}', 'NEL': '{"success_fraction":0,"report_to":"cf-nel","max_age":604800}', 'Server': 'cloudflare', 'CF-RAY': '8871686539032d07-IAD', 'alt-svc': 'h3=":443"; ma=86400'} 
 body={"results":[{"gender":"female","name":{"title":"Miss","first":"Alma","last":"Wist"},"location":{"street":{"number":1692,"name":"Madserud allé"},"city":"Byremo","state":"Telemark","country":"Norway","postcode":"6981","coordinates":{"latitude":"41.0560","longitude":"138.0326"},"timezone":{"offset":"-6:00","description":"Central Time (US &amp; Canada), Mexico City"}},"email":"alma.wist@example.com","login":{"uuid":"0f03281c-ddfb-40d8-9abe-3ea18056f4b5","username":"tinyduck906","password":"post","salt":"20TaYILN","md5":"0ed2d9fa7555db1f65f24916e036a0b9","sha1":"0d051c26b9eeb9d17bae8f984e4d0f6959c4d4ab","sha256":"445da5b9c0dda2ca498c205e0ca35644f7410f8400aee8f5b5add120f154cd5e"},"dob":{"date":"1983-04-22T15:40:00.990Z","age":41},"registered":{"date":"2004-01-12T20:27:31.054Z","age":20},"phone":"23392730","cell":"95606387","id":{"name":"FN","value":"22048337469"},"picture":{"large":"https://randomuser.me/api/portraits/women/53.jpg","medium":"https://randomuser.me/api/portraits/med/women/53.jpg","thumbnail":"https://randomuser.me/api/portraits/thumb/women/53.jpg"},"nat":"NO"}],"info":{"seed":"ba1f43ebb2df03b5","results":1,"page":1,"version":"1.4"}} 
 </msg>
<msg time="2024-05-21T03:16:27.152990" level="INFO">/opt/hostedtoolcache/Python/3.12.3/x64/lib/python3.12/site-packages/urllib3/connectionpool.py:1103: InsecureRequestWarning: Unverified HTTPS request is being made to host 'randomuser.me'. Adding certificate verification is strongly advised. See: https://urllib3.readthedocs.io/en/latest/advanced-usage.html#tls-warnings
  warnings.warn(</msg>
<msg time="2024-05-21T03:16:27.153104" level="INFO">${response} = &lt;Response [200]&gt;</msg>
<var>${response}</var>
<arg>consultarAPI</arg>
<arg>/api</arg>
<doc>Sends a GET request on a previously created HTTP Session.</doc>
<status status="PASS" start="2024-05-21T03:16:27.067507" elapsed="0.085639"/>
</kw>
<kw name="Set Variable" owner="BuiltIn">
<msg time="2024-05-21T03:16:27.154038" level="INFO">${json_data} = {'results': [{'gender': 'female', 'name': {'title': 'Miss', 'first': 'Alma', 'last': 'Wist'}, 'location': {'street': {'number': 1692, 'name': 'Madserud allé'}, 'city': 'Byremo', 'state': 'Telemark', '...</msg>
<var>${json_data}</var>
<arg>${response.json()}</arg>
<doc>Returns the given values which can then be assigned to a variables.</doc>
<status status="PASS" start="2024-05-21T03:16:27.153568" elapsed="0.000501"/>
</kw>
<kw name="Set Variable" owner="BuiltIn">
<msg time="2024-05-21T03:16:27.154783" level="INFO">${name_title} = Miss</msg>
<var>${name_title}</var>
<arg>${json_data["results"][0]["name"]["title"]}</arg>
<doc>Returns the given values which can then be assigned to a variables.</doc>
<status status="PASS" start="2024-05-21T03:16:27.154387" elapsed="0.000421"/>
</kw>
<kw name="Create List" owner="BuiltIn">
<msg time="2024-05-21T03:16:27.155271" level="INFO">${allowed_titles} = ['Mr', 'Ms', 'Miss', 'Mrs', 'Madame', 'Monsieur']</msg>
<var>${allowed_titles}</var>
<arg>Mr</arg>
<arg>Ms</arg>
<arg>Miss</arg>
<arg>Mrs</arg>
<arg>Madame</arg>
<arg>Monsieur</arg>
<doc>Returns a list containing given items.</doc>
<status status="PASS" start="2024-05-21T03:16:27.155113" elapsed="0.000183"/>
</kw>
<kw name="List Should Contain Value" owner="Collections">
<msg time="2024-05-21T03:16:27.155824" level="INFO">False</msg>
<arg>${allowed_titles}</arg>
<arg>${name_title}</arg>
<doc>Fails if the ``value`` is not found from ``list``.</doc>
<status status="PASS" start="2024-05-21T03:16:27.155634" elapsed="0.000228"/>
</kw>
<kw name="Set Variable" owner="BuiltIn">
<msg time="2024-05-21T03:16:27.156553" level="INFO">${name_country} = NO</msg>
<var>${name_country}</var>
<arg>${json_data["results"][0]["nat"]}</arg>
<doc>Returns the given values which can then be assigned to a variables.</doc>
<status status="PASS" start="2024-05-21T03:16:27.156164" elapsed="0.000415"/>
</kw>
<kw name="Create List" owner="BuiltIn">
<msg time="2024-05-21T03:16:27.157489" level="INFO">${list_country} = ['AD', 'AE', 'AF', 'AG', 'AI', 'AL', 'AM', 'AO', 'AQ', 'AR', 'AS', 'AT', 'AU', 'AW', 'AX', 'AZ', 'BA', 'BB', 'BD', 'BE', 'BF', 'BG', 'BH', 'BI', 'BJ', 'BL', 'BM', 'BN', 'BO', 'BQ', 'BR', 'BS', 'BT', '...</msg>
<var>${list_country}</var>
<arg>AD</arg>
<arg>AE</arg>
<arg>AF</arg>
<arg>AG</arg>
<arg>AI</arg>
<arg>AL</arg>
<arg>AM</arg>
<arg>AO</arg>
<arg>AQ</arg>
<arg>AR</arg>
<arg>AS</arg>
<arg>AT</arg>
<arg>AU</arg>
<arg>AW</arg>
<arg>AX</arg>
<arg>AZ</arg>
<arg>BA</arg>
<arg>BB</arg>
<arg>BD</arg>
<arg>BE</arg>
<arg>BF</arg>
<arg>BG</arg>
<arg>BH</arg>
<arg>BI</arg>
<arg>BJ</arg>
<arg>BL</arg>
<arg>BM</arg>
<arg>BN</arg>
<arg>BO</arg>
<arg>BQ</arg>
<arg>BR</arg>
<arg>BS</arg>
<arg>BT</arg>
<arg>BV</arg>
<arg>BW</arg>
<arg>BY</arg>
<arg>BZ</arg>
<arg>CA</arg>
<arg>CC</arg>
<arg>CD</arg>
<arg>CF</arg>
<arg>CG</arg>
<arg>CH</arg>
<arg>CI</arg>
<arg>CK</arg>
<arg>CL</arg>
<arg>CM</arg>
<arg>CN</arg>
<arg>CO</arg>
<arg>CR</arg>
<arg>CU</arg>
<arg>CV</arg>
<arg>CW</arg>
<arg>CX</arg>
<arg>CY</arg>
<arg>CZ</arg>
<arg>DE</arg>
<arg>DJ</arg>
<arg>DK</arg>
<arg>DM</arg>
<arg>DO</arg>
<arg>DZ</arg>
<arg>EC</arg>
<arg>EE</arg>
<arg>EG</arg>
<arg>EH</arg>
<arg>ER</arg>
<arg>ES</arg>
<arg>ET</arg>
<arg>FI</arg>
<arg>FJ</arg>
<arg>FK</arg>
<arg>FM</arg>
<arg>FO</arg>
<arg>FR</arg>
<arg>GA</arg>
<arg>GB</arg>
<arg>GD</arg>
<arg>GE</arg>
<arg>GF</arg>
<arg>GG</arg>
<arg>GH</arg>
<arg>GI</arg>
<arg>GL</arg>
<arg>GM</arg>
<arg>GN</arg>
<arg>GP</arg>
<arg>GQ</arg>
<arg>GR</arg>
<arg>GS</arg>
<arg>GT</arg>
<arg>GU</arg>
<arg>GW</arg>
<arg>GY</arg>
<arg>HK</arg>
<arg>HM</arg>
<arg>HN</arg>
<arg>HR</arg>
<arg>HT</arg>
<arg>HU</arg>
<arg>ID</arg>
<arg>IE</arg>
<arg>IL</arg>
<arg>IM</arg>
<arg>IN</arg>
<arg>IO</arg>
<arg>IQ</arg>
<arg>IR</arg>
<arg>IS</arg>
<arg>IT</arg>
<arg>JE</arg>
<arg>JM</arg>
<arg>JO</arg>
<arg>JP</arg>
<arg>KE</arg>
<arg>KG</arg>
<arg>KH</arg>
<arg>KI</arg>
<arg>KM</arg>
<arg>KN</arg>
<arg>KP</arg>
<arg>KR</arg>
<arg>KW</arg>
<arg>KY</arg>
<arg>KZ</arg>
<arg>LA</arg>
<arg>LB</arg>
<arg>LC</arg>
<arg>LI</arg>
<arg>LK</arg>
<arg>LR</arg>
<arg>LS</arg>
<arg>LT</arg>
<arg>LU</arg>
<arg>LV</arg>
<arg>LY</arg>
<arg>MA</arg>
<arg>MC</arg>
<arg>MD</arg>
<arg>ME</arg>
<arg>MF</arg>
<arg>MG</arg>
<arg>MH</arg>
<arg>MK</arg>
<arg>ML</arg>
<arg>MM</arg>
<arg>MN</arg>
<arg>MO</arg>
<arg>MP</arg>
<arg>MQ</arg>
<arg>MR</arg>
<arg>MS</arg>
<arg>MT</arg>
<arg>MU</arg>
<arg>MV</arg>
<arg>MW</arg>
<arg>MX</arg>
<arg>MY</arg>
<arg>MZ</arg>
<arg>NA</arg>
<arg>NC</arg>
<arg>NE</arg>
<arg>NF</arg>
<arg>NG</arg>
<arg>NI</arg>
<arg>NL</arg>
<arg>NO</arg>
<arg>NP</arg>
<arg>NR</arg>
<arg>NU</arg>
<arg>NZ</arg>
<arg>OM</arg>
<arg>PA</arg>
<arg>PE</arg>
<arg>PF</arg>
<arg>PG</arg>
<arg>PH</arg>
<arg>PK</arg>
<arg>PL</arg>
<arg>PM</arg>
<arg>PN</arg>
<arg>PR</arg>
<arg>PS</arg>
<arg>PT</arg>
<arg>PW</arg>
<arg>PY</arg>
<arg>QA</arg>
<arg>RE</arg>
<arg>RO</arg>
<arg>RS</arg>
<arg>RU</arg>
<arg>RW</arg>
<arg>SA</arg>
<arg>SB</arg>
<arg>SC</arg>
<arg>SD</arg>
<arg>SE</arg>
<arg>SG</arg>
<arg>SH</arg>
<arg>SI</arg>
<arg>SJ</arg>
<arg>SK</arg>
<arg>SL</arg>
<arg>SM</arg>
<arg>SN</arg>
<arg>SO</arg>
<arg>SR</arg>
<arg>SS</arg>
<arg>ST</arg>
<arg>SV</arg>
<arg>SX</arg>
<arg>SY</arg>
<arg>SZ</arg>
<arg>TC</arg>
<arg>TD</arg>
<arg>TF</arg>
<arg>TG</arg>
<arg>TH</arg>
<arg>TJ</arg>
<arg>TK</arg>
<arg>TL</arg>
<arg>TM</arg>
<arg>TN</arg>
<arg>TO</arg>
<arg>TR</arg>
<arg>TT</arg>
<arg>TV</arg>
<arg>TW</arg>
<arg>TZ</arg>
<arg>UA</arg>
<arg>UG</arg>
<arg>UM</arg>
<arg>US</arg>
<arg>UY</arg>
<arg>UZ</arg>
<arg>VA</arg>
<arg>VC</arg>
<arg>VE</arg>
<arg>VG</arg>
<arg>VI</arg>
<arg>VN</arg>
<arg>VU</arg>
<arg>WF</arg>
<arg>WS</arg>
<arg>XK</arg>
<arg>YE</arg>
<arg>YT</arg>
<arg>ZA</arg>
<arg>ZM</arg>
<arg>ZW</arg>
<doc>Returns a list containing given items.</doc>
<status status="PASS" start="2024-05-21T03:16:27.156894" elapsed="0.000621"/>
</kw>
<kw name="List Should Contain Value" owner="Collections">
<msg time="2024-05-21T03:16:27.158525" level="INFO">False</msg>
<arg>${list_country}</arg>
<arg>${name_country}</arg>
<doc>Fails if the ``value`` is not found from ``list``.</doc>
<status status="PASS" start="2024-05-21T03:16:27.158320" elapsed="0.000242"/>
</kw>
<kw name="Run Keyword If" owner="BuiltIn">
<kw name="Should Be True" owner="BuiltIn">
<arg>${True}</arg>
<doc>Fails if the given condition is not true.</doc>
<status status="PASS" start="2024-05-21T03:16:27.159668" elapsed="0.000148"/>
</kw>
<arg>${json_data["results"][0]["location"]["coordinates"]["latitude"]} &gt;= -90 and ${json_data["results"][0]["location"]["coordinates"]["latitude"]} &lt;= 90</arg>
<arg>Should Be True</arg>
<arg>${True}</arg>
<doc>Runs the given keyword with the given arguments, if ``condition`` is true.</doc>
<status status="PASS" start="2024-05-21T03:16:27.158878" elapsed="0.001064"/>
</kw>
<kw name="Run Keyword If" owner="BuiltIn">
<kw name="Should Be True" owner="BuiltIn">
<arg>${True}</arg>
<doc>Fails if the given condition is not true.</doc>
<status status="PASS" start="2024-05-21T03:16:27.160849" elapsed="0.000248"/>
</kw>
<arg>${json_data["results"][0]["location"]["coordinates"]["longitude"]} &gt;= -180 and ${json_data["results"][0]["location"]["coordinates"]["longitude"]} &lt;= 180</arg>
<arg>Should Be True</arg>
<arg>${True}</arg>
<doc>Runs the given keyword with the given arguments, if ``condition`` is true.</doc>
<status status="PASS" start="2024-05-21T03:16:27.160131" elapsed="0.001095"/>
</kw>
<status status="PASS" start="2024-05-21T03:16:27.067286" elapsed="0.094070"/>
</kw>
<doc>Testa o conteúdo específico dos campos retornados pela API.</doc>
<tag>testeConteudo</tag>
<status status="PASS" start="2024-05-21T03:16:27.066828" elapsed="0.094676"/>
</test>
<status status="PASS" start="2024-05-21T03:16:26.248252" elapsed="0.915119"/>
</suite>
<status status="PASS" start="2024-05-21T03:16:26.234792" elapsed="0.933753"/>
</suite>
<statistics>
<total>
<stat pass="5" fail="0" skip="0">All Tests</stat>
</total>
<tag>
<stat pass="1" fail="0" skip="0">testeConteudo</stat>
<stat pass="1" fail="0" skip="0">testeEstruturaResposta</stat>
<stat pass="1" fail="0" skip="0">testeRequisicaoBasica</stat>
<stat pass="1" fail="0" skip="0">testeTiposDados</stat>
</tag>
<suite>
<stat pass="5" fail="0" skip="0" id="s1" name="Tests">Tests</stat>
<stat pass="5" fail="0" skip="0" id="s1-s1" name="Random-User-Test">Tests.Random-User-Test</stat>
</suite>
</statistics>
<errors>
</errors>
</robot>
