<?xml version="1.0" encoding="UTF-8"?>
<robot generator="Robot 7.0.1 (Python 3.12.4 on linux)" generated="2024-07-08T18:20:14.024783" rpa="false" schemaversion="5">
<suite id="s1" name="Tests" source="/home/runner/work/ApiRandomUser/ApiRandomUser/RamdonUser/tests">
<suite id="s1-s1" name="Random-User-Test" source="/home/runner/work/ApiRandomUser/ApiRandomUser/RamdonUser/tests/random-user-test.robot">
<test id="s1-s1-t1" name="Conectar" line="13">
<kw name="Conectar API" owner="random-user-service">
<kw name="Create Session" owner="RequestsLibrary">
<msg time="2024-07-08T18:20:14.435184" level="INFO">Creating Session using : alias=consultarAPI, url=https://randomuser.me/, headers={},                     cookies={}, auth=None, timeout=None, proxies=None, verify=False,                     debug=0 </msg>
<arg>consultarAPI</arg>
<arg>${URL}</arg>
<doc>Create Session: create a HTTP session to a server</doc>
<status status="PASS" start="2024-07-08T18:20:14.434973" elapsed="0.000409"/>
</kw>
<status status="PASS" start="2024-07-08T18:20:14.433955" elapsed="0.001798"/>
</kw>
<status status="PASS" start="2024-07-08T18:20:14.433392" elapsed="0.002559"/>
</test>
<test id="s1-s1-t2" name="Validar retorno 200 e JSON Válido" line="16">
<kw name="Teste de Requisicao Basica" owner="random-user-service">
<kw name="GET On Session" owner="RequestsLibrary">
<msg time="2024-07-08T18:20:14.638793" level="INFO">GET Request : url=https://randomuser.me/api 
 path_url=/api 
 headers={'User-Agent': 'python-requests/2.32.3', 'Accept-Encoding': 'gzip, deflate', 'Accept': '*/*', 'Connection': 'keep-alive'} 
 body=None 
 </msg>
<msg time="2024-07-08T18:20:14.638952" level="INFO">GET Response : url=https://randomuser.me/api 
 status=200, reason=OK 
 headers={'Date': 'Mon, 08 Jul 2024 18:20:14 GMT', 'Content-Type': 'application/json; charset=utf-8', 'Transfer-Encoding': 'chunked', 'Connection': 'keep-alive', 'X-Powered-By': 'Express', 'Access-Control-Allow-Origin': '*', 'Cache-Control': 'no-cache', 'ETag': 'W/"4b1-ZlkPIqrgqyvF78GS9V4R5KcoDq0"', 'Vary': 'Accept-Encoding', 'Content-Encoding': 'gzip', 'CF-Cache-Status': 'DYNAMIC', 'Report-To': '{"endpoints":[{"url":"https:\\/\\/a.nel.cloudflare.com\\/report\\/v4?s=yqj5EqqqjBLcmM6sQKmYWWD8L1ZQFE%2FqP3dyvAp4LJ4NeNsl0idr0MadAnEj%2FJKLYhgD1eNAMjyGFVW1UFvc2x8gXY6OchJb0VtVaGMU4Kp27UYDwqlHbY8z1g6919B1"}],"group":"cf-nel","max_age":604800}', 'NEL': '{"success_fraction":0,"report_to":"cf-nel","max_age":604800}', 'Server': 'cloudflare', 'CF-RAY': '8a02164f1c59823c-IAD', 'alt-svc': 'h3=":443"; ma=86400'} 
 body={"results":[{"gender":"female","name":{"title":"Ms","first":"Vladilena","last":"Yaroshenko"},"location":{"street":{"number":9229,"name":"Provulok Mikoli Velichkivskogo"},"city":"Skadovsk","state":"Harkivska","country":"Ukraine","postcode":36666,"coordinates":{"latitude":"78.1643","longitude":"178.7457"},"timezone":{"offset":"+10:00","description":"Eastern Australia, Guam, Vladivostok"}},"email":"vladilena.yaroshenko@example.com","login":{"uuid":"2fffe1cc-467f-47b4-a10d-6b3c7a5df01e","username":"smallgorilla735","password":"13131313","salt":"zD9ETqzf","md5":"7c588beea1c5f94ee6d3cd455036beaf","sha1":"b9806dbba35726daa451e0336d3b26c5f876e34e","sha256":"6535f52f8e9382dccf1394f0f3261f01bdd9207ab4480ef18e7fee0c52192f04"},"dob":{"date":"1956-10-18T00:32:21.387Z","age":67},"registered":{"date":"2018-04-29T01:25:05.755Z","age":6},"phone":"(097) I89-0093","cell":"(096) T91-8911","id":{"name":"","value":null},"picture":{"large":"https://randomuser.me/api/portraits/women/47.jpg","medium":"https://randomuser.me/api/portraits/med/women/47.jpg","thumbnail":"https://randomuser.me/api/portraits/thumb/women/47.jpg"},"nat":"UA"}],"info":{"seed":"f38f9c16fa2daaa6","results":1,"page":1,"version":"1.4"}} 
 </msg>
<msg time="2024-07-08T18:20:14.639040" level="INFO">/opt/hostedtoolcache/Python/3.12.4/x64/lib/python3.12/site-packages/urllib3/connectionpool.py:1099: InsecureRequestWarning: Unverified HTTPS request is being made to host 'randomuser.me'. Adding certificate verification is strongly advised. See: https://urllib3.readthedocs.io/en/latest/advanced-usage.html#tls-warnings
  warnings.warn(</msg>
<msg time="2024-07-08T18:20:14.639203" level="INFO">${response} = &lt;Response [200]&gt;</msg>
<var>${response}</var>
<arg>consultarAPI</arg>
<arg>/api</arg>
<doc>Sends a GET request on a previously created HTTP Session.</doc>
<status status="PASS" start="2024-07-08T18:20:14.438567" elapsed="0.200684"/>
</kw>
<kw name="Should Be Equal As Numbers" owner="BuiltIn">
<msg time="2024-07-08T18:20:14.640261" level="INFO">Argument types are:
&lt;class 'int'&gt;
&lt;class 'str'&gt;</msg>
<arg>${response.status_code}</arg>
<arg>200</arg>
<doc>Fails if objects are unequal after converting them to real numbers.</doc>
<status status="PASS" start="2024-07-08T18:20:14.639794" elapsed="0.000533"/>
</kw>
<kw name="Log" owner="BuiltIn">
<msg time="2024-07-08T18:20:14.640992" level="INFO">200</msg>
<arg>${response.status_code}</arg>
<doc>Logs the given message with the given level.</doc>
<status status="PASS" start="2024-07-08T18:20:14.640645" elapsed="0.000390"/>
</kw>
<kw name="Set Variable" owner="BuiltIn">
<msg time="2024-07-08T18:20:14.641782" level="INFO">${json_data} = {'results': [{'gender': 'female', 'name': {'title': 'Ms', 'first': 'Vladilena', 'last': 'Yaroshenko'}, 'location': {'street': {'number': 9229, 'name': 'Provulok Mikoli Velichkivskogo'}, 'city': 'Skado...</msg>
<var>${json_data}</var>
<arg>${response.json()}</arg>
<doc>Returns the given values which can then be assigned to a variables.</doc>
<status status="PASS" start="2024-07-08T18:20:14.641343" elapsed="0.000468"/>
</kw>
<kw name="Dictionary Should Contain Key" owner="Collections">
<arg>${json_data}</arg>
<arg>results</arg>
<doc>Fails if ``key`` is not found from ``dictionary``.</doc>
<status status="PASS" start="2024-07-08T18:20:14.642118" elapsed="0.000166"/>
</kw>
<status status="PASS" start="2024-07-08T18:20:14.438295" elapsed="0.204141"/>
</kw>
<doc>Testa se a API responde corretamente e retorna um objeto JSON válido.</doc>
<tag>testeRequisicaoBasica</tag>
<status status="PASS" start="2024-07-08T18:20:14.437835" elapsed="0.204835"/>
</test>
<test id="s1-s1-t3" name="Validar estrutura de resposta" line="22">
<kw name="Teste de Estrutura de Resposta" owner="random-user-service">
<kw name="GET On Session" owner="RequestsLibrary">
<msg time="2024-07-08T18:20:14.756349" level="INFO">GET Request : url=https://randomuser.me/api 
 path_url=/api 
 headers={'User-Agent': 'python-requests/2.32.3', 'Accept-Encoding': 'gzip, deflate', 'Accept': '*/*', 'Connection': 'keep-alive'} 
 body=None 
 </msg>
<msg time="2024-07-08T18:20:14.756448" level="INFO">GET Response : url=https://randomuser.me/api 
 status=200, reason=OK 
 headers={'Date': 'Mon, 08 Jul 2024 18:20:14 GMT', 'Content-Type': 'application/json; charset=utf-8', 'Transfer-Encoding': 'chunked', 'Connection': 'keep-alive', 'X-Powered-By': 'Express', 'Access-Control-Allow-Origin': '*', 'Cache-Control': 'no-cache', 'ETag': 'W/"496-oia58weexk+ZMrWPHVkj2htoQh0"', 'Vary': 'Accept-Encoding', 'Content-Encoding': 'gzip', 'CF-Cache-Status': 'DYNAMIC', 'Report-To': '{"endpoints":[{"url":"https:\\/\\/a.nel.cloudflare.com\\/report\\/v4?s=Fg5tLs2Fn98G7eJDIUD5mmOCWZDDieVOEdM2Y1eC7lG%2FHz%2FfZQEBvkSdxjLJvT1VpcuccspLVbtgmjqyKIF1kfeONInC6eQBy2NZ1J9VSkHNoY98C3ts3N0Qh41j43Iy"}],"group":"cf-nel","max_age":604800}', 'NEL': '{"success_fraction":0,"report_to":"cf-nel","max_age":604800}', 'Server': 'cloudflare', 'CF-RAY': '8a02164f8cfd823c-IAD', 'alt-svc': 'h3=":443"; ma=86400'} 
 body={"results":[{"gender":"male","name":{"title":"Mr","first":"Naël","last":"Barbier"},"location":{"street":{"number":3578,"name":"Avenue Joliot Curie"},"city":"Tourcoing","state":"Doubs","country":"France","postcode":75083,"coordinates":{"latitude":"-14.2106","longitude":"-52.7818"},"timezone":{"offset":"-8:00","description":"Pacific Time (US &amp; Canada)"}},"email":"nael.barbier@example.com","login":{"uuid":"b0251e3b-e49b-49b7-9fda-b54f24f90060","username":"ticklishmouse767","password":"whiteboy","salt":"5qKQKTEK","md5":"540e81ab629a405da7e5ce3a5e3b4b67","sha1":"6040ab101c76218cdd3d12c048d80a4376d35f65","sha256":"a699431570b0d8739a6456daa98e99b042b76f65c05578fcaf8fb5a2381cd80c"},"dob":{"date":"1962-09-12T17:40:13.268Z","age":61},"registered":{"date":"2007-07-11T13:55:05.809Z","age":16},"phone":"01-29-50-04-08","cell":"06-47-92-81-31","id":{"name":"INSEE","value":"1620824361367 36"},"picture":{"large":"https://randomuser.me/api/portraits/men/98.jpg","medium":"https://randomuser.me/api/portraits/med/men/98.jpg","thumbnail":"https://randomuser.me/api/portraits/thumb/men/98.jpg"},"nat":"FR"}],"info":{"seed":"808e2321fabdbb3e","results":1,"page":1,"version":"1.4"}} 
 </msg>
<msg time="2024-07-08T18:20:14.756584" level="INFO">/opt/hostedtoolcache/Python/3.12.4/x64/lib/python3.12/site-packages/urllib3/connectionpool.py:1099: InsecureRequestWarning: Unverified HTTPS request is being made to host 'randomuser.me'. Adding certificate verification is strongly advised. See: https://urllib3.readthedocs.io/en/latest/advanced-usage.html#tls-warnings
  warnings.warn(</msg>
<msg time="2024-07-08T18:20:14.756730" level="INFO">${response} = &lt;Response [200]&gt;</msg>
<var>${response}</var>
<arg>consultarAPI</arg>
<arg>/api</arg>
<doc>Sends a GET request on a previously created HTTP Session.</doc>
<status status="PASS" start="2024-07-08T18:20:14.645284" elapsed="0.111491"/>
</kw>
<kw name="Set Variable" owner="BuiltIn">
<msg time="2024-07-08T18:20:14.757860" level="INFO">${json_data} = {'results': [{'gender': 'male', 'name': {'title': 'Mr', 'first': 'Naël', 'last': 'Barbier'}, 'location': {'street': {'number': 3578, 'name': 'Avenue Joliot Curie'}, 'city': 'Tourcoing', 'state': 'Doub...</msg>
<var>${json_data}</var>
<arg>${response.json()}</arg>
<doc>Returns the given values which can then be assigned to a variables.</doc>
<status status="PASS" start="2024-07-08T18:20:14.757329" elapsed="0.000561"/>
</kw>
<kw name="Log" owner="BuiltIn">
<msg time="2024-07-08T18:20:14.758372" level="INFO">{'results': [{'gender': 'male', 'name': {'title': 'Mr', 'first': 'Naël', 'last': 'Barbier'}, 'location': {'street': {'number': 3578, 'name': 'Avenue Joliot Curie'}, 'city': 'Tourcoing', 'state': 'Doubs', 'country': 'France', 'postcode': 75083, 'coordinates': {'latitude': '-14.2106', 'longitude': '-52.7818'}, 'timezone': {'offset': '-8:00', 'description': 'Pacific Time (US &amp; Canada)'}}, 'email': 'nael.barbier@example.com', 'login': {'uuid': 'b0251e3b-e49b-49b7-9fda-b54f24f90060', 'username': 'ticklishmouse767', 'password': 'whiteboy', 'salt': '5qKQKTEK', 'md5': '540e81ab629a405da7e5ce3a5e3b4b67', 'sha1': '6040ab101c76218cdd3d12c048d80a4376d35f65', 'sha256': 'a699431570b0d8739a6456daa98e99b042b76f65c05578fcaf8fb5a2381cd80c'}, 'dob': {'date': '1962-09-12T17:40:13.268Z', 'age': 61}, 'registered': {'date': '2007-07-11T13:55:05.809Z', 'age': 16}, 'phone': '01-29-50-04-08', 'cell': '06-47-92-81-31', 'id': {'name': 'INSEE', 'value': '1620824361367 36'}, 'picture': {'large': 'https://randomuser.me/api/portraits/men/98.jpg', 'medium': 'https://randomuser.me/api/portraits/med/men/98.jpg', 'thumbnail': 'https://randomuser.me/api/portraits/thumb/men/98.jpg'}, 'nat': 'FR'}], 'info': {'seed': '808e2321fabdbb3e', 'results': 1, 'page': 1, 'version': '1.4'}}</msg>
<arg>${json_data}</arg>
<doc>Logs the given message with the given level.</doc>
<status status="PASS" start="2024-07-08T18:20:14.758208" elapsed="0.000215"/>
</kw>
<kw name="Dictionary Should Contain Key" owner="Collections">
<arg>${json_data}</arg>
<arg>results</arg>
<doc>Fails if ``key`` is not found from ``dictionary``.</doc>
<status status="PASS" start="2024-07-08T18:20:14.758777" elapsed="0.000156"/>
</kw>
<kw name="Should Not Be Empty" owner="BuiltIn">
<msg time="2024-07-08T18:20:14.759246" level="INFO">Length is 2.</msg>
<arg>${json_data}</arg>
<doc>Verifies that the given item is not empty.</doc>
<status status="PASS" start="2024-07-08T18:20:14.759115" elapsed="0.000169"/>
</kw>
<kw name="Create List" owner="BuiltIn">
<msg time="2024-07-08T18:20:14.759884" level="INFO">${expected_keys} = ['gender', 'name', 'location', 'email', 'login']</msg>
<var>${expected_keys}</var>
<arg>gender</arg>
<arg>name</arg>
<arg>location</arg>
<arg>email</arg>
<arg>login</arg>
<doc>Returns a list containing given items.</doc>
<status status="PASS" start="2024-07-08T18:20:14.759577" elapsed="0.000332"/>
</kw>
<for flavor="IN">
<iter>
<kw name="Dictionary Should Contain Key" owner="Collections">
<arg>${json_data['results'][0]}</arg>
<arg>${key}</arg>
<doc>Fails if ``key`` is not found from ``dictionary``.</doc>
<status status="PASS" start="2024-07-08T18:20:14.760485" elapsed="0.000393"/>
</kw>
<kw name="Log" owner="BuiltIn">
<msg time="2024-07-08T18:20:14.761417" level="INFO">{'gender': 'male', 'name': {'title': 'Mr', 'first': 'Naël', 'last': 'Barbier'}, 'location': {'street': {'number': 3578, 'name': 'Avenue Joliot Curie'}, 'city': 'Tourcoing', 'state': 'Doubs', 'country': 'France', 'postcode': 75083, 'coordinates': {'latitude': '-14.2106', 'longitude': '-52.7818'}, 'timezone': {'offset': '-8:00', 'description': 'Pacific Time (US &amp; Canada)'}}, 'email': 'nael.barbier@example.com', 'login': {'uuid': 'b0251e3b-e49b-49b7-9fda-b54f24f90060', 'username': 'ticklishmouse767', 'password': 'whiteboy', 'salt': '5qKQKTEK', 'md5': '540e81ab629a405da7e5ce3a5e3b4b67', 'sha1': '6040ab101c76218cdd3d12c048d80a4376d35f65', 'sha256': 'a699431570b0d8739a6456daa98e99b042b76f65c05578fcaf8fb5a2381cd80c'}, 'dob': {'date': '1962-09-12T17:40:13.268Z', 'age': 61}, 'registered': {'date': '2007-07-11T13:55:05.809Z', 'age': 16}, 'phone': '01-29-50-04-08', 'cell': '06-47-92-81-31', 'id': {'name': 'INSEE', 'value': '1620824361367 36'}, 'picture': {'large': 'https://randomuser.me/api/portraits/men/98.jpg', 'medium': 'https://randomuser.me/api/portraits/med/men/98.jpg', 'thumbnail': 'https://randomuser.me/api/portraits/thumb/men/98.jpg'}, 'nat': 'FR'}</msg>
<arg>${json_data['results'][0]}</arg>
<doc>Logs the given message with the given level.</doc>
<status status="PASS" start="2024-07-08T18:20:14.761059" elapsed="0.000410"/>
</kw>
<kw name="Log" owner="BuiltIn">
<msg time="2024-07-08T18:20:14.761902" level="INFO">gender</msg>
<arg>${key}</arg>
<doc>Logs the given message with the given level.</doc>
<status status="PASS" start="2024-07-08T18:20:14.761758" elapsed="0.000184"/>
</kw>
<var name="${key}">gender</var>
<status status="PASS" start="2024-07-08T18:20:14.760364" elapsed="0.001797"/>
</iter>
<iter>
<kw name="Dictionary Should Contain Key" owner="Collections">
<arg>${json_data['results'][0]}</arg>
<arg>${key}</arg>
<doc>Fails if ``key`` is not found from ``dictionary``.</doc>
<status status="PASS" start="2024-07-08T18:20:14.762456" elapsed="0.000466"/>
</kw>
<kw name="Log" owner="BuiltIn">
<msg time="2024-07-08T18:20:14.763480" level="INFO">{'gender': 'male', 'name': {'title': 'Mr', 'first': 'Naël', 'last': 'Barbier'}, 'location': {'street': {'number': 3578, 'name': 'Avenue Joliot Curie'}, 'city': 'Tourcoing', 'state': 'Doubs', 'country': 'France', 'postcode': 75083, 'coordinates': {'latitude': '-14.2106', 'longitude': '-52.7818'}, 'timezone': {'offset': '-8:00', 'description': 'Pacific Time (US &amp; Canada)'}}, 'email': 'nael.barbier@example.com', 'login': {'uuid': 'b0251e3b-e49b-49b7-9fda-b54f24f90060', 'username': 'ticklishmouse767', 'password': 'whiteboy', 'salt': '5qKQKTEK', 'md5': '540e81ab629a405da7e5ce3a5e3b4b67', 'sha1': '6040ab101c76218cdd3d12c048d80a4376d35f65', 'sha256': 'a699431570b0d8739a6456daa98e99b042b76f65c05578fcaf8fb5a2381cd80c'}, 'dob': {'date': '1962-09-12T17:40:13.268Z', 'age': 61}, 'registered': {'date': '2007-07-11T13:55:05.809Z', 'age': 16}, 'phone': '01-29-50-04-08', 'cell': '06-47-92-81-31', 'id': {'name': 'INSEE', 'value': '1620824361367 36'}, 'picture': {'large': 'https://randomuser.me/api/portraits/men/98.jpg', 'medium': 'https://randomuser.me/api/portraits/med/men/98.jpg', 'thumbnail': 'https://randomuser.me/api/portraits/thumb/men/98.jpg'}, 'nat': 'FR'}</msg>
<arg>${json_data['results'][0]}</arg>
<doc>Logs the given message with the given level.</doc>
<status status="PASS" start="2024-07-08T18:20:14.763129" elapsed="0.000436"/>
</kw>
<kw name="Log" owner="BuiltIn">
<msg time="2024-07-08T18:20:14.763994" level="INFO">name</msg>
<arg>${key}</arg>
<doc>Logs the given message with the given level.</doc>
<status status="PASS" start="2024-07-08T18:20:14.763865" elapsed="0.000165"/>
</kw>
<var name="${key}">name</var>
<status status="PASS" start="2024-07-08T18:20:14.762342" elapsed="0.001903"/>
</iter>
<iter>
<kw name="Dictionary Should Contain Key" owner="Collections">
<arg>${json_data['results'][0]}</arg>
<arg>${key}</arg>
<doc>Fails if ``key`` is not found from ``dictionary``.</doc>
<status status="PASS" start="2024-07-08T18:20:14.764524" elapsed="0.000379"/>
</kw>
<kw name="Log" owner="BuiltIn">
<msg time="2024-07-08T18:20:14.765426" level="INFO">{'gender': 'male', 'name': {'title': 'Mr', 'first': 'Naël', 'last': 'Barbier'}, 'location': {'street': {'number': 3578, 'name': 'Avenue Joliot Curie'}, 'city': 'Tourcoing', 'state': 'Doubs', 'country': 'France', 'postcode': 75083, 'coordinates': {'latitude': '-14.2106', 'longitude': '-52.7818'}, 'timezone': {'offset': '-8:00', 'description': 'Pacific Time (US &amp; Canada)'}}, 'email': 'nael.barbier@example.com', 'login': {'uuid': 'b0251e3b-e49b-49b7-9fda-b54f24f90060', 'username': 'ticklishmouse767', 'password': 'whiteboy', 'salt': '5qKQKTEK', 'md5': '540e81ab629a405da7e5ce3a5e3b4b67', 'sha1': '6040ab101c76218cdd3d12c048d80a4376d35f65', 'sha256': 'a699431570b0d8739a6456daa98e99b042b76f65c05578fcaf8fb5a2381cd80c'}, 'dob': {'date': '1962-09-12T17:40:13.268Z', 'age': 61}, 'registered': {'date': '2007-07-11T13:55:05.809Z', 'age': 16}, 'phone': '01-29-50-04-08', 'cell': '06-47-92-81-31', 'id': {'name': 'INSEE', 'value': '1620824361367 36'}, 'picture': {'large': 'https://randomuser.me/api/portraits/men/98.jpg', 'medium': 'https://randomuser.me/api/portraits/med/men/98.jpg', 'thumbnail': 'https://randomuser.me/api/portraits/thumb/men/98.jpg'}, 'nat': 'FR'}</msg>
<arg>${json_data['results'][0]}</arg>
<doc>Logs the given message with the given level.</doc>
<status status="PASS" start="2024-07-08T18:20:14.765082" elapsed="0.000395"/>
</kw>
<kw name="Log" owner="BuiltIn">
<msg time="2024-07-08T18:20:14.765897" level="INFO">location</msg>
<arg>${key}</arg>
<doc>Logs the given message with the given level.</doc>
<status status="PASS" start="2024-07-08T18:20:14.765771" elapsed="0.000163"/>
</kw>
<var name="${key}">location</var>
<status status="PASS" start="2024-07-08T18:20:14.764417" elapsed="0.001729"/>
</iter>
<iter>
<kw name="Dictionary Should Contain Key" owner="Collections">
<arg>${json_data['results'][0]}</arg>
<arg>${key}</arg>
<doc>Fails if ``key`` is not found from ``dictionary``.</doc>
<status status="PASS" start="2024-07-08T18:20:14.766419" elapsed="0.000428"/>
</kw>
<kw name="Log" owner="BuiltIn">
<msg time="2024-07-08T18:20:14.767381" level="INFO">{'gender': 'male', 'name': {'title': 'Mr', 'first': 'Naël', 'last': 'Barbier'}, 'location': {'street': {'number': 3578, 'name': 'Avenue Joliot Curie'}, 'city': 'Tourcoing', 'state': 'Doubs', 'country': 'France', 'postcode': 75083, 'coordinates': {'latitude': '-14.2106', 'longitude': '-52.7818'}, 'timezone': {'offset': '-8:00', 'description': 'Pacific Time (US &amp; Canada)'}}, 'email': 'nael.barbier@example.com', 'login': {'uuid': 'b0251e3b-e49b-49b7-9fda-b54f24f90060', 'username': 'ticklishmouse767', 'password': 'whiteboy', 'salt': '5qKQKTEK', 'md5': '540e81ab629a405da7e5ce3a5e3b4b67', 'sha1': '6040ab101c76218cdd3d12c048d80a4376d35f65', 'sha256': 'a699431570b0d8739a6456daa98e99b042b76f65c05578fcaf8fb5a2381cd80c'}, 'dob': {'date': '1962-09-12T17:40:13.268Z', 'age': 61}, 'registered': {'date': '2007-07-11T13:55:05.809Z', 'age': 16}, 'phone': '01-29-50-04-08', 'cell': '06-47-92-81-31', 'id': {'name': 'INSEE', 'value': '1620824361367 36'}, 'picture': {'large': 'https://randomuser.me/api/portraits/men/98.jpg', 'medium': 'https://randomuser.me/api/portraits/med/men/98.jpg', 'thumbnail': 'https://randomuser.me/api/portraits/thumb/men/98.jpg'}, 'nat': 'FR'}</msg>
<arg>${json_data['results'][0]}</arg>
<doc>Logs the given message with the given level.</doc>
<status status="PASS" start="2024-07-08T18:20:14.767031" elapsed="0.000401"/>
</kw>
<kw name="Log" owner="BuiltIn">
<msg time="2024-07-08T18:20:14.767856" level="INFO">email</msg>
<arg>${key}</arg>
<doc>Logs the given message with the given level.</doc>
<status status="PASS" start="2024-07-08T18:20:14.767729" elapsed="0.000165"/>
</kw>
<var name="${key}">email</var>
<status status="PASS" start="2024-07-08T18:20:14.766314" elapsed="0.001792"/>
</iter>
<iter>
<kw name="Dictionary Should Contain Key" owner="Collections">
<arg>${json_data['results'][0]}</arg>
<arg>${key}</arg>
<doc>Fails if ``key`` is not found from ``dictionary``.</doc>
<status status="PASS" start="2024-07-08T18:20:14.768384" elapsed="0.000387"/>
</kw>
<kw name="Log" owner="BuiltIn">
<msg time="2024-07-08T18:20:14.769298" level="INFO">{'gender': 'male', 'name': {'title': 'Mr', 'first': 'Naël', 'last': 'Barbier'}, 'location': {'street': {'number': 3578, 'name': 'Avenue Joliot Curie'}, 'city': 'Tourcoing', 'state': 'Doubs', 'country': 'France', 'postcode': 75083, 'coordinates': {'latitude': '-14.2106', 'longitude': '-52.7818'}, 'timezone': {'offset': '-8:00', 'description': 'Pacific Time (US &amp; Canada)'}}, 'email': 'nael.barbier@example.com', 'login': {'uuid': 'b0251e3b-e49b-49b7-9fda-b54f24f90060', 'username': 'ticklishmouse767', 'password': 'whiteboy', 'salt': '5qKQKTEK', 'md5': '540e81ab629a405da7e5ce3a5e3b4b67', 'sha1': '6040ab101c76218cdd3d12c048d80a4376d35f65', 'sha256': 'a699431570b0d8739a6456daa98e99b042b76f65c05578fcaf8fb5a2381cd80c'}, 'dob': {'date': '1962-09-12T17:40:13.268Z', 'age': 61}, 'registered': {'date': '2007-07-11T13:55:05.809Z', 'age': 16}, 'phone': '01-29-50-04-08', 'cell': '06-47-92-81-31', 'id': {'name': 'INSEE', 'value': '1620824361367 36'}, 'picture': {'large': 'https://randomuser.me/api/portraits/men/98.jpg', 'medium': 'https://randomuser.me/api/portraits/med/men/98.jpg', 'thumbnail': 'https://randomuser.me/api/portraits/thumb/men/98.jpg'}, 'nat': 'FR'}</msg>
<arg>${json_data['results'][0]}</arg>
<doc>Logs the given message with the given level.</doc>
<status status="PASS" start="2024-07-08T18:20:14.768950" elapsed="0.000397"/>
</kw>
<kw name="Log" owner="BuiltIn">
<msg time="2024-07-08T18:20:14.769756" level="INFO">login</msg>
<arg>${key}</arg>
<doc>Logs the given message with the given level.</doc>
<status status="PASS" start="2024-07-08T18:20:14.769632" elapsed="0.000160"/>
</kw>
<var name="${key}">login</var>
<status status="PASS" start="2024-07-08T18:20:14.768274" elapsed="0.001726"/>
</iter>
<var>${key}</var>
<value>@{expected_keys}</value>
<status status="PASS" start="2024-07-08T18:20:14.760171" elapsed="0.009949"/>
</for>
<kw name="Create List" owner="BuiltIn">
<msg time="2024-07-08T18:20:14.770496" level="INFO">${expected_keysTwo} = ['username', 'password']</msg>
<var>${expected_keysTwo}</var>
<arg>username</arg>
<arg>password</arg>
<doc>Returns a list containing given items.</doc>
<status status="PASS" start="2024-07-08T18:20:14.770304" elapsed="0.000218"/>
</kw>
<for flavor="IN">
<iter>
<kw name="Dictionary Should Contain Key" owner="Collections">
<arg>${json_data['results'][0]['login']}</arg>
<arg>${keyTwo}</arg>
<doc>Fails if ``key`` is not found from ``dictionary``.</doc>
<status status="PASS" start="2024-07-08T18:20:14.771016" elapsed="0.000371"/>
</kw>
<kw name="Dictionary Should Contain Key" owner="Collections">
<arg>${json_data['results'][0]['login']}</arg>
<arg>${keyTwo}</arg>
<doc>Fails if ``key`` is not found from ``dictionary``.</doc>
<status status="PASS" start="2024-07-08T18:20:14.771562" elapsed="0.000371"/>
</kw>
<kw name="Log" owner="BuiltIn">
<msg time="2024-07-08T18:20:14.772229" level="INFO">username</msg>
<arg>${keyTwo}</arg>
<doc>Logs the given message with the given level.</doc>
<status status="PASS" start="2024-07-08T18:20:14.772111" elapsed="0.000154"/>
</kw>
<var name="${keyTwo}">username</var>
<status status="PASS" start="2024-07-08T18:20:14.770911" elapsed="0.001572"/>
</iter>
<iter>
<kw name="Dictionary Should Contain Key" owner="Collections">
<arg>${json_data['results'][0]['login']}</arg>
<arg>${keyTwo}</arg>
<doc>Fails if ``key`` is not found from ``dictionary``.</doc>
<status status="PASS" start="2024-07-08T18:20:14.772753" elapsed="0.000372"/>
</kw>
<kw name="Dictionary Should Contain Key" owner="Collections">
<arg>${json_data['results'][0]['login']}</arg>
<arg>${keyTwo}</arg>
<doc>Fails if ``key`` is not found from ``dictionary``.</doc>
<status status="PASS" start="2024-07-08T18:20:14.773301" elapsed="0.000357"/>
</kw>
<kw name="Log" owner="BuiltIn">
<msg time="2024-07-08T18:20:14.773946" level="INFO">password</msg>
<arg>${keyTwo}</arg>
<doc>Logs the given message with the given level.</doc>
<status status="PASS" start="2024-07-08T18:20:14.773831" elapsed="0.000156"/>
</kw>
<var name="${keyTwo}">password</var>
<status status="PASS" start="2024-07-08T18:20:14.772649" elapsed="0.001644"/>
</iter>
<var>${keyTwo}</var>
<value>@{expected_keysTwo}</value>
<status status="PASS" start="2024-07-08T18:20:14.770762" elapsed="0.003651"/>
</for>
<status status="PASS" start="2024-07-08T18:20:14.645053" elapsed="0.129541"/>
</kw>
<doc>Testa a estrutura da resposta da API.</doc>
<tag>testeEstruturaResposta</tag>
<status status="PASS" start="2024-07-08T18:20:14.644518" elapsed="0.130230"/>
</test>
<test id="s1-s1-t4" name="Validar tipos de dados" line="28">
<kw name="Teste de Tipos de Dados" owner="random-user-service">
<kw name="GET On Session" owner="RequestsLibrary">
<msg time="2024-07-08T18:20:14.877988" level="INFO">GET Request : url=https://randomuser.me/api 
 path_url=/api 
 headers={'User-Agent': 'python-requests/2.32.3', 'Accept-Encoding': 'gzip, deflate', 'Accept': '*/*', 'Connection': 'keep-alive'} 
 body=None 
 </msg>
<msg time="2024-07-08T18:20:14.878099" level="INFO">GET Response : url=https://randomuser.me/api 
 status=200, reason=OK 
 headers={'Date': 'Mon, 08 Jul 2024 18:20:14 GMT', 'Content-Type': 'application/json; charset=utf-8', 'Transfer-Encoding': 'chunked', 'Connection': 'keep-alive', 'X-Powered-By': 'Express', 'Access-Control-Allow-Origin': '*', 'Cache-Control': 'no-cache', 'ETag': 'W/"4b0-TPaSn8UwG2cIJnT0ARHzVyfSxn4"', 'Vary': 'Accept-Encoding', 'Content-Encoding': 'gzip', 'CF-Cache-Status': 'DYNAMIC', 'Report-To': '{"endpoints":[{"url":"https:\\/\\/a.nel.cloudflare.com\\/report\\/v4?s=jrgYh1uN%2BJ1ABN8Jr8rqfNsvcLFLRZ3tMkbb%2FqGaEdWjDCdseA6Ug7Jr46CCcnMV1Gn0r7CLSUBJZ1W2Y5mlP2zT4BOs50Gqi4ilqQfkirLb7fNVruQytD08AzEYe%2FBG"}],"group":"cf-nel","max_age":604800}', 'NEL': '{"success_fraction":0,"report_to":"cf-nel","max_age":604800}', 'Server': 'cloudflare', 'CF-RAY': '8a0216505e11823c-IAD', 'alt-svc': 'h3=":443"; ma=86400'} 
 body={"results":[{"gender":"female","name":{"title":"Mrs","first":"Angelina","last":"Riviere"},"location":{"street":{"number":6967,"name":"Rue Barrier"},"city":"Montreuil","state":"Côtes-D'Armor","country":"France","postcode":77385,"coordinates":{"latitude":"-13.7969","longitude":"37.4275"},"timezone":{"offset":"-5:00","description":"Eastern Time (US &amp; Canada), Bogota, Lima"}},"email":"angelina.riviere@example.com","login":{"uuid":"1d93b683-b011-41d0-97e8-8a4e2c88b05b","username":"orangeleopard690","password":"terry","salt":"dhgeYa2E","md5":"153bcd6e0768a5133a67eeabf634fba5","sha1":"aee1bab966dd44bcc3b0e75043b7c8cb4808df9f","sha256":"83ebc8fb1330a3e9edd102680a2b2bf5ba434393431e7cc3eaceced161fcc10b"},"dob":{"date":"1962-03-31T13:10:53.348Z","age":62},"registered":{"date":"2020-06-16T02:01:32.514Z","age":4},"phone":"04-55-70-37-69","cell":"06-35-18-96-20","id":{"name":"INSEE","value":"2620279874232 28"},"picture":{"large":"https://randomuser.me/api/portraits/women/17.jpg","medium":"https://randomuser.me/api/portraits/med/women/17.jpg","thumbnail":"https://randomuser.me/api/portraits/thumb/women/17.jpg"},"nat":"FR"}],"info":{"seed":"5d6bdf792dc2ae69","results":1,"page":1,"version":"1.4"}} 
 </msg>
<msg time="2024-07-08T18:20:14.878184" level="INFO">/opt/hostedtoolcache/Python/3.12.4/x64/lib/python3.12/site-packages/urllib3/connectionpool.py:1099: InsecureRequestWarning: Unverified HTTPS request is being made to host 'randomuser.me'. Adding certificate verification is strongly advised. See: https://urllib3.readthedocs.io/en/latest/advanced-usage.html#tls-warnings
  warnings.warn(</msg>
<msg time="2024-07-08T18:20:14.878342" level="INFO">${response} = &lt;Response [200]&gt;</msg>
<var>${response}</var>
<arg>consultarAPI</arg>
<arg>/api</arg>
<doc>Sends a GET request on a previously created HTTP Session.</doc>
<status status="PASS" start="2024-07-08T18:20:14.777160" elapsed="0.101228"/>
</kw>
<kw name="Set Variable" owner="BuiltIn">
<msg time="2024-07-08T18:20:14.879467" level="INFO">${json_data} = {'results': [{'gender': 'female', 'name': {'title': 'Mrs', 'first': 'Angelina', 'last': 'Riviere'}, 'location': {'street': {'number': 6967, 'name': 'Rue Barrier'}, 'city': 'Montreuil', 'state': "Côtes...</msg>
<var>${json_data}</var>
<arg>${response.json()}</arg>
<doc>Returns the given values which can then be assigned to a variables.</doc>
<status status="PASS" start="2024-07-08T18:20:14.878919" elapsed="0.000582"/>
</kw>
<kw name="Log" owner="BuiltIn">
<msg time="2024-07-08T18:20:14.879983" level="INFO">{'results': [{'gender': 'female', 'name': {'title': 'Mrs', 'first': 'Angelina', 'last': 'Riviere'}, 'location': {'street': {'number': 6967, 'name': 'Rue Barrier'}, 'city': 'Montreuil', 'state': "Côtes-D'Armor", 'country': 'France', 'postcode': 77385, 'coordinates': {'latitude': '-13.7969', 'longitude': '37.4275'}, 'timezone': {'offset': '-5:00', 'description': 'Eastern Time (US &amp; Canada), Bogota, Lima'}}, 'email': 'angelina.riviere@example.com', 'login': {'uuid': '1d93b683-b011-41d0-97e8-8a4e2c88b05b', 'username': 'orangeleopard690', 'password': 'terry', 'salt': 'dhgeYa2E', 'md5': '153bcd6e0768a5133a67eeabf634fba5', 'sha1': 'aee1bab966dd44bcc3b0e75043b7c8cb4808df9f', 'sha256': '83ebc8fb1330a3e9edd102680a2b2bf5ba434393431e7cc3eaceced161fcc10b'}, 'dob': {'date': '1962-03-31T13:10:53.348Z', 'age': 62}, 'registered': {'date': '2020-06-16T02:01:32.514Z', 'age': 4}, 'phone': '04-55-70-37-69', 'cell': '06-35-18-96-20', 'id': {'name': 'INSEE', 'value': '2620279874232 28'}, 'picture': {'large': 'https://randomuser.me/api/portraits/women/17.jpg', 'medium': 'https://randomuser.me/api/portraits/med/women/17.jpg', 'thumbnail': 'https://randomuser.me/api/portraits/thumb/women/17.jpg'}, 'nat': 'FR'}], 'info': {'seed': '5d6bdf792dc2ae69', 'results': 1, 'page': 1, 'version': '1.4'}}</msg>
<arg>${json_data}</arg>
<doc>Logs the given message with the given level.</doc>
<status status="PASS" start="2024-07-08T18:20:14.879818" elapsed="0.000217"/>
</kw>
<kw name="Should Be String" owner="String">
<arg>${json_data['results'][0]['gender']}</arg>
<doc>Fails if the given ``item`` is not a string.</doc>
<status status="PASS" start="2024-07-08T18:20:14.880334" elapsed="0.000366"/>
</kw>
<kw name="Should Match Regexp" owner="BuiltIn">
<arg>${json_data['results'][0]['email']}</arg>
<arg>^[a-zA-Z0-9._%+-]+@[a-zA-Z0-9.-]+\.[a-zA-Z]{2,}$</arg>
<doc>Fails if ``string`` does not match ``pattern`` as a regular expression.</doc>
<status status="PASS" start="2024-07-08T18:20:14.880931" elapsed="0.000524"/>
</kw>
<kw name="Should Match Regexp" owner="BuiltIn">
<arg>${json_data['results'][0]['dob']['date']}</arg>
<arg>\\d{4}-\\d{2}-\\d{2}T\\d{2}:\\d{2}:\\d{2}\\.\\d{3}Z</arg>
<doc>Fails if ``string`` does not match ``pattern`` as a regular expression.</doc>
<status status="PASS" start="2024-07-08T18:20:14.881658" elapsed="0.000482"/>
</kw>
<kw name="Should Match Regexp" owner="BuiltIn">
<arg>${json_data['results'][0]['registered']['date']}</arg>
<arg>\\d{4}-\\d{2}-\\d{2}T\\d{2}:\\d{2}:\\d{2}\\.\\d{3}Z</arg>
<doc>Fails if ``string`` does not match ``pattern`` as a regular expression.</doc>
<status status="PASS" start="2024-07-08T18:20:14.882330" elapsed="0.000414"/>
</kw>
<kw name="Should Match Regexp" owner="BuiltIn">
<arg>${json_data['results'][0]['picture']['large']}</arg>
<arg>^https?://.*\.(?:png|jpe?g|gif|bmp)$</arg>
<doc>Fails if ``string`` does not match ``pattern`` as a regular expression.</doc>
<status status="PASS" start="2024-07-08T18:20:14.882930" elapsed="0.000458"/>
</kw>
<kw name="Should Match Regexp" owner="BuiltIn">
<arg>${json_data['results'][0]['picture']['medium']}</arg>
<arg>^https?://.*\.(?:png|jpe?g|gif|bmp)$</arg>
<doc>Fails if ``string`` does not match ``pattern`` as a regular expression.</doc>
<status status="PASS" start="2024-07-08T18:20:14.883576" elapsed="0.000348"/>
</kw>
<kw name="Should Match Regexp" owner="BuiltIn">
<arg>${json_data['results'][0]['picture']['thumbnail']}</arg>
<arg>^https?://.*\.(?:png|jpe?g|gif|bmp)$</arg>
<doc>Fails if ``string`` does not match ``pattern`` as a regular expression.</doc>
<status status="PASS" start="2024-07-08T18:20:14.884104" elapsed="0.000344"/>
</kw>
<kw name="Log" owner="BuiltIn">
<msg time="2024-07-08T18:20:14.884957" level="INFO">{'large': 'https://randomuser.me/api/portraits/women/17.jpg', 'medium': 'https://randomuser.me/api/portraits/med/women/17.jpg', 'thumbnail': 'https://randomuser.me/api/portraits/thumb/women/17.jpg'}</msg>
<arg>${json_data['results'][0]['picture']}</arg>
<doc>Logs the given message with the given level.</doc>
<status status="PASS" start="2024-07-08T18:20:14.884631" elapsed="0.000368"/>
</kw>
<status status="PASS" start="2024-07-08T18:20:14.776927" elapsed="0.108331"/>
</kw>
<kw name="Teste de Tipos de Dados - Postcode" owner="random-user-service">
<kw name="GET On Session" owner="RequestsLibrary">
<msg time="2024-07-08T18:20:14.931909" level="INFO">GET Request : url=https://randomuser.me/api 
 path_url=/api 
 headers={'User-Agent': 'python-requests/2.32.3', 'Accept-Encoding': 'gzip, deflate', 'Accept': '*/*', 'Connection': 'keep-alive'} 
 body=None 
 </msg>
<msg time="2024-07-08T18:20:14.932013" level="INFO">GET Response : url=https://randomuser.me/api 
 status=200, reason=OK 
 headers={'Date': 'Mon, 08 Jul 2024 18:20:14 GMT', 'Content-Type': 'application/json; charset=utf-8', 'Transfer-Encoding': 'chunked', 'Connection': 'keep-alive', 'X-Powered-By': 'Express', 'Access-Control-Allow-Origin': '*', 'Cache-Control': 'no-cache', 'ETag': 'W/"493-ReHLi3ZfdDprVpcHp/49Ktk0dGg"', 'Vary': 'Accept-Encoding', 'Content-Encoding': 'gzip', 'CF-Cache-Status': 'DYNAMIC', 'Report-To': '{"endpoints":[{"url":"https:\\/\\/a.nel.cloudflare.com\\/report\\/v4?s=Mcf2E78mnHEKbKjA6WPhKg7r0wUPKGTTWAF3USgmSi9OR%2Bmk4MylGO1C02VVx1ZUuGmTgivB%2FmuVsvBQmeoj7xufvLdu%2FrqfGcpzcqyVp5KF0ht1EZDQYpkdr04ZmfSj"}],"group":"cf-nel","max_age":604800}', 'NEL': '{"success_fraction":0,"report_to":"cf-nel","max_age":604800}', 'Server': 'cloudflare', 'CF-RAY': '8a0216510f04823c-IAD', 'alt-svc': 'h3=":443"; ma=86400'} 
 body={"results":[{"gender":"female","name":{"title":"Mrs","first":"Isobel","last":"Anderson"},"location":{"street":{"number":5710,"name":"Lunn Avenue"},"city":"Tauranga","state":"Southland","country":"New Zealand","postcode":40148,"coordinates":{"latitude":"52.4290","longitude":"17.3011"},"timezone":{"offset":"+5:30","description":"Bombay, Calcutta, Madras, New Delhi"}},"email":"isobel.anderson@example.com","login":{"uuid":"706b97ca-56e6-4447-926f-b86f69648037","username":"yellowpanda576","password":"hehehe","salt":"x5xssD1j","md5":"8f4f10ec5773df1d56dbf3affe84ae16","sha1":"941ff56b3bb60f98c229224356454d6407b025f6","sha256":"c94d6fad05bcd67ce829838b4836edd0365bcc5c3e0e05334e16c09f5af29696"},"dob":{"date":"1965-12-09T06:01:49.269Z","age":58},"registered":{"date":"2021-07-06T11:34:58.419Z","age":3},"phone":"(543)-502-4162","cell":"(152)-110-1483","id":{"name":"","value":null},"picture":{"large":"https://randomuser.me/api/portraits/women/40.jpg","medium":"https://randomuser.me/api/portraits/med/women/40.jpg","thumbnail":"https://randomuser.me/api/portraits/thumb/women/40.jpg"},"nat":"NZ"}],"info":{"seed":"5a464fd2e57d8391","results":1,"page":1,"version":"1.4"}} 
 </msg>
<msg time="2024-07-08T18:20:14.932102" level="INFO">/opt/hostedtoolcache/Python/3.12.4/x64/lib/python3.12/site-packages/urllib3/connectionpool.py:1099: InsecureRequestWarning: Unverified HTTPS request is being made to host 'randomuser.me'. Adding certificate verification is strongly advised. See: https://urllib3.readthedocs.io/en/latest/advanced-usage.html#tls-warnings
  warnings.warn(</msg>
<msg time="2024-07-08T18:20:14.932260" level="INFO">${response} = &lt;Response [200]&gt;</msg>
<var>${response}</var>
<arg>consultarAPI</arg>
<arg>/api</arg>
<doc>Sends a GET request on a previously created HTTP Session.</doc>
<status status="PASS" start="2024-07-08T18:20:14.885706" elapsed="0.046606"/>
</kw>
<kw name="Set Variable" owner="BuiltIn">
<msg time="2024-07-08T18:20:14.933310" level="INFO">${json_data} = {'results': [{'gender': 'female', 'name': {'title': 'Mrs', 'first': 'Isobel', 'last': 'Anderson'}, 'location': {'street': {'number': 5710, 'name': 'Lunn Avenue'}, 'city': 'Tauranga', 'state': 'Southla...</msg>
<var>${json_data}</var>
<arg>${response.json()}</arg>
<doc>Returns the given values which can then be assigned to a variables.</doc>
<status status="PASS" start="2024-07-08T18:20:14.932809" elapsed="0.000530"/>
</kw>
<kw name="Log" owner="BuiltIn">
<msg time="2024-07-08T18:20:14.933803" level="INFO">{'results': [{'gender': 'female', 'name': {'title': 'Mrs', 'first': 'Isobel', 'last': 'Anderson'}, 'location': {'street': {'number': 5710, 'name': 'Lunn Avenue'}, 'city': 'Tauranga', 'state': 'Southland', 'country': 'New Zealand', 'postcode': 40148, 'coordinates': {'latitude': '52.4290', 'longitude': '17.3011'}, 'timezone': {'offset': '+5:30', 'description': 'Bombay, Calcutta, Madras, New Delhi'}}, 'email': 'isobel.anderson@example.com', 'login': {'uuid': '706b97ca-56e6-4447-926f-b86f69648037', 'username': 'yellowpanda576', 'password': 'hehehe', 'salt': 'x5xssD1j', 'md5': '8f4f10ec5773df1d56dbf3affe84ae16', 'sha1': '941ff56b3bb60f98c229224356454d6407b025f6', 'sha256': 'c94d6fad05bcd67ce829838b4836edd0365bcc5c3e0e05334e16c09f5af29696'}, 'dob': {'date': '1965-12-09T06:01:49.269Z', 'age': 58}, 'registered': {'date': '2021-07-06T11:34:58.419Z', 'age': 3}, 'phone': '(543)-502-4162', 'cell': '(152)-110-1483', 'id': {'name': '', 'value': None}, 'picture': {'large': 'https://randomuser.me/api/portraits/women/40.jpg', 'medium': 'https://randomuser.me/api/portraits/med/women/40.jpg', 'thumbnail': 'https://randomuser.me/api/portraits/thumb/women/40.jpg'}, 'nat': 'NZ'}], 'info': {'seed': '5a464fd2e57d8391', 'results': 1, 'page': 1, 'version': '1.4'}}</msg>
<arg>${json_data}</arg>
<doc>Logs the given message with the given level.</doc>
<status status="PASS" start="2024-07-08T18:20:14.933648" elapsed="0.000202"/>
</kw>
<kw name="Should Be Equal As Numbers" owner="BuiltIn">
<arg>${json_data['results'][0]['location']['postcode']}</arg>
<arg>${json_data['results'][0]['location']['postcode']}</arg>
<doc>Fails if objects are unequal after converting them to real numbers.</doc>
<status status="PASS" start="2024-07-08T18:20:14.934148" elapsed="0.000687"/>
</kw>
<kw name="Log" owner="BuiltIn">
<msg time="2024-07-08T18:20:14.935576" level="INFO">40148</msg>
<arg>${json_data['results'][0]['location']['postcode']}</arg>
<doc>Logs the given message with the given level.</doc>
<status status="PASS" start="2024-07-08T18:20:14.935065" elapsed="0.000553"/>
</kw>
<status status="PASS" start="2024-07-08T18:20:14.885480" elapsed="0.050398"/>
</kw>
<doc>Testa se os tipos de dados na resposta da API estão corretos.</doc>
<tag>testeTiposDados</tag>
<status status="PASS" start="2024-07-08T18:20:14.776483" elapsed="0.159562"/>
</test>
<test id="s1-s1-t5" name="Validar conteudo" line="35">
<kw name="Teste de Tipos de Conteudo" owner="random-user-service">
<kw name="GET On Session" owner="RequestsLibrary">
<msg time="2024-07-08T18:20:15.035004" level="INFO">GET Request : url=https://randomuser.me/api 
 path_url=/api 
 headers={'User-Agent': 'python-requests/2.32.3', 'Accept-Encoding': 'gzip, deflate', 'Accept': '*/*', 'Connection': 'keep-alive'} 
 body=None 
 </msg>
<msg time="2024-07-08T18:20:15.035102" level="INFO">GET Response : url=https://randomuser.me/api 
 status=200, reason=OK 
 headers={'Date': 'Mon, 08 Jul 2024 18:20:15 GMT', 'Content-Type': 'application/json; charset=utf-8', 'Transfer-Encoding': 'chunked', 'Connection': 'keep-alive', 'X-Powered-By': 'Express', 'Access-Control-Allow-Origin': '*', 'Cache-Control': 'no-cache', 'ETag': 'W/"49f-MqXDlCgOPtyDhTwRhPXOBYakWg4"', 'Vary': 'Accept-Encoding', 'Content-Encoding': 'gzip', 'CF-Cache-Status': 'DYNAMIC', 'Report-To': '{"endpoints":[{"url":"https:\\/\\/a.nel.cloudflare.com\\/report\\/v4?s=asj7eQWxwkYNreKG%2BHjGNUUUwXCrW3JojDmbbfY2a4DeJOr1tDVrpkTXT2sgh02quBEsu%2B4X7mV90qlBziuvX3yaQMqnFj7ZyuU6RFdkzaNC5ROsJ%2BGUAG%2BaUwKZFWNY"}],"group":"cf-nel","max_age":604800}', 'NEL': '{"success_fraction":0,"report_to":"cf-nel","max_age":604800}', 'Server': 'cloudflare', 'CF-RAY': '8a0216516f78823c-IAD', 'alt-svc': 'h3=":443"; ma=86400'} 
 body={"results":[{"gender":"female","name":{"title":"Ms","first":"Maëline","last":"Joly"},"location":{"street":{"number":5629,"name":"Quai Charles-De-Gaulle"},"city":"Nantes","state":"Loire-Atlantique","country":"France","postcode":28990,"coordinates":{"latitude":"-15.7403","longitude":"10.0100"},"timezone":{"offset":"-12:00","description":"Eniwetok, Kwajalein"}},"email":"maeline.joly@example.com","login":{"uuid":"b7d09599-36c9-4028-abd1-d8599e010afc","username":"beautifulswan602","password":"subaru","salt":"AWJblGlQ","md5":"32e62bfd3a89a46936d808f2bc48bbbf","sha1":"9f2cedd7b6bfee4d90f7079aca942e8a0817d0e3","sha256":"d49c4980a559a3052da7124ab57d3f3ef74c1974484877adb434cad27321dbc1"},"dob":{"date":"1964-11-17T10:18:20.474Z","age":59},"registered":{"date":"2014-09-01T01:09:53.680Z","age":9},"phone":"05-00-06-97-13","cell":"06-60-50-02-45","id":{"name":"INSEE","value":"2641009080188 10"},"picture":{"large":"https://randomuser.me/api/portraits/women/57.jpg","medium":"https://randomuser.me/api/portraits/med/women/57.jpg","thumbnail":"https://randomuser.me/api/portraits/thumb/women/57.jpg"},"nat":"FR"}],"info":{"seed":"ce64b0de41f080c2","results":1,"page":1,"version":"1.4"}} 
 </msg>
<msg time="2024-07-08T18:20:15.035175" level="INFO">/opt/hostedtoolcache/Python/3.12.4/x64/lib/python3.12/site-packages/urllib3/connectionpool.py:1099: InsecureRequestWarning: Unverified HTTPS request is being made to host 'randomuser.me'. Adding certificate verification is strongly advised. See: https://urllib3.readthedocs.io/en/latest/advanced-usage.html#tls-warnings
  warnings.warn(</msg>
<msg time="2024-07-08T18:20:15.035297" level="INFO">${response} = &lt;Response [200]&gt;</msg>
<var>${response}</var>
<arg>consultarAPI</arg>
<arg>/api</arg>
<doc>Sends a GET request on a previously created HTTP Session.</doc>
<status status="PASS" start="2024-07-08T18:20:14.939058" elapsed="0.096280"/>
</kw>
<kw name="Set Variable" owner="BuiltIn">
<msg time="2024-07-08T18:20:15.036558" level="INFO">${json_data} = {'results': [{'gender': 'female', 'name': {'title': 'Ms', 'first': 'Maëline', 'last': 'Joly'}, 'location': {'street': {'number': 5629, 'name': 'Quai Charles-De-Gaulle'}, 'city': 'Nantes', 'state': 'Lo...</msg>
<var>${json_data}</var>
<arg>${response.json()}</arg>
<doc>Returns the given values which can then be assigned to a variables.</doc>
<status status="PASS" start="2024-07-08T18:20:15.035970" elapsed="0.000619"/>
</kw>
<kw name="Set Variable" owner="BuiltIn">
<msg time="2024-07-08T18:20:15.037288" level="INFO">${name_title} = Ms</msg>
<var>${name_title}</var>
<arg>${json_data["results"][0]["name"]["title"]}</arg>
<doc>Returns the given values which can then be assigned to a variables.</doc>
<status status="PASS" start="2024-07-08T18:20:15.036899" elapsed="0.000414"/>
</kw>
<kw name="Create List" owner="BuiltIn">
<msg time="2024-07-08T18:20:15.037761" level="INFO">${allowed_titles} = ['Mr', 'Ms', 'Miss', 'Mrs', 'Madame', 'Monsieur']</msg>
<var>${allowed_titles}</var>
<arg>Mr</arg>
<arg>Ms</arg>
<arg>Miss</arg>
<arg>Mrs</arg>
<arg>Madame</arg>
<arg>Monsieur</arg>
<doc>Returns a list containing given items.</doc>
<status status="PASS" start="2024-07-08T18:20:15.037612" elapsed="0.000174"/>
</kw>
<kw name="List Should Contain Value" owner="Collections">
<arg>${allowed_titles}</arg>
<arg>${name_title}</arg>
<doc>Fails if the ``value`` is not found from ``list``.</doc>
<status status="PASS" start="2024-07-08T18:20:15.038084" elapsed="0.000188"/>
</kw>
<kw name="Set Variable" owner="BuiltIn">
<msg time="2024-07-08T18:20:15.038865" level="INFO">${name_country} = FR</msg>
<var>${name_country}</var>
<arg>${json_data["results"][0]["nat"]}</arg>
<doc>Returns the given values which can then be assigned to a variables.</doc>
<status status="PASS" start="2024-07-08T18:20:15.038456" elapsed="0.000434"/>
</kw>
<kw name="Create List" owner="BuiltIn">
<msg time="2024-07-08T18:20:15.039777" level="INFO">${list_country} = ['AD', 'AE', 'AF', 'AG', 'AI', 'AL', 'AM', 'AO', 'AQ', 'AR', 'AS', 'AT', 'AU', 'AW', 'AX', 'AZ', 'BA', 'BB', 'BD', 'BE', 'BF', 'BG', 'BH', 'BI', 'BJ', 'BL', 'BM', 'BN', 'BO', 'BQ', 'BR', 'BS', 'BT', '...</msg>
<var>${list_country}</var>
<arg>AD</arg>
<arg>AE</arg>
<arg>AF</arg>
<arg>AG</arg>
<arg>AI</arg>
<arg>AL</arg>
<arg>AM</arg>
<arg>AO</arg>
<arg>AQ</arg>
<arg>AR</arg>
<arg>AS</arg>
<arg>AT</arg>
<arg>AU</arg>
<arg>AW</arg>
<arg>AX</arg>
<arg>AZ</arg>
<arg>BA</arg>
<arg>BB</arg>
<arg>BD</arg>
<arg>BE</arg>
<arg>BF</arg>
<arg>BG</arg>
<arg>BH</arg>
<arg>BI</arg>
<arg>BJ</arg>
<arg>BL</arg>
<arg>BM</arg>
<arg>BN</arg>
<arg>BO</arg>
<arg>BQ</arg>
<arg>BR</arg>
<arg>BS</arg>
<arg>BT</arg>
<arg>BV</arg>
<arg>BW</arg>
<arg>BY</arg>
<arg>BZ</arg>
<arg>CA</arg>
<arg>CC</arg>
<arg>CD</arg>
<arg>CF</arg>
<arg>CG</arg>
<arg>CH</arg>
<arg>CI</arg>
<arg>CK</arg>
<arg>CL</arg>
<arg>CM</arg>
<arg>CN</arg>
<arg>CO</arg>
<arg>CR</arg>
<arg>CU</arg>
<arg>CV</arg>
<arg>CW</arg>
<arg>CX</arg>
<arg>CY</arg>
<arg>CZ</arg>
<arg>DE</arg>
<arg>DJ</arg>
<arg>DK</arg>
<arg>DM</arg>
<arg>DO</arg>
<arg>DZ</arg>
<arg>EC</arg>
<arg>EE</arg>
<arg>EG</arg>
<arg>EH</arg>
<arg>ER</arg>
<arg>ES</arg>
<arg>ET</arg>
<arg>FI</arg>
<arg>FJ</arg>
<arg>FK</arg>
<arg>FM</arg>
<arg>FO</arg>
<arg>FR</arg>
<arg>GA</arg>
<arg>GB</arg>
<arg>GD</arg>
<arg>GE</arg>
<arg>GF</arg>
<arg>GG</arg>
<arg>GH</arg>
<arg>GI</arg>
<arg>GL</arg>
<arg>GM</arg>
<arg>GN</arg>
<arg>GP</arg>
<arg>GQ</arg>
<arg>GR</arg>
<arg>GS</arg>
<arg>GT</arg>
<arg>GU</arg>
<arg>GW</arg>
<arg>GY</arg>
<arg>HK</arg>
<arg>HM</arg>
<arg>HN</arg>
<arg>HR</arg>
<arg>HT</arg>
<arg>HU</arg>
<arg>ID</arg>
<arg>IE</arg>
<arg>IL</arg>
<arg>IM</arg>
<arg>IN</arg>
<arg>IO</arg>
<arg>IQ</arg>
<arg>IR</arg>
<arg>IS</arg>
<arg>IT</arg>
<arg>JE</arg>
<arg>JM</arg>
<arg>JO</arg>
<arg>JP</arg>
<arg>KE</arg>
<arg>KG</arg>
<arg>KH</arg>
<arg>KI</arg>
<arg>KM</arg>
<arg>KN</arg>
<arg>KP</arg>
<arg>KR</arg>
<arg>KW</arg>
<arg>KY</arg>
<arg>KZ</arg>
<arg>LA</arg>
<arg>LB</arg>
<arg>LC</arg>
<arg>LI</arg>
<arg>LK</arg>
<arg>LR</arg>
<arg>LS</arg>
<arg>LT</arg>
<arg>LU</arg>
<arg>LV</arg>
<arg>LY</arg>
<arg>MA</arg>
<arg>MC</arg>
<arg>MD</arg>
<arg>ME</arg>
<arg>MF</arg>
<arg>MG</arg>
<arg>MH</arg>
<arg>MK</arg>
<arg>ML</arg>
<arg>MM</arg>
<arg>MN</arg>
<arg>MO</arg>
<arg>MP</arg>
<arg>MQ</arg>
<arg>MR</arg>
<arg>MS</arg>
<arg>MT</arg>
<arg>MU</arg>
<arg>MV</arg>
<arg>MW</arg>
<arg>MX</arg>
<arg>MY</arg>
<arg>MZ</arg>
<arg>NA</arg>
<arg>NC</arg>
<arg>NE</arg>
<arg>NF</arg>
<arg>NG</arg>
<arg>NI</arg>
<arg>NL</arg>
<arg>NO</arg>
<arg>NP</arg>
<arg>NR</arg>
<arg>NU</arg>
<arg>NZ</arg>
<arg>OM</arg>
<arg>PA</arg>
<arg>PE</arg>
<arg>PF</arg>
<arg>PG</arg>
<arg>PH</arg>
<arg>PK</arg>
<arg>PL</arg>
<arg>PM</arg>
<arg>PN</arg>
<arg>PR</arg>
<arg>PS</arg>
<arg>PT</arg>
<arg>PW</arg>
<arg>PY</arg>
<arg>QA</arg>
<arg>RE</arg>
<arg>RO</arg>
<arg>RS</arg>
<arg>RU</arg>
<arg>RW</arg>
<arg>SA</arg>
<arg>SB</arg>
<arg>SC</arg>
<arg>SD</arg>
<arg>SE</arg>
<arg>SG</arg>
<arg>SH</arg>
<arg>SI</arg>
<arg>SJ</arg>
<arg>SK</arg>
<arg>SL</arg>
<arg>SM</arg>
<arg>SN</arg>
<arg>SO</arg>
<arg>SR</arg>
<arg>SS</arg>
<arg>ST</arg>
<arg>SV</arg>
<arg>SX</arg>
<arg>SY</arg>
<arg>SZ</arg>
<arg>TC</arg>
<arg>TD</arg>
<arg>TF</arg>
<arg>TG</arg>
<arg>TH</arg>
<arg>TJ</arg>
<arg>TK</arg>
<arg>TL</arg>
<arg>TM</arg>
<arg>TN</arg>
<arg>TO</arg>
<arg>TR</arg>
<arg>TT</arg>
<arg>TV</arg>
<arg>TW</arg>
<arg>TZ</arg>
<arg>UA</arg>
<arg>UG</arg>
<arg>UM</arg>
<arg>US</arg>
<arg>UY</arg>
<arg>UZ</arg>
<arg>VA</arg>
<arg>VC</arg>
<arg>VE</arg>
<arg>VG</arg>
<arg>VI</arg>
<arg>VN</arg>
<arg>VU</arg>
<arg>WF</arg>
<arg>WS</arg>
<arg>XK</arg>
<arg>YE</arg>
<arg>YT</arg>
<arg>ZA</arg>
<arg>ZM</arg>
<arg>ZW</arg>
<doc>Returns a list containing given items.</doc>
<status status="PASS" start="2024-07-08T18:20:15.039182" elapsed="0.000621"/>
</kw>
<kw name="List Should Contain Value" owner="Collections">
<arg>${list_country}</arg>
<arg>${name_country}</arg>
<doc>Fails if the ``value`` is not found from ``list``.</doc>
<status status="PASS" start="2024-07-08T18:20:15.040592" elapsed="0.000200"/>
</kw>
<kw name="Run Keyword If" owner="BuiltIn">
<kw name="Should Be True" owner="BuiltIn">
<arg>${True}</arg>
<doc>Fails if the given condition is not true.</doc>
<status status="PASS" start="2024-07-08T18:20:15.041727" elapsed="0.000140"/>
</kw>
<arg>${json_data["results"][0]["location"]["coordinates"]["latitude"]} &gt;= -90 and ${json_data["results"][0]["location"]["coordinates"]["latitude"]} &lt;= 90</arg>
<arg>Should Be True</arg>
<arg>${True}</arg>
<doc>Runs the given keyword with the given arguments, if ``condition`` is true.</doc>
<status status="PASS" start="2024-07-08T18:20:15.040986" elapsed="0.001006"/>
</kw>
<kw name="Run Keyword If" owner="BuiltIn">
<kw name="Should Be True" owner="BuiltIn">
<arg>${True}</arg>
<doc>Fails if the given condition is not true.</doc>
<status status="PASS" start="2024-07-08T18:20:15.042899" elapsed="0.000243"/>
</kw>
<arg>${json_data["results"][0]["location"]["coordinates"]["longitude"]} &gt;= -180 and ${json_data["results"][0]["location"]["coordinates"]["longitude"]} &lt;= 180</arg>
<arg>Should Be True</arg>
<arg>${True}</arg>
<doc>Runs the given keyword with the given arguments, if ``condition`` is true.</doc>
<status status="PASS" start="2024-07-08T18:20:15.042173" elapsed="0.001100"/>
</kw>
<status status="PASS" start="2024-07-08T18:20:14.938675" elapsed="0.104733"/>
</kw>
<doc>Testa o conteúdo específico dos campos retornados pela API.</doc>
<tag>testeConteudo</tag>
<status status="PASS" start="2024-07-08T18:20:14.937920" elapsed="0.105639"/>
</test>
<status status="PASS" start="2024-07-08T18:20:14.086595" elapsed="0.958994"/>
</suite>
<status status="PASS" start="2024-07-08T18:20:14.070809" elapsed="0.979833"/>
</suite>
<statistics>
<total>
<stat pass="5" fail="0" skip="0">All Tests</stat>
</total>
<tag>
<stat pass="1" fail="0" skip="0">testeConteudo</stat>
<stat pass="1" fail="0" skip="0">testeEstruturaResposta</stat>
<stat pass="1" fail="0" skip="0">testeRequisicaoBasica</stat>
<stat pass="1" fail="0" skip="0">testeTiposDados</stat>
</tag>
<suite>
<stat pass="5" fail="0" skip="0" id="s1" name="Tests">Tests</stat>
<stat pass="5" fail="0" skip="0" id="s1-s1" name="Random-User-Test">Tests.Random-User-Test</stat>
</suite>
</statistics>
<errors>
</errors>
</robot>
