<?xml version="1.0" encoding="UTF-8"?>
<robot generator="Robot 7.0 (Python 3.12.2 on linux)" generated="2024-04-04T15:14:03.564226" rpa="false" schemaversion="5">
<suite id="s1" name="Tests" source="/home/runner/work/DesafioQAItauRogerioJordao/DesafioQAItauRogerioJordao/RamdonUser/tests">
<suite id="s1-s1" name="Random-User-Test" source="/home/runner/work/DesafioQAItauRogerioJordao/DesafioQAItauRogerioJordao/RamdonUser/tests/random-user-test.robot">
<test id="s1-s1-t1" name="Conectar" line="13">
<kw name="Conectar API" owner="random-user-service">
<kw name="Create Session" owner="RequestsLibrary">
<msg time="2024-04-04T15:14:03.961982" level="INFO">Creating Session using : alias=consultarAPI, url=https://randomuser.me/, headers={},                     cookies={}, auth=None, timeout=None, proxies=None, verify=False,                     debug=0 </msg>
<arg>consultarAPI</arg>
<arg>${URL}</arg>
<doc>Create Session: create a HTTP session to a server</doc>
<status status="PASS" start="2024-04-04T15:14:03.961774" elapsed="0.000401"/>
</kw>
<status status="PASS" start="2024-04-04T15:14:03.960695" elapsed="0.001852"/>
</kw>
<status status="PASS" start="2024-04-04T15:14:03.960125" elapsed="0.002633"/>
</test>
<test id="s1-s1-t2" name="Validar retorno 200 e JSON Válido" line="16">
<kw name="Teste de Requisicao Basica" owner="random-user-service">
<kw name="GET On Session" owner="RequestsLibrary">
<msg time="2024-04-04T15:14:04.132872" level="INFO">GET Request : url=https://randomuser.me/api 
 path_url=/api 
 headers={'User-Agent': 'python-requests/2.31.0', 'Accept-Encoding': 'gzip, deflate', 'Accept': '*/*', 'Connection': 'keep-alive'} 
 body=None 
 </msg>
<msg time="2024-04-04T15:14:04.133027" level="INFO">GET Response : url=https://randomuser.me/api 
 status=200, reason=OK 
 headers={'Date': 'Thu, 04 Apr 2024 15:14:04 GMT', 'Content-Type': 'application/json; charset=utf-8', 'Transfer-Encoding': 'chunked', 'Connection': 'keep-alive', 'X-Powered-By': 'Express', 'Access-Control-Allow-Origin': '*', 'Cache-Control': 'no-cache', 'ETag': 'W/"498-vU9C96GnFLHv3Jm5rtR9Wk1L70c"', 'Vary': 'Accept-Encoding', 'Content-Encoding': 'gzip', 'CF-Cache-Status': 'DYNAMIC', 'Report-To': '{"endpoints":[{"url":"https:\\/\\/a.nel.cloudflare.com\\/report\\/v4?s=xN3kKy3JO0qzwfRXFGcwTGZJ5MQo6MSCQI9vkRX36HX%2FxslgPy%2BVkOekBry%2FyVun5FeyUfNSx%2Fs%2FDxfSFYwnMz3ajG2juOJrcygxGF0I2mWsP2AP1Faz%2BFnHRnqlEDYN"}],"group":"cf-nel","max_age":604800}', 'NEL': '{"success_fraction":0,"report_to":"cf-nel","max_age":604800}', 'Server': 'cloudflare', 'CF-RAY': '86f23ef79ffe28a8-IAD', 'alt-svc': 'h3=":443"; ma=86400'} 
 body={"results":[{"gender":"male","name":{"title":"Monsieur","first":"Albert","last":"Lecomte"},"location":{"street":{"number":3035,"name":"Rue du Moulin"},"city":"Apples","state":"Bern","country":"Switzerland","postcode":6181,"coordinates":{"latitude":"-58.6692","longitude":"-146.5351"},"timezone":{"offset":"-3:00","description":"Brazil, Buenos Aires, Georgetown"}},"email":"albert.lecomte@example.com","login":{"uuid":"0854d038-6a6b-4d68-8109-b0b79c006661","username":"angrymeercat736","password":"alanis","salt":"APyRZAFX","md5":"dd94b92ff0fe2c8cca44727ebdc48c71","sha1":"f5b687ecdfb3125e22e41f8af0ececa9c49e72c7","sha256":"eeb89c45dbc14a31c5c965dbf548552fa84cfc2bd4bc5f3acb2d8e829937de9c"},"dob":{"date":"1945-08-22T11:44:07.573Z","age":78},"registered":{"date":"2016-11-07T15:59:39.678Z","age":7},"phone":"078 004 44 08","cell":"079 688 22 63","id":{"name":"AVS","value":"756.4888.0225.20"},"picture":{"large":"https://randomuser.me/api/portraits/men/44.jpg","medium":"https://randomuser.me/api/portraits/med/men/44.jpg","thumbnail":"https://randomuser.me/api/portraits/thumb/men/44.jpg"},"nat":"CH"}],"info":{"seed":"d7d8e890e4466d1c","results":1,"page":1,"version":"1.4"}} 
 </msg>
<msg time="2024-04-04T15:14:04.133134" level="INFO">/opt/hostedtoolcache/Python/3.12.2/x64/lib/python3.12/site-packages/urllib3/connectionpool.py:1103: InsecureRequestWarning: Unverified HTTPS request is being made to host 'randomuser.me'. Adding certificate verification is strongly advised. See: https://urllib3.readthedocs.io/en/latest/advanced-usage.html#tls-warnings
  warnings.warn(</msg>
<msg time="2024-04-04T15:14:04.133301" level="INFO">${response} = &lt;Response [200]&gt;</msg>
<var>${response}</var>
<arg>consultarAPI</arg>
<arg>/api</arg>
<doc>Sends a GET request on a previously created HTTP Session.</doc>
<status status="PASS" start="2024-04-04T15:14:03.965365" elapsed="0.167979"/>
</kw>
<kw name="Should Be Equal As Numbers" owner="BuiltIn">
<msg time="2024-04-04T15:14:04.134432" level="INFO">Argument types are:
&lt;class 'int'&gt;
&lt;class 'str'&gt;</msg>
<arg>${response.status_code}</arg>
<arg>200</arg>
<doc>Fails if objects are unequal after converting them to real numbers.</doc>
<status status="PASS" start="2024-04-04T15:14:04.133950" elapsed="0.000552"/>
</kw>
<kw name="Log" owner="BuiltIn">
<msg time="2024-04-04T15:14:04.135197" level="INFO">200</msg>
<arg>${response.status_code}</arg>
<doc>Logs the given message with the given level.</doc>
<status status="PASS" start="2024-04-04T15:14:04.134832" elapsed="0.000409"/>
</kw>
<kw name="Set Variable" owner="BuiltIn">
<msg time="2024-04-04T15:14:04.136083" level="INFO">${json_data} = {'results': [{'gender': 'male', 'name': {'title': 'Monsieur', 'first': 'Albert', 'last': 'Lecomte'}, 'location': {'street': {'number': 3035, 'name': 'Rue du Moulin'}, 'city': 'Apples', 'state': 'Bern'...</msg>
<var>${json_data}</var>
<arg>${response.json()}</arg>
<doc>Returns the given values which can then be assigned to a variables.</doc>
<status status="PASS" start="2024-04-04T15:14:04.135629" elapsed="0.000483"/>
</kw>
<kw name="Dictionary Should Contain Key" owner="Collections">
<msg time="2024-04-04T15:14:04.136599" level="INFO">False</msg>
<arg>${json_data}</arg>
<arg>results</arg>
<doc>Fails if ``key`` is not found from ``dictionary``.</doc>
<status status="PASS" start="2024-04-04T15:14:04.136424" elapsed="0.000216"/>
</kw>
<status status="PASS" start="2024-04-04T15:14:03.965111" elapsed="0.171795"/>
</kw>
<doc>Testa se a API responde corretamente e retorna um objeto JSON válido.</doc>
<tag>testeRequisicaoBasica</tag>
<status status="PASS" start="2024-04-04T15:14:03.964641" elapsed="0.172461"/>
</test>
<test id="s1-s1-t3" name="Validar estrutura de resposta" line="22">
<kw name="Teste de Estrutura de Resposta" owner="random-user-service">
<kw name="GET On Session" owner="RequestsLibrary">
<msg time="2024-04-04T15:14:04.235380" level="INFO">GET Request : url=https://randomuser.me/api 
 path_url=/api 
 headers={'User-Agent': 'python-requests/2.31.0', 'Accept-Encoding': 'gzip, deflate', 'Accept': '*/*', 'Connection': 'keep-alive'} 
 body=None 
 </msg>
<msg time="2024-04-04T15:14:04.235485" level="INFO">GET Response : url=https://randomuser.me/api 
 status=200, reason=OK 
 headers={'Date': 'Thu, 04 Apr 2024 15:14:04 GMT', 'Content-Type': 'application/json; charset=utf-8', 'Transfer-Encoding': 'chunked', 'Connection': 'keep-alive', 'X-Powered-By': 'Express', 'Access-Control-Allow-Origin': '*', 'Cache-Control': 'no-cache', 'ETag': 'W/"485-9QKEYT6SuAh17X9Izr8bSEJxulk"', 'Vary': 'Accept-Encoding', 'Content-Encoding': 'gzip', 'CF-Cache-Status': 'DYNAMIC', 'Report-To': '{"endpoints":[{"url":"https:\\/\\/a.nel.cloudflare.com\\/report\\/v4?s=r7E9TOTLnscx0TZIu9b%2FU59uJhSwizy7WEskv5aPxk5HvPMPpLo0C8gsala66PlFMDQNoTXnHpp3uRYvDfftJ4cvAPfqpRO1tIFMOlkcNaD%2F1ELarfPiJEx%2BY87hHIF%2B"}],"group":"cf-nel","max_age":604800}', 'NEL': '{"success_fraction":0,"report_to":"cf-nel","max_age":604800}', 'Server': 'cloudflare', 'CF-RAY': '86f23ef7d85228a8-IAD', 'alt-svc': 'h3=":443"; ma=86400'} 
 body={"results":[{"gender":"male","name":{"title":"Mr","first":"Raymond","last":"Berry"},"location":{"street":{"number":1234,"name":"Mill Road"},"city":"Laytown-Bettystown-Mornington","state":"Sligo","country":"Ireland","postcode":82079,"coordinates":{"latitude":"-0.7090","longitude":"-141.1687"},"timezone":{"offset":"+9:30","description":"Adelaide, Darwin"}},"email":"raymond.berry@example.com","login":{"uuid":"c0e168cc-a31f-4148-9c87-f790f1289e7b","username":"orangeladybug953","password":"shocker","salt":"Nme7fqFg","md5":"ccb347e5925cd01fcf269a9cb19828cf","sha1":"c7251d75f70fbeecbb0bba38a7d8452c796c49d4","sha256":"643d87e16905261c91a62255af362420e1d73a5f9adac72246a9f2085d87b8f4"},"dob":{"date":"1971-11-07T05:40:57.053Z","age":52},"registered":{"date":"2014-07-26T08:32:04.629Z","age":9},"phone":"071-015-5947","cell":"081-947-8178","id":{"name":"PPS","value":"8430707T"},"picture":{"large":"https://randomuser.me/api/portraits/men/0.jpg","medium":"https://randomuser.me/api/portraits/med/men/0.jpg","thumbnail":"https://randomuser.me/api/portraits/thumb/men/0.jpg"},"nat":"IE"}],"info":{"seed":"3d17ef52ee2a4398","results":1,"page":1,"version":"1.4"}} 
 </msg>
<msg time="2024-04-04T15:14:04.235629" level="INFO">/opt/hostedtoolcache/Python/3.12.2/x64/lib/python3.12/site-packages/urllib3/connectionpool.py:1103: InsecureRequestWarning: Unverified HTTPS request is being made to host 'randomuser.me'. Adding certificate verification is strongly advised. See: https://urllib3.readthedocs.io/en/latest/advanced-usage.html#tls-warnings
  warnings.warn(</msg>
<msg time="2024-04-04T15:14:04.235752" level="INFO">${response} = &lt;Response [200]&gt;</msg>
<var>${response}</var>
<arg>consultarAPI</arg>
<arg>/api</arg>
<doc>Sends a GET request on a previously created HTTP Session.</doc>
<status status="PASS" start="2024-04-04T15:14:04.139989" elapsed="0.095797"/>
</kw>
<kw name="Set Variable" owner="BuiltIn">
<msg time="2024-04-04T15:14:04.236835" level="INFO">${json_data} = {'results': [{'gender': 'male', 'name': {'title': 'Mr', 'first': 'Raymond', 'last': 'Berry'}, 'location': {'street': {'number': 1234, 'name': 'Mill Road'}, 'city': 'Laytown-Bettystown-Mornington', 'st...</msg>
<var>${json_data}</var>
<arg>${response.json()}</arg>
<doc>Returns the given values which can then be assigned to a variables.</doc>
<status status="PASS" start="2024-04-04T15:14:04.236315" elapsed="0.000549"/>
</kw>
<kw name="Log" owner="BuiltIn">
<msg time="2024-04-04T15:14:04.237336" level="INFO">{'results': [{'gender': 'male', 'name': {'title': 'Mr', 'first': 'Raymond', 'last': 'Berry'}, 'location': {'street': {'number': 1234, 'name': 'Mill Road'}, 'city': 'Laytown-Bettystown-Mornington', 'state': 'Sligo', 'country': 'Ireland', 'postcode': 82079, 'coordinates': {'latitude': '-0.7090', 'longitude': '-141.1687'}, 'timezone': {'offset': '+9:30', 'description': 'Adelaide, Darwin'}}, 'email': 'raymond.berry@example.com', 'login': {'uuid': 'c0e168cc-a31f-4148-9c87-f790f1289e7b', 'username': 'orangeladybug953', 'password': 'shocker', 'salt': 'Nme7fqFg', 'md5': 'ccb347e5925cd01fcf269a9cb19828cf', 'sha1': 'c7251d75f70fbeecbb0bba38a7d8452c796c49d4', 'sha256': '643d87e16905261c91a62255af362420e1d73a5f9adac72246a9f2085d87b8f4'}, 'dob': {'date': '1971-11-07T05:40:57.053Z', 'age': 52}, 'registered': {'date': '2014-07-26T08:32:04.629Z', 'age': 9}, 'phone': '071-015-5947', 'cell': '081-947-8178', 'id': {'name': 'PPS', 'value': '8430707T'}, 'picture': {'large': 'https://randomuser.me/api/portraits/men/0.jpg', 'medium': 'https://randomuser.me/api/portraits/med/men/0.jpg', 'thumbnail': 'https://randomuser.me/api/portraits/thumb/men/0.jpg'}, 'nat': 'IE'}], 'info': {'seed': '3d17ef52ee2a4398', 'results': 1, 'page': 1, 'version': '1.4'}}</msg>
<arg>${json_data}</arg>
<doc>Logs the given message with the given level.</doc>
<status status="PASS" start="2024-04-04T15:14:04.237175" elapsed="0.000209"/>
</kw>
<kw name="Dictionary Should Contain Key" owner="Collections">
<msg time="2024-04-04T15:14:04.237842" level="INFO">False</msg>
<arg>${json_data}</arg>
<arg>results</arg>
<doc>Fails if ``key`` is not found from ``dictionary``.</doc>
<status status="PASS" start="2024-04-04T15:14:04.237684" elapsed="0.000197"/>
</kw>
<kw name="Should Not Be Empty" owner="BuiltIn">
<msg time="2024-04-04T15:14:04.238310" level="INFO">Length is 2.</msg>
<arg>${json_data}</arg>
<doc>Verifies that the given item is not empty.</doc>
<status status="PASS" start="2024-04-04T15:14:04.238177" elapsed="0.000173"/>
</kw>
<kw name="Create List" owner="BuiltIn">
<msg time="2024-04-04T15:14:04.238795" level="INFO">${expected_keys} = ['gender', 'name', 'location', 'email', 'login']</msg>
<var>${expected_keys}</var>
<arg>gender</arg>
<arg>name</arg>
<arg>location</arg>
<arg>email</arg>
<arg>login</arg>
<doc>Returns a list containing given items.</doc>
<status status="PASS" start="2024-04-04T15:14:04.238641" elapsed="0.000178"/>
</kw>
<for flavor="IN">
<iter>
<kw name="Dictionary Should Contain Key" owner="Collections">
<msg time="2024-04-04T15:14:04.239851" level="INFO">False</msg>
<arg>${json_data['results'][0]}</arg>
<arg>${key}</arg>
<doc>Fails if ``key`` is not found from ``dictionary``.</doc>
<status status="PASS" start="2024-04-04T15:14:04.239446" elapsed="0.000446"/>
</kw>
<kw name="Log" owner="BuiltIn">
<msg time="2024-04-04T15:14:04.240616" level="INFO">{'gender': 'male', 'name': {'title': 'Mr', 'first': 'Raymond', 'last': 'Berry'}, 'location': {'street': {'number': 1234, 'name': 'Mill Road'}, 'city': 'Laytown-Bettystown-Mornington', 'state': 'Sligo', 'country': 'Ireland', 'postcode': 82079, 'coordinates': {'latitude': '-0.7090', 'longitude': '-141.1687'}, 'timezone': {'offset': '+9:30', 'description': 'Adelaide, Darwin'}}, 'email': 'raymond.berry@example.com', 'login': {'uuid': 'c0e168cc-a31f-4148-9c87-f790f1289e7b', 'username': 'orangeladybug953', 'password': 'shocker', 'salt': 'Nme7fqFg', 'md5': 'ccb347e5925cd01fcf269a9cb19828cf', 'sha1': 'c7251d75f70fbeecbb0bba38a7d8452c796c49d4', 'sha256': '643d87e16905261c91a62255af362420e1d73a5f9adac72246a9f2085d87b8f4'}, 'dob': {'date': '1971-11-07T05:40:57.053Z', 'age': 52}, 'registered': {'date': '2014-07-26T08:32:04.629Z', 'age': 9}, 'phone': '071-015-5947', 'cell': '081-947-8178', 'id': {'name': 'PPS', 'value': '8430707T'}, 'picture': {'large': 'https://randomuser.me/api/portraits/men/0.jpg', 'medium': 'https://randomuser.me/api/portraits/med/men/0.jpg', 'thumbnail': 'https://randomuser.me/api/portraits/thumb/men/0.jpg'}, 'nat': 'IE'}</msg>
<arg>${json_data['results'][0]}</arg>
<doc>Logs the given message with the given level.</doc>
<status status="PASS" start="2024-04-04T15:14:04.240202" elapsed="0.000469"/>
</kw>
<kw name="Log" owner="BuiltIn">
<msg time="2024-04-04T15:14:04.241109" level="INFO">gender</msg>
<arg>${key}</arg>
<doc>Logs the given message with the given level.</doc>
<status status="PASS" start="2024-04-04T15:14:04.240977" elapsed="0.000172"/>
</kw>
<var name="${key}">gender</var>
<status status="PASS" start="2024-04-04T15:14:04.239279" elapsed="0.002093"/>
</iter>
<iter>
<kw name="Dictionary Should Contain Key" owner="Collections">
<msg time="2024-04-04T15:14:04.242070" level="INFO">False</msg>
<arg>${json_data['results'][0]}</arg>
<arg>${key}</arg>
<doc>Fails if ``key`` is not found from ``dictionary``.</doc>
<status status="PASS" start="2024-04-04T15:14:04.241680" elapsed="0.000429"/>
</kw>
<kw name="Log" owner="BuiltIn">
<msg time="2024-04-04T15:14:04.242813" level="INFO">{'gender': 'male', 'name': {'title': 'Mr', 'first': 'Raymond', 'last': 'Berry'}, 'location': {'street': {'number': 1234, 'name': 'Mill Road'}, 'city': 'Laytown-Bettystown-Mornington', 'state': 'Sligo', 'country': 'Ireland', 'postcode': 82079, 'coordinates': {'latitude': '-0.7090', 'longitude': '-141.1687'}, 'timezone': {'offset': '+9:30', 'description': 'Adelaide, Darwin'}}, 'email': 'raymond.berry@example.com', 'login': {'uuid': 'c0e168cc-a31f-4148-9c87-f790f1289e7b', 'username': 'orangeladybug953', 'password': 'shocker', 'salt': 'Nme7fqFg', 'md5': 'ccb347e5925cd01fcf269a9cb19828cf', 'sha1': 'c7251d75f70fbeecbb0bba38a7d8452c796c49d4', 'sha256': '643d87e16905261c91a62255af362420e1d73a5f9adac72246a9f2085d87b8f4'}, 'dob': {'date': '1971-11-07T05:40:57.053Z', 'age': 52}, 'registered': {'date': '2014-07-26T08:32:04.629Z', 'age': 9}, 'phone': '071-015-5947', 'cell': '081-947-8178', 'id': {'name': 'PPS', 'value': '8430707T'}, 'picture': {'large': 'https://randomuser.me/api/portraits/men/0.jpg', 'medium': 'https://randomuser.me/api/portraits/med/men/0.jpg', 'thumbnail': 'https://randomuser.me/api/portraits/thumb/men/0.jpg'}, 'nat': 'IE'}</msg>
<arg>${json_data['results'][0]}</arg>
<doc>Logs the given message with the given level.</doc>
<status status="PASS" start="2024-04-04T15:14:04.242446" elapsed="0.000416"/>
</kw>
<kw name="Log" owner="BuiltIn">
<msg time="2024-04-04T15:14:04.243310" level="INFO">name</msg>
<arg>${key}</arg>
<doc>Logs the given message with the given level.</doc>
<status status="PASS" start="2024-04-04T15:14:04.243162" elapsed="0.000191"/>
</kw>
<var name="${key}">name</var>
<status status="PASS" start="2024-04-04T15:14:04.241564" elapsed="0.002016"/>
</iter>
<iter>
<kw name="Dictionary Should Contain Key" owner="Collections">
<msg time="2024-04-04T15:14:04.244268" level="INFO">False</msg>
<arg>${json_data['results'][0]}</arg>
<arg>${key}</arg>
<doc>Fails if ``key`` is not found from ``dictionary``.</doc>
<status status="PASS" start="2024-04-04T15:14:04.243872" elapsed="0.000443"/>
</kw>
<kw name="Log" owner="BuiltIn">
<msg time="2024-04-04T15:14:04.245001" level="INFO">{'gender': 'male', 'name': {'title': 'Mr', 'first': 'Raymond', 'last': 'Berry'}, 'location': {'street': {'number': 1234, 'name': 'Mill Road'}, 'city': 'Laytown-Bettystown-Mornington', 'state': 'Sligo', 'country': 'Ireland', 'postcode': 82079, 'coordinates': {'latitude': '-0.7090', 'longitude': '-141.1687'}, 'timezone': {'offset': '+9:30', 'description': 'Adelaide, Darwin'}}, 'email': 'raymond.berry@example.com', 'login': {'uuid': 'c0e168cc-a31f-4148-9c87-f790f1289e7b', 'username': 'orangeladybug953', 'password': 'shocker', 'salt': 'Nme7fqFg', 'md5': 'ccb347e5925cd01fcf269a9cb19828cf', 'sha1': 'c7251d75f70fbeecbb0bba38a7d8452c796c49d4', 'sha256': '643d87e16905261c91a62255af362420e1d73a5f9adac72246a9f2085d87b8f4'}, 'dob': {'date': '1971-11-07T05:40:57.053Z', 'age': 52}, 'registered': {'date': '2014-07-26T08:32:04.629Z', 'age': 9}, 'phone': '071-015-5947', 'cell': '081-947-8178', 'id': {'name': 'PPS', 'value': '8430707T'}, 'picture': {'large': 'https://randomuser.me/api/portraits/men/0.jpg', 'medium': 'https://randomuser.me/api/portraits/med/men/0.jpg', 'thumbnail': 'https://randomuser.me/api/portraits/thumb/men/0.jpg'}, 'nat': 'IE'}</msg>
<arg>${json_data['results'][0]}</arg>
<doc>Logs the given message with the given level.</doc>
<status status="PASS" start="2024-04-04T15:14:04.244636" elapsed="0.000430"/>
</kw>
<kw name="Log" owner="BuiltIn">
<msg time="2024-04-04T15:14:04.245530" level="INFO">location</msg>
<arg>${key}</arg>
<doc>Logs the given message with the given level.</doc>
<status status="PASS" start="2024-04-04T15:14:04.245383" elapsed="0.000187"/>
</kw>
<var name="${key}">location</var>
<status status="PASS" start="2024-04-04T15:14:04.243760" elapsed="0.002035"/>
</iter>
<iter>
<kw name="Dictionary Should Contain Key" owner="Collections">
<msg time="2024-04-04T15:14:04.246474" level="INFO">False</msg>
<arg>${json_data['results'][0]}</arg>
<arg>${key}</arg>
<doc>Fails if ``key`` is not found from ``dictionary``.</doc>
<status status="PASS" start="2024-04-04T15:14:04.246089" elapsed="0.000424"/>
</kw>
<kw name="Log" owner="BuiltIn">
<msg time="2024-04-04T15:14:04.247171" level="INFO">{'gender': 'male', 'name': {'title': 'Mr', 'first': 'Raymond', 'last': 'Berry'}, 'location': {'street': {'number': 1234, 'name': 'Mill Road'}, 'city': 'Laytown-Bettystown-Mornington', 'state': 'Sligo', 'country': 'Ireland', 'postcode': 82079, 'coordinates': {'latitude': '-0.7090', 'longitude': '-141.1687'}, 'timezone': {'offset': '+9:30', 'description': 'Adelaide, Darwin'}}, 'email': 'raymond.berry@example.com', 'login': {'uuid': 'c0e168cc-a31f-4148-9c87-f790f1289e7b', 'username': 'orangeladybug953', 'password': 'shocker', 'salt': 'Nme7fqFg', 'md5': 'ccb347e5925cd01fcf269a9cb19828cf', 'sha1': 'c7251d75f70fbeecbb0bba38a7d8452c796c49d4', 'sha256': '643d87e16905261c91a62255af362420e1d73a5f9adac72246a9f2085d87b8f4'}, 'dob': {'date': '1971-11-07T05:40:57.053Z', 'age': 52}, 'registered': {'date': '2014-07-26T08:32:04.629Z', 'age': 9}, 'phone': '071-015-5947', 'cell': '081-947-8178', 'id': {'name': 'PPS', 'value': '8430707T'}, 'picture': {'large': 'https://randomuser.me/api/portraits/men/0.jpg', 'medium': 'https://randomuser.me/api/portraits/med/men/0.jpg', 'thumbnail': 'https://randomuser.me/api/portraits/thumb/men/0.jpg'}, 'nat': 'IE'}</msg>
<arg>${json_data['results'][0]}</arg>
<doc>Logs the given message with the given level.</doc>
<status status="PASS" start="2024-04-04T15:14:04.246814" elapsed="0.000405"/>
</kw>
<kw name="Log" owner="BuiltIn">
<msg time="2024-04-04T15:14:04.247682" level="INFO">email</msg>
<arg>${key}</arg>
<doc>Logs the given message with the given level.</doc>
<status status="PASS" start="2024-04-04T15:14:04.247552" elapsed="0.000168"/>
</kw>
<var name="${key}">email</var>
<status status="PASS" start="2024-04-04T15:14:04.245978" elapsed="0.001970"/>
</iter>
<iter>
<kw name="Dictionary Should Contain Key" owner="Collections">
<msg time="2024-04-04T15:14:04.248639" level="INFO">False</msg>
<arg>${json_data['results'][0]}</arg>
<arg>${key}</arg>
<doc>Fails if ``key`` is not found from ``dictionary``.</doc>
<status status="PASS" start="2024-04-04T15:14:04.248249" elapsed="0.000428"/>
</kw>
<kw name="Log" owner="BuiltIn">
<msg time="2024-04-04T15:14:04.249338" level="INFO">{'gender': 'male', 'name': {'title': 'Mr', 'first': 'Raymond', 'last': 'Berry'}, 'location': {'street': {'number': 1234, 'name': 'Mill Road'}, 'city': 'Laytown-Bettystown-Mornington', 'state': 'Sligo', 'country': 'Ireland', 'postcode': 82079, 'coordinates': {'latitude': '-0.7090', 'longitude': '-141.1687'}, 'timezone': {'offset': '+9:30', 'description': 'Adelaide, Darwin'}}, 'email': 'raymond.berry@example.com', 'login': {'uuid': 'c0e168cc-a31f-4148-9c87-f790f1289e7b', 'username': 'orangeladybug953', 'password': 'shocker', 'salt': 'Nme7fqFg', 'md5': 'ccb347e5925cd01fcf269a9cb19828cf', 'sha1': 'c7251d75f70fbeecbb0bba38a7d8452c796c49d4', 'sha256': '643d87e16905261c91a62255af362420e1d73a5f9adac72246a9f2085d87b8f4'}, 'dob': {'date': '1971-11-07T05:40:57.053Z', 'age': 52}, 'registered': {'date': '2014-07-26T08:32:04.629Z', 'age': 9}, 'phone': '071-015-5947', 'cell': '081-947-8178', 'id': {'name': 'PPS', 'value': '8430707T'}, 'picture': {'large': 'https://randomuser.me/api/portraits/men/0.jpg', 'medium': 'https://randomuser.me/api/portraits/med/men/0.jpg', 'thumbnail': 'https://randomuser.me/api/portraits/thumb/men/0.jpg'}, 'nat': 'IE'}</msg>
<arg>${json_data['results'][0]}</arg>
<doc>Logs the given message with the given level.</doc>
<status status="PASS" start="2024-04-04T15:14:04.248975" elapsed="0.000411"/>
</kw>
<kw name="Log" owner="BuiltIn">
<msg time="2024-04-04T15:14:04.249806" level="INFO">login</msg>
<arg>${key}</arg>
<doc>Logs the given message with the given level.</doc>
<status status="PASS" start="2024-04-04T15:14:04.249678" elapsed="0.000280"/>
</kw>
<var name="${key}">login</var>
<status status="PASS" start="2024-04-04T15:14:04.248122" elapsed="0.002072"/>
</iter>
<var>${key}</var>
<value>@{expected_keys}</value>
<status status="PASS" start="2024-04-04T15:14:04.239080" elapsed="0.011281"/>
</for>
<kw name="Create List" owner="BuiltIn">
<msg time="2024-04-04T15:14:04.250714" level="INFO">${expected_keysTwo} = ['username', 'password']</msg>
<var>${expected_keysTwo}</var>
<arg>username</arg>
<arg>password</arg>
<doc>Returns a list containing given items.</doc>
<status status="PASS" start="2024-04-04T15:14:04.250573" elapsed="0.000165"/>
</kw>
<for flavor="IN">
<iter>
<kw name="Dictionary Should Contain Key" owner="Collections">
<msg time="2024-04-04T15:14:04.251673" level="INFO">False</msg>
<arg>${json_data['results'][0]['login']}</arg>
<arg>${keyTwo}</arg>
<doc>Fails if ``key`` is not found from ``dictionary``.</doc>
<status status="PASS" start="2024-04-04T15:14:04.251243" elapsed="0.000470"/>
</kw>
<kw name="Dictionary Should Contain Key" owner="Collections">
<msg time="2024-04-04T15:14:04.252391" level="INFO">False</msg>
<arg>${json_data['results'][0]['login']}</arg>
<arg>${keyTwo}</arg>
<doc>Fails if ``key`` is not found from ``dictionary``.</doc>
<status status="PASS" start="2024-04-04T15:14:04.252010" elapsed="0.000420"/>
</kw>
<kw name="Log" owner="BuiltIn">
<msg time="2024-04-04T15:14:04.252862" level="INFO">username</msg>
<arg>${keyTwo}</arg>
<doc>Logs the given message with the given level.</doc>
<status status="PASS" start="2024-04-04T15:14:04.252732" elapsed="0.000167"/>
</kw>
<var name="${keyTwo}">username</var>
<status status="PASS" start="2024-04-04T15:14:04.251132" elapsed="0.001986"/>
</iter>
<iter>
<kw name="Dictionary Should Contain Key" owner="Collections">
<msg time="2024-04-04T15:14:04.253780" level="INFO">False</msg>
<arg>${json_data['results'][0]['login']}</arg>
<arg>${keyTwo}</arg>
<doc>Fails if ``key`` is not found from ``dictionary``.</doc>
<status status="PASS" start="2024-04-04T15:14:04.253403" elapsed="0.000414"/>
</kw>
<kw name="Dictionary Should Contain Key" owner="Collections">
<msg time="2024-04-04T15:14:04.254511" level="INFO">False</msg>
<arg>${json_data['results'][0]['login']}</arg>
<arg>${keyTwo}</arg>
<doc>Fails if ``key`` is not found from ``dictionary``.</doc>
<status status="PASS" start="2024-04-04T15:14:04.254120" elapsed="0.000428"/>
</kw>
<kw name="Log" owner="BuiltIn">
<msg time="2024-04-04T15:14:04.254988" level="INFO">password</msg>
<arg>${keyTwo}</arg>
<doc>Logs the given message with the given level.</doc>
<status status="PASS" start="2024-04-04T15:14:04.254850" elapsed="0.000186"/>
</kw>
<var name="${keyTwo}">password</var>
<status status="PASS" start="2024-04-04T15:14:04.253292" elapsed="0.001970"/>
</iter>
<var>${keyTwo}</var>
<value>@{expected_keysTwo}</value>
<status status="PASS" start="2024-04-04T15:14:04.250978" elapsed="0.004442"/>
</for>
<status status="PASS" start="2024-04-04T15:14:04.139746" elapsed="0.115818"/>
</kw>
<doc>Testa a estrutura da resposta da API.</doc>
<tag>testeEstruturaResposta</tag>
<status status="PASS" start="2024-04-04T15:14:04.139049" elapsed="0.116679"/>
</test>
<test id="s1-s1-t4" name="Validar tipos de dados" line="28">
<kw name="Teste de Tipos de Dados" owner="random-user-service">
<kw name="GET On Session" owner="RequestsLibrary">
<msg time="2024-04-04T15:14:04.354285" level="INFO">GET Request : url=https://randomuser.me/api 
 path_url=/api 
 headers={'User-Agent': 'python-requests/2.31.0', 'Accept-Encoding': 'gzip, deflate', 'Accept': '*/*', 'Connection': 'keep-alive'} 
 body=None 
 </msg>
<msg time="2024-04-04T15:14:04.354392" level="INFO">GET Response : url=https://randomuser.me/api 
 status=200, reason=OK 
 headers={'Date': 'Thu, 04 Apr 2024 15:14:04 GMT', 'Content-Type': 'application/json; charset=utf-8', 'Transfer-Encoding': 'chunked', 'Connection': 'keep-alive', 'X-Powered-By': 'Express', 'Access-Control-Allow-Origin': '*', 'Cache-Control': 'no-cache', 'ETag': 'W/"4a0-/DfWmX78qKutQBZdHZBytiJwiAY"', 'Vary': 'Accept-Encoding', 'Content-Encoding': 'gzip', 'CF-Cache-Status': 'DYNAMIC', 'Report-To': '{"endpoints":[{"url":"https:\\/\\/a.nel.cloudflare.com\\/report\\/v4?s=WlU%2BrNqE44zpi4ESqaUumDp22PaE6rcVSc9WA8MlAbLzqdLAYCCI5zdQaO9c8c4LePh3Y%2BUguCC%2F6lVU0oQ5knKAmnjv4vVQLMVWMBqVsdp8n02hh91OsxiRkcu9jp6z"}],"group":"cf-nel","max_age":604800}', 'NEL': '{"success_fraction":0,"report_to":"cf-nel","max_age":604800}', 'Server': 'cloudflare', 'CF-RAY': '86f23ef8994a28a8-IAD', 'alt-svc': 'h3=":443"; ma=86400'} 
 body={"results":[{"gender":"male","name":{"title":"Mr","first":"Isaac","last":"Brun"},"location":{"street":{"number":3583,"name":"Rue de L'Abbé-Migne"},"city":"Poitiers","state":"Eure-et-Loir","country":"France","postcode":64370,"coordinates":{"latitude":"-21.1895","longitude":"-175.7468"},"timezone":{"offset":"+10:00","description":"Eastern Australia, Guam, Vladivostok"}},"email":"isaac.brun@example.com","login":{"uuid":"51f58b49-b350-4a8a-b68b-5c1917f26596","username":"lazypanda393","password":"hardcore","salt":"TnudNFOU","md5":"7a709987416e878624ebaa16c24deb3f","sha1":"8d0f669c2b72e3953c658fffcadda54e9677be12","sha256":"65e8f69c71fec636ac4c44d0367e258933c7c85fb04905fa9ba8eadb5d5a1488"},"dob":{"date":"1988-04-14T08:42:21.987Z","age":35},"registered":{"date":"2003-08-10T08:31:00.221Z","age":20},"phone":"01-49-14-35-44","cell":"06-20-48-07-16","id":{"name":"INSEE","value":"1880355678049 02"},"picture":{"large":"https://randomuser.me/api/portraits/men/62.jpg","medium":"https://randomuser.me/api/portraits/med/men/62.jpg","thumbnail":"https://randomuser.me/api/portraits/thumb/men/62.jpg"},"nat":"FR"}],"info":{"seed":"96a2e240b9aba506","results":1,"page":1,"version":"1.4"}} 
 </msg>
<msg time="2024-04-04T15:14:04.354463" level="INFO">/opt/hostedtoolcache/Python/3.12.2/x64/lib/python3.12/site-packages/urllib3/connectionpool.py:1103: InsecureRequestWarning: Unverified HTTPS request is being made to host 'randomuser.me'. Adding certificate verification is strongly advised. See: https://urllib3.readthedocs.io/en/latest/advanced-usage.html#tls-warnings
  warnings.warn(</msg>
<msg time="2024-04-04T15:14:04.354585" level="INFO">${response} = &lt;Response [200]&gt;</msg>
<var>${response}</var>
<arg>consultarAPI</arg>
<arg>/api</arg>
<doc>Sends a GET request on a previously created HTTP Session.</doc>
<status status="PASS" start="2024-04-04T15:14:04.258219" elapsed="0.096399"/>
</kw>
<kw name="Set Variable" owner="BuiltIn">
<msg time="2024-04-04T15:14:04.355761" level="INFO">${json_data} = {'results': [{'gender': 'male', 'name': {'title': 'Mr', 'first': 'Isaac', 'last': 'Brun'}, 'location': {'street': {'number': 3583, 'name': "Rue de L'Abbé-Migne"}, 'city': 'Poitiers', 'state': 'Eure-et...</msg>
<var>${json_data}</var>
<arg>${response.json()}</arg>
<doc>Returns the given values which can then be assigned to a variables.</doc>
<status status="PASS" start="2024-04-04T15:14:04.355177" elapsed="0.000614"/>
</kw>
<kw name="Log" owner="BuiltIn">
<msg time="2024-04-04T15:14:04.356281" level="INFO">{'results': [{'gender': 'male', 'name': {'title': 'Mr', 'first': 'Isaac', 'last': 'Brun'}, 'location': {'street': {'number': 3583, 'name': "Rue de L'Abbé-Migne"}, 'city': 'Poitiers', 'state': 'Eure-et-Loir', 'country': 'France', 'postcode': 64370, 'coordinates': {'latitude': '-21.1895', 'longitude': '-175.7468'}, 'timezone': {'offset': '+10:00', 'description': 'Eastern Australia, Guam, Vladivostok'}}, 'email': 'isaac.brun@example.com', 'login': {'uuid': '51f58b49-b350-4a8a-b68b-5c1917f26596', 'username': 'lazypanda393', 'password': 'hardcore', 'salt': 'TnudNFOU', 'md5': '7a709987416e878624ebaa16c24deb3f', 'sha1': '8d0f669c2b72e3953c658fffcadda54e9677be12', 'sha256': '65e8f69c71fec636ac4c44d0367e258933c7c85fb04905fa9ba8eadb5d5a1488'}, 'dob': {'date': '1988-04-14T08:42:21.987Z', 'age': 35}, 'registered': {'date': '2003-08-10T08:31:00.221Z', 'age': 20}, 'phone': '01-49-14-35-44', 'cell': '06-20-48-07-16', 'id': {'name': 'INSEE', 'value': '1880355678049 02'}, 'picture': {'large': 'https://randomuser.me/api/portraits/men/62.jpg', 'medium': 'https://randomuser.me/api/portraits/med/men/62.jpg', 'thumbnail': 'https://randomuser.me/api/portraits/thumb/men/62.jpg'}, 'nat': 'FR'}], 'info': {'seed': '96a2e240b9aba506', 'results': 1, 'page': 1, 'version': '1.4'}}</msg>
<arg>${json_data}</arg>
<doc>Logs the given message with the given level.</doc>
<status status="PASS" start="2024-04-04T15:14:04.356117" elapsed="0.000252"/>
</kw>
<kw name="Should Be String" owner="String">
<arg>${json_data['results'][0]['gender']}</arg>
<doc>Fails if the given ``item`` is not a string.</doc>
<status status="PASS" start="2024-04-04T15:14:04.356681" elapsed="0.000371"/>
</kw>
<kw name="Should Match Regexp" owner="BuiltIn">
<arg>${json_data['results'][0]['email']}</arg>
<arg>^[a-zA-Z0-9._%+-]+@[a-zA-Z0-9.-]+\.[a-zA-Z]{2,}$</arg>
<doc>Fails if ``string`` does not match ``pattern`` as a regular expression.</doc>
<status status="PASS" start="2024-04-04T15:14:04.357251" elapsed="0.000525"/>
</kw>
<kw name="Should Match Regexp" owner="BuiltIn">
<arg>${json_data['results'][0]['dob']['date']}</arg>
<arg>\\d{4}-\\d{2}-\\d{2}T\\d{2}:\\d{2}:\\d{2}\\.\\d{3}Z</arg>
<doc>Fails if ``string`` does not match ``pattern`` as a regular expression.</doc>
<status status="PASS" start="2024-04-04T15:14:04.357975" elapsed="0.000493"/>
</kw>
<kw name="Should Match Regexp" owner="BuiltIn">
<arg>${json_data['results'][0]['registered']['date']}</arg>
<arg>\\d{4}-\\d{2}-\\d{2}T\\d{2}:\\d{2}:\\d{2}\\.\\d{3}Z</arg>
<doc>Fails if ``string`` does not match ``pattern`` as a regular expression.</doc>
<status status="PASS" start="2024-04-04T15:14:04.358663" elapsed="0.000385"/>
</kw>
<kw name="Should Match Regexp" owner="BuiltIn">
<arg>${json_data['results'][0]['picture']['large']}</arg>
<arg>^https?://.*\.(?:png|jpe?g|gif|bmp)$</arg>
<doc>Fails if ``string`` does not match ``pattern`` as a regular expression.</doc>
<status status="PASS" start="2024-04-04T15:14:04.359238" elapsed="0.000495"/>
</kw>
<kw name="Should Match Regexp" owner="BuiltIn">
<arg>${json_data['results'][0]['picture']['medium']}</arg>
<arg>^https?://.*\.(?:png|jpe?g|gif|bmp)$</arg>
<doc>Fails if ``string`` does not match ``pattern`` as a regular expression.</doc>
<status status="PASS" start="2024-04-04T15:14:04.359924" elapsed="0.000360"/>
</kw>
<kw name="Should Match Regexp" owner="BuiltIn">
<arg>${json_data['results'][0]['picture']['thumbnail']}</arg>
<arg>^https?://.*\.(?:png|jpe?g|gif|bmp)$</arg>
<doc>Fails if ``string`` does not match ``pattern`` as a regular expression.</doc>
<status status="PASS" start="2024-04-04T15:14:04.360469" elapsed="0.000353"/>
</kw>
<kw name="Log" owner="BuiltIn">
<msg time="2024-04-04T15:14:04.361333" level="INFO">{'large': 'https://randomuser.me/api/portraits/men/62.jpg', 'medium': 'https://randomuser.me/api/portraits/med/men/62.jpg', 'thumbnail': 'https://randomuser.me/api/portraits/thumb/men/62.jpg'}</msg>
<arg>${json_data['results'][0]['picture']}</arg>
<doc>Logs the given message with the given level.</doc>
<status status="PASS" start="2024-04-04T15:14:04.361004" elapsed="0.000378"/>
</kw>
<status status="PASS" start="2024-04-04T15:14:04.257982" elapsed="0.103664"/>
</kw>
<kw name="Teste de Tipos de Dados - Postcode" owner="random-user-service">
<kw name="GET On Session" owner="RequestsLibrary">
<msg time="2024-04-04T15:14:04.436040" level="INFO">GET Request : url=https://randomuser.me/api 
 path_url=/api 
 headers={'User-Agent': 'python-requests/2.31.0', 'Accept-Encoding': 'gzip, deflate', 'Accept': '*/*', 'Connection': 'keep-alive'} 
 body=None 
 </msg>
<msg time="2024-04-04T15:14:04.436151" level="INFO">GET Response : url=https://randomuser.me/api 
 status=200, reason=OK 
 headers={'Date': 'Thu, 04 Apr 2024 15:14:04 GMT', 'Content-Type': 'application/json; charset=utf-8', 'Transfer-Encoding': 'chunked', 'Connection': 'keep-alive', 'X-Powered-By': 'Express', 'Access-Control-Allow-Origin': '*', 'Cache-Control': 'no-cache', 'ETag': 'W/"4ba-GMhNqLrkZfBjSPdRd5lbBSFi7FQ"', 'Vary': 'Accept-Encoding', 'Content-Encoding': 'gzip', 'CF-Cache-Status': 'DYNAMIC', 'Report-To': '{"endpoints":[{"url":"https:\\/\\/a.nel.cloudflare.com\\/report\\/v4?s=Kx0G%2BvwbUe%2BTTGS0CePZxLFJkfnbBYORw1qbym0GkzlcqCFSoM7a07MWp9ssx6vfA4l1XJNlafxCDevLQyIcD9ynB75%2B5d1dV3Fe3QfOkzChwzmlChuwLYSzRRExLoi%2F"}],"group":"cf-nel","max_age":604800}', 'NEL': '{"success_fraction":0,"report_to":"cf-nel","max_age":604800}', 'Server': 'cloudflare', 'CF-RAY': '86f23ef94a4228a8-IAD', 'alt-svc': 'h3=":443"; ma=86400'} 
 body={"results":[{"gender":"female","name":{"title":"Ms","first":"Marisela","last":"Cuellar"},"location":{"street":{"number":3668,"name":"Prolongación Anguiano"},"city":"Los Colorados de Abajo","state":"Tlaxcala","country":"Mexico","postcode":63944,"coordinates":{"latitude":"28.3663","longitude":"122.1934"},"timezone":{"offset":"-6:00","description":"Central Time (US &amp; Canada), Mexico City"}},"email":"marisela.cuellar@example.com","login":{"uuid":"a4f35d7e-97ad-4639-9d27-0c0ac2823f80","username":"heavybear790","password":"boozer","salt":"DP2znId2","md5":"bb48f3eaa6381be60c405c76c5be4888","sha1":"e9c113f53026d4cc89fb17029e229bcfe84451ff","sha256":"525a79664ac61442134b2f219420f93fc38d90092cb3a52ee070d16b33427dfd"},"dob":{"date":"1945-10-26T08:10:59.636Z","age":78},"registered":{"date":"2015-11-05T21:04:07.725Z","age":8},"phone":"(615) 129 5081","cell":"(643) 382 5669","id":{"name":"NSS","value":"34 62 97 4366 1"},"picture":{"large":"https://randomuser.me/api/portraits/women/73.jpg","medium":"https://randomuser.me/api/portraits/med/women/73.jpg","thumbnail":"https://randomuser.me/api/portraits/thumb/women/73.jpg"},"nat":"MX"}],"info":{"seed":"1448383396e9cb51","results":1,"page":1,"version":"1.4"}} 
 </msg>
<msg time="2024-04-04T15:14:04.436257" level="INFO">/opt/hostedtoolcache/Python/3.12.2/x64/lib/python3.12/site-packages/urllib3/connectionpool.py:1103: InsecureRequestWarning: Unverified HTTPS request is being made to host 'randomuser.me'. Adding certificate verification is strongly advised. See: https://urllib3.readthedocs.io/en/latest/advanced-usage.html#tls-warnings
  warnings.warn(</msg>
<msg time="2024-04-04T15:14:04.436395" level="INFO">${response} = &lt;Response [200]&gt;</msg>
<var>${response}</var>
<arg>consultarAPI</arg>
<arg>/api</arg>
<doc>Sends a GET request on a previously created HTTP Session.</doc>
<status status="PASS" start="2024-04-04T15:14:04.362282" elapsed="0.074157"/>
</kw>
<kw name="Set Variable" owner="BuiltIn">
<msg time="2024-04-04T15:14:04.437518" level="INFO">${json_data} = {'results': [{'gender': 'female', 'name': {'title': 'Ms', 'first': 'Marisela', 'last': 'Cuellar'}, 'location': {'street': {'number': 3668, 'name': 'Prolongación Anguiano'}, 'city': 'Los Colorados de A...</msg>
<var>${json_data}</var>
<arg>${response.json()}</arg>
<doc>Returns the given values which can then be assigned to a variables.</doc>
<status status="PASS" start="2024-04-04T15:14:04.436984" elapsed="0.000564"/>
</kw>
<kw name="Log" owner="BuiltIn">
<msg time="2024-04-04T15:14:04.438025" level="INFO">{'results': [{'gender': 'female', 'name': {'title': 'Ms', 'first': 'Marisela', 'last': 'Cuellar'}, 'location': {'street': {'number': 3668, 'name': 'Prolongación Anguiano'}, 'city': 'Los Colorados de Abajo', 'state': 'Tlaxcala', 'country': 'Mexico', 'postcode': 63944, 'coordinates': {'latitude': '28.3663', 'longitude': '122.1934'}, 'timezone': {'offset': '-6:00', 'description': 'Central Time (US &amp; Canada), Mexico City'}}, 'email': 'marisela.cuellar@example.com', 'login': {'uuid': 'a4f35d7e-97ad-4639-9d27-0c0ac2823f80', 'username': 'heavybear790', 'password': 'boozer', 'salt': 'DP2znId2', 'md5': 'bb48f3eaa6381be60c405c76c5be4888', 'sha1': 'e9c113f53026d4cc89fb17029e229bcfe84451ff', 'sha256': '525a79664ac61442134b2f219420f93fc38d90092cb3a52ee070d16b33427dfd'}, 'dob': {'date': '1945-10-26T08:10:59.636Z', 'age': 78}, 'registered': {'date': '2015-11-05T21:04:07.725Z', 'age': 8}, 'phone': '(615) 129 5081', 'cell': '(643) 382 5669', 'id': {'name': 'NSS', 'value': '34 62 97 4366 1'}, 'picture': {'large': 'https://randomuser.me/api/portraits/women/73.jpg', 'medium': 'https://randomuser.me/api/portraits/med/women/73.jpg', 'thumbnail': 'https://randomuser.me/api/portraits/thumb/women/73.jpg'}, 'nat': 'MX'}], 'info': {'seed': '1448383396e9cb51', 'results': 1, 'page': 1, 'version': '1.4'}}</msg>
<arg>${json_data}</arg>
<doc>Logs the given message with the given level.</doc>
<status status="PASS" start="2024-04-04T15:14:04.437863" elapsed="0.000247"/>
</kw>
<kw name="Should Be Equal As Numbers" owner="BuiltIn">
<arg>${json_data['results'][0]['location']['postcode']}</arg>
<arg>${json_data['results'][0]['location']['postcode']}</arg>
<doc>Fails if objects are unequal after converting them to real numbers.</doc>
<status status="PASS" start="2024-04-04T15:14:04.438435" elapsed="0.000643"/>
</kw>
<kw name="Log" owner="BuiltIn">
<msg time="2024-04-04T15:14:04.439675" level="INFO">63944</msg>
<arg>${json_data['results'][0]['location']['postcode']}</arg>
<doc>Logs the given message with the given level.</doc>
<status status="PASS" start="2024-04-04T15:14:04.439274" elapsed="0.000443"/>
</kw>
<status status="PASS" start="2024-04-04T15:14:04.361882" elapsed="0.078099"/>
</kw>
<doc>Testa se os tipos de dados na resposta da API estão corretos.</doc>
<tag>testeTiposDados</tag>
<status status="PASS" start="2024-04-04T15:14:04.257531" elapsed="0.182628"/>
</test>
<test id="s1-s1-t5" name="Validar conteudo" line="35">
<kw name="Teste de Tipos de Conteudo" owner="random-user-service">
<kw name="GET On Session" owner="RequestsLibrary">
<msg time="2024-04-04T15:14:04.535986" level="INFO">GET Request : url=https://randomuser.me/api 
 path_url=/api 
 headers={'User-Agent': 'python-requests/2.31.0', 'Accept-Encoding': 'gzip, deflate', 'Accept': '*/*', 'Connection': 'keep-alive'} 
 body=None 
 </msg>
<msg time="2024-04-04T15:14:04.536084" level="INFO">GET Response : url=https://randomuser.me/api 
 status=200, reason=OK 
 headers={'Date': 'Thu, 04 Apr 2024 15:14:04 GMT', 'Content-Type': 'application/json; charset=utf-8', 'Transfer-Encoding': 'chunked', 'Connection': 'keep-alive', 'X-Powered-By': 'Express', 'Access-Control-Allow-Origin': '*', 'Cache-Control': 'no-cache', 'ETag': 'W/"46a-/CeqOBYUB3eS0MuzTdJAEkTc/mY"', 'Vary': 'Accept-Encoding', 'Content-Encoding': 'gzip', 'CF-Cache-Status': 'DYNAMIC', 'Report-To': '{"endpoints":[{"url":"https:\\/\\/a.nel.cloudflare.com\\/report\\/v4?s=fUfqZRGthbR45a380%2BiXFqh%2Fc2QVVFPHXJDv%2B5Cx%2BtNd9OUq48g%2BEOPZ4d7QJre0TVs8YwLi6Eb6i%2BJTkeroQpmH1w9DbFOWyvrJHKpyrAGMHwbC%2BhYxjfL8Sn0sOB4a"}],"group":"cf-nel","max_age":604800}', 'NEL': '{"success_fraction":0,"report_to":"cf-nel","max_age":604800}', 'Server': 'cloudflare', 'CF-RAY': '86f23ef9cafd28a8-IAD', 'alt-svc': 'h3=":443"; ma=86400'} 
 body={"results":[{"gender":"female","name":{"title":"Mrs","first":"Erin","last":"Carter"},"location":{"street":{"number":471,"name":"New Road"},"city":"Tullamore","state":"Longford","country":"Ireland","postcode":60007,"coordinates":{"latitude":"2.0758","longitude":"23.9798"},"timezone":{"offset":"-10:00","description":"Hawaii"}},"email":"erin.carter@example.com","login":{"uuid":"526107f8-8ca5-4456-9263-e0e07df93bea","username":"browntiger103","password":"gizmo","salt":"UNwpvxfi","md5":"f6e34e99eccd7ff227ae4d40bdef7867","sha1":"71bee5252ed5389b63349ae0a0007718d90693ed","sha256":"fc21e408ceac80e26d296bb545a5ef820d9f282130e8328b842a9ac210994431"},"dob":{"date":"1996-02-10T13:59:33.169Z","age":28},"registered":{"date":"2002-10-01T02:56:29.443Z","age":21},"phone":"071-962-7863","cell":"081-743-9431","id":{"name":"PPS","value":"0032016T"},"picture":{"large":"https://randomuser.me/api/portraits/women/47.jpg","medium":"https://randomuser.me/api/portraits/med/women/47.jpg","thumbnail":"https://randomuser.me/api/portraits/thumb/women/47.jpg"},"nat":"IE"}],"info":{"seed":"354560ca5c08649e","results":1,"page":1,"version":"1.4"}} 
 </msg>
<msg time="2024-04-04T15:14:04.536149" level="INFO">/opt/hostedtoolcache/Python/3.12.2/x64/lib/python3.12/site-packages/urllib3/connectionpool.py:1103: InsecureRequestWarning: Unverified HTTPS request is being made to host 'randomuser.me'. Adding certificate verification is strongly advised. See: https://urllib3.readthedocs.io/en/latest/advanced-usage.html#tls-warnings
  warnings.warn(</msg>
<msg time="2024-04-04T15:14:04.536266" level="INFO">${response} = &lt;Response [200]&gt;</msg>
<var>${response}</var>
<arg>consultarAPI</arg>
<arg>/api</arg>
<doc>Sends a GET request on a previously created HTTP Session.</doc>
<status status="PASS" start="2024-04-04T15:14:04.442736" elapsed="0.093570"/>
</kw>
<kw name="Set Variable" owner="BuiltIn">
<msg time="2024-04-04T15:14:04.537517" level="INFO">${json_data} = {'results': [{'gender': 'female', 'name': {'title': 'Mrs', 'first': 'Erin', 'last': 'Carter'}, 'location': {'street': {'number': 471, 'name': 'New Road'}, 'city': 'Tullamore', 'state': 'Longford', 'co...</msg>
<var>${json_data}</var>
<arg>${response.json()}</arg>
<doc>Returns the given values which can then be assigned to a variables.</doc>
<status status="PASS" start="2024-04-04T15:14:04.536952" elapsed="0.000594"/>
</kw>
<kw name="Set Variable" owner="BuiltIn">
<msg time="2024-04-04T15:14:04.538235" level="INFO">${name_title} = Mrs</msg>
<var>${name_title}</var>
<arg>${json_data["results"][0]["name"]["title"]}</arg>
<doc>Returns the given values which can then be assigned to a variables.</doc>
<status status="PASS" start="2024-04-04T15:14:04.537851" elapsed="0.000409"/>
</kw>
<kw name="Create List" owner="BuiltIn">
<msg time="2024-04-04T15:14:04.538710" level="INFO">${allowed_titles} = ['Mr', 'Ms', 'Miss', 'Mrs', 'Madame', 'Monsieur']</msg>
<var>${allowed_titles}</var>
<arg>Mr</arg>
<arg>Ms</arg>
<arg>Miss</arg>
<arg>Mrs</arg>
<arg>Madame</arg>
<arg>Monsieur</arg>
<doc>Returns a list containing given items.</doc>
<status status="PASS" start="2024-04-04T15:14:04.538560" elapsed="0.000175"/>
</kw>
<kw name="List Should Contain Value" owner="Collections">
<msg time="2024-04-04T15:14:04.539222" level="INFO">False</msg>
<arg>${allowed_titles}</arg>
<arg>${name_title}</arg>
<doc>Fails if the ``value`` is not found from ``list``.</doc>
<status status="PASS" start="2024-04-04T15:14:04.539044" elapsed="0.000217"/>
</kw>
<kw name="Set Variable" owner="BuiltIn">
<msg time="2024-04-04T15:14:04.539995" level="INFO">${name_country} = IE</msg>
<var>${name_country}</var>
<arg>${json_data["results"][0]["nat"]}</arg>
<doc>Returns the given values which can then be assigned to a variables.</doc>
<status status="PASS" start="2024-04-04T15:14:04.539610" elapsed="0.000410"/>
</kw>
<kw name="Create List" owner="BuiltIn">
<msg time="2024-04-04T15:14:04.540961" level="INFO">${list_country} = ['AD', 'AE', 'AF', 'AG', 'AI', 'AL', 'AM', 'AO', 'AQ', 'AR', 'AS', 'AT', 'AU', 'AW', 'AX', 'AZ', 'BA', 'BB', 'BD', 'BE', 'BF', 'BG', 'BH', 'BI', 'BJ', 'BL', 'BM', 'BN', 'BO', 'BQ', 'BR', 'BS', 'BT', '...</msg>
<var>${list_country}</var>
<arg>AD</arg>
<arg>AE</arg>
<arg>AF</arg>
<arg>AG</arg>
<arg>AI</arg>
<arg>AL</arg>
<arg>AM</arg>
<arg>AO</arg>
<arg>AQ</arg>
<arg>AR</arg>
<arg>AS</arg>
<arg>AT</arg>
<arg>AU</arg>
<arg>AW</arg>
<arg>AX</arg>
<arg>AZ</arg>
<arg>BA</arg>
<arg>BB</arg>
<arg>BD</arg>
<arg>BE</arg>
<arg>BF</arg>
<arg>BG</arg>
<arg>BH</arg>
<arg>BI</arg>
<arg>BJ</arg>
<arg>BL</arg>
<arg>BM</arg>
<arg>BN</arg>
<arg>BO</arg>
<arg>BQ</arg>
<arg>BR</arg>
<arg>BS</arg>
<arg>BT</arg>
<arg>BV</arg>
<arg>BW</arg>
<arg>BY</arg>
<arg>BZ</arg>
<arg>CA</arg>
<arg>CC</arg>
<arg>CD</arg>
<arg>CF</arg>
<arg>CG</arg>
<arg>CH</arg>
<arg>CI</arg>
<arg>CK</arg>
<arg>CL</arg>
<arg>CM</arg>
<arg>CN</arg>
<arg>CO</arg>
<arg>CR</arg>
<arg>CU</arg>
<arg>CV</arg>
<arg>CW</arg>
<arg>CX</arg>
<arg>CY</arg>
<arg>CZ</arg>
<arg>DE</arg>
<arg>DJ</arg>
<arg>DK</arg>
<arg>DM</arg>
<arg>DO</arg>
<arg>DZ</arg>
<arg>EC</arg>
<arg>EE</arg>
<arg>EG</arg>
<arg>EH</arg>
<arg>ER</arg>
<arg>ES</arg>
<arg>ET</arg>
<arg>FI</arg>
<arg>FJ</arg>
<arg>FK</arg>
<arg>FM</arg>
<arg>FO</arg>
<arg>FR</arg>
<arg>GA</arg>
<arg>GB</arg>
<arg>GD</arg>
<arg>GE</arg>
<arg>GF</arg>
<arg>GG</arg>
<arg>GH</arg>
<arg>GI</arg>
<arg>GL</arg>
<arg>GM</arg>
<arg>GN</arg>
<arg>GP</arg>
<arg>GQ</arg>
<arg>GR</arg>
<arg>GS</arg>
<arg>GT</arg>
<arg>GU</arg>
<arg>GW</arg>
<arg>GY</arg>
<arg>HK</arg>
<arg>HM</arg>
<arg>HN</arg>
<arg>HR</arg>
<arg>HT</arg>
<arg>HU</arg>
<arg>ID</arg>
<arg>IE</arg>
<arg>IL</arg>
<arg>IM</arg>
<arg>IN</arg>
<arg>IO</arg>
<arg>IQ</arg>
<arg>IR</arg>
<arg>IS</arg>
<arg>IT</arg>
<arg>JE</arg>
<arg>JM</arg>
<arg>JO</arg>
<arg>JP</arg>
<arg>KE</arg>
<arg>KG</arg>
<arg>KH</arg>
<arg>KI</arg>
<arg>KM</arg>
<arg>KN</arg>
<arg>KP</arg>
<arg>KR</arg>
<arg>KW</arg>
<arg>KY</arg>
<arg>KZ</arg>
<arg>LA</arg>
<arg>LB</arg>
<arg>LC</arg>
<arg>LI</arg>
<arg>LK</arg>
<arg>LR</arg>
<arg>LS</arg>
<arg>LT</arg>
<arg>LU</arg>
<arg>LV</arg>
<arg>LY</arg>
<arg>MA</arg>
<arg>MC</arg>
<arg>MD</arg>
<arg>ME</arg>
<arg>MF</arg>
<arg>MG</arg>
<arg>MH</arg>
<arg>MK</arg>
<arg>ML</arg>
<arg>MM</arg>
<arg>MN</arg>
<arg>MO</arg>
<arg>MP</arg>
<arg>MQ</arg>
<arg>MR</arg>
<arg>MS</arg>
<arg>MT</arg>
<arg>MU</arg>
<arg>MV</arg>
<arg>MW</arg>
<arg>MX</arg>
<arg>MY</arg>
<arg>MZ</arg>
<arg>NA</arg>
<arg>NC</arg>
<arg>NE</arg>
<arg>NF</arg>
<arg>NG</arg>
<arg>NI</arg>
<arg>NL</arg>
<arg>NO</arg>
<arg>NP</arg>
<arg>NR</arg>
<arg>NU</arg>
<arg>NZ</arg>
<arg>OM</arg>
<arg>PA</arg>
<arg>PE</arg>
<arg>PF</arg>
<arg>PG</arg>
<arg>PH</arg>
<arg>PK</arg>
<arg>PL</arg>
<arg>PM</arg>
<arg>PN</arg>
<arg>PR</arg>
<arg>PS</arg>
<arg>PT</arg>
<arg>PW</arg>
<arg>PY</arg>
<arg>QA</arg>
<arg>RE</arg>
<arg>RO</arg>
<arg>RS</arg>
<arg>RU</arg>
<arg>RW</arg>
<arg>SA</arg>
<arg>SB</arg>
<arg>SC</arg>
<arg>SD</arg>
<arg>SE</arg>
<arg>SG</arg>
<arg>SH</arg>
<arg>SI</arg>
<arg>SJ</arg>
<arg>SK</arg>
<arg>SL</arg>
<arg>SM</arg>
<arg>SN</arg>
<arg>SO</arg>
<arg>SR</arg>
<arg>SS</arg>
<arg>ST</arg>
<arg>SV</arg>
<arg>SX</arg>
<arg>SY</arg>
<arg>SZ</arg>
<arg>TC</arg>
<arg>TD</arg>
<arg>TF</arg>
<arg>TG</arg>
<arg>TH</arg>
<arg>TJ</arg>
<arg>TK</arg>
<arg>TL</arg>
<arg>TM</arg>
<arg>TN</arg>
<arg>TO</arg>
<arg>TR</arg>
<arg>TT</arg>
<arg>TV</arg>
<arg>TW</arg>
<arg>TZ</arg>
<arg>UA</arg>
<arg>UG</arg>
<arg>UM</arg>
<arg>US</arg>
<arg>UY</arg>
<arg>UZ</arg>
<arg>VA</arg>
<arg>VC</arg>
<arg>VE</arg>
<arg>VG</arg>
<arg>VI</arg>
<arg>VN</arg>
<arg>VU</arg>
<arg>WF</arg>
<arg>WS</arg>
<arg>XK</arg>
<arg>YE</arg>
<arg>YT</arg>
<arg>ZA</arg>
<arg>ZM</arg>
<arg>ZW</arg>
<doc>Returns a list containing given items.</doc>
<status status="PASS" start="2024-04-04T15:14:04.540330" elapsed="0.000657"/>
</kw>
<kw name="List Should Contain Value" owner="Collections">
<msg time="2024-04-04T15:14:04.542116" level="INFO">False</msg>
<arg>${list_country}</arg>
<arg>${name_country}</arg>
<doc>Fails if the ``value`` is not found from ``list``.</doc>
<status status="PASS" start="2024-04-04T15:14:04.541909" elapsed="0.000246"/>
</kw>
<kw name="Run Keyword If" owner="BuiltIn">
<kw name="Should Be True" owner="BuiltIn">
<arg>${True}</arg>
<doc>Fails if the given condition is not true.</doc>
<status status="PASS" start="2024-04-04T15:14:04.543226" elapsed="0.000177"/>
</kw>
<arg>${json_data["results"][0]["location"]["coordinates"]["latitude"]} &gt;= -90 and ${json_data["results"][0]["location"]["coordinates"]["latitude"]} &lt;= 90</arg>
<arg>Should Be True</arg>
<arg>${True}</arg>
<doc>Runs the given keyword with the given arguments, if ``condition`` is true.</doc>
<status status="PASS" start="2024-04-04T15:14:04.542468" elapsed="0.001067"/>
</kw>
<kw name="Run Keyword If" owner="BuiltIn">
<kw name="Should Be True" owner="BuiltIn">
<arg>${True}</arg>
<doc>Fails if the given condition is not true.</doc>
<status status="PASS" start="2024-04-04T15:14:04.544426" elapsed="0.000142"/>
</kw>
<arg>${json_data["results"][0]["location"]["coordinates"]["longitude"]} &gt;= -180 and ${json_data["results"][0]["location"]["coordinates"]["longitude"]} &lt;= 180</arg>
<arg>Should Be True</arg>
<arg>${True}</arg>
<doc>Runs the given keyword with the given arguments, if ``condition`` is true.</doc>
<status status="PASS" start="2024-04-04T15:14:04.543721" elapsed="0.000971"/>
</kw>
<status status="PASS" start="2024-04-04T15:14:04.442502" elapsed="0.102323"/>
</kw>
<doc>Testa o conteúdo específico dos campos retornados pela API.</doc>
<tag>testeConteudo</tag>
<status status="PASS" start="2024-04-04T15:14:04.441937" elapsed="0.103045"/>
</test>
<status status="PASS" start="2024-04-04T15:14:03.617667" elapsed="0.929305"/>
</suite>
<status status="PASS" start="2024-04-04T15:14:03.603822" elapsed="0.948637"/>
</suite>
<statistics>
<total>
<stat pass="5" fail="0" skip="0">All Tests</stat>
</total>
<tag>
<stat pass="1" fail="0" skip="0">testeConteudo</stat>
<stat pass="1" fail="0" skip="0">testeEstruturaResposta</stat>
<stat pass="1" fail="0" skip="0">testeRequisicaoBasica</stat>
<stat pass="1" fail="0" skip="0">testeTiposDados</stat>
</tag>
<suite>
<stat pass="5" fail="0" skip="0" id="s1" name="Tests">Tests</stat>
<stat pass="5" fail="0" skip="0" id="s1-s1" name="Random-User-Test">Tests.Random-User-Test</stat>
</suite>
</statistics>
<errors>
</errors>
</robot>
