<?xml version="1.0" encoding="UTF-8"?>
<robot generator="Robot 7.0.1 (Python 3.12.4 on linux)" generated="2024-07-13T22:13:03.636183" rpa="false" schemaversion="5">
<suite id="s1" name="Tests" source="/home/runner/work/ApiRandomUser/ApiRandomUser/RamdonUser/tests">
<suite id="s1-s1" name="Random-User-Test" source="/home/runner/work/ApiRandomUser/ApiRandomUser/RamdonUser/tests/random-user-test.robot">
<test id="s1-s1-t1" name="Conectar" line="13">
<kw name="Conectar API" owner="random-user-service">
<kw name="Create Session" owner="RequestsLibrary">
<msg time="2024-07-13T22:13:04.052691" level="INFO">Creating Session using : alias=consultarAPI, url=https://randomuser.me/, headers={},                     cookies={}, auth=None, timeout=None, proxies=None, verify=False,                     debug=0 </msg>
<arg>consultarAPI</arg>
<arg>${URL}</arg>
<doc>Create Session: create a HTTP session to a server</doc>
<status status="PASS" start="2024-07-13T22:13:04.052482" elapsed="0.000390"/>
</kw>
<status status="PASS" start="2024-07-13T22:13:04.051475" elapsed="0.001787"/>
</kw>
<status status="PASS" start="2024-07-13T22:13:04.050908" elapsed="0.002569"/>
</test>
<test id="s1-s1-t2" name="Validar retorno 200 e JSON Válido" line="16">
<kw name="Teste de Requisicao Basica" owner="random-user-service">
<kw name="GET On Session" owner="RequestsLibrary">
<msg time="2024-07-13T22:13:04.130570" level="INFO">GET Request : url=https://randomuser.me/api 
 path_url=/api 
 headers={'User-Agent': 'python-requests/2.32.3', 'Accept-Encoding': 'gzip, deflate', 'Accept': '*/*', 'Connection': 'keep-alive'} 
 body=None 
 </msg>
<msg time="2024-07-13T22:13:04.130732" level="INFO">GET Response : url=https://randomuser.me/api 
 status=200, reason=OK 
 headers={'Date': 'Sat, 13 Jul 2024 22:13:04 GMT', 'Content-Type': 'application/json; charset=utf-8', 'Transfer-Encoding': 'chunked', 'Connection': 'keep-alive', 'X-Powered-By': 'Express', 'Access-Control-Allow-Origin': '*', 'Cache-Control': 'no-cache', 'ETag': 'W/"48b-gOFcIDsuQGaWEBe8/tqpBQKaIEw"', 'Vary': 'Accept-Encoding', 'Content-Encoding': 'gzip', 'CF-Cache-Status': 'DYNAMIC', 'Report-To': '{"endpoints":[{"url":"https:\\/\\/a.nel.cloudflare.com\\/report\\/v4?s=3QLRjXi1tdD%2BHwhoWNQ4trt3VMNSSbd3k8tcjnqETYPbpn0OaRdMJW2%2F%2BU4dno0ox1LYKSEktDB1KIzdqjcM7ygvcqrmP%2BspfaGHvIZUTyzftLGtySmFCViWNkgtntX9"}],"group":"cf-nel","max_age":604800}', 'NEL': '{"success_fraction":0,"report_to":"cf-nel","max_age":604800}', 'Server': 'cloudflare', 'CF-RAY': '8a2c9e3caeee080e-IAD', 'alt-svc': 'h3=":443"; ma=86400'} 
 body={"results":[{"gender":"female","name":{"title":"Miss","first":"Divya","last":"Nagane"},"location":{"street":{"number":767,"name":"Mirza Ismail Rd"},"city":"Aizawl","state":"Nagaland","country":"India","postcode":56315,"coordinates":{"latitude":"10.1411","longitude":"102.6985"},"timezone":{"offset":"+2:00","description":"Kaliningrad, South Africa"}},"email":"divya.nagane@example.com","login":{"uuid":"3808190b-89f1-4254-9ccd-c1d8d581ab90","username":"ticklishpeacock176","password":"sherry","salt":"L0fivsZV","md5":"9847a11a3a4496c024466a8048233519","sha1":"f0fbc873220c9c268b1d8354534698ac09ac8568","sha256":"30d3304641a885263631865c913c2ef54797972f74e95e872c28b05ce52b0fc5"},"dob":{"date":"1992-12-27T06:06:31.821Z","age":31},"registered":{"date":"2012-10-19T09:25:35.265Z","age":11},"phone":"8506750132","cell":"7622727438","id":{"name":"UIDAI","value":"657763774053"},"picture":{"large":"https://randomuser.me/api/portraits/women/81.jpg","medium":"https://randomuser.me/api/portraits/med/women/81.jpg","thumbnail":"https://randomuser.me/api/portraits/thumb/women/81.jpg"},"nat":"IN"}],"info":{"seed":"01c87667dc76db3e","results":1,"page":1,"version":"1.4"}} 
 </msg>
<msg time="2024-07-13T22:13:04.130829" level="INFO">/opt/hostedtoolcache/Python/3.12.4/x64/lib/python3.12/site-packages/urllib3/connectionpool.py:1099: InsecureRequestWarning: Unverified HTTPS request is being made to host 'randomuser.me'. Adding certificate verification is strongly advised. See: https://urllib3.readthedocs.io/en/latest/advanced-usage.html#tls-warnings
  warnings.warn(</msg>
<msg time="2024-07-13T22:13:04.130990" level="INFO">${response} = &lt;Response [200]&gt;</msg>
<var>${response}</var>
<arg>consultarAPI</arg>
<arg>/api</arg>
<doc>Sends a GET request on a previously created HTTP Session.</doc>
<status status="PASS" start="2024-07-13T22:13:04.056167" elapsed="0.074877"/>
</kw>
<kw name="Should Be Equal As Numbers" owner="BuiltIn">
<msg time="2024-07-13T22:13:04.132074" level="INFO">Argument types are:
&lt;class 'int'&gt;
&lt;class 'str'&gt;</msg>
<arg>${response.status_code}</arg>
<arg>200</arg>
<doc>Fails if objects are unequal after converting them to real numbers.</doc>
<status status="PASS" start="2024-07-13T22:13:04.131586" elapsed="0.000557"/>
</kw>
<kw name="Log" owner="BuiltIn">
<msg time="2024-07-13T22:13:04.132856" level="INFO">200</msg>
<arg>${response.status_code}</arg>
<doc>Logs the given message with the given level.</doc>
<status status="PASS" start="2024-07-13T22:13:04.132482" elapsed="0.000419"/>
</kw>
<kw name="Set Variable" owner="BuiltIn">
<msg time="2024-07-13T22:13:04.133714" level="INFO">${json_data} = {'results': [{'gender': 'female', 'name': {'title': 'Miss', 'first': 'Divya', 'last': 'Nagane'}, 'location': {'street': {'number': 767, 'name': 'Mirza Ismail Rd'}, 'city': 'Aizawl', 'state': 'Nagaland...</msg>
<var>${json_data}</var>
<arg>${response.json()}</arg>
<doc>Returns the given values which can then be assigned to a variables.</doc>
<status status="PASS" start="2024-07-13T22:13:04.133254" elapsed="0.000490"/>
</kw>
<kw name="Dictionary Should Contain Key" owner="Collections">
<arg>${json_data}</arg>
<arg>results</arg>
<doc>Fails if ``key`` is not found from ``dictionary``.</doc>
<status status="PASS" start="2024-07-13T22:13:04.134068" elapsed="0.000175"/>
</kw>
<status status="PASS" start="2024-07-13T22:13:04.055914" elapsed="0.078491"/>
</kw>
<doc>Testa se a API responde corretamente e retorna um objeto JSON válido.</doc>
<tag>testeRequisicaoBasica</tag>
<status status="PASS" start="2024-07-13T22:13:04.055440" elapsed="0.079163"/>
</test>
<test id="s1-s1-t3" name="Validar estrutura de resposta" line="22">
<kw name="Teste de Estrutura de Resposta" owner="random-user-service">
<kw name="GET On Session" owner="RequestsLibrary">
<msg time="2024-07-13T22:13:04.249659" level="INFO">GET Request : url=https://randomuser.me/api 
 path_url=/api 
 headers={'User-Agent': 'python-requests/2.32.3', 'Accept-Encoding': 'gzip, deflate', 'Accept': '*/*', 'Connection': 'keep-alive'} 
 body=None 
 </msg>
<msg time="2024-07-13T22:13:04.249772" level="INFO">GET Response : url=https://randomuser.me/api 
 status=200, reason=OK 
 headers={'Date': 'Sat, 13 Jul 2024 22:13:04 GMT', 'Content-Type': 'application/json; charset=utf-8', 'Transfer-Encoding': 'chunked', 'Connection': 'keep-alive', 'X-Powered-By': 'Express', 'Access-Control-Allow-Origin': '*', 'Cache-Control': 'no-cache', 'ETag': 'W/"480-CK9d6I9EtntbZjWUW8jttm5M7P0"', 'Vary': 'Accept-Encoding', 'Content-Encoding': 'gzip', 'CF-Cache-Status': 'DYNAMIC', 'Report-To': '{"endpoints":[{"url":"https:\\/\\/a.nel.cloudflare.com\\/report\\/v4?s=FA%2Bi2Q%2Fo%2Bw4edpSZAJ4Wr%2BDJFNj5ffpUgXUmXHuuc%2BtyRP5LD38h%2FHKpYW5BnuLQkO7hR1yEzcNVxIZLk3T2ZooLeW7um%2BdFsdBxToHV4kQQO8tnjVrm%2BagEkLV%2FZYxY"}],"group":"cf-nel","max_age":604800}', 'NEL': '{"success_fraction":0,"report_to":"cf-nel","max_age":604800}', 'Server': 'cloudflare', 'CF-RAY': '8a2c9e3cdf3a080e-IAD', 'alt-svc': 'h3=":443"; ma=86400'} 
 body={"results":[{"gender":"male","name":{"title":"Mr","first":"Georgije","last":"Miljković"},"location":{"street":{"number":4819,"name":"Stevana Filipovića"},"city":"Mali Zvornik","state":"Nišava","country":"Serbia","postcode":86043,"coordinates":{"latitude":"59.3389","longitude":"-7.0893"},"timezone":{"offset":"+4:30","description":"Kabul"}},"email":"georgije.miljkovic@example.com","login":{"uuid":"46a7d75d-2fa8-4fdb-8f01-73c536e70b40","username":"beautifulbird509","password":"zombie","salt":"k8PG92Ta","md5":"c8d08d5d6f96c5bf6ca81e44be963bb8","sha1":"9fb28f3a0f98f78cf16e8c33bf6067a9cc4b09d8","sha256":"c74c8234ac43f80a0d4871d133cd91cc0b80cd787960c8e85a7c1926fc81117d"},"dob":{"date":"1955-12-05T09:31:04.517Z","age":68},"registered":{"date":"2018-03-12T22:37:38.455Z","age":6},"phone":"013-9406-204","cell":"063-7737-055","id":{"name":"SID","value":"366181565"},"picture":{"large":"https://randomuser.me/api/portraits/men/37.jpg","medium":"https://randomuser.me/api/portraits/med/men/37.jpg","thumbnail":"https://randomuser.me/api/portraits/thumb/men/37.jpg"},"nat":"RS"}],"info":{"seed":"8ac786c677df74af","results":1,"page":1,"version":"1.4"}} 
 </msg>
<msg time="2024-07-13T22:13:04.249925" level="INFO">/opt/hostedtoolcache/Python/3.12.4/x64/lib/python3.12/site-packages/urllib3/connectionpool.py:1099: InsecureRequestWarning: Unverified HTTPS request is being made to host 'randomuser.me'. Adding certificate verification is strongly advised. See: https://urllib3.readthedocs.io/en/latest/advanced-usage.html#tls-warnings
  warnings.warn(</msg>
<msg time="2024-07-13T22:13:04.250083" level="INFO">${response} = &lt;Response [200]&gt;</msg>
<var>${response}</var>
<arg>consultarAPI</arg>
<arg>/api</arg>
<doc>Sends a GET request on a previously created HTTP Session.</doc>
<status status="PASS" start="2024-07-13T22:13:04.137392" elapsed="0.112737"/>
</kw>
<kw name="Set Variable" owner="BuiltIn">
<msg time="2024-07-13T22:13:04.251184" level="INFO">${json_data} = {'results': [{'gender': 'male', 'name': {'title': 'Mr', 'first': 'Georgije', 'last': 'Miljković'}, 'location': {'street': {'number': 4819, 'name': 'Stevana Filipovića'}, 'city': 'Mali Zvornik', 'state...</msg>
<var>${json_data}</var>
<arg>${response.json()}</arg>
<doc>Returns the given values which can then be assigned to a variables.</doc>
<status status="PASS" start="2024-07-13T22:13:04.250651" elapsed="0.000564"/>
</kw>
<kw name="Log" owner="BuiltIn">
<msg time="2024-07-13T22:13:04.251721" level="INFO">{'results': [{'gender': 'male', 'name': {'title': 'Mr', 'first': 'Georgije', 'last': 'Miljković'}, 'location': {'street': {'number': 4819, 'name': 'Stevana Filipovića'}, 'city': 'Mali Zvornik', 'state': 'Nišava', 'country': 'Serbia', 'postcode': 86043, 'coordinates': {'latitude': '59.3389', 'longitude': '-7.0893'}, 'timezone': {'offset': '+4:30', 'description': 'Kabul'}}, 'email': 'georgije.miljkovic@example.com', 'login': {'uuid': '46a7d75d-2fa8-4fdb-8f01-73c536e70b40', 'username': 'beautifulbird509', 'password': 'zombie', 'salt': 'k8PG92Ta', 'md5': 'c8d08d5d6f96c5bf6ca81e44be963bb8', 'sha1': '9fb28f3a0f98f78cf16e8c33bf6067a9cc4b09d8', 'sha256': 'c74c8234ac43f80a0d4871d133cd91cc0b80cd787960c8e85a7c1926fc81117d'}, 'dob': {'date': '1955-12-05T09:31:04.517Z', 'age': 68}, 'registered': {'date': '2018-03-12T22:37:38.455Z', 'age': 6}, 'phone': '013-9406-204', 'cell': '063-7737-055', 'id': {'name': 'SID', 'value': '366181565'}, 'picture': {'large': 'https://randomuser.me/api/portraits/men/37.jpg', 'medium': 'https://randomuser.me/api/portraits/med/men/37.jpg', 'thumbnail': 'https://randomuser.me/api/portraits/thumb/men/37.jpg'}, 'nat': 'RS'}], 'info': {'seed': '8ac786c677df74af', 'results': 1, 'page': 1, 'version': '1.4'}}</msg>
<arg>${json_data}</arg>
<doc>Logs the given message with the given level.</doc>
<status status="PASS" start="2024-07-13T22:13:04.251547" elapsed="0.000229"/>
</kw>
<kw name="Dictionary Should Contain Key" owner="Collections">
<arg>${json_data}</arg>
<arg>results</arg>
<doc>Fails if ``key`` is not found from ``dictionary``.</doc>
<status status="PASS" start="2024-07-13T22:13:04.252087" elapsed="0.000167"/>
</kw>
<kw name="Should Not Be Empty" owner="BuiltIn">
<msg time="2024-07-13T22:13:04.252598" level="INFO">Length is 2.</msg>
<arg>${json_data}</arg>
<doc>Verifies that the given item is not empty.</doc>
<status status="PASS" start="2024-07-13T22:13:04.252457" elapsed="0.000182"/>
</kw>
<kw name="Create List" owner="BuiltIn">
<msg time="2024-07-13T22:13:04.253301" level="INFO">${expected_keys} = ['gender', 'name', 'location', 'email', 'login']</msg>
<var>${expected_keys}</var>
<arg>gender</arg>
<arg>name</arg>
<arg>location</arg>
<arg>email</arg>
<arg>login</arg>
<doc>Returns a list containing given items.</doc>
<status status="PASS" start="2024-07-13T22:13:04.252948" elapsed="0.000389"/>
</kw>
<for flavor="IN">
<iter>
<kw name="Dictionary Should Contain Key" owner="Collections">
<arg>${json_data['results'][0]}</arg>
<arg>${key}</arg>
<doc>Fails if ``key`` is not found from ``dictionary``.</doc>
<status status="PASS" start="2024-07-13T22:13:04.253957" elapsed="0.000431"/>
</kw>
<kw name="Log" owner="BuiltIn">
<msg time="2024-07-13T22:13:04.254971" level="INFO">{'gender': 'male', 'name': {'title': 'Mr', 'first': 'Georgije', 'last': 'Miljković'}, 'location': {'street': {'number': 4819, 'name': 'Stevana Filipovića'}, 'city': 'Mali Zvornik', 'state': 'Nišava', 'country': 'Serbia', 'postcode': 86043, 'coordinates': {'latitude': '59.3389', 'longitude': '-7.0893'}, 'timezone': {'offset': '+4:30', 'description': 'Kabul'}}, 'email': 'georgije.miljkovic@example.com', 'login': {'uuid': '46a7d75d-2fa8-4fdb-8f01-73c536e70b40', 'username': 'beautifulbird509', 'password': 'zombie', 'salt': 'k8PG92Ta', 'md5': 'c8d08d5d6f96c5bf6ca81e44be963bb8', 'sha1': '9fb28f3a0f98f78cf16e8c33bf6067a9cc4b09d8', 'sha256': 'c74c8234ac43f80a0d4871d133cd91cc0b80cd787960c8e85a7c1926fc81117d'}, 'dob': {'date': '1955-12-05T09:31:04.517Z', 'age': 68}, 'registered': {'date': '2018-03-12T22:37:38.455Z', 'age': 6}, 'phone': '013-9406-204', 'cell': '063-7737-055', 'id': {'name': 'SID', 'value': '366181565'}, 'picture': {'large': 'https://randomuser.me/api/portraits/men/37.jpg', 'medium': 'https://randomuser.me/api/portraits/med/men/37.jpg', 'thumbnail': 'https://randomuser.me/api/portraits/thumb/men/37.jpg'}, 'nat': 'RS'}</msg>
<arg>${json_data['results'][0]}</arg>
<doc>Logs the given message with the given level.</doc>
<status status="PASS" start="2024-07-13T22:13:04.254586" elapsed="0.000440"/>
</kw>
<kw name="Log" owner="BuiltIn">
<msg time="2024-07-13T22:13:04.255481" level="INFO">gender</msg>
<arg>${key}</arg>
<doc>Logs the given message with the given level.</doc>
<status status="PASS" start="2024-07-13T22:13:04.255343" elapsed="0.000180"/>
</kw>
<var name="${key}">gender</var>
<status status="PASS" start="2024-07-13T22:13:04.253824" elapsed="0.001931"/>
</iter>
<iter>
<kw name="Dictionary Should Contain Key" owner="Collections">
<arg>${json_data['results'][0]}</arg>
<arg>${key}</arg>
<doc>Fails if ``key`` is not found from ``dictionary``.</doc>
<status status="PASS" start="2024-07-13T22:13:04.256079" elapsed="0.000417"/>
</kw>
<kw name="Log" owner="BuiltIn">
<msg time="2024-07-13T22:13:04.257061" level="INFO">{'gender': 'male', 'name': {'title': 'Mr', 'first': 'Georgije', 'last': 'Miljković'}, 'location': {'street': {'number': 4819, 'name': 'Stevana Filipovića'}, 'city': 'Mali Zvornik', 'state': 'Nišava', 'country': 'Serbia', 'postcode': 86043, 'coordinates': {'latitude': '59.3389', 'longitude': '-7.0893'}, 'timezone': {'offset': '+4:30', 'description': 'Kabul'}}, 'email': 'georgije.miljkovic@example.com', 'login': {'uuid': '46a7d75d-2fa8-4fdb-8f01-73c536e70b40', 'username': 'beautifulbird509', 'password': 'zombie', 'salt': 'k8PG92Ta', 'md5': 'c8d08d5d6f96c5bf6ca81e44be963bb8', 'sha1': '9fb28f3a0f98f78cf16e8c33bf6067a9cc4b09d8', 'sha256': 'c74c8234ac43f80a0d4871d133cd91cc0b80cd787960c8e85a7c1926fc81117d'}, 'dob': {'date': '1955-12-05T09:31:04.517Z', 'age': 68}, 'registered': {'date': '2018-03-12T22:37:38.455Z', 'age': 6}, 'phone': '013-9406-204', 'cell': '063-7737-055', 'id': {'name': 'SID', 'value': '366181565'}, 'picture': {'large': 'https://randomuser.me/api/portraits/men/37.jpg', 'medium': 'https://randomuser.me/api/portraits/med/men/37.jpg', 'thumbnail': 'https://randomuser.me/api/portraits/thumb/men/37.jpg'}, 'nat': 'RS'}</msg>
<arg>${json_data['results'][0]}</arg>
<doc>Logs the given message with the given level.</doc>
<status status="PASS" start="2024-07-13T22:13:04.256689" elapsed="0.000459"/>
</kw>
<kw name="Log" owner="BuiltIn">
<msg time="2024-07-13T22:13:04.257642" level="INFO">name</msg>
<arg>${key}</arg>
<doc>Logs the given message with the given level.</doc>
<status status="PASS" start="2024-07-13T22:13:04.257505" elapsed="0.000177"/>
</kw>
<var name="${key}">name</var>
<status status="PASS" start="2024-07-13T22:13:04.255960" elapsed="0.001954"/>
</iter>
<iter>
<kw name="Dictionary Should Contain Key" owner="Collections">
<arg>${json_data['results'][0]}</arg>
<arg>${key}</arg>
<doc>Fails if ``key`` is not found from ``dictionary``.</doc>
<status status="PASS" start="2024-07-13T22:13:04.258224" elapsed="0.000411"/>
</kw>
<kw name="Log" owner="BuiltIn">
<msg time="2024-07-13T22:13:04.259205" level="INFO">{'gender': 'male', 'name': {'title': 'Mr', 'first': 'Georgije', 'last': 'Miljković'}, 'location': {'street': {'number': 4819, 'name': 'Stevana Filipovića'}, 'city': 'Mali Zvornik', 'state': 'Nišava', 'country': 'Serbia', 'postcode': 86043, 'coordinates': {'latitude': '59.3389', 'longitude': '-7.0893'}, 'timezone': {'offset': '+4:30', 'description': 'Kabul'}}, 'email': 'georgije.miljkovic@example.com', 'login': {'uuid': '46a7d75d-2fa8-4fdb-8f01-73c536e70b40', 'username': 'beautifulbird509', 'password': 'zombie', 'salt': 'k8PG92Ta', 'md5': 'c8d08d5d6f96c5bf6ca81e44be963bb8', 'sha1': '9fb28f3a0f98f78cf16e8c33bf6067a9cc4b09d8', 'sha256': 'c74c8234ac43f80a0d4871d133cd91cc0b80cd787960c8e85a7c1926fc81117d'}, 'dob': {'date': '1955-12-05T09:31:04.517Z', 'age': 68}, 'registered': {'date': '2018-03-12T22:37:38.455Z', 'age': 6}, 'phone': '013-9406-204', 'cell': '063-7737-055', 'id': {'name': 'SID', 'value': '366181565'}, 'picture': {'large': 'https://randomuser.me/api/portraits/men/37.jpg', 'medium': 'https://randomuser.me/api/portraits/med/men/37.jpg', 'thumbnail': 'https://randomuser.me/api/portraits/thumb/men/37.jpg'}, 'nat': 'RS'}</msg>
<arg>${json_data['results'][0]}</arg>
<doc>Logs the given message with the given level.</doc>
<status status="PASS" start="2024-07-13T22:13:04.258832" elapsed="0.000427"/>
</kw>
<kw name="Log" owner="BuiltIn">
<msg time="2024-07-13T22:13:04.259715" level="INFO">location</msg>
<arg>${key}</arg>
<doc>Logs the given message with the given level.</doc>
<status status="PASS" start="2024-07-13T22:13:04.259579" elapsed="0.000176"/>
</kw>
<var name="${key}">location</var>
<status status="PASS" start="2024-07-13T22:13:04.258108" elapsed="0.001878"/>
</iter>
<iter>
<kw name="Dictionary Should Contain Key" owner="Collections">
<arg>${json_data['results'][0]}</arg>
<arg>${key}</arg>
<doc>Fails if ``key`` is not found from ``dictionary``.</doc>
<status status="PASS" start="2024-07-13T22:13:04.260285" elapsed="0.000408"/>
</kw>
<kw name="Log" owner="BuiltIn">
<msg time="2024-07-13T22:13:04.261289" level="INFO">{'gender': 'male', 'name': {'title': 'Mr', 'first': 'Georgije', 'last': 'Miljković'}, 'location': {'street': {'number': 4819, 'name': 'Stevana Filipovića'}, 'city': 'Mali Zvornik', 'state': 'Nišava', 'country': 'Serbia', 'postcode': 86043, 'coordinates': {'latitude': '59.3389', 'longitude': '-7.0893'}, 'timezone': {'offset': '+4:30', 'description': 'Kabul'}}, 'email': 'georgije.miljkovic@example.com', 'login': {'uuid': '46a7d75d-2fa8-4fdb-8f01-73c536e70b40', 'username': 'beautifulbird509', 'password': 'zombie', 'salt': 'k8PG92Ta', 'md5': 'c8d08d5d6f96c5bf6ca81e44be963bb8', 'sha1': '9fb28f3a0f98f78cf16e8c33bf6067a9cc4b09d8', 'sha256': 'c74c8234ac43f80a0d4871d133cd91cc0b80cd787960c8e85a7c1926fc81117d'}, 'dob': {'date': '1955-12-05T09:31:04.517Z', 'age': 68}, 'registered': {'date': '2018-03-12T22:37:38.455Z', 'age': 6}, 'phone': '013-9406-204', 'cell': '063-7737-055', 'id': {'name': 'SID', 'value': '366181565'}, 'picture': {'large': 'https://randomuser.me/api/portraits/men/37.jpg', 'medium': 'https://randomuser.me/api/portraits/med/men/37.jpg', 'thumbnail': 'https://randomuser.me/api/portraits/thumb/men/37.jpg'}, 'nat': 'RS'}</msg>
<arg>${json_data['results'][0]}</arg>
<doc>Logs the given message with the given level.</doc>
<status status="PASS" start="2024-07-13T22:13:04.260890" elapsed="0.000464"/>
</kw>
<kw name="Log" owner="BuiltIn">
<msg time="2024-07-13T22:13:04.261805" level="INFO">email</msg>
<arg>${key}</arg>
<doc>Logs the given message with the given level.</doc>
<status status="PASS" start="2024-07-13T22:13:04.261665" elapsed="0.000180"/>
</kw>
<var name="${key}">email</var>
<status status="PASS" start="2024-07-13T22:13:04.260170" elapsed="0.001900"/>
</iter>
<iter>
<kw name="Dictionary Should Contain Key" owner="Collections">
<arg>${json_data['results'][0]}</arg>
<arg>${key}</arg>
<doc>Fails if ``key`` is not found from ``dictionary``.</doc>
<status status="PASS" start="2024-07-13T22:13:04.262373" elapsed="0.000398"/>
</kw>
<kw name="Log" owner="BuiltIn">
<msg time="2024-07-13T22:13:04.263333" level="INFO">{'gender': 'male', 'name': {'title': 'Mr', 'first': 'Georgije', 'last': 'Miljković'}, 'location': {'street': {'number': 4819, 'name': 'Stevana Filipovića'}, 'city': 'Mali Zvornik', 'state': 'Nišava', 'country': 'Serbia', 'postcode': 86043, 'coordinates': {'latitude': '59.3389', 'longitude': '-7.0893'}, 'timezone': {'offset': '+4:30', 'description': 'Kabul'}}, 'email': 'georgije.miljkovic@example.com', 'login': {'uuid': '46a7d75d-2fa8-4fdb-8f01-73c536e70b40', 'username': 'beautifulbird509', 'password': 'zombie', 'salt': 'k8PG92Ta', 'md5': 'c8d08d5d6f96c5bf6ca81e44be963bb8', 'sha1': '9fb28f3a0f98f78cf16e8c33bf6067a9cc4b09d8', 'sha256': 'c74c8234ac43f80a0d4871d133cd91cc0b80cd787960c8e85a7c1926fc81117d'}, 'dob': {'date': '1955-12-05T09:31:04.517Z', 'age': 68}, 'registered': {'date': '2018-03-12T22:37:38.455Z', 'age': 6}, 'phone': '013-9406-204', 'cell': '063-7737-055', 'id': {'name': 'SID', 'value': '366181565'}, 'picture': {'large': 'https://randomuser.me/api/portraits/men/37.jpg', 'medium': 'https://randomuser.me/api/portraits/med/men/37.jpg', 'thumbnail': 'https://randomuser.me/api/portraits/thumb/men/37.jpg'}, 'nat': 'RS'}</msg>
<arg>${json_data['results'][0]}</arg>
<doc>Logs the given message with the given level.</doc>
<status status="PASS" start="2024-07-13T22:13:04.262962" elapsed="0.000424"/>
</kw>
<kw name="Log" owner="BuiltIn">
<msg time="2024-07-13T22:13:04.263824" level="INFO">login</msg>
<arg>${key}</arg>
<doc>Logs the given message with the given level.</doc>
<status status="PASS" start="2024-07-13T22:13:04.263693" elapsed="0.000170"/>
</kw>
<var name="${key}">login</var>
<status status="PASS" start="2024-07-13T22:13:04.262254" elapsed="0.001838"/>
</iter>
<var>${key}</var>
<value>@{expected_keys}</value>
<status status="PASS" start="2024-07-13T22:13:04.253618" elapsed="0.010605"/>
</for>
<kw name="Create List" owner="BuiltIn">
<msg time="2024-07-13T22:13:04.264582" level="INFO">${expected_keysTwo} = ['username', 'password']</msg>
<var>${expected_keysTwo}</var>
<arg>username</arg>
<arg>password</arg>
<doc>Returns a list containing given items.</doc>
<status status="PASS" start="2024-07-13T22:13:04.264433" elapsed="0.000175"/>
</kw>
<for flavor="IN">
<iter>
<kw name="Dictionary Should Contain Key" owner="Collections">
<arg>${json_data['results'][0]['login']}</arg>
<arg>${keyTwo}</arg>
<doc>Fails if ``key`` is not found from ``dictionary``.</doc>
<status status="PASS" start="2024-07-13T22:13:04.265164" elapsed="0.000434"/>
</kw>
<kw name="Dictionary Should Contain Key" owner="Collections">
<arg>${json_data['results'][0]['login']}</arg>
<arg>${keyTwo}</arg>
<doc>Fails if ``key`` is not found from ``dictionary``.</doc>
<status status="PASS" start="2024-07-13T22:13:04.265789" elapsed="0.000390"/>
</kw>
<kw name="Log" owner="BuiltIn">
<msg time="2024-07-13T22:13:04.266501" level="INFO">username</msg>
<arg>${keyTwo}</arg>
<doc>Logs the given message with the given level.</doc>
<status status="PASS" start="2024-07-13T22:13:04.266372" elapsed="0.000168"/>
</kw>
<var name="${keyTwo}">username</var>
<status status="PASS" start="2024-07-13T22:13:04.265051" elapsed="0.001721"/>
</iter>
<iter>
<kw name="Dictionary Should Contain Key" owner="Collections">
<arg>${json_data['results'][0]['login']}</arg>
<arg>${keyTwo}</arg>
<doc>Fails if ``key`` is not found from ``dictionary``.</doc>
<status status="PASS" start="2024-07-13T22:13:04.267067" elapsed="0.000407"/>
</kw>
<kw name="Dictionary Should Contain Key" owner="Collections">
<arg>${json_data['results'][0]['login']}</arg>
<arg>${keyTwo}</arg>
<doc>Fails if ``key`` is not found from ``dictionary``.</doc>
<status status="PASS" start="2024-07-13T22:13:04.267664" elapsed="0.000383"/>
</kw>
<kw name="Log" owner="BuiltIn">
<msg time="2024-07-13T22:13:04.268356" level="INFO">password</msg>
<arg>${keyTwo}</arg>
<doc>Logs the given message with the given level.</doc>
<status status="PASS" start="2024-07-13T22:13:04.268232" elapsed="0.000167"/>
</kw>
<var name="${keyTwo}">password</var>
<status status="PASS" start="2024-07-13T22:13:04.266955" elapsed="0.001769"/>
</iter>
<var>${keyTwo}</var>
<value>@{expected_keysTwo}</value>
<status status="PASS" start="2024-07-13T22:13:04.264887" elapsed="0.003967"/>
</for>
<status status="PASS" start="2024-07-13T22:13:04.137107" elapsed="0.131898"/>
</kw>
<doc>Testa a estrutura da resposta da API.</doc>
<tag>testeEstruturaResposta</tag>
<status status="PASS" start="2024-07-13T22:13:04.136553" elapsed="0.132616"/>
</test>
<test id="s1-s1-t4" name="Validar tipos de dados" line="28">
<kw name="Teste de Tipos de Dados" owner="random-user-service">
<kw name="GET On Session" owner="RequestsLibrary">
<msg time="2024-07-13T22:13:04.334718" level="INFO">GET Request : url=https://randomuser.me/api 
 path_url=/api 
 headers={'User-Agent': 'python-requests/2.32.3', 'Accept-Encoding': 'gzip, deflate', 'Accept': '*/*', 'Connection': 'keep-alive'} 
 body=None 
 </msg>
<msg time="2024-07-13T22:13:04.334801" level="INFO">GET Response : url=https://randomuser.me/api 
 status=200, reason=OK 
 headers={'Date': 'Sat, 13 Jul 2024 22:13:04 GMT', 'Content-Type': 'application/json; charset=utf-8', 'Transfer-Encoding': 'chunked', 'Connection': 'keep-alive', 'X-Powered-By': 'Express', 'Access-Control-Allow-Origin': '*', 'Cache-Control': 'no-cache', 'ETag': 'W/"4ab-tr+5CqLFn7oJLjbsFBDHmqQ0m+4"', 'Vary': 'Accept-Encoding', 'Content-Encoding': 'gzip', 'CF-Cache-Status': 'DYNAMIC', 'Report-To': '{"endpoints":[{"url":"https:\\/\\/a.nel.cloudflare.com\\/report\\/v4?s=uYKmTguefWDA2lQrVcu8Y2kf1%2FDsU6HHNjFeRlh%2BwCjSbuSX8Uy8OnvQYJwxCaWVyP%2FHUYGnzpjkVCVPD8hAIyZdKX4i60YDEz%2BMxkxw1EREemMKNAmOWKDOyC90DGee"}],"group":"cf-nel","max_age":604800}', 'NEL': '{"success_fraction":0,"report_to":"cf-nel","max_age":604800}', 'Server': 'cloudflare', 'CF-RAY': '8a2c9e3db859080e-IAD', 'alt-svc': 'h3=":443"; ma=86400'} 
 body={"results":[{"gender":"female","name":{"title":"Mrs","first":"Mariane","last":"Caldeira"},"location":{"street":{"number":2793,"name":"Rua Maranhão "},"city":"Cuiabá","state":"Rio Grande do Sul","country":"Brazil","postcode":59656,"coordinates":{"latitude":"-78.2505","longitude":"95.9624"},"timezone":{"offset":"+8:00","description":"Beijing, Perth, Singapore, Hong Kong"}},"email":"mariane.caldeira@example.com","login":{"uuid":"a15d464b-85b6-4dc2-b6aa-de2fc8ab0ed8","username":"purplesnake895","password":"number","salt":"uRz3Ximx","md5":"96a2bedeee22e9085c533d1452c30d6d","sha1":"e8910b63e441f9a61ad04fc5566fa5b259ed593a","sha256":"89e24a3727b1c19e9396c40eaa43b38e0013f0504a98a9fcbe6161cde9837e41"},"dob":{"date":"1953-11-13T07:50:04.270Z","age":70},"registered":{"date":"2021-07-02T07:45:03.302Z","age":3},"phone":"(56) 7098-5197","cell":"(19) 6089-5877","id":{"name":"CPF","value":"475.466.556-71"},"picture":{"large":"https://randomuser.me/api/portraits/women/77.jpg","medium":"https://randomuser.me/api/portraits/med/women/77.jpg","thumbnail":"https://randomuser.me/api/portraits/thumb/women/77.jpg"},"nat":"BR"}],"info":{"seed":"67911838889a3aab","results":1,"page":1,"version":"1.4"}} 
 </msg>
<msg time="2024-07-13T22:13:04.334878" level="INFO">/opt/hostedtoolcache/Python/3.12.4/x64/lib/python3.12/site-packages/urllib3/connectionpool.py:1099: InsecureRequestWarning: Unverified HTTPS request is being made to host 'randomuser.me'. Adding certificate verification is strongly advised. See: https://urllib3.readthedocs.io/en/latest/advanced-usage.html#tls-warnings
  warnings.warn(</msg>
<msg time="2024-07-13T22:13:04.335010" level="INFO">${response} = &lt;Response [200]&gt;</msg>
<var>${response}</var>
<arg>consultarAPI</arg>
<arg>/api</arg>
<doc>Sends a GET request on a previously created HTTP Session.</doc>
<status status="PASS" start="2024-07-13T22:13:04.271813" elapsed="0.063248"/>
</kw>
<kw name="Set Variable" owner="BuiltIn">
<msg time="2024-07-13T22:13:04.335982" level="INFO">${json_data} = {'results': [{'gender': 'female', 'name': {'title': 'Mrs', 'first': 'Mariane', 'last': 'Caldeira'}, 'location': {'street': {'number': 2793, 'name': 'Rua Maranhão '}, 'city': 'Cuiabá', 'state': 'Rio Gr...</msg>
<var>${json_data}</var>
<arg>${response.json()}</arg>
<doc>Returns the given values which can then be assigned to a variables.</doc>
<status status="PASS" start="2024-07-13T22:13:04.335490" elapsed="0.000524"/>
</kw>
<kw name="Log" owner="BuiltIn">
<msg time="2024-07-13T22:13:04.336506" level="INFO">{'results': [{'gender': 'female', 'name': {'title': 'Mrs', 'first': 'Mariane', 'last': 'Caldeira'}, 'location': {'street': {'number': 2793, 'name': 'Rua Maranhão '}, 'city': 'Cuiabá', 'state': 'Rio Grande do Sul', 'country': 'Brazil', 'postcode': 59656, 'coordinates': {'latitude': '-78.2505', 'longitude': '95.9624'}, 'timezone': {'offset': '+8:00', 'description': 'Beijing, Perth, Singapore, Hong Kong'}}, 'email': 'mariane.caldeira@example.com', 'login': {'uuid': 'a15d464b-85b6-4dc2-b6aa-de2fc8ab0ed8', 'username': 'purplesnake895', 'password': 'number', 'salt': 'uRz3Ximx', 'md5': '96a2bedeee22e9085c533d1452c30d6d', 'sha1': 'e8910b63e441f9a61ad04fc5566fa5b259ed593a', 'sha256': '89e24a3727b1c19e9396c40eaa43b38e0013f0504a98a9fcbe6161cde9837e41'}, 'dob': {'date': '1953-11-13T07:50:04.270Z', 'age': 70}, 'registered': {'date': '2021-07-02T07:45:03.302Z', 'age': 3}, 'phone': '(56) 7098-5197', 'cell': '(19) 6089-5877', 'id': {'name': 'CPF', 'value': '475.466.556-71'}, 'picture': {'large': 'https://randomuser.me/api/portraits/women/77.jpg', 'medium': 'https://randomuser.me/api/portraits/med/women/77.jpg', 'thumbnail': 'https://randomuser.me/api/portraits/thumb/women/77.jpg'}, 'nat': 'BR'}], 'info': {'seed': '67911838889a3aab', 'results': 1, 'page': 1, 'version': '1.4'}}</msg>
<arg>${json_data}</arg>
<doc>Logs the given message with the given level.</doc>
<status status="PASS" start="2024-07-13T22:13:04.336342" elapsed="0.000216"/>
</kw>
<kw name="Should Be String" owner="String">
<arg>${json_data['results'][0]['gender']}</arg>
<doc>Fails if the given ``item`` is not a string.</doc>
<status status="PASS" start="2024-07-13T22:13:04.336868" elapsed="0.000414"/>
</kw>
<kw name="Should Match Regexp" owner="BuiltIn">
<arg>${json_data['results'][0]['email']}</arg>
<arg>^[a-zA-Z0-9._%+-]+@[a-zA-Z0-9.-]+\.[a-zA-Z]{2,}$</arg>
<doc>Fails if ``string`` does not match ``pattern`` as a regular expression.</doc>
<status status="PASS" start="2024-07-13T22:13:04.337495" elapsed="0.000546"/>
</kw>
<kw name="Should Match Regexp" owner="BuiltIn">
<arg>${json_data['results'][0]['dob']['date']}</arg>
<arg>\\d{4}-\\d{2}-\\d{2}T\\d{2}:\\d{2}:\\d{2}\\.\\d{3}Z</arg>
<doc>Fails if ``string`` does not match ``pattern`` as a regular expression.</doc>
<status status="PASS" start="2024-07-13T22:13:04.338292" elapsed="0.000526"/>
</kw>
<kw name="Should Match Regexp" owner="BuiltIn">
<arg>${json_data['results'][0]['registered']['date']}</arg>
<arg>\\d{4}-\\d{2}-\\d{2}T\\d{2}:\\d{2}:\\d{2}\\.\\d{3}Z</arg>
<doc>Fails if ``string`` does not match ``pattern`` as a regular expression.</doc>
<status status="PASS" start="2024-07-13T22:13:04.339022" elapsed="0.000393"/>
</kw>
<kw name="Should Match Regexp" owner="BuiltIn">
<arg>${json_data['results'][0]['picture']['large']}</arg>
<arg>^https?://.*\.(?:png|jpe?g|gif|bmp)$</arg>
<doc>Fails if ``string`` does not match ``pattern`` as a regular expression.</doc>
<status status="PASS" start="2024-07-13T22:13:04.339614" elapsed="0.000479"/>
</kw>
<kw name="Should Match Regexp" owner="BuiltIn">
<arg>${json_data['results'][0]['picture']['medium']}</arg>
<arg>^https?://.*\.(?:png|jpe?g|gif|bmp)$</arg>
<doc>Fails if ``string`` does not match ``pattern`` as a regular expression.</doc>
<status status="PASS" start="2024-07-13T22:13:04.340296" elapsed="0.000369"/>
</kw>
<kw name="Should Match Regexp" owner="BuiltIn">
<arg>${json_data['results'][0]['picture']['thumbnail']}</arg>
<arg>^https?://.*\.(?:png|jpe?g|gif|bmp)$</arg>
<doc>Fails if ``string`` does not match ``pattern`` as a regular expression.</doc>
<status status="PASS" start="2024-07-13T22:13:04.340860" elapsed="0.000389"/>
</kw>
<kw name="Log" owner="BuiltIn">
<msg time="2024-07-13T22:13:04.341807" level="INFO">{'large': 'https://randomuser.me/api/portraits/women/77.jpg', 'medium': 'https://randomuser.me/api/portraits/med/women/77.jpg', 'thumbnail': 'https://randomuser.me/api/portraits/thumb/women/77.jpg'}</msg>
<arg>${json_data['results'][0]['picture']}</arg>
<doc>Logs the given message with the given level.</doc>
<status status="PASS" start="2024-07-13T22:13:04.341457" elapsed="0.000397"/>
</kw>
<status status="PASS" start="2024-07-13T22:13:04.271578" elapsed="0.070545"/>
</kw>
<kw name="Teste de Tipos de Dados - Postcode" owner="random-user-service">
<kw name="GET On Session" owner="RequestsLibrary">
<msg time="2024-07-13T22:13:04.437380" level="INFO">GET Request : url=https://randomuser.me/api 
 path_url=/api 
 headers={'User-Agent': 'python-requests/2.32.3', 'Accept-Encoding': 'gzip, deflate', 'Accept': '*/*', 'Connection': 'keep-alive'} 
 body=None 
 </msg>
<msg time="2024-07-13T22:13:04.437460" level="INFO">GET Response : url=https://randomuser.me/api 
 status=200, reason=OK 
 headers={'Date': 'Sat, 13 Jul 2024 22:13:04 GMT', 'Content-Type': 'application/json; charset=utf-8', 'Transfer-Encoding': 'chunked', 'Connection': 'keep-alive', 'X-Powered-By': 'Express', 'Access-Control-Allow-Origin': '*', 'Cache-Control': 'no-cache', 'ETag': 'W/"4a0-ADWWzF46eMqNx0vkfo2I7BpkRis"', 'Vary': 'Accept-Encoding', 'Content-Encoding': 'gzip', 'CF-Cache-Status': 'DYNAMIC', 'Report-To': '{"endpoints":[{"url":"https:\\/\\/a.nel.cloudflare.com\\/report\\/v4?s=hOps6SQystylplPQ0gi0oTdiJQE70juhEICWj9RZRGIUatszslg1YUZX88wZYMXIef7PKQvIMZSLxUaGjI0B3DijEGkEHH1vqcQ2k%2BXw%2BqRCDekEH6YV1BrsAiRAyOhB"}],"group":"cf-nel","max_age":604800}', 'NEL': '{"success_fraction":0,"report_to":"cf-nel","max_age":604800}', 'Server': 'cloudflare', 'CF-RAY': '8a2c9e3e28e9080e-IAD', 'alt-svc': 'h3=":443"; ma=86400'} 
 body={"results":[{"gender":"female","name":{"title":"Miss","first":"Margarita","last":"Mireles"},"location":{"street":{"number":4160,"name":"Corredor Figueroa"},"city":"San Pablo Oztotepec","state":"Durango","country":"Mexico","postcode":11763,"coordinates":{"latitude":"25.1875","longitude":"169.1156"},"timezone":{"offset":"+9:30","description":"Adelaide, Darwin"}},"email":"margarita.mireles@example.com","login":{"uuid":"a95e68b4-09a7-4c00-bc6c-bfaebf282301","username":"smallpanda957","password":"hawkins","salt":"KPCVbaSW","md5":"60b5576526ced6c69417425b641662c8","sha1":"db8dd869c42ec0546f394cd66d389e8a68a43fbe","sha256":"dd9ae4d7781ca456aa494ff094710b1361c8cb561c1cb5063d74f2990df4d871"},"dob":{"date":"1981-12-10T20:53:01.423Z","age":42},"registered":{"date":"2020-09-27T17:31:18.234Z","age":3},"phone":"(691) 512 0102","cell":"(646) 138 0316","id":{"name":"NSS","value":"22 27 41 9164 0"},"picture":{"large":"https://randomuser.me/api/portraits/women/72.jpg","medium":"https://randomuser.me/api/portraits/med/women/72.jpg","thumbnail":"https://randomuser.me/api/portraits/thumb/women/72.jpg"},"nat":"MX"}],"info":{"seed":"1ec0892aea393587","results":1,"page":1,"version":"1.4"}} 
 </msg>
<msg time="2024-07-13T22:13:04.437526" level="INFO">/opt/hostedtoolcache/Python/3.12.4/x64/lib/python3.12/site-packages/urllib3/connectionpool.py:1099: InsecureRequestWarning: Unverified HTTPS request is being made to host 'randomuser.me'. Adding certificate verification is strongly advised. See: https://urllib3.readthedocs.io/en/latest/advanced-usage.html#tls-warnings
  warnings.warn(</msg>
<msg time="2024-07-13T22:13:04.437651" level="INFO">${response} = &lt;Response [200]&gt;</msg>
<var>${response}</var>
<arg>consultarAPI</arg>
<arg>/api</arg>
<doc>Sends a GET request on a previously created HTTP Session.</doc>
<status status="PASS" start="2024-07-13T22:13:04.342589" elapsed="0.095103"/>
</kw>
<kw name="Set Variable" owner="BuiltIn">
<msg time="2024-07-13T22:13:04.438719" level="INFO">${json_data} = {'results': [{'gender': 'female', 'name': {'title': 'Miss', 'first': 'Margarita', 'last': 'Mireles'}, 'location': {'street': {'number': 4160, 'name': 'Corredor Figueroa'}, 'city': 'San Pablo Oztotepec...</msg>
<var>${json_data}</var>
<arg>${response.json()}</arg>
<doc>Returns the given values which can then be assigned to a variables.</doc>
<status status="PASS" start="2024-07-13T22:13:04.438171" elapsed="0.000578"/>
</kw>
<kw name="Log" owner="BuiltIn">
<msg time="2024-07-13T22:13:04.439274" level="INFO">{'results': [{'gender': 'female', 'name': {'title': 'Miss', 'first': 'Margarita', 'last': 'Mireles'}, 'location': {'street': {'number': 4160, 'name': 'Corredor Figueroa'}, 'city': 'San Pablo Oztotepec', 'state': 'Durango', 'country': 'Mexico', 'postcode': 11763, 'coordinates': {'latitude': '25.1875', 'longitude': '169.1156'}, 'timezone': {'offset': '+9:30', 'description': 'Adelaide, Darwin'}}, 'email': 'margarita.mireles@example.com', 'login': {'uuid': 'a95e68b4-09a7-4c00-bc6c-bfaebf282301', 'username': 'smallpanda957', 'password': 'hawkins', 'salt': 'KPCVbaSW', 'md5': '60b5576526ced6c69417425b641662c8', 'sha1': 'db8dd869c42ec0546f394cd66d389e8a68a43fbe', 'sha256': 'dd9ae4d7781ca456aa494ff094710b1361c8cb561c1cb5063d74f2990df4d871'}, 'dob': {'date': '1981-12-10T20:53:01.423Z', 'age': 42}, 'registered': {'date': '2020-09-27T17:31:18.234Z', 'age': 3}, 'phone': '(691) 512 0102', 'cell': '(646) 138 0316', 'id': {'name': 'NSS', 'value': '22 27 41 9164 0'}, 'picture': {'large': 'https://randomuser.me/api/portraits/women/72.jpg', 'medium': 'https://randomuser.me/api/portraits/med/women/72.jpg', 'thumbnail': 'https://randomuser.me/api/portraits/thumb/women/72.jpg'}, 'nat': 'MX'}], 'info': {'seed': '1ec0892aea393587', 'results': 1, 'page': 1, 'version': '1.4'}}</msg>
<arg>${json_data}</arg>
<doc>Logs the given message with the given level.</doc>
<status status="PASS" start="2024-07-13T22:13:04.439103" elapsed="0.000222"/>
</kw>
<kw name="Should Be Equal As Numbers" owner="BuiltIn">
<arg>${json_data['results'][0]['location']['postcode']}</arg>
<arg>${json_data['results'][0]['location']['postcode']}</arg>
<doc>Fails if objects are unequal after converting them to real numbers.</doc>
<status status="PASS" start="2024-07-13T22:13:04.439642" elapsed="0.000673"/>
</kw>
<kw name="Log" owner="BuiltIn">
<msg time="2024-07-13T22:13:04.441044" level="INFO">11763</msg>
<arg>${json_data['results'][0]['location']['postcode']}</arg>
<doc>Logs the given message with the given level.</doc>
<status status="PASS" start="2024-07-13T22:13:04.440515" elapsed="0.000573"/>
</kw>
<status status="PASS" start="2024-07-13T22:13:04.342355" elapsed="0.099086"/>
</kw>
<doc>Testa se os tipos de dados na resposta da API estão corretos.</doc>
<tag>testeTiposDados</tag>
<status status="PASS" start="2024-07-13T22:13:04.271092" elapsed="0.170528"/>
</test>
<test id="s1-s1-t5" name="Validar conteudo" line="35">
<kw name="Teste de Tipos de Conteudo" owner="random-user-service">
<kw name="GET On Session" owner="RequestsLibrary">
<msg time="2024-07-13T22:13:04.535426" level="INFO">GET Request : url=https://randomuser.me/api 
 path_url=/api 
 headers={'User-Agent': 'python-requests/2.32.3', 'Accept-Encoding': 'gzip, deflate', 'Accept': '*/*', 'Connection': 'keep-alive'} 
 body=None 
 </msg>
<msg time="2024-07-13T22:13:04.535519" level="INFO">GET Response : url=https://randomuser.me/api 
 status=200, reason=OK 
 headers={'Date': 'Sat, 13 Jul 2024 22:13:04 GMT', 'Content-Type': 'application/json; charset=utf-8', 'Transfer-Encoding': 'chunked', 'Connection': 'keep-alive', 'X-Powered-By': 'Express', 'Access-Control-Allow-Origin': '*', 'Cache-Control': 'no-cache', 'ETag': 'W/"4ad-DiXcPg76XTncPtiXjAhW+mVEulU"', 'Vary': 'Accept-Encoding', 'Content-Encoding': 'gzip', 'CF-Cache-Status': 'DYNAMIC', 'Report-To': '{"endpoints":[{"url":"https:\\/\\/a.nel.cloudflare.com\\/report\\/v4?s=a3VTxUJvuSBLRR87kmWnY%2BS4oODS0DXGIoeGiHqTBMWc8kcQLk9RYfM7B%2FjVKOIxRBk%2FP4JeC9GtVJoR874YId9Fw%2FlXhBUL5%2FNkezdDrO8kPdtSnPPBii1J52Wf33Qe"}],"group":"cf-nel","max_age":604800}', 'NEL': '{"success_fraction":0,"report_to":"cf-nel","max_age":604800}', 'Server': 'cloudflare', 'CF-RAY': '8a2c9e3ec9af080e-IAD', 'alt-svc': 'h3=":443"; ma=86400'} 
 body={"results":[{"gender":"male","name":{"title":"Mr","first":"Mylan","last":"Fernandez"},"location":{"street":{"number":7606,"name":"Rue de Gerland"},"city":"Aubervilliers","state":"Manche","country":"France","postcode":34280,"coordinates":{"latitude":"-20.2531","longitude":"-86.8270"},"timezone":{"offset":"0:00","description":"Western Europe Time, London, Lisbon, Casablanca"}},"email":"mylan.fernandez@example.com","login":{"uuid":"b47c81a4-274a-4bc7-ab69-19096c996eaa","username":"happymeercat183","password":"redbird","salt":"jCrPSWBz","md5":"8f65c17e8f0f05fd5c23f09f880bb0fd","sha1":"bcceb6e0895fe6bd595083980c1e02d18b80926a","sha256":"0f8c56a26f022e261fe6ef3cdc3ae080888a18faac5334e1cfafa2c4497cc13c"},"dob":{"date":"1976-09-08T13:19:55.318Z","age":47},"registered":{"date":"2003-04-17T19:18:17.043Z","age":21},"phone":"02-86-53-96-64","cell":"06-44-07-55-63","id":{"name":"INSEE","value":"1760861437765 38"},"picture":{"large":"https://randomuser.me/api/portraits/men/57.jpg","medium":"https://randomuser.me/api/portraits/med/men/57.jpg","thumbnail":"https://randomuser.me/api/portraits/thumb/men/57.jpg"},"nat":"FR"}],"info":{"seed":"4133871e53fc3353","results":1,"page":1,"version":"1.4"}} 
 </msg>
<msg time="2024-07-13T22:13:04.535593" level="INFO">/opt/hostedtoolcache/Python/3.12.4/x64/lib/python3.12/site-packages/urllib3/connectionpool.py:1099: InsecureRequestWarning: Unverified HTTPS request is being made to host 'randomuser.me'. Adding certificate verification is strongly advised. See: https://urllib3.readthedocs.io/en/latest/advanced-usage.html#tls-warnings
  warnings.warn(</msg>
<msg time="2024-07-13T22:13:04.535694" level="INFO">${response} = &lt;Response [200]&gt;</msg>
<var>${response}</var>
<arg>consultarAPI</arg>
<arg>/api</arg>
<doc>Sends a GET request on a previously created HTTP Session.</doc>
<status status="PASS" start="2024-07-13T22:13:04.444638" elapsed="0.091089"/>
</kw>
<kw name="Set Variable" owner="BuiltIn">
<msg time="2024-07-13T22:13:04.536691" level="INFO">${json_data} = {'results': [{'gender': 'male', 'name': {'title': 'Mr', 'first': 'Mylan', 'last': 'Fernandez'}, 'location': {'street': {'number': 7606, 'name': 'Rue de Gerland'}, 'city': 'Aubervilliers', 'state': 'Ma...</msg>
<var>${json_data}</var>
<arg>${response.json()}</arg>
<doc>Returns the given values which can then be assigned to a variables.</doc>
<status status="PASS" start="2024-07-13T22:13:04.536182" elapsed="0.000542"/>
</kw>
<kw name="Set Variable" owner="BuiltIn">
<msg time="2024-07-13T22:13:04.537525" level="INFO">${name_title} = Mr</msg>
<var>${name_title}</var>
<arg>${json_data["results"][0]["name"]["title"]}</arg>
<doc>Returns the given values which can then be assigned to a variables.</doc>
<status status="PASS" start="2024-07-13T22:13:04.537070" elapsed="0.000483"/>
</kw>
<kw name="Create List" owner="BuiltIn">
<msg time="2024-07-13T22:13:04.538041" level="INFO">${allowed_titles} = ['Mr', 'Ms', 'Miss', 'Mrs', 'Madame', 'Monsieur']</msg>
<var>${allowed_titles}</var>
<arg>Mr</arg>
<arg>Ms</arg>
<arg>Miss</arg>
<arg>Mrs</arg>
<arg>Madame</arg>
<arg>Monsieur</arg>
<doc>Returns a list containing given items.</doc>
<status status="PASS" start="2024-07-13T22:13:04.537880" elapsed="0.000187"/>
</kw>
<kw name="List Should Contain Value" owner="Collections">
<arg>${allowed_titles}</arg>
<arg>${name_title}</arg>
<doc>Fails if the ``value`` is not found from ``list``.</doc>
<status status="PASS" start="2024-07-13T22:13:04.538389" elapsed="0.000195"/>
</kw>
<kw name="Set Variable" owner="BuiltIn">
<msg time="2024-07-13T22:13:04.539179" level="INFO">${name_country} = FR</msg>
<var>${name_country}</var>
<arg>${json_data["results"][0]["nat"]}</arg>
<doc>Returns the given values which can then be assigned to a variables.</doc>
<status status="PASS" start="2024-07-13T22:13:04.538781" elapsed="0.000425"/>
</kw>
<kw name="Create List" owner="BuiltIn">
<msg time="2024-07-13T22:13:04.540134" level="INFO">${list_country} = ['AD', 'AE', 'AF', 'AG', 'AI', 'AL', 'AM', 'AO', 'AQ', 'AR', 'AS', 'AT', 'AU', 'AW', 'AX', 'AZ', 'BA', 'BB', 'BD', 'BE', 'BF', 'BG', 'BH', 'BI', 'BJ', 'BL', 'BM', 'BN', 'BO', 'BQ', 'BR', 'BS', 'BT', '...</msg>
<var>${list_country}</var>
<arg>AD</arg>
<arg>AE</arg>
<arg>AF</arg>
<arg>AG</arg>
<arg>AI</arg>
<arg>AL</arg>
<arg>AM</arg>
<arg>AO</arg>
<arg>AQ</arg>
<arg>AR</arg>
<arg>AS</arg>
<arg>AT</arg>
<arg>AU</arg>
<arg>AW</arg>
<arg>AX</arg>
<arg>AZ</arg>
<arg>BA</arg>
<arg>BB</arg>
<arg>BD</arg>
<arg>BE</arg>
<arg>BF</arg>
<arg>BG</arg>
<arg>BH</arg>
<arg>BI</arg>
<arg>BJ</arg>
<arg>BL</arg>
<arg>BM</arg>
<arg>BN</arg>
<arg>BO</arg>
<arg>BQ</arg>
<arg>BR</arg>
<arg>BS</arg>
<arg>BT</arg>
<arg>BV</arg>
<arg>BW</arg>
<arg>BY</arg>
<arg>BZ</arg>
<arg>CA</arg>
<arg>CC</arg>
<arg>CD</arg>
<arg>CF</arg>
<arg>CG</arg>
<arg>CH</arg>
<arg>CI</arg>
<arg>CK</arg>
<arg>CL</arg>
<arg>CM</arg>
<arg>CN</arg>
<arg>CO</arg>
<arg>CR</arg>
<arg>CU</arg>
<arg>CV</arg>
<arg>CW</arg>
<arg>CX</arg>
<arg>CY</arg>
<arg>CZ</arg>
<arg>DE</arg>
<arg>DJ</arg>
<arg>DK</arg>
<arg>DM</arg>
<arg>DO</arg>
<arg>DZ</arg>
<arg>EC</arg>
<arg>EE</arg>
<arg>EG</arg>
<arg>EH</arg>
<arg>ER</arg>
<arg>ES</arg>
<arg>ET</arg>
<arg>FI</arg>
<arg>FJ</arg>
<arg>FK</arg>
<arg>FM</arg>
<arg>FO</arg>
<arg>FR</arg>
<arg>GA</arg>
<arg>GB</arg>
<arg>GD</arg>
<arg>GE</arg>
<arg>GF</arg>
<arg>GG</arg>
<arg>GH</arg>
<arg>GI</arg>
<arg>GL</arg>
<arg>GM</arg>
<arg>GN</arg>
<arg>GP</arg>
<arg>GQ</arg>
<arg>GR</arg>
<arg>GS</arg>
<arg>GT</arg>
<arg>GU</arg>
<arg>GW</arg>
<arg>GY</arg>
<arg>HK</arg>
<arg>HM</arg>
<arg>HN</arg>
<arg>HR</arg>
<arg>HT</arg>
<arg>HU</arg>
<arg>ID</arg>
<arg>IE</arg>
<arg>IL</arg>
<arg>IM</arg>
<arg>IN</arg>
<arg>IO</arg>
<arg>IQ</arg>
<arg>IR</arg>
<arg>IS</arg>
<arg>IT</arg>
<arg>JE</arg>
<arg>JM</arg>
<arg>JO</arg>
<arg>JP</arg>
<arg>KE</arg>
<arg>KG</arg>
<arg>KH</arg>
<arg>KI</arg>
<arg>KM</arg>
<arg>KN</arg>
<arg>KP</arg>
<arg>KR</arg>
<arg>KW</arg>
<arg>KY</arg>
<arg>KZ</arg>
<arg>LA</arg>
<arg>LB</arg>
<arg>LC</arg>
<arg>LI</arg>
<arg>LK</arg>
<arg>LR</arg>
<arg>LS</arg>
<arg>LT</arg>
<arg>LU</arg>
<arg>LV</arg>
<arg>LY</arg>
<arg>MA</arg>
<arg>MC</arg>
<arg>MD</arg>
<arg>ME</arg>
<arg>MF</arg>
<arg>MG</arg>
<arg>MH</arg>
<arg>MK</arg>
<arg>ML</arg>
<arg>MM</arg>
<arg>MN</arg>
<arg>MO</arg>
<arg>MP</arg>
<arg>MQ</arg>
<arg>MR</arg>
<arg>MS</arg>
<arg>MT</arg>
<arg>MU</arg>
<arg>MV</arg>
<arg>MW</arg>
<arg>MX</arg>
<arg>MY</arg>
<arg>MZ</arg>
<arg>NA</arg>
<arg>NC</arg>
<arg>NE</arg>
<arg>NF</arg>
<arg>NG</arg>
<arg>NI</arg>
<arg>NL</arg>
<arg>NO</arg>
<arg>NP</arg>
<arg>NR</arg>
<arg>NU</arg>
<arg>NZ</arg>
<arg>OM</arg>
<arg>PA</arg>
<arg>PE</arg>
<arg>PF</arg>
<arg>PG</arg>
<arg>PH</arg>
<arg>PK</arg>
<arg>PL</arg>
<arg>PM</arg>
<arg>PN</arg>
<arg>PR</arg>
<arg>PS</arg>
<arg>PT</arg>
<arg>PW</arg>
<arg>PY</arg>
<arg>QA</arg>
<arg>RE</arg>
<arg>RO</arg>
<arg>RS</arg>
<arg>RU</arg>
<arg>RW</arg>
<arg>SA</arg>
<arg>SB</arg>
<arg>SC</arg>
<arg>SD</arg>
<arg>SE</arg>
<arg>SG</arg>
<arg>SH</arg>
<arg>SI</arg>
<arg>SJ</arg>
<arg>SK</arg>
<arg>SL</arg>
<arg>SM</arg>
<arg>SN</arg>
<arg>SO</arg>
<arg>SR</arg>
<arg>SS</arg>
<arg>ST</arg>
<arg>SV</arg>
<arg>SX</arg>
<arg>SY</arg>
<arg>SZ</arg>
<arg>TC</arg>
<arg>TD</arg>
<arg>TF</arg>
<arg>TG</arg>
<arg>TH</arg>
<arg>TJ</arg>
<arg>TK</arg>
<arg>TL</arg>
<arg>TM</arg>
<arg>TN</arg>
<arg>TO</arg>
<arg>TR</arg>
<arg>TT</arg>
<arg>TV</arg>
<arg>TW</arg>
<arg>TZ</arg>
<arg>UA</arg>
<arg>UG</arg>
<arg>UM</arg>
<arg>US</arg>
<arg>UY</arg>
<arg>UZ</arg>
<arg>VA</arg>
<arg>VC</arg>
<arg>VE</arg>
<arg>VG</arg>
<arg>VI</arg>
<arg>VN</arg>
<arg>VU</arg>
<arg>WF</arg>
<arg>WS</arg>
<arg>XK</arg>
<arg>YE</arg>
<arg>YT</arg>
<arg>ZA</arg>
<arg>ZM</arg>
<arg>ZW</arg>
<doc>Returns a list containing given items.</doc>
<status status="PASS" start="2024-07-13T22:13:04.539517" elapsed="0.000645"/>
</kw>
<kw name="List Should Contain Value" owner="Collections">
<arg>${list_country}</arg>
<arg>${name_country}</arg>
<doc>Fails if the ``value`` is not found from ``list``.</doc>
<status status="PASS" start="2024-07-13T22:13:04.540984" elapsed="0.000219"/>
</kw>
<kw name="Run Keyword If" owner="BuiltIn">
<kw name="Should Be True" owner="BuiltIn">
<arg>${True}</arg>
<doc>Fails if the given condition is not true.</doc>
<status status="PASS" start="2024-07-13T22:13:04.542239" elapsed="0.000156"/>
</kw>
<arg>${json_data["results"][0]["location"]["coordinates"]["latitude"]} &gt;= -90 and ${json_data["results"][0]["location"]["coordinates"]["latitude"]} &lt;= 90</arg>
<arg>Should Be True</arg>
<arg>${True}</arg>
<doc>Runs the given keyword with the given arguments, if ``condition`` is true.</doc>
<status status="PASS" start="2024-07-13T22:13:04.541452" elapsed="0.001079"/>
</kw>
<kw name="Run Keyword If" owner="BuiltIn">
<kw name="Should Be True" owner="BuiltIn">
<arg>${True}</arg>
<doc>Fails if the given condition is not true.</doc>
<status status="PASS" start="2024-07-13T22:13:04.543464" elapsed="0.000248"/>
</kw>
<arg>${json_data["results"][0]["location"]["coordinates"]["longitude"]} &gt;= -180 and ${json_data["results"][0]["location"]["coordinates"]["longitude"]} &lt;= 180</arg>
<arg>Should Be True</arg>
<arg>${True}</arg>
<doc>Runs the given keyword with the given arguments, if ``condition`` is true.</doc>
<status status="PASS" start="2024-07-13T22:13:04.542727" elapsed="0.001124"/>
</kw>
<status status="PASS" start="2024-07-13T22:13:04.444248" elapsed="0.099745"/>
</kw>
<doc>Testa o conteúdo específico dos campos retornados pela API.</doc>
<tag>testeConteudo</tag>
<status status="PASS" start="2024-07-13T22:13:04.443553" elapsed="0.100603"/>
</test>
<status status="PASS" start="2024-07-13T22:13:03.697694" elapsed="0.848642"/>
</suite>
<status status="PASS" start="2024-07-13T22:13:03.682542" elapsed="0.869095"/>
</suite>
<statistics>
<total>
<stat pass="5" fail="0" skip="0">All Tests</stat>
</total>
<tag>
<stat pass="1" fail="0" skip="0">testeConteudo</stat>
<stat pass="1" fail="0" skip="0">testeEstruturaResposta</stat>
<stat pass="1" fail="0" skip="0">testeRequisicaoBasica</stat>
<stat pass="1" fail="0" skip="0">testeTiposDados</stat>
</tag>
<suite>
<stat pass="5" fail="0" skip="0" id="s1" name="Tests">Tests</stat>
<stat pass="5" fail="0" skip="0" id="s1-s1" name="Random-User-Test">Tests.Random-User-Test</stat>
</suite>
</statistics>
<errors>
</errors>
</robot>
