<?xml version="1.0" encoding="UTF-8"?>
<robot generator="Robot 7.0 (Python 3.12.2 on linux)" generated="2024-03-31T06:16:17.131592" rpa="false" schemaversion="5">
<suite id="s1" name="Tests" source="/home/runner/work/DesafioQAItauRogerioJordao/DesafioQAItauRogerioJordao/RamdonUser/tests">
<suite id="s1-s1" name="Random-User-Test" source="/home/runner/work/DesafioQAItauRogerioJordao/DesafioQAItauRogerioJordao/RamdonUser/tests/random-user-test.robot">
<test id="s1-s1-t1" name="Conectar" line="13">
<kw name="Conectar API" owner="random-user-service">
<kw name="Create Session" owner="RequestsLibrary">
<msg time="2024-03-31T06:16:17.523243" level="INFO">Creating Session using : alias=consultarAPI, url=https://randomuser.me/, headers={},                     cookies={}, auth=None, timeout=None, proxies=None, verify=False,                     debug=0 </msg>
<arg>consultarAPI</arg>
<arg>${URL}</arg>
<doc>Create Session: create a HTTP session to a server</doc>
<status status="PASS" start="2024-03-31T06:16:17.523037" elapsed="0.000401"/>
</kw>
<status status="PASS" start="2024-03-31T06:16:17.521969" elapsed="0.001845"/>
</kw>
<status status="PASS" start="2024-03-31T06:16:17.521307" elapsed="0.002716"/>
</test>
<test id="s1-s1-t2" name="Validar retorno 200 e JSON Válido" line="16">
<kw name="Teste de Requisicao Basica" owner="random-user-service">
<kw name="GET On Session" owner="RequestsLibrary">
<msg time="2024-03-31T06:16:17.816961" level="INFO">GET Request : url=https://randomuser.me/api 
 path_url=/api 
 headers={'User-Agent': 'python-requests/2.31.0', 'Accept-Encoding': 'gzip, deflate', 'Accept': '*/*', 'Connection': 'keep-alive'} 
 body=None 
 </msg>
<msg time="2024-03-31T06:16:17.817111" level="INFO">GET Response : url=https://randomuser.me/api 
 status=200, reason=OK 
 headers={'Date': 'Sun, 31 Mar 2024 06:16:17 GMT', 'Content-Type': 'application/json; charset=utf-8', 'Transfer-Encoding': 'chunked', 'Connection': 'keep-alive', 'X-Powered-By': 'Express', 'Access-Control-Allow-Origin': '*', 'Cache-Control': 'no-cache', 'ETag': 'W/"491-PWu3mPgsxKnAKHIPTwXPPKNbqXI"', 'Vary': 'Accept-Encoding', 'Content-Encoding': 'gzip', 'CF-Cache-Status': 'DYNAMIC', 'Report-To': '{"endpoints":[{"url":"https:\\/\\/a.nel.cloudflare.com\\/report\\/v4?s=K5p3s%2B%2F1ptp70cY3Sg%2Bu2NiN2r71nTfL10gaPl9tsVGDI2krlNjfXoTwIGmmqHj0opjgzewaaibwHpLnf7EnZLx4ZCHR9uYPPnQ6GpSB1dR2UDY5KZSttZeMQ8ukTSDL"}],"group":"cf-nel","max_age":604800}', 'NEL': '{"success_fraction":0,"report_to":"cf-nel","max_age":604800}', 'Server': 'cloudflare', 'CF-RAY': '86ce35b6de322702-SJC', 'alt-svc': 'h3=":443"; ma=86400'} 
 body={"results":[{"gender":"male","name":{"title":"Mr","first":"Panteleymon","last":"Leonenko"},"location":{"street":{"number":5368,"name":"Provulok Harkivskiy"},"city":"Novoazovsk","state":"Avtonomna Respublika Krim","country":"Ukraine","postcode":50937,"coordinates":{"latitude":"74.9697","longitude":"-162.1449"},"timezone":{"offset":"-10:00","description":"Hawaii"}},"email":"panteleymon.leonenko@example.com","login":{"uuid":"a718e907-7ec8-4cf5-8acd-262f91cb82a1","username":"smallsnake232","password":"olivier","salt":"D4UIX0vY","md5":"e97b971ae6726a6b3a3844979412b69b","sha1":"e2534f11c42e2feb69f8f2ea746ffc336063420a","sha256":"d7332d0974c90fdb977147dbe0050a5105dd4880b16458cf2a99933e8fbe8877"},"dob":{"date":"1967-07-21T15:13:50.656Z","age":56},"registered":{"date":"2005-01-20T07:45:07.307Z","age":19},"phone":"(097) C77-5160","cell":"(066) D04-4265","id":{"name":"","value":null},"picture":{"large":"https://randomuser.me/api/portraits/men/95.jpg","medium":"https://randomuser.me/api/portraits/med/men/95.jpg","thumbnail":"https://randomuser.me/api/portraits/thumb/men/95.jpg"},"nat":"UA"}],"info":{"seed":"93651a18eca764fc","results":1,"page":1,"version":"1.4"}} 
 </msg>
<msg time="2024-03-31T06:16:17.817218" level="INFO">/opt/hostedtoolcache/Python/3.12.2/x64/lib/python3.12/site-packages/urllib3/connectionpool.py:1103: InsecureRequestWarning: Unverified HTTPS request is being made to host 'randomuser.me'. Adding certificate verification is strongly advised. See: https://urllib3.readthedocs.io/en/latest/advanced-usage.html#tls-warnings
  warnings.warn(</msg>
<msg time="2024-03-31T06:16:17.817352" level="INFO">${response} = &lt;Response [200]&gt;</msg>
<var>${response}</var>
<arg>consultarAPI</arg>
<arg>/api</arg>
<doc>Sends a GET request on a previously created HTTP Session.</doc>
<status status="PASS" start="2024-03-31T06:16:17.526761" elapsed="0.290635"/>
</kw>
<kw name="Should Be Equal As Numbers" owner="BuiltIn">
<msg time="2024-03-31T06:16:17.818414" level="INFO">Argument types are:
&lt;class 'int'&gt;
&lt;class 'str'&gt;</msg>
<arg>${response.status_code}</arg>
<arg>200</arg>
<doc>Fails if objects are unequal after converting them to real numbers.</doc>
<status status="PASS" start="2024-03-31T06:16:17.817950" elapsed="0.000530"/>
</kw>
<kw name="Log" owner="BuiltIn">
<msg time="2024-03-31T06:16:17.819154" level="INFO">200</msg>
<arg>${response.status_code}</arg>
<doc>Logs the given message with the given level.</doc>
<status status="PASS" start="2024-03-31T06:16:17.818801" elapsed="0.000395"/>
</kw>
<kw name="Set Variable" owner="BuiltIn">
<msg time="2024-03-31T06:16:17.819966" level="INFO">${json_data} = {'results': [{'gender': 'male', 'name': {'title': 'Mr', 'first': 'Panteleymon', 'last': 'Leonenko'}, 'location': {'street': {'number': 5368, 'name': 'Provulok Harkivskiy'}, 'city': 'Novoazovsk', 'stat...</msg>
<var>${json_data}</var>
<arg>${response.json()}</arg>
<doc>Returns the given values which can then be assigned to a variables.</doc>
<status status="PASS" start="2024-03-31T06:16:17.819529" elapsed="0.000465"/>
</kw>
<kw name="Dictionary Should Contain Key" owner="Collections">
<msg time="2024-03-31T06:16:17.820459" level="INFO">False</msg>
<arg>${json_data}</arg>
<arg>results</arg>
<doc>Fails if ``key`` is not found from ``dictionary``.</doc>
<status status="PASS" start="2024-03-31T06:16:17.820293" elapsed="0.000205"/>
</kw>
<status status="PASS" start="2024-03-31T06:16:17.526504" elapsed="0.294278"/>
</kw>
<doc>Testa se a API responde corretamente e retorna um objeto JSON válido.</doc>
<tag>testeRequisicaoBasica</tag>
<status status="PASS" start="2024-03-31T06:16:17.525948" elapsed="0.295038"/>
</test>
<test id="s1-s1-t3" name="Validar estrutura de resposta" line="22">
<kw name="Teste de Estrutura de Resposta" owner="random-user-service">
<kw name="GET On Session" owner="RequestsLibrary">
<msg time="2024-03-31T06:16:17.916272" level="INFO">GET Request : url=https://randomuser.me/api 
 path_url=/api 
 headers={'User-Agent': 'python-requests/2.31.0', 'Accept-Encoding': 'gzip, deflate', 'Accept': '*/*', 'Connection': 'keep-alive'} 
 body=None 
 </msg>
<msg time="2024-03-31T06:16:17.916374" level="INFO">GET Response : url=https://randomuser.me/api 
 status=200, reason=OK 
 headers={'Date': 'Sun, 31 Mar 2024 06:16:17 GMT', 'Content-Type': 'application/json; charset=utf-8', 'Transfer-Encoding': 'chunked', 'Connection': 'keep-alive', 'X-Powered-By': 'Express', 'Access-Control-Allow-Origin': '*', 'Cache-Control': 'no-cache', 'ETag': 'W/"489-Xyu3VOAqNV0pk0JX1ktgsIRgExQ"', 'Vary': 'Accept-Encoding', 'Content-Encoding': 'gzip', 'CF-Cache-Status': 'DYNAMIC', 'Report-To': '{"endpoints":[{"url":"https:\\/\\/a.nel.cloudflare.com\\/report\\/v4?s=vD22LoDs5Zzy2Oyi%2FXaRKmlzGXxkM%2ByEYOBoEn7yj9tsgkDoiSVJO4e1IVGf8P8oc%2B%2FWcW7z8V4W6YTOIWSkE8DdOXx%2Brq3I%2BU6siFanAlP9FZ%2Be6CpYSih1uMbvdm7U"}],"group":"cf-nel","max_age":604800}', 'NEL': '{"success_fraction":0,"report_to":"cf-nel","max_age":604800}', 'Server': 'cloudflare', 'CF-RAY': '86ce35b76ec02702-SJC', 'alt-svc': 'h3=":443"; ma=86400'} 
 body={"results":[{"gender":"male","name":{"title":"Mr","first":"Jeremy","last":"Denys"},"location":{"street":{"number":2207,"name":"22nd Ave"},"city":"Richmond","state":"Nunavut","country":"Canada","postcode":"K0P 3D2","coordinates":{"latitude":"-64.6622","longitude":"-99.4089"},"timezone":{"offset":"+1:00","description":"Brussels, Copenhagen, Madrid, Paris"}},"email":"jeremy.denys@example.com","login":{"uuid":"74730b94-92e3-4a86-b3f9-e526f764b321","username":"yellowmeercat890","password":"claire","salt":"Ki3oMGxB","md5":"3b0a10b37f7ed63f79e2d60043b8c532","sha1":"cd09d73a6cbbe462e270f3a297fafa5d747fc48b","sha256":"b58b8df14c737a2fd5ea813f9c02fc9b77dee7d319fcbe71dcf3e1fec5d03897"},"dob":{"date":"1964-04-27T22:00:48.245Z","age":59},"registered":{"date":"2005-02-12T03:49:36.984Z","age":19},"phone":"Z44 H72-1005","cell":"C02 M41-1775","id":{"name":"SIN","value":"358577328"},"picture":{"large":"https://randomuser.me/api/portraits/men/42.jpg","medium":"https://randomuser.me/api/portraits/med/men/42.jpg","thumbnail":"https://randomuser.me/api/portraits/thumb/men/42.jpg"},"nat":"CA"}],"info":{"seed":"41817370c6b8d678","results":1,"page":1,"version":"1.4"}} 
 </msg>
<msg time="2024-03-31T06:16:17.916524" level="INFO">/opt/hostedtoolcache/Python/3.12.2/x64/lib/python3.12/site-packages/urllib3/connectionpool.py:1103: InsecureRequestWarning: Unverified HTTPS request is being made to host 'randomuser.me'. Adding certificate verification is strongly advised. See: https://urllib3.readthedocs.io/en/latest/advanced-usage.html#tls-warnings
  warnings.warn(</msg>
<msg time="2024-03-31T06:16:17.916658" level="INFO">${response} = &lt;Response [200]&gt;</msg>
<var>${response}</var>
<arg>consultarAPI</arg>
<arg>/api</arg>
<doc>Sends a GET request on a previously created HTTP Session.</doc>
<status status="PASS" start="2024-03-31T06:16:17.823824" elapsed="0.092876"/>
</kw>
<kw name="Set Variable" owner="BuiltIn">
<msg time="2024-03-31T06:16:17.917952" level="INFO">${json_data} = {'results': [{'gender': 'male', 'name': {'title': 'Mr', 'first': 'Jeremy', 'last': 'Denys'}, 'location': {'street': {'number': 2207, 'name': '22nd Ave'}, 'city': 'Richmond', 'state': 'Nunavut', 'count...</msg>
<var>${json_data}</var>
<arg>${response.json()}</arg>
<doc>Returns the given values which can then be assigned to a variables.</doc>
<status status="PASS" start="2024-03-31T06:16:17.917356" elapsed="0.000626"/>
</kw>
<kw name="Log" owner="BuiltIn">
<msg time="2024-03-31T06:16:17.918467" level="INFO">{'results': [{'gender': 'male', 'name': {'title': 'Mr', 'first': 'Jeremy', 'last': 'Denys'}, 'location': {'street': {'number': 2207, 'name': '22nd Ave'}, 'city': 'Richmond', 'state': 'Nunavut', 'country': 'Canada', 'postcode': 'K0P 3D2', 'coordinates': {'latitude': '-64.6622', 'longitude': '-99.4089'}, 'timezone': {'offset': '+1:00', 'description': 'Brussels, Copenhagen, Madrid, Paris'}}, 'email': 'jeremy.denys@example.com', 'login': {'uuid': '74730b94-92e3-4a86-b3f9-e526f764b321', 'username': 'yellowmeercat890', 'password': 'claire', 'salt': 'Ki3oMGxB', 'md5': '3b0a10b37f7ed63f79e2d60043b8c532', 'sha1': 'cd09d73a6cbbe462e270f3a297fafa5d747fc48b', 'sha256': 'b58b8df14c737a2fd5ea813f9c02fc9b77dee7d319fcbe71dcf3e1fec5d03897'}, 'dob': {'date': '1964-04-27T22:00:48.245Z', 'age': 59}, 'registered': {'date': '2005-02-12T03:49:36.984Z', 'age': 19}, 'phone': 'Z44 H72-1005', 'cell': 'C02 M41-1775', 'id': {'name': 'SIN', 'value': '358577328'}, 'picture': {'large': 'https://randomuser.me/api/portraits/men/42.jpg', 'medium': 'https://randomuser.me/api/portraits/med/men/42.jpg', 'thumbnail': 'https://randomuser.me/api/portraits/thumb/men/42.jpg'}, 'nat': 'CA'}], 'info': {'seed': '41817370c6b8d678', 'results': 1, 'page': 1, 'version': '1.4'}}</msg>
<arg>${json_data}</arg>
<doc>Logs the given message with the given level.</doc>
<status status="PASS" start="2024-03-31T06:16:17.918304" elapsed="0.000210"/>
</kw>
<kw name="Dictionary Should Contain Key" owner="Collections">
<msg time="2024-03-31T06:16:17.918980" level="INFO">False</msg>
<arg>${json_data}</arg>
<arg>results</arg>
<doc>Fails if ``key`` is not found from ``dictionary``.</doc>
<status status="PASS" start="2024-03-31T06:16:17.918818" elapsed="0.000200"/>
</kw>
<kw name="Should Not Be Empty" owner="BuiltIn">
<msg time="2024-03-31T06:16:17.919452" level="INFO">Length is 2.</msg>
<arg>${json_data}</arg>
<doc>Verifies that the given item is not empty.</doc>
<status status="PASS" start="2024-03-31T06:16:17.919318" elapsed="0.000173"/>
</kw>
<kw name="Create List" owner="BuiltIn">
<msg time="2024-03-31T06:16:17.919933" level="INFO">${expected_keys} = ['gender', 'name', 'location', 'email', 'login']</msg>
<var>${expected_keys}</var>
<arg>gender</arg>
<arg>name</arg>
<arg>location</arg>
<arg>email</arg>
<arg>login</arg>
<doc>Returns a list containing given items.</doc>
<status status="PASS" start="2024-03-31T06:16:17.919782" elapsed="0.000176"/>
</kw>
<for flavor="IN">
<iter>
<kw name="Dictionary Should Contain Key" owner="Collections">
<msg time="2024-03-31T06:16:17.921001" level="INFO">False</msg>
<arg>${json_data['results'][0]}</arg>
<arg>${key}</arg>
<doc>Fails if ``key`` is not found from ``dictionary``.</doc>
<status status="PASS" start="2024-03-31T06:16:17.920549" elapsed="0.000494"/>
</kw>
<kw name="Log" owner="BuiltIn">
<msg time="2024-03-31T06:16:17.921727" level="INFO">{'gender': 'male', 'name': {'title': 'Mr', 'first': 'Jeremy', 'last': 'Denys'}, 'location': {'street': {'number': 2207, 'name': '22nd Ave'}, 'city': 'Richmond', 'state': 'Nunavut', 'country': 'Canada', 'postcode': 'K0P 3D2', 'coordinates': {'latitude': '-64.6622', 'longitude': '-99.4089'}, 'timezone': {'offset': '+1:00', 'description': 'Brussels, Copenhagen, Madrid, Paris'}}, 'email': 'jeremy.denys@example.com', 'login': {'uuid': '74730b94-92e3-4a86-b3f9-e526f764b321', 'username': 'yellowmeercat890', 'password': 'claire', 'salt': 'Ki3oMGxB', 'md5': '3b0a10b37f7ed63f79e2d60043b8c532', 'sha1': 'cd09d73a6cbbe462e270f3a297fafa5d747fc48b', 'sha256': 'b58b8df14c737a2fd5ea813f9c02fc9b77dee7d319fcbe71dcf3e1fec5d03897'}, 'dob': {'date': '1964-04-27T22:00:48.245Z', 'age': 59}, 'registered': {'date': '2005-02-12T03:49:36.984Z', 'age': 19}, 'phone': 'Z44 H72-1005', 'cell': 'C02 M41-1775', 'id': {'name': 'SIN', 'value': '358577328'}, 'picture': {'large': 'https://randomuser.me/api/portraits/men/42.jpg', 'medium': 'https://randomuser.me/api/portraits/med/men/42.jpg', 'thumbnail': 'https://randomuser.me/api/portraits/thumb/men/42.jpg'}, 'nat': 'CA'}</msg>
<arg>${json_data['results'][0]}</arg>
<doc>Logs the given message with the given level.</doc>
<status status="PASS" start="2024-03-31T06:16:17.921358" elapsed="0.000424"/>
</kw>
<kw name="Log" owner="BuiltIn">
<msg time="2024-03-31T06:16:17.922229" level="INFO">gender</msg>
<arg>${key}</arg>
<doc>Logs the given message with the given level.</doc>
<status status="PASS" start="2024-03-31T06:16:17.922094" elapsed="0.000175"/>
</kw>
<var name="${key}">gender</var>
<status status="PASS" start="2024-03-31T06:16:17.920421" elapsed="0.002075"/>
</iter>
<iter>
<kw name="Dictionary Should Contain Key" owner="Collections">
<msg time="2024-03-31T06:16:17.923197" level="INFO">False</msg>
<arg>${json_data['results'][0]}</arg>
<arg>${key}</arg>
<doc>Fails if ``key`` is not found from ``dictionary``.</doc>
<status status="PASS" start="2024-03-31T06:16:17.922807" elapsed="0.000429"/>
</kw>
<kw name="Log" owner="BuiltIn">
<msg time="2024-03-31T06:16:17.923938" level="INFO">{'gender': 'male', 'name': {'title': 'Mr', 'first': 'Jeremy', 'last': 'Denys'}, 'location': {'street': {'number': 2207, 'name': '22nd Ave'}, 'city': 'Richmond', 'state': 'Nunavut', 'country': 'Canada', 'postcode': 'K0P 3D2', 'coordinates': {'latitude': '-64.6622', 'longitude': '-99.4089'}, 'timezone': {'offset': '+1:00', 'description': 'Brussels, Copenhagen, Madrid, Paris'}}, 'email': 'jeremy.denys@example.com', 'login': {'uuid': '74730b94-92e3-4a86-b3f9-e526f764b321', 'username': 'yellowmeercat890', 'password': 'claire', 'salt': 'Ki3oMGxB', 'md5': '3b0a10b37f7ed63f79e2d60043b8c532', 'sha1': 'cd09d73a6cbbe462e270f3a297fafa5d747fc48b', 'sha256': 'b58b8df14c737a2fd5ea813f9c02fc9b77dee7d319fcbe71dcf3e1fec5d03897'}, 'dob': {'date': '1964-04-27T22:00:48.245Z', 'age': 59}, 'registered': {'date': '2005-02-12T03:49:36.984Z', 'age': 19}, 'phone': 'Z44 H72-1005', 'cell': 'C02 M41-1775', 'id': {'name': 'SIN', 'value': '358577328'}, 'picture': {'large': 'https://randomuser.me/api/portraits/men/42.jpg', 'medium': 'https://randomuser.me/api/portraits/med/men/42.jpg', 'thumbnail': 'https://randomuser.me/api/portraits/thumb/men/42.jpg'}, 'nat': 'CA'}</msg>
<arg>${json_data['results'][0]}</arg>
<doc>Logs the given message with the given level.</doc>
<status status="PASS" start="2024-03-31T06:16:17.923574" elapsed="0.000413"/>
</kw>
<kw name="Log" owner="BuiltIn">
<msg time="2024-03-31T06:16:17.924423" level="INFO">name</msg>
<arg>${key}</arg>
<doc>Logs the given message with the given level.</doc>
<status status="PASS" start="2024-03-31T06:16:17.924292" elapsed="0.000170"/>
</kw>
<var name="${key}">name</var>
<status status="PASS" start="2024-03-31T06:16:17.922689" elapsed="0.001993"/>
</iter>
<iter>
<kw name="Dictionary Should Contain Key" owner="Collections">
<msg time="2024-03-31T06:16:17.925413" level="INFO">False</msg>
<arg>${json_data['results'][0]}</arg>
<arg>${key}</arg>
<doc>Fails if ``key`` is not found from ``dictionary``.</doc>
<status status="PASS" start="2024-03-31T06:16:17.925032" elapsed="0.000420"/>
</kw>
<kw name="Log" owner="BuiltIn">
<msg time="2024-03-31T06:16:17.926125" level="INFO">{'gender': 'male', 'name': {'title': 'Mr', 'first': 'Jeremy', 'last': 'Denys'}, 'location': {'street': {'number': 2207, 'name': '22nd Ave'}, 'city': 'Richmond', 'state': 'Nunavut', 'country': 'Canada', 'postcode': 'K0P 3D2', 'coordinates': {'latitude': '-64.6622', 'longitude': '-99.4089'}, 'timezone': {'offset': '+1:00', 'description': 'Brussels, Copenhagen, Madrid, Paris'}}, 'email': 'jeremy.denys@example.com', 'login': {'uuid': '74730b94-92e3-4a86-b3f9-e526f764b321', 'username': 'yellowmeercat890', 'password': 'claire', 'salt': 'Ki3oMGxB', 'md5': '3b0a10b37f7ed63f79e2d60043b8c532', 'sha1': 'cd09d73a6cbbe462e270f3a297fafa5d747fc48b', 'sha256': 'b58b8df14c737a2fd5ea813f9c02fc9b77dee7d319fcbe71dcf3e1fec5d03897'}, 'dob': {'date': '1964-04-27T22:00:48.245Z', 'age': 59}, 'registered': {'date': '2005-02-12T03:49:36.984Z', 'age': 19}, 'phone': 'Z44 H72-1005', 'cell': 'C02 M41-1775', 'id': {'name': 'SIN', 'value': '358577328'}, 'picture': {'large': 'https://randomuser.me/api/portraits/men/42.jpg', 'medium': 'https://randomuser.me/api/portraits/med/men/42.jpg', 'thumbnail': 'https://randomuser.me/api/portraits/thumb/men/42.jpg'}, 'nat': 'CA'}</msg>
<arg>${json_data['results'][0]}</arg>
<doc>Logs the given message with the given level.</doc>
<status status="PASS" start="2024-03-31T06:16:17.925757" elapsed="0.000420"/>
</kw>
<kw name="Log" owner="BuiltIn">
<msg time="2024-03-31T06:16:17.926607" level="INFO">location</msg>
<arg>${key}</arg>
<doc>Logs the given message with the given level.</doc>
<status status="PASS" start="2024-03-31T06:16:17.926479" elapsed="0.000168"/>
</kw>
<var name="${key}">location</var>
<status status="PASS" start="2024-03-31T06:16:17.924916" elapsed="0.001950"/>
</iter>
<iter>
<kw name="Dictionary Should Contain Key" owner="Collections">
<msg time="2024-03-31T06:16:17.927530" level="INFO">False</msg>
<arg>${json_data['results'][0]}</arg>
<arg>${key}</arg>
<doc>Fails if ``key`` is not found from ``dictionary``.</doc>
<status status="PASS" start="2024-03-31T06:16:17.927153" elapsed="0.000415"/>
</kw>
<kw name="Log" owner="BuiltIn">
<msg time="2024-03-31T06:16:17.928242" level="INFO">{'gender': 'male', 'name': {'title': 'Mr', 'first': 'Jeremy', 'last': 'Denys'}, 'location': {'street': {'number': 2207, 'name': '22nd Ave'}, 'city': 'Richmond', 'state': 'Nunavut', 'country': 'Canada', 'postcode': 'K0P 3D2', 'coordinates': {'latitude': '-64.6622', 'longitude': '-99.4089'}, 'timezone': {'offset': '+1:00', 'description': 'Brussels, Copenhagen, Madrid, Paris'}}, 'email': 'jeremy.denys@example.com', 'login': {'uuid': '74730b94-92e3-4a86-b3f9-e526f764b321', 'username': 'yellowmeercat890', 'password': 'claire', 'salt': 'Ki3oMGxB', 'md5': '3b0a10b37f7ed63f79e2d60043b8c532', 'sha1': 'cd09d73a6cbbe462e270f3a297fafa5d747fc48b', 'sha256': 'b58b8df14c737a2fd5ea813f9c02fc9b77dee7d319fcbe71dcf3e1fec5d03897'}, 'dob': {'date': '1964-04-27T22:00:48.245Z', 'age': 59}, 'registered': {'date': '2005-02-12T03:49:36.984Z', 'age': 19}, 'phone': 'Z44 H72-1005', 'cell': 'C02 M41-1775', 'id': {'name': 'SIN', 'value': '358577328'}, 'picture': {'large': 'https://randomuser.me/api/portraits/men/42.jpg', 'medium': 'https://randomuser.me/api/portraits/med/men/42.jpg', 'thumbnail': 'https://randomuser.me/api/portraits/thumb/men/42.jpg'}, 'nat': 'CA'}</msg>
<arg>${json_data['results'][0]}</arg>
<doc>Logs the given message with the given level.</doc>
<status status="PASS" start="2024-03-31T06:16:17.927878" elapsed="0.000412"/>
</kw>
<kw name="Log" owner="BuiltIn">
<msg time="2024-03-31T06:16:17.928716" level="INFO">email</msg>
<arg>${key}</arg>
<doc>Logs the given message with the given level.</doc>
<status status="PASS" start="2024-03-31T06:16:17.928587" elapsed="0.000199"/>
</kw>
<var name="${key}">email</var>
<status status="PASS" start="2024-03-31T06:16:17.927042" elapsed="0.001971"/>
</iter>
<iter>
<kw name="Dictionary Should Contain Key" owner="Collections">
<msg time="2024-03-31T06:16:17.929694" level="INFO">False</msg>
<arg>${json_data['results'][0]}</arg>
<arg>${key}</arg>
<doc>Fails if ``key`` is not found from ``dictionary``.</doc>
<status status="PASS" start="2024-03-31T06:16:17.929307" elapsed="0.000424"/>
</kw>
<kw name="Log" owner="BuiltIn">
<msg time="2024-03-31T06:16:17.930384" level="INFO">{'gender': 'male', 'name': {'title': 'Mr', 'first': 'Jeremy', 'last': 'Denys'}, 'location': {'street': {'number': 2207, 'name': '22nd Ave'}, 'city': 'Richmond', 'state': 'Nunavut', 'country': 'Canada', 'postcode': 'K0P 3D2', 'coordinates': {'latitude': '-64.6622', 'longitude': '-99.4089'}, 'timezone': {'offset': '+1:00', 'description': 'Brussels, Copenhagen, Madrid, Paris'}}, 'email': 'jeremy.denys@example.com', 'login': {'uuid': '74730b94-92e3-4a86-b3f9-e526f764b321', 'username': 'yellowmeercat890', 'password': 'claire', 'salt': 'Ki3oMGxB', 'md5': '3b0a10b37f7ed63f79e2d60043b8c532', 'sha1': 'cd09d73a6cbbe462e270f3a297fafa5d747fc48b', 'sha256': 'b58b8df14c737a2fd5ea813f9c02fc9b77dee7d319fcbe71dcf3e1fec5d03897'}, 'dob': {'date': '1964-04-27T22:00:48.245Z', 'age': 59}, 'registered': {'date': '2005-02-12T03:49:36.984Z', 'age': 19}, 'phone': 'Z44 H72-1005', 'cell': 'C02 M41-1775', 'id': {'name': 'SIN', 'value': '358577328'}, 'picture': {'large': 'https://randomuser.me/api/portraits/men/42.jpg', 'medium': 'https://randomuser.me/api/portraits/med/men/42.jpg', 'thumbnail': 'https://randomuser.me/api/portraits/thumb/men/42.jpg'}, 'nat': 'CA'}</msg>
<arg>${json_data['results'][0]}</arg>
<doc>Logs the given message with the given level.</doc>
<status status="PASS" start="2024-03-31T06:16:17.930027" elapsed="0.000404"/>
</kw>
<kw name="Log" owner="BuiltIn">
<msg time="2024-03-31T06:16:17.930855" level="INFO">login</msg>
<arg>${key}</arg>
<doc>Logs the given message with the given level.</doc>
<status status="PASS" start="2024-03-31T06:16:17.930725" elapsed="0.000283"/>
</kw>
<var name="${key}">login</var>
<status status="PASS" start="2024-03-31T06:16:17.929190" elapsed="0.002085"/>
</iter>
<var>${key}</var>
<value>@{expected_keys}</value>
<status status="PASS" start="2024-03-31T06:16:17.920220" elapsed="0.011186"/>
</for>
<kw name="Create List" owner="BuiltIn">
<msg time="2024-03-31T06:16:17.931750" level="INFO">${expected_keysTwo} = ['username', 'password']</msg>
<var>${expected_keysTwo}</var>
<arg>username</arg>
<arg>password</arg>
<doc>Returns a list containing given items.</doc>
<status status="PASS" start="2024-03-31T06:16:17.931606" elapsed="0.000168"/>
</kw>
<for flavor="IN">
<iter>
<kw name="Dictionary Should Contain Key" owner="Collections">
<msg time="2024-03-31T06:16:17.932675" level="INFO">False</msg>
<arg>${json_data['results'][0]['login']}</arg>
<arg>${keyTwo}</arg>
<doc>Fails if ``key`` is not found from ``dictionary``.</doc>
<status status="PASS" start="2024-03-31T06:16:17.932286" elapsed="0.000428"/>
</kw>
<kw name="Dictionary Should Contain Key" owner="Collections">
<msg time="2024-03-31T06:16:17.933445" level="INFO">False</msg>
<arg>${json_data['results'][0]['login']}</arg>
<arg>${keyTwo}</arg>
<doc>Fails if ``key`` is not found from ``dictionary``.</doc>
<status status="PASS" start="2024-03-31T06:16:17.933063" elapsed="0.000421"/>
</kw>
<kw name="Log" owner="BuiltIn">
<msg time="2024-03-31T06:16:17.933912" level="INFO">username</msg>
<arg>${keyTwo}</arg>
<doc>Logs the given message with the given level.</doc>
<status status="PASS" start="2024-03-31T06:16:17.933782" elapsed="0.000170"/>
</kw>
<var name="${keyTwo}">username</var>
<status status="PASS" start="2024-03-31T06:16:17.932175" elapsed="0.001992"/>
</iter>
<iter>
<kw name="Dictionary Should Contain Key" owner="Collections">
<msg time="2024-03-31T06:16:17.934836" level="INFO">False</msg>
<arg>${json_data['results'][0]['login']}</arg>
<arg>${keyTwo}</arg>
<doc>Fails if ``key`` is not found from ``dictionary``.</doc>
<status status="PASS" start="2024-03-31T06:16:17.934454" elapsed="0.000420"/>
</kw>
<kw name="Dictionary Should Contain Key" owner="Collections">
<msg time="2024-03-31T06:16:17.935558" level="INFO">False</msg>
<arg>${json_data['results'][0]['login']}</arg>
<arg>${keyTwo}</arg>
<doc>Fails if ``key`` is not found from ``dictionary``.</doc>
<status status="PASS" start="2024-03-31T06:16:17.935179" elapsed="0.000418"/>
</kw>
<kw name="Log" owner="BuiltIn">
<msg time="2024-03-31T06:16:17.936022" level="INFO">password</msg>
<arg>${keyTwo}</arg>
<doc>Logs the given message with the given level.</doc>
<status status="PASS" start="2024-03-31T06:16:17.935892" elapsed="0.000169"/>
</kw>
<var name="${keyTwo}">password</var>
<status status="PASS" start="2024-03-31T06:16:17.934343" elapsed="0.001937"/>
</iter>
<var>${keyTwo}</var>
<value>@{expected_keysTwo}</value>
<status status="PASS" start="2024-03-31T06:16:17.932019" elapsed="0.004385"/>
</for>
<status status="PASS" start="2024-03-31T06:16:17.823574" elapsed="0.112977"/>
</kw>
<doc>Testa a estrutura da resposta da API.</doc>
<tag>testeEstruturaResposta</tag>
<status status="PASS" start="2024-03-31T06:16:17.822809" elapsed="0.113912"/>
</test>
<test id="s1-s1-t4" name="Validar tipos de dados" line="28">
<kw name="Teste de Tipos de Dados" owner="random-user-service">
<kw name="GET On Session" owner="RequestsLibrary">
<msg time="2024-03-31T06:16:18.032487" level="INFO">GET Request : url=https://randomuser.me/api 
 path_url=/api 
 headers={'User-Agent': 'python-requests/2.31.0', 'Accept-Encoding': 'gzip, deflate', 'Accept': '*/*', 'Connection': 'keep-alive'} 
 body=None 
 </msg>
<msg time="2024-03-31T06:16:18.032587" level="INFO">GET Response : url=https://randomuser.me/api 
 status=200, reason=OK 
 headers={'Date': 'Sun, 31 Mar 2024 06:16:18 GMT', 'Content-Type': 'application/json; charset=utf-8', 'Transfer-Encoding': 'chunked', 'Connection': 'keep-alive', 'X-Powered-By': 'Express', 'Access-Control-Allow-Origin': '*', 'Cache-Control': 'no-cache', 'ETag': 'W/"48f-4yEZd8D0xDBGZCS9KPyU/nGsBEc"', 'Vary': 'Accept-Encoding', 'Content-Encoding': 'gzip', 'CF-Cache-Status': 'DYNAMIC', 'Report-To': '{"endpoints":[{"url":"https:\\/\\/a.nel.cloudflare.com\\/report\\/v4?s=HyQ1MnhNGLwhhMj4wjqhXnGjJzMrs%2BjJfqY9ubijaiuXWOGsVU6%2BP5p0o99Cg%2FRX%2FeLU765YGvYU%2BfDWNESirQUf6Y7CmApDBI9PEaYq%2Ff5XbW73mfjTHWN9uhTpu2xb"}],"group":"cf-nel","max_age":604800}', 'NEL': '{"success_fraction":0,"report_to":"cf-nel","max_age":604800}', 'Server': 'cloudflare', 'CF-RAY': '86ce35b82f5a2702-SJC', 'alt-svc': 'h3=":443"; ma=86400'} 
 body={"results":[{"gender":"male","name":{"title":"Mr","first":"Siniša","last":"Mandić"},"location":{"street":{"number":6746,"name":"Vojvode Mišića"},"city":"Sečanj","state":"South Banat","country":"Serbia","postcode":49446,"coordinates":{"latitude":"58.1077","longitude":"-122.2984"},"timezone":{"offset":"+4:00","description":"Abu Dhabi, Muscat, Baku, Tbilisi"}},"email":"sinisa.mandic@example.com","login":{"uuid":"b6aaebc7-a8be-437f-b53e-2ff329342465","username":"browntiger229","password":"elcamino","salt":"OHS4mD7T","md5":"56ba72aca96f6b3328363acea88b2153","sha1":"781b49b12f8e204f1b5583a9be3f9d6cf2e55d33","sha256":"86ca73a7c84bafb6fecdcb6cbaed9dfe0659608de9cb3c66e8910ce9ad5e2951"},"dob":{"date":"1999-08-09T14:40:34.516Z","age":24},"registered":{"date":"2021-08-26T16:37:23.206Z","age":2},"phone":"015-1213-438","cell":"064-3830-191","id":{"name":"SID","value":"289070381"},"picture":{"large":"https://randomuser.me/api/portraits/men/19.jpg","medium":"https://randomuser.me/api/portraits/med/men/19.jpg","thumbnail":"https://randomuser.me/api/portraits/thumb/men/19.jpg"},"nat":"RS"}],"info":{"seed":"2fcb7a152ea8e58a","results":1,"page":1,"version":"1.4"}} 
 </msg>
<msg time="2024-03-31T06:16:18.032661" level="INFO">/opt/hostedtoolcache/Python/3.12.2/x64/lib/python3.12/site-packages/urllib3/connectionpool.py:1103: InsecureRequestWarning: Unverified HTTPS request is being made to host 'randomuser.me'. Adding certificate verification is strongly advised. See: https://urllib3.readthedocs.io/en/latest/advanced-usage.html#tls-warnings
  warnings.warn(</msg>
<msg time="2024-03-31T06:16:18.032817" level="INFO">${response} = &lt;Response [200]&gt;</msg>
<var>${response}</var>
<arg>consultarAPI</arg>
<arg>/api</arg>
<doc>Sends a GET request on a previously created HTTP Session.</doc>
<status status="PASS" start="2024-03-31T06:16:17.939365" elapsed="0.093494"/>
</kw>
<kw name="Set Variable" owner="BuiltIn">
<msg time="2024-03-31T06:16:18.034102" level="INFO">${json_data} = {'results': [{'gender': 'male', 'name': {'title': 'Mr', 'first': 'Siniša', 'last': 'Mandić'}, 'location': {'street': {'number': 6746, 'name': 'Vojvode Mišića'}, 'city': 'Sečanj', 'state': 'South Banat...</msg>
<var>${json_data}</var>
<arg>${response.json()}</arg>
<doc>Returns the given values which can then be assigned to a variables.</doc>
<status status="PASS" start="2024-03-31T06:16:18.033526" elapsed="0.000608"/>
</kw>
<kw name="Log" owner="BuiltIn">
<msg time="2024-03-31T06:16:18.034627" level="INFO">{'results': [{'gender': 'male', 'name': {'title': 'Mr', 'first': 'Siniša', 'last': 'Mandić'}, 'location': {'street': {'number': 6746, 'name': 'Vojvode Mišića'}, 'city': 'Sečanj', 'state': 'South Banat', 'country': 'Serbia', 'postcode': 49446, 'coordinates': {'latitude': '58.1077', 'longitude': '-122.2984'}, 'timezone': {'offset': '+4:00', 'description': 'Abu Dhabi, Muscat, Baku, Tbilisi'}}, 'email': 'sinisa.mandic@example.com', 'login': {'uuid': 'b6aaebc7-a8be-437f-b53e-2ff329342465', 'username': 'browntiger229', 'password': 'elcamino', 'salt': 'OHS4mD7T', 'md5': '56ba72aca96f6b3328363acea88b2153', 'sha1': '781b49b12f8e204f1b5583a9be3f9d6cf2e55d33', 'sha256': '86ca73a7c84bafb6fecdcb6cbaed9dfe0659608de9cb3c66e8910ce9ad5e2951'}, 'dob': {'date': '1999-08-09T14:40:34.516Z', 'age': 24}, 'registered': {'date': '2021-08-26T16:37:23.206Z', 'age': 2}, 'phone': '015-1213-438', 'cell': '064-3830-191', 'id': {'name': 'SID', 'value': '289070381'}, 'picture': {'large': 'https://randomuser.me/api/portraits/men/19.jpg', 'medium': 'https://randomuser.me/api/portraits/med/men/19.jpg', 'thumbnail': 'https://randomuser.me/api/portraits/thumb/men/19.jpg'}, 'nat': 'RS'}], 'info': {'seed': '2fcb7a152ea8e58a', 'results': 1, 'page': 1, 'version': '1.4'}}</msg>
<arg>${json_data}</arg>
<doc>Logs the given message with the given level.</doc>
<status status="PASS" start="2024-03-31T06:16:18.034461" elapsed="0.000256"/>
</kw>
<kw name="Should Be String" owner="String">
<arg>${json_data['results'][0]['gender']}</arg>
<doc>Fails if the given ``item`` is not a string.</doc>
<status status="PASS" start="2024-03-31T06:16:18.035035" elapsed="0.000373"/>
</kw>
<kw name="Should Match Regexp" owner="BuiltIn">
<arg>${json_data['results'][0]['email']}</arg>
<arg>^[a-zA-Z0-9._%+-]+@[a-zA-Z0-9.-]+\.[a-zA-Z]{2,}$</arg>
<doc>Fails if ``string`` does not match ``pattern`` as a regular expression.</doc>
<status status="PASS" start="2024-03-31T06:16:18.035601" elapsed="0.000520"/>
</kw>
<kw name="Should Match Regexp" owner="BuiltIn">
<arg>${json_data['results'][0]['dob']['date']}</arg>
<arg>\\d{4}-\\d{2}-\\d{2}T\\d{2}:\\d{2}:\\d{2}\\.\\d{3}Z</arg>
<doc>Fails if ``string`` does not match ``pattern`` as a regular expression.</doc>
<status status="PASS" start="2024-03-31T06:16:18.036322" elapsed="0.000532"/>
</kw>
<kw name="Should Match Regexp" owner="BuiltIn">
<arg>${json_data['results'][0]['registered']['date']}</arg>
<arg>\\d{4}-\\d{2}-\\d{2}T\\d{2}:\\d{2}:\\d{2}\\.\\d{3}Z</arg>
<doc>Fails if ``string`` does not match ``pattern`` as a regular expression.</doc>
<status status="PASS" start="2024-03-31T06:16:18.037051" elapsed="0.000378"/>
</kw>
<kw name="Should Match Regexp" owner="BuiltIn">
<arg>${json_data['results'][0]['picture']['large']}</arg>
<arg>^https?://.*\.(?:png|jpe?g|gif|bmp)$</arg>
<doc>Fails if ``string`` does not match ``pattern`` as a regular expression.</doc>
<status status="PASS" start="2024-03-31T06:16:18.037621" elapsed="0.000467"/>
</kw>
<kw name="Should Match Regexp" owner="BuiltIn">
<arg>${json_data['results'][0]['picture']['medium']}</arg>
<arg>^https?://.*\.(?:png|jpe?g|gif|bmp)$</arg>
<doc>Fails if ``string`` does not match ``pattern`` as a regular expression.</doc>
<status status="PASS" start="2024-03-31T06:16:18.038279" elapsed="0.000364"/>
</kw>
<kw name="Should Match Regexp" owner="BuiltIn">
<arg>${json_data['results'][0]['picture']['thumbnail']}</arg>
<arg>^https?://.*\.(?:png|jpe?g|gif|bmp)$</arg>
<doc>Fails if ``string`` does not match ``pattern`` as a regular expression.</doc>
<status status="PASS" start="2024-03-31T06:16:18.038834" elapsed="0.000357"/>
</kw>
<kw name="Log" owner="BuiltIn">
<msg time="2024-03-31T06:16:18.039710" level="INFO">{'large': 'https://randomuser.me/api/portraits/men/19.jpg', 'medium': 'https://randomuser.me/api/portraits/med/men/19.jpg', 'thumbnail': 'https://randomuser.me/api/portraits/thumb/men/19.jpg'}</msg>
<arg>${json_data['results'][0]['picture']}</arg>
<doc>Logs the given message with the given level.</doc>
<status status="PASS" start="2024-03-31T06:16:18.039375" elapsed="0.000381"/>
</kw>
<status status="PASS" start="2024-03-31T06:16:17.939119" elapsed="0.100898"/>
</kw>
<kw name="Teste de Tipos de Dados - Postcode" owner="random-user-service">
<kw name="GET On Session" owner="RequestsLibrary">
<msg time="2024-03-31T06:16:18.128245" level="INFO">GET Request : url=https://randomuser.me/api 
 path_url=/api 
 headers={'User-Agent': 'python-requests/2.31.0', 'Accept-Encoding': 'gzip, deflate', 'Accept': '*/*', 'Connection': 'keep-alive'} 
 body=None 
 </msg>
<msg time="2024-03-31T06:16:18.128358" level="INFO">GET Response : url=https://randomuser.me/api 
 status=200, reason=OK 
 headers={'Date': 'Sun, 31 Mar 2024 06:16:18 GMT', 'Content-Type': 'application/json; charset=utf-8', 'Transfer-Encoding': 'chunked', 'Connection': 'keep-alive', 'X-Powered-By': 'Express', 'Access-Control-Allow-Origin': '*', 'Cache-Control': 'no-cache', 'ETag': 'W/"4a7-FkNfemsG2vvrBy4BhNSOieyQOo0"', 'Vary': 'Accept-Encoding', 'Content-Encoding': 'gzip', 'CF-Cache-Status': 'DYNAMIC', 'Report-To': '{"endpoints":[{"url":"https:\\/\\/a.nel.cloudflare.com\\/report\\/v4?s=Emr4Yl8b3q%2Fxt%2BakSwWIJJx1G97HJoQsk63EIE3dMTGYEsm77QANIek%2F4UURbn5hhnIKdgj9GNjfT76t%2BPk2W1tE8BIuI9MPMr%2BhtkbS%2Futv%2FBj%2FZEJSz3QCwRPMOGHf"}],"group":"cf-nel","max_age":604800}', 'NEL': '{"success_fraction":0,"report_to":"cf-nel","max_age":604800}', 'Server': 'cloudflare', 'CF-RAY': '86ce35b8cff12702-SJC', 'alt-svc': 'h3=":443"; ma=86400'} 
 body={"results":[{"gender":"female","name":{"title":"Mrs","first":"Inès","last":"Muller"},"location":{"street":{"number":3704,"name":"Rue Jean-Baldassini"},"city":"Angers","state":"Guadeloupe","country":"France","postcode":72582,"coordinates":{"latitude":"-13.5483","longitude":"115.9103"},"timezone":{"offset":"+1:00","description":"Brussels, Copenhagen, Madrid, Paris"}},"email":"ines.muller@example.com","login":{"uuid":"7b675e05-bc7b-4379-b679-e2979d7bd87c","username":"organictiger250","password":"iverson3","salt":"XEUmDMoA","md5":"e2ea740110e09e6c27d6749ce9194df0","sha1":"1d7f381c014c0d493a2fcba351ac5150b38d881c","sha256":"dd3428fc425e6a9567fd6b3d68f254a6025befb91ee8c04b87356b3f90c2d847"},"dob":{"date":"1979-09-16T12:41:45.002Z","age":44},"registered":{"date":"2011-12-31T05:26:12.170Z","age":12},"phone":"05-47-85-47-31","cell":"06-32-28-06-45","id":{"name":"INSEE","value":"2790861201055 65"},"picture":{"large":"https://randomuser.me/api/portraits/women/56.jpg","medium":"https://randomuser.me/api/portraits/med/women/56.jpg","thumbnail":"https://randomuser.me/api/portraits/thumb/women/56.jpg"},"nat":"FR"}],"info":{"seed":"bcdc2e9e009b986f","results":1,"page":1,"version":"1.4"}} 
 </msg>
<msg time="2024-03-31T06:16:18.128462" level="INFO">/opt/hostedtoolcache/Python/3.12.2/x64/lib/python3.12/site-packages/urllib3/connectionpool.py:1103: InsecureRequestWarning: Unverified HTTPS request is being made to host 'randomuser.me'. Adding certificate verification is strongly advised. See: https://urllib3.readthedocs.io/en/latest/advanced-usage.html#tls-warnings
  warnings.warn(</msg>
<msg time="2024-03-31T06:16:18.128603" level="INFO">${response} = &lt;Response [200]&gt;</msg>
<var>${response}</var>
<arg>consultarAPI</arg>
<arg>/api</arg>
<doc>Sends a GET request on a previously created HTTP Session.</doc>
<status status="PASS" start="2024-03-31T06:16:18.040645" elapsed="0.087998"/>
</kw>
<kw name="Set Variable" owner="BuiltIn">
<msg time="2024-03-31T06:16:18.129941" level="INFO">${json_data} = {'results': [{'gender': 'female', 'name': {'title': 'Mrs', 'first': 'Inès', 'last': 'Muller'}, 'location': {'street': {'number': 3704, 'name': 'Rue Jean-Baldassini'}, 'city': 'Angers', 'state': 'Guade...</msg>
<var>${json_data}</var>
<arg>${response.json()}</arg>
<doc>Returns the given values which can then be assigned to a variables.</doc>
<status status="PASS" start="2024-03-31T06:16:18.129333" elapsed="0.000638"/>
</kw>
<kw name="Log" owner="BuiltIn">
<msg time="2024-03-31T06:16:18.130450" level="INFO">{'results': [{'gender': 'female', 'name': {'title': 'Mrs', 'first': 'Inès', 'last': 'Muller'}, 'location': {'street': {'number': 3704, 'name': 'Rue Jean-Baldassini'}, 'city': 'Angers', 'state': 'Guadeloupe', 'country': 'France', 'postcode': 72582, 'coordinates': {'latitude': '-13.5483', 'longitude': '115.9103'}, 'timezone': {'offset': '+1:00', 'description': 'Brussels, Copenhagen, Madrid, Paris'}}, 'email': 'ines.muller@example.com', 'login': {'uuid': '7b675e05-bc7b-4379-b679-e2979d7bd87c', 'username': 'organictiger250', 'password': 'iverson3', 'salt': 'XEUmDMoA', 'md5': 'e2ea740110e09e6c27d6749ce9194df0', 'sha1': '1d7f381c014c0d493a2fcba351ac5150b38d881c', 'sha256': 'dd3428fc425e6a9567fd6b3d68f254a6025befb91ee8c04b87356b3f90c2d847'}, 'dob': {'date': '1979-09-16T12:41:45.002Z', 'age': 44}, 'registered': {'date': '2011-12-31T05:26:12.170Z', 'age': 12}, 'phone': '05-47-85-47-31', 'cell': '06-32-28-06-45', 'id': {'name': 'INSEE', 'value': '2790861201055 65'}, 'picture': {'large': 'https://randomuser.me/api/portraits/women/56.jpg', 'medium': 'https://randomuser.me/api/portraits/med/women/56.jpg', 'thumbnail': 'https://randomuser.me/api/portraits/thumb/women/56.jpg'}, 'nat': 'FR'}], 'info': {'seed': 'bcdc2e9e009b986f', 'results': 1, 'page': 1, 'version': '1.4'}}</msg>
<arg>${json_data}</arg>
<doc>Logs the given message with the given level.</doc>
<status status="PASS" start="2024-03-31T06:16:18.130289" elapsed="0.000249"/>
</kw>
<kw name="Should Be Equal As Numbers" owner="BuiltIn">
<arg>${json_data['results'][0]['location']['postcode']}</arg>
<arg>${json_data['results'][0]['location']['postcode']}</arg>
<doc>Fails if objects are unequal after converting them to real numbers.</doc>
<status status="PASS" start="2024-03-31T06:16:18.130849" elapsed="0.000642"/>
</kw>
<kw name="Log" owner="BuiltIn">
<msg time="2024-03-31T06:16:18.132028" level="INFO">72582</msg>
<arg>${json_data['results'][0]['location']['postcode']}</arg>
<doc>Logs the given message with the given level.</doc>
<status status="PASS" start="2024-03-31T06:16:18.131688" elapsed="0.000390"/>
</kw>
<status status="PASS" start="2024-03-31T06:16:18.040252" elapsed="0.092089"/>
</kw>
<doc>Testa se os tipos de dados na resposta da API estão corretos.</doc>
<tag>testeTiposDados</tag>
<status status="PASS" start="2024-03-31T06:16:17.938551" elapsed="0.193966"/>
</test>
<test id="s1-s1-t5" name="Validar conteudo" line="35">
<kw name="Teste de Tipos de Conteudo" owner="random-user-service">
<kw name="GET On Session" owner="RequestsLibrary">
<msg time="2024-03-31T06:16:18.227586" level="INFO">GET Request : url=https://randomuser.me/api 
 path_url=/api 
 headers={'User-Agent': 'python-requests/2.31.0', 'Accept-Encoding': 'gzip, deflate', 'Accept': '*/*', 'Connection': 'keep-alive'} 
 body=None 
 </msg>
<msg time="2024-03-31T06:16:18.227698" level="INFO">GET Response : url=https://randomuser.me/api 
 status=200, reason=OK 
 headers={'Date': 'Sun, 31 Mar 2024 06:16:18 GMT', 'Content-Type': 'application/json; charset=utf-8', 'Transfer-Encoding': 'chunked', 'Connection': 'keep-alive', 'X-Powered-By': 'Express', 'Access-Control-Allow-Origin': '*', 'Cache-Control': 'no-cache', 'ETag': 'W/"468-06I3dn4aSOXlgtTYMUPLRP5MHoU"', 'Vary': 'Accept-Encoding', 'Content-Encoding': 'gzip', 'CF-Cache-Status': 'DYNAMIC', 'Report-To': '{"endpoints":[{"url":"https:\\/\\/a.nel.cloudflare.com\\/report\\/v4?s=BIBTJyRfJJoV10QoNkEOv5gbKn6gbrDgnAipz36Ax%2BpADK8y4lc3eF2tfhkqXUG4bILzVbspKp1A%2FHze8frJQ5ZWgaiomCYrdQFqD3%2BIIpohhkRvdE9%2FCrgQANomNho%2F"}],"group":"cf-nel","max_age":604800}', 'NEL': '{"success_fraction":0,"report_to":"cf-nel","max_age":604800}', 'Server': 'cloudflare', 'CF-RAY': '86ce35b958af2702-SJC', 'alt-svc': 'h3=":443"; ma=86400'} 
 body={"results":[{"gender":"male","name":{"title":"Mr","first":"Oleh","last":"Tulub"},"location":{"street":{"number":9857,"name":"Yurka Tyutyunnika"},"city":"Derazhnya","state":"Harkivska","country":"Ukraine","postcode":72066,"coordinates":{"latitude":"77.1591","longitude":"-9.0708"},"timezone":{"offset":"+3:30","description":"Tehran"}},"email":"oleh.tulub@example.com","login":{"uuid":"9d9fe4db-8eae-4d46-83f8-4f69357cdb55","username":"yellowleopard328","password":"chips","salt":"H3P41qxF","md5":"0a072cccb270472917fb74b81a3d2d69","sha1":"fdd8684e9270a29a7ec64356cf9251c58593e36e","sha256":"472e1a339dca965a7993d582b21976d26fcde8161e91ff5c65bf94d2faced228"},"dob":{"date":"1998-08-09T01:10:36.300Z","age":25},"registered":{"date":"2010-06-03T07:01:23.151Z","age":13},"phone":"(067) J47-8733","cell":"(097) O32-8368","id":{"name":"","value":null},"picture":{"large":"https://randomuser.me/api/portraits/men/61.jpg","medium":"https://randomuser.me/api/portraits/med/men/61.jpg","thumbnail":"https://randomuser.me/api/portraits/thumb/men/61.jpg"},"nat":"UA"}],"info":{"seed":"e60d3cf525f3ea19","results":1,"page":1,"version":"1.4"}} 
 </msg>
<msg time="2024-03-31T06:16:18.227778" level="INFO">/opt/hostedtoolcache/Python/3.12.2/x64/lib/python3.12/site-packages/urllib3/connectionpool.py:1103: InsecureRequestWarning: Unverified HTTPS request is being made to host 'randomuser.me'. Adding certificate verification is strongly advised. See: https://urllib3.readthedocs.io/en/latest/advanced-usage.html#tls-warnings
  warnings.warn(</msg>
<msg time="2024-03-31T06:16:18.227905" level="INFO">${response} = &lt;Response [200]&gt;</msg>
<var>${response}</var>
<arg>consultarAPI</arg>
<arg>/api</arg>
<doc>Sends a GET request on a previously created HTTP Session.</doc>
<status status="PASS" start="2024-03-31T06:16:18.135907" elapsed="0.092038"/>
</kw>
<kw name="Set Variable" owner="BuiltIn">
<msg time="2024-03-31T06:16:18.229067" level="INFO">${json_data} = {'results': [{'gender': 'male', 'name': {'title': 'Mr', 'first': 'Oleh', 'last': 'Tulub'}, 'location': {'street': {'number': 9857, 'name': 'Yurka Tyutyunnika'}, 'city': 'Derazhnya', 'state': 'Harkivsk...</msg>
<var>${json_data}</var>
<arg>${response.json()}</arg>
<doc>Returns the given values which can then be assigned to a variables.</doc>
<status status="PASS" start="2024-03-31T06:16:18.228490" elapsed="0.000606"/>
</kw>
<kw name="Set Variable" owner="BuiltIn">
<msg time="2024-03-31T06:16:18.229814" level="INFO">${name_title} = Mr</msg>
<var>${name_title}</var>
<arg>${json_data["results"][0]["name"]["title"]}</arg>
<doc>Returns the given values which can then be assigned to a variables.</doc>
<status status="PASS" start="2024-03-31T06:16:18.229418" elapsed="0.000423"/>
</kw>
<kw name="Create List" owner="BuiltIn">
<msg time="2024-03-31T06:16:18.230310" level="INFO">${allowed_titles} = ['Mr', 'Ms', 'Miss', 'Mrs', 'Madame', 'Monsieur']</msg>
<var>${allowed_titles}</var>
<arg>Mr</arg>
<arg>Ms</arg>
<arg>Miss</arg>
<arg>Mrs</arg>
<arg>Madame</arg>
<arg>Monsieur</arg>
<doc>Returns a list containing given items.</doc>
<status status="PASS" start="2024-03-31T06:16:18.230153" elapsed="0.000183"/>
</kw>
<kw name="List Should Contain Value" owner="Collections">
<msg time="2024-03-31T06:16:18.230836" level="INFO">False</msg>
<arg>${allowed_titles}</arg>
<arg>${name_title}</arg>
<doc>Fails if the ``value`` is not found from ``list``.</doc>
<status status="PASS" start="2024-03-31T06:16:18.230654" elapsed="0.000222"/>
</kw>
<kw name="Set Variable" owner="BuiltIn">
<msg time="2024-03-31T06:16:18.231566" level="INFO">${name_country} = UA</msg>
<var>${name_country}</var>
<arg>${json_data["results"][0]["nat"]}</arg>
<doc>Returns the given values which can then be assigned to a variables.</doc>
<status status="PASS" start="2024-03-31T06:16:18.231175" elapsed="0.000417"/>
</kw>
<kw name="Create List" owner="BuiltIn">
<msg time="2024-03-31T06:16:18.232530" level="INFO">${list_country} = ['AD', 'AE', 'AF', 'AG', 'AI', 'AL', 'AM', 'AO', 'AQ', 'AR', 'AS', 'AT', 'AU', 'AW', 'AX', 'AZ', 'BA', 'BB', 'BD', 'BE', 'BF', 'BG', 'BH', 'BI', 'BJ', 'BL', 'BM', 'BN', 'BO', 'BQ', 'BR', 'BS', 'BT', '...</msg>
<var>${list_country}</var>
<arg>AD</arg>
<arg>AE</arg>
<arg>AF</arg>
<arg>AG</arg>
<arg>AI</arg>
<arg>AL</arg>
<arg>AM</arg>
<arg>AO</arg>
<arg>AQ</arg>
<arg>AR</arg>
<arg>AS</arg>
<arg>AT</arg>
<arg>AU</arg>
<arg>AW</arg>
<arg>AX</arg>
<arg>AZ</arg>
<arg>BA</arg>
<arg>BB</arg>
<arg>BD</arg>
<arg>BE</arg>
<arg>BF</arg>
<arg>BG</arg>
<arg>BH</arg>
<arg>BI</arg>
<arg>BJ</arg>
<arg>BL</arg>
<arg>BM</arg>
<arg>BN</arg>
<arg>BO</arg>
<arg>BQ</arg>
<arg>BR</arg>
<arg>BS</arg>
<arg>BT</arg>
<arg>BV</arg>
<arg>BW</arg>
<arg>BY</arg>
<arg>BZ</arg>
<arg>CA</arg>
<arg>CC</arg>
<arg>CD</arg>
<arg>CF</arg>
<arg>CG</arg>
<arg>CH</arg>
<arg>CI</arg>
<arg>CK</arg>
<arg>CL</arg>
<arg>CM</arg>
<arg>CN</arg>
<arg>CO</arg>
<arg>CR</arg>
<arg>CU</arg>
<arg>CV</arg>
<arg>CW</arg>
<arg>CX</arg>
<arg>CY</arg>
<arg>CZ</arg>
<arg>DE</arg>
<arg>DJ</arg>
<arg>DK</arg>
<arg>DM</arg>
<arg>DO</arg>
<arg>DZ</arg>
<arg>EC</arg>
<arg>EE</arg>
<arg>EG</arg>
<arg>EH</arg>
<arg>ER</arg>
<arg>ES</arg>
<arg>ET</arg>
<arg>FI</arg>
<arg>FJ</arg>
<arg>FK</arg>
<arg>FM</arg>
<arg>FO</arg>
<arg>FR</arg>
<arg>GA</arg>
<arg>GB</arg>
<arg>GD</arg>
<arg>GE</arg>
<arg>GF</arg>
<arg>GG</arg>
<arg>GH</arg>
<arg>GI</arg>
<arg>GL</arg>
<arg>GM</arg>
<arg>GN</arg>
<arg>GP</arg>
<arg>GQ</arg>
<arg>GR</arg>
<arg>GS</arg>
<arg>GT</arg>
<arg>GU</arg>
<arg>GW</arg>
<arg>GY</arg>
<arg>HK</arg>
<arg>HM</arg>
<arg>HN</arg>
<arg>HR</arg>
<arg>HT</arg>
<arg>HU</arg>
<arg>ID</arg>
<arg>IE</arg>
<arg>IL</arg>
<arg>IM</arg>
<arg>IN</arg>
<arg>IO</arg>
<arg>IQ</arg>
<arg>IR</arg>
<arg>IS</arg>
<arg>IT</arg>
<arg>JE</arg>
<arg>JM</arg>
<arg>JO</arg>
<arg>JP</arg>
<arg>KE</arg>
<arg>KG</arg>
<arg>KH</arg>
<arg>KI</arg>
<arg>KM</arg>
<arg>KN</arg>
<arg>KP</arg>
<arg>KR</arg>
<arg>KW</arg>
<arg>KY</arg>
<arg>KZ</arg>
<arg>LA</arg>
<arg>LB</arg>
<arg>LC</arg>
<arg>LI</arg>
<arg>LK</arg>
<arg>LR</arg>
<arg>LS</arg>
<arg>LT</arg>
<arg>LU</arg>
<arg>LV</arg>
<arg>LY</arg>
<arg>MA</arg>
<arg>MC</arg>
<arg>MD</arg>
<arg>ME</arg>
<arg>MF</arg>
<arg>MG</arg>
<arg>MH</arg>
<arg>MK</arg>
<arg>ML</arg>
<arg>MM</arg>
<arg>MN</arg>
<arg>MO</arg>
<arg>MP</arg>
<arg>MQ</arg>
<arg>MR</arg>
<arg>MS</arg>
<arg>MT</arg>
<arg>MU</arg>
<arg>MV</arg>
<arg>MW</arg>
<arg>MX</arg>
<arg>MY</arg>
<arg>MZ</arg>
<arg>NA</arg>
<arg>NC</arg>
<arg>NE</arg>
<arg>NF</arg>
<arg>NG</arg>
<arg>NI</arg>
<arg>NL</arg>
<arg>NO</arg>
<arg>NP</arg>
<arg>NR</arg>
<arg>NU</arg>
<arg>NZ</arg>
<arg>OM</arg>
<arg>PA</arg>
<arg>PE</arg>
<arg>PF</arg>
<arg>PG</arg>
<arg>PH</arg>
<arg>PK</arg>
<arg>PL</arg>
<arg>PM</arg>
<arg>PN</arg>
<arg>PR</arg>
<arg>PS</arg>
<arg>PT</arg>
<arg>PW</arg>
<arg>PY</arg>
<arg>QA</arg>
<arg>RE</arg>
<arg>RO</arg>
<arg>RS</arg>
<arg>RU</arg>
<arg>RW</arg>
<arg>SA</arg>
<arg>SB</arg>
<arg>SC</arg>
<arg>SD</arg>
<arg>SE</arg>
<arg>SG</arg>
<arg>SH</arg>
<arg>SI</arg>
<arg>SJ</arg>
<arg>SK</arg>
<arg>SL</arg>
<arg>SM</arg>
<arg>SN</arg>
<arg>SO</arg>
<arg>SR</arg>
<arg>SS</arg>
<arg>ST</arg>
<arg>SV</arg>
<arg>SX</arg>
<arg>SY</arg>
<arg>SZ</arg>
<arg>TC</arg>
<arg>TD</arg>
<arg>TF</arg>
<arg>TG</arg>
<arg>TH</arg>
<arg>TJ</arg>
<arg>TK</arg>
<arg>TL</arg>
<arg>TM</arg>
<arg>TN</arg>
<arg>TO</arg>
<arg>TR</arg>
<arg>TT</arg>
<arg>TV</arg>
<arg>TW</arg>
<arg>TZ</arg>
<arg>UA</arg>
<arg>UG</arg>
<arg>UM</arg>
<arg>US</arg>
<arg>UY</arg>
<arg>UZ</arg>
<arg>VA</arg>
<arg>VC</arg>
<arg>VE</arg>
<arg>VG</arg>
<arg>VI</arg>
<arg>VN</arg>
<arg>VU</arg>
<arg>WF</arg>
<arg>WS</arg>
<arg>XK</arg>
<arg>YE</arg>
<arg>YT</arg>
<arg>ZA</arg>
<arg>ZM</arg>
<arg>ZW</arg>
<doc>Returns a list containing given items.</doc>
<status status="PASS" start="2024-03-31T06:16:18.231916" elapsed="0.000640"/>
</kw>
<kw name="List Should Contain Value" owner="Collections">
<msg time="2024-03-31T06:16:18.233743" level="INFO">False</msg>
<arg>${list_country}</arg>
<arg>${name_country}</arg>
<doc>Fails if the ``value`` is not found from ``list``.</doc>
<status status="PASS" start="2024-03-31T06:16:18.233529" elapsed="0.000253"/>
</kw>
<kw name="Run Keyword If" owner="BuiltIn">
<kw name="Should Be True" owner="BuiltIn">
<arg>${True}</arg>
<doc>Fails if the given condition is not true.</doc>
<status status="PASS" start="2024-03-31T06:16:18.234895" elapsed="0.000152"/>
</kw>
<arg>${json_data["results"][0]["location"]["coordinates"]["latitude"]} &gt;= -90 and ${json_data["results"][0]["location"]["coordinates"]["latitude"]} &lt;= 90</arg>
<arg>Should Be True</arg>
<arg>${True}</arg>
<doc>Runs the given keyword with the given arguments, if ``condition`` is true.</doc>
<status status="PASS" start="2024-03-31T06:16:18.234105" elapsed="0.001076"/>
</kw>
<kw name="Run Keyword If" owner="BuiltIn">
<kw name="Should Be True" owner="BuiltIn">
<arg>${True}</arg>
<doc>Fails if the given condition is not true.</doc>
<status status="PASS" start="2024-03-31T06:16:18.236088" elapsed="0.000143"/>
</kw>
<arg>${json_data["results"][0]["location"]["coordinates"]["longitude"]} &gt;= -180 and ${json_data["results"][0]["location"]["coordinates"]["longitude"]} &lt;= 180</arg>
<arg>Should Be True</arg>
<arg>${True}</arg>
<doc>Runs the given keyword with the given arguments, if ``condition`` is true.</doc>
<status status="PASS" start="2024-03-31T06:16:18.235373" elapsed="0.000985"/>
</kw>
<status status="PASS" start="2024-03-31T06:16:18.135521" elapsed="0.100975"/>
</kw>
<doc>Testa o conteúdo específico dos campos retornados pela API.</doc>
<tag>testeConteudo</tag>
<status status="PASS" start="2024-03-31T06:16:18.134781" elapsed="0.101877"/>
</test>
<status status="PASS" start="2024-03-31T06:16:17.185453" elapsed="1.053210"/>
</suite>
<status status="PASS" start="2024-03-31T06:16:17.171270" elapsed="1.075850"/>
</suite>
<statistics>
<total>
<stat pass="5" fail="0" skip="0">All Tests</stat>
</total>
<tag>
<stat pass="1" fail="0" skip="0">testeConteudo</stat>
<stat pass="1" fail="0" skip="0">testeEstruturaResposta</stat>
<stat pass="1" fail="0" skip="0">testeRequisicaoBasica</stat>
<stat pass="1" fail="0" skip="0">testeTiposDados</stat>
</tag>
<suite>
<stat pass="5" fail="0" skip="0" id="s1" name="Tests">Tests</stat>
<stat pass="5" fail="0" skip="0" id="s1-s1" name="Random-User-Test">Tests.Random-User-Test</stat>
</suite>
</statistics>
<errors>
</errors>
</robot>
