<?xml version="1.0" encoding="UTF-8"?>
<robot generator="Robot 7.0 (Python 3.12.3 on linux)" generated="2024-04-18T00:59:36.480280" rpa="false" schemaversion="5">
<suite id="s1" name="Tests" source="/home/runner/work/DesafioQAItauRogerioJordao/DesafioQAItauRogerioJordao/RamdonUser/tests">
<suite id="s1-s1" name="Random-User-Test" source="/home/runner/work/DesafioQAItauRogerioJordao/DesafioQAItauRogerioJordao/RamdonUser/tests/random-user-test.robot">
<test id="s1-s1-t1" name="Conectar" line="13">
<kw name="Conectar API" owner="random-user-service">
<kw name="Create Session" owner="RequestsLibrary">
<msg time="2024-04-18T00:59:36.842908" level="INFO">Creating Session using : alias=consultarAPI, url=https://randomuser.me/, headers={},                     cookies={}, auth=None, timeout=None, proxies=None, verify=False,                     debug=0 </msg>
<arg>consultarAPI</arg>
<arg>${URL}</arg>
<doc>Create Session: create a HTTP session to a server</doc>
<status status="PASS" start="2024-04-18T00:59:36.842693" elapsed="0.000425"/>
</kw>
<status status="PASS" start="2024-04-18T00:59:36.841652" elapsed="0.001843"/>
</kw>
<status status="PASS" start="2024-04-18T00:59:36.841028" elapsed="0.002660"/>
</test>
<test id="s1-s1-t2" name="Validar retorno 200 e JSON Válido" line="16">
<kw name="Teste de Requisicao Basica" owner="random-user-service">
<kw name="GET On Session" owner="RequestsLibrary">
<msg time="2024-04-18T00:59:37.196415" level="INFO">GET Request : url=https://randomuser.me/api 
 path_url=/api 
 headers={'User-Agent': 'python-requests/2.31.0', 'Accept-Encoding': 'gzip, deflate', 'Accept': '*/*', 'Connection': 'keep-alive'} 
 body=None 
 </msg>
<msg time="2024-04-18T00:59:37.196589" level="INFO">GET Response : url=https://randomuser.me/api 
 status=200, reason=OK 
 headers={'Date': 'Thu, 18 Apr 2024 00:59:37 GMT', 'Content-Type': 'application/json; charset=utf-8', 'Transfer-Encoding': 'chunked', 'Connection': 'keep-alive', 'X-Powered-By': 'Express', 'Access-Control-Allow-Origin': '*', 'Cache-Control': 'no-cache', 'ETag': 'W/"48e-1cU5ZU9+0x0vzw8JLJ9H+GSIako"', 'Vary': 'Accept-Encoding', 'Content-Encoding': 'gzip', 'CF-Cache-Status': 'DYNAMIC', 'Report-To': '{"endpoints":[{"url":"https:\\/\\/a.nel.cloudflare.com\\/report\\/v4?s=RbJkuf4Ru%2FlF7phgHFVxzOEWGTJgUBhAHKyZouPPbbgJlxf4EcEfCsATRV5pbIi3YxjKY0mEZukPYVuUjLoTQE3drhZB%2BK7tO4oTAbeimb5asY3seNV%2F0DrdxbiYy7bp"}],"group":"cf-nel","max_age":604800}', 'NEL': '{"success_fraction":0,"report_to":"cf-nel","max_age":604800}', 'Server': 'cloudflare', 'CF-RAY': '8760b6953a015776-IAD', 'alt-svc': 'h3=":443"; ma=86400'} 
 body={"results":[{"gender":"female","name":{"title":"Mrs","first":"Rufina","last":"Bashpolchenko"},"location":{"street":{"number":3198,"name":"Kashtanova"},"city":"Korosten","state":"Zhitomirska","country":"Ukraine","postcode":11438,"coordinates":{"latitude":"77.5991","longitude":"114.8805"},"timezone":{"offset":"-1:00","description":"Azores, Cape Verde Islands"}},"email":"rufina.bashpolchenko@example.com","login":{"uuid":"c0965673-09c7-448d-ad85-0d53027ab0e5","username":"greenbear878","password":"larkin","salt":"JXDsH2xZ","md5":"7eed27832ff9134afe498c7bb8b2ae93","sha1":"f3c8c095878b80b0010f353caceb1bec0f083b30","sha256":"a86dbeaa0f07c42f9fdfe01e76ee71ce49def25b69a2dc109d9c0d35115a842e"},"dob":{"date":"1963-01-09T16:53:21.779Z","age":61},"registered":{"date":"2006-06-07T14:33:29.846Z","age":17},"phone":"(066) M67-0834","cell":"(098) G87-7728","id":{"name":"","value":null},"picture":{"large":"https://randomuser.me/api/portraits/women/6.jpg","medium":"https://randomuser.me/api/portraits/med/women/6.jpg","thumbnail":"https://randomuser.me/api/portraits/thumb/women/6.jpg"},"nat":"UA"}],"info":{"seed":"e0de3c80311b72fc","results":1,"page":1,"version":"1.4"}} 
 </msg>
<msg time="2024-04-18T00:59:37.196690" level="INFO">/opt/hostedtoolcache/Python/3.12.3/x64/lib/python3.12/site-packages/urllib3/connectionpool.py:1103: InsecureRequestWarning: Unverified HTTPS request is being made to host 'randomuser.me'. Adding certificate verification is strongly advised. See: https://urllib3.readthedocs.io/en/latest/advanced-usage.html#tls-warnings
  warnings.warn(</msg>
<msg time="2024-04-18T00:59:37.196848" level="INFO">${response} = &lt;Response [200]&gt;</msg>
<var>${response}</var>
<arg>consultarAPI</arg>
<arg>/api</arg>
<doc>Sends a GET request on a previously created HTTP Session.</doc>
<status status="PASS" start="2024-04-18T00:59:36.846265" elapsed="0.350623"/>
</kw>
<kw name="Should Be Equal As Numbers" owner="BuiltIn">
<msg time="2024-04-18T00:59:37.197957" level="INFO">Argument types are:
&lt;class 'int'&gt;
&lt;class 'str'&gt;</msg>
<arg>${response.status_code}</arg>
<arg>200</arg>
<doc>Fails if objects are unequal after converting them to real numbers.</doc>
<status status="PASS" start="2024-04-18T00:59:37.197494" elapsed="0.000528"/>
</kw>
<kw name="Log" owner="BuiltIn">
<msg time="2024-04-18T00:59:37.198768" level="INFO">200</msg>
<arg>${response.status_code}</arg>
<doc>Logs the given message with the given level.</doc>
<status status="PASS" start="2024-04-18T00:59:37.198405" elapsed="0.000405"/>
</kw>
<kw name="Set Variable" owner="BuiltIn">
<msg time="2024-04-18T00:59:37.199557" level="INFO">${json_data} = {'results': [{'gender': 'female', 'name': {'title': 'Mrs', 'first': 'Rufina', 'last': 'Bashpolchenko'}, 'location': {'street': {'number': 3198, 'name': 'Kashtanova'}, 'city': 'Korosten', 'state': 'Zhi...</msg>
<var>${json_data}</var>
<arg>${response.json()}</arg>
<doc>Returns the given values which can then be assigned to a variables.</doc>
<status status="PASS" start="2024-04-18T00:59:37.199116" elapsed="0.000467"/>
</kw>
<kw name="Dictionary Should Contain Key" owner="Collections">
<msg time="2024-04-18T00:59:37.200044" level="INFO">False</msg>
<arg>${json_data}</arg>
<arg>results</arg>
<doc>Fails if ``key`` is not found from ``dictionary``.</doc>
<status status="PASS" start="2024-04-18T00:59:37.199880" elapsed="0.000202"/>
</kw>
<status status="PASS" start="2024-04-18T00:59:36.846017" elapsed="0.354324"/>
</kw>
<doc>Testa se a API responde corretamente e retorna um objeto JSON válido.</doc>
<tag>testeRequisicaoBasica</tag>
<status status="PASS" start="2024-04-18T00:59:36.845568" elapsed="0.354953"/>
</test>
<test id="s1-s1-t3" name="Validar estrutura de resposta" line="22">
<kw name="Teste de Estrutura de Resposta" owner="random-user-service">
<kw name="GET On Session" owner="RequestsLibrary">
<msg time="2024-04-18T00:59:37.297220" level="INFO">GET Request : url=https://randomuser.me/api 
 path_url=/api 
 headers={'User-Agent': 'python-requests/2.31.0', 'Accept-Encoding': 'gzip, deflate', 'Accept': '*/*', 'Connection': 'keep-alive'} 
 body=None 
 </msg>
<msg time="2024-04-18T00:59:37.297303" level="INFO">GET Response : url=https://randomuser.me/api 
 status=200, reason=OK 
 headers={'Date': 'Thu, 18 Apr 2024 00:59:37 GMT', 'Content-Type': 'application/json; charset=utf-8', 'Transfer-Encoding': 'chunked', 'Connection': 'keep-alive', 'X-Powered-By': 'Express', 'Access-Control-Allow-Origin': '*', 'Cache-Control': 'no-cache', 'ETag': 'W/"481-+ZbfsOM/79UobtSm4ltAlS1RPk8"', 'Vary': 'Accept-Encoding', 'Content-Encoding': 'gzip', 'CF-Cache-Status': 'DYNAMIC', 'Report-To': '{"endpoints":[{"url":"https:\\/\\/a.nel.cloudflare.com\\/report\\/v4?s=7tZ6GOj6ecC%2F0LvT4My7LbDCaTWVEIeuUlSCmNz0qvUQaw0jq2CBK5Rm9KQGp8yeQ8sx%2BiTrQhhu6yPTc6XT%2Bl%2F8msIUeQQlN%2Bk0TSmNojn5rZq5IoFBqWE232mghM5K"}],"group":"cf-nel","max_age":604800}', 'NEL': '{"success_fraction":0,"report_to":"cf-nel","max_age":604800}', 'Server': 'cloudflare', 'CF-RAY': '8760b6958a615776-IAD', 'alt-svc': 'h3=":443"; ma=86400'} 
 body={"results":[{"gender":"female","name":{"title":"Ms","first":"Loni","last":"Moura"},"location":{"street":{"number":3426,"name":"Rua Amazonas "},"city":"Porto Seguro","state":"Santa Catarina","country":"Brazil","postcode":95486,"coordinates":{"latitude":"-77.2899","longitude":"93.3622"},"timezone":{"offset":"+4:30","description":"Kabul"}},"email":"loni.moura@example.com","login":{"uuid":"9afa51be-f018-4915-9d80-d54b166a8282","username":"beautifulswan433","password":"links","salt":"cdFJhwY2","md5":"c5f404a550a8b332c13312fbd0186c9c","sha1":"fd9b524051b0c1fb5cb75c9529e5440dea96884d","sha256":"633725c2506f8f43e826f9a64ae05f812804ae47c8a0d57ef7a94b7aa8e90871"},"dob":{"date":"1960-05-02T09:51:24.415Z","age":63},"registered":{"date":"2016-07-13T12:11:18.382Z","age":7},"phone":"(34) 6515-1715","cell":"(33) 9220-0269","id":{"name":"CPF","value":"523.811.670-48"},"picture":{"large":"https://randomuser.me/api/portraits/women/10.jpg","medium":"https://randomuser.me/api/portraits/med/women/10.jpg","thumbnail":"https://randomuser.me/api/portraits/thumb/women/10.jpg"},"nat":"BR"}],"info":{"seed":"786f35ef11fcab1d","results":1,"page":1,"version":"1.4"}} 
 </msg>
<msg time="2024-04-18T00:59:37.297420" level="INFO">/opt/hostedtoolcache/Python/3.12.3/x64/lib/python3.12/site-packages/urllib3/connectionpool.py:1103: InsecureRequestWarning: Unverified HTTPS request is being made to host 'randomuser.me'. Adding certificate verification is strongly advised. See: https://urllib3.readthedocs.io/en/latest/advanced-usage.html#tls-warnings
  warnings.warn(</msg>
<msg time="2024-04-18T00:59:37.297537" level="INFO">${response} = &lt;Response [200]&gt;</msg>
<var>${response}</var>
<arg>consultarAPI</arg>
<arg>/api</arg>
<doc>Sends a GET request on a previously created HTTP Session.</doc>
<status status="PASS" start="2024-04-18T00:59:37.203238" elapsed="0.094349"/>
</kw>
<kw name="Set Variable" owner="BuiltIn">
<msg time="2024-04-18T00:59:37.298790" level="INFO">${json_data} = {'results': [{'gender': 'female', 'name': {'title': 'Ms', 'first': 'Loni', 'last': 'Moura'}, 'location': {'street': {'number': 3426, 'name': 'Rua Amazonas '}, 'city': 'Porto Seguro', 'state': 'Santa C...</msg>
<var>${json_data}</var>
<arg>${response.json()}</arg>
<doc>Returns the given values which can then be assigned to a variables.</doc>
<status status="PASS" start="2024-04-18T00:59:37.298132" elapsed="0.000687"/>
</kw>
<kw name="Log" owner="BuiltIn">
<msg time="2024-04-18T00:59:37.299294" level="INFO">{'results': [{'gender': 'female', 'name': {'title': 'Ms', 'first': 'Loni', 'last': 'Moura'}, 'location': {'street': {'number': 3426, 'name': 'Rua Amazonas '}, 'city': 'Porto Seguro', 'state': 'Santa Catarina', 'country': 'Brazil', 'postcode': 95486, 'coordinates': {'latitude': '-77.2899', 'longitude': '93.3622'}, 'timezone': {'offset': '+4:30', 'description': 'Kabul'}}, 'email': 'loni.moura@example.com', 'login': {'uuid': '9afa51be-f018-4915-9d80-d54b166a8282', 'username': 'beautifulswan433', 'password': 'links', 'salt': 'cdFJhwY2', 'md5': 'c5f404a550a8b332c13312fbd0186c9c', 'sha1': 'fd9b524051b0c1fb5cb75c9529e5440dea96884d', 'sha256': '633725c2506f8f43e826f9a64ae05f812804ae47c8a0d57ef7a94b7aa8e90871'}, 'dob': {'date': '1960-05-02T09:51:24.415Z', 'age': 63}, 'registered': {'date': '2016-07-13T12:11:18.382Z', 'age': 7}, 'phone': '(34) 6515-1715', 'cell': '(33) 9220-0269', 'id': {'name': 'CPF', 'value': '523.811.670-48'}, 'picture': {'large': 'https://randomuser.me/api/portraits/women/10.jpg', 'medium': 'https://randomuser.me/api/portraits/med/women/10.jpg', 'thumbnail': 'https://randomuser.me/api/portraits/thumb/women/10.jpg'}, 'nat': 'BR'}], 'info': {'seed': '786f35ef11fcab1d', 'results': 1, 'page': 1, 'version': '1.4'}}</msg>
<arg>${json_data}</arg>
<doc>Logs the given message with the given level.</doc>
<status status="PASS" start="2024-04-18T00:59:37.299137" elapsed="0.000204"/>
</kw>
<kw name="Dictionary Should Contain Key" owner="Collections">
<msg time="2024-04-18T00:59:37.299787" level="INFO">False</msg>
<arg>${json_data}</arg>
<arg>results</arg>
<doc>Fails if ``key`` is not found from ``dictionary``.</doc>
<status status="PASS" start="2024-04-18T00:59:37.299636" elapsed="0.000187"/>
</kw>
<kw name="Should Not Be Empty" owner="BuiltIn">
<msg time="2024-04-18T00:59:37.300249" level="INFO">Length is 2.</msg>
<arg>${json_data}</arg>
<doc>Verifies that the given item is not empty.</doc>
<status status="PASS" start="2024-04-18T00:59:37.300116" elapsed="0.000170"/>
</kw>
<kw name="Create List" owner="BuiltIn">
<msg time="2024-04-18T00:59:37.300852" level="INFO">${expected_keys} = ['gender', 'name', 'location', 'email', 'login']</msg>
<var>${expected_keys}</var>
<arg>gender</arg>
<arg>name</arg>
<arg>location</arg>
<arg>email</arg>
<arg>login</arg>
<doc>Returns a list containing given items.</doc>
<status status="PASS" start="2024-04-18T00:59:37.300571" elapsed="0.000305"/>
</kw>
<for flavor="IN">
<iter>
<kw name="Dictionary Should Contain Key" owner="Collections">
<msg time="2024-04-18T00:59:37.301833" level="INFO">False</msg>
<arg>${json_data['results'][0]}</arg>
<arg>${key}</arg>
<doc>Fails if ``key`` is not found from ``dictionary``.</doc>
<status status="PASS" start="2024-04-18T00:59:37.301439" elapsed="0.000432"/>
</kw>
<kw name="Log" owner="BuiltIn">
<msg time="2024-04-18T00:59:37.302571" level="INFO">{'gender': 'female', 'name': {'title': 'Ms', 'first': 'Loni', 'last': 'Moura'}, 'location': {'street': {'number': 3426, 'name': 'Rua Amazonas '}, 'city': 'Porto Seguro', 'state': 'Santa Catarina', 'country': 'Brazil', 'postcode': 95486, 'coordinates': {'latitude': '-77.2899', 'longitude': '93.3622'}, 'timezone': {'offset': '+4:30', 'description': 'Kabul'}}, 'email': 'loni.moura@example.com', 'login': {'uuid': '9afa51be-f018-4915-9d80-d54b166a8282', 'username': 'beautifulswan433', 'password': 'links', 'salt': 'cdFJhwY2', 'md5': 'c5f404a550a8b332c13312fbd0186c9c', 'sha1': 'fd9b524051b0c1fb5cb75c9529e5440dea96884d', 'sha256': '633725c2506f8f43e826f9a64ae05f812804ae47c8a0d57ef7a94b7aa8e90871'}, 'dob': {'date': '1960-05-02T09:51:24.415Z', 'age': 63}, 'registered': {'date': '2016-07-13T12:11:18.382Z', 'age': 7}, 'phone': '(34) 6515-1715', 'cell': '(33) 9220-0269', 'id': {'name': 'CPF', 'value': '523.811.670-48'}, 'picture': {'large': 'https://randomuser.me/api/portraits/women/10.jpg', 'medium': 'https://randomuser.me/api/portraits/med/women/10.jpg', 'thumbnail': 'https://randomuser.me/api/portraits/thumb/women/10.jpg'}, 'nat': 'BR'}</msg>
<arg>${json_data['results'][0]}</arg>
<doc>Logs the given message with the given level.</doc>
<status status="PASS" start="2024-04-18T00:59:37.302170" elapsed="0.000449"/>
</kw>
<kw name="Log" owner="BuiltIn">
<msg time="2024-04-18T00:59:37.303051" level="INFO">gender</msg>
<arg>${key}</arg>
<doc>Logs the given message with the given level.</doc>
<status status="PASS" start="2024-04-18T00:59:37.302918" elapsed="0.000171"/>
</kw>
<var name="${key}">gender</var>
<status status="PASS" start="2024-04-18T00:59:37.301316" elapsed="0.001986"/>
</iter>
<iter>
<kw name="Dictionary Should Contain Key" owner="Collections">
<msg time="2024-04-18T00:59:37.303992" level="INFO">False</msg>
<arg>${json_data['results'][0]}</arg>
<arg>${key}</arg>
<doc>Fails if ``key`` is not found from ``dictionary``.</doc>
<status status="PASS" start="2024-04-18T00:59:37.303601" elapsed="0.000428"/>
</kw>
<kw name="Log" owner="BuiltIn">
<msg time="2024-04-18T00:59:37.304711" level="INFO">{'gender': 'female', 'name': {'title': 'Ms', 'first': 'Loni', 'last': 'Moura'}, 'location': {'street': {'number': 3426, 'name': 'Rua Amazonas '}, 'city': 'Porto Seguro', 'state': 'Santa Catarina', 'country': 'Brazil', 'postcode': 95486, 'coordinates': {'latitude': '-77.2899', 'longitude': '93.3622'}, 'timezone': {'offset': '+4:30', 'description': 'Kabul'}}, 'email': 'loni.moura@example.com', 'login': {'uuid': '9afa51be-f018-4915-9d80-d54b166a8282', 'username': 'beautifulswan433', 'password': 'links', 'salt': 'cdFJhwY2', 'md5': 'c5f404a550a8b332c13312fbd0186c9c', 'sha1': 'fd9b524051b0c1fb5cb75c9529e5440dea96884d', 'sha256': '633725c2506f8f43e826f9a64ae05f812804ae47c8a0d57ef7a94b7aa8e90871'}, 'dob': {'date': '1960-05-02T09:51:24.415Z', 'age': 63}, 'registered': {'date': '2016-07-13T12:11:18.382Z', 'age': 7}, 'phone': '(34) 6515-1715', 'cell': '(33) 9220-0269', 'id': {'name': 'CPF', 'value': '523.811.670-48'}, 'picture': {'large': 'https://randomuser.me/api/portraits/women/10.jpg', 'medium': 'https://randomuser.me/api/portraits/med/women/10.jpg', 'thumbnail': 'https://randomuser.me/api/portraits/thumb/women/10.jpg'}, 'nat': 'BR'}</msg>
<arg>${json_data['results'][0]}</arg>
<doc>Logs the given message with the given level.</doc>
<status status="PASS" start="2024-04-18T00:59:37.304353" elapsed="0.000406"/>
</kw>
<kw name="Log" owner="BuiltIn">
<msg time="2024-04-18T00:59:37.305180" level="INFO">name</msg>
<arg>${key}</arg>
<doc>Logs the given message with the given level.</doc>
<status status="PASS" start="2024-04-18T00:59:37.305052" elapsed="0.000165"/>
</kw>
<var name="${key}">name</var>
<status status="PASS" start="2024-04-18T00:59:37.303486" elapsed="0.001940"/>
</iter>
<iter>
<kw name="Dictionary Should Contain Key" owner="Collections">
<msg time="2024-04-18T00:59:37.306099" level="INFO">False</msg>
<arg>${json_data['results'][0]}</arg>
<arg>${key}</arg>
<doc>Fails if ``key`` is not found from ``dictionary``.</doc>
<status status="PASS" start="2024-04-18T00:59:37.305715" elapsed="0.000420"/>
</kw>
<kw name="Log" owner="BuiltIn">
<msg time="2024-04-18T00:59:37.306829" level="INFO">{'gender': 'female', 'name': {'title': 'Ms', 'first': 'Loni', 'last': 'Moura'}, 'location': {'street': {'number': 3426, 'name': 'Rua Amazonas '}, 'city': 'Porto Seguro', 'state': 'Santa Catarina', 'country': 'Brazil', 'postcode': 95486, 'coordinates': {'latitude': '-77.2899', 'longitude': '93.3622'}, 'timezone': {'offset': '+4:30', 'description': 'Kabul'}}, 'email': 'loni.moura@example.com', 'login': {'uuid': '9afa51be-f018-4915-9d80-d54b166a8282', 'username': 'beautifulswan433', 'password': 'links', 'salt': 'cdFJhwY2', 'md5': 'c5f404a550a8b332c13312fbd0186c9c', 'sha1': 'fd9b524051b0c1fb5cb75c9529e5440dea96884d', 'sha256': '633725c2506f8f43e826f9a64ae05f812804ae47c8a0d57ef7a94b7aa8e90871'}, 'dob': {'date': '1960-05-02T09:51:24.415Z', 'age': 63}, 'registered': {'date': '2016-07-13T12:11:18.382Z', 'age': 7}, 'phone': '(34) 6515-1715', 'cell': '(33) 9220-0269', 'id': {'name': 'CPF', 'value': '523.811.670-48'}, 'picture': {'large': 'https://randomuser.me/api/portraits/women/10.jpg', 'medium': 'https://randomuser.me/api/portraits/med/women/10.jpg', 'thumbnail': 'https://randomuser.me/api/portraits/thumb/women/10.jpg'}, 'nat': 'BR'}</msg>
<arg>${json_data['results'][0]}</arg>
<doc>Logs the given message with the given level.</doc>
<status status="PASS" start="2024-04-18T00:59:37.306462" elapsed="0.000415"/>
</kw>
<kw name="Log" owner="BuiltIn">
<msg time="2024-04-18T00:59:37.307293" level="INFO">location</msg>
<arg>${key}</arg>
<doc>Logs the given message with the given level.</doc>
<status status="PASS" start="2024-04-18T00:59:37.307169" elapsed="0.000161"/>
</kw>
<var name="${key}">location</var>
<status status="PASS" start="2024-04-18T00:59:37.305602" elapsed="0.001937"/>
</iter>
<iter>
<kw name="Dictionary Should Contain Key" owner="Collections">
<msg time="2024-04-18T00:59:37.308201" level="INFO">False</msg>
<arg>${json_data['results'][0]}</arg>
<arg>${key}</arg>
<doc>Fails if ``key`` is not found from ``dictionary``.</doc>
<status status="PASS" start="2024-04-18T00:59:37.307821" elapsed="0.000416"/>
</kw>
<kw name="Log" owner="BuiltIn">
<msg time="2024-04-18T00:59:37.308892" level="INFO">{'gender': 'female', 'name': {'title': 'Ms', 'first': 'Loni', 'last': 'Moura'}, 'location': {'street': {'number': 3426, 'name': 'Rua Amazonas '}, 'city': 'Porto Seguro', 'state': 'Santa Catarina', 'country': 'Brazil', 'postcode': 95486, 'coordinates': {'latitude': '-77.2899', 'longitude': '93.3622'}, 'timezone': {'offset': '+4:30', 'description': 'Kabul'}}, 'email': 'loni.moura@example.com', 'login': {'uuid': '9afa51be-f018-4915-9d80-d54b166a8282', 'username': 'beautifulswan433', 'password': 'links', 'salt': 'cdFJhwY2', 'md5': 'c5f404a550a8b332c13312fbd0186c9c', 'sha1': 'fd9b524051b0c1fb5cb75c9529e5440dea96884d', 'sha256': '633725c2506f8f43e826f9a64ae05f812804ae47c8a0d57ef7a94b7aa8e90871'}, 'dob': {'date': '1960-05-02T09:51:24.415Z', 'age': 63}, 'registered': {'date': '2016-07-13T12:11:18.382Z', 'age': 7}, 'phone': '(34) 6515-1715', 'cell': '(33) 9220-0269', 'id': {'name': 'CPF', 'value': '523.811.670-48'}, 'picture': {'large': 'https://randomuser.me/api/portraits/women/10.jpg', 'medium': 'https://randomuser.me/api/portraits/med/women/10.jpg', 'thumbnail': 'https://randomuser.me/api/portraits/thumb/women/10.jpg'}, 'nat': 'BR'}</msg>
<arg>${json_data['results'][0]}</arg>
<doc>Logs the given message with the given level.</doc>
<status status="PASS" start="2024-04-18T00:59:37.308529" elapsed="0.000412"/>
</kw>
<kw name="Log" owner="BuiltIn">
<msg time="2024-04-18T00:59:37.309364" level="INFO">email</msg>
<arg>${key}</arg>
<doc>Logs the given message with the given level.</doc>
<status status="PASS" start="2024-04-18T00:59:37.309240" elapsed="0.000161"/>
</kw>
<var name="${key}">email</var>
<status status="PASS" start="2024-04-18T00:59:37.307711" elapsed="0.001899"/>
</iter>
<iter>
<kw name="Dictionary Should Contain Key" owner="Collections">
<msg time="2024-04-18T00:59:37.310275" level="INFO">False</msg>
<arg>${json_data['results'][0]}</arg>
<arg>${key}</arg>
<doc>Fails if ``key`` is not found from ``dictionary``.</doc>
<status status="PASS" start="2024-04-18T00:59:37.309888" elapsed="0.000441"/>
</kw>
<kw name="Log" owner="BuiltIn">
<msg time="2024-04-18T00:59:37.311008" level="INFO">{'gender': 'female', 'name': {'title': 'Ms', 'first': 'Loni', 'last': 'Moura'}, 'location': {'street': {'number': 3426, 'name': 'Rua Amazonas '}, 'city': 'Porto Seguro', 'state': 'Santa Catarina', 'country': 'Brazil', 'postcode': 95486, 'coordinates': {'latitude': '-77.2899', 'longitude': '93.3622'}, 'timezone': {'offset': '+4:30', 'description': 'Kabul'}}, 'email': 'loni.moura@example.com', 'login': {'uuid': '9afa51be-f018-4915-9d80-d54b166a8282', 'username': 'beautifulswan433', 'password': 'links', 'salt': 'cdFJhwY2', 'md5': 'c5f404a550a8b332c13312fbd0186c9c', 'sha1': 'fd9b524051b0c1fb5cb75c9529e5440dea96884d', 'sha256': '633725c2506f8f43e826f9a64ae05f812804ae47c8a0d57ef7a94b7aa8e90871'}, 'dob': {'date': '1960-05-02T09:51:24.415Z', 'age': 63}, 'registered': {'date': '2016-07-13T12:11:18.382Z', 'age': 7}, 'phone': '(34) 6515-1715', 'cell': '(33) 9220-0269', 'id': {'name': 'CPF', 'value': '523.811.670-48'}, 'picture': {'large': 'https://randomuser.me/api/portraits/women/10.jpg', 'medium': 'https://randomuser.me/api/portraits/med/women/10.jpg', 'thumbnail': 'https://randomuser.me/api/portraits/thumb/women/10.jpg'}, 'nat': 'BR'}</msg>
<arg>${json_data['results'][0]}</arg>
<doc>Logs the given message with the given level.</doc>
<status status="PASS" start="2024-04-18T00:59:37.310650" elapsed="0.000405"/>
</kw>
<kw name="Log" owner="BuiltIn">
<msg time="2024-04-18T00:59:37.311474" level="INFO">login</msg>
<arg>${key}</arg>
<doc>Logs the given message with the given level.</doc>
<status status="PASS" start="2024-04-18T00:59:37.311349" elapsed="0.000161"/>
</kw>
<var name="${key}">login</var>
<status status="PASS" start="2024-04-18T00:59:37.309779" elapsed="0.001943"/>
</iter>
<var>${key}</var>
<value>@{expected_keys}</value>
<status status="PASS" start="2024-04-18T00:59:37.301133" elapsed="0.010736"/>
</for>
<kw name="Create List" owner="BuiltIn">
<msg time="2024-04-18T00:59:37.312201" level="INFO">${expected_keysTwo} = ['username', 'password']</msg>
<var>${expected_keysTwo}</var>
<arg>username</arg>
<arg>password</arg>
<doc>Returns a list containing given items.</doc>
<status status="PASS" start="2024-04-18T00:59:37.312066" elapsed="0.000159"/>
</kw>
<for flavor="IN">
<iter>
<kw name="Dictionary Should Contain Key" owner="Collections">
<msg time="2024-04-18T00:59:37.313119" level="INFO">False</msg>
<arg>${json_data['results'][0]['login']}</arg>
<arg>${keyTwo}</arg>
<doc>Fails if ``key`` is not found from ``dictionary``.</doc>
<status status="PASS" start="2024-04-18T00:59:37.312724" elapsed="0.000431"/>
</kw>
<kw name="Dictionary Should Contain Key" owner="Collections">
<msg time="2024-04-18T00:59:37.313823" level="INFO">False</msg>
<arg>${json_data['results'][0]['login']}</arg>
<arg>${keyTwo}</arg>
<doc>Fails if ``key`` is not found from ``dictionary``.</doc>
<status status="PASS" start="2024-04-18T00:59:37.313446" elapsed="0.000412"/>
</kw>
<kw name="Log" owner="BuiltIn">
<msg time="2024-04-18T00:59:37.314278" level="INFO">username</msg>
<arg>${keyTwo}</arg>
<doc>Logs the given message with the given level.</doc>
<status status="PASS" start="2024-04-18T00:59:37.314154" elapsed="0.000165"/>
</kw>
<var name="${keyTwo}">username</var>
<status status="PASS" start="2024-04-18T00:59:37.312614" elapsed="0.001955"/>
</iter>
<iter>
<kw name="Dictionary Should Contain Key" owner="Collections">
<msg time="2024-04-18T00:59:37.315225" level="INFO">False</msg>
<arg>${json_data['results'][0]['login']}</arg>
<arg>${keyTwo}</arg>
<doc>Fails if ``key`` is not found from ``dictionary``.</doc>
<status status="PASS" start="2024-04-18T00:59:37.314846" elapsed="0.000421"/>
</kw>
<kw name="Dictionary Should Contain Key" owner="Collections">
<msg time="2024-04-18T00:59:37.316020" level="INFO">False</msg>
<arg>${json_data['results'][0]['login']}</arg>
<arg>${keyTwo}</arg>
<doc>Fails if ``key`` is not found from ``dictionary``.</doc>
<status status="PASS" start="2024-04-18T00:59:37.315561" elapsed="0.000496"/>
</kw>
<kw name="Log" owner="BuiltIn">
<msg time="2024-04-18T00:59:37.316474" level="INFO">password</msg>
<arg>${keyTwo}</arg>
<doc>Logs the given message with the given level.</doc>
<status status="PASS" start="2024-04-18T00:59:37.316348" elapsed="0.000162"/>
</kw>
<var name="${keyTwo}">password</var>
<status status="PASS" start="2024-04-18T00:59:37.314736" elapsed="0.001988"/>
</iter>
<var>${keyTwo}</var>
<value>@{expected_keysTwo}</value>
<status status="PASS" start="2024-04-18T00:59:37.312460" elapsed="0.004384"/>
</for>
<status status="PASS" start="2024-04-18T00:59:37.203004" elapsed="0.113977"/>
</kw>
<doc>Testa a estrutura da resposta da API.</doc>
<tag>testeEstruturaResposta</tag>
<status status="PASS" start="2024-04-18T00:59:37.202377" elapsed="0.114754"/>
</test>
<test id="s1-s1-t4" name="Validar tipos de dados" line="28">
<kw name="Teste de Tipos de Dados" owner="random-user-service">
<kw name="GET On Session" owner="RequestsLibrary">
<msg time="2024-04-18T00:59:37.385680" level="INFO">GET Request : url=https://randomuser.me/api 
 path_url=/api 
 headers={'User-Agent': 'python-requests/2.31.0', 'Accept-Encoding': 'gzip, deflate', 'Accept': '*/*', 'Connection': 'keep-alive'} 
 body=None 
 </msg>
<msg time="2024-04-18T00:59:37.385761" level="INFO">GET Response : url=https://randomuser.me/api 
 status=200, reason=OK 
 headers={'Date': 'Thu, 18 Apr 2024 00:59:37 GMT', 'Content-Type': 'application/json; charset=utf-8', 'Transfer-Encoding': 'chunked', 'Connection': 'keep-alive', 'X-Powered-By': 'Express', 'Access-Control-Allow-Origin': '*', 'Cache-Control': 'no-cache', 'ETag': 'W/"47a-AlP5+Rzy5EdMRFZ1ar0Z6uFcz3s"', 'Vary': 'Accept-Encoding', 'Content-Encoding': 'gzip', 'CF-Cache-Status': 'DYNAMIC', 'Report-To': '{"endpoints":[{"url":"https:\\/\\/a.nel.cloudflare.com\\/report\\/v4?s=lY62AM903vri8mol%2BhK0de8vTikQwsKWCC2sKH%2FGt8016g8aUYlcrH3RyjSPnVEX5wMLeiUgu52PYOvz%2FfZVdcMCxCVfK5bJaUjWLNLDDuXraozLDzGAEXHX2lbBHvaW"}],"group":"cf-nel","max_age":604800}', 'NEL': '{"success_fraction":0,"report_to":"cf-nel","max_age":604800}', 'Server': 'cloudflare', 'CF-RAY': '8760b6964b355776-IAD', 'alt-svc': 'h3=":443"; ma=86400'} 
 body={"results":[{"gender":"male","name":{"title":"Mr","first":"Bently","last":"Gill"},"location":{"street":{"number":24,"name":"Pine Rd"},"city":"Armstrong","state":"British Columbia","country":"Canada","postcode":"Y4C 3O2","coordinates":{"latitude":"-66.1239","longitude":"-14.4472"},"timezone":{"offset":"+6:00","description":"Almaty, Dhaka, Colombo"}},"email":"bently.gill@example.com","login":{"uuid":"25c0b026-a7a9-48ee-9130-30b4ee57e260","username":"bluebear314","password":"awful","salt":"NEPJH46x","md5":"6b0815ece1b1113eec05d1dd35b19d22","sha1":"a2b97f45a72cd7d2b4f471c642935e043e4eb7da","sha256":"5a2c31c29fb7f6aaa15b9a8e67a22b014be102af6df8f22ce0f9d6503470efa9"},"dob":{"date":"1947-06-16T23:57:54.525Z","age":76},"registered":{"date":"2016-08-23T08:19:35.364Z","age":7},"phone":"X83 M91-3038","cell":"S97 V64-6487","id":{"name":"SIN","value":"677287286"},"picture":{"large":"https://randomuser.me/api/portraits/men/28.jpg","medium":"https://randomuser.me/api/portraits/med/men/28.jpg","thumbnail":"https://randomuser.me/api/portraits/thumb/men/28.jpg"},"nat":"CA"}],"info":{"seed":"8d616925cae81f4d","results":1,"page":1,"version":"1.4"}} 
 </msg>
<msg time="2024-04-18T00:59:37.385832" level="INFO">/opt/hostedtoolcache/Python/3.12.3/x64/lib/python3.12/site-packages/urllib3/connectionpool.py:1103: InsecureRequestWarning: Unverified HTTPS request is being made to host 'randomuser.me'. Adding certificate verification is strongly advised. See: https://urllib3.readthedocs.io/en/latest/advanced-usage.html#tls-warnings
  warnings.warn(</msg>
<msg time="2024-04-18T00:59:37.385958" level="INFO">${response} = &lt;Response [200]&gt;</msg>
<var>${response}</var>
<arg>consultarAPI</arg>
<arg>/api</arg>
<doc>Sends a GET request on a previously created HTTP Session.</doc>
<status status="PASS" start="2024-04-18T00:59:37.319703" elapsed="0.066300"/>
</kw>
<kw name="Set Variable" owner="BuiltIn">
<msg time="2024-04-18T00:59:37.387053" level="INFO">${json_data} = {'results': [{'gender': 'male', 'name': {'title': 'Mr', 'first': 'Bently', 'last': 'Gill'}, 'location': {'street': {'number': 24, 'name': 'Pine Rd'}, 'city': 'Armstrong', 'state': 'British Columbia', ...</msg>
<var>${json_data}</var>
<arg>${response.json()}</arg>
<doc>Returns the given values which can then be assigned to a variables.</doc>
<status status="PASS" start="2024-04-18T00:59:37.386500" elapsed="0.000581"/>
</kw>
<kw name="Log" owner="BuiltIn">
<msg time="2024-04-18T00:59:37.387537" level="INFO">{'results': [{'gender': 'male', 'name': {'title': 'Mr', 'first': 'Bently', 'last': 'Gill'}, 'location': {'street': {'number': 24, 'name': 'Pine Rd'}, 'city': 'Armstrong', 'state': 'British Columbia', 'country': 'Canada', 'postcode': 'Y4C 3O2', 'coordinates': {'latitude': '-66.1239', 'longitude': '-14.4472'}, 'timezone': {'offset': '+6:00', 'description': 'Almaty, Dhaka, Colombo'}}, 'email': 'bently.gill@example.com', 'login': {'uuid': '25c0b026-a7a9-48ee-9130-30b4ee57e260', 'username': 'bluebear314', 'password': 'awful', 'salt': 'NEPJH46x', 'md5': '6b0815ece1b1113eec05d1dd35b19d22', 'sha1': 'a2b97f45a72cd7d2b4f471c642935e043e4eb7da', 'sha256': '5a2c31c29fb7f6aaa15b9a8e67a22b014be102af6df8f22ce0f9d6503470efa9'}, 'dob': {'date': '1947-06-16T23:57:54.525Z', 'age': 76}, 'registered': {'date': '2016-08-23T08:19:35.364Z', 'age': 7}, 'phone': 'X83 M91-3038', 'cell': 'S97 V64-6487', 'id': {'name': 'SIN', 'value': '677287286'}, 'picture': {'large': 'https://randomuser.me/api/portraits/men/28.jpg', 'medium': 'https://randomuser.me/api/portraits/med/men/28.jpg', 'thumbnail': 'https://randomuser.me/api/portraits/thumb/men/28.jpg'}, 'nat': 'CA'}], 'info': {'seed': '8d616925cae81f4d', 'results': 1, 'page': 1, 'version': '1.4'}}</msg>
<arg>${json_data}</arg>
<doc>Logs the given message with the given level.</doc>
<status status="PASS" start="2024-04-18T00:59:37.387384" elapsed="0.000235"/>
</kw>
<kw name="Should Be String" owner="String">
<arg>${json_data['results'][0]['gender']}</arg>
<doc>Fails if the given ``item`` is not a string.</doc>
<status status="PASS" start="2024-04-18T00:59:37.387926" elapsed="0.000361"/>
</kw>
<kw name="Should Match Regexp" owner="BuiltIn">
<arg>${json_data['results'][0]['email']}</arg>
<arg>^[a-zA-Z0-9._%+-]+@[a-zA-Z0-9.-]+\.[a-zA-Z]{2,}$</arg>
<doc>Fails if ``string`` does not match ``pattern`` as a regular expression.</doc>
<status status="PASS" start="2024-04-18T00:59:37.388489" elapsed="0.000510"/>
</kw>
<kw name="Should Match Regexp" owner="BuiltIn">
<arg>${json_data['results'][0]['dob']['date']}</arg>
<arg>\\d{4}-\\d{2}-\\d{2}T\\d{2}:\\d{2}:\\d{2}\\.\\d{3}Z</arg>
<doc>Fails if ``string`` does not match ``pattern`` as a regular expression.</doc>
<status status="PASS" start="2024-04-18T00:59:37.389190" elapsed="0.000478"/>
</kw>
<kw name="Should Match Regexp" owner="BuiltIn">
<arg>${json_data['results'][0]['registered']['date']}</arg>
<arg>\\d{4}-\\d{2}-\\d{2}T\\d{2}:\\d{2}:\\d{2}\\.\\d{3}Z</arg>
<doc>Fails if ``string`` does not match ``pattern`` as a regular expression.</doc>
<status status="PASS" start="2024-04-18T00:59:37.389854" elapsed="0.000363"/>
</kw>
<kw name="Should Match Regexp" owner="BuiltIn">
<arg>${json_data['results'][0]['picture']['large']}</arg>
<arg>^https?://.*\.(?:png|jpe?g|gif|bmp)$</arg>
<doc>Fails if ``string`` does not match ``pattern`` as a regular expression.</doc>
<status status="PASS" start="2024-04-18T00:59:37.390436" elapsed="0.000474"/>
</kw>
<kw name="Should Match Regexp" owner="BuiltIn">
<arg>${json_data['results'][0]['picture']['medium']}</arg>
<arg>^https?://.*\.(?:png|jpe?g|gif|bmp)$</arg>
<doc>Fails if ``string`` does not match ``pattern`` as a regular expression.</doc>
<status status="PASS" start="2024-04-18T00:59:37.391096" elapsed="0.000354"/>
</kw>
<kw name="Should Match Regexp" owner="BuiltIn">
<arg>${json_data['results'][0]['picture']['thumbnail']}</arg>
<arg>^https?://.*\.(?:png|jpe?g|gif|bmp)$</arg>
<doc>Fails if ``string`` does not match ``pattern`` as a regular expression.</doc>
<status status="PASS" start="2024-04-18T00:59:37.391636" elapsed="0.000353"/>
</kw>
<kw name="Log" owner="BuiltIn">
<msg time="2024-04-18T00:59:37.392486" level="INFO">{'large': 'https://randomuser.me/api/portraits/men/28.jpg', 'medium': 'https://randomuser.me/api/portraits/med/men/28.jpg', 'thumbnail': 'https://randomuser.me/api/portraits/thumb/men/28.jpg'}</msg>
<arg>${json_data['results'][0]['picture']}</arg>
<doc>Logs the given message with the given level.</doc>
<status status="PASS" start="2024-04-18T00:59:37.392168" elapsed="0.000359"/>
</kw>
<status status="PASS" start="2024-04-18T00:59:37.319472" elapsed="0.073305"/>
</kw>
<kw name="Teste de Tipos de Dados - Postcode" owner="random-user-service">
<kw name="GET On Session" owner="RequestsLibrary">
<msg time="2024-04-18T00:59:37.489162" level="INFO">GET Request : url=https://randomuser.me/api 
 path_url=/api 
 headers={'User-Agent': 'python-requests/2.31.0', 'Accept-Encoding': 'gzip, deflate', 'Accept': '*/*', 'Connection': 'keep-alive'} 
 body=None 
 </msg>
<msg time="2024-04-18T00:59:37.489257" level="INFO">GET Response : url=https://randomuser.me/api 
 status=200, reason=OK 
 headers={'Date': 'Thu, 18 Apr 2024 00:59:37 GMT', 'Content-Type': 'application/json; charset=utf-8', 'Transfer-Encoding': 'chunked', 'Connection': 'keep-alive', 'X-Powered-By': 'Express', 'Access-Control-Allow-Origin': '*', 'Cache-Control': 'no-cache', 'ETag': 'W/"479-FNleuOAXTDCkibo1IxPuPhZVKh4"', 'Vary': 'Accept-Encoding', 'Content-Encoding': 'gzip', 'CF-Cache-Status': 'DYNAMIC', 'Report-To': '{"endpoints":[{"url":"https:\\/\\/a.nel.cloudflare.com\\/report\\/v4?s=SianwCVSAJ9Tf%2BXJ8j2TE4%2B8EfwnpwxBtSh%2ByAfEg5wvo0LM9hc0M7RzInMC761iphf6f%2BLV6Hrf2vwAewQu%2BNIkrTGZVDXxEylyCQ2U%2BIhcOUIYOELuUbHHdD%2F5%2BT2s"}],"group":"cf-nel","max_age":604800}', 'NEL': '{"success_fraction":0,"report_to":"cf-nel","max_age":604800}', 'Server': 'cloudflare', 'CF-RAY': '8760b696bb9d5776-IAD', 'alt-svc': 'h3=":443"; ma=86400'} 
 body={"results":[{"gender":"female","name":{"title":"Miss","first":"Stefanija","last":"Spajić"},"location":{"street":{"number":456,"name":"Obrenovića"},"city":"Senta","state":"Rasina","country":"Serbia","postcode":91430,"coordinates":{"latitude":"59.2898","longitude":"114.0776"},"timezone":{"offset":"-9:00","description":"Alaska"}},"email":"stefanija.spajic@example.com","login":{"uuid":"db4109bb-eb3b-487d-b559-bf87d609bea9","username":"organicostrich946","password":"franks","salt":"SlTHD1mx","md5":"60413b1998140b8c7ebaf94a577d8fdc","sha1":"1c4522a30938fccc4988075bcbf76e759c94bf92","sha256":"5673790cb25e60ec7d187760275ffafd37f713cfff9617a926ff7ce9345b93d7"},"dob":{"date":"1974-03-27T14:58:16.823Z","age":50},"registered":{"date":"2011-06-03T02:51:52.535Z","age":12},"phone":"020-5786-545","cell":"068-0764-302","id":{"name":"SID","value":"857746932"},"picture":{"large":"https://randomuser.me/api/portraits/women/81.jpg","medium":"https://randomuser.me/api/portraits/med/women/81.jpg","thumbnail":"https://randomuser.me/api/portraits/thumb/women/81.jpg"},"nat":"RS"}],"info":{"seed":"cdb9a31ce2a6c5a4","results":1,"page":1,"version":"1.4"}} 
 </msg>
<msg time="2024-04-18T00:59:37.489337" level="INFO">/opt/hostedtoolcache/Python/3.12.3/x64/lib/python3.12/site-packages/urllib3/connectionpool.py:1103: InsecureRequestWarning: Unverified HTTPS request is being made to host 'randomuser.me'. Adding certificate verification is strongly advised. See: https://urllib3.readthedocs.io/en/latest/advanced-usage.html#tls-warnings
  warnings.warn(</msg>
<msg time="2024-04-18T00:59:37.489423" level="INFO">${response} = &lt;Response [200]&gt;</msg>
<var>${response}</var>
<arg>consultarAPI</arg>
<arg>/api</arg>
<doc>Sends a GET request on a previously created HTTP Session.</doc>
<status status="PASS" start="2024-04-18T00:59:37.393218" elapsed="0.096244"/>
</kw>
<kw name="Set Variable" owner="BuiltIn">
<msg time="2024-04-18T00:59:37.490580" level="INFO">${json_data} = {'results': [{'gender': 'female', 'name': {'title': 'Miss', 'first': 'Stefanija', 'last': 'Spajić'}, 'location': {'street': {'number': 456, 'name': 'Obrenovića'}, 'city': 'Senta', 'state': 'Rasina', '...</msg>
<var>${json_data}</var>
<arg>${response.json()}</arg>
<doc>Returns the given values which can then be assigned to a variables.</doc>
<status status="PASS" start="2024-04-18T00:59:37.489950" elapsed="0.000660"/>
</kw>
<kw name="Log" owner="BuiltIn">
<msg time="2024-04-18T00:59:37.491078" level="INFO">{'results': [{'gender': 'female', 'name': {'title': 'Miss', 'first': 'Stefanija', 'last': 'Spajić'}, 'location': {'street': {'number': 456, 'name': 'Obrenovića'}, 'city': 'Senta', 'state': 'Rasina', 'country': 'Serbia', 'postcode': 91430, 'coordinates': {'latitude': '59.2898', 'longitude': '114.0776'}, 'timezone': {'offset': '-9:00', 'description': 'Alaska'}}, 'email': 'stefanija.spajic@example.com', 'login': {'uuid': 'db4109bb-eb3b-487d-b559-bf87d609bea9', 'username': 'organicostrich946', 'password': 'franks', 'salt': 'SlTHD1mx', 'md5': '60413b1998140b8c7ebaf94a577d8fdc', 'sha1': '1c4522a30938fccc4988075bcbf76e759c94bf92', 'sha256': '5673790cb25e60ec7d187760275ffafd37f713cfff9617a926ff7ce9345b93d7'}, 'dob': {'date': '1974-03-27T14:58:16.823Z', 'age': 50}, 'registered': {'date': '2011-06-03T02:51:52.535Z', 'age': 12}, 'phone': '020-5786-545', 'cell': '068-0764-302', 'id': {'name': 'SID', 'value': '857746932'}, 'picture': {'large': 'https://randomuser.me/api/portraits/women/81.jpg', 'medium': 'https://randomuser.me/api/portraits/med/women/81.jpg', 'thumbnail': 'https://randomuser.me/api/portraits/thumb/women/81.jpg'}, 'nat': 'RS'}], 'info': {'seed': 'cdb9a31ce2a6c5a4', 'results': 1, 'page': 1, 'version': '1.4'}}</msg>
<arg>${json_data}</arg>
<doc>Logs the given message with the given level.</doc>
<status status="PASS" start="2024-04-18T00:59:37.490920" elapsed="0.000237"/>
</kw>
<kw name="Should Be Equal As Numbers" owner="BuiltIn">
<arg>${json_data['results'][0]['location']['postcode']}</arg>
<arg>${json_data['results'][0]['location']['postcode']}</arg>
<doc>Fails if objects are unequal after converting them to real numbers.</doc>
<status status="PASS" start="2024-04-18T00:59:37.491461" elapsed="0.000755"/>
</kw>
<kw name="Log" owner="BuiltIn">
<msg time="2024-04-18T00:59:37.492745" level="INFO">91430</msg>
<arg>${json_data['results'][0]['location']['postcode']}</arg>
<doc>Logs the given message with the given level.</doc>
<status status="PASS" start="2024-04-18T00:59:37.492409" elapsed="0.000377"/>
</kw>
<status status="PASS" start="2024-04-18T00:59:37.392989" elapsed="0.100048"/>
</kw>
<doc>Testa se os tipos de dados na resposta da API estão corretos.</doc>
<tag>testeTiposDados</tag>
<status status="PASS" start="2024-04-18T00:59:37.318926" elapsed="0.174268"/>
</test>
<test id="s1-s1-t5" name="Validar conteudo" line="35">
<kw name="Teste de Tipos de Conteudo" owner="random-user-service">
<kw name="GET On Session" owner="RequestsLibrary">
<msg time="2024-04-18T00:59:37.592592" level="INFO">GET Request : url=https://randomuser.me/api 
 path_url=/api 
 headers={'User-Agent': 'python-requests/2.31.0', 'Accept-Encoding': 'gzip, deflate', 'Accept': '*/*', 'Connection': 'keep-alive'} 
 body=None 
 </msg>
<msg time="2024-04-18T00:59:37.592678" level="INFO">GET Response : url=https://randomuser.me/api 
 status=200, reason=OK 
 headers={'Date': 'Thu, 18 Apr 2024 00:59:37 GMT', 'Content-Type': 'application/json; charset=utf-8', 'Transfer-Encoding': 'chunked', 'Connection': 'keep-alive', 'X-Powered-By': 'Express', 'Access-Control-Allow-Origin': '*', 'Cache-Control': 'no-cache', 'ETag': 'W/"470-3kNg/fYl2z3UoRRzHE+mGHhA7XU"', 'Vary': 'Accept-Encoding', 'Content-Encoding': 'gzip', 'CF-Cache-Status': 'DYNAMIC', 'Report-To': '{"endpoints":[{"url":"https:\\/\\/a.nel.cloudflare.com\\/report\\/v4?s=Zq%2BBB8fOlo90RpVeb%2FZlK0FPTFXV3JFDPEqcTwI4EeuuEUeECxUi0tY8QesRttQNSlF5%2B26q4%2B%2BOTJP2t8NjDvSUL1rqiCSKjpZnN6L9MtP7C6jvFBrWy%2FWQGK%2FUNOHP"}],"group":"cf-nel","max_age":604800}', 'NEL': '{"success_fraction":0,"report_to":"cf-nel","max_age":604800}', 'Server': 'cloudflare', 'CF-RAY': '8760b6975c375776-IAD', 'alt-svc': 'h3=":443"; ma=86400'} 
 body={"results":[{"gender":"male","name":{"title":"Mr","first":"Troy","last":"Day"},"location":{"street":{"number":5857,"name":"Highfield Road"},"city":"Ripon","state":"Powys","country":"United Kingdom","postcode":"BQ7 5FE","coordinates":{"latitude":"-4.5014","longitude":"-112.1022"},"timezone":{"offset":"+3:30","description":"Tehran"}},"email":"troy.day@example.com","login":{"uuid":"f3994bb4-0c34-4033-b1a5-a904ed4589ef","username":"purplefrog695","password":"amadeus","salt":"bWoqcmml","md5":"187855beba0773deee381269f9262c86","sha1":"4b813403d7b25c370f8136230b2659b849444338","sha256":"e0272f0b7a5a75542a96e79f6f0874ecaf4cdf278bbb60e6658b2f0ad576e68e"},"dob":{"date":"1978-07-14T02:22:08.898Z","age":45},"registered":{"date":"2002-12-01T15:30:28.089Z","age":21},"phone":"015396 85385","cell":"07480 262811","id":{"name":"NINO","value":"BJ 54 53 27 X"},"picture":{"large":"https://randomuser.me/api/portraits/men/26.jpg","medium":"https://randomuser.me/api/portraits/med/men/26.jpg","thumbnail":"https://randomuser.me/api/portraits/thumb/men/26.jpg"},"nat":"GB"}],"info":{"seed":"e3d7f2e89f9556fc","results":1,"page":1,"version":"1.4"}} 
 </msg>
<msg time="2024-04-18T00:59:37.592744" level="INFO">/opt/hostedtoolcache/Python/3.12.3/x64/lib/python3.12/site-packages/urllib3/connectionpool.py:1103: InsecureRequestWarning: Unverified HTTPS request is being made to host 'randomuser.me'. Adding certificate verification is strongly advised. See: https://urllib3.readthedocs.io/en/latest/advanced-usage.html#tls-warnings
  warnings.warn(</msg>
<msg time="2024-04-18T00:59:37.592850" level="INFO">${response} = &lt;Response [200]&gt;</msg>
<var>${response}</var>
<arg>consultarAPI</arg>
<arg>/api</arg>
<doc>Sends a GET request on a previously created HTTP Session.</doc>
<status status="PASS" start="2024-04-18T00:59:37.495694" elapsed="0.097186"/>
</kw>
<kw name="Set Variable" owner="BuiltIn">
<msg time="2024-04-18T00:59:37.593869" level="INFO">${json_data} = {'results': [{'gender': 'male', 'name': {'title': 'Mr', 'first': 'Troy', 'last': 'Day'}, 'location': {'street': {'number': 5857, 'name': 'Highfield Road'}, 'city': 'Ripon', 'state': 'Powys', 'country'...</msg>
<var>${json_data}</var>
<arg>${response.json()}</arg>
<doc>Returns the given values which can then be assigned to a variables.</doc>
<status status="PASS" start="2024-04-18T00:59:37.593376" elapsed="0.000522"/>
</kw>
<kw name="Set Variable" owner="BuiltIn">
<msg time="2024-04-18T00:59:37.594641" level="INFO">${name_title} = Mr</msg>
<var>${name_title}</var>
<arg>${json_data["results"][0]["name"]["title"]}</arg>
<doc>Returns the given values which can then be assigned to a variables.</doc>
<status status="PASS" start="2024-04-18T00:59:37.594198" elapsed="0.000468"/>
</kw>
<kw name="Create List" owner="BuiltIn">
<msg time="2024-04-18T00:59:37.595112" level="INFO">${allowed_titles} = ['Mr', 'Ms', 'Miss', 'Mrs', 'Madame', 'Monsieur']</msg>
<var>${allowed_titles}</var>
<arg>Mr</arg>
<arg>Ms</arg>
<arg>Miss</arg>
<arg>Mrs</arg>
<arg>Madame</arg>
<arg>Monsieur</arg>
<doc>Returns a list containing given items.</doc>
<status status="PASS" start="2024-04-18T00:59:37.594968" elapsed="0.000168"/>
</kw>
<kw name="List Should Contain Value" owner="Collections">
<msg time="2024-04-18T00:59:37.595601" level="INFO">False</msg>
<arg>${allowed_titles}</arg>
<arg>${name_title}</arg>
<doc>Fails if the ``value`` is not found from ``list``.</doc>
<status status="PASS" start="2024-04-18T00:59:37.595432" elapsed="0.000205"/>
</kw>
<kw name="Set Variable" owner="BuiltIn">
<msg time="2024-04-18T00:59:37.596293" level="INFO">${name_country} = GB</msg>
<var>${name_country}</var>
<arg>${json_data["results"][0]["nat"]}</arg>
<doc>Returns the given values which can then be assigned to a variables.</doc>
<status status="PASS" start="2024-04-18T00:59:37.595921" elapsed="0.000397"/>
</kw>
<kw name="Create List" owner="BuiltIn">
<msg time="2024-04-18T00:59:37.597200" level="INFO">${list_country} = ['AD', 'AE', 'AF', 'AG', 'AI', 'AL', 'AM', 'AO', 'AQ', 'AR', 'AS', 'AT', 'AU', 'AW', 'AX', 'AZ', 'BA', 'BB', 'BD', 'BE', 'BF', 'BG', 'BH', 'BI', 'BJ', 'BL', 'BM', 'BN', 'BO', 'BQ', 'BR', 'BS', 'BT', '...</msg>
<var>${list_country}</var>
<arg>AD</arg>
<arg>AE</arg>
<arg>AF</arg>
<arg>AG</arg>
<arg>AI</arg>
<arg>AL</arg>
<arg>AM</arg>
<arg>AO</arg>
<arg>AQ</arg>
<arg>AR</arg>
<arg>AS</arg>
<arg>AT</arg>
<arg>AU</arg>
<arg>AW</arg>
<arg>AX</arg>
<arg>AZ</arg>
<arg>BA</arg>
<arg>BB</arg>
<arg>BD</arg>
<arg>BE</arg>
<arg>BF</arg>
<arg>BG</arg>
<arg>BH</arg>
<arg>BI</arg>
<arg>BJ</arg>
<arg>BL</arg>
<arg>BM</arg>
<arg>BN</arg>
<arg>BO</arg>
<arg>BQ</arg>
<arg>BR</arg>
<arg>BS</arg>
<arg>BT</arg>
<arg>BV</arg>
<arg>BW</arg>
<arg>BY</arg>
<arg>BZ</arg>
<arg>CA</arg>
<arg>CC</arg>
<arg>CD</arg>
<arg>CF</arg>
<arg>CG</arg>
<arg>CH</arg>
<arg>CI</arg>
<arg>CK</arg>
<arg>CL</arg>
<arg>CM</arg>
<arg>CN</arg>
<arg>CO</arg>
<arg>CR</arg>
<arg>CU</arg>
<arg>CV</arg>
<arg>CW</arg>
<arg>CX</arg>
<arg>CY</arg>
<arg>CZ</arg>
<arg>DE</arg>
<arg>DJ</arg>
<arg>DK</arg>
<arg>DM</arg>
<arg>DO</arg>
<arg>DZ</arg>
<arg>EC</arg>
<arg>EE</arg>
<arg>EG</arg>
<arg>EH</arg>
<arg>ER</arg>
<arg>ES</arg>
<arg>ET</arg>
<arg>FI</arg>
<arg>FJ</arg>
<arg>FK</arg>
<arg>FM</arg>
<arg>FO</arg>
<arg>FR</arg>
<arg>GA</arg>
<arg>GB</arg>
<arg>GD</arg>
<arg>GE</arg>
<arg>GF</arg>
<arg>GG</arg>
<arg>GH</arg>
<arg>GI</arg>
<arg>GL</arg>
<arg>GM</arg>
<arg>GN</arg>
<arg>GP</arg>
<arg>GQ</arg>
<arg>GR</arg>
<arg>GS</arg>
<arg>GT</arg>
<arg>GU</arg>
<arg>GW</arg>
<arg>GY</arg>
<arg>HK</arg>
<arg>HM</arg>
<arg>HN</arg>
<arg>HR</arg>
<arg>HT</arg>
<arg>HU</arg>
<arg>ID</arg>
<arg>IE</arg>
<arg>IL</arg>
<arg>IM</arg>
<arg>IN</arg>
<arg>IO</arg>
<arg>IQ</arg>
<arg>IR</arg>
<arg>IS</arg>
<arg>IT</arg>
<arg>JE</arg>
<arg>JM</arg>
<arg>JO</arg>
<arg>JP</arg>
<arg>KE</arg>
<arg>KG</arg>
<arg>KH</arg>
<arg>KI</arg>
<arg>KM</arg>
<arg>KN</arg>
<arg>KP</arg>
<arg>KR</arg>
<arg>KW</arg>
<arg>KY</arg>
<arg>KZ</arg>
<arg>LA</arg>
<arg>LB</arg>
<arg>LC</arg>
<arg>LI</arg>
<arg>LK</arg>
<arg>LR</arg>
<arg>LS</arg>
<arg>LT</arg>
<arg>LU</arg>
<arg>LV</arg>
<arg>LY</arg>
<arg>MA</arg>
<arg>MC</arg>
<arg>MD</arg>
<arg>ME</arg>
<arg>MF</arg>
<arg>MG</arg>
<arg>MH</arg>
<arg>MK</arg>
<arg>ML</arg>
<arg>MM</arg>
<arg>MN</arg>
<arg>MO</arg>
<arg>MP</arg>
<arg>MQ</arg>
<arg>MR</arg>
<arg>MS</arg>
<arg>MT</arg>
<arg>MU</arg>
<arg>MV</arg>
<arg>MW</arg>
<arg>MX</arg>
<arg>MY</arg>
<arg>MZ</arg>
<arg>NA</arg>
<arg>NC</arg>
<arg>NE</arg>
<arg>NF</arg>
<arg>NG</arg>
<arg>NI</arg>
<arg>NL</arg>
<arg>NO</arg>
<arg>NP</arg>
<arg>NR</arg>
<arg>NU</arg>
<arg>NZ</arg>
<arg>OM</arg>
<arg>PA</arg>
<arg>PE</arg>
<arg>PF</arg>
<arg>PG</arg>
<arg>PH</arg>
<arg>PK</arg>
<arg>PL</arg>
<arg>PM</arg>
<arg>PN</arg>
<arg>PR</arg>
<arg>PS</arg>
<arg>PT</arg>
<arg>PW</arg>
<arg>PY</arg>
<arg>QA</arg>
<arg>RE</arg>
<arg>RO</arg>
<arg>RS</arg>
<arg>RU</arg>
<arg>RW</arg>
<arg>SA</arg>
<arg>SB</arg>
<arg>SC</arg>
<arg>SD</arg>
<arg>SE</arg>
<arg>SG</arg>
<arg>SH</arg>
<arg>SI</arg>
<arg>SJ</arg>
<arg>SK</arg>
<arg>SL</arg>
<arg>SM</arg>
<arg>SN</arg>
<arg>SO</arg>
<arg>SR</arg>
<arg>SS</arg>
<arg>ST</arg>
<arg>SV</arg>
<arg>SX</arg>
<arg>SY</arg>
<arg>SZ</arg>
<arg>TC</arg>
<arg>TD</arg>
<arg>TF</arg>
<arg>TG</arg>
<arg>TH</arg>
<arg>TJ</arg>
<arg>TK</arg>
<arg>TL</arg>
<arg>TM</arg>
<arg>TN</arg>
<arg>TO</arg>
<arg>TR</arg>
<arg>TT</arg>
<arg>TV</arg>
<arg>TW</arg>
<arg>TZ</arg>
<arg>UA</arg>
<arg>UG</arg>
<arg>UM</arg>
<arg>US</arg>
<arg>UY</arg>
<arg>UZ</arg>
<arg>VA</arg>
<arg>VC</arg>
<arg>VE</arg>
<arg>VG</arg>
<arg>VI</arg>
<arg>VN</arg>
<arg>VU</arg>
<arg>WF</arg>
<arg>WS</arg>
<arg>XK</arg>
<arg>YE</arg>
<arg>YT</arg>
<arg>ZA</arg>
<arg>ZM</arg>
<arg>ZW</arg>
<doc>Returns a list containing given items.</doc>
<status status="PASS" start="2024-04-18T00:59:37.596617" elapsed="0.000608"/>
</kw>
<kw name="List Should Contain Value" owner="Collections">
<msg time="2024-04-18T00:59:37.598213" level="INFO">False</msg>
<arg>${list_country}</arg>
<arg>${name_country}</arg>
<doc>Fails if the ``value`` is not found from ``list``.</doc>
<status status="PASS" start="2024-04-18T00:59:37.598016" elapsed="0.000233"/>
</kw>
<kw name="Run Keyword If" owner="BuiltIn">
<kw name="Should Be True" owner="BuiltIn">
<arg>${True}</arg>
<doc>Fails if the given condition is not true.</doc>
<status status="PASS" start="2024-04-18T00:59:37.599351" elapsed="0.000143"/>
</kw>
<arg>${json_data["results"][0]["location"]["coordinates"]["latitude"]} &gt;= -90 and ${json_data["results"][0]["location"]["coordinates"]["latitude"]} &lt;= 90</arg>
<arg>Should Be True</arg>
<arg>${True}</arg>
<doc>Runs the given keyword with the given arguments, if ``condition`` is true.</doc>
<status status="PASS" start="2024-04-18T00:59:37.598588" elapsed="0.001040"/>
</kw>
<kw name="Run Keyword If" owner="BuiltIn">
<kw name="Should Be True" owner="BuiltIn">
<arg>${True}</arg>
<doc>Fails if the given condition is not true.</doc>
<status status="PASS" start="2024-04-18T00:59:37.600515" elapsed="0.000250"/>
</kw>
<arg>${json_data["results"][0]["location"]["coordinates"]["longitude"]} &gt;= -180 and ${json_data["results"][0]["location"]["coordinates"]["longitude"]} &lt;= 180</arg>
<arg>Should Be True</arg>
<arg>${True}</arg>
<doc>Runs the given keyword with the given arguments, if ``condition`` is true.</doc>
<status status="PASS" start="2024-04-18T00:59:37.599813" elapsed="0.001079"/>
</kw>
<status status="PASS" start="2024-04-18T00:59:37.495473" elapsed="0.105548"/>
</kw>
<doc>Testa o conteúdo específico dos campos retornados pela API.</doc>
<tag>testeConteudo</tag>
<status status="PASS" start="2024-04-18T00:59:37.494951" elapsed="0.106217"/>
</test>
<status status="PASS" start="2024-04-18T00:59:36.538898" elapsed="1.064226"/>
</suite>
<status status="PASS" start="2024-04-18T00:59:36.525170" elapsed="1.083016"/>
</suite>
<statistics>
<total>
<stat pass="5" fail="0" skip="0">All Tests</stat>
</total>
<tag>
<stat pass="1" fail="0" skip="0">testeConteudo</stat>
<stat pass="1" fail="0" skip="0">testeEstruturaResposta</stat>
<stat pass="1" fail="0" skip="0">testeRequisicaoBasica</stat>
<stat pass="1" fail="0" skip="0">testeTiposDados</stat>
</tag>
<suite>
<stat pass="5" fail="0" skip="0" id="s1" name="Tests">Tests</stat>
<stat pass="5" fail="0" skip="0" id="s1-s1" name="Random-User-Test">Tests.Random-User-Test</stat>
</suite>
</statistics>
<errors>
</errors>
</robot>
