<?xml version="1.0" encoding="UTF-8"?>
<robot generator="Robot 7.0.1 (Python 3.12.4 on linux)" generated="2024-07-27T06:19:22.582518" rpa="false" schemaversion="5">
<suite id="s1" name="Tests" source="/home/runner/work/ApiRandomUser/ApiRandomUser/RamdonUser/tests">
<suite id="s1-s1" name="Random-User-Test" source="/home/runner/work/ApiRandomUser/ApiRandomUser/RamdonUser/tests/random-user-test.robot">
<test id="s1-s1-t1" name="Conectar" line="13">
<kw name="Conectar API" owner="random-user-service">
<kw name="Create Session" owner="RequestsLibrary">
<msg time="2024-07-27T06:19:23.021827" level="INFO">Creating Session using : alias=consultarAPI, url=https://randomuser.me/, headers={},                     cookies={}, auth=None, timeout=None, proxies=None, verify=False,                     debug=0 </msg>
<arg>consultarAPI</arg>
<arg>${URL}</arg>
<doc>Create Session: create a HTTP session to a server</doc>
<status status="PASS" start="2024-07-27T06:19:23.021631" elapsed="0.000369"/>
</kw>
<status status="PASS" start="2024-07-27T06:19:23.020612" elapsed="0.001739"/>
</kw>
<status status="PASS" start="2024-07-27T06:19:23.020102" elapsed="0.002523"/>
</test>
<test id="s1-s1-t2" name="Validar retorno 200 e JSON Válido" line="16">
<kw name="Teste de Requisicao Basica" owner="random-user-service">
<kw name="GET On Session" owner="RequestsLibrary">
<msg time="2024-07-27T06:19:23.254547" level="INFO">GET Request : url=https://randomuser.me/api 
 path_url=/api 
 headers={'User-Agent': 'python-requests/2.32.3', 'Accept-Encoding': 'gzip, deflate', 'Accept': '*/*', 'Connection': 'keep-alive'} 
 body=None 
 </msg>
<msg time="2024-07-27T06:19:23.254725" level="INFO">GET Response : url=https://randomuser.me/api 
 status=200, reason=OK 
 headers={'Date': 'Sat, 27 Jul 2024 06:19:23 GMT', 'Content-Type': 'application/json; charset=utf-8', 'Transfer-Encoding': 'chunked', 'Connection': 'keep-alive', 'X-Powered-By': 'Express', 'Access-Control-Allow-Origin': '*', 'Cache-Control': 'no-cache', 'ETag': 'W/"47c-Meir3Txb/xQeehJr45VED6PFMTc"', 'Vary': 'Accept-Encoding', 'Content-Encoding': 'gzip', 'CF-Cache-Status': 'DYNAMIC', 'Report-To': '{"endpoints":[{"url":"https:\\/\\/a.nel.cloudflare.com\\/report\\/v4?s=RuCt%2BCG3gsLgzuc8hjuv3pWZXAI57bmD2X2Xi1JmGcH29qEYm6nabwNb758yTwROkDNoNKGaNB6G3Mg%2BkRSwSYv9pGk53AzxRcK6DlcNOYu8docTzam6tjZoKKkeAcfZ"}],"group":"cf-nel","max_age":604800}', 'NEL': '{"success_fraction":0,"report_to":"cf-nel","max_age":604800}', 'Server': 'cloudflare', 'CF-RAY': '8a9a847e0d170606-IAD', 'alt-svc': 'h3=":443"; ma=86400'} 
 body={"results":[{"gender":"female","name":{"title":"Miss","first":"Sadie","last":"Wang"},"location":{"street":{"number":2506,"name":"Innes Road"},"city":"Gisborne","state":"Nelson","country":"New Zealand","postcode":50407,"coordinates":{"latitude":"51.0254","longitude":"172.5047"},"timezone":{"offset":"+7:00","description":"Bangkok, Hanoi, Jakarta"}},"email":"sadie.wang@example.com","login":{"uuid":"dd0c4627-7a61-46ab-be82-d64cbca64483","username":"blacksnake468","password":"knickers","salt":"PAfxOTm3","md5":"ce7382353d16938547cae1c94d246ba8","sha1":"ee17dc7821a08df04a0eb82f313f3ca657402fb0","sha256":"1c790dde2f1b32a6db50b569da6f50ae7ee05221e80bdb47df3fde1de17bf93e"},"dob":{"date":"1961-01-01T13:09:23.691Z","age":63},"registered":{"date":"2018-04-18T03:45:22.482Z","age":6},"phone":"(864)-225-2952","cell":"(066)-378-9168","id":{"name":"","value":null},"picture":{"large":"https://randomuser.me/api/portraits/women/69.jpg","medium":"https://randomuser.me/api/portraits/med/women/69.jpg","thumbnail":"https://randomuser.me/api/portraits/thumb/women/69.jpg"},"nat":"NZ"}],"info":{"seed":"03f5bcd86426dcaf","results":1,"page":1,"version":"1.4"}} 
 </msg>
<msg time="2024-07-27T06:19:23.254803" level="INFO">/opt/hostedtoolcache/Python/3.12.4/x64/lib/python3.12/site-packages/urllib3/connectionpool.py:1099: InsecureRequestWarning: Unverified HTTPS request is being made to host 'randomuser.me'. Adding certificate verification is strongly advised. See: https://urllib3.readthedocs.io/en/latest/advanced-usage.html#tls-warnings
  warnings.warn(</msg>
<msg time="2024-07-27T06:19:23.254940" level="INFO">${response} = &lt;Response [200]&gt;</msg>
<var>${response}</var>
<arg>consultarAPI</arg>
<arg>/api</arg>
<doc>Sends a GET request on a previously created HTTP Session.</doc>
<status status="PASS" start="2024-07-27T06:19:23.025200" elapsed="0.229781"/>
</kw>
<kw name="Should Be Equal As Numbers" owner="BuiltIn">
<msg time="2024-07-27T06:19:23.255935" level="INFO">Argument types are:
&lt;class 'int'&gt;
&lt;class 'str'&gt;</msg>
<arg>${response.status_code}</arg>
<arg>200</arg>
<doc>Fails if objects are unequal after converting them to real numbers.</doc>
<status status="PASS" start="2024-07-27T06:19:23.255469" elapsed="0.000530"/>
</kw>
<kw name="Log" owner="BuiltIn">
<msg time="2024-07-27T06:19:23.256666" level="INFO">200</msg>
<arg>${response.status_code}</arg>
<doc>Logs the given message with the given level.</doc>
<status status="PASS" start="2024-07-27T06:19:23.256316" elapsed="0.000394"/>
</kw>
<kw name="Set Variable" owner="BuiltIn">
<msg time="2024-07-27T06:19:23.257449" level="INFO">${json_data} = {'results': [{'gender': 'female', 'name': {'title': 'Miss', 'first': 'Sadie', 'last': 'Wang'}, 'location': {'street': {'number': 2506, 'name': 'Innes Road'}, 'city': 'Gisborne', 'state': 'Nelson', 'co...</msg>
<var>${json_data}</var>
<arg>${response.json()}</arg>
<doc>Returns the given values which can then be assigned to a variables.</doc>
<status status="PASS" start="2024-07-27T06:19:23.257014" elapsed="0.000463"/>
</kw>
<kw name="Dictionary Should Contain Key" owner="Collections">
<arg>${json_data}</arg>
<arg>results</arg>
<doc>Fails if ``key`` is not found from ``dictionary``.</doc>
<status status="PASS" start="2024-07-27T06:19:23.257779" elapsed="0.000317"/>
</kw>
<status status="PASS" start="2024-07-27T06:19:23.024948" elapsed="0.233305"/>
</kw>
<doc>Testa se a API responde corretamente e retorna um objeto JSON válido.</doc>
<tag>testeRequisicaoBasica</tag>
<status status="PASS" start="2024-07-27T06:19:23.024474" elapsed="0.233982"/>
</test>
<test id="s1-s1-t3" name="Validar estrutura de resposta" line="22">
<kw name="Teste de Estrutura de Resposta" owner="random-user-service">
<kw name="GET On Session" owner="RequestsLibrary">
<msg time="2024-07-27T06:19:23.346361" level="INFO">GET Request : url=https://randomuser.me/api 
 path_url=/api 
 headers={'User-Agent': 'python-requests/2.32.3', 'Accept-Encoding': 'gzip, deflate', 'Accept': '*/*', 'Connection': 'keep-alive'} 
 body=None 
 </msg>
<msg time="2024-07-27T06:19:23.346470" level="INFO">GET Response : url=https://randomuser.me/api 
 status=200, reason=OK 
 headers={'Date': 'Sat, 27 Jul 2024 06:19:23 GMT', 'Content-Type': 'application/json; charset=utf-8', 'Transfer-Encoding': 'chunked', 'Connection': 'keep-alive', 'X-Powered-By': 'Express', 'Access-Control-Allow-Origin': '*', 'Cache-Control': 'no-cache', 'ETag': 'W/"467-+YFOLeI2goaGjzGnZ2zK4e6SO7A"', 'Vary': 'Accept-Encoding', 'Content-Encoding': 'gzip', 'CF-Cache-Status': 'DYNAMIC', 'Report-To': '{"endpoints":[{"url":"https:\\/\\/a.nel.cloudflare.com\\/report\\/v4?s=8rxh7TS2qz%2F6vrvEBjqytubg%2FGXeBMO9FBVyXoucPUH3GqCSVM3hyG8d96qiSx54U3Tiomt4UyazNJVhYyBjJiw1vkS%2B8fxLz1G%2BkZaPhKwfUe1zHxgOvwD5d6EDqUdp"}],"group":"cf-nel","max_age":604800}', 'NEL': '{"success_fraction":0,"report_to":"cf-nel","max_age":604800}', 'Server': 'cloudflare', 'CF-RAY': '8a9a847e6d780606-IAD', 'alt-svc': 'h3=":443"; ma=86400'} 
 body={"results":[{"gender":"male","name":{"title":"Mr","first":"Domas","last":"Xu"},"location":{"street":{"number":6930,"name":"Frederik Haslunds gate"},"city":"Foldrøy","state":"Sør-Trøndelag","country":"Norway","postcode":"9370","coordinates":{"latitude":"42.6458","longitude":"-9.6477"},"timezone":{"offset":"-10:00","description":"Hawaii"}},"email":"domas.xu@example.com","login":{"uuid":"3f1b32cc-1511-468c-a072-377ee2731245","username":"lazydog290","password":"1017","salt":"euefxFV6","md5":"d78322cb2c387b8d4f0cae8b4941442b","sha1":"ae1663377569602173206cf1a82b880435738321","sha256":"a1c7dc3f317ff31320a3526fa3f68af131dca37cf61793be6a40339a3ffd2ff1"},"dob":{"date":"1972-11-01T02:30:46.478Z","age":51},"registered":{"date":"2011-12-05T12:52:17.267Z","age":12},"phone":"81420123","cell":"45875347","id":{"name":"FN","value":"01117227525"},"picture":{"large":"https://randomuser.me/api/portraits/men/89.jpg","medium":"https://randomuser.me/api/portraits/med/men/89.jpg","thumbnail":"https://randomuser.me/api/portraits/thumb/men/89.jpg"},"nat":"NO"}],"info":{"seed":"f1cb51a2e1a68b39","results":1,"page":1,"version":"1.4"}} 
 </msg>
<msg time="2024-07-27T06:19:23.346596" level="INFO">/opt/hostedtoolcache/Python/3.12.4/x64/lib/python3.12/site-packages/urllib3/connectionpool.py:1099: InsecureRequestWarning: Unverified HTTPS request is being made to host 'randomuser.me'. Adding certificate verification is strongly advised. See: https://urllib3.readthedocs.io/en/latest/advanced-usage.html#tls-warnings
  warnings.warn(</msg>
<msg time="2024-07-27T06:19:23.346709" level="INFO">${response} = &lt;Response [200]&gt;</msg>
<var>${response}</var>
<arg>consultarAPI</arg>
<arg>/api</arg>
<doc>Sends a GET request on a previously created HTTP Session.</doc>
<status status="PASS" start="2024-07-27T06:19:23.261005" elapsed="0.085751"/>
</kw>
<kw name="Set Variable" owner="BuiltIn">
<msg time="2024-07-27T06:19:23.347579" level="INFO">${json_data} = {'results': [{'gender': 'male', 'name': {'title': 'Mr', 'first': 'Domas', 'last': 'Xu'}, 'location': {'street': {'number': 6930, 'name': 'Frederik Haslunds gate'}, 'city': 'Foldrøy', 'state': 'Sør-Trø...</msg>
<var>${json_data}</var>
<arg>${response.json()}</arg>
<doc>Returns the given values which can then be assigned to a variables.</doc>
<status status="PASS" start="2024-07-27T06:19:23.347140" elapsed="0.000470"/>
</kw>
<kw name="Log" owner="BuiltIn">
<msg time="2024-07-27T06:19:23.348073" level="INFO">{'results': [{'gender': 'male', 'name': {'title': 'Mr', 'first': 'Domas', 'last': 'Xu'}, 'location': {'street': {'number': 6930, 'name': 'Frederik Haslunds gate'}, 'city': 'Foldrøy', 'state': 'Sør-Trøndelag', 'country': 'Norway', 'postcode': '9370', 'coordinates': {'latitude': '42.6458', 'longitude': '-9.6477'}, 'timezone': {'offset': '-10:00', 'description': 'Hawaii'}}, 'email': 'domas.xu@example.com', 'login': {'uuid': '3f1b32cc-1511-468c-a072-377ee2731245', 'username': 'lazydog290', 'password': '1017', 'salt': 'euefxFV6', 'md5': 'd78322cb2c387b8d4f0cae8b4941442b', 'sha1': 'ae1663377569602173206cf1a82b880435738321', 'sha256': 'a1c7dc3f317ff31320a3526fa3f68af131dca37cf61793be6a40339a3ffd2ff1'}, 'dob': {'date': '1972-11-01T02:30:46.478Z', 'age': 51}, 'registered': {'date': '2011-12-05T12:52:17.267Z', 'age': 12}, 'phone': '81420123', 'cell': '45875347', 'id': {'name': 'FN', 'value': '01117227525'}, 'picture': {'large': 'https://randomuser.me/api/portraits/men/89.jpg', 'medium': 'https://randomuser.me/api/portraits/med/men/89.jpg', 'thumbnail': 'https://randomuser.me/api/portraits/thumb/men/89.jpg'}, 'nat': 'NO'}], 'info': {'seed': 'f1cb51a2e1a68b39', 'results': 1, 'page': 1, 'version': '1.4'}}</msg>
<arg>${json_data}</arg>
<doc>Logs the given message with the given level.</doc>
<status status="PASS" start="2024-07-27T06:19:23.347909" elapsed="0.000218"/>
</kw>
<kw name="Dictionary Should Contain Key" owner="Collections">
<arg>${json_data}</arg>
<arg>results</arg>
<doc>Fails if ``key`` is not found from ``dictionary``.</doc>
<status status="PASS" start="2024-07-27T06:19:23.348414" elapsed="0.000162"/>
</kw>
<kw name="Should Not Be Empty" owner="BuiltIn">
<msg time="2024-07-27T06:19:23.348881" level="INFO">Length is 2.</msg>
<arg>${json_data}</arg>
<doc>Verifies that the given item is not empty.</doc>
<status status="PASS" start="2024-07-27T06:19:23.348757" elapsed="0.000167"/>
</kw>
<kw name="Create List" owner="BuiltIn">
<msg time="2024-07-27T06:19:23.349358" level="INFO">${expected_keys} = ['gender', 'name', 'location', 'email', 'login']</msg>
<var>${expected_keys}</var>
<arg>gender</arg>
<arg>name</arg>
<arg>location</arg>
<arg>email</arg>
<arg>login</arg>
<doc>Returns a list containing given items.</doc>
<status status="PASS" start="2024-07-27T06:19:23.349207" elapsed="0.000175"/>
</kw>
<for flavor="IN">
<iter>
<kw name="Dictionary Should Contain Key" owner="Collections">
<arg>${json_data['results'][0]}</arg>
<arg>${key}</arg>
<doc>Fails if ``key`` is not found from ``dictionary``.</doc>
<status status="PASS" start="2024-07-27T06:19:23.349964" elapsed="0.000396"/>
</kw>
<kw name="Log" owner="BuiltIn">
<msg time="2024-07-27T06:19:23.350934" level="INFO">{'gender': 'male', 'name': {'title': 'Mr', 'first': 'Domas', 'last': 'Xu'}, 'location': {'street': {'number': 6930, 'name': 'Frederik Haslunds gate'}, 'city': 'Foldrøy', 'state': 'Sør-Trøndelag', 'country': 'Norway', 'postcode': '9370', 'coordinates': {'latitude': '42.6458', 'longitude': '-9.6477'}, 'timezone': {'offset': '-10:00', 'description': 'Hawaii'}}, 'email': 'domas.xu@example.com', 'login': {'uuid': '3f1b32cc-1511-468c-a072-377ee2731245', 'username': 'lazydog290', 'password': '1017', 'salt': 'euefxFV6', 'md5': 'd78322cb2c387b8d4f0cae8b4941442b', 'sha1': 'ae1663377569602173206cf1a82b880435738321', 'sha256': 'a1c7dc3f317ff31320a3526fa3f68af131dca37cf61793be6a40339a3ffd2ff1'}, 'dob': {'date': '1972-11-01T02:30:46.478Z', 'age': 51}, 'registered': {'date': '2011-12-05T12:52:17.267Z', 'age': 12}, 'phone': '81420123', 'cell': '45875347', 'id': {'name': 'FN', 'value': '01117227525'}, 'picture': {'large': 'https://randomuser.me/api/portraits/men/89.jpg', 'medium': 'https://randomuser.me/api/portraits/med/men/89.jpg', 'thumbnail': 'https://randomuser.me/api/portraits/thumb/men/89.jpg'}, 'nat': 'NO'}</msg>
<arg>${json_data['results'][0]}</arg>
<doc>Logs the given message with the given level.</doc>
<status status="PASS" start="2024-07-27T06:19:23.350579" elapsed="0.000403"/>
</kw>
<kw name="Log" owner="BuiltIn">
<msg time="2024-07-27T06:19:23.351400" level="INFO">gender</msg>
<arg>${key}</arg>
<doc>Logs the given message with the given level.</doc>
<status status="PASS" start="2024-07-27T06:19:23.351272" elapsed="0.000166"/>
</kw>
<var name="${key}">gender</var>
<status status="PASS" start="2024-07-27T06:19:23.349835" elapsed="0.001815"/>
</iter>
<iter>
<kw name="Dictionary Should Contain Key" owner="Collections">
<arg>${json_data['results'][0]}</arg>
<arg>${key}</arg>
<doc>Fails if ``key`` is not found from ``dictionary``.</doc>
<status status="PASS" start="2024-07-27T06:19:23.351940" elapsed="0.000381"/>
</kw>
<kw name="Log" owner="BuiltIn">
<msg time="2024-07-27T06:19:23.352857" level="INFO">{'gender': 'male', 'name': {'title': 'Mr', 'first': 'Domas', 'last': 'Xu'}, 'location': {'street': {'number': 6930, 'name': 'Frederik Haslunds gate'}, 'city': 'Foldrøy', 'state': 'Sør-Trøndelag', 'country': 'Norway', 'postcode': '9370', 'coordinates': {'latitude': '42.6458', 'longitude': '-9.6477'}, 'timezone': {'offset': '-10:00', 'description': 'Hawaii'}}, 'email': 'domas.xu@example.com', 'login': {'uuid': '3f1b32cc-1511-468c-a072-377ee2731245', 'username': 'lazydog290', 'password': '1017', 'salt': 'euefxFV6', 'md5': 'd78322cb2c387b8d4f0cae8b4941442b', 'sha1': 'ae1663377569602173206cf1a82b880435738321', 'sha256': 'a1c7dc3f317ff31320a3526fa3f68af131dca37cf61793be6a40339a3ffd2ff1'}, 'dob': {'date': '1972-11-01T02:30:46.478Z', 'age': 51}, 'registered': {'date': '2011-12-05T12:52:17.267Z', 'age': 12}, 'phone': '81420123', 'cell': '45875347', 'id': {'name': 'FN', 'value': '01117227525'}, 'picture': {'large': 'https://randomuser.me/api/portraits/men/89.jpg', 'medium': 'https://randomuser.me/api/portraits/med/men/89.jpg', 'thumbnail': 'https://randomuser.me/api/portraits/thumb/men/89.jpg'}, 'nat': 'NO'}</msg>
<arg>${json_data['results'][0]}</arg>
<doc>Logs the given message with the given level.</doc>
<status status="PASS" start="2024-07-27T06:19:23.352502" elapsed="0.000435"/>
</kw>
<kw name="Log" owner="BuiltIn">
<msg time="2024-07-27T06:19:23.353378" level="INFO">name</msg>
<arg>${key}</arg>
<doc>Logs the given message with the given level.</doc>
<status status="PASS" start="2024-07-27T06:19:23.353249" elapsed="0.000167"/>
</kw>
<var name="${key}">name</var>
<status status="PASS" start="2024-07-27T06:19:23.351830" elapsed="0.001800"/>
</iter>
<iter>
<kw name="Dictionary Should Contain Key" owner="Collections">
<arg>${json_data['results'][0]}</arg>
<arg>${key}</arg>
<doc>Fails if ``key`` is not found from ``dictionary``.</doc>
<status status="PASS" start="2024-07-27T06:19:23.353910" elapsed="0.000374"/>
</kw>
<kw name="Log" owner="BuiltIn">
<msg time="2024-07-27T06:19:23.354843" level="INFO">{'gender': 'male', 'name': {'title': 'Mr', 'first': 'Domas', 'last': 'Xu'}, 'location': {'street': {'number': 6930, 'name': 'Frederik Haslunds gate'}, 'city': 'Foldrøy', 'state': 'Sør-Trøndelag', 'country': 'Norway', 'postcode': '9370', 'coordinates': {'latitude': '42.6458', 'longitude': '-9.6477'}, 'timezone': {'offset': '-10:00', 'description': 'Hawaii'}}, 'email': 'domas.xu@example.com', 'login': {'uuid': '3f1b32cc-1511-468c-a072-377ee2731245', 'username': 'lazydog290', 'password': '1017', 'salt': 'euefxFV6', 'md5': 'd78322cb2c387b8d4f0cae8b4941442b', 'sha1': 'ae1663377569602173206cf1a82b880435738321', 'sha256': 'a1c7dc3f317ff31320a3526fa3f68af131dca37cf61793be6a40339a3ffd2ff1'}, 'dob': {'date': '1972-11-01T02:30:46.478Z', 'age': 51}, 'registered': {'date': '2011-12-05T12:52:17.267Z', 'age': 12}, 'phone': '81420123', 'cell': '45875347', 'id': {'name': 'FN', 'value': '01117227525'}, 'picture': {'large': 'https://randomuser.me/api/portraits/men/89.jpg', 'medium': 'https://randomuser.me/api/portraits/med/men/89.jpg', 'thumbnail': 'https://randomuser.me/api/portraits/thumb/men/89.jpg'}, 'nat': 'NO'}</msg>
<arg>${json_data['results'][0]}</arg>
<doc>Logs the given message with the given level.</doc>
<status status="PASS" start="2024-07-27T06:19:23.354494" elapsed="0.000398"/>
</kw>
<kw name="Log" owner="BuiltIn">
<msg time="2024-07-27T06:19:23.355308" level="INFO">location</msg>
<arg>${key}</arg>
<doc>Logs the given message with the given level.</doc>
<status status="PASS" start="2024-07-27T06:19:23.355181" elapsed="0.000165"/>
</kw>
<var name="${key}">location</var>
<status status="PASS" start="2024-07-27T06:19:23.353803" elapsed="0.001762"/>
</iter>
<iter>
<kw name="Dictionary Should Contain Key" owner="Collections">
<arg>${json_data['results'][0]}</arg>
<arg>${key}</arg>
<doc>Fails if ``key`` is not found from ``dictionary``.</doc>
<status status="PASS" start="2024-07-27T06:19:23.355839" elapsed="0.000382"/>
</kw>
<kw name="Log" owner="BuiltIn">
<msg time="2024-07-27T06:19:23.356874" level="INFO">{'gender': 'male', 'name': {'title': 'Mr', 'first': 'Domas', 'last': 'Xu'}, 'location': {'street': {'number': 6930, 'name': 'Frederik Haslunds gate'}, 'city': 'Foldrøy', 'state': 'Sør-Trøndelag', 'country': 'Norway', 'postcode': '9370', 'coordinates': {'latitude': '42.6458', 'longitude': '-9.6477'}, 'timezone': {'offset': '-10:00', 'description': 'Hawaii'}}, 'email': 'domas.xu@example.com', 'login': {'uuid': '3f1b32cc-1511-468c-a072-377ee2731245', 'username': 'lazydog290', 'password': '1017', 'salt': 'euefxFV6', 'md5': 'd78322cb2c387b8d4f0cae8b4941442b', 'sha1': 'ae1663377569602173206cf1a82b880435738321', 'sha256': 'a1c7dc3f317ff31320a3526fa3f68af131dca37cf61793be6a40339a3ffd2ff1'}, 'dob': {'date': '1972-11-01T02:30:46.478Z', 'age': 51}, 'registered': {'date': '2011-12-05T12:52:17.267Z', 'age': 12}, 'phone': '81420123', 'cell': '45875347', 'id': {'name': 'FN', 'value': '01117227525'}, 'picture': {'large': 'https://randomuser.me/api/portraits/men/89.jpg', 'medium': 'https://randomuser.me/api/portraits/med/men/89.jpg', 'thumbnail': 'https://randomuser.me/api/portraits/thumb/men/89.jpg'}, 'nat': 'NO'}</msg>
<arg>${json_data['results'][0]}</arg>
<doc>Logs the given message with the given level.</doc>
<status status="PASS" start="2024-07-27T06:19:23.356518" elapsed="0.000414"/>
</kw>
<kw name="Log" owner="BuiltIn">
<msg time="2024-07-27T06:19:23.357356" level="INFO">email</msg>
<arg>${key}</arg>
<doc>Logs the given message with the given level.</doc>
<status status="PASS" start="2024-07-27T06:19:23.357227" elapsed="0.000167"/>
</kw>
<var name="${key}">email</var>
<status status="PASS" start="2024-07-27T06:19:23.355733" elapsed="0.001884"/>
</iter>
<iter>
<kw name="Dictionary Should Contain Key" owner="Collections">
<arg>${json_data['results'][0]}</arg>
<arg>${key}</arg>
<doc>Fails if ``key`` is not found from ``dictionary``.</doc>
<status status="PASS" start="2024-07-27T06:19:23.357895" elapsed="0.000382"/>
</kw>
<kw name="Log" owner="BuiltIn">
<msg time="2024-07-27T06:19:23.358827" level="INFO">{'gender': 'male', 'name': {'title': 'Mr', 'first': 'Domas', 'last': 'Xu'}, 'location': {'street': {'number': 6930, 'name': 'Frederik Haslunds gate'}, 'city': 'Foldrøy', 'state': 'Sør-Trøndelag', 'country': 'Norway', 'postcode': '9370', 'coordinates': {'latitude': '42.6458', 'longitude': '-9.6477'}, 'timezone': {'offset': '-10:00', 'description': 'Hawaii'}}, 'email': 'domas.xu@example.com', 'login': {'uuid': '3f1b32cc-1511-468c-a072-377ee2731245', 'username': 'lazydog290', 'password': '1017', 'salt': 'euefxFV6', 'md5': 'd78322cb2c387b8d4f0cae8b4941442b', 'sha1': 'ae1663377569602173206cf1a82b880435738321', 'sha256': 'a1c7dc3f317ff31320a3526fa3f68af131dca37cf61793be6a40339a3ffd2ff1'}, 'dob': {'date': '1972-11-01T02:30:46.478Z', 'age': 51}, 'registered': {'date': '2011-12-05T12:52:17.267Z', 'age': 12}, 'phone': '81420123', 'cell': '45875347', 'id': {'name': 'FN', 'value': '01117227525'}, 'picture': {'large': 'https://randomuser.me/api/portraits/men/89.jpg', 'medium': 'https://randomuser.me/api/portraits/med/men/89.jpg', 'thumbnail': 'https://randomuser.me/api/portraits/thumb/men/89.jpg'}, 'nat': 'NO'}</msg>
<arg>${json_data['results'][0]}</arg>
<doc>Logs the given message with the given level.</doc>
<status status="PASS" start="2024-07-27T06:19:23.358479" elapsed="0.000397"/>
</kw>
<kw name="Log" owner="BuiltIn">
<msg time="2024-07-27T06:19:23.359292" level="INFO">login</msg>
<arg>${key}</arg>
<doc>Logs the given message with the given level.</doc>
<status status="PASS" start="2024-07-27T06:19:23.359165" elapsed="0.000165"/>
</kw>
<var name="${key}">login</var>
<status status="PASS" start="2024-07-27T06:19:23.357788" elapsed="0.001757"/>
</iter>
<var>${key}</var>
<value>@{expected_keys}</value>
<status status="PASS" start="2024-07-27T06:19:23.349654" elapsed="0.010008"/>
</for>
<kw name="Create List" owner="BuiltIn">
<msg time="2024-07-27T06:19:23.359982" level="INFO">${expected_keysTwo} = ['username', 'password']</msg>
<var>${expected_keysTwo}</var>
<arg>username</arg>
<arg>password</arg>
<doc>Returns a list containing given items.</doc>
<status status="PASS" start="2024-07-27T06:19:23.359848" elapsed="0.000158"/>
</kw>
<for flavor="IN">
<iter>
<kw name="Dictionary Should Contain Key" owner="Collections">
<arg>${json_data['results'][0]['login']}</arg>
<arg>${keyTwo}</arg>
<doc>Fails if ``key`` is not found from ``dictionary``.</doc>
<status status="PASS" start="2024-07-27T06:19:23.360534" elapsed="0.000383"/>
</kw>
<kw name="Dictionary Should Contain Key" owner="Collections">
<arg>${json_data['results'][0]['login']}</arg>
<arg>${keyTwo}</arg>
<doc>Fails if ``key`` is not found from ``dictionary``.</doc>
<status status="PASS" start="2024-07-27T06:19:23.361098" elapsed="0.000375"/>
</kw>
<kw name="Log" owner="BuiltIn">
<msg time="2024-07-27T06:19:23.361779" level="INFO">username</msg>
<arg>${keyTwo}</arg>
<doc>Logs the given message with the given level.</doc>
<status status="PASS" start="2024-07-27T06:19:23.361660" elapsed="0.000156"/>
</kw>
<var name="${keyTwo}">username</var>
<status status="PASS" start="2024-07-27T06:19:23.360426" elapsed="0.001604"/>
</iter>
<iter>
<kw name="Dictionary Should Contain Key" owner="Collections">
<arg>${json_data['results'][0]['login']}</arg>
<arg>${keyTwo}</arg>
<doc>Fails if ``key`` is not found from ``dictionary``.</doc>
<status status="PASS" start="2024-07-27T06:19:23.362309" elapsed="0.000398"/>
</kw>
<kw name="Dictionary Should Contain Key" owner="Collections">
<arg>${json_data['results'][0]['login']}</arg>
<arg>${keyTwo}</arg>
<doc>Fails if ``key`` is not found from ``dictionary``.</doc>
<status status="PASS" start="2024-07-27T06:19:23.362885" elapsed="0.000364"/>
</kw>
<kw name="Log" owner="BuiltIn">
<msg time="2024-07-27T06:19:23.363553" level="INFO">password</msg>
<arg>${keyTwo}</arg>
<doc>Logs the given message with the given level.</doc>
<status status="PASS" start="2024-07-27T06:19:23.363422" elapsed="0.000169"/>
</kw>
<var name="${keyTwo}">password</var>
<status status="PASS" start="2024-07-27T06:19:23.362199" elapsed="0.001610"/>
</iter>
<var>${keyTwo}</var>
<value>@{expected_keysTwo}</value>
<status status="PASS" start="2024-07-27T06:19:23.360274" elapsed="0.003657"/>
</for>
<status status="PASS" start="2024-07-27T06:19:23.260770" elapsed="0.103298"/>
</kw>
<doc>Testa a estrutura da resposta da API.</doc>
<tag>testeEstruturaResposta</tag>
<status status="PASS" start="2024-07-27T06:19:23.260279" elapsed="0.103937"/>
</test>
<test id="s1-s1-t4" name="Validar tipos de dados" line="28">
<kw name="Teste de Tipos de Dados" owner="random-user-service">
<kw name="GET On Session" owner="RequestsLibrary">
<msg time="2024-07-27T06:19:23.448642" level="INFO">GET Request : url=https://randomuser.me/api 
 path_url=/api 
 headers={'User-Agent': 'python-requests/2.32.3', 'Accept-Encoding': 'gzip, deflate', 'Accept': '*/*', 'Connection': 'keep-alive'} 
 body=None 
 </msg>
<msg time="2024-07-27T06:19:23.448703" level="INFO">GET Response : url=https://randomuser.me/api 
 status=200, reason=OK 
 headers={'Date': 'Sat, 27 Jul 2024 06:19:23 GMT', 'Content-Type': 'application/json; charset=utf-8', 'Transfer-Encoding': 'chunked', 'Connection': 'keep-alive', 'X-Powered-By': 'Express', 'Access-Control-Allow-Origin': '*', 'Cache-Control': 'no-cache', 'ETag': 'W/"490-HfyVrksV+bMZXSfo6adT10gqc+I"', 'Vary': 'Accept-Encoding', 'Content-Encoding': 'gzip', 'CF-Cache-Status': 'DYNAMIC', 'Report-To': '{"endpoints":[{"url":"https:\\/\\/a.nel.cloudflare.com\\/report\\/v4?s=vugXMXBgljOzH6Vt4tH0FLTEANq0Pr4DDjiUs6n1bm41UVXfjACUNNlP3yenIM6cmtGLSpYK7Yq70PiNR6U2MhXr1Y6qjF4LHfu1GhT%2FSkzMeGDdunT5qLYOM8eUxhL%2B"}],"group":"cf-nel","max_age":604800}', 'NEL': '{"success_fraction":0,"report_to":"cf-nel","max_age":604800}', 'Server': 'cloudflare', 'CF-RAY': '8a9a847f0e200606-IAD', 'alt-svc': 'h3=":443"; ma=86400'} 
 body={"results":[{"gender":"male","name":{"title":"Mr","first":"Michał","last":"Essink"},"location":{"street":{"number":8469,"name":"Hoge Mosten"},"city":"Windraak","state":"Noord-Holland","country":"Netherlands","postcode":"9383 HC","coordinates":{"latitude":"36.5540","longitude":"-43.1304"},"timezone":{"offset":"-3:00","description":"Brazil, Buenos Aires, Georgetown"}},"email":"michal.essink@example.com","login":{"uuid":"935dbf90-8261-45e2-88bd-1ac7af209d57","username":"sadswan183","password":"lander","salt":"Fkygx5lV","md5":"b60bdd268ba48f83283c37b8415342ce","sha1":"dac63df14fde2391448881bf107c6776659a4b2b","sha256":"3522148632e1be6b0d21d7134218ee410fd3607e9405e77355c348ff191ef971"},"dob":{"date":"1980-12-05T00:33:14.444Z","age":43},"registered":{"date":"2017-11-28T04:07:12.356Z","age":6},"phone":"(0554) 033570","cell":"(06) 04563954","id":{"name":"BSN","value":"78551911"},"picture":{"large":"https://randomuser.me/api/portraits/men/47.jpg","medium":"https://randomuser.me/api/portraits/med/men/47.jpg","thumbnail":"https://randomuser.me/api/portraits/thumb/men/47.jpg"},"nat":"NL"}],"info":{"seed":"6255a47b89a71abb","results":1,"page":1,"version":"1.4"}} 
 </msg>
<msg time="2024-07-27T06:19:23.448761" level="INFO">/opt/hostedtoolcache/Python/3.12.4/x64/lib/python3.12/site-packages/urllib3/connectionpool.py:1099: InsecureRequestWarning: Unverified HTTPS request is being made to host 'randomuser.me'. Adding certificate verification is strongly advised. See: https://urllib3.readthedocs.io/en/latest/advanced-usage.html#tls-warnings
  warnings.warn(</msg>
<msg time="2024-07-27T06:19:23.448841" level="INFO">${response} = &lt;Response [200]&gt;</msg>
<var>${response}</var>
<arg>consultarAPI</arg>
<arg>/api</arg>
<doc>Sends a GET request on a previously created HTTP Session.</doc>
<status status="PASS" start="2024-07-27T06:19:23.366580" elapsed="0.082303"/>
</kw>
<kw name="Set Variable" owner="BuiltIn">
<msg time="2024-07-27T06:19:23.449697" level="INFO">${json_data} = {'results': [{'gender': 'male', 'name': {'title': 'Mr', 'first': 'Michał', 'last': 'Essink'}, 'location': {'street': {'number': 8469, 'name': 'Hoge Mosten'}, 'city': 'Windraak', 'state': 'Noord-Hollan...</msg>
<var>${json_data}</var>
<arg>${response.json()}</arg>
<doc>Returns the given values which can then be assigned to a variables.</doc>
<status status="PASS" start="2024-07-27T06:19:23.449250" elapsed="0.000476"/>
</kw>
<kw name="Log" owner="BuiltIn">
<msg time="2024-07-27T06:19:23.450175" level="INFO">{'results': [{'gender': 'male', 'name': {'title': 'Mr', 'first': 'Michał', 'last': 'Essink'}, 'location': {'street': {'number': 8469, 'name': 'Hoge Mosten'}, 'city': 'Windraak', 'state': 'Noord-Holland', 'country': 'Netherlands', 'postcode': '9383 HC', 'coordinates': {'latitude': '36.5540', 'longitude': '-43.1304'}, 'timezone': {'offset': '-3:00', 'description': 'Brazil, Buenos Aires, Georgetown'}}, 'email': 'michal.essink@example.com', 'login': {'uuid': '935dbf90-8261-45e2-88bd-1ac7af209d57', 'username': 'sadswan183', 'password': 'lander', 'salt': 'Fkygx5lV', 'md5': 'b60bdd268ba48f83283c37b8415342ce', 'sha1': 'dac63df14fde2391448881bf107c6776659a4b2b', 'sha256': '3522148632e1be6b0d21d7134218ee410fd3607e9405e77355c348ff191ef971'}, 'dob': {'date': '1980-12-05T00:33:14.444Z', 'age': 43}, 'registered': {'date': '2017-11-28T04:07:12.356Z', 'age': 6}, 'phone': '(0554) 033570', 'cell': '(06) 04563954', 'id': {'name': 'BSN', 'value': '78551911'}, 'picture': {'large': 'https://randomuser.me/api/portraits/men/47.jpg', 'medium': 'https://randomuser.me/api/portraits/med/men/47.jpg', 'thumbnail': 'https://randomuser.me/api/portraits/thumb/men/47.jpg'}, 'nat': 'NL'}], 'info': {'seed': '6255a47b89a71abb', 'results': 1, 'page': 1, 'version': '1.4'}}</msg>
<arg>${json_data}</arg>
<doc>Logs the given message with the given level.</doc>
<status status="PASS" start="2024-07-27T06:19:23.450025" elapsed="0.000198"/>
</kw>
<kw name="Should Be String" owner="String">
<arg>${json_data['results'][0]['gender']}</arg>
<doc>Fails if the given ``item`` is not a string.</doc>
<status status="PASS" start="2024-07-27T06:19:23.450541" elapsed="0.000355"/>
</kw>
<kw name="Should Match Regexp" owner="BuiltIn">
<arg>${json_data['results'][0]['email']}</arg>
<arg>^[a-zA-Z0-9._%+-]+@[a-zA-Z0-9.-]+\.[a-zA-Z]{2,}$</arg>
<doc>Fails if ``string`` does not match ``pattern`` as a regular expression.</doc>
<status status="PASS" start="2024-07-27T06:19:23.451081" elapsed="0.000504"/>
</kw>
<kw name="Should Match Regexp" owner="BuiltIn">
<arg>${json_data['results'][0]['dob']['date']}</arg>
<arg>\\d{4}-\\d{2}-\\d{2}T\\d{2}:\\d{2}:\\d{2}\\.\\d{3}Z</arg>
<doc>Fails if ``string`` does not match ``pattern`` as a regular expression.</doc>
<status status="PASS" start="2024-07-27T06:19:23.451809" elapsed="0.000583"/>
</kw>
<kw name="Should Match Regexp" owner="BuiltIn">
<arg>${json_data['results'][0]['registered']['date']}</arg>
<arg>\\d{4}-\\d{2}-\\d{2}T\\d{2}:\\d{2}:\\d{2}\\.\\d{3}Z</arg>
<doc>Fails if ``string`` does not match ``pattern`` as a regular expression.</doc>
<status status="PASS" start="2024-07-27T06:19:23.452582" elapsed="0.000367"/>
</kw>
<kw name="Should Match Regexp" owner="BuiltIn">
<arg>${json_data['results'][0]['picture']['large']}</arg>
<arg>^https?://.*\.(?:png|jpe?g|gif|bmp)$</arg>
<doc>Fails if ``string`` does not match ``pattern`` as a regular expression.</doc>
<status status="PASS" start="2024-07-27T06:19:23.453132" elapsed="0.000452"/>
</kw>
<kw name="Should Match Regexp" owner="BuiltIn">
<arg>${json_data['results'][0]['picture']['medium']}</arg>
<arg>^https?://.*\.(?:png|jpe?g|gif|bmp)$</arg>
<doc>Fails if ``string`` does not match ``pattern`` as a regular expression.</doc>
<status status="PASS" start="2024-07-27T06:19:23.453781" elapsed="0.000350"/>
</kw>
<kw name="Should Match Regexp" owner="BuiltIn">
<arg>${json_data['results'][0]['picture']['thumbnail']}</arg>
<arg>^https?://.*\.(?:png|jpe?g|gif|bmp)$</arg>
<doc>Fails if ``string`` does not match ``pattern`` as a regular expression.</doc>
<status status="PASS" start="2024-07-27T06:19:23.454312" elapsed="0.000376"/>
</kw>
<kw name="Log" owner="BuiltIn">
<msg time="2024-07-27T06:19:23.455188" level="INFO">{'large': 'https://randomuser.me/api/portraits/men/47.jpg', 'medium': 'https://randomuser.me/api/portraits/med/men/47.jpg', 'thumbnail': 'https://randomuser.me/api/portraits/thumb/men/47.jpg'}</msg>
<arg>${json_data['results'][0]['picture']}</arg>
<doc>Logs the given message with the given level.</doc>
<status status="PASS" start="2024-07-27T06:19:23.454867" elapsed="0.000361"/>
</kw>
<status status="PASS" start="2024-07-27T06:19:23.366338" elapsed="0.089143"/>
</kw>
<kw name="Teste de Tipos de Dados - Postcode" owner="random-user-service">
<kw name="GET On Session" owner="RequestsLibrary">
<msg time="2024-07-27T06:19:23.551085" level="INFO">GET Request : url=https://randomuser.me/api 
 path_url=/api 
 headers={'User-Agent': 'python-requests/2.32.3', 'Accept-Encoding': 'gzip, deflate', 'Accept': '*/*', 'Connection': 'keep-alive'} 
 body=None 
 </msg>
<msg time="2024-07-27T06:19:23.551169" level="INFO">GET Response : url=https://randomuser.me/api 
 status=200, reason=OK 
 headers={'Date': 'Sat, 27 Jul 2024 06:19:23 GMT', 'Content-Type': 'application/json; charset=utf-8', 'Transfer-Encoding': 'chunked', 'Connection': 'keep-alive', 'X-Powered-By': 'Express', 'Access-Control-Allow-Origin': '*', 'Cache-Control': 'no-cache', 'ETag': 'W/"49e-7McPs9yE3Q2MmVrDuyWP3Y+CH3U"', 'Vary': 'Accept-Encoding', 'Content-Encoding': 'gzip', 'CF-Cache-Status': 'DYNAMIC', 'Report-To': '{"endpoints":[{"url":"https:\\/\\/a.nel.cloudflare.com\\/report\\/v4?s=R0jCOAdVPn4WRdsu%2F1QXLqb2aGXrwIchazKZuZXFiMTQF%2F2Ia4o93xkO9DV5bnPytxwAgNbY7PvXkydydxa5DZTI67JlDkUVeVLrIA2iU2Ds%2BfA9aB3JH%2FiFvpNcmE3Z"}],"group":"cf-nel","max_age":604800}', 'NEL': '{"success_fraction":0,"report_to":"cf-nel","max_age":604800}', 'Server': 'cloudflare', 'CF-RAY': '8a9a847f9ead0606-IAD', 'alt-svc': 'h3=":443"; ma=86400'} 
 body={"results":[{"gender":"female","name":{"title":"Miss","first":"Maëly","last":"Simon"},"location":{"street":{"number":9792,"name":"Rue Paul-Duvivier"},"city":"Reims","state":"Alpes-de-Haute-Provence","country":"France","postcode":62132,"coordinates":{"latitude":"-16.0734","longitude":"90.6845"},"timezone":{"offset":"-11:00","description":"Midway Island, Samoa"}},"email":"maely.simon@example.com","login":{"uuid":"cf40ffb0-9c6f-41ba-b76c-b98e33988d23","username":"silverpanda607","password":"gabby","salt":"Vx8eRQRC","md5":"e667340ca1a2b1d68d66f3f63c0bd215","sha1":"b2deb3ea97c4b57d449eea9620335a25a5942b04","sha256":"ee2cbfa7a9acbd50a4b25d57649a2bc2215559268fb904b0ee5a66632df7498a"},"dob":{"date":"1974-06-25T17:11:02.726Z","age":50},"registered":{"date":"2020-07-08T09:13:06.174Z","age":4},"phone":"02-55-58-12-93","cell":"06-26-18-69-98","id":{"name":"INSEE","value":"2740516808235 62"},"picture":{"large":"https://randomuser.me/api/portraits/women/20.jpg","medium":"https://randomuser.me/api/portraits/med/women/20.jpg","thumbnail":"https://randomuser.me/api/portraits/thumb/women/20.jpg"},"nat":"FR"}],"info":{"seed":"a69d756851bb214e","results":1,"page":1,"version":"1.4"}} 
 </msg>
<msg time="2024-07-27T06:19:23.551245" level="INFO">/opt/hostedtoolcache/Python/3.12.4/x64/lib/python3.12/site-packages/urllib3/connectionpool.py:1099: InsecureRequestWarning: Unverified HTTPS request is being made to host 'randomuser.me'. Adding certificate verification is strongly advised. See: https://urllib3.readthedocs.io/en/latest/advanced-usage.html#tls-warnings
  warnings.warn(</msg>
<msg time="2024-07-27T06:19:23.551343" level="INFO">${response} = &lt;Response [200]&gt;</msg>
<var>${response}</var>
<arg>consultarAPI</arg>
<arg>/api</arg>
<doc>Sends a GET request on a previously created HTTP Session.</doc>
<status status="PASS" start="2024-07-27T06:19:23.455910" elapsed="0.095463"/>
</kw>
<kw name="Set Variable" owner="BuiltIn">
<msg time="2024-07-27T06:19:23.552184" level="INFO">${json_data} = {'results': [{'gender': 'female', 'name': {'title': 'Miss', 'first': 'Maëly', 'last': 'Simon'}, 'location': {'street': {'number': 9792, 'name': 'Rue Paul-Duvivier'}, 'city': 'Reims', 'state': 'Alpes-d...</msg>
<var>${json_data}</var>
<arg>${response.json()}</arg>
<doc>Returns the given values which can then be assigned to a variables.</doc>
<status status="PASS" start="2024-07-27T06:19:23.551743" elapsed="0.000472"/>
</kw>
<kw name="Log" owner="BuiltIn">
<msg time="2024-07-27T06:19:23.552685" level="INFO">{'results': [{'gender': 'female', 'name': {'title': 'Miss', 'first': 'Maëly', 'last': 'Simon'}, 'location': {'street': {'number': 9792, 'name': 'Rue Paul-Duvivier'}, 'city': 'Reims', 'state': 'Alpes-de-Haute-Provence', 'country': 'France', 'postcode': 62132, 'coordinates': {'latitude': '-16.0734', 'longitude': '90.6845'}, 'timezone': {'offset': '-11:00', 'description': 'Midway Island, Samoa'}}, 'email': 'maely.simon@example.com', 'login': {'uuid': 'cf40ffb0-9c6f-41ba-b76c-b98e33988d23', 'username': 'silverpanda607', 'password': 'gabby', 'salt': 'Vx8eRQRC', 'md5': 'e667340ca1a2b1d68d66f3f63c0bd215', 'sha1': 'b2deb3ea97c4b57d449eea9620335a25a5942b04', 'sha256': 'ee2cbfa7a9acbd50a4b25d57649a2bc2215559268fb904b0ee5a66632df7498a'}, 'dob': {'date': '1974-06-25T17:11:02.726Z', 'age': 50}, 'registered': {'date': '2020-07-08T09:13:06.174Z', 'age': 4}, 'phone': '02-55-58-12-93', 'cell': '06-26-18-69-98', 'id': {'name': 'INSEE', 'value': '2740516808235 62'}, 'picture': {'large': 'https://randomuser.me/api/portraits/women/20.jpg', 'medium': 'https://randomuser.me/api/portraits/med/women/20.jpg', 'thumbnail': 'https://randomuser.me/api/portraits/thumb/women/20.jpg'}, 'nat': 'FR'}], 'info': {'seed': 'a69d756851bb214e', 'results': 1, 'page': 1, 'version': '1.4'}}</msg>
<arg>${json_data}</arg>
<doc>Logs the given message with the given level.</doc>
<status status="PASS" start="2024-07-27T06:19:23.552521" elapsed="0.000225"/>
</kw>
<kw name="Should Be Equal As Numbers" owner="BuiltIn">
<arg>${json_data['results'][0]['location']['postcode']}</arg>
<arg>${json_data['results'][0]['location']['postcode']}</arg>
<doc>Fails if objects are unequal after converting them to real numbers.</doc>
<status status="PASS" start="2024-07-27T06:19:23.553042" elapsed="0.000614"/>
</kw>
<kw name="Log" owner="BuiltIn">
<msg time="2024-07-27T06:19:23.554183" level="INFO">62132</msg>
<arg>${json_data['results'][0]['location']['postcode']}</arg>
<doc>Logs the given message with the given level.</doc>
<status status="PASS" start="2024-07-27T06:19:23.553848" elapsed="0.000376"/>
</kw>
<status status="PASS" start="2024-07-27T06:19:23.455688" elapsed="0.098837"/>
</kw>
<doc>Testa se os tipos de dados na resposta da API estão corretos.</doc>
<tag>testeTiposDados</tag>
<status status="PASS" start="2024-07-27T06:19:23.365922" elapsed="0.188771"/>
</test>
<test id="s1-s1-t5" name="Validar conteudo" line="35">
<kw name="Teste de Tipos de Conteudo" owner="random-user-service">
<kw name="GET On Session" owner="RequestsLibrary">
<msg time="2024-07-27T06:19:23.660223" level="INFO">GET Request : url=https://randomuser.me/api 
 path_url=/api 
 headers={'User-Agent': 'python-requests/2.32.3', 'Accept-Encoding': 'gzip, deflate', 'Accept': '*/*', 'Connection': 'keep-alive'} 
 body=None 
 </msg>
<msg time="2024-07-27T06:19:23.660302" level="INFO">GET Response : url=https://randomuser.me/api 
 status=200, reason=OK 
 headers={'Date': 'Sat, 27 Jul 2024 06:19:23 GMT', 'Content-Type': 'application/json; charset=utf-8', 'Transfer-Encoding': 'chunked', 'Connection': 'keep-alive', 'X-Powered-By': 'Express', 'Access-Control-Allow-Origin': '*', 'Cache-Control': 'no-cache', 'ETag': 'W/"498-xULNAWcpsI4fS8Sd88INS2LmYFg"', 'Vary': 'Accept-Encoding', 'Content-Encoding': 'gzip', 'CF-Cache-Status': 'DYNAMIC', 'Report-To': '{"endpoints":[{"url":"https:\\/\\/a.nel.cloudflare.com\\/report\\/v4?s=H8Wsocuglzvj1zM60Ux5l1pI67M8nK0PBBAN%2B0nZe2RfLTVf1%2BzPu6h%2FhULcQTiyNAK%2F4JWEAR%2BuyVA0GRc62RRh1Z6Rk1mA6%2B2onIRqgBtAfKsBYVMbrG9JWszKtSdf"}],"group":"cf-nel","max_age":604800}', 'NEL': '{"success_fraction":0,"report_to":"cf-nel","max_age":604800}', 'Server': 'cloudflare', 'CF-RAY': '8a9a84803f520606-IAD', 'alt-svc': 'h3=":443"; ma=86400'} 
 body={"results":[{"gender":"female","name":{"title":"Ms","first":"Isabella","last":"Ginnish"},"location":{"street":{"number":9728,"name":"Cedar St"},"city":"South River","state":"Nunavut","country":"Canada","postcode":"I3B 7L2","coordinates":{"latitude":"-72.4730","longitude":"115.3417"},"timezone":{"offset":"+8:00","description":"Beijing, Perth, Singapore, Hong Kong"}},"email":"isabella.ginnish@example.com","login":{"uuid":"85adf3c8-0277-4689-b9ab-0124b75e84d1","username":"sadbear209","password":"partner","salt":"jEEAHJ7K","md5":"939164e39e76662a6313352bc713027a","sha1":"483148243ab52c5544d8dc3c438ebbfec1e3ace1","sha256":"7c7e012ea6aaa9f0f492630925efab37ee8636d5094489ba73b9e8f8c14f4d58"},"dob":{"date":"1953-11-26T20:59:42.518Z","age":70},"registered":{"date":"2008-05-05T23:26:38.107Z","age":16},"phone":"M39 O38-0511","cell":"N41 G27-6051","id":{"name":"SIN","value":"685887598"},"picture":{"large":"https://randomuser.me/api/portraits/women/70.jpg","medium":"https://randomuser.me/api/portraits/med/women/70.jpg","thumbnail":"https://randomuser.me/api/portraits/thumb/women/70.jpg"},"nat":"CA"}],"info":{"seed":"a8f31af6a9278aba","results":1,"page":1,"version":"1.4"}} 
 </msg>
<msg time="2024-07-27T06:19:23.660375" level="INFO">/opt/hostedtoolcache/Python/3.12.4/x64/lib/python3.12/site-packages/urllib3/connectionpool.py:1099: InsecureRequestWarning: Unverified HTTPS request is being made to host 'randomuser.me'. Adding certificate verification is strongly advised. See: https://urllib3.readthedocs.io/en/latest/advanced-usage.html#tls-warnings
  warnings.warn(</msg>
<msg time="2024-07-27T06:19:23.660478" level="INFO">${response} = &lt;Response [200]&gt;</msg>
<var>${response}</var>
<arg>consultarAPI</arg>
<arg>/api</arg>
<doc>Sends a GET request on a previously created HTTP Session.</doc>
<status status="PASS" start="2024-07-27T06:19:23.557020" elapsed="0.103493"/>
</kw>
<kw name="Set Variable" owner="BuiltIn">
<msg time="2024-07-27T06:19:23.661364" level="INFO">${json_data} = {'results': [{'gender': 'female', 'name': {'title': 'Ms', 'first': 'Isabella', 'last': 'Ginnish'}, 'location': {'street': {'number': 9728, 'name': 'Cedar St'}, 'city': 'South River', 'state': 'Nunavut...</msg>
<var>${json_data}</var>
<arg>${response.json()}</arg>
<doc>Returns the given values which can then be assigned to a variables.</doc>
<status status="PASS" start="2024-07-27T06:19:23.660901" elapsed="0.000492"/>
</kw>
<kw name="Set Variable" owner="BuiltIn">
<msg time="2024-07-27T06:19:23.662094" level="INFO">${name_title} = Ms</msg>
<var>${name_title}</var>
<arg>${json_data["results"][0]["name"]["title"]}</arg>
<doc>Returns the given values which can then be assigned to a variables.</doc>
<status status="PASS" start="2024-07-27T06:19:23.661695" elapsed="0.000424"/>
</kw>
<kw name="Create List" owner="BuiltIn">
<msg time="2024-07-27T06:19:23.662596" level="INFO">${allowed_titles} = ['Mr', 'Ms', 'Miss', 'Mrs', 'Madame', 'Monsieur']</msg>
<var>${allowed_titles}</var>
<arg>Mr</arg>
<arg>Ms</arg>
<arg>Miss</arg>
<arg>Mrs</arg>
<arg>Madame</arg>
<arg>Monsieur</arg>
<doc>Returns a list containing given items.</doc>
<status status="PASS" start="2024-07-27T06:19:23.662435" elapsed="0.000186"/>
</kw>
<kw name="List Should Contain Value" owner="Collections">
<arg>${allowed_titles}</arg>
<arg>${name_title}</arg>
<doc>Fails if the ``value`` is not found from ``list``.</doc>
<status status="PASS" start="2024-07-27T06:19:23.662923" elapsed="0.000179"/>
</kw>
<kw name="Set Variable" owner="BuiltIn">
<msg time="2024-07-27T06:19:23.663644" level="INFO">${name_country} = CA</msg>
<var>${name_country}</var>
<arg>${json_data["results"][0]["nat"]}</arg>
<doc>Returns the given values which can then be assigned to a variables.</doc>
<status status="PASS" start="2024-07-27T06:19:23.663279" elapsed="0.000390"/>
</kw>
<kw name="Create List" owner="BuiltIn">
<msg time="2024-07-27T06:19:23.664555" level="INFO">${list_country} = ['AD', 'AE', 'AF', 'AG', 'AI', 'AL', 'AM', 'AO', 'AQ', 'AR', 'AS', 'AT', 'AU', 'AW', 'AX', 'AZ', 'BA', 'BB', 'BD', 'BE', 'BF', 'BG', 'BH', 'BI', 'BJ', 'BL', 'BM', 'BN', 'BO', 'BQ', 'BR', 'BS', 'BT', '...</msg>
<var>${list_country}</var>
<arg>AD</arg>
<arg>AE</arg>
<arg>AF</arg>
<arg>AG</arg>
<arg>AI</arg>
<arg>AL</arg>
<arg>AM</arg>
<arg>AO</arg>
<arg>AQ</arg>
<arg>AR</arg>
<arg>AS</arg>
<arg>AT</arg>
<arg>AU</arg>
<arg>AW</arg>
<arg>AX</arg>
<arg>AZ</arg>
<arg>BA</arg>
<arg>BB</arg>
<arg>BD</arg>
<arg>BE</arg>
<arg>BF</arg>
<arg>BG</arg>
<arg>BH</arg>
<arg>BI</arg>
<arg>BJ</arg>
<arg>BL</arg>
<arg>BM</arg>
<arg>BN</arg>
<arg>BO</arg>
<arg>BQ</arg>
<arg>BR</arg>
<arg>BS</arg>
<arg>BT</arg>
<arg>BV</arg>
<arg>BW</arg>
<arg>BY</arg>
<arg>BZ</arg>
<arg>CA</arg>
<arg>CC</arg>
<arg>CD</arg>
<arg>CF</arg>
<arg>CG</arg>
<arg>CH</arg>
<arg>CI</arg>
<arg>CK</arg>
<arg>CL</arg>
<arg>CM</arg>
<arg>CN</arg>
<arg>CO</arg>
<arg>CR</arg>
<arg>CU</arg>
<arg>CV</arg>
<arg>CW</arg>
<arg>CX</arg>
<arg>CY</arg>
<arg>CZ</arg>
<arg>DE</arg>
<arg>DJ</arg>
<arg>DK</arg>
<arg>DM</arg>
<arg>DO</arg>
<arg>DZ</arg>
<arg>EC</arg>
<arg>EE</arg>
<arg>EG</arg>
<arg>EH</arg>
<arg>ER</arg>
<arg>ES</arg>
<arg>ET</arg>
<arg>FI</arg>
<arg>FJ</arg>
<arg>FK</arg>
<arg>FM</arg>
<arg>FO</arg>
<arg>FR</arg>
<arg>GA</arg>
<arg>GB</arg>
<arg>GD</arg>
<arg>GE</arg>
<arg>GF</arg>
<arg>GG</arg>
<arg>GH</arg>
<arg>GI</arg>
<arg>GL</arg>
<arg>GM</arg>
<arg>GN</arg>
<arg>GP</arg>
<arg>GQ</arg>
<arg>GR</arg>
<arg>GS</arg>
<arg>GT</arg>
<arg>GU</arg>
<arg>GW</arg>
<arg>GY</arg>
<arg>HK</arg>
<arg>HM</arg>
<arg>HN</arg>
<arg>HR</arg>
<arg>HT</arg>
<arg>HU</arg>
<arg>ID</arg>
<arg>IE</arg>
<arg>IL</arg>
<arg>IM</arg>
<arg>IN</arg>
<arg>IO</arg>
<arg>IQ</arg>
<arg>IR</arg>
<arg>IS</arg>
<arg>IT</arg>
<arg>JE</arg>
<arg>JM</arg>
<arg>JO</arg>
<arg>JP</arg>
<arg>KE</arg>
<arg>KG</arg>
<arg>KH</arg>
<arg>KI</arg>
<arg>KM</arg>
<arg>KN</arg>
<arg>KP</arg>
<arg>KR</arg>
<arg>KW</arg>
<arg>KY</arg>
<arg>KZ</arg>
<arg>LA</arg>
<arg>LB</arg>
<arg>LC</arg>
<arg>LI</arg>
<arg>LK</arg>
<arg>LR</arg>
<arg>LS</arg>
<arg>LT</arg>
<arg>LU</arg>
<arg>LV</arg>
<arg>LY</arg>
<arg>MA</arg>
<arg>MC</arg>
<arg>MD</arg>
<arg>ME</arg>
<arg>MF</arg>
<arg>MG</arg>
<arg>MH</arg>
<arg>MK</arg>
<arg>ML</arg>
<arg>MM</arg>
<arg>MN</arg>
<arg>MO</arg>
<arg>MP</arg>
<arg>MQ</arg>
<arg>MR</arg>
<arg>MS</arg>
<arg>MT</arg>
<arg>MU</arg>
<arg>MV</arg>
<arg>MW</arg>
<arg>MX</arg>
<arg>MY</arg>
<arg>MZ</arg>
<arg>NA</arg>
<arg>NC</arg>
<arg>NE</arg>
<arg>NF</arg>
<arg>NG</arg>
<arg>NI</arg>
<arg>NL</arg>
<arg>NO</arg>
<arg>NP</arg>
<arg>NR</arg>
<arg>NU</arg>
<arg>NZ</arg>
<arg>OM</arg>
<arg>PA</arg>
<arg>PE</arg>
<arg>PF</arg>
<arg>PG</arg>
<arg>PH</arg>
<arg>PK</arg>
<arg>PL</arg>
<arg>PM</arg>
<arg>PN</arg>
<arg>PR</arg>
<arg>PS</arg>
<arg>PT</arg>
<arg>PW</arg>
<arg>PY</arg>
<arg>QA</arg>
<arg>RE</arg>
<arg>RO</arg>
<arg>RS</arg>
<arg>RU</arg>
<arg>RW</arg>
<arg>SA</arg>
<arg>SB</arg>
<arg>SC</arg>
<arg>SD</arg>
<arg>SE</arg>
<arg>SG</arg>
<arg>SH</arg>
<arg>SI</arg>
<arg>SJ</arg>
<arg>SK</arg>
<arg>SL</arg>
<arg>SM</arg>
<arg>SN</arg>
<arg>SO</arg>
<arg>SR</arg>
<arg>SS</arg>
<arg>ST</arg>
<arg>SV</arg>
<arg>SX</arg>
<arg>SY</arg>
<arg>SZ</arg>
<arg>TC</arg>
<arg>TD</arg>
<arg>TF</arg>
<arg>TG</arg>
<arg>TH</arg>
<arg>TJ</arg>
<arg>TK</arg>
<arg>TL</arg>
<arg>TM</arg>
<arg>TN</arg>
<arg>TO</arg>
<arg>TR</arg>
<arg>TT</arg>
<arg>TV</arg>
<arg>TW</arg>
<arg>TZ</arg>
<arg>UA</arg>
<arg>UG</arg>
<arg>UM</arg>
<arg>US</arg>
<arg>UY</arg>
<arg>UZ</arg>
<arg>VA</arg>
<arg>VC</arg>
<arg>VE</arg>
<arg>VG</arg>
<arg>VI</arg>
<arg>VN</arg>
<arg>VU</arg>
<arg>WF</arg>
<arg>WS</arg>
<arg>XK</arg>
<arg>YE</arg>
<arg>YT</arg>
<arg>ZA</arg>
<arg>ZM</arg>
<arg>ZW</arg>
<doc>Returns a list containing given items.</doc>
<status status="PASS" start="2024-07-27T06:19:23.663956" elapsed="0.000624"/>
</kw>
<kw name="List Should Contain Value" owner="Collections">
<arg>${list_country}</arg>
<arg>${name_country}</arg>
<doc>Fails if the ``value`` is not found from ``list``.</doc>
<status status="PASS" start="2024-07-27T06:19:23.665526" elapsed="0.000216"/>
</kw>
<kw name="Run Keyword If" owner="BuiltIn">
<kw name="Should Be True" owner="BuiltIn">
<arg>${True}</arg>
<doc>Fails if the given condition is not true.</doc>
<status status="PASS" start="2024-07-27T06:19:23.666734" elapsed="0.000143"/>
</kw>
<arg>${json_data["results"][0]["location"]["coordinates"]["latitude"]} &gt;= -90 and ${json_data["results"][0]["location"]["coordinates"]["latitude"]} &lt;= 90</arg>
<arg>Should Be True</arg>
<arg>${True}</arg>
<doc>Runs the given keyword with the given arguments, if ``condition`` is true.</doc>
<status status="PASS" start="2024-07-27T06:19:23.665950" elapsed="0.001051"/>
</kw>
<kw name="Run Keyword If" owner="BuiltIn">
<kw name="Should Be True" owner="BuiltIn">
<arg>${True}</arg>
<doc>Fails if the given condition is not true.</doc>
<status status="PASS" start="2024-07-27T06:19:23.667880" elapsed="0.000139"/>
</kw>
<arg>${json_data["results"][0]["location"]["coordinates"]["longitude"]} &gt;= -180 and ${json_data["results"][0]["location"]["coordinates"]["longitude"]} &lt;= 180</arg>
<arg>Should Be True</arg>
<arg>${True}</arg>
<doc>Runs the given keyword with the given arguments, if ``condition`` is true.</doc>
<status status="PASS" start="2024-07-27T06:19:23.667180" elapsed="0.000961"/>
</kw>
<status status="PASS" start="2024-07-27T06:19:23.556805" elapsed="0.111463"/>
</kw>
<doc>Testa o conteúdo específico dos campos retornados pela API.</doc>
<tag>testeConteudo</tag>
<status status="PASS" start="2024-07-27T06:19:23.556375" elapsed="0.112040"/>
</test>
<status status="PASS" start="2024-07-27T06:19:22.640592" elapsed="1.029713"/>
</suite>
<status status="PASS" start="2024-07-27T06:19:22.626310" elapsed="1.049069"/>
</suite>
<statistics>
<total>
<stat pass="5" fail="0" skip="0">All Tests</stat>
</total>
<tag>
<stat pass="1" fail="0" skip="0">testeConteudo</stat>
<stat pass="1" fail="0" skip="0">testeEstruturaResposta</stat>
<stat pass="1" fail="0" skip="0">testeRequisicaoBasica</stat>
<stat pass="1" fail="0" skip="0">testeTiposDados</stat>
</tag>
<suite>
<stat pass="5" fail="0" skip="0" id="s1" name="Tests">Tests</stat>
<stat pass="5" fail="0" skip="0" id="s1-s1" name="Random-User-Test">Tests.Random-User-Test</stat>
</suite>
</statistics>
<errors>
</errors>
</robot>
