<?xml version="1.0" encoding="UTF-8"?>
<robot generator="Robot 7.0.1 (Python 3.12.4 on linux)" generated="2024-07-09T13:18:00.424886" rpa="false" schemaversion="5">
<suite id="s1" name="Tests" source="/home/runner/work/ApiRandomUser/ApiRandomUser/RamdonUser/tests">
<suite id="s1-s1" name="Random-User-Test" source="/home/runner/work/ApiRandomUser/ApiRandomUser/RamdonUser/tests/random-user-test.robot">
<test id="s1-s1-t1" name="Conectar" line="13">
<kw name="Conectar API" owner="random-user-service">
<kw name="Create Session" owner="RequestsLibrary">
<msg time="2024-07-09T13:18:00.893176" level="INFO">Creating Session using : alias=consultarAPI, url=https://randomuser.me/, headers={},                     cookies={}, auth=None, timeout=None, proxies=None, verify=False,                     debug=0 </msg>
<arg>consultarAPI</arg>
<arg>${URL}</arg>
<doc>Create Session: create a HTTP session to a server</doc>
<status status="PASS" start="2024-07-09T13:18:00.892947" elapsed="0.000448"/>
</kw>
<status status="PASS" start="2024-07-09T13:18:00.891874" elapsed="0.001924"/>
</kw>
<status status="PASS" start="2024-07-09T13:18:00.891146" elapsed="0.002864"/>
</test>
<test id="s1-s1-t2" name="Validar retorno 200 e JSON Válido" line="16">
<kw name="Teste de Requisicao Basica" owner="random-user-service">
<kw name="GET On Session" owner="RequestsLibrary">
<msg time="2024-07-09T13:18:01.032217" level="INFO">GET Request : url=https://randomuser.me/api 
 path_url=/api 
 headers={'User-Agent': 'python-requests/2.32.3', 'Accept-Encoding': 'gzip, deflate', 'Accept': '*/*', 'Connection': 'keep-alive'} 
 body=None 
 </msg>
<msg time="2024-07-09T13:18:01.032383" level="INFO">GET Response : url=https://randomuser.me/api 
 status=200, reason=OK 
 headers={'Date': 'Tue, 09 Jul 2024 13:18:01 GMT', 'Content-Type': 'application/json; charset=utf-8', 'Transfer-Encoding': 'chunked', 'Connection': 'keep-alive', 'X-Powered-By': 'Express', 'Access-Control-Allow-Origin': '*', 'Cache-Control': 'no-cache', 'ETag': 'W/"4b4-RIjRkreHG7Mjr3BY/jUhWrYGreM"', 'Vary': 'Accept-Encoding', 'Content-Encoding': 'gzip', 'CF-Cache-Status': 'DYNAMIC', 'Report-To': '{"endpoints":[{"url":"https:\\/\\/a.nel.cloudflare.com\\/report\\/v4?s=GINRLymfVPHBrFuaEx9cSxJblC4hMP9y1TCSlvO3Wh20nBpDxRZJ9Hq8JQ7qfjBBoKcrBEDv0ZEsqfBiliCAAJvS3Lz9c7fDsoZK6zsrpbNtwikkNZBpB15BQq5jkY1d"}],"group":"cf-nel","max_age":604800}', 'NEL': '{"success_fraction":0,"report_to":"cf-nel","max_age":604800}', 'Server': 'cloudflare', 'CF-RAY': '8a0898f7cf5f16a6-SJC', 'alt-svc': 'h3=":443"; ma=86400'} 
 body={"results":[{"gender":"male","name":{"title":"Mr","first":"Guillaume","last":"Garcia"},"location":{"street":{"number":8192,"name":"Avenue du Fort-Caire"},"city":"Aubervilliers","state":"Ardennes","country":"France","postcode":71455,"coordinates":{"latitude":"-20.8251","longitude":"-3.8485"},"timezone":{"offset":"0:00","description":"Western Europe Time, London, Lisbon, Casablanca"}},"email":"guillaume.garcia@example.com","login":{"uuid":"557d110a-bc4a-4954-8868-867238dd384a","username":"happyleopard597","password":"lance","salt":"TXsOKvrd","md5":"62d69177e5cbbf72c61be5dcf2fb7c8b","sha1":"b3192e2338d3689ea0d9d2e6a4d72058691a3ba9","sha256":"eeb64309a1d25538e893ac743479d44364889c00d9a62755ac8e77eba87570bb"},"dob":{"date":"1967-07-10T02:29:30.611Z","age":56},"registered":{"date":"2012-03-24T05:34:11.708Z","age":12},"phone":"02-58-81-52-60","cell":"06-92-41-57-85","id":{"name":"INSEE","value":"1670657737382 86"},"picture":{"large":"https://randomuser.me/api/portraits/men/17.jpg","medium":"https://randomuser.me/api/portraits/med/men/17.jpg","thumbnail":"https://randomuser.me/api/portraits/thumb/men/17.jpg"},"nat":"FR"}],"info":{"seed":"8fb8d9cdec671980","results":1,"page":1,"version":"1.4"}} 
 </msg>
<msg time="2024-07-09T13:18:01.032483" level="INFO">/opt/hostedtoolcache/Python/3.12.4/x64/lib/python3.12/site-packages/urllib3/connectionpool.py:1099: InsecureRequestWarning: Unverified HTTPS request is being made to host 'randomuser.me'. Adding certificate verification is strongly advised. See: https://urllib3.readthedocs.io/en/latest/advanced-usage.html#tls-warnings
  warnings.warn(</msg>
<msg time="2024-07-09T13:18:01.032662" level="INFO">${response} = &lt;Response [200]&gt;</msg>
<var>${response}</var>
<arg>consultarAPI</arg>
<arg>/api</arg>
<doc>Sends a GET request on a previously created HTTP Session.</doc>
<status status="PASS" start="2024-07-09T13:18:00.896869" elapsed="0.135842"/>
</kw>
<kw name="Should Be Equal As Numbers" owner="BuiltIn">
<msg time="2024-07-09T13:18:01.033833" level="INFO">Argument types are:
&lt;class 'int'&gt;
&lt;class 'str'&gt;</msg>
<arg>${response.status_code}</arg>
<arg>200</arg>
<doc>Fails if objects are unequal after converting them to real numbers.</doc>
<status status="PASS" start="2024-07-09T13:18:01.033317" elapsed="0.000589"/>
</kw>
<kw name="Log" owner="BuiltIn">
<msg time="2024-07-09T13:18:01.034698" level="INFO">200</msg>
<arg>${response.status_code}</arg>
<doc>Logs the given message with the given level.</doc>
<status status="PASS" start="2024-07-09T13:18:01.034302" elapsed="0.000442"/>
</kw>
<kw name="Set Variable" owner="BuiltIn">
<msg time="2024-07-09T13:18:01.035630" level="INFO">${json_data} = {'results': [{'gender': 'male', 'name': {'title': 'Mr', 'first': 'Guillaume', 'last': 'Garcia'}, 'location': {'street': {'number': 8192, 'name': 'Avenue du Fort-Caire'}, 'city': 'Aubervilliers', 'stat...</msg>
<var>${json_data}</var>
<arg>${response.json()}</arg>
<doc>Returns the given values which can then be assigned to a variables.</doc>
<status status="PASS" start="2024-07-09T13:18:01.035112" elapsed="0.000548"/>
</kw>
<kw name="Dictionary Should Contain Key" owner="Collections">
<arg>${json_data}</arg>
<arg>results</arg>
<doc>Fails if ``key`` is not found from ``dictionary``.</doc>
<status status="PASS" start="2024-07-09T13:18:01.036043" elapsed="0.000185"/>
</kw>
<status status="PASS" start="2024-07-09T13:18:00.896578" elapsed="0.139810"/>
</kw>
<doc>Testa se a API responde corretamente e retorna um objeto JSON válido.</doc>
<tag>testeRequisicaoBasica</tag>
<status status="PASS" start="2024-07-09T13:18:00.895959" elapsed="0.140613"/>
</test>
<test id="s1-s1-t3" name="Validar estrutura de resposta" line="22">
<kw name="Teste de Estrutura de Resposta" owner="random-user-service">
<kw name="GET On Session" owner="RequestsLibrary">
<msg time="2024-07-09T13:18:01.180686" level="INFO">GET Request : url=https://randomuser.me/api 
 path_url=/api 
 headers={'User-Agent': 'python-requests/2.32.3', 'Accept-Encoding': 'gzip, deflate', 'Accept': '*/*', 'Connection': 'keep-alive'} 
 body=None 
 </msg>
<msg time="2024-07-09T13:18:01.180798" level="INFO">GET Response : url=https://randomuser.me/api 
 status=200, reason=OK 
 headers={'Date': 'Tue, 09 Jul 2024 13:18:01 GMT', 'Content-Type': 'application/json; charset=utf-8', 'Transfer-Encoding': 'chunked', 'Connection': 'keep-alive', 'X-Powered-By': 'Express', 'Access-Control-Allow-Origin': '*', 'Cache-Control': 'no-cache', 'ETag': 'W/"488-lY+MV/26bPVNgUcwG8/zYmDlp2w"', 'Vary': 'Accept-Encoding', 'Content-Encoding': 'gzip', 'CF-Cache-Status': 'DYNAMIC', 'Report-To': '{"endpoints":[{"url":"https:\\/\\/a.nel.cloudflare.com\\/report\\/v4?s=UgnTQ0znJeQ04gIS6Yq2JBORauyFLCz%2F1JOI%2FLKZhNr%2FPIkk10p2a8Swk1k9QPeZR6vvoR5EVqrGpAw0PJo55ZmrXp0JGQLS%2BX2OA6fZI7FxFqzDIu%2FX6gvLd3gNupRk"}],"group":"cf-nel","max_age":604800}', 'NEL': '{"success_fraction":0,"report_to":"cf-nel","max_age":604800}', 'Server': 'cloudflare', 'CF-RAY': '8a0898f88fe216a6-SJC', 'alt-svc': 'h3=":443"; ma=86400'} 
 body={"results":[{"gender":"male","name":{"title":"Mr","first":"Tobias","last":"Madsen"},"location":{"street":{"number":2134,"name":"Bækvej"},"city":"Rødvig Stevns","state":"Sjælland","country":"Denmark","postcode":75039,"coordinates":{"latitude":"-40.3545","longitude":"-21.1015"},"timezone":{"offset":"+4:00","description":"Abu Dhabi, Muscat, Baku, Tbilisi"}},"email":"tobias.madsen@example.com","login":{"uuid":"e7931bcb-1c7c-49f9-87d1-5fd61197e91c","username":"ticklishbutterfly407","password":"jacob","salt":"hWDUJ7Mb","md5":"a5072525695118723d5ad627752d330b","sha1":"cba249297d7ad503ba4d0f1329913534efb7a2da","sha256":"ed685f5208ef2e18458eb4dd0af6ddec734de9588f426ae35cff449877bd5580"},"dob":{"date":"1997-12-04T18:38:48.249Z","age":26},"registered":{"date":"2019-11-13T23:14:08.318Z","age":4},"phone":"01549507","cell":"77188683","id":{"name":"CPR","value":"041297-4873"},"picture":{"large":"https://randomuser.me/api/portraits/men/39.jpg","medium":"https://randomuser.me/api/portraits/med/men/39.jpg","thumbnail":"https://randomuser.me/api/portraits/thumb/men/39.jpg"},"nat":"DK"}],"info":{"seed":"4c8e1c1dd64a8d41","results":1,"page":1,"version":"1.4"}} 
 </msg>
<msg time="2024-07-09T13:18:01.180943" level="INFO">/opt/hostedtoolcache/Python/3.12.4/x64/lib/python3.12/site-packages/urllib3/connectionpool.py:1099: InsecureRequestWarning: Unverified HTTPS request is being made to host 'randomuser.me'. Adding certificate verification is strongly advised. See: https://urllib3.readthedocs.io/en/latest/advanced-usage.html#tls-warnings
  warnings.warn(</msg>
<msg time="2024-07-09T13:18:01.181089" level="INFO">${response} = &lt;Response [200]&gt;</msg>
<var>${response}</var>
<arg>consultarAPI</arg>
<arg>/api</arg>
<doc>Sends a GET request on a previously created HTTP Session.</doc>
<status status="PASS" start="2024-07-09T13:18:01.039346" elapsed="0.141789"/>
</kw>
<kw name="Set Variable" owner="BuiltIn">
<msg time="2024-07-09T13:18:01.182214" level="INFO">${json_data} = {'results': [{'gender': 'male', 'name': {'title': 'Mr', 'first': 'Tobias', 'last': 'Madsen'}, 'location': {'street': {'number': 2134, 'name': 'Bækvej'}, 'city': 'Rødvig Stevns', 'state': 'Sjælland', '...</msg>
<var>${json_data}</var>
<arg>${response.json()}</arg>
<doc>Returns the given values which can then be assigned to a variables.</doc>
<status status="PASS" start="2024-07-09T13:18:01.181670" elapsed="0.000573"/>
</kw>
<kw name="Log" owner="BuiltIn">
<msg time="2024-07-09T13:18:01.182736" level="INFO">{'results': [{'gender': 'male', 'name': {'title': 'Mr', 'first': 'Tobias', 'last': 'Madsen'}, 'location': {'street': {'number': 2134, 'name': 'Bækvej'}, 'city': 'Rødvig Stevns', 'state': 'Sjælland', 'country': 'Denmark', 'postcode': 75039, 'coordinates': {'latitude': '-40.3545', 'longitude': '-21.1015'}, 'timezone': {'offset': '+4:00', 'description': 'Abu Dhabi, Muscat, Baku, Tbilisi'}}, 'email': 'tobias.madsen@example.com', 'login': {'uuid': 'e7931bcb-1c7c-49f9-87d1-5fd61197e91c', 'username': 'ticklishbutterfly407', 'password': 'jacob', 'salt': 'hWDUJ7Mb', 'md5': 'a5072525695118723d5ad627752d330b', 'sha1': 'cba249297d7ad503ba4d0f1329913534efb7a2da', 'sha256': 'ed685f5208ef2e18458eb4dd0af6ddec734de9588f426ae35cff449877bd5580'}, 'dob': {'date': '1997-12-04T18:38:48.249Z', 'age': 26}, 'registered': {'date': '2019-11-13T23:14:08.318Z', 'age': 4}, 'phone': '01549507', 'cell': '77188683', 'id': {'name': 'CPR', 'value': '041297-4873'}, 'picture': {'large': 'https://randomuser.me/api/portraits/men/39.jpg', 'medium': 'https://randomuser.me/api/portraits/med/men/39.jpg', 'thumbnail': 'https://randomuser.me/api/portraits/thumb/men/39.jpg'}, 'nat': 'DK'}], 'info': {'seed': '4c8e1c1dd64a8d41', 'results': 1, 'page': 1, 'version': '1.4'}}</msg>
<arg>${json_data}</arg>
<doc>Logs the given message with the given level.</doc>
<status status="PASS" start="2024-07-09T13:18:01.182573" elapsed="0.000214"/>
</kw>
<kw name="Dictionary Should Contain Key" owner="Collections">
<arg>${json_data}</arg>
<arg>results</arg>
<doc>Fails if ``key`` is not found from ``dictionary``.</doc>
<status status="PASS" start="2024-07-09T13:18:01.183078" elapsed="0.000159"/>
</kw>
<kw name="Should Not Be Empty" owner="BuiltIn">
<msg time="2024-07-09T13:18:01.183547" level="INFO">Length is 2.</msg>
<arg>${json_data}</arg>
<doc>Verifies that the given item is not empty.</doc>
<status status="PASS" start="2024-07-09T13:18:01.183418" elapsed="0.000168"/>
</kw>
<kw name="Create List" owner="BuiltIn">
<msg time="2024-07-09T13:18:01.184075" level="INFO">${expected_keys} = ['gender', 'name', 'location', 'email', 'login']</msg>
<var>${expected_keys}</var>
<arg>gender</arg>
<arg>name</arg>
<arg>location</arg>
<arg>email</arg>
<arg>login</arg>
<doc>Returns a list containing given items.</doc>
<status status="PASS" start="2024-07-09T13:18:01.183879" elapsed="0.000221"/>
</kw>
<for flavor="IN">
<iter>
<kw name="Dictionary Should Contain Key" owner="Collections">
<arg>${json_data['results'][0]}</arg>
<arg>${key}</arg>
<doc>Fails if ``key`` is not found from ``dictionary``.</doc>
<status status="PASS" start="2024-07-09T13:18:01.184865" elapsed="0.000406"/>
</kw>
<kw name="Log" owner="BuiltIn">
<msg time="2024-07-09T13:18:01.185820" level="INFO">{'gender': 'male', 'name': {'title': 'Mr', 'first': 'Tobias', 'last': 'Madsen'}, 'location': {'street': {'number': 2134, 'name': 'Bækvej'}, 'city': 'Rødvig Stevns', 'state': 'Sjælland', 'country': 'Denmark', 'postcode': 75039, 'coordinates': {'latitude': '-40.3545', 'longitude': '-21.1015'}, 'timezone': {'offset': '+4:00', 'description': 'Abu Dhabi, Muscat, Baku, Tbilisi'}}, 'email': 'tobias.madsen@example.com', 'login': {'uuid': 'e7931bcb-1c7c-49f9-87d1-5fd61197e91c', 'username': 'ticklishbutterfly407', 'password': 'jacob', 'salt': 'hWDUJ7Mb', 'md5': 'a5072525695118723d5ad627752d330b', 'sha1': 'cba249297d7ad503ba4d0f1329913534efb7a2da', 'sha256': 'ed685f5208ef2e18458eb4dd0af6ddec734de9588f426ae35cff449877bd5580'}, 'dob': {'date': '1997-12-04T18:38:48.249Z', 'age': 26}, 'registered': {'date': '2019-11-13T23:14:08.318Z', 'age': 4}, 'phone': '01549507', 'cell': '77188683', 'id': {'name': 'CPR', 'value': '041297-4873'}, 'picture': {'large': 'https://randomuser.me/api/portraits/men/39.jpg', 'medium': 'https://randomuser.me/api/portraits/med/men/39.jpg', 'thumbnail': 'https://randomuser.me/api/portraits/thumb/men/39.jpg'}, 'nat': 'DK'}</msg>
<arg>${json_data['results'][0]}</arg>
<doc>Logs the given message with the given level.</doc>
<status status="PASS" start="2024-07-09T13:18:01.185462" elapsed="0.000407"/>
</kw>
<kw name="Log" owner="BuiltIn">
<msg time="2024-07-09T13:18:01.186300" level="INFO">gender</msg>
<arg>${key}</arg>
<doc>Logs the given message with the given level.</doc>
<status status="PASS" start="2024-07-09T13:18:01.186172" elapsed="0.000165"/>
</kw>
<var name="${key}">gender</var>
<status status="PASS" start="2024-07-09T13:18:01.184733" elapsed="0.001818"/>
</iter>
<iter>
<kw name="Dictionary Should Contain Key" owner="Collections">
<arg>${json_data['results'][0]}</arg>
<arg>${key}</arg>
<doc>Fails if ``key`` is not found from ``dictionary``.</doc>
<status status="PASS" start="2024-07-09T13:18:01.186847" elapsed="0.000395"/>
</kw>
<kw name="Log" owner="BuiltIn">
<msg time="2024-07-09T13:18:01.187811" level="INFO">{'gender': 'male', 'name': {'title': 'Mr', 'first': 'Tobias', 'last': 'Madsen'}, 'location': {'street': {'number': 2134, 'name': 'Bækvej'}, 'city': 'Rødvig Stevns', 'state': 'Sjælland', 'country': 'Denmark', 'postcode': 75039, 'coordinates': {'latitude': '-40.3545', 'longitude': '-21.1015'}, 'timezone': {'offset': '+4:00', 'description': 'Abu Dhabi, Muscat, Baku, Tbilisi'}}, 'email': 'tobias.madsen@example.com', 'login': {'uuid': 'e7931bcb-1c7c-49f9-87d1-5fd61197e91c', 'username': 'ticklishbutterfly407', 'password': 'jacob', 'salt': 'hWDUJ7Mb', 'md5': 'a5072525695118723d5ad627752d330b', 'sha1': 'cba249297d7ad503ba4d0f1329913534efb7a2da', 'sha256': 'ed685f5208ef2e18458eb4dd0af6ddec734de9588f426ae35cff449877bd5580'}, 'dob': {'date': '1997-12-04T18:38:48.249Z', 'age': 26}, 'registered': {'date': '2019-11-13T23:14:08.318Z', 'age': 4}, 'phone': '01549507', 'cell': '77188683', 'id': {'name': 'CPR', 'value': '041297-4873'}, 'picture': {'large': 'https://randomuser.me/api/portraits/men/39.jpg', 'medium': 'https://randomuser.me/api/portraits/med/men/39.jpg', 'thumbnail': 'https://randomuser.me/api/portraits/thumb/men/39.jpg'}, 'nat': 'DK'}</msg>
<arg>${json_data['results'][0]}</arg>
<doc>Logs the given message with the given level.</doc>
<status status="PASS" start="2024-07-09T13:18:01.187421" elapsed="0.000473"/>
</kw>
<kw name="Log" owner="BuiltIn">
<msg time="2024-07-09T13:18:01.188368" level="INFO">name</msg>
<arg>${key}</arg>
<doc>Logs the given message with the given level.</doc>
<status status="PASS" start="2024-07-09T13:18:01.188240" elapsed="0.000164"/>
</kw>
<var name="${key}">name</var>
<status status="PASS" start="2024-07-09T13:18:01.186736" elapsed="0.001883"/>
</iter>
<iter>
<kw name="Dictionary Should Contain Key" owner="Collections">
<arg>${json_data['results'][0]}</arg>
<arg>${key}</arg>
<doc>Fails if ``key`` is not found from ``dictionary``.</doc>
<status status="PASS" start="2024-07-09T13:18:01.188902" elapsed="0.000375"/>
</kw>
<kw name="Log" owner="BuiltIn">
<msg time="2024-07-09T13:18:01.189802" level="INFO">{'gender': 'male', 'name': {'title': 'Mr', 'first': 'Tobias', 'last': 'Madsen'}, 'location': {'street': {'number': 2134, 'name': 'Bækvej'}, 'city': 'Rødvig Stevns', 'state': 'Sjælland', 'country': 'Denmark', 'postcode': 75039, 'coordinates': {'latitude': '-40.3545', 'longitude': '-21.1015'}, 'timezone': {'offset': '+4:00', 'description': 'Abu Dhabi, Muscat, Baku, Tbilisi'}}, 'email': 'tobias.madsen@example.com', 'login': {'uuid': 'e7931bcb-1c7c-49f9-87d1-5fd61197e91c', 'username': 'ticklishbutterfly407', 'password': 'jacob', 'salt': 'hWDUJ7Mb', 'md5': 'a5072525695118723d5ad627752d330b', 'sha1': 'cba249297d7ad503ba4d0f1329913534efb7a2da', 'sha256': 'ed685f5208ef2e18458eb4dd0af6ddec734de9588f426ae35cff449877bd5580'}, 'dob': {'date': '1997-12-04T18:38:48.249Z', 'age': 26}, 'registered': {'date': '2019-11-13T23:14:08.318Z', 'age': 4}, 'phone': '01549507', 'cell': '77188683', 'id': {'name': 'CPR', 'value': '041297-4873'}, 'picture': {'large': 'https://randomuser.me/api/portraits/men/39.jpg', 'medium': 'https://randomuser.me/api/portraits/med/men/39.jpg', 'thumbnail': 'https://randomuser.me/api/portraits/thumb/men/39.jpg'}, 'nat': 'DK'}</msg>
<arg>${json_data['results'][0]}</arg>
<doc>Logs the given message with the given level.</doc>
<status status="PASS" start="2024-07-09T13:18:01.189456" elapsed="0.000395"/>
</kw>
<kw name="Log" owner="BuiltIn">
<msg time="2024-07-09T13:18:01.190273" level="INFO">location</msg>
<arg>${key}</arg>
<doc>Logs the given message with the given level.</doc>
<status status="PASS" start="2024-07-09T13:18:01.190148" elapsed="0.000160"/>
</kw>
<var name="${key}">location</var>
<status status="PASS" start="2024-07-09T13:18:01.188796" elapsed="0.001729"/>
</iter>
<iter>
<kw name="Dictionary Should Contain Key" owner="Collections">
<arg>${json_data['results'][0]}</arg>
<arg>${key}</arg>
<doc>Fails if ``key`` is not found from ``dictionary``.</doc>
<status status="PASS" start="2024-07-09T13:18:01.190809" elapsed="0.000377"/>
</kw>
<kw name="Log" owner="BuiltIn">
<msg time="2024-07-09T13:18:01.191713" level="INFO">{'gender': 'male', 'name': {'title': 'Mr', 'first': 'Tobias', 'last': 'Madsen'}, 'location': {'street': {'number': 2134, 'name': 'Bækvej'}, 'city': 'Rødvig Stevns', 'state': 'Sjælland', 'country': 'Denmark', 'postcode': 75039, 'coordinates': {'latitude': '-40.3545', 'longitude': '-21.1015'}, 'timezone': {'offset': '+4:00', 'description': 'Abu Dhabi, Muscat, Baku, Tbilisi'}}, 'email': 'tobias.madsen@example.com', 'login': {'uuid': 'e7931bcb-1c7c-49f9-87d1-5fd61197e91c', 'username': 'ticklishbutterfly407', 'password': 'jacob', 'salt': 'hWDUJ7Mb', 'md5': 'a5072525695118723d5ad627752d330b', 'sha1': 'cba249297d7ad503ba4d0f1329913534efb7a2da', 'sha256': 'ed685f5208ef2e18458eb4dd0af6ddec734de9588f426ae35cff449877bd5580'}, 'dob': {'date': '1997-12-04T18:38:48.249Z', 'age': 26}, 'registered': {'date': '2019-11-13T23:14:08.318Z', 'age': 4}, 'phone': '01549507', 'cell': '77188683', 'id': {'name': 'CPR', 'value': '041297-4873'}, 'picture': {'large': 'https://randomuser.me/api/portraits/men/39.jpg', 'medium': 'https://randomuser.me/api/portraits/med/men/39.jpg', 'thumbnail': 'https://randomuser.me/api/portraits/thumb/men/39.jpg'}, 'nat': 'DK'}</msg>
<arg>${json_data['results'][0]}</arg>
<doc>Logs the given message with the given level.</doc>
<status status="PASS" start="2024-07-09T13:18:01.191366" elapsed="0.000396"/>
</kw>
<kw name="Log" owner="BuiltIn">
<msg time="2024-07-09T13:18:01.192232" level="INFO">email</msg>
<arg>${key}</arg>
<doc>Logs the given message with the given level.</doc>
<status status="PASS" start="2024-07-09T13:18:01.192102" elapsed="0.000169"/>
</kw>
<var name="${key}">email</var>
<status status="PASS" start="2024-07-09T13:18:01.190695" elapsed="0.001793"/>
</iter>
<iter>
<kw name="Dictionary Should Contain Key" owner="Collections">
<arg>${json_data['results'][0]}</arg>
<arg>${key}</arg>
<doc>Fails if ``key`` is not found from ``dictionary``.</doc>
<status status="PASS" start="2024-07-09T13:18:01.192772" elapsed="0.000389"/>
</kw>
<kw name="Log" owner="BuiltIn">
<msg time="2024-07-09T13:18:01.193702" level="INFO">{'gender': 'male', 'name': {'title': 'Mr', 'first': 'Tobias', 'last': 'Madsen'}, 'location': {'street': {'number': 2134, 'name': 'Bækvej'}, 'city': 'Rødvig Stevns', 'state': 'Sjælland', 'country': 'Denmark', 'postcode': 75039, 'coordinates': {'latitude': '-40.3545', 'longitude': '-21.1015'}, 'timezone': {'offset': '+4:00', 'description': 'Abu Dhabi, Muscat, Baku, Tbilisi'}}, 'email': 'tobias.madsen@example.com', 'login': {'uuid': 'e7931bcb-1c7c-49f9-87d1-5fd61197e91c', 'username': 'ticklishbutterfly407', 'password': 'jacob', 'salt': 'hWDUJ7Mb', 'md5': 'a5072525695118723d5ad627752d330b', 'sha1': 'cba249297d7ad503ba4d0f1329913534efb7a2da', 'sha256': 'ed685f5208ef2e18458eb4dd0af6ddec734de9588f426ae35cff449877bd5580'}, 'dob': {'date': '1997-12-04T18:38:48.249Z', 'age': 26}, 'registered': {'date': '2019-11-13T23:14:08.318Z', 'age': 4}, 'phone': '01549507', 'cell': '77188683', 'id': {'name': 'CPR', 'value': '041297-4873'}, 'picture': {'large': 'https://randomuser.me/api/portraits/men/39.jpg', 'medium': 'https://randomuser.me/api/portraits/med/men/39.jpg', 'thumbnail': 'https://randomuser.me/api/portraits/thumb/men/39.jpg'}, 'nat': 'DK'}</msg>
<arg>${json_data['results'][0]}</arg>
<doc>Logs the given message with the given level.</doc>
<status status="PASS" start="2024-07-09T13:18:01.193345" elapsed="0.000406"/>
</kw>
<kw name="Log" owner="BuiltIn">
<msg time="2024-07-09T13:18:01.194180" level="INFO">login</msg>
<arg>${key}</arg>
<doc>Logs the given message with the given level.</doc>
<status status="PASS" start="2024-07-09T13:18:01.194049" elapsed="0.000174"/>
</kw>
<var name="${key}">login</var>
<status status="PASS" start="2024-07-09T13:18:01.192659" elapsed="0.001786"/>
</iter>
<var>${key}</var>
<value>@{expected_keys}</value>
<status status="PASS" start="2024-07-09T13:18:01.184534" elapsed="0.010033"/>
</for>
<kw name="Create List" owner="BuiltIn">
<msg time="2024-07-09T13:18:01.194895" level="INFO">${expected_keysTwo} = ['username', 'password']</msg>
<var>${expected_keysTwo}</var>
<arg>username</arg>
<arg>password</arg>
<doc>Returns a list containing given items.</doc>
<status status="PASS" start="2024-07-09T13:18:01.194760" elapsed="0.000159"/>
</kw>
<for flavor="IN">
<iter>
<kw name="Dictionary Should Contain Key" owner="Collections">
<arg>${json_data['results'][0]['login']}</arg>
<arg>${keyTwo}</arg>
<doc>Fails if ``key`` is not found from ``dictionary``.</doc>
<status status="PASS" start="2024-07-09T13:18:01.195458" elapsed="0.000391"/>
</kw>
<kw name="Dictionary Should Contain Key" owner="Collections">
<arg>${json_data['results'][0]['login']}</arg>
<arg>${keyTwo}</arg>
<doc>Fails if ``key`` is not found from ``dictionary``.</doc>
<status status="PASS" start="2024-07-09T13:18:01.196094" elapsed="0.000379"/>
</kw>
<kw name="Log" owner="BuiltIn">
<msg time="2024-07-09T13:18:01.196781" level="INFO">username</msg>
<arg>${keyTwo}</arg>
<doc>Logs the given message with the given level.</doc>
<status status="PASS" start="2024-07-09T13:18:01.196656" elapsed="0.000163"/>
</kw>
<var name="${keyTwo}">username</var>
<status status="PASS" start="2024-07-09T13:18:01.195351" elapsed="0.001697"/>
</iter>
<iter>
<kw name="Dictionary Should Contain Key" owner="Collections">
<arg>${json_data['results'][0]['login']}</arg>
<arg>${keyTwo}</arg>
<doc>Fails if ``key`` is not found from ``dictionary``.</doc>
<status status="PASS" start="2024-07-09T13:18:01.197325" elapsed="0.000383"/>
</kw>
<kw name="Dictionary Should Contain Key" owner="Collections">
<arg>${json_data['results'][0]['login']}</arg>
<arg>${keyTwo}</arg>
<doc>Fails if ``key`` is not found from ``dictionary``.</doc>
<status status="PASS" start="2024-07-09T13:18:01.197886" elapsed="0.000368"/>
</kw>
<kw name="Log" owner="BuiltIn">
<msg time="2024-07-09T13:18:01.198559" level="INFO">password</msg>
<arg>${keyTwo}</arg>
<doc>Logs the given message with the given level.</doc>
<status status="PASS" start="2024-07-09T13:18:01.198440" elapsed="0.000155"/>
</kw>
<var name="${keyTwo}">password</var>
<status status="PASS" start="2024-07-09T13:18:01.197218" elapsed="0.001596"/>
</iter>
<var>${keyTwo}</var>
<value>@{expected_keysTwo}</value>
<status status="PASS" start="2024-07-09T13:18:01.195194" elapsed="0.003739"/>
</for>
<status status="PASS" start="2024-07-09T13:18:01.039087" elapsed="0.159990"/>
</kw>
<doc>Testa a estrutura da resposta da API.</doc>
<tag>testeEstruturaResposta</tag>
<status status="PASS" start="2024-07-09T13:18:01.038455" elapsed="0.160782"/>
</test>
<test id="s1-s1-t4" name="Validar tipos de dados" line="28">
<kw name="Teste de Tipos de Dados" owner="random-user-service">
<kw name="GET On Session" owner="RequestsLibrary">
<msg time="2024-07-09T13:18:01.291085" level="INFO">GET Request : url=https://randomuser.me/api 
 path_url=/api 
 headers={'User-Agent': 'python-requests/2.32.3', 'Accept-Encoding': 'gzip, deflate', 'Accept': '*/*', 'Connection': 'keep-alive'} 
 body=None 
 </msg>
<msg time="2024-07-09T13:18:01.291202" level="INFO">GET Response : url=https://randomuser.me/api 
 status=200, reason=OK 
 headers={'Date': 'Tue, 09 Jul 2024 13:18:01 GMT', 'Content-Type': 'application/json; charset=utf-8', 'Transfer-Encoding': 'chunked', 'Connection': 'keep-alive', 'X-Powered-By': 'Express', 'Access-Control-Allow-Origin': '*', 'Cache-Control': 'no-cache', 'ETag': 'W/"4a9-xcogorSLgxSy4Q5KObxcLTuBxVI"', 'Vary': 'Accept-Encoding', 'Content-Encoding': 'gzip', 'CF-Cache-Status': 'DYNAMIC', 'Report-To': '{"endpoints":[{"url":"https:\\/\\/a.nel.cloudflare.com\\/report\\/v4?s=EkYbxqeaEyP4uENCUrLh0XpgUPXf1exXKT%2BRvzxvpFiv6pDvu9PeF6F97pu5OrQlzbpLiv4cSWkpEODnXR3TGxfP%2Bd7176PMt1WiIcCJRkl0dRCMzOilUBfFy132b1Ed"}],"group":"cf-nel","max_age":604800}', 'NEL': '{"success_fraction":0,"report_to":"cf-nel","max_age":604800}', 'Server': 'cloudflare', 'CF-RAY': '8a0898f988a816a6-SJC', 'alt-svc': 'h3=":443"; ma=86400'} 
 body={"results":[{"gender":"female","name":{"title":"Miss","first":"Samia","last":"Swier"},"location":{"street":{"number":4384,"name":"Kees van Hasseltstraat"},"city":"Enschede","state":"Noord-Brabant","country":"Netherlands","postcode":"2634 HL","coordinates":{"latitude":"31.6358","longitude":"80.5574"},"timezone":{"offset":"+1:00","description":"Brussels, Copenhagen, Madrid, Paris"}},"email":"samia.swier@example.com","login":{"uuid":"da277e38-3045-4d66-9910-86e626cc0679","username":"angryleopard443","password":"arianna","salt":"aqw3yxKM","md5":"f547301ebb6c64d2b707a66dbfd4f800","sha1":"ef2e2d83202e423dccae51abe6f74d49c5817bf5","sha256":"e67cb83c77640d3fddcb9877851704d67bf83ff93e1298d20fc10b594e540119"},"dob":{"date":"1996-06-18T08:14:16.915Z","age":28},"registered":{"date":"2009-10-15T13:09:24.735Z","age":14},"phone":"(0280) 130574","cell":"(06) 97230640","id":{"name":"BSN","value":"46795427"},"picture":{"large":"https://randomuser.me/api/portraits/women/16.jpg","medium":"https://randomuser.me/api/portraits/med/women/16.jpg","thumbnail":"https://randomuser.me/api/portraits/thumb/women/16.jpg"},"nat":"NL"}],"info":{"seed":"abec0e3eb8eaea81","results":1,"page":1,"version":"1.4"}} 
 </msg>
<msg time="2024-07-09T13:18:01.291293" level="INFO">/opt/hostedtoolcache/Python/3.12.4/x64/lib/python3.12/site-packages/urllib3/connectionpool.py:1099: InsecureRequestWarning: Unverified HTTPS request is being made to host 'randomuser.me'. Adding certificate verification is strongly advised. See: https://urllib3.readthedocs.io/en/latest/advanced-usage.html#tls-warnings
  warnings.warn(</msg>
<msg time="2024-07-09T13:18:01.291466" level="INFO">${response} = &lt;Response [200]&gt;</msg>
<var>${response}</var>
<arg>consultarAPI</arg>
<arg>/api</arg>
<doc>Sends a GET request on a previously created HTTP Session.</doc>
<status status="PASS" start="2024-07-09T13:18:01.202010" elapsed="0.089510"/>
</kw>
<kw name="Set Variable" owner="BuiltIn">
<msg time="2024-07-09T13:18:01.292677" level="INFO">${json_data} = {'results': [{'gender': 'female', 'name': {'title': 'Miss', 'first': 'Samia', 'last': 'Swier'}, 'location': {'street': {'number': 4384, 'name': 'Kees van Hasseltstraat'}, 'city': 'Enschede', 'state': ...</msg>
<var>${json_data}</var>
<arg>${response.json()}</arg>
<doc>Returns the given values which can then be assigned to a variables.</doc>
<status status="PASS" start="2024-07-09T13:18:01.292121" elapsed="0.000590"/>
</kw>
<kw name="Log" owner="BuiltIn">
<msg time="2024-07-09T13:18:01.293200" level="INFO">{'results': [{'gender': 'female', 'name': {'title': 'Miss', 'first': 'Samia', 'last': 'Swier'}, 'location': {'street': {'number': 4384, 'name': 'Kees van Hasseltstraat'}, 'city': 'Enschede', 'state': 'Noord-Brabant', 'country': 'Netherlands', 'postcode': '2634 HL', 'coordinates': {'latitude': '31.6358', 'longitude': '80.5574'}, 'timezone': {'offset': '+1:00', 'description': 'Brussels, Copenhagen, Madrid, Paris'}}, 'email': 'samia.swier@example.com', 'login': {'uuid': 'da277e38-3045-4d66-9910-86e626cc0679', 'username': 'angryleopard443', 'password': 'arianna', 'salt': 'aqw3yxKM', 'md5': 'f547301ebb6c64d2b707a66dbfd4f800', 'sha1': 'ef2e2d83202e423dccae51abe6f74d49c5817bf5', 'sha256': 'e67cb83c77640d3fddcb9877851704d67bf83ff93e1298d20fc10b594e540119'}, 'dob': {'date': '1996-06-18T08:14:16.915Z', 'age': 28}, 'registered': {'date': '2009-10-15T13:09:24.735Z', 'age': 14}, 'phone': '(0280) 130574', 'cell': '(06) 97230640', 'id': {'name': 'BSN', 'value': '46795427'}, 'picture': {'large': 'https://randomuser.me/api/portraits/women/16.jpg', 'medium': 'https://randomuser.me/api/portraits/med/women/16.jpg', 'thumbnail': 'https://randomuser.me/api/portraits/thumb/women/16.jpg'}, 'nat': 'NL'}], 'info': {'seed': 'abec0e3eb8eaea81', 'results': 1, 'page': 1, 'version': '1.4'}}</msg>
<arg>${json_data}</arg>
<doc>Logs the given message with the given level.</doc>
<status status="PASS" start="2024-07-09T13:18:01.293040" elapsed="0.000210"/>
</kw>
<kw name="Should Be String" owner="String">
<arg>${json_data['results'][0]['gender']}</arg>
<doc>Fails if the given ``item`` is not a string.</doc>
<status status="PASS" start="2024-07-09T13:18:01.293556" elapsed="0.000381"/>
</kw>
<kw name="Should Match Regexp" owner="BuiltIn">
<arg>${json_data['results'][0]['email']}</arg>
<arg>^[a-zA-Z0-9._%+-]+@[a-zA-Z0-9.-]+\.[a-zA-Z]{2,}$</arg>
<doc>Fails if ``string`` does not match ``pattern`` as a regular expression.</doc>
<status status="PASS" start="2024-07-09T13:18:01.294135" elapsed="0.000540"/>
</kw>
<kw name="Should Match Regexp" owner="BuiltIn">
<arg>${json_data['results'][0]['dob']['date']}</arg>
<arg>\\d{4}-\\d{2}-\\d{2}T\\d{2}:\\d{2}:\\d{2}\\.\\d{3}Z</arg>
<doc>Fails if ``string`` does not match ``pattern`` as a regular expression.</doc>
<status status="PASS" start="2024-07-09T13:18:01.294913" elapsed="0.000498"/>
</kw>
<kw name="Should Match Regexp" owner="BuiltIn">
<arg>${json_data['results'][0]['registered']['date']}</arg>
<arg>\\d{4}-\\d{2}-\\d{2}T\\d{2}:\\d{2}:\\d{2}\\.\\d{3}Z</arg>
<doc>Fails if ``string`` does not match ``pattern`` as a regular expression.</doc>
<status status="PASS" start="2024-07-09T13:18:01.295606" elapsed="0.000399"/>
</kw>
<kw name="Should Match Regexp" owner="BuiltIn">
<arg>${json_data['results'][0]['picture']['large']}</arg>
<arg>^https?://.*\.(?:png|jpe?g|gif|bmp)$</arg>
<doc>Fails if ``string`` does not match ``pattern`` as a regular expression.</doc>
<status status="PASS" start="2024-07-09T13:18:01.296201" elapsed="0.000462"/>
</kw>
<kw name="Should Match Regexp" owner="BuiltIn">
<arg>${json_data['results'][0]['picture']['medium']}</arg>
<arg>^https?://.*\.(?:png|jpe?g|gif|bmp)$</arg>
<doc>Fails if ``string`` does not match ``pattern`` as a regular expression.</doc>
<status status="PASS" start="2024-07-09T13:18:01.296851" elapsed="0.000355"/>
</kw>
<kw name="Should Match Regexp" owner="BuiltIn">
<arg>${json_data['results'][0]['picture']['thumbnail']}</arg>
<arg>^https?://.*\.(?:png|jpe?g|gif|bmp)$</arg>
<doc>Fails if ``string`` does not match ``pattern`` as a regular expression.</doc>
<status status="PASS" start="2024-07-09T13:18:01.297391" elapsed="0.000353"/>
</kw>
<kw name="Log" owner="BuiltIn">
<msg time="2024-07-09T13:18:01.298266" level="INFO">{'large': 'https://randomuser.me/api/portraits/women/16.jpg', 'medium': 'https://randomuser.me/api/portraits/med/women/16.jpg', 'thumbnail': 'https://randomuser.me/api/portraits/thumb/women/16.jpg'}</msg>
<arg>${json_data['results'][0]['picture']}</arg>
<doc>Logs the given message with the given level.</doc>
<status status="PASS" start="2024-07-09T13:18:01.297930" elapsed="0.000379"/>
</kw>
<status status="PASS" start="2024-07-09T13:18:01.201775" elapsed="0.096837"/>
</kw>
<kw name="Teste de Tipos de Dados - Postcode" owner="random-user-service">
<kw name="GET On Session" owner="RequestsLibrary">
<msg time="2024-07-09T13:18:01.396042" level="INFO">GET Request : url=https://randomuser.me/api 
 path_url=/api 
 headers={'User-Agent': 'python-requests/2.32.3', 'Accept-Encoding': 'gzip, deflate', 'Accept': '*/*', 'Connection': 'keep-alive'} 
 body=None 
 </msg>
<msg time="2024-07-09T13:18:01.396150" level="INFO">GET Response : url=https://randomuser.me/api 
 status=200, reason=OK 
 headers={'Date': 'Tue, 09 Jul 2024 13:18:01 GMT', 'Content-Type': 'application/json; charset=utf-8', 'Transfer-Encoding': 'chunked', 'Connection': 'keep-alive', 'X-Powered-By': 'Express', 'Access-Control-Allow-Origin': '*', 'Cache-Control': 'no-cache', 'ETag': 'W/"47e-wdEYCtC8NQ3OOwYKe5RG2l8I5Lg"', 'Vary': 'Accept-Encoding', 'Content-Encoding': 'gzip', 'CF-Cache-Status': 'DYNAMIC', 'Report-To': '{"endpoints":[{"url":"https:\\/\\/a.nel.cloudflare.com\\/report\\/v4?s=qmBBjMWHdk9%2Bnb%2BPulI%2BpZbW4dU0ogIN%2FBrRmHV4ZFAx7BmdBCZYWOjUC0UiHQYtjHArYioG%2Be4guYvKb6xd7MPD%2Fww%2BfPOnISmRnW8DaqmB7CgdXIBEmf%2Fqw9rbkckc"}],"group":"cf-nel","max_age":604800}', 'NEL': '{"success_fraction":0,"report_to":"cf-nel","max_age":604800}', 'Server': 'cloudflare', 'CF-RAY': '8a0898fa290816a6-SJC', 'alt-svc': 'h3=":443"; ma=86400'} 
 body={"results":[{"gender":"female","name":{"title":"Ms","first":"Martha","last":"Howell"},"location":{"street":{"number":7875,"name":"Ormond Quay"},"city":"Kilkenny","state":"Kildare","country":"Ireland","postcode":81826,"coordinates":{"latitude":"-1.6262","longitude":"101.3588"},"timezone":{"offset":"-12:00","description":"Eniwetok, Kwajalein"}},"email":"martha.howell@example.com","login":{"uuid":"b7b0c976-cb1e-42c0-8f34-59fd9f767833","username":"crazygoose644","password":"chelle","salt":"Se6lVbW8","md5":"326daaabc38dcf3fda38d7b9b6a09cb2","sha1":"ba2ccc57662258b775f916f1fab05c5d06361ea9","sha256":"306bfa5398caa855bfb52f5292ed78dfde69e6ccf8994880dea5c4722f325428"},"dob":{"date":"2000-08-02T22:27:00.759Z","age":23},"registered":{"date":"2018-09-28T20:33:36.889Z","age":5},"phone":"071-444-5123","cell":"081-796-3371","id":{"name":"PPS","value":"5200284T"},"picture":{"large":"https://randomuser.me/api/portraits/women/57.jpg","medium":"https://randomuser.me/api/portraits/med/women/57.jpg","thumbnail":"https://randomuser.me/api/portraits/thumb/women/57.jpg"},"nat":"IE"}],"info":{"seed":"2d1ee7ff663ab95d","results":1,"page":1,"version":"1.4"}} 
 </msg>
<msg time="2024-07-09T13:18:01.396225" level="INFO">/opt/hostedtoolcache/Python/3.12.4/x64/lib/python3.12/site-packages/urllib3/connectionpool.py:1099: InsecureRequestWarning: Unverified HTTPS request is being made to host 'randomuser.me'. Adding certificate verification is strongly advised. See: https://urllib3.readthedocs.io/en/latest/advanced-usage.html#tls-warnings
  warnings.warn(</msg>
<msg time="2024-07-09T13:18:01.396349" level="INFO">${response} = &lt;Response [200]&gt;</msg>
<var>${response}</var>
<arg>consultarAPI</arg>
<arg>/api</arg>
<doc>Sends a GET request on a previously created HTTP Session.</doc>
<status status="PASS" start="2024-07-09T13:18:01.299107" elapsed="0.097275"/>
</kw>
<kw name="Set Variable" owner="BuiltIn">
<msg time="2024-07-09T13:18:01.397482" level="INFO">${json_data} = {'results': [{'gender': 'female', 'name': {'title': 'Ms', 'first': 'Martha', 'last': 'Howell'}, 'location': {'street': {'number': 7875, 'name': 'Ormond Quay'}, 'city': 'Kilkenny', 'state': 'Kildare', ...</msg>
<var>${json_data}</var>
<arg>${response.json()}</arg>
<doc>Returns the given values which can then be assigned to a variables.</doc>
<status status="PASS" start="2024-07-09T13:18:01.396952" elapsed="0.000558"/>
</kw>
<kw name="Log" owner="BuiltIn">
<msg time="2024-07-09T13:18:01.397978" level="INFO">{'results': [{'gender': 'female', 'name': {'title': 'Ms', 'first': 'Martha', 'last': 'Howell'}, 'location': {'street': {'number': 7875, 'name': 'Ormond Quay'}, 'city': 'Kilkenny', 'state': 'Kildare', 'country': 'Ireland', 'postcode': 81826, 'coordinates': {'latitude': '-1.6262', 'longitude': '101.3588'}, 'timezone': {'offset': '-12:00', 'description': 'Eniwetok, Kwajalein'}}, 'email': 'martha.howell@example.com', 'login': {'uuid': 'b7b0c976-cb1e-42c0-8f34-59fd9f767833', 'username': 'crazygoose644', 'password': 'chelle', 'salt': 'Se6lVbW8', 'md5': '326daaabc38dcf3fda38d7b9b6a09cb2', 'sha1': 'ba2ccc57662258b775f916f1fab05c5d06361ea9', 'sha256': '306bfa5398caa855bfb52f5292ed78dfde69e6ccf8994880dea5c4722f325428'}, 'dob': {'date': '2000-08-02T22:27:00.759Z', 'age': 23}, 'registered': {'date': '2018-09-28T20:33:36.889Z', 'age': 5}, 'phone': '071-444-5123', 'cell': '081-796-3371', 'id': {'name': 'PPS', 'value': '5200284T'}, 'picture': {'large': 'https://randomuser.me/api/portraits/women/57.jpg', 'medium': 'https://randomuser.me/api/portraits/med/women/57.jpg', 'thumbnail': 'https://randomuser.me/api/portraits/thumb/women/57.jpg'}, 'nat': 'IE'}], 'info': {'seed': '2d1ee7ff663ab95d', 'results': 1, 'page': 1, 'version': '1.4'}}</msg>
<arg>${json_data}</arg>
<doc>Logs the given message with the given level.</doc>
<status status="PASS" start="2024-07-09T13:18:01.397820" elapsed="0.000205"/>
</kw>
<kw name="Should Be Equal As Numbers" owner="BuiltIn">
<arg>${json_data['results'][0]['location']['postcode']}</arg>
<arg>${json_data['results'][0]['location']['postcode']}</arg>
<doc>Fails if objects are unequal after converting them to real numbers.</doc>
<status status="PASS" start="2024-07-09T13:18:01.398319" elapsed="0.000638"/>
</kw>
<kw name="Log" owner="BuiltIn">
<msg time="2024-07-09T13:18:01.399487" level="INFO">81826</msg>
<arg>${json_data['results'][0]['location']['postcode']}</arg>
<doc>Logs the given message with the given level.</doc>
<status status="PASS" start="2024-07-09T13:18:01.399147" elapsed="0.000380"/>
</kw>
<status status="PASS" start="2024-07-09T13:18:01.298868" elapsed="0.100944"/>
</kw>
<doc>Testa se os tipos de dados na resposta da API estão corretos.</doc>
<tag>testeTiposDados</tag>
<status status="PASS" start="2024-07-09T13:18:01.201078" elapsed="0.198957"/>
</test>
<test id="s1-s1-t5" name="Validar conteudo" line="35">
<kw name="Teste de Tipos de Conteudo" owner="random-user-service">
<kw name="GET On Session" owner="RequestsLibrary">
<msg time="2024-07-09T13:18:01.509633" level="INFO">GET Request : url=https://randomuser.me/api 
 path_url=/api 
 headers={'User-Agent': 'python-requests/2.32.3', 'Accept-Encoding': 'gzip, deflate', 'Accept': '*/*', 'Connection': 'keep-alive'} 
 body=None 
 </msg>
<msg time="2024-07-09T13:18:01.509747" level="INFO">GET Response : url=https://randomuser.me/api 
 status=200, reason=OK 
 headers={'Date': 'Tue, 09 Jul 2024 13:18:01 GMT', 'Content-Type': 'application/json; charset=utf-8', 'Transfer-Encoding': 'chunked', 'Connection': 'keep-alive', 'X-Powered-By': 'Express', 'Access-Control-Allow-Origin': '*', 'Cache-Control': 'no-cache', 'ETag': 'W/"4b1-ckmXTBOgVO9x9xTvMskU8hafiGg"', 'Vary': 'Accept-Encoding', 'Content-Encoding': 'gzip', 'CF-Cache-Status': 'DYNAMIC', 'Report-To': '{"endpoints":[{"url":"https:\\/\\/a.nel.cloudflare.com\\/report\\/v4?s=BBWwGJj2sXvI%2FV3j9Rf1BnVQFfjJnHtdv3Wp7t5%2FXarcN3CjuHPK8Xg3zTD0Wzh1p0qIqnuGfpUgy3%2B%2F%2BYDklcLQsp5UWdb9YiKkZuE65k9x66DUhCYMc77%2FTWmHxYEg"}],"group":"cf-nel","max_age":604800}', 'NEL': '{"success_fraction":0,"report_to":"cf-nel","max_age":604800}', 'Server': 'cloudflare', 'CF-RAY': '8a0898fac98316a6-SJC', 'alt-svc': 'h3=":443"; ma=86400'} 
 body={"results":[{"gender":"female","name":{"title":"Mrs","first":"Kvitoslava","last":"Brilinskiy"},"location":{"street":{"number":5909,"name":"Provulok Vasilya Zhukovskogo"},"city":"Ustilug","state":"Lvivska","country":"Ukraine","postcode":89892,"coordinates":{"latitude":"75.5621","longitude":"65.6886"},"timezone":{"offset":"-4:00","description":"Atlantic Time (Canada), Caracas, La Paz"}},"email":"kvitoslava.brilinskiy@example.com","login":{"uuid":"617495e8-e81d-4f53-bf48-c7707cb5d9b3","username":"orangerabbit497","password":"darkstar","salt":"Ge10tmQ7","md5":"f03d59efbcf313bf90cea0c759baef63","sha1":"e8150b2a166e2b965b00db15f4e47061221cae6b","sha256":"0f3a6ee8322352c07d0e405254237519fbdb840fba4d66d2d9a07264c7e10019"},"dob":{"date":"1971-09-16T16:11:09.703Z","age":52},"registered":{"date":"2002-03-27T00:58:01.245Z","age":22},"phone":"(098) S38-5728","cell":"(096) T72-8495","id":{"name":"","value":null},"picture":{"large":"https://randomuser.me/api/portraits/women/43.jpg","medium":"https://randomuser.me/api/portraits/med/women/43.jpg","thumbnail":"https://randomuser.me/api/portraits/thumb/women/43.jpg"},"nat":"UA"}],"info":{"seed":"8eb09c5e20b0e88d","results":1,"page":1,"version":"1.4"}} 
 </msg>
<msg time="2024-07-09T13:18:01.509856" level="INFO">/opt/hostedtoolcache/Python/3.12.4/x64/lib/python3.12/site-packages/urllib3/connectionpool.py:1099: InsecureRequestWarning: Unverified HTTPS request is being made to host 'randomuser.me'. Adding certificate verification is strongly advised. See: https://urllib3.readthedocs.io/en/latest/advanced-usage.html#tls-warnings
  warnings.warn(</msg>
<msg time="2024-07-09T13:18:01.510005" level="INFO">${response} = &lt;Response [200]&gt;</msg>
<var>${response}</var>
<arg>consultarAPI</arg>
<arg>/api</arg>
<doc>Sends a GET request on a previously created HTTP Session.</doc>
<status status="PASS" start="2024-07-09T13:18:01.402815" elapsed="0.107230"/>
</kw>
<kw name="Set Variable" owner="BuiltIn">
<msg time="2024-07-09T13:18:01.511446" level="INFO">${json_data} = {'results': [{'gender': 'female', 'name': {'title': 'Mrs', 'first': 'Kvitoslava', 'last': 'Brilinskiy'}, 'location': {'street': {'number': 5909, 'name': 'Provulok Vasilya Zhukovskogo'}, 'city': 'Ustil...</msg>
<var>${json_data}</var>
<arg>${response.json()}</arg>
<doc>Returns the given values which can then be assigned to a variables.</doc>
<status status="PASS" start="2024-07-09T13:18:01.510742" elapsed="0.000735"/>
</kw>
<kw name="Set Variable" owner="BuiltIn">
<msg time="2024-07-09T13:18:01.512227" level="INFO">${name_title} = Mrs</msg>
<var>${name_title}</var>
<arg>${json_data["results"][0]["name"]["title"]}</arg>
<doc>Returns the given values which can then be assigned to a variables.</doc>
<status status="PASS" start="2024-07-09T13:18:01.511791" elapsed="0.000462"/>
</kw>
<kw name="Create List" owner="BuiltIn">
<msg time="2024-07-09T13:18:01.512699" level="INFO">${allowed_titles} = ['Mr', 'Ms', 'Miss', 'Mrs', 'Madame', 'Monsieur']</msg>
<var>${allowed_titles}</var>
<arg>Mr</arg>
<arg>Ms</arg>
<arg>Miss</arg>
<arg>Mrs</arg>
<arg>Madame</arg>
<arg>Monsieur</arg>
<doc>Returns a list containing given items.</doc>
<status status="PASS" start="2024-07-09T13:18:01.512549" elapsed="0.000173"/>
</kw>
<kw name="List Should Contain Value" owner="Collections">
<arg>${allowed_titles}</arg>
<arg>${name_title}</arg>
<doc>Fails if the ``value`` is not found from ``list``.</doc>
<status status="PASS" start="2024-07-09T13:18:01.513022" elapsed="0.000179"/>
</kw>
<kw name="Set Variable" owner="BuiltIn">
<msg time="2024-07-09T13:18:01.513743" level="INFO">${name_country} = UA</msg>
<var>${name_country}</var>
<arg>${json_data["results"][0]["nat"]}</arg>
<doc>Returns the given values which can then be assigned to a variables.</doc>
<status status="PASS" start="2024-07-09T13:18:01.513381" elapsed="0.000386"/>
</kw>
<kw name="Create List" owner="BuiltIn">
<msg time="2024-07-09T13:18:01.514650" level="INFO">${list_country} = ['AD', 'AE', 'AF', 'AG', 'AI', 'AL', 'AM', 'AO', 'AQ', 'AR', 'AS', 'AT', 'AU', 'AW', 'AX', 'AZ', 'BA', 'BB', 'BD', 'BE', 'BF', 'BG', 'BH', 'BI', 'BJ', 'BL', 'BM', 'BN', 'BO', 'BQ', 'BR', 'BS', 'BT', '...</msg>
<var>${list_country}</var>
<arg>AD</arg>
<arg>AE</arg>
<arg>AF</arg>
<arg>AG</arg>
<arg>AI</arg>
<arg>AL</arg>
<arg>AM</arg>
<arg>AO</arg>
<arg>AQ</arg>
<arg>AR</arg>
<arg>AS</arg>
<arg>AT</arg>
<arg>AU</arg>
<arg>AW</arg>
<arg>AX</arg>
<arg>AZ</arg>
<arg>BA</arg>
<arg>BB</arg>
<arg>BD</arg>
<arg>BE</arg>
<arg>BF</arg>
<arg>BG</arg>
<arg>BH</arg>
<arg>BI</arg>
<arg>BJ</arg>
<arg>BL</arg>
<arg>BM</arg>
<arg>BN</arg>
<arg>BO</arg>
<arg>BQ</arg>
<arg>BR</arg>
<arg>BS</arg>
<arg>BT</arg>
<arg>BV</arg>
<arg>BW</arg>
<arg>BY</arg>
<arg>BZ</arg>
<arg>CA</arg>
<arg>CC</arg>
<arg>CD</arg>
<arg>CF</arg>
<arg>CG</arg>
<arg>CH</arg>
<arg>CI</arg>
<arg>CK</arg>
<arg>CL</arg>
<arg>CM</arg>
<arg>CN</arg>
<arg>CO</arg>
<arg>CR</arg>
<arg>CU</arg>
<arg>CV</arg>
<arg>CW</arg>
<arg>CX</arg>
<arg>CY</arg>
<arg>CZ</arg>
<arg>DE</arg>
<arg>DJ</arg>
<arg>DK</arg>
<arg>DM</arg>
<arg>DO</arg>
<arg>DZ</arg>
<arg>EC</arg>
<arg>EE</arg>
<arg>EG</arg>
<arg>EH</arg>
<arg>ER</arg>
<arg>ES</arg>
<arg>ET</arg>
<arg>FI</arg>
<arg>FJ</arg>
<arg>FK</arg>
<arg>FM</arg>
<arg>FO</arg>
<arg>FR</arg>
<arg>GA</arg>
<arg>GB</arg>
<arg>GD</arg>
<arg>GE</arg>
<arg>GF</arg>
<arg>GG</arg>
<arg>GH</arg>
<arg>GI</arg>
<arg>GL</arg>
<arg>GM</arg>
<arg>GN</arg>
<arg>GP</arg>
<arg>GQ</arg>
<arg>GR</arg>
<arg>GS</arg>
<arg>GT</arg>
<arg>GU</arg>
<arg>GW</arg>
<arg>GY</arg>
<arg>HK</arg>
<arg>HM</arg>
<arg>HN</arg>
<arg>HR</arg>
<arg>HT</arg>
<arg>HU</arg>
<arg>ID</arg>
<arg>IE</arg>
<arg>IL</arg>
<arg>IM</arg>
<arg>IN</arg>
<arg>IO</arg>
<arg>IQ</arg>
<arg>IR</arg>
<arg>IS</arg>
<arg>IT</arg>
<arg>JE</arg>
<arg>JM</arg>
<arg>JO</arg>
<arg>JP</arg>
<arg>KE</arg>
<arg>KG</arg>
<arg>KH</arg>
<arg>KI</arg>
<arg>KM</arg>
<arg>KN</arg>
<arg>KP</arg>
<arg>KR</arg>
<arg>KW</arg>
<arg>KY</arg>
<arg>KZ</arg>
<arg>LA</arg>
<arg>LB</arg>
<arg>LC</arg>
<arg>LI</arg>
<arg>LK</arg>
<arg>LR</arg>
<arg>LS</arg>
<arg>LT</arg>
<arg>LU</arg>
<arg>LV</arg>
<arg>LY</arg>
<arg>MA</arg>
<arg>MC</arg>
<arg>MD</arg>
<arg>ME</arg>
<arg>MF</arg>
<arg>MG</arg>
<arg>MH</arg>
<arg>MK</arg>
<arg>ML</arg>
<arg>MM</arg>
<arg>MN</arg>
<arg>MO</arg>
<arg>MP</arg>
<arg>MQ</arg>
<arg>MR</arg>
<arg>MS</arg>
<arg>MT</arg>
<arg>MU</arg>
<arg>MV</arg>
<arg>MW</arg>
<arg>MX</arg>
<arg>MY</arg>
<arg>MZ</arg>
<arg>NA</arg>
<arg>NC</arg>
<arg>NE</arg>
<arg>NF</arg>
<arg>NG</arg>
<arg>NI</arg>
<arg>NL</arg>
<arg>NO</arg>
<arg>NP</arg>
<arg>NR</arg>
<arg>NU</arg>
<arg>NZ</arg>
<arg>OM</arg>
<arg>PA</arg>
<arg>PE</arg>
<arg>PF</arg>
<arg>PG</arg>
<arg>PH</arg>
<arg>PK</arg>
<arg>PL</arg>
<arg>PM</arg>
<arg>PN</arg>
<arg>PR</arg>
<arg>PS</arg>
<arg>PT</arg>
<arg>PW</arg>
<arg>PY</arg>
<arg>QA</arg>
<arg>RE</arg>
<arg>RO</arg>
<arg>RS</arg>
<arg>RU</arg>
<arg>RW</arg>
<arg>SA</arg>
<arg>SB</arg>
<arg>SC</arg>
<arg>SD</arg>
<arg>SE</arg>
<arg>SG</arg>
<arg>SH</arg>
<arg>SI</arg>
<arg>SJ</arg>
<arg>SK</arg>
<arg>SL</arg>
<arg>SM</arg>
<arg>SN</arg>
<arg>SO</arg>
<arg>SR</arg>
<arg>SS</arg>
<arg>ST</arg>
<arg>SV</arg>
<arg>SX</arg>
<arg>SY</arg>
<arg>SZ</arg>
<arg>TC</arg>
<arg>TD</arg>
<arg>TF</arg>
<arg>TG</arg>
<arg>TH</arg>
<arg>TJ</arg>
<arg>TK</arg>
<arg>TL</arg>
<arg>TM</arg>
<arg>TN</arg>
<arg>TO</arg>
<arg>TR</arg>
<arg>TT</arg>
<arg>TV</arg>
<arg>TW</arg>
<arg>TZ</arg>
<arg>UA</arg>
<arg>UG</arg>
<arg>UM</arg>
<arg>US</arg>
<arg>UY</arg>
<arg>UZ</arg>
<arg>VA</arg>
<arg>VC</arg>
<arg>VE</arg>
<arg>VG</arg>
<arg>VI</arg>
<arg>VN</arg>
<arg>VU</arg>
<arg>WF</arg>
<arg>WS</arg>
<arg>XK</arg>
<arg>YE</arg>
<arg>YT</arg>
<arg>ZA</arg>
<arg>ZM</arg>
<arg>ZW</arg>
<doc>Returns a list containing given items.</doc>
<status status="PASS" start="2024-07-09T13:18:01.514063" elapsed="0.000613"/>
</kw>
<kw name="List Should Contain Value" owner="Collections">
<arg>${list_country}</arg>
<arg>${name_country}</arg>
<doc>Fails if the ``value`` is not found from ``list``.</doc>
<status status="PASS" start="2024-07-09T13:18:01.515463" elapsed="0.000205"/>
</kw>
<kw name="Run Keyword If" owner="BuiltIn">
<kw name="Should Be True" owner="BuiltIn">
<arg>${True}</arg>
<doc>Fails if the given condition is not true.</doc>
<status status="PASS" start="2024-07-09T13:18:01.516644" elapsed="0.000142"/>
</kw>
<arg>${json_data["results"][0]["location"]["coordinates"]["latitude"]} &gt;= -90 and ${json_data["results"][0]["location"]["coordinates"]["latitude"]} &lt;= 90</arg>
<arg>Should Be True</arg>
<arg>${True}</arg>
<doc>Runs the given keyword with the given arguments, if ``condition`` is true.</doc>
<status status="PASS" start="2024-07-09T13:18:01.515870" elapsed="0.001041"/>
</kw>
<kw name="Run Keyword If" owner="BuiltIn">
<kw name="Should Be True" owner="BuiltIn">
<arg>${True}</arg>
<doc>Fails if the given condition is not true.</doc>
<status status="PASS" start="2024-07-09T13:18:01.517772" elapsed="0.000135"/>
</kw>
<arg>${json_data["results"][0]["location"]["coordinates"]["longitude"]} &gt;= -180 and ${json_data["results"][0]["location"]["coordinates"]["longitude"]} &lt;= 180</arg>
<arg>Should Be True</arg>
<arg>${True}</arg>
<doc>Runs the given keyword with the given arguments, if ``condition`` is true.</doc>
<status status="PASS" start="2024-07-09T13:18:01.517089" elapsed="0.000957"/>
</kw>
<status status="PASS" start="2024-07-09T13:18:01.402415" elapsed="0.115765"/>
</kw>
<doc>Testa o conteúdo específico dos campos retornados pela API.</doc>
<tag>testeConteudo</tag>
<status status="PASS" start="2024-07-09T13:18:01.401870" elapsed="0.116468"/>
</test>
<status status="PASS" start="2024-07-09T13:18:00.493360" elapsed="1.027026"/>
</suite>
<status status="PASS" start="2024-07-09T13:18:00.478546" elapsed="1.047037"/>
</suite>
<statistics>
<total>
<stat pass="5" fail="0" skip="0">All Tests</stat>
</total>
<tag>
<stat pass="1" fail="0" skip="0">testeConteudo</stat>
<stat pass="1" fail="0" skip="0">testeEstruturaResposta</stat>
<stat pass="1" fail="0" skip="0">testeRequisicaoBasica</stat>
<stat pass="1" fail="0" skip="0">testeTiposDados</stat>
</tag>
<suite>
<stat pass="5" fail="0" skip="0" id="s1" name="Tests">Tests</stat>
<stat pass="5" fail="0" skip="0" id="s1-s1" name="Random-User-Test">Tests.Random-User-Test</stat>
</suite>
</statistics>
<errors>
</errors>
</robot>
