<?xml version="1.0" encoding="UTF-8"?>
<robot generator="Robot 7.0 (Python 3.12.3 on linux)" generated="2024-06-02T21:13:45.127886" rpa="false" schemaversion="5">
<suite id="s1" name="Tests" source="/home/runner/work/ApiRandomUser/ApiRandomUser/RamdonUser/tests">
<suite id="s1-s1" name="Random-User-Test" source="/home/runner/work/ApiRandomUser/ApiRandomUser/RamdonUser/tests/random-user-test.robot">
<test id="s1-s1-t1" name="Conectar" line="13">
<kw name="Conectar API" owner="random-user-service">
<kw name="Create Session" owner="RequestsLibrary">
<msg time="2024-06-02T21:13:45.562137" level="INFO">Creating Session using : alias=consultarAPI, url=https://randomuser.me/, headers={},                     cookies={}, auth=None, timeout=None, proxies=None, verify=False,                     debug=0 </msg>
<arg>consultarAPI</arg>
<arg>${URL}</arg>
<doc>Create Session: create a HTTP session to a server</doc>
<status status="PASS" start="2024-06-02T21:13:45.561877" elapsed="0.000454"/>
</kw>
<status status="PASS" start="2024-06-02T21:13:45.560734" elapsed="0.002004"/>
</kw>
<status status="PASS" start="2024-06-02T21:13:45.560050" elapsed="0.002891"/>
</test>
<test id="s1-s1-t2" name="Validar retorno 200 e JSON Válido" line="16">
<kw name="Teste de Requisicao Basica" owner="random-user-service">
<kw name="GET On Session" owner="RequestsLibrary">
<msg time="2024-06-02T21:13:45.701284" level="INFO">GET Request : url=https://randomuser.me/api 
 path_url=/api 
 headers={'User-Agent': 'python-requests/2.32.3', 'Accept-Encoding': 'gzip, deflate', 'Accept': '*/*', 'Connection': 'keep-alive'} 
 body=None 
 </msg>
<msg time="2024-06-02T21:13:45.701456" level="INFO">GET Response : url=https://randomuser.me/api 
 status=200, reason=OK 
 headers={'Date': 'Sun, 02 Jun 2024 21:13:45 GMT', 'Content-Type': 'application/json; charset=utf-8', 'Transfer-Encoding': 'chunked', 'Connection': 'keep-alive', 'X-Powered-By': 'Express', 'Access-Control-Allow-Origin': '*', 'Cache-Control': 'no-cache', 'ETag': 'W/"485-i0YIBd0TwQFbaDs7jW3ye3cuDqY"', 'Vary': 'Accept-Encoding', 'Content-Encoding': 'gzip', 'CF-Cache-Status': 'DYNAMIC', 'Report-To': '{"endpoints":[{"url":"https:\\/\\/a.nel.cloudflare.com\\/report\\/v4?s=vYLWct7pLlGpxvD5VKrtrdBGBRmZQMf8UdHMIw%2FyQNWtOTA9bkAqqhvokBUDOI2QUL2fepA4rLeH6AtzAcEMCYYBU0ny6U%2FZX%2BkcxRu9C%2BPLvR%2FrC3dUow%2FAiNFKtIfM"}],"group":"cf-nel","max_age":604800}', 'NEL': '{"success_fraction":0,"report_to":"cf-nel","max_age":604800}', 'Server': 'cloudflare', 'CF-RAY': '88da72fc0e6d1041-ORD', 'alt-svc': 'h3=":443"; ma=86400'} 
 body={"results":[{"gender":"male","name":{"title":"Mr","first":"Babür","last":"Çevik"},"location":{"street":{"number":7696,"name":"Doktorlar Cd"},"city":"Denizli","state":"Elazığ","country":"Turkey","postcode":86674,"coordinates":{"latitude":"69.5044","longitude":"-154.4371"},"timezone":{"offset":"-5:00","description":"Eastern Time (US &amp; Canada), Bogota, Lima"}},"email":"babur.cevik@example.com","login":{"uuid":"1e4c234d-39af-421b-9667-03c2d902e9d3","username":"happykoala129","password":"gotribe","salt":"nJO9keQu","md5":"8ec2d3744284780b3603c2c5dbaab7b4","sha1":"12f30f3d7d52661ea752513e3c5888bd250b2446","sha256":"792470b2b385cd7f84e30f8cee9375f0baddf7ca805856e2df86a8c40339d3ef"},"dob":{"date":"1957-08-19T17:01:58.336Z","age":66},"registered":{"date":"2017-07-12T14:27:40.022Z","age":6},"phone":"(860)-196-8241","cell":"(434)-632-8051","id":{"name":"","value":null},"picture":{"large":"https://randomuser.me/api/portraits/men/16.jpg","medium":"https://randomuser.me/api/portraits/med/men/16.jpg","thumbnail":"https://randomuser.me/api/portraits/thumb/men/16.jpg"},"nat":"TR"}],"info":{"seed":"4cd2a5a5c11a6778","results":1,"page":1,"version":"1.4"}} 
 </msg>
<msg time="2024-06-02T21:13:45.701558" level="INFO">/opt/hostedtoolcache/Python/3.12.3/x64/lib/python3.12/site-packages/urllib3/connectionpool.py:1103: InsecureRequestWarning: Unverified HTTPS request is being made to host 'randomuser.me'. Adding certificate verification is strongly advised. See: https://urllib3.readthedocs.io/en/latest/advanced-usage.html#tls-warnings
  warnings.warn(</msg>
<msg time="2024-06-02T21:13:45.701773" level="INFO">${response} = &lt;Response [200]&gt;</msg>
<var>${response}</var>
<arg>consultarAPI</arg>
<arg>/api</arg>
<doc>Sends a GET request on a previously created HTTP Session.</doc>
<status status="PASS" start="2024-06-02T21:13:45.565707" elapsed="0.136109"/>
</kw>
<kw name="Should Be Equal As Numbers" owner="BuiltIn">
<msg time="2024-06-02T21:13:45.703021" level="INFO">Argument types are:
&lt;class 'int'&gt;
&lt;class 'str'&gt;</msg>
<arg>${response.status_code}</arg>
<arg>200</arg>
<doc>Fails if objects are unequal after converting them to real numbers.</doc>
<status status="PASS" start="2024-06-02T21:13:45.702516" elapsed="0.000578"/>
</kw>
<kw name="Log" owner="BuiltIn">
<msg time="2024-06-02T21:13:45.703834" level="INFO">200</msg>
<arg>${response.status_code}</arg>
<doc>Logs the given message with the given level.</doc>
<status status="PASS" start="2024-06-02T21:13:45.703463" elapsed="0.000422"/>
</kw>
<kw name="Set Variable" owner="BuiltIn">
<msg time="2024-06-02T21:13:45.704679" level="INFO">${json_data} = {'results': [{'gender': 'male', 'name': {'title': 'Mr', 'first': 'Babür', 'last': 'Çevik'}, 'location': {'street': {'number': 7696, 'name': 'Doktorlar Cd'}, 'city': 'Denizli', 'state': 'Elazığ', 'coun...</msg>
<var>${json_data}</var>
<arg>${response.json()}</arg>
<doc>Returns the given values which can then be assigned to a variables.</doc>
<status status="PASS" start="2024-06-02T21:13:45.704221" elapsed="0.000490"/>
</kw>
<kw name="Dictionary Should Contain Key" owner="Collections">
<msg time="2024-06-02T21:13:45.705215" level="INFO">False</msg>
<arg>${json_data}</arg>
<arg>results</arg>
<doc>Fails if ``key`` is not found from ``dictionary``.</doc>
<status status="PASS" start="2024-06-02T21:13:45.705031" elapsed="0.000418"/>
</kw>
<status status="PASS" start="2024-06-02T21:13:45.565418" elapsed="0.140352"/>
</kw>
<doc>Testa se a API responde corretamente e retorna um objeto JSON válido.</doc>
<tag>testeRequisicaoBasica</tag>
<status status="PASS" start="2024-06-02T21:13:45.564838" elapsed="0.141130"/>
</test>
<test id="s1-s1-t3" name="Validar estrutura de resposta" line="22">
<kw name="Teste de Estrutura de Resposta" owner="random-user-service">
<kw name="GET On Session" owner="RequestsLibrary">
<msg time="2024-06-02T21:13:45.821295" level="INFO">GET Request : url=https://randomuser.me/api 
 path_url=/api 
 headers={'User-Agent': 'python-requests/2.32.3', 'Accept-Encoding': 'gzip, deflate', 'Accept': '*/*', 'Connection': 'keep-alive'} 
 body=None 
 </msg>
<msg time="2024-06-02T21:13:45.821400" level="INFO">GET Response : url=https://randomuser.me/api 
 status=200, reason=OK 
 headers={'Date': 'Sun, 02 Jun 2024 21:13:45 GMT', 'Content-Type': 'application/json; charset=utf-8', 'Transfer-Encoding': 'chunked', 'Connection': 'keep-alive', 'X-Powered-By': 'Express', 'Access-Control-Allow-Origin': '*', 'Cache-Control': 'no-cache', 'ETag': 'W/"48c-aui79o6oMv/x4qIJvug6edtjplE"', 'Vary': 'Accept-Encoding', 'Content-Encoding': 'gzip', 'CF-Cache-Status': 'DYNAMIC', 'Report-To': '{"endpoints":[{"url":"https:\\/\\/a.nel.cloudflare.com\\/report\\/v4?s=1segAnqG3H8ZUhCvfhyJGo99tmlzRsRRP6dKob098TNtql3j09mAFfDx2x8wuDtMO1RQBkKzZ5vIQga4esfvZu9LgMoR%2F0Zy83uWCRgVd7dkwF44oFCPuOhL87fG3u8N"}],"group":"cf-nel","max_age":604800}', 'NEL': '{"success_fraction":0,"report_to":"cf-nel","max_age":604800}', 'Server': 'cloudflare', 'CF-RAY': '88da72fcbf601041-ORD', 'alt-svc': 'h3=":443"; ma=86400'} 
 body={"results":[{"gender":"male","name":{"title":"Mr","first":"Daniel","last":"Saarela"},"location":{"street":{"number":8560,"name":"Bulevardi"},"city":"Kustavi","state":"Lapland","country":"Finland","postcode":36862,"coordinates":{"latitude":"-28.0146","longitude":"-4.5100"},"timezone":{"offset":"+4:00","description":"Abu Dhabi, Muscat, Baku, Tbilisi"}},"email":"daniel.saarela@example.com","login":{"uuid":"2c9d1644-f663-4fdb-b627-6c62e9fc5eed","username":"blackkoala452","password":"grizzly","salt":"7yzm02TT","md5":"602d5adf911cd2b663c327f44c2e1add","sha1":"38707c79bf3c826bc922483e6af8eabe96f8a2c6","sha256":"9ff53dea905abab703c625c93357a60acb442cf9f91be67b97edf6cd83e09ce8"},"dob":{"date":"1987-04-16T17:21:59.238Z","age":37},"registered":{"date":"2010-03-12T07:09:06.032Z","age":14},"phone":"09-598-398","cell":"048-596-30-59","id":{"name":"HETU","value":"NaNNA301undefined"},"picture":{"large":"https://randomuser.me/api/portraits/men/16.jpg","medium":"https://randomuser.me/api/portraits/med/men/16.jpg","thumbnail":"https://randomuser.me/api/portraits/thumb/men/16.jpg"},"nat":"FI"}],"info":{"seed":"abf9374ffac9f685","results":1,"page":1,"version":"1.4"}} 
 </msg>
<msg time="2024-06-02T21:13:45.821534" level="INFO">/opt/hostedtoolcache/Python/3.12.3/x64/lib/python3.12/site-packages/urllib3/connectionpool.py:1103: InsecureRequestWarning: Unverified HTTPS request is being made to host 'randomuser.me'. Adding certificate verification is strongly advised. See: https://urllib3.readthedocs.io/en/latest/advanced-usage.html#tls-warnings
  warnings.warn(</msg>
<msg time="2024-06-02T21:13:45.821712" level="INFO">${response} = &lt;Response [200]&gt;</msg>
<var>${response}</var>
<arg>consultarAPI</arg>
<arg>/api</arg>
<doc>Sends a GET request on a previously created HTTP Session.</doc>
<status status="PASS" start="2024-06-02T21:13:45.708924" elapsed="0.112836"/>
</kw>
<kw name="Set Variable" owner="BuiltIn">
<msg time="2024-06-02T21:13:45.822983" level="INFO">${json_data} = {'results': [{'gender': 'male', 'name': {'title': 'Mr', 'first': 'Daniel', 'last': 'Saarela'}, 'location': {'street': {'number': 8560, 'name': 'Bulevardi'}, 'city': 'Kustavi', 'state': 'Lapland', 'cou...</msg>
<var>${json_data}</var>
<arg>${response.json()}</arg>
<doc>Returns the given values which can then be assigned to a variables.</doc>
<status status="PASS" start="2024-06-02T21:13:45.822397" elapsed="0.000616"/>
</kw>
<kw name="Log" owner="BuiltIn">
<msg time="2024-06-02T21:13:45.823542" level="INFO">{'results': [{'gender': 'male', 'name': {'title': 'Mr', 'first': 'Daniel', 'last': 'Saarela'}, 'location': {'street': {'number': 8560, 'name': 'Bulevardi'}, 'city': 'Kustavi', 'state': 'Lapland', 'country': 'Finland', 'postcode': 36862, 'coordinates': {'latitude': '-28.0146', 'longitude': '-4.5100'}, 'timezone': {'offset': '+4:00', 'description': 'Abu Dhabi, Muscat, Baku, Tbilisi'}}, 'email': 'daniel.saarela@example.com', 'login': {'uuid': '2c9d1644-f663-4fdb-b627-6c62e9fc5eed', 'username': 'blackkoala452', 'password': 'grizzly', 'salt': '7yzm02TT', 'md5': '602d5adf911cd2b663c327f44c2e1add', 'sha1': '38707c79bf3c826bc922483e6af8eabe96f8a2c6', 'sha256': '9ff53dea905abab703c625c93357a60acb442cf9f91be67b97edf6cd83e09ce8'}, 'dob': {'date': '1987-04-16T17:21:59.238Z', 'age': 37}, 'registered': {'date': '2010-03-12T07:09:06.032Z', 'age': 14}, 'phone': '09-598-398', 'cell': '048-596-30-59', 'id': {'name': 'HETU', 'value': 'NaNNA301undefined'}, 'picture': {'large': 'https://randomuser.me/api/portraits/men/16.jpg', 'medium': 'https://randomuser.me/api/portraits/med/men/16.jpg', 'thumbnail': 'https://randomuser.me/api/portraits/thumb/men/16.jpg'}, 'nat': 'FI'}], 'info': {'seed': 'abf9374ffac9f685', 'results': 1, 'page': 1, 'version': '1.4'}}</msg>
<arg>${json_data}</arg>
<doc>Logs the given message with the given level.</doc>
<status status="PASS" start="2024-06-02T21:13:45.823371" elapsed="0.000220"/>
</kw>
<kw name="Dictionary Should Contain Key" owner="Collections">
<msg time="2024-06-02T21:13:45.824075" level="INFO">False</msg>
<arg>${json_data}</arg>
<arg>results</arg>
<doc>Fails if ``key`` is not found from ``dictionary``.</doc>
<status status="PASS" start="2024-06-02T21:13:45.823909" elapsed="0.000203"/>
</kw>
<kw name="Should Not Be Empty" owner="BuiltIn">
<msg time="2024-06-02T21:13:45.824581" level="INFO">Length is 2.</msg>
<arg>${json_data}</arg>
<doc>Verifies that the given item is not empty.</doc>
<status status="PASS" start="2024-06-02T21:13:45.824430" elapsed="0.000192"/>
</kw>
<kw name="Create List" owner="BuiltIn">
<msg time="2024-06-02T21:13:45.825079" level="INFO">${expected_keys} = ['gender', 'name', 'location', 'email', 'login']</msg>
<var>${expected_keys}</var>
<arg>gender</arg>
<arg>name</arg>
<arg>location</arg>
<arg>email</arg>
<arg>login</arg>
<doc>Returns a list containing given items.</doc>
<status status="PASS" start="2024-06-02T21:13:45.824927" elapsed="0.000177"/>
</kw>
<for flavor="IN">
<iter>
<kw name="Dictionary Should Contain Key" owner="Collections">
<msg time="2024-06-02T21:13:45.826188" level="INFO">False</msg>
<arg>${json_data['results'][0]}</arg>
<arg>${key}</arg>
<doc>Fails if ``key`` is not found from ``dictionary``.</doc>
<status status="PASS" start="2024-06-02T21:13:45.825753" elapsed="0.000482"/>
</kw>
<kw name="Log" owner="BuiltIn">
<msg time="2024-06-02T21:13:45.826921" level="INFO">{'gender': 'male', 'name': {'title': 'Mr', 'first': 'Daniel', 'last': 'Saarela'}, 'location': {'street': {'number': 8560, 'name': 'Bulevardi'}, 'city': 'Kustavi', 'state': 'Lapland', 'country': 'Finland', 'postcode': 36862, 'coordinates': {'latitude': '-28.0146', 'longitude': '-4.5100'}, 'timezone': {'offset': '+4:00', 'description': 'Abu Dhabi, Muscat, Baku, Tbilisi'}}, 'email': 'daniel.saarela@example.com', 'login': {'uuid': '2c9d1644-f663-4fdb-b627-6c62e9fc5eed', 'username': 'blackkoala452', 'password': 'grizzly', 'salt': '7yzm02TT', 'md5': '602d5adf911cd2b663c327f44c2e1add', 'sha1': '38707c79bf3c826bc922483e6af8eabe96f8a2c6', 'sha256': '9ff53dea905abab703c625c93357a60acb442cf9f91be67b97edf6cd83e09ce8'}, 'dob': {'date': '1987-04-16T17:21:59.238Z', 'age': 37}, 'registered': {'date': '2010-03-12T07:09:06.032Z', 'age': 14}, 'phone': '09-598-398', 'cell': '048-596-30-59', 'id': {'name': 'HETU', 'value': 'NaNNA301undefined'}, 'picture': {'large': 'https://randomuser.me/api/portraits/men/16.jpg', 'medium': 'https://randomuser.me/api/portraits/med/men/16.jpg', 'thumbnail': 'https://randomuser.me/api/portraits/thumb/men/16.jpg'}, 'nat': 'FI'}</msg>
<arg>${json_data['results'][0]}</arg>
<doc>Logs the given message with the given level.</doc>
<status status="PASS" start="2024-06-02T21:13:45.826548" elapsed="0.000424"/>
</kw>
<kw name="Log" owner="BuiltIn">
<msg time="2024-06-02T21:13:45.827406" level="INFO">gender</msg>
<arg>${key}</arg>
<doc>Logs the given message with the given level.</doc>
<status status="PASS" start="2024-06-02T21:13:45.827276" elapsed="0.000168"/>
</kw>
<var name="${key}">gender</var>
<status status="PASS" start="2024-06-02T21:13:45.825575" elapsed="0.002087"/>
</iter>
<iter>
<kw name="Dictionary Should Contain Key" owner="Collections">
<msg time="2024-06-02T21:13:45.828370" level="INFO">False</msg>
<arg>${json_data['results'][0]}</arg>
<arg>${key}</arg>
<doc>Fails if ``key`` is not found from ``dictionary``.</doc>
<status status="PASS" start="2024-06-02T21:13:45.827978" elapsed="0.000430"/>
</kw>
<kw name="Log" owner="BuiltIn">
<msg time="2024-06-02T21:13:45.829118" level="INFO">{'gender': 'male', 'name': {'title': 'Mr', 'first': 'Daniel', 'last': 'Saarela'}, 'location': {'street': {'number': 8560, 'name': 'Bulevardi'}, 'city': 'Kustavi', 'state': 'Lapland', 'country': 'Finland', 'postcode': 36862, 'coordinates': {'latitude': '-28.0146', 'longitude': '-4.5100'}, 'timezone': {'offset': '+4:00', 'description': 'Abu Dhabi, Muscat, Baku, Tbilisi'}}, 'email': 'daniel.saarela@example.com', 'login': {'uuid': '2c9d1644-f663-4fdb-b627-6c62e9fc5eed', 'username': 'blackkoala452', 'password': 'grizzly', 'salt': '7yzm02TT', 'md5': '602d5adf911cd2b663c327f44c2e1add', 'sha1': '38707c79bf3c826bc922483e6af8eabe96f8a2c6', 'sha256': '9ff53dea905abab703c625c93357a60acb442cf9f91be67b97edf6cd83e09ce8'}, 'dob': {'date': '1987-04-16T17:21:59.238Z', 'age': 37}, 'registered': {'date': '2010-03-12T07:09:06.032Z', 'age': 14}, 'phone': '09-598-398', 'cell': '048-596-30-59', 'id': {'name': 'HETU', 'value': 'NaNNA301undefined'}, 'picture': {'large': 'https://randomuser.me/api/portraits/men/16.jpg', 'medium': 'https://randomuser.me/api/portraits/med/men/16.jpg', 'thumbnail': 'https://randomuser.me/api/portraits/thumb/men/16.jpg'}, 'nat': 'FI'}</msg>
<arg>${json_data['results'][0]}</arg>
<doc>Logs the given message with the given level.</doc>
<status status="PASS" start="2024-06-02T21:13:45.828745" elapsed="0.000422"/>
</kw>
<kw name="Log" owner="BuiltIn">
<msg time="2024-06-02T21:13:45.829616" level="INFO">name</msg>
<arg>${key}</arg>
<doc>Logs the given message with the given level.</doc>
<status status="PASS" start="2024-06-02T21:13:45.829489" elapsed="0.000188"/>
</kw>
<var name="${key}">name</var>
<status status="PASS" start="2024-06-02T21:13:45.827859" elapsed="0.002047"/>
</iter>
<iter>
<kw name="Dictionary Should Contain Key" owner="Collections">
<msg time="2024-06-02T21:13:45.830586" level="INFO">False</msg>
<arg>${json_data['results'][0]}</arg>
<arg>${key}</arg>
<doc>Fails if ``key`` is not found from ``dictionary``.</doc>
<status status="PASS" start="2024-06-02T21:13:45.830204" elapsed="0.000420"/>
</kw>
<kw name="Log" owner="BuiltIn">
<msg time="2024-06-02T21:13:45.831301" level="INFO">{'gender': 'male', 'name': {'title': 'Mr', 'first': 'Daniel', 'last': 'Saarela'}, 'location': {'street': {'number': 8560, 'name': 'Bulevardi'}, 'city': 'Kustavi', 'state': 'Lapland', 'country': 'Finland', 'postcode': 36862, 'coordinates': {'latitude': '-28.0146', 'longitude': '-4.5100'}, 'timezone': {'offset': '+4:00', 'description': 'Abu Dhabi, Muscat, Baku, Tbilisi'}}, 'email': 'daniel.saarela@example.com', 'login': {'uuid': '2c9d1644-f663-4fdb-b627-6c62e9fc5eed', 'username': 'blackkoala452', 'password': 'grizzly', 'salt': '7yzm02TT', 'md5': '602d5adf911cd2b663c327f44c2e1add', 'sha1': '38707c79bf3c826bc922483e6af8eabe96f8a2c6', 'sha256': '9ff53dea905abab703c625c93357a60acb442cf9f91be67b97edf6cd83e09ce8'}, 'dob': {'date': '1987-04-16T17:21:59.238Z', 'age': 37}, 'registered': {'date': '2010-03-12T07:09:06.032Z', 'age': 14}, 'phone': '09-598-398', 'cell': '048-596-30-59', 'id': {'name': 'HETU', 'value': 'NaNNA301undefined'}, 'picture': {'large': 'https://randomuser.me/api/portraits/men/16.jpg', 'medium': 'https://randomuser.me/api/portraits/med/men/16.jpg', 'thumbnail': 'https://randomuser.me/api/portraits/thumb/men/16.jpg'}, 'nat': 'FI'}</msg>
<arg>${json_data['results'][0]}</arg>
<doc>Logs the given message with the given level.</doc>
<status status="PASS" start="2024-06-02T21:13:45.830937" elapsed="0.000414"/>
</kw>
<kw name="Log" owner="BuiltIn">
<msg time="2024-06-02T21:13:45.831777" level="INFO">location</msg>
<arg>${key}</arg>
<doc>Logs the given message with the given level.</doc>
<status status="PASS" start="2024-06-02T21:13:45.831651" elapsed="0.000164"/>
</kw>
<var name="${key}">location</var>
<status status="PASS" start="2024-06-02T21:13:45.830089" elapsed="0.001941"/>
</iter>
<iter>
<kw name="Dictionary Should Contain Key" owner="Collections">
<msg time="2024-06-02T21:13:45.832814" level="INFO">False</msg>
<arg>${json_data['results'][0]}</arg>
<arg>${key}</arg>
<doc>Fails if ``key`` is not found from ``dictionary``.</doc>
<status status="PASS" start="2024-06-02T21:13:45.832320" elapsed="0.000532"/>
</kw>
<kw name="Log" owner="BuiltIn">
<msg time="2024-06-02T21:13:45.833511" level="INFO">{'gender': 'male', 'name': {'title': 'Mr', 'first': 'Daniel', 'last': 'Saarela'}, 'location': {'street': {'number': 8560, 'name': 'Bulevardi'}, 'city': 'Kustavi', 'state': 'Lapland', 'country': 'Finland', 'postcode': 36862, 'coordinates': {'latitude': '-28.0146', 'longitude': '-4.5100'}, 'timezone': {'offset': '+4:00', 'description': 'Abu Dhabi, Muscat, Baku, Tbilisi'}}, 'email': 'daniel.saarela@example.com', 'login': {'uuid': '2c9d1644-f663-4fdb-b627-6c62e9fc5eed', 'username': 'blackkoala452', 'password': 'grizzly', 'salt': '7yzm02TT', 'md5': '602d5adf911cd2b663c327f44c2e1add', 'sha1': '38707c79bf3c826bc922483e6af8eabe96f8a2c6', 'sha256': '9ff53dea905abab703c625c93357a60acb442cf9f91be67b97edf6cd83e09ce8'}, 'dob': {'date': '1987-04-16T17:21:59.238Z', 'age': 37}, 'registered': {'date': '2010-03-12T07:09:06.032Z', 'age': 14}, 'phone': '09-598-398', 'cell': '048-596-30-59', 'id': {'name': 'HETU', 'value': 'NaNNA301undefined'}, 'picture': {'large': 'https://randomuser.me/api/portraits/men/16.jpg', 'medium': 'https://randomuser.me/api/portraits/med/men/16.jpg', 'thumbnail': 'https://randomuser.me/api/portraits/thumb/men/16.jpg'}, 'nat': 'FI'}</msg>
<arg>${json_data['results'][0]}</arg>
<doc>Logs the given message with the given level.</doc>
<status status="PASS" start="2024-06-02T21:13:45.833149" elapsed="0.000412"/>
</kw>
<kw name="Log" owner="BuiltIn">
<msg time="2024-06-02T21:13:45.834041" level="INFO">email</msg>
<arg>${key}</arg>
<doc>Logs the given message with the given level.</doc>
<status status="PASS" start="2024-06-02T21:13:45.833912" elapsed="0.000167"/>
</kw>
<var name="${key}">email</var>
<status status="PASS" start="2024-06-02T21:13:45.832208" elapsed="0.002102"/>
</iter>
<iter>
<kw name="Dictionary Should Contain Key" owner="Collections">
<msg time="2024-06-02T21:13:45.834985" level="INFO">False</msg>
<arg>${json_data['results'][0]}</arg>
<arg>${key}</arg>
<doc>Fails if ``key`` is not found from ``dictionary``.</doc>
<status status="PASS" start="2024-06-02T21:13:45.834603" elapsed="0.000419"/>
</kw>
<kw name="Log" owner="BuiltIn">
<msg time="2024-06-02T21:13:45.835679" level="INFO">{'gender': 'male', 'name': {'title': 'Mr', 'first': 'Daniel', 'last': 'Saarela'}, 'location': {'street': {'number': 8560, 'name': 'Bulevardi'}, 'city': 'Kustavi', 'state': 'Lapland', 'country': 'Finland', 'postcode': 36862, 'coordinates': {'latitude': '-28.0146', 'longitude': '-4.5100'}, 'timezone': {'offset': '+4:00', 'description': 'Abu Dhabi, Muscat, Baku, Tbilisi'}}, 'email': 'daniel.saarela@example.com', 'login': {'uuid': '2c9d1644-f663-4fdb-b627-6c62e9fc5eed', 'username': 'blackkoala452', 'password': 'grizzly', 'salt': '7yzm02TT', 'md5': '602d5adf911cd2b663c327f44c2e1add', 'sha1': '38707c79bf3c826bc922483e6af8eabe96f8a2c6', 'sha256': '9ff53dea905abab703c625c93357a60acb442cf9f91be67b97edf6cd83e09ce8'}, 'dob': {'date': '1987-04-16T17:21:59.238Z', 'age': 37}, 'registered': {'date': '2010-03-12T07:09:06.032Z', 'age': 14}, 'phone': '09-598-398', 'cell': '048-596-30-59', 'id': {'name': 'HETU', 'value': 'NaNNA301undefined'}, 'picture': {'large': 'https://randomuser.me/api/portraits/men/16.jpg', 'medium': 'https://randomuser.me/api/portraits/med/men/16.jpg', 'thumbnail': 'https://randomuser.me/api/portraits/thumb/men/16.jpg'}, 'nat': 'FI'}</msg>
<arg>${json_data['results'][0]}</arg>
<doc>Logs the given message with the given level.</doc>
<status status="PASS" start="2024-06-02T21:13:45.835319" elapsed="0.000408"/>
</kw>
<kw name="Log" owner="BuiltIn">
<msg time="2024-06-02T21:13:45.836153" level="INFO">login</msg>
<arg>${key}</arg>
<doc>Logs the given message with the given level.</doc>
<status status="PASS" start="2024-06-02T21:13:45.836022" elapsed="0.000170"/>
</kw>
<var name="${key}">login</var>
<status status="PASS" start="2024-06-02T21:13:45.834490" elapsed="0.001944"/>
</iter>
<var>${key}</var>
<value>@{expected_keys}</value>
<status status="PASS" start="2024-06-02T21:13:45.825376" elapsed="0.011185"/>
</for>
<kw name="Create List" owner="BuiltIn">
<msg time="2024-06-02T21:13:45.836895" level="INFO">${expected_keysTwo} = ['username', 'password']</msg>
<var>${expected_keysTwo}</var>
<arg>username</arg>
<arg>password</arg>
<doc>Returns a list containing given items.</doc>
<status status="PASS" start="2024-06-02T21:13:45.836757" elapsed="0.000162"/>
</kw>
<for flavor="IN">
<iter>
<kw name="Dictionary Should Contain Key" owner="Collections">
<msg time="2024-06-02T21:13:45.837833" level="INFO">False</msg>
<arg>${json_data['results'][0]['login']}</arg>
<arg>${keyTwo}</arg>
<doc>Fails if ``key`` is not found from ``dictionary``.</doc>
<status status="PASS" start="2024-06-02T21:13:45.837425" elapsed="0.000445"/>
</kw>
<kw name="Dictionary Should Contain Key" owner="Collections">
<msg time="2024-06-02T21:13:45.838547" level="INFO">False</msg>
<arg>${json_data['results'][0]['login']}</arg>
<arg>${keyTwo}</arg>
<doc>Fails if ``key`` is not found from ``dictionary``.</doc>
<status status="PASS" start="2024-06-02T21:13:45.838166" elapsed="0.000421"/>
</kw>
<kw name="Log" owner="BuiltIn">
<msg time="2024-06-02T21:13:45.839041" level="INFO">username</msg>
<arg>${keyTwo}</arg>
<doc>Logs the given message with the given level.</doc>
<status status="PASS" start="2024-06-02T21:13:45.838913" elapsed="0.000165"/>
</kw>
<var name="${keyTwo}">username</var>
<status status="PASS" start="2024-06-02T21:13:45.837314" elapsed="0.001979"/>
</iter>
<iter>
<kw name="Dictionary Should Contain Key" owner="Collections">
<msg time="2024-06-02T21:13:45.839965" level="INFO">False</msg>
<arg>${json_data['results'][0]['login']}</arg>
<arg>${keyTwo}</arg>
<doc>Fails if ``key`` is not found from ``dictionary``.</doc>
<status status="PASS" start="2024-06-02T21:13:45.839577" elapsed="0.000426"/>
</kw>
<kw name="Dictionary Should Contain Key" owner="Collections">
<msg time="2024-06-02T21:13:45.840676" level="INFO">False</msg>
<arg>${json_data['results'][0]['login']}</arg>
<arg>${keyTwo}</arg>
<doc>Fails if ``key`` is not found from ``dictionary``.</doc>
<status status="PASS" start="2024-06-02T21:13:45.840298" elapsed="0.000415"/>
</kw>
<kw name="Log" owner="BuiltIn">
<msg time="2024-06-02T21:13:45.841150" level="INFO">password</msg>
<arg>${keyTwo}</arg>
<doc>Logs the given message with the given level.</doc>
<status status="PASS" start="2024-06-02T21:13:45.841026" elapsed="0.000161"/>
</kw>
<var name="${keyTwo}">password</var>
<status status="PASS" start="2024-06-02T21:13:45.839466" elapsed="0.001941"/>
</iter>
<var>${keyTwo}</var>
<value>@{expected_keysTwo}</value>
<status status="PASS" start="2024-06-02T21:13:45.837161" elapsed="0.004366"/>
</for>
<status status="PASS" start="2024-06-02T21:13:45.708633" elapsed="0.133074"/>
</kw>
<doc>Testa a estrutura da resposta da API.</doc>
<tag>testeEstruturaResposta</tag>
<status status="PASS" start="2024-06-02T21:13:45.707911" elapsed="0.133962"/>
</test>
<test id="s1-s1-t4" name="Validar tipos de dados" line="28">
<kw name="Teste de Tipos de Dados" owner="random-user-service">
<kw name="GET On Session" owner="RequestsLibrary">
<msg time="2024-06-02T21:13:45.913145" level="INFO">GET Request : url=https://randomuser.me/api 
 path_url=/api 
 headers={'User-Agent': 'python-requests/2.32.3', 'Accept-Encoding': 'gzip, deflate', 'Accept': '*/*', 'Connection': 'keep-alive'} 
 body=None 
 </msg>
<msg time="2024-06-02T21:13:45.913254" level="INFO">GET Response : url=https://randomuser.me/api 
 status=200, reason=OK 
 headers={'Date': 'Sun, 02 Jun 2024 21:13:45 GMT', 'Content-Type': 'application/json; charset=utf-8', 'Transfer-Encoding': 'chunked', 'Connection': 'keep-alive', 'X-Powered-By': 'Express', 'Access-Control-Allow-Origin': '*', 'Cache-Control': 'no-cache', 'ETag': 'W/"49f-0XMH3J1vzPoovjFctTcJ/NxNLYk"', 'Vary': 'Accept-Encoding', 'Content-Encoding': 'gzip', 'CF-Cache-Status': 'DYNAMIC', 'Report-To': '{"endpoints":[{"url":"https:\\/\\/a.nel.cloudflare.com\\/report\\/v4?s=30mJUVq8lZQhb6E9XTpxW5Ua8wTbBpZkvt9A%2Fl5WqMIsJ45gj%2FYdZKUNi67N8BmdK%2FCmhK9ragwMS10rHkUHQPntMx7P%2BpWEftYDsrxDcquTf%2BSn%2FkDQRqri6yn2wXD6"}],"group":"cf-nel","max_age":604800}', 'NEL': '{"success_fraction":0,"report_to":"cf-nel","max_age":604800}', 'Server': 'cloudflare', 'CF-RAY': '88da72fd888f1041-ORD', 'alt-svc': 'h3=":443"; ma=86400'} 
 body={"results":[{"gender":"female","name":{"title":"Ms","first":"Jolanthe","last":"Stemmer"},"location":{"street":{"number":3665,"name":"Friedhofstraße"},"city":"Bonn","state":"Berlin","country":"Germany","postcode":74472,"coordinates":{"latitude":"-55.6189","longitude":"55.7889"},"timezone":{"offset":"-4:00","description":"Atlantic Time (Canada), Caracas, La Paz"}},"email":"jolanthe.stemmer@example.com","login":{"uuid":"8dc45522-b2d8-42ab-9b5b-b81074fa1b52","username":"sadpanda574","password":"fernando","salt":"j2IlQTLT","md5":"9b00389b9ed79b99a7d4e769e1891fd6","sha1":"0b43224db811adaa6367f788bb76e8f2ec84afa7","sha256":"2ad2db40516dafda992f19af05a017a48669348dffec0a243bdbca7e73839faf"},"dob":{"date":"1950-11-19T06:53:39.939Z","age":73},"registered":{"date":"2002-04-19T09:44:54.873Z","age":22},"phone":"0396-0731670","cell":"0173-7200910","id":{"name":"SVNR","value":"69 191150 S 986"},"picture":{"large":"https://randomuser.me/api/portraits/women/45.jpg","medium":"https://randomuser.me/api/portraits/med/women/45.jpg","thumbnail":"https://randomuser.me/api/portraits/thumb/women/45.jpg"},"nat":"DE"}],"info":{"seed":"60c85ba12284c2e0","results":1,"page":1,"version":"1.4"}} 
 </msg>
<msg time="2024-06-02T21:13:45.913339" level="INFO">/opt/hostedtoolcache/Python/3.12.3/x64/lib/python3.12/site-packages/urllib3/connectionpool.py:1103: InsecureRequestWarning: Unverified HTTPS request is being made to host 'randomuser.me'. Adding certificate verification is strongly advised. See: https://urllib3.readthedocs.io/en/latest/advanced-usage.html#tls-warnings
  warnings.warn(</msg>
<msg time="2024-06-02T21:13:45.913464" level="INFO">${response} = &lt;Response [200]&gt;</msg>
<var>${response}</var>
<arg>consultarAPI</arg>
<arg>/api</arg>
<doc>Sends a GET request on a previously created HTTP Session.</doc>
<status status="PASS" start="2024-06-02T21:13:45.844479" elapsed="0.069025"/>
</kw>
<kw name="Set Variable" owner="BuiltIn">
<msg time="2024-06-02T21:13:45.914773" level="INFO">${json_data} = {'results': [{'gender': 'female', 'name': {'title': 'Ms', 'first': 'Jolanthe', 'last': 'Stemmer'}, 'location': {'street': {'number': 3665, 'name': 'Friedhofstraße'}, 'city': 'Bonn', 'state': 'Berlin',...</msg>
<var>${json_data}</var>
<arg>${response.json()}</arg>
<doc>Returns the given values which can then be assigned to a variables.</doc>
<status status="PASS" start="2024-06-02T21:13:45.914181" elapsed="0.000624"/>
</kw>
<kw name="Log" owner="BuiltIn">
<msg time="2024-06-02T21:13:45.915356" level="INFO">{'results': [{'gender': 'female', 'name': {'title': 'Ms', 'first': 'Jolanthe', 'last': 'Stemmer'}, 'location': {'street': {'number': 3665, 'name': 'Friedhofstraße'}, 'city': 'Bonn', 'state': 'Berlin', 'country': 'Germany', 'postcode': 74472, 'coordinates': {'latitude': '-55.6189', 'longitude': '55.7889'}, 'timezone': {'offset': '-4:00', 'description': 'Atlantic Time (Canada), Caracas, La Paz'}}, 'email': 'jolanthe.stemmer@example.com', 'login': {'uuid': '8dc45522-b2d8-42ab-9b5b-b81074fa1b52', 'username': 'sadpanda574', 'password': 'fernando', 'salt': 'j2IlQTLT', 'md5': '9b00389b9ed79b99a7d4e769e1891fd6', 'sha1': '0b43224db811adaa6367f788bb76e8f2ec84afa7', 'sha256': '2ad2db40516dafda992f19af05a017a48669348dffec0a243bdbca7e73839faf'}, 'dob': {'date': '1950-11-19T06:53:39.939Z', 'age': 73}, 'registered': {'date': '2002-04-19T09:44:54.873Z', 'age': 22}, 'phone': '0396-0731670', 'cell': '0173-7200910', 'id': {'name': 'SVNR', 'value': '69 191150 S 986'}, 'picture': {'large': 'https://randomuser.me/api/portraits/women/45.jpg', 'medium': 'https://randomuser.me/api/portraits/med/women/45.jpg', 'thumbnail': 'https://randomuser.me/api/portraits/thumb/women/45.jpg'}, 'nat': 'DE'}], 'info': {'seed': '60c85ba12284c2e0', 'results': 1, 'page': 1, 'version': '1.4'}}</msg>
<arg>${json_data}</arg>
<doc>Logs the given message with the given level.</doc>
<status status="PASS" start="2024-06-02T21:13:45.915178" elapsed="0.000270"/>
</kw>
<kw name="Should Be String" owner="String">
<arg>${json_data['results'][0]['gender']}</arg>
<doc>Fails if the given ``item`` is not a string.</doc>
<status status="PASS" start="2024-06-02T21:13:45.915790" elapsed="0.000394"/>
</kw>
<kw name="Should Match Regexp" owner="BuiltIn">
<arg>${json_data['results'][0]['email']}</arg>
<arg>^[a-zA-Z0-9._%+-]+@[a-zA-Z0-9.-]+\.[a-zA-Z]{2,}$</arg>
<doc>Fails if ``string`` does not match ``pattern`` as a regular expression.</doc>
<status status="PASS" start="2024-06-02T21:13:45.916385" elapsed="0.000693"/>
</kw>
<kw name="Should Match Regexp" owner="BuiltIn">
<arg>${json_data['results'][0]['dob']['date']}</arg>
<arg>\\d{4}-\\d{2}-\\d{2}T\\d{2}:\\d{2}:\\d{2}\\.\\d{3}Z</arg>
<doc>Fails if ``string`` does not match ``pattern`` as a regular expression.</doc>
<status status="PASS" start="2024-06-02T21:13:45.917284" elapsed="0.000552"/>
</kw>
<kw name="Should Match Regexp" owner="BuiltIn">
<arg>${json_data['results'][0]['registered']['date']}</arg>
<arg>\\d{4}-\\d{2}-\\d{2}T\\d{2}:\\d{2}:\\d{2}\\.\\d{3}Z</arg>
<doc>Fails if ``string`` does not match ``pattern`` as a regular expression.</doc>
<status status="PASS" start="2024-06-02T21:13:45.918039" elapsed="0.000374"/>
</kw>
<kw name="Should Match Regexp" owner="BuiltIn">
<arg>${json_data['results'][0]['picture']['large']}</arg>
<arg>^https?://.*\.(?:png|jpe?g|gif|bmp)$</arg>
<doc>Fails if ``string`` does not match ``pattern`` as a regular expression.</doc>
<status status="PASS" start="2024-06-02T21:13:45.918614" elapsed="0.000466"/>
</kw>
<kw name="Should Match Regexp" owner="BuiltIn">
<arg>${json_data['results'][0]['picture']['medium']}</arg>
<arg>^https?://.*\.(?:png|jpe?g|gif|bmp)$</arg>
<doc>Fails if ``string`` does not match ``pattern`` as a regular expression.</doc>
<status status="PASS" start="2024-06-02T21:13:45.919271" elapsed="0.000360"/>
</kw>
<kw name="Should Match Regexp" owner="BuiltIn">
<arg>${json_data['results'][0]['picture']['thumbnail']}</arg>
<arg>^https?://.*\.(?:png|jpe?g|gif|bmp)$</arg>
<doc>Fails if ``string`` does not match ``pattern`` as a regular expression.</doc>
<status status="PASS" start="2024-06-02T21:13:45.919823" elapsed="0.000346"/>
</kw>
<kw name="Log" owner="BuiltIn">
<msg time="2024-06-02T21:13:45.920676" level="INFO">{'large': 'https://randomuser.me/api/portraits/women/45.jpg', 'medium': 'https://randomuser.me/api/portraits/med/women/45.jpg', 'thumbnail': 'https://randomuser.me/api/portraits/thumb/women/45.jpg'}</msg>
<arg>${json_data['results'][0]['picture']}</arg>
<doc>Logs the given message with the given level.</doc>
<status status="PASS" start="2024-06-02T21:13:45.920351" elapsed="0.000372"/>
</kw>
<status status="PASS" start="2024-06-02T21:13:45.844236" elapsed="0.076767"/>
</kw>
<kw name="Teste de Tipos de Dados - Postcode" owner="random-user-service">
<kw name="GET On Session" owner="RequestsLibrary">
<msg time="2024-06-02T21:13:46.018327" level="INFO">GET Request : url=https://randomuser.me/api 
 path_url=/api 
 headers={'User-Agent': 'python-requests/2.32.3', 'Accept-Encoding': 'gzip, deflate', 'Accept': '*/*', 'Connection': 'keep-alive'} 
 body=None 
 </msg>
<msg time="2024-06-02T21:13:46.018438" level="INFO">GET Response : url=https://randomuser.me/api 
 status=200, reason=OK 
 headers={'Date': 'Sun, 02 Jun 2024 21:13:46 GMT', 'Content-Type': 'application/json; charset=utf-8', 'Transfer-Encoding': 'chunked', 'Connection': 'keep-alive', 'X-Powered-By': 'Express', 'Access-Control-Allow-Origin': '*', 'Cache-Control': 'no-cache', 'ETag': 'W/"481-AC0sDfHSWbYi8ZPj0JDPPSY0Z+s"', 'Vary': 'Accept-Encoding', 'Content-Encoding': 'gzip', 'CF-Cache-Status': 'DYNAMIC', 'Report-To': '{"endpoints":[{"url":"https:\\/\\/a.nel.cloudflare.com\\/report\\/v4?s=6bl30HIfDp1VIUyiFNOkkhBOMemx5%2FJTnzOAoXrFt7ObfTMxWf1lz2Vt2JubzIt7KGkXOvTqBtCpgdOqNnVBPwADhVx7H6AsoR%2BIudQFuJCvIH9Yrem5IOj0WK%2FfG%2FVg"}],"group":"cf-nel","max_age":604800}', 'NEL': '{"success_fraction":0,"report_to":"cf-nel","max_age":604800}', 'Server': 'cloudflare', 'CF-RAY': '88da72fe09351041-ORD', 'alt-svc': 'h3=":443"; ma=86400'} 
 body={"results":[{"gender":"male","name":{"title":"Mr","first":"Linus","last":"Dreßler"},"location":{"street":{"number":9472,"name":"Am Sportplatz"},"city":"Olpe","state":"Baden-Württemberg","country":"Germany","postcode":80419,"coordinates":{"latitude":"-47.5886","longitude":"-84.1398"},"timezone":{"offset":"-3:30","description":"Newfoundland"}},"email":"linus.dressler@example.com","login":{"uuid":"a24f0a0c-45c2-4073-8027-2638057118cb","username":"bigladybug216","password":"6666","salt":"twYkbEnF","md5":"0edc1fe141cded622058e66aad62aa80","sha1":"59c225bc1420a538eb44a7951e48027d03d26596","sha256":"d4c2fb88676e76f53083888a68184d0655d29b2da93938cfda17433078148205"},"dob":{"date":"1966-03-28T21:54:52.395Z","age":58},"registered":{"date":"2007-02-16T16:14:30.569Z","age":17},"phone":"0034-0158655","cell":"0171-2588110","id":{"name":"SVNR","value":"24 280366 D 104"},"picture":{"large":"https://randomuser.me/api/portraits/men/52.jpg","medium":"https://randomuser.me/api/portraits/med/men/52.jpg","thumbnail":"https://randomuser.me/api/portraits/thumb/men/52.jpg"},"nat":"DE"}],"info":{"seed":"10671e726b86f490","results":1,"page":1,"version":"1.4"}} 
 </msg>
<msg time="2024-06-02T21:13:46.018522" level="INFO">/opt/hostedtoolcache/Python/3.12.3/x64/lib/python3.12/site-packages/urllib3/connectionpool.py:1103: InsecureRequestWarning: Unverified HTTPS request is being made to host 'randomuser.me'. Adding certificate verification is strongly advised. See: https://urllib3.readthedocs.io/en/latest/advanced-usage.html#tls-warnings
  warnings.warn(</msg>
<msg time="2024-06-02T21:13:46.018652" level="INFO">${response} = &lt;Response [200]&gt;</msg>
<var>${response}</var>
<arg>consultarAPI</arg>
<arg>/api</arg>
<doc>Sends a GET request on a previously created HTTP Session.</doc>
<status status="PASS" start="2024-06-02T21:13:45.921492" elapsed="0.097199"/>
</kw>
<kw name="Set Variable" owner="BuiltIn">
<msg time="2024-06-02T21:13:46.019910" level="INFO">${json_data} = {'results': [{'gender': 'male', 'name': {'title': 'Mr', 'first': 'Linus', 'last': 'Dreßler'}, 'location': {'street': {'number': 9472, 'name': 'Am Sportplatz'}, 'city': 'Olpe', 'state': 'Baden-Württemb...</msg>
<var>${json_data}</var>
<arg>${response.json()}</arg>
<doc>Returns the given values which can then be assigned to a variables.</doc>
<status status="PASS" start="2024-06-02T21:13:46.019321" elapsed="0.000618"/>
</kw>
<kw name="Log" owner="BuiltIn">
<msg time="2024-06-02T21:13:46.020493" level="INFO">{'results': [{'gender': 'male', 'name': {'title': 'Mr', 'first': 'Linus', 'last': 'Dreßler'}, 'location': {'street': {'number': 9472, 'name': 'Am Sportplatz'}, 'city': 'Olpe', 'state': 'Baden-Württemberg', 'country': 'Germany', 'postcode': 80419, 'coordinates': {'latitude': '-47.5886', 'longitude': '-84.1398'}, 'timezone': {'offset': '-3:30', 'description': 'Newfoundland'}}, 'email': 'linus.dressler@example.com', 'login': {'uuid': 'a24f0a0c-45c2-4073-8027-2638057118cb', 'username': 'bigladybug216', 'password': '6666', 'salt': 'twYkbEnF', 'md5': '0edc1fe141cded622058e66aad62aa80', 'sha1': '59c225bc1420a538eb44a7951e48027d03d26596', 'sha256': 'd4c2fb88676e76f53083888a68184d0655d29b2da93938cfda17433078148205'}, 'dob': {'date': '1966-03-28T21:54:52.395Z', 'age': 58}, 'registered': {'date': '2007-02-16T16:14:30.569Z', 'age': 17}, 'phone': '0034-0158655', 'cell': '0171-2588110', 'id': {'name': 'SVNR', 'value': '24 280366 D 104'}, 'picture': {'large': 'https://randomuser.me/api/portraits/men/52.jpg', 'medium': 'https://randomuser.me/api/portraits/med/men/52.jpg', 'thumbnail': 'https://randomuser.me/api/portraits/thumb/men/52.jpg'}, 'nat': 'DE'}], 'info': {'seed': '10671e726b86f490', 'results': 1, 'page': 1, 'version': '1.4'}}</msg>
<arg>${json_data}</arg>
<doc>Logs the given message with the given level.</doc>
<status status="PASS" start="2024-06-02T21:13:46.020319" elapsed="0.000259"/>
</kw>
<kw name="Should Be Equal As Numbers" owner="BuiltIn">
<arg>${json_data['results'][0]['location']['postcode']}</arg>
<arg>${json_data['results'][0]['location']['postcode']}</arg>
<doc>Fails if objects are unequal after converting them to real numbers.</doc>
<status status="PASS" start="2024-06-02T21:13:46.020906" elapsed="0.000652"/>
</kw>
<kw name="Log" owner="BuiltIn">
<msg time="2024-06-02T21:13:46.022159" level="INFO">80419</msg>
<arg>${json_data['results'][0]['location']['postcode']}</arg>
<doc>Logs the given message with the given level.</doc>
<status status="PASS" start="2024-06-02T21:13:46.021815" elapsed="0.000387"/>
</kw>
<status status="PASS" start="2024-06-02T21:13:45.921256" elapsed="0.101213"/>
</kw>
<doc>Testa se os tipos de dados na resposta da API estão corretos.</doc>
<tag>testeTiposDados</tag>
<status status="PASS" start="2024-06-02T21:13:45.843619" elapsed="0.179029"/>
</test>
<test id="s1-s1-t5" name="Validar conteudo" line="35">
<kw name="Teste de Tipos de Conteudo" owner="random-user-service">
<kw name="GET On Session" owner="RequestsLibrary">
<msg time="2024-06-02T21:13:46.342938" level="INFO">GET Request : url=https://randomuser.me/api 
 path_url=/api 
 headers={'User-Agent': 'python-requests/2.32.3', 'Accept-Encoding': 'gzip, deflate', 'Accept': '*/*', 'Connection': 'keep-alive'} 
 body=None 
 </msg>
<msg time="2024-06-02T21:13:46.343053" level="INFO">GET Response : url=https://randomuser.me/api 
 status=200, reason=OK 
 headers={'Date': 'Sun, 02 Jun 2024 21:13:46 GMT', 'Content-Type': 'application/json; charset=utf-8', 'Transfer-Encoding': 'chunked', 'Connection': 'keep-alive', 'X-Powered-By': 'Express', 'Access-Control-Allow-Origin': '*', 'Cache-Control': 'no-cache', 'ETag': 'W/"48a-z1Af0Uy4mS1yXktMSx1GYDyVWaU"', 'Vary': 'Accept-Encoding', 'Content-Encoding': 'gzip', 'CF-Cache-Status': 'DYNAMIC', 'Report-To': '{"endpoints":[{"url":"https:\\/\\/a.nel.cloudflare.com\\/report\\/v4?s=xpnKgLjAlNDYWco8bUFHivixPn%2FW%2Fnw2janPPwkkHW6I4fXGstWjwrIzFjTtOkhi4oopf2fVMV5iYTQIWh5xQJao%2FxcySWcce1h4oYmrbDkrI%2B%2BfjdnTGbtB1%2FQCH5iA"}],"group":"cf-nel","max_age":604800}', 'NEL': '{"success_fraction":0,"report_to":"cf-nel","max_age":604800}', 'Server': 'cloudflare', 'CF-RAY': '88da72feaa951041-ORD', 'alt-svc': 'h3=":443"; ma=86400'} 
 body={"results":[{"gender":"female","name":{"title":"Ms","first":"Norah","last":"Heggdal"},"location":{"street":{"number":5162,"name":"Bjørnslettstubben"},"city":"Grimstad","state":"Akershus","country":"Norway","postcode":"0654","coordinates":{"latitude":"45.4905","longitude":"4.4894"},"timezone":{"offset":"+4:00","description":"Abu Dhabi, Muscat, Baku, Tbilisi"}},"email":"norah.heggdal@example.com","login":{"uuid":"c4f98130-dda4-4999-8c49-95ad7627c4e0","username":"organiclion423","password":"dixie","salt":"2PpLMMXY","md5":"68937e8b6833a8a07b58b0d90f63670e","sha1":"303eb1e258940271d2a06d984e6d18b60d3e4d9d","sha256":"2f451029618bc5504f73483ded78271d3794d5a35695152cc9620ec04b3f0bbf"},"dob":{"date":"1981-08-07T05:45:06.095Z","age":42},"registered":{"date":"2019-09-02T15:19:32.804Z","age":4},"phone":"51472807","cell":"92014619","id":{"name":"FN","value":"07088113645"},"picture":{"large":"https://randomuser.me/api/portraits/women/46.jpg","medium":"https://randomuser.me/api/portraits/med/women/46.jpg","thumbnail":"https://randomuser.me/api/portraits/thumb/women/46.jpg"},"nat":"NO"}],"info":{"seed":"7e4dab24d516e922","results":1,"page":1,"version":"1.4"}} 
 </msg>
<msg time="2024-06-02T21:13:46.343137" level="INFO">/opt/hostedtoolcache/Python/3.12.3/x64/lib/python3.12/site-packages/urllib3/connectionpool.py:1103: InsecureRequestWarning: Unverified HTTPS request is being made to host 'randomuser.me'. Adding certificate verification is strongly advised. See: https://urllib3.readthedocs.io/en/latest/advanced-usage.html#tls-warnings
  warnings.warn(</msg>
<msg time="2024-06-02T21:13:46.343272" level="INFO">${response} = &lt;Response [200]&gt;</msg>
<var>${response}</var>
<arg>consultarAPI</arg>
<arg>/api</arg>
<doc>Sends a GET request on a previously created HTTP Session.</doc>
<status status="PASS" start="2024-06-02T21:13:46.025239" elapsed="0.318070"/>
</kw>
<kw name="Set Variable" owner="BuiltIn">
<msg time="2024-06-02T21:13:46.344373" level="INFO">${json_data} = {'results': [{'gender': 'female', 'name': {'title': 'Ms', 'first': 'Norah', 'last': 'Heggdal'}, 'location': {'street': {'number': 5162, 'name': 'Bjørnslettstubben'}, 'city': 'Grimstad', 'state': 'Aker...</msg>
<var>${json_data}</var>
<arg>${response.json()}</arg>
<doc>Returns the given values which can then be assigned to a variables.</doc>
<status status="PASS" start="2024-06-02T21:13:46.343840" elapsed="0.000568"/>
</kw>
<kw name="Set Variable" owner="BuiltIn">
<msg time="2024-06-02T21:13:46.345102" level="INFO">${name_title} = Ms</msg>
<var>${name_title}</var>
<arg>${json_data["results"][0]["name"]["title"]}</arg>
<doc>Returns the given values which can then be assigned to a variables.</doc>
<status status="PASS" start="2024-06-02T21:13:46.344723" elapsed="0.000404"/>
</kw>
<kw name="Create List" owner="BuiltIn">
<msg time="2024-06-02T21:13:46.345592" level="INFO">${allowed_titles} = ['Mr', 'Ms', 'Miss', 'Mrs', 'Madame', 'Monsieur']</msg>
<var>${allowed_titles}</var>
<arg>Mr</arg>
<arg>Ms</arg>
<arg>Miss</arg>
<arg>Mrs</arg>
<arg>Madame</arg>
<arg>Monsieur</arg>
<doc>Returns a list containing given items.</doc>
<status status="PASS" start="2024-06-02T21:13:46.345435" elapsed="0.000181"/>
</kw>
<kw name="List Should Contain Value" owner="Collections">
<msg time="2024-06-02T21:13:46.346155" level="INFO">False</msg>
<arg>${allowed_titles}</arg>
<arg>${name_title}</arg>
<doc>Fails if the ``value`` is not found from ``list``.</doc>
<status status="PASS" start="2024-06-02T21:13:46.345980" elapsed="0.000211"/>
</kw>
<kw name="Set Variable" owner="BuiltIn">
<msg time="2024-06-02T21:13:46.347046" level="INFO">${name_country} = NO</msg>
<var>${name_country}</var>
<arg>${json_data["results"][0]["nat"]}</arg>
<doc>Returns the given values which can then be assigned to a variables.</doc>
<status status="PASS" start="2024-06-02T21:13:46.346483" elapsed="0.000588"/>
</kw>
<kw name="Create List" owner="BuiltIn">
<msg time="2024-06-02T21:13:46.348070" level="INFO">${list_country} = ['AD', 'AE', 'AF', 'AG', 'AI', 'AL', 'AM', 'AO', 'AQ', 'AR', 'AS', 'AT', 'AU', 'AW', 'AX', 'AZ', 'BA', 'BB', 'BD', 'BE', 'BF', 'BG', 'BH', 'BI', 'BJ', 'BL', 'BM', 'BN', 'BO', 'BQ', 'BR', 'BS', 'BT', '...</msg>
<var>${list_country}</var>
<arg>AD</arg>
<arg>AE</arg>
<arg>AF</arg>
<arg>AG</arg>
<arg>AI</arg>
<arg>AL</arg>
<arg>AM</arg>
<arg>AO</arg>
<arg>AQ</arg>
<arg>AR</arg>
<arg>AS</arg>
<arg>AT</arg>
<arg>AU</arg>
<arg>AW</arg>
<arg>AX</arg>
<arg>AZ</arg>
<arg>BA</arg>
<arg>BB</arg>
<arg>BD</arg>
<arg>BE</arg>
<arg>BF</arg>
<arg>BG</arg>
<arg>BH</arg>
<arg>BI</arg>
<arg>BJ</arg>
<arg>BL</arg>
<arg>BM</arg>
<arg>BN</arg>
<arg>BO</arg>
<arg>BQ</arg>
<arg>BR</arg>
<arg>BS</arg>
<arg>BT</arg>
<arg>BV</arg>
<arg>BW</arg>
<arg>BY</arg>
<arg>BZ</arg>
<arg>CA</arg>
<arg>CC</arg>
<arg>CD</arg>
<arg>CF</arg>
<arg>CG</arg>
<arg>CH</arg>
<arg>CI</arg>
<arg>CK</arg>
<arg>CL</arg>
<arg>CM</arg>
<arg>CN</arg>
<arg>CO</arg>
<arg>CR</arg>
<arg>CU</arg>
<arg>CV</arg>
<arg>CW</arg>
<arg>CX</arg>
<arg>CY</arg>
<arg>CZ</arg>
<arg>DE</arg>
<arg>DJ</arg>
<arg>DK</arg>
<arg>DM</arg>
<arg>DO</arg>
<arg>DZ</arg>
<arg>EC</arg>
<arg>EE</arg>
<arg>EG</arg>
<arg>EH</arg>
<arg>ER</arg>
<arg>ES</arg>
<arg>ET</arg>
<arg>FI</arg>
<arg>FJ</arg>
<arg>FK</arg>
<arg>FM</arg>
<arg>FO</arg>
<arg>FR</arg>
<arg>GA</arg>
<arg>GB</arg>
<arg>GD</arg>
<arg>GE</arg>
<arg>GF</arg>
<arg>GG</arg>
<arg>GH</arg>
<arg>GI</arg>
<arg>GL</arg>
<arg>GM</arg>
<arg>GN</arg>
<arg>GP</arg>
<arg>GQ</arg>
<arg>GR</arg>
<arg>GS</arg>
<arg>GT</arg>
<arg>GU</arg>
<arg>GW</arg>
<arg>GY</arg>
<arg>HK</arg>
<arg>HM</arg>
<arg>HN</arg>
<arg>HR</arg>
<arg>HT</arg>
<arg>HU</arg>
<arg>ID</arg>
<arg>IE</arg>
<arg>IL</arg>
<arg>IM</arg>
<arg>IN</arg>
<arg>IO</arg>
<arg>IQ</arg>
<arg>IR</arg>
<arg>IS</arg>
<arg>IT</arg>
<arg>JE</arg>
<arg>JM</arg>
<arg>JO</arg>
<arg>JP</arg>
<arg>KE</arg>
<arg>KG</arg>
<arg>KH</arg>
<arg>KI</arg>
<arg>KM</arg>
<arg>KN</arg>
<arg>KP</arg>
<arg>KR</arg>
<arg>KW</arg>
<arg>KY</arg>
<arg>KZ</arg>
<arg>LA</arg>
<arg>LB</arg>
<arg>LC</arg>
<arg>LI</arg>
<arg>LK</arg>
<arg>LR</arg>
<arg>LS</arg>
<arg>LT</arg>
<arg>LU</arg>
<arg>LV</arg>
<arg>LY</arg>
<arg>MA</arg>
<arg>MC</arg>
<arg>MD</arg>
<arg>ME</arg>
<arg>MF</arg>
<arg>MG</arg>
<arg>MH</arg>
<arg>MK</arg>
<arg>ML</arg>
<arg>MM</arg>
<arg>MN</arg>
<arg>MO</arg>
<arg>MP</arg>
<arg>MQ</arg>
<arg>MR</arg>
<arg>MS</arg>
<arg>MT</arg>
<arg>MU</arg>
<arg>MV</arg>
<arg>MW</arg>
<arg>MX</arg>
<arg>MY</arg>
<arg>MZ</arg>
<arg>NA</arg>
<arg>NC</arg>
<arg>NE</arg>
<arg>NF</arg>
<arg>NG</arg>
<arg>NI</arg>
<arg>NL</arg>
<arg>NO</arg>
<arg>NP</arg>
<arg>NR</arg>
<arg>NU</arg>
<arg>NZ</arg>
<arg>OM</arg>
<arg>PA</arg>
<arg>PE</arg>
<arg>PF</arg>
<arg>PG</arg>
<arg>PH</arg>
<arg>PK</arg>
<arg>PL</arg>
<arg>PM</arg>
<arg>PN</arg>
<arg>PR</arg>
<arg>PS</arg>
<arg>PT</arg>
<arg>PW</arg>
<arg>PY</arg>
<arg>QA</arg>
<arg>RE</arg>
<arg>RO</arg>
<arg>RS</arg>
<arg>RU</arg>
<arg>RW</arg>
<arg>SA</arg>
<arg>SB</arg>
<arg>SC</arg>
<arg>SD</arg>
<arg>SE</arg>
<arg>SG</arg>
<arg>SH</arg>
<arg>SI</arg>
<arg>SJ</arg>
<arg>SK</arg>
<arg>SL</arg>
<arg>SM</arg>
<arg>SN</arg>
<arg>SO</arg>
<arg>SR</arg>
<arg>SS</arg>
<arg>ST</arg>
<arg>SV</arg>
<arg>SX</arg>
<arg>SY</arg>
<arg>SZ</arg>
<arg>TC</arg>
<arg>TD</arg>
<arg>TF</arg>
<arg>TG</arg>
<arg>TH</arg>
<arg>TJ</arg>
<arg>TK</arg>
<arg>TL</arg>
<arg>TM</arg>
<arg>TN</arg>
<arg>TO</arg>
<arg>TR</arg>
<arg>TT</arg>
<arg>TV</arg>
<arg>TW</arg>
<arg>TZ</arg>
<arg>UA</arg>
<arg>UG</arg>
<arg>UM</arg>
<arg>US</arg>
<arg>UY</arg>
<arg>UZ</arg>
<arg>VA</arg>
<arg>VC</arg>
<arg>VE</arg>
<arg>VG</arg>
<arg>VI</arg>
<arg>VN</arg>
<arg>VU</arg>
<arg>WF</arg>
<arg>WS</arg>
<arg>XK</arg>
<arg>YE</arg>
<arg>YT</arg>
<arg>ZA</arg>
<arg>ZM</arg>
<arg>ZW</arg>
<doc>Returns a list containing given items.</doc>
<status status="PASS" start="2024-06-02T21:13:46.347383" elapsed="0.000714"/>
</kw>
<kw name="List Should Contain Value" owner="Collections">
<msg time="2024-06-02T21:13:46.349089" level="INFO">False</msg>
<arg>${list_country}</arg>
<arg>${name_country}</arg>
<doc>Fails if the ``value`` is not found from ``list``.</doc>
<status status="PASS" start="2024-06-02T21:13:46.348886" elapsed="0.000240"/>
</kw>
<kw name="Run Keyword If" owner="BuiltIn">
<kw name="Should Be True" owner="BuiltIn">
<arg>${True}</arg>
<doc>Fails if the given condition is not true.</doc>
<status status="PASS" start="2024-06-02T21:13:46.350219" elapsed="0.000152"/>
</kw>
<arg>${json_data["results"][0]["location"]["coordinates"]["latitude"]} &gt;= -90 and ${json_data["results"][0]["location"]["coordinates"]["latitude"]} &lt;= 90</arg>
<arg>Should Be True</arg>
<arg>${True}</arg>
<doc>Runs the given keyword with the given arguments, if ``condition`` is true.</doc>
<status status="PASS" start="2024-06-02T21:13:46.349439" elapsed="0.001060"/>
</kw>
<kw name="Run Keyword If" owner="BuiltIn">
<kw name="Should Be True" owner="BuiltIn">
<arg>${True}</arg>
<doc>Fails if the given condition is not true.</doc>
<status status="PASS" start="2024-06-02T21:13:46.351370" elapsed="0.000147"/>
</kw>
<arg>${json_data["results"][0]["location"]["coordinates"]["longitude"]} &gt;= -180 and ${json_data["results"][0]["location"]["coordinates"]["longitude"]} &lt;= 180</arg>
<arg>Should Be True</arg>
<arg>${True}</arg>
<doc>Runs the given keyword with the given arguments, if ``condition`` is true.</doc>
<status status="PASS" start="2024-06-02T21:13:46.350690" elapsed="0.000950"/>
</kw>
<status status="PASS" start="2024-06-02T21:13:46.024994" elapsed="0.326777"/>
</kw>
<doc>Testa o conteúdo específico dos campos retornados pela API.</doc>
<tag>testeConteudo</tag>
<status status="PASS" start="2024-06-02T21:13:46.024417" elapsed="0.327505"/>
</test>
<status status="PASS" start="2024-06-02T21:13:45.191787" elapsed="1.162068"/>
</suite>
<status status="PASS" start="2024-06-02T21:13:45.178066" elapsed="1.180942"/>
</suite>
<statistics>
<total>
<stat pass="5" fail="0" skip="0">All Tests</stat>
</total>
<tag>
<stat pass="1" fail="0" skip="0">testeConteudo</stat>
<stat pass="1" fail="0" skip="0">testeEstruturaResposta</stat>
<stat pass="1" fail="0" skip="0">testeRequisicaoBasica</stat>
<stat pass="1" fail="0" skip="0">testeTiposDados</stat>
</tag>
<suite>
<stat pass="5" fail="0" skip="0" id="s1" name="Tests">Tests</stat>
<stat pass="5" fail="0" skip="0" id="s1-s1" name="Random-User-Test">Tests.Random-User-Test</stat>
</suite>
</statistics>
<errors>
</errors>
</robot>
