<?xml version="1.0" encoding="UTF-8"?>
<robot generator="Robot 7.0.1 (Python 3.12.3 on linux)" generated="2024-06-12T12:28:37.718407" rpa="false" schemaversion="5">
<suite id="s1" name="Tests" source="/home/runner/work/ApiRandomUser/ApiRandomUser/RamdonUser/tests">
<suite id="s1-s1" name="Random-User-Test" source="/home/runner/work/ApiRandomUser/ApiRandomUser/RamdonUser/tests/random-user-test.robot">
<test id="s1-s1-t1" name="Conectar" line="13">
<kw name="Conectar API" owner="random-user-service">
<kw name="Create Session" owner="RequestsLibrary">
<msg time="2024-06-12T12:28:38.142814" level="INFO">Creating Session using : alias=consultarAPI, url=https://randomuser.me/, headers={},                     cookies={}, auth=None, timeout=None, proxies=None, verify=False,                     debug=0 </msg>
<arg>consultarAPI</arg>
<arg>${URL}</arg>
<doc>Create Session: create a HTTP session to a server</doc>
<status status="PASS" start="2024-06-12T12:28:38.142612" elapsed="0.000396"/>
</kw>
<status status="PASS" start="2024-06-12T12:28:38.141544" elapsed="0.001831"/>
</kw>
<status status="PASS" start="2024-06-12T12:28:38.140896" elapsed="0.002674"/>
</test>
<test id="s1-s1-t2" name="Validar retorno 200 e JSON Válido" line="16">
<kw name="Teste de Requisicao Basica" owner="random-user-service">
<kw name="GET On Session" owner="RequestsLibrary">
<msg time="2024-06-12T12:28:38.358624" level="INFO">GET Request : url=https://randomuser.me/api 
 path_url=/api 
 headers={'User-Agent': 'python-requests/2.32.3', 'Accept-Encoding': 'gzip, deflate', 'Accept': '*/*', 'Connection': 'keep-alive'} 
 body=None 
 </msg>
<msg time="2024-06-12T12:28:38.358785" level="INFO">GET Response : url=https://randomuser.me/api 
 status=200, reason=OK 
 headers={'Date': 'Wed, 12 Jun 2024 12:28:38 GMT', 'Content-Type': 'application/json; charset=utf-8', 'Transfer-Encoding': 'chunked', 'Connection': 'keep-alive', 'X-Powered-By': 'Express', 'Access-Control-Allow-Origin': '*', 'Cache-Control': 'no-cache', 'ETag': 'W/"46d-MSNX4NZ/28olHlos++Kp0LgAxzI"', 'Vary': 'Accept-Encoding', 'Content-Encoding': 'gzip', 'CF-Cache-Status': 'DYNAMIC', 'Report-To': '{"endpoints":[{"url":"https:\\/\\/a.nel.cloudflare.com\\/report\\/v4?s=%2BHH55goiFV%2FsVZ7e0%2FZcLyKFEgRfDKIcKCkdgZK%2BrPONaUqCD6nlbrGVDTXUHs0YYxSQ8rbaExxy8ixV0DiA8WPKlWbgh0kqP4QD176NEQREGFnOY4VDYXdZy35FSRoB"}],"group":"cf-nel","max_age":604800}', 'NEL': '{"success_fraction":0,"report_to":"cf-nel","max_age":604800}', 'Server': 'cloudflare', 'CF-RAY': '8929d78358f220a2-IAD', 'alt-svc': 'h3=":443"; ma=86400'} 
 body={"results":[{"gender":"female","name":{"title":"Ms","first":"یسنا","last":"سالاری"},"location":{"street":{"number":7279,"name":"خاوران"},"city":"خوی","state":"سمنان","country":"Iran","postcode":97246,"coordinates":{"latitude":"20.1434","longitude":"94.0808"},"timezone":{"offset":"+5:45","description":"Kathmandu"}},"email":"ysn.slry@example.com","login":{"uuid":"f4ccb366-f731-4597-abe8-ef765e028dba","username":"orangewolf997","password":"triple","salt":"EmhtJD3S","md5":"e6748c1b04059f7a071ad5150f52e958","sha1":"7c3902bb073577cec9051fd8d5d73351d69f774c","sha256":"9063fe271fa0137a961601a777d8571d4390010ae2b6765645af45bdc2e72bec"},"dob":{"date":"1969-10-24T06:09:05.624Z","age":54},"registered":{"date":"2009-12-22T08:33:30.520Z","age":14},"phone":"080-15866430","cell":"0975-598-6289","id":{"name":"","value":null},"picture":{"large":"https://randomuser.me/api/portraits/women/32.jpg","medium":"https://randomuser.me/api/portraits/med/women/32.jpg","thumbnail":"https://randomuser.me/api/portraits/thumb/women/32.jpg"},"nat":"IR"}],"info":{"seed":"a0d3263b3cf432a2","results":1,"page":1,"version":"1.4"}} 
 </msg>
<msg time="2024-06-12T12:28:38.358872" level="INFO">/opt/hostedtoolcache/Python/3.12.3/x64/lib/python3.12/site-packages/urllib3/connectionpool.py:1103: InsecureRequestWarning: Unverified HTTPS request is being made to host 'randomuser.me'. Adding certificate verification is strongly advised. See: https://urllib3.readthedocs.io/en/latest/advanced-usage.html#tls-warnings
  warnings.warn(</msg>
<msg time="2024-06-12T12:28:38.359029" level="INFO">${response} = &lt;Response [200]&gt;</msg>
<var>${response}</var>
<arg>consultarAPI</arg>
<arg>/api</arg>
<doc>Sends a GET request on a previously created HTTP Session.</doc>
<status status="PASS" start="2024-06-12T12:28:38.146275" elapsed="0.212797"/>
</kw>
<kw name="Should Be Equal As Numbers" owner="BuiltIn">
<msg time="2024-06-12T12:28:38.360177" level="INFO">Argument types are:
&lt;class 'int'&gt;
&lt;class 'str'&gt;</msg>
<arg>${response.status_code}</arg>
<arg>200</arg>
<doc>Fails if objects are unequal after converting them to real numbers.</doc>
<status status="PASS" start="2024-06-12T12:28:38.359708" elapsed="0.000537"/>
</kw>
<kw name="Log" owner="BuiltIn">
<msg time="2024-06-12T12:28:38.360940" level="INFO">200</msg>
<arg>${response.status_code}</arg>
<doc>Logs the given message with the given level.</doc>
<status status="PASS" start="2024-06-12T12:28:38.360583" elapsed="0.000418"/>
</kw>
<kw name="Set Variable" owner="BuiltIn">
<msg time="2024-06-12T12:28:38.361810" level="INFO">${json_data} = {'results': [{'gender': 'female', 'name': {'title': 'Ms', 'first': 'یسنا', 'last': 'سالاری'}, 'location': {'street': {'number': 7279, 'name': 'خاوران'}, 'city': 'خوی', 'state': 'سمنان', 'country': 'Ir...</msg>
<var>${json_data}</var>
<arg>${response.json()}</arg>
<doc>Returns the given values which can then be assigned to a variables.</doc>
<status status="PASS" start="2024-06-12T12:28:38.361313" elapsed="0.000529"/>
</kw>
<kw name="Dictionary Should Contain Key" owner="Collections">
<arg>${json_data}</arg>
<arg>results</arg>
<doc>Fails if ``key`` is not found from ``dictionary``.</doc>
<status status="PASS" start="2024-06-12T12:28:38.362160" elapsed="0.000194"/>
</kw>
<status status="PASS" start="2024-06-12T12:28:38.146037" elapsed="0.216489"/>
</kw>
<doc>Testa se a API responde corretamente e retorna um objeto JSON válido.</doc>
<tag>testeRequisicaoBasica</tag>
<status status="PASS" start="2024-06-12T12:28:38.145514" elapsed="0.217198"/>
</test>
<test id="s1-s1-t3" name="Validar estrutura de resposta" line="22">
<kw name="Teste de Estrutura de Resposta" owner="random-user-service">
<kw name="GET On Session" owner="RequestsLibrary">
<msg time="2024-06-12T12:28:38.457861" level="INFO">GET Request : url=https://randomuser.me/api 
 path_url=/api 
 headers={'User-Agent': 'python-requests/2.32.3', 'Accept-Encoding': 'gzip, deflate', 'Accept': '*/*', 'Connection': 'keep-alive'} 
 body=None 
 </msg>
<msg time="2024-06-12T12:28:38.457953" level="INFO">GET Response : url=https://randomuser.me/api 
 status=200, reason=OK 
 headers={'Date': 'Wed, 12 Jun 2024 12:28:38 GMT', 'Content-Type': 'application/json; charset=utf-8', 'Transfer-Encoding': 'chunked', 'Connection': 'keep-alive', 'X-Powered-By': 'Express', 'Access-Control-Allow-Origin': '*', 'Cache-Control': 'no-cache', 'ETag': 'W/"47b-8rpvAWlXPZyBAkDDwnnUNstlza8"', 'Vary': 'Accept-Encoding', 'Content-Encoding': 'gzip', 'CF-Cache-Status': 'DYNAMIC', 'Report-To': '{"endpoints":[{"url":"https:\\/\\/a.nel.cloudflare.com\\/report\\/v4?s=8OYQaJXJ4vS29DBlRryUgwiS570bFR7FcFDFWFEvXtp%2FDiw47RUbk0KNfHVuwxR0r2tHhTnvVs3PWyGyYo%2FnKa%2BgHJujtKFSJWTybG1jYNTOKp1N0WJ8%2BktYBB5i0hkC"}],"group":"cf-nel","max_age":604800}', 'NEL': '{"success_fraction":0,"report_to":"cf-nel","max_age":604800}', 'Server': 'cloudflare', 'CF-RAY': '8929d783c96920a2-IAD', 'alt-svc': 'h3=":443"; ma=86400'} 
 body={"results":[{"gender":"female","name":{"title":"Mrs","first":"Yvonne","last":"Bates"},"location":{"street":{"number":4028,"name":"James St"},"city":"Vernon","state":"Wisconsin","country":"United States","postcode":66051,"coordinates":{"latitude":"82.9390","longitude":"17.0584"},"timezone":{"offset":"+4:30","description":"Kabul"}},"email":"yvonne.bates@example.com","login":{"uuid":"f09a66ef-9702-4316-a0ba-40aef13cd460","username":"purpleelephant139","password":"qweasd","salt":"CdkpfAAc","md5":"e1daf0770a01c772d9fd85346dfdfe8f","sha1":"4ffe9bf8831f62653c473aa1da317f1d10e01c10","sha256":"a60dbd9682429a207f0582e88e8399254f57235774164a9c51c2b8de9b20e4bf"},"dob":{"date":"1981-10-06T15:59:30.671Z","age":42},"registered":{"date":"2020-03-04T20:59:50.429Z","age":4},"phone":"(227) 823-0309","cell":"(554) 331-3756","id":{"name":"SSN","value":"133-52-3922"},"picture":{"large":"https://randomuser.me/api/portraits/women/93.jpg","medium":"https://randomuser.me/api/portraits/med/women/93.jpg","thumbnail":"https://randomuser.me/api/portraits/thumb/women/93.jpg"},"nat":"US"}],"info":{"seed":"14f3f8bfc8a5a5ae","results":1,"page":1,"version":"1.4"}} 
 </msg>
<msg time="2024-06-12T12:28:38.458094" level="INFO">/opt/hostedtoolcache/Python/3.12.3/x64/lib/python3.12/site-packages/urllib3/connectionpool.py:1103: InsecureRequestWarning: Unverified HTTPS request is being made to host 'randomuser.me'. Adding certificate verification is strongly advised. See: https://urllib3.readthedocs.io/en/latest/advanced-usage.html#tls-warnings
  warnings.warn(</msg>
<msg time="2024-06-12T12:28:38.458227" level="INFO">${response} = &lt;Response [200]&gt;</msg>
<var>${response}</var>
<arg>consultarAPI</arg>
<arg>/api</arg>
<doc>Sends a GET request on a previously created HTTP Session.</doc>
<status status="PASS" start="2024-06-12T12:28:38.365581" elapsed="0.092702"/>
</kw>
<kw name="Set Variable" owner="BuiltIn">
<msg time="2024-06-12T12:28:38.459354" level="INFO">${json_data} = {'results': [{'gender': 'female', 'name': {'title': 'Mrs', 'first': 'Yvonne', 'last': 'Bates'}, 'location': {'street': {'number': 4028, 'name': 'James St'}, 'city': 'Vernon', 'state': 'Wisconsin', 'co...</msg>
<var>${json_data}</var>
<arg>${response.json()}</arg>
<doc>Returns the given values which can then be assigned to a variables.</doc>
<status status="PASS" start="2024-06-12T12:28:38.458788" elapsed="0.000595"/>
</kw>
<kw name="Log" owner="BuiltIn">
<msg time="2024-06-12T12:28:38.459849" level="INFO">{'results': [{'gender': 'female', 'name': {'title': 'Mrs', 'first': 'Yvonne', 'last': 'Bates'}, 'location': {'street': {'number': 4028, 'name': 'James St'}, 'city': 'Vernon', 'state': 'Wisconsin', 'country': 'United States', 'postcode': 66051, 'coordinates': {'latitude': '82.9390', 'longitude': '17.0584'}, 'timezone': {'offset': '+4:30', 'description': 'Kabul'}}, 'email': 'yvonne.bates@example.com', 'login': {'uuid': 'f09a66ef-9702-4316-a0ba-40aef13cd460', 'username': 'purpleelephant139', 'password': 'qweasd', 'salt': 'CdkpfAAc', 'md5': 'e1daf0770a01c772d9fd85346dfdfe8f', 'sha1': '4ffe9bf8831f62653c473aa1da317f1d10e01c10', 'sha256': 'a60dbd9682429a207f0582e88e8399254f57235774164a9c51c2b8de9b20e4bf'}, 'dob': {'date': '1981-10-06T15:59:30.671Z', 'age': 42}, 'registered': {'date': '2020-03-04T20:59:50.429Z', 'age': 4}, 'phone': '(227) 823-0309', 'cell': '(554) 331-3756', 'id': {'name': 'SSN', 'value': '133-52-3922'}, 'picture': {'large': 'https://randomuser.me/api/portraits/women/93.jpg', 'medium': 'https://randomuser.me/api/portraits/med/women/93.jpg', 'thumbnail': 'https://randomuser.me/api/portraits/thumb/women/93.jpg'}, 'nat': 'US'}], 'info': {'seed': '14f3f8bfc8a5a5ae', 'results': 1, 'page': 1, 'version': '1.4'}}</msg>
<arg>${json_data}</arg>
<doc>Logs the given message with the given level.</doc>
<status status="PASS" start="2024-06-12T12:28:38.459691" elapsed="0.000204"/>
</kw>
<kw name="Dictionary Should Contain Key" owner="Collections">
<arg>${json_data}</arg>
<arg>results</arg>
<doc>Fails if ``key`` is not found from ``dictionary``.</doc>
<status status="PASS" start="2024-06-12T12:28:38.460193" elapsed="0.000157"/>
</kw>
<kw name="Should Not Be Empty" owner="BuiltIn">
<msg time="2024-06-12T12:28:38.460657" level="INFO">Length is 2.</msg>
<arg>${json_data}</arg>
<doc>Verifies that the given item is not empty.</doc>
<status status="PASS" start="2024-06-12T12:28:38.460533" elapsed="0.000162"/>
</kw>
<kw name="Create List" owner="BuiltIn">
<msg time="2024-06-12T12:28:38.461132" level="INFO">${expected_keys} = ['gender', 'name', 'location', 'email', 'login']</msg>
<var>${expected_keys}</var>
<arg>gender</arg>
<arg>name</arg>
<arg>location</arg>
<arg>email</arg>
<arg>login</arg>
<doc>Returns a list containing given items.</doc>
<status status="PASS" start="2024-06-12T12:28:38.460984" elapsed="0.000172"/>
</kw>
<for flavor="IN">
<iter>
<kw name="Dictionary Should Contain Key" owner="Collections">
<arg>${json_data['results'][0]}</arg>
<arg>${key}</arg>
<doc>Fails if ``key`` is not found from ``dictionary``.</doc>
<status status="PASS" start="2024-06-12T12:28:38.461775" elapsed="0.000408"/>
</kw>
<kw name="Log" owner="BuiltIn">
<msg time="2024-06-12T12:28:38.462745" level="INFO">{'gender': 'female', 'name': {'title': 'Mrs', 'first': 'Yvonne', 'last': 'Bates'}, 'location': {'street': {'number': 4028, 'name': 'James St'}, 'city': 'Vernon', 'state': 'Wisconsin', 'country': 'United States', 'postcode': 66051, 'coordinates': {'latitude': '82.9390', 'longitude': '17.0584'}, 'timezone': {'offset': '+4:30', 'description': 'Kabul'}}, 'email': 'yvonne.bates@example.com', 'login': {'uuid': 'f09a66ef-9702-4316-a0ba-40aef13cd460', 'username': 'purpleelephant139', 'password': 'qweasd', 'salt': 'CdkpfAAc', 'md5': 'e1daf0770a01c772d9fd85346dfdfe8f', 'sha1': '4ffe9bf8831f62653c473aa1da317f1d10e01c10', 'sha256': 'a60dbd9682429a207f0582e88e8399254f57235774164a9c51c2b8de9b20e4bf'}, 'dob': {'date': '1981-10-06T15:59:30.671Z', 'age': 42}, 'registered': {'date': '2020-03-04T20:59:50.429Z', 'age': 4}, 'phone': '(227) 823-0309', 'cell': '(554) 331-3756', 'id': {'name': 'SSN', 'value': '133-52-3922'}, 'picture': {'large': 'https://randomuser.me/api/portraits/women/93.jpg', 'medium': 'https://randomuser.me/api/portraits/med/women/93.jpg', 'thumbnail': 'https://randomuser.me/api/portraits/thumb/women/93.jpg'}, 'nat': 'US'}</msg>
<arg>${json_data['results'][0]}</arg>
<doc>Logs the given message with the given level.</doc>
<status status="PASS" start="2024-06-12T12:28:38.462378" elapsed="0.000416"/>
</kw>
<kw name="Log" owner="BuiltIn">
<msg time="2024-06-12T12:28:38.463224" level="INFO">gender</msg>
<arg>${key}</arg>
<doc>Logs the given message with the given level.</doc>
<status status="PASS" start="2024-06-12T12:28:38.463094" elapsed="0.000168"/>
</kw>
<var name="${key}">gender</var>
<status status="PASS" start="2024-06-12T12:28:38.461650" elapsed="0.001837"/>
</iter>
<iter>
<kw name="Dictionary Should Contain Key" owner="Collections">
<arg>${json_data['results'][0]}</arg>
<arg>${key}</arg>
<doc>Fails if ``key`` is not found from ``dictionary``.</doc>
<status status="PASS" start="2024-06-12T12:28:38.463793" elapsed="0.000387"/>
</kw>
<kw name="Log" owner="BuiltIn">
<msg time="2024-06-12T12:28:38.464713" level="INFO">{'gender': 'female', 'name': {'title': 'Mrs', 'first': 'Yvonne', 'last': 'Bates'}, 'location': {'street': {'number': 4028, 'name': 'James St'}, 'city': 'Vernon', 'state': 'Wisconsin', 'country': 'United States', 'postcode': 66051, 'coordinates': {'latitude': '82.9390', 'longitude': '17.0584'}, 'timezone': {'offset': '+4:30', 'description': 'Kabul'}}, 'email': 'yvonne.bates@example.com', 'login': {'uuid': 'f09a66ef-9702-4316-a0ba-40aef13cd460', 'username': 'purpleelephant139', 'password': 'qweasd', 'salt': 'CdkpfAAc', 'md5': 'e1daf0770a01c772d9fd85346dfdfe8f', 'sha1': '4ffe9bf8831f62653c473aa1da317f1d10e01c10', 'sha256': 'a60dbd9682429a207f0582e88e8399254f57235774164a9c51c2b8de9b20e4bf'}, 'dob': {'date': '1981-10-06T15:59:30.671Z', 'age': 42}, 'registered': {'date': '2020-03-04T20:59:50.429Z', 'age': 4}, 'phone': '(227) 823-0309', 'cell': '(554) 331-3756', 'id': {'name': 'SSN', 'value': '133-52-3922'}, 'picture': {'large': 'https://randomuser.me/api/portraits/women/93.jpg', 'medium': 'https://randomuser.me/api/portraits/med/women/93.jpg', 'thumbnail': 'https://randomuser.me/api/portraits/thumb/women/93.jpg'}, 'nat': 'US'}</msg>
<arg>${json_data['results'][0]}</arg>
<doc>Logs the given message with the given level.</doc>
<status status="PASS" start="2024-06-12T12:28:38.464364" elapsed="0.000432"/>
</kw>
<kw name="Log" owner="BuiltIn">
<msg time="2024-06-12T12:28:38.465234" level="INFO">name</msg>
<arg>${key}</arg>
<doc>Logs the given message with the given level.</doc>
<status status="PASS" start="2024-06-12T12:28:38.465098" elapsed="0.000174"/>
</kw>
<var name="${key}">name</var>
<status status="PASS" start="2024-06-12T12:28:38.463679" elapsed="0.001841"/>
</iter>
<iter>
<kw name="Dictionary Should Contain Key" owner="Collections">
<arg>${json_data['results'][0]}</arg>
<arg>${key}</arg>
<doc>Fails if ``key`` is not found from ``dictionary``.</doc>
<status status="PASS" start="2024-06-12T12:28:38.465821" elapsed="0.000385"/>
</kw>
<kw name="Log" owner="BuiltIn">
<msg time="2024-06-12T12:28:38.466746" level="INFO">{'gender': 'female', 'name': {'title': 'Mrs', 'first': 'Yvonne', 'last': 'Bates'}, 'location': {'street': {'number': 4028, 'name': 'James St'}, 'city': 'Vernon', 'state': 'Wisconsin', 'country': 'United States', 'postcode': 66051, 'coordinates': {'latitude': '82.9390', 'longitude': '17.0584'}, 'timezone': {'offset': '+4:30', 'description': 'Kabul'}}, 'email': 'yvonne.bates@example.com', 'login': {'uuid': 'f09a66ef-9702-4316-a0ba-40aef13cd460', 'username': 'purpleelephant139', 'password': 'qweasd', 'salt': 'CdkpfAAc', 'md5': 'e1daf0770a01c772d9fd85346dfdfe8f', 'sha1': '4ffe9bf8831f62653c473aa1da317f1d10e01c10', 'sha256': 'a60dbd9682429a207f0582e88e8399254f57235774164a9c51c2b8de9b20e4bf'}, 'dob': {'date': '1981-10-06T15:59:30.671Z', 'age': 42}, 'registered': {'date': '2020-03-04T20:59:50.429Z', 'age': 4}, 'phone': '(227) 823-0309', 'cell': '(554) 331-3756', 'id': {'name': 'SSN', 'value': '133-52-3922'}, 'picture': {'large': 'https://randomuser.me/api/portraits/women/93.jpg', 'medium': 'https://randomuser.me/api/portraits/med/women/93.jpg', 'thumbnail': 'https://randomuser.me/api/portraits/thumb/women/93.jpg'}, 'nat': 'US'}</msg>
<arg>${json_data['results'][0]}</arg>
<doc>Logs the given message with the given level.</doc>
<status status="PASS" start="2024-06-12T12:28:38.466396" elapsed="0.000408"/>
</kw>
<kw name="Log" owner="BuiltIn">
<msg time="2024-06-12T12:28:38.467229" level="INFO">location</msg>
<arg>${key}</arg>
<doc>Logs the given message with the given level.</doc>
<status status="PASS" start="2024-06-12T12:28:38.467100" elapsed="0.000165"/>
</kw>
<var name="${key}">location</var>
<status status="PASS" start="2024-06-12T12:28:38.465709" elapsed="0.001782"/>
</iter>
<iter>
<kw name="Dictionary Should Contain Key" owner="Collections">
<arg>${json_data['results'][0]}</arg>
<arg>${key}</arg>
<doc>Fails if ``key`` is not found from ``dictionary``.</doc>
<status status="PASS" start="2024-06-12T12:28:38.467775" elapsed="0.000379"/>
</kw>
<kw name="Log" owner="BuiltIn">
<msg time="2024-06-12T12:28:38.468693" level="INFO">{'gender': 'female', 'name': {'title': 'Mrs', 'first': 'Yvonne', 'last': 'Bates'}, 'location': {'street': {'number': 4028, 'name': 'James St'}, 'city': 'Vernon', 'state': 'Wisconsin', 'country': 'United States', 'postcode': 66051, 'coordinates': {'latitude': '82.9390', 'longitude': '17.0584'}, 'timezone': {'offset': '+4:30', 'description': 'Kabul'}}, 'email': 'yvonne.bates@example.com', 'login': {'uuid': 'f09a66ef-9702-4316-a0ba-40aef13cd460', 'username': 'purpleelephant139', 'password': 'qweasd', 'salt': 'CdkpfAAc', 'md5': 'e1daf0770a01c772d9fd85346dfdfe8f', 'sha1': '4ffe9bf8831f62653c473aa1da317f1d10e01c10', 'sha256': 'a60dbd9682429a207f0582e88e8399254f57235774164a9c51c2b8de9b20e4bf'}, 'dob': {'date': '1981-10-06T15:59:30.671Z', 'age': 42}, 'registered': {'date': '2020-03-04T20:59:50.429Z', 'age': 4}, 'phone': '(227) 823-0309', 'cell': '(554) 331-3756', 'id': {'name': 'SSN', 'value': '133-52-3922'}, 'picture': {'large': 'https://randomuser.me/api/portraits/women/93.jpg', 'medium': 'https://randomuser.me/api/portraits/med/women/93.jpg', 'thumbnail': 'https://randomuser.me/api/portraits/thumb/women/93.jpg'}, 'nat': 'US'}</msg>
<arg>${json_data['results'][0]}</arg>
<doc>Logs the given message with the given level.</doc>
<status status="PASS" start="2024-06-12T12:28:38.468337" elapsed="0.000413"/>
</kw>
<kw name="Log" owner="BuiltIn">
<msg time="2024-06-12T12:28:38.469179" level="INFO">email</msg>
<arg>${key}</arg>
<doc>Logs the given message with the given level.</doc>
<status status="PASS" start="2024-06-12T12:28:38.469048" elapsed="0.000170"/>
</kw>
<var name="${key}">email</var>
<status status="PASS" start="2024-06-12T12:28:38.467667" elapsed="0.001796"/>
</iter>
<iter>
<kw name="Dictionary Should Contain Key" owner="Collections">
<arg>${json_data['results'][0]}</arg>
<arg>${key}</arg>
<doc>Fails if ``key`` is not found from ``dictionary``.</doc>
<status status="PASS" start="2024-06-12T12:28:38.469760" elapsed="0.000405"/>
</kw>
<kw name="Log" owner="BuiltIn">
<msg time="2024-06-12T12:28:38.470722" level="INFO">{'gender': 'female', 'name': {'title': 'Mrs', 'first': 'Yvonne', 'last': 'Bates'}, 'location': {'street': {'number': 4028, 'name': 'James St'}, 'city': 'Vernon', 'state': 'Wisconsin', 'country': 'United States', 'postcode': 66051, 'coordinates': {'latitude': '82.9390', 'longitude': '17.0584'}, 'timezone': {'offset': '+4:30', 'description': 'Kabul'}}, 'email': 'yvonne.bates@example.com', 'login': {'uuid': 'f09a66ef-9702-4316-a0ba-40aef13cd460', 'username': 'purpleelephant139', 'password': 'qweasd', 'salt': 'CdkpfAAc', 'md5': 'e1daf0770a01c772d9fd85346dfdfe8f', 'sha1': '4ffe9bf8831f62653c473aa1da317f1d10e01c10', 'sha256': 'a60dbd9682429a207f0582e88e8399254f57235774164a9c51c2b8de9b20e4bf'}, 'dob': {'date': '1981-10-06T15:59:30.671Z', 'age': 42}, 'registered': {'date': '2020-03-04T20:59:50.429Z', 'age': 4}, 'phone': '(227) 823-0309', 'cell': '(554) 331-3756', 'id': {'name': 'SSN', 'value': '133-52-3922'}, 'picture': {'large': 'https://randomuser.me/api/portraits/women/93.jpg', 'medium': 'https://randomuser.me/api/portraits/med/women/93.jpg', 'thumbnail': 'https://randomuser.me/api/portraits/thumb/women/93.jpg'}, 'nat': 'US'}</msg>
<arg>${json_data['results'][0]}</arg>
<doc>Logs the given message with the given level.</doc>
<status status="PASS" start="2024-06-12T12:28:38.470367" elapsed="0.000402"/>
</kw>
<kw name="Log" owner="BuiltIn">
<msg time="2024-06-12T12:28:38.471319" level="INFO">login</msg>
<arg>${key}</arg>
<doc>Logs the given message with the given level.</doc>
<status status="PASS" start="2024-06-12T12:28:38.471077" elapsed="0.000281"/>
</kw>
<var name="${key}">login</var>
<status status="PASS" start="2024-06-12T12:28:38.469649" elapsed="0.001929"/>
</iter>
<var>${key}</var>
<value>@{expected_keys}</value>
<status status="PASS" start="2024-06-12T12:28:38.461419" elapsed="0.010281"/>
</for>
<kw name="Create List" owner="BuiltIn">
<msg time="2024-06-12T12:28:38.472022" level="INFO">${expected_keysTwo} = ['username', 'password']</msg>
<var>${expected_keysTwo}</var>
<arg>username</arg>
<arg>password</arg>
<doc>Returns a list containing given items.</doc>
<status status="PASS" start="2024-06-12T12:28:38.471888" elapsed="0.000157"/>
</kw>
<for flavor="IN">
<iter>
<kw name="Dictionary Should Contain Key" owner="Collections">
<arg>${json_data['results'][0]['login']}</arg>
<arg>${keyTwo}</arg>
<doc>Fails if ``key`` is not found from ``dictionary``.</doc>
<status status="PASS" start="2024-06-12T12:28:38.472573" elapsed="0.000400"/>
</kw>
<kw name="Dictionary Should Contain Key" owner="Collections">
<arg>${json_data['results'][0]['login']}</arg>
<arg>${keyTwo}</arg>
<doc>Fails if ``key`` is not found from ``dictionary``.</doc>
<status status="PASS" start="2024-06-12T12:28:38.473154" elapsed="0.000415"/>
</kw>
<kw name="Log" owner="BuiltIn">
<msg time="2024-06-12T12:28:38.473883" level="INFO">username</msg>
<arg>${keyTwo}</arg>
<doc>Logs the given message with the given level.</doc>
<status status="PASS" start="2024-06-12T12:28:38.473757" elapsed="0.000163"/>
</kw>
<var name="${keyTwo}">username</var>
<status status="PASS" start="2024-06-12T12:28:38.472462" elapsed="0.001683"/>
</iter>
<iter>
<kw name="Dictionary Should Contain Key" owner="Collections">
<arg>${json_data['results'][0]['login']}</arg>
<arg>${keyTwo}</arg>
<doc>Fails if ``key`` is not found from ``dictionary``.</doc>
<status status="PASS" start="2024-06-12T12:28:38.474441" elapsed="0.000374"/>
</kw>
<kw name="Dictionary Should Contain Key" owner="Collections">
<arg>${json_data['results'][0]['login']}</arg>
<arg>${keyTwo}</arg>
<doc>Fails if ``key`` is not found from ``dictionary``.</doc>
<status status="PASS" start="2024-06-12T12:28:38.474996" elapsed="0.000365"/>
</kw>
<kw name="Log" owner="BuiltIn">
<msg time="2024-06-12T12:28:38.475664" level="INFO">password</msg>
<arg>${keyTwo}</arg>
<doc>Logs the given message with the given level.</doc>
<status status="PASS" start="2024-06-12T12:28:38.475541" elapsed="0.000159"/>
</kw>
<var name="${keyTwo}">password</var>
<status status="PASS" start="2024-06-12T12:28:38.474329" elapsed="0.001594"/>
</iter>
<var>${keyTwo}</var>
<value>@{expected_keysTwo}</value>
<status status="PASS" start="2024-06-12T12:28:38.472306" elapsed="0.003742"/>
</for>
<status status="PASS" start="2024-06-12T12:28:38.365299" elapsed="0.110892"/>
</kw>
<doc>Testa a estrutura da resposta da API.</doc>
<tag>testeEstruturaResposta</tag>
<status status="PASS" start="2024-06-12T12:28:38.364543" elapsed="0.111799"/>
</test>
<test id="s1-s1-t4" name="Validar tipos de dados" line="28">
<kw name="Teste de Tipos de Dados" owner="random-user-service">
<kw name="GET On Session" owner="RequestsLibrary">
<msg time="2024-06-12T12:28:38.547054" level="INFO">GET Request : url=https://randomuser.me/api 
 path_url=/api 
 headers={'User-Agent': 'python-requests/2.32.3', 'Accept-Encoding': 'gzip, deflate', 'Accept': '*/*', 'Connection': 'keep-alive'} 
 body=None 
 </msg>
<msg time="2024-06-12T12:28:38.547159" level="INFO">GET Response : url=https://randomuser.me/api 
 status=200, reason=OK 
 headers={'Date': 'Wed, 12 Jun 2024 12:28:38 GMT', 'Content-Type': 'application/json; charset=utf-8', 'Transfer-Encoding': 'chunked', 'Connection': 'keep-alive', 'X-Powered-By': 'Express', 'Access-Control-Allow-Origin': '*', 'Cache-Control': 'no-cache', 'ETag': 'W/"45f-DI31xb/NVvrKJPof2f7CYY0dTcA"', 'Vary': 'Accept-Encoding', 'Content-Encoding': 'gzip', 'CF-Cache-Status': 'DYNAMIC', 'Report-To': '{"endpoints":[{"url":"https:\\/\\/a.nel.cloudflare.com\\/report\\/v4?s=FKuqqv78m3N9Kz%2BuRKtLzaT2H3Kp0qSUxg65NHr4PYPeVpQdChwPc9jh7wBiybwDpMQOIaoamRwdZ5QhpqSHI%2FtGutiU8MUNT1%2FE6RRxK7IHCOO0MZlrQX2OMWmiZBxy"}],"group":"cf-nel","max_age":604800}', 'NEL': '{"success_fraction":0,"report_to":"cf-nel","max_age":604800}', 'Server': 'cloudflare', 'CF-RAY': '8929d7848a3920a2-IAD', 'alt-svc': 'h3=":443"; ma=86400'} 
 body={"results":[{"gender":"male","name":{"title":"Mr","first":"Leo","last":"Tørstad"},"location":{"street":{"number":6696,"name":"Konghellegata"},"city":"Soknedal","state":"Rogaland","country":"Norway","postcode":"0383","coordinates":{"latitude":"39.4496","longitude":"-52.9781"},"timezone":{"offset":"-9:00","description":"Alaska"}},"email":"leo.torstad@example.com","login":{"uuid":"8e1a7caf-0f91-4172-9d38-155a075cc3bb","username":"bluelion167","password":"stan","salt":"b9MhhElg","md5":"de4f3c480a91382dbab9c06abcba2d56","sha1":"57ccd0f736bbb4731803bc0f122352cfa2a27703","sha256":"28bae17ffeb9505211777e950b3bdc384a008584ea8d20a15117690ceee1496d"},"dob":{"date":"1963-10-17T10:02:53.262Z","age":60},"registered":{"date":"2009-03-26T12:12:18.146Z","age":15},"phone":"24377277","cell":"46936292","id":{"name":"FN","value":"17106318778"},"picture":{"large":"https://randomuser.me/api/portraits/men/63.jpg","medium":"https://randomuser.me/api/portraits/med/men/63.jpg","thumbnail":"https://randomuser.me/api/portraits/thumb/men/63.jpg"},"nat":"NO"}],"info":{"seed":"1acb029f42f5093a","results":1,"page":1,"version":"1.4"}} 
 </msg>
<msg time="2024-06-12T12:28:38.547243" level="INFO">/opt/hostedtoolcache/Python/3.12.3/x64/lib/python3.12/site-packages/urllib3/connectionpool.py:1103: InsecureRequestWarning: Unverified HTTPS request is being made to host 'randomuser.me'. Adding certificate verification is strongly advised. See: https://urllib3.readthedocs.io/en/latest/advanced-usage.html#tls-warnings
  warnings.warn(</msg>
<msg time="2024-06-12T12:28:38.547393" level="INFO">${response} = &lt;Response [200]&gt;</msg>
<var>${response}</var>
<arg>consultarAPI</arg>
<arg>/api</arg>
<doc>Sends a GET request on a previously created HTTP Session.</doc>
<status status="PASS" start="2024-06-12T12:28:38.478888" elapsed="0.068558"/>
</kw>
<kw name="Set Variable" owner="BuiltIn">
<msg time="2024-06-12T12:28:38.548656" level="INFO">${json_data} = {'results': [{'gender': 'male', 'name': {'title': 'Mr', 'first': 'Leo', 'last': 'Tørstad'}, 'location': {'street': {'number': 6696, 'name': 'Konghellegata'}, 'city': 'Soknedal', 'state': 'Rogaland', '...</msg>
<var>${json_data}</var>
<arg>${response.json()}</arg>
<doc>Returns the given values which can then be assigned to a variables.</doc>
<status status="PASS" start="2024-06-12T12:28:38.548061" elapsed="0.000624"/>
</kw>
<kw name="Log" owner="BuiltIn">
<msg time="2024-06-12T12:28:38.549189" level="INFO">{'results': [{'gender': 'male', 'name': {'title': 'Mr', 'first': 'Leo', 'last': 'Tørstad'}, 'location': {'street': {'number': 6696, 'name': 'Konghellegata'}, 'city': 'Soknedal', 'state': 'Rogaland', 'country': 'Norway', 'postcode': '0383', 'coordinates': {'latitude': '39.4496', 'longitude': '-52.9781'}, 'timezone': {'offset': '-9:00', 'description': 'Alaska'}}, 'email': 'leo.torstad@example.com', 'login': {'uuid': '8e1a7caf-0f91-4172-9d38-155a075cc3bb', 'username': 'bluelion167', 'password': 'stan', 'salt': 'b9MhhElg', 'md5': 'de4f3c480a91382dbab9c06abcba2d56', 'sha1': '57ccd0f736bbb4731803bc0f122352cfa2a27703', 'sha256': '28bae17ffeb9505211777e950b3bdc384a008584ea8d20a15117690ceee1496d'}, 'dob': {'date': '1963-10-17T10:02:53.262Z', 'age': 60}, 'registered': {'date': '2009-03-26T12:12:18.146Z', 'age': 15}, 'phone': '24377277', 'cell': '46936292', 'id': {'name': 'FN', 'value': '17106318778'}, 'picture': {'large': 'https://randomuser.me/api/portraits/men/63.jpg', 'medium': 'https://randomuser.me/api/portraits/med/men/63.jpg', 'thumbnail': 'https://randomuser.me/api/portraits/thumb/men/63.jpg'}, 'nat': 'NO'}], 'info': {'seed': '1acb029f42f5093a', 'results': 1, 'page': 1, 'version': '1.4'}}</msg>
<arg>${json_data}</arg>
<doc>Logs the given message with the given level.</doc>
<status status="PASS" start="2024-06-12T12:28:38.549013" elapsed="0.000225"/>
</kw>
<kw name="Should Be String" owner="String">
<arg>${json_data['results'][0]['gender']}</arg>
<doc>Fails if the given ``item`` is not a string.</doc>
<status status="PASS" start="2024-06-12T12:28:38.549605" elapsed="0.000377"/>
</kw>
<kw name="Should Match Regexp" owner="BuiltIn">
<arg>${json_data['results'][0]['email']}</arg>
<arg>^[a-zA-Z0-9._%+-]+@[a-zA-Z0-9.-]+\.[a-zA-Z]{2,}$</arg>
<doc>Fails if ``string`` does not match ``pattern`` as a regular expression.</doc>
<status status="PASS" start="2024-06-12T12:28:38.550174" elapsed="0.000518"/>
</kw>
<kw name="Should Match Regexp" owner="BuiltIn">
<arg>${json_data['results'][0]['dob']['date']}</arg>
<arg>\\d{4}-\\d{2}-\\d{2}T\\d{2}:\\d{2}:\\d{2}\\.\\d{3}Z</arg>
<doc>Fails if ``string`` does not match ``pattern`` as a regular expression.</doc>
<status status="PASS" start="2024-06-12T12:28:38.550927" elapsed="0.000506"/>
</kw>
<kw name="Should Match Regexp" owner="BuiltIn">
<arg>${json_data['results'][0]['registered']['date']}</arg>
<arg>\\d{4}-\\d{2}-\\d{2}T\\d{2}:\\d{2}:\\d{2}\\.\\d{3}Z</arg>
<doc>Fails if ``string`` does not match ``pattern`` as a regular expression.</doc>
<status status="PASS" start="2024-06-12T12:28:38.551623" elapsed="0.000360"/>
</kw>
<kw name="Should Match Regexp" owner="BuiltIn">
<arg>${json_data['results'][0]['picture']['large']}</arg>
<arg>^https?://.*\.(?:png|jpe?g|gif|bmp)$</arg>
<doc>Fails if ``string`` does not match ``pattern`` as a regular expression.</doc>
<status status="PASS" start="2024-06-12T12:28:38.552167" elapsed="0.000451"/>
</kw>
<kw name="Should Match Regexp" owner="BuiltIn">
<arg>${json_data['results'][0]['picture']['medium']}</arg>
<arg>^https?://.*\.(?:png|jpe?g|gif|bmp)$</arg>
<doc>Fails if ``string`` does not match ``pattern`` as a regular expression.</doc>
<status status="PASS" start="2024-06-12T12:28:38.552811" elapsed="0.000347"/>
</kw>
<kw name="Should Match Regexp" owner="BuiltIn">
<arg>${json_data['results'][0]['picture']['thumbnail']}</arg>
<arg>^https?://.*\.(?:png|jpe?g|gif|bmp)$</arg>
<doc>Fails if ``string`` does not match ``pattern`` as a regular expression.</doc>
<status status="PASS" start="2024-06-12T12:28:38.553347" elapsed="0.000378"/>
</kw>
<kw name="Log" owner="BuiltIn">
<msg time="2024-06-12T12:28:38.554238" level="INFO">{'large': 'https://randomuser.me/api/portraits/men/63.jpg', 'medium': 'https://randomuser.me/api/portraits/med/men/63.jpg', 'thumbnail': 'https://randomuser.me/api/portraits/thumb/men/63.jpg'}</msg>
<arg>${json_data['results'][0]['picture']}</arg>
<doc>Logs the given message with the given level.</doc>
<status status="PASS" start="2024-06-12T12:28:38.553906" elapsed="0.000375"/>
</kw>
<status status="PASS" start="2024-06-12T12:28:38.478658" elapsed="0.075881"/>
</kw>
<kw name="Teste de Tipos de Dados - Postcode" owner="random-user-service">
<kw name="GET On Session" owner="RequestsLibrary">
<msg time="2024-06-12T12:28:38.662456" level="INFO">GET Request : url=https://randomuser.me/api 
 path_url=/api 
 headers={'User-Agent': 'python-requests/2.32.3', 'Accept-Encoding': 'gzip, deflate', 'Accept': '*/*', 'Connection': 'keep-alive'} 
 body=None 
 </msg>
<msg time="2024-06-12T12:28:38.662592" level="INFO">GET Response : url=https://randomuser.me/api 
 status=200, reason=OK 
 headers={'Date': 'Wed, 12 Jun 2024 12:28:38 GMT', 'Content-Type': 'application/json; charset=utf-8', 'Transfer-Encoding': 'chunked', 'Connection': 'keep-alive', 'X-Powered-By': 'Express', 'Access-Control-Allow-Origin': '*', 'Cache-Control': 'no-cache', 'ETag': 'W/"497-TIsiX0qSbfjpOdbdZX2yUapbs9g"', 'Vary': 'Accept-Encoding', 'Content-Encoding': 'gzip', 'CF-Cache-Status': 'DYNAMIC', 'Report-To': '{"endpoints":[{"url":"https:\\/\\/a.nel.cloudflare.com\\/report\\/v4?s=L%2F%2Fp05Iy4GnVaAo6NTAsLSr3ziUH%2FJqIiM43vyf48Kd%2F%2B%2BYHAGRTGAQCeYs4xuT1oo1bxCtgBAaCVJUMGfdNizHAGIssLfOkbB0cueT6RXEX%2B8Tr1ajw4y2mbajOCNfF"}],"group":"cf-nel","max_age":604800}', 'NEL': '{"success_fraction":0,"report_to":"cf-nel","max_age":604800}', 'Server': 'cloudflare', 'CF-RAY': '8929d784fad120a2-IAD', 'alt-svc': 'h3=":443"; ma=86400'} 
 body={"results":[{"gender":"male","name":{"title":"Mr","first":"German","last":"García"},"location":{"street":{"number":7577,"name":"Calle de Pedro Bosch"},"city":"Palma de Mallorca","state":"Comunidad Valenciana","country":"Spain","postcode":75076,"coordinates":{"latitude":"-38.0825","longitude":"-44.1081"},"timezone":{"offset":"-12:00","description":"Eniwetok, Kwajalein"}},"email":"german.garcia@example.com","login":{"uuid":"650c8a9b-fdf6-4b48-aa11-e23e5da07377","username":"bigbutterfly921","password":"nitro","salt":"020xSqGj","md5":"38c5259817f7f7a9e29d2c3737bfa49b","sha1":"9c5aad83fc976c14d7a042ff10fda99892e8f562","sha256":"e8d9cf684e61c57be4da70cb200acf34dedd9c619400a63307cc229f1c345637"},"dob":{"date":"1952-07-18T04:45:11.039Z","age":71},"registered":{"date":"2006-05-07T21:28:35.442Z","age":18},"phone":"938-604-144","cell":"679-187-144","id":{"name":"DNI","value":"85627237-M"},"picture":{"large":"https://randomuser.me/api/portraits/men/88.jpg","medium":"https://randomuser.me/api/portraits/med/men/88.jpg","thumbnail":"https://randomuser.me/api/portraits/thumb/men/88.jpg"},"nat":"ES"}],"info":{"seed":"18f7841aff570d79","results":1,"page":1,"version":"1.4"}} 
 </msg>
<msg time="2024-06-12T12:28:38.662707" level="INFO">/opt/hostedtoolcache/Python/3.12.3/x64/lib/python3.12/site-packages/urllib3/connectionpool.py:1103: InsecureRequestWarning: Unverified HTTPS request is being made to host 'randomuser.me'. Adding certificate verification is strongly advised. See: https://urllib3.readthedocs.io/en/latest/advanced-usage.html#tls-warnings
  warnings.warn(</msg>
<msg time="2024-06-12T12:28:38.662870" level="INFO">${response} = &lt;Response [200]&gt;</msg>
<var>${response}</var>
<arg>consultarAPI</arg>
<arg>/api</arg>
<doc>Sends a GET request on a previously created HTTP Session.</doc>
<status status="PASS" start="2024-06-12T12:28:38.555005" elapsed="0.107904"/>
</kw>
<kw name="Set Variable" owner="BuiltIn">
<msg time="2024-06-12T12:28:38.664068" level="INFO">${json_data} = {'results': [{'gender': 'male', 'name': {'title': 'Mr', 'first': 'German', 'last': 'García'}, 'location': {'street': {'number': 7577, 'name': 'Calle de Pedro Bosch'}, 'city': 'Palma de Mallorca', 'sta...</msg>
<var>${json_data}</var>
<arg>${response.json()}</arg>
<doc>Returns the given values which can then be assigned to a variables.</doc>
<status status="PASS" start="2024-06-12T12:28:38.663524" elapsed="0.000576"/>
</kw>
<kw name="Log" owner="BuiltIn">
<msg time="2024-06-12T12:28:38.664571" level="INFO">{'results': [{'gender': 'male', 'name': {'title': 'Mr', 'first': 'German', 'last': 'García'}, 'location': {'street': {'number': 7577, 'name': 'Calle de Pedro Bosch'}, 'city': 'Palma de Mallorca', 'state': 'Comunidad Valenciana', 'country': 'Spain', 'postcode': 75076, 'coordinates': {'latitude': '-38.0825', 'longitude': '-44.1081'}, 'timezone': {'offset': '-12:00', 'description': 'Eniwetok, Kwajalein'}}, 'email': 'german.garcia@example.com', 'login': {'uuid': '650c8a9b-fdf6-4b48-aa11-e23e5da07377', 'username': 'bigbutterfly921', 'password': 'nitro', 'salt': '020xSqGj', 'md5': '38c5259817f7f7a9e29d2c3737bfa49b', 'sha1': '9c5aad83fc976c14d7a042ff10fda99892e8f562', 'sha256': 'e8d9cf684e61c57be4da70cb200acf34dedd9c619400a63307cc229f1c345637'}, 'dob': {'date': '1952-07-18T04:45:11.039Z', 'age': 71}, 'registered': {'date': '2006-05-07T21:28:35.442Z', 'age': 18}, 'phone': '938-604-144', 'cell': '679-187-144', 'id': {'name': 'DNI', 'value': '85627237-M'}, 'picture': {'large': 'https://randomuser.me/api/portraits/men/88.jpg', 'medium': 'https://randomuser.me/api/portraits/med/men/88.jpg', 'thumbnail': 'https://randomuser.me/api/portraits/thumb/men/88.jpg'}, 'nat': 'ES'}], 'info': {'seed': '18f7841aff570d79', 'results': 1, 'page': 1, 'version': '1.4'}}</msg>
<arg>${json_data}</arg>
<doc>Logs the given message with the given level.</doc>
<status status="PASS" start="2024-06-12T12:28:38.664407" elapsed="0.000214"/>
</kw>
<kw name="Should Be Equal As Numbers" owner="BuiltIn">
<arg>${json_data['results'][0]['location']['postcode']}</arg>
<arg>${json_data['results'][0]['location']['postcode']}</arg>
<doc>Fails if objects are unequal after converting them to real numbers.</doc>
<status status="PASS" start="2024-06-12T12:28:38.664921" elapsed="0.000660"/>
</kw>
<kw name="Log" owner="BuiltIn">
<msg time="2024-06-12T12:28:38.666118" level="INFO">75076</msg>
<arg>${json_data['results'][0]['location']['postcode']}</arg>
<doc>Logs the given message with the given level.</doc>
<status status="PASS" start="2024-06-12T12:28:38.665778" elapsed="0.000380"/>
</kw>
<status status="PASS" start="2024-06-12T12:28:38.554766" elapsed="0.111679"/>
</kw>
<doc>Testa se os tipos de dados na resposta da API estão corretos.</doc>
<tag>testeTiposDados</tag>
<status status="PASS" start="2024-06-12T12:28:38.478128" elapsed="0.188492"/>
</test>
<test id="s1-s1-t5" name="Validar conteudo" line="35">
<kw name="Teste de Tipos de Conteudo" owner="random-user-service">
<kw name="GET On Session" owner="RequestsLibrary">
<msg time="2024-06-12T12:28:38.760029" level="INFO">GET Request : url=https://randomuser.me/api 
 path_url=/api 
 headers={'User-Agent': 'python-requests/2.32.3', 'Accept-Encoding': 'gzip, deflate', 'Accept': '*/*', 'Connection': 'keep-alive'} 
 body=None 
 </msg>
<msg time="2024-06-12T12:28:38.760103" level="INFO">GET Response : url=https://randomuser.me/api 
 status=200, reason=OK 
 headers={'Date': 'Wed, 12 Jun 2024 12:28:38 GMT', 'Content-Type': 'application/json; charset=utf-8', 'Transfer-Encoding': 'chunked', 'Connection': 'keep-alive', 'X-Powered-By': 'Express', 'Access-Control-Allow-Origin': '*', 'Cache-Control': 'no-cache', 'ETag': 'W/"490-Bg9C+ZbABLGD6M0D8UtpzMT7SsU"', 'Vary': 'Accept-Encoding', 'Content-Encoding': 'gzip', 'CF-Cache-Status': 'DYNAMIC', 'Report-To': '{"endpoints":[{"url":"https:\\/\\/a.nel.cloudflare.com\\/report\\/v4?s=HawOhaQENrESspAmeWdsKss%2BL3EGy%2FXVgD9fvSh0FiVwYPWzKGkx0SZEt4zDgTVXaUeP1WWjNceB4dpSIGphlthlihWbY5i4AUUpfdE5D3PuUGBMZJk1pJeQez2tUBG9"}],"group":"cf-nel","max_age":604800}', 'NEL': '{"success_fraction":0,"report_to":"cf-nel","max_age":604800}', 'Server': 'cloudflare', 'CF-RAY': '8929d785bbb720a2-IAD', 'alt-svc': 'h3=":443"; ma=86400'} 
 body={"results":[{"gender":"female","name":{"title":"Ms","first":"Emma","last":"Johansen"},"location":{"street":{"number":6120,"name":"Fåborgvej"},"city":"Brøndby Strand","state":"Danmark","country":"Denmark","postcode":30688,"coordinates":{"latitude":"-40.6382","longitude":"100.0996"},"timezone":{"offset":"+1:00","description":"Brussels, Copenhagen, Madrid, Paris"}},"email":"emma.johansen@example.com","login":{"uuid":"44e79320-3ee0-43a9-9d34-ca6b89c02777","username":"crazyrabbit708","password":"chevys","salt":"55clNLfZ","md5":"24673d714574c9675b4f76646facaa54","sha1":"97f66e7472f2c2b58300c5fcbb2439ea79364163","sha256":"1788924ab97c13eff6dd4c493a50c9ccdd9af9b3764b4590f348370aeaab2b73"},"dob":{"date":"1966-03-14T12:43:53.871Z","age":58},"registered":{"date":"2016-02-03T19:30:51.513Z","age":8},"phone":"57014447","cell":"51522531","id":{"name":"CPR","value":"140366-6009"},"picture":{"large":"https://randomuser.me/api/portraits/women/53.jpg","medium":"https://randomuser.me/api/portraits/med/women/53.jpg","thumbnail":"https://randomuser.me/api/portraits/thumb/women/53.jpg"},"nat":"DK"}],"info":{"seed":"007ca3c353ecd41e","results":1,"page":1,"version":"1.4"}} 
 </msg>
<msg time="2024-06-12T12:28:38.760166" level="INFO">/opt/hostedtoolcache/Python/3.12.3/x64/lib/python3.12/site-packages/urllib3/connectionpool.py:1103: InsecureRequestWarning: Unverified HTTPS request is being made to host 'randomuser.me'. Adding certificate verification is strongly advised. See: https://urllib3.readthedocs.io/en/latest/advanced-usage.html#tls-warnings
  warnings.warn(</msg>
<msg time="2024-06-12T12:28:38.760264" level="INFO">${response} = &lt;Response [200]&gt;</msg>
<var>${response}</var>
<arg>consultarAPI</arg>
<arg>/api</arg>
<doc>Sends a GET request on a previously created HTTP Session.</doc>
<status status="PASS" start="2024-06-12T12:28:38.669130" elapsed="0.091158"/>
</kw>
<kw name="Set Variable" owner="BuiltIn">
<msg time="2024-06-12T12:28:38.761219" level="INFO">${json_data} = {'results': [{'gender': 'female', 'name': {'title': 'Ms', 'first': 'Emma', 'last': 'Johansen'}, 'location': {'street': {'number': 6120, 'name': 'Fåborgvej'}, 'city': 'Brøndby Strand', 'state': 'Danmar...</msg>
<var>${json_data}</var>
<arg>${response.json()}</arg>
<doc>Returns the given values which can then be assigned to a variables.</doc>
<status status="PASS" start="2024-06-12T12:28:38.760736" elapsed="0.000515"/>
</kw>
<kw name="Set Variable" owner="BuiltIn">
<msg time="2024-06-12T12:28:38.761981" level="INFO">${name_title} = Ms</msg>
<var>${name_title}</var>
<arg>${json_data["results"][0]["name"]["title"]}</arg>
<doc>Returns the given values which can then be assigned to a variables.</doc>
<status status="PASS" start="2024-06-12T12:28:38.761596" elapsed="0.000411"/>
</kw>
<kw name="Create List" owner="BuiltIn">
<msg time="2024-06-12T12:28:38.762476" level="INFO">${allowed_titles} = ['Mr', 'Ms', 'Miss', 'Mrs', 'Madame', 'Monsieur']</msg>
<var>${allowed_titles}</var>
<arg>Mr</arg>
<arg>Ms</arg>
<arg>Miss</arg>
<arg>Mrs</arg>
<arg>Madame</arg>
<arg>Monsieur</arg>
<doc>Returns a list containing given items.</doc>
<status status="PASS" start="2024-06-12T12:28:38.762307" elapsed="0.000196"/>
</kw>
<kw name="List Should Contain Value" owner="Collections">
<arg>${allowed_titles}</arg>
<arg>${name_title}</arg>
<doc>Fails if the ``value`` is not found from ``list``.</doc>
<status status="PASS" start="2024-06-12T12:28:38.762812" elapsed="0.000181"/>
</kw>
<kw name="Set Variable" owner="BuiltIn">
<msg time="2024-06-12T12:28:38.763581" level="INFO">${name_country} = DK</msg>
<var>${name_country}</var>
<arg>${json_data["results"][0]["nat"]}</arg>
<doc>Returns the given values which can then be assigned to a variables.</doc>
<status status="PASS" start="2024-06-12T12:28:38.763173" elapsed="0.000434"/>
</kw>
<kw name="Create List" owner="BuiltIn">
<msg time="2024-06-12T12:28:38.764504" level="INFO">${list_country} = ['AD', 'AE', 'AF', 'AG', 'AI', 'AL', 'AM', 'AO', 'AQ', 'AR', 'AS', 'AT', 'AU', 'AW', 'AX', 'AZ', 'BA', 'BB', 'BD', 'BE', 'BF', 'BG', 'BH', 'BI', 'BJ', 'BL', 'BM', 'BN', 'BO', 'BQ', 'BR', 'BS', 'BT', '...</msg>
<var>${list_country}</var>
<arg>AD</arg>
<arg>AE</arg>
<arg>AF</arg>
<arg>AG</arg>
<arg>AI</arg>
<arg>AL</arg>
<arg>AM</arg>
<arg>AO</arg>
<arg>AQ</arg>
<arg>AR</arg>
<arg>AS</arg>
<arg>AT</arg>
<arg>AU</arg>
<arg>AW</arg>
<arg>AX</arg>
<arg>AZ</arg>
<arg>BA</arg>
<arg>BB</arg>
<arg>BD</arg>
<arg>BE</arg>
<arg>BF</arg>
<arg>BG</arg>
<arg>BH</arg>
<arg>BI</arg>
<arg>BJ</arg>
<arg>BL</arg>
<arg>BM</arg>
<arg>BN</arg>
<arg>BO</arg>
<arg>BQ</arg>
<arg>BR</arg>
<arg>BS</arg>
<arg>BT</arg>
<arg>BV</arg>
<arg>BW</arg>
<arg>BY</arg>
<arg>BZ</arg>
<arg>CA</arg>
<arg>CC</arg>
<arg>CD</arg>
<arg>CF</arg>
<arg>CG</arg>
<arg>CH</arg>
<arg>CI</arg>
<arg>CK</arg>
<arg>CL</arg>
<arg>CM</arg>
<arg>CN</arg>
<arg>CO</arg>
<arg>CR</arg>
<arg>CU</arg>
<arg>CV</arg>
<arg>CW</arg>
<arg>CX</arg>
<arg>CY</arg>
<arg>CZ</arg>
<arg>DE</arg>
<arg>DJ</arg>
<arg>DK</arg>
<arg>DM</arg>
<arg>DO</arg>
<arg>DZ</arg>
<arg>EC</arg>
<arg>EE</arg>
<arg>EG</arg>
<arg>EH</arg>
<arg>ER</arg>
<arg>ES</arg>
<arg>ET</arg>
<arg>FI</arg>
<arg>FJ</arg>
<arg>FK</arg>
<arg>FM</arg>
<arg>FO</arg>
<arg>FR</arg>
<arg>GA</arg>
<arg>GB</arg>
<arg>GD</arg>
<arg>GE</arg>
<arg>GF</arg>
<arg>GG</arg>
<arg>GH</arg>
<arg>GI</arg>
<arg>GL</arg>
<arg>GM</arg>
<arg>GN</arg>
<arg>GP</arg>
<arg>GQ</arg>
<arg>GR</arg>
<arg>GS</arg>
<arg>GT</arg>
<arg>GU</arg>
<arg>GW</arg>
<arg>GY</arg>
<arg>HK</arg>
<arg>HM</arg>
<arg>HN</arg>
<arg>HR</arg>
<arg>HT</arg>
<arg>HU</arg>
<arg>ID</arg>
<arg>IE</arg>
<arg>IL</arg>
<arg>IM</arg>
<arg>IN</arg>
<arg>IO</arg>
<arg>IQ</arg>
<arg>IR</arg>
<arg>IS</arg>
<arg>IT</arg>
<arg>JE</arg>
<arg>JM</arg>
<arg>JO</arg>
<arg>JP</arg>
<arg>KE</arg>
<arg>KG</arg>
<arg>KH</arg>
<arg>KI</arg>
<arg>KM</arg>
<arg>KN</arg>
<arg>KP</arg>
<arg>KR</arg>
<arg>KW</arg>
<arg>KY</arg>
<arg>KZ</arg>
<arg>LA</arg>
<arg>LB</arg>
<arg>LC</arg>
<arg>LI</arg>
<arg>LK</arg>
<arg>LR</arg>
<arg>LS</arg>
<arg>LT</arg>
<arg>LU</arg>
<arg>LV</arg>
<arg>LY</arg>
<arg>MA</arg>
<arg>MC</arg>
<arg>MD</arg>
<arg>ME</arg>
<arg>MF</arg>
<arg>MG</arg>
<arg>MH</arg>
<arg>MK</arg>
<arg>ML</arg>
<arg>MM</arg>
<arg>MN</arg>
<arg>MO</arg>
<arg>MP</arg>
<arg>MQ</arg>
<arg>MR</arg>
<arg>MS</arg>
<arg>MT</arg>
<arg>MU</arg>
<arg>MV</arg>
<arg>MW</arg>
<arg>MX</arg>
<arg>MY</arg>
<arg>MZ</arg>
<arg>NA</arg>
<arg>NC</arg>
<arg>NE</arg>
<arg>NF</arg>
<arg>NG</arg>
<arg>NI</arg>
<arg>NL</arg>
<arg>NO</arg>
<arg>NP</arg>
<arg>NR</arg>
<arg>NU</arg>
<arg>NZ</arg>
<arg>OM</arg>
<arg>PA</arg>
<arg>PE</arg>
<arg>PF</arg>
<arg>PG</arg>
<arg>PH</arg>
<arg>PK</arg>
<arg>PL</arg>
<arg>PM</arg>
<arg>PN</arg>
<arg>PR</arg>
<arg>PS</arg>
<arg>PT</arg>
<arg>PW</arg>
<arg>PY</arg>
<arg>QA</arg>
<arg>RE</arg>
<arg>RO</arg>
<arg>RS</arg>
<arg>RU</arg>
<arg>RW</arg>
<arg>SA</arg>
<arg>SB</arg>
<arg>SC</arg>
<arg>SD</arg>
<arg>SE</arg>
<arg>SG</arg>
<arg>SH</arg>
<arg>SI</arg>
<arg>SJ</arg>
<arg>SK</arg>
<arg>SL</arg>
<arg>SM</arg>
<arg>SN</arg>
<arg>SO</arg>
<arg>SR</arg>
<arg>SS</arg>
<arg>ST</arg>
<arg>SV</arg>
<arg>SX</arg>
<arg>SY</arg>
<arg>SZ</arg>
<arg>TC</arg>
<arg>TD</arg>
<arg>TF</arg>
<arg>TG</arg>
<arg>TH</arg>
<arg>TJ</arg>
<arg>TK</arg>
<arg>TL</arg>
<arg>TM</arg>
<arg>TN</arg>
<arg>TO</arg>
<arg>TR</arg>
<arg>TT</arg>
<arg>TV</arg>
<arg>TW</arg>
<arg>TZ</arg>
<arg>UA</arg>
<arg>UG</arg>
<arg>UM</arg>
<arg>US</arg>
<arg>UY</arg>
<arg>UZ</arg>
<arg>VA</arg>
<arg>VC</arg>
<arg>VE</arg>
<arg>VG</arg>
<arg>VI</arg>
<arg>VN</arg>
<arg>VU</arg>
<arg>WF</arg>
<arg>WS</arg>
<arg>XK</arg>
<arg>YE</arg>
<arg>YT</arg>
<arg>ZA</arg>
<arg>ZM</arg>
<arg>ZW</arg>
<doc>Returns a list containing given items.</doc>
<status status="PASS" start="2024-06-12T12:28:38.763909" elapsed="0.000620"/>
</kw>
<kw name="List Should Contain Value" owner="Collections">
<arg>${list_country}</arg>
<arg>${name_country}</arg>
<doc>Fails if the ``value`` is not found from ``list``.</doc>
<status status="PASS" start="2024-06-12T12:28:38.765320" elapsed="0.000236"/>
</kw>
<kw name="Run Keyword If" owner="BuiltIn">
<kw name="Should Be True" owner="BuiltIn">
<arg>${True}</arg>
<doc>Fails if the given condition is not true.</doc>
<status status="PASS" start="2024-06-12T12:28:38.766614" elapsed="0.000144"/>
</kw>
<arg>${json_data["results"][0]["location"]["coordinates"]["latitude"]} &gt;= -90 and ${json_data["results"][0]["location"]["coordinates"]["latitude"]} &lt;= 90</arg>
<arg>Should Be True</arg>
<arg>${True}</arg>
<doc>Runs the given keyword with the given arguments, if ``condition`` is true.</doc>
<status status="PASS" start="2024-06-12T12:28:38.765754" elapsed="0.001130"/>
</kw>
<kw name="Run Keyword If" owner="BuiltIn">
<kw name="Should Be True" owner="BuiltIn">
<arg>${True}</arg>
<doc>Fails if the given condition is not true.</doc>
<status status="PASS" start="2024-06-12T12:28:38.767761" elapsed="0.000150"/>
</kw>
<arg>${json_data["results"][0]["location"]["coordinates"]["longitude"]} &gt;= -180 and ${json_data["results"][0]["location"]["coordinates"]["longitude"]} &lt;= 180</arg>
<arg>Should Be True</arg>
<arg>${True}</arg>
<doc>Runs the given keyword with the given arguments, if ``condition`` is true.</doc>
<status status="PASS" start="2024-06-12T12:28:38.767076" elapsed="0.000958"/>
</kw>
<status status="PASS" start="2024-06-12T12:28:38.668900" elapsed="0.099261"/>
</kw>
<doc>Testa o conteúdo específico dos campos retornados pela API.</doc>
<tag>testeConteudo</tag>
<status status="PASS" start="2024-06-12T12:28:38.668369" elapsed="0.099951"/>
</test>
<status status="PASS" start="2024-06-12T12:28:37.775723" elapsed="0.994565"/>
</suite>
<status status="PASS" start="2024-06-12T12:28:37.762326" elapsed="1.013035"/>
</suite>
<statistics>
<total>
<stat pass="5" fail="0" skip="0">All Tests</stat>
</total>
<tag>
<stat pass="1" fail="0" skip="0">testeConteudo</stat>
<stat pass="1" fail="0" skip="0">testeEstruturaResposta</stat>
<stat pass="1" fail="0" skip="0">testeRequisicaoBasica</stat>
<stat pass="1" fail="0" skip="0">testeTiposDados</stat>
</tag>
<suite>
<stat pass="5" fail="0" skip="0" id="s1" name="Tests">Tests</stat>
<stat pass="5" fail="0" skip="0" id="s1-s1" name="Random-User-Test">Tests.Random-User-Test</stat>
</suite>
</statistics>
<errors>
</errors>
</robot>
