<?xml version="1.0" encoding="UTF-8"?>
<robot generator="Robot 7.0 (Python 3.12.3 on linux)" generated="2024-05-16T08:15:19.394013" rpa="false" schemaversion="5">
<suite id="s1" name="Tests" source="/home/runner/work/DesafioQAItauRogerioJordao/DesafioQAItauRogerioJordao/RamdonUser/tests">
<suite id="s1-s1" name="Random-User-Test" source="/home/runner/work/DesafioQAItauRogerioJordao/DesafioQAItauRogerioJordao/RamdonUser/tests/random-user-test.robot">
<test id="s1-s1-t1" name="Conectar" line="13">
<kw name="Conectar API" owner="random-user-service">
<kw name="Create Session" owner="RequestsLibrary">
<msg time="2024-05-16T08:15:19.797382" level="INFO">Creating Session using : alias=consultarAPI, url=https://randomuser.me/, headers={},                     cookies={}, auth=None, timeout=None, proxies=None, verify=False,                     debug=0 </msg>
<arg>consultarAPI</arg>
<arg>${URL}</arg>
<doc>Create Session: create a HTTP session to a server</doc>
<status status="PASS" start="2024-05-16T08:15:19.797156" elapsed="0.000410"/>
</kw>
<status status="PASS" start="2024-05-16T08:15:19.796173" elapsed="0.001797"/>
</kw>
<status status="PASS" start="2024-05-16T08:15:19.795621" elapsed="0.002543"/>
</test>
<test id="s1-s1-t2" name="Validar retorno 200 e JSON Válido" line="16">
<kw name="Teste de Requisicao Basica" owner="random-user-service">
<kw name="GET On Session" owner="RequestsLibrary">
<msg time="2024-05-16T08:15:20.026769" level="INFO">GET Request : url=https://randomuser.me/api 
 path_url=/api 
 headers={'User-Agent': 'python-requests/2.31.0', 'Accept-Encoding': 'gzip, deflate', 'Accept': '*/*', 'Connection': 'keep-alive'} 
 body=None 
 </msg>
<msg time="2024-05-16T08:15:20.026917" level="INFO">GET Response : url=https://randomuser.me/api 
 status=200, reason=OK 
 headers={'Date': 'Thu, 16 May 2024 08:15:20 GMT', 'Content-Type': 'application/json; charset=utf-8', 'Transfer-Encoding': 'chunked', 'Connection': 'keep-alive', 'X-Powered-By': 'Express', 'Access-Control-Allow-Origin': '*', 'Cache-Control': 'no-cache', 'ETag': 'W/"47f-cc5QqDWSiCmZajEpMxG64Axs2W0"', 'Vary': 'Accept-Encoding', 'Content-Encoding': 'gzip', 'CF-Cache-Status': 'DYNAMIC', 'Report-To': '{"endpoints":[{"url":"https:\\/\\/a.nel.cloudflare.com\\/report\\/v4?s=WVPsbAuBMqDZHpHUOeaNNowIgWEzWkulxWHMg89xYu07tErTqwLcriF9aRdCLtb0ChUyjJJ0ja7YTvvxUiMFm%2Fd2GMoqOaB1OCWPVACDrPzU%2FQsIPoIiph0LfydwQYuH"}],"group":"cf-nel","max_age":604800}', 'NEL': '{"success_fraction":0,"report_to":"cf-nel","max_age":604800}', 'Server': 'cloudflare', 'CF-RAY': '8849eb555934dba2-LAX', 'alt-svc': 'h3=":443"; ma=86400'} 
 body={"results":[{"gender":"male","name":{"title":"Mr","first":"Reginald","last":"Hale"},"location":{"street":{"number":3772,"name":"Green Lane"},"city":"Greystones","state":"Kilkenny","country":"Ireland","postcode":33001,"coordinates":{"latitude":"0.6151","longitude":"-56.7701"},"timezone":{"offset":"+2:00","description":"Kaliningrad, South Africa"}},"email":"reginald.hale@example.com","login":{"uuid":"c5864664-2510-4de2-9768-d3de879b5c2b","username":"happyleopard879","password":"jubilee","salt":"jvfcZ7jg","md5":"7bf452c370bfaf2ef685cde69e0bb655","sha1":"74d2fb636ac00df54bed8ea289017cc3fcfd5b05","sha256":"5bd877d95a9e33deb97723929072dd22bfafb1179e08e9ea87b81e3f65b4796c"},"dob":{"date":"1957-01-27T08:44:57.175Z","age":67},"registered":{"date":"2019-03-23T15:20:29.635Z","age":5},"phone":"041-467-3717","cell":"081-457-7038","id":{"name":"PPS","value":"9966585T"},"picture":{"large":"https://randomuser.me/api/portraits/men/88.jpg","medium":"https://randomuser.me/api/portraits/med/men/88.jpg","thumbnail":"https://randomuser.me/api/portraits/thumb/men/88.jpg"},"nat":"IE"}],"info":{"seed":"df47b3c045c88606","results":1,"page":1,"version":"1.4"}} 
 </msg>
<msg time="2024-05-16T08:15:20.027001" level="INFO">/opt/hostedtoolcache/Python/3.12.3/x64/lib/python3.12/site-packages/urllib3/connectionpool.py:1103: InsecureRequestWarning: Unverified HTTPS request is being made to host 'randomuser.me'. Adding certificate verification is strongly advised. See: https://urllib3.readthedocs.io/en/latest/advanced-usage.html#tls-warnings
  warnings.warn(</msg>
<msg time="2024-05-16T08:15:20.027153" level="INFO">${response} = &lt;Response [200]&gt;</msg>
<var>${response}</var>
<arg>consultarAPI</arg>
<arg>/api</arg>
<doc>Sends a GET request on a previously created HTTP Session.</doc>
<status status="PASS" start="2024-05-16T08:15:19.800789" elapsed="0.226417"/>
</kw>
<kw name="Should Be Equal As Numbers" owner="BuiltIn">
<msg time="2024-05-16T08:15:20.028343" level="INFO">Argument types are:
&lt;class 'int'&gt;
&lt;class 'str'&gt;</msg>
<arg>${response.status_code}</arg>
<arg>200</arg>
<doc>Fails if objects are unequal after converting them to real numbers.</doc>
<status status="PASS" start="2024-05-16T08:15:20.027859" elapsed="0.000553"/>
</kw>
<kw name="Log" owner="BuiltIn">
<msg time="2024-05-16T08:15:20.029163" level="INFO">200</msg>
<arg>${response.status_code}</arg>
<doc>Logs the given message with the given level.</doc>
<status status="PASS" start="2024-05-16T08:15:20.028792" elapsed="0.000415"/>
</kw>
<kw name="Set Variable" owner="BuiltIn">
<msg time="2024-05-16T08:15:20.030009" level="INFO">${json_data} = {'results': [{'gender': 'male', 'name': {'title': 'Mr', 'first': 'Reginald', 'last': 'Hale'}, 'location': {'street': {'number': 3772, 'name': 'Green Lane'}, 'city': 'Greystones', 'state': 'Kilkenny', ...</msg>
<var>${json_data}</var>
<arg>${response.json()}</arg>
<doc>Returns the given values which can then be assigned to a variables.</doc>
<status status="PASS" start="2024-05-16T08:15:20.029529" elapsed="0.000509"/>
</kw>
<kw name="Dictionary Should Contain Key" owner="Collections">
<msg time="2024-05-16T08:15:20.030522" level="INFO">False</msg>
<arg>${json_data}</arg>
<arg>results</arg>
<doc>Fails if ``key`` is not found from ``dictionary``.</doc>
<status status="PASS" start="2024-05-16T08:15:20.030346" elapsed="0.000217"/>
</kw>
<status status="PASS" start="2024-05-16T08:15:19.800548" elapsed="0.230287"/>
</kw>
<doc>Testa se a API responde corretamente e retorna um objeto JSON válido.</doc>
<tag>testeRequisicaoBasica</tag>
<status status="PASS" start="2024-05-16T08:15:19.800085" elapsed="0.230943"/>
</test>
<test id="s1-s1-t3" name="Validar estrutura de resposta" line="22">
<kw name="Teste de Estrutura de Resposta" owner="random-user-service">
<kw name="GET On Session" owner="RequestsLibrary">
<msg time="2024-05-16T08:15:20.253393" level="INFO">GET Request : url=https://randomuser.me/api 
 path_url=/api 
 headers={'User-Agent': 'python-requests/2.31.0', 'Accept-Encoding': 'gzip, deflate', 'Accept': '*/*', 'Connection': 'keep-alive'} 
 body=None 
 </msg>
<msg time="2024-05-16T08:15:20.253504" level="INFO">GET Response : url=https://randomuser.me/api 
 status=200, reason=OK 
 headers={'Date': 'Thu, 16 May 2024 08:15:20 GMT', 'Content-Type': 'application/json; charset=utf-8', 'Transfer-Encoding': 'chunked', 'Connection': 'keep-alive', 'X-Powered-By': 'Express', 'Access-Control-Allow-Origin': '*', 'Cache-Control': 'no-cache', 'ETag': 'W/"48e-Pou2p2CdJR3DZpi8rhR3ZHtdfOM"', 'Vary': 'Accept-Encoding', 'Content-Encoding': 'gzip', 'CF-Cache-Status': 'DYNAMIC', 'Report-To': '{"endpoints":[{"url":"https:\\/\\/a.nel.cloudflare.com\\/report\\/v4?s=%2FoMw9jFpY0H0hRmeaTPQ9AoTUf5vjy71vRo0czOsbcbI7gTK2wzQqWPxpip0JywXipnBzAi1s%2FLWXsDr9TbnalaiZ87BR2th7ukvA%2B%2Fhfpm4toshP6Y7%2F%2F8oQsc5a%2B5F"}],"group":"cf-nel","max_age":604800}', 'NEL': '{"success_fraction":0,"report_to":"cf-nel","max_age":604800}', 'Server': 'cloudflare', 'CF-RAY': '8849eb563a01dba2-LAX', 'alt-svc': 'h3=":443"; ma=86400'} 
 body={"results":[{"gender":"male","name":{"title":"Mr","first":"Anmol","last":"Kumari"},"location":{"street":{"number":5144,"name":"Jagadamba Centre"},"city":"Kollam","state":"Gujarat","country":"India","postcode":95052,"coordinates":{"latitude":"6.1265","longitude":"-74.7714"},"timezone":{"offset":"-6:00","description":"Central Time (US &amp; Canada), Mexico City"}},"email":"anmol.kumari@example.com","login":{"uuid":"1738585f-0eb5-44ad-9ac7-8dfb90d12346","username":"silverladybug563","password":"peterbil","salt":"a6TvpP2Z","md5":"c826c414c92247a7d50750313bf1a6e3","sha1":"0472d02e8879b75f1f830fd5b50b0a016c2b6fb6","sha256":"3bae7f0b325c33fda7b3328a10093e553560689a7ac22161fc3fe95b5e530eb5"},"dob":{"date":"1991-02-16T14:43:59.938Z","age":33},"registered":{"date":"2021-11-12T10:44:02.763Z","age":2},"phone":"8081122463","cell":"7127110710","id":{"name":"UIDAI","value":"753125704157"},"picture":{"large":"https://randomuser.me/api/portraits/men/72.jpg","medium":"https://randomuser.me/api/portraits/med/men/72.jpg","thumbnail":"https://randomuser.me/api/portraits/thumb/men/72.jpg"},"nat":"IN"}],"info":{"seed":"63cb8d9b78acfa74","results":1,"page":1,"version":"1.4"}} 
 </msg>
<msg time="2024-05-16T08:15:20.253632" level="INFO">/opt/hostedtoolcache/Python/3.12.3/x64/lib/python3.12/site-packages/urllib3/connectionpool.py:1103: InsecureRequestWarning: Unverified HTTPS request is being made to host 'randomuser.me'. Adding certificate verification is strongly advised. See: https://urllib3.readthedocs.io/en/latest/advanced-usage.html#tls-warnings
  warnings.warn(</msg>
<msg time="2024-05-16T08:15:20.253796" level="INFO">${response} = &lt;Response [200]&gt;</msg>
<var>${response}</var>
<arg>consultarAPI</arg>
<arg>/api</arg>
<doc>Sends a GET request on a previously created HTTP Session.</doc>
<status status="PASS" start="2024-05-16T08:15:20.033809" elapsed="0.220026"/>
</kw>
<kw name="Set Variable" owner="BuiltIn">
<msg time="2024-05-16T08:15:20.254997" level="INFO">${json_data} = {'results': [{'gender': 'male', 'name': {'title': 'Mr', 'first': 'Anmol', 'last': 'Kumari'}, 'location': {'street': {'number': 5144, 'name': 'Jagadamba Centre'}, 'city': 'Kollam', 'state': 'Gujarat', ...</msg>
<var>${json_data}</var>
<arg>${response.json()}</arg>
<doc>Returns the given values which can then be assigned to a variables.</doc>
<status status="PASS" start="2024-05-16T08:15:20.254439" elapsed="0.000587"/>
</kw>
<kw name="Log" owner="BuiltIn">
<msg time="2024-05-16T08:15:20.255496" level="INFO">{'results': [{'gender': 'male', 'name': {'title': 'Mr', 'first': 'Anmol', 'last': 'Kumari'}, 'location': {'street': {'number': 5144, 'name': 'Jagadamba Centre'}, 'city': 'Kollam', 'state': 'Gujarat', 'country': 'India', 'postcode': 95052, 'coordinates': {'latitude': '6.1265', 'longitude': '-74.7714'}, 'timezone': {'offset': '-6:00', 'description': 'Central Time (US &amp; Canada), Mexico City'}}, 'email': 'anmol.kumari@example.com', 'login': {'uuid': '1738585f-0eb5-44ad-9ac7-8dfb90d12346', 'username': 'silverladybug563', 'password': 'peterbil', 'salt': 'a6TvpP2Z', 'md5': 'c826c414c92247a7d50750313bf1a6e3', 'sha1': '0472d02e8879b75f1f830fd5b50b0a016c2b6fb6', 'sha256': '3bae7f0b325c33fda7b3328a10093e553560689a7ac22161fc3fe95b5e530eb5'}, 'dob': {'date': '1991-02-16T14:43:59.938Z', 'age': 33}, 'registered': {'date': '2021-11-12T10:44:02.763Z', 'age': 2}, 'phone': '8081122463', 'cell': '7127110710', 'id': {'name': 'UIDAI', 'value': '753125704157'}, 'picture': {'large': 'https://randomuser.me/api/portraits/men/72.jpg', 'medium': 'https://randomuser.me/api/portraits/med/men/72.jpg', 'thumbnail': 'https://randomuser.me/api/portraits/thumb/men/72.jpg'}, 'nat': 'IN'}], 'info': {'seed': '63cb8d9b78acfa74', 'results': 1, 'page': 1, 'version': '1.4'}}</msg>
<arg>${json_data}</arg>
<doc>Logs the given message with the given level.</doc>
<status status="PASS" start="2024-05-16T08:15:20.255338" elapsed="0.000207"/>
</kw>
<kw name="Dictionary Should Contain Key" owner="Collections">
<msg time="2024-05-16T08:15:20.256003" level="INFO">False</msg>
<arg>${json_data}</arg>
<arg>results</arg>
<doc>Fails if ``key`` is not found from ``dictionary``.</doc>
<status status="PASS" start="2024-05-16T08:15:20.255837" elapsed="0.000204"/>
</kw>
<kw name="Should Not Be Empty" owner="BuiltIn">
<msg time="2024-05-16T08:15:20.256463" level="INFO">Length is 2.</msg>
<arg>${json_data}</arg>
<doc>Verifies that the given item is not empty.</doc>
<status status="PASS" start="2024-05-16T08:15:20.256332" elapsed="0.000328"/>
</kw>
<kw name="Create List" owner="BuiltIn">
<msg time="2024-05-16T08:15:20.257111" level="INFO">${expected_keys} = ['gender', 'name', 'location', 'email', 'login']</msg>
<var>${expected_keys}</var>
<arg>gender</arg>
<arg>name</arg>
<arg>location</arg>
<arg>email</arg>
<arg>login</arg>
<doc>Returns a list containing given items.</doc>
<status status="PASS" start="2024-05-16T08:15:20.256955" elapsed="0.000180"/>
</kw>
<for flavor="IN">
<iter>
<kw name="Dictionary Should Contain Key" owner="Collections">
<msg time="2024-05-16T08:15:20.258177" level="INFO">False</msg>
<arg>${json_data['results'][0]}</arg>
<arg>${key}</arg>
<doc>Fails if ``key`` is not found from ``dictionary``.</doc>
<status status="PASS" start="2024-05-16T08:15:20.257769" elapsed="0.000445"/>
</kw>
<kw name="Log" owner="BuiltIn">
<msg time="2024-05-16T08:15:20.258884" level="INFO">{'gender': 'male', 'name': {'title': 'Mr', 'first': 'Anmol', 'last': 'Kumari'}, 'location': {'street': {'number': 5144, 'name': 'Jagadamba Centre'}, 'city': 'Kollam', 'state': 'Gujarat', 'country': 'India', 'postcode': 95052, 'coordinates': {'latitude': '6.1265', 'longitude': '-74.7714'}, 'timezone': {'offset': '-6:00', 'description': 'Central Time (US &amp; Canada), Mexico City'}}, 'email': 'anmol.kumari@example.com', 'login': {'uuid': '1738585f-0eb5-44ad-9ac7-8dfb90d12346', 'username': 'silverladybug563', 'password': 'peterbil', 'salt': 'a6TvpP2Z', 'md5': 'c826c414c92247a7d50750313bf1a6e3', 'sha1': '0472d02e8879b75f1f830fd5b50b0a016c2b6fb6', 'sha256': '3bae7f0b325c33fda7b3328a10093e553560689a7ac22161fc3fe95b5e530eb5'}, 'dob': {'date': '1991-02-16T14:43:59.938Z', 'age': 33}, 'registered': {'date': '2021-11-12T10:44:02.763Z', 'age': 2}, 'phone': '8081122463', 'cell': '7127110710', 'id': {'name': 'UIDAI', 'value': '753125704157'}, 'picture': {'large': 'https://randomuser.me/api/portraits/men/72.jpg', 'medium': 'https://randomuser.me/api/portraits/med/men/72.jpg', 'thumbnail': 'https://randomuser.me/api/portraits/thumb/men/72.jpg'}, 'nat': 'IN'}</msg>
<arg>${json_data['results'][0]}</arg>
<doc>Logs the given message with the given level.</doc>
<status status="PASS" start="2024-05-16T08:15:20.258512" elapsed="0.000423"/>
</kw>
<kw name="Log" owner="BuiltIn">
<msg time="2024-05-16T08:15:20.259361" level="INFO">gender</msg>
<arg>${key}</arg>
<doc>Logs the given message with the given level.</doc>
<status status="PASS" start="2024-05-16T08:15:20.259232" elapsed="0.000166"/>
</kw>
<var name="${key}">gender</var>
<status status="PASS" start="2024-05-16T08:15:20.257608" elapsed="0.002051"/>
</iter>
<iter>
<kw name="Dictionary Should Contain Key" owner="Collections">
<msg time="2024-05-16T08:15:20.260359" level="INFO">False</msg>
<arg>${json_data['results'][0]}</arg>
<arg>${key}</arg>
<doc>Fails if ``key`` is not found from ``dictionary``.</doc>
<status status="PASS" start="2024-05-16T08:15:20.259967" elapsed="0.000429"/>
</kw>
<kw name="Log" owner="BuiltIn">
<msg time="2024-05-16T08:15:20.261082" level="INFO">{'gender': 'male', 'name': {'title': 'Mr', 'first': 'Anmol', 'last': 'Kumari'}, 'location': {'street': {'number': 5144, 'name': 'Jagadamba Centre'}, 'city': 'Kollam', 'state': 'Gujarat', 'country': 'India', 'postcode': 95052, 'coordinates': {'latitude': '6.1265', 'longitude': '-74.7714'}, 'timezone': {'offset': '-6:00', 'description': 'Central Time (US &amp; Canada), Mexico City'}}, 'email': 'anmol.kumari@example.com', 'login': {'uuid': '1738585f-0eb5-44ad-9ac7-8dfb90d12346', 'username': 'silverladybug563', 'password': 'peterbil', 'salt': 'a6TvpP2Z', 'md5': 'c826c414c92247a7d50750313bf1a6e3', 'sha1': '0472d02e8879b75f1f830fd5b50b0a016c2b6fb6', 'sha256': '3bae7f0b325c33fda7b3328a10093e553560689a7ac22161fc3fe95b5e530eb5'}, 'dob': {'date': '1991-02-16T14:43:59.938Z', 'age': 33}, 'registered': {'date': '2021-11-12T10:44:02.763Z', 'age': 2}, 'phone': '8081122463', 'cell': '7127110710', 'id': {'name': 'UIDAI', 'value': '753125704157'}, 'picture': {'large': 'https://randomuser.me/api/portraits/men/72.jpg', 'medium': 'https://randomuser.me/api/portraits/med/men/72.jpg', 'thumbnail': 'https://randomuser.me/api/portraits/thumb/men/72.jpg'}, 'nat': 'IN'}</msg>
<arg>${json_data['results'][0]}</arg>
<doc>Logs the given message with the given level.</doc>
<status status="PASS" start="2024-05-16T08:15:20.260719" elapsed="0.000413"/>
</kw>
<kw name="Log" owner="BuiltIn">
<msg time="2024-05-16T08:15:20.261557" level="INFO">name</msg>
<arg>${key}</arg>
<doc>Logs the given message with the given level.</doc>
<status status="PASS" start="2024-05-16T08:15:20.261431" elapsed="0.000163"/>
</kw>
<var name="${key}">name</var>
<status status="PASS" start="2024-05-16T08:15:20.259850" elapsed="0.001993"/>
</iter>
<iter>
<kw name="Dictionary Should Contain Key" owner="Collections">
<msg time="2024-05-16T08:15:20.262516" level="INFO">False</msg>
<arg>${json_data['results'][0]}</arg>
<arg>${key}</arg>
<doc>Fails if ``key`` is not found from ``dictionary``.</doc>
<status status="PASS" start="2024-05-16T08:15:20.262131" elapsed="0.000421"/>
</kw>
<kw name="Log" owner="BuiltIn">
<msg time="2024-05-16T08:15:20.263205" level="INFO">{'gender': 'male', 'name': {'title': 'Mr', 'first': 'Anmol', 'last': 'Kumari'}, 'location': {'street': {'number': 5144, 'name': 'Jagadamba Centre'}, 'city': 'Kollam', 'state': 'Gujarat', 'country': 'India', 'postcode': 95052, 'coordinates': {'latitude': '6.1265', 'longitude': '-74.7714'}, 'timezone': {'offset': '-6:00', 'description': 'Central Time (US &amp; Canada), Mexico City'}}, 'email': 'anmol.kumari@example.com', 'login': {'uuid': '1738585f-0eb5-44ad-9ac7-8dfb90d12346', 'username': 'silverladybug563', 'password': 'peterbil', 'salt': 'a6TvpP2Z', 'md5': 'c826c414c92247a7d50750313bf1a6e3', 'sha1': '0472d02e8879b75f1f830fd5b50b0a016c2b6fb6', 'sha256': '3bae7f0b325c33fda7b3328a10093e553560689a7ac22161fc3fe95b5e530eb5'}, 'dob': {'date': '1991-02-16T14:43:59.938Z', 'age': 33}, 'registered': {'date': '2021-11-12T10:44:02.763Z', 'age': 2}, 'phone': '8081122463', 'cell': '7127110710', 'id': {'name': 'UIDAI', 'value': '753125704157'}, 'picture': {'large': 'https://randomuser.me/api/portraits/men/72.jpg', 'medium': 'https://randomuser.me/api/portraits/med/men/72.jpg', 'thumbnail': 'https://randomuser.me/api/portraits/thumb/men/72.jpg'}, 'nat': 'IN'}</msg>
<arg>${json_data['results'][0]}</arg>
<doc>Logs the given message with the given level.</doc>
<status status="PASS" start="2024-05-16T08:15:20.262850" elapsed="0.000403"/>
</kw>
<kw name="Log" owner="BuiltIn">
<msg time="2024-05-16T08:15:20.263673" level="INFO">location</msg>
<arg>${key}</arg>
<doc>Logs the given message with the given level.</doc>
<status status="PASS" start="2024-05-16T08:15:20.263548" elapsed="0.000162"/>
</kw>
<var name="${key}">location</var>
<status status="PASS" start="2024-05-16T08:15:20.262019" elapsed="0.001905"/>
</iter>
<iter>
<kw name="Dictionary Should Contain Key" owner="Collections">
<msg time="2024-05-16T08:15:20.264583" level="INFO">False</msg>
<arg>${json_data['results'][0]}</arg>
<arg>${key}</arg>
<doc>Fails if ``key`` is not found from ``dictionary``.</doc>
<status status="PASS" start="2024-05-16T08:15:20.264204" elapsed="0.000416"/>
</kw>
<kw name="Log" owner="BuiltIn">
<msg time="2024-05-16T08:15:20.265282" level="INFO">{'gender': 'male', 'name': {'title': 'Mr', 'first': 'Anmol', 'last': 'Kumari'}, 'location': {'street': {'number': 5144, 'name': 'Jagadamba Centre'}, 'city': 'Kollam', 'state': 'Gujarat', 'country': 'India', 'postcode': 95052, 'coordinates': {'latitude': '6.1265', 'longitude': '-74.7714'}, 'timezone': {'offset': '-6:00', 'description': 'Central Time (US &amp; Canada), Mexico City'}}, 'email': 'anmol.kumari@example.com', 'login': {'uuid': '1738585f-0eb5-44ad-9ac7-8dfb90d12346', 'username': 'silverladybug563', 'password': 'peterbil', 'salt': 'a6TvpP2Z', 'md5': 'c826c414c92247a7d50750313bf1a6e3', 'sha1': '0472d02e8879b75f1f830fd5b50b0a016c2b6fb6', 'sha256': '3bae7f0b325c33fda7b3328a10093e553560689a7ac22161fc3fe95b5e530eb5'}, 'dob': {'date': '1991-02-16T14:43:59.938Z', 'age': 33}, 'registered': {'date': '2021-11-12T10:44:02.763Z', 'age': 2}, 'phone': '8081122463', 'cell': '7127110710', 'id': {'name': 'UIDAI', 'value': '753125704157'}, 'picture': {'large': 'https://randomuser.me/api/portraits/men/72.jpg', 'medium': 'https://randomuser.me/api/portraits/med/men/72.jpg', 'thumbnail': 'https://randomuser.me/api/portraits/thumb/men/72.jpg'}, 'nat': 'IN'}</msg>
<arg>${json_data['results'][0]}</arg>
<doc>Logs the given message with the given level.</doc>
<status status="PASS" start="2024-05-16T08:15:20.264920" elapsed="0.000412"/>
</kw>
<kw name="Log" owner="BuiltIn">
<msg time="2024-05-16T08:15:20.265796" level="INFO">email</msg>
<arg>${key}</arg>
<doc>Logs the given message with the given level.</doc>
<status status="PASS" start="2024-05-16T08:15:20.265626" elapsed="0.000215"/>
</kw>
<var name="${key}">email</var>
<status status="PASS" start="2024-05-16T08:15:20.264094" elapsed="0.001967"/>
</iter>
<iter>
<kw name="Dictionary Should Contain Key" owner="Collections">
<msg time="2024-05-16T08:15:20.266726" level="INFO">False</msg>
<arg>${json_data['results'][0]}</arg>
<arg>${key}</arg>
<doc>Fails if ``key`` is not found from ``dictionary``.</doc>
<status status="PASS" start="2024-05-16T08:15:20.266343" elapsed="0.000424"/>
</kw>
<kw name="Log" owner="BuiltIn">
<msg time="2024-05-16T08:15:20.267428" level="INFO">{'gender': 'male', 'name': {'title': 'Mr', 'first': 'Anmol', 'last': 'Kumari'}, 'location': {'street': {'number': 5144, 'name': 'Jagadamba Centre'}, 'city': 'Kollam', 'state': 'Gujarat', 'country': 'India', 'postcode': 95052, 'coordinates': {'latitude': '6.1265', 'longitude': '-74.7714'}, 'timezone': {'offset': '-6:00', 'description': 'Central Time (US &amp; Canada), Mexico City'}}, 'email': 'anmol.kumari@example.com', 'login': {'uuid': '1738585f-0eb5-44ad-9ac7-8dfb90d12346', 'username': 'silverladybug563', 'password': 'peterbil', 'salt': 'a6TvpP2Z', 'md5': 'c826c414c92247a7d50750313bf1a6e3', 'sha1': '0472d02e8879b75f1f830fd5b50b0a016c2b6fb6', 'sha256': '3bae7f0b325c33fda7b3328a10093e553560689a7ac22161fc3fe95b5e530eb5'}, 'dob': {'date': '1991-02-16T14:43:59.938Z', 'age': 33}, 'registered': {'date': '2021-11-12T10:44:02.763Z', 'age': 2}, 'phone': '8081122463', 'cell': '7127110710', 'id': {'name': 'UIDAI', 'value': '753125704157'}, 'picture': {'large': 'https://randomuser.me/api/portraits/men/72.jpg', 'medium': 'https://randomuser.me/api/portraits/med/men/72.jpg', 'thumbnail': 'https://randomuser.me/api/portraits/thumb/men/72.jpg'}, 'nat': 'IN'}</msg>
<arg>${json_data['results'][0]}</arg>
<doc>Logs the given message with the given level.</doc>
<status status="PASS" start="2024-05-16T08:15:20.267063" elapsed="0.000428"/>
</kw>
<kw name="Log" owner="BuiltIn">
<msg time="2024-05-16T08:15:20.267933" level="INFO">login</msg>
<arg>${key}</arg>
<doc>Logs the given message with the given level.</doc>
<status status="PASS" start="2024-05-16T08:15:20.267805" elapsed="0.000175"/>
</kw>
<var name="${key}">login</var>
<status status="PASS" start="2024-05-16T08:15:20.266232" elapsed="0.002012"/>
</iter>
<var>${key}</var>
<value>@{expected_keys}</value>
<status status="PASS" start="2024-05-16T08:15:20.257403" elapsed="0.010969"/>
</for>
<kw name="Create List" owner="BuiltIn">
<msg time="2024-05-16T08:15:20.268698" level="INFO">${expected_keysTwo} = ['username', 'password']</msg>
<var>${expected_keysTwo}</var>
<arg>username</arg>
<arg>password</arg>
<doc>Returns a list containing given items.</doc>
<status status="PASS" start="2024-05-16T08:15:20.268563" elapsed="0.000158"/>
</kw>
<for flavor="IN">
<iter>
<kw name="Dictionary Should Contain Key" owner="Collections">
<msg time="2024-05-16T08:15:20.269616" level="INFO">False</msg>
<arg>${json_data['results'][0]['login']}</arg>
<arg>${keyTwo}</arg>
<doc>Fails if ``key`` is not found from ``dictionary``.</doc>
<status status="PASS" start="2024-05-16T08:15:20.269224" elapsed="0.000456"/>
</kw>
<kw name="Dictionary Should Contain Key" owner="Collections">
<msg time="2024-05-16T08:15:20.270375" level="INFO">False</msg>
<arg>${json_data['results'][0]['login']}</arg>
<arg>${keyTwo}</arg>
<doc>Fails if ``key`` is not found from ``dictionary``.</doc>
<status status="PASS" start="2024-05-16T08:15:20.269990" elapsed="0.000422"/>
</kw>
<kw name="Log" owner="BuiltIn">
<msg time="2024-05-16T08:15:20.270840" level="INFO">username</msg>
<arg>${keyTwo}</arg>
<doc>Logs the given message with the given level.</doc>
<status status="PASS" start="2024-05-16T08:15:20.270706" elapsed="0.000176"/>
</kw>
<var name="${keyTwo}">username</var>
<status status="PASS" start="2024-05-16T08:15:20.269113" elapsed="0.001987"/>
</iter>
<iter>
<kw name="Dictionary Should Contain Key" owner="Collections">
<msg time="2024-05-16T08:15:20.271856" level="INFO">False</msg>
<arg>${json_data['results'][0]['login']}</arg>
<arg>${keyTwo}</arg>
<doc>Fails if ``key`` is not found from ``dictionary``.</doc>
<status status="PASS" start="2024-05-16T08:15:20.271384" elapsed="0.000514"/>
</kw>
<kw name="Dictionary Should Contain Key" owner="Collections">
<msg time="2024-05-16T08:15:20.272573" level="INFO">False</msg>
<arg>${json_data['results'][0]['login']}</arg>
<arg>${keyTwo}</arg>
<doc>Fails if ``key`` is not found from ``dictionary``.</doc>
<status status="PASS" start="2024-05-16T08:15:20.272194" elapsed="0.000416"/>
</kw>
<kw name="Log" owner="BuiltIn">
<msg time="2024-05-16T08:15:20.273030" level="INFO">password</msg>
<arg>${keyTwo}</arg>
<doc>Logs the given message with the given level.</doc>
<status status="PASS" start="2024-05-16T08:15:20.272903" elapsed="0.000165"/>
</kw>
<var name="${keyTwo}">password</var>
<status status="PASS" start="2024-05-16T08:15:20.271272" elapsed="0.002035"/>
</iter>
<var>${keyTwo}</var>
<value>@{expected_keysTwo}</value>
<status status="PASS" start="2024-05-16T08:15:20.268961" elapsed="0.004467"/>
</for>
<status status="PASS" start="2024-05-16T08:15:20.033529" elapsed="0.240043"/>
</kw>
<doc>Testa a estrutura da resposta da API.</doc>
<tag>testeEstruturaResposta</tag>
<status status="PASS" start="2024-05-16T08:15:20.032886" elapsed="0.240875"/>
</test>
<test id="s1-s1-t4" name="Validar tipos de dados" line="28">
<kw name="Teste de Tipos de Dados" owner="random-user-service">
<kw name="GET On Session" owner="RequestsLibrary">
<msg time="2024-05-16T08:15:20.529181" level="INFO">GET Request : url=https://randomuser.me/api 
 path_url=/api 
 headers={'User-Agent': 'python-requests/2.31.0', 'Accept-Encoding': 'gzip, deflate', 'Accept': '*/*', 'Connection': 'keep-alive'} 
 body=None 
 </msg>
<msg time="2024-05-16T08:15:20.529272" level="INFO">GET Response : url=https://randomuser.me/api 
 status=200, reason=OK 
 headers={'Date': 'Thu, 16 May 2024 08:15:20 GMT', 'Content-Type': 'application/json; charset=utf-8', 'Transfer-Encoding': 'chunked', 'Connection': 'keep-alive', 'X-Powered-By': 'Express', 'Access-Control-Allow-Origin': '*', 'Cache-Control': 'no-cache', 'ETag': 'W/"4bc-l1oE5Ip/rbTrixTUW+YwBK1lFyE"', 'Vary': 'Accept-Encoding', 'Content-Encoding': 'gzip', 'CF-Cache-Status': 'DYNAMIC', 'Report-To': '{"endpoints":[{"url":"https:\\/\\/a.nel.cloudflare.com\\/report\\/v4?s=3Nl8MrpU2c3szOeDa8b7cljA8XdYWMYhdnN6H2Ua5QIvlvXBejGiAL5qOERLjtsiKZB0RsW9M5xdzUxvBGJNtm%2BuqX70kpbLsGAwlbCNMxBMvoZcU7ihsdDKZV4YGI2v"}],"group":"cf-nel","max_age":604800}', 'NEL': '{"success_fraction":0,"report_to":"cf-nel","max_age":604800}', 'Server': 'cloudflare', 'CF-RAY': '8849eb57cb4bdba2-LAX', 'alt-svc': 'h3=":443"; ma=86400'} 
 body={"results":[{"gender":"female","name":{"title":"Mrs","first":"Mareile","last":"Schwarzkopf"},"location":{"street":{"number":485,"name":"Schützenstraße"},"city":"Reichenbach im Vogtland","state":"Brandenburg","country":"Germany","postcode":73675,"coordinates":{"latitude":"-52.5846","longitude":"111.5406"},"timezone":{"offset":"+10:00","description":"Eastern Australia, Guam, Vladivostok"}},"email":"mareile.schwarzkopf@example.com","login":{"uuid":"ac7f0eb3-bde8-4b2c-b2b6-8e43cfb6feee","username":"greenlion919","password":"reggae","salt":"37ISjXSi","md5":"7eabc161a4b2040e351cfaae2425b86e","sha1":"f1a416b5ec27810981a7e474c1bfb7d36e44e3b9","sha256":"1dfac7635ddc9946459a150c2f39e71b1b6e012a86d1b80683789dee86f8a40c"},"dob":{"date":"1962-01-24T00:26:51.663Z","age":62},"registered":{"date":"2006-09-23T15:42:42.831Z","age":17},"phone":"0974-9999907","cell":"0172-5893067","id":{"name":"SVNR","value":"15 230162 S 932"},"picture":{"large":"https://randomuser.me/api/portraits/women/78.jpg","medium":"https://randomuser.me/api/portraits/med/women/78.jpg","thumbnail":"https://randomuser.me/api/portraits/thumb/women/78.jpg"},"nat":"DE"}],"info":{"seed":"9ca6f0d572129da6","results":1,"page":1,"version":"1.4"}} 
 </msg>
<msg time="2024-05-16T08:15:20.529340" level="INFO">/opt/hostedtoolcache/Python/3.12.3/x64/lib/python3.12/site-packages/urllib3/connectionpool.py:1103: InsecureRequestWarning: Unverified HTTPS request is being made to host 'randomuser.me'. Adding certificate verification is strongly advised. See: https://urllib3.readthedocs.io/en/latest/advanced-usage.html#tls-warnings
  warnings.warn(</msg>
<msg time="2024-05-16T08:15:20.529452" level="INFO">${response} = &lt;Response [200]&gt;</msg>
<var>${response}</var>
<arg>consultarAPI</arg>
<arg>/api</arg>
<doc>Sends a GET request on a previously created HTTP Session.</doc>
<status status="PASS" start="2024-05-16T08:15:20.276305" elapsed="0.253190"/>
</kw>
<kw name="Set Variable" owner="BuiltIn">
<msg time="2024-05-16T08:15:20.530545" level="INFO">${json_data} = {'results': [{'gender': 'female', 'name': {'title': 'Mrs', 'first': 'Mareile', 'last': 'Schwarzkopf'}, 'location': {'street': {'number': 485, 'name': 'Schützenstraße'}, 'city': 'Reichenbach im Vogtlan...</msg>
<var>${json_data}</var>
<arg>${response.json()}</arg>
<doc>Returns the given values which can then be assigned to a variables.</doc>
<status status="PASS" start="2024-05-16T08:15:20.530007" elapsed="0.000572"/>
</kw>
<kw name="Log" owner="BuiltIn">
<msg time="2024-05-16T08:15:20.531058" level="INFO">{'results': [{'gender': 'female', 'name': {'title': 'Mrs', 'first': 'Mareile', 'last': 'Schwarzkopf'}, 'location': {'street': {'number': 485, 'name': 'Schützenstraße'}, 'city': 'Reichenbach im Vogtland', 'state': 'Brandenburg', 'country': 'Germany', 'postcode': 73675, 'coordinates': {'latitude': '-52.5846', 'longitude': '111.5406'}, 'timezone': {'offset': '+10:00', 'description': 'Eastern Australia, Guam, Vladivostok'}}, 'email': 'mareile.schwarzkopf@example.com', 'login': {'uuid': 'ac7f0eb3-bde8-4b2c-b2b6-8e43cfb6feee', 'username': 'greenlion919', 'password': 'reggae', 'salt': '37ISjXSi', 'md5': '7eabc161a4b2040e351cfaae2425b86e', 'sha1': 'f1a416b5ec27810981a7e474c1bfb7d36e44e3b9', 'sha256': '1dfac7635ddc9946459a150c2f39e71b1b6e012a86d1b80683789dee86f8a40c'}, 'dob': {'date': '1962-01-24T00:26:51.663Z', 'age': 62}, 'registered': {'date': '2006-09-23T15:42:42.831Z', 'age': 17}, 'phone': '0974-9999907', 'cell': '0172-5893067', 'id': {'name': 'SVNR', 'value': '15 230162 S 932'}, 'picture': {'large': 'https://randomuser.me/api/portraits/women/78.jpg', 'medium': 'https://randomuser.me/api/portraits/med/women/78.jpg', 'thumbnail': 'https://randomuser.me/api/portraits/thumb/women/78.jpg'}, 'nat': 'DE'}], 'info': {'seed': '9ca6f0d572129da6', 'results': 1, 'page': 1, 'version': '1.4'}}</msg>
<arg>${json_data}</arg>
<doc>Logs the given message with the given level.</doc>
<status status="PASS" start="2024-05-16T08:15:20.530891" elapsed="0.000269"/>
</kw>
<kw name="Should Be String" owner="String">
<arg>${json_data['results'][0]['gender']}</arg>
<doc>Fails if the given ``item`` is not a string.</doc>
<status status="PASS" start="2024-05-16T08:15:20.531460" elapsed="0.000365"/>
</kw>
<kw name="Should Match Regexp" owner="BuiltIn">
<arg>${json_data['results'][0]['email']}</arg>
<arg>^[a-zA-Z0-9._%+-]+@[a-zA-Z0-9.-]+\.[a-zA-Z]{2,}$</arg>
<doc>Fails if ``string`` does not match ``pattern`` as a regular expression.</doc>
<status status="PASS" start="2024-05-16T08:15:20.532017" elapsed="0.000508"/>
</kw>
<kw name="Should Match Regexp" owner="BuiltIn">
<arg>${json_data['results'][0]['dob']['date']}</arg>
<arg>\\d{4}-\\d{2}-\\d{2}T\\d{2}:\\d{2}:\\d{2}\\.\\d{3}Z</arg>
<doc>Fails if ``string`` does not match ``pattern`` as a regular expression.</doc>
<status status="PASS" start="2024-05-16T08:15:20.532722" elapsed="0.000519"/>
</kw>
<kw name="Should Match Regexp" owner="BuiltIn">
<arg>${json_data['results'][0]['registered']['date']}</arg>
<arg>\\d{4}-\\d{2}-\\d{2}T\\d{2}:\\d{2}:\\d{2}\\.\\d{3}Z</arg>
<doc>Fails if ``string`` does not match ``pattern`` as a regular expression.</doc>
<status status="PASS" start="2024-05-16T08:15:20.533438" elapsed="0.000413"/>
</kw>
<kw name="Should Match Regexp" owner="BuiltIn">
<arg>${json_data['results'][0]['picture']['large']}</arg>
<arg>^https?://.*\.(?:png|jpe?g|gif|bmp)$</arg>
<doc>Fails if ``string`` does not match ``pattern`` as a regular expression.</doc>
<status status="PASS" start="2024-05-16T08:15:20.534052" elapsed="0.000534"/>
</kw>
<kw name="Should Match Regexp" owner="BuiltIn">
<arg>${json_data['results'][0]['picture']['medium']}</arg>
<arg>^https?://.*\.(?:png|jpe?g|gif|bmp)$</arg>
<doc>Fails if ``string`` does not match ``pattern`` as a regular expression.</doc>
<status status="PASS" start="2024-05-16T08:15:20.534781" elapsed="0.000363"/>
</kw>
<kw name="Should Match Regexp" owner="BuiltIn">
<arg>${json_data['results'][0]['picture']['thumbnail']}</arg>
<arg>^https?://.*\.(?:png|jpe?g|gif|bmp)$</arg>
<doc>Fails if ``string`` does not match ``pattern`` as a regular expression.</doc>
<status status="PASS" start="2024-05-16T08:15:20.535338" elapsed="0.000352"/>
</kw>
<kw name="Log" owner="BuiltIn">
<msg time="2024-05-16T08:15:20.536202" level="INFO">{'large': 'https://randomuser.me/api/portraits/women/78.jpg', 'medium': 'https://randomuser.me/api/portraits/med/women/78.jpg', 'thumbnail': 'https://randomuser.me/api/portraits/thumb/women/78.jpg'}</msg>
<arg>${json_data['results'][0]['picture']}</arg>
<doc>Logs the given message with the given level.</doc>
<status status="PASS" start="2024-05-16T08:15:20.535874" elapsed="0.000378"/>
</kw>
<status status="PASS" start="2024-05-16T08:15:20.276072" elapsed="0.260440"/>
</kw>
<kw name="Teste de Tipos de Dados - Postcode" owner="random-user-service">
<kw name="GET On Session" owner="RequestsLibrary">
<msg time="2024-05-16T08:15:20.732489" level="INFO">GET Request : url=https://randomuser.me/api 
 path_url=/api 
 headers={'User-Agent': 'python-requests/2.31.0', 'Accept-Encoding': 'gzip, deflate', 'Accept': '*/*', 'Connection': 'keep-alive'} 
 body=None 
 </msg>
<msg time="2024-05-16T08:15:20.732577" level="INFO">GET Response : url=https://randomuser.me/api 
 status=200, reason=OK 
 headers={'Date': 'Thu, 16 May 2024 08:15:20 GMT', 'Content-Type': 'application/json; charset=utf-8', 'Transfer-Encoding': 'chunked', 'Connection': 'keep-alive', 'X-Powered-By': 'Express', 'Access-Control-Allow-Origin': '*', 'Cache-Control': 'no-cache', 'ETag': 'W/"4a8-2KSNoguFM7tSaiPu7CGEad7pfSs"', 'Vary': 'Accept-Encoding', 'Content-Encoding': 'gzip', 'CF-Cache-Status': 'DYNAMIC', 'Report-To': '{"endpoints":[{"url":"https:\\/\\/a.nel.cloudflare.com\\/report\\/v4?s=3jeBnF2l4iBqYqbOq%2FKTSExtVrnUlN6bb%2BqeCAytBJ4vI8xUK7riDMOTrIP6yZbqL4XPHV4mSL7ItmpffXylZ7OKs2xxtxiLTu78Ul4vnYWCwywVOkkBAi6XiosJ8XVs"}],"group":"cf-nel","max_age":604800}', 'NEL': '{"success_fraction":0,"report_to":"cf-nel","max_age":604800}', 'Server': 'cloudflare', 'CF-RAY': '8849eb596cb6dba2-LAX', 'alt-svc': 'h3=":443"; ma=86400'} 
 body={"results":[{"gender":"female","name":{"title":"Miss","first":"Arlene","last":"Reynolds"},"location":{"street":{"number":9583,"name":"Wheeler Ridge Dr"},"city":"Flint","state":"North Carolina","country":"United States","postcode":84007,"coordinates":{"latitude":"82.2088","longitude":"104.1971"},"timezone":{"offset":"+5:30","description":"Bombay, Calcutta, Madras, New Delhi"}},"email":"arlene.reynolds@example.com","login":{"uuid":"1b3bff4a-d2e5-4342-af2a-6b6ad9be6835","username":"redgorilla760","password":"brest","salt":"k7ultij7","md5":"ea707256dad6f0424c577b17a698fa45","sha1":"02a4e2f97fed48cc8c87177a4d07156c0a15aff8","sha256":"6ec5e98afd13909c44d9fdfd897009e200430eb28e7527be8f9f7f3c52f53f79"},"dob":{"date":"1967-09-18T05:32:35.327Z","age":56},"registered":{"date":"2015-06-18T15:51:25.031Z","age":8},"phone":"(679) 552-3512","cell":"(844) 434-6679","id":{"name":"SSN","value":"026-27-9156"},"picture":{"large":"https://randomuser.me/api/portraits/women/81.jpg","medium":"https://randomuser.me/api/portraits/med/women/81.jpg","thumbnail":"https://randomuser.me/api/portraits/thumb/women/81.jpg"},"nat":"US"}],"info":{"seed":"93b6fa4921f0dcf4","results":1,"page":1,"version":"1.4"}} 
 </msg>
<msg time="2024-05-16T08:15:20.732642" level="INFO">/opt/hostedtoolcache/Python/3.12.3/x64/lib/python3.12/site-packages/urllib3/connectionpool.py:1103: InsecureRequestWarning: Unverified HTTPS request is being made to host 'randomuser.me'. Adding certificate verification is strongly advised. See: https://urllib3.readthedocs.io/en/latest/advanced-usage.html#tls-warnings
  warnings.warn(</msg>
<msg time="2024-05-16T08:15:20.732750" level="INFO">${response} = &lt;Response [200]&gt;</msg>
<var>${response}</var>
<arg>consultarAPI</arg>
<arg>/api</arg>
<doc>Sends a GET request on a previously created HTTP Session.</doc>
<status status="PASS" start="2024-05-16T08:15:20.536972" elapsed="0.195818"/>
</kw>
<kw name="Set Variable" owner="BuiltIn">
<msg time="2024-05-16T08:15:20.733814" level="INFO">${json_data} = {'results': [{'gender': 'female', 'name': {'title': 'Miss', 'first': 'Arlene', 'last': 'Reynolds'}, 'location': {'street': {'number': 9583, 'name': 'Wheeler Ridge Dr'}, 'city': 'Flint', 'state': 'Nort...</msg>
<var>${json_data}</var>
<arg>${response.json()}</arg>
<doc>Returns the given values which can then be assigned to a variables.</doc>
<status status="PASS" start="2024-05-16T08:15:20.733267" elapsed="0.000576"/>
</kw>
<kw name="Log" owner="BuiltIn">
<msg time="2024-05-16T08:15:20.734312" level="INFO">{'results': [{'gender': 'female', 'name': {'title': 'Miss', 'first': 'Arlene', 'last': 'Reynolds'}, 'location': {'street': {'number': 9583, 'name': 'Wheeler Ridge Dr'}, 'city': 'Flint', 'state': 'North Carolina', 'country': 'United States', 'postcode': 84007, 'coordinates': {'latitude': '82.2088', 'longitude': '104.1971'}, 'timezone': {'offset': '+5:30', 'description': 'Bombay, Calcutta, Madras, New Delhi'}}, 'email': 'arlene.reynolds@example.com', 'login': {'uuid': '1b3bff4a-d2e5-4342-af2a-6b6ad9be6835', 'username': 'redgorilla760', 'password': 'brest', 'salt': 'k7ultij7', 'md5': 'ea707256dad6f0424c577b17a698fa45', 'sha1': '02a4e2f97fed48cc8c87177a4d07156c0a15aff8', 'sha256': '6ec5e98afd13909c44d9fdfd897009e200430eb28e7527be8f9f7f3c52f53f79'}, 'dob': {'date': '1967-09-18T05:32:35.327Z', 'age': 56}, 'registered': {'date': '2015-06-18T15:51:25.031Z', 'age': 8}, 'phone': '(679) 552-3512', 'cell': '(844) 434-6679', 'id': {'name': 'SSN', 'value': '026-27-9156'}, 'picture': {'large': 'https://randomuser.me/api/portraits/women/81.jpg', 'medium': 'https://randomuser.me/api/portraits/med/women/81.jpg', 'thumbnail': 'https://randomuser.me/api/portraits/thumb/women/81.jpg'}, 'nat': 'US'}], 'info': {'seed': '93b6fa4921f0dcf4', 'results': 1, 'page': 1, 'version': '1.4'}}</msg>
<arg>${json_data}</arg>
<doc>Logs the given message with the given level.</doc>
<status status="PASS" start="2024-05-16T08:15:20.734157" elapsed="0.000236"/>
</kw>
<kw name="Should Be Equal As Numbers" owner="BuiltIn">
<arg>${json_data['results'][0]['location']['postcode']}</arg>
<arg>${json_data['results'][0]['location']['postcode']}</arg>
<doc>Fails if objects are unequal after converting them to real numbers.</doc>
<status status="PASS" start="2024-05-16T08:15:20.734861" elapsed="0.000621"/>
</kw>
<kw name="Log" owner="BuiltIn">
<msg time="2024-05-16T08:15:20.736013" level="INFO">84007</msg>
<arg>${json_data['results'][0]['location']['postcode']}</arg>
<doc>Logs the given message with the given level.</doc>
<status status="PASS" start="2024-05-16T08:15:20.735676" elapsed="0.000377"/>
</kw>
<status status="PASS" start="2024-05-16T08:15:20.536740" elapsed="0.199567"/>
</kw>
<doc>Testa se os tipos de dados na resposta da API estão corretos.</doc>
<tag>testeTiposDados</tag>
<status status="PASS" start="2024-05-16T08:15:20.275503" elapsed="0.460973"/>
</test>
<test id="s1-s1-t5" name="Validar conteudo" line="35">
<kw name="Teste de Tipos de Conteudo" owner="random-user-service">
<kw name="GET On Session" owner="RequestsLibrary">
<msg time="2024-05-16T08:15:20.863911" level="INFO">GET Request : url=https://randomuser.me/api 
 path_url=/api 
 headers={'User-Agent': 'python-requests/2.31.0', 'Accept-Encoding': 'gzip, deflate', 'Accept': '*/*', 'Connection': 'keep-alive'} 
 body=None 
 </msg>
<msg time="2024-05-16T08:15:20.864004" level="INFO">GET Response : url=https://randomuser.me/api 
 status=200, reason=OK 
 headers={'Date': 'Thu, 16 May 2024 08:15:20 GMT', 'Content-Type': 'application/json; charset=utf-8', 'Transfer-Encoding': 'chunked', 'Connection': 'keep-alive', 'X-Powered-By': 'Express', 'Access-Control-Allow-Origin': '*', 'Cache-Control': 'no-cache', 'ETag': 'W/"494-VkPU7ZjQ0KqgRU7TziRZTk7tboo"', 'Vary': 'Accept-Encoding', 'Content-Encoding': 'gzip', 'CF-Cache-Status': 'DYNAMIC', 'Report-To': '{"endpoints":[{"url":"https:\\/\\/a.nel.cloudflare.com\\/report\\/v4?s=Kwf10m12oLT%2FHcrIU5l9JTalEVD%2BWBLvJisrHvH%2B3jg%2FQi1nYQrjrJecrYOrgQcdgDI5pB3pvhI73F9cW%2BBlwk%2Fvn0O03yzm%2F9LZpLjdnCXnThBQuzD%2BCYN5FoVXkSTE"}],"group":"cf-nel","max_age":604800}', 'NEL': '{"success_fraction":0,"report_to":"cf-nel","max_age":604800}', 'Server': 'cloudflare', 'CF-RAY': '8849eb5aae1adba2-LAX', 'alt-svc': 'h3=":443"; ma=86400'} 
 body={"results":[{"gender":"female","name":{"title":"Ms","first":"Ingetraut","last":"Höll"},"location":{"street":{"number":2951,"name":"Buchenweg"},"city":"Stendal","state":"Thüringen","country":"Germany","postcode":52349,"coordinates":{"latitude":"-51.7184","longitude":"100.0103"},"timezone":{"offset":"-7:00","description":"Mountain Time (US &amp; Canada)"}},"email":"ingetraut.holl@example.com","login":{"uuid":"76c343df-74d4-4845-a8ae-aeb3d5efb813","username":"tinyostrich936","password":"niceguy","salt":"q2qFsxAF","md5":"db8ed25cc402a62e568883e33ab777ad","sha1":"5a344756eda180dceddafddbd609b20642c4e7d6","sha256":"05a0105f965664c4dd8418f2c7bd305d8f50f4eca470df718084dc8844939fcf"},"dob":{"date":"1986-11-19T02:40:06.323Z","age":37},"registered":{"date":"2006-05-19T12:30:38.795Z","age":17},"phone":"0399-7502491","cell":"0174-3638198","id":{"name":"SVNR","value":"29 181186 H 813"},"picture":{"large":"https://randomuser.me/api/portraits/women/84.jpg","medium":"https://randomuser.me/api/portraits/med/women/84.jpg","thumbnail":"https://randomuser.me/api/portraits/thumb/women/84.jpg"},"nat":"DE"}],"info":{"seed":"53569884c77d62fb","results":1,"page":1,"version":"1.4"}} 
 </msg>
<msg time="2024-05-16T08:15:20.864074" level="INFO">/opt/hostedtoolcache/Python/3.12.3/x64/lib/python3.12/site-packages/urllib3/connectionpool.py:1103: InsecureRequestWarning: Unverified HTTPS request is being made to host 'randomuser.me'. Adding certificate verification is strongly advised. See: https://urllib3.readthedocs.io/en/latest/advanced-usage.html#tls-warnings
  warnings.warn(</msg>
<msg time="2024-05-16T08:15:20.864187" level="INFO">${response} = &lt;Response [200]&gt;</msg>
<var>${response}</var>
<arg>consultarAPI</arg>
<arg>/api</arg>
<doc>Sends a GET request on a previously created HTTP Session.</doc>
<status status="PASS" start="2024-05-16T08:15:20.739242" elapsed="0.124980"/>
</kw>
<kw name="Set Variable" owner="BuiltIn">
<msg time="2024-05-16T08:15:20.865254" level="INFO">${json_data} = {'results': [{'gender': 'female', 'name': {'title': 'Ms', 'first': 'Ingetraut', 'last': 'Höll'}, 'location': {'street': {'number': 2951, 'name': 'Buchenweg'}, 'city': 'Stendal', 'state': 'Thüringen', ...</msg>
<var>${json_data}</var>
<arg>${response.json()}</arg>
<doc>Returns the given values which can then be assigned to a variables.</doc>
<status status="PASS" start="2024-05-16T08:15:20.864737" elapsed="0.000548"/>
</kw>
<kw name="Set Variable" owner="BuiltIn">
<msg time="2024-05-16T08:15:20.866018" level="INFO">${name_title} = Ms</msg>
<var>${name_title}</var>
<arg>${json_data["results"][0]["name"]["title"]}</arg>
<doc>Returns the given values which can then be assigned to a variables.</doc>
<status status="PASS" start="2024-05-16T08:15:20.865593" elapsed="0.000451"/>
</kw>
<kw name="Create List" owner="BuiltIn">
<msg time="2024-05-16T08:15:20.866498" level="INFO">${allowed_titles} = ['Mr', 'Ms', 'Miss', 'Mrs', 'Madame', 'Monsieur']</msg>
<var>${allowed_titles}</var>
<arg>Mr</arg>
<arg>Ms</arg>
<arg>Miss</arg>
<arg>Mrs</arg>
<arg>Madame</arg>
<arg>Monsieur</arg>
<doc>Returns a list containing given items.</doc>
<status status="PASS" start="2024-05-16T08:15:20.866348" elapsed="0.000175"/>
</kw>
<kw name="List Should Contain Value" owner="Collections">
<msg time="2024-05-16T08:15:20.867004" level="INFO">False</msg>
<arg>${allowed_titles}</arg>
<arg>${name_title}</arg>
<doc>Fails if the ``value`` is not found from ``list``.</doc>
<status status="PASS" start="2024-05-16T08:15:20.866824" elapsed="0.000216"/>
</kw>
<kw name="Set Variable" owner="BuiltIn">
<msg time="2024-05-16T08:15:20.867710" level="INFO">${name_country} = DE</msg>
<var>${name_country}</var>
<arg>${json_data["results"][0]["nat"]}</arg>
<doc>Returns the given values which can then be assigned to a variables.</doc>
<status status="PASS" start="2024-05-16T08:15:20.867334" elapsed="0.000402"/>
</kw>
<kw name="Create List" owner="BuiltIn">
<msg time="2024-05-16T08:15:20.868641" level="INFO">${list_country} = ['AD', 'AE', 'AF', 'AG', 'AI', 'AL', 'AM', 'AO', 'AQ', 'AR', 'AS', 'AT', 'AU', 'AW', 'AX', 'AZ', 'BA', 'BB', 'BD', 'BE', 'BF', 'BG', 'BH', 'BI', 'BJ', 'BL', 'BM', 'BN', 'BO', 'BQ', 'BR', 'BS', 'BT', '...</msg>
<var>${list_country}</var>
<arg>AD</arg>
<arg>AE</arg>
<arg>AF</arg>
<arg>AG</arg>
<arg>AI</arg>
<arg>AL</arg>
<arg>AM</arg>
<arg>AO</arg>
<arg>AQ</arg>
<arg>AR</arg>
<arg>AS</arg>
<arg>AT</arg>
<arg>AU</arg>
<arg>AW</arg>
<arg>AX</arg>
<arg>AZ</arg>
<arg>BA</arg>
<arg>BB</arg>
<arg>BD</arg>
<arg>BE</arg>
<arg>BF</arg>
<arg>BG</arg>
<arg>BH</arg>
<arg>BI</arg>
<arg>BJ</arg>
<arg>BL</arg>
<arg>BM</arg>
<arg>BN</arg>
<arg>BO</arg>
<arg>BQ</arg>
<arg>BR</arg>
<arg>BS</arg>
<arg>BT</arg>
<arg>BV</arg>
<arg>BW</arg>
<arg>BY</arg>
<arg>BZ</arg>
<arg>CA</arg>
<arg>CC</arg>
<arg>CD</arg>
<arg>CF</arg>
<arg>CG</arg>
<arg>CH</arg>
<arg>CI</arg>
<arg>CK</arg>
<arg>CL</arg>
<arg>CM</arg>
<arg>CN</arg>
<arg>CO</arg>
<arg>CR</arg>
<arg>CU</arg>
<arg>CV</arg>
<arg>CW</arg>
<arg>CX</arg>
<arg>CY</arg>
<arg>CZ</arg>
<arg>DE</arg>
<arg>DJ</arg>
<arg>DK</arg>
<arg>DM</arg>
<arg>DO</arg>
<arg>DZ</arg>
<arg>EC</arg>
<arg>EE</arg>
<arg>EG</arg>
<arg>EH</arg>
<arg>ER</arg>
<arg>ES</arg>
<arg>ET</arg>
<arg>FI</arg>
<arg>FJ</arg>
<arg>FK</arg>
<arg>FM</arg>
<arg>FO</arg>
<arg>FR</arg>
<arg>GA</arg>
<arg>GB</arg>
<arg>GD</arg>
<arg>GE</arg>
<arg>GF</arg>
<arg>GG</arg>
<arg>GH</arg>
<arg>GI</arg>
<arg>GL</arg>
<arg>GM</arg>
<arg>GN</arg>
<arg>GP</arg>
<arg>GQ</arg>
<arg>GR</arg>
<arg>GS</arg>
<arg>GT</arg>
<arg>GU</arg>
<arg>GW</arg>
<arg>GY</arg>
<arg>HK</arg>
<arg>HM</arg>
<arg>HN</arg>
<arg>HR</arg>
<arg>HT</arg>
<arg>HU</arg>
<arg>ID</arg>
<arg>IE</arg>
<arg>IL</arg>
<arg>IM</arg>
<arg>IN</arg>
<arg>IO</arg>
<arg>IQ</arg>
<arg>IR</arg>
<arg>IS</arg>
<arg>IT</arg>
<arg>JE</arg>
<arg>JM</arg>
<arg>JO</arg>
<arg>JP</arg>
<arg>KE</arg>
<arg>KG</arg>
<arg>KH</arg>
<arg>KI</arg>
<arg>KM</arg>
<arg>KN</arg>
<arg>KP</arg>
<arg>KR</arg>
<arg>KW</arg>
<arg>KY</arg>
<arg>KZ</arg>
<arg>LA</arg>
<arg>LB</arg>
<arg>LC</arg>
<arg>LI</arg>
<arg>LK</arg>
<arg>LR</arg>
<arg>LS</arg>
<arg>LT</arg>
<arg>LU</arg>
<arg>LV</arg>
<arg>LY</arg>
<arg>MA</arg>
<arg>MC</arg>
<arg>MD</arg>
<arg>ME</arg>
<arg>MF</arg>
<arg>MG</arg>
<arg>MH</arg>
<arg>MK</arg>
<arg>ML</arg>
<arg>MM</arg>
<arg>MN</arg>
<arg>MO</arg>
<arg>MP</arg>
<arg>MQ</arg>
<arg>MR</arg>
<arg>MS</arg>
<arg>MT</arg>
<arg>MU</arg>
<arg>MV</arg>
<arg>MW</arg>
<arg>MX</arg>
<arg>MY</arg>
<arg>MZ</arg>
<arg>NA</arg>
<arg>NC</arg>
<arg>NE</arg>
<arg>NF</arg>
<arg>NG</arg>
<arg>NI</arg>
<arg>NL</arg>
<arg>NO</arg>
<arg>NP</arg>
<arg>NR</arg>
<arg>NU</arg>
<arg>NZ</arg>
<arg>OM</arg>
<arg>PA</arg>
<arg>PE</arg>
<arg>PF</arg>
<arg>PG</arg>
<arg>PH</arg>
<arg>PK</arg>
<arg>PL</arg>
<arg>PM</arg>
<arg>PN</arg>
<arg>PR</arg>
<arg>PS</arg>
<arg>PT</arg>
<arg>PW</arg>
<arg>PY</arg>
<arg>QA</arg>
<arg>RE</arg>
<arg>RO</arg>
<arg>RS</arg>
<arg>RU</arg>
<arg>RW</arg>
<arg>SA</arg>
<arg>SB</arg>
<arg>SC</arg>
<arg>SD</arg>
<arg>SE</arg>
<arg>SG</arg>
<arg>SH</arg>
<arg>SI</arg>
<arg>SJ</arg>
<arg>SK</arg>
<arg>SL</arg>
<arg>SM</arg>
<arg>SN</arg>
<arg>SO</arg>
<arg>SR</arg>
<arg>SS</arg>
<arg>ST</arg>
<arg>SV</arg>
<arg>SX</arg>
<arg>SY</arg>
<arg>SZ</arg>
<arg>TC</arg>
<arg>TD</arg>
<arg>TF</arg>
<arg>TG</arg>
<arg>TH</arg>
<arg>TJ</arg>
<arg>TK</arg>
<arg>TL</arg>
<arg>TM</arg>
<arg>TN</arg>
<arg>TO</arg>
<arg>TR</arg>
<arg>TT</arg>
<arg>TV</arg>
<arg>TW</arg>
<arg>TZ</arg>
<arg>UA</arg>
<arg>UG</arg>
<arg>UM</arg>
<arg>US</arg>
<arg>UY</arg>
<arg>UZ</arg>
<arg>VA</arg>
<arg>VC</arg>
<arg>VE</arg>
<arg>VG</arg>
<arg>VI</arg>
<arg>VN</arg>
<arg>VU</arg>
<arg>WF</arg>
<arg>WS</arg>
<arg>XK</arg>
<arg>YE</arg>
<arg>YT</arg>
<arg>ZA</arg>
<arg>ZM</arg>
<arg>ZW</arg>
<doc>Returns a list containing given items.</doc>
<status status="PASS" start="2024-05-16T08:15:20.868041" elapsed="0.000626"/>
</kw>
<kw name="List Should Contain Value" owner="Collections">
<msg time="2024-05-16T08:15:20.869670" level="INFO">False</msg>
<arg>${list_country}</arg>
<arg>${name_country}</arg>
<doc>Fails if the ``value`` is not found from ``list``.</doc>
<status status="PASS" start="2024-05-16T08:15:20.869451" elapsed="0.000260"/>
</kw>
<kw name="Run Keyword If" owner="BuiltIn">
<kw name="Should Be True" owner="BuiltIn">
<arg>${True}</arg>
<doc>Fails if the given condition is not true.</doc>
<status status="PASS" start="2024-05-16T08:15:20.870795" elapsed="0.000260"/>
</kw>
<arg>${json_data["results"][0]["location"]["coordinates"]["latitude"]} &gt;= -90 and ${json_data["results"][0]["location"]["coordinates"]["latitude"]} &lt;= 90</arg>
<arg>Should Be True</arg>
<arg>${True}</arg>
<doc>Runs the given keyword with the given arguments, if ``condition`` is true.</doc>
<status status="PASS" start="2024-05-16T08:15:20.870035" elapsed="0.001154"/>
</kw>
<kw name="Run Keyword If" owner="BuiltIn">
<kw name="Should Be True" owner="BuiltIn">
<arg>${True}</arg>
<doc>Fails if the given condition is not true.</doc>
<status status="PASS" start="2024-05-16T08:15:20.872076" elapsed="0.000139"/>
</kw>
<arg>${json_data["results"][0]["location"]["coordinates"]["longitude"]} &gt;= -180 and ${json_data["results"][0]["location"]["coordinates"]["longitude"]} &lt;= 180</arg>
<arg>Should Be True</arg>
<arg>${True}</arg>
<doc>Runs the given keyword with the given arguments, if ``condition`` is true.</doc>
<status status="PASS" start="2024-05-16T08:15:20.871380" elapsed="0.000958"/>
</kw>
<status status="PASS" start="2024-05-16T08:15:20.738869" elapsed="0.133600"/>
</kw>
<doc>Testa o conteúdo específico dos campos retornados pela API.</doc>
<tag>testeConteudo</tag>
<status status="PASS" start="2024-05-16T08:15:20.738227" elapsed="0.134395"/>
</test>
<status status="PASS" start="2024-05-16T08:15:19.455093" elapsed="1.419458"/>
</suite>
<status status="PASS" start="2024-05-16T08:15:19.440927" elapsed="1.438763"/>
</suite>
<statistics>
<total>
<stat pass="5" fail="0" skip="0">All Tests</stat>
</total>
<tag>
<stat pass="1" fail="0" skip="0">testeConteudo</stat>
<stat pass="1" fail="0" skip="0">testeEstruturaResposta</stat>
<stat pass="1" fail="0" skip="0">testeRequisicaoBasica</stat>
<stat pass="1" fail="0" skip="0">testeTiposDados</stat>
</tag>
<suite>
<stat pass="5" fail="0" skip="0" id="s1" name="Tests">Tests</stat>
<stat pass="5" fail="0" skip="0" id="s1-s1" name="Random-User-Test">Tests.Random-User-Test</stat>
</suite>
</statistics>
<errors>
</errors>
</robot>
