<?xml version="1.0" encoding="UTF-8"?>
<robot generator="Robot 7.0 (Python 3.12.3 on linux)" generated="2024-04-27T13:15:06.134436" rpa="false" schemaversion="5">
<suite id="s1" name="Tests" source="/home/runner/work/DesafioQAItauRogerioJordao/DesafioQAItauRogerioJordao/RamdonUser/tests">
<suite id="s1-s1" name="Random-User-Test" source="/home/runner/work/DesafioQAItauRogerioJordao/DesafioQAItauRogerioJordao/RamdonUser/tests/random-user-test.robot">
<test id="s1-s1-t1" name="Conectar" line="13">
<kw name="Conectar API" owner="random-user-service">
<kw name="Create Session" owner="RequestsLibrary">
<msg time="2024-04-27T13:15:06.476526" level="INFO">Creating Session using : alias=consultarAPI, url=https://randomuser.me/, headers={},                     cookies={}, auth=None, timeout=None, proxies=None, verify=False,                     debug=0 </msg>
<arg>consultarAPI</arg>
<arg>${URL}</arg>
<doc>Create Session: create a HTTP session to a server</doc>
<status status="PASS" start="2024-04-27T13:15:06.476330" elapsed="0.000363"/>
</kw>
<status status="PASS" start="2024-04-27T13:15:06.475413" elapsed="0.001624"/>
</kw>
<status status="PASS" start="2024-04-27T13:15:06.474916" elapsed="0.002348"/>
</test>
<test id="s1-s1-t2" name="Validar retorno 200 e JSON Válido" line="16">
<kw name="Teste de Requisicao Basica" owner="random-user-service">
<kw name="GET On Session" owner="RequestsLibrary">
<msg time="2024-04-27T13:15:06.856600" level="INFO">GET Request : url=https://randomuser.me/api 
 path_url=/api 
 headers={'User-Agent': 'python-requests/2.31.0', 'Accept-Encoding': 'gzip, deflate', 'Accept': '*/*', 'Connection': 'keep-alive'} 
 body=None 
 </msg>
<msg time="2024-04-27T13:15:06.856743" level="INFO">GET Response : url=https://randomuser.me/api 
 status=200, reason=OK 
 headers={'Date': 'Sat, 27 Apr 2024 13:15:06 GMT', 'Content-Type': 'application/json; charset=utf-8', 'Transfer-Encoding': 'chunked', 'Connection': 'keep-alive', 'X-Powered-By': 'Express', 'Access-Control-Allow-Origin': '*', 'Cache-Control': 'no-cache', 'ETag': 'W/"48e-ponSBkwmKCwcvPcCCRLGspjtDJM"', 'Vary': 'Accept-Encoding', 'Content-Encoding': 'gzip', 'CF-Cache-Status': 'DYNAMIC', 'Report-To': '{"endpoints":[{"url":"https:\\/\\/a.nel.cloudflare.com\\/report\\/v4?s=oXd25RqhBGRzQ56LM8HkSL0CyRXGGXSafRhVrbP7ZkViy845jd2lgdu59lxqjbhFgil9D%2B0emNbyIXfR6cJlYlcTpV2VEUpri0RUcQxhHEgOGPwyjlMWvtLjDVMDcDwE"}],"group":"cf-nel","max_age":604800}', 'NEL': '{"success_fraction":0,"report_to":"cf-nel","max_age":604800}', 'Server': 'cloudflare', 'CF-RAY': '87af145679dc224c-ORD', 'alt-svc': 'h3=":443"; ma=86400'} 
 body={"results":[{"gender":"male","name":{"title":"Mr","first":"Babür","last":"Çetin"},"location":{"street":{"number":1376,"name":"Fatih Sultan Mehmet Cd"},"city":"Kahramanmaraş","state":"Elazığ","country":"Turkey","postcode":63019,"coordinates":{"latitude":"71.6471","longitude":"-101.5420"},"timezone":{"offset":"+5:30","description":"Bombay, Calcutta, Madras, New Delhi"}},"email":"babur.cetin@example.com","login":{"uuid":"1eb2c949-014f-4055-8d72-55fd371d64dc","username":"heavycat436","password":"simon1","salt":"aft7bvtq","md5":"23530dc0baf80b01841dc3db5dbdaec4","sha1":"47672d7544c4d03578a3647302e1376a47e9736e","sha256":"f6fa378ea1e5dd1db83cbc4cdfb0613242dd838e7d85e4054853c7ccd680c878"},"dob":{"date":"1964-11-19T00:12:01.965Z","age":59},"registered":{"date":"2021-10-24T09:13:47.349Z","age":2},"phone":"(240)-843-8751","cell":"(667)-933-8691","id":{"name":"","value":null},"picture":{"large":"https://randomuser.me/api/portraits/men/85.jpg","medium":"https://randomuser.me/api/portraits/med/men/85.jpg","thumbnail":"https://randomuser.me/api/portraits/thumb/men/85.jpg"},"nat":"TR"}],"info":{"seed":"3b1086369ef84b53","results":1,"page":1,"version":"1.4"}} 
 </msg>
<msg time="2024-04-27T13:15:06.856815" level="INFO">/opt/hostedtoolcache/Python/3.12.3/x64/lib/python3.12/site-packages/urllib3/connectionpool.py:1103: InsecureRequestWarning: Unverified HTTPS request is being made to host 'randomuser.me'. Adding certificate verification is strongly advised. See: https://urllib3.readthedocs.io/en/latest/advanced-usage.html#tls-warnings
  warnings.warn(</msg>
<msg time="2024-04-27T13:15:06.856917" level="INFO">${response} = &lt;Response [200]&gt;</msg>
<var>${response}</var>
<arg>consultarAPI</arg>
<arg>/api</arg>
<doc>Sends a GET request on a previously created HTTP Session.</doc>
<status status="PASS" start="2024-04-27T13:15:06.479824" elapsed="0.377131"/>
</kw>
<kw name="Should Be Equal As Numbers" owner="BuiltIn">
<msg time="2024-04-27T13:15:06.857814" level="INFO">Argument types are:
&lt;class 'int'&gt;
&lt;class 'str'&gt;</msg>
<arg>${response.status_code}</arg>
<arg>200</arg>
<doc>Fails if objects are unequal after converting them to real numbers.</doc>
<status status="PASS" start="2024-04-27T13:15:06.857401" elapsed="0.000474"/>
</kw>
<kw name="Log" owner="BuiltIn">
<msg time="2024-04-27T13:15:06.858532" level="INFO">200</msg>
<arg>${response.status_code}</arg>
<doc>Logs the given message with the given level.</doc>
<status status="PASS" start="2024-04-27T13:15:06.858187" elapsed="0.000387"/>
</kw>
<kw name="Set Variable" owner="BuiltIn">
<msg time="2024-04-27T13:15:06.859308" level="INFO">${json_data} = {'results': [{'gender': 'male', 'name': {'title': 'Mr', 'first': 'Babür', 'last': 'Çetin'}, 'location': {'street': {'number': 1376, 'name': 'Fatih Sultan Mehmet Cd'}, 'city': 'Kahramanmaraş', 'state':...</msg>
<var>${json_data}</var>
<arg>${response.json()}</arg>
<doc>Returns the given values which can then be assigned to a variables.</doc>
<status status="PASS" start="2024-04-27T13:15:06.858872" elapsed="0.000466"/>
</kw>
<kw name="Dictionary Should Contain Key" owner="Collections">
<msg time="2024-04-27T13:15:06.859801" level="INFO">False</msg>
<arg>${json_data}</arg>
<arg>results</arg>
<doc>Fails if ``key`` is not found from ``dictionary``.</doc>
<status status="PASS" start="2024-04-27T13:15:06.859636" elapsed="0.000204"/>
</kw>
<status status="PASS" start="2024-04-27T13:15:06.479581" elapsed="0.380514"/>
</kw>
<doc>Testa se a API responde corretamente e retorna um objeto JSON válido.</doc>
<tag>testeRequisicaoBasica</tag>
<status status="PASS" start="2024-04-27T13:15:06.479123" elapsed="0.381138"/>
</test>
<test id="s1-s1-t3" name="Validar estrutura de resposta" line="22">
<kw name="Teste de Estrutura de Resposta" owner="random-user-service">
<kw name="GET On Session" owner="RequestsLibrary">
<msg time="2024-04-27T13:15:06.916585" level="INFO">GET Request : url=https://randomuser.me/api 
 path_url=/api 
 headers={'User-Agent': 'python-requests/2.31.0', 'Accept-Encoding': 'gzip, deflate', 'Accept': '*/*', 'Connection': 'keep-alive'} 
 body=None 
 </msg>
<msg time="2024-04-27T13:15:06.916646" level="INFO">GET Response : url=https://randomuser.me/api 
 status=200, reason=OK 
 headers={'Date': 'Sat, 27 Apr 2024 13:15:06 GMT', 'Content-Type': 'application/json; charset=utf-8', 'Transfer-Encoding': 'chunked', 'Connection': 'keep-alive', 'X-Powered-By': 'Express', 'Access-Control-Allow-Origin': '*', 'Cache-Control': 'no-cache', 'ETag': 'W/"4a1-QPmB2tb78RA9hKnR0F5S3UvO5WU"', 'Vary': 'Accept-Encoding', 'Content-Encoding': 'gzip', 'CF-Cache-Status': 'DYNAMIC', 'Report-To': '{"endpoints":[{"url":"https:\\/\\/a.nel.cloudflare.com\\/report\\/v4?s=tI%2BEf3JWjKKpiGMgzQfuZHm4%2FAwjgJOr96eHCqjSqzJhbXBT2L6bNTZ4%2BKzWrqR%2FxjT7IU5YboLmgUn%2FDZnDLrC41Bwzj4Cj9bm%2BxdWbxyUCQgd%2FIRTqRhlSxOWNS6Eu"}],"group":"cf-nel","max_age":604800}', 'NEL': '{"success_fraction":0,"report_to":"cf-nel","max_age":604800}', 'Server': 'cloudflare', 'CF-RAY': '87af1457ebac224c-ORD', 'alt-svc': 'h3=":443"; ma=86400'} 
 body={"results":[{"gender":"female","name":{"title":"Miss","first":"Angelina","last":"Rolland"},"location":{"street":{"number":809,"name":"Rue du Château"},"city":"Angers","state":"Charente-Maritime","country":"France","postcode":74152,"coordinates":{"latitude":"-15.4200","longitude":"39.4871"},"timezone":{"offset":"-11:00","description":"Midway Island, Samoa"}},"email":"angelina.rolland@example.com","login":{"uuid":"1e111c02-b34d-4d65-ac01-6381ee9aeced","username":"biggorilla278","password":"7654321","salt":"nt13zu6W","md5":"0772cafeff5ea95fee827fefda4070aa","sha1":"e212402ceadb6f314d20885307214e63d9bd8c10","sha256":"f16e2d33e621995299b4748bdef4204434a33b13acb3f6f3d69f742e6ecda51c"},"dob":{"date":"1974-02-17T16:19:17.451Z","age":50},"registered":{"date":"2003-09-13T07:55:13.584Z","age":20},"phone":"05-56-98-98-20","cell":"06-93-42-55-86","id":{"name":"INSEE","value":"2740118560468 70"},"picture":{"large":"https://randomuser.me/api/portraits/women/87.jpg","medium":"https://randomuser.me/api/portraits/med/women/87.jpg","thumbnail":"https://randomuser.me/api/portraits/thumb/women/87.jpg"},"nat":"FR"}],"info":{"seed":"3dfa964423e3aff6","results":1,"page":1,"version":"1.4"}} 
 </msg>
<msg time="2024-04-27T13:15:06.916735" level="INFO">/opt/hostedtoolcache/Python/3.12.3/x64/lib/python3.12/site-packages/urllib3/connectionpool.py:1103: InsecureRequestWarning: Unverified HTTPS request is being made to host 'randomuser.me'. Adding certificate verification is strongly advised. See: https://urllib3.readthedocs.io/en/latest/advanced-usage.html#tls-warnings
  warnings.warn(</msg>
<msg time="2024-04-27T13:15:06.916837" level="INFO">${response} = &lt;Response [200]&gt;</msg>
<var>${response}</var>
<arg>consultarAPI</arg>
<arg>/api</arg>
<doc>Sends a GET request on a previously created HTTP Session.</doc>
<status status="PASS" start="2024-04-27T13:15:06.862787" elapsed="0.054110"/>
</kw>
<kw name="Set Variable" owner="BuiltIn">
<msg time="2024-04-27T13:15:06.917702" level="INFO">${json_data} = {'results': [{'gender': 'female', 'name': {'title': 'Miss', 'first': 'Angelina', 'last': 'Rolland'}, 'location': {'street': {'number': 809, 'name': 'Rue du Château'}, 'city': 'Angers', 'state': 'Chare...</msg>
<var>${json_data}</var>
<arg>${response.json()}</arg>
<doc>Returns the given values which can then be assigned to a variables.</doc>
<status status="PASS" start="2024-04-27T13:15:06.917285" elapsed="0.000443"/>
</kw>
<kw name="Log" owner="BuiltIn">
<msg time="2024-04-27T13:15:06.918154" level="INFO">{'results': [{'gender': 'female', 'name': {'title': 'Miss', 'first': 'Angelina', 'last': 'Rolland'}, 'location': {'street': {'number': 809, 'name': 'Rue du Château'}, 'city': 'Angers', 'state': 'Charente-Maritime', 'country': 'France', 'postcode': 74152, 'coordinates': {'latitude': '-15.4200', 'longitude': '39.4871'}, 'timezone': {'offset': '-11:00', 'description': 'Midway Island, Samoa'}}, 'email': 'angelina.rolland@example.com', 'login': {'uuid': '1e111c02-b34d-4d65-ac01-6381ee9aeced', 'username': 'biggorilla278', 'password': '7654321', 'salt': 'nt13zu6W', 'md5': '0772cafeff5ea95fee827fefda4070aa', 'sha1': 'e212402ceadb6f314d20885307214e63d9bd8c10', 'sha256': 'f16e2d33e621995299b4748bdef4204434a33b13acb3f6f3d69f742e6ecda51c'}, 'dob': {'date': '1974-02-17T16:19:17.451Z', 'age': 50}, 'registered': {'date': '2003-09-13T07:55:13.584Z', 'age': 20}, 'phone': '05-56-98-98-20', 'cell': '06-93-42-55-86', 'id': {'name': 'INSEE', 'value': '2740118560468 70'}, 'picture': {'large': 'https://randomuser.me/api/portraits/women/87.jpg', 'medium': 'https://randomuser.me/api/portraits/med/women/87.jpg', 'thumbnail': 'https://randomuser.me/api/portraits/thumb/women/87.jpg'}, 'nat': 'FR'}], 'info': {'seed': '3dfa964423e3aff6', 'results': 1, 'page': 1, 'version': '1.4'}}</msg>
<arg>${json_data}</arg>
<doc>Logs the given message with the given level.</doc>
<status status="PASS" start="2024-04-27T13:15:06.918008" elapsed="0.000191"/>
</kw>
<kw name="Dictionary Should Contain Key" owner="Collections">
<msg time="2024-04-27T13:15:06.918623" level="INFO">False</msg>
<arg>${json_data}</arg>
<arg>results</arg>
<doc>Fails if ``key`` is not found from ``dictionary``.</doc>
<status status="PASS" start="2024-04-27T13:15:06.918472" elapsed="0.000188"/>
</kw>
<kw name="Should Not Be Empty" owner="BuiltIn">
<msg time="2024-04-27T13:15:06.919081" level="INFO">Length is 2.</msg>
<arg>${json_data}</arg>
<doc>Verifies that the given item is not empty.</doc>
<status status="PASS" start="2024-04-27T13:15:06.918947" elapsed="0.000291"/>
</kw>
<kw name="Create List" owner="BuiltIn">
<msg time="2024-04-27T13:15:06.919679" level="INFO">${expected_keys} = ['gender', 'name', 'location', 'email', 'login']</msg>
<var>${expected_keys}</var>
<arg>gender</arg>
<arg>name</arg>
<arg>location</arg>
<arg>email</arg>
<arg>login</arg>
<doc>Returns a list containing given items.</doc>
<status status="PASS" start="2024-04-27T13:15:06.919531" elapsed="0.000172"/>
</kw>
<for flavor="IN">
<iter>
<kw name="Dictionary Should Contain Key" owner="Collections">
<msg time="2024-04-27T13:15:06.920634" level="INFO">False</msg>
<arg>${json_data['results'][0]}</arg>
<arg>${key}</arg>
<doc>Fails if ``key`` is not found from ``dictionary``.</doc>
<status status="PASS" start="2024-04-27T13:15:06.920251" elapsed="0.000417"/>
</kw>
<kw name="Log" owner="BuiltIn">
<msg time="2024-04-27T13:15:06.921308" level="INFO">{'gender': 'female', 'name': {'title': 'Miss', 'first': 'Angelina', 'last': 'Rolland'}, 'location': {'street': {'number': 809, 'name': 'Rue du Château'}, 'city': 'Angers', 'state': 'Charente-Maritime', 'country': 'France', 'postcode': 74152, 'coordinates': {'latitude': '-15.4200', 'longitude': '39.4871'}, 'timezone': {'offset': '-11:00', 'description': 'Midway Island, Samoa'}}, 'email': 'angelina.rolland@example.com', 'login': {'uuid': '1e111c02-b34d-4d65-ac01-6381ee9aeced', 'username': 'biggorilla278', 'password': '7654321', 'salt': 'nt13zu6W', 'md5': '0772cafeff5ea95fee827fefda4070aa', 'sha1': 'e212402ceadb6f314d20885307214e63d9bd8c10', 'sha256': 'f16e2d33e621995299b4748bdef4204434a33b13acb3f6f3d69f742e6ecda51c'}, 'dob': {'date': '1974-02-17T16:19:17.451Z', 'age': 50}, 'registered': {'date': '2003-09-13T07:55:13.584Z', 'age': 20}, 'phone': '05-56-98-98-20', 'cell': '06-93-42-55-86', 'id': {'name': 'INSEE', 'value': '2740118560468 70'}, 'picture': {'large': 'https://randomuser.me/api/portraits/women/87.jpg', 'medium': 'https://randomuser.me/api/portraits/med/women/87.jpg', 'thumbnail': 'https://randomuser.me/api/portraits/thumb/women/87.jpg'}, 'nat': 'FR'}</msg>
<arg>${json_data['results'][0]}</arg>
<doc>Logs the given message with the given level.</doc>
<status status="PASS" start="2024-04-27T13:15:06.920944" elapsed="0.000412"/>
</kw>
<kw name="Log" owner="BuiltIn">
<msg time="2024-04-27T13:15:06.921777" level="INFO">gender</msg>
<arg>${key}</arg>
<doc>Logs the given message with the given level.</doc>
<status status="PASS" start="2024-04-27T13:15:06.921651" elapsed="0.000163"/>
</kw>
<var name="${key}">gender</var>
<status status="PASS" start="2024-04-27T13:15:06.920130" elapsed="0.001910"/>
</iter>
<iter>
<kw name="Dictionary Should Contain Key" owner="Collections">
<msg time="2024-04-27T13:15:06.922733" level="INFO">False</msg>
<arg>${json_data['results'][0]}</arg>
<arg>${key}</arg>
<doc>Fails if ``key`` is not found from ``dictionary``.</doc>
<status status="PASS" start="2024-04-27T13:15:06.922342" elapsed="0.000426"/>
</kw>
<kw name="Log" owner="BuiltIn">
<msg time="2024-04-27T13:15:06.923484" level="INFO">{'gender': 'female', 'name': {'title': 'Miss', 'first': 'Angelina', 'last': 'Rolland'}, 'location': {'street': {'number': 809, 'name': 'Rue du Château'}, 'city': 'Angers', 'state': 'Charente-Maritime', 'country': 'France', 'postcode': 74152, 'coordinates': {'latitude': '-15.4200', 'longitude': '39.4871'}, 'timezone': {'offset': '-11:00', 'description': 'Midway Island, Samoa'}}, 'email': 'angelina.rolland@example.com', 'login': {'uuid': '1e111c02-b34d-4d65-ac01-6381ee9aeced', 'username': 'biggorilla278', 'password': '7654321', 'salt': 'nt13zu6W', 'md5': '0772cafeff5ea95fee827fefda4070aa', 'sha1': 'e212402ceadb6f314d20885307214e63d9bd8c10', 'sha256': 'f16e2d33e621995299b4748bdef4204434a33b13acb3f6f3d69f742e6ecda51c'}, 'dob': {'date': '1974-02-17T16:19:17.451Z', 'age': 50}, 'registered': {'date': '2003-09-13T07:55:13.584Z', 'age': 20}, 'phone': '05-56-98-98-20', 'cell': '06-93-42-55-86', 'id': {'name': 'INSEE', 'value': '2740118560468 70'}, 'picture': {'large': 'https://randomuser.me/api/portraits/women/87.jpg', 'medium': 'https://randomuser.me/api/portraits/med/women/87.jpg', 'thumbnail': 'https://randomuser.me/api/portraits/thumb/women/87.jpg'}, 'nat': 'FR'}</msg>
<arg>${json_data['results'][0]}</arg>
<doc>Logs the given message with the given level.</doc>
<status status="PASS" start="2024-04-27T13:15:06.923099" elapsed="0.000435"/>
</kw>
<kw name="Log" owner="BuiltIn">
<msg time="2024-04-27T13:15:06.923941" level="INFO">name</msg>
<arg>${key}</arg>
<doc>Logs the given message with the given level.</doc>
<status status="PASS" start="2024-04-27T13:15:06.923823" elapsed="0.000153"/>
</kw>
<var name="${key}">name</var>
<status status="PASS" start="2024-04-27T13:15:06.922225" elapsed="0.001947"/>
</iter>
<iter>
<kw name="Dictionary Should Contain Key" owner="Collections">
<msg time="2024-04-27T13:15:06.924793" level="INFO">False</msg>
<arg>${json_data['results'][0]}</arg>
<arg>${key}</arg>
<doc>Fails if ``key`` is not found from ``dictionary``.</doc>
<status status="PASS" start="2024-04-27T13:15:06.924436" elapsed="0.000391"/>
</kw>
<kw name="Log" owner="BuiltIn">
<msg time="2024-04-27T13:15:06.925475" level="INFO">{'gender': 'female', 'name': {'title': 'Miss', 'first': 'Angelina', 'last': 'Rolland'}, 'location': {'street': {'number': 809, 'name': 'Rue du Château'}, 'city': 'Angers', 'state': 'Charente-Maritime', 'country': 'France', 'postcode': 74152, 'coordinates': {'latitude': '-15.4200', 'longitude': '39.4871'}, 'timezone': {'offset': '-11:00', 'description': 'Midway Island, Samoa'}}, 'email': 'angelina.rolland@example.com', 'login': {'uuid': '1e111c02-b34d-4d65-ac01-6381ee9aeced', 'username': 'biggorilla278', 'password': '7654321', 'salt': 'nt13zu6W', 'md5': '0772cafeff5ea95fee827fefda4070aa', 'sha1': 'e212402ceadb6f314d20885307214e63d9bd8c10', 'sha256': 'f16e2d33e621995299b4748bdef4204434a33b13acb3f6f3d69f742e6ecda51c'}, 'dob': {'date': '1974-02-17T16:19:17.451Z', 'age': 50}, 'registered': {'date': '2003-09-13T07:55:13.584Z', 'age': 20}, 'phone': '05-56-98-98-20', 'cell': '06-93-42-55-86', 'id': {'name': 'INSEE', 'value': '2740118560468 70'}, 'picture': {'large': 'https://randomuser.me/api/portraits/women/87.jpg', 'medium': 'https://randomuser.me/api/portraits/med/women/87.jpg', 'thumbnail': 'https://randomuser.me/api/portraits/thumb/women/87.jpg'}, 'nat': 'FR'}</msg>
<arg>${json_data['results'][0]}</arg>
<doc>Logs the given message with the given level.</doc>
<status status="PASS" start="2024-04-27T13:15:06.925099" elapsed="0.000421"/>
</kw>
<kw name="Log" owner="BuiltIn">
<msg time="2024-04-27T13:15:06.925910" level="INFO">location</msg>
<arg>${key}</arg>
<doc>Logs the given message with the given level.</doc>
<status status="PASS" start="2024-04-27T13:15:06.925795" elapsed="0.000149"/>
</kw>
<var name="${key}">location</var>
<status status="PASS" start="2024-04-27T13:15:06.924334" elapsed="0.001805"/>
</iter>
<iter>
<kw name="Dictionary Should Contain Key" owner="Collections">
<msg time="2024-04-27T13:15:06.926745" level="INFO">False</msg>
<arg>${json_data['results'][0]}</arg>
<arg>${key}</arg>
<doc>Fails if ``key`` is not found from ``dictionary``.</doc>
<status status="PASS" start="2024-04-27T13:15:06.926396" elapsed="0.000382"/>
</kw>
<kw name="Log" owner="BuiltIn">
<msg time="2024-04-27T13:15:06.927378" level="INFO">{'gender': 'female', 'name': {'title': 'Miss', 'first': 'Angelina', 'last': 'Rolland'}, 'location': {'street': {'number': 809, 'name': 'Rue du Château'}, 'city': 'Angers', 'state': 'Charente-Maritime', 'country': 'France', 'postcode': 74152, 'coordinates': {'latitude': '-15.4200', 'longitude': '39.4871'}, 'timezone': {'offset': '-11:00', 'description': 'Midway Island, Samoa'}}, 'email': 'angelina.rolland@example.com', 'login': {'uuid': '1e111c02-b34d-4d65-ac01-6381ee9aeced', 'username': 'biggorilla278', 'password': '7654321', 'salt': 'nt13zu6W', 'md5': '0772cafeff5ea95fee827fefda4070aa', 'sha1': 'e212402ceadb6f314d20885307214e63d9bd8c10', 'sha256': 'f16e2d33e621995299b4748bdef4204434a33b13acb3f6f3d69f742e6ecda51c'}, 'dob': {'date': '1974-02-17T16:19:17.451Z', 'age': 50}, 'registered': {'date': '2003-09-13T07:55:13.584Z', 'age': 20}, 'phone': '05-56-98-98-20', 'cell': '06-93-42-55-86', 'id': {'name': 'INSEE', 'value': '2740118560468 70'}, 'picture': {'large': 'https://randomuser.me/api/portraits/women/87.jpg', 'medium': 'https://randomuser.me/api/portraits/med/women/87.jpg', 'thumbnail': 'https://randomuser.me/api/portraits/thumb/women/87.jpg'}, 'nat': 'FR'}</msg>
<arg>${json_data['results'][0]}</arg>
<doc>Logs the given message with the given level.</doc>
<status status="PASS" start="2024-04-27T13:15:06.927049" elapsed="0.000373"/>
</kw>
<kw name="Log" owner="BuiltIn">
<msg time="2024-04-27T13:15:06.927803" level="INFO">email</msg>
<arg>${key}</arg>
<doc>Logs the given message with the given level.</doc>
<status status="PASS" start="2024-04-27T13:15:06.927688" elapsed="0.000148"/>
</kw>
<var name="${key}">email</var>
<status status="PASS" start="2024-04-27T13:15:06.926295" elapsed="0.001737"/>
</iter>
<iter>
<kw name="Dictionary Should Contain Key" owner="Collections">
<msg time="2024-04-27T13:15:06.928656" level="INFO">False</msg>
<arg>${json_data['results'][0]}</arg>
<arg>${key}</arg>
<doc>Fails if ``key`` is not found from ``dictionary``.</doc>
<status status="PASS" start="2024-04-27T13:15:06.928287" elapsed="0.000406"/>
</kw>
<kw name="Log" owner="BuiltIn">
<msg time="2024-04-27T13:15:06.929388" level="INFO">{'gender': 'female', 'name': {'title': 'Miss', 'first': 'Angelina', 'last': 'Rolland'}, 'location': {'street': {'number': 809, 'name': 'Rue du Château'}, 'city': 'Angers', 'state': 'Charente-Maritime', 'country': 'France', 'postcode': 74152, 'coordinates': {'latitude': '-15.4200', 'longitude': '39.4871'}, 'timezone': {'offset': '-11:00', 'description': 'Midway Island, Samoa'}}, 'email': 'angelina.rolland@example.com', 'login': {'uuid': '1e111c02-b34d-4d65-ac01-6381ee9aeced', 'username': 'biggorilla278', 'password': '7654321', 'salt': 'nt13zu6W', 'md5': '0772cafeff5ea95fee827fefda4070aa', 'sha1': 'e212402ceadb6f314d20885307214e63d9bd8c10', 'sha256': 'f16e2d33e621995299b4748bdef4204434a33b13acb3f6f3d69f742e6ecda51c'}, 'dob': {'date': '1974-02-17T16:19:17.451Z', 'age': 50}, 'registered': {'date': '2003-09-13T07:55:13.584Z', 'age': 20}, 'phone': '05-56-98-98-20', 'cell': '06-93-42-55-86', 'id': {'name': 'INSEE', 'value': '2740118560468 70'}, 'picture': {'large': 'https://randomuser.me/api/portraits/women/87.jpg', 'medium': 'https://randomuser.me/api/portraits/med/women/87.jpg', 'thumbnail': 'https://randomuser.me/api/portraits/thumb/women/87.jpg'}, 'nat': 'FR'}</msg>
<arg>${json_data['results'][0]}</arg>
<doc>Logs the given message with the given level.</doc>
<status status="PASS" start="2024-04-27T13:15:06.928985" elapsed="0.000453"/>
</kw>
<kw name="Log" owner="BuiltIn">
<msg time="2024-04-27T13:15:06.929841" level="INFO">login</msg>
<arg>${key}</arg>
<doc>Logs the given message with the given level.</doc>
<status status="PASS" start="2024-04-27T13:15:06.929727" elapsed="0.000178"/>
</kw>
<var name="${key}">login</var>
<status status="PASS" start="2024-04-27T13:15:06.928187" elapsed="0.001919"/>
</iter>
<var>${key}</var>
<value>@{expected_keys}</value>
<status status="PASS" start="2024-04-27T13:15:06.919951" elapsed="0.010265"/>
</for>
<kw name="Create List" owner="BuiltIn">
<msg time="2024-04-27T13:15:06.930514" level="INFO">${expected_keysTwo} = ['username', 'password']</msg>
<var>${expected_keysTwo}</var>
<arg>username</arg>
<arg>password</arg>
<doc>Returns a list containing given items.</doc>
<status status="PASS" start="2024-04-27T13:15:06.930390" elapsed="0.000150"/>
</kw>
<for flavor="IN">
<iter>
<kw name="Dictionary Should Contain Key" owner="Collections">
<msg time="2024-04-27T13:15:06.931382" level="INFO">False</msg>
<arg>${json_data['results'][0]['login']}</arg>
<arg>${keyTwo}</arg>
<doc>Fails if ``key`` is not found from ``dictionary``.</doc>
<status status="PASS" start="2024-04-27T13:15:06.931024" elapsed="0.000393"/>
</kw>
<kw name="Dictionary Should Contain Key" owner="Collections">
<msg time="2024-04-27T13:15:06.932040" level="INFO">False</msg>
<arg>${json_data['results'][0]['login']}</arg>
<arg>${keyTwo}</arg>
<doc>Fails if ``key`` is not found from ``dictionary``.</doc>
<status status="PASS" start="2024-04-27T13:15:06.931687" elapsed="0.000387"/>
</kw>
<kw name="Log" owner="BuiltIn">
<msg time="2024-04-27T13:15:06.932454" level="INFO">username</msg>
<arg>${keyTwo}</arg>
<doc>Logs the given message with the given level.</doc>
<status status="PASS" start="2024-04-27T13:15:06.932338" elapsed="0.000155"/>
</kw>
<var name="${keyTwo}">username</var>
<status status="PASS" start="2024-04-27T13:15:06.930923" elapsed="0.001765"/>
</iter>
<iter>
<kw name="Dictionary Should Contain Key" owner="Collections">
<msg time="2024-04-27T13:15:06.933404" level="INFO">False</msg>
<arg>${json_data['results'][0]['login']}</arg>
<arg>${keyTwo}</arg>
<doc>Fails if ``key`` is not found from ``dictionary``.</doc>
<status status="PASS" start="2024-04-27T13:15:06.932948" elapsed="0.000498"/>
</kw>
<kw name="Dictionary Should Contain Key" owner="Collections">
<msg time="2024-04-27T13:15:06.934074" level="INFO">False</msg>
<arg>${json_data['results'][0]['login']}</arg>
<arg>${keyTwo}</arg>
<doc>Fails if ``key`` is not found from ``dictionary``.</doc>
<status status="PASS" start="2024-04-27T13:15:06.933725" elapsed="0.000382"/>
</kw>
<kw name="Log" owner="BuiltIn">
<msg time="2024-04-27T13:15:06.934496" level="INFO">password</msg>
<arg>${keyTwo}</arg>
<doc>Logs the given message with the given level.</doc>
<status status="PASS" start="2024-04-27T13:15:06.934378" elapsed="0.000151"/>
</kw>
<var name="${keyTwo}">password</var>
<status status="PASS" start="2024-04-27T13:15:06.932844" elapsed="0.001881"/>
</iter>
<var>${keyTwo}</var>
<value>@{expected_keysTwo}</value>
<status status="PASS" start="2024-04-27T13:15:06.930783" elapsed="0.004051"/>
</for>
<status status="PASS" start="2024-04-27T13:15:06.862552" elapsed="0.072407"/>
</kw>
<doc>Testa a estrutura da resposta da API.</doc>
<tag>testeEstruturaResposta</tag>
<status status="PASS" start="2024-04-27T13:15:06.862017" elapsed="0.073073"/>
</test>
<test id="s1-s1-t4" name="Validar tipos de dados" line="28">
<kw name="Teste de Tipos de Dados" owner="random-user-service">
<kw name="GET On Session" owner="RequestsLibrary">
<msg time="2024-04-27T13:15:07.011891" level="INFO">GET Request : url=https://randomuser.me/api 
 path_url=/api 
 headers={'User-Agent': 'python-requests/2.31.0', 'Accept-Encoding': 'gzip, deflate', 'Accept': '*/*', 'Connection': 'keep-alive'} 
 body=None 
 </msg>
<msg time="2024-04-27T13:15:07.011974" level="INFO">GET Response : url=https://randomuser.me/api 
 status=200, reason=OK 
 headers={'Date': 'Sat, 27 Apr 2024 13:15:07 GMT', 'Content-Type': 'application/json; charset=utf-8', 'Transfer-Encoding': 'chunked', 'Connection': 'keep-alive', 'X-Powered-By': 'Express', 'Access-Control-Allow-Origin': '*', 'Cache-Control': 'no-cache', 'ETag': 'W/"4c0-MRRfxshADtXqRkRs7oET3hoaHrU"', 'Vary': 'Accept-Encoding', 'Content-Encoding': 'gzip', 'CF-Cache-Status': 'DYNAMIC', 'Report-To': '{"endpoints":[{"url":"https:\\/\\/a.nel.cloudflare.com\\/report\\/v4?s=QWXgrd3iNsKvps8qHtQXp4F7CXW2zbfRe0GgyNiaOny4VwEntl9Y2jbD6vUXX8sNif%2F2q53GyhCAu2OnFL8F8bblK%2BB2bIXddmUJB6FQuP85COMLW5bNEwWLuggqSduZ"}],"group":"cf-nel","max_age":604800}', 'NEL': '{"success_fraction":0,"report_to":"cf-nel","max_age":604800}', 'Server': 'cloudflare', 'CF-RAY': '87af14585c59224c-ORD', 'alt-svc': 'h3=":443"; ma=86400'} 
 body={"results":[{"gender":"female","name":{"title":"Mrs","first":"María Luisa","last":"Bravo"},"location":{"street":{"number":2704,"name":"Pasaje Sinaloa"},"city":"Delta (Estación Delta)","state":"Aguascalientes","country":"Mexico","postcode":94930,"coordinates":{"latitude":"23.8788","longitude":"64.9425"},"timezone":{"offset":"+3:00","description":"Baghdad, Riyadh, Moscow, St. Petersburg"}},"email":"marialuisa.bravo@example.com","login":{"uuid":"a1784a30-f397-426a-ada5-95b4eb5e2065","username":"goldenmeercat435","password":"music1","salt":"nIBizOxZ","md5":"f8c677004f3dd58f47a556d4dd6714d0","sha1":"1b5109e3d882cfcbcc4d928480c0f5c672f38637","sha256":"728baa9705c0e136df38e33086b56558996908454f9da873cd952beaf663e0f8"},"dob":{"date":"1984-03-05T02:59:07.392Z","age":40},"registered":{"date":"2008-03-23T09:18:24.289Z","age":16},"phone":"(663) 910 4361","cell":"(688) 784 6012","id":{"name":"NSS","value":"35 14 47 9159 6"},"picture":{"large":"https://randomuser.me/api/portraits/women/89.jpg","medium":"https://randomuser.me/api/portraits/med/women/89.jpg","thumbnail":"https://randomuser.me/api/portraits/thumb/women/89.jpg"},"nat":"MX"}],"info":{"seed":"3ffcdf185082f7fa","results":1,"page":1,"version":"1.4"}} 
 </msg>
<msg time="2024-04-27T13:15:07.012049" level="INFO">/opt/hostedtoolcache/Python/3.12.3/x64/lib/python3.12/site-packages/urllib3/connectionpool.py:1103: InsecureRequestWarning: Unverified HTTPS request is being made to host 'randomuser.me'. Adding certificate verification is strongly advised. See: https://urllib3.readthedocs.io/en/latest/advanced-usage.html#tls-warnings
  warnings.warn(</msg>
<msg time="2024-04-27T13:15:07.012188" level="INFO">${response} = &lt;Response [200]&gt;</msg>
<var>${response}</var>
<arg>consultarAPI</arg>
<arg>/api</arg>
<doc>Sends a GET request on a previously created HTTP Session.</doc>
<status status="PASS" start="2024-04-27T13:15:06.937286" elapsed="0.074958"/>
</kw>
<kw name="Set Variable" owner="BuiltIn">
<msg time="2024-04-27T13:15:07.013137" level="INFO">${json_data} = {'results': [{'gender': 'female', 'name': {'title': 'Mrs', 'first': 'María Luisa', 'last': 'Bravo'}, 'location': {'street': {'number': 2704, 'name': 'Pasaje Sinaloa'}, 'city': 'Delta (Estación Delta)'...</msg>
<var>${json_data}</var>
<arg>${response.json()}</arg>
<doc>Returns the given values which can then be assigned to a variables.</doc>
<status status="PASS" start="2024-04-27T13:15:07.012700" elapsed="0.000464"/>
</kw>
<kw name="Log" owner="BuiltIn">
<msg time="2024-04-27T13:15:07.013631" level="INFO">{'results': [{'gender': 'female', 'name': {'title': 'Mrs', 'first': 'María Luisa', 'last': 'Bravo'}, 'location': {'street': {'number': 2704, 'name': 'Pasaje Sinaloa'}, 'city': 'Delta (Estación Delta)', 'state': 'Aguascalientes', 'country': 'Mexico', 'postcode': 94930, 'coordinates': {'latitude': '23.8788', 'longitude': '64.9425'}, 'timezone': {'offset': '+3:00', 'description': 'Baghdad, Riyadh, Moscow, St. Petersburg'}}, 'email': 'marialuisa.bravo@example.com', 'login': {'uuid': 'a1784a30-f397-426a-ada5-95b4eb5e2065', 'username': 'goldenmeercat435', 'password': 'music1', 'salt': 'nIBizOxZ', 'md5': 'f8c677004f3dd58f47a556d4dd6714d0', 'sha1': '1b5109e3d882cfcbcc4d928480c0f5c672f38637', 'sha256': '728baa9705c0e136df38e33086b56558996908454f9da873cd952beaf663e0f8'}, 'dob': {'date': '1984-03-05T02:59:07.392Z', 'age': 40}, 'registered': {'date': '2008-03-23T09:18:24.289Z', 'age': 16}, 'phone': '(663) 910 4361', 'cell': '(688) 784 6012', 'id': {'name': 'NSS', 'value': '35 14 47 9159 6'}, 'picture': {'large': 'https://randomuser.me/api/portraits/women/89.jpg', 'medium': 'https://randomuser.me/api/portraits/med/women/89.jpg', 'thumbnail': 'https://randomuser.me/api/portraits/thumb/women/89.jpg'}, 'nat': 'MX'}], 'info': {'seed': '3ffcdf185082f7fa', 'results': 1, 'page': 1, 'version': '1.4'}}</msg>
<arg>${json_data}</arg>
<doc>Logs the given message with the given level.</doc>
<status status="PASS" start="2024-04-27T13:15:07.013488" elapsed="0.000216"/>
</kw>
<kw name="Should Be String" owner="String">
<arg>${json_data['results'][0]['gender']}</arg>
<doc>Fails if the given ``item`` is not a string.</doc>
<status status="PASS" start="2024-04-27T13:15:07.013981" elapsed="0.000331"/>
</kw>
<kw name="Should Match Regexp" owner="BuiltIn">
<arg>${json_data['results'][0]['email']}</arg>
<arg>^[a-zA-Z0-9._%+-]+@[a-zA-Z0-9.-]+\.[a-zA-Z]{2,}$</arg>
<doc>Fails if ``string`` does not match ``pattern`` as a regular expression.</doc>
<status status="PASS" start="2024-04-27T13:15:07.014488" elapsed="0.000457"/>
</kw>
<kw name="Should Match Regexp" owner="BuiltIn">
<arg>${json_data['results'][0]['dob']['date']}</arg>
<arg>\\d{4}-\\d{2}-\\d{2}T\\d{2}:\\d{2}:\\d{2}\\.\\d{3}Z</arg>
<doc>Fails if ``string`` does not match ``pattern`` as a regular expression.</doc>
<status status="PASS" start="2024-04-27T13:15:07.015123" elapsed="0.000451"/>
</kw>
<kw name="Should Match Regexp" owner="BuiltIn">
<arg>${json_data['results'][0]['registered']['date']}</arg>
<arg>\\d{4}-\\d{2}-\\d{2}T\\d{2}:\\d{2}:\\d{2}\\.\\d{3}Z</arg>
<doc>Fails if ``string`` does not match ``pattern`` as a regular expression.</doc>
<status status="PASS" start="2024-04-27T13:15:07.015749" elapsed="0.000334"/>
</kw>
<kw name="Should Match Regexp" owner="BuiltIn">
<arg>${json_data['results'][0]['picture']['large']}</arg>
<arg>^https?://.*\.(?:png|jpe?g|gif|bmp)$</arg>
<doc>Fails if ``string`` does not match ``pattern`` as a regular expression.</doc>
<status status="PASS" start="2024-04-27T13:15:07.016252" elapsed="0.000422"/>
</kw>
<kw name="Should Match Regexp" owner="BuiltIn">
<arg>${json_data['results'][0]['picture']['medium']}</arg>
<arg>^https?://.*\.(?:png|jpe?g|gif|bmp)$</arg>
<doc>Fails if ``string`` does not match ``pattern`` as a regular expression.</doc>
<status status="PASS" start="2024-04-27T13:15:07.016844" elapsed="0.000329"/>
</kw>
<kw name="Should Match Regexp" owner="BuiltIn">
<arg>${json_data['results'][0]['picture']['thumbnail']}</arg>
<arg>^https?://.*\.(?:png|jpe?g|gif|bmp)$</arg>
<doc>Fails if ``string`` does not match ``pattern`` as a regular expression.</doc>
<status status="PASS" start="2024-04-27T13:15:07.017367" elapsed="0.000318"/>
</kw>
<kw name="Log" owner="BuiltIn">
<msg time="2024-04-27T13:15:07.018177" level="INFO">{'large': 'https://randomuser.me/api/portraits/women/89.jpg', 'medium': 'https://randomuser.me/api/portraits/med/women/89.jpg', 'thumbnail': 'https://randomuser.me/api/portraits/thumb/women/89.jpg'}</msg>
<arg>${json_data['results'][0]['picture']}</arg>
<doc>Logs the given message with the given level.</doc>
<status status="PASS" start="2024-04-27T13:15:07.017861" elapsed="0.000356"/>
</kw>
<status status="PASS" start="2024-04-27T13:15:06.937054" elapsed="0.081412"/>
</kw>
<kw name="Teste de Tipos de Dados - Postcode" owner="random-user-service">
<kw name="GET On Session" owner="RequestsLibrary">
<msg time="2024-04-27T13:15:07.128817" level="INFO">GET Request : url=https://randomuser.me/api 
 path_url=/api 
 headers={'User-Agent': 'python-requests/2.31.0', 'Accept-Encoding': 'gzip, deflate', 'Accept': '*/*', 'Connection': 'keep-alive'} 
 body=None 
 </msg>
<msg time="2024-04-27T13:15:07.128904" level="INFO">GET Response : url=https://randomuser.me/api 
 status=200, reason=OK 
 headers={'Date': 'Sat, 27 Apr 2024 13:15:07 GMT', 'Content-Type': 'application/json; charset=utf-8', 'Transfer-Encoding': 'chunked', 'Connection': 'keep-alive', 'X-Powered-By': 'Express', 'Access-Control-Allow-Origin': '*', 'Cache-Control': 'no-cache', 'ETag': 'W/"487-+wzRXN5tp+bT0t4MML69tvgXgF0"', 'Vary': 'Accept-Encoding', 'Content-Encoding': 'gzip', 'CF-Cache-Status': 'DYNAMIC', 'Report-To': '{"endpoints":[{"url":"https:\\/\\/a.nel.cloudflare.com\\/report\\/v4?s=7vGEEhNQYot6zG8T3Q%2BPK9lPMfy%2FJ5d84DL83Wn7Ifz3tdVfwT0GjnDz9HTjRXCOyVsftlR4%2FXSiwfU4l6mBZvGfu%2BvvAxp%2FPQQXFVRsCgtWbAMXjVtlioPZMdi0SSna"}],"group":"cf-nel","max_age":604800}', 'NEL': '{"success_fraction":0,"report_to":"cf-nel","max_age":604800}', 'Server': 'cloudflare', 'CF-RAY': '87af1458ece2224c-ORD', 'alt-svc': 'h3=":443"; ma=86400'} 
 body={"results":[{"gender":"female","name":{"title":"Mrs","first":"Melike","last":"Kunt"},"location":{"street":{"number":506,"name":"Şehitler Cd"},"city":"Tekirdağ","state":"Elazığ","country":"Turkey","postcode":19399,"coordinates":{"latitude":"66.6579","longitude":"72.2871"},"timezone":{"offset":"+11:00","description":"Magadan, Solomon Islands, New Caledonia"}},"email":"melike.kunt@example.com","login":{"uuid":"a98f05b4-1118-4ed0-bb9a-36796c125547","username":"redduck443","password":"mango","salt":"fhG3ZcBQ","md5":"f90484cfda2dc09187f7da8b69feab32","sha1":"826c165c3ca62a79b340514c23c28b696ff2ee7e","sha256":"8ff674fadb48b60c2c6711a648d7bf8f1a8df66c4b43fccc1fdaa4bac4bbcfea"},"dob":{"date":"1970-03-19T07:11:29.520Z","age":54},"registered":{"date":"2013-08-26T15:02:39.112Z","age":10},"phone":"(701)-333-4397","cell":"(339)-079-6338","id":{"name":"","value":null},"picture":{"large":"https://randomuser.me/api/portraits/women/37.jpg","medium":"https://randomuser.me/api/portraits/med/women/37.jpg","thumbnail":"https://randomuser.me/api/portraits/thumb/women/37.jpg"},"nat":"TR"}],"info":{"seed":"724cf9576b81b04d","results":1,"page":1,"version":"1.4"}} 
 </msg>
<msg time="2024-04-27T13:15:07.128980" level="INFO">/opt/hostedtoolcache/Python/3.12.3/x64/lib/python3.12/site-packages/urllib3/connectionpool.py:1103: InsecureRequestWarning: Unverified HTTPS request is being made to host 'randomuser.me'. Adding certificate verification is strongly advised. See: https://urllib3.readthedocs.io/en/latest/advanced-usage.html#tls-warnings
  warnings.warn(</msg>
<msg time="2024-04-27T13:15:07.129093" level="INFO">${response} = &lt;Response [200]&gt;</msg>
<var>${response}</var>
<arg>consultarAPI</arg>
<arg>/api</arg>
<doc>Sends a GET request on a previously created HTTP Session.</doc>
<status status="PASS" start="2024-04-27T13:15:07.018893" elapsed="0.110238"/>
</kw>
<kw name="Set Variable" owner="BuiltIn">
<msg time="2024-04-27T13:15:07.129945" level="INFO">${json_data} = {'results': [{'gender': 'female', 'name': {'title': 'Mrs', 'first': 'Melike', 'last': 'Kunt'}, 'location': {'street': {'number': 506, 'name': 'Şehitler Cd'}, 'city': 'Tekirdağ', 'state': 'Elazığ', 'co...</msg>
<var>${json_data}</var>
<arg>${response.json()}</arg>
<doc>Returns the given values which can then be assigned to a variables.</doc>
<status status="PASS" start="2024-04-27T13:15:07.129491" elapsed="0.000485"/>
</kw>
<kw name="Log" owner="BuiltIn">
<msg time="2024-04-27T13:15:07.130439" level="INFO">{'results': [{'gender': 'female', 'name': {'title': 'Mrs', 'first': 'Melike', 'last': 'Kunt'}, 'location': {'street': {'number': 506, 'name': 'Şehitler Cd'}, 'city': 'Tekirdağ', 'state': 'Elazığ', 'country': 'Turkey', 'postcode': 19399, 'coordinates': {'latitude': '66.6579', 'longitude': '72.2871'}, 'timezone': {'offset': '+11:00', 'description': 'Magadan, Solomon Islands, New Caledonia'}}, 'email': 'melike.kunt@example.com', 'login': {'uuid': 'a98f05b4-1118-4ed0-bb9a-36796c125547', 'username': 'redduck443', 'password': 'mango', 'salt': 'fhG3ZcBQ', 'md5': 'f90484cfda2dc09187f7da8b69feab32', 'sha1': '826c165c3ca62a79b340514c23c28b696ff2ee7e', 'sha256': '8ff674fadb48b60c2c6711a648d7bf8f1a8df66c4b43fccc1fdaa4bac4bbcfea'}, 'dob': {'date': '1970-03-19T07:11:29.520Z', 'age': 54}, 'registered': {'date': '2013-08-26T15:02:39.112Z', 'age': 10}, 'phone': '(701)-333-4397', 'cell': '(339)-079-6338', 'id': {'name': '', 'value': None}, 'picture': {'large': 'https://randomuser.me/api/portraits/women/37.jpg', 'medium': 'https://randomuser.me/api/portraits/med/women/37.jpg', 'thumbnail': 'https://randomuser.me/api/portraits/thumb/women/37.jpg'}, 'nat': 'TR'}], 'info': {'seed': '724cf9576b81b04d', 'results': 1, 'page': 1, 'version': '1.4'}}</msg>
<arg>${json_data}</arg>
<doc>Logs the given message with the given level.</doc>
<status status="PASS" start="2024-04-27T13:15:07.130283" elapsed="0.000235"/>
</kw>
<kw name="Should Be Equal As Numbers" owner="BuiltIn">
<arg>${json_data['results'][0]['location']['postcode']}</arg>
<arg>${json_data['results'][0]['location']['postcode']}</arg>
<doc>Fails if objects are unequal after converting them to real numbers.</doc>
<status status="PASS" start="2024-04-27T13:15:07.130938" elapsed="0.000616"/>
</kw>
<kw name="Log" owner="BuiltIn">
<msg time="2024-04-27T13:15:07.132077" level="INFO">19399</msg>
<arg>${json_data['results'][0]['location']['postcode']}</arg>
<doc>Logs the given message with the given level.</doc>
<status status="PASS" start="2024-04-27T13:15:07.131744" elapsed="0.000374"/>
</kw>
<status status="PASS" start="2024-04-27T13:15:07.018672" elapsed="0.113694"/>
</kw>
<doc>Testa se os tipos de dados na resposta da API estão corretos.</doc>
<tag>testeTiposDados</tag>
<status status="PASS" start="2024-04-27T13:15:06.936677" elapsed="0.195845"/>
</test>
<test id="s1-s1-t5" name="Validar conteudo" line="35">
<kw name="Teste de Tipos de Conteudo" owner="random-user-service">
<kw name="GET On Session" owner="RequestsLibrary">
<msg time="2024-04-27T13:15:07.247334" level="INFO">GET Request : url=https://randomuser.me/api 
 path_url=/api 
 headers={'User-Agent': 'python-requests/2.31.0', 'Accept-Encoding': 'gzip, deflate', 'Accept': '*/*', 'Connection': 'keep-alive'} 
 body=None 
 </msg>
<msg time="2024-04-27T13:15:07.247431" level="INFO">GET Response : url=https://randomuser.me/api 
 status=200, reason=OK 
 headers={'Date': 'Sat, 27 Apr 2024 13:15:07 GMT', 'Content-Type': 'application/json; charset=utf-8', 'Transfer-Encoding': 'chunked', 'Connection': 'keep-alive', 'X-Powered-By': 'Express', 'Access-Control-Allow-Origin': '*', 'Cache-Control': 'no-cache', 'ETag': 'W/"480-ID+/21YyyqFVGjoinO/qAPr2ook"', 'Vary': 'Accept-Encoding', 'Content-Encoding': 'gzip', 'CF-Cache-Status': 'DYNAMIC', 'Report-To': '{"endpoints":[{"url":"https:\\/\\/a.nel.cloudflare.com\\/report\\/v4?s=osinwDyxShIPzgVsQoDZDOuuoLMp1IY1MthgxLDhoUzC2YYWb8W05MqJD5O5FJXoFpsWL7OQV0ju3CCZwaPKFoiMJ19WSGscaFLLhGN%2FMT7WyhwBY%2F9TLmB2PsWNz%2BtB"}],"group":"cf-nel","max_age":604800}', 'NEL': '{"success_fraction":0,"report_to":"cf-nel","max_age":604800}', 'Server': 'cloudflare', 'CF-RAY': '87af14599da8224c-ORD', 'alt-svc': 'h3=":443"; ma=86400'} 
 body={"results":[{"gender":"male","name":{"title":"Mr","first":"Daniel","last":"Lavoie"},"location":{"street":{"number":8713,"name":"Peel St"},"city":"Lafontaine","state":"Prince Edward Island","country":"Canada","postcode":"R7X 7N6","coordinates":{"latitude":"-70.2569","longitude":"-50.2110"},"timezone":{"offset":"-2:00","description":"Mid-Atlantic"}},"email":"daniel.lavoie@example.com","login":{"uuid":"386db8b0-e8c8-4f57-ab40-c016e411ca1b","username":"crazybear786","password":"pornporn","salt":"6FUI7vDP","md5":"65ec520b0907717e2224226619b3751a","sha1":"22149b5ffafdae3ff58a7030c56c435a9fcefb23","sha256":"98c3b356a5ba695c2480530052d6f56a598a11624e569346a9b68f813fb0357b"},"dob":{"date":"1947-03-04T02:12:03.869Z","age":77},"registered":{"date":"2004-03-04T16:38:56.381Z","age":20},"phone":"W30 C86-1794","cell":"E73 R40-1367","id":{"name":"SIN","value":"149129280"},"picture":{"large":"https://randomuser.me/api/portraits/men/42.jpg","medium":"https://randomuser.me/api/portraits/med/men/42.jpg","thumbnail":"https://randomuser.me/api/portraits/thumb/men/42.jpg"},"nat":"CA"}],"info":{"seed":"010513f32e09cc26","results":1,"page":1,"version":"1.4"}} 
 </msg>
<msg time="2024-04-27T13:15:07.247516" level="INFO">/opt/hostedtoolcache/Python/3.12.3/x64/lib/python3.12/site-packages/urllib3/connectionpool.py:1103: InsecureRequestWarning: Unverified HTTPS request is being made to host 'randomuser.me'. Adding certificate verification is strongly advised. See: https://urllib3.readthedocs.io/en/latest/advanced-usage.html#tls-warnings
  warnings.warn(</msg>
<msg time="2024-04-27T13:15:07.247621" level="INFO">${response} = &lt;Response [200]&gt;</msg>
<var>${response}</var>
<arg>consultarAPI</arg>
<arg>/api</arg>
<doc>Sends a GET request on a previously created HTTP Session.</doc>
<status status="PASS" start="2024-04-27T13:15:07.135012" elapsed="0.112646"/>
</kw>
<kw name="Set Variable" owner="BuiltIn">
<msg time="2024-04-27T13:15:07.248389" level="INFO">${json_data} = {'results': [{'gender': 'male', 'name': {'title': 'Mr', 'first': 'Daniel', 'last': 'Lavoie'}, 'location': {'street': {'number': 8713, 'name': 'Peel St'}, 'city': 'Lafontaine', 'state': 'Prince Edward ...</msg>
<var>${json_data}</var>
<arg>${response.json()}</arg>
<doc>Returns the given values which can then be assigned to a variables.</doc>
<status status="PASS" start="2024-04-27T13:15:07.247992" elapsed="0.000422"/>
</kw>
<kw name="Set Variable" owner="BuiltIn">
<msg time="2024-04-27T13:15:07.249044" level="INFO">${name_title} = Mr</msg>
<var>${name_title}</var>
<arg>${json_data["results"][0]["name"]["title"]}</arg>
<doc>Returns the given values which can then be assigned to a variables.</doc>
<status status="PASS" start="2024-04-27T13:15:07.248693" elapsed="0.000374"/>
</kw>
<kw name="Create List" owner="BuiltIn">
<msg time="2024-04-27T13:15:07.249523" level="INFO">${allowed_titles} = ['Mr', 'Ms', 'Miss', 'Mrs', 'Madame', 'Monsieur']</msg>
<var>${allowed_titles}</var>
<arg>Mr</arg>
<arg>Ms</arg>
<arg>Miss</arg>
<arg>Mrs</arg>
<arg>Madame</arg>
<arg>Monsieur</arg>
<doc>Returns a list containing given items.</doc>
<status status="PASS" start="2024-04-27T13:15:07.249385" elapsed="0.000162"/>
</kw>
<kw name="List Should Contain Value" owner="Collections">
<msg time="2024-04-27T13:15:07.250010" level="INFO">False</msg>
<arg>${allowed_titles}</arg>
<arg>${name_title}</arg>
<doc>Fails if the ``value`` is not found from ``list``.</doc>
<status status="PASS" start="2024-04-27T13:15:07.249844" elapsed="0.000201"/>
</kw>
<kw name="Set Variable" owner="BuiltIn">
<msg time="2024-04-27T13:15:07.250708" level="INFO">${name_country} = CA</msg>
<var>${name_country}</var>
<arg>${json_data["results"][0]["nat"]}</arg>
<doc>Returns the given values which can then be assigned to a variables.</doc>
<status status="PASS" start="2024-04-27T13:15:07.250328" elapsed="0.000404"/>
</kw>
<kw name="Create List" owner="BuiltIn">
<msg time="2024-04-27T13:15:07.251616" level="INFO">${list_country} = ['AD', 'AE', 'AF', 'AG', 'AI', 'AL', 'AM', 'AO', 'AQ', 'AR', 'AS', 'AT', 'AU', 'AW', 'AX', 'AZ', 'BA', 'BB', 'BD', 'BE', 'BF', 'BG', 'BH', 'BI', 'BJ', 'BL', 'BM', 'BN', 'BO', 'BQ', 'BR', 'BS', 'BT', '...</msg>
<var>${list_country}</var>
<arg>AD</arg>
<arg>AE</arg>
<arg>AF</arg>
<arg>AG</arg>
<arg>AI</arg>
<arg>AL</arg>
<arg>AM</arg>
<arg>AO</arg>
<arg>AQ</arg>
<arg>AR</arg>
<arg>AS</arg>
<arg>AT</arg>
<arg>AU</arg>
<arg>AW</arg>
<arg>AX</arg>
<arg>AZ</arg>
<arg>BA</arg>
<arg>BB</arg>
<arg>BD</arg>
<arg>BE</arg>
<arg>BF</arg>
<arg>BG</arg>
<arg>BH</arg>
<arg>BI</arg>
<arg>BJ</arg>
<arg>BL</arg>
<arg>BM</arg>
<arg>BN</arg>
<arg>BO</arg>
<arg>BQ</arg>
<arg>BR</arg>
<arg>BS</arg>
<arg>BT</arg>
<arg>BV</arg>
<arg>BW</arg>
<arg>BY</arg>
<arg>BZ</arg>
<arg>CA</arg>
<arg>CC</arg>
<arg>CD</arg>
<arg>CF</arg>
<arg>CG</arg>
<arg>CH</arg>
<arg>CI</arg>
<arg>CK</arg>
<arg>CL</arg>
<arg>CM</arg>
<arg>CN</arg>
<arg>CO</arg>
<arg>CR</arg>
<arg>CU</arg>
<arg>CV</arg>
<arg>CW</arg>
<arg>CX</arg>
<arg>CY</arg>
<arg>CZ</arg>
<arg>DE</arg>
<arg>DJ</arg>
<arg>DK</arg>
<arg>DM</arg>
<arg>DO</arg>
<arg>DZ</arg>
<arg>EC</arg>
<arg>EE</arg>
<arg>EG</arg>
<arg>EH</arg>
<arg>ER</arg>
<arg>ES</arg>
<arg>ET</arg>
<arg>FI</arg>
<arg>FJ</arg>
<arg>FK</arg>
<arg>FM</arg>
<arg>FO</arg>
<arg>FR</arg>
<arg>GA</arg>
<arg>GB</arg>
<arg>GD</arg>
<arg>GE</arg>
<arg>GF</arg>
<arg>GG</arg>
<arg>GH</arg>
<arg>GI</arg>
<arg>GL</arg>
<arg>GM</arg>
<arg>GN</arg>
<arg>GP</arg>
<arg>GQ</arg>
<arg>GR</arg>
<arg>GS</arg>
<arg>GT</arg>
<arg>GU</arg>
<arg>GW</arg>
<arg>GY</arg>
<arg>HK</arg>
<arg>HM</arg>
<arg>HN</arg>
<arg>HR</arg>
<arg>HT</arg>
<arg>HU</arg>
<arg>ID</arg>
<arg>IE</arg>
<arg>IL</arg>
<arg>IM</arg>
<arg>IN</arg>
<arg>IO</arg>
<arg>IQ</arg>
<arg>IR</arg>
<arg>IS</arg>
<arg>IT</arg>
<arg>JE</arg>
<arg>JM</arg>
<arg>JO</arg>
<arg>JP</arg>
<arg>KE</arg>
<arg>KG</arg>
<arg>KH</arg>
<arg>KI</arg>
<arg>KM</arg>
<arg>KN</arg>
<arg>KP</arg>
<arg>KR</arg>
<arg>KW</arg>
<arg>KY</arg>
<arg>KZ</arg>
<arg>LA</arg>
<arg>LB</arg>
<arg>LC</arg>
<arg>LI</arg>
<arg>LK</arg>
<arg>LR</arg>
<arg>LS</arg>
<arg>LT</arg>
<arg>LU</arg>
<arg>LV</arg>
<arg>LY</arg>
<arg>MA</arg>
<arg>MC</arg>
<arg>MD</arg>
<arg>ME</arg>
<arg>MF</arg>
<arg>MG</arg>
<arg>MH</arg>
<arg>MK</arg>
<arg>ML</arg>
<arg>MM</arg>
<arg>MN</arg>
<arg>MO</arg>
<arg>MP</arg>
<arg>MQ</arg>
<arg>MR</arg>
<arg>MS</arg>
<arg>MT</arg>
<arg>MU</arg>
<arg>MV</arg>
<arg>MW</arg>
<arg>MX</arg>
<arg>MY</arg>
<arg>MZ</arg>
<arg>NA</arg>
<arg>NC</arg>
<arg>NE</arg>
<arg>NF</arg>
<arg>NG</arg>
<arg>NI</arg>
<arg>NL</arg>
<arg>NO</arg>
<arg>NP</arg>
<arg>NR</arg>
<arg>NU</arg>
<arg>NZ</arg>
<arg>OM</arg>
<arg>PA</arg>
<arg>PE</arg>
<arg>PF</arg>
<arg>PG</arg>
<arg>PH</arg>
<arg>PK</arg>
<arg>PL</arg>
<arg>PM</arg>
<arg>PN</arg>
<arg>PR</arg>
<arg>PS</arg>
<arg>PT</arg>
<arg>PW</arg>
<arg>PY</arg>
<arg>QA</arg>
<arg>RE</arg>
<arg>RO</arg>
<arg>RS</arg>
<arg>RU</arg>
<arg>RW</arg>
<arg>SA</arg>
<arg>SB</arg>
<arg>SC</arg>
<arg>SD</arg>
<arg>SE</arg>
<arg>SG</arg>
<arg>SH</arg>
<arg>SI</arg>
<arg>SJ</arg>
<arg>SK</arg>
<arg>SL</arg>
<arg>SM</arg>
<arg>SN</arg>
<arg>SO</arg>
<arg>SR</arg>
<arg>SS</arg>
<arg>ST</arg>
<arg>SV</arg>
<arg>SX</arg>
<arg>SY</arg>
<arg>SZ</arg>
<arg>TC</arg>
<arg>TD</arg>
<arg>TF</arg>
<arg>TG</arg>
<arg>TH</arg>
<arg>TJ</arg>
<arg>TK</arg>
<arg>TL</arg>
<arg>TM</arg>
<arg>TN</arg>
<arg>TO</arg>
<arg>TR</arg>
<arg>TT</arg>
<arg>TV</arg>
<arg>TW</arg>
<arg>TZ</arg>
<arg>UA</arg>
<arg>UG</arg>
<arg>UM</arg>
<arg>US</arg>
<arg>UY</arg>
<arg>UZ</arg>
<arg>VA</arg>
<arg>VC</arg>
<arg>VE</arg>
<arg>VG</arg>
<arg>VI</arg>
<arg>VN</arg>
<arg>VU</arg>
<arg>WF</arg>
<arg>WS</arg>
<arg>XK</arg>
<arg>YE</arg>
<arg>YT</arg>
<arg>ZA</arg>
<arg>ZM</arg>
<arg>ZW</arg>
<doc>Returns a list containing given items.</doc>
<status status="PASS" start="2024-04-27T13:15:07.251028" elapsed="0.000613"/>
</kw>
<kw name="List Should Contain Value" owner="Collections">
<msg time="2024-04-27T13:15:07.252590" level="INFO">False</msg>
<arg>${list_country}</arg>
<arg>${name_country}</arg>
<doc>Fails if the ``value`` is not found from ``list``.</doc>
<status status="PASS" start="2024-04-27T13:15:07.252407" elapsed="0.000217"/>
</kw>
<kw name="Run Keyword If" owner="BuiltIn">
<kw name="Should Be True" owner="BuiltIn">
<arg>${True}</arg>
<doc>Fails if the given condition is not true.</doc>
<status status="PASS" start="2024-04-27T13:15:07.253622" elapsed="0.000247"/>
</kw>
<arg>${json_data["results"][0]["location"]["coordinates"]["latitude"]} &gt;= -90 and ${json_data["results"][0]["location"]["coordinates"]["latitude"]} &lt;= 90</arg>
<arg>Should Be True</arg>
<arg>${True}</arg>
<doc>Runs the given keyword with the given arguments, if ``condition`` is true.</doc>
<status status="PASS" start="2024-04-27T13:15:07.252908" elapsed="0.001093"/>
</kw>
<kw name="Run Keyword If" owner="BuiltIn">
<kw name="Should Be True" owner="BuiltIn">
<arg>${True}</arg>
<doc>Fails if the given condition is not true.</doc>
<status status="PASS" start="2024-04-27T13:15:07.254884" elapsed="0.000137"/>
</kw>
<arg>${json_data["results"][0]["location"]["coordinates"]["longitude"]} &gt;= -180 and ${json_data["results"][0]["location"]["coordinates"]["longitude"]} &lt;= 180</arg>
<arg>Should Be True</arg>
<arg>${True}</arg>
<doc>Runs the given keyword with the given arguments, if ``condition`` is true.</doc>
<status status="PASS" start="2024-04-27T13:15:07.254187" elapsed="0.000957"/>
</kw>
<status status="PASS" start="2024-04-27T13:15:07.134789" elapsed="0.120477"/>
</kw>
<doc>Testa o conteúdo específico dos campos retornados pela API.</doc>
<tag>testeConteudo</tag>
<status status="PASS" start="2024-04-27T13:15:07.134299" elapsed="0.121092"/>
</test>
<status status="PASS" start="2024-04-27T13:15:06.191403" elapsed="1.065650"/>
</suite>
<status status="PASS" start="2024-04-27T13:15:06.177986" elapsed="1.084137"/>
</suite>
<statistics>
<total>
<stat pass="5" fail="0" skip="0">All Tests</stat>
</total>
<tag>
<stat pass="1" fail="0" skip="0">testeConteudo</stat>
<stat pass="1" fail="0" skip="0">testeEstruturaResposta</stat>
<stat pass="1" fail="0" skip="0">testeRequisicaoBasica</stat>
<stat pass="1" fail="0" skip="0">testeTiposDados</stat>
</tag>
<suite>
<stat pass="5" fail="0" skip="0" id="s1" name="Tests">Tests</stat>
<stat pass="5" fail="0" skip="0" id="s1-s1" name="Random-User-Test">Tests.Random-User-Test</stat>
</suite>
</statistics>
<errors>
</errors>
</robot>
