<?xml version="1.0" encoding="UTF-8"?>
<robot generator="Robot 7.0.1 (Python 3.12.4 on linux)" generated="2024-08-08T06:22:26.720341" rpa="false" schemaversion="5">
<suite id="s1" name="Tests" source="/home/runner/work/ApiRandomUser/ApiRandomUser/RamdonUser/tests">
<suite id="s1-s1" name="Random-User-Test" source="/home/runner/work/ApiRandomUser/ApiRandomUser/RamdonUser/tests/random-user-test.robot">
<test id="s1-s1-t1" name="Conectar" line="13">
<kw name="Conectar API" owner="random-user-service">
<kw name="Create Session" owner="RequestsLibrary">
<msg time="2024-08-08T06:22:27.141684" level="INFO">Creating Session using : alias=consultarAPI, url=https://randomuser.me/, headers={},                     cookies={}, auth=None, timeout=None, proxies=None, verify=False,                     debug=0 </msg>
<arg>consultarAPI</arg>
<arg>${URL}</arg>
<doc>Create Session: create a HTTP session to a server</doc>
<status status="PASS" start="2024-08-08T06:22:27.141476" elapsed="0.000398"/>
</kw>
<status status="PASS" start="2024-08-08T06:22:27.140372" elapsed="0.001883"/>
</kw>
<status status="PASS" start="2024-08-08T06:22:27.139719" elapsed="0.002733"/>
</test>
<test id="s1-s1-t2" name="Validar retorno 200 e JSON Válido" line="16">
<kw name="Teste de Requisicao Basica" owner="random-user-service">
<kw name="GET On Session" owner="RequestsLibrary">
<msg time="2024-08-08T06:22:27.849298" level="INFO">GET Request : url=https://randomuser.me/api 
 path_url=/api 
 headers={'User-Agent': 'python-requests/2.32.3', 'Accept-Encoding': 'gzip, deflate', 'Accept': '*/*', 'Connection': 'keep-alive'} 
 body=None 
 </msg>
<msg time="2024-08-08T06:22:27.849503" level="INFO">GET Response : url=https://randomuser.me/api 
 status=200, reason=OK 
 headers={'Date': 'Thu, 08 Aug 2024 06:22:27 GMT', 'Content-Type': 'application/json; charset=utf-8', 'Transfer-Encoding': 'chunked', 'Connection': 'keep-alive', 'X-Powered-By': 'Express', 'Access-Control-Allow-Origin': '*', 'Cache-Control': 'no-cache', 'ETag': 'W/"49d-TNWL5NPqXjiLR+JRludlIjhJezY"', 'Vary': 'Accept-Encoding', 'Content-Encoding': 'gzip', 'CF-Cache-Status': 'DYNAMIC', 'Report-To': '{"endpoints":[{"url":"https:\\/\\/a.nel.cloudflare.com\\/report\\/v4?s=DkKCF7shvu6ZZICvxLcryWxwOGrJRo1EkkbOjB%2FGJzXKGMtKcXO5RkZueqo5t4NlZWlSqOYwcR54AoiPQPFBejfsr29%2Fgl8JACyTY18knubtkkaxgtKocbzrvJYw3Vtr"}],"group":"cf-nel","max_age":604800}', 'NEL': '{"success_fraction":0,"report_to":"cf-nel","max_age":604800}', 'Server': 'cloudflare', 'CF-RAY': '8afd697bea446908-IAD', 'alt-svc': 'h3=":443"; ma=86400'} 
 body={"results":[{"gender":"male","name":{"title":"Mr","first":"پارسا","last":"جعفری"},"location":{"street":{"number":2374,"name":"شهید کبیری طامه"},"city":"کرمانشاه","state":"زنجان","country":"Iran","postcode":24258,"coordinates":{"latitude":"18.2167","longitude":"-13.6048"},"timezone":{"offset":"+5:30","description":"Bombay, Calcutta, Madras, New Delhi"}},"email":"prs.jaafry@example.com","login":{"uuid":"e1b38f62-216c-426b-9bcf-d1c68fd1a8c0","username":"silverwolf879","password":"playmate","salt":"igzWiARt","md5":"abf5aa4cea9e5a77b3f1ff9f19a21442","sha1":"834336a7ca410c6d8878a92e7a8ed72b2538955b","sha256":"c6a8dee8e6740269068018ce2f522f07a269a8922d84272988713694ca5fbd9c"},"dob":{"date":"1951-07-05T09:59:35.353Z","age":73},"registered":{"date":"2018-03-10T21:12:41.408Z","age":6},"phone":"059-81657074","cell":"0976-196-1232","id":{"name":"","value":null},"picture":{"large":"https://randomuser.me/api/portraits/men/43.jpg","medium":"https://randomuser.me/api/portraits/med/men/43.jpg","thumbnail":"https://randomuser.me/api/portraits/thumb/men/43.jpg"},"nat":"IR"}],"info":{"seed":"e3d6eafbbcdec883","results":1,"page":1,"version":"1.4"}} 
 </msg>
<msg time="2024-08-08T06:22:27.849608" level="INFO">/opt/hostedtoolcache/Python/3.12.4/x64/lib/python3.12/site-packages/urllib3/connectionpool.py:1099: InsecureRequestWarning: Unverified HTTPS request is being made to host 'randomuser.me'. Adding certificate verification is strongly advised. See: https://urllib3.readthedocs.io/en/latest/advanced-usage.html#tls-warnings
  warnings.warn(</msg>
<msg time="2024-08-08T06:22:27.849799" level="INFO">${response} = &lt;Response [200]&gt;</msg>
<var>${response}</var>
<arg>consultarAPI</arg>
<arg>/api</arg>
<doc>Sends a GET request on a previously created HTTP Session.</doc>
<status status="PASS" start="2024-08-08T06:22:27.145186" elapsed="0.704658"/>
</kw>
<kw name="Should Be Equal As Numbers" owner="BuiltIn">
<msg time="2024-08-08T06:22:27.851383" level="INFO">Argument types are:
&lt;class 'int'&gt;
&lt;class 'str'&gt;</msg>
<arg>${response.status_code}</arg>
<arg>200</arg>
<doc>Fails if objects are unequal after converting them to real numbers.</doc>
<status status="PASS" start="2024-08-08T06:22:27.850767" elapsed="0.000687"/>
</kw>
<kw name="Log" owner="BuiltIn">
<msg time="2024-08-08T06:22:27.852222" level="INFO">200</msg>
<arg>${response.status_code}</arg>
<doc>Logs the given message with the given level.</doc>
<status status="PASS" start="2024-08-08T06:22:27.851853" elapsed="0.000410"/>
</kw>
<kw name="Set Variable" owner="BuiltIn">
<msg time="2024-08-08T06:22:27.853065" level="INFO">${json_data} = {'results': [{'gender': 'male', 'name': {'title': 'Mr', 'first': 'پارسا', 'last': 'جعفری'}, 'location': {'street': {'number': 2374, 'name': 'شهید کبیری طامه'}, 'city': 'کرمانشاه', 'state': 'زنجان', 'c...</msg>
<var>${json_data}</var>
<arg>${response.json()}</arg>
<doc>Returns the given values which can then be assigned to a variables.</doc>
<status status="PASS" start="2024-08-08T06:22:27.852583" elapsed="0.000514"/>
</kw>
<kw name="Dictionary Should Contain Key" owner="Collections">
<arg>${json_data}</arg>
<arg>results</arg>
<doc>Fails if ``key`` is not found from ``dictionary``.</doc>
<status status="PASS" start="2024-08-08T06:22:27.853409" elapsed="0.000389"/>
</kw>
<status status="PASS" start="2024-08-08T06:22:27.144939" elapsed="0.709021"/>
</kw>
<doc>Testa se a API responde corretamente e retorna um objeto JSON válido.</doc>
<tag>testeRequisicaoBasica</tag>
<status status="PASS" start="2024-08-08T06:22:27.144400" elapsed="0.709757"/>
</test>
<test id="s1-s1-t3" name="Validar estrutura de resposta" line="22">
<kw name="Teste de Estrutura de Resposta" owner="random-user-service">
<kw name="GET On Session" owner="RequestsLibrary">
<msg time="2024-08-08T06:22:28.240994" level="INFO">GET Request : url=https://randomuser.me/api 
 path_url=/api 
 headers={'User-Agent': 'python-requests/2.32.3', 'Accept-Encoding': 'gzip, deflate', 'Accept': '*/*', 'Connection': 'keep-alive'} 
 body=None 
 </msg>
<msg time="2024-08-08T06:22:28.241125" level="INFO">GET Response : url=https://randomuser.me/api 
 status=200, reason=OK 
 headers={'Date': 'Thu, 08 Aug 2024 06:22:28 GMT', 'Content-Type': 'application/json; charset=utf-8', 'Transfer-Encoding': 'chunked', 'Connection': 'keep-alive', 'X-Powered-By': 'Express', 'Access-Control-Allow-Origin': '*', 'Cache-Control': 'no-cache', 'ETag': 'W/"497-z1D7JD3CIccGdOUXgEC8hYnrZr8"', 'Vary': 'Accept-Encoding', 'Content-Encoding': 'gzip', 'CF-Cache-Status': 'DYNAMIC', 'Report-To': '{"endpoints":[{"url":"https:\\/\\/a.nel.cloudflare.com\\/report\\/v4?s=qLHa%2Bvfk8bgbdFRlUhI62ZL29KMgsbkN98CUt4NN04pGp%2BYc%2FU2w1hjX3eQQpUxbj2iBxaKQHgJERzjCY2V%2FOlk4vQdefrfKttPxhsvxrPKu2C6f16qN16mrSbdUz4w0"}],"group":"cf-nel","max_age":604800}', 'NEL': '{"success_fraction":0,"report_to":"cf-nel","max_age":604800}', 'Server': 'cloudflare', 'CF-RAY': '8afd69802c4d6908-IAD', 'alt-svc': 'h3=":443"; ma=86400'} 
 body={"results":[{"gender":"male","name":{"title":"Mr","first":"Wesley","last":"Van Elswijk"},"location":{"street":{"number":8542,"name":"Jan Lelimanhof"},"city":"Mheer","state":"Friesland","country":"Netherlands","postcode":"3497 BB","coordinates":{"latitude":"36.3281","longitude":"-73.2149"},"timezone":{"offset":"+4:00","description":"Abu Dhabi, Muscat, Baku, Tbilisi"}},"email":"wesley.vanelswijk@example.com","login":{"uuid":"fd9dd834-d79e-4694-9b4b-93becde54b22","username":"goldenpanda632","password":"radio","salt":"1DM7yJrg","md5":"c696cbe80519e3dcdb3799b7ad75848b","sha1":"b3318f523bb9c20af6d48bdcaed60ed3b321766b","sha256":"c873ab277c2b4ca43c2110fb89e2ffd6459fbc6958e2d19312f308f4649bc17a"},"dob":{"date":"1958-03-04T02:06:49.265Z","age":66},"registered":{"date":"2017-04-19T12:54:01.544Z","age":7},"phone":"(078) 9337116","cell":"(06) 35837851","id":{"name":"BSN","value":"90780524"},"picture":{"large":"https://randomuser.me/api/portraits/men/91.jpg","medium":"https://randomuser.me/api/portraits/med/men/91.jpg","thumbnail":"https://randomuser.me/api/portraits/thumb/men/91.jpg"},"nat":"NL"}],"info":{"seed":"a94fd96f7b5e3423","results":1,"page":1,"version":"1.4"}} 
 </msg>
<msg time="2024-08-08T06:22:28.241290" level="INFO">/opt/hostedtoolcache/Python/3.12.4/x64/lib/python3.12/site-packages/urllib3/connectionpool.py:1099: InsecureRequestWarning: Unverified HTTPS request is being made to host 'randomuser.me'. Adding certificate verification is strongly advised. See: https://urllib3.readthedocs.io/en/latest/advanced-usage.html#tls-warnings
  warnings.warn(</msg>
<msg time="2024-08-08T06:22:28.241457" level="INFO">${response} = &lt;Response [200]&gt;</msg>
<var>${response}</var>
<arg>consultarAPI</arg>
<arg>/api</arg>
<doc>Sends a GET request on a previously created HTTP Session.</doc>
<status status="PASS" start="2024-08-08T06:22:27.857108" elapsed="0.384393"/>
</kw>
<kw name="Set Variable" owner="BuiltIn">
<msg time="2024-08-08T06:22:28.242755" level="INFO">${json_data} = {'results': [{'gender': 'male', 'name': {'title': 'Mr', 'first': 'Wesley', 'last': 'Van Elswijk'}, 'location': {'street': {'number': 8542, 'name': 'Jan Lelimanhof'}, 'city': 'Mheer', 'state': 'Friesla...</msg>
<var>${json_data}</var>
<arg>${response.json()}</arg>
<doc>Returns the given values which can then be assigned to a variables.</doc>
<status status="PASS" start="2024-08-08T06:22:28.242121" elapsed="0.000664"/>
</kw>
<kw name="Log" owner="BuiltIn">
<msg time="2024-08-08T06:22:28.243277" level="INFO">{'results': [{'gender': 'male', 'name': {'title': 'Mr', 'first': 'Wesley', 'last': 'Van Elswijk'}, 'location': {'street': {'number': 8542, 'name': 'Jan Lelimanhof'}, 'city': 'Mheer', 'state': 'Friesland', 'country': 'Netherlands', 'postcode': '3497 BB', 'coordinates': {'latitude': '36.3281', 'longitude': '-73.2149'}, 'timezone': {'offset': '+4:00', 'description': 'Abu Dhabi, Muscat, Baku, Tbilisi'}}, 'email': 'wesley.vanelswijk@example.com', 'login': {'uuid': 'fd9dd834-d79e-4694-9b4b-93becde54b22', 'username': 'goldenpanda632', 'password': 'radio', 'salt': '1DM7yJrg', 'md5': 'c696cbe80519e3dcdb3799b7ad75848b', 'sha1': 'b3318f523bb9c20af6d48bdcaed60ed3b321766b', 'sha256': 'c873ab277c2b4ca43c2110fb89e2ffd6459fbc6958e2d19312f308f4649bc17a'}, 'dob': {'date': '1958-03-04T02:06:49.265Z', 'age': 66}, 'registered': {'date': '2017-04-19T12:54:01.544Z', 'age': 7}, 'phone': '(078) 9337116', 'cell': '(06) 35837851', 'id': {'name': 'BSN', 'value': '90780524'}, 'picture': {'large': 'https://randomuser.me/api/portraits/men/91.jpg', 'medium': 'https://randomuser.me/api/portraits/med/men/91.jpg', 'thumbnail': 'https://randomuser.me/api/portraits/thumb/men/91.jpg'}, 'nat': 'NL'}], 'info': {'seed': 'a94fd96f7b5e3423', 'results': 1, 'page': 1, 'version': '1.4'}}</msg>
<arg>${json_data}</arg>
<doc>Logs the given message with the given level.</doc>
<status status="PASS" start="2024-08-08T06:22:28.243106" elapsed="0.000225"/>
</kw>
<kw name="Dictionary Should Contain Key" owner="Collections">
<arg>${json_data}</arg>
<arg>results</arg>
<doc>Fails if ``key`` is not found from ``dictionary``.</doc>
<status status="PASS" start="2024-08-08T06:22:28.243681" elapsed="0.000176"/>
</kw>
<kw name="Should Not Be Empty" owner="BuiltIn">
<msg time="2024-08-08T06:22:28.244173" level="INFO">Length is 2.</msg>
<arg>${json_data}</arg>
<doc>Verifies that the given item is not empty.</doc>
<status status="PASS" start="2024-08-08T06:22:28.244045" elapsed="0.000166"/>
</kw>
<kw name="Create List" owner="BuiltIn">
<msg time="2024-08-08T06:22:28.244664" level="INFO">${expected_keys} = ['gender', 'name', 'location', 'email', 'login']</msg>
<var>${expected_keys}</var>
<arg>gender</arg>
<arg>name</arg>
<arg>location</arg>
<arg>email</arg>
<arg>login</arg>
<doc>Returns a list containing given items.</doc>
<status status="PASS" start="2024-08-08T06:22:28.244511" elapsed="0.000177"/>
</kw>
<for flavor="IN">
<iter>
<kw name="Dictionary Should Contain Key" owner="Collections">
<arg>${json_data['results'][0]}</arg>
<arg>${key}</arg>
<doc>Fails if ``key`` is not found from ``dictionary``.</doc>
<status status="PASS" start="2024-08-08T06:22:28.245326" elapsed="0.000415"/>
</kw>
<kw name="Log" owner="BuiltIn">
<msg time="2024-08-08T06:22:28.246303" level="INFO">{'gender': 'male', 'name': {'title': 'Mr', 'first': 'Wesley', 'last': 'Van Elswijk'}, 'location': {'street': {'number': 8542, 'name': 'Jan Lelimanhof'}, 'city': 'Mheer', 'state': 'Friesland', 'country': 'Netherlands', 'postcode': '3497 BB', 'coordinates': {'latitude': '36.3281', 'longitude': '-73.2149'}, 'timezone': {'offset': '+4:00', 'description': 'Abu Dhabi, Muscat, Baku, Tbilisi'}}, 'email': 'wesley.vanelswijk@example.com', 'login': {'uuid': 'fd9dd834-d79e-4694-9b4b-93becde54b22', 'username': 'goldenpanda632', 'password': 'radio', 'salt': '1DM7yJrg', 'md5': 'c696cbe80519e3dcdb3799b7ad75848b', 'sha1': 'b3318f523bb9c20af6d48bdcaed60ed3b321766b', 'sha256': 'c873ab277c2b4ca43c2110fb89e2ffd6459fbc6958e2d19312f308f4649bc17a'}, 'dob': {'date': '1958-03-04T02:06:49.265Z', 'age': 66}, 'registered': {'date': '2017-04-19T12:54:01.544Z', 'age': 7}, 'phone': '(078) 9337116', 'cell': '(06) 35837851', 'id': {'name': 'BSN', 'value': '90780524'}, 'picture': {'large': 'https://randomuser.me/api/portraits/men/91.jpg', 'medium': 'https://randomuser.me/api/portraits/med/men/91.jpg', 'thumbnail': 'https://randomuser.me/api/portraits/thumb/men/91.jpg'}, 'nat': 'NL'}</msg>
<arg>${json_data['results'][0]}</arg>
<doc>Logs the given message with the given level.</doc>
<status status="PASS" start="2024-08-08T06:22:28.245938" elapsed="0.000414"/>
</kw>
<kw name="Log" owner="BuiltIn">
<msg time="2024-08-08T06:22:28.246781" level="INFO">gender</msg>
<arg>${key}</arg>
<doc>Logs the given message with the given level.</doc>
<status status="PASS" start="2024-08-08T06:22:28.246649" elapsed="0.000172"/>
</kw>
<var name="${key}">gender</var>
<status status="PASS" start="2024-08-08T06:22:28.245197" elapsed="0.001845"/>
</iter>
<iter>
<kw name="Dictionary Should Contain Key" owner="Collections">
<arg>${json_data['results'][0]}</arg>
<arg>${key}</arg>
<doc>Fails if ``key`` is not found from ``dictionary``.</doc>
<status status="PASS" start="2024-08-08T06:22:28.247353" elapsed="0.000408"/>
</kw>
<kw name="Log" owner="BuiltIn">
<msg time="2024-08-08T06:22:28.248297" level="INFO">{'gender': 'male', 'name': {'title': 'Mr', 'first': 'Wesley', 'last': 'Van Elswijk'}, 'location': {'street': {'number': 8542, 'name': 'Jan Lelimanhof'}, 'city': 'Mheer', 'state': 'Friesland', 'country': 'Netherlands', 'postcode': '3497 BB', 'coordinates': {'latitude': '36.3281', 'longitude': '-73.2149'}, 'timezone': {'offset': '+4:00', 'description': 'Abu Dhabi, Muscat, Baku, Tbilisi'}}, 'email': 'wesley.vanelswijk@example.com', 'login': {'uuid': 'fd9dd834-d79e-4694-9b4b-93becde54b22', 'username': 'goldenpanda632', 'password': 'radio', 'salt': '1DM7yJrg', 'md5': 'c696cbe80519e3dcdb3799b7ad75848b', 'sha1': 'b3318f523bb9c20af6d48bdcaed60ed3b321766b', 'sha256': 'c873ab277c2b4ca43c2110fb89e2ffd6459fbc6958e2d19312f308f4649bc17a'}, 'dob': {'date': '1958-03-04T02:06:49.265Z', 'age': 66}, 'registered': {'date': '2017-04-19T12:54:01.544Z', 'age': 7}, 'phone': '(078) 9337116', 'cell': '(06) 35837851', 'id': {'name': 'BSN', 'value': '90780524'}, 'picture': {'large': 'https://randomuser.me/api/portraits/men/91.jpg', 'medium': 'https://randomuser.me/api/portraits/med/men/91.jpg', 'thumbnail': 'https://randomuser.me/api/portraits/thumb/men/91.jpg'}, 'nat': 'NL'}</msg>
<arg>${json_data['results'][0]}</arg>
<doc>Logs the given message with the given level.</doc>
<status status="PASS" start="2024-08-08T06:22:28.247944" elapsed="0.000443"/>
</kw>
<kw name="Log" owner="BuiltIn">
<msg time="2024-08-08T06:22:28.248816" level="INFO">name</msg>
<arg>${key}</arg>
<doc>Logs the given message with the given level.</doc>
<status status="PASS" start="2024-08-08T06:22:28.248687" elapsed="0.000167"/>
</kw>
<var name="${key}">name</var>
<status status="PASS" start="2024-08-08T06:22:28.247233" elapsed="0.001840"/>
</iter>
<iter>
<kw name="Dictionary Should Contain Key" owner="Collections">
<arg>${json_data['results'][0]}</arg>
<arg>${key}</arg>
<doc>Fails if ``key`` is not found from ``dictionary``.</doc>
<status status="PASS" start="2024-08-08T06:22:28.249361" elapsed="0.000381"/>
</kw>
<kw name="Log" owner="BuiltIn">
<msg time="2024-08-08T06:22:28.250268" level="INFO">{'gender': 'male', 'name': {'title': 'Mr', 'first': 'Wesley', 'last': 'Van Elswijk'}, 'location': {'street': {'number': 8542, 'name': 'Jan Lelimanhof'}, 'city': 'Mheer', 'state': 'Friesland', 'country': 'Netherlands', 'postcode': '3497 BB', 'coordinates': {'latitude': '36.3281', 'longitude': '-73.2149'}, 'timezone': {'offset': '+4:00', 'description': 'Abu Dhabi, Muscat, Baku, Tbilisi'}}, 'email': 'wesley.vanelswijk@example.com', 'login': {'uuid': 'fd9dd834-d79e-4694-9b4b-93becde54b22', 'username': 'goldenpanda632', 'password': 'radio', 'salt': '1DM7yJrg', 'md5': 'c696cbe80519e3dcdb3799b7ad75848b', 'sha1': 'b3318f523bb9c20af6d48bdcaed60ed3b321766b', 'sha256': 'c873ab277c2b4ca43c2110fb89e2ffd6459fbc6958e2d19312f308f4649bc17a'}, 'dob': {'date': '1958-03-04T02:06:49.265Z', 'age': 66}, 'registered': {'date': '2017-04-19T12:54:01.544Z', 'age': 7}, 'phone': '(078) 9337116', 'cell': '(06) 35837851', 'id': {'name': 'BSN', 'value': '90780524'}, 'picture': {'large': 'https://randomuser.me/api/portraits/men/91.jpg', 'medium': 'https://randomuser.me/api/portraits/med/men/91.jpg', 'thumbnail': 'https://randomuser.me/api/portraits/thumb/men/91.jpg'}, 'nat': 'NL'}</msg>
<arg>${json_data['results'][0]}</arg>
<doc>Logs the given message with the given level.</doc>
<status status="PASS" start="2024-08-08T06:22:28.249923" elapsed="0.000393"/>
</kw>
<kw name="Log" owner="BuiltIn">
<msg time="2024-08-08T06:22:28.250751" level="INFO">location</msg>
<arg>${key}</arg>
<doc>Logs the given message with the given level.</doc>
<status status="PASS" start="2024-08-08T06:22:28.250621" elapsed="0.000166"/>
</kw>
<var name="${key}">location</var>
<status status="PASS" start="2024-08-08T06:22:28.249251" elapsed="0.001754"/>
</iter>
<iter>
<kw name="Dictionary Should Contain Key" owner="Collections">
<arg>${json_data['results'][0]}</arg>
<arg>${key}</arg>
<doc>Fails if ``key`` is not found from ``dictionary``.</doc>
<status status="PASS" start="2024-08-08T06:22:28.251282" elapsed="0.000426"/>
</kw>
<kw name="Log" owner="BuiltIn">
<msg time="2024-08-08T06:22:28.252385" level="INFO">{'gender': 'male', 'name': {'title': 'Mr', 'first': 'Wesley', 'last': 'Van Elswijk'}, 'location': {'street': {'number': 8542, 'name': 'Jan Lelimanhof'}, 'city': 'Mheer', 'state': 'Friesland', 'country': 'Netherlands', 'postcode': '3497 BB', 'coordinates': {'latitude': '36.3281', 'longitude': '-73.2149'}, 'timezone': {'offset': '+4:00', 'description': 'Abu Dhabi, Muscat, Baku, Tbilisi'}}, 'email': 'wesley.vanelswijk@example.com', 'login': {'uuid': 'fd9dd834-d79e-4694-9b4b-93becde54b22', 'username': 'goldenpanda632', 'password': 'radio', 'salt': '1DM7yJrg', 'md5': 'c696cbe80519e3dcdb3799b7ad75848b', 'sha1': 'b3318f523bb9c20af6d48bdcaed60ed3b321766b', 'sha256': 'c873ab277c2b4ca43c2110fb89e2ffd6459fbc6958e2d19312f308f4649bc17a'}, 'dob': {'date': '1958-03-04T02:06:49.265Z', 'age': 66}, 'registered': {'date': '2017-04-19T12:54:01.544Z', 'age': 7}, 'phone': '(078) 9337116', 'cell': '(06) 35837851', 'id': {'name': 'BSN', 'value': '90780524'}, 'picture': {'large': 'https://randomuser.me/api/portraits/men/91.jpg', 'medium': 'https://randomuser.me/api/portraits/med/men/91.jpg', 'thumbnail': 'https://randomuser.me/api/portraits/thumb/men/91.jpg'}, 'nat': 'NL'}</msg>
<arg>${json_data['results'][0]}</arg>
<doc>Logs the given message with the given level.</doc>
<status status="PASS" start="2024-08-08T06:22:28.252030" elapsed="0.000404"/>
</kw>
<kw name="Log" owner="BuiltIn">
<msg time="2024-08-08T06:22:28.252866" level="INFO">email</msg>
<arg>${key}</arg>
<doc>Logs the given message with the given level.</doc>
<status status="PASS" start="2024-08-08T06:22:28.252736" elapsed="0.000168"/>
</kw>
<var name="${key}">email</var>
<status status="PASS" start="2024-08-08T06:22:28.251176" elapsed="0.001951"/>
</iter>
<iter>
<kw name="Dictionary Should Contain Key" owner="Collections">
<arg>${json_data['results'][0]}</arg>
<arg>${key}</arg>
<doc>Fails if ``key`` is not found from ``dictionary``.</doc>
<status status="PASS" start="2024-08-08T06:22:28.253413" elapsed="0.000376"/>
</kw>
<kw name="Log" owner="BuiltIn">
<msg time="2024-08-08T06:22:28.254336" level="INFO">{'gender': 'male', 'name': {'title': 'Mr', 'first': 'Wesley', 'last': 'Van Elswijk'}, 'location': {'street': {'number': 8542, 'name': 'Jan Lelimanhof'}, 'city': 'Mheer', 'state': 'Friesland', 'country': 'Netherlands', 'postcode': '3497 BB', 'coordinates': {'latitude': '36.3281', 'longitude': '-73.2149'}, 'timezone': {'offset': '+4:00', 'description': 'Abu Dhabi, Muscat, Baku, Tbilisi'}}, 'email': 'wesley.vanelswijk@example.com', 'login': {'uuid': 'fd9dd834-d79e-4694-9b4b-93becde54b22', 'username': 'goldenpanda632', 'password': 'radio', 'salt': '1DM7yJrg', 'md5': 'c696cbe80519e3dcdb3799b7ad75848b', 'sha1': 'b3318f523bb9c20af6d48bdcaed60ed3b321766b', 'sha256': 'c873ab277c2b4ca43c2110fb89e2ffd6459fbc6958e2d19312f308f4649bc17a'}, 'dob': {'date': '1958-03-04T02:06:49.265Z', 'age': 66}, 'registered': {'date': '2017-04-19T12:54:01.544Z', 'age': 7}, 'phone': '(078) 9337116', 'cell': '(06) 35837851', 'id': {'name': 'BSN', 'value': '90780524'}, 'picture': {'large': 'https://randomuser.me/api/portraits/men/91.jpg', 'medium': 'https://randomuser.me/api/portraits/med/men/91.jpg', 'thumbnail': 'https://randomuser.me/api/portraits/thumb/men/91.jpg'}, 'nat': 'NL'}</msg>
<arg>${json_data['results'][0]}</arg>
<doc>Logs the given message with the given level.</doc>
<status status="PASS" start="2024-08-08T06:22:28.253976" elapsed="0.000408"/>
</kw>
<kw name="Log" owner="BuiltIn">
<msg time="2024-08-08T06:22:28.254809" level="INFO">login</msg>
<arg>${key}</arg>
<doc>Logs the given message with the given level.</doc>
<status status="PASS" start="2024-08-08T06:22:28.254680" elapsed="0.000166"/>
</kw>
<var name="${key}">login</var>
<status status="PASS" start="2024-08-08T06:22:28.253305" elapsed="0.001759"/>
</iter>
<var>${key}</var>
<value>@{expected_keys}</value>
<status status="PASS" start="2024-08-08T06:22:28.244971" elapsed="0.010216"/>
</for>
<kw name="Create List" owner="BuiltIn">
<msg time="2024-08-08T06:22:28.255519" level="INFO">${expected_keysTwo} = ['username', 'password']</msg>
<var>${expected_keysTwo}</var>
<arg>username</arg>
<arg>password</arg>
<doc>Returns a list containing given items.</doc>
<status status="PASS" start="2024-08-08T06:22:28.255383" elapsed="0.000213"/>
</kw>
<for flavor="IN">
<iter>
<kw name="Dictionary Should Contain Key" owner="Collections">
<arg>${json_data['results'][0]['login']}</arg>
<arg>${keyTwo}</arg>
<doc>Fails if ``key`` is not found from ``dictionary``.</doc>
<status status="PASS" start="2024-08-08T06:22:28.256120" elapsed="0.000393"/>
</kw>
<kw name="Dictionary Should Contain Key" owner="Collections">
<arg>${json_data['results'][0]['login']}</arg>
<arg>${keyTwo}</arg>
<doc>Fails if ``key`` is not found from ``dictionary``.</doc>
<status status="PASS" start="2024-08-08T06:22:28.256694" elapsed="0.000380"/>
</kw>
<kw name="Log" owner="BuiltIn">
<msg time="2024-08-08T06:22:28.257369" level="INFO">username</msg>
<arg>${keyTwo}</arg>
<doc>Logs the given message with the given level.</doc>
<status status="PASS" start="2024-08-08T06:22:28.257250" elapsed="0.000156"/>
</kw>
<var name="${keyTwo}">username</var>
<status status="PASS" start="2024-08-08T06:22:28.256011" elapsed="0.001615"/>
</iter>
<iter>
<kw name="Dictionary Should Contain Key" owner="Collections">
<arg>${json_data['results'][0]['login']}</arg>
<arg>${keyTwo}</arg>
<doc>Fails if ``key`` is not found from ``dictionary``.</doc>
<status status="PASS" start="2024-08-08T06:22:28.257907" elapsed="0.000391"/>
</kw>
<kw name="Dictionary Should Contain Key" owner="Collections">
<arg>${json_data['results'][0]['login']}</arg>
<arg>${keyTwo}</arg>
<doc>Fails if ``key`` is not found from ``dictionary``.</doc>
<status status="PASS" start="2024-08-08T06:22:28.258476" elapsed="0.000369"/>
</kw>
<kw name="Log" owner="BuiltIn">
<msg time="2024-08-08T06:22:28.259139" level="INFO">password</msg>
<arg>${keyTwo}</arg>
<doc>Logs the given message with the given level.</doc>
<status status="PASS" start="2024-08-08T06:22:28.259020" elapsed="0.000155"/>
</kw>
<var name="${keyTwo}">password</var>
<status status="PASS" start="2024-08-08T06:22:28.257800" elapsed="0.001594"/>
</iter>
<var>${keyTwo}</var>
<value>@{expected_keysTwo}</value>
<status status="PASS" start="2024-08-08T06:22:28.255858" elapsed="0.003659"/>
</for>
<status status="PASS" start="2024-08-08T06:22:27.856871" elapsed="0.402842"/>
</kw>
<doc>Testa a estrutura da resposta da API.</doc>
<tag>testeEstruturaResposta</tag>
<status status="PASS" start="2024-08-08T06:22:27.856201" elapsed="0.403686"/>
</test>
<test id="s1-s1-t4" name="Validar tipos de dados" line="28">
<kw name="Teste de Tipos de Dados" owner="random-user-service">
<kw name="GET On Session" owner="RequestsLibrary">
<msg time="2024-08-08T06:22:28.561522" level="INFO">GET Request : url=https://randomuser.me/api 
 path_url=/api 
 headers={'User-Agent': 'python-requests/2.32.3', 'Accept-Encoding': 'gzip, deflate', 'Accept': '*/*', 'Connection': 'keep-alive'} 
 body=None 
 </msg>
<msg time="2024-08-08T06:22:28.561631" level="INFO">GET Response : url=https://randomuser.me/api 
 status=200, reason=OK 
 headers={'Date': 'Thu, 08 Aug 2024 06:22:28 GMT', 'Content-Type': 'application/json; charset=utf-8', 'Transfer-Encoding': 'chunked', 'Connection': 'keep-alive', 'X-Powered-By': 'Express', 'Access-Control-Allow-Origin': '*', 'Cache-Control': 'no-cache', 'ETag': 'W/"493-5I6tY/NhZ1oSYgmcEBS4Mbvk69A"', 'Vary': 'Accept-Encoding', 'Content-Encoding': 'gzip', 'CF-Cache-Status': 'DYNAMIC', 'Report-To': '{"endpoints":[{"url":"https:\\/\\/a.nel.cloudflare.com\\/report\\/v4?s=Z09qexZb%2Fr7c9qxr27WzS6ElyNEH1%2BgBfV2hScj84hMnewhmBpTWZ0uGh08hN6HNJxTa3hkk87xr8DsbmHXCVStc18Qr89Dq6his3ipBaE0cYM73yzqqTGoboX1U0j0z"}],"group":"cf-nel","max_age":604800}', 'NEL': '{"success_fraction":0,"report_to":"cf-nel","max_age":604800}', 'Server': 'cloudflare', 'CF-RAY': '8afd6982ad816908-IAD', 'alt-svc': 'h3=":443"; ma=86400'} 
 body={"results":[{"gender":"female","name":{"title":"Ms","first":"Venla","last":"Sippola"},"location":{"street":{"number":538,"name":"Otavalankatu"},"city":"Kuopio","state":"Northern Ostrobothnia","country":"Finland","postcode":98503,"coordinates":{"latitude":"-23.3995","longitude":"101.5627"},"timezone":{"offset":"+9:30","description":"Adelaide, Darwin"}},"email":"venla.sippola@example.com","login":{"uuid":"fdbe0856-f9ba-4627-a776-6947e8dbdb27","username":"happygorilla637","password":"jerry1","salt":"MROziDyE","md5":"42f0c00cd20f6fa9fc90aeab97cb8975","sha1":"fe5e5b8a670957d2950fda9451f0f09448509806","sha256":"98f428303e79db8f2f110a8e76621ec08925f29409fc6656d188f72353adf243"},"dob":{"date":"1961-02-06T09:48:09.614Z","age":63},"registered":{"date":"2011-04-22T10:39:55.712Z","age":13},"phone":"06-878-714","cell":"048-502-45-28","id":{"name":"HETU","value":"NaNNA644undefined"},"picture":{"large":"https://randomuser.me/api/portraits/women/87.jpg","medium":"https://randomuser.me/api/portraits/med/women/87.jpg","thumbnail":"https://randomuser.me/api/portraits/thumb/women/87.jpg"},"nat":"FI"}],"info":{"seed":"c7f1f4a269f5a53a","results":1,"page":1,"version":"1.4"}} 
 </msg>
<msg time="2024-08-08T06:22:28.561730" level="INFO">/opt/hostedtoolcache/Python/3.12.4/x64/lib/python3.12/site-packages/urllib3/connectionpool.py:1099: InsecureRequestWarning: Unverified HTTPS request is being made to host 'randomuser.me'. Adding certificate verification is strongly advised. See: https://urllib3.readthedocs.io/en/latest/advanced-usage.html#tls-warnings
  warnings.warn(</msg>
<msg time="2024-08-08T06:22:28.561861" level="INFO">${response} = &lt;Response [200]&gt;</msg>
<var>${response}</var>
<arg>consultarAPI</arg>
<arg>/api</arg>
<doc>Sends a GET request on a previously created HTTP Session.</doc>
<status status="PASS" start="2024-08-08T06:22:28.262465" elapsed="0.299453"/>
</kw>
<kw name="Set Variable" owner="BuiltIn">
<msg time="2024-08-08T06:22:28.563162" level="INFO">${json_data} = {'results': [{'gender': 'female', 'name': {'title': 'Ms', 'first': 'Venla', 'last': 'Sippola'}, 'location': {'street': {'number': 538, 'name': 'Otavalankatu'}, 'city': 'Kuopio', 'state': 'Northern Ost...</msg>
<var>${json_data}</var>
<arg>${response.json()}</arg>
<doc>Returns the given values which can then be assigned to a variables.</doc>
<status status="PASS" start="2024-08-08T06:22:28.562498" elapsed="0.000703"/>
</kw>
<kw name="Log" owner="BuiltIn">
<msg time="2024-08-08T06:22:28.563783" level="INFO">{'results': [{'gender': 'female', 'name': {'title': 'Ms', 'first': 'Venla', 'last': 'Sippola'}, 'location': {'street': {'number': 538, 'name': 'Otavalankatu'}, 'city': 'Kuopio', 'state': 'Northern Ostrobothnia', 'country': 'Finland', 'postcode': 98503, 'coordinates': {'latitude': '-23.3995', 'longitude': '101.5627'}, 'timezone': {'offset': '+9:30', 'description': 'Adelaide, Darwin'}}, 'email': 'venla.sippola@example.com', 'login': {'uuid': 'fdbe0856-f9ba-4627-a776-6947e8dbdb27', 'username': 'happygorilla637', 'password': 'jerry1', 'salt': 'MROziDyE', 'md5': '42f0c00cd20f6fa9fc90aeab97cb8975', 'sha1': 'fe5e5b8a670957d2950fda9451f0f09448509806', 'sha256': '98f428303e79db8f2f110a8e76621ec08925f29409fc6656d188f72353adf243'}, 'dob': {'date': '1961-02-06T09:48:09.614Z', 'age': 63}, 'registered': {'date': '2011-04-22T10:39:55.712Z', 'age': 13}, 'phone': '06-878-714', 'cell': '048-502-45-28', 'id': {'name': 'HETU', 'value': 'NaNNA644undefined'}, 'picture': {'large': 'https://randomuser.me/api/portraits/women/87.jpg', 'medium': 'https://randomuser.me/api/portraits/med/women/87.jpg', 'thumbnail': 'https://randomuser.me/api/portraits/thumb/women/87.jpg'}, 'nat': 'FI'}], 'info': {'seed': 'c7f1f4a269f5a53a', 'results': 1, 'page': 1, 'version': '1.4'}}</msg>
<arg>${json_data}</arg>
<doc>Logs the given message with the given level.</doc>
<status status="PASS" start="2024-08-08T06:22:28.563551" elapsed="0.000291"/>
</kw>
<kw name="Should Be String" owner="String">
<arg>${json_data['results'][0]['gender']}</arg>
<doc>Fails if the given ``item`` is not a string.</doc>
<status status="PASS" start="2024-08-08T06:22:28.564171" elapsed="0.000439"/>
</kw>
<kw name="Should Match Regexp" owner="BuiltIn">
<arg>${json_data['results'][0]['email']}</arg>
<arg>^[a-zA-Z0-9._%+-]+@[a-zA-Z0-9.-]+\.[a-zA-Z]{2,}$</arg>
<doc>Fails if ``string`` does not match ``pattern`` as a regular expression.</doc>
<status status="PASS" start="2024-08-08T06:22:28.564837" elapsed="0.000647"/>
</kw>
<kw name="Should Match Regexp" owner="BuiltIn">
<arg>${json_data['results'][0]['dob']['date']}</arg>
<arg>\\d{4}-\\d{2}-\\d{2}T\\d{2}:\\d{2}:\\d{2}\\.\\d{3}Z</arg>
<doc>Fails if ``string`` does not match ``pattern`` as a regular expression.</doc>
<status status="PASS" start="2024-08-08T06:22:28.565691" elapsed="0.000675"/>
</kw>
<kw name="Should Match Regexp" owner="BuiltIn">
<arg>${json_data['results'][0]['registered']['date']}</arg>
<arg>\\d{4}-\\d{2}-\\d{2}T\\d{2}:\\d{2}:\\d{2}\\.\\d{3}Z</arg>
<doc>Fails if ``string`` does not match ``pattern`` as a regular expression.</doc>
<status status="PASS" start="2024-08-08T06:22:28.566572" elapsed="0.000413"/>
</kw>
<kw name="Should Match Regexp" owner="BuiltIn">
<arg>${json_data['results'][0]['picture']['large']}</arg>
<arg>^https?://.*\.(?:png|jpe?g|gif|bmp)$</arg>
<doc>Fails if ``string`` does not match ``pattern`` as a regular expression.</doc>
<status status="PASS" start="2024-08-08T06:22:28.567185" elapsed="0.000538"/>
</kw>
<kw name="Should Match Regexp" owner="BuiltIn">
<arg>${json_data['results'][0]['picture']['medium']}</arg>
<arg>^https?://.*\.(?:png|jpe?g|gif|bmp)$</arg>
<doc>Fails if ``string`` does not match ``pattern`` as a regular expression.</doc>
<status status="PASS" start="2024-08-08T06:22:28.567925" elapsed="0.000398"/>
</kw>
<kw name="Should Match Regexp" owner="BuiltIn">
<arg>${json_data['results'][0]['picture']['thumbnail']}</arg>
<arg>^https?://.*\.(?:png|jpe?g|gif|bmp)$</arg>
<doc>Fails if ``string`` does not match ``pattern`` as a regular expression.</doc>
<status status="PASS" start="2024-08-08T06:22:28.568509" elapsed="0.000363"/>
</kw>
<kw name="Log" owner="BuiltIn">
<msg time="2024-08-08T06:22:28.569389" level="INFO">{'large': 'https://randomuser.me/api/portraits/women/87.jpg', 'medium': 'https://randomuser.me/api/portraits/med/women/87.jpg', 'thumbnail': 'https://randomuser.me/api/portraits/thumb/women/87.jpg'}</msg>
<arg>${json_data['results'][0]['picture']}</arg>
<doc>Logs the given message with the given level.</doc>
<status status="PASS" start="2024-08-08T06:22:28.569053" elapsed="0.000379"/>
</kw>
<status status="PASS" start="2024-08-08T06:22:28.262227" elapsed="0.307465"/>
</kw>
<kw name="Teste de Tipos de Dados - Postcode" owner="random-user-service">
<kw name="GET On Session" owner="RequestsLibrary">
<msg time="2024-08-08T06:22:28.953292" level="INFO">GET Request : url=https://randomuser.me/api 
 path_url=/api 
 headers={'User-Agent': 'python-requests/2.32.3', 'Accept-Encoding': 'gzip, deflate', 'Accept': '*/*', 'Connection': 'keep-alive'} 
 body=None 
 </msg>
<msg time="2024-08-08T06:22:28.953405" level="INFO">GET Response : url=https://randomuser.me/api 
 status=200, reason=OK 
 headers={'Date': 'Thu, 08 Aug 2024 06:22:28 GMT', 'Content-Type': 'application/json; charset=utf-8', 'Transfer-Encoding': 'chunked', 'Connection': 'keep-alive', 'X-Powered-By': 'Express', 'Access-Control-Allow-Origin': '*', 'Cache-Control': 'no-cache', 'ETag': 'W/"473-2FGBc3q0DUukIdyGW3Agtz6769w"', 'Vary': 'Accept-Encoding', 'Content-Encoding': 'gzip', 'CF-Cache-Status': 'DYNAMIC', 'Report-To': '{"endpoints":[{"url":"https:\\/\\/a.nel.cloudflare.com\\/report\\/v4?s=BRTz3BUNJ7k7QAJ1M%2B2xLtEorXzTlRk488bdvNYnMqwWOYqOmFo%2BLftRkTOZnZ5YnzHGjoLOqNg3sFLZtdB0T0zsCrm9TUwc6Fwoa89Y5CGefEuS9Ixrk4PkBNFXkvwj"}],"group":"cf-nel","max_age":604800}', 'NEL': '{"success_fraction":0,"report_to":"cf-nel","max_age":604800}', 'Server': 'cloudflare', 'CF-RAY': '8afd69849eb16908-IAD', 'alt-svc': 'h3=":443"; ma=86400'} 
 body={"results":[{"gender":"male","name":{"title":"Mr","first":"Gorislav","last":"Chizhovich"},"location":{"street":{"number":8543,"name":"Poltv'yana"},"city":"Mironivka","state":"Vinnicka","country":"Ukraine","postcode":22972,"coordinates":{"latitude":"76.8526","longitude":"-36.2764"},"timezone":{"offset":"+5:45","description":"Kathmandu"}},"email":"gorislav.chizhovich@example.com","login":{"uuid":"4ebdb812-ca6f-451e-8de0-70e57a39bc72","username":"whitebear537","password":"strider","salt":"WPy8vf5r","md5":"f0dde94c68d129d58a65796a9046b5be","sha1":"77ba302ae0ffabffdaf045d536d75224fe4db7d9","sha256":"90277620aae42cdfafe5da4c56ddea18558018e2970eec0454e099f25ae048cd"},"dob":{"date":"1947-07-28T07:05:59.543Z","age":77},"registered":{"date":"2021-02-03T06:14:04.336Z","age":3},"phone":"(096) Q25-6841","cell":"(066) Y28-8989","id":{"name":"","value":null},"picture":{"large":"https://randomuser.me/api/portraits/men/35.jpg","medium":"https://randomuser.me/api/portraits/med/men/35.jpg","thumbnail":"https://randomuser.me/api/portraits/thumb/men/35.jpg"},"nat":"UA"}],"info":{"seed":"b0989fd5b733a8f3","results":1,"page":1,"version":"1.4"}} 
 </msg>
<msg time="2024-08-08T06:22:28.953499" level="INFO">/opt/hostedtoolcache/Python/3.12.4/x64/lib/python3.12/site-packages/urllib3/connectionpool.py:1099: InsecureRequestWarning: Unverified HTTPS request is being made to host 'randomuser.me'. Adding certificate verification is strongly advised. See: https://urllib3.readthedocs.io/en/latest/advanced-usage.html#tls-warnings
  warnings.warn(</msg>
<msg time="2024-08-08T06:22:28.953633" level="INFO">${response} = &lt;Response [200]&gt;</msg>
<var>${response}</var>
<arg>consultarAPI</arg>
<arg>/api</arg>
<doc>Sends a GET request on a previously created HTTP Session.</doc>
<status status="PASS" start="2024-08-08T06:22:28.570153" elapsed="0.383532"/>
</kw>
<kw name="Set Variable" owner="BuiltIn">
<msg time="2024-08-08T06:22:28.954854" level="INFO">${json_data} = {'results': [{'gender': 'male', 'name': {'title': 'Mr', 'first': 'Gorislav', 'last': 'Chizhovich'}, 'location': {'street': {'number': 8543, 'name': "Poltv'yana"}, 'city': 'Mironivka', 'state': 'Vinnic...</msg>
<var>${json_data}</var>
<arg>${response.json()}</arg>
<doc>Returns the given values which can then be assigned to a variables.</doc>
<status status="PASS" start="2024-08-08T06:22:28.954258" elapsed="0.000629"/>
</kw>
<kw name="Log" owner="BuiltIn">
<msg time="2024-08-08T06:22:28.955374" level="INFO">{'results': [{'gender': 'male', 'name': {'title': 'Mr', 'first': 'Gorislav', 'last': 'Chizhovich'}, 'location': {'street': {'number': 8543, 'name': "Poltv'yana"}, 'city': 'Mironivka', 'state': 'Vinnicka', 'country': 'Ukraine', 'postcode': 22972, 'coordinates': {'latitude': '76.8526', 'longitude': '-36.2764'}, 'timezone': {'offset': '+5:45', 'description': 'Kathmandu'}}, 'email': 'gorislav.chizhovich@example.com', 'login': {'uuid': '4ebdb812-ca6f-451e-8de0-70e57a39bc72', 'username': 'whitebear537', 'password': 'strider', 'salt': 'WPy8vf5r', 'md5': 'f0dde94c68d129d58a65796a9046b5be', 'sha1': '77ba302ae0ffabffdaf045d536d75224fe4db7d9', 'sha256': '90277620aae42cdfafe5da4c56ddea18558018e2970eec0454e099f25ae048cd'}, 'dob': {'date': '1947-07-28T07:05:59.543Z', 'age': 77}, 'registered': {'date': '2021-02-03T06:14:04.336Z', 'age': 3}, 'phone': '(096) Q25-6841', 'cell': '(066) Y28-8989', 'id': {'name': '', 'value': None}, 'picture': {'large': 'https://randomuser.me/api/portraits/men/35.jpg', 'medium': 'https://randomuser.me/api/portraits/med/men/35.jpg', 'thumbnail': 'https://randomuser.me/api/portraits/thumb/men/35.jpg'}, 'nat': 'UA'}], 'info': {'seed': 'b0989fd5b733a8f3', 'results': 1, 'page': 1, 'version': '1.4'}}</msg>
<arg>${json_data}</arg>
<doc>Logs the given message with the given level.</doc>
<status status="PASS" start="2024-08-08T06:22:28.955215" elapsed="0.000210"/>
</kw>
<kw name="Should Be Equal As Numbers" owner="BuiltIn">
<arg>${json_data['results'][0]['location']['postcode']}</arg>
<arg>${json_data['results'][0]['location']['postcode']}</arg>
<doc>Fails if objects are unequal after converting them to real numbers.</doc>
<status status="PASS" start="2024-08-08T06:22:28.955781" elapsed="0.000676"/>
</kw>
<kw name="Log" owner="BuiltIn">
<msg time="2024-08-08T06:22:28.957000" level="INFO">22972</msg>
<arg>${json_data['results'][0]['location']['postcode']}</arg>
<doc>Logs the given message with the given level.</doc>
<status status="PASS" start="2024-08-08T06:22:28.956648" elapsed="0.000392"/>
</kw>
<status status="PASS" start="2024-08-08T06:22:28.569924" elapsed="0.387403"/>
</kw>
<doc>Testa se os tipos de dados na resposta da API estão corretos.</doc>
<tag>testeTiposDados</tag>
<status status="PASS" start="2024-08-08T06:22:28.261728" elapsed="0.695777"/>
</test>
<test id="s1-s1-t5" name="Validar conteudo" line="35">
<kw name="Teste de Tipos de Conteudo" owner="random-user-service">
<kw name="GET On Session" owner="RequestsLibrary">
<msg time="2024-08-08T06:22:29.340777" level="INFO">GET Request : url=https://randomuser.me/api 
 path_url=/api 
 headers={'User-Agent': 'python-requests/2.32.3', 'Accept-Encoding': 'gzip, deflate', 'Accept': '*/*', 'Connection': 'keep-alive'} 
 body=None 
 </msg>
<msg time="2024-08-08T06:22:29.340890" level="INFO">GET Response : url=https://randomuser.me/api 
 status=200, reason=OK 
 headers={'Date': 'Thu, 08 Aug 2024 06:22:29 GMT', 'Content-Type': 'application/json; charset=utf-8', 'Transfer-Encoding': 'chunked', 'Connection': 'keep-alive', 'X-Powered-By': 'Express', 'Access-Control-Allow-Origin': '*', 'Cache-Control': 'no-cache', 'ETag': 'W/"487-jFuP3msCuBfWTmvmnEXZR8CJlQA"', 'Vary': 'Accept-Encoding', 'Content-Encoding': 'gzip', 'CF-Cache-Status': 'DYNAMIC', 'Report-To': '{"endpoints":[{"url":"https:\\/\\/a.nel.cloudflare.com\\/report\\/v4?s=%2B%2FOv%2Fy5SFaOHIiT6k4oVDqA6aob2NqOEuSz%2Fhg5DOjM1SX7r2NBpx5dRQhJscmxdFbDZXrp0qWRy7yRtf46wPfWzeoF4ZPn27rIBAM5iwh8mOaqpBNMjAUEbnaZ6Umq%2B"}],"group":"cf-nel","max_age":604800}', 'NEL': '{"success_fraction":0,"report_to":"cf-nel","max_age":604800}', 'Server': 'cloudflare', 'CF-RAY': '8afd69870ff86908-IAD', 'alt-svc': 'h3=":443"; ma=86400'} 
 body={"results":[{"gender":"male","name":{"title":"Mr","first":"James","last":"Walker"},"location":{"street":{"number":335,"name":"Avalon Drive"},"city":"Upper Hutt","state":"Gisborne","country":"New Zealand","postcode":77558,"coordinates":{"latitude":"50.9813","longitude":"-16.2217"},"timezone":{"offset":"+5:30","description":"Bombay, Calcutta, Madras, New Delhi"}},"email":"james.walker@example.com","login":{"uuid":"8cb00d3c-935e-4e43-8e78-bc95c4aaa5e3","username":"heavylion731","password":"trouble1","salt":"Kmv45smt","md5":"75204fc94d1b2c37ab9dbe32f031489f","sha1":"1d15dcb93d729ec5ff2ef53bc44eddbce9d74441","sha256":"fd36d22647c6c65a069e4a93759236677d9037c3c2de219402ee0b6fdda0c7e4"},"dob":{"date":"1989-04-20T16:00:53.725Z","age":35},"registered":{"date":"2014-04-20T15:29:18.358Z","age":10},"phone":"(726)-663-9202","cell":"(852)-857-2140","id":{"name":"","value":null},"picture":{"large":"https://randomuser.me/api/portraits/men/37.jpg","medium":"https://randomuser.me/api/portraits/med/men/37.jpg","thumbnail":"https://randomuser.me/api/portraits/thumb/men/37.jpg"},"nat":"NZ"}],"info":{"seed":"7dc6cafc97f297c0","results":1,"page":1,"version":"1.4"}} 
 </msg>
<msg time="2024-08-08T06:22:29.340969" level="INFO">/opt/hostedtoolcache/Python/3.12.4/x64/lib/python3.12/site-packages/urllib3/connectionpool.py:1099: InsecureRequestWarning: Unverified HTTPS request is being made to host 'randomuser.me'. Adding certificate verification is strongly advised. See: https://urllib3.readthedocs.io/en/latest/advanced-usage.html#tls-warnings
  warnings.warn(</msg>
<msg time="2024-08-08T06:22:29.341107" level="INFO">${response} = &lt;Response [200]&gt;</msg>
<var>${response}</var>
<arg>consultarAPI</arg>
<arg>/api</arg>
<doc>Sends a GET request on a previously created HTTP Session.</doc>
<status status="PASS" start="2024-08-08T06:22:28.960054" elapsed="0.381094"/>
</kw>
<kw name="Set Variable" owner="BuiltIn">
<msg time="2024-08-08T06:22:29.342283" level="INFO">${json_data} = {'results': [{'gender': 'male', 'name': {'title': 'Mr', 'first': 'James', 'last': 'Walker'}, 'location': {'street': {'number': 335, 'name': 'Avalon Drive'}, 'city': 'Upper Hutt', 'state': 'Gisborne', ...</msg>
<var>${json_data}</var>
<arg>${response.json()}</arg>
<doc>Returns the given values which can then be assigned to a variables.</doc>
<status status="PASS" start="2024-08-08T06:22:29.341714" elapsed="0.000599"/>
</kw>
<kw name="Set Variable" owner="BuiltIn">
<msg time="2024-08-08T06:22:29.343046" level="INFO">${name_title} = Mr</msg>
<var>${name_title}</var>
<arg>${json_data["results"][0]["name"]["title"]}</arg>
<doc>Returns the given values which can then be assigned to a variables.</doc>
<status status="PASS" start="2024-08-08T06:22:29.342621" elapsed="0.000452"/>
</kw>
<kw name="Create List" owner="BuiltIn">
<msg time="2024-08-08T06:22:29.343542" level="INFO">${allowed_titles} = ['Mr', 'Ms', 'Miss', 'Mrs', 'Madame', 'Monsieur']</msg>
<var>${allowed_titles}</var>
<arg>Mr</arg>
<arg>Ms</arg>
<arg>Miss</arg>
<arg>Mrs</arg>
<arg>Madame</arg>
<arg>Monsieur</arg>
<doc>Returns a list containing given items.</doc>
<status status="PASS" start="2024-08-08T06:22:29.343385" elapsed="0.000222"/>
</kw>
<kw name="List Should Contain Value" owner="Collections">
<arg>${allowed_titles}</arg>
<arg>${name_title}</arg>
<doc>Fails if the ``value`` is not found from ``list``.</doc>
<status status="PASS" start="2024-08-08T06:22:29.343945" elapsed="0.000185"/>
</kw>
<kw name="Set Variable" owner="BuiltIn">
<msg time="2024-08-08T06:22:29.344698" level="INFO">${name_country} = NZ</msg>
<var>${name_country}</var>
<arg>${json_data["results"][0]["nat"]}</arg>
<doc>Returns the given values which can then be assigned to a variables.</doc>
<status status="PASS" start="2024-08-08T06:22:29.344317" elapsed="0.000407"/>
</kw>
<kw name="Create List" owner="BuiltIn">
<msg time="2024-08-08T06:22:29.345681" level="INFO">${list_country} = ['AD', 'AE', 'AF', 'AG', 'AI', 'AL', 'AM', 'AO', 'AQ', 'AR', 'AS', 'AT', 'AU', 'AW', 'AX', 'AZ', 'BA', 'BB', 'BD', 'BE', 'BF', 'BG', 'BH', 'BI', 'BJ', 'BL', 'BM', 'BN', 'BO', 'BQ', 'BR', 'BS', 'BT', '...</msg>
<var>${list_country}</var>
<arg>AD</arg>
<arg>AE</arg>
<arg>AF</arg>
<arg>AG</arg>
<arg>AI</arg>
<arg>AL</arg>
<arg>AM</arg>
<arg>AO</arg>
<arg>AQ</arg>
<arg>AR</arg>
<arg>AS</arg>
<arg>AT</arg>
<arg>AU</arg>
<arg>AW</arg>
<arg>AX</arg>
<arg>AZ</arg>
<arg>BA</arg>
<arg>BB</arg>
<arg>BD</arg>
<arg>BE</arg>
<arg>BF</arg>
<arg>BG</arg>
<arg>BH</arg>
<arg>BI</arg>
<arg>BJ</arg>
<arg>BL</arg>
<arg>BM</arg>
<arg>BN</arg>
<arg>BO</arg>
<arg>BQ</arg>
<arg>BR</arg>
<arg>BS</arg>
<arg>BT</arg>
<arg>BV</arg>
<arg>BW</arg>
<arg>BY</arg>
<arg>BZ</arg>
<arg>CA</arg>
<arg>CC</arg>
<arg>CD</arg>
<arg>CF</arg>
<arg>CG</arg>
<arg>CH</arg>
<arg>CI</arg>
<arg>CK</arg>
<arg>CL</arg>
<arg>CM</arg>
<arg>CN</arg>
<arg>CO</arg>
<arg>CR</arg>
<arg>CU</arg>
<arg>CV</arg>
<arg>CW</arg>
<arg>CX</arg>
<arg>CY</arg>
<arg>CZ</arg>
<arg>DE</arg>
<arg>DJ</arg>
<arg>DK</arg>
<arg>DM</arg>
<arg>DO</arg>
<arg>DZ</arg>
<arg>EC</arg>
<arg>EE</arg>
<arg>EG</arg>
<arg>EH</arg>
<arg>ER</arg>
<arg>ES</arg>
<arg>ET</arg>
<arg>FI</arg>
<arg>FJ</arg>
<arg>FK</arg>
<arg>FM</arg>
<arg>FO</arg>
<arg>FR</arg>
<arg>GA</arg>
<arg>GB</arg>
<arg>GD</arg>
<arg>GE</arg>
<arg>GF</arg>
<arg>GG</arg>
<arg>GH</arg>
<arg>GI</arg>
<arg>GL</arg>
<arg>GM</arg>
<arg>GN</arg>
<arg>GP</arg>
<arg>GQ</arg>
<arg>GR</arg>
<arg>GS</arg>
<arg>GT</arg>
<arg>GU</arg>
<arg>GW</arg>
<arg>GY</arg>
<arg>HK</arg>
<arg>HM</arg>
<arg>HN</arg>
<arg>HR</arg>
<arg>HT</arg>
<arg>HU</arg>
<arg>ID</arg>
<arg>IE</arg>
<arg>IL</arg>
<arg>IM</arg>
<arg>IN</arg>
<arg>IO</arg>
<arg>IQ</arg>
<arg>IR</arg>
<arg>IS</arg>
<arg>IT</arg>
<arg>JE</arg>
<arg>JM</arg>
<arg>JO</arg>
<arg>JP</arg>
<arg>KE</arg>
<arg>KG</arg>
<arg>KH</arg>
<arg>KI</arg>
<arg>KM</arg>
<arg>KN</arg>
<arg>KP</arg>
<arg>KR</arg>
<arg>KW</arg>
<arg>KY</arg>
<arg>KZ</arg>
<arg>LA</arg>
<arg>LB</arg>
<arg>LC</arg>
<arg>LI</arg>
<arg>LK</arg>
<arg>LR</arg>
<arg>LS</arg>
<arg>LT</arg>
<arg>LU</arg>
<arg>LV</arg>
<arg>LY</arg>
<arg>MA</arg>
<arg>MC</arg>
<arg>MD</arg>
<arg>ME</arg>
<arg>MF</arg>
<arg>MG</arg>
<arg>MH</arg>
<arg>MK</arg>
<arg>ML</arg>
<arg>MM</arg>
<arg>MN</arg>
<arg>MO</arg>
<arg>MP</arg>
<arg>MQ</arg>
<arg>MR</arg>
<arg>MS</arg>
<arg>MT</arg>
<arg>MU</arg>
<arg>MV</arg>
<arg>MW</arg>
<arg>MX</arg>
<arg>MY</arg>
<arg>MZ</arg>
<arg>NA</arg>
<arg>NC</arg>
<arg>NE</arg>
<arg>NF</arg>
<arg>NG</arg>
<arg>NI</arg>
<arg>NL</arg>
<arg>NO</arg>
<arg>NP</arg>
<arg>NR</arg>
<arg>NU</arg>
<arg>NZ</arg>
<arg>OM</arg>
<arg>PA</arg>
<arg>PE</arg>
<arg>PF</arg>
<arg>PG</arg>
<arg>PH</arg>
<arg>PK</arg>
<arg>PL</arg>
<arg>PM</arg>
<arg>PN</arg>
<arg>PR</arg>
<arg>PS</arg>
<arg>PT</arg>
<arg>PW</arg>
<arg>PY</arg>
<arg>QA</arg>
<arg>RE</arg>
<arg>RO</arg>
<arg>RS</arg>
<arg>RU</arg>
<arg>RW</arg>
<arg>SA</arg>
<arg>SB</arg>
<arg>SC</arg>
<arg>SD</arg>
<arg>SE</arg>
<arg>SG</arg>
<arg>SH</arg>
<arg>SI</arg>
<arg>SJ</arg>
<arg>SK</arg>
<arg>SL</arg>
<arg>SM</arg>
<arg>SN</arg>
<arg>SO</arg>
<arg>SR</arg>
<arg>SS</arg>
<arg>ST</arg>
<arg>SV</arg>
<arg>SX</arg>
<arg>SY</arg>
<arg>SZ</arg>
<arg>TC</arg>
<arg>TD</arg>
<arg>TF</arg>
<arg>TG</arg>
<arg>TH</arg>
<arg>TJ</arg>
<arg>TK</arg>
<arg>TL</arg>
<arg>TM</arg>
<arg>TN</arg>
<arg>TO</arg>
<arg>TR</arg>
<arg>TT</arg>
<arg>TV</arg>
<arg>TW</arg>
<arg>TZ</arg>
<arg>UA</arg>
<arg>UG</arg>
<arg>UM</arg>
<arg>US</arg>
<arg>UY</arg>
<arg>UZ</arg>
<arg>VA</arg>
<arg>VC</arg>
<arg>VE</arg>
<arg>VG</arg>
<arg>VI</arg>
<arg>VN</arg>
<arg>VU</arg>
<arg>WF</arg>
<arg>WS</arg>
<arg>XK</arg>
<arg>YE</arg>
<arg>YT</arg>
<arg>ZA</arg>
<arg>ZM</arg>
<arg>ZW</arg>
<doc>Returns a list containing given items.</doc>
<status status="PASS" start="2024-08-08T06:22:29.345021" elapsed="0.000688"/>
</kw>
<kw name="List Should Contain Value" owner="Collections">
<arg>${list_country}</arg>
<arg>${name_country}</arg>
<doc>Fails if the ``value`` is not found from ``list``.</doc>
<status status="PASS" start="2024-08-08T06:22:29.346734" elapsed="0.000213"/>
</kw>
<kw name="Run Keyword If" owner="BuiltIn">
<kw name="Should Be True" owner="BuiltIn">
<arg>${True}</arg>
<doc>Fails if the given condition is not true.</doc>
<status status="PASS" start="2024-08-08T06:22:29.347945" elapsed="0.000143"/>
</kw>
<arg>${json_data["results"][0]["location"]["coordinates"]["latitude"]} &gt;= -90 and ${json_data["results"][0]["location"]["coordinates"]["latitude"]} &lt;= 90</arg>
<arg>Should Be True</arg>
<arg>${True}</arg>
<doc>Runs the given keyword with the given arguments, if ``condition`` is true.</doc>
<status status="PASS" start="2024-08-08T06:22:29.347152" elapsed="0.001060"/>
</kw>
<kw name="Run Keyword If" owner="BuiltIn">
<kw name="Should Be True" owner="BuiltIn">
<arg>${True}</arg>
<doc>Fails if the given condition is not true.</doc>
<status status="PASS" start="2024-08-08T06:22:29.349075" elapsed="0.000135"/>
</kw>
<arg>${json_data["results"][0]["location"]["coordinates"]["longitude"]} &gt;= -180 and ${json_data["results"][0]["location"]["coordinates"]["longitude"]} &lt;= 180</arg>
<arg>Should Be True</arg>
<arg>${True}</arg>
<doc>Runs the given keyword with the given arguments, if ``condition`` is true.</doc>
<status status="PASS" start="2024-08-08T06:22:29.348392" elapsed="0.000942"/>
</kw>
<status status="PASS" start="2024-08-08T06:22:28.959826" elapsed="0.389641"/>
</kw>
<doc>Testa o conteúdo específico dos campos retornados pela API.</doc>
<tag>testeConteudo</tag>
<status status="PASS" start="2024-08-08T06:22:28.959307" elapsed="0.390318"/>
</test>
<status status="PASS" start="2024-08-08T06:22:26.781645" elapsed="2.570013"/>
</suite>
<status status="PASS" start="2024-08-08T06:22:26.766791" elapsed="2.590367"/>
</suite>
<statistics>
<total>
<stat pass="5" fail="0" skip="0">All Tests</stat>
</total>
<tag>
<stat pass="1" fail="0" skip="0">testeConteudo</stat>
<stat pass="1" fail="0" skip="0">testeEstruturaResposta</stat>
<stat pass="1" fail="0" skip="0">testeRequisicaoBasica</stat>
<stat pass="1" fail="0" skip="0">testeTiposDados</stat>
</tag>
<suite>
<stat pass="5" fail="0" skip="0" id="s1" name="Tests">Tests</stat>
<stat pass="5" fail="0" skip="0" id="s1-s1" name="Random-User-Test">Tests.Random-User-Test</stat>
</suite>
</statistics>
<errors>
</errors>
</robot>
