<?xml version="1.0" encoding="UTF-8"?>
<robot generator="Robot 7.0.1 (Python 3.12.4 on linux)" generated="2024-06-21T09:15:42.490240" rpa="false" schemaversion="5">
<suite id="s1" name="Tests" source="/home/runner/work/ApiRandomUser/ApiRandomUser/RamdonUser/tests">
<suite id="s1-s1" name="Random-User-Test" source="/home/runner/work/ApiRandomUser/ApiRandomUser/RamdonUser/tests/random-user-test.robot">
<test id="s1-s1-t1" name="Conectar" line="13">
<kw name="Conectar API" owner="random-user-service">
<kw name="Create Session" owner="RequestsLibrary">
<msg time="2024-06-21T09:15:42.894996" level="INFO">Creating Session using : alias=consultarAPI, url=https://randomuser.me/, headers={},                     cookies={}, auth=None, timeout=None, proxies=None, verify=False,                     debug=0 </msg>
<arg>consultarAPI</arg>
<arg>${URL}</arg>
<doc>Create Session: create a HTTP session to a server</doc>
<status status="PASS" start="2024-06-21T09:15:42.894796" elapsed="0.000378"/>
</kw>
<status status="PASS" start="2024-06-21T09:15:42.893821" elapsed="0.001741"/>
</kw>
<status status="PASS" start="2024-06-21T09:15:42.893217" elapsed="0.002537"/>
</test>
<test id="s1-s1-t2" name="Validar retorno 200 e JSON Válido" line="16">
<kw name="Teste de Requisicao Basica" owner="random-user-service">
<kw name="GET On Session" owner="RequestsLibrary">
<msg time="2024-06-21T09:15:43.013691" level="INFO">GET Request : url=https://randomuser.me/api 
 path_url=/api 
 headers={'User-Agent': 'python-requests/2.32.3', 'Accept-Encoding': 'gzip, deflate', 'Accept': '*/*', 'Connection': 'keep-alive'} 
 body=None 
 </msg>
<msg time="2024-06-21T09:15:43.013827" level="INFO">GET Response : url=https://randomuser.me/api 
 status=200, reason=OK 
 headers={'Date': 'Fri, 21 Jun 2024 09:15:43 GMT', 'Content-Type': 'application/json; charset=utf-8', 'Transfer-Encoding': 'chunked', 'Connection': 'keep-alive', 'X-Powered-By': 'Express', 'Access-Control-Allow-Origin': '*', 'Cache-Control': 'no-cache', 'ETag': 'W/"48d-6lcKqzsVsnugEAXAP4SN/Vnce3I"', 'Vary': 'Accept-Encoding', 'Content-Encoding': 'gzip', 'CF-Cache-Status': 'DYNAMIC', 'Report-To': '{"endpoints":[{"url":"https:\\/\\/a.nel.cloudflare.com\\/report\\/v4?s=iGcZzq0%2FghUduS6mTRVlXO87nsFJEcKsaS0TywN%2F6ct9FSJ2QtuzNajdIOd5pSNLlVcJeA3tC%2BPilAsEYpFlaruWDsTqV0L07FsA3T81HHAw96VBZoPfd6dJumHonWo3"}],"group":"cf-nel","max_age":604800}', 'NEL': '{"success_fraction":0,"report_to":"cf-nel","max_age":604800}', 'Server': 'cloudflare', 'CF-RAY': '8972e549483022de-SJC', 'alt-svc': 'h3=":443"; ma=86400'} 
 body={"results":[{"gender":"female","name":{"title":"Mrs","first":"Aino","last":"Ketola"},"location":{"street":{"number":1884,"name":"Rautatienkatu"},"city":"Ypäjä","state":"Lapland","country":"Finland","postcode":26736,"coordinates":{"latitude":"-23.2102","longitude":"171.1169"},"timezone":{"offset":"-7:00","description":"Mountain Time (US &amp; Canada)"}},"email":"aino.ketola@example.com","login":{"uuid":"04933af4-2158-432a-8f3d-369661eb90bf","username":"tinyduck467","password":"captain","salt":"etIllMU8","md5":"1003687097cc5559edb65912e758c05a","sha1":"c48be03d9fe303dcfc9763a346f8bbb6c3a32e75","sha256":"027fe9b339a22863f036b997875167d462d4c6fe4bedd68a82889446f3e09329"},"dob":{"date":"1980-02-09T05:06:20.476Z","age":44},"registered":{"date":"2009-10-29T12:51:29.553Z","age":14},"phone":"02-875-079","cell":"044-064-63-28","id":{"name":"HETU","value":"NaNNA744undefined"},"picture":{"large":"https://randomuser.me/api/portraits/women/41.jpg","medium":"https://randomuser.me/api/portraits/med/women/41.jpg","thumbnail":"https://randomuser.me/api/portraits/thumb/women/41.jpg"},"nat":"FI"}],"info":{"seed":"caa254a5f1033d9a","results":1,"page":1,"version":"1.4"}} 
 </msg>
<msg time="2024-06-21T09:15:43.013909" level="INFO">/opt/hostedtoolcache/Python/3.12.4/x64/lib/python3.12/site-packages/urllib3/connectionpool.py:1099: InsecureRequestWarning: Unverified HTTPS request is being made to host 'randomuser.me'. Adding certificate verification is strongly advised. See: https://urllib3.readthedocs.io/en/latest/advanced-usage.html#tls-warnings
  warnings.warn(</msg>
<msg time="2024-06-21T09:15:43.014045" level="INFO">${response} = &lt;Response [200]&gt;</msg>
<var>${response}</var>
<arg>consultarAPI</arg>
<arg>/api</arg>
<doc>Sends a GET request on a previously created HTTP Session.</doc>
<status status="PASS" start="2024-06-21T09:15:42.898404" elapsed="0.115682"/>
</kw>
<kw name="Should Be Equal As Numbers" owner="BuiltIn">
<msg time="2024-06-21T09:15:43.015176" level="INFO">Argument types are:
&lt;class 'int'&gt;
&lt;class 'str'&gt;</msg>
<arg>${response.status_code}</arg>
<arg>200</arg>
<doc>Fails if objects are unequal after converting them to real numbers.</doc>
<status status="PASS" start="2024-06-21T09:15:43.014673" elapsed="0.000573"/>
</kw>
<kw name="Log" owner="BuiltIn">
<msg time="2024-06-21T09:15:43.016006" level="INFO">200</msg>
<arg>${response.status_code}</arg>
<doc>Logs the given message with the given level.</doc>
<status status="PASS" start="2024-06-21T09:15:43.015632" elapsed="0.000416"/>
</kw>
<kw name="Set Variable" owner="BuiltIn">
<msg time="2024-06-21T09:15:43.016794" level="INFO">${json_data} = {'results': [{'gender': 'female', 'name': {'title': 'Mrs', 'first': 'Aino', 'last': 'Ketola'}, 'location': {'street': {'number': 1884, 'name': 'Rautatienkatu'}, 'city': 'Ypäjä', 'state': 'Lapland', 'c...</msg>
<var>${json_data}</var>
<arg>${response.json()}</arg>
<doc>Returns the given values which can then be assigned to a variables.</doc>
<status status="PASS" start="2024-06-21T09:15:43.016353" elapsed="0.000470"/>
</kw>
<kw name="Dictionary Should Contain Key" owner="Collections">
<arg>${json_data}</arg>
<arg>results</arg>
<doc>Fails if ``key`` is not found from ``dictionary``.</doc>
<status status="PASS" start="2024-06-21T09:15:43.017138" elapsed="0.000163"/>
</kw>
<status status="PASS" start="2024-06-21T09:15:42.898159" elapsed="0.119287"/>
</kw>
<doc>Testa se a API responde corretamente e retorna um objeto JSON válido.</doc>
<tag>testeRequisicaoBasica</tag>
<status status="PASS" start="2024-06-21T09:15:42.897643" elapsed="0.119972"/>
</test>
<test id="s1-s1-t3" name="Validar estrutura de resposta" line="22">
<kw name="Teste de Estrutura de Resposta" owner="random-user-service">
<kw name="GET On Session" owner="RequestsLibrary">
<msg time="2024-06-21T09:15:43.118146" level="INFO">GET Request : url=https://randomuser.me/api 
 path_url=/api 
 headers={'User-Agent': 'python-requests/2.32.3', 'Accept-Encoding': 'gzip, deflate', 'Accept': '*/*', 'Connection': 'keep-alive'} 
 body=None 
 </msg>
<msg time="2024-06-21T09:15:43.118249" level="INFO">GET Response : url=https://randomuser.me/api 
 status=200, reason=OK 
 headers={'Date': 'Fri, 21 Jun 2024 09:15:43 GMT', 'Content-Type': 'application/json; charset=utf-8', 'Transfer-Encoding': 'chunked', 'Connection': 'keep-alive', 'X-Powered-By': 'Express', 'Access-Control-Allow-Origin': '*', 'Cache-Control': 'no-cache', 'ETag': 'W/"4b0-YTh0h0A0FpVp3jEZaTlKeMqZVto"', 'Vary': 'Accept-Encoding', 'Content-Encoding': 'gzip', 'CF-Cache-Status': 'DYNAMIC', 'Report-To': '{"endpoints":[{"url":"https:\\/\\/a.nel.cloudflare.com\\/report\\/v4?s=zC54u0h56QxL%2FpR3R3sY%2BIABxUo8QsRMRksTlSZ%2BlbwHs%2FsuY0mZvgSrQgbdKaV%2FPSntNgXaLO9K20QVd7kppABgbeSELwIMaQbdwF1ewnazu0%2BPGm7uEb9rj9tru%2FpR"}],"group":"cf-nel","max_age":604800}', 'NEL': '{"success_fraction":0,"report_to":"cf-nel","max_age":604800}', 'Server': 'cloudflare', 'CF-RAY': '8972e549e89d22de-SJC', 'alt-svc': 'h3=":443"; ma=86400'} 
 body={"results":[{"gender":"male","name":{"title":"Monsieur","first":"Dominik","last":"Lemoine"},"location":{"street":{"number":6617,"name":"Place de L'Abbé-Franz-Stock"},"city":"Zollikofen","state":"Valais","country":"Switzerland","postcode":4909,"coordinates":{"latitude":"-59.0657","longitude":"-2.0489"},"timezone":{"offset":"+1:00","description":"Brussels, Copenhagen, Madrid, Paris"}},"email":"dominik.lemoine@example.com","login":{"uuid":"387a3fd1-3091-4007-935d-a61f6e590860","username":"goldensnake677","password":"caught","salt":"ndKhbbEZ","md5":"1ad101fcac3212b0a64e1b8da9f8a1d3","sha1":"62e17210d8c6d80d48e9f2a492634a96bf663f8f","sha256":"f569ffcfac75aac4b28bfc96e4bdaf2ec358c6afc2cea543bfefd29872e1db23"},"dob":{"date":"1967-03-18T08:27:19.167Z","age":57},"registered":{"date":"2004-04-22T11:47:03.227Z","age":20},"phone":"079 350 53 02","cell":"078 100 74 05","id":{"name":"AVS","value":"756.2480.0673.45"},"picture":{"large":"https://randomuser.me/api/portraits/men/95.jpg","medium":"https://randomuser.me/api/portraits/med/men/95.jpg","thumbnail":"https://randomuser.me/api/portraits/thumb/men/95.jpg"},"nat":"CH"}],"info":{"seed":"5f560c3da62eebd6","results":1,"page":1,"version":"1.4"}} 
 </msg>
<msg time="2024-06-21T09:15:43.118392" level="INFO">/opt/hostedtoolcache/Python/3.12.4/x64/lib/python3.12/site-packages/urllib3/connectionpool.py:1099: InsecureRequestWarning: Unverified HTTPS request is being made to host 'randomuser.me'. Adding certificate verification is strongly advised. See: https://urllib3.readthedocs.io/en/latest/advanced-usage.html#tls-warnings
  warnings.warn(</msg>
<msg time="2024-06-21T09:15:43.118537" level="INFO">${response} = &lt;Response [200]&gt;</msg>
<var>${response}</var>
<arg>consultarAPI</arg>
<arg>/api</arg>
<doc>Sends a GET request on a previously created HTTP Session.</doc>
<status status="PASS" start="2024-06-21T09:15:43.020297" elapsed="0.098279"/>
</kw>
<kw name="Set Variable" owner="BuiltIn">
<msg time="2024-06-21T09:15:43.119844" level="INFO">${json_data} = {'results': [{'gender': 'male', 'name': {'title': 'Monsieur', 'first': 'Dominik', 'last': 'Lemoine'}, 'location': {'street': {'number': 6617, 'name': "Place de L'Abbé-Franz-Stock"}, 'city': 'Zollikofe...</msg>
<var>${json_data}</var>
<arg>${response.json()}</arg>
<doc>Returns the given values which can then be assigned to a variables.</doc>
<status status="PASS" start="2024-06-21T09:15:43.119212" elapsed="0.000662"/>
</kw>
<kw name="Log" owner="BuiltIn">
<msg time="2024-06-21T09:15:43.120358" level="INFO">{'results': [{'gender': 'male', 'name': {'title': 'Monsieur', 'first': 'Dominik', 'last': 'Lemoine'}, 'location': {'street': {'number': 6617, 'name': "Place de L'Abbé-Franz-Stock"}, 'city': 'Zollikofen', 'state': 'Valais', 'country': 'Switzerland', 'postcode': 4909, 'coordinates': {'latitude': '-59.0657', 'longitude': '-2.0489'}, 'timezone': {'offset': '+1:00', 'description': 'Brussels, Copenhagen, Madrid, Paris'}}, 'email': 'dominik.lemoine@example.com', 'login': {'uuid': '387a3fd1-3091-4007-935d-a61f6e590860', 'username': 'goldensnake677', 'password': 'caught', 'salt': 'ndKhbbEZ', 'md5': '1ad101fcac3212b0a64e1b8da9f8a1d3', 'sha1': '62e17210d8c6d80d48e9f2a492634a96bf663f8f', 'sha256': 'f569ffcfac75aac4b28bfc96e4bdaf2ec358c6afc2cea543bfefd29872e1db23'}, 'dob': {'date': '1967-03-18T08:27:19.167Z', 'age': 57}, 'registered': {'date': '2004-04-22T11:47:03.227Z', 'age': 20}, 'phone': '079 350 53 02', 'cell': '078 100 74 05', 'id': {'name': 'AVS', 'value': '756.2480.0673.45'}, 'picture': {'large': 'https://randomuser.me/api/portraits/men/95.jpg', 'medium': 'https://randomuser.me/api/portraits/med/men/95.jpg', 'thumbnail': 'https://randomuser.me/api/portraits/thumb/men/95.jpg'}, 'nat': 'CH'}], 'info': {'seed': '5f560c3da62eebd6', 'results': 1, 'page': 1, 'version': '1.4'}}</msg>
<arg>${json_data}</arg>
<doc>Logs the given message with the given level.</doc>
<status status="PASS" start="2024-06-21T09:15:43.120190" elapsed="0.000218"/>
</kw>
<kw name="Dictionary Should Contain Key" owner="Collections">
<arg>${json_data}</arg>
<arg>results</arg>
<doc>Fails if ``key`` is not found from ``dictionary``.</doc>
<status status="PASS" start="2024-06-21T09:15:43.120701" elapsed="0.000160"/>
</kw>
<kw name="Should Not Be Empty" owner="BuiltIn">
<msg time="2024-06-21T09:15:43.121165" level="INFO">Length is 2.</msg>
<arg>${json_data}</arg>
<doc>Verifies that the given item is not empty.</doc>
<status status="PASS" start="2024-06-21T09:15:43.121043" elapsed="0.000159"/>
</kw>
<kw name="Create List" owner="BuiltIn">
<msg time="2024-06-21T09:15:43.121802" level="INFO">${expected_keys} = ['gender', 'name', 'location', 'email', 'login']</msg>
<var>${expected_keys}</var>
<arg>gender</arg>
<arg>name</arg>
<arg>location</arg>
<arg>email</arg>
<arg>login</arg>
<doc>Returns a list containing given items.</doc>
<status status="PASS" start="2024-06-21T09:15:43.121493" elapsed="0.000334"/>
</kw>
<for flavor="IN">
<iter>
<kw name="Dictionary Should Contain Key" owner="Collections">
<arg>${json_data['results'][0]}</arg>
<arg>${key}</arg>
<doc>Fails if ``key`` is not found from ``dictionary``.</doc>
<status status="PASS" start="2024-06-21T09:15:43.122413" elapsed="0.000400"/>
</kw>
<kw name="Log" owner="BuiltIn">
<msg time="2024-06-21T09:15:43.123404" level="INFO">{'gender': 'male', 'name': {'title': 'Monsieur', 'first': 'Dominik', 'last': 'Lemoine'}, 'location': {'street': {'number': 6617, 'name': "Place de L'Abbé-Franz-Stock"}, 'city': 'Zollikofen', 'state': 'Valais', 'country': 'Switzerland', 'postcode': 4909, 'coordinates': {'latitude': '-59.0657', 'longitude': '-2.0489'}, 'timezone': {'offset': '+1:00', 'description': 'Brussels, Copenhagen, Madrid, Paris'}}, 'email': 'dominik.lemoine@example.com', 'login': {'uuid': '387a3fd1-3091-4007-935d-a61f6e590860', 'username': 'goldensnake677', 'password': 'caught', 'salt': 'ndKhbbEZ', 'md5': '1ad101fcac3212b0a64e1b8da9f8a1d3', 'sha1': '62e17210d8c6d80d48e9f2a492634a96bf663f8f', 'sha256': 'f569ffcfac75aac4b28bfc96e4bdaf2ec358c6afc2cea543bfefd29872e1db23'}, 'dob': {'date': '1967-03-18T08:27:19.167Z', 'age': 57}, 'registered': {'date': '2004-04-22T11:47:03.227Z', 'age': 20}, 'phone': '079 350 53 02', 'cell': '078 100 74 05', 'id': {'name': 'AVS', 'value': '756.2480.0673.45'}, 'picture': {'large': 'https://randomuser.me/api/portraits/men/95.jpg', 'medium': 'https://randomuser.me/api/portraits/med/men/95.jpg', 'thumbnail': 'https://randomuser.me/api/portraits/thumb/men/95.jpg'}, 'nat': 'CH'}</msg>
<arg>${json_data['results'][0]}</arg>
<doc>Logs the given message with the given level.</doc>
<status status="PASS" start="2024-06-21T09:15:43.122999" elapsed="0.000456"/>
</kw>
<kw name="Log" owner="BuiltIn">
<msg time="2024-06-21T09:15:43.123895" level="INFO">gender</msg>
<arg>${key}</arg>
<doc>Logs the given message with the given level.</doc>
<status status="PASS" start="2024-06-21T09:15:43.123765" elapsed="0.000168"/>
</kw>
<var name="${key}">gender</var>
<status status="PASS" start="2024-06-21T09:15:43.122288" elapsed="0.001860"/>
</iter>
<iter>
<kw name="Dictionary Should Contain Key" owner="Collections">
<arg>${json_data['results'][0]}</arg>
<arg>${key}</arg>
<doc>Fails if ``key`` is not found from ``dictionary``.</doc>
<status status="PASS" start="2024-06-21T09:15:43.124445" elapsed="0.000430"/>
</kw>
<kw name="Log" owner="BuiltIn">
<msg time="2024-06-21T09:15:43.125513" level="INFO">{'gender': 'male', 'name': {'title': 'Monsieur', 'first': 'Dominik', 'last': 'Lemoine'}, 'location': {'street': {'number': 6617, 'name': "Place de L'Abbé-Franz-Stock"}, 'city': 'Zollikofen', 'state': 'Valais', 'country': 'Switzerland', 'postcode': 4909, 'coordinates': {'latitude': '-59.0657', 'longitude': '-2.0489'}, 'timezone': {'offset': '+1:00', 'description': 'Brussels, Copenhagen, Madrid, Paris'}}, 'email': 'dominik.lemoine@example.com', 'login': {'uuid': '387a3fd1-3091-4007-935d-a61f6e590860', 'username': 'goldensnake677', 'password': 'caught', 'salt': 'ndKhbbEZ', 'md5': '1ad101fcac3212b0a64e1b8da9f8a1d3', 'sha1': '62e17210d8c6d80d48e9f2a492634a96bf663f8f', 'sha256': 'f569ffcfac75aac4b28bfc96e4bdaf2ec358c6afc2cea543bfefd29872e1db23'}, 'dob': {'date': '1967-03-18T08:27:19.167Z', 'age': 57}, 'registered': {'date': '2004-04-22T11:47:03.227Z', 'age': 20}, 'phone': '079 350 53 02', 'cell': '078 100 74 05', 'id': {'name': 'AVS', 'value': '756.2480.0673.45'}, 'picture': {'large': 'https://randomuser.me/api/portraits/men/95.jpg', 'medium': 'https://randomuser.me/api/portraits/med/men/95.jpg', 'thumbnail': 'https://randomuser.me/api/portraits/thumb/men/95.jpg'}, 'nat': 'CH'}</msg>
<arg>${json_data['results'][0]}</arg>
<doc>Logs the given message with the given level.</doc>
<status status="PASS" start="2024-06-21T09:15:43.125119" elapsed="0.000446"/>
</kw>
<kw name="Log" owner="BuiltIn">
<msg time="2024-06-21T09:15:43.126004" level="INFO">name</msg>
<arg>${key}</arg>
<doc>Logs the given message with the given level.</doc>
<status status="PASS" start="2024-06-21T09:15:43.125874" elapsed="0.000167"/>
</kw>
<var name="${key}">name</var>
<status status="PASS" start="2024-06-21T09:15:43.124334" elapsed="0.001924"/>
</iter>
<iter>
<kw name="Dictionary Should Contain Key" owner="Collections">
<arg>${json_data['results'][0]}</arg>
<arg>${key}</arg>
<doc>Fails if ``key`` is not found from ``dictionary``.</doc>
<status status="PASS" start="2024-06-21T09:15:43.126546" elapsed="0.000387"/>
</kw>
<kw name="Log" owner="BuiltIn">
<msg time="2024-06-21T09:15:43.127522" level="INFO">{'gender': 'male', 'name': {'title': 'Monsieur', 'first': 'Dominik', 'last': 'Lemoine'}, 'location': {'street': {'number': 6617, 'name': "Place de L'Abbé-Franz-Stock"}, 'city': 'Zollikofen', 'state': 'Valais', 'country': 'Switzerland', 'postcode': 4909, 'coordinates': {'latitude': '-59.0657', 'longitude': '-2.0489'}, 'timezone': {'offset': '+1:00', 'description': 'Brussels, Copenhagen, Madrid, Paris'}}, 'email': 'dominik.lemoine@example.com', 'login': {'uuid': '387a3fd1-3091-4007-935d-a61f6e590860', 'username': 'goldensnake677', 'password': 'caught', 'salt': 'ndKhbbEZ', 'md5': '1ad101fcac3212b0a64e1b8da9f8a1d3', 'sha1': '62e17210d8c6d80d48e9f2a492634a96bf663f8f', 'sha256': 'f569ffcfac75aac4b28bfc96e4bdaf2ec358c6afc2cea543bfefd29872e1db23'}, 'dob': {'date': '1967-03-18T08:27:19.167Z', 'age': 57}, 'registered': {'date': '2004-04-22T11:47:03.227Z', 'age': 20}, 'phone': '079 350 53 02', 'cell': '078 100 74 05', 'id': {'name': 'AVS', 'value': '756.2480.0673.45'}, 'picture': {'large': 'https://randomuser.me/api/portraits/men/95.jpg', 'medium': 'https://randomuser.me/api/portraits/med/men/95.jpg', 'thumbnail': 'https://randomuser.me/api/portraits/thumb/men/95.jpg'}, 'nat': 'CH'}</msg>
<arg>${json_data['results'][0]}</arg>
<doc>Logs the given message with the given level.</doc>
<status status="PASS" start="2024-06-21T09:15:43.127114" elapsed="0.000458"/>
</kw>
<kw name="Log" owner="BuiltIn">
<msg time="2024-06-21T09:15:43.127995" level="INFO">location</msg>
<arg>${key}</arg>
<doc>Logs the given message with the given level.</doc>
<status status="PASS" start="2024-06-21T09:15:43.127867" elapsed="0.000164"/>
</kw>
<var name="${key}">location</var>
<status status="PASS" start="2024-06-21T09:15:43.126439" elapsed="0.001808"/>
</iter>
<iter>
<kw name="Dictionary Should Contain Key" owner="Collections">
<arg>${json_data['results'][0]}</arg>
<arg>${key}</arg>
<doc>Fails if ``key`` is not found from ``dictionary``.</doc>
<status status="PASS" start="2024-06-21T09:15:43.128531" elapsed="0.000377"/>
</kw>
<kw name="Log" owner="BuiltIn">
<msg time="2024-06-21T09:15:43.129454" level="INFO">{'gender': 'male', 'name': {'title': 'Monsieur', 'first': 'Dominik', 'last': 'Lemoine'}, 'location': {'street': {'number': 6617, 'name': "Place de L'Abbé-Franz-Stock"}, 'city': 'Zollikofen', 'state': 'Valais', 'country': 'Switzerland', 'postcode': 4909, 'coordinates': {'latitude': '-59.0657', 'longitude': '-2.0489'}, 'timezone': {'offset': '+1:00', 'description': 'Brussels, Copenhagen, Madrid, Paris'}}, 'email': 'dominik.lemoine@example.com', 'login': {'uuid': '387a3fd1-3091-4007-935d-a61f6e590860', 'username': 'goldensnake677', 'password': 'caught', 'salt': 'ndKhbbEZ', 'md5': '1ad101fcac3212b0a64e1b8da9f8a1d3', 'sha1': '62e17210d8c6d80d48e9f2a492634a96bf663f8f', 'sha256': 'f569ffcfac75aac4b28bfc96e4bdaf2ec358c6afc2cea543bfefd29872e1db23'}, 'dob': {'date': '1967-03-18T08:27:19.167Z', 'age': 57}, 'registered': {'date': '2004-04-22T11:47:03.227Z', 'age': 20}, 'phone': '079 350 53 02', 'cell': '078 100 74 05', 'id': {'name': 'AVS', 'value': '756.2480.0673.45'}, 'picture': {'large': 'https://randomuser.me/api/portraits/men/95.jpg', 'medium': 'https://randomuser.me/api/portraits/med/men/95.jpg', 'thumbnail': 'https://randomuser.me/api/portraits/thumb/men/95.jpg'}, 'nat': 'CH'}</msg>
<arg>${json_data['results'][0]}</arg>
<doc>Logs the given message with the given level.</doc>
<status status="PASS" start="2024-06-21T09:15:43.129095" elapsed="0.000423"/>
</kw>
<kw name="Log" owner="BuiltIn">
<msg time="2024-06-21T09:15:43.129940" level="INFO">email</msg>
<arg>${key}</arg>
<doc>Logs the given message with the given level.</doc>
<status status="PASS" start="2024-06-21T09:15:43.129813" elapsed="0.000163"/>
</kw>
<var name="${key}">email</var>
<status status="PASS" start="2024-06-21T09:15:43.128424" elapsed="0.001768"/>
</iter>
<iter>
<kw name="Dictionary Should Contain Key" owner="Collections">
<arg>${json_data['results'][0]}</arg>
<arg>${key}</arg>
<doc>Fails if ``key`` is not found from ``dictionary``.</doc>
<status status="PASS" start="2024-06-21T09:15:43.130465" elapsed="0.000383"/>
</kw>
<kw name="Log" owner="BuiltIn">
<msg time="2024-06-21T09:15:43.131419" level="INFO">{'gender': 'male', 'name': {'title': 'Monsieur', 'first': 'Dominik', 'last': 'Lemoine'}, 'location': {'street': {'number': 6617, 'name': "Place de L'Abbé-Franz-Stock"}, 'city': 'Zollikofen', 'state': 'Valais', 'country': 'Switzerland', 'postcode': 4909, 'coordinates': {'latitude': '-59.0657', 'longitude': '-2.0489'}, 'timezone': {'offset': '+1:00', 'description': 'Brussels, Copenhagen, Madrid, Paris'}}, 'email': 'dominik.lemoine@example.com', 'login': {'uuid': '387a3fd1-3091-4007-935d-a61f6e590860', 'username': 'goldensnake677', 'password': 'caught', 'salt': 'ndKhbbEZ', 'md5': '1ad101fcac3212b0a64e1b8da9f8a1d3', 'sha1': '62e17210d8c6d80d48e9f2a492634a96bf663f8f', 'sha256': 'f569ffcfac75aac4b28bfc96e4bdaf2ec358c6afc2cea543bfefd29872e1db23'}, 'dob': {'date': '1967-03-18T08:27:19.167Z', 'age': 57}, 'registered': {'date': '2004-04-22T11:47:03.227Z', 'age': 20}, 'phone': '079 350 53 02', 'cell': '078 100 74 05', 'id': {'name': 'AVS', 'value': '756.2480.0673.45'}, 'picture': {'large': 'https://randomuser.me/api/portraits/men/95.jpg', 'medium': 'https://randomuser.me/api/portraits/med/men/95.jpg', 'thumbnail': 'https://randomuser.me/api/portraits/thumb/men/95.jpg'}, 'nat': 'CH'}</msg>
<arg>${json_data['results'][0]}</arg>
<doc>Logs the given message with the given level.</doc>
<status status="PASS" start="2024-06-21T09:15:43.131028" elapsed="0.000441"/>
</kw>
<kw name="Log" owner="BuiltIn">
<msg time="2024-06-21T09:15:43.131894" level="INFO">login</msg>
<arg>${key}</arg>
<doc>Logs the given message with the given level.</doc>
<status status="PASS" start="2024-06-21T09:15:43.131768" elapsed="0.000163"/>
</kw>
<var name="${key}">login</var>
<status status="PASS" start="2024-06-21T09:15:43.130359" elapsed="0.001783"/>
</iter>
<var>${key}</var>
<value>@{expected_keys}</value>
<status status="PASS" start="2024-06-21T09:15:43.122091" elapsed="0.010197"/>
</for>
<kw name="Create List" owner="BuiltIn">
<msg time="2024-06-21T09:15:43.132622" level="INFO">${expected_keysTwo} = ['username', 'password']</msg>
<var>${expected_keysTwo}</var>
<arg>username</arg>
<arg>password</arg>
<doc>Returns a list containing given items.</doc>
<status status="PASS" start="2024-06-21T09:15:43.132486" elapsed="0.000159"/>
</kw>
<for flavor="IN">
<iter>
<kw name="Dictionary Should Contain Key" owner="Collections">
<arg>${json_data['results'][0]['login']}</arg>
<arg>${keyTwo}</arg>
<doc>Fails if ``key`` is not found from ``dictionary``.</doc>
<status status="PASS" start="2024-06-21T09:15:43.133144" elapsed="0.000377"/>
</kw>
<kw name="Dictionary Should Contain Key" owner="Collections">
<arg>${json_data['results'][0]['login']}</arg>
<arg>${keyTwo}</arg>
<doc>Fails if ``key`` is not found from ``dictionary``.</doc>
<status status="PASS" start="2024-06-21T09:15:43.133704" elapsed="0.000374"/>
</kw>
<kw name="Log" owner="BuiltIn">
<msg time="2024-06-21T09:15:43.134375" level="INFO">username</msg>
<arg>${keyTwo}</arg>
<doc>Logs the given message with the given level.</doc>
<status status="PASS" start="2024-06-21T09:15:43.134253" elapsed="0.000160"/>
</kw>
<var name="${keyTwo}">username</var>
<status status="PASS" start="2024-06-21T09:15:43.133037" elapsed="0.001600"/>
</iter>
<iter>
<kw name="Dictionary Should Contain Key" owner="Collections">
<arg>${json_data['results'][0]['login']}</arg>
<arg>${keyTwo}</arg>
<doc>Fails if ``key`` is not found from ``dictionary``.</doc>
<status status="PASS" start="2024-06-21T09:15:43.134914" elapsed="0.000400"/>
</kw>
<kw name="Dictionary Should Contain Key" owner="Collections">
<arg>${json_data['results'][0]['login']}</arg>
<arg>${keyTwo}</arg>
<doc>Fails if ``key`` is not found from ``dictionary``.</doc>
<status status="PASS" start="2024-06-21T09:15:43.135508" elapsed="0.000375"/>
</kw>
<kw name="Log" owner="BuiltIn">
<msg time="2024-06-21T09:15:43.136174" level="INFO">password</msg>
<arg>${keyTwo}</arg>
<doc>Logs the given message with the given level.</doc>
<status status="PASS" start="2024-06-21T09:15:43.136056" elapsed="0.000155"/>
</kw>
<var name="${keyTwo}">password</var>
<status status="PASS" start="2024-06-21T09:15:43.134809" elapsed="0.001713"/>
</iter>
<var>${keyTwo}</var>
<value>@{expected_keysTwo}</value>
<status status="PASS" start="2024-06-21T09:15:43.132882" elapsed="0.003761"/>
</for>
<status status="PASS" start="2024-06-21T09:15:43.020064" elapsed="0.116719"/>
</kw>
<doc>Testa a estrutura da resposta da API.</doc>
<tag>testeEstruturaResposta</tag>
<status status="PASS" start="2024-06-21T09:15:43.019477" elapsed="0.117463"/>
</test>
<test id="s1-s1-t4" name="Validar tipos de dados" line="28">
<kw name="Teste de Tipos de Dados" owner="random-user-service">
<kw name="GET On Session" owner="RequestsLibrary">
<msg time="2024-06-21T09:15:43.224366" level="INFO">GET Request : url=https://randomuser.me/api 
 path_url=/api 
 headers={'User-Agent': 'python-requests/2.32.3', 'Accept-Encoding': 'gzip, deflate', 'Accept': '*/*', 'Connection': 'keep-alive'} 
 body=None 
 </msg>
<msg time="2024-06-21T09:15:43.224481" level="INFO">GET Response : url=https://randomuser.me/api 
 status=200, reason=OK 
 headers={'Date': 'Fri, 21 Jun 2024 09:15:43 GMT', 'Content-Type': 'application/json; charset=utf-8', 'Transfer-Encoding': 'chunked', 'Connection': 'keep-alive', 'X-Powered-By': 'Express', 'Access-Control-Allow-Origin': '*', 'Cache-Control': 'no-cache', 'ETag': 'W/"49e-kR6kT8pSHg0KTnt0K62pGKOwF14"', 'Vary': 'Accept-Encoding', 'Content-Encoding': 'gzip', 'CF-Cache-Status': 'DYNAMIC', 'Report-To': '{"endpoints":[{"url":"https:\\/\\/a.nel.cloudflare.com\\/report\\/v4?s=9YWUFs%2FB3G8XqljvkrRoTOtzDs9qNVKX0rE12q1Dfk3OcQxmnCWu3bEyAg41zLJ4hEoG5jeOrk6uXaILW34aZS26fgRkUKOS20zytIA3t2vonuZ%2BIZv4dFFSn%2FouL%2FY4"}],"group":"cf-nel","max_age":604800}', 'NEL': '{"success_fraction":0,"report_to":"cf-nel","max_age":604800}', 'Server': 'cloudflare', 'CF-RAY': '8972e54aa91d22de-SJC', 'alt-svc': 'h3=":443"; ma=86400'} 
 body={"results":[{"gender":"female","name":{"title":"Mrs","first":"Mar","last":"Campos"},"location":{"street":{"number":9139,"name":"Calle de Argumosa"},"city":"Guadalajara","state":"Castilla la Mancha","country":"Spain","postcode":26674,"coordinates":{"latitude":"-35.0177","longitude":"149.9487"},"timezone":{"offset":"+5:30","description":"Bombay, Calcutta, Madras, New Delhi"}},"email":"mar.campos@example.com","login":{"uuid":"918be554-20ee-43d4-99f8-5e06eb1775bc","username":"orangegoose928","password":"wrestle","salt":"c63oYrvL","md5":"eff28b6431559357b5ff263763601828","sha1":"de9dc0c62394b91ffdfb037609b7841010e609f7","sha256":"66a60e2498bcad142d81071347de2c1c6667a9329a66d1ae044d72f33971cf04"},"dob":{"date":"1945-09-20T12:33:20.988Z","age":78},"registered":{"date":"2010-09-09T21:15:40.139Z","age":13},"phone":"970-443-683","cell":"626-132-234","id":{"name":"DNI","value":"56909465-Y"},"picture":{"large":"https://randomuser.me/api/portraits/women/86.jpg","medium":"https://randomuser.me/api/portraits/med/women/86.jpg","thumbnail":"https://randomuser.me/api/portraits/thumb/women/86.jpg"},"nat":"ES"}],"info":{"seed":"413f85490c7b899d","results":1,"page":1,"version":"1.4"}} 
 </msg>
<msg time="2024-06-21T09:15:43.224564" level="INFO">/opt/hostedtoolcache/Python/3.12.4/x64/lib/python3.12/site-packages/urllib3/connectionpool.py:1099: InsecureRequestWarning: Unverified HTTPS request is being made to host 'randomuser.me'. Adding certificate verification is strongly advised. See: https://urllib3.readthedocs.io/en/latest/advanced-usage.html#tls-warnings
  warnings.warn(</msg>
<msg time="2024-06-21T09:15:43.224720" level="INFO">${response} = &lt;Response [200]&gt;</msg>
<var>${response}</var>
<arg>consultarAPI</arg>
<arg>/api</arg>
<doc>Sends a GET request on a previously created HTTP Session.</doc>
<status status="PASS" start="2024-06-21T09:15:43.139531" elapsed="0.085238"/>
</kw>
<kw name="Set Variable" owner="BuiltIn">
<msg time="2024-06-21T09:15:43.226093" level="INFO">${json_data} = {'results': [{'gender': 'female', 'name': {'title': 'Mrs', 'first': 'Mar', 'last': 'Campos'}, 'location': {'street': {'number': 9139, 'name': 'Calle de Argumosa'}, 'city': 'Guadalajara', 'state': 'Cas...</msg>
<var>${json_data}</var>
<arg>${response.json()}</arg>
<doc>Returns the given values which can then be assigned to a variables.</doc>
<status status="PASS" start="2024-06-21T09:15:43.225515" elapsed="0.000607"/>
</kw>
<kw name="Log" owner="BuiltIn">
<msg time="2024-06-21T09:15:43.226587" level="INFO">{'results': [{'gender': 'female', 'name': {'title': 'Mrs', 'first': 'Mar', 'last': 'Campos'}, 'location': {'street': {'number': 9139, 'name': 'Calle de Argumosa'}, 'city': 'Guadalajara', 'state': 'Castilla la Mancha', 'country': 'Spain', 'postcode': 26674, 'coordinates': {'latitude': '-35.0177', 'longitude': '149.9487'}, 'timezone': {'offset': '+5:30', 'description': 'Bombay, Calcutta, Madras, New Delhi'}}, 'email': 'mar.campos@example.com', 'login': {'uuid': '918be554-20ee-43d4-99f8-5e06eb1775bc', 'username': 'orangegoose928', 'password': 'wrestle', 'salt': 'c63oYrvL', 'md5': 'eff28b6431559357b5ff263763601828', 'sha1': 'de9dc0c62394b91ffdfb037609b7841010e609f7', 'sha256': '66a60e2498bcad142d81071347de2c1c6667a9329a66d1ae044d72f33971cf04'}, 'dob': {'date': '1945-09-20T12:33:20.988Z', 'age': 78}, 'registered': {'date': '2010-09-09T21:15:40.139Z', 'age': 13}, 'phone': '970-443-683', 'cell': '626-132-234', 'id': {'name': 'DNI', 'value': '56909465-Y'}, 'picture': {'large': 'https://randomuser.me/api/portraits/women/86.jpg', 'medium': 'https://randomuser.me/api/portraits/med/women/86.jpg', 'thumbnail': 'https://randomuser.me/api/portraits/thumb/women/86.jpg'}, 'nat': 'ES'}], 'info': {'seed': '413f85490c7b899d', 'results': 1, 'page': 1, 'version': '1.4'}}</msg>
<arg>${json_data}</arg>
<doc>Logs the given message with the given level.</doc>
<status status="PASS" start="2024-06-21T09:15:43.226430" elapsed="0.000204"/>
</kw>
<kw name="Should Be String" owner="String">
<arg>${json_data['results'][0]['gender']}</arg>
<doc>Fails if the given ``item`` is not a string.</doc>
<status status="PASS" start="2024-06-21T09:15:43.226960" elapsed="0.000404"/>
</kw>
<kw name="Should Match Regexp" owner="BuiltIn">
<arg>${json_data['results'][0]['email']}</arg>
<arg>^[a-zA-Z0-9._%+-]+@[a-zA-Z0-9.-]+\.[a-zA-Z]{2,}$</arg>
<doc>Fails if ``string`` does not match ``pattern`` as a regular expression.</doc>
<status status="PASS" start="2024-06-21T09:15:43.227565" elapsed="0.000530"/>
</kw>
<kw name="Should Match Regexp" owner="BuiltIn">
<arg>${json_data['results'][0]['dob']['date']}</arg>
<arg>\\d{4}-\\d{2}-\\d{2}T\\d{2}:\\d{2}:\\d{2}\\.\\d{3}Z</arg>
<doc>Fails if ``string`` does not match ``pattern`` as a regular expression.</doc>
<status status="PASS" start="2024-06-21T09:15:43.228291" elapsed="0.000477"/>
</kw>
<kw name="Should Match Regexp" owner="BuiltIn">
<arg>${json_data['results'][0]['registered']['date']}</arg>
<arg>\\d{4}-\\d{2}-\\d{2}T\\d{2}:\\d{2}:\\d{2}\\.\\d{3}Z</arg>
<doc>Fails if ``string`` does not match ``pattern`` as a regular expression.</doc>
<status status="PASS" start="2024-06-21T09:15:43.228958" elapsed="0.000363"/>
</kw>
<kw name="Should Match Regexp" owner="BuiltIn">
<arg>${json_data['results'][0]['picture']['large']}</arg>
<arg>^https?://.*\.(?:png|jpe?g|gif|bmp)$</arg>
<doc>Fails if ``string`` does not match ``pattern`` as a regular expression.</doc>
<status status="PASS" start="2024-06-21T09:15:43.229503" elapsed="0.000462"/>
</kw>
<kw name="Should Match Regexp" owner="BuiltIn">
<arg>${json_data['results'][0]['picture']['medium']}</arg>
<arg>^https?://.*\.(?:png|jpe?g|gif|bmp)$</arg>
<doc>Fails if ``string`` does not match ``pattern`` as a regular expression.</doc>
<status status="PASS" start="2024-06-21T09:15:43.230149" elapsed="0.000353"/>
</kw>
<kw name="Should Match Regexp" owner="BuiltIn">
<arg>${json_data['results'][0]['picture']['thumbnail']}</arg>
<arg>^https?://.*\.(?:png|jpe?g|gif|bmp)$</arg>
<doc>Fails if ``string`` does not match ``pattern`` as a regular expression.</doc>
<status status="PASS" start="2024-06-21T09:15:43.230679" elapsed="0.000343"/>
</kw>
<kw name="Log" owner="BuiltIn">
<msg time="2024-06-21T09:15:43.231558" level="INFO">{'large': 'https://randomuser.me/api/portraits/women/86.jpg', 'medium': 'https://randomuser.me/api/portraits/med/women/86.jpg', 'thumbnail': 'https://randomuser.me/api/portraits/thumb/women/86.jpg'}</msg>
<arg>${json_data['results'][0]['picture']}</arg>
<doc>Logs the given message with the given level.</doc>
<status status="PASS" start="2024-06-21T09:15:43.231199" elapsed="0.000402"/>
</kw>
<status status="PASS" start="2024-06-21T09:15:43.139270" elapsed="0.092590"/>
</kw>
<kw name="Teste de Tipos de Dados - Postcode" owner="random-user-service">
<kw name="GET On Session" owner="RequestsLibrary">
<msg time="2024-06-21T09:15:43.327147" level="INFO">GET Request : url=https://randomuser.me/api 
 path_url=/api 
 headers={'User-Agent': 'python-requests/2.32.3', 'Accept-Encoding': 'gzip, deflate', 'Accept': '*/*', 'Connection': 'keep-alive'} 
 body=None 
 </msg>
<msg time="2024-06-21T09:15:43.327230" level="INFO">GET Response : url=https://randomuser.me/api 
 status=200, reason=OK 
 headers={'Date': 'Fri, 21 Jun 2024 09:15:43 GMT', 'Content-Type': 'application/json; charset=utf-8', 'Transfer-Encoding': 'chunked', 'Connection': 'keep-alive', 'X-Powered-By': 'Express', 'Access-Control-Allow-Origin': '*', 'Cache-Control': 'no-cache', 'ETag': 'W/"483-PYfnD+/cuxVdfVd3N9C4PSvyXnQ"', 'Vary': 'Accept-Encoding', 'Content-Encoding': 'gzip', 'CF-Cache-Status': 'DYNAMIC', 'Report-To': '{"endpoints":[{"url":"https:\\/\\/a.nel.cloudflare.com\\/report\\/v4?s=ZH01kK5N87T1UtUR15RHMgHdwUJg1EexGxELwTGJ%2BrVAB6IiuMxYEFdPvlcdv1ISzKZpbQj4pj7M3tp7IxnJ9A1O3rzqX%2BScb7Zf%2BytN38b%2BR2kskkyfxhIL7n4S8p91"}],"group":"cf-nel","max_age":604800}', 'NEL': '{"success_fraction":0,"report_to":"cf-nel","max_age":604800}', 'Server': 'cloudflare', 'CF-RAY': '8972e54b398122de-SJC', 'alt-svc': 'h3=":443"; ma=86400'} 
 body={"results":[{"gender":"male","name":{"title":"Mr","first":"Jonás","last":"Balderas"},"location":{"street":{"number":4452,"name":"Circuito Mercado"},"city":"Españita","state":"Guerrero","country":"Mexico","postcode":13974,"coordinates":{"latitude":"29.4162","longitude":"-59.2996"},"timezone":{"offset":"-9:00","description":"Alaska"}},"email":"jonas.balderas@example.com","login":{"uuid":"81175460-4b11-4c03-98d3-0638b2e2e0d8","username":"ticklishelephant140","password":"lumina","salt":"qSffYalY","md5":"594b38d888604cf4ce571b4564e00a8c","sha1":"f29bd21dba86fee7e20474bd8e31b01a56634d3d","sha256":"87e7d2c521bd8663652108b17a0823a84450f347c576c7b2e785807bede221d3"},"dob":{"date":"1968-05-06T16:21:29.042Z","age":56},"registered":{"date":"2007-02-20T03:58:01.843Z","age":17},"phone":"(671) 819 0859","cell":"(633) 719 5397","id":{"name":"NSS","value":"25 91 87 6320 8"},"picture":{"large":"https://randomuser.me/api/portraits/men/51.jpg","medium":"https://randomuser.me/api/portraits/med/men/51.jpg","thumbnail":"https://randomuser.me/api/portraits/thumb/men/51.jpg"},"nat":"MX"}],"info":{"seed":"fdbf2551b8c2b399","results":1,"page":1,"version":"1.4"}} 
 </msg>
<msg time="2024-06-21T09:15:43.327317" level="INFO">/opt/hostedtoolcache/Python/3.12.4/x64/lib/python3.12/site-packages/urllib3/connectionpool.py:1099: InsecureRequestWarning: Unverified HTTPS request is being made to host 'randomuser.me'. Adding certificate verification is strongly advised. See: https://urllib3.readthedocs.io/en/latest/advanced-usage.html#tls-warnings
  warnings.warn(</msg>
<msg time="2024-06-21T09:15:43.327422" level="INFO">${response} = &lt;Response [200]&gt;</msg>
<var>${response}</var>
<arg>consultarAPI</arg>
<arg>/api</arg>
<doc>Sends a GET request on a previously created HTTP Session.</doc>
<status status="PASS" start="2024-06-21T09:15:43.232316" elapsed="0.095147"/>
</kw>
<kw name="Set Variable" owner="BuiltIn">
<msg time="2024-06-21T09:15:43.328556" level="INFO">${json_data} = {'results': [{'gender': 'male', 'name': {'title': 'Mr', 'first': 'Jonás', 'last': 'Balderas'}, 'location': {'street': {'number': 4452, 'name': 'Circuito Mercado'}, 'city': 'Españita', 'state': 'Guerre...</msg>
<var>${json_data}</var>
<arg>${response.json()}</arg>
<doc>Returns the given values which can then be assigned to a variables.</doc>
<status status="PASS" start="2024-06-21T09:15:43.327962" elapsed="0.000624"/>
</kw>
<kw name="Log" owner="BuiltIn">
<msg time="2024-06-21T09:15:43.329047" level="INFO">{'results': [{'gender': 'male', 'name': {'title': 'Mr', 'first': 'Jonás', 'last': 'Balderas'}, 'location': {'street': {'number': 4452, 'name': 'Circuito Mercado'}, 'city': 'Españita', 'state': 'Guerrero', 'country': 'Mexico', 'postcode': 13974, 'coordinates': {'latitude': '29.4162', 'longitude': '-59.2996'}, 'timezone': {'offset': '-9:00', 'description': 'Alaska'}}, 'email': 'jonas.balderas@example.com', 'login': {'uuid': '81175460-4b11-4c03-98d3-0638b2e2e0d8', 'username': 'ticklishelephant140', 'password': 'lumina', 'salt': 'qSffYalY', 'md5': '594b38d888604cf4ce571b4564e00a8c', 'sha1': 'f29bd21dba86fee7e20474bd8e31b01a56634d3d', 'sha256': '87e7d2c521bd8663652108b17a0823a84450f347c576c7b2e785807bede221d3'}, 'dob': {'date': '1968-05-06T16:21:29.042Z', 'age': 56}, 'registered': {'date': '2007-02-20T03:58:01.843Z', 'age': 17}, 'phone': '(671) 819 0859', 'cell': '(633) 719 5397', 'id': {'name': 'NSS', 'value': '25 91 87 6320 8'}, 'picture': {'large': 'https://randomuser.me/api/portraits/men/51.jpg', 'medium': 'https://randomuser.me/api/portraits/med/men/51.jpg', 'thumbnail': 'https://randomuser.me/api/portraits/thumb/men/51.jpg'}, 'nat': 'MX'}], 'info': {'seed': 'fdbf2551b8c2b399', 'results': 1, 'page': 1, 'version': '1.4'}}</msg>
<arg>${json_data}</arg>
<doc>Logs the given message with the given level.</doc>
<status status="PASS" start="2024-06-21T09:15:43.328890" elapsed="0.000205"/>
</kw>
<kw name="Should Be Equal As Numbers" owner="BuiltIn">
<arg>${json_data['results'][0]['location']['postcode']}</arg>
<arg>${json_data['results'][0]['location']['postcode']}</arg>
<doc>Fails if objects are unequal after converting them to real numbers.</doc>
<status status="PASS" start="2024-06-21T09:15:43.329406" elapsed="0.000624"/>
</kw>
<kw name="Log" owner="BuiltIn">
<msg time="2024-06-21T09:15:43.330813" level="INFO">13974</msg>
<arg>${json_data['results'][0]['location']['postcode']}</arg>
<doc>Logs the given message with the given level.</doc>
<status status="PASS" start="2024-06-21T09:15:43.330305" elapsed="0.000550"/>
</kw>
<status status="PASS" start="2024-06-21T09:15:43.232088" elapsed="0.099027"/>
</kw>
<doc>Testa se os tipos de dados na resposta da API estão corretos.</doc>
<tag>testeTiposDados</tag>
<status status="PASS" start="2024-06-21T09:15:43.138701" elapsed="0.192581"/>
</test>
<test id="s1-s1-t5" name="Validar conteudo" line="35">
<kw name="Teste de Tipos de Conteudo" owner="random-user-service">
<kw name="GET On Session" owner="RequestsLibrary">
<msg time="2024-06-21T09:15:43.424334" level="INFO">GET Request : url=https://randomuser.me/api 
 path_url=/api 
 headers={'User-Agent': 'python-requests/2.32.3', 'Accept-Encoding': 'gzip, deflate', 'Accept': '*/*', 'Connection': 'keep-alive'} 
 body=None 
 </msg>
<msg time="2024-06-21T09:15:43.424419" level="INFO">GET Response : url=https://randomuser.me/api 
 status=200, reason=OK 
 headers={'Date': 'Fri, 21 Jun 2024 09:15:43 GMT', 'Content-Type': 'application/json; charset=utf-8', 'Transfer-Encoding': 'chunked', 'Connection': 'keep-alive', 'X-Powered-By': 'Express', 'Access-Control-Allow-Origin': '*', 'Cache-Control': 'no-cache', 'ETag': 'W/"490-wct1EgNELyIKEfo9KocBu1lm4Cg"', 'Vary': 'Accept-Encoding', 'Content-Encoding': 'gzip', 'CF-Cache-Status': 'DYNAMIC', 'Report-To': '{"endpoints":[{"url":"https:\\/\\/a.nel.cloudflare.com\\/report\\/v4?s=xuzPsUI9lc7QPP6p%2F2ij6gl2CY6xrj6cYbVyQJOBvlztxLlvVd7VtslouvNYwizIVrrbNwLRqWvYGOi0o9VKPytHZqBM6LQHRPTS2CIMcfehO%2FI5OBhkZhq%2F8IVG8PA1"}],"group":"cf-nel","max_age":604800}', 'NEL': '{"success_fraction":0,"report_to":"cf-nel","max_age":604800}', 'Server': 'cloudflare', 'CF-RAY': '8972e54bd9f322de-SJC', 'alt-svc': 'h3=":443"; ma=86400'} 
 body={"results":[{"gender":"female","name":{"title":"Mrs","first":"Jasmine","last":"Thrane"},"location":{"street":{"number":6758,"name":"Herslebs gate"},"city":"Raudeberg","state":"Vest-Agder","country":"Norway","postcode":"7011","coordinates":{"latitude":"41.6596","longitude":"100.7094"},"timezone":{"offset":"+9:00","description":"Tokyo, Seoul, Osaka, Sapporo, Yakutsk"}},"email":"jasmine.thrane@example.com","login":{"uuid":"7d8ea59e-853d-46d1-a702-da00e99e6c4b","username":"blackswan714","password":"4711","salt":"wo1zZejB","md5":"d0f4bdecdde179345c22d763b9696bac","sha1":"f70c848bb336b8b5afdec68680f45d8665fb35b3","sha256":"2da5cae83dcde20598a2c22a95d64442cde42ca4c359bbdc96b43770e255479d"},"dob":{"date":"1944-12-29T07:38:29.372Z","age":79},"registered":{"date":"2002-10-04T21:09:35.276Z","age":21},"phone":"65848265","cell":"45061112","id":{"name":"FN","value":"29124406607"},"picture":{"large":"https://randomuser.me/api/portraits/women/89.jpg","medium":"https://randomuser.me/api/portraits/med/women/89.jpg","thumbnail":"https://randomuser.me/api/portraits/thumb/women/89.jpg"},"nat":"NO"}],"info":{"seed":"251cd3276527ea7c","results":1,"page":1,"version":"1.4"}} 
 </msg>
<msg time="2024-06-21T09:15:43.424486" level="INFO">/opt/hostedtoolcache/Python/3.12.4/x64/lib/python3.12/site-packages/urllib3/connectionpool.py:1099: InsecureRequestWarning: Unverified HTTPS request is being made to host 'randomuser.me'. Adding certificate verification is strongly advised. See: https://urllib3.readthedocs.io/en/latest/advanced-usage.html#tls-warnings
  warnings.warn(</msg>
<msg time="2024-06-21T09:15:43.424588" level="INFO">${response} = &lt;Response [200]&gt;</msg>
<var>${response}</var>
<arg>consultarAPI</arg>
<arg>/api</arg>
<doc>Sends a GET request on a previously created HTTP Session.</doc>
<status status="PASS" start="2024-06-21T09:15:43.333808" elapsed="0.090820"/>
</kw>
<kw name="Set Variable" owner="BuiltIn">
<msg time="2024-06-21T09:15:43.425666" level="INFO">${json_data} = {'results': [{'gender': 'female', 'name': {'title': 'Mrs', 'first': 'Jasmine', 'last': 'Thrane'}, 'location': {'street': {'number': 6758, 'name': 'Herslebs gate'}, 'city': 'Raudeberg', 'state': 'Vest-...</msg>
<var>${json_data}</var>
<arg>${response.json()}</arg>
<doc>Returns the given values which can then be assigned to a variables.</doc>
<status status="PASS" start="2024-06-21T09:15:43.425093" elapsed="0.000607"/>
</kw>
<kw name="Set Variable" owner="BuiltIn">
<msg time="2024-06-21T09:15:43.426390" level="INFO">${name_title} = Mrs</msg>
<var>${name_title}</var>
<arg>${json_data["results"][0]["name"]["title"]}</arg>
<doc>Returns the given values which can then be assigned to a variables.</doc>
<status status="PASS" start="2024-06-21T09:15:43.426004" elapsed="0.000412"/>
</kw>
<kw name="Create List" owner="BuiltIn">
<msg time="2024-06-21T09:15:43.426856" level="INFO">${allowed_titles} = ['Mr', 'Ms', 'Miss', 'Mrs', 'Madame', 'Monsieur']</msg>
<var>${allowed_titles}</var>
<arg>Mr</arg>
<arg>Ms</arg>
<arg>Miss</arg>
<arg>Mrs</arg>
<arg>Madame</arg>
<arg>Monsieur</arg>
<doc>Returns a list containing given items.</doc>
<status status="PASS" start="2024-06-21T09:15:43.426707" elapsed="0.000173"/>
</kw>
<kw name="List Should Contain Value" owner="Collections">
<arg>${allowed_titles}</arg>
<arg>${name_title}</arg>
<doc>Fails if the ``value`` is not found from ``list``.</doc>
<status status="PASS" start="2024-06-21T09:15:43.427184" elapsed="0.000213"/>
</kw>
<kw name="Set Variable" owner="BuiltIn">
<msg time="2024-06-21T09:15:43.427939" level="INFO">${name_country} = NO</msg>
<var>${name_country}</var>
<arg>${json_data["results"][0]["nat"]}</arg>
<doc>Returns the given values which can then be assigned to a variables.</doc>
<status status="PASS" start="2024-06-21T09:15:43.427574" elapsed="0.000390"/>
</kw>
<kw name="Create List" owner="BuiltIn">
<msg time="2024-06-21T09:15:43.428858" level="INFO">${list_country} = ['AD', 'AE', 'AF', 'AG', 'AI', 'AL', 'AM', 'AO', 'AQ', 'AR', 'AS', 'AT', 'AU', 'AW', 'AX', 'AZ', 'BA', 'BB', 'BD', 'BE', 'BF', 'BG', 'BH', 'BI', 'BJ', 'BL', 'BM', 'BN', 'BO', 'BQ', 'BR', 'BS', 'BT', '...</msg>
<var>${list_country}</var>
<arg>AD</arg>
<arg>AE</arg>
<arg>AF</arg>
<arg>AG</arg>
<arg>AI</arg>
<arg>AL</arg>
<arg>AM</arg>
<arg>AO</arg>
<arg>AQ</arg>
<arg>AR</arg>
<arg>AS</arg>
<arg>AT</arg>
<arg>AU</arg>
<arg>AW</arg>
<arg>AX</arg>
<arg>AZ</arg>
<arg>BA</arg>
<arg>BB</arg>
<arg>BD</arg>
<arg>BE</arg>
<arg>BF</arg>
<arg>BG</arg>
<arg>BH</arg>
<arg>BI</arg>
<arg>BJ</arg>
<arg>BL</arg>
<arg>BM</arg>
<arg>BN</arg>
<arg>BO</arg>
<arg>BQ</arg>
<arg>BR</arg>
<arg>BS</arg>
<arg>BT</arg>
<arg>BV</arg>
<arg>BW</arg>
<arg>BY</arg>
<arg>BZ</arg>
<arg>CA</arg>
<arg>CC</arg>
<arg>CD</arg>
<arg>CF</arg>
<arg>CG</arg>
<arg>CH</arg>
<arg>CI</arg>
<arg>CK</arg>
<arg>CL</arg>
<arg>CM</arg>
<arg>CN</arg>
<arg>CO</arg>
<arg>CR</arg>
<arg>CU</arg>
<arg>CV</arg>
<arg>CW</arg>
<arg>CX</arg>
<arg>CY</arg>
<arg>CZ</arg>
<arg>DE</arg>
<arg>DJ</arg>
<arg>DK</arg>
<arg>DM</arg>
<arg>DO</arg>
<arg>DZ</arg>
<arg>EC</arg>
<arg>EE</arg>
<arg>EG</arg>
<arg>EH</arg>
<arg>ER</arg>
<arg>ES</arg>
<arg>ET</arg>
<arg>FI</arg>
<arg>FJ</arg>
<arg>FK</arg>
<arg>FM</arg>
<arg>FO</arg>
<arg>FR</arg>
<arg>GA</arg>
<arg>GB</arg>
<arg>GD</arg>
<arg>GE</arg>
<arg>GF</arg>
<arg>GG</arg>
<arg>GH</arg>
<arg>GI</arg>
<arg>GL</arg>
<arg>GM</arg>
<arg>GN</arg>
<arg>GP</arg>
<arg>GQ</arg>
<arg>GR</arg>
<arg>GS</arg>
<arg>GT</arg>
<arg>GU</arg>
<arg>GW</arg>
<arg>GY</arg>
<arg>HK</arg>
<arg>HM</arg>
<arg>HN</arg>
<arg>HR</arg>
<arg>HT</arg>
<arg>HU</arg>
<arg>ID</arg>
<arg>IE</arg>
<arg>IL</arg>
<arg>IM</arg>
<arg>IN</arg>
<arg>IO</arg>
<arg>IQ</arg>
<arg>IR</arg>
<arg>IS</arg>
<arg>IT</arg>
<arg>JE</arg>
<arg>JM</arg>
<arg>JO</arg>
<arg>JP</arg>
<arg>KE</arg>
<arg>KG</arg>
<arg>KH</arg>
<arg>KI</arg>
<arg>KM</arg>
<arg>KN</arg>
<arg>KP</arg>
<arg>KR</arg>
<arg>KW</arg>
<arg>KY</arg>
<arg>KZ</arg>
<arg>LA</arg>
<arg>LB</arg>
<arg>LC</arg>
<arg>LI</arg>
<arg>LK</arg>
<arg>LR</arg>
<arg>LS</arg>
<arg>LT</arg>
<arg>LU</arg>
<arg>LV</arg>
<arg>LY</arg>
<arg>MA</arg>
<arg>MC</arg>
<arg>MD</arg>
<arg>ME</arg>
<arg>MF</arg>
<arg>MG</arg>
<arg>MH</arg>
<arg>MK</arg>
<arg>ML</arg>
<arg>MM</arg>
<arg>MN</arg>
<arg>MO</arg>
<arg>MP</arg>
<arg>MQ</arg>
<arg>MR</arg>
<arg>MS</arg>
<arg>MT</arg>
<arg>MU</arg>
<arg>MV</arg>
<arg>MW</arg>
<arg>MX</arg>
<arg>MY</arg>
<arg>MZ</arg>
<arg>NA</arg>
<arg>NC</arg>
<arg>NE</arg>
<arg>NF</arg>
<arg>NG</arg>
<arg>NI</arg>
<arg>NL</arg>
<arg>NO</arg>
<arg>NP</arg>
<arg>NR</arg>
<arg>NU</arg>
<arg>NZ</arg>
<arg>OM</arg>
<arg>PA</arg>
<arg>PE</arg>
<arg>PF</arg>
<arg>PG</arg>
<arg>PH</arg>
<arg>PK</arg>
<arg>PL</arg>
<arg>PM</arg>
<arg>PN</arg>
<arg>PR</arg>
<arg>PS</arg>
<arg>PT</arg>
<arg>PW</arg>
<arg>PY</arg>
<arg>QA</arg>
<arg>RE</arg>
<arg>RO</arg>
<arg>RS</arg>
<arg>RU</arg>
<arg>RW</arg>
<arg>SA</arg>
<arg>SB</arg>
<arg>SC</arg>
<arg>SD</arg>
<arg>SE</arg>
<arg>SG</arg>
<arg>SH</arg>
<arg>SI</arg>
<arg>SJ</arg>
<arg>SK</arg>
<arg>SL</arg>
<arg>SM</arg>
<arg>SN</arg>
<arg>SO</arg>
<arg>SR</arg>
<arg>SS</arg>
<arg>ST</arg>
<arg>SV</arg>
<arg>SX</arg>
<arg>SY</arg>
<arg>SZ</arg>
<arg>TC</arg>
<arg>TD</arg>
<arg>TF</arg>
<arg>TG</arg>
<arg>TH</arg>
<arg>TJ</arg>
<arg>TK</arg>
<arg>TL</arg>
<arg>TM</arg>
<arg>TN</arg>
<arg>TO</arg>
<arg>TR</arg>
<arg>TT</arg>
<arg>TV</arg>
<arg>TW</arg>
<arg>TZ</arg>
<arg>UA</arg>
<arg>UG</arg>
<arg>UM</arg>
<arg>US</arg>
<arg>UY</arg>
<arg>UZ</arg>
<arg>VA</arg>
<arg>VC</arg>
<arg>VE</arg>
<arg>VG</arg>
<arg>VI</arg>
<arg>VN</arg>
<arg>VU</arg>
<arg>WF</arg>
<arg>WS</arg>
<arg>XK</arg>
<arg>YE</arg>
<arg>YT</arg>
<arg>ZA</arg>
<arg>ZM</arg>
<arg>ZW</arg>
<doc>Returns a list containing given items.</doc>
<status status="PASS" start="2024-06-21T09:15:43.428252" elapsed="0.000632"/>
</kw>
<kw name="List Should Contain Value" owner="Collections">
<arg>${list_country}</arg>
<arg>${name_country}</arg>
<doc>Fails if the ``value`` is not found from ``list``.</doc>
<status status="PASS" start="2024-06-21T09:15:43.429671" elapsed="0.000200"/>
</kw>
<kw name="Run Keyword If" owner="BuiltIn">
<kw name="Should Be True" owner="BuiltIn">
<arg>${True}</arg>
<doc>Fails if the given condition is not true.</doc>
<status status="PASS" start="2024-06-21T09:15:43.430801" elapsed="0.000138"/>
</kw>
<arg>${json_data["results"][0]["location"]["coordinates"]["latitude"]} &gt;= -90 and ${json_data["results"][0]["location"]["coordinates"]["latitude"]} &lt;= 90</arg>
<arg>Should Be True</arg>
<arg>${True}</arg>
<doc>Runs the given keyword with the given arguments, if ``condition`` is true.</doc>
<status status="PASS" start="2024-06-21T09:15:43.430069" elapsed="0.000993"/>
</kw>
<kw name="Run Keyword If" owner="BuiltIn">
<kw name="Should Be True" owner="BuiltIn">
<arg>${True}</arg>
<doc>Fails if the given condition is not true.</doc>
<status status="PASS" start="2024-06-21T09:15:43.431954" elapsed="0.000229"/>
</kw>
<arg>${json_data["results"][0]["location"]["coordinates"]["longitude"]} &gt;= -180 and ${json_data["results"][0]["location"]["coordinates"]["longitude"]} &lt;= 180</arg>
<arg>Should Be True</arg>
<arg>${True}</arg>
<doc>Runs the given keyword with the given arguments, if ``condition`` is true.</doc>
<status status="PASS" start="2024-06-21T09:15:43.431241" elapsed="0.001068"/>
</kw>
<status status="PASS" start="2024-06-21T09:15:43.333591" elapsed="0.098849"/>
</kw>
<doc>Testa o conteúdo específico dos campos retornados pela API.</doc>
<tag>testeConteudo</tag>
<status status="PASS" start="2024-06-21T09:15:43.333076" elapsed="0.099507"/>
</test>
<status status="PASS" start="2024-06-21T09:15:42.548581" elapsed="0.885953"/>
</suite>
<status status="PASS" start="2024-06-21T09:15:42.534330" elapsed="0.905332"/>
</suite>
<statistics>
<total>
<stat pass="5" fail="0" skip="0">All Tests</stat>
</total>
<tag>
<stat pass="1" fail="0" skip="0">testeConteudo</stat>
<stat pass="1" fail="0" skip="0">testeEstruturaResposta</stat>
<stat pass="1" fail="0" skip="0">testeRequisicaoBasica</stat>
<stat pass="1" fail="0" skip="0">testeTiposDados</stat>
</tag>
<suite>
<stat pass="5" fail="0" skip="0" id="s1" name="Tests">Tests</stat>
<stat pass="5" fail="0" skip="0" id="s1-s1" name="Random-User-Test">Tests.Random-User-Test</stat>
</suite>
</statistics>
<errors>
</errors>
</robot>
