<?xml version="1.0" encoding="UTF-8"?>
<robot generator="Robot 7.0 (Python 3.12.2 on linux)" generated="2024-03-27T22:14:44.066627" rpa="false" schemaversion="5">
<suite id="s1" name="Tests" source="/home/runner/work/DesafioQAItauRogerioJordao/DesafioQAItauRogerioJordao/RamdonUser/tests">
<suite id="s1-s1" name="Random-User-Test" source="/home/runner/work/DesafioQAItauRogerioJordao/DesafioQAItauRogerioJordao/RamdonUser/tests/random-user-test.robot">
<test id="s1-s1-t1" name="Conectar" line="13">
<kw name="Conectar API" owner="random-user-service">
<kw name="Create Session" owner="RequestsLibrary">
<msg time="2024-03-27T22:14:44.432519" level="INFO">Creating Session using : alias=consultarAPI, url=https://randomuser.me/, headers={},                     cookies={}, auth=None, timeout=None, proxies=None, verify=False,                     debug=0 </msg>
<arg>consultarAPI</arg>
<arg>${URL}</arg>
<doc>Create Session: create a HTTP session to a server</doc>
<status status="PASS" start="2024-03-27T22:14:44.432282" elapsed="0.000410"/>
</kw>
<status status="PASS" start="2024-03-27T22:14:44.431250" elapsed="0.001807"/>
</kw>
<status status="PASS" start="2024-03-27T22:14:44.430711" elapsed="0.002550"/>
</test>
<test id="s1-s1-t2" name="Validar retorno 200 e JSON Válido" line="16">
<kw name="Teste de Requisicao Basica" owner="random-user-service">
<kw name="GET On Session" owner="RequestsLibrary">
<msg time="2024-03-27T22:14:44.530230" level="INFO">GET Request : url=https://randomuser.me/api 
 path_url=/api 
 headers={'User-Agent': 'python-requests/2.31.0', 'Accept-Encoding': 'gzip, deflate', 'Accept': '*/*', 'Connection': 'keep-alive'} 
 body=None 
 </msg>
<msg time="2024-03-27T22:14:44.530340" level="INFO">GET Response : url=https://randomuser.me/api 
 status=200, reason=OK 
 headers={'Date': 'Wed, 27 Mar 2024 22:14:44 GMT', 'Content-Type': 'application/json; charset=utf-8', 'Transfer-Encoding': 'chunked', 'Connection': 'keep-alive', 'X-Powered-By': 'Express', 'Access-Control-Allow-Origin': '*', 'Cache-Control': 'no-cache', 'ETag': 'W/"499-/W8NF2q9BmkwBHa7dCXgCFP7CVs"', 'Vary': 'Accept-Encoding', 'Content-Encoding': 'gzip', 'CF-Cache-Status': 'DYNAMIC', 'Report-To': '{"endpoints":[{"url":"https:\\/\\/a.nel.cloudflare.com\\/report\\/v4?s=%2BfNrFxpiL66eufa%2Fbe6rVj%2BnqrUg864xsJoIKt4VyWFYSdfX7foVldzjiwogRQZPXV0HarZJFCVIwDnu6wGyDnyBzdISjEci1Vp5RZyU%2Bl7aNWOVTjHGmFUDgKEQqbi5"}],"group":"cf-nel","max_age":604800}', 'NEL': '{"success_fraction":0,"report_to":"cf-nel","max_age":604800}', 'Server': 'cloudflare', 'CF-RAY': '86b2bc2ff9b02d6d-ORD', 'alt-svc': 'h3=":443"; ma=86400'} 
 body={"results":[{"gender":"male","name":{"title":"Monsieur","first":"Steven","last":"Hubert"},"location":{"street":{"number":601,"name":"Avenue Vauban"},"city":"Mumpf","state":"Graubünden","country":"Switzerland","postcode":4902,"coordinates":{"latitude":"-61.6735","longitude":"-142.2403"},"timezone":{"offset":"-3:00","description":"Brazil, Buenos Aires, Georgetown"}},"email":"steven.hubert@example.com","login":{"uuid":"e7502954-ea8f-4fe3-9bb5-6fe56711cb63","username":"silverfrog479","password":"qazqaz","salt":"6NI996oe","md5":"ff3599044b8cbb4fc6351499dcda7766","sha1":"ed96776fd37fb0f2d11a8de6998089da467d227e","sha256":"1ee9de9575a32c9eb06706b7012ea18bf5f737f1a82d3841e93559bd66e9cfa0"},"dob":{"date":"2000-07-25T10:19:02.313Z","age":23},"registered":{"date":"2020-10-06T16:39:58.579Z","age":3},"phone":"077 007 74 29","cell":"076 182 35 47","id":{"name":"AVS","value":"756.9527.9578.96"},"picture":{"large":"https://randomuser.me/api/portraits/men/34.jpg","medium":"https://randomuser.me/api/portraits/med/men/34.jpg","thumbnail":"https://randomuser.me/api/portraits/thumb/men/34.jpg"},"nat":"CH"}],"info":{"seed":"9af13057e900dc2e","results":1,"page":1,"version":"1.4"}} 
 </msg>
<msg time="2024-03-27T22:14:44.530440" level="INFO">/opt/hostedtoolcache/Python/3.12.2/x64/lib/python3.12/site-packages/urllib3/connectionpool.py:1103: InsecureRequestWarning: Unverified HTTPS request is being made to host 'randomuser.me'. Adding certificate verification is strongly advised. See: https://urllib3.readthedocs.io/en/latest/advanced-usage.html#tls-warnings
  warnings.warn(</msg>
<msg time="2024-03-27T22:14:44.530565" level="INFO">${response} = &lt;Response [200]&gt;</msg>
<var>${response}</var>
<arg>consultarAPI</arg>
<arg>/api</arg>
<doc>Sends a GET request on a previously created HTTP Session.</doc>
<status status="PASS" start="2024-03-27T22:14:44.435800" elapsed="0.094807"/>
</kw>
<kw name="Should Be Equal As Numbers" owner="BuiltIn">
<msg time="2024-03-27T22:14:44.531608" level="INFO">Argument types are:
&lt;class 'int'&gt;
&lt;class 'str'&gt;</msg>
<arg>${response.status_code}</arg>
<arg>200</arg>
<doc>Fails if objects are unequal after converting them to real numbers.</doc>
<status status="PASS" start="2024-03-27T22:14:44.531118" elapsed="0.000555"/>
</kw>
<kw name="Log" owner="BuiltIn">
<msg time="2024-03-27T22:14:44.532397" level="INFO">200</msg>
<arg>${response.status_code}</arg>
<doc>Logs the given message with the given level.</doc>
<status status="PASS" start="2024-03-27T22:14:44.531995" elapsed="0.000448"/>
</kw>
<kw name="Set Variable" owner="BuiltIn">
<msg time="2024-03-27T22:14:44.533237" level="INFO">${json_data} = {'results': [{'gender': 'male', 'name': {'title': 'Monsieur', 'first': 'Steven', 'last': 'Hubert'}, 'location': {'street': {'number': 601, 'name': 'Avenue Vauban'}, 'city': 'Mumpf', 'state': 'Graubünd...</msg>
<var>${json_data}</var>
<arg>${response.json()}</arg>
<doc>Returns the given values which can then be assigned to a variables.</doc>
<status status="PASS" start="2024-03-27T22:14:44.532788" elapsed="0.000478"/>
</kw>
<kw name="Dictionary Should Contain Key" owner="Collections">
<msg time="2024-03-27T22:14:44.533739" level="INFO">False</msg>
<arg>${json_data}</arg>
<arg>results</arg>
<doc>Fails if ``key`` is not found from ``dictionary``.</doc>
<status status="PASS" start="2024-03-27T22:14:44.533570" elapsed="0.000208"/>
</kw>
<status status="PASS" start="2024-03-27T22:14:44.435546" elapsed="0.098483"/>
</kw>
<doc>Testa se a API responde corretamente e retorna um objeto JSON válido.</doc>
<tag>testeRequisicaoBasica</tag>
<status status="PASS" start="2024-03-27T22:14:44.435077" elapsed="0.099139"/>
</test>
<test id="s1-s1-t3" name="Validar estrutura de resposta" line="22">
<kw name="Teste de Estrutura de Resposta" owner="random-user-service">
<kw name="GET On Session" owner="RequestsLibrary">
<msg time="2024-03-27T22:14:44.616776" level="INFO">GET Request : url=https://randomuser.me/api 
 path_url=/api 
 headers={'User-Agent': 'python-requests/2.31.0', 'Accept-Encoding': 'gzip, deflate', 'Accept': '*/*', 'Connection': 'keep-alive'} 
 body=None 
 </msg>
<msg time="2024-03-27T22:14:44.616856" level="INFO">GET Response : url=https://randomuser.me/api 
 status=200, reason=OK 
 headers={'Date': 'Wed, 27 Mar 2024 22:14:44 GMT', 'Content-Type': 'application/json; charset=utf-8', 'Transfer-Encoding': 'chunked', 'Connection': 'keep-alive', 'X-Powered-By': 'Express', 'Access-Control-Allow-Origin': '*', 'Cache-Control': 'no-cache', 'ETag': 'W/"49e-hFqKlNzXJ8Yw7hC6VrJdlg7KZTA"', 'Vary': 'Accept-Encoding', 'Content-Encoding': 'gzip', 'CF-Cache-Status': 'DYNAMIC', 'Report-To': '{"endpoints":[{"url":"https:\\/\\/a.nel.cloudflare.com\\/report\\/v4?s=sTHjw6I2f5gaHyAdvLZXx5%2F4vE7sqoTEjD1RupNiGGT3sN58zHacVtPja65DudC2J8URtpHp1ThlDK84a6JOeH2cFpD%2B%2BK1np%2FgKXFeX4BN%2BYK9VXeLcFlhbhmTY4Jbg"}],"group":"cf-nel","max_age":604800}', 'NEL': '{"success_fraction":0,"report_to":"cf-nel","max_age":604800}', 'Server': 'cloudflare', 'CF-RAY': '86b2bc305a262d6d-ORD', 'alt-svc': 'h3=":443"; ma=86400'} 
 body={"results":[{"gender":"male","name":{"title":"Mr","first":"Vincent","last":"Clarke"},"location":{"street":{"number":8634,"name":"Southampton Street"},"city":"Greymouth","state":"Bay of Plenty","country":"New Zealand","postcode":78319,"coordinates":{"latitude":"53.7111","longitude":"-118.3207"},"timezone":{"offset":"-6:00","description":"Central Time (US &amp; Canada), Mexico City"}},"email":"vincent.clarke@example.com","login":{"uuid":"f13dc31c-394c-4bd9-9ef3-2a4c35869992","username":"whiteelephant252","password":"twister","salt":"pLpVQYKJ","md5":"a55e8b549fe6c5c174dbd8cc008dfaad","sha1":"f8162fdf881240c0843678f3e4a97b31bf606c83","sha256":"e374c86e40d96f1dc3fa70af911f9f43f2b45d2407c9a737729e47df67bd6370"},"dob":{"date":"1980-07-05T09:17:34.728Z","age":43},"registered":{"date":"2007-04-24T01:57:35.416Z","age":16},"phone":"(135)-465-5134","cell":"(914)-657-9485","id":{"name":"","value":null},"picture":{"large":"https://randomuser.me/api/portraits/men/77.jpg","medium":"https://randomuser.me/api/portraits/med/men/77.jpg","thumbnail":"https://randomuser.me/api/portraits/thumb/men/77.jpg"},"nat":"NZ"}],"info":{"seed":"70673c878c258709","results":1,"page":1,"version":"1.4"}} 
 </msg>
<msg time="2024-03-27T22:14:44.616981" level="INFO">/opt/hostedtoolcache/Python/3.12.2/x64/lib/python3.12/site-packages/urllib3/connectionpool.py:1103: InsecureRequestWarning: Unverified HTTPS request is being made to host 'randomuser.me'. Adding certificate verification is strongly advised. See: https://urllib3.readthedocs.io/en/latest/advanced-usage.html#tls-warnings
  warnings.warn(</msg>
<msg time="2024-03-27T22:14:44.617093" level="INFO">${response} = &lt;Response [200]&gt;</msg>
<var>${response}</var>
<arg>consultarAPI</arg>
<arg>/api</arg>
<doc>Sends a GET request on a previously created HTTP Session.</doc>
<status status="PASS" start="2024-03-27T22:14:44.536886" elapsed="0.080251"/>
</kw>
<kw name="Set Variable" owner="BuiltIn">
<msg time="2024-03-27T22:14:44.617984" level="INFO">${json_data} = {'results': [{'gender': 'male', 'name': {'title': 'Mr', 'first': 'Vincent', 'last': 'Clarke'}, 'location': {'street': {'number': 8634, 'name': 'Southampton Street'}, 'city': 'Greymouth', 'state': 'Bay...</msg>
<var>${json_data}</var>
<arg>${response.json()}</arg>
<doc>Returns the given values which can then be assigned to a variables.</doc>
<status status="PASS" start="2024-03-27T22:14:44.617534" elapsed="0.000478"/>
</kw>
<kw name="Log" owner="BuiltIn">
<msg time="2024-03-27T22:14:44.618494" level="INFO">{'results': [{'gender': 'male', 'name': {'title': 'Mr', 'first': 'Vincent', 'last': 'Clarke'}, 'location': {'street': {'number': 8634, 'name': 'Southampton Street'}, 'city': 'Greymouth', 'state': 'Bay of Plenty', 'country': 'New Zealand', 'postcode': 78319, 'coordinates': {'latitude': '53.7111', 'longitude': '-118.3207'}, 'timezone': {'offset': '-6:00', 'description': 'Central Time (US &amp; Canada), Mexico City'}}, 'email': 'vincent.clarke@example.com', 'login': {'uuid': 'f13dc31c-394c-4bd9-9ef3-2a4c35869992', 'username': 'whiteelephant252', 'password': 'twister', 'salt': 'pLpVQYKJ', 'md5': 'a55e8b549fe6c5c174dbd8cc008dfaad', 'sha1': 'f8162fdf881240c0843678f3e4a97b31bf606c83', 'sha256': 'e374c86e40d96f1dc3fa70af911f9f43f2b45d2407c9a737729e47df67bd6370'}, 'dob': {'date': '1980-07-05T09:17:34.728Z', 'age': 43}, 'registered': {'date': '2007-04-24T01:57:35.416Z', 'age': 16}, 'phone': '(135)-465-5134', 'cell': '(914)-657-9485', 'id': {'name': '', 'value': None}, 'picture': {'large': 'https://randomuser.me/api/portraits/men/77.jpg', 'medium': 'https://randomuser.me/api/portraits/med/men/77.jpg', 'thumbnail': 'https://randomuser.me/api/portraits/thumb/men/77.jpg'}, 'nat': 'NZ'}], 'info': {'seed': '70673c878c258709', 'results': 1, 'page': 1, 'version': '1.4'}}</msg>
<arg>${json_data}</arg>
<doc>Logs the given message with the given level.</doc>
<status status="PASS" start="2024-03-27T22:14:44.618324" elapsed="0.000219"/>
</kw>
<kw name="Dictionary Should Contain Key" owner="Collections">
<msg time="2024-03-27T22:14:44.618998" level="INFO">False</msg>
<arg>${json_data}</arg>
<arg>results</arg>
<doc>Fails if ``key`` is not found from ``dictionary``.</doc>
<status status="PASS" start="2024-03-27T22:14:44.618843" elapsed="0.000194"/>
</kw>
<kw name="Should Not Be Empty" owner="BuiltIn">
<msg time="2024-03-27T22:14:44.619470" level="INFO">Length is 2.</msg>
<arg>${json_data}</arg>
<doc>Verifies that the given item is not empty.</doc>
<status status="PASS" start="2024-03-27T22:14:44.619337" elapsed="0.000174"/>
</kw>
<kw name="Create List" owner="BuiltIn">
<msg time="2024-03-27T22:14:44.619952" level="INFO">${expected_keys} = ['gender', 'name', 'location', 'email', 'login']</msg>
<var>${expected_keys}</var>
<arg>gender</arg>
<arg>name</arg>
<arg>location</arg>
<arg>email</arg>
<arg>login</arg>
<doc>Returns a list containing given items.</doc>
<status status="PASS" start="2024-03-27T22:14:44.619805" elapsed="0.000172"/>
</kw>
<for flavor="IN">
<iter>
<kw name="Dictionary Should Contain Key" owner="Collections">
<msg time="2024-03-27T22:14:44.620991" level="INFO">False</msg>
<arg>${json_data['results'][0]}</arg>
<arg>${key}</arg>
<doc>Fails if ``key`` is not found from ``dictionary``.</doc>
<status status="PASS" start="2024-03-27T22:14:44.620579" elapsed="0.000452"/>
</kw>
<kw name="Log" owner="BuiltIn">
<msg time="2024-03-27T22:14:44.621713" level="INFO">{'gender': 'male', 'name': {'title': 'Mr', 'first': 'Vincent', 'last': 'Clarke'}, 'location': {'street': {'number': 8634, 'name': 'Southampton Street'}, 'city': 'Greymouth', 'state': 'Bay of Plenty', 'country': 'New Zealand', 'postcode': 78319, 'coordinates': {'latitude': '53.7111', 'longitude': '-118.3207'}, 'timezone': {'offset': '-6:00', 'description': 'Central Time (US &amp; Canada), Mexico City'}}, 'email': 'vincent.clarke@example.com', 'login': {'uuid': 'f13dc31c-394c-4bd9-9ef3-2a4c35869992', 'username': 'whiteelephant252', 'password': 'twister', 'salt': 'pLpVQYKJ', 'md5': 'a55e8b549fe6c5c174dbd8cc008dfaad', 'sha1': 'f8162fdf881240c0843678f3e4a97b31bf606c83', 'sha256': 'e374c86e40d96f1dc3fa70af911f9f43f2b45d2407c9a737729e47df67bd6370'}, 'dob': {'date': '1980-07-05T09:17:34.728Z', 'age': 43}, 'registered': {'date': '2007-04-24T01:57:35.416Z', 'age': 16}, 'phone': '(135)-465-5134', 'cell': '(914)-657-9485', 'id': {'name': '', 'value': None}, 'picture': {'large': 'https://randomuser.me/api/portraits/men/77.jpg', 'medium': 'https://randomuser.me/api/portraits/med/men/77.jpg', 'thumbnail': 'https://randomuser.me/api/portraits/thumb/men/77.jpg'}, 'nat': 'NZ'}</msg>
<arg>${json_data['results'][0]}</arg>
<doc>Logs the given message with the given level.</doc>
<status status="PASS" start="2024-03-27T22:14:44.621342" elapsed="0.000427"/>
</kw>
<kw name="Log" owner="BuiltIn">
<msg time="2024-03-27T22:14:44.622207" level="INFO">gender</msg>
<arg>${key}</arg>
<doc>Logs the given message with the given level.</doc>
<status status="PASS" start="2024-03-27T22:14:44.622075" elapsed="0.000171"/>
</kw>
<var name="${key}">gender</var>
<status status="PASS" start="2024-03-27T22:14:44.620451" elapsed="0.002031"/>
</iter>
<iter>
<kw name="Dictionary Should Contain Key" owner="Collections">
<msg time="2024-03-27T22:14:44.623177" level="INFO">False</msg>
<arg>${json_data['results'][0]}</arg>
<arg>${key}</arg>
<doc>Fails if ``key`` is not found from ``dictionary``.</doc>
<status status="PASS" start="2024-03-27T22:14:44.622786" elapsed="0.000429"/>
</kw>
<kw name="Log" owner="BuiltIn">
<msg time="2024-03-27T22:14:44.623912" level="INFO">{'gender': 'male', 'name': {'title': 'Mr', 'first': 'Vincent', 'last': 'Clarke'}, 'location': {'street': {'number': 8634, 'name': 'Southampton Street'}, 'city': 'Greymouth', 'state': 'Bay of Plenty', 'country': 'New Zealand', 'postcode': 78319, 'coordinates': {'latitude': '53.7111', 'longitude': '-118.3207'}, 'timezone': {'offset': '-6:00', 'description': 'Central Time (US &amp; Canada), Mexico City'}}, 'email': 'vincent.clarke@example.com', 'login': {'uuid': 'f13dc31c-394c-4bd9-9ef3-2a4c35869992', 'username': 'whiteelephant252', 'password': 'twister', 'salt': 'pLpVQYKJ', 'md5': 'a55e8b549fe6c5c174dbd8cc008dfaad', 'sha1': 'f8162fdf881240c0843678f3e4a97b31bf606c83', 'sha256': 'e374c86e40d96f1dc3fa70af911f9f43f2b45d2407c9a737729e47df67bd6370'}, 'dob': {'date': '1980-07-05T09:17:34.728Z', 'age': 43}, 'registered': {'date': '2007-04-24T01:57:35.416Z', 'age': 16}, 'phone': '(135)-465-5134', 'cell': '(914)-657-9485', 'id': {'name': '', 'value': None}, 'picture': {'large': 'https://randomuser.me/api/portraits/men/77.jpg', 'medium': 'https://randomuser.me/api/portraits/med/men/77.jpg', 'thumbnail': 'https://randomuser.me/api/portraits/thumb/men/77.jpg'}, 'nat': 'NZ'}</msg>
<arg>${json_data['results'][0]}</arg>
<doc>Logs the given message with the given level.</doc>
<status status="PASS" start="2024-03-27T22:14:44.623547" elapsed="0.000415"/>
</kw>
<kw name="Log" owner="BuiltIn">
<msg time="2024-03-27T22:14:44.624447" level="INFO">name</msg>
<arg>${key}</arg>
<doc>Logs the given message with the given level.</doc>
<status status="PASS" start="2024-03-27T22:14:44.624263" elapsed="0.000225"/>
</kw>
<var name="${key}">name</var>
<status status="PASS" start="2024-03-27T22:14:44.622671" elapsed="0.002039"/>
</iter>
<iter>
<kw name="Dictionary Should Contain Key" owner="Collections">
<msg time="2024-03-27T22:14:44.625390" level="INFO">False</msg>
<arg>${json_data['results'][0]}</arg>
<arg>${key}</arg>
<doc>Fails if ``key`` is not found from ``dictionary``.</doc>
<status status="PASS" start="2024-03-27T22:14:44.625003" elapsed="0.000427"/>
</kw>
<kw name="Log" owner="BuiltIn">
<msg time="2024-03-27T22:14:44.626104" level="INFO">{'gender': 'male', 'name': {'title': 'Mr', 'first': 'Vincent', 'last': 'Clarke'}, 'location': {'street': {'number': 8634, 'name': 'Southampton Street'}, 'city': 'Greymouth', 'state': 'Bay of Plenty', 'country': 'New Zealand', 'postcode': 78319, 'coordinates': {'latitude': '53.7111', 'longitude': '-118.3207'}, 'timezone': {'offset': '-6:00', 'description': 'Central Time (US &amp; Canada), Mexico City'}}, 'email': 'vincent.clarke@example.com', 'login': {'uuid': 'f13dc31c-394c-4bd9-9ef3-2a4c35869992', 'username': 'whiteelephant252', 'password': 'twister', 'salt': 'pLpVQYKJ', 'md5': 'a55e8b549fe6c5c174dbd8cc008dfaad', 'sha1': 'f8162fdf881240c0843678f3e4a97b31bf606c83', 'sha256': 'e374c86e40d96f1dc3fa70af911f9f43f2b45d2407c9a737729e47df67bd6370'}, 'dob': {'date': '1980-07-05T09:17:34.728Z', 'age': 43}, 'registered': {'date': '2007-04-24T01:57:35.416Z', 'age': 16}, 'phone': '(135)-465-5134', 'cell': '(914)-657-9485', 'id': {'name': '', 'value': None}, 'picture': {'large': 'https://randomuser.me/api/portraits/men/77.jpg', 'medium': 'https://randomuser.me/api/portraits/med/men/77.jpg', 'thumbnail': 'https://randomuser.me/api/portraits/thumb/men/77.jpg'}, 'nat': 'NZ'}</msg>
<arg>${json_data['results'][0]}</arg>
<doc>Logs the given message with the given level.</doc>
<status status="PASS" start="2024-03-27T22:14:44.625736" elapsed="0.000422"/>
</kw>
<kw name="Log" owner="BuiltIn">
<msg time="2024-03-27T22:14:44.626582" level="INFO">location</msg>
<arg>${key}</arg>
<doc>Logs the given message with the given level.</doc>
<status status="PASS" start="2024-03-27T22:14:44.626455" elapsed="0.000166"/>
</kw>
<var name="${key}">location</var>
<status status="PASS" start="2024-03-27T22:14:44.624891" elapsed="0.001957"/>
</iter>
<iter>
<kw name="Dictionary Should Contain Key" owner="Collections">
<msg time="2024-03-27T22:14:44.627512" level="INFO">False</msg>
<arg>${json_data['results'][0]}</arg>
<arg>${key}</arg>
<doc>Fails if ``key`` is not found from ``dictionary``.</doc>
<status status="PASS" start="2024-03-27T22:14:44.627131" elapsed="0.000419"/>
</kw>
<kw name="Log" owner="BuiltIn">
<msg time="2024-03-27T22:14:44.628217" level="INFO">{'gender': 'male', 'name': {'title': 'Mr', 'first': 'Vincent', 'last': 'Clarke'}, 'location': {'street': {'number': 8634, 'name': 'Southampton Street'}, 'city': 'Greymouth', 'state': 'Bay of Plenty', 'country': 'New Zealand', 'postcode': 78319, 'coordinates': {'latitude': '53.7111', 'longitude': '-118.3207'}, 'timezone': {'offset': '-6:00', 'description': 'Central Time (US &amp; Canada), Mexico City'}}, 'email': 'vincent.clarke@example.com', 'login': {'uuid': 'f13dc31c-394c-4bd9-9ef3-2a4c35869992', 'username': 'whiteelephant252', 'password': 'twister', 'salt': 'pLpVQYKJ', 'md5': 'a55e8b549fe6c5c174dbd8cc008dfaad', 'sha1': 'f8162fdf881240c0843678f3e4a97b31bf606c83', 'sha256': 'e374c86e40d96f1dc3fa70af911f9f43f2b45d2407c9a737729e47df67bd6370'}, 'dob': {'date': '1980-07-05T09:17:34.728Z', 'age': 43}, 'registered': {'date': '2007-04-24T01:57:35.416Z', 'age': 16}, 'phone': '(135)-465-5134', 'cell': '(914)-657-9485', 'id': {'name': '', 'value': None}, 'picture': {'large': 'https://randomuser.me/api/portraits/men/77.jpg', 'medium': 'https://randomuser.me/api/portraits/med/men/77.jpg', 'thumbnail': 'https://randomuser.me/api/portraits/thumb/men/77.jpg'}, 'nat': 'NZ'}</msg>
<arg>${json_data['results'][0]}</arg>
<doc>Logs the given message with the given level.</doc>
<status status="PASS" start="2024-03-27T22:14:44.627852" elapsed="0.000414"/>
</kw>
<kw name="Log" owner="BuiltIn">
<msg time="2024-03-27T22:14:44.628749" level="INFO">email</msg>
<arg>${key}</arg>
<doc>Logs the given message with the given level.</doc>
<status status="PASS" start="2024-03-27T22:14:44.628621" elapsed="0.000166"/>
</kw>
<var name="${key}">email</var>
<status status="PASS" start="2024-03-27T22:14:44.627021" elapsed="0.001983"/>
</iter>
<iter>
<kw name="Dictionary Should Contain Key" owner="Collections">
<msg time="2024-03-27T22:14:44.629703" level="INFO">False</msg>
<arg>${json_data['results'][0]}</arg>
<arg>${key}</arg>
<doc>Fails if ``key`` is not found from ``dictionary``.</doc>
<status status="PASS" start="2024-03-27T22:14:44.629302" elapsed="0.000440"/>
</kw>
<kw name="Log" owner="BuiltIn">
<msg time="2024-03-27T22:14:44.630404" level="INFO">{'gender': 'male', 'name': {'title': 'Mr', 'first': 'Vincent', 'last': 'Clarke'}, 'location': {'street': {'number': 8634, 'name': 'Southampton Street'}, 'city': 'Greymouth', 'state': 'Bay of Plenty', 'country': 'New Zealand', 'postcode': 78319, 'coordinates': {'latitude': '53.7111', 'longitude': '-118.3207'}, 'timezone': {'offset': '-6:00', 'description': 'Central Time (US &amp; Canada), Mexico City'}}, 'email': 'vincent.clarke@example.com', 'login': {'uuid': 'f13dc31c-394c-4bd9-9ef3-2a4c35869992', 'username': 'whiteelephant252', 'password': 'twister', 'salt': 'pLpVQYKJ', 'md5': 'a55e8b549fe6c5c174dbd8cc008dfaad', 'sha1': 'f8162fdf881240c0843678f3e4a97b31bf606c83', 'sha256': 'e374c86e40d96f1dc3fa70af911f9f43f2b45d2407c9a737729e47df67bd6370'}, 'dob': {'date': '1980-07-05T09:17:34.728Z', 'age': 43}, 'registered': {'date': '2007-04-24T01:57:35.416Z', 'age': 16}, 'phone': '(135)-465-5134', 'cell': '(914)-657-9485', 'id': {'name': '', 'value': None}, 'picture': {'large': 'https://randomuser.me/api/portraits/men/77.jpg', 'medium': 'https://randomuser.me/api/portraits/med/men/77.jpg', 'thumbnail': 'https://randomuser.me/api/portraits/thumb/men/77.jpg'}, 'nat': 'NZ'}</msg>
<arg>${json_data['results'][0]}</arg>
<doc>Logs the given message with the given level.</doc>
<status status="PASS" start="2024-03-27T22:14:44.630040" elapsed="0.000413"/>
</kw>
<kw name="Log" owner="BuiltIn">
<msg time="2024-03-27T22:14:44.630873" level="INFO">login</msg>
<arg>${key}</arg>
<doc>Logs the given message with the given level.</doc>
<status status="PASS" start="2024-03-27T22:14:44.630747" elapsed="0.000299"/>
</kw>
<var name="${key}">login</var>
<status status="PASS" start="2024-03-27T22:14:44.629185" elapsed="0.002091"/>
</iter>
<var>${key}</var>
<value>@{expected_keys}</value>
<status status="PASS" start="2024-03-27T22:14:44.620233" elapsed="0.011166"/>
</for>
<kw name="Create List" owner="BuiltIn">
<msg time="2024-03-27T22:14:44.631734" level="INFO">${expected_keysTwo} = ['username', 'password']</msg>
<var>${expected_keysTwo}</var>
<arg>username</arg>
<arg>password</arg>
<doc>Returns a list containing given items.</doc>
<status status="PASS" start="2024-03-27T22:14:44.631595" elapsed="0.000164"/>
</kw>
<for flavor="IN">
<iter>
<kw name="Dictionary Should Contain Key" owner="Collections">
<msg time="2024-03-27T22:14:44.632699" level="INFO">False</msg>
<arg>${json_data['results'][0]['login']}</arg>
<arg>${keyTwo}</arg>
<doc>Fails if ``key`` is not found from ``dictionary``.</doc>
<status status="PASS" start="2024-03-27T22:14:44.632257" elapsed="0.000479"/>
</kw>
<kw name="Dictionary Should Contain Key" owner="Collections">
<msg time="2024-03-27T22:14:44.633424" level="INFO">False</msg>
<arg>${json_data['results'][0]['login']}</arg>
<arg>${keyTwo}</arg>
<doc>Fails if ``key`` is not found from ``dictionary``.</doc>
<status status="PASS" start="2024-03-27T22:14:44.633042" elapsed="0.000420"/>
</kw>
<kw name="Log" owner="BuiltIn">
<msg time="2024-03-27T22:14:44.633885" level="INFO">username</msg>
<arg>${keyTwo}</arg>
<doc>Logs the given message with the given level.</doc>
<status status="PASS" start="2024-03-27T22:14:44.633755" elapsed="0.000168"/>
</kw>
<var name="${keyTwo}">username</var>
<status status="PASS" start="2024-03-27T22:14:44.632146" elapsed="0.002004"/>
</iter>
<iter>
<kw name="Dictionary Should Contain Key" owner="Collections">
<msg time="2024-03-27T22:14:44.634812" level="INFO">False</msg>
<arg>${json_data['results'][0]['login']}</arg>
<arg>${keyTwo}</arg>
<doc>Fails if ``key`` is not found from ``dictionary``.</doc>
<status status="PASS" start="2024-03-27T22:14:44.634431" elapsed="0.000420"/>
</kw>
<kw name="Dictionary Should Contain Key" owner="Collections">
<msg time="2024-03-27T22:14:44.635530" level="INFO">False</msg>
<arg>${json_data['results'][0]['login']}</arg>
<arg>${keyTwo}</arg>
<doc>Fails if ``key`` is not found from ``dictionary``.</doc>
<status status="PASS" start="2024-03-27T22:14:44.635145" elapsed="0.000422"/>
</kw>
<kw name="Log" owner="BuiltIn">
<msg time="2024-03-27T22:14:44.636006" level="INFO">password</msg>
<arg>${keyTwo}</arg>
<doc>Logs the given message with the given level.</doc>
<status status="PASS" start="2024-03-27T22:14:44.635879" elapsed="0.000165"/>
</kw>
<var name="${keyTwo}">password</var>
<status status="PASS" start="2024-03-27T22:14:44.634323" elapsed="0.001937"/>
</iter>
<var>${keyTwo}</var>
<value>@{expected_keysTwo}</value>
<status status="PASS" start="2024-03-27T22:14:44.631995" elapsed="0.004438"/>
</for>
<status status="PASS" start="2024-03-27T22:14:44.536648" elapsed="0.099929"/>
</kw>
<doc>Testa a estrutura da resposta da API.</doc>
<tag>testeEstruturaResposta</tag>
<status status="PASS" start="2024-03-27T22:14:44.536011" elapsed="0.100730"/>
</test>
<test id="s1-s1-t4" name="Validar tipos de dados" line="28">
<kw name="Teste de Tipos de Dados" owner="random-user-service">
<kw name="GET On Session" owner="RequestsLibrary">
<msg time="2024-03-27T22:14:44.720447" level="INFO">GET Request : url=https://randomuser.me/api 
 path_url=/api 
 headers={'User-Agent': 'python-requests/2.31.0', 'Accept-Encoding': 'gzip, deflate', 'Accept': '*/*', 'Connection': 'keep-alive'} 
 body=None 
 </msg>
<msg time="2024-03-27T22:14:44.720526" level="INFO">GET Response : url=https://randomuser.me/api 
 status=200, reason=OK 
 headers={'Date': 'Wed, 27 Mar 2024 22:14:44 GMT', 'Content-Type': 'application/json; charset=utf-8', 'Transfer-Encoding': 'chunked', 'Connection': 'keep-alive', 'X-Powered-By': 'Express', 'Access-Control-Allow-Origin': '*', 'Cache-Control': 'no-cache', 'ETag': 'W/"473-MWYzsyYpsULv3aGzWWF+QLIsYvY"', 'Vary': 'Accept-Encoding', 'Content-Encoding': 'gzip', 'CF-Cache-Status': 'DYNAMIC', 'Report-To': '{"endpoints":[{"url":"https:\\/\\/a.nel.cloudflare.com\\/report\\/v4?s=182XbGChZlBMl8miVtn2dxlN4Swtl%2FnPSkKk5TWf9mxln%2BPy0GS%2FfyfvkXNAtvpCf%2F13lszkk4pLWKJjb%2BgtBSXni6wrkGoy0dh5lgELoHa0HAJDYQoyDb%2FjOZLUFSC1"}],"group":"cf-nel","max_age":604800}', 'NEL': '{"success_fraction":0,"report_to":"cf-nel","max_age":604800}', 'Server': 'cloudflare', 'CF-RAY': '86b2bc30fadf2d6d-ORD', 'alt-svc': 'h3=":443"; ma=86400'} 
 body={"results":[{"gender":"female","name":{"title":"Ms","first":"Olive","last":"Wood"},"location":{"street":{"number":7984,"name":"East Coast Road"},"city":"Blenheim","state":"Northland","country":"New Zealand","postcode":86714,"coordinates":{"latitude":"54.6534","longitude":"170.1554"},"timezone":{"offset":"-3:30","description":"Newfoundland"}},"email":"olive.wood@example.com","login":{"uuid":"bfb4c318-d35d-438d-9ed1-0e273d0566c4","username":"bigbird920","password":"skinny","salt":"nwZmH2f4","md5":"f6f3d3b3de075ce8f59f17d87335fa9c","sha1":"9fb84a2d5647353a1d68bd21e165493afe1a7840","sha256":"290d7b1a4a85c277259b47687facaaa483ffa5890d583e7b4ba88c6505852cc5"},"dob":{"date":"1954-10-13T07:47:55.014Z","age":69},"registered":{"date":"2012-01-18T04:21:32.681Z","age":12},"phone":"(803)-438-2810","cell":"(017)-713-3240","id":{"name":"","value":null},"picture":{"large":"https://randomuser.me/api/portraits/women/19.jpg","medium":"https://randomuser.me/api/portraits/med/women/19.jpg","thumbnail":"https://randomuser.me/api/portraits/thumb/women/19.jpg"},"nat":"NZ"}],"info":{"seed":"ead10f26a87380fd","results":1,"page":1,"version":"1.4"}} 
 </msg>
<msg time="2024-03-27T22:14:44.720584" level="INFO">/opt/hostedtoolcache/Python/3.12.2/x64/lib/python3.12/site-packages/urllib3/connectionpool.py:1103: InsecureRequestWarning: Unverified HTTPS request is being made to host 'randomuser.me'. Adding certificate verification is strongly advised. See: https://urllib3.readthedocs.io/en/latest/advanced-usage.html#tls-warnings
  warnings.warn(</msg>
<msg time="2024-03-27T22:14:44.720677" level="INFO">${response} = &lt;Response [200]&gt;</msg>
<var>${response}</var>
<arg>consultarAPI</arg>
<arg>/api</arg>
<doc>Sends a GET request on a previously created HTTP Session.</doc>
<status status="PASS" start="2024-03-27T22:14:44.639140" elapsed="0.081575"/>
</kw>
<kw name="Set Variable" owner="BuiltIn">
<msg time="2024-03-27T22:14:44.721865" level="INFO">${json_data} = {'results': [{'gender': 'female', 'name': {'title': 'Ms', 'first': 'Olive', 'last': 'Wood'}, 'location': {'street': {'number': 7984, 'name': 'East Coast Road'}, 'city': 'Blenheim', 'state': 'Northland...</msg>
<var>${json_data}</var>
<arg>${response.json()}</arg>
<doc>Returns the given values which can then be assigned to a variables.</doc>
<status status="PASS" start="2024-03-27T22:14:44.721242" elapsed="0.000652"/>
</kw>
<kw name="Log" owner="BuiltIn">
<msg time="2024-03-27T22:14:44.722368" level="INFO">{'results': [{'gender': 'female', 'name': {'title': 'Ms', 'first': 'Olive', 'last': 'Wood'}, 'location': {'street': {'number': 7984, 'name': 'East Coast Road'}, 'city': 'Blenheim', 'state': 'Northland', 'country': 'New Zealand', 'postcode': 86714, 'coordinates': {'latitude': '54.6534', 'longitude': '170.1554'}, 'timezone': {'offset': '-3:30', 'description': 'Newfoundland'}}, 'email': 'olive.wood@example.com', 'login': {'uuid': 'bfb4c318-d35d-438d-9ed1-0e273d0566c4', 'username': 'bigbird920', 'password': 'skinny', 'salt': 'nwZmH2f4', 'md5': 'f6f3d3b3de075ce8f59f17d87335fa9c', 'sha1': '9fb84a2d5647353a1d68bd21e165493afe1a7840', 'sha256': '290d7b1a4a85c277259b47687facaaa483ffa5890d583e7b4ba88c6505852cc5'}, 'dob': {'date': '1954-10-13T07:47:55.014Z', 'age': 69}, 'registered': {'date': '2012-01-18T04:21:32.681Z', 'age': 12}, 'phone': '(803)-438-2810', 'cell': '(017)-713-3240', 'id': {'name': '', 'value': None}, 'picture': {'large': 'https://randomuser.me/api/portraits/women/19.jpg', 'medium': 'https://randomuser.me/api/portraits/med/women/19.jpg', 'thumbnail': 'https://randomuser.me/api/portraits/thumb/women/19.jpg'}, 'nat': 'NZ'}], 'info': {'seed': 'ead10f26a87380fd', 'results': 1, 'page': 1, 'version': '1.4'}}</msg>
<arg>${json_data}</arg>
<doc>Logs the given message with the given level.</doc>
<status status="PASS" start="2024-03-27T22:14:44.722207" elapsed="0.000247"/>
</kw>
<kw name="Should Be String" owner="String">
<arg>${json_data['results'][0]['gender']}</arg>
<doc>Fails if the given ``item`` is not a string.</doc>
<status status="PASS" start="2024-03-27T22:14:44.722756" elapsed="0.000367"/>
</kw>
<kw name="Should Match Regexp" owner="BuiltIn">
<arg>${json_data['results'][0]['email']}</arg>
<arg>^[a-zA-Z0-9._%+-]+@[a-zA-Z0-9.-]+\.[a-zA-Z]{2,}$</arg>
<doc>Fails if ``string`` does not match ``pattern`` as a regular expression.</doc>
<status status="PASS" start="2024-03-27T22:14:44.723321" elapsed="0.000524"/>
</kw>
<kw name="Should Match Regexp" owner="BuiltIn">
<arg>${json_data['results'][0]['dob']['date']}</arg>
<arg>\\d{4}-\\d{2}-\\d{2}T\\d{2}:\\d{2}:\\d{2}\\.\\d{3}Z</arg>
<doc>Fails if ``string`` does not match ``pattern`` as a regular expression.</doc>
<status status="PASS" start="2024-03-27T22:14:44.724046" elapsed="0.000556"/>
</kw>
<kw name="Should Match Regexp" owner="BuiltIn">
<arg>${json_data['results'][0]['registered']['date']}</arg>
<arg>\\d{4}-\\d{2}-\\d{2}T\\d{2}:\\d{2}:\\d{2}\\.\\d{3}Z</arg>
<doc>Fails if ``string`` does not match ``pattern`` as a regular expression.</doc>
<status status="PASS" start="2024-03-27T22:14:44.724804" elapsed="0.000381"/>
</kw>
<kw name="Should Match Regexp" owner="BuiltIn">
<arg>${json_data['results'][0]['picture']['large']}</arg>
<arg>^https?://.*\.(?:png|jpe?g|gif|bmp)$</arg>
<doc>Fails if ``string`` does not match ``pattern`` as a regular expression.</doc>
<status status="PASS" start="2024-03-27T22:14:44.725378" elapsed="0.000462"/>
</kw>
<kw name="Should Match Regexp" owner="BuiltIn">
<arg>${json_data['results'][0]['picture']['medium']}</arg>
<arg>^https?://.*\.(?:png|jpe?g|gif|bmp)$</arg>
<doc>Fails if ``string`` does not match ``pattern`` as a regular expression.</doc>
<status status="PASS" start="2024-03-27T22:14:44.726035" elapsed="0.000360"/>
</kw>
<kw name="Should Match Regexp" owner="BuiltIn">
<arg>${json_data['results'][0]['picture']['thumbnail']}</arg>
<arg>^https?://.*\.(?:png|jpe?g|gif|bmp)$</arg>
<doc>Fails if ``string`` does not match ``pattern`` as a regular expression.</doc>
<status status="PASS" start="2024-03-27T22:14:44.726583" elapsed="0.000354"/>
</kw>
<kw name="Log" owner="BuiltIn">
<msg time="2024-03-27T22:14:44.727441" level="INFO">{'large': 'https://randomuser.me/api/portraits/women/19.jpg', 'medium': 'https://randomuser.me/api/portraits/med/women/19.jpg', 'thumbnail': 'https://randomuser.me/api/portraits/thumb/women/19.jpg'}</msg>
<arg>${json_data['results'][0]['picture']}</arg>
<doc>Logs the given message with the given level.</doc>
<status status="PASS" start="2024-03-27T22:14:44.727119" elapsed="0.000368"/>
</kw>
<status status="PASS" start="2024-03-27T22:14:44.638911" elapsed="0.088832"/>
</kw>
<kw name="Teste de Tipos de Dados - Postcode" owner="random-user-service">
<kw name="GET On Session" owner="RequestsLibrary">
<msg time="2024-03-27T22:14:44.814329" level="INFO">GET Request : url=https://randomuser.me/api 
 path_url=/api 
 headers={'User-Agent': 'python-requests/2.31.0', 'Accept-Encoding': 'gzip, deflate', 'Accept': '*/*', 'Connection': 'keep-alive'} 
 body=None 
 </msg>
<msg time="2024-03-27T22:14:44.814410" level="INFO">GET Response : url=https://randomuser.me/api 
 status=200, reason=OK 
 headers={'Date': 'Wed, 27 Mar 2024 22:14:44 GMT', 'Content-Type': 'application/json; charset=utf-8', 'Transfer-Encoding': 'chunked', 'Connection': 'keep-alive', 'X-Powered-By': 'Express', 'Access-Control-Allow-Origin': '*', 'Cache-Control': 'no-cache', 'ETag': 'W/"491-YBVXthI54/vI36qNNOUw6swvMzE"', 'Vary': 'Accept-Encoding', 'Content-Encoding': 'gzip', 'CF-Cache-Status': 'DYNAMIC', 'Report-To': '{"endpoints":[{"url":"https:\\/\\/a.nel.cloudflare.com\\/report\\/v4?s=wGsss8x0TBROGGGhQqUFL7Rrw6V8om9yT8G6EM2rW%2Br%2Fwz6RhdfpfmwvE6ruxUNQKfyc9svt0hhbyBD8VCzZHNimOq3cr3bmjdYSE0O7gE9EUokbUd2prDk25Zwf7YN6"}],"group":"cf-nel","max_age":604800}', 'NEL': '{"success_fraction":0,"report_to":"cf-nel","max_age":604800}', 'Server': 'cloudflare', 'CF-RAY': '86b2bc318b8b2d6d-ORD', 'alt-svc': 'h3=":443"; ma=86400'} 
 body={"results":[{"gender":"female","name":{"title":"Miss","first":"Lada","last":"Antipenko"},"location":{"street":{"number":1798,"name":"Zarembi"},"city":"Berislav","state":"Luganska","country":"Ukraine","postcode":50940,"coordinates":{"latitude":"74.8038","longitude":"85.4913"},"timezone":{"offset":"-5:00","description":"Eastern Time (US &amp; Canada), Bogota, Lima"}},"email":"lada.antipenko@example.com","login":{"uuid":"60342517-7266-4635-b274-894268f412e7","username":"crazyleopard657","password":"holland","salt":"lzzznvTl","md5":"b5aa0831bebc29eda82eb3c87ff08c65","sha1":"11e1dec797508dffec0e70f9c28b961823eabb0a","sha256":"68ddb27b9dee8f7ef35b5d7a89907daf443e132c253b7f5e880b82868ecec91d"},"dob":{"date":"1959-03-21T20:45:13.417Z","age":65},"registered":{"date":"2005-06-30T11:39:07.967Z","age":18},"phone":"(096) Y20-1842","cell":"(067) I61-0631","id":{"name":"","value":null},"picture":{"large":"https://randomuser.me/api/portraits/women/38.jpg","medium":"https://randomuser.me/api/portraits/med/women/38.jpg","thumbnail":"https://randomuser.me/api/portraits/thumb/women/38.jpg"},"nat":"UA"}],"info":{"seed":"56dc5d4c296e8a0b","results":1,"page":1,"version":"1.4"}} 
 </msg>
<msg time="2024-03-27T22:14:44.814495" level="INFO">/opt/hostedtoolcache/Python/3.12.2/x64/lib/python3.12/site-packages/urllib3/connectionpool.py:1103: InsecureRequestWarning: Unverified HTTPS request is being made to host 'randomuser.me'. Adding certificate verification is strongly advised. See: https://urllib3.readthedocs.io/en/latest/advanced-usage.html#tls-warnings
  warnings.warn(</msg>
<msg time="2024-03-27T22:14:44.814608" level="INFO">${response} = &lt;Response [200]&gt;</msg>
<var>${response}</var>
<arg>consultarAPI</arg>
<arg>/api</arg>
<doc>Sends a GET request on a previously created HTTP Session.</doc>
<status status="PASS" start="2024-03-27T22:14:44.728319" elapsed="0.086330"/>
</kw>
<kw name="Set Variable" owner="BuiltIn">
<msg time="2024-03-27T22:14:44.815498" level="INFO">${json_data} = {'results': [{'gender': 'female', 'name': {'title': 'Miss', 'first': 'Lada', 'last': 'Antipenko'}, 'location': {'street': {'number': 1798, 'name': 'Zarembi'}, 'city': 'Berislav', 'state': 'Luganska', ...</msg>
<var>${json_data}</var>
<arg>${response.json()}</arg>
<doc>Returns the given values which can then be assigned to a variables.</doc>
<status status="PASS" start="2024-03-27T22:14:44.815042" elapsed="0.000485"/>
</kw>
<kw name="Log" owner="BuiltIn">
<msg time="2024-03-27T22:14:44.815993" level="INFO">{'results': [{'gender': 'female', 'name': {'title': 'Miss', 'first': 'Lada', 'last': 'Antipenko'}, 'location': {'street': {'number': 1798, 'name': 'Zarembi'}, 'city': 'Berislav', 'state': 'Luganska', 'country': 'Ukraine', 'postcode': 50940, 'coordinates': {'latitude': '74.8038', 'longitude': '85.4913'}, 'timezone': {'offset': '-5:00', 'description': 'Eastern Time (US &amp; Canada), Bogota, Lima'}}, 'email': 'lada.antipenko@example.com', 'login': {'uuid': '60342517-7266-4635-b274-894268f412e7', 'username': 'crazyleopard657', 'password': 'holland', 'salt': 'lzzznvTl', 'md5': 'b5aa0831bebc29eda82eb3c87ff08c65', 'sha1': '11e1dec797508dffec0e70f9c28b961823eabb0a', 'sha256': '68ddb27b9dee8f7ef35b5d7a89907daf443e132c253b7f5e880b82868ecec91d'}, 'dob': {'date': '1959-03-21T20:45:13.417Z', 'age': 65}, 'registered': {'date': '2005-06-30T11:39:07.967Z', 'age': 18}, 'phone': '(096) Y20-1842', 'cell': '(067) I61-0631', 'id': {'name': '', 'value': None}, 'picture': {'large': 'https://randomuser.me/api/portraits/women/38.jpg', 'medium': 'https://randomuser.me/api/portraits/med/women/38.jpg', 'thumbnail': 'https://randomuser.me/api/portraits/thumb/women/38.jpg'}, 'nat': 'UA'}], 'info': {'seed': '56dc5d4c296e8a0b', 'results': 1, 'page': 1, 'version': '1.4'}}</msg>
<arg>${json_data}</arg>
<doc>Logs the given message with the given level.</doc>
<status status="PASS" start="2024-03-27T22:14:44.815838" elapsed="0.000236"/>
</kw>
<kw name="Should Be Equal As Numbers" owner="BuiltIn">
<arg>${json_data['results'][0]['location']['postcode']}</arg>
<arg>${json_data['results'][0]['location']['postcode']}</arg>
<doc>Fails if objects are unequal after converting them to real numbers.</doc>
<status status="PASS" start="2024-03-27T22:14:44.816449" elapsed="0.000646"/>
</kw>
<kw name="Log" owner="BuiltIn">
<msg time="2024-03-27T22:14:44.817645" level="INFO">50940</msg>
<arg>${json_data['results'][0]['location']['postcode']}</arg>
<doc>Logs the given message with the given level.</doc>
<status status="PASS" start="2024-03-27T22:14:44.817294" elapsed="0.000393"/>
</kw>
<status status="PASS" start="2024-03-27T22:14:44.727964" elapsed="0.089988"/>
</kw>
<doc>Testa se os tipos de dados na resposta da API estão corretos.</doc>
<tag>testeTiposDados</tag>
<status status="PASS" start="2024-03-27T22:14:44.638485" elapsed="0.179637"/>
</test>
<test id="s1-s1-t5" name="Validar conteudo" line="35">
<kw name="Teste de Tipos de Conteudo" owner="random-user-service">
<kw name="GET On Session" owner="RequestsLibrary">
<msg time="2024-03-27T22:14:44.916886" level="INFO">GET Request : url=https://randomuser.me/api 
 path_url=/api 
 headers={'User-Agent': 'python-requests/2.31.0', 'Accept-Encoding': 'gzip, deflate', 'Accept': '*/*', 'Connection': 'keep-alive'} 
 body=None 
 </msg>
<msg time="2024-03-27T22:14:44.916950" level="INFO">GET Response : url=https://randomuser.me/api 
 status=200, reason=OK 
 headers={'Date': 'Wed, 27 Mar 2024 22:14:44 GMT', 'Content-Type': 'application/json; charset=utf-8', 'Transfer-Encoding': 'chunked', 'Connection': 'keep-alive', 'X-Powered-By': 'Express', 'Access-Control-Allow-Origin': '*', 'Cache-Control': 'no-cache', 'ETag': 'W/"480-Q/SxKs98DxgL/HsVc1UqjE7ztX8"', 'Vary': 'Accept-Encoding', 'Content-Encoding': 'gzip', 'CF-Cache-Status': 'DYNAMIC', 'Report-To': '{"endpoints":[{"url":"https:\\/\\/a.nel.cloudflare.com\\/report\\/v4?s=6fj1th9EOGmP2U%2FP8dhhMqVmv6dN1zaJKxB4W47Qp9cHYoOgV4Va4SmHVV0YfkfNWm0uJcU6%2B%2F3MdREM9fPMIYfDF61x0ElRE4YcOxDBc2A2z5Qqid7h8bJSZFXIaU%2BZ"}],"group":"cf-nel","max_age":604800}', 'NEL': '{"success_fraction":0,"report_to":"cf-nel","max_age":604800}', 'Server': 'cloudflare', 'CF-RAY': '86b2bc322c572d6d-ORD', 'alt-svc': 'h3=":443"; ma=86400'} 
 body={"results":[{"gender":"female","name":{"title":"Ms","first":"Inmaculada","last":"Hernández"},"location":{"street":{"number":4837,"name":"Avenida de Burgos"},"city":"Gijón","state":"Melilla","country":"Spain","postcode":31993,"coordinates":{"latitude":"-34.3780","longitude":"31.0381"},"timezone":{"offset":"-10:00","description":"Hawaii"}},"email":"inmaculada.hernandez@example.com","login":{"uuid":"66d1715d-3d8b-47d6-9d53-2693977f229c","username":"bluecat472","password":"foobar","salt":"2GQCYyvY","md5":"831609c89cc2e9d63fe92f61a081b4cb","sha1":"90b7f2547ae9b0026112b2c18123d15c6c5eefbc","sha256":"4ced8af10037a18a46d9e48d08082dd8f7595070e7c9e75e73e6097bca337d5d"},"dob":{"date":"1979-09-09T12:28:57.853Z","age":44},"registered":{"date":"2006-03-01T21:37:05.172Z","age":18},"phone":"944-911-582","cell":"645-866-003","id":{"name":"DNI","value":"85304954-A"},"picture":{"large":"https://randomuser.me/api/portraits/women/54.jpg","medium":"https://randomuser.me/api/portraits/med/women/54.jpg","thumbnail":"https://randomuser.me/api/portraits/thumb/women/54.jpg"},"nat":"ES"}],"info":{"seed":"c9507124b7157622","results":1,"page":1,"version":"1.4"}} 
 </msg>
<msg time="2024-03-27T22:14:44.917014" level="INFO">/opt/hostedtoolcache/Python/3.12.2/x64/lib/python3.12/site-packages/urllib3/connectionpool.py:1103: InsecureRequestWarning: Unverified HTTPS request is being made to host 'randomuser.me'. Adding certificate verification is strongly advised. See: https://urllib3.readthedocs.io/en/latest/advanced-usage.html#tls-warnings
  warnings.warn(</msg>
<msg time="2024-03-27T22:14:44.917099" level="INFO">${response} = &lt;Response [200]&gt;</msg>
<var>${response}</var>
<arg>consultarAPI</arg>
<arg>/api</arg>
<doc>Sends a GET request on a previously created HTTP Session.</doc>
<status status="PASS" start="2024-03-27T22:14:44.820595" elapsed="0.096529"/>
</kw>
<kw name="Set Variable" owner="BuiltIn">
<msg time="2024-03-27T22:14:44.917963" level="INFO">${json_data} = {'results': [{'gender': 'female', 'name': {'title': 'Ms', 'first': 'Inmaculada', 'last': 'Hernández'}, 'location': {'street': {'number': 4837, 'name': 'Avenida de Burgos'}, 'city': 'Gijón', 'state': '...</msg>
<var>${json_data}</var>
<arg>${response.json()}</arg>
<doc>Returns the given values which can then be assigned to a variables.</doc>
<status status="PASS" start="2024-03-27T22:14:44.917506" elapsed="0.000487"/>
</kw>
<kw name="Set Variable" owner="BuiltIn">
<msg time="2024-03-27T22:14:44.918670" level="INFO">${name_title} = Ms</msg>
<var>${name_title}</var>
<arg>${json_data["results"][0]["name"]["title"]}</arg>
<doc>Returns the given values which can then be assigned to a variables.</doc>
<status status="PASS" start="2024-03-27T22:14:44.918296" elapsed="0.000400"/>
</kw>
<kw name="Create List" owner="BuiltIn">
<msg time="2024-03-27T22:14:44.919149" level="INFO">${allowed_titles} = ['Mr', 'Ms', 'Miss', 'Mrs', 'Madame', 'Monsieur']</msg>
<var>${allowed_titles}</var>
<arg>Mr</arg>
<arg>Ms</arg>
<arg>Miss</arg>
<arg>Mrs</arg>
<arg>Madame</arg>
<arg>Monsieur</arg>
<doc>Returns a list containing given items.</doc>
<status status="PASS" start="2024-03-27T22:14:44.918998" elapsed="0.000175"/>
</kw>
<kw name="List Should Contain Value" owner="Collections">
<msg time="2024-03-27T22:14:44.919659" level="INFO">False</msg>
<arg>${allowed_titles}</arg>
<arg>${name_title}</arg>
<doc>Fails if the ``value`` is not found from ``list``.</doc>
<status status="PASS" start="2024-03-27T22:14:44.919484" elapsed="0.000213"/>
</kw>
<kw name="Set Variable" owner="BuiltIn">
<msg time="2024-03-27T22:14:44.920407" level="INFO">${name_country} = ES</msg>
<var>${name_country}</var>
<arg>${json_data["results"][0]["nat"]}</arg>
<doc>Returns the given values which can then be assigned to a variables.</doc>
<status status="PASS" start="2024-03-27T22:14:44.919987" elapsed="0.000447"/>
</kw>
<kw name="Create List" owner="BuiltIn">
<msg time="2024-03-27T22:14:44.921364" level="INFO">${list_country} = ['AD', 'AE', 'AF', 'AG', 'AI', 'AL', 'AM', 'AO', 'AQ', 'AR', 'AS', 'AT', 'AU', 'AW', 'AX', 'AZ', 'BA', 'BB', 'BD', 'BE', 'BF', 'BG', 'BH', 'BI', 'BJ', 'BL', 'BM', 'BN', 'BO', 'BQ', 'BR', 'BS', 'BT', '...</msg>
<var>${list_country}</var>
<arg>AD</arg>
<arg>AE</arg>
<arg>AF</arg>
<arg>AG</arg>
<arg>AI</arg>
<arg>AL</arg>
<arg>AM</arg>
<arg>AO</arg>
<arg>AQ</arg>
<arg>AR</arg>
<arg>AS</arg>
<arg>AT</arg>
<arg>AU</arg>
<arg>AW</arg>
<arg>AX</arg>
<arg>AZ</arg>
<arg>BA</arg>
<arg>BB</arg>
<arg>BD</arg>
<arg>BE</arg>
<arg>BF</arg>
<arg>BG</arg>
<arg>BH</arg>
<arg>BI</arg>
<arg>BJ</arg>
<arg>BL</arg>
<arg>BM</arg>
<arg>BN</arg>
<arg>BO</arg>
<arg>BQ</arg>
<arg>BR</arg>
<arg>BS</arg>
<arg>BT</arg>
<arg>BV</arg>
<arg>BW</arg>
<arg>BY</arg>
<arg>BZ</arg>
<arg>CA</arg>
<arg>CC</arg>
<arg>CD</arg>
<arg>CF</arg>
<arg>CG</arg>
<arg>CH</arg>
<arg>CI</arg>
<arg>CK</arg>
<arg>CL</arg>
<arg>CM</arg>
<arg>CN</arg>
<arg>CO</arg>
<arg>CR</arg>
<arg>CU</arg>
<arg>CV</arg>
<arg>CW</arg>
<arg>CX</arg>
<arg>CY</arg>
<arg>CZ</arg>
<arg>DE</arg>
<arg>DJ</arg>
<arg>DK</arg>
<arg>DM</arg>
<arg>DO</arg>
<arg>DZ</arg>
<arg>EC</arg>
<arg>EE</arg>
<arg>EG</arg>
<arg>EH</arg>
<arg>ER</arg>
<arg>ES</arg>
<arg>ET</arg>
<arg>FI</arg>
<arg>FJ</arg>
<arg>FK</arg>
<arg>FM</arg>
<arg>FO</arg>
<arg>FR</arg>
<arg>GA</arg>
<arg>GB</arg>
<arg>GD</arg>
<arg>GE</arg>
<arg>GF</arg>
<arg>GG</arg>
<arg>GH</arg>
<arg>GI</arg>
<arg>GL</arg>
<arg>GM</arg>
<arg>GN</arg>
<arg>GP</arg>
<arg>GQ</arg>
<arg>GR</arg>
<arg>GS</arg>
<arg>GT</arg>
<arg>GU</arg>
<arg>GW</arg>
<arg>GY</arg>
<arg>HK</arg>
<arg>HM</arg>
<arg>HN</arg>
<arg>HR</arg>
<arg>HT</arg>
<arg>HU</arg>
<arg>ID</arg>
<arg>IE</arg>
<arg>IL</arg>
<arg>IM</arg>
<arg>IN</arg>
<arg>IO</arg>
<arg>IQ</arg>
<arg>IR</arg>
<arg>IS</arg>
<arg>IT</arg>
<arg>JE</arg>
<arg>JM</arg>
<arg>JO</arg>
<arg>JP</arg>
<arg>KE</arg>
<arg>KG</arg>
<arg>KH</arg>
<arg>KI</arg>
<arg>KM</arg>
<arg>KN</arg>
<arg>KP</arg>
<arg>KR</arg>
<arg>KW</arg>
<arg>KY</arg>
<arg>KZ</arg>
<arg>LA</arg>
<arg>LB</arg>
<arg>LC</arg>
<arg>LI</arg>
<arg>LK</arg>
<arg>LR</arg>
<arg>LS</arg>
<arg>LT</arg>
<arg>LU</arg>
<arg>LV</arg>
<arg>LY</arg>
<arg>MA</arg>
<arg>MC</arg>
<arg>MD</arg>
<arg>ME</arg>
<arg>MF</arg>
<arg>MG</arg>
<arg>MH</arg>
<arg>MK</arg>
<arg>ML</arg>
<arg>MM</arg>
<arg>MN</arg>
<arg>MO</arg>
<arg>MP</arg>
<arg>MQ</arg>
<arg>MR</arg>
<arg>MS</arg>
<arg>MT</arg>
<arg>MU</arg>
<arg>MV</arg>
<arg>MW</arg>
<arg>MX</arg>
<arg>MY</arg>
<arg>MZ</arg>
<arg>NA</arg>
<arg>NC</arg>
<arg>NE</arg>
<arg>NF</arg>
<arg>NG</arg>
<arg>NI</arg>
<arg>NL</arg>
<arg>NO</arg>
<arg>NP</arg>
<arg>NR</arg>
<arg>NU</arg>
<arg>NZ</arg>
<arg>OM</arg>
<arg>PA</arg>
<arg>PE</arg>
<arg>PF</arg>
<arg>PG</arg>
<arg>PH</arg>
<arg>PK</arg>
<arg>PL</arg>
<arg>PM</arg>
<arg>PN</arg>
<arg>PR</arg>
<arg>PS</arg>
<arg>PT</arg>
<arg>PW</arg>
<arg>PY</arg>
<arg>QA</arg>
<arg>RE</arg>
<arg>RO</arg>
<arg>RS</arg>
<arg>RU</arg>
<arg>RW</arg>
<arg>SA</arg>
<arg>SB</arg>
<arg>SC</arg>
<arg>SD</arg>
<arg>SE</arg>
<arg>SG</arg>
<arg>SH</arg>
<arg>SI</arg>
<arg>SJ</arg>
<arg>SK</arg>
<arg>SL</arg>
<arg>SM</arg>
<arg>SN</arg>
<arg>SO</arg>
<arg>SR</arg>
<arg>SS</arg>
<arg>ST</arg>
<arg>SV</arg>
<arg>SX</arg>
<arg>SY</arg>
<arg>SZ</arg>
<arg>TC</arg>
<arg>TD</arg>
<arg>TF</arg>
<arg>TG</arg>
<arg>TH</arg>
<arg>TJ</arg>
<arg>TK</arg>
<arg>TL</arg>
<arg>TM</arg>
<arg>TN</arg>
<arg>TO</arg>
<arg>TR</arg>
<arg>TT</arg>
<arg>TV</arg>
<arg>TW</arg>
<arg>TZ</arg>
<arg>UA</arg>
<arg>UG</arg>
<arg>UM</arg>
<arg>US</arg>
<arg>UY</arg>
<arg>UZ</arg>
<arg>VA</arg>
<arg>VC</arg>
<arg>VE</arg>
<arg>VG</arg>
<arg>VI</arg>
<arg>VN</arg>
<arg>VU</arg>
<arg>WF</arg>
<arg>WS</arg>
<arg>XK</arg>
<arg>YE</arg>
<arg>YT</arg>
<arg>ZA</arg>
<arg>ZM</arg>
<arg>ZW</arg>
<doc>Returns a list containing given items.</doc>
<status status="PASS" start="2024-03-27T22:14:44.920756" elapsed="0.000635"/>
</kw>
<kw name="List Should Contain Value" owner="Collections">
<msg time="2024-03-27T22:14:44.922493" level="INFO">False</msg>
<arg>${list_country}</arg>
<arg>${name_country}</arg>
<doc>Fails if the ``value`` is not found from ``list``.</doc>
<status status="PASS" start="2024-03-27T22:14:44.922288" elapsed="0.000243"/>
</kw>
<kw name="Run Keyword If" owner="BuiltIn">
<kw name="Should Be True" owner="BuiltIn">
<arg>${True}</arg>
<doc>Fails if the given condition is not true.</doc>
<status status="PASS" start="2024-03-27T22:14:44.923624" elapsed="0.000147"/>
</kw>
<arg>${json_data["results"][0]["location"]["coordinates"]["latitude"]} &gt;= -90 and ${json_data["results"][0]["location"]["coordinates"]["latitude"]} &lt;= 90</arg>
<arg>Should Be True</arg>
<arg>${True}</arg>
<doc>Runs the given keyword with the given arguments, if ``condition`` is true.</doc>
<status status="PASS" start="2024-03-27T22:14:44.922852" elapsed="0.001063"/>
</kw>
<kw name="Run Keyword If" owner="BuiltIn">
<kw name="Should Be True" owner="BuiltIn">
<arg>${True}</arg>
<doc>Fails if the given condition is not true.</doc>
<status status="PASS" start="2024-03-27T22:14:44.924833" elapsed="0.000144"/>
</kw>
<arg>${json_data["results"][0]["location"]["coordinates"]["longitude"]} &gt;= -180 and ${json_data["results"][0]["location"]["coordinates"]["longitude"]} &lt;= 180</arg>
<arg>Should Be True</arg>
<arg>${True}</arg>
<doc>Runs the given keyword with the given arguments, if ``condition`` is true.</doc>
<status status="PASS" start="2024-03-27T22:14:44.924106" elapsed="0.001004"/>
</kw>
<status status="PASS" start="2024-03-27T22:14:44.820357" elapsed="0.104882"/>
</kw>
<doc>Testa o conteúdo específico dos campos retornados pela API.</doc>
<tag>testeConteudo</tag>
<status status="PASS" start="2024-03-27T22:14:44.819885" elapsed="0.105514"/>
</test>
<status status="PASS" start="2024-03-27T22:14:44.118885" elapsed="0.808416"/>
</suite>
<status status="PASS" start="2024-03-27T22:14:44.105304" elapsed="0.827399"/>
</suite>
<statistics>
<total>
<stat pass="5" fail="0" skip="0">All Tests</stat>
</total>
<tag>
<stat pass="1" fail="0" skip="0">testeConteudo</stat>
<stat pass="1" fail="0" skip="0">testeEstruturaResposta</stat>
<stat pass="1" fail="0" skip="0">testeRequisicaoBasica</stat>
<stat pass="1" fail="0" skip="0">testeTiposDados</stat>
</tag>
<suite>
<stat pass="5" fail="0" skip="0" id="s1" name="Tests">Tests</stat>
<stat pass="5" fail="0" skip="0" id="s1-s1" name="Random-User-Test">Tests.Random-User-Test</stat>
</suite>
</statistics>
<errors>
</errors>
</robot>
