<?xml version="1.0" encoding="UTF-8"?>
<robot generator="Robot 7.0.1 (Python 3.12.4 on linux)" generated="2024-07-26T10:16:25.489689" rpa="false" schemaversion="5">
<suite id="s1" name="Tests" source="/home/runner/work/ApiRandomUser/ApiRandomUser/RamdonUser/tests">
<suite id="s1-s1" name="Random-User-Test" source="/home/runner/work/ApiRandomUser/ApiRandomUser/RamdonUser/tests/random-user-test.robot">
<test id="s1-s1-t1" name="Conectar" line="13">
<kw name="Conectar API" owner="random-user-service">
<kw name="Create Session" owner="RequestsLibrary">
<msg time="2024-07-26T10:16:25.879937" level="INFO">Creating Session using : alias=consultarAPI, url=https://randomuser.me/, headers={},                     cookies={}, auth=None, timeout=None, proxies=None, verify=False,                     debug=0 </msg>
<arg>consultarAPI</arg>
<arg>${URL}</arg>
<doc>Create Session: create a HTTP session to a server</doc>
<status status="PASS" start="2024-07-26T10:16:25.879739" elapsed="0.000369"/>
</kw>
<status status="PASS" start="2024-07-26T10:16:25.878733" elapsed="0.001724"/>
</kw>
<status status="PASS" start="2024-07-26T10:16:25.878225" elapsed="0.002425"/>
</test>
<test id="s1-s1-t2" name="Validar retorno 200 e JSON Válido" line="16">
<kw name="Teste de Requisicao Basica" owner="random-user-service">
<kw name="GET On Session" owner="RequestsLibrary">
<msg time="2024-07-26T10:16:26.066237" level="INFO">GET Request : url=https://randomuser.me/api 
 path_url=/api 
 headers={'User-Agent': 'python-requests/2.32.3', 'Accept-Encoding': 'gzip, deflate', 'Accept': '*/*', 'Connection': 'keep-alive'} 
 body=None 
 </msg>
<msg time="2024-07-26T10:16:26.066357" level="INFO">GET Response : url=https://randomuser.me/api 
 status=200, reason=OK 
 headers={'Date': 'Fri, 26 Jul 2024 10:16:26 GMT', 'Content-Type': 'application/json; charset=utf-8', 'Transfer-Encoding': 'chunked', 'Connection': 'keep-alive', 'X-Powered-By': 'Express', 'Access-Control-Allow-Origin': '*', 'Cache-Control': 'no-cache', 'ETag': 'W/"48e-WMNUqqXB2W1WH6f3/UBsOdgnuEg"', 'Vary': 'Accept-Encoding', 'Content-Encoding': 'gzip', 'CF-Cache-Status': 'DYNAMIC', 'Report-To': '{"endpoints":[{"url":"https:\\/\\/a.nel.cloudflare.com\\/report\\/v4?s=7kW018MYm6UudDKUZY5uG%2BFjSROnB7pIq3Kf2HQ0U58KZFAnHNgG8oOmbEiEWQVT7bMqt0a%2BFvbo7gHNDfU7sYh0Wpn%2BUW%2Fr%2B8mHN2UayJ1QdsgqS2ms%2F2duRDqbkeHO"}],"group":"cf-nel","max_age":604800}', 'NEL': '{"success_fraction":0,"report_to":"cf-nel","max_age":604800}', 'Server': 'cloudflare', 'CF-RAY': '8a93a25aae5105de-IAD', 'alt-svc': 'h3=":443"; ma=86400'} 
 body={"results":[{"gender":"male","name":{"title":"Mr","first":"Naveen","last":"Bangera"},"location":{"street":{"number":1649,"name":"Rajpath"},"city":"Kottayam","state":"Madhya Pradesh","country":"India","postcode":80452,"coordinates":{"latitude":"10.4366","longitude":"-70.7417"},"timezone":{"offset":"+3:00","description":"Baghdad, Riyadh, Moscow, St. Petersburg"}},"email":"naveen.bangera@example.com","login":{"uuid":"a182a89c-1e07-458f-b60f-ed6903cb863f","username":"angryzebra933","password":"gamma","salt":"f4bBuH9l","md5":"8ed16272e1153c8155080e9db192d9ea","sha1":"e4625781fee53234172e83729ef607b7187049dc","sha256":"f14653d3633b0a62b87a17d0d2670318fa1589cf70351aa11655e88ab0312c7b"},"dob":{"date":"1990-11-14T11:19:43.648Z","age":33},"registered":{"date":"2010-08-30T02:01:59.509Z","age":13},"phone":"7277532901","cell":"9863202586","id":{"name":"UIDAI","value":"123673298376"},"picture":{"large":"https://randomuser.me/api/portraits/men/60.jpg","medium":"https://randomuser.me/api/portraits/med/men/60.jpg","thumbnail":"https://randomuser.me/api/portraits/thumb/men/60.jpg"},"nat":"IN"}],"info":{"seed":"3bf6a1549e8e0f95","results":1,"page":1,"version":"1.4"}} 
 </msg>
<msg time="2024-07-26T10:16:26.066433" level="INFO">/opt/hostedtoolcache/Python/3.12.4/x64/lib/python3.12/site-packages/urllib3/connectionpool.py:1099: InsecureRequestWarning: Unverified HTTPS request is being made to host 'randomuser.me'. Adding certificate verification is strongly advised. See: https://urllib3.readthedocs.io/en/latest/advanced-usage.html#tls-warnings
  warnings.warn(</msg>
<msg time="2024-07-26T10:16:26.066571" level="INFO">${response} = &lt;Response [200]&gt;</msg>
<var>${response}</var>
<arg>consultarAPI</arg>
<arg>/api</arg>
<doc>Sends a GET request on a previously created HTTP Session.</doc>
<status status="PASS" start="2024-07-26T10:16:25.883229" elapsed="0.183384"/>
</kw>
<kw name="Should Be Equal As Numbers" owner="BuiltIn">
<msg time="2024-07-26T10:16:26.067490" level="INFO">Argument types are:
&lt;class 'int'&gt;
&lt;class 'str'&gt;</msg>
<arg>${response.status_code}</arg>
<arg>200</arg>
<doc>Fails if objects are unequal after converting them to real numbers.</doc>
<status status="PASS" start="2024-07-26T10:16:26.067059" elapsed="0.000497"/>
</kw>
<kw name="Log" owner="BuiltIn">
<msg time="2024-07-26T10:16:26.068285" level="INFO">200</msg>
<arg>${response.status_code}</arg>
<doc>Logs the given message with the given level.</doc>
<status status="PASS" start="2024-07-26T10:16:26.067922" elapsed="0.000407"/>
</kw>
<kw name="Set Variable" owner="BuiltIn">
<msg time="2024-07-26T10:16:26.069185" level="INFO">${json_data} = {'results': [{'gender': 'male', 'name': {'title': 'Mr', 'first': 'Naveen', 'last': 'Bangera'}, 'location': {'street': {'number': 1649, 'name': 'Rajpath'}, 'city': 'Kottayam', 'state': 'Madhya Pradesh'...</msg>
<var>${json_data}</var>
<arg>${response.json()}</arg>
<doc>Returns the given values which can then be assigned to a variables.</doc>
<status status="PASS" start="2024-07-26T10:16:26.068683" elapsed="0.000531"/>
</kw>
<kw name="Dictionary Should Contain Key" owner="Collections">
<arg>${json_data}</arg>
<arg>results</arg>
<doc>Fails if ``key`` is not found from ``dictionary``.</doc>
<status status="PASS" start="2024-07-26T10:16:26.069530" elapsed="0.000311"/>
</kw>
<status status="PASS" start="2024-07-26T10:16:25.882987" elapsed="0.187007"/>
</kw>
<doc>Testa se a API responde corretamente e retorna um objeto JSON válido.</doc>
<tag>testeRequisicaoBasica</tag>
<status status="PASS" start="2024-07-26T10:16:25.882537" elapsed="0.187636"/>
</test>
<test id="s1-s1-t3" name="Validar estrutura de resposta" line="22">
<kw name="Teste de Estrutura de Resposta" owner="random-user-service">
<kw name="GET On Session" owner="RequestsLibrary">
<msg time="2024-07-26T10:16:26.171125" level="INFO">GET Request : url=https://randomuser.me/api 
 path_url=/api 
 headers={'User-Agent': 'python-requests/2.32.3', 'Accept-Encoding': 'gzip, deflate', 'Accept': '*/*', 'Connection': 'keep-alive'} 
 body=None 
 </msg>
<msg time="2024-07-26T10:16:26.171204" level="INFO">GET Response : url=https://randomuser.me/api 
 status=200, reason=OK 
 headers={'Date': 'Fri, 26 Jul 2024 10:16:26 GMT', 'Content-Type': 'application/json; charset=utf-8', 'Transfer-Encoding': 'chunked', 'Connection': 'keep-alive', 'X-Powered-By': 'Express', 'Access-Control-Allow-Origin': '*', 'Cache-Control': 'no-cache', 'ETag': 'W/"4a6-1j7HvK5lS8dhj86EY+S+ca3eJIg"', 'Vary': 'Accept-Encoding', 'Content-Encoding': 'gzip', 'CF-Cache-Status': 'DYNAMIC', 'Report-To': '{"endpoints":[{"url":"https:\\/\\/a.nel.cloudflare.com\\/report\\/v4?s=JHWHZmGwizw%2Fk%2BAl5SkCHoKb8sL0k6C%2Bp5gjL8qnr8zE%2Bvi9HEHLvXX6g4wA9HEChgPT6F6kY5B8gym%2F4a5CXDj7IqoMHX%2FrWZSJjhAzikQ7lOg9e8up5ccOH0KWDi%2FE"}],"group":"cf-nel","max_age":604800}', 'NEL': '{"success_fraction":0,"report_to":"cf-nel","max_age":604800}', 'Server': 'cloudflare', 'CF-RAY': '8a93a25afed305de-IAD', 'alt-svc': 'h3=":443"; ma=86400'} 
 body={"results":[{"gender":"male","name":{"title":"Mr","first":"Jaap-Jan","last":"Van Montfort"},"location":{"street":{"number":2045,"name":"Achelstraat"},"city":"Elshof","state":"Overijssel","country":"Netherlands","postcode":"7591 MK","coordinates":{"latitude":"31.4928","longitude":"-124.8583"},"timezone":{"offset":"+9:00","description":"Tokyo, Seoul, Osaka, Sapporo, Yakutsk"}},"email":"jaap-jan.vanmontfort@example.com","login":{"uuid":"6de303b0-8c02-4967-bd06-cd02549603d1","username":"angrygoose808","password":"streaming","salt":"GWdiKzDD","md5":"10b2ee2e8600155137474883374e3f73","sha1":"5678555a1e9205931b869ca34a348ef96eba643f","sha256":"7fbede55083e90263c30ace743711520a3ade4d311478fcd3d141d8ceca304d3"},"dob":{"date":"1991-10-14T12:12:24.682Z","age":32},"registered":{"date":"2002-04-18T01:48:43.311Z","age":22},"phone":"(0704) 100344","cell":"(06) 84250060","id":{"name":"BSN","value":"12140771"},"picture":{"large":"https://randomuser.me/api/portraits/men/14.jpg","medium":"https://randomuser.me/api/portraits/med/men/14.jpg","thumbnail":"https://randomuser.me/api/portraits/thumb/men/14.jpg"},"nat":"NL"}],"info":{"seed":"3ebd523010fc8d63","results":1,"page":1,"version":"1.4"}} 
 </msg>
<msg time="2024-07-26T10:16:26.171320" level="INFO">/opt/hostedtoolcache/Python/3.12.4/x64/lib/python3.12/site-packages/urllib3/connectionpool.py:1099: InsecureRequestWarning: Unverified HTTPS request is being made to host 'randomuser.me'. Adding certificate verification is strongly advised. See: https://urllib3.readthedocs.io/en/latest/advanced-usage.html#tls-warnings
  warnings.warn(</msg>
<msg time="2024-07-26T10:16:26.171444" level="INFO">${response} = &lt;Response [200]&gt;</msg>
<var>${response}</var>
<arg>consultarAPI</arg>
<arg>/api</arg>
<doc>Sends a GET request on a previously created HTTP Session.</doc>
<status status="PASS" start="2024-07-26T10:16:26.073416" elapsed="0.098070"/>
</kw>
<kw name="Set Variable" owner="BuiltIn">
<msg time="2024-07-26T10:16:26.172268" level="INFO">${json_data} = {'results': [{'gender': 'male', 'name': {'title': 'Mr', 'first': 'Jaap-Jan', 'last': 'Van Montfort'}, 'location': {'street': {'number': 2045, 'name': 'Achelstraat'}, 'city': 'Elshof', 'state': 'Overij...</msg>
<var>${json_data}</var>
<arg>${response.json()}</arg>
<doc>Returns the given values which can then be assigned to a variables.</doc>
<status status="PASS" start="2024-07-26T10:16:26.171830" elapsed="0.000466"/>
</kw>
<kw name="Log" owner="BuiltIn">
<msg time="2024-07-26T10:16:26.172755" level="INFO">{'results': [{'gender': 'male', 'name': {'title': 'Mr', 'first': 'Jaap-Jan', 'last': 'Van Montfort'}, 'location': {'street': {'number': 2045, 'name': 'Achelstraat'}, 'city': 'Elshof', 'state': 'Overijssel', 'country': 'Netherlands', 'postcode': '7591 MK', 'coordinates': {'latitude': '31.4928', 'longitude': '-124.8583'}, 'timezone': {'offset': '+9:00', 'description': 'Tokyo, Seoul, Osaka, Sapporo, Yakutsk'}}, 'email': 'jaap-jan.vanmontfort@example.com', 'login': {'uuid': '6de303b0-8c02-4967-bd06-cd02549603d1', 'username': 'angrygoose808', 'password': 'streaming', 'salt': 'GWdiKzDD', 'md5': '10b2ee2e8600155137474883374e3f73', 'sha1': '5678555a1e9205931b869ca34a348ef96eba643f', 'sha256': '7fbede55083e90263c30ace743711520a3ade4d311478fcd3d141d8ceca304d3'}, 'dob': {'date': '1991-10-14T12:12:24.682Z', 'age': 32}, 'registered': {'date': '2002-04-18T01:48:43.311Z', 'age': 22}, 'phone': '(0704) 100344', 'cell': '(06) 84250060', 'id': {'name': 'BSN', 'value': '12140771'}, 'picture': {'large': 'https://randomuser.me/api/portraits/men/14.jpg', 'medium': 'https://randomuser.me/api/portraits/med/men/14.jpg', 'thumbnail': 'https://randomuser.me/api/portraits/thumb/men/14.jpg'}, 'nat': 'NL'}], 'info': {'seed': '3ebd523010fc8d63', 'results': 1, 'page': 1, 'version': '1.4'}}</msg>
<arg>${json_data}</arg>
<doc>Logs the given message with the given level.</doc>
<status status="PASS" start="2024-07-26T10:16:26.172596" elapsed="0.000206"/>
</kw>
<kw name="Dictionary Should Contain Key" owner="Collections">
<arg>${json_data}</arg>
<arg>results</arg>
<doc>Fails if ``key`` is not found from ``dictionary``.</doc>
<status status="PASS" start="2024-07-26T10:16:26.173116" elapsed="0.000162"/>
</kw>
<kw name="Should Not Be Empty" owner="BuiltIn">
<msg time="2024-07-26T10:16:26.173588" level="INFO">Length is 2.</msg>
<arg>${json_data}</arg>
<doc>Verifies that the given item is not empty.</doc>
<status status="PASS" start="2024-07-26T10:16:26.173464" elapsed="0.000160"/>
</kw>
<kw name="Create List" owner="BuiltIn">
<msg time="2024-07-26T10:16:26.174052" level="INFO">${expected_keys} = ['gender', 'name', 'location', 'email', 'login']</msg>
<var>${expected_keys}</var>
<arg>gender</arg>
<arg>name</arg>
<arg>location</arg>
<arg>email</arg>
<arg>login</arg>
<doc>Returns a list containing given items.</doc>
<status status="PASS" start="2024-07-26T10:16:26.173903" elapsed="0.000172"/>
</kw>
<for flavor="IN">
<iter>
<kw name="Dictionary Should Contain Key" owner="Collections">
<arg>${json_data['results'][0]}</arg>
<arg>${key}</arg>
<doc>Fails if ``key`` is not found from ``dictionary``.</doc>
<status status="PASS" start="2024-07-26T10:16:26.174644" elapsed="0.000396"/>
</kw>
<kw name="Log" owner="BuiltIn">
<msg time="2024-07-26T10:16:26.175585" level="INFO">{'gender': 'male', 'name': {'title': 'Mr', 'first': 'Jaap-Jan', 'last': 'Van Montfort'}, 'location': {'street': {'number': 2045, 'name': 'Achelstraat'}, 'city': 'Elshof', 'state': 'Overijssel', 'country': 'Netherlands', 'postcode': '7591 MK', 'coordinates': {'latitude': '31.4928', 'longitude': '-124.8583'}, 'timezone': {'offset': '+9:00', 'description': 'Tokyo, Seoul, Osaka, Sapporo, Yakutsk'}}, 'email': 'jaap-jan.vanmontfort@example.com', 'login': {'uuid': '6de303b0-8c02-4967-bd06-cd02549603d1', 'username': 'angrygoose808', 'password': 'streaming', 'salt': 'GWdiKzDD', 'md5': '10b2ee2e8600155137474883374e3f73', 'sha1': '5678555a1e9205931b869ca34a348ef96eba643f', 'sha256': '7fbede55083e90263c30ace743711520a3ade4d311478fcd3d141d8ceca304d3'}, 'dob': {'date': '1991-10-14T12:12:24.682Z', 'age': 32}, 'registered': {'date': '2002-04-18T01:48:43.311Z', 'age': 22}, 'phone': '(0704) 100344', 'cell': '(06) 84250060', 'id': {'name': 'BSN', 'value': '12140771'}, 'picture': {'large': 'https://randomuser.me/api/portraits/men/14.jpg', 'medium': 'https://randomuser.me/api/portraits/med/men/14.jpg', 'thumbnail': 'https://randomuser.me/api/portraits/thumb/men/14.jpg'}, 'nat': 'NL'}</msg>
<arg>${json_data['results'][0]}</arg>
<doc>Logs the given message with the given level.</doc>
<status status="PASS" start="2024-07-26T10:16:26.175223" elapsed="0.000409"/>
</kw>
<kw name="Log" owner="BuiltIn">
<msg time="2024-07-26T10:16:26.176066" level="INFO">gender</msg>
<arg>${key}</arg>
<doc>Logs the given message with the given level.</doc>
<status status="PASS" start="2024-07-26T10:16:26.175929" elapsed="0.000176"/>
</kw>
<var name="${key}">gender</var>
<status status="PASS" start="2024-07-26T10:16:26.174520" elapsed="0.001801"/>
</iter>
<iter>
<kw name="Dictionary Should Contain Key" owner="Collections">
<arg>${json_data['results'][0]}</arg>
<arg>${key}</arg>
<doc>Fails if ``key`` is not found from ``dictionary``.</doc>
<status status="PASS" start="2024-07-26T10:16:26.176614" elapsed="0.000390"/>
</kw>
<kw name="Log" owner="BuiltIn">
<msg time="2024-07-26T10:16:26.177610" level="INFO">{'gender': 'male', 'name': {'title': 'Mr', 'first': 'Jaap-Jan', 'last': 'Van Montfort'}, 'location': {'street': {'number': 2045, 'name': 'Achelstraat'}, 'city': 'Elshof', 'state': 'Overijssel', 'country': 'Netherlands', 'postcode': '7591 MK', 'coordinates': {'latitude': '31.4928', 'longitude': '-124.8583'}, 'timezone': {'offset': '+9:00', 'description': 'Tokyo, Seoul, Osaka, Sapporo, Yakutsk'}}, 'email': 'jaap-jan.vanmontfort@example.com', 'login': {'uuid': '6de303b0-8c02-4967-bd06-cd02549603d1', 'username': 'angrygoose808', 'password': 'streaming', 'salt': 'GWdiKzDD', 'md5': '10b2ee2e8600155137474883374e3f73', 'sha1': '5678555a1e9205931b869ca34a348ef96eba643f', 'sha256': '7fbede55083e90263c30ace743711520a3ade4d311478fcd3d141d8ceca304d3'}, 'dob': {'date': '1991-10-14T12:12:24.682Z', 'age': 32}, 'registered': {'date': '2002-04-18T01:48:43.311Z', 'age': 22}, 'phone': '(0704) 100344', 'cell': '(06) 84250060', 'id': {'name': 'BSN', 'value': '12140771'}, 'picture': {'large': 'https://randomuser.me/api/portraits/men/14.jpg', 'medium': 'https://randomuser.me/api/portraits/med/men/14.jpg', 'thumbnail': 'https://randomuser.me/api/portraits/thumb/men/14.jpg'}, 'nat': 'NL'}</msg>
<arg>${json_data['results'][0]}</arg>
<doc>Logs the given message with the given level.</doc>
<status status="PASS" start="2024-07-26T10:16:26.177246" elapsed="0.000410"/>
</kw>
<kw name="Log" owner="BuiltIn">
<msg time="2024-07-26T10:16:26.178074" level="INFO">name</msg>
<arg>${key}</arg>
<doc>Logs the given message with the given level.</doc>
<status status="PASS" start="2024-07-26T10:16:26.177948" elapsed="0.000162"/>
</kw>
<var name="${key}">name</var>
<status status="PASS" start="2024-07-26T10:16:26.176504" elapsed="0.001823"/>
</iter>
<iter>
<kw name="Dictionary Should Contain Key" owner="Collections">
<arg>${json_data['results'][0]}</arg>
<arg>${key}</arg>
<doc>Fails if ``key`` is not found from ``dictionary``.</doc>
<status status="PASS" start="2024-07-26T10:16:26.178610" elapsed="0.000377"/>
</kw>
<kw name="Log" owner="BuiltIn">
<msg time="2024-07-26T10:16:26.179523" level="INFO">{'gender': 'male', 'name': {'title': 'Mr', 'first': 'Jaap-Jan', 'last': 'Van Montfort'}, 'location': {'street': {'number': 2045, 'name': 'Achelstraat'}, 'city': 'Elshof', 'state': 'Overijssel', 'country': 'Netherlands', 'postcode': '7591 MK', 'coordinates': {'latitude': '31.4928', 'longitude': '-124.8583'}, 'timezone': {'offset': '+9:00', 'description': 'Tokyo, Seoul, Osaka, Sapporo, Yakutsk'}}, 'email': 'jaap-jan.vanmontfort@example.com', 'login': {'uuid': '6de303b0-8c02-4967-bd06-cd02549603d1', 'username': 'angrygoose808', 'password': 'streaming', 'salt': 'GWdiKzDD', 'md5': '10b2ee2e8600155137474883374e3f73', 'sha1': '5678555a1e9205931b869ca34a348ef96eba643f', 'sha256': '7fbede55083e90263c30ace743711520a3ade4d311478fcd3d141d8ceca304d3'}, 'dob': {'date': '1991-10-14T12:12:24.682Z', 'age': 32}, 'registered': {'date': '2002-04-18T01:48:43.311Z', 'age': 22}, 'phone': '(0704) 100344', 'cell': '(06) 84250060', 'id': {'name': 'BSN', 'value': '12140771'}, 'picture': {'large': 'https://randomuser.me/api/portraits/men/14.jpg', 'medium': 'https://randomuser.me/api/portraits/med/men/14.jpg', 'thumbnail': 'https://randomuser.me/api/portraits/thumb/men/14.jpg'}, 'nat': 'NL'}</msg>
<arg>${json_data['results'][0]}</arg>
<doc>Logs the given message with the given level.</doc>
<status status="PASS" start="2024-07-26T10:16:26.179175" elapsed="0.000403"/>
</kw>
<kw name="Log" owner="BuiltIn">
<msg time="2024-07-26T10:16:26.179999" level="INFO">location</msg>
<arg>${key}</arg>
<doc>Logs the given message with the given level.</doc>
<status status="PASS" start="2024-07-26T10:16:26.179871" elapsed="0.000165"/>
</kw>
<var name="${key}">location</var>
<status status="PASS" start="2024-07-26T10:16:26.178502" elapsed="0.001748"/>
</iter>
<iter>
<kw name="Dictionary Should Contain Key" owner="Collections">
<arg>${json_data['results'][0]}</arg>
<arg>${key}</arg>
<doc>Fails if ``key`` is not found from ``dictionary``.</doc>
<status status="PASS" start="2024-07-26T10:16:26.180554" elapsed="0.000385"/>
</kw>
<kw name="Log" owner="BuiltIn">
<msg time="2024-07-26T10:16:26.181673" level="INFO">{'gender': 'male', 'name': {'title': 'Mr', 'first': 'Jaap-Jan', 'last': 'Van Montfort'}, 'location': {'street': {'number': 2045, 'name': 'Achelstraat'}, 'city': 'Elshof', 'state': 'Overijssel', 'country': 'Netherlands', 'postcode': '7591 MK', 'coordinates': {'latitude': '31.4928', 'longitude': '-124.8583'}, 'timezone': {'offset': '+9:00', 'description': 'Tokyo, Seoul, Osaka, Sapporo, Yakutsk'}}, 'email': 'jaap-jan.vanmontfort@example.com', 'login': {'uuid': '6de303b0-8c02-4967-bd06-cd02549603d1', 'username': 'angrygoose808', 'password': 'streaming', 'salt': 'GWdiKzDD', 'md5': '10b2ee2e8600155137474883374e3f73', 'sha1': '5678555a1e9205931b869ca34a348ef96eba643f', 'sha256': '7fbede55083e90263c30ace743711520a3ade4d311478fcd3d141d8ceca304d3'}, 'dob': {'date': '1991-10-14T12:12:24.682Z', 'age': 32}, 'registered': {'date': '2002-04-18T01:48:43.311Z', 'age': 22}, 'phone': '(0704) 100344', 'cell': '(06) 84250060', 'id': {'name': 'BSN', 'value': '12140771'}, 'picture': {'large': 'https://randomuser.me/api/portraits/men/14.jpg', 'medium': 'https://randomuser.me/api/portraits/med/men/14.jpg', 'thumbnail': 'https://randomuser.me/api/portraits/thumb/men/14.jpg'}, 'nat': 'NL'}</msg>
<arg>${json_data['results'][0]}</arg>
<doc>Logs the given message with the given level.</doc>
<status status="PASS" start="2024-07-26T10:16:26.181271" elapsed="0.000451"/>
</kw>
<kw name="Log" owner="BuiltIn">
<msg time="2024-07-26T10:16:26.182152" level="INFO">email</msg>
<arg>${key}</arg>
<doc>Logs the given message with the given level.</doc>
<status status="PASS" start="2024-07-26T10:16:26.182021" elapsed="0.000169"/>
</kw>
<var name="${key}">email</var>
<status status="PASS" start="2024-07-26T10:16:26.180443" elapsed="0.001965"/>
</iter>
<iter>
<kw name="Dictionary Should Contain Key" owner="Collections">
<arg>${json_data['results'][0]}</arg>
<arg>${key}</arg>
<doc>Fails if ``key`` is not found from ``dictionary``.</doc>
<status status="PASS" start="2024-07-26T10:16:26.182689" elapsed="0.000374"/>
</kw>
<kw name="Log" owner="BuiltIn">
<msg time="2024-07-26T10:16:26.183597" level="INFO">{'gender': 'male', 'name': {'title': 'Mr', 'first': 'Jaap-Jan', 'last': 'Van Montfort'}, 'location': {'street': {'number': 2045, 'name': 'Achelstraat'}, 'city': 'Elshof', 'state': 'Overijssel', 'country': 'Netherlands', 'postcode': '7591 MK', 'coordinates': {'latitude': '31.4928', 'longitude': '-124.8583'}, 'timezone': {'offset': '+9:00', 'description': 'Tokyo, Seoul, Osaka, Sapporo, Yakutsk'}}, 'email': 'jaap-jan.vanmontfort@example.com', 'login': {'uuid': '6de303b0-8c02-4967-bd06-cd02549603d1', 'username': 'angrygoose808', 'password': 'streaming', 'salt': 'GWdiKzDD', 'md5': '10b2ee2e8600155137474883374e3f73', 'sha1': '5678555a1e9205931b869ca34a348ef96eba643f', 'sha256': '7fbede55083e90263c30ace743711520a3ade4d311478fcd3d141d8ceca304d3'}, 'dob': {'date': '1991-10-14T12:12:24.682Z', 'age': 32}, 'registered': {'date': '2002-04-18T01:48:43.311Z', 'age': 22}, 'phone': '(0704) 100344', 'cell': '(06) 84250060', 'id': {'name': 'BSN', 'value': '12140771'}, 'picture': {'large': 'https://randomuser.me/api/portraits/men/14.jpg', 'medium': 'https://randomuser.me/api/portraits/med/men/14.jpg', 'thumbnail': 'https://randomuser.me/api/portraits/thumb/men/14.jpg'}, 'nat': 'NL'}</msg>
<arg>${json_data['results'][0]}</arg>
<doc>Logs the given message with the given level.</doc>
<status status="PASS" start="2024-07-26T10:16:26.183243" elapsed="0.000409"/>
</kw>
<kw name="Log" owner="BuiltIn">
<msg time="2024-07-26T10:16:26.184071" level="INFO">login</msg>
<arg>${key}</arg>
<doc>Logs the given message with the given level.</doc>
<status status="PASS" start="2024-07-26T10:16:26.183938" elapsed="0.000169"/>
</kw>
<var name="${key}">login</var>
<status status="PASS" start="2024-07-26T10:16:26.182580" elapsed="0.001738"/>
</iter>
<var>${key}</var>
<value>@{expected_keys}</value>
<status status="PASS" start="2024-07-26T10:16:26.174340" elapsed="0.010097"/>
</for>
<kw name="Create List" owner="BuiltIn">
<msg time="2024-07-26T10:16:26.184795" level="INFO">${expected_keysTwo} = ['username', 'password']</msg>
<var>${expected_keysTwo}</var>
<arg>username</arg>
<arg>password</arg>
<doc>Returns a list containing given items.</doc>
<status status="PASS" start="2024-07-26T10:16:26.184659" elapsed="0.000161"/>
</kw>
<for flavor="IN">
<iter>
<kw name="Dictionary Should Contain Key" owner="Collections">
<arg>${json_data['results'][0]['login']}</arg>
<arg>${keyTwo}</arg>
<doc>Fails if ``key`` is not found from ``dictionary``.</doc>
<status status="PASS" start="2024-07-26T10:16:26.185330" elapsed="0.000388"/>
</kw>
<kw name="Dictionary Should Contain Key" owner="Collections">
<arg>${json_data['results'][0]['login']}</arg>
<arg>${keyTwo}</arg>
<doc>Fails if ``key`` is not found from ``dictionary``.</doc>
<status status="PASS" start="2024-07-26T10:16:26.185897" elapsed="0.000366"/>
</kw>
<kw name="Log" owner="BuiltIn">
<msg time="2024-07-26T10:16:26.186556" level="INFO">username</msg>
<arg>${keyTwo}</arg>
<doc>Logs the given message with the given level.</doc>
<status status="PASS" start="2024-07-26T10:16:26.186437" elapsed="0.000156"/>
</kw>
<var name="${keyTwo}">username</var>
<status status="PASS" start="2024-07-26T10:16:26.185224" elapsed="0.001589"/>
</iter>
<iter>
<kw name="Dictionary Should Contain Key" owner="Collections">
<arg>${json_data['results'][0]['login']}</arg>
<arg>${keyTwo}</arg>
<doc>Fails if ``key`` is not found from ``dictionary``.</doc>
<status status="PASS" start="2024-07-26T10:16:26.187095" elapsed="0.000380"/>
</kw>
<kw name="Dictionary Should Contain Key" owner="Collections">
<arg>${json_data['results'][0]['login']}</arg>
<arg>${keyTwo}</arg>
<doc>Fails if ``key`` is not found from ``dictionary``.</doc>
<status status="PASS" start="2024-07-26T10:16:26.187651" elapsed="0.000370"/>
</kw>
<kw name="Log" owner="BuiltIn">
<msg time="2024-07-26T10:16:26.188320" level="INFO">password</msg>
<arg>${keyTwo}</arg>
<doc>Logs the given message with the given level.</doc>
<status status="PASS" start="2024-07-26T10:16:26.188193" elapsed="0.000163"/>
</kw>
<var name="${keyTwo}">password</var>
<status status="PASS" start="2024-07-26T10:16:26.186984" elapsed="0.001593"/>
</iter>
<var>${keyTwo}</var>
<value>@{expected_keysTwo}</value>
<status status="PASS" start="2024-07-26T10:16:26.185053" elapsed="0.003646"/>
</for>
<status status="PASS" start="2024-07-26T10:16:26.073106" elapsed="0.115731"/>
</kw>
<doc>Testa a estrutura da resposta da API.</doc>
<tag>testeEstruturaResposta</tag>
<status status="PASS" start="2024-07-26T10:16:26.072367" elapsed="0.116616"/>
</test>
<test id="s1-s1-t4" name="Validar tipos de dados" line="28">
<kw name="Teste de Tipos de Dados" owner="random-user-service">
<kw name="GET On Session" owner="RequestsLibrary">
<msg time="2024-07-26T10:16:26.265234" level="INFO">GET Request : url=https://randomuser.me/api 
 path_url=/api 
 headers={'User-Agent': 'python-requests/2.32.3', 'Accept-Encoding': 'gzip, deflate', 'Accept': '*/*', 'Connection': 'keep-alive'} 
 body=None 
 </msg>
<msg time="2024-07-26T10:16:26.265311" level="INFO">GET Response : url=https://randomuser.me/api 
 status=200, reason=OK 
 headers={'Date': 'Fri, 26 Jul 2024 10:16:26 GMT', 'Content-Type': 'application/json; charset=utf-8', 'Transfer-Encoding': 'chunked', 'Connection': 'keep-alive', 'X-Powered-By': 'Express', 'Access-Control-Allow-Origin': '*', 'Cache-Control': 'no-cache', 'ETag': 'W/"483-QulIThFZCvaK1c8t/UbGZO3Ar0Y"', 'Vary': 'Accept-Encoding', 'Content-Encoding': 'gzip', 'CF-Cache-Status': 'DYNAMIC', 'Report-To': '{"endpoints":[{"url":"https:\\/\\/a.nel.cloudflare.com\\/report\\/v4?s=oVpwBX6O%2Fb5VJD8Xbi9Midef9zefls2bX4POpqEWqKf556AfKZbfX0UTjuzeEyvnKwboePVf2bN9RDZNUBupoG51XmXU%2BP2KqFTRD5FkEEG%2F7zqzsvWTeBbx2el7sjWe"}],"group":"cf-nel","max_age":604800}', 'NEL': '{"success_fraction":0,"report_to":"cf-nel","max_age":604800}', 'Server': 'cloudflare', 'CF-RAY': '8a93a25bbf2305de-IAD', 'alt-svc': 'h3=":443"; ma=86400'} 
 body={"results":[{"gender":"female","name":{"title":"Miss","first":"Stefana","last":"Šakić"},"location":{"street":{"number":3389,"name":"Vitinska"},"city":"Temerin","state":"Mačva","country":"Serbia","postcode":31762,"coordinates":{"latitude":"58.2453","longitude":"99.5448"},"timezone":{"offset":"+7:00","description":"Bangkok, Hanoi, Jakarta"}},"email":"stefana.sakic@example.com","login":{"uuid":"ca0d5ed4-33ee-42f4-adaf-d404f3e97c7f","username":"yellowsnake334","password":"penguin1","salt":"m44i8rl2","md5":"6319dead4f7507f0fbb08eb1f5dc7ca2","sha1":"8bbe2b7d7b64d9f27aed1b3cbc3357c42fe889cd","sha256":"0bbc332c305850e81b1e929fb9c0775771ead92730cde390d065387da2706226"},"dob":{"date":"1945-03-04T06:10:10.701Z","age":79},"registered":{"date":"2007-12-02T15:42:13.855Z","age":16},"phone":"018-6484-931","cell":"069-7263-394","id":{"name":"SID","value":"960985215"},"picture":{"large":"https://randomuser.me/api/portraits/women/94.jpg","medium":"https://randomuser.me/api/portraits/med/women/94.jpg","thumbnail":"https://randomuser.me/api/portraits/thumb/women/94.jpg"},"nat":"RS"}],"info":{"seed":"b332e47e5663695a","results":1,"page":1,"version":"1.4"}} 
 </msg>
<msg time="2024-07-26T10:16:26.265380" level="INFO">/opt/hostedtoolcache/Python/3.12.4/x64/lib/python3.12/site-packages/urllib3/connectionpool.py:1099: InsecureRequestWarning: Unverified HTTPS request is being made to host 'randomuser.me'. Adding certificate verification is strongly advised. See: https://urllib3.readthedocs.io/en/latest/advanced-usage.html#tls-warnings
  warnings.warn(</msg>
<msg time="2024-07-26T10:16:26.265503" level="INFO">${response} = &lt;Response [200]&gt;</msg>
<var>${response}</var>
<arg>consultarAPI</arg>
<arg>/api</arg>
<doc>Sends a GET request on a previously created HTTP Session.</doc>
<status status="PASS" start="2024-07-26T10:16:26.191369" elapsed="0.074185"/>
</kw>
<kw name="Set Variable" owner="BuiltIn">
<msg time="2024-07-26T10:16:26.266367" level="INFO">${json_data} = {'results': [{'gender': 'female', 'name': {'title': 'Miss', 'first': 'Stefana', 'last': 'Šakić'}, 'location': {'street': {'number': 3389, 'name': 'Vitinska'}, 'city': 'Temerin', 'state': 'Mačva', 'cou...</msg>
<var>${json_data}</var>
<arg>${response.json()}</arg>
<doc>Returns the given values which can then be assigned to a variables.</doc>
<status status="PASS" start="2024-07-26T10:16:26.265915" elapsed="0.000482"/>
</kw>
<kw name="Log" owner="BuiltIn">
<msg time="2024-07-26T10:16:26.266854" level="INFO">{'results': [{'gender': 'female', 'name': {'title': 'Miss', 'first': 'Stefana', 'last': 'Šakić'}, 'location': {'street': {'number': 3389, 'name': 'Vitinska'}, 'city': 'Temerin', 'state': 'Mačva', 'country': 'Serbia', 'postcode': 31762, 'coordinates': {'latitude': '58.2453', 'longitude': '99.5448'}, 'timezone': {'offset': '+7:00', 'description': 'Bangkok, Hanoi, Jakarta'}}, 'email': 'stefana.sakic@example.com', 'login': {'uuid': 'ca0d5ed4-33ee-42f4-adaf-d404f3e97c7f', 'username': 'yellowsnake334', 'password': 'penguin1', 'salt': 'm44i8rl2', 'md5': '6319dead4f7507f0fbb08eb1f5dc7ca2', 'sha1': '8bbe2b7d7b64d9f27aed1b3cbc3357c42fe889cd', 'sha256': '0bbc332c305850e81b1e929fb9c0775771ead92730cde390d065387da2706226'}, 'dob': {'date': '1945-03-04T06:10:10.701Z', 'age': 79}, 'registered': {'date': '2007-12-02T15:42:13.855Z', 'age': 16}, 'phone': '018-6484-931', 'cell': '069-7263-394', 'id': {'name': 'SID', 'value': '960985215'}, 'picture': {'large': 'https://randomuser.me/api/portraits/women/94.jpg', 'medium': 'https://randomuser.me/api/portraits/med/women/94.jpg', 'thumbnail': 'https://randomuser.me/api/portraits/thumb/women/94.jpg'}, 'nat': 'RS'}], 'info': {'seed': 'b332e47e5663695a', 'results': 1, 'page': 1, 'version': '1.4'}}</msg>
<arg>${json_data}</arg>
<doc>Logs the given message with the given level.</doc>
<status status="PASS" start="2024-07-26T10:16:26.266699" elapsed="0.000203"/>
</kw>
<kw name="Should Be String" owner="String">
<arg>${json_data['results'][0]['gender']}</arg>
<doc>Fails if the given ``item`` is not a string.</doc>
<status status="PASS" start="2024-07-26T10:16:26.267194" elapsed="0.000364"/>
</kw>
<kw name="Should Match Regexp" owner="BuiltIn">
<arg>${json_data['results'][0]['email']}</arg>
<arg>^[a-zA-Z0-9._%+-]+@[a-zA-Z0-9.-]+\.[a-zA-Z]{2,}$</arg>
<doc>Fails if ``string`` does not match ``pattern`` as a regular expression.</doc>
<status status="PASS" start="2024-07-26T10:16:26.267778" elapsed="0.000516"/>
</kw>
<kw name="Should Match Regexp" owner="BuiltIn">
<arg>${json_data['results'][0]['dob']['date']}</arg>
<arg>\\d{4}-\\d{2}-\\d{2}T\\d{2}:\\d{2}:\\d{2}\\.\\d{3}Z</arg>
<doc>Fails if ``string`` does not match ``pattern`` as a regular expression.</doc>
<status status="PASS" start="2024-07-26T10:16:26.268489" elapsed="0.000681"/>
</kw>
<kw name="Should Match Regexp" owner="BuiltIn">
<arg>${json_data['results'][0]['registered']['date']}</arg>
<arg>\\d{4}-\\d{2}-\\d{2}T\\d{2}:\\d{2}:\\d{2}\\.\\d{3}Z</arg>
<doc>Fails if ``string`` does not match ``pattern`` as a regular expression.</doc>
<status status="PASS" start="2024-07-26T10:16:26.269369" elapsed="0.000376"/>
</kw>
<kw name="Should Match Regexp" owner="BuiltIn">
<arg>${json_data['results'][0]['picture']['large']}</arg>
<arg>^https?://.*\.(?:png|jpe?g|gif|bmp)$</arg>
<doc>Fails if ``string`` does not match ``pattern`` as a regular expression.</doc>
<status status="PASS" start="2024-07-26T10:16:26.269928" elapsed="0.000455"/>
</kw>
<kw name="Should Match Regexp" owner="BuiltIn">
<arg>${json_data['results'][0]['picture']['medium']}</arg>
<arg>^https?://.*\.(?:png|jpe?g|gif|bmp)$</arg>
<doc>Fails if ``string`` does not match ``pattern`` as a regular expression.</doc>
<status status="PASS" start="2024-07-26T10:16:26.270569" elapsed="0.000351"/>
</kw>
<kw name="Should Match Regexp" owner="BuiltIn">
<arg>${json_data['results'][0]['picture']['thumbnail']}</arg>
<arg>^https?://.*\.(?:png|jpe?g|gif|bmp)$</arg>
<doc>Fails if ``string`` does not match ``pattern`` as a regular expression.</doc>
<status status="PASS" start="2024-07-26T10:16:26.271099" elapsed="0.000341"/>
</kw>
<kw name="Log" owner="BuiltIn">
<msg time="2024-07-26T10:16:26.271935" level="INFO">{'large': 'https://randomuser.me/api/portraits/women/94.jpg', 'medium': 'https://randomuser.me/api/portraits/med/women/94.jpg', 'thumbnail': 'https://randomuser.me/api/portraits/thumb/women/94.jpg'}</msg>
<arg>${json_data['results'][0]['picture']}</arg>
<doc>Logs the given message with the given level.</doc>
<status status="PASS" start="2024-07-26T10:16:26.271616" elapsed="0.000359"/>
</kw>
<status status="PASS" start="2024-07-26T10:16:26.191129" elapsed="0.081097"/>
</kw>
<kw name="Teste de Tipos de Dados - Postcode" owner="random-user-service">
<kw name="GET On Session" owner="RequestsLibrary">
<msg time="2024-07-26T10:16:26.360178" level="INFO">GET Request : url=https://randomuser.me/api 
 path_url=/api 
 headers={'User-Agent': 'python-requests/2.32.3', 'Accept-Encoding': 'gzip, deflate', 'Accept': '*/*', 'Connection': 'keep-alive'} 
 body=None 
 </msg>
<msg time="2024-07-26T10:16:26.360253" level="INFO">GET Response : url=https://randomuser.me/api 
 status=200, reason=OK 
 headers={'Date': 'Fri, 26 Jul 2024 10:16:26 GMT', 'Content-Type': 'application/json; charset=utf-8', 'Transfer-Encoding': 'chunked', 'Connection': 'keep-alive', 'X-Powered-By': 'Express', 'Access-Control-Allow-Origin': '*', 'Cache-Control': 'no-cache', 'ETag': 'W/"48e-nJhIAX+86Iz+1SGfXfMIy6N5ZTA"', 'Vary': 'Accept-Encoding', 'Content-Encoding': 'gzip', 'CF-Cache-Status': 'DYNAMIC', 'Report-To': '{"endpoints":[{"url":"https:\\/\\/a.nel.cloudflare.com\\/report\\/v4?s=fJURn%2Bwg66Q%2Bb63MtBQl4hQH6fzzhimOS8opGzVgc5VzgqBKm6jjQRzNer5RXS9%2FMTaakq39pjhjY%2FSGIWzdhvkejJE%2FmVZBovY%2F6T1bdXsg6oG%2FMHZBD8bGi9QwxZLs"}],"group":"cf-nel","max_age":604800}', 'NEL': '{"success_fraction":0,"report_to":"cf-nel","max_age":604800}', 'Server': 'cloudflare', 'CF-RAY': '8a93a25c3f5905de-IAD', 'alt-svc': 'h3=":443"; ma=86400'} 
 body={"results":[{"gender":"female","name":{"title":"Mrs","first":"Vilma","last":"Kujala"},"location":{"street":{"number":8407,"name":"Itsenäisyydenkatu"},"city":"Nivala","state":"Southern Ostrobothnia","country":"Finland","postcode":55819,"coordinates":{"latitude":"-21.7406","longitude":"101.5208"},"timezone":{"offset":"+5:45","description":"Kathmandu"}},"email":"vilma.kujala@example.com","login":{"uuid":"f69cd48c-8f16-415d-8dd9-fcee1ce4582c","username":"purplewolf784","password":"stephen1","salt":"0fzev2a1","md5":"ca5d66da43af335192efcccbf18795de","sha1":"7f4eaba9e76f8fdea8edb6925c8bb3c79a31d0b9","sha256":"77b8e0a75247dbbcf58a7c8c490e3c77679f7d405c364886dd34119140f2ebf1"},"dob":{"date":"1997-09-03T11:06:57.949Z","age":26},"registered":{"date":"2019-12-03T20:43:03.696Z","age":4},"phone":"08-933-517","cell":"046-055-93-89","id":{"name":"HETU","value":"NaNNA874undefined"},"picture":{"large":"https://randomuser.me/api/portraits/women/8.jpg","medium":"https://randomuser.me/api/portraits/med/women/8.jpg","thumbnail":"https://randomuser.me/api/portraits/thumb/women/8.jpg"},"nat":"FI"}],"info":{"seed":"2b795bc87272502f","results":1,"page":1,"version":"1.4"}} 
 </msg>
<msg time="2024-07-26T10:16:26.360320" level="INFO">/opt/hostedtoolcache/Python/3.12.4/x64/lib/python3.12/site-packages/urllib3/connectionpool.py:1099: InsecureRequestWarning: Unverified HTTPS request is being made to host 'randomuser.me'. Adding certificate verification is strongly advised. See: https://urllib3.readthedocs.io/en/latest/advanced-usage.html#tls-warnings
  warnings.warn(</msg>
<msg time="2024-07-26T10:16:26.360446" level="INFO">${response} = &lt;Response [200]&gt;</msg>
<var>${response}</var>
<arg>consultarAPI</arg>
<arg>/api</arg>
<doc>Sends a GET request on a previously created HTTP Session.</doc>
<status status="PASS" start="2024-07-26T10:16:26.272649" elapsed="0.087847"/>
</kw>
<kw name="Set Variable" owner="BuiltIn">
<msg time="2024-07-26T10:16:26.361347" level="INFO">${json_data} = {'results': [{'gender': 'female', 'name': {'title': 'Mrs', 'first': 'Vilma', 'last': 'Kujala'}, 'location': {'street': {'number': 8407, 'name': 'Itsenäisyydenkatu'}, 'city': 'Nivala', 'state': 'Southe...</msg>
<var>${json_data}</var>
<arg>${response.json()}</arg>
<doc>Returns the given values which can then be assigned to a variables.</doc>
<status status="PASS" start="2024-07-26T10:16:26.360890" elapsed="0.000486"/>
</kw>
<kw name="Log" owner="BuiltIn">
<msg time="2024-07-26T10:16:26.361836" level="INFO">{'results': [{'gender': 'female', 'name': {'title': 'Mrs', 'first': 'Vilma', 'last': 'Kujala'}, 'location': {'street': {'number': 8407, 'name': 'Itsenäisyydenkatu'}, 'city': 'Nivala', 'state': 'Southern Ostrobothnia', 'country': 'Finland', 'postcode': 55819, 'coordinates': {'latitude': '-21.7406', 'longitude': '101.5208'}, 'timezone': {'offset': '+5:45', 'description': 'Kathmandu'}}, 'email': 'vilma.kujala@example.com', 'login': {'uuid': 'f69cd48c-8f16-415d-8dd9-fcee1ce4582c', 'username': 'purplewolf784', 'password': 'stephen1', 'salt': '0fzev2a1', 'md5': 'ca5d66da43af335192efcccbf18795de', 'sha1': '7f4eaba9e76f8fdea8edb6925c8bb3c79a31d0b9', 'sha256': '77b8e0a75247dbbcf58a7c8c490e3c77679f7d405c364886dd34119140f2ebf1'}, 'dob': {'date': '1997-09-03T11:06:57.949Z', 'age': 26}, 'registered': {'date': '2019-12-03T20:43:03.696Z', 'age': 4}, 'phone': '08-933-517', 'cell': '046-055-93-89', 'id': {'name': 'HETU', 'value': 'NaNNA874undefined'}, 'picture': {'large': 'https://randomuser.me/api/portraits/women/8.jpg', 'medium': 'https://randomuser.me/api/portraits/med/women/8.jpg', 'thumbnail': 'https://randomuser.me/api/portraits/thumb/women/8.jpg'}, 'nat': 'FI'}], 'info': {'seed': '2b795bc87272502f', 'results': 1, 'page': 1, 'version': '1.4'}}</msg>
<arg>${json_data}</arg>
<doc>Logs the given message with the given level.</doc>
<status status="PASS" start="2024-07-26T10:16:26.361680" elapsed="0.000214"/>
</kw>
<kw name="Should Be Equal As Numbers" owner="BuiltIn">
<arg>${json_data['results'][0]['location']['postcode']}</arg>
<arg>${json_data['results'][0]['location']['postcode']}</arg>
<doc>Fails if objects are unequal after converting them to real numbers.</doc>
<status status="PASS" start="2024-07-26T10:16:26.362189" elapsed="0.000614"/>
</kw>
<kw name="Log" owner="BuiltIn">
<msg time="2024-07-26T10:16:26.363360" level="INFO">55819</msg>
<arg>${json_data['results'][0]['location']['postcode']}</arg>
<doc>Logs the given message with the given level.</doc>
<status status="PASS" start="2024-07-26T10:16:26.363022" elapsed="0.000378"/>
</kw>
<status status="PASS" start="2024-07-26T10:16:26.272435" elapsed="0.091219"/>
</kw>
<doc>Testa se os tipos de dados na resposta da API estão corretos.</doc>
<tag>testeTiposDados</tag>
<status status="PASS" start="2024-07-26T10:16:26.190711" elapsed="0.173098"/>
</test>
<test id="s1-s1-t5" name="Validar conteudo" line="35">
<kw name="Teste de Tipos de Conteudo" owner="random-user-service">
<kw name="GET On Session" owner="RequestsLibrary">
<msg time="2024-07-26T10:16:26.462560" level="INFO">GET Request : url=https://randomuser.me/api 
 path_url=/api 
 headers={'User-Agent': 'python-requests/2.32.3', 'Accept-Encoding': 'gzip, deflate', 'Accept': '*/*', 'Connection': 'keep-alive'} 
 body=None 
 </msg>
<msg time="2024-07-26T10:16:26.462637" level="INFO">GET Response : url=https://randomuser.me/api 
 status=200, reason=OK 
 headers={'Date': 'Fri, 26 Jul 2024 10:16:26 GMT', 'Content-Type': 'application/json; charset=utf-8', 'Transfer-Encoding': 'chunked', 'Connection': 'keep-alive', 'X-Powered-By': 'Express', 'Access-Control-Allow-Origin': '*', 'Cache-Control': 'no-cache', 'ETag': 'W/"49e-GTEPccKasdmeXTdOrBCVxdZShzk"', 'Vary': 'Accept-Encoding', 'Content-Encoding': 'gzip', 'CF-Cache-Status': 'DYNAMIC', 'Report-To': '{"endpoints":[{"url":"https:\\/\\/a.nel.cloudflare.com\\/report\\/v4?s=IYGww%2BrUCrK7M3Ja33w%2BFAqcLpOL5zAM8rHz50Kam1dmUJLptrnGxHO%2B1fIdc2SNaN957%2Bb69QAp8oVl5uCrAa0oojV7lBiFig4p9TFgXINh%2FxHLYzSIBzTzVMGjC67k"}],"group":"cf-nel","max_age":604800}', 'NEL': '{"success_fraction":0,"report_to":"cf-nel","max_age":604800}', 'Server': 'cloudflare', 'CF-RAY': '8a93a25ccfb305de-IAD', 'alt-svc': 'h3=":443"; ma=86400'} 
 body={"results":[{"gender":"male","name":{"title":"Mr","first":"Marek","last":"Kügler"},"location":{"street":{"number":9930,"name":"Mittelstraße"},"city":"Hameln","state":"Mecklenburg-Vorpommern","country":"Germany","postcode":66113,"coordinates":{"latitude":"-48.0538","longitude":"-29.6961"},"timezone":{"offset":"+1:00","description":"Brussels, Copenhagen, Madrid, Paris"}},"email":"marek.kugler@example.com","login":{"uuid":"a87fa579-d635-4a7d-98d4-34b3cdb9f7ec","username":"ticklishfish300","password":"ledzep","salt":"ZznuOB1K","md5":"83bf8cf656458fab887ceeed37aac415","sha1":"85ceddf855a1d0bd0b0f2ffd402dc17de3e349f6","sha256":"6ac54d011ef89f98296e3f58444c3891e4867c48b505993ef01a6e6934fe6879"},"dob":{"date":"1959-02-26T20:36:39.903Z","age":65},"registered":{"date":"2016-08-14T21:21:30.176Z","age":7},"phone":"0787-5949823","cell":"0175-3440687","id":{"name":"SVNR","value":"50 260259 K 196"},"picture":{"large":"https://randomuser.me/api/portraits/men/22.jpg","medium":"https://randomuser.me/api/portraits/med/men/22.jpg","thumbnail":"https://randomuser.me/api/portraits/thumb/men/22.jpg"},"nat":"DE"}],"info":{"seed":"49b618bdca7e4b1d","results":1,"page":1,"version":"1.4"}} 
 </msg>
<msg time="2024-07-26T10:16:26.462705" level="INFO">/opt/hostedtoolcache/Python/3.12.4/x64/lib/python3.12/site-packages/urllib3/connectionpool.py:1099: InsecureRequestWarning: Unverified HTTPS request is being made to host 'randomuser.me'. Adding certificate verification is strongly advised. See: https://urllib3.readthedocs.io/en/latest/advanced-usage.html#tls-warnings
  warnings.warn(</msg>
<msg time="2024-07-26T10:16:26.462830" level="INFO">${response} = &lt;Response [200]&gt;</msg>
<var>${response}</var>
<arg>consultarAPI</arg>
<arg>/api</arg>
<doc>Sends a GET request on a previously created HTTP Session.</doc>
<status status="PASS" start="2024-07-26T10:16:26.366693" elapsed="0.096185"/>
</kw>
<kw name="Set Variable" owner="BuiltIn">
<msg time="2024-07-26T10:16:26.463692" level="INFO">${json_data} = {'results': [{'gender': 'male', 'name': {'title': 'Mr', 'first': 'Marek', 'last': 'Kügler'}, 'location': {'street': {'number': 9930, 'name': 'Mittelstraße'}, 'city': 'Hameln', 'state': 'Mecklenburg-Vo...</msg>
<var>${json_data}</var>
<arg>${response.json()}</arg>
<doc>Returns the given values which can then be assigned to a variables.</doc>
<status status="PASS" start="2024-07-26T10:16:26.463244" elapsed="0.000477"/>
</kw>
<kw name="Set Variable" owner="BuiltIn">
<msg time="2024-07-26T10:16:26.464405" level="INFO">${name_title} = Mr</msg>
<var>${name_title}</var>
<arg>${json_data["results"][0]["name"]["title"]}</arg>
<doc>Returns the given values which can then be assigned to a variables.</doc>
<status status="PASS" start="2024-07-26T10:16:26.464026" elapsed="0.000405"/>
</kw>
<kw name="Create List" owner="BuiltIn">
<msg time="2024-07-26T10:16:26.464878" level="INFO">${allowed_titles} = ['Mr', 'Ms', 'Miss', 'Mrs', 'Madame', 'Monsieur']</msg>
<var>${allowed_titles}</var>
<arg>Mr</arg>
<arg>Ms</arg>
<arg>Miss</arg>
<arg>Mrs</arg>
<arg>Madame</arg>
<arg>Monsieur</arg>
<doc>Returns a list containing given items.</doc>
<status status="PASS" start="2024-07-26T10:16:26.464728" elapsed="0.000175"/>
</kw>
<kw name="List Should Contain Value" owner="Collections">
<arg>${allowed_titles}</arg>
<arg>${name_title}</arg>
<doc>Fails if the ``value`` is not found from ``list``.</doc>
<status status="PASS" start="2024-07-26T10:16:26.465243" elapsed="0.000178"/>
</kw>
<kw name="Set Variable" owner="BuiltIn">
<msg time="2024-07-26T10:16:26.465972" level="INFO">${name_country} = DE</msg>
<var>${name_country}</var>
<arg>${json_data["results"][0]["nat"]}</arg>
<doc>Returns the given values which can then be assigned to a variables.</doc>
<status status="PASS" start="2024-07-26T10:16:26.465600" elapsed="0.000397"/>
</kw>
<kw name="Create List" owner="BuiltIn">
<msg time="2024-07-26T10:16:26.466879" level="INFO">${list_country} = ['AD', 'AE', 'AF', 'AG', 'AI', 'AL', 'AM', 'AO', 'AQ', 'AR', 'AS', 'AT', 'AU', 'AW', 'AX', 'AZ', 'BA', 'BB', 'BD', 'BE', 'BF', 'BG', 'BH', 'BI', 'BJ', 'BL', 'BM', 'BN', 'BO', 'BQ', 'BR', 'BS', 'BT', '...</msg>
<var>${list_country}</var>
<arg>AD</arg>
<arg>AE</arg>
<arg>AF</arg>
<arg>AG</arg>
<arg>AI</arg>
<arg>AL</arg>
<arg>AM</arg>
<arg>AO</arg>
<arg>AQ</arg>
<arg>AR</arg>
<arg>AS</arg>
<arg>AT</arg>
<arg>AU</arg>
<arg>AW</arg>
<arg>AX</arg>
<arg>AZ</arg>
<arg>BA</arg>
<arg>BB</arg>
<arg>BD</arg>
<arg>BE</arg>
<arg>BF</arg>
<arg>BG</arg>
<arg>BH</arg>
<arg>BI</arg>
<arg>BJ</arg>
<arg>BL</arg>
<arg>BM</arg>
<arg>BN</arg>
<arg>BO</arg>
<arg>BQ</arg>
<arg>BR</arg>
<arg>BS</arg>
<arg>BT</arg>
<arg>BV</arg>
<arg>BW</arg>
<arg>BY</arg>
<arg>BZ</arg>
<arg>CA</arg>
<arg>CC</arg>
<arg>CD</arg>
<arg>CF</arg>
<arg>CG</arg>
<arg>CH</arg>
<arg>CI</arg>
<arg>CK</arg>
<arg>CL</arg>
<arg>CM</arg>
<arg>CN</arg>
<arg>CO</arg>
<arg>CR</arg>
<arg>CU</arg>
<arg>CV</arg>
<arg>CW</arg>
<arg>CX</arg>
<arg>CY</arg>
<arg>CZ</arg>
<arg>DE</arg>
<arg>DJ</arg>
<arg>DK</arg>
<arg>DM</arg>
<arg>DO</arg>
<arg>DZ</arg>
<arg>EC</arg>
<arg>EE</arg>
<arg>EG</arg>
<arg>EH</arg>
<arg>ER</arg>
<arg>ES</arg>
<arg>ET</arg>
<arg>FI</arg>
<arg>FJ</arg>
<arg>FK</arg>
<arg>FM</arg>
<arg>FO</arg>
<arg>FR</arg>
<arg>GA</arg>
<arg>GB</arg>
<arg>GD</arg>
<arg>GE</arg>
<arg>GF</arg>
<arg>GG</arg>
<arg>GH</arg>
<arg>GI</arg>
<arg>GL</arg>
<arg>GM</arg>
<arg>GN</arg>
<arg>GP</arg>
<arg>GQ</arg>
<arg>GR</arg>
<arg>GS</arg>
<arg>GT</arg>
<arg>GU</arg>
<arg>GW</arg>
<arg>GY</arg>
<arg>HK</arg>
<arg>HM</arg>
<arg>HN</arg>
<arg>HR</arg>
<arg>HT</arg>
<arg>HU</arg>
<arg>ID</arg>
<arg>IE</arg>
<arg>IL</arg>
<arg>IM</arg>
<arg>IN</arg>
<arg>IO</arg>
<arg>IQ</arg>
<arg>IR</arg>
<arg>IS</arg>
<arg>IT</arg>
<arg>JE</arg>
<arg>JM</arg>
<arg>JO</arg>
<arg>JP</arg>
<arg>KE</arg>
<arg>KG</arg>
<arg>KH</arg>
<arg>KI</arg>
<arg>KM</arg>
<arg>KN</arg>
<arg>KP</arg>
<arg>KR</arg>
<arg>KW</arg>
<arg>KY</arg>
<arg>KZ</arg>
<arg>LA</arg>
<arg>LB</arg>
<arg>LC</arg>
<arg>LI</arg>
<arg>LK</arg>
<arg>LR</arg>
<arg>LS</arg>
<arg>LT</arg>
<arg>LU</arg>
<arg>LV</arg>
<arg>LY</arg>
<arg>MA</arg>
<arg>MC</arg>
<arg>MD</arg>
<arg>ME</arg>
<arg>MF</arg>
<arg>MG</arg>
<arg>MH</arg>
<arg>MK</arg>
<arg>ML</arg>
<arg>MM</arg>
<arg>MN</arg>
<arg>MO</arg>
<arg>MP</arg>
<arg>MQ</arg>
<arg>MR</arg>
<arg>MS</arg>
<arg>MT</arg>
<arg>MU</arg>
<arg>MV</arg>
<arg>MW</arg>
<arg>MX</arg>
<arg>MY</arg>
<arg>MZ</arg>
<arg>NA</arg>
<arg>NC</arg>
<arg>NE</arg>
<arg>NF</arg>
<arg>NG</arg>
<arg>NI</arg>
<arg>NL</arg>
<arg>NO</arg>
<arg>NP</arg>
<arg>NR</arg>
<arg>NU</arg>
<arg>NZ</arg>
<arg>OM</arg>
<arg>PA</arg>
<arg>PE</arg>
<arg>PF</arg>
<arg>PG</arg>
<arg>PH</arg>
<arg>PK</arg>
<arg>PL</arg>
<arg>PM</arg>
<arg>PN</arg>
<arg>PR</arg>
<arg>PS</arg>
<arg>PT</arg>
<arg>PW</arg>
<arg>PY</arg>
<arg>QA</arg>
<arg>RE</arg>
<arg>RO</arg>
<arg>RS</arg>
<arg>RU</arg>
<arg>RW</arg>
<arg>SA</arg>
<arg>SB</arg>
<arg>SC</arg>
<arg>SD</arg>
<arg>SE</arg>
<arg>SG</arg>
<arg>SH</arg>
<arg>SI</arg>
<arg>SJ</arg>
<arg>SK</arg>
<arg>SL</arg>
<arg>SM</arg>
<arg>SN</arg>
<arg>SO</arg>
<arg>SR</arg>
<arg>SS</arg>
<arg>ST</arg>
<arg>SV</arg>
<arg>SX</arg>
<arg>SY</arg>
<arg>SZ</arg>
<arg>TC</arg>
<arg>TD</arg>
<arg>TF</arg>
<arg>TG</arg>
<arg>TH</arg>
<arg>TJ</arg>
<arg>TK</arg>
<arg>TL</arg>
<arg>TM</arg>
<arg>TN</arg>
<arg>TO</arg>
<arg>TR</arg>
<arg>TT</arg>
<arg>TV</arg>
<arg>TW</arg>
<arg>TZ</arg>
<arg>UA</arg>
<arg>UG</arg>
<arg>UM</arg>
<arg>US</arg>
<arg>UY</arg>
<arg>UZ</arg>
<arg>VA</arg>
<arg>VC</arg>
<arg>VE</arg>
<arg>VG</arg>
<arg>VI</arg>
<arg>VN</arg>
<arg>VU</arg>
<arg>WF</arg>
<arg>WS</arg>
<arg>XK</arg>
<arg>YE</arg>
<arg>YT</arg>
<arg>ZA</arg>
<arg>ZM</arg>
<arg>ZW</arg>
<doc>Returns a list containing given items.</doc>
<status status="PASS" start="2024-07-26T10:16:26.466291" elapsed="0.000613"/>
</kw>
<kw name="List Should Contain Value" owner="Collections">
<arg>${list_country}</arg>
<arg>${name_country}</arg>
<doc>Fails if the ``value`` is not found from ``list``.</doc>
<status status="PASS" start="2024-07-26T10:16:26.467836" elapsed="0.000209"/>
</kw>
<kw name="Run Keyword If" owner="BuiltIn">
<kw name="Should Be True" owner="BuiltIn">
<arg>${True}</arg>
<doc>Fails if the given condition is not true.</doc>
<status status="PASS" start="2024-07-26T10:16:26.468981" elapsed="0.000184"/>
</kw>
<arg>${json_data["results"][0]["location"]["coordinates"]["latitude"]} &gt;= -90 and ${json_data["results"][0]["location"]["coordinates"]["latitude"]} &lt;= 90</arg>
<arg>Should Be True</arg>
<arg>${True}</arg>
<doc>Runs the given keyword with the given arguments, if ``condition`` is true.</doc>
<status status="PASS" start="2024-07-26T10:16:26.468242" elapsed="0.001082"/>
</kw>
<kw name="Run Keyword If" owner="BuiltIn">
<kw name="Should Be True" owner="BuiltIn">
<arg>${True}</arg>
<doc>Fails if the given condition is not true.</doc>
<status status="PASS" start="2024-07-26T10:16:26.470254" elapsed="0.000137"/>
</kw>
<arg>${json_data["results"][0]["location"]["coordinates"]["longitude"]} &gt;= -180 and ${json_data["results"][0]["location"]["coordinates"]["longitude"]} &lt;= 180</arg>
<arg>Should Be True</arg>
<arg>${True}</arg>
<doc>Runs the given keyword with the given arguments, if ``condition`` is true.</doc>
<status status="PASS" start="2024-07-26T10:16:26.469554" elapsed="0.000959"/>
</kw>
<status status="PASS" start="2024-07-26T10:16:26.366332" elapsed="0.104309"/>
</kw>
<doc>Testa o conteúdo específico dos campos retornados pela API.</doc>
<tag>testeConteudo</tag>
<status status="PASS" start="2024-07-26T10:16:26.365660" elapsed="0.105124"/>
</test>
<status status="PASS" start="2024-07-26T10:16:25.547342" elapsed="0.925295"/>
</suite>
<status status="PASS" start="2024-07-26T10:16:25.533195" elapsed="0.944459"/>
</suite>
<statistics>
<total>
<stat pass="5" fail="0" skip="0">All Tests</stat>
</total>
<tag>
<stat pass="1" fail="0" skip="0">testeConteudo</stat>
<stat pass="1" fail="0" skip="0">testeEstruturaResposta</stat>
<stat pass="1" fail="0" skip="0">testeRequisicaoBasica</stat>
<stat pass="1" fail="0" skip="0">testeTiposDados</stat>
</tag>
<suite>
<stat pass="5" fail="0" skip="0" id="s1" name="Tests">Tests</stat>
<stat pass="5" fail="0" skip="0" id="s1-s1" name="Random-User-Test">Tests.Random-User-Test</stat>
</suite>
</statistics>
<errors>
</errors>
</robot>
