<?xml version="1.0" encoding="UTF-8"?>
<robot generator="Robot 7.0.1 (Python 3.12.4 on linux)" generated="2024-06-29T16:17:53.843878" rpa="false" schemaversion="5">
<suite id="s1" name="Tests" source="/home/runner/work/ApiRandomUser/ApiRandomUser/RamdonUser/tests">
<suite id="s1-s1" name="Random-User-Test" source="/home/runner/work/ApiRandomUser/ApiRandomUser/RamdonUser/tests/random-user-test.robot">
<test id="s1-s1-t1" name="Conectar" line="13">
<kw name="Conectar API" owner="random-user-service">
<kw name="Create Session" owner="RequestsLibrary">
<msg time="2024-06-29T16:17:54.237534" level="INFO">Creating Session using : alias=consultarAPI, url=https://randomuser.me/, headers={},                     cookies={}, auth=None, timeout=None, proxies=None, verify=False,                     debug=0 </msg>
<arg>consultarAPI</arg>
<arg>${URL}</arg>
<doc>Create Session: create a HTTP session to a server</doc>
<status status="PASS" start="2024-06-29T16:17:54.237329" elapsed="0.000380"/>
</kw>
<status status="PASS" start="2024-06-29T16:17:54.236342" elapsed="0.001722"/>
</kw>
<status status="PASS" start="2024-06-29T16:17:54.235795" elapsed="0.002461"/>
</test>
<test id="s1-s1-t2" name="Validar retorno 200 e JSON Válido" line="16">
<kw name="Teste de Requisicao Basica" owner="random-user-service">
<kw name="GET On Session" owner="RequestsLibrary">
<msg time="2024-06-29T16:17:54.472288" level="INFO">GET Request : url=https://randomuser.me/api 
 path_url=/api 
 headers={'User-Agent': 'python-requests/2.32.3', 'Accept-Encoding': 'gzip, deflate', 'Accept': '*/*', 'Connection': 'keep-alive'} 
 body=None 
 </msg>
<msg time="2024-06-29T16:17:54.472448" level="INFO">GET Response : url=https://randomuser.me/api 
 status=200, reason=OK 
 headers={'Date': 'Sat, 29 Jun 2024 16:17:54 GMT', 'Content-Type': 'application/json; charset=utf-8', 'Transfer-Encoding': 'chunked', 'Connection': 'keep-alive', 'X-Powered-By': 'Express', 'Access-Control-Allow-Origin': '*', 'Cache-Control': 'no-cache', 'ETag': 'W/"466-zxQPsYMZufMdqspV/I6obufOUtM"', 'Vary': 'Accept-Encoding', 'Content-Encoding': 'gzip', 'CF-Cache-Status': 'DYNAMIC', 'Report-To': '{"endpoints":[{"url":"https:\\/\\/a.nel.cloudflare.com\\/report\\/v4?s=3q4WrNlL%2FtLFgb4Qsm37FS8%2FvGAIOvrF3Q4WKqriwvWlYx4pAj40rrFBSRojQOFBdkyFM0O2ipaDnv%2ByBuKs3jES2b%2Bx846%2BT%2BKzadEn9i0JwPQtUT%2F2%2BZKjX17pioJX"}],"group":"cf-nel","max_age":604800}', 'NEL': '{"success_fraction":0,"report_to":"cf-nel","max_age":604800}', 'Server': 'cloudflare', 'CF-RAY': '89b73abade3113b3-IAD', 'alt-svc': 'h3=":443"; ma=86400'} 
 body={"results":[{"gender":"female","name":{"title":"Miss","first":"Oya","last":"Gürmen"},"location":{"street":{"number":5134,"name":"Necatibey Cd"},"city":"Çorum","state":"Çorum","country":"Turkey","postcode":71661,"coordinates":{"latitude":"65.2288","longitude":"145.8062"},"timezone":{"offset":"-10:00","description":"Hawaii"}},"email":"oya.gurmen@example.com","login":{"uuid":"c6418833-a928-4061-a930-e0f973b9588f","username":"angrytiger137","password":"carson","salt":"IjFcxeyM","md5":"9c19256c13dc605d7c4414735c7db5ec","sha1":"414562367f4f2160aad934d4521aa736d6782d4c","sha256":"721f62773f5751a9328de2819fcbeedf60c5f8f4a84b4cdbd60ca83a725b97b1"},"dob":{"date":"1998-02-21T09:35:08.580Z","age":26},"registered":{"date":"2014-08-05T19:09:38.799Z","age":9},"phone":"(175)-355-9606","cell":"(593)-860-4622","id":{"name":"","value":null},"picture":{"large":"https://randomuser.me/api/portraits/women/46.jpg","medium":"https://randomuser.me/api/portraits/med/women/46.jpg","thumbnail":"https://randomuser.me/api/portraits/thumb/women/46.jpg"},"nat":"TR"}],"info":{"seed":"9464f9a5159c96e9","results":1,"page":1,"version":"1.4"}} 
 </msg>
<msg time="2024-06-29T16:17:54.472533" level="INFO">/opt/hostedtoolcache/Python/3.12.4/x64/lib/python3.12/site-packages/urllib3/connectionpool.py:1099: InsecureRequestWarning: Unverified HTTPS request is being made to host 'randomuser.me'. Adding certificate verification is strongly advised. See: https://urllib3.readthedocs.io/en/latest/advanced-usage.html#tls-warnings
  warnings.warn(</msg>
<msg time="2024-06-29T16:17:54.472697" level="INFO">${response} = &lt;Response [200]&gt;</msg>
<var>${response}</var>
<arg>consultarAPI</arg>
<arg>/api</arg>
<doc>Sends a GET request on a previously created HTTP Session.</doc>
<status status="PASS" start="2024-06-29T16:17:54.240952" elapsed="0.231790"/>
</kw>
<kw name="Should Be Equal As Numbers" owner="BuiltIn">
<msg time="2024-06-29T16:17:54.473725" level="INFO">Argument types are:
&lt;class 'int'&gt;
&lt;class 'str'&gt;</msg>
<arg>${response.status_code}</arg>
<arg>200</arg>
<doc>Fails if objects are unequal after converting them to real numbers.</doc>
<status status="PASS" start="2024-06-29T16:17:54.473258" elapsed="0.000531"/>
</kw>
<kw name="Log" owner="BuiltIn">
<msg time="2024-06-29T16:17:54.474456" level="INFO">200</msg>
<arg>${response.status_code}</arg>
<doc>Logs the given message with the given level.</doc>
<status status="PASS" start="2024-06-29T16:17:54.474106" elapsed="0.000393"/>
</kw>
<kw name="Set Variable" owner="BuiltIn">
<msg time="2024-06-29T16:17:54.475247" level="INFO">${json_data} = {'results': [{'gender': 'female', 'name': {'title': 'Miss', 'first': 'Oya', 'last': 'Gürmen'}, 'location': {'street': {'number': 5134, 'name': 'Necatibey Cd'}, 'city': 'Çorum', 'state': 'Çorum', 'coun...</msg>
<var>${json_data}</var>
<arg>${response.json()}</arg>
<doc>Returns the given values which can then be assigned to a variables.</doc>
<status status="PASS" start="2024-06-29T16:17:54.474800" elapsed="0.000476"/>
</kw>
<kw name="Dictionary Should Contain Key" owner="Collections">
<arg>${json_data}</arg>
<arg>results</arg>
<doc>Fails if ``key`` is not found from ``dictionary``.</doc>
<status status="PASS" start="2024-06-29T16:17:54.475573" elapsed="0.000215"/>
</kw>
<status status="PASS" start="2024-06-29T16:17:54.240697" elapsed="0.235247"/>
</kw>
<doc>Testa se a API responde corretamente e retorna um objeto JSON válido.</doc>
<tag>testeRequisicaoBasica</tag>
<status status="PASS" start="2024-06-29T16:17:54.240161" elapsed="0.235960"/>
</test>
<test id="s1-s1-t3" name="Validar estrutura de resposta" line="22">
<kw name="Teste de Estrutura de Resposta" owner="random-user-service">
<kw name="GET On Session" owner="RequestsLibrary">
<msg time="2024-06-29T16:17:54.728063" level="INFO">GET Request : url=https://randomuser.me/api 
 path_url=/api 
 headers={'User-Agent': 'python-requests/2.32.3', 'Accept-Encoding': 'gzip, deflate', 'Accept': '*/*', 'Connection': 'keep-alive'} 
 body=None 
 </msg>
<msg time="2024-06-29T16:17:54.728162" level="INFO">GET Response : url=https://randomuser.me/api 
 status=200, reason=OK 
 headers={'Date': 'Sat, 29 Jun 2024 16:17:54 GMT', 'Content-Type': 'application/json; charset=utf-8', 'Transfer-Encoding': 'chunked', 'Connection': 'keep-alive', 'X-Powered-By': 'Express', 'Access-Control-Allow-Origin': '*', 'Cache-Control': 'no-cache', 'ETag': 'W/"496-uMw+QurSeXas266xA23eiReb760"', 'Vary': 'Accept-Encoding', 'Content-Encoding': 'gzip', 'CF-Cache-Status': 'DYNAMIC', 'Report-To': '{"endpoints":[{"url":"https:\\/\\/a.nel.cloudflare.com\\/report\\/v4?s=ttWW9p4aGbmti2rY2M7NDPTOF7Ygg9Nt85ZZOm06oLOdc7EbiXGrCE1jBTTPuY2KjpcfdUm6KNb%2BzP1PR3Of1i1%2FzEeMRTrxWW%2BNrVq5nqKI9zvvtuVsGkcEvtd1J1yC"}],"group":"cf-nel","max_age":604800}', 'NEL': '{"success_fraction":0,"report_to":"cf-nel","max_age":604800}', 'Server': 'cloudflare', 'CF-RAY': '89b73abb8eaf13b3-IAD', 'alt-svc': 'h3=":443"; ma=86400'} 
 body={"results":[{"gender":"male","name":{"title":"Mr","first":"Leo","last":"Rezende"},"location":{"street":{"number":3627,"name":"Rua Alagoas "},"city":"Campo Largo","state":"São Paulo","country":"Brazil","postcode":33634,"coordinates":{"latitude":"-79.7830","longitude":"-84.4855"},"timezone":{"offset":"+8:00","description":"Beijing, Perth, Singapore, Hong Kong"}},"email":"leo.rezende@example.com","login":{"uuid":"9dd513f4-127f-4c64-944b-da81c326a1e4","username":"crazypeacock856","password":"dorian","salt":"ejB9Vzru","md5":"b396e34a8dd031e58c72b5d26209c8bf","sha1":"345712e590ba8af92923d7c65e8c59b654264cf1","sha256":"c80bb85264e0cfa300161ec29934ef7eece9903514f0ef03ad4c7116da81ca2f"},"dob":{"date":"1983-08-12T01:08:12.706Z","age":40},"registered":{"date":"2012-08-05T04:02:39.317Z","age":11},"phone":"(82) 1460-9244","cell":"(17) 0094-8167","id":{"name":"CPF","value":"719.373.882-40"},"picture":{"large":"https://randomuser.me/api/portraits/men/12.jpg","medium":"https://randomuser.me/api/portraits/med/men/12.jpg","thumbnail":"https://randomuser.me/api/portraits/thumb/men/12.jpg"},"nat":"BR"}],"info":{"seed":"7e8374cfcf600e8b","results":1,"page":1,"version":"1.4"}} 
 </msg>
<msg time="2024-06-29T16:17:54.728287" level="INFO">/opt/hostedtoolcache/Python/3.12.4/x64/lib/python3.12/site-packages/urllib3/connectionpool.py:1099: InsecureRequestWarning: Unverified HTTPS request is being made to host 'randomuser.me'. Adding certificate verification is strongly advised. See: https://urllib3.readthedocs.io/en/latest/advanced-usage.html#tls-warnings
  warnings.warn(</msg>
<msg time="2024-06-29T16:17:54.728427" level="INFO">${response} = &lt;Response [200]&gt;</msg>
<var>${response}</var>
<arg>consultarAPI</arg>
<arg>/api</arg>
<doc>Sends a GET request on a previously created HTTP Session.</doc>
<status status="PASS" start="2024-06-29T16:17:54.478787" elapsed="0.249684"/>
</kw>
<kw name="Set Variable" owner="BuiltIn">
<msg time="2024-06-29T16:17:54.729465" level="INFO">${json_data} = {'results': [{'gender': 'male', 'name': {'title': 'Mr', 'first': 'Leo', 'last': 'Rezende'}, 'location': {'street': {'number': 3627, 'name': 'Rua Alagoas '}, 'city': 'Campo Largo', 'state': 'São Paulo'...</msg>
<var>${json_data}</var>
<arg>${response.json()}</arg>
<doc>Returns the given values which can then be assigned to a variables.</doc>
<status status="PASS" start="2024-06-29T16:17:54.728954" elapsed="0.000540"/>
</kw>
<kw name="Log" owner="BuiltIn">
<msg time="2024-06-29T16:17:54.729963" level="INFO">{'results': [{'gender': 'male', 'name': {'title': 'Mr', 'first': 'Leo', 'last': 'Rezende'}, 'location': {'street': {'number': 3627, 'name': 'Rua Alagoas '}, 'city': 'Campo Largo', 'state': 'São Paulo', 'country': 'Brazil', 'postcode': 33634, 'coordinates': {'latitude': '-79.7830', 'longitude': '-84.4855'}, 'timezone': {'offset': '+8:00', 'description': 'Beijing, Perth, Singapore, Hong Kong'}}, 'email': 'leo.rezende@example.com', 'login': {'uuid': '9dd513f4-127f-4c64-944b-da81c326a1e4', 'username': 'crazypeacock856', 'password': 'dorian', 'salt': 'ejB9Vzru', 'md5': 'b396e34a8dd031e58c72b5d26209c8bf', 'sha1': '345712e590ba8af92923d7c65e8c59b654264cf1', 'sha256': 'c80bb85264e0cfa300161ec29934ef7eece9903514f0ef03ad4c7116da81ca2f'}, 'dob': {'date': '1983-08-12T01:08:12.706Z', 'age': 40}, 'registered': {'date': '2012-08-05T04:02:39.317Z', 'age': 11}, 'phone': '(82) 1460-9244', 'cell': '(17) 0094-8167', 'id': {'name': 'CPF', 'value': '719.373.882-40'}, 'picture': {'large': 'https://randomuser.me/api/portraits/men/12.jpg', 'medium': 'https://randomuser.me/api/portraits/med/men/12.jpg', 'thumbnail': 'https://randomuser.me/api/portraits/thumb/men/12.jpg'}, 'nat': 'BR'}], 'info': {'seed': '7e8374cfcf600e8b', 'results': 1, 'page': 1, 'version': '1.4'}}</msg>
<arg>${json_data}</arg>
<doc>Logs the given message with the given level.</doc>
<status status="PASS" start="2024-06-29T16:17:54.729804" elapsed="0.000208"/>
</kw>
<kw name="Dictionary Should Contain Key" owner="Collections">
<arg>${json_data}</arg>
<arg>results</arg>
<doc>Fails if ``key`` is not found from ``dictionary``.</doc>
<status status="PASS" start="2024-06-29T16:17:54.730297" elapsed="0.000157"/>
</kw>
<kw name="Should Not Be Empty" owner="BuiltIn">
<msg time="2024-06-29T16:17:54.730769" level="INFO">Length is 2.</msg>
<arg>${json_data}</arg>
<doc>Verifies that the given item is not empty.</doc>
<status status="PASS" start="2024-06-29T16:17:54.730640" elapsed="0.000166"/>
</kw>
<kw name="Create List" owner="BuiltIn">
<msg time="2024-06-29T16:17:54.731394" level="INFO">${expected_keys} = ['gender', 'name', 'location', 'email', 'login']</msg>
<var>${expected_keys}</var>
<arg>gender</arg>
<arg>name</arg>
<arg>location</arg>
<arg>email</arg>
<arg>login</arg>
<doc>Returns a list containing given items.</doc>
<status status="PASS" start="2024-06-29T16:17:54.731098" elapsed="0.000320"/>
</kw>
<for flavor="IN">
<iter>
<kw name="Dictionary Should Contain Key" owner="Collections">
<arg>${json_data['results'][0]}</arg>
<arg>${key}</arg>
<doc>Fails if ``key`` is not found from ``dictionary``.</doc>
<status status="PASS" start="2024-06-29T16:17:54.732047" elapsed="0.000397"/>
</kw>
<kw name="Log" owner="BuiltIn">
<msg time="2024-06-29T16:17:54.732992" level="INFO">{'gender': 'male', 'name': {'title': 'Mr', 'first': 'Leo', 'last': 'Rezende'}, 'location': {'street': {'number': 3627, 'name': 'Rua Alagoas '}, 'city': 'Campo Largo', 'state': 'São Paulo', 'country': 'Brazil', 'postcode': 33634, 'coordinates': {'latitude': '-79.7830', 'longitude': '-84.4855'}, 'timezone': {'offset': '+8:00', 'description': 'Beijing, Perth, Singapore, Hong Kong'}}, 'email': 'leo.rezende@example.com', 'login': {'uuid': '9dd513f4-127f-4c64-944b-da81c326a1e4', 'username': 'crazypeacock856', 'password': 'dorian', 'salt': 'ejB9Vzru', 'md5': 'b396e34a8dd031e58c72b5d26209c8bf', 'sha1': '345712e590ba8af92923d7c65e8c59b654264cf1', 'sha256': 'c80bb85264e0cfa300161ec29934ef7eece9903514f0ef03ad4c7116da81ca2f'}, 'dob': {'date': '1983-08-12T01:08:12.706Z', 'age': 40}, 'registered': {'date': '2012-08-05T04:02:39.317Z', 'age': 11}, 'phone': '(82) 1460-9244', 'cell': '(17) 0094-8167', 'id': {'name': 'CPF', 'value': '719.373.882-40'}, 'picture': {'large': 'https://randomuser.me/api/portraits/men/12.jpg', 'medium': 'https://randomuser.me/api/portraits/med/men/12.jpg', 'thumbnail': 'https://randomuser.me/api/portraits/thumb/men/12.jpg'}, 'nat': 'BR'}</msg>
<arg>${json_data['results'][0]}</arg>
<doc>Logs the given message with the given level.</doc>
<status status="PASS" start="2024-06-29T16:17:54.732626" elapsed="0.000414"/>
</kw>
<kw name="Log" owner="BuiltIn">
<msg time="2024-06-29T16:17:54.733464" level="INFO">gender</msg>
<arg>${key}</arg>
<doc>Logs the given message with the given level.</doc>
<status status="PASS" start="2024-06-29T16:17:54.733337" elapsed="0.000163"/>
</kw>
<var name="${key}">gender</var>
<status status="PASS" start="2024-06-29T16:17:54.731924" elapsed="0.001790"/>
</iter>
<iter>
<kw name="Dictionary Should Contain Key" owner="Collections">
<arg>${json_data['results'][0]}</arg>
<arg>${key}</arg>
<doc>Fails if ``key`` is not found from ``dictionary``.</doc>
<status status="PASS" start="2024-06-29T16:17:54.734004" elapsed="0.000383"/>
</kw>
<kw name="Log" owner="BuiltIn">
<msg time="2024-06-29T16:17:54.734919" level="INFO">{'gender': 'male', 'name': {'title': 'Mr', 'first': 'Leo', 'last': 'Rezende'}, 'location': {'street': {'number': 3627, 'name': 'Rua Alagoas '}, 'city': 'Campo Largo', 'state': 'São Paulo', 'country': 'Brazil', 'postcode': 33634, 'coordinates': {'latitude': '-79.7830', 'longitude': '-84.4855'}, 'timezone': {'offset': '+8:00', 'description': 'Beijing, Perth, Singapore, Hong Kong'}}, 'email': 'leo.rezende@example.com', 'login': {'uuid': '9dd513f4-127f-4c64-944b-da81c326a1e4', 'username': 'crazypeacock856', 'password': 'dorian', 'salt': 'ejB9Vzru', 'md5': 'b396e34a8dd031e58c72b5d26209c8bf', 'sha1': '345712e590ba8af92923d7c65e8c59b654264cf1', 'sha256': 'c80bb85264e0cfa300161ec29934ef7eece9903514f0ef03ad4c7116da81ca2f'}, 'dob': {'date': '1983-08-12T01:08:12.706Z', 'age': 40}, 'registered': {'date': '2012-08-05T04:02:39.317Z', 'age': 11}, 'phone': '(82) 1460-9244', 'cell': '(17) 0094-8167', 'id': {'name': 'CPF', 'value': '719.373.882-40'}, 'picture': {'large': 'https://randomuser.me/api/portraits/men/12.jpg', 'medium': 'https://randomuser.me/api/portraits/med/men/12.jpg', 'thumbnail': 'https://randomuser.me/api/portraits/thumb/men/12.jpg'}, 'nat': 'BR'}</msg>
<arg>${json_data['results'][0]}</arg>
<doc>Logs the given message with the given level.</doc>
<status status="PASS" start="2024-06-29T16:17:54.734569" elapsed="0.000430"/>
</kw>
<kw name="Log" owner="BuiltIn">
<msg time="2024-06-29T16:17:54.735417" level="INFO">name</msg>
<arg>${key}</arg>
<doc>Logs the given message with the given level.</doc>
<status status="PASS" start="2024-06-29T16:17:54.735291" elapsed="0.000162"/>
</kw>
<var name="${key}">name</var>
<status status="PASS" start="2024-06-29T16:17:54.733895" elapsed="0.001794"/>
</iter>
<iter>
<kw name="Dictionary Should Contain Key" owner="Collections">
<arg>${json_data['results'][0]}</arg>
<arg>${key}</arg>
<doc>Fails if ``key`` is not found from ``dictionary``.</doc>
<status status="PASS" start="2024-06-29T16:17:54.735976" elapsed="0.000375"/>
</kw>
<kw name="Log" owner="BuiltIn">
<msg time="2024-06-29T16:17:54.736878" level="INFO">{'gender': 'male', 'name': {'title': 'Mr', 'first': 'Leo', 'last': 'Rezende'}, 'location': {'street': {'number': 3627, 'name': 'Rua Alagoas '}, 'city': 'Campo Largo', 'state': 'São Paulo', 'country': 'Brazil', 'postcode': 33634, 'coordinates': {'latitude': '-79.7830', 'longitude': '-84.4855'}, 'timezone': {'offset': '+8:00', 'description': 'Beijing, Perth, Singapore, Hong Kong'}}, 'email': 'leo.rezende@example.com', 'login': {'uuid': '9dd513f4-127f-4c64-944b-da81c326a1e4', 'username': 'crazypeacock856', 'password': 'dorian', 'salt': 'ejB9Vzru', 'md5': 'b396e34a8dd031e58c72b5d26209c8bf', 'sha1': '345712e590ba8af92923d7c65e8c59b654264cf1', 'sha256': 'c80bb85264e0cfa300161ec29934ef7eece9903514f0ef03ad4c7116da81ca2f'}, 'dob': {'date': '1983-08-12T01:08:12.706Z', 'age': 40}, 'registered': {'date': '2012-08-05T04:02:39.317Z', 'age': 11}, 'phone': '(82) 1460-9244', 'cell': '(17) 0094-8167', 'id': {'name': 'CPF', 'value': '719.373.882-40'}, 'picture': {'large': 'https://randomuser.me/api/portraits/men/12.jpg', 'medium': 'https://randomuser.me/api/portraits/med/men/12.jpg', 'thumbnail': 'https://randomuser.me/api/portraits/thumb/men/12.jpg'}, 'nat': 'BR'}</msg>
<arg>${json_data['results'][0]}</arg>
<doc>Logs the given message with the given level.</doc>
<status status="PASS" start="2024-06-29T16:17:54.736531" elapsed="0.000395"/>
</kw>
<kw name="Log" owner="BuiltIn">
<msg time="2024-06-29T16:17:54.737344" level="INFO">location</msg>
<arg>${key}</arg>
<doc>Logs the given message with the given level.</doc>
<status status="PASS" start="2024-06-29T16:17:54.737219" elapsed="0.000162"/>
</kw>
<var name="${key}">location</var>
<status status="PASS" start="2024-06-29T16:17:54.735870" elapsed="0.001726"/>
</iter>
<iter>
<kw name="Dictionary Should Contain Key" owner="Collections">
<arg>${json_data['results'][0]}</arg>
<arg>${key}</arg>
<doc>Fails if ``key`` is not found from ``dictionary``.</doc>
<status status="PASS" start="2024-06-29T16:17:54.737869" elapsed="0.000381"/>
</kw>
<kw name="Log" owner="BuiltIn">
<msg time="2024-06-29T16:17:54.738785" level="INFO">{'gender': 'male', 'name': {'title': 'Mr', 'first': 'Leo', 'last': 'Rezende'}, 'location': {'street': {'number': 3627, 'name': 'Rua Alagoas '}, 'city': 'Campo Largo', 'state': 'São Paulo', 'country': 'Brazil', 'postcode': 33634, 'coordinates': {'latitude': '-79.7830', 'longitude': '-84.4855'}, 'timezone': {'offset': '+8:00', 'description': 'Beijing, Perth, Singapore, Hong Kong'}}, 'email': 'leo.rezende@example.com', 'login': {'uuid': '9dd513f4-127f-4c64-944b-da81c326a1e4', 'username': 'crazypeacock856', 'password': 'dorian', 'salt': 'ejB9Vzru', 'md5': 'b396e34a8dd031e58c72b5d26209c8bf', 'sha1': '345712e590ba8af92923d7c65e8c59b654264cf1', 'sha256': 'c80bb85264e0cfa300161ec29934ef7eece9903514f0ef03ad4c7116da81ca2f'}, 'dob': {'date': '1983-08-12T01:08:12.706Z', 'age': 40}, 'registered': {'date': '2012-08-05T04:02:39.317Z', 'age': 11}, 'phone': '(82) 1460-9244', 'cell': '(17) 0094-8167', 'id': {'name': 'CPF', 'value': '719.373.882-40'}, 'picture': {'large': 'https://randomuser.me/api/portraits/men/12.jpg', 'medium': 'https://randomuser.me/api/portraits/med/men/12.jpg', 'thumbnail': 'https://randomuser.me/api/portraits/thumb/men/12.jpg'}, 'nat': 'BR'}</msg>
<arg>${json_data['results'][0]}</arg>
<doc>Logs the given message with the given level.</doc>
<status status="PASS" start="2024-06-29T16:17:54.738435" elapsed="0.000398"/>
</kw>
<kw name="Log" owner="BuiltIn">
<msg time="2024-06-29T16:17:54.739245" level="INFO">email</msg>
<arg>${key}</arg>
<doc>Logs the given message with the given level.</doc>
<status status="PASS" start="2024-06-29T16:17:54.739121" elapsed="0.000162"/>
</kw>
<var name="${key}">email</var>
<status status="PASS" start="2024-06-29T16:17:54.737763" elapsed="0.001735"/>
</iter>
<iter>
<kw name="Dictionary Should Contain Key" owner="Collections">
<arg>${json_data['results'][0]}</arg>
<arg>${key}</arg>
<doc>Fails if ``key`` is not found from ``dictionary``.</doc>
<status status="PASS" start="2024-06-29T16:17:54.739843" elapsed="0.000391"/>
</kw>
<kw name="Log" owner="BuiltIn">
<msg time="2024-06-29T16:17:54.740761" level="INFO">{'gender': 'male', 'name': {'title': 'Mr', 'first': 'Leo', 'last': 'Rezende'}, 'location': {'street': {'number': 3627, 'name': 'Rua Alagoas '}, 'city': 'Campo Largo', 'state': 'São Paulo', 'country': 'Brazil', 'postcode': 33634, 'coordinates': {'latitude': '-79.7830', 'longitude': '-84.4855'}, 'timezone': {'offset': '+8:00', 'description': 'Beijing, Perth, Singapore, Hong Kong'}}, 'email': 'leo.rezende@example.com', 'login': {'uuid': '9dd513f4-127f-4c64-944b-da81c326a1e4', 'username': 'crazypeacock856', 'password': 'dorian', 'salt': 'ejB9Vzru', 'md5': 'b396e34a8dd031e58c72b5d26209c8bf', 'sha1': '345712e590ba8af92923d7c65e8c59b654264cf1', 'sha256': 'c80bb85264e0cfa300161ec29934ef7eece9903514f0ef03ad4c7116da81ca2f'}, 'dob': {'date': '1983-08-12T01:08:12.706Z', 'age': 40}, 'registered': {'date': '2012-08-05T04:02:39.317Z', 'age': 11}, 'phone': '(82) 1460-9244', 'cell': '(17) 0094-8167', 'id': {'name': 'CPF', 'value': '719.373.882-40'}, 'picture': {'large': 'https://randomuser.me/api/portraits/men/12.jpg', 'medium': 'https://randomuser.me/api/portraits/med/men/12.jpg', 'thumbnail': 'https://randomuser.me/api/portraits/thumb/men/12.jpg'}, 'nat': 'BR'}</msg>
<arg>${json_data['results'][0]}</arg>
<doc>Logs the given message with the given level.</doc>
<status status="PASS" start="2024-06-29T16:17:54.740414" elapsed="0.000402"/>
</kw>
<kw name="Log" owner="BuiltIn">
<msg time="2024-06-29T16:17:54.741240" level="INFO">login</msg>
<arg>${key}</arg>
<doc>Logs the given message with the given level.</doc>
<status status="PASS" start="2024-06-29T16:17:54.741105" elapsed="0.000172"/>
</kw>
<var name="${key}">login</var>
<status status="PASS" start="2024-06-29T16:17:54.739709" elapsed="0.001777"/>
</iter>
<var>${key}</var>
<value>@{expected_keys}</value>
<status status="PASS" start="2024-06-29T16:17:54.731720" elapsed="0.009886"/>
</for>
<kw name="Create List" owner="BuiltIn">
<msg time="2024-06-29T16:17:54.741938" level="INFO">${expected_keysTwo} = ['username', 'password']</msg>
<var>${expected_keysTwo}</var>
<arg>username</arg>
<arg>password</arg>
<doc>Returns a list containing given items.</doc>
<status status="PASS" start="2024-06-29T16:17:54.741800" elapsed="0.000188"/>
</kw>
<for flavor="IN">
<iter>
<kw name="Dictionary Should Contain Key" owner="Collections">
<arg>${json_data['results'][0]['login']}</arg>
<arg>${keyTwo}</arg>
<doc>Fails if ``key`` is not found from ``dictionary``.</doc>
<status status="PASS" start="2024-06-29T16:17:54.742482" elapsed="0.000386"/>
</kw>
<kw name="Dictionary Should Contain Key" owner="Collections">
<arg>${json_data['results'][0]['login']}</arg>
<arg>${keyTwo}</arg>
<doc>Fails if ``key`` is not found from ``dictionary``.</doc>
<status status="PASS" start="2024-06-29T16:17:54.743044" elapsed="0.000367"/>
</kw>
<kw name="Log" owner="BuiltIn">
<msg time="2024-06-29T16:17:54.743739" level="INFO">username</msg>
<arg>${keyTwo}</arg>
<doc>Logs the given message with the given level.</doc>
<status status="PASS" start="2024-06-29T16:17:54.743590" elapsed="0.000186"/>
</kw>
<var name="${keyTwo}">username</var>
<status status="PASS" start="2024-06-29T16:17:54.742376" elapsed="0.001617"/>
</iter>
<iter>
<kw name="Dictionary Should Contain Key" owner="Collections">
<arg>${json_data['results'][0]['login']}</arg>
<arg>${keyTwo}</arg>
<doc>Fails if ``key`` is not found from ``dictionary``.</doc>
<status status="PASS" start="2024-06-29T16:17:54.744262" elapsed="0.000382"/>
</kw>
<kw name="Dictionary Should Contain Key" owner="Collections">
<arg>${json_data['results'][0]['login']}</arg>
<arg>${keyTwo}</arg>
<doc>Fails if ``key`` is not found from ``dictionary``.</doc>
<status status="PASS" start="2024-06-29T16:17:54.744817" elapsed="0.000360"/>
</kw>
<kw name="Log" owner="BuiltIn">
<msg time="2024-06-29T16:17:54.745463" level="INFO">password</msg>
<arg>${keyTwo}</arg>
<doc>Logs the given message with the given level.</doc>
<status status="PASS" start="2024-06-29T16:17:54.745347" elapsed="0.000156"/>
</kw>
<var name="${keyTwo}">password</var>
<status status="PASS" start="2024-06-29T16:17:54.744159" elapsed="0.001649"/>
</iter>
<var>${keyTwo}</var>
<value>@{expected_keysTwo}</value>
<status status="PASS" start="2024-06-29T16:17:54.742227" elapsed="0.003700"/>
</for>
<status status="PASS" start="2024-06-29T16:17:54.478552" elapsed="0.267512"/>
</kw>
<doc>Testa a estrutura da resposta da API.</doc>
<tag>testeEstruturaResposta</tag>
<status status="PASS" start="2024-06-29T16:17:54.477943" elapsed="0.268271"/>
</test>
<test id="s1-s1-t4" name="Validar tipos de dados" line="28">
<kw name="Teste de Tipos de Dados" owner="random-user-service">
<kw name="GET On Session" owner="RequestsLibrary">
<msg time="2024-06-29T16:17:54.822956" level="INFO">GET Request : url=https://randomuser.me/api 
 path_url=/api 
 headers={'User-Agent': 'python-requests/2.32.3', 'Accept-Encoding': 'gzip, deflate', 'Accept': '*/*', 'Connection': 'keep-alive'} 
 body=None 
 </msg>
<msg time="2024-06-29T16:17:54.823050" level="INFO">GET Response : url=https://randomuser.me/api 
 status=200, reason=OK 
 headers={'Date': 'Sat, 29 Jun 2024 16:17:54 GMT', 'Content-Type': 'application/json; charset=utf-8', 'Transfer-Encoding': 'chunked', 'Connection': 'keep-alive', 'X-Powered-By': 'Express', 'Access-Control-Allow-Origin': '*', 'Cache-Control': 'no-cache', 'ETag': 'W/"499-okbbWD8N2NjSxhpW+xZIda6gJlk"', 'Vary': 'Accept-Encoding', 'Content-Encoding': 'gzip', 'CF-Cache-Status': 'DYNAMIC', 'Report-To': '{"endpoints":[{"url":"https:\\/\\/a.nel.cloudflare.com\\/report\\/v4?s=iUJ74TCjKEWLaU5THnZlanR7ZLR6cMEDNLt%2FygtTTQrWRUPiucWcL%2FjEqmhHrX7THRj01agfpWYXbXFAKlPd8WYVDPpAn4updHYuTHvFLG9cAO8SOLO7nH0eoRWhEbwe"}],"group":"cf-nel","max_age":604800}', 'NEL': '{"success_fraction":0,"report_to":"cf-nel","max_age":604800}', 'Server': 'cloudflare', 'CF-RAY': '89b73abd380313b3-IAD', 'alt-svc': 'h3=":443"; ma=86400'} 
 body={"results":[{"gender":"male","name":{"title":"Mr","first":"Reyansh","last":"Saldanha"},"location":{"street":{"number":410,"name":"Ratha Bheedi"},"city":"Sangli","state":"Mizoram","country":"India","postcode":43795,"coordinates":{"latitude":"8.2529","longitude":"-72.7426"},"timezone":{"offset":"0:00","description":"Western Europe Time, London, Lisbon, Casablanca"}},"email":"reyansh.saldanha@example.com","login":{"uuid":"cc70cda6-3e0e-4716-b59b-fb29c2e343a7","username":"purplepeacock989","password":"freedom1","salt":"o4a6BgxU","md5":"7a9566967f3c4eb0128c14467b94cc9a","sha1":"127b768e8712a141de1350939d81ae60b61e0757","sha256":"4d67bfc1520880b06b3f326767d6d431cb64ce5eacade021ed459d01fe1c850f"},"dob":{"date":"1984-04-29T10:46:55.762Z","age":40},"registered":{"date":"2005-12-14T20:06:49.155Z","age":18},"phone":"9181226422","cell":"8812477468","id":{"name":"UIDAI","value":"005644520114"},"picture":{"large":"https://randomuser.me/api/portraits/men/59.jpg","medium":"https://randomuser.me/api/portraits/med/men/59.jpg","thumbnail":"https://randomuser.me/api/portraits/thumb/men/59.jpg"},"nat":"IN"}],"info":{"seed":"623ff0f9030a5365","results":1,"page":1,"version":"1.4"}} 
 </msg>
<msg time="2024-06-29T16:17:54.823123" level="INFO">/opt/hostedtoolcache/Python/3.12.4/x64/lib/python3.12/site-packages/urllib3/connectionpool.py:1099: InsecureRequestWarning: Unverified HTTPS request is being made to host 'randomuser.me'. Adding certificate verification is strongly advised. See: https://urllib3.readthedocs.io/en/latest/advanced-usage.html#tls-warnings
  warnings.warn(</msg>
<msg time="2024-06-29T16:17:54.823252" level="INFO">${response} = &lt;Response [200]&gt;</msg>
<var>${response}</var>
<arg>consultarAPI</arg>
<arg>/api</arg>
<doc>Sends a GET request on a previously created HTTP Session.</doc>
<status status="PASS" start="2024-06-29T16:17:54.748797" elapsed="0.074500"/>
</kw>
<kw name="Set Variable" owner="BuiltIn">
<msg time="2024-06-29T16:17:54.824271" level="INFO">${json_data} = {'results': [{'gender': 'male', 'name': {'title': 'Mr', 'first': 'Reyansh', 'last': 'Saldanha'}, 'location': {'street': {'number': 410, 'name': 'Ratha Bheedi'}, 'city': 'Sangli', 'state': 'Mizoram', '...</msg>
<var>${json_data}</var>
<arg>${response.json()}</arg>
<doc>Returns the given values which can then be assigned to a variables.</doc>
<status status="PASS" start="2024-06-29T16:17:54.823770" elapsed="0.000533"/>
</kw>
<kw name="Log" owner="BuiltIn">
<msg time="2024-06-29T16:17:54.824790" level="INFO">{'results': [{'gender': 'male', 'name': {'title': 'Mr', 'first': 'Reyansh', 'last': 'Saldanha'}, 'location': {'street': {'number': 410, 'name': 'Ratha Bheedi'}, 'city': 'Sangli', 'state': 'Mizoram', 'country': 'India', 'postcode': 43795, 'coordinates': {'latitude': '8.2529', 'longitude': '-72.7426'}, 'timezone': {'offset': '0:00', 'description': 'Western Europe Time, London, Lisbon, Casablanca'}}, 'email': 'reyansh.saldanha@example.com', 'login': {'uuid': 'cc70cda6-3e0e-4716-b59b-fb29c2e343a7', 'username': 'purplepeacock989', 'password': 'freedom1', 'salt': 'o4a6BgxU', 'md5': '7a9566967f3c4eb0128c14467b94cc9a', 'sha1': '127b768e8712a141de1350939d81ae60b61e0757', 'sha256': '4d67bfc1520880b06b3f326767d6d431cb64ce5eacade021ed459d01fe1c850f'}, 'dob': {'date': '1984-04-29T10:46:55.762Z', 'age': 40}, 'registered': {'date': '2005-12-14T20:06:49.155Z', 'age': 18}, 'phone': '9181226422', 'cell': '8812477468', 'id': {'name': 'UIDAI', 'value': '005644520114'}, 'picture': {'large': 'https://randomuser.me/api/portraits/men/59.jpg', 'medium': 'https://randomuser.me/api/portraits/med/men/59.jpg', 'thumbnail': 'https://randomuser.me/api/portraits/thumb/men/59.jpg'}, 'nat': 'IN'}], 'info': {'seed': '623ff0f9030a5365', 'results': 1, 'page': 1, 'version': '1.4'}}</msg>
<arg>${json_data}</arg>
<doc>Logs the given message with the given level.</doc>
<status status="PASS" start="2024-06-29T16:17:54.824628" elapsed="0.000209"/>
</kw>
<kw name="Should Be String" owner="String">
<arg>${json_data['results'][0]['gender']}</arg>
<doc>Fails if the given ``item`` is not a string.</doc>
<status status="PASS" start="2024-06-29T16:17:54.825135" elapsed="0.000363"/>
</kw>
<kw name="Should Match Regexp" owner="BuiltIn">
<arg>${json_data['results'][0]['email']}</arg>
<arg>^[a-zA-Z0-9._%+-]+@[a-zA-Z0-9.-]+\.[a-zA-Z]{2,}$</arg>
<doc>Fails if ``string`` does not match ``pattern`` as a regular expression.</doc>
<status status="PASS" start="2024-06-29T16:17:54.825685" elapsed="0.000552"/>
</kw>
<kw name="Should Match Regexp" owner="BuiltIn">
<arg>${json_data['results'][0]['dob']['date']}</arg>
<arg>\\d{4}-\\d{2}-\\d{2}T\\d{2}:\\d{2}:\\d{2}\\.\\d{3}Z</arg>
<doc>Fails if ``string`` does not match ``pattern`` as a regular expression.</doc>
<status status="PASS" start="2024-06-29T16:17:54.826428" elapsed="0.000488"/>
</kw>
<kw name="Should Match Regexp" owner="BuiltIn">
<arg>${json_data['results'][0]['registered']['date']}</arg>
<arg>\\d{4}-\\d{2}-\\d{2}T\\d{2}:\\d{2}:\\d{2}\\.\\d{3}Z</arg>
<doc>Fails if ``string`` does not match ``pattern`` as a regular expression.</doc>
<status status="PASS" start="2024-06-29T16:17:54.827104" elapsed="0.000364"/>
</kw>
<kw name="Should Match Regexp" owner="BuiltIn">
<arg>${json_data['results'][0]['picture']['large']}</arg>
<arg>^https?://.*\.(?:png|jpe?g|gif|bmp)$</arg>
<doc>Fails if ``string`` does not match ``pattern`` as a regular expression.</doc>
<status status="PASS" start="2024-06-29T16:17:54.827667" elapsed="0.000466"/>
</kw>
<kw name="Should Match Regexp" owner="BuiltIn">
<arg>${json_data['results'][0]['picture']['medium']}</arg>
<arg>^https?://.*\.(?:png|jpe?g|gif|bmp)$</arg>
<doc>Fails if ``string`` does not match ``pattern`` as a regular expression.</doc>
<status status="PASS" start="2024-06-29T16:17:54.828315" elapsed="0.000351"/>
</kw>
<kw name="Should Match Regexp" owner="BuiltIn">
<arg>${json_data['results'][0]['picture']['thumbnail']}</arg>
<arg>^https?://.*\.(?:png|jpe?g|gif|bmp)$</arg>
<doc>Fails if ``string`` does not match ``pattern`` as a regular expression.</doc>
<status status="PASS" start="2024-06-29T16:17:54.828846" elapsed="0.000348"/>
</kw>
<kw name="Log" owner="BuiltIn">
<msg time="2024-06-29T16:17:54.829698" level="INFO">{'large': 'https://randomuser.me/api/portraits/men/59.jpg', 'medium': 'https://randomuser.me/api/portraits/med/men/59.jpg', 'thumbnail': 'https://randomuser.me/api/portraits/thumb/men/59.jpg'}</msg>
<arg>${json_data['results'][0]['picture']}</arg>
<doc>Logs the given message with the given level.</doc>
<status status="PASS" start="2024-06-29T16:17:54.829374" elapsed="0.000366"/>
</kw>
<status status="PASS" start="2024-06-29T16:17:54.748577" elapsed="0.081420"/>
</kw>
<kw name="Teste de Tipos de Dados - Postcode" owner="random-user-service">
<kw name="GET On Session" owner="RequestsLibrary">
<msg time="2024-06-29T16:17:54.878291" level="INFO">GET Request : url=https://randomuser.me/api 
 path_url=/api 
 headers={'User-Agent': 'python-requests/2.32.3', 'Accept-Encoding': 'gzip, deflate', 'Accept': '*/*', 'Connection': 'keep-alive'} 
 body=None 
 </msg>
<msg time="2024-06-29T16:17:54.878360" level="INFO">GET Response : url=https://randomuser.me/api 
 status=200, reason=OK 
 headers={'Date': 'Sat, 29 Jun 2024 16:17:54 GMT', 'Content-Type': 'application/json; charset=utf-8', 'Transfer-Encoding': 'chunked', 'Connection': 'keep-alive', 'X-Powered-By': 'Express', 'Access-Control-Allow-Origin': '*', 'Cache-Control': 'no-cache', 'ETag': 'W/"4a5-IPyaVPI1053V8YVk4YYXYO3T/Tc"', 'Vary': 'Accept-Encoding', 'Content-Encoding': 'gzip', 'CF-Cache-Status': 'DYNAMIC', 'Report-To': '{"endpoints":[{"url":"https:\\/\\/a.nel.cloudflare.com\\/report\\/v4?s=6Pa%2FJInWJGLhWfQhmaQZQE0b07dpEoqM8aSavz5xfUDsAhB%2BQqvrnu4oSQdjd9ei4ut8YRAckRq9x%2BP81wuR3XnZGdJ3TnJmRTTiypMzuo2krJcFywCP1soCHpwfL924"}],"group":"cf-nel","max_age":604800}', 'NEL': '{"success_fraction":0,"report_to":"cf-nel","max_age":604800}', 'Server': 'cloudflare', 'CF-RAY': '89b73abdb85213b3-IAD', 'alt-svc': 'h3=":443"; ma=86400'} 
 body={"results":[{"gender":"female","name":{"title":"Mrs","first":"Lauren","last":"Fuller"},"location":{"street":{"number":2013,"name":"Oak Ridge Ln"},"city":"Provo","state":"Florida","country":"United States","postcode":51943,"coordinates":{"latitude":"82.0137","longitude":"92.0009"},"timezone":{"offset":"0:00","description":"Western Europe Time, London, Lisbon, Casablanca"}},"email":"lauren.fuller@example.com","login":{"uuid":"846739b2-724f-496d-bcbe-aaa7ddfd4dd3","username":"tinymouse686","password":"redalert","salt":"it7Jy2EV","md5":"ccb1fdd6374faa3e45b5e3173c2a9f3e","sha1":"89d08cec716e17a5837607adecd3d0cebb109c0a","sha256":"c4e8a5130258329795c3d085eac63d623f7cec42396561b6c25e19604a84ddb6"},"dob":{"date":"1983-06-07T12:29:23.702Z","age":41},"registered":{"date":"2011-02-04T08:02:03.745Z","age":13},"phone":"(898) 488-1448","cell":"(698) 930-3516","id":{"name":"SSN","value":"433-23-7224"},"picture":{"large":"https://randomuser.me/api/portraits/women/84.jpg","medium":"https://randomuser.me/api/portraits/med/women/84.jpg","thumbnail":"https://randomuser.me/api/portraits/thumb/women/84.jpg"},"nat":"US"}],"info":{"seed":"c78865a3979e0d37","results":1,"page":1,"version":"1.4"}} 
 </msg>
<msg time="2024-06-29T16:17:54.878417" level="INFO">/opt/hostedtoolcache/Python/3.12.4/x64/lib/python3.12/site-packages/urllib3/connectionpool.py:1099: InsecureRequestWarning: Unverified HTTPS request is being made to host 'randomuser.me'. Adding certificate verification is strongly advised. See: https://urllib3.readthedocs.io/en/latest/advanced-usage.html#tls-warnings
  warnings.warn(</msg>
<msg time="2024-06-29T16:17:54.878534" level="INFO">${response} = &lt;Response [200]&gt;</msg>
<var>${response}</var>
<arg>consultarAPI</arg>
<arg>/api</arg>
<doc>Sends a GET request on a previously created HTTP Session.</doc>
<status status="PASS" start="2024-06-29T16:17:54.830447" elapsed="0.048131"/>
</kw>
<kw name="Set Variable" owner="BuiltIn">
<msg time="2024-06-29T16:17:54.879390" level="INFO">${json_data} = {'results': [{'gender': 'female', 'name': {'title': 'Mrs', 'first': 'Lauren', 'last': 'Fuller'}, 'location': {'street': {'number': 2013, 'name': 'Oak Ridge Ln'}, 'city': 'Provo', 'state': 'Florida', '...</msg>
<var>${json_data}</var>
<arg>${response.json()}</arg>
<doc>Returns the given values which can then be assigned to a variables.</doc>
<status status="PASS" start="2024-06-29T16:17:54.878935" elapsed="0.000482"/>
</kw>
<kw name="Log" owner="BuiltIn">
<msg time="2024-06-29T16:17:54.879927" level="INFO">{'results': [{'gender': 'female', 'name': {'title': 'Mrs', 'first': 'Lauren', 'last': 'Fuller'}, 'location': {'street': {'number': 2013, 'name': 'Oak Ridge Ln'}, 'city': 'Provo', 'state': 'Florida', 'country': 'United States', 'postcode': 51943, 'coordinates': {'latitude': '82.0137', 'longitude': '92.0009'}, 'timezone': {'offset': '0:00', 'description': 'Western Europe Time, London, Lisbon, Casablanca'}}, 'email': 'lauren.fuller@example.com', 'login': {'uuid': '846739b2-724f-496d-bcbe-aaa7ddfd4dd3', 'username': 'tinymouse686', 'password': 'redalert', 'salt': 'it7Jy2EV', 'md5': 'ccb1fdd6374faa3e45b5e3173c2a9f3e', 'sha1': '89d08cec716e17a5837607adecd3d0cebb109c0a', 'sha256': 'c4e8a5130258329795c3d085eac63d623f7cec42396561b6c25e19604a84ddb6'}, 'dob': {'date': '1983-06-07T12:29:23.702Z', 'age': 41}, 'registered': {'date': '2011-02-04T08:02:03.745Z', 'age': 13}, 'phone': '(898) 488-1448', 'cell': '(698) 930-3516', 'id': {'name': 'SSN', 'value': '433-23-7224'}, 'picture': {'large': 'https://randomuser.me/api/portraits/women/84.jpg', 'medium': 'https://randomuser.me/api/portraits/med/women/84.jpg', 'thumbnail': 'https://randomuser.me/api/portraits/thumb/women/84.jpg'}, 'nat': 'US'}], 'info': {'seed': 'c78865a3979e0d37', 'results': 1, 'page': 1, 'version': '1.4'}}</msg>
<arg>${json_data}</arg>
<doc>Logs the given message with the given level.</doc>
<status status="PASS" start="2024-06-29T16:17:54.879768" elapsed="0.000205"/>
</kw>
<kw name="Should Be Equal As Numbers" owner="BuiltIn">
<arg>${json_data['results'][0]['location']['postcode']}</arg>
<arg>${json_data['results'][0]['location']['postcode']}</arg>
<doc>Fails if objects are unequal after converting them to real numbers.</doc>
<status status="PASS" start="2024-06-29T16:17:54.880264" elapsed="0.000618"/>
</kw>
<kw name="Log" owner="BuiltIn">
<msg time="2024-06-29T16:17:54.881534" level="INFO">51943</msg>
<arg>${json_data['results'][0]['location']['postcode']}</arg>
<doc>Logs the given message with the given level.</doc>
<status status="PASS" start="2024-06-29T16:17:54.881067" elapsed="0.000538"/>
</kw>
<status status="PASS" start="2024-06-29T16:17:54.830222" elapsed="0.051634"/>
</kw>
<doc>Testa se os tipos de dados na resposta da API estão corretos.</doc>
<tag>testeTiposDados</tag>
<status status="PASS" start="2024-06-29T16:17:54.748011" elapsed="0.134007"/>
</test>
<test id="s1-s1-t5" name="Validar conteudo" line="35">
<kw name="Teste de Tipos de Conteudo" owner="random-user-service">
<kw name="GET On Session" owner="RequestsLibrary">
<msg time="2024-06-29T16:17:54.992281" level="INFO">GET Request : url=https://randomuser.me/api 
 path_url=/api 
 headers={'User-Agent': 'python-requests/2.32.3', 'Accept-Encoding': 'gzip, deflate', 'Accept': '*/*', 'Connection': 'keep-alive'} 
 body=None 
 </msg>
<msg time="2024-06-29T16:17:54.992383" level="INFO">GET Response : url=https://randomuser.me/api 
 status=200, reason=OK 
 headers={'Date': 'Sat, 29 Jun 2024 16:17:54 GMT', 'Content-Type': 'application/json; charset=utf-8', 'Transfer-Encoding': 'chunked', 'Connection': 'keep-alive', 'X-Powered-By': 'Express', 'Access-Control-Allow-Origin': '*', 'Cache-Control': 'no-cache', 'ETag': 'W/"491-73lLKi5eXfZm4WVnRjdSy3q+GNs"', 'Vary': 'Accept-Encoding', 'Content-Encoding': 'gzip', 'CF-Cache-Status': 'DYNAMIC', 'Report-To': '{"endpoints":[{"url":"https:\\/\\/a.nel.cloudflare.com\\/report\\/v4?s=WB%2FcxG4C9kHuKDq3cqAOj2tG40zq0up33SSBQKBselG8x03T4OiL0cZOvTptpN9X1FrqoJKh%2F%2Fqwr1Z16l3naMGTODQnn9%2FQbpsz6tsT7nLSQI94JYVAGTruJs%2BhFn6I"}],"group":"cf-nel","max_age":604800}', 'NEL': '{"success_fraction":0,"report_to":"cf-nel","max_age":604800}', 'Server': 'cloudflare', 'CF-RAY': '89b73abe088b13b3-IAD', 'alt-svc': 'h3=":443"; ma=86400'} 
 body={"results":[{"gender":"male","name":{"title":"Mr","first":"César","last":"Galindo"},"location":{"street":{"number":9993,"name":"Eje vial Michoacán de Ocampo"},"city":"Quetchehueca","state":"Veracruz","country":"Mexico","postcode":25198,"coordinates":{"latitude":"21.8783","longitude":"-143.2507"},"timezone":{"offset":"-2:00","description":"Mid-Atlantic"}},"email":"cesar.galindo@example.com","login":{"uuid":"256f9ae2-f291-4247-98ce-97fb0cee5c00","username":"silverswan626","password":"lovely","salt":"7jMdlqEh","md5":"a82e4889fccdc1e2264559ead2ffd975","sha1":"fe741e47f5c8fc88edede2ca8cb6a483a7a4e050","sha256":"6610f92d5f474314979099c32cd94b8bfeede89f1a2fb41635c2ba51baa43205"},"dob":{"date":"1970-03-01T17:11:11.529Z","age":54},"registered":{"date":"2021-05-03T15:33:10.565Z","age":3},"phone":"(607) 983 7009","cell":"(609) 668 5484","id":{"name":"NSS","value":"33 74 47 0367 6"},"picture":{"large":"https://randomuser.me/api/portraits/men/72.jpg","medium":"https://randomuser.me/api/portraits/med/men/72.jpg","thumbnail":"https://randomuser.me/api/portraits/thumb/men/72.jpg"},"nat":"MX"}],"info":{"seed":"8afffd36081a36da","results":1,"page":1,"version":"1.4"}} 
 </msg>
<msg time="2024-06-29T16:17:54.992453" level="INFO">/opt/hostedtoolcache/Python/3.12.4/x64/lib/python3.12/site-packages/urllib3/connectionpool.py:1099: InsecureRequestWarning: Unverified HTTPS request is being made to host 'randomuser.me'. Adding certificate verification is strongly advised. See: https://urllib3.readthedocs.io/en/latest/advanced-usage.html#tls-warnings
  warnings.warn(</msg>
<msg time="2024-06-29T16:17:54.992587" level="INFO">${response} = &lt;Response [200]&gt;</msg>
<var>${response}</var>
<arg>consultarAPI</arg>
<arg>/api</arg>
<doc>Sends a GET request on a previously created HTTP Session.</doc>
<status status="PASS" start="2024-06-29T16:17:54.884547" elapsed="0.108085"/>
</kw>
<kw name="Set Variable" owner="BuiltIn">
<msg time="2024-06-29T16:17:54.993588" level="INFO">${json_data} = {'results': [{'gender': 'male', 'name': {'title': 'Mr', 'first': 'César', 'last': 'Galindo'}, 'location': {'street': {'number': 9993, 'name': 'Eje vial Michoacán de Ocampo'}, 'city': 'Quetchehueca', '...</msg>
<var>${json_data}</var>
<arg>${response.json()}</arg>
<doc>Returns the given values which can then be assigned to a variables.</doc>
<status status="PASS" start="2024-06-29T16:17:54.993085" elapsed="0.000532"/>
</kw>
<kw name="Set Variable" owner="BuiltIn">
<msg time="2024-06-29T16:17:54.994297" level="INFO">${name_title} = Mr</msg>
<var>${name_title}</var>
<arg>${json_data["results"][0]["name"]["title"]}</arg>
<doc>Returns the given values which can then be assigned to a variables.</doc>
<status status="PASS" start="2024-06-29T16:17:54.993916" elapsed="0.000406"/>
</kw>
<kw name="Create List" owner="BuiltIn">
<msg time="2024-06-29T16:17:54.994758" level="INFO">${allowed_titles} = ['Mr', 'Ms', 'Miss', 'Mrs', 'Madame', 'Monsieur']</msg>
<var>${allowed_titles}</var>
<arg>Mr</arg>
<arg>Ms</arg>
<arg>Miss</arg>
<arg>Mrs</arg>
<arg>Madame</arg>
<arg>Monsieur</arg>
<doc>Returns a list containing given items.</doc>
<status status="PASS" start="2024-06-29T16:17:54.994613" elapsed="0.000168"/>
</kw>
<kw name="List Should Contain Value" owner="Collections">
<arg>${allowed_titles}</arg>
<arg>${name_title}</arg>
<doc>Fails if the ``value`` is not found from ``list``.</doc>
<status status="PASS" start="2024-06-29T16:17:54.995082" elapsed="0.000175"/>
</kw>
<kw name="Set Variable" owner="BuiltIn">
<msg time="2024-06-29T16:17:54.995853" level="INFO">${name_country} = MX</msg>
<var>${name_country}</var>
<arg>${json_data["results"][0]["nat"]}</arg>
<doc>Returns the given values which can then be assigned to a variables.</doc>
<status status="PASS" start="2024-06-29T16:17:54.995435" elapsed="0.000443"/>
</kw>
<kw name="Create List" owner="BuiltIn">
<msg time="2024-06-29T16:17:54.996757" level="INFO">${list_country} = ['AD', 'AE', 'AF', 'AG', 'AI', 'AL', 'AM', 'AO', 'AQ', 'AR', 'AS', 'AT', 'AU', 'AW', 'AX', 'AZ', 'BA', 'BB', 'BD', 'BE', 'BF', 'BG', 'BH', 'BI', 'BJ', 'BL', 'BM', 'BN', 'BO', 'BQ', 'BR', 'BS', 'BT', '...</msg>
<var>${list_country}</var>
<arg>AD</arg>
<arg>AE</arg>
<arg>AF</arg>
<arg>AG</arg>
<arg>AI</arg>
<arg>AL</arg>
<arg>AM</arg>
<arg>AO</arg>
<arg>AQ</arg>
<arg>AR</arg>
<arg>AS</arg>
<arg>AT</arg>
<arg>AU</arg>
<arg>AW</arg>
<arg>AX</arg>
<arg>AZ</arg>
<arg>BA</arg>
<arg>BB</arg>
<arg>BD</arg>
<arg>BE</arg>
<arg>BF</arg>
<arg>BG</arg>
<arg>BH</arg>
<arg>BI</arg>
<arg>BJ</arg>
<arg>BL</arg>
<arg>BM</arg>
<arg>BN</arg>
<arg>BO</arg>
<arg>BQ</arg>
<arg>BR</arg>
<arg>BS</arg>
<arg>BT</arg>
<arg>BV</arg>
<arg>BW</arg>
<arg>BY</arg>
<arg>BZ</arg>
<arg>CA</arg>
<arg>CC</arg>
<arg>CD</arg>
<arg>CF</arg>
<arg>CG</arg>
<arg>CH</arg>
<arg>CI</arg>
<arg>CK</arg>
<arg>CL</arg>
<arg>CM</arg>
<arg>CN</arg>
<arg>CO</arg>
<arg>CR</arg>
<arg>CU</arg>
<arg>CV</arg>
<arg>CW</arg>
<arg>CX</arg>
<arg>CY</arg>
<arg>CZ</arg>
<arg>DE</arg>
<arg>DJ</arg>
<arg>DK</arg>
<arg>DM</arg>
<arg>DO</arg>
<arg>DZ</arg>
<arg>EC</arg>
<arg>EE</arg>
<arg>EG</arg>
<arg>EH</arg>
<arg>ER</arg>
<arg>ES</arg>
<arg>ET</arg>
<arg>FI</arg>
<arg>FJ</arg>
<arg>FK</arg>
<arg>FM</arg>
<arg>FO</arg>
<arg>FR</arg>
<arg>GA</arg>
<arg>GB</arg>
<arg>GD</arg>
<arg>GE</arg>
<arg>GF</arg>
<arg>GG</arg>
<arg>GH</arg>
<arg>GI</arg>
<arg>GL</arg>
<arg>GM</arg>
<arg>GN</arg>
<arg>GP</arg>
<arg>GQ</arg>
<arg>GR</arg>
<arg>GS</arg>
<arg>GT</arg>
<arg>GU</arg>
<arg>GW</arg>
<arg>GY</arg>
<arg>HK</arg>
<arg>HM</arg>
<arg>HN</arg>
<arg>HR</arg>
<arg>HT</arg>
<arg>HU</arg>
<arg>ID</arg>
<arg>IE</arg>
<arg>IL</arg>
<arg>IM</arg>
<arg>IN</arg>
<arg>IO</arg>
<arg>IQ</arg>
<arg>IR</arg>
<arg>IS</arg>
<arg>IT</arg>
<arg>JE</arg>
<arg>JM</arg>
<arg>JO</arg>
<arg>JP</arg>
<arg>KE</arg>
<arg>KG</arg>
<arg>KH</arg>
<arg>KI</arg>
<arg>KM</arg>
<arg>KN</arg>
<arg>KP</arg>
<arg>KR</arg>
<arg>KW</arg>
<arg>KY</arg>
<arg>KZ</arg>
<arg>LA</arg>
<arg>LB</arg>
<arg>LC</arg>
<arg>LI</arg>
<arg>LK</arg>
<arg>LR</arg>
<arg>LS</arg>
<arg>LT</arg>
<arg>LU</arg>
<arg>LV</arg>
<arg>LY</arg>
<arg>MA</arg>
<arg>MC</arg>
<arg>MD</arg>
<arg>ME</arg>
<arg>MF</arg>
<arg>MG</arg>
<arg>MH</arg>
<arg>MK</arg>
<arg>ML</arg>
<arg>MM</arg>
<arg>MN</arg>
<arg>MO</arg>
<arg>MP</arg>
<arg>MQ</arg>
<arg>MR</arg>
<arg>MS</arg>
<arg>MT</arg>
<arg>MU</arg>
<arg>MV</arg>
<arg>MW</arg>
<arg>MX</arg>
<arg>MY</arg>
<arg>MZ</arg>
<arg>NA</arg>
<arg>NC</arg>
<arg>NE</arg>
<arg>NF</arg>
<arg>NG</arg>
<arg>NI</arg>
<arg>NL</arg>
<arg>NO</arg>
<arg>NP</arg>
<arg>NR</arg>
<arg>NU</arg>
<arg>NZ</arg>
<arg>OM</arg>
<arg>PA</arg>
<arg>PE</arg>
<arg>PF</arg>
<arg>PG</arg>
<arg>PH</arg>
<arg>PK</arg>
<arg>PL</arg>
<arg>PM</arg>
<arg>PN</arg>
<arg>PR</arg>
<arg>PS</arg>
<arg>PT</arg>
<arg>PW</arg>
<arg>PY</arg>
<arg>QA</arg>
<arg>RE</arg>
<arg>RO</arg>
<arg>RS</arg>
<arg>RU</arg>
<arg>RW</arg>
<arg>SA</arg>
<arg>SB</arg>
<arg>SC</arg>
<arg>SD</arg>
<arg>SE</arg>
<arg>SG</arg>
<arg>SH</arg>
<arg>SI</arg>
<arg>SJ</arg>
<arg>SK</arg>
<arg>SL</arg>
<arg>SM</arg>
<arg>SN</arg>
<arg>SO</arg>
<arg>SR</arg>
<arg>SS</arg>
<arg>ST</arg>
<arg>SV</arg>
<arg>SX</arg>
<arg>SY</arg>
<arg>SZ</arg>
<arg>TC</arg>
<arg>TD</arg>
<arg>TF</arg>
<arg>TG</arg>
<arg>TH</arg>
<arg>TJ</arg>
<arg>TK</arg>
<arg>TL</arg>
<arg>TM</arg>
<arg>TN</arg>
<arg>TO</arg>
<arg>TR</arg>
<arg>TT</arg>
<arg>TV</arg>
<arg>TW</arg>
<arg>TZ</arg>
<arg>UA</arg>
<arg>UG</arg>
<arg>UM</arg>
<arg>US</arg>
<arg>UY</arg>
<arg>UZ</arg>
<arg>VA</arg>
<arg>VC</arg>
<arg>VE</arg>
<arg>VG</arg>
<arg>VI</arg>
<arg>VN</arg>
<arg>VU</arg>
<arg>WF</arg>
<arg>WS</arg>
<arg>XK</arg>
<arg>YE</arg>
<arg>YT</arg>
<arg>ZA</arg>
<arg>ZM</arg>
<arg>ZW</arg>
<doc>Returns a list containing given items.</doc>
<status status="PASS" start="2024-06-29T16:17:54.996164" elapsed="0.000618"/>
</kw>
<kw name="List Should Contain Value" owner="Collections">
<arg>${list_country}</arg>
<arg>${name_country}</arg>
<doc>Fails if the ``value`` is not found from ``list``.</doc>
<status status="PASS" start="2024-06-29T16:17:54.997572" elapsed="0.000199"/>
</kw>
<kw name="Run Keyword If" owner="BuiltIn">
<kw name="Should Be True" owner="BuiltIn">
<arg>${True}</arg>
<doc>Fails if the given condition is not true.</doc>
<status status="PASS" start="2024-06-29T16:17:54.998706" elapsed="0.000140"/>
</kw>
<arg>${json_data["results"][0]["location"]["coordinates"]["latitude"]} &gt;= -90 and ${json_data["results"][0]["location"]["coordinates"]["latitude"]} &lt;= 90</arg>
<arg>Should Be True</arg>
<arg>${True}</arg>
<doc>Runs the given keyword with the given arguments, if ``condition`` is true.</doc>
<status status="PASS" start="2024-06-29T16:17:54.997964" elapsed="0.001005"/>
</kw>
<kw name="Run Keyword If" owner="BuiltIn">
<kw name="Should Be True" owner="BuiltIn">
<arg>${True}</arg>
<doc>Fails if the given condition is not true.</doc>
<status status="PASS" start="2024-06-29T16:17:54.999865" elapsed="0.000233"/>
</kw>
<arg>${json_data["results"][0]["location"]["coordinates"]["longitude"]} &gt;= -180 and ${json_data["results"][0]["location"]["coordinates"]["longitude"]} &lt;= 180</arg>
<arg>Should Be True</arg>
<arg>${True}</arg>
<doc>Runs the given keyword with the given arguments, if ``condition`` is true.</doc>
<status status="PASS" start="2024-06-29T16:17:54.999144" elapsed="0.001080"/>
</kw>
<status status="PASS" start="2024-06-29T16:17:54.884328" elapsed="0.116027"/>
</kw>
<doc>Testa o conteúdo específico dos campos retornados pela API.</doc>
<tag>testeConteudo</tag>
<status status="PASS" start="2024-06-29T16:17:54.883787" elapsed="0.116714"/>
</test>
<status status="PASS" start="2024-06-29T16:17:53.903205" elapsed="1.099276"/>
</suite>
<status status="PASS" start="2024-06-29T16:17:53.888795" elapsed="1.118764"/>
</suite>
<statistics>
<total>
<stat pass="5" fail="0" skip="0">All Tests</stat>
</total>
<tag>
<stat pass="1" fail="0" skip="0">testeConteudo</stat>
<stat pass="1" fail="0" skip="0">testeEstruturaResposta</stat>
<stat pass="1" fail="0" skip="0">testeRequisicaoBasica</stat>
<stat pass="1" fail="0" skip="0">testeTiposDados</stat>
</tag>
<suite>
<stat pass="5" fail="0" skip="0" id="s1" name="Tests">Tests</stat>
<stat pass="5" fail="0" skip="0" id="s1-s1" name="Random-User-Test">Tests.Random-User-Test</stat>
</suite>
</statistics>
<errors>
</errors>
</robot>
