<?xml version="1.0" encoding="UTF-8"?>
<robot generator="Robot 7.0 (Python 3.12.3 on linux)" generated="2024-05-10T13:15:49.360754" rpa="false" schemaversion="5">
<suite id="s1" name="Tests" source="/home/runner/work/DesafioQAItauRogerioJordao/DesafioQAItauRogerioJordao/RamdonUser/tests">
<suite id="s1-s1" name="Random-User-Test" source="/home/runner/work/DesafioQAItauRogerioJordao/DesafioQAItauRogerioJordao/RamdonUser/tests/random-user-test.robot">
<test id="s1-s1-t1" name="Conectar" line="13">
<kw name="Conectar API" owner="random-user-service">
<kw name="Create Session" owner="RequestsLibrary">
<msg time="2024-05-10T13:15:49.727154" level="INFO">Creating Session using : alias=consultarAPI, url=https://randomuser.me/, headers={},                     cookies={}, auth=None, timeout=None, proxies=None, verify=False,                     debug=0 </msg>
<arg>consultarAPI</arg>
<arg>${URL}</arg>
<doc>Create Session: create a HTTP session to a server</doc>
<status status="PASS" start="2024-05-10T13:15:49.726940" elapsed="0.000409"/>
</kw>
<status status="PASS" start="2024-05-10T13:15:49.725897" elapsed="0.001814"/>
</kw>
<status status="PASS" start="2024-05-10T13:15:49.725328" elapsed="0.002574"/>
</test>
<test id="s1-s1-t2" name="Validar retorno 200 e JSON Válido" line="16">
<kw name="Teste de Requisicao Basica" owner="random-user-service">
<kw name="GET On Session" owner="RequestsLibrary">
<msg time="2024-05-10T13:15:49.848261" level="INFO">GET Request : url=https://randomuser.me/api 
 path_url=/api 
 headers={'User-Agent': 'python-requests/2.31.0', 'Accept-Encoding': 'gzip, deflate', 'Accept': '*/*', 'Connection': 'keep-alive'} 
 body=None 
 </msg>
<msg time="2024-05-10T13:15:49.848431" level="INFO">GET Response : url=https://randomuser.me/api 
 status=200, reason=OK 
 headers={'Date': 'Fri, 10 May 2024 13:15:49 GMT', 'Content-Type': 'application/json; charset=utf-8', 'Transfer-Encoding': 'chunked', 'Connection': 'keep-alive', 'X-Powered-By': 'Express', 'Access-Control-Allow-Origin': '*', 'Cache-Control': 'no-cache', 'ETag': 'W/"48f-UHTEFr2D1JOUO8RTTkYVG2zW0N0"', 'Vary': 'Accept-Encoding', 'Content-Encoding': 'gzip', 'CF-Cache-Status': 'DYNAMIC', 'Report-To': '{"endpoints":[{"url":"https:\\/\\/a.nel.cloudflare.com\\/report\\/v4?s=FyPFz4nFFzCEXF2VonxxUn1zVShkLApmcmU9wOL8SMy1U35U94RCTk54ZQrtPU6%2BL%2FhZnSdddtTlw2yaHrak9OJiZdI1tNGlakKQ%2Fnk8Hpi9%2FlDd6F8MJJDyTYtwFac6"}],"group":"cf-nel","max_age":604800}', 'NEL': '{"success_fraction":0,"report_to":"cf-nel","max_age":604800}', 'Server': 'cloudflare', 'CF-RAY': '881a33440d73f987-SJC', 'alt-svc': 'h3=":443"; ma=86400'} 
 body={"results":[{"gender":"male","name":{"title":"Mr","first":"Vitan","last":"Dichenko"},"location":{"street":{"number":5226,"name":"Provulok Umilciv"},"city":"Ohtirka","state":"Odeska","country":"Ukraine","postcode":64875,"coordinates":{"latitude":"73.3372","longitude":"-38.8363"},"timezone":{"offset":"0:00","description":"Western Europe Time, London, Lisbon, Casablanca"}},"email":"vitan.dichenko@example.com","login":{"uuid":"2478ea99-7108-41fe-a2de-8310fafc00bf","username":"smalltiger587","password":"blue123","salt":"BfcGf86A","md5":"fbf20a90f1fa5702893a762f82556fed","sha1":"6fc26314175e927834472826da0d6e433af76698","sha256":"a1f3d6546488ebbefcdde3cb50c1596ade01fbf448f71d8f335753a0e36daa52"},"dob":{"date":"1957-01-12T11:07:42.773Z","age":67},"registered":{"date":"2003-12-05T15:13:07.334Z","age":20},"phone":"(099) Q97-0069","cell":"(097) S06-3148","id":{"name":"","value":null},"picture":{"large":"https://randomuser.me/api/portraits/men/3.jpg","medium":"https://randomuser.me/api/portraits/med/men/3.jpg","thumbnail":"https://randomuser.me/api/portraits/thumb/men/3.jpg"},"nat":"UA"}],"info":{"seed":"264b5e5a0f3526f4","results":1,"page":1,"version":"1.4"}} 
 </msg>
<msg time="2024-05-10T13:15:49.848523" level="INFO">/opt/hostedtoolcache/Python/3.12.3/x64/lib/python3.12/site-packages/urllib3/connectionpool.py:1103: InsecureRequestWarning: Unverified HTTPS request is being made to host 'randomuser.me'. Adding certificate verification is strongly advised. See: https://urllib3.readthedocs.io/en/latest/advanced-usage.html#tls-warnings
  warnings.warn(</msg>
<msg time="2024-05-10T13:15:49.848687" level="INFO">${response} = &lt;Response [200]&gt;</msg>
<var>${response}</var>
<arg>consultarAPI</arg>
<arg>/api</arg>
<doc>Sends a GET request on a previously created HTTP Session.</doc>
<status status="PASS" start="2024-05-10T13:15:49.730473" elapsed="0.118255"/>
</kw>
<kw name="Should Be Equal As Numbers" owner="BuiltIn">
<msg time="2024-05-10T13:15:49.849769" level="INFO">Argument types are:
&lt;class 'int'&gt;
&lt;class 'str'&gt;</msg>
<arg>${response.status_code}</arg>
<arg>200</arg>
<doc>Fails if objects are unequal after converting them to real numbers.</doc>
<status status="PASS" start="2024-05-10T13:15:49.849293" elapsed="0.000541"/>
</kw>
<kw name="Log" owner="BuiltIn">
<msg time="2024-05-10T13:15:49.850524" level="INFO">200</msg>
<arg>${response.status_code}</arg>
<doc>Logs the given message with the given level.</doc>
<status status="PASS" start="2024-05-10T13:15:49.850177" elapsed="0.000388"/>
</kw>
<kw name="Set Variable" owner="BuiltIn">
<msg time="2024-05-10T13:15:49.851348" level="INFO">${json_data} = {'results': [{'gender': 'male', 'name': {'title': 'Mr', 'first': 'Vitan', 'last': 'Dichenko'}, 'location': {'street': {'number': 5226, 'name': 'Provulok Umilciv'}, 'city': 'Ohtirka', 'state': 'Odeska'...</msg>
<var>${json_data}</var>
<arg>${response.json()}</arg>
<doc>Returns the given values which can then be assigned to a variables.</doc>
<status status="PASS" start="2024-05-10T13:15:49.850907" elapsed="0.000469"/>
</kw>
<kw name="Dictionary Should Contain Key" owner="Collections">
<msg time="2024-05-10T13:15:49.851842" level="INFO">False</msg>
<arg>${json_data}</arg>
<arg>results</arg>
<doc>Fails if ``key`` is not found from ``dictionary``.</doc>
<status status="PASS" start="2024-05-10T13:15:49.851675" elapsed="0.000207"/>
</kw>
<status status="PASS" start="2024-05-10T13:15:49.730232" elapsed="0.121907"/>
</kw>
<doc>Testa se a API responde corretamente e retorna um objeto JSON válido.</doc>
<tag>testeRequisicaoBasica</tag>
<status status="PASS" start="2024-05-10T13:15:49.729778" elapsed="0.122546"/>
</test>
<test id="s1-s1-t3" name="Validar estrutura de resposta" line="22">
<kw name="Teste de Estrutura de Resposta" owner="random-user-service">
<kw name="GET On Session" owner="RequestsLibrary">
<msg time="2024-05-10T13:15:49.951471" level="INFO">GET Request : url=https://randomuser.me/api 
 path_url=/api 
 headers={'User-Agent': 'python-requests/2.31.0', 'Accept-Encoding': 'gzip, deflate', 'Accept': '*/*', 'Connection': 'keep-alive'} 
 body=None 
 </msg>
<msg time="2024-05-10T13:15:49.951586" level="INFO">GET Response : url=https://randomuser.me/api 
 status=200, reason=OK 
 headers={'Date': 'Fri, 10 May 2024 13:15:49 GMT', 'Content-Type': 'application/json; charset=utf-8', 'Transfer-Encoding': 'chunked', 'Connection': 'keep-alive', 'X-Powered-By': 'Express', 'Access-Control-Allow-Origin': '*', 'Cache-Control': 'no-cache', 'ETag': 'W/"47b-P/j4xkoq9Dksbq77CiORlGyn1kc"', 'Vary': 'Accept-Encoding', 'Content-Encoding': 'gzip', 'CF-Cache-Status': 'DYNAMIC', 'Report-To': '{"endpoints":[{"url":"https:\\/\\/a.nel.cloudflare.com\\/report\\/v4?s=hP2z9J3Cjdq7dU6Gp%2BH%2BhFhM5th9FzhRytut%2FTxsbVMKRY473DDLUTVPXQHbR%2BEt3jZ0Tz6iX0P6OCh%2F1L%2FuJiD8HusX6GZzjebaPFpyf68vNu9YjLC7hbtVyuGhukru"}],"group":"cf-nel","max_age":604800}', 'NEL': '{"success_fraction":0,"report_to":"cf-nel","max_age":604800}', 'Server': 'cloudflare', 'CF-RAY': '881a3344ae10f987-SJC', 'alt-svc': 'h3=":443"; ma=86400'} 
 body={"results":[{"gender":"female","name":{"title":"Miss","first":"Rosie","last":"James"},"location":{"street":{"number":4354,"name":"Park Avenue"},"city":"Lusk","state":"Leitrim","country":"Ireland","postcode":62819,"coordinates":{"latitude":"1.6885","longitude":"90.4463"},"timezone":{"offset":"+6:00","description":"Almaty, Dhaka, Colombo"}},"email":"rosie.james@example.com","login":{"uuid":"d71c6998-994f-4678-b8de-8af975b5058e","username":"tinyleopard687","password":"stinker","salt":"Jq0AEIUF","md5":"f72b008e13b6103472f40e1be294bab0","sha1":"fa16d1f4b1c4d9d8a99179bb66bd4b3dd9d1e045","sha256":"9cedf120a9b837d0ee359124e89f65a4f859d32433fdaa4d69978e4557ec08c1"},"dob":{"date":"1998-03-11T09:10:04.551Z","age":26},"registered":{"date":"2013-08-04T03:00:45.855Z","age":10},"phone":"031-730-3580","cell":"081-881-8299","id":{"name":"PPS","value":"7203897T"},"picture":{"large":"https://randomuser.me/api/portraits/women/47.jpg","medium":"https://randomuser.me/api/portraits/med/women/47.jpg","thumbnail":"https://randomuser.me/api/portraits/thumb/women/47.jpg"},"nat":"IE"}],"info":{"seed":"d656a4a98afded35","results":1,"page":1,"version":"1.4"}} 
 </msg>
<msg time="2024-05-10T13:15:49.951723" level="INFO">/opt/hostedtoolcache/Python/3.12.3/x64/lib/python3.12/site-packages/urllib3/connectionpool.py:1103: InsecureRequestWarning: Unverified HTTPS request is being made to host 'randomuser.me'. Adding certificate verification is strongly advised. See: https://urllib3.readthedocs.io/en/latest/advanced-usage.html#tls-warnings
  warnings.warn(</msg>
<msg time="2024-05-10T13:15:49.951864" level="INFO">${response} = &lt;Response [200]&gt;</msg>
<var>${response}</var>
<arg>consultarAPI</arg>
<arg>/api</arg>
<doc>Sends a GET request on a previously created HTTP Session.</doc>
<status status="PASS" start="2024-05-10T13:15:49.855042" elapsed="0.096864"/>
</kw>
<kw name="Set Variable" owner="BuiltIn">
<msg time="2024-05-10T13:15:49.953084" level="INFO">${json_data} = {'results': [{'gender': 'female', 'name': {'title': 'Miss', 'first': 'Rosie', 'last': 'James'}, 'location': {'street': {'number': 4354, 'name': 'Park Avenue'}, 'city': 'Lusk', 'state': 'Leitrim', 'cou...</msg>
<var>${json_data}</var>
<arg>${response.json()}</arg>
<doc>Returns the given values which can then be assigned to a variables.</doc>
<status status="PASS" start="2024-05-10T13:15:49.952512" elapsed="0.000602"/>
</kw>
<kw name="Log" owner="BuiltIn">
<msg time="2024-05-10T13:15:49.953595" level="INFO">{'results': [{'gender': 'female', 'name': {'title': 'Miss', 'first': 'Rosie', 'last': 'James'}, 'location': {'street': {'number': 4354, 'name': 'Park Avenue'}, 'city': 'Lusk', 'state': 'Leitrim', 'country': 'Ireland', 'postcode': 62819, 'coordinates': {'latitude': '1.6885', 'longitude': '90.4463'}, 'timezone': {'offset': '+6:00', 'description': 'Almaty, Dhaka, Colombo'}}, 'email': 'rosie.james@example.com', 'login': {'uuid': 'd71c6998-994f-4678-b8de-8af975b5058e', 'username': 'tinyleopard687', 'password': 'stinker', 'salt': 'Jq0AEIUF', 'md5': 'f72b008e13b6103472f40e1be294bab0', 'sha1': 'fa16d1f4b1c4d9d8a99179bb66bd4b3dd9d1e045', 'sha256': '9cedf120a9b837d0ee359124e89f65a4f859d32433fdaa4d69978e4557ec08c1'}, 'dob': {'date': '1998-03-11T09:10:04.551Z', 'age': 26}, 'registered': {'date': '2013-08-04T03:00:45.855Z', 'age': 10}, 'phone': '031-730-3580', 'cell': '081-881-8299', 'id': {'name': 'PPS', 'value': '7203897T'}, 'picture': {'large': 'https://randomuser.me/api/portraits/women/47.jpg', 'medium': 'https://randomuser.me/api/portraits/med/women/47.jpg', 'thumbnail': 'https://randomuser.me/api/portraits/thumb/women/47.jpg'}, 'nat': 'IE'}], 'info': {'seed': 'd656a4a98afded35', 'results': 1, 'page': 1, 'version': '1.4'}}</msg>
<arg>${json_data}</arg>
<doc>Logs the given message with the given level.</doc>
<status status="PASS" start="2024-05-10T13:15:49.953428" elapsed="0.000217"/>
</kw>
<kw name="Dictionary Should Contain Key" owner="Collections">
<msg time="2024-05-10T13:15:49.954100" level="INFO">False</msg>
<arg>${json_data}</arg>
<arg>results</arg>
<doc>Fails if ``key`` is not found from ``dictionary``.</doc>
<status status="PASS" start="2024-05-10T13:15:49.953945" elapsed="0.000193"/>
</kw>
<kw name="Should Not Be Empty" owner="BuiltIn">
<msg time="2024-05-10T13:15:49.954570" level="INFO">Length is 2.</msg>
<arg>${json_data}</arg>
<doc>Verifies that the given item is not empty.</doc>
<status status="PASS" start="2024-05-10T13:15:49.954434" elapsed="0.000175"/>
</kw>
<kw name="Create List" owner="BuiltIn">
<msg time="2024-05-10T13:15:49.955262" level="INFO">${expected_keys} = ['gender', 'name', 'location', 'email', 'login']</msg>
<var>${expected_keys}</var>
<arg>gender</arg>
<arg>name</arg>
<arg>location</arg>
<arg>email</arg>
<arg>login</arg>
<doc>Returns a list containing given items.</doc>
<status status="PASS" start="2024-05-10T13:15:49.954940" elapsed="0.000347"/>
</kw>
<for flavor="IN">
<iter>
<kw name="Dictionary Should Contain Key" owner="Collections">
<msg time="2024-05-10T13:15:49.956291" level="INFO">False</msg>
<arg>${json_data['results'][0]}</arg>
<arg>${key}</arg>
<doc>Fails if ``key`` is not found from ``dictionary``.</doc>
<status status="PASS" start="2024-05-10T13:15:49.955886" elapsed="0.000444"/>
</kw>
<kw name="Log" owner="BuiltIn">
<msg time="2024-05-10T13:15:49.957007" level="INFO">{'gender': 'female', 'name': {'title': 'Miss', 'first': 'Rosie', 'last': 'James'}, 'location': {'street': {'number': 4354, 'name': 'Park Avenue'}, 'city': 'Lusk', 'state': 'Leitrim', 'country': 'Ireland', 'postcode': 62819, 'coordinates': {'latitude': '1.6885', 'longitude': '90.4463'}, 'timezone': {'offset': '+6:00', 'description': 'Almaty, Dhaka, Colombo'}}, 'email': 'rosie.james@example.com', 'login': {'uuid': 'd71c6998-994f-4678-b8de-8af975b5058e', 'username': 'tinyleopard687', 'password': 'stinker', 'salt': 'Jq0AEIUF', 'md5': 'f72b008e13b6103472f40e1be294bab0', 'sha1': 'fa16d1f4b1c4d9d8a99179bb66bd4b3dd9d1e045', 'sha256': '9cedf120a9b837d0ee359124e89f65a4f859d32433fdaa4d69978e4557ec08c1'}, 'dob': {'date': '1998-03-11T09:10:04.551Z', 'age': 26}, 'registered': {'date': '2013-08-04T03:00:45.855Z', 'age': 10}, 'phone': '031-730-3580', 'cell': '081-881-8299', 'id': {'name': 'PPS', 'value': '7203897T'}, 'picture': {'large': 'https://randomuser.me/api/portraits/women/47.jpg', 'medium': 'https://randomuser.me/api/portraits/med/women/47.jpg', 'thumbnail': 'https://randomuser.me/api/portraits/thumb/women/47.jpg'}, 'nat': 'IE'}</msg>
<arg>${json_data['results'][0]}</arg>
<doc>Logs the given message with the given level.</doc>
<status status="PASS" start="2024-05-10T13:15:49.956629" elapsed="0.000426"/>
</kw>
<kw name="Log" owner="BuiltIn">
<msg time="2024-05-10T13:15:49.957508" level="INFO">gender</msg>
<arg>${key}</arg>
<doc>Logs the given message with the given level.</doc>
<status status="PASS" start="2024-05-10T13:15:49.957367" elapsed="0.000179"/>
</kw>
<var name="${key}">gender</var>
<status status="PASS" start="2024-05-10T13:15:49.955759" elapsed="0.002004"/>
</iter>
<iter>
<kw name="Dictionary Should Contain Key" owner="Collections">
<msg time="2024-05-10T13:15:49.958461" level="INFO">False</msg>
<arg>${json_data['results'][0]}</arg>
<arg>${key}</arg>
<doc>Fails if ``key`` is not found from ``dictionary``.</doc>
<status status="PASS" start="2024-05-10T13:15:49.958069" elapsed="0.000430"/>
</kw>
<kw name="Log" owner="BuiltIn">
<msg time="2024-05-10T13:15:49.959218" level="INFO">{'gender': 'female', 'name': {'title': 'Miss', 'first': 'Rosie', 'last': 'James'}, 'location': {'street': {'number': 4354, 'name': 'Park Avenue'}, 'city': 'Lusk', 'state': 'Leitrim', 'country': 'Ireland', 'postcode': 62819, 'coordinates': {'latitude': '1.6885', 'longitude': '90.4463'}, 'timezone': {'offset': '+6:00', 'description': 'Almaty, Dhaka, Colombo'}}, 'email': 'rosie.james@example.com', 'login': {'uuid': 'd71c6998-994f-4678-b8de-8af975b5058e', 'username': 'tinyleopard687', 'password': 'stinker', 'salt': 'Jq0AEIUF', 'md5': 'f72b008e13b6103472f40e1be294bab0', 'sha1': 'fa16d1f4b1c4d9d8a99179bb66bd4b3dd9d1e045', 'sha256': '9cedf120a9b837d0ee359124e89f65a4f859d32433fdaa4d69978e4557ec08c1'}, 'dob': {'date': '1998-03-11T09:10:04.551Z', 'age': 26}, 'registered': {'date': '2013-08-04T03:00:45.855Z', 'age': 10}, 'phone': '031-730-3580', 'cell': '081-881-8299', 'id': {'name': 'PPS', 'value': '7203897T'}, 'picture': {'large': 'https://randomuser.me/api/portraits/women/47.jpg', 'medium': 'https://randomuser.me/api/portraits/med/women/47.jpg', 'thumbnail': 'https://randomuser.me/api/portraits/thumb/women/47.jpg'}, 'nat': 'IE'}</msg>
<arg>${json_data['results'][0]}</arg>
<doc>Logs the given message with the given level.</doc>
<status status="PASS" start="2024-05-10T13:15:49.958851" elapsed="0.000417"/>
</kw>
<kw name="Log" owner="BuiltIn">
<msg time="2024-05-10T13:15:49.959705" level="INFO">name</msg>
<arg>${key}</arg>
<doc>Logs the given message with the given level.</doc>
<status status="PASS" start="2024-05-10T13:15:49.959575" elapsed="0.000168"/>
</kw>
<var name="${key}">name</var>
<status status="PASS" start="2024-05-10T13:15:49.957951" elapsed="0.002008"/>
</iter>
<iter>
<kw name="Dictionary Should Contain Key" owner="Collections">
<msg time="2024-05-10T13:15:49.960637" level="INFO">False</msg>
<arg>${json_data['results'][0]}</arg>
<arg>${key}</arg>
<doc>Fails if ``key`` is not found from ``dictionary``.</doc>
<status status="PASS" start="2024-05-10T13:15:49.960251" elapsed="0.000424"/>
</kw>
<kw name="Log" owner="BuiltIn">
<msg time="2024-05-10T13:15:49.961336" level="INFO">{'gender': 'female', 'name': {'title': 'Miss', 'first': 'Rosie', 'last': 'James'}, 'location': {'street': {'number': 4354, 'name': 'Park Avenue'}, 'city': 'Lusk', 'state': 'Leitrim', 'country': 'Ireland', 'postcode': 62819, 'coordinates': {'latitude': '1.6885', 'longitude': '90.4463'}, 'timezone': {'offset': '+6:00', 'description': 'Almaty, Dhaka, Colombo'}}, 'email': 'rosie.james@example.com', 'login': {'uuid': 'd71c6998-994f-4678-b8de-8af975b5058e', 'username': 'tinyleopard687', 'password': 'stinker', 'salt': 'Jq0AEIUF', 'md5': 'f72b008e13b6103472f40e1be294bab0', 'sha1': 'fa16d1f4b1c4d9d8a99179bb66bd4b3dd9d1e045', 'sha256': '9cedf120a9b837d0ee359124e89f65a4f859d32433fdaa4d69978e4557ec08c1'}, 'dob': {'date': '1998-03-11T09:10:04.551Z', 'age': 26}, 'registered': {'date': '2013-08-04T03:00:45.855Z', 'age': 10}, 'phone': '031-730-3580', 'cell': '081-881-8299', 'id': {'name': 'PPS', 'value': '7203897T'}, 'picture': {'large': 'https://randomuser.me/api/portraits/women/47.jpg', 'medium': 'https://randomuser.me/api/portraits/med/women/47.jpg', 'thumbnail': 'https://randomuser.me/api/portraits/thumb/women/47.jpg'}, 'nat': 'IE'}</msg>
<arg>${json_data['results'][0]}</arg>
<doc>Logs the given message with the given level.</doc>
<status status="PASS" start="2024-05-10T13:15:49.960971" elapsed="0.000413"/>
</kw>
<kw name="Log" owner="BuiltIn">
<msg time="2024-05-10T13:15:49.961804" level="INFO">location</msg>
<arg>${key}</arg>
<doc>Logs the given message with the given level.</doc>
<status status="PASS" start="2024-05-10T13:15:49.961677" elapsed="0.000166"/>
</kw>
<var name="${key}">location</var>
<status status="PASS" start="2024-05-10T13:15:49.960138" elapsed="0.001920"/>
</iter>
<iter>
<kw name="Dictionary Should Contain Key" owner="Collections">
<msg time="2024-05-10T13:15:49.962761" level="INFO">False</msg>
<arg>${json_data['results'][0]}</arg>
<arg>${key}</arg>
<doc>Fails if ``key`` is not found from ``dictionary``.</doc>
<status status="PASS" start="2024-05-10T13:15:49.962346" elapsed="0.000454"/>
</kw>
<kw name="Log" owner="BuiltIn">
<msg time="2024-05-10T13:15:49.963466" level="INFO">{'gender': 'female', 'name': {'title': 'Miss', 'first': 'Rosie', 'last': 'James'}, 'location': {'street': {'number': 4354, 'name': 'Park Avenue'}, 'city': 'Lusk', 'state': 'Leitrim', 'country': 'Ireland', 'postcode': 62819, 'coordinates': {'latitude': '1.6885', 'longitude': '90.4463'}, 'timezone': {'offset': '+6:00', 'description': 'Almaty, Dhaka, Colombo'}}, 'email': 'rosie.james@example.com', 'login': {'uuid': 'd71c6998-994f-4678-b8de-8af975b5058e', 'username': 'tinyleopard687', 'password': 'stinker', 'salt': 'Jq0AEIUF', 'md5': 'f72b008e13b6103472f40e1be294bab0', 'sha1': 'fa16d1f4b1c4d9d8a99179bb66bd4b3dd9d1e045', 'sha256': '9cedf120a9b837d0ee359124e89f65a4f859d32433fdaa4d69978e4557ec08c1'}, 'dob': {'date': '1998-03-11T09:10:04.551Z', 'age': 26}, 'registered': {'date': '2013-08-04T03:00:45.855Z', 'age': 10}, 'phone': '031-730-3580', 'cell': '081-881-8299', 'id': {'name': 'PPS', 'value': '7203897T'}, 'picture': {'large': 'https://randomuser.me/api/portraits/women/47.jpg', 'medium': 'https://randomuser.me/api/portraits/med/women/47.jpg', 'thumbnail': 'https://randomuser.me/api/portraits/thumb/women/47.jpg'}, 'nat': 'IE'}</msg>
<arg>${json_data['results'][0]}</arg>
<doc>Logs the given message with the given level.</doc>
<status status="PASS" start="2024-05-10T13:15:49.963105" elapsed="0.000409"/>
</kw>
<kw name="Log" owner="BuiltIn">
<msg time="2024-05-10T13:15:49.963934" level="INFO">email</msg>
<arg>${key}</arg>
<doc>Logs the given message with the given level.</doc>
<status status="PASS" start="2024-05-10T13:15:49.963807" elapsed="0.000165"/>
</kw>
<var name="${key}">email</var>
<status status="PASS" start="2024-05-10T13:15:49.962234" elapsed="0.001956"/>
</iter>
<iter>
<kw name="Dictionary Should Contain Key" owner="Collections">
<msg time="2024-05-10T13:15:49.964871" level="INFO">False</msg>
<arg>${json_data['results'][0]}</arg>
<arg>${key}</arg>
<doc>Fails if ``key`` is not found from ``dictionary``.</doc>
<status status="PASS" start="2024-05-10T13:15:49.964477" elapsed="0.000432"/>
</kw>
<kw name="Log" owner="BuiltIn">
<msg time="2024-05-10T13:15:49.965580" level="INFO">{'gender': 'female', 'name': {'title': 'Miss', 'first': 'Rosie', 'last': 'James'}, 'location': {'street': {'number': 4354, 'name': 'Park Avenue'}, 'city': 'Lusk', 'state': 'Leitrim', 'country': 'Ireland', 'postcode': 62819, 'coordinates': {'latitude': '1.6885', 'longitude': '90.4463'}, 'timezone': {'offset': '+6:00', 'description': 'Almaty, Dhaka, Colombo'}}, 'email': 'rosie.james@example.com', 'login': {'uuid': 'd71c6998-994f-4678-b8de-8af975b5058e', 'username': 'tinyleopard687', 'password': 'stinker', 'salt': 'Jq0AEIUF', 'md5': 'f72b008e13b6103472f40e1be294bab0', 'sha1': 'fa16d1f4b1c4d9d8a99179bb66bd4b3dd9d1e045', 'sha256': '9cedf120a9b837d0ee359124e89f65a4f859d32433fdaa4d69978e4557ec08c1'}, 'dob': {'date': '1998-03-11T09:10:04.551Z', 'age': 26}, 'registered': {'date': '2013-08-04T03:00:45.855Z', 'age': 10}, 'phone': '031-730-3580', 'cell': '081-881-8299', 'id': {'name': 'PPS', 'value': '7203897T'}, 'picture': {'large': 'https://randomuser.me/api/portraits/women/47.jpg', 'medium': 'https://randomuser.me/api/portraits/med/women/47.jpg', 'thumbnail': 'https://randomuser.me/api/portraits/thumb/women/47.jpg'}, 'nat': 'IE'}</msg>
<arg>${json_data['results'][0]}</arg>
<doc>Logs the given message with the given level.</doc>
<status status="PASS" start="2024-05-10T13:15:49.965205" elapsed="0.000422"/>
</kw>
<kw name="Log" owner="BuiltIn">
<msg time="2024-05-10T13:15:49.966059" level="INFO">login</msg>
<arg>${key}</arg>
<doc>Logs the given message with the given level.</doc>
<status status="PASS" start="2024-05-10T13:15:49.965931" elapsed="0.000167"/>
</kw>
<var name="${key}">login</var>
<status status="PASS" start="2024-05-10T13:15:49.964365" elapsed="0.001952"/>
</iter>
<var>${key}</var>
<value>@{expected_keys}</value>
<status status="PASS" start="2024-05-10T13:15:49.955561" elapsed="0.010905"/>
</for>
<kw name="Create List" owner="BuiltIn">
<msg time="2024-05-10T13:15:49.966833" level="INFO">${expected_keysTwo} = ['username', 'password']</msg>
<var>${expected_keysTwo}</var>
<arg>username</arg>
<arg>password</arg>
<doc>Returns a list containing given items.</doc>
<status status="PASS" start="2024-05-10T13:15:49.966691" elapsed="0.000166"/>
</kw>
<for flavor="IN">
<iter>
<kw name="Dictionary Should Contain Key" owner="Collections">
<msg time="2024-05-10T13:15:49.967756" level="INFO">False</msg>
<arg>${json_data['results'][0]['login']}</arg>
<arg>${keyTwo}</arg>
<doc>Fails if ``key`` is not found from ``dictionary``.</doc>
<status status="PASS" start="2024-05-10T13:15:49.967363" elapsed="0.000431"/>
</kw>
<kw name="Dictionary Should Contain Key" owner="Collections">
<msg time="2024-05-10T13:15:49.968468" level="INFO">False</msg>
<arg>${json_data['results'][0]['login']}</arg>
<arg>${keyTwo}</arg>
<doc>Fails if ``key`` is not found from ``dictionary``.</doc>
<status status="PASS" start="2024-05-10T13:15:49.968089" elapsed="0.000418"/>
</kw>
<kw name="Log" owner="BuiltIn">
<msg time="2024-05-10T13:15:49.968927" level="INFO">username</msg>
<arg>${keyTwo}</arg>
<doc>Logs the given message with the given level.</doc>
<status status="PASS" start="2024-05-10T13:15:49.968800" elapsed="0.000171"/>
</kw>
<var name="${keyTwo}">username</var>
<status status="PASS" start="2024-05-10T13:15:49.967252" elapsed="0.001934"/>
</iter>
<iter>
<kw name="Dictionary Should Contain Key" owner="Collections">
<msg time="2024-05-10T13:15:49.969867" level="INFO">False</msg>
<arg>${json_data['results'][0]['login']}</arg>
<arg>${keyTwo}</arg>
<doc>Fails if ``key`` is not found from ``dictionary``.</doc>
<status status="PASS" start="2024-05-10T13:15:49.969481" elapsed="0.000424"/>
</kw>
<kw name="Dictionary Should Contain Key" owner="Collections">
<msg time="2024-05-10T13:15:49.970686" level="INFO">False</msg>
<arg>${json_data['results'][0]['login']}</arg>
<arg>${keyTwo}</arg>
<doc>Fails if ``key`` is not found from ``dictionary``.</doc>
<status status="PASS" start="2024-05-10T13:15:49.970198" elapsed="0.000529"/>
</kw>
<kw name="Log" owner="BuiltIn">
<msg time="2024-05-10T13:15:49.971158" level="INFO">password</msg>
<arg>${keyTwo}</arg>
<doc>Logs the given message with the given level.</doc>
<status status="PASS" start="2024-05-10T13:15:49.971029" elapsed="0.000167"/>
</kw>
<var name="${keyTwo}">password</var>
<status status="PASS" start="2024-05-10T13:15:49.969369" elapsed="0.002043"/>
</iter>
<var>${keyTwo}</var>
<value>@{expected_keysTwo}</value>
<status status="PASS" start="2024-05-10T13:15:49.967096" elapsed="0.004439"/>
</for>
<status status="PASS" start="2024-05-10T13:15:49.854805" elapsed="0.116873"/>
</kw>
<doc>Testa a estrutura da resposta da API.</doc>
<tag>testeEstruturaResposta</tag>
<status status="PASS" start="2024-05-10T13:15:49.854172" elapsed="0.117726"/>
</test>
<test id="s1-s1-t4" name="Validar tipos de dados" line="28">
<kw name="Teste de Tipos de Dados" owner="random-user-service">
<kw name="GET On Session" owner="RequestsLibrary">
<msg time="2024-05-10T13:15:50.080172" level="INFO">GET Request : url=https://randomuser.me/api 
 path_url=/api 
 headers={'User-Agent': 'python-requests/2.31.0', 'Accept-Encoding': 'gzip, deflate', 'Accept': '*/*', 'Connection': 'keep-alive'} 
 body=None 
 </msg>
<msg time="2024-05-10T13:15:50.080261" level="INFO">GET Response : url=https://randomuser.me/api 
 status=200, reason=OK 
 headers={'Date': 'Fri, 10 May 2024 13:15:50 GMT', 'Content-Type': 'application/json; charset=utf-8', 'Transfer-Encoding': 'chunked', 'Connection': 'keep-alive', 'X-Powered-By': 'Express', 'Access-Control-Allow-Origin': '*', 'Cache-Control': 'no-cache', 'ETag': 'W/"49c-5vDlCTXqSPXqSduEIdURsSAApVQ"', 'Vary': 'Accept-Encoding', 'Content-Encoding': 'gzip', 'CF-Cache-Status': 'DYNAMIC', 'Report-To': '{"endpoints":[{"url":"https:\\/\\/a.nel.cloudflare.com\\/report\\/v4?s=lqbxFeFKeZ4t4echhc%2BjVAMJp7jC%2BzK4BqAugruQAg4dWOphitGV6yst%2Bk4%2BoHNs2uL3151ywYje7R3lWos%2BVDC2OYkTDinBAYNCn2bV2RXfbaIZtOOkaXMMJSBT%2FRXI"}],"group":"cf-nel","max_age":604800}', 'NEL': '{"success_fraction":0,"report_to":"cf-nel","max_age":604800}', 'Server': 'cloudflare', 'CF-RAY': '881a33455ed5f987-SJC', 'alt-svc': 'h3=":443"; ma=86400'} 
 body={"results":[{"gender":"female","name":{"title":"Miss","first":"Florence","last":"Soto"},"location":{"street":{"number":4227,"name":"Dogwood Ave"},"city":"Albury","state":"Victoria","country":"Australia","postcode":2761,"coordinates":{"latitude":"-89.1644","longitude":"33.4025"},"timezone":{"offset":"0:00","description":"Western Europe Time, London, Lisbon, Casablanca"}},"email":"florence.soto@example.com","login":{"uuid":"5d37620d-09dd-404e-b965-86aed353aca9","username":"greenlion443","password":"heritage","salt":"K32ct5nL","md5":"d6207097330b157c7339a68ff31d6ded","sha1":"60d9a94a0bb09a668e4920f1a70fc556bb7bedd2","sha256":"2371cbd110f1162516309621aea5e99cb641bc18bd6f1ef05d1130b471adc12c"},"dob":{"date":"1982-02-19T16:43:03.194Z","age":42},"registered":{"date":"2020-04-14T12:32:19.573Z","age":4},"phone":"01-3267-6698","cell":"0447-080-907","id":{"name":"TFN","value":"086284784"},"picture":{"large":"https://randomuser.me/api/portraits/women/81.jpg","medium":"https://randomuser.me/api/portraits/med/women/81.jpg","thumbnail":"https://randomuser.me/api/portraits/thumb/women/81.jpg"},"nat":"AU"}],"info":{"seed":"2c3be05b6e430e56","results":1,"page":1,"version":"1.4"}} 
 </msg>
<msg time="2024-05-10T13:15:50.080337" level="INFO">/opt/hostedtoolcache/Python/3.12.3/x64/lib/python3.12/site-packages/urllib3/connectionpool.py:1103: InsecureRequestWarning: Unverified HTTPS request is being made to host 'randomuser.me'. Adding certificate verification is strongly advised. See: https://urllib3.readthedocs.io/en/latest/advanced-usage.html#tls-warnings
  warnings.warn(</msg>
<msg time="2024-05-10T13:15:50.080458" level="INFO">${response} = &lt;Response [200]&gt;</msg>
<var>${response}</var>
<arg>consultarAPI</arg>
<arg>/api</arg>
<doc>Sends a GET request on a previously created HTTP Session.</doc>
<status status="PASS" start="2024-05-10T13:15:49.974366" elapsed="0.106148"/>
</kw>
<kw name="Set Variable" owner="BuiltIn">
<msg time="2024-05-10T13:15:50.081671" level="INFO">${json_data} = {'results': [{'gender': 'female', 'name': {'title': 'Miss', 'first': 'Florence', 'last': 'Soto'}, 'location': {'street': {'number': 4227, 'name': 'Dogwood Ave'}, 'city': 'Albury', 'state': 'Victoria',...</msg>
<var>${json_data}</var>
<arg>${response.json()}</arg>
<doc>Returns the given values which can then be assigned to a variables.</doc>
<status status="PASS" start="2024-05-10T13:15:50.081111" elapsed="0.000588"/>
</kw>
<kw name="Log" owner="BuiltIn">
<msg time="2024-05-10T13:15:50.082160" level="INFO">{'results': [{'gender': 'female', 'name': {'title': 'Miss', 'first': 'Florence', 'last': 'Soto'}, 'location': {'street': {'number': 4227, 'name': 'Dogwood Ave'}, 'city': 'Albury', 'state': 'Victoria', 'country': 'Australia', 'postcode': 2761, 'coordinates': {'latitude': '-89.1644', 'longitude': '33.4025'}, 'timezone': {'offset': '0:00', 'description': 'Western Europe Time, London, Lisbon, Casablanca'}}, 'email': 'florence.soto@example.com', 'login': {'uuid': '5d37620d-09dd-404e-b965-86aed353aca9', 'username': 'greenlion443', 'password': 'heritage', 'salt': 'K32ct5nL', 'md5': 'd6207097330b157c7339a68ff31d6ded', 'sha1': '60d9a94a0bb09a668e4920f1a70fc556bb7bedd2', 'sha256': '2371cbd110f1162516309621aea5e99cb641bc18bd6f1ef05d1130b471adc12c'}, 'dob': {'date': '1982-02-19T16:43:03.194Z', 'age': 42}, 'registered': {'date': '2020-04-14T12:32:19.573Z', 'age': 4}, 'phone': '01-3267-6698', 'cell': '0447-080-907', 'id': {'name': 'TFN', 'value': '086284784'}, 'picture': {'large': 'https://randomuser.me/api/portraits/women/81.jpg', 'medium': 'https://randomuser.me/api/portraits/med/women/81.jpg', 'thumbnail': 'https://randomuser.me/api/portraits/thumb/women/81.jpg'}, 'nat': 'AU'}], 'info': {'seed': '2c3be05b6e430e56', 'results': 1, 'page': 1, 'version': '1.4'}}</msg>
<arg>${json_data}</arg>
<doc>Logs the given message with the given level.</doc>
<status status="PASS" start="2024-05-10T13:15:50.082008" elapsed="0.000234"/>
</kw>
<kw name="Should Be String" owner="String">
<arg>${json_data['results'][0]['gender']}</arg>
<doc>Fails if the given ``item`` is not a string.</doc>
<status status="PASS" start="2024-05-10T13:15:50.082542" elapsed="0.000407"/>
</kw>
<kw name="Should Match Regexp" owner="BuiltIn">
<arg>${json_data['results'][0]['email']}</arg>
<arg>^[a-zA-Z0-9._%+-]+@[a-zA-Z0-9.-]+\.[a-zA-Z]{2,}$</arg>
<doc>Fails if ``string`` does not match ``pattern`` as a regular expression.</doc>
<status status="PASS" start="2024-05-10T13:15:50.083145" elapsed="0.000525"/>
</kw>
<kw name="Should Match Regexp" owner="BuiltIn">
<arg>${json_data['results'][0]['dob']['date']}</arg>
<arg>\\d{4}-\\d{2}-\\d{2}T\\d{2}:\\d{2}:\\d{2}\\.\\d{3}Z</arg>
<doc>Fails if ``string`` does not match ``pattern`` as a regular expression.</doc>
<status status="PASS" start="2024-05-10T13:15:50.083868" elapsed="0.000491"/>
</kw>
<kw name="Should Match Regexp" owner="BuiltIn">
<arg>${json_data['results'][0]['registered']['date']}</arg>
<arg>\\d{4}-\\d{2}-\\d{2}T\\d{2}:\\d{2}:\\d{2}\\.\\d{3}Z</arg>
<doc>Fails if ``string`` does not match ``pattern`` as a regular expression.</doc>
<status status="PASS" start="2024-05-10T13:15:50.084553" elapsed="0.000373"/>
</kw>
<kw name="Should Match Regexp" owner="BuiltIn">
<arg>${json_data['results'][0]['picture']['large']}</arg>
<arg>^https?://.*\.(?:png|jpe?g|gif|bmp)$</arg>
<doc>Fails if ``string`` does not match ``pattern`` as a regular expression.</doc>
<status status="PASS" start="2024-05-10T13:15:50.085112" elapsed="0.000460"/>
</kw>
<kw name="Should Match Regexp" owner="BuiltIn">
<arg>${json_data['results'][0]['picture']['medium']}</arg>
<arg>^https?://.*\.(?:png|jpe?g|gif|bmp)$</arg>
<doc>Fails if ``string`` does not match ``pattern`` as a regular expression.</doc>
<status status="PASS" start="2024-05-10T13:15:50.085759" elapsed="0.000363"/>
</kw>
<kw name="Should Match Regexp" owner="BuiltIn">
<arg>${json_data['results'][0]['picture']['thumbnail']}</arg>
<arg>^https?://.*\.(?:png|jpe?g|gif|bmp)$</arg>
<doc>Fails if ``string`` does not match ``pattern`` as a regular expression.</doc>
<status status="PASS" start="2024-05-10T13:15:50.086314" elapsed="0.000380"/>
</kw>
<kw name="Log" owner="BuiltIn">
<msg time="2024-05-10T13:15:50.087220" level="INFO">{'large': 'https://randomuser.me/api/portraits/women/81.jpg', 'medium': 'https://randomuser.me/api/portraits/med/women/81.jpg', 'thumbnail': 'https://randomuser.me/api/portraits/thumb/women/81.jpg'}</msg>
<arg>${json_data['results'][0]['picture']}</arg>
<doc>Logs the given message with the given level.</doc>
<status status="PASS" start="2024-05-10T13:15:50.086890" elapsed="0.000371"/>
</kw>
<status status="PASS" start="2024-05-10T13:15:49.974133" elapsed="0.113383"/>
</kw>
<kw name="Teste de Tipos de Dados - Postcode" owner="random-user-service">
<kw name="GET On Session" owner="RequestsLibrary">
<msg time="2024-05-10T13:15:50.185845" level="INFO">GET Request : url=https://randomuser.me/api 
 path_url=/api 
 headers={'User-Agent': 'python-requests/2.31.0', 'Accept-Encoding': 'gzip, deflate', 'Accept': '*/*', 'Connection': 'keep-alive'} 
 body=None 
 </msg>
<msg time="2024-05-10T13:15:50.185945" level="INFO">GET Response : url=https://randomuser.me/api 
 status=200, reason=OK 
 headers={'Date': 'Fri, 10 May 2024 13:15:50 GMT', 'Content-Type': 'application/json; charset=utf-8', 'Transfer-Encoding': 'chunked', 'Connection': 'keep-alive', 'X-Powered-By': 'Express', 'Access-Control-Allow-Origin': '*', 'Cache-Control': 'no-cache', 'ETag': 'W/"495-y+B/r841Z8WBKFfmPP8RokrBdYw"', 'Vary': 'Accept-Encoding', 'Content-Encoding': 'gzip', 'CF-Cache-Status': 'DYNAMIC', 'Report-To': '{"endpoints":[{"url":"https:\\/\\/a.nel.cloudflare.com\\/report\\/v4?s=U5JwjmLF92dyJLGbagTfsndvYUCtlPP5xBBCxgKC1jX4l9t1T3GKsRprWKZ0dO2nqzMVStOkDSh4sD23ZjrBJFPW37mY3VeG4ZVPxcDJ5F6%2BnyfZg0y2LO%2FbJmBZLCo7"}],"group":"cf-nel","max_age":604800}', 'NEL': '{"success_fraction":0,"report_to":"cf-nel","max_age":604800}', 'Server': 'cloudflare', 'CF-RAY': '881a33461f84f987-SJC', 'alt-svc': 'h3=":443"; ma=86400'} 
 body={"results":[{"gender":"female","name":{"title":"Miss","first":"Fatma","last":"Başoğlu"},"location":{"street":{"number":7597,"name":"Şehitler Cd"},"city":"Afyonkarahisar","state":"Şırnak","country":"Turkey","postcode":12374,"coordinates":{"latitude":"65.8706","longitude":"22.3490"},"timezone":{"offset":"+11:00","description":"Magadan, Solomon Islands, New Caledonia"}},"email":"fatma.basoglu@example.com","login":{"uuid":"631fc50e-0b83-475f-b124-56f834dbedee","username":"brownfrog473","password":"beef","salt":"SInEu7De","md5":"fa60667981fb718436378a450e36503c","sha1":"7a975afcc182bb480af54ad5947f32fe2e0d443f","sha256":"6bda24c98737b55bcdbf3faecb7c4113d808eb8f52786109ff820ff59a9b4b86"},"dob":{"date":"1998-04-24T13:31:32.093Z","age":26},"registered":{"date":"2013-06-16T11:18:08.434Z","age":10},"phone":"(287)-988-9468","cell":"(502)-416-9697","id":{"name":"","value":null},"picture":{"large":"https://randomuser.me/api/portraits/women/18.jpg","medium":"https://randomuser.me/api/portraits/med/women/18.jpg","thumbnail":"https://randomuser.me/api/portraits/thumb/women/18.jpg"},"nat":"TR"}],"info":{"seed":"db40080ff23824ca","results":1,"page":1,"version":"1.4"}} 
 </msg>
<msg time="2024-05-10T13:15:50.186024" level="INFO">/opt/hostedtoolcache/Python/3.12.3/x64/lib/python3.12/site-packages/urllib3/connectionpool.py:1103: InsecureRequestWarning: Unverified HTTPS request is being made to host 'randomuser.me'. Adding certificate verification is strongly advised. See: https://urllib3.readthedocs.io/en/latest/advanced-usage.html#tls-warnings
  warnings.warn(</msg>
<msg time="2024-05-10T13:15:50.186153" level="INFO">${response} = &lt;Response [200]&gt;</msg>
<var>${response}</var>
<arg>consultarAPI</arg>
<arg>/api</arg>
<doc>Sends a GET request on a previously created HTTP Session.</doc>
<status status="PASS" start="2024-05-10T13:15:50.087961" elapsed="0.098233"/>
</kw>
<kw name="Set Variable" owner="BuiltIn">
<msg time="2024-05-10T13:15:50.187380" level="INFO">${json_data} = {'results': [{'gender': 'female', 'name': {'title': 'Miss', 'first': 'Fatma', 'last': 'Başoğlu'}, 'location': {'street': {'number': 7597, 'name': 'Şehitler Cd'}, 'city': 'Afyonkarahisar', 'state': 'Şı...</msg>
<var>${json_data}</var>
<arg>${response.json()}</arg>
<doc>Returns the given values which can then be assigned to a variables.</doc>
<status status="PASS" start="2024-05-10T13:15:50.186808" elapsed="0.000608"/>
</kw>
<kw name="Log" owner="BuiltIn">
<msg time="2024-05-10T13:15:50.187886" level="INFO">{'results': [{'gender': 'female', 'name': {'title': 'Miss', 'first': 'Fatma', 'last': 'Başoğlu'}, 'location': {'street': {'number': 7597, 'name': 'Şehitler Cd'}, 'city': 'Afyonkarahisar', 'state': 'Şırnak', 'country': 'Turkey', 'postcode': 12374, 'coordinates': {'latitude': '65.8706', 'longitude': '22.3490'}, 'timezone': {'offset': '+11:00', 'description': 'Magadan, Solomon Islands, New Caledonia'}}, 'email': 'fatma.basoglu@example.com', 'login': {'uuid': '631fc50e-0b83-475f-b124-56f834dbedee', 'username': 'brownfrog473', 'password': 'beef', 'salt': 'SInEu7De', 'md5': 'fa60667981fb718436378a450e36503c', 'sha1': '7a975afcc182bb480af54ad5947f32fe2e0d443f', 'sha256': '6bda24c98737b55bcdbf3faecb7c4113d808eb8f52786109ff820ff59a9b4b86'}, 'dob': {'date': '1998-04-24T13:31:32.093Z', 'age': 26}, 'registered': {'date': '2013-06-16T11:18:08.434Z', 'age': 10}, 'phone': '(287)-988-9468', 'cell': '(502)-416-9697', 'id': {'name': '', 'value': None}, 'picture': {'large': 'https://randomuser.me/api/portraits/women/18.jpg', 'medium': 'https://randomuser.me/api/portraits/med/women/18.jpg', 'thumbnail': 'https://randomuser.me/api/portraits/thumb/women/18.jpg'}, 'nat': 'TR'}], 'info': {'seed': 'db40080ff23824ca', 'results': 1, 'page': 1, 'version': '1.4'}}</msg>
<arg>${json_data}</arg>
<doc>Logs the given message with the given level.</doc>
<status status="PASS" start="2024-05-10T13:15:50.187726" elapsed="0.000243"/>
</kw>
<kw name="Should Be Equal As Numbers" owner="BuiltIn">
<arg>${json_data['results'][0]['location']['postcode']}</arg>
<arg>${json_data['results'][0]['location']['postcode']}</arg>
<doc>Fails if objects are unequal after converting them to real numbers.</doc>
<status status="PASS" start="2024-05-10T13:15:50.188271" elapsed="0.000792"/>
</kw>
<kw name="Log" owner="BuiltIn">
<msg time="2024-05-10T13:15:50.189592" level="INFO">12374</msg>
<arg>${json_data['results'][0]['location']['postcode']}</arg>
<doc>Logs the given message with the given level.</doc>
<status status="PASS" start="2024-05-10T13:15:50.189256" elapsed="0.000376"/>
</kw>
<status status="PASS" start="2024-05-10T13:15:50.087737" elapsed="0.102150"/>
</kw>
<doc>Testa se os tipos de dados na resposta da API estão corretos.</doc>
<tag>testeTiposDados</tag>
<status status="PASS" start="2024-05-10T13:15:49.973679" elapsed="0.216376"/>
</test>
<test id="s1-s1-t5" name="Validar conteudo" line="35">
<kw name="Teste de Tipos de Conteudo" owner="random-user-service">
<kw name="GET On Session" owner="RequestsLibrary">
<msg time="2024-05-10T13:15:50.287426" level="INFO">GET Request : url=https://randomuser.me/api 
 path_url=/api 
 headers={'User-Agent': 'python-requests/2.31.0', 'Accept-Encoding': 'gzip, deflate', 'Accept': '*/*', 'Connection': 'keep-alive'} 
 body=None 
 </msg>
<msg time="2024-05-10T13:15:50.287508" level="INFO">GET Response : url=https://randomuser.me/api 
 status=200, reason=OK 
 headers={'Date': 'Fri, 10 May 2024 13:15:50 GMT', 'Content-Type': 'application/json; charset=utf-8', 'Transfer-Encoding': 'chunked', 'Connection': 'keep-alive', 'X-Powered-By': 'Express', 'Access-Control-Allow-Origin': '*', 'Cache-Control': 'no-cache', 'ETag': 'W/"484-sWa9X9CrmhYOTrh82YlWUk9OF7A"', 'Vary': 'Accept-Encoding', 'Content-Encoding': 'gzip', 'CF-Cache-Status': 'DYNAMIC', 'Report-To': '{"endpoints":[{"url":"https:\\/\\/a.nel.cloudflare.com\\/report\\/v4?s=EbFuH%2BWza%2BQDQmZZAf1UiZZoX5nWGxISbzw3TzfXwl5pOhmpvDZdhcnc72A9yHP7OARSFBjj6%2Fd0pODsSq9DU6ywJnI%2FAfnkN26dgdOx3RQlSSjnS7z%2FtnBpumeDL08s"}],"group":"cf-nel","max_age":604800}', 'NEL': '{"success_fraction":0,"report_to":"cf-nel","max_age":604800}', 'Server': 'cloudflare', 'CF-RAY': '881a3346b818f987-SJC', 'alt-svc': 'h3=":443"; ma=86400'} 
 body={"results":[{"gender":"male","name":{"title":"Mr","first":"Dev","last":"Patil"},"location":{"street":{"number":9430,"name":"Colaba Causeway"},"city":"Udupi","state":"Daman and Diu","country":"India","postcode":23509,"coordinates":{"latitude":"9.6156","longitude":"-115.4119"},"timezone":{"offset":"+5:30","description":"Bombay, Calcutta, Madras, New Delhi"}},"email":"dev.patil@example.com","login":{"uuid":"4abf3f32-a33d-43a1-aff2-2fec468cec06","username":"yellowcat215","password":"xxxxxx1","salt":"QnoYmOfz","md5":"f19ca7d83caf8248373df9457d3a4634","sha1":"8cb309e18ac06481d5d5b8afd289dad7211eeb39","sha256":"a127e8541de73f27de4e3e04db9064214829901cdac5f825fc53894e75d7b068"},"dob":{"date":"1998-04-22T06:01:57.307Z","age":26},"registered":{"date":"2020-01-10T02:38:43.990Z","age":4},"phone":"7358880354","cell":"9504297750","id":{"name":"UIDAI","value":"519994421070"},"picture":{"large":"https://randomuser.me/api/portraits/men/77.jpg","medium":"https://randomuser.me/api/portraits/med/men/77.jpg","thumbnail":"https://randomuser.me/api/portraits/thumb/men/77.jpg"},"nat":"IN"}],"info":{"seed":"99e97b9195817b3b","results":1,"page":1,"version":"1.4"}} 
 </msg>
<msg time="2024-05-10T13:15:50.287572" level="INFO">/opt/hostedtoolcache/Python/3.12.3/x64/lib/python3.12/site-packages/urllib3/connectionpool.py:1103: InsecureRequestWarning: Unverified HTTPS request is being made to host 'randomuser.me'. Adding certificate verification is strongly advised. See: https://urllib3.readthedocs.io/en/latest/advanced-usage.html#tls-warnings
  warnings.warn(</msg>
<msg time="2024-05-10T13:15:50.287675" level="INFO">${response} = &lt;Response [200]&gt;</msg>
<var>${response}</var>
<arg>consultarAPI</arg>
<arg>/api</arg>
<doc>Sends a GET request on a previously created HTTP Session.</doc>
<status status="PASS" start="2024-05-10T13:15:50.192571" elapsed="0.095131"/>
</kw>
<kw name="Set Variable" owner="BuiltIn">
<msg time="2024-05-10T13:15:50.288663" level="INFO">${json_data} = {'results': [{'gender': 'male', 'name': {'title': 'Mr', 'first': 'Dev', 'last': 'Patil'}, 'location': {'street': {'number': 9430, 'name': 'Colaba Causeway'}, 'city': 'Udupi', 'state': 'Daman and Diu',...</msg>
<var>${json_data}</var>
<arg>${response.json()}</arg>
<doc>Returns the given values which can then be assigned to a variables.</doc>
<status status="PASS" start="2024-05-10T13:15:50.288169" elapsed="0.000522"/>
</kw>
<kw name="Set Variable" owner="BuiltIn">
<msg time="2024-05-10T13:15:50.289375" level="INFO">${name_title} = Mr</msg>
<var>${name_title}</var>
<arg>${json_data["results"][0]["name"]["title"]}</arg>
<doc>Returns the given values which can then be assigned to a variables.</doc>
<status status="PASS" start="2024-05-10T13:15:50.288993" elapsed="0.000407"/>
</kw>
<kw name="Create List" owner="BuiltIn">
<msg time="2024-05-10T13:15:50.289846" level="INFO">${allowed_titles} = ['Mr', 'Ms', 'Miss', 'Mrs', 'Madame', 'Monsieur']</msg>
<var>${allowed_titles}</var>
<arg>Mr</arg>
<arg>Ms</arg>
<arg>Miss</arg>
<arg>Mrs</arg>
<arg>Madame</arg>
<arg>Monsieur</arg>
<doc>Returns a list containing given items.</doc>
<status status="PASS" start="2024-05-10T13:15:50.289697" elapsed="0.000173"/>
</kw>
<kw name="List Should Contain Value" owner="Collections">
<msg time="2024-05-10T13:15:50.290336" level="INFO">False</msg>
<arg>${allowed_titles}</arg>
<arg>${name_title}</arg>
<doc>Fails if the ``value`` is not found from ``list``.</doc>
<status status="PASS" start="2024-05-10T13:15:50.290165" elapsed="0.000208"/>
</kw>
<kw name="Set Variable" owner="BuiltIn">
<msg time="2024-05-10T13:15:50.291091" level="INFO">${name_country} = IN</msg>
<var>${name_country}</var>
<arg>${json_data["results"][0]["nat"]}</arg>
<doc>Returns the given values which can then be assigned to a variables.</doc>
<status status="PASS" start="2024-05-10T13:15:50.290697" elapsed="0.000419"/>
</kw>
<kw name="Create List" owner="BuiltIn">
<msg time="2024-05-10T13:15:50.292007" level="INFO">${list_country} = ['AD', 'AE', 'AF', 'AG', 'AI', 'AL', 'AM', 'AO', 'AQ', 'AR', 'AS', 'AT', 'AU', 'AW', 'AX', 'AZ', 'BA', 'BB', 'BD', 'BE', 'BF', 'BG', 'BH', 'BI', 'BJ', 'BL', 'BM', 'BN', 'BO', 'BQ', 'BR', 'BS', 'BT', '...</msg>
<var>${list_country}</var>
<arg>AD</arg>
<arg>AE</arg>
<arg>AF</arg>
<arg>AG</arg>
<arg>AI</arg>
<arg>AL</arg>
<arg>AM</arg>
<arg>AO</arg>
<arg>AQ</arg>
<arg>AR</arg>
<arg>AS</arg>
<arg>AT</arg>
<arg>AU</arg>
<arg>AW</arg>
<arg>AX</arg>
<arg>AZ</arg>
<arg>BA</arg>
<arg>BB</arg>
<arg>BD</arg>
<arg>BE</arg>
<arg>BF</arg>
<arg>BG</arg>
<arg>BH</arg>
<arg>BI</arg>
<arg>BJ</arg>
<arg>BL</arg>
<arg>BM</arg>
<arg>BN</arg>
<arg>BO</arg>
<arg>BQ</arg>
<arg>BR</arg>
<arg>BS</arg>
<arg>BT</arg>
<arg>BV</arg>
<arg>BW</arg>
<arg>BY</arg>
<arg>BZ</arg>
<arg>CA</arg>
<arg>CC</arg>
<arg>CD</arg>
<arg>CF</arg>
<arg>CG</arg>
<arg>CH</arg>
<arg>CI</arg>
<arg>CK</arg>
<arg>CL</arg>
<arg>CM</arg>
<arg>CN</arg>
<arg>CO</arg>
<arg>CR</arg>
<arg>CU</arg>
<arg>CV</arg>
<arg>CW</arg>
<arg>CX</arg>
<arg>CY</arg>
<arg>CZ</arg>
<arg>DE</arg>
<arg>DJ</arg>
<arg>DK</arg>
<arg>DM</arg>
<arg>DO</arg>
<arg>DZ</arg>
<arg>EC</arg>
<arg>EE</arg>
<arg>EG</arg>
<arg>EH</arg>
<arg>ER</arg>
<arg>ES</arg>
<arg>ET</arg>
<arg>FI</arg>
<arg>FJ</arg>
<arg>FK</arg>
<arg>FM</arg>
<arg>FO</arg>
<arg>FR</arg>
<arg>GA</arg>
<arg>GB</arg>
<arg>GD</arg>
<arg>GE</arg>
<arg>GF</arg>
<arg>GG</arg>
<arg>GH</arg>
<arg>GI</arg>
<arg>GL</arg>
<arg>GM</arg>
<arg>GN</arg>
<arg>GP</arg>
<arg>GQ</arg>
<arg>GR</arg>
<arg>GS</arg>
<arg>GT</arg>
<arg>GU</arg>
<arg>GW</arg>
<arg>GY</arg>
<arg>HK</arg>
<arg>HM</arg>
<arg>HN</arg>
<arg>HR</arg>
<arg>HT</arg>
<arg>HU</arg>
<arg>ID</arg>
<arg>IE</arg>
<arg>IL</arg>
<arg>IM</arg>
<arg>IN</arg>
<arg>IO</arg>
<arg>IQ</arg>
<arg>IR</arg>
<arg>IS</arg>
<arg>IT</arg>
<arg>JE</arg>
<arg>JM</arg>
<arg>JO</arg>
<arg>JP</arg>
<arg>KE</arg>
<arg>KG</arg>
<arg>KH</arg>
<arg>KI</arg>
<arg>KM</arg>
<arg>KN</arg>
<arg>KP</arg>
<arg>KR</arg>
<arg>KW</arg>
<arg>KY</arg>
<arg>KZ</arg>
<arg>LA</arg>
<arg>LB</arg>
<arg>LC</arg>
<arg>LI</arg>
<arg>LK</arg>
<arg>LR</arg>
<arg>LS</arg>
<arg>LT</arg>
<arg>LU</arg>
<arg>LV</arg>
<arg>LY</arg>
<arg>MA</arg>
<arg>MC</arg>
<arg>MD</arg>
<arg>ME</arg>
<arg>MF</arg>
<arg>MG</arg>
<arg>MH</arg>
<arg>MK</arg>
<arg>ML</arg>
<arg>MM</arg>
<arg>MN</arg>
<arg>MO</arg>
<arg>MP</arg>
<arg>MQ</arg>
<arg>MR</arg>
<arg>MS</arg>
<arg>MT</arg>
<arg>MU</arg>
<arg>MV</arg>
<arg>MW</arg>
<arg>MX</arg>
<arg>MY</arg>
<arg>MZ</arg>
<arg>NA</arg>
<arg>NC</arg>
<arg>NE</arg>
<arg>NF</arg>
<arg>NG</arg>
<arg>NI</arg>
<arg>NL</arg>
<arg>NO</arg>
<arg>NP</arg>
<arg>NR</arg>
<arg>NU</arg>
<arg>NZ</arg>
<arg>OM</arg>
<arg>PA</arg>
<arg>PE</arg>
<arg>PF</arg>
<arg>PG</arg>
<arg>PH</arg>
<arg>PK</arg>
<arg>PL</arg>
<arg>PM</arg>
<arg>PN</arg>
<arg>PR</arg>
<arg>PS</arg>
<arg>PT</arg>
<arg>PW</arg>
<arg>PY</arg>
<arg>QA</arg>
<arg>RE</arg>
<arg>RO</arg>
<arg>RS</arg>
<arg>RU</arg>
<arg>RW</arg>
<arg>SA</arg>
<arg>SB</arg>
<arg>SC</arg>
<arg>SD</arg>
<arg>SE</arg>
<arg>SG</arg>
<arg>SH</arg>
<arg>SI</arg>
<arg>SJ</arg>
<arg>SK</arg>
<arg>SL</arg>
<arg>SM</arg>
<arg>SN</arg>
<arg>SO</arg>
<arg>SR</arg>
<arg>SS</arg>
<arg>ST</arg>
<arg>SV</arg>
<arg>SX</arg>
<arg>SY</arg>
<arg>SZ</arg>
<arg>TC</arg>
<arg>TD</arg>
<arg>TF</arg>
<arg>TG</arg>
<arg>TH</arg>
<arg>TJ</arg>
<arg>TK</arg>
<arg>TL</arg>
<arg>TM</arg>
<arg>TN</arg>
<arg>TO</arg>
<arg>TR</arg>
<arg>TT</arg>
<arg>TV</arg>
<arg>TW</arg>
<arg>TZ</arg>
<arg>UA</arg>
<arg>UG</arg>
<arg>UM</arg>
<arg>US</arg>
<arg>UY</arg>
<arg>UZ</arg>
<arg>VA</arg>
<arg>VC</arg>
<arg>VE</arg>
<arg>VG</arg>
<arg>VI</arg>
<arg>VN</arg>
<arg>VU</arg>
<arg>WF</arg>
<arg>WS</arg>
<arg>XK</arg>
<arg>YE</arg>
<arg>YT</arg>
<arg>ZA</arg>
<arg>ZM</arg>
<arg>ZW</arg>
<doc>Returns a list containing given items.</doc>
<status status="PASS" start="2024-05-10T13:15:50.291416" elapsed="0.000616"/>
</kw>
<kw name="List Should Contain Value" owner="Collections">
<msg time="2024-05-10T13:15:50.293021" level="INFO">False</msg>
<arg>${list_country}</arg>
<arg>${name_country}</arg>
<doc>Fails if the ``value`` is not found from ``list``.</doc>
<status status="PASS" start="2024-05-10T13:15:50.292822" elapsed="0.000235"/>
</kw>
<kw name="Run Keyword If" owner="BuiltIn">
<kw name="Should Be True" owner="BuiltIn">
<arg>${True}</arg>
<doc>Fails if the given condition is not true.</doc>
<status status="PASS" start="2024-05-10T13:15:50.294138" elapsed="0.000142"/>
</kw>
<arg>${json_data["results"][0]["location"]["coordinates"]["latitude"]} &gt;= -90 and ${json_data["results"][0]["location"]["coordinates"]["latitude"]} &lt;= 90</arg>
<arg>Should Be True</arg>
<arg>${True}</arg>
<doc>Runs the given keyword with the given arguments, if ``condition`` is true.</doc>
<status status="PASS" start="2024-05-10T13:15:50.293379" elapsed="0.001026"/>
</kw>
<kw name="Run Keyword If" owner="BuiltIn">
<kw name="Should Be True" owner="BuiltIn">
<arg>${True}</arg>
<doc>Fails if the given condition is not true.</doc>
<status status="PASS" start="2024-05-10T13:15:50.295305" elapsed="0.000252"/>
</kw>
<arg>${json_data["results"][0]["location"]["coordinates"]["longitude"]} &gt;= -180 and ${json_data["results"][0]["location"]["coordinates"]["longitude"]} &lt;= 180</arg>
<arg>Should Be True</arg>
<arg>${True}</arg>
<doc>Runs the given keyword with the given arguments, if ``condition`` is true.</doc>
<status status="PASS" start="2024-05-10T13:15:50.294591" elapsed="0.001091"/>
</kw>
<status status="PASS" start="2024-05-10T13:15:50.192348" elapsed="0.103464"/>
</kw>
<doc>Testa o conteúdo específico dos campos retornados pela API.</doc>
<tag>testeConteudo</tag>
<status status="PASS" start="2024-05-10T13:15:50.191869" elapsed="0.104093"/>
</test>
<status status="PASS" start="2024-05-10T13:15:49.419568" elapsed="0.878330"/>
</suite>
<status status="PASS" start="2024-05-10T13:15:49.405833" elapsed="0.897200"/>
</suite>
<statistics>
<total>
<stat pass="5" fail="0" skip="0">All Tests</stat>
</total>
<tag>
<stat pass="1" fail="0" skip="0">testeConteudo</stat>
<stat pass="1" fail="0" skip="0">testeEstruturaResposta</stat>
<stat pass="1" fail="0" skip="0">testeRequisicaoBasica</stat>
<stat pass="1" fail="0" skip="0">testeTiposDados</stat>
</tag>
<suite>
<stat pass="5" fail="0" skip="0" id="s1" name="Tests">Tests</stat>
<stat pass="5" fail="0" skip="0" id="s1-s1" name="Random-User-Test">Tests.Random-User-Test</stat>
</suite>
</statistics>
<errors>
</errors>
</robot>
