<?xml version="1.0" encoding="UTF-8"?>
<robot generator="Robot 7.0.1 (Python 3.12.4 on linux)" generated="2024-07-08T20:17:17.049508" rpa="false" schemaversion="5">
<suite id="s1" name="Tests" source="/home/runner/work/ApiRandomUser/ApiRandomUser/RamdonUser/tests">
<suite id="s1-s1" name="Random-User-Test" source="/home/runner/work/ApiRandomUser/ApiRandomUser/RamdonUser/tests/random-user-test.robot">
<test id="s1-s1-t1" name="Conectar" line="13">
<kw name="Conectar API" owner="random-user-service">
<kw name="Create Session" owner="RequestsLibrary">
<msg time="2024-07-08T20:17:17.472727" level="INFO">Creating Session using : alias=consultarAPI, url=https://randomuser.me/, headers={},                     cookies={}, auth=None, timeout=None, proxies=None, verify=False,                     debug=0 </msg>
<arg>consultarAPI</arg>
<arg>${URL}</arg>
<doc>Create Session: create a HTTP session to a server</doc>
<status status="PASS" start="2024-07-08T20:17:17.472493" elapsed="0.000444"/>
</kw>
<status status="PASS" start="2024-07-08T20:17:17.471436" elapsed="0.001906"/>
</kw>
<status status="PASS" start="2024-07-08T20:17:17.470815" elapsed="0.002740"/>
</test>
<test id="s1-s1-t2" name="Validar retorno 200 e JSON Válido" line="16">
<kw name="Teste de Requisicao Basica" owner="random-user-service">
<kw name="GET On Session" owner="RequestsLibrary">
<msg time="2024-07-08T20:17:18.058179" level="INFO">GET Request : url=https://randomuser.me/api 
 path_url=/api 
 headers={'User-Agent': 'python-requests/2.32.3', 'Accept-Encoding': 'gzip, deflate', 'Accept': '*/*', 'Connection': 'keep-alive'} 
 body=None 
 </msg>
<msg time="2024-07-08T20:17:18.058331" level="INFO">GET Response : url=https://randomuser.me/api 
 status=200, reason=OK 
 headers={'Date': 'Mon, 08 Jul 2024 20:17:18 GMT', 'Content-Type': 'application/json; charset=utf-8', 'Transfer-Encoding': 'chunked', 'Connection': 'keep-alive', 'X-Powered-By': 'Express', 'Access-Control-Allow-Origin': '*', 'Cache-Control': 'no-cache', 'ETag': 'W/"465-h8bRXaBpnR5lpCLjCI7pyFKlt7s"', 'Vary': 'Accept-Encoding', 'Content-Encoding': 'gzip', 'CF-Cache-Status': 'DYNAMIC', 'Report-To': '{"endpoints":[{"url":"https:\\/\\/a.nel.cloudflare.com\\/report\\/v4?s=%2B9UtsOcHd0bGalVjt5N5hG%2FVWvyAzabGnTANLbmoCQsE3WfPVS56dXyKxVDTu3CvRV4WqvLvvuGCOx81cmnN%2Fw2tlKTBrh6n1bIQ5BvF1yznDNpoxTYqqoGeJNds6LdB"}],"group":"cf-nel","max_age":604800}', 'NEL': '{"success_fraction":0,"report_to":"cf-nel","max_age":604800}', 'Server': 'cloudflare', 'CF-RAY': '8a02c1c4ea757eb4-LAX', 'alt-svc': 'h3=":443"; ma=86400'} 
 body={"results":[{"gender":"male","name":{"title":"Mr","first":"Yasir","last":"Norli"},"location":{"street":{"number":2571,"name":"Granstuveien"},"city":"Vikersund","state":"Aust-Agder","country":"Norway","postcode":"8309","coordinates":{"latitude":"42.5537","longitude":"-111.1115"},"timezone":{"offset":"+3:30","description":"Tehran"}},"email":"yasir.norli@example.com","login":{"uuid":"f9944e01-3bfd-4187-8e43-1741223212da","username":"crazyduck201","password":"upyours","salt":"nR01hFEr","md5":"5e30573dd133cc19e00915d4236a9495","sha1":"6f0ce4588af900c4b9f615d84efdd8e301b50d64","sha256":"1ba6f0cac91135cd43cce74b01acaf537e9c85a194bb2c5db7a10ce6716db053"},"dob":{"date":"1971-12-28T06:20:50.656Z","age":52},"registered":{"date":"2008-05-27T10:23:58.823Z","age":16},"phone":"21110186","cell":"96708274","id":{"name":"FN","value":"28127138356"},"picture":{"large":"https://randomuser.me/api/portraits/men/10.jpg","medium":"https://randomuser.me/api/portraits/med/men/10.jpg","thumbnail":"https://randomuser.me/api/portraits/thumb/men/10.jpg"},"nat":"NO"}],"info":{"seed":"9c85fe9d2164a540","results":1,"page":1,"version":"1.4"}} 
 </msg>
<msg time="2024-07-08T20:17:18.058414" level="INFO">/opt/hostedtoolcache/Python/3.12.4/x64/lib/python3.12/site-packages/urllib3/connectionpool.py:1099: InsecureRequestWarning: Unverified HTTPS request is being made to host 'randomuser.me'. Adding certificate verification is strongly advised. See: https://urllib3.readthedocs.io/en/latest/advanced-usage.html#tls-warnings
  warnings.warn(</msg>
<msg time="2024-07-08T20:17:18.058552" level="INFO">${response} = &lt;Response [200]&gt;</msg>
<var>${response}</var>
<arg>consultarAPI</arg>
<arg>/api</arg>
<doc>Sends a GET request on a previously created HTTP Session.</doc>
<status status="PASS" start="2024-07-08T20:17:17.476317" elapsed="0.582270"/>
</kw>
<kw name="Should Be Equal As Numbers" owner="BuiltIn">
<msg time="2024-07-08T20:17:18.059640" level="INFO">Argument types are:
&lt;class 'int'&gt;
&lt;class 'str'&gt;</msg>
<arg>${response.status_code}</arg>
<arg>200</arg>
<doc>Fails if objects are unequal after converting them to real numbers.</doc>
<status status="PASS" start="2024-07-08T20:17:18.059169" elapsed="0.000537"/>
</kw>
<kw name="Log" owner="BuiltIn">
<msg time="2024-07-08T20:17:18.060394" level="INFO">200</msg>
<arg>${response.status_code}</arg>
<doc>Logs the given message with the given level.</doc>
<status status="PASS" start="2024-07-08T20:17:18.060042" elapsed="0.000394"/>
</kw>
<kw name="Set Variable" owner="BuiltIn">
<msg time="2024-07-08T20:17:18.061168" level="INFO">${json_data} = {'results': [{'gender': 'male', 'name': {'title': 'Mr', 'first': 'Yasir', 'last': 'Norli'}, 'location': {'street': {'number': 2571, 'name': 'Granstuveien'}, 'city': 'Vikersund', 'state': 'Aust-Agder',...</msg>
<var>${json_data}</var>
<arg>${response.json()}</arg>
<doc>Returns the given values which can then be assigned to a variables.</doc>
<status status="PASS" start="2024-07-08T20:17:18.060738" elapsed="0.000458"/>
</kw>
<kw name="Dictionary Should Contain Key" owner="Collections">
<arg>${json_data}</arg>
<arg>results</arg>
<doc>Fails if ``key`` is not found from ``dictionary``.</doc>
<status status="PASS" start="2024-07-08T20:17:18.061498" elapsed="0.000169"/>
</kw>
<status status="PASS" start="2024-07-08T20:17:17.476021" elapsed="0.585830"/>
</kw>
<doc>Testa se a API responde corretamente e retorna um objeto JSON válido.</doc>
<tag>testeRequisicaoBasica</tag>
<status status="PASS" start="2024-07-08T20:17:17.475519" elapsed="0.586518"/>
</test>
<test id="s1-s1-t3" name="Validar estrutura de resposta" line="22">
<kw name="Teste de Estrutura de Resposta" owner="random-user-service">
<kw name="GET On Session" owner="RequestsLibrary">
<msg time="2024-07-08T20:17:18.171234" level="INFO">GET Request : url=https://randomuser.me/api 
 path_url=/api 
 headers={'User-Agent': 'python-requests/2.32.3', 'Accept-Encoding': 'gzip, deflate', 'Accept': '*/*', 'Connection': 'keep-alive'} 
 body=None 
 </msg>
<msg time="2024-07-08T20:17:18.171340" level="INFO">GET Response : url=https://randomuser.me/api 
 status=200, reason=OK 
 headers={'Date': 'Mon, 08 Jul 2024 20:17:18 GMT', 'Content-Type': 'application/json; charset=utf-8', 'Transfer-Encoding': 'chunked', 'Connection': 'keep-alive', 'X-Powered-By': 'Express', 'Access-Control-Allow-Origin': '*', 'Cache-Control': 'no-cache', 'ETag': 'W/"47e-EzGhU3DeDKuhFMP3PQjAZCq/xDU"', 'Vary': 'Accept-Encoding', 'Content-Encoding': 'gzip', 'CF-Cache-Status': 'DYNAMIC', 'Report-To': '{"endpoints":[{"url":"https:\\/\\/a.nel.cloudflare.com\\/report\\/v4?s=70gfPG1SM%2FlhIgHL797dN2R1YOA9EK%2B7cIOMDyR%2FWjvBHx1Nnl67dmE2%2FNKQ0nTZCc6zwDaoKkWxvJNtxj38rKfJno72BZkm%2F5RJpc4AjIP2REaJ4TRkPCJJCyoEDOHN"}],"group":"cf-nel","max_age":604800}', 'NEL': '{"success_fraction":0,"report_to":"cf-nel","max_age":604800}', 'Server': 'cloudflare', 'CF-RAY': '8a02c1c7edf67eb4-LAX', 'alt-svc': 'h3=":443"; ma=86400'} 
 body={"results":[{"gender":"female","name":{"title":"Mrs","first":"Milia","last":"Midtskogen"},"location":{"street":{"number":1734,"name":"Pastor Fangens vei"},"city":"Siljan","state":"Møre og Romsdal","country":"Norway","postcode":"3034","coordinates":{"latitude":"46.8377","longitude":"11.6817"},"timezone":{"offset":"+4:30","description":"Kabul"}},"email":"milia.midtskogen@example.com","login":{"uuid":"b86a2ab6-252a-460b-92b5-ea02ebc7f810","username":"goldenwolf693","password":"picher","salt":"ukNAdRgi","md5":"dc97c150f829dc181447dc4c973fad29","sha1":"7f0be5caabbaed5d92f9ce7b1f1e27f27dde637d","sha256":"7a77b5df7536f52ce4cd68dc4127378e34da861ef81b9304436c891aff4adead"},"dob":{"date":"1946-06-06T04:37:13.053Z","age":78},"registered":{"date":"2005-05-03T16:09:13.822Z","age":19},"phone":"77495004","cell":"44626783","id":{"name":"FN","value":"06064621074"},"picture":{"large":"https://randomuser.me/api/portraits/women/90.jpg","medium":"https://randomuser.me/api/portraits/med/women/90.jpg","thumbnail":"https://randomuser.me/api/portraits/thumb/women/90.jpg"},"nat":"NO"}],"info":{"seed":"45f6ea492360a60e","results":1,"page":1,"version":"1.4"}} 
 </msg>
<msg time="2024-07-08T20:17:18.171477" level="INFO">/opt/hostedtoolcache/Python/3.12.4/x64/lib/python3.12/site-packages/urllib3/connectionpool.py:1099: InsecureRequestWarning: Unverified HTTPS request is being made to host 'randomuser.me'. Adding certificate verification is strongly advised. See: https://urllib3.readthedocs.io/en/latest/advanced-usage.html#tls-warnings
  warnings.warn(</msg>
<msg time="2024-07-08T20:17:18.171606" level="INFO">${response} = &lt;Response [200]&gt;</msg>
<var>${response}</var>
<arg>consultarAPI</arg>
<arg>/api</arg>
<doc>Sends a GET request on a previously created HTTP Session.</doc>
<status status="PASS" start="2024-07-08T20:17:18.064829" elapsed="0.106817"/>
</kw>
<kw name="Set Variable" owner="BuiltIn">
<msg time="2024-07-08T20:17:18.172851" level="INFO">${json_data} = {'results': [{'gender': 'female', 'name': {'title': 'Mrs', 'first': 'Milia', 'last': 'Midtskogen'}, 'location': {'street': {'number': 1734, 'name': 'Pastor Fangens vei'}, 'city': 'Siljan', 'state': 'M...</msg>
<var>${json_data}</var>
<arg>${response.json()}</arg>
<doc>Returns the given values which can then be assigned to a variables.</doc>
<status status="PASS" start="2024-07-08T20:17:18.172263" elapsed="0.000618"/>
</kw>
<kw name="Log" owner="BuiltIn">
<msg time="2024-07-08T20:17:18.173380" level="INFO">{'results': [{'gender': 'female', 'name': {'title': 'Mrs', 'first': 'Milia', 'last': 'Midtskogen'}, 'location': {'street': {'number': 1734, 'name': 'Pastor Fangens vei'}, 'city': 'Siljan', 'state': 'Møre og Romsdal', 'country': 'Norway', 'postcode': '3034', 'coordinates': {'latitude': '46.8377', 'longitude': '11.6817'}, 'timezone': {'offset': '+4:30', 'description': 'Kabul'}}, 'email': 'milia.midtskogen@example.com', 'login': {'uuid': 'b86a2ab6-252a-460b-92b5-ea02ebc7f810', 'username': 'goldenwolf693', 'password': 'picher', 'salt': 'ukNAdRgi', 'md5': 'dc97c150f829dc181447dc4c973fad29', 'sha1': '7f0be5caabbaed5d92f9ce7b1f1e27f27dde637d', 'sha256': '7a77b5df7536f52ce4cd68dc4127378e34da861ef81b9304436c891aff4adead'}, 'dob': {'date': '1946-06-06T04:37:13.053Z', 'age': 78}, 'registered': {'date': '2005-05-03T16:09:13.822Z', 'age': 19}, 'phone': '77495004', 'cell': '44626783', 'id': {'name': 'FN', 'value': '06064621074'}, 'picture': {'large': 'https://randomuser.me/api/portraits/women/90.jpg', 'medium': 'https://randomuser.me/api/portraits/med/women/90.jpg', 'thumbnail': 'https://randomuser.me/api/portraits/thumb/women/90.jpg'}, 'nat': 'NO'}], 'info': {'seed': '45f6ea492360a60e', 'results': 1, 'page': 1, 'version': '1.4'}}</msg>
<arg>${json_data}</arg>
<doc>Logs the given message with the given level.</doc>
<status status="PASS" start="2024-07-08T20:17:18.173211" elapsed="0.000220"/>
</kw>
<kw name="Dictionary Should Contain Key" owner="Collections">
<arg>${json_data}</arg>
<arg>results</arg>
<doc>Fails if ``key`` is not found from ``dictionary``.</doc>
<status status="PASS" start="2024-07-08T20:17:18.173726" elapsed="0.000218"/>
</kw>
<kw name="Should Not Be Empty" owner="BuiltIn">
<msg time="2024-07-08T20:17:18.174263" level="INFO">Length is 2.</msg>
<arg>${json_data}</arg>
<doc>Verifies that the given item is not empty.</doc>
<status status="PASS" start="2024-07-08T20:17:18.174137" elapsed="0.000173"/>
</kw>
<kw name="Create List" owner="BuiltIn">
<msg time="2024-07-08T20:17:18.174914" level="INFO">${expected_keys} = ['gender', 'name', 'location', 'email', 'login']</msg>
<var>${expected_keys}</var>
<arg>gender</arg>
<arg>name</arg>
<arg>location</arg>
<arg>email</arg>
<arg>login</arg>
<doc>Returns a list containing given items.</doc>
<status status="PASS" start="2024-07-08T20:17:18.174604" elapsed="0.000335"/>
</kw>
<for flavor="IN">
<iter>
<kw name="Dictionary Should Contain Key" owner="Collections">
<arg>${json_data['results'][0]}</arg>
<arg>${key}</arg>
<doc>Fails if ``key`` is not found from ``dictionary``.</doc>
<status status="PASS" start="2024-07-08T20:17:18.175530" elapsed="0.000414"/>
</kw>
<kw name="Log" owner="BuiltIn">
<msg time="2024-07-08T20:17:18.176489" level="INFO">{'gender': 'female', 'name': {'title': 'Mrs', 'first': 'Milia', 'last': 'Midtskogen'}, 'location': {'street': {'number': 1734, 'name': 'Pastor Fangens vei'}, 'city': 'Siljan', 'state': 'Møre og Romsdal', 'country': 'Norway', 'postcode': '3034', 'coordinates': {'latitude': '46.8377', 'longitude': '11.6817'}, 'timezone': {'offset': '+4:30', 'description': 'Kabul'}}, 'email': 'milia.midtskogen@example.com', 'login': {'uuid': 'b86a2ab6-252a-460b-92b5-ea02ebc7f810', 'username': 'goldenwolf693', 'password': 'picher', 'salt': 'ukNAdRgi', 'md5': 'dc97c150f829dc181447dc4c973fad29', 'sha1': '7f0be5caabbaed5d92f9ce7b1f1e27f27dde637d', 'sha256': '7a77b5df7536f52ce4cd68dc4127378e34da861ef81b9304436c891aff4adead'}, 'dob': {'date': '1946-06-06T04:37:13.053Z', 'age': 78}, 'registered': {'date': '2005-05-03T16:09:13.822Z', 'age': 19}, 'phone': '77495004', 'cell': '44626783', 'id': {'name': 'FN', 'value': '06064621074'}, 'picture': {'large': 'https://randomuser.me/api/portraits/women/90.jpg', 'medium': 'https://randomuser.me/api/portraits/med/women/90.jpg', 'thumbnail': 'https://randomuser.me/api/portraits/thumb/women/90.jpg'}, 'nat': 'NO'}</msg>
<arg>${json_data['results'][0]}</arg>
<doc>Logs the given message with the given level.</doc>
<status status="PASS" start="2024-07-08T20:17:18.176128" elapsed="0.000412"/>
</kw>
<kw name="Log" owner="BuiltIn">
<msg time="2024-07-08T20:17:18.176972" level="INFO">gender</msg>
<arg>${key}</arg>
<doc>Logs the given message with the given level.</doc>
<status status="PASS" start="2024-07-08T20:17:18.176841" elapsed="0.000169"/>
</kw>
<var name="${key}">gender</var>
<status status="PASS" start="2024-07-08T20:17:18.175400" elapsed="0.001828"/>
</iter>
<iter>
<kw name="Dictionary Should Contain Key" owner="Collections">
<arg>${json_data['results'][0]}</arg>
<arg>${key}</arg>
<doc>Fails if ``key`` is not found from ``dictionary``.</doc>
<status status="PASS" start="2024-07-08T20:17:18.177526" elapsed="0.000426"/>
</kw>
<kw name="Log" owner="BuiltIn">
<msg time="2024-07-08T20:17:18.178503" level="INFO">{'gender': 'female', 'name': {'title': 'Mrs', 'first': 'Milia', 'last': 'Midtskogen'}, 'location': {'street': {'number': 1734, 'name': 'Pastor Fangens vei'}, 'city': 'Siljan', 'state': 'Møre og Romsdal', 'country': 'Norway', 'postcode': '3034', 'coordinates': {'latitude': '46.8377', 'longitude': '11.6817'}, 'timezone': {'offset': '+4:30', 'description': 'Kabul'}}, 'email': 'milia.midtskogen@example.com', 'login': {'uuid': 'b86a2ab6-252a-460b-92b5-ea02ebc7f810', 'username': 'goldenwolf693', 'password': 'picher', 'salt': 'ukNAdRgi', 'md5': 'dc97c150f829dc181447dc4c973fad29', 'sha1': '7f0be5caabbaed5d92f9ce7b1f1e27f27dde637d', 'sha256': '7a77b5df7536f52ce4cd68dc4127378e34da861ef81b9304436c891aff4adead'}, 'dob': {'date': '1946-06-06T04:37:13.053Z', 'age': 78}, 'registered': {'date': '2005-05-03T16:09:13.822Z', 'age': 19}, 'phone': '77495004', 'cell': '44626783', 'id': {'name': 'FN', 'value': '06064621074'}, 'picture': {'large': 'https://randomuser.me/api/portraits/women/90.jpg', 'medium': 'https://randomuser.me/api/portraits/med/women/90.jpg', 'thumbnail': 'https://randomuser.me/api/portraits/thumb/women/90.jpg'}, 'nat': 'NO'}</msg>
<arg>${json_data['results'][0]}</arg>
<doc>Logs the given message with the given level.</doc>
<status status="PASS" start="2024-07-08T20:17:18.178138" elapsed="0.000449"/>
</kw>
<kw name="Log" owner="BuiltIn">
<msg time="2024-07-08T20:17:18.179019" level="INFO">name</msg>
<arg>${key}</arg>
<doc>Logs the given message with the given level.</doc>
<status status="PASS" start="2024-07-08T20:17:18.178891" elapsed="0.000166"/>
</kw>
<var name="${key}">name</var>
<status status="PASS" start="2024-07-08T20:17:18.177414" elapsed="0.001866"/>
</iter>
<iter>
<kw name="Dictionary Should Contain Key" owner="Collections">
<arg>${json_data['results'][0]}</arg>
<arg>${key}</arg>
<doc>Fails if ``key`` is not found from ``dictionary``.</doc>
<status status="PASS" start="2024-07-08T20:17:18.179573" elapsed="0.000389"/>
</kw>
<kw name="Log" owner="BuiltIn">
<msg time="2024-07-08T20:17:18.180515" level="INFO">{'gender': 'female', 'name': {'title': 'Mrs', 'first': 'Milia', 'last': 'Midtskogen'}, 'location': {'street': {'number': 1734, 'name': 'Pastor Fangens vei'}, 'city': 'Siljan', 'state': 'Møre og Romsdal', 'country': 'Norway', 'postcode': '3034', 'coordinates': {'latitude': '46.8377', 'longitude': '11.6817'}, 'timezone': {'offset': '+4:30', 'description': 'Kabul'}}, 'email': 'milia.midtskogen@example.com', 'login': {'uuid': 'b86a2ab6-252a-460b-92b5-ea02ebc7f810', 'username': 'goldenwolf693', 'password': 'picher', 'salt': 'ukNAdRgi', 'md5': 'dc97c150f829dc181447dc4c973fad29', 'sha1': '7f0be5caabbaed5d92f9ce7b1f1e27f27dde637d', 'sha256': '7a77b5df7536f52ce4cd68dc4127378e34da861ef81b9304436c891aff4adead'}, 'dob': {'date': '1946-06-06T04:37:13.053Z', 'age': 78}, 'registered': {'date': '2005-05-03T16:09:13.822Z', 'age': 19}, 'phone': '77495004', 'cell': '44626783', 'id': {'name': 'FN', 'value': '06064621074'}, 'picture': {'large': 'https://randomuser.me/api/portraits/women/90.jpg', 'medium': 'https://randomuser.me/api/portraits/med/women/90.jpg', 'thumbnail': 'https://randomuser.me/api/portraits/thumb/women/90.jpg'}, 'nat': 'NO'}</msg>
<arg>${json_data['results'][0]}</arg>
<doc>Logs the given message with the given level.</doc>
<status status="PASS" start="2024-07-08T20:17:18.180147" elapsed="0.000422"/>
</kw>
<kw name="Log" owner="BuiltIn">
<msg time="2024-07-08T20:17:18.181012" level="INFO">location</msg>
<arg>${key}</arg>
<doc>Logs the given message with the given level.</doc>
<status status="PASS" start="2024-07-08T20:17:18.180883" elapsed="0.000167"/>
</kw>
<var name="${key}">location</var>
<status status="PASS" start="2024-07-08T20:17:18.179460" elapsed="0.001814"/>
</iter>
<iter>
<kw name="Dictionary Should Contain Key" owner="Collections">
<arg>${json_data['results'][0]}</arg>
<arg>${key}</arg>
<doc>Fails if ``key`` is not found from ``dictionary``.</doc>
<status status="PASS" start="2024-07-08T20:17:18.181551" elapsed="0.000431"/>
</kw>
<kw name="Log" owner="BuiltIn">
<msg time="2024-07-08T20:17:18.182516" level="INFO">{'gender': 'female', 'name': {'title': 'Mrs', 'first': 'Milia', 'last': 'Midtskogen'}, 'location': {'street': {'number': 1734, 'name': 'Pastor Fangens vei'}, 'city': 'Siljan', 'state': 'Møre og Romsdal', 'country': 'Norway', 'postcode': '3034', 'coordinates': {'latitude': '46.8377', 'longitude': '11.6817'}, 'timezone': {'offset': '+4:30', 'description': 'Kabul'}}, 'email': 'milia.midtskogen@example.com', 'login': {'uuid': 'b86a2ab6-252a-460b-92b5-ea02ebc7f810', 'username': 'goldenwolf693', 'password': 'picher', 'salt': 'ukNAdRgi', 'md5': 'dc97c150f829dc181447dc4c973fad29', 'sha1': '7f0be5caabbaed5d92f9ce7b1f1e27f27dde637d', 'sha256': '7a77b5df7536f52ce4cd68dc4127378e34da861ef81b9304436c891aff4adead'}, 'dob': {'date': '1946-06-06T04:37:13.053Z', 'age': 78}, 'registered': {'date': '2005-05-03T16:09:13.822Z', 'age': 19}, 'phone': '77495004', 'cell': '44626783', 'id': {'name': 'FN', 'value': '06064621074'}, 'picture': {'large': 'https://randomuser.me/api/portraits/women/90.jpg', 'medium': 'https://randomuser.me/api/portraits/med/women/90.jpg', 'thumbnail': 'https://randomuser.me/api/portraits/thumb/women/90.jpg'}, 'nat': 'NO'}</msg>
<arg>${json_data['results'][0]}</arg>
<doc>Logs the given message with the given level.</doc>
<status status="PASS" start="2024-07-08T20:17:18.182162" elapsed="0.000404"/>
</kw>
<kw name="Log" owner="BuiltIn">
<msg time="2024-07-08T20:17:18.183001" level="INFO">email</msg>
<arg>${key}</arg>
<doc>Logs the given message with the given level.</doc>
<status status="PASS" start="2024-07-08T20:17:18.182871" elapsed="0.000169"/>
</kw>
<var name="${key}">email</var>
<status status="PASS" start="2024-07-08T20:17:18.181443" elapsed="0.001818"/>
</iter>
<iter>
<kw name="Dictionary Should Contain Key" owner="Collections">
<arg>${json_data['results'][0]}</arg>
<arg>${key}</arg>
<doc>Fails if ``key`` is not found from ``dictionary``.</doc>
<status status="PASS" start="2024-07-08T20:17:18.183547" elapsed="0.000387"/>
</kw>
<kw name="Log" owner="BuiltIn">
<msg time="2024-07-08T20:17:18.184467" level="INFO">{'gender': 'female', 'name': {'title': 'Mrs', 'first': 'Milia', 'last': 'Midtskogen'}, 'location': {'street': {'number': 1734, 'name': 'Pastor Fangens vei'}, 'city': 'Siljan', 'state': 'Møre og Romsdal', 'country': 'Norway', 'postcode': '3034', 'coordinates': {'latitude': '46.8377', 'longitude': '11.6817'}, 'timezone': {'offset': '+4:30', 'description': 'Kabul'}}, 'email': 'milia.midtskogen@example.com', 'login': {'uuid': 'b86a2ab6-252a-460b-92b5-ea02ebc7f810', 'username': 'goldenwolf693', 'password': 'picher', 'salt': 'ukNAdRgi', 'md5': 'dc97c150f829dc181447dc4c973fad29', 'sha1': '7f0be5caabbaed5d92f9ce7b1f1e27f27dde637d', 'sha256': '7a77b5df7536f52ce4cd68dc4127378e34da861ef81b9304436c891aff4adead'}, 'dob': {'date': '1946-06-06T04:37:13.053Z', 'age': 78}, 'registered': {'date': '2005-05-03T16:09:13.822Z', 'age': 19}, 'phone': '77495004', 'cell': '44626783', 'id': {'name': 'FN', 'value': '06064621074'}, 'picture': {'large': 'https://randomuser.me/api/portraits/women/90.jpg', 'medium': 'https://randomuser.me/api/portraits/med/women/90.jpg', 'thumbnail': 'https://randomuser.me/api/portraits/thumb/women/90.jpg'}, 'nat': 'NO'}</msg>
<arg>${json_data['results'][0]}</arg>
<doc>Logs the given message with the given level.</doc>
<status status="PASS" start="2024-07-08T20:17:18.184113" elapsed="0.000404"/>
</kw>
<kw name="Log" owner="BuiltIn">
<msg time="2024-07-08T20:17:18.184942" level="INFO">login</msg>
<arg>${key}</arg>
<doc>Logs the given message with the given level.</doc>
<status status="PASS" start="2024-07-08T20:17:18.184815" elapsed="0.000164"/>
</kw>
<var name="${key}">login</var>
<status status="PASS" start="2024-07-08T20:17:18.183431" elapsed="0.001763"/>
</iter>
<var>${key}</var>
<value>@{expected_keys}</value>
<status status="PASS" start="2024-07-08T20:17:18.175206" elapsed="0.010111"/>
</for>
<kw name="Create List" owner="BuiltIn">
<msg time="2024-07-08T20:17:18.185651" level="INFO">${expected_keysTwo} = ['username', 'password']</msg>
<var>${expected_keysTwo}</var>
<arg>username</arg>
<arg>password</arg>
<doc>Returns a list containing given items.</doc>
<status status="PASS" start="2024-07-08T20:17:18.185512" elapsed="0.000163"/>
</kw>
<for flavor="IN">
<iter>
<kw name="Dictionary Should Contain Key" owner="Collections">
<arg>${json_data['results'][0]['login']}</arg>
<arg>${keyTwo}</arg>
<doc>Fails if ``key`` is not found from ``dictionary``.</doc>
<status status="PASS" start="2024-07-08T20:17:18.186255" elapsed="0.000382"/>
</kw>
<kw name="Dictionary Should Contain Key" owner="Collections">
<arg>${json_data['results'][0]['login']}</arg>
<arg>${keyTwo}</arg>
<doc>Fails if ``key`` is not found from ``dictionary``.</doc>
<status status="PASS" start="2024-07-08T20:17:18.186816" elapsed="0.000384"/>
</kw>
<kw name="Log" owner="BuiltIn">
<msg time="2024-07-08T20:17:18.187506" level="INFO">username</msg>
<arg>${keyTwo}</arg>
<doc>Logs the given message with the given level.</doc>
<status status="PASS" start="2024-07-08T20:17:18.187382" elapsed="0.000162"/>
</kw>
<var name="${keyTwo}">username</var>
<status status="PASS" start="2024-07-08T20:17:18.186148" elapsed="0.001619"/>
</iter>
<iter>
<kw name="Dictionary Should Contain Key" owner="Collections">
<arg>${json_data['results'][0]['login']}</arg>
<arg>${keyTwo}</arg>
<doc>Fails if ``key`` is not found from ``dictionary``.</doc>
<status status="PASS" start="2024-07-08T20:17:18.188043" elapsed="0.000389"/>
</kw>
<kw name="Dictionary Should Contain Key" owner="Collections">
<arg>${json_data['results'][0]['login']}</arg>
<arg>${keyTwo}</arg>
<doc>Fails if ``key`` is not found from ``dictionary``.</doc>
<status status="PASS" start="2024-07-08T20:17:18.188611" elapsed="0.000371"/>
</kw>
<kw name="Log" owner="BuiltIn">
<msg time="2024-07-08T20:17:18.189275" level="INFO">password</msg>
<arg>${keyTwo}</arg>
<doc>Logs the given message with the given level.</doc>
<status status="PASS" start="2024-07-08T20:17:18.189157" elapsed="0.000161"/>
</kw>
<var name="${keyTwo}">password</var>
<status status="PASS" start="2024-07-08T20:17:18.187937" elapsed="0.001705"/>
</iter>
<var>${keyTwo}</var>
<value>@{expected_keysTwo}</value>
<status status="PASS" start="2024-07-08T20:17:18.185989" elapsed="0.003798"/>
</for>
<status status="PASS" start="2024-07-08T20:17:18.064593" elapsed="0.125352"/>
</kw>
<doc>Testa a estrutura da resposta da API.</doc>
<tag>testeEstruturaResposta</tag>
<status status="PASS" start="2024-07-08T20:17:18.064010" elapsed="0.126093"/>
</test>
<test id="s1-s1-t4" name="Validar tipos de dados" line="28">
<kw name="Teste de Tipos de Dados" owner="random-user-service">
<kw name="GET On Session" owner="RequestsLibrary">
<msg time="2024-07-08T20:17:18.291158" level="INFO">GET Request : url=https://randomuser.me/api 
 path_url=/api 
 headers={'User-Agent': 'python-requests/2.32.3', 'Accept-Encoding': 'gzip, deflate', 'Accept': '*/*', 'Connection': 'keep-alive'} 
 body=None 
 </msg>
<msg time="2024-07-08T20:17:18.291271" level="INFO">GET Response : url=https://randomuser.me/api 
 status=200, reason=OK 
 headers={'Date': 'Mon, 08 Jul 2024 20:17:18 GMT', 'Content-Type': 'application/json; charset=utf-8', 'Transfer-Encoding': 'chunked', 'Connection': 'keep-alive', 'X-Powered-By': 'Express', 'Access-Control-Allow-Origin': '*', 'Cache-Control': 'no-cache', 'ETag': 'W/"483-RLia/3xeRbcdLRGh1vbAu0o7w6I"', 'Vary': 'Accept-Encoding', 'Content-Encoding': 'gzip', 'CF-Cache-Status': 'DYNAMIC', 'Report-To': '{"endpoints":[{"url":"https:\\/\\/a.nel.cloudflare.com\\/report\\/v4?s=aQxor6VP6s96ITrCRUaq0Pq9ZNmWlkfDMdxJ8YKl3f432psSut0%2BtbLcVHU%2FNhf2rcC7sIHGeFiCe6mJFixpEM5%2BG1CjeLv3c04tpxpHrlcvDejORTllP0os7mFuyTvR"}],"group":"cf-nel","max_age":604800}', 'NEL': '{"success_fraction":0,"report_to":"cf-nel","max_age":604800}', 'Server': 'cloudflare', 'CF-RAY': '8a02c1c8bec97eb4-LAX', 'alt-svc': 'h3=":443"; ma=86400'} 
 body={"results":[{"gender":"female","name":{"title":"Ms","first":"Dora","last":"Divac"},"location":{"street":{"number":1082,"name":"Slobodana Perovića"},"city":"Smederevo","state":"Pirot","country":"Serbia","postcode":31755,"coordinates":{"latitude":"57.3412","longitude":"86.9878"},"timezone":{"offset":"+2:00","description":"Kaliningrad, South Africa"}},"email":"dora.divac@example.com","login":{"uuid":"21d81cc8-3f4d-4641-a03e-32424c3c491c","username":"tinyduck226","password":"camero1","salt":"8q1zsfNb","md5":"9527633c773c269a871c7a2b68c92044","sha1":"c2769dd4530ac0c0287c059634629d6038b9cd38","sha256":"2e163f08b63672ea296d556f6f691ceecb0b55d68abd58e51c92d888a337e3db"},"dob":{"date":"1961-09-27T04:27:08.825Z","age":62},"registered":{"date":"2005-01-12T06:39:07.037Z","age":19},"phone":"032-7251-879","cell":"062-7510-691","id":{"name":"SID","value":"176977135"},"picture":{"large":"https://randomuser.me/api/portraits/women/30.jpg","medium":"https://randomuser.me/api/portraits/med/women/30.jpg","thumbnail":"https://randomuser.me/api/portraits/thumb/women/30.jpg"},"nat":"RS"}],"info":{"seed":"fdf47165eade04c8","results":1,"page":1,"version":"1.4"}} 
 </msg>
<msg time="2024-07-08T20:17:18.291358" level="INFO">/opt/hostedtoolcache/Python/3.12.4/x64/lib/python3.12/site-packages/urllib3/connectionpool.py:1099: InsecureRequestWarning: Unverified HTTPS request is being made to host 'randomuser.me'. Adding certificate verification is strongly advised. See: https://urllib3.readthedocs.io/en/latest/advanced-usage.html#tls-warnings
  warnings.warn(</msg>
<msg time="2024-07-08T20:17:18.291489" level="INFO">${response} = &lt;Response [200]&gt;</msg>
<var>${response}</var>
<arg>consultarAPI</arg>
<arg>/api</arg>
<doc>Sends a GET request on a previously created HTTP Session.</doc>
<status status="PASS" start="2024-07-08T20:17:18.192759" elapsed="0.098773"/>
</kw>
<kw name="Set Variable" owner="BuiltIn">
<msg time="2024-07-08T20:17:18.292784" level="INFO">${json_data} = {'results': [{'gender': 'female', 'name': {'title': 'Ms', 'first': 'Dora', 'last': 'Divac'}, 'location': {'street': {'number': 1082, 'name': 'Slobodana Perovića'}, 'city': 'Smederevo', 'state': 'Pirot...</msg>
<var>${json_data}</var>
<arg>${response.json()}</arg>
<doc>Returns the given values which can then be assigned to a variables.</doc>
<status status="PASS" start="2024-07-08T20:17:18.292227" elapsed="0.000592"/>
</kw>
<kw name="Log" owner="BuiltIn">
<msg time="2024-07-08T20:17:18.293303" level="INFO">{'results': [{'gender': 'female', 'name': {'title': 'Ms', 'first': 'Dora', 'last': 'Divac'}, 'location': {'street': {'number': 1082, 'name': 'Slobodana Perovića'}, 'city': 'Smederevo', 'state': 'Pirot', 'country': 'Serbia', 'postcode': 31755, 'coordinates': {'latitude': '57.3412', 'longitude': '86.9878'}, 'timezone': {'offset': '+2:00', 'description': 'Kaliningrad, South Africa'}}, 'email': 'dora.divac@example.com', 'login': {'uuid': '21d81cc8-3f4d-4641-a03e-32424c3c491c', 'username': 'tinyduck226', 'password': 'camero1', 'salt': '8q1zsfNb', 'md5': '9527633c773c269a871c7a2b68c92044', 'sha1': 'c2769dd4530ac0c0287c059634629d6038b9cd38', 'sha256': '2e163f08b63672ea296d556f6f691ceecb0b55d68abd58e51c92d888a337e3db'}, 'dob': {'date': '1961-09-27T04:27:08.825Z', 'age': 62}, 'registered': {'date': '2005-01-12T06:39:07.037Z', 'age': 19}, 'phone': '032-7251-879', 'cell': '062-7510-691', 'id': {'name': 'SID', 'value': '176977135'}, 'picture': {'large': 'https://randomuser.me/api/portraits/women/30.jpg', 'medium': 'https://randomuser.me/api/portraits/med/women/30.jpg', 'thumbnail': 'https://randomuser.me/api/portraits/thumb/women/30.jpg'}, 'nat': 'RS'}], 'info': {'seed': 'fdf47165eade04c8', 'results': 1, 'page': 1, 'version': '1.4'}}</msg>
<arg>${json_data}</arg>
<doc>Logs the given message with the given level.</doc>
<status status="PASS" start="2024-07-08T20:17:18.293134" elapsed="0.000219"/>
</kw>
<kw name="Should Be String" owner="String">
<arg>${json_data['results'][0]['gender']}</arg>
<doc>Fails if the given ``item`` is not a string.</doc>
<status status="PASS" start="2024-07-08T20:17:18.293647" elapsed="0.000409"/>
</kw>
<kw name="Should Match Regexp" owner="BuiltIn">
<arg>${json_data['results'][0]['email']}</arg>
<arg>^[a-zA-Z0-9._%+-]+@[a-zA-Z0-9.-]+\.[a-zA-Z]{2,}$</arg>
<doc>Fails if ``string`` does not match ``pattern`` as a regular expression.</doc>
<status status="PASS" start="2024-07-08T20:17:18.294245" elapsed="0.000515"/>
</kw>
<kw name="Should Match Regexp" owner="BuiltIn">
<arg>${json_data['results'][0]['dob']['date']}</arg>
<arg>\\d{4}-\\d{2}-\\d{2}T\\d{2}:\\d{2}:\\d{2}\\.\\d{3}Z</arg>
<doc>Fails if ``string`` does not match ``pattern`` as a regular expression.</doc>
<status status="PASS" start="2024-07-08T20:17:18.294993" elapsed="0.000484"/>
</kw>
<kw name="Should Match Regexp" owner="BuiltIn">
<arg>${json_data['results'][0]['registered']['date']}</arg>
<arg>\\d{4}-\\d{2}-\\d{2}T\\d{2}:\\d{2}:\\d{2}\\.\\d{3}Z</arg>
<doc>Fails if ``string`` does not match ``pattern`` as a regular expression.</doc>
<status status="PASS" start="2024-07-08T20:17:18.295665" elapsed="0.000370"/>
</kw>
<kw name="Should Match Regexp" owner="BuiltIn">
<arg>${json_data['results'][0]['picture']['large']}</arg>
<arg>^https?://.*\.(?:png|jpe?g|gif|bmp)$</arg>
<doc>Fails if ``string`` does not match ``pattern`` as a regular expression.</doc>
<status status="PASS" start="2024-07-08T20:17:18.296218" elapsed="0.000453"/>
</kw>
<kw name="Should Match Regexp" owner="BuiltIn">
<arg>${json_data['results'][0]['picture']['medium']}</arg>
<arg>^https?://.*\.(?:png|jpe?g|gif|bmp)$</arg>
<doc>Fails if ``string`` does not match ``pattern`` as a regular expression.</doc>
<status status="PASS" start="2024-07-08T20:17:18.296855" elapsed="0.000353"/>
</kw>
<kw name="Should Match Regexp" owner="BuiltIn">
<arg>${json_data['results'][0]['picture']['thumbnail']}</arg>
<arg>^https?://.*\.(?:png|jpe?g|gif|bmp)$</arg>
<doc>Fails if ``string`` does not match ``pattern`` as a regular expression.</doc>
<status status="PASS" start="2024-07-08T20:17:18.297390" elapsed="0.000379"/>
</kw>
<kw name="Log" owner="BuiltIn">
<msg time="2024-07-08T20:17:18.298285" level="INFO">{'large': 'https://randomuser.me/api/portraits/women/30.jpg', 'medium': 'https://randomuser.me/api/portraits/med/women/30.jpg', 'thumbnail': 'https://randomuser.me/api/portraits/thumb/women/30.jpg'}</msg>
<arg>${json_data['results'][0]['picture']}</arg>
<doc>Logs the given message with the given level.</doc>
<status status="PASS" start="2024-07-08T20:17:18.297955" elapsed="0.000372"/>
</kw>
<status status="PASS" start="2024-07-08T20:17:18.192525" elapsed="0.106062"/>
</kw>
<kw name="Teste de Tipos de Dados - Postcode" owner="random-user-service">
<kw name="GET On Session" owner="RequestsLibrary">
<msg time="2024-07-08T20:17:18.392378" level="INFO">GET Request : url=https://randomuser.me/api 
 path_url=/api 
 headers={'User-Agent': 'python-requests/2.32.3', 'Accept-Encoding': 'gzip, deflate', 'Accept': '*/*', 'Connection': 'keep-alive'} 
 body=None 
 </msg>
<msg time="2024-07-08T20:17:18.392489" level="INFO">GET Response : url=https://randomuser.me/api 
 status=200, reason=OK 
 headers={'Date': 'Mon, 08 Jul 2024 20:17:18 GMT', 'Content-Type': 'application/json; charset=utf-8', 'Transfer-Encoding': 'chunked', 'Connection': 'keep-alive', 'X-Powered-By': 'Express', 'Access-Control-Allow-Origin': '*', 'Cache-Control': 'no-cache', 'ETag': 'W/"483-h/TugSkqe49s808nBtdt/gfkgrQ"', 'Vary': 'Accept-Encoding', 'Content-Encoding': 'gzip', 'CF-Cache-Status': 'DYNAMIC', 'Report-To': '{"endpoints":[{"url":"https:\\/\\/a.nel.cloudflare.com\\/report\\/v4?s=ZIq3jXd5LriihLnrcJz1aFWYb9vYbX31Z%2FXixa%2FmH9KgwtkB%2Fwst%2FueItyfmN3JTxh%2F%2FKOS0UmNp%2B482uOWloxb7v1kb4r2YQ77feq15NbMacDZv%2BQqwuFswUBfrEs03"}],"group":"cf-nel","max_age":604800}', 'NEL': '{"success_fraction":0,"report_to":"cf-nel","max_age":604800}', 'Server': 'cloudflare', 'CF-RAY': '8a02c1c96f6e7eb4-LAX', 'alt-svc': 'h3=":443"; ma=86400'} 
 body={"results":[{"gender":"male","name":{"title":"Mr","first":"Levi","last":"Stenerud"},"location":{"street":{"number":1464,"name":"Jacobine Ryes vei"},"city":"Tennevoll","state":"Vest-Agder","country":"Norway","postcode":"0881","coordinates":{"latitude":"40.8968","longitude":"-8.4100"},"timezone":{"offset":"-1:00","description":"Azores, Cape Verde Islands"}},"email":"levi.stenerud@example.com","login":{"uuid":"8c626dec-0e85-4eb2-a89e-93168660a37f","username":"organicswan611","password":"kisskiss","salt":"b6Hw5SjO","md5":"83007cbc9c3dd237e354ee5e3e06a1f8","sha1":"695b85a0d4277c5fe8220a48a3dc3d8e6926803a","sha256":"6bc4cb1189a1a65f2fa01c420a4c56338dc070ca2a220099457f64b95253bea2"},"dob":{"date":"1958-02-20T01:52:47.887Z","age":66},"registered":{"date":"2004-06-12T20:59:04.880Z","age":20},"phone":"64306249","cell":"91907505","id":{"name":"FN","value":"20025835167"},"picture":{"large":"https://randomuser.me/api/portraits/men/43.jpg","medium":"https://randomuser.me/api/portraits/med/men/43.jpg","thumbnail":"https://randomuser.me/api/portraits/thumb/men/43.jpg"},"nat":"NO"}],"info":{"seed":"d99792625f235bbc","results":1,"page":1,"version":"1.4"}} 
 </msg>
<msg time="2024-07-08T20:17:18.392568" level="INFO">/opt/hostedtoolcache/Python/3.12.4/x64/lib/python3.12/site-packages/urllib3/connectionpool.py:1099: InsecureRequestWarning: Unverified HTTPS request is being made to host 'randomuser.me'. Adding certificate verification is strongly advised. See: https://urllib3.readthedocs.io/en/latest/advanced-usage.html#tls-warnings
  warnings.warn(</msg>
<msg time="2024-07-08T20:17:18.392693" level="INFO">${response} = &lt;Response [200]&gt;</msg>
<var>${response}</var>
<arg>consultarAPI</arg>
<arg>/api</arg>
<doc>Sends a GET request on a previously created HTTP Session.</doc>
<status status="PASS" start="2024-07-08T20:17:18.299059" elapsed="0.093673"/>
</kw>
<kw name="Set Variable" owner="BuiltIn">
<msg time="2024-07-08T20:17:18.393984" level="INFO">${json_data} = {'results': [{'gender': 'male', 'name': {'title': 'Mr', 'first': 'Levi', 'last': 'Stenerud'}, 'location': {'street': {'number': 1464, 'name': 'Jacobine Ryes vei'}, 'city': 'Tennevoll', 'state': 'Vest-...</msg>
<var>${json_data}</var>
<arg>${response.json()}</arg>
<doc>Returns the given values which can then be assigned to a variables.</doc>
<status status="PASS" start="2024-07-08T20:17:18.393369" elapsed="0.000645"/>
</kw>
<kw name="Log" owner="BuiltIn">
<msg time="2024-07-08T20:17:18.394505" level="INFO">{'results': [{'gender': 'male', 'name': {'title': 'Mr', 'first': 'Levi', 'last': 'Stenerud'}, 'location': {'street': {'number': 1464, 'name': 'Jacobine Ryes vei'}, 'city': 'Tennevoll', 'state': 'Vest-Agder', 'country': 'Norway', 'postcode': '0881', 'coordinates': {'latitude': '40.8968', 'longitude': '-8.4100'}, 'timezone': {'offset': '-1:00', 'description': 'Azores, Cape Verde Islands'}}, 'email': 'levi.stenerud@example.com', 'login': {'uuid': '8c626dec-0e85-4eb2-a89e-93168660a37f', 'username': 'organicswan611', 'password': 'kisskiss', 'salt': 'b6Hw5SjO', 'md5': '83007cbc9c3dd237e354ee5e3e06a1f8', 'sha1': '695b85a0d4277c5fe8220a48a3dc3d8e6926803a', 'sha256': '6bc4cb1189a1a65f2fa01c420a4c56338dc070ca2a220099457f64b95253bea2'}, 'dob': {'date': '1958-02-20T01:52:47.887Z', 'age': 66}, 'registered': {'date': '2004-06-12T20:59:04.880Z', 'age': 20}, 'phone': '64306249', 'cell': '91907505', 'id': {'name': 'FN', 'value': '20025835167'}, 'picture': {'large': 'https://randomuser.me/api/portraits/men/43.jpg', 'medium': 'https://randomuser.me/api/portraits/med/men/43.jpg', 'thumbnail': 'https://randomuser.me/api/portraits/thumb/men/43.jpg'}, 'nat': 'NO'}], 'info': {'seed': 'd99792625f235bbc', 'results': 1, 'page': 1, 'version': '1.4'}}</msg>
<arg>${json_data}</arg>
<doc>Logs the given message with the given level.</doc>
<status status="PASS" start="2024-07-08T20:17:18.394341" elapsed="0.000211"/>
</kw>
<kw name="Should Be Equal As Numbers" owner="BuiltIn">
<arg>${json_data['results'][0]['location']['postcode']}</arg>
<arg>${json_data['results'][0]['location']['postcode']}</arg>
<doc>Fails if objects are unequal after converting them to real numbers.</doc>
<status status="PASS" start="2024-07-08T20:17:18.394856" elapsed="0.000640"/>
</kw>
<kw name="Log" owner="BuiltIn">
<msg time="2024-07-08T20:17:18.396224" level="INFO">0881</msg>
<arg>${json_data['results'][0]['location']['postcode']}</arg>
<doc>Logs the given message with the given level.</doc>
<status status="PASS" start="2024-07-08T20:17:18.395692" elapsed="0.000573"/>
</kw>
<status status="PASS" start="2024-07-08T20:17:18.298823" elapsed="0.097735"/>
</kw>
<doc>Testa se os tipos de dados na resposta da API estão corretos.</doc>
<tag>testeTiposDados</tag>
<status status="PASS" start="2024-07-08T20:17:18.191926" elapsed="0.204803"/>
</test>
<test id="s1-s1-t5" name="Validar conteudo" line="35">
<kw name="Teste de Tipos de Conteudo" owner="random-user-service">
<kw name="GET On Session" owner="RequestsLibrary">
<msg time="2024-07-08T20:17:18.502813" level="INFO">GET Request : url=https://randomuser.me/api 
 path_url=/api 
 headers={'User-Agent': 'python-requests/2.32.3', 'Accept-Encoding': 'gzip, deflate', 'Accept': '*/*', 'Connection': 'keep-alive'} 
 body=None 
 </msg>
<msg time="2024-07-08T20:17:18.502912" level="INFO">GET Response : url=https://randomuser.me/api 
 status=200, reason=OK 
 headers={'Date': 'Mon, 08 Jul 2024 20:17:18 GMT', 'Content-Type': 'application/json; charset=utf-8', 'Transfer-Encoding': 'chunked', 'Connection': 'keep-alive', 'X-Powered-By': 'Express', 'Access-Control-Allow-Origin': '*', 'Cache-Control': 'no-cache', 'ETag': 'W/"47f-yIS6p6rbbU0x/5OLT+zTaJBa+UE"', 'Vary': 'Accept-Encoding', 'Content-Encoding': 'gzip', 'CF-Cache-Status': 'DYNAMIC', 'Report-To': '{"endpoints":[{"url":"https:\\/\\/a.nel.cloudflare.com\\/report\\/v4?s=6Jbb1EmF7sOHTfb0xRT91AvchtDfl1RshbEp5%2Bk0RvauxFFkb6qPWVMr0lGF1Wswa3l8p%2FWqIC7j%2F5gJlXo7vqs514BJUKTlBX3XlksyWst7RfUNe6mtsAm4hLuDOzum"}],"group":"cf-nel","max_age":604800}', 'NEL': '{"success_fraction":0,"report_to":"cf-nel","max_age":604800}', 'Server': 'cloudflare', 'CF-RAY': '8a02c1ca082d7eb4-LAX', 'alt-svc': 'h3=":443"; ma=86400'} 
 body={"results":[{"gender":"female","name":{"title":"Mrs","first":"Sara","last":"Blanc"},"location":{"street":{"number":3453,"name":"Avenue Debrousse"},"city":"Lille","state":"Finistère","country":"France","postcode":20433,"coordinates":{"latitude":"-20.6523","longitude":"157.3097"},"timezone":{"offset":"+5:45","description":"Kathmandu"}},"email":"sara.blanc@example.com","login":{"uuid":"e17c5064-114f-43e2-b364-01fd93daca43","username":"goldenbird173","password":"golf","salt":"er9m3jnn","md5":"35a3ed65e81c07374f68ac67fe23582f","sha1":"9f676dff2b1fc8a1b74ac4b4707090fa99ddc1e7","sha256":"ed0fafe33ed418e3ab88971eb93daf7750590713f3bf4f15a9b12459136a30b4"},"dob":{"date":"1998-10-11T02:56:44.354Z","age":25},"registered":{"date":"2018-11-11T03:22:17.691Z","age":5},"phone":"02-86-76-21-96","cell":"06-23-91-08-38","id":{"name":"INSEE","value":"2980931385068 53"},"picture":{"large":"https://randomuser.me/api/portraits/women/57.jpg","medium":"https://randomuser.me/api/portraits/med/women/57.jpg","thumbnail":"https://randomuser.me/api/portraits/thumb/women/57.jpg"},"nat":"FR"}],"info":{"seed":"d61a49828f92ca8e","results":1,"page":1,"version":"1.4"}} 
 </msg>
<msg time="2024-07-08T20:17:18.502985" level="INFO">/opt/hostedtoolcache/Python/3.12.4/x64/lib/python3.12/site-packages/urllib3/connectionpool.py:1099: InsecureRequestWarning: Unverified HTTPS request is being made to host 'randomuser.me'. Adding certificate verification is strongly advised. See: https://urllib3.readthedocs.io/en/latest/advanced-usage.html#tls-warnings
  warnings.warn(</msg>
<msg time="2024-07-08T20:17:18.503111" level="INFO">${response} = &lt;Response [200]&gt;</msg>
<var>${response}</var>
<arg>consultarAPI</arg>
<arg>/api</arg>
<doc>Sends a GET request on a previously created HTTP Session.</doc>
<status status="PASS" start="2024-07-08T20:17:18.399343" elapsed="0.103809"/>
</kw>
<kw name="Set Variable" owner="BuiltIn">
<msg time="2024-07-08T20:17:18.504376" level="INFO">${json_data} = {'results': [{'gender': 'female', 'name': {'title': 'Mrs', 'first': 'Sara', 'last': 'Blanc'}, 'location': {'street': {'number': 3453, 'name': 'Avenue Debrousse'}, 'city': 'Lille', 'state': 'Finistère'...</msg>
<var>${json_data}</var>
<arg>${response.json()}</arg>
<doc>Returns the given values which can then be assigned to a variables.</doc>
<status status="PASS" start="2024-07-08T20:17:18.503782" elapsed="0.000625"/>
</kw>
<kw name="Set Variable" owner="BuiltIn">
<msg time="2024-07-08T20:17:18.505129" level="INFO">${name_title} = Mrs</msg>
<var>${name_title}</var>
<arg>${json_data["results"][0]["name"]["title"]}</arg>
<doc>Returns the given values which can then be assigned to a variables.</doc>
<status status="PASS" start="2024-07-08T20:17:18.504737" elapsed="0.000418"/>
</kw>
<kw name="Create List" owner="BuiltIn">
<msg time="2024-07-08T20:17:18.505613" level="INFO">${allowed_titles} = ['Mr', 'Ms', 'Miss', 'Mrs', 'Madame', 'Monsieur']</msg>
<var>${allowed_titles}</var>
<arg>Mr</arg>
<arg>Ms</arg>
<arg>Miss</arg>
<arg>Mrs</arg>
<arg>Madame</arg>
<arg>Monsieur</arg>
<doc>Returns a list containing given items.</doc>
<status status="PASS" start="2024-07-08T20:17:18.505464" elapsed="0.000174"/>
</kw>
<kw name="List Should Contain Value" owner="Collections">
<arg>${allowed_titles}</arg>
<arg>${name_title}</arg>
<doc>Fails if the ``value`` is not found from ``list``.</doc>
<status status="PASS" start="2024-07-08T20:17:18.505999" elapsed="0.000181"/>
</kw>
<kw name="Set Variable" owner="BuiltIn">
<msg time="2024-07-08T20:17:18.506774" level="INFO">${name_country} = FR</msg>
<var>${name_country}</var>
<arg>${json_data["results"][0]["nat"]}</arg>
<doc>Returns the given values which can then be assigned to a variables.</doc>
<status status="PASS" start="2024-07-08T20:17:18.506357" elapsed="0.000452"/>
</kw>
<kw name="Create List" owner="BuiltIn">
<msg time="2024-07-08T20:17:18.507697" level="INFO">${list_country} = ['AD', 'AE', 'AF', 'AG', 'AI', 'AL', 'AM', 'AO', 'AQ', 'AR', 'AS', 'AT', 'AU', 'AW', 'AX', 'AZ', 'BA', 'BB', 'BD', 'BE', 'BF', 'BG', 'BH', 'BI', 'BJ', 'BL', 'BM', 'BN', 'BO', 'BQ', 'BR', 'BS', 'BT', '...</msg>
<var>${list_country}</var>
<arg>AD</arg>
<arg>AE</arg>
<arg>AF</arg>
<arg>AG</arg>
<arg>AI</arg>
<arg>AL</arg>
<arg>AM</arg>
<arg>AO</arg>
<arg>AQ</arg>
<arg>AR</arg>
<arg>AS</arg>
<arg>AT</arg>
<arg>AU</arg>
<arg>AW</arg>
<arg>AX</arg>
<arg>AZ</arg>
<arg>BA</arg>
<arg>BB</arg>
<arg>BD</arg>
<arg>BE</arg>
<arg>BF</arg>
<arg>BG</arg>
<arg>BH</arg>
<arg>BI</arg>
<arg>BJ</arg>
<arg>BL</arg>
<arg>BM</arg>
<arg>BN</arg>
<arg>BO</arg>
<arg>BQ</arg>
<arg>BR</arg>
<arg>BS</arg>
<arg>BT</arg>
<arg>BV</arg>
<arg>BW</arg>
<arg>BY</arg>
<arg>BZ</arg>
<arg>CA</arg>
<arg>CC</arg>
<arg>CD</arg>
<arg>CF</arg>
<arg>CG</arg>
<arg>CH</arg>
<arg>CI</arg>
<arg>CK</arg>
<arg>CL</arg>
<arg>CM</arg>
<arg>CN</arg>
<arg>CO</arg>
<arg>CR</arg>
<arg>CU</arg>
<arg>CV</arg>
<arg>CW</arg>
<arg>CX</arg>
<arg>CY</arg>
<arg>CZ</arg>
<arg>DE</arg>
<arg>DJ</arg>
<arg>DK</arg>
<arg>DM</arg>
<arg>DO</arg>
<arg>DZ</arg>
<arg>EC</arg>
<arg>EE</arg>
<arg>EG</arg>
<arg>EH</arg>
<arg>ER</arg>
<arg>ES</arg>
<arg>ET</arg>
<arg>FI</arg>
<arg>FJ</arg>
<arg>FK</arg>
<arg>FM</arg>
<arg>FO</arg>
<arg>FR</arg>
<arg>GA</arg>
<arg>GB</arg>
<arg>GD</arg>
<arg>GE</arg>
<arg>GF</arg>
<arg>GG</arg>
<arg>GH</arg>
<arg>GI</arg>
<arg>GL</arg>
<arg>GM</arg>
<arg>GN</arg>
<arg>GP</arg>
<arg>GQ</arg>
<arg>GR</arg>
<arg>GS</arg>
<arg>GT</arg>
<arg>GU</arg>
<arg>GW</arg>
<arg>GY</arg>
<arg>HK</arg>
<arg>HM</arg>
<arg>HN</arg>
<arg>HR</arg>
<arg>HT</arg>
<arg>HU</arg>
<arg>ID</arg>
<arg>IE</arg>
<arg>IL</arg>
<arg>IM</arg>
<arg>IN</arg>
<arg>IO</arg>
<arg>IQ</arg>
<arg>IR</arg>
<arg>IS</arg>
<arg>IT</arg>
<arg>JE</arg>
<arg>JM</arg>
<arg>JO</arg>
<arg>JP</arg>
<arg>KE</arg>
<arg>KG</arg>
<arg>KH</arg>
<arg>KI</arg>
<arg>KM</arg>
<arg>KN</arg>
<arg>KP</arg>
<arg>KR</arg>
<arg>KW</arg>
<arg>KY</arg>
<arg>KZ</arg>
<arg>LA</arg>
<arg>LB</arg>
<arg>LC</arg>
<arg>LI</arg>
<arg>LK</arg>
<arg>LR</arg>
<arg>LS</arg>
<arg>LT</arg>
<arg>LU</arg>
<arg>LV</arg>
<arg>LY</arg>
<arg>MA</arg>
<arg>MC</arg>
<arg>MD</arg>
<arg>ME</arg>
<arg>MF</arg>
<arg>MG</arg>
<arg>MH</arg>
<arg>MK</arg>
<arg>ML</arg>
<arg>MM</arg>
<arg>MN</arg>
<arg>MO</arg>
<arg>MP</arg>
<arg>MQ</arg>
<arg>MR</arg>
<arg>MS</arg>
<arg>MT</arg>
<arg>MU</arg>
<arg>MV</arg>
<arg>MW</arg>
<arg>MX</arg>
<arg>MY</arg>
<arg>MZ</arg>
<arg>NA</arg>
<arg>NC</arg>
<arg>NE</arg>
<arg>NF</arg>
<arg>NG</arg>
<arg>NI</arg>
<arg>NL</arg>
<arg>NO</arg>
<arg>NP</arg>
<arg>NR</arg>
<arg>NU</arg>
<arg>NZ</arg>
<arg>OM</arg>
<arg>PA</arg>
<arg>PE</arg>
<arg>PF</arg>
<arg>PG</arg>
<arg>PH</arg>
<arg>PK</arg>
<arg>PL</arg>
<arg>PM</arg>
<arg>PN</arg>
<arg>PR</arg>
<arg>PS</arg>
<arg>PT</arg>
<arg>PW</arg>
<arg>PY</arg>
<arg>QA</arg>
<arg>RE</arg>
<arg>RO</arg>
<arg>RS</arg>
<arg>RU</arg>
<arg>RW</arg>
<arg>SA</arg>
<arg>SB</arg>
<arg>SC</arg>
<arg>SD</arg>
<arg>SE</arg>
<arg>SG</arg>
<arg>SH</arg>
<arg>SI</arg>
<arg>SJ</arg>
<arg>SK</arg>
<arg>SL</arg>
<arg>SM</arg>
<arg>SN</arg>
<arg>SO</arg>
<arg>SR</arg>
<arg>SS</arg>
<arg>ST</arg>
<arg>SV</arg>
<arg>SX</arg>
<arg>SY</arg>
<arg>SZ</arg>
<arg>TC</arg>
<arg>TD</arg>
<arg>TF</arg>
<arg>TG</arg>
<arg>TH</arg>
<arg>TJ</arg>
<arg>TK</arg>
<arg>TL</arg>
<arg>TM</arg>
<arg>TN</arg>
<arg>TO</arg>
<arg>TR</arg>
<arg>TT</arg>
<arg>TV</arg>
<arg>TW</arg>
<arg>TZ</arg>
<arg>UA</arg>
<arg>UG</arg>
<arg>UM</arg>
<arg>US</arg>
<arg>UY</arg>
<arg>UZ</arg>
<arg>VA</arg>
<arg>VC</arg>
<arg>VE</arg>
<arg>VG</arg>
<arg>VI</arg>
<arg>VN</arg>
<arg>VU</arg>
<arg>WF</arg>
<arg>WS</arg>
<arg>XK</arg>
<arg>YE</arg>
<arg>YT</arg>
<arg>ZA</arg>
<arg>ZM</arg>
<arg>ZW</arg>
<doc>Returns a list containing given items.</doc>
<status status="PASS" start="2024-07-08T20:17:18.507108" elapsed="0.000614"/>
</kw>
<kw name="List Should Contain Value" owner="Collections">
<arg>${list_country}</arg>
<arg>${name_country}</arg>
<doc>Fails if the ``value`` is not found from ``list``.</doc>
<status status="PASS" start="2024-07-08T20:17:18.508513" elapsed="0.000203"/>
</kw>
<kw name="Run Keyword If" owner="BuiltIn">
<kw name="Should Be True" owner="BuiltIn">
<arg>${True}</arg>
<doc>Fails if the given condition is not true.</doc>
<status status="PASS" start="2024-07-08T20:17:18.509661" elapsed="0.000181"/>
</kw>
<arg>${json_data["results"][0]["location"]["coordinates"]["latitude"]} &gt;= -90 and ${json_data["results"][0]["location"]["coordinates"]["latitude"]} &lt;= 90</arg>
<arg>Should Be True</arg>
<arg>${True}</arg>
<doc>Runs the given keyword with the given arguments, if ``condition`` is true.</doc>
<status status="PASS" start="2024-07-08T20:17:18.508914" elapsed="0.001055"/>
</kw>
<kw name="Run Keyword If" owner="BuiltIn">
<kw name="Should Be True" owner="BuiltIn">
<arg>${True}</arg>
<doc>Fails if the given condition is not true.</doc>
<status status="PASS" start="2024-07-08T20:17:18.510854" elapsed="0.000247"/>
</kw>
<arg>${json_data["results"][0]["location"]["coordinates"]["longitude"]} &gt;= -180 and ${json_data["results"][0]["location"]["coordinates"]["longitude"]} &lt;= 180</arg>
<arg>Should Be True</arg>
<arg>${True}</arg>
<doc>Runs the given keyword with the given arguments, if ``condition`` is true.</doc>
<status status="PASS" start="2024-07-08T20:17:18.510150" elapsed="0.001081"/>
</kw>
<status status="PASS" start="2024-07-08T20:17:18.399112" elapsed="0.112254"/>
</kw>
<doc>Testa o conteúdo específico dos campos retornados pela API.</doc>
<tag>testeConteudo</tag>
<status status="PASS" start="2024-07-08T20:17:18.398540" elapsed="0.112977"/>
</test>
<status status="PASS" start="2024-07-08T20:17:17.110483" elapsed="1.403036"/>
</suite>
<status status="PASS" start="2024-07-08T20:17:17.095792" elapsed="1.422855"/>
</suite>
<statistics>
<total>
<stat pass="5" fail="0" skip="0">All Tests</stat>
</total>
<tag>
<stat pass="1" fail="0" skip="0">testeConteudo</stat>
<stat pass="1" fail="0" skip="0">testeEstruturaResposta</stat>
<stat pass="1" fail="0" skip="0">testeRequisicaoBasica</stat>
<stat pass="1" fail="0" skip="0">testeTiposDados</stat>
</tag>
<suite>
<stat pass="5" fail="0" skip="0" id="s1" name="Tests">Tests</stat>
<stat pass="5" fail="0" skip="0" id="s1-s1" name="Random-User-Test">Tests.Random-User-Test</stat>
</suite>
</statistics>
<errors>
</errors>
</robot>
