<?xml version="1.0" encoding="UTF-8"?>
<robot generator="Robot 7.0.1 (Python 3.12.4 on linux)" generated="2024-08-02T03:18:38.790227" rpa="false" schemaversion="5">
<suite id="s1" name="Tests" source="/home/runner/work/ApiRandomUser/ApiRandomUser/RamdonUser/tests">
<suite id="s1-s1" name="Random-User-Test" source="/home/runner/work/ApiRandomUser/ApiRandomUser/RamdonUser/tests/random-user-test.robot">
<test id="s1-s1-t1" name="Conectar" line="13">
<kw name="Conectar API" owner="random-user-service">
<kw name="Create Session" owner="RequestsLibrary">
<msg time="2024-08-02T03:18:39.197743" level="INFO">Creating Session using : alias=consultarAPI, url=https://randomuser.me/, headers={},                     cookies={}, auth=None, timeout=None, proxies=None, verify=False,                     debug=0 </msg>
<arg>consultarAPI</arg>
<arg>${URL}</arg>
<doc>Create Session: create a HTTP session to a server</doc>
<status status="PASS" start="2024-08-02T03:18:39.197541" elapsed="0.000373"/>
</kw>
<status status="PASS" start="2024-08-02T03:18:39.196494" elapsed="0.001781"/>
</kw>
<status status="PASS" start="2024-08-02T03:18:39.195891" elapsed="0.002582"/>
</test>
<test id="s1-s1-t2" name="Validar retorno 200 e JSON Válido" line="16">
<kw name="Teste de Requisicao Basica" owner="random-user-service">
<kw name="GET On Session" owner="RequestsLibrary">
<msg time="2024-08-02T03:18:39.413625" level="INFO">GET Request : url=https://randomuser.me/api 
 path_url=/api 
 headers={'User-Agent': 'python-requests/2.32.3', 'Accept-Encoding': 'gzip, deflate', 'Accept': '*/*', 'Connection': 'keep-alive'} 
 body=None 
 </msg>
<msg time="2024-08-02T03:18:39.413775" level="INFO">GET Response : url=https://randomuser.me/api 
 status=200, reason=OK 
 headers={'Date': 'Fri, 02 Aug 2024 03:18:39 GMT', 'Content-Type': 'application/json; charset=utf-8', 'Transfer-Encoding': 'chunked', 'Connection': 'keep-alive', 'X-Powered-By': 'Express', 'Access-Control-Allow-Origin': '*', 'Cache-Control': 'no-cache', 'ETag': 'W/"484-X9dk7VXnVxtLs0lub1IJBkvCUvc"', 'Vary': 'Accept-Encoding', 'Content-Encoding': 'gzip', 'CF-Cache-Status': 'DYNAMIC', 'Report-To': '{"endpoints":[{"url":"https:\\/\\/a.nel.cloudflare.com\\/report\\/v4?s=5rAKzUtuMAZsQwOa0jiZQf5siTimADOCzijrQO5n0fNGEiHnAzmonGrvUCCQQzdm1TC6Zx04jBgL5ufGA1xlIkXTGKerNPJSFlyhFCh72oyy4MqLleEpVW%2FifSZOzveP"}],"group":"cf-nel","max_age":604800}', 'NEL': '{"success_fraction":0,"report_to":"cf-nel","max_age":604800}', 'Server': 'cloudflare', 'CF-RAY': '8acaebffddd52bd0-ORD', 'alt-svc': 'h3=":443"; ma=86400'} 
 body={"results":[{"gender":"male","name":{"title":"Mr","first":"Steinar","last":"Hop"},"location":{"street":{"number":9069,"name":"Iver Olsens vei"},"city":"Eidsvik","state":"Trøndelag","country":"Norway","postcode":"0493","coordinates":{"latitude":"39.4934","longitude":"-118.1937"},"timezone":{"offset":"+9:00","description":"Tokyo, Seoul, Osaka, Sapporo, Yakutsk"}},"email":"steinar.hop@example.com","login":{"uuid":"d5de62e5-0fa6-452a-baa8-45d125658f2c","username":"redleopard378","password":"mystic","salt":"b8NxvkOS","md5":"16acdecbd99989f1a54e543d6f53f85a","sha1":"f7f525bc60be5dc043af71216a19e991f3c2395e","sha256":"33339892e6c112276eac5bdb7661311a4894f1bff22ccd9dbf98d348279fc0f0"},"dob":{"date":"1963-12-18T09:33:24.501Z","age":60},"registered":{"date":"2019-04-18T23:08:42.296Z","age":5},"phone":"23335917","cell":"48361830","id":{"name":"FN","value":"18126347134"},"picture":{"large":"https://randomuser.me/api/portraits/men/12.jpg","medium":"https://randomuser.me/api/portraits/med/men/12.jpg","thumbnail":"https://randomuser.me/api/portraits/thumb/men/12.jpg"},"nat":"NO"}],"info":{"seed":"f02212209267077a","results":1,"page":1,"version":"1.4"}} 
 </msg>
<msg time="2024-08-02T03:18:39.413869" level="INFO">/opt/hostedtoolcache/Python/3.12.4/x64/lib/python3.12/site-packages/urllib3/connectionpool.py:1099: InsecureRequestWarning: Unverified HTTPS request is being made to host 'randomuser.me'. Adding certificate verification is strongly advised. See: https://urllib3.readthedocs.io/en/latest/advanced-usage.html#tls-warnings
  warnings.warn(</msg>
<msg time="2024-08-02T03:18:39.414021" level="INFO">${response} = &lt;Response [200]&gt;</msg>
<var>${response}</var>
<arg>consultarAPI</arg>
<arg>/api</arg>
<doc>Sends a GET request on a previously created HTTP Session.</doc>
<status status="PASS" start="2024-08-02T03:18:39.201129" elapsed="0.212942"/>
</kw>
<kw name="Should Be Equal As Numbers" owner="BuiltIn">
<msg time="2024-08-02T03:18:39.415114" level="INFO">Argument types are:
&lt;class 'int'&gt;
&lt;class 'str'&gt;</msg>
<arg>${response.status_code}</arg>
<arg>200</arg>
<doc>Fails if objects are unequal after converting them to real numbers.</doc>
<status status="PASS" start="2024-08-02T03:18:39.414594" elapsed="0.000585"/>
</kw>
<kw name="Log" owner="BuiltIn">
<msg time="2024-08-02T03:18:39.415865" level="INFO">200</msg>
<arg>${response.status_code}</arg>
<doc>Logs the given message with the given level.</doc>
<status status="PASS" start="2024-08-02T03:18:39.415506" elapsed="0.000402"/>
</kw>
<kw name="Set Variable" owner="BuiltIn">
<msg time="2024-08-02T03:18:39.416655" level="INFO">${json_data} = {'results': [{'gender': 'male', 'name': {'title': 'Mr', 'first': 'Steinar', 'last': 'Hop'}, 'location': {'street': {'number': 9069, 'name': 'Iver Olsens vei'}, 'city': 'Eidsvik', 'state': 'Trøndelag',...</msg>
<var>${json_data}</var>
<arg>${response.json()}</arg>
<doc>Returns the given values which can then be assigned to a variables.</doc>
<status status="PASS" start="2024-08-02T03:18:39.416215" elapsed="0.000469"/>
</kw>
<kw name="Dictionary Should Contain Key" owner="Collections">
<arg>${json_data}</arg>
<arg>results</arg>
<doc>Fails if ``key`` is not found from ``dictionary``.</doc>
<status status="PASS" start="2024-08-02T03:18:39.417017" elapsed="0.000310"/>
</kw>
<status status="PASS" start="2024-08-02T03:18:39.200845" elapsed="0.216634"/>
</kw>
<doc>Testa se a API responde corretamente e retorna um objeto JSON válido.</doc>
<tag>testeRequisicaoBasica</tag>
<status status="PASS" start="2024-08-02T03:18:39.200309" elapsed="0.217333"/>
</test>
<test id="s1-s1-t3" name="Validar estrutura de resposta" line="22">
<kw name="Teste de Estrutura de Resposta" owner="random-user-service">
<kw name="GET On Session" owner="RequestsLibrary">
<msg time="2024-08-02T03:18:39.504309" level="INFO">GET Request : url=https://randomuser.me/api 
 path_url=/api 
 headers={'User-Agent': 'python-requests/2.32.3', 'Accept-Encoding': 'gzip, deflate', 'Accept': '*/*', 'Connection': 'keep-alive'} 
 body=None 
 </msg>
<msg time="2024-08-02T03:18:39.504375" level="INFO">GET Response : url=https://randomuser.me/api 
 status=200, reason=OK 
 headers={'Date': 'Fri, 02 Aug 2024 03:18:39 GMT', 'Content-Type': 'application/json; charset=utf-8', 'Transfer-Encoding': 'chunked', 'Connection': 'keep-alive', 'X-Powered-By': 'Express', 'Access-Control-Allow-Origin': '*', 'Cache-Control': 'no-cache', 'ETag': 'W/"478-8auimGqus9pNx0sKyziS9m0J5ew"', 'Vary': 'Accept-Encoding', 'Content-Encoding': 'gzip', 'CF-Cache-Status': 'DYNAMIC', 'Report-To': '{"endpoints":[{"url":"https:\\/\\/a.nel.cloudflare.com\\/report\\/v4?s=kuE2zw6MGev2OCdqAfFiNkljFuRDmpW12SaLfsLcExlJy2HzMhiPxUQem7yV2zdfUF%2F64Ub0%2BKxnCR97NvENxVEIC%2BWOyD5t9ZNV%2Bm5YLzcjTjVjoNMAcGhGSYnIHXYT"}],"group":"cf-nel","max_age":604800}', 'NEL': '{"success_fraction":0,"report_to":"cf-nel","max_age":604800}', 'Server': 'cloudflare', 'CF-RAY': '8acaec006e8c2bd0-ORD', 'alt-svc': 'h3=":443"; ma=86400'} 
 body={"results":[{"gender":"male","name":{"title":"Mr","first":"Andree","last":"Schöne"},"location":{"street":{"number":7430,"name":"Feldstraße"},"city":"Freinsheim","state":"Thüringen","country":"Germany","postcode":19996,"coordinates":{"latitude":"-48.7457","longitude":"-116.6949"},"timezone":{"offset":"+4:30","description":"Kabul"}},"email":"andree.schone@example.com","login":{"uuid":"0cab44f1-7dfb-4604-9c95-868306ac106f","username":"organicfrog550","password":"sheng","salt":"B10Qzbsf","md5":"67878a63b07b10e9659b99a38b2e128a","sha1":"9dd2cfba6648b02d866c4d6ff512258adf607067","sha256":"e2b038feeaad6f48db72b9b085fccd7f657e209ea82a7776659129140217a981"},"dob":{"date":"1966-05-14T18:45:25.500Z","age":58},"registered":{"date":"2013-07-02T09:42:40.868Z","age":11},"phone":"0046-7004906","cell":"0176-2757980","id":{"name":"SVNR","value":"21 140566 S 003"},"picture":{"large":"https://randomuser.me/api/portraits/men/24.jpg","medium":"https://randomuser.me/api/portraits/med/men/24.jpg","thumbnail":"https://randomuser.me/api/portraits/thumb/men/24.jpg"},"nat":"DE"}],"info":{"seed":"45befc118a5c2c74","results":1,"page":1,"version":"1.4"}} 
 </msg>
<msg time="2024-08-02T03:18:39.504472" level="INFO">/opt/hostedtoolcache/Python/3.12.4/x64/lib/python3.12/site-packages/urllib3/connectionpool.py:1099: InsecureRequestWarning: Unverified HTTPS request is being made to host 'randomuser.me'. Adding certificate verification is strongly advised. See: https://urllib3.readthedocs.io/en/latest/advanced-usage.html#tls-warnings
  warnings.warn(</msg>
<msg time="2024-08-02T03:18:39.504567" level="INFO">${response} = &lt;Response [200]&gt;</msg>
<var>${response}</var>
<arg>consultarAPI</arg>
<arg>/api</arg>
<doc>Sends a GET request on a previously created HTTP Session.</doc>
<status status="PASS" start="2024-08-02T03:18:39.420267" elapsed="0.084342"/>
</kw>
<kw name="Set Variable" owner="BuiltIn">
<msg time="2024-08-02T03:18:39.505675" level="INFO">${json_data} = {'results': [{'gender': 'male', 'name': {'title': 'Mr', 'first': 'Andree', 'last': 'Schöne'}, 'location': {'street': {'number': 7430, 'name': 'Feldstraße'}, 'city': 'Freinsheim', 'state': 'Thüringen',...</msg>
<var>${json_data}</var>
<arg>${response.json()}</arg>
<doc>Returns the given values which can then be assigned to a variables.</doc>
<status status="PASS" start="2024-08-02T03:18:39.505099" elapsed="0.000606"/>
</kw>
<kw name="Log" owner="BuiltIn">
<msg time="2024-08-02T03:18:39.506179" level="INFO">{'results': [{'gender': 'male', 'name': {'title': 'Mr', 'first': 'Andree', 'last': 'Schöne'}, 'location': {'street': {'number': 7430, 'name': 'Feldstraße'}, 'city': 'Freinsheim', 'state': 'Thüringen', 'country': 'Germany', 'postcode': 19996, 'coordinates': {'latitude': '-48.7457', 'longitude': '-116.6949'}, 'timezone': {'offset': '+4:30', 'description': 'Kabul'}}, 'email': 'andree.schone@example.com', 'login': {'uuid': '0cab44f1-7dfb-4604-9c95-868306ac106f', 'username': 'organicfrog550', 'password': 'sheng', 'salt': 'B10Qzbsf', 'md5': '67878a63b07b10e9659b99a38b2e128a', 'sha1': '9dd2cfba6648b02d866c4d6ff512258adf607067', 'sha256': 'e2b038feeaad6f48db72b9b085fccd7f657e209ea82a7776659129140217a981'}, 'dob': {'date': '1966-05-14T18:45:25.500Z', 'age': 58}, 'registered': {'date': '2013-07-02T09:42:40.868Z', 'age': 11}, 'phone': '0046-7004906', 'cell': '0176-2757980', 'id': {'name': 'SVNR', 'value': '21 140566 S 003'}, 'picture': {'large': 'https://randomuser.me/api/portraits/men/24.jpg', 'medium': 'https://randomuser.me/api/portraits/med/men/24.jpg', 'thumbnail': 'https://randomuser.me/api/portraits/thumb/men/24.jpg'}, 'nat': 'DE'}], 'info': {'seed': '45befc118a5c2c74', 'results': 1, 'page': 1, 'version': '1.4'}}</msg>
<arg>${json_data}</arg>
<doc>Logs the given message with the given level.</doc>
<status status="PASS" start="2024-08-02T03:18:39.506015" elapsed="0.000214"/>
</kw>
<kw name="Dictionary Should Contain Key" owner="Collections">
<arg>${json_data}</arg>
<arg>results</arg>
<doc>Fails if ``key`` is not found from ``dictionary``.</doc>
<status status="PASS" start="2024-08-02T03:18:39.506521" elapsed="0.000164"/>
</kw>
<kw name="Should Not Be Empty" owner="BuiltIn">
<msg time="2024-08-02T03:18:39.507008" level="INFO">Length is 2.</msg>
<arg>${json_data}</arg>
<doc>Verifies that the given item is not empty.</doc>
<status status="PASS" start="2024-08-02T03:18:39.506871" elapsed="0.000176"/>
</kw>
<kw name="Create List" owner="BuiltIn">
<msg time="2024-08-02T03:18:39.507496" level="INFO">${expected_keys} = ['gender', 'name', 'location', 'email', 'login']</msg>
<var>${expected_keys}</var>
<arg>gender</arg>
<arg>name</arg>
<arg>location</arg>
<arg>email</arg>
<arg>login</arg>
<doc>Returns a list containing given items.</doc>
<status status="PASS" start="2024-08-02T03:18:39.507345" elapsed="0.000176"/>
</kw>
<for flavor="IN">
<iter>
<kw name="Dictionary Should Contain Key" owner="Collections">
<arg>${json_data['results'][0]}</arg>
<arg>${key}</arg>
<doc>Fails if ``key`` is not found from ``dictionary``.</doc>
<status status="PASS" start="2024-08-02T03:18:39.508095" elapsed="0.000406"/>
</kw>
<kw name="Log" owner="BuiltIn">
<msg time="2024-08-02T03:18:39.509091" level="INFO">{'gender': 'male', 'name': {'title': 'Mr', 'first': 'Andree', 'last': 'Schöne'}, 'location': {'street': {'number': 7430, 'name': 'Feldstraße'}, 'city': 'Freinsheim', 'state': 'Thüringen', 'country': 'Germany', 'postcode': 19996, 'coordinates': {'latitude': '-48.7457', 'longitude': '-116.6949'}, 'timezone': {'offset': '+4:30', 'description': 'Kabul'}}, 'email': 'andree.schone@example.com', 'login': {'uuid': '0cab44f1-7dfb-4604-9c95-868306ac106f', 'username': 'organicfrog550', 'password': 'sheng', 'salt': 'B10Qzbsf', 'md5': '67878a63b07b10e9659b99a38b2e128a', 'sha1': '9dd2cfba6648b02d866c4d6ff512258adf607067', 'sha256': 'e2b038feeaad6f48db72b9b085fccd7f657e209ea82a7776659129140217a981'}, 'dob': {'date': '1966-05-14T18:45:25.500Z', 'age': 58}, 'registered': {'date': '2013-07-02T09:42:40.868Z', 'age': 11}, 'phone': '0046-7004906', 'cell': '0176-2757980', 'id': {'name': 'SVNR', 'value': '21 140566 S 003'}, 'picture': {'large': 'https://randomuser.me/api/portraits/men/24.jpg', 'medium': 'https://randomuser.me/api/portraits/med/men/24.jpg', 'thumbnail': 'https://randomuser.me/api/portraits/thumb/men/24.jpg'}, 'nat': 'DE'}</msg>
<arg>${json_data['results'][0]}</arg>
<doc>Logs the given message with the given level.</doc>
<status status="PASS" start="2024-08-02T03:18:39.508689" elapsed="0.000456"/>
</kw>
<kw name="Log" owner="BuiltIn">
<msg time="2024-08-02T03:18:39.509583" level="INFO">gender</msg>
<arg>${key}</arg>
<doc>Logs the given message with the given level.</doc>
<status status="PASS" start="2024-08-02T03:18:39.509452" elapsed="0.000169"/>
</kw>
<var name="${key}">gender</var>
<status status="PASS" start="2024-08-02T03:18:39.507968" elapsed="0.001873"/>
</iter>
<iter>
<kw name="Dictionary Should Contain Key" owner="Collections">
<arg>${json_data['results'][0]}</arg>
<arg>${key}</arg>
<doc>Fails if ``key`` is not found from ``dictionary``.</doc>
<status status="PASS" start="2024-08-02T03:18:39.510140" elapsed="0.000385"/>
</kw>
<kw name="Log" owner="BuiltIn">
<msg time="2024-08-02T03:18:39.511062" level="INFO">{'gender': 'male', 'name': {'title': 'Mr', 'first': 'Andree', 'last': 'Schöne'}, 'location': {'street': {'number': 7430, 'name': 'Feldstraße'}, 'city': 'Freinsheim', 'state': 'Thüringen', 'country': 'Germany', 'postcode': 19996, 'coordinates': {'latitude': '-48.7457', 'longitude': '-116.6949'}, 'timezone': {'offset': '+4:30', 'description': 'Kabul'}}, 'email': 'andree.schone@example.com', 'login': {'uuid': '0cab44f1-7dfb-4604-9c95-868306ac106f', 'username': 'organicfrog550', 'password': 'sheng', 'salt': 'B10Qzbsf', 'md5': '67878a63b07b10e9659b99a38b2e128a', 'sha1': '9dd2cfba6648b02d866c4d6ff512258adf607067', 'sha256': 'e2b038feeaad6f48db72b9b085fccd7f657e209ea82a7776659129140217a981'}, 'dob': {'date': '1966-05-14T18:45:25.500Z', 'age': 58}, 'registered': {'date': '2013-07-02T09:42:40.868Z', 'age': 11}, 'phone': '0046-7004906', 'cell': '0176-2757980', 'id': {'name': 'SVNR', 'value': '21 140566 S 003'}, 'picture': {'large': 'https://randomuser.me/api/portraits/men/24.jpg', 'medium': 'https://randomuser.me/api/portraits/med/men/24.jpg', 'thumbnail': 'https://randomuser.me/api/portraits/thumb/men/24.jpg'}, 'nat': 'DE'}</msg>
<arg>${json_data['results'][0]}</arg>
<doc>Logs the given message with the given level.</doc>
<status status="PASS" start="2024-08-02T03:18:39.510708" elapsed="0.000438"/>
</kw>
<kw name="Log" owner="BuiltIn">
<msg time="2024-08-02T03:18:39.511574" level="INFO">name</msg>
<arg>${key}</arg>
<doc>Logs the given message with the given level.</doc>
<status status="PASS" start="2024-08-02T03:18:39.511445" elapsed="0.000167"/>
</kw>
<var name="${key}">name</var>
<status status="PASS" start="2024-08-02T03:18:39.510028" elapsed="0.001799"/>
</iter>
<iter>
<kw name="Dictionary Should Contain Key" owner="Collections">
<arg>${json_data['results'][0]}</arg>
<arg>${key}</arg>
<doc>Fails if ``key`` is not found from ``dictionary``.</doc>
<status status="PASS" start="2024-08-02T03:18:39.512110" elapsed="0.000383"/>
</kw>
<kw name="Log" owner="BuiltIn">
<msg time="2024-08-02T03:18:39.513070" level="INFO">{'gender': 'male', 'name': {'title': 'Mr', 'first': 'Andree', 'last': 'Schöne'}, 'location': {'street': {'number': 7430, 'name': 'Feldstraße'}, 'city': 'Freinsheim', 'state': 'Thüringen', 'country': 'Germany', 'postcode': 19996, 'coordinates': {'latitude': '-48.7457', 'longitude': '-116.6949'}, 'timezone': {'offset': '+4:30', 'description': 'Kabul'}}, 'email': 'andree.schone@example.com', 'login': {'uuid': '0cab44f1-7dfb-4604-9c95-868306ac106f', 'username': 'organicfrog550', 'password': 'sheng', 'salt': 'B10Qzbsf', 'md5': '67878a63b07b10e9659b99a38b2e128a', 'sha1': '9dd2cfba6648b02d866c4d6ff512258adf607067', 'sha256': 'e2b038feeaad6f48db72b9b085fccd7f657e209ea82a7776659129140217a981'}, 'dob': {'date': '1966-05-14T18:45:25.500Z', 'age': 58}, 'registered': {'date': '2013-07-02T09:42:40.868Z', 'age': 11}, 'phone': '0046-7004906', 'cell': '0176-2757980', 'id': {'name': 'SVNR', 'value': '21 140566 S 003'}, 'picture': {'large': 'https://randomuser.me/api/portraits/men/24.jpg', 'medium': 'https://randomuser.me/api/portraits/med/men/24.jpg', 'thumbnail': 'https://randomuser.me/api/portraits/thumb/men/24.jpg'}, 'nat': 'DE'}</msg>
<arg>${json_data['results'][0]}</arg>
<doc>Logs the given message with the given level.</doc>
<status status="PASS" start="2024-08-02T03:18:39.512680" elapsed="0.000443"/>
</kw>
<kw name="Log" owner="BuiltIn">
<msg time="2024-08-02T03:18:39.513554" level="INFO">location</msg>
<arg>${key}</arg>
<doc>Logs the given message with the given level.</doc>
<status status="PASS" start="2024-08-02T03:18:39.513425" elapsed="0.000167"/>
</kw>
<var name="${key}">location</var>
<status status="PASS" start="2024-08-02T03:18:39.512003" elapsed="0.001808"/>
</iter>
<iter>
<kw name="Dictionary Should Contain Key" owner="Collections">
<arg>${json_data['results'][0]}</arg>
<arg>${key}</arg>
<doc>Fails if ``key`` is not found from ``dictionary``.</doc>
<status status="PASS" start="2024-08-02T03:18:39.514092" elapsed="0.000377"/>
</kw>
<kw name="Log" owner="BuiltIn">
<msg time="2024-08-02T03:18:39.515129" level="INFO">{'gender': 'male', 'name': {'title': 'Mr', 'first': 'Andree', 'last': 'Schöne'}, 'location': {'street': {'number': 7430, 'name': 'Feldstraße'}, 'city': 'Freinsheim', 'state': 'Thüringen', 'country': 'Germany', 'postcode': 19996, 'coordinates': {'latitude': '-48.7457', 'longitude': '-116.6949'}, 'timezone': {'offset': '+4:30', 'description': 'Kabul'}}, 'email': 'andree.schone@example.com', 'login': {'uuid': '0cab44f1-7dfb-4604-9c95-868306ac106f', 'username': 'organicfrog550', 'password': 'sheng', 'salt': 'B10Qzbsf', 'md5': '67878a63b07b10e9659b99a38b2e128a', 'sha1': '9dd2cfba6648b02d866c4d6ff512258adf607067', 'sha256': 'e2b038feeaad6f48db72b9b085fccd7f657e209ea82a7776659129140217a981'}, 'dob': {'date': '1966-05-14T18:45:25.500Z', 'age': 58}, 'registered': {'date': '2013-07-02T09:42:40.868Z', 'age': 11}, 'phone': '0046-7004906', 'cell': '0176-2757980', 'id': {'name': 'SVNR', 'value': '21 140566 S 003'}, 'picture': {'large': 'https://randomuser.me/api/portraits/men/24.jpg', 'medium': 'https://randomuser.me/api/portraits/med/men/24.jpg', 'thumbnail': 'https://randomuser.me/api/portraits/thumb/men/24.jpg'}, 'nat': 'DE'}</msg>
<arg>${json_data['results'][0]}</arg>
<doc>Logs the given message with the given level.</doc>
<status status="PASS" start="2024-08-02T03:18:39.514774" elapsed="0.000405"/>
</kw>
<kw name="Log" owner="BuiltIn">
<msg time="2024-08-02T03:18:39.515607" level="INFO">email</msg>
<arg>${key}</arg>
<doc>Logs the given message with the given level.</doc>
<status status="PASS" start="2024-08-02T03:18:39.515477" elapsed="0.000170"/>
</kw>
<var name="${key}">email</var>
<status status="PASS" start="2024-08-02T03:18:39.513985" elapsed="0.001879"/>
</iter>
<iter>
<kw name="Dictionary Should Contain Key" owner="Collections">
<arg>${json_data['results'][0]}</arg>
<arg>${key}</arg>
<doc>Fails if ``key`` is not found from ``dictionary``.</doc>
<status status="PASS" start="2024-08-02T03:18:39.516145" elapsed="0.000372"/>
</kw>
<kw name="Log" owner="BuiltIn">
<msg time="2024-08-02T03:18:39.517107" level="INFO">{'gender': 'male', 'name': {'title': 'Mr', 'first': 'Andree', 'last': 'Schöne'}, 'location': {'street': {'number': 7430, 'name': 'Feldstraße'}, 'city': 'Freinsheim', 'state': 'Thüringen', 'country': 'Germany', 'postcode': 19996, 'coordinates': {'latitude': '-48.7457', 'longitude': '-116.6949'}, 'timezone': {'offset': '+4:30', 'description': 'Kabul'}}, 'email': 'andree.schone@example.com', 'login': {'uuid': '0cab44f1-7dfb-4604-9c95-868306ac106f', 'username': 'organicfrog550', 'password': 'sheng', 'salt': 'B10Qzbsf', 'md5': '67878a63b07b10e9659b99a38b2e128a', 'sha1': '9dd2cfba6648b02d866c4d6ff512258adf607067', 'sha256': 'e2b038feeaad6f48db72b9b085fccd7f657e209ea82a7776659129140217a981'}, 'dob': {'date': '1966-05-14T18:45:25.500Z', 'age': 58}, 'registered': {'date': '2013-07-02T09:42:40.868Z', 'age': 11}, 'phone': '0046-7004906', 'cell': '0176-2757980', 'id': {'name': 'SVNR', 'value': '21 140566 S 003'}, 'picture': {'large': 'https://randomuser.me/api/portraits/men/24.jpg', 'medium': 'https://randomuser.me/api/portraits/med/men/24.jpg', 'thumbnail': 'https://randomuser.me/api/portraits/thumb/men/24.jpg'}, 'nat': 'DE'}</msg>
<arg>${json_data['results'][0]}</arg>
<doc>Logs the given message with the given level.</doc>
<status status="PASS" start="2024-08-02T03:18:39.516700" elapsed="0.000457"/>
</kw>
<kw name="Log" owner="BuiltIn">
<msg time="2024-08-02T03:18:39.517581" level="INFO">login</msg>
<arg>${key}</arg>
<doc>Logs the given message with the given level.</doc>
<status status="PASS" start="2024-08-02T03:18:39.517453" elapsed="0.000166"/>
</kw>
<var name="${key}">login</var>
<status status="PASS" start="2024-08-02T03:18:39.516037" elapsed="0.001796"/>
</iter>
<var>${key}</var>
<value>@{expected_keys}</value>
<status status="PASS" start="2024-08-02T03:18:39.507784" elapsed="0.010170"/>
</for>
<kw name="Create List" owner="BuiltIn">
<msg time="2024-08-02T03:18:39.518285" level="INFO">${expected_keysTwo} = ['username', 'password']</msg>
<var>${expected_keysTwo}</var>
<arg>username</arg>
<arg>password</arg>
<doc>Returns a list containing given items.</doc>
<status status="PASS" start="2024-08-02T03:18:39.518141" elapsed="0.000168"/>
</kw>
<for flavor="IN">
<iter>
<kw name="Dictionary Should Contain Key" owner="Collections">
<arg>${json_data['results'][0]['login']}</arg>
<arg>${keyTwo}</arg>
<doc>Fails if ``key`` is not found from ``dictionary``.</doc>
<status status="PASS" start="2024-08-02T03:18:39.518833" elapsed="0.000386"/>
</kw>
<kw name="Dictionary Should Contain Key" owner="Collections">
<arg>${json_data['results'][0]['login']}</arg>
<arg>${keyTwo}</arg>
<doc>Fails if ``key`` is not found from ``dictionary``.</doc>
<status status="PASS" start="2024-08-02T03:18:39.519402" elapsed="0.000371"/>
</kw>
<kw name="Log" owner="BuiltIn">
<msg time="2024-08-02T03:18:39.520073" level="INFO">username</msg>
<arg>${keyTwo}</arg>
<doc>Logs the given message with the given level.</doc>
<status status="PASS" start="2024-08-02T03:18:39.519951" elapsed="0.000160"/>
</kw>
<var name="${keyTwo}">username</var>
<status status="PASS" start="2024-08-02T03:18:39.518725" elapsed="0.001604"/>
</iter>
<iter>
<kw name="Dictionary Should Contain Key" owner="Collections">
<arg>${json_data['results'][0]['login']}</arg>
<arg>${keyTwo}</arg>
<doc>Fails if ``key`` is not found from ``dictionary``.</doc>
<status status="PASS" start="2024-08-02T03:18:39.520611" elapsed="0.000422"/>
</kw>
<kw name="Dictionary Should Contain Key" owner="Collections">
<arg>${json_data['results'][0]['login']}</arg>
<arg>${keyTwo}</arg>
<doc>Fails if ``key`` is not found from ``dictionary``.</doc>
<status status="PASS" start="2024-08-02T03:18:39.521224" elapsed="0.000381"/>
</kw>
<kw name="Log" owner="BuiltIn">
<msg time="2024-08-02T03:18:39.521909" level="INFO">password</msg>
<arg>${keyTwo}</arg>
<doc>Logs the given message with the given level.</doc>
<status status="PASS" start="2024-08-02T03:18:39.521782" elapsed="0.000165"/>
</kw>
<var name="${keyTwo}">password</var>
<status status="PASS" start="2024-08-02T03:18:39.520501" elapsed="0.001670"/>
</iter>
<var>${keyTwo}</var>
<value>@{expected_keysTwo}</value>
<status status="PASS" start="2024-08-02T03:18:39.518571" elapsed="0.003723"/>
</for>
<status status="PASS" start="2024-08-02T03:18:39.420033" elapsed="0.102400"/>
</kw>
<doc>Testa a estrutura da resposta da API.</doc>
<tag>testeEstruturaResposta</tag>
<status status="PASS" start="2024-08-02T03:18:39.419463" elapsed="0.103121"/>
</test>
<test id="s1-s1-t4" name="Validar tipos de dados" line="28">
<kw name="Teste de Tipos de Dados" owner="random-user-service">
<kw name="GET On Session" owner="RequestsLibrary">
<msg time="2024-08-02T03:18:39.597407" level="INFO">GET Request : url=https://randomuser.me/api 
 path_url=/api 
 headers={'User-Agent': 'python-requests/2.32.3', 'Accept-Encoding': 'gzip, deflate', 'Accept': '*/*', 'Connection': 'keep-alive'} 
 body=None 
 </msg>
<msg time="2024-08-02T03:18:39.597470" level="INFO">GET Response : url=https://randomuser.me/api 
 status=200, reason=OK 
 headers={'Date': 'Fri, 02 Aug 2024 03:18:39 GMT', 'Content-Type': 'application/json; charset=utf-8', 'Transfer-Encoding': 'chunked', 'Connection': 'keep-alive', 'X-Powered-By': 'Express', 'Access-Control-Allow-Origin': '*', 'Cache-Control': 'no-cache', 'ETag': 'W/"47b-OuKBYyA1qtUdvibduSuhc3NbRfc"', 'Vary': 'Accept-Encoding', 'Content-Encoding': 'gzip', 'CF-Cache-Status': 'DYNAMIC', 'Report-To': '{"endpoints":[{"url":"https:\\/\\/a.nel.cloudflare.com\\/report\\/v4?s=ld7yU%2FfIjV7wSZjrFBkoYSpgmy6%2ByENzc6PkVoV405Xhm2pOLLmyi21Zc5Fc70v%2F8D26ubme3ZRUXj%2FVT%2FWHcuJoAQvR7Hh7NlJWIv3E69JZ97sikKe1JIXMJvrXFI38"}],"group":"cf-nel","max_age":604800}', 'NEL': '{"success_fraction":0,"report_to":"cf-nel","max_age":604800}', 'Server': 'cloudflare', 'CF-RAY': '8acaec010f632bd0-ORD', 'alt-svc': 'h3=":443"; ma=86400'} 
 body={"results":[{"gender":"male","name":{"title":"Mr","first":"Shane","last":"Woods"},"location":{"street":{"number":4915,"name":"The Green"},"city":"Cork","state":"Tipperary","country":"Ireland","postcode":30447,"coordinates":{"latitude":"2.1884","longitude":"-106.0369"},"timezone":{"offset":"-7:00","description":"Mountain Time (US &amp; Canada)"}},"email":"shane.woods@example.com","login":{"uuid":"df37e4d3-fe2c-4cdc-95a3-e423aae0645c","username":"purpleelephant914","password":"froggie","salt":"93iVW2Yv","md5":"ef2bacdd0fb46228d7fa03285aa94eab","sha1":"75b20852f45ff835e7c8b1d02c203edfdb3cc33b","sha256":"4a5578c0fd00d932ad7e622fd6b41d611444141e75a83c161f2f60c468c84f85"},"dob":{"date":"1959-07-24T04:02:27.385Z","age":65},"registered":{"date":"2005-01-29T13:45:58.246Z","age":19},"phone":"051-680-4237","cell":"081-152-3541","id":{"name":"PPS","value":"2514566T"},"picture":{"large":"https://randomuser.me/api/portraits/men/23.jpg","medium":"https://randomuser.me/api/portraits/med/men/23.jpg","thumbnail":"https://randomuser.me/api/portraits/thumb/men/23.jpg"},"nat":"IE"}],"info":{"seed":"26216e73aafdc72f","results":1,"page":1,"version":"1.4"}} 
 </msg>
<msg time="2024-08-02T03:18:39.597528" level="INFO">/opt/hostedtoolcache/Python/3.12.4/x64/lib/python3.12/site-packages/urllib3/connectionpool.py:1099: InsecureRequestWarning: Unverified HTTPS request is being made to host 'randomuser.me'. Adding certificate verification is strongly advised. See: https://urllib3.readthedocs.io/en/latest/advanced-usage.html#tls-warnings
  warnings.warn(</msg>
<msg time="2024-08-02T03:18:39.597617" level="INFO">${response} = &lt;Response [200]&gt;</msg>
<var>${response}</var>
<arg>consultarAPI</arg>
<arg>/api</arg>
<doc>Sends a GET request on a previously created HTTP Session.</doc>
<status status="PASS" start="2024-08-02T03:18:39.525094" elapsed="0.072569"/>
</kw>
<kw name="Set Variable" owner="BuiltIn">
<msg time="2024-08-02T03:18:39.598662" level="INFO">${json_data} = {'results': [{'gender': 'male', 'name': {'title': 'Mr', 'first': 'Shane', 'last': 'Woods'}, 'location': {'street': {'number': 4915, 'name': 'The Green'}, 'city': 'Cork', 'state': 'Tipperary', 'country...</msg>
<var>${json_data}</var>
<arg>${response.json()}</arg>
<doc>Returns the given values which can then be assigned to a variables.</doc>
<status status="PASS" start="2024-08-02T03:18:39.598111" elapsed="0.000580"/>
</kw>
<kw name="Log" owner="BuiltIn">
<msg time="2024-08-02T03:18:39.599150" level="INFO">{'results': [{'gender': 'male', 'name': {'title': 'Mr', 'first': 'Shane', 'last': 'Woods'}, 'location': {'street': {'number': 4915, 'name': 'The Green'}, 'city': 'Cork', 'state': 'Tipperary', 'country': 'Ireland', 'postcode': 30447, 'coordinates': {'latitude': '2.1884', 'longitude': '-106.0369'}, 'timezone': {'offset': '-7:00', 'description': 'Mountain Time (US &amp; Canada)'}}, 'email': 'shane.woods@example.com', 'login': {'uuid': 'df37e4d3-fe2c-4cdc-95a3-e423aae0645c', 'username': 'purpleelephant914', 'password': 'froggie', 'salt': '93iVW2Yv', 'md5': 'ef2bacdd0fb46228d7fa03285aa94eab', 'sha1': '75b20852f45ff835e7c8b1d02c203edfdb3cc33b', 'sha256': '4a5578c0fd00d932ad7e622fd6b41d611444141e75a83c161f2f60c468c84f85'}, 'dob': {'date': '1959-07-24T04:02:27.385Z', 'age': 65}, 'registered': {'date': '2005-01-29T13:45:58.246Z', 'age': 19}, 'phone': '051-680-4237', 'cell': '081-152-3541', 'id': {'name': 'PPS', 'value': '2514566T'}, 'picture': {'large': 'https://randomuser.me/api/portraits/men/23.jpg', 'medium': 'https://randomuser.me/api/portraits/med/men/23.jpg', 'thumbnail': 'https://randomuser.me/api/portraits/thumb/men/23.jpg'}, 'nat': 'IE'}], 'info': {'seed': '26216e73aafdc72f', 'results': 1, 'page': 1, 'version': '1.4'}}</msg>
<arg>${json_data}</arg>
<doc>Logs the given message with the given level.</doc>
<status status="PASS" start="2024-08-02T03:18:39.598999" elapsed="0.000199"/>
</kw>
<kw name="Should Be String" owner="String">
<arg>${json_data['results'][0]['gender']}</arg>
<doc>Fails if the given ``item`` is not a string.</doc>
<status status="PASS" start="2024-08-02T03:18:39.599487" elapsed="0.000366"/>
</kw>
<kw name="Should Match Regexp" owner="BuiltIn">
<arg>${json_data['results'][0]['email']}</arg>
<arg>^[a-zA-Z0-9._%+-]+@[a-zA-Z0-9.-]+\.[a-zA-Z]{2,}$</arg>
<doc>Fails if ``string`` does not match ``pattern`` as a regular expression.</doc>
<status status="PASS" start="2024-08-02T03:18:39.600041" elapsed="0.000509"/>
</kw>
<kw name="Should Match Regexp" owner="BuiltIn">
<arg>${json_data['results'][0]['dob']['date']}</arg>
<arg>\\d{4}-\\d{2}-\\d{2}T\\d{2}:\\d{2}:\\d{2}\\.\\d{3}Z</arg>
<doc>Fails if ``string`` does not match ``pattern`` as a regular expression.</doc>
<status status="PASS" start="2024-08-02T03:18:39.600775" elapsed="0.000645"/>
</kw>
<kw name="Should Match Regexp" owner="BuiltIn">
<arg>${json_data['results'][0]['registered']['date']}</arg>
<arg>\\d{4}-\\d{2}-\\d{2}T\\d{2}:\\d{2}:\\d{2}\\.\\d{3}Z</arg>
<doc>Fails if ``string`` does not match ``pattern`` as a regular expression.</doc>
<status status="PASS" start="2024-08-02T03:18:39.601615" elapsed="0.000374"/>
</kw>
<kw name="Should Match Regexp" owner="BuiltIn">
<arg>${json_data['results'][0]['picture']['large']}</arg>
<arg>^https?://.*\.(?:png|jpe?g|gif|bmp)$</arg>
<doc>Fails if ``string`` does not match ``pattern`` as a regular expression.</doc>
<status status="PASS" start="2024-08-02T03:18:39.602177" elapsed="0.000458"/>
</kw>
<kw name="Should Match Regexp" owner="BuiltIn">
<arg>${json_data['results'][0]['picture']['medium']}</arg>
<arg>^https?://.*\.(?:png|jpe?g|gif|bmp)$</arg>
<doc>Fails if ``string`` does not match ``pattern`` as a regular expression.</doc>
<status status="PASS" start="2024-08-02T03:18:39.602823" elapsed="0.000354"/>
</kw>
<kw name="Should Match Regexp" owner="BuiltIn">
<arg>${json_data['results'][0]['picture']['thumbnail']}</arg>
<arg>^https?://.*\.(?:png|jpe?g|gif|bmp)$</arg>
<doc>Fails if ``string`` does not match ``pattern`` as a regular expression.</doc>
<status status="PASS" start="2024-08-02T03:18:39.603361" elapsed="0.000352"/>
</kw>
<kw name="Log" owner="BuiltIn">
<msg time="2024-08-02T03:18:39.604209" level="INFO">{'large': 'https://randomuser.me/api/portraits/men/23.jpg', 'medium': 'https://randomuser.me/api/portraits/med/men/23.jpg', 'thumbnail': 'https://randomuser.me/api/portraits/thumb/men/23.jpg'}</msg>
<arg>${json_data['results'][0]['picture']}</arg>
<doc>Logs the given message with the given level.</doc>
<status status="PASS" start="2024-08-02T03:18:39.603891" elapsed="0.000375"/>
</kw>
<status status="PASS" start="2024-08-02T03:18:39.524828" elapsed="0.079701"/>
</kw>
<kw name="Teste de Tipos de Dados - Postcode" owner="random-user-service">
<kw name="GET On Session" owner="RequestsLibrary">
<msg time="2024-08-02T03:18:39.698747" level="INFO">GET Request : url=https://randomuser.me/api 
 path_url=/api 
 headers={'User-Agent': 'python-requests/2.32.3', 'Accept-Encoding': 'gzip, deflate', 'Accept': '*/*', 'Connection': 'keep-alive'} 
 body=None 
 </msg>
<msg time="2024-08-02T03:18:39.698833" level="INFO">GET Response : url=https://randomuser.me/api 
 status=200, reason=OK 
 headers={'Date': 'Fri, 02 Aug 2024 03:18:39 GMT', 'Content-Type': 'application/json; charset=utf-8', 'Transfer-Encoding': 'chunked', 'Connection': 'keep-alive', 'X-Powered-By': 'Express', 'Access-Control-Allow-Origin': '*', 'Cache-Control': 'no-cache', 'ETag': 'W/"479-syKkdX36avZjM6WrbLaVCzwOGfI"', 'Vary': 'Accept-Encoding', 'Content-Encoding': 'gzip', 'CF-Cache-Status': 'DYNAMIC', 'Report-To': '{"endpoints":[{"url":"https:\\/\\/a.nel.cloudflare.com\\/report\\/v4?s=uuVTCSwEbQ4MqdjmDvzoZXti62hcnHqZBAKgfsnpQZ1wfHqv7Hm7QIq9lywGnlW9XaPEbUvMyelTpsrzy8gc431yLUYIpYKxz8qF78hXvpwLQ3xknNAIAJApWNxPEZhu"}],"group":"cf-nel","max_age":604800}', 'NEL': '{"success_fraction":0,"report_to":"cf-nel","max_age":604800}', 'Server': 'cloudflare', 'CF-RAY': '8acaec018ffa2bd0-ORD', 'alt-svc': 'h3=":443"; ma=86400'} 
 body={"results":[{"gender":"male","name":{"title":"Mr","first":"Daniel","last":"Cortes"},"location":{"street":{"number":2273,"name":"Avenida de Andalucía"},"city":"Lorca","state":"Cantabria","country":"Spain","postcode":51430,"coordinates":{"latitude":"-31.9290","longitude":"-137.0101"},"timezone":{"offset":"+4:30","description":"Kabul"}},"email":"daniel.cortes@example.com","login":{"uuid":"42a30737-7b56-421d-9c01-2826bdc9823c","username":"beautifulbutterfly217","password":"secret","salt":"CRwxkd2K","md5":"94682fe7a96b1b4281d3ac572abf6615","sha1":"72201cfda40048fbd7b075c7d360821b1e5277f9","sha256":"e626197fb8376220803dff27753960d9c60f3bf7df927915317ddbfdd1675635"},"dob":{"date":"1975-01-17T10:47:31.845Z","age":49},"registered":{"date":"2005-07-30T19:59:09.389Z","age":19},"phone":"978-755-128","cell":"682-182-245","id":{"name":"DNI","value":"89870371-M"},"picture":{"large":"https://randomuser.me/api/portraits/men/37.jpg","medium":"https://randomuser.me/api/portraits/med/men/37.jpg","thumbnail":"https://randomuser.me/api/portraits/thumb/men/37.jpg"},"nat":"ES"}],"info":{"seed":"e2fbeb5b0cf95dfe","results":1,"page":1,"version":"1.4"}} 
 </msg>
<msg time="2024-08-02T03:18:39.698908" level="INFO">/opt/hostedtoolcache/Python/3.12.4/x64/lib/python3.12/site-packages/urllib3/connectionpool.py:1099: InsecureRequestWarning: Unverified HTTPS request is being made to host 'randomuser.me'. Adding certificate verification is strongly advised. See: https://urllib3.readthedocs.io/en/latest/advanced-usage.html#tls-warnings
  warnings.warn(</msg>
<msg time="2024-08-02T03:18:39.699027" level="INFO">${response} = &lt;Response [200]&gt;</msg>
<var>${response}</var>
<arg>consultarAPI</arg>
<arg>/api</arg>
<doc>Sends a GET request on a previously created HTTP Session.</doc>
<status status="PASS" start="2024-08-02T03:18:39.604993" elapsed="0.094087"/>
</kw>
<kw name="Set Variable" owner="BuiltIn">
<msg time="2024-08-02T03:18:39.700228" level="INFO">${json_data} = {'results': [{'gender': 'male', 'name': {'title': 'Mr', 'first': 'Daniel', 'last': 'Cortes'}, 'location': {'street': {'number': 2273, 'name': 'Avenida de Andalucía'}, 'city': 'Lorca', 'state': 'Cantab...</msg>
<var>${json_data}</var>
<arg>${response.json()}</arg>
<doc>Returns the given values which can then be assigned to a variables.</doc>
<status status="PASS" start="2024-08-02T03:18:39.699653" elapsed="0.000604"/>
</kw>
<kw name="Log" owner="BuiltIn">
<msg time="2024-08-02T03:18:39.700721" level="INFO">{'results': [{'gender': 'male', 'name': {'title': 'Mr', 'first': 'Daniel', 'last': 'Cortes'}, 'location': {'street': {'number': 2273, 'name': 'Avenida de Andalucía'}, 'city': 'Lorca', 'state': 'Cantabria', 'country': 'Spain', 'postcode': 51430, 'coordinates': {'latitude': '-31.9290', 'longitude': '-137.0101'}, 'timezone': {'offset': '+4:30', 'description': 'Kabul'}}, 'email': 'daniel.cortes@example.com', 'login': {'uuid': '42a30737-7b56-421d-9c01-2826bdc9823c', 'username': 'beautifulbutterfly217', 'password': 'secret', 'salt': 'CRwxkd2K', 'md5': '94682fe7a96b1b4281d3ac572abf6615', 'sha1': '72201cfda40048fbd7b075c7d360821b1e5277f9', 'sha256': 'e626197fb8376220803dff27753960d9c60f3bf7df927915317ddbfdd1675635'}, 'dob': {'date': '1975-01-17T10:47:31.845Z', 'age': 49}, 'registered': {'date': '2005-07-30T19:59:09.389Z', 'age': 19}, 'phone': '978-755-128', 'cell': '682-182-245', 'id': {'name': 'DNI', 'value': '89870371-M'}, 'picture': {'large': 'https://randomuser.me/api/portraits/men/37.jpg', 'medium': 'https://randomuser.me/api/portraits/med/men/37.jpg', 'thumbnail': 'https://randomuser.me/api/portraits/thumb/men/37.jpg'}, 'nat': 'ES'}], 'info': {'seed': 'e2fbeb5b0cf95dfe', 'results': 1, 'page': 1, 'version': '1.4'}}</msg>
<arg>${json_data}</arg>
<doc>Logs the given message with the given level.</doc>
<status status="PASS" start="2024-08-02T03:18:39.700566" elapsed="0.000204"/>
</kw>
<kw name="Should Be Equal As Numbers" owner="BuiltIn">
<arg>${json_data['results'][0]['location']['postcode']}</arg>
<arg>${json_data['results'][0]['location']['postcode']}</arg>
<doc>Fails if objects are unequal after converting them to real numbers.</doc>
<status status="PASS" start="2024-08-02T03:18:39.701106" elapsed="0.000632"/>
</kw>
<kw name="Log" owner="BuiltIn">
<msg time="2024-08-02T03:18:39.702275" level="INFO">51430</msg>
<arg>${json_data['results'][0]['location']['postcode']}</arg>
<doc>Logs the given message with the given level.</doc>
<status status="PASS" start="2024-08-02T03:18:39.701933" elapsed="0.000384"/>
</kw>
<status status="PASS" start="2024-08-02T03:18:39.604738" elapsed="0.097833"/>
</kw>
<doc>Testa se os tipos de dados na resposta da API estão corretos.</doc>
<tag>testeTiposDados</tag>
<status status="PASS" start="2024-08-02T03:18:39.524288" elapsed="0.178476"/>
</test>
<test id="s1-s1-t5" name="Validar conteudo" line="35">
<kw name="Teste de Tipos de Conteudo" owner="random-user-service">
<kw name="GET On Session" owner="RequestsLibrary">
<msg time="2024-08-02T03:18:39.804365" level="INFO">GET Request : url=https://randomuser.me/api 
 path_url=/api 
 headers={'User-Agent': 'python-requests/2.32.3', 'Accept-Encoding': 'gzip, deflate', 'Accept': '*/*', 'Connection': 'keep-alive'} 
 body=None 
 </msg>
<msg time="2024-08-02T03:18:39.804452" level="INFO">GET Response : url=https://randomuser.me/api 
 status=200, reason=OK 
 headers={'Date': 'Fri, 02 Aug 2024 03:18:39 GMT', 'Content-Type': 'application/json; charset=utf-8', 'Transfer-Encoding': 'chunked', 'Connection': 'keep-alive', 'X-Powered-By': 'Express', 'Access-Control-Allow-Origin': '*', 'Cache-Control': 'no-cache', 'ETag': 'W/"487-G4VZkpgsLJsr9nM5xcqw1xEzLfY"', 'Vary': 'Accept-Encoding', 'Content-Encoding': 'gzip', 'CF-Cache-Status': 'DYNAMIC', 'Report-To': '{"endpoints":[{"url":"https:\\/\\/a.nel.cloudflare.com\\/report\\/v4?s=uDCLjyIlWpFh%2BitBSxb0rJjlMWSRlG%2Bt1mWuoWkC6z1V9y06F1v3rubbKS7EhFSQUY0Wn2FjUX1od1lr31LW2FVKxcza%2FD9TzTks%2Br7flX8UxrCNyLQazp9psw23sYrI"}],"group":"cf-nel","max_age":604800}', 'NEL': '{"success_fraction":0,"report_to":"cf-nel","max_age":604800}', 'Server': 'cloudflare', 'CF-RAY': '8acaec0228c82bd0-ORD', 'alt-svc': 'h3=":443"; ma=86400'} 
 body={"results":[{"gender":"male","name":{"title":"Mr","first":"Ceyhun","last":"Bolatlı"},"location":{"street":{"number":4466,"name":"Mevlana Cd"},"city":"Iğdır","state":"Eskişehir","country":"Turkey","postcode":31542,"coordinates":{"latitude":"68.5123","longitude":"-43.4847"},"timezone":{"offset":"+8:00","description":"Beijing, Perth, Singapore, Hong Kong"}},"email":"ceyhun.bolatli@example.com","login":{"uuid":"23d7ef53-d6ff-4507-a749-0c343e44cd6e","username":"crazymeercat130","password":"iiiiii","salt":"Zy90udEx","md5":"4453c338f90d572eb9132bb987a879d1","sha1":"28ba7e98860e694841d379b66519450083391dd0","sha256":"2266f17e8e4617ad8715a0897fa00bb98ad00c04748a6ced89e5fd26cb533d92"},"dob":{"date":"1989-09-19T10:53:24.555Z","age":34},"registered":{"date":"2006-07-29T11:43:14.508Z","age":18},"phone":"(182)-278-4861","cell":"(280)-563-2656","id":{"name":"","value":null},"picture":{"large":"https://randomuser.me/api/portraits/men/28.jpg","medium":"https://randomuser.me/api/portraits/med/men/28.jpg","thumbnail":"https://randomuser.me/api/portraits/thumb/men/28.jpg"},"nat":"TR"}],"info":{"seed":"ac4300662510ae92","results":1,"page":1,"version":"1.4"}} 
 </msg>
<msg time="2024-08-02T03:18:39.804532" level="INFO">/opt/hostedtoolcache/Python/3.12.4/x64/lib/python3.12/site-packages/urllib3/connectionpool.py:1099: InsecureRequestWarning: Unverified HTTPS request is being made to host 'randomuser.me'. Adding certificate verification is strongly advised. See: https://urllib3.readthedocs.io/en/latest/advanced-usage.html#tls-warnings
  warnings.warn(</msg>
<msg time="2024-08-02T03:18:39.804654" level="INFO">${response} = &lt;Response [200]&gt;</msg>
<var>${response}</var>
<arg>consultarAPI</arg>
<arg>/api</arg>
<doc>Sends a GET request on a previously created HTTP Session.</doc>
<status status="PASS" start="2024-08-02T03:18:39.705238" elapsed="0.099470"/>
</kw>
<kw name="Set Variable" owner="BuiltIn">
<msg time="2024-08-02T03:18:39.805799" level="INFO">${json_data} = {'results': [{'gender': 'male', 'name': {'title': 'Mr', 'first': 'Ceyhun', 'last': 'Bolatlı'}, 'location': {'street': {'number': 4466, 'name': 'Mevlana Cd'}, 'city': 'Iğdır', 'state': 'Eskişehir', 'co...</msg>
<var>${json_data}</var>
<arg>${response.json()}</arg>
<doc>Returns the given values which can then be assigned to a variables.</doc>
<status status="PASS" start="2024-08-02T03:18:39.805220" elapsed="0.000609"/>
</kw>
<kw name="Set Variable" owner="BuiltIn">
<msg time="2024-08-02T03:18:39.806524" level="INFO">${name_title} = Mr</msg>
<var>${name_title}</var>
<arg>${json_data["results"][0]["name"]["title"]}</arg>
<doc>Returns the given values which can then be assigned to a variables.</doc>
<status status="PASS" start="2024-08-02T03:18:39.806144" elapsed="0.000405"/>
</kw>
<kw name="Create List" owner="BuiltIn">
<msg time="2024-08-02T03:18:39.807000" level="INFO">${allowed_titles} = ['Mr', 'Ms', 'Miss', 'Mrs', 'Madame', 'Monsieur']</msg>
<var>${allowed_titles}</var>
<arg>Mr</arg>
<arg>Ms</arg>
<arg>Miss</arg>
<arg>Mrs</arg>
<arg>Madame</arg>
<arg>Monsieur</arg>
<doc>Returns a list containing given items.</doc>
<status status="PASS" start="2024-08-02T03:18:39.806849" elapsed="0.000175"/>
</kw>
<kw name="List Should Contain Value" owner="Collections">
<arg>${allowed_titles}</arg>
<arg>${name_title}</arg>
<doc>Fails if the ``value`` is not found from ``list``.</doc>
<status status="PASS" start="2024-08-02T03:18:39.807315" elapsed="0.000179"/>
</kw>
<kw name="Set Variable" owner="BuiltIn">
<msg time="2024-08-02T03:18:39.808049" level="INFO">${name_country} = TR</msg>
<var>${name_country}</var>
<arg>${json_data["results"][0]["nat"]}</arg>
<doc>Returns the given values which can then be assigned to a variables.</doc>
<status status="PASS" start="2024-08-02T03:18:39.807676" elapsed="0.000399"/>
</kw>
<kw name="Create List" owner="BuiltIn">
<msg time="2024-08-02T03:18:39.808988" level="INFO">${list_country} = ['AD', 'AE', 'AF', 'AG', 'AI', 'AL', 'AM', 'AO', 'AQ', 'AR', 'AS', 'AT', 'AU', 'AW', 'AX', 'AZ', 'BA', 'BB', 'BD', 'BE', 'BF', 'BG', 'BH', 'BI', 'BJ', 'BL', 'BM', 'BN', 'BO', 'BQ', 'BR', 'BS', 'BT', '...</msg>
<var>${list_country}</var>
<arg>AD</arg>
<arg>AE</arg>
<arg>AF</arg>
<arg>AG</arg>
<arg>AI</arg>
<arg>AL</arg>
<arg>AM</arg>
<arg>AO</arg>
<arg>AQ</arg>
<arg>AR</arg>
<arg>AS</arg>
<arg>AT</arg>
<arg>AU</arg>
<arg>AW</arg>
<arg>AX</arg>
<arg>AZ</arg>
<arg>BA</arg>
<arg>BB</arg>
<arg>BD</arg>
<arg>BE</arg>
<arg>BF</arg>
<arg>BG</arg>
<arg>BH</arg>
<arg>BI</arg>
<arg>BJ</arg>
<arg>BL</arg>
<arg>BM</arg>
<arg>BN</arg>
<arg>BO</arg>
<arg>BQ</arg>
<arg>BR</arg>
<arg>BS</arg>
<arg>BT</arg>
<arg>BV</arg>
<arg>BW</arg>
<arg>BY</arg>
<arg>BZ</arg>
<arg>CA</arg>
<arg>CC</arg>
<arg>CD</arg>
<arg>CF</arg>
<arg>CG</arg>
<arg>CH</arg>
<arg>CI</arg>
<arg>CK</arg>
<arg>CL</arg>
<arg>CM</arg>
<arg>CN</arg>
<arg>CO</arg>
<arg>CR</arg>
<arg>CU</arg>
<arg>CV</arg>
<arg>CW</arg>
<arg>CX</arg>
<arg>CY</arg>
<arg>CZ</arg>
<arg>DE</arg>
<arg>DJ</arg>
<arg>DK</arg>
<arg>DM</arg>
<arg>DO</arg>
<arg>DZ</arg>
<arg>EC</arg>
<arg>EE</arg>
<arg>EG</arg>
<arg>EH</arg>
<arg>ER</arg>
<arg>ES</arg>
<arg>ET</arg>
<arg>FI</arg>
<arg>FJ</arg>
<arg>FK</arg>
<arg>FM</arg>
<arg>FO</arg>
<arg>FR</arg>
<arg>GA</arg>
<arg>GB</arg>
<arg>GD</arg>
<arg>GE</arg>
<arg>GF</arg>
<arg>GG</arg>
<arg>GH</arg>
<arg>GI</arg>
<arg>GL</arg>
<arg>GM</arg>
<arg>GN</arg>
<arg>GP</arg>
<arg>GQ</arg>
<arg>GR</arg>
<arg>GS</arg>
<arg>GT</arg>
<arg>GU</arg>
<arg>GW</arg>
<arg>GY</arg>
<arg>HK</arg>
<arg>HM</arg>
<arg>HN</arg>
<arg>HR</arg>
<arg>HT</arg>
<arg>HU</arg>
<arg>ID</arg>
<arg>IE</arg>
<arg>IL</arg>
<arg>IM</arg>
<arg>IN</arg>
<arg>IO</arg>
<arg>IQ</arg>
<arg>IR</arg>
<arg>IS</arg>
<arg>IT</arg>
<arg>JE</arg>
<arg>JM</arg>
<arg>JO</arg>
<arg>JP</arg>
<arg>KE</arg>
<arg>KG</arg>
<arg>KH</arg>
<arg>KI</arg>
<arg>KM</arg>
<arg>KN</arg>
<arg>KP</arg>
<arg>KR</arg>
<arg>KW</arg>
<arg>KY</arg>
<arg>KZ</arg>
<arg>LA</arg>
<arg>LB</arg>
<arg>LC</arg>
<arg>LI</arg>
<arg>LK</arg>
<arg>LR</arg>
<arg>LS</arg>
<arg>LT</arg>
<arg>LU</arg>
<arg>LV</arg>
<arg>LY</arg>
<arg>MA</arg>
<arg>MC</arg>
<arg>MD</arg>
<arg>ME</arg>
<arg>MF</arg>
<arg>MG</arg>
<arg>MH</arg>
<arg>MK</arg>
<arg>ML</arg>
<arg>MM</arg>
<arg>MN</arg>
<arg>MO</arg>
<arg>MP</arg>
<arg>MQ</arg>
<arg>MR</arg>
<arg>MS</arg>
<arg>MT</arg>
<arg>MU</arg>
<arg>MV</arg>
<arg>MW</arg>
<arg>MX</arg>
<arg>MY</arg>
<arg>MZ</arg>
<arg>NA</arg>
<arg>NC</arg>
<arg>NE</arg>
<arg>NF</arg>
<arg>NG</arg>
<arg>NI</arg>
<arg>NL</arg>
<arg>NO</arg>
<arg>NP</arg>
<arg>NR</arg>
<arg>NU</arg>
<arg>NZ</arg>
<arg>OM</arg>
<arg>PA</arg>
<arg>PE</arg>
<arg>PF</arg>
<arg>PG</arg>
<arg>PH</arg>
<arg>PK</arg>
<arg>PL</arg>
<arg>PM</arg>
<arg>PN</arg>
<arg>PR</arg>
<arg>PS</arg>
<arg>PT</arg>
<arg>PW</arg>
<arg>PY</arg>
<arg>QA</arg>
<arg>RE</arg>
<arg>RO</arg>
<arg>RS</arg>
<arg>RU</arg>
<arg>RW</arg>
<arg>SA</arg>
<arg>SB</arg>
<arg>SC</arg>
<arg>SD</arg>
<arg>SE</arg>
<arg>SG</arg>
<arg>SH</arg>
<arg>SI</arg>
<arg>SJ</arg>
<arg>SK</arg>
<arg>SL</arg>
<arg>SM</arg>
<arg>SN</arg>
<arg>SO</arg>
<arg>SR</arg>
<arg>SS</arg>
<arg>ST</arg>
<arg>SV</arg>
<arg>SX</arg>
<arg>SY</arg>
<arg>SZ</arg>
<arg>TC</arg>
<arg>TD</arg>
<arg>TF</arg>
<arg>TG</arg>
<arg>TH</arg>
<arg>TJ</arg>
<arg>TK</arg>
<arg>TL</arg>
<arg>TM</arg>
<arg>TN</arg>
<arg>TO</arg>
<arg>TR</arg>
<arg>TT</arg>
<arg>TV</arg>
<arg>TW</arg>
<arg>TZ</arg>
<arg>UA</arg>
<arg>UG</arg>
<arg>UM</arg>
<arg>US</arg>
<arg>UY</arg>
<arg>UZ</arg>
<arg>VA</arg>
<arg>VC</arg>
<arg>VE</arg>
<arg>VG</arg>
<arg>VI</arg>
<arg>VN</arg>
<arg>VU</arg>
<arg>WF</arg>
<arg>WS</arg>
<arg>XK</arg>
<arg>YE</arg>
<arg>YT</arg>
<arg>ZA</arg>
<arg>ZM</arg>
<arg>ZW</arg>
<doc>Returns a list containing given items.</doc>
<status status="PASS" start="2024-08-02T03:18:39.808362" elapsed="0.000660"/>
</kw>
<kw name="List Should Contain Value" owner="Collections">
<arg>${list_country}</arg>
<arg>${name_country}</arg>
<doc>Fails if the ``value`` is not found from ``list``.</doc>
<status status="PASS" start="2024-08-02T03:18:39.809962" elapsed="0.000212"/>
</kw>
<kw name="Run Keyword If" owner="BuiltIn">
<kw name="Should Be True" owner="BuiltIn">
<arg>${True}</arg>
<doc>Fails if the given condition is not true.</doc>
<status status="PASS" start="2024-08-02T03:18:39.811109" elapsed="0.000143"/>
</kw>
<arg>${json_data["results"][0]["location"]["coordinates"]["latitude"]} &gt;= -90 and ${json_data["results"][0]["location"]["coordinates"]["latitude"]} &lt;= 90</arg>
<arg>Should Be True</arg>
<arg>${True}</arg>
<doc>Runs the given keyword with the given arguments, if ``condition`` is true.</doc>
<status status="PASS" start="2024-08-02T03:18:39.810369" elapsed="0.001008"/>
</kw>
<kw name="Run Keyword If" owner="BuiltIn">
<kw name="Should Be True" owner="BuiltIn">
<arg>${True}</arg>
<doc>Fails if the given condition is not true.</doc>
<status status="PASS" start="2024-08-02T03:18:39.812260" elapsed="0.000137"/>
</kw>
<arg>${json_data["results"][0]["location"]["coordinates"]["longitude"]} &gt;= -180 and ${json_data["results"][0]["location"]["coordinates"]["longitude"]} &lt;= 180</arg>
<arg>Should Be True</arg>
<arg>${True}</arg>
<doc>Runs the given keyword with the given arguments, if ``condition`` is true.</doc>
<status status="PASS" start="2024-08-02T03:18:39.811561" elapsed="0.000959"/>
</kw>
<status status="PASS" start="2024-08-02T03:18:39.705017" elapsed="0.107629"/>
</kw>
<doc>Testa o conteúdo específico dos campos retornados pela API.</doc>
<tag>testeConteudo</tag>
<status status="PASS" start="2024-08-02T03:18:39.704490" elapsed="0.108298"/>
</test>
<status status="PASS" start="2024-08-02T03:18:38.848143" elapsed="0.966572"/>
</suite>
<status status="PASS" start="2024-08-02T03:18:38.833980" elapsed="0.985820"/>
</suite>
<statistics>
<total>
<stat pass="5" fail="0" skip="0">All Tests</stat>
</total>
<tag>
<stat pass="1" fail="0" skip="0">testeConteudo</stat>
<stat pass="1" fail="0" skip="0">testeEstruturaResposta</stat>
<stat pass="1" fail="0" skip="0">testeRequisicaoBasica</stat>
<stat pass="1" fail="0" skip="0">testeTiposDados</stat>
</tag>
<suite>
<stat pass="5" fail="0" skip="0" id="s1" name="Tests">Tests</stat>
<stat pass="5" fail="0" skip="0" id="s1-s1" name="Random-User-Test">Tests.Random-User-Test</stat>
</suite>
</statistics>
<errors>
</errors>
</robot>
