<?xml version="1.0" encoding="UTF-8"?>
<robot generator="Robot 7.0.1 (Python 3.12.4 on linux)" generated="2024-07-06T10:14:38.649246" rpa="false" schemaversion="5">
<suite id="s1" name="Tests" source="/home/runner/work/ApiRandomUser/ApiRandomUser/RamdonUser/tests">
<suite id="s1-s1" name="Random-User-Test" source="/home/runner/work/ApiRandomUser/ApiRandomUser/RamdonUser/tests/random-user-test.robot">
<test id="s1-s1-t1" name="Conectar" line="13">
<kw name="Conectar API" owner="random-user-service">
<kw name="Create Session" owner="RequestsLibrary">
<msg time="2024-07-06T10:14:39.070924" level="INFO">Creating Session using : alias=consultarAPI, url=https://randomuser.me/, headers={},                     cookies={}, auth=None, timeout=None, proxies=None, verify=False,                     debug=0 </msg>
<arg>consultarAPI</arg>
<arg>${URL}</arg>
<doc>Create Session: create a HTTP session to a server</doc>
<status status="PASS" start="2024-07-06T10:14:39.070718" elapsed="0.000392"/>
</kw>
<status status="PASS" start="2024-07-06T10:14:39.069694" elapsed="0.001774"/>
</kw>
<status status="PASS" start="2024-07-06T10:14:39.069135" elapsed="0.002521"/>
</test>
<test id="s1-s1-t2" name="Validar retorno 200 e JSON Válido" line="16">
<kw name="Teste de Requisicao Basica" owner="random-user-service">
<kw name="GET On Session" owner="RequestsLibrary">
<msg time="2024-07-06T10:14:39.201824" level="INFO">GET Request : url=https://randomuser.me/api 
 path_url=/api 
 headers={'User-Agent': 'python-requests/2.32.3', 'Accept-Encoding': 'gzip, deflate', 'Accept': '*/*', 'Connection': 'keep-alive'} 
 body=None 
 </msg>
<msg time="2024-07-06T10:14:39.201981" level="INFO">GET Response : url=https://randomuser.me/api 
 status=200, reason=OK 
 headers={'Date': 'Sat, 06 Jul 2024 10:14:39 GMT', 'Content-Type': 'application/json; charset=utf-8', 'Transfer-Encoding': 'chunked', 'Connection': 'keep-alive', 'X-Powered-By': 'Express', 'Access-Control-Allow-Origin': '*', 'Cache-Control': 'no-cache', 'ETag': 'W/"497-2KuWYdLwxvfZudhKUFEDZgX5mPk"', 'Vary': 'Accept-Encoding', 'Content-Encoding': 'gzip', 'CF-Cache-Status': 'DYNAMIC', 'Report-To': '{"endpoints":[{"url":"https:\\/\\/a.nel.cloudflare.com\\/report\\/v4?s=N%2FHyswDgzGJSybYQ7R8CBner3eQCGBo%2BGSn9ye3PVRI4omSzQ1krXeDO5cF3YxqKxemnSpmXhAmTVV9Tfz9PnG7mWSO9tTnJOirJlxn2IsmQy8NaJ85HPfr2PTQKVTSG"}],"group":"cf-nel","max_age":604800}', 'NEL': '{"success_fraction":0,"report_to":"cf-nel","max_age":604800}', 'Server': 'cloudflare', 'CF-RAY': '89eed43eaab08716-ORD', 'alt-svc': 'h3=":443"; ma=86400'} 
 body={"results":[{"gender":"male","name":{"title":"Mr","first":"Harvey","last":"Johnston"},"location":{"street":{"number":9712,"name":"Blossom Hill Rd"},"city":"Mckinney","state":"Ohio","country":"United States","postcode":63255,"coordinates":{"latitude":"81.7067","longitude":"-35.8566"},"timezone":{"offset":"+9:00","description":"Tokyo, Seoul, Osaka, Sapporo, Yakutsk"}},"email":"harvey.johnston@example.com","login":{"uuid":"67ef08b9-2024-4eb3-af1b-b6c6d7ca39c6","username":"bigpanda774","password":"vvvvvv","salt":"jajq6Qly","md5":"f6cc2f34eaa24d6aa017364ab31efa1d","sha1":"85d15adc24089667a0abc8a1d53075bb41c0ecdc","sha256":"95cd4742a96a6f38acc6ad4145b9e164e34b333f19225e6203c7a091c7a81765"},"dob":{"date":"1967-05-16T00:14:54.191Z","age":57},"registered":{"date":"2018-05-12T23:58:03.904Z","age":6},"phone":"(848) 715-7495","cell":"(475) 946-3554","id":{"name":"SSN","value":"880-22-2005"},"picture":{"large":"https://randomuser.me/api/portraits/men/38.jpg","medium":"https://randomuser.me/api/portraits/med/men/38.jpg","thumbnail":"https://randomuser.me/api/portraits/thumb/men/38.jpg"},"nat":"US"}],"info":{"seed":"76d5b90a776bb41a","results":1,"page":1,"version":"1.4"}} 
 </msg>
<msg time="2024-07-06T10:14:39.202084" level="INFO">/opt/hostedtoolcache/Python/3.12.4/x64/lib/python3.12/site-packages/urllib3/connectionpool.py:1099: InsecureRequestWarning: Unverified HTTPS request is being made to host 'randomuser.me'. Adding certificate verification is strongly advised. See: https://urllib3.readthedocs.io/en/latest/advanced-usage.html#tls-warnings
  warnings.warn(</msg>
<msg time="2024-07-06T10:14:39.202254" level="INFO">${response} = &lt;Response [200]&gt;</msg>
<var>${response}</var>
<arg>consultarAPI</arg>
<arg>/api</arg>
<doc>Sends a GET request on a previously created HTTP Session.</doc>
<status status="PASS" start="2024-07-06T10:14:39.074294" elapsed="0.128004"/>
</kw>
<kw name="Should Be Equal As Numbers" owner="BuiltIn">
<msg time="2024-07-06T10:14:39.203530" level="INFO">Argument types are:
&lt;class 'int'&gt;
&lt;class 'str'&gt;</msg>
<arg>${response.status_code}</arg>
<arg>200</arg>
<doc>Fails if objects are unequal after converting them to real numbers.</doc>
<status status="PASS" start="2024-07-06T10:14:39.202963" elapsed="0.000635"/>
</kw>
<kw name="Log" owner="BuiltIn">
<msg time="2024-07-06T10:14:39.204278" level="INFO">200</msg>
<arg>${response.status_code}</arg>
<doc>Logs the given message with the given level.</doc>
<status status="PASS" start="2024-07-06T10:14:39.203924" elapsed="0.000398"/>
</kw>
<kw name="Set Variable" owner="BuiltIn">
<msg time="2024-07-06T10:14:39.205061" level="INFO">${json_data} = {'results': [{'gender': 'male', 'name': {'title': 'Mr', 'first': 'Harvey', 'last': 'Johnston'}, 'location': {'street': {'number': 9712, 'name': 'Blossom Hill Rd'}, 'city': 'Mckinney', 'state': 'Ohio',...</msg>
<var>${json_data}</var>
<arg>${response.json()}</arg>
<doc>Returns the given values which can then be assigned to a variables.</doc>
<status status="PASS" start="2024-07-06T10:14:39.204628" elapsed="0.000462"/>
</kw>
<kw name="Dictionary Should Contain Key" owner="Collections">
<arg>${json_data}</arg>
<arg>results</arg>
<doc>Fails if ``key`` is not found from ``dictionary``.</doc>
<status status="PASS" start="2024-07-06T10:14:39.205388" elapsed="0.000164"/>
</kw>
<status status="PASS" start="2024-07-06T10:14:39.074024" elapsed="0.131687"/>
</kw>
<doc>Testa se a API responde corretamente e retorna um objeto JSON válido.</doc>
<tag>testeRequisicaoBasica</tag>
<status status="PASS" start="2024-07-06T10:14:39.073507" elapsed="0.132376"/>
</test>
<test id="s1-s1-t3" name="Validar estrutura de resposta" line="22">
<kw name="Teste de Estrutura de Resposta" owner="random-user-service">
<kw name="GET On Session" owner="RequestsLibrary">
<msg time="2024-07-06T10:14:39.304690" level="INFO">GET Request : url=https://randomuser.me/api 
 path_url=/api 
 headers={'User-Agent': 'python-requests/2.32.3', 'Accept-Encoding': 'gzip, deflate', 'Accept': '*/*', 'Connection': 'keep-alive'} 
 body=None 
 </msg>
<msg time="2024-07-06T10:14:39.304798" level="INFO">GET Response : url=https://randomuser.me/api 
 status=200, reason=OK 
 headers={'Date': 'Sat, 06 Jul 2024 10:14:39 GMT', 'Content-Type': 'application/json; charset=utf-8', 'Transfer-Encoding': 'chunked', 'Connection': 'keep-alive', 'X-Powered-By': 'Express', 'Access-Control-Allow-Origin': '*', 'Cache-Control': 'no-cache', 'ETag': 'W/"4aa-ykrTHvxAEb7Cnl4ttYqqwFYipmk"', 'Vary': 'Accept-Encoding', 'Content-Encoding': 'gzip', 'CF-Cache-Status': 'DYNAMIC', 'Report-To': '{"endpoints":[{"url":"https:\\/\\/a.nel.cloudflare.com\\/report\\/v4?s=AMEwd4v1mY1XZMx8nKA6lrpupeD50M%2FxMjoHUaCnDNvWa0sCrcWDaefeZk2OUj92CU2PbUi%2BhCe1EsuVOuA3p4EoJ%2F7ZJA6AcJ5c41YpqdOTFhbeCOqYyMIpDjV18sdf"}],"group":"cf-nel","max_age":604800}', 'NEL': '{"success_fraction":0,"report_to":"cf-nel","max_age":604800}', 'Server': 'cloudflare', 'CF-RAY': '89eed43f0af38716-ORD', 'alt-svc': 'h3=":443"; ma=86400'} 
 body={"results":[{"gender":"male","name":{"title":"Mr","first":"Alfonso","last":"Fernández"},"location":{"street":{"number":6069,"name":"Avenida de La Albufera"},"city":"Alcobendas","state":"Castilla y León","country":"Spain","postcode":19150,"coordinates":{"latitude":"-35.3006","longitude":"-22.2196"},"timezone":{"offset":"-6:00","description":"Central Time (US &amp; Canada), Mexico City"}},"email":"alfonso.fernandez@example.com","login":{"uuid":"14392051-7844-450c-af26-dcec049abe7a","username":"blackgorilla886","password":"weed420","salt":"DGsqtbX3","md5":"f0ee84a29f237a4b77a1a9adc47c1f67","sha1":"826ad9e9c7e9bb3c734a2320b0f470ab8098eeca","sha256":"5692e83de2565cf1cecf890266e371ac3ac631e0011ef6a0a00f98bef01abcd2"},"dob":{"date":"1989-11-14T13:44:30.248Z","age":34},"registered":{"date":"2020-01-19T16:54:56.527Z","age":4},"phone":"903-667-946","cell":"641-021-133","id":{"name":"DNI","value":"48039502-E"},"picture":{"large":"https://randomuser.me/api/portraits/men/78.jpg","medium":"https://randomuser.me/api/portraits/med/men/78.jpg","thumbnail":"https://randomuser.me/api/portraits/thumb/men/78.jpg"},"nat":"ES"}],"info":{"seed":"7b063f25df17cd69","results":1,"page":1,"version":"1.4"}} 
 </msg>
<msg time="2024-07-06T10:14:39.304954" level="INFO">/opt/hostedtoolcache/Python/3.12.4/x64/lib/python3.12/site-packages/urllib3/connectionpool.py:1099: InsecureRequestWarning: Unverified HTTPS request is being made to host 'randomuser.me'. Adding certificate verification is strongly advised. See: https://urllib3.readthedocs.io/en/latest/advanced-usage.html#tls-warnings
  warnings.warn(</msg>
<msg time="2024-07-06T10:14:39.305089" level="INFO">${response} = &lt;Response [200]&gt;</msg>
<var>${response}</var>
<arg>consultarAPI</arg>
<arg>/api</arg>
<doc>Sends a GET request on a previously created HTTP Session.</doc>
<status status="PASS" start="2024-07-06T10:14:39.208943" elapsed="0.096192"/>
</kw>
<kw name="Set Variable" owner="BuiltIn">
<msg time="2024-07-06T10:14:39.306165" level="INFO">${json_data} = {'results': [{'gender': 'male', 'name': {'title': 'Mr', 'first': 'Alfonso', 'last': 'Fernández'}, 'location': {'street': {'number': 6069, 'name': 'Avenida de La Albufera'}, 'city': 'Alcobendas', 'stat...</msg>
<var>${json_data}</var>
<arg>${response.json()}</arg>
<doc>Returns the given values which can then be assigned to a variables.</doc>
<status status="PASS" start="2024-07-06T10:14:39.305654" elapsed="0.000542"/>
</kw>
<kw name="Log" owner="BuiltIn">
<msg time="2024-07-06T10:14:39.306736" level="INFO">{'results': [{'gender': 'male', 'name': {'title': 'Mr', 'first': 'Alfonso', 'last': 'Fernández'}, 'location': {'street': {'number': 6069, 'name': 'Avenida de La Albufera'}, 'city': 'Alcobendas', 'state': 'Castilla y León', 'country': 'Spain', 'postcode': 19150, 'coordinates': {'latitude': '-35.3006', 'longitude': '-22.2196'}, 'timezone': {'offset': '-6:00', 'description': 'Central Time (US &amp; Canada), Mexico City'}}, 'email': 'alfonso.fernandez@example.com', 'login': {'uuid': '14392051-7844-450c-af26-dcec049abe7a', 'username': 'blackgorilla886', 'password': 'weed420', 'salt': 'DGsqtbX3', 'md5': 'f0ee84a29f237a4b77a1a9adc47c1f67', 'sha1': '826ad9e9c7e9bb3c734a2320b0f470ab8098eeca', 'sha256': '5692e83de2565cf1cecf890266e371ac3ac631e0011ef6a0a00f98bef01abcd2'}, 'dob': {'date': '1989-11-14T13:44:30.248Z', 'age': 34}, 'registered': {'date': '2020-01-19T16:54:56.527Z', 'age': 4}, 'phone': '903-667-946', 'cell': '641-021-133', 'id': {'name': 'DNI', 'value': '48039502-E'}, 'picture': {'large': 'https://randomuser.me/api/portraits/men/78.jpg', 'medium': 'https://randomuser.me/api/portraits/med/men/78.jpg', 'thumbnail': 'https://randomuser.me/api/portraits/thumb/men/78.jpg'}, 'nat': 'ES'}], 'info': {'seed': '7b063f25df17cd69', 'results': 1, 'page': 1, 'version': '1.4'}}</msg>
<arg>${json_data}</arg>
<doc>Logs the given message with the given level.</doc>
<status status="PASS" start="2024-07-06T10:14:39.306569" elapsed="0.000220"/>
</kw>
<kw name="Dictionary Should Contain Key" owner="Collections">
<arg>${json_data}</arg>
<arg>results</arg>
<doc>Fails if ``key`` is not found from ``dictionary``.</doc>
<status status="PASS" start="2024-07-06T10:14:39.307090" elapsed="0.000165"/>
</kw>
<kw name="Should Not Be Empty" owner="BuiltIn">
<msg time="2024-07-06T10:14:39.307581" level="INFO">Length is 2.</msg>
<arg>${json_data}</arg>
<doc>Verifies that the given item is not empty.</doc>
<status status="PASS" start="2024-07-06T10:14:39.307450" elapsed="0.000170"/>
</kw>
<kw name="Create List" owner="BuiltIn">
<msg time="2024-07-06T10:14:39.308252" level="INFO">${expected_keys} = ['gender', 'name', 'location', 'email', 'login']</msg>
<var>${expected_keys}</var>
<arg>gender</arg>
<arg>name</arg>
<arg>location</arg>
<arg>email</arg>
<arg>login</arg>
<doc>Returns a list containing given items.</doc>
<status status="PASS" start="2024-07-06T10:14:39.307925" elapsed="0.000352"/>
</kw>
<for flavor="IN">
<iter>
<kw name="Dictionary Should Contain Key" owner="Collections">
<arg>${json_data['results'][0]}</arg>
<arg>${key}</arg>
<doc>Fails if ``key`` is not found from ``dictionary``.</doc>
<status status="PASS" start="2024-07-06T10:14:39.308875" elapsed="0.000404"/>
</kw>
<kw name="Log" owner="BuiltIn">
<msg time="2024-07-06T10:14:39.309833" level="INFO">{'gender': 'male', 'name': {'title': 'Mr', 'first': 'Alfonso', 'last': 'Fernández'}, 'location': {'street': {'number': 6069, 'name': 'Avenida de La Albufera'}, 'city': 'Alcobendas', 'state': 'Castilla y León', 'country': 'Spain', 'postcode': 19150, 'coordinates': {'latitude': '-35.3006', 'longitude': '-22.2196'}, 'timezone': {'offset': '-6:00', 'description': 'Central Time (US &amp; Canada), Mexico City'}}, 'email': 'alfonso.fernandez@example.com', 'login': {'uuid': '14392051-7844-450c-af26-dcec049abe7a', 'username': 'blackgorilla886', 'password': 'weed420', 'salt': 'DGsqtbX3', 'md5': 'f0ee84a29f237a4b77a1a9adc47c1f67', 'sha1': '826ad9e9c7e9bb3c734a2320b0f470ab8098eeca', 'sha256': '5692e83de2565cf1cecf890266e371ac3ac631e0011ef6a0a00f98bef01abcd2'}, 'dob': {'date': '1989-11-14T13:44:30.248Z', 'age': 34}, 'registered': {'date': '2020-01-19T16:54:56.527Z', 'age': 4}, 'phone': '903-667-946', 'cell': '641-021-133', 'id': {'name': 'DNI', 'value': '48039502-E'}, 'picture': {'large': 'https://randomuser.me/api/portraits/men/78.jpg', 'medium': 'https://randomuser.me/api/portraits/med/men/78.jpg', 'thumbnail': 'https://randomuser.me/api/portraits/thumb/men/78.jpg'}, 'nat': 'ES'}</msg>
<arg>${json_data['results'][0]}</arg>
<doc>Logs the given message with the given level.</doc>
<status status="PASS" start="2024-07-06T10:14:39.309469" elapsed="0.000418"/>
</kw>
<kw name="Log" owner="BuiltIn">
<msg time="2024-07-06T10:14:39.310352" level="INFO">gender</msg>
<arg>${key}</arg>
<doc>Logs the given message with the given level.</doc>
<status status="PASS" start="2024-07-06T10:14:39.310190" elapsed="0.000201"/>
</kw>
<var name="${key}">gender</var>
<status status="PASS" start="2024-07-06T10:14:39.308748" elapsed="0.001865"/>
</iter>
<iter>
<kw name="Dictionary Should Contain Key" owner="Collections">
<arg>${json_data['results'][0]}</arg>
<arg>${key}</arg>
<doc>Fails if ``key`` is not found from ``dictionary``.</doc>
<status status="PASS" start="2024-07-06T10:14:39.310919" elapsed="0.000396"/>
</kw>
<kw name="Log" owner="BuiltIn">
<msg time="2024-07-06T10:14:39.311898" level="INFO">{'gender': 'male', 'name': {'title': 'Mr', 'first': 'Alfonso', 'last': 'Fernández'}, 'location': {'street': {'number': 6069, 'name': 'Avenida de La Albufera'}, 'city': 'Alcobendas', 'state': 'Castilla y León', 'country': 'Spain', 'postcode': 19150, 'coordinates': {'latitude': '-35.3006', 'longitude': '-22.2196'}, 'timezone': {'offset': '-6:00', 'description': 'Central Time (US &amp; Canada), Mexico City'}}, 'email': 'alfonso.fernandez@example.com', 'login': {'uuid': '14392051-7844-450c-af26-dcec049abe7a', 'username': 'blackgorilla886', 'password': 'weed420', 'salt': 'DGsqtbX3', 'md5': 'f0ee84a29f237a4b77a1a9adc47c1f67', 'sha1': '826ad9e9c7e9bb3c734a2320b0f470ab8098eeca', 'sha256': '5692e83de2565cf1cecf890266e371ac3ac631e0011ef6a0a00f98bef01abcd2'}, 'dob': {'date': '1989-11-14T13:44:30.248Z', 'age': 34}, 'registered': {'date': '2020-01-19T16:54:56.527Z', 'age': 4}, 'phone': '903-667-946', 'cell': '641-021-133', 'id': {'name': 'DNI', 'value': '48039502-E'}, 'picture': {'large': 'https://randomuser.me/api/portraits/men/78.jpg', 'medium': 'https://randomuser.me/api/portraits/med/men/78.jpg', 'thumbnail': 'https://randomuser.me/api/portraits/thumb/men/78.jpg'}, 'nat': 'ES'}</msg>
<arg>${json_data['results'][0]}</arg>
<doc>Logs the given message with the given level.</doc>
<status status="PASS" start="2024-07-06T10:14:39.311536" elapsed="0.000416"/>
</kw>
<kw name="Log" owner="BuiltIn">
<msg time="2024-07-06T10:14:39.312389" level="INFO">name</msg>
<arg>${key}</arg>
<doc>Logs the given message with the given level.</doc>
<status status="PASS" start="2024-07-06T10:14:39.312260" elapsed="0.000167"/>
</kw>
<var name="${key}">name</var>
<status status="PASS" start="2024-07-06T10:14:39.310801" elapsed="0.001841"/>
</iter>
<iter>
<kw name="Dictionary Should Contain Key" owner="Collections">
<arg>${json_data['results'][0]}</arg>
<arg>${key}</arg>
<doc>Fails if ``key`` is not found from ``dictionary``.</doc>
<status status="PASS" start="2024-07-06T10:14:39.312930" elapsed="0.000377"/>
</kw>
<kw name="Log" owner="BuiltIn">
<msg time="2024-07-06T10:14:39.313838" level="INFO">{'gender': 'male', 'name': {'title': 'Mr', 'first': 'Alfonso', 'last': 'Fernández'}, 'location': {'street': {'number': 6069, 'name': 'Avenida de La Albufera'}, 'city': 'Alcobendas', 'state': 'Castilla y León', 'country': 'Spain', 'postcode': 19150, 'coordinates': {'latitude': '-35.3006', 'longitude': '-22.2196'}, 'timezone': {'offset': '-6:00', 'description': 'Central Time (US &amp; Canada), Mexico City'}}, 'email': 'alfonso.fernandez@example.com', 'login': {'uuid': '14392051-7844-450c-af26-dcec049abe7a', 'username': 'blackgorilla886', 'password': 'weed420', 'salt': 'DGsqtbX3', 'md5': 'f0ee84a29f237a4b77a1a9adc47c1f67', 'sha1': '826ad9e9c7e9bb3c734a2320b0f470ab8098eeca', 'sha256': '5692e83de2565cf1cecf890266e371ac3ac631e0011ef6a0a00f98bef01abcd2'}, 'dob': {'date': '1989-11-14T13:44:30.248Z', 'age': 34}, 'registered': {'date': '2020-01-19T16:54:56.527Z', 'age': 4}, 'phone': '903-667-946', 'cell': '641-021-133', 'id': {'name': 'DNI', 'value': '48039502-E'}, 'picture': {'large': 'https://randomuser.me/api/portraits/men/78.jpg', 'medium': 'https://randomuser.me/api/portraits/med/men/78.jpg', 'thumbnail': 'https://randomuser.me/api/portraits/thumb/men/78.jpg'}, 'nat': 'ES'}</msg>
<arg>${json_data['results'][0]}</arg>
<doc>Logs the given message with the given level.</doc>
<status status="PASS" start="2024-07-06T10:14:39.313488" elapsed="0.000403"/>
</kw>
<kw name="Log" owner="BuiltIn">
<msg time="2024-07-06T10:14:39.314374" level="INFO">location</msg>
<arg>${key}</arg>
<doc>Logs the given message with the given level.</doc>
<status status="PASS" start="2024-07-06T10:14:39.314196" elapsed="0.000218"/>
</kw>
<var name="${key}">location</var>
<status status="PASS" start="2024-07-06T10:14:39.312819" elapsed="0.001814"/>
</iter>
<iter>
<kw name="Dictionary Should Contain Key" owner="Collections">
<arg>${json_data['results'][0]}</arg>
<arg>${key}</arg>
<doc>Fails if ``key`` is not found from ``dictionary``.</doc>
<status status="PASS" start="2024-07-06T10:14:39.314913" elapsed="0.000389"/>
</kw>
<kw name="Log" owner="BuiltIn">
<msg time="2024-07-06T10:14:39.315836" level="INFO">{'gender': 'male', 'name': {'title': 'Mr', 'first': 'Alfonso', 'last': 'Fernández'}, 'location': {'street': {'number': 6069, 'name': 'Avenida de La Albufera'}, 'city': 'Alcobendas', 'state': 'Castilla y León', 'country': 'Spain', 'postcode': 19150, 'coordinates': {'latitude': '-35.3006', 'longitude': '-22.2196'}, 'timezone': {'offset': '-6:00', 'description': 'Central Time (US &amp; Canada), Mexico City'}}, 'email': 'alfonso.fernandez@example.com', 'login': {'uuid': '14392051-7844-450c-af26-dcec049abe7a', 'username': 'blackgorilla886', 'password': 'weed420', 'salt': 'DGsqtbX3', 'md5': 'f0ee84a29f237a4b77a1a9adc47c1f67', 'sha1': '826ad9e9c7e9bb3c734a2320b0f470ab8098eeca', 'sha256': '5692e83de2565cf1cecf890266e371ac3ac631e0011ef6a0a00f98bef01abcd2'}, 'dob': {'date': '1989-11-14T13:44:30.248Z', 'age': 34}, 'registered': {'date': '2020-01-19T16:54:56.527Z', 'age': 4}, 'phone': '903-667-946', 'cell': '641-021-133', 'id': {'name': 'DNI', 'value': '48039502-E'}, 'picture': {'large': 'https://randomuser.me/api/portraits/men/78.jpg', 'medium': 'https://randomuser.me/api/portraits/med/men/78.jpg', 'thumbnail': 'https://randomuser.me/api/portraits/thumb/men/78.jpg'}, 'nat': 'ES'}</msg>
<arg>${json_data['results'][0]}</arg>
<doc>Logs the given message with the given level.</doc>
<status status="PASS" start="2024-07-06T10:14:39.315485" elapsed="0.000403"/>
</kw>
<kw name="Log" owner="BuiltIn">
<msg time="2024-07-06T10:14:39.316313" level="INFO">email</msg>
<arg>${key}</arg>
<doc>Logs the given message with the given level.</doc>
<status status="PASS" start="2024-07-06T10:14:39.316188" elapsed="0.000163"/>
</kw>
<var name="${key}">email</var>
<status status="PASS" start="2024-07-06T10:14:39.314804" elapsed="0.001765"/>
</iter>
<iter>
<kw name="Dictionary Should Contain Key" owner="Collections">
<arg>${json_data['results'][0]}</arg>
<arg>${key}</arg>
<doc>Fails if ``key`` is not found from ``dictionary``.</doc>
<status status="PASS" start="2024-07-06T10:14:39.316863" elapsed="0.000388"/>
</kw>
<kw name="Log" owner="BuiltIn">
<msg time="2024-07-06T10:14:39.317786" level="INFO">{'gender': 'male', 'name': {'title': 'Mr', 'first': 'Alfonso', 'last': 'Fernández'}, 'location': {'street': {'number': 6069, 'name': 'Avenida de La Albufera'}, 'city': 'Alcobendas', 'state': 'Castilla y León', 'country': 'Spain', 'postcode': 19150, 'coordinates': {'latitude': '-35.3006', 'longitude': '-22.2196'}, 'timezone': {'offset': '-6:00', 'description': 'Central Time (US &amp; Canada), Mexico City'}}, 'email': 'alfonso.fernandez@example.com', 'login': {'uuid': '14392051-7844-450c-af26-dcec049abe7a', 'username': 'blackgorilla886', 'password': 'weed420', 'salt': 'DGsqtbX3', 'md5': 'f0ee84a29f237a4b77a1a9adc47c1f67', 'sha1': '826ad9e9c7e9bb3c734a2320b0f470ab8098eeca', 'sha256': '5692e83de2565cf1cecf890266e371ac3ac631e0011ef6a0a00f98bef01abcd2'}, 'dob': {'date': '1989-11-14T13:44:30.248Z', 'age': 34}, 'registered': {'date': '2020-01-19T16:54:56.527Z', 'age': 4}, 'phone': '903-667-946', 'cell': '641-021-133', 'id': {'name': 'DNI', 'value': '48039502-E'}, 'picture': {'large': 'https://randomuser.me/api/portraits/men/78.jpg', 'medium': 'https://randomuser.me/api/portraits/med/men/78.jpg', 'thumbnail': 'https://randomuser.me/api/portraits/thumb/men/78.jpg'}, 'nat': 'ES'}</msg>
<arg>${json_data['results'][0]}</arg>
<doc>Logs the given message with the given level.</doc>
<status status="PASS" start="2024-07-06T10:14:39.317437" elapsed="0.000403"/>
</kw>
<kw name="Log" owner="BuiltIn">
<msg time="2024-07-06T10:14:39.318288" level="INFO">login</msg>
<arg>${key}</arg>
<doc>Logs the given message with the given level.</doc>
<status status="PASS" start="2024-07-06T10:14:39.318136" elapsed="0.000191"/>
</kw>
<var name="${key}">login</var>
<status status="PASS" start="2024-07-06T10:14:39.316742" elapsed="0.001812"/>
</iter>
<var>${key}</var>
<value>@{expected_keys}</value>
<status status="PASS" start="2024-07-06T10:14:39.308547" elapsed="0.010153"/>
</for>
<kw name="Create List" owner="BuiltIn">
<msg time="2024-07-06T10:14:39.319040" level="INFO">${expected_keysTwo} = ['username', 'password']</msg>
<var>${expected_keysTwo}</var>
<arg>username</arg>
<arg>password</arg>
<doc>Returns a list containing given items.</doc>
<status status="PASS" start="2024-07-06T10:14:39.318899" elapsed="0.000166"/>
</kw>
<for flavor="IN">
<iter>
<kw name="Dictionary Should Contain Key" owner="Collections">
<arg>${json_data['results'][0]['login']}</arg>
<arg>${keyTwo}</arg>
<doc>Fails if ``key`` is not found from ``dictionary``.</doc>
<status status="PASS" start="2024-07-06T10:14:39.319560" elapsed="0.000381"/>
</kw>
<kw name="Dictionary Should Contain Key" owner="Collections">
<arg>${json_data['results'][0]['login']}</arg>
<arg>${keyTwo}</arg>
<doc>Fails if ``key`` is not found from ``dictionary``.</doc>
<status status="PASS" start="2024-07-06T10:14:39.320120" elapsed="0.000377"/>
</kw>
<kw name="Log" owner="BuiltIn">
<msg time="2024-07-06T10:14:39.320800" level="INFO">username</msg>
<arg>${keyTwo}</arg>
<doc>Logs the given message with the given level.</doc>
<status status="PASS" start="2024-07-06T10:14:39.320679" elapsed="0.000159"/>
</kw>
<var name="${keyTwo}">username</var>
<status status="PASS" start="2024-07-06T10:14:39.319453" elapsed="0.001609"/>
</iter>
<iter>
<kw name="Dictionary Should Contain Key" owner="Collections">
<arg>${json_data['results'][0]['login']}</arg>
<arg>${keyTwo}</arg>
<doc>Fails if ``key`` is not found from ``dictionary``.</doc>
<status status="PASS" start="2024-07-06T10:14:39.321344" elapsed="0.000382"/>
</kw>
<kw name="Dictionary Should Contain Key" owner="Collections">
<arg>${json_data['results'][0]['login']}</arg>
<arg>${keyTwo}</arg>
<doc>Fails if ``key`` is not found from ``dictionary``.</doc>
<status status="PASS" start="2024-07-06T10:14:39.321906" elapsed="0.000421"/>
</kw>
<kw name="Log" owner="BuiltIn">
<msg time="2024-07-06T10:14:39.322634" level="INFO">password</msg>
<arg>${keyTwo}</arg>
<doc>Logs the given message with the given level.</doc>
<status status="PASS" start="2024-07-06T10:14:39.322512" elapsed="0.000167"/>
</kw>
<var name="${keyTwo}">password</var>
<status status="PASS" start="2024-07-06T10:14:39.321235" elapsed="0.001760"/>
</iter>
<var>${keyTwo}</var>
<value>@{expected_keysTwo}</value>
<status status="PASS" start="2024-07-06T10:14:39.319301" elapsed="0.003826"/>
</for>
<status status="PASS" start="2024-07-06T10:14:39.208603" elapsed="0.114677"/>
</kw>
<doc>Testa a estrutura da resposta da API.</doc>
<tag>testeEstruturaResposta</tag>
<status status="PASS" start="2024-07-06T10:14:39.207817" elapsed="0.115650"/>
</test>
<test id="s1-s1-t4" name="Validar tipos de dados" line="28">
<kw name="Teste de Tipos de Dados" owner="random-user-service">
<kw name="GET On Session" owner="RequestsLibrary">
<msg time="2024-07-06T10:14:39.415351" level="INFO">GET Request : url=https://randomuser.me/api 
 path_url=/api 
 headers={'User-Agent': 'python-requests/2.32.3', 'Accept-Encoding': 'gzip, deflate', 'Accept': '*/*', 'Connection': 'keep-alive'} 
 body=None 
 </msg>
<msg time="2024-07-06T10:14:39.415432" level="INFO">GET Response : url=https://randomuser.me/api 
 status=200, reason=OK 
 headers={'Date': 'Sat, 06 Jul 2024 10:14:39 GMT', 'Content-Type': 'application/json; charset=utf-8', 'Transfer-Encoding': 'chunked', 'Connection': 'keep-alive', 'X-Powered-By': 'Express', 'Access-Control-Allow-Origin': '*', 'Cache-Control': 'no-cache', 'ETag': 'W/"499-Kf4+7Kpd0i5nJF58Rrq5FjAZ+5I"', 'Vary': 'Accept-Encoding', 'Content-Encoding': 'gzip', 'CF-Cache-Status': 'DYNAMIC', 'Report-To': '{"endpoints":[{"url":"https:\\/\\/a.nel.cloudflare.com\\/report\\/v4?s=kY%2Blkwdzn2Rx%2FIgFCNKJbHUQwxyNaDMDOHJnJmLkSvJM3EJkONHaSndoSsbW2GSYI7SZ2m%2F%2BR5EuFbguhotcPn7RwGDfatv%2F6ssylkRJSuHke400gHy6uz5Dw03OsvbZ"}],"group":"cf-nel","max_age":604800}', 'NEL': '{"success_fraction":0,"report_to":"cf-nel","max_age":604800}', 'Server': 'cloudflare', 'CF-RAY': '89eed43fcb7b8716-ORD', 'alt-svc': 'h3=":443"; ma=86400'} 
 body={"results":[{"gender":"female","name":{"title":"Ms","first":"محیا","last":"حسینی"},"location":{"street":{"number":3835,"name":"میدان شمشیری"},"city":"خوی","state":"همدان","country":"Iran","postcode":52573,"coordinates":{"latitude":"15.7361","longitude":"112.6240"},"timezone":{"offset":"-4:00","description":"Atlantic Time (Canada), Caracas, La Paz"}},"email":"mhy.hsyny@example.com","login":{"uuid":"a1e46b6b-720c-46b3-9bbd-73c4c059e47a","username":"ticklishladybug269","password":"puff","salt":"hdYyRmvS","md5":"819f94474288624e74a7fdbf214a673a","sha1":"8cdea021138bebdd762611ecda2d10e4c99e35cc","sha256":"5867b555269dea523480db7a36109faef076c64f762387eddf4c907ae3901638"},"dob":{"date":"1988-09-16T01:13:30.376Z","age":35},"registered":{"date":"2008-06-10T00:00:48.195Z","age":16},"phone":"003-69246759","cell":"0965-806-2896","id":{"name":"","value":null},"picture":{"large":"https://randomuser.me/api/portraits/women/75.jpg","medium":"https://randomuser.me/api/portraits/med/women/75.jpg","thumbnail":"https://randomuser.me/api/portraits/thumb/women/75.jpg"},"nat":"IR"}],"info":{"seed":"b315b5e36d9fe06b","results":1,"page":1,"version":"1.4"}} 
 </msg>
<msg time="2024-07-06T10:14:39.415505" level="INFO">/opt/hostedtoolcache/Python/3.12.4/x64/lib/python3.12/site-packages/urllib3/connectionpool.py:1099: InsecureRequestWarning: Unverified HTTPS request is being made to host 'randomuser.me'. Adding certificate verification is strongly advised. See: https://urllib3.readthedocs.io/en/latest/advanced-usage.html#tls-warnings
  warnings.warn(</msg>
<msg time="2024-07-06T10:14:39.415596" level="INFO">${response} = &lt;Response [200]&gt;</msg>
<var>${response}</var>
<arg>consultarAPI</arg>
<arg>/api</arg>
<doc>Sends a GET request on a previously created HTTP Session.</doc>
<status status="PASS" start="2024-07-06T10:14:39.326031" elapsed="0.089606"/>
</kw>
<kw name="Set Variable" owner="BuiltIn">
<msg time="2024-07-06T10:14:39.416756" level="INFO">${json_data} = {'results': [{'gender': 'female', 'name': {'title': 'Ms', 'first': 'محیا', 'last': 'حسینی'}, 'location': {'street': {'number': 3835, 'name': 'میدان شمشیری'}, 'city': 'خوی', 'state': 'همدان', 'country'...</msg>
<var>${json_data}</var>
<arg>${response.json()}</arg>
<doc>Returns the given values which can then be assigned to a variables.</doc>
<status status="PASS" start="2024-07-06T10:14:39.416129" elapsed="0.000662"/>
</kw>
<kw name="Log" owner="BuiltIn">
<msg time="2024-07-06T10:14:39.417260" level="INFO">{'results': [{'gender': 'female', 'name': {'title': 'Ms', 'first': 'محیا', 'last': 'حسینی'}, 'location': {'street': {'number': 3835, 'name': 'میدان شمشیری'}, 'city': 'خوی', 'state': 'همدان', 'country': 'Iran', 'postcode': 52573, 'coordinates': {'latitude': '15.7361', 'longitude': '112.6240'}, 'timezone': {'offset': '-4:00', 'description': 'Atlantic Time (Canada), Caracas, La Paz'}}, 'email': 'mhy.hsyny@example.com', 'login': {'uuid': 'a1e46b6b-720c-46b3-9bbd-73c4c059e47a', 'username': 'ticklishladybug269', 'password': 'puff', 'salt': 'hdYyRmvS', 'md5': '819f94474288624e74a7fdbf214a673a', 'sha1': '8cdea021138bebdd762611ecda2d10e4c99e35cc', 'sha256': '5867b555269dea523480db7a36109faef076c64f762387eddf4c907ae3901638'}, 'dob': {'date': '1988-09-16T01:13:30.376Z', 'age': 35}, 'registered': {'date': '2008-06-10T00:00:48.195Z', 'age': 16}, 'phone': '003-69246759', 'cell': '0965-806-2896', 'id': {'name': '', 'value': None}, 'picture': {'large': 'https://randomuser.me/api/portraits/women/75.jpg', 'medium': 'https://randomuser.me/api/portraits/med/women/75.jpg', 'thumbnail': 'https://randomuser.me/api/portraits/thumb/women/75.jpg'}, 'nat': 'IR'}], 'info': {'seed': 'b315b5e36d9fe06b', 'results': 1, 'page': 1, 'version': '1.4'}}</msg>
<arg>${json_data}</arg>
<doc>Logs the given message with the given level.</doc>
<status status="PASS" start="2024-07-06T10:14:39.417100" elapsed="0.000221"/>
</kw>
<kw name="Should Be String" owner="String">
<arg>${json_data['results'][0]['gender']}</arg>
<doc>Fails if the given ``item`` is not a string.</doc>
<status status="PASS" start="2024-07-06T10:14:39.417645" elapsed="0.000357"/>
</kw>
<kw name="Should Match Regexp" owner="BuiltIn">
<arg>${json_data['results'][0]['email']}</arg>
<arg>^[a-zA-Z0-9._%+-]+@[a-zA-Z0-9.-]+\.[a-zA-Z]{2,}$</arg>
<doc>Fails if ``string`` does not match ``pattern`` as a regular expression.</doc>
<status status="PASS" start="2024-07-06T10:14:39.418191" elapsed="0.000557"/>
</kw>
<kw name="Should Match Regexp" owner="BuiltIn">
<arg>${json_data['results'][0]['dob']['date']}</arg>
<arg>\\d{4}-\\d{2}-\\d{2}T\\d{2}:\\d{2}:\\d{2}\\.\\d{3}Z</arg>
<doc>Fails if ``string`` does not match ``pattern`` as a regular expression.</doc>
<status status="PASS" start="2024-07-06T10:14:39.418942" elapsed="0.000480"/>
</kw>
<kw name="Should Match Regexp" owner="BuiltIn">
<arg>${json_data['results'][0]['registered']['date']}</arg>
<arg>\\d{4}-\\d{2}-\\d{2}T\\d{2}:\\d{2}:\\d{2}\\.\\d{3}Z</arg>
<doc>Fails if ``string`` does not match ``pattern`` as a regular expression.</doc>
<status status="PASS" start="2024-07-06T10:14:39.419612" elapsed="0.000359"/>
</kw>
<kw name="Should Match Regexp" owner="BuiltIn">
<arg>${json_data['results'][0]['picture']['large']}</arg>
<arg>^https?://.*\.(?:png|jpe?g|gif|bmp)$</arg>
<doc>Fails if ``string`` does not match ``pattern`` as a regular expression.</doc>
<status status="PASS" start="2024-07-06T10:14:39.420155" elapsed="0.000454"/>
</kw>
<kw name="Should Match Regexp" owner="BuiltIn">
<arg>${json_data['results'][0]['picture']['medium']}</arg>
<arg>^https?://.*\.(?:png|jpe?g|gif|bmp)$</arg>
<doc>Fails if ``string`` does not match ``pattern`` as a regular expression.</doc>
<status status="PASS" start="2024-07-06T10:14:39.420793" elapsed="0.000354"/>
</kw>
<kw name="Should Match Regexp" owner="BuiltIn">
<arg>${json_data['results'][0]['picture']['thumbnail']}</arg>
<arg>^https?://.*\.(?:png|jpe?g|gif|bmp)$</arg>
<doc>Fails if ``string`` does not match ``pattern`` as a regular expression.</doc>
<status status="PASS" start="2024-07-06T10:14:39.421339" elapsed="0.000353"/>
</kw>
<kw name="Log" owner="BuiltIn">
<msg time="2024-07-06T10:14:39.422208" level="INFO">{'large': 'https://randomuser.me/api/portraits/women/75.jpg', 'medium': 'https://randomuser.me/api/portraits/med/women/75.jpg', 'thumbnail': 'https://randomuser.me/api/portraits/thumb/women/75.jpg'}</msg>
<arg>${json_data['results'][0]['picture']}</arg>
<doc>Logs the given message with the given level.</doc>
<status status="PASS" start="2024-07-06T10:14:39.421876" elapsed="0.000403"/>
</kw>
<status status="PASS" start="2024-07-06T10:14:39.325806" elapsed="0.096729"/>
</kw>
<kw name="Teste de Tipos de Dados - Postcode" owner="random-user-service">
<kw name="GET On Session" owner="RequestsLibrary">
<msg time="2024-07-06T10:14:39.510298" level="INFO">GET Request : url=https://randomuser.me/api 
 path_url=/api 
 headers={'User-Agent': 'python-requests/2.32.3', 'Accept-Encoding': 'gzip, deflate', 'Accept': '*/*', 'Connection': 'keep-alive'} 
 body=None 
 </msg>
<msg time="2024-07-06T10:14:39.510385" level="INFO">GET Response : url=https://randomuser.me/api 
 status=200, reason=OK 
 headers={'Date': 'Sat, 06 Jul 2024 10:14:39 GMT', 'Content-Type': 'application/json; charset=utf-8', 'Transfer-Encoding': 'chunked', 'Connection': 'keep-alive', 'X-Powered-By': 'Express', 'Access-Control-Allow-Origin': '*', 'Cache-Control': 'no-cache', 'ETag': 'W/"49b-GhWsWDwHhmNPIQ2fgJCrc1bZngc"', 'Vary': 'Accept-Encoding', 'Content-Encoding': 'gzip', 'CF-Cache-Status': 'DYNAMIC', 'Report-To': '{"endpoints":[{"url":"https:\\/\\/a.nel.cloudflare.com\\/report\\/v4?s=UajwxeRImfS6frFTYw3DNj4XllM4ONiAv7H5gF%2FecSc%2F4%2B1Dv8eVREkMKu2U1gMN4VAaUAO09FA7BTdqCihfSLMP0xU9CBu0umfCvvZN2frkv3pUhI83wwGHqdtKOEPT"}],"group":"cf-nel","max_age":604800}', 'NEL': '{"success_fraction":0,"report_to":"cf-nel","max_age":604800}', 'Server': 'cloudflare', 'CF-RAY': '89eed4406bcb8716-ORD', 'alt-svc': 'h3=":443"; ma=86400'} 
 body={"results":[{"gender":"female","name":{"title":"Miss","first":"Gonca","last":"Çörekçi"},"location":{"street":{"number":9028,"name":"Fatih Sultan Mehmet Cd"},"city":"Artvin","state":"Gümüşhane","country":"Turkey","postcode":77328,"coordinates":{"latitude":"65.6535","longitude":"103.5628"},"timezone":{"offset":"+10:00","description":"Eastern Australia, Guam, Vladivostok"}},"email":"gonca.corekci@example.com","login":{"uuid":"7e0fec15-bd45-4415-9a90-017b1ae55f50","username":"angrybird203","password":"marius","salt":"Yrvset1P","md5":"7da840594e6fda604f2dc7c33e7ab192","sha1":"26b41673b36af7d656ac6e7c938f895c4b33f1c7","sha256":"e4793c17f80a633a290196b886150ac69e5572f6c31401d526f7eb816954d6c8"},"dob":{"date":"1970-02-26T12:02:44.006Z","age":54},"registered":{"date":"2016-11-07T14:56:36.773Z","age":7},"phone":"(693)-393-0609","cell":"(222)-544-3814","id":{"name":"","value":null},"picture":{"large":"https://randomuser.me/api/portraits/women/10.jpg","medium":"https://randomuser.me/api/portraits/med/women/10.jpg","thumbnail":"https://randomuser.me/api/portraits/thumb/women/10.jpg"},"nat":"TR"}],"info":{"seed":"dcef662e924922a8","results":1,"page":1,"version":"1.4"}} 
 </msg>
<msg time="2024-07-06T10:14:39.510463" level="INFO">/opt/hostedtoolcache/Python/3.12.4/x64/lib/python3.12/site-packages/urllib3/connectionpool.py:1099: InsecureRequestWarning: Unverified HTTPS request is being made to host 'randomuser.me'. Adding certificate verification is strongly advised. See: https://urllib3.readthedocs.io/en/latest/advanced-usage.html#tls-warnings
  warnings.warn(</msg>
<msg time="2024-07-06T10:14:39.510568" level="INFO">${response} = &lt;Response [200]&gt;</msg>
<var>${response}</var>
<arg>consultarAPI</arg>
<arg>/api</arg>
<doc>Sends a GET request on a previously created HTTP Session.</doc>
<status status="PASS" start="2024-07-06T10:14:39.422963" elapsed="0.087655"/>
</kw>
<kw name="Set Variable" owner="BuiltIn">
<msg time="2024-07-06T10:14:39.511744" level="INFO">${json_data} = {'results': [{'gender': 'female', 'name': {'title': 'Miss', 'first': 'Gonca', 'last': 'Çörekçi'}, 'location': {'street': {'number': 9028, 'name': 'Fatih Sultan Mehmet Cd'}, 'city': 'Artvin', 'state': ...</msg>
<var>${json_data}</var>
<arg>${response.json()}</arg>
<doc>Returns the given values which can then be assigned to a variables.</doc>
<status status="PASS" start="2024-07-06T10:14:39.511106" elapsed="0.000668"/>
</kw>
<kw name="Log" owner="BuiltIn">
<msg time="2024-07-06T10:14:39.512238" level="INFO">{'results': [{'gender': 'female', 'name': {'title': 'Miss', 'first': 'Gonca', 'last': 'Çörekçi'}, 'location': {'street': {'number': 9028, 'name': 'Fatih Sultan Mehmet Cd'}, 'city': 'Artvin', 'state': 'Gümüşhane', 'country': 'Turkey', 'postcode': 77328, 'coordinates': {'latitude': '65.6535', 'longitude': '103.5628'}, 'timezone': {'offset': '+10:00', 'description': 'Eastern Australia, Guam, Vladivostok'}}, 'email': 'gonca.corekci@example.com', 'login': {'uuid': '7e0fec15-bd45-4415-9a90-017b1ae55f50', 'username': 'angrybird203', 'password': 'marius', 'salt': 'Yrvset1P', 'md5': '7da840594e6fda604f2dc7c33e7ab192', 'sha1': '26b41673b36af7d656ac6e7c938f895c4b33f1c7', 'sha256': 'e4793c17f80a633a290196b886150ac69e5572f6c31401d526f7eb816954d6c8'}, 'dob': {'date': '1970-02-26T12:02:44.006Z', 'age': 54}, 'registered': {'date': '2016-11-07T14:56:36.773Z', 'age': 7}, 'phone': '(693)-393-0609', 'cell': '(222)-544-3814', 'id': {'name': '', 'value': None}, 'picture': {'large': 'https://randomuser.me/api/portraits/women/10.jpg', 'medium': 'https://randomuser.me/api/portraits/med/women/10.jpg', 'thumbnail': 'https://randomuser.me/api/portraits/thumb/women/10.jpg'}, 'nat': 'TR'}], 'info': {'seed': 'dcef662e924922a8', 'results': 1, 'page': 1, 'version': '1.4'}}</msg>
<arg>${json_data}</arg>
<doc>Logs the given message with the given level.</doc>
<status status="PASS" start="2024-07-06T10:14:39.512079" elapsed="0.000209"/>
</kw>
<kw name="Should Be Equal As Numbers" owner="BuiltIn">
<arg>${json_data['results'][0]['location']['postcode']}</arg>
<arg>${json_data['results'][0]['location']['postcode']}</arg>
<doc>Fails if objects are unequal after converting them to real numbers.</doc>
<status status="PASS" start="2024-07-06T10:14:39.512577" elapsed="0.000616"/>
</kw>
<kw name="Log" owner="BuiltIn">
<msg time="2024-07-06T10:14:39.513876" level="INFO">77328</msg>
<arg>${json_data['results'][0]['location']['postcode']}</arg>
<doc>Logs the given message with the given level.</doc>
<status status="PASS" start="2024-07-06T10:14:39.513418" elapsed="0.000498"/>
</kw>
<status status="PASS" start="2024-07-06T10:14:39.422746" elapsed="0.091417"/>
</kw>
<doc>Testa se os tipos de dados na resposta da API estão corretos.</doc>
<tag>testeTiposDados</tag>
<status status="PASS" start="2024-07-06T10:14:39.325240" elapsed="0.189125"/>
</test>
<test id="s1-s1-t5" name="Validar conteudo" line="35">
<kw name="Teste de Tipos de Conteudo" owner="random-user-service">
<kw name="GET On Session" owner="RequestsLibrary">
<msg time="2024-07-06T10:14:39.631901" level="INFO">GET Request : url=https://randomuser.me/api 
 path_url=/api 
 headers={'User-Agent': 'python-requests/2.32.3', 'Accept-Encoding': 'gzip, deflate', 'Accept': '*/*', 'Connection': 'keep-alive'} 
 body=None 
 </msg>
<msg time="2024-07-06T10:14:39.631986" level="INFO">GET Response : url=https://randomuser.me/api 
 status=200, reason=OK 
 headers={'Date': 'Sat, 06 Jul 2024 10:14:39 GMT', 'Content-Type': 'application/json; charset=utf-8', 'Transfer-Encoding': 'chunked', 'Connection': 'keep-alive', 'X-Powered-By': 'Express', 'Access-Control-Allow-Origin': '*', 'Cache-Control': 'no-cache', 'ETag': 'W/"497-oImGTCZOmQ2UUfWyl5VknHfWIkY"', 'Vary': 'Accept-Encoding', 'Content-Encoding': 'gzip', 'CF-Cache-Status': 'DYNAMIC', 'Report-To': '{"endpoints":[{"url":"https:\\/\\/a.nel.cloudflare.com\\/report\\/v4?s=cx08Lcmvm9Hqu2VqxmeP7UTshktqM3vgDpqCWzUknijkQwItDelE%2F%2FTIa9o2J1VBtoT2UHCdeO8ifWnJxIZqCDVArPqYN5G2RUQ8OwPtHYe30FZxwry7JWYM0uDIgXhd"}],"group":"cf-nel","max_age":604800}', 'NEL': '{"success_fraction":0,"report_to":"cf-nel","max_age":604800}', 'Server': 'cloudflare', 'CF-RAY': '89eed440fc2c8716-ORD', 'alt-svc': 'h3=":443"; ma=86400'} 
 body={"results":[{"gender":"female","name":{"title":"Miss","first":"Lyubomira","last":"Timchak"},"location":{"street":{"number":3723,"name":"Vasilya Verhovincya"},"city":"Monastiriska","state":"Harkivska","country":"Ukraine","postcode":47671,"coordinates":{"latitude":"81.1919","longitude":"126.0011"},"timezone":{"offset":"-1:00","description":"Azores, Cape Verde Islands"}},"email":"lyubomira.timchak@example.com","login":{"uuid":"7d06528d-6753-4b8f-91d0-4730e7c74ae4","username":"angryfish534","password":"sophia","salt":"CvpRF0Je","md5":"a6c7538e735504394631e9849c9cab08","sha1":"fceaaecdfcb65d12a37619bea3336ce1413c0655","sha256":"ac31d2e6113af3d18db836f90e9a899a74497adc1e00f190ac679e0b6d18a954"},"dob":{"date":"1958-04-04T14:28:25.649Z","age":66},"registered":{"date":"2002-12-05T09:38:08.699Z","age":21},"phone":"(096) U42-6824","cell":"(098) F61-8801","id":{"name":"","value":null},"picture":{"large":"https://randomuser.me/api/portraits/women/86.jpg","medium":"https://randomuser.me/api/portraits/med/women/86.jpg","thumbnail":"https://randomuser.me/api/portraits/thumb/women/86.jpg"},"nat":"UA"}],"info":{"seed":"a2a9aeea0c465838","results":1,"page":1,"version":"1.4"}} 
 </msg>
<msg time="2024-07-06T10:14:39.632053" level="INFO">/opt/hostedtoolcache/Python/3.12.4/x64/lib/python3.12/site-packages/urllib3/connectionpool.py:1099: InsecureRequestWarning: Unverified HTTPS request is being made to host 'randomuser.me'. Adding certificate verification is strongly advised. See: https://urllib3.readthedocs.io/en/latest/advanced-usage.html#tls-warnings
  warnings.warn(</msg>
<msg time="2024-07-06T10:14:39.632165" level="INFO">${response} = &lt;Response [200]&gt;</msg>
<var>${response}</var>
<arg>consultarAPI</arg>
<arg>/api</arg>
<doc>Sends a GET request on a previously created HTTP Session.</doc>
<status status="PASS" start="2024-07-06T10:14:39.516791" elapsed="0.115445"/>
</kw>
<kw name="Set Variable" owner="BuiltIn">
<msg time="2024-07-06T10:14:39.633347" level="INFO">${json_data} = {'results': [{'gender': 'female', 'name': {'title': 'Miss', 'first': 'Lyubomira', 'last': 'Timchak'}, 'location': {'street': {'number': 3723, 'name': 'Vasilya Verhovincya'}, 'city': 'Monastiriska', 's...</msg>
<var>${json_data}</var>
<arg>${response.json()}</arg>
<doc>Returns the given values which can then be assigned to a variables.</doc>
<status status="PASS" start="2024-07-06T10:14:39.632808" elapsed="0.000567"/>
</kw>
<kw name="Set Variable" owner="BuiltIn">
<msg time="2024-07-06T10:14:39.634060" level="INFO">${name_title} = Miss</msg>
<var>${name_title}</var>
<arg>${json_data["results"][0]["name"]["title"]}</arg>
<doc>Returns the given values which can then be assigned to a variables.</doc>
<status status="PASS" start="2024-07-06T10:14:39.633678" elapsed="0.000407"/>
</kw>
<kw name="Create List" owner="BuiltIn">
<msg time="2024-07-06T10:14:39.634568" level="INFO">${allowed_titles} = ['Mr', 'Ms', 'Miss', 'Mrs', 'Madame', 'Monsieur']</msg>
<var>${allowed_titles}</var>
<arg>Mr</arg>
<arg>Ms</arg>
<arg>Miss</arg>
<arg>Mrs</arg>
<arg>Madame</arg>
<arg>Monsieur</arg>
<doc>Returns a list containing given items.</doc>
<status status="PASS" start="2024-07-06T10:14:39.634421" elapsed="0.000171"/>
</kw>
<kw name="List Should Contain Value" owner="Collections">
<arg>${allowed_titles}</arg>
<arg>${name_title}</arg>
<doc>Fails if the ``value`` is not found from ``list``.</doc>
<status status="PASS" start="2024-07-06T10:14:39.634894" elapsed="0.000176"/>
</kw>
<kw name="Set Variable" owner="BuiltIn">
<msg time="2024-07-06T10:14:39.635610" level="INFO">${name_country} = UA</msg>
<var>${name_country}</var>
<arg>${json_data["results"][0]["nat"]}</arg>
<doc>Returns the given values which can then be assigned to a variables.</doc>
<status status="PASS" start="2024-07-06T10:14:39.635250" elapsed="0.000384"/>
</kw>
<kw name="Create List" owner="BuiltIn">
<msg time="2024-07-06T10:14:39.636514" level="INFO">${list_country} = ['AD', 'AE', 'AF', 'AG', 'AI', 'AL', 'AM', 'AO', 'AQ', 'AR', 'AS', 'AT', 'AU', 'AW', 'AX', 'AZ', 'BA', 'BB', 'BD', 'BE', 'BF', 'BG', 'BH', 'BI', 'BJ', 'BL', 'BM', 'BN', 'BO', 'BQ', 'BR', 'BS', 'BT', '...</msg>
<var>${list_country}</var>
<arg>AD</arg>
<arg>AE</arg>
<arg>AF</arg>
<arg>AG</arg>
<arg>AI</arg>
<arg>AL</arg>
<arg>AM</arg>
<arg>AO</arg>
<arg>AQ</arg>
<arg>AR</arg>
<arg>AS</arg>
<arg>AT</arg>
<arg>AU</arg>
<arg>AW</arg>
<arg>AX</arg>
<arg>AZ</arg>
<arg>BA</arg>
<arg>BB</arg>
<arg>BD</arg>
<arg>BE</arg>
<arg>BF</arg>
<arg>BG</arg>
<arg>BH</arg>
<arg>BI</arg>
<arg>BJ</arg>
<arg>BL</arg>
<arg>BM</arg>
<arg>BN</arg>
<arg>BO</arg>
<arg>BQ</arg>
<arg>BR</arg>
<arg>BS</arg>
<arg>BT</arg>
<arg>BV</arg>
<arg>BW</arg>
<arg>BY</arg>
<arg>BZ</arg>
<arg>CA</arg>
<arg>CC</arg>
<arg>CD</arg>
<arg>CF</arg>
<arg>CG</arg>
<arg>CH</arg>
<arg>CI</arg>
<arg>CK</arg>
<arg>CL</arg>
<arg>CM</arg>
<arg>CN</arg>
<arg>CO</arg>
<arg>CR</arg>
<arg>CU</arg>
<arg>CV</arg>
<arg>CW</arg>
<arg>CX</arg>
<arg>CY</arg>
<arg>CZ</arg>
<arg>DE</arg>
<arg>DJ</arg>
<arg>DK</arg>
<arg>DM</arg>
<arg>DO</arg>
<arg>DZ</arg>
<arg>EC</arg>
<arg>EE</arg>
<arg>EG</arg>
<arg>EH</arg>
<arg>ER</arg>
<arg>ES</arg>
<arg>ET</arg>
<arg>FI</arg>
<arg>FJ</arg>
<arg>FK</arg>
<arg>FM</arg>
<arg>FO</arg>
<arg>FR</arg>
<arg>GA</arg>
<arg>GB</arg>
<arg>GD</arg>
<arg>GE</arg>
<arg>GF</arg>
<arg>GG</arg>
<arg>GH</arg>
<arg>GI</arg>
<arg>GL</arg>
<arg>GM</arg>
<arg>GN</arg>
<arg>GP</arg>
<arg>GQ</arg>
<arg>GR</arg>
<arg>GS</arg>
<arg>GT</arg>
<arg>GU</arg>
<arg>GW</arg>
<arg>GY</arg>
<arg>HK</arg>
<arg>HM</arg>
<arg>HN</arg>
<arg>HR</arg>
<arg>HT</arg>
<arg>HU</arg>
<arg>ID</arg>
<arg>IE</arg>
<arg>IL</arg>
<arg>IM</arg>
<arg>IN</arg>
<arg>IO</arg>
<arg>IQ</arg>
<arg>IR</arg>
<arg>IS</arg>
<arg>IT</arg>
<arg>JE</arg>
<arg>JM</arg>
<arg>JO</arg>
<arg>JP</arg>
<arg>KE</arg>
<arg>KG</arg>
<arg>KH</arg>
<arg>KI</arg>
<arg>KM</arg>
<arg>KN</arg>
<arg>KP</arg>
<arg>KR</arg>
<arg>KW</arg>
<arg>KY</arg>
<arg>KZ</arg>
<arg>LA</arg>
<arg>LB</arg>
<arg>LC</arg>
<arg>LI</arg>
<arg>LK</arg>
<arg>LR</arg>
<arg>LS</arg>
<arg>LT</arg>
<arg>LU</arg>
<arg>LV</arg>
<arg>LY</arg>
<arg>MA</arg>
<arg>MC</arg>
<arg>MD</arg>
<arg>ME</arg>
<arg>MF</arg>
<arg>MG</arg>
<arg>MH</arg>
<arg>MK</arg>
<arg>ML</arg>
<arg>MM</arg>
<arg>MN</arg>
<arg>MO</arg>
<arg>MP</arg>
<arg>MQ</arg>
<arg>MR</arg>
<arg>MS</arg>
<arg>MT</arg>
<arg>MU</arg>
<arg>MV</arg>
<arg>MW</arg>
<arg>MX</arg>
<arg>MY</arg>
<arg>MZ</arg>
<arg>NA</arg>
<arg>NC</arg>
<arg>NE</arg>
<arg>NF</arg>
<arg>NG</arg>
<arg>NI</arg>
<arg>NL</arg>
<arg>NO</arg>
<arg>NP</arg>
<arg>NR</arg>
<arg>NU</arg>
<arg>NZ</arg>
<arg>OM</arg>
<arg>PA</arg>
<arg>PE</arg>
<arg>PF</arg>
<arg>PG</arg>
<arg>PH</arg>
<arg>PK</arg>
<arg>PL</arg>
<arg>PM</arg>
<arg>PN</arg>
<arg>PR</arg>
<arg>PS</arg>
<arg>PT</arg>
<arg>PW</arg>
<arg>PY</arg>
<arg>QA</arg>
<arg>RE</arg>
<arg>RO</arg>
<arg>RS</arg>
<arg>RU</arg>
<arg>RW</arg>
<arg>SA</arg>
<arg>SB</arg>
<arg>SC</arg>
<arg>SD</arg>
<arg>SE</arg>
<arg>SG</arg>
<arg>SH</arg>
<arg>SI</arg>
<arg>SJ</arg>
<arg>SK</arg>
<arg>SL</arg>
<arg>SM</arg>
<arg>SN</arg>
<arg>SO</arg>
<arg>SR</arg>
<arg>SS</arg>
<arg>ST</arg>
<arg>SV</arg>
<arg>SX</arg>
<arg>SY</arg>
<arg>SZ</arg>
<arg>TC</arg>
<arg>TD</arg>
<arg>TF</arg>
<arg>TG</arg>
<arg>TH</arg>
<arg>TJ</arg>
<arg>TK</arg>
<arg>TL</arg>
<arg>TM</arg>
<arg>TN</arg>
<arg>TO</arg>
<arg>TR</arg>
<arg>TT</arg>
<arg>TV</arg>
<arg>TW</arg>
<arg>TZ</arg>
<arg>UA</arg>
<arg>UG</arg>
<arg>UM</arg>
<arg>US</arg>
<arg>UY</arg>
<arg>UZ</arg>
<arg>VA</arg>
<arg>VC</arg>
<arg>VE</arg>
<arg>VG</arg>
<arg>VI</arg>
<arg>VN</arg>
<arg>VU</arg>
<arg>WF</arg>
<arg>WS</arg>
<arg>XK</arg>
<arg>YE</arg>
<arg>YT</arg>
<arg>ZA</arg>
<arg>ZM</arg>
<arg>ZW</arg>
<doc>Returns a list containing given items.</doc>
<status status="PASS" start="2024-07-06T10:14:39.635921" elapsed="0.000620"/>
</kw>
<kw name="List Should Contain Value" owner="Collections">
<arg>${list_country}</arg>
<arg>${name_country}</arg>
<doc>Fails if the ``value`` is not found from ``list``.</doc>
<status status="PASS" start="2024-07-06T10:14:39.637327" elapsed="0.000200"/>
</kw>
<kw name="Run Keyword If" owner="BuiltIn">
<kw name="Should Be True" owner="BuiltIn">
<arg>${True}</arg>
<doc>Fails if the given condition is not true.</doc>
<status status="PASS" start="2024-07-06T10:14:39.638504" elapsed="0.000141"/>
</kw>
<arg>${json_data["results"][0]["location"]["coordinates"]["latitude"]} &gt;= -90 and ${json_data["results"][0]["location"]["coordinates"]["latitude"]} &lt;= 90</arg>
<arg>Should Be True</arg>
<arg>${True}</arg>
<doc>Runs the given keyword with the given arguments, if ``condition`` is true.</doc>
<status status="PASS" start="2024-07-06T10:14:39.637720" elapsed="0.001051"/>
</kw>
<kw name="Run Keyword If" owner="BuiltIn">
<kw name="Should Be True" owner="BuiltIn">
<arg>${True}</arg>
<doc>Fails if the given condition is not true.</doc>
<status status="PASS" start="2024-07-06T10:14:39.639622" elapsed="0.000232"/>
</kw>
<arg>${json_data["results"][0]["location"]["coordinates"]["longitude"]} &gt;= -180 and ${json_data["results"][0]["location"]["coordinates"]["longitude"]} &lt;= 180</arg>
<arg>Should Be True</arg>
<arg>${True}</arg>
<doc>Runs the given keyword with the given arguments, if ``condition`` is true.</doc>
<status status="PASS" start="2024-07-06T10:14:39.638947" elapsed="0.001040"/>
</kw>
<status status="PASS" start="2024-07-06T10:14:39.516576" elapsed="0.123544"/>
</kw>
<doc>Testa o conteúdo específico dos campos retornados pela API.</doc>
<tag>testeConteudo</tag>
<status status="PASS" start="2024-07-06T10:14:39.516067" elapsed="0.124200"/>
</test>
<status status="PASS" start="2024-07-06T10:14:38.707870" elapsed="0.934400"/>
</suite>
<status status="PASS" start="2024-07-06T10:14:38.693469" elapsed="0.953860"/>
</suite>
<statistics>
<total>
<stat pass="5" fail="0" skip="0">All Tests</stat>
</total>
<tag>
<stat pass="1" fail="0" skip="0">testeConteudo</stat>
<stat pass="1" fail="0" skip="0">testeEstruturaResposta</stat>
<stat pass="1" fail="0" skip="0">testeRequisicaoBasica</stat>
<stat pass="1" fail="0" skip="0">testeTiposDados</stat>
</tag>
<suite>
<stat pass="5" fail="0" skip="0" id="s1" name="Tests">Tests</stat>
<stat pass="5" fail="0" skip="0" id="s1-s1" name="Random-User-Test">Tests.Random-User-Test</stat>
</suite>
</statistics>
<errors>
</errors>
</robot>
