<?xml version="1.0" encoding="UTF-8"?>
<robot generator="Robot 7.0 (Python 3.12.3 on linux)" generated="2024-04-29T01:02:02.231123" rpa="false" schemaversion="5">
<suite id="s1" name="Tests" source="/home/runner/work/DesafioQAItauRogerioJordao/DesafioQAItauRogerioJordao/RamdonUser/tests">
<suite id="s1-s1" name="Random-User-Test" source="/home/runner/work/DesafioQAItauRogerioJordao/DesafioQAItauRogerioJordao/RamdonUser/tests/random-user-test.robot">
<test id="s1-s1-t1" name="Conectar" line="13">
<kw name="Conectar API" owner="random-user-service">
<kw name="Create Session" owner="RequestsLibrary">
<msg time="2024-04-29T01:02:02.602337" level="INFO">Creating Session using : alias=consultarAPI, url=https://randomuser.me/, headers={},                     cookies={}, auth=None, timeout=None, proxies=None, verify=False,                     debug=0 </msg>
<arg>consultarAPI</arg>
<arg>${URL}</arg>
<doc>Create Session: create a HTTP session to a server</doc>
<status status="PASS" start="2024-04-29T01:02:02.602132" elapsed="0.000399"/>
</kw>
<status status="PASS" start="2024-04-29T01:02:02.601084" elapsed="0.001818"/>
</kw>
<status status="PASS" start="2024-04-29T01:02:02.600493" elapsed="0.002601"/>
</test>
<test id="s1-s1-t2" name="Validar retorno 200 e JSON Válido" line="16">
<kw name="Teste de Requisicao Basica" owner="random-user-service">
<kw name="GET On Session" owner="RequestsLibrary">
<msg time="2024-04-29T01:02:03.131456" level="INFO">GET Request : url=https://randomuser.me/api 
 path_url=/api 
 headers={'User-Agent': 'python-requests/2.31.0', 'Accept-Encoding': 'gzip, deflate', 'Accept': '*/*', 'Connection': 'keep-alive'} 
 body=None 
 </msg>
<msg time="2024-04-29T01:02:03.131629" level="INFO">GET Response : url=https://randomuser.me/api 
 status=200, reason=OK 
 headers={'Date': 'Mon, 29 Apr 2024 01:02:03 GMT', 'Content-Type': 'application/json; charset=utf-8', 'Transfer-Encoding': 'chunked', 'Connection': 'keep-alive', 'X-Powered-By': 'Express', 'Access-Control-Allow-Origin': '*', 'Cache-Control': 'no-cache', 'ETag': 'W/"4ad-uSBvkxr6sOIMsSSKe30Yl1/qL/Q"', 'Vary': 'Accept-Encoding', 'Content-Encoding': 'gzip', 'CF-Cache-Status': 'DYNAMIC', 'Report-To': '{"endpoints":[{"url":"https:\\/\\/a.nel.cloudflare.com\\/report\\/v4?s=wXkTN2PwuytpoitZ%2FImSzvEzKdJSKvV%2FAMe7CfkuL1xe2rU6az62nmd8rtZMwlFef9gnbXiMq3DUSixpmnhiyne7A7u1nahT7Q9tJyNzBg%2BrKIeO4N%2BBPGAebPqWwGtI"}],"group":"cf-nel","max_age":604800}', 'NEL': '{"success_fraction":0,"report_to":"cf-nel","max_age":604800}', 'Server': 'cloudflare', 'CF-RAY': '87bb5d428c281b66-ORD', 'alt-svc': 'h3=":443"; ma=86400'} 
 body={"results":[{"gender":"female","name":{"title":"Miss","first":"Concepción","last":"Soto"},"location":{"street":{"number":5029,"name":"Calle de La Almudena"},"city":"Palma de Mallorca","state":"Región de Murcia","country":"Spain","postcode":42217,"coordinates":{"latitude":"-36.0672","longitude":"97.8958"},"timezone":{"offset":"+5:30","description":"Bombay, Calcutta, Madras, New Delhi"}},"email":"concepcion.soto@example.com","login":{"uuid":"3e5b87af-5eb7-4bd7-a822-bf2c1f0531c9","username":"blackpanda977","password":"biker","salt":"6SBTZDzF","md5":"8208af59b01944bd363899aaa0fb0b07","sha1":"f7aaabeb27000f9a7ab0d6037c4f4d6675e55462","sha256":"fe3c914fe841e685ff36859e67a695a82c7fbe533fd671e953be121ddb16f44c"},"dob":{"date":"1952-06-09T17:47:31.593Z","age":71},"registered":{"date":"2018-06-17T08:23:06.306Z","age":5},"phone":"990-321-769","cell":"649-568-469","id":{"name":"DNI","value":"82414217-I"},"picture":{"large":"https://randomuser.me/api/portraits/women/10.jpg","medium":"https://randomuser.me/api/portraits/med/women/10.jpg","thumbnail":"https://randomuser.me/api/portraits/thumb/women/10.jpg"},"nat":"ES"}],"info":{"seed":"37a3626960161fa3","results":1,"page":1,"version":"1.4"}} 
 </msg>
<msg time="2024-04-29T01:02:03.131734" level="INFO">/opt/hostedtoolcache/Python/3.12.3/x64/lib/python3.12/site-packages/urllib3/connectionpool.py:1103: InsecureRequestWarning: Unverified HTTPS request is being made to host 'randomuser.me'. Adding certificate verification is strongly advised. See: https://urllib3.readthedocs.io/en/latest/advanced-usage.html#tls-warnings
  warnings.warn(</msg>
<msg time="2024-04-29T01:02:03.131877" level="INFO">${response} = &lt;Response [200]&gt;</msg>
<var>${response}</var>
<arg>consultarAPI</arg>
<arg>/api</arg>
<doc>Sends a GET request on a previously created HTTP Session.</doc>
<status status="PASS" start="2024-04-29T01:02:02.605765" elapsed="0.526255"/>
</kw>
<kw name="Should Be Equal As Numbers" owner="BuiltIn">
<msg time="2024-04-29T01:02:03.133024" level="INFO">Argument types are:
&lt;class 'int'&gt;
&lt;class 'str'&gt;</msg>
<arg>${response.status_code}</arg>
<arg>200</arg>
<doc>Fails if objects are unequal after converting them to real numbers.</doc>
<status status="PASS" start="2024-04-29T01:02:03.132558" elapsed="0.000530"/>
</kw>
<kw name="Log" owner="BuiltIn">
<msg time="2024-04-29T01:02:03.133814" level="INFO">200</msg>
<arg>${response.status_code}</arg>
<doc>Logs the given message with the given level.</doc>
<status status="PASS" start="2024-04-29T01:02:03.133457" elapsed="0.000399"/>
</kw>
<kw name="Set Variable" owner="BuiltIn">
<msg time="2024-04-29T01:02:03.134663" level="INFO">${json_data} = {'results': [{'gender': 'female', 'name': {'title': 'Miss', 'first': 'Concepción', 'last': 'Soto'}, 'location': {'street': {'number': 5029, 'name': 'Calle de La Almudena'}, 'city': 'Palma de Mallorca'...</msg>
<var>${json_data}</var>
<arg>${response.json()}</arg>
<doc>Returns the given values which can then be assigned to a variables.</doc>
<status status="PASS" start="2024-04-29T01:02:03.134205" elapsed="0.000488"/>
</kw>
<kw name="Dictionary Should Contain Key" owner="Collections">
<msg time="2024-04-29T01:02:03.135172" level="INFO">False</msg>
<arg>${json_data}</arg>
<arg>results</arg>
<doc>Fails if ``key`` is not found from ``dictionary``.</doc>
<status status="PASS" start="2024-04-29T01:02:03.134998" elapsed="0.000215"/>
</kw>
<status status="PASS" start="2024-04-29T01:02:02.605517" elapsed="0.530025"/>
</kw>
<doc>Testa se a API responde corretamente e retorna um objeto JSON válido.</doc>
<tag>testeRequisicaoBasica</tag>
<status status="PASS" start="2024-04-29T01:02:02.605029" elapsed="0.530698"/>
</test>
<test id="s1-s1-t3" name="Validar estrutura de resposta" line="22">
<kw name="Teste de Estrutura de Resposta" owner="random-user-service">
<kw name="GET On Session" owner="RequestsLibrary">
<msg time="2024-04-29T01:02:03.203957" level="INFO">GET Request : url=https://randomuser.me/api 
 path_url=/api 
 headers={'User-Agent': 'python-requests/2.31.0', 'Accept-Encoding': 'gzip, deflate', 'Accept': '*/*', 'Connection': 'keep-alive'} 
 body=None 
 </msg>
<msg time="2024-04-29T01:02:03.204059" level="INFO">GET Response : url=https://randomuser.me/api 
 status=200, reason=OK 
 headers={'Date': 'Mon, 29 Apr 2024 01:02:03 GMT', 'Content-Type': 'application/json; charset=utf-8', 'Transfer-Encoding': 'chunked', 'Connection': 'keep-alive', 'X-Powered-By': 'Express', 'Access-Control-Allow-Origin': '*', 'Cache-Control': 'no-cache', 'ETag': 'W/"48c-otrnPn7MOe25b/lSc598M/LC/dQ"', 'Vary': 'Accept-Encoding', 'Content-Encoding': 'gzip', 'CF-Cache-Status': 'DYNAMIC', 'Report-To': '{"endpoints":[{"url":"https:\\/\\/a.nel.cloudflare.com\\/report\\/v4?s=LX6fYeC7VdeAktpHYNjrnrhalOU5evx15vZ63q2wSQciMN%2FoFrO4uXaxvW7E1l385NOkOz6tvcN9%2BV29BLC3HEpHg2w4ujynrJJu9rpE01uTBRcxVpqhJuW%2BQqu8q31N"}],"group":"cf-nel","max_age":604800}', 'NEL': '{"success_fraction":0,"report_to":"cf-nel","max_age":604800}', 'Server': 'cloudflare', 'CF-RAY': '87bb5d45981d1b66-ORD', 'alt-svc': 'h3=":443"; ma=86400'} 
 body={"results":[{"gender":"male","name":{"title":"Mr","first":"Robin","last":"Schwenke"},"location":{"street":{"number":5619,"name":"Schlossstraße"},"city":"Flörsheim am Main","state":"Sachsen-Anhalt","country":"Germany","postcode":82291,"coordinates":{"latitude":"-51.4225","longitude":"-14.5031"},"timezone":{"offset":"-3:30","description":"Newfoundland"}},"email":"robin.schwenke@example.com","login":{"uuid":"dc58d4dc-b402-49dc-9c20-ef9fa005774e","username":"bluebear933","password":"ricardo","salt":"UpclMZXe","md5":"01c68b52ba3c492b61f19d3eaa09da89","sha1":"fedb07bec423d787cee2627cdc0edc6558de220f","sha256":"de6fed7c0545667bcf92fa75c649cc84d0f7c90cc6a612f24b581891f683a520"},"dob":{"date":"1999-02-08T02:25:07.306Z","age":25},"registered":{"date":"2014-07-01T22:20:28.731Z","age":9},"phone":"0600-3443964","cell":"0179-9573400","id":{"name":"SVNR","value":"48 070299 S 117"},"picture":{"large":"https://randomuser.me/api/portraits/men/94.jpg","medium":"https://randomuser.me/api/portraits/med/men/94.jpg","thumbnail":"https://randomuser.me/api/portraits/thumb/men/94.jpg"},"nat":"DE"}],"info":{"seed":"a305be5f1076da06","results":1,"page":1,"version":"1.4"}} 
 </msg>
<msg time="2024-04-29T01:02:03.204191" level="INFO">/opt/hostedtoolcache/Python/3.12.3/x64/lib/python3.12/site-packages/urllib3/connectionpool.py:1103: InsecureRequestWarning: Unverified HTTPS request is being made to host 'randomuser.me'. Adding certificate verification is strongly advised. See: https://urllib3.readthedocs.io/en/latest/advanced-usage.html#tls-warnings
  warnings.warn(</msg>
<msg time="2024-04-29T01:02:03.204318" level="INFO">${response} = &lt;Response [200]&gt;</msg>
<var>${response}</var>
<arg>consultarAPI</arg>
<arg>/api</arg>
<doc>Sends a GET request on a previously created HTTP Session.</doc>
<status status="PASS" start="2024-04-29T01:02:03.138344" elapsed="0.066000"/>
</kw>
<kw name="Set Variable" owner="BuiltIn">
<msg time="2024-04-29T01:02:03.205417" level="INFO">${json_data} = {'results': [{'gender': 'male', 'name': {'title': 'Mr', 'first': 'Robin', 'last': 'Schwenke'}, 'location': {'street': {'number': 5619, 'name': 'Schlossstraße'}, 'city': 'Flörsheim am Main', 'state': '...</msg>
<var>${json_data}</var>
<arg>${response.json()}</arg>
<doc>Returns the given values which can then be assigned to a variables.</doc>
<status status="PASS" start="2024-04-29T01:02:03.204882" elapsed="0.000565"/>
</kw>
<kw name="Log" owner="BuiltIn">
<msg time="2024-04-29T01:02:03.205922" level="INFO">{'results': [{'gender': 'male', 'name': {'title': 'Mr', 'first': 'Robin', 'last': 'Schwenke'}, 'location': {'street': {'number': 5619, 'name': 'Schlossstraße'}, 'city': 'Flörsheim am Main', 'state': 'Sachsen-Anhalt', 'country': 'Germany', 'postcode': 82291, 'coordinates': {'latitude': '-51.4225', 'longitude': '-14.5031'}, 'timezone': {'offset': '-3:30', 'description': 'Newfoundland'}}, 'email': 'robin.schwenke@example.com', 'login': {'uuid': 'dc58d4dc-b402-49dc-9c20-ef9fa005774e', 'username': 'bluebear933', 'password': 'ricardo', 'salt': 'UpclMZXe', 'md5': '01c68b52ba3c492b61f19d3eaa09da89', 'sha1': 'fedb07bec423d787cee2627cdc0edc6558de220f', 'sha256': 'de6fed7c0545667bcf92fa75c649cc84d0f7c90cc6a612f24b581891f683a520'}, 'dob': {'date': '1999-02-08T02:25:07.306Z', 'age': 25}, 'registered': {'date': '2014-07-01T22:20:28.731Z', 'age': 9}, 'phone': '0600-3443964', 'cell': '0179-9573400', 'id': {'name': 'SVNR', 'value': '48 070299 S 117'}, 'picture': {'large': 'https://randomuser.me/api/portraits/men/94.jpg', 'medium': 'https://randomuser.me/api/portraits/med/men/94.jpg', 'thumbnail': 'https://randomuser.me/api/portraits/thumb/men/94.jpg'}, 'nat': 'DE'}], 'info': {'seed': 'a305be5f1076da06', 'results': 1, 'page': 1, 'version': '1.4'}}</msg>
<arg>${json_data}</arg>
<doc>Logs the given message with the given level.</doc>
<status status="PASS" start="2024-04-29T01:02:03.205757" elapsed="0.000214"/>
</kw>
<kw name="Dictionary Should Contain Key" owner="Collections">
<msg time="2024-04-29T01:02:03.206487" level="INFO">False</msg>
<arg>${json_data}</arg>
<arg>results</arg>
<doc>Fails if ``key`` is not found from ``dictionary``.</doc>
<status status="PASS" start="2024-04-29T01:02:03.206324" elapsed="0.000201"/>
</kw>
<kw name="Should Not Be Empty" owner="BuiltIn">
<msg time="2024-04-29T01:02:03.206954" level="INFO">Length is 2.</msg>
<arg>${json_data}</arg>
<doc>Verifies that the given item is not empty.</doc>
<status status="PASS" start="2024-04-29T01:02:03.206816" elapsed="0.000339"/>
</kw>
<kw name="Create List" owner="BuiltIn">
<msg time="2024-04-29T01:02:03.207606" level="INFO">${expected_keys} = ['gender', 'name', 'location', 'email', 'login']</msg>
<var>${expected_keys}</var>
<arg>gender</arg>
<arg>name</arg>
<arg>location</arg>
<arg>email</arg>
<arg>login</arg>
<doc>Returns a list containing given items.</doc>
<status status="PASS" start="2024-04-29T01:02:03.207452" elapsed="0.000179"/>
</kw>
<for flavor="IN">
<iter>
<kw name="Dictionary Should Contain Key" owner="Collections">
<msg time="2024-04-29T01:02:03.208625" level="INFO">False</msg>
<arg>${json_data['results'][0]}</arg>
<arg>${key}</arg>
<doc>Fails if ``key`` is not found from ``dictionary``.</doc>
<status status="PASS" start="2024-04-29T01:02:03.208214" elapsed="0.000449"/>
</kw>
<kw name="Log" owner="BuiltIn">
<msg time="2024-04-29T01:02:03.209331" level="INFO">{'gender': 'male', 'name': {'title': 'Mr', 'first': 'Robin', 'last': 'Schwenke'}, 'location': {'street': {'number': 5619, 'name': 'Schlossstraße'}, 'city': 'Flörsheim am Main', 'state': 'Sachsen-Anhalt', 'country': 'Germany', 'postcode': 82291, 'coordinates': {'latitude': '-51.4225', 'longitude': '-14.5031'}, 'timezone': {'offset': '-3:30', 'description': 'Newfoundland'}}, 'email': 'robin.schwenke@example.com', 'login': {'uuid': 'dc58d4dc-b402-49dc-9c20-ef9fa005774e', 'username': 'bluebear933', 'password': 'ricardo', 'salt': 'UpclMZXe', 'md5': '01c68b52ba3c492b61f19d3eaa09da89', 'sha1': 'fedb07bec423d787cee2627cdc0edc6558de220f', 'sha256': 'de6fed7c0545667bcf92fa75c649cc84d0f7c90cc6a612f24b581891f683a520'}, 'dob': {'date': '1999-02-08T02:25:07.306Z', 'age': 25}, 'registered': {'date': '2014-07-01T22:20:28.731Z', 'age': 9}, 'phone': '0600-3443964', 'cell': '0179-9573400', 'id': {'name': 'SVNR', 'value': '48 070299 S 117'}, 'picture': {'large': 'https://randomuser.me/api/portraits/men/94.jpg', 'medium': 'https://randomuser.me/api/portraits/med/men/94.jpg', 'thumbnail': 'https://randomuser.me/api/portraits/thumb/men/94.jpg'}, 'nat': 'DE'}</msg>
<arg>${json_data['results'][0]}</arg>
<doc>Logs the given message with the given level.</doc>
<status status="PASS" start="2024-04-29T01:02:03.208964" elapsed="0.000417"/>
</kw>
<kw name="Log" owner="BuiltIn">
<msg time="2024-04-29T01:02:03.209801" level="INFO">gender</msg>
<arg>${key}</arg>
<doc>Logs the given message with the given level.</doc>
<status status="PASS" start="2024-04-29T01:02:03.209674" elapsed="0.000164"/>
</kw>
<var name="${key}">gender</var>
<status status="PASS" start="2024-04-29T01:02:03.208087" elapsed="0.001985"/>
</iter>
<iter>
<kw name="Dictionary Should Contain Key" owner="Collections">
<msg time="2024-04-29T01:02:03.210765" level="INFO">False</msg>
<arg>${json_data['results'][0]}</arg>
<arg>${key}</arg>
<doc>Fails if ``key`` is not found from ``dictionary``.</doc>
<status status="PASS" start="2024-04-29T01:02:03.210381" elapsed="0.000422"/>
</kw>
<kw name="Log" owner="BuiltIn">
<msg time="2024-04-29T01:02:03.211494" level="INFO">{'gender': 'male', 'name': {'title': 'Mr', 'first': 'Robin', 'last': 'Schwenke'}, 'location': {'street': {'number': 5619, 'name': 'Schlossstraße'}, 'city': 'Flörsheim am Main', 'state': 'Sachsen-Anhalt', 'country': 'Germany', 'postcode': 82291, 'coordinates': {'latitude': '-51.4225', 'longitude': '-14.5031'}, 'timezone': {'offset': '-3:30', 'description': 'Newfoundland'}}, 'email': 'robin.schwenke@example.com', 'login': {'uuid': 'dc58d4dc-b402-49dc-9c20-ef9fa005774e', 'username': 'bluebear933', 'password': 'ricardo', 'salt': 'UpclMZXe', 'md5': '01c68b52ba3c492b61f19d3eaa09da89', 'sha1': 'fedb07bec423d787cee2627cdc0edc6558de220f', 'sha256': 'de6fed7c0545667bcf92fa75c649cc84d0f7c90cc6a612f24b581891f683a520'}, 'dob': {'date': '1999-02-08T02:25:07.306Z', 'age': 25}, 'registered': {'date': '2014-07-01T22:20:28.731Z', 'age': 9}, 'phone': '0600-3443964', 'cell': '0179-9573400', 'id': {'name': 'SVNR', 'value': '48 070299 S 117'}, 'picture': {'large': 'https://randomuser.me/api/portraits/men/94.jpg', 'medium': 'https://randomuser.me/api/portraits/med/men/94.jpg', 'thumbnail': 'https://randomuser.me/api/portraits/thumb/men/94.jpg'}, 'nat': 'DE'}</msg>
<arg>${json_data['results'][0]}</arg>
<doc>Logs the given message with the given level.</doc>
<status status="PASS" start="2024-04-29T01:02:03.211127" elapsed="0.000417"/>
</kw>
<kw name="Log" owner="BuiltIn">
<msg time="2024-04-29T01:02:03.211973" level="INFO">name</msg>
<arg>${key}</arg>
<doc>Logs the given message with the given level.</doc>
<status status="PASS" start="2024-04-29T01:02:03.211847" elapsed="0.000163"/>
</kw>
<var name="${key}">name</var>
<status status="PASS" start="2024-04-29T01:02:03.210265" elapsed="0.001961"/>
</iter>
<iter>
<kw name="Dictionary Should Contain Key" owner="Collections">
<msg time="2024-04-29T01:02:03.212895" level="INFO">False</msg>
<arg>${json_data['results'][0]}</arg>
<arg>${key}</arg>
<doc>Fails if ``key`` is not found from ``dictionary``.</doc>
<status status="PASS" start="2024-04-29T01:02:03.212511" elapsed="0.000421"/>
</kw>
<kw name="Log" owner="BuiltIn">
<msg time="2024-04-29T01:02:03.213594" level="INFO">{'gender': 'male', 'name': {'title': 'Mr', 'first': 'Robin', 'last': 'Schwenke'}, 'location': {'street': {'number': 5619, 'name': 'Schlossstraße'}, 'city': 'Flörsheim am Main', 'state': 'Sachsen-Anhalt', 'country': 'Germany', 'postcode': 82291, 'coordinates': {'latitude': '-51.4225', 'longitude': '-14.5031'}, 'timezone': {'offset': '-3:30', 'description': 'Newfoundland'}}, 'email': 'robin.schwenke@example.com', 'login': {'uuid': 'dc58d4dc-b402-49dc-9c20-ef9fa005774e', 'username': 'bluebear933', 'password': 'ricardo', 'salt': 'UpclMZXe', 'md5': '01c68b52ba3c492b61f19d3eaa09da89', 'sha1': 'fedb07bec423d787cee2627cdc0edc6558de220f', 'sha256': 'de6fed7c0545667bcf92fa75c649cc84d0f7c90cc6a612f24b581891f683a520'}, 'dob': {'date': '1999-02-08T02:25:07.306Z', 'age': 25}, 'registered': {'date': '2014-07-01T22:20:28.731Z', 'age': 9}, 'phone': '0600-3443964', 'cell': '0179-9573400', 'id': {'name': 'SVNR', 'value': '48 070299 S 117'}, 'picture': {'large': 'https://randomuser.me/api/portraits/men/94.jpg', 'medium': 'https://randomuser.me/api/portraits/med/men/94.jpg', 'thumbnail': 'https://randomuser.me/api/portraits/thumb/men/94.jpg'}, 'nat': 'DE'}</msg>
<arg>${json_data['results'][0]}</arg>
<doc>Logs the given message with the given level.</doc>
<status status="PASS" start="2024-04-29T01:02:03.213233" elapsed="0.000410"/>
</kw>
<kw name="Log" owner="BuiltIn">
<msg time="2024-04-29T01:02:03.214109" level="INFO">location</msg>
<arg>${key}</arg>
<doc>Logs the given message with the given level.</doc>
<status status="PASS" start="2024-04-29T01:02:03.213932" elapsed="0.000218"/>
</kw>
<var name="${key}">location</var>
<status status="PASS" start="2024-04-29T01:02:03.212402" elapsed="0.001967"/>
</iter>
<iter>
<kw name="Dictionary Should Contain Key" owner="Collections">
<msg time="2024-04-29T01:02:03.215033" level="INFO">False</msg>
<arg>${json_data['results'][0]}</arg>
<arg>${key}</arg>
<doc>Fails if ``key`` is not found from ``dictionary``.</doc>
<status status="PASS" start="2024-04-29T01:02:03.214648" elapsed="0.000422"/>
</kw>
<kw name="Log" owner="BuiltIn">
<msg time="2024-04-29T01:02:03.215731" level="INFO">{'gender': 'male', 'name': {'title': 'Mr', 'first': 'Robin', 'last': 'Schwenke'}, 'location': {'street': {'number': 5619, 'name': 'Schlossstraße'}, 'city': 'Flörsheim am Main', 'state': 'Sachsen-Anhalt', 'country': 'Germany', 'postcode': 82291, 'coordinates': {'latitude': '-51.4225', 'longitude': '-14.5031'}, 'timezone': {'offset': '-3:30', 'description': 'Newfoundland'}}, 'email': 'robin.schwenke@example.com', 'login': {'uuid': 'dc58d4dc-b402-49dc-9c20-ef9fa005774e', 'username': 'bluebear933', 'password': 'ricardo', 'salt': 'UpclMZXe', 'md5': '01c68b52ba3c492b61f19d3eaa09da89', 'sha1': 'fedb07bec423d787cee2627cdc0edc6558de220f', 'sha256': 'de6fed7c0545667bcf92fa75c649cc84d0f7c90cc6a612f24b581891f683a520'}, 'dob': {'date': '1999-02-08T02:25:07.306Z', 'age': 25}, 'registered': {'date': '2014-07-01T22:20:28.731Z', 'age': 9}, 'phone': '0600-3443964', 'cell': '0179-9573400', 'id': {'name': 'SVNR', 'value': '48 070299 S 117'}, 'picture': {'large': 'https://randomuser.me/api/portraits/men/94.jpg', 'medium': 'https://randomuser.me/api/portraits/med/men/94.jpg', 'thumbnail': 'https://randomuser.me/api/portraits/thumb/men/94.jpg'}, 'nat': 'DE'}</msg>
<arg>${json_data['results'][0]}</arg>
<doc>Logs the given message with the given level.</doc>
<status status="PASS" start="2024-04-29T01:02:03.215365" elapsed="0.000416"/>
</kw>
<kw name="Log" owner="BuiltIn">
<msg time="2024-04-29T01:02:03.216201" level="INFO">email</msg>
<arg>${key}</arg>
<doc>Logs the given message with the given level.</doc>
<status status="PASS" start="2024-04-29T01:02:03.216074" elapsed="0.000164"/>
</kw>
<var name="${key}">email</var>
<status status="PASS" start="2024-04-29T01:02:03.214539" elapsed="0.001912"/>
</iter>
<iter>
<kw name="Dictionary Should Contain Key" owner="Collections">
<msg time="2024-04-29T01:02:03.217121" level="INFO">False</msg>
<arg>${json_data['results'][0]}</arg>
<arg>${key}</arg>
<doc>Fails if ``key`` is not found from ``dictionary``.</doc>
<status status="PASS" start="2024-04-29T01:02:03.216731" elapsed="0.000428"/>
</kw>
<kw name="Log" owner="BuiltIn">
<msg time="2024-04-29T01:02:03.217816" level="INFO">{'gender': 'male', 'name': {'title': 'Mr', 'first': 'Robin', 'last': 'Schwenke'}, 'location': {'street': {'number': 5619, 'name': 'Schlossstraße'}, 'city': 'Flörsheim am Main', 'state': 'Sachsen-Anhalt', 'country': 'Germany', 'postcode': 82291, 'coordinates': {'latitude': '-51.4225', 'longitude': '-14.5031'}, 'timezone': {'offset': '-3:30', 'description': 'Newfoundland'}}, 'email': 'robin.schwenke@example.com', 'login': {'uuid': 'dc58d4dc-b402-49dc-9c20-ef9fa005774e', 'username': 'bluebear933', 'password': 'ricardo', 'salt': 'UpclMZXe', 'md5': '01c68b52ba3c492b61f19d3eaa09da89', 'sha1': 'fedb07bec423d787cee2627cdc0edc6558de220f', 'sha256': 'de6fed7c0545667bcf92fa75c649cc84d0f7c90cc6a612f24b581891f683a520'}, 'dob': {'date': '1999-02-08T02:25:07.306Z', 'age': 25}, 'registered': {'date': '2014-07-01T22:20:28.731Z', 'age': 9}, 'phone': '0600-3443964', 'cell': '0179-9573400', 'id': {'name': 'SVNR', 'value': '48 070299 S 117'}, 'picture': {'large': 'https://randomuser.me/api/portraits/men/94.jpg', 'medium': 'https://randomuser.me/api/portraits/med/men/94.jpg', 'thumbnail': 'https://randomuser.me/api/portraits/thumb/men/94.jpg'}, 'nat': 'DE'}</msg>
<arg>${json_data['results'][0]}</arg>
<doc>Logs the given message with the given level.</doc>
<status status="PASS" start="2024-04-29T01:02:03.217453" elapsed="0.000413"/>
</kw>
<kw name="Log" owner="BuiltIn">
<msg time="2024-04-29T01:02:03.218322" level="INFO">login</msg>
<arg>${key}</arg>
<doc>Logs the given message with the given level.</doc>
<status status="PASS" start="2024-04-29T01:02:03.218194" elapsed="0.000167"/>
</kw>
<var name="${key}">login</var>
<status status="PASS" start="2024-04-29T01:02:03.216621" elapsed="0.001980"/>
</iter>
<var>${key}</var>
<value>@{expected_keys}</value>
<status status="PASS" start="2024-04-29T01:02:03.207890" elapsed="0.010838"/>
</for>
<kw name="Create List" owner="BuiltIn">
<msg time="2024-04-29T01:02:03.219064" level="INFO">${expected_keysTwo} = ['username', 'password']</msg>
<var>${expected_keysTwo}</var>
<arg>username</arg>
<arg>password</arg>
<doc>Returns a list containing given items.</doc>
<status status="PASS" start="2024-04-29T01:02:03.218927" elapsed="0.000161"/>
</kw>
<for flavor="IN">
<iter>
<kw name="Dictionary Should Contain Key" owner="Collections">
<msg time="2024-04-29T01:02:03.219979" level="INFO">False</msg>
<arg>${json_data['results'][0]['login']}</arg>
<arg>${keyTwo}</arg>
<doc>Fails if ``key`` is not found from ``dictionary``.</doc>
<status status="PASS" start="2024-04-29T01:02:03.219588" elapsed="0.000429"/>
</kw>
<kw name="Dictionary Should Contain Key" owner="Collections">
<msg time="2024-04-29T01:02:03.220698" level="INFO">False</msg>
<arg>${json_data['results'][0]['login']}</arg>
<arg>${keyTwo}</arg>
<doc>Fails if ``key`` is not found from ``dictionary``.</doc>
<status status="PASS" start="2024-04-29T01:02:03.220310" elapsed="0.000426"/>
</kw>
<kw name="Log" owner="BuiltIn">
<msg time="2024-04-29T01:02:03.221157" level="INFO">username</msg>
<arg>${keyTwo}</arg>
<doc>Logs the given message with the given level.</doc>
<status status="PASS" start="2024-04-29T01:02:03.221026" elapsed="0.000173"/>
</kw>
<var name="${keyTwo}">username</var>
<status status="PASS" start="2024-04-29T01:02:03.219479" elapsed="0.001936"/>
</iter>
<iter>
<kw name="Dictionary Should Contain Key" owner="Collections">
<msg time="2024-04-29T01:02:03.222208" level="INFO">False</msg>
<arg>${json_data['results'][0]['login']}</arg>
<arg>${keyTwo}</arg>
<doc>Fails if ``key`` is not found from ``dictionary``.</doc>
<status status="PASS" start="2024-04-29T01:02:03.221699" elapsed="0.000557"/>
</kw>
<kw name="Dictionary Should Contain Key" owner="Collections">
<msg time="2024-04-29T01:02:03.222945" level="INFO">False</msg>
<arg>${json_data['results'][0]['login']}</arg>
<arg>${keyTwo}</arg>
<doc>Fails if ``key`` is not found from ``dictionary``.</doc>
<status status="PASS" start="2024-04-29T01:02:03.222558" elapsed="0.000424"/>
</kw>
<kw name="Log" owner="BuiltIn">
<msg time="2024-04-29T01:02:03.223402" level="INFO">password</msg>
<arg>${keyTwo}</arg>
<doc>Logs the given message with the given level.</doc>
<status status="PASS" start="2024-04-29T01:02:03.223275" elapsed="0.000165"/>
</kw>
<var name="${keyTwo}">password</var>
<status status="PASS" start="2024-04-29T01:02:03.221583" elapsed="0.002074"/>
</iter>
<var>${keyTwo}</var>
<value>@{expected_keysTwo}</value>
<status status="PASS" start="2024-04-29T01:02:03.219325" elapsed="0.004474"/>
</for>
<status status="PASS" start="2024-04-29T01:02:03.138107" elapsed="0.085847"/>
</kw>
<doc>Testa a estrutura da resposta da API.</doc>
<tag>testeEstruturaResposta</tag>
<status status="PASS" start="2024-04-29T01:02:03.137558" elapsed="0.086558"/>
</test>
<test id="s1-s1-t4" name="Validar tipos de dados" line="28">
<kw name="Teste de Tipos de Dados" owner="random-user-service">
<kw name="GET On Session" owner="RequestsLibrary">
<msg time="2024-04-29T01:02:03.288914" level="INFO">GET Request : url=https://randomuser.me/api 
 path_url=/api 
 headers={'User-Agent': 'python-requests/2.31.0', 'Accept-Encoding': 'gzip, deflate', 'Accept': '*/*', 'Connection': 'keep-alive'} 
 body=None 
 </msg>
<msg time="2024-04-29T01:02:03.289024" level="INFO">GET Response : url=https://randomuser.me/api 
 status=200, reason=OK 
 headers={'Date': 'Mon, 29 Apr 2024 01:02:03 GMT', 'Content-Type': 'application/json; charset=utf-8', 'Transfer-Encoding': 'chunked', 'Connection': 'keep-alive', 'X-Powered-By': 'Express', 'Access-Control-Allow-Origin': '*', 'Cache-Control': 'no-cache', 'ETag': 'W/"480-CcZ0Du/DPdNIZiQCt4kadzH3BhA"', 'Vary': 'Accept-Encoding', 'Content-Encoding': 'gzip', 'CF-Cache-Status': 'DYNAMIC', 'Report-To': '{"endpoints":[{"url":"https:\\/\\/a.nel.cloudflare.com\\/report\\/v4?s=GqTqlDYR1VEKpaxYgrVa7OK1K1wPPyY3yGeg7NSppCdbOL0iMqJ1QqRa6fM5pxLA1SAGazSnUf3%2BtCsJtN4XA7JkI50843I%2Fyu%2FpLs5OqW8IvnSkO7XaMjNPczhJIhjZ"}],"group":"cf-nel","max_age":604800}', 'NEL': '{"success_fraction":0,"report_to":"cf-nel","max_age":604800}', 'Server': 'cloudflare', 'CF-RAY': '87bb5d4628b51b66-ORD', 'alt-svc': 'h3=":443"; ma=86400'} 
 body={"results":[{"gender":"male","name":{"title":"Mr","first":"Neel","last":"Mathew"},"location":{"street":{"number":9327,"name":"Coaker's Walk"},"city":"Madanapalle","state":"Jharkhand","country":"India","postcode":90940,"coordinates":{"latitude":"10.9138","longitude":"-73.0860"},"timezone":{"offset":"-7:00","description":"Mountain Time (US &amp; Canada)"}},"email":"neel.mathew@example.com","login":{"uuid":"a82e387e-bfbe-4fc2-b1eb-ba5f09355e5b","username":"tinypanda725","password":"asgard","salt":"S9R69VjR","md5":"bb40f6954e66261fbb2817ae06a493e8","sha1":"e26e36ae224fcb79810192b16f7f3d5c2143ebf9","sha256":"87073d4095020b2d6944069e02587e6f820f31de2b07c677b7afeb410e09c048"},"dob":{"date":"1983-04-07T07:04:16.425Z","age":41},"registered":{"date":"2009-06-23T08:28:49.064Z","age":14},"phone":"7513393782","cell":"8629542733","id":{"name":"UIDAI","value":"630109545212"},"picture":{"large":"https://randomuser.me/api/portraits/men/93.jpg","medium":"https://randomuser.me/api/portraits/med/men/93.jpg","thumbnail":"https://randomuser.me/api/portraits/thumb/men/93.jpg"},"nat":"IN"}],"info":{"seed":"f37cfc770a31f2de","results":1,"page":1,"version":"1.4"}} 
 </msg>
<msg time="2024-04-29T01:02:03.289102" level="INFO">/opt/hostedtoolcache/Python/3.12.3/x64/lib/python3.12/site-packages/urllib3/connectionpool.py:1103: InsecureRequestWarning: Unverified HTTPS request is being made to host 'randomuser.me'. Adding certificate verification is strongly advised. See: https://urllib3.readthedocs.io/en/latest/advanced-usage.html#tls-warnings
  warnings.warn(</msg>
<msg time="2024-04-29T01:02:03.289232" level="INFO">${response} = &lt;Response [200]&gt;</msg>
<var>${response}</var>
<arg>consultarAPI</arg>
<arg>/api</arg>
<doc>Sends a GET request on a previously created HTTP Session.</doc>
<status status="PASS" start="2024-04-29T01:02:03.226733" elapsed="0.062540"/>
</kw>
<kw name="Set Variable" owner="BuiltIn">
<msg time="2024-04-29T01:02:03.290501" level="INFO">${json_data} = {'results': [{'gender': 'male', 'name': {'title': 'Mr', 'first': 'Neel', 'last': 'Mathew'}, 'location': {'street': {'number': 9327, 'name': "Coaker's Walk"}, 'city': 'Madanapalle', 'state': 'Jharkhand...</msg>
<var>${json_data}</var>
<arg>${response.json()}</arg>
<doc>Returns the given values which can then be assigned to a variables.</doc>
<status status="PASS" start="2024-04-29T01:02:03.289892" elapsed="0.000639"/>
</kw>
<kw name="Log" owner="BuiltIn">
<msg time="2024-04-29T01:02:03.291001" level="INFO">{'results': [{'gender': 'male', 'name': {'title': 'Mr', 'first': 'Neel', 'last': 'Mathew'}, 'location': {'street': {'number': 9327, 'name': "Coaker's Walk"}, 'city': 'Madanapalle', 'state': 'Jharkhand', 'country': 'India', 'postcode': 90940, 'coordinates': {'latitude': '10.9138', 'longitude': '-73.0860'}, 'timezone': {'offset': '-7:00', 'description': 'Mountain Time (US &amp; Canada)'}}, 'email': 'neel.mathew@example.com', 'login': {'uuid': 'a82e387e-bfbe-4fc2-b1eb-ba5f09355e5b', 'username': 'tinypanda725', 'password': 'asgard', 'salt': 'S9R69VjR', 'md5': 'bb40f6954e66261fbb2817ae06a493e8', 'sha1': 'e26e36ae224fcb79810192b16f7f3d5c2143ebf9', 'sha256': '87073d4095020b2d6944069e02587e6f820f31de2b07c677b7afeb410e09c048'}, 'dob': {'date': '1983-04-07T07:04:16.425Z', 'age': 41}, 'registered': {'date': '2009-06-23T08:28:49.064Z', 'age': 14}, 'phone': '7513393782', 'cell': '8629542733', 'id': {'name': 'UIDAI', 'value': '630109545212'}, 'picture': {'large': 'https://randomuser.me/api/portraits/men/93.jpg', 'medium': 'https://randomuser.me/api/portraits/med/men/93.jpg', 'thumbnail': 'https://randomuser.me/api/portraits/thumb/men/93.jpg'}, 'nat': 'IN'}], 'info': {'seed': 'f37cfc770a31f2de', 'results': 1, 'page': 1, 'version': '1.4'}}</msg>
<arg>${json_data}</arg>
<doc>Logs the given message with the given level.</doc>
<status status="PASS" start="2024-04-29T01:02:03.290847" elapsed="0.000240"/>
</kw>
<kw name="Should Be String" owner="String">
<arg>${json_data['results'][0]['gender']}</arg>
<doc>Fails if the given ``item`` is not a string.</doc>
<status status="PASS" start="2024-04-29T01:02:03.291386" elapsed="0.000378"/>
</kw>
<kw name="Should Match Regexp" owner="BuiltIn">
<arg>${json_data['results'][0]['email']}</arg>
<arg>^[a-zA-Z0-9._%+-]+@[a-zA-Z0-9.-]+\.[a-zA-Z]{2,}$</arg>
<doc>Fails if ``string`` does not match ``pattern`` as a regular expression.</doc>
<status status="PASS" start="2024-04-29T01:02:03.291959" elapsed="0.000520"/>
</kw>
<kw name="Should Match Regexp" owner="BuiltIn">
<arg>${json_data['results'][0]['dob']['date']}</arg>
<arg>\\d{4}-\\d{2}-\\d{2}T\\d{2}:\\d{2}:\\d{2}\\.\\d{3}Z</arg>
<doc>Fails if ``string`` does not match ``pattern`` as a regular expression.</doc>
<status status="PASS" start="2024-04-29T01:02:03.292677" elapsed="0.000484"/>
</kw>
<kw name="Should Match Regexp" owner="BuiltIn">
<arg>${json_data['results'][0]['registered']['date']}</arg>
<arg>\\d{4}-\\d{2}-\\d{2}T\\d{2}:\\d{2}:\\d{2}\\.\\d{3}Z</arg>
<doc>Fails if ``string`` does not match ``pattern`` as a regular expression.</doc>
<status status="PASS" start="2024-04-29T01:02:03.293352" elapsed="0.000373"/>
</kw>
<kw name="Should Match Regexp" owner="BuiltIn">
<arg>${json_data['results'][0]['picture']['large']}</arg>
<arg>^https?://.*\.(?:png|jpe?g|gif|bmp)$</arg>
<doc>Fails if ``string`` does not match ``pattern`` as a regular expression.</doc>
<status status="PASS" start="2024-04-29T01:02:03.293912" elapsed="0.000512"/>
</kw>
<kw name="Should Match Regexp" owner="BuiltIn">
<arg>${json_data['results'][0]['picture']['medium']}</arg>
<arg>^https?://.*\.(?:png|jpe?g|gif|bmp)$</arg>
<doc>Fails if ``string`` does not match ``pattern`` as a regular expression.</doc>
<status status="PASS" start="2024-04-29T01:02:03.294613" elapsed="0.000366"/>
</kw>
<kw name="Should Match Regexp" owner="BuiltIn">
<arg>${json_data['results'][0]['picture']['thumbnail']}</arg>
<arg>^https?://.*\.(?:png|jpe?g|gif|bmp)$</arg>
<doc>Fails if ``string`` does not match ``pattern`` as a regular expression.</doc>
<status status="PASS" start="2024-04-29T01:02:03.295168" elapsed="0.000353"/>
</kw>
<kw name="Log" owner="BuiltIn">
<msg time="2024-04-29T01:02:03.296022" level="INFO">{'large': 'https://randomuser.me/api/portraits/men/93.jpg', 'medium': 'https://randomuser.me/api/portraits/med/men/93.jpg', 'thumbnail': 'https://randomuser.me/api/portraits/thumb/men/93.jpg'}</msg>
<arg>${json_data['results'][0]['picture']}</arg>
<doc>Logs the given message with the given level.</doc>
<status status="PASS" start="2024-04-29T01:02:03.295700" elapsed="0.000364"/>
</kw>
<status status="PASS" start="2024-04-29T01:02:03.226496" elapsed="0.069827"/>
</kw>
<kw name="Teste de Tipos de Dados - Postcode" owner="random-user-service">
<kw name="GET On Session" owner="RequestsLibrary">
<msg time="2024-04-29T01:02:03.387690" level="INFO">GET Request : url=https://randomuser.me/api 
 path_url=/api 
 headers={'User-Agent': 'python-requests/2.31.0', 'Accept-Encoding': 'gzip, deflate', 'Accept': '*/*', 'Connection': 'keep-alive'} 
 body=None 
 </msg>
<msg time="2024-04-29T01:02:03.387787" level="INFO">GET Response : url=https://randomuser.me/api 
 status=200, reason=OK 
 headers={'Date': 'Mon, 29 Apr 2024 01:02:03 GMT', 'Content-Type': 'application/json; charset=utf-8', 'Transfer-Encoding': 'chunked', 'Connection': 'keep-alive', 'X-Powered-By': 'Express', 'Access-Control-Allow-Origin': '*', 'Cache-Control': 'no-cache', 'ETag': 'W/"4ae-6+So3/74Wq2SWnoXIs5K+6QCmzk"', 'Vary': 'Accept-Encoding', 'Content-Encoding': 'gzip', 'CF-Cache-Status': 'DYNAMIC', 'Report-To': '{"endpoints":[{"url":"https:\\/\\/a.nel.cloudflare.com\\/report\\/v4?s=iN5uwXZOpA0FxRdt4p5sO8v8hLu1XDZgfaWwyClm0hI8mdvLDOcekGMxzV07WmMg01cubgx3nU%2BdOfsdzTphYfNF2sR19gPOP0CeI8UVaOzdbIsDXv%2BNPjj%2B7mnxXB6F"}],"group":"cf-nel","max_age":604800}', 'NEL': '{"success_fraction":0,"report_to":"cf-nel","max_age":604800}', 'Server': 'cloudflare', 'CF-RAY': '87bb5d46994d1b66-ORD', 'alt-svc': 'h3=":443"; ma=86400'} 
 body={"results":[{"gender":"male","name":{"title":"Mr","first":"Anthony","last":"Carroll"},"location":{"street":{"number":48,"name":"Blossom Hill Rd"},"city":"Australian Capital Territory","state":"Northern Territory","country":"Australia","postcode":678,"coordinates":{"latitude":"-89.5150","longitude":"-54.8630"},"timezone":{"offset":"+9:00","description":"Tokyo, Seoul, Osaka, Sapporo, Yakutsk"}},"email":"anthony.carroll@example.com","login":{"uuid":"02d00148-4203-453b-bfdd-e17af222eab0","username":"smallswan931","password":"xtreme","salt":"sjbmvnSm","md5":"6e03ac0e44d1eeaab8be31e95ba73647","sha1":"84ebf0952110adfa5884156e2708946f67381335","sha256":"6ebcddf53cc73d73666776d72716925f577b7b3768dcea263ec092d3835693f6"},"dob":{"date":"1949-12-18T11:42:42.705Z","age":74},"registered":{"date":"2011-06-22T19:17:35.727Z","age":12},"phone":"09-1118-6707","cell":"0466-397-695","id":{"name":"TFN","value":"198797037"},"picture":{"large":"https://randomuser.me/api/portraits/men/68.jpg","medium":"https://randomuser.me/api/portraits/med/men/68.jpg","thumbnail":"https://randomuser.me/api/portraits/thumb/men/68.jpg"},"nat":"AU"}],"info":{"seed":"6f0eca6b7aeed553","results":1,"page":1,"version":"1.4"}} 
 </msg>
<msg time="2024-04-29T01:02:03.387856" level="INFO">/opt/hostedtoolcache/Python/3.12.3/x64/lib/python3.12/site-packages/urllib3/connectionpool.py:1103: InsecureRequestWarning: Unverified HTTPS request is being made to host 'randomuser.me'. Adding certificate verification is strongly advised. See: https://urllib3.readthedocs.io/en/latest/advanced-usage.html#tls-warnings
  warnings.warn(</msg>
<msg time="2024-04-29T01:02:03.387974" level="INFO">${response} = &lt;Response [200]&gt;</msg>
<var>${response}</var>
<arg>consultarAPI</arg>
<arg>/api</arg>
<doc>Sends a GET request on a previously created HTTP Session.</doc>
<status status="PASS" start="2024-04-29T01:02:03.296792" elapsed="0.091221"/>
</kw>
<kw name="Set Variable" owner="BuiltIn">
<msg time="2024-04-29T01:02:03.389051" level="INFO">${json_data} = {'results': [{'gender': 'male', 'name': {'title': 'Mr', 'first': 'Anthony', 'last': 'Carroll'}, 'location': {'street': {'number': 48, 'name': 'Blossom Hill Rd'}, 'city': 'Australian Capital Territory'...</msg>
<var>${json_data}</var>
<arg>${response.json()}</arg>
<doc>Returns the given values which can then be assigned to a variables.</doc>
<status status="PASS" start="2024-04-29T01:02:03.388527" elapsed="0.000552"/>
</kw>
<kw name="Log" owner="BuiltIn">
<msg time="2024-04-29T01:02:03.389540" level="INFO">{'results': [{'gender': 'male', 'name': {'title': 'Mr', 'first': 'Anthony', 'last': 'Carroll'}, 'location': {'street': {'number': 48, 'name': 'Blossom Hill Rd'}, 'city': 'Australian Capital Territory', 'state': 'Northern Territory', 'country': 'Australia', 'postcode': 678, 'coordinates': {'latitude': '-89.5150', 'longitude': '-54.8630'}, 'timezone': {'offset': '+9:00', 'description': 'Tokyo, Seoul, Osaka, Sapporo, Yakutsk'}}, 'email': 'anthony.carroll@example.com', 'login': {'uuid': '02d00148-4203-453b-bfdd-e17af222eab0', 'username': 'smallswan931', 'password': 'xtreme', 'salt': 'sjbmvnSm', 'md5': '6e03ac0e44d1eeaab8be31e95ba73647', 'sha1': '84ebf0952110adfa5884156e2708946f67381335', 'sha256': '6ebcddf53cc73d73666776d72716925f577b7b3768dcea263ec092d3835693f6'}, 'dob': {'date': '1949-12-18T11:42:42.705Z', 'age': 74}, 'registered': {'date': '2011-06-22T19:17:35.727Z', 'age': 12}, 'phone': '09-1118-6707', 'cell': '0466-397-695', 'id': {'name': 'TFN', 'value': '198797037'}, 'picture': {'large': 'https://randomuser.me/api/portraits/men/68.jpg', 'medium': 'https://randomuser.me/api/portraits/med/men/68.jpg', 'thumbnail': 'https://randomuser.me/api/portraits/thumb/men/68.jpg'}, 'nat': 'AU'}], 'info': {'seed': '6f0eca6b7aeed553', 'results': 1, 'page': 1, 'version': '1.4'}}</msg>
<arg>${json_data}</arg>
<doc>Logs the given message with the given level.</doc>
<status status="PASS" start="2024-04-29T01:02:03.389384" elapsed="0.000237"/>
</kw>
<kw name="Should Be Equal As Numbers" owner="BuiltIn">
<arg>${json_data['results'][0]['location']['postcode']}</arg>
<arg>${json_data['results'][0]['location']['postcode']}</arg>
<doc>Fails if objects are unequal after converting them to real numbers.</doc>
<status status="PASS" start="2024-04-29T01:02:03.390140" elapsed="0.000628"/>
</kw>
<kw name="Log" owner="BuiltIn">
<msg time="2024-04-29T01:02:03.391295" level="INFO">678</msg>
<arg>${json_data['results'][0]['location']['postcode']}</arg>
<doc>Logs the given message with the given level.</doc>
<status status="PASS" start="2024-04-29T01:02:03.390958" elapsed="0.000376"/>
</kw>
<status status="PASS" start="2024-04-29T01:02:03.296554" elapsed="0.095034"/>
</kw>
<doc>Testa se os tipos de dados na resposta da API estão corretos.</doc>
<tag>testeTiposDados</tag>
<status status="PASS" start="2024-04-29T01:02:03.225888" elapsed="0.165864"/>
</test>
<test id="s1-s1-t5" name="Validar conteudo" line="35">
<kw name="Teste de Tipos de Conteudo" owner="random-user-service">
<kw name="GET On Session" owner="RequestsLibrary">
<msg time="2024-04-29T01:02:03.484374" level="INFO">GET Request : url=https://randomuser.me/api 
 path_url=/api 
 headers={'User-Agent': 'python-requests/2.31.0', 'Accept-Encoding': 'gzip, deflate', 'Accept': '*/*', 'Connection': 'keep-alive'} 
 body=None 
 </msg>
<msg time="2024-04-29T01:02:03.484481" level="INFO">GET Response : url=https://randomuser.me/api 
 status=200, reason=OK 
 headers={'Date': 'Mon, 29 Apr 2024 01:02:03 GMT', 'Content-Type': 'application/json; charset=utf-8', 'Transfer-Encoding': 'chunked', 'Connection': 'keep-alive', 'X-Powered-By': 'Express', 'Access-Control-Allow-Origin': '*', 'Cache-Control': 'no-cache', 'ETag': 'W/"47a-Yi5+atmVCnCfCzA0DhjHnBzTNXY"', 'Vary': 'Accept-Encoding', 'Content-Encoding': 'gzip', 'CF-Cache-Status': 'DYNAMIC', 'Report-To': '{"endpoints":[{"url":"https:\\/\\/a.nel.cloudflare.com\\/report\\/v4?s=7Snc%2BLXgjMNKCh8xd8mJwdrdEJw4383nj8532WR9x7gAYPliU3RLhcfNM2vw5AKNDxsJ70axtxRNirgCaMu44RsHXZvpTFcPUqE0NhNZoAhfOmDiHMNVrRpwF4Qf9Yzj"}],"group":"cf-nel","max_age":604800}', 'NEL': '{"success_fraction":0,"report_to":"cf-nel","max_age":604800}', 'Server': 'cloudflare', 'CF-RAY': '87bb5d473a071b66-ORD', 'alt-svc': 'h3=":443"; ma=86400'} 
 body={"results":[{"gender":"male","name":{"title":"Mr","first":"Ljuba","last":"Ivkov"},"location":{"street":{"number":2304,"name":"Valačka"},"city":"Žitište","state":"Prizren","country":"Serbia","postcode":45125,"coordinates":{"latitude":"60.4938","longitude":"-58.3160"},"timezone":{"offset":"-1:00","description":"Azores, Cape Verde Islands"}},"email":"ljuba.ivkov@example.com","login":{"uuid":"6363ef96-dbe8-4569-a64b-b0fdb78c626b","username":"goldenostrich770","password":"georgie","salt":"YS7GxAL4","md5":"66d846fce276339671d386f94a8d62ee","sha1":"9818eba6c888f5254bfddaaf0ef7d8922875ebe5","sha256":"30d3c3165d3fc4e1bd7f49e1595ebdc1ac5c264dff572b3877afae18c3d29a14"},"dob":{"date":"1945-08-15T04:20:45.605Z","age":78},"registered":{"date":"2021-03-25T14:06:19.147Z","age":3},"phone":"034-5731-370","cell":"065-5975-362","id":{"name":"SID","value":"744805224"},"picture":{"large":"https://randomuser.me/api/portraits/men/84.jpg","medium":"https://randomuser.me/api/portraits/med/men/84.jpg","thumbnail":"https://randomuser.me/api/portraits/thumb/men/84.jpg"},"nat":"RS"}],"info":{"seed":"51164874cc306abd","results":1,"page":1,"version":"1.4"}} 
 </msg>
<msg time="2024-04-29T01:02:03.484553" level="INFO">/opt/hostedtoolcache/Python/3.12.3/x64/lib/python3.12/site-packages/urllib3/connectionpool.py:1103: InsecureRequestWarning: Unverified HTTPS request is being made to host 'randomuser.me'. Adding certificate verification is strongly advised. See: https://urllib3.readthedocs.io/en/latest/advanced-usage.html#tls-warnings
  warnings.warn(</msg>
<msg time="2024-04-29T01:02:03.484672" level="INFO">${response} = &lt;Response [200]&gt;</msg>
<var>${response}</var>
<arg>consultarAPI</arg>
<arg>/api</arg>
<doc>Sends a GET request on a previously created HTTP Session.</doc>
<status status="PASS" start="2024-04-29T01:02:03.394213" elapsed="0.090485"/>
</kw>
<kw name="Set Variable" owner="BuiltIn">
<msg time="2024-04-29T01:02:03.485790" level="INFO">${json_data} = {'results': [{'gender': 'male', 'name': {'title': 'Mr', 'first': 'Ljuba', 'last': 'Ivkov'}, 'location': {'street': {'number': 2304, 'name': 'Valačka'}, 'city': 'Žitište', 'state': 'Prizren', 'country'...</msg>
<var>${json_data}</var>
<arg>${response.json()}</arg>
<doc>Returns the given values which can then be assigned to a variables.</doc>
<status status="PASS" start="2024-04-29T01:02:03.485261" elapsed="0.000559"/>
</kw>
<kw name="Set Variable" owner="BuiltIn">
<msg time="2024-04-29T01:02:03.486570" level="INFO">${name_title} = Mr</msg>
<var>${name_title}</var>
<arg>${json_data["results"][0]["name"]["title"]}</arg>
<doc>Returns the given values which can then be assigned to a variables.</doc>
<status status="PASS" start="2024-04-29T01:02:03.486175" elapsed="0.000421"/>
</kw>
<kw name="Create List" owner="BuiltIn">
<msg time="2024-04-29T01:02:03.487048" level="INFO">${allowed_titles} = ['Mr', 'Ms', 'Miss', 'Mrs', 'Madame', 'Monsieur']</msg>
<var>${allowed_titles}</var>
<arg>Mr</arg>
<arg>Ms</arg>
<arg>Miss</arg>
<arg>Mrs</arg>
<arg>Madame</arg>
<arg>Monsieur</arg>
<doc>Returns a list containing given items.</doc>
<status status="PASS" start="2024-04-29T01:02:03.486899" elapsed="0.000174"/>
</kw>
<kw name="List Should Contain Value" owner="Collections">
<msg time="2024-04-29T01:02:03.487539" level="INFO">False</msg>
<arg>${allowed_titles}</arg>
<arg>${name_title}</arg>
<doc>Fails if the ``value`` is not found from ``list``.</doc>
<status status="PASS" start="2024-04-29T01:02:03.487367" elapsed="0.000209"/>
</kw>
<kw name="Set Variable" owner="BuiltIn">
<msg time="2024-04-29T01:02:03.488248" level="INFO">${name_country} = RS</msg>
<var>${name_country}</var>
<arg>${json_data["results"][0]["nat"]}</arg>
<doc>Returns the given values which can then be assigned to a variables.</doc>
<status status="PASS" start="2024-04-29T01:02:03.487863" elapsed="0.000410"/>
</kw>
<kw name="Create List" owner="BuiltIn">
<msg time="2024-04-29T01:02:03.489168" level="INFO">${list_country} = ['AD', 'AE', 'AF', 'AG', 'AI', 'AL', 'AM', 'AO', 'AQ', 'AR', 'AS', 'AT', 'AU', 'AW', 'AX', 'AZ', 'BA', 'BB', 'BD', 'BE', 'BF', 'BG', 'BH', 'BI', 'BJ', 'BL', 'BM', 'BN', 'BO', 'BQ', 'BR', 'BS', 'BT', '...</msg>
<var>${list_country}</var>
<arg>AD</arg>
<arg>AE</arg>
<arg>AF</arg>
<arg>AG</arg>
<arg>AI</arg>
<arg>AL</arg>
<arg>AM</arg>
<arg>AO</arg>
<arg>AQ</arg>
<arg>AR</arg>
<arg>AS</arg>
<arg>AT</arg>
<arg>AU</arg>
<arg>AW</arg>
<arg>AX</arg>
<arg>AZ</arg>
<arg>BA</arg>
<arg>BB</arg>
<arg>BD</arg>
<arg>BE</arg>
<arg>BF</arg>
<arg>BG</arg>
<arg>BH</arg>
<arg>BI</arg>
<arg>BJ</arg>
<arg>BL</arg>
<arg>BM</arg>
<arg>BN</arg>
<arg>BO</arg>
<arg>BQ</arg>
<arg>BR</arg>
<arg>BS</arg>
<arg>BT</arg>
<arg>BV</arg>
<arg>BW</arg>
<arg>BY</arg>
<arg>BZ</arg>
<arg>CA</arg>
<arg>CC</arg>
<arg>CD</arg>
<arg>CF</arg>
<arg>CG</arg>
<arg>CH</arg>
<arg>CI</arg>
<arg>CK</arg>
<arg>CL</arg>
<arg>CM</arg>
<arg>CN</arg>
<arg>CO</arg>
<arg>CR</arg>
<arg>CU</arg>
<arg>CV</arg>
<arg>CW</arg>
<arg>CX</arg>
<arg>CY</arg>
<arg>CZ</arg>
<arg>DE</arg>
<arg>DJ</arg>
<arg>DK</arg>
<arg>DM</arg>
<arg>DO</arg>
<arg>DZ</arg>
<arg>EC</arg>
<arg>EE</arg>
<arg>EG</arg>
<arg>EH</arg>
<arg>ER</arg>
<arg>ES</arg>
<arg>ET</arg>
<arg>FI</arg>
<arg>FJ</arg>
<arg>FK</arg>
<arg>FM</arg>
<arg>FO</arg>
<arg>FR</arg>
<arg>GA</arg>
<arg>GB</arg>
<arg>GD</arg>
<arg>GE</arg>
<arg>GF</arg>
<arg>GG</arg>
<arg>GH</arg>
<arg>GI</arg>
<arg>GL</arg>
<arg>GM</arg>
<arg>GN</arg>
<arg>GP</arg>
<arg>GQ</arg>
<arg>GR</arg>
<arg>GS</arg>
<arg>GT</arg>
<arg>GU</arg>
<arg>GW</arg>
<arg>GY</arg>
<arg>HK</arg>
<arg>HM</arg>
<arg>HN</arg>
<arg>HR</arg>
<arg>HT</arg>
<arg>HU</arg>
<arg>ID</arg>
<arg>IE</arg>
<arg>IL</arg>
<arg>IM</arg>
<arg>IN</arg>
<arg>IO</arg>
<arg>IQ</arg>
<arg>IR</arg>
<arg>IS</arg>
<arg>IT</arg>
<arg>JE</arg>
<arg>JM</arg>
<arg>JO</arg>
<arg>JP</arg>
<arg>KE</arg>
<arg>KG</arg>
<arg>KH</arg>
<arg>KI</arg>
<arg>KM</arg>
<arg>KN</arg>
<arg>KP</arg>
<arg>KR</arg>
<arg>KW</arg>
<arg>KY</arg>
<arg>KZ</arg>
<arg>LA</arg>
<arg>LB</arg>
<arg>LC</arg>
<arg>LI</arg>
<arg>LK</arg>
<arg>LR</arg>
<arg>LS</arg>
<arg>LT</arg>
<arg>LU</arg>
<arg>LV</arg>
<arg>LY</arg>
<arg>MA</arg>
<arg>MC</arg>
<arg>MD</arg>
<arg>ME</arg>
<arg>MF</arg>
<arg>MG</arg>
<arg>MH</arg>
<arg>MK</arg>
<arg>ML</arg>
<arg>MM</arg>
<arg>MN</arg>
<arg>MO</arg>
<arg>MP</arg>
<arg>MQ</arg>
<arg>MR</arg>
<arg>MS</arg>
<arg>MT</arg>
<arg>MU</arg>
<arg>MV</arg>
<arg>MW</arg>
<arg>MX</arg>
<arg>MY</arg>
<arg>MZ</arg>
<arg>NA</arg>
<arg>NC</arg>
<arg>NE</arg>
<arg>NF</arg>
<arg>NG</arg>
<arg>NI</arg>
<arg>NL</arg>
<arg>NO</arg>
<arg>NP</arg>
<arg>NR</arg>
<arg>NU</arg>
<arg>NZ</arg>
<arg>OM</arg>
<arg>PA</arg>
<arg>PE</arg>
<arg>PF</arg>
<arg>PG</arg>
<arg>PH</arg>
<arg>PK</arg>
<arg>PL</arg>
<arg>PM</arg>
<arg>PN</arg>
<arg>PR</arg>
<arg>PS</arg>
<arg>PT</arg>
<arg>PW</arg>
<arg>PY</arg>
<arg>QA</arg>
<arg>RE</arg>
<arg>RO</arg>
<arg>RS</arg>
<arg>RU</arg>
<arg>RW</arg>
<arg>SA</arg>
<arg>SB</arg>
<arg>SC</arg>
<arg>SD</arg>
<arg>SE</arg>
<arg>SG</arg>
<arg>SH</arg>
<arg>SI</arg>
<arg>SJ</arg>
<arg>SK</arg>
<arg>SL</arg>
<arg>SM</arg>
<arg>SN</arg>
<arg>SO</arg>
<arg>SR</arg>
<arg>SS</arg>
<arg>ST</arg>
<arg>SV</arg>
<arg>SX</arg>
<arg>SY</arg>
<arg>SZ</arg>
<arg>TC</arg>
<arg>TD</arg>
<arg>TF</arg>
<arg>TG</arg>
<arg>TH</arg>
<arg>TJ</arg>
<arg>TK</arg>
<arg>TL</arg>
<arg>TM</arg>
<arg>TN</arg>
<arg>TO</arg>
<arg>TR</arg>
<arg>TT</arg>
<arg>TV</arg>
<arg>TW</arg>
<arg>TZ</arg>
<arg>UA</arg>
<arg>UG</arg>
<arg>UM</arg>
<arg>US</arg>
<arg>UY</arg>
<arg>UZ</arg>
<arg>VA</arg>
<arg>VC</arg>
<arg>VE</arg>
<arg>VG</arg>
<arg>VI</arg>
<arg>VN</arg>
<arg>VU</arg>
<arg>WF</arg>
<arg>WS</arg>
<arg>XK</arg>
<arg>YE</arg>
<arg>YT</arg>
<arg>ZA</arg>
<arg>ZM</arg>
<arg>ZW</arg>
<doc>Returns a list containing given items.</doc>
<status status="PASS" start="2024-04-29T01:02:03.488575" elapsed="0.000618"/>
</kw>
<kw name="List Should Contain Value" owner="Collections">
<msg time="2024-04-29T01:02:03.490208" level="INFO">False</msg>
<arg>${list_country}</arg>
<arg>${name_country}</arg>
<doc>Fails if the ``value`` is not found from ``list``.</doc>
<status status="PASS" start="2024-04-29T01:02:03.489983" elapsed="0.000261"/>
</kw>
<kw name="Run Keyword If" owner="BuiltIn">
<kw name="Should Be True" owner="BuiltIn">
<arg>${True}</arg>
<doc>Fails if the given condition is not true.</doc>
<status status="PASS" start="2024-04-29T01:02:03.491318" elapsed="0.000263"/>
</kw>
<arg>${json_data["results"][0]["location"]["coordinates"]["latitude"]} &gt;= -90 and ${json_data["results"][0]["location"]["coordinates"]["latitude"]} &lt;= 90</arg>
<arg>Should Be True</arg>
<arg>${True}</arg>
<doc>Runs the given keyword with the given arguments, if ``condition`` is true.</doc>
<status status="PASS" start="2024-04-29T01:02:03.490554" elapsed="0.001159"/>
</kw>
<kw name="Run Keyword If" owner="BuiltIn">
<kw name="Should Be True" owner="BuiltIn">
<arg>${True}</arg>
<doc>Fails if the given condition is not true.</doc>
<status status="PASS" start="2024-04-29T01:02:03.492612" elapsed="0.000140"/>
</kw>
<arg>${json_data["results"][0]["location"]["coordinates"]["longitude"]} &gt;= -180 and ${json_data["results"][0]["location"]["coordinates"]["longitude"]} &lt;= 180</arg>
<arg>Should Be True</arg>
<arg>${True}</arg>
<doc>Runs the given keyword with the given arguments, if ``condition`` is true.</doc>
<status status="PASS" start="2024-04-29T01:02:03.491901" elapsed="0.000975"/>
</kw>
<status status="PASS" start="2024-04-29T01:02:03.393952" elapsed="0.099058"/>
</kw>
<doc>Testa o conteúdo específico dos campos retornados pela API.</doc>
<tag>testeConteudo</tag>
<status status="PASS" start="2024-04-29T01:02:03.393478" elapsed="0.099682"/>
</test>
<status status="PASS" start="2024-04-29T01:02:02.297129" elapsed="1.198041"/>
</suite>
<status status="PASS" start="2024-04-29T01:02:02.283231" elapsed="1.217095"/>
</suite>
<statistics>
<total>
<stat pass="5" fail="0" skip="0">All Tests</stat>
</total>
<tag>
<stat pass="1" fail="0" skip="0">testeConteudo</stat>
<stat pass="1" fail="0" skip="0">testeEstruturaResposta</stat>
<stat pass="1" fail="0" skip="0">testeRequisicaoBasica</stat>
<stat pass="1" fail="0" skip="0">testeTiposDados</stat>
</tag>
<suite>
<stat pass="5" fail="0" skip="0" id="s1" name="Tests">Tests</stat>
<stat pass="5" fail="0" skip="0" id="s1-s1" name="Random-User-Test">Tests.Random-User-Test</stat>
</suite>
</statistics>
<errors>
</errors>
</robot>
