<?xml version="1.0" encoding="UTF-8"?>
<robot generator="Robot 7.0 (Python 3.12.3 on linux)" generated="2024-05-14T14:13:32.004171" rpa="false" schemaversion="5">
<suite id="s1" name="Tests" source="/home/runner/work/DesafioQAItauRogerioJordao/DesafioQAItauRogerioJordao/RamdonUser/tests">
<suite id="s1-s1" name="Random-User-Test" source="/home/runner/work/DesafioQAItauRogerioJordao/DesafioQAItauRogerioJordao/RamdonUser/tests/random-user-test.robot">
<test id="s1-s1-t1" name="Conectar" line="13">
<kw name="Conectar API" owner="random-user-service">
<kw name="Create Session" owner="RequestsLibrary">
<msg time="2024-05-14T14:13:32.380380" level="INFO">Creating Session using : alias=consultarAPI, url=https://randomuser.me/, headers={},                     cookies={}, auth=None, timeout=None, proxies=None, verify=False,                     debug=0 </msg>
<arg>consultarAPI</arg>
<arg>${URL}</arg>
<doc>Create Session: create a HTTP session to a server</doc>
<status status="PASS" start="2024-05-14T14:13:32.380163" elapsed="0.000405"/>
</kw>
<status status="PASS" start="2024-05-14T14:13:32.379154" elapsed="0.001786"/>
</kw>
<status status="PASS" start="2024-05-14T14:13:32.378450" elapsed="0.002686"/>
</test>
<test id="s1-s1-t2" name="Validar retorno 200 e JSON Válido" line="16">
<kw name="Teste de Requisicao Basica" owner="random-user-service">
<kw name="GET On Session" owner="RequestsLibrary">
<msg time="2024-05-14T14:13:32.650347" level="INFO">GET Request : url=https://randomuser.me/api 
 path_url=/api 
 headers={'User-Agent': 'python-requests/2.31.0', 'Accept-Encoding': 'gzip, deflate', 'Accept': '*/*', 'Connection': 'keep-alive'} 
 body=None 
 </msg>
<msg time="2024-05-14T14:13:32.650510" level="INFO">GET Response : url=https://randomuser.me/api 
 status=200, reason=OK 
 headers={'Date': 'Tue, 14 May 2024 14:13:32 GMT', 'Content-Type': 'application/json; charset=utf-8', 'Transfer-Encoding': 'chunked', 'Connection': 'keep-alive', 'X-Powered-By': 'Express', 'Access-Control-Allow-Origin': '*', 'Cache-Control': 'no-cache', 'ETag': 'W/"47f-JMcIwa5E/TpMeaOEMPtd7tFlfIw"', 'Vary': 'Accept-Encoding', 'Content-Encoding': 'gzip', 'CF-Cache-Status': 'DYNAMIC', 'Report-To': '{"endpoints":[{"url":"https:\\/\\/a.nel.cloudflare.com\\/report\\/v4?s=5i0A8cuSVWcoOO1uO7cRWTMEsvM6vv6iRvlg7PuLzoPKk4rOGKOFkovgDDp6DmBzXCM5r4R15PNQgua6f9Kx3DoM5lL7nZqfd5BYcbWircD3AbjJVT0rFp4pi3GHr0jh"}],"group":"cf-nel","max_age":604800}', 'NEL': '{"success_fraction":0,"report_to":"cf-nel","max_age":604800}', 'Server': 'cloudflare', 'CF-RAY': '883b7d4e4ab81fe3-IAD', 'alt-svc': 'h3=":443"; ma=86400'} 
 body={"results":[{"gender":"female","name":{"title":"Ms","first":"Camille","last":"Miller"},"location":{"street":{"number":5881,"name":"Dundas Rd"},"city":"Chelsea","state":"Yukon","country":"Canada","postcode":"D9O 2N8","coordinates":{"latitude":"-65.5062","longitude":"150.4516"},"timezone":{"offset":"+6:00","description":"Almaty, Dhaka, Colombo"}},"email":"camille.miller@example.com","login":{"uuid":"4abc972f-17bb-494f-a782-3b905aeb8d29","username":"bigduck738","password":"lions","salt":"BUTMq7QD","md5":"34d392b4bc19224aa9c870b4bacbdc6b","sha1":"3621b7ac8ff60a61ad0d8fe1e07c2323a42a2dfd","sha256":"4be43490ededfcdb18a485b5fa1fab4e02466b4596fcaf82c52f8ea96757f1e8"},"dob":{"date":"1977-07-19T14:11:51.317Z","age":46},"registered":{"date":"2002-05-01T08:07:06.965Z","age":22},"phone":"Q87 N81-6107","cell":"P58 Z82-9054","id":{"name":"SIN","value":"061957098"},"picture":{"large":"https://randomuser.me/api/portraits/women/33.jpg","medium":"https://randomuser.me/api/portraits/med/women/33.jpg","thumbnail":"https://randomuser.me/api/portraits/thumb/women/33.jpg"},"nat":"CA"}],"info":{"seed":"bafb293be03f4610","results":1,"page":1,"version":"1.4"}} 
 </msg>
<msg time="2024-05-14T14:13:32.650631" level="INFO">/opt/hostedtoolcache/Python/3.12.3/x64/lib/python3.12/site-packages/urllib3/connectionpool.py:1103: InsecureRequestWarning: Unverified HTTPS request is being made to host 'randomuser.me'. Adding certificate verification is strongly advised. See: https://urllib3.readthedocs.io/en/latest/advanced-usage.html#tls-warnings
  warnings.warn(</msg>
<msg time="2024-05-14T14:13:32.650801" level="INFO">${response} = &lt;Response [200]&gt;</msg>
<var>${response}</var>
<arg>consultarAPI</arg>
<arg>/api</arg>
<doc>Sends a GET request on a previously created HTTP Session.</doc>
<status status="PASS" start="2024-05-14T14:13:32.383891" elapsed="0.266952"/>
</kw>
<kw name="Should Be Equal As Numbers" owner="BuiltIn">
<msg time="2024-05-14T14:13:32.651906" level="INFO">Argument types are:
&lt;class 'int'&gt;
&lt;class 'str'&gt;</msg>
<arg>${response.status_code}</arg>
<arg>200</arg>
<doc>Fails if objects are unequal after converting them to real numbers.</doc>
<status status="PASS" start="2024-05-14T14:13:32.651421" elapsed="0.000554"/>
</kw>
<kw name="Log" owner="BuiltIn">
<msg time="2024-05-14T14:13:32.652742" level="INFO">200</msg>
<arg>${response.status_code}</arg>
<doc>Logs the given message with the given level.</doc>
<status status="PASS" start="2024-05-14T14:13:32.652372" elapsed="0.000413"/>
</kw>
<kw name="Set Variable" owner="BuiltIn">
<msg time="2024-05-14T14:13:32.653554" level="INFO">${json_data} = {'results': [{'gender': 'female', 'name': {'title': 'Ms', 'first': 'Camille', 'last': 'Miller'}, 'location': {'street': {'number': 5881, 'name': 'Dundas Rd'}, 'city': 'Chelsea', 'state': 'Yukon', 'cou...</msg>
<var>${json_data}</var>
<arg>${response.json()}</arg>
<doc>Returns the given values which can then be assigned to a variables.</doc>
<status status="PASS" start="2024-05-14T14:13:32.653104" elapsed="0.000478"/>
</kw>
<kw name="Dictionary Should Contain Key" owner="Collections">
<msg time="2024-05-14T14:13:32.654069" level="INFO">False</msg>
<arg>${json_data}</arg>
<arg>results</arg>
<doc>Fails if ``key`` is not found from ``dictionary``.</doc>
<status status="PASS" start="2024-05-14T14:13:32.653892" elapsed="0.000218"/>
</kw>
<status status="PASS" start="2024-05-14T14:13:32.383639" elapsed="0.270732"/>
</kw>
<doc>Testa se a API responde corretamente e retorna um objeto JSON válido.</doc>
<tag>testeRequisicaoBasica</tag>
<status status="PASS" start="2024-05-14T14:13:32.383094" elapsed="0.271512"/>
</test>
<test id="s1-s1-t3" name="Validar estrutura de resposta" line="22">
<kw name="Teste de Estrutura de Resposta" owner="random-user-service">
<kw name="GET On Session" owner="RequestsLibrary">
<msg time="2024-05-14T14:13:32.688542" level="INFO">GET Request : url=https://randomuser.me/api 
 path_url=/api 
 headers={'User-Agent': 'python-requests/2.31.0', 'Accept-Encoding': 'gzip, deflate', 'Accept': '*/*', 'Connection': 'keep-alive'} 
 body=None 
 </msg>
<msg time="2024-05-14T14:13:32.688626" level="INFO">GET Response : url=https://randomuser.me/api 
 status=200, reason=OK 
 headers={'Date': 'Tue, 14 May 2024 14:13:32 GMT', 'Content-Type': 'application/json; charset=utf-8', 'Transfer-Encoding': 'chunked', 'Connection': 'keep-alive', 'X-Powered-By': 'Express', 'Access-Control-Allow-Origin': '*', 'Cache-Control': 'no-cache', 'ETag': 'W/"47d-KmJlACM/qYwZidzPVru0AH7Qg80"', 'Vary': 'Accept-Encoding', 'Content-Encoding': 'gzip', 'CF-Cache-Status': 'DYNAMIC', 'Report-To': '{"endpoints":[{"url":"https:\\/\\/a.nel.cloudflare.com\\/report\\/v4?s=S%2Blgf258IRCv758l4KZhND7wcs6byp%2Bq0vsrnaqRqYI1iZsMrh5nymZ0MZqOXlrcgpvuouL%2BhaawBFiJ6rdSbxQ%2BaZ3IZtLyMqFcPIb4QWDSF0REFbWLWhVQIZPF0UD4"}],"group":"cf-nel","max_age":604800}', 'NEL': '{"success_fraction":0,"report_to":"cf-nel","max_age":604800}', 'Server': 'cloudflare', 'CF-RAY': '883b7d4f1bf71fe3-IAD', 'alt-svc': 'h3=":443"; ma=86400'} 
 body={"results":[{"gender":"female","name":{"title":"Ms","first":"Eden","last":"Giraud"},"location":{"street":{"number":1852,"name":"Rue Barrème"},"city":"Nanterre","state":"Haut-Rhin","country":"France","postcode":83910,"coordinates":{"latitude":"-19.5180","longitude":"174.3280"},"timezone":{"offset":"+3:30","description":"Tehran"}},"email":"eden.giraud@example.com","login":{"uuid":"46b92695-dc36-4283-94d7-5124c8eca9b4","username":"heavyfrog199","password":"sister","salt":"XnylGoLq","md5":"7886d15f713f8972f0fbe2d93cf21a9c","sha1":"80f37f51b0fa47b8ce987701511034b1bec74e77","sha256":"8278e15e65400f0db83e3eb1339938097f738d259201d1dee797699198b539e6"},"dob":{"date":"1952-01-26T08:54:42.014Z","age":72},"registered":{"date":"2008-04-18T12:01:32.403Z","age":16},"phone":"03-97-65-73-20","cell":"06-07-93-22-40","id":{"name":"INSEE","value":"2520061143264 75"},"picture":{"large":"https://randomuser.me/api/portraits/women/73.jpg","medium":"https://randomuser.me/api/portraits/med/women/73.jpg","thumbnail":"https://randomuser.me/api/portraits/thumb/women/73.jpg"},"nat":"FR"}],"info":{"seed":"3925a3dcc89caa32","results":1,"page":1,"version":"1.4"}} 
 </msg>
<msg time="2024-05-14T14:13:32.688746" level="INFO">/opt/hostedtoolcache/Python/3.12.3/x64/lib/python3.12/site-packages/urllib3/connectionpool.py:1103: InsecureRequestWarning: Unverified HTTPS request is being made to host 'randomuser.me'. Adding certificate verification is strongly advised. See: https://urllib3.readthedocs.io/en/latest/advanced-usage.html#tls-warnings
  warnings.warn(</msg>
<msg time="2024-05-14T14:13:32.688885" level="INFO">${response} = &lt;Response [200]&gt;</msg>
<var>${response}</var>
<arg>consultarAPI</arg>
<arg>/api</arg>
<doc>Sends a GET request on a previously created HTTP Session.</doc>
<status status="PASS" start="2024-05-14T14:13:32.657308" elapsed="0.031628"/>
</kw>
<kw name="Set Variable" owner="BuiltIn">
<msg time="2024-05-14T14:13:32.689764" level="INFO">${json_data} = {'results': [{'gender': 'female', 'name': {'title': 'Ms', 'first': 'Eden', 'last': 'Giraud'}, 'location': {'street': {'number': 1852, 'name': 'Rue Barrème'}, 'city': 'Nanterre', 'state': 'Haut-Rhin', ...</msg>
<var>${json_data}</var>
<arg>${response.json()}</arg>
<doc>Returns the given values which can then be assigned to a variables.</doc>
<status status="PASS" start="2024-05-14T14:13:32.689294" elapsed="0.000499"/>
</kw>
<kw name="Log" owner="BuiltIn">
<msg time="2024-05-14T14:13:32.690258" level="INFO">{'results': [{'gender': 'female', 'name': {'title': 'Ms', 'first': 'Eden', 'last': 'Giraud'}, 'location': {'street': {'number': 1852, 'name': 'Rue Barrème'}, 'city': 'Nanterre', 'state': 'Haut-Rhin', 'country': 'France', 'postcode': 83910, 'coordinates': {'latitude': '-19.5180', 'longitude': '174.3280'}, 'timezone': {'offset': '+3:30', 'description': 'Tehran'}}, 'email': 'eden.giraud@example.com', 'login': {'uuid': '46b92695-dc36-4283-94d7-5124c8eca9b4', 'username': 'heavyfrog199', 'password': 'sister', 'salt': 'XnylGoLq', 'md5': '7886d15f713f8972f0fbe2d93cf21a9c', 'sha1': '80f37f51b0fa47b8ce987701511034b1bec74e77', 'sha256': '8278e15e65400f0db83e3eb1339938097f738d259201d1dee797699198b539e6'}, 'dob': {'date': '1952-01-26T08:54:42.014Z', 'age': 72}, 'registered': {'date': '2008-04-18T12:01:32.403Z', 'age': 16}, 'phone': '03-97-65-73-20', 'cell': '06-07-93-22-40', 'id': {'name': 'INSEE', 'value': '2520061143264 75'}, 'picture': {'large': 'https://randomuser.me/api/portraits/women/73.jpg', 'medium': 'https://randomuser.me/api/portraits/med/women/73.jpg', 'thumbnail': 'https://randomuser.me/api/portraits/thumb/women/73.jpg'}, 'nat': 'FR'}], 'info': {'seed': '3925a3dcc89caa32', 'results': 1, 'page': 1, 'version': '1.4'}}</msg>
<arg>${json_data}</arg>
<doc>Logs the given message with the given level.</doc>
<status status="PASS" start="2024-05-14T14:13:32.690099" elapsed="0.000208"/>
</kw>
<kw name="Dictionary Should Contain Key" owner="Collections">
<msg time="2024-05-14T14:13:32.690803" level="INFO">False</msg>
<arg>${json_data}</arg>
<arg>results</arg>
<doc>Fails if ``key`` is not found from ``dictionary``.</doc>
<status status="PASS" start="2024-05-14T14:13:32.690639" elapsed="0.000200"/>
</kw>
<kw name="Should Not Be Empty" owner="BuiltIn">
<msg time="2024-05-14T14:13:32.691281" level="INFO">Length is 2.</msg>
<arg>${json_data}</arg>
<doc>Verifies that the given item is not empty.</doc>
<status status="PASS" start="2024-05-14T14:13:32.691151" elapsed="0.000310"/>
</kw>
<kw name="Create List" owner="BuiltIn">
<msg time="2024-05-14T14:13:32.691906" level="INFO">${expected_keys} = ['gender', 'name', 'location', 'email', 'login']</msg>
<var>${expected_keys}</var>
<arg>gender</arg>
<arg>name</arg>
<arg>location</arg>
<arg>email</arg>
<arg>login</arg>
<doc>Returns a list containing given items.</doc>
<status status="PASS" start="2024-05-14T14:13:32.691753" elapsed="0.000177"/>
</kw>
<for flavor="IN">
<iter>
<kw name="Dictionary Should Contain Key" owner="Collections">
<msg time="2024-05-14T14:13:32.692916" level="INFO">False</msg>
<arg>${json_data['results'][0]}</arg>
<arg>${key}</arg>
<doc>Fails if ``key`` is not found from ``dictionary``.</doc>
<status status="PASS" start="2024-05-14T14:13:32.692513" elapsed="0.000442"/>
</kw>
<kw name="Log" owner="BuiltIn">
<msg time="2024-05-14T14:13:32.693617" level="INFO">{'gender': 'female', 'name': {'title': 'Ms', 'first': 'Eden', 'last': 'Giraud'}, 'location': {'street': {'number': 1852, 'name': 'Rue Barrème'}, 'city': 'Nanterre', 'state': 'Haut-Rhin', 'country': 'France', 'postcode': 83910, 'coordinates': {'latitude': '-19.5180', 'longitude': '174.3280'}, 'timezone': {'offset': '+3:30', 'description': 'Tehran'}}, 'email': 'eden.giraud@example.com', 'login': {'uuid': '46b92695-dc36-4283-94d7-5124c8eca9b4', 'username': 'heavyfrog199', 'password': 'sister', 'salt': 'XnylGoLq', 'md5': '7886d15f713f8972f0fbe2d93cf21a9c', 'sha1': '80f37f51b0fa47b8ce987701511034b1bec74e77', 'sha256': '8278e15e65400f0db83e3eb1339938097f738d259201d1dee797699198b539e6'}, 'dob': {'date': '1952-01-26T08:54:42.014Z', 'age': 72}, 'registered': {'date': '2008-04-18T12:01:32.403Z', 'age': 16}, 'phone': '03-97-65-73-20', 'cell': '06-07-93-22-40', 'id': {'name': 'INSEE', 'value': '2520061143264 75'}, 'picture': {'large': 'https://randomuser.me/api/portraits/women/73.jpg', 'medium': 'https://randomuser.me/api/portraits/med/women/73.jpg', 'thumbnail': 'https://randomuser.me/api/portraits/thumb/women/73.jpg'}, 'nat': 'FR'}</msg>
<arg>${json_data['results'][0]}</arg>
<doc>Logs the given message with the given level.</doc>
<status status="PASS" start="2024-05-14T14:13:32.693251" elapsed="0.000416"/>
</kw>
<kw name="Log" owner="BuiltIn">
<msg time="2024-05-14T14:13:32.694091" level="INFO">gender</msg>
<arg>${key}</arg>
<doc>Logs the given message with the given level.</doc>
<status status="PASS" start="2024-05-14T14:13:32.693965" elapsed="0.000163"/>
</kw>
<var name="${key}">gender</var>
<status status="PASS" start="2024-05-14T14:13:32.692382" elapsed="0.001961"/>
</iter>
<iter>
<kw name="Dictionary Should Contain Key" owner="Collections">
<msg time="2024-05-14T14:13:32.695091" level="INFO">False</msg>
<arg>${json_data['results'][0]}</arg>
<arg>${key}</arg>
<doc>Fails if ``key`` is not found from ``dictionary``.</doc>
<status status="PASS" start="2024-05-14T14:13:32.694696" elapsed="0.000432"/>
</kw>
<kw name="Log" owner="BuiltIn">
<msg time="2024-05-14T14:13:32.695848" level="INFO">{'gender': 'female', 'name': {'title': 'Ms', 'first': 'Eden', 'last': 'Giraud'}, 'location': {'street': {'number': 1852, 'name': 'Rue Barrème'}, 'city': 'Nanterre', 'state': 'Haut-Rhin', 'country': 'France', 'postcode': 83910, 'coordinates': {'latitude': '-19.5180', 'longitude': '174.3280'}, 'timezone': {'offset': '+3:30', 'description': 'Tehran'}}, 'email': 'eden.giraud@example.com', 'login': {'uuid': '46b92695-dc36-4283-94d7-5124c8eca9b4', 'username': 'heavyfrog199', 'password': 'sister', 'salt': 'XnylGoLq', 'md5': '7886d15f713f8972f0fbe2d93cf21a9c', 'sha1': '80f37f51b0fa47b8ce987701511034b1bec74e77', 'sha256': '8278e15e65400f0db83e3eb1339938097f738d259201d1dee797699198b539e6'}, 'dob': {'date': '1952-01-26T08:54:42.014Z', 'age': 72}, 'registered': {'date': '2008-04-18T12:01:32.403Z', 'age': 16}, 'phone': '03-97-65-73-20', 'cell': '06-07-93-22-40', 'id': {'name': 'INSEE', 'value': '2520061143264 75'}, 'picture': {'large': 'https://randomuser.me/api/portraits/women/73.jpg', 'medium': 'https://randomuser.me/api/portraits/med/women/73.jpg', 'thumbnail': 'https://randomuser.me/api/portraits/thumb/women/73.jpg'}, 'nat': 'FR'}</msg>
<arg>${json_data['results'][0]}</arg>
<doc>Logs the given message with the given level.</doc>
<status status="PASS" start="2024-05-14T14:13:32.695457" elapsed="0.000443"/>
</kw>
<kw name="Log" owner="BuiltIn">
<msg time="2024-05-14T14:13:32.696333" level="INFO">name</msg>
<arg>${key}</arg>
<doc>Logs the given message with the given level.</doc>
<status status="PASS" start="2024-05-14T14:13:32.696205" elapsed="0.000165"/>
</kw>
<var name="${key}">name</var>
<status status="PASS" start="2024-05-14T14:13:32.694556" elapsed="0.002027"/>
</iter>
<iter>
<kw name="Dictionary Should Contain Key" owner="Collections">
<msg time="2024-05-14T14:13:32.697293" level="INFO">False</msg>
<arg>${json_data['results'][0]}</arg>
<arg>${key}</arg>
<doc>Fails if ``key`` is not found from ``dictionary``.</doc>
<status status="PASS" start="2024-05-14T14:13:32.696873" elapsed="0.000457"/>
</kw>
<kw name="Log" owner="BuiltIn">
<msg time="2024-05-14T14:13:32.698005" level="INFO">{'gender': 'female', 'name': {'title': 'Ms', 'first': 'Eden', 'last': 'Giraud'}, 'location': {'street': {'number': 1852, 'name': 'Rue Barrème'}, 'city': 'Nanterre', 'state': 'Haut-Rhin', 'country': 'France', 'postcode': 83910, 'coordinates': {'latitude': '-19.5180', 'longitude': '174.3280'}, 'timezone': {'offset': '+3:30', 'description': 'Tehran'}}, 'email': 'eden.giraud@example.com', 'login': {'uuid': '46b92695-dc36-4283-94d7-5124c8eca9b4', 'username': 'heavyfrog199', 'password': 'sister', 'salt': 'XnylGoLq', 'md5': '7886d15f713f8972f0fbe2d93cf21a9c', 'sha1': '80f37f51b0fa47b8ce987701511034b1bec74e77', 'sha256': '8278e15e65400f0db83e3eb1339938097f738d259201d1dee797699198b539e6'}, 'dob': {'date': '1952-01-26T08:54:42.014Z', 'age': 72}, 'registered': {'date': '2008-04-18T12:01:32.403Z', 'age': 16}, 'phone': '03-97-65-73-20', 'cell': '06-07-93-22-40', 'id': {'name': 'INSEE', 'value': '2520061143264 75'}, 'picture': {'large': 'https://randomuser.me/api/portraits/women/73.jpg', 'medium': 'https://randomuser.me/api/portraits/med/women/73.jpg', 'thumbnail': 'https://randomuser.me/api/portraits/thumb/women/73.jpg'}, 'nat': 'FR'}</msg>
<arg>${json_data['results'][0]}</arg>
<doc>Logs the given message with the given level.</doc>
<status status="PASS" start="2024-05-14T14:13:32.697633" elapsed="0.000422"/>
</kw>
<kw name="Log" owner="BuiltIn">
<msg time="2024-05-14T14:13:32.698479" level="INFO">location</msg>
<arg>${key}</arg>
<doc>Logs the given message with the given level.</doc>
<status status="PASS" start="2024-05-14T14:13:32.698352" elapsed="0.000165"/>
</kw>
<var name="${key}">location</var>
<status status="PASS" start="2024-05-14T14:13:32.696762" elapsed="0.002011"/>
</iter>
<iter>
<kw name="Dictionary Should Contain Key" owner="Collections">
<msg time="2024-05-14T14:13:32.699445" level="INFO">False</msg>
<arg>${json_data['results'][0]}</arg>
<arg>${key}</arg>
<doc>Fails if ``key`` is not found from ``dictionary``.</doc>
<status status="PASS" start="2024-05-14T14:13:32.699061" elapsed="0.000421"/>
</kw>
<kw name="Log" owner="BuiltIn">
<msg time="2024-05-14T14:13:32.700145" level="INFO">{'gender': 'female', 'name': {'title': 'Ms', 'first': 'Eden', 'last': 'Giraud'}, 'location': {'street': {'number': 1852, 'name': 'Rue Barrème'}, 'city': 'Nanterre', 'state': 'Haut-Rhin', 'country': 'France', 'postcode': 83910, 'coordinates': {'latitude': '-19.5180', 'longitude': '174.3280'}, 'timezone': {'offset': '+3:30', 'description': 'Tehran'}}, 'email': 'eden.giraud@example.com', 'login': {'uuid': '46b92695-dc36-4283-94d7-5124c8eca9b4', 'username': 'heavyfrog199', 'password': 'sister', 'salt': 'XnylGoLq', 'md5': '7886d15f713f8972f0fbe2d93cf21a9c', 'sha1': '80f37f51b0fa47b8ce987701511034b1bec74e77', 'sha256': '8278e15e65400f0db83e3eb1339938097f738d259201d1dee797699198b539e6'}, 'dob': {'date': '1952-01-26T08:54:42.014Z', 'age': 72}, 'registered': {'date': '2008-04-18T12:01:32.403Z', 'age': 16}, 'phone': '03-97-65-73-20', 'cell': '06-07-93-22-40', 'id': {'name': 'INSEE', 'value': '2520061143264 75'}, 'picture': {'large': 'https://randomuser.me/api/portraits/women/73.jpg', 'medium': 'https://randomuser.me/api/portraits/med/women/73.jpg', 'thumbnail': 'https://randomuser.me/api/portraits/thumb/women/73.jpg'}, 'nat': 'FR'}</msg>
<arg>${json_data['results'][0]}</arg>
<doc>Logs the given message with the given level.</doc>
<status status="PASS" start="2024-05-14T14:13:32.699781" elapsed="0.000414"/>
</kw>
<kw name="Log" owner="BuiltIn">
<msg time="2024-05-14T14:13:32.700613" level="INFO">email</msg>
<arg>${key}</arg>
<doc>Logs the given message with the given level.</doc>
<status status="PASS" start="2024-05-14T14:13:32.700488" elapsed="0.000164"/>
</kw>
<var name="${key}">email</var>
<status status="PASS" start="2024-05-14T14:13:32.698949" elapsed="0.001920"/>
</iter>
<iter>
<kw name="Dictionary Should Contain Key" owner="Collections">
<msg time="2024-05-14T14:13:32.701536" level="INFO">False</msg>
<arg>${json_data['results'][0]}</arg>
<arg>${key}</arg>
<doc>Fails if ``key`` is not found from ``dictionary``.</doc>
<status status="PASS" start="2024-05-14T14:13:32.701151" elapsed="0.000422"/>
</kw>
<kw name="Log" owner="BuiltIn">
<msg time="2024-05-14T14:13:32.702237" level="INFO">{'gender': 'female', 'name': {'title': 'Ms', 'first': 'Eden', 'last': 'Giraud'}, 'location': {'street': {'number': 1852, 'name': 'Rue Barrème'}, 'city': 'Nanterre', 'state': 'Haut-Rhin', 'country': 'France', 'postcode': 83910, 'coordinates': {'latitude': '-19.5180', 'longitude': '174.3280'}, 'timezone': {'offset': '+3:30', 'description': 'Tehran'}}, 'email': 'eden.giraud@example.com', 'login': {'uuid': '46b92695-dc36-4283-94d7-5124c8eca9b4', 'username': 'heavyfrog199', 'password': 'sister', 'salt': 'XnylGoLq', 'md5': '7886d15f713f8972f0fbe2d93cf21a9c', 'sha1': '80f37f51b0fa47b8ce987701511034b1bec74e77', 'sha256': '8278e15e65400f0db83e3eb1339938097f738d259201d1dee797699198b539e6'}, 'dob': {'date': '1952-01-26T08:54:42.014Z', 'age': 72}, 'registered': {'date': '2008-04-18T12:01:32.403Z', 'age': 16}, 'phone': '03-97-65-73-20', 'cell': '06-07-93-22-40', 'id': {'name': 'INSEE', 'value': '2520061143264 75'}, 'picture': {'large': 'https://randomuser.me/api/portraits/women/73.jpg', 'medium': 'https://randomuser.me/api/portraits/med/women/73.jpg', 'thumbnail': 'https://randomuser.me/api/portraits/thumb/women/73.jpg'}, 'nat': 'FR'}</msg>
<arg>${json_data['results'][0]}</arg>
<doc>Logs the given message with the given level.</doc>
<status status="PASS" start="2024-05-14T14:13:32.701867" elapsed="0.000420"/>
</kw>
<kw name="Log" owner="BuiltIn">
<msg time="2024-05-14T14:13:32.702733" level="INFO">login</msg>
<arg>${key}</arg>
<doc>Logs the given message with the given level.</doc>
<status status="PASS" start="2024-05-14T14:13:32.702604" elapsed="0.000167"/>
</kw>
<var name="${key}">login</var>
<status status="PASS" start="2024-05-14T14:13:32.701042" elapsed="0.001950"/>
</iter>
<var>${key}</var>
<value>@{expected_keys}</value>
<status status="PASS" start="2024-05-14T14:13:32.692189" elapsed="0.010950"/>
</for>
<kw name="Create List" owner="BuiltIn">
<msg time="2024-05-14T14:13:32.703476" level="INFO">${expected_keysTwo} = ['username', 'password']</msg>
<var>${expected_keysTwo}</var>
<arg>username</arg>
<arg>password</arg>
<doc>Returns a list containing given items.</doc>
<status status="PASS" start="2024-05-14T14:13:32.703340" elapsed="0.000160"/>
</kw>
<for flavor="IN">
<iter>
<kw name="Dictionary Should Contain Key" owner="Collections">
<msg time="2024-05-14T14:13:32.704402" level="INFO">False</msg>
<arg>${json_data['results'][0]['login']}</arg>
<arg>${keyTwo}</arg>
<doc>Fails if ``key`` is not found from ``dictionary``.</doc>
<status status="PASS" start="2024-05-14T14:13:32.704008" elapsed="0.000432"/>
</kw>
<kw name="Dictionary Should Contain Key" owner="Collections">
<msg time="2024-05-14T14:13:32.705121" level="INFO">False</msg>
<arg>${json_data['results'][0]['login']}</arg>
<arg>${keyTwo}</arg>
<doc>Fails if ``key`` is not found from ``dictionary``.</doc>
<status status="PASS" start="2024-05-14T14:13:32.704737" elapsed="0.000422"/>
</kw>
<kw name="Log" owner="BuiltIn">
<msg time="2024-05-14T14:13:32.705578" level="INFO">username</msg>
<arg>${keyTwo}</arg>
<doc>Logs the given message with the given level.</doc>
<status status="PASS" start="2024-05-14T14:13:32.705451" elapsed="0.000169"/>
</kw>
<var name="${keyTwo}">username</var>
<status status="PASS" start="2024-05-14T14:13:32.703897" elapsed="0.001944"/>
</iter>
<iter>
<kw name="Dictionary Should Contain Key" owner="Collections">
<msg time="2024-05-14T14:13:32.706633" level="INFO">False</msg>
<arg>${json_data['results'][0]['login']}</arg>
<arg>${keyTwo}</arg>
<doc>Fails if ``key`` is not found from ``dictionary``.</doc>
<status status="PASS" start="2024-05-14T14:13:32.706120" elapsed="0.000559"/>
</kw>
<kw name="Dictionary Should Contain Key" owner="Collections">
<msg time="2024-05-14T14:13:32.707384" level="INFO">False</msg>
<arg>${json_data['results'][0]['login']}</arg>
<arg>${keyTwo}</arg>
<doc>Fails if ``key`` is not found from ``dictionary``.</doc>
<status status="PASS" start="2024-05-14T14:13:32.707000" elapsed="0.000421"/>
</kw>
<kw name="Log" owner="BuiltIn">
<msg time="2024-05-14T14:13:32.707846" level="INFO">password</msg>
<arg>${keyTwo}</arg>
<doc>Logs the given message with the given level.</doc>
<status status="PASS" start="2024-05-14T14:13:32.707718" elapsed="0.000165"/>
</kw>
<var name="${keyTwo}">password</var>
<status status="PASS" start="2024-05-14T14:13:32.706012" elapsed="0.002086"/>
</iter>
<var>${keyTwo}</var>
<value>@{expected_keysTwo}</value>
<status status="PASS" start="2024-05-14T14:13:32.703739" elapsed="0.004479"/>
</for>
<status status="PASS" start="2024-05-14T14:13:32.657060" elapsed="0.051301"/>
</kw>
<doc>Testa a estrutura da resposta da API.</doc>
<tag>testeEstruturaResposta</tag>
<status status="PASS" start="2024-05-14T14:13:32.656461" elapsed="0.052058"/>
</test>
<test id="s1-s1-t4" name="Validar tipos de dados" line="28">
<kw name="Teste de Tipos de Dados" owner="random-user-service">
<kw name="GET On Session" owner="RequestsLibrary">
<msg time="2024-05-14T14:13:32.792643" level="INFO">GET Request : url=https://randomuser.me/api 
 path_url=/api 
 headers={'User-Agent': 'python-requests/2.31.0', 'Accept-Encoding': 'gzip, deflate', 'Accept': '*/*', 'Connection': 'keep-alive'} 
 body=None 
 </msg>
<msg time="2024-05-14T14:13:32.792755" level="INFO">GET Response : url=https://randomuser.me/api 
 status=200, reason=OK 
 headers={'Date': 'Tue, 14 May 2024 14:13:32 GMT', 'Content-Type': 'application/json; charset=utf-8', 'Transfer-Encoding': 'chunked', 'Connection': 'keep-alive', 'X-Powered-By': 'Express', 'Access-Control-Allow-Origin': '*', 'Cache-Control': 'no-cache', 'ETag': 'W/"476-hu2f+JfeHflUbnR3y+ptIhgR6+E"', 'Vary': 'Accept-Encoding', 'Content-Encoding': 'gzip', 'CF-Cache-Status': 'DYNAMIC', 'Report-To': '{"endpoints":[{"url":"https:\\/\\/a.nel.cloudflare.com\\/report\\/v4?s=Qtvr4NZFZTJns4rGKH0y3KhHUUHTNSztosH4IdksTBusk0TiPU6q5hdIB8n0VvnBkotUpBsw0SclTWovWH2vXYLDzUYoL7xGuWF%2FcqVIs4QcPNcS60Pmw%2Bw922fuu7nL"}],"group":"cf-nel","max_age":604800}', 'NEL': '{"success_fraction":0,"report_to":"cf-nel","max_age":604800}', 'Server': 'cloudflare', 'CF-RAY': '883b7d4f7c601fe3-IAD', 'alt-svc': 'h3=":443"; ma=86400'} 
 body={"results":[{"gender":"female","name":{"title":"Miss","first":"Barb","last":"Lee"},"location":{"street":{"number":5048,"name":"South Street"},"city":"Drogheda","state":"Galway","country":"Ireland","postcode":96804,"coordinates":{"latitude":"-2.0028","longitude":"155.3347"},"timezone":{"offset":"+2:00","description":"Kaliningrad, South Africa"}},"email":"barb.lee@example.com","login":{"uuid":"28188c54-fdcf-4908-ac0a-d9cdf4dcbdeb","username":"redswan638","password":"1998","salt":"1X0KcHyU","md5":"4113e6fe8f0d0021561f9c5663ded5bc","sha1":"056d1573917621eeb1802b8e990980cc1a77a20b","sha256":"4ec0b92094ea52ae5228e8eebfd4a51ea21b84fa5a6cf04f75867ebb9a5cc7be"},"dob":{"date":"1987-07-11T23:43:06.442Z","age":36},"registered":{"date":"2019-08-28T21:37:42.015Z","age":4},"phone":"031-877-8877","cell":"081-150-3473","id":{"name":"PPS","value":"6014156T"},"picture":{"large":"https://randomuser.me/api/portraits/women/93.jpg","medium":"https://randomuser.me/api/portraits/med/women/93.jpg","thumbnail":"https://randomuser.me/api/portraits/thumb/women/93.jpg"},"nat":"IE"}],"info":{"seed":"72b08841b14643bf","results":1,"page":1,"version":"1.4"}} 
 </msg>
<msg time="2024-05-14T14:13:32.792841" level="INFO">/opt/hostedtoolcache/Python/3.12.3/x64/lib/python3.12/site-packages/urllib3/connectionpool.py:1103: InsecureRequestWarning: Unverified HTTPS request is being made to host 'randomuser.me'. Adding certificate verification is strongly advised. See: https://urllib3.readthedocs.io/en/latest/advanced-usage.html#tls-warnings
  warnings.warn(</msg>
<msg time="2024-05-14T14:13:32.793010" level="INFO">${response} = &lt;Response [200]&gt;</msg>
<var>${response}</var>
<arg>consultarAPI</arg>
<arg>/api</arg>
<doc>Sends a GET request on a previously created HTTP Session.</doc>
<status status="PASS" start="2024-05-14T14:13:32.711095" elapsed="0.081969"/>
</kw>
<kw name="Set Variable" owner="BuiltIn">
<msg time="2024-05-14T14:13:32.794161" level="INFO">${json_data} = {'results': [{'gender': 'female', 'name': {'title': 'Miss', 'first': 'Barb', 'last': 'Lee'}, 'location': {'street': {'number': 5048, 'name': 'South Street'}, 'city': 'Drogheda', 'state': 'Galway', 'co...</msg>
<var>${json_data}</var>
<arg>${response.json()}</arg>
<doc>Returns the given values which can then be assigned to a variables.</doc>
<status status="PASS" start="2024-05-14T14:13:32.793612" elapsed="0.000579"/>
</kw>
<kw name="Log" owner="BuiltIn">
<msg time="2024-05-14T14:13:32.794773" level="INFO">{'results': [{'gender': 'female', 'name': {'title': 'Miss', 'first': 'Barb', 'last': 'Lee'}, 'location': {'street': {'number': 5048, 'name': 'South Street'}, 'city': 'Drogheda', 'state': 'Galway', 'country': 'Ireland', 'postcode': 96804, 'coordinates': {'latitude': '-2.0028', 'longitude': '155.3347'}, 'timezone': {'offset': '+2:00', 'description': 'Kaliningrad, South Africa'}}, 'email': 'barb.lee@example.com', 'login': {'uuid': '28188c54-fdcf-4908-ac0a-d9cdf4dcbdeb', 'username': 'redswan638', 'password': '1998', 'salt': '1X0KcHyU', 'md5': '4113e6fe8f0d0021561f9c5663ded5bc', 'sha1': '056d1573917621eeb1802b8e990980cc1a77a20b', 'sha256': '4ec0b92094ea52ae5228e8eebfd4a51ea21b84fa5a6cf04f75867ebb9a5cc7be'}, 'dob': {'date': '1987-07-11T23:43:06.442Z', 'age': 36}, 'registered': {'date': '2019-08-28T21:37:42.015Z', 'age': 4}, 'phone': '031-877-8877', 'cell': '081-150-3473', 'id': {'name': 'PPS', 'value': '6014156T'}, 'picture': {'large': 'https://randomuser.me/api/portraits/women/93.jpg', 'medium': 'https://randomuser.me/api/portraits/med/women/93.jpg', 'thumbnail': 'https://randomuser.me/api/portraits/thumb/women/93.jpg'}, 'nat': 'IE'}], 'info': {'seed': '72b08841b14643bf', 'results': 1, 'page': 1, 'version': '1.4'}}</msg>
<arg>${json_data}</arg>
<doc>Logs the given message with the given level.</doc>
<status status="PASS" start="2024-05-14T14:13:32.794590" elapsed="0.000273"/>
</kw>
<kw name="Should Be String" owner="String">
<arg>${json_data['results'][0]['gender']}</arg>
<doc>Fails if the given ``item`` is not a string.</doc>
<status status="PASS" start="2024-05-14T14:13:32.795180" elapsed="0.000380"/>
</kw>
<kw name="Should Match Regexp" owner="BuiltIn">
<arg>${json_data['results'][0]['email']}</arg>
<arg>^[a-zA-Z0-9._%+-]+@[a-zA-Z0-9.-]+\.[a-zA-Z]{2,}$</arg>
<doc>Fails if ``string`` does not match ``pattern`` as a regular expression.</doc>
<status status="PASS" start="2024-05-14T14:13:32.795759" elapsed="0.000525"/>
</kw>
<kw name="Should Match Regexp" owner="BuiltIn">
<arg>${json_data['results'][0]['dob']['date']}</arg>
<arg>\\d{4}-\\d{2}-\\d{2}T\\d{2}:\\d{2}:\\d{2}\\.\\d{3}Z</arg>
<doc>Fails if ``string`` does not match ``pattern`` as a regular expression.</doc>
<status status="PASS" start="2024-05-14T14:13:32.796480" elapsed="0.000493"/>
</kw>
<kw name="Should Match Regexp" owner="BuiltIn">
<arg>${json_data['results'][0]['registered']['date']}</arg>
<arg>\\d{4}-\\d{2}-\\d{2}T\\d{2}:\\d{2}:\\d{2}\\.\\d{3}Z</arg>
<doc>Fails if ``string`` does not match ``pattern`` as a regular expression.</doc>
<status status="PASS" start="2024-05-14T14:13:32.797166" elapsed="0.000376"/>
</kw>
<kw name="Should Match Regexp" owner="BuiltIn">
<arg>${json_data['results'][0]['picture']['large']}</arg>
<arg>^https?://.*\.(?:png|jpe?g|gif|bmp)$</arg>
<doc>Fails if ``string`` does not match ``pattern`` as a regular expression.</doc>
<status status="PASS" start="2024-05-14T14:13:32.797734" elapsed="0.000463"/>
</kw>
<kw name="Should Match Regexp" owner="BuiltIn">
<arg>${json_data['results'][0]['picture']['medium']}</arg>
<arg>^https?://.*\.(?:png|jpe?g|gif|bmp)$</arg>
<doc>Fails if ``string`` does not match ``pattern`` as a regular expression.</doc>
<status status="PASS" start="2024-05-14T14:13:32.798385" elapsed="0.000384"/>
</kw>
<kw name="Should Match Regexp" owner="BuiltIn">
<arg>${json_data['results'][0]['picture']['thumbnail']}</arg>
<arg>^https?://.*\.(?:png|jpe?g|gif|bmp)$</arg>
<doc>Fails if ``string`` does not match ``pattern`` as a regular expression.</doc>
<status status="PASS" start="2024-05-14T14:13:32.798961" elapsed="0.000349"/>
</kw>
<kw name="Log" owner="BuiltIn">
<msg time="2024-05-14T14:13:32.799817" level="INFO">{'large': 'https://randomuser.me/api/portraits/women/93.jpg', 'medium': 'https://randomuser.me/api/portraits/med/women/93.jpg', 'thumbnail': 'https://randomuser.me/api/portraits/thumb/women/93.jpg'}</msg>
<arg>${json_data['results'][0]['picture']}</arg>
<doc>Logs the given message with the given level.</doc>
<status status="PASS" start="2024-05-14T14:13:32.799489" elapsed="0.000368"/>
</kw>
<status status="PASS" start="2024-05-14T14:13:32.710861" elapsed="0.089257"/>
</kw>
<kw name="Teste de Tipos de Dados - Postcode" owner="random-user-service">
<kw name="GET On Session" owner="RequestsLibrary">
<msg time="2024-05-14T14:13:32.910718" level="INFO">GET Request : url=https://randomuser.me/api 
 path_url=/api 
 headers={'User-Agent': 'python-requests/2.31.0', 'Accept-Encoding': 'gzip, deflate', 'Accept': '*/*', 'Connection': 'keep-alive'} 
 body=None 
 </msg>
<msg time="2024-05-14T14:13:32.910819" level="INFO">GET Response : url=https://randomuser.me/api 
 status=200, reason=OK 
 headers={'Date': 'Tue, 14 May 2024 14:13:32 GMT', 'Content-Type': 'application/json; charset=utf-8', 'Transfer-Encoding': 'chunked', 'Connection': 'keep-alive', 'X-Powered-By': 'Express', 'Access-Control-Allow-Origin': '*', 'Cache-Control': 'no-cache', 'ETag': 'W/"48d-D1QKAKUl2FDSZylFX1Vg8qs2/Ns"', 'Vary': 'Accept-Encoding', 'Content-Encoding': 'gzip', 'CF-Cache-Status': 'DYNAMIC', 'Report-To': '{"endpoints":[{"url":"https:\\/\\/a.nel.cloudflare.com\\/report\\/v4?s=jUvEMVQvCXepZM7KOkaFrXnT4nE33e4vCtZ2qBjGV6B90iIrBx2ZNgzoJ4YYslGF2NTfIBK1Brty89mCFEt7UAmUsxuRu%2B376735RoJbhuZzH9NUbTLa05LLFGyFwBLX"}],"group":"cf-nel","max_age":604800}', 'NEL': '{"success_fraction":0,"report_to":"cf-nel","max_age":604800}', 'Server': 'cloudflare', 'CF-RAY': '883b7d500d141fe3-IAD', 'alt-svc': 'h3=":443"; ma=86400'} 
 body={"results":[{"gender":"male","name":{"title":"Mr","first":"Franz-Xaver","last":"Roth"},"location":{"street":{"number":6105,"name":"Poststraße"},"city":"Wolkenstein","state":"Sachsen-Anhalt","country":"Germany","postcode":85210,"coordinates":{"latitude":"-48.3130","longitude":"-129.7499"},"timezone":{"offset":"-2:00","description":"Mid-Atlantic"}},"email":"franz-xaver.roth@example.com","login":{"uuid":"4b69cfdd-be66-4421-b808-35dabf727171","username":"beautifulleopard311","password":"lions","salt":"T3AxthhT","md5":"3d747de9996aa44c9706778cbba4c575","sha1":"03b133f37143274fa0eeb81f89722d0aced4fd73","sha256":"7facee1e070f3e21cc93d00965acf97415f1a7b20404a65f48e0af4d3af383fc"},"dob":{"date":"1965-04-10T20:54:27.055Z","age":59},"registered":{"date":"2018-11-06T15:16:15.912Z","age":5},"phone":"0694-1404097","cell":"0179-4140924","id":{"name":"SVNR","value":"75 100465 R 158"},"picture":{"large":"https://randomuser.me/api/portraits/men/64.jpg","medium":"https://randomuser.me/api/portraits/med/men/64.jpg","thumbnail":"https://randomuser.me/api/portraits/thumb/men/64.jpg"},"nat":"DE"}],"info":{"seed":"769db2bc77dd29ec","results":1,"page":1,"version":"1.4"}} 
 </msg>
<msg time="2024-05-14T14:13:32.910891" level="INFO">/opt/hostedtoolcache/Python/3.12.3/x64/lib/python3.12/site-packages/urllib3/connectionpool.py:1103: InsecureRequestWarning: Unverified HTTPS request is being made to host 'randomuser.me'. Adding certificate verification is strongly advised. See: https://urllib3.readthedocs.io/en/latest/advanced-usage.html#tls-warnings
  warnings.warn(</msg>
<msg time="2024-05-14T14:13:32.911031" level="INFO">${response} = &lt;Response [200]&gt;</msg>
<var>${response}</var>
<arg>consultarAPI</arg>
<arg>/api</arg>
<doc>Sends a GET request on a previously created HTTP Session.</doc>
<status status="PASS" start="2024-05-14T14:13:32.800601" elapsed="0.110472"/>
</kw>
<kw name="Set Variable" owner="BuiltIn">
<msg time="2024-05-14T14:13:32.912148" level="INFO">${json_data} = {'results': [{'gender': 'male', 'name': {'title': 'Mr', 'first': 'Franz-Xaver', 'last': 'Roth'}, 'location': {'street': {'number': 6105, 'name': 'Poststraße'}, 'city': 'Wolkenstein', 'state': 'Sachsen...</msg>
<var>${json_data}</var>
<arg>${response.json()}</arg>
<doc>Returns the given values which can then be assigned to a variables.</doc>
<status status="PASS" start="2024-05-14T14:13:32.911615" elapsed="0.000562"/>
</kw>
<kw name="Log" owner="BuiltIn">
<msg time="2024-05-14T14:13:32.912647" level="INFO">{'results': [{'gender': 'male', 'name': {'title': 'Mr', 'first': 'Franz-Xaver', 'last': 'Roth'}, 'location': {'street': {'number': 6105, 'name': 'Poststraße'}, 'city': 'Wolkenstein', 'state': 'Sachsen-Anhalt', 'country': 'Germany', 'postcode': 85210, 'coordinates': {'latitude': '-48.3130', 'longitude': '-129.7499'}, 'timezone': {'offset': '-2:00', 'description': 'Mid-Atlantic'}}, 'email': 'franz-xaver.roth@example.com', 'login': {'uuid': '4b69cfdd-be66-4421-b808-35dabf727171', 'username': 'beautifulleopard311', 'password': 'lions', 'salt': 'T3AxthhT', 'md5': '3d747de9996aa44c9706778cbba4c575', 'sha1': '03b133f37143274fa0eeb81f89722d0aced4fd73', 'sha256': '7facee1e070f3e21cc93d00965acf97415f1a7b20404a65f48e0af4d3af383fc'}, 'dob': {'date': '1965-04-10T20:54:27.055Z', 'age': 59}, 'registered': {'date': '2018-11-06T15:16:15.912Z', 'age': 5}, 'phone': '0694-1404097', 'cell': '0179-4140924', 'id': {'name': 'SVNR', 'value': '75 100465 R 158'}, 'picture': {'large': 'https://randomuser.me/api/portraits/men/64.jpg', 'medium': 'https://randomuser.me/api/portraits/med/men/64.jpg', 'thumbnail': 'https://randomuser.me/api/portraits/thumb/men/64.jpg'}, 'nat': 'DE'}], 'info': {'seed': '769db2bc77dd29ec', 'results': 1, 'page': 1, 'version': '1.4'}}</msg>
<arg>${json_data}</arg>
<doc>Logs the given message with the given level.</doc>
<status status="PASS" start="2024-05-14T14:13:32.912489" elapsed="0.000239"/>
</kw>
<kw name="Should Be Equal As Numbers" owner="BuiltIn">
<arg>${json_data['results'][0]['location']['postcode']}</arg>
<arg>${json_data['results'][0]['location']['postcode']}</arg>
<doc>Fails if objects are unequal after converting them to real numbers.</doc>
<status status="PASS" start="2024-05-14T14:13:32.913209" elapsed="0.000644"/>
</kw>
<kw name="Log" owner="BuiltIn">
<msg time="2024-05-14T14:13:32.914392" level="INFO">85210</msg>
<arg>${json_data['results'][0]['location']['postcode']}</arg>
<doc>Logs the given message with the given level.</doc>
<status status="PASS" start="2024-05-14T14:13:32.914041" elapsed="0.000390"/>
</kw>
<status status="PASS" start="2024-05-14T14:13:32.800365" elapsed="0.114374"/>
</kw>
<doc>Testa se os tipos de dados na resposta da API estão corretos.</doc>
<tag>testeTiposDados</tag>
<status status="PASS" start="2024-05-14T14:13:32.710282" elapsed="0.204629"/>
</test>
<test id="s1-s1-t5" name="Validar conteudo" line="35">
<kw name="Teste de Tipos de Conteudo" owner="random-user-service">
<kw name="GET On Session" owner="RequestsLibrary">
<msg time="2024-05-14T14:13:33.039691" level="INFO">GET Request : url=https://randomuser.me/api 
 path_url=/api 
 headers={'User-Agent': 'python-requests/2.31.0', 'Accept-Encoding': 'gzip, deflate', 'Accept': '*/*', 'Connection': 'keep-alive'} 
 body=None 
 </msg>
<msg time="2024-05-14T14:13:33.039793" level="INFO">GET Response : url=https://randomuser.me/api 
 status=200, reason=OK 
 headers={'Date': 'Tue, 14 May 2024 14:13:33 GMT', 'Content-Type': 'application/json; charset=utf-8', 'Transfer-Encoding': 'chunked', 'Connection': 'keep-alive', 'X-Powered-By': 'Express', 'Access-Control-Allow-Origin': '*', 'Cache-Control': 'no-cache', 'ETag': 'W/"491-OcBInnuMI5PAcxo7N/4YxWQKIrQ"', 'Vary': 'Accept-Encoding', 'Content-Encoding': 'gzip', 'CF-Cache-Status': 'DYNAMIC', 'Report-To': '{"endpoints":[{"url":"https:\\/\\/a.nel.cloudflare.com\\/report\\/v4?s=pfE418zcM9%2BIt2mRkmkaz2Rpfk92aeo8pieLXReRfvPjXQ0tRhN8Tfoewi0UxlIc8FgwbyKYMjc2sxT%2Fvqe0c6R3ZxzNfuy0PkTGElcZw1oYqe%2FKy%2FkNV6bKfSMwol99"}],"group":"cf-nel","max_age":604800}', 'NEL': '{"success_fraction":0,"report_to":"cf-nel","max_age":604800}', 'Server': 'cloudflare', 'CF-RAY': '883b7d50bddd1fe3-IAD', 'alt-svc': 'h3=":443"; ma=86400'} 
 body={"results":[{"gender":"female","name":{"title":"Mrs","first":"Allison","last":"Elliott"},"location":{"street":{"number":6350,"name":"Saddle Dr"},"city":"Sydney","state":"South Australia","country":"Australia","postcode":7657,"coordinates":{"latitude":"-89.8092","longitude":"167.0403"},"timezone":{"offset":"+7:00","description":"Bangkok, Hanoi, Jakarta"}},"email":"allison.elliott@example.com","login":{"uuid":"037dabc9-8b1c-4675-a83e-124ac0818a71","username":"whitebutterfly254","password":"cinema","salt":"ShUxCvNH","md5":"80e11ed8aff89f98fd1a3012dd2749a9","sha1":"9fccfd6029b53801f8917c1876be1684c97619ef","sha256":"605ffb7a05fbd77e735176c35181374ab1931a5d94182e9c1dba3b27980cb909"},"dob":{"date":"1960-03-25T06:16:04.552Z","age":64},"registered":{"date":"2015-01-02T17:57:47.833Z","age":9},"phone":"00-5056-4115","cell":"0418-098-981","id":{"name":"TFN","value":"387012163"},"picture":{"large":"https://randomuser.me/api/portraits/women/73.jpg","medium":"https://randomuser.me/api/portraits/med/women/73.jpg","thumbnail":"https://randomuser.me/api/portraits/thumb/women/73.jpg"},"nat":"AU"}],"info":{"seed":"6f58b3b69ef40f6e","results":1,"page":1,"version":"1.4"}} 
 </msg>
<msg time="2024-05-14T14:13:33.039865" level="INFO">/opt/hostedtoolcache/Python/3.12.3/x64/lib/python3.12/site-packages/urllib3/connectionpool.py:1103: InsecureRequestWarning: Unverified HTTPS request is being made to host 'randomuser.me'. Adding certificate verification is strongly advised. See: https://urllib3.readthedocs.io/en/latest/advanced-usage.html#tls-warnings
  warnings.warn(</msg>
<msg time="2024-05-14T14:13:33.040004" level="INFO">${response} = &lt;Response [200]&gt;</msg>
<var>${response}</var>
<arg>consultarAPI</arg>
<arg>/api</arg>
<doc>Sends a GET request on a previously created HTTP Session.</doc>
<status status="PASS" start="2024-05-14T14:13:32.917536" elapsed="0.122512"/>
</kw>
<kw name="Set Variable" owner="BuiltIn">
<msg time="2024-05-14T14:13:33.041094" level="INFO">${json_data} = {'results': [{'gender': 'female', 'name': {'title': 'Mrs', 'first': 'Allison', 'last': 'Elliott'}, 'location': {'street': {'number': 6350, 'name': 'Saddle Dr'}, 'city': 'Sydney', 'state': 'South Austr...</msg>
<var>${json_data}</var>
<arg>${response.json()}</arg>
<doc>Returns the given values which can then be assigned to a variables.</doc>
<status status="PASS" start="2024-05-14T14:13:33.040566" elapsed="0.000556"/>
</kw>
<kw name="Set Variable" owner="BuiltIn">
<msg time="2024-05-14T14:13:33.041824" level="INFO">${name_title} = Mrs</msg>
<var>${name_title}</var>
<arg>${json_data["results"][0]["name"]["title"]}</arg>
<doc>Returns the given values which can then be assigned to a variables.</doc>
<status status="PASS" start="2024-05-14T14:13:33.041438" elapsed="0.000411"/>
</kw>
<kw name="Create List" owner="BuiltIn">
<msg time="2024-05-14T14:13:33.042300" level="INFO">${allowed_titles} = ['Mr', 'Ms', 'Miss', 'Mrs', 'Madame', 'Monsieur']</msg>
<var>${allowed_titles}</var>
<arg>Mr</arg>
<arg>Ms</arg>
<arg>Miss</arg>
<arg>Mrs</arg>
<arg>Madame</arg>
<arg>Monsieur</arg>
<doc>Returns a list containing given items.</doc>
<status status="PASS" start="2024-05-14T14:13:33.042147" elapsed="0.000177"/>
</kw>
<kw name="List Should Contain Value" owner="Collections">
<msg time="2024-05-14T14:13:33.042856" level="INFO">False</msg>
<arg>${allowed_titles}</arg>
<arg>${name_title}</arg>
<doc>Fails if the ``value`` is not found from ``list``.</doc>
<status status="PASS" start="2024-05-14T14:13:33.042678" elapsed="0.000215"/>
</kw>
<kw name="Set Variable" owner="BuiltIn">
<msg time="2024-05-14T14:13:33.043562" level="INFO">${name_country} = AU</msg>
<var>${name_country}</var>
<arg>${json_data["results"][0]["nat"]}</arg>
<doc>Returns the given values which can then be assigned to a variables.</doc>
<status status="PASS" start="2024-05-14T14:13:33.043182" elapsed="0.000405"/>
</kw>
<kw name="Create List" owner="BuiltIn">
<msg time="2024-05-14T14:13:33.044469" level="INFO">${list_country} = ['AD', 'AE', 'AF', 'AG', 'AI', 'AL', 'AM', 'AO', 'AQ', 'AR', 'AS', 'AT', 'AU', 'AW', 'AX', 'AZ', 'BA', 'BB', 'BD', 'BE', 'BF', 'BG', 'BH', 'BI', 'BJ', 'BL', 'BM', 'BN', 'BO', 'BQ', 'BR', 'BS', 'BT', '...</msg>
<var>${list_country}</var>
<arg>AD</arg>
<arg>AE</arg>
<arg>AF</arg>
<arg>AG</arg>
<arg>AI</arg>
<arg>AL</arg>
<arg>AM</arg>
<arg>AO</arg>
<arg>AQ</arg>
<arg>AR</arg>
<arg>AS</arg>
<arg>AT</arg>
<arg>AU</arg>
<arg>AW</arg>
<arg>AX</arg>
<arg>AZ</arg>
<arg>BA</arg>
<arg>BB</arg>
<arg>BD</arg>
<arg>BE</arg>
<arg>BF</arg>
<arg>BG</arg>
<arg>BH</arg>
<arg>BI</arg>
<arg>BJ</arg>
<arg>BL</arg>
<arg>BM</arg>
<arg>BN</arg>
<arg>BO</arg>
<arg>BQ</arg>
<arg>BR</arg>
<arg>BS</arg>
<arg>BT</arg>
<arg>BV</arg>
<arg>BW</arg>
<arg>BY</arg>
<arg>BZ</arg>
<arg>CA</arg>
<arg>CC</arg>
<arg>CD</arg>
<arg>CF</arg>
<arg>CG</arg>
<arg>CH</arg>
<arg>CI</arg>
<arg>CK</arg>
<arg>CL</arg>
<arg>CM</arg>
<arg>CN</arg>
<arg>CO</arg>
<arg>CR</arg>
<arg>CU</arg>
<arg>CV</arg>
<arg>CW</arg>
<arg>CX</arg>
<arg>CY</arg>
<arg>CZ</arg>
<arg>DE</arg>
<arg>DJ</arg>
<arg>DK</arg>
<arg>DM</arg>
<arg>DO</arg>
<arg>DZ</arg>
<arg>EC</arg>
<arg>EE</arg>
<arg>EG</arg>
<arg>EH</arg>
<arg>ER</arg>
<arg>ES</arg>
<arg>ET</arg>
<arg>FI</arg>
<arg>FJ</arg>
<arg>FK</arg>
<arg>FM</arg>
<arg>FO</arg>
<arg>FR</arg>
<arg>GA</arg>
<arg>GB</arg>
<arg>GD</arg>
<arg>GE</arg>
<arg>GF</arg>
<arg>GG</arg>
<arg>GH</arg>
<arg>GI</arg>
<arg>GL</arg>
<arg>GM</arg>
<arg>GN</arg>
<arg>GP</arg>
<arg>GQ</arg>
<arg>GR</arg>
<arg>GS</arg>
<arg>GT</arg>
<arg>GU</arg>
<arg>GW</arg>
<arg>GY</arg>
<arg>HK</arg>
<arg>HM</arg>
<arg>HN</arg>
<arg>HR</arg>
<arg>HT</arg>
<arg>HU</arg>
<arg>ID</arg>
<arg>IE</arg>
<arg>IL</arg>
<arg>IM</arg>
<arg>IN</arg>
<arg>IO</arg>
<arg>IQ</arg>
<arg>IR</arg>
<arg>IS</arg>
<arg>IT</arg>
<arg>JE</arg>
<arg>JM</arg>
<arg>JO</arg>
<arg>JP</arg>
<arg>KE</arg>
<arg>KG</arg>
<arg>KH</arg>
<arg>KI</arg>
<arg>KM</arg>
<arg>KN</arg>
<arg>KP</arg>
<arg>KR</arg>
<arg>KW</arg>
<arg>KY</arg>
<arg>KZ</arg>
<arg>LA</arg>
<arg>LB</arg>
<arg>LC</arg>
<arg>LI</arg>
<arg>LK</arg>
<arg>LR</arg>
<arg>LS</arg>
<arg>LT</arg>
<arg>LU</arg>
<arg>LV</arg>
<arg>LY</arg>
<arg>MA</arg>
<arg>MC</arg>
<arg>MD</arg>
<arg>ME</arg>
<arg>MF</arg>
<arg>MG</arg>
<arg>MH</arg>
<arg>MK</arg>
<arg>ML</arg>
<arg>MM</arg>
<arg>MN</arg>
<arg>MO</arg>
<arg>MP</arg>
<arg>MQ</arg>
<arg>MR</arg>
<arg>MS</arg>
<arg>MT</arg>
<arg>MU</arg>
<arg>MV</arg>
<arg>MW</arg>
<arg>MX</arg>
<arg>MY</arg>
<arg>MZ</arg>
<arg>NA</arg>
<arg>NC</arg>
<arg>NE</arg>
<arg>NF</arg>
<arg>NG</arg>
<arg>NI</arg>
<arg>NL</arg>
<arg>NO</arg>
<arg>NP</arg>
<arg>NR</arg>
<arg>NU</arg>
<arg>NZ</arg>
<arg>OM</arg>
<arg>PA</arg>
<arg>PE</arg>
<arg>PF</arg>
<arg>PG</arg>
<arg>PH</arg>
<arg>PK</arg>
<arg>PL</arg>
<arg>PM</arg>
<arg>PN</arg>
<arg>PR</arg>
<arg>PS</arg>
<arg>PT</arg>
<arg>PW</arg>
<arg>PY</arg>
<arg>QA</arg>
<arg>RE</arg>
<arg>RO</arg>
<arg>RS</arg>
<arg>RU</arg>
<arg>RW</arg>
<arg>SA</arg>
<arg>SB</arg>
<arg>SC</arg>
<arg>SD</arg>
<arg>SE</arg>
<arg>SG</arg>
<arg>SH</arg>
<arg>SI</arg>
<arg>SJ</arg>
<arg>SK</arg>
<arg>SL</arg>
<arg>SM</arg>
<arg>SN</arg>
<arg>SO</arg>
<arg>SR</arg>
<arg>SS</arg>
<arg>ST</arg>
<arg>SV</arg>
<arg>SX</arg>
<arg>SY</arg>
<arg>SZ</arg>
<arg>TC</arg>
<arg>TD</arg>
<arg>TF</arg>
<arg>TG</arg>
<arg>TH</arg>
<arg>TJ</arg>
<arg>TK</arg>
<arg>TL</arg>
<arg>TM</arg>
<arg>TN</arg>
<arg>TO</arg>
<arg>TR</arg>
<arg>TT</arg>
<arg>TV</arg>
<arg>TW</arg>
<arg>TZ</arg>
<arg>UA</arg>
<arg>UG</arg>
<arg>UM</arg>
<arg>US</arg>
<arg>UY</arg>
<arg>UZ</arg>
<arg>VA</arg>
<arg>VC</arg>
<arg>VE</arg>
<arg>VG</arg>
<arg>VI</arg>
<arg>VN</arg>
<arg>VU</arg>
<arg>WF</arg>
<arg>WS</arg>
<arg>XK</arg>
<arg>YE</arg>
<arg>YT</arg>
<arg>ZA</arg>
<arg>ZM</arg>
<arg>ZW</arg>
<doc>Returns a list containing given items.</doc>
<status status="PASS" start="2024-05-14T14:13:33.043886" elapsed="0.000609"/>
</kw>
<kw name="List Should Contain Value" owner="Collections">
<msg time="2024-05-14T14:13:33.045472" level="INFO">False</msg>
<arg>${list_country}</arg>
<arg>${name_country}</arg>
<doc>Fails if the ``value`` is not found from ``list``.</doc>
<status status="PASS" start="2024-05-14T14:13:33.045277" elapsed="0.000231"/>
</kw>
<kw name="Run Keyword If" owner="BuiltIn">
<kw name="Should Be True" owner="BuiltIn">
<arg>${True}</arg>
<doc>Fails if the given condition is not true.</doc>
<status status="PASS" start="2024-05-14T14:13:33.046598" elapsed="0.000266"/>
</kw>
<arg>${json_data["results"][0]["location"]["coordinates"]["latitude"]} &gt;= -90 and ${json_data["results"][0]["location"]["coordinates"]["latitude"]} &lt;= 90</arg>
<arg>Should Be True</arg>
<arg>${True}</arg>
<doc>Runs the given keyword with the given arguments, if ``condition`` is true.</doc>
<status status="PASS" start="2024-05-14T14:13:33.045814" elapsed="0.001182"/>
</kw>
<kw name="Run Keyword If" owner="BuiltIn">
<kw name="Should Be True" owner="BuiltIn">
<arg>${True}</arg>
<doc>Fails if the given condition is not true.</doc>
<status status="PASS" start="2024-05-14T14:13:33.047903" elapsed="0.000138"/>
</kw>
<arg>${json_data["results"][0]["location"]["coordinates"]["longitude"]} &gt;= -180 and ${json_data["results"][0]["location"]["coordinates"]["longitude"]} &lt;= 180</arg>
<arg>Should Be True</arg>
<arg>${True}</arg>
<doc>Runs the given keyword with the given arguments, if ``condition`` is true.</doc>
<status status="PASS" start="2024-05-14T14:13:33.047190" elapsed="0.000975"/>
</kw>
<status status="PASS" start="2024-05-14T14:13:32.917309" elapsed="0.130985"/>
</kw>
<doc>Testa o conteúdo específico dos campos retornados pela API.</doc>
<tag>testeConteudo</tag>
<status status="PASS" start="2024-05-14T14:13:32.916773" elapsed="0.131673"/>
</test>
<status status="PASS" start="2024-05-14T14:13:32.062797" elapsed="0.987594"/>
</suite>
<status status="PASS" start="2024-05-14T14:13:32.049137" elapsed="1.006382"/>
</suite>
<statistics>
<total>
<stat pass="5" fail="0" skip="0">All Tests</stat>
</total>
<tag>
<stat pass="1" fail="0" skip="0">testeConteudo</stat>
<stat pass="1" fail="0" skip="0">testeEstruturaResposta</stat>
<stat pass="1" fail="0" skip="0">testeRequisicaoBasica</stat>
<stat pass="1" fail="0" skip="0">testeTiposDados</stat>
</tag>
<suite>
<stat pass="5" fail="0" skip="0" id="s1" name="Tests">Tests</stat>
<stat pass="5" fail="0" skip="0" id="s1-s1" name="Random-User-Test">Tests.Random-User-Test</stat>
</suite>
</statistics>
<errors>
</errors>
</robot>
