<?xml version="1.0" encoding="UTF-8"?>
<robot generator="Robot 7.0 (Python 3.12.3 on linux)" generated="2024-04-21T03:14:02.799035" rpa="false" schemaversion="5">
<suite id="s1" name="Tests" source="/home/runner/work/DesafioQAItauRogerioJordao/DesafioQAItauRogerioJordao/RamdonUser/tests">
<suite id="s1-s1" name="Random-User-Test" source="/home/runner/work/DesafioQAItauRogerioJordao/DesafioQAItauRogerioJordao/RamdonUser/tests/random-user-test.robot">
<test id="s1-s1-t1" name="Conectar" line="13">
<kw name="Conectar API" owner="random-user-service">
<kw name="Create Session" owner="RequestsLibrary">
<msg time="2024-04-21T03:14:03.169804" level="INFO">Creating Session using : alias=consultarAPI, url=https://randomuser.me/, headers={},                     cookies={}, auth=None, timeout=None, proxies=None, verify=False,                     debug=0 </msg>
<arg>consultarAPI</arg>
<arg>${URL}</arg>
<doc>Create Session: create a HTTP session to a server</doc>
<status status="PASS" start="2024-04-21T03:14:03.169603" elapsed="0.000379"/>
</kw>
<status status="PASS" start="2024-04-21T03:14:03.168640" elapsed="0.001694"/>
</kw>
<status status="PASS" start="2024-04-21T03:14:03.168109" elapsed="0.002452"/>
</test>
<test id="s1-s1-t2" name="Validar retorno 200 e JSON Válido" line="16">
<kw name="Teste de Requisicao Basica" owner="random-user-service">
<kw name="GET On Session" owner="RequestsLibrary">
<msg time="2024-04-21T03:14:03.267260" level="INFO">GET Request : url=https://randomuser.me/api 
 path_url=/api 
 headers={'User-Agent': 'python-requests/2.31.0', 'Accept-Encoding': 'gzip, deflate', 'Accept': '*/*', 'Connection': 'keep-alive'} 
 body=None 
 </msg>
<msg time="2024-04-21T03:14:03.267404" level="INFO">GET Response : url=https://randomuser.me/api 
 status=200, reason=OK 
 headers={'Date': 'Sun, 21 Apr 2024 03:14:03 GMT', 'Content-Type': 'application/json; charset=utf-8', 'Transfer-Encoding': 'chunked', 'Connection': 'keep-alive', 'X-Powered-By': 'Express', 'Access-Control-Allow-Origin': '*', 'Cache-Control': 'no-cache', 'ETag': 'W/"48f-P1e1ej78YNyODO0Lkg5DTil7xG4"', 'Vary': 'Accept-Encoding', 'Content-Encoding': 'gzip', 'CF-Cache-Status': 'DYNAMIC', 'Report-To': '{"endpoints":[{"url":"https:\\/\\/a.nel.cloudflare.com\\/report\\/v4?s=nLCatFo2CAHdBdgeT89yvHScvJ0WeC%2F%2F%2BqR%2BYJd8jgr7oQnWEmehvimyZ9Zh0sZ6yNStrKKbP9d0hkRec8maxPsdK3V%2BlmLhWgb5pt64yA5Ll2%2B1mi%2Fvu0gkFcYRNgIH"}],"group":"cf-nel","max_age":604800}', 'NEL': '{"success_fraction":0,"report_to":"cf-nel","max_age":604800}', 'Server': 'cloudflare', 'CF-RAY': '877a33a21d8a1fd0-IAD', 'alt-svc': 'h3=":443"; ma=86400'} 
 body={"results":[{"gender":"male","name":{"title":"Mr","first":"Rémy","last":"Roux"},"location":{"street":{"number":5360,"name":"Rue du Bât-D'Argent"},"city":"Asnières-sur-Seine","state":"Ain","country":"France","postcode":54515,"coordinates":{"latitude":"-19.6098","longitude":"-113.4808"},"timezone":{"offset":"-12:00","description":"Eniwetok, Kwajalein"}},"email":"remy.roux@example.com","login":{"uuid":"df08c107-8cf4-4eac-b03a-f5a3605c3207","username":"blueostrich961","password":"484848","salt":"FV7p5NX7","md5":"be1a3b607d64fda6ba4a3b5cc3f79a37","sha1":"5279783d46e551f9f1e529b6c3bae517153eb2f5","sha256":"9841090dcae30c2e7e20a8a69e9573a88c7a1558d7735ba4de68bff6cd30ad39"},"dob":{"date":"1964-02-05T12:54:57.328Z","age":60},"registered":{"date":"2016-01-31T08:32:28.010Z","age":8},"phone":"03-03-72-10-43","cell":"06-05-88-90-92","id":{"name":"INSEE","value":"1640100471768 71"},"picture":{"large":"https://randomuser.me/api/portraits/men/18.jpg","medium":"https://randomuser.me/api/portraits/med/men/18.jpg","thumbnail":"https://randomuser.me/api/portraits/thumb/men/18.jpg"},"nat":"FR"}],"info":{"seed":"1087c6b1972d5b55","results":1,"page":1,"version":"1.4"}} 
 </msg>
<msg time="2024-04-21T03:14:03.267496" level="INFO">/opt/hostedtoolcache/Python/3.12.3/x64/lib/python3.12/site-packages/urllib3/connectionpool.py:1103: InsecureRequestWarning: Unverified HTTPS request is being made to host 'randomuser.me'. Adding certificate verification is strongly advised. See: https://urllib3.readthedocs.io/en/latest/advanced-usage.html#tls-warnings
  warnings.warn(</msg>
<msg time="2024-04-21T03:14:03.267624" level="INFO">${response} = &lt;Response [200]&gt;</msg>
<var>${response}</var>
<arg>consultarAPI</arg>
<arg>/api</arg>
<doc>Sends a GET request on a previously created HTTP Session.</doc>
<status status="PASS" start="2024-04-21T03:14:03.173214" elapsed="0.094453"/>
</kw>
<kw name="Should Be Equal As Numbers" owner="BuiltIn">
<msg time="2024-04-21T03:14:03.268769" level="INFO">Argument types are:
&lt;class 'int'&gt;
&lt;class 'str'&gt;</msg>
<arg>${response.status_code}</arg>
<arg>200</arg>
<doc>Fails if objects are unequal after converting them to real numbers.</doc>
<status status="PASS" start="2024-04-21T03:14:03.268253" elapsed="0.000580"/>
</kw>
<kw name="Log" owner="BuiltIn">
<msg time="2024-04-21T03:14:03.269533" level="INFO">200</msg>
<arg>${response.status_code}</arg>
<doc>Logs the given message with the given level.</doc>
<status status="PASS" start="2024-04-21T03:14:03.269187" elapsed="0.000389"/>
</kw>
<kw name="Set Variable" owner="BuiltIn">
<msg time="2024-04-21T03:14:03.270336" level="INFO">${json_data} = {'results': [{'gender': 'male', 'name': {'title': 'Mr', 'first': 'Rémy', 'last': 'Roux'}, 'location': {'street': {'number': 5360, 'name': "Rue du Bât-D'Argent"}, 'city': 'Asnières-sur-Seine', 'state':...</msg>
<var>${json_data}</var>
<arg>${response.json()}</arg>
<doc>Returns the given values which can then be assigned to a variables.</doc>
<status status="PASS" start="2024-04-21T03:14:03.269880" elapsed="0.000486"/>
</kw>
<kw name="Dictionary Should Contain Key" owner="Collections">
<msg time="2024-04-21T03:14:03.270872" level="INFO">False</msg>
<arg>${json_data}</arg>
<arg>results</arg>
<doc>Fails if ``key`` is not found from ``dictionary``.</doc>
<status status="PASS" start="2024-04-21T03:14:03.270705" elapsed="0.000206"/>
</kw>
<status status="PASS" start="2024-04-21T03:14:03.172966" elapsed="0.098204"/>
</kw>
<doc>Testa se a API responde corretamente e retorna um objeto JSON válido.</doc>
<tag>testeRequisicaoBasica</tag>
<status status="PASS" start="2024-04-21T03:14:03.172478" elapsed="0.098866"/>
</test>
<test id="s1-s1-t3" name="Validar estrutura de resposta" line="22">
<kw name="Teste de Estrutura de Resposta" owner="random-user-service">
<kw name="GET On Session" owner="RequestsLibrary">
<msg time="2024-04-21T03:14:03.373833" level="INFO">GET Request : url=https://randomuser.me/api 
 path_url=/api 
 headers={'User-Agent': 'python-requests/2.31.0', 'Accept-Encoding': 'gzip, deflate', 'Accept': '*/*', 'Connection': 'keep-alive'} 
 body=None 
 </msg>
<msg time="2024-04-21T03:14:03.373901" level="INFO">GET Response : url=https://randomuser.me/api 
 status=200, reason=OK 
 headers={'Date': 'Sun, 21 Apr 2024 03:14:03 GMT', 'Content-Type': 'application/json; charset=utf-8', 'Transfer-Encoding': 'chunked', 'Connection': 'keep-alive', 'X-Powered-By': 'Express', 'Access-Control-Allow-Origin': '*', 'Cache-Control': 'no-cache', 'ETag': 'W/"489-ahYmPvxYxNVulgVD1kYlZEfAO0A"', 'Vary': 'Accept-Encoding', 'Content-Encoding': 'gzip', 'CF-Cache-Status': 'DYNAMIC', 'Report-To': '{"endpoints":[{"url":"https:\\/\\/a.nel.cloudflare.com\\/report\\/v4?s=OYLJUgEc8L7CplC5pgoh3Zw9UzB%2FP%2BIbevLhWjqZ6GQpTFkSWZDtJkAtvzmnSHnnri15gAwMuPsq2UKQtsM9GqTaEF0I2A%2Bh2GrHafHfs0S%2FPB8LwyAHVXHeRlxJvlSJ"}],"group":"cf-nel","max_age":604800}', 'NEL': '{"success_fraction":0,"report_to":"cf-nel","max_age":604800}', 'Server': 'cloudflare', 'CF-RAY': '877a33a27e5e1fd0-IAD', 'alt-svc': 'h3=":443"; ma=86400'} 
 body={"results":[{"gender":"female","name":{"title":"Mrs","first":"Shiva","last":"Van Alst"},"location":{"street":{"number":6381,"name":"Doorbraakdijk"},"city":"Noardburgum","state":"Noord-Brabant","country":"Netherlands","postcode":"9864 HG","coordinates":{"latitude":"38.5335","longitude":"30.5757"},"timezone":{"offset":"+3:30","description":"Tehran"}},"email":"shiva.vanalst@example.com","login":{"uuid":"db59a798-7ac2-42a7-aad5-cd332c4e5c19","username":"greenrabbit847","password":"sixpack","salt":"QUjkOByN","md5":"d8e51469282a43455101bdc9348c239c","sha1":"28f487042f45c5342aede630dea50cfdd31814ed","sha256":"fcb3fbb925f991508de5093c92fab9e66e2b2900aae0c4b10cdde590ea810f26"},"dob":{"date":"1956-10-30T01:41:04.714Z","age":67},"registered":{"date":"2006-10-14T13:12:41.163Z","age":17},"phone":"(073) 9370500","cell":"(06) 45041516","id":{"name":"BSN","value":"05419869"},"picture":{"large":"https://randomuser.me/api/portraits/women/14.jpg","medium":"https://randomuser.me/api/portraits/med/women/14.jpg","thumbnail":"https://randomuser.me/api/portraits/thumb/women/14.jpg"},"nat":"NL"}],"info":{"seed":"1e7020110207cad3","results":1,"page":1,"version":"1.4"}} 
 </msg>
<msg time="2024-04-21T03:14:03.373994" level="INFO">/opt/hostedtoolcache/Python/3.12.3/x64/lib/python3.12/site-packages/urllib3/connectionpool.py:1103: InsecureRequestWarning: Unverified HTTPS request is being made to host 'randomuser.me'. Adding certificate verification is strongly advised. See: https://urllib3.readthedocs.io/en/latest/advanced-usage.html#tls-warnings
  warnings.warn(</msg>
<msg time="2024-04-21T03:14:03.374089" level="INFO">${response} = &lt;Response [200]&gt;</msg>
<var>${response}</var>
<arg>consultarAPI</arg>
<arg>/api</arg>
<doc>Sends a GET request on a previously created HTTP Session.</doc>
<status status="PASS" start="2024-04-21T03:14:03.273928" elapsed="0.100203"/>
</kw>
<kw name="Set Variable" owner="BuiltIn">
<msg time="2024-04-21T03:14:03.375182" level="INFO">${json_data} = {'results': [{'gender': 'female', 'name': {'title': 'Mrs', 'first': 'Shiva', 'last': 'Van Alst'}, 'location': {'street': {'number': 6381, 'name': 'Doorbraakdijk'}, 'city': 'Noardburgum', 'state': 'Noo...</msg>
<var>${json_data}</var>
<arg>${response.json()}</arg>
<doc>Returns the given values which can then be assigned to a variables.</doc>
<status status="PASS" start="2024-04-21T03:14:03.374621" elapsed="0.000590"/>
</kw>
<kw name="Log" owner="BuiltIn">
<msg time="2024-04-21T03:14:03.375672" level="INFO">{'results': [{'gender': 'female', 'name': {'title': 'Mrs', 'first': 'Shiva', 'last': 'Van Alst'}, 'location': {'street': {'number': 6381, 'name': 'Doorbraakdijk'}, 'city': 'Noardburgum', 'state': 'Noord-Brabant', 'country': 'Netherlands', 'postcode': '9864 HG', 'coordinates': {'latitude': '38.5335', 'longitude': '30.5757'}, 'timezone': {'offset': '+3:30', 'description': 'Tehran'}}, 'email': 'shiva.vanalst@example.com', 'login': {'uuid': 'db59a798-7ac2-42a7-aad5-cd332c4e5c19', 'username': 'greenrabbit847', 'password': 'sixpack', 'salt': 'QUjkOByN', 'md5': 'd8e51469282a43455101bdc9348c239c', 'sha1': '28f487042f45c5342aede630dea50cfdd31814ed', 'sha256': 'fcb3fbb925f991508de5093c92fab9e66e2b2900aae0c4b10cdde590ea810f26'}, 'dob': {'date': '1956-10-30T01:41:04.714Z', 'age': 67}, 'registered': {'date': '2006-10-14T13:12:41.163Z', 'age': 17}, 'phone': '(073) 9370500', 'cell': '(06) 45041516', 'id': {'name': 'BSN', 'value': '05419869'}, 'picture': {'large': 'https://randomuser.me/api/portraits/women/14.jpg', 'medium': 'https://randomuser.me/api/portraits/med/women/14.jpg', 'thumbnail': 'https://randomuser.me/api/portraits/thumb/women/14.jpg'}, 'nat': 'NL'}], 'info': {'seed': '1e7020110207cad3', 'results': 1, 'page': 1, 'version': '1.4'}}</msg>
<arg>${json_data}</arg>
<doc>Logs the given message with the given level.</doc>
<status status="PASS" start="2024-04-21T03:14:03.375517" elapsed="0.000202"/>
</kw>
<kw name="Dictionary Should Contain Key" owner="Collections">
<msg time="2024-04-21T03:14:03.376160" level="INFO">False</msg>
<arg>${json_data}</arg>
<arg>results</arg>
<doc>Fails if ``key`` is not found from ``dictionary``.</doc>
<status status="PASS" start="2024-04-21T03:14:03.376011" elapsed="0.000186"/>
</kw>
<kw name="Should Not Be Empty" owner="BuiltIn">
<msg time="2024-04-21T03:14:03.376614" level="INFO">Length is 2.</msg>
<arg>${json_data}</arg>
<doc>Verifies that the given item is not empty.</doc>
<status status="PASS" start="2024-04-21T03:14:03.376484" elapsed="0.000168"/>
</kw>
<kw name="Create List" owner="BuiltIn">
<msg time="2024-04-21T03:14:03.377224" level="INFO">${expected_keys} = ['gender', 'name', 'location', 'email', 'login']</msg>
<var>${expected_keys}</var>
<arg>gender</arg>
<arg>name</arg>
<arg>location</arg>
<arg>email</arg>
<arg>login</arg>
<doc>Returns a list containing given items.</doc>
<status status="PASS" start="2024-04-21T03:14:03.376943" elapsed="0.000307"/>
</kw>
<for flavor="IN">
<iter>
<kw name="Dictionary Should Contain Key" owner="Collections">
<msg time="2024-04-21T03:14:03.378235" level="INFO">False</msg>
<arg>${json_data['results'][0]}</arg>
<arg>${key}</arg>
<doc>Fails if ``key`` is not found from ``dictionary``.</doc>
<status status="PASS" start="2024-04-21T03:14:03.377833" elapsed="0.000440"/>
</kw>
<kw name="Log" owner="BuiltIn">
<msg time="2024-04-21T03:14:03.378981" level="INFO">{'gender': 'female', 'name': {'title': 'Mrs', 'first': 'Shiva', 'last': 'Van Alst'}, 'location': {'street': {'number': 6381, 'name': 'Doorbraakdijk'}, 'city': 'Noardburgum', 'state': 'Noord-Brabant', 'country': 'Netherlands', 'postcode': '9864 HG', 'coordinates': {'latitude': '38.5335', 'longitude': '30.5757'}, 'timezone': {'offset': '+3:30', 'description': 'Tehran'}}, 'email': 'shiva.vanalst@example.com', 'login': {'uuid': 'db59a798-7ac2-42a7-aad5-cd332c4e5c19', 'username': 'greenrabbit847', 'password': 'sixpack', 'salt': 'QUjkOByN', 'md5': 'd8e51469282a43455101bdc9348c239c', 'sha1': '28f487042f45c5342aede630dea50cfdd31814ed', 'sha256': 'fcb3fbb925f991508de5093c92fab9e66e2b2900aae0c4b10cdde590ea810f26'}, 'dob': {'date': '1956-10-30T01:41:04.714Z', 'age': 67}, 'registered': {'date': '2006-10-14T13:12:41.163Z', 'age': 17}, 'phone': '(073) 9370500', 'cell': '(06) 45041516', 'id': {'name': 'BSN', 'value': '05419869'}, 'picture': {'large': 'https://randomuser.me/api/portraits/women/14.jpg', 'medium': 'https://randomuser.me/api/portraits/med/women/14.jpg', 'thumbnail': 'https://randomuser.me/api/portraits/thumb/women/14.jpg'}, 'nat': 'NL'}</msg>
<arg>${json_data['results'][0]}</arg>
<doc>Logs the given message with the given level.</doc>
<status status="PASS" start="2024-04-21T03:14:03.378612" elapsed="0.000417"/>
</kw>
<kw name="Log" owner="BuiltIn">
<msg time="2024-04-21T03:14:03.379455" level="INFO">gender</msg>
<arg>${key}</arg>
<doc>Logs the given message with the given level.</doc>
<status status="PASS" start="2024-04-21T03:14:03.379323" elapsed="0.000170"/>
</kw>
<var name="${key}">gender</var>
<status status="PASS" start="2024-04-21T03:14:03.377708" elapsed="0.001996"/>
</iter>
<iter>
<kw name="Dictionary Should Contain Key" owner="Collections">
<msg time="2024-04-21T03:14:03.380390" level="INFO">False</msg>
<arg>${json_data['results'][0]}</arg>
<arg>${key}</arg>
<doc>Fails if ``key`` is not found from ``dictionary``.</doc>
<status status="PASS" start="2024-04-21T03:14:03.380004" elapsed="0.000424"/>
</kw>
<kw name="Log" owner="BuiltIn">
<msg time="2024-04-21T03:14:03.381106" level="INFO">{'gender': 'female', 'name': {'title': 'Mrs', 'first': 'Shiva', 'last': 'Van Alst'}, 'location': {'street': {'number': 6381, 'name': 'Doorbraakdijk'}, 'city': 'Noardburgum', 'state': 'Noord-Brabant', 'country': 'Netherlands', 'postcode': '9864 HG', 'coordinates': {'latitude': '38.5335', 'longitude': '30.5757'}, 'timezone': {'offset': '+3:30', 'description': 'Tehran'}}, 'email': 'shiva.vanalst@example.com', 'login': {'uuid': 'db59a798-7ac2-42a7-aad5-cd332c4e5c19', 'username': 'greenrabbit847', 'password': 'sixpack', 'salt': 'QUjkOByN', 'md5': 'd8e51469282a43455101bdc9348c239c', 'sha1': '28f487042f45c5342aede630dea50cfdd31814ed', 'sha256': 'fcb3fbb925f991508de5093c92fab9e66e2b2900aae0c4b10cdde590ea810f26'}, 'dob': {'date': '1956-10-30T01:41:04.714Z', 'age': 67}, 'registered': {'date': '2006-10-14T13:12:41.163Z', 'age': 17}, 'phone': '(073) 9370500', 'cell': '(06) 45041516', 'id': {'name': 'BSN', 'value': '05419869'}, 'picture': {'large': 'https://randomuser.me/api/portraits/women/14.jpg', 'medium': 'https://randomuser.me/api/portraits/med/women/14.jpg', 'thumbnail': 'https://randomuser.me/api/portraits/thumb/women/14.jpg'}, 'nat': 'NL'}</msg>
<arg>${json_data['results'][0]}</arg>
<doc>Logs the given message with the given level.</doc>
<status status="PASS" start="2024-04-21T03:14:03.380747" elapsed="0.000407"/>
</kw>
<kw name="Log" owner="BuiltIn">
<msg time="2024-04-21T03:14:03.381576" level="INFO">name</msg>
<arg>${key}</arg>
<doc>Logs the given message with the given level.</doc>
<status status="PASS" start="2024-04-21T03:14:03.381449" elapsed="0.000164"/>
</kw>
<var name="${key}">name</var>
<status status="PASS" start="2024-04-21T03:14:03.379889" elapsed="0.001935"/>
</iter>
<iter>
<kw name="Dictionary Should Contain Key" owner="Collections">
<msg time="2024-04-21T03:14:03.382498" level="INFO">False</msg>
<arg>${json_data['results'][0]}</arg>
<arg>${key}</arg>
<doc>Fails if ``key`` is not found from ``dictionary``.</doc>
<status status="PASS" start="2024-04-21T03:14:03.382112" elapsed="0.000455"/>
</kw>
<kw name="Log" owner="BuiltIn">
<msg time="2024-04-21T03:14:03.383237" level="INFO">{'gender': 'female', 'name': {'title': 'Mrs', 'first': 'Shiva', 'last': 'Van Alst'}, 'location': {'street': {'number': 6381, 'name': 'Doorbraakdijk'}, 'city': 'Noardburgum', 'state': 'Noord-Brabant', 'country': 'Netherlands', 'postcode': '9864 HG', 'coordinates': {'latitude': '38.5335', 'longitude': '30.5757'}, 'timezone': {'offset': '+3:30', 'description': 'Tehran'}}, 'email': 'shiva.vanalst@example.com', 'login': {'uuid': 'db59a798-7ac2-42a7-aad5-cd332c4e5c19', 'username': 'greenrabbit847', 'password': 'sixpack', 'salt': 'QUjkOByN', 'md5': 'd8e51469282a43455101bdc9348c239c', 'sha1': '28f487042f45c5342aede630dea50cfdd31814ed', 'sha256': 'fcb3fbb925f991508de5093c92fab9e66e2b2900aae0c4b10cdde590ea810f26'}, 'dob': {'date': '1956-10-30T01:41:04.714Z', 'age': 67}, 'registered': {'date': '2006-10-14T13:12:41.163Z', 'age': 17}, 'phone': '(073) 9370500', 'cell': '(06) 45041516', 'id': {'name': 'BSN', 'value': '05419869'}, 'picture': {'large': 'https://randomuser.me/api/portraits/women/14.jpg', 'medium': 'https://randomuser.me/api/portraits/med/women/14.jpg', 'thumbnail': 'https://randomuser.me/api/portraits/thumb/women/14.jpg'}, 'nat': 'NL'}</msg>
<arg>${json_data['results'][0]}</arg>
<doc>Logs the given message with the given level.</doc>
<status status="PASS" start="2024-04-21T03:14:03.382878" elapsed="0.000407"/>
</kw>
<kw name="Log" owner="BuiltIn">
<msg time="2024-04-21T03:14:03.383707" level="INFO">location</msg>
<arg>${key}</arg>
<doc>Logs the given message with the given level.</doc>
<status status="PASS" start="2024-04-21T03:14:03.383580" elapsed="0.000164"/>
</kw>
<var name="${key}">location</var>
<status status="PASS" start="2024-04-21T03:14:03.382000" elapsed="0.001957"/>
</iter>
<iter>
<kw name="Dictionary Should Contain Key" owner="Collections">
<msg time="2024-04-21T03:14:03.384626" level="INFO">False</msg>
<arg>${json_data['results'][0]}</arg>
<arg>${key}</arg>
<doc>Fails if ``key`` is not found from ``dictionary``.</doc>
<status status="PASS" start="2024-04-21T03:14:03.384238" elapsed="0.000426"/>
</kw>
<kw name="Log" owner="BuiltIn">
<msg time="2024-04-21T03:14:03.385324" level="INFO">{'gender': 'female', 'name': {'title': 'Mrs', 'first': 'Shiva', 'last': 'Van Alst'}, 'location': {'street': {'number': 6381, 'name': 'Doorbraakdijk'}, 'city': 'Noardburgum', 'state': 'Noord-Brabant', 'country': 'Netherlands', 'postcode': '9864 HG', 'coordinates': {'latitude': '38.5335', 'longitude': '30.5757'}, 'timezone': {'offset': '+3:30', 'description': 'Tehran'}}, 'email': 'shiva.vanalst@example.com', 'login': {'uuid': 'db59a798-7ac2-42a7-aad5-cd332c4e5c19', 'username': 'greenrabbit847', 'password': 'sixpack', 'salt': 'QUjkOByN', 'md5': 'd8e51469282a43455101bdc9348c239c', 'sha1': '28f487042f45c5342aede630dea50cfdd31814ed', 'sha256': 'fcb3fbb925f991508de5093c92fab9e66e2b2900aae0c4b10cdde590ea810f26'}, 'dob': {'date': '1956-10-30T01:41:04.714Z', 'age': 67}, 'registered': {'date': '2006-10-14T13:12:41.163Z', 'age': 17}, 'phone': '(073) 9370500', 'cell': '(06) 45041516', 'id': {'name': 'BSN', 'value': '05419869'}, 'picture': {'large': 'https://randomuser.me/api/portraits/women/14.jpg', 'medium': 'https://randomuser.me/api/portraits/med/women/14.jpg', 'thumbnail': 'https://randomuser.me/api/portraits/thumb/women/14.jpg'}, 'nat': 'NL'}</msg>
<arg>${json_data['results'][0]}</arg>
<doc>Logs the given message with the given level.</doc>
<status status="PASS" start="2024-04-21T03:14:03.384963" elapsed="0.000409"/>
</kw>
<kw name="Log" owner="BuiltIn">
<msg time="2024-04-21T03:14:03.385790" level="INFO">email</msg>
<arg>${key}</arg>
<doc>Logs the given message with the given level.</doc>
<status status="PASS" start="2024-04-21T03:14:03.385662" elapsed="0.000166"/>
</kw>
<var name="${key}">email</var>
<status status="PASS" start="2024-04-21T03:14:03.384127" elapsed="0.001919"/>
</iter>
<iter>
<kw name="Dictionary Should Contain Key" owner="Collections">
<msg time="2024-04-21T03:14:03.386754" level="INFO">False</msg>
<arg>${json_data['results'][0]}</arg>
<arg>${key}</arg>
<doc>Fails if ``key`` is not found from ``dictionary``.</doc>
<status status="PASS" start="2024-04-21T03:14:03.386328" elapsed="0.000465"/>
</kw>
<kw name="Log" owner="BuiltIn">
<msg time="2024-04-21T03:14:03.387451" level="INFO">{'gender': 'female', 'name': {'title': 'Mrs', 'first': 'Shiva', 'last': 'Van Alst'}, 'location': {'street': {'number': 6381, 'name': 'Doorbraakdijk'}, 'city': 'Noardburgum', 'state': 'Noord-Brabant', 'country': 'Netherlands', 'postcode': '9864 HG', 'coordinates': {'latitude': '38.5335', 'longitude': '30.5757'}, 'timezone': {'offset': '+3:30', 'description': 'Tehran'}}, 'email': 'shiva.vanalst@example.com', 'login': {'uuid': 'db59a798-7ac2-42a7-aad5-cd332c4e5c19', 'username': 'greenrabbit847', 'password': 'sixpack', 'salt': 'QUjkOByN', 'md5': 'd8e51469282a43455101bdc9348c239c', 'sha1': '28f487042f45c5342aede630dea50cfdd31814ed', 'sha256': 'fcb3fbb925f991508de5093c92fab9e66e2b2900aae0c4b10cdde590ea810f26'}, 'dob': {'date': '1956-10-30T01:41:04.714Z', 'age': 67}, 'registered': {'date': '2006-10-14T13:12:41.163Z', 'age': 17}, 'phone': '(073) 9370500', 'cell': '(06) 45041516', 'id': {'name': 'BSN', 'value': '05419869'}, 'picture': {'large': 'https://randomuser.me/api/portraits/women/14.jpg', 'medium': 'https://randomuser.me/api/portraits/med/women/14.jpg', 'thumbnail': 'https://randomuser.me/api/portraits/thumb/women/14.jpg'}, 'nat': 'NL'}</msg>
<arg>${json_data['results'][0]}</arg>
<doc>Logs the given message with the given level.</doc>
<status status="PASS" start="2024-04-21T03:14:03.387086" elapsed="0.000413"/>
</kw>
<kw name="Log" owner="BuiltIn">
<msg time="2024-04-21T03:14:03.387922" level="INFO">login</msg>
<arg>${key}</arg>
<doc>Logs the given message with the given level.</doc>
<status status="PASS" start="2024-04-21T03:14:03.387796" elapsed="0.000164"/>
</kw>
<var name="${key}">login</var>
<status status="PASS" start="2024-04-21T03:14:03.386217" elapsed="0.001979"/>
</iter>
<var>${key}</var>
<value>@{expected_keys}</value>
<status status="PASS" start="2024-04-21T03:14:03.377512" elapsed="0.010809"/>
</for>
<kw name="Create List" owner="BuiltIn">
<msg time="2024-04-21T03:14:03.388649" level="INFO">${expected_keysTwo} = ['username', 'password']</msg>
<var>${expected_keysTwo}</var>
<arg>username</arg>
<arg>password</arg>
<doc>Returns a list containing given items.</doc>
<status status="PASS" start="2024-04-21T03:14:03.388513" elapsed="0.000160"/>
</kw>
<for flavor="IN">
<iter>
<kw name="Dictionary Should Contain Key" owner="Collections">
<msg time="2024-04-21T03:14:03.389567" level="INFO">False</msg>
<arg>${json_data['results'][0]['login']}</arg>
<arg>${keyTwo}</arg>
<doc>Fails if ``key`` is not found from ``dictionary``.</doc>
<status status="PASS" start="2024-04-21T03:14:03.389173" elapsed="0.000432"/>
</kw>
<kw name="Dictionary Should Contain Key" owner="Collections">
<msg time="2024-04-21T03:14:03.390280" level="INFO">False</msg>
<arg>${json_data['results'][0]['login']}</arg>
<arg>${keyTwo}</arg>
<doc>Fails if ``key`` is not found from ``dictionary``.</doc>
<status status="PASS" start="2024-04-21T03:14:03.389896" elapsed="0.000421"/>
</kw>
<kw name="Log" owner="BuiltIn">
<msg time="2024-04-21T03:14:03.390767" level="INFO">username</msg>
<arg>${keyTwo}</arg>
<doc>Logs the given message with the given level.</doc>
<status status="PASS" start="2024-04-21T03:14:03.390639" elapsed="0.000172"/>
</kw>
<var name="${keyTwo}">username</var>
<status status="PASS" start="2024-04-21T03:14:03.389064" elapsed="0.001961"/>
</iter>
<iter>
<kw name="Dictionary Should Contain Key" owner="Collections">
<msg time="2024-04-21T03:14:03.391684" level="INFO">False</msg>
<arg>${json_data['results'][0]['login']}</arg>
<arg>${keyTwo}</arg>
<doc>Fails if ``key`` is not found from ``dictionary``.</doc>
<status status="PASS" start="2024-04-21T03:14:03.391301" elapsed="0.000426"/>
</kw>
<kw name="Dictionary Should Contain Key" owner="Collections">
<msg time="2024-04-21T03:14:03.392487" level="INFO">False</msg>
<arg>${json_data['results'][0]['login']}</arg>
<arg>${keyTwo}</arg>
<doc>Fails if ``key`` is not found from ``dictionary``.</doc>
<status status="PASS" start="2024-04-21T03:14:03.392017" elapsed="0.000508"/>
</kw>
<kw name="Log" owner="BuiltIn">
<msg time="2024-04-21T03:14:03.392948" level="INFO">password</msg>
<arg>${keyTwo}</arg>
<doc>Logs the given message with the given level.</doc>
<status status="PASS" start="2024-04-21T03:14:03.392821" elapsed="0.000165"/>
</kw>
<var name="${keyTwo}">password</var>
<status status="PASS" start="2024-04-21T03:14:03.391193" elapsed="0.002007"/>
</iter>
<var>${keyTwo}</var>
<value>@{expected_keysTwo}</value>
<status status="PASS" start="2024-04-21T03:14:03.388909" elapsed="0.004412"/>
</for>
<status status="PASS" start="2024-04-21T03:14:03.273695" elapsed="0.119775"/>
</kw>
<doc>Testa a estrutura da resposta da API.</doc>
<tag>testeEstruturaResposta</tag>
<status status="PASS" start="2024-04-21T03:14:03.273194" elapsed="0.120422"/>
</test>
<test id="s1-s1-t4" name="Validar tipos de dados" line="28">
<kw name="Teste de Tipos de Dados" owner="random-user-service">
<kw name="GET On Session" owner="RequestsLibrary">
<msg time="2024-04-21T03:14:03.451896" level="INFO">GET Request : url=https://randomuser.me/api 
 path_url=/api 
 headers={'User-Agent': 'python-requests/2.31.0', 'Accept-Encoding': 'gzip, deflate', 'Accept': '*/*', 'Connection': 'keep-alive'} 
 body=None 
 </msg>
<msg time="2024-04-21T03:14:03.451974" level="INFO">GET Response : url=https://randomuser.me/api 
 status=200, reason=OK 
 headers={'Date': 'Sun, 21 Apr 2024 03:14:03 GMT', 'Content-Type': 'application/json; charset=utf-8', 'Transfer-Encoding': 'chunked', 'Connection': 'keep-alive', 'X-Powered-By': 'Express', 'Access-Control-Allow-Origin': '*', 'Cache-Control': 'no-cache', 'ETag': 'W/"4a5-kA0jmTiaZ2mh+XM+vli9jVupKIc"', 'Vary': 'Accept-Encoding', 'Content-Encoding': 'gzip', 'CF-Cache-Status': 'DYNAMIC', 'Report-To': '{"endpoints":[{"url":"https:\\/\\/a.nel.cloudflare.com\\/report\\/v4?s=2G990KQDMYYAEzGBCKtEIb5oLvzMrkSCtU3we57wlKWpH%2BZghT94iZKsDmBEPn3O%2FWtikkOMa2gKGMDyOZmb%2FNcWUxlfYCjJ7n%2B5hhbl%2B4hKqpIlG6Hl6I0Ajg4V1w%2Bk"}],"group":"cf-nel","max_age":604800}', 'NEL': '{"success_fraction":0,"report_to":"cf-nel","max_age":604800}', 'Server': 'cloudflare', 'CF-RAY': '877a33a338711fd0-IAD', 'alt-svc': 'h3=":443"; ma=86400'} 
 body={"results":[{"gender":"male","name":{"title":"Mr","first":"Cornelio","last":"de la Crúz"},"location":{"street":{"number":7341,"name":"Boulevard Lesotho"},"city":"Yoricostio (La Villita)","state":"Guerrero","country":"Mexico","postcode":21843,"coordinates":{"latitude":"24.2257","longitude":"-41.1815"},"timezone":{"offset":"+7:00","description":"Bangkok, Hanoi, Jakarta"}},"email":"cornelio.delacruz@example.com","login":{"uuid":"34db2f62-bb86-4e4a-994d-78f3ceae16ce","username":"crazysnake520","password":"madonna","salt":"RQIy6rQ1","md5":"403aa908e1ce05c1274c169201a4cdac","sha1":"1e28a9cf35aaa95b6ac816c9da1cadc681c9d2a7","sha256":"28c3bd64eaf2f3beffa5707085e3fdb782017327bd4bb9d1c22a8c02a1c403b1"},"dob":{"date":"1976-04-19T02:51:22.288Z","age":48},"registered":{"date":"2021-06-23T10:51:57.835Z","age":2},"phone":"(679) 690 4899","cell":"(615) 845 7401","id":{"name":"NSS","value":"31 40 53 1462 3"},"picture":{"large":"https://randomuser.me/api/portraits/men/22.jpg","medium":"https://randomuser.me/api/portraits/med/men/22.jpg","thumbnail":"https://randomuser.me/api/portraits/thumb/men/22.jpg"},"nat":"MX"}],"info":{"seed":"d95cef98924803a1","results":1,"page":1,"version":"1.4"}} 
 </msg>
<msg time="2024-04-21T03:14:03.452044" level="INFO">/opt/hostedtoolcache/Python/3.12.3/x64/lib/python3.12/site-packages/urllib3/connectionpool.py:1103: InsecureRequestWarning: Unverified HTTPS request is being made to host 'randomuser.me'. Adding certificate verification is strongly advised. See: https://urllib3.readthedocs.io/en/latest/advanced-usage.html#tls-warnings
  warnings.warn(</msg>
<msg time="2024-04-21T03:14:03.452155" level="INFO">${response} = &lt;Response [200]&gt;</msg>
<var>${response}</var>
<arg>consultarAPI</arg>
<arg>/api</arg>
<doc>Sends a GET request on a previously created HTTP Session.</doc>
<status status="PASS" start="2024-04-21T03:14:03.396177" elapsed="0.056025"/>
</kw>
<kw name="Set Variable" owner="BuiltIn">
<msg time="2024-04-21T03:14:03.453315" level="INFO">${json_data} = {'results': [{'gender': 'male', 'name': {'title': 'Mr', 'first': 'Cornelio', 'last': 'de la Crúz'}, 'location': {'street': {'number': 7341, 'name': 'Boulevard Lesotho'}, 'city': 'Yoricostio (La Villit...</msg>
<var>${json_data}</var>
<arg>${response.json()}</arg>
<doc>Returns the given values which can then be assigned to a variables.</doc>
<status status="PASS" start="2024-04-21T03:14:03.452736" elapsed="0.000609"/>
</kw>
<kw name="Log" owner="BuiltIn">
<msg time="2024-04-21T03:14:03.453810" level="INFO">{'results': [{'gender': 'male', 'name': {'title': 'Mr', 'first': 'Cornelio', 'last': 'de la Crúz'}, 'location': {'street': {'number': 7341, 'name': 'Boulevard Lesotho'}, 'city': 'Yoricostio (La Villita)', 'state': 'Guerrero', 'country': 'Mexico', 'postcode': 21843, 'coordinates': {'latitude': '24.2257', 'longitude': '-41.1815'}, 'timezone': {'offset': '+7:00', 'description': 'Bangkok, Hanoi, Jakarta'}}, 'email': 'cornelio.delacruz@example.com', 'login': {'uuid': '34db2f62-bb86-4e4a-994d-78f3ceae16ce', 'username': 'crazysnake520', 'password': 'madonna', 'salt': 'RQIy6rQ1', 'md5': '403aa908e1ce05c1274c169201a4cdac', 'sha1': '1e28a9cf35aaa95b6ac816c9da1cadc681c9d2a7', 'sha256': '28c3bd64eaf2f3beffa5707085e3fdb782017327bd4bb9d1c22a8c02a1c403b1'}, 'dob': {'date': '1976-04-19T02:51:22.288Z', 'age': 48}, 'registered': {'date': '2021-06-23T10:51:57.835Z', 'age': 2}, 'phone': '(679) 690 4899', 'cell': '(615) 845 7401', 'id': {'name': 'NSS', 'value': '31 40 53 1462 3'}, 'picture': {'large': 'https://randomuser.me/api/portraits/men/22.jpg', 'medium': 'https://randomuser.me/api/portraits/med/men/22.jpg', 'thumbnail': 'https://randomuser.me/api/portraits/thumb/men/22.jpg'}, 'nat': 'MX'}], 'info': {'seed': 'd95cef98924803a1', 'results': 1, 'page': 1, 'version': '1.4'}}</msg>
<arg>${json_data}</arg>
<doc>Logs the given message with the given level.</doc>
<status status="PASS" start="2024-04-21T03:14:03.453649" elapsed="0.000240"/>
</kw>
<kw name="Should Be String" owner="String">
<arg>${json_data['results'][0]['gender']}</arg>
<doc>Fails if the given ``item`` is not a string.</doc>
<status status="PASS" start="2024-04-21T03:14:03.454196" elapsed="0.000398"/>
</kw>
<kw name="Should Match Regexp" owner="BuiltIn">
<arg>${json_data['results'][0]['email']}</arg>
<arg>^[a-zA-Z0-9._%+-]+@[a-zA-Z0-9.-]+\.[a-zA-Z]{2,}$</arg>
<doc>Fails if ``string`` does not match ``pattern`` as a regular expression.</doc>
<status status="PASS" start="2024-04-21T03:14:03.454792" elapsed="0.000528"/>
</kw>
<kw name="Should Match Regexp" owner="BuiltIn">
<arg>${json_data['results'][0]['dob']['date']}</arg>
<arg>\\d{4}-\\d{2}-\\d{2}T\\d{2}:\\d{2}:\\d{2}\\.\\d{3}Z</arg>
<doc>Fails if ``string`` does not match ``pattern`` as a regular expression.</doc>
<status status="PASS" start="2024-04-21T03:14:03.455516" elapsed="0.000483"/>
</kw>
<kw name="Should Match Regexp" owner="BuiltIn">
<arg>${json_data['results'][0]['registered']['date']}</arg>
<arg>\\d{4}-\\d{2}-\\d{2}T\\d{2}:\\d{2}:\\d{2}\\.\\d{3}Z</arg>
<doc>Fails if ``string`` does not match ``pattern`` as a regular expression.</doc>
<status status="PASS" start="2024-04-21T03:14:03.456189" elapsed="0.000360"/>
</kw>
<kw name="Should Match Regexp" owner="BuiltIn">
<arg>${json_data['results'][0]['picture']['large']}</arg>
<arg>^https?://.*\.(?:png|jpe?g|gif|bmp)$</arg>
<doc>Fails if ``string`` does not match ``pattern`` as a regular expression.</doc>
<status status="PASS" start="2024-04-21T03:14:03.456732" elapsed="0.000466"/>
</kw>
<kw name="Should Match Regexp" owner="BuiltIn">
<arg>${json_data['results'][0]['picture']['medium']}</arg>
<arg>^https?://.*\.(?:png|jpe?g|gif|bmp)$</arg>
<doc>Fails if ``string`` does not match ``pattern`` as a regular expression.</doc>
<status status="PASS" start="2024-04-21T03:14:03.457393" elapsed="0.000361"/>
</kw>
<kw name="Should Match Regexp" owner="BuiltIn">
<arg>${json_data['results'][0]['picture']['thumbnail']}</arg>
<arg>^https?://.*\.(?:png|jpe?g|gif|bmp)$</arg>
<doc>Fails if ``string`` does not match ``pattern`` as a regular expression.</doc>
<status status="PASS" start="2024-04-21T03:14:03.457951" elapsed="0.000351"/>
</kw>
<kw name="Log" owner="BuiltIn">
<msg time="2024-04-21T03:14:03.458841" level="INFO">{'large': 'https://randomuser.me/api/portraits/men/22.jpg', 'medium': 'https://randomuser.me/api/portraits/med/men/22.jpg', 'thumbnail': 'https://randomuser.me/api/portraits/thumb/men/22.jpg'}</msg>
<arg>${json_data['results'][0]['picture']}</arg>
<doc>Logs the given message with the given level.</doc>
<status status="PASS" start="2024-04-21T03:14:03.458483" elapsed="0.000400"/>
</kw>
<status status="PASS" start="2024-04-21T03:14:03.395955" elapsed="0.063178"/>
</kw>
<kw name="Teste de Tipos de Dados - Postcode" owner="random-user-service">
<kw name="GET On Session" owner="RequestsLibrary">
<msg time="2024-04-21T03:14:03.563157" level="INFO">GET Request : url=https://randomuser.me/api 
 path_url=/api 
 headers={'User-Agent': 'python-requests/2.31.0', 'Accept-Encoding': 'gzip, deflate', 'Accept': '*/*', 'Connection': 'keep-alive'} 
 body=None 
 </msg>
<msg time="2024-04-21T03:14:03.563241" level="INFO">GET Response : url=https://randomuser.me/api 
 status=200, reason=OK 
 headers={'Date': 'Sun, 21 Apr 2024 03:14:03 GMT', 'Content-Type': 'application/json; charset=utf-8', 'Transfer-Encoding': 'chunked', 'Connection': 'keep-alive', 'X-Powered-By': 'Express', 'Access-Control-Allow-Origin': '*', 'Cache-Control': 'no-cache', 'ETag': 'W/"48a-rYWFx7Fd1zVj/xqkQ+kpLaByVN8"', 'Vary': 'Accept-Encoding', 'Content-Encoding': 'gzip', 'CF-Cache-Status': 'DYNAMIC', 'Report-To': '{"endpoints":[{"url":"https:\\/\\/a.nel.cloudflare.com\\/report\\/v4?s=P%2B99Jbrb9HDYnaatTCZweQ9Az6WxB3NWqEegLUpNpsscQFyJV2Yzd%2Fjyh5LPeNp8EpRHLtQmS3%2F4nPVBb08d5gbeenri65%2BMa%2F%2BpTUX6Mvx09VIE3V4wLbHPwCvSNiUL"}],"group":"cf-nel","max_age":604800}', 'NEL': '{"success_fraction":0,"report_to":"cf-nel","max_age":604800}', 'Server': 'cloudflare', 'CF-RAY': '877a33a3a8f91fd0-IAD', 'alt-svc': 'h3=":443"; ma=86400'} 
 body={"results":[{"gender":"male","name":{"title":"Mr","first":"Tony","last":"Lima"},"location":{"street":{"number":2180,"name":"Kristine Bonnevies vei"},"city":"Lindeberg","state":"Finnmark - Finnmárku","country":"Norway","postcode":"0405","coordinates":{"latitude":"45.5282","longitude":"-98.5247"},"timezone":{"offset":"-1:00","description":"Azores, Cape Verde Islands"}},"email":"tony.lima@example.com","login":{"uuid":"e7637749-a513-47b3-9868-b3679ddf569b","username":"heavyleopard751","password":"lance","salt":"OugoDTn3","md5":"7f96f74c9ebd51e4de9677bc2cc7b12a","sha1":"158f272698ac466c5be35d5306a7c50a12d5b251","sha256":"a6bfec1290ff11175d3e549c2e34c990dd0739ce4414df717c3a873375917ab1"},"dob":{"date":"1955-05-17T06:52:45.418Z","age":68},"registered":{"date":"2010-02-19T07:53:58.460Z","age":14},"phone":"68893367","cell":"48340843","id":{"name":"FN","value":"17055521182"},"picture":{"large":"https://randomuser.me/api/portraits/men/46.jpg","medium":"https://randomuser.me/api/portraits/med/men/46.jpg","thumbnail":"https://randomuser.me/api/portraits/thumb/men/46.jpg"},"nat":"NO"}],"info":{"seed":"6ef62c3b20e47fe2","results":1,"page":1,"version":"1.4"}} 
 </msg>
<msg time="2024-04-21T03:14:03.563309" level="INFO">/opt/hostedtoolcache/Python/3.12.3/x64/lib/python3.12/site-packages/urllib3/connectionpool.py:1103: InsecureRequestWarning: Unverified HTTPS request is being made to host 'randomuser.me'. Adding certificate verification is strongly advised. See: https://urllib3.readthedocs.io/en/latest/advanced-usage.html#tls-warnings
  warnings.warn(</msg>
<msg time="2024-04-21T03:14:03.563422" level="INFO">${response} = &lt;Response [200]&gt;</msg>
<var>${response}</var>
<arg>consultarAPI</arg>
<arg>/api</arg>
<doc>Sends a GET request on a previously created HTTP Session.</doc>
<status status="PASS" start="2024-04-21T03:14:03.459568" elapsed="0.103894"/>
</kw>
<kw name="Set Variable" owner="BuiltIn">
<msg time="2024-04-21T03:14:03.564623" level="INFO">${json_data} = {'results': [{'gender': 'male', 'name': {'title': 'Mr', 'first': 'Tony', 'last': 'Lima'}, 'location': {'street': {'number': 2180, 'name': 'Kristine Bonnevies vei'}, 'city': 'Lindeberg', 'state': 'Finn...</msg>
<var>${json_data}</var>
<arg>${response.json()}</arg>
<doc>Returns the given values which can then be assigned to a variables.</doc>
<status status="PASS" start="2024-04-21T03:14:03.564033" elapsed="0.000619"/>
</kw>
<kw name="Log" owner="BuiltIn">
<msg time="2024-04-21T03:14:03.565155" level="INFO">{'results': [{'gender': 'male', 'name': {'title': 'Mr', 'first': 'Tony', 'last': 'Lima'}, 'location': {'street': {'number': 2180, 'name': 'Kristine Bonnevies vei'}, 'city': 'Lindeberg', 'state': 'Finnmark - Finnmárku', 'country': 'Norway', 'postcode': '0405', 'coordinates': {'latitude': '45.5282', 'longitude': '-98.5247'}, 'timezone': {'offset': '-1:00', 'description': 'Azores, Cape Verde Islands'}}, 'email': 'tony.lima@example.com', 'login': {'uuid': 'e7637749-a513-47b3-9868-b3679ddf569b', 'username': 'heavyleopard751', 'password': 'lance', 'salt': 'OugoDTn3', 'md5': '7f96f74c9ebd51e4de9677bc2cc7b12a', 'sha1': '158f272698ac466c5be35d5306a7c50a12d5b251', 'sha256': 'a6bfec1290ff11175d3e549c2e34c990dd0739ce4414df717c3a873375917ab1'}, 'dob': {'date': '1955-05-17T06:52:45.418Z', 'age': 68}, 'registered': {'date': '2010-02-19T07:53:58.460Z', 'age': 14}, 'phone': '68893367', 'cell': '48340843', 'id': {'name': 'FN', 'value': '17055521182'}, 'picture': {'large': 'https://randomuser.me/api/portraits/men/46.jpg', 'medium': 'https://randomuser.me/api/portraits/med/men/46.jpg', 'thumbnail': 'https://randomuser.me/api/portraits/thumb/men/46.jpg'}, 'nat': 'NO'}], 'info': {'seed': '6ef62c3b20e47fe2', 'results': 1, 'page': 1, 'version': '1.4'}}</msg>
<arg>${json_data}</arg>
<doc>Logs the given message with the given level.</doc>
<status status="PASS" start="2024-04-21T03:14:03.564982" elapsed="0.000255"/>
</kw>
<kw name="Should Be Equal As Numbers" owner="BuiltIn">
<arg>${json_data['results'][0]['location']['postcode']}</arg>
<arg>${json_data['results'][0]['location']['postcode']}</arg>
<doc>Fails if objects are unequal after converting them to real numbers.</doc>
<status status="PASS" start="2024-04-21T03:14:03.565554" elapsed="0.000787"/>
</kw>
<kw name="Log" owner="BuiltIn">
<msg time="2024-04-21T03:14:03.566942" level="INFO">0405</msg>
<arg>${json_data['results'][0]['location']['postcode']}</arg>
<doc>Logs the given message with the given level.</doc>
<status status="PASS" start="2024-04-21T03:14:03.566588" elapsed="0.000394"/>
</kw>
<status status="PASS" start="2024-04-21T03:14:03.459344" elapsed="0.107893"/>
</kw>
<doc>Testa se os tipos de dados na resposta da API estão corretos.</doc>
<tag>testeTiposDados</tag>
<status status="PASS" start="2024-04-21T03:14:03.395413" elapsed="0.171989"/>
</test>
<test id="s1-s1-t5" name="Validar conteudo" line="35">
<kw name="Teste de Tipos de Conteudo" owner="random-user-service">
<kw name="GET On Session" owner="RequestsLibrary">
<msg time="2024-04-21T03:14:03.657892" level="INFO">GET Request : url=https://randomuser.me/api 
 path_url=/api 
 headers={'User-Agent': 'python-requests/2.31.0', 'Accept-Encoding': 'gzip, deflate', 'Accept': '*/*', 'Connection': 'keep-alive'} 
 body=None 
 </msg>
<msg time="2024-04-21T03:14:03.657981" level="INFO">GET Response : url=https://randomuser.me/api 
 status=200, reason=OK 
 headers={'Date': 'Sun, 21 Apr 2024 03:14:03 GMT', 'Content-Type': 'application/json; charset=utf-8', 'Transfer-Encoding': 'chunked', 'Connection': 'keep-alive', 'X-Powered-By': 'Express', 'Access-Control-Allow-Origin': '*', 'Cache-Control': 'no-cache', 'ETag': 'W/"4ab-KXhCsr6afiQAc572rKAVSEAKOgY"', 'Vary': 'Accept-Encoding', 'Content-Encoding': 'gzip', 'CF-Cache-Status': 'DYNAMIC', 'Report-To': '{"endpoints":[{"url":"https:\\/\\/a.nel.cloudflare.com\\/report\\/v4?s=iM8awZM11E8oQFzPAPvzYmOiWSMrYKHBfxAjvOTK9dKMJTvHLa8PCvSBJ5Qglej77ouml6ZgmBfGTjBe%2BEpWWqL6%2FGHW5aMxpY4%2B0K%2FW9iDGybUQfEqbU5IpzwilR5kd"}],"group":"cf-nel","max_age":604800}', 'NEL': '{"success_fraction":0,"report_to":"cf-nel","max_age":604800}', 'Server': 'cloudflare', 'CF-RAY': '877a33a45a451fd0-IAD', 'alt-svc': 'h3=":443"; ma=86400'} 
 body={"results":[{"gender":"male","name":{"title":"Mr","first":"Hermenegildo","last":"da Paz"},"location":{"street":{"number":4683,"name":"Rua Santa Maria "},"city":"Novo Hamburgo","state":"Paraíba","country":"Brazil","postcode":99171,"coordinates":{"latitude":"-80.9230","longitude":"-78.1974"},"timezone":{"offset":"-6:00","description":"Central Time (US &amp; Canada), Mexico City"}},"email":"hermenegildo.dapaz@example.com","login":{"uuid":"7437a98f-cb9f-4eee-91f4-caf04900f3d5","username":"yellowelephant800","password":"alucard","salt":"VTI8534I","md5":"157db6932489aa4cca1ad7e7af504058","sha1":"ac538b030bcb04185d10cc8c19d5f2b83373f1b8","sha256":"f4347d94c89c177dbead64ec235d9d8eb184f0b85d7ee67ac6b9264a302eb329"},"dob":{"date":"1982-09-12T16:29:31.634Z","age":41},"registered":{"date":"2022-01-18T21:56:07.360Z","age":2},"phone":"(25) 0092-8333","cell":"(50) 9050-5579","id":{"name":"CPF","value":"598.058.815-46"},"picture":{"large":"https://randomuser.me/api/portraits/men/3.jpg","medium":"https://randomuser.me/api/portraits/med/men/3.jpg","thumbnail":"https://randomuser.me/api/portraits/thumb/men/3.jpg"},"nat":"BR"}],"info":{"seed":"2204995773d38c75","results":1,"page":1,"version":"1.4"}} 
 </msg>
<msg time="2024-04-21T03:14:03.658062" level="INFO">/opt/hostedtoolcache/Python/3.12.3/x64/lib/python3.12/site-packages/urllib3/connectionpool.py:1103: InsecureRequestWarning: Unverified HTTPS request is being made to host 'randomuser.me'. Adding certificate verification is strongly advised. See: https://urllib3.readthedocs.io/en/latest/advanced-usage.html#tls-warnings
  warnings.warn(</msg>
<msg time="2024-04-21T03:14:03.658177" level="INFO">${response} = &lt;Response [200]&gt;</msg>
<var>${response}</var>
<arg>consultarAPI</arg>
<arg>/api</arg>
<doc>Sends a GET request on a previously created HTTP Session.</doc>
<status status="PASS" start="2024-04-21T03:14:03.569937" elapsed="0.088289"/>
</kw>
<kw name="Set Variable" owner="BuiltIn">
<msg time="2024-04-21T03:14:03.659307" level="INFO">${json_data} = {'results': [{'gender': 'male', 'name': {'title': 'Mr', 'first': 'Hermenegildo', 'last': 'da Paz'}, 'location': {'street': {'number': 4683, 'name': 'Rua Santa Maria '}, 'city': 'Novo Hamburgo', 'state...</msg>
<var>${json_data}</var>
<arg>${response.json()}</arg>
<doc>Returns the given values which can then be assigned to a variables.</doc>
<status status="PASS" start="2024-04-21T03:14:03.658734" elapsed="0.000601"/>
</kw>
<kw name="Set Variable" owner="BuiltIn">
<msg time="2024-04-21T03:14:03.660031" level="INFO">${name_title} = Mr</msg>
<var>${name_title}</var>
<arg>${json_data["results"][0]["name"]["title"]}</arg>
<doc>Returns the given values which can then be assigned to a variables.</doc>
<status status="PASS" start="2024-04-21T03:14:03.659645" elapsed="0.000411"/>
</kw>
<kw name="Create List" owner="BuiltIn">
<msg time="2024-04-21T03:14:03.660498" level="INFO">${allowed_titles} = ['Mr', 'Ms', 'Miss', 'Mrs', 'Madame', 'Monsieur']</msg>
<var>${allowed_titles}</var>
<arg>Mr</arg>
<arg>Ms</arg>
<arg>Miss</arg>
<arg>Mrs</arg>
<arg>Madame</arg>
<arg>Monsieur</arg>
<doc>Returns a list containing given items.</doc>
<status status="PASS" start="2024-04-21T03:14:03.660352" elapsed="0.000171"/>
</kw>
<kw name="List Should Contain Value" owner="Collections">
<msg time="2024-04-21T03:14:03.660999" level="INFO">False</msg>
<arg>${allowed_titles}</arg>
<arg>${name_title}</arg>
<doc>Fails if the ``value`` is not found from ``list``.</doc>
<status status="PASS" start="2024-04-21T03:14:03.660830" elapsed="0.000205"/>
</kw>
<kw name="Set Variable" owner="BuiltIn">
<msg time="2024-04-21T03:14:03.661718" level="INFO">${name_country} = BR</msg>
<var>${name_country}</var>
<arg>${json_data["results"][0]["nat"]}</arg>
<doc>Returns the given values which can then be assigned to a variables.</doc>
<status status="PASS" start="2024-04-21T03:14:03.661327" elapsed="0.000416"/>
</kw>
<kw name="Create List" owner="BuiltIn">
<msg time="2024-04-21T03:14:03.662673" level="INFO">${list_country} = ['AD', 'AE', 'AF', 'AG', 'AI', 'AL', 'AM', 'AO', 'AQ', 'AR', 'AS', 'AT', 'AU', 'AW', 'AX', 'AZ', 'BA', 'BB', 'BD', 'BE', 'BF', 'BG', 'BH', 'BI', 'BJ', 'BL', 'BM', 'BN', 'BO', 'BQ', 'BR', 'BS', 'BT', '...</msg>
<var>${list_country}</var>
<arg>AD</arg>
<arg>AE</arg>
<arg>AF</arg>
<arg>AG</arg>
<arg>AI</arg>
<arg>AL</arg>
<arg>AM</arg>
<arg>AO</arg>
<arg>AQ</arg>
<arg>AR</arg>
<arg>AS</arg>
<arg>AT</arg>
<arg>AU</arg>
<arg>AW</arg>
<arg>AX</arg>
<arg>AZ</arg>
<arg>BA</arg>
<arg>BB</arg>
<arg>BD</arg>
<arg>BE</arg>
<arg>BF</arg>
<arg>BG</arg>
<arg>BH</arg>
<arg>BI</arg>
<arg>BJ</arg>
<arg>BL</arg>
<arg>BM</arg>
<arg>BN</arg>
<arg>BO</arg>
<arg>BQ</arg>
<arg>BR</arg>
<arg>BS</arg>
<arg>BT</arg>
<arg>BV</arg>
<arg>BW</arg>
<arg>BY</arg>
<arg>BZ</arg>
<arg>CA</arg>
<arg>CC</arg>
<arg>CD</arg>
<arg>CF</arg>
<arg>CG</arg>
<arg>CH</arg>
<arg>CI</arg>
<arg>CK</arg>
<arg>CL</arg>
<arg>CM</arg>
<arg>CN</arg>
<arg>CO</arg>
<arg>CR</arg>
<arg>CU</arg>
<arg>CV</arg>
<arg>CW</arg>
<arg>CX</arg>
<arg>CY</arg>
<arg>CZ</arg>
<arg>DE</arg>
<arg>DJ</arg>
<arg>DK</arg>
<arg>DM</arg>
<arg>DO</arg>
<arg>DZ</arg>
<arg>EC</arg>
<arg>EE</arg>
<arg>EG</arg>
<arg>EH</arg>
<arg>ER</arg>
<arg>ES</arg>
<arg>ET</arg>
<arg>FI</arg>
<arg>FJ</arg>
<arg>FK</arg>
<arg>FM</arg>
<arg>FO</arg>
<arg>FR</arg>
<arg>GA</arg>
<arg>GB</arg>
<arg>GD</arg>
<arg>GE</arg>
<arg>GF</arg>
<arg>GG</arg>
<arg>GH</arg>
<arg>GI</arg>
<arg>GL</arg>
<arg>GM</arg>
<arg>GN</arg>
<arg>GP</arg>
<arg>GQ</arg>
<arg>GR</arg>
<arg>GS</arg>
<arg>GT</arg>
<arg>GU</arg>
<arg>GW</arg>
<arg>GY</arg>
<arg>HK</arg>
<arg>HM</arg>
<arg>HN</arg>
<arg>HR</arg>
<arg>HT</arg>
<arg>HU</arg>
<arg>ID</arg>
<arg>IE</arg>
<arg>IL</arg>
<arg>IM</arg>
<arg>IN</arg>
<arg>IO</arg>
<arg>IQ</arg>
<arg>IR</arg>
<arg>IS</arg>
<arg>IT</arg>
<arg>JE</arg>
<arg>JM</arg>
<arg>JO</arg>
<arg>JP</arg>
<arg>KE</arg>
<arg>KG</arg>
<arg>KH</arg>
<arg>KI</arg>
<arg>KM</arg>
<arg>KN</arg>
<arg>KP</arg>
<arg>KR</arg>
<arg>KW</arg>
<arg>KY</arg>
<arg>KZ</arg>
<arg>LA</arg>
<arg>LB</arg>
<arg>LC</arg>
<arg>LI</arg>
<arg>LK</arg>
<arg>LR</arg>
<arg>LS</arg>
<arg>LT</arg>
<arg>LU</arg>
<arg>LV</arg>
<arg>LY</arg>
<arg>MA</arg>
<arg>MC</arg>
<arg>MD</arg>
<arg>ME</arg>
<arg>MF</arg>
<arg>MG</arg>
<arg>MH</arg>
<arg>MK</arg>
<arg>ML</arg>
<arg>MM</arg>
<arg>MN</arg>
<arg>MO</arg>
<arg>MP</arg>
<arg>MQ</arg>
<arg>MR</arg>
<arg>MS</arg>
<arg>MT</arg>
<arg>MU</arg>
<arg>MV</arg>
<arg>MW</arg>
<arg>MX</arg>
<arg>MY</arg>
<arg>MZ</arg>
<arg>NA</arg>
<arg>NC</arg>
<arg>NE</arg>
<arg>NF</arg>
<arg>NG</arg>
<arg>NI</arg>
<arg>NL</arg>
<arg>NO</arg>
<arg>NP</arg>
<arg>NR</arg>
<arg>NU</arg>
<arg>NZ</arg>
<arg>OM</arg>
<arg>PA</arg>
<arg>PE</arg>
<arg>PF</arg>
<arg>PG</arg>
<arg>PH</arg>
<arg>PK</arg>
<arg>PL</arg>
<arg>PM</arg>
<arg>PN</arg>
<arg>PR</arg>
<arg>PS</arg>
<arg>PT</arg>
<arg>PW</arg>
<arg>PY</arg>
<arg>QA</arg>
<arg>RE</arg>
<arg>RO</arg>
<arg>RS</arg>
<arg>RU</arg>
<arg>RW</arg>
<arg>SA</arg>
<arg>SB</arg>
<arg>SC</arg>
<arg>SD</arg>
<arg>SE</arg>
<arg>SG</arg>
<arg>SH</arg>
<arg>SI</arg>
<arg>SJ</arg>
<arg>SK</arg>
<arg>SL</arg>
<arg>SM</arg>
<arg>SN</arg>
<arg>SO</arg>
<arg>SR</arg>
<arg>SS</arg>
<arg>ST</arg>
<arg>SV</arg>
<arg>SX</arg>
<arg>SY</arg>
<arg>SZ</arg>
<arg>TC</arg>
<arg>TD</arg>
<arg>TF</arg>
<arg>TG</arg>
<arg>TH</arg>
<arg>TJ</arg>
<arg>TK</arg>
<arg>TL</arg>
<arg>TM</arg>
<arg>TN</arg>
<arg>TO</arg>
<arg>TR</arg>
<arg>TT</arg>
<arg>TV</arg>
<arg>TW</arg>
<arg>TZ</arg>
<arg>UA</arg>
<arg>UG</arg>
<arg>UM</arg>
<arg>US</arg>
<arg>UY</arg>
<arg>UZ</arg>
<arg>VA</arg>
<arg>VC</arg>
<arg>VE</arg>
<arg>VG</arg>
<arg>VI</arg>
<arg>VN</arg>
<arg>VU</arg>
<arg>WF</arg>
<arg>WS</arg>
<arg>XK</arg>
<arg>YE</arg>
<arg>YT</arg>
<arg>ZA</arg>
<arg>ZM</arg>
<arg>ZW</arg>
<doc>Returns a list containing given items.</doc>
<status status="PASS" start="2024-04-21T03:14:03.662043" elapsed="0.000657"/>
</kw>
<kw name="List Should Contain Value" owner="Collections">
<msg time="2024-04-21T03:14:03.663689" level="INFO">False</msg>
<arg>${list_country}</arg>
<arg>${name_country}</arg>
<doc>Fails if the ``value`` is not found from ``list``.</doc>
<status status="PASS" start="2024-04-21T03:14:03.663492" elapsed="0.000232"/>
</kw>
<kw name="Run Keyword If" owner="BuiltIn">
<kw name="Should Be True" owner="BuiltIn">
<arg>${True}</arg>
<doc>Fails if the given condition is not true.</doc>
<status status="PASS" start="2024-04-21T03:14:03.664780" elapsed="0.000143"/>
</kw>
<arg>${json_data["results"][0]["location"]["coordinates"]["latitude"]} &gt;= -90 and ${json_data["results"][0]["location"]["coordinates"]["latitude"]} &lt;= 90</arg>
<arg>Should Be True</arg>
<arg>${True}</arg>
<doc>Runs the given keyword with the given arguments, if ``condition`` is true.</doc>
<status status="PASS" start="2024-04-21T03:14:03.664031" elapsed="0.001017"/>
</kw>
<kw name="Run Keyword If" owner="BuiltIn">
<kw name="Should Be True" owner="BuiltIn">
<arg>${True}</arg>
<doc>Fails if the given condition is not true.</doc>
<status status="PASS" start="2024-04-21T03:14:03.665917" elapsed="0.000242"/>
</kw>
<arg>${json_data["results"][0]["location"]["coordinates"]["longitude"]} &gt;= -180 and ${json_data["results"][0]["location"]["coordinates"]["longitude"]} &lt;= 180</arg>
<arg>Should Be True</arg>
<arg>${True}</arg>
<doc>Runs the given keyword with the given arguments, if ``condition`` is true.</doc>
<status status="PASS" start="2024-04-21T03:14:03.665229" elapsed="0.001056"/>
</kw>
<status status="PASS" start="2024-04-21T03:14:03.569712" elapsed="0.096701"/>
</kw>
<doc>Testa o conteúdo específico dos campos retornados pela API.</doc>
<tag>testeConteudo</tag>
<status status="PASS" start="2024-04-21T03:14:03.569163" elapsed="0.097430"/>
</test>
<status status="PASS" start="2024-04-21T03:14:02.856038" elapsed="0.812539"/>
</suite>
<status status="PASS" start="2024-04-21T03:14:02.842639" elapsed="0.831063"/>
</suite>
<statistics>
<total>
<stat pass="5" fail="0" skip="0">All Tests</stat>
</total>
<tag>
<stat pass="1" fail="0" skip="0">testeConteudo</stat>
<stat pass="1" fail="0" skip="0">testeEstruturaResposta</stat>
<stat pass="1" fail="0" skip="0">testeRequisicaoBasica</stat>
<stat pass="1" fail="0" skip="0">testeTiposDados</stat>
</tag>
<suite>
<stat pass="5" fail="0" skip="0" id="s1" name="Tests">Tests</stat>
<stat pass="5" fail="0" skip="0" id="s1-s1" name="Random-User-Test">Tests.Random-User-Test</stat>
</suite>
</statistics>
<errors>
</errors>
</robot>
