<?xml version="1.0" encoding="UTF-8"?>
<robot generator="Robot 7.0 (Python 3.12.3 on linux)" generated="2024-04-20T07:12:08.495550" rpa="false" schemaversion="5">
<suite id="s1" name="Tests" source="/home/runner/work/DesafioQAItauRogerioJordao/DesafioQAItauRogerioJordao/RamdonUser/tests">
<suite id="s1-s1" name="Random-User-Test" source="/home/runner/work/DesafioQAItauRogerioJordao/DesafioQAItauRogerioJordao/RamdonUser/tests/random-user-test.robot">
<test id="s1-s1-t1" name="Conectar" line="13">
<kw name="Conectar API" owner="random-user-service">
<kw name="Create Session" owner="RequestsLibrary">
<msg time="2024-04-20T07:12:08.887040" level="INFO">Creating Session using : alias=consultarAPI, url=https://randomuser.me/, headers={},                     cookies={}, auth=None, timeout=None, proxies=None, verify=False,                     debug=0 </msg>
<arg>consultarAPI</arg>
<arg>${URL}</arg>
<doc>Create Session: create a HTTP session to a server</doc>
<status status="PASS" start="2024-04-20T07:12:08.886837" elapsed="0.000383"/>
</kw>
<status status="PASS" start="2024-04-20T07:12:08.885839" elapsed="0.001744"/>
</kw>
<status status="PASS" start="2024-04-20T07:12:08.885229" elapsed="0.002548"/>
</test>
<test id="s1-s1-t2" name="Validar retorno 200 e JSON Válido" line="16">
<kw name="Teste de Requisicao Basica" owner="random-user-service">
<kw name="GET On Session" owner="RequestsLibrary">
<msg time="2024-04-20T07:12:09.056963" level="INFO">GET Request : url=https://randomuser.me/api 
 path_url=/api 
 headers={'User-Agent': 'python-requests/2.31.0', 'Accept-Encoding': 'gzip, deflate', 'Accept': '*/*', 'Connection': 'keep-alive'} 
 body=None 
 </msg>
<msg time="2024-04-20T07:12:09.057080" level="INFO">GET Response : url=https://randomuser.me/api 
 status=200, reason=OK 
 headers={'Date': 'Sat, 20 Apr 2024 07:12:09 GMT', 'Content-Type': 'application/json; charset=utf-8', 'Transfer-Encoding': 'chunked', 'Connection': 'keep-alive', 'X-Powered-By': 'Express', 'Access-Control-Allow-Origin': '*', 'Cache-Control': 'no-cache', 'ETag': 'W/"4a3-/D6bqmk5/5cYLbmyIcLgZ+j724U"', 'Vary': 'Accept-Encoding', 'Content-Encoding': 'gzip', 'CF-Cache-Status': 'DYNAMIC', 'Report-To': '{"endpoints":[{"url":"https:\\/\\/a.nel.cloudflare.com\\/report\\/v4?s=5gi2tzelmOXwpm%2BKnRULBAzvk2g8cCkpzo3iVKXD6YNapBrF1WPmD9T6KCPtkyyT1iUbEysFME6ENSapvzUfIf20EtOouv7CXUH23By3cwc6neLNGiIMhgwta%2B8LPORI"}],"group":"cf-nel","max_age":604800}', 'NEL': '{"success_fraction":0,"report_to":"cf-nel","max_age":604800}', 'Server': 'cloudflare', 'CF-RAY': '8773530869b058b4-IAD', 'alt-svc': 'h3=":443"; ma=86400'} 
 body={"results":[{"gender":"female","name":{"title":"Ms","first":"Adriana","last":"Jiménez"},"location":{"street":{"number":2452,"name":"Avenida de La Albufera"},"city":"Móstoles","state":"Asturias","country":"Spain","postcode":71714,"coordinates":{"latitude":"-32.3809","longitude":"54.9396"},"timezone":{"offset":"+11:00","description":"Magadan, Solomon Islands, New Caledonia"}},"email":"adriana.jimenez@example.com","login":{"uuid":"07ff3292-a969-4af7-8572-3df1223af9c2","username":"blueduck857","password":"houston1","salt":"KALN7Erv","md5":"48ef5560871c8111ecbde2ac5b2aa529","sha1":"7e3d1fb80c1ed529febe69cdd210421fed5b625d","sha256":"99b5395ad0aff7a1c3839e20fd8af4064e25d090ad62c8cdf6c0280233b5d34c"},"dob":{"date":"2000-12-08T22:24:47.455Z","age":23},"registered":{"date":"2004-08-04T21:32:48.351Z","age":19},"phone":"912-695-817","cell":"683-227-319","id":{"name":"DNI","value":"98096880-C"},"picture":{"large":"https://randomuser.me/api/portraits/women/14.jpg","medium":"https://randomuser.me/api/portraits/med/women/14.jpg","thumbnail":"https://randomuser.me/api/portraits/thumb/women/14.jpg"},"nat":"ES"}],"info":{"seed":"0e0ba8e7e0ff3b94","results":1,"page":1,"version":"1.4"}} 
 </msg>
<msg time="2024-04-20T07:12:09.057153" level="INFO">/opt/hostedtoolcache/Python/3.12.3/x64/lib/python3.12/site-packages/urllib3/connectionpool.py:1103: InsecureRequestWarning: Unverified HTTPS request is being made to host 'randomuser.me'. Adding certificate verification is strongly advised. See: https://urllib3.readthedocs.io/en/latest/advanced-usage.html#tls-warnings
  warnings.warn(</msg>
<msg time="2024-04-20T07:12:09.057290" level="INFO">${response} = &lt;Response [200]&gt;</msg>
<var>${response}</var>
<arg>consultarAPI</arg>
<arg>/api</arg>
<doc>Sends a GET request on a previously created HTTP Session.</doc>
<status status="PASS" start="2024-04-20T07:12:08.890440" elapsed="0.166893"/>
</kw>
<kw name="Should Be Equal As Numbers" owner="BuiltIn">
<msg time="2024-04-20T07:12:09.058165" level="INFO">Argument types are:
&lt;class 'int'&gt;
&lt;class 'str'&gt;</msg>
<arg>${response.status_code}</arg>
<arg>200</arg>
<doc>Fails if objects are unequal after converting them to real numbers.</doc>
<status status="PASS" start="2024-04-20T07:12:09.057760" elapsed="0.000469"/>
</kw>
<kw name="Log" owner="BuiltIn">
<msg time="2024-04-20T07:12:09.058958" level="INFO">200</msg>
<arg>${response.status_code}</arg>
<doc>Logs the given message with the given level.</doc>
<status status="PASS" start="2024-04-20T07:12:09.058558" elapsed="0.000443"/>
</kw>
<kw name="Set Variable" owner="BuiltIn">
<msg time="2024-04-20T07:12:09.059758" level="INFO">${json_data} = {'results': [{'gender': 'female', 'name': {'title': 'Ms', 'first': 'Adriana', 'last': 'Jiménez'}, 'location': {'street': {'number': 2452, 'name': 'Avenida de La Albufera'}, 'city': 'Móstoles', 'state'...</msg>
<var>${json_data}</var>
<arg>${response.json()}</arg>
<doc>Returns the given values which can then be assigned to a variables.</doc>
<status status="PASS" start="2024-04-20T07:12:09.059309" elapsed="0.000478"/>
</kw>
<kw name="Dictionary Should Contain Key" owner="Collections">
<msg time="2024-04-20T07:12:09.060249" level="INFO">False</msg>
<arg>${json_data}</arg>
<arg>results</arg>
<doc>Fails if ``key`` is not found from ``dictionary``.</doc>
<status status="PASS" start="2024-04-20T07:12:09.060084" elapsed="0.000203"/>
</kw>
<status status="PASS" start="2024-04-20T07:12:08.890194" elapsed="0.170351"/>
</kw>
<doc>Testa se a API responde corretamente e retorna um objeto JSON válido.</doc>
<tag>testeRequisicaoBasica</tag>
<status status="PASS" start="2024-04-20T07:12:08.889681" elapsed="0.171038"/>
</test>
<test id="s1-s1-t3" name="Validar estrutura de resposta" line="22">
<kw name="Teste de Estrutura de Resposta" owner="random-user-service">
<kw name="GET On Session" owner="RequestsLibrary">
<msg time="2024-04-20T07:12:09.169680" level="INFO">GET Request : url=https://randomuser.me/api 
 path_url=/api 
 headers={'User-Agent': 'python-requests/2.31.0', 'Accept-Encoding': 'gzip, deflate', 'Accept': '*/*', 'Connection': 'keep-alive'} 
 body=None 
 </msg>
<msg time="2024-04-20T07:12:09.169777" level="INFO">GET Response : url=https://randomuser.me/api 
 status=200, reason=OK 
 headers={'Date': 'Sat, 20 Apr 2024 07:12:09 GMT', 'Content-Type': 'application/json; charset=utf-8', 'Transfer-Encoding': 'chunked', 'Connection': 'keep-alive', 'X-Powered-By': 'Express', 'Access-Control-Allow-Origin': '*', 'Cache-Control': 'no-cache', 'ETag': 'W/"49c-owI0SugUajNABqOCuJj9fHA6V44"', 'Vary': 'Accept-Encoding', 'Content-Encoding': 'gzip', 'CF-Cache-Status': 'DYNAMIC', 'Report-To': '{"endpoints":[{"url":"https:\\/\\/a.nel.cloudflare.com\\/report\\/v4?s=ttSop9wdMIukG5pLRFCxsRgYlCcAtUdc2UmYyO1f%2FaZM3o9tA0ZELjZd8LVxB6dBAHslGOs3huUVrBXNWysuL69y%2BMUstGe1qxuAyCr59ahsspK9kJNVdvA5%2BI7ubtjS"}],"group":"cf-nel","max_age":604800}', 'NEL': '{"success_fraction":0,"report_to":"cf-nel","max_age":604800}', 'Server': 'cloudflare', 'CF-RAY': '87735308a9c758b4-IAD', 'alt-svc': 'h3=":443"; ma=86400'} 
 body={"results":[{"gender":"female","name":{"title":"Ms","first":"Nadežda","last":"Vasić"},"location":{"street":{"number":1004,"name":"Stalaćka"},"city":"Trstenik","state":"North Bačka","country":"Serbia","postcode":75757,"coordinates":{"latitude":"56.6060","longitude":"4.3113"},"timezone":{"offset":"0:00","description":"Western Europe Time, London, Lisbon, Casablanca"}},"email":"nadezda.vasic@example.com","login":{"uuid":"9ef71cd7-b461-4f9b-85f9-4a9aa200c015","username":"organicfish717","password":"viagra","salt":"pAh8MRHu","md5":"be4ea0a5b2d72f05cfc4d018b947a4d2","sha1":"91d7e1e4cc873d6e93d875cdad6ad084d1023ecc","sha256":"71c062428f81338cea672e315048288baef609bba467e2295698893c6d4d8e14"},"dob":{"date":"1979-04-05T16:06:59.140Z","age":45},"registered":{"date":"2015-07-11T13:57:19.172Z","age":8},"phone":"010-0700-356","cell":"063-1467-256","id":{"name":"SID","value":"339024442"},"picture":{"large":"https://randomuser.me/api/portraits/women/65.jpg","medium":"https://randomuser.me/api/portraits/med/women/65.jpg","thumbnail":"https://randomuser.me/api/portraits/thumb/women/65.jpg"},"nat":"RS"}],"info":{"seed":"905a7b36ab85e141","results":1,"page":1,"version":"1.4"}} 
 </msg>
<msg time="2024-04-20T07:12:09.169911" level="INFO">/opt/hostedtoolcache/Python/3.12.3/x64/lib/python3.12/site-packages/urllib3/connectionpool.py:1103: InsecureRequestWarning: Unverified HTTPS request is being made to host 'randomuser.me'. Adding certificate verification is strongly advised. See: https://urllib3.readthedocs.io/en/latest/advanced-usage.html#tls-warnings
  warnings.warn(</msg>
<msg time="2024-04-20T07:12:09.170073" level="INFO">${response} = &lt;Response [200]&gt;</msg>
<var>${response}</var>
<arg>consultarAPI</arg>
<arg>/api</arg>
<doc>Sends a GET request on a previously created HTTP Session.</doc>
<status status="PASS" start="2024-04-20T07:12:09.063245" elapsed="0.106885"/>
</kw>
<kw name="Set Variable" owner="BuiltIn">
<msg time="2024-04-20T07:12:09.171071" level="INFO">${json_data} = {'results': [{'gender': 'female', 'name': {'title': 'Ms', 'first': 'Nadežda', 'last': 'Vasić'}, 'location': {'street': {'number': 1004, 'name': 'Stalaćka'}, 'city': 'Trstenik', 'state': 'North Bačka',...</msg>
<var>${json_data}</var>
<arg>${response.json()}</arg>
<doc>Returns the given values which can then be assigned to a variables.</doc>
<status status="PASS" start="2024-04-20T07:12:09.170537" elapsed="0.000565"/>
</kw>
<kw name="Log" owner="BuiltIn">
<msg time="2024-04-20T07:12:09.171583" level="INFO">{'results': [{'gender': 'female', 'name': {'title': 'Ms', 'first': 'Nadežda', 'last': 'Vasić'}, 'location': {'street': {'number': 1004, 'name': 'Stalaćka'}, 'city': 'Trstenik', 'state': 'North Bačka', 'country': 'Serbia', 'postcode': 75757, 'coordinates': {'latitude': '56.6060', 'longitude': '4.3113'}, 'timezone': {'offset': '0:00', 'description': 'Western Europe Time, London, Lisbon, Casablanca'}}, 'email': 'nadezda.vasic@example.com', 'login': {'uuid': '9ef71cd7-b461-4f9b-85f9-4a9aa200c015', 'username': 'organicfish717', 'password': 'viagra', 'salt': 'pAh8MRHu', 'md5': 'be4ea0a5b2d72f05cfc4d018b947a4d2', 'sha1': '91d7e1e4cc873d6e93d875cdad6ad084d1023ecc', 'sha256': '71c062428f81338cea672e315048288baef609bba467e2295698893c6d4d8e14'}, 'dob': {'date': '1979-04-05T16:06:59.140Z', 'age': 45}, 'registered': {'date': '2015-07-11T13:57:19.172Z', 'age': 8}, 'phone': '010-0700-356', 'cell': '063-1467-256', 'id': {'name': 'SID', 'value': '339024442'}, 'picture': {'large': 'https://randomuser.me/api/portraits/women/65.jpg', 'medium': 'https://randomuser.me/api/portraits/med/women/65.jpg', 'thumbnail': 'https://randomuser.me/api/portraits/thumb/women/65.jpg'}, 'nat': 'RS'}], 'info': {'seed': '905a7b36ab85e141', 'results': 1, 'page': 1, 'version': '1.4'}}</msg>
<arg>${json_data}</arg>
<doc>Logs the given message with the given level.</doc>
<status status="PASS" start="2024-04-20T07:12:09.171419" elapsed="0.000215"/>
</kw>
<kw name="Dictionary Should Contain Key" owner="Collections">
<msg time="2024-04-20T07:12:09.172097" level="INFO">False</msg>
<arg>${json_data}</arg>
<arg>results</arg>
<doc>Fails if ``key`` is not found from ``dictionary``.</doc>
<status status="PASS" start="2024-04-20T07:12:09.171941" elapsed="0.000193"/>
</kw>
<kw name="Should Not Be Empty" owner="BuiltIn">
<msg time="2024-04-20T07:12:09.172562" level="INFO">Length is 2.</msg>
<arg>${json_data}</arg>
<doc>Verifies that the given item is not empty.</doc>
<status status="PASS" start="2024-04-20T07:12:09.172429" elapsed="0.000172"/>
</kw>
<kw name="Create List" owner="BuiltIn">
<msg time="2024-04-20T07:12:09.173225" level="INFO">${expected_keys} = ['gender', 'name', 'location', 'email', 'login']</msg>
<var>${expected_keys}</var>
<arg>gender</arg>
<arg>name</arg>
<arg>location</arg>
<arg>email</arg>
<arg>login</arg>
<doc>Returns a list containing given items.</doc>
<status status="PASS" start="2024-04-20T07:12:09.172892" elapsed="0.000359"/>
</kw>
<for flavor="IN">
<iter>
<kw name="Dictionary Should Contain Key" owner="Collections">
<msg time="2024-04-20T07:12:09.174240" level="INFO">False</msg>
<arg>${json_data['results'][0]}</arg>
<arg>${key}</arg>
<doc>Fails if ``key`` is not found from ``dictionary``.</doc>
<status status="PASS" start="2024-04-20T07:12:09.173840" elapsed="0.000439"/>
</kw>
<kw name="Log" owner="BuiltIn">
<msg time="2024-04-20T07:12:09.174977" level="INFO">{'gender': 'female', 'name': {'title': 'Ms', 'first': 'Nadežda', 'last': 'Vasić'}, 'location': {'street': {'number': 1004, 'name': 'Stalaćka'}, 'city': 'Trstenik', 'state': 'North Bačka', 'country': 'Serbia', 'postcode': 75757, 'coordinates': {'latitude': '56.6060', 'longitude': '4.3113'}, 'timezone': {'offset': '0:00', 'description': 'Western Europe Time, London, Lisbon, Casablanca'}}, 'email': 'nadezda.vasic@example.com', 'login': {'uuid': '9ef71cd7-b461-4f9b-85f9-4a9aa200c015', 'username': 'organicfish717', 'password': 'viagra', 'salt': 'pAh8MRHu', 'md5': 'be4ea0a5b2d72f05cfc4d018b947a4d2', 'sha1': '91d7e1e4cc873d6e93d875cdad6ad084d1023ecc', 'sha256': '71c062428f81338cea672e315048288baef609bba467e2295698893c6d4d8e14'}, 'dob': {'date': '1979-04-05T16:06:59.140Z', 'age': 45}, 'registered': {'date': '2015-07-11T13:57:19.172Z', 'age': 8}, 'phone': '010-0700-356', 'cell': '063-1467-256', 'id': {'name': 'SID', 'value': '339024442'}, 'picture': {'large': 'https://randomuser.me/api/portraits/women/65.jpg', 'medium': 'https://randomuser.me/api/portraits/med/women/65.jpg', 'thumbnail': 'https://randomuser.me/api/portraits/thumb/women/65.jpg'}, 'nat': 'RS'}</msg>
<arg>${json_data['results'][0]}</arg>
<doc>Logs the given message with the given level.</doc>
<status status="PASS" start="2024-04-20T07:12:09.174580" elapsed="0.000448"/>
</kw>
<kw name="Log" owner="BuiltIn">
<msg time="2024-04-20T07:12:09.175460" level="INFO">gender</msg>
<arg>${key}</arg>
<doc>Logs the given message with the given level.</doc>
<status status="PASS" start="2024-04-20T07:12:09.175332" elapsed="0.000167"/>
</kw>
<var name="${key}">gender</var>
<status status="PASS" start="2024-04-20T07:12:09.173714" elapsed="0.001999"/>
</iter>
<iter>
<kw name="Dictionary Should Contain Key" owner="Collections">
<msg time="2024-04-20T07:12:09.176400" level="INFO">False</msg>
<arg>${json_data['results'][0]}</arg>
<arg>${key}</arg>
<doc>Fails if ``key`` is not found from ``dictionary``.</doc>
<status status="PASS" start="2024-04-20T07:12:09.176015" elapsed="0.000423"/>
</kw>
<kw name="Log" owner="BuiltIn">
<msg time="2024-04-20T07:12:09.177139" level="INFO">{'gender': 'female', 'name': {'title': 'Ms', 'first': 'Nadežda', 'last': 'Vasić'}, 'location': {'street': {'number': 1004, 'name': 'Stalaćka'}, 'city': 'Trstenik', 'state': 'North Bačka', 'country': 'Serbia', 'postcode': 75757, 'coordinates': {'latitude': '56.6060', 'longitude': '4.3113'}, 'timezone': {'offset': '0:00', 'description': 'Western Europe Time, London, Lisbon, Casablanca'}}, 'email': 'nadezda.vasic@example.com', 'login': {'uuid': '9ef71cd7-b461-4f9b-85f9-4a9aa200c015', 'username': 'organicfish717', 'password': 'viagra', 'salt': 'pAh8MRHu', 'md5': 'be4ea0a5b2d72f05cfc4d018b947a4d2', 'sha1': '91d7e1e4cc873d6e93d875cdad6ad084d1023ecc', 'sha256': '71c062428f81338cea672e315048288baef609bba467e2295698893c6d4d8e14'}, 'dob': {'date': '1979-04-05T16:06:59.140Z', 'age': 45}, 'registered': {'date': '2015-07-11T13:57:19.172Z', 'age': 8}, 'phone': '010-0700-356', 'cell': '063-1467-256', 'id': {'name': 'SID', 'value': '339024442'}, 'picture': {'large': 'https://randomuser.me/api/portraits/women/65.jpg', 'medium': 'https://randomuser.me/api/portraits/med/women/65.jpg', 'thumbnail': 'https://randomuser.me/api/portraits/thumb/women/65.jpg'}, 'nat': 'RS'}</msg>
<arg>${json_data['results'][0]}</arg>
<doc>Logs the given message with the given level.</doc>
<status status="PASS" start="2024-04-20T07:12:09.176766" elapsed="0.000423"/>
</kw>
<kw name="Log" owner="BuiltIn">
<msg time="2024-04-20T07:12:09.177616" level="INFO">name</msg>
<arg>${key}</arg>
<doc>Logs the given message with the given level.</doc>
<status status="PASS" start="2024-04-20T07:12:09.177490" elapsed="0.000162"/>
</kw>
<var name="${key}">name</var>
<status status="PASS" start="2024-04-20T07:12:09.175901" elapsed="0.001961"/>
</iter>
<iter>
<kw name="Dictionary Should Contain Key" owner="Collections">
<msg time="2024-04-20T07:12:09.178541" level="INFO">False</msg>
<arg>${json_data['results'][0]}</arg>
<arg>${key}</arg>
<doc>Fails if ``key`` is not found from ``dictionary``.</doc>
<status status="PASS" start="2024-04-20T07:12:09.178154" elapsed="0.000440"/>
</kw>
<kw name="Log" owner="BuiltIn">
<msg time="2024-04-20T07:12:09.179293" level="INFO">{'gender': 'female', 'name': {'title': 'Ms', 'first': 'Nadežda', 'last': 'Vasić'}, 'location': {'street': {'number': 1004, 'name': 'Stalaćka'}, 'city': 'Trstenik', 'state': 'North Bačka', 'country': 'Serbia', 'postcode': 75757, 'coordinates': {'latitude': '56.6060', 'longitude': '4.3113'}, 'timezone': {'offset': '0:00', 'description': 'Western Europe Time, London, Lisbon, Casablanca'}}, 'email': 'nadezda.vasic@example.com', 'login': {'uuid': '9ef71cd7-b461-4f9b-85f9-4a9aa200c015', 'username': 'organicfish717', 'password': 'viagra', 'salt': 'pAh8MRHu', 'md5': 'be4ea0a5b2d72f05cfc4d018b947a4d2', 'sha1': '91d7e1e4cc873d6e93d875cdad6ad084d1023ecc', 'sha256': '71c062428f81338cea672e315048288baef609bba467e2295698893c6d4d8e14'}, 'dob': {'date': '1979-04-05T16:06:59.140Z', 'age': 45}, 'registered': {'date': '2015-07-11T13:57:19.172Z', 'age': 8}, 'phone': '010-0700-356', 'cell': '063-1467-256', 'id': {'name': 'SID', 'value': '339024442'}, 'picture': {'large': 'https://randomuser.me/api/portraits/women/65.jpg', 'medium': 'https://randomuser.me/api/portraits/med/women/65.jpg', 'thumbnail': 'https://randomuser.me/api/portraits/thumb/women/65.jpg'}, 'nat': 'RS'}</msg>
<arg>${json_data['results'][0]}</arg>
<doc>Logs the given message with the given level.</doc>
<status status="PASS" start="2024-04-20T07:12:09.178928" elapsed="0.000415"/>
</kw>
<kw name="Log" owner="BuiltIn">
<msg time="2024-04-20T07:12:09.179760" level="INFO">location</msg>
<arg>${key}</arg>
<doc>Logs the given message with the given level.</doc>
<status status="PASS" start="2024-04-20T07:12:09.179637" elapsed="0.000160"/>
</kw>
<var name="${key}">location</var>
<status status="PASS" start="2024-04-20T07:12:09.178042" elapsed="0.001968"/>
</iter>
<iter>
<kw name="Dictionary Should Contain Key" owner="Collections">
<msg time="2024-04-20T07:12:09.180682" level="INFO">False</msg>
<arg>${json_data['results'][0]}</arg>
<arg>${key}</arg>
<doc>Fails if ``key`` is not found from ``dictionary``.</doc>
<status status="PASS" start="2024-04-20T07:12:09.180293" elapsed="0.000427"/>
</kw>
<kw name="Log" owner="BuiltIn">
<msg time="2024-04-20T07:12:09.181382" level="INFO">{'gender': 'female', 'name': {'title': 'Ms', 'first': 'Nadežda', 'last': 'Vasić'}, 'location': {'street': {'number': 1004, 'name': 'Stalaćka'}, 'city': 'Trstenik', 'state': 'North Bačka', 'country': 'Serbia', 'postcode': 75757, 'coordinates': {'latitude': '56.6060', 'longitude': '4.3113'}, 'timezone': {'offset': '0:00', 'description': 'Western Europe Time, London, Lisbon, Casablanca'}}, 'email': 'nadezda.vasic@example.com', 'login': {'uuid': '9ef71cd7-b461-4f9b-85f9-4a9aa200c015', 'username': 'organicfish717', 'password': 'viagra', 'salt': 'pAh8MRHu', 'md5': 'be4ea0a5b2d72f05cfc4d018b947a4d2', 'sha1': '91d7e1e4cc873d6e93d875cdad6ad084d1023ecc', 'sha256': '71c062428f81338cea672e315048288baef609bba467e2295698893c6d4d8e14'}, 'dob': {'date': '1979-04-05T16:06:59.140Z', 'age': 45}, 'registered': {'date': '2015-07-11T13:57:19.172Z', 'age': 8}, 'phone': '010-0700-356', 'cell': '063-1467-256', 'id': {'name': 'SID', 'value': '339024442'}, 'picture': {'large': 'https://randomuser.me/api/portraits/women/65.jpg', 'medium': 'https://randomuser.me/api/portraits/med/women/65.jpg', 'thumbnail': 'https://randomuser.me/api/portraits/thumb/women/65.jpg'}, 'nat': 'RS'}</msg>
<arg>${json_data['results'][0]}</arg>
<doc>Logs the given message with the given level.</doc>
<status status="PASS" start="2024-04-20T07:12:09.181022" elapsed="0.000409"/>
</kw>
<kw name="Log" owner="BuiltIn">
<msg time="2024-04-20T07:12:09.181845" level="INFO">email</msg>
<arg>${key}</arg>
<doc>Logs the given message with the given level.</doc>
<status status="PASS" start="2024-04-20T07:12:09.181722" elapsed="0.000160"/>
</kw>
<var name="${key}">email</var>
<status status="PASS" start="2024-04-20T07:12:09.180183" elapsed="0.001925"/>
</iter>
<iter>
<kw name="Dictionary Should Contain Key" owner="Collections">
<msg time="2024-04-20T07:12:09.182808" level="INFO">False</msg>
<arg>${json_data['results'][0]}</arg>
<arg>${key}</arg>
<doc>Fails if ``key`` is not found from ``dictionary``.</doc>
<status status="PASS" start="2024-04-20T07:12:09.182391" elapsed="0.000454"/>
</kw>
<kw name="Log" owner="BuiltIn">
<msg time="2024-04-20T07:12:09.183511" level="INFO">{'gender': 'female', 'name': {'title': 'Ms', 'first': 'Nadežda', 'last': 'Vasić'}, 'location': {'street': {'number': 1004, 'name': 'Stalaćka'}, 'city': 'Trstenik', 'state': 'North Bačka', 'country': 'Serbia', 'postcode': 75757, 'coordinates': {'latitude': '56.6060', 'longitude': '4.3113'}, 'timezone': {'offset': '0:00', 'description': 'Western Europe Time, London, Lisbon, Casablanca'}}, 'email': 'nadezda.vasic@example.com', 'login': {'uuid': '9ef71cd7-b461-4f9b-85f9-4a9aa200c015', 'username': 'organicfish717', 'password': 'viagra', 'salt': 'pAh8MRHu', 'md5': 'be4ea0a5b2d72f05cfc4d018b947a4d2', 'sha1': '91d7e1e4cc873d6e93d875cdad6ad084d1023ecc', 'sha256': '71c062428f81338cea672e315048288baef609bba467e2295698893c6d4d8e14'}, 'dob': {'date': '1979-04-05T16:06:59.140Z', 'age': 45}, 'registered': {'date': '2015-07-11T13:57:19.172Z', 'age': 8}, 'phone': '010-0700-356', 'cell': '063-1467-256', 'id': {'name': 'SID', 'value': '339024442'}, 'picture': {'large': 'https://randomuser.me/api/portraits/women/65.jpg', 'medium': 'https://randomuser.me/api/portraits/med/women/65.jpg', 'thumbnail': 'https://randomuser.me/api/portraits/thumb/women/65.jpg'}, 'nat': 'RS'}</msg>
<arg>${json_data['results'][0]}</arg>
<doc>Logs the given message with the given level.</doc>
<status status="PASS" start="2024-04-20T07:12:09.183141" elapsed="0.000420"/>
</kw>
<kw name="Log" owner="BuiltIn">
<msg time="2024-04-20T07:12:09.183982" level="INFO">login</msg>
<arg>${key}</arg>
<doc>Logs the given message with the given level.</doc>
<status status="PASS" start="2024-04-20T07:12:09.183858" elapsed="0.000161"/>
</kw>
<var name="${key}">login</var>
<status status="PASS" start="2024-04-20T07:12:09.182282" elapsed="0.001978"/>
</iter>
<var>${key}</var>
<value>@{expected_keys}</value>
<status status="PASS" start="2024-04-20T07:12:09.173521" elapsed="0.010863"/>
</for>
<kw name="Create List" owner="BuiltIn">
<msg time="2024-04-20T07:12:09.184714" level="INFO">${expected_keysTwo} = ['username', 'password']</msg>
<var>${expected_keysTwo}</var>
<arg>username</arg>
<arg>password</arg>
<doc>Returns a list containing given items.</doc>
<status status="PASS" start="2024-04-20T07:12:09.184578" elapsed="0.000159"/>
</kw>
<for flavor="IN">
<iter>
<kw name="Dictionary Should Contain Key" owner="Collections">
<msg time="2024-04-20T07:12:09.185632" level="INFO">False</msg>
<arg>${json_data['results'][0]['login']}</arg>
<arg>${keyTwo}</arg>
<doc>Fails if ``key`` is not found from ``dictionary``.</doc>
<status status="PASS" start="2024-04-20T07:12:09.185242" elapsed="0.000428"/>
</kw>
<kw name="Dictionary Should Contain Key" owner="Collections">
<msg time="2024-04-20T07:12:09.186343" level="INFO">False</msg>
<arg>${json_data['results'][0]['login']}</arg>
<arg>${keyTwo}</arg>
<doc>Fails if ``key`` is not found from ``dictionary``.</doc>
<status status="PASS" start="2024-04-20T07:12:09.185961" elapsed="0.000419"/>
</kw>
<kw name="Log" owner="BuiltIn">
<msg time="2024-04-20T07:12:09.186828" level="INFO">username</msg>
<arg>${keyTwo}</arg>
<doc>Logs the given message with the given level.</doc>
<status status="PASS" start="2024-04-20T07:12:09.186691" elapsed="0.000180"/>
</kw>
<var name="${keyTwo}">username</var>
<status status="PASS" start="2024-04-20T07:12:09.185133" elapsed="0.001951"/>
</iter>
<iter>
<kw name="Dictionary Should Contain Key" owner="Collections">
<msg time="2024-04-20T07:12:09.187744" level="INFO">False</msg>
<arg>${json_data['results'][0]['login']}</arg>
<arg>${keyTwo}</arg>
<doc>Fails if ``key`` is not found from ``dictionary``.</doc>
<status status="PASS" start="2024-04-20T07:12:09.187363" elapsed="0.000424"/>
</kw>
<kw name="Dictionary Should Contain Key" owner="Collections">
<msg time="2024-04-20T07:12:09.188537" level="INFO">False</msg>
<arg>${json_data['results'][0]['login']}</arg>
<arg>${keyTwo}</arg>
<doc>Fails if ``key`` is not found from ``dictionary``.</doc>
<status status="PASS" start="2024-04-20T07:12:09.188075" elapsed="0.000500"/>
</kw>
<kw name="Log" owner="BuiltIn">
<msg time="2024-04-20T07:12:09.188995" level="INFO">password</msg>
<arg>${keyTwo}</arg>
<doc>Logs the given message with the given level.</doc>
<status status="PASS" start="2024-04-20T07:12:09.188869" elapsed="0.000163"/>
</kw>
<var name="${keyTwo}">password</var>
<status status="PASS" start="2024-04-20T07:12:09.187254" elapsed="0.001994"/>
</iter>
<var>${keyTwo}</var>
<value>@{expected_keysTwo}</value>
<status status="PASS" start="2024-04-20T07:12:09.184981" elapsed="0.004391"/>
</for>
<status status="PASS" start="2024-04-20T07:12:09.063013" elapsed="0.126497"/>
</kw>
<doc>Testa a estrutura da resposta da API.</doc>
<tag>testeEstruturaResposta</tag>
<status status="PASS" start="2024-04-20T07:12:09.062525" elapsed="0.127137"/>
</test>
<test id="s1-s1-t4" name="Validar tipos de dados" line="28">
<kw name="Teste de Tipos de Dados" owner="random-user-service">
<kw name="GET On Session" owner="RequestsLibrary">
<msg time="2024-04-20T07:12:09.269978" level="INFO">GET Request : url=https://randomuser.me/api 
 path_url=/api 
 headers={'User-Agent': 'python-requests/2.31.0', 'Accept-Encoding': 'gzip, deflate', 'Accept': '*/*', 'Connection': 'keep-alive'} 
 body=None 
 </msg>
<msg time="2024-04-20T07:12:09.270061" level="INFO">GET Response : url=https://randomuser.me/api 
 status=200, reason=OK 
 headers={'Date': 'Sat, 20 Apr 2024 07:12:09 GMT', 'Content-Type': 'application/json; charset=utf-8', 'Transfer-Encoding': 'chunked', 'Connection': 'keep-alive', 'X-Powered-By': 'Express', 'Access-Control-Allow-Origin': '*', 'Cache-Control': 'no-cache', 'ETag': 'W/"496-vytZKNvsRPh6cD2e+s5URQ6zd8o"', 'Vary': 'Accept-Encoding', 'Content-Encoding': 'gzip', 'CF-Cache-Status': 'DYNAMIC', 'Report-To': '{"endpoints":[{"url":"https:\\/\\/a.nel.cloudflare.com\\/report\\/v4?s=jJDYNAVF%2BjikdGhGCichE6BNA1Of1q1OTf7zJnvSBeHTQbk%2F4TDVYyeO7%2BNkz7k1Yu44mdt6b8NzsE34jq42RhGJH6BOfYBuJZn5kyIPhF9QSOQadAn2QVoICh3L%2BTQ8"}],"group":"cf-nel","max_age":604800}', 'NEL': '{"success_fraction":0,"report_to":"cf-nel","max_age":604800}', 'Server': 'cloudflare', 'CF-RAY': '877353097a3158b4-IAD', 'alt-svc': 'h3=":443"; ma=86400'} 
 body={"results":[{"gender":"male","name":{"title":"Mr","first":"Vidálio","last":"Oliveira"},"location":{"street":{"number":7503,"name":"Rua Santos Dumont "},"city":"Paulo Afonso","state":"Pará","country":"Brazil","postcode":97491,"coordinates":{"latitude":"-74.7634","longitude":"-123.1685"},"timezone":{"offset":"+7:00","description":"Bangkok, Hanoi, Jakarta"}},"email":"vidalio.oliveira@example.com","login":{"uuid":"fbccba9f-e8ba-4c6a-89c0-a62ea55fd3c3","username":"smallbear684","password":"military","salt":"5HTNYzOt","md5":"1bede56a16dd3f82ba0efa8997981f91","sha1":"a5844b3e7d626781d20f9866a0f467cd552f5f6c","sha256":"9b8853a706ee075d63e02355faa0842d1d5667beae7063942e9815255b1fa207"},"dob":{"date":"1966-06-16T15:04:52.775Z","age":57},"registered":{"date":"2004-11-01T23:07:26.042Z","age":19},"phone":"(63) 3982-7156","cell":"(24) 1180-0880","id":{"name":"CPF","value":"548.058.004-09"},"picture":{"large":"https://randomuser.me/api/portraits/men/89.jpg","medium":"https://randomuser.me/api/portraits/med/men/89.jpg","thumbnail":"https://randomuser.me/api/portraits/thumb/men/89.jpg"},"nat":"BR"}],"info":{"seed":"a3cd7c239e010303","results":1,"page":1,"version":"1.4"}} 
 </msg>
<msg time="2024-04-20T07:12:09.270135" level="INFO">/opt/hostedtoolcache/Python/3.12.3/x64/lib/python3.12/site-packages/urllib3/connectionpool.py:1103: InsecureRequestWarning: Unverified HTTPS request is being made to host 'randomuser.me'. Adding certificate verification is strongly advised. See: https://urllib3.readthedocs.io/en/latest/advanced-usage.html#tls-warnings
  warnings.warn(</msg>
<msg time="2024-04-20T07:12:09.270275" level="INFO">${response} = &lt;Response [200]&gt;</msg>
<var>${response}</var>
<arg>consultarAPI</arg>
<arg>/api</arg>
<doc>Sends a GET request on a previously created HTTP Session.</doc>
<status status="PASS" start="2024-04-20T07:12:09.192207" elapsed="0.078115"/>
</kw>
<kw name="Set Variable" owner="BuiltIn">
<msg time="2024-04-20T07:12:09.271184" level="INFO">${json_data} = {'results': [{'gender': 'male', 'name': {'title': 'Mr', 'first': 'Vidálio', 'last': 'Oliveira'}, 'location': {'street': {'number': 7503, 'name': 'Rua Santos Dumont '}, 'city': 'Paulo Afonso', 'state':...</msg>
<var>${json_data}</var>
<arg>${response.json()}</arg>
<doc>Returns the given values which can then be assigned to a variables.</doc>
<status status="PASS" start="2024-04-20T07:12:09.270724" elapsed="0.000488"/>
</kw>
<kw name="Log" owner="BuiltIn">
<msg time="2024-04-20T07:12:09.271666" level="INFO">{'results': [{'gender': 'male', 'name': {'title': 'Mr', 'first': 'Vidálio', 'last': 'Oliveira'}, 'location': {'street': {'number': 7503, 'name': 'Rua Santos Dumont '}, 'city': 'Paulo Afonso', 'state': 'Pará', 'country': 'Brazil', 'postcode': 97491, 'coordinates': {'latitude': '-74.7634', 'longitude': '-123.1685'}, 'timezone': {'offset': '+7:00', 'description': 'Bangkok, Hanoi, Jakarta'}}, 'email': 'vidalio.oliveira@example.com', 'login': {'uuid': 'fbccba9f-e8ba-4c6a-89c0-a62ea55fd3c3', 'username': 'smallbear684', 'password': 'military', 'salt': '5HTNYzOt', 'md5': '1bede56a16dd3f82ba0efa8997981f91', 'sha1': 'a5844b3e7d626781d20f9866a0f467cd552f5f6c', 'sha256': '9b8853a706ee075d63e02355faa0842d1d5667beae7063942e9815255b1fa207'}, 'dob': {'date': '1966-06-16T15:04:52.775Z', 'age': 57}, 'registered': {'date': '2004-11-01T23:07:26.042Z', 'age': 19}, 'phone': '(63) 3982-7156', 'cell': '(24) 1180-0880', 'id': {'name': 'CPF', 'value': '548.058.004-09'}, 'picture': {'large': 'https://randomuser.me/api/portraits/men/89.jpg', 'medium': 'https://randomuser.me/api/portraits/med/men/89.jpg', 'thumbnail': 'https://randomuser.me/api/portraits/thumb/men/89.jpg'}, 'nat': 'BR'}], 'info': {'seed': 'a3cd7c239e010303', 'results': 1, 'page': 1, 'version': '1.4'}}</msg>
<arg>${json_data}</arg>
<doc>Logs the given message with the given level.</doc>
<status status="PASS" start="2024-04-20T07:12:09.271513" elapsed="0.000232"/>
</kw>
<kw name="Should Be String" owner="String">
<arg>${json_data['results'][0]['gender']}</arg>
<doc>Fails if the given ``item`` is not a string.</doc>
<status status="PASS" start="2024-04-20T07:12:09.272043" elapsed="0.000352"/>
</kw>
<kw name="Should Match Regexp" owner="BuiltIn">
<arg>${json_data['results'][0]['email']}</arg>
<arg>^[a-zA-Z0-9._%+-]+@[a-zA-Z0-9.-]+\.[a-zA-Z]{2,}$</arg>
<doc>Fails if ``string`` does not match ``pattern`` as a regular expression.</doc>
<status status="PASS" start="2024-04-20T07:12:09.272586" elapsed="0.000534"/>
</kw>
<kw name="Should Match Regexp" owner="BuiltIn">
<arg>${json_data['results'][0]['dob']['date']}</arg>
<arg>\\d{4}-\\d{2}-\\d{2}T\\d{2}:\\d{2}:\\d{2}\\.\\d{3}Z</arg>
<doc>Fails if ``string`` does not match ``pattern`` as a regular expression.</doc>
<status status="PASS" start="2024-04-20T07:12:09.273314" elapsed="0.000500"/>
</kw>
<kw name="Should Match Regexp" owner="BuiltIn">
<arg>${json_data['results'][0]['registered']['date']}</arg>
<arg>\\d{4}-\\d{2}-\\d{2}T\\d{2}:\\d{2}:\\d{2}\\.\\d{3}Z</arg>
<doc>Fails if ``string`` does not match ``pattern`` as a regular expression.</doc>
<status status="PASS" start="2024-04-20T07:12:09.274008" elapsed="0.000360"/>
</kw>
<kw name="Should Match Regexp" owner="BuiltIn">
<arg>${json_data['results'][0]['picture']['large']}</arg>
<arg>^https?://.*\.(?:png|jpe?g|gif|bmp)$</arg>
<doc>Fails if ``string`` does not match ``pattern`` as a regular expression.</doc>
<status status="PASS" start="2024-04-20T07:12:09.274555" elapsed="0.000479"/>
</kw>
<kw name="Should Match Regexp" owner="BuiltIn">
<arg>${json_data['results'][0]['picture']['medium']}</arg>
<arg>^https?://.*\.(?:png|jpe?g|gif|bmp)$</arg>
<doc>Fails if ``string`` does not match ``pattern`` as a regular expression.</doc>
<status status="PASS" start="2024-04-20T07:12:09.275223" elapsed="0.000357"/>
</kw>
<kw name="Should Match Regexp" owner="BuiltIn">
<arg>${json_data['results'][0]['picture']['thumbnail']}</arg>
<arg>^https?://.*\.(?:png|jpe?g|gif|bmp)$</arg>
<doc>Fails if ``string`` does not match ``pattern`` as a regular expression.</doc>
<status status="PASS" start="2024-04-20T07:12:09.275774" elapsed="0.000423"/>
</kw>
<kw name="Log" owner="BuiltIn">
<msg time="2024-04-20T07:12:09.276714" level="INFO">{'large': 'https://randomuser.me/api/portraits/men/89.jpg', 'medium': 'https://randomuser.me/api/portraits/med/men/89.jpg', 'thumbnail': 'https://randomuser.me/api/portraits/thumb/men/89.jpg'}</msg>
<arg>${json_data['results'][0]['picture']}</arg>
<doc>Logs the given message with the given level.</doc>
<status status="PASS" start="2024-04-20T07:12:09.276392" elapsed="0.000364"/>
</kw>
<status status="PASS" start="2024-04-20T07:12:09.191982" elapsed="0.085026"/>
</kw>
<kw name="Teste de Tipos de Dados - Postcode" owner="random-user-service">
<kw name="GET On Session" owner="RequestsLibrary">
<msg time="2024-04-20T07:12:09.358194" level="INFO">GET Request : url=https://randomuser.me/api 
 path_url=/api 
 headers={'User-Agent': 'python-requests/2.31.0', 'Accept-Encoding': 'gzip, deflate', 'Accept': '*/*', 'Connection': 'keep-alive'} 
 body=None 
 </msg>
<msg time="2024-04-20T07:12:09.358276" level="INFO">GET Response : url=https://randomuser.me/api 
 status=200, reason=OK 
 headers={'Date': 'Sat, 20 Apr 2024 07:12:09 GMT', 'Content-Type': 'application/json; charset=utf-8', 'Transfer-Encoding': 'chunked', 'Connection': 'keep-alive', 'X-Powered-By': 'Express', 'Access-Control-Allow-Origin': '*', 'Cache-Control': 'no-cache', 'ETag': 'W/"482-rIdghGwHZ7cNXOU6wjpqy45Tk0Q"', 'Vary': 'Accept-Encoding', 'Content-Encoding': 'gzip', 'CF-Cache-Status': 'DYNAMIC', 'Report-To': '{"endpoints":[{"url":"https:\\/\\/a.nel.cloudflare.com\\/report\\/v4?s=Qxa%2BBQlgt7Lm83AVJYUo5JD%2F%2FyhfKdls%2FpC7LKCu%2BMzylO3nLcZuEIGrfzntUzXNX%2FFqQVuQD1DAgkKo5%2FfvhTANLL%2FNKhFvKmEBZXF1aB%2B4F5lAnH6h8Cp98b5Yz%2Bpv"}],"group":"cf-nel","max_age":604800}', 'NEL': '{"success_fraction":0,"report_to":"cf-nel","max_age":604800}', 'Server': 'cloudflare', 'CF-RAY': '87735309fa8e58b4-IAD', 'alt-svc': 'h3=":443"; ma=86400'} 
 body={"results":[{"gender":"female","name":{"title":"Madame","first":"Alma","last":"Durand"},"location":{"street":{"number":2370,"name":"Rue des Abbesses"},"city":"Liedertswil","state":"Glarus","country":"Switzerland","postcode":3196,"coordinates":{"latitude":"-63.4705","longitude":"30.0824"},"timezone":{"offset":"+3:30","description":"Tehran"}},"email":"alma.durand@example.com","login":{"uuid":"04593a85-2456-4273-b68f-2c1b1e3ad9af","username":"yellowcat806","password":"kamikaze","salt":"qtyjDm9A","md5":"6f6fb06fa2f51dc8990b9b98c5ff437e","sha1":"c03af5959530b8b954c516c87e94f6e0939e828e","sha256":"4ab6a76e7ea6d013a3b4c269df2a52e84b0e35065e63d584eeb6c7c6e72637d5"},"dob":{"date":"1949-03-23T14:52:34.080Z","age":75},"registered":{"date":"2016-09-30T13:40:36.052Z","age":7},"phone":"078 856 98 23","cell":"075 998 03 94","id":{"name":"AVS","value":"756.5691.6065.29"},"picture":{"large":"https://randomuser.me/api/portraits/women/7.jpg","medium":"https://randomuser.me/api/portraits/med/women/7.jpg","thumbnail":"https://randomuser.me/api/portraits/thumb/women/7.jpg"},"nat":"CH"}],"info":{"seed":"3039b3f08439bc5a","results":1,"page":1,"version":"1.4"}} 
 </msg>
<msg time="2024-04-20T07:12:09.358348" level="INFO">/opt/hostedtoolcache/Python/3.12.3/x64/lib/python3.12/site-packages/urllib3/connectionpool.py:1103: InsecureRequestWarning: Unverified HTTPS request is being made to host 'randomuser.me'. Adding certificate verification is strongly advised. See: https://urllib3.readthedocs.io/en/latest/advanced-usage.html#tls-warnings
  warnings.warn(</msg>
<msg time="2024-04-20T07:12:09.358459" level="INFO">${response} = &lt;Response [200]&gt;</msg>
<var>${response}</var>
<arg>consultarAPI</arg>
<arg>/api</arg>
<doc>Sends a GET request on a previously created HTTP Session.</doc>
<status status="PASS" start="2024-04-20T07:12:09.277465" elapsed="0.081034"/>
</kw>
<kw name="Set Variable" owner="BuiltIn">
<msg time="2024-04-20T07:12:09.359332" level="INFO">${json_data} = {'results': [{'gender': 'female', 'name': {'title': 'Madame', 'first': 'Alma', 'last': 'Durand'}, 'location': {'street': {'number': 2370, 'name': 'Rue des Abbesses'}, 'city': 'Liedertswil', 'state': '...</msg>
<var>${json_data}</var>
<arg>${response.json()}</arg>
<doc>Returns the given values which can then be assigned to a variables.</doc>
<status status="PASS" start="2024-04-20T07:12:09.358889" elapsed="0.000470"/>
</kw>
<kw name="Log" owner="BuiltIn">
<msg time="2024-04-20T07:12:09.359811" level="INFO">{'results': [{'gender': 'female', 'name': {'title': 'Madame', 'first': 'Alma', 'last': 'Durand'}, 'location': {'street': {'number': 2370, 'name': 'Rue des Abbesses'}, 'city': 'Liedertswil', 'state': 'Glarus', 'country': 'Switzerland', 'postcode': 3196, 'coordinates': {'latitude': '-63.4705', 'longitude': '30.0824'}, 'timezone': {'offset': '+3:30', 'description': 'Tehran'}}, 'email': 'alma.durand@example.com', 'login': {'uuid': '04593a85-2456-4273-b68f-2c1b1e3ad9af', 'username': 'yellowcat806', 'password': 'kamikaze', 'salt': 'qtyjDm9A', 'md5': '6f6fb06fa2f51dc8990b9b98c5ff437e', 'sha1': 'c03af5959530b8b954c516c87e94f6e0939e828e', 'sha256': '4ab6a76e7ea6d013a3b4c269df2a52e84b0e35065e63d584eeb6c7c6e72637d5'}, 'dob': {'date': '1949-03-23T14:52:34.080Z', 'age': 75}, 'registered': {'date': '2016-09-30T13:40:36.052Z', 'age': 7}, 'phone': '078 856 98 23', 'cell': '075 998 03 94', 'id': {'name': 'AVS', 'value': '756.5691.6065.29'}, 'picture': {'large': 'https://randomuser.me/api/portraits/women/7.jpg', 'medium': 'https://randomuser.me/api/portraits/med/women/7.jpg', 'thumbnail': 'https://randomuser.me/api/portraits/thumb/women/7.jpg'}, 'nat': 'CH'}], 'info': {'seed': '3039b3f08439bc5a', 'results': 1, 'page': 1, 'version': '1.4'}}</msg>
<arg>${json_data}</arg>
<doc>Logs the given message with the given level.</doc>
<status status="PASS" start="2024-04-20T07:12:09.359661" elapsed="0.000229"/>
</kw>
<kw name="Should Be Equal As Numbers" owner="BuiltIn">
<arg>${json_data['results'][0]['location']['postcode']}</arg>
<arg>${json_data['results'][0]['location']['postcode']}</arg>
<doc>Fails if objects are unequal after converting them to real numbers.</doc>
<status status="PASS" start="2024-04-20T07:12:09.360188" elapsed="0.000738"/>
</kw>
<kw name="Log" owner="BuiltIn">
<msg time="2024-04-20T07:12:09.361457" level="INFO">3196</msg>
<arg>${json_data['results'][0]['location']['postcode']}</arg>
<doc>Logs the given message with the given level.</doc>
<status status="PASS" start="2024-04-20T07:12:09.361126" elapsed="0.000371"/>
</kw>
<status status="PASS" start="2024-04-20T07:12:09.277243" elapsed="0.084503"/>
</kw>
<doc>Testa se os tipos de dados na resposta da API estão corretos.</doc>
<tag>testeTiposDados</tag>
<status status="PASS" start="2024-04-20T07:12:09.191449" elapsed="0.170456"/>
</test>
<test id="s1-s1-t5" name="Validar conteudo" line="35">
<kw name="Teste de Tipos de Conteudo" owner="random-user-service">
<kw name="GET On Session" owner="RequestsLibrary">
<msg time="2024-04-20T07:12:09.459397" level="INFO">GET Request : url=https://randomuser.me/api 
 path_url=/api 
 headers={'User-Agent': 'python-requests/2.31.0', 'Accept-Encoding': 'gzip, deflate', 'Accept': '*/*', 'Connection': 'keep-alive'} 
 body=None 
 </msg>
<msg time="2024-04-20T07:12:09.459482" level="INFO">GET Response : url=https://randomuser.me/api 
 status=200, reason=OK 
 headers={'Date': 'Sat, 20 Apr 2024 07:12:09 GMT', 'Content-Type': 'application/json; charset=utf-8', 'Transfer-Encoding': 'chunked', 'Connection': 'keep-alive', 'X-Powered-By': 'Express', 'Access-Control-Allow-Origin': '*', 'Cache-Control': 'no-cache', 'ETag': 'W/"496-xhGjTrtCVHgFDzINW6gACdIbSLM"', 'Vary': 'Accept-Encoding', 'Content-Encoding': 'gzip', 'CF-Cache-Status': 'DYNAMIC', 'Report-To': '{"endpoints":[{"url":"https:\\/\\/a.nel.cloudflare.com\\/report\\/v4?s=yvw03l5cHx8cn7sFi6GkMedHQ7s%2Fuo6rb820gReyPaAiycoT1g5I3pyYqX%2FVUMTAagSBfyjH9XQx1BxCobmfN4ZV0mWoUkGSqU35%2BktjaHiepxKI3OHe1KZHxDryYslY"}],"group":"cf-nel","max_age":604800}', 'NEL': '{"success_fraction":0,"report_to":"cf-nel","max_age":604800}', 'Server': 'cloudflare', 'CF-RAY': '8773530a8ae358b4-IAD', 'alt-svc': 'h3=":443"; ma=86400'} 
 body={"results":[{"gender":"male","name":{"title":"Mr","first":"Benjamin","last":"Wright"},"location":{"street":{"number":6475,"name":"Ravensbourne Road"},"city":"Nelson","state":"Marlborough","country":"New Zealand","postcode":38251,"coordinates":{"latitude":"50.5949","longitude":"-154.6749"},"timezone":{"offset":"-5:00","description":"Eastern Time (US &amp; Canada), Bogota, Lima"}},"email":"benjamin.wright@example.com","login":{"uuid":"2f3ab865-421b-43b8-b9e9-1a0180854b8f","username":"whitemeercat161","password":"martha","salt":"qkgQnSF9","md5":"1b9f83e8a90c4671635f1ba1e85bbfc3","sha1":"16229d694e10513c21a804e9b5f5f488881311ba","sha256":"557b8aa6e4e4507db70ae46b07469cbb2eaf088f3d82fa5104c1a12882afc1d6"},"dob":{"date":"1981-02-16T18:14:59.440Z","age":43},"registered":{"date":"2003-01-28T01:25:56.884Z","age":21},"phone":"(505)-327-5994","cell":"(019)-213-8453","id":{"name":"","value":null},"picture":{"large":"https://randomuser.me/api/portraits/men/7.jpg","medium":"https://randomuser.me/api/portraits/med/men/7.jpg","thumbnail":"https://randomuser.me/api/portraits/thumb/men/7.jpg"},"nat":"NZ"}],"info":{"seed":"d4f5ace283ddf29a","results":1,"page":1,"version":"1.4"}} 
 </msg>
<msg time="2024-04-20T07:12:09.459555" level="INFO">/opt/hostedtoolcache/Python/3.12.3/x64/lib/python3.12/site-packages/urllib3/connectionpool.py:1103: InsecureRequestWarning: Unverified HTTPS request is being made to host 'randomuser.me'. Adding certificate verification is strongly advised. See: https://urllib3.readthedocs.io/en/latest/advanced-usage.html#tls-warnings
  warnings.warn(</msg>
<msg time="2024-04-20T07:12:09.459669" level="INFO">${response} = &lt;Response [200]&gt;</msg>
<var>${response}</var>
<arg>consultarAPI</arg>
<arg>/api</arg>
<doc>Sends a GET request on a previously created HTTP Session.</doc>
<status status="PASS" start="2024-04-20T07:12:09.364420" elapsed="0.095289"/>
</kw>
<kw name="Set Variable" owner="BuiltIn">
<msg time="2024-04-20T07:12:09.460724" level="INFO">${json_data} = {'results': [{'gender': 'male', 'name': {'title': 'Mr', 'first': 'Benjamin', 'last': 'Wright'}, 'location': {'street': {'number': 6475, 'name': 'Ravensbourne Road'}, 'city': 'Nelson', 'state': 'Marlbo...</msg>
<var>${json_data}</var>
<arg>${response.json()}</arg>
<doc>Returns the given values which can then be assigned to a variables.</doc>
<status status="PASS" start="2024-04-20T07:12:09.460178" elapsed="0.000575"/>
</kw>
<kw name="Set Variable" owner="BuiltIn">
<msg time="2024-04-20T07:12:09.461432" level="INFO">${name_title} = Mr</msg>
<var>${name_title}</var>
<arg>${json_data["results"][0]["name"]["title"]}</arg>
<doc>Returns the given values which can then be assigned to a variables.</doc>
<status status="PASS" start="2024-04-20T07:12:09.461057" elapsed="0.000401"/>
</kw>
<kw name="Create List" owner="BuiltIn">
<msg time="2024-04-20T07:12:09.461895" level="INFO">${allowed_titles} = ['Mr', 'Ms', 'Miss', 'Mrs', 'Madame', 'Monsieur']</msg>
<var>${allowed_titles}</var>
<arg>Mr</arg>
<arg>Ms</arg>
<arg>Miss</arg>
<arg>Mrs</arg>
<arg>Madame</arg>
<arg>Monsieur</arg>
<doc>Returns a list containing given items.</doc>
<status status="PASS" start="2024-04-20T07:12:09.461749" elapsed="0.000170"/>
</kw>
<kw name="List Should Contain Value" owner="Collections">
<msg time="2024-04-20T07:12:09.462382" level="INFO">False</msg>
<arg>${allowed_titles}</arg>
<arg>${name_title}</arg>
<doc>Fails if the ``value`` is not found from ``list``.</doc>
<status status="PASS" start="2024-04-20T07:12:09.462214" elapsed="0.000203"/>
</kw>
<kw name="Set Variable" owner="BuiltIn">
<msg time="2024-04-20T07:12:09.463121" level="INFO">${name_country} = NZ</msg>
<var>${name_country}</var>
<arg>${json_data["results"][0]["nat"]}</arg>
<doc>Returns the given values which can then be assigned to a variables.</doc>
<status status="PASS" start="2024-04-20T07:12:09.462737" elapsed="0.000409"/>
</kw>
<kw name="Create List" owner="BuiltIn">
<msg time="2024-04-20T07:12:09.464046" level="INFO">${list_country} = ['AD', 'AE', 'AF', 'AG', 'AI', 'AL', 'AM', 'AO', 'AQ', 'AR', 'AS', 'AT', 'AU', 'AW', 'AX', 'AZ', 'BA', 'BB', 'BD', 'BE', 'BF', 'BG', 'BH', 'BI', 'BJ', 'BL', 'BM', 'BN', 'BO', 'BQ', 'BR', 'BS', 'BT', '...</msg>
<var>${list_country}</var>
<arg>AD</arg>
<arg>AE</arg>
<arg>AF</arg>
<arg>AG</arg>
<arg>AI</arg>
<arg>AL</arg>
<arg>AM</arg>
<arg>AO</arg>
<arg>AQ</arg>
<arg>AR</arg>
<arg>AS</arg>
<arg>AT</arg>
<arg>AU</arg>
<arg>AW</arg>
<arg>AX</arg>
<arg>AZ</arg>
<arg>BA</arg>
<arg>BB</arg>
<arg>BD</arg>
<arg>BE</arg>
<arg>BF</arg>
<arg>BG</arg>
<arg>BH</arg>
<arg>BI</arg>
<arg>BJ</arg>
<arg>BL</arg>
<arg>BM</arg>
<arg>BN</arg>
<arg>BO</arg>
<arg>BQ</arg>
<arg>BR</arg>
<arg>BS</arg>
<arg>BT</arg>
<arg>BV</arg>
<arg>BW</arg>
<arg>BY</arg>
<arg>BZ</arg>
<arg>CA</arg>
<arg>CC</arg>
<arg>CD</arg>
<arg>CF</arg>
<arg>CG</arg>
<arg>CH</arg>
<arg>CI</arg>
<arg>CK</arg>
<arg>CL</arg>
<arg>CM</arg>
<arg>CN</arg>
<arg>CO</arg>
<arg>CR</arg>
<arg>CU</arg>
<arg>CV</arg>
<arg>CW</arg>
<arg>CX</arg>
<arg>CY</arg>
<arg>CZ</arg>
<arg>DE</arg>
<arg>DJ</arg>
<arg>DK</arg>
<arg>DM</arg>
<arg>DO</arg>
<arg>DZ</arg>
<arg>EC</arg>
<arg>EE</arg>
<arg>EG</arg>
<arg>EH</arg>
<arg>ER</arg>
<arg>ES</arg>
<arg>ET</arg>
<arg>FI</arg>
<arg>FJ</arg>
<arg>FK</arg>
<arg>FM</arg>
<arg>FO</arg>
<arg>FR</arg>
<arg>GA</arg>
<arg>GB</arg>
<arg>GD</arg>
<arg>GE</arg>
<arg>GF</arg>
<arg>GG</arg>
<arg>GH</arg>
<arg>GI</arg>
<arg>GL</arg>
<arg>GM</arg>
<arg>GN</arg>
<arg>GP</arg>
<arg>GQ</arg>
<arg>GR</arg>
<arg>GS</arg>
<arg>GT</arg>
<arg>GU</arg>
<arg>GW</arg>
<arg>GY</arg>
<arg>HK</arg>
<arg>HM</arg>
<arg>HN</arg>
<arg>HR</arg>
<arg>HT</arg>
<arg>HU</arg>
<arg>ID</arg>
<arg>IE</arg>
<arg>IL</arg>
<arg>IM</arg>
<arg>IN</arg>
<arg>IO</arg>
<arg>IQ</arg>
<arg>IR</arg>
<arg>IS</arg>
<arg>IT</arg>
<arg>JE</arg>
<arg>JM</arg>
<arg>JO</arg>
<arg>JP</arg>
<arg>KE</arg>
<arg>KG</arg>
<arg>KH</arg>
<arg>KI</arg>
<arg>KM</arg>
<arg>KN</arg>
<arg>KP</arg>
<arg>KR</arg>
<arg>KW</arg>
<arg>KY</arg>
<arg>KZ</arg>
<arg>LA</arg>
<arg>LB</arg>
<arg>LC</arg>
<arg>LI</arg>
<arg>LK</arg>
<arg>LR</arg>
<arg>LS</arg>
<arg>LT</arg>
<arg>LU</arg>
<arg>LV</arg>
<arg>LY</arg>
<arg>MA</arg>
<arg>MC</arg>
<arg>MD</arg>
<arg>ME</arg>
<arg>MF</arg>
<arg>MG</arg>
<arg>MH</arg>
<arg>MK</arg>
<arg>ML</arg>
<arg>MM</arg>
<arg>MN</arg>
<arg>MO</arg>
<arg>MP</arg>
<arg>MQ</arg>
<arg>MR</arg>
<arg>MS</arg>
<arg>MT</arg>
<arg>MU</arg>
<arg>MV</arg>
<arg>MW</arg>
<arg>MX</arg>
<arg>MY</arg>
<arg>MZ</arg>
<arg>NA</arg>
<arg>NC</arg>
<arg>NE</arg>
<arg>NF</arg>
<arg>NG</arg>
<arg>NI</arg>
<arg>NL</arg>
<arg>NO</arg>
<arg>NP</arg>
<arg>NR</arg>
<arg>NU</arg>
<arg>NZ</arg>
<arg>OM</arg>
<arg>PA</arg>
<arg>PE</arg>
<arg>PF</arg>
<arg>PG</arg>
<arg>PH</arg>
<arg>PK</arg>
<arg>PL</arg>
<arg>PM</arg>
<arg>PN</arg>
<arg>PR</arg>
<arg>PS</arg>
<arg>PT</arg>
<arg>PW</arg>
<arg>PY</arg>
<arg>QA</arg>
<arg>RE</arg>
<arg>RO</arg>
<arg>RS</arg>
<arg>RU</arg>
<arg>RW</arg>
<arg>SA</arg>
<arg>SB</arg>
<arg>SC</arg>
<arg>SD</arg>
<arg>SE</arg>
<arg>SG</arg>
<arg>SH</arg>
<arg>SI</arg>
<arg>SJ</arg>
<arg>SK</arg>
<arg>SL</arg>
<arg>SM</arg>
<arg>SN</arg>
<arg>SO</arg>
<arg>SR</arg>
<arg>SS</arg>
<arg>ST</arg>
<arg>SV</arg>
<arg>SX</arg>
<arg>SY</arg>
<arg>SZ</arg>
<arg>TC</arg>
<arg>TD</arg>
<arg>TF</arg>
<arg>TG</arg>
<arg>TH</arg>
<arg>TJ</arg>
<arg>TK</arg>
<arg>TL</arg>
<arg>TM</arg>
<arg>TN</arg>
<arg>TO</arg>
<arg>TR</arg>
<arg>TT</arg>
<arg>TV</arg>
<arg>TW</arg>
<arg>TZ</arg>
<arg>UA</arg>
<arg>UG</arg>
<arg>UM</arg>
<arg>US</arg>
<arg>UY</arg>
<arg>UZ</arg>
<arg>VA</arg>
<arg>VC</arg>
<arg>VE</arg>
<arg>VG</arg>
<arg>VI</arg>
<arg>VN</arg>
<arg>VU</arg>
<arg>WF</arg>
<arg>WS</arg>
<arg>XK</arg>
<arg>YE</arg>
<arg>YT</arg>
<arg>ZA</arg>
<arg>ZM</arg>
<arg>ZW</arg>
<doc>Returns a list containing given items.</doc>
<status status="PASS" start="2024-04-20T07:12:09.463442" elapsed="0.000639"/>
</kw>
<kw name="List Should Contain Value" owner="Collections">
<msg time="2024-04-20T07:12:09.465061" level="INFO">False</msg>
<arg>${list_country}</arg>
<arg>${name_country}</arg>
<doc>Fails if the ``value`` is not found from ``list``.</doc>
<status status="PASS" start="2024-04-20T07:12:09.464865" elapsed="0.000231"/>
</kw>
<kw name="Run Keyword If" owner="BuiltIn">
<kw name="Should Be True" owner="BuiltIn">
<arg>${True}</arg>
<doc>Fails if the given condition is not true.</doc>
<status status="PASS" start="2024-04-20T07:12:09.466150" elapsed="0.000142"/>
</kw>
<arg>${json_data["results"][0]["location"]["coordinates"]["latitude"]} &gt;= -90 and ${json_data["results"][0]["location"]["coordinates"]["latitude"]} &lt;= 90</arg>
<arg>Should Be True</arg>
<arg>${True}</arg>
<doc>Runs the given keyword with the given arguments, if ``condition`` is true.</doc>
<status status="PASS" start="2024-04-20T07:12:09.465404" elapsed="0.001012"/>
</kw>
<kw name="Run Keyword If" owner="BuiltIn">
<kw name="Should Be True" owner="BuiltIn">
<arg>${True}</arg>
<doc>Fails if the given condition is not true.</doc>
<status status="PASS" start="2024-04-20T07:12:09.467322" elapsed="0.000239"/>
</kw>
<arg>${json_data["results"][0]["location"]["coordinates"]["longitude"]} &gt;= -180 and ${json_data["results"][0]["location"]["coordinates"]["longitude"]} &lt;= 180</arg>
<arg>Should Be True</arg>
<arg>${True}</arg>
<doc>Runs the given keyword with the given arguments, if ``condition`` is true.</doc>
<status status="PASS" start="2024-04-20T07:12:09.466600" elapsed="0.001088"/>
</kw>
<status status="PASS" start="2024-04-20T07:12:09.364204" elapsed="0.103613"/>
</kw>
<doc>Testa o conteúdo específico dos campos retornados pela API.</doc>
<tag>testeConteudo</tag>
<status status="PASS" start="2024-04-20T07:12:09.363705" elapsed="0.104256"/>
</test>
<status status="PASS" start="2024-04-20T07:12:08.552427" elapsed="0.917478"/>
</suite>
<status status="PASS" start="2024-04-20T07:12:08.538913" elapsed="0.936133"/>
</suite>
<statistics>
<total>
<stat pass="5" fail="0" skip="0">All Tests</stat>
</total>
<tag>
<stat pass="1" fail="0" skip="0">testeConteudo</stat>
<stat pass="1" fail="0" skip="0">testeEstruturaResposta</stat>
<stat pass="1" fail="0" skip="0">testeRequisicaoBasica</stat>
<stat pass="1" fail="0" skip="0">testeTiposDados</stat>
</tag>
<suite>
<stat pass="5" fail="0" skip="0" id="s1" name="Tests">Tests</stat>
<stat pass="5" fail="0" skip="0" id="s1-s1" name="Random-User-Test">Tests.Random-User-Test</stat>
</suite>
</statistics>
<errors>
</errors>
</robot>
