<?xml version="1.0" encoding="UTF-8"?>
<robot generator="Robot 7.0 (Python 3.12.2 on linux)" generated="2024-04-09T19:10:12.410353" rpa="false" schemaversion="5">
<suite id="s1" name="Tests" source="/home/runner/work/DesafioQAItauRogerioJordao/DesafioQAItauRogerioJordao/RamdonUser/tests">
<suite id="s1-s1" name="Random-User-Test" source="/home/runner/work/DesafioQAItauRogerioJordao/DesafioQAItauRogerioJordao/RamdonUser/tests/random-user-test.robot">
<test id="s1-s1-t1" name="Conectar" line="13">
<kw name="Conectar API" owner="random-user-service">
<kw name="Create Session" owner="RequestsLibrary">
<msg time="2024-04-09T19:10:12.779496" level="INFO">Creating Session using : alias=consultarAPI, url=https://randomuser.me/, headers={},                     cookies={}, auth=None, timeout=None, proxies=None, verify=False,                     debug=0 </msg>
<arg>consultarAPI</arg>
<arg>${URL}</arg>
<doc>Create Session: create a HTTP session to a server</doc>
<status status="PASS" start="2024-04-09T19:10:12.779205" elapsed="0.000559"/>
</kw>
<status status="PASS" start="2024-04-09T19:10:12.777450" elapsed="0.002837"/>
</kw>
<status status="PASS" start="2024-04-09T19:10:12.776632" elapsed="0.003973"/>
</test>
<test id="s1-s1-t2" name="Validar retorno 200 e JSON Válido" line="16">
<kw name="Teste de Requisicao Basica" owner="random-user-service">
<kw name="GET On Session" owner="RequestsLibrary">
<msg time="2024-04-09T19:10:13.034363" level="INFO">GET Request : url=https://randomuser.me/api 
 path_url=/api 
 headers={'User-Agent': 'python-requests/2.31.0', 'Accept-Encoding': 'gzip, deflate', 'Accept': '*/*', 'Connection': 'keep-alive'} 
 body=None 
 </msg>
<msg time="2024-04-09T19:10:13.034527" level="INFO">GET Response : url=https://randomuser.me/api 
 status=200, reason=OK 
 headers={'Date': 'Tue, 09 Apr 2024 19:10:13 GMT', 'Content-Type': 'application/json; charset=utf-8', 'Transfer-Encoding': 'chunked', 'Connection': 'keep-alive', 'X-Powered-By': 'Express', 'Access-Control-Allow-Origin': '*', 'Cache-Control': 'no-cache', 'ETag': 'W/"48a-fPiTc6n8AaeShEnsPbsX790Qy3A"', 'Vary': 'Accept-Encoding', 'Content-Encoding': 'gzip', 'CF-Cache-Status': 'DYNAMIC', 'Report-To': '{"endpoints":[{"url":"https:\\/\\/a.nel.cloudflare.com\\/report\\/v4?s=%2BELgNA0zv3MoIrHzKuD4qCmDG33nMLMKECdi%2FvmGh9WSiQ%2FNG18FK%2BNk2AFvDN9DSQOuWrdPUJp73oeDcmW1%2BQQ%2F7erjHoXooRwcctMhEQ5YqLsdWqHfcWZ3MfdX4xii"}],"group":"cf-nel","max_age":604800}', 'NEL': '{"success_fraction":0,"report_to":"cf-nel","max_age":604800}', 'Server': 'cloudflare', 'CF-RAY': '871ccbc2d8022093-IAD', 'alt-svc': 'h3=":443"; ma=86400'} 
 body={"results":[{"gender":"female","name":{"title":"Mrs","first":"Bobbie","last":"Garza"},"location":{"street":{"number":3502,"name":"Hamilton Ave"},"city":"Melbourne","state":"Tasmania","country":"Australia","postcode":5556,"coordinates":{"latitude":"-82.8625","longitude":"86.5939"},"timezone":{"offset":"+2:00","description":"Kaliningrad, South Africa"}},"email":"bobbie.garza@example.com","login":{"uuid":"1498559a-c87b-44c3-9b97-956783c9eca5","username":"heavymeercat385","password":"max123","salt":"FCUrXpuR","md5":"ee856034f1fe56721406be17fb4ffdb8","sha1":"382f86503df3882d718a694c73a76a55f8319b94","sha256":"27a3b8e75cdfb4d1c650a8af2d76c44756f73b161affe1f8813e30eb1b6693d4"},"dob":{"date":"1969-04-07T03:15:06.394Z","age":55},"registered":{"date":"2011-12-04T00:58:20.952Z","age":12},"phone":"02-7597-6386","cell":"0495-399-426","id":{"name":"TFN","value":"932362932"},"picture":{"large":"https://randomuser.me/api/portraits/women/52.jpg","medium":"https://randomuser.me/api/portraits/med/women/52.jpg","thumbnail":"https://randomuser.me/api/portraits/thumb/women/52.jpg"},"nat":"AU"}],"info":{"seed":"3fee78b4e9253e76","results":1,"page":1,"version":"1.4"}} 
 </msg>
<msg time="2024-04-09T19:10:13.034616" level="INFO">/opt/hostedtoolcache/Python/3.12.2/x64/lib/python3.12/site-packages/urllib3/connectionpool.py:1103: InsecureRequestWarning: Unverified HTTPS request is being made to host 'randomuser.me'. Adding certificate verification is strongly advised. See: https://urllib3.readthedocs.io/en/latest/advanced-usage.html#tls-warnings
  warnings.warn(</msg>
<msg time="2024-04-09T19:10:13.034763" level="INFO">${response} = &lt;Response [200]&gt;</msg>
<var>${response}</var>
<arg>consultarAPI</arg>
<arg>/api</arg>
<doc>Sends a GET request on a previously created HTTP Session.</doc>
<status status="PASS" start="2024-04-09T19:10:12.784942" elapsed="0.249866"/>
</kw>
<kw name="Should Be Equal As Numbers" owner="BuiltIn">
<msg time="2024-04-09T19:10:13.035879" level="INFO">Argument types are:
&lt;class 'int'&gt;
&lt;class 'str'&gt;</msg>
<arg>${response.status_code}</arg>
<arg>200</arg>
<doc>Fails if objects are unequal after converting them to real numbers.</doc>
<status status="PASS" start="2024-04-09T19:10:13.035390" elapsed="0.000559"/>
</kw>
<kw name="Log" owner="BuiltIn">
<msg time="2024-04-09T19:10:13.036721" level="INFO">200</msg>
<arg>${response.status_code}</arg>
<doc>Logs the given message with the given level.</doc>
<status status="PASS" start="2024-04-09T19:10:13.036330" elapsed="0.000437"/>
</kw>
<kw name="Set Variable" owner="BuiltIn">
<msg time="2024-04-09T19:10:13.037639" level="INFO">${json_data} = {'results': [{'gender': 'female', 'name': {'title': 'Mrs', 'first': 'Bobbie', 'last': 'Garza'}, 'location': {'street': {'number': 3502, 'name': 'Hamilton Ave'}, 'city': 'Melbourne', 'state': 'Tasmania...</msg>
<var>${json_data}</var>
<arg>${response.json()}</arg>
<doc>Returns the given values which can then be assigned to a variables.</doc>
<status status="PASS" start="2024-04-09T19:10:13.037154" elapsed="0.000513"/>
</kw>
<kw name="Dictionary Should Contain Key" owner="Collections">
<msg time="2024-04-09T19:10:13.038171" level="INFO">False</msg>
<arg>${json_data}</arg>
<arg>results</arg>
<doc>Fails if ``key`` is not found from ``dictionary``.</doc>
<status status="PASS" start="2024-04-09T19:10:13.037979" elapsed="0.000232"/>
</kw>
<status status="PASS" start="2024-04-09T19:10:12.784539" elapsed="0.253939"/>
</kw>
<doc>Testa se a API responde corretamente e retorna um objeto JSON válido.</doc>
<tag>testeRequisicaoBasica</tag>
<status status="PASS" start="2024-04-09T19:10:12.783815" elapsed="0.254858"/>
</test>
<test id="s1-s1-t3" name="Validar estrutura de resposta" line="22">
<kw name="Teste de Estrutura de Resposta" owner="random-user-service">
<kw name="GET On Session" owner="RequestsLibrary">
<msg time="2024-04-09T19:10:13.116843" level="INFO">GET Request : url=https://randomuser.me/api 
 path_url=/api 
 headers={'User-Agent': 'python-requests/2.31.0', 'Accept-Encoding': 'gzip, deflate', 'Accept': '*/*', 'Connection': 'keep-alive'} 
 body=None 
 </msg>
<msg time="2024-04-09T19:10:13.116960" level="INFO">GET Response : url=https://randomuser.me/api 
 status=200, reason=OK 
 headers={'Date': 'Tue, 09 Apr 2024 19:10:13 GMT', 'Content-Type': 'application/json; charset=utf-8', 'Transfer-Encoding': 'chunked', 'Connection': 'keep-alive', 'X-Powered-By': 'Express', 'Access-Control-Allow-Origin': '*', 'Cache-Control': 'no-cache', 'ETag': 'W/"4a6-hr+bEf3F1LB32BOez5OQ7+KGMmo"', 'Vary': 'Accept-Encoding', 'Content-Encoding': 'gzip', 'CF-Cache-Status': 'DYNAMIC', 'Report-To': '{"endpoints":[{"url":"https:\\/\\/a.nel.cloudflare.com\\/report\\/v4?s=e5xZkN1BJRCuvQZcN2oMu3yDRtfhCODsTCAWCwWzx%2FnZq7%2BSXVYUa1CDgP6Xna6FeBJKOZR6xJFqWu4QMbADmPnNp4qWKB2JnNSGxQn5eL4eUB14L%2F%2Fz10ukGDtMOv34"}],"group":"cf-nel","max_age":604800}', 'NEL': '{"success_fraction":0,"report_to":"cf-nel","max_age":604800}', 'Server': 'cloudflare', 'CF-RAY': '871ccbc388ba2093-IAD', 'alt-svc': 'h3=":443"; ma=86400'} 
 body={"results":[{"gender":"female","name":{"title":"Miss","first":"Rita","last":"Van der Honing"},"location":{"street":{"number":3099,"name":"Harm Smidswei"},"city":"Pannerden","state":"Limburg","country":"Netherlands","postcode":"9929 TD","coordinates":{"latitude":"36.1725","longitude":"121.2079"},"timezone":{"offset":"+9:00","description":"Tokyo, Seoul, Osaka, Sapporo, Yakutsk"}},"email":"rita.vanderhoning@example.com","login":{"uuid":"cc3e4aa7-e330-41f7-8eaa-064e6d360f74","username":"redbird457","password":"passwor","salt":"mnae7Cc6","md5":"5c9febf8de113119c93c130a355e1458","sha1":"b0821f03d94ceb9fc90ac711c59a84767babb918","sha256":"7c95d028101f9cecbff62ee7511704b33211a45277a17a2553cf10eee084391e"},"dob":{"date":"1959-03-16T17:49:04.458Z","age":65},"registered":{"date":"2019-12-12T09:57:21.858Z","age":4},"phone":"(0326) 040143","cell":"(06) 79356437","id":{"name":"BSN","value":"68168319"},"picture":{"large":"https://randomuser.me/api/portraits/women/38.jpg","medium":"https://randomuser.me/api/portraits/med/women/38.jpg","thumbnail":"https://randomuser.me/api/portraits/thumb/women/38.jpg"},"nat":"NL"}],"info":{"seed":"408cb35172a856fa","results":1,"page":1,"version":"1.4"}} 
 </msg>
<msg time="2024-04-09T19:10:13.117162" level="INFO">/opt/hostedtoolcache/Python/3.12.2/x64/lib/python3.12/site-packages/urllib3/connectionpool.py:1103: InsecureRequestWarning: Unverified HTTPS request is being made to host 'randomuser.me'. Adding certificate verification is strongly advised. See: https://urllib3.readthedocs.io/en/latest/advanced-usage.html#tls-warnings
  warnings.warn(</msg>
<msg time="2024-04-09T19:10:13.117312" level="INFO">${response} = &lt;Response [200]&gt;</msg>
<var>${response}</var>
<arg>consultarAPI</arg>
<arg>/api</arg>
<doc>Sends a GET request on a previously created HTTP Session.</doc>
<status status="PASS" start="2024-04-09T19:10:13.041507" elapsed="0.075845"/>
</kw>
<kw name="Set Variable" owner="BuiltIn">
<msg time="2024-04-09T19:10:13.118600" level="INFO">${json_data} = {'results': [{'gender': 'female', 'name': {'title': 'Miss', 'first': 'Rita', 'last': 'Van der Honing'}, 'location': {'street': {'number': 3099, 'name': 'Harm Smidswei'}, 'city': 'Pannerden', 'state': ...</msg>
<var>${json_data}</var>
<arg>${response.json()}</arg>
<doc>Returns the given values which can then be assigned to a variables.</doc>
<status status="PASS" start="2024-04-09T19:10:13.117987" elapsed="0.000642"/>
</kw>
<kw name="Log" owner="BuiltIn">
<msg time="2024-04-09T19:10:13.119104" level="INFO">{'results': [{'gender': 'female', 'name': {'title': 'Miss', 'first': 'Rita', 'last': 'Van der Honing'}, 'location': {'street': {'number': 3099, 'name': 'Harm Smidswei'}, 'city': 'Pannerden', 'state': 'Limburg', 'country': 'Netherlands', 'postcode': '9929 TD', 'coordinates': {'latitude': '36.1725', 'longitude': '121.2079'}, 'timezone': {'offset': '+9:00', 'description': 'Tokyo, Seoul, Osaka, Sapporo, Yakutsk'}}, 'email': 'rita.vanderhoning@example.com', 'login': {'uuid': 'cc3e4aa7-e330-41f7-8eaa-064e6d360f74', 'username': 'redbird457', 'password': 'passwor', 'salt': 'mnae7Cc6', 'md5': '5c9febf8de113119c93c130a355e1458', 'sha1': 'b0821f03d94ceb9fc90ac711c59a84767babb918', 'sha256': '7c95d028101f9cecbff62ee7511704b33211a45277a17a2553cf10eee084391e'}, 'dob': {'date': '1959-03-16T17:49:04.458Z', 'age': 65}, 'registered': {'date': '2019-12-12T09:57:21.858Z', 'age': 4}, 'phone': '(0326) 040143', 'cell': '(06) 79356437', 'id': {'name': 'BSN', 'value': '68168319'}, 'picture': {'large': 'https://randomuser.me/api/portraits/women/38.jpg', 'medium': 'https://randomuser.me/api/portraits/med/women/38.jpg', 'thumbnail': 'https://randomuser.me/api/portraits/thumb/women/38.jpg'}, 'nat': 'NL'}], 'info': {'seed': '408cb35172a856fa', 'results': 1, 'page': 1, 'version': '1.4'}}</msg>
<arg>${json_data}</arg>
<doc>Logs the given message with the given level.</doc>
<status status="PASS" start="2024-04-09T19:10:13.118943" elapsed="0.000220"/>
</kw>
<kw name="Dictionary Should Contain Key" owner="Collections">
<msg time="2024-04-09T19:10:13.119616" level="INFO">False</msg>
<arg>${json_data}</arg>
<arg>results</arg>
<doc>Fails if ``key`` is not found from ``dictionary``.</doc>
<status status="PASS" start="2024-04-09T19:10:13.119459" elapsed="0.000193"/>
</kw>
<kw name="Should Not Be Empty" owner="BuiltIn">
<msg time="2024-04-09T19:10:13.120081" level="INFO">Length is 2.</msg>
<arg>${json_data}</arg>
<doc>Verifies that the given item is not empty.</doc>
<status status="PASS" start="2024-04-09T19:10:13.119947" elapsed="0.000171"/>
</kw>
<kw name="Create List" owner="BuiltIn">
<msg time="2024-04-09T19:10:13.120560" level="INFO">${expected_keys} = ['gender', 'name', 'location', 'email', 'login']</msg>
<var>${expected_keys}</var>
<arg>gender</arg>
<arg>name</arg>
<arg>location</arg>
<arg>email</arg>
<arg>login</arg>
<doc>Returns a list containing given items.</doc>
<status status="PASS" start="2024-04-09T19:10:13.120412" elapsed="0.000173"/>
</kw>
<for flavor="IN">
<iter>
<kw name="Dictionary Should Contain Key" owner="Collections">
<msg time="2024-04-09T19:10:13.121641" level="INFO">False</msg>
<arg>${json_data['results'][0]}</arg>
<arg>${key}</arg>
<doc>Fails if ``key`` is not found from ``dictionary``.</doc>
<status status="PASS" start="2024-04-09T19:10:13.121219" elapsed="0.000461"/>
</kw>
<kw name="Log" owner="BuiltIn">
<msg time="2024-04-09T19:10:13.122357" level="INFO">{'gender': 'female', 'name': {'title': 'Miss', 'first': 'Rita', 'last': 'Van der Honing'}, 'location': {'street': {'number': 3099, 'name': 'Harm Smidswei'}, 'city': 'Pannerden', 'state': 'Limburg', 'country': 'Netherlands', 'postcode': '9929 TD', 'coordinates': {'latitude': '36.1725', 'longitude': '121.2079'}, 'timezone': {'offset': '+9:00', 'description': 'Tokyo, Seoul, Osaka, Sapporo, Yakutsk'}}, 'email': 'rita.vanderhoning@example.com', 'login': {'uuid': 'cc3e4aa7-e330-41f7-8eaa-064e6d360f74', 'username': 'redbird457', 'password': 'passwor', 'salt': 'mnae7Cc6', 'md5': '5c9febf8de113119c93c130a355e1458', 'sha1': 'b0821f03d94ceb9fc90ac711c59a84767babb918', 'sha256': '7c95d028101f9cecbff62ee7511704b33211a45277a17a2553cf10eee084391e'}, 'dob': {'date': '1959-03-16T17:49:04.458Z', 'age': 65}, 'registered': {'date': '2019-12-12T09:57:21.858Z', 'age': 4}, 'phone': '(0326) 040143', 'cell': '(06) 79356437', 'id': {'name': 'BSN', 'value': '68168319'}, 'picture': {'large': 'https://randomuser.me/api/portraits/women/38.jpg', 'medium': 'https://randomuser.me/api/portraits/med/women/38.jpg', 'thumbnail': 'https://randomuser.me/api/portraits/thumb/women/38.jpg'}, 'nat': 'NL'}</msg>
<arg>${json_data['results'][0]}</arg>
<doc>Logs the given message with the given level.</doc>
<status status="PASS" start="2024-04-09T19:10:13.121995" elapsed="0.000414"/>
</kw>
<kw name="Log" owner="BuiltIn">
<msg time="2024-04-09T19:10:13.122846" level="INFO">gender</msg>
<arg>${key}</arg>
<doc>Logs the given message with the given level.</doc>
<status status="PASS" start="2024-04-09T19:10:13.122715" elapsed="0.000169"/>
</kw>
<var name="${key}">gender</var>
<status status="PASS" start="2024-04-09T19:10:13.121038" elapsed="0.002077"/>
</iter>
<iter>
<kw name="Dictionary Should Contain Key" owner="Collections">
<msg time="2024-04-09T19:10:13.123806" level="INFO">False</msg>
<arg>${json_data['results'][0]}</arg>
<arg>${key}</arg>
<doc>Fails if ``key`` is not found from ``dictionary``.</doc>
<status status="PASS" start="2024-04-09T19:10:13.123418" elapsed="0.000425"/>
</kw>
<kw name="Log" owner="BuiltIn">
<msg time="2024-04-09T19:10:13.124529" level="INFO">{'gender': 'female', 'name': {'title': 'Miss', 'first': 'Rita', 'last': 'Van der Honing'}, 'location': {'street': {'number': 3099, 'name': 'Harm Smidswei'}, 'city': 'Pannerden', 'state': 'Limburg', 'country': 'Netherlands', 'postcode': '9929 TD', 'coordinates': {'latitude': '36.1725', 'longitude': '121.2079'}, 'timezone': {'offset': '+9:00', 'description': 'Tokyo, Seoul, Osaka, Sapporo, Yakutsk'}}, 'email': 'rita.vanderhoning@example.com', 'login': {'uuid': 'cc3e4aa7-e330-41f7-8eaa-064e6d360f74', 'username': 'redbird457', 'password': 'passwor', 'salt': 'mnae7Cc6', 'md5': '5c9febf8de113119c93c130a355e1458', 'sha1': 'b0821f03d94ceb9fc90ac711c59a84767babb918', 'sha256': '7c95d028101f9cecbff62ee7511704b33211a45277a17a2553cf10eee084391e'}, 'dob': {'date': '1959-03-16T17:49:04.458Z', 'age': 65}, 'registered': {'date': '2019-12-12T09:57:21.858Z', 'age': 4}, 'phone': '(0326) 040143', 'cell': '(06) 79356437', 'id': {'name': 'BSN', 'value': '68168319'}, 'picture': {'large': 'https://randomuser.me/api/portraits/women/38.jpg', 'medium': 'https://randomuser.me/api/portraits/med/women/38.jpg', 'thumbnail': 'https://randomuser.me/api/portraits/thumb/women/38.jpg'}, 'nat': 'NL'}</msg>
<arg>${json_data['results'][0]}</arg>
<doc>Logs the given message with the given level.</doc>
<status status="PASS" start="2024-04-09T19:10:13.124172" elapsed="0.000405"/>
</kw>
<kw name="Log" owner="BuiltIn">
<msg time="2024-04-09T19:10:13.125004" level="INFO">name</msg>
<arg>${key}</arg>
<doc>Logs the given message with the given level.</doc>
<status status="PASS" start="2024-04-09T19:10:13.124877" elapsed="0.000164"/>
</kw>
<var name="${key}">name</var>
<status status="PASS" start="2024-04-09T19:10:13.123303" elapsed="0.001991"/>
</iter>
<iter>
<kw name="Dictionary Should Contain Key" owner="Collections">
<msg time="2024-04-09T19:10:13.125962" level="INFO">False</msg>
<arg>${json_data['results'][0]}</arg>
<arg>${key}</arg>
<doc>Fails if ``key`` is not found from ``dictionary``.</doc>
<status status="PASS" start="2024-04-09T19:10:13.125588" elapsed="0.000412"/>
</kw>
<kw name="Log" owner="BuiltIn">
<msg time="2024-04-09T19:10:13.126660" level="INFO">{'gender': 'female', 'name': {'title': 'Miss', 'first': 'Rita', 'last': 'Van der Honing'}, 'location': {'street': {'number': 3099, 'name': 'Harm Smidswei'}, 'city': 'Pannerden', 'state': 'Limburg', 'country': 'Netherlands', 'postcode': '9929 TD', 'coordinates': {'latitude': '36.1725', 'longitude': '121.2079'}, 'timezone': {'offset': '+9:00', 'description': 'Tokyo, Seoul, Osaka, Sapporo, Yakutsk'}}, 'email': 'rita.vanderhoning@example.com', 'login': {'uuid': 'cc3e4aa7-e330-41f7-8eaa-064e6d360f74', 'username': 'redbird457', 'password': 'passwor', 'salt': 'mnae7Cc6', 'md5': '5c9febf8de113119c93c130a355e1458', 'sha1': 'b0821f03d94ceb9fc90ac711c59a84767babb918', 'sha256': '7c95d028101f9cecbff62ee7511704b33211a45277a17a2553cf10eee084391e'}, 'dob': {'date': '1959-03-16T17:49:04.458Z', 'age': 65}, 'registered': {'date': '2019-12-12T09:57:21.858Z', 'age': 4}, 'phone': '(0326) 040143', 'cell': '(06) 79356437', 'id': {'name': 'BSN', 'value': '68168319'}, 'picture': {'large': 'https://randomuser.me/api/portraits/women/38.jpg', 'medium': 'https://randomuser.me/api/portraits/med/women/38.jpg', 'thumbnail': 'https://randomuser.me/api/portraits/thumb/women/38.jpg'}, 'nat': 'NL'}</msg>
<arg>${json_data['results'][0]}</arg>
<doc>Logs the given message with the given level.</doc>
<status status="PASS" start="2024-04-09T19:10:13.126301" elapsed="0.000411"/>
</kw>
<kw name="Log" owner="BuiltIn">
<msg time="2024-04-09T19:10:13.127142" level="INFO">location</msg>
<arg>${key}</arg>
<doc>Logs the given message with the given level.</doc>
<status status="PASS" start="2024-04-09T19:10:13.127014" elapsed="0.000167"/>
</kw>
<var name="${key}">location</var>
<status status="PASS" start="2024-04-09T19:10:13.125475" elapsed="0.001922"/>
</iter>
<iter>
<kw name="Dictionary Should Contain Key" owner="Collections">
<msg time="2024-04-09T19:10:13.128057" level="INFO">False</msg>
<arg>${json_data['results'][0]}</arg>
<arg>${key}</arg>
<doc>Fails if ``key`` is not found from ``dictionary``.</doc>
<status status="PASS" start="2024-04-09T19:10:13.127682" elapsed="0.000412"/>
</kw>
<kw name="Log" owner="BuiltIn">
<msg time="2024-04-09T19:10:13.128753" level="INFO">{'gender': 'female', 'name': {'title': 'Miss', 'first': 'Rita', 'last': 'Van der Honing'}, 'location': {'street': {'number': 3099, 'name': 'Harm Smidswei'}, 'city': 'Pannerden', 'state': 'Limburg', 'country': 'Netherlands', 'postcode': '9929 TD', 'coordinates': {'latitude': '36.1725', 'longitude': '121.2079'}, 'timezone': {'offset': '+9:00', 'description': 'Tokyo, Seoul, Osaka, Sapporo, Yakutsk'}}, 'email': 'rita.vanderhoning@example.com', 'login': {'uuid': 'cc3e4aa7-e330-41f7-8eaa-064e6d360f74', 'username': 'redbird457', 'password': 'passwor', 'salt': 'mnae7Cc6', 'md5': '5c9febf8de113119c93c130a355e1458', 'sha1': 'b0821f03d94ceb9fc90ac711c59a84767babb918', 'sha256': '7c95d028101f9cecbff62ee7511704b33211a45277a17a2553cf10eee084391e'}, 'dob': {'date': '1959-03-16T17:49:04.458Z', 'age': 65}, 'registered': {'date': '2019-12-12T09:57:21.858Z', 'age': 4}, 'phone': '(0326) 040143', 'cell': '(06) 79356437', 'id': {'name': 'BSN', 'value': '68168319'}, 'picture': {'large': 'https://randomuser.me/api/portraits/women/38.jpg', 'medium': 'https://randomuser.me/api/portraits/med/women/38.jpg', 'thumbnail': 'https://randomuser.me/api/portraits/thumb/women/38.jpg'}, 'nat': 'NL'}</msg>
<arg>${json_data['results'][0]}</arg>
<doc>Logs the given message with the given level.</doc>
<status status="PASS" start="2024-04-09T19:10:13.128391" elapsed="0.000409"/>
</kw>
<kw name="Log" owner="BuiltIn">
<msg time="2024-04-09T19:10:13.129280" level="INFO">email</msg>
<arg>${key}</arg>
<doc>Logs the given message with the given level.</doc>
<status status="PASS" start="2024-04-09T19:10:13.129126" elapsed="0.000193"/>
</kw>
<var name="${key}">email</var>
<status status="PASS" start="2024-04-09T19:10:13.127571" elapsed="0.001965"/>
</iter>
<iter>
<kw name="Dictionary Should Contain Key" owner="Collections">
<msg time="2024-04-09T19:10:13.130207" level="INFO">False</msg>
<arg>${json_data['results'][0]}</arg>
<arg>${key}</arg>
<doc>Fails if ``key`` is not found from ``dictionary``.</doc>
<status status="PASS" start="2024-04-09T19:10:13.129823" elapsed="0.000421"/>
</kw>
<kw name="Log" owner="BuiltIn">
<msg time="2024-04-09T19:10:13.130905" level="INFO">{'gender': 'female', 'name': {'title': 'Miss', 'first': 'Rita', 'last': 'Van der Honing'}, 'location': {'street': {'number': 3099, 'name': 'Harm Smidswei'}, 'city': 'Pannerden', 'state': 'Limburg', 'country': 'Netherlands', 'postcode': '9929 TD', 'coordinates': {'latitude': '36.1725', 'longitude': '121.2079'}, 'timezone': {'offset': '+9:00', 'description': 'Tokyo, Seoul, Osaka, Sapporo, Yakutsk'}}, 'email': 'rita.vanderhoning@example.com', 'login': {'uuid': 'cc3e4aa7-e330-41f7-8eaa-064e6d360f74', 'username': 'redbird457', 'password': 'passwor', 'salt': 'mnae7Cc6', 'md5': '5c9febf8de113119c93c130a355e1458', 'sha1': 'b0821f03d94ceb9fc90ac711c59a84767babb918', 'sha256': '7c95d028101f9cecbff62ee7511704b33211a45277a17a2553cf10eee084391e'}, 'dob': {'date': '1959-03-16T17:49:04.458Z', 'age': 65}, 'registered': {'date': '2019-12-12T09:57:21.858Z', 'age': 4}, 'phone': '(0326) 040143', 'cell': '(06) 79356437', 'id': {'name': 'BSN', 'value': '68168319'}, 'picture': {'large': 'https://randomuser.me/api/portraits/women/38.jpg', 'medium': 'https://randomuser.me/api/portraits/med/women/38.jpg', 'thumbnail': 'https://randomuser.me/api/portraits/thumb/women/38.jpg'}, 'nat': 'NL'}</msg>
<arg>${json_data['results'][0]}</arg>
<doc>Logs the given message with the given level.</doc>
<status status="PASS" start="2024-04-09T19:10:13.130540" elapsed="0.000411"/>
</kw>
<kw name="Log" owner="BuiltIn">
<msg time="2024-04-09T19:10:13.131372" level="INFO">login</msg>
<arg>${key}</arg>
<doc>Logs the given message with the given level.</doc>
<status status="PASS" start="2024-04-09T19:10:13.131244" elapsed="0.000200"/>
</kw>
<var name="${key}">login</var>
<status status="PASS" start="2024-04-09T19:10:13.129711" elapsed="0.001957"/>
</iter>
<var>${key}</var>
<value>@{expected_keys}</value>
<status status="PASS" start="2024-04-09T19:10:13.120846" elapsed="0.010944"/>
</for>
<kw name="Create List" owner="BuiltIn">
<msg time="2024-04-09T19:10:13.132121" level="INFO">${expected_keysTwo} = ['username', 'password']</msg>
<var>${expected_keysTwo}</var>
<arg>username</arg>
<arg>password</arg>
<doc>Returns a list containing given items.</doc>
<status status="PASS" start="2024-04-09T19:10:13.131985" elapsed="0.000160"/>
</kw>
<for flavor="IN">
<iter>
<kw name="Dictionary Should Contain Key" owner="Collections">
<msg time="2024-04-09T19:10:13.133174" level="INFO">False</msg>
<arg>${json_data['results'][0]['login']}</arg>
<arg>${keyTwo}</arg>
<doc>Fails if ``key`` is not found from ``dictionary``.</doc>
<status status="PASS" start="2024-04-09T19:10:13.132756" elapsed="0.000457"/>
</kw>
<kw name="Dictionary Should Contain Key" owner="Collections">
<msg time="2024-04-09T19:10:13.133898" level="INFO">False</msg>
<arg>${json_data['results'][0]['login']}</arg>
<arg>${keyTwo}</arg>
<doc>Fails if ``key`` is not found from ``dictionary``.</doc>
<status status="PASS" start="2024-04-09T19:10:13.133521" elapsed="0.000414"/>
</kw>
<kw name="Log" owner="BuiltIn">
<msg time="2024-04-09T19:10:13.134359" level="INFO">username</msg>
<arg>${keyTwo}</arg>
<doc>Logs the given message with the given level.</doc>
<status status="PASS" start="2024-04-09T19:10:13.134232" elapsed="0.000164"/>
</kw>
<var name="${keyTwo}">username</var>
<status status="PASS" start="2024-04-09T19:10:13.132643" elapsed="0.001970"/>
</iter>
<iter>
<kw name="Dictionary Should Contain Key" owner="Collections">
<msg time="2024-04-09T19:10:13.135274" level="INFO">False</msg>
<arg>${json_data['results'][0]['login']}</arg>
<arg>${keyTwo}</arg>
<doc>Fails if ``key`` is not found from ``dictionary``.</doc>
<status status="PASS" start="2024-04-09T19:10:13.134898" elapsed="0.000414"/>
</kw>
<kw name="Dictionary Should Contain Key" owner="Collections">
<msg time="2024-04-09T19:10:13.135984" level="INFO">False</msg>
<arg>${json_data['results'][0]['login']}</arg>
<arg>${keyTwo}</arg>
<doc>Fails if ``key`` is not found from ``dictionary``.</doc>
<status status="PASS" start="2024-04-09T19:10:13.135602" elapsed="0.000418"/>
</kw>
<kw name="Log" owner="BuiltIn">
<msg time="2024-04-09T19:10:13.136436" level="INFO">password</msg>
<arg>${keyTwo}</arg>
<doc>Logs the given message with the given level.</doc>
<status status="PASS" start="2024-04-09T19:10:13.136311" elapsed="0.000163"/>
</kw>
<var name="${keyTwo}">password</var>
<status status="PASS" start="2024-04-09T19:10:13.134788" elapsed="0.001900"/>
</iter>
<var>${keyTwo}</var>
<value>@{expected_keysTwo}</value>
<status status="PASS" start="2024-04-09T19:10:13.132381" elapsed="0.004429"/>
</for>
<status status="PASS" start="2024-04-09T19:10:13.041265" elapsed="0.095696"/>
</kw>
<doc>Testa a estrutura da resposta da API.</doc>
<tag>testeEstruturaResposta</tag>
<status status="PASS" start="2024-04-09T19:10:13.040544" elapsed="0.096603"/>
</test>
<test id="s1-s1-t4" name="Validar tipos de dados" line="28">
<kw name="Teste de Tipos de Dados" owner="random-user-service">
<kw name="GET On Session" owner="RequestsLibrary">
<msg time="2024-04-09T19:10:13.224567" level="INFO">GET Request : url=https://randomuser.me/api 
 path_url=/api 
 headers={'User-Agent': 'python-requests/2.31.0', 'Accept-Encoding': 'gzip, deflate', 'Accept': '*/*', 'Connection': 'keep-alive'} 
 body=None 
 </msg>
<msg time="2024-04-09T19:10:13.224666" level="INFO">GET Response : url=https://randomuser.me/api 
 status=200, reason=OK 
 headers={'Date': 'Tue, 09 Apr 2024 19:10:13 GMT', 'Content-Type': 'application/json; charset=utf-8', 'Transfer-Encoding': 'chunked', 'Connection': 'keep-alive', 'X-Powered-By': 'Express', 'Access-Control-Allow-Origin': '*', 'Cache-Control': 'no-cache', 'ETag': 'W/"4ba-Nu9t93kYspQjSB7DXgOwbuzvFCY"', 'Vary': 'Accept-Encoding', 'Content-Encoding': 'gzip', 'CF-Cache-Status': 'DYNAMIC', 'Report-To': '{"endpoints":[{"url":"https:\\/\\/a.nel.cloudflare.com\\/report\\/v4?s=RLM0VofjA8dELDIJTHDCNl81OFckkLG6hZjWC2LT6idezqDY0IgP4IPif40ip7P%2BkYPgpv3en5B7n0WX5%2FPHavUWYuqMjsXheBeP0k660XkIhlIlcsPVvFEMm%2FSlyGOD"}],"group":"cf-nel","max_age":604800}', 'NEL': '{"success_fraction":0,"report_to":"cf-nel","max_age":604800}', 'Server': 'cloudflare', 'CF-RAY': '871ccbc429872093-IAD', 'alt-svc': 'h3=":443"; ma=86400'} 
 body={"results":[{"gender":"female","name":{"title":"Mademoiselle","first":"Lise","last":"Gonzalez"},"location":{"street":{"number":1219,"name":"Rue de L'Abbé-Soulange-Bodin"},"city":"Croglio","state":"Zürich","country":"Switzerland","postcode":3537,"coordinates":{"latitude":"-57.5408","longitude":"98.8414"},"timezone":{"offset":"+9:00","description":"Tokyo, Seoul, Osaka, Sapporo, Yakutsk"}},"email":"lise.gonzalez@example.com","login":{"uuid":"968e193f-61ed-4377-ab19-61ac964294f6","username":"organicgoose172","password":"angelus","salt":"f6ZmCBzS","md5":"54a6a7768b532e018ba9c4182ccae9b6","sha1":"df756a900d3fa98224a6139d6355633b1289f2a4","sha256":"d409a75710617cfc2e5631de75071ef9fd9605801c8b1ad5bf0adb0cfa904d8e"},"dob":{"date":"1983-01-04T21:22:51.617Z","age":41},"registered":{"date":"2018-07-23T21:13:27.696Z","age":5},"phone":"075 529 46 30","cell":"075 518 53 43","id":{"name":"AVS","value":"756.4581.5083.00"},"picture":{"large":"https://randomuser.me/api/portraits/women/54.jpg","medium":"https://randomuser.me/api/portraits/med/women/54.jpg","thumbnail":"https://randomuser.me/api/portraits/thumb/women/54.jpg"},"nat":"CH"}],"info":{"seed":"23c97b4ac9ead186","results":1,"page":1,"version":"1.4"}} 
 </msg>
<msg time="2024-04-09T19:10:13.224741" level="INFO">/opt/hostedtoolcache/Python/3.12.2/x64/lib/python3.12/site-packages/urllib3/connectionpool.py:1103: InsecureRequestWarning: Unverified HTTPS request is being made to host 'randomuser.me'. Adding certificate verification is strongly advised. See: https://urllib3.readthedocs.io/en/latest/advanced-usage.html#tls-warnings
  warnings.warn(</msg>
<msg time="2024-04-09T19:10:13.224866" level="INFO">${response} = &lt;Response [200]&gt;</msg>
<var>${response}</var>
<arg>consultarAPI</arg>
<arg>/api</arg>
<doc>Sends a GET request on a previously created HTTP Session.</doc>
<status status="PASS" start="2024-04-09T19:10:13.139707" elapsed="0.085200"/>
</kw>
<kw name="Set Variable" owner="BuiltIn">
<msg time="2024-04-09T19:10:13.226160" level="INFO">${json_data} = {'results': [{'gender': 'female', 'name': {'title': 'Mademoiselle', 'first': 'Lise', 'last': 'Gonzalez'}, 'location': {'street': {'number': 1219, 'name': "Rue de L'Abbé-Soulange-Bodin"}, 'city': 'Crog...</msg>
<var>${json_data}</var>
<arg>${response.json()}</arg>
<doc>Returns the given values which can then be assigned to a variables.</doc>
<status status="PASS" start="2024-04-09T19:10:13.225589" elapsed="0.000604"/>
</kw>
<kw name="Log" owner="BuiltIn">
<msg time="2024-04-09T19:10:13.226674" level="INFO">{'results': [{'gender': 'female', 'name': {'title': 'Mademoiselle', 'first': 'Lise', 'last': 'Gonzalez'}, 'location': {'street': {'number': 1219, 'name': "Rue de L'Abbé-Soulange-Bodin"}, 'city': 'Croglio', 'state': 'Zürich', 'country': 'Switzerland', 'postcode': 3537, 'coordinates': {'latitude': '-57.5408', 'longitude': '98.8414'}, 'timezone': {'offset': '+9:00', 'description': 'Tokyo, Seoul, Osaka, Sapporo, Yakutsk'}}, 'email': 'lise.gonzalez@example.com', 'login': {'uuid': '968e193f-61ed-4377-ab19-61ac964294f6', 'username': 'organicgoose172', 'password': 'angelus', 'salt': 'f6ZmCBzS', 'md5': '54a6a7768b532e018ba9c4182ccae9b6', 'sha1': 'df756a900d3fa98224a6139d6355633b1289f2a4', 'sha256': 'd409a75710617cfc2e5631de75071ef9fd9605801c8b1ad5bf0adb0cfa904d8e'}, 'dob': {'date': '1983-01-04T21:22:51.617Z', 'age': 41}, 'registered': {'date': '2018-07-23T21:13:27.696Z', 'age': 5}, 'phone': '075 529 46 30', 'cell': '075 518 53 43', 'id': {'name': 'AVS', 'value': '756.4581.5083.00'}, 'picture': {'large': 'https://randomuser.me/api/portraits/women/54.jpg', 'medium': 'https://randomuser.me/api/portraits/med/women/54.jpg', 'thumbnail': 'https://randomuser.me/api/portraits/thumb/women/54.jpg'}, 'nat': 'CH'}], 'info': {'seed': '23c97b4ac9ead186', 'results': 1, 'page': 1, 'version': '1.4'}}</msg>
<arg>${json_data}</arg>
<doc>Logs the given message with the given level.</doc>
<status status="PASS" start="2024-04-09T19:10:13.226509" elapsed="0.000254"/>
</kw>
<kw name="Should Be String" owner="String">
<arg>${json_data['results'][0]['gender']}</arg>
<doc>Fails if the given ``item`` is not a string.</doc>
<status status="PASS" start="2024-04-09T19:10:13.227071" elapsed="0.000423"/>
</kw>
<kw name="Should Match Regexp" owner="BuiltIn">
<arg>${json_data['results'][0]['email']}</arg>
<arg>^[a-zA-Z0-9._%+-]+@[a-zA-Z0-9.-]+\.[a-zA-Z]{2,}$</arg>
<doc>Fails if ``string`` does not match ``pattern`` as a regular expression.</doc>
<status status="PASS" start="2024-04-09T19:10:13.227690" elapsed="0.000516"/>
</kw>
<kw name="Should Match Regexp" owner="BuiltIn">
<arg>${json_data['results'][0]['dob']['date']}</arg>
<arg>\\d{4}-\\d{2}-\\d{2}T\\d{2}:\\d{2}:\\d{2}\\.\\d{3}Z</arg>
<doc>Fails if ``string`` does not match ``pattern`` as a regular expression.</doc>
<status status="PASS" start="2024-04-09T19:10:13.228403" elapsed="0.000489"/>
</kw>
<kw name="Should Match Regexp" owner="BuiltIn">
<arg>${json_data['results'][0]['registered']['date']}</arg>
<arg>\\d{4}-\\d{2}-\\d{2}T\\d{2}:\\d{2}:\\d{2}\\.\\d{3}Z</arg>
<doc>Fails if ``string`` does not match ``pattern`` as a regular expression.</doc>
<status status="PASS" start="2024-04-09T19:10:13.229122" elapsed="0.000432"/>
</kw>
<kw name="Should Match Regexp" owner="BuiltIn">
<arg>${json_data['results'][0]['picture']['large']}</arg>
<arg>^https?://.*\.(?:png|jpe?g|gif|bmp)$</arg>
<doc>Fails if ``string`` does not match ``pattern`` as a regular expression.</doc>
<status status="PASS" start="2024-04-09T19:10:13.229764" elapsed="0.000471"/>
</kw>
<kw name="Should Match Regexp" owner="BuiltIn">
<arg>${json_data['results'][0]['picture']['medium']}</arg>
<arg>^https?://.*\.(?:png|jpe?g|gif|bmp)$</arg>
<doc>Fails if ``string`` does not match ``pattern`` as a regular expression.</doc>
<status status="PASS" start="2024-04-09T19:10:13.230427" elapsed="0.000361"/>
</kw>
<kw name="Should Match Regexp" owner="BuiltIn">
<arg>${json_data['results'][0]['picture']['thumbnail']}</arg>
<arg>^https?://.*\.(?:png|jpe?g|gif|bmp)$</arg>
<doc>Fails if ``string`` does not match ``pattern`` as a regular expression.</doc>
<status status="PASS" start="2024-04-09T19:10:13.230973" elapsed="0.000380"/>
</kw>
<kw name="Log" owner="BuiltIn">
<msg time="2024-04-09T19:10:13.231884" level="INFO">{'large': 'https://randomuser.me/api/portraits/women/54.jpg', 'medium': 'https://randomuser.me/api/portraits/med/women/54.jpg', 'thumbnail': 'https://randomuser.me/api/portraits/thumb/women/54.jpg'}</msg>
<arg>${json_data['results'][0]['picture']}</arg>
<doc>Logs the given message with the given level.</doc>
<status status="PASS" start="2024-04-09T19:10:13.231537" elapsed="0.000389"/>
</kw>
<status status="PASS" start="2024-04-09T19:10:13.139467" elapsed="0.092719"/>
</kw>
<kw name="Teste de Tipos de Dados - Postcode" owner="random-user-service">
<kw name="GET On Session" owner="RequestsLibrary">
<msg time="2024-04-09T19:10:13.372896" level="INFO">GET Request : url=https://randomuser.me/api 
 path_url=/api 
 headers={'User-Agent': 'python-requests/2.31.0', 'Accept-Encoding': 'gzip, deflate', 'Accept': '*/*', 'Connection': 'keep-alive'} 
 body=None 
 </msg>
<msg time="2024-04-09T19:10:13.372995" level="INFO">GET Response : url=https://randomuser.me/api 
 status=200, reason=OK 
 headers={'Date': 'Tue, 09 Apr 2024 19:10:13 GMT', 'Content-Type': 'application/json; charset=utf-8', 'Transfer-Encoding': 'chunked', 'Connection': 'keep-alive', 'X-Powered-By': 'Express', 'Access-Control-Allow-Origin': '*', 'Cache-Control': 'no-cache', 'ETag': 'W/"485-x3i02noONctPohwIvUzvKvew0wA"', 'Vary': 'Accept-Encoding', 'Content-Encoding': 'gzip', 'CF-Cache-Status': 'DYNAMIC', 'Report-To': '{"endpoints":[{"url":"https:\\/\\/a.nel.cloudflare.com\\/report\\/v4?s=5vUAdRk%2F4e%2FpUYE%2BFfH1o%2FPRLz5uMh9ovT%2BEW852HGjqwo2UERvBRQNds0Dqa7Br34oBETqQ3sjO0caY5QUoHTg5ci20oP8fn0eCaOJ0jic0ErbCLrDEN9FinxBE3qVt"}],"group":"cf-nel","max_age":604800}', 'NEL': '{"success_fraction":0,"report_to":"cf-nel","max_age":604800}', 'Server': 'cloudflare', 'CF-RAY': '871ccbc4ba372093-IAD', 'alt-svc': 'h3=":443"; ma=86400'} 
 body={"results":[{"gender":"male","name":{"title":"Mr","first":"دانیال","last":"نجاتی"},"location":{"street":{"number":3640,"name":"میدان امام حسین"},"city":"یزد","state":"گیلان","country":"Iran","postcode":10434,"coordinates":{"latitude":"18.4920","longitude":"-125.6137"},"timezone":{"offset":"+2:00","description":"Kaliningrad, South Africa"}},"email":"dnyl.njty@example.com","login":{"uuid":"5b85aff0-7071-4ec4-ade2-29c58e3de1e8","username":"tinydog250","password":"stick","salt":"CbBf3Vpz","md5":"e40d6c19a2de08cd3cf8d07d6e6dfe36","sha1":"69cea6ead46a8f0479f5c9faccb5540890f8a38c","sha256":"a5dbb44bd0c82767c0fff97643a2b81f6095cf74be26c09c344bba53395cb5b7"},"dob":{"date":"1978-06-13T12:11:58.157Z","age":45},"registered":{"date":"2018-02-04T10:31:39.773Z","age":6},"phone":"058-28908562","cell":"0992-117-4554","id":{"name":"","value":null},"picture":{"large":"https://randomuser.me/api/portraits/men/36.jpg","medium":"https://randomuser.me/api/portraits/med/men/36.jpg","thumbnail":"https://randomuser.me/api/portraits/thumb/men/36.jpg"},"nat":"IR"}],"info":{"seed":"7d26057335737537","results":1,"page":1,"version":"1.4"}} 
 </msg>
<msg time="2024-04-09T19:10:13.373123" level="INFO">/opt/hostedtoolcache/Python/3.12.2/x64/lib/python3.12/site-packages/urllib3/connectionpool.py:1103: InsecureRequestWarning: Unverified HTTPS request is being made to host 'randomuser.me'. Adding certificate verification is strongly advised. See: https://urllib3.readthedocs.io/en/latest/advanced-usage.html#tls-warnings
  warnings.warn(</msg>
<msg time="2024-04-09T19:10:13.373252" level="INFO">${response} = &lt;Response [200]&gt;</msg>
<var>${response}</var>
<arg>consultarAPI</arg>
<arg>/api</arg>
<doc>Sends a GET request on a previously created HTTP Session.</doc>
<status status="PASS" start="2024-04-09T19:10:13.232665" elapsed="0.140626"/>
</kw>
<kw name="Set Variable" owner="BuiltIn">
<msg time="2024-04-09T19:10:13.374535" level="INFO">${json_data} = {'results': [{'gender': 'male', 'name': {'title': 'Mr', 'first': 'دانیال', 'last': 'نجاتی'}, 'location': {'street': {'number': 3640, 'name': 'میدان امام حسین'}, 'city': 'یزد', 'state': 'گیلان', 'count...</msg>
<var>${json_data}</var>
<arg>${response.json()}</arg>
<doc>Returns the given values which can then be assigned to a variables.</doc>
<status status="PASS" start="2024-04-09T19:10:13.373963" elapsed="0.000603"/>
</kw>
<kw name="Log" owner="BuiltIn">
<msg time="2024-04-09T19:10:13.375044" level="INFO">{'results': [{'gender': 'male', 'name': {'title': 'Mr', 'first': 'دانیال', 'last': 'نجاتی'}, 'location': {'street': {'number': 3640, 'name': 'میدان امام حسین'}, 'city': 'یزد', 'state': 'گیلان', 'country': 'Iran', 'postcode': 10434, 'coordinates': {'latitude': '18.4920', 'longitude': '-125.6137'}, 'timezone': {'offset': '+2:00', 'description': 'Kaliningrad, South Africa'}}, 'email': 'dnyl.njty@example.com', 'login': {'uuid': '5b85aff0-7071-4ec4-ade2-29c58e3de1e8', 'username': 'tinydog250', 'password': 'stick', 'salt': 'CbBf3Vpz', 'md5': 'e40d6c19a2de08cd3cf8d07d6e6dfe36', 'sha1': '69cea6ead46a8f0479f5c9faccb5540890f8a38c', 'sha256': 'a5dbb44bd0c82767c0fff97643a2b81f6095cf74be26c09c344bba53395cb5b7'}, 'dob': {'date': '1978-06-13T12:11:58.157Z', 'age': 45}, 'registered': {'date': '2018-02-04T10:31:39.773Z', 'age': 6}, 'phone': '058-28908562', 'cell': '0992-117-4554', 'id': {'name': '', 'value': None}, 'picture': {'large': 'https://randomuser.me/api/portraits/men/36.jpg', 'medium': 'https://randomuser.me/api/portraits/med/men/36.jpg', 'thumbnail': 'https://randomuser.me/api/portraits/thumb/men/36.jpg'}, 'nat': 'IR'}], 'info': {'seed': '7d26057335737537', 'results': 1, 'page': 1, 'version': '1.4'}}</msg>
<arg>${json_data}</arg>
<doc>Logs the given message with the given level.</doc>
<status status="PASS" start="2024-04-09T19:10:13.374877" elapsed="0.000252"/>
</kw>
<kw name="Should Be Equal As Numbers" owner="BuiltIn">
<arg>${json_data['results'][0]['location']['postcode']}</arg>
<arg>${json_data['results'][0]['location']['postcode']}</arg>
<doc>Fails if objects are unequal after converting them to real numbers.</doc>
<status status="PASS" start="2024-04-09T19:10:13.375432" elapsed="0.000625"/>
</kw>
<kw name="Log" owner="BuiltIn">
<msg time="2024-04-09T19:10:13.376604" level="INFO">10434</msg>
<arg>${json_data['results'][0]['location']['postcode']}</arg>
<doc>Logs the given message with the given level.</doc>
<status status="PASS" start="2024-04-09T19:10:13.376260" elapsed="0.000384"/>
</kw>
<status status="PASS" start="2024-04-09T19:10:13.232422" elapsed="0.144476"/>
</kw>
<doc>Testa se os tipos de dados na resposta da API estão corretos.</doc>
<tag>testeTiposDados</tag>
<status status="PASS" start="2024-04-09T19:10:13.138898" elapsed="0.238176"/>
</test>
<test id="s1-s1-t5" name="Validar conteudo" line="35">
<kw name="Teste de Tipos de Conteudo" owner="random-user-service">
<kw name="GET On Session" owner="RequestsLibrary">
<msg time="2024-04-09T19:10:13.728408" level="INFO">GET Request : url=https://randomuser.me/api 
 path_url=/api 
 headers={'User-Agent': 'python-requests/2.31.0', 'Accept-Encoding': 'gzip, deflate', 'Accept': '*/*', 'Connection': 'keep-alive'} 
 body=None 
 </msg>
<msg time="2024-04-09T19:10:13.728507" level="INFO">GET Response : url=https://randomuser.me/api 
 status=200, reason=OK 
 headers={'Date': 'Tue, 09 Apr 2024 19:10:13 GMT', 'Content-Type': 'application/json; charset=utf-8', 'Transfer-Encoding': 'chunked', 'Connection': 'keep-alive', 'X-Powered-By': 'Express', 'Access-Control-Allow-Origin': '*', 'Cache-Control': 'no-cache', 'ETag': 'W/"475-/Z9cOxMCFX19SFW9GOq2wAGNwMY"', 'Vary': 'Accept-Encoding', 'Content-Encoding': 'gzip', 'CF-Cache-Status': 'DYNAMIC', 'Report-To': '{"endpoints":[{"url":"https:\\/\\/a.nel.cloudflare.com\\/report\\/v4?s=rDp7bJ4lqamn1rre3uas8DvfEuVBGBT%2B9SCjzONigO5xJvQACIqmY1P8EfL9yuqHWLUU1zwq4zlns4MWwxGwREM09BpRZAu6sRF84FOplJtZJFsf4KTlLxphNc53fjYh"}],"group":"cf-nel","max_age":604800}', 'NEL': '{"success_fraction":0,"report_to":"cf-nel","max_age":604800}', 'Server': 'cloudflare', 'CF-RAY': '871ccbc5ab4c2093-IAD', 'alt-svc': 'h3=":443"; ma=86400'} 
 body={"results":[{"gender":"male","name":{"title":"Mr","first":"Simon","last":"Jørgensen"},"location":{"street":{"number":5996,"name":"Møllevænget"},"city":"Fredeikssund","state":"Danmark","country":"Denmark","postcode":49513,"coordinates":{"latitude":"-40.5298","longitude":"-150.2516"},"timezone":{"offset":"-9:00","description":"Alaska"}},"email":"simon.jorgensen@example.com","login":{"uuid":"d5198317-aafa-4444-b298-d6286d74807b","username":"organicleopard867","password":"bennie","salt":"QO0MsqpE","md5":"82423a7741f3894a0ec725f3c1f54bba","sha1":"8b509e39677a6a026d686625375939371687f8dc","sha256":"f9c3fc170d74f15338961b157b1e54352dc46e9808dbe3433b836232d792114f"},"dob":{"date":"1966-11-04T20:28:00.352Z","age":57},"registered":{"date":"2005-08-04T03:17:50.636Z","age":18},"phone":"48425047","cell":"06275175","id":{"name":"CPR","value":"041166-7246"},"picture":{"large":"https://randomuser.me/api/portraits/men/53.jpg","medium":"https://randomuser.me/api/portraits/med/men/53.jpg","thumbnail":"https://randomuser.me/api/portraits/thumb/men/53.jpg"},"nat":"DK"}],"info":{"seed":"47e2f8dfc230c4be","results":1,"page":1,"version":"1.4"}} 
 </msg>
<msg time="2024-04-09T19:10:13.728581" level="INFO">/opt/hostedtoolcache/Python/3.12.2/x64/lib/python3.12/site-packages/urllib3/connectionpool.py:1103: InsecureRequestWarning: Unverified HTTPS request is being made to host 'randomuser.me'. Adding certificate verification is strongly advised. See: https://urllib3.readthedocs.io/en/latest/advanced-usage.html#tls-warnings
  warnings.warn(</msg>
<msg time="2024-04-09T19:10:13.728700" level="INFO">${response} = &lt;Response [200]&gt;</msg>
<var>${response}</var>
<arg>consultarAPI</arg>
<arg>/api</arg>
<doc>Sends a GET request on a previously created HTTP Session.</doc>
<status status="PASS" start="2024-04-09T19:10:13.379647" elapsed="0.349090"/>
</kw>
<kw name="Set Variable" owner="BuiltIn">
<msg time="2024-04-09T19:10:13.729828" level="INFO">${json_data} = {'results': [{'gender': 'male', 'name': {'title': 'Mr', 'first': 'Simon', 'last': 'Jørgensen'}, 'location': {'street': {'number': 5996, 'name': 'Møllevænget'}, 'city': 'Fredeikssund', 'state': 'Danmar...</msg>
<var>${json_data}</var>
<arg>${response.json()}</arg>
<doc>Returns the given values which can then be assigned to a variables.</doc>
<status status="PASS" start="2024-04-09T19:10:13.729298" elapsed="0.000558"/>
</kw>
<kw name="Set Variable" owner="BuiltIn">
<msg time="2024-04-09T19:10:13.730546" level="INFO">${name_title} = Mr</msg>
<var>${name_title}</var>
<arg>${json_data["results"][0]["name"]["title"]}</arg>
<doc>Returns the given values which can then be assigned to a variables.</doc>
<status status="PASS" start="2024-04-09T19:10:13.730164" elapsed="0.000407"/>
</kw>
<kw name="Create List" owner="BuiltIn">
<msg time="2024-04-09T19:10:13.731019" level="INFO">${allowed_titles} = ['Mr', 'Ms', 'Miss', 'Mrs', 'Madame', 'Monsieur']</msg>
<var>${allowed_titles}</var>
<arg>Mr</arg>
<arg>Ms</arg>
<arg>Miss</arg>
<arg>Mrs</arg>
<arg>Madame</arg>
<arg>Monsieur</arg>
<doc>Returns a list containing given items.</doc>
<status status="PASS" start="2024-04-09T19:10:13.730870" elapsed="0.000173"/>
</kw>
<kw name="List Should Contain Value" owner="Collections">
<msg time="2024-04-09T19:10:13.731527" level="INFO">False</msg>
<arg>${allowed_titles}</arg>
<arg>${name_title}</arg>
<doc>Fails if the ``value`` is not found from ``list``.</doc>
<status status="PASS" start="2024-04-09T19:10:13.731343" elapsed="0.000220"/>
</kw>
<kw name="Set Variable" owner="BuiltIn">
<msg time="2024-04-09T19:10:13.732232" level="INFO">${name_country} = DK</msg>
<var>${name_country}</var>
<arg>${json_data["results"][0]["nat"]}</arg>
<doc>Returns the given values which can then be assigned to a variables.</doc>
<status status="PASS" start="2024-04-09T19:10:13.731857" elapsed="0.000399"/>
</kw>
<kw name="Create List" owner="BuiltIn">
<msg time="2024-04-09T19:10:13.733186" level="INFO">${list_country} = ['AD', 'AE', 'AF', 'AG', 'AI', 'AL', 'AM', 'AO', 'AQ', 'AR', 'AS', 'AT', 'AU', 'AW', 'AX', 'AZ', 'BA', 'BB', 'BD', 'BE', 'BF', 'BG', 'BH', 'BI', 'BJ', 'BL', 'BM', 'BN', 'BO', 'BQ', 'BR', 'BS', 'BT', '...</msg>
<var>${list_country}</var>
<arg>AD</arg>
<arg>AE</arg>
<arg>AF</arg>
<arg>AG</arg>
<arg>AI</arg>
<arg>AL</arg>
<arg>AM</arg>
<arg>AO</arg>
<arg>AQ</arg>
<arg>AR</arg>
<arg>AS</arg>
<arg>AT</arg>
<arg>AU</arg>
<arg>AW</arg>
<arg>AX</arg>
<arg>AZ</arg>
<arg>BA</arg>
<arg>BB</arg>
<arg>BD</arg>
<arg>BE</arg>
<arg>BF</arg>
<arg>BG</arg>
<arg>BH</arg>
<arg>BI</arg>
<arg>BJ</arg>
<arg>BL</arg>
<arg>BM</arg>
<arg>BN</arg>
<arg>BO</arg>
<arg>BQ</arg>
<arg>BR</arg>
<arg>BS</arg>
<arg>BT</arg>
<arg>BV</arg>
<arg>BW</arg>
<arg>BY</arg>
<arg>BZ</arg>
<arg>CA</arg>
<arg>CC</arg>
<arg>CD</arg>
<arg>CF</arg>
<arg>CG</arg>
<arg>CH</arg>
<arg>CI</arg>
<arg>CK</arg>
<arg>CL</arg>
<arg>CM</arg>
<arg>CN</arg>
<arg>CO</arg>
<arg>CR</arg>
<arg>CU</arg>
<arg>CV</arg>
<arg>CW</arg>
<arg>CX</arg>
<arg>CY</arg>
<arg>CZ</arg>
<arg>DE</arg>
<arg>DJ</arg>
<arg>DK</arg>
<arg>DM</arg>
<arg>DO</arg>
<arg>DZ</arg>
<arg>EC</arg>
<arg>EE</arg>
<arg>EG</arg>
<arg>EH</arg>
<arg>ER</arg>
<arg>ES</arg>
<arg>ET</arg>
<arg>FI</arg>
<arg>FJ</arg>
<arg>FK</arg>
<arg>FM</arg>
<arg>FO</arg>
<arg>FR</arg>
<arg>GA</arg>
<arg>GB</arg>
<arg>GD</arg>
<arg>GE</arg>
<arg>GF</arg>
<arg>GG</arg>
<arg>GH</arg>
<arg>GI</arg>
<arg>GL</arg>
<arg>GM</arg>
<arg>GN</arg>
<arg>GP</arg>
<arg>GQ</arg>
<arg>GR</arg>
<arg>GS</arg>
<arg>GT</arg>
<arg>GU</arg>
<arg>GW</arg>
<arg>GY</arg>
<arg>HK</arg>
<arg>HM</arg>
<arg>HN</arg>
<arg>HR</arg>
<arg>HT</arg>
<arg>HU</arg>
<arg>ID</arg>
<arg>IE</arg>
<arg>IL</arg>
<arg>IM</arg>
<arg>IN</arg>
<arg>IO</arg>
<arg>IQ</arg>
<arg>IR</arg>
<arg>IS</arg>
<arg>IT</arg>
<arg>JE</arg>
<arg>JM</arg>
<arg>JO</arg>
<arg>JP</arg>
<arg>KE</arg>
<arg>KG</arg>
<arg>KH</arg>
<arg>KI</arg>
<arg>KM</arg>
<arg>KN</arg>
<arg>KP</arg>
<arg>KR</arg>
<arg>KW</arg>
<arg>KY</arg>
<arg>KZ</arg>
<arg>LA</arg>
<arg>LB</arg>
<arg>LC</arg>
<arg>LI</arg>
<arg>LK</arg>
<arg>LR</arg>
<arg>LS</arg>
<arg>LT</arg>
<arg>LU</arg>
<arg>LV</arg>
<arg>LY</arg>
<arg>MA</arg>
<arg>MC</arg>
<arg>MD</arg>
<arg>ME</arg>
<arg>MF</arg>
<arg>MG</arg>
<arg>MH</arg>
<arg>MK</arg>
<arg>ML</arg>
<arg>MM</arg>
<arg>MN</arg>
<arg>MO</arg>
<arg>MP</arg>
<arg>MQ</arg>
<arg>MR</arg>
<arg>MS</arg>
<arg>MT</arg>
<arg>MU</arg>
<arg>MV</arg>
<arg>MW</arg>
<arg>MX</arg>
<arg>MY</arg>
<arg>MZ</arg>
<arg>NA</arg>
<arg>NC</arg>
<arg>NE</arg>
<arg>NF</arg>
<arg>NG</arg>
<arg>NI</arg>
<arg>NL</arg>
<arg>NO</arg>
<arg>NP</arg>
<arg>NR</arg>
<arg>NU</arg>
<arg>NZ</arg>
<arg>OM</arg>
<arg>PA</arg>
<arg>PE</arg>
<arg>PF</arg>
<arg>PG</arg>
<arg>PH</arg>
<arg>PK</arg>
<arg>PL</arg>
<arg>PM</arg>
<arg>PN</arg>
<arg>PR</arg>
<arg>PS</arg>
<arg>PT</arg>
<arg>PW</arg>
<arg>PY</arg>
<arg>QA</arg>
<arg>RE</arg>
<arg>RO</arg>
<arg>RS</arg>
<arg>RU</arg>
<arg>RW</arg>
<arg>SA</arg>
<arg>SB</arg>
<arg>SC</arg>
<arg>SD</arg>
<arg>SE</arg>
<arg>SG</arg>
<arg>SH</arg>
<arg>SI</arg>
<arg>SJ</arg>
<arg>SK</arg>
<arg>SL</arg>
<arg>SM</arg>
<arg>SN</arg>
<arg>SO</arg>
<arg>SR</arg>
<arg>SS</arg>
<arg>ST</arg>
<arg>SV</arg>
<arg>SX</arg>
<arg>SY</arg>
<arg>SZ</arg>
<arg>TC</arg>
<arg>TD</arg>
<arg>TF</arg>
<arg>TG</arg>
<arg>TH</arg>
<arg>TJ</arg>
<arg>TK</arg>
<arg>TL</arg>
<arg>TM</arg>
<arg>TN</arg>
<arg>TO</arg>
<arg>TR</arg>
<arg>TT</arg>
<arg>TV</arg>
<arg>TW</arg>
<arg>TZ</arg>
<arg>UA</arg>
<arg>UG</arg>
<arg>UM</arg>
<arg>US</arg>
<arg>UY</arg>
<arg>UZ</arg>
<arg>VA</arg>
<arg>VC</arg>
<arg>VE</arg>
<arg>VG</arg>
<arg>VI</arg>
<arg>VN</arg>
<arg>VU</arg>
<arg>WF</arg>
<arg>WS</arg>
<arg>XK</arg>
<arg>YE</arg>
<arg>YT</arg>
<arg>ZA</arg>
<arg>ZM</arg>
<arg>ZW</arg>
<doc>Returns a list containing given items.</doc>
<status status="PASS" start="2024-04-09T19:10:13.732558" elapsed="0.000654"/>
</kw>
<kw name="List Should Contain Value" owner="Collections">
<msg time="2024-04-09T19:10:13.734280" level="INFO">False</msg>
<arg>${list_country}</arg>
<arg>${name_country}</arg>
<doc>Fails if the ``value`` is not found from ``list``.</doc>
<status status="PASS" start="2024-04-09T19:10:13.734074" elapsed="0.000244"/>
</kw>
<kw name="Run Keyword If" owner="BuiltIn">
<kw name="Should Be True" owner="BuiltIn">
<arg>${True}</arg>
<doc>Fails if the given condition is not true.</doc>
<status status="PASS" start="2024-04-09T19:10:13.735545" elapsed="0.000147"/>
</kw>
<arg>${json_data["results"][0]["location"]["coordinates"]["latitude"]} &gt;= -90 and ${json_data["results"][0]["location"]["coordinates"]["latitude"]} &lt;= 90</arg>
<arg>Should Be True</arg>
<arg>${True}</arg>
<doc>Runs the given keyword with the given arguments, if ``condition`` is true.</doc>
<status status="PASS" start="2024-04-09T19:10:13.734631" elapsed="0.001191"/>
</kw>
<kw name="Run Keyword If" owner="BuiltIn">
<kw name="Should Be True" owner="BuiltIn">
<arg>${True}</arg>
<doc>Fails if the given condition is not true.</doc>
<status status="PASS" start="2024-04-09T19:10:13.736709" elapsed="0.000139"/>
</kw>
<arg>${json_data["results"][0]["location"]["coordinates"]["longitude"]} &gt;= -180 and ${json_data["results"][0]["location"]["coordinates"]["longitude"]} &lt;= 180</arg>
<arg>Should Be True</arg>
<arg>${True}</arg>
<doc>Runs the given keyword with the given arguments, if ``condition`` is true.</doc>
<status status="PASS" start="2024-04-09T19:10:13.736008" elapsed="0.000963"/>
</kw>
<status status="PASS" start="2024-04-09T19:10:13.379418" elapsed="0.357720"/>
</kw>
<doc>Testa o conteúdo específico dos campos retornados pela API.</doc>
<tag>testeConteudo</tag>
<status status="PASS" start="2024-04-09T19:10:13.378852" elapsed="0.358467"/>
</test>
<status status="PASS" start="2024-04-09T19:10:12.463019" elapsed="1.276203"/>
</suite>
<status status="PASS" start="2024-04-09T19:10:12.449177" elapsed="1.295384"/>
</suite>
<statistics>
<total>
<stat pass="5" fail="0" skip="0">All Tests</stat>
</total>
<tag>
<stat pass="1" fail="0" skip="0">testeConteudo</stat>
<stat pass="1" fail="0" skip="0">testeEstruturaResposta</stat>
<stat pass="1" fail="0" skip="0">testeRequisicaoBasica</stat>
<stat pass="1" fail="0" skip="0">testeTiposDados</stat>
</tag>
<suite>
<stat pass="5" fail="0" skip="0" id="s1" name="Tests">Tests</stat>
<stat pass="5" fail="0" skip="0" id="s1-s1" name="Random-User-Test">Tests.Random-User-Test</stat>
</suite>
</statistics>
<errors>
</errors>
</robot>
