<?xml version="1.0" encoding="UTF-8"?>
<robot generator="Robot 7.0.1 (Python 3.12.4 on linux)" generated="2024-07-05T20:16:44.255359" rpa="false" schemaversion="5">
<suite id="s1" name="Tests" source="/home/runner/work/ApiRandomUser/ApiRandomUser/RamdonUser/tests">
<suite id="s1-s1" name="Random-User-Test" source="/home/runner/work/ApiRandomUser/ApiRandomUser/RamdonUser/tests/random-user-test.robot">
<test id="s1-s1-t1" name="Conectar" line="13">
<kw name="Conectar API" owner="random-user-service">
<kw name="Create Session" owner="RequestsLibrary">
<msg time="2024-07-05T20:16:44.713537" level="INFO">Creating Session using : alias=consultarAPI, url=https://randomuser.me/, headers={},                     cookies={}, auth=None, timeout=None, proxies=None, verify=False,                     debug=0 </msg>
<arg>consultarAPI</arg>
<arg>${URL}</arg>
<doc>Create Session: create a HTTP session to a server</doc>
<status status="PASS" start="2024-07-05T20:16:44.713289" elapsed="0.000475"/>
</kw>
<status status="PASS" start="2024-07-05T20:16:44.712203" elapsed="0.002038"/>
</kw>
<status status="PASS" start="2024-07-05T20:16:44.711482" elapsed="0.002966"/>
</test>
<test id="s1-s1-t2" name="Validar retorno 200 e JSON Válido" line="16">
<kw name="Teste de Requisicao Basica" owner="random-user-service">
<kw name="GET On Session" owner="RequestsLibrary">
<msg time="2024-07-05T20:16:44.908875" level="INFO">GET Request : url=https://randomuser.me/api 
 path_url=/api 
 headers={'User-Agent': 'python-requests/2.32.3', 'Accept-Encoding': 'gzip, deflate', 'Accept': '*/*', 'Connection': 'keep-alive'} 
 body=None 
 </msg>
<msg time="2024-07-05T20:16:44.909057" level="INFO">GET Response : url=https://randomuser.me/api 
 status=200, reason=OK 
 headers={'Date': 'Fri, 05 Jul 2024 20:16:44 GMT', 'Content-Type': 'application/json; charset=utf-8', 'Transfer-Encoding': 'chunked', 'Connection': 'keep-alive', 'X-Powered-By': 'Express', 'Access-Control-Allow-Origin': '*', 'Cache-Control': 'no-cache', 'ETag': 'W/"492-qU3ob/sZuKNEickKnnqHE0dzJjI"', 'Vary': 'Accept-Encoding', 'Content-Encoding': 'gzip', 'CF-Cache-Status': 'DYNAMIC', 'Report-To': '{"endpoints":[{"url":"https:\\/\\/a.nel.cloudflare.com\\/report\\/v4?s=9Qj%2FbfYWXzOh%2BWf31lIFJ0iTfGqAcmdNHYoolhEqDuwSIgZf9VI%2Bo4SrdtU%2B3C3ugsYU4Ba7sb38x1L4r4Z%2FAGBSef9Fv4x97n2fX1HCJKfLi2%2BUR56%2F4hAsYxbCxL1o"}],"group":"cf-nel","max_age":604800}', 'NEL': '{"success_fraction":0,"report_to":"cf-nel","max_age":604800}', 'Server': 'cloudflare', 'CF-RAY': '89ea08d7ded07bb5-LAX', 'alt-svc': 'h3=":443"; ma=86400'} 
 body={"results":[{"gender":"male","name":{"title":"Mr","first":"Austin","last":"Williams"},"location":{"street":{"number":9143,"name":"Symonds Street"},"city":"Auckland","state":"Taranaki","country":"New Zealand","postcode":19288,"coordinates":{"latitude":"49.8224","longitude":"-92.4165"},"timezone":{"offset":"-4:00","description":"Atlantic Time (Canada), Caracas, La Paz"}},"email":"austin.williams@example.com","login":{"uuid":"2e4ed0b1-74b8-41a3-b345-266a9f5a1147","username":"crazyfrog261","password":"cherries","salt":"BrRHhNoS","md5":"4ee8a4034392c22349de1cbcaa86035b","sha1":"0a5732dec32ea7049e925fada12399ab05e3bd16","sha256":"e5a1d6c091130bdf5807d240b567eb7cc1062df4ac3369bbcda637cb4ea7b817"},"dob":{"date":"1968-10-01T14:00:40.768Z","age":55},"registered":{"date":"2010-04-14T04:14:28.600Z","age":14},"phone":"(593)-610-2491","cell":"(610)-470-8628","id":{"name":"","value":null},"picture":{"large":"https://randomuser.me/api/portraits/men/63.jpg","medium":"https://randomuser.me/api/portraits/med/men/63.jpg","thumbnail":"https://randomuser.me/api/portraits/thumb/men/63.jpg"},"nat":"NZ"}],"info":{"seed":"04b4210c6b5f8253","results":1,"page":1,"version":"1.4"}} 
 </msg>
<msg time="2024-07-05T20:16:44.909151" level="INFO">/opt/hostedtoolcache/Python/3.12.4/x64/lib/python3.12/site-packages/urllib3/connectionpool.py:1099: InsecureRequestWarning: Unverified HTTPS request is being made to host 'randomuser.me'. Adding certificate verification is strongly advised. See: https://urllib3.readthedocs.io/en/latest/advanced-usage.html#tls-warnings
  warnings.warn(</msg>
<msg time="2024-07-05T20:16:44.909306" level="INFO">${response} = &lt;Response [200]&gt;</msg>
<var>${response}</var>
<arg>consultarAPI</arg>
<arg>/api</arg>
<doc>Sends a GET request on a previously created HTTP Session.</doc>
<status status="PASS" start="2024-07-05T20:16:44.717254" elapsed="0.192095"/>
</kw>
<kw name="Should Be Equal As Numbers" owner="BuiltIn">
<msg time="2024-07-05T20:16:44.910552" level="INFO">Argument types are:
&lt;class 'int'&gt;
&lt;class 'str'&gt;</msg>
<arg>${response.status_code}</arg>
<arg>200</arg>
<doc>Fails if objects are unequal after converting them to real numbers.</doc>
<status status="PASS" start="2024-07-05T20:16:44.910048" elapsed="0.000577"/>
</kw>
<kw name="Log" owner="BuiltIn">
<msg time="2024-07-05T20:16:44.911349" level="INFO">200</msg>
<arg>${response.status_code}</arg>
<doc>Logs the given message with the given level.</doc>
<status status="PASS" start="2024-07-05T20:16:44.910983" elapsed="0.000411"/>
</kw>
<kw name="Set Variable" owner="BuiltIn">
<msg time="2024-07-05T20:16:44.912171" level="INFO">${json_data} = {'results': [{'gender': 'male', 'name': {'title': 'Mr', 'first': 'Austin', 'last': 'Williams'}, 'location': {'street': {'number': 9143, 'name': 'Symonds Street'}, 'city': 'Auckland', 'state': 'Taranak...</msg>
<var>${json_data}</var>
<arg>${response.json()}</arg>
<doc>Returns the given values which can then be assigned to a variables.</doc>
<status status="PASS" start="2024-07-05T20:16:44.911713" elapsed="0.000501"/>
</kw>
<kw name="Dictionary Should Contain Key" owner="Collections">
<arg>${json_data}</arg>
<arg>results</arg>
<doc>Fails if ``key`` is not found from ``dictionary``.</doc>
<status status="PASS" start="2024-07-05T20:16:44.912520" elapsed="0.000175"/>
</kw>
<status status="PASS" start="2024-07-05T20:16:44.716981" elapsed="0.195878"/>
</kw>
<doc>Testa se a API responde corretamente e retorna um objeto JSON válido.</doc>
<tag>testeRequisicaoBasica</tag>
<status status="PASS" start="2024-07-05T20:16:44.716379" elapsed="0.196672"/>
</test>
<test id="s1-s1-t3" name="Validar estrutura de resposta" line="22">
<kw name="Teste de Estrutura de Resposta" owner="random-user-service">
<kw name="GET On Session" owner="RequestsLibrary">
<msg time="2024-07-05T20:16:45.013343" level="INFO">GET Request : url=https://randomuser.me/api 
 path_url=/api 
 headers={'User-Agent': 'python-requests/2.32.3', 'Accept-Encoding': 'gzip, deflate', 'Accept': '*/*', 'Connection': 'keep-alive'} 
 body=None 
 </msg>
<msg time="2024-07-05T20:16:45.013472" level="INFO">GET Response : url=https://randomuser.me/api 
 status=200, reason=OK 
 headers={'Date': 'Fri, 05 Jul 2024 20:16:45 GMT', 'Content-Type': 'application/json; charset=utf-8', 'Transfer-Encoding': 'chunked', 'Connection': 'keep-alive', 'X-Powered-By': 'Express', 'Access-Control-Allow-Origin': '*', 'Cache-Control': 'no-cache', 'ETag': 'W/"490-iP4GqA5ecZGwsZxD6JoUYQEYaw8"', 'Vary': 'Accept-Encoding', 'Content-Encoding': 'gzip', 'CF-Cache-Status': 'DYNAMIC', 'Report-To': '{"endpoints":[{"url":"https:\\/\\/a.nel.cloudflare.com\\/report\\/v4?s=CAbdPni7cORHiDfhuSR7bfUGiehLOOcMoueabHRku0x0hq74ypHIkH2AKhLZD%2BwJJCxBC5U6Zk7Fv6QEoqgxE3gq4Ayls56OQzFvSGQfJHNrlW2wxphrJkMup4%2BlqbFQ"}],"group":"cf-nel","max_age":604800}', 'NEL': '{"success_fraction":0,"report_to":"cf-nel","max_age":604800}', 'Server': 'cloudflare', 'CF-RAY': '89ea08d8cf927bb5-LAX', 'alt-svc': 'h3=":443"; ma=86400'} 
 body={"results":[{"gender":"female","name":{"title":"Mrs","first":"Rosie","last":"Moore"},"location":{"street":{"number":6884,"name":"Highfield Road"},"city":"Dundee","state":"Dorset","country":"United Kingdom","postcode":"CS4 7WH","coordinates":{"latitude":"-4.6786","longitude":"68.5308"},"timezone":{"offset":"+7:00","description":"Bangkok, Hanoi, Jakarta"}},"email":"rosie.moore@example.com","login":{"uuid":"c97cb444-b9d2-467b-8d81-780a433f5b10","username":"bigladybug566","password":"ladybug","salt":"J3kABSUZ","md5":"f854e5c3363d80aaff598e491eb7c3ee","sha1":"76912bcbdf3ed0b3dbd2e505eff2e4478ce5f151","sha256":"060e90bc4869d8ae04874cc13780fb42cd0fd9d19c1cd11f67bfa517e3b21d6e"},"dob":{"date":"1946-03-29T19:43:06.981Z","age":78},"registered":{"date":"2015-07-30T07:11:00.057Z","age":8},"phone":"0101 626 8014","cell":"07424 614146","id":{"name":"NINO","value":"JZ 93 42 10 P"},"picture":{"large":"https://randomuser.me/api/portraits/women/28.jpg","medium":"https://randomuser.me/api/portraits/med/women/28.jpg","thumbnail":"https://randomuser.me/api/portraits/thumb/women/28.jpg"},"nat":"GB"}],"info":{"seed":"05666420476cd7b4","results":1,"page":1,"version":"1.4"}} 
 </msg>
<msg time="2024-07-05T20:16:45.013639" level="INFO">/opt/hostedtoolcache/Python/3.12.4/x64/lib/python3.12/site-packages/urllib3/connectionpool.py:1099: InsecureRequestWarning: Unverified HTTPS request is being made to host 'randomuser.me'. Adding certificate verification is strongly advised. See: https://urllib3.readthedocs.io/en/latest/advanced-usage.html#tls-warnings
  warnings.warn(</msg>
<msg time="2024-07-05T20:16:45.013823" level="INFO">${response} = &lt;Response [200]&gt;</msg>
<var>${response}</var>
<arg>consultarAPI</arg>
<arg>/api</arg>
<doc>Sends a GET request on a previously created HTTP Session.</doc>
<status status="PASS" start="2024-07-05T20:16:44.915991" elapsed="0.097881"/>
</kw>
<kw name="Set Variable" owner="BuiltIn">
<msg time="2024-07-05T20:16:45.015093" level="INFO">${json_data} = {'results': [{'gender': 'female', 'name': {'title': 'Mrs', 'first': 'Rosie', 'last': 'Moore'}, 'location': {'street': {'number': 6884, 'name': 'Highfield Road'}, 'city': 'Dundee', 'state': 'Dorset', '...</msg>
<var>${json_data}</var>
<arg>${response.json()}</arg>
<doc>Returns the given values which can then be assigned to a variables.</doc>
<status status="PASS" start="2024-07-05T20:16:45.014474" elapsed="0.000651"/>
</kw>
<kw name="Log" owner="BuiltIn">
<msg time="2024-07-05T20:16:45.015690" level="INFO">{'results': [{'gender': 'female', 'name': {'title': 'Mrs', 'first': 'Rosie', 'last': 'Moore'}, 'location': {'street': {'number': 6884, 'name': 'Highfield Road'}, 'city': 'Dundee', 'state': 'Dorset', 'country': 'United Kingdom', 'postcode': 'CS4 7WH', 'coordinates': {'latitude': '-4.6786', 'longitude': '68.5308'}, 'timezone': {'offset': '+7:00', 'description': 'Bangkok, Hanoi, Jakarta'}}, 'email': 'rosie.moore@example.com', 'login': {'uuid': 'c97cb444-b9d2-467b-8d81-780a433f5b10', 'username': 'bigladybug566', 'password': 'ladybug', 'salt': 'J3kABSUZ', 'md5': 'f854e5c3363d80aaff598e491eb7c3ee', 'sha1': '76912bcbdf3ed0b3dbd2e505eff2e4478ce5f151', 'sha256': '060e90bc4869d8ae04874cc13780fb42cd0fd9d19c1cd11f67bfa517e3b21d6e'}, 'dob': {'date': '1946-03-29T19:43:06.981Z', 'age': 78}, 'registered': {'date': '2015-07-30T07:11:00.057Z', 'age': 8}, 'phone': '0101 626 8014', 'cell': '07424 614146', 'id': {'name': 'NINO', 'value': 'JZ 93 42 10 P'}, 'picture': {'large': 'https://randomuser.me/api/portraits/women/28.jpg', 'medium': 'https://randomuser.me/api/portraits/med/women/28.jpg', 'thumbnail': 'https://randomuser.me/api/portraits/thumb/women/28.jpg'}, 'nat': 'GB'}], 'info': {'seed': '05666420476cd7b4', 'results': 1, 'page': 1, 'version': '1.4'}}</msg>
<arg>${json_data}</arg>
<doc>Logs the given message with the given level.</doc>
<status status="PASS" start="2024-07-05T20:16:45.015501" elapsed="0.000243"/>
</kw>
<kw name="Dictionary Should Contain Key" owner="Collections">
<arg>${json_data}</arg>
<arg>results</arg>
<doc>Fails if ``key`` is not found from ``dictionary``.</doc>
<status status="PASS" start="2024-07-05T20:16:45.016051" elapsed="0.000175"/>
</kw>
<kw name="Should Not Be Empty" owner="BuiltIn">
<msg time="2024-07-05T20:16:45.016552" level="INFO">Length is 2.</msg>
<arg>${json_data}</arg>
<doc>Verifies that the given item is not empty.</doc>
<status status="PASS" start="2024-07-05T20:16:45.016420" elapsed="0.000173"/>
</kw>
<kw name="Create List" owner="BuiltIn">
<msg time="2024-07-05T20:16:45.017057" level="INFO">${expected_keys} = ['gender', 'name', 'location', 'email', 'login']</msg>
<var>${expected_keys}</var>
<arg>gender</arg>
<arg>name</arg>
<arg>location</arg>
<arg>email</arg>
<arg>login</arg>
<doc>Returns a list containing given items.</doc>
<status status="PASS" start="2024-07-05T20:16:45.016900" elapsed="0.000182"/>
</kw>
<for flavor="IN">
<iter>
<kw name="Dictionary Should Contain Key" owner="Collections">
<arg>${json_data['results'][0]}</arg>
<arg>${key}</arg>
<doc>Fails if ``key`` is not found from ``dictionary``.</doc>
<status status="PASS" start="2024-07-05T20:16:45.017992" elapsed="0.000459"/>
</kw>
<kw name="Log" owner="BuiltIn">
<msg time="2024-07-05T20:16:45.019028" level="INFO">{'gender': 'female', 'name': {'title': 'Mrs', 'first': 'Rosie', 'last': 'Moore'}, 'location': {'street': {'number': 6884, 'name': 'Highfield Road'}, 'city': 'Dundee', 'state': 'Dorset', 'country': 'United Kingdom', 'postcode': 'CS4 7WH', 'coordinates': {'latitude': '-4.6786', 'longitude': '68.5308'}, 'timezone': {'offset': '+7:00', 'description': 'Bangkok, Hanoi, Jakarta'}}, 'email': 'rosie.moore@example.com', 'login': {'uuid': 'c97cb444-b9d2-467b-8d81-780a433f5b10', 'username': 'bigladybug566', 'password': 'ladybug', 'salt': 'J3kABSUZ', 'md5': 'f854e5c3363d80aaff598e491eb7c3ee', 'sha1': '76912bcbdf3ed0b3dbd2e505eff2e4478ce5f151', 'sha256': '060e90bc4869d8ae04874cc13780fb42cd0fd9d19c1cd11f67bfa517e3b21d6e'}, 'dob': {'date': '1946-03-29T19:43:06.981Z', 'age': 78}, 'registered': {'date': '2015-07-30T07:11:00.057Z', 'age': 8}, 'phone': '0101 626 8014', 'cell': '07424 614146', 'id': {'name': 'NINO', 'value': 'JZ 93 42 10 P'}, 'picture': {'large': 'https://randomuser.me/api/portraits/women/28.jpg', 'medium': 'https://randomuser.me/api/portraits/med/women/28.jpg', 'thumbnail': 'https://randomuser.me/api/portraits/thumb/women/28.jpg'}, 'nat': 'GB'}</msg>
<arg>${json_data['results'][0]}</arg>
<doc>Logs the given message with the given level.</doc>
<status status="PASS" start="2024-07-05T20:16:45.018651" elapsed="0.000430"/>
</kw>
<kw name="Log" owner="BuiltIn">
<msg time="2024-07-05T20:16:45.019552" level="INFO">gender</msg>
<arg>${key}</arg>
<doc>Logs the given message with the given level.</doc>
<status status="PASS" start="2024-07-05T20:16:45.019419" elapsed="0.000174"/>
</kw>
<var name="${key}">gender</var>
<status status="PASS" start="2024-07-05T20:16:45.017787" elapsed="0.002032"/>
</iter>
<iter>
<kw name="Dictionary Should Contain Key" owner="Collections">
<arg>${json_data['results'][0]}</arg>
<arg>${key}</arg>
<doc>Fails if ``key`` is not found from ``dictionary``.</doc>
<status status="PASS" start="2024-07-05T20:16:45.020152" elapsed="0.000414"/>
</kw>
<kw name="Log" owner="BuiltIn">
<msg time="2024-07-05T20:16:45.021105" level="INFO">{'gender': 'female', 'name': {'title': 'Mrs', 'first': 'Rosie', 'last': 'Moore'}, 'location': {'street': {'number': 6884, 'name': 'Highfield Road'}, 'city': 'Dundee', 'state': 'Dorset', 'country': 'United Kingdom', 'postcode': 'CS4 7WH', 'coordinates': {'latitude': '-4.6786', 'longitude': '68.5308'}, 'timezone': {'offset': '+7:00', 'description': 'Bangkok, Hanoi, Jakarta'}}, 'email': 'rosie.moore@example.com', 'login': {'uuid': 'c97cb444-b9d2-467b-8d81-780a433f5b10', 'username': 'bigladybug566', 'password': 'ladybug', 'salt': 'J3kABSUZ', 'md5': 'f854e5c3363d80aaff598e491eb7c3ee', 'sha1': '76912bcbdf3ed0b3dbd2e505eff2e4478ce5f151', 'sha256': '060e90bc4869d8ae04874cc13780fb42cd0fd9d19c1cd11f67bfa517e3b21d6e'}, 'dob': {'date': '1946-03-29T19:43:06.981Z', 'age': 78}, 'registered': {'date': '2015-07-30T07:11:00.057Z', 'age': 8}, 'phone': '0101 626 8014', 'cell': '07424 614146', 'id': {'name': 'NINO', 'value': 'JZ 93 42 10 P'}, 'picture': {'large': 'https://randomuser.me/api/portraits/women/28.jpg', 'medium': 'https://randomuser.me/api/portraits/med/women/28.jpg', 'thumbnail': 'https://randomuser.me/api/portraits/thumb/women/28.jpg'}, 'nat': 'GB'}</msg>
<arg>${json_data['results'][0]}</arg>
<doc>Logs the given message with the given level.</doc>
<status status="PASS" start="2024-07-05T20:16:45.020751" elapsed="0.000447"/>
</kw>
<kw name="Log" owner="BuiltIn">
<msg time="2024-07-05T20:16:45.021652" level="INFO">name</msg>
<arg>${key}</arg>
<doc>Logs the given message with the given level.</doc>
<status status="PASS" start="2024-07-05T20:16:45.021522" elapsed="0.000169"/>
</kw>
<var name="${key}">name</var>
<status status="PASS" start="2024-07-05T20:16:45.020029" elapsed="0.001931"/>
</iter>
<iter>
<kw name="Dictionary Should Contain Key" owner="Collections">
<arg>${json_data['results'][0]}</arg>
<arg>${key}</arg>
<doc>Fails if ``key`` is not found from ``dictionary``.</doc>
<status status="PASS" start="2024-07-05T20:16:45.022270" elapsed="0.000392"/>
</kw>
<kw name="Log" owner="BuiltIn">
<msg time="2024-07-05T20:16:45.023204" level="INFO">{'gender': 'female', 'name': {'title': 'Mrs', 'first': 'Rosie', 'last': 'Moore'}, 'location': {'street': {'number': 6884, 'name': 'Highfield Road'}, 'city': 'Dundee', 'state': 'Dorset', 'country': 'United Kingdom', 'postcode': 'CS4 7WH', 'coordinates': {'latitude': '-4.6786', 'longitude': '68.5308'}, 'timezone': {'offset': '+7:00', 'description': 'Bangkok, Hanoi, Jakarta'}}, 'email': 'rosie.moore@example.com', 'login': {'uuid': 'c97cb444-b9d2-467b-8d81-780a433f5b10', 'username': 'bigladybug566', 'password': 'ladybug', 'salt': 'J3kABSUZ', 'md5': 'f854e5c3363d80aaff598e491eb7c3ee', 'sha1': '76912bcbdf3ed0b3dbd2e505eff2e4478ce5f151', 'sha256': '060e90bc4869d8ae04874cc13780fb42cd0fd9d19c1cd11f67bfa517e3b21d6e'}, 'dob': {'date': '1946-03-29T19:43:06.981Z', 'age': 78}, 'registered': {'date': '2015-07-30T07:11:00.057Z', 'age': 8}, 'phone': '0101 626 8014', 'cell': '07424 614146', 'id': {'name': 'NINO', 'value': 'JZ 93 42 10 P'}, 'picture': {'large': 'https://randomuser.me/api/portraits/women/28.jpg', 'medium': 'https://randomuser.me/api/portraits/med/women/28.jpg', 'thumbnail': 'https://randomuser.me/api/portraits/thumb/women/28.jpg'}, 'nat': 'GB'}</msg>
<arg>${json_data['results'][0]}</arg>
<doc>Logs the given message with the given level.</doc>
<status status="PASS" start="2024-07-05T20:16:45.022848" elapsed="0.000406"/>
</kw>
<kw name="Log" owner="BuiltIn">
<msg time="2024-07-05T20:16:45.023684" level="INFO">location</msg>
<arg>${key}</arg>
<doc>Logs the given message with the given level.</doc>
<status status="PASS" start="2024-07-05T20:16:45.023556" elapsed="0.000167"/>
</kw>
<var name="${key}">location</var>
<status status="PASS" start="2024-07-05T20:16:45.022159" elapsed="0.001780"/>
</iter>
<iter>
<kw name="Dictionary Should Contain Key" owner="Collections">
<arg>${json_data['results'][0]}</arg>
<arg>${key}</arg>
<doc>Fails if ``key`` is not found from ``dictionary``.</doc>
<status status="PASS" start="2024-07-05T20:16:45.024229" elapsed="0.000392"/>
</kw>
<kw name="Log" owner="BuiltIn">
<msg time="2024-07-05T20:16:45.025160" level="INFO">{'gender': 'female', 'name': {'title': 'Mrs', 'first': 'Rosie', 'last': 'Moore'}, 'location': {'street': {'number': 6884, 'name': 'Highfield Road'}, 'city': 'Dundee', 'state': 'Dorset', 'country': 'United Kingdom', 'postcode': 'CS4 7WH', 'coordinates': {'latitude': '-4.6786', 'longitude': '68.5308'}, 'timezone': {'offset': '+7:00', 'description': 'Bangkok, Hanoi, Jakarta'}}, 'email': 'rosie.moore@example.com', 'login': {'uuid': 'c97cb444-b9d2-467b-8d81-780a433f5b10', 'username': 'bigladybug566', 'password': 'ladybug', 'salt': 'J3kABSUZ', 'md5': 'f854e5c3363d80aaff598e491eb7c3ee', 'sha1': '76912bcbdf3ed0b3dbd2e505eff2e4478ce5f151', 'sha256': '060e90bc4869d8ae04874cc13780fb42cd0fd9d19c1cd11f67bfa517e3b21d6e'}, 'dob': {'date': '1946-03-29T19:43:06.981Z', 'age': 78}, 'registered': {'date': '2015-07-30T07:11:00.057Z', 'age': 8}, 'phone': '0101 626 8014', 'cell': '07424 614146', 'id': {'name': 'NINO', 'value': 'JZ 93 42 10 P'}, 'picture': {'large': 'https://randomuser.me/api/portraits/women/28.jpg', 'medium': 'https://randomuser.me/api/portraits/med/women/28.jpg', 'thumbnail': 'https://randomuser.me/api/portraits/thumb/women/28.jpg'}, 'nat': 'GB'}</msg>
<arg>${json_data['results'][0]}</arg>
<doc>Logs the given message with the given level.</doc>
<status status="PASS" start="2024-07-05T20:16:45.024802" elapsed="0.000409"/>
</kw>
<kw name="Log" owner="BuiltIn">
<msg time="2024-07-05T20:16:45.025642" level="INFO">email</msg>
<arg>${key}</arg>
<doc>Logs the given message with the given level.</doc>
<status status="PASS" start="2024-07-05T20:16:45.025514" elapsed="0.000167"/>
</kw>
<var name="${key}">email</var>
<status status="PASS" start="2024-07-05T20:16:45.024120" elapsed="0.001826"/>
</iter>
<iter>
<kw name="Dictionary Should Contain Key" owner="Collections">
<arg>${json_data['results'][0]}</arg>
<arg>${key}</arg>
<doc>Fails if ``key`` is not found from ``dictionary``.</doc>
<status status="PASS" start="2024-07-05T20:16:45.026240" elapsed="0.000394"/>
</kw>
<kw name="Log" owner="BuiltIn">
<msg time="2024-07-05T20:16:45.027171" level="INFO">{'gender': 'female', 'name': {'title': 'Mrs', 'first': 'Rosie', 'last': 'Moore'}, 'location': {'street': {'number': 6884, 'name': 'Highfield Road'}, 'city': 'Dundee', 'state': 'Dorset', 'country': 'United Kingdom', 'postcode': 'CS4 7WH', 'coordinates': {'latitude': '-4.6786', 'longitude': '68.5308'}, 'timezone': {'offset': '+7:00', 'description': 'Bangkok, Hanoi, Jakarta'}}, 'email': 'rosie.moore@example.com', 'login': {'uuid': 'c97cb444-b9d2-467b-8d81-780a433f5b10', 'username': 'bigladybug566', 'password': 'ladybug', 'salt': 'J3kABSUZ', 'md5': 'f854e5c3363d80aaff598e491eb7c3ee', 'sha1': '76912bcbdf3ed0b3dbd2e505eff2e4478ce5f151', 'sha256': '060e90bc4869d8ae04874cc13780fb42cd0fd9d19c1cd11f67bfa517e3b21d6e'}, 'dob': {'date': '1946-03-29T19:43:06.981Z', 'age': 78}, 'registered': {'date': '2015-07-30T07:11:00.057Z', 'age': 8}, 'phone': '0101 626 8014', 'cell': '07424 614146', 'id': {'name': 'NINO', 'value': 'JZ 93 42 10 P'}, 'picture': {'large': 'https://randomuser.me/api/portraits/women/28.jpg', 'medium': 'https://randomuser.me/api/portraits/med/women/28.jpg', 'thumbnail': 'https://randomuser.me/api/portraits/thumb/women/28.jpg'}, 'nat': 'GB'}</msg>
<arg>${json_data['results'][0]}</arg>
<doc>Logs the given message with the given level.</doc>
<status status="PASS" start="2024-07-05T20:16:45.026818" elapsed="0.000404"/>
</kw>
<kw name="Log" owner="BuiltIn">
<msg time="2024-07-05T20:16:45.027664" level="INFO">login</msg>
<arg>${key}</arg>
<doc>Logs the given message with the given level.</doc>
<status status="PASS" start="2024-07-05T20:16:45.027534" elapsed="0.000168"/>
</kw>
<var name="${key}">login</var>
<status status="PASS" start="2024-07-05T20:16:45.026126" elapsed="0.001799"/>
</iter>
<var>${key}</var>
<value>@{expected_keys}</value>
<status status="PASS" start="2024-07-05T20:16:45.017562" elapsed="0.010485"/>
</for>
<kw name="Create List" owner="BuiltIn">
<msg time="2024-07-05T20:16:45.028393" level="INFO">${expected_keysTwo} = ['username', 'password']</msg>
<var>${expected_keysTwo}</var>
<arg>username</arg>
<arg>password</arg>
<doc>Returns a list containing given items.</doc>
<status status="PASS" start="2024-07-05T20:16:45.028252" elapsed="0.000203"/>
</kw>
<for flavor="IN">
<iter>
<kw name="Dictionary Should Contain Key" owner="Collections">
<arg>${json_data['results'][0]['login']}</arg>
<arg>${keyTwo}</arg>
<doc>Fails if ``key`` is not found from ``dictionary``.</doc>
<status status="PASS" start="2024-07-05T20:16:45.028981" elapsed="0.000388"/>
</kw>
<kw name="Dictionary Should Contain Key" owner="Collections">
<arg>${json_data['results'][0]['login']}</arg>
<arg>${keyTwo}</arg>
<doc>Fails if ``key`` is not found from ``dictionary``.</doc>
<status status="PASS" start="2024-07-05T20:16:45.029553" elapsed="0.000470"/>
</kw>
<kw name="Log" owner="BuiltIn">
<msg time="2024-07-05T20:16:45.030348" level="INFO">username</msg>
<arg>${keyTwo}</arg>
<doc>Logs the given message with the given level.</doc>
<status status="PASS" start="2024-07-05T20:16:45.030214" elapsed="0.000175"/>
</kw>
<var name="${keyTwo}">username</var>
<status status="PASS" start="2024-07-05T20:16:45.028870" elapsed="0.001747"/>
</iter>
<iter>
<kw name="Dictionary Should Contain Key" owner="Collections">
<arg>${json_data['results'][0]['login']}</arg>
<arg>${keyTwo}</arg>
<doc>Fails if ``key`` is not found from ``dictionary``.</doc>
<status status="PASS" start="2024-07-05T20:16:45.030902" elapsed="0.000384"/>
</kw>
<kw name="Dictionary Should Contain Key" owner="Collections">
<arg>${json_data['results'][0]['login']}</arg>
<arg>${keyTwo}</arg>
<doc>Fails if ``key`` is not found from ``dictionary``.</doc>
<status status="PASS" start="2024-07-05T20:16:45.031474" elapsed="0.000369"/>
</kw>
<kw name="Log" owner="BuiltIn">
<msg time="2024-07-05T20:16:45.032145" level="INFO">password</msg>
<arg>${keyTwo}</arg>
<doc>Logs the given message with the given level.</doc>
<status status="PASS" start="2024-07-05T20:16:45.032023" elapsed="0.000167"/>
</kw>
<var name="${keyTwo}">password</var>
<status status="PASS" start="2024-07-05T20:16:45.030794" elapsed="0.001625"/>
</iter>
<var>${keyTwo}</var>
<value>@{expected_keysTwo}</value>
<status status="PASS" start="2024-07-05T20:16:45.028706" elapsed="0.003835"/>
</for>
<status status="PASS" start="2024-07-05T20:16:44.915712" elapsed="0.116983"/>
</kw>
<doc>Testa a estrutura da resposta da API.</doc>
<tag>testeEstruturaResposta</tag>
<status status="PASS" start="2024-07-05T20:16:44.915037" elapsed="0.117829"/>
</test>
<test id="s1-s1-t4" name="Validar tipos de dados" line="28">
<kw name="Teste de Tipos de Dados" owner="random-user-service">
<kw name="GET On Session" owner="RequestsLibrary">
<msg time="2024-07-05T20:16:45.143002" level="INFO">GET Request : url=https://randomuser.me/api 
 path_url=/api 
 headers={'User-Agent': 'python-requests/2.32.3', 'Accept-Encoding': 'gzip, deflate', 'Accept': '*/*', 'Connection': 'keep-alive'} 
 body=None 
 </msg>
<msg time="2024-07-05T20:16:45.143132" level="INFO">GET Response : url=https://randomuser.me/api 
 status=200, reason=OK 
 headers={'Date': 'Fri, 05 Jul 2024 20:16:45 GMT', 'Content-Type': 'application/json; charset=utf-8', 'Transfer-Encoding': 'chunked', 'Connection': 'keep-alive', 'X-Powered-By': 'Express', 'Access-Control-Allow-Origin': '*', 'Cache-Control': 'no-cache', 'ETag': 'W/"481-tSepK8V54/sDeMJvN1hqaJ+h+Z4"', 'Vary': 'Accept-Encoding', 'Content-Encoding': 'gzip', 'CF-Cache-Status': 'DYNAMIC', 'Report-To': '{"endpoints":[{"url":"https:\\/\\/a.nel.cloudflare.com\\/report\\/v4?s=6WwWvvVK6zy0BBnzEXvkS6ighMPfstbhque6aH%2BXNaORSLfFd%2FEpdk7N7vh1H%2FLWfaS3NPmGFzhARAFfbNCvRLBrhd3ahGfDeWW6NGe6XPXWeqwbYosWJbmBJ4q36BeY"}],"group":"cf-nel","max_age":604800}', 'NEL': '{"success_fraction":0,"report_to":"cf-nel","max_age":604800}', 'Server': 'cloudflare', 'CF-RAY': '89ea08d988707bb5-LAX', 'alt-svc': 'h3=":443"; ma=86400'} 
 body={"results":[{"gender":"male","name":{"title":"Mr","first":"August","last":"Skoge"},"location":{"street":{"number":3528,"name":"Dagmarbakken"},"city":"Tornes","state":"Trøndelag","country":"Norway","postcode":"4817","coordinates":{"latitude":"43.1624","longitude":"-158.8404"},"timezone":{"offset":"+9:00","description":"Tokyo, Seoul, Osaka, Sapporo, Yakutsk"}},"email":"august.skoge@example.com","login":{"uuid":"1ce52dd4-97ed-4b62-ab14-75b4eade438e","username":"bigfish529","password":"pressure","salt":"JD5ZQzhy","md5":"1739c5aec7aa375546c1d54903d875e0","sha1":"43661e46553344354b85f000ed3757221bf42304","sha256":"452aa04fbd51a209ab7e53d671a211b6c56737af1c59fb79a84154fc224eb278"},"dob":{"date":"1965-07-06T23:30:13.128Z","age":58},"registered":{"date":"2016-03-08T13:46:17.534Z","age":8},"phone":"86882258","cell":"45200839","id":{"name":"FN","value":"06076509784"},"picture":{"large":"https://randomuser.me/api/portraits/men/27.jpg","medium":"https://randomuser.me/api/portraits/med/men/27.jpg","thumbnail":"https://randomuser.me/api/portraits/thumb/men/27.jpg"},"nat":"NO"}],"info":{"seed":"47df523ba0da6148","results":1,"page":1,"version":"1.4"}} 
 </msg>
<msg time="2024-07-05T20:16:45.143230" level="INFO">/opt/hostedtoolcache/Python/3.12.4/x64/lib/python3.12/site-packages/urllib3/connectionpool.py:1099: InsecureRequestWarning: Unverified HTTPS request is being made to host 'randomuser.me'. Adding certificate verification is strongly advised. See: https://urllib3.readthedocs.io/en/latest/advanced-usage.html#tls-warnings
  warnings.warn(</msg>
<msg time="2024-07-05T20:16:45.143387" level="INFO">${response} = &lt;Response [200]&gt;</msg>
<var>${response}</var>
<arg>consultarAPI</arg>
<arg>/api</arg>
<doc>Sends a GET request on a previously created HTTP Session.</doc>
<status status="PASS" start="2024-07-05T20:16:45.035652" elapsed="0.107781"/>
</kw>
<kw name="Set Variable" owner="BuiltIn">
<msg time="2024-07-05T20:16:45.144766" level="INFO">${json_data} = {'results': [{'gender': 'male', 'name': {'title': 'Mr', 'first': 'August', 'last': 'Skoge'}, 'location': {'street': {'number': 3528, 'name': 'Dagmarbakken'}, 'city': 'Tornes', 'state': 'Trøndelag', 'c...</msg>
<var>${json_data}</var>
<arg>${response.json()}</arg>
<doc>Returns the given values which can then be assigned to a variables.</doc>
<status status="PASS" start="2024-07-05T20:16:45.144149" elapsed="0.000649"/>
</kw>
<kw name="Log" owner="BuiltIn">
<msg time="2024-07-05T20:16:45.145327" level="INFO">{'results': [{'gender': 'male', 'name': {'title': 'Mr', 'first': 'August', 'last': 'Skoge'}, 'location': {'street': {'number': 3528, 'name': 'Dagmarbakken'}, 'city': 'Tornes', 'state': 'Trøndelag', 'country': 'Norway', 'postcode': '4817', 'coordinates': {'latitude': '43.1624', 'longitude': '-158.8404'}, 'timezone': {'offset': '+9:00', 'description': 'Tokyo, Seoul, Osaka, Sapporo, Yakutsk'}}, 'email': 'august.skoge@example.com', 'login': {'uuid': '1ce52dd4-97ed-4b62-ab14-75b4eade438e', 'username': 'bigfish529', 'password': 'pressure', 'salt': 'JD5ZQzhy', 'md5': '1739c5aec7aa375546c1d54903d875e0', 'sha1': '43661e46553344354b85f000ed3757221bf42304', 'sha256': '452aa04fbd51a209ab7e53d671a211b6c56737af1c59fb79a84154fc224eb278'}, 'dob': {'date': '1965-07-06T23:30:13.128Z', 'age': 58}, 'registered': {'date': '2016-03-08T13:46:17.534Z', 'age': 8}, 'phone': '86882258', 'cell': '45200839', 'id': {'name': 'FN', 'value': '06076509784'}, 'picture': {'large': 'https://randomuser.me/api/portraits/men/27.jpg', 'medium': 'https://randomuser.me/api/portraits/med/men/27.jpg', 'thumbnail': 'https://randomuser.me/api/portraits/thumb/men/27.jpg'}, 'nat': 'NO'}], 'info': {'seed': '47df523ba0da6148', 'results': 1, 'page': 1, 'version': '1.4'}}</msg>
<arg>${json_data}</arg>
<doc>Logs the given message with the given level.</doc>
<status status="PASS" start="2024-07-05T20:16:45.145156" elapsed="0.000226"/>
</kw>
<kw name="Should Be String" owner="String">
<arg>${json_data['results'][0]['gender']}</arg>
<doc>Fails if the given ``item`` is not a string.</doc>
<status status="PASS" start="2024-07-05T20:16:45.145690" elapsed="0.000448"/>
</kw>
<kw name="Should Match Regexp" owner="BuiltIn">
<arg>${json_data['results'][0]['email']}</arg>
<arg>^[a-zA-Z0-9._%+-]+@[a-zA-Z0-9.-]+\.[a-zA-Z]{2,}$</arg>
<doc>Fails if ``string`` does not match ``pattern`` as a regular expression.</doc>
<status status="PASS" start="2024-07-05T20:16:45.146338" elapsed="0.000564"/>
</kw>
<kw name="Should Match Regexp" owner="BuiltIn">
<arg>${json_data['results'][0]['dob']['date']}</arg>
<arg>\\d{4}-\\d{2}-\\d{2}T\\d{2}:\\d{2}:\\d{2}\\.\\d{3}Z</arg>
<doc>Fails if ``string`` does not match ``pattern`` as a regular expression.</doc>
<status status="PASS" start="2024-07-05T20:16:45.147150" elapsed="0.000503"/>
</kw>
<kw name="Should Match Regexp" owner="BuiltIn">
<arg>${json_data['results'][0]['registered']['date']}</arg>
<arg>\\d{4}-\\d{2}-\\d{2}T\\d{2}:\\d{2}:\\d{2}\\.\\d{3}Z</arg>
<doc>Fails if ``string`` does not match ``pattern`` as a regular expression.</doc>
<status status="PASS" start="2024-07-05T20:16:45.147844" elapsed="0.000369"/>
</kw>
<kw name="Should Match Regexp" owner="BuiltIn">
<arg>${json_data['results'][0]['picture']['large']}</arg>
<arg>^https?://.*\.(?:png|jpe?g|gif|bmp)$</arg>
<doc>Fails if ``string`` does not match ``pattern`` as a regular expression.</doc>
<status status="PASS" start="2024-07-05T20:16:45.148399" elapsed="0.000477"/>
</kw>
<kw name="Should Match Regexp" owner="BuiltIn">
<arg>${json_data['results'][0]['picture']['medium']}</arg>
<arg>^https?://.*\.(?:png|jpe?g|gif|bmp)$</arg>
<doc>Fails if ``string`` does not match ``pattern`` as a regular expression.</doc>
<status status="PASS" start="2024-07-05T20:16:45.149061" elapsed="0.000353"/>
</kw>
<kw name="Should Match Regexp" owner="BuiltIn">
<arg>${json_data['results'][0]['picture']['thumbnail']}</arg>
<arg>^https?://.*\.(?:png|jpe?g|gif|bmp)$</arg>
<doc>Fails if ``string`` does not match ``pattern`` as a regular expression.</doc>
<status status="PASS" start="2024-07-05T20:16:45.149595" elapsed="0.000380"/>
</kw>
<kw name="Log" owner="BuiltIn">
<msg time="2024-07-05T20:16:45.150503" level="INFO">{'large': 'https://randomuser.me/api/portraits/men/27.jpg', 'medium': 'https://randomuser.me/api/portraits/med/men/27.jpg', 'thumbnail': 'https://randomuser.me/api/portraits/thumb/men/27.jpg'}</msg>
<arg>${json_data['results'][0]['picture']}</arg>
<doc>Logs the given message with the given level.</doc>
<status status="PASS" start="2024-07-05T20:16:45.150161" elapsed="0.000389"/>
</kw>
<status status="PASS" start="2024-07-05T20:16:45.035404" elapsed="0.115458"/>
</kw>
<kw name="Teste de Tipos de Dados - Postcode" owner="random-user-service">
<kw name="GET On Session" owner="RequestsLibrary">
<msg time="2024-07-05T20:16:45.250761" level="INFO">GET Request : url=https://randomuser.me/api 
 path_url=/api 
 headers={'User-Agent': 'python-requests/2.32.3', 'Accept-Encoding': 'gzip, deflate', 'Accept': '*/*', 'Connection': 'keep-alive'} 
 body=None 
 </msg>
<msg time="2024-07-05T20:16:45.250878" level="INFO">GET Response : url=https://randomuser.me/api 
 status=200, reason=OK 
 headers={'Date': 'Fri, 05 Jul 2024 20:16:45 GMT', 'Content-Type': 'application/json; charset=utf-8', 'Transfer-Encoding': 'chunked', 'Connection': 'keep-alive', 'X-Powered-By': 'Express', 'Access-Control-Allow-Origin': '*', 'Cache-Control': 'no-cache', 'ETag': 'W/"48e-1aVV2aS1TY6bpbMm8RRCedjCAVk"', 'Vary': 'Accept-Encoding', 'Content-Encoding': 'gzip', 'CF-Cache-Status': 'DYNAMIC', 'Report-To': '{"endpoints":[{"url":"https:\\/\\/a.nel.cloudflare.com\\/report\\/v4?s=A4DiySqW6cYbmWdulzBk4KXIUdUemmhWG8Y07tCeruDyAv8qj%2FwQ6zoTwuuusTUxPhzLV57iCVSLUy%2BwO%2F9%2BWqLhyuJbBlHvPwmeyM4lfUUi4Szb2TKYRsckZmCddbPm"}],"group":"cf-nel","max_age":604800}', 'NEL': '{"success_fraction":0,"report_to":"cf-nel","max_age":604800}', 'Server': 'cloudflare', 'CF-RAY': '89ea08da39257bb5-LAX', 'alt-svc': 'h3=":443"; ma=86400'} 
 body={"results":[{"gender":"female","name":{"title":"Miss","first":"Berta","last":"Cavazos"},"location":{"street":{"number":1837,"name":"Callejón Páez"},"city":"San Simón de Guerrero","state":"Campeche","country":"Mexico","postcode":88848,"coordinates":{"latitude":"25.0072","longitude":"98.3630"},"timezone":{"offset":"+5:45","description":"Kathmandu"}},"email":"berta.cavazos@example.com","login":{"uuid":"231b23c1-e55e-4a2c-bb09-976c05d565e8","username":"purplelion509","password":"030303","salt":"wt4OjW0S","md5":"cbf03fdf4b95ce9efe5ce2ab61ed942a","sha1":"534a316f37f34c4f5039ccb1be00f174eebaffdc","sha256":"0ee487e21c21fe053d9421f37288fea6d99cf9fd58570cd08fc3864b1966896a"},"dob":{"date":"1969-03-24T06:58:41.020Z","age":55},"registered":{"date":"2017-06-20T02:04:37.299Z","age":7},"phone":"(638) 343 8561","cell":"(681) 640 7137","id":{"name":"NSS","value":"90 27 67 5635 1"},"picture":{"large":"https://randomuser.me/api/portraits/women/4.jpg","medium":"https://randomuser.me/api/portraits/med/women/4.jpg","thumbnail":"https://randomuser.me/api/portraits/thumb/women/4.jpg"},"nat":"MX"}],"info":{"seed":"b3b6bab0d0f1850f","results":1,"page":1,"version":"1.4"}} 
 </msg>
<msg time="2024-07-05T20:16:45.250973" level="INFO">/opt/hostedtoolcache/Python/3.12.4/x64/lib/python3.12/site-packages/urllib3/connectionpool.py:1099: InsecureRequestWarning: Unverified HTTPS request is being made to host 'randomuser.me'. Adding certificate verification is strongly advised. See: https://urllib3.readthedocs.io/en/latest/advanced-usage.html#tls-warnings
  warnings.warn(</msg>
<msg time="2024-07-05T20:16:45.251122" level="INFO">${response} = &lt;Response [200]&gt;</msg>
<var>${response}</var>
<arg>consultarAPI</arg>
<arg>/api</arg>
<doc>Sends a GET request on a previously created HTTP Session.</doc>
<status status="PASS" start="2024-07-05T20:16:45.151356" elapsed="0.099809"/>
</kw>
<kw name="Set Variable" owner="BuiltIn">
<msg time="2024-07-05T20:16:45.252386" level="INFO">${json_data} = {'results': [{'gender': 'female', 'name': {'title': 'Miss', 'first': 'Berta', 'last': 'Cavazos'}, 'location': {'street': {'number': 1837, 'name': 'Callejón Páez'}, 'city': 'San Simón de Guerrero', 'st...</msg>
<var>${json_data}</var>
<arg>${response.json()}</arg>
<doc>Returns the given values which can then be assigned to a variables.</doc>
<status status="PASS" start="2024-07-05T20:16:45.251789" elapsed="0.000629"/>
</kw>
<kw name="Log" owner="BuiltIn">
<msg time="2024-07-05T20:16:45.252959" level="INFO">{'results': [{'gender': 'female', 'name': {'title': 'Miss', 'first': 'Berta', 'last': 'Cavazos'}, 'location': {'street': {'number': 1837, 'name': 'Callejón Páez'}, 'city': 'San Simón de Guerrero', 'state': 'Campeche', 'country': 'Mexico', 'postcode': 88848, 'coordinates': {'latitude': '25.0072', 'longitude': '98.3630'}, 'timezone': {'offset': '+5:45', 'description': 'Kathmandu'}}, 'email': 'berta.cavazos@example.com', 'login': {'uuid': '231b23c1-e55e-4a2c-bb09-976c05d565e8', 'username': 'purplelion509', 'password': '030303', 'salt': 'wt4OjW0S', 'md5': 'cbf03fdf4b95ce9efe5ce2ab61ed942a', 'sha1': '534a316f37f34c4f5039ccb1be00f174eebaffdc', 'sha256': '0ee487e21c21fe053d9421f37288fea6d99cf9fd58570cd08fc3864b1966896a'}, 'dob': {'date': '1969-03-24T06:58:41.020Z', 'age': 55}, 'registered': {'date': '2017-06-20T02:04:37.299Z', 'age': 7}, 'phone': '(638) 343 8561', 'cell': '(681) 640 7137', 'id': {'name': 'NSS', 'value': '90 27 67 5635 1'}, 'picture': {'large': 'https://randomuser.me/api/portraits/women/4.jpg', 'medium': 'https://randomuser.me/api/portraits/med/women/4.jpg', 'thumbnail': 'https://randomuser.me/api/portraits/thumb/women/4.jpg'}, 'nat': 'MX'}], 'info': {'seed': 'b3b6bab0d0f1850f', 'results': 1, 'page': 1, 'version': '1.4'}}</msg>
<arg>${json_data}</arg>
<doc>Logs the given message with the given level.</doc>
<status status="PASS" start="2024-07-05T20:16:45.252780" elapsed="0.000240"/>
</kw>
<kw name="Should Be Equal As Numbers" owner="BuiltIn">
<arg>${json_data['results'][0]['location']['postcode']}</arg>
<arg>${json_data['results'][0]['location']['postcode']}</arg>
<doc>Fails if objects are unequal after converting them to real numbers.</doc>
<status status="PASS" start="2024-07-05T20:16:45.253328" elapsed="0.000734"/>
</kw>
<kw name="Log" owner="BuiltIn">
<msg time="2024-07-05T20:16:45.254618" level="INFO">88848</msg>
<arg>${json_data['results'][0]['location']['postcode']}</arg>
<doc>Logs the given message with the given level.</doc>
<status status="PASS" start="2024-07-05T20:16:45.254265" elapsed="0.000396"/>
</kw>
<status status="PASS" start="2024-07-05T20:16:45.151110" elapsed="0.103858"/>
</kw>
<doc>Testa se os tipos de dados na resposta da API estão corretos.</doc>
<tag>testeTiposDados</tag>
<status status="PASS" start="2024-07-05T20:16:45.034758" elapsed="0.220397"/>
</test>
<test id="s1-s1-t5" name="Validar conteudo" line="35">
<kw name="Teste de Tipos de Conteudo" owner="random-user-service">
<kw name="GET On Session" owner="RequestsLibrary">
<msg time="2024-07-05T20:16:45.360326" level="INFO">GET Request : url=https://randomuser.me/api 
 path_url=/api 
 headers={'User-Agent': 'python-requests/2.32.3', 'Accept-Encoding': 'gzip, deflate', 'Accept': '*/*', 'Connection': 'keep-alive'} 
 body=None 
 </msg>
<msg time="2024-07-05T20:16:45.360459" level="INFO">GET Response : url=https://randomuser.me/api 
 status=200, reason=OK 
 headers={'Date': 'Fri, 05 Jul 2024 20:16:45 GMT', 'Content-Type': 'application/json; charset=utf-8', 'Transfer-Encoding': 'chunked', 'Connection': 'keep-alive', 'X-Powered-By': 'Express', 'Access-Control-Allow-Origin': '*', 'Cache-Control': 'no-cache', 'ETag': 'W/"479-xzx9QACStDJl61QBjZPlyeQRWGc"', 'Vary': 'Accept-Encoding', 'Content-Encoding': 'gzip', 'CF-Cache-Status': 'DYNAMIC', 'Report-To': '{"endpoints":[{"url":"https:\\/\\/a.nel.cloudflare.com\\/report\\/v4?s=UwT%2BKRpI48nsQJnVxgzrIL8%2BL%2Ft2mXKHIdkxKtS0H5anR1rqWyxwkZ%2BpHMj8t5n5JEzhkUUs6ZFhSJuvFegD1SN1CxVNkEsm3xRPAuXBWJ5qW72NZiMo7bShLJ%2Bwq0Mi"}],"group":"cf-nel","max_age":604800}', 'NEL': '{"success_fraction":0,"report_to":"cf-nel","max_age":604800}', 'Server': 'cloudflare', 'CF-RAY': '89ea08dae9cf7bb5-LAX', 'alt-svc': 'h3=":443"; ma=86400'} 
 body={"results":[{"gender":"male","name":{"title":"Mr","first":"Daniele","last":"Metzner"},"location":{"street":{"number":3182,"name":"Tannenweg"},"city":"Willich","state":"Niedersachsen","country":"Germany","postcode":32630,"coordinates":{"latitude":"-51.4857","longitude":"-44.5182"},"timezone":{"offset":"+3:30","description":"Tehran"}},"email":"daniele.metzner@example.com","login":{"uuid":"2995ef84-0e2c-41e6-9d2c-739ce653bace","username":"bluerabbit521","password":"stacey","salt":"a6jVf5yL","md5":"30bbf54632136e1dd6178c39326d5d2a","sha1":"e21872a6a8d2144dd71da3a721c308f609bdcd2a","sha256":"2a2169daf44f9e761e454bedbc0db33ca8d7ebff7ad81e5b9cad929cec19a0e8"},"dob":{"date":"1955-05-06T00:35:55.918Z","age":69},"registered":{"date":"2014-04-11T22:29:43.277Z","age":10},"phone":"0843-2767881","cell":"0178-7329546","id":{"name":"SVNR","value":"58 050555 M 136"},"picture":{"large":"https://randomuser.me/api/portraits/men/79.jpg","medium":"https://randomuser.me/api/portraits/med/men/79.jpg","thumbnail":"https://randomuser.me/api/portraits/thumb/men/79.jpg"},"nat":"DE"}],"info":{"seed":"281e21bf426ead7d","results":1,"page":1,"version":"1.4"}} 
 </msg>
<msg time="2024-07-05T20:16:45.360587" level="INFO">/opt/hostedtoolcache/Python/3.12.4/x64/lib/python3.12/site-packages/urllib3/connectionpool.py:1099: InsecureRequestWarning: Unverified HTTPS request is being made to host 'randomuser.me'. Adding certificate verification is strongly advised. See: https://urllib3.readthedocs.io/en/latest/advanced-usage.html#tls-warnings
  warnings.warn(</msg>
<msg time="2024-07-05T20:16:45.360759" level="INFO">${response} = &lt;Response [200]&gt;</msg>
<var>${response}</var>
<arg>consultarAPI</arg>
<arg>/api</arg>
<doc>Sends a GET request on a previously created HTTP Session.</doc>
<status status="PASS" start="2024-07-05T20:16:45.258641" elapsed="0.102165"/>
</kw>
<kw name="Set Variable" owner="BuiltIn">
<msg time="2024-07-05T20:16:45.362046" level="INFO">${json_data} = {'results': [{'gender': 'male', 'name': {'title': 'Mr', 'first': 'Daniele', 'last': 'Metzner'}, 'location': {'street': {'number': 3182, 'name': 'Tannenweg'}, 'city': 'Willich', 'state': 'Niedersachsen...</msg>
<var>${json_data}</var>
<arg>${response.json()}</arg>
<doc>Returns the given values which can then be assigned to a variables.</doc>
<status status="PASS" start="2024-07-05T20:16:45.361404" elapsed="0.000672"/>
</kw>
<kw name="Set Variable" owner="BuiltIn">
<msg time="2024-07-05T20:16:45.362853" level="INFO">${name_title} = Mr</msg>
<var>${name_title}</var>
<arg>${json_data["results"][0]["name"]["title"]}</arg>
<doc>Returns the given values which can then be assigned to a variables.</doc>
<status status="PASS" start="2024-07-05T20:16:45.362428" elapsed="0.000450"/>
</kw>
<kw name="Create List" owner="BuiltIn">
<msg time="2024-07-05T20:16:45.363339" level="INFO">${allowed_titles} = ['Mr', 'Ms', 'Miss', 'Mrs', 'Madame', 'Monsieur']</msg>
<var>${allowed_titles}</var>
<arg>Mr</arg>
<arg>Ms</arg>
<arg>Miss</arg>
<arg>Mrs</arg>
<arg>Madame</arg>
<arg>Monsieur</arg>
<doc>Returns a list containing given items.</doc>
<status status="PASS" start="2024-07-05T20:16:45.363185" elapsed="0.000179"/>
</kw>
<kw name="List Should Contain Value" owner="Collections">
<arg>${allowed_titles}</arg>
<arg>${name_title}</arg>
<doc>Fails if the ``value`` is not found from ``list``.</doc>
<status status="PASS" start="2024-07-05T20:16:45.363673" elapsed="0.000186"/>
</kw>
<kw name="Set Variable" owner="BuiltIn">
<msg time="2024-07-05T20:16:45.364432" level="INFO">${name_country} = DE</msg>
<var>${name_country}</var>
<arg>${json_data["results"][0]["nat"]}</arg>
<doc>Returns the given values which can then be assigned to a variables.</doc>
<status status="PASS" start="2024-07-05T20:16:45.364050" elapsed="0.000407"/>
</kw>
<kw name="Create List" owner="BuiltIn">
<msg time="2024-07-05T20:16:45.365370" level="INFO">${list_country} = ['AD', 'AE', 'AF', 'AG', 'AI', 'AL', 'AM', 'AO', 'AQ', 'AR', 'AS', 'AT', 'AU', 'AW', 'AX', 'AZ', 'BA', 'BB', 'BD', 'BE', 'BF', 'BG', 'BH', 'BI', 'BJ', 'BL', 'BM', 'BN', 'BO', 'BQ', 'BR', 'BS', 'BT', '...</msg>
<var>${list_country}</var>
<arg>AD</arg>
<arg>AE</arg>
<arg>AF</arg>
<arg>AG</arg>
<arg>AI</arg>
<arg>AL</arg>
<arg>AM</arg>
<arg>AO</arg>
<arg>AQ</arg>
<arg>AR</arg>
<arg>AS</arg>
<arg>AT</arg>
<arg>AU</arg>
<arg>AW</arg>
<arg>AX</arg>
<arg>AZ</arg>
<arg>BA</arg>
<arg>BB</arg>
<arg>BD</arg>
<arg>BE</arg>
<arg>BF</arg>
<arg>BG</arg>
<arg>BH</arg>
<arg>BI</arg>
<arg>BJ</arg>
<arg>BL</arg>
<arg>BM</arg>
<arg>BN</arg>
<arg>BO</arg>
<arg>BQ</arg>
<arg>BR</arg>
<arg>BS</arg>
<arg>BT</arg>
<arg>BV</arg>
<arg>BW</arg>
<arg>BY</arg>
<arg>BZ</arg>
<arg>CA</arg>
<arg>CC</arg>
<arg>CD</arg>
<arg>CF</arg>
<arg>CG</arg>
<arg>CH</arg>
<arg>CI</arg>
<arg>CK</arg>
<arg>CL</arg>
<arg>CM</arg>
<arg>CN</arg>
<arg>CO</arg>
<arg>CR</arg>
<arg>CU</arg>
<arg>CV</arg>
<arg>CW</arg>
<arg>CX</arg>
<arg>CY</arg>
<arg>CZ</arg>
<arg>DE</arg>
<arg>DJ</arg>
<arg>DK</arg>
<arg>DM</arg>
<arg>DO</arg>
<arg>DZ</arg>
<arg>EC</arg>
<arg>EE</arg>
<arg>EG</arg>
<arg>EH</arg>
<arg>ER</arg>
<arg>ES</arg>
<arg>ET</arg>
<arg>FI</arg>
<arg>FJ</arg>
<arg>FK</arg>
<arg>FM</arg>
<arg>FO</arg>
<arg>FR</arg>
<arg>GA</arg>
<arg>GB</arg>
<arg>GD</arg>
<arg>GE</arg>
<arg>GF</arg>
<arg>GG</arg>
<arg>GH</arg>
<arg>GI</arg>
<arg>GL</arg>
<arg>GM</arg>
<arg>GN</arg>
<arg>GP</arg>
<arg>GQ</arg>
<arg>GR</arg>
<arg>GS</arg>
<arg>GT</arg>
<arg>GU</arg>
<arg>GW</arg>
<arg>GY</arg>
<arg>HK</arg>
<arg>HM</arg>
<arg>HN</arg>
<arg>HR</arg>
<arg>HT</arg>
<arg>HU</arg>
<arg>ID</arg>
<arg>IE</arg>
<arg>IL</arg>
<arg>IM</arg>
<arg>IN</arg>
<arg>IO</arg>
<arg>IQ</arg>
<arg>IR</arg>
<arg>IS</arg>
<arg>IT</arg>
<arg>JE</arg>
<arg>JM</arg>
<arg>JO</arg>
<arg>JP</arg>
<arg>KE</arg>
<arg>KG</arg>
<arg>KH</arg>
<arg>KI</arg>
<arg>KM</arg>
<arg>KN</arg>
<arg>KP</arg>
<arg>KR</arg>
<arg>KW</arg>
<arg>KY</arg>
<arg>KZ</arg>
<arg>LA</arg>
<arg>LB</arg>
<arg>LC</arg>
<arg>LI</arg>
<arg>LK</arg>
<arg>LR</arg>
<arg>LS</arg>
<arg>LT</arg>
<arg>LU</arg>
<arg>LV</arg>
<arg>LY</arg>
<arg>MA</arg>
<arg>MC</arg>
<arg>MD</arg>
<arg>ME</arg>
<arg>MF</arg>
<arg>MG</arg>
<arg>MH</arg>
<arg>MK</arg>
<arg>ML</arg>
<arg>MM</arg>
<arg>MN</arg>
<arg>MO</arg>
<arg>MP</arg>
<arg>MQ</arg>
<arg>MR</arg>
<arg>MS</arg>
<arg>MT</arg>
<arg>MU</arg>
<arg>MV</arg>
<arg>MW</arg>
<arg>MX</arg>
<arg>MY</arg>
<arg>MZ</arg>
<arg>NA</arg>
<arg>NC</arg>
<arg>NE</arg>
<arg>NF</arg>
<arg>NG</arg>
<arg>NI</arg>
<arg>NL</arg>
<arg>NO</arg>
<arg>NP</arg>
<arg>NR</arg>
<arg>NU</arg>
<arg>NZ</arg>
<arg>OM</arg>
<arg>PA</arg>
<arg>PE</arg>
<arg>PF</arg>
<arg>PG</arg>
<arg>PH</arg>
<arg>PK</arg>
<arg>PL</arg>
<arg>PM</arg>
<arg>PN</arg>
<arg>PR</arg>
<arg>PS</arg>
<arg>PT</arg>
<arg>PW</arg>
<arg>PY</arg>
<arg>QA</arg>
<arg>RE</arg>
<arg>RO</arg>
<arg>RS</arg>
<arg>RU</arg>
<arg>RW</arg>
<arg>SA</arg>
<arg>SB</arg>
<arg>SC</arg>
<arg>SD</arg>
<arg>SE</arg>
<arg>SG</arg>
<arg>SH</arg>
<arg>SI</arg>
<arg>SJ</arg>
<arg>SK</arg>
<arg>SL</arg>
<arg>SM</arg>
<arg>SN</arg>
<arg>SO</arg>
<arg>SR</arg>
<arg>SS</arg>
<arg>ST</arg>
<arg>SV</arg>
<arg>SX</arg>
<arg>SY</arg>
<arg>SZ</arg>
<arg>TC</arg>
<arg>TD</arg>
<arg>TF</arg>
<arg>TG</arg>
<arg>TH</arg>
<arg>TJ</arg>
<arg>TK</arg>
<arg>TL</arg>
<arg>TM</arg>
<arg>TN</arg>
<arg>TO</arg>
<arg>TR</arg>
<arg>TT</arg>
<arg>TV</arg>
<arg>TW</arg>
<arg>TZ</arg>
<arg>UA</arg>
<arg>UG</arg>
<arg>UM</arg>
<arg>US</arg>
<arg>UY</arg>
<arg>UZ</arg>
<arg>VA</arg>
<arg>VC</arg>
<arg>VE</arg>
<arg>VG</arg>
<arg>VI</arg>
<arg>VN</arg>
<arg>VU</arg>
<arg>WF</arg>
<arg>WS</arg>
<arg>XK</arg>
<arg>YE</arg>
<arg>YT</arg>
<arg>ZA</arg>
<arg>ZM</arg>
<arg>ZW</arg>
<doc>Returns a list containing given items.</doc>
<status status="PASS" start="2024-07-05T20:16:45.364760" elapsed="0.000636"/>
</kw>
<kw name="List Should Contain Value" owner="Collections">
<arg>${list_country}</arg>
<arg>${name_country}</arg>
<doc>Fails if the ``value`` is not found from ``list``.</doc>
<status status="PASS" start="2024-07-05T20:16:45.366235" elapsed="0.000216"/>
</kw>
<kw name="Run Keyword If" owner="BuiltIn">
<kw name="Should Be True" owner="BuiltIn">
<arg>${True}</arg>
<doc>Fails if the given condition is not true.</doc>
<status status="PASS" start="2024-07-05T20:16:45.367435" elapsed="0.000152"/>
</kw>
<arg>${json_data["results"][0]["location"]["coordinates"]["latitude"]} &gt;= -90 and ${json_data["results"][0]["location"]["coordinates"]["latitude"]} &lt;= 90</arg>
<arg>Should Be True</arg>
<arg>${True}</arg>
<doc>Runs the given keyword with the given arguments, if ``condition`` is true.</doc>
<status status="PASS" start="2024-07-05T20:16:45.366651" elapsed="0.001065"/>
</kw>
<kw name="Run Keyword If" owner="BuiltIn">
<kw name="Should Be True" owner="BuiltIn">
<arg>${True}</arg>
<doc>Fails if the given condition is not true.</doc>
<status status="PASS" start="2024-07-05T20:16:45.368609" elapsed="0.000142"/>
</kw>
<arg>${json_data["results"][0]["location"]["coordinates"]["longitude"]} &gt;= -180 and ${json_data["results"][0]["location"]["coordinates"]["longitude"]} &lt;= 180</arg>
<arg>Should Be True</arg>
<arg>${True}</arg>
<doc>Runs the given keyword with the given arguments, if ``condition`` is true.</doc>
<status status="PASS" start="2024-07-05T20:16:45.367901" elapsed="0.000976"/>
</kw>
<status status="PASS" start="2024-07-05T20:16:45.257866" elapsed="0.111150"/>
</kw>
<doc>Testa o conteúdo específico dos campos retornados pela API.</doc>
<tag>testeConteudo</tag>
<status status="PASS" start="2024-07-05T20:16:45.257048" elapsed="0.112128"/>
</test>
<status status="PASS" start="2024-07-05T20:16:44.322456" elapsed="1.048834"/>
</suite>
<status status="PASS" start="2024-07-05T20:16:44.306832" elapsed="1.070013"/>
</suite>
<statistics>
<total>
<stat pass="5" fail="0" skip="0">All Tests</stat>
</total>
<tag>
<stat pass="1" fail="0" skip="0">testeConteudo</stat>
<stat pass="1" fail="0" skip="0">testeEstruturaResposta</stat>
<stat pass="1" fail="0" skip="0">testeRequisicaoBasica</stat>
<stat pass="1" fail="0" skip="0">testeTiposDados</stat>
</tag>
<suite>
<stat pass="5" fail="0" skip="0" id="s1" name="Tests">Tests</stat>
<stat pass="5" fail="0" skip="0" id="s1-s1" name="Random-User-Test">Tests.Random-User-Test</stat>
</suite>
</statistics>
<errors>
</errors>
</robot>
