<?xml version="1.0" encoding="UTF-8"?>
<robot generator="Robot 7.0 (Python 3.12.3 on linux)" generated="2024-06-08T17:13:21.403785" rpa="false" schemaversion="5">
<suite id="s1" name="Tests" source="/home/runner/work/ApiRandomUser/ApiRandomUser/RamdonUser/tests">
<suite id="s1-s1" name="Random-User-Test" source="/home/runner/work/ApiRandomUser/ApiRandomUser/RamdonUser/tests/random-user-test.robot">
<test id="s1-s1-t1" name="Conectar" line="13">
<kw name="Conectar API" owner="random-user-service">
<kw name="Create Session" owner="RequestsLibrary">
<msg time="2024-06-08T17:13:21.784115" level="INFO">Creating Session using : alias=consultarAPI, url=https://randomuser.me/, headers={},                     cookies={}, auth=None, timeout=None, proxies=None, verify=False,                     debug=0 </msg>
<arg>consultarAPI</arg>
<arg>${URL}</arg>
<doc>Create Session: create a HTTP session to a server</doc>
<status status="PASS" start="2024-06-08T17:13:21.783909" elapsed="0.000385"/>
</kw>
<status status="PASS" start="2024-06-08T17:13:21.782860" elapsed="0.001795"/>
</kw>
<status status="PASS" start="2024-06-08T17:13:21.782253" elapsed="0.002598"/>
</test>
<test id="s1-s1-t2" name="Validar retorno 200 e JSON Válido" line="16">
<kw name="Teste de Requisicao Basica" owner="random-user-service">
<kw name="GET On Session" owner="RequestsLibrary">
<msg time="2024-06-08T17:13:22.003676" level="INFO">GET Request : url=https://randomuser.me/api 
 path_url=/api 
 headers={'User-Agent': 'python-requests/2.32.3', 'Accept-Encoding': 'gzip, deflate', 'Accept': '*/*', 'Connection': 'keep-alive'} 
 body=None 
 </msg>
<msg time="2024-06-08T17:13:22.003856" level="INFO">GET Response : url=https://randomuser.me/api 
 status=200, reason=OK 
 headers={'Date': 'Sat, 08 Jun 2024 17:13:21 GMT', 'Content-Type': 'application/json; charset=utf-8', 'Transfer-Encoding': 'chunked', 'Connection': 'keep-alive', 'X-Powered-By': 'Express', 'Access-Control-Allow-Origin': '*', 'Cache-Control': 'no-cache', 'ETag': 'W/"488-ie/M62XNvWdeixGTRXHsthn2Bnk"', 'Vary': 'Accept-Encoding', 'Content-Encoding': 'gzip', 'CF-Cache-Status': 'DYNAMIC', 'Report-To': '{"endpoints":[{"url":"https:\\/\\/a.nel.cloudflare.com\\/report\\/v4?s=lVJrh7LnQNdUdkSEOmUCRLLF8ufLOOantfw1o9f8cKpGT5ciPQl%2BJtvewS3%2FalvrLnT2BebDfn0EOB7ohYzN%2Bvq5rxs2gbr1tBHnHETtntGosMLt3Rv223NEsbLPnSw%2F"}],"group":"cf-nel","max_age":604800}', 'NEL': '{"success_fraction":0,"report_to":"cf-nel","max_age":604800}', 'Server': 'cloudflare', 'CF-RAY': '890a8317de090fd7-LAX', 'alt-svc': 'h3=":443"; ma=86400'} 
 body={"results":[{"gender":"female","name":{"title":"Miss","first":"Becky","last":"Myers"},"location":{"street":{"number":2168,"name":"Church Road"},"city":"Edinburgh","state":"Leicestershire","country":"United Kingdom","postcode":"FB2X 4RQ","coordinates":{"latitude":"-7.3416","longitude":"6.3458"},"timezone":{"offset":"-9:00","description":"Alaska"}},"email":"becky.myers@example.com","login":{"uuid":"2a423249-8e3b-46e5-b139-c72cb6ba5f78","username":"organicrabbit510","password":"cccccc","salt":"4nTz6wSg","md5":"279641998160caea92e02f47e9eabf8f","sha1":"c3dfe42aa4061f6d7616bbb633794e9827e76a38","sha256":"404a5701a8793de470708fb135bd9ee99e73a5343e4d8670b2b2c5f51e75f483"},"dob":{"date":"1953-05-29T23:43:41.393Z","age":71},"registered":{"date":"2018-04-14T04:15:13.468Z","age":6},"phone":"01476 39459","cell":"07900 764746","id":{"name":"NINO","value":"YB 09 79 57 Z"},"picture":{"large":"https://randomuser.me/api/portraits/women/70.jpg","medium":"https://randomuser.me/api/portraits/med/women/70.jpg","thumbnail":"https://randomuser.me/api/portraits/thumb/women/70.jpg"},"nat":"GB"}],"info":{"seed":"dcae03b82258feb1","results":1,"page":1,"version":"1.4"}} 
 </msg>
<msg time="2024-06-08T17:13:22.003954" level="INFO">/opt/hostedtoolcache/Python/3.12.3/x64/lib/python3.12/site-packages/urllib3/connectionpool.py:1103: InsecureRequestWarning: Unverified HTTPS request is being made to host 'randomuser.me'. Adding certificate verification is strongly advised. See: https://urllib3.readthedocs.io/en/latest/advanced-usage.html#tls-warnings
  warnings.warn(</msg>
<msg time="2024-06-08T17:13:22.004129" level="INFO">${response} = &lt;Response [200]&gt;</msg>
<var>${response}</var>
<arg>consultarAPI</arg>
<arg>/api</arg>
<doc>Sends a GET request on a previously created HTTP Session.</doc>
<status status="PASS" start="2024-06-08T17:13:21.787545" elapsed="0.216625"/>
</kw>
<kw name="Should Be Equal As Numbers" owner="BuiltIn">
<msg time="2024-06-08T17:13:22.005277" level="INFO">Argument types are:
&lt;class 'int'&gt;
&lt;class 'str'&gt;</msg>
<arg>${response.status_code}</arg>
<arg>200</arg>
<doc>Fails if objects are unequal after converting them to real numbers.</doc>
<status status="PASS" start="2024-06-08T17:13:22.004796" elapsed="0.000547"/>
</kw>
<kw name="Log" owner="BuiltIn">
<msg time="2024-06-08T17:13:22.006078" level="INFO">200</msg>
<arg>${response.status_code}</arg>
<doc>Logs the given message with the given level.</doc>
<status status="PASS" start="2024-06-08T17:13:22.005688" elapsed="0.000440"/>
</kw>
<kw name="Set Variable" owner="BuiltIn">
<msg time="2024-06-08T17:13:22.006873" level="INFO">${json_data} = {'results': [{'gender': 'female', 'name': {'title': 'Miss', 'first': 'Becky', 'last': 'Myers'}, 'location': {'street': {'number': 2168, 'name': 'Church Road'}, 'city': 'Edinburgh', 'state': 'Leicester...</msg>
<var>${json_data}</var>
<arg>${response.json()}</arg>
<doc>Returns the given values which can then be assigned to a variables.</doc>
<status status="PASS" start="2024-06-08T17:13:22.006439" elapsed="0.000463"/>
</kw>
<kw name="Dictionary Should Contain Key" owner="Collections">
<msg time="2024-06-08T17:13:22.007375" level="INFO">False</msg>
<arg>${json_data}</arg>
<arg>results</arg>
<doc>Fails if ``key`` is not found from ``dictionary``.</doc>
<status status="PASS" start="2024-06-08T17:13:22.007208" elapsed="0.000363"/>
</kw>
<status status="PASS" start="2024-06-08T17:13:21.787306" elapsed="0.220536"/>
</kw>
<doc>Testa se a API responde corretamente e retorna um objeto JSON válido.</doc>
<tag>testeRequisicaoBasica</tag>
<status status="PASS" start="2024-06-08T17:13:21.786797" elapsed="0.221230"/>
</test>
<test id="s1-s1-t3" name="Validar estrutura de resposta" line="22">
<kw name="Teste de Estrutura de Resposta" owner="random-user-service">
<kw name="GET On Session" owner="RequestsLibrary">
<msg time="2024-06-08T17:13:22.109572" level="INFO">GET Request : url=https://randomuser.me/api 
 path_url=/api 
 headers={'User-Agent': 'python-requests/2.32.3', 'Accept-Encoding': 'gzip, deflate', 'Accept': '*/*', 'Connection': 'keep-alive'} 
 body=None 
 </msg>
<msg time="2024-06-08T17:13:22.109639" level="INFO">GET Response : url=https://randomuser.me/api 
 status=200, reason=OK 
 headers={'Date': 'Sat, 08 Jun 2024 17:13:22 GMT', 'Content-Type': 'application/json; charset=utf-8', 'Transfer-Encoding': 'chunked', 'Connection': 'keep-alive', 'X-Powered-By': 'Express', 'Access-Control-Allow-Origin': '*', 'Cache-Control': 'no-cache', 'ETag': 'W/"47c-ps0DTBp1sv1rr2x+dNxvqhftXJ8"', 'Vary': 'Accept-Encoding', 'Content-Encoding': 'gzip', 'CF-Cache-Status': 'DYNAMIC', 'Report-To': '{"endpoints":[{"url":"https:\\/\\/a.nel.cloudflare.com\\/report\\/v4?s=EQaHTYWgThdj%2BDJSYd6jLkCBoGIippxNW7rVT%2BLDeVoW2OcqtUk7P25ssTcCIOqz%2B6FIQjMM606%2BZJrGDxgTUstZlDAh5sCA%2BtfiEi2p4Ye7bJ2vrv4s%2F471p56zjxEd"}],"group":"cf-nel","max_age":604800}', 'NEL': '{"success_fraction":0,"report_to":"cf-nel","max_age":604800}', 'Server': 'cloudflare', 'CF-RAY': '890a83189ee60fd7-LAX', 'alt-svc': 'h3=":443"; ma=86400'} 
 body={"results":[{"gender":"female","name":{"title":"Ms","first":"Helmi","last":"Maunu"},"location":{"street":{"number":3222,"name":"Tehtaankatu"},"city":"Pornainen","state":"Kymenlaakso","country":"Finland","postcode":11030,"coordinates":{"latitude":"-24.4553","longitude":"174.1433"},"timezone":{"offset":"+5:45","description":"Kathmandu"}},"email":"helmi.maunu@example.com","login":{"uuid":"49eb5ea3-0d18-48d2-bbbb-16c3d6da755a","username":"sadcat489","password":"phyllis","salt":"2gIH2jBU","md5":"2ceb0daeecf7109bb321caa5e423c5d8","sha1":"60cf43d39ed396ec47ee3cd4b494eea90cbbaa45","sha256":"793cbfdcb25d640b5854ca95aff9433271c1a91780ea2dcc4c8d1de92e69414a"},"dob":{"date":"1988-10-10T08:14:03.514Z","age":35},"registered":{"date":"2006-10-01T02:52:40.770Z","age":17},"phone":"05-864-336","cell":"047-479-41-09","id":{"name":"HETU","value":"NaNNA560undefined"},"picture":{"large":"https://randomuser.me/api/portraits/women/79.jpg","medium":"https://randomuser.me/api/portraits/med/women/79.jpg","thumbnail":"https://randomuser.me/api/portraits/thumb/women/79.jpg"},"nat":"FI"}],"info":{"seed":"7e66559e9542f571","results":1,"page":1,"version":"1.4"}} 
 </msg>
<msg time="2024-06-08T17:13:22.109730" level="INFO">/opt/hostedtoolcache/Python/3.12.3/x64/lib/python3.12/site-packages/urllib3/connectionpool.py:1103: InsecureRequestWarning: Unverified HTTPS request is being made to host 'randomuser.me'. Adding certificate verification is strongly advised. See: https://urllib3.readthedocs.io/en/latest/advanced-usage.html#tls-warnings
  warnings.warn(</msg>
<msg time="2024-06-08T17:13:22.109857" level="INFO">${response} = &lt;Response [200]&gt;</msg>
<var>${response}</var>
<arg>consultarAPI</arg>
<arg>/api</arg>
<doc>Sends a GET request on a previously created HTTP Session.</doc>
<status status="PASS" start="2024-06-08T17:13:22.010738" elapsed="0.099159"/>
</kw>
<kw name="Set Variable" owner="BuiltIn">
<msg time="2024-06-08T17:13:22.110892" level="INFO">${json_data} = {'results': [{'gender': 'female', 'name': {'title': 'Ms', 'first': 'Helmi', 'last': 'Maunu'}, 'location': {'street': {'number': 3222, 'name': 'Tehtaankatu'}, 'city': 'Pornainen', 'state': 'Kymenlaakso...</msg>
<var>${json_data}</var>
<arg>${response.json()}</arg>
<doc>Returns the given values which can then be assigned to a variables.</doc>
<status status="PASS" start="2024-06-08T17:13:22.110344" elapsed="0.000578"/>
</kw>
<kw name="Log" owner="BuiltIn">
<msg time="2024-06-08T17:13:22.111400" level="INFO">{'results': [{'gender': 'female', 'name': {'title': 'Ms', 'first': 'Helmi', 'last': 'Maunu'}, 'location': {'street': {'number': 3222, 'name': 'Tehtaankatu'}, 'city': 'Pornainen', 'state': 'Kymenlaakso', 'country': 'Finland', 'postcode': 11030, 'coordinates': {'latitude': '-24.4553', 'longitude': '174.1433'}, 'timezone': {'offset': '+5:45', 'description': 'Kathmandu'}}, 'email': 'helmi.maunu@example.com', 'login': {'uuid': '49eb5ea3-0d18-48d2-bbbb-16c3d6da755a', 'username': 'sadcat489', 'password': 'phyllis', 'salt': '2gIH2jBU', 'md5': '2ceb0daeecf7109bb321caa5e423c5d8', 'sha1': '60cf43d39ed396ec47ee3cd4b494eea90cbbaa45', 'sha256': '793cbfdcb25d640b5854ca95aff9433271c1a91780ea2dcc4c8d1de92e69414a'}, 'dob': {'date': '1988-10-10T08:14:03.514Z', 'age': 35}, 'registered': {'date': '2006-10-01T02:52:40.770Z', 'age': 17}, 'phone': '05-864-336', 'cell': '047-479-41-09', 'id': {'name': 'HETU', 'value': 'NaNNA560undefined'}, 'picture': {'large': 'https://randomuser.me/api/portraits/women/79.jpg', 'medium': 'https://randomuser.me/api/portraits/med/women/79.jpg', 'thumbnail': 'https://randomuser.me/api/portraits/thumb/women/79.jpg'}, 'nat': 'FI'}], 'info': {'seed': '7e66559e9542f571', 'results': 1, 'page': 1, 'version': '1.4'}}</msg>
<arg>${json_data}</arg>
<doc>Logs the given message with the given level.</doc>
<status status="PASS" start="2024-06-08T17:13:22.111245" elapsed="0.000201"/>
</kw>
<kw name="Dictionary Should Contain Key" owner="Collections">
<msg time="2024-06-08T17:13:22.111894" level="INFO">False</msg>
<arg>${json_data}</arg>
<arg>results</arg>
<doc>Fails if ``key`` is not found from ``dictionary``.</doc>
<status status="PASS" start="2024-06-08T17:13:22.111739" elapsed="0.000190"/>
</kw>
<kw name="Should Not Be Empty" owner="BuiltIn">
<msg time="2024-06-08T17:13:22.112354" level="INFO">Length is 2.</msg>
<arg>${json_data}</arg>
<doc>Verifies that the given item is not empty.</doc>
<status status="PASS" start="2024-06-08T17:13:22.112216" elapsed="0.000175"/>
</kw>
<kw name="Create List" owner="BuiltIn">
<msg time="2024-06-08T17:13:22.112828" level="INFO">${expected_keys} = ['gender', 'name', 'location', 'email', 'login']</msg>
<var>${expected_keys}</var>
<arg>gender</arg>
<arg>name</arg>
<arg>location</arg>
<arg>email</arg>
<arg>login</arg>
<doc>Returns a list containing given items.</doc>
<status status="PASS" start="2024-06-08T17:13:22.112681" elapsed="0.000170"/>
</kw>
<for flavor="IN">
<iter>
<kw name="Dictionary Should Contain Key" owner="Collections">
<msg time="2024-06-08T17:13:22.113851" level="INFO">False</msg>
<arg>${json_data['results'][0]}</arg>
<arg>${key}</arg>
<doc>Fails if ``key`` is not found from ``dictionary``.</doc>
<status status="PASS" start="2024-06-08T17:13:22.113421" elapsed="0.000473"/>
</kw>
<kw name="Log" owner="BuiltIn">
<msg time="2024-06-08T17:13:22.114585" level="INFO">{'gender': 'female', 'name': {'title': 'Ms', 'first': 'Helmi', 'last': 'Maunu'}, 'location': {'street': {'number': 3222, 'name': 'Tehtaankatu'}, 'city': 'Pornainen', 'state': 'Kymenlaakso', 'country': 'Finland', 'postcode': 11030, 'coordinates': {'latitude': '-24.4553', 'longitude': '174.1433'}, 'timezone': {'offset': '+5:45', 'description': 'Kathmandu'}}, 'email': 'helmi.maunu@example.com', 'login': {'uuid': '49eb5ea3-0d18-48d2-bbbb-16c3d6da755a', 'username': 'sadcat489', 'password': 'phyllis', 'salt': '2gIH2jBU', 'md5': '2ceb0daeecf7109bb321caa5e423c5d8', 'sha1': '60cf43d39ed396ec47ee3cd4b494eea90cbbaa45', 'sha256': '793cbfdcb25d640b5854ca95aff9433271c1a91780ea2dcc4c8d1de92e69414a'}, 'dob': {'date': '1988-10-10T08:14:03.514Z', 'age': 35}, 'registered': {'date': '2006-10-01T02:52:40.770Z', 'age': 17}, 'phone': '05-864-336', 'cell': '047-479-41-09', 'id': {'name': 'HETU', 'value': 'NaNNA560undefined'}, 'picture': {'large': 'https://randomuser.me/api/portraits/women/79.jpg', 'medium': 'https://randomuser.me/api/portraits/med/women/79.jpg', 'thumbnail': 'https://randomuser.me/api/portraits/thumb/women/79.jpg'}, 'nat': 'FI'}</msg>
<arg>${json_data['results'][0]}</arg>
<doc>Logs the given message with the given level.</doc>
<status status="PASS" start="2024-06-08T17:13:22.114215" elapsed="0.000417"/>
</kw>
<kw name="Log" owner="BuiltIn">
<msg time="2024-06-08T17:13:22.115062" level="INFO">gender</msg>
<arg>${key}</arg>
<doc>Logs the given message with the given level.</doc>
<status status="PASS" start="2024-06-08T17:13:22.114933" elapsed="0.000166"/>
</kw>
<var name="${key}">gender</var>
<status status="PASS" start="2024-06-08T17:13:22.113292" elapsed="0.002024"/>
</iter>
<iter>
<kw name="Dictionary Should Contain Key" owner="Collections">
<msg time="2024-06-08T17:13:22.116003" level="INFO">False</msg>
<arg>${json_data['results'][0]}</arg>
<arg>${key}</arg>
<doc>Fails if ``key`` is not found from ``dictionary``.</doc>
<status status="PASS" start="2024-06-08T17:13:22.115617" elapsed="0.000422"/>
</kw>
<kw name="Log" owner="BuiltIn">
<msg time="2024-06-08T17:13:22.116720" level="INFO">{'gender': 'female', 'name': {'title': 'Ms', 'first': 'Helmi', 'last': 'Maunu'}, 'location': {'street': {'number': 3222, 'name': 'Tehtaankatu'}, 'city': 'Pornainen', 'state': 'Kymenlaakso', 'country': 'Finland', 'postcode': 11030, 'coordinates': {'latitude': '-24.4553', 'longitude': '174.1433'}, 'timezone': {'offset': '+5:45', 'description': 'Kathmandu'}}, 'email': 'helmi.maunu@example.com', 'login': {'uuid': '49eb5ea3-0d18-48d2-bbbb-16c3d6da755a', 'username': 'sadcat489', 'password': 'phyllis', 'salt': '2gIH2jBU', 'md5': '2ceb0daeecf7109bb321caa5e423c5d8', 'sha1': '60cf43d39ed396ec47ee3cd4b494eea90cbbaa45', 'sha256': '793cbfdcb25d640b5854ca95aff9433271c1a91780ea2dcc4c8d1de92e69414a'}, 'dob': {'date': '1988-10-10T08:14:03.514Z', 'age': 35}, 'registered': {'date': '2006-10-01T02:52:40.770Z', 'age': 17}, 'phone': '05-864-336', 'cell': '047-479-41-09', 'id': {'name': 'HETU', 'value': 'NaNNA560undefined'}, 'picture': {'large': 'https://randomuser.me/api/portraits/women/79.jpg', 'medium': 'https://randomuser.me/api/portraits/med/women/79.jpg', 'thumbnail': 'https://randomuser.me/api/portraits/thumb/women/79.jpg'}, 'nat': 'FI'}</msg>
<arg>${json_data['results'][0]}</arg>
<doc>Logs the given message with the given level.</doc>
<status status="PASS" start="2024-06-08T17:13:22.116361" elapsed="0.000408"/>
</kw>
<kw name="Log" owner="BuiltIn">
<msg time="2024-06-08T17:13:22.117193" level="INFO">name</msg>
<arg>${key}</arg>
<doc>Logs the given message with the given level.</doc>
<status status="PASS" start="2024-06-08T17:13:22.117062" elapsed="0.000168"/>
</kw>
<var name="${key}">name</var>
<status status="PASS" start="2024-06-08T17:13:22.115501" elapsed="0.001941"/>
</iter>
<iter>
<kw name="Dictionary Should Contain Key" owner="Collections">
<msg time="2024-06-08T17:13:22.118141" level="INFO">False</msg>
<arg>${json_data['results'][0]}</arg>
<arg>${key}</arg>
<doc>Fails if ``key`` is not found from ``dictionary``.</doc>
<status status="PASS" start="2024-06-08T17:13:22.117729" elapsed="0.000449"/>
</kw>
<kw name="Log" owner="BuiltIn">
<msg time="2024-06-08T17:13:22.118850" level="INFO">{'gender': 'female', 'name': {'title': 'Ms', 'first': 'Helmi', 'last': 'Maunu'}, 'location': {'street': {'number': 3222, 'name': 'Tehtaankatu'}, 'city': 'Pornainen', 'state': 'Kymenlaakso', 'country': 'Finland', 'postcode': 11030, 'coordinates': {'latitude': '-24.4553', 'longitude': '174.1433'}, 'timezone': {'offset': '+5:45', 'description': 'Kathmandu'}}, 'email': 'helmi.maunu@example.com', 'login': {'uuid': '49eb5ea3-0d18-48d2-bbbb-16c3d6da755a', 'username': 'sadcat489', 'password': 'phyllis', 'salt': '2gIH2jBU', 'md5': '2ceb0daeecf7109bb321caa5e423c5d8', 'sha1': '60cf43d39ed396ec47ee3cd4b494eea90cbbaa45', 'sha256': '793cbfdcb25d640b5854ca95aff9433271c1a91780ea2dcc4c8d1de92e69414a'}, 'dob': {'date': '1988-10-10T08:14:03.514Z', 'age': 35}, 'registered': {'date': '2006-10-01T02:52:40.770Z', 'age': 17}, 'phone': '05-864-336', 'cell': '047-479-41-09', 'id': {'name': 'HETU', 'value': 'NaNNA560undefined'}, 'picture': {'large': 'https://randomuser.me/api/portraits/women/79.jpg', 'medium': 'https://randomuser.me/api/portraits/med/women/79.jpg', 'thumbnail': 'https://randomuser.me/api/portraits/thumb/women/79.jpg'}, 'nat': 'FI'}</msg>
<arg>${json_data['results'][0]}</arg>
<doc>Logs the given message with the given level.</doc>
<status status="PASS" start="2024-06-08T17:13:22.118481" elapsed="0.000419"/>
</kw>
<kw name="Log" owner="BuiltIn">
<msg time="2024-06-08T17:13:22.119326" level="INFO">location</msg>
<arg>${key}</arg>
<doc>Logs the given message with the given level.</doc>
<status status="PASS" start="2024-06-08T17:13:22.119199" elapsed="0.000164"/>
</kw>
<var name="${key}">location</var>
<status status="PASS" start="2024-06-08T17:13:22.117617" elapsed="0.001960"/>
</iter>
<iter>
<kw name="Dictionary Should Contain Key" owner="Collections">
<msg time="2024-06-08T17:13:22.120360" level="INFO">False</msg>
<arg>${json_data['results'][0]}</arg>
<arg>${key}</arg>
<doc>Fails if ``key`` is not found from ``dictionary``.</doc>
<status status="PASS" start="2024-06-08T17:13:22.119860" elapsed="0.000538"/>
</kw>
<kw name="Log" owner="BuiltIn">
<msg time="2024-06-08T17:13:22.121059" level="INFO">{'gender': 'female', 'name': {'title': 'Ms', 'first': 'Helmi', 'last': 'Maunu'}, 'location': {'street': {'number': 3222, 'name': 'Tehtaankatu'}, 'city': 'Pornainen', 'state': 'Kymenlaakso', 'country': 'Finland', 'postcode': 11030, 'coordinates': {'latitude': '-24.4553', 'longitude': '174.1433'}, 'timezone': {'offset': '+5:45', 'description': 'Kathmandu'}}, 'email': 'helmi.maunu@example.com', 'login': {'uuid': '49eb5ea3-0d18-48d2-bbbb-16c3d6da755a', 'username': 'sadcat489', 'password': 'phyllis', 'salt': '2gIH2jBU', 'md5': '2ceb0daeecf7109bb321caa5e423c5d8', 'sha1': '60cf43d39ed396ec47ee3cd4b494eea90cbbaa45', 'sha256': '793cbfdcb25d640b5854ca95aff9433271c1a91780ea2dcc4c8d1de92e69414a'}, 'dob': {'date': '1988-10-10T08:14:03.514Z', 'age': 35}, 'registered': {'date': '2006-10-01T02:52:40.770Z', 'age': 17}, 'phone': '05-864-336', 'cell': '047-479-41-09', 'id': {'name': 'HETU', 'value': 'NaNNA560undefined'}, 'picture': {'large': 'https://randomuser.me/api/portraits/women/79.jpg', 'medium': 'https://randomuser.me/api/portraits/med/women/79.jpg', 'thumbnail': 'https://randomuser.me/api/portraits/thumb/women/79.jpg'}, 'nat': 'FI'}</msg>
<arg>${json_data['results'][0]}</arg>
<doc>Logs the given message with the given level.</doc>
<status status="PASS" start="2024-06-08T17:13:22.120700" elapsed="0.000408"/>
</kw>
<kw name="Log" owner="BuiltIn">
<msg time="2024-06-08T17:13:22.121530" level="INFO">email</msg>
<arg>${key}</arg>
<doc>Logs the given message with the given level.</doc>
<status status="PASS" start="2024-06-08T17:13:22.121402" elapsed="0.000165"/>
</kw>
<var name="${key}">email</var>
<status status="PASS" start="2024-06-08T17:13:22.119748" elapsed="0.002066"/>
</iter>
<iter>
<kw name="Dictionary Should Contain Key" owner="Collections">
<msg time="2024-06-08T17:13:22.122492" level="INFO">False</msg>
<arg>${json_data['results'][0]}</arg>
<arg>${key}</arg>
<doc>Fails if ``key`` is not found from ``dictionary``.</doc>
<status status="PASS" start="2024-06-08T17:13:22.122106" elapsed="0.000423"/>
</kw>
<kw name="Log" owner="BuiltIn">
<msg time="2024-06-08T17:13:22.123183" level="INFO">{'gender': 'female', 'name': {'title': 'Ms', 'first': 'Helmi', 'last': 'Maunu'}, 'location': {'street': {'number': 3222, 'name': 'Tehtaankatu'}, 'city': 'Pornainen', 'state': 'Kymenlaakso', 'country': 'Finland', 'postcode': 11030, 'coordinates': {'latitude': '-24.4553', 'longitude': '174.1433'}, 'timezone': {'offset': '+5:45', 'description': 'Kathmandu'}}, 'email': 'helmi.maunu@example.com', 'login': {'uuid': '49eb5ea3-0d18-48d2-bbbb-16c3d6da755a', 'username': 'sadcat489', 'password': 'phyllis', 'salt': '2gIH2jBU', 'md5': '2ceb0daeecf7109bb321caa5e423c5d8', 'sha1': '60cf43d39ed396ec47ee3cd4b494eea90cbbaa45', 'sha256': '793cbfdcb25d640b5854ca95aff9433271c1a91780ea2dcc4c8d1de92e69414a'}, 'dob': {'date': '1988-10-10T08:14:03.514Z', 'age': 35}, 'registered': {'date': '2006-10-01T02:52:40.770Z', 'age': 17}, 'phone': '05-864-336', 'cell': '047-479-41-09', 'id': {'name': 'HETU', 'value': 'NaNNA560undefined'}, 'picture': {'large': 'https://randomuser.me/api/portraits/women/79.jpg', 'medium': 'https://randomuser.me/api/portraits/med/women/79.jpg', 'thumbnail': 'https://randomuser.me/api/portraits/thumb/women/79.jpg'}, 'nat': 'FI'}</msg>
<arg>${json_data['results'][0]}</arg>
<doc>Logs the given message with the given level.</doc>
<status status="PASS" start="2024-06-08T17:13:22.122823" elapsed="0.000408"/>
</kw>
<kw name="Log" owner="BuiltIn">
<msg time="2024-06-08T17:13:22.123649" level="INFO">login</msg>
<arg>${key}</arg>
<doc>Logs the given message with the given level.</doc>
<status status="PASS" start="2024-06-08T17:13:22.123522" elapsed="0.000164"/>
</kw>
<var name="${key}">login</var>
<status status="PASS" start="2024-06-08T17:13:22.121993" elapsed="0.001908"/>
</iter>
<var>${key}</var>
<value>@{expected_keys}</value>
<status status="PASS" start="2024-06-08T17:13:22.113109" elapsed="0.010940"/>
</for>
<kw name="Create List" owner="BuiltIn">
<msg time="2024-06-08T17:13:22.124390" level="INFO">${expected_keysTwo} = ['username', 'password']</msg>
<var>${expected_keysTwo}</var>
<arg>username</arg>
<arg>password</arg>
<doc>Returns a list containing given items.</doc>
<status status="PASS" start="2024-06-08T17:13:22.124254" elapsed="0.000160"/>
</kw>
<for flavor="IN">
<iter>
<kw name="Dictionary Should Contain Key" owner="Collections">
<msg time="2024-06-08T17:13:22.125294" level="INFO">False</msg>
<arg>${json_data['results'][0]['login']}</arg>
<arg>${keyTwo}</arg>
<doc>Fails if ``key`` is not found from ``dictionary``.</doc>
<status status="PASS" start="2024-06-08T17:13:22.124912" elapsed="0.000419"/>
</kw>
<kw name="Dictionary Should Contain Key" owner="Collections">
<msg time="2024-06-08T17:13:22.126044" level="INFO">False</msg>
<arg>${json_data['results'][0]['login']}</arg>
<arg>${keyTwo}</arg>
<doc>Fails if ``key`` is not found from ``dictionary``.</doc>
<status status="PASS" start="2024-06-08T17:13:22.125628" elapsed="0.000454"/>
</kw>
<kw name="Log" owner="BuiltIn">
<msg time="2024-06-08T17:13:22.126502" level="INFO">username</msg>
<arg>${keyTwo}</arg>
<doc>Logs the given message with the given level.</doc>
<status status="PASS" start="2024-06-08T17:13:22.126375" elapsed="0.000163"/>
</kw>
<var name="${keyTwo}">username</var>
<status status="PASS" start="2024-06-08T17:13:22.124801" elapsed="0.001949"/>
</iter>
<iter>
<kw name="Dictionary Should Contain Key" owner="Collections">
<msg time="2024-06-08T17:13:22.127428" level="INFO">False</msg>
<arg>${json_data['results'][0]['login']}</arg>
<arg>${keyTwo}</arg>
<doc>Fails if ``key`` is not found from ``dictionary``.</doc>
<status status="PASS" start="2024-06-08T17:13:22.127042" elapsed="0.000424"/>
</kw>
<kw name="Dictionary Should Contain Key" owner="Collections">
<msg time="2024-06-08T17:13:22.128138" level="INFO">False</msg>
<arg>${json_data['results'][0]['login']}</arg>
<arg>${keyTwo}</arg>
<doc>Fails if ``key`` is not found from ``dictionary``.</doc>
<status status="PASS" start="2024-06-08T17:13:22.127759" elapsed="0.000416"/>
</kw>
<kw name="Log" owner="BuiltIn">
<msg time="2024-06-08T17:13:22.128596" level="INFO">password</msg>
<arg>${keyTwo}</arg>
<doc>Logs the given message with the given level.</doc>
<status status="PASS" start="2024-06-08T17:13:22.128469" elapsed="0.000164"/>
</kw>
<var name="${keyTwo}">password</var>
<status status="PASS" start="2024-06-08T17:13:22.126931" elapsed="0.001916"/>
</iter>
<var>${keyTwo}</var>
<value>@{expected_keysTwo}</value>
<status status="PASS" start="2024-06-08T17:13:22.124649" elapsed="0.004317"/>
</for>
<status status="PASS" start="2024-06-08T17:13:22.010499" elapsed="0.118605"/>
</kw>
<doc>Testa a estrutura da resposta da API.</doc>
<tag>testeEstruturaResposta</tag>
<status status="PASS" start="2024-06-08T17:13:22.009862" elapsed="0.119393"/>
</test>
<test id="s1-s1-t4" name="Validar tipos de dados" line="28">
<kw name="Teste de Tipos de Dados" owner="random-user-service">
<kw name="GET On Session" owner="RequestsLibrary">
<msg time="2024-06-08T17:13:22.224546" level="INFO">GET Request : url=https://randomuser.me/api 
 path_url=/api 
 headers={'User-Agent': 'python-requests/2.32.3', 'Accept-Encoding': 'gzip, deflate', 'Accept': '*/*', 'Connection': 'keep-alive'} 
 body=None 
 </msg>
<msg time="2024-06-08T17:13:22.224621" level="INFO">GET Response : url=https://randomuser.me/api 
 status=200, reason=OK 
 headers={'Date': 'Sat, 08 Jun 2024 17:13:22 GMT', 'Content-Type': 'application/json; charset=utf-8', 'Transfer-Encoding': 'chunked', 'Connection': 'keep-alive', 'X-Powered-By': 'Express', 'Access-Control-Allow-Origin': '*', 'Cache-Control': 'no-cache', 'ETag': 'W/"479-uLg/MI9XqcBxWua8QW39D2bB9Nk"', 'Vary': 'Accept-Encoding', 'Content-Encoding': 'gzip', 'CF-Cache-Status': 'DYNAMIC', 'Report-To': '{"endpoints":[{"url":"https:\\/\\/a.nel.cloudflare.com\\/report\\/v4?s=ByfmI7tQebIgXQHHBHSDmMvT21Wfapyuuh6m%2BSgkrDf%2FIsUBqob7NJ520KtZQfmT4uMqvYtT136ZBi9B3Yl917F6wMCnqJFRVbCjyzQOr0ocKuyXJTNC83pvSiSEKe3p"}],"group":"cf-nel","max_age":604800}', 'NEL': '{"success_fraction":0,"report_to":"cf-nel","max_age":604800}', 'Server': 'cloudflare', 'CF-RAY': '890a831958100fd7-LAX', 'alt-svc': 'h3=":443"; ma=86400'} 
 body={"results":[{"gender":"male","name":{"title":"Mr","first":"Frieder","last":"Kunst"},"location":{"street":{"number":1137,"name":"Schulstraße"},"city":"Hilden","state":"Brandenburg","country":"Germany","postcode":50441,"coordinates":{"latitude":"-48.2442","longitude":"-13.7256"},"timezone":{"offset":"-3:30","description":"Newfoundland"}},"email":"frieder.kunst@example.com","login":{"uuid":"4751d637-a957-45a7-a9ee-11b23e940bc4","username":"tinytiger204","password":"marcia","salt":"NKvEuPCz","md5":"b1177c105fad424a9447e03dbf189919","sha1":"9b438eefab52de0c2940c1a23925c6e4fe311785","sha256":"a2734cce838f9452c60f40a347d9caed100924ab724aad99fd3987b6ba4a3168"},"dob":{"date":"1949-08-26T17:08:49.231Z","age":74},"registered":{"date":"2017-04-07T14:11:48.023Z","age":7},"phone":"0295-2078268","cell":"0171-3256511","id":{"name":"SVNR","value":"02 260849 K 366"},"picture":{"large":"https://randomuser.me/api/portraits/men/13.jpg","medium":"https://randomuser.me/api/portraits/med/men/13.jpg","thumbnail":"https://randomuser.me/api/portraits/thumb/men/13.jpg"},"nat":"DE"}],"info":{"seed":"c203b0f57c07a9cd","results":1,"page":1,"version":"1.4"}} 
 </msg>
<msg time="2024-06-08T17:13:22.224679" level="INFO">/opt/hostedtoolcache/Python/3.12.3/x64/lib/python3.12/site-packages/urllib3/connectionpool.py:1103: InsecureRequestWarning: Unverified HTTPS request is being made to host 'randomuser.me'. Adding certificate verification is strongly advised. See: https://urllib3.readthedocs.io/en/latest/advanced-usage.html#tls-warnings
  warnings.warn(</msg>
<msg time="2024-06-08T17:13:22.224768" level="INFO">${response} = &lt;Response [200]&gt;</msg>
<var>${response}</var>
<arg>consultarAPI</arg>
<arg>/api</arg>
<doc>Sends a GET request on a previously created HTTP Session.</doc>
<status status="PASS" start="2024-06-08T17:13:22.131866" elapsed="0.092953"/>
</kw>
<kw name="Set Variable" owner="BuiltIn">
<msg time="2024-06-08T17:13:22.225880" level="INFO">${json_data} = {'results': [{'gender': 'male', 'name': {'title': 'Mr', 'first': 'Frieder', 'last': 'Kunst'}, 'location': {'street': {'number': 1137, 'name': 'Schulstraße'}, 'city': 'Hilden', 'state': 'Brandenburg', ...</msg>
<var>${json_data}</var>
<arg>${response.json()}</arg>
<doc>Returns the given values which can then be assigned to a variables.</doc>
<status status="PASS" start="2024-06-08T17:13:22.225275" elapsed="0.000636"/>
</kw>
<kw name="Log" owner="BuiltIn">
<msg time="2024-06-08T17:13:22.226391" level="INFO">{'results': [{'gender': 'male', 'name': {'title': 'Mr', 'first': 'Frieder', 'last': 'Kunst'}, 'location': {'street': {'number': 1137, 'name': 'Schulstraße'}, 'city': 'Hilden', 'state': 'Brandenburg', 'country': 'Germany', 'postcode': 50441, 'coordinates': {'latitude': '-48.2442', 'longitude': '-13.7256'}, 'timezone': {'offset': '-3:30', 'description': 'Newfoundland'}}, 'email': 'frieder.kunst@example.com', 'login': {'uuid': '4751d637-a957-45a7-a9ee-11b23e940bc4', 'username': 'tinytiger204', 'password': 'marcia', 'salt': 'NKvEuPCz', 'md5': 'b1177c105fad424a9447e03dbf189919', 'sha1': '9b438eefab52de0c2940c1a23925c6e4fe311785', 'sha256': 'a2734cce838f9452c60f40a347d9caed100924ab724aad99fd3987b6ba4a3168'}, 'dob': {'date': '1949-08-26T17:08:49.231Z', 'age': 74}, 'registered': {'date': '2017-04-07T14:11:48.023Z', 'age': 7}, 'phone': '0295-2078268', 'cell': '0171-3256511', 'id': {'name': 'SVNR', 'value': '02 260849 K 366'}, 'picture': {'large': 'https://randomuser.me/api/portraits/men/13.jpg', 'medium': 'https://randomuser.me/api/portraits/med/men/13.jpg', 'thumbnail': 'https://randomuser.me/api/portraits/thumb/men/13.jpg'}, 'nat': 'DE'}], 'info': {'seed': 'c203b0f57c07a9cd', 'results': 1, 'page': 1, 'version': '1.4'}}</msg>
<arg>${json_data}</arg>
<doc>Logs the given message with the given level.</doc>
<status status="PASS" start="2024-06-08T17:13:22.226228" elapsed="0.000244"/>
</kw>
<kw name="Should Be String" owner="String">
<arg>${json_data['results'][0]['gender']}</arg>
<doc>Fails if the given ``item`` is not a string.</doc>
<status status="PASS" start="2024-06-08T17:13:22.226779" elapsed="0.000365"/>
</kw>
<kw name="Should Match Regexp" owner="BuiltIn">
<arg>${json_data['results'][0]['email']}</arg>
<arg>^[a-zA-Z0-9._%+-]+@[a-zA-Z0-9.-]+\.[a-zA-Z]{2,}$</arg>
<doc>Fails if ``string`` does not match ``pattern`` as a regular expression.</doc>
<status status="PASS" start="2024-06-08T17:13:22.227341" elapsed="0.000631"/>
</kw>
<kw name="Should Match Regexp" owner="BuiltIn">
<arg>${json_data['results'][0]['dob']['date']}</arg>
<arg>\\d{4}-\\d{2}-\\d{2}T\\d{2}:\\d{2}:\\d{2}\\.\\d{3}Z</arg>
<doc>Fails if ``string`` does not match ``pattern`` as a regular expression.</doc>
<status status="PASS" start="2024-06-08T17:13:22.228174" elapsed="0.000491"/>
</kw>
<kw name="Should Match Regexp" owner="BuiltIn">
<arg>${json_data['results'][0]['registered']['date']}</arg>
<arg>\\d{4}-\\d{2}-\\d{2}T\\d{2}:\\d{2}:\\d{2}\\.\\d{3}Z</arg>
<doc>Fails if ``string`` does not match ``pattern`` as a regular expression.</doc>
<status status="PASS" start="2024-06-08T17:13:22.228860" elapsed="0.000376"/>
</kw>
<kw name="Should Match Regexp" owner="BuiltIn">
<arg>${json_data['results'][0]['picture']['large']}</arg>
<arg>^https?://.*\.(?:png|jpe?g|gif|bmp)$</arg>
<doc>Fails if ``string`` does not match ``pattern`` as a regular expression.</doc>
<status status="PASS" start="2024-06-08T17:13:22.229427" elapsed="0.000503"/>
</kw>
<kw name="Should Match Regexp" owner="BuiltIn">
<arg>${json_data['results'][0]['picture']['medium']}</arg>
<arg>^https?://.*\.(?:png|jpe?g|gif|bmp)$</arg>
<doc>Fails if ``string`` does not match ``pattern`` as a regular expression.</doc>
<status status="PASS" start="2024-06-08T17:13:22.230129" elapsed="0.000354"/>
</kw>
<kw name="Should Match Regexp" owner="BuiltIn">
<arg>${json_data['results'][0]['picture']['thumbnail']}</arg>
<arg>^https?://.*\.(?:png|jpe?g|gif|bmp)$</arg>
<doc>Fails if ``string`` does not match ``pattern`` as a regular expression.</doc>
<status status="PASS" start="2024-06-08T17:13:22.230672" elapsed="0.000345"/>
</kw>
<kw name="Log" owner="BuiltIn">
<msg time="2024-06-08T17:13:22.231518" level="INFO">{'large': 'https://randomuser.me/api/portraits/men/13.jpg', 'medium': 'https://randomuser.me/api/portraits/med/men/13.jpg', 'thumbnail': 'https://randomuser.me/api/portraits/thumb/men/13.jpg'}</msg>
<arg>${json_data['results'][0]['picture']}</arg>
<doc>Logs the given message with the given level.</doc>
<status status="PASS" start="2024-06-08T17:13:22.231199" elapsed="0.000361"/>
</kw>
<status status="PASS" start="2024-06-08T17:13:22.131636" elapsed="0.100177"/>
</kw>
<kw name="Teste de Tipos de Dados - Postcode" owner="random-user-service">
<kw name="GET On Session" owner="RequestsLibrary">
<msg time="2024-06-08T17:13:22.331335" level="INFO">GET Request : url=https://randomuser.me/api 
 path_url=/api 
 headers={'User-Agent': 'python-requests/2.32.3', 'Accept-Encoding': 'gzip, deflate', 'Accept': '*/*', 'Connection': 'keep-alive'} 
 body=None 
 </msg>
<msg time="2024-06-08T17:13:22.331450" level="INFO">GET Response : url=https://randomuser.me/api 
 status=200, reason=OK 
 headers={'Date': 'Sat, 08 Jun 2024 17:13:22 GMT', 'Content-Type': 'application/json; charset=utf-8', 'Transfer-Encoding': 'chunked', 'Connection': 'keep-alive', 'X-Powered-By': 'Express', 'Access-Control-Allow-Origin': '*', 'Cache-Control': 'no-cache', 'ETag': 'W/"483-/SIzhZ/joFbnC42XK5vrUKksGDQ"', 'Vary': 'Accept-Encoding', 'Content-Encoding': 'gzip', 'CF-Cache-Status': 'DYNAMIC', 'Report-To': '{"endpoints":[{"url":"https:\\/\\/a.nel.cloudflare.com\\/report\\/v4?s=g7eAwAIS1BsQenhGY%2FlYPzy8uqqhL%2FjFCSVqoS7u8GH3Yn7WsfKxLhqm%2BeA93eoP%2FwIMW1aeAVfiB5SNCOza0rh68TWdxqIcoIk%2F8CdZHnXlkXpMOzx9Qf%2FZVEs8uv9P"}],"group":"cf-nel","max_age":604800}', 'NEL': '{"success_fraction":0,"report_to":"cf-nel","max_age":604800}', 'Server': 'cloudflare', 'CF-RAY': '890a8319f8c80fd7-LAX', 'alt-svc': 'h3=":443"; ma=86400'} 
 body={"results":[{"gender":"female","name":{"title":"Miss","first":"Meenakshi","last":"Shayana"},"location":{"street":{"number":3933,"name":"Jagadamba Centre"},"city":"Uluberia","state":"Tamil Nadu","country":"India","postcode":59768,"coordinates":{"latitude":"11.0668","longitude":"64.0387"},"timezone":{"offset":"-9:00","description":"Alaska"}},"email":"meenakshi.shayana@example.com","login":{"uuid":"6d3165fd-8e8a-4578-8259-3480b95146a3","username":"organicduck362","password":"frisky","salt":"3HOwEHri","md5":"81dd62bea36734de247a92eb7d9a039f","sha1":"7d6ace240f0031034e6d3340c013b53d3a7dee72","sha256":"97e4d31e3e481caa4636a4f760827c3039b1a394ebd8465b97da90a3c9e70e56"},"dob":{"date":"1975-06-13T02:08:46.930Z","age":48},"registered":{"date":"2003-02-01T21:51:16.396Z","age":21},"phone":"8302462031","cell":"9508473094","id":{"name":"UIDAI","value":"245919964407"},"picture":{"large":"https://randomuser.me/api/portraits/women/72.jpg","medium":"https://randomuser.me/api/portraits/med/women/72.jpg","thumbnail":"https://randomuser.me/api/portraits/thumb/women/72.jpg"},"nat":"IN"}],"info":{"seed":"35572d8faf647075","results":1,"page":1,"version":"1.4"}} 
 </msg>
<msg time="2024-06-08T17:13:22.331563" level="INFO">/opt/hostedtoolcache/Python/3.12.3/x64/lib/python3.12/site-packages/urllib3/connectionpool.py:1103: InsecureRequestWarning: Unverified HTTPS request is being made to host 'randomuser.me'. Adding certificate verification is strongly advised. See: https://urllib3.readthedocs.io/en/latest/advanced-usage.html#tls-warnings
  warnings.warn(</msg>
<msg time="2024-06-08T17:13:22.331728" level="INFO">${response} = &lt;Response [200]&gt;</msg>
<var>${response}</var>
<arg>consultarAPI</arg>
<arg>/api</arg>
<doc>Sends a GET request on a previously created HTTP Session.</doc>
<status status="PASS" start="2024-06-08T17:13:22.232245" elapsed="0.099520"/>
</kw>
<kw name="Set Variable" owner="BuiltIn">
<msg time="2024-06-08T17:13:22.332735" level="INFO">${json_data} = {'results': [{'gender': 'female', 'name': {'title': 'Miss', 'first': 'Meenakshi', 'last': 'Shayana'}, 'location': {'street': {'number': 3933, 'name': 'Jagadamba Centre'}, 'city': 'Uluberia', 'state': ...</msg>
<var>${json_data}</var>
<arg>${response.json()}</arg>
<doc>Returns the given values which can then be assigned to a variables.</doc>
<status status="PASS" start="2024-06-08T17:13:22.332214" elapsed="0.000550"/>
</kw>
<kw name="Log" owner="BuiltIn">
<msg time="2024-06-08T17:13:22.333233" level="INFO">{'results': [{'gender': 'female', 'name': {'title': 'Miss', 'first': 'Meenakshi', 'last': 'Shayana'}, 'location': {'street': {'number': 3933, 'name': 'Jagadamba Centre'}, 'city': 'Uluberia', 'state': 'Tamil Nadu', 'country': 'India', 'postcode': 59768, 'coordinates': {'latitude': '11.0668', 'longitude': '64.0387'}, 'timezone': {'offset': '-9:00', 'description': 'Alaska'}}, 'email': 'meenakshi.shayana@example.com', 'login': {'uuid': '6d3165fd-8e8a-4578-8259-3480b95146a3', 'username': 'organicduck362', 'password': 'frisky', 'salt': '3HOwEHri', 'md5': '81dd62bea36734de247a92eb7d9a039f', 'sha1': '7d6ace240f0031034e6d3340c013b53d3a7dee72', 'sha256': '97e4d31e3e481caa4636a4f760827c3039b1a394ebd8465b97da90a3c9e70e56'}, 'dob': {'date': '1975-06-13T02:08:46.930Z', 'age': 48}, 'registered': {'date': '2003-02-01T21:51:16.396Z', 'age': 21}, 'phone': '8302462031', 'cell': '9508473094', 'id': {'name': 'UIDAI', 'value': '245919964407'}, 'picture': {'large': 'https://randomuser.me/api/portraits/women/72.jpg', 'medium': 'https://randomuser.me/api/portraits/med/women/72.jpg', 'thumbnail': 'https://randomuser.me/api/portraits/thumb/women/72.jpg'}, 'nat': 'IN'}], 'info': {'seed': '35572d8faf647075', 'results': 1, 'page': 1, 'version': '1.4'}}</msg>
<arg>${json_data}</arg>
<doc>Logs the given message with the given level.</doc>
<status status="PASS" start="2024-06-08T17:13:22.333079" elapsed="0.000232"/>
</kw>
<kw name="Should Be Equal As Numbers" owner="BuiltIn">
<arg>${json_data['results'][0]['location']['postcode']}</arg>
<arg>${json_data['results'][0]['location']['postcode']}</arg>
<doc>Fails if objects are unequal after converting them to real numbers.</doc>
<status status="PASS" start="2024-06-08T17:13:22.333624" elapsed="0.000675"/>
</kw>
<kw name="Log" owner="BuiltIn">
<msg time="2024-06-08T17:13:22.334839" level="INFO">59768</msg>
<arg>${json_data['results'][0]['location']['postcode']}</arg>
<doc>Logs the given message with the given level.</doc>
<status status="PASS" start="2024-06-08T17:13:22.334503" elapsed="0.000378"/>
</kw>
<status status="PASS" start="2024-06-08T17:13:22.232027" elapsed="0.103124"/>
</kw>
<doc>Testa se os tipos de dados na resposta da API estão corretos.</doc>
<tag>testeTiposDados</tag>
<status status="PASS" start="2024-06-08T17:13:22.131090" elapsed="0.204225"/>
</test>
<test id="s1-s1-t5" name="Validar conteudo" line="35">
<kw name="Teste de Tipos de Conteudo" owner="random-user-service">
<kw name="GET On Session" owner="RequestsLibrary">
<msg time="2024-06-08T17:13:22.433805" level="INFO">GET Request : url=https://randomuser.me/api 
 path_url=/api 
 headers={'User-Agent': 'python-requests/2.32.3', 'Accept-Encoding': 'gzip, deflate', 'Accept': '*/*', 'Connection': 'keep-alive'} 
 body=None 
 </msg>
<msg time="2024-06-08T17:13:22.433893" level="INFO">GET Response : url=https://randomuser.me/api 
 status=200, reason=OK 
 headers={'Date': 'Sat, 08 Jun 2024 17:13:22 GMT', 'Content-Type': 'application/json; charset=utf-8', 'Transfer-Encoding': 'chunked', 'Connection': 'keep-alive', 'X-Powered-By': 'Express', 'Access-Control-Allow-Origin': '*', 'Cache-Control': 'no-cache', 'ETag': 'W/"47b-3YiOoEnRFSEdASsh1xD88MiydKA"', 'Vary': 'Accept-Encoding', 'Content-Encoding': 'gzip', 'CF-Cache-Status': 'DYNAMIC', 'Report-To': '{"endpoints":[{"url":"https:\\/\\/a.nel.cloudflare.com\\/report\\/v4?s=hJQe1kyUr0EG0%2Fuerio2kqzMTxyTn%2BgIUq1LRYVJM4WPTeKsS6JtTl4C4ABsPFZLLWh1fHcZzZXHEWls7E5xIiA1YMfdYMLX2rHXChY6RUvXClyRp6FFJrAvZhcZIXVe"}],"group":"cf-nel","max_age":604800}', 'NEL': '{"success_fraction":0,"report_to":"cf-nel","max_age":604800}', 'Server': 'cloudflare', 'CF-RAY': '890a831a99b00fd7-LAX', 'alt-svc': 'h3=":443"; ma=86400'} 
 body={"results":[{"gender":"male","name":{"title":"Mr","first":"Milutin","last":"Subašić"},"location":{"street":{"number":9175,"name":"Omorika"},"city":"Mali Zvornik","state":"Pčinja","country":"Serbia","postcode":23066,"coordinates":{"latitude":"60.7735","longitude":"-7.7874"},"timezone":{"offset":"+9:30","description":"Adelaide, Darwin"}},"email":"milutin.subasic@example.com","login":{"uuid":"8cee97a2-beb7-4b52-a5e8-7d265098c1db","username":"tinyleopard526","password":"faithful","salt":"U4UCRwjN","md5":"628863209150fbde9eb66303e91fa05a","sha1":"1708cb6300a0903e48fb7982252761b444874d31","sha256":"604e324c3999e7d70e3ab961306e5c9e3b7866bd0c47d1690a58594179521607"},"dob":{"date":"1992-11-24T06:19:35.242Z","age":31},"registered":{"date":"2005-01-16T13:14:50.365Z","age":19},"phone":"010-5571-874","cell":"064-5293-280","id":{"name":"SID","value":"386254181"},"picture":{"large":"https://randomuser.me/api/portraits/men/39.jpg","medium":"https://randomuser.me/api/portraits/med/men/39.jpg","thumbnail":"https://randomuser.me/api/portraits/thumb/men/39.jpg"},"nat":"RS"}],"info":{"seed":"bc04b78079755165","results":1,"page":1,"version":"1.4"}} 
 </msg>
<msg time="2024-06-08T17:13:22.433959" level="INFO">/opt/hostedtoolcache/Python/3.12.3/x64/lib/python3.12/site-packages/urllib3/connectionpool.py:1103: InsecureRequestWarning: Unverified HTTPS request is being made to host 'randomuser.me'. Adding certificate verification is strongly advised. See: https://urllib3.readthedocs.io/en/latest/advanced-usage.html#tls-warnings
  warnings.warn(</msg>
<msg time="2024-06-08T17:13:22.434047" level="INFO">${response} = &lt;Response [200]&gt;</msg>
<var>${response}</var>
<arg>consultarAPI</arg>
<arg>/api</arg>
<doc>Sends a GET request on a previously created HTTP Session.</doc>
<status status="PASS" start="2024-06-08T17:13:22.337865" elapsed="0.096207"/>
</kw>
<kw name="Set Variable" owner="BuiltIn">
<msg time="2024-06-08T17:13:22.434911" level="INFO">${json_data} = {'results': [{'gender': 'male', 'name': {'title': 'Mr', 'first': 'Milutin', 'last': 'Subašić'}, 'location': {'street': {'number': 9175, 'name': 'Omorika'}, 'city': 'Mali Zvornik', 'state': 'Pčinja', '...</msg>
<var>${json_data}</var>
<arg>${response.json()}</arg>
<doc>Returns the given values which can then be assigned to a variables.</doc>
<status status="PASS" start="2024-06-08T17:13:22.434464" elapsed="0.000477"/>
</kw>
<kw name="Set Variable" owner="BuiltIn">
<msg time="2024-06-08T17:13:22.435630" level="INFO">${name_title} = Mr</msg>
<var>${name_title}</var>
<arg>${json_data["results"][0]["name"]["title"]}</arg>
<doc>Returns the given values which can then be assigned to a variables.</doc>
<status status="PASS" start="2024-06-08T17:13:22.435244" elapsed="0.000411"/>
</kw>
<kw name="Create List" owner="BuiltIn">
<msg time="2024-06-08T17:13:22.436103" level="INFO">${allowed_titles} = ['Mr', 'Ms', 'Miss', 'Mrs', 'Madame', 'Monsieur']</msg>
<var>${allowed_titles}</var>
<arg>Mr</arg>
<arg>Ms</arg>
<arg>Miss</arg>
<arg>Mrs</arg>
<arg>Madame</arg>
<arg>Monsieur</arg>
<doc>Returns a list containing given items.</doc>
<status status="PASS" start="2024-06-08T17:13:22.435954" elapsed="0.000172"/>
</kw>
<kw name="List Should Contain Value" owner="Collections">
<msg time="2024-06-08T17:13:22.436597" level="INFO">False</msg>
<arg>${allowed_titles}</arg>
<arg>${name_title}</arg>
<doc>Fails if the ``value`` is not found from ``list``.</doc>
<status status="PASS" start="2024-06-08T17:13:22.436424" elapsed="0.000210"/>
</kw>
<kw name="Set Variable" owner="BuiltIn">
<msg time="2024-06-08T17:13:22.437436" level="INFO">${name_country} = RS</msg>
<var>${name_country}</var>
<arg>${json_data["results"][0]["nat"]}</arg>
<doc>Returns the given values which can then be assigned to a variables.</doc>
<status status="PASS" start="2024-06-08T17:13:22.436928" elapsed="0.000534"/>
</kw>
<kw name="Create List" owner="BuiltIn">
<msg time="2024-06-08T17:13:22.438412" level="INFO">${list_country} = ['AD', 'AE', 'AF', 'AG', 'AI', 'AL', 'AM', 'AO', 'AQ', 'AR', 'AS', 'AT', 'AU', 'AW', 'AX', 'AZ', 'BA', 'BB', 'BD', 'BE', 'BF', 'BG', 'BH', 'BI', 'BJ', 'BL', 'BM', 'BN', 'BO', 'BQ', 'BR', 'BS', 'BT', '...</msg>
<var>${list_country}</var>
<arg>AD</arg>
<arg>AE</arg>
<arg>AF</arg>
<arg>AG</arg>
<arg>AI</arg>
<arg>AL</arg>
<arg>AM</arg>
<arg>AO</arg>
<arg>AQ</arg>
<arg>AR</arg>
<arg>AS</arg>
<arg>AT</arg>
<arg>AU</arg>
<arg>AW</arg>
<arg>AX</arg>
<arg>AZ</arg>
<arg>BA</arg>
<arg>BB</arg>
<arg>BD</arg>
<arg>BE</arg>
<arg>BF</arg>
<arg>BG</arg>
<arg>BH</arg>
<arg>BI</arg>
<arg>BJ</arg>
<arg>BL</arg>
<arg>BM</arg>
<arg>BN</arg>
<arg>BO</arg>
<arg>BQ</arg>
<arg>BR</arg>
<arg>BS</arg>
<arg>BT</arg>
<arg>BV</arg>
<arg>BW</arg>
<arg>BY</arg>
<arg>BZ</arg>
<arg>CA</arg>
<arg>CC</arg>
<arg>CD</arg>
<arg>CF</arg>
<arg>CG</arg>
<arg>CH</arg>
<arg>CI</arg>
<arg>CK</arg>
<arg>CL</arg>
<arg>CM</arg>
<arg>CN</arg>
<arg>CO</arg>
<arg>CR</arg>
<arg>CU</arg>
<arg>CV</arg>
<arg>CW</arg>
<arg>CX</arg>
<arg>CY</arg>
<arg>CZ</arg>
<arg>DE</arg>
<arg>DJ</arg>
<arg>DK</arg>
<arg>DM</arg>
<arg>DO</arg>
<arg>DZ</arg>
<arg>EC</arg>
<arg>EE</arg>
<arg>EG</arg>
<arg>EH</arg>
<arg>ER</arg>
<arg>ES</arg>
<arg>ET</arg>
<arg>FI</arg>
<arg>FJ</arg>
<arg>FK</arg>
<arg>FM</arg>
<arg>FO</arg>
<arg>FR</arg>
<arg>GA</arg>
<arg>GB</arg>
<arg>GD</arg>
<arg>GE</arg>
<arg>GF</arg>
<arg>GG</arg>
<arg>GH</arg>
<arg>GI</arg>
<arg>GL</arg>
<arg>GM</arg>
<arg>GN</arg>
<arg>GP</arg>
<arg>GQ</arg>
<arg>GR</arg>
<arg>GS</arg>
<arg>GT</arg>
<arg>GU</arg>
<arg>GW</arg>
<arg>GY</arg>
<arg>HK</arg>
<arg>HM</arg>
<arg>HN</arg>
<arg>HR</arg>
<arg>HT</arg>
<arg>HU</arg>
<arg>ID</arg>
<arg>IE</arg>
<arg>IL</arg>
<arg>IM</arg>
<arg>IN</arg>
<arg>IO</arg>
<arg>IQ</arg>
<arg>IR</arg>
<arg>IS</arg>
<arg>IT</arg>
<arg>JE</arg>
<arg>JM</arg>
<arg>JO</arg>
<arg>JP</arg>
<arg>KE</arg>
<arg>KG</arg>
<arg>KH</arg>
<arg>KI</arg>
<arg>KM</arg>
<arg>KN</arg>
<arg>KP</arg>
<arg>KR</arg>
<arg>KW</arg>
<arg>KY</arg>
<arg>KZ</arg>
<arg>LA</arg>
<arg>LB</arg>
<arg>LC</arg>
<arg>LI</arg>
<arg>LK</arg>
<arg>LR</arg>
<arg>LS</arg>
<arg>LT</arg>
<arg>LU</arg>
<arg>LV</arg>
<arg>LY</arg>
<arg>MA</arg>
<arg>MC</arg>
<arg>MD</arg>
<arg>ME</arg>
<arg>MF</arg>
<arg>MG</arg>
<arg>MH</arg>
<arg>MK</arg>
<arg>ML</arg>
<arg>MM</arg>
<arg>MN</arg>
<arg>MO</arg>
<arg>MP</arg>
<arg>MQ</arg>
<arg>MR</arg>
<arg>MS</arg>
<arg>MT</arg>
<arg>MU</arg>
<arg>MV</arg>
<arg>MW</arg>
<arg>MX</arg>
<arg>MY</arg>
<arg>MZ</arg>
<arg>NA</arg>
<arg>NC</arg>
<arg>NE</arg>
<arg>NF</arg>
<arg>NG</arg>
<arg>NI</arg>
<arg>NL</arg>
<arg>NO</arg>
<arg>NP</arg>
<arg>NR</arg>
<arg>NU</arg>
<arg>NZ</arg>
<arg>OM</arg>
<arg>PA</arg>
<arg>PE</arg>
<arg>PF</arg>
<arg>PG</arg>
<arg>PH</arg>
<arg>PK</arg>
<arg>PL</arg>
<arg>PM</arg>
<arg>PN</arg>
<arg>PR</arg>
<arg>PS</arg>
<arg>PT</arg>
<arg>PW</arg>
<arg>PY</arg>
<arg>QA</arg>
<arg>RE</arg>
<arg>RO</arg>
<arg>RS</arg>
<arg>RU</arg>
<arg>RW</arg>
<arg>SA</arg>
<arg>SB</arg>
<arg>SC</arg>
<arg>SD</arg>
<arg>SE</arg>
<arg>SG</arg>
<arg>SH</arg>
<arg>SI</arg>
<arg>SJ</arg>
<arg>SK</arg>
<arg>SL</arg>
<arg>SM</arg>
<arg>SN</arg>
<arg>SO</arg>
<arg>SR</arg>
<arg>SS</arg>
<arg>ST</arg>
<arg>SV</arg>
<arg>SX</arg>
<arg>SY</arg>
<arg>SZ</arg>
<arg>TC</arg>
<arg>TD</arg>
<arg>TF</arg>
<arg>TG</arg>
<arg>TH</arg>
<arg>TJ</arg>
<arg>TK</arg>
<arg>TL</arg>
<arg>TM</arg>
<arg>TN</arg>
<arg>TO</arg>
<arg>TR</arg>
<arg>TT</arg>
<arg>TV</arg>
<arg>TW</arg>
<arg>TZ</arg>
<arg>UA</arg>
<arg>UG</arg>
<arg>UM</arg>
<arg>US</arg>
<arg>UY</arg>
<arg>UZ</arg>
<arg>VA</arg>
<arg>VC</arg>
<arg>VE</arg>
<arg>VG</arg>
<arg>VI</arg>
<arg>VN</arg>
<arg>VU</arg>
<arg>WF</arg>
<arg>WS</arg>
<arg>XK</arg>
<arg>YE</arg>
<arg>YT</arg>
<arg>ZA</arg>
<arg>ZM</arg>
<arg>ZW</arg>
<doc>Returns a list containing given items.</doc>
<status status="PASS" start="2024-06-08T17:13:22.437800" elapsed="0.000637"/>
</kw>
<kw name="List Should Contain Value" owner="Collections">
<msg time="2024-06-08T17:13:22.439432" level="INFO">False</msg>
<arg>${list_country}</arg>
<arg>${name_country}</arg>
<doc>Fails if the ``value`` is not found from ``list``.</doc>
<status status="PASS" start="2024-06-08T17:13:22.439228" elapsed="0.000240"/>
</kw>
<kw name="Run Keyword If" owner="BuiltIn">
<kw name="Should Be True" owner="BuiltIn">
<arg>${True}</arg>
<doc>Fails if the given condition is not true.</doc>
<status status="PASS" start="2024-06-08T17:13:22.440528" elapsed="0.000142"/>
</kw>
<arg>${json_data["results"][0]["location"]["coordinates"]["latitude"]} &gt;= -90 and ${json_data["results"][0]["location"]["coordinates"]["latitude"]} &lt;= 90</arg>
<arg>Should Be True</arg>
<arg>${True}</arg>
<doc>Runs the given keyword with the given arguments, if ``condition`` is true.</doc>
<status status="PASS" start="2024-06-08T17:13:22.439783" elapsed="0.001013"/>
</kw>
<kw name="Run Keyword If" owner="BuiltIn">
<kw name="Should Be True" owner="BuiltIn">
<arg>${True}</arg>
<doc>Fails if the given condition is not true.</doc>
<status status="PASS" start="2024-06-08T17:13:22.441685" elapsed="0.000157"/>
</kw>
<arg>${json_data["results"][0]["location"]["coordinates"]["longitude"]} &gt;= -180 and ${json_data["results"][0]["location"]["coordinates"]["longitude"]} &lt;= 180</arg>
<arg>Should Be True</arg>
<arg>${True}</arg>
<doc>Runs the given keyword with the given arguments, if ``condition`` is true.</doc>
<status status="PASS" start="2024-06-08T17:13:22.440987" elapsed="0.000977"/>
</kw>
<status status="PASS" start="2024-06-08T17:13:22.337611" elapsed="0.104477"/>
</kw>
<doc>Testa o conteúdo específico dos campos retornados pela API.</doc>
<tag>testeConteudo</tag>
<status status="PASS" start="2024-06-08T17:13:22.337138" elapsed="0.105089"/>
</test>
<status status="PASS" start="2024-06-08T17:13:21.461566" elapsed="0.982512"/>
</suite>
<status status="PASS" start="2024-06-08T17:13:21.448126" elapsed="1.001103"/>
</suite>
<statistics>
<total>
<stat pass="5" fail="0" skip="0">All Tests</stat>
</total>
<tag>
<stat pass="1" fail="0" skip="0">testeConteudo</stat>
<stat pass="1" fail="0" skip="0">testeEstruturaResposta</stat>
<stat pass="1" fail="0" skip="0">testeRequisicaoBasica</stat>
<stat pass="1" fail="0" skip="0">testeTiposDados</stat>
</tag>
<suite>
<stat pass="5" fail="0" skip="0" id="s1" name="Tests">Tests</stat>
<stat pass="5" fail="0" skip="0" id="s1-s1" name="Random-User-Test">Tests.Random-User-Test</stat>
</suite>
</statistics>
<errors>
</errors>
</robot>
