<?xml version="1.0" encoding="UTF-8"?>
<robot generator="Robot 7.0 (Python 3.12.3 on linux)" generated="2024-05-21T19:12:59.765849" rpa="false" schemaversion="5">
<suite id="s1" name="Tests" source="/home/runner/work/DesafioQAItauRogerioJordao/DesafioQAItauRogerioJordao/RamdonUser/tests">
<suite id="s1-s1" name="Random-User-Test" source="/home/runner/work/DesafioQAItauRogerioJordao/DesafioQAItauRogerioJordao/RamdonUser/tests/random-user-test.robot">
<test id="s1-s1-t1" name="Conectar" line="13">
<kw name="Conectar API" owner="random-user-service">
<kw name="Create Session" owner="RequestsLibrary">
<msg time="2024-05-21T19:13:00.217753" level="INFO">Creating Session using : alias=consultarAPI, url=https://randomuser.me/, headers={},                     cookies={}, auth=None, timeout=None, proxies=None, verify=False,                     debug=0 </msg>
<arg>consultarAPI</arg>
<arg>${URL}</arg>
<doc>Create Session: create a HTTP session to a server</doc>
<status status="PASS" start="2024-05-21T19:13:00.217534" elapsed="0.000413"/>
</kw>
<status status="PASS" start="2024-05-21T19:13:00.216565" elapsed="0.001741"/>
</kw>
<status status="PASS" start="2024-05-21T19:13:00.215966" elapsed="0.002534"/>
</test>
<test id="s1-s1-t2" name="Validar retorno 200 e JSON Válido" line="16">
<kw name="Teste de Requisicao Basica" owner="random-user-service">
<kw name="GET On Session" owner="RequestsLibrary">
<msg time="2024-05-21T19:13:00.481714" level="INFO">GET Request : url=https://randomuser.me/api 
 path_url=/api 
 headers={'User-Agent': 'python-requests/2.32.2', 'Accept-Encoding': 'gzip, deflate', 'Accept': '*/*', 'Connection': 'keep-alive'} 
 body=None 
 </msg>
<msg time="2024-05-21T19:13:00.481910" level="INFO">GET Response : url=https://randomuser.me/api 
 status=200, reason=OK 
 headers={'Date': 'Tue, 21 May 2024 19:13:00 GMT', 'Content-Type': 'application/json; charset=utf-8', 'Transfer-Encoding': 'chunked', 'Connection': 'keep-alive', 'X-Powered-By': 'Express', 'Access-Control-Allow-Origin': '*', 'Cache-Control': 'no-cache', 'ETag': 'W/"48b-NvrGb545Y1T4d4F15/x0+eLRR4M"', 'Vary': 'Accept-Encoding', 'Content-Encoding': 'gzip', 'CF-Cache-Status': 'DYNAMIC', 'Report-To': '{"endpoints":[{"url":"https:\\/\\/a.nel.cloudflare.com\\/report\\/v4?s=P0kpMjRR1aSRskFD9JjXHxXpqHr5dNkiXPFWDMbYzZ0xzRsOS0C5KxnfX6Q8djmQbt1Ip3mvSw0IM69FD7gq5kHLNik9OAyqyskkJjbgLS9IBOsvXC2LEkcx5X5O2L0h"}],"group":"cf-nel","max_age":604800}', 'NEL': '{"success_fraction":0,"report_to":"cf-nel","max_age":604800}', 'Server': 'cloudflare', 'CF-RAY': '8876e199782f96ba-SJC', 'alt-svc': 'h3=":443"; ma=86400'} 
 body={"results":[{"gender":"female","name":{"title":"Miss","first":"Rahaf","last":"Solvoll"},"location":{"street":{"number":5669,"name":"Askergata"},"city":"Krossneset","state":"Description","country":"Norway","postcode":"1851","coordinates":{"latitude":"46.1779","longitude":"1.2515"},"timezone":{"offset":"-5:00","description":"Eastern Time (US &amp; Canada), Bogota, Lima"}},"email":"rahaf.solvoll@example.com","login":{"uuid":"cc339063-d123-49b2-aee1-5f0c07f87f9c","username":"bigfrog986","password":"therock","salt":"ginJRjO3","md5":"545b551459d6870243fa2eb3bb6f55d2","sha1":"1a25697f6aa71ce33cdce276a3ea182695d9c42d","sha256":"00680f7766617fbd11f3f1b4c13eb5a8b6172f8aaaf4c9e7130999b918f61397"},"dob":{"date":"1944-10-14T00:10:10.832Z","age":79},"registered":{"date":"2018-07-15T08:41:34.695Z","age":5},"phone":"59549670","cell":"92874366","id":{"name":"FN","value":"14104423044"},"picture":{"large":"https://randomuser.me/api/portraits/women/1.jpg","medium":"https://randomuser.me/api/portraits/med/women/1.jpg","thumbnail":"https://randomuser.me/api/portraits/thumb/women/1.jpg"},"nat":"NO"}],"info":{"seed":"fca84a3783b1ef2b","results":1,"page":1,"version":"1.4"}} 
 </msg>
<msg time="2024-05-21T19:13:00.481996" level="INFO">/opt/hostedtoolcache/Python/3.12.3/x64/lib/python3.12/site-packages/urllib3/connectionpool.py:1103: InsecureRequestWarning: Unverified HTTPS request is being made to host 'randomuser.me'. Adding certificate verification is strongly advised. See: https://urllib3.readthedocs.io/en/latest/advanced-usage.html#tls-warnings
  warnings.warn(</msg>
<msg time="2024-05-21T19:13:00.482146" level="INFO">${response} = &lt;Response [200]&gt;</msg>
<var>${response}</var>
<arg>consultarAPI</arg>
<arg>/api</arg>
<doc>Sends a GET request on a previously created HTTP Session.</doc>
<status status="PASS" start="2024-05-21T19:13:00.221142" elapsed="0.261050"/>
</kw>
<kw name="Should Be Equal As Numbers" owner="BuiltIn">
<msg time="2024-05-21T19:13:00.483271" level="INFO">Argument types are:
&lt;class 'int'&gt;
&lt;class 'str'&gt;</msg>
<arg>${response.status_code}</arg>
<arg>200</arg>
<doc>Fails if objects are unequal after converting them to real numbers.</doc>
<status status="PASS" start="2024-05-21T19:13:00.482804" elapsed="0.000534"/>
</kw>
<kw name="Log" owner="BuiltIn">
<msg time="2024-05-21T19:13:00.484035" level="INFO">200</msg>
<arg>${response.status_code}</arg>
<doc>Logs the given message with the given level.</doc>
<status status="PASS" start="2024-05-21T19:13:00.483682" elapsed="0.000401"/>
</kw>
<kw name="Set Variable" owner="BuiltIn">
<msg time="2024-05-21T19:13:00.484835" level="INFO">${json_data} = {'results': [{'gender': 'female', 'name': {'title': 'Miss', 'first': 'Rahaf', 'last': 'Solvoll'}, 'location': {'street': {'number': 5669, 'name': 'Askergata'}, 'city': 'Krossneset', 'state': 'Descript...</msg>
<var>${json_data}</var>
<arg>${response.json()}</arg>
<doc>Returns the given values which can then be assigned to a variables.</doc>
<status status="PASS" start="2024-05-21T19:13:00.484397" elapsed="0.000467"/>
</kw>
<kw name="Dictionary Should Contain Key" owner="Collections">
<msg time="2024-05-21T19:13:00.485343" level="INFO">False</msg>
<arg>${json_data}</arg>
<arg>results</arg>
<doc>Fails if ``key`` is not found from ``dictionary``.</doc>
<status status="PASS" start="2024-05-21T19:13:00.485174" elapsed="0.000208"/>
</kw>
<status status="PASS" start="2024-05-21T19:13:00.220901" elapsed="0.264746"/>
</kw>
<doc>Testa se a API responde corretamente e retorna um objeto JSON válido.</doc>
<tag>testeRequisicaoBasica</tag>
<status status="PASS" start="2024-05-21T19:13:00.220344" elapsed="0.265537"/>
</test>
<test id="s1-s1-t3" name="Validar estrutura de resposta" line="22">
<kw name="Teste de Estrutura de Resposta" owner="random-user-service">
<kw name="GET On Session" owner="RequestsLibrary">
<msg time="2024-05-21T19:13:01.333293" level="INFO">GET Request : url=https://randomuser.me/api 
 path_url=/api 
 headers={'User-Agent': 'python-requests/2.32.2', 'Accept-Encoding': 'gzip, deflate', 'Accept': '*/*', 'Connection': 'keep-alive'} 
 body=None 
 </msg>
<msg time="2024-05-21T19:13:01.333400" level="INFO">GET Response : url=https://randomuser.me/api 
 status=200, reason=OK 
 headers={'Date': 'Tue, 21 May 2024 19:13:01 GMT', 'Content-Type': 'application/json; charset=utf-8', 'Transfer-Encoding': 'chunked', 'Connection': 'keep-alive', 'X-Powered-By': 'Express', 'Access-Control-Allow-Origin': '*', 'Cache-Control': 'no-cache', 'ETag': 'W/"47d-353tCLzjDpX/SGn4NbnVICp8ZMw"', 'Vary': 'Accept-Encoding', 'Content-Encoding': 'gzip', 'CF-Cache-Status': 'DYNAMIC', 'Report-To': '{"endpoints":[{"url":"https:\\/\\/a.nel.cloudflare.com\\/report\\/v4?s=JI1lyamlSsMr7tmoIVfDkE2Y0BpjqSrL0nOriq3x1gdalz8yMjO%2FGizrJGO7hwg9Qw3WA1kNsN437n2Yk1UJ1l8Vna%2FyngQKholy%2BQZfFxNYGKYLC2JYQkfkY9myMtJI"}],"group":"cf-nel","max_age":604800}', 'NEL': '{"success_fraction":0,"report_to":"cf-nel","max_age":604800}', 'Server': 'cloudflare', 'CF-RAY': '8876e19a18b396ba-SJC', 'alt-svc': 'h3=":443"; ma=86400'} 
 body={"results":[{"gender":"male","name":{"title":"Mr","first":"Duane","last":"Sullivan"},"location":{"street":{"number":7953,"name":"Cork Street"},"city":"Trim","state":"Leitrim","country":"Ireland","postcode":40125,"coordinates":{"latitude":"-4.0554","longitude":"-17.4796"},"timezone":{"offset":"-7:00","description":"Mountain Time (US &amp; Canada)"}},"email":"duane.sullivan@example.com","login":{"uuid":"4e3c1e75-654a-4ebb-966c-ffc26c062d72","username":"happypeacock957","password":"heynow","salt":"yvqQ4QRv","md5":"75a5ee477552be738dd18e5f586436e3","sha1":"1de6de7d233af0ed5fed878ef8d4700ff2cfc148","sha256":"aa8839d3f74a12f73b39937441e92beb11eb4a5da015d9139e50748fbf7bd124"},"dob":{"date":"1999-01-02T05:12:33.914Z","age":25},"registered":{"date":"2017-06-01T14:40:47.091Z","age":6},"phone":"031-704-1841","cell":"081-714-2980","id":{"name":"PPS","value":"1814747T"},"picture":{"large":"https://randomuser.me/api/portraits/men/16.jpg","medium":"https://randomuser.me/api/portraits/med/men/16.jpg","thumbnail":"https://randomuser.me/api/portraits/thumb/men/16.jpg"},"nat":"IE"}],"info":{"seed":"80cfd0ccc089652f","results":1,"page":1,"version":"1.4"}} 
 </msg>
<msg time="2024-05-21T19:13:01.333534" level="INFO">/opt/hostedtoolcache/Python/3.12.3/x64/lib/python3.12/site-packages/urllib3/connectionpool.py:1103: InsecureRequestWarning: Unverified HTTPS request is being made to host 'randomuser.me'. Adding certificate verification is strongly advised. See: https://urllib3.readthedocs.io/en/latest/advanced-usage.html#tls-warnings
  warnings.warn(</msg>
<msg time="2024-05-21T19:13:01.333665" level="INFO">${response} = &lt;Response [200]&gt;</msg>
<var>${response}</var>
<arg>consultarAPI</arg>
<arg>/api</arg>
<doc>Sends a GET request on a previously created HTTP Session.</doc>
<status status="PASS" start="2024-05-21T19:13:00.488605" elapsed="0.845102"/>
</kw>
<kw name="Set Variable" owner="BuiltIn">
<msg time="2024-05-21T19:13:01.334763" level="INFO">${json_data} = {'results': [{'gender': 'male', 'name': {'title': 'Mr', 'first': 'Duane', 'last': 'Sullivan'}, 'location': {'street': {'number': 7953, 'name': 'Cork Street'}, 'city': 'Trim', 'state': 'Leitrim', 'coun...</msg>
<var>${json_data}</var>
<arg>${response.json()}</arg>
<doc>Returns the given values which can then be assigned to a variables.</doc>
<status status="PASS" start="2024-05-21T19:13:01.334245" elapsed="0.000549"/>
</kw>
<kw name="Log" owner="BuiltIn">
<msg time="2024-05-21T19:13:01.335262" level="INFO">{'results': [{'gender': 'male', 'name': {'title': 'Mr', 'first': 'Duane', 'last': 'Sullivan'}, 'location': {'street': {'number': 7953, 'name': 'Cork Street'}, 'city': 'Trim', 'state': 'Leitrim', 'country': 'Ireland', 'postcode': 40125, 'coordinates': {'latitude': '-4.0554', 'longitude': '-17.4796'}, 'timezone': {'offset': '-7:00', 'description': 'Mountain Time (US &amp; Canada)'}}, 'email': 'duane.sullivan@example.com', 'login': {'uuid': '4e3c1e75-654a-4ebb-966c-ffc26c062d72', 'username': 'happypeacock957', 'password': 'heynow', 'salt': 'yvqQ4QRv', 'md5': '75a5ee477552be738dd18e5f586436e3', 'sha1': '1de6de7d233af0ed5fed878ef8d4700ff2cfc148', 'sha256': 'aa8839d3f74a12f73b39937441e92beb11eb4a5da015d9139e50748fbf7bd124'}, 'dob': {'date': '1999-01-02T05:12:33.914Z', 'age': 25}, 'registered': {'date': '2017-06-01T14:40:47.091Z', 'age': 6}, 'phone': '031-704-1841', 'cell': '081-714-2980', 'id': {'name': 'PPS', 'value': '1814747T'}, 'picture': {'large': 'https://randomuser.me/api/portraits/men/16.jpg', 'medium': 'https://randomuser.me/api/portraits/med/men/16.jpg', 'thumbnail': 'https://randomuser.me/api/portraits/thumb/men/16.jpg'}, 'nat': 'IE'}], 'info': {'seed': '80cfd0ccc089652f', 'results': 1, 'page': 1, 'version': '1.4'}}</msg>
<arg>${json_data}</arg>
<doc>Logs the given message with the given level.</doc>
<status status="PASS" start="2024-05-21T19:13:01.335102" elapsed="0.000215"/>
</kw>
<kw name="Dictionary Should Contain Key" owner="Collections">
<msg time="2024-05-21T19:13:01.335770" level="INFO">False</msg>
<arg>${json_data}</arg>
<arg>results</arg>
<doc>Fails if ``key`` is not found from ``dictionary``.</doc>
<status status="PASS" start="2024-05-21T19:13:01.335611" elapsed="0.000195"/>
</kw>
<kw name="Should Not Be Empty" owner="BuiltIn">
<msg time="2024-05-21T19:13:01.336242" level="INFO">Length is 2.</msg>
<arg>${json_data}</arg>
<doc>Verifies that the given item is not empty.</doc>
<status status="PASS" start="2024-05-21T19:13:01.336110" elapsed="0.000171"/>
</kw>
<kw name="Create List" owner="BuiltIn">
<msg time="2024-05-21T19:13:01.336893" level="INFO">${expected_keys} = ['gender', 'name', 'location', 'email', 'login']</msg>
<var>${expected_keys}</var>
<arg>gender</arg>
<arg>name</arg>
<arg>location</arg>
<arg>email</arg>
<arg>login</arg>
<doc>Returns a list containing given items.</doc>
<status status="PASS" start="2024-05-21T19:13:01.336573" elapsed="0.000345"/>
</kw>
<for flavor="IN">
<iter>
<kw name="Dictionary Should Contain Key" owner="Collections">
<msg time="2024-05-21T19:13:01.337985" level="INFO">False</msg>
<arg>${json_data['results'][0]}</arg>
<arg>${key}</arg>
<doc>Fails if ``key`` is not found from ``dictionary``.</doc>
<status status="PASS" start="2024-05-21T19:13:01.337522" elapsed="0.000502"/>
</kw>
<kw name="Log" owner="BuiltIn">
<msg time="2024-05-21T19:13:01.338688" level="INFO">{'gender': 'male', 'name': {'title': 'Mr', 'first': 'Duane', 'last': 'Sullivan'}, 'location': {'street': {'number': 7953, 'name': 'Cork Street'}, 'city': 'Trim', 'state': 'Leitrim', 'country': 'Ireland', 'postcode': 40125, 'coordinates': {'latitude': '-4.0554', 'longitude': '-17.4796'}, 'timezone': {'offset': '-7:00', 'description': 'Mountain Time (US &amp; Canada)'}}, 'email': 'duane.sullivan@example.com', 'login': {'uuid': '4e3c1e75-654a-4ebb-966c-ffc26c062d72', 'username': 'happypeacock957', 'password': 'heynow', 'salt': 'yvqQ4QRv', 'md5': '75a5ee477552be738dd18e5f586436e3', 'sha1': '1de6de7d233af0ed5fed878ef8d4700ff2cfc148', 'sha256': 'aa8839d3f74a12f73b39937441e92beb11eb4a5da015d9139e50748fbf7bd124'}, 'dob': {'date': '1999-01-02T05:12:33.914Z', 'age': 25}, 'registered': {'date': '2017-06-01T14:40:47.091Z', 'age': 6}, 'phone': '031-704-1841', 'cell': '081-714-2980', 'id': {'name': 'PPS', 'value': '1814747T'}, 'picture': {'large': 'https://randomuser.me/api/portraits/men/16.jpg', 'medium': 'https://randomuser.me/api/portraits/med/men/16.jpg', 'thumbnail': 'https://randomuser.me/api/portraits/thumb/men/16.jpg'}, 'nat': 'IE'}</msg>
<arg>${json_data['results'][0]}</arg>
<doc>Logs the given message with the given level.</doc>
<status status="PASS" start="2024-05-21T19:13:01.338325" elapsed="0.000412"/>
</kw>
<kw name="Log" owner="BuiltIn">
<msg time="2024-05-21T19:13:01.339157" level="INFO">gender</msg>
<arg>${key}</arg>
<doc>Logs the given message with the given level.</doc>
<status status="PASS" start="2024-05-21T19:13:01.339030" elapsed="0.000164"/>
</kw>
<var name="${key}">gender</var>
<status status="PASS" start="2024-05-21T19:13:01.337394" elapsed="0.002016"/>
</iter>
<iter>
<kw name="Dictionary Should Contain Key" owner="Collections">
<msg time="2024-05-21T19:13:01.340096" level="INFO">False</msg>
<arg>${json_data['results'][0]}</arg>
<arg>${key}</arg>
<doc>Fails if ``key`` is not found from ``dictionary``.</doc>
<status status="PASS" start="2024-05-21T19:13:01.339712" elapsed="0.000421"/>
</kw>
<kw name="Log" owner="BuiltIn">
<msg time="2024-05-21T19:13:01.340823" level="INFO">{'gender': 'male', 'name': {'title': 'Mr', 'first': 'Duane', 'last': 'Sullivan'}, 'location': {'street': {'number': 7953, 'name': 'Cork Street'}, 'city': 'Trim', 'state': 'Leitrim', 'country': 'Ireland', 'postcode': 40125, 'coordinates': {'latitude': '-4.0554', 'longitude': '-17.4796'}, 'timezone': {'offset': '-7:00', 'description': 'Mountain Time (US &amp; Canada)'}}, 'email': 'duane.sullivan@example.com', 'login': {'uuid': '4e3c1e75-654a-4ebb-966c-ffc26c062d72', 'username': 'happypeacock957', 'password': 'heynow', 'salt': 'yvqQ4QRv', 'md5': '75a5ee477552be738dd18e5f586436e3', 'sha1': '1de6de7d233af0ed5fed878ef8d4700ff2cfc148', 'sha256': 'aa8839d3f74a12f73b39937441e92beb11eb4a5da015d9139e50748fbf7bd124'}, 'dob': {'date': '1999-01-02T05:12:33.914Z', 'age': 25}, 'registered': {'date': '2017-06-01T14:40:47.091Z', 'age': 6}, 'phone': '031-704-1841', 'cell': '081-714-2980', 'id': {'name': 'PPS', 'value': '1814747T'}, 'picture': {'large': 'https://randomuser.me/api/portraits/men/16.jpg', 'medium': 'https://randomuser.me/api/portraits/med/men/16.jpg', 'thumbnail': 'https://randomuser.me/api/portraits/thumb/men/16.jpg'}, 'nat': 'IE'}</msg>
<arg>${json_data['results'][0]}</arg>
<doc>Logs the given message with the given level.</doc>
<status status="PASS" start="2024-05-21T19:13:01.340458" elapsed="0.000424"/>
</kw>
<kw name="Log" owner="BuiltIn">
<msg time="2024-05-21T19:13:01.341309" level="INFO">name</msg>
<arg>${key}</arg>
<doc>Logs the given message with the given level.</doc>
<status status="PASS" start="2024-05-21T19:13:01.341181" elapsed="0.000164"/>
</kw>
<var name="${key}">name</var>
<status status="PASS" start="2024-05-21T19:13:01.339596" elapsed="0.001963"/>
</iter>
<iter>
<kw name="Dictionary Should Contain Key" owner="Collections">
<msg time="2024-05-21T19:13:01.342267" level="INFO">False</msg>
<arg>${json_data['results'][0]}</arg>
<arg>${key}</arg>
<doc>Fails if ``key`` is not found from ``dictionary``.</doc>
<status status="PASS" start="2024-05-21T19:13:01.341883" elapsed="0.000420"/>
</kw>
<kw name="Log" owner="BuiltIn">
<msg time="2024-05-21T19:13:01.342952" level="INFO">{'gender': 'male', 'name': {'title': 'Mr', 'first': 'Duane', 'last': 'Sullivan'}, 'location': {'street': {'number': 7953, 'name': 'Cork Street'}, 'city': 'Trim', 'state': 'Leitrim', 'country': 'Ireland', 'postcode': 40125, 'coordinates': {'latitude': '-4.0554', 'longitude': '-17.4796'}, 'timezone': {'offset': '-7:00', 'description': 'Mountain Time (US &amp; Canada)'}}, 'email': 'duane.sullivan@example.com', 'login': {'uuid': '4e3c1e75-654a-4ebb-966c-ffc26c062d72', 'username': 'happypeacock957', 'password': 'heynow', 'salt': 'yvqQ4QRv', 'md5': '75a5ee477552be738dd18e5f586436e3', 'sha1': '1de6de7d233af0ed5fed878ef8d4700ff2cfc148', 'sha256': 'aa8839d3f74a12f73b39937441e92beb11eb4a5da015d9139e50748fbf7bd124'}, 'dob': {'date': '1999-01-02T05:12:33.914Z', 'age': 25}, 'registered': {'date': '2017-06-01T14:40:47.091Z', 'age': 6}, 'phone': '031-704-1841', 'cell': '081-714-2980', 'id': {'name': 'PPS', 'value': '1814747T'}, 'picture': {'large': 'https://randomuser.me/api/portraits/men/16.jpg', 'medium': 'https://randomuser.me/api/portraits/med/men/16.jpg', 'thumbnail': 'https://randomuser.me/api/portraits/thumb/men/16.jpg'}, 'nat': 'IE'}</msg>
<arg>${json_data['results'][0]}</arg>
<doc>Logs the given message with the given level.</doc>
<status status="PASS" start="2024-05-21T19:13:01.342597" elapsed="0.000413"/>
</kw>
<kw name="Log" owner="BuiltIn">
<msg time="2024-05-21T19:13:01.343430" level="INFO">location</msg>
<arg>${key}</arg>
<doc>Logs the given message with the given level.</doc>
<status status="PASS" start="2024-05-21T19:13:01.343306" elapsed="0.000162"/>
</kw>
<var name="${key}">location</var>
<status status="PASS" start="2024-05-21T19:13:01.341761" elapsed="0.001920"/>
</iter>
<iter>
<kw name="Dictionary Should Contain Key" owner="Collections">
<msg time="2024-05-21T19:13:01.344342" level="INFO">False</msg>
<arg>${json_data['results'][0]}</arg>
<arg>${key}</arg>
<doc>Fails if ``key`` is not found from ``dictionary``.</doc>
<status status="PASS" start="2024-05-21T19:13:01.343965" elapsed="0.000413"/>
</kw>
<kw name="Log" owner="BuiltIn">
<msg time="2024-05-21T19:13:01.345030" level="INFO">{'gender': 'male', 'name': {'title': 'Mr', 'first': 'Duane', 'last': 'Sullivan'}, 'location': {'street': {'number': 7953, 'name': 'Cork Street'}, 'city': 'Trim', 'state': 'Leitrim', 'country': 'Ireland', 'postcode': 40125, 'coordinates': {'latitude': '-4.0554', 'longitude': '-17.4796'}, 'timezone': {'offset': '-7:00', 'description': 'Mountain Time (US &amp; Canada)'}}, 'email': 'duane.sullivan@example.com', 'login': {'uuid': '4e3c1e75-654a-4ebb-966c-ffc26c062d72', 'username': 'happypeacock957', 'password': 'heynow', 'salt': 'yvqQ4QRv', 'md5': '75a5ee477552be738dd18e5f586436e3', 'sha1': '1de6de7d233af0ed5fed878ef8d4700ff2cfc148', 'sha256': 'aa8839d3f74a12f73b39937441e92beb11eb4a5da015d9139e50748fbf7bd124'}, 'dob': {'date': '1999-01-02T05:12:33.914Z', 'age': 25}, 'registered': {'date': '2017-06-01T14:40:47.091Z', 'age': 6}, 'phone': '031-704-1841', 'cell': '081-714-2980', 'id': {'name': 'PPS', 'value': '1814747T'}, 'picture': {'large': 'https://randomuser.me/api/portraits/men/16.jpg', 'medium': 'https://randomuser.me/api/portraits/med/men/16.jpg', 'thumbnail': 'https://randomuser.me/api/portraits/thumb/men/16.jpg'}, 'nat': 'IE'}</msg>
<arg>${json_data['results'][0]}</arg>
<doc>Logs the given message with the given level.</doc>
<status status="PASS" start="2024-05-21T19:13:01.344677" elapsed="0.000412"/>
</kw>
<kw name="Log" owner="BuiltIn">
<msg time="2024-05-21T19:13:01.345506" level="INFO">email</msg>
<arg>${key}</arg>
<doc>Logs the given message with the given level.</doc>
<status status="PASS" start="2024-05-21T19:13:01.345380" elapsed="0.000169"/>
</kw>
<var name="${key}">email</var>
<status status="PASS" start="2024-05-21T19:13:01.343853" elapsed="0.001944"/>
</iter>
<iter>
<kw name="Dictionary Should Contain Key" owner="Collections">
<msg time="2024-05-21T19:13:01.346481" level="INFO">False</msg>
<arg>${json_data['results'][0]}</arg>
<arg>${key}</arg>
<doc>Fails if ``key`` is not found from ``dictionary``.</doc>
<status status="PASS" start="2024-05-21T19:13:01.346093" elapsed="0.000425"/>
</kw>
<kw name="Log" owner="BuiltIn">
<msg time="2024-05-21T19:13:01.347176" level="INFO">{'gender': 'male', 'name': {'title': 'Mr', 'first': 'Duane', 'last': 'Sullivan'}, 'location': {'street': {'number': 7953, 'name': 'Cork Street'}, 'city': 'Trim', 'state': 'Leitrim', 'country': 'Ireland', 'postcode': 40125, 'coordinates': {'latitude': '-4.0554', 'longitude': '-17.4796'}, 'timezone': {'offset': '-7:00', 'description': 'Mountain Time (US &amp; Canada)'}}, 'email': 'duane.sullivan@example.com', 'login': {'uuid': '4e3c1e75-654a-4ebb-966c-ffc26c062d72', 'username': 'happypeacock957', 'password': 'heynow', 'salt': 'yvqQ4QRv', 'md5': '75a5ee477552be738dd18e5f586436e3', 'sha1': '1de6de7d233af0ed5fed878ef8d4700ff2cfc148', 'sha256': 'aa8839d3f74a12f73b39937441e92beb11eb4a5da015d9139e50748fbf7bd124'}, 'dob': {'date': '1999-01-02T05:12:33.914Z', 'age': 25}, 'registered': {'date': '2017-06-01T14:40:47.091Z', 'age': 6}, 'phone': '031-704-1841', 'cell': '081-714-2980', 'id': {'name': 'PPS', 'value': '1814747T'}, 'picture': {'large': 'https://randomuser.me/api/portraits/men/16.jpg', 'medium': 'https://randomuser.me/api/portraits/med/men/16.jpg', 'thumbnail': 'https://randomuser.me/api/portraits/thumb/men/16.jpg'}, 'nat': 'IE'}</msg>
<arg>${json_data['results'][0]}</arg>
<doc>Logs the given message with the given level.</doc>
<status status="PASS" start="2024-05-21T19:13:01.346813" elapsed="0.000412"/>
</kw>
<kw name="Log" owner="BuiltIn">
<msg time="2024-05-21T19:13:01.347643" level="INFO">login</msg>
<arg>${key}</arg>
<doc>Logs the given message with the given level.</doc>
<status status="PASS" start="2024-05-21T19:13:01.347516" elapsed="0.000165"/>
</kw>
<var name="${key}">login</var>
<status status="PASS" start="2024-05-21T19:13:01.345981" elapsed="0.001921"/>
</iter>
<var>${key}</var>
<value>@{expected_keys}</value>
<status status="PASS" start="2024-05-21T19:13:01.337196" elapsed="0.010852"/>
</for>
<kw name="Create List" owner="BuiltIn">
<msg time="2024-05-21T19:13:01.348387" level="INFO">${expected_keysTwo} = ['username', 'password']</msg>
<var>${expected_keysTwo}</var>
<arg>username</arg>
<arg>password</arg>
<doc>Returns a list containing given items.</doc>
<status status="PASS" start="2024-05-21T19:13:01.348250" elapsed="0.000160"/>
</kw>
<for flavor="IN">
<iter>
<kw name="Dictionary Should Contain Key" owner="Collections">
<msg time="2024-05-21T19:13:01.349288" level="INFO">False</msg>
<arg>${json_data['results'][0]['login']}</arg>
<arg>${keyTwo}</arg>
<doc>Fails if ``key`` is not found from ``dictionary``.</doc>
<status status="PASS" start="2024-05-21T19:13:01.348909" elapsed="0.000414"/>
</kw>
<kw name="Dictionary Should Contain Key" owner="Collections">
<msg time="2024-05-21T19:13:01.350027" level="INFO">False</msg>
<arg>${json_data['results'][0]['login']}</arg>
<arg>${keyTwo}</arg>
<doc>Fails if ``key`` is not found from ``dictionary``.</doc>
<status status="PASS" start="2024-05-21T19:13:01.349615" elapsed="0.000449"/>
</kw>
<kw name="Log" owner="BuiltIn">
<msg time="2024-05-21T19:13:01.350481" level="INFO">username</msg>
<arg>${keyTwo}</arg>
<doc>Logs the given message with the given level.</doc>
<status status="PASS" start="2024-05-21T19:13:01.350354" elapsed="0.000164"/>
</kw>
<var name="${keyTwo}">username</var>
<status status="PASS" start="2024-05-21T19:13:01.348799" elapsed="0.001930"/>
</iter>
<iter>
<kw name="Dictionary Should Contain Key" owner="Collections">
<msg time="2024-05-21T19:13:01.351387" level="INFO">False</msg>
<arg>${json_data['results'][0]['login']}</arg>
<arg>${keyTwo}</arg>
<doc>Fails if ``key`` is not found from ``dictionary``.</doc>
<status status="PASS" start="2024-05-21T19:13:01.351012" elapsed="0.000412"/>
</kw>
<kw name="Dictionary Should Contain Key" owner="Collections">
<msg time="2024-05-21T19:13:01.352171" level="INFO">False</msg>
<arg>${json_data['results'][0]['login']}</arg>
<arg>${keyTwo}</arg>
<doc>Fails if ``key`` is not found from ``dictionary``.</doc>
<status status="PASS" start="2024-05-21T19:13:01.351712" elapsed="0.000498"/>
</kw>
<kw name="Log" owner="BuiltIn">
<msg time="2024-05-21T19:13:01.352631" level="INFO">password</msg>
<arg>${keyTwo}</arg>
<doc>Logs the given message with the given level.</doc>
<status status="PASS" start="2024-05-21T19:13:01.352504" elapsed="0.000164"/>
</kw>
<var name="${keyTwo}">password</var>
<status status="PASS" start="2024-05-21T19:13:01.350901" elapsed="0.001980"/>
</iter>
<var>${keyTwo}</var>
<value>@{expected_keysTwo}</value>
<status status="PASS" start="2024-05-21T19:13:01.348647" elapsed="0.004357"/>
</for>
<status status="PASS" start="2024-05-21T19:13:00.488361" elapsed="0.864787"/>
</kw>
<doc>Testa a estrutura da resposta da API.</doc>
<tag>testeEstruturaResposta</tag>
<status status="PASS" start="2024-05-21T19:13:00.487730" elapsed="0.865578"/>
</test>
<test id="s1-s1-t4" name="Validar tipos de dados" line="28">
<kw name="Teste de Tipos de Dados" owner="random-user-service">
<kw name="GET On Session" owner="RequestsLibrary">
<msg time="2024-05-21T19:13:01.967608" level="INFO">GET Request : url=https://randomuser.me/api 
 path_url=/api 
 headers={'User-Agent': 'python-requests/2.32.2', 'Accept-Encoding': 'gzip, deflate', 'Accept': '*/*', 'Connection': 'keep-alive'} 
 body=None 
 </msg>
<msg time="2024-05-21T19:13:01.967705" level="INFO">GET Response : url=https://randomuser.me/api 
 status=200, reason=OK 
 headers={'Date': 'Tue, 21 May 2024 19:13:01 GMT', 'Content-Type': 'application/json; charset=utf-8', 'Transfer-Encoding': 'chunked', 'Connection': 'keep-alive', 'X-Powered-By': 'Express', 'Access-Control-Allow-Origin': '*', 'Cache-Control': 'no-cache', 'ETag': 'W/"48f-XGnLNH3dXUAHFFNEGfh1YDRPm1g"', 'Vary': 'Accept-Encoding', 'Content-Encoding': 'gzip', 'CF-Cache-Status': 'DYNAMIC', 'Report-To': '{"endpoints":[{"url":"https:\\/\\/a.nel.cloudflare.com\\/report\\/v4?s=Hed2LQb%2BIFOwFv1iFrAmMuVWPqLYRu%2FcyXTJgDzHBwV4i%2BX4zj%2Bgmx9b1kYYDDMVJXPiYgf41VAf5jEkLviccQ%2Bdbvp%2F9wgh%2F0NvKAeyGO0xO5IsWpiyhsJryXlJYQ9S"}],"group":"cf-nel","max_age":604800}', 'NEL': '{"success_fraction":0,"report_to":"cf-nel","max_age":604800}', 'Server': 'cloudflare', 'CF-RAY': '8876e19f8cc296ba-SJC', 'alt-svc': 'h3=":443"; ma=86400'} 
 body={"results":[{"gender":"male","name":{"title":"Mr","first":"August","last":"Christiansen"},"location":{"street":{"number":1496,"name":"Strandvej"},"city":"Århus C.","state":"Nordjylland","country":"Denmark","postcode":49644,"coordinates":{"latitude":"-46.0564","longitude":"-28.2820"},"timezone":{"offset":"-3:00","description":"Brazil, Buenos Aires, Georgetown"}},"email":"august.christiansen@example.com","login":{"uuid":"1252cf97-e899-45b5-ba4a-83f247b583cb","username":"goldenmouse605","password":"mustard","salt":"5HMJtRvl","md5":"6f6672e704f6d44a6a0e3534057d7919","sha1":"f1d38631d5e87f6d6a1608584fc337a54f1001f3","sha256":"7b787269e2f2202cd04684c79e6dc9c4a118a13987e9531d2d0b7bfb4d653c6d"},"dob":{"date":"1957-05-01T02:49:11.644Z","age":67},"registered":{"date":"2021-12-22T08:04:57.840Z","age":2},"phone":"24735277","cell":"38237213","id":{"name":"CPR","value":"300457-8251"},"picture":{"large":"https://randomuser.me/api/portraits/men/15.jpg","medium":"https://randomuser.me/api/portraits/med/men/15.jpg","thumbnail":"https://randomuser.me/api/portraits/thumb/men/15.jpg"},"nat":"DK"}],"info":{"seed":"cf0dc36c241aca61","results":1,"page":1,"version":"1.4"}} 
 </msg>
<msg time="2024-05-21T19:13:01.967775" level="INFO">/opt/hostedtoolcache/Python/3.12.3/x64/lib/python3.12/site-packages/urllib3/connectionpool.py:1103: InsecureRequestWarning: Unverified HTTPS request is being made to host 'randomuser.me'. Adding certificate verification is strongly advised. See: https://urllib3.readthedocs.io/en/latest/advanced-usage.html#tls-warnings
  warnings.warn(</msg>
<msg time="2024-05-21T19:13:01.967891" level="INFO">${response} = &lt;Response [200]&gt;</msg>
<var>${response}</var>
<arg>consultarAPI</arg>
<arg>/api</arg>
<doc>Sends a GET request on a previously created HTTP Session.</doc>
<status status="PASS" start="2024-05-21T19:13:01.355821" elapsed="0.612107"/>
</kw>
<kw name="Set Variable" owner="BuiltIn">
<msg time="2024-05-21T19:13:01.968983" level="INFO">${json_data} = {'results': [{'gender': 'male', 'name': {'title': 'Mr', 'first': 'August', 'last': 'Christiansen'}, 'location': {'street': {'number': 1496, 'name': 'Strandvej'}, 'city': 'Århus C.', 'state': 'Nordjyll...</msg>
<var>${json_data}</var>
<arg>${response.json()}</arg>
<doc>Returns the given values which can then be assigned to a variables.</doc>
<status status="PASS" start="2024-05-21T19:13:01.968460" elapsed="0.000554"/>
</kw>
<kw name="Log" owner="BuiltIn">
<msg time="2024-05-21T19:13:01.969481" level="INFO">{'results': [{'gender': 'male', 'name': {'title': 'Mr', 'first': 'August', 'last': 'Christiansen'}, 'location': {'street': {'number': 1496, 'name': 'Strandvej'}, 'city': 'Århus C.', 'state': 'Nordjylland', 'country': 'Denmark', 'postcode': 49644, 'coordinates': {'latitude': '-46.0564', 'longitude': '-28.2820'}, 'timezone': {'offset': '-3:00', 'description': 'Brazil, Buenos Aires, Georgetown'}}, 'email': 'august.christiansen@example.com', 'login': {'uuid': '1252cf97-e899-45b5-ba4a-83f247b583cb', 'username': 'goldenmouse605', 'password': 'mustard', 'salt': '5HMJtRvl', 'md5': '6f6672e704f6d44a6a0e3534057d7919', 'sha1': 'f1d38631d5e87f6d6a1608584fc337a54f1001f3', 'sha256': '7b787269e2f2202cd04684c79e6dc9c4a118a13987e9531d2d0b7bfb4d653c6d'}, 'dob': {'date': '1957-05-01T02:49:11.644Z', 'age': 67}, 'registered': {'date': '2021-12-22T08:04:57.840Z', 'age': 2}, 'phone': '24735277', 'cell': '38237213', 'id': {'name': 'CPR', 'value': '300457-8251'}, 'picture': {'large': 'https://randomuser.me/api/portraits/men/15.jpg', 'medium': 'https://randomuser.me/api/portraits/med/men/15.jpg', 'thumbnail': 'https://randomuser.me/api/portraits/thumb/men/15.jpg'}, 'nat': 'DK'}], 'info': {'seed': 'cf0dc36c241aca61', 'results': 1, 'page': 1, 'version': '1.4'}}</msg>
<arg>${json_data}</arg>
<doc>Logs the given message with the given level.</doc>
<status status="PASS" start="2024-05-21T19:13:01.969321" elapsed="0.000255"/>
</kw>
<kw name="Should Be String" owner="String">
<arg>${json_data['results'][0]['gender']}</arg>
<doc>Fails if the given ``item`` is not a string.</doc>
<status status="PASS" start="2024-05-21T19:13:01.969931" elapsed="0.000359"/>
</kw>
<kw name="Should Match Regexp" owner="BuiltIn">
<arg>${json_data['results'][0]['email']}</arg>
<arg>^[a-zA-Z0-9._%+-]+@[a-zA-Z0-9.-]+\.[a-zA-Z]{2,}$</arg>
<doc>Fails if ``string`` does not match ``pattern`` as a regular expression.</doc>
<status status="PASS" start="2024-05-21T19:13:01.970484" elapsed="0.000522"/>
</kw>
<kw name="Should Match Regexp" owner="BuiltIn">
<arg>${json_data['results'][0]['dob']['date']}</arg>
<arg>\\d{4}-\\d{2}-\\d{2}T\\d{2}:\\d{2}:\\d{2}\\.\\d{3}Z</arg>
<doc>Fails if ``string`` does not match ``pattern`` as a regular expression.</doc>
<status status="PASS" start="2024-05-21T19:13:01.971200" elapsed="0.000473"/>
</kw>
<kw name="Should Match Regexp" owner="BuiltIn">
<arg>${json_data['results'][0]['registered']['date']}</arg>
<arg>\\d{4}-\\d{2}-\\d{2}T\\d{2}:\\d{2}:\\d{2}\\.\\d{3}Z</arg>
<doc>Fails if ``string`` does not match ``pattern`` as a regular expression.</doc>
<status status="PASS" start="2024-05-21T19:13:01.971861" elapsed="0.000357"/>
</kw>
<kw name="Should Match Regexp" owner="BuiltIn">
<arg>${json_data['results'][0]['picture']['large']}</arg>
<arg>^https?://.*\.(?:png|jpe?g|gif|bmp)$</arg>
<doc>Fails if ``string`` does not match ``pattern`` as a regular expression.</doc>
<status status="PASS" start="2024-05-21T19:13:01.972403" elapsed="0.000448"/>
</kw>
<kw name="Should Match Regexp" owner="BuiltIn">
<arg>${json_data['results'][0]['picture']['medium']}</arg>
<arg>^https?://.*\.(?:png|jpe?g|gif|bmp)$</arg>
<doc>Fails if ``string`` does not match ``pattern`` as a regular expression.</doc>
<status status="PASS" start="2024-05-21T19:13:01.973037" elapsed="0.000357"/>
</kw>
<kw name="Should Match Regexp" owner="BuiltIn">
<arg>${json_data['results'][0]['picture']['thumbnail']}</arg>
<arg>^https?://.*\.(?:png|jpe?g|gif|bmp)$</arg>
<doc>Fails if ``string`` does not match ``pattern`` as a regular expression.</doc>
<status status="PASS" start="2024-05-21T19:13:01.973582" elapsed="0.000370"/>
</kw>
<kw name="Log" owner="BuiltIn">
<msg time="2024-05-21T19:13:01.974468" level="INFO">{'large': 'https://randomuser.me/api/portraits/men/15.jpg', 'medium': 'https://randomuser.me/api/portraits/med/men/15.jpg', 'thumbnail': 'https://randomuser.me/api/portraits/thumb/men/15.jpg'}</msg>
<arg>${json_data['results'][0]['picture']}</arg>
<doc>Logs the given message with the given level.</doc>
<status status="PASS" start="2024-05-21T19:13:01.974141" elapsed="0.000369"/>
</kw>
<status status="PASS" start="2024-05-21T19:13:01.355581" elapsed="0.619185"/>
</kw>
<kw name="Teste de Tipos de Dados - Postcode" owner="random-user-service">
<kw name="GET On Session" owner="RequestsLibrary">
<msg time="2024-05-21T19:13:02.856239" level="INFO">GET Request : url=https://randomuser.me/api 
 path_url=/api 
 headers={'User-Agent': 'python-requests/2.32.2', 'Accept-Encoding': 'gzip, deflate', 'Accept': '*/*', 'Connection': 'keep-alive'} 
 body=None 
 </msg>
<msg time="2024-05-21T19:13:02.856337" level="INFO">GET Response : url=https://randomuser.me/api 
 status=200, reason=OK 
 headers={'Date': 'Tue, 21 May 2024 19:13:02 GMT', 'Content-Type': 'application/json; charset=utf-8', 'Transfer-Encoding': 'chunked', 'Connection': 'keep-alive', 'X-Powered-By': 'Express', 'Access-Control-Allow-Origin': '*', 'Cache-Control': 'no-cache', 'ETag': 'W/"48a-4XMEIErEiVBE5pytczkrk2mn4RM"', 'Vary': 'Accept-Encoding', 'Content-Encoding': 'gzip', 'CF-Cache-Status': 'DYNAMIC', 'Report-To': '{"endpoints":[{"url":"https:\\/\\/a.nel.cloudflare.com\\/report\\/v4?s=%2Foyc3ZqjBYK%2FdHEINKPJH8zJgN%2FHMEUSxz%2F%2FYuB5rd304QYuNcaXe2ODMTviCVxqojuH0aw41cFmyowkSNp1WCM3EKgm6AtrzgG6ahUy9y8JGTi%2BfVL1lkrXyHF%2BJgV2"}],"group":"cf-nel","max_age":604800}', 'NEL': '{"success_fraction":0,"report_to":"cf-nel","max_age":604800}', 'Server': 'cloudflare', 'CF-RAY': '8876e1a35f6896ba-SJC', 'alt-svc': 'h3=":443"; ma=86400'} 
 body={"results":[{"gender":"male","name":{"title":"Mr","first":"Enzo","last":"Bourgeois"},"location":{"street":{"number":2011,"name":"Rue de la Charité"},"city":"Avignon","state":"Rhône","country":"France","postcode":37760,"coordinates":{"latitude":"-19.0503","longitude":"-153.8150"},"timezone":{"offset":"-12:00","description":"Eniwetok, Kwajalein"}},"email":"enzo.bourgeois@example.com","login":{"uuid":"4103a1c4-739b-49db-ade2-2d6061d1a7cc","username":"whitedog242","password":"steelers","salt":"CoMUM3S5","md5":"1d7873bd6c36f08c1072e32de0520363","sha1":"0386a8241dc2e88237c9802f03dd2c7d9471fd0e","sha256":"5f57777d53b3edab9430b0316af3fbb6246b1d3381bc40f6894fe2e94784df4a"},"dob":{"date":"1993-12-01T12:03:17.489Z","age":30},"registered":{"date":"2010-08-29T04:19:47.990Z","age":13},"phone":"03-18-06-47-78","cell":"06-44-70-13-37","id":{"name":"INSEE","value":"1931157133557 56"},"picture":{"large":"https://randomuser.me/api/portraits/men/2.jpg","medium":"https://randomuser.me/api/portraits/med/men/2.jpg","thumbnail":"https://randomuser.me/api/portraits/thumb/men/2.jpg"},"nat":"FR"}],"info":{"seed":"12008369dcb592ed","results":1,"page":1,"version":"1.4"}} 
 </msg>
<msg time="2024-05-21T19:13:02.856406" level="INFO">/opt/hostedtoolcache/Python/3.12.3/x64/lib/python3.12/site-packages/urllib3/connectionpool.py:1103: InsecureRequestWarning: Unverified HTTPS request is being made to host 'randomuser.me'. Adding certificate verification is strongly advised. See: https://urllib3.readthedocs.io/en/latest/advanced-usage.html#tls-warnings
  warnings.warn(</msg>
<msg time="2024-05-21T19:13:02.856523" level="INFO">${response} = &lt;Response [200]&gt;</msg>
<var>${response}</var>
<arg>consultarAPI</arg>
<arg>/api</arg>
<doc>Sends a GET request on a previously created HTTP Session.</doc>
<status status="PASS" start="2024-05-21T19:13:01.975229" elapsed="0.881335"/>
</kw>
<kw name="Set Variable" owner="BuiltIn">
<msg time="2024-05-21T19:13:02.857640" level="INFO">${json_data} = {'results': [{'gender': 'male', 'name': {'title': 'Mr', 'first': 'Enzo', 'last': 'Bourgeois'}, 'location': {'street': {'number': 2011, 'name': 'Rue de la Charité'}, 'city': 'Avignon', 'state': 'Rhône'...</msg>
<var>${json_data}</var>
<arg>${response.json()}</arg>
<doc>Returns the given values which can then be assigned to a variables.</doc>
<status status="PASS" start="2024-05-21T19:13:02.857095" elapsed="0.000574"/>
</kw>
<kw name="Log" owner="BuiltIn">
<msg time="2024-05-21T19:13:02.858205" level="INFO">{'results': [{'gender': 'male', 'name': {'title': 'Mr', 'first': 'Enzo', 'last': 'Bourgeois'}, 'location': {'street': {'number': 2011, 'name': 'Rue de la Charité'}, 'city': 'Avignon', 'state': 'Rhône', 'country': 'France', 'postcode': 37760, 'coordinates': {'latitude': '-19.0503', 'longitude': '-153.8150'}, 'timezone': {'offset': '-12:00', 'description': 'Eniwetok, Kwajalein'}}, 'email': 'enzo.bourgeois@example.com', 'login': {'uuid': '4103a1c4-739b-49db-ade2-2d6061d1a7cc', 'username': 'whitedog242', 'password': 'steelers', 'salt': 'CoMUM3S5', 'md5': '1d7873bd6c36f08c1072e32de0520363', 'sha1': '0386a8241dc2e88237c9802f03dd2c7d9471fd0e', 'sha256': '5f57777d53b3edab9430b0316af3fbb6246b1d3381bc40f6894fe2e94784df4a'}, 'dob': {'date': '1993-12-01T12:03:17.489Z', 'age': 30}, 'registered': {'date': '2010-08-29T04:19:47.990Z', 'age': 13}, 'phone': '03-18-06-47-78', 'cell': '06-44-70-13-37', 'id': {'name': 'INSEE', 'value': '1931157133557 56'}, 'picture': {'large': 'https://randomuser.me/api/portraits/men/2.jpg', 'medium': 'https://randomuser.me/api/portraits/med/men/2.jpg', 'thumbnail': 'https://randomuser.me/api/portraits/thumb/men/2.jpg'}, 'nat': 'FR'}], 'info': {'seed': '12008369dcb592ed', 'results': 1, 'page': 1, 'version': '1.4'}}</msg>
<arg>${json_data}</arg>
<doc>Logs the given message with the given level.</doc>
<status status="PASS" start="2024-05-21T19:13:02.858045" elapsed="0.000243"/>
</kw>
<kw name="Should Be Equal As Numbers" owner="BuiltIn">
<arg>${json_data['results'][0]['location']['postcode']}</arg>
<arg>${json_data['results'][0]['location']['postcode']}</arg>
<doc>Fails if objects are unequal after converting them to real numbers.</doc>
<status status="PASS" start="2024-05-21T19:13:02.858593" elapsed="0.000797"/>
</kw>
<kw name="Log" owner="BuiltIn">
<msg time="2024-05-21T19:13:02.859930" level="INFO">37760</msg>
<arg>${json_data['results'][0]['location']['postcode']}</arg>
<doc>Logs the given message with the given level.</doc>
<status status="PASS" start="2024-05-21T19:13:02.859585" elapsed="0.000385"/>
</kw>
<status status="PASS" start="2024-05-21T19:13:01.974996" elapsed="0.885232"/>
</kw>
<doc>Testa se os tipos de dados na resposta da API estão corretos.</doc>
<tag>testeTiposDados</tag>
<status status="PASS" start="2024-05-21T19:13:01.355117" elapsed="1.505278"/>
</test>
<test id="s1-s1-t5" name="Validar conteudo" line="35">
<kw name="Teste de Tipos de Conteudo" owner="random-user-service">
<kw name="GET On Session" owner="RequestsLibrary">
<msg time="2024-05-21T19:13:04.217568" level="INFO">GET Request : url=https://randomuser.me/api 
 path_url=/api 
 headers={'User-Agent': 'python-requests/2.32.2', 'Accept-Encoding': 'gzip, deflate', 'Accept': '*/*', 'Connection': 'keep-alive'} 
 body=None 
 </msg>
<msg time="2024-05-21T19:13:04.217678" level="INFO">GET Response : url=https://randomuser.me/api 
 status=200, reason=OK 
 headers={'Date': 'Tue, 21 May 2024 19:13:04 GMT', 'Content-Type': 'application/json; charset=utf-8', 'Transfer-Encoding': 'chunked', 'Connection': 'keep-alive', 'X-Powered-By': 'Express', 'Access-Control-Allow-Origin': '*', 'Cache-Control': 'no-cache', 'ETag': 'W/"48f-jey9doS1/L7taBnTGFCkO4NqVPo"', 'Vary': 'Accept-Encoding', 'Content-Encoding': 'gzip', 'CF-Cache-Status': 'DYNAMIC', 'Report-To': '{"endpoints":[{"url":"https:\\/\\/a.nel.cloudflare.com\\/report\\/v4?s=X1b86JyA3fZwaUrV9vg3uEmQLOYnD4tzViRQEzkq3BQXLXzpMahf%2F486fP0AVZNrFVXQXTW9OByL1dyhpcAwnc6nPdjJy36h2Z%2FEtg5SG6fEHUmLWCjJJRyjP4QQ5hTP"}],"group":"cf-nel","max_age":604800}', 'NEL': '{"success_fraction":0,"report_to":"cf-nel","max_age":604800}', 'Server': 'cloudflare', 'CF-RAY': '8876e1a8eb6396ba-SJC', 'alt-svc': 'h3=":443"; ma=86400'} 
 body={"results":[{"gender":"female","name":{"title":"Mrs","first":"Sebahat","last":"Hau"},"location":{"street":{"number":5912,"name":"Blauwe Zeedistelstraat"},"city":"Kruispolderhaven","state":"Zeeland","country":"Netherlands","postcode":"1771 YP","coordinates":{"latitude":"35.7802","longitude":"71.7065"},"timezone":{"offset":"-3:30","description":"Newfoundland"}},"email":"sebahat.hau@example.com","login":{"uuid":"d485927e-4117-45de-a079-ed087955e0be","username":"organicswan867","password":"hola","salt":"deDu16Ad","md5":"4d86b50fcfb64f479d01f6e206db8913","sha1":"e49b4adedfa35e70bb78b249ffbc550029455ef4","sha256":"9fabf26231e98227fa23a6589a3d9d01e7fe547db42708eca7d4eebc6b92a171"},"dob":{"date":"1944-10-07T15:11:36.020Z","age":79},"registered":{"date":"2013-07-01T09:41:07.527Z","age":10},"phone":"(063) 3907857","cell":"(06) 43423785","id":{"name":"BSN","value":"70132882"},"picture":{"large":"https://randomuser.me/api/portraits/women/47.jpg","medium":"https://randomuser.me/api/portraits/med/women/47.jpg","thumbnail":"https://randomuser.me/api/portraits/thumb/women/47.jpg"},"nat":"NL"}],"info":{"seed":"c40786d665a1d839","results":1,"page":1,"version":"1.4"}} 
 </msg>
<msg time="2024-05-21T19:13:04.217787" level="INFO">/opt/hostedtoolcache/Python/3.12.3/x64/lib/python3.12/site-packages/urllib3/connectionpool.py:1103: InsecureRequestWarning: Unverified HTTPS request is being made to host 'randomuser.me'. Adding certificate verification is strongly advised. See: https://urllib3.readthedocs.io/en/latest/advanced-usage.html#tls-warnings
  warnings.warn(</msg>
<msg time="2024-05-21T19:13:04.217912" level="INFO">${response} = &lt;Response [200]&gt;</msg>
<var>${response}</var>
<arg>consultarAPI</arg>
<arg>/api</arg>
<doc>Sends a GET request on a previously created HTTP Session.</doc>
<status status="PASS" start="2024-05-21T19:13:02.863741" elapsed="1.354210"/>
</kw>
<kw name="Set Variable" owner="BuiltIn">
<msg time="2024-05-21T19:13:04.218975" level="INFO">${json_data} = {'results': [{'gender': 'female', 'name': {'title': 'Mrs', 'first': 'Sebahat', 'last': 'Hau'}, 'location': {'street': {'number': 5912, 'name': 'Blauwe Zeedistelstraat'}, 'city': 'Kruispolderhaven', 's...</msg>
<var>${json_data}</var>
<arg>${response.json()}</arg>
<doc>Returns the given values which can then be assigned to a variables.</doc>
<status status="PASS" start="2024-05-21T19:13:04.218466" elapsed="0.000537"/>
</kw>
<kw name="Set Variable" owner="BuiltIn">
<msg time="2024-05-21T19:13:04.219688" level="INFO">${name_title} = Mrs</msg>
<var>${name_title}</var>
<arg>${json_data["results"][0]["name"]["title"]}</arg>
<doc>Returns the given values which can then be assigned to a variables.</doc>
<status status="PASS" start="2024-05-21T19:13:04.219305" elapsed="0.000408"/>
</kw>
<kw name="Create List" owner="BuiltIn">
<msg time="2024-05-21T19:13:04.220162" level="INFO">${allowed_titles} = ['Mr', 'Ms', 'Miss', 'Mrs', 'Madame', 'Monsieur']</msg>
<var>${allowed_titles}</var>
<arg>Mr</arg>
<arg>Ms</arg>
<arg>Miss</arg>
<arg>Mrs</arg>
<arg>Madame</arg>
<arg>Monsieur</arg>
<doc>Returns a list containing given items.</doc>
<status status="PASS" start="2024-05-21T19:13:04.220012" elapsed="0.000173"/>
</kw>
<kw name="List Should Contain Value" owner="Collections">
<msg time="2024-05-21T19:13:04.220657" level="INFO">False</msg>
<arg>${allowed_titles}</arg>
<arg>${name_title}</arg>
<doc>Fails if the ``value`` is not found from ``list``.</doc>
<status status="PASS" start="2024-05-21T19:13:04.220483" elapsed="0.000211"/>
</kw>
<kw name="Set Variable" owner="BuiltIn">
<msg time="2024-05-21T19:13:04.221360" level="INFO">${name_country} = NL</msg>
<var>${name_country}</var>
<arg>${json_data["results"][0]["nat"]}</arg>
<doc>Returns the given values which can then be assigned to a variables.</doc>
<status status="PASS" start="2024-05-21T19:13:04.220979" elapsed="0.000405"/>
</kw>
<kw name="Create List" owner="BuiltIn">
<msg time="2024-05-21T19:13:04.222305" level="INFO">${list_country} = ['AD', 'AE', 'AF', 'AG', 'AI', 'AL', 'AM', 'AO', 'AQ', 'AR', 'AS', 'AT', 'AU', 'AW', 'AX', 'AZ', 'BA', 'BB', 'BD', 'BE', 'BF', 'BG', 'BH', 'BI', 'BJ', 'BL', 'BM', 'BN', 'BO', 'BQ', 'BR', 'BS', 'BT', '...</msg>
<var>${list_country}</var>
<arg>AD</arg>
<arg>AE</arg>
<arg>AF</arg>
<arg>AG</arg>
<arg>AI</arg>
<arg>AL</arg>
<arg>AM</arg>
<arg>AO</arg>
<arg>AQ</arg>
<arg>AR</arg>
<arg>AS</arg>
<arg>AT</arg>
<arg>AU</arg>
<arg>AW</arg>
<arg>AX</arg>
<arg>AZ</arg>
<arg>BA</arg>
<arg>BB</arg>
<arg>BD</arg>
<arg>BE</arg>
<arg>BF</arg>
<arg>BG</arg>
<arg>BH</arg>
<arg>BI</arg>
<arg>BJ</arg>
<arg>BL</arg>
<arg>BM</arg>
<arg>BN</arg>
<arg>BO</arg>
<arg>BQ</arg>
<arg>BR</arg>
<arg>BS</arg>
<arg>BT</arg>
<arg>BV</arg>
<arg>BW</arg>
<arg>BY</arg>
<arg>BZ</arg>
<arg>CA</arg>
<arg>CC</arg>
<arg>CD</arg>
<arg>CF</arg>
<arg>CG</arg>
<arg>CH</arg>
<arg>CI</arg>
<arg>CK</arg>
<arg>CL</arg>
<arg>CM</arg>
<arg>CN</arg>
<arg>CO</arg>
<arg>CR</arg>
<arg>CU</arg>
<arg>CV</arg>
<arg>CW</arg>
<arg>CX</arg>
<arg>CY</arg>
<arg>CZ</arg>
<arg>DE</arg>
<arg>DJ</arg>
<arg>DK</arg>
<arg>DM</arg>
<arg>DO</arg>
<arg>DZ</arg>
<arg>EC</arg>
<arg>EE</arg>
<arg>EG</arg>
<arg>EH</arg>
<arg>ER</arg>
<arg>ES</arg>
<arg>ET</arg>
<arg>FI</arg>
<arg>FJ</arg>
<arg>FK</arg>
<arg>FM</arg>
<arg>FO</arg>
<arg>FR</arg>
<arg>GA</arg>
<arg>GB</arg>
<arg>GD</arg>
<arg>GE</arg>
<arg>GF</arg>
<arg>GG</arg>
<arg>GH</arg>
<arg>GI</arg>
<arg>GL</arg>
<arg>GM</arg>
<arg>GN</arg>
<arg>GP</arg>
<arg>GQ</arg>
<arg>GR</arg>
<arg>GS</arg>
<arg>GT</arg>
<arg>GU</arg>
<arg>GW</arg>
<arg>GY</arg>
<arg>HK</arg>
<arg>HM</arg>
<arg>HN</arg>
<arg>HR</arg>
<arg>HT</arg>
<arg>HU</arg>
<arg>ID</arg>
<arg>IE</arg>
<arg>IL</arg>
<arg>IM</arg>
<arg>IN</arg>
<arg>IO</arg>
<arg>IQ</arg>
<arg>IR</arg>
<arg>IS</arg>
<arg>IT</arg>
<arg>JE</arg>
<arg>JM</arg>
<arg>JO</arg>
<arg>JP</arg>
<arg>KE</arg>
<arg>KG</arg>
<arg>KH</arg>
<arg>KI</arg>
<arg>KM</arg>
<arg>KN</arg>
<arg>KP</arg>
<arg>KR</arg>
<arg>KW</arg>
<arg>KY</arg>
<arg>KZ</arg>
<arg>LA</arg>
<arg>LB</arg>
<arg>LC</arg>
<arg>LI</arg>
<arg>LK</arg>
<arg>LR</arg>
<arg>LS</arg>
<arg>LT</arg>
<arg>LU</arg>
<arg>LV</arg>
<arg>LY</arg>
<arg>MA</arg>
<arg>MC</arg>
<arg>MD</arg>
<arg>ME</arg>
<arg>MF</arg>
<arg>MG</arg>
<arg>MH</arg>
<arg>MK</arg>
<arg>ML</arg>
<arg>MM</arg>
<arg>MN</arg>
<arg>MO</arg>
<arg>MP</arg>
<arg>MQ</arg>
<arg>MR</arg>
<arg>MS</arg>
<arg>MT</arg>
<arg>MU</arg>
<arg>MV</arg>
<arg>MW</arg>
<arg>MX</arg>
<arg>MY</arg>
<arg>MZ</arg>
<arg>NA</arg>
<arg>NC</arg>
<arg>NE</arg>
<arg>NF</arg>
<arg>NG</arg>
<arg>NI</arg>
<arg>NL</arg>
<arg>NO</arg>
<arg>NP</arg>
<arg>NR</arg>
<arg>NU</arg>
<arg>NZ</arg>
<arg>OM</arg>
<arg>PA</arg>
<arg>PE</arg>
<arg>PF</arg>
<arg>PG</arg>
<arg>PH</arg>
<arg>PK</arg>
<arg>PL</arg>
<arg>PM</arg>
<arg>PN</arg>
<arg>PR</arg>
<arg>PS</arg>
<arg>PT</arg>
<arg>PW</arg>
<arg>PY</arg>
<arg>QA</arg>
<arg>RE</arg>
<arg>RO</arg>
<arg>RS</arg>
<arg>RU</arg>
<arg>RW</arg>
<arg>SA</arg>
<arg>SB</arg>
<arg>SC</arg>
<arg>SD</arg>
<arg>SE</arg>
<arg>SG</arg>
<arg>SH</arg>
<arg>SI</arg>
<arg>SJ</arg>
<arg>SK</arg>
<arg>SL</arg>
<arg>SM</arg>
<arg>SN</arg>
<arg>SO</arg>
<arg>SR</arg>
<arg>SS</arg>
<arg>ST</arg>
<arg>SV</arg>
<arg>SX</arg>
<arg>SY</arg>
<arg>SZ</arg>
<arg>TC</arg>
<arg>TD</arg>
<arg>TF</arg>
<arg>TG</arg>
<arg>TH</arg>
<arg>TJ</arg>
<arg>TK</arg>
<arg>TL</arg>
<arg>TM</arg>
<arg>TN</arg>
<arg>TO</arg>
<arg>TR</arg>
<arg>TT</arg>
<arg>TV</arg>
<arg>TW</arg>
<arg>TZ</arg>
<arg>UA</arg>
<arg>UG</arg>
<arg>UM</arg>
<arg>US</arg>
<arg>UY</arg>
<arg>UZ</arg>
<arg>VA</arg>
<arg>VC</arg>
<arg>VE</arg>
<arg>VG</arg>
<arg>VI</arg>
<arg>VN</arg>
<arg>VU</arg>
<arg>WF</arg>
<arg>WS</arg>
<arg>XK</arg>
<arg>YE</arg>
<arg>YT</arg>
<arg>ZA</arg>
<arg>ZM</arg>
<arg>ZW</arg>
<doc>Returns a list containing given items.</doc>
<status status="PASS" start="2024-05-21T19:13:04.221680" elapsed="0.000651"/>
</kw>
<kw name="List Should Contain Value" owner="Collections">
<msg time="2024-05-21T19:13:04.223315" level="INFO">False</msg>
<arg>${list_country}</arg>
<arg>${name_country}</arg>
<doc>Fails if the ``value`` is not found from ``list``.</doc>
<status status="PASS" start="2024-05-21T19:13:04.223109" elapsed="0.000242"/>
</kw>
<kw name="Run Keyword If" owner="BuiltIn">
<kw name="Should Be True" owner="BuiltIn">
<arg>${True}</arg>
<doc>Fails if the given condition is not true.</doc>
<status status="PASS" start="2024-05-21T19:13:04.224412" elapsed="0.000143"/>
</kw>
<arg>${json_data["results"][0]["location"]["coordinates"]["latitude"]} &gt;= -90 and ${json_data["results"][0]["location"]["coordinates"]["latitude"]} &lt;= 90</arg>
<arg>Should Be True</arg>
<arg>${True}</arg>
<doc>Runs the given keyword with the given arguments, if ``condition`` is true.</doc>
<status status="PASS" start="2024-05-21T19:13:04.223661" elapsed="0.001019"/>
</kw>
<kw name="Run Keyword If" owner="BuiltIn">
<kw name="Should Be True" owner="BuiltIn">
<arg>${True}</arg>
<doc>Fails if the given condition is not true.</doc>
<status status="PASS" start="2024-05-21T19:13:04.225545" elapsed="0.000274"/>
</kw>
<arg>${json_data["results"][0]["location"]["coordinates"]["longitude"]} &gt;= -180 and ${json_data["results"][0]["location"]["coordinates"]["longitude"]} &lt;= 180</arg>
<arg>Should Be True</arg>
<arg>${True}</arg>
<doc>Runs the given keyword with the given arguments, if ``condition`` is true.</doc>
<status status="PASS" start="2024-05-21T19:13:04.224864" elapsed="0.001081"/>
</kw>
<status status="PASS" start="2024-05-21T19:13:02.863374" elapsed="1.362704"/>
</kw>
<doc>Testa o conteúdo específico dos campos retornados pela API.</doc>
<tag>testeConteudo</tag>
<status status="PASS" start="2024-05-21T19:13:02.862655" elapsed="1.363578"/>
</test>
<status status="PASS" start="2024-05-21T19:12:59.823142" elapsed="4.405012"/>
</suite>
<status status="PASS" start="2024-05-21T19:12:59.809945" elapsed="4.423291"/>
</suite>
<statistics>
<total>
<stat pass="5" fail="0" skip="0">All Tests</stat>
</total>
<tag>
<stat pass="1" fail="0" skip="0">testeConteudo</stat>
<stat pass="1" fail="0" skip="0">testeEstruturaResposta</stat>
<stat pass="1" fail="0" skip="0">testeRequisicaoBasica</stat>
<stat pass="1" fail="0" skip="0">testeTiposDados</stat>
</tag>
<suite>
<stat pass="5" fail="0" skip="0" id="s1" name="Tests">Tests</stat>
<stat pass="5" fail="0" skip="0" id="s1-s1" name="Random-User-Test">Tests.Random-User-Test</stat>
</suite>
</statistics>
<errors>
</errors>
</robot>
