<?xml version="1.0" encoding="UTF-8"?>
<robot generator="Robot 7.0 (Python 3.12.2 on linux)" generated="2024-04-02T09:14:21.910749" rpa="false" schemaversion="5">
<suite id="s1" name="Tests" source="/home/runner/work/DesafioQAItauRogerioJordao/DesafioQAItauRogerioJordao/RamdonUser/tests">
<suite id="s1-s1" name="Random-User-Test" source="/home/runner/work/DesafioQAItauRogerioJordao/DesafioQAItauRogerioJordao/RamdonUser/tests/random-user-test.robot">
<test id="s1-s1-t1" name="Conectar" line="13">
<kw name="Conectar API" owner="random-user-service">
<kw name="Create Session" owner="RequestsLibrary">
<msg time="2024-04-02T09:14:22.273534" level="INFO">Creating Session using : alias=consultarAPI, url=https://randomuser.me/, headers={},                     cookies={}, auth=None, timeout=None, proxies=None, verify=False,                     debug=0 </msg>
<arg>consultarAPI</arg>
<arg>${URL}</arg>
<doc>Create Session: create a HTTP session to a server</doc>
<status status="PASS" start="2024-04-02T09:14:22.273305" elapsed="0.000462"/>
</kw>
<status status="PASS" start="2024-04-02T09:14:22.272209" elapsed="0.001948"/>
</kw>
<status status="PASS" start="2024-04-02T09:14:22.271605" elapsed="0.002762"/>
</test>
<test id="s1-s1-t2" name="Validar retorno 200 e JSON Válido" line="16">
<kw name="Teste de Requisicao Basica" owner="random-user-service">
<kw name="GET On Session" owner="RequestsLibrary">
<msg time="2024-04-02T09:14:22.338310" level="INFO">GET Request : url=https://randomuser.me/api 
 path_url=/api 
 headers={'User-Agent': 'python-requests/2.31.0', 'Accept-Encoding': 'gzip, deflate', 'Accept': '*/*', 'Connection': 'keep-alive'} 
 body=None 
 </msg>
<msg time="2024-04-02T09:14:22.338466" level="INFO">GET Response : url=https://randomuser.me/api 
 status=200, reason=OK 
 headers={'Date': 'Tue, 02 Apr 2024 09:14:22 GMT', 'Content-Type': 'application/json; charset=utf-8', 'Transfer-Encoding': 'chunked', 'Connection': 'keep-alive', 'X-Powered-By': 'Express', 'Access-Control-Allow-Origin': '*', 'Cache-Control': 'no-cache', 'ETag': 'W/"490-DVi/a1zEExfm1iU659Gnv8HRLmA"', 'Vary': 'Accept-Encoding', 'Content-Encoding': 'gzip', 'CF-Cache-Status': 'DYNAMIC', 'Report-To': '{"endpoints":[{"url":"https:\\/\\/a.nel.cloudflare.com\\/report\\/v4?s=rA0RMwwOEGuOAscXK%2Fit9IcCEvbHecQQztSTumO3Q4mfux1uMbmyZPMARXQTYg9PS1Xe3heoFIkZJOyOXcJXGsURR2zAW8r9zheuiiSPbW7qjIfnEu8dqJvtC%2BXXK4a%2B"}],"group":"cf-nel","max_age":604800}', 'NEL': '{"success_fraction":0,"report_to":"cf-nel","max_age":604800}', 'Server': 'cloudflare', 'CF-RAY': '86dfb5515b198f28-IAD', 'alt-svc': 'h3=":443"; ma=86400'} 
 body={"results":[{"gender":"female","name":{"title":"Mrs","first":"Latife","last":"Toraman"},"location":{"street":{"number":3198,"name":"Tunalı Hilmi Cd"},"city":"Balıkesir","state":"Yalova","country":"Turkey","postcode":53805,"coordinates":{"latitude":"69.5048","longitude":"40.9507"},"timezone":{"offset":"+9:00","description":"Tokyo, Seoul, Osaka, Sapporo, Yakutsk"}},"email":"latife.toraman@example.com","login":{"uuid":"9c7e5a1f-72a1-48f2-8faa-c79a68b5f222","username":"redsnake506","password":"ooooooo","salt":"jPeI7jY9","md5":"acdcf8e4c734c88eacfebc729406afd8","sha1":"70857c0312dcbf435c6e1549bd84e5ae20488829","sha256":"e0885e9f0cc456f88846ee5a58ba6196faa0172b1fa2c219b6a8824acb56534a"},"dob":{"date":"1976-09-16T16:40:31.938Z","age":47},"registered":{"date":"2014-12-19T07:52:58.970Z","age":9},"phone":"(573)-911-1893","cell":"(800)-401-7859","id":{"name":"","value":null},"picture":{"large":"https://randomuser.me/api/portraits/women/36.jpg","medium":"https://randomuser.me/api/portraits/med/women/36.jpg","thumbnail":"https://randomuser.me/api/portraits/thumb/women/36.jpg"},"nat":"TR"}],"info":{"seed":"2a7418daa18ff33f","results":1,"page":1,"version":"1.4"}} 
 </msg>
<msg time="2024-04-02T09:14:22.338576" level="INFO">/opt/hostedtoolcache/Python/3.12.2/x64/lib/python3.12/site-packages/urllib3/connectionpool.py:1103: InsecureRequestWarning: Unverified HTTPS request is being made to host 'randomuser.me'. Adding certificate verification is strongly advised. See: https://urllib3.readthedocs.io/en/latest/advanced-usage.html#tls-warnings
  warnings.warn(</msg>
<msg time="2024-04-02T09:14:22.338737" level="INFO">${response} = &lt;Response [200]&gt;</msg>
<var>${response}</var>
<arg>consultarAPI</arg>
<arg>/api</arg>
<doc>Sends a GET request on a previously created HTTP Session.</doc>
<status status="PASS" start="2024-04-02T09:14:22.277101" elapsed="0.061676"/>
</kw>
<kw name="Should Be Equal As Numbers" owner="BuiltIn">
<msg time="2024-04-02T09:14:22.339927" level="INFO">Argument types are:
&lt;class 'int'&gt;
&lt;class 'str'&gt;</msg>
<arg>${response.status_code}</arg>
<arg>200</arg>
<doc>Fails if objects are unequal after converting them to real numbers.</doc>
<status status="PASS" start="2024-04-02T09:14:22.339443" elapsed="0.000551"/>
</kw>
<kw name="Log" owner="BuiltIn">
<msg time="2024-04-02T09:14:22.340678" level="INFO">200</msg>
<arg>${response.status_code}</arg>
<doc>Logs the given message with the given level.</doc>
<status status="PASS" start="2024-04-02T09:14:22.340316" elapsed="0.000406"/>
</kw>
<kw name="Set Variable" owner="BuiltIn">
<msg time="2024-04-02T09:14:22.341512" level="INFO">${json_data} = {'results': [{'gender': 'female', 'name': {'title': 'Mrs', 'first': 'Latife', 'last': 'Toraman'}, 'location': {'street': {'number': 3198, 'name': 'Tunalı Hilmi Cd'}, 'city': 'Balıkesir', 'state': 'Yal...</msg>
<var>${json_data}</var>
<arg>${response.json()}</arg>
<doc>Returns the given values which can then be assigned to a variables.</doc>
<status status="PASS" start="2024-04-02T09:14:22.341056" elapsed="0.000487"/>
</kw>
<kw name="Dictionary Should Contain Key" owner="Collections">
<msg time="2024-04-02T09:14:22.342061" level="INFO">False</msg>
<arg>${json_data}</arg>
<arg>results</arg>
<doc>Fails if ``key`` is not found from ``dictionary``.</doc>
<status status="PASS" start="2024-04-02T09:14:22.341888" elapsed="0.000214"/>
</kw>
<status status="PASS" start="2024-04-02T09:14:22.276841" elapsed="0.065528"/>
</kw>
<doc>Testa se a API responde corretamente e retorna um objeto JSON válido.</doc>
<tag>testeRequisicaoBasica</tag>
<status status="PASS" start="2024-04-02T09:14:22.276241" elapsed="0.066322"/>
</test>
<test id="s1-s1-t3" name="Validar estrutura de resposta" line="22">
<kw name="Teste de Estrutura de Resposta" owner="random-user-service">
<kw name="GET On Session" owner="RequestsLibrary">
<msg time="2024-04-02T09:14:22.442596" level="INFO">GET Request : url=https://randomuser.me/api 
 path_url=/api 
 headers={'User-Agent': 'python-requests/2.31.0', 'Accept-Encoding': 'gzip, deflate', 'Accept': '*/*', 'Connection': 'keep-alive'} 
 body=None 
 </msg>
<msg time="2024-04-02T09:14:22.442694" level="INFO">GET Response : url=https://randomuser.me/api 
 status=200, reason=OK 
 headers={'Date': 'Tue, 02 Apr 2024 09:14:22 GMT', 'Content-Type': 'application/json; charset=utf-8', 'Transfer-Encoding': 'chunked', 'Connection': 'keep-alive', 'X-Powered-By': 'Express', 'Access-Control-Allow-Origin': '*', 'Cache-Control': 'no-cache', 'ETag': 'W/"493-4C1fm7LmyYtgoO/6gpoiFHIa5FI"', 'Vary': 'Accept-Encoding', 'Content-Encoding': 'gzip', 'CF-Cache-Status': 'DYNAMIC', 'Report-To': '{"endpoints":[{"url":"https:\\/\\/a.nel.cloudflare.com\\/report\\/v4?s=ImZhD%2F6JjCl8%2Ba8bT2izXwLuMqDHDWMIF97Lp%2FpzIpF2%2By4KzmCkoHRcyRFMPfxEqYpDQpWCrzWFKgIOOws%2BnXw0niPdHyTbjQdn9%2FdBEd7mS%2BcRqIWhigLqmrBuqfTh"}],"group":"cf-nel","max_age":604800}', 'NEL': '{"success_fraction":0,"report_to":"cf-nel","max_age":604800}', 'Server': 'cloudflare', 'CF-RAY': '86dfb551ab508f28-IAD', 'alt-svc': 'h3=":443"; ma=86400'} 
 body={"results":[{"gender":"female","name":{"title":"Mrs","first":"Kleopatra","last":"Strutinskiy"},"location":{"street":{"number":4661,"name":"Desyatinniy provulok"},"city":"Marganec","state":"Volinska","country":"Ukraine","postcode":57385,"coordinates":{"latitude":"76.4768","longitude":"41.9070"},"timezone":{"offset":"-2:00","description":"Mid-Atlantic"}},"email":"kleopatra.strutinskiy@example.com","login":{"uuid":"6da67481-8657-4e98-a94d-7e8687843e9a","username":"ticklishladybug935","password":"crescent","salt":"xvD6JGjK","md5":"1502d33656ae8e8ab450c99f18af56e4","sha1":"9a4d92b236f94ea4edb8668bce72e38a409b3d07","sha256":"36b54e8b92e7c0854c47865d34a24b7a7f2705b7bffd82dc38b9affdbd70de09"},"dob":{"date":"1973-12-03T06:48:08.495Z","age":50},"registered":{"date":"2010-12-14T03:03:11.570Z","age":13},"phone":"(096) O22-9567","cell":"(097) W41-1878","id":{"name":"","value":null},"picture":{"large":"https://randomuser.me/api/portraits/women/53.jpg","medium":"https://randomuser.me/api/portraits/med/women/53.jpg","thumbnail":"https://randomuser.me/api/portraits/thumb/women/53.jpg"},"nat":"UA"}],"info":{"seed":"cc8244dc906a3792","results":1,"page":1,"version":"1.4"}} 
 </msg>
<msg time="2024-04-02T09:14:22.442843" level="INFO">/opt/hostedtoolcache/Python/3.12.2/x64/lib/python3.12/site-packages/urllib3/connectionpool.py:1103: InsecureRequestWarning: Unverified HTTPS request is being made to host 'randomuser.me'. Adding certificate verification is strongly advised. See: https://urllib3.readthedocs.io/en/latest/advanced-usage.html#tls-warnings
  warnings.warn(</msg>
<msg time="2024-04-02T09:14:22.442987" level="INFO">${response} = &lt;Response [200]&gt;</msg>
<var>${response}</var>
<arg>consultarAPI</arg>
<arg>/api</arg>
<doc>Sends a GET request on a previously created HTTP Session.</doc>
<status status="PASS" start="2024-04-02T09:14:22.345356" elapsed="0.097671"/>
</kw>
<kw name="Set Variable" owner="BuiltIn">
<msg time="2024-04-02T09:14:22.444239" level="INFO">${json_data} = {'results': [{'gender': 'female', 'name': {'title': 'Mrs', 'first': 'Kleopatra', 'last': 'Strutinskiy'}, 'location': {'street': {'number': 4661, 'name': 'Desyatinniy provulok'}, 'city': 'Marganec', 's...</msg>
<var>${json_data}</var>
<arg>${response.json()}</arg>
<doc>Returns the given values which can then be assigned to a variables.</doc>
<status status="PASS" start="2024-04-02T09:14:22.443660" elapsed="0.000608"/>
</kw>
<kw name="Log" owner="BuiltIn">
<msg time="2024-04-02T09:14:22.444745" level="INFO">{'results': [{'gender': 'female', 'name': {'title': 'Mrs', 'first': 'Kleopatra', 'last': 'Strutinskiy'}, 'location': {'street': {'number': 4661, 'name': 'Desyatinniy provulok'}, 'city': 'Marganec', 'state': 'Volinska', 'country': 'Ukraine', 'postcode': 57385, 'coordinates': {'latitude': '76.4768', 'longitude': '41.9070'}, 'timezone': {'offset': '-2:00', 'description': 'Mid-Atlantic'}}, 'email': 'kleopatra.strutinskiy@example.com', 'login': {'uuid': '6da67481-8657-4e98-a94d-7e8687843e9a', 'username': 'ticklishladybug935', 'password': 'crescent', 'salt': 'xvD6JGjK', 'md5': '1502d33656ae8e8ab450c99f18af56e4', 'sha1': '9a4d92b236f94ea4edb8668bce72e38a409b3d07', 'sha256': '36b54e8b92e7c0854c47865d34a24b7a7f2705b7bffd82dc38b9affdbd70de09'}, 'dob': {'date': '1973-12-03T06:48:08.495Z', 'age': 50}, 'registered': {'date': '2010-12-14T03:03:11.570Z', 'age': 13}, 'phone': '(096) O22-9567', 'cell': '(097) W41-1878', 'id': {'name': '', 'value': None}, 'picture': {'large': 'https://randomuser.me/api/portraits/women/53.jpg', 'medium': 'https://randomuser.me/api/portraits/med/women/53.jpg', 'thumbnail': 'https://randomuser.me/api/portraits/thumb/women/53.jpg'}, 'nat': 'UA'}], 'info': {'seed': 'cc8244dc906a3792', 'results': 1, 'page': 1, 'version': '1.4'}}</msg>
<arg>${json_data}</arg>
<doc>Logs the given message with the given level.</doc>
<status status="PASS" start="2024-04-02T09:14:22.444585" elapsed="0.000209"/>
</kw>
<kw name="Dictionary Should Contain Key" owner="Collections">
<msg time="2024-04-02T09:14:22.445251" level="INFO">False</msg>
<arg>${json_data}</arg>
<arg>results</arg>
<doc>Fails if ``key`` is not found from ``dictionary``.</doc>
<status status="PASS" start="2024-04-02T09:14:22.445092" elapsed="0.000196"/>
</kw>
<kw name="Should Not Be Empty" owner="BuiltIn">
<msg time="2024-04-02T09:14:22.445761" level="INFO">Length is 2.</msg>
<arg>${json_data}</arg>
<doc>Verifies that the given item is not empty.</doc>
<status status="PASS" start="2024-04-02T09:14:22.445586" elapsed="0.000216"/>
</kw>
<kw name="Create List" owner="BuiltIn">
<msg time="2024-04-02T09:14:22.446255" level="INFO">${expected_keys} = ['gender', 'name', 'location', 'email', 'login']</msg>
<var>${expected_keys}</var>
<arg>gender</arg>
<arg>name</arg>
<arg>location</arg>
<arg>email</arg>
<arg>login</arg>
<doc>Returns a list containing given items.</doc>
<status status="PASS" start="2024-04-02T09:14:22.446101" elapsed="0.000177"/>
</kw>
<for flavor="IN">
<iter>
<kw name="Dictionary Should Contain Key" owner="Collections">
<msg time="2024-04-02T09:14:22.447303" level="INFO">False</msg>
<arg>${json_data['results'][0]}</arg>
<arg>${key}</arg>
<doc>Fails if ``key`` is not found from ``dictionary``.</doc>
<status status="PASS" start="2024-04-02T09:14:22.446894" elapsed="0.000450"/>
</kw>
<kw name="Log" owner="BuiltIn">
<msg time="2024-04-02T09:14:22.448027" level="INFO">{'gender': 'female', 'name': {'title': 'Mrs', 'first': 'Kleopatra', 'last': 'Strutinskiy'}, 'location': {'street': {'number': 4661, 'name': 'Desyatinniy provulok'}, 'city': 'Marganec', 'state': 'Volinska', 'country': 'Ukraine', 'postcode': 57385, 'coordinates': {'latitude': '76.4768', 'longitude': '41.9070'}, 'timezone': {'offset': '-2:00', 'description': 'Mid-Atlantic'}}, 'email': 'kleopatra.strutinskiy@example.com', 'login': {'uuid': '6da67481-8657-4e98-a94d-7e8687843e9a', 'username': 'ticklishladybug935', 'password': 'crescent', 'salt': 'xvD6JGjK', 'md5': '1502d33656ae8e8ab450c99f18af56e4', 'sha1': '9a4d92b236f94ea4edb8668bce72e38a409b3d07', 'sha256': '36b54e8b92e7c0854c47865d34a24b7a7f2705b7bffd82dc38b9affdbd70de09'}, 'dob': {'date': '1973-12-03T06:48:08.495Z', 'age': 50}, 'registered': {'date': '2010-12-14T03:03:11.570Z', 'age': 13}, 'phone': '(096) O22-9567', 'cell': '(097) W41-1878', 'id': {'name': '', 'value': None}, 'picture': {'large': 'https://randomuser.me/api/portraits/women/53.jpg', 'medium': 'https://randomuser.me/api/portraits/med/women/53.jpg', 'thumbnail': 'https://randomuser.me/api/portraits/thumb/women/53.jpg'}, 'nat': 'UA'}</msg>
<arg>${json_data['results'][0]}</arg>
<doc>Logs the given message with the given level.</doc>
<status status="PASS" start="2024-04-02T09:14:22.447657" elapsed="0.000428"/>
</kw>
<kw name="Log" owner="BuiltIn">
<msg time="2024-04-02T09:14:22.448527" level="INFO">gender</msg>
<arg>${key}</arg>
<doc>Logs the given message with the given level.</doc>
<status status="PASS" start="2024-04-02T09:14:22.448393" elapsed="0.000174"/>
</kw>
<var name="${key}">gender</var>
<status status="PASS" start="2024-04-02T09:14:22.446767" elapsed="0.002024"/>
</iter>
<iter>
<kw name="Dictionary Should Contain Key" owner="Collections">
<msg time="2024-04-02T09:14:22.449491" level="INFO">False</msg>
<arg>${json_data['results'][0]}</arg>
<arg>${key}</arg>
<doc>Fails if ``key`` is not found from ``dictionary``.</doc>
<status status="PASS" start="2024-04-02T09:14:22.449104" elapsed="0.000425"/>
</kw>
<kw name="Log" owner="BuiltIn">
<msg time="2024-04-02T09:14:22.450257" level="INFO">{'gender': 'female', 'name': {'title': 'Mrs', 'first': 'Kleopatra', 'last': 'Strutinskiy'}, 'location': {'street': {'number': 4661, 'name': 'Desyatinniy provulok'}, 'city': 'Marganec', 'state': 'Volinska', 'country': 'Ukraine', 'postcode': 57385, 'coordinates': {'latitude': '76.4768', 'longitude': '41.9070'}, 'timezone': {'offset': '-2:00', 'description': 'Mid-Atlantic'}}, 'email': 'kleopatra.strutinskiy@example.com', 'login': {'uuid': '6da67481-8657-4e98-a94d-7e8687843e9a', 'username': 'ticklishladybug935', 'password': 'crescent', 'salt': 'xvD6JGjK', 'md5': '1502d33656ae8e8ab450c99f18af56e4', 'sha1': '9a4d92b236f94ea4edb8668bce72e38a409b3d07', 'sha256': '36b54e8b92e7c0854c47865d34a24b7a7f2705b7bffd82dc38b9affdbd70de09'}, 'dob': {'date': '1973-12-03T06:48:08.495Z', 'age': 50}, 'registered': {'date': '2010-12-14T03:03:11.570Z', 'age': 13}, 'phone': '(096) O22-9567', 'cell': '(097) W41-1878', 'id': {'name': '', 'value': None}, 'picture': {'large': 'https://randomuser.me/api/portraits/women/53.jpg', 'medium': 'https://randomuser.me/api/portraits/med/women/53.jpg', 'thumbnail': 'https://randomuser.me/api/portraits/thumb/women/53.jpg'}, 'nat': 'UA'}</msg>
<arg>${json_data['results'][0]}</arg>
<doc>Logs the given message with the given level.</doc>
<status status="PASS" start="2024-04-02T09:14:22.449888" elapsed="0.000418"/>
</kw>
<kw name="Log" owner="BuiltIn">
<msg time="2024-04-02T09:14:22.450737" level="INFO">name</msg>
<arg>${key}</arg>
<doc>Logs the given message with the given level.</doc>
<status status="PASS" start="2024-04-02T09:14:22.450606" elapsed="0.000169"/>
</kw>
<var name="${key}">name</var>
<status status="PASS" start="2024-04-02T09:14:22.448988" elapsed="0.002006"/>
</iter>
<iter>
<kw name="Dictionary Should Contain Key" owner="Collections">
<msg time="2024-04-02T09:14:22.451662" level="INFO">False</msg>
<arg>${json_data['results'][0]}</arg>
<arg>${key}</arg>
<doc>Fails if ``key`` is not found from ``dictionary``.</doc>
<status status="PASS" start="2024-04-02T09:14:22.451286" elapsed="0.000415"/>
</kw>
<kw name="Log" owner="BuiltIn">
<msg time="2024-04-02T09:14:22.452371" level="INFO">{'gender': 'female', 'name': {'title': 'Mrs', 'first': 'Kleopatra', 'last': 'Strutinskiy'}, 'location': {'street': {'number': 4661, 'name': 'Desyatinniy provulok'}, 'city': 'Marganec', 'state': 'Volinska', 'country': 'Ukraine', 'postcode': 57385, 'coordinates': {'latitude': '76.4768', 'longitude': '41.9070'}, 'timezone': {'offset': '-2:00', 'description': 'Mid-Atlantic'}}, 'email': 'kleopatra.strutinskiy@example.com', 'login': {'uuid': '6da67481-8657-4e98-a94d-7e8687843e9a', 'username': 'ticklishladybug935', 'password': 'crescent', 'salt': 'xvD6JGjK', 'md5': '1502d33656ae8e8ab450c99f18af56e4', 'sha1': '9a4d92b236f94ea4edb8668bce72e38a409b3d07', 'sha256': '36b54e8b92e7c0854c47865d34a24b7a7f2705b7bffd82dc38b9affdbd70de09'}, 'dob': {'date': '1973-12-03T06:48:08.495Z', 'age': 50}, 'registered': {'date': '2010-12-14T03:03:11.570Z', 'age': 13}, 'phone': '(096) O22-9567', 'cell': '(097) W41-1878', 'id': {'name': '', 'value': None}, 'picture': {'large': 'https://randomuser.me/api/portraits/women/53.jpg', 'medium': 'https://randomuser.me/api/portraits/med/women/53.jpg', 'thumbnail': 'https://randomuser.me/api/portraits/thumb/women/53.jpg'}, 'nat': 'UA'}</msg>
<arg>${json_data['results'][0]}</arg>
<doc>Logs the given message with the given level.</doc>
<status status="PASS" start="2024-04-02T09:14:22.452013" elapsed="0.000412"/>
</kw>
<kw name="Log" owner="BuiltIn">
<msg time="2024-04-02T09:14:22.452847" level="INFO">location</msg>
<arg>${key}</arg>
<doc>Logs the given message with the given level.</doc>
<status status="PASS" start="2024-04-02T09:14:22.452720" elapsed="0.000165"/>
</kw>
<var name="${key}">location</var>
<status status="PASS" start="2024-04-02T09:14:22.451174" elapsed="0.001928"/>
</iter>
<iter>
<kw name="Dictionary Should Contain Key" owner="Collections">
<msg time="2024-04-02T09:14:22.453800" level="INFO">False</msg>
<arg>${json_data['results'][0]}</arg>
<arg>${key}</arg>
<doc>Fails if ``key`` is not found from ``dictionary``.</doc>
<status status="PASS" start="2024-04-02T09:14:22.453387" elapsed="0.000452"/>
</kw>
<kw name="Log" owner="BuiltIn">
<msg time="2024-04-02T09:14:22.454513" level="INFO">{'gender': 'female', 'name': {'title': 'Mrs', 'first': 'Kleopatra', 'last': 'Strutinskiy'}, 'location': {'street': {'number': 4661, 'name': 'Desyatinniy provulok'}, 'city': 'Marganec', 'state': 'Volinska', 'country': 'Ukraine', 'postcode': 57385, 'coordinates': {'latitude': '76.4768', 'longitude': '41.9070'}, 'timezone': {'offset': '-2:00', 'description': 'Mid-Atlantic'}}, 'email': 'kleopatra.strutinskiy@example.com', 'login': {'uuid': '6da67481-8657-4e98-a94d-7e8687843e9a', 'username': 'ticklishladybug935', 'password': 'crescent', 'salt': 'xvD6JGjK', 'md5': '1502d33656ae8e8ab450c99f18af56e4', 'sha1': '9a4d92b236f94ea4edb8668bce72e38a409b3d07', 'sha256': '36b54e8b92e7c0854c47865d34a24b7a7f2705b7bffd82dc38b9affdbd70de09'}, 'dob': {'date': '1973-12-03T06:48:08.495Z', 'age': 50}, 'registered': {'date': '2010-12-14T03:03:11.570Z', 'age': 13}, 'phone': '(096) O22-9567', 'cell': '(097) W41-1878', 'id': {'name': '', 'value': None}, 'picture': {'large': 'https://randomuser.me/api/portraits/women/53.jpg', 'medium': 'https://randomuser.me/api/portraits/med/women/53.jpg', 'thumbnail': 'https://randomuser.me/api/portraits/thumb/women/53.jpg'}, 'nat': 'UA'}</msg>
<arg>${json_data['results'][0]}</arg>
<doc>Logs the given message with the given level.</doc>
<status status="PASS" start="2024-04-02T09:14:22.454148" elapsed="0.000413"/>
</kw>
<kw name="Log" owner="BuiltIn">
<msg time="2024-04-02T09:14:22.454981" level="INFO">email</msg>
<arg>${key}</arg>
<doc>Logs the given message with the given level.</doc>
<status status="PASS" start="2024-04-02T09:14:22.454854" elapsed="0.000166"/>
</kw>
<var name="${key}">email</var>
<status status="PASS" start="2024-04-02T09:14:22.453277" elapsed="0.001958"/>
</iter>
<iter>
<kw name="Dictionary Should Contain Key" owner="Collections">
<msg time="2024-04-02T09:14:22.455894" level="INFO">False</msg>
<arg>${json_data['results'][0]}</arg>
<arg>${key}</arg>
<doc>Fails if ``key`` is not found from ``dictionary``.</doc>
<status status="PASS" start="2024-04-02T09:14:22.455521" elapsed="0.000410"/>
</kw>
<kw name="Log" owner="BuiltIn">
<msg time="2024-04-02T09:14:22.456602" level="INFO">{'gender': 'female', 'name': {'title': 'Mrs', 'first': 'Kleopatra', 'last': 'Strutinskiy'}, 'location': {'street': {'number': 4661, 'name': 'Desyatinniy provulok'}, 'city': 'Marganec', 'state': 'Volinska', 'country': 'Ukraine', 'postcode': 57385, 'coordinates': {'latitude': '76.4768', 'longitude': '41.9070'}, 'timezone': {'offset': '-2:00', 'description': 'Mid-Atlantic'}}, 'email': 'kleopatra.strutinskiy@example.com', 'login': {'uuid': '6da67481-8657-4e98-a94d-7e8687843e9a', 'username': 'ticklishladybug935', 'password': 'crescent', 'salt': 'xvD6JGjK', 'md5': '1502d33656ae8e8ab450c99f18af56e4', 'sha1': '9a4d92b236f94ea4edb8668bce72e38a409b3d07', 'sha256': '36b54e8b92e7c0854c47865d34a24b7a7f2705b7bffd82dc38b9affdbd70de09'}, 'dob': {'date': '1973-12-03T06:48:08.495Z', 'age': 50}, 'registered': {'date': '2010-12-14T03:03:11.570Z', 'age': 13}, 'phone': '(096) O22-9567', 'cell': '(097) W41-1878', 'id': {'name': '', 'value': None}, 'picture': {'large': 'https://randomuser.me/api/portraits/women/53.jpg', 'medium': 'https://randomuser.me/api/portraits/med/women/53.jpg', 'thumbnail': 'https://randomuser.me/api/portraits/thumb/women/53.jpg'}, 'nat': 'UA'}</msg>
<arg>${json_data['results'][0]}</arg>
<doc>Logs the given message with the given level.</doc>
<status status="PASS" start="2024-04-02T09:14:22.456224" elapsed="0.000425"/>
</kw>
<kw name="Log" owner="BuiltIn">
<msg time="2024-04-02T09:14:22.457068" level="INFO">login</msg>
<arg>${key}</arg>
<doc>Logs the given message with the given level.</doc>
<status status="PASS" start="2024-04-02T09:14:22.456940" elapsed="0.000283"/>
</kw>
<var name="${key}">login</var>
<status status="PASS" start="2024-04-02T09:14:22.455406" elapsed="0.002065"/>
</iter>
<var>${key}</var>
<value>@{expected_keys}</value>
<status status="PASS" start="2024-04-02T09:14:22.446566" elapsed="0.011037"/>
</for>
<kw name="Create List" owner="BuiltIn">
<msg time="2024-04-02T09:14:22.458012" level="INFO">${expected_keysTwo} = ['username', 'password']</msg>
<var>${expected_keysTwo}</var>
<arg>username</arg>
<arg>password</arg>
<doc>Returns a list containing given items.</doc>
<status status="PASS" start="2024-04-02T09:14:22.457869" elapsed="0.000168"/>
</kw>
<for flavor="IN">
<iter>
<kw name="Dictionary Should Contain Key" owner="Collections">
<msg time="2024-04-02T09:14:22.458935" level="INFO">False</msg>
<arg>${json_data['results'][0]['login']}</arg>
<arg>${keyTwo}</arg>
<doc>Fails if ``key`` is not found from ``dictionary``.</doc>
<status status="PASS" start="2024-04-02T09:14:22.458549" elapsed="0.000424"/>
</kw>
<kw name="Dictionary Should Contain Key" owner="Collections">
<msg time="2024-04-02T09:14:22.459661" level="INFO">False</msg>
<arg>${json_data['results'][0]['login']}</arg>
<arg>${keyTwo}</arg>
<doc>Fails if ``key`` is not found from ``dictionary``.</doc>
<status status="PASS" start="2024-04-02T09:14:22.459270" elapsed="0.000428"/>
</kw>
<kw name="Log" owner="BuiltIn">
<msg time="2024-04-02T09:14:22.460121" level="INFO">username</msg>
<arg>${keyTwo}</arg>
<doc>Logs the given message with the given level.</doc>
<status status="PASS" start="2024-04-02T09:14:22.459992" elapsed="0.000167"/>
</kw>
<var name="${keyTwo}">username</var>
<status status="PASS" start="2024-04-02T09:14:22.458438" elapsed="0.001949"/>
</iter>
<iter>
<kw name="Dictionary Should Contain Key" owner="Collections">
<msg time="2024-04-02T09:14:22.461053" level="INFO">False</msg>
<arg>${json_data['results'][0]['login']}</arg>
<arg>${keyTwo}</arg>
<doc>Fails if ``key`` is not found from ``dictionary``.</doc>
<status status="PASS" start="2024-04-02T09:14:22.460670" elapsed="0.000421"/>
</kw>
<kw name="Dictionary Should Contain Key" owner="Collections">
<msg time="2024-04-02T09:14:22.461789" level="INFO">False</msg>
<arg>${json_data['results'][0]['login']}</arg>
<arg>${keyTwo}</arg>
<doc>Fails if ``key`` is not found from ``dictionary``.</doc>
<status status="PASS" start="2024-04-02T09:14:22.461382" elapsed="0.000445"/>
</kw>
<kw name="Log" owner="BuiltIn">
<msg time="2024-04-02T09:14:22.462249" level="INFO">password</msg>
<arg>${keyTwo}</arg>
<doc>Logs the given message with the given level.</doc>
<status status="PASS" start="2024-04-02T09:14:22.462121" elapsed="0.000166"/>
</kw>
<var name="${keyTwo}">password</var>
<status status="PASS" start="2024-04-02T09:14:22.460561" elapsed="0.001943"/>
</iter>
<var>${keyTwo}</var>
<value>@{expected_keysTwo}</value>
<status status="PASS" start="2024-04-02T09:14:22.458279" elapsed="0.004347"/>
</for>
<status status="PASS" start="2024-04-02T09:14:22.345107" elapsed="0.117665"/>
</kw>
<doc>Testa a estrutura da resposta da API.</doc>
<tag>testeEstruturaResposta</tag>
<status status="PASS" start="2024-04-02T09:14:22.344424" elapsed="0.118519"/>
</test>
<test id="s1-s1-t4" name="Validar tipos de dados" line="28">
<kw name="Teste de Tipos de Dados" owner="random-user-service">
<kw name="GET On Session" owner="RequestsLibrary">
<msg time="2024-04-02T09:14:22.530796" level="INFO">GET Request : url=https://randomuser.me/api 
 path_url=/api 
 headers={'User-Agent': 'python-requests/2.31.0', 'Accept-Encoding': 'gzip, deflate', 'Accept': '*/*', 'Connection': 'keep-alive'} 
 body=None 
 </msg>
<msg time="2024-04-02T09:14:22.530911" level="INFO">GET Response : url=https://randomuser.me/api 
 status=200, reason=OK 
 headers={'Date': 'Tue, 02 Apr 2024 09:14:22 GMT', 'Content-Type': 'application/json; charset=utf-8', 'Transfer-Encoding': 'chunked', 'Connection': 'keep-alive', 'X-Powered-By': 'Express', 'Access-Control-Allow-Origin': '*', 'Cache-Control': 'no-cache', 'ETag': 'W/"48c-cOV/UKnCd9MBld97g4gwWFOMGyE"', 'Vary': 'Accept-Encoding', 'Content-Encoding': 'gzip', 'CF-Cache-Status': 'DYNAMIC', 'Report-To': '{"endpoints":[{"url":"https:\\/\\/a.nel.cloudflare.com\\/report\\/v4?s=TQhgGEVJDmbc8onpdmom0rLGQy5rJdAKHumo4RMZfymeu%2BoU9J2grQLw8PMX0K2XDLDuLEW6L8Hys5su9omHEVcQjmNrvA6gCR3coNq7UwfsqfcKN%2B9ctPfoU8iHMFdL"}],"group":"cf-nel","max_age":604800}', 'NEL': '{"success_fraction":0,"report_to":"cf-nel","max_age":604800}', 'Server': 'cloudflare', 'CF-RAY': '86dfb5526ba58f28-IAD', 'alt-svc': 'h3=":443"; ma=86400'} 
 body={"results":[{"gender":"male","name":{"title":"Mr","first":"Harm","last":"Wijntjes"},"location":{"street":{"number":9924,"name":"De Hoof"},"city":"Maastricht","state":"Friesland","country":"Netherlands","postcode":"0693 RO","coordinates":{"latitude":"31.6228","longitude":"-169.0411"},"timezone":{"offset":"+4:00","description":"Abu Dhabi, Muscat, Baku, Tbilisi"}},"email":"harm.wijntjes@example.com","login":{"uuid":"5f9f5834-cf51-4b44-8138-affed90efe28","username":"brownlion670","password":"alpine","salt":"X7ueRsqa","md5":"6925ef461ee9e46f22dc7f6bb0e09023","sha1":"9d8fe052fc2022ab290f391c9be47b4e9d802b0b","sha256":"f44eeec61e7a1f382f6662b2a1b5804a874bb77d3f02f4d993d24aec621665b6"},"dob":{"date":"2000-04-20T17:09:08.692Z","age":23},"registered":{"date":"2021-05-06T15:46:13.542Z","age":2},"phone":"(086) 0998157","cell":"(06) 28531783","id":{"name":"BSN","value":"43325185"},"picture":{"large":"https://randomuser.me/api/portraits/men/87.jpg","medium":"https://randomuser.me/api/portraits/med/men/87.jpg","thumbnail":"https://randomuser.me/api/portraits/thumb/men/87.jpg"},"nat":"NL"}],"info":{"seed":"13adc2a3285fc546","results":1,"page":1,"version":"1.4"}} 
 </msg>
<msg time="2024-04-02T09:14:22.530989" level="INFO">/opt/hostedtoolcache/Python/3.12.2/x64/lib/python3.12/site-packages/urllib3/connectionpool.py:1103: InsecureRequestWarning: Unverified HTTPS request is being made to host 'randomuser.me'. Adding certificate verification is strongly advised. See: https://urllib3.readthedocs.io/en/latest/advanced-usage.html#tls-warnings
  warnings.warn(</msg>
<msg time="2024-04-02T09:14:22.531118" level="INFO">${response} = &lt;Response [200]&gt;</msg>
<var>${response}</var>
<arg>consultarAPI</arg>
<arg>/api</arg>
<doc>Sends a GET request on a previously created HTTP Session.</doc>
<status status="PASS" start="2024-04-02T09:14:22.465443" elapsed="0.065717"/>
</kw>
<kw name="Set Variable" owner="BuiltIn">
<msg time="2024-04-02T09:14:22.532437" level="INFO">${json_data} = {'results': [{'gender': 'male', 'name': {'title': 'Mr', 'first': 'Harm', 'last': 'Wijntjes'}, 'location': {'street': {'number': 9924, 'name': 'De Hoof'}, 'city': 'Maastricht', 'state': 'Friesland', 'c...</msg>
<var>${json_data}</var>
<arg>${response.json()}</arg>
<doc>Returns the given values which can then be assigned to a variables.</doc>
<status status="PASS" start="2024-04-02T09:14:22.531835" elapsed="0.000633"/>
</kw>
<kw name="Log" owner="BuiltIn">
<msg time="2024-04-02T09:14:22.533014" level="INFO">{'results': [{'gender': 'male', 'name': {'title': 'Mr', 'first': 'Harm', 'last': 'Wijntjes'}, 'location': {'street': {'number': 9924, 'name': 'De Hoof'}, 'city': 'Maastricht', 'state': 'Friesland', 'country': 'Netherlands', 'postcode': '0693 RO', 'coordinates': {'latitude': '31.6228', 'longitude': '-169.0411'}, 'timezone': {'offset': '+4:00', 'description': 'Abu Dhabi, Muscat, Baku, Tbilisi'}}, 'email': 'harm.wijntjes@example.com', 'login': {'uuid': '5f9f5834-cf51-4b44-8138-affed90efe28', 'username': 'brownlion670', 'password': 'alpine', 'salt': 'X7ueRsqa', 'md5': '6925ef461ee9e46f22dc7f6bb0e09023', 'sha1': '9d8fe052fc2022ab290f391c9be47b4e9d802b0b', 'sha256': 'f44eeec61e7a1f382f6662b2a1b5804a874bb77d3f02f4d993d24aec621665b6'}, 'dob': {'date': '2000-04-20T17:09:08.692Z', 'age': 23}, 'registered': {'date': '2021-05-06T15:46:13.542Z', 'age': 2}, 'phone': '(086) 0998157', 'cell': '(06) 28531783', 'id': {'name': 'BSN', 'value': '43325185'}, 'picture': {'large': 'https://randomuser.me/api/portraits/men/87.jpg', 'medium': 'https://randomuser.me/api/portraits/med/men/87.jpg', 'thumbnail': 'https://randomuser.me/api/portraits/thumb/men/87.jpg'}, 'nat': 'NL'}], 'info': {'seed': '13adc2a3285fc546', 'results': 1, 'page': 1, 'version': '1.4'}}</msg>
<arg>${json_data}</arg>
<doc>Logs the given message with the given level.</doc>
<status status="PASS" start="2024-04-02T09:14:22.532833" elapsed="0.000272"/>
</kw>
<kw name="Should Be String" owner="String">
<arg>${json_data['results'][0]['gender']}</arg>
<doc>Fails if the given ``item`` is not a string.</doc>
<status status="PASS" start="2024-04-02T09:14:22.533427" elapsed="0.000429"/>
</kw>
<kw name="Should Match Regexp" owner="BuiltIn">
<arg>${json_data['results'][0]['email']}</arg>
<arg>^[a-zA-Z0-9._%+-]+@[a-zA-Z0-9.-]+\.[a-zA-Z]{2,}$</arg>
<doc>Fails if ``string`` does not match ``pattern`` as a regular expression.</doc>
<status status="PASS" start="2024-04-02T09:14:22.534057" elapsed="0.000535"/>
</kw>
<kw name="Should Match Regexp" owner="BuiltIn">
<arg>${json_data['results'][0]['dob']['date']}</arg>
<arg>\\d{4}-\\d{2}-\\d{2}T\\d{2}:\\d{2}:\\d{2}\\.\\d{3}Z</arg>
<doc>Fails if ``string`` does not match ``pattern`` as a regular expression.</doc>
<status status="PASS" start="2024-04-02T09:14:22.534803" elapsed="0.000525"/>
</kw>
<kw name="Should Match Regexp" owner="BuiltIn">
<arg>${json_data['results'][0]['registered']['date']}</arg>
<arg>\\d{4}-\\d{2}-\\d{2}T\\d{2}:\\d{2}:\\d{2}\\.\\d{3}Z</arg>
<doc>Fails if ``string`` does not match ``pattern`` as a regular expression.</doc>
<status status="PASS" start="2024-04-02T09:14:22.535533" elapsed="0.000373"/>
</kw>
<kw name="Should Match Regexp" owner="BuiltIn">
<arg>${json_data['results'][0]['picture']['large']}</arg>
<arg>^https?://.*\.(?:png|jpe?g|gif|bmp)$</arg>
<doc>Fails if ``string`` does not match ``pattern`` as a regular expression.</doc>
<status status="PASS" start="2024-04-02T09:14:22.536093" elapsed="0.000468"/>
</kw>
<kw name="Should Match Regexp" owner="BuiltIn">
<arg>${json_data['results'][0]['picture']['medium']}</arg>
<arg>^https?://.*\.(?:png|jpe?g|gif|bmp)$</arg>
<doc>Fails if ``string`` does not match ``pattern`` as a regular expression.</doc>
<status status="PASS" start="2024-04-02T09:14:22.536751" elapsed="0.000365"/>
</kw>
<kw name="Should Match Regexp" owner="BuiltIn">
<arg>${json_data['results'][0]['picture']['thumbnail']}</arg>
<arg>^https?://.*\.(?:png|jpe?g|gif|bmp)$</arg>
<doc>Fails if ``string`` does not match ``pattern`` as a regular expression.</doc>
<status status="PASS" start="2024-04-02T09:14:22.537300" elapsed="0.000379"/>
</kw>
<kw name="Log" owner="BuiltIn">
<msg time="2024-04-02T09:14:22.538218" level="INFO">{'large': 'https://randomuser.me/api/portraits/men/87.jpg', 'medium': 'https://randomuser.me/api/portraits/med/men/87.jpg', 'thumbnail': 'https://randomuser.me/api/portraits/thumb/men/87.jpg'}</msg>
<arg>${json_data['results'][0]['picture']}</arg>
<doc>Logs the given message with the given level.</doc>
<status status="PASS" start="2024-04-02T09:14:22.537876" elapsed="0.000394"/>
</kw>
<status status="PASS" start="2024-04-02T09:14:22.465202" elapsed="0.073335"/>
</kw>
<kw name="Teste de Tipos de Dados - Postcode" owner="random-user-service">
<kw name="GET On Session" owner="RequestsLibrary">
<msg time="2024-04-02T09:14:22.630120" level="INFO">GET Request : url=https://randomuser.me/api 
 path_url=/api 
 headers={'User-Agent': 'python-requests/2.31.0', 'Accept-Encoding': 'gzip, deflate', 'Accept': '*/*', 'Connection': 'keep-alive'} 
 body=None 
 </msg>
<msg time="2024-04-02T09:14:22.630222" level="INFO">GET Response : url=https://randomuser.me/api 
 status=200, reason=OK 
 headers={'Date': 'Tue, 02 Apr 2024 09:14:22 GMT', 'Content-Type': 'application/json; charset=utf-8', 'Transfer-Encoding': 'chunked', 'Connection': 'keep-alive', 'X-Powered-By': 'Express', 'Access-Control-Allow-Origin': '*', 'Cache-Control': 'no-cache', 'ETag': 'W/"48c-mv15HXW0YhmYQG7ns9iDfELWLn0"', 'Vary': 'Accept-Encoding', 'Content-Encoding': 'gzip', 'CF-Cache-Status': 'DYNAMIC', 'Report-To': '{"endpoints":[{"url":"https:\\/\\/a.nel.cloudflare.com\\/report\\/v4?s=%2FZv%2FjH4rQVSmqKnoDKnvZkfJPv%2Bkg5VyIrLRIOVV43rD45AGDGVxiWe3h3DXnGdLZx0izDmmnYBTKeaYlf9GIV8lltsahnNSdF0VlOfuPlEzYF%2FH3mm4GLlWWH3JIlTy"}],"group":"cf-nel","max_age":604800}', 'NEL': '{"success_fraction":0,"report_to":"cf-nel","max_age":604800}', 'Server': 'cloudflare', 'CF-RAY': '86dfb552ebe98f28-IAD', 'alt-svc': 'h3=":443"; ma=86400'} 
 body={"results":[{"gender":"female","name":{"title":"Madame","first":"Snezana","last":"Garcia"},"location":{"street":{"number":3604,"name":"Place de la Mairie"},"city":"Coppet","state":"Glarus","country":"Switzerland","postcode":7283,"coordinates":{"latitude":"-57.3269","longitude":"27.2559"},"timezone":{"offset":"-2:00","description":"Mid-Atlantic"}},"email":"snezana.garcia@example.com","login":{"uuid":"e5765435-ad94-4325-9829-92810dbbdc4b","username":"organiclion224","password":"bobby1","salt":"2KrplxKH","md5":"492758166c749c40c7359a48d281aac4","sha1":"9b915f25b1bca84a84d389853914992670dbda3b","sha256":"ba546c67b4348fbb89541c7ed28c0b00399b79626cf607dd8856bb1ec0443c79"},"dob":{"date":"1973-08-12T10:38:10.467Z","age":50},"registered":{"date":"2004-09-08T20:37:13.432Z","age":19},"phone":"078 872 79 46","cell":"079 408 70 59","id":{"name":"AVS","value":"756.9782.3001.76"},"picture":{"large":"https://randomuser.me/api/portraits/women/5.jpg","medium":"https://randomuser.me/api/portraits/med/women/5.jpg","thumbnail":"https://randomuser.me/api/portraits/thumb/women/5.jpg"},"nat":"CH"}],"info":{"seed":"0b05c425f681ac6a","results":1,"page":1,"version":"1.4"}} 
 </msg>
<msg time="2024-04-02T09:14:22.630311" level="INFO">/opt/hostedtoolcache/Python/3.12.2/x64/lib/python3.12/site-packages/urllib3/connectionpool.py:1103: InsecureRequestWarning: Unverified HTTPS request is being made to host 'randomuser.me'. Adding certificate verification is strongly advised. See: https://urllib3.readthedocs.io/en/latest/advanced-usage.html#tls-warnings
  warnings.warn(</msg>
<msg time="2024-04-02T09:14:22.630439" level="INFO">${response} = &lt;Response [200]&gt;</msg>
<var>${response}</var>
<arg>consultarAPI</arg>
<arg>/api</arg>
<doc>Sends a GET request on a previously created HTTP Session.</doc>
<status status="PASS" start="2024-04-02T09:14:22.539191" elapsed="0.091289"/>
</kw>
<kw name="Set Variable" owner="BuiltIn">
<msg time="2024-04-02T09:14:22.631600" level="INFO">${json_data} = {'results': [{'gender': 'female', 'name': {'title': 'Madame', 'first': 'Snezana', 'last': 'Garcia'}, 'location': {'street': {'number': 3604, 'name': 'Place de la Mairie'}, 'city': 'Coppet', 'state': '...</msg>
<var>${json_data}</var>
<arg>${response.json()}</arg>
<doc>Returns the given values which can then be assigned to a variables.</doc>
<status status="PASS" start="2024-04-02T09:14:22.631052" elapsed="0.000577"/>
</kw>
<kw name="Log" owner="BuiltIn">
<msg time="2024-04-02T09:14:22.632161" level="INFO">{'results': [{'gender': 'female', 'name': {'title': 'Madame', 'first': 'Snezana', 'last': 'Garcia'}, 'location': {'street': {'number': 3604, 'name': 'Place de la Mairie'}, 'city': 'Coppet', 'state': 'Glarus', 'country': 'Switzerland', 'postcode': 7283, 'coordinates': {'latitude': '-57.3269', 'longitude': '27.2559'}, 'timezone': {'offset': '-2:00', 'description': 'Mid-Atlantic'}}, 'email': 'snezana.garcia@example.com', 'login': {'uuid': 'e5765435-ad94-4325-9829-92810dbbdc4b', 'username': 'organiclion224', 'password': 'bobby1', 'salt': '2KrplxKH', 'md5': '492758166c749c40c7359a48d281aac4', 'sha1': '9b915f25b1bca84a84d389853914992670dbda3b', 'sha256': 'ba546c67b4348fbb89541c7ed28c0b00399b79626cf607dd8856bb1ec0443c79'}, 'dob': {'date': '1973-08-12T10:38:10.467Z', 'age': 50}, 'registered': {'date': '2004-09-08T20:37:13.432Z', 'age': 19}, 'phone': '078 872 79 46', 'cell': '079 408 70 59', 'id': {'name': 'AVS', 'value': '756.9782.3001.76'}, 'picture': {'large': 'https://randomuser.me/api/portraits/women/5.jpg', 'medium': 'https://randomuser.me/api/portraits/med/women/5.jpg', 'thumbnail': 'https://randomuser.me/api/portraits/thumb/women/5.jpg'}, 'nat': 'CH'}], 'info': {'seed': '0b05c425f681ac6a', 'results': 1, 'page': 1, 'version': '1.4'}}</msg>
<arg>${json_data}</arg>
<doc>Logs the given message with the given level.</doc>
<status status="PASS" start="2024-04-02T09:14:22.631988" elapsed="0.000258"/>
</kw>
<kw name="Should Be Equal As Numbers" owner="BuiltIn">
<arg>${json_data['results'][0]['location']['postcode']}</arg>
<arg>${json_data['results'][0]['location']['postcode']}</arg>
<doc>Fails if objects are unequal after converting them to real numbers.</doc>
<status status="PASS" start="2024-04-02T09:14:22.632573" elapsed="0.000666"/>
</kw>
<kw name="Log" owner="BuiltIn">
<msg time="2024-04-02T09:14:22.633822" level="INFO">7283</msg>
<arg>${json_data['results'][0]['location']['postcode']}</arg>
<doc>Logs the given message with the given level.</doc>
<status status="PASS" start="2024-04-02T09:14:22.633439" elapsed="0.000425"/>
</kw>
<status status="PASS" start="2024-04-02T09:14:22.538779" elapsed="0.095351"/>
</kw>
<doc>Testa se os tipos de dados na resposta da API estão corretos.</doc>
<tag>testeTiposDados</tag>
<status status="PASS" start="2024-04-02T09:14:22.464729" elapsed="0.169581"/>
</test>
<test id="s1-s1-t5" name="Validar conteudo" line="35">
<kw name="Teste de Tipos de Conteudo" owner="random-user-service">
<kw name="GET On Session" owner="RequestsLibrary">
<msg time="2024-04-02T09:14:22.731123" level="INFO">GET Request : url=https://randomuser.me/api 
 path_url=/api 
 headers={'User-Agent': 'python-requests/2.31.0', 'Accept-Encoding': 'gzip, deflate', 'Accept': '*/*', 'Connection': 'keep-alive'} 
 body=None 
 </msg>
<msg time="2024-04-02T09:14:22.731222" level="INFO">GET Response : url=https://randomuser.me/api 
 status=200, reason=OK 
 headers={'Date': 'Tue, 02 Apr 2024 09:14:22 GMT', 'Content-Type': 'application/json; charset=utf-8', 'Transfer-Encoding': 'chunked', 'Connection': 'keep-alive', 'X-Powered-By': 'Express', 'Access-Control-Allow-Origin': '*', 'Cache-Control': 'no-cache', 'ETag': 'W/"4a7-8JB7vINetMS0sWRZO9Tad7FG9sY"', 'Vary': 'Accept-Encoding', 'Content-Encoding': 'gzip', 'CF-Cache-Status': 'DYNAMIC', 'Report-To': '{"endpoints":[{"url":"https:\\/\\/a.nel.cloudflare.com\\/report\\/v4?s=ZRZ2SjbVW5sGtGqSpxn%2BGuI%2Bcpmxg%2BjTOVen08fTqzxW0T0GISOYF8zAMsfvvzhzpdtEfyoPJK9KeweUHJfv5LZuNnDa%2BjAepYd%2BJUNcqy2YwJld9w4wZ9%2Fixmv6Gn8c"}],"group":"cf-nel","max_age":604800}', 'NEL': '{"success_fraction":0,"report_to":"cf-nel","max_age":604800}', 'Server': 'cloudflare', 'CF-RAY': '86dfb5537c598f28-IAD', 'alt-svc': 'h3=":443"; ma=86400'} 
 body={"results":[{"gender":"female","name":{"title":"Ms","first":"Marlene","last":"Hopkins"},"location":{"street":{"number":1843,"name":"White Oak Dr"},"city":"Virginia Beach","state":"Rhode Island","country":"United States","postcode":30291,"coordinates":{"latitude":"82.5703","longitude":"31.2556"},"timezone":{"offset":"+5:30","description":"Bombay, Calcutta, Madras, New Delhi"}},"email":"marlene.hopkins@example.com","login":{"uuid":"a6cb2ffc-344a-4f5b-8b47-dd3005362aeb","username":"lazysnake856","password":"compaq1","salt":"srP0tTaR","md5":"22b667072206eedb47a5865e71b1cf77","sha1":"c2cb0eb8cf2351fe40f0d3bb6a85b040b8985dc6","sha256":"4524cf268a4ea5baf0f4fa02ec1756d0d799cd299c300b2d7e805cc229ce2ab4"},"dob":{"date":"1956-04-17T05:33:05.803Z","age":67},"registered":{"date":"2003-05-26T14:28:16.708Z","age":20},"phone":"(424) 369-7553","cell":"(522) 260-8636","id":{"name":"SSN","value":"366-52-2648"},"picture":{"large":"https://randomuser.me/api/portraits/women/0.jpg","medium":"https://randomuser.me/api/portraits/med/women/0.jpg","thumbnail":"https://randomuser.me/api/portraits/thumb/women/0.jpg"},"nat":"US"}],"info":{"seed":"08877d7aeae74f57","results":1,"page":1,"version":"1.4"}} 
 </msg>
<msg time="2024-04-02T09:14:22.731288" level="INFO">/opt/hostedtoolcache/Python/3.12.2/x64/lib/python3.12/site-packages/urllib3/connectionpool.py:1103: InsecureRequestWarning: Unverified HTTPS request is being made to host 'randomuser.me'. Adding certificate verification is strongly advised. See: https://urllib3.readthedocs.io/en/latest/advanced-usage.html#tls-warnings
  warnings.warn(</msg>
<msg time="2024-04-02T09:14:22.731406" level="INFO">${response} = &lt;Response [200]&gt;</msg>
<var>${response}</var>
<arg>consultarAPI</arg>
<arg>/api</arg>
<doc>Sends a GET request on a previously created HTTP Session.</doc>
<status status="PASS" start="2024-04-02T09:14:22.637250" elapsed="0.094184"/>
</kw>
<kw name="Set Variable" owner="BuiltIn">
<msg time="2024-04-02T09:14:22.732497" level="INFO">${json_data} = {'results': [{'gender': 'female', 'name': {'title': 'Ms', 'first': 'Marlene', 'last': 'Hopkins'}, 'location': {'street': {'number': 1843, 'name': 'White Oak Dr'}, 'city': 'Virginia Beach', 'state': 'R...</msg>
<var>${json_data}</var>
<arg>${response.json()}</arg>
<doc>Returns the given values which can then be assigned to a variables.</doc>
<status status="PASS" start="2024-04-02T09:14:22.731973" elapsed="0.000552"/>
</kw>
<kw name="Set Variable" owner="BuiltIn">
<msg time="2024-04-02T09:14:22.733212" level="INFO">${name_title} = Ms</msg>
<var>${name_title}</var>
<arg>${json_data["results"][0]["name"]["title"]}</arg>
<doc>Returns the given values which can then be assigned to a variables.</doc>
<status status="PASS" start="2024-04-02T09:14:22.732832" elapsed="0.000405"/>
</kw>
<kw name="Create List" owner="BuiltIn">
<msg time="2024-04-02T09:14:22.733718" level="INFO">${allowed_titles} = ['Mr', 'Ms', 'Miss', 'Mrs', 'Madame', 'Monsieur']</msg>
<var>${allowed_titles}</var>
<arg>Mr</arg>
<arg>Ms</arg>
<arg>Miss</arg>
<arg>Mrs</arg>
<arg>Madame</arg>
<arg>Monsieur</arg>
<doc>Returns a list containing given items.</doc>
<status status="PASS" start="2024-04-02T09:14:22.733533" elapsed="0.000210"/>
</kw>
<kw name="List Should Contain Value" owner="Collections">
<msg time="2024-04-02T09:14:22.734237" level="INFO">False</msg>
<arg>${allowed_titles}</arg>
<arg>${name_title}</arg>
<doc>Fails if the ``value`` is not found from ``list``.</doc>
<status status="PASS" start="2024-04-02T09:14:22.734060" elapsed="0.000214"/>
</kw>
<kw name="Set Variable" owner="BuiltIn">
<msg time="2024-04-02T09:14:22.734941" level="INFO">${name_country} = US</msg>
<var>${name_country}</var>
<arg>${json_data["results"][0]["nat"]}</arg>
<doc>Returns the given values which can then be assigned to a variables.</doc>
<status status="PASS" start="2024-04-02T09:14:22.734563" elapsed="0.000403"/>
</kw>
<kw name="Create List" owner="BuiltIn">
<msg time="2024-04-02T09:14:22.735895" level="INFO">${list_country} = ['AD', 'AE', 'AF', 'AG', 'AI', 'AL', 'AM', 'AO', 'AQ', 'AR', 'AS', 'AT', 'AU', 'AW', 'AX', 'AZ', 'BA', 'BB', 'BD', 'BE', 'BF', 'BG', 'BH', 'BI', 'BJ', 'BL', 'BM', 'BN', 'BO', 'BQ', 'BR', 'BS', 'BT', '...</msg>
<var>${list_country}</var>
<arg>AD</arg>
<arg>AE</arg>
<arg>AF</arg>
<arg>AG</arg>
<arg>AI</arg>
<arg>AL</arg>
<arg>AM</arg>
<arg>AO</arg>
<arg>AQ</arg>
<arg>AR</arg>
<arg>AS</arg>
<arg>AT</arg>
<arg>AU</arg>
<arg>AW</arg>
<arg>AX</arg>
<arg>AZ</arg>
<arg>BA</arg>
<arg>BB</arg>
<arg>BD</arg>
<arg>BE</arg>
<arg>BF</arg>
<arg>BG</arg>
<arg>BH</arg>
<arg>BI</arg>
<arg>BJ</arg>
<arg>BL</arg>
<arg>BM</arg>
<arg>BN</arg>
<arg>BO</arg>
<arg>BQ</arg>
<arg>BR</arg>
<arg>BS</arg>
<arg>BT</arg>
<arg>BV</arg>
<arg>BW</arg>
<arg>BY</arg>
<arg>BZ</arg>
<arg>CA</arg>
<arg>CC</arg>
<arg>CD</arg>
<arg>CF</arg>
<arg>CG</arg>
<arg>CH</arg>
<arg>CI</arg>
<arg>CK</arg>
<arg>CL</arg>
<arg>CM</arg>
<arg>CN</arg>
<arg>CO</arg>
<arg>CR</arg>
<arg>CU</arg>
<arg>CV</arg>
<arg>CW</arg>
<arg>CX</arg>
<arg>CY</arg>
<arg>CZ</arg>
<arg>DE</arg>
<arg>DJ</arg>
<arg>DK</arg>
<arg>DM</arg>
<arg>DO</arg>
<arg>DZ</arg>
<arg>EC</arg>
<arg>EE</arg>
<arg>EG</arg>
<arg>EH</arg>
<arg>ER</arg>
<arg>ES</arg>
<arg>ET</arg>
<arg>FI</arg>
<arg>FJ</arg>
<arg>FK</arg>
<arg>FM</arg>
<arg>FO</arg>
<arg>FR</arg>
<arg>GA</arg>
<arg>GB</arg>
<arg>GD</arg>
<arg>GE</arg>
<arg>GF</arg>
<arg>GG</arg>
<arg>GH</arg>
<arg>GI</arg>
<arg>GL</arg>
<arg>GM</arg>
<arg>GN</arg>
<arg>GP</arg>
<arg>GQ</arg>
<arg>GR</arg>
<arg>GS</arg>
<arg>GT</arg>
<arg>GU</arg>
<arg>GW</arg>
<arg>GY</arg>
<arg>HK</arg>
<arg>HM</arg>
<arg>HN</arg>
<arg>HR</arg>
<arg>HT</arg>
<arg>HU</arg>
<arg>ID</arg>
<arg>IE</arg>
<arg>IL</arg>
<arg>IM</arg>
<arg>IN</arg>
<arg>IO</arg>
<arg>IQ</arg>
<arg>IR</arg>
<arg>IS</arg>
<arg>IT</arg>
<arg>JE</arg>
<arg>JM</arg>
<arg>JO</arg>
<arg>JP</arg>
<arg>KE</arg>
<arg>KG</arg>
<arg>KH</arg>
<arg>KI</arg>
<arg>KM</arg>
<arg>KN</arg>
<arg>KP</arg>
<arg>KR</arg>
<arg>KW</arg>
<arg>KY</arg>
<arg>KZ</arg>
<arg>LA</arg>
<arg>LB</arg>
<arg>LC</arg>
<arg>LI</arg>
<arg>LK</arg>
<arg>LR</arg>
<arg>LS</arg>
<arg>LT</arg>
<arg>LU</arg>
<arg>LV</arg>
<arg>LY</arg>
<arg>MA</arg>
<arg>MC</arg>
<arg>MD</arg>
<arg>ME</arg>
<arg>MF</arg>
<arg>MG</arg>
<arg>MH</arg>
<arg>MK</arg>
<arg>ML</arg>
<arg>MM</arg>
<arg>MN</arg>
<arg>MO</arg>
<arg>MP</arg>
<arg>MQ</arg>
<arg>MR</arg>
<arg>MS</arg>
<arg>MT</arg>
<arg>MU</arg>
<arg>MV</arg>
<arg>MW</arg>
<arg>MX</arg>
<arg>MY</arg>
<arg>MZ</arg>
<arg>NA</arg>
<arg>NC</arg>
<arg>NE</arg>
<arg>NF</arg>
<arg>NG</arg>
<arg>NI</arg>
<arg>NL</arg>
<arg>NO</arg>
<arg>NP</arg>
<arg>NR</arg>
<arg>NU</arg>
<arg>NZ</arg>
<arg>OM</arg>
<arg>PA</arg>
<arg>PE</arg>
<arg>PF</arg>
<arg>PG</arg>
<arg>PH</arg>
<arg>PK</arg>
<arg>PL</arg>
<arg>PM</arg>
<arg>PN</arg>
<arg>PR</arg>
<arg>PS</arg>
<arg>PT</arg>
<arg>PW</arg>
<arg>PY</arg>
<arg>QA</arg>
<arg>RE</arg>
<arg>RO</arg>
<arg>RS</arg>
<arg>RU</arg>
<arg>RW</arg>
<arg>SA</arg>
<arg>SB</arg>
<arg>SC</arg>
<arg>SD</arg>
<arg>SE</arg>
<arg>SG</arg>
<arg>SH</arg>
<arg>SI</arg>
<arg>SJ</arg>
<arg>SK</arg>
<arg>SL</arg>
<arg>SM</arg>
<arg>SN</arg>
<arg>SO</arg>
<arg>SR</arg>
<arg>SS</arg>
<arg>ST</arg>
<arg>SV</arg>
<arg>SX</arg>
<arg>SY</arg>
<arg>SZ</arg>
<arg>TC</arg>
<arg>TD</arg>
<arg>TF</arg>
<arg>TG</arg>
<arg>TH</arg>
<arg>TJ</arg>
<arg>TK</arg>
<arg>TL</arg>
<arg>TM</arg>
<arg>TN</arg>
<arg>TO</arg>
<arg>TR</arg>
<arg>TT</arg>
<arg>TV</arg>
<arg>TW</arg>
<arg>TZ</arg>
<arg>UA</arg>
<arg>UG</arg>
<arg>UM</arg>
<arg>US</arg>
<arg>UY</arg>
<arg>UZ</arg>
<arg>VA</arg>
<arg>VC</arg>
<arg>VE</arg>
<arg>VG</arg>
<arg>VI</arg>
<arg>VN</arg>
<arg>VU</arg>
<arg>WF</arg>
<arg>WS</arg>
<arg>XK</arg>
<arg>YE</arg>
<arg>YT</arg>
<arg>ZA</arg>
<arg>ZM</arg>
<arg>ZW</arg>
<doc>Returns a list containing given items.</doc>
<status status="PASS" start="2024-04-02T09:14:22.735293" elapsed="0.000628"/>
</kw>
<kw name="List Should Contain Value" owner="Collections">
<msg time="2024-04-02T09:14:22.737052" level="INFO">False</msg>
<arg>${list_country}</arg>
<arg>${name_country}</arg>
<doc>Fails if the ``value`` is not found from ``list``.</doc>
<status status="PASS" start="2024-04-02T09:14:22.736843" elapsed="0.000246"/>
</kw>
<kw name="Run Keyword If" owner="BuiltIn">
<kw name="Should Be True" owner="BuiltIn">
<arg>${True}</arg>
<doc>Fails if the given condition is not true.</doc>
<status status="PASS" start="2024-04-02T09:14:22.738208" elapsed="0.000146"/>
</kw>
<arg>${json_data["results"][0]["location"]["coordinates"]["latitude"]} &gt;= -90 and ${json_data["results"][0]["location"]["coordinates"]["latitude"]} &lt;= 90</arg>
<arg>Should Be True</arg>
<arg>${True}</arg>
<doc>Runs the given keyword with the given arguments, if ``condition`` is true.</doc>
<status status="PASS" start="2024-04-02T09:14:22.737404" elapsed="0.001080"/>
</kw>
<kw name="Run Keyword If" owner="BuiltIn">
<kw name="Should Be True" owner="BuiltIn">
<arg>${True}</arg>
<doc>Fails if the given condition is not true.</doc>
<status status="PASS" start="2024-04-02T09:14:22.739368" elapsed="0.000137"/>
</kw>
<arg>${json_data["results"][0]["location"]["coordinates"]["longitude"]} &gt;= -180 and ${json_data["results"][0]["location"]["coordinates"]["longitude"]} &lt;= 180</arg>
<arg>Should Be True</arg>
<arg>${True}</arg>
<doc>Runs the given keyword with the given arguments, if ``condition`` is true.</doc>
<status status="PASS" start="2024-04-02T09:14:22.738672" elapsed="0.000958"/>
</kw>
<status status="PASS" start="2024-04-02T09:14:22.636856" elapsed="0.102906"/>
</kw>
<doc>Testa o conteúdo específico dos campos retornados pela API.</doc>
<tag>testeConteudo</tag>
<status status="PASS" start="2024-04-02T09:14:22.636137" elapsed="0.103780"/>
</test>
<status status="PASS" start="2024-04-02T09:14:21.964769" elapsed="0.777093"/>
</suite>
<status status="PASS" start="2024-04-02T09:14:21.950908" elapsed="0.796473"/>
</suite>
<statistics>
<total>
<stat pass="5" fail="0" skip="0">All Tests</stat>
</total>
<tag>
<stat pass="1" fail="0" skip="0">testeConteudo</stat>
<stat pass="1" fail="0" skip="0">testeEstruturaResposta</stat>
<stat pass="1" fail="0" skip="0">testeRequisicaoBasica</stat>
<stat pass="1" fail="0" skip="0">testeTiposDados</stat>
</tag>
<suite>
<stat pass="5" fail="0" skip="0" id="s1" name="Tests">Tests</stat>
<stat pass="5" fail="0" skip="0" id="s1-s1" name="Random-User-Test">Tests.Random-User-Test</stat>
</suite>
</statistics>
<errors>
</errors>
</robot>
