<?xml version="1.0" encoding="UTF-8"?>
<robot generator="Robot 7.0 (Python 3.12.2 on linux)" generated="2024-04-10T09:15:28.276654" rpa="false" schemaversion="5">
<suite id="s1" name="Tests" source="/home/runner/work/DesafioQAItauRogerioJordao/DesafioQAItauRogerioJordao/RamdonUser/tests">
<suite id="s1-s1" name="Random-User-Test" source="/home/runner/work/DesafioQAItauRogerioJordao/DesafioQAItauRogerioJordao/RamdonUser/tests/random-user-test.robot">
<test id="s1-s1-t1" name="Conectar" line="13">
<kw name="Conectar API" owner="random-user-service">
<kw name="Create Session" owner="RequestsLibrary">
<msg time="2024-04-10T09:15:28.649575" level="INFO">Creating Session using : alias=consultarAPI, url=https://randomuser.me/, headers={},                     cookies={}, auth=None, timeout=None, proxies=None, verify=False,                     debug=0 </msg>
<arg>consultarAPI</arg>
<arg>${URL}</arg>
<doc>Create Session: create a HTTP session to a server</doc>
<status status="PASS" start="2024-04-10T09:15:28.649359" elapsed="0.000410"/>
</kw>
<status status="PASS" start="2024-04-10T09:15:28.648240" elapsed="0.001920"/>
</kw>
<status status="PASS" start="2024-04-10T09:15:28.647602" elapsed="0.002772"/>
</test>
<test id="s1-s1-t2" name="Validar retorno 200 e JSON Válido" line="16">
<kw name="Teste de Requisicao Basica" owner="random-user-service">
<kw name="GET On Session" owner="RequestsLibrary">
<msg time="2024-04-10T09:15:28.726513" level="INFO">GET Request : url=https://randomuser.me/api 
 path_url=/api 
 headers={'User-Agent': 'python-requests/2.31.0', 'Accept-Encoding': 'gzip, deflate', 'Accept': '*/*', 'Connection': 'keep-alive'} 
 body=None 
 </msg>
<msg time="2024-04-10T09:15:28.726653" level="INFO">GET Response : url=https://randomuser.me/api 
 status=200, reason=OK 
 headers={'Date': 'Wed, 10 Apr 2024 09:15:28 GMT', 'Content-Type': 'application/json; charset=utf-8', 'Transfer-Encoding': 'chunked', 'Connection': 'keep-alive', 'X-Powered-By': 'Express', 'Access-Control-Allow-Origin': '*', 'Cache-Control': 'no-cache', 'ETag': 'W/"484-655wWq1N6bHJwORpKBZgSINKO8M"', 'Vary': 'Accept-Encoding', 'Content-Encoding': 'gzip', 'CF-Cache-Status': 'DYNAMIC', 'Report-To': '{"endpoints":[{"url":"https:\\/\\/a.nel.cloudflare.com\\/report\\/v4?s=t3w1i4q%2B6L9BY7yjgMyfudyBhLdheRWO64Wn%2Bx%2B9AVerepVCciER6lqjdFYxHvtDsVyajv6rJIkzjncYh8XNbBhPQbyPxDO5K7YYfTiwNz4OplAMTB8jCrac3EezHOQL"}],"group":"cf-nel","max_age":604800}', 'NEL': '{"success_fraction":0,"report_to":"cf-nel","max_age":604800}', 'Server': 'cloudflare', 'CF-RAY': '8721a1f05a8a38a6-IAD', 'alt-svc': 'h3=":443"; ma=86400'} 
 body={"results":[{"gender":"female","name":{"title":"Miss","first":"Chloe","last":"Denys"},"location":{"street":{"number":4322,"name":"Bay Ave"},"city":"Stratford","state":"Northwest Territories","country":"Canada","postcode":"T6D 0M9","coordinates":{"latitude":"-69.7001","longitude":"151.9669"},"timezone":{"offset":"-3:30","description":"Newfoundland"}},"email":"chloe.denys@example.com","login":{"uuid":"442563d6-18e6-4bfb-8143-38bd9d735beb","username":"brownduck557","password":"daniel1","salt":"I4AT8SHh","md5":"7c599108e64f1b4934357484a2cc8a28","sha1":"cee45bb122ea674953f5aa079a40e76ab0fcef33","sha256":"41a9cf17fe8437c3f2d7ad5a4ad0c5cea6d0a0a7521cfacb8ceca49cdf738d05"},"dob":{"date":"1983-10-15T18:10:04.340Z","age":40},"registered":{"date":"2018-12-25T12:56:10.488Z","age":5},"phone":"V42 I79-6317","cell":"T34 Y62-3602","id":{"name":"SIN","value":"832123251"},"picture":{"large":"https://randomuser.me/api/portraits/women/58.jpg","medium":"https://randomuser.me/api/portraits/med/women/58.jpg","thumbnail":"https://randomuser.me/api/portraits/thumb/women/58.jpg"},"nat":"CA"}],"info":{"seed":"5e24676a393e88f4","results":1,"page":1,"version":"1.4"}} 
 </msg>
<msg time="2024-04-10T09:15:28.726739" level="INFO">/opt/hostedtoolcache/Python/3.12.2/x64/lib/python3.12/site-packages/urllib3/connectionpool.py:1103: InsecureRequestWarning: Unverified HTTPS request is being made to host 'randomuser.me'. Adding certificate verification is strongly advised. See: https://urllib3.readthedocs.io/en/latest/advanced-usage.html#tls-warnings
  warnings.warn(</msg>
<msg time="2024-04-10T09:15:28.726892" level="INFO">${response} = &lt;Response [200]&gt;</msg>
<var>${response}</var>
<arg>consultarAPI</arg>
<arg>/api</arg>
<doc>Sends a GET request on a previously created HTTP Session.</doc>
<status status="PASS" start="2024-04-10T09:15:28.653066" elapsed="0.073875"/>
</kw>
<kw name="Should Be Equal As Numbers" owner="BuiltIn">
<msg time="2024-04-10T09:15:28.727907" level="INFO">Argument types are:
&lt;class 'int'&gt;
&lt;class 'str'&gt;</msg>
<arg>${response.status_code}</arg>
<arg>200</arg>
<doc>Fails if objects are unequal after converting them to real numbers.</doc>
<status status="PASS" start="2024-04-10T09:15:28.727441" elapsed="0.000534"/>
</kw>
<kw name="Log" owner="BuiltIn">
<msg time="2024-04-10T09:15:28.728752" level="INFO">200</msg>
<arg>${response.status_code}</arg>
<doc>Logs the given message with the given level.</doc>
<status status="PASS" start="2024-04-10T09:15:28.728331" elapsed="0.000465"/>
</kw>
<kw name="Set Variable" owner="BuiltIn">
<msg time="2024-04-10T09:15:28.729590" level="INFO">${json_data} = {'results': [{'gender': 'female', 'name': {'title': 'Miss', 'first': 'Chloe', 'last': 'Denys'}, 'location': {'street': {'number': 4322, 'name': 'Bay Ave'}, 'city': 'Stratford', 'state': 'Northwest Ter...</msg>
<var>${json_data}</var>
<arg>${response.json()}</arg>
<doc>Returns the given values which can then be assigned to a variables.</doc>
<status status="PASS" start="2024-04-10T09:15:28.729142" elapsed="0.000476"/>
</kw>
<kw name="Dictionary Should Contain Key" owner="Collections">
<msg time="2024-04-10T09:15:28.730100" level="INFO">False</msg>
<arg>${json_data}</arg>
<arg>results</arg>
<doc>Fails if ``key`` is not found from ``dictionary``.</doc>
<status status="PASS" start="2024-04-10T09:15:28.729930" elapsed="0.000210"/>
</kw>
<status status="PASS" start="2024-04-10T09:15:28.652806" elapsed="0.077594"/>
</kw>
<doc>Testa se a API responde corretamente e retorna um objeto JSON válido.</doc>
<tag>testeRequisicaoBasica</tag>
<status status="PASS" start="2024-04-10T09:15:28.652236" elapsed="0.078361"/>
</test>
<test id="s1-s1-t3" name="Validar estrutura de resposta" line="22">
<kw name="Teste de Estrutura de Resposta" owner="random-user-service">
<kw name="GET On Session" owner="RequestsLibrary">
<msg time="2024-04-10T09:15:28.823397" level="INFO">GET Request : url=https://randomuser.me/api 
 path_url=/api 
 headers={'User-Agent': 'python-requests/2.31.0', 'Accept-Encoding': 'gzip, deflate', 'Accept': '*/*', 'Connection': 'keep-alive'} 
 body=None 
 </msg>
<msg time="2024-04-10T09:15:28.823507" level="INFO">GET Response : url=https://randomuser.me/api 
 status=200, reason=OK 
 headers={'Date': 'Wed, 10 Apr 2024 09:15:28 GMT', 'Content-Type': 'application/json; charset=utf-8', 'Transfer-Encoding': 'chunked', 'Connection': 'keep-alive', 'X-Powered-By': 'Express', 'Access-Control-Allow-Origin': '*', 'Cache-Control': 'no-cache', 'ETag': 'W/"480-Q8AEelMXcvUROnV/49wtQNHJo/g"', 'Vary': 'Accept-Encoding', 'Content-Encoding': 'gzip', 'CF-Cache-Status': 'DYNAMIC', 'Report-To': '{"endpoints":[{"url":"https:\\/\\/a.nel.cloudflare.com\\/report\\/v4?s=EFnzPNE7Z0O71S12LhkhaaAYEhTyIr%2FREoocxE3pMK928m9vUKpOsPVvLkb5jZfn61k2DaD2YkFRH29Y1DCz3ZDxutajScbdExAXH5YefVDVBIMvbk38dzWUQenTXW8w"}],"group":"cf-nel","max_age":604800}', 'NEL': '{"success_fraction":0,"report_to":"cf-nel","max_age":604800}', 'Server': 'cloudflare', 'CF-RAY': '8721a1f09abd38a6-IAD', 'alt-svc': 'h3=":443"; ma=86400'} 
 body={"results":[{"gender":"female","name":{"title":"Miss","first":"Ömür","last":"Yazıcı"},"location":{"street":{"number":5503,"name":"Vatan Cd"},"city":"Kırşehir","state":"Zonguldak","country":"Turkey","postcode":23725,"coordinates":{"latitude":"69.6869","longitude":"140.2208"},"timezone":{"offset":"+7:00","description":"Bangkok, Hanoi, Jakarta"}},"email":"omur.yazici@example.com","login":{"uuid":"dd0d8f7d-2d3c-43f7-a3f9-a72679b03ad6","username":"purplemouse544","password":"vision","salt":"1mXo8Eko","md5":"939474404d56dedbed9bdaf2b7da7982","sha1":"aa370177461ad9a21b47343a511c438c50c8c628","sha256":"bb912b91a5773fd9c845f337007d0bbb0421a0badb312ad22802df4779403a2e"},"dob":{"date":"1953-05-03T15:24:47.354Z","age":70},"registered":{"date":"2010-10-12T18:32:21.169Z","age":13},"phone":"(560)-268-3029","cell":"(452)-030-8309","id":{"name":"","value":null},"picture":{"large":"https://randomuser.me/api/portraits/women/42.jpg","medium":"https://randomuser.me/api/portraits/med/women/42.jpg","thumbnail":"https://randomuser.me/api/portraits/thumb/women/42.jpg"},"nat":"TR"}],"info":{"seed":"37c893f58e0d9ce3","results":1,"page":1,"version":"1.4"}} 
 </msg>
<msg time="2024-04-10T09:15:28.823669" level="INFO">/opt/hostedtoolcache/Python/3.12.2/x64/lib/python3.12/site-packages/urllib3/connectionpool.py:1103: InsecureRequestWarning: Unverified HTTPS request is being made to host 'randomuser.me'. Adding certificate verification is strongly advised. See: https://urllib3.readthedocs.io/en/latest/advanced-usage.html#tls-warnings
  warnings.warn(</msg>
<msg time="2024-04-10T09:15:28.823829" level="INFO">${response} = &lt;Response [200]&gt;</msg>
<var>${response}</var>
<arg>consultarAPI</arg>
<arg>/api</arg>
<doc>Sends a GET request on a previously created HTTP Session.</doc>
<status status="PASS" start="2024-04-10T09:15:28.733699" elapsed="0.090173"/>
</kw>
<kw name="Set Variable" owner="BuiltIn">
<msg time="2024-04-10T09:15:28.825004" level="INFO">${json_data} = {'results': [{'gender': 'female', 'name': {'title': 'Miss', 'first': 'Ömür', 'last': 'Yazıcı'}, 'location': {'street': {'number': 5503, 'name': 'Vatan Cd'}, 'city': 'Kırşehir', 'state': 'Zonguldak', '...</msg>
<var>${json_data}</var>
<arg>${response.json()}</arg>
<doc>Returns the given values which can then be assigned to a variables.</doc>
<status status="PASS" start="2024-04-10T09:15:28.824438" elapsed="0.000598"/>
</kw>
<kw name="Log" owner="BuiltIn">
<msg time="2024-04-10T09:15:28.825532" level="INFO">{'results': [{'gender': 'female', 'name': {'title': 'Miss', 'first': 'Ömür', 'last': 'Yazıcı'}, 'location': {'street': {'number': 5503, 'name': 'Vatan Cd'}, 'city': 'Kırşehir', 'state': 'Zonguldak', 'country': 'Turkey', 'postcode': 23725, 'coordinates': {'latitude': '69.6869', 'longitude': '140.2208'}, 'timezone': {'offset': '+7:00', 'description': 'Bangkok, Hanoi, Jakarta'}}, 'email': 'omur.yazici@example.com', 'login': {'uuid': 'dd0d8f7d-2d3c-43f7-a3f9-a72679b03ad6', 'username': 'purplemouse544', 'password': 'vision', 'salt': '1mXo8Eko', 'md5': '939474404d56dedbed9bdaf2b7da7982', 'sha1': 'aa370177461ad9a21b47343a511c438c50c8c628', 'sha256': 'bb912b91a5773fd9c845f337007d0bbb0421a0badb312ad22802df4779403a2e'}, 'dob': {'date': '1953-05-03T15:24:47.354Z', 'age': 70}, 'registered': {'date': '2010-10-12T18:32:21.169Z', 'age': 13}, 'phone': '(560)-268-3029', 'cell': '(452)-030-8309', 'id': {'name': '', 'value': None}, 'picture': {'large': 'https://randomuser.me/api/portraits/women/42.jpg', 'medium': 'https://randomuser.me/api/portraits/med/women/42.jpg', 'thumbnail': 'https://randomuser.me/api/portraits/thumb/women/42.jpg'}, 'nat': 'TR'}], 'info': {'seed': '37c893f58e0d9ce3', 'results': 1, 'page': 1, 'version': '1.4'}}</msg>
<arg>${json_data}</arg>
<doc>Logs the given message with the given level.</doc>
<status status="PASS" start="2024-04-10T09:15:28.825361" elapsed="0.000224"/>
</kw>
<kw name="Dictionary Should Contain Key" owner="Collections">
<msg time="2024-04-10T09:15:28.826056" level="INFO">False</msg>
<arg>${json_data}</arg>
<arg>results</arg>
<doc>Fails if ``key`` is not found from ``dictionary``.</doc>
<status status="PASS" start="2024-04-10T09:15:28.825893" elapsed="0.000200"/>
</kw>
<kw name="Should Not Be Empty" owner="BuiltIn">
<msg time="2024-04-10T09:15:28.826532" level="INFO">Length is 2.</msg>
<arg>${json_data}</arg>
<doc>Verifies that the given item is not empty.</doc>
<status status="PASS" start="2024-04-10T09:15:28.826394" elapsed="0.000178"/>
</kw>
<kw name="Create List" owner="BuiltIn">
<msg time="2024-04-10T09:15:28.827030" level="INFO">${expected_keys} = ['gender', 'name', 'location', 'email', 'login']</msg>
<var>${expected_keys}</var>
<arg>gender</arg>
<arg>name</arg>
<arg>location</arg>
<arg>email</arg>
<arg>login</arg>
<doc>Returns a list containing given items.</doc>
<status status="PASS" start="2024-04-10T09:15:28.826876" elapsed="0.000178"/>
</kw>
<for flavor="IN">
<iter>
<kw name="Dictionary Should Contain Key" owner="Collections">
<msg time="2024-04-10T09:15:28.828076" level="INFO">False</msg>
<arg>${json_data['results'][0]}</arg>
<arg>${key}</arg>
<doc>Fails if ``key`` is not found from ``dictionary``.</doc>
<status status="PASS" start="2024-04-10T09:15:28.827645" elapsed="0.000473"/>
</kw>
<kw name="Log" owner="BuiltIn">
<msg time="2024-04-10T09:15:28.828844" level="INFO">{'gender': 'female', 'name': {'title': 'Miss', 'first': 'Ömür', 'last': 'Yazıcı'}, 'location': {'street': {'number': 5503, 'name': 'Vatan Cd'}, 'city': 'Kırşehir', 'state': 'Zonguldak', 'country': 'Turkey', 'postcode': 23725, 'coordinates': {'latitude': '69.6869', 'longitude': '140.2208'}, 'timezone': {'offset': '+7:00', 'description': 'Bangkok, Hanoi, Jakarta'}}, 'email': 'omur.yazici@example.com', 'login': {'uuid': 'dd0d8f7d-2d3c-43f7-a3f9-a72679b03ad6', 'username': 'purplemouse544', 'password': 'vision', 'salt': '1mXo8Eko', 'md5': '939474404d56dedbed9bdaf2b7da7982', 'sha1': 'aa370177461ad9a21b47343a511c438c50c8c628', 'sha256': 'bb912b91a5773fd9c845f337007d0bbb0421a0badb312ad22802df4779403a2e'}, 'dob': {'date': '1953-05-03T15:24:47.354Z', 'age': 70}, 'registered': {'date': '2010-10-12T18:32:21.169Z', 'age': 13}, 'phone': '(560)-268-3029', 'cell': '(452)-030-8309', 'id': {'name': '', 'value': None}, 'picture': {'large': 'https://randomuser.me/api/portraits/women/42.jpg', 'medium': 'https://randomuser.me/api/portraits/med/women/42.jpg', 'thumbnail': 'https://randomuser.me/api/portraits/thumb/women/42.jpg'}, 'nat': 'TR'}</msg>
<arg>${json_data['results'][0]}</arg>
<doc>Logs the given message with the given level.</doc>
<status status="PASS" start="2024-04-10T09:15:28.828464" elapsed="0.000438"/>
</kw>
<kw name="Log" owner="BuiltIn">
<msg time="2024-04-10T09:15:28.829346" level="INFO">gender</msg>
<arg>${key}</arg>
<doc>Logs the given message with the given level.</doc>
<status status="PASS" start="2024-04-10T09:15:28.829214" elapsed="0.000171"/>
</kw>
<var name="${key}">gender</var>
<status status="PASS" start="2024-04-10T09:15:28.827518" elapsed="0.002096"/>
</iter>
<iter>
<kw name="Dictionary Should Contain Key" owner="Collections">
<msg time="2024-04-10T09:15:28.830506" level="INFO">False</msg>
<arg>${json_data['results'][0]}</arg>
<arg>${key}</arg>
<doc>Fails if ``key`` is not found from ``dictionary``.</doc>
<status status="PASS" start="2024-04-10T09:15:28.829975" elapsed="0.000571"/>
</kw>
<kw name="Log" owner="BuiltIn">
<msg time="2024-04-10T09:15:28.831248" level="INFO">{'gender': 'female', 'name': {'title': 'Miss', 'first': 'Ömür', 'last': 'Yazıcı'}, 'location': {'street': {'number': 5503, 'name': 'Vatan Cd'}, 'city': 'Kırşehir', 'state': 'Zonguldak', 'country': 'Turkey', 'postcode': 23725, 'coordinates': {'latitude': '69.6869', 'longitude': '140.2208'}, 'timezone': {'offset': '+7:00', 'description': 'Bangkok, Hanoi, Jakarta'}}, 'email': 'omur.yazici@example.com', 'login': {'uuid': 'dd0d8f7d-2d3c-43f7-a3f9-a72679b03ad6', 'username': 'purplemouse544', 'password': 'vision', 'salt': '1mXo8Eko', 'md5': '939474404d56dedbed9bdaf2b7da7982', 'sha1': 'aa370177461ad9a21b47343a511c438c50c8c628', 'sha256': 'bb912b91a5773fd9c845f337007d0bbb0421a0badb312ad22802df4779403a2e'}, 'dob': {'date': '1953-05-03T15:24:47.354Z', 'age': 70}, 'registered': {'date': '2010-10-12T18:32:21.169Z', 'age': 13}, 'phone': '(560)-268-3029', 'cell': '(452)-030-8309', 'id': {'name': '', 'value': None}, 'picture': {'large': 'https://randomuser.me/api/portraits/women/42.jpg', 'medium': 'https://randomuser.me/api/portraits/med/women/42.jpg', 'thumbnail': 'https://randomuser.me/api/portraits/thumb/women/42.jpg'}, 'nat': 'TR'}</msg>
<arg>${json_data['results'][0]}</arg>
<doc>Logs the given message with the given level.</doc>
<status status="PASS" start="2024-04-10T09:15:28.830881" elapsed="0.000417"/>
</kw>
<kw name="Log" owner="BuiltIn">
<msg time="2024-04-10T09:15:28.831731" level="INFO">name</msg>
<arg>${key}</arg>
<doc>Logs the given message with the given level.</doc>
<status status="PASS" start="2024-04-10T09:15:28.831601" elapsed="0.000168"/>
</kw>
<var name="${key}">name</var>
<status status="PASS" start="2024-04-10T09:15:28.829807" elapsed="0.002181"/>
</iter>
<iter>
<kw name="Dictionary Should Contain Key" owner="Collections">
<msg time="2024-04-10T09:15:28.832719" level="INFO">False</msg>
<arg>${json_data['results'][0]}</arg>
<arg>${key}</arg>
<doc>Fails if ``key`` is not found from ``dictionary``.</doc>
<status status="PASS" start="2024-04-10T09:15:28.832306" elapsed="0.000452"/>
</kw>
<kw name="Log" owner="BuiltIn">
<msg time="2024-04-10T09:15:28.833430" level="INFO">{'gender': 'female', 'name': {'title': 'Miss', 'first': 'Ömür', 'last': 'Yazıcı'}, 'location': {'street': {'number': 5503, 'name': 'Vatan Cd'}, 'city': 'Kırşehir', 'state': 'Zonguldak', 'country': 'Turkey', 'postcode': 23725, 'coordinates': {'latitude': '69.6869', 'longitude': '140.2208'}, 'timezone': {'offset': '+7:00', 'description': 'Bangkok, Hanoi, Jakarta'}}, 'email': 'omur.yazici@example.com', 'login': {'uuid': 'dd0d8f7d-2d3c-43f7-a3f9-a72679b03ad6', 'username': 'purplemouse544', 'password': 'vision', 'salt': '1mXo8Eko', 'md5': '939474404d56dedbed9bdaf2b7da7982', 'sha1': 'aa370177461ad9a21b47343a511c438c50c8c628', 'sha256': 'bb912b91a5773fd9c845f337007d0bbb0421a0badb312ad22802df4779403a2e'}, 'dob': {'date': '1953-05-03T15:24:47.354Z', 'age': 70}, 'registered': {'date': '2010-10-12T18:32:21.169Z', 'age': 13}, 'phone': '(560)-268-3029', 'cell': '(452)-030-8309', 'id': {'name': '', 'value': None}, 'picture': {'large': 'https://randomuser.me/api/portraits/women/42.jpg', 'medium': 'https://randomuser.me/api/portraits/med/women/42.jpg', 'thumbnail': 'https://randomuser.me/api/portraits/thumb/women/42.jpg'}, 'nat': 'TR'}</msg>
<arg>${json_data['results'][0]}</arg>
<doc>Logs the given message with the given level.</doc>
<status status="PASS" start="2024-04-10T09:15:28.833063" elapsed="0.000422"/>
</kw>
<kw name="Log" owner="BuiltIn">
<msg time="2024-04-10T09:15:28.833911" level="INFO">location</msg>
<arg>${key}</arg>
<doc>Logs the given message with the given level.</doc>
<status status="PASS" start="2024-04-10T09:15:28.833783" elapsed="0.000167"/>
</kw>
<var name="${key}">location</var>
<status status="PASS" start="2024-04-10T09:15:28.832192" elapsed="0.001978"/>
</iter>
<iter>
<kw name="Dictionary Should Contain Key" owner="Collections">
<msg time="2024-04-10T09:15:28.834834" level="INFO">False</msg>
<arg>${json_data['results'][0]}</arg>
<arg>${key}</arg>
<doc>Fails if ``key`` is not found from ``dictionary``.</doc>
<status status="PASS" start="2024-04-10T09:15:28.834457" elapsed="0.000414"/>
</kw>
<kw name="Log" owner="BuiltIn">
<msg time="2024-04-10T09:15:28.835539" level="INFO">{'gender': 'female', 'name': {'title': 'Miss', 'first': 'Ömür', 'last': 'Yazıcı'}, 'location': {'street': {'number': 5503, 'name': 'Vatan Cd'}, 'city': 'Kırşehir', 'state': 'Zonguldak', 'country': 'Turkey', 'postcode': 23725, 'coordinates': {'latitude': '69.6869', 'longitude': '140.2208'}, 'timezone': {'offset': '+7:00', 'description': 'Bangkok, Hanoi, Jakarta'}}, 'email': 'omur.yazici@example.com', 'login': {'uuid': 'dd0d8f7d-2d3c-43f7-a3f9-a72679b03ad6', 'username': 'purplemouse544', 'password': 'vision', 'salt': '1mXo8Eko', 'md5': '939474404d56dedbed9bdaf2b7da7982', 'sha1': 'aa370177461ad9a21b47343a511c438c50c8c628', 'sha256': 'bb912b91a5773fd9c845f337007d0bbb0421a0badb312ad22802df4779403a2e'}, 'dob': {'date': '1953-05-03T15:24:47.354Z', 'age': 70}, 'registered': {'date': '2010-10-12T18:32:21.169Z', 'age': 13}, 'phone': '(560)-268-3029', 'cell': '(452)-030-8309', 'id': {'name': '', 'value': None}, 'picture': {'large': 'https://randomuser.me/api/portraits/women/42.jpg', 'medium': 'https://randomuser.me/api/portraits/med/women/42.jpg', 'thumbnail': 'https://randomuser.me/api/portraits/thumb/women/42.jpg'}, 'nat': 'TR'}</msg>
<arg>${json_data['results'][0]}</arg>
<doc>Logs the given message with the given level.</doc>
<status status="PASS" start="2024-04-10T09:15:28.835172" elapsed="0.000417"/>
</kw>
<kw name="Log" owner="BuiltIn">
<msg time="2024-04-10T09:15:28.836021" level="INFO">email</msg>
<arg>${key}</arg>
<doc>Logs the given message with the given level.</doc>
<status status="PASS" start="2024-04-10T09:15:28.835892" elapsed="0.000167"/>
</kw>
<var name="${key}">email</var>
<status status="PASS" start="2024-04-10T09:15:28.834346" elapsed="0.001926"/>
</iter>
<iter>
<kw name="Dictionary Should Contain Key" owner="Collections">
<msg time="2024-04-10T09:15:28.836979" level="INFO">False</msg>
<arg>${json_data['results'][0]}</arg>
<arg>${key}</arg>
<doc>Fails if ``key`` is not found from ``dictionary``.</doc>
<status status="PASS" start="2024-04-10T09:15:28.836588" elapsed="0.000429"/>
</kw>
<kw name="Log" owner="BuiltIn">
<msg time="2024-04-10T09:15:28.837693" level="INFO">{'gender': 'female', 'name': {'title': 'Miss', 'first': 'Ömür', 'last': 'Yazıcı'}, 'location': {'street': {'number': 5503, 'name': 'Vatan Cd'}, 'city': 'Kırşehir', 'state': 'Zonguldak', 'country': 'Turkey', 'postcode': 23725, 'coordinates': {'latitude': '69.6869', 'longitude': '140.2208'}, 'timezone': {'offset': '+7:00', 'description': 'Bangkok, Hanoi, Jakarta'}}, 'email': 'omur.yazici@example.com', 'login': {'uuid': 'dd0d8f7d-2d3c-43f7-a3f9-a72679b03ad6', 'username': 'purplemouse544', 'password': 'vision', 'salt': '1mXo8Eko', 'md5': '939474404d56dedbed9bdaf2b7da7982', 'sha1': 'aa370177461ad9a21b47343a511c438c50c8c628', 'sha256': 'bb912b91a5773fd9c845f337007d0bbb0421a0badb312ad22802df4779403a2e'}, 'dob': {'date': '1953-05-03T15:24:47.354Z', 'age': 70}, 'registered': {'date': '2010-10-12T18:32:21.169Z', 'age': 13}, 'phone': '(560)-268-3029', 'cell': '(452)-030-8309', 'id': {'name': '', 'value': None}, 'picture': {'large': 'https://randomuser.me/api/portraits/women/42.jpg', 'medium': 'https://randomuser.me/api/portraits/med/women/42.jpg', 'thumbnail': 'https://randomuser.me/api/portraits/thumb/women/42.jpg'}, 'nat': 'TR'}</msg>
<arg>${json_data['results'][0]}</arg>
<doc>Logs the given message with the given level.</doc>
<status status="PASS" start="2024-04-10T09:15:28.837325" elapsed="0.000419"/>
</kw>
<kw name="Log" owner="BuiltIn">
<msg time="2024-04-10T09:15:28.838165" level="INFO">login</msg>
<arg>${key}</arg>
<doc>Logs the given message with the given level.</doc>
<status status="PASS" start="2024-04-10T09:15:28.838038" elapsed="0.000170"/>
</kw>
<var name="${key}">login</var>
<status status="PASS" start="2024-04-10T09:15:28.836475" elapsed="0.001969"/>
</iter>
<var>${key}</var>
<value>@{expected_keys}</value>
<status status="PASS" start="2024-04-10T09:15:28.827320" elapsed="0.011272"/>
</for>
<kw name="Create List" owner="BuiltIn">
<msg time="2024-04-10T09:15:28.838934" level="INFO">${expected_keysTwo} = ['username', 'password']</msg>
<var>${expected_keysTwo}</var>
<arg>username</arg>
<arg>password</arg>
<doc>Returns a list containing given items.</doc>
<status status="PASS" start="2024-04-10T09:15:28.838796" elapsed="0.000162"/>
</kw>
<for flavor="IN">
<iter>
<kw name="Dictionary Should Contain Key" owner="Collections">
<msg time="2024-04-10T09:15:28.839979" level="INFO">False</msg>
<arg>${json_data['results'][0]['login']}</arg>
<arg>${keyTwo}</arg>
<doc>Fails if ``key`` is not found from ``dictionary``.</doc>
<status status="PASS" start="2024-04-10T09:15:28.839581" elapsed="0.000435"/>
</kw>
<kw name="Dictionary Should Contain Key" owner="Collections">
<msg time="2024-04-10T09:15:28.840726" level="INFO">False</msg>
<arg>${json_data['results'][0]['login']}</arg>
<arg>${keyTwo}</arg>
<doc>Fails if ``key`` is not found from ``dictionary``.</doc>
<status status="PASS" start="2024-04-10T09:15:28.840317" elapsed="0.000446"/>
</kw>
<kw name="Log" owner="BuiltIn">
<msg time="2024-04-10T09:15:28.841193" level="INFO">username</msg>
<arg>${keyTwo}</arg>
<doc>Logs the given message with the given level.</doc>
<status status="PASS" start="2024-04-10T09:15:28.841061" elapsed="0.000170"/>
</kw>
<var name="${keyTwo}">username</var>
<status status="PASS" start="2024-04-10T09:15:28.839466" elapsed="0.001981"/>
</iter>
<iter>
<kw name="Dictionary Should Contain Key" owner="Collections">
<msg time="2024-04-10T09:15:28.842112" level="INFO">False</msg>
<arg>${json_data['results'][0]['login']}</arg>
<arg>${keyTwo}</arg>
<doc>Fails if ``key`` is not found from ``dictionary``.</doc>
<status status="PASS" start="2024-04-10T09:15:28.841735" elapsed="0.000415"/>
</kw>
<kw name="Dictionary Should Contain Key" owner="Collections">
<msg time="2024-04-10T09:15:28.842822" level="INFO">False</msg>
<arg>${json_data['results'][0]['login']}</arg>
<arg>${keyTwo}</arg>
<doc>Fails if ``key`` is not found from ``dictionary``.</doc>
<status status="PASS" start="2024-04-10T09:15:28.842444" elapsed="0.000414"/>
</kw>
<kw name="Log" owner="BuiltIn">
<msg time="2024-04-10T09:15:28.843281" level="INFO">password</msg>
<arg>${keyTwo}</arg>
<doc>Logs the given message with the given level.</doc>
<status status="PASS" start="2024-04-10T09:15:28.843153" elapsed="0.000166"/>
</kw>
<var name="${keyTwo}">password</var>
<status status="PASS" start="2024-04-10T09:15:28.841624" elapsed="0.001914"/>
</iter>
<var>${keyTwo}</var>
<value>@{expected_keysTwo}</value>
<status status="PASS" start="2024-04-10T09:15:28.839201" elapsed="0.004462"/>
</for>
<status status="PASS" start="2024-04-10T09:15:28.733347" elapsed="0.110458"/>
</kw>
<doc>Testa a estrutura da resposta da API.</doc>
<tag>testeEstruturaResposta</tag>
<status status="PASS" start="2024-04-10T09:15:28.732480" elapsed="0.111494"/>
</test>
<test id="s1-s1-t4" name="Validar tipos de dados" line="28">
<kw name="Teste de Tipos de Dados" owner="random-user-service">
<kw name="GET On Session" owner="RequestsLibrary">
<msg time="2024-04-10T09:15:28.929273" level="INFO">GET Request : url=https://randomuser.me/api 
 path_url=/api 
 headers={'User-Agent': 'python-requests/2.31.0', 'Accept-Encoding': 'gzip, deflate', 'Accept': '*/*', 'Connection': 'keep-alive'} 
 body=None 
 </msg>
<msg time="2024-04-10T09:15:28.929358" level="INFO">GET Response : url=https://randomuser.me/api 
 status=200, reason=OK 
 headers={'Date': 'Wed, 10 Apr 2024 09:15:28 GMT', 'Content-Type': 'application/json; charset=utf-8', 'Transfer-Encoding': 'chunked', 'Connection': 'keep-alive', 'X-Powered-By': 'Express', 'Access-Control-Allow-Origin': '*', 'Cache-Control': 'no-cache', 'ETag': 'W/"4a2-2Jj2sHLtm0R7q9XBoDJh4PBVTpU"', 'Vary': 'Accept-Encoding', 'Content-Encoding': 'gzip', 'CF-Cache-Status': 'DYNAMIC', 'Report-To': '{"endpoints":[{"url":"https:\\/\\/a.nel.cloudflare.com\\/report\\/v4?s=dGwC%2FEOPdrTqqrOwaE1P9%2F2KhcsfiIa095Ja2Q%2B2MC%2Bcz3fykziOlytZs4obkfDKn4HdiK2hfkOtFed4FOiSjZ9N8EmmcxmD3qo1aIZrr5mgXei5iYCfYbcwKVcbstck"}],"group":"cf-nel","max_age":604800}', 'NEL': '{"success_fraction":0,"report_to":"cf-nel","max_age":604800}', 'Server': 'cloudflare', 'CF-RAY': '8721a1f15b4438a6-IAD', 'alt-svc': 'h3=":443"; ma=86400'} 
 body={"results":[{"gender":"female","name":{"title":"Miss","first":"Lolya","last":"Fedoriv"},"location":{"street":{"number":3736,"name":"Provulok Iermaka"},"city":"Molodogvardiysk","state":"Luganska","country":"Ukraine","postcode":86939,"coordinates":{"latitude":"74.5778","longitude":"44.0211"},"timezone":{"offset":"0:00","description":"Western Europe Time, London, Lisbon, Casablanca"}},"email":"lolya.fedoriv@example.com","login":{"uuid":"7e075587-d046-47d0-9ccd-35e7a65fc6ee","username":"ticklishduck408","password":"shot","salt":"aqzEZbYV","md5":"9618b8107505b4216b193fe9e4948af7","sha1":"b6879c42312dfc265130f8322b8ce597f987e993","sha256":"1c813299629d162a579bf1bf4123a7783295cc53887ee206bdb3e2687d2f2787"},"dob":{"date":"1997-04-13T06:01:00.997Z","age":26},"registered":{"date":"2012-02-13T14:49:15.559Z","age":12},"phone":"(096) I98-4880","cell":"(068) O56-5028","id":{"name":"","value":null},"picture":{"large":"https://randomuser.me/api/portraits/women/62.jpg","medium":"https://randomuser.me/api/portraits/med/women/62.jpg","thumbnail":"https://randomuser.me/api/portraits/thumb/women/62.jpg"},"nat":"UA"}],"info":{"seed":"6d869f1b43d2f0b8","results":1,"page":1,"version":"1.4"}} 
 </msg>
<msg time="2024-04-10T09:15:28.929432" level="INFO">/opt/hostedtoolcache/Python/3.12.2/x64/lib/python3.12/site-packages/urllib3/connectionpool.py:1103: InsecureRequestWarning: Unverified HTTPS request is being made to host 'randomuser.me'. Adding certificate verification is strongly advised. See: https://urllib3.readthedocs.io/en/latest/advanced-usage.html#tls-warnings
  warnings.warn(</msg>
<msg time="2024-04-10T09:15:28.929570" level="INFO">${response} = &lt;Response [200]&gt;</msg>
<var>${response}</var>
<arg>consultarAPI</arg>
<arg>/api</arg>
<doc>Sends a GET request on a previously created HTTP Session.</doc>
<status status="PASS" start="2024-04-10T09:15:28.846581" elapsed="0.083039"/>
</kw>
<kw name="Set Variable" owner="BuiltIn">
<msg time="2024-04-10T09:15:28.930512" level="INFO">${json_data} = {'results': [{'gender': 'female', 'name': {'title': 'Miss', 'first': 'Lolya', 'last': 'Fedoriv'}, 'location': {'street': {'number': 3736, 'name': 'Provulok Iermaka'}, 'city': 'Molodogvardiysk', 'state...</msg>
<var>${json_data}</var>
<arg>${response.json()}</arg>
<doc>Returns the given values which can then be assigned to a variables.</doc>
<status status="PASS" start="2024-04-10T09:15:28.930030" elapsed="0.000511"/>
</kw>
<kw name="Log" owner="BuiltIn">
<msg time="2024-04-10T09:15:28.931009" level="INFO">{'results': [{'gender': 'female', 'name': {'title': 'Miss', 'first': 'Lolya', 'last': 'Fedoriv'}, 'location': {'street': {'number': 3736, 'name': 'Provulok Iermaka'}, 'city': 'Molodogvardiysk', 'state': 'Luganska', 'country': 'Ukraine', 'postcode': 86939, 'coordinates': {'latitude': '74.5778', 'longitude': '44.0211'}, 'timezone': {'offset': '0:00', 'description': 'Western Europe Time, London, Lisbon, Casablanca'}}, 'email': 'lolya.fedoriv@example.com', 'login': {'uuid': '7e075587-d046-47d0-9ccd-35e7a65fc6ee', 'username': 'ticklishduck408', 'password': 'shot', 'salt': 'aqzEZbYV', 'md5': '9618b8107505b4216b193fe9e4948af7', 'sha1': 'b6879c42312dfc265130f8322b8ce597f987e993', 'sha256': '1c813299629d162a579bf1bf4123a7783295cc53887ee206bdb3e2687d2f2787'}, 'dob': {'date': '1997-04-13T06:01:00.997Z', 'age': 26}, 'registered': {'date': '2012-02-13T14:49:15.559Z', 'age': 12}, 'phone': '(096) I98-4880', 'cell': '(068) O56-5028', 'id': {'name': '', 'value': None}, 'picture': {'large': 'https://randomuser.me/api/portraits/women/62.jpg', 'medium': 'https://randomuser.me/api/portraits/med/women/62.jpg', 'thumbnail': 'https://randomuser.me/api/portraits/thumb/women/62.jpg'}, 'nat': 'UA'}], 'info': {'seed': '6d869f1b43d2f0b8', 'results': 1, 'page': 1, 'version': '1.4'}}</msg>
<arg>${json_data}</arg>
<doc>Logs the given message with the given level.</doc>
<status status="PASS" start="2024-04-10T09:15:28.930854" elapsed="0.000238"/>
</kw>
<kw name="Should Be String" owner="String">
<arg>${json_data['results'][0]['gender']}</arg>
<doc>Fails if the given ``item`` is not a string.</doc>
<status status="PASS" start="2024-04-10T09:15:28.931398" elapsed="0.000366"/>
</kw>
<kw name="Should Match Regexp" owner="BuiltIn">
<arg>${json_data['results'][0]['email']}</arg>
<arg>^[a-zA-Z0-9._%+-]+@[a-zA-Z0-9.-]+\.[a-zA-Z]{2,}$</arg>
<doc>Fails if ``string`` does not match ``pattern`` as a regular expression.</doc>
<status status="PASS" start="2024-04-10T09:15:28.931961" elapsed="0.000549"/>
</kw>
<kw name="Should Match Regexp" owner="BuiltIn">
<arg>${json_data['results'][0]['dob']['date']}</arg>
<arg>\\d{4}-\\d{2}-\\d{2}T\\d{2}:\\d{2}:\\d{2}\\.\\d{3}Z</arg>
<doc>Fails if ``string`` does not match ``pattern`` as a regular expression.</doc>
<status status="PASS" start="2024-04-10T09:15:28.932725" elapsed="0.000500"/>
</kw>
<kw name="Should Match Regexp" owner="BuiltIn">
<arg>${json_data['results'][0]['registered']['date']}</arg>
<arg>\\d{4}-\\d{2}-\\d{2}T\\d{2}:\\d{2}:\\d{2}\\.\\d{3}Z</arg>
<doc>Fails if ``string`` does not match ``pattern`` as a regular expression.</doc>
<status status="PASS" start="2024-04-10T09:15:28.933425" elapsed="0.000377"/>
</kw>
<kw name="Should Match Regexp" owner="BuiltIn">
<arg>${json_data['results'][0]['picture']['large']}</arg>
<arg>^https?://.*\.(?:png|jpe?g|gif|bmp)$</arg>
<doc>Fails if ``string`` does not match ``pattern`` as a regular expression.</doc>
<status status="PASS" start="2024-04-10T09:15:28.933990" elapsed="0.000458"/>
</kw>
<kw name="Should Match Regexp" owner="BuiltIn">
<arg>${json_data['results'][0]['picture']['medium']}</arg>
<arg>^https?://.*\.(?:png|jpe?g|gif|bmp)$</arg>
<doc>Fails if ``string`` does not match ``pattern`` as a regular expression.</doc>
<status status="PASS" start="2024-04-10T09:15:28.934638" elapsed="0.000360"/>
</kw>
<kw name="Should Match Regexp" owner="BuiltIn">
<arg>${json_data['results'][0]['picture']['thumbnail']}</arg>
<arg>^https?://.*\.(?:png|jpe?g|gif|bmp)$</arg>
<doc>Fails if ``string`` does not match ``pattern`` as a regular expression.</doc>
<status status="PASS" start="2024-04-10T09:15:28.935187" elapsed="0.000352"/>
</kw>
<kw name="Log" owner="BuiltIn">
<msg time="2024-04-10T09:15:28.936059" level="INFO">{'large': 'https://randomuser.me/api/portraits/women/62.jpg', 'medium': 'https://randomuser.me/api/portraits/med/women/62.jpg', 'thumbnail': 'https://randomuser.me/api/portraits/thumb/women/62.jpg'}</msg>
<arg>${json_data['results'][0]['picture']}</arg>
<doc>Logs the given message with the given level.</doc>
<status status="PASS" start="2024-04-10T09:15:28.935723" elapsed="0.000377"/>
</kw>
<status status="PASS" start="2024-04-10T09:15:28.846339" elapsed="0.090016"/>
</kw>
<kw name="Teste de Tipos de Dados - Postcode" owner="random-user-service">
<kw name="GET On Session" owner="RequestsLibrary">
<msg time="2024-04-10T09:15:29.556571" level="INFO">GET Request : url=https://randomuser.me/api 
 path_url=/api 
 headers={'User-Agent': 'python-requests/2.31.0', 'Accept-Encoding': 'gzip, deflate', 'Accept': '*/*', 'Connection': 'keep-alive'} 
 body=None 
 </msg>
<msg time="2024-04-10T09:15:29.556685" level="INFO">GET Response : url=https://randomuser.me/api 
 status=200, reason=OK 
 headers={'Date': 'Wed, 10 Apr 2024 09:15:29 GMT', 'Content-Type': 'application/json; charset=utf-8', 'Transfer-Encoding': 'chunked', 'Connection': 'keep-alive', 'X-Powered-By': 'Express', 'Access-Control-Allow-Origin': '*', 'Cache-Control': 'no-cache', 'ETag': 'W/"492-EcW9SczIQunXMpHJiofCFlsI3Lc"', 'Vary': 'Accept-Encoding', 'Content-Encoding': 'gzip', 'CF-Cache-Status': 'DYNAMIC', 'Report-To': '{"endpoints":[{"url":"https:\\/\\/a.nel.cloudflare.com\\/report\\/v4?s=Mv%2FhHXfhmCs3KpTTRXDUpHOOXz2xxm52BBVE8JDz2oUDM0g2gRx6Xu%2B9D%2Fg7ld3gBPIh6uOXmtClJQigmJ9%2F3mowpwgTUAOMRJGPGfwtENgBFc%2BeTVqKYOvqBTSgUdUv"}],"group":"cf-nel","max_age":604800}', 'NEL': '{"success_fraction":0,"report_to":"cf-nel","max_age":604800}', 'Server': 'cloudflare', 'CF-RAY': '8721a1f1ebb538a6-IAD', 'alt-svc': 'h3=":443"; ma=86400'} 
 body={"results":[{"gender":"female","name":{"title":"Mrs","first":"Eva","last":"Delgado"},"location":{"street":{"number":5219,"name":"Paseo de Extremadura"},"city":"Valencia","state":"Comunidad Valenciana","country":"Spain","postcode":13633,"coordinates":{"latitude":"-33.0476","longitude":"17.3421"},"timezone":{"offset":"+6:00","description":"Almaty, Dhaka, Colombo"}},"email":"eva.delgado@example.com","login":{"uuid":"539c8ee9-06ad-4d42-948d-de6ee84f3cdf","username":"smallsnake909","password":"lazarus","salt":"xP21rlft","md5":"dcb7835e8b98c66c04893b4ab8028ada","sha1":"3e1abe05e9da806ae2468f5c98d89d5817e2c424","sha256":"7371ecceb50cb35ee2383e0d3925927e03d91d59b28efbd0879b834f47c57f55"},"dob":{"date":"1968-12-23T21:54:27.520Z","age":55},"registered":{"date":"2020-01-15T16:18:51.916Z","age":4},"phone":"952-927-897","cell":"695-578-137","id":{"name":"DNI","value":"27673094-U"},"picture":{"large":"https://randomuser.me/api/portraits/women/87.jpg","medium":"https://randomuser.me/api/portraits/med/women/87.jpg","thumbnail":"https://randomuser.me/api/portraits/thumb/women/87.jpg"},"nat":"ES"}],"info":{"seed":"2b15b0b91be6fcc1","results":1,"page":1,"version":"1.4"}} 
 </msg>
<msg time="2024-04-10T09:15:29.556794" level="INFO">/opt/hostedtoolcache/Python/3.12.2/x64/lib/python3.12/site-packages/urllib3/connectionpool.py:1103: InsecureRequestWarning: Unverified HTTPS request is being made to host 'randomuser.me'. Adding certificate verification is strongly advised. See: https://urllib3.readthedocs.io/en/latest/advanced-usage.html#tls-warnings
  warnings.warn(</msg>
<msg time="2024-04-10T09:15:29.556944" level="INFO">${response} = &lt;Response [200]&gt;</msg>
<var>${response}</var>
<arg>consultarAPI</arg>
<arg>/api</arg>
<doc>Sends a GET request on a previously created HTTP Session.</doc>
<status status="PASS" start="2024-04-10T09:15:28.936870" elapsed="0.620118"/>
</kw>
<kw name="Set Variable" owner="BuiltIn">
<msg time="2024-04-10T09:15:29.558028" level="INFO">${json_data} = {'results': [{'gender': 'female', 'name': {'title': 'Mrs', 'first': 'Eva', 'last': 'Delgado'}, 'location': {'street': {'number': 5219, 'name': 'Paseo de Extremadura'}, 'city': 'Valencia', 'state': 'Co...</msg>
<var>${json_data}</var>
<arg>${response.json()}</arg>
<doc>Returns the given values which can then be assigned to a variables.</doc>
<status status="PASS" start="2024-04-10T09:15:29.557517" elapsed="0.000539"/>
</kw>
<kw name="Log" owner="BuiltIn">
<msg time="2024-04-10T09:15:29.558523" level="INFO">{'results': [{'gender': 'female', 'name': {'title': 'Mrs', 'first': 'Eva', 'last': 'Delgado'}, 'location': {'street': {'number': 5219, 'name': 'Paseo de Extremadura'}, 'city': 'Valencia', 'state': 'Comunidad Valenciana', 'country': 'Spain', 'postcode': 13633, 'coordinates': {'latitude': '-33.0476', 'longitude': '17.3421'}, 'timezone': {'offset': '+6:00', 'description': 'Almaty, Dhaka, Colombo'}}, 'email': 'eva.delgado@example.com', 'login': {'uuid': '539c8ee9-06ad-4d42-948d-de6ee84f3cdf', 'username': 'smallsnake909', 'password': 'lazarus', 'salt': 'xP21rlft', 'md5': 'dcb7835e8b98c66c04893b4ab8028ada', 'sha1': '3e1abe05e9da806ae2468f5c98d89d5817e2c424', 'sha256': '7371ecceb50cb35ee2383e0d3925927e03d91d59b28efbd0879b834f47c57f55'}, 'dob': {'date': '1968-12-23T21:54:27.520Z', 'age': 55}, 'registered': {'date': '2020-01-15T16:18:51.916Z', 'age': 4}, 'phone': '952-927-897', 'cell': '695-578-137', 'id': {'name': 'DNI', 'value': '27673094-U'}, 'picture': {'large': 'https://randomuser.me/api/portraits/women/87.jpg', 'medium': 'https://randomuser.me/api/portraits/med/women/87.jpg', 'thumbnail': 'https://randomuser.me/api/portraits/thumb/women/87.jpg'}, 'nat': 'ES'}], 'info': {'seed': '2b15b0b91be6fcc1', 'results': 1, 'page': 1, 'version': '1.4'}}</msg>
<arg>${json_data}</arg>
<doc>Logs the given message with the given level.</doc>
<status status="PASS" start="2024-04-10T09:15:29.558368" elapsed="0.000237"/>
</kw>
<kw name="Should Be Equal As Numbers" owner="BuiltIn">
<arg>${json_data['results'][0]['location']['postcode']}</arg>
<arg>${json_data['results'][0]['location']['postcode']}</arg>
<doc>Fails if objects are unequal after converting them to real numbers.</doc>
<status status="PASS" start="2024-04-10T09:15:29.558906" elapsed="0.000622"/>
</kw>
<kw name="Log" owner="BuiltIn">
<msg time="2024-04-10T09:15:29.560054" level="INFO">13633</msg>
<arg>${json_data['results'][0]['location']['postcode']}</arg>
<doc>Logs the given message with the given level.</doc>
<status status="PASS" start="2024-04-10T09:15:29.559721" elapsed="0.000373"/>
</kw>
<status status="PASS" start="2024-04-10T09:15:28.936623" elapsed="0.623730"/>
</kw>
<doc>Testa se os tipos de dados na resposta da API estão corretos.</doc>
<tag>testeTiposDados</tag>
<status status="PASS" start="2024-04-10T09:15:28.845788" elapsed="0.714780"/>
</test>
<test id="s1-s1-t5" name="Validar conteudo" line="35">
<kw name="Teste de Tipos de Conteudo" owner="random-user-service">
<kw name="GET On Session" owner="RequestsLibrary">
<msg time="2024-04-10T09:15:29.621692" level="INFO">GET Request : url=https://randomuser.me/api 
 path_url=/api 
 headers={'User-Agent': 'python-requests/2.31.0', 'Accept-Encoding': 'gzip, deflate', 'Accept': '*/*', 'Connection': 'keep-alive'} 
 body=None 
 </msg>
<msg time="2024-04-10T09:15:29.621776" level="INFO">GET Response : url=https://randomuser.me/api 
 status=200, reason=OK 
 headers={'Date': 'Wed, 10 Apr 2024 09:15:29 GMT', 'Content-Type': 'application/json; charset=utf-8', 'Transfer-Encoding': 'chunked', 'Connection': 'keep-alive', 'X-Powered-By': 'Express', 'Access-Control-Allow-Origin': '*', 'Cache-Control': 'no-cache', 'ETag': 'W/"4b6-C4uUDC/QLFWTOR7F+QwFVsWehdE"', 'Vary': 'Accept-Encoding', 'Content-Encoding': 'gzip', 'CF-Cache-Status': 'DYNAMIC', 'Report-To': '{"endpoints":[{"url":"https:\\/\\/a.nel.cloudflare.com\\/report\\/v4?s=xd41aQGjihqHAmix2zANMcVevRKDb%2BE6py9NOnyr54j8L%2BK%2Bl8uks8j6K3BmSZ7xc7w1h1NpSoylJTFQKMTY%2BnZi1lIulmiuFOHQsbM4MogwdsWvxNSN%2BoG0VTvA70sp"}],"group":"cf-nel","max_age":604800}', 'NEL': '{"success_fraction":0,"report_to":"cf-nel","max_age":604800}', 'Server': 'cloudflare', 'CF-RAY': '8721a1f5cec038a6-IAD', 'alt-svc': 'h3=":443"; ma=86400'} 
 body={"results":[{"gender":"female","name":{"title":"Miss","first":"Imaculada","last":"Silveira"},"location":{"street":{"number":4915,"name":"Rua São Jorge "},"city":"Aparecida de Goiânia","state":"Tocantins","country":"Brazil","postcode":40948,"coordinates":{"latitude":"-81.3630","longitude":"128.6300"},"timezone":{"offset":"+4:00","description":"Abu Dhabi, Muscat, Baku, Tbilisi"}},"email":"imaculada.silveira@example.com","login":{"uuid":"6f097b0f-5d2b-4e02-b95e-70fbf2158c08","username":"whiteladybug154","password":"footjob","salt":"1iS5aiSK","md5":"40ff09ba5691db6a534cfb13845e4687","sha1":"faa22e04b7682cbcef67550d9b8ad732a3bf162d","sha256":"c24b07316c6c92f92b462befd1e75ff978c4644549249e30484f9bc2b73ec247"},"dob":{"date":"1999-08-31T12:37:05.147Z","age":24},"registered":{"date":"2016-10-18T22:08:06.576Z","age":7},"phone":"(11) 3580-5589","cell":"(11) 9544-6646","id":{"name":"CPF","value":"445.604.682-20"},"picture":{"large":"https://randomuser.me/api/portraits/women/91.jpg","medium":"https://randomuser.me/api/portraits/med/women/91.jpg","thumbnail":"https://randomuser.me/api/portraits/thumb/women/91.jpg"},"nat":"BR"}],"info":{"seed":"e51e839ee1eed30a","results":1,"page":1,"version":"1.4"}} 
 </msg>
<msg time="2024-04-10T09:15:29.621857" level="INFO">/opt/hostedtoolcache/Python/3.12.2/x64/lib/python3.12/site-packages/urllib3/connectionpool.py:1103: InsecureRequestWarning: Unverified HTTPS request is being made to host 'randomuser.me'. Adding certificate verification is strongly advised. See: https://urllib3.readthedocs.io/en/latest/advanced-usage.html#tls-warnings
  warnings.warn(</msg>
<msg time="2024-04-10T09:15:29.621984" level="INFO">${response} = &lt;Response [200]&gt;</msg>
<var>${response}</var>
<arg>consultarAPI</arg>
<arg>/api</arg>
<doc>Sends a GET request on a previously created HTTP Session.</doc>
<status status="PASS" start="2024-04-10T09:15:29.563087" elapsed="0.058940"/>
</kw>
<kw name="Set Variable" owner="BuiltIn">
<msg time="2024-04-10T09:15:29.622917" level="INFO">${json_data} = {'results': [{'gender': 'female', 'name': {'title': 'Miss', 'first': 'Imaculada', 'last': 'Silveira'}, 'location': {'street': {'number': 4915, 'name': 'Rua São Jorge '}, 'city': 'Aparecida de Goiânia'...</msg>
<var>${json_data}</var>
<arg>${response.json()}</arg>
<doc>Returns the given values which can then be assigned to a variables.</doc>
<status status="PASS" start="2024-04-10T09:15:29.622427" elapsed="0.000519"/>
</kw>
<kw name="Set Variable" owner="BuiltIn">
<msg time="2024-04-10T09:15:29.623631" level="INFO">${name_title} = Miss</msg>
<var>${name_title}</var>
<arg>${json_data["results"][0]["name"]["title"]}</arg>
<doc>Returns the given values which can then be assigned to a variables.</doc>
<status status="PASS" start="2024-04-10T09:15:29.623251" elapsed="0.000405"/>
</kw>
<kw name="Create List" owner="BuiltIn">
<msg time="2024-04-10T09:15:29.624103" level="INFO">${allowed_titles} = ['Mr', 'Ms', 'Miss', 'Mrs', 'Madame', 'Monsieur']</msg>
<var>${allowed_titles}</var>
<arg>Mr</arg>
<arg>Ms</arg>
<arg>Miss</arg>
<arg>Mrs</arg>
<arg>Madame</arg>
<arg>Monsieur</arg>
<doc>Returns a list containing given items.</doc>
<status status="PASS" start="2024-04-10T09:15:29.623953" elapsed="0.000174"/>
</kw>
<kw name="List Should Contain Value" owner="Collections">
<msg time="2024-04-10T09:15:29.624645" level="INFO">False</msg>
<arg>${allowed_titles}</arg>
<arg>${name_title}</arg>
<doc>Fails if the ``value`` is not found from ``list``.</doc>
<status status="PASS" start="2024-04-10T09:15:29.624462" elapsed="0.000220"/>
</kw>
<kw name="Set Variable" owner="BuiltIn">
<msg time="2024-04-10T09:15:29.625352" level="INFO">${name_country} = BR</msg>
<var>${name_country}</var>
<arg>${json_data["results"][0]["nat"]}</arg>
<doc>Returns the given values which can then be assigned to a variables.</doc>
<status status="PASS" start="2024-04-10T09:15:29.624973" elapsed="0.000404"/>
</kw>
<kw name="Create List" owner="BuiltIn">
<msg time="2024-04-10T09:15:29.626287" level="INFO">${list_country} = ['AD', 'AE', 'AF', 'AG', 'AI', 'AL', 'AM', 'AO', 'AQ', 'AR', 'AS', 'AT', 'AU', 'AW', 'AX', 'AZ', 'BA', 'BB', 'BD', 'BE', 'BF', 'BG', 'BH', 'BI', 'BJ', 'BL', 'BM', 'BN', 'BO', 'BQ', 'BR', 'BS', 'BT', '...</msg>
<var>${list_country}</var>
<arg>AD</arg>
<arg>AE</arg>
<arg>AF</arg>
<arg>AG</arg>
<arg>AI</arg>
<arg>AL</arg>
<arg>AM</arg>
<arg>AO</arg>
<arg>AQ</arg>
<arg>AR</arg>
<arg>AS</arg>
<arg>AT</arg>
<arg>AU</arg>
<arg>AW</arg>
<arg>AX</arg>
<arg>AZ</arg>
<arg>BA</arg>
<arg>BB</arg>
<arg>BD</arg>
<arg>BE</arg>
<arg>BF</arg>
<arg>BG</arg>
<arg>BH</arg>
<arg>BI</arg>
<arg>BJ</arg>
<arg>BL</arg>
<arg>BM</arg>
<arg>BN</arg>
<arg>BO</arg>
<arg>BQ</arg>
<arg>BR</arg>
<arg>BS</arg>
<arg>BT</arg>
<arg>BV</arg>
<arg>BW</arg>
<arg>BY</arg>
<arg>BZ</arg>
<arg>CA</arg>
<arg>CC</arg>
<arg>CD</arg>
<arg>CF</arg>
<arg>CG</arg>
<arg>CH</arg>
<arg>CI</arg>
<arg>CK</arg>
<arg>CL</arg>
<arg>CM</arg>
<arg>CN</arg>
<arg>CO</arg>
<arg>CR</arg>
<arg>CU</arg>
<arg>CV</arg>
<arg>CW</arg>
<arg>CX</arg>
<arg>CY</arg>
<arg>CZ</arg>
<arg>DE</arg>
<arg>DJ</arg>
<arg>DK</arg>
<arg>DM</arg>
<arg>DO</arg>
<arg>DZ</arg>
<arg>EC</arg>
<arg>EE</arg>
<arg>EG</arg>
<arg>EH</arg>
<arg>ER</arg>
<arg>ES</arg>
<arg>ET</arg>
<arg>FI</arg>
<arg>FJ</arg>
<arg>FK</arg>
<arg>FM</arg>
<arg>FO</arg>
<arg>FR</arg>
<arg>GA</arg>
<arg>GB</arg>
<arg>GD</arg>
<arg>GE</arg>
<arg>GF</arg>
<arg>GG</arg>
<arg>GH</arg>
<arg>GI</arg>
<arg>GL</arg>
<arg>GM</arg>
<arg>GN</arg>
<arg>GP</arg>
<arg>GQ</arg>
<arg>GR</arg>
<arg>GS</arg>
<arg>GT</arg>
<arg>GU</arg>
<arg>GW</arg>
<arg>GY</arg>
<arg>HK</arg>
<arg>HM</arg>
<arg>HN</arg>
<arg>HR</arg>
<arg>HT</arg>
<arg>HU</arg>
<arg>ID</arg>
<arg>IE</arg>
<arg>IL</arg>
<arg>IM</arg>
<arg>IN</arg>
<arg>IO</arg>
<arg>IQ</arg>
<arg>IR</arg>
<arg>IS</arg>
<arg>IT</arg>
<arg>JE</arg>
<arg>JM</arg>
<arg>JO</arg>
<arg>JP</arg>
<arg>KE</arg>
<arg>KG</arg>
<arg>KH</arg>
<arg>KI</arg>
<arg>KM</arg>
<arg>KN</arg>
<arg>KP</arg>
<arg>KR</arg>
<arg>KW</arg>
<arg>KY</arg>
<arg>KZ</arg>
<arg>LA</arg>
<arg>LB</arg>
<arg>LC</arg>
<arg>LI</arg>
<arg>LK</arg>
<arg>LR</arg>
<arg>LS</arg>
<arg>LT</arg>
<arg>LU</arg>
<arg>LV</arg>
<arg>LY</arg>
<arg>MA</arg>
<arg>MC</arg>
<arg>MD</arg>
<arg>ME</arg>
<arg>MF</arg>
<arg>MG</arg>
<arg>MH</arg>
<arg>MK</arg>
<arg>ML</arg>
<arg>MM</arg>
<arg>MN</arg>
<arg>MO</arg>
<arg>MP</arg>
<arg>MQ</arg>
<arg>MR</arg>
<arg>MS</arg>
<arg>MT</arg>
<arg>MU</arg>
<arg>MV</arg>
<arg>MW</arg>
<arg>MX</arg>
<arg>MY</arg>
<arg>MZ</arg>
<arg>NA</arg>
<arg>NC</arg>
<arg>NE</arg>
<arg>NF</arg>
<arg>NG</arg>
<arg>NI</arg>
<arg>NL</arg>
<arg>NO</arg>
<arg>NP</arg>
<arg>NR</arg>
<arg>NU</arg>
<arg>NZ</arg>
<arg>OM</arg>
<arg>PA</arg>
<arg>PE</arg>
<arg>PF</arg>
<arg>PG</arg>
<arg>PH</arg>
<arg>PK</arg>
<arg>PL</arg>
<arg>PM</arg>
<arg>PN</arg>
<arg>PR</arg>
<arg>PS</arg>
<arg>PT</arg>
<arg>PW</arg>
<arg>PY</arg>
<arg>QA</arg>
<arg>RE</arg>
<arg>RO</arg>
<arg>RS</arg>
<arg>RU</arg>
<arg>RW</arg>
<arg>SA</arg>
<arg>SB</arg>
<arg>SC</arg>
<arg>SD</arg>
<arg>SE</arg>
<arg>SG</arg>
<arg>SH</arg>
<arg>SI</arg>
<arg>SJ</arg>
<arg>SK</arg>
<arg>SL</arg>
<arg>SM</arg>
<arg>SN</arg>
<arg>SO</arg>
<arg>SR</arg>
<arg>SS</arg>
<arg>ST</arg>
<arg>SV</arg>
<arg>SX</arg>
<arg>SY</arg>
<arg>SZ</arg>
<arg>TC</arg>
<arg>TD</arg>
<arg>TF</arg>
<arg>TG</arg>
<arg>TH</arg>
<arg>TJ</arg>
<arg>TK</arg>
<arg>TL</arg>
<arg>TM</arg>
<arg>TN</arg>
<arg>TO</arg>
<arg>TR</arg>
<arg>TT</arg>
<arg>TV</arg>
<arg>TW</arg>
<arg>TZ</arg>
<arg>UA</arg>
<arg>UG</arg>
<arg>UM</arg>
<arg>US</arg>
<arg>UY</arg>
<arg>UZ</arg>
<arg>VA</arg>
<arg>VC</arg>
<arg>VE</arg>
<arg>VG</arg>
<arg>VI</arg>
<arg>VN</arg>
<arg>VU</arg>
<arg>WF</arg>
<arg>WS</arg>
<arg>XK</arg>
<arg>YE</arg>
<arg>YT</arg>
<arg>ZA</arg>
<arg>ZM</arg>
<arg>ZW</arg>
<doc>Returns a list containing given items.</doc>
<status status="PASS" start="2024-04-10T09:15:29.625684" elapsed="0.000628"/>
</kw>
<kw name="List Should Contain Value" owner="Collections">
<msg time="2024-04-10T09:15:29.627297" level="INFO">False</msg>
<arg>${list_country}</arg>
<arg>${name_country}</arg>
<doc>Fails if the ``value`` is not found from ``list``.</doc>
<status status="PASS" start="2024-04-10T09:15:29.627098" elapsed="0.000236"/>
</kw>
<kw name="Run Keyword If" owner="BuiltIn">
<kw name="Should Be True" owner="BuiltIn">
<arg>${True}</arg>
<doc>Fails if the given condition is not true.</doc>
<status status="PASS" start="2024-04-10T09:15:29.628545" elapsed="0.000146"/>
</kw>
<arg>${json_data["results"][0]["location"]["coordinates"]["latitude"]} &gt;= -90 and ${json_data["results"][0]["location"]["coordinates"]["latitude"]} &lt;= 90</arg>
<arg>Should Be True</arg>
<arg>${True}</arg>
<doc>Runs the given keyword with the given arguments, if ``condition`` is true.</doc>
<status status="PASS" start="2024-04-10T09:15:29.627640" elapsed="0.001182"/>
</kw>
<kw name="Run Keyword If" owner="BuiltIn">
<kw name="Should Be True" owner="BuiltIn">
<arg>${True}</arg>
<doc>Fails if the given condition is not true.</doc>
<status status="PASS" start="2024-04-10T09:15:29.629711" elapsed="0.000144"/>
</kw>
<arg>${json_data["results"][0]["location"]["coordinates"]["longitude"]} &gt;= -180 and ${json_data["results"][0]["location"]["coordinates"]["longitude"]} &lt;= 180</arg>
<arg>Should Be True</arg>
<arg>${True}</arg>
<doc>Runs the given keyword with the given arguments, if ``condition`` is true.</doc>
<status status="PASS" start="2024-04-10T09:15:29.629011" elapsed="0.000970"/>
</kw>
<status status="PASS" start="2024-04-10T09:15:29.562857" elapsed="0.067253"/>
</kw>
<doc>Testa o conteúdo específico dos campos retornados pela API.</doc>
<tag>testeConteudo</tag>
<status status="PASS" start="2024-04-10T09:15:29.562304" elapsed="0.067954"/>
</test>
<status status="PASS" start="2024-04-10T09:15:28.331489" elapsed="1.300689"/>
</suite>
<status status="PASS" start="2024-04-10T09:15:28.317415" elapsed="1.320128"/>
</suite>
<statistics>
<total>
<stat pass="5" fail="0" skip="0">All Tests</stat>
</total>
<tag>
<stat pass="1" fail="0" skip="0">testeConteudo</stat>
<stat pass="1" fail="0" skip="0">testeEstruturaResposta</stat>
<stat pass="1" fail="0" skip="0">testeRequisicaoBasica</stat>
<stat pass="1" fail="0" skip="0">testeTiposDados</stat>
</tag>
<suite>
<stat pass="5" fail="0" skip="0" id="s1" name="Tests">Tests</stat>
<stat pass="5" fail="0" skip="0" id="s1-s1" name="Random-User-Test">Tests.Random-User-Test</stat>
</suite>
</statistics>
<errors>
</errors>
</robot>
