<?xml version="1.0" encoding="UTF-8"?>
<robot generator="Robot 7.0 (Python 3.12.2 on linux)" generated="2024-03-22T08:17:04.711485" rpa="false" schemaversion="5">
<suite id="s1" name="Tests" source="/home/runner/work/DesafioQAItauRogerioJordao/DesafioQAItauRogerioJordao/RamdonUser/tests">
<suite id="s1-s1" name="Random-User-Test" source="/home/runner/work/DesafioQAItauRogerioJordao/DesafioQAItauRogerioJordao/RamdonUser/tests/random-user-test.robot">
<test id="s1-s1-t1" name="Conectar" line="13">
<kw name="Conectar API" owner="random-user-service">
<kw name="Create Session" owner="RequestsLibrary">
<msg time="2024-03-22T08:17:05.058000" level="INFO">Creating Session using : alias=consultarAPI, url=https://randomuser.me/, headers={},                     cookies={}, auth=None, timeout=None, proxies=None, verify=False,                     debug=0 </msg>
<arg>consultarAPI</arg>
<arg>${URL}</arg>
<doc>Create Session: create a HTTP session to a server</doc>
<status status="PASS" start="2024-03-22T08:17:05.057802" elapsed="0.000364"/>
</kw>
<status status="PASS" start="2024-03-22T08:17:05.056798" elapsed="0.001725"/>
</kw>
<status status="PASS" start="2024-03-22T08:17:05.056194" elapsed="0.002571"/>
</test>
<test id="s1-s1-t2" name="Validar retorno 200 e JSON Válido" line="16">
<kw name="Teste de Requisicao Basica" owner="random-user-service">
<kw name="GET On Session" owner="RequestsLibrary">
<msg time="2024-03-22T08:17:05.144907" level="INFO">GET Request : url=https://randomuser.me/api 
 path_url=/api 
 headers={'User-Agent': 'python-requests/2.31.0', 'Accept-Encoding': 'gzip, deflate', 'Accept': '*/*', 'Connection': 'keep-alive'} 
 body=None 
 </msg>
<msg time="2024-03-22T08:17:05.145038" level="INFO">GET Response : url=https://randomuser.me/api 
 status=200, reason=OK 
 headers={'Date': 'Fri, 22 Mar 2024 08:17:05 GMT', 'Content-Type': 'application/json; charset=utf-8', 'Transfer-Encoding': 'chunked', 'Connection': 'keep-alive', 'X-Powered-By': 'Express', 'Access-Control-Allow-Origin': '*', 'Cache-Control': 'no-cache', 'ETag': 'W/"46d-d6H8dHOvp/0rY6niIVdMe65LojU"', 'Vary': 'Accept-Encoding', 'Content-Encoding': 'gzip', 'CF-Cache-Status': 'DYNAMIC', 'Report-To': '{"endpoints":[{"url":"https:\\/\\/a.nel.cloudflare.com\\/report\\/v4?s=uiD6xiPzLhoXBsaBVKtDswUXyTiOywXNZ8t9kkeYbBLHZpCQJyvj5hg9dyWuNxNCCZWcivD6P2s1ppkFeH310ows8ju6HpJzac16952PaLVDZap%2B2hRyAcqSO%2FSyvvUV"}],"group":"cf-nel","max_age":604800}', 'NEL': '{"success_fraction":0,"report_to":"cf-nel","max_age":604800}', 'Server': 'cloudflare', 'CF-RAY': '8684be46d85b3b23-IAD', 'alt-svc': 'h3=":443"; ma=86400'} 
 body={"results":[{"gender":"male","name":{"title":"Mr","first":"Daniel","last":"Zhang"},"location":{"street":{"number":4963,"name":"Universal Drive"},"city":"Hamilton","state":"Auckland","country":"New Zealand","postcode":68908,"coordinates":{"latitude":"53.0023","longitude":"-142.9811"},"timezone":{"offset":"+5:45","description":"Kathmandu"}},"email":"daniel.zhang@example.com","login":{"uuid":"4fc7e40a-5583-487f-92cd-35cffde7d62a","username":"smallswan309","password":"beetle","salt":"uxGoFC9u","md5":"f8c0b408115b789269841a1d7e0a28fc","sha1":"4f7cc83cc4b71ac982bc4b6901354b730a3e7f0d","sha256":"5b6a0bd858e18f77c0579dc301b45de3292438f8b929704b326ad0bb045c6cff"},"dob":{"date":"1962-08-28T05:42:08.410Z","age":61},"registered":{"date":"2017-06-23T11:04:25.619Z","age":6},"phone":"(988)-483-1618","cell":"(229)-117-7990","id":{"name":"","value":null},"picture":{"large":"https://randomuser.me/api/portraits/men/97.jpg","medium":"https://randomuser.me/api/portraits/med/men/97.jpg","thumbnail":"https://randomuser.me/api/portraits/thumb/men/97.jpg"},"nat":"NZ"}],"info":{"seed":"9e7c7f42ddacb206","results":1,"page":1,"version":"1.4"}} 
 </msg>
<msg time="2024-03-22T08:17:05.145156" level="INFO">/opt/hostedtoolcache/Python/3.12.2/x64/lib/python3.12/site-packages/urllib3/connectionpool.py:1103: InsecureRequestWarning: Unverified HTTPS request is being made to host 'randomuser.me'. Adding certificate verification is strongly advised. See: https://urllib3.readthedocs.io/en/latest/advanced-usage.html#tls-warnings
  warnings.warn(</msg>
<msg time="2024-03-22T08:17:05.145326" level="INFO">${response} = &lt;Response [200]&gt;</msg>
<var>${response}</var>
<arg>consultarAPI</arg>
<arg>/api</arg>
<doc>Sends a GET request on a previously created HTTP Session.</doc>
<status status="PASS" start="2024-03-22T08:17:05.061396" elapsed="0.083990"/>
</kw>
<kw name="Should Be Equal As Numbers" owner="BuiltIn">
<msg time="2024-03-22T08:17:05.146214" level="INFO">Argument types are:
&lt;class 'int'&gt;
&lt;class 'str'&gt;</msg>
<arg>${response.status_code}</arg>
<arg>200</arg>
<doc>Fails if objects are unequal after converting them to real numbers.</doc>
<status status="PASS" start="2024-03-22T08:17:05.145809" elapsed="0.000467"/>
</kw>
<kw name="Log" owner="BuiltIn">
<msg time="2024-03-22T08:17:05.147007" level="INFO">200</msg>
<arg>${response.status_code}</arg>
<doc>Logs the given message with the given level.</doc>
<status status="PASS" start="2024-03-22T08:17:05.146600" elapsed="0.000451"/>
</kw>
<kw name="Set Variable" owner="BuiltIn">
<msg time="2024-03-22T08:17:05.147819" level="INFO">${json_data} = {'results': [{'gender': 'male', 'name': {'title': 'Mr', 'first': 'Daniel', 'last': 'Zhang'}, 'location': {'street': {'number': 4963, 'name': 'Universal Drive'}, 'city': 'Hamilton', 'state': 'Auckland'...</msg>
<var>${json_data}</var>
<arg>${response.json()}</arg>
<doc>Returns the given values which can then be assigned to a variables.</doc>
<status status="PASS" start="2024-03-22T08:17:05.147387" elapsed="0.000461"/>
</kw>
<kw name="Dictionary Should Contain Key" owner="Collections">
<msg time="2024-03-22T08:17:05.148314" level="INFO">False</msg>
<arg>${json_data}</arg>
<arg>results</arg>
<doc>Fails if ``key`` is not found from ``dictionary``.</doc>
<status status="PASS" start="2024-03-22T08:17:05.148150" elapsed="0.000202"/>
</kw>
<status status="PASS" start="2024-03-22T08:17:05.061141" elapsed="0.087462"/>
</kw>
<doc>Testa se a API responde corretamente e retorna um objeto JSON válido.</doc>
<tag>testeRequisicaoBasica</tag>
<status status="PASS" start="2024-03-22T08:17:05.060579" elapsed="0.088197"/>
</test>
<test id="s1-s1-t3" name="Validar estrutura de resposta" line="22">
<kw name="Teste de Estrutura de Resposta" owner="random-user-service">
<kw name="GET On Session" owner="RequestsLibrary">
<msg time="2024-03-22T08:17:05.231885" level="INFO">GET Request : url=https://randomuser.me/api 
 path_url=/api 
 headers={'User-Agent': 'python-requests/2.31.0', 'Accept-Encoding': 'gzip, deflate', 'Accept': '*/*', 'Connection': 'keep-alive'} 
 body=None 
 </msg>
<msg time="2024-03-22T08:17:05.231954" level="INFO">GET Response : url=https://randomuser.me/api 
 status=200, reason=OK 
 headers={'Date': 'Fri, 22 Mar 2024 08:17:05 GMT', 'Content-Type': 'application/json; charset=utf-8', 'Transfer-Encoding': 'chunked', 'Connection': 'keep-alive', 'X-Powered-By': 'Express', 'Access-Control-Allow-Origin': '*', 'Cache-Control': 'no-cache', 'ETag': 'W/"48b-Hfc87dwiUgOuoHq45xg5JwrrFFA"', 'Vary': 'Accept-Encoding', 'Content-Encoding': 'gzip', 'CF-Cache-Status': 'DYNAMIC', 'Report-To': '{"endpoints":[{"url":"https:\\/\\/a.nel.cloudflare.com\\/report\\/v4?s=zQhYrbNxbzKlruWxpbTKgUdhOuaVwfAsSgh0ruAQQoW5xChhF4tlGTPwuarddvBzCpK4KXUCkY5ALvXLl%2B%2FxQTeUzsHUk93kt%2BK72A3RYvs%2F8vhfp3Rlz21TPi0FddAW"}],"group":"cf-nel","max_age":604800}', 'NEL': '{"success_fraction":0,"report_to":"cf-nel","max_age":604800}', 'Server': 'cloudflare', 'CF-RAY': '8684be4728a63b23-IAD', 'alt-svc': 'h3=":443"; ma=86400'} 
 body={"results":[{"gender":"male","name":{"title":"Mr","first":"Radan","last":"Bernackiy"},"location":{"street":{"number":3145,"name":"Maykopska"},"city":"Noviy Kaliniv","state":"Vinnicka","country":"Ukraine","postcode":96205,"coordinates":{"latitude":"76.9103","longitude":"-142.5461"},"timezone":{"offset":"+10:00","description":"Eastern Australia, Guam, Vladivostok"}},"email":"radan.bernackiy@example.com","login":{"uuid":"b1f5891f-8a69-4493-b6ea-307db42a013b","username":"tinymouse294","password":"gentle","salt":"FOyJsLnC","md5":"226863315d0de4482e69c43537f94819","sha1":"02a0107fb559502f29176b9fa5b00c6e32de2022","sha256":"61abdceec3268bbcd0330388024adfac31994f155fd114e552eeafc53b99b5b6"},"dob":{"date":"1946-10-02T20:08:43.915Z","age":77},"registered":{"date":"2011-02-03T05:51:46.726Z","age":13},"phone":"(097) I16-0127","cell":"(066) F71-9793","id":{"name":"","value":null},"picture":{"large":"https://randomuser.me/api/portraits/men/85.jpg","medium":"https://randomuser.me/api/portraits/med/men/85.jpg","thumbnail":"https://randomuser.me/api/portraits/thumb/men/85.jpg"},"nat":"UA"}],"info":{"seed":"777b9eea188a55a6","results":1,"page":1,"version":"1.4"}} 
 </msg>
<msg time="2024-03-22T08:17:05.232062" level="INFO">/opt/hostedtoolcache/Python/3.12.2/x64/lib/python3.12/site-packages/urllib3/connectionpool.py:1103: InsecureRequestWarning: Unverified HTTPS request is being made to host 'randomuser.me'. Adding certificate verification is strongly advised. See: https://urllib3.readthedocs.io/en/latest/advanced-usage.html#tls-warnings
  warnings.warn(</msg>
<msg time="2024-03-22T08:17:05.232179" level="INFO">${response} = &lt;Response [200]&gt;</msg>
<var>${response}</var>
<arg>consultarAPI</arg>
<arg>/api</arg>
<doc>Sends a GET request on a previously created HTTP Session.</doc>
<status status="PASS" start="2024-03-22T08:17:05.151547" elapsed="0.080671"/>
</kw>
<kw name="Set Variable" owner="BuiltIn">
<msg time="2024-03-22T08:17:05.233038" level="INFO">${json_data} = {'results': [{'gender': 'male', 'name': {'title': 'Mr', 'first': 'Radan', 'last': 'Bernackiy'}, 'location': {'street': {'number': 3145, 'name': 'Maykopska'}, 'city': 'Noviy Kaliniv', 'state': 'Vinnick...</msg>
<var>${json_data}</var>
<arg>${response.json()}</arg>
<doc>Returns the given values which can then be assigned to a variables.</doc>
<status status="PASS" start="2024-03-22T08:17:05.232591" elapsed="0.000475"/>
</kw>
<kw name="Log" owner="BuiltIn">
<msg time="2024-03-22T08:17:05.233538" level="INFO">{'results': [{'gender': 'male', 'name': {'title': 'Mr', 'first': 'Radan', 'last': 'Bernackiy'}, 'location': {'street': {'number': 3145, 'name': 'Maykopska'}, 'city': 'Noviy Kaliniv', 'state': 'Vinnicka', 'country': 'Ukraine', 'postcode': 96205, 'coordinates': {'latitude': '76.9103', 'longitude': '-142.5461'}, 'timezone': {'offset': '+10:00', 'description': 'Eastern Australia, Guam, Vladivostok'}}, 'email': 'radan.bernackiy@example.com', 'login': {'uuid': 'b1f5891f-8a69-4493-b6ea-307db42a013b', 'username': 'tinymouse294', 'password': 'gentle', 'salt': 'FOyJsLnC', 'md5': '226863315d0de4482e69c43537f94819', 'sha1': '02a0107fb559502f29176b9fa5b00c6e32de2022', 'sha256': '61abdceec3268bbcd0330388024adfac31994f155fd114e552eeafc53b99b5b6'}, 'dob': {'date': '1946-10-02T20:08:43.915Z', 'age': 77}, 'registered': {'date': '2011-02-03T05:51:46.726Z', 'age': 13}, 'phone': '(097) I16-0127', 'cell': '(066) F71-9793', 'id': {'name': '', 'value': None}, 'picture': {'large': 'https://randomuser.me/api/portraits/men/85.jpg', 'medium': 'https://randomuser.me/api/portraits/med/men/85.jpg', 'thumbnail': 'https://randomuser.me/api/portraits/thumb/men/85.jpg'}, 'nat': 'UA'}], 'info': {'seed': '777b9eea188a55a6', 'results': 1, 'page': 1, 'version': '1.4'}}</msg>
<arg>${json_data}</arg>
<doc>Logs the given message with the given level.</doc>
<status status="PASS" start="2024-03-22T08:17:05.233381" elapsed="0.000204"/>
</kw>
<kw name="Dictionary Should Contain Key" owner="Collections">
<msg time="2024-03-22T08:17:05.234036" level="INFO">False</msg>
<arg>${json_data}</arg>
<arg>results</arg>
<doc>Fails if ``key`` is not found from ``dictionary``.</doc>
<status status="PASS" start="2024-03-22T08:17:05.233885" elapsed="0.000189"/>
</kw>
<kw name="Should Not Be Empty" owner="BuiltIn">
<msg time="2024-03-22T08:17:05.234503" level="INFO">Length is 2.</msg>
<arg>${json_data}</arg>
<doc>Verifies that the given item is not empty.</doc>
<status status="PASS" start="2024-03-22T08:17:05.234371" elapsed="0.000171"/>
</kw>
<kw name="Create List" owner="BuiltIn">
<msg time="2024-03-22T08:17:05.235027" level="INFO">${expected_keys} = ['gender', 'name', 'location', 'email', 'login']</msg>
<var>${expected_keys}</var>
<arg>gender</arg>
<arg>name</arg>
<arg>location</arg>
<arg>email</arg>
<arg>login</arg>
<doc>Returns a list containing given items.</doc>
<status status="PASS" start="2024-03-22T08:17:05.234876" elapsed="0.000175"/>
</kw>
<for flavor="IN">
<iter>
<kw name="Dictionary Should Contain Key" owner="Collections">
<msg time="2024-03-22T08:17:05.236033" level="INFO">False</msg>
<arg>${json_data['results'][0]}</arg>
<arg>${key}</arg>
<doc>Fails if ``key`` is not found from ``dictionary``.</doc>
<status status="PASS" start="2024-03-22T08:17:05.235630" elapsed="0.000443"/>
</kw>
<kw name="Log" owner="BuiltIn">
<msg time="2024-03-22T08:17:05.236743" level="INFO">{'gender': 'male', 'name': {'title': 'Mr', 'first': 'Radan', 'last': 'Bernackiy'}, 'location': {'street': {'number': 3145, 'name': 'Maykopska'}, 'city': 'Noviy Kaliniv', 'state': 'Vinnicka', 'country': 'Ukraine', 'postcode': 96205, 'coordinates': {'latitude': '76.9103', 'longitude': '-142.5461'}, 'timezone': {'offset': '+10:00', 'description': 'Eastern Australia, Guam, Vladivostok'}}, 'email': 'radan.bernackiy@example.com', 'login': {'uuid': 'b1f5891f-8a69-4493-b6ea-307db42a013b', 'username': 'tinymouse294', 'password': 'gentle', 'salt': 'FOyJsLnC', 'md5': '226863315d0de4482e69c43537f94819', 'sha1': '02a0107fb559502f29176b9fa5b00c6e32de2022', 'sha256': '61abdceec3268bbcd0330388024adfac31994f155fd114e552eeafc53b99b5b6'}, 'dob': {'date': '1946-10-02T20:08:43.915Z', 'age': 77}, 'registered': {'date': '2011-02-03T05:51:46.726Z', 'age': 13}, 'phone': '(097) I16-0127', 'cell': '(066) F71-9793', 'id': {'name': '', 'value': None}, 'picture': {'large': 'https://randomuser.me/api/portraits/men/85.jpg', 'medium': 'https://randomuser.me/api/portraits/med/men/85.jpg', 'thumbnail': 'https://randomuser.me/api/portraits/thumb/men/85.jpg'}, 'nat': 'UA'}</msg>
<arg>${json_data['results'][0]}</arg>
<doc>Logs the given message with the given level.</doc>
<status status="PASS" start="2024-03-22T08:17:05.236381" elapsed="0.000415"/>
</kw>
<kw name="Log" owner="BuiltIn">
<msg time="2024-03-22T08:17:05.237232" level="INFO">gender</msg>
<arg>${key}</arg>
<doc>Logs the given message with the given level.</doc>
<status status="PASS" start="2024-03-22T08:17:05.237101" elapsed="0.000169"/>
</kw>
<var name="${key}">gender</var>
<status status="PASS" start="2024-03-22T08:17:05.235500" elapsed="0.001995"/>
</iter>
<iter>
<kw name="Dictionary Should Contain Key" owner="Collections">
<msg time="2024-03-22T08:17:05.238190" level="INFO">False</msg>
<arg>${json_data['results'][0]}</arg>
<arg>${key}</arg>
<doc>Fails if ``key`` is not found from ``dictionary``.</doc>
<status status="PASS" start="2024-03-22T08:17:05.237803" elapsed="0.000425"/>
</kw>
<kw name="Log" owner="BuiltIn">
<msg time="2024-03-22T08:17:05.238964" level="INFO">{'gender': 'male', 'name': {'title': 'Mr', 'first': 'Radan', 'last': 'Bernackiy'}, 'location': {'street': {'number': 3145, 'name': 'Maykopska'}, 'city': 'Noviy Kaliniv', 'state': 'Vinnicka', 'country': 'Ukraine', 'postcode': 96205, 'coordinates': {'latitude': '76.9103', 'longitude': '-142.5461'}, 'timezone': {'offset': '+10:00', 'description': 'Eastern Australia, Guam, Vladivostok'}}, 'email': 'radan.bernackiy@example.com', 'login': {'uuid': 'b1f5891f-8a69-4493-b6ea-307db42a013b', 'username': 'tinymouse294', 'password': 'gentle', 'salt': 'FOyJsLnC', 'md5': '226863315d0de4482e69c43537f94819', 'sha1': '02a0107fb559502f29176b9fa5b00c6e32de2022', 'sha256': '61abdceec3268bbcd0330388024adfac31994f155fd114e552eeafc53b99b5b6'}, 'dob': {'date': '1946-10-02T20:08:43.915Z', 'age': 77}, 'registered': {'date': '2011-02-03T05:51:46.726Z', 'age': 13}, 'phone': '(097) I16-0127', 'cell': '(066) F71-9793', 'id': {'name': '', 'value': None}, 'picture': {'large': 'https://randomuser.me/api/portraits/men/85.jpg', 'medium': 'https://randomuser.me/api/portraits/med/men/85.jpg', 'thumbnail': 'https://randomuser.me/api/portraits/thumb/men/85.jpg'}, 'nat': 'UA'}</msg>
<arg>${json_data['results'][0]}</arg>
<doc>Logs the given message with the given level.</doc>
<status status="PASS" start="2024-03-22T08:17:05.238561" elapsed="0.000451"/>
</kw>
<kw name="Log" owner="BuiltIn">
<msg time="2024-03-22T08:17:05.239447" level="INFO">name</msg>
<arg>${key}</arg>
<doc>Logs the given message with the given level.</doc>
<status status="PASS" start="2024-03-22T08:17:05.239317" elapsed="0.000168"/>
</kw>
<var name="${key}">name</var>
<status status="PASS" start="2024-03-22T08:17:05.237687" elapsed="0.002018"/>
</iter>
<iter>
<kw name="Dictionary Should Contain Key" owner="Collections">
<msg time="2024-03-22T08:17:05.240376" level="INFO">False</msg>
<arg>${json_data['results'][0]}</arg>
<arg>${key}</arg>
<doc>Fails if ``key`` is not found from ``dictionary``.</doc>
<status status="PASS" start="2024-03-22T08:17:05.240001" elapsed="0.000414"/>
</kw>
<kw name="Log" owner="BuiltIn">
<msg time="2024-03-22T08:17:05.241079" level="INFO">{'gender': 'male', 'name': {'title': 'Mr', 'first': 'Radan', 'last': 'Bernackiy'}, 'location': {'street': {'number': 3145, 'name': 'Maykopska'}, 'city': 'Noviy Kaliniv', 'state': 'Vinnicka', 'country': 'Ukraine', 'postcode': 96205, 'coordinates': {'latitude': '76.9103', 'longitude': '-142.5461'}, 'timezone': {'offset': '+10:00', 'description': 'Eastern Australia, Guam, Vladivostok'}}, 'email': 'radan.bernackiy@example.com', 'login': {'uuid': 'b1f5891f-8a69-4493-b6ea-307db42a013b', 'username': 'tinymouse294', 'password': 'gentle', 'salt': 'FOyJsLnC', 'md5': '226863315d0de4482e69c43537f94819', 'sha1': '02a0107fb559502f29176b9fa5b00c6e32de2022', 'sha256': '61abdceec3268bbcd0330388024adfac31994f155fd114e552eeafc53b99b5b6'}, 'dob': {'date': '1946-10-02T20:08:43.915Z', 'age': 77}, 'registered': {'date': '2011-02-03T05:51:46.726Z', 'age': 13}, 'phone': '(097) I16-0127', 'cell': '(066) F71-9793', 'id': {'name': '', 'value': None}, 'picture': {'large': 'https://randomuser.me/api/portraits/men/85.jpg', 'medium': 'https://randomuser.me/api/portraits/med/men/85.jpg', 'thumbnail': 'https://randomuser.me/api/portraits/thumb/men/85.jpg'}, 'nat': 'UA'}</msg>
<arg>${json_data['results'][0]}</arg>
<doc>Logs the given message with the given level.</doc>
<status status="PASS" start="2024-03-22T08:17:05.240716" elapsed="0.000416"/>
</kw>
<kw name="Log" owner="BuiltIn">
<msg time="2024-03-22T08:17:05.241560" level="INFO">location</msg>
<arg>${key}</arg>
<doc>Logs the given message with the given level.</doc>
<status status="PASS" start="2024-03-22T08:17:05.241428" elapsed="0.000171"/>
</kw>
<var name="${key}">location</var>
<status status="PASS" start="2024-03-22T08:17:05.239887" elapsed="0.001931"/>
</iter>
<iter>
<kw name="Dictionary Should Contain Key" owner="Collections">
<msg time="2024-03-22T08:17:05.242478" level="INFO">False</msg>
<arg>${json_data['results'][0]}</arg>
<arg>${key}</arg>
<doc>Fails if ``key`` is not found from ``dictionary``.</doc>
<status status="PASS" start="2024-03-22T08:17:05.242105" elapsed="0.000411"/>
</kw>
<kw name="Log" owner="BuiltIn">
<msg time="2024-03-22T08:17:05.243200" level="INFO">{'gender': 'male', 'name': {'title': 'Mr', 'first': 'Radan', 'last': 'Bernackiy'}, 'location': {'street': {'number': 3145, 'name': 'Maykopska'}, 'city': 'Noviy Kaliniv', 'state': 'Vinnicka', 'country': 'Ukraine', 'postcode': 96205, 'coordinates': {'latitude': '76.9103', 'longitude': '-142.5461'}, 'timezone': {'offset': '+10:00', 'description': 'Eastern Australia, Guam, Vladivostok'}}, 'email': 'radan.bernackiy@example.com', 'login': {'uuid': 'b1f5891f-8a69-4493-b6ea-307db42a013b', 'username': 'tinymouse294', 'password': 'gentle', 'salt': 'FOyJsLnC', 'md5': '226863315d0de4482e69c43537f94819', 'sha1': '02a0107fb559502f29176b9fa5b00c6e32de2022', 'sha256': '61abdceec3268bbcd0330388024adfac31994f155fd114e552eeafc53b99b5b6'}, 'dob': {'date': '1946-10-02T20:08:43.915Z', 'age': 77}, 'registered': {'date': '2011-02-03T05:51:46.726Z', 'age': 13}, 'phone': '(097) I16-0127', 'cell': '(066) F71-9793', 'id': {'name': '', 'value': None}, 'picture': {'large': 'https://randomuser.me/api/portraits/men/85.jpg', 'medium': 'https://randomuser.me/api/portraits/med/men/85.jpg', 'thumbnail': 'https://randomuser.me/api/portraits/thumb/men/85.jpg'}, 'nat': 'UA'}</msg>
<arg>${json_data['results'][0]}</arg>
<doc>Logs the given message with the given level.</doc>
<status status="PASS" start="2024-03-22T08:17:05.242839" elapsed="0.000409"/>
</kw>
<kw name="Log" owner="BuiltIn">
<msg time="2024-03-22T08:17:05.243670" level="INFO">email</msg>
<arg>${key}</arg>
<doc>Logs the given message with the given level.</doc>
<status status="PASS" start="2024-03-22T08:17:05.243542" elapsed="0.000166"/>
</kw>
<var name="${key}">email</var>
<status status="PASS" start="2024-03-22T08:17:05.241994" elapsed="0.001932"/>
</iter>
<iter>
<kw name="Dictionary Should Contain Key" owner="Collections">
<msg time="2024-03-22T08:17:05.244593" level="INFO">False</msg>
<arg>${json_data['results'][0]}</arg>
<arg>${key}</arg>
<doc>Fails if ``key`` is not found from ``dictionary``.</doc>
<status status="PASS" start="2024-03-22T08:17:05.244217" elapsed="0.000414"/>
</kw>
<kw name="Log" owner="BuiltIn">
<msg time="2024-03-22T08:17:05.245290" level="INFO">{'gender': 'male', 'name': {'title': 'Mr', 'first': 'Radan', 'last': 'Bernackiy'}, 'location': {'street': {'number': 3145, 'name': 'Maykopska'}, 'city': 'Noviy Kaliniv', 'state': 'Vinnicka', 'country': 'Ukraine', 'postcode': 96205, 'coordinates': {'latitude': '76.9103', 'longitude': '-142.5461'}, 'timezone': {'offset': '+10:00', 'description': 'Eastern Australia, Guam, Vladivostok'}}, 'email': 'radan.bernackiy@example.com', 'login': {'uuid': 'b1f5891f-8a69-4493-b6ea-307db42a013b', 'username': 'tinymouse294', 'password': 'gentle', 'salt': 'FOyJsLnC', 'md5': '226863315d0de4482e69c43537f94819', 'sha1': '02a0107fb559502f29176b9fa5b00c6e32de2022', 'sha256': '61abdceec3268bbcd0330388024adfac31994f155fd114e552eeafc53b99b5b6'}, 'dob': {'date': '1946-10-02T20:08:43.915Z', 'age': 77}, 'registered': {'date': '2011-02-03T05:51:46.726Z', 'age': 13}, 'phone': '(097) I16-0127', 'cell': '(066) F71-9793', 'id': {'name': '', 'value': None}, 'picture': {'large': 'https://randomuser.me/api/portraits/men/85.jpg', 'medium': 'https://randomuser.me/api/portraits/med/men/85.jpg', 'thumbnail': 'https://randomuser.me/api/portraits/thumb/men/85.jpg'}, 'nat': 'UA'}</msg>
<arg>${json_data['results'][0]}</arg>
<doc>Logs the given message with the given level.</doc>
<status status="PASS" start="2024-03-22T08:17:05.244927" elapsed="0.000410"/>
</kw>
<kw name="Log" owner="BuiltIn">
<msg time="2024-03-22T08:17:05.245758" level="INFO">login</msg>
<arg>${key}</arg>
<doc>Logs the given message with the given level.</doc>
<status status="PASS" start="2024-03-22T08:17:05.245630" elapsed="0.000273"/>
</kw>
<var name="${key}">login</var>
<status status="PASS" start="2024-03-22T08:17:05.244102" elapsed="0.002053"/>
</iter>
<var>${key}</var>
<value>@{expected_keys}</value>
<status status="PASS" start="2024-03-22T08:17:05.235317" elapsed="0.010968"/>
</for>
<kw name="Create List" owner="BuiltIn">
<msg time="2024-03-22T08:17:05.246650" level="INFO">${expected_keysTwo} = ['username', 'password']</msg>
<var>${expected_keysTwo}</var>
<arg>username</arg>
<arg>password</arg>
<doc>Returns a list containing given items.</doc>
<status status="PASS" start="2024-03-22T08:17:05.246483" elapsed="0.000202"/>
</kw>
<for flavor="IN">
<iter>
<kw name="Dictionary Should Contain Key" owner="Collections">
<msg time="2024-03-22T08:17:05.247588" level="INFO">False</msg>
<arg>${json_data['results'][0]['login']}</arg>
<arg>${keyTwo}</arg>
<doc>Fails if ``key`` is not found from ``dictionary``.</doc>
<status status="PASS" start="2024-03-22T08:17:05.247200" elapsed="0.000426"/>
</kw>
<kw name="Dictionary Should Contain Key" owner="Collections">
<msg time="2024-03-22T08:17:05.248302" level="INFO">False</msg>
<arg>${json_data['results'][0]['login']}</arg>
<arg>${keyTwo}</arg>
<doc>Fails if ``key`` is not found from ``dictionary``.</doc>
<status status="PASS" start="2024-03-22T08:17:05.247925" elapsed="0.000416"/>
</kw>
<kw name="Log" owner="BuiltIn">
<msg time="2024-03-22T08:17:05.248763" level="INFO">username</msg>
<arg>${keyTwo}</arg>
<doc>Logs the given message with the given level.</doc>
<status status="PASS" start="2024-03-22T08:17:05.248636" elapsed="0.000164"/>
</kw>
<var name="${keyTwo}">username</var>
<status status="PASS" start="2024-03-22T08:17:05.247088" elapsed="0.001929"/>
</iter>
<iter>
<kw name="Dictionary Should Contain Key" owner="Collections">
<msg time="2024-03-22T08:17:05.249674" level="INFO">False</msg>
<arg>${json_data['results'][0]['login']}</arg>
<arg>${keyTwo}</arg>
<doc>Fails if ``key`` is not found from ``dictionary``.</doc>
<status status="PASS" start="2024-03-22T08:17:05.249303" elapsed="0.000409"/>
</kw>
<kw name="Dictionary Should Contain Key" owner="Collections">
<msg time="2024-03-22T08:17:05.250386" level="INFO">False</msg>
<arg>${json_data['results'][0]['login']}</arg>
<arg>${keyTwo}</arg>
<doc>Fails if ``key`` is not found from ``dictionary``.</doc>
<status status="PASS" start="2024-03-22T08:17:05.250005" elapsed="0.000417"/>
</kw>
<kw name="Log" owner="BuiltIn">
<msg time="2024-03-22T08:17:05.250865" level="INFO">password</msg>
<arg>${keyTwo}</arg>
<doc>Logs the given message with the given level.</doc>
<status status="PASS" start="2024-03-22T08:17:05.250738" elapsed="0.000165"/>
</kw>
<var name="${keyTwo}">password</var>
<status status="PASS" start="2024-03-22T08:17:05.249192" elapsed="0.001929"/>
</iter>
<var>${keyTwo}</var>
<value>@{expected_keysTwo}</value>
<status status="PASS" start="2024-03-22T08:17:05.246935" elapsed="0.004309"/>
</for>
<status status="PASS" start="2024-03-22T08:17:05.151313" elapsed="0.100070"/>
</kw>
<doc>Testa a estrutura da resposta da API.</doc>
<tag>testeEstruturaResposta</tag>
<status status="PASS" start="2024-03-22T08:17:05.150568" elapsed="0.100968"/>
</test>
<test id="s1-s1-t4" name="Validar tipos de dados" line="28">
<kw name="Teste de Tipos de Dados" owner="random-user-service">
<kw name="GET On Session" owner="RequestsLibrary">
<msg time="2024-03-22T08:17:05.333319" level="INFO">GET Request : url=https://randomuser.me/api 
 path_url=/api 
 headers={'User-Agent': 'python-requests/2.31.0', 'Accept-Encoding': 'gzip, deflate', 'Accept': '*/*', 'Connection': 'keep-alive'} 
 body=None 
 </msg>
<msg time="2024-03-22T08:17:05.333425" level="INFO">GET Response : url=https://randomuser.me/api 
 status=200, reason=OK 
 headers={'Date': 'Fri, 22 Mar 2024 08:17:05 GMT', 'Content-Type': 'application/json; charset=utf-8', 'Transfer-Encoding': 'chunked', 'Connection': 'keep-alive', 'X-Powered-By': 'Express', 'Access-Control-Allow-Origin': '*', 'Cache-Control': 'no-cache', 'ETag': 'W/"49e-/Epz6k2PzLg92IugfvNXiKEEI2A"', 'Vary': 'Accept-Encoding', 'Content-Encoding': 'gzip', 'CF-Cache-Status': 'DYNAMIC', 'Report-To': '{"endpoints":[{"url":"https:\\/\\/a.nel.cloudflare.com\\/report\\/v4?s=%2Bwm8EHu6ui7ivOboSaVJYLAcEJHRoHhEkHEHKiDpzAKyTE35PT1AIRHwtZym4HIhL3ZmzjZO8SZow%2BCLBXLDrdKRv0BVA7tdOXRQ7ZNAobnUraljgbt86PsCMV3FoID2"}],"group":"cf-nel","max_age":604800}', 'NEL': '{"success_fraction":0,"report_to":"cf-nel","max_age":604800}', 'Server': 'cloudflare', 'CF-RAY': '8684be47d92b3b23-IAD', 'alt-svc': 'h3=":443"; ma=86400'} 
 body={"results":[{"gender":"male","name":{"title":"Mr","first":"Miro","last":"Saksa"},"location":{"street":{"number":2510,"name":"Pispalan Valtatie"},"city":"Isojoki","state":"Satakunta","country":"Finland","postcode":78581,"coordinates":{"latitude":"-26.0689","longitude":"-139.1142"},"timezone":{"offset":"0:00","description":"Western Europe Time, London, Lisbon, Casablanca"}},"email":"miro.saksa@example.com","login":{"uuid":"9d6492ac-9f15-41c8-9b37-93725d49da01","username":"bluekoala655","password":"pppppppp","salt":"L0ewfWHt","md5":"dd4358513a2c55745d280ca9b5d8d3f1","sha1":"3776681e259e083025bc6e905b90509d30feb8a9","sha256":"4d0dc90a8b26f8b0984ac51c211bb903fda6ea30ed921877fa83d64b956eb567"},"dob":{"date":"1958-07-31T02:09:02.349Z","age":65},"registered":{"date":"2012-04-19T22:07:17.203Z","age":11},"phone":"04-825-860","cell":"041-986-16-25","id":{"name":"HETU","value":"NaNNA367undefined"},"picture":{"large":"https://randomuser.me/api/portraits/men/12.jpg","medium":"https://randomuser.me/api/portraits/med/men/12.jpg","thumbnail":"https://randomuser.me/api/portraits/thumb/men/12.jpg"},"nat":"FI"}],"info":{"seed":"fd3dc28e0d58f0fb","results":1,"page":1,"version":"1.4"}} 
 </msg>
<msg time="2024-03-22T08:17:05.333500" level="INFO">/opt/hostedtoolcache/Python/3.12.2/x64/lib/python3.12/site-packages/urllib3/connectionpool.py:1103: InsecureRequestWarning: Unverified HTTPS request is being made to host 'randomuser.me'. Adding certificate verification is strongly advised. See: https://urllib3.readthedocs.io/en/latest/advanced-usage.html#tls-warnings
  warnings.warn(</msg>
<msg time="2024-03-22T08:17:05.333653" level="INFO">${response} = &lt;Response [200]&gt;</msg>
<var>${response}</var>
<arg>consultarAPI</arg>
<arg>/api</arg>
<doc>Sends a GET request on a previously created HTTP Session.</doc>
<status status="PASS" start="2024-03-22T08:17:05.253905" elapsed="0.079800"/>
</kw>
<kw name="Set Variable" owner="BuiltIn">
<msg time="2024-03-22T08:17:05.334567" level="INFO">${json_data} = {'results': [{'gender': 'male', 'name': {'title': 'Mr', 'first': 'Miro', 'last': 'Saksa'}, 'location': {'street': {'number': 2510, 'name': 'Pispalan Valtatie'}, 'city': 'Isojoki', 'state': 'Satakunta'...</msg>
<var>${json_data}</var>
<arg>${response.json()}</arg>
<doc>Returns the given values which can then be assigned to a variables.</doc>
<status status="PASS" start="2024-03-22T08:17:05.334121" elapsed="0.000475"/>
</kw>
<kw name="Log" owner="BuiltIn">
<msg time="2024-03-22T08:17:05.335097" level="INFO">{'results': [{'gender': 'male', 'name': {'title': 'Mr', 'first': 'Miro', 'last': 'Saksa'}, 'location': {'street': {'number': 2510, 'name': 'Pispalan Valtatie'}, 'city': 'Isojoki', 'state': 'Satakunta', 'country': 'Finland', 'postcode': 78581, 'coordinates': {'latitude': '-26.0689', 'longitude': '-139.1142'}, 'timezone': {'offset': '0:00', 'description': 'Western Europe Time, London, Lisbon, Casablanca'}}, 'email': 'miro.saksa@example.com', 'login': {'uuid': '9d6492ac-9f15-41c8-9b37-93725d49da01', 'username': 'bluekoala655', 'password': 'pppppppp', 'salt': 'L0ewfWHt', 'md5': 'dd4358513a2c55745d280ca9b5d8d3f1', 'sha1': '3776681e259e083025bc6e905b90509d30feb8a9', 'sha256': '4d0dc90a8b26f8b0984ac51c211bb903fda6ea30ed921877fa83d64b956eb567'}, 'dob': {'date': '1958-07-31T02:09:02.349Z', 'age': 65}, 'registered': {'date': '2012-04-19T22:07:17.203Z', 'age': 11}, 'phone': '04-825-860', 'cell': '041-986-16-25', 'id': {'name': 'HETU', 'value': 'NaNNA367undefined'}, 'picture': {'large': 'https://randomuser.me/api/portraits/men/12.jpg', 'medium': 'https://randomuser.me/api/portraits/med/men/12.jpg', 'thumbnail': 'https://randomuser.me/api/portraits/thumb/men/12.jpg'}, 'nat': 'FI'}], 'info': {'seed': 'fd3dc28e0d58f0fb', 'results': 1, 'page': 1, 'version': '1.4'}}</msg>
<arg>${json_data}</arg>
<doc>Logs the given message with the given level.</doc>
<status status="PASS" start="2024-03-22T08:17:05.334939" elapsed="0.000240"/>
</kw>
<kw name="Should Be String" owner="String">
<arg>${json_data['results'][0]['gender']}</arg>
<doc>Fails if the given ``item`` is not a string.</doc>
<status status="PASS" start="2024-03-22T08:17:05.335486" elapsed="0.000361"/>
</kw>
<kw name="Should Match Regexp" owner="BuiltIn">
<arg>${json_data['results'][0]['email']}</arg>
<arg>^[a-zA-Z0-9._%+-]+@[a-zA-Z0-9.-]+\.[a-zA-Z]{2,}$</arg>
<doc>Fails if ``string`` does not match ``pattern`` as a regular expression.</doc>
<status status="PASS" start="2024-03-22T08:17:05.336042" elapsed="0.000516"/>
</kw>
<kw name="Should Match Regexp" owner="BuiltIn">
<arg>${json_data['results'][0]['dob']['date']}</arg>
<arg>\\d{4}-\\d{2}-\\d{2}T\\d{2}:\\d{2}:\\d{2}\\.\\d{3}Z</arg>
<doc>Fails if ``string`` does not match ``pattern`` as a regular expression.</doc>
<status status="PASS" start="2024-03-22T08:17:05.336755" elapsed="0.000484"/>
</kw>
<kw name="Should Match Regexp" owner="BuiltIn">
<arg>${json_data['results'][0]['registered']['date']}</arg>
<arg>\\d{4}-\\d{2}-\\d{2}T\\d{2}:\\d{2}:\\d{2}\\.\\d{3}Z</arg>
<doc>Fails if ``string`` does not match ``pattern`` as a regular expression.</doc>
<status status="PASS" start="2024-03-22T08:17:05.337433" elapsed="0.000366"/>
</kw>
<kw name="Should Match Regexp" owner="BuiltIn">
<arg>${json_data['results'][0]['picture']['large']}</arg>
<arg>^https?://.*\.(?:png|jpe?g|gif|bmp)$</arg>
<doc>Fails if ``string`` does not match ``pattern`` as a regular expression.</doc>
<status status="PASS" start="2024-03-22T08:17:05.337986" elapsed="0.000462"/>
</kw>
<kw name="Should Match Regexp" owner="BuiltIn">
<arg>${json_data['results'][0]['picture']['medium']}</arg>
<arg>^https?://.*\.(?:png|jpe?g|gif|bmp)$</arg>
<doc>Fails if ``string`` does not match ``pattern`` as a regular expression.</doc>
<status status="PASS" start="2024-03-22T08:17:05.338672" elapsed="0.000372"/>
</kw>
<kw name="Should Match Regexp" owner="BuiltIn">
<arg>${json_data['results'][0]['picture']['thumbnail']}</arg>
<arg>^https?://.*\.(?:png|jpe?g|gif|bmp)$</arg>
<doc>Fails if ``string`` does not match ``pattern`` as a regular expression.</doc>
<status status="PASS" start="2024-03-22T08:17:05.339231" elapsed="0.000353"/>
</kw>
<kw name="Log" owner="BuiltIn">
<msg time="2024-03-22T08:17:05.340084" level="INFO">{'large': 'https://randomuser.me/api/portraits/men/12.jpg', 'medium': 'https://randomuser.me/api/portraits/med/men/12.jpg', 'thumbnail': 'https://randomuser.me/api/portraits/thumb/men/12.jpg'}</msg>
<arg>${json_data['results'][0]['picture']}</arg>
<doc>Logs the given message with the given level.</doc>
<status status="PASS" start="2024-03-22T08:17:05.339764" elapsed="0.000367"/>
</kw>
<status status="PASS" start="2024-03-22T08:17:05.253679" elapsed="0.086707"/>
</kw>
<kw name="Teste de Tipos de Dados - Postcode" owner="random-user-service">
<kw name="GET On Session" owner="RequestsLibrary">
<msg time="2024-03-22T08:17:05.454209" level="INFO">GET Request : url=https://randomuser.me/api 
 path_url=/api 
 headers={'User-Agent': 'python-requests/2.31.0', 'Accept-Encoding': 'gzip, deflate', 'Accept': '*/*', 'Connection': 'keep-alive'} 
 body=None 
 </msg>
<msg time="2024-03-22T08:17:05.454293" level="INFO">GET Response : url=https://randomuser.me/api 
 status=200, reason=OK 
 headers={'Date': 'Fri, 22 Mar 2024 08:17:05 GMT', 'Content-Type': 'application/json; charset=utf-8', 'Transfer-Encoding': 'chunked', 'Connection': 'keep-alive', 'X-Powered-By': 'Express', 'Access-Control-Allow-Origin': '*', 'Cache-Control': 'no-cache', 'ETag': 'W/"479-/mwEUlYgVFNzgkKLQwhKUaW4zMc"', 'Vary': 'Accept-Encoding', 'Content-Encoding': 'gzip', 'CF-Cache-Status': 'DYNAMIC', 'Report-To': '{"endpoints":[{"url":"https:\\/\\/a.nel.cloudflare.com\\/report\\/v4?s=lgwNtT6riwwQgKdOOt%2BdkIq7EVmz%2BXYxDqflVIasl%2FUU%2B%2Bxpb7tG4MqaFvGPvj69oGpoEvuVtJl5oc3hlDKASdwuOeaMIMtkqNYlDEFLhNoak6XKn2ni39%2BaDWxu5EMO"}],"group":"cf-nel","max_age":604800}', 'NEL': '{"success_fraction":0,"report_to":"cf-nel","max_age":604800}', 'Server': 'cloudflare', 'CF-RAY': '8684be48599c3b23-IAD', 'alt-svc': 'h3=":443"; ma=86400'} 
 body={"results":[{"gender":"female","name":{"title":"Miss","first":"Yuniya","last":"Kirilenko"},"location":{"street":{"number":2690,"name":"Kozackiy provulok"},"city":"Odesa","state":"Lvivska","country":"Ukraine","postcode":40832,"coordinates":{"latitude":"74.6474","longitude":"137.2055"},"timezone":{"offset":"+3:30","description":"Tehran"}},"email":"yuniya.kirilenko@example.com","login":{"uuid":"f63946a8-58f9-4258-b218-c39d6f60a964","username":"orangerabbit295","password":"bauhaus","salt":"F8LlwF0k","md5":"ac005976428da7bc481c59df1e838c2d","sha1":"309c6e79d0286a7c968db5a489156eb4818c5202","sha256":"1e3c5698f2f5c155901b7df2520038325395bc4cbc1423663344390307883715"},"dob":{"date":"1979-02-13T19:18:49.825Z","age":45},"registered":{"date":"2018-09-13T01:03:25.551Z","age":5},"phone":"(099) K06-6331","cell":"(067) P45-1067","id":{"name":"","value":null},"picture":{"large":"https://randomuser.me/api/portraits/women/37.jpg","medium":"https://randomuser.me/api/portraits/med/women/37.jpg","thumbnail":"https://randomuser.me/api/portraits/thumb/women/37.jpg"},"nat":"UA"}],"info":{"seed":"04b696dd94975f13","results":1,"page":1,"version":"1.4"}} 
 </msg>
<msg time="2024-03-22T08:17:05.454375" level="INFO">/opt/hostedtoolcache/Python/3.12.2/x64/lib/python3.12/site-packages/urllib3/connectionpool.py:1103: InsecureRequestWarning: Unverified HTTPS request is being made to host 'randomuser.me'. Adding certificate verification is strongly advised. See: https://urllib3.readthedocs.io/en/latest/advanced-usage.html#tls-warnings
  warnings.warn(</msg>
<msg time="2024-03-22T08:17:05.454505" level="INFO">${response} = &lt;Response [200]&gt;</msg>
<var>${response}</var>
<arg>consultarAPI</arg>
<arg>/api</arg>
<doc>Sends a GET request on a previously created HTTP Session.</doc>
<status status="PASS" start="2024-03-22T08:17:05.340949" elapsed="0.113599"/>
</kw>
<kw name="Set Variable" owner="BuiltIn">
<msg time="2024-03-22T08:17:05.455558" level="INFO">${json_data} = {'results': [{'gender': 'female', 'name': {'title': 'Miss', 'first': 'Yuniya', 'last': 'Kirilenko'}, 'location': {'street': {'number': 2690, 'name': 'Kozackiy provulok'}, 'city': 'Odesa', 'state': 'Lv...</msg>
<var>${json_data}</var>
<arg>${response.json()}</arg>
<doc>Returns the given values which can then be assigned to a variables.</doc>
<status status="PASS" start="2024-03-22T08:17:05.455060" elapsed="0.000527"/>
</kw>
<kw name="Log" owner="BuiltIn">
<msg time="2024-03-22T08:17:05.456079" level="INFO">{'results': [{'gender': 'female', 'name': {'title': 'Miss', 'first': 'Yuniya', 'last': 'Kirilenko'}, 'location': {'street': {'number': 2690, 'name': 'Kozackiy provulok'}, 'city': 'Odesa', 'state': 'Lvivska', 'country': 'Ukraine', 'postcode': 40832, 'coordinates': {'latitude': '74.6474', 'longitude': '137.2055'}, 'timezone': {'offset': '+3:30', 'description': 'Tehran'}}, 'email': 'yuniya.kirilenko@example.com', 'login': {'uuid': 'f63946a8-58f9-4258-b218-c39d6f60a964', 'username': 'orangerabbit295', 'password': 'bauhaus', 'salt': 'F8LlwF0k', 'md5': 'ac005976428da7bc481c59df1e838c2d', 'sha1': '309c6e79d0286a7c968db5a489156eb4818c5202', 'sha256': '1e3c5698f2f5c155901b7df2520038325395bc4cbc1423663344390307883715'}, 'dob': {'date': '1979-02-13T19:18:49.825Z', 'age': 45}, 'registered': {'date': '2018-09-13T01:03:25.551Z', 'age': 5}, 'phone': '(099) K06-6331', 'cell': '(067) P45-1067', 'id': {'name': '', 'value': None}, 'picture': {'large': 'https://randomuser.me/api/portraits/women/37.jpg', 'medium': 'https://randomuser.me/api/portraits/med/women/37.jpg', 'thumbnail': 'https://randomuser.me/api/portraits/thumb/women/37.jpg'}, 'nat': 'UA'}], 'info': {'seed': '04b696dd94975f13', 'results': 1, 'page': 1, 'version': '1.4'}}</msg>
<arg>${json_data}</arg>
<doc>Logs the given message with the given level.</doc>
<status status="PASS" start="2024-03-22T08:17:05.455916" elapsed="0.000243"/>
</kw>
<kw name="Should Be Equal As Numbers" owner="BuiltIn">
<arg>${json_data['results'][0]['location']['postcode']}</arg>
<arg>${json_data['results'][0]['location']['postcode']}</arg>
<doc>Fails if objects are unequal after converting them to real numbers.</doc>
<status status="PASS" start="2024-03-22T08:17:05.456469" elapsed="0.000641"/>
</kw>
<kw name="Log" owner="BuiltIn">
<msg time="2024-03-22T08:17:05.457641" level="INFO">40832</msg>
<arg>${json_data['results'][0]['location']['postcode']}</arg>
<doc>Logs the given message with the given level.</doc>
<status status="PASS" start="2024-03-22T08:17:05.457306" elapsed="0.000377"/>
</kw>
<status status="PASS" start="2024-03-22T08:17:05.340601" elapsed="0.117341"/>
</kw>
<doc>Testa se os tipos de dados na resposta da API estão corretos.</doc>
<tag>testeTiposDados</tag>
<status status="PASS" start="2024-03-22T08:17:05.253260" elapsed="0.204853"/>
</test>
<test id="s1-s1-t5" name="Validar conteudo" line="35">
<kw name="Teste de Tipos de Conteudo" owner="random-user-service">
<kw name="GET On Session" owner="RequestsLibrary">
<msg time="2024-03-22T08:17:05.539096" level="INFO">GET Request : url=https://randomuser.me/api 
 path_url=/api 
 headers={'User-Agent': 'python-requests/2.31.0', 'Accept-Encoding': 'gzip, deflate', 'Accept': '*/*', 'Connection': 'keep-alive'} 
 body=None 
 </msg>
<msg time="2024-03-22T08:17:05.539202" level="INFO">GET Response : url=https://randomuser.me/api 
 status=200, reason=OK 
 headers={'Date': 'Fri, 22 Mar 2024 08:17:05 GMT', 'Content-Type': 'application/json; charset=utf-8', 'Transfer-Encoding': 'chunked', 'Connection': 'keep-alive', 'X-Powered-By': 'Express', 'Access-Control-Allow-Origin': '*', 'Cache-Control': 'no-cache', 'ETag': 'W/"492-fauW7Rk5PuY9aOE04xPq53/toWk"', 'Vary': 'Accept-Encoding', 'Content-Encoding': 'gzip', 'CF-Cache-Status': 'DYNAMIC', 'Report-To': '{"endpoints":[{"url":"https:\\/\\/a.nel.cloudflare.com\\/report\\/v4?s=MMK1BP1OF%2BvPyS%2FeTYxDEMSmN0jzy0EhuZ9%2FWsKkOLlnDIHcYqrmDlqoOnPE3Tmu8O%2FDj%2FZ3p3hEb89Dfc2UleRzogwxcFSSxn7UBqK7oEBQL0CLRqSg00DjZo%2B3JNDx"}],"group":"cf-nel","max_age":604800}', 'NEL': '{"success_fraction":0,"report_to":"cf-nel","max_age":604800}', 'Server': 'cloudflare', 'CF-RAY': '8684be491a193b23-IAD', 'alt-svc': 'h3=":443"; ma=86400'} 
 body={"results":[{"gender":"male","name":{"title":"Mr","first":"Zvezdan","last":"Janković"},"location":{"street":{"number":6386,"name":"Bulevar Revolucije"},"city":"Negotin","state":"Srem","country":"Serbia","postcode":15425,"coordinates":{"latitude":"63.8569","longitude":"-21.2376"},"timezone":{"offset":"-4:00","description":"Atlantic Time (Canada), Caracas, La Paz"}},"email":"zvezdan.jankovic@example.com","login":{"uuid":"f34a18d0-bbc0-42a9-8af2-9e25473e3ac7","username":"yellowcat608","password":"pepsi","salt":"QTWaiMJH","md5":"5396597f3e2a21609c05e3f48a5f5599","sha1":"4b49a0fcda4d56b3dbb9a3d3f5cbee1113ef8755","sha256":"ea108012c565857a53f335c655c51f7ac05b8f84a964ab5d3b8a3fe39d0dc4bc"},"dob":{"date":"1996-03-22T05:09:23.610Z","age":28},"registered":{"date":"2005-12-03T15:19:58.775Z","age":18},"phone":"014-2926-749","cell":"061-5986-952","id":{"name":"SID","value":"479469270"},"picture":{"large":"https://randomuser.me/api/portraits/men/32.jpg","medium":"https://randomuser.me/api/portraits/med/men/32.jpg","thumbnail":"https://randomuser.me/api/portraits/thumb/men/32.jpg"},"nat":"RS"}],"info":{"seed":"54652adba9489f76","results":1,"page":1,"version":"1.4"}} 
 </msg>
<msg time="2024-03-22T08:17:05.539299" level="INFO">/opt/hostedtoolcache/Python/3.12.2/x64/lib/python3.12/site-packages/urllib3/connectionpool.py:1103: InsecureRequestWarning: Unverified HTTPS request is being made to host 'randomuser.me'. Adding certificate verification is strongly advised. See: https://urllib3.readthedocs.io/en/latest/advanced-usage.html#tls-warnings
  warnings.warn(</msg>
<msg time="2024-03-22T08:17:05.539431" level="INFO">${response} = &lt;Response [200]&gt;</msg>
<var>${response}</var>
<arg>consultarAPI</arg>
<arg>/api</arg>
<doc>Sends a GET request on a previously created HTTP Session.</doc>
<status status="PASS" start="2024-03-22T08:17:05.460730" elapsed="0.078740"/>
</kw>
<kw name="Set Variable" owner="BuiltIn">
<msg time="2024-03-22T08:17:05.540762" level="INFO">${json_data} = {'results': [{'gender': 'male', 'name': {'title': 'Mr', 'first': 'Zvezdan', 'last': 'Janković'}, 'location': {'street': {'number': 6386, 'name': 'Bulevar Revolucije'}, 'city': 'Negotin', 'state': 'Sre...</msg>
<var>${json_data}</var>
<arg>${response.json()}</arg>
<doc>Returns the given values which can then be assigned to a variables.</doc>
<status status="PASS" start="2024-03-22T08:17:05.540019" elapsed="0.000795"/>
</kw>
<kw name="Set Variable" owner="BuiltIn">
<msg time="2024-03-22T08:17:05.541898" level="INFO">${name_title} = Mr</msg>
<var>${name_title}</var>
<arg>${json_data["results"][0]["name"]["title"]}</arg>
<doc>Returns the given values which can then be assigned to a variables.</doc>
<status status="PASS" start="2024-03-22T08:17:05.541301" elapsed="0.000643"/>
</kw>
<kw name="Create List" owner="BuiltIn">
<msg time="2024-03-22T08:17:05.542697" level="INFO">${allowed_titles} = ['Mr', 'Ms', 'Miss', 'Mrs', 'Madame', 'Monsieur']</msg>
<var>${allowed_titles}</var>
<arg>Mr</arg>
<arg>Ms</arg>
<arg>Miss</arg>
<arg>Mrs</arg>
<arg>Madame</arg>
<arg>Monsieur</arg>
<doc>Returns a list containing given items.</doc>
<status status="PASS" start="2024-03-22T08:17:05.542429" elapsed="0.000315"/>
</kw>
<kw name="List Should Contain Value" owner="Collections">
<msg time="2024-03-22T08:17:05.543493" level="INFO">False</msg>
<arg>${allowed_titles}</arg>
<arg>${name_title}</arg>
<doc>Fails if the ``value`` is not found from ``list``.</doc>
<status status="PASS" start="2024-03-22T08:17:05.543232" elapsed="0.000320"/>
</kw>
<kw name="Set Variable" owner="BuiltIn">
<msg time="2024-03-22T08:17:05.544619" level="INFO">${name_country} = RS</msg>
<var>${name_country}</var>
<arg>${json_data["results"][0]["nat"]}</arg>
<doc>Returns the given values which can then be assigned to a variables.</doc>
<status status="PASS" start="2024-03-22T08:17:05.543982" elapsed="0.000681"/>
</kw>
<kw name="Create List" owner="BuiltIn">
<msg time="2024-03-22T08:17:05.546380" level="INFO">${list_country} = ['AD', 'AE', 'AF', 'AG', 'AI', 'AL', 'AM', 'AO', 'AQ', 'AR', 'AS', 'AT', 'AU', 'AW', 'AX', 'AZ', 'BA', 'BB', 'BD', 'BE', 'BF', 'BG', 'BH', 'BI', 'BJ', 'BL', 'BM', 'BN', 'BO', 'BQ', 'BR', 'BS', 'BT', '...</msg>
<var>${list_country}</var>
<arg>AD</arg>
<arg>AE</arg>
<arg>AF</arg>
<arg>AG</arg>
<arg>AI</arg>
<arg>AL</arg>
<arg>AM</arg>
<arg>AO</arg>
<arg>AQ</arg>
<arg>AR</arg>
<arg>AS</arg>
<arg>AT</arg>
<arg>AU</arg>
<arg>AW</arg>
<arg>AX</arg>
<arg>AZ</arg>
<arg>BA</arg>
<arg>BB</arg>
<arg>BD</arg>
<arg>BE</arg>
<arg>BF</arg>
<arg>BG</arg>
<arg>BH</arg>
<arg>BI</arg>
<arg>BJ</arg>
<arg>BL</arg>
<arg>BM</arg>
<arg>BN</arg>
<arg>BO</arg>
<arg>BQ</arg>
<arg>BR</arg>
<arg>BS</arg>
<arg>BT</arg>
<arg>BV</arg>
<arg>BW</arg>
<arg>BY</arg>
<arg>BZ</arg>
<arg>CA</arg>
<arg>CC</arg>
<arg>CD</arg>
<arg>CF</arg>
<arg>CG</arg>
<arg>CH</arg>
<arg>CI</arg>
<arg>CK</arg>
<arg>CL</arg>
<arg>CM</arg>
<arg>CN</arg>
<arg>CO</arg>
<arg>CR</arg>
<arg>CU</arg>
<arg>CV</arg>
<arg>CW</arg>
<arg>CX</arg>
<arg>CY</arg>
<arg>CZ</arg>
<arg>DE</arg>
<arg>DJ</arg>
<arg>DK</arg>
<arg>DM</arg>
<arg>DO</arg>
<arg>DZ</arg>
<arg>EC</arg>
<arg>EE</arg>
<arg>EG</arg>
<arg>EH</arg>
<arg>ER</arg>
<arg>ES</arg>
<arg>ET</arg>
<arg>FI</arg>
<arg>FJ</arg>
<arg>FK</arg>
<arg>FM</arg>
<arg>FO</arg>
<arg>FR</arg>
<arg>GA</arg>
<arg>GB</arg>
<arg>GD</arg>
<arg>GE</arg>
<arg>GF</arg>
<arg>GG</arg>
<arg>GH</arg>
<arg>GI</arg>
<arg>GL</arg>
<arg>GM</arg>
<arg>GN</arg>
<arg>GP</arg>
<arg>GQ</arg>
<arg>GR</arg>
<arg>GS</arg>
<arg>GT</arg>
<arg>GU</arg>
<arg>GW</arg>
<arg>GY</arg>
<arg>HK</arg>
<arg>HM</arg>
<arg>HN</arg>
<arg>HR</arg>
<arg>HT</arg>
<arg>HU</arg>
<arg>ID</arg>
<arg>IE</arg>
<arg>IL</arg>
<arg>IM</arg>
<arg>IN</arg>
<arg>IO</arg>
<arg>IQ</arg>
<arg>IR</arg>
<arg>IS</arg>
<arg>IT</arg>
<arg>JE</arg>
<arg>JM</arg>
<arg>JO</arg>
<arg>JP</arg>
<arg>KE</arg>
<arg>KG</arg>
<arg>KH</arg>
<arg>KI</arg>
<arg>KM</arg>
<arg>KN</arg>
<arg>KP</arg>
<arg>KR</arg>
<arg>KW</arg>
<arg>KY</arg>
<arg>KZ</arg>
<arg>LA</arg>
<arg>LB</arg>
<arg>LC</arg>
<arg>LI</arg>
<arg>LK</arg>
<arg>LR</arg>
<arg>LS</arg>
<arg>LT</arg>
<arg>LU</arg>
<arg>LV</arg>
<arg>LY</arg>
<arg>MA</arg>
<arg>MC</arg>
<arg>MD</arg>
<arg>ME</arg>
<arg>MF</arg>
<arg>MG</arg>
<arg>MH</arg>
<arg>MK</arg>
<arg>ML</arg>
<arg>MM</arg>
<arg>MN</arg>
<arg>MO</arg>
<arg>MP</arg>
<arg>MQ</arg>
<arg>MR</arg>
<arg>MS</arg>
<arg>MT</arg>
<arg>MU</arg>
<arg>MV</arg>
<arg>MW</arg>
<arg>MX</arg>
<arg>MY</arg>
<arg>MZ</arg>
<arg>NA</arg>
<arg>NC</arg>
<arg>NE</arg>
<arg>NF</arg>
<arg>NG</arg>
<arg>NI</arg>
<arg>NL</arg>
<arg>NO</arg>
<arg>NP</arg>
<arg>NR</arg>
<arg>NU</arg>
<arg>NZ</arg>
<arg>OM</arg>
<arg>PA</arg>
<arg>PE</arg>
<arg>PF</arg>
<arg>PG</arg>
<arg>PH</arg>
<arg>PK</arg>
<arg>PL</arg>
<arg>PM</arg>
<arg>PN</arg>
<arg>PR</arg>
<arg>PS</arg>
<arg>PT</arg>
<arg>PW</arg>
<arg>PY</arg>
<arg>QA</arg>
<arg>RE</arg>
<arg>RO</arg>
<arg>RS</arg>
<arg>RU</arg>
<arg>RW</arg>
<arg>SA</arg>
<arg>SB</arg>
<arg>SC</arg>
<arg>SD</arg>
<arg>SE</arg>
<arg>SG</arg>
<arg>SH</arg>
<arg>SI</arg>
<arg>SJ</arg>
<arg>SK</arg>
<arg>SL</arg>
<arg>SM</arg>
<arg>SN</arg>
<arg>SO</arg>
<arg>SR</arg>
<arg>SS</arg>
<arg>ST</arg>
<arg>SV</arg>
<arg>SX</arg>
<arg>SY</arg>
<arg>SZ</arg>
<arg>TC</arg>
<arg>TD</arg>
<arg>TF</arg>
<arg>TG</arg>
<arg>TH</arg>
<arg>TJ</arg>
<arg>TK</arg>
<arg>TL</arg>
<arg>TM</arg>
<arg>TN</arg>
<arg>TO</arg>
<arg>TR</arg>
<arg>TT</arg>
<arg>TV</arg>
<arg>TW</arg>
<arg>TZ</arg>
<arg>UA</arg>
<arg>UG</arg>
<arg>UM</arg>
<arg>US</arg>
<arg>UY</arg>
<arg>UZ</arg>
<arg>VA</arg>
<arg>VC</arg>
<arg>VE</arg>
<arg>VG</arg>
<arg>VI</arg>
<arg>VN</arg>
<arg>VU</arg>
<arg>WF</arg>
<arg>WS</arg>
<arg>XK</arg>
<arg>YE</arg>
<arg>YT</arg>
<arg>ZA</arg>
<arg>ZM</arg>
<arg>ZW</arg>
<doc>Returns a list containing given items.</doc>
<status status="PASS" start="2024-03-22T08:17:05.545140" elapsed="0.001292"/>
</kw>
<kw name="List Should Contain Value" owner="Collections">
<msg time="2024-03-22T08:17:05.548362" level="INFO">False</msg>
<arg>${list_country}</arg>
<arg>${name_country}</arg>
<doc>Fails if the ``value`` is not found from ``list``.</doc>
<status status="PASS" start="2024-03-22T08:17:05.548046" elapsed="0.000373"/>
</kw>
<kw name="Run Keyword If" owner="BuiltIn">
<kw name="Should Be True" owner="BuiltIn">
<arg>${True}</arg>
<doc>Fails if the given condition is not true.</doc>
<status status="PASS" start="2024-03-22T08:17:05.550038" elapsed="0.000225"/>
</kw>
<arg>${json_data["results"][0]["location"]["coordinates"]["latitude"]} &gt;= -90 and ${json_data["results"][0]["location"]["coordinates"]["latitude"]} &lt;= 90</arg>
<arg>Should Be True</arg>
<arg>${True}</arg>
<doc>Runs the given keyword with the given arguments, if ``condition`` is true.</doc>
<status status="PASS" start="2024-03-22T08:17:05.548877" elapsed="0.001622"/>
</kw>
<kw name="Run Keyword If" owner="BuiltIn">
<kw name="Should Be True" owner="BuiltIn">
<arg>${True}</arg>
<doc>Fails if the given condition is not true.</doc>
<status status="PASS" start="2024-03-22T08:17:05.552077" elapsed="0.000235"/>
</kw>
<arg>${json_data["results"][0]["location"]["coordinates"]["longitude"]} &gt;= -180 and ${json_data["results"][0]["location"]["coordinates"]["longitude"]} &lt;= 180</arg>
<arg>Should Be True</arg>
<arg>${True}</arg>
<doc>Runs the given keyword with the given arguments, if ``condition`` is true.</doc>
<status status="PASS" start="2024-03-22T08:17:05.550853" elapsed="0.001689"/>
</kw>
<status status="PASS" start="2024-03-22T08:17:05.460499" elapsed="0.092270"/>
</kw>
<doc>Testa o conteúdo específico dos campos retornados pela API.</doc>
<tag>testeConteudo</tag>
<status status="PASS" start="2024-03-22T08:17:05.459938" elapsed="0.093062"/>
</test>
<status status="PASS" start="2024-03-22T08:17:04.763050" elapsed="0.792770"/>
</suite>
<status status="PASS" start="2024-03-22T08:17:04.749725" elapsed="0.811476"/>
</suite>
<statistics>
<total>
<stat pass="5" fail="0" skip="0">All Tests</stat>
</total>
<tag>
<stat pass="1" fail="0" skip="0">testeConteudo</stat>
<stat pass="1" fail="0" skip="0">testeEstruturaResposta</stat>
<stat pass="1" fail="0" skip="0">testeRequisicaoBasica</stat>
<stat pass="1" fail="0" skip="0">testeTiposDados</stat>
</tag>
<suite>
<stat pass="5" fail="0" skip="0" id="s1" name="Tests">Tests</stat>
<stat pass="5" fail="0" skip="0" id="s1-s1" name="Random-User-Test">Tests.Random-User-Test</stat>
</suite>
</statistics>
<errors>
</errors>
</robot>
