<?xml version="1.0" encoding="UTF-8"?>
<robot generator="Robot 7.0.1 (Python 3.12.4 on linux)" generated="2024-08-05T04:18:55.922242" rpa="false" schemaversion="5">
<suite id="s1" name="Tests" source="/home/runner/work/ApiRandomUser/ApiRandomUser/RamdonUser/tests">
<suite id="s1-s1" name="Random-User-Test" source="/home/runner/work/ApiRandomUser/ApiRandomUser/RamdonUser/tests/random-user-test.robot">
<test id="s1-s1-t1" name="Conectar" line="13">
<kw name="Conectar API" owner="random-user-service">
<kw name="Create Session" owner="RequestsLibrary">
<msg time="2024-08-05T04:18:56.335138" level="INFO">Creating Session using : alias=consultarAPI, url=https://randomuser.me/, headers={},                     cookies={}, auth=None, timeout=None, proxies=None, verify=False,                     debug=0 </msg>
<arg>consultarAPI</arg>
<arg>${URL}</arg>
<doc>Create Session: create a HTTP session to a server</doc>
<status status="PASS" start="2024-08-05T04:18:56.334898" elapsed="0.000446"/>
</kw>
<status status="PASS" start="2024-08-05T04:18:56.333831" elapsed="0.001875"/>
</kw>
<status status="PASS" start="2024-08-05T04:18:56.333252" elapsed="0.002648"/>
</test>
<test id="s1-s1-t2" name="Validar retorno 200 e JSON Válido" line="16">
<kw name="Teste de Requisicao Basica" owner="random-user-service">
<kw name="GET On Session" owner="RequestsLibrary">
<msg time="2024-08-05T04:18:58.211531" level="INFO">GET Request : url=https://randomuser.me/api 
 path_url=/api 
 headers={'User-Agent': 'python-requests/2.32.3', 'Accept-Encoding': 'gzip, deflate', 'Accept': '*/*', 'Connection': 'keep-alive'} 
 body=None 
 </msg>
<msg time="2024-08-05T04:18:58.211692" level="INFO">GET Response : url=https://randomuser.me/api 
 status=200, reason=OK 
 headers={'Date': 'Mon, 05 Aug 2024 04:18:58 GMT', 'Content-Type': 'application/json; charset=utf-8', 'Transfer-Encoding': 'chunked', 'Connection': 'keep-alive', 'X-Powered-By': 'Express', 'Access-Control-Allow-Origin': '*', 'Cache-Control': 'no-cache', 'ETag': 'W/"490-0jL0E8omM7XcjqaI1JRKfKeCZ0o"', 'Vary': 'Accept-Encoding', 'Content-Encoding': 'gzip', 'CF-Cache-Status': 'DYNAMIC', 'Report-To': '{"endpoints":[{"url":"https:\\/\\/a.nel.cloudflare.com\\/report\\/v4?s=8%2FRtg7pbqy99i5ANrJItaS5YyHopbB7eYK7WEJjqHaBR%2BP2QYhQ0pHwhPWPyW5CzApT32CtEXN5qqSefwKMNN0INDx9%2BLxFRwM0E9AcyiB1%2BJl5oDnw%2FsR28ao3MLJKw"}],"group":"cf-nel","max_age":604800}', 'NEL': '{"success_fraction":0,"report_to":"cf-nel","max_age":604800}', 'Server': 'cloudflare', 'CF-RAY': '8ae3fc6e5c2822f7-ORD', 'alt-svc': 'h3=":443"; ma=86400'} 
 body={"results":[{"gender":"female","name":{"title":"Ms","first":"Lauren","last":"Robertson"},"location":{"street":{"number":9207,"name":"Walnut Hill Ln"},"city":"Darwin","state":"Tasmania","country":"Australia","postcode":7980,"coordinates":{"latitude":"-84.6376","longitude":"161.8424"},"timezone":{"offset":"-1:00","description":"Azores, Cape Verde Islands"}},"email":"lauren.robertson@example.com","login":{"uuid":"8cc6ee4a-60e0-46a5-98b1-9bde9fcdd23d","username":"bigmeercat729","password":"puppies","salt":"c5bAPvMG","md5":"0b7024b05cb92b2e52fb5f8c4492a2cc","sha1":"e374d002ad6f4cb74459f19bac5879367206b360","sha256":"f30be8de1dbe721ab201667aa0a3cd7f367b21308dce14953f78c87f42645aa2"},"dob":{"date":"1991-04-22T15:00:03.660Z","age":33},"registered":{"date":"2019-11-18T02:46:01.483Z","age":4},"phone":"09-7881-2828","cell":"0451-101-037","id":{"name":"TFN","value":"247718885"},"picture":{"large":"https://randomuser.me/api/portraits/women/58.jpg","medium":"https://randomuser.me/api/portraits/med/women/58.jpg","thumbnail":"https://randomuser.me/api/portraits/thumb/women/58.jpg"},"nat":"AU"}],"info":{"seed":"97c47e700083f585","results":1,"page":1,"version":"1.4"}} 
 </msg>
<msg time="2024-08-05T04:18:58.211777" level="INFO">/opt/hostedtoolcache/Python/3.12.4/x64/lib/python3.12/site-packages/urllib3/connectionpool.py:1099: InsecureRequestWarning: Unverified HTTPS request is being made to host 'randomuser.me'. Adding certificate verification is strongly advised. See: https://urllib3.readthedocs.io/en/latest/advanced-usage.html#tls-warnings
  warnings.warn(</msg>
<msg time="2024-08-05T04:18:58.211921" level="INFO">${response} = &lt;Response [200]&gt;</msg>
<var>${response}</var>
<arg>consultarAPI</arg>
<arg>/api</arg>
<doc>Sends a GET request on a previously created HTTP Session.</doc>
<status status="PASS" start="2024-08-05T04:18:56.338479" elapsed="1.873484"/>
</kw>
<kw name="Should Be Equal As Numbers" owner="BuiltIn">
<msg time="2024-08-05T04:18:58.213146" level="INFO">Argument types are:
&lt;class 'int'&gt;
&lt;class 'str'&gt;</msg>
<arg>${response.status_code}</arg>
<arg>200</arg>
<doc>Fails if objects are unequal after converting them to real numbers.</doc>
<status status="PASS" start="2024-08-05T04:18:58.212638" elapsed="0.000575"/>
</kw>
<kw name="Log" owner="BuiltIn">
<msg time="2024-08-05T04:18:58.213877" level="INFO">200</msg>
<arg>${response.status_code}</arg>
<doc>Logs the given message with the given level.</doc>
<status status="PASS" start="2024-08-05T04:18:58.213532" elapsed="0.000387"/>
</kw>
<kw name="Set Variable" owner="BuiltIn">
<msg time="2024-08-05T04:18:58.214653" level="INFO">${json_data} = {'results': [{'gender': 'female', 'name': {'title': 'Ms', 'first': 'Lauren', 'last': 'Robertson'}, 'location': {'street': {'number': 9207, 'name': 'Walnut Hill Ln'}, 'city': 'Darwin', 'state': 'Tasman...</msg>
<var>${json_data}</var>
<arg>${response.json()}</arg>
<doc>Returns the given values which can then be assigned to a variables.</doc>
<status status="PASS" start="2024-08-05T04:18:58.214219" elapsed="0.000462"/>
</kw>
<kw name="Dictionary Should Contain Key" owner="Collections">
<arg>${json_data}</arg>
<arg>results</arg>
<doc>Fails if ``key`` is not found from ``dictionary``.</doc>
<status status="PASS" start="2024-08-05T04:18:58.215003" elapsed="0.000335"/>
</kw>
<status status="PASS" start="2024-08-05T04:18:56.338222" elapsed="1.877270"/>
</kw>
<doc>Testa se a API responde corretamente e retorna um objeto JSON válido.</doc>
<tag>testeRequisicaoBasica</tag>
<status status="PASS" start="2024-08-05T04:18:56.337738" elapsed="1.877929"/>
</test>
<test id="s1-s1-t3" name="Validar estrutura de resposta" line="22">
<kw name="Teste de Estrutura de Resposta" owner="random-user-service">
<kw name="GET On Session" owner="RequestsLibrary">
<msg time="2024-08-05T04:18:59.692895" level="INFO">GET Request : url=https://randomuser.me/api 
 path_url=/api 
 headers={'User-Agent': 'python-requests/2.32.3', 'Accept-Encoding': 'gzip, deflate', 'Accept': '*/*', 'Connection': 'keep-alive'} 
 body=None 
 </msg>
<msg time="2024-08-05T04:18:59.693003" level="INFO">GET Response : url=https://randomuser.me/api 
 status=200, reason=OK 
 headers={'Date': 'Mon, 05 Aug 2024 04:18:59 GMT', 'Content-Type': 'application/json; charset=utf-8', 'Transfer-Encoding': 'chunked', 'Connection': 'keep-alive', 'X-Powered-By': 'Express', 'Access-Control-Allow-Origin': '*', 'Cache-Control': 'no-cache', 'ETag': 'W/"495-XzxbOO1/lxAHi9DfPdhD6AFPMuc"', 'Vary': 'Accept-Encoding', 'Content-Encoding': 'gzip', 'CF-Cache-Status': 'DYNAMIC', 'Report-To': '{"endpoints":[{"url":"https:\\/\\/a.nel.cloudflare.com\\/report\\/v4?s=h9elYc33e9hFVhcCEnmpMcOElOlgNBIXY8TUxlr%2B7c7pRg%2BqGojR2NoE1O1hEOpV4jKqgFduJgFp%2FNXq96KLPxKBt4wSIuIPhktklKK0GjK8EU7phpjanYDrkBDf%2FOz%2B"}],"group":"cf-nel","max_age":604800}', 'NEL': '{"success_fraction":0,"report_to":"cf-nel","max_age":604800}', 'Server': 'cloudflare', 'CF-RAY': '8ae3fc79df2d22f7-ORD', 'alt-svc': 'h3=":443"; ma=86400'} 
 body={"results":[{"gender":"male","name":{"title":"Mr","first":"نيما","last":"کامروا"},"location":{"street":{"number":9429,"name":"پیروزی"},"city":"سنندج","state":"چهارمحال و بختیاری","country":"Iran","postcode":58909,"coordinates":{"latitude":"18.9531","longitude":"-55.6002"},"timezone":{"offset":"+2:00","description":"Kaliningrad, South Africa"}},"email":"nym.khmrw@example.com","login":{"uuid":"ec8ff8b8-827b-4f41-8829-2b4ef9f00200","username":"blackmeercat257","password":"kicker","salt":"FkCU7qgH","md5":"4c4f71c6f1a752256bdfc5f78811938a","sha1":"7f8daf7f5f3d2990cd5c9e92e9e0c2f25384b7e3","sha256":"f4058eab2bfee82462cbc88f53f9f6672b70b2b47388019ba929152854242233"},"dob":{"date":"1985-11-20T01:11:33.887Z","age":38},"registered":{"date":"2007-06-08T10:03:35.224Z","age":17},"phone":"096-90010072","cell":"0944-960-3915","id":{"name":"","value":null},"picture":{"large":"https://randomuser.me/api/portraits/men/88.jpg","medium":"https://randomuser.me/api/portraits/med/men/88.jpg","thumbnail":"https://randomuser.me/api/portraits/thumb/men/88.jpg"},"nat":"IR"}],"info":{"seed":"a1a92b866cf1f81a","results":1,"page":1,"version":"1.4"}} 
 </msg>
<msg time="2024-08-05T04:18:59.693142" level="INFO">/opt/hostedtoolcache/Python/3.12.4/x64/lib/python3.12/site-packages/urllib3/connectionpool.py:1099: InsecureRequestWarning: Unverified HTTPS request is being made to host 'randomuser.me'. Adding certificate verification is strongly advised. See: https://urllib3.readthedocs.io/en/latest/advanced-usage.html#tls-warnings
  warnings.warn(</msg>
<msg time="2024-08-05T04:18:59.693277" level="INFO">${response} = &lt;Response [200]&gt;</msg>
<var>${response}</var>
<arg>consultarAPI</arg>
<arg>/api</arg>
<doc>Sends a GET request on a previously created HTTP Session.</doc>
<status status="PASS" start="2024-08-05T04:18:58.218329" elapsed="1.474990"/>
</kw>
<kw name="Set Variable" owner="BuiltIn">
<msg time="2024-08-05T04:18:59.694567" level="INFO">${json_data} = {'results': [{'gender': 'male', 'name': {'title': 'Mr', 'first': 'نيما', 'last': 'کامروا'}, 'location': {'street': {'number': 9429, 'name': 'پیروزی'}, 'city': 'سنندج', 'state': 'چهارمحال و بختیاری', '...</msg>
<var>${json_data}</var>
<arg>${response.json()}</arg>
<doc>Returns the given values which can then be assigned to a variables.</doc>
<status status="PASS" start="2024-08-05T04:18:59.693966" elapsed="0.000631"/>
</kw>
<kw name="Log" owner="BuiltIn">
<msg time="2024-08-05T04:18:59.695126" level="INFO">{'results': [{'gender': 'male', 'name': {'title': 'Mr', 'first': 'نيما', 'last': 'کامروا'}, 'location': {'street': {'number': 9429, 'name': 'پیروزی'}, 'city': 'سنندج', 'state': 'چهارمحال و بختیاری', 'country': 'Iran', 'postcode': 58909, 'coordinates': {'latitude': '18.9531', 'longitude': '-55.6002'}, 'timezone': {'offset': '+2:00', 'description': 'Kaliningrad, South Africa'}}, 'email': 'nym.khmrw@example.com', 'login': {'uuid': 'ec8ff8b8-827b-4f41-8829-2b4ef9f00200', 'username': 'blackmeercat257', 'password': 'kicker', 'salt': 'FkCU7qgH', 'md5': '4c4f71c6f1a752256bdfc5f78811938a', 'sha1': '7f8daf7f5f3d2990cd5c9e92e9e0c2f25384b7e3', 'sha256': 'f4058eab2bfee82462cbc88f53f9f6672b70b2b47388019ba929152854242233'}, 'dob': {'date': '1985-11-20T01:11:33.887Z', 'age': 38}, 'registered': {'date': '2007-06-08T10:03:35.224Z', 'age': 17}, 'phone': '096-90010072', 'cell': '0944-960-3915', 'id': {'name': '', 'value': None}, 'picture': {'large': 'https://randomuser.me/api/portraits/men/88.jpg', 'medium': 'https://randomuser.me/api/portraits/med/men/88.jpg', 'thumbnail': 'https://randomuser.me/api/portraits/thumb/men/88.jpg'}, 'nat': 'IR'}], 'info': {'seed': 'a1a92b866cf1f81a', 'results': 1, 'page': 1, 'version': '1.4'}}</msg>
<arg>${json_data}</arg>
<doc>Logs the given message with the given level.</doc>
<status status="PASS" start="2024-08-05T04:18:59.694918" elapsed="0.000268"/>
</kw>
<kw name="Dictionary Should Contain Key" owner="Collections">
<arg>${json_data}</arg>
<arg>results</arg>
<doc>Fails if ``key`` is not found from ``dictionary``.</doc>
<status status="PASS" start="2024-08-05T04:18:59.695487" elapsed="0.000171"/>
</kw>
<kw name="Should Not Be Empty" owner="BuiltIn">
<msg time="2024-08-05T04:18:59.695962" level="INFO">Length is 2.</msg>
<arg>${json_data}</arg>
<doc>Verifies that the given item is not empty.</doc>
<status status="PASS" start="2024-08-05T04:18:59.695838" elapsed="0.000161"/>
</kw>
<kw name="Create List" owner="BuiltIn">
<msg time="2024-08-05T04:18:59.696429" level="INFO">${expected_keys} = ['gender', 'name', 'location', 'email', 'login']</msg>
<var>${expected_keys}</var>
<arg>gender</arg>
<arg>name</arg>
<arg>location</arg>
<arg>email</arg>
<arg>login</arg>
<doc>Returns a list containing given items.</doc>
<status status="PASS" start="2024-08-05T04:18:59.696281" elapsed="0.000171"/>
</kw>
<for flavor="IN">
<iter>
<kw name="Dictionary Should Contain Key" owner="Collections">
<arg>${json_data['results'][0]}</arg>
<arg>${key}</arg>
<doc>Fails if ``key`` is not found from ``dictionary``.</doc>
<status status="PASS" start="2024-08-05T04:18:59.697029" elapsed="0.000413"/>
</kw>
<kw name="Log" owner="BuiltIn">
<msg time="2024-08-05T04:18:59.697998" level="INFO">{'gender': 'male', 'name': {'title': 'Mr', 'first': 'نيما', 'last': 'کامروا'}, 'location': {'street': {'number': 9429, 'name': 'پیروزی'}, 'city': 'سنندج', 'state': 'چهارمحال و بختیاری', 'country': 'Iran', 'postcode': 58909, 'coordinates': {'latitude': '18.9531', 'longitude': '-55.6002'}, 'timezone': {'offset': '+2:00', 'description': 'Kaliningrad, South Africa'}}, 'email': 'nym.khmrw@example.com', 'login': {'uuid': 'ec8ff8b8-827b-4f41-8829-2b4ef9f00200', 'username': 'blackmeercat257', 'password': 'kicker', 'salt': 'FkCU7qgH', 'md5': '4c4f71c6f1a752256bdfc5f78811938a', 'sha1': '7f8daf7f5f3d2990cd5c9e92e9e0c2f25384b7e3', 'sha256': 'f4058eab2bfee82462cbc88f53f9f6672b70b2b47388019ba929152854242233'}, 'dob': {'date': '1985-11-20T01:11:33.887Z', 'age': 38}, 'registered': {'date': '2007-06-08T10:03:35.224Z', 'age': 17}, 'phone': '096-90010072', 'cell': '0944-960-3915', 'id': {'name': '', 'value': None}, 'picture': {'large': 'https://randomuser.me/api/portraits/men/88.jpg', 'medium': 'https://randomuser.me/api/portraits/med/men/88.jpg', 'thumbnail': 'https://randomuser.me/api/portraits/thumb/men/88.jpg'}, 'nat': 'IR'}</msg>
<arg>${json_data['results'][0]}</arg>
<doc>Logs the given message with the given level.</doc>
<status status="PASS" start="2024-08-05T04:18:59.697636" elapsed="0.000414"/>
</kw>
<kw name="Log" owner="BuiltIn">
<msg time="2024-08-05T04:18:59.698478" level="INFO">gender</msg>
<arg>${key}</arg>
<doc>Logs the given message with the given level.</doc>
<status status="PASS" start="2024-08-05T04:18:59.698348" elapsed="0.000168"/>
</kw>
<var name="${key}">gender</var>
<status status="PASS" start="2024-08-05T04:18:59.696905" elapsed="0.001828"/>
</iter>
<iter>
<kw name="Dictionary Should Contain Key" owner="Collections">
<arg>${json_data['results'][0]}</arg>
<arg>${key}</arg>
<doc>Fails if ``key`` is not found from ``dictionary``.</doc>
<status status="PASS" start="2024-08-05T04:18:59.699055" elapsed="0.000408"/>
</kw>
<kw name="Log" owner="BuiltIn">
<msg time="2024-08-05T04:18:59.700045" level="INFO">{'gender': 'male', 'name': {'title': 'Mr', 'first': 'نيما', 'last': 'کامروا'}, 'location': {'street': {'number': 9429, 'name': 'پیروزی'}, 'city': 'سنندج', 'state': 'چهارمحال و بختیاری', 'country': 'Iran', 'postcode': 58909, 'coordinates': {'latitude': '18.9531', 'longitude': '-55.6002'}, 'timezone': {'offset': '+2:00', 'description': 'Kaliningrad, South Africa'}}, 'email': 'nym.khmrw@example.com', 'login': {'uuid': 'ec8ff8b8-827b-4f41-8829-2b4ef9f00200', 'username': 'blackmeercat257', 'password': 'kicker', 'salt': 'FkCU7qgH', 'md5': '4c4f71c6f1a752256bdfc5f78811938a', 'sha1': '7f8daf7f5f3d2990cd5c9e92e9e0c2f25384b7e3', 'sha256': 'f4058eab2bfee82462cbc88f53f9f6672b70b2b47388019ba929152854242233'}, 'dob': {'date': '1985-11-20T01:11:33.887Z', 'age': 38}, 'registered': {'date': '2007-06-08T10:03:35.224Z', 'age': 17}, 'phone': '096-90010072', 'cell': '0944-960-3915', 'id': {'name': '', 'value': None}, 'picture': {'large': 'https://randomuser.me/api/portraits/men/88.jpg', 'medium': 'https://randomuser.me/api/portraits/med/men/88.jpg', 'thumbnail': 'https://randomuser.me/api/portraits/thumb/men/88.jpg'}, 'nat': 'IR'}</msg>
<arg>${json_data['results'][0]}</arg>
<doc>Logs the given message with the given level.</doc>
<status status="PASS" start="2024-08-05T04:18:59.699649" elapsed="0.000448"/>
</kw>
<kw name="Log" owner="BuiltIn">
<msg time="2024-08-05T04:18:59.700524" level="INFO">name</msg>
<arg>${key}</arg>
<doc>Logs the given message with the given level.</doc>
<status status="PASS" start="2024-08-05T04:18:59.700394" elapsed="0.000167"/>
</kw>
<var name="${key}">name</var>
<status status="PASS" start="2024-08-05T04:18:59.698917" elapsed="0.001862"/>
</iter>
<iter>
<kw name="Dictionary Should Contain Key" owner="Collections">
<arg>${json_data['results'][0]}</arg>
<arg>${key}</arg>
<doc>Fails if ``key`` is not found from ``dictionary``.</doc>
<status status="PASS" start="2024-08-05T04:18:59.701065" elapsed="0.000385"/>
</kw>
<kw name="Log" owner="BuiltIn">
<msg time="2024-08-05T04:18:59.701987" level="INFO">{'gender': 'male', 'name': {'title': 'Mr', 'first': 'نيما', 'last': 'کامروا'}, 'location': {'street': {'number': 9429, 'name': 'پیروزی'}, 'city': 'سنندج', 'state': 'چهارمحال و بختیاری', 'country': 'Iran', 'postcode': 58909, 'coordinates': {'latitude': '18.9531', 'longitude': '-55.6002'}, 'timezone': {'offset': '+2:00', 'description': 'Kaliningrad, South Africa'}}, 'email': 'nym.khmrw@example.com', 'login': {'uuid': 'ec8ff8b8-827b-4f41-8829-2b4ef9f00200', 'username': 'blackmeercat257', 'password': 'kicker', 'salt': 'FkCU7qgH', 'md5': '4c4f71c6f1a752256bdfc5f78811938a', 'sha1': '7f8daf7f5f3d2990cd5c9e92e9e0c2f25384b7e3', 'sha256': 'f4058eab2bfee82462cbc88f53f9f6672b70b2b47388019ba929152854242233'}, 'dob': {'date': '1985-11-20T01:11:33.887Z', 'age': 38}, 'registered': {'date': '2007-06-08T10:03:35.224Z', 'age': 17}, 'phone': '096-90010072', 'cell': '0944-960-3915', 'id': {'name': '', 'value': None}, 'picture': {'large': 'https://randomuser.me/api/portraits/men/88.jpg', 'medium': 'https://randomuser.me/api/portraits/med/men/88.jpg', 'thumbnail': 'https://randomuser.me/api/portraits/thumb/men/88.jpg'}, 'nat': 'IR'}</msg>
<arg>${json_data['results'][0]}</arg>
<doc>Logs the given message with the given level.</doc>
<status status="PASS" start="2024-08-05T04:18:59.701636" elapsed="0.000400"/>
</kw>
<kw name="Log" owner="BuiltIn">
<msg time="2024-08-05T04:18:59.702470" level="INFO">location</msg>
<arg>${key}</arg>
<doc>Logs the given message with the given level.</doc>
<status status="PASS" start="2024-08-05T04:18:59.702340" elapsed="0.000168"/>
</kw>
<var name="${key}">location</var>
<status status="PASS" start="2024-08-05T04:18:59.700956" elapsed="0.001773"/>
</iter>
<iter>
<kw name="Dictionary Should Contain Key" owner="Collections">
<arg>${json_data['results'][0]}</arg>
<arg>${key}</arg>
<doc>Fails if ``key`` is not found from ``dictionary``.</doc>
<status status="PASS" start="2024-08-05T04:18:59.703038" elapsed="0.000399"/>
</kw>
<kw name="Log" owner="BuiltIn">
<msg time="2024-08-05T04:18:59.704104" level="INFO">{'gender': 'male', 'name': {'title': 'Mr', 'first': 'نيما', 'last': 'کامروا'}, 'location': {'street': {'number': 9429, 'name': 'پیروزی'}, 'city': 'سنندج', 'state': 'چهارمحال و بختیاری', 'country': 'Iran', 'postcode': 58909, 'coordinates': {'latitude': '18.9531', 'longitude': '-55.6002'}, 'timezone': {'offset': '+2:00', 'description': 'Kaliningrad, South Africa'}}, 'email': 'nym.khmrw@example.com', 'login': {'uuid': 'ec8ff8b8-827b-4f41-8829-2b4ef9f00200', 'username': 'blackmeercat257', 'password': 'kicker', 'salt': 'FkCU7qgH', 'md5': '4c4f71c6f1a752256bdfc5f78811938a', 'sha1': '7f8daf7f5f3d2990cd5c9e92e9e0c2f25384b7e3', 'sha256': 'f4058eab2bfee82462cbc88f53f9f6672b70b2b47388019ba929152854242233'}, 'dob': {'date': '1985-11-20T01:11:33.887Z', 'age': 38}, 'registered': {'date': '2007-06-08T10:03:35.224Z', 'age': 17}, 'phone': '096-90010072', 'cell': '0944-960-3915', 'id': {'name': '', 'value': None}, 'picture': {'large': 'https://randomuser.me/api/portraits/men/88.jpg', 'medium': 'https://randomuser.me/api/portraits/med/men/88.jpg', 'thumbnail': 'https://randomuser.me/api/portraits/thumb/men/88.jpg'}, 'nat': 'IR'}</msg>
<arg>${json_data['results'][0]}</arg>
<doc>Logs the given message with the given level.</doc>
<status status="PASS" start="2024-08-05T04:18:59.703742" elapsed="0.000412"/>
</kw>
<kw name="Log" owner="BuiltIn">
<msg time="2024-08-05T04:18:59.704582" level="INFO">email</msg>
<arg>${key}</arg>
<doc>Logs the given message with the given level.</doc>
<status status="PASS" start="2024-08-05T04:18:59.704454" elapsed="0.000165"/>
</kw>
<var name="${key}">email</var>
<status status="PASS" start="2024-08-05T04:18:59.702900" elapsed="0.001941"/>
</iter>
<iter>
<kw name="Dictionary Should Contain Key" owner="Collections">
<arg>${json_data['results'][0]}</arg>
<arg>${key}</arg>
<doc>Fails if ``key`` is not found from ``dictionary``.</doc>
<status status="PASS" start="2024-08-05T04:18:59.705123" elapsed="0.000393"/>
</kw>
<kw name="Log" owner="BuiltIn">
<msg time="2024-08-05T04:18:59.706054" level="INFO">{'gender': 'male', 'name': {'title': 'Mr', 'first': 'نيما', 'last': 'کامروا'}, 'location': {'street': {'number': 9429, 'name': 'پیروزی'}, 'city': 'سنندج', 'state': 'چهارمحال و بختیاری', 'country': 'Iran', 'postcode': 58909, 'coordinates': {'latitude': '18.9531', 'longitude': '-55.6002'}, 'timezone': {'offset': '+2:00', 'description': 'Kaliningrad, South Africa'}}, 'email': 'nym.khmrw@example.com', 'login': {'uuid': 'ec8ff8b8-827b-4f41-8829-2b4ef9f00200', 'username': 'blackmeercat257', 'password': 'kicker', 'salt': 'FkCU7qgH', 'md5': '4c4f71c6f1a752256bdfc5f78811938a', 'sha1': '7f8daf7f5f3d2990cd5c9e92e9e0c2f25384b7e3', 'sha256': 'f4058eab2bfee82462cbc88f53f9f6672b70b2b47388019ba929152854242233'}, 'dob': {'date': '1985-11-20T01:11:33.887Z', 'age': 38}, 'registered': {'date': '2007-06-08T10:03:35.224Z', 'age': 17}, 'phone': '096-90010072', 'cell': '0944-960-3915', 'id': {'name': '', 'value': None}, 'picture': {'large': 'https://randomuser.me/api/portraits/men/88.jpg', 'medium': 'https://randomuser.me/api/portraits/med/men/88.jpg', 'thumbnail': 'https://randomuser.me/api/portraits/thumb/men/88.jpg'}, 'nat': 'IR'}</msg>
<arg>${json_data['results'][0]}</arg>
<doc>Logs the given message with the given level.</doc>
<status status="PASS" start="2024-08-05T04:18:59.705699" elapsed="0.000405"/>
</kw>
<kw name="Log" owner="BuiltIn">
<msg time="2024-08-05T04:18:59.706530" level="INFO">login</msg>
<arg>${key}</arg>
<doc>Logs the given message with the given level.</doc>
<status status="PASS" start="2024-08-05T04:18:59.706400" elapsed="0.000166"/>
</kw>
<var name="${key}">login</var>
<status status="PASS" start="2024-08-05T04:18:59.705015" elapsed="0.001768"/>
</iter>
<var>${key}</var>
<value>@{expected_keys}</value>
<status status="PASS" start="2024-08-05T04:18:59.696709" elapsed="0.010196"/>
</for>
<kw name="Create List" owner="BuiltIn">
<msg time="2024-08-05T04:18:59.707308" level="INFO">${expected_keysTwo} = ['username', 'password']</msg>
<var>${expected_keysTwo}</var>
<arg>username</arg>
<arg>password</arg>
<doc>Returns a list containing given items.</doc>
<status status="PASS" start="2024-08-05T04:18:59.707136" elapsed="0.000196"/>
</kw>
<for flavor="IN">
<iter>
<kw name="Dictionary Should Contain Key" owner="Collections">
<arg>${json_data['results'][0]['login']}</arg>
<arg>${keyTwo}</arg>
<doc>Fails if ``key`` is not found from ``dictionary``.</doc>
<status status="PASS" start="2024-08-05T04:18:59.707833" elapsed="0.000394"/>
</kw>
<kw name="Dictionary Should Contain Key" owner="Collections">
<arg>${json_data['results'][0]['login']}</arg>
<arg>${keyTwo}</arg>
<doc>Fails if ``key`` is not found from ``dictionary``.</doc>
<status status="PASS" start="2024-08-05T04:18:59.708408" elapsed="0.000378"/>
</kw>
<kw name="Log" owner="BuiltIn">
<msg time="2024-08-05T04:18:59.709086" level="INFO">username</msg>
<arg>${keyTwo}</arg>
<doc>Logs the given message with the given level.</doc>
<status status="PASS" start="2024-08-05T04:18:59.708964" elapsed="0.000159"/>
</kw>
<var name="${keyTwo}">username</var>
<status status="PASS" start="2024-08-05T04:18:59.707725" elapsed="0.001616"/>
</iter>
<iter>
<kw name="Dictionary Should Contain Key" owner="Collections">
<arg>${json_data['results'][0]['login']}</arg>
<arg>${keyTwo}</arg>
<doc>Fails if ``key`` is not found from ``dictionary``.</doc>
<status status="PASS" start="2024-08-05T04:18:59.709618" elapsed="0.000387"/>
</kw>
<kw name="Dictionary Should Contain Key" owner="Collections">
<arg>${json_data['results'][0]['login']}</arg>
<arg>${keyTwo}</arg>
<doc>Fails if ``key`` is not found from ``dictionary``.</doc>
<status status="PASS" start="2024-08-05T04:18:59.710182" elapsed="0.000363"/>
</kw>
<kw name="Log" owner="BuiltIn">
<msg time="2024-08-05T04:18:59.710839" level="INFO">password</msg>
<arg>${keyTwo}</arg>
<doc>Logs the given message with the given level.</doc>
<status status="PASS" start="2024-08-05T04:18:59.710720" elapsed="0.000156"/>
</kw>
<var name="${keyTwo}">password</var>
<status status="PASS" start="2024-08-05T04:18:59.709513" elapsed="0.001612"/>
</iter>
<var>${keyTwo}</var>
<value>@{expected_keysTwo}</value>
<status status="PASS" start="2024-08-05T04:18:59.707572" elapsed="0.003671"/>
</for>
<status status="PASS" start="2024-08-05T04:18:58.218094" elapsed="1.493292"/>
</kw>
<doc>Testa a estrutura da resposta da API.</doc>
<tag>testeEstruturaResposta</tag>
<status status="PASS" start="2024-08-05T04:18:58.217491" elapsed="1.494056"/>
</test>
<test id="s1-s1-t4" name="Validar tipos de dados" line="28">
<kw name="Teste de Tipos de Dados" owner="random-user-service">
<kw name="GET On Session" owner="RequestsLibrary">
<msg time="2024-08-05T04:19:01.078737" level="INFO">GET Request : url=https://randomuser.me/api 
 path_url=/api 
 headers={'User-Agent': 'python-requests/2.32.3', 'Accept-Encoding': 'gzip, deflate', 'Accept': '*/*', 'Connection': 'keep-alive'} 
 body=None 
 </msg>
<msg time="2024-08-05T04:19:01.078840" level="INFO">GET Response : url=https://randomuser.me/api 
 status=200, reason=OK 
 headers={'Date': 'Mon, 05 Aug 2024 04:19:01 GMT', 'Content-Type': 'application/json; charset=utf-8', 'Transfer-Encoding': 'chunked', 'Connection': 'keep-alive', 'X-Powered-By': 'Express', 'Access-Control-Allow-Origin': '*', 'Cache-Control': 'no-cache', 'ETag': 'W/"46f-cjuAT8EU2Ni70vCwmH+voLTPIGY"', 'Vary': 'Accept-Encoding', 'Content-Encoding': 'gzip', 'CF-Cache-Status': 'DYNAMIC', 'Report-To': '{"endpoints":[{"url":"https:\\/\\/a.nel.cloudflare.com\\/report\\/v4?s=CxJNA6%2BD2zze1w3Le3YiKV3N2kBqSEifLgEMwoDwxZi7TMsLNLOTdhxUYLemn2c2VXCsxfbLhPyOfeWkx2eazMzZ2mouWYWc433QBzLOZdFnbq7bad6zWLNKNIzHQI0Y"}],"group":"cf-nel","max_age":604800}', 'NEL': '{"success_fraction":0,"report_to":"cf-nel","max_age":604800}', 'Server': 'cloudflare', 'CF-RAY': '8ae3fc83382122f7-ORD', 'alt-svc': 'h3=":443"; ma=86400'} 
 body={"results":[{"gender":"female","name":{"title":"Ms","first":"Melissa","last":"Kennedy"},"location":{"street":{"number":4744,"name":"Green Lane"},"city":"Dublin","state":"Wicklow","country":"Ireland","postcode":61123,"coordinates":{"latitude":"2.4635","longitude":"131.1917"},"timezone":{"offset":"+3:30","description":"Tehran"}},"email":"melissa.kennedy@example.com","login":{"uuid":"b7c9745f-9653-40d4-9207-e4db69c98dd3","username":"heavywolf338","password":"7grout","salt":"yvpaZqKk","md5":"1c25c4429305cd05ec3b33412b5a0a0d","sha1":"78d3d321b7baa66db0f5786fa51ade0aa9627992","sha256":"9997acac505da756099d3f1075cb0c95e6ff5f09162ccc176877ce172c426f64"},"dob":{"date":"1993-03-03T18:48:15.056Z","age":31},"registered":{"date":"2016-12-27T16:55:58.729Z","age":7},"phone":"041-755-8826","cell":"081-132-2075","id":{"name":"PPS","value":"2241146T"},"picture":{"large":"https://randomuser.me/api/portraits/women/37.jpg","medium":"https://randomuser.me/api/portraits/med/women/37.jpg","thumbnail":"https://randomuser.me/api/portraits/thumb/women/37.jpg"},"nat":"IE"}],"info":{"seed":"6e5d25d635d4e638","results":1,"page":1,"version":"1.4"}} 
 </msg>
<msg time="2024-08-05T04:19:01.078911" level="INFO">/opt/hostedtoolcache/Python/3.12.4/x64/lib/python3.12/site-packages/urllib3/connectionpool.py:1099: InsecureRequestWarning: Unverified HTTPS request is being made to host 'randomuser.me'. Adding certificate verification is strongly advised. See: https://urllib3.readthedocs.io/en/latest/advanced-usage.html#tls-warnings
  warnings.warn(</msg>
<msg time="2024-08-05T04:19:01.079088" level="INFO">${response} = &lt;Response [200]&gt;</msg>
<var>${response}</var>
<arg>consultarAPI</arg>
<arg>/api</arg>
<doc>Sends a GET request on a previously created HTTP Session.</doc>
<status status="PASS" start="2024-08-05T04:18:59.714092" elapsed="1.365037"/>
</kw>
<kw name="Set Variable" owner="BuiltIn">
<msg time="2024-08-05T04:19:01.080379" level="INFO">${json_data} = {'results': [{'gender': 'female', 'name': {'title': 'Ms', 'first': 'Melissa', 'last': 'Kennedy'}, 'location': {'street': {'number': 4744, 'name': 'Green Lane'}, 'city': 'Dublin', 'state': 'Wicklow', '...</msg>
<var>${json_data}</var>
<arg>${response.json()}</arg>
<doc>Returns the given values which can then be assigned to a variables.</doc>
<status status="PASS" start="2024-08-05T04:19:01.079796" elapsed="0.000614"/>
</kw>
<kw name="Log" owner="BuiltIn">
<msg time="2024-08-05T04:19:01.080958" level="INFO">{'results': [{'gender': 'female', 'name': {'title': 'Ms', 'first': 'Melissa', 'last': 'Kennedy'}, 'location': {'street': {'number': 4744, 'name': 'Green Lane'}, 'city': 'Dublin', 'state': 'Wicklow', 'country': 'Ireland', 'postcode': 61123, 'coordinates': {'latitude': '2.4635', 'longitude': '131.1917'}, 'timezone': {'offset': '+3:30', 'description': 'Tehran'}}, 'email': 'melissa.kennedy@example.com', 'login': {'uuid': 'b7c9745f-9653-40d4-9207-e4db69c98dd3', 'username': 'heavywolf338', 'password': '7grout', 'salt': 'yvpaZqKk', 'md5': '1c25c4429305cd05ec3b33412b5a0a0d', 'sha1': '78d3d321b7baa66db0f5786fa51ade0aa9627992', 'sha256': '9997acac505da756099d3f1075cb0c95e6ff5f09162ccc176877ce172c426f64'}, 'dob': {'date': '1993-03-03T18:48:15.056Z', 'age': 31}, 'registered': {'date': '2016-12-27T16:55:58.729Z', 'age': 7}, 'phone': '041-755-8826', 'cell': '081-132-2075', 'id': {'name': 'PPS', 'value': '2241146T'}, 'picture': {'large': 'https://randomuser.me/api/portraits/women/37.jpg', 'medium': 'https://randomuser.me/api/portraits/med/women/37.jpg', 'thumbnail': 'https://randomuser.me/api/portraits/thumb/women/37.jpg'}, 'nat': 'IE'}], 'info': {'seed': '6e5d25d635d4e638', 'results': 1, 'page': 1, 'version': '1.4'}}</msg>
<arg>${json_data}</arg>
<doc>Logs the given message with the given level.</doc>
<status status="PASS" start="2024-08-05T04:19:01.080794" elapsed="0.000214"/>
</kw>
<kw name="Should Be String" owner="String">
<arg>${json_data['results'][0]['gender']}</arg>
<doc>Fails if the given ``item`` is not a string.</doc>
<status status="PASS" start="2024-08-05T04:19:01.081312" elapsed="0.000421"/>
</kw>
<kw name="Should Match Regexp" owner="BuiltIn">
<arg>${json_data['results'][0]['email']}</arg>
<arg>^[a-zA-Z0-9._%+-]+@[a-zA-Z0-9.-]+\.[a-zA-Z]{2,}$</arg>
<doc>Fails if ``string`` does not match ``pattern`` as a regular expression.</doc>
<status status="PASS" start="2024-08-05T04:19:01.081934" elapsed="0.000539"/>
</kw>
<kw name="Should Match Regexp" owner="BuiltIn">
<arg>${json_data['results'][0]['dob']['date']}</arg>
<arg>\\d{4}-\\d{2}-\\d{2}T\\d{2}:\\d{2}:\\d{2}\\.\\d{3}Z</arg>
<doc>Fails if ``string`` does not match ``pattern`` as a regular expression.</doc>
<status status="PASS" start="2024-08-05T04:19:01.082720" elapsed="0.000748"/>
</kw>
<kw name="Should Match Regexp" owner="BuiltIn">
<arg>${json_data['results'][0]['registered']['date']}</arg>
<arg>\\d{4}-\\d{2}-\\d{2}T\\d{2}:\\d{2}:\\d{2}\\.\\d{3}Z</arg>
<doc>Fails if ``string`` does not match ``pattern`` as a regular expression.</doc>
<status status="PASS" start="2024-08-05T04:19:01.083673" elapsed="0.000388"/>
</kw>
<kw name="Should Match Regexp" owner="BuiltIn">
<arg>${json_data['results'][0]['picture']['large']}</arg>
<arg>^https?://.*\.(?:png|jpe?g|gif|bmp)$</arg>
<doc>Fails if ``string`` does not match ``pattern`` as a regular expression.</doc>
<status status="PASS" start="2024-08-05T04:19:01.084249" elapsed="0.000483"/>
</kw>
<kw name="Should Match Regexp" owner="BuiltIn">
<arg>${json_data['results'][0]['picture']['medium']}</arg>
<arg>^https?://.*\.(?:png|jpe?g|gif|bmp)$</arg>
<doc>Fails if ``string`` does not match ``pattern`` as a regular expression.</doc>
<status status="PASS" start="2024-08-05T04:19:01.084928" elapsed="0.000372"/>
</kw>
<kw name="Should Match Regexp" owner="BuiltIn">
<arg>${json_data['results'][0]['picture']['thumbnail']}</arg>
<arg>^https?://.*\.(?:png|jpe?g|gif|bmp)$</arg>
<doc>Fails if ``string`` does not match ``pattern`` as a regular expression.</doc>
<status status="PASS" start="2024-08-05T04:19:01.085487" elapsed="0.000358"/>
</kw>
<kw name="Log" owner="BuiltIn">
<msg time="2024-08-05T04:19:01.086363" level="INFO">{'large': 'https://randomuser.me/api/portraits/women/37.jpg', 'medium': 'https://randomuser.me/api/portraits/med/women/37.jpg', 'thumbnail': 'https://randomuser.me/api/portraits/thumb/women/37.jpg'}</msg>
<arg>${json_data['results'][0]['picture']}</arg>
<doc>Logs the given message with the given level.</doc>
<status status="PASS" start="2024-08-05T04:19:01.086029" elapsed="0.000381"/>
</kw>
<status status="PASS" start="2024-08-05T04:18:59.713857" elapsed="1.372895"/>
</kw>
<kw name="Teste de Tipos de Dados - Postcode" owner="random-user-service">
<kw name="GET On Session" owner="RequestsLibrary">
<msg time="2024-08-05T04:19:02.524586" level="INFO">GET Request : url=https://randomuser.me/api 
 path_url=/api 
 headers={'User-Agent': 'python-requests/2.32.3', 'Accept-Encoding': 'gzip, deflate', 'Accept': '*/*', 'Connection': 'keep-alive'} 
 body=None 
 </msg>
<msg time="2024-08-05T04:19:02.524702" level="INFO">GET Response : url=https://randomuser.me/api 
 status=200, reason=OK 
 headers={'Date': 'Mon, 05 Aug 2024 04:19:02 GMT', 'Content-Type': 'application/json; charset=utf-8', 'Transfer-Encoding': 'chunked', 'Connection': 'keep-alive', 'X-Powered-By': 'Express', 'Access-Control-Allow-Origin': '*', 'Cache-Control': 'no-cache', 'ETag': 'W/"496-VTW0tiebGNoa6CRsTXllUNbvS0U"', 'Vary': 'Accept-Encoding', 'Content-Encoding': 'gzip', 'CF-Cache-Status': 'DYNAMIC', 'Report-To': '{"endpoints":[{"url":"https:\\/\\/a.nel.cloudflare.com\\/report\\/v4?s=SE7O2TOYuIQPFrs%2B7R8k0GYh1mGT161QC64DkL3ISR9%2FzDC9%2B4CxAejD%2BZbQ40ViBpYPrnGUe3fQHHgsRFZnZId62pMIgDljdXHE26d8e%2Fb0XXeYE3X%2BrwC3me7DETXK"}],"group":"cf-nel","max_age":604800}', 'NEL': '{"success_fraction":0,"report_to":"cf-nel","max_age":604800}', 'Server': 'cloudflare', 'CF-RAY': '8ae3fc8bc89a22f7-ORD', 'alt-svc': 'h3=":443"; ma=86400'} 
 body={"results":[{"gender":"female","name":{"title":"Ms","first":"Nina","last":"Wright"},"location":{"street":{"number":6560,"name":"Maxwell Road"},"city":"Masterton","state":"Wellington","country":"New Zealand","postcode":46964,"coordinates":{"latitude":"53.3325","longitude":"131.1955"},"timezone":{"offset":"+5:00","description":"Ekaterinburg, Islamabad, Karachi, Tashkent"}},"email":"nina.wright@example.com","login":{"uuid":"bffaa87e-6380-499e-aa70-71a14a12be7d","username":"angryladybug191","password":"joker","salt":"nGcKJ54O","md5":"a723c55e53171883715307db5449538a","sha1":"8f3a0373cf56a3d0c147d90ffda5d6766eeda7ca","sha256":"7d253570f711c1998d19a82555b768760972ce53c7bd19120c4faef494eb4221"},"dob":{"date":"1980-07-13T01:09:10.883Z","age":44},"registered":{"date":"2004-05-31T23:21:43.511Z","age":20},"phone":"(611)-794-8397","cell":"(755)-081-4363","id":{"name":"","value":null},"picture":{"large":"https://randomuser.me/api/portraits/women/27.jpg","medium":"https://randomuser.me/api/portraits/med/women/27.jpg","thumbnail":"https://randomuser.me/api/portraits/thumb/women/27.jpg"},"nat":"NZ"}],"info":{"seed":"4cde2f2918b43ef1","results":1,"page":1,"version":"1.4"}} 
 </msg>
<msg time="2024-08-05T04:19:02.524785" level="INFO">/opt/hostedtoolcache/Python/3.12.4/x64/lib/python3.12/site-packages/urllib3/connectionpool.py:1099: InsecureRequestWarning: Unverified HTTPS request is being made to host 'randomuser.me'. Adding certificate verification is strongly advised. See: https://urllib3.readthedocs.io/en/latest/advanced-usage.html#tls-warnings
  warnings.warn(</msg>
<msg time="2024-08-05T04:19:02.524934" level="INFO">${response} = &lt;Response [200]&gt;</msg>
<var>${response}</var>
<arg>consultarAPI</arg>
<arg>/api</arg>
<doc>Sends a GET request on a previously created HTTP Session.</doc>
<status status="PASS" start="2024-08-05T04:19:01.087275" elapsed="1.437716"/>
</kw>
<kw name="Set Variable" owner="BuiltIn">
<msg time="2024-08-05T04:19:02.526255" level="INFO">${json_data} = {'results': [{'gender': 'female', 'name': {'title': 'Ms', 'first': 'Nina', 'last': 'Wright'}, 'location': {'street': {'number': 6560, 'name': 'Maxwell Road'}, 'city': 'Masterton', 'state': 'Wellington...</msg>
<var>${json_data}</var>
<arg>${response.json()}</arg>
<doc>Returns the given values which can then be assigned to a variables.</doc>
<status status="PASS" start="2024-08-05T04:19:02.525675" elapsed="0.000611"/>
</kw>
<kw name="Log" owner="BuiltIn">
<msg time="2024-08-05T04:19:02.526793" level="INFO">{'results': [{'gender': 'female', 'name': {'title': 'Ms', 'first': 'Nina', 'last': 'Wright'}, 'location': {'street': {'number': 6560, 'name': 'Maxwell Road'}, 'city': 'Masterton', 'state': 'Wellington', 'country': 'New Zealand', 'postcode': 46964, 'coordinates': {'latitude': '53.3325', 'longitude': '131.1955'}, 'timezone': {'offset': '+5:00', 'description': 'Ekaterinburg, Islamabad, Karachi, Tashkent'}}, 'email': 'nina.wright@example.com', 'login': {'uuid': 'bffaa87e-6380-499e-aa70-71a14a12be7d', 'username': 'angryladybug191', 'password': 'joker', 'salt': 'nGcKJ54O', 'md5': 'a723c55e53171883715307db5449538a', 'sha1': '8f3a0373cf56a3d0c147d90ffda5d6766eeda7ca', 'sha256': '7d253570f711c1998d19a82555b768760972ce53c7bd19120c4faef494eb4221'}, 'dob': {'date': '1980-07-13T01:09:10.883Z', 'age': 44}, 'registered': {'date': '2004-05-31T23:21:43.511Z', 'age': 20}, 'phone': '(611)-794-8397', 'cell': '(755)-081-4363', 'id': {'name': '', 'value': None}, 'picture': {'large': 'https://randomuser.me/api/portraits/women/27.jpg', 'medium': 'https://randomuser.me/api/portraits/med/women/27.jpg', 'thumbnail': 'https://randomuser.me/api/portraits/thumb/women/27.jpg'}, 'nat': 'NZ'}], 'info': {'seed': '4cde2f2918b43ef1', 'results': 1, 'page': 1, 'version': '1.4'}}</msg>
<arg>${json_data}</arg>
<doc>Logs the given message with the given level.</doc>
<status status="PASS" start="2024-08-05T04:19:02.526625" elapsed="0.000215"/>
</kw>
<kw name="Should Be Equal As Numbers" owner="BuiltIn">
<arg>${json_data['results'][0]['location']['postcode']}</arg>
<arg>${json_data['results'][0]['location']['postcode']}</arg>
<doc>Fails if objects are unequal after converting them to real numbers.</doc>
<status status="PASS" start="2024-08-05T04:19:02.527211" elapsed="0.000646"/>
</kw>
<kw name="Log" owner="BuiltIn">
<msg time="2024-08-05T04:19:02.528390" level="INFO">46964</msg>
<arg>${json_data['results'][0]['location']['postcode']}</arg>
<doc>Logs the given message with the given level.</doc>
<status status="PASS" start="2024-08-05T04:19:02.528048" elapsed="0.000384"/>
</kw>
<status status="PASS" start="2024-08-05T04:19:01.087026" elapsed="1.441698"/>
</kw>
<doc>Testa se os tipos de dados na resposta da API estão corretos.</doc>
<tag>testeTiposDados</tag>
<status status="PASS" start="2024-08-05T04:18:59.713281" elapsed="2.815619"/>
</test>
<test id="s1-s1-t5" name="Validar conteudo" line="35">
<kw name="Teste de Tipos de Conteudo" owner="random-user-service">
<kw name="GET On Session" owner="RequestsLibrary">
<msg time="2024-08-05T04:19:04.468171" level="INFO">GET Request : url=https://randomuser.me/api 
 path_url=/api 
 headers={'User-Agent': 'python-requests/2.32.3', 'Accept-Encoding': 'gzip, deflate', 'Accept': '*/*', 'Connection': 'keep-alive'} 
 body=None 
 </msg>
<msg time="2024-08-05T04:19:04.468285" level="INFO">GET Response : url=https://randomuser.me/api 
 status=200, reason=OK 
 headers={'Date': 'Mon, 05 Aug 2024 04:19:04 GMT', 'Content-Type': 'application/json; charset=utf-8', 'Transfer-Encoding': 'chunked', 'Connection': 'keep-alive', 'X-Powered-By': 'Express', 'Access-Control-Allow-Origin': '*', 'Cache-Control': 'no-cache', 'ETag': 'W/"47b-MePKzHTDO67gx5BN2GVoPw/Bbh4"', 'Vary': 'Accept-Encoding', 'Content-Encoding': 'gzip', 'CF-Cache-Status': 'DYNAMIC', 'Report-To': '{"endpoints":[{"url":"https:\\/\\/a.nel.cloudflare.com\\/report\\/v4?s=WW%2F9NrJWM7TVrkMHvPCxM76NrlZGBne9ewBSC2wzuJR30hjQBsn7tXO5aLn0YCAPZztcnKT%2FldbHgqpLnQGYT44SUssZicJSfjuaIBALSXYU%2BuAwokhZZlZI84sUGNlP"}],"group":"cf-nel","max_age":604800}', 'NEL': '{"success_fraction":0,"report_to":"cf-nel","max_age":604800}', 'Server': 'cloudflare', 'CF-RAY': '8ae3fc94d97c22f7-ORD', 'alt-svc': 'h3=":443"; ma=86400'} 
 body={"results":[{"gender":"male","name":{"title":"Mr","first":"Joe","last":"Ward"},"location":{"street":{"number":5253,"name":"Sunset St"},"city":"Perth","state":"Tasmania","country":"Australia","postcode":4877,"coordinates":{"latitude":"-83.2188","longitude":"-45.3857"},"timezone":{"offset":"+10:00","description":"Eastern Australia, Guam, Vladivostok"}},"email":"joe.ward@example.com","login":{"uuid":"8ef8cab2-c175-4776-a032-0a432cd2c16a","username":"browndog136","password":"121212","salt":"WhBwEBA6","md5":"b6a267afca0a86475ef146a2b45f79d8","sha1":"bcd002a617692756d168694e499ddfeb95d7e803","sha256":"c09db0fdd6451de152c5084ef19abe1a7f5b0772a110212911f0525922d23baa"},"dob":{"date":"1981-11-06T09:53:18.204Z","age":42},"registered":{"date":"2007-08-14T16:34:43.658Z","age":16},"phone":"01-7817-1462","cell":"0440-916-771","id":{"name":"TFN","value":"347133904"},"picture":{"large":"https://randomuser.me/api/portraits/men/19.jpg","medium":"https://randomuser.me/api/portraits/med/men/19.jpg","thumbnail":"https://randomuser.me/api/portraits/thumb/men/19.jpg"},"nat":"AU"}],"info":{"seed":"ccb67358cab43570","results":1,"page":1,"version":"1.4"}} 
 </msg>
<msg time="2024-08-05T04:19:04.468370" level="INFO">/opt/hostedtoolcache/Python/3.12.4/x64/lib/python3.12/site-packages/urllib3/connectionpool.py:1099: InsecureRequestWarning: Unverified HTTPS request is being made to host 'randomuser.me'. Adding certificate verification is strongly advised. See: https://urllib3.readthedocs.io/en/latest/advanced-usage.html#tls-warnings
  warnings.warn(</msg>
<msg time="2024-08-05T04:19:04.468515" level="INFO">${response} = &lt;Response [200]&gt;</msg>
<var>${response}</var>
<arg>consultarAPI</arg>
<arg>/api</arg>
<doc>Sends a GET request on a previously created HTTP Session.</doc>
<status status="PASS" start="2024-08-05T04:19:02.531495" elapsed="1.937069"/>
</kw>
<kw name="Set Variable" owner="BuiltIn">
<msg time="2024-08-05T04:19:04.469827" level="INFO">${json_data} = {'results': [{'gender': 'male', 'name': {'title': 'Mr', 'first': 'Joe', 'last': 'Ward'}, 'location': {'street': {'number': 5253, 'name': 'Sunset St'}, 'city': 'Perth', 'state': 'Tasmania', 'country': ...</msg>
<var>${json_data}</var>
<arg>${response.json()}</arg>
<doc>Returns the given values which can then be assigned to a variables.</doc>
<status status="PASS" start="2024-08-05T04:19:04.469237" elapsed="0.000618"/>
</kw>
<kw name="Set Variable" owner="BuiltIn">
<msg time="2024-08-05T04:19:04.470559" level="INFO">${name_title} = Mr</msg>
<var>${name_title}</var>
<arg>${json_data["results"][0]["name"]["title"]}</arg>
<doc>Returns the given values which can then be assigned to a variables.</doc>
<status status="PASS" start="2024-08-05T04:19:04.470168" elapsed="0.000418"/>
</kw>
<kw name="Create List" owner="BuiltIn">
<msg time="2024-08-05T04:19:04.471107" level="INFO">${allowed_titles} = ['Mr', 'Ms', 'Miss', 'Mrs', 'Madame', 'Monsieur']</msg>
<var>${allowed_titles}</var>
<arg>Mr</arg>
<arg>Ms</arg>
<arg>Miss</arg>
<arg>Mrs</arg>
<arg>Madame</arg>
<arg>Monsieur</arg>
<doc>Returns a list containing given items.</doc>
<status status="PASS" start="2024-08-05T04:19:04.470912" elapsed="0.000222"/>
</kw>
<kw name="List Should Contain Value" owner="Collections">
<arg>${allowed_titles}</arg>
<arg>${name_title}</arg>
<doc>Fails if the ``value`` is not found from ``list``.</doc>
<status status="PASS" start="2024-08-05T04:19:04.471453" elapsed="0.000185"/>
</kw>
<kw name="Set Variable" owner="BuiltIn">
<msg time="2024-08-05T04:19:04.472198" level="INFO">${name_country} = AU</msg>
<var>${name_country}</var>
<arg>${json_data["results"][0]["nat"]}</arg>
<doc>Returns the given values which can then be assigned to a variables.</doc>
<status status="PASS" start="2024-08-05T04:19:04.471823" elapsed="0.000400"/>
</kw>
<kw name="Create List" owner="BuiltIn">
<msg time="2024-08-05T04:19:04.473295" level="INFO">${list_country} = ['AD', 'AE', 'AF', 'AG', 'AI', 'AL', 'AM', 'AO', 'AQ', 'AR', 'AS', 'AT', 'AU', 'AW', 'AX', 'AZ', 'BA', 'BB', 'BD', 'BE', 'BF', 'BG', 'BH', 'BI', 'BJ', 'BL', 'BM', 'BN', 'BO', 'BQ', 'BR', 'BS', 'BT', '...</msg>
<var>${list_country}</var>
<arg>AD</arg>
<arg>AE</arg>
<arg>AF</arg>
<arg>AG</arg>
<arg>AI</arg>
<arg>AL</arg>
<arg>AM</arg>
<arg>AO</arg>
<arg>AQ</arg>
<arg>AR</arg>
<arg>AS</arg>
<arg>AT</arg>
<arg>AU</arg>
<arg>AW</arg>
<arg>AX</arg>
<arg>AZ</arg>
<arg>BA</arg>
<arg>BB</arg>
<arg>BD</arg>
<arg>BE</arg>
<arg>BF</arg>
<arg>BG</arg>
<arg>BH</arg>
<arg>BI</arg>
<arg>BJ</arg>
<arg>BL</arg>
<arg>BM</arg>
<arg>BN</arg>
<arg>BO</arg>
<arg>BQ</arg>
<arg>BR</arg>
<arg>BS</arg>
<arg>BT</arg>
<arg>BV</arg>
<arg>BW</arg>
<arg>BY</arg>
<arg>BZ</arg>
<arg>CA</arg>
<arg>CC</arg>
<arg>CD</arg>
<arg>CF</arg>
<arg>CG</arg>
<arg>CH</arg>
<arg>CI</arg>
<arg>CK</arg>
<arg>CL</arg>
<arg>CM</arg>
<arg>CN</arg>
<arg>CO</arg>
<arg>CR</arg>
<arg>CU</arg>
<arg>CV</arg>
<arg>CW</arg>
<arg>CX</arg>
<arg>CY</arg>
<arg>CZ</arg>
<arg>DE</arg>
<arg>DJ</arg>
<arg>DK</arg>
<arg>DM</arg>
<arg>DO</arg>
<arg>DZ</arg>
<arg>EC</arg>
<arg>EE</arg>
<arg>EG</arg>
<arg>EH</arg>
<arg>ER</arg>
<arg>ES</arg>
<arg>ET</arg>
<arg>FI</arg>
<arg>FJ</arg>
<arg>FK</arg>
<arg>FM</arg>
<arg>FO</arg>
<arg>FR</arg>
<arg>GA</arg>
<arg>GB</arg>
<arg>GD</arg>
<arg>GE</arg>
<arg>GF</arg>
<arg>GG</arg>
<arg>GH</arg>
<arg>GI</arg>
<arg>GL</arg>
<arg>GM</arg>
<arg>GN</arg>
<arg>GP</arg>
<arg>GQ</arg>
<arg>GR</arg>
<arg>GS</arg>
<arg>GT</arg>
<arg>GU</arg>
<arg>GW</arg>
<arg>GY</arg>
<arg>HK</arg>
<arg>HM</arg>
<arg>HN</arg>
<arg>HR</arg>
<arg>HT</arg>
<arg>HU</arg>
<arg>ID</arg>
<arg>IE</arg>
<arg>IL</arg>
<arg>IM</arg>
<arg>IN</arg>
<arg>IO</arg>
<arg>IQ</arg>
<arg>IR</arg>
<arg>IS</arg>
<arg>IT</arg>
<arg>JE</arg>
<arg>JM</arg>
<arg>JO</arg>
<arg>JP</arg>
<arg>KE</arg>
<arg>KG</arg>
<arg>KH</arg>
<arg>KI</arg>
<arg>KM</arg>
<arg>KN</arg>
<arg>KP</arg>
<arg>KR</arg>
<arg>KW</arg>
<arg>KY</arg>
<arg>KZ</arg>
<arg>LA</arg>
<arg>LB</arg>
<arg>LC</arg>
<arg>LI</arg>
<arg>LK</arg>
<arg>LR</arg>
<arg>LS</arg>
<arg>LT</arg>
<arg>LU</arg>
<arg>LV</arg>
<arg>LY</arg>
<arg>MA</arg>
<arg>MC</arg>
<arg>MD</arg>
<arg>ME</arg>
<arg>MF</arg>
<arg>MG</arg>
<arg>MH</arg>
<arg>MK</arg>
<arg>ML</arg>
<arg>MM</arg>
<arg>MN</arg>
<arg>MO</arg>
<arg>MP</arg>
<arg>MQ</arg>
<arg>MR</arg>
<arg>MS</arg>
<arg>MT</arg>
<arg>MU</arg>
<arg>MV</arg>
<arg>MW</arg>
<arg>MX</arg>
<arg>MY</arg>
<arg>MZ</arg>
<arg>NA</arg>
<arg>NC</arg>
<arg>NE</arg>
<arg>NF</arg>
<arg>NG</arg>
<arg>NI</arg>
<arg>NL</arg>
<arg>NO</arg>
<arg>NP</arg>
<arg>NR</arg>
<arg>NU</arg>
<arg>NZ</arg>
<arg>OM</arg>
<arg>PA</arg>
<arg>PE</arg>
<arg>PF</arg>
<arg>PG</arg>
<arg>PH</arg>
<arg>PK</arg>
<arg>PL</arg>
<arg>PM</arg>
<arg>PN</arg>
<arg>PR</arg>
<arg>PS</arg>
<arg>PT</arg>
<arg>PW</arg>
<arg>PY</arg>
<arg>QA</arg>
<arg>RE</arg>
<arg>RO</arg>
<arg>RS</arg>
<arg>RU</arg>
<arg>RW</arg>
<arg>SA</arg>
<arg>SB</arg>
<arg>SC</arg>
<arg>SD</arg>
<arg>SE</arg>
<arg>SG</arg>
<arg>SH</arg>
<arg>SI</arg>
<arg>SJ</arg>
<arg>SK</arg>
<arg>SL</arg>
<arg>SM</arg>
<arg>SN</arg>
<arg>SO</arg>
<arg>SR</arg>
<arg>SS</arg>
<arg>ST</arg>
<arg>SV</arg>
<arg>SX</arg>
<arg>SY</arg>
<arg>SZ</arg>
<arg>TC</arg>
<arg>TD</arg>
<arg>TF</arg>
<arg>TG</arg>
<arg>TH</arg>
<arg>TJ</arg>
<arg>TK</arg>
<arg>TL</arg>
<arg>TM</arg>
<arg>TN</arg>
<arg>TO</arg>
<arg>TR</arg>
<arg>TT</arg>
<arg>TV</arg>
<arg>TW</arg>
<arg>TZ</arg>
<arg>UA</arg>
<arg>UG</arg>
<arg>UM</arg>
<arg>US</arg>
<arg>UY</arg>
<arg>UZ</arg>
<arg>VA</arg>
<arg>VC</arg>
<arg>VE</arg>
<arg>VG</arg>
<arg>VI</arg>
<arg>VN</arg>
<arg>VU</arg>
<arg>WF</arg>
<arg>WS</arg>
<arg>XK</arg>
<arg>YE</arg>
<arg>YT</arg>
<arg>ZA</arg>
<arg>ZM</arg>
<arg>ZW</arg>
<doc>Returns a list containing given items.</doc>
<status status="PASS" start="2024-08-05T04:19:04.472513" elapsed="0.000815"/>
</kw>
<kw name="List Should Contain Value" owner="Collections">
<arg>${list_country}</arg>
<arg>${name_country}</arg>
<doc>Fails if the ``value`` is not found from ``list``.</doc>
<status status="PASS" start="2024-08-05T04:19:04.474323" elapsed="0.000209"/>
</kw>
<kw name="Run Keyword If" owner="BuiltIn">
<kw name="Should Be True" owner="BuiltIn">
<arg>${True}</arg>
<doc>Fails if the given condition is not true.</doc>
<status status="PASS" start="2024-08-05T04:19:04.475525" elapsed="0.000146"/>
</kw>
<arg>${json_data["results"][0]["location"]["coordinates"]["latitude"]} &gt;= -90 and ${json_data["results"][0]["location"]["coordinates"]["latitude"]} &lt;= 90</arg>
<arg>Should Be True</arg>
<arg>${True}</arg>
<doc>Runs the given keyword with the given arguments, if ``condition`` is true.</doc>
<status status="PASS" start="2024-08-05T04:19:04.474733" elapsed="0.001064"/>
</kw>
<kw name="Run Keyword If" owner="BuiltIn">
<kw name="Should Be True" owner="BuiltIn">
<arg>${True}</arg>
<doc>Fails if the given condition is not true.</doc>
<status status="PASS" start="2024-08-05T04:19:04.476706" elapsed="0.000138"/>
</kw>
<arg>${json_data["results"][0]["location"]["coordinates"]["longitude"]} &gt;= -180 and ${json_data["results"][0]["location"]["coordinates"]["longitude"]} &lt;= 180</arg>
<arg>Should Be True</arg>
<arg>${True}</arg>
<doc>Runs the given keyword with the given arguments, if ``condition`` is true.</doc>
<status status="PASS" start="2024-08-05T04:19:04.475978" elapsed="0.000990"/>
</kw>
<status status="PASS" start="2024-08-05T04:19:02.531261" elapsed="1.945837"/>
</kw>
<doc>Testa o conteúdo específico dos campos retornados pela API.</doc>
<tag>testeConteudo</tag>
<status status="PASS" start="2024-08-05T04:19:02.530658" elapsed="1.946597"/>
</test>
<status status="PASS" start="2024-08-05T04:18:55.984521" elapsed="8.494751"/>
</suite>
<status status="PASS" start="2024-08-05T04:18:55.969724" elapsed="8.514787"/>
</suite>
<statistics>
<total>
<stat pass="5" fail="0" skip="0">All Tests</stat>
</total>
<tag>
<stat pass="1" fail="0" skip="0">testeConteudo</stat>
<stat pass="1" fail="0" skip="0">testeEstruturaResposta</stat>
<stat pass="1" fail="0" skip="0">testeRequisicaoBasica</stat>
<stat pass="1" fail="0" skip="0">testeTiposDados</stat>
</tag>
<suite>
<stat pass="5" fail="0" skip="0" id="s1" name="Tests">Tests</stat>
<stat pass="5" fail="0" skip="0" id="s1-s1" name="Random-User-Test">Tests.Random-User-Test</stat>
</suite>
</statistics>
<errors>
</errors>
</robot>
