<?xml version="1.0" encoding="UTF-8"?>
<robot generator="Robot 7.0 (Python 3.12.3 on linux)" generated="2024-05-11T18:17:33.933988" rpa="false" schemaversion="5">
<suite id="s1" name="Tests" source="/home/runner/work/DesafioQAItauRogerioJordao/DesafioQAItauRogerioJordao/RamdonUser/tests">
<suite id="s1-s1" name="Random-User-Test" source="/home/runner/work/DesafioQAItauRogerioJordao/DesafioQAItauRogerioJordao/RamdonUser/tests/random-user-test.robot">
<test id="s1-s1-t1" name="Conectar" line="13">
<kw name="Conectar API" owner="random-user-service">
<kw name="Create Session" owner="RequestsLibrary">
<msg time="2024-05-11T18:17:34.304994" level="INFO">Creating Session using : alias=consultarAPI, url=https://randomuser.me/, headers={},                     cookies={}, auth=None, timeout=None, proxies=None, verify=False,                     debug=0 </msg>
<arg>consultarAPI</arg>
<arg>${URL}</arg>
<doc>Create Session: create a HTTP session to a server</doc>
<status status="PASS" start="2024-05-11T18:17:34.304794" elapsed="0.000396"/>
</kw>
<status status="PASS" start="2024-05-11T18:17:34.303795" elapsed="0.001762"/>
</kw>
<status status="PASS" start="2024-05-11T18:17:34.303224" elapsed="0.002531"/>
</test>
<test id="s1-s1-t2" name="Validar retorno 200 e JSON Válido" line="16">
<kw name="Teste de Requisicao Basica" owner="random-user-service">
<kw name="GET On Session" owner="RequestsLibrary">
<msg time="2024-05-11T18:17:34.510732" level="INFO">GET Request : url=https://randomuser.me/api 
 path_url=/api 
 headers={'User-Agent': 'python-requests/2.31.0', 'Accept-Encoding': 'gzip, deflate', 'Accept': '*/*', 'Connection': 'keep-alive'} 
 body=None 
 </msg>
<msg time="2024-05-11T18:17:34.510880" level="INFO">GET Response : url=https://randomuser.me/api 
 status=200, reason=OK 
 headers={'Date': 'Sat, 11 May 2024 18:17:34 GMT', 'Content-Type': 'application/json; charset=utf-8', 'Transfer-Encoding': 'chunked', 'Connection': 'keep-alive', 'X-Powered-By': 'Express', 'Access-Control-Allow-Origin': '*', 'Cache-Control': 'no-cache', 'ETag': 'W/"487-19gRW7S7bdiHnp2AeAG5zTesCxQ"', 'Vary': 'Accept-Encoding', 'Content-Encoding': 'gzip', 'CF-Cache-Status': 'DYNAMIC', 'Report-To': '{"endpoints":[{"url":"https:\\/\\/a.nel.cloudflare.com\\/report\\/v4?s=X5nN%2BHQA6nfYEDYue0xwU8sH4v0%2BST%2BsJOm%2Bzit9YMtuLYNAb%2Bo9y1hMkMV%2FN1F42%2Fap0Za25uyn43WsrBRUHdNXX%2BH1bJu1xxhOMvAiXbGWbDyeE0UeupFJyZFmDTAR"}],"group":"cf-nel","max_age":604800}', 'NEL': '{"success_fraction":0,"report_to":"cf-nel","max_age":604800}', 'Server': 'cloudflare', 'CF-RAY': '88242aa5bca93b95-IAD', 'alt-svc': 'h3=":443"; ma=86400'} 
 body={"results":[{"gender":"male","name":{"title":"Mr","first":"Noah","last":"Evans"},"location":{"street":{"number":7214,"name":"Highbrook Drive"},"city":"Lower Hutt","state":"Gisborne","country":"New Zealand","postcode":69196,"coordinates":{"latitude":"51.7136","longitude":"-155.8485"},"timezone":{"offset":"+5:30","description":"Bombay, Calcutta, Madras, New Delhi"}},"email":"noah.evans@example.com","login":{"uuid":"c3bb663a-98f0-4df9-97c1-a293da6c5068","username":"silverbird676","password":"jayden","salt":"JF8a17LZ","md5":"460390a22ea10dea4dfbed6b6782f3ea","sha1":"56dad3e4fff3d79f3d262a9d3c6ff937631ef748","sha256":"a3fcb136c9e8c8af42e05feca3ff34c6cac3ce45cdc5bc3cef50d45dd7382a60"},"dob":{"date":"1952-02-09T10:22:43.656Z","age":72},"registered":{"date":"2014-01-30T09:34:11.608Z","age":10},"phone":"(864)-730-4550","cell":"(304)-017-0055","id":{"name":"","value":null},"picture":{"large":"https://randomuser.me/api/portraits/men/19.jpg","medium":"https://randomuser.me/api/portraits/med/men/19.jpg","thumbnail":"https://randomuser.me/api/portraits/thumb/men/19.jpg"},"nat":"NZ"}],"info":{"seed":"11c899446d7317eb","results":1,"page":1,"version":"1.4"}} 
 </msg>
<msg time="2024-05-11T18:17:34.510959" level="INFO">/opt/hostedtoolcache/Python/3.12.3/x64/lib/python3.12/site-packages/urllib3/connectionpool.py:1103: InsecureRequestWarning: Unverified HTTPS request is being made to host 'randomuser.me'. Adding certificate verification is strongly advised. See: https://urllib3.readthedocs.io/en/latest/advanced-usage.html#tls-warnings
  warnings.warn(</msg>
<msg time="2024-05-11T18:17:34.511255" level="INFO">${response} = &lt;Response [200]&gt;</msg>
<var>${response}</var>
<arg>consultarAPI</arg>
<arg>/api</arg>
<doc>Sends a GET request on a previously created HTTP Session.</doc>
<status status="PASS" start="2024-05-11T18:17:34.308403" elapsed="0.202900"/>
</kw>
<kw name="Should Be Equal As Numbers" owner="BuiltIn">
<msg time="2024-05-11T18:17:34.512583" level="INFO">Argument types are:
&lt;class 'int'&gt;
&lt;class 'str'&gt;</msg>
<arg>${response.status_code}</arg>
<arg>200</arg>
<doc>Fails if objects are unequal after converting them to real numbers.</doc>
<status status="PASS" start="2024-05-11T18:17:34.512012" elapsed="0.000640"/>
</kw>
<kw name="Log" owner="BuiltIn">
<msg time="2024-05-11T18:17:34.513381" level="INFO">200</msg>
<arg>${response.status_code}</arg>
<doc>Logs the given message with the given level.</doc>
<status status="PASS" start="2024-05-11T18:17:34.513017" elapsed="0.000407"/>
</kw>
<kw name="Set Variable" owner="BuiltIn">
<msg time="2024-05-11T18:17:34.514170" level="INFO">${json_data} = {'results': [{'gender': 'male', 'name': {'title': 'Mr', 'first': 'Noah', 'last': 'Evans'}, 'location': {'street': {'number': 7214, 'name': 'Highbrook Drive'}, 'city': 'Lower Hutt', 'state': 'Gisborne'...</msg>
<var>${json_data}</var>
<arg>${response.json()}</arg>
<doc>Returns the given values which can then be assigned to a variables.</doc>
<status status="PASS" start="2024-05-11T18:17:34.513734" elapsed="0.000464"/>
</kw>
<kw name="Dictionary Should Contain Key" owner="Collections">
<msg time="2024-05-11T18:17:34.514669" level="INFO">False</msg>
<arg>${json_data}</arg>
<arg>results</arg>
<doc>Fails if ``key`` is not found from ``dictionary``.</doc>
<status status="PASS" start="2024-05-11T18:17:34.514498" elapsed="0.000212"/>
</kw>
<status status="PASS" start="2024-05-11T18:17:34.308162" elapsed="0.206804"/>
</kw>
<doc>Testa se a API responde corretamente e retorna um objeto JSON válido.</doc>
<tag>testeRequisicaoBasica</tag>
<status status="PASS" start="2024-05-11T18:17:34.307690" elapsed="0.207497"/>
</test>
<test id="s1-s1-t3" name="Validar estrutura de resposta" line="22">
<kw name="Teste de Estrutura de Resposta" owner="random-user-service">
<kw name="GET On Session" owner="RequestsLibrary">
<msg time="2024-05-11T18:17:34.712357" level="INFO">GET Request : url=https://randomuser.me/api 
 path_url=/api 
 headers={'User-Agent': 'python-requests/2.31.0', 'Accept-Encoding': 'gzip, deflate', 'Accept': '*/*', 'Connection': 'keep-alive'} 
 body=None 
 </msg>
<msg time="2024-05-11T18:17:34.712469" level="INFO">GET Response : url=https://randomuser.me/api 
 status=200, reason=OK 
 headers={'Date': 'Sat, 11 May 2024 18:17:34 GMT', 'Content-Type': 'application/json; charset=utf-8', 'Transfer-Encoding': 'chunked', 'Connection': 'keep-alive', 'X-Powered-By': 'Express', 'Access-Control-Allow-Origin': '*', 'Cache-Control': 'no-cache', 'ETag': 'W/"49b-jyVvZK2CEvt5qZVgV4Q6Qo8j5Uw"', 'Vary': 'Accept-Encoding', 'Content-Encoding': 'gzip', 'CF-Cache-Status': 'DYNAMIC', 'Report-To': '{"endpoints":[{"url":"https:\\/\\/a.nel.cloudflare.com\\/report\\/v4?s=f1y4AJ%2B8gZNpiq%2BANF3VWOPh1wqbbwkE%2Fy0CGi%2F2T8benzPAQ77axOrcUkEaeb0RvMn46Ox%2BkEVD1UgPEgftNgadQKE2fy1mMcbecZ7yE3Q3%2FmoWBGWl0TsMvFG4cWjl"}],"group":"cf-nel","max_age":604800}', 'NEL': '{"success_fraction":0,"report_to":"cf-nel","max_age":604800}', 'Server': 'cloudflare', 'CF-RAY': '88242aa6ce003b95-IAD', 'alt-svc': 'h3=":443"; ma=86400'} 
 body={"results":[{"gender":"female","name":{"title":"Miss","first":"Aubrey","last":"Roy"},"location":{"street":{"number":813,"name":"Wellington St"},"city":"Hampton","state":"Saskatchewan","country":"Canada","postcode":"M1E 7J3","coordinates":{"latitude":"-66.1701","longitude":"151.3227"},"timezone":{"offset":"-4:00","description":"Atlantic Time (Canada), Caracas, La Paz"}},"email":"aubrey.roy@example.com","login":{"uuid":"2c141f6e-309e-4264-95c4-4655744427fb","username":"brownelephant452","password":"shelby","salt":"cJ5izqLv","md5":"ae221451b3b7c2a57537b732ac69994b","sha1":"e80e0366230706e36d5b8071744251c06b15aa85","sha256":"10cddf8d85c178ac4a94e4999500e514cad61ad6093014a20eac953e46ff50b3"},"dob":{"date":"1965-02-01T20:32:27.032Z","age":59},"registered":{"date":"2008-11-03T08:21:13.503Z","age":15},"phone":"H22 D49-7726","cell":"E63 O57-0184","id":{"name":"SIN","value":"343249082"},"picture":{"large":"https://randomuser.me/api/portraits/women/45.jpg","medium":"https://randomuser.me/api/portraits/med/women/45.jpg","thumbnail":"https://randomuser.me/api/portraits/thumb/women/45.jpg"},"nat":"CA"}],"info":{"seed":"c9715c31035b001d","results":1,"page":1,"version":"1.4"}} 
 </msg>
<msg time="2024-05-11T18:17:34.712614" level="INFO">/opt/hostedtoolcache/Python/3.12.3/x64/lib/python3.12/site-packages/urllib3/connectionpool.py:1103: InsecureRequestWarning: Unverified HTTPS request is being made to host 'randomuser.me'. Adding certificate verification is strongly advised. See: https://urllib3.readthedocs.io/en/latest/advanced-usage.html#tls-warnings
  warnings.warn(</msg>
<msg time="2024-05-11T18:17:34.712769" level="INFO">${response} = &lt;Response [200]&gt;</msg>
<var>${response}</var>
<arg>consultarAPI</arg>
<arg>/api</arg>
<doc>Sends a GET request on a previously created HTTP Session.</doc>
<status status="PASS" start="2024-05-11T18:17:34.517768" elapsed="0.195043"/>
</kw>
<kw name="Set Variable" owner="BuiltIn">
<msg time="2024-05-11T18:17:34.713826" level="INFO">${json_data} = {'results': [{'gender': 'female', 'name': {'title': 'Miss', 'first': 'Aubrey', 'last': 'Roy'}, 'location': {'street': {'number': 813, 'name': 'Wellington St'}, 'city': 'Hampton', 'state': 'Saskatchewa...</msg>
<var>${json_data}</var>
<arg>${response.json()}</arg>
<doc>Returns the given values which can then be assigned to a variables.</doc>
<status status="PASS" start="2024-05-11T18:17:34.713304" elapsed="0.000550"/>
</kw>
<kw name="Log" owner="BuiltIn">
<msg time="2024-05-11T18:17:34.714316" level="INFO">{'results': [{'gender': 'female', 'name': {'title': 'Miss', 'first': 'Aubrey', 'last': 'Roy'}, 'location': {'street': {'number': 813, 'name': 'Wellington St'}, 'city': 'Hampton', 'state': 'Saskatchewan', 'country': 'Canada', 'postcode': 'M1E 7J3', 'coordinates': {'latitude': '-66.1701', 'longitude': '151.3227'}, 'timezone': {'offset': '-4:00', 'description': 'Atlantic Time (Canada), Caracas, La Paz'}}, 'email': 'aubrey.roy@example.com', 'login': {'uuid': '2c141f6e-309e-4264-95c4-4655744427fb', 'username': 'brownelephant452', 'password': 'shelby', 'salt': 'cJ5izqLv', 'md5': 'ae221451b3b7c2a57537b732ac69994b', 'sha1': 'e80e0366230706e36d5b8071744251c06b15aa85', 'sha256': '10cddf8d85c178ac4a94e4999500e514cad61ad6093014a20eac953e46ff50b3'}, 'dob': {'date': '1965-02-01T20:32:27.032Z', 'age': 59}, 'registered': {'date': '2008-11-03T08:21:13.503Z', 'age': 15}, 'phone': 'H22 D49-7726', 'cell': 'E63 O57-0184', 'id': {'name': 'SIN', 'value': '343249082'}, 'picture': {'large': 'https://randomuser.me/api/portraits/women/45.jpg', 'medium': 'https://randomuser.me/api/portraits/med/women/45.jpg', 'thumbnail': 'https://randomuser.me/api/portraits/thumb/women/45.jpg'}, 'nat': 'CA'}], 'info': {'seed': 'c9715c31035b001d', 'results': 1, 'page': 1, 'version': '1.4'}}</msg>
<arg>${json_data}</arg>
<doc>Logs the given message with the given level.</doc>
<status status="PASS" start="2024-05-11T18:17:34.714158" elapsed="0.000205"/>
</kw>
<kw name="Dictionary Should Contain Key" owner="Collections">
<msg time="2024-05-11T18:17:34.714815" level="INFO">False</msg>
<arg>${json_data}</arg>
<arg>results</arg>
<doc>Fails if ``key`` is not found from ``dictionary``.</doc>
<status status="PASS" start="2024-05-11T18:17:34.714657" elapsed="0.000195"/>
</kw>
<kw name="Should Not Be Empty" owner="BuiltIn">
<msg time="2024-05-11T18:17:34.715302" level="INFO">Length is 2.</msg>
<arg>${json_data}</arg>
<doc>Verifies that the given item is not empty.</doc>
<status status="PASS" start="2024-05-11T18:17:34.715167" elapsed="0.000333"/>
</kw>
<kw name="Create List" owner="BuiltIn">
<msg time="2024-05-11T18:17:34.715948" level="INFO">${expected_keys} = ['gender', 'name', 'location', 'email', 'login']</msg>
<var>${expected_keys}</var>
<arg>gender</arg>
<arg>name</arg>
<arg>location</arg>
<arg>email</arg>
<arg>login</arg>
<doc>Returns a list containing given items.</doc>
<status status="PASS" start="2024-05-11T18:17:34.715795" elapsed="0.000177"/>
</kw>
<for flavor="IN">
<iter>
<kw name="Dictionary Should Contain Key" owner="Collections">
<msg time="2024-05-11T18:17:34.716954" level="INFO">False</msg>
<arg>${json_data['results'][0]}</arg>
<arg>${key}</arg>
<doc>Fails if ``key`` is not found from ``dictionary``.</doc>
<status status="PASS" start="2024-05-11T18:17:34.716552" elapsed="0.000441"/>
</kw>
<kw name="Log" owner="BuiltIn">
<msg time="2024-05-11T18:17:34.717650" level="INFO">{'gender': 'female', 'name': {'title': 'Miss', 'first': 'Aubrey', 'last': 'Roy'}, 'location': {'street': {'number': 813, 'name': 'Wellington St'}, 'city': 'Hampton', 'state': 'Saskatchewan', 'country': 'Canada', 'postcode': 'M1E 7J3', 'coordinates': {'latitude': '-66.1701', 'longitude': '151.3227'}, 'timezone': {'offset': '-4:00', 'description': 'Atlantic Time (Canada), Caracas, La Paz'}}, 'email': 'aubrey.roy@example.com', 'login': {'uuid': '2c141f6e-309e-4264-95c4-4655744427fb', 'username': 'brownelephant452', 'password': 'shelby', 'salt': 'cJ5izqLv', 'md5': 'ae221451b3b7c2a57537b732ac69994b', 'sha1': 'e80e0366230706e36d5b8071744251c06b15aa85', 'sha256': '10cddf8d85c178ac4a94e4999500e514cad61ad6093014a20eac953e46ff50b3'}, 'dob': {'date': '1965-02-01T20:32:27.032Z', 'age': 59}, 'registered': {'date': '2008-11-03T08:21:13.503Z', 'age': 15}, 'phone': 'H22 D49-7726', 'cell': 'E63 O57-0184', 'id': {'name': 'SIN', 'value': '343249082'}, 'picture': {'large': 'https://randomuser.me/api/portraits/women/45.jpg', 'medium': 'https://randomuser.me/api/portraits/med/women/45.jpg', 'thumbnail': 'https://randomuser.me/api/portraits/thumb/women/45.jpg'}, 'nat': 'CA'}</msg>
<arg>${json_data['results'][0]}</arg>
<doc>Logs the given message with the given level.</doc>
<status status="PASS" start="2024-05-11T18:17:34.717288" elapsed="0.000411"/>
</kw>
<kw name="Log" owner="BuiltIn">
<msg time="2024-05-11T18:17:34.718132" level="INFO">gender</msg>
<arg>${key}</arg>
<doc>Logs the given message with the given level.</doc>
<status status="PASS" start="2024-05-11T18:17:34.717999" elapsed="0.000171"/>
</kw>
<var name="${key}">gender</var>
<status status="PASS" start="2024-05-11T18:17:34.716426" elapsed="0.001954"/>
</iter>
<iter>
<kw name="Dictionary Should Contain Key" owner="Collections">
<msg time="2024-05-11T18:17:34.719092" level="INFO">False</msg>
<arg>${json_data['results'][0]}</arg>
<arg>${key}</arg>
<doc>Fails if ``key`` is not found from ``dictionary``.</doc>
<status status="PASS" start="2024-05-11T18:17:34.718684" elapsed="0.000447"/>
</kw>
<kw name="Log" owner="BuiltIn">
<msg time="2024-05-11T18:17:34.719829" level="INFO">{'gender': 'female', 'name': {'title': 'Miss', 'first': 'Aubrey', 'last': 'Roy'}, 'location': {'street': {'number': 813, 'name': 'Wellington St'}, 'city': 'Hampton', 'state': 'Saskatchewan', 'country': 'Canada', 'postcode': 'M1E 7J3', 'coordinates': {'latitude': '-66.1701', 'longitude': '151.3227'}, 'timezone': {'offset': '-4:00', 'description': 'Atlantic Time (Canada), Caracas, La Paz'}}, 'email': 'aubrey.roy@example.com', 'login': {'uuid': '2c141f6e-309e-4264-95c4-4655744427fb', 'username': 'brownelephant452', 'password': 'shelby', 'salt': 'cJ5izqLv', 'md5': 'ae221451b3b7c2a57537b732ac69994b', 'sha1': 'e80e0366230706e36d5b8071744251c06b15aa85', 'sha256': '10cddf8d85c178ac4a94e4999500e514cad61ad6093014a20eac953e46ff50b3'}, 'dob': {'date': '1965-02-01T20:32:27.032Z', 'age': 59}, 'registered': {'date': '2008-11-03T08:21:13.503Z', 'age': 15}, 'phone': 'H22 D49-7726', 'cell': 'E63 O57-0184', 'id': {'name': 'SIN', 'value': '343249082'}, 'picture': {'large': 'https://randomuser.me/api/portraits/women/45.jpg', 'medium': 'https://randomuser.me/api/portraits/med/women/45.jpg', 'thumbnail': 'https://randomuser.me/api/portraits/thumb/women/45.jpg'}, 'nat': 'CA'}</msg>
<arg>${json_data['results'][0]}</arg>
<doc>Logs the given message with the given level.</doc>
<status status="PASS" start="2024-05-11T18:17:34.719460" elapsed="0.000417"/>
</kw>
<kw name="Log" owner="BuiltIn">
<msg time="2024-05-11T18:17:34.720297" level="INFO">name</msg>
<arg>${key}</arg>
<doc>Logs the given message with the given level.</doc>
<status status="PASS" start="2024-05-11T18:17:34.720173" elapsed="0.000161"/>
</kw>
<var name="${key}">name</var>
<status status="PASS" start="2024-05-11T18:17:34.718567" elapsed="0.001979"/>
</iter>
<iter>
<kw name="Dictionary Should Contain Key" owner="Collections">
<msg time="2024-05-11T18:17:34.721272" level="INFO">False</msg>
<arg>${json_data['results'][0]}</arg>
<arg>${key}</arg>
<doc>Fails if ``key`` is not found from ``dictionary``.</doc>
<status status="PASS" start="2024-05-11T18:17:34.720884" elapsed="0.000425"/>
</kw>
<kw name="Log" owner="BuiltIn">
<msg time="2024-05-11T18:17:34.721964" level="INFO">{'gender': 'female', 'name': {'title': 'Miss', 'first': 'Aubrey', 'last': 'Roy'}, 'location': {'street': {'number': 813, 'name': 'Wellington St'}, 'city': 'Hampton', 'state': 'Saskatchewan', 'country': 'Canada', 'postcode': 'M1E 7J3', 'coordinates': {'latitude': '-66.1701', 'longitude': '151.3227'}, 'timezone': {'offset': '-4:00', 'description': 'Atlantic Time (Canada), Caracas, La Paz'}}, 'email': 'aubrey.roy@example.com', 'login': {'uuid': '2c141f6e-309e-4264-95c4-4655744427fb', 'username': 'brownelephant452', 'password': 'shelby', 'salt': 'cJ5izqLv', 'md5': 'ae221451b3b7c2a57537b732ac69994b', 'sha1': 'e80e0366230706e36d5b8071744251c06b15aa85', 'sha256': '10cddf8d85c178ac4a94e4999500e514cad61ad6093014a20eac953e46ff50b3'}, 'dob': {'date': '1965-02-01T20:32:27.032Z', 'age': 59}, 'registered': {'date': '2008-11-03T08:21:13.503Z', 'age': 15}, 'phone': 'H22 D49-7726', 'cell': 'E63 O57-0184', 'id': {'name': 'SIN', 'value': '343249082'}, 'picture': {'large': 'https://randomuser.me/api/portraits/women/45.jpg', 'medium': 'https://randomuser.me/api/portraits/med/women/45.jpg', 'thumbnail': 'https://randomuser.me/api/portraits/thumb/women/45.jpg'}, 'nat': 'CA'}</msg>
<arg>${json_data['results'][0]}</arg>
<doc>Logs the given message with the given level.</doc>
<status status="PASS" start="2024-05-11T18:17:34.721607" elapsed="0.000405"/>
</kw>
<kw name="Log" owner="BuiltIn">
<msg time="2024-05-11T18:17:34.722445" level="INFO">location</msg>
<arg>${key}</arg>
<doc>Logs the given message with the given level.</doc>
<status status="PASS" start="2024-05-11T18:17:34.722303" elapsed="0.000199"/>
</kw>
<var name="${key}">location</var>
<status status="PASS" start="2024-05-11T18:17:34.720755" elapsed="0.001968"/>
</iter>
<iter>
<kw name="Dictionary Should Contain Key" owner="Collections">
<msg time="2024-05-11T18:17:34.723411" level="INFO">False</msg>
<arg>${json_data['results'][0]}</arg>
<arg>${key}</arg>
<doc>Fails if ``key`` is not found from ``dictionary``.</doc>
<status status="PASS" start="2024-05-11T18:17:34.723006" elapsed="0.000442"/>
</kw>
<kw name="Log" owner="BuiltIn">
<msg time="2024-05-11T18:17:34.724101" level="INFO">{'gender': 'female', 'name': {'title': 'Miss', 'first': 'Aubrey', 'last': 'Roy'}, 'location': {'street': {'number': 813, 'name': 'Wellington St'}, 'city': 'Hampton', 'state': 'Saskatchewan', 'country': 'Canada', 'postcode': 'M1E 7J3', 'coordinates': {'latitude': '-66.1701', 'longitude': '151.3227'}, 'timezone': {'offset': '-4:00', 'description': 'Atlantic Time (Canada), Caracas, La Paz'}}, 'email': 'aubrey.roy@example.com', 'login': {'uuid': '2c141f6e-309e-4264-95c4-4655744427fb', 'username': 'brownelephant452', 'password': 'shelby', 'salt': 'cJ5izqLv', 'md5': 'ae221451b3b7c2a57537b732ac69994b', 'sha1': 'e80e0366230706e36d5b8071744251c06b15aa85', 'sha256': '10cddf8d85c178ac4a94e4999500e514cad61ad6093014a20eac953e46ff50b3'}, 'dob': {'date': '1965-02-01T20:32:27.032Z', 'age': 59}, 'registered': {'date': '2008-11-03T08:21:13.503Z', 'age': 15}, 'phone': 'H22 D49-7726', 'cell': 'E63 O57-0184', 'id': {'name': 'SIN', 'value': '343249082'}, 'picture': {'large': 'https://randomuser.me/api/portraits/women/45.jpg', 'medium': 'https://randomuser.me/api/portraits/med/women/45.jpg', 'thumbnail': 'https://randomuser.me/api/portraits/thumb/women/45.jpg'}, 'nat': 'CA'}</msg>
<arg>${json_data['results'][0]}</arg>
<doc>Logs the given message with the given level.</doc>
<status status="PASS" start="2024-05-11T18:17:34.723744" elapsed="0.000404"/>
</kw>
<kw name="Log" owner="BuiltIn">
<msg time="2024-05-11T18:17:34.724595" level="INFO">email</msg>
<arg>${key}</arg>
<doc>Logs the given message with the given level.</doc>
<status status="PASS" start="2024-05-11T18:17:34.724438" elapsed="0.000204"/>
</kw>
<var name="${key}">email</var>
<status status="PASS" start="2024-05-11T18:17:34.722896" elapsed="0.001965"/>
</iter>
<iter>
<kw name="Dictionary Should Contain Key" owner="Collections">
<msg time="2024-05-11T18:17:34.725529" level="INFO">False</msg>
<arg>${json_data['results'][0]}</arg>
<arg>${key}</arg>
<doc>Fails if ``key`` is not found from ``dictionary``.</doc>
<status status="PASS" start="2024-05-11T18:17:34.725142" elapsed="0.000425"/>
</kw>
<kw name="Log" owner="BuiltIn">
<msg time="2024-05-11T18:17:34.726215" level="INFO">{'gender': 'female', 'name': {'title': 'Miss', 'first': 'Aubrey', 'last': 'Roy'}, 'location': {'street': {'number': 813, 'name': 'Wellington St'}, 'city': 'Hampton', 'state': 'Saskatchewan', 'country': 'Canada', 'postcode': 'M1E 7J3', 'coordinates': {'latitude': '-66.1701', 'longitude': '151.3227'}, 'timezone': {'offset': '-4:00', 'description': 'Atlantic Time (Canada), Caracas, La Paz'}}, 'email': 'aubrey.roy@example.com', 'login': {'uuid': '2c141f6e-309e-4264-95c4-4655744427fb', 'username': 'brownelephant452', 'password': 'shelby', 'salt': 'cJ5izqLv', 'md5': 'ae221451b3b7c2a57537b732ac69994b', 'sha1': 'e80e0366230706e36d5b8071744251c06b15aa85', 'sha256': '10cddf8d85c178ac4a94e4999500e514cad61ad6093014a20eac953e46ff50b3'}, 'dob': {'date': '1965-02-01T20:32:27.032Z', 'age': 59}, 'registered': {'date': '2008-11-03T08:21:13.503Z', 'age': 15}, 'phone': 'H22 D49-7726', 'cell': 'E63 O57-0184', 'id': {'name': 'SIN', 'value': '343249082'}, 'picture': {'large': 'https://randomuser.me/api/portraits/women/45.jpg', 'medium': 'https://randomuser.me/api/portraits/med/women/45.jpg', 'thumbnail': 'https://randomuser.me/api/portraits/thumb/women/45.jpg'}, 'nat': 'CA'}</msg>
<arg>${json_data['results'][0]}</arg>
<doc>Logs the given message with the given level.</doc>
<status status="PASS" start="2024-05-11T18:17:34.725856" elapsed="0.000407"/>
</kw>
<kw name="Log" owner="BuiltIn">
<msg time="2024-05-11T18:17:34.726678" level="INFO">login</msg>
<arg>${key}</arg>
<doc>Logs the given message with the given level.</doc>
<status status="PASS" start="2024-05-11T18:17:34.726553" elapsed="0.000163"/>
</kw>
<var name="${key}">login</var>
<status status="PASS" start="2024-05-11T18:17:34.725031" elapsed="0.001935"/>
</iter>
<var>${key}</var>
<value>@{expected_keys}</value>
<status status="PASS" start="2024-05-11T18:17:34.716231" elapsed="0.010886"/>
</for>
<kw name="Create List" owner="BuiltIn">
<msg time="2024-05-11T18:17:34.727458" level="INFO">${expected_keysTwo} = ['username', 'password']</msg>
<var>${expected_keysTwo}</var>
<arg>username</arg>
<arg>password</arg>
<doc>Returns a list containing given items.</doc>
<status status="PASS" start="2024-05-11T18:17:34.727314" elapsed="0.000168"/>
</kw>
<for flavor="IN">
<iter>
<kw name="Dictionary Should Contain Key" owner="Collections">
<msg time="2024-05-11T18:17:34.728382" level="INFO">False</msg>
<arg>${json_data['results'][0]['login']}</arg>
<arg>${keyTwo}</arg>
<doc>Fails if ``key`` is not found from ``dictionary``.</doc>
<status status="PASS" start="2024-05-11T18:17:34.727980" elapsed="0.000439"/>
</kw>
<kw name="Dictionary Should Contain Key" owner="Collections">
<msg time="2024-05-11T18:17:34.729093" level="INFO">False</msg>
<arg>${json_data['results'][0]['login']}</arg>
<arg>${keyTwo}</arg>
<doc>Fails if ``key`` is not found from ``dictionary``.</doc>
<status status="PASS" start="2024-05-11T18:17:34.728711" elapsed="0.000420"/>
</kw>
<kw name="Log" owner="BuiltIn">
<msg time="2024-05-11T18:17:34.729547" level="INFO">username</msg>
<arg>${keyTwo}</arg>
<doc>Logs the given message with the given level.</doc>
<status status="PASS" start="2024-05-11T18:17:34.729422" elapsed="0.000167"/>
</kw>
<var name="${keyTwo}">username</var>
<status status="PASS" start="2024-05-11T18:17:34.727872" elapsed="0.001931"/>
</iter>
<iter>
<kw name="Dictionary Should Contain Key" owner="Collections">
<msg time="2024-05-11T18:17:34.730551" level="INFO">False</msg>
<arg>${json_data['results'][0]['login']}</arg>
<arg>${keyTwo}</arg>
<doc>Fails if ``key`` is not found from ``dictionary``.</doc>
<status status="PASS" start="2024-05-11T18:17:34.730083" elapsed="0.000509"/>
</kw>
<kw name="Dictionary Should Contain Key" owner="Collections">
<msg time="2024-05-11T18:17:34.731291" level="INFO">False</msg>
<arg>${json_data['results'][0]['login']}</arg>
<arg>${keyTwo}</arg>
<doc>Fails if ``key`` is not found from ``dictionary``.</doc>
<status status="PASS" start="2024-05-11T18:17:34.730888" elapsed="0.000440"/>
</kw>
<kw name="Log" owner="BuiltIn">
<msg time="2024-05-11T18:17:34.731747" level="INFO">password</msg>
<arg>${keyTwo}</arg>
<doc>Logs the given message with the given level.</doc>
<status status="PASS" start="2024-05-11T18:17:34.731620" elapsed="0.000164"/>
</kw>
<var name="${keyTwo}">password</var>
<status status="PASS" start="2024-05-11T18:17:34.729973" elapsed="0.002025"/>
</iter>
<var>${keyTwo}</var>
<value>@{expected_keysTwo}</value>
<status status="PASS" start="2024-05-11T18:17:34.727718" elapsed="0.004402"/>
</for>
<status status="PASS" start="2024-05-11T18:17:34.517520" elapsed="0.214743"/>
</kw>
<doc>Testa a estrutura da resposta da API.</doc>
<tag>testeEstruturaResposta</tag>
<status status="PASS" start="2024-05-11T18:17:34.517009" elapsed="0.215412"/>
</test>
<test id="s1-s1-t4" name="Validar tipos de dados" line="28">
<kw name="Teste de Tipos de Dados" owner="random-user-service">
<kw name="GET On Session" owner="RequestsLibrary">
<msg time="2024-05-11T18:17:34.777324" level="INFO">GET Request : url=https://randomuser.me/api 
 path_url=/api 
 headers={'User-Agent': 'python-requests/2.31.0', 'Accept-Encoding': 'gzip, deflate', 'Accept': '*/*', 'Connection': 'keep-alive'} 
 body=None 
 </msg>
<msg time="2024-05-11T18:17:34.777412" level="INFO">GET Response : url=https://randomuser.me/api 
 status=200, reason=OK 
 headers={'Date': 'Sat, 11 May 2024 18:17:34 GMT', 'Content-Type': 'application/json; charset=utf-8', 'Transfer-Encoding': 'chunked', 'Connection': 'keep-alive', 'X-Powered-By': 'Express', 'Access-Control-Allow-Origin': '*', 'Cache-Control': 'no-cache', 'ETag': 'W/"46e-s7GLnpLvypgrDHWHMHaoT4vAbss"', 'Vary': 'Accept-Encoding', 'Content-Encoding': 'gzip', 'CF-Cache-Status': 'DYNAMIC', 'Report-To': '{"endpoints":[{"url":"https:\\/\\/a.nel.cloudflare.com\\/report\\/v4?s=fz9gzfF90XsTnafyydcTmTKu20aE7duKVHmgs3%2FyOkXerKMqTxfsMmutR3Mhh8567hEHObJawLaw%2B61cdjXh2SFijtiWYyyNjrYi1gbvoC1K%2B3Yh%2FSEZObsXxzQNurON"}],"group":"cf-nel","max_age":604800}', 'NEL': '{"success_fraction":0,"report_to":"cf-nel","max_age":604800}', 'Server': 'cloudflare', 'CF-RAY': '88242aa81f9f3b95-IAD', 'alt-svc': 'h3=":443"; ma=86400'} 
 body={"results":[{"gender":"male","name":{"title":"Mr","first":"Blake","last":"Ambrose"},"location":{"street":{"number":8004,"name":"Bay Ave"},"city":"Inverness","state":"Nunavut","country":"Canada","postcode":"X8L 7C3","coordinates":{"latitude":"-70.3184","longitude":"-76.0053"},"timezone":{"offset":"-10:00","description":"Hawaii"}},"email":"blake.ambrose@example.com","login":{"uuid":"201c379f-ff5d-4f86-9988-7529e76895eb","username":"orangeleopard520","password":"monty","salt":"99uZ9GBw","md5":"0ff4fb716a5d9d2c83d14ac6a6a03a9f","sha1":"e80b089b2bffccd6e5adf910ff27a9c6ac403efb","sha256":"099fa274632a6fb9dac12a2bce271fa78be5044e37d4c76cff7c3b8a54ba8431"},"dob":{"date":"1964-04-07T11:18:01.385Z","age":60},"registered":{"date":"2005-09-21T12:45:57.868Z","age":18},"phone":"X44 O53-9799","cell":"G25 S89-4094","id":{"name":"SIN","value":"925329534"},"picture":{"large":"https://randomuser.me/api/portraits/men/58.jpg","medium":"https://randomuser.me/api/portraits/med/men/58.jpg","thumbnail":"https://randomuser.me/api/portraits/thumb/men/58.jpg"},"nat":"CA"}],"info":{"seed":"23321b2c76b5a750","results":1,"page":1,"version":"1.4"}} 
 </msg>
<msg time="2024-05-11T18:17:34.777492" level="INFO">/opt/hostedtoolcache/Python/3.12.3/x64/lib/python3.12/site-packages/urllib3/connectionpool.py:1103: InsecureRequestWarning: Unverified HTTPS request is being made to host 'randomuser.me'. Adding certificate verification is strongly advised. See: https://urllib3.readthedocs.io/en/latest/advanced-usage.html#tls-warnings
  warnings.warn(</msg>
<msg time="2024-05-11T18:17:34.777609" level="INFO">${response} = &lt;Response [200]&gt;</msg>
<var>${response}</var>
<arg>consultarAPI</arg>
<arg>/api</arg>
<doc>Sends a GET request on a previously created HTTP Session.</doc>
<status status="PASS" start="2024-05-11T18:17:34.735023" elapsed="0.042630"/>
</kw>
<kw name="Set Variable" owner="BuiltIn">
<msg time="2024-05-11T18:17:34.778611" level="INFO">${json_data} = {'results': [{'gender': 'male', 'name': {'title': 'Mr', 'first': 'Blake', 'last': 'Ambrose'}, 'location': {'street': {'number': 8004, 'name': 'Bay Ave'}, 'city': 'Inverness', 'state': 'Nunavut', 'coun...</msg>
<var>${json_data}</var>
<arg>${response.json()}</arg>
<doc>Returns the given values which can then be assigned to a variables.</doc>
<status status="PASS" start="2024-05-11T18:17:34.778127" elapsed="0.000512"/>
</kw>
<kw name="Log" owner="BuiltIn">
<msg time="2024-05-11T18:17:34.779132" level="INFO">{'results': [{'gender': 'male', 'name': {'title': 'Mr', 'first': 'Blake', 'last': 'Ambrose'}, 'location': {'street': {'number': 8004, 'name': 'Bay Ave'}, 'city': 'Inverness', 'state': 'Nunavut', 'country': 'Canada', 'postcode': 'X8L 7C3', 'coordinates': {'latitude': '-70.3184', 'longitude': '-76.0053'}, 'timezone': {'offset': '-10:00', 'description': 'Hawaii'}}, 'email': 'blake.ambrose@example.com', 'login': {'uuid': '201c379f-ff5d-4f86-9988-7529e76895eb', 'username': 'orangeleopard520', 'password': 'monty', 'salt': '99uZ9GBw', 'md5': '0ff4fb716a5d9d2c83d14ac6a6a03a9f', 'sha1': 'e80b089b2bffccd6e5adf910ff27a9c6ac403efb', 'sha256': '099fa274632a6fb9dac12a2bce271fa78be5044e37d4c76cff7c3b8a54ba8431'}, 'dob': {'date': '1964-04-07T11:18:01.385Z', 'age': 60}, 'registered': {'date': '2005-09-21T12:45:57.868Z', 'age': 18}, 'phone': 'X44 O53-9799', 'cell': 'G25 S89-4094', 'id': {'name': 'SIN', 'value': '925329534'}, 'picture': {'large': 'https://randomuser.me/api/portraits/men/58.jpg', 'medium': 'https://randomuser.me/api/portraits/med/men/58.jpg', 'thumbnail': 'https://randomuser.me/api/portraits/thumb/men/58.jpg'}, 'nat': 'CA'}], 'info': {'seed': '23321b2c76b5a750', 'results': 1, 'page': 1, 'version': '1.4'}}</msg>
<arg>${json_data}</arg>
<doc>Logs the given message with the given level.</doc>
<status status="PASS" start="2024-05-11T18:17:34.778946" elapsed="0.000271"/>
</kw>
<kw name="Should Be String" owner="String">
<arg>${json_data['results'][0]['gender']}</arg>
<doc>Fails if the given ``item`` is not a string.</doc>
<status status="PASS" start="2024-05-11T18:17:34.779516" elapsed="0.000361"/>
</kw>
<kw name="Should Match Regexp" owner="BuiltIn">
<arg>${json_data['results'][0]['email']}</arg>
<arg>^[a-zA-Z0-9._%+-]+@[a-zA-Z0-9.-]+\.[a-zA-Z]{2,}$</arg>
<doc>Fails if ``string`` does not match ``pattern`` as a regular expression.</doc>
<status status="PASS" start="2024-05-11T18:17:34.780071" elapsed="0.000516"/>
</kw>
<kw name="Should Match Regexp" owner="BuiltIn">
<arg>${json_data['results'][0]['dob']['date']}</arg>
<arg>\\d{4}-\\d{2}-\\d{2}T\\d{2}:\\d{2}:\\d{2}\\.\\d{3}Z</arg>
<doc>Fails if ``string`` does not match ``pattern`` as a regular expression.</doc>
<status status="PASS" start="2024-05-11T18:17:34.780785" elapsed="0.000495"/>
</kw>
<kw name="Should Match Regexp" owner="BuiltIn">
<arg>${json_data['results'][0]['registered']['date']}</arg>
<arg>\\d{4}-\\d{2}-\\d{2}T\\d{2}:\\d{2}:\\d{2}\\.\\d{3}Z</arg>
<doc>Fails if ``string`` does not match ``pattern`` as a regular expression.</doc>
<status status="PASS" start="2024-05-11T18:17:34.781494" elapsed="0.000367"/>
</kw>
<kw name="Should Match Regexp" owner="BuiltIn">
<arg>${json_data['results'][0]['picture']['large']}</arg>
<arg>^https?://.*\.(?:png|jpe?g|gif|bmp)$</arg>
<doc>Fails if ``string`` does not match ``pattern`` as a regular expression.</doc>
<status status="PASS" start="2024-05-11T18:17:34.782054" elapsed="0.000462"/>
</kw>
<kw name="Should Match Regexp" owner="BuiltIn">
<arg>${json_data['results'][0]['picture']['medium']}</arg>
<arg>^https?://.*\.(?:png|jpe?g|gif|bmp)$</arg>
<doc>Fails if ``string`` does not match ``pattern`` as a regular expression.</doc>
<status status="PASS" start="2024-05-11T18:17:34.782706" elapsed="0.000397"/>
</kw>
<kw name="Should Match Regexp" owner="BuiltIn">
<arg>${json_data['results'][0]['picture']['thumbnail']}</arg>
<arg>^https?://.*\.(?:png|jpe?g|gif|bmp)$</arg>
<doc>Fails if ``string`` does not match ``pattern`` as a regular expression.</doc>
<status status="PASS" start="2024-05-11T18:17:34.783315" elapsed="0.000357"/>
</kw>
<kw name="Log" owner="BuiltIn">
<msg time="2024-05-11T18:17:34.784179" level="INFO">{'large': 'https://randomuser.me/api/portraits/men/58.jpg', 'medium': 'https://randomuser.me/api/portraits/med/men/58.jpg', 'thumbnail': 'https://randomuser.me/api/portraits/thumb/men/58.jpg'}</msg>
<arg>${json_data['results'][0]['picture']}</arg>
<doc>Logs the given message with the given level.</doc>
<status status="PASS" start="2024-05-11T18:17:34.783856" elapsed="0.000365"/>
</kw>
<status status="PASS" start="2024-05-11T18:17:34.734792" elapsed="0.049684"/>
</kw>
<kw name="Teste de Tipos de Dados - Postcode" owner="random-user-service">
<kw name="GET On Session" owner="RequestsLibrary">
<msg time="2024-05-11T18:17:34.889017" level="INFO">GET Request : url=https://randomuser.me/api 
 path_url=/api 
 headers={'User-Agent': 'python-requests/2.31.0', 'Accept-Encoding': 'gzip, deflate', 'Accept': '*/*', 'Connection': 'keep-alive'} 
 body=None 
 </msg>
<msg time="2024-05-11T18:17:34.889114" level="INFO">GET Response : url=https://randomuser.me/api 
 status=200, reason=OK 
 headers={'Date': 'Sat, 11 May 2024 18:17:34 GMT', 'Content-Type': 'application/json; charset=utf-8', 'Transfer-Encoding': 'chunked', 'Connection': 'keep-alive', 'X-Powered-By': 'Express', 'Access-Control-Allow-Origin': '*', 'Cache-Control': 'no-cache', 'ETag': 'W/"491-h3hzFWdAbA1cTGvMljG2tyI8nu0"', 'Vary': 'Accept-Encoding', 'Content-Encoding': 'gzip', 'CF-Cache-Status': 'DYNAMIC', 'Report-To': '{"endpoints":[{"url":"https:\\/\\/a.nel.cloudflare.com\\/report\\/v4?s=4f3EMDduBXniTuA9BFYMQdV3f449%2FoxQ0J7Pn6UXMa05KC5iTn0nsM8fiKuivC4YUSIC4n0wi5taFGuHUR38N%2FFovUsLUFcJssWT%2F8lZngbwgd2k%2FJt2uXGGU3JIps2Y"}],"group":"cf-nel","max_age":604800}', 'NEL': '{"success_fraction":0,"report_to":"cf-nel","max_age":604800}', 'Server': 'cloudflare', 'CF-RAY': '88242aa868013b95-IAD', 'alt-svc': 'h3=":443"; ma=86400'} 
 body={"results":[{"gender":"male","name":{"title":"Mr","first":"Salvador","last":"Guerrero"},"location":{"street":{"number":5385,"name":"Privada Sur Madrigal"},"city":"Jaltiche de Abajo","state":"Zacatecas","country":"Mexico","postcode":76438,"coordinates":{"latitude":"25.1942","longitude":"-74.1914"},"timezone":{"offset":"+3:30","description":"Tehran"}},"email":"salvador.guerrero@example.com","login":{"uuid":"e698d6fb-85c2-46c1-9c07-a8d885a08cd6","username":"angrykoala667","password":"september","salt":"FtYjzVhf","md5":"34f00b90d64ca4216a7a801c803b046d","sha1":"dd2fd9c2fc2e179a96904638edf006bd21a8186e","sha256":"640fce5ad7f8efb164e0d9db6ee734018c99f1cd8f532a7331d04234cf4de39c"},"dob":{"date":"1975-03-31T10:00:34.193Z","age":49},"registered":{"date":"2018-08-29T08:32:12.312Z","age":5},"phone":"(653) 605 7845","cell":"(675) 574 9675","id":{"name":"NSS","value":"32 92 67 8311 4"},"picture":{"large":"https://randomuser.me/api/portraits/men/52.jpg","medium":"https://randomuser.me/api/portraits/med/men/52.jpg","thumbnail":"https://randomuser.me/api/portraits/thumb/men/52.jpg"},"nat":"MX"}],"info":{"seed":"cc01021ceda59d9b","results":1,"page":1,"version":"1.4"}} 
 </msg>
<msg time="2024-05-11T18:17:34.889176" level="INFO">/opt/hostedtoolcache/Python/3.12.3/x64/lib/python3.12/site-packages/urllib3/connectionpool.py:1103: InsecureRequestWarning: Unverified HTTPS request is being made to host 'randomuser.me'. Adding certificate verification is strongly advised. See: https://urllib3.readthedocs.io/en/latest/advanced-usage.html#tls-warnings
  warnings.warn(</msg>
<msg time="2024-05-11T18:17:34.889281" level="INFO">${response} = &lt;Response [200]&gt;</msg>
<var>${response}</var>
<arg>consultarAPI</arg>
<arg>/api</arg>
<doc>Sends a GET request on a previously created HTTP Session.</doc>
<status status="PASS" start="2024-05-11T18:17:34.784924" elapsed="0.104395"/>
</kw>
<kw name="Set Variable" owner="BuiltIn">
<msg time="2024-05-11T18:17:34.890281" level="INFO">${json_data} = {'results': [{'gender': 'male', 'name': {'title': 'Mr', 'first': 'Salvador', 'last': 'Guerrero'}, 'location': {'street': {'number': 5385, 'name': 'Privada Sur Madrigal'}, 'city': 'Jaltiche de Abajo', ...</msg>
<var>${json_data}</var>
<arg>${response.json()}</arg>
<doc>Returns the given values which can then be assigned to a variables.</doc>
<status status="PASS" start="2024-05-11T18:17:34.889786" elapsed="0.000523"/>
</kw>
<kw name="Log" owner="BuiltIn">
<msg time="2024-05-11T18:17:34.890764" level="INFO">{'results': [{'gender': 'male', 'name': {'title': 'Mr', 'first': 'Salvador', 'last': 'Guerrero'}, 'location': {'street': {'number': 5385, 'name': 'Privada Sur Madrigal'}, 'city': 'Jaltiche de Abajo', 'state': 'Zacatecas', 'country': 'Mexico', 'postcode': 76438, 'coordinates': {'latitude': '25.1942', 'longitude': '-74.1914'}, 'timezone': {'offset': '+3:30', 'description': 'Tehran'}}, 'email': 'salvador.guerrero@example.com', 'login': {'uuid': 'e698d6fb-85c2-46c1-9c07-a8d885a08cd6', 'username': 'angrykoala667', 'password': 'september', 'salt': 'FtYjzVhf', 'md5': '34f00b90d64ca4216a7a801c803b046d', 'sha1': 'dd2fd9c2fc2e179a96904638edf006bd21a8186e', 'sha256': '640fce5ad7f8efb164e0d9db6ee734018c99f1cd8f532a7331d04234cf4de39c'}, 'dob': {'date': '1975-03-31T10:00:34.193Z', 'age': 49}, 'registered': {'date': '2018-08-29T08:32:12.312Z', 'age': 5}, 'phone': '(653) 605 7845', 'cell': '(675) 574 9675', 'id': {'name': 'NSS', 'value': '32 92 67 8311 4'}, 'picture': {'large': 'https://randomuser.me/api/portraits/men/52.jpg', 'medium': 'https://randomuser.me/api/portraits/med/men/52.jpg', 'thumbnail': 'https://randomuser.me/api/portraits/thumb/men/52.jpg'}, 'nat': 'MX'}], 'info': {'seed': 'cc01021ceda59d9b', 'results': 1, 'page': 1, 'version': '1.4'}}</msg>
<arg>${json_data}</arg>
<doc>Logs the given message with the given level.</doc>
<status status="PASS" start="2024-05-11T18:17:34.890613" elapsed="0.000229"/>
</kw>
<kw name="Should Be Equal As Numbers" owner="BuiltIn">
<arg>${json_data['results'][0]['location']['postcode']}</arg>
<arg>${json_data['results'][0]['location']['postcode']}</arg>
<doc>Fails if objects are unequal after converting them to real numbers.</doc>
<status status="PASS" start="2024-05-11T18:17:34.891356" elapsed="0.000616"/>
</kw>
<kw name="Log" owner="BuiltIn">
<msg time="2024-05-11T18:17:34.892501" level="INFO">76438</msg>
<arg>${json_data['results'][0]['location']['postcode']}</arg>
<doc>Logs the given message with the given level.</doc>
<status status="PASS" start="2024-05-11T18:17:34.892164" elapsed="0.000376"/>
</kw>
<status status="PASS" start="2024-05-11T18:17:34.784698" elapsed="0.108099"/>
</kw>
<doc>Testa se os tipos de dados na resposta da API estão corretos.</doc>
<tag>testeTiposDados</tag>
<status status="PASS" start="2024-05-11T18:17:34.734320" elapsed="0.158642"/>
</test>
<test id="s1-s1-t5" name="Validar conteudo" line="35">
<kw name="Teste de Tipos de Conteudo" owner="random-user-service">
<kw name="GET On Session" owner="RequestsLibrary">
<msg time="2024-05-11T18:17:34.969750" level="INFO">GET Request : url=https://randomuser.me/api 
 path_url=/api 
 headers={'User-Agent': 'python-requests/2.31.0', 'Accept-Encoding': 'gzip, deflate', 'Accept': '*/*', 'Connection': 'keep-alive'} 
 body=None 
 </msg>
<msg time="2024-05-11T18:17:34.969851" level="INFO">GET Response : url=https://randomuser.me/api 
 status=200, reason=OK 
 headers={'Date': 'Sat, 11 May 2024 18:17:34 GMT', 'Content-Type': 'application/json; charset=utf-8', 'Transfer-Encoding': 'chunked', 'Connection': 'keep-alive', 'X-Powered-By': 'Express', 'Access-Control-Allow-Origin': '*', 'Cache-Control': 'no-cache', 'ETag': 'W/"4a0-9BvAoS9pipfm1aI0mYi9iMLli1s"', 'Vary': 'Accept-Encoding', 'Content-Encoding': 'gzip', 'CF-Cache-Status': 'DYNAMIC', 'Report-To': '{"endpoints":[{"url":"https:\\/\\/a.nel.cloudflare.com\\/report\\/v4?s=nc83YmJOeo7dpJUPVMDJkcQCbaGbEDn4jv%2FsomaPxjT1QxogKOqr3B295ravILKbgglTyEDXXe0fy7GoOVemZH7EH6ez%2F1BR5%2BklYEjdOXXdJKLScISvnqmtnjPupeh7"}],"group":"cf-nel","max_age":604800}', 'NEL': '{"success_fraction":0,"report_to":"cf-nel","max_age":604800}', 'Server': 'cloudflare', 'CF-RAY': '88242aa918de3b95-IAD', 'alt-svc': 'h3=":443"; ma=86400'} 
 body={"results":[{"gender":"female","name":{"title":"Ms","first":"Celia","last":"Sotelo"},"location":{"street":{"number":6856,"name":"Diagonal Herrera"},"city":"El Capomo","state":"Morelos","country":"Mexico","postcode":71067,"coordinates":{"latitude":"27.7727","longitude":"27.5458"},"timezone":{"offset":"-5:00","description":"Eastern Time (US &amp; Canada), Bogota, Lima"}},"email":"celia.sotelo@example.com","login":{"uuid":"3df4a848-a2ef-466b-bbbb-5f85d967ba71","username":"silverfrog993","password":"popper","salt":"i79xxRTQ","md5":"d083dbced1e9501bb7296c91409b488b","sha1":"927a5f6d7107f610078dbb9386870c6b715f5754","sha256":"c41f2836919efd3be81f02c2983bb54e26118fc46d79512764927c0e9e91d47e"},"dob":{"date":"1975-04-08T07:53:58.335Z","age":49},"registered":{"date":"2009-08-04T00:57:39.652Z","age":14},"phone":"(654) 476 4027","cell":"(640) 978 4454","id":{"name":"NSS","value":"72 82 45 9815 8"},"picture":{"large":"https://randomuser.me/api/portraits/women/81.jpg","medium":"https://randomuser.me/api/portraits/med/women/81.jpg","thumbnail":"https://randomuser.me/api/portraits/thumb/women/81.jpg"},"nat":"MX"}],"info":{"seed":"667f66235edb1045","results":1,"page":1,"version":"1.4"}} 
 </msg>
<msg time="2024-05-11T18:17:34.969928" level="INFO">/opt/hostedtoolcache/Python/3.12.3/x64/lib/python3.12/site-packages/urllib3/connectionpool.py:1103: InsecureRequestWarning: Unverified HTTPS request is being made to host 'randomuser.me'. Adding certificate verification is strongly advised. See: https://urllib3.readthedocs.io/en/latest/advanced-usage.html#tls-warnings
  warnings.warn(</msg>
<msg time="2024-05-11T18:17:34.970053" level="INFO">${response} = &lt;Response [200]&gt;</msg>
<var>${response}</var>
<arg>consultarAPI</arg>
<arg>/api</arg>
<doc>Sends a GET request on a previously created HTTP Session.</doc>
<status status="PASS" start="2024-05-11T18:17:34.895433" elapsed="0.074667"/>
</kw>
<kw name="Set Variable" owner="BuiltIn">
<msg time="2024-05-11T18:17:34.971120" level="INFO">${json_data} = {'results': [{'gender': 'female', 'name': {'title': 'Ms', 'first': 'Celia', 'last': 'Sotelo'}, 'location': {'street': {'number': 6856, 'name': 'Diagonal Herrera'}, 'city': 'El Capomo', 'state': 'Morel...</msg>
<var>${json_data}</var>
<arg>${response.json()}</arg>
<doc>Returns the given values which can then be assigned to a variables.</doc>
<status status="PASS" start="2024-05-11T18:17:34.970606" elapsed="0.000543"/>
</kw>
<kw name="Set Variable" owner="BuiltIn">
<msg time="2024-05-11T18:17:34.971838" level="INFO">${name_title} = Ms</msg>
<var>${name_title}</var>
<arg>${json_data["results"][0]["name"]["title"]}</arg>
<doc>Returns the given values which can then be assigned to a variables.</doc>
<status status="PASS" start="2024-05-11T18:17:34.971453" elapsed="0.000410"/>
</kw>
<kw name="Create List" owner="BuiltIn">
<msg time="2024-05-11T18:17:34.972307" level="INFO">${allowed_titles} = ['Mr', 'Ms', 'Miss', 'Mrs', 'Madame', 'Monsieur']</msg>
<var>${allowed_titles}</var>
<arg>Mr</arg>
<arg>Ms</arg>
<arg>Miss</arg>
<arg>Mrs</arg>
<arg>Madame</arg>
<arg>Monsieur</arg>
<doc>Returns a list containing given items.</doc>
<status status="PASS" start="2024-05-11T18:17:34.972159" elapsed="0.000172"/>
</kw>
<kw name="List Should Contain Value" owner="Collections">
<msg time="2024-05-11T18:17:34.972796" level="INFO">False</msg>
<arg>${allowed_titles}</arg>
<arg>${name_title}</arg>
<doc>Fails if the ``value`` is not found from ``list``.</doc>
<status status="PASS" start="2024-05-11T18:17:34.972625" elapsed="0.000207"/>
</kw>
<kw name="Set Variable" owner="BuiltIn">
<msg time="2024-05-11T18:17:34.973497" level="INFO">${name_country} = MX</msg>
<var>${name_country}</var>
<arg>${json_data["results"][0]["nat"]}</arg>
<doc>Returns the given values which can then be assigned to a variables.</doc>
<status status="PASS" start="2024-05-11T18:17:34.973119" elapsed="0.000403"/>
</kw>
<kw name="Create List" owner="BuiltIn">
<msg time="2024-05-11T18:17:34.974406" level="INFO">${list_country} = ['AD', 'AE', 'AF', 'AG', 'AI', 'AL', 'AM', 'AO', 'AQ', 'AR', 'AS', 'AT', 'AU', 'AW', 'AX', 'AZ', 'BA', 'BB', 'BD', 'BE', 'BF', 'BG', 'BH', 'BI', 'BJ', 'BL', 'BM', 'BN', 'BO', 'BQ', 'BR', 'BS', 'BT', '...</msg>
<var>${list_country}</var>
<arg>AD</arg>
<arg>AE</arg>
<arg>AF</arg>
<arg>AG</arg>
<arg>AI</arg>
<arg>AL</arg>
<arg>AM</arg>
<arg>AO</arg>
<arg>AQ</arg>
<arg>AR</arg>
<arg>AS</arg>
<arg>AT</arg>
<arg>AU</arg>
<arg>AW</arg>
<arg>AX</arg>
<arg>AZ</arg>
<arg>BA</arg>
<arg>BB</arg>
<arg>BD</arg>
<arg>BE</arg>
<arg>BF</arg>
<arg>BG</arg>
<arg>BH</arg>
<arg>BI</arg>
<arg>BJ</arg>
<arg>BL</arg>
<arg>BM</arg>
<arg>BN</arg>
<arg>BO</arg>
<arg>BQ</arg>
<arg>BR</arg>
<arg>BS</arg>
<arg>BT</arg>
<arg>BV</arg>
<arg>BW</arg>
<arg>BY</arg>
<arg>BZ</arg>
<arg>CA</arg>
<arg>CC</arg>
<arg>CD</arg>
<arg>CF</arg>
<arg>CG</arg>
<arg>CH</arg>
<arg>CI</arg>
<arg>CK</arg>
<arg>CL</arg>
<arg>CM</arg>
<arg>CN</arg>
<arg>CO</arg>
<arg>CR</arg>
<arg>CU</arg>
<arg>CV</arg>
<arg>CW</arg>
<arg>CX</arg>
<arg>CY</arg>
<arg>CZ</arg>
<arg>DE</arg>
<arg>DJ</arg>
<arg>DK</arg>
<arg>DM</arg>
<arg>DO</arg>
<arg>DZ</arg>
<arg>EC</arg>
<arg>EE</arg>
<arg>EG</arg>
<arg>EH</arg>
<arg>ER</arg>
<arg>ES</arg>
<arg>ET</arg>
<arg>FI</arg>
<arg>FJ</arg>
<arg>FK</arg>
<arg>FM</arg>
<arg>FO</arg>
<arg>FR</arg>
<arg>GA</arg>
<arg>GB</arg>
<arg>GD</arg>
<arg>GE</arg>
<arg>GF</arg>
<arg>GG</arg>
<arg>GH</arg>
<arg>GI</arg>
<arg>GL</arg>
<arg>GM</arg>
<arg>GN</arg>
<arg>GP</arg>
<arg>GQ</arg>
<arg>GR</arg>
<arg>GS</arg>
<arg>GT</arg>
<arg>GU</arg>
<arg>GW</arg>
<arg>GY</arg>
<arg>HK</arg>
<arg>HM</arg>
<arg>HN</arg>
<arg>HR</arg>
<arg>HT</arg>
<arg>HU</arg>
<arg>ID</arg>
<arg>IE</arg>
<arg>IL</arg>
<arg>IM</arg>
<arg>IN</arg>
<arg>IO</arg>
<arg>IQ</arg>
<arg>IR</arg>
<arg>IS</arg>
<arg>IT</arg>
<arg>JE</arg>
<arg>JM</arg>
<arg>JO</arg>
<arg>JP</arg>
<arg>KE</arg>
<arg>KG</arg>
<arg>KH</arg>
<arg>KI</arg>
<arg>KM</arg>
<arg>KN</arg>
<arg>KP</arg>
<arg>KR</arg>
<arg>KW</arg>
<arg>KY</arg>
<arg>KZ</arg>
<arg>LA</arg>
<arg>LB</arg>
<arg>LC</arg>
<arg>LI</arg>
<arg>LK</arg>
<arg>LR</arg>
<arg>LS</arg>
<arg>LT</arg>
<arg>LU</arg>
<arg>LV</arg>
<arg>LY</arg>
<arg>MA</arg>
<arg>MC</arg>
<arg>MD</arg>
<arg>ME</arg>
<arg>MF</arg>
<arg>MG</arg>
<arg>MH</arg>
<arg>MK</arg>
<arg>ML</arg>
<arg>MM</arg>
<arg>MN</arg>
<arg>MO</arg>
<arg>MP</arg>
<arg>MQ</arg>
<arg>MR</arg>
<arg>MS</arg>
<arg>MT</arg>
<arg>MU</arg>
<arg>MV</arg>
<arg>MW</arg>
<arg>MX</arg>
<arg>MY</arg>
<arg>MZ</arg>
<arg>NA</arg>
<arg>NC</arg>
<arg>NE</arg>
<arg>NF</arg>
<arg>NG</arg>
<arg>NI</arg>
<arg>NL</arg>
<arg>NO</arg>
<arg>NP</arg>
<arg>NR</arg>
<arg>NU</arg>
<arg>NZ</arg>
<arg>OM</arg>
<arg>PA</arg>
<arg>PE</arg>
<arg>PF</arg>
<arg>PG</arg>
<arg>PH</arg>
<arg>PK</arg>
<arg>PL</arg>
<arg>PM</arg>
<arg>PN</arg>
<arg>PR</arg>
<arg>PS</arg>
<arg>PT</arg>
<arg>PW</arg>
<arg>PY</arg>
<arg>QA</arg>
<arg>RE</arg>
<arg>RO</arg>
<arg>RS</arg>
<arg>RU</arg>
<arg>RW</arg>
<arg>SA</arg>
<arg>SB</arg>
<arg>SC</arg>
<arg>SD</arg>
<arg>SE</arg>
<arg>SG</arg>
<arg>SH</arg>
<arg>SI</arg>
<arg>SJ</arg>
<arg>SK</arg>
<arg>SL</arg>
<arg>SM</arg>
<arg>SN</arg>
<arg>SO</arg>
<arg>SR</arg>
<arg>SS</arg>
<arg>ST</arg>
<arg>SV</arg>
<arg>SX</arg>
<arg>SY</arg>
<arg>SZ</arg>
<arg>TC</arg>
<arg>TD</arg>
<arg>TF</arg>
<arg>TG</arg>
<arg>TH</arg>
<arg>TJ</arg>
<arg>TK</arg>
<arg>TL</arg>
<arg>TM</arg>
<arg>TN</arg>
<arg>TO</arg>
<arg>TR</arg>
<arg>TT</arg>
<arg>TV</arg>
<arg>TW</arg>
<arg>TZ</arg>
<arg>UA</arg>
<arg>UG</arg>
<arg>UM</arg>
<arg>US</arg>
<arg>UY</arg>
<arg>UZ</arg>
<arg>VA</arg>
<arg>VC</arg>
<arg>VE</arg>
<arg>VG</arg>
<arg>VI</arg>
<arg>VN</arg>
<arg>VU</arg>
<arg>WF</arg>
<arg>WS</arg>
<arg>XK</arg>
<arg>YE</arg>
<arg>YT</arg>
<arg>ZA</arg>
<arg>ZM</arg>
<arg>ZW</arg>
<doc>Returns a list containing given items.</doc>
<status status="PASS" start="2024-05-11T18:17:34.973820" elapsed="0.000611"/>
</kw>
<kw name="List Should Contain Value" owner="Collections">
<msg time="2024-05-11T18:17:34.975444" level="INFO">False</msg>
<arg>${list_country}</arg>
<arg>${name_country}</arg>
<doc>Fails if the ``value`` is not found from ``list``.</doc>
<status status="PASS" start="2024-05-11T18:17:34.975244" elapsed="0.000237"/>
</kw>
<kw name="Run Keyword If" owner="BuiltIn">
<kw name="Should Be True" owner="BuiltIn">
<arg>${True}</arg>
<doc>Fails if the given condition is not true.</doc>
<status status="PASS" start="2024-05-11T18:17:34.976541" elapsed="0.000253"/>
</kw>
<arg>${json_data["results"][0]["location"]["coordinates"]["latitude"]} &gt;= -90 and ${json_data["results"][0]["location"]["coordinates"]["latitude"]} &lt;= 90</arg>
<arg>Should Be True</arg>
<arg>${True}</arg>
<doc>Runs the given keyword with the given arguments, if ``condition`` is true.</doc>
<status status="PASS" start="2024-05-11T18:17:34.975794" elapsed="0.001131"/>
</kw>
<kw name="Run Keyword If" owner="BuiltIn">
<kw name="Should Be True" owner="BuiltIn">
<arg>${True}</arg>
<doc>Fails if the given condition is not true.</doc>
<status status="PASS" start="2024-05-11T18:17:34.977810" elapsed="0.000139"/>
</kw>
<arg>${json_data["results"][0]["location"]["coordinates"]["longitude"]} &gt;= -180 and ${json_data["results"][0]["location"]["coordinates"]["longitude"]} &lt;= 180</arg>
<arg>Should Be True</arg>
<arg>${True}</arg>
<doc>Runs the given keyword with the given arguments, if ``condition`` is true.</doc>
<status status="PASS" start="2024-05-11T18:17:34.977112" elapsed="0.000961"/>
</kw>
<status status="PASS" start="2024-05-11T18:17:34.895202" elapsed="0.083005"/>
</kw>
<doc>Testa o conteúdo específico dos campos retornados pela API.</doc>
<tag>testeConteudo</tag>
<status status="PASS" start="2024-05-11T18:17:34.894719" elapsed="0.083640"/>
</test>
<status status="PASS" start="2024-05-11T18:17:33.992356" elapsed="0.987958"/>
</suite>
<status status="PASS" start="2024-05-11T18:17:33.978806" elapsed="1.006692"/>
</suite>
<statistics>
<total>
<stat pass="5" fail="0" skip="0">All Tests</stat>
</total>
<tag>
<stat pass="1" fail="0" skip="0">testeConteudo</stat>
<stat pass="1" fail="0" skip="0">testeEstruturaResposta</stat>
<stat pass="1" fail="0" skip="0">testeRequisicaoBasica</stat>
<stat pass="1" fail="0" skip="0">testeTiposDados</stat>
</tag>
<suite>
<stat pass="5" fail="0" skip="0" id="s1" name="Tests">Tests</stat>
<stat pass="5" fail="0" skip="0" id="s1-s1" name="Random-User-Test">Tests.Random-User-Test</stat>
</suite>
</statistics>
<errors>
</errors>
</robot>
