<?xml version="1.0" encoding="UTF-8"?>
<robot generator="Robot 7.0 (Python 3.12.3 on linux)" generated="2024-05-17T23:15:24.123613" rpa="false" schemaversion="5">
<suite id="s1" name="Tests" source="/home/runner/work/DesafioQAItauRogerioJordao/DesafioQAItauRogerioJordao/RamdonUser/tests">
<suite id="s1-s1" name="Random-User-Test" source="/home/runner/work/DesafioQAItauRogerioJordao/DesafioQAItauRogerioJordao/RamdonUser/tests/random-user-test.robot">
<test id="s1-s1-t1" name="Conectar" line="13">
<kw name="Conectar API" owner="random-user-service">
<kw name="Create Session" owner="RequestsLibrary">
<msg time="2024-05-17T23:15:24.479305" level="INFO">Creating Session using : alias=consultarAPI, url=https://randomuser.me/, headers={},                     cookies={}, auth=None, timeout=None, proxies=None, verify=False,                     debug=0 </msg>
<arg>consultarAPI</arg>
<arg>${URL}</arg>
<doc>Create Session: create a HTTP session to a server</doc>
<status status="PASS" start="2024-05-17T23:15:24.479103" elapsed="0.000378"/>
</kw>
<status status="PASS" start="2024-05-17T23:15:24.478144" elapsed="0.001698"/>
</kw>
<status status="PASS" start="2024-05-17T23:15:24.477586" elapsed="0.002497"/>
</test>
<test id="s1-s1-t2" name="Validar retorno 200 e JSON Válido" line="16">
<kw name="Teste de Requisicao Basica" owner="random-user-service">
<kw name="GET On Session" owner="RequestsLibrary">
<msg time="2024-05-17T23:15:24.660305" level="INFO">GET Request : url=https://randomuser.me/api 
 path_url=/api 
 headers={'User-Agent': 'python-requests/2.31.0', 'Accept-Encoding': 'gzip, deflate', 'Accept': '*/*', 'Connection': 'keep-alive'} 
 body=None 
 </msg>
<msg time="2024-05-17T23:15:24.660448" level="INFO">GET Response : url=https://randomuser.me/api 
 status=200, reason=OK 
 headers={'Date': 'Fri, 17 May 2024 23:15:24 GMT', 'Content-Type': 'application/json; charset=utf-8', 'Transfer-Encoding': 'chunked', 'Connection': 'keep-alive', 'X-Powered-By': 'Express', 'Access-Control-Allow-Origin': '*', 'Cache-Control': 'no-cache', 'ETag': 'W/"483-SoTaGFrc6mKerX1P2c7HsZmX4ow"', 'Vary': 'Accept-Encoding', 'Content-Encoding': 'gzip', 'CF-Cache-Status': 'DYNAMIC', 'Report-To': '{"endpoints":[{"url":"https:\\/\\/a.nel.cloudflare.com\\/report\\/v4?s=qrWU%2BonkMFuZPCu1xlAgzQIQ9JQ57lvdNAzeCAgTQrfGo9HSFT4ArDhCmNyv5GjQEKwI2z%2FNqMMqoWTr7%2BqPY2H6eDqd8Vzm8Ol3dEFnDRZBb6qSop91zmP7V13EX%2BQ1"}],"group":"cf-nel","max_age":604800}', 'NEL': '{"success_fraction":0,"report_to":"cf-nel","max_age":604800}', 'Server': 'cloudflare', 'CF-RAY': '88574f2eef9538af-IAD', 'alt-svc': 'h3=":443"; ma=86400'} 
 body={"results":[{"gender":"male","name":{"title":"Monsieur","first":"Emil","last":"Duval"},"location":{"street":{"number":806,"name":"Rue Victor-Hugo"},"city":"Kirchdorf (Be)","state":"Graubünden","country":"Switzerland","postcode":5989,"coordinates":{"latitude":"-62.2028","longitude":"-78.8892"},"timezone":{"offset":"+4:30","description":"Kabul"}},"email":"emil.duval@example.com","login":{"uuid":"34a1f76e-953f-49ed-9da5-619c883a1d6d","username":"purplefrog453","password":"stone55","salt":"Jvm9J5Ye","md5":"1db89b74aa847103ff6a4f13160c754a","sha1":"28c1c4e1d5626eb53cff61bfed2bd61df6ee50f8","sha256":"864b6efde4c89998a9e078abdf875569ec38de615f287976825652f6e351c8e1"},"dob":{"date":"1951-02-19T18:28:15.504Z","age":73},"registered":{"date":"2014-09-29T06:56:15.547Z","age":9},"phone":"077 260 84 85","cell":"075 343 30 06","id":{"name":"AVS","value":"756.9857.2979.03"},"picture":{"large":"https://randomuser.me/api/portraits/men/76.jpg","medium":"https://randomuser.me/api/portraits/med/men/76.jpg","thumbnail":"https://randomuser.me/api/portraits/thumb/men/76.jpg"},"nat":"CH"}],"info":{"seed":"34e862128694b230","results":1,"page":1,"version":"1.4"}} 
 </msg>
<msg time="2024-05-17T23:15:24.660546" level="INFO">/opt/hostedtoolcache/Python/3.12.3/x64/lib/python3.12/site-packages/urllib3/connectionpool.py:1103: InsecureRequestWarning: Unverified HTTPS request is being made to host 'randomuser.me'. Adding certificate verification is strongly advised. See: https://urllib3.readthedocs.io/en/latest/advanced-usage.html#tls-warnings
  warnings.warn(</msg>
<msg time="2024-05-17T23:15:24.660721" level="INFO">${response} = &lt;Response [200]&gt;</msg>
<var>${response}</var>
<arg>consultarAPI</arg>
<arg>/api</arg>
<doc>Sends a GET request on a previously created HTTP Session.</doc>
<status status="PASS" start="2024-05-17T23:15:24.482792" elapsed="0.177974"/>
</kw>
<kw name="Should Be Equal As Numbers" owner="BuiltIn">
<msg time="2024-05-17T23:15:24.661566" level="INFO">Argument types are:
&lt;class 'int'&gt;
&lt;class 'str'&gt;</msg>
<arg>${response.status_code}</arg>
<arg>200</arg>
<doc>Fails if objects are unequal after converting them to real numbers.</doc>
<status status="PASS" start="2024-05-17T23:15:24.661151" elapsed="0.000480"/>
</kw>
<kw name="Log" owner="BuiltIn">
<msg time="2024-05-17T23:15:24.662330" level="INFO">200</msg>
<arg>${response.status_code}</arg>
<doc>Logs the given message with the given level.</doc>
<status status="PASS" start="2024-05-17T23:15:24.661975" elapsed="0.000397"/>
</kw>
<kw name="Set Variable" owner="BuiltIn">
<msg time="2024-05-17T23:15:24.663119" level="INFO">${json_data} = {'results': [{'gender': 'male', 'name': {'title': 'Monsieur', 'first': 'Emil', 'last': 'Duval'}, 'location': {'street': {'number': 806, 'name': 'Rue Victor-Hugo'}, 'city': 'Kirchdorf (Be)', 'state': '...</msg>
<var>${json_data}</var>
<arg>${response.json()}</arg>
<doc>Returns the given values which can then be assigned to a variables.</doc>
<status status="PASS" start="2024-05-17T23:15:24.662680" elapsed="0.000468"/>
</kw>
<kw name="Dictionary Should Contain Key" owner="Collections">
<msg time="2024-05-17T23:15:24.663645" level="INFO">False</msg>
<arg>${json_data}</arg>
<arg>results</arg>
<doc>Fails if ``key`` is not found from ``dictionary``.</doc>
<status status="PASS" start="2024-05-17T23:15:24.663455" elapsed="0.000233"/>
</kw>
<status status="PASS" start="2024-05-17T23:15:24.482536" elapsed="0.181423"/>
</kw>
<doc>Testa se a API responde corretamente e retorna um objeto JSON válido.</doc>
<tag>testeRequisicaoBasica</tag>
<status status="PASS" start="2024-05-17T23:15:24.482038" elapsed="0.182094"/>
</test>
<test id="s1-s1-t3" name="Validar estrutura de resposta" line="22">
<kw name="Teste de Estrutura de Resposta" owner="random-user-service">
<kw name="GET On Session" owner="RequestsLibrary">
<msg time="2024-05-17T23:15:24.761063" level="INFO">GET Request : url=https://randomuser.me/api 
 path_url=/api 
 headers={'User-Agent': 'python-requests/2.31.0', 'Accept-Encoding': 'gzip, deflate', 'Accept': '*/*', 'Connection': 'keep-alive'} 
 body=None 
 </msg>
<msg time="2024-05-17T23:15:24.761123" level="INFO">GET Response : url=https://randomuser.me/api 
 status=200, reason=OK 
 headers={'Date': 'Fri, 17 May 2024 23:15:24 GMT', 'Content-Type': 'application/json; charset=utf-8', 'Transfer-Encoding': 'chunked', 'Connection': 'keep-alive', 'X-Powered-By': 'Express', 'Access-Control-Allow-Origin': '*', 'Cache-Control': 'no-cache', 'ETag': 'W/"48b-+hpoCivDQR75qZUuiWpBNOfRzlc"', 'Vary': 'Accept-Encoding', 'Content-Encoding': 'gzip', 'CF-Cache-Status': 'DYNAMIC', 'Report-To': '{"endpoints":[{"url":"https:\\/\\/a.nel.cloudflare.com\\/report\\/v4?s=hJ7i9pDTtOVdRGdtrKq1UujL%2F0k2n5QFwcseUpvEp%2BXEj%2BWIe7i5NEu6xhtb0lYWh%2FlqS%2Fr41Kk40GlQ2Jh1akGrXpbkKmuyh9qOs7X5DFy10FaDQGpfkrLCKR5R0NuV"}],"group":"cf-nel","max_age":604800}', 'NEL': '{"success_fraction":0,"report_to":"cf-nel","max_age":604800}', 'Server': 'cloudflare', 'CF-RAY': '88574f2f2fe038af-IAD', 'alt-svc': 'h3=":443"; ma=86400'} 
 body={"results":[{"gender":"male","name":{"title":"Monsieur","first":"Marko","last":"Andre"},"location":{"street":{"number":4033,"name":"Rue Principale"},"city":"Roggwil (Be)","state":"Zürich","country":"Switzerland","postcode":8627,"coordinates":{"latitude":"-57.5313","longitude":"-40.9707"},"timezone":{"offset":"-3:30","description":"Newfoundland"}},"email":"marko.andre@example.com","login":{"uuid":"a046fbf8-cebc-4124-b747-5989dab96dc5","username":"crazyladybug435","password":"homepage-","salt":"U4QVgkrT","md5":"f1d6629d73dd9ebdca870b58e1f4a709","sha1":"778764ec4ae9e7b8ecd2b137c8b3e13dd79483cb","sha256":"a43099c3ed2f14792e52120a10f3fa7ee462d96e607826df2565904bb21fa506"},"dob":{"date":"1979-12-04T10:27:43.670Z","age":44},"registered":{"date":"2013-02-02T10:38:23.873Z","age":11},"phone":"078 764 87 38","cell":"078 037 85 91","id":{"name":"AVS","value":"756.4501.4756.06"},"picture":{"large":"https://randomuser.me/api/portraits/men/57.jpg","medium":"https://randomuser.me/api/portraits/med/men/57.jpg","thumbnail":"https://randomuser.me/api/portraits/thumb/men/57.jpg"},"nat":"CH"}],"info":{"seed":"290e702a70c5dadf","results":1,"page":1,"version":"1.4"}} 
 </msg>
<msg time="2024-05-17T23:15:24.761210" level="INFO">/opt/hostedtoolcache/Python/3.12.3/x64/lib/python3.12/site-packages/urllib3/connectionpool.py:1103: InsecureRequestWarning: Unverified HTTPS request is being made to host 'randomuser.me'. Adding certificate verification is strongly advised. See: https://urllib3.readthedocs.io/en/latest/advanced-usage.html#tls-warnings
  warnings.warn(</msg>
<msg time="2024-05-17T23:15:24.761314" level="INFO">${response} = &lt;Response [200]&gt;</msg>
<var>${response}</var>
<arg>consultarAPI</arg>
<arg>/api</arg>
<doc>Sends a GET request on a previously created HTTP Session.</doc>
<status status="PASS" start="2024-05-17T23:15:24.666661" elapsed="0.094688"/>
</kw>
<kw name="Set Variable" owner="BuiltIn">
<msg time="2024-05-17T23:15:24.762167" level="INFO">${json_data} = {'results': [{'gender': 'male', 'name': {'title': 'Monsieur', 'first': 'Marko', 'last': 'Andre'}, 'location': {'street': {'number': 4033, 'name': 'Rue Principale'}, 'city': 'Roggwil (Be)', 'state': 'Z...</msg>
<var>${json_data}</var>
<arg>${response.json()}</arg>
<doc>Returns the given values which can then be assigned to a variables.</doc>
<status status="PASS" start="2024-05-17T23:15:24.761705" elapsed="0.000493"/>
</kw>
<kw name="Log" owner="BuiltIn">
<msg time="2024-05-17T23:15:24.762660" level="INFO">{'results': [{'gender': 'male', 'name': {'title': 'Monsieur', 'first': 'Marko', 'last': 'Andre'}, 'location': {'street': {'number': 4033, 'name': 'Rue Principale'}, 'city': 'Roggwil (Be)', 'state': 'Zürich', 'country': 'Switzerland', 'postcode': 8627, 'coordinates': {'latitude': '-57.5313', 'longitude': '-40.9707'}, 'timezone': {'offset': '-3:30', 'description': 'Newfoundland'}}, 'email': 'marko.andre@example.com', 'login': {'uuid': 'a046fbf8-cebc-4124-b747-5989dab96dc5', 'username': 'crazyladybug435', 'password': 'homepage-', 'salt': 'U4QVgkrT', 'md5': 'f1d6629d73dd9ebdca870b58e1f4a709', 'sha1': '778764ec4ae9e7b8ecd2b137c8b3e13dd79483cb', 'sha256': 'a43099c3ed2f14792e52120a10f3fa7ee462d96e607826df2565904bb21fa506'}, 'dob': {'date': '1979-12-04T10:27:43.670Z', 'age': 44}, 'registered': {'date': '2013-02-02T10:38:23.873Z', 'age': 11}, 'phone': '078 764 87 38', 'cell': '078 037 85 91', 'id': {'name': 'AVS', 'value': '756.4501.4756.06'}, 'picture': {'large': 'https://randomuser.me/api/portraits/men/57.jpg', 'medium': 'https://randomuser.me/api/portraits/med/men/57.jpg', 'thumbnail': 'https://randomuser.me/api/portraits/thumb/men/57.jpg'}, 'nat': 'CH'}], 'info': {'seed': '290e702a70c5dadf', 'results': 1, 'page': 1, 'version': '1.4'}}</msg>
<arg>${json_data}</arg>
<doc>Logs the given message with the given level.</doc>
<status status="PASS" start="2024-05-17T23:15:24.762502" elapsed="0.000207"/>
</kw>
<kw name="Dictionary Should Contain Key" owner="Collections">
<msg time="2024-05-17T23:15:24.763160" level="INFO">False</msg>
<arg>${json_data}</arg>
<arg>results</arg>
<doc>Fails if ``key`` is not found from ``dictionary``.</doc>
<status status="PASS" start="2024-05-17T23:15:24.763004" elapsed="0.000192"/>
</kw>
<kw name="Should Not Be Empty" owner="BuiltIn">
<msg time="2024-05-17T23:15:24.763625" level="INFO">Length is 2.</msg>
<arg>${json_data}</arg>
<doc>Verifies that the given item is not empty.</doc>
<status status="PASS" start="2024-05-17T23:15:24.763489" elapsed="0.000302"/>
</kw>
<kw name="Create List" owner="BuiltIn">
<msg time="2024-05-17T23:15:24.764289" level="INFO">${expected_keys} = ['gender', 'name', 'location', 'email', 'login']</msg>
<var>${expected_keys}</var>
<arg>gender</arg>
<arg>name</arg>
<arg>location</arg>
<arg>email</arg>
<arg>login</arg>
<doc>Returns a list containing given items.</doc>
<status status="PASS" start="2024-05-17T23:15:24.764148" elapsed="0.000163"/>
</kw>
<for flavor="IN">
<iter>
<kw name="Dictionary Should Contain Key" owner="Collections">
<msg time="2024-05-17T23:15:24.765258" level="INFO">False</msg>
<arg>${json_data['results'][0]}</arg>
<arg>${key}</arg>
<doc>Fails if ``key`` is not found from ``dictionary``.</doc>
<status status="PASS" start="2024-05-17T23:15:24.764842" elapsed="0.000453"/>
</kw>
<kw name="Log" owner="BuiltIn">
<msg time="2024-05-17T23:15:24.765990" level="INFO">{'gender': 'male', 'name': {'title': 'Monsieur', 'first': 'Marko', 'last': 'Andre'}, 'location': {'street': {'number': 4033, 'name': 'Rue Principale'}, 'city': 'Roggwil (Be)', 'state': 'Zürich', 'country': 'Switzerland', 'postcode': 8627, 'coordinates': {'latitude': '-57.5313', 'longitude': '-40.9707'}, 'timezone': {'offset': '-3:30', 'description': 'Newfoundland'}}, 'email': 'marko.andre@example.com', 'login': {'uuid': 'a046fbf8-cebc-4124-b747-5989dab96dc5', 'username': 'crazyladybug435', 'password': 'homepage-', 'salt': 'U4QVgkrT', 'md5': 'f1d6629d73dd9ebdca870b58e1f4a709', 'sha1': '778764ec4ae9e7b8ecd2b137c8b3e13dd79483cb', 'sha256': 'a43099c3ed2f14792e52120a10f3fa7ee462d96e607826df2565904bb21fa506'}, 'dob': {'date': '1979-12-04T10:27:43.670Z', 'age': 44}, 'registered': {'date': '2013-02-02T10:38:23.873Z', 'age': 11}, 'phone': '078 764 87 38', 'cell': '078 037 85 91', 'id': {'name': 'AVS', 'value': '756.4501.4756.06'}, 'picture': {'large': 'https://randomuser.me/api/portraits/men/57.jpg', 'medium': 'https://randomuser.me/api/portraits/med/men/57.jpg', 'thumbnail': 'https://randomuser.me/api/portraits/thumb/men/57.jpg'}, 'nat': 'CH'}</msg>
<arg>${json_data['results'][0]}</arg>
<doc>Logs the given message with the given level.</doc>
<status status="PASS" start="2024-05-17T23:15:24.765614" elapsed="0.000426"/>
</kw>
<kw name="Log" owner="BuiltIn">
<msg time="2024-05-17T23:15:24.766471" level="INFO">gender</msg>
<arg>${key}</arg>
<doc>Logs the given message with the given level.</doc>
<status status="PASS" start="2024-05-17T23:15:24.766343" elapsed="0.000165"/>
</kw>
<var name="${key}">gender</var>
<status status="PASS" start="2024-05-17T23:15:24.764719" elapsed="0.002003"/>
</iter>
<iter>
<kw name="Dictionary Should Contain Key" owner="Collections">
<msg time="2024-05-17T23:15:24.767410" level="INFO">False</msg>
<arg>${json_data['results'][0]}</arg>
<arg>${key}</arg>
<doc>Fails if ``key`` is not found from ``dictionary``.</doc>
<status status="PASS" start="2024-05-17T23:15:24.767025" elapsed="0.000423"/>
</kw>
<kw name="Log" owner="BuiltIn">
<msg time="2024-05-17T23:15:24.768185" level="INFO">{'gender': 'male', 'name': {'title': 'Monsieur', 'first': 'Marko', 'last': 'Andre'}, 'location': {'street': {'number': 4033, 'name': 'Rue Principale'}, 'city': 'Roggwil (Be)', 'state': 'Zürich', 'country': 'Switzerland', 'postcode': 8627, 'coordinates': {'latitude': '-57.5313', 'longitude': '-40.9707'}, 'timezone': {'offset': '-3:30', 'description': 'Newfoundland'}}, 'email': 'marko.andre@example.com', 'login': {'uuid': 'a046fbf8-cebc-4124-b747-5989dab96dc5', 'username': 'crazyladybug435', 'password': 'homepage-', 'salt': 'U4QVgkrT', 'md5': 'f1d6629d73dd9ebdca870b58e1f4a709', 'sha1': '778764ec4ae9e7b8ecd2b137c8b3e13dd79483cb', 'sha256': 'a43099c3ed2f14792e52120a10f3fa7ee462d96e607826df2565904bb21fa506'}, 'dob': {'date': '1979-12-04T10:27:43.670Z', 'age': 44}, 'registered': {'date': '2013-02-02T10:38:23.873Z', 'age': 11}, 'phone': '078 764 87 38', 'cell': '078 037 85 91', 'id': {'name': 'AVS', 'value': '756.4501.4756.06'}, 'picture': {'large': 'https://randomuser.me/api/portraits/men/57.jpg', 'medium': 'https://randomuser.me/api/portraits/med/men/57.jpg', 'thumbnail': 'https://randomuser.me/api/portraits/thumb/men/57.jpg'}, 'nat': 'CH'}</msg>
<arg>${json_data['results'][0]}</arg>
<doc>Logs the given message with the given level.</doc>
<status status="PASS" start="2024-05-17T23:15:24.767774" elapsed="0.000473"/>
</kw>
<kw name="Log" owner="BuiltIn">
<msg time="2024-05-17T23:15:24.768676" level="INFO">name</msg>
<arg>${key}</arg>
<doc>Logs the given message with the given level.</doc>
<status status="PASS" start="2024-05-17T23:15:24.768548" elapsed="0.000166"/>
</kw>
<var name="${key}">name</var>
<status status="PASS" start="2024-05-17T23:15:24.766908" elapsed="0.002021"/>
</iter>
<iter>
<kw name="Dictionary Should Contain Key" owner="Collections">
<msg time="2024-05-17T23:15:24.769545" level="INFO">False</msg>
<arg>${json_data['results'][0]}</arg>
<arg>${key}</arg>
<doc>Fails if ``key`` is not found from ``dictionary``.</doc>
<status status="PASS" start="2024-05-17T23:15:24.769194" elapsed="0.000385"/>
</kw>
<kw name="Log" owner="BuiltIn">
<msg time="2024-05-17T23:15:24.770192" level="INFO">{'gender': 'male', 'name': {'title': 'Monsieur', 'first': 'Marko', 'last': 'Andre'}, 'location': {'street': {'number': 4033, 'name': 'Rue Principale'}, 'city': 'Roggwil (Be)', 'state': 'Zürich', 'country': 'Switzerland', 'postcode': 8627, 'coordinates': {'latitude': '-57.5313', 'longitude': '-40.9707'}, 'timezone': {'offset': '-3:30', 'description': 'Newfoundland'}}, 'email': 'marko.andre@example.com', 'login': {'uuid': 'a046fbf8-cebc-4124-b747-5989dab96dc5', 'username': 'crazyladybug435', 'password': 'homepage-', 'salt': 'U4QVgkrT', 'md5': 'f1d6629d73dd9ebdca870b58e1f4a709', 'sha1': '778764ec4ae9e7b8ecd2b137c8b3e13dd79483cb', 'sha256': 'a43099c3ed2f14792e52120a10f3fa7ee462d96e607826df2565904bb21fa506'}, 'dob': {'date': '1979-12-04T10:27:43.670Z', 'age': 44}, 'registered': {'date': '2013-02-02T10:38:23.873Z', 'age': 11}, 'phone': '078 764 87 38', 'cell': '078 037 85 91', 'id': {'name': 'AVS', 'value': '756.4501.4756.06'}, 'picture': {'large': 'https://randomuser.me/api/portraits/men/57.jpg', 'medium': 'https://randomuser.me/api/portraits/med/men/57.jpg', 'thumbnail': 'https://randomuser.me/api/portraits/thumb/men/57.jpg'}, 'nat': 'CH'}</msg>
<arg>${json_data['results'][0]}</arg>
<doc>Logs the given message with the given level.</doc>
<status status="PASS" start="2024-05-17T23:15:24.769855" elapsed="0.000383"/>
</kw>
<kw name="Log" owner="BuiltIn">
<msg time="2024-05-17T23:15:24.770626" level="INFO">location</msg>
<arg>${key}</arg>
<doc>Logs the given message with the given level.</doc>
<status status="PASS" start="2024-05-17T23:15:24.770511" elapsed="0.000151"/>
</kw>
<var name="${key}">location</var>
<status status="PASS" start="2024-05-17T23:15:24.769091" elapsed="0.001767"/>
</iter>
<iter>
<kw name="Dictionary Should Contain Key" owner="Collections">
<msg time="2024-05-17T23:15:24.771471" level="INFO">False</msg>
<arg>${json_data['results'][0]}</arg>
<arg>${key}</arg>
<doc>Fails if ``key`` is not found from ``dictionary``.</doc>
<status status="PASS" start="2024-05-17T23:15:24.771120" elapsed="0.000386"/>
</kw>
<kw name="Log" owner="BuiltIn">
<msg time="2024-05-17T23:15:24.772196" level="INFO">{'gender': 'male', 'name': {'title': 'Monsieur', 'first': 'Marko', 'last': 'Andre'}, 'location': {'street': {'number': 4033, 'name': 'Rue Principale'}, 'city': 'Roggwil (Be)', 'state': 'Zürich', 'country': 'Switzerland', 'postcode': 8627, 'coordinates': {'latitude': '-57.5313', 'longitude': '-40.9707'}, 'timezone': {'offset': '-3:30', 'description': 'Newfoundland'}}, 'email': 'marko.andre@example.com', 'login': {'uuid': 'a046fbf8-cebc-4124-b747-5989dab96dc5', 'username': 'crazyladybug435', 'password': 'homepage-', 'salt': 'U4QVgkrT', 'md5': 'f1d6629d73dd9ebdca870b58e1f4a709', 'sha1': '778764ec4ae9e7b8ecd2b137c8b3e13dd79483cb', 'sha256': 'a43099c3ed2f14792e52120a10f3fa7ee462d96e607826df2565904bb21fa506'}, 'dob': {'date': '1979-12-04T10:27:43.670Z', 'age': 44}, 'registered': {'date': '2013-02-02T10:38:23.873Z', 'age': 11}, 'phone': '078 764 87 38', 'cell': '078 037 85 91', 'id': {'name': 'AVS', 'value': '756.4501.4756.06'}, 'picture': {'large': 'https://randomuser.me/api/portraits/men/57.jpg', 'medium': 'https://randomuser.me/api/portraits/med/men/57.jpg', 'thumbnail': 'https://randomuser.me/api/portraits/thumb/men/57.jpg'}, 'nat': 'CH'}</msg>
<arg>${json_data['results'][0]}</arg>
<doc>Logs the given message with the given level.</doc>
<status status="PASS" start="2024-05-17T23:15:24.771781" elapsed="0.000474"/>
</kw>
<kw name="Log" owner="BuiltIn">
<msg time="2024-05-17T23:15:24.772677" level="INFO">email</msg>
<arg>${key}</arg>
<doc>Logs the given message with the given level.</doc>
<status status="PASS" start="2024-05-17T23:15:24.772551" elapsed="0.000163"/>
</kw>
<var name="${key}">email</var>
<status status="PASS" start="2024-05-17T23:15:24.771018" elapsed="0.001910"/>
</iter>
<iter>
<kw name="Dictionary Should Contain Key" owner="Collections">
<msg time="2024-05-17T23:15:24.773589" level="INFO">False</msg>
<arg>${json_data['results'][0]}</arg>
<arg>${key}</arg>
<doc>Fails if ``key`` is not found from ``dictionary``.</doc>
<status status="PASS" start="2024-05-17T23:15:24.773210" elapsed="0.000415"/>
</kw>
<kw name="Log" owner="BuiltIn">
<msg time="2024-05-17T23:15:24.774261" level="INFO">{'gender': 'male', 'name': {'title': 'Monsieur', 'first': 'Marko', 'last': 'Andre'}, 'location': {'street': {'number': 4033, 'name': 'Rue Principale'}, 'city': 'Roggwil (Be)', 'state': 'Zürich', 'country': 'Switzerland', 'postcode': 8627, 'coordinates': {'latitude': '-57.5313', 'longitude': '-40.9707'}, 'timezone': {'offset': '-3:30', 'description': 'Newfoundland'}}, 'email': 'marko.andre@example.com', 'login': {'uuid': 'a046fbf8-cebc-4124-b747-5989dab96dc5', 'username': 'crazyladybug435', 'password': 'homepage-', 'salt': 'U4QVgkrT', 'md5': 'f1d6629d73dd9ebdca870b58e1f4a709', 'sha1': '778764ec4ae9e7b8ecd2b137c8b3e13dd79483cb', 'sha256': 'a43099c3ed2f14792e52120a10f3fa7ee462d96e607826df2565904bb21fa506'}, 'dob': {'date': '1979-12-04T10:27:43.670Z', 'age': 44}, 'registered': {'date': '2013-02-02T10:38:23.873Z', 'age': 11}, 'phone': '078 764 87 38', 'cell': '078 037 85 91', 'id': {'name': 'AVS', 'value': '756.4501.4756.06'}, 'picture': {'large': 'https://randomuser.me/api/portraits/men/57.jpg', 'medium': 'https://randomuser.me/api/portraits/med/men/57.jpg', 'thumbnail': 'https://randomuser.me/api/portraits/thumb/men/57.jpg'}, 'nat': 'CH'}</msg>
<arg>${json_data['results'][0]}</arg>
<doc>Logs the given message with the given level.</doc>
<status status="PASS" start="2024-05-17T23:15:24.773924" elapsed="0.000383"/>
</kw>
<kw name="Log" owner="BuiltIn">
<msg time="2024-05-17T23:15:24.774700" level="INFO">login</msg>
<arg>${key}</arg>
<doc>Logs the given message with the given level.</doc>
<status status="PASS" start="2024-05-17T23:15:24.774583" elapsed="0.000152"/>
</kw>
<var name="${key}">login</var>
<status status="PASS" start="2024-05-17T23:15:24.773100" elapsed="0.001866"/>
</iter>
<var>${key}</var>
<value>@{expected_keys}</value>
<status status="PASS" start="2024-05-17T23:15:24.764549" elapsed="0.010533"/>
</for>
<kw name="Create List" owner="BuiltIn">
<msg time="2024-05-17T23:15:24.775382" level="INFO">${expected_keysTwo} = ['username', 'password']</msg>
<var>${expected_keysTwo}</var>
<arg>username</arg>
<arg>password</arg>
<doc>Returns a list containing given items.</doc>
<status status="PASS" start="2024-05-17T23:15:24.775259" elapsed="0.000145"/>
</kw>
<for flavor="IN">
<iter>
<kw name="Dictionary Should Contain Key" owner="Collections">
<msg time="2024-05-17T23:15:24.776257" level="INFO">False</msg>
<arg>${json_data['results'][0]['login']}</arg>
<arg>${keyTwo}</arg>
<doc>Fails if ``key`` is not found from ``dictionary``.</doc>
<status status="PASS" start="2024-05-17T23:15:24.775879" elapsed="0.000412"/>
</kw>
<kw name="Dictionary Should Contain Key" owner="Collections">
<msg time="2024-05-17T23:15:24.776909" level="INFO">False</msg>
<arg>${json_data['results'][0]['login']}</arg>
<arg>${keyTwo}</arg>
<doc>Fails if ``key`` is not found from ``dictionary``.</doc>
<status status="PASS" start="2024-05-17T23:15:24.776564" elapsed="0.000380"/>
</kw>
<kw name="Log" owner="BuiltIn">
<msg time="2024-05-17T23:15:24.777335" level="INFO">username</msg>
<arg>${keyTwo}</arg>
<doc>Logs the given message with the given level.</doc>
<status status="PASS" start="2024-05-17T23:15:24.777213" elapsed="0.000164"/>
</kw>
<var name="${keyTwo}">username</var>
<status status="PASS" start="2024-05-17T23:15:24.775757" elapsed="0.001832"/>
</iter>
<iter>
<kw name="Dictionary Should Contain Key" owner="Collections">
<msg time="2024-05-17T23:15:24.778325" level="INFO">False</msg>
<arg>${json_data['results'][0]['login']}</arg>
<arg>${keyTwo}</arg>
<doc>Fails if ``key`` is not found from ``dictionary``.</doc>
<status status="PASS" start="2024-05-17T23:15:24.777865" elapsed="0.000500"/>
</kw>
<kw name="Dictionary Should Contain Key" owner="Collections">
<msg time="2024-05-17T23:15:24.779032" level="INFO">False</msg>
<arg>${json_data['results'][0]['login']}</arg>
<arg>${keyTwo}</arg>
<doc>Fails if ``key`` is not found from ``dictionary``.</doc>
<status status="PASS" start="2024-05-17T23:15:24.778662" elapsed="0.000404"/>
</kw>
<kw name="Log" owner="BuiltIn">
<msg time="2024-05-17T23:15:24.779454" level="INFO">password</msg>
<arg>${keyTwo}</arg>
<doc>Logs the given message with the given level.</doc>
<status status="PASS" start="2024-05-17T23:15:24.779336" elapsed="0.000152"/>
</kw>
<var name="${keyTwo}">password</var>
<status status="PASS" start="2024-05-17T23:15:24.777755" elapsed="0.001931"/>
</iter>
<var>${keyTwo}</var>
<value>@{expected_keysTwo}</value>
<status status="PASS" start="2024-05-17T23:15:24.775619" elapsed="0.004176"/>
</for>
<status status="PASS" start="2024-05-17T23:15:24.666434" elapsed="0.113512"/>
</kw>
<doc>Testa a estrutura da resposta da API.</doc>
<tag>testeEstruturaResposta</tag>
<status status="PASS" start="2024-05-17T23:15:24.665966" elapsed="0.114116"/>
</test>
<test id="s1-s1-t4" name="Validar tipos de dados" line="28">
<kw name="Teste de Tipos de Dados" owner="random-user-service">
<kw name="GET On Session" owner="RequestsLibrary">
<msg time="2024-05-17T23:15:24.865928" level="INFO">GET Request : url=https://randomuser.me/api 
 path_url=/api 
 headers={'User-Agent': 'python-requests/2.31.0', 'Accept-Encoding': 'gzip, deflate', 'Accept': '*/*', 'Connection': 'keep-alive'} 
 body=None 
 </msg>
<msg time="2024-05-17T23:15:24.865993" level="INFO">GET Response : url=https://randomuser.me/api 
 status=200, reason=OK 
 headers={'Date': 'Fri, 17 May 2024 23:15:24 GMT', 'Content-Type': 'application/json; charset=utf-8', 'Transfer-Encoding': 'chunked', 'Connection': 'keep-alive', 'X-Powered-By': 'Express', 'Access-Control-Allow-Origin': '*', 'Cache-Control': 'no-cache', 'ETag': 'W/"4ae-WvUvVwU5wo2LUKJXXRJwJEXZHMc"', 'Vary': 'Accept-Encoding', 'Content-Encoding': 'gzip', 'CF-Cache-Status': 'DYNAMIC', 'Report-To': '{"endpoints":[{"url":"https:\\/\\/a.nel.cloudflare.com\\/report\\/v4?s=cN9L8cbkvs2ij3pAZxrlGsdzUOI9y3SQfu7AkiuaP6GzHEGr6%2FTyeHWCyDZP7gKGd%2FTDKzS327tqP1QcPDtegQvj1Wemxcka%2BHURS3D13TpZdDR7FqHXS%2FrziCPaD6Vb"}],"group":"cf-nel","max_age":604800}', 'NEL': '{"success_fraction":0,"report_to":"cf-nel","max_age":604800}', 'Server': 'cloudflare', 'CF-RAY': '88574f2fe8f138af-IAD', 'alt-svc': 'h3=":443"; ma=86400'} 
 body={"results":[{"gender":"female","name":{"title":"Mrs","first":"Expedita","last":"Cardoso"},"location":{"street":{"number":3155,"name":"Rua Belo Horizonte "},"city":"Poços de Caldas","state":"Distrito Federal","country":"Brazil","postcode":20421,"coordinates":{"latitude":"-72.9226","longitude":"61.1938"},"timezone":{"offset":"+2:00","description":"Kaliningrad, South Africa"}},"email":"expedita.cardoso@example.com","login":{"uuid":"51a852b3-1823-4279-97ba-1b5915d26176","username":"redbutterfly727","password":"pitch","salt":"FkokDMuB","md5":"d654d07c761cf363ea3ebb4a93eab4a3","sha1":"1745053b0ced31cdb1ef7c6781fee6a2826d66c9","sha256":"a240c9aa460c13596aad7eb8313350610304c466624f6629e36431a499ba2c99"},"dob":{"date":"1965-06-27T15:57:42.529Z","age":58},"registered":{"date":"2014-04-12T14:40:52.321Z","age":10},"phone":"(38) 1414-3298","cell":"(87) 0542-1695","id":{"name":"CPF","value":"247.045.927-83"},"picture":{"large":"https://randomuser.me/api/portraits/women/11.jpg","medium":"https://randomuser.me/api/portraits/med/women/11.jpg","thumbnail":"https://randomuser.me/api/portraits/thumb/women/11.jpg"},"nat":"BR"}],"info":{"seed":"2e315889a94892f0","results":1,"page":1,"version":"1.4"}} 
 </msg>
<msg time="2024-05-17T23:15:24.866048" level="INFO">/opt/hostedtoolcache/Python/3.12.3/x64/lib/python3.12/site-packages/urllib3/connectionpool.py:1103: InsecureRequestWarning: Unverified HTTPS request is being made to host 'randomuser.me'. Adding certificate verification is strongly advised. See: https://urllib3.readthedocs.io/en/latest/advanced-usage.html#tls-warnings
  warnings.warn(</msg>
<msg time="2024-05-17T23:15:24.866135" level="INFO">${response} = &lt;Response [200]&gt;</msg>
<var>${response}</var>
<arg>consultarAPI</arg>
<arg>/api</arg>
<doc>Sends a GET request on a previously created HTTP Session.</doc>
<status status="PASS" start="2024-05-17T23:15:24.782312" elapsed="0.083864"/>
</kw>
<kw name="Set Variable" owner="BuiltIn">
<msg time="2024-05-17T23:15:24.867270" level="INFO">${json_data} = {'results': [{'gender': 'female', 'name': {'title': 'Mrs', 'first': 'Expedita', 'last': 'Cardoso'}, 'location': {'street': {'number': 3155, 'name': 'Rua Belo Horizonte '}, 'city': 'Poços de Caldas', '...</msg>
<var>${json_data}</var>
<arg>${response.json()}</arg>
<doc>Returns the given values which can then be assigned to a variables.</doc>
<status status="PASS" start="2024-05-17T23:15:24.866748" elapsed="0.000552"/>
</kw>
<kw name="Log" owner="BuiltIn">
<msg time="2024-05-17T23:15:24.867768" level="INFO">{'results': [{'gender': 'female', 'name': {'title': 'Mrs', 'first': 'Expedita', 'last': 'Cardoso'}, 'location': {'street': {'number': 3155, 'name': 'Rua Belo Horizonte '}, 'city': 'Poços de Caldas', 'state': 'Distrito Federal', 'country': 'Brazil', 'postcode': 20421, 'coordinates': {'latitude': '-72.9226', 'longitude': '61.1938'}, 'timezone': {'offset': '+2:00', 'description': 'Kaliningrad, South Africa'}}, 'email': 'expedita.cardoso@example.com', 'login': {'uuid': '51a852b3-1823-4279-97ba-1b5915d26176', 'username': 'redbutterfly727', 'password': 'pitch', 'salt': 'FkokDMuB', 'md5': 'd654d07c761cf363ea3ebb4a93eab4a3', 'sha1': '1745053b0ced31cdb1ef7c6781fee6a2826d66c9', 'sha256': 'a240c9aa460c13596aad7eb8313350610304c466624f6629e36431a499ba2c99'}, 'dob': {'date': '1965-06-27T15:57:42.529Z', 'age': 58}, 'registered': {'date': '2014-04-12T14:40:52.321Z', 'age': 10}, 'phone': '(38) 1414-3298', 'cell': '(87) 0542-1695', 'id': {'name': 'CPF', 'value': '247.045.927-83'}, 'picture': {'large': 'https://randomuser.me/api/portraits/women/11.jpg', 'medium': 'https://randomuser.me/api/portraits/med/women/11.jpg', 'thumbnail': 'https://randomuser.me/api/portraits/thumb/women/11.jpg'}, 'nat': 'BR'}], 'info': {'seed': '2e315889a94892f0', 'results': 1, 'page': 1, 'version': '1.4'}}</msg>
<arg>${json_data}</arg>
<doc>Logs the given message with the given level.</doc>
<status status="PASS" start="2024-05-17T23:15:24.867610" elapsed="0.000238"/>
</kw>
<kw name="Should Be String" owner="String">
<arg>${json_data['results'][0]['gender']}</arg>
<doc>Fails if the given ``item`` is not a string.</doc>
<status status="PASS" start="2024-05-17T23:15:24.868200" elapsed="0.000367"/>
</kw>
<kw name="Should Match Regexp" owner="BuiltIn">
<arg>${json_data['results'][0]['email']}</arg>
<arg>^[a-zA-Z0-9._%+-]+@[a-zA-Z0-9.-]+\.[a-zA-Z]{2,}$</arg>
<doc>Fails if ``string`` does not match ``pattern`` as a regular expression.</doc>
<status status="PASS" start="2024-05-17T23:15:24.868761" elapsed="0.000503"/>
</kw>
<kw name="Should Match Regexp" owner="BuiltIn">
<arg>${json_data['results'][0]['dob']['date']}</arg>
<arg>\\d{4}-\\d{2}-\\d{2}T\\d{2}:\\d{2}:\\d{2}\\.\\d{3}Z</arg>
<doc>Fails if ``string`` does not match ``pattern`` as a regular expression.</doc>
<status status="PASS" start="2024-05-17T23:15:24.869463" elapsed="0.000498"/>
</kw>
<kw name="Should Match Regexp" owner="BuiltIn">
<arg>${json_data['results'][0]['registered']['date']}</arg>
<arg>\\d{4}-\\d{2}-\\d{2}T\\d{2}:\\d{2}:\\d{2}\\.\\d{3}Z</arg>
<doc>Fails if ``string`` does not match ``pattern`` as a regular expression.</doc>
<status status="PASS" start="2024-05-17T23:15:24.870157" elapsed="0.000366"/>
</kw>
<kw name="Should Match Regexp" owner="BuiltIn">
<arg>${json_data['results'][0]['picture']['large']}</arg>
<arg>^https?://.*\.(?:png|jpe?g|gif|bmp)$</arg>
<doc>Fails if ``string`` does not match ``pattern`` as a regular expression.</doc>
<status status="PASS" start="2024-05-17T23:15:24.870719" elapsed="0.000455"/>
</kw>
<kw name="Should Match Regexp" owner="BuiltIn">
<arg>${json_data['results'][0]['picture']['medium']}</arg>
<arg>^https?://.*\.(?:png|jpe?g|gif|bmp)$</arg>
<doc>Fails if ``string`` does not match ``pattern`` as a regular expression.</doc>
<status status="PASS" start="2024-05-17T23:15:24.871352" elapsed="0.000331"/>
</kw>
<kw name="Should Match Regexp" owner="BuiltIn">
<arg>${json_data['results'][0]['picture']['thumbnail']}</arg>
<arg>^https?://.*\.(?:png|jpe?g|gif|bmp)$</arg>
<doc>Fails if ``string`` does not match ``pattern`` as a regular expression.</doc>
<status status="PASS" start="2024-05-17T23:15:24.871888" elapsed="0.000343"/>
</kw>
<kw name="Log" owner="BuiltIn">
<msg time="2024-05-17T23:15:24.872731" level="INFO">{'large': 'https://randomuser.me/api/portraits/women/11.jpg', 'medium': 'https://randomuser.me/api/portraits/med/women/11.jpg', 'thumbnail': 'https://randomuser.me/api/portraits/thumb/women/11.jpg'}</msg>
<arg>${json_data['results'][0]['picture']}</arg>
<doc>Logs the given message with the given level.</doc>
<status status="PASS" start="2024-05-17T23:15:24.872404" elapsed="0.000370"/>
</kw>
<status status="PASS" start="2024-05-17T23:15:24.782092" elapsed="0.090934"/>
</kw>
<kw name="Teste de Tipos de Dados - Postcode" owner="random-user-service">
<kw name="GET On Session" owner="RequestsLibrary">
<msg time="2024-05-17T23:15:24.962754" level="INFO">GET Request : url=https://randomuser.me/api 
 path_url=/api 
 headers={'User-Agent': 'python-requests/2.31.0', 'Accept-Encoding': 'gzip, deflate', 'Accept': '*/*', 'Connection': 'keep-alive'} 
 body=None 
 </msg>
<msg time="2024-05-17T23:15:24.962837" level="INFO">GET Response : url=https://randomuser.me/api 
 status=200, reason=OK 
 headers={'Date': 'Fri, 17 May 2024 23:15:24 GMT', 'Content-Type': 'application/json; charset=utf-8', 'Transfer-Encoding': 'chunked', 'Connection': 'keep-alive', 'X-Powered-By': 'Express', 'Access-Control-Allow-Origin': '*', 'Cache-Control': 'no-cache', 'ETag': 'W/"49e-j9zMecJfkPlB7F8M32zoolp9Iwc"', 'Vary': 'Accept-Encoding', 'Content-Encoding': 'gzip', 'CF-Cache-Status': 'DYNAMIC', 'Report-To': '{"endpoints":[{"url":"https:\\/\\/a.nel.cloudflare.com\\/report\\/v4?s=XjIpmomChMutoTyuhLS35WjNdIHXYmPdRivam3xF4wTiJgy5pof2u4UZQS25YT3VuUhPa%2Bod2pKNymzI%2FTGLT%2FlFajHmh8%2F1HMuTQzBRmGlt6bCri73XLBetO5D2HL2W"}],"group":"cf-nel","max_age":604800}', 'NEL': '{"success_fraction":0,"report_to":"cf-nel","max_age":604800}', 'Server': 'cloudflare', 'CF-RAY': '88574f30799738af-IAD', 'alt-svc': 'h3=":443"; ma=86400'} 
 body={"results":[{"gender":"female","name":{"title":"Mrs","first":"Ellen","last":"King"},"location":{"street":{"number":1524,"name":"Timber Wolf Trail"},"city":"Townsville","state":"Western Australia","country":"Australia","postcode":2593,"coordinates":{"latitude":"-87.4483","longitude":"131.0814"},"timezone":{"offset":"+4:00","description":"Abu Dhabi, Muscat, Baku, Tbilisi"}},"email":"ellen.king@example.com","login":{"uuid":"47692dde-6a81-4713-b5cb-123a7768cf31","username":"sadbutterfly250","password":"serenity","salt":"NFhDemCv","md5":"6a4cbdc26cff59fd0664364f3daac063","sha1":"d13d6a3288417c26a6c51c6e97c8356e17a2c0e2","sha256":"68274efde219338f0c79282813be463a4d595a19636843b2f7295a7c7a489619"},"dob":{"date":"1958-08-09T01:48:05.532Z","age":65},"registered":{"date":"2015-09-24T09:21:17.076Z","age":8},"phone":"04-4579-2014","cell":"0470-788-907","id":{"name":"TFN","value":"155536658"},"picture":{"large":"https://randomuser.me/api/portraits/women/44.jpg","medium":"https://randomuser.me/api/portraits/med/women/44.jpg","thumbnail":"https://randomuser.me/api/portraits/thumb/women/44.jpg"},"nat":"AU"}],"info":{"seed":"49a9245f4222c69a","results":1,"page":1,"version":"1.4"}} 
 </msg>
<msg time="2024-05-17T23:15:24.962905" level="INFO">/opt/hostedtoolcache/Python/3.12.3/x64/lib/python3.12/site-packages/urllib3/connectionpool.py:1103: InsecureRequestWarning: Unverified HTTPS request is being made to host 'randomuser.me'. Adding certificate verification is strongly advised. See: https://urllib3.readthedocs.io/en/latest/advanced-usage.html#tls-warnings
  warnings.warn(</msg>
<msg time="2024-05-17T23:15:24.963019" level="INFO">${response} = &lt;Response [200]&gt;</msg>
<var>${response}</var>
<arg>consultarAPI</arg>
<arg>/api</arg>
<doc>Sends a GET request on a previously created HTTP Session.</doc>
<status status="PASS" start="2024-05-17T23:15:24.873449" elapsed="0.089622"/>
</kw>
<kw name="Set Variable" owner="BuiltIn">
<msg time="2024-05-17T23:15:24.964155" level="INFO">${json_data} = {'results': [{'gender': 'female', 'name': {'title': 'Mrs', 'first': 'Ellen', 'last': 'King'}, 'location': {'street': {'number': 1524, 'name': 'Timber Wolf Trail'}, 'city': 'Townsville', 'state': 'West...</msg>
<var>${json_data}</var>
<arg>${response.json()}</arg>
<doc>Returns the given values which can then be assigned to a variables.</doc>
<status status="PASS" start="2024-05-17T23:15:24.963565" elapsed="0.000619"/>
</kw>
<kw name="Log" owner="BuiltIn">
<msg time="2024-05-17T23:15:24.964645" level="INFO">{'results': [{'gender': 'female', 'name': {'title': 'Mrs', 'first': 'Ellen', 'last': 'King'}, 'location': {'street': {'number': 1524, 'name': 'Timber Wolf Trail'}, 'city': 'Townsville', 'state': 'Western Australia', 'country': 'Australia', 'postcode': 2593, 'coordinates': {'latitude': '-87.4483', 'longitude': '131.0814'}, 'timezone': {'offset': '+4:00', 'description': 'Abu Dhabi, Muscat, Baku, Tbilisi'}}, 'email': 'ellen.king@example.com', 'login': {'uuid': '47692dde-6a81-4713-b5cb-123a7768cf31', 'username': 'sadbutterfly250', 'password': 'serenity', 'salt': 'NFhDemCv', 'md5': '6a4cbdc26cff59fd0664364f3daac063', 'sha1': 'd13d6a3288417c26a6c51c6e97c8356e17a2c0e2', 'sha256': '68274efde219338f0c79282813be463a4d595a19636843b2f7295a7c7a489619'}, 'dob': {'date': '1958-08-09T01:48:05.532Z', 'age': 65}, 'registered': {'date': '2015-09-24T09:21:17.076Z', 'age': 8}, 'phone': '04-4579-2014', 'cell': '0470-788-907', 'id': {'name': 'TFN', 'value': '155536658'}, 'picture': {'large': 'https://randomuser.me/api/portraits/women/44.jpg', 'medium': 'https://randomuser.me/api/portraits/med/women/44.jpg', 'thumbnail': 'https://randomuser.me/api/portraits/thumb/women/44.jpg'}, 'nat': 'AU'}], 'info': {'seed': '49a9245f4222c69a', 'results': 1, 'page': 1, 'version': '1.4'}}</msg>
<arg>${json_data}</arg>
<doc>Logs the given message with the given level.</doc>
<status status="PASS" start="2024-05-17T23:15:24.964493" elapsed="0.000227"/>
</kw>
<kw name="Should Be Equal As Numbers" owner="BuiltIn">
<arg>${json_data['results'][0]['location']['postcode']}</arg>
<arg>${json_data['results'][0]['location']['postcode']}</arg>
<doc>Fails if objects are unequal after converting them to real numbers.</doc>
<status status="PASS" start="2024-05-17T23:15:24.965148" elapsed="0.000613"/>
</kw>
<kw name="Log" owner="BuiltIn">
<msg time="2024-05-17T23:15:24.966287" level="INFO">2593</msg>
<arg>${json_data['results'][0]['location']['postcode']}</arg>
<doc>Logs the given message with the given level.</doc>
<status status="PASS" start="2024-05-17T23:15:24.965954" elapsed="0.000373"/>
</kw>
<status status="PASS" start="2024-05-17T23:15:24.873235" elapsed="0.093343"/>
</kw>
<doc>Testa se os tipos de dados na resposta da API estão corretos.</doc>
<tag>testeTiposDados</tag>
<status status="PASS" start="2024-05-17T23:15:24.781691" elapsed="0.185044"/>
</test>
<test id="s1-s1-t5" name="Validar conteudo" line="35">
<kw name="Teste de Tipos de Conteudo" owner="random-user-service">
<kw name="GET On Session" owner="RequestsLibrary">
<msg time="2024-05-17T23:15:25.062047" level="INFO">GET Request : url=https://randomuser.me/api 
 path_url=/api 
 headers={'User-Agent': 'python-requests/2.31.0', 'Accept-Encoding': 'gzip, deflate', 'Accept': '*/*', 'Connection': 'keep-alive'} 
 body=None 
 </msg>
<msg time="2024-05-17T23:15:25.062130" level="INFO">GET Response : url=https://randomuser.me/api 
 status=200, reason=OK 
 headers={'Date': 'Fri, 17 May 2024 23:15:25 GMT', 'Content-Type': 'application/json; charset=utf-8', 'Transfer-Encoding': 'chunked', 'Connection': 'keep-alive', 'X-Powered-By': 'Express', 'Access-Control-Allow-Origin': '*', 'Cache-Control': 'no-cache', 'ETag': 'W/"498-QbuW0iZh4rgpC4cjvqpvJVGMlGw"', 'Vary': 'Accept-Encoding', 'Content-Encoding': 'gzip', 'CF-Cache-Status': 'DYNAMIC', 'Report-To': '{"endpoints":[{"url":"https:\\/\\/a.nel.cloudflare.com\\/report\\/v4?s=alBK4zOPuA3EMP5eHSq2mMA7EGHJh2OdXkhYGdnXI7rTn6T5OQqFMHXesgk602%2FpWsN3WqYcowHzR2TgRI1emwg5qEwIdFkDb6vdU%2Bzg6klTP9wmn56xGQa5ebBi2L9E"}],"group":"cf-nel","max_age":604800}', 'NEL': '{"success_fraction":0,"report_to":"cf-nel","max_age":604800}', 'Server': 'cloudflare', 'CF-RAY': '88574f311a6038af-IAD', 'alt-svc': 'h3=":443"; ma=86400'} 
 body={"results":[{"gender":"male","name":{"title":"Mr","first":"Julio","last":"Brooks"},"location":{"street":{"number":2367,"name":"Albert Road"},"city":"Peterborough","state":"South Glamorgan","country":"United Kingdom","postcode":"VY7M 3JW","coordinates":{"latitude":"-12.6718","longitude":"-49.6675"},"timezone":{"offset":"+7:00","description":"Bangkok, Hanoi, Jakarta"}},"email":"julio.brooks@example.com","login":{"uuid":"81d30ac9-bb99-40d0-8fea-29122ea6b5e4","username":"tinyostrich260","password":"weiner","salt":"TTMKaYbc","md5":"4dcb0c3bc40b912fde9d4e99f1c54518","sha1":"f1cca44fa96c6cf5ac8998891ff4576e07fbb874","sha256":"46d683032a3fbbb0321b280474c506c57a3bca0b769db8434b613e2ec4c0bc1d"},"dob":{"date":"1977-02-11T03:55:11.896Z","age":47},"registered":{"date":"2004-06-12T20:32:08.696Z","age":19},"phone":"017687 24296","cell":"07374 402090","id":{"name":"NINO","value":"WP 41 07 26 K"},"picture":{"large":"https://randomuser.me/api/portraits/men/15.jpg","medium":"https://randomuser.me/api/portraits/med/men/15.jpg","thumbnail":"https://randomuser.me/api/portraits/thumb/men/15.jpg"},"nat":"GB"}],"info":{"seed":"6654ed82804b6406","results":1,"page":1,"version":"1.4"}} 
 </msg>
<msg time="2024-05-17T23:15:25.062203" level="INFO">/opt/hostedtoolcache/Python/3.12.3/x64/lib/python3.12/site-packages/urllib3/connectionpool.py:1103: InsecureRequestWarning: Unverified HTTPS request is being made to host 'randomuser.me'. Adding certificate verification is strongly advised. See: https://urllib3.readthedocs.io/en/latest/advanced-usage.html#tls-warnings
  warnings.warn(</msg>
<msg time="2024-05-17T23:15:25.062319" level="INFO">${response} = &lt;Response [200]&gt;</msg>
<var>${response}</var>
<arg>consultarAPI</arg>
<arg>/api</arg>
<doc>Sends a GET request on a previously created HTTP Session.</doc>
<status status="PASS" start="2024-05-17T23:15:24.969201" elapsed="0.093172"/>
</kw>
<kw name="Set Variable" owner="BuiltIn">
<msg time="2024-05-17T23:15:25.063371" level="INFO">${json_data} = {'results': [{'gender': 'male', 'name': {'title': 'Mr', 'first': 'Julio', 'last': 'Brooks'}, 'location': {'street': {'number': 2367, 'name': 'Albert Road'}, 'city': 'Peterborough', 'state': 'South Gla...</msg>
<var>${json_data}</var>
<arg>${response.json()}</arg>
<doc>Returns the given values which can then be assigned to a variables.</doc>
<status status="PASS" start="2024-05-17T23:15:25.062827" elapsed="0.000573"/>
</kw>
<kw name="Set Variable" owner="BuiltIn">
<msg time="2024-05-17T23:15:25.064133" level="INFO">${name_title} = Mr</msg>
<var>${name_title}</var>
<arg>${json_data["results"][0]["name"]["title"]}</arg>
<doc>Returns the given values which can then be assigned to a variables.</doc>
<status status="PASS" start="2024-05-17T23:15:25.063708" elapsed="0.000451"/>
</kw>
<kw name="Create List" owner="BuiltIn">
<msg time="2024-05-17T23:15:25.064607" level="INFO">${allowed_titles} = ['Mr', 'Ms', 'Miss', 'Mrs', 'Madame', 'Monsieur']</msg>
<var>${allowed_titles}</var>
<arg>Mr</arg>
<arg>Ms</arg>
<arg>Miss</arg>
<arg>Mrs</arg>
<arg>Madame</arg>
<arg>Monsieur</arg>
<doc>Returns a list containing given items.</doc>
<status status="PASS" start="2024-05-17T23:15:25.064460" elapsed="0.000172"/>
</kw>
<kw name="List Should Contain Value" owner="Collections">
<msg time="2024-05-17T23:15:25.065097" level="INFO">False</msg>
<arg>${allowed_titles}</arg>
<arg>${name_title}</arg>
<doc>Fails if the ``value`` is not found from ``list``.</doc>
<status status="PASS" start="2024-05-17T23:15:25.064927" elapsed="0.000207"/>
</kw>
<kw name="Set Variable" owner="BuiltIn">
<msg time="2024-05-17T23:15:25.065797" level="INFO">${name_country} = GB</msg>
<var>${name_country}</var>
<arg>${json_data["results"][0]["nat"]}</arg>
<doc>Returns the given values which can then be assigned to a variables.</doc>
<status status="PASS" start="2024-05-17T23:15:25.065422" elapsed="0.000400"/>
</kw>
<kw name="Create List" owner="BuiltIn">
<msg time="2024-05-17T23:15:25.066715" level="INFO">${list_country} = ['AD', 'AE', 'AF', 'AG', 'AI', 'AL', 'AM', 'AO', 'AQ', 'AR', 'AS', 'AT', 'AU', 'AW', 'AX', 'AZ', 'BA', 'BB', 'BD', 'BE', 'BF', 'BG', 'BH', 'BI', 'BJ', 'BL', 'BM', 'BN', 'BO', 'BQ', 'BR', 'BS', 'BT', '...</msg>
<var>${list_country}</var>
<arg>AD</arg>
<arg>AE</arg>
<arg>AF</arg>
<arg>AG</arg>
<arg>AI</arg>
<arg>AL</arg>
<arg>AM</arg>
<arg>AO</arg>
<arg>AQ</arg>
<arg>AR</arg>
<arg>AS</arg>
<arg>AT</arg>
<arg>AU</arg>
<arg>AW</arg>
<arg>AX</arg>
<arg>AZ</arg>
<arg>BA</arg>
<arg>BB</arg>
<arg>BD</arg>
<arg>BE</arg>
<arg>BF</arg>
<arg>BG</arg>
<arg>BH</arg>
<arg>BI</arg>
<arg>BJ</arg>
<arg>BL</arg>
<arg>BM</arg>
<arg>BN</arg>
<arg>BO</arg>
<arg>BQ</arg>
<arg>BR</arg>
<arg>BS</arg>
<arg>BT</arg>
<arg>BV</arg>
<arg>BW</arg>
<arg>BY</arg>
<arg>BZ</arg>
<arg>CA</arg>
<arg>CC</arg>
<arg>CD</arg>
<arg>CF</arg>
<arg>CG</arg>
<arg>CH</arg>
<arg>CI</arg>
<arg>CK</arg>
<arg>CL</arg>
<arg>CM</arg>
<arg>CN</arg>
<arg>CO</arg>
<arg>CR</arg>
<arg>CU</arg>
<arg>CV</arg>
<arg>CW</arg>
<arg>CX</arg>
<arg>CY</arg>
<arg>CZ</arg>
<arg>DE</arg>
<arg>DJ</arg>
<arg>DK</arg>
<arg>DM</arg>
<arg>DO</arg>
<arg>DZ</arg>
<arg>EC</arg>
<arg>EE</arg>
<arg>EG</arg>
<arg>EH</arg>
<arg>ER</arg>
<arg>ES</arg>
<arg>ET</arg>
<arg>FI</arg>
<arg>FJ</arg>
<arg>FK</arg>
<arg>FM</arg>
<arg>FO</arg>
<arg>FR</arg>
<arg>GA</arg>
<arg>GB</arg>
<arg>GD</arg>
<arg>GE</arg>
<arg>GF</arg>
<arg>GG</arg>
<arg>GH</arg>
<arg>GI</arg>
<arg>GL</arg>
<arg>GM</arg>
<arg>GN</arg>
<arg>GP</arg>
<arg>GQ</arg>
<arg>GR</arg>
<arg>GS</arg>
<arg>GT</arg>
<arg>GU</arg>
<arg>GW</arg>
<arg>GY</arg>
<arg>HK</arg>
<arg>HM</arg>
<arg>HN</arg>
<arg>HR</arg>
<arg>HT</arg>
<arg>HU</arg>
<arg>ID</arg>
<arg>IE</arg>
<arg>IL</arg>
<arg>IM</arg>
<arg>IN</arg>
<arg>IO</arg>
<arg>IQ</arg>
<arg>IR</arg>
<arg>IS</arg>
<arg>IT</arg>
<arg>JE</arg>
<arg>JM</arg>
<arg>JO</arg>
<arg>JP</arg>
<arg>KE</arg>
<arg>KG</arg>
<arg>KH</arg>
<arg>KI</arg>
<arg>KM</arg>
<arg>KN</arg>
<arg>KP</arg>
<arg>KR</arg>
<arg>KW</arg>
<arg>KY</arg>
<arg>KZ</arg>
<arg>LA</arg>
<arg>LB</arg>
<arg>LC</arg>
<arg>LI</arg>
<arg>LK</arg>
<arg>LR</arg>
<arg>LS</arg>
<arg>LT</arg>
<arg>LU</arg>
<arg>LV</arg>
<arg>LY</arg>
<arg>MA</arg>
<arg>MC</arg>
<arg>MD</arg>
<arg>ME</arg>
<arg>MF</arg>
<arg>MG</arg>
<arg>MH</arg>
<arg>MK</arg>
<arg>ML</arg>
<arg>MM</arg>
<arg>MN</arg>
<arg>MO</arg>
<arg>MP</arg>
<arg>MQ</arg>
<arg>MR</arg>
<arg>MS</arg>
<arg>MT</arg>
<arg>MU</arg>
<arg>MV</arg>
<arg>MW</arg>
<arg>MX</arg>
<arg>MY</arg>
<arg>MZ</arg>
<arg>NA</arg>
<arg>NC</arg>
<arg>NE</arg>
<arg>NF</arg>
<arg>NG</arg>
<arg>NI</arg>
<arg>NL</arg>
<arg>NO</arg>
<arg>NP</arg>
<arg>NR</arg>
<arg>NU</arg>
<arg>NZ</arg>
<arg>OM</arg>
<arg>PA</arg>
<arg>PE</arg>
<arg>PF</arg>
<arg>PG</arg>
<arg>PH</arg>
<arg>PK</arg>
<arg>PL</arg>
<arg>PM</arg>
<arg>PN</arg>
<arg>PR</arg>
<arg>PS</arg>
<arg>PT</arg>
<arg>PW</arg>
<arg>PY</arg>
<arg>QA</arg>
<arg>RE</arg>
<arg>RO</arg>
<arg>RS</arg>
<arg>RU</arg>
<arg>RW</arg>
<arg>SA</arg>
<arg>SB</arg>
<arg>SC</arg>
<arg>SD</arg>
<arg>SE</arg>
<arg>SG</arg>
<arg>SH</arg>
<arg>SI</arg>
<arg>SJ</arg>
<arg>SK</arg>
<arg>SL</arg>
<arg>SM</arg>
<arg>SN</arg>
<arg>SO</arg>
<arg>SR</arg>
<arg>SS</arg>
<arg>ST</arg>
<arg>SV</arg>
<arg>SX</arg>
<arg>SY</arg>
<arg>SZ</arg>
<arg>TC</arg>
<arg>TD</arg>
<arg>TF</arg>
<arg>TG</arg>
<arg>TH</arg>
<arg>TJ</arg>
<arg>TK</arg>
<arg>TL</arg>
<arg>TM</arg>
<arg>TN</arg>
<arg>TO</arg>
<arg>TR</arg>
<arg>TT</arg>
<arg>TV</arg>
<arg>TW</arg>
<arg>TZ</arg>
<arg>UA</arg>
<arg>UG</arg>
<arg>UM</arg>
<arg>US</arg>
<arg>UY</arg>
<arg>UZ</arg>
<arg>VA</arg>
<arg>VC</arg>
<arg>VE</arg>
<arg>VG</arg>
<arg>VI</arg>
<arg>VN</arg>
<arg>VU</arg>
<arg>WF</arg>
<arg>WS</arg>
<arg>XK</arg>
<arg>YE</arg>
<arg>YT</arg>
<arg>ZA</arg>
<arg>ZM</arg>
<arg>ZW</arg>
<doc>Returns a list containing given items.</doc>
<status status="PASS" start="2024-05-17T23:15:25.066120" elapsed="0.000620"/>
</kw>
<kw name="List Should Contain Value" owner="Collections">
<msg time="2024-05-17T23:15:25.067721" level="INFO">False</msg>
<arg>${list_country}</arg>
<arg>${name_country}</arg>
<doc>Fails if the ``value`` is not found from ``list``.</doc>
<status status="PASS" start="2024-05-17T23:15:25.067523" elapsed="0.000233"/>
</kw>
<kw name="Run Keyword If" owner="BuiltIn">
<kw name="Should Be True" owner="BuiltIn">
<arg>${True}</arg>
<doc>Fails if the given condition is not true.</doc>
<status status="PASS" start="2024-05-17T23:15:25.068827" elapsed="0.000240"/>
</kw>
<arg>${json_data["results"][0]["location"]["coordinates"]["latitude"]} &gt;= -90 and ${json_data["results"][0]["location"]["coordinates"]["latitude"]} &lt;= 90</arg>
<arg>Should Be True</arg>
<arg>${True}</arg>
<doc>Runs the given keyword with the given arguments, if ``condition`` is true.</doc>
<status status="PASS" start="2024-05-17T23:15:25.068089" elapsed="0.001109"/>
</kw>
<kw name="Run Keyword If" owner="BuiltIn">
<kw name="Should Be True" owner="BuiltIn">
<arg>${True}</arg>
<doc>Fails if the given condition is not true.</doc>
<status status="PASS" start="2024-05-17T23:15:25.070078" elapsed="0.000138"/>
</kw>
<arg>${json_data["results"][0]["location"]["coordinates"]["longitude"]} &gt;= -180 and ${json_data["results"][0]["location"]["coordinates"]["longitude"]} &lt;= 180</arg>
<arg>Should Be True</arg>
<arg>${True}</arg>
<doc>Runs the given keyword with the given arguments, if ``condition`` is true.</doc>
<status status="PASS" start="2024-05-17T23:15:25.069387" elapsed="0.000953"/>
</kw>
<status status="PASS" start="2024-05-17T23:15:24.968981" elapsed="0.101489"/>
</kw>
<doc>Testa o conteúdo específico dos campos retornados pela API.</doc>
<tag>testeConteudo</tag>
<status status="PASS" start="2024-05-17T23:15:24.968487" elapsed="0.102121"/>
</test>
<status status="PASS" start="2024-05-17T23:15:24.180912" elapsed="0.891662"/>
</suite>
<status status="PASS" start="2024-05-17T23:15:24.166875" elapsed="0.910827"/>
</suite>
<statistics>
<total>
<stat pass="5" fail="0" skip="0">All Tests</stat>
</total>
<tag>
<stat pass="1" fail="0" skip="0">testeConteudo</stat>
<stat pass="1" fail="0" skip="0">testeEstruturaResposta</stat>
<stat pass="1" fail="0" skip="0">testeRequisicaoBasica</stat>
<stat pass="1" fail="0" skip="0">testeTiposDados</stat>
</tag>
<suite>
<stat pass="5" fail="0" skip="0" id="s1" name="Tests">Tests</stat>
<stat pass="5" fail="0" skip="0" id="s1-s1" name="Random-User-Test">Tests.Random-User-Test</stat>
</suite>
</statistics>
<errors>
</errors>
</robot>
