<?xml version="1.0" encoding="UTF-8"?>
<robot generator="Robot 7.0 (Python 3.12.3 on linux)" generated="2024-05-24T22:14:14.385179" rpa="false" schemaversion="5">
<suite id="s1" name="Tests" source="/home/runner/work/DesafioQAItauRogerioJordao/DesafioQAItauRogerioJordao/RamdonUser/tests">
<suite id="s1-s1" name="Random-User-Test" source="/home/runner/work/DesafioQAItauRogerioJordao/DesafioQAItauRogerioJordao/RamdonUser/tests/random-user-test.robot">
<test id="s1-s1-t1" name="Conectar" line="13">
<kw name="Conectar API" owner="random-user-service">
<kw name="Create Session" owner="RequestsLibrary">
<msg time="2024-05-24T22:14:14.768786" level="INFO">Creating Session using : alias=consultarAPI, url=https://randomuser.me/, headers={},                     cookies={}, auth=None, timeout=None, proxies=None, verify=False,                     debug=0 </msg>
<arg>consultarAPI</arg>
<arg>${URL}</arg>
<doc>Create Session: create a HTTP session to a server</doc>
<status status="PASS" start="2024-05-24T22:14:14.768585" elapsed="0.000371"/>
</kw>
<status status="PASS" start="2024-05-24T22:14:14.767541" elapsed="0.001757"/>
</kw>
<status status="PASS" start="2024-05-24T22:14:14.767034" elapsed="0.002459"/>
</test>
<test id="s1-s1-t2" name="Validar retorno 200 e JSON Válido" line="16">
<kw name="Teste de Requisicao Basica" owner="random-user-service">
<kw name="GET On Session" owner="RequestsLibrary">
<msg time="2024-05-24T22:14:15.095665" level="INFO">GET Request : url=https://randomuser.me/api 
 path_url=/api 
 headers={'User-Agent': 'python-requests/2.32.2', 'Accept-Encoding': 'gzip, deflate', 'Accept': '*/*', 'Connection': 'keep-alive'} 
 body=None 
 </msg>
<msg time="2024-05-24T22:14:15.095795" level="INFO">GET Response : url=https://randomuser.me/api 
 status=200, reason=OK 
 headers={'Date': 'Fri, 24 May 2024 22:14:15 GMT', 'Content-Type': 'application/json; charset=utf-8', 'Transfer-Encoding': 'chunked', 'Connection': 'keep-alive', 'X-Powered-By': 'Express', 'Access-Control-Allow-Origin': '*', 'Cache-Control': 'no-cache', 'ETag': 'W/"4aa-9l5r0jRlkANtC3yKsGAlLcdEWKw"', 'Vary': 'Accept-Encoding', 'Content-Encoding': 'gzip', 'CF-Cache-Status': 'DYNAMIC', 'Report-To': '{"endpoints":[{"url":"https:\\/\\/a.nel.cloudflare.com\\/report\\/v4?s=ubuTQixyldMs5DfryIVs0QoBC%2Bh7pnSDWPf8w%2Fn6tu1FfIIMaji%2BFgvuzu9AzI4APjNi08gjrhf5GzUrvVENh9o%2F3sGfDVdh%2Bnpcto1%2FUTgKoToCRr3OJoikoD%2Bg8UwW"}],"group":"cf-nel","max_age":604800}', 'NEL': '{"success_fraction":0,"report_to":"cf-nel","max_age":604800}', 'Server': 'cloudflare', 'CF-RAY': '8890a3367f4d6893-SJC', 'alt-svc': 'h3=":443"; ma=86400'} 
 body={"results":[{"gender":"male","name":{"title":"Mr","first":"Florian","last":"Hanisch"},"location":{"street":{"number":1097,"name":"Berliner Straße"},"city":"Lüdinghausen","state":"Baden-Württemberg","country":"Germany","postcode":48285,"coordinates":{"latitude":"-50.3757","longitude":"-62.4136"},"timezone":{"offset":"+8:00","description":"Beijing, Perth, Singapore, Hong Kong"}},"email":"florian.hanisch@example.com","login":{"uuid":"44d11806-5b83-4875-96ef-dbe90f9626b8","username":"whitezebra883","password":"gordon24","salt":"wTHnIEvZ","md5":"2980b7560a08aeca1c4fa609ddfb9f10","sha1":"d53f79ba30e5e4271957f43baf6cbbb2e6dffaa6","sha256":"3d997d2e08210b86b2e37ef66c05777082e02f7ea7a57cbe2e08c033b363be70"},"dob":{"date":"1986-05-28T19:18:30.059Z","age":37},"registered":{"date":"2020-05-13T17:07:53.186Z","age":4},"phone":"0096-4137521","cell":"0177-6844579","id":{"name":"SVNR","value":"62 280586 H 053"},"picture":{"large":"https://randomuser.me/api/portraits/men/59.jpg","medium":"https://randomuser.me/api/portraits/med/men/59.jpg","thumbnail":"https://randomuser.me/api/portraits/thumb/men/59.jpg"},"nat":"DE"}],"info":{"seed":"d42b5bde79556cb8","results":1,"page":1,"version":"1.4"}} 
 </msg>
<msg time="2024-05-24T22:14:15.095880" level="INFO">/opt/hostedtoolcache/Python/3.12.3/x64/lib/python3.12/site-packages/urllib3/connectionpool.py:1103: InsecureRequestWarning: Unverified HTTPS request is being made to host 'randomuser.me'. Adding certificate verification is strongly advised. See: https://urllib3.readthedocs.io/en/latest/advanced-usage.html#tls-warnings
  warnings.warn(</msg>
<msg time="2024-05-24T22:14:15.096008" level="INFO">${response} = &lt;Response [200]&gt;</msg>
<var>${response}</var>
<arg>consultarAPI</arg>
<arg>/api</arg>
<doc>Sends a GET request on a previously created HTTP Session.</doc>
<status status="PASS" start="2024-05-24T22:14:14.772133" elapsed="0.323914"/>
</kw>
<kw name="Should Be Equal As Numbers" owner="BuiltIn">
<msg time="2024-05-24T22:14:15.097043" level="INFO">Argument types are:
&lt;class 'int'&gt;
&lt;class 'str'&gt;</msg>
<arg>${response.status_code}</arg>
<arg>200</arg>
<doc>Fails if objects are unequal after converting them to real numbers.</doc>
<status status="PASS" start="2024-05-24T22:14:15.096583" elapsed="0.000523"/>
</kw>
<kw name="Log" owner="BuiltIn">
<msg time="2024-05-24T22:14:15.097787" level="INFO">200</msg>
<arg>${response.status_code}</arg>
<doc>Logs the given message with the given level.</doc>
<status status="PASS" start="2024-05-24T22:14:15.097448" elapsed="0.000384"/>
</kw>
<kw name="Set Variable" owner="BuiltIn">
<msg time="2024-05-24T22:14:15.098560" level="INFO">${json_data} = {'results': [{'gender': 'male', 'name': {'title': 'Mr', 'first': 'Florian', 'last': 'Hanisch'}, 'location': {'street': {'number': 1097, 'name': 'Berliner Straße'}, 'city': 'Lüdinghausen', 'state': 'Ba...</msg>
<var>${json_data}</var>
<arg>${response.json()}</arg>
<doc>Returns the given values which can then be assigned to a variables.</doc>
<status status="PASS" start="2024-05-24T22:14:15.098132" elapsed="0.000457"/>
</kw>
<kw name="Dictionary Should Contain Key" owner="Collections">
<msg time="2024-05-24T22:14:15.099054" level="INFO">False</msg>
<arg>${json_data}</arg>
<arg>results</arg>
<doc>Fails if ``key`` is not found from ``dictionary``.</doc>
<status status="PASS" start="2024-05-24T22:14:15.098884" elapsed="0.000339"/>
</kw>
<status status="PASS" start="2024-05-24T22:14:14.771877" elapsed="0.327606"/>
</kw>
<doc>Testa se a API responde corretamente e retorna um objeto JSON válido.</doc>
<tag>testeRequisicaoBasica</tag>
<status status="PASS" start="2024-05-24T22:14:14.771321" elapsed="0.328335"/>
</test>
<test id="s1-s1-t3" name="Validar estrutura de resposta" line="22">
<kw name="Teste de Estrutura de Resposta" owner="random-user-service">
<kw name="GET On Session" owner="RequestsLibrary">
<msg time="2024-05-24T22:14:15.198098" level="INFO">GET Request : url=https://randomuser.me/api 
 path_url=/api 
 headers={'User-Agent': 'python-requests/2.32.2', 'Accept-Encoding': 'gzip, deflate', 'Accept': '*/*', 'Connection': 'keep-alive'} 
 body=None 
 </msg>
<msg time="2024-05-24T22:14:15.198170" level="INFO">GET Response : url=https://randomuser.me/api 
 status=200, reason=OK 
 headers={'Date': 'Fri, 24 May 2024 22:14:15 GMT', 'Content-Type': 'application/json; charset=utf-8', 'Transfer-Encoding': 'chunked', 'Connection': 'keep-alive', 'X-Powered-By': 'Express', 'Access-Control-Allow-Origin': '*', 'Cache-Control': 'no-cache', 'ETag': 'W/"4a4-EINLoh6VX/QaKOfG/eSAl6AvKVY"', 'Vary': 'Accept-Encoding', 'Content-Encoding': 'gzip', 'CF-Cache-Status': 'DYNAMIC', 'Report-To': '{"endpoints":[{"url":"https:\\/\\/a.nel.cloudflare.com\\/report\\/v4?s=jS%2FxRPwmMcEs3AEoAMZy%2Fld%2FZ22dX8uHRtrF3EAI%2FYs83hDznuHua02nCFMs%2Bo%2FdDouPthIpCFWH2Xbg0W0CzFXPxS3L9koFQcZRP2Cpq79rbhG8jJLDqjjY3yk6W2tZ"}],"group":"cf-nel","max_age":604800}', 'NEL': '{"success_fraction":0,"report_to":"cf-nel","max_age":604800}', 'Server': 'cloudflare', 'CF-RAY': '8890a33868b66893-SJC', 'alt-svc': 'h3=":443"; ma=86400'} 
 body={"results":[{"gender":"female","name":{"title":"Ms","first":"Kristin","last":"Carpenter"},"location":{"street":{"number":6611,"name":"York Road"},"city":"Exeter","state":"Powys","country":"United Kingdom","postcode":"J00 0GL","coordinates":{"latitude":"-5.9066","longitude":"24.1691"},"timezone":{"offset":"+9:00","description":"Tokyo, Seoul, Osaka, Sapporo, Yakutsk"}},"email":"kristin.carpenter@example.com","login":{"uuid":"91deaf5b-ad58-4898-a994-6c7ca735ca19","username":"crazygorilla801","password":"maureen","salt":"1wFFLGNM","md5":"3ec53297f52f66f5904c81ecbc45397c","sha1":"f26b03acdcd17b27921c7a5696b70a852db5a497","sha256":"135f5ccc9a4026cfafd9547f9e565355da89af7b8699498612dc9a87f48ebcec"},"dob":{"date":"1970-11-17T01:09:29.144Z","age":53},"registered":{"date":"2017-09-12T17:13:27.171Z","age":6},"phone":"016973 09607","cell":"07683 215687","id":{"name":"NINO","value":"BW 28 70 86 D"},"picture":{"large":"https://randomuser.me/api/portraits/women/66.jpg","medium":"https://randomuser.me/api/portraits/med/women/66.jpg","thumbnail":"https://randomuser.me/api/portraits/thumb/women/66.jpg"},"nat":"GB"}],"info":{"seed":"7655795240d7c5d0","results":1,"page":1,"version":"1.4"}} 
 </msg>
<msg time="2024-05-24T22:14:15.198262" level="INFO">/opt/hostedtoolcache/Python/3.12.3/x64/lib/python3.12/site-packages/urllib3/connectionpool.py:1103: InsecureRequestWarning: Unverified HTTPS request is being made to host 'randomuser.me'. Adding certificate verification is strongly advised. See: https://urllib3.readthedocs.io/en/latest/advanced-usage.html#tls-warnings
  warnings.warn(</msg>
<msg time="2024-05-24T22:14:15.198355" level="INFO">${response} = &lt;Response [200]&gt;</msg>
<var>${response}</var>
<arg>consultarAPI</arg>
<arg>/api</arg>
<doc>Sends a GET request on a previously created HTTP Session.</doc>
<status status="PASS" start="2024-05-24T22:14:15.102272" elapsed="0.096125"/>
</kw>
<kw name="Set Variable" owner="BuiltIn">
<msg time="2024-05-24T22:14:15.199405" level="INFO">${json_data} = {'results': [{'gender': 'female', 'name': {'title': 'Ms', 'first': 'Kristin', 'last': 'Carpenter'}, 'location': {'street': {'number': 6611, 'name': 'York Road'}, 'city': 'Exeter', 'state': 'Powys', 'c...</msg>
<var>${json_data}</var>
<arg>${response.json()}</arg>
<doc>Returns the given values which can then be assigned to a variables.</doc>
<status status="PASS" start="2024-05-24T22:14:15.198846" elapsed="0.000588"/>
</kw>
<kw name="Log" owner="BuiltIn">
<msg time="2024-05-24T22:14:15.199897" level="INFO">{'results': [{'gender': 'female', 'name': {'title': 'Ms', 'first': 'Kristin', 'last': 'Carpenter'}, 'location': {'street': {'number': 6611, 'name': 'York Road'}, 'city': 'Exeter', 'state': 'Powys', 'country': 'United Kingdom', 'postcode': 'J00 0GL', 'coordinates': {'latitude': '-5.9066', 'longitude': '24.1691'}, 'timezone': {'offset': '+9:00', 'description': 'Tokyo, Seoul, Osaka, Sapporo, Yakutsk'}}, 'email': 'kristin.carpenter@example.com', 'login': {'uuid': '91deaf5b-ad58-4898-a994-6c7ca735ca19', 'username': 'crazygorilla801', 'password': 'maureen', 'salt': '1wFFLGNM', 'md5': '3ec53297f52f66f5904c81ecbc45397c', 'sha1': 'f26b03acdcd17b27921c7a5696b70a852db5a497', 'sha256': '135f5ccc9a4026cfafd9547f9e565355da89af7b8699498612dc9a87f48ebcec'}, 'dob': {'date': '1970-11-17T01:09:29.144Z', 'age': 53}, 'registered': {'date': '2017-09-12T17:13:27.171Z', 'age': 6}, 'phone': '016973 09607', 'cell': '07683 215687', 'id': {'name': 'NINO', 'value': 'BW 28 70 86 D'}, 'picture': {'large': 'https://randomuser.me/api/portraits/women/66.jpg', 'medium': 'https://randomuser.me/api/portraits/med/women/66.jpg', 'thumbnail': 'https://randomuser.me/api/portraits/thumb/women/66.jpg'}, 'nat': 'GB'}], 'info': {'seed': '7655795240d7c5d0', 'results': 1, 'page': 1, 'version': '1.4'}}</msg>
<arg>${json_data}</arg>
<doc>Logs the given message with the given level.</doc>
<status status="PASS" start="2024-05-24T22:14:15.199742" elapsed="0.000202"/>
</kw>
<kw name="Dictionary Should Contain Key" owner="Collections">
<msg time="2024-05-24T22:14:15.200428" level="INFO">False</msg>
<arg>${json_data}</arg>
<arg>results</arg>
<doc>Fails if ``key`` is not found from ``dictionary``.</doc>
<status status="PASS" start="2024-05-24T22:14:15.200272" elapsed="0.000193"/>
</kw>
<kw name="Should Not Be Empty" owner="BuiltIn">
<msg time="2024-05-24T22:14:15.200911" level="INFO">Length is 2.</msg>
<arg>${json_data}</arg>
<doc>Verifies that the given item is not empty.</doc>
<status status="PASS" start="2024-05-24T22:14:15.200775" elapsed="0.000179"/>
</kw>
<kw name="Create List" owner="BuiltIn">
<msg time="2024-05-24T22:14:15.201396" level="INFO">${expected_keys} = ['gender', 'name', 'location', 'email', 'login']</msg>
<var>${expected_keys}</var>
<arg>gender</arg>
<arg>name</arg>
<arg>location</arg>
<arg>email</arg>
<arg>login</arg>
<doc>Returns a list containing given items.</doc>
<status status="PASS" start="2024-05-24T22:14:15.201248" elapsed="0.000171"/>
</kw>
<for flavor="IN">
<iter>
<kw name="Dictionary Should Contain Key" owner="Collections">
<msg time="2024-05-24T22:14:15.202373" level="INFO">False</msg>
<arg>${json_data['results'][0]}</arg>
<arg>${key}</arg>
<doc>Fails if ``key`` is not found from ``dictionary``.</doc>
<status status="PASS" start="2024-05-24T22:14:15.201978" elapsed="0.000437"/>
</kw>
<kw name="Log" owner="BuiltIn">
<msg time="2024-05-24T22:14:15.203076" level="INFO">{'gender': 'female', 'name': {'title': 'Ms', 'first': 'Kristin', 'last': 'Carpenter'}, 'location': {'street': {'number': 6611, 'name': 'York Road'}, 'city': 'Exeter', 'state': 'Powys', 'country': 'United Kingdom', 'postcode': 'J00 0GL', 'coordinates': {'latitude': '-5.9066', 'longitude': '24.1691'}, 'timezone': {'offset': '+9:00', 'description': 'Tokyo, Seoul, Osaka, Sapporo, Yakutsk'}}, 'email': 'kristin.carpenter@example.com', 'login': {'uuid': '91deaf5b-ad58-4898-a994-6c7ca735ca19', 'username': 'crazygorilla801', 'password': 'maureen', 'salt': '1wFFLGNM', 'md5': '3ec53297f52f66f5904c81ecbc45397c', 'sha1': 'f26b03acdcd17b27921c7a5696b70a852db5a497', 'sha256': '135f5ccc9a4026cfafd9547f9e565355da89af7b8699498612dc9a87f48ebcec'}, 'dob': {'date': '1970-11-17T01:09:29.144Z', 'age': 53}, 'registered': {'date': '2017-09-12T17:13:27.171Z', 'age': 6}, 'phone': '016973 09607', 'cell': '07683 215687', 'id': {'name': 'NINO', 'value': 'BW 28 70 86 D'}, 'picture': {'large': 'https://randomuser.me/api/portraits/women/66.jpg', 'medium': 'https://randomuser.me/api/portraits/med/women/66.jpg', 'thumbnail': 'https://randomuser.me/api/portraits/thumb/women/66.jpg'}, 'nat': 'GB'}</msg>
<arg>${json_data['results'][0]}</arg>
<doc>Logs the given message with the given level.</doc>
<status status="PASS" start="2024-05-24T22:14:15.202712" elapsed="0.000424"/>
</kw>
<kw name="Log" owner="BuiltIn">
<msg time="2024-05-24T22:14:15.203564" level="INFO">gender</msg>
<arg>${key}</arg>
<doc>Logs the given message with the given level.</doc>
<status status="PASS" start="2024-05-24T22:14:15.203431" elapsed="0.000175"/>
</kw>
<var name="${key}">gender</var>
<status status="PASS" start="2024-05-24T22:14:15.201857" elapsed="0.001963"/>
</iter>
<iter>
<kw name="Dictionary Should Contain Key" owner="Collections">
<msg time="2024-05-24T22:14:15.204526" level="INFO">False</msg>
<arg>${json_data['results'][0]}</arg>
<arg>${key}</arg>
<doc>Fails if ``key`` is not found from ``dictionary``.</doc>
<status status="PASS" start="2024-05-24T22:14:15.204123" elapsed="0.000439"/>
</kw>
<kw name="Log" owner="BuiltIn">
<msg time="2024-05-24T22:14:15.205245" level="INFO">{'gender': 'female', 'name': {'title': 'Ms', 'first': 'Kristin', 'last': 'Carpenter'}, 'location': {'street': {'number': 6611, 'name': 'York Road'}, 'city': 'Exeter', 'state': 'Powys', 'country': 'United Kingdom', 'postcode': 'J00 0GL', 'coordinates': {'latitude': '-5.9066', 'longitude': '24.1691'}, 'timezone': {'offset': '+9:00', 'description': 'Tokyo, Seoul, Osaka, Sapporo, Yakutsk'}}, 'email': 'kristin.carpenter@example.com', 'login': {'uuid': '91deaf5b-ad58-4898-a994-6c7ca735ca19', 'username': 'crazygorilla801', 'password': 'maureen', 'salt': '1wFFLGNM', 'md5': '3ec53297f52f66f5904c81ecbc45397c', 'sha1': 'f26b03acdcd17b27921c7a5696b70a852db5a497', 'sha256': '135f5ccc9a4026cfafd9547f9e565355da89af7b8699498612dc9a87f48ebcec'}, 'dob': {'date': '1970-11-17T01:09:29.144Z', 'age': 53}, 'registered': {'date': '2017-09-12T17:13:27.171Z', 'age': 6}, 'phone': '016973 09607', 'cell': '07683 215687', 'id': {'name': 'NINO', 'value': 'BW 28 70 86 D'}, 'picture': {'large': 'https://randomuser.me/api/portraits/women/66.jpg', 'medium': 'https://randomuser.me/api/portraits/med/women/66.jpg', 'thumbnail': 'https://randomuser.me/api/portraits/thumb/women/66.jpg'}, 'nat': 'GB'}</msg>
<arg>${json_data['results'][0]}</arg>
<doc>Logs the given message with the given level.</doc>
<status status="PASS" start="2024-05-24T22:14:15.204884" elapsed="0.000409"/>
</kw>
<kw name="Log" owner="BuiltIn">
<msg time="2024-05-24T22:14:15.205721" level="INFO">name</msg>
<arg>${key}</arg>
<doc>Logs the given message with the given level.</doc>
<status status="PASS" start="2024-05-24T22:14:15.205594" elapsed="0.000163"/>
</kw>
<var name="${key}">name</var>
<status status="PASS" start="2024-05-24T22:14:15.204007" elapsed="0.001962"/>
</iter>
<iter>
<kw name="Dictionary Should Contain Key" owner="Collections">
<msg time="2024-05-24T22:14:15.206632" level="INFO">False</msg>
<arg>${json_data['results'][0]}</arg>
<arg>${key}</arg>
<doc>Fails if ``key`` is not found from ``dictionary``.</doc>
<status status="PASS" start="2024-05-24T22:14:15.206260" elapsed="0.000408"/>
</kw>
<kw name="Log" owner="BuiltIn">
<msg time="2024-05-24T22:14:15.207326" level="INFO">{'gender': 'female', 'name': {'title': 'Ms', 'first': 'Kristin', 'last': 'Carpenter'}, 'location': {'street': {'number': 6611, 'name': 'York Road'}, 'city': 'Exeter', 'state': 'Powys', 'country': 'United Kingdom', 'postcode': 'J00 0GL', 'coordinates': {'latitude': '-5.9066', 'longitude': '24.1691'}, 'timezone': {'offset': '+9:00', 'description': 'Tokyo, Seoul, Osaka, Sapporo, Yakutsk'}}, 'email': 'kristin.carpenter@example.com', 'login': {'uuid': '91deaf5b-ad58-4898-a994-6c7ca735ca19', 'username': 'crazygorilla801', 'password': 'maureen', 'salt': '1wFFLGNM', 'md5': '3ec53297f52f66f5904c81ecbc45397c', 'sha1': 'f26b03acdcd17b27921c7a5696b70a852db5a497', 'sha256': '135f5ccc9a4026cfafd9547f9e565355da89af7b8699498612dc9a87f48ebcec'}, 'dob': {'date': '1970-11-17T01:09:29.144Z', 'age': 53}, 'registered': {'date': '2017-09-12T17:13:27.171Z', 'age': 6}, 'phone': '016973 09607', 'cell': '07683 215687', 'id': {'name': 'NINO', 'value': 'BW 28 70 86 D'}, 'picture': {'large': 'https://randomuser.me/api/portraits/women/66.jpg', 'medium': 'https://randomuser.me/api/portraits/med/women/66.jpg', 'thumbnail': 'https://randomuser.me/api/portraits/thumb/women/66.jpg'}, 'nat': 'GB'}</msg>
<arg>${json_data['results'][0]}</arg>
<doc>Logs the given message with the given level.</doc>
<status status="PASS" start="2024-05-24T22:14:15.206966" elapsed="0.000408"/>
</kw>
<kw name="Log" owner="BuiltIn">
<msg time="2024-05-24T22:14:15.207788" level="INFO">location</msg>
<arg>${key}</arg>
<doc>Logs the given message with the given level.</doc>
<status status="PASS" start="2024-05-24T22:14:15.207663" elapsed="0.000162"/>
</kw>
<var name="${key}">location</var>
<status status="PASS" start="2024-05-24T22:14:15.206148" elapsed="0.001894"/>
</iter>
<iter>
<kw name="Dictionary Should Contain Key" owner="Collections">
<msg time="2024-05-24T22:14:15.208834" level="INFO">False</msg>
<arg>${json_data['results'][0]}</arg>
<arg>${key}</arg>
<doc>Fails if ``key`` is not found from ``dictionary``.</doc>
<status status="PASS" start="2024-05-24T22:14:15.208362" elapsed="0.000509"/>
</kw>
<kw name="Log" owner="BuiltIn">
<msg time="2024-05-24T22:14:15.209521" level="INFO">{'gender': 'female', 'name': {'title': 'Ms', 'first': 'Kristin', 'last': 'Carpenter'}, 'location': {'street': {'number': 6611, 'name': 'York Road'}, 'city': 'Exeter', 'state': 'Powys', 'country': 'United Kingdom', 'postcode': 'J00 0GL', 'coordinates': {'latitude': '-5.9066', 'longitude': '24.1691'}, 'timezone': {'offset': '+9:00', 'description': 'Tokyo, Seoul, Osaka, Sapporo, Yakutsk'}}, 'email': 'kristin.carpenter@example.com', 'login': {'uuid': '91deaf5b-ad58-4898-a994-6c7ca735ca19', 'username': 'crazygorilla801', 'password': 'maureen', 'salt': '1wFFLGNM', 'md5': '3ec53297f52f66f5904c81ecbc45397c', 'sha1': 'f26b03acdcd17b27921c7a5696b70a852db5a497', 'sha256': '135f5ccc9a4026cfafd9547f9e565355da89af7b8699498612dc9a87f48ebcec'}, 'dob': {'date': '1970-11-17T01:09:29.144Z', 'age': 53}, 'registered': {'date': '2017-09-12T17:13:27.171Z', 'age': 6}, 'phone': '016973 09607', 'cell': '07683 215687', 'id': {'name': 'NINO', 'value': 'BW 28 70 86 D'}, 'picture': {'large': 'https://randomuser.me/api/portraits/women/66.jpg', 'medium': 'https://randomuser.me/api/portraits/med/women/66.jpg', 'thumbnail': 'https://randomuser.me/api/portraits/thumb/women/66.jpg'}, 'nat': 'GB'}</msg>
<arg>${json_data['results'][0]}</arg>
<doc>Logs the given message with the given level.</doc>
<status status="PASS" start="2024-05-24T22:14:15.209169" elapsed="0.000400"/>
</kw>
<kw name="Log" owner="BuiltIn">
<msg time="2024-05-24T22:14:15.209990" level="INFO">email</msg>
<arg>${key}</arg>
<doc>Logs the given message with the given level.</doc>
<status status="PASS" start="2024-05-24T22:14:15.209863" elapsed="0.000164"/>
</kw>
<var name="${key}">email</var>
<status status="PASS" start="2024-05-24T22:14:15.208237" elapsed="0.002006"/>
</iter>
<iter>
<kw name="Dictionary Should Contain Key" owner="Collections">
<msg time="2024-05-24T22:14:15.210904" level="INFO">False</msg>
<arg>${json_data['results'][0]}</arg>
<arg>${key}</arg>
<doc>Fails if ``key`` is not found from ``dictionary``.</doc>
<status status="PASS" start="2024-05-24T22:14:15.210527" elapsed="0.000414"/>
</kw>
<kw name="Log" owner="BuiltIn">
<msg time="2024-05-24T22:14:15.211621" level="INFO">{'gender': 'female', 'name': {'title': 'Ms', 'first': 'Kristin', 'last': 'Carpenter'}, 'location': {'street': {'number': 6611, 'name': 'York Road'}, 'city': 'Exeter', 'state': 'Powys', 'country': 'United Kingdom', 'postcode': 'J00 0GL', 'coordinates': {'latitude': '-5.9066', 'longitude': '24.1691'}, 'timezone': {'offset': '+9:00', 'description': 'Tokyo, Seoul, Osaka, Sapporo, Yakutsk'}}, 'email': 'kristin.carpenter@example.com', 'login': {'uuid': '91deaf5b-ad58-4898-a994-6c7ca735ca19', 'username': 'crazygorilla801', 'password': 'maureen', 'salt': '1wFFLGNM', 'md5': '3ec53297f52f66f5904c81ecbc45397c', 'sha1': 'f26b03acdcd17b27921c7a5696b70a852db5a497', 'sha256': '135f5ccc9a4026cfafd9547f9e565355da89af7b8699498612dc9a87f48ebcec'}, 'dob': {'date': '1970-11-17T01:09:29.144Z', 'age': 53}, 'registered': {'date': '2017-09-12T17:13:27.171Z', 'age': 6}, 'phone': '016973 09607', 'cell': '07683 215687', 'id': {'name': 'NINO', 'value': 'BW 28 70 86 D'}, 'picture': {'large': 'https://randomuser.me/api/portraits/women/66.jpg', 'medium': 'https://randomuser.me/api/portraits/med/women/66.jpg', 'thumbnail': 'https://randomuser.me/api/portraits/thumb/women/66.jpg'}, 'nat': 'GB'}</msg>
<arg>${json_data['results'][0]}</arg>
<doc>Logs the given message with the given level.</doc>
<status status="PASS" start="2024-05-24T22:14:15.211236" elapsed="0.000435"/>
</kw>
<kw name="Log" owner="BuiltIn">
<msg time="2024-05-24T22:14:15.212092" level="INFO">login</msg>
<arg>${key}</arg>
<doc>Logs the given message with the given level.</doc>
<status status="PASS" start="2024-05-24T22:14:15.211966" elapsed="0.000194"/>
</kw>
<var name="${key}">login</var>
<status status="PASS" start="2024-05-24T22:14:15.210415" elapsed="0.001992"/>
</iter>
<var>${key}</var>
<value>@{expected_keys}</value>
<status status="PASS" start="2024-05-24T22:14:15.201678" elapsed="0.010851"/>
</for>
<kw name="Create List" owner="BuiltIn">
<msg time="2024-05-24T22:14:15.212853" level="INFO">${expected_keysTwo} = ['username', 'password']</msg>
<var>${expected_keysTwo}</var>
<arg>username</arg>
<arg>password</arg>
<doc>Returns a list containing given items.</doc>
<status status="PASS" start="2024-05-24T22:14:15.212717" elapsed="0.000159"/>
</kw>
<for flavor="IN">
<iter>
<kw name="Dictionary Should Contain Key" owner="Collections">
<msg time="2024-05-24T22:14:15.213745" level="INFO">False</msg>
<arg>${json_data['results'][0]['login']}</arg>
<arg>${keyTwo}</arg>
<doc>Fails if ``key`` is not found from ``dictionary``.</doc>
<status status="PASS" start="2024-05-24T22:14:15.213367" elapsed="0.000415"/>
</kw>
<kw name="Dictionary Should Contain Key" owner="Collections">
<msg time="2024-05-24T22:14:15.214453" level="INFO">False</msg>
<arg>${json_data['results'][0]['login']}</arg>
<arg>${keyTwo}</arg>
<doc>Fails if ``key`` is not found from ``dictionary``.</doc>
<status status="PASS" start="2024-05-24T22:14:15.214071" elapsed="0.000419"/>
</kw>
<kw name="Log" owner="BuiltIn">
<msg time="2024-05-24T22:14:15.214903" level="INFO">username</msg>
<arg>${keyTwo}</arg>
<doc>Logs the given message with the given level.</doc>
<status status="PASS" start="2024-05-24T22:14:15.214777" elapsed="0.000162"/>
</kw>
<var name="${keyTwo}">username</var>
<status status="PASS" start="2024-05-24T22:14:15.213259" elapsed="0.001898"/>
</iter>
<iter>
<kw name="Dictionary Should Contain Key" owner="Collections">
<msg time="2024-05-24T22:14:15.215809" level="INFO">False</msg>
<arg>${json_data['results'][0]['login']}</arg>
<arg>${keyTwo}</arg>
<doc>Fails if ``key`` is not found from ``dictionary``.</doc>
<status status="PASS" start="2024-05-24T22:14:15.215437" elapsed="0.000407"/>
</kw>
<kw name="Dictionary Should Contain Key" owner="Collections">
<msg time="2024-05-24T22:14:15.216536" level="INFO">False</msg>
<arg>${json_data['results'][0]['login']}</arg>
<arg>${keyTwo}</arg>
<doc>Fails if ``key`` is not found from ``dictionary``.</doc>
<status status="PASS" start="2024-05-24T22:14:15.216130" elapsed="0.000441"/>
</kw>
<kw name="Log" owner="BuiltIn">
<msg time="2024-05-24T22:14:15.216987" level="INFO">password</msg>
<arg>${keyTwo}</arg>
<doc>Logs the given message with the given level.</doc>
<status status="PASS" start="2024-05-24T22:14:15.216861" elapsed="0.000164"/>
</kw>
<var name="${keyTwo}">password</var>
<status status="PASS" start="2024-05-24T22:14:15.215327" elapsed="0.001911"/>
</iter>
<var>${keyTwo}</var>
<value>@{expected_keysTwo}</value>
<status status="PASS" start="2024-05-24T22:14:15.213109" elapsed="0.004247"/>
</for>
<status status="PASS" start="2024-05-24T22:14:15.102040" elapsed="0.115450"/>
</kw>
<doc>Testa a estrutura da resposta da API.</doc>
<tag>testeEstruturaResposta</tag>
<status status="PASS" start="2024-05-24T22:14:15.101475" elapsed="0.116157"/>
</test>
<test id="s1-s1-t4" name="Validar tipos de dados" line="28">
<kw name="Teste de Tipos de Dados" owner="random-user-service">
<kw name="GET On Session" owner="RequestsLibrary">
<msg time="2024-05-24T22:14:15.325340" level="INFO">GET Request : url=https://randomuser.me/api 
 path_url=/api 
 headers={'User-Agent': 'python-requests/2.32.2', 'Accept-Encoding': 'gzip, deflate', 'Accept': '*/*', 'Connection': 'keep-alive'} 
 body=None 
 </msg>
<msg time="2024-05-24T22:14:15.325406" level="INFO">GET Response : url=https://randomuser.me/api 
 status=200, reason=OK 
 headers={'Date': 'Fri, 24 May 2024 22:14:15 GMT', 'Content-Type': 'application/json; charset=utf-8', 'Transfer-Encoding': 'chunked', 'Connection': 'keep-alive', 'X-Powered-By': 'Express', 'Access-Control-Allow-Origin': '*', 'Cache-Control': 'no-cache', 'ETag': 'W/"48a-3jwRukAQdZE7srnXKT03ioUXBIg"', 'Vary': 'Accept-Encoding', 'Content-Encoding': 'gzip', 'CF-Cache-Status': 'DYNAMIC', 'Report-To': '{"endpoints":[{"url":"https:\\/\\/a.nel.cloudflare.com\\/report\\/v4?s=QcPF5jahev%2BT%2FcLFneoauFMt7GAdqR%2FBKAmywhBPTrJ8uiAmgHrdFyZWy61dQm397rUoNNB7yA9dvrf7%2BmnUDWh7NrHtjdZxuke3%2Fggkp5IbjjZapYSC%2Fu%2BZNAhrA1qO"}],"group":"cf-nel","max_age":604800}', 'NEL': '{"success_fraction":0,"report_to":"cf-nel","max_age":604800}', 'Server': 'cloudflare', 'CF-RAY': '8890a33929696893-SJC', 'alt-svc': 'h3=":443"; ma=86400'} 
 body={"results":[{"gender":"female","name":{"title":"Mrs","first":"Vildan","last":"Akaydın"},"location":{"street":{"number":8835,"name":"Necatibey Cd"},"city":"Amasya","state":"Malatya","country":"Turkey","postcode":85406,"coordinates":{"latitude":"68.7684","longitude":"143.7247"},"timezone":{"offset":"+9:00","description":"Tokyo, Seoul, Osaka, Sapporo, Yakutsk"}},"email":"vildan.akaydin@example.com","login":{"uuid":"f0aee808-d037-44f7-9cea-d3b0caf3a083","username":"redswan295","password":"tulips","salt":"dmCs0EwV","md5":"70074a19857bc3a196f224a7e41d4656","sha1":"412ef6687e283edc4c63462733300ebe02f6e28e","sha256":"b73d3abd04aac9044167fcb2c1452c916a1ff064a5b53b2708ea71bc8730fb91"},"dob":{"date":"1985-09-18T21:14:40.766Z","age":38},"registered":{"date":"2003-05-01T02:50:43.239Z","age":21},"phone":"(692)-605-2419","cell":"(955)-266-2618","id":{"name":"","value":null},"picture":{"large":"https://randomuser.me/api/portraits/women/77.jpg","medium":"https://randomuser.me/api/portraits/med/women/77.jpg","thumbnail":"https://randomuser.me/api/portraits/thumb/women/77.jpg"},"nat":"TR"}],"info":{"seed":"1b4553a4ad50a5f3","results":1,"page":1,"version":"1.4"}} 
 </msg>
<msg time="2024-05-24T22:14:15.325463" level="INFO">/opt/hostedtoolcache/Python/3.12.3/x64/lib/python3.12/site-packages/urllib3/connectionpool.py:1103: InsecureRequestWarning: Unverified HTTPS request is being made to host 'randomuser.me'. Adding certificate verification is strongly advised. See: https://urllib3.readthedocs.io/en/latest/advanced-usage.html#tls-warnings
  warnings.warn(</msg>
<msg time="2024-05-24T22:14:15.325543" level="INFO">${response} = &lt;Response [200]&gt;</msg>
<var>${response}</var>
<arg>consultarAPI</arg>
<arg>/api</arg>
<doc>Sends a GET request on a previously created HTTP Session.</doc>
<status status="PASS" start="2024-05-24T22:14:15.220084" elapsed="0.105498"/>
</kw>
<kw name="Set Variable" owner="BuiltIn">
<msg time="2024-05-24T22:14:15.326579" level="INFO">${json_data} = {'results': [{'gender': 'female', 'name': {'title': 'Mrs', 'first': 'Vildan', 'last': 'Akaydın'}, 'location': {'street': {'number': 8835, 'name': 'Necatibey Cd'}, 'city': 'Amasya', 'state': 'Malatya',...</msg>
<var>${json_data}</var>
<arg>${response.json()}</arg>
<doc>Returns the given values which can then be assigned to a variables.</doc>
<status status="PASS" start="2024-05-24T22:14:15.326021" elapsed="0.000588"/>
</kw>
<kw name="Log" owner="BuiltIn">
<msg time="2024-05-24T22:14:15.327081" level="INFO">{'results': [{'gender': 'female', 'name': {'title': 'Mrs', 'first': 'Vildan', 'last': 'Akaydın'}, 'location': {'street': {'number': 8835, 'name': 'Necatibey Cd'}, 'city': 'Amasya', 'state': 'Malatya', 'country': 'Turkey', 'postcode': 85406, 'coordinates': {'latitude': '68.7684', 'longitude': '143.7247'}, 'timezone': {'offset': '+9:00', 'description': 'Tokyo, Seoul, Osaka, Sapporo, Yakutsk'}}, 'email': 'vildan.akaydin@example.com', 'login': {'uuid': 'f0aee808-d037-44f7-9cea-d3b0caf3a083', 'username': 'redswan295', 'password': 'tulips', 'salt': 'dmCs0EwV', 'md5': '70074a19857bc3a196f224a7e41d4656', 'sha1': '412ef6687e283edc4c63462733300ebe02f6e28e', 'sha256': 'b73d3abd04aac9044167fcb2c1452c916a1ff064a5b53b2708ea71bc8730fb91'}, 'dob': {'date': '1985-09-18T21:14:40.766Z', 'age': 38}, 'registered': {'date': '2003-05-01T02:50:43.239Z', 'age': 21}, 'phone': '(692)-605-2419', 'cell': '(955)-266-2618', 'id': {'name': '', 'value': None}, 'picture': {'large': 'https://randomuser.me/api/portraits/women/77.jpg', 'medium': 'https://randomuser.me/api/portraits/med/women/77.jpg', 'thumbnail': 'https://randomuser.me/api/portraits/thumb/women/77.jpg'}, 'nat': 'TR'}], 'info': {'seed': '1b4553a4ad50a5f3', 'results': 1, 'page': 1, 'version': '1.4'}}</msg>
<arg>${json_data}</arg>
<doc>Logs the given message with the given level.</doc>
<status status="PASS" start="2024-05-24T22:14:15.326924" elapsed="0.000238"/>
</kw>
<kw name="Should Be String" owner="String">
<arg>${json_data['results'][0]['gender']}</arg>
<doc>Fails if the given ``item`` is not a string.</doc>
<status status="PASS" start="2024-05-24T22:14:15.327458" elapsed="0.000359"/>
</kw>
<kw name="Should Match Regexp" owner="BuiltIn">
<arg>${json_data['results'][0]['email']}</arg>
<arg>^[a-zA-Z0-9._%+-]+@[a-zA-Z0-9.-]+\.[a-zA-Z]{2,}$</arg>
<doc>Fails if ``string`` does not match ``pattern`` as a regular expression.</doc>
<status status="PASS" start="2024-05-24T22:14:15.328007" elapsed="0.000662"/>
</kw>
<kw name="Should Match Regexp" owner="BuiltIn">
<arg>${json_data['results'][0]['dob']['date']}</arg>
<arg>\\d{4}-\\d{2}-\\d{2}T\\d{2}:\\d{2}:\\d{2}\\.\\d{3}Z</arg>
<doc>Fails if ``string`` does not match ``pattern`` as a regular expression.</doc>
<status status="PASS" start="2024-05-24T22:14:15.328868" elapsed="0.000480"/>
</kw>
<kw name="Should Match Regexp" owner="BuiltIn">
<arg>${json_data['results'][0]['registered']['date']}</arg>
<arg>\\d{4}-\\d{2}-\\d{2}T\\d{2}:\\d{2}:\\d{2}\\.\\d{3}Z</arg>
<doc>Fails if ``string`` does not match ``pattern`` as a regular expression.</doc>
<status status="PASS" start="2024-05-24T22:14:15.329541" elapsed="0.000361"/>
</kw>
<kw name="Should Match Regexp" owner="BuiltIn">
<arg>${json_data['results'][0]['picture']['large']}</arg>
<arg>^https?://.*\.(?:png|jpe?g|gif|bmp)$</arg>
<doc>Fails if ``string`` does not match ``pattern`` as a regular expression.</doc>
<status status="PASS" start="2024-05-24T22:14:15.330087" elapsed="0.000453"/>
</kw>
<kw name="Should Match Regexp" owner="BuiltIn">
<arg>${json_data['results'][0]['picture']['medium']}</arg>
<arg>^https?://.*\.(?:png|jpe?g|gif|bmp)$</arg>
<doc>Fails if ``string`` does not match ``pattern`` as a regular expression.</doc>
<status status="PASS" start="2024-05-24T22:14:15.330728" elapsed="0.000348"/>
</kw>
<kw name="Should Match Regexp" owner="BuiltIn">
<arg>${json_data['results'][0]['picture']['thumbnail']}</arg>
<arg>^https?://.*\.(?:png|jpe?g|gif|bmp)$</arg>
<doc>Fails if ``string`` does not match ``pattern`` as a regular expression.</doc>
<status status="PASS" start="2024-05-24T22:14:15.331261" elapsed="0.000343"/>
</kw>
<kw name="Log" owner="BuiltIn">
<msg time="2024-05-24T22:14:15.332100" level="INFO">{'large': 'https://randomuser.me/api/portraits/women/77.jpg', 'medium': 'https://randomuser.me/api/portraits/med/women/77.jpg', 'thumbnail': 'https://randomuser.me/api/portraits/thumb/women/77.jpg'}</msg>
<arg>${json_data['results'][0]['picture']}</arg>
<doc>Logs the given message with the given level.</doc>
<status status="PASS" start="2024-05-24T22:14:15.331784" elapsed="0.000358"/>
</kw>
<status status="PASS" start="2024-05-24T22:14:15.219858" elapsed="0.112561"/>
</kw>
<kw name="Teste de Tipos de Dados - Postcode" owner="random-user-service">
<kw name="GET On Session" owner="RequestsLibrary">
<msg time="2024-05-24T22:14:15.428779" level="INFO">GET Request : url=https://randomuser.me/api 
 path_url=/api 
 headers={'User-Agent': 'python-requests/2.32.2', 'Accept-Encoding': 'gzip, deflate', 'Accept': '*/*', 'Connection': 'keep-alive'} 
 body=None 
 </msg>
<msg time="2024-05-24T22:14:15.428839" level="INFO">GET Response : url=https://randomuser.me/api 
 status=200, reason=OK 
 headers={'Date': 'Fri, 24 May 2024 22:14:15 GMT', 'Content-Type': 'application/json; charset=utf-8', 'Transfer-Encoding': 'chunked', 'Connection': 'keep-alive', 'X-Powered-By': 'Express', 'Access-Control-Allow-Origin': '*', 'Cache-Control': 'no-cache', 'ETag': 'W/"493-tU9ZgZ+r2oioXX1ZRh/KkUIoAy0"', 'Vary': 'Accept-Encoding', 'Content-Encoding': 'gzip', 'CF-Cache-Status': 'DYNAMIC', 'Report-To': '{"endpoints":[{"url":"https:\\/\\/a.nel.cloudflare.com\\/report\\/v4?s=zZ5JLv9rp3qM%2Bm1yD09n%2FyADLXG7C20XR%2B4lmRhM6za4GBh72Br1CmJ1hZ8HQS1%2FvJNKfMgYRT3pxHuhdxjGec6QDeppiGDmr%2BNcnCSoLrMTL436jPcVGNatJHl1PL8v"}],"group":"cf-nel","max_age":604800}', 'NEL': '{"success_fraction":0,"report_to":"cf-nel","max_age":604800}', 'Server': 'cloudflare', 'CF-RAY': '8890a339da2d6893-SJC', 'alt-svc': 'h3=":443"; ma=86400'} 
 body={"results":[{"gender":"male","name":{"title":"Monsieur","first":"Diego","last":"Charles"},"location":{"street":{"number":1662,"name":"Rue Abel-Gance"},"city":"Trogen","state":"Schaffhausen","country":"Switzerland","postcode":3640,"coordinates":{"latitude":"-55.7527","longitude":"-95.3794"},"timezone":{"offset":"+6:00","description":"Almaty, Dhaka, Colombo"}},"email":"diego.charles@example.com","login":{"uuid":"32c25d94-bd78-4c95-b63c-f731486197cc","username":"bluerabbit993","password":"golden","salt":"T2CHYJtm","md5":"ac63b56432f86b95e6757afd5f47361e","sha1":"5b4d3f63c9b073a33c1e387e8c94ffba712ca779","sha256":"6814c8a0112e1abccb275c7b3014cdee31b7c041e63ae21b4e03b3e5b24e87f1"},"dob":{"date":"1969-11-16T06:55:45.243Z","age":54},"registered":{"date":"2006-03-24T10:52:21.837Z","age":18},"phone":"077 415 47 76","cell":"078 017 09 54","id":{"name":"AVS","value":"756.6843.2335.81"},"picture":{"large":"https://randomuser.me/api/portraits/men/10.jpg","medium":"https://randomuser.me/api/portraits/med/men/10.jpg","thumbnail":"https://randomuser.me/api/portraits/thumb/men/10.jpg"},"nat":"CH"}],"info":{"seed":"d96305cbb9cacece","results":1,"page":1,"version":"1.4"}} 
 </msg>
<msg time="2024-05-24T22:14:15.428891" level="INFO">/opt/hostedtoolcache/Python/3.12.3/x64/lib/python3.12/site-packages/urllib3/connectionpool.py:1103: InsecureRequestWarning: Unverified HTTPS request is being made to host 'randomuser.me'. Adding certificate verification is strongly advised. See: https://urllib3.readthedocs.io/en/latest/advanced-usage.html#tls-warnings
  warnings.warn(</msg>
<msg time="2024-05-24T22:14:15.428973" level="INFO">${response} = &lt;Response [200]&gt;</msg>
<var>${response}</var>
<arg>consultarAPI</arg>
<arg>/api</arg>
<doc>Sends a GET request on a previously created HTTP Session.</doc>
<status status="PASS" start="2024-05-24T22:14:15.332842" elapsed="0.096170"/>
</kw>
<kw name="Set Variable" owner="BuiltIn">
<msg time="2024-05-24T22:14:15.430000" level="INFO">${json_data} = {'results': [{'gender': 'male', 'name': {'title': 'Monsieur', 'first': 'Diego', 'last': 'Charles'}, 'location': {'street': {'number': 1662, 'name': 'Rue Abel-Gance'}, 'city': 'Trogen', 'state': 'Schaf...</msg>
<var>${json_data}</var>
<arg>${response.json()}</arg>
<doc>Returns the given values which can then be assigned to a variables.</doc>
<status status="PASS" start="2024-05-24T22:14:15.429454" elapsed="0.000574"/>
</kw>
<kw name="Log" owner="BuiltIn">
<msg time="2024-05-24T22:14:15.430489" level="INFO">{'results': [{'gender': 'male', 'name': {'title': 'Monsieur', 'first': 'Diego', 'last': 'Charles'}, 'location': {'street': {'number': 1662, 'name': 'Rue Abel-Gance'}, 'city': 'Trogen', 'state': 'Schaffhausen', 'country': 'Switzerland', 'postcode': 3640, 'coordinates': {'latitude': '-55.7527', 'longitude': '-95.3794'}, 'timezone': {'offset': '+6:00', 'description': 'Almaty, Dhaka, Colombo'}}, 'email': 'diego.charles@example.com', 'login': {'uuid': '32c25d94-bd78-4c95-b63c-f731486197cc', 'username': 'bluerabbit993', 'password': 'golden', 'salt': 'T2CHYJtm', 'md5': 'ac63b56432f86b95e6757afd5f47361e', 'sha1': '5b4d3f63c9b073a33c1e387e8c94ffba712ca779', 'sha256': '6814c8a0112e1abccb275c7b3014cdee31b7c041e63ae21b4e03b3e5b24e87f1'}, 'dob': {'date': '1969-11-16T06:55:45.243Z', 'age': 54}, 'registered': {'date': '2006-03-24T10:52:21.837Z', 'age': 18}, 'phone': '077 415 47 76', 'cell': '078 017 09 54', 'id': {'name': 'AVS', 'value': '756.6843.2335.81'}, 'picture': {'large': 'https://randomuser.me/api/portraits/men/10.jpg', 'medium': 'https://randomuser.me/api/portraits/med/men/10.jpg', 'thumbnail': 'https://randomuser.me/api/portraits/thumb/men/10.jpg'}, 'nat': 'CH'}], 'info': {'seed': 'd96305cbb9cacece', 'results': 1, 'page': 1, 'version': '1.4'}}</msg>
<arg>${json_data}</arg>
<doc>Logs the given message with the given level.</doc>
<status status="PASS" start="2024-05-24T22:14:15.430338" elapsed="0.000227"/>
</kw>
<kw name="Should Be Equal As Numbers" owner="BuiltIn">
<arg>${json_data['results'][0]['location']['postcode']}</arg>
<arg>${json_data['results'][0]['location']['postcode']}</arg>
<doc>Fails if objects are unequal after converting them to real numbers.</doc>
<status status="PASS" start="2024-05-24T22:14:15.430860" elapsed="0.000616"/>
</kw>
<kw name="Log" owner="BuiltIn">
<msg time="2024-05-24T22:14:15.432005" level="INFO">3640</msg>
<arg>${json_data['results'][0]['location']['postcode']}</arg>
<doc>Logs the given message with the given level.</doc>
<status status="PASS" start="2024-05-24T22:14:15.431669" elapsed="0.000376"/>
</kw>
<status status="PASS" start="2024-05-24T22:14:15.332627" elapsed="0.099706"/>
</kw>
<doc>Testa se os tipos de dados na resposta da API estão corretos.</doc>
<tag>testeTiposDados</tag>
<status status="PASS" start="2024-05-24T22:14:15.219340" elapsed="0.213150"/>
</test>
<test id="s1-s1-t5" name="Validar conteudo" line="35">
<kw name="Teste de Tipos de Conteudo" owner="random-user-service">
<kw name="GET On Session" owner="RequestsLibrary">
<msg time="2024-05-24T22:14:15.530473" level="INFO">GET Request : url=https://randomuser.me/api 
 path_url=/api 
 headers={'User-Agent': 'python-requests/2.32.2', 'Accept-Encoding': 'gzip, deflate', 'Accept': '*/*', 'Connection': 'keep-alive'} 
 body=None 
 </msg>
<msg time="2024-05-24T22:14:15.530552" level="INFO">GET Response : url=https://randomuser.me/api 
 status=200, reason=OK 
 headers={'Date': 'Fri, 24 May 2024 22:14:15 GMT', 'Content-Type': 'application/json; charset=utf-8', 'Transfer-Encoding': 'chunked', 'Connection': 'keep-alive', 'X-Powered-By': 'Express', 'Access-Control-Allow-Origin': '*', 'Cache-Control': 'no-cache', 'ETag': 'W/"470-riY1LcyVbrc69lRRolY3yktu3nE"', 'Vary': 'Accept-Encoding', 'Content-Encoding': 'gzip', 'CF-Cache-Status': 'DYNAMIC', 'Report-To': '{"endpoints":[{"url":"https:\\/\\/a.nel.cloudflare.com\\/report\\/v4?s=fXJ3rQC1uFDWSwW7Fx8ifOqqB0wPQKHwi6Ki2j%2BtU65asj%2BXMpH0w9As01ix1GjuYoKzgu9u%2BV8In5CVpJgY%2FF9OZ6gBjJg%2BsWMtDDEvQt73Fu6%2FWWBKT2wjXQCbj6SD"}],"group":"cf-nel","max_age":604800}', 'NEL': '{"success_fraction":0,"report_to":"cf-nel","max_age":604800}', 'Server': 'cloudflare', 'CF-RAY': '8890a33a7ad36893-SJC', 'alt-svc': 'h3=":443"; ma=86400'} 
 body={"results":[{"gender":"male","name":{"title":"Mr","first":"Vasilije","last":"Subašić"},"location":{"street":{"number":8330,"name":"Vrbeštička"},"city":"Bela Crkva","state":"Raška","country":"Serbia","postcode":75300,"coordinates":{"latitude":"56.4360","longitude":"-153.3039"},"timezone":{"offset":"+4:30","description":"Kabul"}},"email":"vasilije.subasic@example.com","login":{"uuid":"dcadf1bb-aec9-4401-8470-81f426f29f7d","username":"lazybird592","password":"cougar","salt":"Q6XMqaft","md5":"9e8a82d1307177eb8f84698f3f583e27","sha1":"0516928ef04e800a7f1369ed04f54f6b735846b3","sha256":"e41a7be3c14c3692a986e85be2457ee4e225279535ef5554295df94c92012a50"},"dob":{"date":"1950-10-30T02:33:56.731Z","age":73},"registered":{"date":"2021-05-21T23:05:59.508Z","age":3},"phone":"014-9159-484","cell":"066-7024-439","id":{"name":"SID","value":"496438531"},"picture":{"large":"https://randomuser.me/api/portraits/men/28.jpg","medium":"https://randomuser.me/api/portraits/med/men/28.jpg","thumbnail":"https://randomuser.me/api/portraits/thumb/men/28.jpg"},"nat":"RS"}],"info":{"seed":"f23212d8089f86ea","results":1,"page":1,"version":"1.4"}} 
 </msg>
<msg time="2024-05-24T22:14:15.530623" level="INFO">/opt/hostedtoolcache/Python/3.12.3/x64/lib/python3.12/site-packages/urllib3/connectionpool.py:1103: InsecureRequestWarning: Unverified HTTPS request is being made to host 'randomuser.me'. Adding certificate verification is strongly advised. See: https://urllib3.readthedocs.io/en/latest/advanced-usage.html#tls-warnings
  warnings.warn(</msg>
<msg time="2024-05-24T22:14:15.530733" level="INFO">${response} = &lt;Response [200]&gt;</msg>
<var>${response}</var>
<arg>consultarAPI</arg>
<arg>/api</arg>
<doc>Sends a GET request on a previously created HTTP Session.</doc>
<status status="PASS" start="2024-05-24T22:14:15.435610" elapsed="0.095162"/>
</kw>
<kw name="Set Variable" owner="BuiltIn">
<msg time="2024-05-24T22:14:15.531581" level="INFO">${json_data} = {'results': [{'gender': 'male', 'name': {'title': 'Mr', 'first': 'Vasilije', 'last': 'Subašić'}, 'location': {'street': {'number': 8330, 'name': 'Vrbeštička'}, 'city': 'Bela Crkva', 'state': 'Raška', ...</msg>
<var>${json_data}</var>
<arg>${response.json()}</arg>
<doc>Returns the given values which can then be assigned to a variables.</doc>
<status status="PASS" start="2024-05-24T22:14:15.531135" elapsed="0.000477"/>
</kw>
<kw name="Set Variable" owner="BuiltIn">
<msg time="2024-05-24T22:14:15.532337" level="INFO">${name_title} = Mr</msg>
<var>${name_title}</var>
<arg>${json_data["results"][0]["name"]["title"]}</arg>
<doc>Returns the given values which can then be assigned to a variables.</doc>
<status status="PASS" start="2024-05-24T22:14:15.531914" elapsed="0.000449"/>
</kw>
<kw name="Create List" owner="BuiltIn">
<msg time="2024-05-24T22:14:15.532818" level="INFO">${allowed_titles} = ['Mr', 'Ms', 'Miss', 'Mrs', 'Madame', 'Monsieur']</msg>
<var>${allowed_titles}</var>
<arg>Mr</arg>
<arg>Ms</arg>
<arg>Miss</arg>
<arg>Mrs</arg>
<arg>Madame</arg>
<arg>Monsieur</arg>
<doc>Returns a list containing given items.</doc>
<status status="PASS" start="2024-05-24T22:14:15.532665" elapsed="0.000178"/>
</kw>
<kw name="List Should Contain Value" owner="Collections">
<msg time="2024-05-24T22:14:15.533311" level="INFO">False</msg>
<arg>${allowed_titles}</arg>
<arg>${name_title}</arg>
<doc>Fails if the ``value`` is not found from ``list``.</doc>
<status status="PASS" start="2024-05-24T22:14:15.533141" elapsed="0.000207"/>
</kw>
<kw name="Set Variable" owner="BuiltIn">
<msg time="2024-05-24T22:14:15.534144" level="INFO">${name_country} = RS</msg>
<var>${name_country}</var>
<arg>${json_data["results"][0]["nat"]}</arg>
<doc>Returns the given values which can then be assigned to a variables.</doc>
<status status="PASS" start="2024-05-24T22:14:15.533638" elapsed="0.000531"/>
</kw>
<kw name="Create List" owner="BuiltIn">
<msg time="2024-05-24T22:14:15.535079" level="INFO">${list_country} = ['AD', 'AE', 'AF', 'AG', 'AI', 'AL', 'AM', 'AO', 'AQ', 'AR', 'AS', 'AT', 'AU', 'AW', 'AX', 'AZ', 'BA', 'BB', 'BD', 'BE', 'BF', 'BG', 'BH', 'BI', 'BJ', 'BL', 'BM', 'BN', 'BO', 'BQ', 'BR', 'BS', 'BT', '...</msg>
<var>${list_country}</var>
<arg>AD</arg>
<arg>AE</arg>
<arg>AF</arg>
<arg>AG</arg>
<arg>AI</arg>
<arg>AL</arg>
<arg>AM</arg>
<arg>AO</arg>
<arg>AQ</arg>
<arg>AR</arg>
<arg>AS</arg>
<arg>AT</arg>
<arg>AU</arg>
<arg>AW</arg>
<arg>AX</arg>
<arg>AZ</arg>
<arg>BA</arg>
<arg>BB</arg>
<arg>BD</arg>
<arg>BE</arg>
<arg>BF</arg>
<arg>BG</arg>
<arg>BH</arg>
<arg>BI</arg>
<arg>BJ</arg>
<arg>BL</arg>
<arg>BM</arg>
<arg>BN</arg>
<arg>BO</arg>
<arg>BQ</arg>
<arg>BR</arg>
<arg>BS</arg>
<arg>BT</arg>
<arg>BV</arg>
<arg>BW</arg>
<arg>BY</arg>
<arg>BZ</arg>
<arg>CA</arg>
<arg>CC</arg>
<arg>CD</arg>
<arg>CF</arg>
<arg>CG</arg>
<arg>CH</arg>
<arg>CI</arg>
<arg>CK</arg>
<arg>CL</arg>
<arg>CM</arg>
<arg>CN</arg>
<arg>CO</arg>
<arg>CR</arg>
<arg>CU</arg>
<arg>CV</arg>
<arg>CW</arg>
<arg>CX</arg>
<arg>CY</arg>
<arg>CZ</arg>
<arg>DE</arg>
<arg>DJ</arg>
<arg>DK</arg>
<arg>DM</arg>
<arg>DO</arg>
<arg>DZ</arg>
<arg>EC</arg>
<arg>EE</arg>
<arg>EG</arg>
<arg>EH</arg>
<arg>ER</arg>
<arg>ES</arg>
<arg>ET</arg>
<arg>FI</arg>
<arg>FJ</arg>
<arg>FK</arg>
<arg>FM</arg>
<arg>FO</arg>
<arg>FR</arg>
<arg>GA</arg>
<arg>GB</arg>
<arg>GD</arg>
<arg>GE</arg>
<arg>GF</arg>
<arg>GG</arg>
<arg>GH</arg>
<arg>GI</arg>
<arg>GL</arg>
<arg>GM</arg>
<arg>GN</arg>
<arg>GP</arg>
<arg>GQ</arg>
<arg>GR</arg>
<arg>GS</arg>
<arg>GT</arg>
<arg>GU</arg>
<arg>GW</arg>
<arg>GY</arg>
<arg>HK</arg>
<arg>HM</arg>
<arg>HN</arg>
<arg>HR</arg>
<arg>HT</arg>
<arg>HU</arg>
<arg>ID</arg>
<arg>IE</arg>
<arg>IL</arg>
<arg>IM</arg>
<arg>IN</arg>
<arg>IO</arg>
<arg>IQ</arg>
<arg>IR</arg>
<arg>IS</arg>
<arg>IT</arg>
<arg>JE</arg>
<arg>JM</arg>
<arg>JO</arg>
<arg>JP</arg>
<arg>KE</arg>
<arg>KG</arg>
<arg>KH</arg>
<arg>KI</arg>
<arg>KM</arg>
<arg>KN</arg>
<arg>KP</arg>
<arg>KR</arg>
<arg>KW</arg>
<arg>KY</arg>
<arg>KZ</arg>
<arg>LA</arg>
<arg>LB</arg>
<arg>LC</arg>
<arg>LI</arg>
<arg>LK</arg>
<arg>LR</arg>
<arg>LS</arg>
<arg>LT</arg>
<arg>LU</arg>
<arg>LV</arg>
<arg>LY</arg>
<arg>MA</arg>
<arg>MC</arg>
<arg>MD</arg>
<arg>ME</arg>
<arg>MF</arg>
<arg>MG</arg>
<arg>MH</arg>
<arg>MK</arg>
<arg>ML</arg>
<arg>MM</arg>
<arg>MN</arg>
<arg>MO</arg>
<arg>MP</arg>
<arg>MQ</arg>
<arg>MR</arg>
<arg>MS</arg>
<arg>MT</arg>
<arg>MU</arg>
<arg>MV</arg>
<arg>MW</arg>
<arg>MX</arg>
<arg>MY</arg>
<arg>MZ</arg>
<arg>NA</arg>
<arg>NC</arg>
<arg>NE</arg>
<arg>NF</arg>
<arg>NG</arg>
<arg>NI</arg>
<arg>NL</arg>
<arg>NO</arg>
<arg>NP</arg>
<arg>NR</arg>
<arg>NU</arg>
<arg>NZ</arg>
<arg>OM</arg>
<arg>PA</arg>
<arg>PE</arg>
<arg>PF</arg>
<arg>PG</arg>
<arg>PH</arg>
<arg>PK</arg>
<arg>PL</arg>
<arg>PM</arg>
<arg>PN</arg>
<arg>PR</arg>
<arg>PS</arg>
<arg>PT</arg>
<arg>PW</arg>
<arg>PY</arg>
<arg>QA</arg>
<arg>RE</arg>
<arg>RO</arg>
<arg>RS</arg>
<arg>RU</arg>
<arg>RW</arg>
<arg>SA</arg>
<arg>SB</arg>
<arg>SC</arg>
<arg>SD</arg>
<arg>SE</arg>
<arg>SG</arg>
<arg>SH</arg>
<arg>SI</arg>
<arg>SJ</arg>
<arg>SK</arg>
<arg>SL</arg>
<arg>SM</arg>
<arg>SN</arg>
<arg>SO</arg>
<arg>SR</arg>
<arg>SS</arg>
<arg>ST</arg>
<arg>SV</arg>
<arg>SX</arg>
<arg>SY</arg>
<arg>SZ</arg>
<arg>TC</arg>
<arg>TD</arg>
<arg>TF</arg>
<arg>TG</arg>
<arg>TH</arg>
<arg>TJ</arg>
<arg>TK</arg>
<arg>TL</arg>
<arg>TM</arg>
<arg>TN</arg>
<arg>TO</arg>
<arg>TR</arg>
<arg>TT</arg>
<arg>TV</arg>
<arg>TW</arg>
<arg>TZ</arg>
<arg>UA</arg>
<arg>UG</arg>
<arg>UM</arg>
<arg>US</arg>
<arg>UY</arg>
<arg>UZ</arg>
<arg>VA</arg>
<arg>VC</arg>
<arg>VE</arg>
<arg>VG</arg>
<arg>VI</arg>
<arg>VN</arg>
<arg>VU</arg>
<arg>WF</arg>
<arg>WS</arg>
<arg>XK</arg>
<arg>YE</arg>
<arg>YT</arg>
<arg>ZA</arg>
<arg>ZM</arg>
<arg>ZW</arg>
<doc>Returns a list containing given items.</doc>
<status status="PASS" start="2024-05-24T22:14:15.534480" elapsed="0.000625"/>
</kw>
<kw name="List Should Contain Value" owner="Collections">
<msg time="2024-05-24T22:14:15.536093" level="INFO">False</msg>
<arg>${list_country}</arg>
<arg>${name_country}</arg>
<doc>Fails if the ``value`` is not found from ``list``.</doc>
<status status="PASS" start="2024-05-24T22:14:15.535884" elapsed="0.000245"/>
</kw>
<kw name="Run Keyword If" owner="BuiltIn">
<kw name="Should Be True" owner="BuiltIn">
<arg>${True}</arg>
<doc>Fails if the given condition is not true.</doc>
<status status="PASS" start="2024-05-24T22:14:15.537208" elapsed="0.000143"/>
</kw>
<arg>${json_data["results"][0]["location"]["coordinates"]["latitude"]} &gt;= -90 and ${json_data["results"][0]["location"]["coordinates"]["latitude"]} &lt;= 90</arg>
<arg>Should Be True</arg>
<arg>${True}</arg>
<doc>Runs the given keyword with the given arguments, if ``condition`` is true.</doc>
<status status="PASS" start="2024-05-24T22:14:15.536459" elapsed="0.001017"/>
</kw>
<kw name="Run Keyword If" owner="BuiltIn">
<kw name="Should Be True" owner="BuiltIn">
<arg>${True}</arg>
<doc>Fails if the given condition is not true.</doc>
<status status="PASS" start="2024-05-24T22:14:15.538341" elapsed="0.000138"/>
</kw>
<arg>${json_data["results"][0]["location"]["coordinates"]["longitude"]} &gt;= -180 and ${json_data["results"][0]["location"]["coordinates"]["longitude"]} &lt;= 180</arg>
<arg>Should Be True</arg>
<arg>${True}</arg>
<doc>Runs the given keyword with the given arguments, if ``condition`` is true.</doc>
<status status="PASS" start="2024-05-24T22:14:15.537660" elapsed="0.000941"/>
</kw>
<status status="PASS" start="2024-05-24T22:14:15.435248" elapsed="0.103479"/>
</kw>
<doc>Testa o conteúdo específico dos campos retornados pela API.</doc>
<tag>testeConteudo</tag>
<status status="PASS" start="2024-05-24T22:14:15.434596" elapsed="0.104274"/>
</test>
<status status="PASS" start="2024-05-24T22:14:14.442650" elapsed="1.098136"/>
</suite>
<status status="PASS" start="2024-05-24T22:14:14.429309" elapsed="1.116827"/>
</suite>
<statistics>
<total>
<stat pass="5" fail="0" skip="0">All Tests</stat>
</total>
<tag>
<stat pass="1" fail="0" skip="0">testeConteudo</stat>
<stat pass="1" fail="0" skip="0">testeEstruturaResposta</stat>
<stat pass="1" fail="0" skip="0">testeRequisicaoBasica</stat>
<stat pass="1" fail="0" skip="0">testeTiposDados</stat>
</tag>
<suite>
<stat pass="5" fail="0" skip="0" id="s1" name="Tests">Tests</stat>
<stat pass="5" fail="0" skip="0" id="s1-s1" name="Random-User-Test">Tests.Random-User-Test</stat>
</suite>
</statistics>
<errors>
</errors>
</robot>
