<?xml version="1.0" encoding="UTF-8"?>
<robot generator="Robot 7.0 (Python 3.12.2 on linux)" generated="2024-03-26T05:12:59.607099" rpa="false" schemaversion="5">
<suite id="s1" name="Tests" source="/home/runner/work/DesafioQAItauRogerioJordao/DesafioQAItauRogerioJordao/RamdonUser/tests">
<suite id="s1-s1" name="Random-User-Test" source="/home/runner/work/DesafioQAItauRogerioJordao/DesafioQAItauRogerioJordao/RamdonUser/tests/random-user-test.robot">
<test id="s1-s1-t1" name="Conectar" line="13">
<kw name="Conectar API" owner="random-user-service">
<kw name="Create Session" owner="RequestsLibrary">
<msg time="2024-03-26T05:13:00.014153" level="INFO">Creating Session using : alias=consultarAPI, url=https://randomuser.me/, headers={},                     cookies={}, auth=None, timeout=None, proxies=None, verify=False,                     debug=0 </msg>
<arg>consultarAPI</arg>
<arg>${URL}</arg>
<doc>Create Session: create a HTTP session to a server</doc>
<status status="PASS" start="2024-03-26T05:13:00.013929" elapsed="0.000426"/>
</kw>
<status status="PASS" start="2024-03-26T05:13:00.012775" elapsed="0.001975"/>
</kw>
<status status="PASS" start="2024-03-26T05:13:00.012118" elapsed="0.002845"/>
</test>
<test id="s1-s1-t2" name="Validar retorno 200 e JSON Válido" line="16">
<kw name="Teste de Requisicao Basica" owner="random-user-service">
<kw name="GET On Session" owner="RequestsLibrary">
<msg time="2024-03-26T05:13:00.167488" level="INFO">GET Request : url=https://randomuser.me/api 
 path_url=/api 
 headers={'User-Agent': 'python-requests/2.31.0', 'Accept-Encoding': 'gzip, deflate', 'Accept': '*/*', 'Connection': 'keep-alive'} 
 body=None 
 </msg>
<msg time="2024-03-26T05:13:00.167652" level="INFO">GET Response : url=https://randomuser.me/api 
 status=200, reason=OK 
 headers={'Date': 'Tue, 26 Mar 2024 05:13:00 GMT', 'Content-Type': 'application/json; charset=utf-8', 'Transfer-Encoding': 'chunked', 'Connection': 'keep-alive', 'X-Powered-By': 'Express', 'Access-Control-Allow-Origin': '*', 'Cache-Control': 'no-cache', 'ETag': 'W/"474-c4W8YUIo00rSNcboDIPeVNsPgzg"', 'Vary': 'Accept-Encoding', 'Content-Encoding': 'gzip', 'CF-Cache-Status': 'DYNAMIC', 'Report-To': '{"endpoints":[{"url":"https:\\/\\/a.nel.cloudflare.com\\/report\\/v4?s=6JFC9iqM%2Bcbdq4tm3DHuNd5Y%2FzhmUd1BI%2BODywaLqS%2FJmub%2BZlCw0Wdqenh%2FcvNU848ptmq%2FGkq%2FGSpHfBVIGfIVWDkHOthtUSkPBtLjwV1mKF2ouTgN656lSgtTOvuj"}],"group":"cf-nel","max_age":604800}', 'NEL': '{"success_fraction":0,"report_to":"cf-nel","max_age":604800}', 'Server': 'cloudflare', 'CF-RAY': '86a4a61f5d09e14b-ORD', 'alt-svc': 'h3=":443"; ma=86400'} 
 body={"results":[{"gender":"female","name":{"title":"Miss","first":"Latife","last":"Özberk"},"location":{"street":{"number":3574,"name":"Mevlana Cd"},"city":"Osmaniye","state":"Muş","country":"Turkey","postcode":93925,"coordinates":{"latitude":"66.5018","longitude":"25.5341"},"timezone":{"offset":"+9:30","description":"Adelaide, Darwin"}},"email":"latife.ozberk@example.com","login":{"uuid":"8f1e5ef9-e5c2-40e8-9008-0b1c7a241d27","username":"orangebird762","password":"33333333","salt":"vXhd4IZb","md5":"90ffcbef7e8f1066d699066f81874118","sha1":"162a8b3ba139af5f50734f89e3c6ec0f2e3b24db","sha256":"eeada83bf613377064a990c095b13d98e24f1a6786663ec635209b3deacf5701"},"dob":{"date":"1948-09-07T00:46:12.064Z","age":75},"registered":{"date":"2017-05-20T04:55:58.082Z","age":6},"phone":"(612)-081-4256","cell":"(038)-161-2208","id":{"name":"","value":null},"picture":{"large":"https://randomuser.me/api/portraits/women/46.jpg","medium":"https://randomuser.me/api/portraits/med/women/46.jpg","thumbnail":"https://randomuser.me/api/portraits/thumb/women/46.jpg"},"nat":"TR"}],"info":{"seed":"d788458cb1ee45cd","results":1,"page":1,"version":"1.4"}} 
 </msg>
<msg time="2024-03-26T05:13:00.167767" level="INFO">/opt/hostedtoolcache/Python/3.12.2/x64/lib/python3.12/site-packages/urllib3/connectionpool.py:1103: InsecureRequestWarning: Unverified HTTPS request is being made to host 'randomuser.me'. Adding certificate verification is strongly advised. See: https://urllib3.readthedocs.io/en/latest/advanced-usage.html#tls-warnings
  warnings.warn(</msg>
<msg time="2024-03-26T05:13:00.167916" level="INFO">${response} = &lt;Response [200]&gt;</msg>
<var>${response}</var>
<arg>consultarAPI</arg>
<arg>/api</arg>
<doc>Sends a GET request on a previously created HTTP Session.</doc>
<status status="PASS" start="2024-03-26T05:13:00.017713" elapsed="0.150247"/>
</kw>
<kw name="Should Be Equal As Numbers" owner="BuiltIn">
<msg time="2024-03-26T05:13:00.169112" level="INFO">Argument types are:
&lt;class 'int'&gt;
&lt;class 'str'&gt;</msg>
<arg>${response.status_code}</arg>
<arg>200</arg>
<doc>Fails if objects are unequal after converting them to real numbers.</doc>
<status status="PASS" start="2024-03-26T05:13:00.168571" elapsed="0.000611"/>
</kw>
<kw name="Log" owner="BuiltIn">
<msg time="2024-03-26T05:13:00.169901" level="INFO">200</msg>
<arg>${response.status_code}</arg>
<doc>Logs the given message with the given level.</doc>
<status status="PASS" start="2024-03-26T05:13:00.169523" elapsed="0.000423"/>
</kw>
<kw name="Set Variable" owner="BuiltIn">
<msg time="2024-03-26T05:13:00.170780" level="INFO">${json_data} = {'results': [{'gender': 'female', 'name': {'title': 'Miss', 'first': 'Latife', 'last': 'Özberk'}, 'location': {'street': {'number': 3574, 'name': 'Mevlana Cd'}, 'city': 'Osmaniye', 'state': 'Muş', 'co...</msg>
<var>${json_data}</var>
<arg>${response.json()}</arg>
<doc>Returns the given values which can then be assigned to a variables.</doc>
<status status="PASS" start="2024-03-26T05:13:00.170306" elapsed="0.000505"/>
</kw>
<kw name="Dictionary Should Contain Key" owner="Collections">
<msg time="2024-03-26T05:13:00.171301" level="INFO">False</msg>
<arg>${json_data}</arg>
<arg>results</arg>
<doc>Fails if ``key`` is not found from ``dictionary``.</doc>
<status status="PASS" start="2024-03-26T05:13:00.171125" elapsed="0.000217"/>
</kw>
<status status="PASS" start="2024-03-26T05:13:00.017436" elapsed="0.154173"/>
</kw>
<doc>Testa se a API responde corretamente e retorna um objeto JSON válido.</doc>
<tag>testeRequisicaoBasica</tag>
<status status="PASS" start="2024-03-26T05:13:00.016850" elapsed="0.154960"/>
</test>
<test id="s1-s1-t3" name="Validar estrutura de resposta" line="22">
<kw name="Teste de Estrutura de Resposta" owner="random-user-service">
<kw name="GET On Session" owner="RequestsLibrary">
<msg time="2024-03-26T05:13:00.293545" level="INFO">GET Request : url=https://randomuser.me/api 
 path_url=/api 
 headers={'User-Agent': 'python-requests/2.31.0', 'Accept-Encoding': 'gzip, deflate', 'Accept': '*/*', 'Connection': 'keep-alive'} 
 body=None 
 </msg>
<msg time="2024-03-26T05:13:00.293649" level="INFO">GET Response : url=https://randomuser.me/api 
 status=200, reason=OK 
 headers={'Date': 'Tue, 26 Mar 2024 05:13:00 GMT', 'Content-Type': 'application/json; charset=utf-8', 'Transfer-Encoding': 'chunked', 'Connection': 'keep-alive', 'X-Powered-By': 'Express', 'Access-Control-Allow-Origin': '*', 'Cache-Control': 'no-cache', 'ETag': 'W/"465-jp5z1GBZ4u7kQH8bvqTAF07bnb8"', 'Vary': 'Accept-Encoding', 'Content-Encoding': 'gzip', 'CF-Cache-Status': 'DYNAMIC', 'Report-To': '{"endpoints":[{"url":"https:\\/\\/a.nel.cloudflare.com\\/report\\/v4?s=iRcl32STMw9tplw10HJ%2BvQEiEL9sJnEsE40KkqUG6vc82pg%2By5fBRLwoOGjvKn7Z%2BXLU3g%2F7NRvoBtc72wjTpuzGcvuax6%2Bsncf7L9lPjqKMhUsnqpwoTNjyXD%2B%2BTPqY"}],"group":"cf-nel","max_age":604800}', 'NEL': '{"success_fraction":0,"report_to":"cf-nel","max_age":604800}', 'Server': 'cloudflare', 'CF-RAY': '86a4a6201dbce14b-ORD', 'alt-svc': 'h3=":443"; ma=86400'} 
 body={"results":[{"gender":"male","name":{"title":"Mr","first":"Nick","last":"Ross"},"location":{"street":{"number":1521,"name":"Victoria Road"},"city":"Roscommon","state":"Monaghan","country":"Ireland","postcode":78406,"coordinates":{"latitude":"3.5628","longitude":"-26.3448"},"timezone":{"offset":"-10:00","description":"Hawaii"}},"email":"nick.ross@example.com","login":{"uuid":"bc12ecbc-8134-47f0-9ca9-8aba2dc05aa7","username":"purplemeercat596","password":"shot","salt":"HhoqC0bu","md5":"617448d378b2c72e9d74d03f12c1994a","sha1":"53ebbebbfeb2111d668d602c0e8baeeaf6e324d0","sha256":"c1e87dac74c7314ce37d579c50e07a741a69472619c958c7a74655768d827ebc"},"dob":{"date":"1983-01-07T21:50:03.167Z","age":41},"registered":{"date":"2016-05-31T11:55:18.914Z","age":7},"phone":"021-870-3664","cell":"081-940-9042","id":{"name":"PPS","value":"0552489T"},"picture":{"large":"https://randomuser.me/api/portraits/men/63.jpg","medium":"https://randomuser.me/api/portraits/med/men/63.jpg","thumbnail":"https://randomuser.me/api/portraits/thumb/men/63.jpg"},"nat":"IE"}],"info":{"seed":"db78ac54966176b3","results":1,"page":1,"version":"1.4"}} 
 </msg>
<msg time="2024-03-26T05:13:00.293800" level="INFO">/opt/hostedtoolcache/Python/3.12.2/x64/lib/python3.12/site-packages/urllib3/connectionpool.py:1103: InsecureRequestWarning: Unverified HTTPS request is being made to host 'randomuser.me'. Adding certificate verification is strongly advised. See: https://urllib3.readthedocs.io/en/latest/advanced-usage.html#tls-warnings
  warnings.warn(</msg>
<msg time="2024-03-26T05:13:00.293935" level="INFO">${response} = &lt;Response [200]&gt;</msg>
<var>${response}</var>
<arg>consultarAPI</arg>
<arg>/api</arg>
<doc>Sends a GET request on a previously created HTTP Session.</doc>
<status status="PASS" start="2024-03-26T05:13:00.174858" elapsed="0.119119"/>
</kw>
<kw name="Set Variable" owner="BuiltIn">
<msg time="2024-03-26T05:13:00.295206" level="INFO">${json_data} = {'results': [{'gender': 'male', 'name': {'title': 'Mr', 'first': 'Nick', 'last': 'Ross'}, 'location': {'street': {'number': 1521, 'name': 'Victoria Road'}, 'city': 'Roscommon', 'state': 'Monaghan', 'c...</msg>
<var>${json_data}</var>
<arg>${response.json()}</arg>
<doc>Returns the given values which can then be assigned to a variables.</doc>
<status status="PASS" start="2024-03-26T05:13:00.294629" elapsed="0.000607"/>
</kw>
<kw name="Log" owner="BuiltIn">
<msg time="2024-03-26T05:13:00.295724" level="INFO">{'results': [{'gender': 'male', 'name': {'title': 'Mr', 'first': 'Nick', 'last': 'Ross'}, 'location': {'street': {'number': 1521, 'name': 'Victoria Road'}, 'city': 'Roscommon', 'state': 'Monaghan', 'country': 'Ireland', 'postcode': 78406, 'coordinates': {'latitude': '3.5628', 'longitude': '-26.3448'}, 'timezone': {'offset': '-10:00', 'description': 'Hawaii'}}, 'email': 'nick.ross@example.com', 'login': {'uuid': 'bc12ecbc-8134-47f0-9ca9-8aba2dc05aa7', 'username': 'purplemeercat596', 'password': 'shot', 'salt': 'HhoqC0bu', 'md5': '617448d378b2c72e9d74d03f12c1994a', 'sha1': '53ebbebbfeb2111d668d602c0e8baeeaf6e324d0', 'sha256': 'c1e87dac74c7314ce37d579c50e07a741a69472619c958c7a74655768d827ebc'}, 'dob': {'date': '1983-01-07T21:50:03.167Z', 'age': 41}, 'registered': {'date': '2016-05-31T11:55:18.914Z', 'age': 7}, 'phone': '021-870-3664', 'cell': '081-940-9042', 'id': {'name': 'PPS', 'value': '0552489T'}, 'picture': {'large': 'https://randomuser.me/api/portraits/men/63.jpg', 'medium': 'https://randomuser.me/api/portraits/med/men/63.jpg', 'thumbnail': 'https://randomuser.me/api/portraits/thumb/men/63.jpg'}, 'nat': 'IE'}], 'info': {'seed': 'db78ac54966176b3', 'results': 1, 'page': 1, 'version': '1.4'}}</msg>
<arg>${json_data}</arg>
<doc>Logs the given message with the given level.</doc>
<status status="PASS" start="2024-03-26T05:13:00.295558" elapsed="0.000215"/>
</kw>
<kw name="Dictionary Should Contain Key" owner="Collections">
<msg time="2024-03-26T05:13:00.296238" level="INFO">False</msg>
<arg>${json_data}</arg>
<arg>results</arg>
<doc>Fails if ``key`` is not found from ``dictionary``.</doc>
<status status="PASS" start="2024-03-26T05:13:00.296077" elapsed="0.000208"/>
</kw>
<kw name="Should Not Be Empty" owner="BuiltIn">
<msg time="2024-03-26T05:13:00.296736" level="INFO">Length is 2.</msg>
<arg>${json_data}</arg>
<doc>Verifies that the given item is not empty.</doc>
<status status="PASS" start="2024-03-26T05:13:00.296599" elapsed="0.000176"/>
</kw>
<kw name="Create List" owner="BuiltIn">
<msg time="2024-03-26T05:13:00.297285" level="INFO">${expected_keys} = ['gender', 'name', 'location', 'email', 'login']</msg>
<var>${expected_keys}</var>
<arg>gender</arg>
<arg>name</arg>
<arg>location</arg>
<arg>email</arg>
<arg>login</arg>
<doc>Returns a list containing given items.</doc>
<status status="PASS" start="2024-03-26T05:13:00.297121" elapsed="0.000191"/>
</kw>
<for flavor="IN">
<iter>
<kw name="Dictionary Should Contain Key" owner="Collections">
<msg time="2024-03-26T05:13:00.298362" level="INFO">False</msg>
<arg>${json_data['results'][0]}</arg>
<arg>${key}</arg>
<doc>Fails if ``key`` is not found from ``dictionary``.</doc>
<status status="PASS" start="2024-03-26T05:13:00.297928" elapsed="0.000474"/>
</kw>
<kw name="Log" owner="BuiltIn">
<msg time="2024-03-26T05:13:00.299086" level="INFO">{'gender': 'male', 'name': {'title': 'Mr', 'first': 'Nick', 'last': 'Ross'}, 'location': {'street': {'number': 1521, 'name': 'Victoria Road'}, 'city': 'Roscommon', 'state': 'Monaghan', 'country': 'Ireland', 'postcode': 78406, 'coordinates': {'latitude': '3.5628', 'longitude': '-26.3448'}, 'timezone': {'offset': '-10:00', 'description': 'Hawaii'}}, 'email': 'nick.ross@example.com', 'login': {'uuid': 'bc12ecbc-8134-47f0-9ca9-8aba2dc05aa7', 'username': 'purplemeercat596', 'password': 'shot', 'salt': 'HhoqC0bu', 'md5': '617448d378b2c72e9d74d03f12c1994a', 'sha1': '53ebbebbfeb2111d668d602c0e8baeeaf6e324d0', 'sha256': 'c1e87dac74c7314ce37d579c50e07a741a69472619c958c7a74655768d827ebc'}, 'dob': {'date': '1983-01-07T21:50:03.167Z', 'age': 41}, 'registered': {'date': '2016-05-31T11:55:18.914Z', 'age': 7}, 'phone': '021-870-3664', 'cell': '081-940-9042', 'id': {'name': 'PPS', 'value': '0552489T'}, 'picture': {'large': 'https://randomuser.me/api/portraits/men/63.jpg', 'medium': 'https://randomuser.me/api/portraits/med/men/63.jpg', 'thumbnail': 'https://randomuser.me/api/portraits/thumb/men/63.jpg'}, 'nat': 'IE'}</msg>
<arg>${json_data['results'][0]}</arg>
<doc>Logs the given message with the given level.</doc>
<status status="PASS" start="2024-03-26T05:13:00.298711" elapsed="0.000432"/>
</kw>
<kw name="Log" owner="BuiltIn">
<msg time="2024-03-26T05:13:00.299588" level="INFO">gender</msg>
<arg>${key}</arg>
<doc>Logs the given message with the given level.</doc>
<status status="PASS" start="2024-03-26T05:13:00.299456" elapsed="0.000170"/>
</kw>
<var name="${key}">gender</var>
<status status="PASS" start="2024-03-26T05:13:00.297799" elapsed="0.002050"/>
</iter>
<iter>
<kw name="Dictionary Should Contain Key" owner="Collections">
<msg time="2024-03-26T05:13:00.300550" level="INFO">False</msg>
<arg>${json_data['results'][0]}</arg>
<arg>${key}</arg>
<doc>Fails if ``key`` is not found from ``dictionary``.</doc>
<status status="PASS" start="2024-03-26T05:13:00.300163" elapsed="0.000426"/>
</kw>
<kw name="Log" owner="BuiltIn">
<msg time="2024-03-26T05:13:00.301333" level="INFO">{'gender': 'male', 'name': {'title': 'Mr', 'first': 'Nick', 'last': 'Ross'}, 'location': {'street': {'number': 1521, 'name': 'Victoria Road'}, 'city': 'Roscommon', 'state': 'Monaghan', 'country': 'Ireland', 'postcode': 78406, 'coordinates': {'latitude': '3.5628', 'longitude': '-26.3448'}, 'timezone': {'offset': '-10:00', 'description': 'Hawaii'}}, 'email': 'nick.ross@example.com', 'login': {'uuid': 'bc12ecbc-8134-47f0-9ca9-8aba2dc05aa7', 'username': 'purplemeercat596', 'password': 'shot', 'salt': 'HhoqC0bu', 'md5': '617448d378b2c72e9d74d03f12c1994a', 'sha1': '53ebbebbfeb2111d668d602c0e8baeeaf6e324d0', 'sha256': 'c1e87dac74c7314ce37d579c50e07a741a69472619c958c7a74655768d827ebc'}, 'dob': {'date': '1983-01-07T21:50:03.167Z', 'age': 41}, 'registered': {'date': '2016-05-31T11:55:18.914Z', 'age': 7}, 'phone': '021-870-3664', 'cell': '081-940-9042', 'id': {'name': 'PPS', 'value': '0552489T'}, 'picture': {'large': 'https://randomuser.me/api/portraits/men/63.jpg', 'medium': 'https://randomuser.me/api/portraits/med/men/63.jpg', 'thumbnail': 'https://randomuser.me/api/portraits/thumb/men/63.jpg'}, 'nat': 'IE'}</msg>
<arg>${json_data['results'][0]}</arg>
<doc>Logs the given message with the given level.</doc>
<status status="PASS" start="2024-03-26T05:13:00.300958" elapsed="0.000425"/>
</kw>
<kw name="Log" owner="BuiltIn">
<msg time="2024-03-26T05:13:00.301820" level="INFO">name</msg>
<arg>${key}</arg>
<doc>Logs the given message with the given level.</doc>
<status status="PASS" start="2024-03-26T05:13:00.301688" elapsed="0.000171"/>
</kw>
<var name="${key}">name</var>
<status status="PASS" start="2024-03-26T05:13:00.300047" elapsed="0.002034"/>
</iter>
<iter>
<kw name="Dictionary Should Contain Key" owner="Collections">
<msg time="2024-03-26T05:13:00.302770" level="INFO">False</msg>
<arg>${json_data['results'][0]}</arg>
<arg>${key}</arg>
<doc>Fails if ``key`` is not found from ``dictionary``.</doc>
<status status="PASS" start="2024-03-26T05:13:00.302380" elapsed="0.000429"/>
</kw>
<kw name="Log" owner="BuiltIn">
<msg time="2024-03-26T05:13:00.303491" level="INFO">{'gender': 'male', 'name': {'title': 'Mr', 'first': 'Nick', 'last': 'Ross'}, 'location': {'street': {'number': 1521, 'name': 'Victoria Road'}, 'city': 'Roscommon', 'state': 'Monaghan', 'country': 'Ireland', 'postcode': 78406, 'coordinates': {'latitude': '3.5628', 'longitude': '-26.3448'}, 'timezone': {'offset': '-10:00', 'description': 'Hawaii'}}, 'email': 'nick.ross@example.com', 'login': {'uuid': 'bc12ecbc-8134-47f0-9ca9-8aba2dc05aa7', 'username': 'purplemeercat596', 'password': 'shot', 'salt': 'HhoqC0bu', 'md5': '617448d378b2c72e9d74d03f12c1994a', 'sha1': '53ebbebbfeb2111d668d602c0e8baeeaf6e324d0', 'sha256': 'c1e87dac74c7314ce37d579c50e07a741a69472619c958c7a74655768d827ebc'}, 'dob': {'date': '1983-01-07T21:50:03.167Z', 'age': 41}, 'registered': {'date': '2016-05-31T11:55:18.914Z', 'age': 7}, 'phone': '021-870-3664', 'cell': '081-940-9042', 'id': {'name': 'PPS', 'value': '0552489T'}, 'picture': {'large': 'https://randomuser.me/api/portraits/men/63.jpg', 'medium': 'https://randomuser.me/api/portraits/med/men/63.jpg', 'thumbnail': 'https://randomuser.me/api/portraits/thumb/men/63.jpg'}, 'nat': 'IE'}</msg>
<arg>${json_data['results'][0]}</arg>
<doc>Logs the given message with the given level.</doc>
<status status="PASS" start="2024-03-26T05:13:00.303117" elapsed="0.000426"/>
</kw>
<kw name="Log" owner="BuiltIn">
<msg time="2024-03-26T05:13:00.303971" level="INFO">location</msg>
<arg>${key}</arg>
<doc>Logs the given message with the given level.</doc>
<status status="PASS" start="2024-03-26T05:13:00.303842" elapsed="0.000168"/>
</kw>
<var name="${key}">location</var>
<status status="PASS" start="2024-03-26T05:13:00.302266" elapsed="0.001962"/>
</iter>
<iter>
<kw name="Dictionary Should Contain Key" owner="Collections">
<msg time="2024-03-26T05:13:00.304924" level="INFO">False</msg>
<arg>${json_data['results'][0]}</arg>
<arg>${key}</arg>
<doc>Fails if ``key`` is not found from ``dictionary``.</doc>
<status status="PASS" start="2024-03-26T05:13:00.304519" elapsed="0.000447"/>
</kw>
<kw name="Log" owner="BuiltIn">
<msg time="2024-03-26T05:13:00.305637" level="INFO">{'gender': 'male', 'name': {'title': 'Mr', 'first': 'Nick', 'last': 'Ross'}, 'location': {'street': {'number': 1521, 'name': 'Victoria Road'}, 'city': 'Roscommon', 'state': 'Monaghan', 'country': 'Ireland', 'postcode': 78406, 'coordinates': {'latitude': '3.5628', 'longitude': '-26.3448'}, 'timezone': {'offset': '-10:00', 'description': 'Hawaii'}}, 'email': 'nick.ross@example.com', 'login': {'uuid': 'bc12ecbc-8134-47f0-9ca9-8aba2dc05aa7', 'username': 'purplemeercat596', 'password': 'shot', 'salt': 'HhoqC0bu', 'md5': '617448d378b2c72e9d74d03f12c1994a', 'sha1': '53ebbebbfeb2111d668d602c0e8baeeaf6e324d0', 'sha256': 'c1e87dac74c7314ce37d579c50e07a741a69472619c958c7a74655768d827ebc'}, 'dob': {'date': '1983-01-07T21:50:03.167Z', 'age': 41}, 'registered': {'date': '2016-05-31T11:55:18.914Z', 'age': 7}, 'phone': '021-870-3664', 'cell': '081-940-9042', 'id': {'name': 'PPS', 'value': '0552489T'}, 'picture': {'large': 'https://randomuser.me/api/portraits/men/63.jpg', 'medium': 'https://randomuser.me/api/portraits/med/men/63.jpg', 'thumbnail': 'https://randomuser.me/api/portraits/thumb/men/63.jpg'}, 'nat': 'IE'}</msg>
<arg>${json_data['results'][0]}</arg>
<doc>Logs the given message with the given level.</doc>
<status status="PASS" start="2024-03-26T05:13:00.305279" elapsed="0.000406"/>
</kw>
<kw name="Log" owner="BuiltIn">
<msg time="2024-03-26T05:13:00.306114" level="INFO">email</msg>
<arg>${key}</arg>
<doc>Logs the given message with the given level.</doc>
<status status="PASS" start="2024-03-26T05:13:00.305984" elapsed="0.000168"/>
</kw>
<var name="${key}">email</var>
<status status="PASS" start="2024-03-26T05:13:00.304406" elapsed="0.001964"/>
</iter>
<iter>
<kw name="Dictionary Should Contain Key" owner="Collections">
<msg time="2024-03-26T05:13:00.307066" level="INFO">False</msg>
<arg>${json_data['results'][0]}</arg>
<arg>${key}</arg>
<doc>Fails if ``key`` is not found from ``dictionary``.</doc>
<status status="PASS" start="2024-03-26T05:13:00.306677" elapsed="0.000427"/>
</kw>
<kw name="Log" owner="BuiltIn">
<msg time="2024-03-26T05:13:00.307761" level="INFO">{'gender': 'male', 'name': {'title': 'Mr', 'first': 'Nick', 'last': 'Ross'}, 'location': {'street': {'number': 1521, 'name': 'Victoria Road'}, 'city': 'Roscommon', 'state': 'Monaghan', 'country': 'Ireland', 'postcode': 78406, 'coordinates': {'latitude': '3.5628', 'longitude': '-26.3448'}, 'timezone': {'offset': '-10:00', 'description': 'Hawaii'}}, 'email': 'nick.ross@example.com', 'login': {'uuid': 'bc12ecbc-8134-47f0-9ca9-8aba2dc05aa7', 'username': 'purplemeercat596', 'password': 'shot', 'salt': 'HhoqC0bu', 'md5': '617448d378b2c72e9d74d03f12c1994a', 'sha1': '53ebbebbfeb2111d668d602c0e8baeeaf6e324d0', 'sha256': 'c1e87dac74c7314ce37d579c50e07a741a69472619c958c7a74655768d827ebc'}, 'dob': {'date': '1983-01-07T21:50:03.167Z', 'age': 41}, 'registered': {'date': '2016-05-31T11:55:18.914Z', 'age': 7}, 'phone': '021-870-3664', 'cell': '081-940-9042', 'id': {'name': 'PPS', 'value': '0552489T'}, 'picture': {'large': 'https://randomuser.me/api/portraits/men/63.jpg', 'medium': 'https://randomuser.me/api/portraits/med/men/63.jpg', 'thumbnail': 'https://randomuser.me/api/portraits/thumb/men/63.jpg'}, 'nat': 'IE'}</msg>
<arg>${json_data['results'][0]}</arg>
<doc>Logs the given message with the given level.</doc>
<status status="PASS" start="2024-03-26T05:13:00.307399" elapsed="0.000408"/>
</kw>
<kw name="Log" owner="BuiltIn">
<msg time="2024-03-26T05:13:00.308228" level="INFO">login</msg>
<arg>${key}</arg>
<doc>Logs the given message with the given level.</doc>
<status status="PASS" start="2024-03-26T05:13:00.308101" elapsed="0.000296"/>
</kw>
<var name="${key}">login</var>
<status status="PASS" start="2024-03-26T05:13:00.306546" elapsed="0.002082"/>
</iter>
<var>${key}</var>
<value>@{expected_keys}</value>
<status status="PASS" start="2024-03-26T05:13:00.297591" elapsed="0.011164"/>
</for>
<kw name="Create List" owner="BuiltIn">
<msg time="2024-03-26T05:13:00.309200" level="INFO">${expected_keysTwo} = ['username', 'password']</msg>
<var>${expected_keysTwo}</var>
<arg>username</arg>
<arg>password</arg>
<doc>Returns a list containing given items.</doc>
<status status="PASS" start="2024-03-26T05:13:00.309019" elapsed="0.000206"/>
</kw>
<for flavor="IN">
<iter>
<kw name="Dictionary Should Contain Key" owner="Collections">
<msg time="2024-03-26T05:13:00.310139" level="INFO">False</msg>
<arg>${json_data['results'][0]['login']}</arg>
<arg>${keyTwo}</arg>
<doc>Fails if ``key`` is not found from ``dictionary``.</doc>
<status status="PASS" start="2024-03-26T05:13:00.309749" elapsed="0.000428"/>
</kw>
<kw name="Dictionary Should Contain Key" owner="Collections">
<msg time="2024-03-26T05:13:00.310861" level="INFO">False</msg>
<arg>${json_data['results'][0]['login']}</arg>
<arg>${keyTwo}</arg>
<doc>Fails if ``key`` is not found from ``dictionary``.</doc>
<status status="PASS" start="2024-03-26T05:13:00.310480" elapsed="0.000419"/>
</kw>
<kw name="Log" owner="BuiltIn">
<msg time="2024-03-26T05:13:00.311335" level="INFO">username</msg>
<arg>${keyTwo}</arg>
<doc>Logs the given message with the given level.</doc>
<status status="PASS" start="2024-03-26T05:13:00.311196" elapsed="0.000177"/>
</kw>
<var name="${keyTwo}">username</var>
<status status="PASS" start="2024-03-26T05:13:00.309637" elapsed="0.001952"/>
</iter>
<iter>
<kw name="Dictionary Should Contain Key" owner="Collections">
<msg time="2024-03-26T05:13:00.312260" level="INFO">False</msg>
<arg>${json_data['results'][0]['login']}</arg>
<arg>${keyTwo}</arg>
<doc>Fails if ``key`` is not found from ``dictionary``.</doc>
<status status="PASS" start="2024-03-26T05:13:00.311878" elapsed="0.000420"/>
</kw>
<kw name="Dictionary Should Contain Key" owner="Collections">
<msg time="2024-03-26T05:13:00.313040" level="INFO">False</msg>
<arg>${json_data['results'][0]['login']}</arg>
<arg>${keyTwo}</arg>
<doc>Fails if ``key`` is not found from ``dictionary``.</doc>
<status status="PASS" start="2024-03-26T05:13:00.312621" elapsed="0.000457"/>
</kw>
<kw name="Log" owner="BuiltIn">
<msg time="2024-03-26T05:13:00.313506" level="INFO">password</msg>
<arg>${keyTwo}</arg>
<doc>Logs the given message with the given level.</doc>
<status status="PASS" start="2024-03-26T05:13:00.313376" elapsed="0.000169"/>
</kw>
<var name="${keyTwo}">password</var>
<status status="PASS" start="2024-03-26T05:13:00.311766" elapsed="0.001998"/>
</iter>
<var>${keyTwo}</var>
<value>@{expected_keysTwo}</value>
<status status="PASS" start="2024-03-26T05:13:00.309476" elapsed="0.004411"/>
</for>
<status status="PASS" start="2024-03-26T05:13:00.174571" elapsed="0.139463"/>
</kw>
<doc>Testa a estrutura da resposta da API.</doc>
<tag>testeEstruturaResposta</tag>
<status status="PASS" start="2024-03-26T05:13:00.173762" elapsed="0.140445"/>
</test>
<test id="s1-s1-t4" name="Validar tipos de dados" line="28">
<kw name="Teste de Tipos de Dados" owner="random-user-service">
<kw name="GET On Session" owner="RequestsLibrary">
<msg time="2024-03-26T05:13:00.423328" level="INFO">GET Request : url=https://randomuser.me/api 
 path_url=/api 
 headers={'User-Agent': 'python-requests/2.31.0', 'Accept-Encoding': 'gzip, deflate', 'Accept': '*/*', 'Connection': 'keep-alive'} 
 body=None 
 </msg>
<msg time="2024-03-26T05:13:00.423449" level="INFO">GET Response : url=https://randomuser.me/api 
 status=200, reason=OK 
 headers={'Date': 'Tue, 26 Mar 2024 05:13:00 GMT', 'Content-Type': 'application/json; charset=utf-8', 'Transfer-Encoding': 'chunked', 'Connection': 'keep-alive', 'X-Powered-By': 'Express', 'Access-Control-Allow-Origin': '*', 'Cache-Control': 'no-cache', 'ETag': 'W/"45e-L+hcs71ejgAdQQj/MH063aaiwls"', 'Vary': 'Accept-Encoding', 'Content-Encoding': 'gzip', 'CF-Cache-Status': 'DYNAMIC', 'Report-To': '{"endpoints":[{"url":"https:\\/\\/a.nel.cloudflare.com\\/report\\/v4?s=RAb6j5NHIt65zhlNe9cqQ6kuiylpOqrianWSNeyZ3sAhHalVaQ%2BQAXgC7QiOS8Zx7ALB8PK58ef%2FOO7puG3dPO1vlGGGLfypiunbqWZQLB6Y77mouiR9Ow6FSZnmv%2Bn3"}],"group":"cf-nel","max_age":604800}', 'NEL': '{"success_fraction":0,"report_to":"cf-nel","max_age":604800}', 'Server': 'cloudflare', 'CF-RAY': '86a4a620fe71e14b-ORD', 'alt-svc': 'h3=":443"; ma=86400'} 
 body={"results":[{"gender":"male","name":{"title":"Mr","first":"Macit","last":"Günday"},"location":{"street":{"number":7185,"name":"Bağdat Cd"},"city":"Ankara","state":"Sinop","country":"Turkey","postcode":91894,"coordinates":{"latitude":"66.3970","longitude":"-26.0056"},"timezone":{"offset":"-10:00","description":"Hawaii"}},"email":"macit.gunday@example.com","login":{"uuid":"a61bd1be-8352-4555-b150-c57d39d268e9","username":"greenbird803","password":"badgers","salt":"GouituwR","md5":"db91a7416c06bb871c697c51a49e463b","sha1":"9633788d578b6f8ef4193e91ae68a1a3d12c35c0","sha256":"516057ca35030a56042ec3f0ce5b6ce2441cda2a531908c182b3b0f5ae5969e9"},"dob":{"date":"1963-11-07T07:31:52.160Z","age":60},"registered":{"date":"2011-04-01T10:07:45.348Z","age":12},"phone":"(258)-145-9569","cell":"(474)-246-0766","id":{"name":"","value":null},"picture":{"large":"https://randomuser.me/api/portraits/men/87.jpg","medium":"https://randomuser.me/api/portraits/med/men/87.jpg","thumbnail":"https://randomuser.me/api/portraits/thumb/men/87.jpg"},"nat":"TR"}],"info":{"seed":"601dcded223185ee","results":1,"page":1,"version":"1.4"}} 
 </msg>
<msg time="2024-03-26T05:13:00.423533" level="INFO">/opt/hostedtoolcache/Python/3.12.2/x64/lib/python3.12/site-packages/urllib3/connectionpool.py:1103: InsecureRequestWarning: Unverified HTTPS request is being made to host 'randomuser.me'. Adding certificate verification is strongly advised. See: https://urllib3.readthedocs.io/en/latest/advanced-usage.html#tls-warnings
  warnings.warn(</msg>
<msg time="2024-03-26T05:13:00.423673" level="INFO">${response} = &lt;Response [200]&gt;</msg>
<var>${response}</var>
<arg>consultarAPI</arg>
<arg>/api</arg>
<doc>Sends a GET request on a previously created HTTP Session.</doc>
<status status="PASS" start="2024-03-26T05:13:00.316931" elapsed="0.106783"/>
</kw>
<kw name="Set Variable" owner="BuiltIn">
<msg time="2024-03-26T05:13:00.424827" level="INFO">${json_data} = {'results': [{'gender': 'male', 'name': {'title': 'Mr', 'first': 'Macit', 'last': 'Günday'}, 'location': {'street': {'number': 7185, 'name': 'Bağdat Cd'}, 'city': 'Ankara', 'state': 'Sinop', 'country'...</msg>
<var>${json_data}</var>
<arg>${response.json()}</arg>
<doc>Returns the given values which can then be assigned to a variables.</doc>
<status status="PASS" start="2024-03-26T05:13:00.424285" elapsed="0.000573"/>
</kw>
<kw name="Log" owner="BuiltIn">
<msg time="2024-03-26T05:13:00.425448" level="INFO">{'results': [{'gender': 'male', 'name': {'title': 'Mr', 'first': 'Macit', 'last': 'Günday'}, 'location': {'street': {'number': 7185, 'name': 'Bağdat Cd'}, 'city': 'Ankara', 'state': 'Sinop', 'country': 'Turkey', 'postcode': 91894, 'coordinates': {'latitude': '66.3970', 'longitude': '-26.0056'}, 'timezone': {'offset': '-10:00', 'description': 'Hawaii'}}, 'email': 'macit.gunday@example.com', 'login': {'uuid': 'a61bd1be-8352-4555-b150-c57d39d268e9', 'username': 'greenbird803', 'password': 'badgers', 'salt': 'GouituwR', 'md5': 'db91a7416c06bb871c697c51a49e463b', 'sha1': '9633788d578b6f8ef4193e91ae68a1a3d12c35c0', 'sha256': '516057ca35030a56042ec3f0ce5b6ce2441cda2a531908c182b3b0f5ae5969e9'}, 'dob': {'date': '1963-11-07T07:31:52.160Z', 'age': 60}, 'registered': {'date': '2011-04-01T10:07:45.348Z', 'age': 12}, 'phone': '(258)-145-9569', 'cell': '(474)-246-0766', 'id': {'name': '', 'value': None}, 'picture': {'large': 'https://randomuser.me/api/portraits/men/87.jpg', 'medium': 'https://randomuser.me/api/portraits/med/men/87.jpg', 'thumbnail': 'https://randomuser.me/api/portraits/thumb/men/87.jpg'}, 'nat': 'TR'}], 'info': {'seed': '601dcded223185ee', 'results': 1, 'page': 1, 'version': '1.4'}}</msg>
<arg>${json_data}</arg>
<doc>Logs the given message with the given level.</doc>
<status status="PASS" start="2024-03-26T05:13:00.425273" elapsed="0.000226"/>
</kw>
<kw name="Should Be String" owner="String">
<arg>${json_data['results'][0]['gender']}</arg>
<doc>Fails if the given ``item`` is not a string.</doc>
<status status="PASS" start="2024-03-26T05:13:00.425802" elapsed="0.000377"/>
</kw>
<kw name="Should Match Regexp" owner="BuiltIn">
<arg>${json_data['results'][0]['email']}</arg>
<arg>^[a-zA-Z0-9._%+-]+@[a-zA-Z0-9.-]+\.[a-zA-Z]{2,}$</arg>
<doc>Fails if ``string`` does not match ``pattern`` as a regular expression.</doc>
<status status="PASS" start="2024-03-26T05:13:00.426415" elapsed="0.000543"/>
</kw>
<kw name="Should Match Regexp" owner="BuiltIn">
<arg>${json_data['results'][0]['dob']['date']}</arg>
<arg>\\d{4}-\\d{2}-\\d{2}T\\d{2}:\\d{2}:\\d{2}\\.\\d{3}Z</arg>
<doc>Fails if ``string`` does not match ``pattern`` as a regular expression.</doc>
<status status="PASS" start="2024-03-26T05:13:00.427160" elapsed="0.000491"/>
</kw>
<kw name="Should Match Regexp" owner="BuiltIn">
<arg>${json_data['results'][0]['registered']['date']}</arg>
<arg>\\d{4}-\\d{2}-\\d{2}T\\d{2}:\\d{2}:\\d{2}\\.\\d{3}Z</arg>
<doc>Fails if ``string`` does not match ``pattern`` as a regular expression.</doc>
<status status="PASS" start="2024-03-26T05:13:00.427844" elapsed="0.000379"/>
</kw>
<kw name="Should Match Regexp" owner="BuiltIn">
<arg>${json_data['results'][0]['picture']['large']}</arg>
<arg>^https?://.*\.(?:png|jpe?g|gif|bmp)$</arg>
<doc>Fails if ``string`` does not match ``pattern`` as a regular expression.</doc>
<status status="PASS" start="2024-03-26T05:13:00.428411" elapsed="0.000458"/>
</kw>
<kw name="Should Match Regexp" owner="BuiltIn">
<arg>${json_data['results'][0]['picture']['medium']}</arg>
<arg>^https?://.*\.(?:png|jpe?g|gif|bmp)$</arg>
<doc>Fails if ``string`` does not match ``pattern`` as a regular expression.</doc>
<status status="PASS" start="2024-03-26T05:13:00.429095" elapsed="0.000363"/>
</kw>
<kw name="Should Match Regexp" owner="BuiltIn">
<arg>${json_data['results'][0]['picture']['thumbnail']}</arg>
<arg>^https?://.*\.(?:png|jpe?g|gif|bmp)$</arg>
<doc>Fails if ``string`` does not match ``pattern`` as a regular expression.</doc>
<status status="PASS" start="2024-03-26T05:13:00.429645" elapsed="0.000351"/>
</kw>
<kw name="Log" owner="BuiltIn">
<msg time="2024-03-26T05:13:00.430512" level="INFO">{'large': 'https://randomuser.me/api/portraits/men/87.jpg', 'medium': 'https://randomuser.me/api/portraits/med/men/87.jpg', 'thumbnail': 'https://randomuser.me/api/portraits/thumb/men/87.jpg'}</msg>
<arg>${json_data['results'][0]['picture']}</arg>
<doc>Logs the given message with the given level.</doc>
<status status="PASS" start="2024-03-26T05:13:00.430180" elapsed="0.000379"/>
</kw>
<status status="PASS" start="2024-03-26T05:13:00.316666" elapsed="0.114155"/>
</kw>
<kw name="Teste de Tipos de Dados - Postcode" owner="random-user-service">
<kw name="GET On Session" owner="RequestsLibrary">
<msg time="2024-03-26T05:13:00.554630" level="INFO">GET Request : url=https://randomuser.me/api 
 path_url=/api 
 headers={'User-Agent': 'python-requests/2.31.0', 'Accept-Encoding': 'gzip, deflate', 'Accept': '*/*', 'Connection': 'keep-alive'} 
 body=None 
 </msg>
<msg time="2024-03-26T05:13:00.554748" level="INFO">GET Response : url=https://randomuser.me/api 
 status=200, reason=OK 
 headers={'Date': 'Tue, 26 Mar 2024 05:13:00 GMT', 'Content-Type': 'application/json; charset=utf-8', 'Transfer-Encoding': 'chunked', 'Connection': 'keep-alive', 'X-Powered-By': 'Express', 'Access-Control-Allow-Origin': '*', 'Cache-Control': 'no-cache', 'ETag': 'W/"4b0-ywUMTotyuT1U0u1Yiw4Z0YyFbrc"', 'Vary': 'Accept-Encoding', 'Content-Encoding': 'gzip', 'CF-Cache-Status': 'DYNAMIC', 'Report-To': '{"endpoints":[{"url":"https:\\/\\/a.nel.cloudflare.com\\/report\\/v4?s=Kbhwvoyz88t85eI6AL9uyDNP7iwIvqUMxnwL1UtWLAREkBI0Qdoij1MjWDk%2BeLf5856NzXrfWFgUDgvIEWfYuXpNvPByrJqKsi8EtpOuJS6TL3MlzIljGDtweUxz5oY9"}],"group":"cf-nel","max_age":604800}', 'NEL': '{"success_fraction":0,"report_to":"cf-nel","max_age":604800}', 'Server': 'cloudflare', 'CF-RAY': '86a4a621af2fe14b-ORD', 'alt-svc': 'h3=":443"; ma=86400'} 
 body={"results":[{"gender":"male","name":{"title":"Mr","first":"Vicente","last":"Villareal"},"location":{"street":{"number":7457,"name":"Calzada Tamaulipas"},"city":"San Felipe (El Chilarillo)","state":"Jalisco","country":"Mexico","postcode":27555,"coordinates":{"latitude":"24.5062","longitude":"-13.4258"},"timezone":{"offset":"-4:00","description":"Atlantic Time (Canada), Caracas, La Paz"}},"email":"vicente.villareal@example.com","login":{"uuid":"ff4b4a73-03d4-4222-9514-5a1f0b080d52","username":"bigfish397","password":"free","salt":"coYplklJ","md5":"6b9bc1fd80c239144e6ee83aa426922f","sha1":"725748f0da63daafaa43c5fc15e11d0138017a2c","sha256":"63e003705af27e54652e4431e8480b4a20bc3c27ccd4690f45baa88553c32d06"},"dob":{"date":"1983-04-19T10:18:18.627Z","age":40},"registered":{"date":"2003-09-06T11:32:16.319Z","age":20},"phone":"(607) 050 8319","cell":"(621) 776 9703","id":{"name":"NSS","value":"29 13 08 9002 1"},"picture":{"large":"https://randomuser.me/api/portraits/men/98.jpg","medium":"https://randomuser.me/api/portraits/med/men/98.jpg","thumbnail":"https://randomuser.me/api/portraits/thumb/men/98.jpg"},"nat":"MX"}],"info":{"seed":"d120f4ac5e9edf71","results":1,"page":1,"version":"1.4"}} 
 </msg>
<msg time="2024-03-26T05:13:00.554848" level="INFO">/opt/hostedtoolcache/Python/3.12.2/x64/lib/python3.12/site-packages/urllib3/connectionpool.py:1103: InsecureRequestWarning: Unverified HTTPS request is being made to host 'randomuser.me'. Adding certificate verification is strongly advised. See: https://urllib3.readthedocs.io/en/latest/advanced-usage.html#tls-warnings
  warnings.warn(</msg>
<msg time="2024-03-26T05:13:00.554979" level="INFO">${response} = &lt;Response [200]&gt;</msg>
<var>${response}</var>
<arg>consultarAPI</arg>
<arg>/api</arg>
<doc>Sends a GET request on a previously created HTTP Session.</doc>
<status status="PASS" start="2024-03-26T05:13:00.431461" elapsed="0.123556"/>
</kw>
<kw name="Set Variable" owner="BuiltIn">
<msg time="2024-03-26T05:13:00.556077" level="INFO">${json_data} = {'results': [{'gender': 'male', 'name': {'title': 'Mr', 'first': 'Vicente', 'last': 'Villareal'}, 'location': {'street': {'number': 7457, 'name': 'Calzada Tamaulipas'}, 'city': 'San Felipe (El Chilari...</msg>
<var>${json_data}</var>
<arg>${response.json()}</arg>
<doc>Returns the given values which can then be assigned to a variables.</doc>
<status status="PASS" start="2024-03-26T05:13:00.555564" elapsed="0.000541"/>
</kw>
<kw name="Log" owner="BuiltIn">
<msg time="2024-03-26T05:13:00.556576" level="INFO">{'results': [{'gender': 'male', 'name': {'title': 'Mr', 'first': 'Vicente', 'last': 'Villareal'}, 'location': {'street': {'number': 7457, 'name': 'Calzada Tamaulipas'}, 'city': 'San Felipe (El Chilarillo)', 'state': 'Jalisco', 'country': 'Mexico', 'postcode': 27555, 'coordinates': {'latitude': '24.5062', 'longitude': '-13.4258'}, 'timezone': {'offset': '-4:00', 'description': 'Atlantic Time (Canada), Caracas, La Paz'}}, 'email': 'vicente.villareal@example.com', 'login': {'uuid': 'ff4b4a73-03d4-4222-9514-5a1f0b080d52', 'username': 'bigfish397', 'password': 'free', 'salt': 'coYplklJ', 'md5': '6b9bc1fd80c239144e6ee83aa426922f', 'sha1': '725748f0da63daafaa43c5fc15e11d0138017a2c', 'sha256': '63e003705af27e54652e4431e8480b4a20bc3c27ccd4690f45baa88553c32d06'}, 'dob': {'date': '1983-04-19T10:18:18.627Z', 'age': 40}, 'registered': {'date': '2003-09-06T11:32:16.319Z', 'age': 20}, 'phone': '(607) 050 8319', 'cell': '(621) 776 9703', 'id': {'name': 'NSS', 'value': '29 13 08 9002 1'}, 'picture': {'large': 'https://randomuser.me/api/portraits/men/98.jpg', 'medium': 'https://randomuser.me/api/portraits/med/men/98.jpg', 'thumbnail': 'https://randomuser.me/api/portraits/thumb/men/98.jpg'}, 'nat': 'MX'}], 'info': {'seed': 'd120f4ac5e9edf71', 'results': 1, 'page': 1, 'version': '1.4'}}</msg>
<arg>${json_data}</arg>
<doc>Logs the given message with the given level.</doc>
<status status="PASS" start="2024-03-26T05:13:00.556417" elapsed="0.000205"/>
</kw>
<kw name="Should Be Equal As Numbers" owner="BuiltIn">
<arg>${json_data['results'][0]['location']['postcode']}</arg>
<arg>${json_data['results'][0]['location']['postcode']}</arg>
<doc>Fails if objects are unequal after converting them to real numbers.</doc>
<status status="PASS" start="2024-03-26T05:13:00.556970" elapsed="0.000630"/>
</kw>
<kw name="Log" owner="BuiltIn">
<msg time="2024-03-26T05:13:00.558174" level="INFO">27555</msg>
<arg>${json_data['results'][0]['location']['postcode']}</arg>
<doc>Logs the given message with the given level.</doc>
<status status="PASS" start="2024-03-26T05:13:00.557827" elapsed="0.000387"/>
</kw>
<status status="PASS" start="2024-03-26T05:13:00.431059" elapsed="0.127415"/>
</kw>
<doc>Testa se os tipos de dados na resposta da API estão corretos.</doc>
<tag>testeTiposDados</tag>
<status status="PASS" start="2024-03-26T05:13:00.316072" elapsed="0.242577"/>
</test>
<test id="s1-s1-t5" name="Validar conteudo" line="35">
<kw name="Teste de Tipos de Conteudo" owner="random-user-service">
<kw name="GET On Session" owner="RequestsLibrary">
<msg time="2024-03-26T05:13:00.666366" level="INFO">GET Request : url=https://randomuser.me/api 
 path_url=/api 
 headers={'User-Agent': 'python-requests/2.31.0', 'Accept-Encoding': 'gzip, deflate', 'Accept': '*/*', 'Connection': 'keep-alive'} 
 body=None 
 </msg>
<msg time="2024-03-26T05:13:00.666468" level="INFO">GET Response : url=https://randomuser.me/api 
 status=200, reason=OK 
 headers={'Date': 'Tue, 26 Mar 2024 05:13:00 GMT', 'Content-Type': 'application/json; charset=utf-8', 'Transfer-Encoding': 'chunked', 'Connection': 'keep-alive', 'X-Powered-By': 'Express', 'Access-Control-Allow-Origin': '*', 'Cache-Control': 'no-cache', 'ETag': 'W/"48a-suljLj5YRa3RZYIXtAj3P7+LCyg"', 'Vary': 'Accept-Encoding', 'Content-Encoding': 'gzip', 'CF-Cache-Status': 'DYNAMIC', 'Report-To': '{"endpoints":[{"url":"https:\\/\\/a.nel.cloudflare.com\\/report\\/v4?s=0WOX5emnbE80UuTf%2FNRNIJ5O8MBQ17ZA%2FuFwzlaborP%2FvzizYBvVBATlXH%2BAv8RAnD%2F%2BRW3U%2BWdURm93REOeEaJODyoJQvgPhXdijmspHBjklkRL6iMGHdVaHLXFHptn"}],"group":"cf-nel","max_age":604800}', 'NEL': '{"success_fraction":0,"report_to":"cf-nel","max_age":604800}', 'Server': 'cloudflare', 'CF-RAY': '86a4a6227fdbe14b-ORD', 'alt-svc': 'h3=":443"; ma=86400'} 
 body={"results":[{"gender":"male","name":{"title":"Mr","first":"Jakob","last":"Seglem"},"location":{"street":{"number":8657,"name":"Norderhovgata"},"city":"Folkestad","state":"Finnmark - Finnmárku","country":"Norway","postcode":"4576","coordinates":{"latitude":"46.2336","longitude":"-75.0450"},"timezone":{"offset":"-3:00","description":"Brazil, Buenos Aires, Georgetown"}},"email":"jakob.seglem@example.com","login":{"uuid":"6b5d9244-0bc0-4100-872d-8dc763770137","username":"bigswan559","password":"jackson5","salt":"cUXbfaaH","md5":"262428c1f879c2d00c58632c5a7dd376","sha1":"71d74c5946eebdf4139723d3eed7d23af1cda4a1","sha256":"20ec27273c792da28ce93265194e43b94d63f8db71eb9d6d2ca9b897dc649a3f"},"dob":{"date":"1992-10-07T10:56:52.105Z","age":31},"registered":{"date":"2018-01-15T19:19:59.123Z","age":6},"phone":"52440124","cell":"47711426","id":{"name":"FN","value":"07109238524"},"picture":{"large":"https://randomuser.me/api/portraits/men/46.jpg","medium":"https://randomuser.me/api/portraits/med/men/46.jpg","thumbnail":"https://randomuser.me/api/portraits/thumb/men/46.jpg"},"nat":"NO"}],"info":{"seed":"7a6b62d30b821d9b","results":1,"page":1,"version":"1.4"}} 
 </msg>
<msg time="2024-03-26T05:13:00.666536" level="INFO">/opt/hostedtoolcache/Python/3.12.2/x64/lib/python3.12/site-packages/urllib3/connectionpool.py:1103: InsecureRequestWarning: Unverified HTTPS request is being made to host 'randomuser.me'. Adding certificate verification is strongly advised. See: https://urllib3.readthedocs.io/en/latest/advanced-usage.html#tls-warnings
  warnings.warn(</msg>
<msg time="2024-03-26T05:13:00.666665" level="INFO">${response} = &lt;Response [200]&gt;</msg>
<var>${response}</var>
<arg>consultarAPI</arg>
<arg>/api</arg>
<doc>Sends a GET request on a previously created HTTP Session.</doc>
<status status="PASS" start="2024-03-26T05:13:00.561124" elapsed="0.105580"/>
</kw>
<kw name="Set Variable" owner="BuiltIn">
<msg time="2024-03-26T05:13:00.667915" level="INFO">${json_data} = {'results': [{'gender': 'male', 'name': {'title': 'Mr', 'first': 'Jakob', 'last': 'Seglem'}, 'location': {'street': {'number': 8657, 'name': 'Norderhovgata'}, 'city': 'Folkestad', 'state': 'Finnmark -...</msg>
<var>${json_data}</var>
<arg>${response.json()}</arg>
<doc>Returns the given values which can then be assigned to a variables.</doc>
<status status="PASS" start="2024-03-26T05:13:00.667350" elapsed="0.000594"/>
</kw>
<kw name="Set Variable" owner="BuiltIn">
<msg time="2024-03-26T05:13:00.668640" level="INFO">${name_title} = Mr</msg>
<var>${name_title}</var>
<arg>${json_data["results"][0]["name"]["title"]}</arg>
<doc>Returns the given values which can then be assigned to a variables.</doc>
<status status="PASS" start="2024-03-26T05:13:00.668255" elapsed="0.000410"/>
</kw>
<kw name="Create List" owner="BuiltIn">
<msg time="2024-03-26T05:13:00.669176" level="INFO">${allowed_titles} = ['Mr', 'Ms', 'Miss', 'Mrs', 'Madame', 'Monsieur']</msg>
<var>${allowed_titles}</var>
<arg>Mr</arg>
<arg>Ms</arg>
<arg>Miss</arg>
<arg>Mrs</arg>
<arg>Madame</arg>
<arg>Monsieur</arg>
<doc>Returns a list containing given items.</doc>
<status status="PASS" start="2024-03-26T05:13:00.669022" elapsed="0.000178"/>
</kw>
<kw name="List Should Contain Value" owner="Collections">
<msg time="2024-03-26T05:13:00.669701" level="INFO">False</msg>
<arg>${allowed_titles}</arg>
<arg>${name_title}</arg>
<doc>Fails if the ``value`` is not found from ``list``.</doc>
<status status="PASS" start="2024-03-26T05:13:00.669513" elapsed="0.000225"/>
</kw>
<kw name="Set Variable" owner="BuiltIn">
<msg time="2024-03-26T05:13:00.670406" level="INFO">${name_country} = NO</msg>
<var>${name_country}</var>
<arg>${json_data["results"][0]["nat"]}</arg>
<doc>Returns the given values which can then be assigned to a variables.</doc>
<status status="PASS" start="2024-03-26T05:13:00.670028" elapsed="0.000402"/>
</kw>
<kw name="Create List" owner="BuiltIn">
<msg time="2024-03-26T05:13:00.671348" level="INFO">${list_country} = ['AD', 'AE', 'AF', 'AG', 'AI', 'AL', 'AM', 'AO', 'AQ', 'AR', 'AS', 'AT', 'AU', 'AW', 'AX', 'AZ', 'BA', 'BB', 'BD', 'BE', 'BF', 'BG', 'BH', 'BI', 'BJ', 'BL', 'BM', 'BN', 'BO', 'BQ', 'BR', 'BS', 'BT', '...</msg>
<var>${list_country}</var>
<arg>AD</arg>
<arg>AE</arg>
<arg>AF</arg>
<arg>AG</arg>
<arg>AI</arg>
<arg>AL</arg>
<arg>AM</arg>
<arg>AO</arg>
<arg>AQ</arg>
<arg>AR</arg>
<arg>AS</arg>
<arg>AT</arg>
<arg>AU</arg>
<arg>AW</arg>
<arg>AX</arg>
<arg>AZ</arg>
<arg>BA</arg>
<arg>BB</arg>
<arg>BD</arg>
<arg>BE</arg>
<arg>BF</arg>
<arg>BG</arg>
<arg>BH</arg>
<arg>BI</arg>
<arg>BJ</arg>
<arg>BL</arg>
<arg>BM</arg>
<arg>BN</arg>
<arg>BO</arg>
<arg>BQ</arg>
<arg>BR</arg>
<arg>BS</arg>
<arg>BT</arg>
<arg>BV</arg>
<arg>BW</arg>
<arg>BY</arg>
<arg>BZ</arg>
<arg>CA</arg>
<arg>CC</arg>
<arg>CD</arg>
<arg>CF</arg>
<arg>CG</arg>
<arg>CH</arg>
<arg>CI</arg>
<arg>CK</arg>
<arg>CL</arg>
<arg>CM</arg>
<arg>CN</arg>
<arg>CO</arg>
<arg>CR</arg>
<arg>CU</arg>
<arg>CV</arg>
<arg>CW</arg>
<arg>CX</arg>
<arg>CY</arg>
<arg>CZ</arg>
<arg>DE</arg>
<arg>DJ</arg>
<arg>DK</arg>
<arg>DM</arg>
<arg>DO</arg>
<arg>DZ</arg>
<arg>EC</arg>
<arg>EE</arg>
<arg>EG</arg>
<arg>EH</arg>
<arg>ER</arg>
<arg>ES</arg>
<arg>ET</arg>
<arg>FI</arg>
<arg>FJ</arg>
<arg>FK</arg>
<arg>FM</arg>
<arg>FO</arg>
<arg>FR</arg>
<arg>GA</arg>
<arg>GB</arg>
<arg>GD</arg>
<arg>GE</arg>
<arg>GF</arg>
<arg>GG</arg>
<arg>GH</arg>
<arg>GI</arg>
<arg>GL</arg>
<arg>GM</arg>
<arg>GN</arg>
<arg>GP</arg>
<arg>GQ</arg>
<arg>GR</arg>
<arg>GS</arg>
<arg>GT</arg>
<arg>GU</arg>
<arg>GW</arg>
<arg>GY</arg>
<arg>HK</arg>
<arg>HM</arg>
<arg>HN</arg>
<arg>HR</arg>
<arg>HT</arg>
<arg>HU</arg>
<arg>ID</arg>
<arg>IE</arg>
<arg>IL</arg>
<arg>IM</arg>
<arg>IN</arg>
<arg>IO</arg>
<arg>IQ</arg>
<arg>IR</arg>
<arg>IS</arg>
<arg>IT</arg>
<arg>JE</arg>
<arg>JM</arg>
<arg>JO</arg>
<arg>JP</arg>
<arg>KE</arg>
<arg>KG</arg>
<arg>KH</arg>
<arg>KI</arg>
<arg>KM</arg>
<arg>KN</arg>
<arg>KP</arg>
<arg>KR</arg>
<arg>KW</arg>
<arg>KY</arg>
<arg>KZ</arg>
<arg>LA</arg>
<arg>LB</arg>
<arg>LC</arg>
<arg>LI</arg>
<arg>LK</arg>
<arg>LR</arg>
<arg>LS</arg>
<arg>LT</arg>
<arg>LU</arg>
<arg>LV</arg>
<arg>LY</arg>
<arg>MA</arg>
<arg>MC</arg>
<arg>MD</arg>
<arg>ME</arg>
<arg>MF</arg>
<arg>MG</arg>
<arg>MH</arg>
<arg>MK</arg>
<arg>ML</arg>
<arg>MM</arg>
<arg>MN</arg>
<arg>MO</arg>
<arg>MP</arg>
<arg>MQ</arg>
<arg>MR</arg>
<arg>MS</arg>
<arg>MT</arg>
<arg>MU</arg>
<arg>MV</arg>
<arg>MW</arg>
<arg>MX</arg>
<arg>MY</arg>
<arg>MZ</arg>
<arg>NA</arg>
<arg>NC</arg>
<arg>NE</arg>
<arg>NF</arg>
<arg>NG</arg>
<arg>NI</arg>
<arg>NL</arg>
<arg>NO</arg>
<arg>NP</arg>
<arg>NR</arg>
<arg>NU</arg>
<arg>NZ</arg>
<arg>OM</arg>
<arg>PA</arg>
<arg>PE</arg>
<arg>PF</arg>
<arg>PG</arg>
<arg>PH</arg>
<arg>PK</arg>
<arg>PL</arg>
<arg>PM</arg>
<arg>PN</arg>
<arg>PR</arg>
<arg>PS</arg>
<arg>PT</arg>
<arg>PW</arg>
<arg>PY</arg>
<arg>QA</arg>
<arg>RE</arg>
<arg>RO</arg>
<arg>RS</arg>
<arg>RU</arg>
<arg>RW</arg>
<arg>SA</arg>
<arg>SB</arg>
<arg>SC</arg>
<arg>SD</arg>
<arg>SE</arg>
<arg>SG</arg>
<arg>SH</arg>
<arg>SI</arg>
<arg>SJ</arg>
<arg>SK</arg>
<arg>SL</arg>
<arg>SM</arg>
<arg>SN</arg>
<arg>SO</arg>
<arg>SR</arg>
<arg>SS</arg>
<arg>ST</arg>
<arg>SV</arg>
<arg>SX</arg>
<arg>SY</arg>
<arg>SZ</arg>
<arg>TC</arg>
<arg>TD</arg>
<arg>TF</arg>
<arg>TG</arg>
<arg>TH</arg>
<arg>TJ</arg>
<arg>TK</arg>
<arg>TL</arg>
<arg>TM</arg>
<arg>TN</arg>
<arg>TO</arg>
<arg>TR</arg>
<arg>TT</arg>
<arg>TV</arg>
<arg>TW</arg>
<arg>TZ</arg>
<arg>UA</arg>
<arg>UG</arg>
<arg>UM</arg>
<arg>US</arg>
<arg>UY</arg>
<arg>UZ</arg>
<arg>VA</arg>
<arg>VC</arg>
<arg>VE</arg>
<arg>VG</arg>
<arg>VI</arg>
<arg>VN</arg>
<arg>VU</arg>
<arg>WF</arg>
<arg>WS</arg>
<arg>XK</arg>
<arg>YE</arg>
<arg>YT</arg>
<arg>ZA</arg>
<arg>ZM</arg>
<arg>ZW</arg>
<doc>Returns a list containing given items.</doc>
<status status="PASS" start="2024-03-26T05:13:00.670739" elapsed="0.000635"/>
</kw>
<kw name="List Should Contain Value" owner="Collections">
<msg time="2024-03-26T05:13:00.672502" level="INFO">False</msg>
<arg>${list_country}</arg>
<arg>${name_country}</arg>
<doc>Fails if the ``value`` is not found from ``list``.</doc>
<status status="PASS" start="2024-03-26T05:13:00.672299" elapsed="0.000240"/>
</kw>
<kw name="Run Keyword If" owner="BuiltIn">
<kw name="Should Be True" owner="BuiltIn">
<arg>${True}</arg>
<doc>Fails if the given condition is not true.</doc>
<status status="PASS" start="2024-03-26T05:13:00.673642" elapsed="0.000145"/>
</kw>
<arg>${json_data["results"][0]["location"]["coordinates"]["latitude"]} &gt;= -90 and ${json_data["results"][0]["location"]["coordinates"]["latitude"]} &lt;= 90</arg>
<arg>Should Be True</arg>
<arg>${True}</arg>
<doc>Runs the given keyword with the given arguments, if ``condition`` is true.</doc>
<status status="PASS" start="2024-03-26T05:13:00.672854" elapsed="0.001063"/>
</kw>
<kw name="Run Keyword If" owner="BuiltIn">
<kw name="Should Be True" owner="BuiltIn">
<arg>${True}</arg>
<doc>Fails if the given condition is not true.</doc>
<status status="PASS" start="2024-03-26T05:13:00.674813" elapsed="0.000137"/>
</kw>
<arg>${json_data["results"][0]["location"]["coordinates"]["longitude"]} &gt;= -180 and ${json_data["results"][0]["location"]["coordinates"]["longitude"]} &lt;= 180</arg>
<arg>Should Be True</arg>
<arg>${True}</arg>
<doc>Runs the given keyword with the given arguments, if ``condition`` is true.</doc>
<status status="PASS" start="2024-03-26T05:13:00.674103" elapsed="0.000972"/>
</kw>
<status status="PASS" start="2024-03-26T05:13:00.560864" elapsed="0.114341"/>
</kw>
<doc>Testa o conteúdo específico dos campos retornados pela API.</doc>
<tag>testeConteudo</tag>
<status status="PASS" start="2024-03-26T05:13:00.560392" elapsed="0.114971"/>
</test>
<status status="PASS" start="2024-03-26T05:12:59.661641" elapsed="1.015724"/>
</suite>
<status status="PASS" start="2024-03-26T05:12:59.647181" elapsed="1.035787"/>
</suite>
<statistics>
<total>
<stat pass="5" fail="0" skip="0">All Tests</stat>
</total>
<tag>
<stat pass="1" fail="0" skip="0">testeConteudo</stat>
<stat pass="1" fail="0" skip="0">testeEstruturaResposta</stat>
<stat pass="1" fail="0" skip="0">testeRequisicaoBasica</stat>
<stat pass="1" fail="0" skip="0">testeTiposDados</stat>
</tag>
<suite>
<stat pass="5" fail="0" skip="0" id="s1" name="Tests">Tests</stat>
<stat pass="5" fail="0" skip="0" id="s1-s1" name="Random-User-Test">Tests.Random-User-Test</stat>
</suite>
</statistics>
<errors>
</errors>
</robot>
