<?xml version="1.0" encoding="UTF-8"?>
<robot generator="Robot 7.0 (Python 3.12.3 on linux)" generated="2024-05-03T20:15:38.121697" rpa="false" schemaversion="5">
<suite id="s1" name="Tests" source="/home/runner/work/DesafioQAItauRogerioJordao/DesafioQAItauRogerioJordao/RamdonUser/tests">
<suite id="s1-s1" name="Random-User-Test" source="/home/runner/work/DesafioQAItauRogerioJordao/DesafioQAItauRogerioJordao/RamdonUser/tests/random-user-test.robot">
<test id="s1-s1-t1" name="Conectar" line="13">
<kw name="Conectar API" owner="random-user-service">
<kw name="Create Session" owner="RequestsLibrary">
<msg time="2024-05-03T20:15:38.524730" level="INFO">Creating Session using : alias=consultarAPI, url=https://randomuser.me/, headers={},                     cookies={}, auth=None, timeout=None, proxies=None, verify=False,                     debug=0 </msg>
<arg>consultarAPI</arg>
<arg>${URL}</arg>
<doc>Create Session: create a HTTP session to a server</doc>
<status status="PASS" start="2024-05-03T20:15:38.524540" elapsed="0.000360"/>
</kw>
<status status="PASS" start="2024-05-03T20:15:38.523604" elapsed="0.001642"/>
</kw>
<status status="PASS" start="2024-05-03T20:15:38.522967" elapsed="0.002471"/>
</test>
<test id="s1-s1-t2" name="Validar retorno 200 e JSON Válido" line="16">
<kw name="Teste de Requisicao Basica" owner="random-user-service">
<kw name="GET On Session" owner="RequestsLibrary">
<msg time="2024-05-03T20:15:38.595049" level="INFO">GET Request : url=https://randomuser.me/api 
 path_url=/api 
 headers={'User-Agent': 'python-requests/2.31.0', 'Accept-Encoding': 'gzip, deflate', 'Accept': '*/*', 'Connection': 'keep-alive'} 
 body=None 
 </msg>
<msg time="2024-05-03T20:15:38.595161" level="INFO">GET Response : url=https://randomuser.me/api 
 status=200, reason=OK 
 headers={'Date': 'Fri, 03 May 2024 20:15:38 GMT', 'Content-Type': 'application/json; charset=utf-8', 'Transfer-Encoding': 'chunked', 'Connection': 'keep-alive', 'X-Powered-By': 'Express', 'Access-Control-Allow-Origin': '*', 'Cache-Control': 'no-cache', 'ETag': 'W/"47d-+0Ylv+uzfmse9qITxQf/ENyjfHE"', 'Vary': 'Accept-Encoding', 'Content-Encoding': 'gzip', 'CF-Cache-Status': 'DYNAMIC', 'Report-To': '{"endpoints":[{"url":"https:\\/\\/a.nel.cloudflare.com\\/report\\/v4?s=E6I0PISh1X8LJJK2QTz9jKgt8D%2B%2F2zgAsW0S5Eiu7yh1Gn3jZoqu2rYY0zsy3pVw4Q%2BrtKkodDLPblaT7DAGdMsWaRhfUZB8Nj9vJnco5u9yGGE%2B1GYNOQiTq8g9RCRl"}],"group":"cf-nel","max_age":604800}', 'NEL': '{"success_fraction":0,"report_to":"cf-nel","max_age":604800}', 'Server': 'cloudflare', 'CF-RAY': '87e2ec99fd3a9c3a-IAD', 'alt-svc': 'h3=":443"; ma=86400'} 
 body={"results":[{"gender":"female","name":{"title":"Mrs","first":"Vildan","last":"Sezek"},"location":{"street":{"number":9088,"name":"Mevlana Cd"},"city":"Erzurum","state":"Giresun","country":"Turkey","postcode":51805,"coordinates":{"latitude":"70.0082","longitude":"9.5655"},"timezone":{"offset":"+9:00","description":"Tokyo, Seoul, Osaka, Sapporo, Yakutsk"}},"email":"vildan.sezek@example.com","login":{"uuid":"fb8eee45-7868-4ec1-9622-de2e0691a60c","username":"bigswan924","password":"bogus","salt":"IAF5XhLz","md5":"8fe1f18033320dbb277e67fddf36ff8f","sha1":"d21dc5df43007aafb74ac4d0d5189d7344bbda0c","sha256":"df684d007f4dc55fb8d4fe9b574212ce39f6906df61ddab98afc87f8d4132c8c"},"dob":{"date":"1953-11-12T21:51:27.987Z","age":70},"registered":{"date":"2021-01-13T11:41:18.013Z","age":3},"phone":"(450)-640-8077","cell":"(523)-590-2090","id":{"name":"","value":null},"picture":{"large":"https://randomuser.me/api/portraits/women/1.jpg","medium":"https://randomuser.me/api/portraits/med/women/1.jpg","thumbnail":"https://randomuser.me/api/portraits/thumb/women/1.jpg"},"nat":"TR"}],"info":{"seed":"5ffd9dfa76355b3b","results":1,"page":1,"version":"1.4"}} 
 </msg>
<msg time="2024-05-03T20:15:38.595233" level="INFO">/opt/hostedtoolcache/Python/3.12.3/x64/lib/python3.12/site-packages/urllib3/connectionpool.py:1103: InsecureRequestWarning: Unverified HTTPS request is being made to host 'randomuser.me'. Adding certificate verification is strongly advised. See: https://urllib3.readthedocs.io/en/latest/advanced-usage.html#tls-warnings
  warnings.warn(</msg>
<msg time="2024-05-03T20:15:38.595344" level="INFO">${response} = &lt;Response [200]&gt;</msg>
<var>${response}</var>
<arg>consultarAPI</arg>
<arg>/api</arg>
<doc>Sends a GET request on a previously created HTTP Session.</doc>
<status status="PASS" start="2024-05-03T20:15:38.528154" elapsed="0.067228"/>
</kw>
<kw name="Should Be Equal As Numbers" owner="BuiltIn">
<msg time="2024-05-03T20:15:38.596227" level="INFO">Argument types are:
&lt;class 'int'&gt;
&lt;class 'str'&gt;</msg>
<arg>${response.status_code}</arg>
<arg>200</arg>
<doc>Fails if objects are unequal after converting them to real numbers.</doc>
<status status="PASS" start="2024-05-03T20:15:38.595814" elapsed="0.000477"/>
</kw>
<kw name="Log" owner="BuiltIn">
<msg time="2024-05-03T20:15:38.596997" level="INFO">200</msg>
<arg>${response.status_code}</arg>
<doc>Logs the given message with the given level.</doc>
<status status="PASS" start="2024-05-03T20:15:38.596638" elapsed="0.000401"/>
</kw>
<kw name="Set Variable" owner="BuiltIn">
<msg time="2024-05-03T20:15:38.597808" level="INFO">${json_data} = {'results': [{'gender': 'female', 'name': {'title': 'Mrs', 'first': 'Vildan', 'last': 'Sezek'}, 'location': {'street': {'number': 9088, 'name': 'Mevlana Cd'}, 'city': 'Erzurum', 'state': 'Giresun', 'c...</msg>
<var>${json_data}</var>
<arg>${response.json()}</arg>
<doc>Returns the given values which can then be assigned to a variables.</doc>
<status status="PASS" start="2024-05-03T20:15:38.597346" elapsed="0.000491"/>
</kw>
<kw name="Dictionary Should Contain Key" owner="Collections">
<msg time="2024-05-03T20:15:38.598325" level="INFO">False</msg>
<arg>${json_data}</arg>
<arg>results</arg>
<doc>Fails if ``key`` is not found from ``dictionary``.</doc>
<status status="PASS" start="2024-05-03T20:15:38.598150" elapsed="0.000220"/>
</kw>
<status status="PASS" start="2024-05-03T20:15:38.527914" elapsed="0.070718"/>
</kw>
<doc>Testa se a API responde corretamente e retorna um objeto JSON válido.</doc>
<tag>testeRequisicaoBasica</tag>
<status status="PASS" start="2024-05-03T20:15:38.527375" elapsed="0.071432"/>
</test>
<test id="s1-s1-t3" name="Validar estrutura de resposta" line="22">
<kw name="Teste de Estrutura de Resposta" owner="random-user-service">
<kw name="GET On Session" owner="RequestsLibrary">
<msg time="2024-05-03T20:15:38.691338" level="INFO">GET Request : url=https://randomuser.me/api 
 path_url=/api 
 headers={'User-Agent': 'python-requests/2.31.0', 'Accept-Encoding': 'gzip, deflate', 'Accept': '*/*', 'Connection': 'keep-alive'} 
 body=None 
 </msg>
<msg time="2024-05-03T20:15:38.691419" level="INFO">GET Response : url=https://randomuser.me/api 
 status=200, reason=OK 
 headers={'Date': 'Fri, 03 May 2024 20:15:38 GMT', 'Content-Type': 'application/json; charset=utf-8', 'Transfer-Encoding': 'chunked', 'Connection': 'keep-alive', 'X-Powered-By': 'Express', 'Access-Control-Allow-Origin': '*', 'Cache-Control': 'no-cache', 'ETag': 'W/"48b-SHxSJv2Jd0RD7OIZGZaBHYUtPcs"', 'Vary': 'Accept-Encoding', 'Content-Encoding': 'gzip', 'CF-Cache-Status': 'DYNAMIC', 'Report-To': '{"endpoints":[{"url":"https:\\/\\/a.nel.cloudflare.com\\/report\\/v4?s=n347XYr1XaFy3%2BnxwtCYaz%2FzXvjD4elSmmJQSAx3pTP%2BEPrEJ53SDUdo0lEFmjwMyCsgm9FOXet8Tjp2jXt476PQGkqPQSL4fzsris9EC4Wphl8962sJMnQXW0ZEsoPx"}],"group":"cf-nel","max_age":604800}', 'NEL': '{"success_fraction":0,"report_to":"cf-nel","max_age":604800}', 'Server': 'cloudflare', 'CF-RAY': '87e2ec9a4dac9c3a-IAD', 'alt-svc': 'h3=":443"; ma=86400'} 
 body={"results":[{"gender":"male","name":{"title":"Mr","first":"Liam","last":"Lévesque"},"location":{"street":{"number":2976,"name":"Main St"},"city":"Alma","state":"British Columbia","country":"Canada","postcode":"V4H 8G9","coordinates":{"latitude":"-69.6415","longitude":"-104.9663"},"timezone":{"offset":"-3:00","description":"Brazil, Buenos Aires, Georgetown"}},"email":"liam.levesque@example.com","login":{"uuid":"89549016-377c-44f6-839f-126986e38e8c","username":"organiczebra185","password":"cats","salt":"mECWq0yV","md5":"468255567251b469fb6fbfa538d5d4aa","sha1":"84a151d1dba5c461f2c053b713f94b135e04a096","sha256":"c1e571d13ddd3c7a42c673ba7910f6e0d313d9cc4e49fe2c5a45e3bc2bafd668"},"dob":{"date":"1954-11-06T04:57:16.413Z","age":69},"registered":{"date":"2010-10-06T19:08:21.494Z","age":13},"phone":"O39 G59-5796","cell":"U80 F49-2805","id":{"name":"SIN","value":"182644484"},"picture":{"large":"https://randomuser.me/api/portraits/men/60.jpg","medium":"https://randomuser.me/api/portraits/med/men/60.jpg","thumbnail":"https://randomuser.me/api/portraits/thumb/men/60.jpg"},"nat":"CA"}],"info":{"seed":"30e8399f9e95efb0","results":1,"page":1,"version":"1.4"}} 
 </msg>
<msg time="2024-05-03T20:15:38.691530" level="INFO">/opt/hostedtoolcache/Python/3.12.3/x64/lib/python3.12/site-packages/urllib3/connectionpool.py:1103: InsecureRequestWarning: Unverified HTTPS request is being made to host 'randomuser.me'. Adding certificate verification is strongly advised. See: https://urllib3.readthedocs.io/en/latest/advanced-usage.html#tls-warnings
  warnings.warn(</msg>
<msg time="2024-05-03T20:15:38.691649" level="INFO">${response} = &lt;Response [200]&gt;</msg>
<var>${response}</var>
<arg>consultarAPI</arg>
<arg>/api</arg>
<doc>Sends a GET request on a previously created HTTP Session.</doc>
<status status="PASS" start="2024-05-03T20:15:38.601354" elapsed="0.090347"/>
</kw>
<kw name="Set Variable" owner="BuiltIn">
<msg time="2024-05-03T20:15:38.692643" level="INFO">${json_data} = {'results': [{'gender': 'male', 'name': {'title': 'Mr', 'first': 'Liam', 'last': 'Lévesque'}, 'location': {'street': {'number': 2976, 'name': 'Main St'}, 'city': 'Alma', 'state': 'British Columbia', '...</msg>
<var>${json_data}</var>
<arg>${response.json()}</arg>
<doc>Returns the given values which can then be assigned to a variables.</doc>
<status status="PASS" start="2024-05-03T20:15:38.692146" elapsed="0.000534"/>
</kw>
<kw name="Log" owner="BuiltIn">
<msg time="2024-05-03T20:15:38.693170" level="INFO">{'results': [{'gender': 'male', 'name': {'title': 'Mr', 'first': 'Liam', 'last': 'Lévesque'}, 'location': {'street': {'number': 2976, 'name': 'Main St'}, 'city': 'Alma', 'state': 'British Columbia', 'country': 'Canada', 'postcode': 'V4H 8G9', 'coordinates': {'latitude': '-69.6415', 'longitude': '-104.9663'}, 'timezone': {'offset': '-3:00', 'description': 'Brazil, Buenos Aires, Georgetown'}}, 'email': 'liam.levesque@example.com', 'login': {'uuid': '89549016-377c-44f6-839f-126986e38e8c', 'username': 'organiczebra185', 'password': 'cats', 'salt': 'mECWq0yV', 'md5': '468255567251b469fb6fbfa538d5d4aa', 'sha1': '84a151d1dba5c461f2c053b713f94b135e04a096', 'sha256': 'c1e571d13ddd3c7a42c673ba7910f6e0d313d9cc4e49fe2c5a45e3bc2bafd668'}, 'dob': {'date': '1954-11-06T04:57:16.413Z', 'age': 69}, 'registered': {'date': '2010-10-06T19:08:21.494Z', 'age': 13}, 'phone': 'O39 G59-5796', 'cell': 'U80 F49-2805', 'id': {'name': 'SIN', 'value': '182644484'}, 'picture': {'large': 'https://randomuser.me/api/portraits/men/60.jpg', 'medium': 'https://randomuser.me/api/portraits/med/men/60.jpg', 'thumbnail': 'https://randomuser.me/api/portraits/thumb/men/60.jpg'}, 'nat': 'CA'}], 'info': {'seed': '30e8399f9e95efb0', 'results': 1, 'page': 1, 'version': '1.4'}}</msg>
<arg>${json_data}</arg>
<doc>Logs the given message with the given level.</doc>
<status status="PASS" start="2024-05-03T20:15:38.693005" elapsed="0.000215"/>
</kw>
<kw name="Dictionary Should Contain Key" owner="Collections">
<msg time="2024-05-03T20:15:38.693817" level="INFO">False</msg>
<arg>${json_data}</arg>
<arg>results</arg>
<doc>Fails if ``key`` is not found from ``dictionary``.</doc>
<status status="PASS" start="2024-05-03T20:15:38.693583" elapsed="0.000274"/>
</kw>
<kw name="Should Not Be Empty" owner="BuiltIn">
<msg time="2024-05-03T20:15:38.694328" level="INFO">Length is 2.</msg>
<arg>${json_data}</arg>
<doc>Verifies that the given item is not empty.</doc>
<status status="PASS" start="2024-05-03T20:15:38.694167" elapsed="0.000403"/>
</kw>
<kw name="Create List" owner="BuiltIn">
<msg time="2024-05-03T20:15:38.695075" level="INFO">${expected_keys} = ['gender', 'name', 'location', 'email', 'login']</msg>
<var>${expected_keys}</var>
<arg>gender</arg>
<arg>name</arg>
<arg>location</arg>
<arg>email</arg>
<arg>login</arg>
<doc>Returns a list containing given items.</doc>
<status status="PASS" start="2024-05-03T20:15:38.694925" elapsed="0.000175"/>
</kw>
<for flavor="IN">
<iter>
<kw name="Dictionary Should Contain Key" owner="Collections">
<msg time="2024-05-03T20:15:38.696097" level="INFO">False</msg>
<arg>${json_data['results'][0]}</arg>
<arg>${key}</arg>
<doc>Fails if ``key`` is not found from ``dictionary``.</doc>
<status status="PASS" start="2024-05-03T20:15:38.695701" elapsed="0.000435"/>
</kw>
<kw name="Log" owner="BuiltIn">
<msg time="2024-05-03T20:15:38.696800" level="INFO">{'gender': 'male', 'name': {'title': 'Mr', 'first': 'Liam', 'last': 'Lévesque'}, 'location': {'street': {'number': 2976, 'name': 'Main St'}, 'city': 'Alma', 'state': 'British Columbia', 'country': 'Canada', 'postcode': 'V4H 8G9', 'coordinates': {'latitude': '-69.6415', 'longitude': '-104.9663'}, 'timezone': {'offset': '-3:00', 'description': 'Brazil, Buenos Aires, Georgetown'}}, 'email': 'liam.levesque@example.com', 'login': {'uuid': '89549016-377c-44f6-839f-126986e38e8c', 'username': 'organiczebra185', 'password': 'cats', 'salt': 'mECWq0yV', 'md5': '468255567251b469fb6fbfa538d5d4aa', 'sha1': '84a151d1dba5c461f2c053b713f94b135e04a096', 'sha256': 'c1e571d13ddd3c7a42c673ba7910f6e0d313d9cc4e49fe2c5a45e3bc2bafd668'}, 'dob': {'date': '1954-11-06T04:57:16.413Z', 'age': 69}, 'registered': {'date': '2010-10-06T19:08:21.494Z', 'age': 13}, 'phone': 'O39 G59-5796', 'cell': 'U80 F49-2805', 'id': {'name': 'SIN', 'value': '182644484'}, 'picture': {'large': 'https://randomuser.me/api/portraits/men/60.jpg', 'medium': 'https://randomuser.me/api/portraits/med/men/60.jpg', 'thumbnail': 'https://randomuser.me/api/portraits/thumb/men/60.jpg'}, 'nat': 'CA'}</msg>
<arg>${json_data['results'][0]}</arg>
<doc>Logs the given message with the given level.</doc>
<status status="PASS" start="2024-05-03T20:15:38.696436" elapsed="0.000414"/>
</kw>
<kw name="Log" owner="BuiltIn">
<msg time="2024-05-03T20:15:38.697284" level="INFO">gender</msg>
<arg>${key}</arg>
<doc>Logs the given message with the given level.</doc>
<status status="PASS" start="2024-05-03T20:15:38.697157" elapsed="0.000165"/>
</kw>
<var name="${key}">gender</var>
<status status="PASS" start="2024-05-03T20:15:38.695577" elapsed="0.001956"/>
</iter>
<iter>
<kw name="Dictionary Should Contain Key" owner="Collections">
<msg time="2024-05-03T20:15:38.698248" level="INFO">False</msg>
<arg>${json_data['results'][0]}</arg>
<arg>${key}</arg>
<doc>Fails if ``key`` is not found from ``dictionary``.</doc>
<status status="PASS" start="2024-05-03T20:15:38.697864" elapsed="0.000422"/>
</kw>
<kw name="Log" owner="BuiltIn">
<msg time="2024-05-03T20:15:38.698968" level="INFO">{'gender': 'male', 'name': {'title': 'Mr', 'first': 'Liam', 'last': 'Lévesque'}, 'location': {'street': {'number': 2976, 'name': 'Main St'}, 'city': 'Alma', 'state': 'British Columbia', 'country': 'Canada', 'postcode': 'V4H 8G9', 'coordinates': {'latitude': '-69.6415', 'longitude': '-104.9663'}, 'timezone': {'offset': '-3:00', 'description': 'Brazil, Buenos Aires, Georgetown'}}, 'email': 'liam.levesque@example.com', 'login': {'uuid': '89549016-377c-44f6-839f-126986e38e8c', 'username': 'organiczebra185', 'password': 'cats', 'salt': 'mECWq0yV', 'md5': '468255567251b469fb6fbfa538d5d4aa', 'sha1': '84a151d1dba5c461f2c053b713f94b135e04a096', 'sha256': 'c1e571d13ddd3c7a42c673ba7910f6e0d313d9cc4e49fe2c5a45e3bc2bafd668'}, 'dob': {'date': '1954-11-06T04:57:16.413Z', 'age': 69}, 'registered': {'date': '2010-10-06T19:08:21.494Z', 'age': 13}, 'phone': 'O39 G59-5796', 'cell': 'U80 F49-2805', 'id': {'name': 'SIN', 'value': '182644484'}, 'picture': {'large': 'https://randomuser.me/api/portraits/men/60.jpg', 'medium': 'https://randomuser.me/api/portraits/med/men/60.jpg', 'thumbnail': 'https://randomuser.me/api/portraits/thumb/men/60.jpg'}, 'nat': 'CA'}</msg>
<arg>${json_data['results'][0]}</arg>
<doc>Logs the given message with the given level.</doc>
<status status="PASS" start="2024-05-03T20:15:38.698606" elapsed="0.000411"/>
</kw>
<kw name="Log" owner="BuiltIn">
<msg time="2024-05-03T20:15:38.699442" level="INFO">name</msg>
<arg>${key}</arg>
<doc>Logs the given message with the given level.</doc>
<status status="PASS" start="2024-05-03T20:15:38.699314" elapsed="0.000166"/>
</kw>
<var name="${key}">name</var>
<status status="PASS" start="2024-05-03T20:15:38.697749" elapsed="0.001941"/>
</iter>
<iter>
<kw name="Dictionary Should Contain Key" owner="Collections">
<msg time="2024-05-03T20:15:38.700368" level="INFO">False</msg>
<arg>${json_data['results'][0]}</arg>
<arg>${key}</arg>
<doc>Fails if ``key`` is not found from ``dictionary``.</doc>
<status status="PASS" start="2024-05-03T20:15:38.699979" elapsed="0.000432"/>
</kw>
<kw name="Log" owner="BuiltIn">
<msg time="2024-05-03T20:15:38.701066" level="INFO">{'gender': 'male', 'name': {'title': 'Mr', 'first': 'Liam', 'last': 'Lévesque'}, 'location': {'street': {'number': 2976, 'name': 'Main St'}, 'city': 'Alma', 'state': 'British Columbia', 'country': 'Canada', 'postcode': 'V4H 8G9', 'coordinates': {'latitude': '-69.6415', 'longitude': '-104.9663'}, 'timezone': {'offset': '-3:00', 'description': 'Brazil, Buenos Aires, Georgetown'}}, 'email': 'liam.levesque@example.com', 'login': {'uuid': '89549016-377c-44f6-839f-126986e38e8c', 'username': 'organiczebra185', 'password': 'cats', 'salt': 'mECWq0yV', 'md5': '468255567251b469fb6fbfa538d5d4aa', 'sha1': '84a151d1dba5c461f2c053b713f94b135e04a096', 'sha256': 'c1e571d13ddd3c7a42c673ba7910f6e0d313d9cc4e49fe2c5a45e3bc2bafd668'}, 'dob': {'date': '1954-11-06T04:57:16.413Z', 'age': 69}, 'registered': {'date': '2010-10-06T19:08:21.494Z', 'age': 13}, 'phone': 'O39 G59-5796', 'cell': 'U80 F49-2805', 'id': {'name': 'SIN', 'value': '182644484'}, 'picture': {'large': 'https://randomuser.me/api/portraits/men/60.jpg', 'medium': 'https://randomuser.me/api/portraits/med/men/60.jpg', 'thumbnail': 'https://randomuser.me/api/portraits/thumb/men/60.jpg'}, 'nat': 'CA'}</msg>
<arg>${json_data['results'][0]}</arg>
<doc>Logs the given message with the given level.</doc>
<status status="PASS" start="2024-05-03T20:15:38.700704" elapsed="0.000411"/>
</kw>
<kw name="Log" owner="BuiltIn">
<msg time="2024-05-03T20:15:38.701538" level="INFO">location</msg>
<arg>${key}</arg>
<doc>Logs the given message with the given level.</doc>
<status status="PASS" start="2024-05-03T20:15:38.701404" elapsed="0.000172"/>
</kw>
<var name="${key}">location</var>
<status status="PASS" start="2024-05-03T20:15:38.699868" elapsed="0.001957"/>
</iter>
<iter>
<kw name="Dictionary Should Contain Key" owner="Collections">
<msg time="2024-05-03T20:15:38.702555" level="INFO">False</msg>
<arg>${json_data['results'][0]}</arg>
<arg>${key}</arg>
<doc>Fails if ``key`` is not found from ``dictionary``.</doc>
<status status="PASS" start="2024-05-03T20:15:38.702111" elapsed="0.000483"/>
</kw>
<kw name="Log" owner="BuiltIn">
<msg time="2024-05-03T20:15:38.703258" level="INFO">{'gender': 'male', 'name': {'title': 'Mr', 'first': 'Liam', 'last': 'Lévesque'}, 'location': {'street': {'number': 2976, 'name': 'Main St'}, 'city': 'Alma', 'state': 'British Columbia', 'country': 'Canada', 'postcode': 'V4H 8G9', 'coordinates': {'latitude': '-69.6415', 'longitude': '-104.9663'}, 'timezone': {'offset': '-3:00', 'description': 'Brazil, Buenos Aires, Georgetown'}}, 'email': 'liam.levesque@example.com', 'login': {'uuid': '89549016-377c-44f6-839f-126986e38e8c', 'username': 'organiczebra185', 'password': 'cats', 'salt': 'mECWq0yV', 'md5': '468255567251b469fb6fbfa538d5d4aa', 'sha1': '84a151d1dba5c461f2c053b713f94b135e04a096', 'sha256': 'c1e571d13ddd3c7a42c673ba7910f6e0d313d9cc4e49fe2c5a45e3bc2bafd668'}, 'dob': {'date': '1954-11-06T04:57:16.413Z', 'age': 69}, 'registered': {'date': '2010-10-06T19:08:21.494Z', 'age': 13}, 'phone': 'O39 G59-5796', 'cell': 'U80 F49-2805', 'id': {'name': 'SIN', 'value': '182644484'}, 'picture': {'large': 'https://randomuser.me/api/portraits/men/60.jpg', 'medium': 'https://randomuser.me/api/portraits/med/men/60.jpg', 'thumbnail': 'https://randomuser.me/api/portraits/thumb/men/60.jpg'}, 'nat': 'CA'}</msg>
<arg>${json_data['results'][0]}</arg>
<doc>Logs the given message with the given level.</doc>
<status status="PASS" start="2024-05-03T20:15:38.702893" elapsed="0.000415"/>
</kw>
<kw name="Log" owner="BuiltIn">
<msg time="2024-05-03T20:15:38.703726" level="INFO">email</msg>
<arg>${key}</arg>
<doc>Logs the given message with the given level.</doc>
<status status="PASS" start="2024-05-03T20:15:38.703600" elapsed="0.000163"/>
</kw>
<var name="${key}">email</var>
<status status="PASS" start="2024-05-03T20:15:38.701999" elapsed="0.001974"/>
</iter>
<iter>
<kw name="Dictionary Should Contain Key" owner="Collections">
<msg time="2024-05-03T20:15:38.704632" level="INFO">False</msg>
<arg>${json_data['results'][0]}</arg>
<arg>${key}</arg>
<doc>Fails if ``key`` is not found from ``dictionary``.</doc>
<status status="PASS" start="2024-05-03T20:15:38.704255" elapsed="0.000413"/>
</kw>
<kw name="Log" owner="BuiltIn">
<msg time="2024-05-03T20:15:38.705326" level="INFO">{'gender': 'male', 'name': {'title': 'Mr', 'first': 'Liam', 'last': 'Lévesque'}, 'location': {'street': {'number': 2976, 'name': 'Main St'}, 'city': 'Alma', 'state': 'British Columbia', 'country': 'Canada', 'postcode': 'V4H 8G9', 'coordinates': {'latitude': '-69.6415', 'longitude': '-104.9663'}, 'timezone': {'offset': '-3:00', 'description': 'Brazil, Buenos Aires, Georgetown'}}, 'email': 'liam.levesque@example.com', 'login': {'uuid': '89549016-377c-44f6-839f-126986e38e8c', 'username': 'organiczebra185', 'password': 'cats', 'salt': 'mECWq0yV', 'md5': '468255567251b469fb6fbfa538d5d4aa', 'sha1': '84a151d1dba5c461f2c053b713f94b135e04a096', 'sha256': 'c1e571d13ddd3c7a42c673ba7910f6e0d313d9cc4e49fe2c5a45e3bc2bafd668'}, 'dob': {'date': '1954-11-06T04:57:16.413Z', 'age': 69}, 'registered': {'date': '2010-10-06T19:08:21.494Z', 'age': 13}, 'phone': 'O39 G59-5796', 'cell': 'U80 F49-2805', 'id': {'name': 'SIN', 'value': '182644484'}, 'picture': {'large': 'https://randomuser.me/api/portraits/men/60.jpg', 'medium': 'https://randomuser.me/api/portraits/med/men/60.jpg', 'thumbnail': 'https://randomuser.me/api/portraits/thumb/men/60.jpg'}, 'nat': 'CA'}</msg>
<arg>${json_data['results'][0]}</arg>
<doc>Logs the given message with the given level.</doc>
<status status="PASS" start="2024-05-03T20:15:38.704965" elapsed="0.000410"/>
</kw>
<kw name="Log" owner="BuiltIn">
<msg time="2024-05-03T20:15:38.705822" level="INFO">login</msg>
<arg>${key}</arg>
<doc>Logs the given message with the given level.</doc>
<status status="PASS" start="2024-05-03T20:15:38.705692" elapsed="0.000169"/>
</kw>
<var name="${key}">login</var>
<status status="PASS" start="2024-05-03T20:15:38.704144" elapsed="0.001964"/>
</iter>
<var>${key}</var>
<value>@{expected_keys}</value>
<status status="PASS" start="2024-05-03T20:15:38.695391" elapsed="0.010845"/>
</for>
<kw name="Create List" owner="BuiltIn">
<msg time="2024-05-03T20:15:38.706578" level="INFO">${expected_keysTwo} = ['username', 'password']</msg>
<var>${expected_keysTwo}</var>
<arg>username</arg>
<arg>password</arg>
<doc>Returns a list containing given items.</doc>
<status status="PASS" start="2024-05-03T20:15:38.706440" elapsed="0.000162"/>
</kw>
<for flavor="IN">
<iter>
<kw name="Dictionary Should Contain Key" owner="Collections">
<msg time="2024-05-03T20:15:38.707495" level="INFO">False</msg>
<arg>${json_data['results'][0]['login']}</arg>
<arg>${keyTwo}</arg>
<doc>Fails if ``key`` is not found from ``dictionary``.</doc>
<status status="PASS" start="2024-05-03T20:15:38.707099" elapsed="0.000433"/>
</kw>
<kw name="Dictionary Should Contain Key" owner="Collections">
<msg time="2024-05-03T20:15:38.708213" level="INFO">False</msg>
<arg>${json_data['results'][0]['login']}</arg>
<arg>${keyTwo}</arg>
<doc>Fails if ``key`` is not found from ``dictionary``.</doc>
<status status="PASS" start="2024-05-03T20:15:38.707825" elapsed="0.000426"/>
</kw>
<kw name="Log" owner="BuiltIn">
<msg time="2024-05-03T20:15:38.708675" level="INFO">username</msg>
<arg>${keyTwo}</arg>
<doc>Logs the given message with the given level.</doc>
<status status="PASS" start="2024-05-03T20:15:38.708549" elapsed="0.000164"/>
</kw>
<var name="${keyTwo}">username</var>
<status status="PASS" start="2024-05-03T20:15:38.706989" elapsed="0.001937"/>
</iter>
<iter>
<kw name="Dictionary Should Contain Key" owner="Collections">
<msg time="2024-05-03T20:15:38.709721" level="INFO">False</msg>
<arg>${json_data['results'][0]['login']}</arg>
<arg>${keyTwo}</arg>
<doc>Fails if ``key`` is not found from ``dictionary``.</doc>
<status status="PASS" start="2024-05-03T20:15:38.709212" elapsed="0.000554"/>
</kw>
<kw name="Dictionary Should Contain Key" owner="Collections">
<msg time="2024-05-03T20:15:38.710457" level="INFO">False</msg>
<arg>${json_data['results'][0]['login']}</arg>
<arg>${keyTwo}</arg>
<doc>Fails if ``key`` is not found from ``dictionary``.</doc>
<status status="PASS" start="2024-05-03T20:15:38.710069" elapsed="0.000426"/>
</kw>
<kw name="Log" owner="BuiltIn">
<msg time="2024-05-03T20:15:38.710917" level="INFO">password</msg>
<arg>${keyTwo}</arg>
<doc>Logs the given message with the given level.</doc>
<status status="PASS" start="2024-05-03T20:15:38.710790" elapsed="0.000165"/>
</kw>
<var name="${keyTwo}">password</var>
<status status="PASS" start="2024-05-03T20:15:38.709100" elapsed="0.002070"/>
</iter>
<var>${keyTwo}</var>
<value>@{expected_keysTwo}</value>
<status status="PASS" start="2024-05-03T20:15:38.706836" elapsed="0.004459"/>
</for>
<status status="PASS" start="2024-05-03T20:15:38.601123" elapsed="0.110309"/>
</kw>
<doc>Testa a estrutura da resposta da API.</doc>
<tag>testeEstruturaResposta</tag>
<status status="PASS" start="2024-05-03T20:15:38.600628" elapsed="0.110953"/>
</test>
<test id="s1-s1-t4" name="Validar tipos de dados" line="28">
<kw name="Teste de Tipos de Dados" owner="random-user-service">
<kw name="GET On Session" owner="RequestsLibrary">
<msg time="2024-05-03T20:15:38.817247" level="INFO">GET Request : url=https://randomuser.me/api 
 path_url=/api 
 headers={'User-Agent': 'python-requests/2.31.0', 'Accept-Encoding': 'gzip, deflate', 'Accept': '*/*', 'Connection': 'keep-alive'} 
 body=None 
 </msg>
<msg time="2024-05-03T20:15:38.817338" level="INFO">GET Response : url=https://randomuser.me/api 
 status=200, reason=OK 
 headers={'Date': 'Fri, 03 May 2024 20:15:38 GMT', 'Content-Type': 'application/json; charset=utf-8', 'Transfer-Encoding': 'chunked', 'Connection': 'keep-alive', 'X-Powered-By': 'Express', 'Access-Control-Allow-Origin': '*', 'Cache-Control': 'no-cache', 'ETag': 'W/"47b-zW+EctksITplEf4hFyUM7Ib2Cas"', 'Vary': 'Accept-Encoding', 'Content-Encoding': 'gzip', 'CF-Cache-Status': 'DYNAMIC', 'Report-To': '{"endpoints":[{"url":"https:\\/\\/a.nel.cloudflare.com\\/report\\/v4?s=txtRYV0Buhn%2FThrEgpjkNt1ViqwQNpBwmOw3J%2FjgM22tlyZY%2FlHKoy4zmU3sQU5Ulr4eJOIF5xToSNaMyxuPrvY7sZ7XPxpcdmRpIibPIL7lKPgAc%2BM2aKUh4GvC0hCm"}],"group":"cf-nel","max_age":604800}', 'NEL': '{"success_fraction":0,"report_to":"cf-nel","max_age":604800}', 'Server': 'cloudflare', 'CF-RAY': '87e2ec9afec19c3a-IAD', 'alt-svc': 'h3=":443"; ma=86400'} 
 body={"results":[{"gender":"female","name":{"title":"Mrs","first":"Amy","last":"Harris"},"location":{"street":{"number":5914,"name":"9th St"},"city":"Wellington","state":"Ontario","country":"Canada","postcode":"M6O 8B8","coordinates":{"latitude":"-71.4392","longitude":"92.2288"},"timezone":{"offset":"+2:00","description":"Kaliningrad, South Africa"}},"email":"amy.harris@example.com","login":{"uuid":"168891fa-1b1d-45b7-871b-15af99b8507e","username":"sadcat431","password":"arctic","salt":"Re2uUCaB","md5":"fd3176fa801520978a4072c88090ced4","sha1":"dfc460faea044e3fb12d583ab7f851a1d0529b5e","sha256":"6a1de4ad563a058d029c046822d6be44e26520ffde67a7f75ce318e5d39a9b6d"},"dob":{"date":"1981-08-18T07:32:52.325Z","age":42},"registered":{"date":"2022-01-20T16:25:44.667Z","age":2},"phone":"P75 I04-9296","cell":"K77 Y91-4253","id":{"name":"SIN","value":"176307973"},"picture":{"large":"https://randomuser.me/api/portraits/women/56.jpg","medium":"https://randomuser.me/api/portraits/med/women/56.jpg","thumbnail":"https://randomuser.me/api/portraits/thumb/women/56.jpg"},"nat":"CA"}],"info":{"seed":"1f0b57653e9252ff","results":1,"page":1,"version":"1.4"}} 
 </msg>
<msg time="2024-05-03T20:15:38.817409" level="INFO">/opt/hostedtoolcache/Python/3.12.3/x64/lib/python3.12/site-packages/urllib3/connectionpool.py:1103: InsecureRequestWarning: Unverified HTTPS request is being made to host 'randomuser.me'. Adding certificate verification is strongly advised. See: https://urllib3.readthedocs.io/en/latest/advanced-usage.html#tls-warnings
  warnings.warn(</msg>
<msg time="2024-05-03T20:15:38.817524" level="INFO">${response} = &lt;Response [200]&gt;</msg>
<var>${response}</var>
<arg>consultarAPI</arg>
<arg>/api</arg>
<doc>Sends a GET request on a previously created HTTP Session.</doc>
<status status="PASS" start="2024-05-03T20:15:38.714028" elapsed="0.103536"/>
</kw>
<kw name="Set Variable" owner="BuiltIn">
<msg time="2024-05-03T20:15:38.818644" level="INFO">${json_data} = {'results': [{'gender': 'female', 'name': {'title': 'Mrs', 'first': 'Amy', 'last': 'Harris'}, 'location': {'street': {'number': 5914, 'name': '9th St'}, 'city': 'Wellington', 'state': 'Ontario', 'coun...</msg>
<var>${json_data}</var>
<arg>${response.json()}</arg>
<doc>Returns the given values which can then be assigned to a variables.</doc>
<status status="PASS" start="2024-05-03T20:15:38.818097" elapsed="0.000576"/>
</kw>
<kw name="Log" owner="BuiltIn">
<msg time="2024-05-03T20:15:38.819138" level="INFO">{'results': [{'gender': 'female', 'name': {'title': 'Mrs', 'first': 'Amy', 'last': 'Harris'}, 'location': {'street': {'number': 5914, 'name': '9th St'}, 'city': 'Wellington', 'state': 'Ontario', 'country': 'Canada', 'postcode': 'M6O 8B8', 'coordinates': {'latitude': '-71.4392', 'longitude': '92.2288'}, 'timezone': {'offset': '+2:00', 'description': 'Kaliningrad, South Africa'}}, 'email': 'amy.harris@example.com', 'login': {'uuid': '168891fa-1b1d-45b7-871b-15af99b8507e', 'username': 'sadcat431', 'password': 'arctic', 'salt': 'Re2uUCaB', 'md5': 'fd3176fa801520978a4072c88090ced4', 'sha1': 'dfc460faea044e3fb12d583ab7f851a1d0529b5e', 'sha256': '6a1de4ad563a058d029c046822d6be44e26520ffde67a7f75ce318e5d39a9b6d'}, 'dob': {'date': '1981-08-18T07:32:52.325Z', 'age': 42}, 'registered': {'date': '2022-01-20T16:25:44.667Z', 'age': 2}, 'phone': 'P75 I04-9296', 'cell': 'K77 Y91-4253', 'id': {'name': 'SIN', 'value': '176307973'}, 'picture': {'large': 'https://randomuser.me/api/portraits/women/56.jpg', 'medium': 'https://randomuser.me/api/portraits/med/women/56.jpg', 'thumbnail': 'https://randomuser.me/api/portraits/thumb/women/56.jpg'}, 'nat': 'CA'}], 'info': {'seed': '1f0b57653e9252ff', 'results': 1, 'page': 1, 'version': '1.4'}}</msg>
<arg>${json_data}</arg>
<doc>Logs the given message with the given level.</doc>
<status status="PASS" start="2024-05-03T20:15:38.818984" elapsed="0.000236"/>
</kw>
<kw name="Should Be String" owner="String">
<arg>${json_data['results'][0]['gender']}</arg>
<doc>Fails if the given ``item`` is not a string.</doc>
<status status="PASS" start="2024-05-03T20:15:38.819518" elapsed="0.000371"/>
</kw>
<kw name="Should Match Regexp" owner="BuiltIn">
<arg>${json_data['results'][0]['email']}</arg>
<arg>^[a-zA-Z0-9._%+-]+@[a-zA-Z0-9.-]+\.[a-zA-Z]{2,}$</arg>
<doc>Fails if ``string`` does not match ``pattern`` as a regular expression.</doc>
<status status="PASS" start="2024-05-03T20:15:38.820082" elapsed="0.000528"/>
</kw>
<kw name="Should Match Regexp" owner="BuiltIn">
<arg>${json_data['results'][0]['dob']['date']}</arg>
<arg>\\d{4}-\\d{2}-\\d{2}T\\d{2}:\\d{2}:\\d{2}\\.\\d{3}Z</arg>
<doc>Fails if ``string`` does not match ``pattern`` as a regular expression.</doc>
<status status="PASS" start="2024-05-03T20:15:38.820803" elapsed="0.000481"/>
</kw>
<kw name="Should Match Regexp" owner="BuiltIn">
<arg>${json_data['results'][0]['registered']['date']}</arg>
<arg>\\d{4}-\\d{2}-\\d{2}T\\d{2}:\\d{2}:\\d{2}\\.\\d{3}Z</arg>
<doc>Fails if ``string`` does not match ``pattern`` as a regular expression.</doc>
<status status="PASS" start="2024-05-03T20:15:38.821473" elapsed="0.000404"/>
</kw>
<kw name="Should Match Regexp" owner="BuiltIn">
<arg>${json_data['results'][0]['picture']['large']}</arg>
<arg>^https?://.*\.(?:png|jpe?g|gif|bmp)$</arg>
<doc>Fails if ``string`` does not match ``pattern`` as a regular expression.</doc>
<status status="PASS" start="2024-05-03T20:15:38.822065" elapsed="0.000462"/>
</kw>
<kw name="Should Match Regexp" owner="BuiltIn">
<arg>${json_data['results'][0]['picture']['medium']}</arg>
<arg>^https?://.*\.(?:png|jpe?g|gif|bmp)$</arg>
<doc>Fails if ``string`` does not match ``pattern`` as a regular expression.</doc>
<status status="PASS" start="2024-05-03T20:15:38.822714" elapsed="0.000368"/>
</kw>
<kw name="Should Match Regexp" owner="BuiltIn">
<arg>${json_data['results'][0]['picture']['thumbnail']}</arg>
<arg>^https?://.*\.(?:png|jpe?g|gif|bmp)$</arg>
<doc>Fails if ``string`` does not match ``pattern`` as a regular expression.</doc>
<status status="PASS" start="2024-05-03T20:15:38.823272" elapsed="0.000349"/>
</kw>
<kw name="Log" owner="BuiltIn">
<msg time="2024-05-03T20:15:38.824130" level="INFO">{'large': 'https://randomuser.me/api/portraits/women/56.jpg', 'medium': 'https://randomuser.me/api/portraits/med/women/56.jpg', 'thumbnail': 'https://randomuser.me/api/portraits/thumb/women/56.jpg'}</msg>
<arg>${json_data['results'][0]['picture']}</arg>
<doc>Logs the given message with the given level.</doc>
<status status="PASS" start="2024-05-03T20:15:38.823801" elapsed="0.000371"/>
</kw>
<status status="PASS" start="2024-05-03T20:15:38.713801" elapsed="0.110621"/>
</kw>
<kw name="Teste de Tipos de Dados - Postcode" owner="random-user-service">
<kw name="GET On Session" owner="RequestsLibrary">
<msg time="2024-05-03T20:15:38.933614" level="INFO">GET Request : url=https://randomuser.me/api 
 path_url=/api 
 headers={'User-Agent': 'python-requests/2.31.0', 'Accept-Encoding': 'gzip, deflate', 'Accept': '*/*', 'Connection': 'keep-alive'} 
 body=None 
 </msg>
<msg time="2024-05-03T20:15:38.933731" level="INFO">GET Response : url=https://randomuser.me/api 
 status=200, reason=OK 
 headers={'Date': 'Fri, 03 May 2024 20:15:38 GMT', 'Content-Type': 'application/json; charset=utf-8', 'Transfer-Encoding': 'chunked', 'Connection': 'keep-alive', 'X-Powered-By': 'Express', 'Access-Control-Allow-Origin': '*', 'Cache-Control': 'no-cache', 'ETag': 'W/"47c-jn+wS9VXRP4KDcK+4l/vC7JOeKA"', 'Vary': 'Accept-Encoding', 'Content-Encoding': 'gzip', 'CF-Cache-Status': 'DYNAMIC', 'Report-To': '{"endpoints":[{"url":"https:\\/\\/a.nel.cloudflare.com\\/report\\/v4?s=3x4QTWbAUkdng37gWoTyx8Jxyu6B9ec7QyJ1N0A8trMcZa65wTDbMwuoWD7LKDjUCZTcw3olZWv1J%2BOMxaR1XWY7dWos3s8gfWu6bnkQgyUvJFg7D%2FOlixFteiZcmlEW"}],"group":"cf-nel","max_age":604800}', 'NEL': '{"success_fraction":0,"report_to":"cf-nel","max_age":604800}', 'Server': 'cloudflare', 'CF-RAY': '87e2ec9bafb19c3a-IAD', 'alt-svc': 'h3=":443"; ma=86400'} 
 body={"results":[{"gender":"male","name":{"title":"Mr","first":"Casper","last":"Lausund"},"location":{"street":{"number":4944,"name":"Mårveien"},"city":"Finnsnes","state":"Oslo","country":"Norway","postcode":"1450","coordinates":{"latitude":"41.8513","longitude":"-112.4361"},"timezone":{"offset":"+4:00","description":"Abu Dhabi, Muscat, Baku, Tbilisi"}},"email":"casper.lausund@example.com","login":{"uuid":"2797929e-16f3-495a-b219-ef2478fa5370","username":"bigmeercat930","password":"blondes","salt":"gx9nKtO0","md5":"bc348f21075cb9c792407685d04a1516","sha1":"ec23eb3f167b18eb189d5a202cf7add4f0a764f5","sha256":"45a83be9f7fd307648a0ab8866214bf73f465338b4f01a720299ad0d374f2cc9"},"dob":{"date":"1999-03-07T22:12:24.613Z","age":25},"registered":{"date":"2005-05-20T18:49:33.955Z","age":18},"phone":"55963240","cell":"97141168","id":{"name":"FN","value":"07039911579"},"picture":{"large":"https://randomuser.me/api/portraits/men/28.jpg","medium":"https://randomuser.me/api/portraits/med/men/28.jpg","thumbnail":"https://randomuser.me/api/portraits/thumb/men/28.jpg"},"nat":"NO"}],"info":{"seed":"4cae8ac9ea237db6","results":1,"page":1,"version":"1.4"}} 
 </msg>
<msg time="2024-05-03T20:15:38.933801" level="INFO">/opt/hostedtoolcache/Python/3.12.3/x64/lib/python3.12/site-packages/urllib3/connectionpool.py:1103: InsecureRequestWarning: Unverified HTTPS request is being made to host 'randomuser.me'. Adding certificate verification is strongly advised. See: https://urllib3.readthedocs.io/en/latest/advanced-usage.html#tls-warnings
  warnings.warn(</msg>
<msg time="2024-05-03T20:15:38.933918" level="INFO">${response} = &lt;Response [200]&gt;</msg>
<var>${response}</var>
<arg>consultarAPI</arg>
<arg>/api</arg>
<doc>Sends a GET request on a previously created HTTP Session.</doc>
<status status="PASS" start="2024-05-03T20:15:38.824868" elapsed="0.109087"/>
</kw>
<kw name="Set Variable" owner="BuiltIn">
<msg time="2024-05-03T20:15:38.935069" level="INFO">${json_data} = {'results': [{'gender': 'male', 'name': {'title': 'Mr', 'first': 'Casper', 'last': 'Lausund'}, 'location': {'street': {'number': 4944, 'name': 'Mårveien'}, 'city': 'Finnsnes', 'state': 'Oslo', 'countr...</msg>
<var>${json_data}</var>
<arg>${response.json()}</arg>
<doc>Returns the given values which can then be assigned to a variables.</doc>
<status status="PASS" start="2024-05-03T20:15:38.934497" elapsed="0.000601"/>
</kw>
<kw name="Log" owner="BuiltIn">
<msg time="2024-05-03T20:15:38.935562" level="INFO">{'results': [{'gender': 'male', 'name': {'title': 'Mr', 'first': 'Casper', 'last': 'Lausund'}, 'location': {'street': {'number': 4944, 'name': 'Mårveien'}, 'city': 'Finnsnes', 'state': 'Oslo', 'country': 'Norway', 'postcode': '1450', 'coordinates': {'latitude': '41.8513', 'longitude': '-112.4361'}, 'timezone': {'offset': '+4:00', 'description': 'Abu Dhabi, Muscat, Baku, Tbilisi'}}, 'email': 'casper.lausund@example.com', 'login': {'uuid': '2797929e-16f3-495a-b219-ef2478fa5370', 'username': 'bigmeercat930', 'password': 'blondes', 'salt': 'gx9nKtO0', 'md5': 'bc348f21075cb9c792407685d04a1516', 'sha1': 'ec23eb3f167b18eb189d5a202cf7add4f0a764f5', 'sha256': '45a83be9f7fd307648a0ab8866214bf73f465338b4f01a720299ad0d374f2cc9'}, 'dob': {'date': '1999-03-07T22:12:24.613Z', 'age': 25}, 'registered': {'date': '2005-05-20T18:49:33.955Z', 'age': 18}, 'phone': '55963240', 'cell': '97141168', 'id': {'name': 'FN', 'value': '07039911579'}, 'picture': {'large': 'https://randomuser.me/api/portraits/men/28.jpg', 'medium': 'https://randomuser.me/api/portraits/med/men/28.jpg', 'thumbnail': 'https://randomuser.me/api/portraits/thumb/men/28.jpg'}, 'nat': 'NO'}], 'info': {'seed': '4cae8ac9ea237db6', 'results': 1, 'page': 1, 'version': '1.4'}}</msg>
<arg>${json_data}</arg>
<doc>Logs the given message with the given level.</doc>
<status status="PASS" start="2024-05-03T20:15:38.935399" elapsed="0.000247"/>
</kw>
<kw name="Should Be Equal As Numbers" owner="BuiltIn">
<arg>${json_data['results'][0]['location']['postcode']}</arg>
<arg>${json_data['results'][0]['location']['postcode']}</arg>
<doc>Fails if objects are unequal after converting them to real numbers.</doc>
<status status="PASS" start="2024-05-03T20:15:38.936113" elapsed="0.000622"/>
</kw>
<kw name="Log" owner="BuiltIn">
<msg time="2024-05-03T20:15:38.937258" level="INFO">1450</msg>
<arg>${json_data['results'][0]['location']['postcode']}</arg>
<doc>Logs the given message with the given level.</doc>
<status status="PASS" start="2024-05-03T20:15:38.936925" elapsed="0.000372"/>
</kw>
<status status="PASS" start="2024-05-03T20:15:38.824642" elapsed="0.112903"/>
</kw>
<doc>Testa se os tipos de dados na resposta da API estão corretos.</doc>
<tag>testeTiposDados</tag>
<status status="PASS" start="2024-05-03T20:15:38.713335" elapsed="0.224406"/>
</test>
<test id="s1-s1-t5" name="Validar conteudo" line="35">
<kw name="Teste de Tipos de Conteudo" owner="random-user-service">
<kw name="GET On Session" owner="RequestsLibrary">
<msg time="2024-05-03T20:15:38.995747" level="INFO">GET Request : url=https://randomuser.me/api 
 path_url=/api 
 headers={'User-Agent': 'python-requests/2.31.0', 'Accept-Encoding': 'gzip, deflate', 'Accept': '*/*', 'Connection': 'keep-alive'} 
 body=None 
 </msg>
<msg time="2024-05-03T20:15:38.995811" level="INFO">GET Response : url=https://randomuser.me/api 
 status=200, reason=OK 
 headers={'Date': 'Fri, 03 May 2024 20:15:38 GMT', 'Content-Type': 'application/json; charset=utf-8', 'Transfer-Encoding': 'chunked', 'Connection': 'keep-alive', 'X-Powered-By': 'Express', 'Access-Control-Allow-Origin': '*', 'Cache-Control': 'no-cache', 'ETag': 'W/"4a3-fWFr8q631o3lvLmrdNseHAIqD68"', 'Vary': 'Accept-Encoding', 'Content-Encoding': 'gzip', 'CF-Cache-Status': 'DYNAMIC', 'Report-To': '{"endpoints":[{"url":"https:\\/\\/a.nel.cloudflare.com\\/report\\/v4?s=2NS87hddVnq8KF%2FY4LEDUf%2FpweZo8Z51WYaZV%2F8T%2Fb0CWgcIZLTBif3wfgYeYaNeWb6KX4jPcLBNB4MsI%2FcbsoRUmupV6eLLnTLpNMMu0LFiuXwXLLrPLS7WiZ6B4iI0"}],"group":"cf-nel","max_age":604800}', 'NEL': '{"success_fraction":0,"report_to":"cf-nel","max_age":604800}', 'Server': 'cloudflare', 'CF-RAY': '87e2ec9c68ba9c3a-IAD', 'alt-svc': 'h3=":443"; ma=86400'} 
 body={"results":[{"gender":"male","name":{"title":"Mr","first":"Timmothy","last":"Lambert"},"location":{"street":{"number":3046,"name":"Chester Road"},"city":"Bradford","state":"Somerset","country":"United Kingdom","postcode":"Y2 9AF","coordinates":{"latitude":"-8.8732","longitude":"-138.5028"},"timezone":{"offset":"-5:00","description":"Eastern Time (US &amp; Canada), Bogota, Lima"}},"email":"timmothy.lambert@example.com","login":{"uuid":"e83411c4-6bb9-4507-9869-cbb284d35bde","username":"happylion803","password":"lowell","salt":"yTTLtdEe","md5":"6da85c725b2974fd34d61b71b0e49358","sha1":"5f6b23dffecf3838dd2f2752eab63eacf30f2317","sha256":"314a446537b9f7f15f5283d12b971f15b494e8347c79d2da3f90224aa67b53eb"},"dob":{"date":"1986-11-02T22:09:50.578Z","age":37},"registered":{"date":"2016-09-14T23:23:38.875Z","age":7},"phone":"0171 428 6111","cell":"07005 175050","id":{"name":"NINO","value":"YG 32 89 96 N"},"picture":{"large":"https://randomuser.me/api/portraits/men/13.jpg","medium":"https://randomuser.me/api/portraits/med/men/13.jpg","thumbnail":"https://randomuser.me/api/portraits/thumb/men/13.jpg"},"nat":"GB"}],"info":{"seed":"7acc9748e83040ce","results":1,"page":1,"version":"1.4"}} 
 </msg>
<msg time="2024-05-03T20:15:38.995872" level="INFO">/opt/hostedtoolcache/Python/3.12.3/x64/lib/python3.12/site-packages/urllib3/connectionpool.py:1103: InsecureRequestWarning: Unverified HTTPS request is being made to host 'randomuser.me'. Adding certificate verification is strongly advised. See: https://urllib3.readthedocs.io/en/latest/advanced-usage.html#tls-warnings
  warnings.warn(</msg>
<msg time="2024-05-03T20:15:38.995968" level="INFO">${response} = &lt;Response [200]&gt;</msg>
<var>${response}</var>
<arg>consultarAPI</arg>
<arg>/api</arg>
<doc>Sends a GET request on a previously created HTTP Session.</doc>
<status status="PASS" start="2024-05-03T20:15:38.940147" elapsed="0.055864"/>
</kw>
<kw name="Set Variable" owner="BuiltIn">
<msg time="2024-05-03T20:15:38.997088" level="INFO">${json_data} = {'results': [{'gender': 'male', 'name': {'title': 'Mr', 'first': 'Timmothy', 'last': 'Lambert'}, 'location': {'street': {'number': 3046, 'name': 'Chester Road'}, 'city': 'Bradford', 'state': 'Somerset...</msg>
<var>${json_data}</var>
<arg>${response.json()}</arg>
<doc>Returns the given values which can then be assigned to a variables.</doc>
<status status="PASS" start="2024-05-03T20:15:38.996479" elapsed="0.000637"/>
</kw>
<kw name="Set Variable" owner="BuiltIn">
<msg time="2024-05-03T20:15:38.997839" level="INFO">${name_title} = Mr</msg>
<var>${name_title}</var>
<arg>${json_data["results"][0]["name"]["title"]}</arg>
<doc>Returns the given values which can then be assigned to a variables.</doc>
<status status="PASS" start="2024-05-03T20:15:38.997420" elapsed="0.000444"/>
</kw>
<kw name="Create List" owner="BuiltIn">
<msg time="2024-05-03T20:15:38.998309" level="INFO">${allowed_titles} = ['Mr', 'Ms', 'Miss', 'Mrs', 'Madame', 'Monsieur']</msg>
<var>${allowed_titles}</var>
<arg>Mr</arg>
<arg>Ms</arg>
<arg>Miss</arg>
<arg>Mrs</arg>
<arg>Madame</arg>
<arg>Monsieur</arg>
<doc>Returns a list containing given items.</doc>
<status status="PASS" start="2024-05-03T20:15:38.998162" elapsed="0.000171"/>
</kw>
<kw name="List Should Contain Value" owner="Collections">
<msg time="2024-05-03T20:15:38.998802" level="INFO">False</msg>
<arg>${allowed_titles}</arg>
<arg>${name_title}</arg>
<doc>Fails if the ``value`` is not found from ``list``.</doc>
<status status="PASS" start="2024-05-03T20:15:38.998630" elapsed="0.000207"/>
</kw>
<kw name="Set Variable" owner="BuiltIn">
<msg time="2024-05-03T20:15:38.999512" level="INFO">${name_country} = GB</msg>
<var>${name_country}</var>
<arg>${json_data["results"][0]["nat"]}</arg>
<doc>Returns the given values which can then be assigned to a variables.</doc>
<status status="PASS" start="2024-05-03T20:15:38.999129" elapsed="0.000408"/>
</kw>
<kw name="Create List" owner="BuiltIn">
<msg time="2024-05-03T20:15:39.000417" level="INFO">${list_country} = ['AD', 'AE', 'AF', 'AG', 'AI', 'AL', 'AM', 'AO', 'AQ', 'AR', 'AS', 'AT', 'AU', 'AW', 'AX', 'AZ', 'BA', 'BB', 'BD', 'BE', 'BF', 'BG', 'BH', 'BI', 'BJ', 'BL', 'BM', 'BN', 'BO', 'BQ', 'BR', 'BS', 'BT', '...</msg>
<var>${list_country}</var>
<arg>AD</arg>
<arg>AE</arg>
<arg>AF</arg>
<arg>AG</arg>
<arg>AI</arg>
<arg>AL</arg>
<arg>AM</arg>
<arg>AO</arg>
<arg>AQ</arg>
<arg>AR</arg>
<arg>AS</arg>
<arg>AT</arg>
<arg>AU</arg>
<arg>AW</arg>
<arg>AX</arg>
<arg>AZ</arg>
<arg>BA</arg>
<arg>BB</arg>
<arg>BD</arg>
<arg>BE</arg>
<arg>BF</arg>
<arg>BG</arg>
<arg>BH</arg>
<arg>BI</arg>
<arg>BJ</arg>
<arg>BL</arg>
<arg>BM</arg>
<arg>BN</arg>
<arg>BO</arg>
<arg>BQ</arg>
<arg>BR</arg>
<arg>BS</arg>
<arg>BT</arg>
<arg>BV</arg>
<arg>BW</arg>
<arg>BY</arg>
<arg>BZ</arg>
<arg>CA</arg>
<arg>CC</arg>
<arg>CD</arg>
<arg>CF</arg>
<arg>CG</arg>
<arg>CH</arg>
<arg>CI</arg>
<arg>CK</arg>
<arg>CL</arg>
<arg>CM</arg>
<arg>CN</arg>
<arg>CO</arg>
<arg>CR</arg>
<arg>CU</arg>
<arg>CV</arg>
<arg>CW</arg>
<arg>CX</arg>
<arg>CY</arg>
<arg>CZ</arg>
<arg>DE</arg>
<arg>DJ</arg>
<arg>DK</arg>
<arg>DM</arg>
<arg>DO</arg>
<arg>DZ</arg>
<arg>EC</arg>
<arg>EE</arg>
<arg>EG</arg>
<arg>EH</arg>
<arg>ER</arg>
<arg>ES</arg>
<arg>ET</arg>
<arg>FI</arg>
<arg>FJ</arg>
<arg>FK</arg>
<arg>FM</arg>
<arg>FO</arg>
<arg>FR</arg>
<arg>GA</arg>
<arg>GB</arg>
<arg>GD</arg>
<arg>GE</arg>
<arg>GF</arg>
<arg>GG</arg>
<arg>GH</arg>
<arg>GI</arg>
<arg>GL</arg>
<arg>GM</arg>
<arg>GN</arg>
<arg>GP</arg>
<arg>GQ</arg>
<arg>GR</arg>
<arg>GS</arg>
<arg>GT</arg>
<arg>GU</arg>
<arg>GW</arg>
<arg>GY</arg>
<arg>HK</arg>
<arg>HM</arg>
<arg>HN</arg>
<arg>HR</arg>
<arg>HT</arg>
<arg>HU</arg>
<arg>ID</arg>
<arg>IE</arg>
<arg>IL</arg>
<arg>IM</arg>
<arg>IN</arg>
<arg>IO</arg>
<arg>IQ</arg>
<arg>IR</arg>
<arg>IS</arg>
<arg>IT</arg>
<arg>JE</arg>
<arg>JM</arg>
<arg>JO</arg>
<arg>JP</arg>
<arg>KE</arg>
<arg>KG</arg>
<arg>KH</arg>
<arg>KI</arg>
<arg>KM</arg>
<arg>KN</arg>
<arg>KP</arg>
<arg>KR</arg>
<arg>KW</arg>
<arg>KY</arg>
<arg>KZ</arg>
<arg>LA</arg>
<arg>LB</arg>
<arg>LC</arg>
<arg>LI</arg>
<arg>LK</arg>
<arg>LR</arg>
<arg>LS</arg>
<arg>LT</arg>
<arg>LU</arg>
<arg>LV</arg>
<arg>LY</arg>
<arg>MA</arg>
<arg>MC</arg>
<arg>MD</arg>
<arg>ME</arg>
<arg>MF</arg>
<arg>MG</arg>
<arg>MH</arg>
<arg>MK</arg>
<arg>ML</arg>
<arg>MM</arg>
<arg>MN</arg>
<arg>MO</arg>
<arg>MP</arg>
<arg>MQ</arg>
<arg>MR</arg>
<arg>MS</arg>
<arg>MT</arg>
<arg>MU</arg>
<arg>MV</arg>
<arg>MW</arg>
<arg>MX</arg>
<arg>MY</arg>
<arg>MZ</arg>
<arg>NA</arg>
<arg>NC</arg>
<arg>NE</arg>
<arg>NF</arg>
<arg>NG</arg>
<arg>NI</arg>
<arg>NL</arg>
<arg>NO</arg>
<arg>NP</arg>
<arg>NR</arg>
<arg>NU</arg>
<arg>NZ</arg>
<arg>OM</arg>
<arg>PA</arg>
<arg>PE</arg>
<arg>PF</arg>
<arg>PG</arg>
<arg>PH</arg>
<arg>PK</arg>
<arg>PL</arg>
<arg>PM</arg>
<arg>PN</arg>
<arg>PR</arg>
<arg>PS</arg>
<arg>PT</arg>
<arg>PW</arg>
<arg>PY</arg>
<arg>QA</arg>
<arg>RE</arg>
<arg>RO</arg>
<arg>RS</arg>
<arg>RU</arg>
<arg>RW</arg>
<arg>SA</arg>
<arg>SB</arg>
<arg>SC</arg>
<arg>SD</arg>
<arg>SE</arg>
<arg>SG</arg>
<arg>SH</arg>
<arg>SI</arg>
<arg>SJ</arg>
<arg>SK</arg>
<arg>SL</arg>
<arg>SM</arg>
<arg>SN</arg>
<arg>SO</arg>
<arg>SR</arg>
<arg>SS</arg>
<arg>ST</arg>
<arg>SV</arg>
<arg>SX</arg>
<arg>SY</arg>
<arg>SZ</arg>
<arg>TC</arg>
<arg>TD</arg>
<arg>TF</arg>
<arg>TG</arg>
<arg>TH</arg>
<arg>TJ</arg>
<arg>TK</arg>
<arg>TL</arg>
<arg>TM</arg>
<arg>TN</arg>
<arg>TO</arg>
<arg>TR</arg>
<arg>TT</arg>
<arg>TV</arg>
<arg>TW</arg>
<arg>TZ</arg>
<arg>UA</arg>
<arg>UG</arg>
<arg>UM</arg>
<arg>US</arg>
<arg>UY</arg>
<arg>UZ</arg>
<arg>VA</arg>
<arg>VC</arg>
<arg>VE</arg>
<arg>VG</arg>
<arg>VI</arg>
<arg>VN</arg>
<arg>VU</arg>
<arg>WF</arg>
<arg>WS</arg>
<arg>XK</arg>
<arg>YE</arg>
<arg>YT</arg>
<arg>ZA</arg>
<arg>ZM</arg>
<arg>ZW</arg>
<doc>Returns a list containing given items.</doc>
<status status="PASS" start="2024-05-03T20:15:38.999833" elapsed="0.000609"/>
</kw>
<kw name="List Should Contain Value" owner="Collections">
<msg time="2024-05-03T20:15:39.001427" level="INFO">False</msg>
<arg>${list_country}</arg>
<arg>${name_country}</arg>
<doc>Fails if the ``value`` is not found from ``list``.</doc>
<status status="PASS" start="2024-05-03T20:15:39.001227" elapsed="0.000235"/>
</kw>
<kw name="Run Keyword If" owner="BuiltIn">
<kw name="Should Be True" owner="BuiltIn">
<arg>${True}</arg>
<doc>Fails if the given condition is not true.</doc>
<status status="PASS" start="2024-05-03T20:15:39.002545" elapsed="0.000243"/>
</kw>
<arg>${json_data["results"][0]["location"]["coordinates"]["latitude"]} &gt;= -90 and ${json_data["results"][0]["location"]["coordinates"]["latitude"]} &lt;= 90</arg>
<arg>Should Be True</arg>
<arg>${True}</arg>
<doc>Runs the given keyword with the given arguments, if ``condition`` is true.</doc>
<status status="PASS" start="2024-05-03T20:15:39.001793" elapsed="0.001135"/>
</kw>
<kw name="Run Keyword If" owner="BuiltIn">
<kw name="Should Be True" owner="BuiltIn">
<arg>${True}</arg>
<doc>Fails if the given condition is not true.</doc>
<status status="PASS" start="2024-05-03T20:15:39.003815" elapsed="0.000138"/>
</kw>
<arg>${json_data["results"][0]["location"]["coordinates"]["longitude"]} &gt;= -180 and ${json_data["results"][0]["location"]["coordinates"]["longitude"]} &lt;= 180</arg>
<arg>Should Be True</arg>
<arg>${True}</arg>
<doc>Runs the given keyword with the given arguments, if ``condition`` is true.</doc>
<status status="PASS" start="2024-05-03T20:15:39.003114" elapsed="0.000960"/>
</kw>
<status status="PASS" start="2024-05-03T20:15:38.939922" elapsed="0.064281"/>
</kw>
<doc>Testa o conteúdo específico dos campos retornados pela API.</doc>
<tag>testeConteudo</tag>
<status status="PASS" start="2024-05-03T20:15:38.939487" elapsed="0.064862"/>
</test>
<status status="PASS" start="2024-05-03T20:15:38.179884" elapsed="0.826417"/>
</suite>
<status status="PASS" start="2024-05-03T20:15:38.166419" elapsed="0.844963"/>
</suite>
<statistics>
<total>
<stat pass="5" fail="0" skip="0">All Tests</stat>
</total>
<tag>
<stat pass="1" fail="0" skip="0">testeConteudo</stat>
<stat pass="1" fail="0" skip="0">testeEstruturaResposta</stat>
<stat pass="1" fail="0" skip="0">testeRequisicaoBasica</stat>
<stat pass="1" fail="0" skip="0">testeTiposDados</stat>
</tag>
<suite>
<stat pass="5" fail="0" skip="0" id="s1" name="Tests">Tests</stat>
<stat pass="5" fail="0" skip="0" id="s1-s1" name="Random-User-Test">Tests.Random-User-Test</stat>
</suite>
</statistics>
<errors>
</errors>
</robot>
