<?xml version="1.0" encoding="UTF-8"?>
<robot generator="Robot 7.0 (Python 3.12.3 on linux)" generated="2024-04-20T19:11:30.552633" rpa="false" schemaversion="5">
<suite id="s1" name="Tests" source="/home/runner/work/DesafioQAItauRogerioJordao/DesafioQAItauRogerioJordao/RamdonUser/tests">
<suite id="s1-s1" name="Random-User-Test" source="/home/runner/work/DesafioQAItauRogerioJordao/DesafioQAItauRogerioJordao/RamdonUser/tests/random-user-test.robot">
<test id="s1-s1-t1" name="Conectar" line="13">
<kw name="Conectar API" owner="random-user-service">
<kw name="Create Session" owner="RequestsLibrary">
<msg time="2024-04-20T19:11:30.911932" level="INFO">Creating Session using : alias=consultarAPI, url=https://randomuser.me/, headers={},                     cookies={}, auth=None, timeout=None, proxies=None, verify=False,                     debug=0 </msg>
<arg>consultarAPI</arg>
<arg>${URL}</arg>
<doc>Create Session: create a HTTP session to a server</doc>
<status status="PASS" start="2024-04-20T19:11:30.911724" elapsed="0.000385"/>
</kw>
<status status="PASS" start="2024-04-20T19:11:30.910656" elapsed="0.001815"/>
</kw>
<status status="PASS" start="2024-04-20T19:11:30.909895" elapsed="0.002770"/>
</test>
<test id="s1-s1-t2" name="Validar retorno 200 e JSON Válido" line="16">
<kw name="Teste de Requisicao Basica" owner="random-user-service">
<kw name="GET On Session" owner="RequestsLibrary">
<msg time="2024-04-20T19:11:31.106133" level="INFO">GET Request : url=https://randomuser.me/api 
 path_url=/api 
 headers={'User-Agent': 'python-requests/2.31.0', 'Accept-Encoding': 'gzip, deflate', 'Accept': '*/*', 'Connection': 'keep-alive'} 
 body=None 
 </msg>
<msg time="2024-04-20T19:11:31.106281" level="INFO">GET Response : url=https://randomuser.me/api 
 status=200, reason=OK 
 headers={'Date': 'Sat, 20 Apr 2024 19:11:31 GMT', 'Content-Type': 'application/json; charset=utf-8', 'Transfer-Encoding': 'chunked', 'Connection': 'keep-alive', 'X-Powered-By': 'Express', 'Access-Control-Allow-Origin': '*', 'Cache-Control': 'no-cache', 'ETag': 'W/"495-yKTAGv7caT+RJlPqOp8vCzEau5Y"', 'Vary': 'Accept-Encoding', 'Content-Encoding': 'gzip', 'CF-Cache-Status': 'DYNAMIC', 'Report-To': '{"endpoints":[{"url":"https:\\/\\/a.nel.cloudflare.com\\/report\\/v4?s=2cHrRQTGZf%2FdxxVPe2JNQI4RLO%2BwTnk31v2%2F2zYSs2fXO94Y7x2ljONBg%2FBf9%2Fv529F3EO2rdUqUtRZyP3Q2xlYDmOYS%2FOVgmXY2lSfwske2N6tW0LcA%2BSLPTLmUpAiH"}],"group":"cf-nel","max_age":604800}', 'NEL': '{"success_fraction":0,"report_to":"cf-nel","max_age":604800}', 'Server': 'cloudflare', 'CF-RAY': '877770cb1e9d2bc4-ORD', 'alt-svc': 'h3=":443"; ma=86400'} 
 body={"results":[{"gender":"female","name":{"title":"Ms","first":"Berta","last":"Mezger"},"location":{"street":{"number":367,"name":"Birkenweg"},"city":"Osterholz-Scharmbeck","state":"Bayern","country":"Germany","postcode":11254,"coordinates":{"latitude":"-50.4609","longitude":"163.7004"},"timezone":{"offset":"-7:00","description":"Mountain Time (US &amp; Canada)"}},"email":"berta.mezger@example.com","login":{"uuid":"19b202a1-0256-4396-97dd-045cdbbde1b4","username":"ticklishbear348","password":"stone","salt":"lvxnKxfE","md5":"3ccc3135ac167c605a4172c55d9a782a","sha1":"e88b576cc8cfd27d1d0360ad5357163694253d8a","sha256":"4b5559dc1ba31fce5bb557bd9271ec925ee717f28ac11a62862f4a6ed3ffb26a"},"dob":{"date":"1965-09-08T04:54:47.711Z","age":58},"registered":{"date":"2018-04-03T17:39:32.695Z","age":6},"phone":"0778-9072314","cell":"0177-3586048","id":{"name":"SVNR","value":"60 070965 M 995"},"picture":{"large":"https://randomuser.me/api/portraits/women/79.jpg","medium":"https://randomuser.me/api/portraits/med/women/79.jpg","thumbnail":"https://randomuser.me/api/portraits/thumb/women/79.jpg"},"nat":"DE"}],"info":{"seed":"ec3073778af60e51","results":1,"page":1,"version":"1.4"}} 
 </msg>
<msg time="2024-04-20T19:11:31.106363" level="INFO">/opt/hostedtoolcache/Python/3.12.3/x64/lib/python3.12/site-packages/urllib3/connectionpool.py:1103: InsecureRequestWarning: Unverified HTTPS request is being made to host 'randomuser.me'. Adding certificate verification is strongly advised. See: https://urllib3.readthedocs.io/en/latest/advanced-usage.html#tls-warnings
  warnings.warn(</msg>
<msg time="2024-04-20T19:11:31.106522" level="INFO">${response} = &lt;Response [200]&gt;</msg>
<var>${response}</var>
<arg>consultarAPI</arg>
<arg>/api</arg>
<doc>Sends a GET request on a previously created HTTP Session.</doc>
<status status="PASS" start="2024-04-20T19:11:30.915270" elapsed="0.191295"/>
</kw>
<kw name="Should Be Equal As Numbers" owner="BuiltIn">
<msg time="2024-04-20T19:11:31.107709" level="INFO">Argument types are:
&lt;class 'int'&gt;
&lt;class 'str'&gt;</msg>
<arg>${response.status_code}</arg>
<arg>200</arg>
<doc>Fails if objects are unequal after converting them to real numbers.</doc>
<status status="PASS" start="2024-04-20T19:11:31.107243" elapsed="0.000531"/>
</kw>
<kw name="Log" owner="BuiltIn">
<msg time="2024-04-20T19:11:31.108467" level="INFO">200</msg>
<arg>${response.status_code}</arg>
<doc>Logs the given message with the given level.</doc>
<status status="PASS" start="2024-04-20T19:11:31.108112" elapsed="0.000397"/>
</kw>
<kw name="Set Variable" owner="BuiltIn">
<msg time="2024-04-20T19:11:31.109245" level="INFO">${json_data} = {'results': [{'gender': 'female', 'name': {'title': 'Ms', 'first': 'Berta', 'last': 'Mezger'}, 'location': {'street': {'number': 367, 'name': 'Birkenweg'}, 'city': 'Osterholz-Scharmbeck', 'state': 'Ba...</msg>
<var>${json_data}</var>
<arg>${response.json()}</arg>
<doc>Returns the given values which can then be assigned to a variables.</doc>
<status status="PASS" start="2024-04-20T19:11:31.108814" elapsed="0.000460"/>
</kw>
<kw name="Dictionary Should Contain Key" owner="Collections">
<msg time="2024-04-20T19:11:31.109749" level="INFO">False</msg>
<arg>${json_data}</arg>
<arg>results</arg>
<doc>Fails if ``key`` is not found from ``dictionary``.</doc>
<status status="PASS" start="2024-04-20T19:11:31.109575" elapsed="0.000214"/>
</kw>
<status status="PASS" start="2024-04-20T19:11:30.915021" elapsed="0.195033"/>
</kw>
<doc>Testa se a API responde corretamente e retorna um objeto JSON válido.</doc>
<tag>testeRequisicaoBasica</tag>
<status status="PASS" start="2024-04-20T19:11:30.914551" elapsed="0.195690"/>
</test>
<test id="s1-s1-t3" name="Validar estrutura de resposta" line="22">
<kw name="Teste de Estrutura de Resposta" owner="random-user-service">
<kw name="GET On Session" owner="RequestsLibrary">
<msg time="2024-04-20T19:11:31.202680" level="INFO">GET Request : url=https://randomuser.me/api 
 path_url=/api 
 headers={'User-Agent': 'python-requests/2.31.0', 'Accept-Encoding': 'gzip, deflate', 'Accept': '*/*', 'Connection': 'keep-alive'} 
 body=None 
 </msg>
<msg time="2024-04-20T19:11:31.202792" level="INFO">GET Response : url=https://randomuser.me/api 
 status=200, reason=OK 
 headers={'Date': 'Sat, 20 Apr 2024 19:11:31 GMT', 'Content-Type': 'application/json; charset=utf-8', 'Transfer-Encoding': 'chunked', 'Connection': 'keep-alive', 'X-Powered-By': 'Express', 'Access-Control-Allow-Origin': '*', 'Cache-Control': 'no-cache', 'ETag': 'W/"490-f69Cbde6D4hZI0yhBuT1idIacRA"', 'Vary': 'Accept-Encoding', 'Content-Encoding': 'gzip', 'CF-Cache-Status': 'DYNAMIC', 'Report-To': '{"endpoints":[{"url":"https:\\/\\/a.nel.cloudflare.com\\/report\\/v4?s=LfF2pUYxS73zEawGRTl7RGUFrVvIgodKDc9pBI58wPzsOp04Zg9%2FQGbFxDulGsZoziBnjHn8RPuuMjdDFjfoTeUqHHN2OBUWIHrhukze9uFGUtTWLMIm77U0PiOTyRR1"}],"group":"cf-nel","max_age":604800}', 'NEL': '{"success_fraction":0,"report_to":"cf-nel","max_age":604800}', 'Server': 'cloudflare', 'CF-RAY': '877770cb7f062bc4-ORD', 'alt-svc': 'h3=":443"; ma=86400'} 
 body={"results":[{"gender":"male","name":{"title":"Mr","first":"Svetozar","last":"Marinković"},"location":{"street":{"number":1869,"name":"Brainska"},"city":"Bujanovac","state":"Mačva","country":"Serbia","postcode":57158,"coordinates":{"latitude":"58.0879","longitude":"-77.5418"},"timezone":{"offset":"-4:00","description":"Atlantic Time (Canada), Caracas, La Paz"}},"email":"svetozar.marinkovic@example.com","login":{"uuid":"c6421248-5411-48f8-8e23-3ac18d237731","username":"blueduck289","password":"testtest","salt":"upeeH0FH","md5":"5d1b0379b16af2990db99c58e516a04a","sha1":"fc2dd3f04944acc0ca424ec48ae3518059d217d5","sha256":"24d5870671f5eaa357c9de2c8bd1369f14cad089fe2853dac86ede040d2e5a3d"},"dob":{"date":"1982-11-02T02:54:17.572Z","age":41},"registered":{"date":"2018-06-08T10:40:37.068Z","age":5},"phone":"028-1244-213","cell":"068-1120-617","id":{"name":"SID","value":"784695757"},"picture":{"large":"https://randomuser.me/api/portraits/men/9.jpg","medium":"https://randomuser.me/api/portraits/med/men/9.jpg","thumbnail":"https://randomuser.me/api/portraits/thumb/men/9.jpg"},"nat":"RS"}],"info":{"seed":"dac41b7521a24614","results":1,"page":1,"version":"1.4"}} 
 </msg>
<msg time="2024-04-20T19:11:31.202966" level="INFO">/opt/hostedtoolcache/Python/3.12.3/x64/lib/python3.12/site-packages/urllib3/connectionpool.py:1103: InsecureRequestWarning: Unverified HTTPS request is being made to host 'randomuser.me'. Adding certificate verification is strongly advised. See: https://urllib3.readthedocs.io/en/latest/advanced-usage.html#tls-warnings
  warnings.warn(</msg>
<msg time="2024-04-20T19:11:31.203120" level="INFO">${response} = &lt;Response [200]&gt;</msg>
<var>${response}</var>
<arg>consultarAPI</arg>
<arg>/api</arg>
<doc>Sends a GET request on a previously created HTTP Session.</doc>
<status status="PASS" start="2024-04-20T19:11:31.113093" elapsed="0.090075"/>
</kw>
<kw name="Set Variable" owner="BuiltIn">
<msg time="2024-04-20T19:11:31.204344" level="INFO">${json_data} = {'results': [{'gender': 'male', 'name': {'title': 'Mr', 'first': 'Svetozar', 'last': 'Marinković'}, 'location': {'street': {'number': 1869, 'name': 'Brainska'}, 'city': 'Bujanovac', 'state': 'Mačva', ...</msg>
<var>${json_data}</var>
<arg>${response.json()}</arg>
<doc>Returns the given values which can then be assigned to a variables.</doc>
<status status="PASS" start="2024-04-20T19:11:31.203769" elapsed="0.000605"/>
</kw>
<kw name="Log" owner="BuiltIn">
<msg time="2024-04-20T19:11:31.204849" level="INFO">{'results': [{'gender': 'male', 'name': {'title': 'Mr', 'first': 'Svetozar', 'last': 'Marinković'}, 'location': {'street': {'number': 1869, 'name': 'Brainska'}, 'city': 'Bujanovac', 'state': 'Mačva', 'country': 'Serbia', 'postcode': 57158, 'coordinates': {'latitude': '58.0879', 'longitude': '-77.5418'}, 'timezone': {'offset': '-4:00', 'description': 'Atlantic Time (Canada), Caracas, La Paz'}}, 'email': 'svetozar.marinkovic@example.com', 'login': {'uuid': 'c6421248-5411-48f8-8e23-3ac18d237731', 'username': 'blueduck289', 'password': 'testtest', 'salt': 'upeeH0FH', 'md5': '5d1b0379b16af2990db99c58e516a04a', 'sha1': 'fc2dd3f04944acc0ca424ec48ae3518059d217d5', 'sha256': '24d5870671f5eaa357c9de2c8bd1369f14cad089fe2853dac86ede040d2e5a3d'}, 'dob': {'date': '1982-11-02T02:54:17.572Z', 'age': 41}, 'registered': {'date': '2018-06-08T10:40:37.068Z', 'age': 5}, 'phone': '028-1244-213', 'cell': '068-1120-617', 'id': {'name': 'SID', 'value': '784695757'}, 'picture': {'large': 'https://randomuser.me/api/portraits/men/9.jpg', 'medium': 'https://randomuser.me/api/portraits/med/men/9.jpg', 'thumbnail': 'https://randomuser.me/api/portraits/thumb/men/9.jpg'}, 'nat': 'RS'}], 'info': {'seed': 'dac41b7521a24614', 'results': 1, 'page': 1, 'version': '1.4'}}</msg>
<arg>${json_data}</arg>
<doc>Logs the given message with the given level.</doc>
<status status="PASS" start="2024-04-20T19:11:31.204684" elapsed="0.000217"/>
</kw>
<kw name="Dictionary Should Contain Key" owner="Collections">
<msg time="2024-04-20T19:11:31.205353" level="INFO">False</msg>
<arg>${json_data}</arg>
<arg>results</arg>
<doc>Fails if ``key`` is not found from ``dictionary``.</doc>
<status status="PASS" start="2024-04-20T19:11:31.205192" elapsed="0.000199"/>
</kw>
<kw name="Should Not Be Empty" owner="BuiltIn">
<msg time="2024-04-20T19:11:31.205814" level="INFO">Length is 2.</msg>
<arg>${json_data}</arg>
<doc>Verifies that the given item is not empty.</doc>
<status status="PASS" start="2024-04-20T19:11:31.205682" elapsed="0.000330"/>
</kw>
<kw name="Create List" owner="BuiltIn">
<msg time="2024-04-20T19:11:31.206451" level="INFO">${expected_keys} = ['gender', 'name', 'location', 'email', 'login']</msg>
<var>${expected_keys}</var>
<arg>gender</arg>
<arg>name</arg>
<arg>location</arg>
<arg>email</arg>
<arg>login</arg>
<doc>Returns a list containing given items.</doc>
<status status="PASS" start="2024-04-20T19:11:31.206305" elapsed="0.000170"/>
</kw>
<for flavor="IN">
<iter>
<kw name="Dictionary Should Contain Key" owner="Collections">
<msg time="2024-04-20T19:11:31.207510" level="INFO">False</msg>
<arg>${json_data['results'][0]}</arg>
<arg>${key}</arg>
<doc>Fails if ``key`` is not found from ``dictionary``.</doc>
<status status="PASS" start="2024-04-20T19:11:31.207102" elapsed="0.000445"/>
</kw>
<kw name="Log" owner="BuiltIn">
<msg time="2024-04-20T19:11:31.208217" level="INFO">{'gender': 'male', 'name': {'title': 'Mr', 'first': 'Svetozar', 'last': 'Marinković'}, 'location': {'street': {'number': 1869, 'name': 'Brainska'}, 'city': 'Bujanovac', 'state': 'Mačva', 'country': 'Serbia', 'postcode': 57158, 'coordinates': {'latitude': '58.0879', 'longitude': '-77.5418'}, 'timezone': {'offset': '-4:00', 'description': 'Atlantic Time (Canada), Caracas, La Paz'}}, 'email': 'svetozar.marinkovic@example.com', 'login': {'uuid': 'c6421248-5411-48f8-8e23-3ac18d237731', 'username': 'blueduck289', 'password': 'testtest', 'salt': 'upeeH0FH', 'md5': '5d1b0379b16af2990db99c58e516a04a', 'sha1': 'fc2dd3f04944acc0ca424ec48ae3518059d217d5', 'sha256': '24d5870671f5eaa357c9de2c8bd1369f14cad089fe2853dac86ede040d2e5a3d'}, 'dob': {'date': '1982-11-02T02:54:17.572Z', 'age': 41}, 'registered': {'date': '2018-06-08T10:40:37.068Z', 'age': 5}, 'phone': '028-1244-213', 'cell': '068-1120-617', 'id': {'name': 'SID', 'value': '784695757'}, 'picture': {'large': 'https://randomuser.me/api/portraits/men/9.jpg', 'medium': 'https://randomuser.me/api/portraits/med/men/9.jpg', 'thumbnail': 'https://randomuser.me/api/portraits/thumb/men/9.jpg'}, 'nat': 'RS'}</msg>
<arg>${json_data['results'][0]}</arg>
<doc>Logs the given message with the given level.</doc>
<status status="PASS" start="2024-04-20T19:11:31.207846" elapsed="0.000421"/>
</kw>
<kw name="Log" owner="BuiltIn">
<msg time="2024-04-20T19:11:31.208691" level="INFO">gender</msg>
<arg>${key}</arg>
<doc>Logs the given message with the given level.</doc>
<status status="PASS" start="2024-04-20T19:11:31.208565" elapsed="0.000162"/>
</kw>
<var name="${key}">gender</var>
<status status="PASS" start="2024-04-20T19:11:31.206930" elapsed="0.002010"/>
</iter>
<iter>
<kw name="Dictionary Should Contain Key" owner="Collections">
<msg time="2024-04-20T19:11:31.209631" level="INFO">False</msg>
<arg>${json_data['results'][0]}</arg>
<arg>${key}</arg>
<doc>Fails if ``key`` is not found from ``dictionary``.</doc>
<status status="PASS" start="2024-04-20T19:11:31.209248" elapsed="0.000418"/>
</kw>
<kw name="Log" owner="BuiltIn">
<msg time="2024-04-20T19:11:31.210352" level="INFO">{'gender': 'male', 'name': {'title': 'Mr', 'first': 'Svetozar', 'last': 'Marinković'}, 'location': {'street': {'number': 1869, 'name': 'Brainska'}, 'city': 'Bujanovac', 'state': 'Mačva', 'country': 'Serbia', 'postcode': 57158, 'coordinates': {'latitude': '58.0879', 'longitude': '-77.5418'}, 'timezone': {'offset': '-4:00', 'description': 'Atlantic Time (Canada), Caracas, La Paz'}}, 'email': 'svetozar.marinkovic@example.com', 'login': {'uuid': 'c6421248-5411-48f8-8e23-3ac18d237731', 'username': 'blueduck289', 'password': 'testtest', 'salt': 'upeeH0FH', 'md5': '5d1b0379b16af2990db99c58e516a04a', 'sha1': 'fc2dd3f04944acc0ca424ec48ae3518059d217d5', 'sha256': '24d5870671f5eaa357c9de2c8bd1369f14cad089fe2853dac86ede040d2e5a3d'}, 'dob': {'date': '1982-11-02T02:54:17.572Z', 'age': 41}, 'registered': {'date': '2018-06-08T10:40:37.068Z', 'age': 5}, 'phone': '028-1244-213', 'cell': '068-1120-617', 'id': {'name': 'SID', 'value': '784695757'}, 'picture': {'large': 'https://randomuser.me/api/portraits/men/9.jpg', 'medium': 'https://randomuser.me/api/portraits/med/men/9.jpg', 'thumbnail': 'https://randomuser.me/api/portraits/thumb/men/9.jpg'}, 'nat': 'RS'}</msg>
<arg>${json_data['results'][0]}</arg>
<doc>Logs the given message with the given level.</doc>
<status status="PASS" start="2024-04-20T19:11:31.209985" elapsed="0.000415"/>
</kw>
<kw name="Log" owner="BuiltIn">
<msg time="2024-04-20T19:11:31.210822" level="INFO">name</msg>
<arg>${key}</arg>
<doc>Logs the given message with the given level.</doc>
<status status="PASS" start="2024-04-20T19:11:31.210696" elapsed="0.000161"/>
</kw>
<var name="${key}">name</var>
<status status="PASS" start="2024-04-20T19:11:31.209132" elapsed="0.001968"/>
</iter>
<iter>
<kw name="Dictionary Should Contain Key" owner="Collections">
<msg time="2024-04-20T19:11:31.211773" level="INFO">False</msg>
<arg>${json_data['results'][0]}</arg>
<arg>${key}</arg>
<doc>Fails if ``key`` is not found from ``dictionary``.</doc>
<status status="PASS" start="2024-04-20T19:11:31.211387" elapsed="0.000423"/>
</kw>
<kw name="Log" owner="BuiltIn">
<msg time="2024-04-20T19:11:31.212476" level="INFO">{'gender': 'male', 'name': {'title': 'Mr', 'first': 'Svetozar', 'last': 'Marinković'}, 'location': {'street': {'number': 1869, 'name': 'Brainska'}, 'city': 'Bujanovac', 'state': 'Mačva', 'country': 'Serbia', 'postcode': 57158, 'coordinates': {'latitude': '58.0879', 'longitude': '-77.5418'}, 'timezone': {'offset': '-4:00', 'description': 'Atlantic Time (Canada), Caracas, La Paz'}}, 'email': 'svetozar.marinkovic@example.com', 'login': {'uuid': 'c6421248-5411-48f8-8e23-3ac18d237731', 'username': 'blueduck289', 'password': 'testtest', 'salt': 'upeeH0FH', 'md5': '5d1b0379b16af2990db99c58e516a04a', 'sha1': 'fc2dd3f04944acc0ca424ec48ae3518059d217d5', 'sha256': '24d5870671f5eaa357c9de2c8bd1369f14cad089fe2853dac86ede040d2e5a3d'}, 'dob': {'date': '1982-11-02T02:54:17.572Z', 'age': 41}, 'registered': {'date': '2018-06-08T10:40:37.068Z', 'age': 5}, 'phone': '028-1244-213', 'cell': '068-1120-617', 'id': {'name': 'SID', 'value': '784695757'}, 'picture': {'large': 'https://randomuser.me/api/portraits/men/9.jpg', 'medium': 'https://randomuser.me/api/portraits/med/men/9.jpg', 'thumbnail': 'https://randomuser.me/api/portraits/thumb/men/9.jpg'}, 'nat': 'RS'}</msg>
<arg>${json_data['results'][0]}</arg>
<doc>Logs the given message with the given level.</doc>
<status status="PASS" start="2024-04-20T19:11:31.212113" elapsed="0.000410"/>
</kw>
<kw name="Log" owner="BuiltIn">
<msg time="2024-04-20T19:11:31.212940" level="INFO">location</msg>
<arg>${key}</arg>
<doc>Logs the given message with the given level.</doc>
<status status="PASS" start="2024-04-20T19:11:31.212817" elapsed="0.000161"/>
</kw>
<var name="${key}">location</var>
<status status="PASS" start="2024-04-20T19:11:31.211277" elapsed="0.001912"/>
</iter>
<iter>
<kw name="Dictionary Should Contain Key" owner="Collections">
<msg time="2024-04-20T19:11:31.213855" level="INFO">False</msg>
<arg>${json_data['results'][0]}</arg>
<arg>${key}</arg>
<doc>Fails if ``key`` is not found from ``dictionary``.</doc>
<status status="PASS" start="2024-04-20T19:11:31.213471" elapsed="0.000420"/>
</kw>
<kw name="Log" owner="BuiltIn">
<msg time="2024-04-20T19:11:31.214545" level="INFO">{'gender': 'male', 'name': {'title': 'Mr', 'first': 'Svetozar', 'last': 'Marinković'}, 'location': {'street': {'number': 1869, 'name': 'Brainska'}, 'city': 'Bujanovac', 'state': 'Mačva', 'country': 'Serbia', 'postcode': 57158, 'coordinates': {'latitude': '58.0879', 'longitude': '-77.5418'}, 'timezone': {'offset': '-4:00', 'description': 'Atlantic Time (Canada), Caracas, La Paz'}}, 'email': 'svetozar.marinkovic@example.com', 'login': {'uuid': 'c6421248-5411-48f8-8e23-3ac18d237731', 'username': 'blueduck289', 'password': 'testtest', 'salt': 'upeeH0FH', 'md5': '5d1b0379b16af2990db99c58e516a04a', 'sha1': 'fc2dd3f04944acc0ca424ec48ae3518059d217d5', 'sha256': '24d5870671f5eaa357c9de2c8bd1369f14cad089fe2853dac86ede040d2e5a3d'}, 'dob': {'date': '1982-11-02T02:54:17.572Z', 'age': 41}, 'registered': {'date': '2018-06-08T10:40:37.068Z', 'age': 5}, 'phone': '028-1244-213', 'cell': '068-1120-617', 'id': {'name': 'SID', 'value': '784695757'}, 'picture': {'large': 'https://randomuser.me/api/portraits/men/9.jpg', 'medium': 'https://randomuser.me/api/portraits/med/men/9.jpg', 'thumbnail': 'https://randomuser.me/api/portraits/thumb/men/9.jpg'}, 'nat': 'RS'}</msg>
<arg>${json_data['results'][0]}</arg>
<doc>Logs the given message with the given level.</doc>
<status status="PASS" start="2024-04-20T19:11:31.214184" elapsed="0.000410"/>
</kw>
<kw name="Log" owner="BuiltIn">
<msg time="2024-04-20T19:11:31.215068" level="INFO">email</msg>
<arg>${key}</arg>
<doc>Logs the given message with the given level.</doc>
<status status="PASS" start="2024-04-20T19:11:31.214884" elapsed="0.000234"/>
</kw>
<var name="${key}">email</var>
<status status="PASS" start="2024-04-20T19:11:31.213362" elapsed="0.001974"/>
</iter>
<iter>
<kw name="Dictionary Should Contain Key" owner="Collections">
<msg time="2024-04-20T19:11:31.215990" level="INFO">False</msg>
<arg>${json_data['results'][0]}</arg>
<arg>${key}</arg>
<doc>Fails if ``key`` is not found from ``dictionary``.</doc>
<status status="PASS" start="2024-04-20T19:11:31.215611" elapsed="0.000415"/>
</kw>
<kw name="Log" owner="BuiltIn">
<msg time="2024-04-20T19:11:31.216687" level="INFO">{'gender': 'male', 'name': {'title': 'Mr', 'first': 'Svetozar', 'last': 'Marinković'}, 'location': {'street': {'number': 1869, 'name': 'Brainska'}, 'city': 'Bujanovac', 'state': 'Mačva', 'country': 'Serbia', 'postcode': 57158, 'coordinates': {'latitude': '58.0879', 'longitude': '-77.5418'}, 'timezone': {'offset': '-4:00', 'description': 'Atlantic Time (Canada), Caracas, La Paz'}}, 'email': 'svetozar.marinkovic@example.com', 'login': {'uuid': 'c6421248-5411-48f8-8e23-3ac18d237731', 'username': 'blueduck289', 'password': 'testtest', 'salt': 'upeeH0FH', 'md5': '5d1b0379b16af2990db99c58e516a04a', 'sha1': 'fc2dd3f04944acc0ca424ec48ae3518059d217d5', 'sha256': '24d5870671f5eaa357c9de2c8bd1369f14cad089fe2853dac86ede040d2e5a3d'}, 'dob': {'date': '1982-11-02T02:54:17.572Z', 'age': 41}, 'registered': {'date': '2018-06-08T10:40:37.068Z', 'age': 5}, 'phone': '028-1244-213', 'cell': '068-1120-617', 'id': {'name': 'SID', 'value': '784695757'}, 'picture': {'large': 'https://randomuser.me/api/portraits/men/9.jpg', 'medium': 'https://randomuser.me/api/portraits/med/men/9.jpg', 'thumbnail': 'https://randomuser.me/api/portraits/thumb/men/9.jpg'}, 'nat': 'RS'}</msg>
<arg>${json_data['results'][0]}</arg>
<doc>Logs the given message with the given level.</doc>
<status status="PASS" start="2024-04-20T19:11:31.216318" elapsed="0.000418"/>
</kw>
<kw name="Log" owner="BuiltIn">
<msg time="2024-04-20T19:11:31.217151" level="INFO">login</msg>
<arg>${key}</arg>
<doc>Logs the given message with the given level.</doc>
<status status="PASS" start="2024-04-20T19:11:31.217028" elapsed="0.000159"/>
</kw>
<var name="${key}">login</var>
<status status="PASS" start="2024-04-20T19:11:31.215503" elapsed="0.001923"/>
</iter>
<var>${key}</var>
<value>@{expected_keys}</value>
<status status="PASS" start="2024-04-20T19:11:31.206735" elapsed="0.010813"/>
</for>
<kw name="Create List" owner="BuiltIn">
<msg time="2024-04-20T19:11:31.217870" level="INFO">${expected_keysTwo} = ['username', 'password']</msg>
<var>${expected_keysTwo}</var>
<arg>username</arg>
<arg>password</arg>
<doc>Returns a list containing given items.</doc>
<status status="PASS" start="2024-04-20T19:11:31.217737" elapsed="0.000156"/>
</kw>
<for flavor="IN">
<iter>
<kw name="Dictionary Should Contain Key" owner="Collections">
<msg time="2024-04-20T19:11:31.218773" level="INFO">False</msg>
<arg>${json_data['results'][0]['login']}</arg>
<arg>${keyTwo}</arg>
<doc>Fails if ``key`` is not found from ``dictionary``.</doc>
<status status="PASS" start="2024-04-20T19:11:31.218387" elapsed="0.000423"/>
</kw>
<kw name="Dictionary Should Contain Key" owner="Collections">
<msg time="2024-04-20T19:11:31.219525" level="INFO">False</msg>
<arg>${json_data['results'][0]['login']}</arg>
<arg>${keyTwo}</arg>
<doc>Fails if ``key`` is not found from ``dictionary``.</doc>
<status status="PASS" start="2024-04-20T19:11:31.219138" elapsed="0.000424"/>
</kw>
<kw name="Log" owner="BuiltIn">
<msg time="2024-04-20T19:11:31.219981" level="INFO">username</msg>
<arg>${keyTwo}</arg>
<doc>Logs the given message with the given level.</doc>
<status status="PASS" start="2024-04-20T19:11:31.219855" elapsed="0.000170"/>
</kw>
<var name="${keyTwo}">username</var>
<status status="PASS" start="2024-04-20T19:11:31.218277" elapsed="0.001962"/>
</iter>
<iter>
<kw name="Dictionary Should Contain Key" owner="Collections">
<msg time="2024-04-20T19:11:31.220979" level="INFO">False</msg>
<arg>${json_data['results'][0]['login']}</arg>
<arg>${keyTwo}</arg>
<doc>Fails if ``key`` is not found from ``dictionary``.</doc>
<status status="PASS" start="2024-04-20T19:11:31.220517" elapsed="0.000509"/>
</kw>
<kw name="Dictionary Should Contain Key" owner="Collections">
<msg time="2024-04-20T19:11:31.221696" level="INFO">False</msg>
<arg>${json_data['results'][0]['login']}</arg>
<arg>${keyTwo}</arg>
<doc>Fails if ``key`` is not found from ``dictionary``.</doc>
<status status="PASS" start="2024-04-20T19:11:31.221323" elapsed="0.000409"/>
</kw>
<kw name="Log" owner="BuiltIn">
<msg time="2024-04-20T19:11:31.222142" level="INFO">password</msg>
<arg>${keyTwo}</arg>
<doc>Logs the given message with the given level.</doc>
<status status="PASS" start="2024-04-20T19:11:31.222018" elapsed="0.000161"/>
</kw>
<var name="${keyTwo}">password</var>
<status status="PASS" start="2024-04-20T19:11:31.220410" elapsed="0.001978"/>
</iter>
<var>${keyTwo}</var>
<value>@{expected_keysTwo}</value>
<status status="PASS" start="2024-04-20T19:11:31.218126" elapsed="0.004380"/>
</for>
<status status="PASS" start="2024-04-20T19:11:31.112850" elapsed="0.109795"/>
</kw>
<doc>Testa a estrutura da resposta da API.</doc>
<tag>testeEstruturaResposta</tag>
<status status="PASS" start="2024-04-20T19:11:31.112242" elapsed="0.110557"/>
</test>
<test id="s1-s1-t4" name="Validar tipos de dados" line="28">
<kw name="Teste de Tipos de Dados" owner="random-user-service">
<kw name="GET On Session" owner="RequestsLibrary">
<msg time="2024-04-20T19:11:31.310059" level="INFO">GET Request : url=https://randomuser.me/api 
 path_url=/api 
 headers={'User-Agent': 'python-requests/2.31.0', 'Accept-Encoding': 'gzip, deflate', 'Accept': '*/*', 'Connection': 'keep-alive'} 
 body=None 
 </msg>
<msg time="2024-04-20T19:11:31.310146" level="INFO">GET Response : url=https://randomuser.me/api 
 status=200, reason=OK 
 headers={'Date': 'Sat, 20 Apr 2024 19:11:31 GMT', 'Content-Type': 'application/json; charset=utf-8', 'Transfer-Encoding': 'chunked', 'Connection': 'keep-alive', 'X-Powered-By': 'Express', 'Access-Control-Allow-Origin': '*', 'Cache-Control': 'no-cache', 'ETag': 'W/"49e-8PKBIXNrFTEa9zDXOzHtGS4Axxs"', 'Vary': 'Accept-Encoding', 'Content-Encoding': 'gzip', 'CF-Cache-Status': 'DYNAMIC', 'Report-To': '{"endpoints":[{"url":"https:\\/\\/a.nel.cloudflare.com\\/report\\/v4?s=1G%2FycZKbs8aQhsxDIxt1WlGl205c8tMwpDRi02s6qxEAkCAYa1UcEiXiCp3OjgJH4Xch1KGccGF6wQBvzuWYp%2FENyPXc7J7ztmamoJlqQjOl8H1%2FNd9FloEAC%2BgHuhpx"}],"group":"cf-nel","max_age":604800}', 'NEL': '{"success_fraction":0,"report_to":"cf-nel","max_age":604800}', 'Server': 'cloudflare', 'CF-RAY': '877770cc2fd42bc4-ORD', 'alt-svc': 'h3=":443"; ma=86400'} 
 body={"results":[{"gender":"female","name":{"title":"Miss","first":"Stella","last":"Meleshchenko"},"location":{"street":{"number":8972,"name":"Vinnikivska"},"city":"Gayvoron","state":"Poltavska","country":"Ukraine","postcode":49433,"coordinates":{"latitude":"75.7708","longitude":"169.4214"},"timezone":{"offset":"+3:00","description":"Baghdad, Riyadh, Moscow, St. Petersburg"}},"email":"stella.meleshchenko@example.com","login":{"uuid":"d928e23a-7457-4c6e-a4d7-fa302873db46","username":"lazyzebra673","password":"survivor","salt":"puDVz3yq","md5":"a854d69a430c6f89601d06e9eb529187","sha1":"d77a3f53716d92185cdb9335f3efd401be74ed3f","sha256":"063d6f1d9fafe03c73309e2793b1760b20e033e65aa639f3a433209b4f4f5c61"},"dob":{"date":"1956-12-12T07:52:50.033Z","age":67},"registered":{"date":"2002-10-29T10:06:32.702Z","age":21},"phone":"(096) M18-7233","cell":"(096) E78-5001","id":{"name":"","value":null},"picture":{"large":"https://randomuser.me/api/portraits/women/17.jpg","medium":"https://randomuser.me/api/portraits/med/women/17.jpg","thumbnail":"https://randomuser.me/api/portraits/thumb/women/17.jpg"},"nat":"UA"}],"info":{"seed":"87cc51ed2a905999","results":1,"page":1,"version":"1.4"}} 
 </msg>
<msg time="2024-04-20T19:11:31.310218" level="INFO">/opt/hostedtoolcache/Python/3.12.3/x64/lib/python3.12/site-packages/urllib3/connectionpool.py:1103: InsecureRequestWarning: Unverified HTTPS request is being made to host 'randomuser.me'. Adding certificate verification is strongly advised. See: https://urllib3.readthedocs.io/en/latest/advanced-usage.html#tls-warnings
  warnings.warn(</msg>
<msg time="2024-04-20T19:11:31.310340" level="INFO">${response} = &lt;Response [200]&gt;</msg>
<var>${response}</var>
<arg>consultarAPI</arg>
<arg>/api</arg>
<doc>Sends a GET request on a previously created HTTP Session.</doc>
<status status="PASS" start="2024-04-20T19:11:31.225402" elapsed="0.084989"/>
</kw>
<kw name="Set Variable" owner="BuiltIn">
<msg time="2024-04-20T19:11:31.311481" level="INFO">${json_data} = {'results': [{'gender': 'female', 'name': {'title': 'Miss', 'first': 'Stella', 'last': 'Meleshchenko'}, 'location': {'street': {'number': 8972, 'name': 'Vinnikivska'}, 'city': 'Gayvoron', 'state': 'Po...</msg>
<var>${json_data}</var>
<arg>${response.json()}</arg>
<doc>Returns the given values which can then be assigned to a variables.</doc>
<status status="PASS" start="2024-04-20T19:11:31.310895" elapsed="0.000615"/>
</kw>
<kw name="Log" owner="BuiltIn">
<msg time="2024-04-20T19:11:31.311986" level="INFO">{'results': [{'gender': 'female', 'name': {'title': 'Miss', 'first': 'Stella', 'last': 'Meleshchenko'}, 'location': {'street': {'number': 8972, 'name': 'Vinnikivska'}, 'city': 'Gayvoron', 'state': 'Poltavska', 'country': 'Ukraine', 'postcode': 49433, 'coordinates': {'latitude': '75.7708', 'longitude': '169.4214'}, 'timezone': {'offset': '+3:00', 'description': 'Baghdad, Riyadh, Moscow, St. Petersburg'}}, 'email': 'stella.meleshchenko@example.com', 'login': {'uuid': 'd928e23a-7457-4c6e-a4d7-fa302873db46', 'username': 'lazyzebra673', 'password': 'survivor', 'salt': 'puDVz3yq', 'md5': 'a854d69a430c6f89601d06e9eb529187', 'sha1': 'd77a3f53716d92185cdb9335f3efd401be74ed3f', 'sha256': '063d6f1d9fafe03c73309e2793b1760b20e033e65aa639f3a433209b4f4f5c61'}, 'dob': {'date': '1956-12-12T07:52:50.033Z', 'age': 67}, 'registered': {'date': '2002-10-29T10:06:32.702Z', 'age': 21}, 'phone': '(096) M18-7233', 'cell': '(096) E78-5001', 'id': {'name': '', 'value': None}, 'picture': {'large': 'https://randomuser.me/api/portraits/women/17.jpg', 'medium': 'https://randomuser.me/api/portraits/med/women/17.jpg', 'thumbnail': 'https://randomuser.me/api/portraits/thumb/women/17.jpg'}, 'nat': 'UA'}], 'info': {'seed': '87cc51ed2a905999', 'results': 1, 'page': 1, 'version': '1.4'}}</msg>
<arg>${json_data}</arg>
<doc>Logs the given message with the given level.</doc>
<status status="PASS" start="2024-04-20T19:11:31.311825" elapsed="0.000241"/>
</kw>
<kw name="Should Be String" owner="String">
<arg>${json_data['results'][0]['gender']}</arg>
<doc>Fails if the given ``item`` is not a string.</doc>
<status status="PASS" start="2024-04-20T19:11:31.312371" elapsed="0.000359"/>
</kw>
<kw name="Should Match Regexp" owner="BuiltIn">
<arg>${json_data['results'][0]['email']}</arg>
<arg>^[a-zA-Z0-9._%+-]+@[a-zA-Z0-9.-]+\.[a-zA-Z]{2,}$</arg>
<doc>Fails if ``string`` does not match ``pattern`` as a regular expression.</doc>
<status status="PASS" start="2024-04-20T19:11:31.312922" elapsed="0.000510"/>
</kw>
<kw name="Should Match Regexp" owner="BuiltIn">
<arg>${json_data['results'][0]['dob']['date']}</arg>
<arg>\\d{4}-\\d{2}-\\d{2}T\\d{2}:\\d{2}:\\d{2}\\.\\d{3}Z</arg>
<doc>Fails if ``string`` does not match ``pattern`` as a regular expression.</doc>
<status status="PASS" start="2024-04-20T19:11:31.313628" elapsed="0.000485"/>
</kw>
<kw name="Should Match Regexp" owner="BuiltIn">
<arg>${json_data['results'][0]['registered']['date']}</arg>
<arg>\\d{4}-\\d{2}-\\d{2}T\\d{2}:\\d{2}:\\d{2}\\.\\d{3}Z</arg>
<doc>Fails if ``string`` does not match ``pattern`` as a regular expression.</doc>
<status status="PASS" start="2024-04-20T19:11:31.314306" elapsed="0.000373"/>
</kw>
<kw name="Should Match Regexp" owner="BuiltIn">
<arg>${json_data['results'][0]['picture']['large']}</arg>
<arg>^https?://.*\.(?:png|jpe?g|gif|bmp)$</arg>
<doc>Fails if ``string`` does not match ``pattern`` as a regular expression.</doc>
<status status="PASS" start="2024-04-20T19:11:31.314870" elapsed="0.000500"/>
</kw>
<kw name="Should Match Regexp" owner="BuiltIn">
<arg>${json_data['results'][0]['picture']['medium']}</arg>
<arg>^https?://.*\.(?:png|jpe?g|gif|bmp)$</arg>
<doc>Fails if ``string`` does not match ``pattern`` as a regular expression.</doc>
<status status="PASS" start="2024-04-20T19:11:31.315558" elapsed="0.000357"/>
</kw>
<kw name="Should Match Regexp" owner="BuiltIn">
<arg>${json_data['results'][0]['picture']['thumbnail']}</arg>
<arg>^https?://.*\.(?:png|jpe?g|gif|bmp)$</arg>
<doc>Fails if ``string`` does not match ``pattern`` as a regular expression.</doc>
<status status="PASS" start="2024-04-20T19:11:31.316107" elapsed="0.000353"/>
</kw>
<kw name="Log" owner="BuiltIn">
<msg time="2024-04-20T19:11:31.316961" level="INFO">{'large': 'https://randomuser.me/api/portraits/women/17.jpg', 'medium': 'https://randomuser.me/api/portraits/med/women/17.jpg', 'thumbnail': 'https://randomuser.me/api/portraits/thumb/women/17.jpg'}</msg>
<arg>${json_data['results'][0]['picture']}</arg>
<doc>Logs the given message with the given level.</doc>
<status status="PASS" start="2024-04-20T19:11:31.316641" elapsed="0.000361"/>
</kw>
<status status="PASS" start="2024-04-20T19:11:31.225173" elapsed="0.092084"/>
</kw>
<kw name="Teste de Tipos de Dados - Postcode" owner="random-user-service">
<kw name="GET On Session" owner="RequestsLibrary">
<msg time="2024-04-20T19:11:31.410793" level="INFO">GET Request : url=https://randomuser.me/api 
 path_url=/api 
 headers={'User-Agent': 'python-requests/2.31.0', 'Accept-Encoding': 'gzip, deflate', 'Accept': '*/*', 'Connection': 'keep-alive'} 
 body=None 
 </msg>
<msg time="2024-04-20T19:11:31.410870" level="INFO">GET Response : url=https://randomuser.me/api 
 status=200, reason=OK 
 headers={'Date': 'Sat, 20 Apr 2024 19:11:31 GMT', 'Content-Type': 'application/json; charset=utf-8', 'Transfer-Encoding': 'chunked', 'Connection': 'keep-alive', 'X-Powered-By': 'Express', 'Access-Control-Allow-Origin': '*', 'Cache-Control': 'no-cache', 'ETag': 'W/"492-zahgtmhShuVbDATNDWArPRACqS0"', 'Vary': 'Accept-Encoding', 'Content-Encoding': 'gzip', 'CF-Cache-Status': 'DYNAMIC', 'Report-To': '{"endpoints":[{"url":"https:\\/\\/a.nel.cloudflare.com\\/report\\/v4?s=NogFPZd87V%2FU3nNQ5VyTvpl8npTuuUmQT23eJDZ2sV77VIo2FWRkPmh7QVXguC1bUBG6enuUcMgTa2gF3ccxYVoxQw1JF3HLCA9Jy4j6XfIuACC9hW9NaVJq4%2Bg4HbAe"}],"group":"cf-nel","max_age":604800}', 'NEL': '{"success_fraction":0,"report_to":"cf-nel","max_age":604800}', 'Server': 'cloudflare', 'CF-RAY': '877770ccb8582bc4-ORD', 'alt-svc': 'h3=":443"; ma=86400'} 
 body={"results":[{"gender":"male","name":{"title":"Mr","first":"Jonathan","last":"Rose"},"location":{"street":{"number":9817,"name":"Ash Dr"},"city":"Gladstone","state":"Queensland","country":"Australia","postcode":4304,"coordinates":{"latitude":"-84.4560","longitude":"-70.8649"},"timezone":{"offset":"0:00","description":"Western Europe Time, London, Lisbon, Casablanca"}},"email":"jonathan.rose@example.com","login":{"uuid":"8c7f066a-704e-4716-a2f8-dce57c7ac4d9","username":"whitelion878","password":"bettina","salt":"Ebr3Bfzy","md5":"e6a7d9eefb2b9a7c9b02b3eba8e33e76","sha1":"7f8812d2ed05a2b0342670d1b8b002702e47a849","sha256":"06473930975679e6ec95b016e248b81eafb9188f74204b3674ef336e866121dc"},"dob":{"date":"1990-03-12T16:53:23.751Z","age":34},"registered":{"date":"2019-11-27T05:34:42.417Z","age":4},"phone":"04-7467-2858","cell":"0427-050-000","id":{"name":"TFN","value":"814752552"},"picture":{"large":"https://randomuser.me/api/portraits/men/33.jpg","medium":"https://randomuser.me/api/portraits/med/men/33.jpg","thumbnail":"https://randomuser.me/api/portraits/thumb/men/33.jpg"},"nat":"AU"}],"info":{"seed":"71aa24028f7f25ea","results":1,"page":1,"version":"1.4"}} 
 </msg>
<msg time="2024-04-20T19:11:31.410966" level="INFO">/opt/hostedtoolcache/Python/3.12.3/x64/lib/python3.12/site-packages/urllib3/connectionpool.py:1103: InsecureRequestWarning: Unverified HTTPS request is being made to host 'randomuser.me'. Adding certificate verification is strongly advised. See: https://urllib3.readthedocs.io/en/latest/advanced-usage.html#tls-warnings
  warnings.warn(</msg>
<msg time="2024-04-20T19:11:31.411097" level="INFO">${response} = &lt;Response [200]&gt;</msg>
<var>${response}</var>
<arg>consultarAPI</arg>
<arg>/api</arg>
<doc>Sends a GET request on a previously created HTTP Session.</doc>
<status status="PASS" start="2024-04-20T19:11:31.317714" elapsed="0.093430"/>
</kw>
<kw name="Set Variable" owner="BuiltIn">
<msg time="2024-04-20T19:11:31.412233" level="INFO">${json_data} = {'results': [{'gender': 'male', 'name': {'title': 'Mr', 'first': 'Jonathan', 'last': 'Rose'}, 'location': {'street': {'number': 9817, 'name': 'Ash Dr'}, 'city': 'Gladstone', 'state': 'Queensland', 'co...</msg>
<var>${json_data}</var>
<arg>${response.json()}</arg>
<doc>Returns the given values which can then be assigned to a variables.</doc>
<status status="PASS" start="2024-04-20T19:11:31.411687" elapsed="0.000574"/>
</kw>
<kw name="Log" owner="BuiltIn">
<msg time="2024-04-20T19:11:31.412715" level="INFO">{'results': [{'gender': 'male', 'name': {'title': 'Mr', 'first': 'Jonathan', 'last': 'Rose'}, 'location': {'street': {'number': 9817, 'name': 'Ash Dr'}, 'city': 'Gladstone', 'state': 'Queensland', 'country': 'Australia', 'postcode': 4304, 'coordinates': {'latitude': '-84.4560', 'longitude': '-70.8649'}, 'timezone': {'offset': '0:00', 'description': 'Western Europe Time, London, Lisbon, Casablanca'}}, 'email': 'jonathan.rose@example.com', 'login': {'uuid': '8c7f066a-704e-4716-a2f8-dce57c7ac4d9', 'username': 'whitelion878', 'password': 'bettina', 'salt': 'Ebr3Bfzy', 'md5': 'e6a7d9eefb2b9a7c9b02b3eba8e33e76', 'sha1': '7f8812d2ed05a2b0342670d1b8b002702e47a849', 'sha256': '06473930975679e6ec95b016e248b81eafb9188f74204b3674ef336e866121dc'}, 'dob': {'date': '1990-03-12T16:53:23.751Z', 'age': 34}, 'registered': {'date': '2019-11-27T05:34:42.417Z', 'age': 4}, 'phone': '04-7467-2858', 'cell': '0427-050-000', 'id': {'name': 'TFN', 'value': '814752552'}, 'picture': {'large': 'https://randomuser.me/api/portraits/men/33.jpg', 'medium': 'https://randomuser.me/api/portraits/med/men/33.jpg', 'thumbnail': 'https://randomuser.me/api/portraits/thumb/men/33.jpg'}, 'nat': 'AU'}], 'info': {'seed': '71aa24028f7f25ea', 'results': 1, 'page': 1, 'version': '1.4'}}</msg>
<arg>${json_data}</arg>
<doc>Logs the given message with the given level.</doc>
<status status="PASS" start="2024-04-20T19:11:31.412565" elapsed="0.000228"/>
</kw>
<kw name="Should Be Equal As Numbers" owner="BuiltIn">
<arg>${json_data['results'][0]['location']['postcode']}</arg>
<arg>${json_data['results'][0]['location']['postcode']}</arg>
<doc>Fails if objects are unequal after converting them to real numbers.</doc>
<status status="PASS" start="2024-04-20T19:11:31.413232" elapsed="0.000612"/>
</kw>
<kw name="Log" owner="BuiltIn">
<msg time="2024-04-20T19:11:31.414371" level="INFO">4304</msg>
<arg>${json_data['results'][0]['location']['postcode']}</arg>
<doc>Logs the given message with the given level.</doc>
<status status="PASS" start="2024-04-20T19:11:31.414036" elapsed="0.000375"/>
</kw>
<status status="PASS" start="2024-04-20T19:11:31.317483" elapsed="0.097178"/>
</kw>
<doc>Testa se os tipos de dados na resposta da API estão corretos.</doc>
<tag>testeTiposDados</tag>
<status status="PASS" start="2024-04-20T19:11:31.224621" elapsed="0.190204"/>
</test>
<test id="s1-s1-t5" name="Validar conteudo" line="35">
<kw name="Teste de Tipos de Conteudo" owner="random-user-service">
<kw name="GET On Session" owner="RequestsLibrary">
<msg time="2024-04-20T19:11:31.502125" level="INFO">GET Request : url=https://randomuser.me/api 
 path_url=/api 
 headers={'User-Agent': 'python-requests/2.31.0', 'Accept-Encoding': 'gzip, deflate', 'Accept': '*/*', 'Connection': 'keep-alive'} 
 body=None 
 </msg>
<msg time="2024-04-20T19:11:31.502211" level="INFO">GET Response : url=https://randomuser.me/api 
 status=200, reason=OK 
 headers={'Date': 'Sat, 20 Apr 2024 19:11:31 GMT', 'Content-Type': 'application/json; charset=utf-8', 'Transfer-Encoding': 'chunked', 'Connection': 'keep-alive', 'X-Powered-By': 'Express', 'Access-Control-Allow-Origin': '*', 'Cache-Control': 'no-cache', 'ETag': 'W/"4b3-LRWIoukJ1U98IFbM9FjjhONqVMA"', 'Vary': 'Accept-Encoding', 'Content-Encoding': 'gzip', 'CF-Cache-Status': 'DYNAMIC', 'Report-To': '{"endpoints":[{"url":"https:\\/\\/a.nel.cloudflare.com\\/report\\/v4?s=hLd%2B9%2FGJSoi3JPl052Ia%2BQoBMP9JAgwdnPOK97Wt5Jwy1ADbeJOlWIt2DKNaNrD3S9OhePVKBNtlnbo%2BgtUkMzzxEfRlRRyX8Am%2BN8d54vCDD2vjWana2cWzTcCegqBY"}],"group":"cf-nel","max_age":604800}', 'NEL': '{"success_fraction":0,"report_to":"cf-nel","max_age":604800}', 'Server': 'cloudflare', 'CF-RAY': '877770cd59002bc4-ORD', 'alt-svc': 'h3=":443"; ma=86400'} 
 body={"results":[{"gender":"female","name":{"title":"Miss","first":"Sarah","last":"Sims"},"location":{"street":{"number":1882,"name":"The Crescent"},"city":"Plymouth","state":"Hertfordshire","country":"United Kingdom","postcode":"YF80 3EX","coordinates":{"latitude":"-11.2282","longitude":"123.8237"},"timezone":{"offset":"0:00","description":"Western Europe Time, London, Lisbon, Casablanca"}},"email":"sarah.sims@example.com","login":{"uuid":"dd073da7-5692-4173-99e4-6339d2fac9aa","username":"crazygorilla316","password":"tunafish","salt":"yMigEm1K","md5":"b43da35f71e290cfaec3ebf8879f132f","sha1":"6060db9e1df9506e2ae8522d2156c0d6b1ad0887","sha256":"d2b947ca8b018c9f86272d90308359844506174cd946f1e5680ce95d1242319f"},"dob":{"date":"1956-01-11T14:21:50.384Z","age":68},"registered":{"date":"2014-04-14T04:23:41.263Z","age":10},"phone":"01907 267040","cell":"07968 155467","id":{"name":"NINO","value":"CX 53 06 96 T"},"picture":{"large":"https://randomuser.me/api/portraits/women/81.jpg","medium":"https://randomuser.me/api/portraits/med/women/81.jpg","thumbnail":"https://randomuser.me/api/portraits/thumb/women/81.jpg"},"nat":"GB"}],"info":{"seed":"92e1bee83fa7e1ff","results":1,"page":1,"version":"1.4"}} 
 </msg>
<msg time="2024-04-20T19:11:31.502282" level="INFO">/opt/hostedtoolcache/Python/3.12.3/x64/lib/python3.12/site-packages/urllib3/connectionpool.py:1103: InsecureRequestWarning: Unverified HTTPS request is being made to host 'randomuser.me'. Adding certificate verification is strongly advised. See: https://urllib3.readthedocs.io/en/latest/advanced-usage.html#tls-warnings
  warnings.warn(</msg>
<msg time="2024-04-20T19:11:31.502402" level="INFO">${response} = &lt;Response [200]&gt;</msg>
<var>${response}</var>
<arg>consultarAPI</arg>
<arg>/api</arg>
<doc>Sends a GET request on a previously created HTTP Session.</doc>
<status status="PASS" start="2024-04-20T19:11:31.418107" elapsed="0.084346"/>
</kw>
<kw name="Set Variable" owner="BuiltIn">
<msg time="2024-04-20T19:11:31.503600" level="INFO">${json_data} = {'results': [{'gender': 'female', 'name': {'title': 'Miss', 'first': 'Sarah', 'last': 'Sims'}, 'location': {'street': {'number': 1882, 'name': 'The Crescent'}, 'city': 'Plymouth', 'state': 'Hertfordsh...</msg>
<var>${json_data}</var>
<arg>${response.json()}</arg>
<doc>Returns the given values which can then be assigned to a variables.</doc>
<status status="PASS" start="2024-04-20T19:11:31.503056" elapsed="0.000572"/>
</kw>
<kw name="Set Variable" owner="BuiltIn">
<msg time="2024-04-20T19:11:31.504336" level="INFO">${name_title} = Miss</msg>
<var>${name_title}</var>
<arg>${json_data["results"][0]["name"]["title"]}</arg>
<doc>Returns the given values which can then be assigned to a variables.</doc>
<status status="PASS" start="2024-04-20T19:11:31.503947" elapsed="0.000415"/>
</kw>
<kw name="Create List" owner="BuiltIn">
<msg time="2024-04-20T19:11:31.504813" level="INFO">${allowed_titles} = ['Mr', 'Ms', 'Miss', 'Mrs', 'Madame', 'Monsieur']</msg>
<var>${allowed_titles}</var>
<arg>Mr</arg>
<arg>Ms</arg>
<arg>Miss</arg>
<arg>Mrs</arg>
<arg>Madame</arg>
<arg>Monsieur</arg>
<doc>Returns a list containing given items.</doc>
<status status="PASS" start="2024-04-20T19:11:31.504665" elapsed="0.000173"/>
</kw>
<kw name="List Should Contain Value" owner="Collections">
<msg time="2024-04-20T19:11:31.505311" level="INFO">False</msg>
<arg>${allowed_titles}</arg>
<arg>${name_title}</arg>
<doc>Fails if the ``value`` is not found from ``list``.</doc>
<status status="PASS" start="2024-04-20T19:11:31.505140" elapsed="0.000207"/>
</kw>
<kw name="Set Variable" owner="BuiltIn">
<msg time="2024-04-20T19:11:31.506030" level="INFO">${name_country} = GB</msg>
<var>${name_country}</var>
<arg>${json_data["results"][0]["nat"]}</arg>
<doc>Returns the given values which can then be assigned to a variables.</doc>
<status status="PASS" start="2024-04-20T19:11:31.505647" elapsed="0.000408"/>
</kw>
<kw name="Create List" owner="BuiltIn">
<msg time="2024-04-20T19:11:31.507047" level="INFO">${list_country} = ['AD', 'AE', 'AF', 'AG', 'AI', 'AL', 'AM', 'AO', 'AQ', 'AR', 'AS', 'AT', 'AU', 'AW', 'AX', 'AZ', 'BA', 'BB', 'BD', 'BE', 'BF', 'BG', 'BH', 'BI', 'BJ', 'BL', 'BM', 'BN', 'BO', 'BQ', 'BR', 'BS', 'BT', '...</msg>
<var>${list_country}</var>
<arg>AD</arg>
<arg>AE</arg>
<arg>AF</arg>
<arg>AG</arg>
<arg>AI</arg>
<arg>AL</arg>
<arg>AM</arg>
<arg>AO</arg>
<arg>AQ</arg>
<arg>AR</arg>
<arg>AS</arg>
<arg>AT</arg>
<arg>AU</arg>
<arg>AW</arg>
<arg>AX</arg>
<arg>AZ</arg>
<arg>BA</arg>
<arg>BB</arg>
<arg>BD</arg>
<arg>BE</arg>
<arg>BF</arg>
<arg>BG</arg>
<arg>BH</arg>
<arg>BI</arg>
<arg>BJ</arg>
<arg>BL</arg>
<arg>BM</arg>
<arg>BN</arg>
<arg>BO</arg>
<arg>BQ</arg>
<arg>BR</arg>
<arg>BS</arg>
<arg>BT</arg>
<arg>BV</arg>
<arg>BW</arg>
<arg>BY</arg>
<arg>BZ</arg>
<arg>CA</arg>
<arg>CC</arg>
<arg>CD</arg>
<arg>CF</arg>
<arg>CG</arg>
<arg>CH</arg>
<arg>CI</arg>
<arg>CK</arg>
<arg>CL</arg>
<arg>CM</arg>
<arg>CN</arg>
<arg>CO</arg>
<arg>CR</arg>
<arg>CU</arg>
<arg>CV</arg>
<arg>CW</arg>
<arg>CX</arg>
<arg>CY</arg>
<arg>CZ</arg>
<arg>DE</arg>
<arg>DJ</arg>
<arg>DK</arg>
<arg>DM</arg>
<arg>DO</arg>
<arg>DZ</arg>
<arg>EC</arg>
<arg>EE</arg>
<arg>EG</arg>
<arg>EH</arg>
<arg>ER</arg>
<arg>ES</arg>
<arg>ET</arg>
<arg>FI</arg>
<arg>FJ</arg>
<arg>FK</arg>
<arg>FM</arg>
<arg>FO</arg>
<arg>FR</arg>
<arg>GA</arg>
<arg>GB</arg>
<arg>GD</arg>
<arg>GE</arg>
<arg>GF</arg>
<arg>GG</arg>
<arg>GH</arg>
<arg>GI</arg>
<arg>GL</arg>
<arg>GM</arg>
<arg>GN</arg>
<arg>GP</arg>
<arg>GQ</arg>
<arg>GR</arg>
<arg>GS</arg>
<arg>GT</arg>
<arg>GU</arg>
<arg>GW</arg>
<arg>GY</arg>
<arg>HK</arg>
<arg>HM</arg>
<arg>HN</arg>
<arg>HR</arg>
<arg>HT</arg>
<arg>HU</arg>
<arg>ID</arg>
<arg>IE</arg>
<arg>IL</arg>
<arg>IM</arg>
<arg>IN</arg>
<arg>IO</arg>
<arg>IQ</arg>
<arg>IR</arg>
<arg>IS</arg>
<arg>IT</arg>
<arg>JE</arg>
<arg>JM</arg>
<arg>JO</arg>
<arg>JP</arg>
<arg>KE</arg>
<arg>KG</arg>
<arg>KH</arg>
<arg>KI</arg>
<arg>KM</arg>
<arg>KN</arg>
<arg>KP</arg>
<arg>KR</arg>
<arg>KW</arg>
<arg>KY</arg>
<arg>KZ</arg>
<arg>LA</arg>
<arg>LB</arg>
<arg>LC</arg>
<arg>LI</arg>
<arg>LK</arg>
<arg>LR</arg>
<arg>LS</arg>
<arg>LT</arg>
<arg>LU</arg>
<arg>LV</arg>
<arg>LY</arg>
<arg>MA</arg>
<arg>MC</arg>
<arg>MD</arg>
<arg>ME</arg>
<arg>MF</arg>
<arg>MG</arg>
<arg>MH</arg>
<arg>MK</arg>
<arg>ML</arg>
<arg>MM</arg>
<arg>MN</arg>
<arg>MO</arg>
<arg>MP</arg>
<arg>MQ</arg>
<arg>MR</arg>
<arg>MS</arg>
<arg>MT</arg>
<arg>MU</arg>
<arg>MV</arg>
<arg>MW</arg>
<arg>MX</arg>
<arg>MY</arg>
<arg>MZ</arg>
<arg>NA</arg>
<arg>NC</arg>
<arg>NE</arg>
<arg>NF</arg>
<arg>NG</arg>
<arg>NI</arg>
<arg>NL</arg>
<arg>NO</arg>
<arg>NP</arg>
<arg>NR</arg>
<arg>NU</arg>
<arg>NZ</arg>
<arg>OM</arg>
<arg>PA</arg>
<arg>PE</arg>
<arg>PF</arg>
<arg>PG</arg>
<arg>PH</arg>
<arg>PK</arg>
<arg>PL</arg>
<arg>PM</arg>
<arg>PN</arg>
<arg>PR</arg>
<arg>PS</arg>
<arg>PT</arg>
<arg>PW</arg>
<arg>PY</arg>
<arg>QA</arg>
<arg>RE</arg>
<arg>RO</arg>
<arg>RS</arg>
<arg>RU</arg>
<arg>RW</arg>
<arg>SA</arg>
<arg>SB</arg>
<arg>SC</arg>
<arg>SD</arg>
<arg>SE</arg>
<arg>SG</arg>
<arg>SH</arg>
<arg>SI</arg>
<arg>SJ</arg>
<arg>SK</arg>
<arg>SL</arg>
<arg>SM</arg>
<arg>SN</arg>
<arg>SO</arg>
<arg>SR</arg>
<arg>SS</arg>
<arg>ST</arg>
<arg>SV</arg>
<arg>SX</arg>
<arg>SY</arg>
<arg>SZ</arg>
<arg>TC</arg>
<arg>TD</arg>
<arg>TF</arg>
<arg>TG</arg>
<arg>TH</arg>
<arg>TJ</arg>
<arg>TK</arg>
<arg>TL</arg>
<arg>TM</arg>
<arg>TN</arg>
<arg>TO</arg>
<arg>TR</arg>
<arg>TT</arg>
<arg>TV</arg>
<arg>TW</arg>
<arg>TZ</arg>
<arg>UA</arg>
<arg>UG</arg>
<arg>UM</arg>
<arg>US</arg>
<arg>UY</arg>
<arg>UZ</arg>
<arg>VA</arg>
<arg>VC</arg>
<arg>VE</arg>
<arg>VG</arg>
<arg>VI</arg>
<arg>VN</arg>
<arg>VU</arg>
<arg>WF</arg>
<arg>WS</arg>
<arg>XK</arg>
<arg>YE</arg>
<arg>YT</arg>
<arg>ZA</arg>
<arg>ZM</arg>
<arg>ZW</arg>
<doc>Returns a list containing given items.</doc>
<status status="PASS" start="2024-04-20T19:11:31.506389" elapsed="0.000685"/>
</kw>
<kw name="List Should Contain Value" owner="Collections">
<msg time="2024-04-20T19:11:31.508073" level="INFO">False</msg>
<arg>${list_country}</arg>
<arg>${name_country}</arg>
<doc>Fails if the ``value`` is not found from ``list``.</doc>
<status status="PASS" start="2024-04-20T19:11:31.507873" elapsed="0.000236"/>
</kw>
<kw name="Run Keyword If" owner="BuiltIn">
<kw name="Should Be True" owner="BuiltIn">
<arg>${True}</arg>
<doc>Fails if the given condition is not true.</doc>
<status status="PASS" start="2024-04-20T19:11:31.509180" elapsed="0.000247"/>
</kw>
<arg>${json_data["results"][0]["location"]["coordinates"]["latitude"]} &gt;= -90 and ${json_data["results"][0]["location"]["coordinates"]["latitude"]} &lt;= 90</arg>
<arg>Should Be True</arg>
<arg>${True}</arg>
<doc>Runs the given keyword with the given arguments, if ``condition`` is true.</doc>
<status status="PASS" start="2024-04-20T19:11:31.508419" elapsed="0.001140"/>
</kw>
<kw name="Run Keyword If" owner="BuiltIn">
<kw name="Should Be True" owner="BuiltIn">
<arg>${True}</arg>
<doc>Fails if the given condition is not true.</doc>
<status status="PASS" start="2024-04-20T19:11:31.510447" elapsed="0.000136"/>
</kw>
<arg>${json_data["results"][0]["location"]["coordinates"]["longitude"]} &gt;= -180 and ${json_data["results"][0]["location"]["coordinates"]["longitude"]} &lt;= 180</arg>
<arg>Should Be True</arg>
<arg>${True}</arg>
<doc>Runs the given keyword with the given arguments, if ``condition`` is true.</doc>
<status status="PASS" start="2024-04-20T19:11:31.509750" elapsed="0.000958"/>
</kw>
<status status="PASS" start="2024-04-20T19:11:31.417738" elapsed="0.093101"/>
</kw>
<doc>Testa o conteúdo específico dos campos retornados pela API.</doc>
<tag>testeConteudo</tag>
<status status="PASS" start="2024-04-20T19:11:31.417026" elapsed="0.093997"/>
</test>
<status status="PASS" start="2024-04-20T19:11:30.609360" elapsed="0.903675"/>
</suite>
<status status="PASS" start="2024-04-20T19:11:30.595952" elapsed="0.922238"/>
</suite>
<statistics>
<total>
<stat pass="5" fail="0" skip="0">All Tests</stat>
</total>
<tag>
<stat pass="1" fail="0" skip="0">testeConteudo</stat>
<stat pass="1" fail="0" skip="0">testeEstruturaResposta</stat>
<stat pass="1" fail="0" skip="0">testeRequisicaoBasica</stat>
<stat pass="1" fail="0" skip="0">testeTiposDados</stat>
</tag>
<suite>
<stat pass="5" fail="0" skip="0" id="s1" name="Tests">Tests</stat>
<stat pass="5" fail="0" skip="0" id="s1-s1" name="Random-User-Test">Tests.Random-User-Test</stat>
</suite>
</statistics>
<errors>
</errors>
</robot>
