<?xml version="1.0" encoding="UTF-8"?>
<robot generator="Robot 7.0.1 (Python 3.12.4 on linux)" generated="2024-07-05T03:16:47.720376" rpa="false" schemaversion="5">
<suite id="s1" name="Tests" source="/home/runner/work/ApiRandomUser/ApiRandomUser/RamdonUser/tests">
<suite id="s1-s1" name="Random-User-Test" source="/home/runner/work/ApiRandomUser/ApiRandomUser/RamdonUser/tests/random-user-test.robot">
<test id="s1-s1-t1" name="Conectar" line="13">
<kw name="Conectar API" owner="random-user-service">
<kw name="Create Session" owner="RequestsLibrary">
<msg time="2024-07-05T03:16:48.114806" level="INFO">Creating Session using : alias=consultarAPI, url=https://randomuser.me/, headers={},                     cookies={}, auth=None, timeout=None, proxies=None, verify=False,                     debug=0 </msg>
<arg>consultarAPI</arg>
<arg>${URL}</arg>
<doc>Create Session: create a HTTP session to a server</doc>
<status status="PASS" start="2024-07-05T03:16:48.114595" elapsed="0.000385"/>
</kw>
<status status="PASS" start="2024-07-05T03:16:48.113636" elapsed="0.001694"/>
</kw>
<status status="PASS" start="2024-07-05T03:16:48.113037" elapsed="0.002482"/>
</test>
<test id="s1-s1-t2" name="Validar retorno 200 e JSON Válido" line="16">
<kw name="Teste de Requisicao Basica" owner="random-user-service">
<kw name="GET On Session" owner="RequestsLibrary">
<msg time="2024-07-05T03:16:48.340174" level="INFO">GET Request : url=https://randomuser.me/api 
 path_url=/api 
 headers={'User-Agent': 'python-requests/2.32.3', 'Accept-Encoding': 'gzip, deflate', 'Accept': '*/*', 'Connection': 'keep-alive'} 
 body=None 
 </msg>
<msg time="2024-07-05T03:16:48.340324" level="INFO">GET Response : url=https://randomuser.me/api 
 status=200, reason=OK 
 headers={'Date': 'Fri, 05 Jul 2024 03:16:48 GMT', 'Content-Type': 'application/json; charset=utf-8', 'Transfer-Encoding': 'chunked', 'Connection': 'keep-alive', 'X-Powered-By': 'Express', 'Access-Control-Allow-Origin': '*', 'Cache-Control': 'no-cache', 'ETag': 'W/"48c-m6+iVG5AK6sXV3+9Dj+2BvOIqEo"', 'Vary': 'Accept-Encoding', 'Content-Encoding': 'gzip', 'CF-Cache-Status': 'DYNAMIC', 'Report-To': '{"endpoints":[{"url":"https:\\/\\/a.nel.cloudflare.com\\/report\\/v4?s=1xcn5I5IsblKsaoNZIGtv%2BPZu12nrvYUis4Jh2hn8nmaELMWxeVg4DQTQoDdWbsdbeFLcRtD3QM%2Fr53Ycac8HP9%2Bk%2FpEyXIgfJzdeasuh%2BYZmiOK1X%2B5nm1Je6akrh25"}],"group":"cf-nel","max_age":604800}', 'NEL': '{"success_fraction":0,"report_to":"cf-nel","max_age":604800}', 'Server': 'cloudflare', 'CF-RAY': '89e432c97c042aec-LAX', 'alt-svc': 'h3=":443"; ma=86400'} 
 body={"results":[{"gender":"female","name":{"title":"Ms","first":"Aubree","last":"Roy"},"location":{"street":{"number":9938,"name":"Charles St"},"city":"Georgetown","state":"Yukon","country":"Canada","postcode":"M5B 2I9","coordinates":{"latitude":"-67.0116","longitude":"95.1893"},"timezone":{"offset":"+1:00","description":"Brussels, Copenhagen, Madrid, Paris"}},"email":"aubree.roy@example.com","login":{"uuid":"2cb7f35f-7cfe-4bae-8dbc-bdfec789b61a","username":"silverpanda862","password":"ranger1","salt":"W05RN7G1","md5":"d8d6c104e0106ba18d711e6c6af4c588","sha1":"d16c8bb89167bd5e36eb5bd4806c52808ae9d4c5","sha256":"695c29187386a1c3cbeb642f15f3dea321bb0ac4a6cc8e1776a5d2f3767f1a38"},"dob":{"date":"1999-02-06T19:09:02.707Z","age":25},"registered":{"date":"2020-02-09T07:06:40.407Z","age":4},"phone":"M56 S40-6992","cell":"B12 P00-0815","id":{"name":"SIN","value":"760345322"},"picture":{"large":"https://randomuser.me/api/portraits/women/75.jpg","medium":"https://randomuser.me/api/portraits/med/women/75.jpg","thumbnail":"https://randomuser.me/api/portraits/thumb/women/75.jpg"},"nat":"CA"}],"info":{"seed":"af2c21201dd70cc6","results":1,"page":1,"version":"1.4"}} 
 </msg>
<msg time="2024-07-05T03:16:48.340408" level="INFO">/opt/hostedtoolcache/Python/3.12.4/x64/lib/python3.12/site-packages/urllib3/connectionpool.py:1099: InsecureRequestWarning: Unverified HTTPS request is being made to host 'randomuser.me'. Adding certificate verification is strongly advised. See: https://urllib3.readthedocs.io/en/latest/advanced-usage.html#tls-warnings
  warnings.warn(</msg>
<msg time="2024-07-05T03:16:48.340569" level="INFO">${response} = &lt;Response [200]&gt;</msg>
<var>${response}</var>
<arg>consultarAPI</arg>
<arg>/api</arg>
<doc>Sends a GET request on a previously created HTTP Session.</doc>
<status status="PASS" start="2024-07-05T03:16:48.118173" elapsed="0.222446"/>
</kw>
<kw name="Should Be Equal As Numbers" owner="BuiltIn">
<msg time="2024-07-05T03:16:48.341602" level="INFO">Argument types are:
&lt;class 'int'&gt;
&lt;class 'str'&gt;</msg>
<arg>${response.status_code}</arg>
<arg>200</arg>
<doc>Fails if objects are unequal after converting them to real numbers.</doc>
<status status="PASS" start="2024-07-05T03:16:48.341135" elapsed="0.000532"/>
</kw>
<kw name="Log" owner="BuiltIn">
<msg time="2024-07-05T03:16:48.342336" level="INFO">200</msg>
<arg>${response.status_code}</arg>
<doc>Logs the given message with the given level.</doc>
<status status="PASS" start="2024-07-05T03:16:48.341986" elapsed="0.000392"/>
</kw>
<kw name="Set Variable" owner="BuiltIn">
<msg time="2024-07-05T03:16:48.343113" level="INFO">${json_data} = {'results': [{'gender': 'female', 'name': {'title': 'Ms', 'first': 'Aubree', 'last': 'Roy'}, 'location': {'street': {'number': 9938, 'name': 'Charles St'}, 'city': 'Georgetown', 'state': 'Yukon', 'cou...</msg>
<var>${json_data}</var>
<arg>${response.json()}</arg>
<doc>Returns the given values which can then be assigned to a variables.</doc>
<status status="PASS" start="2024-07-05T03:16:48.342685" elapsed="0.000457"/>
</kw>
<kw name="Dictionary Should Contain Key" owner="Collections">
<arg>${json_data}</arg>
<arg>results</arg>
<doc>Fails if ``key`` is not found from ``dictionary``.</doc>
<status status="PASS" start="2024-07-05T03:16:48.343442" elapsed="0.000170"/>
</kw>
<status status="PASS" start="2024-07-05T03:16:48.117932" elapsed="0.225831"/>
</kw>
<doc>Testa se a API responde corretamente e retorna um objeto JSON válido.</doc>
<tag>testeRequisicaoBasica</tag>
<status status="PASS" start="2024-07-05T03:16:48.117407" elapsed="0.226557"/>
</test>
<test id="s1-s1-t3" name="Validar estrutura de resposta" line="22">
<kw name="Teste de Estrutura de Resposta" owner="random-user-service">
<kw name="GET On Session" owner="RequestsLibrary">
<msg time="2024-07-05T03:16:48.445736" level="INFO">GET Request : url=https://randomuser.me/api 
 path_url=/api 
 headers={'User-Agent': 'python-requests/2.32.3', 'Accept-Encoding': 'gzip, deflate', 'Accept': '*/*', 'Connection': 'keep-alive'} 
 body=None 
 </msg>
<msg time="2024-07-05T03:16:48.445835" level="INFO">GET Response : url=https://randomuser.me/api 
 status=200, reason=OK 
 headers={'Date': 'Fri, 05 Jul 2024 03:16:48 GMT', 'Content-Type': 'application/json; charset=utf-8', 'Transfer-Encoding': 'chunked', 'Connection': 'keep-alive', 'X-Powered-By': 'Express', 'Access-Control-Allow-Origin': '*', 'Cache-Control': 'no-cache', 'ETag': 'W/"4a4-OgrqwSaAC7/+/skMZ33CvNkr7CY"', 'Vary': 'Accept-Encoding', 'Content-Encoding': 'gzip', 'CF-Cache-Status': 'DYNAMIC', 'Report-To': '{"endpoints":[{"url":"https:\\/\\/a.nel.cloudflare.com\\/report\\/v4?s=U7Zm6pvrpoREnHF%2FD1%2BKm1vZ8yBWY%2BK0qt1jCSP47yk1f59HCCR0r7AwFm%2FTezml1ZAiA%2B9C5fUKjzxyCbGapZQFsnvcfvygDcCqPgl9rPuWHQbbLYEilk%2FuJMlMZjS2"}],"group":"cf-nel","max_age":604800}', 'NEL': '{"success_fraction":0,"report_to":"cf-nel","max_age":604800}', 'Server': 'cloudflare', 'CF-RAY': '89e432ca2cd42aec-LAX', 'alt-svc': 'h3=":443"; ma=86400'} 
 body={"results":[{"gender":"male","name":{"title":"Mr","first":"Alberto","last":"Martin"},"location":{"street":{"number":7435,"name":"Calle de Argumosa"},"city":"San Sebastián de Los Reyes","state":"País Vasco","country":"Spain","postcode":20079,"coordinates":{"latitude":"-34.1199","longitude":"-112.8788"},"timezone":{"offset":"+1:00","description":"Brussels, Copenhagen, Madrid, Paris"}},"email":"alberto.martin@example.com","login":{"uuid":"087b5ce1-ce11-4f22-a25b-2b664c942544","username":"goldenpanda255","password":"bian","salt":"X6ee0kix","md5":"1c003ca9c31d72af7fb22c37015262a2","sha1":"bcc50e0b9e9ae5f2f49c9dcc54fdca49ec6169bf","sha256":"a046db39c0c805bdd84f18f206bfc79d5c38e8a36e884074dec5ae4e09d9520d"},"dob":{"date":"1986-01-05T01:56:10.231Z","age":38},"registered":{"date":"2010-05-09T00:38:34.265Z","age":14},"phone":"937-521-322","cell":"666-108-914","id":{"name":"DNI","value":"71832229-R"},"picture":{"large":"https://randomuser.me/api/portraits/men/43.jpg","medium":"https://randomuser.me/api/portraits/med/men/43.jpg","thumbnail":"https://randomuser.me/api/portraits/thumb/men/43.jpg"},"nat":"ES"}],"info":{"seed":"39dced3fad7eefd3","results":1,"page":1,"version":"1.4"}} 
 </msg>
<msg time="2024-07-05T03:16:48.445970" level="INFO">/opt/hostedtoolcache/Python/3.12.4/x64/lib/python3.12/site-packages/urllib3/connectionpool.py:1099: InsecureRequestWarning: Unverified HTTPS request is being made to host 'randomuser.me'. Adding certificate verification is strongly advised. See: https://urllib3.readthedocs.io/en/latest/advanced-usage.html#tls-warnings
  warnings.warn(</msg>
<msg time="2024-07-05T03:16:48.446127" level="INFO">${response} = &lt;Response [200]&gt;</msg>
<var>${response}</var>
<arg>consultarAPI</arg>
<arg>/api</arg>
<doc>Sends a GET request on a previously created HTTP Session.</doc>
<status status="PASS" start="2024-07-05T03:16:48.346642" elapsed="0.099536"/>
</kw>
<kw name="Set Variable" owner="BuiltIn">
<msg time="2024-07-05T03:16:48.447196" level="INFO">${json_data} = {'results': [{'gender': 'male', 'name': {'title': 'Mr', 'first': 'Alberto', 'last': 'Martin'}, 'location': {'street': {'number': 7435, 'name': 'Calle de Argumosa'}, 'city': 'San Sebastián de Los Reyes...</msg>
<var>${json_data}</var>
<arg>${response.json()}</arg>
<doc>Returns the given values which can then be assigned to a variables.</doc>
<status status="PASS" start="2024-07-05T03:16:48.446694" elapsed="0.000533"/>
</kw>
<kw name="Log" owner="BuiltIn">
<msg time="2024-07-05T03:16:48.447704" level="INFO">{'results': [{'gender': 'male', 'name': {'title': 'Mr', 'first': 'Alberto', 'last': 'Martin'}, 'location': {'street': {'number': 7435, 'name': 'Calle de Argumosa'}, 'city': 'San Sebastián de Los Reyes', 'state': 'País Vasco', 'country': 'Spain', 'postcode': 20079, 'coordinates': {'latitude': '-34.1199', 'longitude': '-112.8788'}, 'timezone': {'offset': '+1:00', 'description': 'Brussels, Copenhagen, Madrid, Paris'}}, 'email': 'alberto.martin@example.com', 'login': {'uuid': '087b5ce1-ce11-4f22-a25b-2b664c942544', 'username': 'goldenpanda255', 'password': 'bian', 'salt': 'X6ee0kix', 'md5': '1c003ca9c31d72af7fb22c37015262a2', 'sha1': 'bcc50e0b9e9ae5f2f49c9dcc54fdca49ec6169bf', 'sha256': 'a046db39c0c805bdd84f18f206bfc79d5c38e8a36e884074dec5ae4e09d9520d'}, 'dob': {'date': '1986-01-05T01:56:10.231Z', 'age': 38}, 'registered': {'date': '2010-05-09T00:38:34.265Z', 'age': 14}, 'phone': '937-521-322', 'cell': '666-108-914', 'id': {'name': 'DNI', 'value': '71832229-R'}, 'picture': {'large': 'https://randomuser.me/api/portraits/men/43.jpg', 'medium': 'https://randomuser.me/api/portraits/med/men/43.jpg', 'thumbnail': 'https://randomuser.me/api/portraits/thumb/men/43.jpg'}, 'nat': 'ES'}], 'info': {'seed': '39dced3fad7eefd3', 'results': 1, 'page': 1, 'version': '1.4'}}</msg>
<arg>${json_data}</arg>
<doc>Logs the given message with the given level.</doc>
<status status="PASS" start="2024-07-05T03:16:48.447541" elapsed="0.000214"/>
</kw>
<kw name="Dictionary Should Contain Key" owner="Collections">
<arg>${json_data}</arg>
<arg>results</arg>
<doc>Fails if ``key`` is not found from ``dictionary``.</doc>
<status status="PASS" start="2024-07-05T03:16:48.448088" elapsed="0.000170"/>
</kw>
<kw name="Should Not Be Empty" owner="BuiltIn">
<msg time="2024-07-05T03:16:48.448579" level="INFO">Length is 2.</msg>
<arg>${json_data}</arg>
<doc>Verifies that the given item is not empty.</doc>
<status status="PASS" start="2024-07-05T03:16:48.448447" elapsed="0.000172"/>
</kw>
<kw name="Create List" owner="BuiltIn">
<msg time="2024-07-05T03:16:48.449222" level="INFO">${expected_keys} = ['gender', 'name', 'location', 'email', 'login']</msg>
<var>${expected_keys}</var>
<arg>gender</arg>
<arg>name</arg>
<arg>location</arg>
<arg>email</arg>
<arg>login</arg>
<doc>Returns a list containing given items.</doc>
<status status="PASS" start="2024-07-05T03:16:48.448919" elapsed="0.000329"/>
</kw>
<for flavor="IN">
<iter>
<kw name="Dictionary Should Contain Key" owner="Collections">
<arg>${json_data['results'][0]}</arg>
<arg>${key}</arg>
<doc>Fails if ``key`` is not found from ``dictionary``.</doc>
<status status="PASS" start="2024-07-05T03:16:48.449828" elapsed="0.000403"/>
</kw>
<kw name="Log" owner="BuiltIn">
<msg time="2024-07-05T03:16:48.450797" level="INFO">{'gender': 'male', 'name': {'title': 'Mr', 'first': 'Alberto', 'last': 'Martin'}, 'location': {'street': {'number': 7435, 'name': 'Calle de Argumosa'}, 'city': 'San Sebastián de Los Reyes', 'state': 'País Vasco', 'country': 'Spain', 'postcode': 20079, 'coordinates': {'latitude': '-34.1199', 'longitude': '-112.8788'}, 'timezone': {'offset': '+1:00', 'description': 'Brussels, Copenhagen, Madrid, Paris'}}, 'email': 'alberto.martin@example.com', 'login': {'uuid': '087b5ce1-ce11-4f22-a25b-2b664c942544', 'username': 'goldenpanda255', 'password': 'bian', 'salt': 'X6ee0kix', 'md5': '1c003ca9c31d72af7fb22c37015262a2', 'sha1': 'bcc50e0b9e9ae5f2f49c9dcc54fdca49ec6169bf', 'sha256': 'a046db39c0c805bdd84f18f206bfc79d5c38e8a36e884074dec5ae4e09d9520d'}, 'dob': {'date': '1986-01-05T01:56:10.231Z', 'age': 38}, 'registered': {'date': '2010-05-09T00:38:34.265Z', 'age': 14}, 'phone': '937-521-322', 'cell': '666-108-914', 'id': {'name': 'DNI', 'value': '71832229-R'}, 'picture': {'large': 'https://randomuser.me/api/portraits/men/43.jpg', 'medium': 'https://randomuser.me/api/portraits/med/men/43.jpg', 'thumbnail': 'https://randomuser.me/api/portraits/thumb/men/43.jpg'}, 'nat': 'ES'}</msg>
<arg>${json_data['results'][0]}</arg>
<doc>Logs the given message with the given level.</doc>
<status status="PASS" start="2024-07-05T03:16:48.450420" elapsed="0.000429"/>
</kw>
<kw name="Log" owner="BuiltIn">
<msg time="2024-07-05T03:16:48.451274" level="INFO">gender</msg>
<arg>${key}</arg>
<doc>Logs the given message with the given level.</doc>
<status status="PASS" start="2024-07-05T03:16:48.451147" elapsed="0.000166"/>
</kw>
<var name="${key}">gender</var>
<status status="PASS" start="2024-07-05T03:16:48.449705" elapsed="0.001827"/>
</iter>
<iter>
<kw name="Dictionary Should Contain Key" owner="Collections">
<arg>${json_data['results'][0]}</arg>
<arg>${key}</arg>
<doc>Fails if ``key`` is not found from ``dictionary``.</doc>
<status status="PASS" start="2024-07-05T03:16:48.451833" elapsed="0.000435"/>
</kw>
<kw name="Log" owner="BuiltIn">
<msg time="2024-07-05T03:16:48.452855" level="INFO">{'gender': 'male', 'name': {'title': 'Mr', 'first': 'Alberto', 'last': 'Martin'}, 'location': {'street': {'number': 7435, 'name': 'Calle de Argumosa'}, 'city': 'San Sebastián de Los Reyes', 'state': 'País Vasco', 'country': 'Spain', 'postcode': 20079, 'coordinates': {'latitude': '-34.1199', 'longitude': '-112.8788'}, 'timezone': {'offset': '+1:00', 'description': 'Brussels, Copenhagen, Madrid, Paris'}}, 'email': 'alberto.martin@example.com', 'login': {'uuid': '087b5ce1-ce11-4f22-a25b-2b664c942544', 'username': 'goldenpanda255', 'password': 'bian', 'salt': 'X6ee0kix', 'md5': '1c003ca9c31d72af7fb22c37015262a2', 'sha1': 'bcc50e0b9e9ae5f2f49c9dcc54fdca49ec6169bf', 'sha256': 'a046db39c0c805bdd84f18f206bfc79d5c38e8a36e884074dec5ae4e09d9520d'}, 'dob': {'date': '1986-01-05T01:56:10.231Z', 'age': 38}, 'registered': {'date': '2010-05-09T00:38:34.265Z', 'age': 14}, 'phone': '937-521-322', 'cell': '666-108-914', 'id': {'name': 'DNI', 'value': '71832229-R'}, 'picture': {'large': 'https://randomuser.me/api/portraits/men/43.jpg', 'medium': 'https://randomuser.me/api/portraits/med/men/43.jpg', 'thumbnail': 'https://randomuser.me/api/portraits/thumb/men/43.jpg'}, 'nat': 'ES'}</msg>
<arg>${json_data['results'][0]}</arg>
<doc>Logs the given message with the given level.</doc>
<status status="PASS" start="2024-07-05T03:16:48.452457" elapsed="0.000449"/>
</kw>
<kw name="Log" owner="BuiltIn">
<msg time="2024-07-05T03:16:48.453334" level="INFO">name</msg>
<arg>${key}</arg>
<doc>Logs the given message with the given level.</doc>
<status status="PASS" start="2024-07-05T03:16:48.453208" elapsed="0.000163"/>
</kw>
<var name="${key}">name</var>
<status status="PASS" start="2024-07-05T03:16:48.451715" elapsed="0.001871"/>
</iter>
<iter>
<kw name="Dictionary Should Contain Key" owner="Collections">
<arg>${json_data['results'][0]}</arg>
<arg>${key}</arg>
<doc>Fails if ``key`` is not found from ``dictionary``.</doc>
<status status="PASS" start="2024-07-05T03:16:48.453873" elapsed="0.000379"/>
</kw>
<kw name="Log" owner="BuiltIn">
<msg time="2024-07-05T03:16:48.454794" level="INFO">{'gender': 'male', 'name': {'title': 'Mr', 'first': 'Alberto', 'last': 'Martin'}, 'location': {'street': {'number': 7435, 'name': 'Calle de Argumosa'}, 'city': 'San Sebastián de Los Reyes', 'state': 'País Vasco', 'country': 'Spain', 'postcode': 20079, 'coordinates': {'latitude': '-34.1199', 'longitude': '-112.8788'}, 'timezone': {'offset': '+1:00', 'description': 'Brussels, Copenhagen, Madrid, Paris'}}, 'email': 'alberto.martin@example.com', 'login': {'uuid': '087b5ce1-ce11-4f22-a25b-2b664c942544', 'username': 'goldenpanda255', 'password': 'bian', 'salt': 'X6ee0kix', 'md5': '1c003ca9c31d72af7fb22c37015262a2', 'sha1': 'bcc50e0b9e9ae5f2f49c9dcc54fdca49ec6169bf', 'sha256': 'a046db39c0c805bdd84f18f206bfc79d5c38e8a36e884074dec5ae4e09d9520d'}, 'dob': {'date': '1986-01-05T01:56:10.231Z', 'age': 38}, 'registered': {'date': '2010-05-09T00:38:34.265Z', 'age': 14}, 'phone': '937-521-322', 'cell': '666-108-914', 'id': {'name': 'DNI', 'value': '71832229-R'}, 'picture': {'large': 'https://randomuser.me/api/portraits/men/43.jpg', 'medium': 'https://randomuser.me/api/portraits/med/men/43.jpg', 'thumbnail': 'https://randomuser.me/api/portraits/thumb/men/43.jpg'}, 'nat': 'ES'}</msg>
<arg>${json_data['results'][0]}</arg>
<doc>Logs the given message with the given level.</doc>
<status status="PASS" start="2024-07-05T03:16:48.454434" elapsed="0.000408"/>
</kw>
<kw name="Log" owner="BuiltIn">
<msg time="2024-07-05T03:16:48.455266" level="INFO">location</msg>
<arg>${key}</arg>
<doc>Logs the given message with the given level.</doc>
<status status="PASS" start="2024-07-05T03:16:48.455139" elapsed="0.000164"/>
</kw>
<var name="${key}">location</var>
<status status="PASS" start="2024-07-05T03:16:48.453764" elapsed="0.001753"/>
</iter>
<iter>
<kw name="Dictionary Should Contain Key" owner="Collections">
<arg>${json_data['results'][0]}</arg>
<arg>${key}</arg>
<doc>Fails if ``key`` is not found from ``dictionary``.</doc>
<status status="PASS" start="2024-07-05T03:16:48.455796" elapsed="0.000414"/>
</kw>
<kw name="Log" owner="BuiltIn">
<msg time="2024-07-05T03:16:48.456750" level="INFO">{'gender': 'male', 'name': {'title': 'Mr', 'first': 'Alberto', 'last': 'Martin'}, 'location': {'street': {'number': 7435, 'name': 'Calle de Argumosa'}, 'city': 'San Sebastián de Los Reyes', 'state': 'País Vasco', 'country': 'Spain', 'postcode': 20079, 'coordinates': {'latitude': '-34.1199', 'longitude': '-112.8788'}, 'timezone': {'offset': '+1:00', 'description': 'Brussels, Copenhagen, Madrid, Paris'}}, 'email': 'alberto.martin@example.com', 'login': {'uuid': '087b5ce1-ce11-4f22-a25b-2b664c942544', 'username': 'goldenpanda255', 'password': 'bian', 'salt': 'X6ee0kix', 'md5': '1c003ca9c31d72af7fb22c37015262a2', 'sha1': 'bcc50e0b9e9ae5f2f49c9dcc54fdca49ec6169bf', 'sha256': 'a046db39c0c805bdd84f18f206bfc79d5c38e8a36e884074dec5ae4e09d9520d'}, 'dob': {'date': '1986-01-05T01:56:10.231Z', 'age': 38}, 'registered': {'date': '2010-05-09T00:38:34.265Z', 'age': 14}, 'phone': '937-521-322', 'cell': '666-108-914', 'id': {'name': 'DNI', 'value': '71832229-R'}, 'picture': {'large': 'https://randomuser.me/api/portraits/men/43.jpg', 'medium': 'https://randomuser.me/api/portraits/med/men/43.jpg', 'thumbnail': 'https://randomuser.me/api/portraits/thumb/men/43.jpg'}, 'nat': 'ES'}</msg>
<arg>${json_data['results'][0]}</arg>
<doc>Logs the given message with the given level.</doc>
<status status="PASS" start="2024-07-05T03:16:48.456398" elapsed="0.000400"/>
</kw>
<kw name="Log" owner="BuiltIn">
<msg time="2024-07-05T03:16:48.457216" level="INFO">email</msg>
<arg>${key}</arg>
<doc>Logs the given message with the given level.</doc>
<status status="PASS" start="2024-07-05T03:16:48.457090" elapsed="0.000164"/>
</kw>
<var name="${key}">email</var>
<status status="PASS" start="2024-07-05T03:16:48.455689" elapsed="0.001781"/>
</iter>
<iter>
<kw name="Dictionary Should Contain Key" owner="Collections">
<arg>${json_data['results'][0]}</arg>
<arg>${key}</arg>
<doc>Fails if ``key`` is not found from ``dictionary``.</doc>
<status status="PASS" start="2024-07-05T03:16:48.457756" elapsed="0.000400"/>
</kw>
<kw name="Log" owner="BuiltIn">
<msg time="2024-07-05T03:16:48.458690" level="INFO">{'gender': 'male', 'name': {'title': 'Mr', 'first': 'Alberto', 'last': 'Martin'}, 'location': {'street': {'number': 7435, 'name': 'Calle de Argumosa'}, 'city': 'San Sebastián de Los Reyes', 'state': 'País Vasco', 'country': 'Spain', 'postcode': 20079, 'coordinates': {'latitude': '-34.1199', 'longitude': '-112.8788'}, 'timezone': {'offset': '+1:00', 'description': 'Brussels, Copenhagen, Madrid, Paris'}}, 'email': 'alberto.martin@example.com', 'login': {'uuid': '087b5ce1-ce11-4f22-a25b-2b664c942544', 'username': 'goldenpanda255', 'password': 'bian', 'salt': 'X6ee0kix', 'md5': '1c003ca9c31d72af7fb22c37015262a2', 'sha1': 'bcc50e0b9e9ae5f2f49c9dcc54fdca49ec6169bf', 'sha256': 'a046db39c0c805bdd84f18f206bfc79d5c38e8a36e884074dec5ae4e09d9520d'}, 'dob': {'date': '1986-01-05T01:56:10.231Z', 'age': 38}, 'registered': {'date': '2010-05-09T00:38:34.265Z', 'age': 14}, 'phone': '937-521-322', 'cell': '666-108-914', 'id': {'name': 'DNI', 'value': '71832229-R'}, 'picture': {'large': 'https://randomuser.me/api/portraits/men/43.jpg', 'medium': 'https://randomuser.me/api/portraits/med/men/43.jpg', 'thumbnail': 'https://randomuser.me/api/portraits/thumb/men/43.jpg'}, 'nat': 'ES'}</msg>
<arg>${json_data['results'][0]}</arg>
<doc>Logs the given message with the given level.</doc>
<status status="PASS" start="2024-07-05T03:16:48.458340" elapsed="0.000401"/>
</kw>
<kw name="Log" owner="BuiltIn">
<msg time="2024-07-05T03:16:48.459172" level="INFO">login</msg>
<arg>${key}</arg>
<doc>Logs the given message with the given level.</doc>
<status status="PASS" start="2024-07-05T03:16:48.459046" elapsed="0.000163"/>
</kw>
<var name="${key}">login</var>
<status status="PASS" start="2024-07-05T03:16:48.457641" elapsed="0.001781"/>
</iter>
<var>${key}</var>
<value>@{expected_keys}</value>
<status status="PASS" start="2024-07-05T03:16:48.449514" elapsed="0.010029"/>
</for>
<kw name="Create List" owner="BuiltIn">
<msg time="2024-07-05T03:16:48.459908" level="INFO">${expected_keysTwo} = ['username', 'password']</msg>
<var>${expected_keysTwo}</var>
<arg>username</arg>
<arg>password</arg>
<doc>Returns a list containing given items.</doc>
<status status="PASS" start="2024-07-05T03:16:48.459766" elapsed="0.000167"/>
</kw>
<for flavor="IN">
<iter>
<kw name="Dictionary Should Contain Key" owner="Collections">
<arg>${json_data['results'][0]['login']}</arg>
<arg>${keyTwo}</arg>
<doc>Fails if ``key`` is not found from ``dictionary``.</doc>
<status status="PASS" start="2024-07-05T03:16:48.460476" elapsed="0.000387"/>
</kw>
<kw name="Dictionary Should Contain Key" owner="Collections">
<arg>${json_data['results'][0]['login']}</arg>
<arg>${keyTwo}</arg>
<doc>Fails if ``key`` is not found from ``dictionary``.</doc>
<status status="PASS" start="2024-07-05T03:16:48.461043" elapsed="0.000369"/>
</kw>
<kw name="Log" owner="BuiltIn">
<msg time="2024-07-05T03:16:48.461715" level="INFO">username</msg>
<arg>${keyTwo}</arg>
<doc>Logs the given message with the given level.</doc>
<status status="PASS" start="2024-07-05T03:16:48.461595" elapsed="0.000157"/>
</kw>
<var name="${keyTwo}">username</var>
<status status="PASS" start="2024-07-05T03:16:48.460364" elapsed="0.001610"/>
</iter>
<iter>
<kw name="Dictionary Should Contain Key" owner="Collections">
<arg>${json_data['results'][0]['login']}</arg>
<arg>${keyTwo}</arg>
<doc>Fails if ``key`` is not found from ``dictionary``.</doc>
<status status="PASS" start="2024-07-05T03:16:48.462251" elapsed="0.000380"/>
</kw>
<kw name="Dictionary Should Contain Key" owner="Collections">
<arg>${json_data['results'][0]['login']}</arg>
<arg>${keyTwo}</arg>
<doc>Fails if ``key`` is not found from ``dictionary``.</doc>
<status status="PASS" start="2024-07-05T03:16:48.462810" elapsed="0.000370"/>
</kw>
<kw name="Log" owner="BuiltIn">
<msg time="2024-07-05T03:16:48.463471" level="INFO">password</msg>
<arg>${keyTwo}</arg>
<doc>Logs the given message with the given level.</doc>
<status status="PASS" start="2024-07-05T03:16:48.463354" elapsed="0.000159"/>
</kw>
<var name="${keyTwo}">password</var>
<status status="PASS" start="2024-07-05T03:16:48.462144" elapsed="0.001690"/>
</iter>
<var>${keyTwo}</var>
<value>@{expected_keysTwo}</value>
<status status="PASS" start="2024-07-05T03:16:48.460204" elapsed="0.003788"/>
</for>
<status status="PASS" start="2024-07-05T03:16:48.346407" elapsed="0.117742"/>
</kw>
<doc>Testa a estrutura da resposta da API.</doc>
<tag>testeEstruturaResposta</tag>
<status status="PASS" start="2024-07-05T03:16:48.345823" elapsed="0.118481"/>
</test>
<test id="s1-s1-t4" name="Validar tipos de dados" line="28">
<kw name="Teste de Tipos de Dados" owner="random-user-service">
<kw name="GET On Session" owner="RequestsLibrary">
<msg time="2024-07-05T03:16:48.573451" level="INFO">GET Request : url=https://randomuser.me/api 
 path_url=/api 
 headers={'User-Agent': 'python-requests/2.32.3', 'Accept-Encoding': 'gzip, deflate', 'Accept': '*/*', 'Connection': 'keep-alive'} 
 body=None 
 </msg>
<msg time="2024-07-05T03:16:48.573549" level="INFO">GET Response : url=https://randomuser.me/api 
 status=200, reason=OK 
 headers={'Date': 'Fri, 05 Jul 2024 03:16:48 GMT', 'Content-Type': 'application/json; charset=utf-8', 'Transfer-Encoding': 'chunked', 'Connection': 'keep-alive', 'X-Powered-By': 'Express', 'Access-Control-Allow-Origin': '*', 'Cache-Control': 'no-cache', 'ETag': 'W/"497-K9d/qTSR1qeIs2Q+XBzPXjHKzXo"', 'Vary': 'Accept-Encoding', 'Content-Encoding': 'gzip', 'CF-Cache-Status': 'DYNAMIC', 'Report-To': '{"endpoints":[{"url":"https:\\/\\/a.nel.cloudflare.com\\/report\\/v4?s=H2pxOCY5c0J5DfpgdE%2ByZwIZDv%2B4fnLzBDOeNCTMY%2ByVnT%2B4mMCIO0vTWPUm1XMsSHnDiKcd7cMRIV89cr4NrfJuvFjyKCt%2FjWwCpl6%2BNX%2FHcFaOPaeZKiq2tjB2G%2BqQ"}],"group":"cf-nel","max_age":604800}', 'NEL': '{"success_fraction":0,"report_to":"cf-nel","max_age":604800}', 'Server': 'cloudflare', 'CF-RAY': '89e432caeda52aec-LAX', 'alt-svc': 'h3=":443"; ma=86400'} 
 body={"results":[{"gender":"male","name":{"title":"Mr","first":"Salvador","last":"Morgan"},"location":{"street":{"number":1675,"name":"Paddock Way"},"city":"Aurora","state":"Oregon","country":"United States","postcode":81559,"coordinates":{"latitude":"89.9583","longitude":"-45.2703"},"timezone":{"offset":"+10:00","description":"Eastern Australia, Guam, Vladivostok"}},"email":"salvador.morgan@example.com","login":{"uuid":"d9f290bc-7259-4ec6-b2ed-243798e4e12f","username":"tinysnake258","password":"budweise","salt":"DiuL4VyS","md5":"9f4cdc0d173386538bc5312cedc80e3b","sha1":"c8132e5d54e1a04a29371c4af5f5bd844d3ee9d5","sha256":"d58a3f142dcc8d77f8dd73fc53ad0dd7e2c0efcabb5e9dd992157235288cd8f3"},"dob":{"date":"1961-11-11T05:30:02.432Z","age":62},"registered":{"date":"2006-10-26T05:59:13.288Z","age":17},"phone":"(659) 490-1924","cell":"(436) 712-0843","id":{"name":"SSN","value":"881-58-1360"},"picture":{"large":"https://randomuser.me/api/portraits/men/46.jpg","medium":"https://randomuser.me/api/portraits/med/men/46.jpg","thumbnail":"https://randomuser.me/api/portraits/thumb/men/46.jpg"},"nat":"US"}],"info":{"seed":"36619abf51becb6e","results":1,"page":1,"version":"1.4"}} 
 </msg>
<msg time="2024-07-05T03:16:48.573624" level="INFO">/opt/hostedtoolcache/Python/3.12.4/x64/lib/python3.12/site-packages/urllib3/connectionpool.py:1099: InsecureRequestWarning: Unverified HTTPS request is being made to host 'randomuser.me'. Adding certificate verification is strongly advised. See: https://urllib3.readthedocs.io/en/latest/advanced-usage.html#tls-warnings
  warnings.warn(</msg>
<msg time="2024-07-05T03:16:48.573729" level="INFO">${response} = &lt;Response [200]&gt;</msg>
<var>${response}</var>
<arg>consultarAPI</arg>
<arg>/api</arg>
<doc>Sends a GET request on a previously created HTTP Session.</doc>
<status status="PASS" start="2024-07-05T03:16:48.466839" elapsed="0.106930"/>
</kw>
<kw name="Set Variable" owner="BuiltIn">
<msg time="2024-07-05T03:16:48.574932" level="INFO">${json_data} = {'results': [{'gender': 'male', 'name': {'title': 'Mr', 'first': 'Salvador', 'last': 'Morgan'}, 'location': {'street': {'number': 1675, 'name': 'Paddock Way'}, 'city': 'Aurora', 'state': 'Oregon', 'co...</msg>
<var>${json_data}</var>
<arg>${response.json()}</arg>
<doc>Returns the given values which can then be assigned to a variables.</doc>
<status status="PASS" start="2024-07-05T03:16:48.574357" elapsed="0.000609"/>
</kw>
<kw name="Log" owner="BuiltIn">
<msg time="2024-07-05T03:16:48.575436" level="INFO">{'results': [{'gender': 'male', 'name': {'title': 'Mr', 'first': 'Salvador', 'last': 'Morgan'}, 'location': {'street': {'number': 1675, 'name': 'Paddock Way'}, 'city': 'Aurora', 'state': 'Oregon', 'country': 'United States', 'postcode': 81559, 'coordinates': {'latitude': '89.9583', 'longitude': '-45.2703'}, 'timezone': {'offset': '+10:00', 'description': 'Eastern Australia, Guam, Vladivostok'}}, 'email': 'salvador.morgan@example.com', 'login': {'uuid': 'd9f290bc-7259-4ec6-b2ed-243798e4e12f', 'username': 'tinysnake258', 'password': 'budweise', 'salt': 'DiuL4VyS', 'md5': '9f4cdc0d173386538bc5312cedc80e3b', 'sha1': 'c8132e5d54e1a04a29371c4af5f5bd844d3ee9d5', 'sha256': 'd58a3f142dcc8d77f8dd73fc53ad0dd7e2c0efcabb5e9dd992157235288cd8f3'}, 'dob': {'date': '1961-11-11T05:30:02.432Z', 'age': 62}, 'registered': {'date': '2006-10-26T05:59:13.288Z', 'age': 17}, 'phone': '(659) 490-1924', 'cell': '(436) 712-0843', 'id': {'name': 'SSN', 'value': '881-58-1360'}, 'picture': {'large': 'https://randomuser.me/api/portraits/men/46.jpg', 'medium': 'https://randomuser.me/api/portraits/med/men/46.jpg', 'thumbnail': 'https://randomuser.me/api/portraits/thumb/men/46.jpg'}, 'nat': 'US'}], 'info': {'seed': '36619abf51becb6e', 'results': 1, 'page': 1, 'version': '1.4'}}</msg>
<arg>${json_data}</arg>
<doc>Logs the given message with the given level.</doc>
<status status="PASS" start="2024-07-05T03:16:48.575277" elapsed="0.000206"/>
</kw>
<kw name="Should Be String" owner="String">
<arg>${json_data['results'][0]['gender']}</arg>
<doc>Fails if the given ``item`` is not a string.</doc>
<status status="PASS" start="2024-07-05T03:16:48.575774" elapsed="0.000405"/>
</kw>
<kw name="Should Match Regexp" owner="BuiltIn">
<arg>${json_data['results'][0]['email']}</arg>
<arg>^[a-zA-Z0-9._%+-]+@[a-zA-Z0-9.-]+\.[a-zA-Z]{2,}$</arg>
<doc>Fails if ``string`` does not match ``pattern`` as a regular expression.</doc>
<status status="PASS" start="2024-07-05T03:16:48.576412" elapsed="0.000519"/>
</kw>
<kw name="Should Match Regexp" owner="BuiltIn">
<arg>${json_data['results'][0]['dob']['date']}</arg>
<arg>\\d{4}-\\d{2}-\\d{2}T\\d{2}:\\d{2}:\\d{2}\\.\\d{3}Z</arg>
<doc>Fails if ``string`` does not match ``pattern`` as a regular expression.</doc>
<status status="PASS" start="2024-07-05T03:16:48.577123" elapsed="0.000479"/>
</kw>
<kw name="Should Match Regexp" owner="BuiltIn">
<arg>${json_data['results'][0]['registered']['date']}</arg>
<arg>\\d{4}-\\d{2}-\\d{2}T\\d{2}:\\d{2}:\\d{2}\\.\\d{3}Z</arg>
<doc>Fails if ``string`` does not match ``pattern`` as a regular expression.</doc>
<status status="PASS" start="2024-07-05T03:16:48.577793" elapsed="0.000371"/>
</kw>
<kw name="Should Match Regexp" owner="BuiltIn">
<arg>${json_data['results'][0]['picture']['large']}</arg>
<arg>^https?://.*\.(?:png|jpe?g|gif|bmp)$</arg>
<doc>Fails if ``string`` does not match ``pattern`` as a regular expression.</doc>
<status status="PASS" start="2024-07-05T03:16:48.578347" elapsed="0.000457"/>
</kw>
<kw name="Should Match Regexp" owner="BuiltIn">
<arg>${json_data['results'][0]['picture']['medium']}</arg>
<arg>^https?://.*\.(?:png|jpe?g|gif|bmp)$</arg>
<doc>Fails if ``string`` does not match ``pattern`` as a regular expression.</doc>
<status status="PASS" start="2024-07-05T03:16:48.578990" elapsed="0.000349"/>
</kw>
<kw name="Should Match Regexp" owner="BuiltIn">
<arg>${json_data['results'][0]['picture']['thumbnail']}</arg>
<arg>^https?://.*\.(?:png|jpe?g|gif|bmp)$</arg>
<doc>Fails if ``string`` does not match ``pattern`` as a regular expression.</doc>
<status status="PASS" start="2024-07-05T03:16:48.579520" elapsed="0.000346"/>
</kw>
<kw name="Log" owner="BuiltIn">
<msg time="2024-07-05T03:16:48.580414" level="INFO">{'large': 'https://randomuser.me/api/portraits/men/46.jpg', 'medium': 'https://randomuser.me/api/portraits/med/men/46.jpg', 'thumbnail': 'https://randomuser.me/api/portraits/thumb/men/46.jpg'}</msg>
<arg>${json_data['results'][0]['picture']}</arg>
<doc>Logs the given message with the given level.</doc>
<status status="PASS" start="2024-07-05T03:16:48.580081" elapsed="0.000375"/>
</kw>
<status status="PASS" start="2024-07-05T03:16:48.466614" elapsed="0.114100"/>
</kw>
<kw name="Teste de Tipos de Dados - Postcode" owner="random-user-service">
<kw name="GET On Session" owner="RequestsLibrary">
<msg time="2024-07-05T03:16:48.700188" level="INFO">GET Request : url=https://randomuser.me/api 
 path_url=/api 
 headers={'User-Agent': 'python-requests/2.32.3', 'Accept-Encoding': 'gzip, deflate', 'Accept': '*/*', 'Connection': 'keep-alive'} 
 body=None 
 </msg>
<msg time="2024-07-05T03:16:48.700279" level="INFO">GET Response : url=https://randomuser.me/api 
 status=200, reason=OK 
 headers={'Date': 'Fri, 05 Jul 2024 03:16:48 GMT', 'Content-Type': 'application/json; charset=utf-8', 'Transfer-Encoding': 'chunked', 'Connection': 'keep-alive', 'X-Powered-By': 'Express', 'Access-Control-Allow-Origin': '*', 'Cache-Control': 'no-cache', 'ETag': 'W/"481-fXVN9nHq0wLP7jkyUuGR6CBIKeY"', 'Vary': 'Accept-Encoding', 'Content-Encoding': 'gzip', 'CF-Cache-Status': 'DYNAMIC', 'Report-To': '{"endpoints":[{"url":"https:\\/\\/a.nel.cloudflare.com\\/report\\/v4?s=4idP34oLybNJpMo2g%2BDqz1HWKO%2FFka7VCmXkjDLadhQbq9D6%2FO%2BjTw1jBIT%2FCEGUbBE6Gqg0S%2Bpnou8mAIlGF1gs1XouLYImwu8ibWMQEv6hrsncH%2BrB1PtOndnzjvPX"}],"group":"cf-nel","max_age":604800}', 'NEL': '{"success_fraction":0,"report_to":"cf-nel","max_age":604800}', 'Server': 'cloudflare', 'CF-RAY': '89e432cbae5c2aec-LAX', 'alt-svc': 'h3=":443"; ma=86400'} 
 body={"results":[{"gender":"male","name":{"title":"Mr","first":"Tarak","last":"Adiga"},"location":{"street":{"number":4881,"name":"Somwar Peth"},"city":"Bhind","state":"Punjab","country":"India","postcode":47369,"coordinates":{"latitude":"11.9748","longitude":"-76.6395"},"timezone":{"offset":"+11:00","description":"Magadan, Solomon Islands, New Caledonia"}},"email":"tarak.adiga@example.com","login":{"uuid":"e0f7e2c6-460a-453e-b74f-a64af429f778","username":"crazyzebra678","password":"jose","salt":"rAdPvp5R","md5":"3b32d7b7904b7628ec74861872424f8f","sha1":"f382905f7300b20c850426eb2fbc6ab6884e7935","sha256":"786332f97f641231e17f99fbd4eb519dfa5b256c8ca68063e47ce391927fba74"},"dob":{"date":"1968-05-30T22:10:17.697Z","age":56},"registered":{"date":"2007-08-31T13:33:44.222Z","age":16},"phone":"9215944569","cell":"9107182095","id":{"name":"UIDAI","value":"138586751106"},"picture":{"large":"https://randomuser.me/api/portraits/men/63.jpg","medium":"https://randomuser.me/api/portraits/med/men/63.jpg","thumbnail":"https://randomuser.me/api/portraits/thumb/men/63.jpg"},"nat":"IN"}],"info":{"seed":"6915f4dca9365368","results":1,"page":1,"version":"1.4"}} 
 </msg>
<msg time="2024-07-05T03:16:48.700355" level="INFO">/opt/hostedtoolcache/Python/3.12.4/x64/lib/python3.12/site-packages/urllib3/connectionpool.py:1099: InsecureRequestWarning: Unverified HTTPS request is being made to host 'randomuser.me'. Adding certificate verification is strongly advised. See: https://urllib3.readthedocs.io/en/latest/advanced-usage.html#tls-warnings
  warnings.warn(</msg>
<msg time="2024-07-05T03:16:48.700483" level="INFO">${response} = &lt;Response [200]&gt;</msg>
<var>${response}</var>
<arg>consultarAPI</arg>
<arg>/api</arg>
<doc>Sends a GET request on a previously created HTTP Session.</doc>
<status status="PASS" start="2024-07-05T03:16:48.581165" elapsed="0.119369"/>
</kw>
<kw name="Set Variable" owner="BuiltIn">
<msg time="2024-07-05T03:16:48.701713" level="INFO">${json_data} = {'results': [{'gender': 'male', 'name': {'title': 'Mr', 'first': 'Tarak', 'last': 'Adiga'}, 'location': {'street': {'number': 4881, 'name': 'Somwar Peth'}, 'city': 'Bhind', 'state': 'Punjab', 'country...</msg>
<var>${json_data}</var>
<arg>${response.json()}</arg>
<doc>Returns the given values which can then be assigned to a variables.</doc>
<status status="PASS" start="2024-07-05T03:16:48.701122" elapsed="0.000620"/>
</kw>
<kw name="Log" owner="BuiltIn">
<msg time="2024-07-05T03:16:48.702215" level="INFO">{'results': [{'gender': 'male', 'name': {'title': 'Mr', 'first': 'Tarak', 'last': 'Adiga'}, 'location': {'street': {'number': 4881, 'name': 'Somwar Peth'}, 'city': 'Bhind', 'state': 'Punjab', 'country': 'India', 'postcode': 47369, 'coordinates': {'latitude': '11.9748', 'longitude': '-76.6395'}, 'timezone': {'offset': '+11:00', 'description': 'Magadan, Solomon Islands, New Caledonia'}}, 'email': 'tarak.adiga@example.com', 'login': {'uuid': 'e0f7e2c6-460a-453e-b74f-a64af429f778', 'username': 'crazyzebra678', 'password': 'jose', 'salt': 'rAdPvp5R', 'md5': '3b32d7b7904b7628ec74861872424f8f', 'sha1': 'f382905f7300b20c850426eb2fbc6ab6884e7935', 'sha256': '786332f97f641231e17f99fbd4eb519dfa5b256c8ca68063e47ce391927fba74'}, 'dob': {'date': '1968-05-30T22:10:17.697Z', 'age': 56}, 'registered': {'date': '2007-08-31T13:33:44.222Z', 'age': 16}, 'phone': '9215944569', 'cell': '9107182095', 'id': {'name': 'UIDAI', 'value': '138586751106'}, 'picture': {'large': 'https://randomuser.me/api/portraits/men/63.jpg', 'medium': 'https://randomuser.me/api/portraits/med/men/63.jpg', 'thumbnail': 'https://randomuser.me/api/portraits/thumb/men/63.jpg'}, 'nat': 'IN'}], 'info': {'seed': '6915f4dca9365368', 'results': 1, 'page': 1, 'version': '1.4'}}</msg>
<arg>${json_data}</arg>
<doc>Logs the given message with the given level.</doc>
<status status="PASS" start="2024-07-05T03:16:48.702056" elapsed="0.000208"/>
</kw>
<kw name="Should Be Equal As Numbers" owner="BuiltIn">
<arg>${json_data['results'][0]['location']['postcode']}</arg>
<arg>${json_data['results'][0]['location']['postcode']}</arg>
<doc>Fails if objects are unequal after converting them to real numbers.</doc>
<status status="PASS" start="2024-07-05T03:16:48.702567" elapsed="0.000627"/>
</kw>
<kw name="Log" owner="BuiltIn">
<msg time="2024-07-05T03:16:48.703922" level="INFO">47369</msg>
<arg>${json_data['results'][0]['location']['postcode']}</arg>
<doc>Logs the given message with the given level.</doc>
<status status="PASS" start="2024-07-05T03:16:48.703419" elapsed="0.000577"/>
</kw>
<status status="PASS" start="2024-07-05T03:16:48.580937" elapsed="0.123331"/>
</kw>
<doc>Testa se os tipos de dados na resposta da API estão corretos.</doc>
<tag>testeTiposDados</tag>
<status status="PASS" start="2024-07-05T03:16:48.466071" elapsed="0.238368"/>
</test>
<test id="s1-s1-t5" name="Validar conteudo" line="35">
<kw name="Teste de Tipos de Conteudo" owner="random-user-service">
<kw name="GET On Session" owner="RequestsLibrary">
<msg time="2024-07-05T03:16:48.802253" level="INFO">GET Request : url=https://randomuser.me/api 
 path_url=/api 
 headers={'User-Agent': 'python-requests/2.32.3', 'Accept-Encoding': 'gzip, deflate', 'Accept': '*/*', 'Connection': 'keep-alive'} 
 body=None 
 </msg>
<msg time="2024-07-05T03:16:48.802338" level="INFO">GET Response : url=https://randomuser.me/api 
 status=200, reason=OK 
 headers={'Date': 'Fri, 05 Jul 2024 03:16:48 GMT', 'Content-Type': 'application/json; charset=utf-8', 'Transfer-Encoding': 'chunked', 'Connection': 'keep-alive', 'X-Powered-By': 'Express', 'Access-Control-Allow-Origin': '*', 'Cache-Control': 'no-cache', 'ETag': 'W/"493-0hGdHUvyJpYxMewSZuAKbgv0hx0"', 'Vary': 'Accept-Encoding', 'Content-Encoding': 'gzip', 'CF-Cache-Status': 'DYNAMIC', 'Report-To': '{"endpoints":[{"url":"https:\\/\\/a.nel.cloudflare.com\\/report\\/v4?s=64fBFwKVTibPEIwL7F%2BaMBZJTDXj2ixzErEQEBkntC6cu5HG0AVok9kUfWN%2BZrVTEn%2BgBi%2FjNxh%2BoR%2BtgMa6Yh%2BN3RU0FgtGXFH5PkxY18fbaKELHEZtziRWmdc0lngu"}],"group":"cf-nel","max_age":604800}', 'NEL': '{"success_fraction":0,"report_to":"cf-nel","max_age":604800}', 'Server': 'cloudflare', 'CF-RAY': '89e432cc7f492aec-LAX', 'alt-svc': 'h3=":443"; ma=86400'} 
 body={"results":[{"gender":"male","name":{"title":"Mr","first":"Rava","last":"Budyanskiy"},"location":{"street":{"number":8761,"name":"Lisnicka"},"city":"Gulyaypole","state":"Ivano-Frankivska","country":"Ukraine","postcode":87337,"coordinates":{"latitude":"80.8538","longitude":"-23.1469"},"timezone":{"offset":"-4:00","description":"Atlantic Time (Canada), Caracas, La Paz"}},"email":"rava.budyanskiy@example.com","login":{"uuid":"b14e835d-c79f-4cee-afa8-24b4ca235787","username":"purpleleopard250","password":"yahooo","salt":"XDJ0V54A","md5":"1bc4dff69fcc0ea17458e6ef790e8966","sha1":"32e7671b8eed2ae34ed5204b77b59e06695dc84a","sha256":"271dac2d46a9b85f2cf196bdbc31c28e63895ee2bcfdae31e11591cdbf71aae8"},"dob":{"date":"1961-10-28T20:18:01.688Z","age":62},"registered":{"date":"2017-01-06T02:01:56.912Z","age":7},"phone":"(098) R12-3454","cell":"(067) T89-6069","id":{"name":"","value":null},"picture":{"large":"https://randomuser.me/api/portraits/men/25.jpg","medium":"https://randomuser.me/api/portraits/med/men/25.jpg","thumbnail":"https://randomuser.me/api/portraits/thumb/men/25.jpg"},"nat":"UA"}],"info":{"seed":"dfe20e2e0ad17560","results":1,"page":1,"version":"1.4"}} 
 </msg>
<msg time="2024-07-05T03:16:48.802400" level="INFO">/opt/hostedtoolcache/Python/3.12.4/x64/lib/python3.12/site-packages/urllib3/connectionpool.py:1099: InsecureRequestWarning: Unverified HTTPS request is being made to host 'randomuser.me'. Adding certificate verification is strongly advised. See: https://urllib3.readthedocs.io/en/latest/advanced-usage.html#tls-warnings
  warnings.warn(</msg>
<msg time="2024-07-05T03:16:48.802549" level="INFO">${response} = &lt;Response [200]&gt;</msg>
<var>${response}</var>
<arg>consultarAPI</arg>
<arg>/api</arg>
<doc>Sends a GET request on a previously created HTTP Session.</doc>
<status status="PASS" start="2024-07-05T03:16:48.706976" elapsed="0.095614"/>
</kw>
<kw name="Set Variable" owner="BuiltIn">
<msg time="2024-07-05T03:16:48.803562" level="INFO">${json_data} = {'results': [{'gender': 'male', 'name': {'title': 'Mr', 'first': 'Rava', 'last': 'Budyanskiy'}, 'location': {'street': {'number': 8761, 'name': 'Lisnicka'}, 'city': 'Gulyaypole', 'state': 'Ivano-Frank...</msg>
<var>${json_data}</var>
<arg>${response.json()}</arg>
<doc>Returns the given values which can then be assigned to a variables.</doc>
<status status="PASS" start="2024-07-05T03:16:48.803077" elapsed="0.000514"/>
</kw>
<kw name="Set Variable" owner="BuiltIn">
<msg time="2024-07-05T03:16:48.804323" level="INFO">${name_title} = Mr</msg>
<var>${name_title}</var>
<arg>${json_data["results"][0]["name"]["title"]}</arg>
<doc>Returns the given values which can then be assigned to a variables.</doc>
<status status="PASS" start="2024-07-05T03:16:48.803890" elapsed="0.000459"/>
</kw>
<kw name="Create List" owner="BuiltIn">
<msg time="2024-07-05T03:16:48.804800" level="INFO">${allowed_titles} = ['Mr', 'Ms', 'Miss', 'Mrs', 'Madame', 'Monsieur']</msg>
<var>${allowed_titles}</var>
<arg>Mr</arg>
<arg>Ms</arg>
<arg>Miss</arg>
<arg>Mrs</arg>
<arg>Madame</arg>
<arg>Monsieur</arg>
<doc>Returns a list containing given items.</doc>
<status status="PASS" start="2024-07-05T03:16:48.804642" elapsed="0.000182"/>
</kw>
<kw name="List Should Contain Value" owner="Collections">
<arg>${allowed_titles}</arg>
<arg>${name_title}</arg>
<doc>Fails if the ``value`` is not found from ``list``.</doc>
<status status="PASS" start="2024-07-05T03:16:48.805122" elapsed="0.000171"/>
</kw>
<kw name="Set Variable" owner="BuiltIn">
<msg time="2024-07-05T03:16:48.805849" level="INFO">${name_country} = UA</msg>
<var>${name_country}</var>
<arg>${json_data["results"][0]["nat"]}</arg>
<doc>Returns the given values which can then be assigned to a variables.</doc>
<status status="PASS" start="2024-07-05T03:16:48.805476" elapsed="0.000397"/>
</kw>
<kw name="Create List" owner="BuiltIn">
<msg time="2024-07-05T03:16:48.806747" level="INFO">${list_country} = ['AD', 'AE', 'AF', 'AG', 'AI', 'AL', 'AM', 'AO', 'AQ', 'AR', 'AS', 'AT', 'AU', 'AW', 'AX', 'AZ', 'BA', 'BB', 'BD', 'BE', 'BF', 'BG', 'BH', 'BI', 'BJ', 'BL', 'BM', 'BN', 'BO', 'BQ', 'BR', 'BS', 'BT', '...</msg>
<var>${list_country}</var>
<arg>AD</arg>
<arg>AE</arg>
<arg>AF</arg>
<arg>AG</arg>
<arg>AI</arg>
<arg>AL</arg>
<arg>AM</arg>
<arg>AO</arg>
<arg>AQ</arg>
<arg>AR</arg>
<arg>AS</arg>
<arg>AT</arg>
<arg>AU</arg>
<arg>AW</arg>
<arg>AX</arg>
<arg>AZ</arg>
<arg>BA</arg>
<arg>BB</arg>
<arg>BD</arg>
<arg>BE</arg>
<arg>BF</arg>
<arg>BG</arg>
<arg>BH</arg>
<arg>BI</arg>
<arg>BJ</arg>
<arg>BL</arg>
<arg>BM</arg>
<arg>BN</arg>
<arg>BO</arg>
<arg>BQ</arg>
<arg>BR</arg>
<arg>BS</arg>
<arg>BT</arg>
<arg>BV</arg>
<arg>BW</arg>
<arg>BY</arg>
<arg>BZ</arg>
<arg>CA</arg>
<arg>CC</arg>
<arg>CD</arg>
<arg>CF</arg>
<arg>CG</arg>
<arg>CH</arg>
<arg>CI</arg>
<arg>CK</arg>
<arg>CL</arg>
<arg>CM</arg>
<arg>CN</arg>
<arg>CO</arg>
<arg>CR</arg>
<arg>CU</arg>
<arg>CV</arg>
<arg>CW</arg>
<arg>CX</arg>
<arg>CY</arg>
<arg>CZ</arg>
<arg>DE</arg>
<arg>DJ</arg>
<arg>DK</arg>
<arg>DM</arg>
<arg>DO</arg>
<arg>DZ</arg>
<arg>EC</arg>
<arg>EE</arg>
<arg>EG</arg>
<arg>EH</arg>
<arg>ER</arg>
<arg>ES</arg>
<arg>ET</arg>
<arg>FI</arg>
<arg>FJ</arg>
<arg>FK</arg>
<arg>FM</arg>
<arg>FO</arg>
<arg>FR</arg>
<arg>GA</arg>
<arg>GB</arg>
<arg>GD</arg>
<arg>GE</arg>
<arg>GF</arg>
<arg>GG</arg>
<arg>GH</arg>
<arg>GI</arg>
<arg>GL</arg>
<arg>GM</arg>
<arg>GN</arg>
<arg>GP</arg>
<arg>GQ</arg>
<arg>GR</arg>
<arg>GS</arg>
<arg>GT</arg>
<arg>GU</arg>
<arg>GW</arg>
<arg>GY</arg>
<arg>HK</arg>
<arg>HM</arg>
<arg>HN</arg>
<arg>HR</arg>
<arg>HT</arg>
<arg>HU</arg>
<arg>ID</arg>
<arg>IE</arg>
<arg>IL</arg>
<arg>IM</arg>
<arg>IN</arg>
<arg>IO</arg>
<arg>IQ</arg>
<arg>IR</arg>
<arg>IS</arg>
<arg>IT</arg>
<arg>JE</arg>
<arg>JM</arg>
<arg>JO</arg>
<arg>JP</arg>
<arg>KE</arg>
<arg>KG</arg>
<arg>KH</arg>
<arg>KI</arg>
<arg>KM</arg>
<arg>KN</arg>
<arg>KP</arg>
<arg>KR</arg>
<arg>KW</arg>
<arg>KY</arg>
<arg>KZ</arg>
<arg>LA</arg>
<arg>LB</arg>
<arg>LC</arg>
<arg>LI</arg>
<arg>LK</arg>
<arg>LR</arg>
<arg>LS</arg>
<arg>LT</arg>
<arg>LU</arg>
<arg>LV</arg>
<arg>LY</arg>
<arg>MA</arg>
<arg>MC</arg>
<arg>MD</arg>
<arg>ME</arg>
<arg>MF</arg>
<arg>MG</arg>
<arg>MH</arg>
<arg>MK</arg>
<arg>ML</arg>
<arg>MM</arg>
<arg>MN</arg>
<arg>MO</arg>
<arg>MP</arg>
<arg>MQ</arg>
<arg>MR</arg>
<arg>MS</arg>
<arg>MT</arg>
<arg>MU</arg>
<arg>MV</arg>
<arg>MW</arg>
<arg>MX</arg>
<arg>MY</arg>
<arg>MZ</arg>
<arg>NA</arg>
<arg>NC</arg>
<arg>NE</arg>
<arg>NF</arg>
<arg>NG</arg>
<arg>NI</arg>
<arg>NL</arg>
<arg>NO</arg>
<arg>NP</arg>
<arg>NR</arg>
<arg>NU</arg>
<arg>NZ</arg>
<arg>OM</arg>
<arg>PA</arg>
<arg>PE</arg>
<arg>PF</arg>
<arg>PG</arg>
<arg>PH</arg>
<arg>PK</arg>
<arg>PL</arg>
<arg>PM</arg>
<arg>PN</arg>
<arg>PR</arg>
<arg>PS</arg>
<arg>PT</arg>
<arg>PW</arg>
<arg>PY</arg>
<arg>QA</arg>
<arg>RE</arg>
<arg>RO</arg>
<arg>RS</arg>
<arg>RU</arg>
<arg>RW</arg>
<arg>SA</arg>
<arg>SB</arg>
<arg>SC</arg>
<arg>SD</arg>
<arg>SE</arg>
<arg>SG</arg>
<arg>SH</arg>
<arg>SI</arg>
<arg>SJ</arg>
<arg>SK</arg>
<arg>SL</arg>
<arg>SM</arg>
<arg>SN</arg>
<arg>SO</arg>
<arg>SR</arg>
<arg>SS</arg>
<arg>ST</arg>
<arg>SV</arg>
<arg>SX</arg>
<arg>SY</arg>
<arg>SZ</arg>
<arg>TC</arg>
<arg>TD</arg>
<arg>TF</arg>
<arg>TG</arg>
<arg>TH</arg>
<arg>TJ</arg>
<arg>TK</arg>
<arg>TL</arg>
<arg>TM</arg>
<arg>TN</arg>
<arg>TO</arg>
<arg>TR</arg>
<arg>TT</arg>
<arg>TV</arg>
<arg>TW</arg>
<arg>TZ</arg>
<arg>UA</arg>
<arg>UG</arg>
<arg>UM</arg>
<arg>US</arg>
<arg>UY</arg>
<arg>UZ</arg>
<arg>VA</arg>
<arg>VC</arg>
<arg>VE</arg>
<arg>VG</arg>
<arg>VI</arg>
<arg>VN</arg>
<arg>VU</arg>
<arg>WF</arg>
<arg>WS</arg>
<arg>XK</arg>
<arg>YE</arg>
<arg>YT</arg>
<arg>ZA</arg>
<arg>ZM</arg>
<arg>ZW</arg>
<doc>Returns a list containing given items.</doc>
<status status="PASS" start="2024-07-05T03:16:48.806162" elapsed="0.000610"/>
</kw>
<kw name="List Should Contain Value" owner="Collections">
<arg>${list_country}</arg>
<arg>${name_country}</arg>
<doc>Fails if the ``value`` is not found from ``list``.</doc>
<status status="PASS" start="2024-07-05T03:16:48.807554" elapsed="0.000206"/>
</kw>
<kw name="Run Keyword If" owner="BuiltIn">
<kw name="Should Be True" owner="BuiltIn">
<arg>${True}</arg>
<doc>Fails if the given condition is not true.</doc>
<status status="PASS" start="2024-07-05T03:16:48.808722" elapsed="0.000140"/>
</kw>
<arg>${json_data["results"][0]["location"]["coordinates"]["latitude"]} &gt;= -90 and ${json_data["results"][0]["location"]["coordinates"]["latitude"]} &lt;= 90</arg>
<arg>Should Be True</arg>
<arg>${True}</arg>
<doc>Runs the given keyword with the given arguments, if ``condition`` is true.</doc>
<status status="PASS" start="2024-07-05T03:16:48.807982" elapsed="0.001006"/>
</kw>
<kw name="Run Keyword If" owner="BuiltIn">
<kw name="Should Be True" owner="BuiltIn">
<arg>${True}</arg>
<doc>Fails if the given condition is not true.</doc>
<status status="PASS" start="2024-07-05T03:16:48.809850" elapsed="0.000238"/>
</kw>
<arg>${json_data["results"][0]["location"]["coordinates"]["longitude"]} &gt;= -180 and ${json_data["results"][0]["location"]["coordinates"]["longitude"]} &lt;= 180</arg>
<arg>Should Be True</arg>
<arg>${True}</arg>
<doc>Runs the given keyword with the given arguments, if ``condition`` is true.</doc>
<status status="PASS" start="2024-07-05T03:16:48.809167" elapsed="0.001047"/>
</kw>
<status status="PASS" start="2024-07-05T03:16:48.706755" elapsed="0.103592"/>
</kw>
<doc>Testa o conteúdo específico dos campos retornados pela API.</doc>
<tag>testeConteudo</tag>
<status status="PASS" start="2024-07-05T03:16:48.706224" elapsed="0.104271"/>
</test>
<status status="PASS" start="2024-07-05T03:16:47.778592" elapsed="1.033873"/>
</suite>
<status status="PASS" start="2024-07-05T03:16:47.764261" elapsed="1.053228"/>
</suite>
<statistics>
<total>
<stat pass="5" fail="0" skip="0">All Tests</stat>
</total>
<tag>
<stat pass="1" fail="0" skip="0">testeConteudo</stat>
<stat pass="1" fail="0" skip="0">testeEstruturaResposta</stat>
<stat pass="1" fail="0" skip="0">testeRequisicaoBasica</stat>
<stat pass="1" fail="0" skip="0">testeTiposDados</stat>
</tag>
<suite>
<stat pass="5" fail="0" skip="0" id="s1" name="Tests">Tests</stat>
<stat pass="5" fail="0" skip="0" id="s1-s1" name="Random-User-Test">Tests.Random-User-Test</stat>
</suite>
</statistics>
<errors>
</errors>
</robot>
