<?xml version="1.0" encoding="UTF-8"?>
<robot generator="Robot 7.0.1 (Python 3.12.4 on linux)" generated="2024-07-09T04:17:50.972437" rpa="false" schemaversion="5">
<suite id="s1" name="Tests" source="/home/runner/work/ApiRandomUser/ApiRandomUser/RamdonUser/tests">
<suite id="s1-s1" name="Random-User-Test" source="/home/runner/work/ApiRandomUser/ApiRandomUser/RamdonUser/tests/random-user-test.robot">
<test id="s1-s1-t1" name="Conectar" line="13">
<kw name="Conectar API" owner="random-user-service">
<kw name="Create Session" owner="RequestsLibrary">
<msg time="2024-07-09T04:17:51.385634" level="INFO">Creating Session using : alias=consultarAPI, url=https://randomuser.me/, headers={},                     cookies={}, auth=None, timeout=None, proxies=None, verify=False,                     debug=0 </msg>
<arg>consultarAPI</arg>
<arg>${URL}</arg>
<doc>Create Session: create a HTTP session to a server</doc>
<status status="PASS" start="2024-07-09T04:17:51.385397" elapsed="0.000460"/>
</kw>
<status status="PASS" start="2024-07-09T04:17:51.384364" elapsed="0.001880"/>
</kw>
<status status="PASS" start="2024-07-09T04:17:51.383763" elapsed="0.002679"/>
</test>
<test id="s1-s1-t2" name="Validar retorno 200 e JSON Válido" line="16">
<kw name="Teste de Requisicao Basica" owner="random-user-service">
<kw name="GET On Session" owner="RequestsLibrary">
<msg time="2024-07-09T04:17:51.578285" level="INFO">GET Request : url=https://randomuser.me/api 
 path_url=/api 
 headers={'User-Agent': 'python-requests/2.32.3', 'Accept-Encoding': 'gzip, deflate', 'Accept': '*/*', 'Connection': 'keep-alive'} 
 body=None 
 </msg>
<msg time="2024-07-09T04:17:51.578476" level="INFO">GET Response : url=https://randomuser.me/api 
 status=200, reason=OK 
 headers={'Date': 'Tue, 09 Jul 2024 04:17:51 GMT', 'Content-Type': 'application/json; charset=utf-8', 'Transfer-Encoding': 'chunked', 'Connection': 'keep-alive', 'X-Powered-By': 'Express', 'Access-Control-Allow-Origin': '*', 'Cache-Control': 'no-cache', 'ETag': 'W/"492-1JSt8uzd/koBvP0uJ9qKXUlLezU"', 'Vary': 'Accept-Encoding', 'Content-Encoding': 'gzip', 'CF-Cache-Status': 'DYNAMIC', 'Report-To': '{"endpoints":[{"url":"https:\\/\\/a.nel.cloudflare.com\\/report\\/v4?s=1v0r42UGxKz8hUFQwkIkHAyZhiN4qAyth1EcjsEuxFEEd0%2Bp4iJ4jlTDo5qe9xTS14gjhJxdiFGF8r9QO7cquEu47BJ5dL5DDwDBEA4fUWwXK2TrOpogOTZicZFiDSQt"}],"group":"cf-nel","max_age":604800}', 'NEL': '{"success_fraction":0,"report_to":"cf-nel","max_age":604800}', 'Server': 'cloudflare', 'CF-RAY': '8a0581b91811111f-ORD', 'alt-svc': 'h3=":443"; ma=86400'} 
 body={"results":[{"gender":"female","name":{"title":"Mrs","first":"Rhianne","last":"Soekhoe"},"location":{"street":{"number":3235,"name":"Elzeboom"},"city":"Empel","state":"Gelderland","country":"Netherlands","postcode":"6136 TC","coordinates":{"latitude":"36.3782","longitude":"17.1733"},"timezone":{"offset":"+5:30","description":"Bombay, Calcutta, Madras, New Delhi"}},"email":"rhianne.soekhoe@example.com","login":{"uuid":"caab5835-0dc8-47da-a3e2-dced09c77960","username":"blackswan799","password":"tech","salt":"1VFBZOil","md5":"87b10041b02f8d559cb354a94a5412fa","sha1":"798207569715ca26172af7598c14c0e5a1bc310e","sha256":"969749a643c8a78cbf69110cdae8d459340f1b1efb7b814f5ecf90ef16490413"},"dob":{"date":"1997-01-11T22:05:11.059Z","age":27},"registered":{"date":"2019-03-01T04:16:57.048Z","age":5},"phone":"(0040) 941406","cell":"(06) 30673152","id":{"name":"BSN","value":"76349955"},"picture":{"large":"https://randomuser.me/api/portraits/women/2.jpg","medium":"https://randomuser.me/api/portraits/med/women/2.jpg","thumbnail":"https://randomuser.me/api/portraits/thumb/women/2.jpg"},"nat":"NL"}],"info":{"seed":"29834bef5191b91c","results":1,"page":1,"version":"1.4"}} 
 </msg>
<msg time="2024-07-09T04:17:51.578575" level="INFO">/opt/hostedtoolcache/Python/3.12.4/x64/lib/python3.12/site-packages/urllib3/connectionpool.py:1099: InsecureRequestWarning: Unverified HTTPS request is being made to host 'randomuser.me'. Adding certificate verification is strongly advised. See: https://urllib3.readthedocs.io/en/latest/advanced-usage.html#tls-warnings
  warnings.warn(</msg>
<msg time="2024-07-09T04:17:51.578723" level="INFO">${response} = &lt;Response [200]&gt;</msg>
<var>${response}</var>
<arg>consultarAPI</arg>
<arg>/api</arg>
<doc>Sends a GET request on a previously created HTTP Session.</doc>
<status status="PASS" start="2024-07-09T04:17:51.389190" elapsed="0.189580"/>
</kw>
<kw name="Should Be Equal As Numbers" owner="BuiltIn">
<msg time="2024-07-09T04:17:51.579910" level="INFO">Argument types are:
&lt;class 'int'&gt;
&lt;class 'str'&gt;</msg>
<arg>${response.status_code}</arg>
<arg>200</arg>
<doc>Fails if objects are unequal after converting them to real numbers.</doc>
<status status="PASS" start="2024-07-09T04:17:51.579353" elapsed="0.000632"/>
</kw>
<kw name="Log" owner="BuiltIn">
<msg time="2024-07-09T04:17:51.580779" level="INFO">200</msg>
<arg>${response.status_code}</arg>
<doc>Logs the given message with the given level.</doc>
<status status="PASS" start="2024-07-09T04:17:51.580380" elapsed="0.000447"/>
</kw>
<kw name="Set Variable" owner="BuiltIn">
<msg time="2024-07-09T04:17:51.581640" level="INFO">${json_data} = {'results': [{'gender': 'female', 'name': {'title': 'Mrs', 'first': 'Rhianne', 'last': 'Soekhoe'}, 'location': {'street': {'number': 3235, 'name': 'Elzeboom'}, 'city': 'Empel', 'state': 'Gelderland', ...</msg>
<var>${json_data}</var>
<arg>${response.json()}</arg>
<doc>Returns the given values which can then be assigned to a variables.</doc>
<status status="PASS" start="2024-07-09T04:17:51.581175" elapsed="0.000494"/>
</kw>
<kw name="Dictionary Should Contain Key" owner="Collections">
<arg>${json_data}</arg>
<arg>results</arg>
<doc>Fails if ``key`` is not found from ``dictionary``.</doc>
<status status="PASS" start="2024-07-09T04:17:51.581990" elapsed="0.000188"/>
</kw>
<status status="PASS" start="2024-07-09T04:17:51.388925" elapsed="0.193416"/>
</kw>
<doc>Testa se a API responde corretamente e retorna um objeto JSON válido.</doc>
<tag>testeRequisicaoBasica</tag>
<status status="PASS" start="2024-07-09T04:17:51.388422" elapsed="0.194107"/>
</test>
<test id="s1-s1-t3" name="Validar estrutura de resposta" line="22">
<kw name="Teste de Estrutura de Resposta" owner="random-user-service">
<kw name="GET On Session" owner="RequestsLibrary">
<msg time="2024-07-09T04:17:51.671833" level="INFO">GET Request : url=https://randomuser.me/api 
 path_url=/api 
 headers={'User-Agent': 'python-requests/2.32.3', 'Accept-Encoding': 'gzip, deflate', 'Accept': '*/*', 'Connection': 'keep-alive'} 
 body=None 
 </msg>
<msg time="2024-07-09T04:17:51.671940" level="INFO">GET Response : url=https://randomuser.me/api 
 status=200, reason=OK 
 headers={'Date': 'Tue, 09 Jul 2024 04:17:51 GMT', 'Content-Type': 'application/json; charset=utf-8', 'Transfer-Encoding': 'chunked', 'Connection': 'keep-alive', 'X-Powered-By': 'Express', 'Access-Control-Allow-Origin': '*', 'Cache-Control': 'no-cache', 'ETag': 'W/"4b7-bUR/7ZQ2BbPHAa0mk1Mh3GJEfj0"', 'Vary': 'Accept-Encoding', 'Content-Encoding': 'gzip', 'CF-Cache-Status': 'DYNAMIC', 'Report-To': '{"endpoints":[{"url":"https:\\/\\/a.nel.cloudflare.com\\/report\\/v4?s=XPrsPKhIbgJe9V%2BKXG9eZHmBZW1NbWuM8g3JYXlRFn4%2FqAJAwLbbI5mws8%2B5Um0QKVLzLwEQHDhAGkQzEN2lEalVIGTR9ysy7fn0XBxpmngvwBCyzzKAvu3MZrU%2FbROo"}],"group":"cf-nel","max_age":604800}', 'NEL': '{"success_fraction":0,"report_to":"cf-nel","max_age":604800}', 'Server': 'cloudflare', 'CF-RAY': '8a0581b96872111f-ORD', 'alt-svc': 'h3=":443"; ma=86400'} 
 body={"results":[{"gender":"male","name":{"title":"Mr","first":"Estéban","last":"Rousseau"},"location":{"street":{"number":868,"name":"Place des 44 Enfants D'Izieu"},"city":"Clermont-Ferrand","state":"Vendée","country":"France","postcode":41127,"coordinates":{"latitude":"-16.4008","longitude":"-157.0761"},"timezone":{"offset":"+3:00","description":"Baghdad, Riyadh, Moscow, St. Petersburg"}},"email":"esteban.rousseau@example.com","login":{"uuid":"4e8144f5-110d-49d9-baf7-8d831952a2ae","username":"yellowkoala567","password":"nuts","salt":"hgbYKYKp","md5":"ff69ea7de4d16c9fed2ff9d22761c255","sha1":"2a3e396170b1b0764acb63ce546a099a2cff9a02","sha256":"115c1b2d5597cad7cd0d8eaffedc797bd28739ddf94ad15a0574c752dec76c0e"},"dob":{"date":"1991-10-12T23:17:55.369Z","age":32},"registered":{"date":"2013-07-07T08:51:24.064Z","age":11},"phone":"01-53-16-16-96","cell":"06-63-71-51-27","id":{"name":"INSEE","value":"1910990508324 48"},"picture":{"large":"https://randomuser.me/api/portraits/men/22.jpg","medium":"https://randomuser.me/api/portraits/med/men/22.jpg","thumbnail":"https://randomuser.me/api/portraits/thumb/men/22.jpg"},"nat":"FR"}],"info":{"seed":"069c7bd78136a890","results":1,"page":1,"version":"1.4"}} 
 </msg>
<msg time="2024-07-09T04:17:51.672085" level="INFO">/opt/hostedtoolcache/Python/3.12.4/x64/lib/python3.12/site-packages/urllib3/connectionpool.py:1099: InsecureRequestWarning: Unverified HTTPS request is being made to host 'randomuser.me'. Adding certificate verification is strongly advised. See: https://urllib3.readthedocs.io/en/latest/advanced-usage.html#tls-warnings
  warnings.warn(</msg>
<msg time="2024-07-09T04:17:51.672218" level="INFO">${response} = &lt;Response [200]&gt;</msg>
<var>${response}</var>
<arg>consultarAPI</arg>
<arg>/api</arg>
<doc>Sends a GET request on a previously created HTTP Session.</doc>
<status status="PASS" start="2024-07-09T04:17:51.585310" elapsed="0.086952"/>
</kw>
<kw name="Set Variable" owner="BuiltIn">
<msg time="2024-07-09T04:17:51.673390" level="INFO">${json_data} = {'results': [{'gender': 'male', 'name': {'title': 'Mr', 'first': 'Estéban', 'last': 'Rousseau'}, 'location': {'street': {'number': 868, 'name': "Place des 44 Enfants D'Izieu"}, 'city': 'Clermont-Ferra...</msg>
<var>${json_data}</var>
<arg>${response.json()}</arg>
<doc>Returns the given values which can then be assigned to a variables.</doc>
<status status="PASS" start="2024-07-09T04:17:51.672822" elapsed="0.000599"/>
</kw>
<kw name="Log" owner="BuiltIn">
<msg time="2024-07-09T04:17:51.673959" level="INFO">{'results': [{'gender': 'male', 'name': {'title': 'Mr', 'first': 'Estéban', 'last': 'Rousseau'}, 'location': {'street': {'number': 868, 'name': "Place des 44 Enfants D'Izieu"}, 'city': 'Clermont-Ferrand', 'state': 'Vendée', 'country': 'France', 'postcode': 41127, 'coordinates': {'latitude': '-16.4008', 'longitude': '-157.0761'}, 'timezone': {'offset': '+3:00', 'description': 'Baghdad, Riyadh, Moscow, St. Petersburg'}}, 'email': 'esteban.rousseau@example.com', 'login': {'uuid': '4e8144f5-110d-49d9-baf7-8d831952a2ae', 'username': 'yellowkoala567', 'password': 'nuts', 'salt': 'hgbYKYKp', 'md5': 'ff69ea7de4d16c9fed2ff9d22761c255', 'sha1': '2a3e396170b1b0764acb63ce546a099a2cff9a02', 'sha256': '115c1b2d5597cad7cd0d8eaffedc797bd28739ddf94ad15a0574c752dec76c0e'}, 'dob': {'date': '1991-10-12T23:17:55.369Z', 'age': 32}, 'registered': {'date': '2013-07-07T08:51:24.064Z', 'age': 11}, 'phone': '01-53-16-16-96', 'cell': '06-63-71-51-27', 'id': {'name': 'INSEE', 'value': '1910990508324 48'}, 'picture': {'large': 'https://randomuser.me/api/portraits/men/22.jpg', 'medium': 'https://randomuser.me/api/portraits/med/men/22.jpg', 'thumbnail': 'https://randomuser.me/api/portraits/thumb/men/22.jpg'}, 'nat': 'FR'}], 'info': {'seed': '069c7bd78136a890', 'results': 1, 'page': 1, 'version': '1.4'}}</msg>
<arg>${json_data}</arg>
<doc>Logs the given message with the given level.</doc>
<status status="PASS" start="2024-07-09T04:17:51.673785" elapsed="0.000226"/>
</kw>
<kw name="Dictionary Should Contain Key" owner="Collections">
<arg>${json_data}</arg>
<arg>results</arg>
<doc>Fails if ``key`` is not found from ``dictionary``.</doc>
<status status="PASS" start="2024-07-09T04:17:51.674318" elapsed="0.000173"/>
</kw>
<kw name="Should Not Be Empty" owner="BuiltIn">
<msg time="2024-07-09T04:17:51.674822" level="INFO">Length is 2.</msg>
<arg>${json_data}</arg>
<doc>Verifies that the given item is not empty.</doc>
<status status="PASS" start="2024-07-09T04:17:51.674687" elapsed="0.000177"/>
</kw>
<kw name="Create List" owner="BuiltIn">
<msg time="2024-07-09T04:17:51.675488" level="INFO">${expected_keys} = ['gender', 'name', 'location', 'email', 'login']</msg>
<var>${expected_keys}</var>
<arg>gender</arg>
<arg>name</arg>
<arg>location</arg>
<arg>email</arg>
<arg>login</arg>
<doc>Returns a list containing given items.</doc>
<status status="PASS" start="2024-07-09T04:17:51.675160" elapsed="0.000354"/>
</kw>
<for flavor="IN">
<iter>
<kw name="Dictionary Should Contain Key" owner="Collections">
<arg>${json_data['results'][0]}</arg>
<arg>${key}</arg>
<doc>Fails if ``key`` is not found from ``dictionary``.</doc>
<status status="PASS" start="2024-07-09T04:17:51.676182" elapsed="0.000423"/>
</kw>
<kw name="Log" owner="BuiltIn">
<msg time="2024-07-09T04:17:51.677180" level="INFO">{'gender': 'male', 'name': {'title': 'Mr', 'first': 'Estéban', 'last': 'Rousseau'}, 'location': {'street': {'number': 868, 'name': "Place des 44 Enfants D'Izieu"}, 'city': 'Clermont-Ferrand', 'state': 'Vendée', 'country': 'France', 'postcode': 41127, 'coordinates': {'latitude': '-16.4008', 'longitude': '-157.0761'}, 'timezone': {'offset': '+3:00', 'description': 'Baghdad, Riyadh, Moscow, St. Petersburg'}}, 'email': 'esteban.rousseau@example.com', 'login': {'uuid': '4e8144f5-110d-49d9-baf7-8d831952a2ae', 'username': 'yellowkoala567', 'password': 'nuts', 'salt': 'hgbYKYKp', 'md5': 'ff69ea7de4d16c9fed2ff9d22761c255', 'sha1': '2a3e396170b1b0764acb63ce546a099a2cff9a02', 'sha256': '115c1b2d5597cad7cd0d8eaffedc797bd28739ddf94ad15a0574c752dec76c0e'}, 'dob': {'date': '1991-10-12T23:17:55.369Z', 'age': 32}, 'registered': {'date': '2013-07-07T08:51:24.064Z', 'age': 11}, 'phone': '01-53-16-16-96', 'cell': '06-63-71-51-27', 'id': {'name': 'INSEE', 'value': '1910990508324 48'}, 'picture': {'large': 'https://randomuser.me/api/portraits/men/22.jpg', 'medium': 'https://randomuser.me/api/portraits/med/men/22.jpg', 'thumbnail': 'https://randomuser.me/api/portraits/thumb/men/22.jpg'}, 'nat': 'FR'}</msg>
<arg>${json_data['results'][0]}</arg>
<doc>Logs the given message with the given level.</doc>
<status status="PASS" start="2024-07-09T04:17:51.676799" elapsed="0.000435"/>
</kw>
<kw name="Log" owner="BuiltIn">
<msg time="2024-07-09T04:17:51.677683" level="INFO">gender</msg>
<arg>${key}</arg>
<doc>Logs the given message with the given level.</doc>
<status status="PASS" start="2024-07-09T04:17:51.677542" elapsed="0.000181"/>
</kw>
<var name="${key}">gender</var>
<status status="PASS" start="2024-07-09T04:17:51.676051" elapsed="0.001893"/>
</iter>
<iter>
<kw name="Dictionary Should Contain Key" owner="Collections">
<arg>${json_data['results'][0]}</arg>
<arg>${key}</arg>
<doc>Fails if ``key`` is not found from ``dictionary``.</doc>
<status status="PASS" start="2024-07-09T04:17:51.678253" elapsed="0.000397"/>
</kw>
<kw name="Log" owner="BuiltIn">
<msg time="2024-07-09T04:17:51.679235" level="INFO">{'gender': 'male', 'name': {'title': 'Mr', 'first': 'Estéban', 'last': 'Rousseau'}, 'location': {'street': {'number': 868, 'name': "Place des 44 Enfants D'Izieu"}, 'city': 'Clermont-Ferrand', 'state': 'Vendée', 'country': 'France', 'postcode': 41127, 'coordinates': {'latitude': '-16.4008', 'longitude': '-157.0761'}, 'timezone': {'offset': '+3:00', 'description': 'Baghdad, Riyadh, Moscow, St. Petersburg'}}, 'email': 'esteban.rousseau@example.com', 'login': {'uuid': '4e8144f5-110d-49d9-baf7-8d831952a2ae', 'username': 'yellowkoala567', 'password': 'nuts', 'salt': 'hgbYKYKp', 'md5': 'ff69ea7de4d16c9fed2ff9d22761c255', 'sha1': '2a3e396170b1b0764acb63ce546a099a2cff9a02', 'sha256': '115c1b2d5597cad7cd0d8eaffedc797bd28739ddf94ad15a0574c752dec76c0e'}, 'dob': {'date': '1991-10-12T23:17:55.369Z', 'age': 32}, 'registered': {'date': '2013-07-07T08:51:24.064Z', 'age': 11}, 'phone': '01-53-16-16-96', 'cell': '06-63-71-51-27', 'id': {'name': 'INSEE', 'value': '1910990508324 48'}, 'picture': {'large': 'https://randomuser.me/api/portraits/men/22.jpg', 'medium': 'https://randomuser.me/api/portraits/med/men/22.jpg', 'thumbnail': 'https://randomuser.me/api/portraits/thumb/men/22.jpg'}, 'nat': 'FR'}</msg>
<arg>${json_data['results'][0]}</arg>
<doc>Logs the given message with the given level.</doc>
<status status="PASS" start="2024-07-09T04:17:51.678870" elapsed="0.000418"/>
</kw>
<kw name="Log" owner="BuiltIn">
<msg time="2024-07-09T04:17:51.679740" level="INFO">name</msg>
<arg>${key}</arg>
<doc>Logs the given message with the given level.</doc>
<status status="PASS" start="2024-07-09T04:17:51.679590" elapsed="0.000190"/>
</kw>
<var name="${key}">name</var>
<status status="PASS" start="2024-07-09T04:17:51.678139" elapsed="0.001862"/>
</iter>
<iter>
<kw name="Dictionary Should Contain Key" owner="Collections">
<arg>${json_data['results'][0]}</arg>
<arg>${key}</arg>
<doc>Fails if ``key`` is not found from ``dictionary``.</doc>
<status status="PASS" start="2024-07-09T04:17:51.680295" elapsed="0.000388"/>
</kw>
<kw name="Log" owner="BuiltIn">
<msg time="2024-07-09T04:17:51.681225" level="INFO">{'gender': 'male', 'name': {'title': 'Mr', 'first': 'Estéban', 'last': 'Rousseau'}, 'location': {'street': {'number': 868, 'name': "Place des 44 Enfants D'Izieu"}, 'city': 'Clermont-Ferrand', 'state': 'Vendée', 'country': 'France', 'postcode': 41127, 'coordinates': {'latitude': '-16.4008', 'longitude': '-157.0761'}, 'timezone': {'offset': '+3:00', 'description': 'Baghdad, Riyadh, Moscow, St. Petersburg'}}, 'email': 'esteban.rousseau@example.com', 'login': {'uuid': '4e8144f5-110d-49d9-baf7-8d831952a2ae', 'username': 'yellowkoala567', 'password': 'nuts', 'salt': 'hgbYKYKp', 'md5': 'ff69ea7de4d16c9fed2ff9d22761c255', 'sha1': '2a3e396170b1b0764acb63ce546a099a2cff9a02', 'sha256': '115c1b2d5597cad7cd0d8eaffedc797bd28739ddf94ad15a0574c752dec76c0e'}, 'dob': {'date': '1991-10-12T23:17:55.369Z', 'age': 32}, 'registered': {'date': '2013-07-07T08:51:24.064Z', 'age': 11}, 'phone': '01-53-16-16-96', 'cell': '06-63-71-51-27', 'id': {'name': 'INSEE', 'value': '1910990508324 48'}, 'picture': {'large': 'https://randomuser.me/api/portraits/men/22.jpg', 'medium': 'https://randomuser.me/api/portraits/med/men/22.jpg', 'thumbnail': 'https://randomuser.me/api/portraits/thumb/men/22.jpg'}, 'nat': 'FR'}</msg>
<arg>${json_data['results'][0]}</arg>
<doc>Logs the given message with the given level.</doc>
<status status="PASS" start="2024-07-09T04:17:51.680867" elapsed="0.000410"/>
</kw>
<kw name="Log" owner="BuiltIn">
<msg time="2024-07-09T04:17:51.681713" level="INFO">location</msg>
<arg>${key}</arg>
<doc>Logs the given message with the given level.</doc>
<status status="PASS" start="2024-07-09T04:17:51.681585" elapsed="0.000166"/>
</kw>
<var name="${key}">location</var>
<status status="PASS" start="2024-07-09T04:17:51.680184" elapsed="0.001782"/>
</iter>
<iter>
<kw name="Dictionary Should Contain Key" owner="Collections">
<arg>${json_data['results'][0]}</arg>
<arg>${key}</arg>
<doc>Fails if ``key`` is not found from ``dictionary``.</doc>
<status status="PASS" start="2024-07-09T04:17:51.682247" elapsed="0.000388"/>
</kw>
<kw name="Log" owner="BuiltIn">
<msg time="2024-07-09T04:17:51.683182" level="INFO">{'gender': 'male', 'name': {'title': 'Mr', 'first': 'Estéban', 'last': 'Rousseau'}, 'location': {'street': {'number': 868, 'name': "Place des 44 Enfants D'Izieu"}, 'city': 'Clermont-Ferrand', 'state': 'Vendée', 'country': 'France', 'postcode': 41127, 'coordinates': {'latitude': '-16.4008', 'longitude': '-157.0761'}, 'timezone': {'offset': '+3:00', 'description': 'Baghdad, Riyadh, Moscow, St. Petersburg'}}, 'email': 'esteban.rousseau@example.com', 'login': {'uuid': '4e8144f5-110d-49d9-baf7-8d831952a2ae', 'username': 'yellowkoala567', 'password': 'nuts', 'salt': 'hgbYKYKp', 'md5': 'ff69ea7de4d16c9fed2ff9d22761c255', 'sha1': '2a3e396170b1b0764acb63ce546a099a2cff9a02', 'sha256': '115c1b2d5597cad7cd0d8eaffedc797bd28739ddf94ad15a0574c752dec76c0e'}, 'dob': {'date': '1991-10-12T23:17:55.369Z', 'age': 32}, 'registered': {'date': '2013-07-07T08:51:24.064Z', 'age': 11}, 'phone': '01-53-16-16-96', 'cell': '06-63-71-51-27', 'id': {'name': 'INSEE', 'value': '1910990508324 48'}, 'picture': {'large': 'https://randomuser.me/api/portraits/men/22.jpg', 'medium': 'https://randomuser.me/api/portraits/med/men/22.jpg', 'thumbnail': 'https://randomuser.me/api/portraits/thumb/men/22.jpg'}, 'nat': 'FR'}</msg>
<arg>${json_data['results'][0]}</arg>
<doc>Logs the given message with the given level.</doc>
<status status="PASS" start="2024-07-09T04:17:51.682823" elapsed="0.000410"/>
</kw>
<kw name="Log" owner="BuiltIn">
<msg time="2024-07-09T04:17:51.683663" level="INFO">email</msg>
<arg>${key}</arg>
<doc>Logs the given message with the given level.</doc>
<status status="PASS" start="2024-07-09T04:17:51.683536" elapsed="0.000187"/>
</kw>
<var name="${key}">email</var>
<status status="PASS" start="2024-07-09T04:17:51.682140" elapsed="0.001811"/>
</iter>
<iter>
<kw name="Dictionary Should Contain Key" owner="Collections">
<arg>${json_data['results'][0]}</arg>
<arg>${key}</arg>
<doc>Fails if ``key`` is not found from ``dictionary``.</doc>
<status status="PASS" start="2024-07-09T04:17:51.684240" elapsed="0.000386"/>
</kw>
<kw name="Log" owner="BuiltIn">
<msg time="2024-07-09T04:17:51.685159" level="INFO">{'gender': 'male', 'name': {'title': 'Mr', 'first': 'Estéban', 'last': 'Rousseau'}, 'location': {'street': {'number': 868, 'name': "Place des 44 Enfants D'Izieu"}, 'city': 'Clermont-Ferrand', 'state': 'Vendée', 'country': 'France', 'postcode': 41127, 'coordinates': {'latitude': '-16.4008', 'longitude': '-157.0761'}, 'timezone': {'offset': '+3:00', 'description': 'Baghdad, Riyadh, Moscow, St. Petersburg'}}, 'email': 'esteban.rousseau@example.com', 'login': {'uuid': '4e8144f5-110d-49d9-baf7-8d831952a2ae', 'username': 'yellowkoala567', 'password': 'nuts', 'salt': 'hgbYKYKp', 'md5': 'ff69ea7de4d16c9fed2ff9d22761c255', 'sha1': '2a3e396170b1b0764acb63ce546a099a2cff9a02', 'sha256': '115c1b2d5597cad7cd0d8eaffedc797bd28739ddf94ad15a0574c752dec76c0e'}, 'dob': {'date': '1991-10-12T23:17:55.369Z', 'age': 32}, 'registered': {'date': '2013-07-07T08:51:24.064Z', 'age': 11}, 'phone': '01-53-16-16-96', 'cell': '06-63-71-51-27', 'id': {'name': 'INSEE', 'value': '1910990508324 48'}, 'picture': {'large': 'https://randomuser.me/api/portraits/men/22.jpg', 'medium': 'https://randomuser.me/api/portraits/med/men/22.jpg', 'thumbnail': 'https://randomuser.me/api/portraits/thumb/men/22.jpg'}, 'nat': 'FR'}</msg>
<arg>${json_data['results'][0]}</arg>
<doc>Logs the given message with the given level.</doc>
<status status="PASS" start="2024-07-09T04:17:51.684807" elapsed="0.000403"/>
</kw>
<kw name="Log" owner="BuiltIn">
<msg time="2024-07-09T04:17:51.685629" level="INFO">login</msg>
<arg>${key}</arg>
<doc>Logs the given message with the given level.</doc>
<status status="PASS" start="2024-07-09T04:17:51.685502" elapsed="0.000166"/>
</kw>
<var name="${key}">login</var>
<status status="PASS" start="2024-07-09T04:17:51.684124" elapsed="0.001759"/>
</iter>
<var>${key}</var>
<value>@{expected_keys}</value>
<status status="PASS" start="2024-07-09T04:17:51.675827" elapsed="0.010206"/>
</for>
<kw name="Create List" owner="BuiltIn">
<msg time="2024-07-09T04:17:51.686380" level="INFO">${expected_keysTwo} = ['username', 'password']</msg>
<var>${expected_keysTwo}</var>
<arg>username</arg>
<arg>password</arg>
<doc>Returns a list containing given items.</doc>
<status status="PASS" start="2024-07-09T04:17:51.686237" elapsed="0.000169"/>
</kw>
<for flavor="IN">
<iter>
<kw name="Dictionary Should Contain Key" owner="Collections">
<arg>${json_data['results'][0]['login']}</arg>
<arg>${keyTwo}</arg>
<doc>Fails if ``key`` is not found from ``dictionary``.</doc>
<status status="PASS" start="2024-07-09T04:17:51.686907" elapsed="0.000392"/>
</kw>
<kw name="Dictionary Should Contain Key" owner="Collections">
<arg>${json_data['results'][0]['login']}</arg>
<arg>${keyTwo}</arg>
<doc>Fails if ``key`` is not found from ``dictionary``.</doc>
<status status="PASS" start="2024-07-09T04:17:51.687483" elapsed="0.000404"/>
</kw>
<kw name="Log" owner="BuiltIn">
<msg time="2024-07-09T04:17:51.688196" level="INFO">username</msg>
<arg>${keyTwo}</arg>
<doc>Logs the given message with the given level.</doc>
<status status="PASS" start="2024-07-09T04:17:51.688073" elapsed="0.000162"/>
</kw>
<var name="${keyTwo}">username</var>
<status status="PASS" start="2024-07-09T04:17:51.686799" elapsed="0.001658"/>
</iter>
<iter>
<kw name="Dictionary Should Contain Key" owner="Collections">
<arg>${json_data['results'][0]['login']}</arg>
<arg>${keyTwo}</arg>
<doc>Fails if ``key`` is not found from ``dictionary``.</doc>
<status status="PASS" start="2024-07-09T04:17:51.688739" elapsed="0.000394"/>
</kw>
<kw name="Dictionary Should Contain Key" owner="Collections">
<arg>${json_data['results'][0]['login']}</arg>
<arg>${keyTwo}</arg>
<doc>Fails if ``key`` is not found from ``dictionary``.</doc>
<status status="PASS" start="2024-07-09T04:17:51.689312" elapsed="0.000366"/>
</kw>
<kw name="Log" owner="BuiltIn">
<msg time="2024-07-09T04:17:51.689972" level="INFO">password</msg>
<arg>${keyTwo}</arg>
<doc>Logs the given message with the given level.</doc>
<status status="PASS" start="2024-07-09T04:17:51.689853" elapsed="0.000163"/>
</kw>
<var name="${keyTwo}">password</var>
<status status="PASS" start="2024-07-09T04:17:51.688631" elapsed="0.001702"/>
</iter>
<var>${keyTwo}</var>
<value>@{expected_keysTwo}</value>
<status status="PASS" start="2024-07-09T04:17:51.686644" elapsed="0.003811"/>
</for>
<status status="PASS" start="2024-07-09T04:17:51.585058" elapsed="0.105542"/>
</kw>
<doc>Testa a estrutura da resposta da API.</doc>
<tag>testeEstruturaResposta</tag>
<status status="PASS" start="2024-07-09T04:17:51.584506" elapsed="0.106255"/>
</test>
<test id="s1-s1-t4" name="Validar tipos de dados" line="28">
<kw name="Teste de Tipos de Dados" owner="random-user-service">
<kw name="GET On Session" owner="RequestsLibrary">
<msg time="2024-07-09T04:17:51.778253" level="INFO">GET Request : url=https://randomuser.me/api 
 path_url=/api 
 headers={'User-Agent': 'python-requests/2.32.3', 'Accept-Encoding': 'gzip, deflate', 'Accept': '*/*', 'Connection': 'keep-alive'} 
 body=None 
 </msg>
<msg time="2024-07-09T04:17:51.778366" level="INFO">GET Response : url=https://randomuser.me/api 
 status=200, reason=OK 
 headers={'Date': 'Tue, 09 Jul 2024 04:17:51 GMT', 'Content-Type': 'application/json; charset=utf-8', 'Transfer-Encoding': 'chunked', 'Connection': 'keep-alive', 'X-Powered-By': 'Express', 'Access-Control-Allow-Origin': '*', 'Cache-Control': 'no-cache', 'ETag': 'W/"4ad-EiJ3h9a2ccAxeZw6ax/JntX71u8"', 'Vary': 'Accept-Encoding', 'Content-Encoding': 'gzip', 'CF-Cache-Status': 'DYNAMIC', 'Report-To': '{"endpoints":[{"url":"https:\\/\\/a.nel.cloudflare.com\\/report\\/v4?s=tMabTMkySr28bGXEgVtQkHJ512XvOEBZqef8D4rZYH0b%2FkwWtv47JYOkQgM2LDutAO6bB%2BEItjctKVShAwQ2bhDYqQ2jIPkGPcuCFJKTTO%2FNA26uDn6Cn%2B7oHm9OWLSX"}],"group":"cf-nel","max_age":604800}', 'NEL': '{"success_fraction":0,"report_to":"cf-nel","max_age":604800}', 'Server': 'cloudflare', 'CF-RAY': '8a0581ba192a111f-ORD', 'alt-svc': 'h3=":443"; ma=86400'} 
 body={"results":[{"gender":"female","name":{"title":"Ms","first":"Judy","last":"Watkins"},"location":{"street":{"number":4623,"name":"Brick Kiln Road"},"city":"Liverpool","state":"County Tyrone","country":"United Kingdom","postcode":"O1F 7NF","coordinates":{"latitude":"-9.6636","longitude":"134.5841"},"timezone":{"offset":"+11:00","description":"Magadan, Solomon Islands, New Caledonia"}},"email":"judy.watkins@example.com","login":{"uuid":"7fef7183-ea21-4b3b-8187-5b0a3fededd8","username":"lazygoose762","password":"lalalala","salt":"MkhQnRHh","md5":"e929d78001a679b8d7a6f59183376c97","sha1":"7bfdfbc68e20d2b0c6453702cfaa865e0380b43d","sha256":"9bff291420be285fb4d2c7f2e8c1f2743be4a9e47ffd39bdab5406bead0e8cea"},"dob":{"date":"1945-11-04T06:28:19.912Z","age":78},"registered":{"date":"2015-08-11T21:26:20.723Z","age":8},"phone":"017687 02906","cell":"07574 407377","id":{"name":"NINO","value":"ZK 95 61 26 F"},"picture":{"large":"https://randomuser.me/api/portraits/women/23.jpg","medium":"https://randomuser.me/api/portraits/med/women/23.jpg","thumbnail":"https://randomuser.me/api/portraits/thumb/women/23.jpg"},"nat":"GB"}],"info":{"seed":"2e82eed8bb7c9931","results":1,"page":1,"version":"1.4"}} 
 </msg>
<msg time="2024-07-09T04:17:51.778439" level="INFO">/opt/hostedtoolcache/Python/3.12.4/x64/lib/python3.12/site-packages/urllib3/connectionpool.py:1099: InsecureRequestWarning: Unverified HTTPS request is being made to host 'randomuser.me'. Adding certificate verification is strongly advised. See: https://urllib3.readthedocs.io/en/latest/advanced-usage.html#tls-warnings
  warnings.warn(</msg>
<msg time="2024-07-09T04:17:51.778563" level="INFO">${response} = &lt;Response [200]&gt;</msg>
<var>${response}</var>
<arg>consultarAPI</arg>
<arg>/api</arg>
<doc>Sends a GET request on a previously created HTTP Session.</doc>
<status status="PASS" start="2024-07-09T04:17:51.693424" elapsed="0.085171"/>
</kw>
<kw name="Set Variable" owner="BuiltIn">
<msg time="2024-07-09T04:17:51.779769" level="INFO">${json_data} = {'results': [{'gender': 'female', 'name': {'title': 'Ms', 'first': 'Judy', 'last': 'Watkins'}, 'location': {'street': {'number': 4623, 'name': 'Brick Kiln Road'}, 'city': 'Liverpool', 'state': 'County...</msg>
<var>${json_data}</var>
<arg>${response.json()}</arg>
<doc>Returns the given values which can then be assigned to a variables.</doc>
<status status="PASS" start="2024-07-09T04:17:51.779179" elapsed="0.000631"/>
</kw>
<kw name="Log" owner="BuiltIn">
<msg time="2024-07-09T04:17:51.780363" level="INFO">{'results': [{'gender': 'female', 'name': {'title': 'Ms', 'first': 'Judy', 'last': 'Watkins'}, 'location': {'street': {'number': 4623, 'name': 'Brick Kiln Road'}, 'city': 'Liverpool', 'state': 'County Tyrone', 'country': 'United Kingdom', 'postcode': 'O1F 7NF', 'coordinates': {'latitude': '-9.6636', 'longitude': '134.5841'}, 'timezone': {'offset': '+11:00', 'description': 'Magadan, Solomon Islands, New Caledonia'}}, 'email': 'judy.watkins@example.com', 'login': {'uuid': '7fef7183-ea21-4b3b-8187-5b0a3fededd8', 'username': 'lazygoose762', 'password': 'lalalala', 'salt': 'MkhQnRHh', 'md5': 'e929d78001a679b8d7a6f59183376c97', 'sha1': '7bfdfbc68e20d2b0c6453702cfaa865e0380b43d', 'sha256': '9bff291420be285fb4d2c7f2e8c1f2743be4a9e47ffd39bdab5406bead0e8cea'}, 'dob': {'date': '1945-11-04T06:28:19.912Z', 'age': 78}, 'registered': {'date': '2015-08-11T21:26:20.723Z', 'age': 8}, 'phone': '017687 02906', 'cell': '07574 407377', 'id': {'name': 'NINO', 'value': 'ZK 95 61 26 F'}, 'picture': {'large': 'https://randomuser.me/api/portraits/women/23.jpg', 'medium': 'https://randomuser.me/api/portraits/med/women/23.jpg', 'thumbnail': 'https://randomuser.me/api/portraits/thumb/women/23.jpg'}, 'nat': 'GB'}], 'info': {'seed': '2e82eed8bb7c9931', 'results': 1, 'page': 1, 'version': '1.4'}}</msg>
<arg>${json_data}</arg>
<doc>Logs the given message with the given level.</doc>
<status status="PASS" start="2024-07-09T04:17:51.780184" elapsed="0.000235"/>
</kw>
<kw name="Should Be String" owner="String">
<arg>${json_data['results'][0]['gender']}</arg>
<doc>Fails if the given ``item`` is not a string.</doc>
<status status="PASS" start="2024-07-09T04:17:51.780761" elapsed="0.000385"/>
</kw>
<kw name="Should Match Regexp" owner="BuiltIn">
<arg>${json_data['results'][0]['email']}</arg>
<arg>^[a-zA-Z0-9._%+-]+@[a-zA-Z0-9.-]+\.[a-zA-Z]{2,}$</arg>
<doc>Fails if ``string`` does not match ``pattern`` as a regular expression.</doc>
<status status="PASS" start="2024-07-09T04:17:51.781344" elapsed="0.000539"/>
</kw>
<kw name="Should Match Regexp" owner="BuiltIn">
<arg>${json_data['results'][0]['dob']['date']}</arg>
<arg>\\d{4}-\\d{2}-\\d{2}T\\d{2}:\\d{2}:\\d{2}\\.\\d{3}Z</arg>
<doc>Fails if ``string`` does not match ``pattern`` as a regular expression.</doc>
<status status="PASS" start="2024-07-09T04:17:51.782084" elapsed="0.000513"/>
</kw>
<kw name="Should Match Regexp" owner="BuiltIn">
<arg>${json_data['results'][0]['registered']['date']}</arg>
<arg>\\d{4}-\\d{2}-\\d{2}T\\d{2}:\\d{2}:\\d{2}\\.\\d{3}Z</arg>
<doc>Fails if ``string`` does not match ``pattern`` as a regular expression.</doc>
<status status="PASS" start="2024-07-09T04:17:51.782792" elapsed="0.000370"/>
</kw>
<kw name="Should Match Regexp" owner="BuiltIn">
<arg>${json_data['results'][0]['picture']['large']}</arg>
<arg>^https?://.*\.(?:png|jpe?g|gif|bmp)$</arg>
<doc>Fails if ``string`` does not match ``pattern`` as a regular expression.</doc>
<status status="PASS" start="2024-07-09T04:17:51.783351" elapsed="0.000499"/>
</kw>
<kw name="Should Match Regexp" owner="BuiltIn">
<arg>${json_data['results'][0]['picture']['medium']}</arg>
<arg>^https?://.*\.(?:png|jpe?g|gif|bmp)$</arg>
<doc>Fails if ``string`` does not match ``pattern`` as a regular expression.</doc>
<status status="PASS" start="2024-07-09T04:17:51.784041" elapsed="0.000371"/>
</kw>
<kw name="Should Match Regexp" owner="BuiltIn">
<arg>${json_data['results'][0]['picture']['thumbnail']}</arg>
<arg>^https?://.*\.(?:png|jpe?g|gif|bmp)$</arg>
<doc>Fails if ``string`` does not match ``pattern`` as a regular expression.</doc>
<status status="PASS" start="2024-07-09T04:17:51.784597" elapsed="0.000360"/>
</kw>
<kw name="Log" owner="BuiltIn">
<msg time="2024-07-09T04:17:51.785484" level="INFO">{'large': 'https://randomuser.me/api/portraits/women/23.jpg', 'medium': 'https://randomuser.me/api/portraits/med/women/23.jpg', 'thumbnail': 'https://randomuser.me/api/portraits/thumb/women/23.jpg'}</msg>
<arg>${json_data['results'][0]['picture']}</arg>
<doc>Logs the given message with the given level.</doc>
<status status="PASS" start="2024-07-09T04:17:51.785143" elapsed="0.000386"/>
</kw>
<status status="PASS" start="2024-07-09T04:17:51.693195" elapsed="0.092608"/>
</kw>
<kw name="Teste de Tipos de Dados - Postcode" owner="random-user-service">
<kw name="GET On Session" owner="RequestsLibrary">
<msg time="2024-07-09T04:17:51.878217" level="INFO">GET Request : url=https://randomuser.me/api 
 path_url=/api 
 headers={'User-Agent': 'python-requests/2.32.3', 'Accept-Encoding': 'gzip, deflate', 'Accept': '*/*', 'Connection': 'keep-alive'} 
 body=None 
 </msg>
<msg time="2024-07-09T04:17:51.878322" level="INFO">GET Response : url=https://randomuser.me/api 
 status=200, reason=OK 
 headers={'Date': 'Tue, 09 Jul 2024 04:17:51 GMT', 'Content-Type': 'application/json; charset=utf-8', 'Transfer-Encoding': 'chunked', 'Connection': 'keep-alive', 'X-Powered-By': 'Express', 'Access-Control-Allow-Origin': '*', 'Cache-Control': 'no-cache', 'ETag': 'W/"475-zyuQnm+bQV6y8p6oMtnCTU2DroY"', 'Vary': 'Accept-Encoding', 'Content-Encoding': 'gzip', 'CF-Cache-Status': 'DYNAMIC', 'Report-To': '{"endpoints":[{"url":"https:\\/\\/a.nel.cloudflare.com\\/report\\/v4?s=PuRfdSMr3q1Xm0x5WyfFSooaEokNR5uJ0EAjnMWJ0wrf3p11yjASP%2FPJJZw1DXbSW851F69ehxgwUSEqPlaMpr8Dw3AVIrq08NUbOmGDqQrvXfQDbqSmqM8Ld1V8m7KU"}],"group":"cf-nel","max_age":604800}', 'NEL': '{"success_fraction":0,"report_to":"cf-nel","max_age":604800}', 'Server': 'cloudflare', 'CF-RAY': '8a0581baa9d8111f-ORD', 'alt-svc': 'h3=":443"; ma=86400'} 
 body={"results":[{"gender":"male","name":{"title":"Mr","first":"Noe","last":"Roche"},"location":{"street":{"number":9408,"name":"Rue Duquesne"},"city":"Aulnay-sous-Bois","state":"Corrèze","country":"France","postcode":50618,"coordinates":{"latitude":"-15.1715","longitude":"-96.9401"},"timezone":{"offset":"+4:30","description":"Kabul"}},"email":"noe.roche@example.com","login":{"uuid":"ceafe127-81f1-4fe0-98d9-7ef1d51923e4","username":"smallmeercat530","password":"kerry","salt":"Hg8h96b3","md5":"fad87ef2dcbbf4aceb6f3ede54cab461","sha1":"3f986b92abcb41f27caba32e2bb51054bdb3a85f","sha256":"3c97d54c13d8eb56bf0c847196d0c503f9cabbf1de9ce9352f6199ca1a4fbd17"},"dob":{"date":"1994-05-09T13:19:16.824Z","age":30},"registered":{"date":"2022-05-12T18:47:10.615Z","age":2},"phone":"05-30-61-29-20","cell":"06-87-03-95-27","id":{"name":"INSEE","value":"1940497770916 07"},"picture":{"large":"https://randomuser.me/api/portraits/men/9.jpg","medium":"https://randomuser.me/api/portraits/med/men/9.jpg","thumbnail":"https://randomuser.me/api/portraits/thumb/men/9.jpg"},"nat":"FR"}],"info":{"seed":"0e239dedf02f0fad","results":1,"page":1,"version":"1.4"}} 
 </msg>
<msg time="2024-07-09T04:17:51.878399" level="INFO">/opt/hostedtoolcache/Python/3.12.4/x64/lib/python3.12/site-packages/urllib3/connectionpool.py:1099: InsecureRequestWarning: Unverified HTTPS request is being made to host 'randomuser.me'. Adding certificate verification is strongly advised. See: https://urllib3.readthedocs.io/en/latest/advanced-usage.html#tls-warnings
  warnings.warn(</msg>
<msg time="2024-07-09T04:17:51.878522" level="INFO">${response} = &lt;Response [200]&gt;</msg>
<var>${response}</var>
<arg>consultarAPI</arg>
<arg>/api</arg>
<doc>Sends a GET request on a previously created HTTP Session.</doc>
<status status="PASS" start="2024-07-09T04:17:51.786278" elapsed="0.092271"/>
</kw>
<kw name="Set Variable" owner="BuiltIn">
<msg time="2024-07-09T04:17:51.879741" level="INFO">${json_data} = {'results': [{'gender': 'male', 'name': {'title': 'Mr', 'first': 'Noe', 'last': 'Roche'}, 'location': {'street': {'number': 9408, 'name': 'Rue Duquesne'}, 'city': 'Aulnay-sous-Bois', 'state': 'Corrèze...</msg>
<var>${json_data}</var>
<arg>${response.json()}</arg>
<doc>Returns the given values which can then be assigned to a variables.</doc>
<status status="PASS" start="2024-07-09T04:17:51.879154" elapsed="0.000622"/>
</kw>
<kw name="Log" owner="BuiltIn">
<msg time="2024-07-09T04:17:51.880266" level="INFO">{'results': [{'gender': 'male', 'name': {'title': 'Mr', 'first': 'Noe', 'last': 'Roche'}, 'location': {'street': {'number': 9408, 'name': 'Rue Duquesne'}, 'city': 'Aulnay-sous-Bois', 'state': 'Corrèze', 'country': 'France', 'postcode': 50618, 'coordinates': {'latitude': '-15.1715', 'longitude': '-96.9401'}, 'timezone': {'offset': '+4:30', 'description': 'Kabul'}}, 'email': 'noe.roche@example.com', 'login': {'uuid': 'ceafe127-81f1-4fe0-98d9-7ef1d51923e4', 'username': 'smallmeercat530', 'password': 'kerry', 'salt': 'Hg8h96b3', 'md5': 'fad87ef2dcbbf4aceb6f3ede54cab461', 'sha1': '3f986b92abcb41f27caba32e2bb51054bdb3a85f', 'sha256': '3c97d54c13d8eb56bf0c847196d0c503f9cabbf1de9ce9352f6199ca1a4fbd17'}, 'dob': {'date': '1994-05-09T13:19:16.824Z', 'age': 30}, 'registered': {'date': '2022-05-12T18:47:10.615Z', 'age': 2}, 'phone': '05-30-61-29-20', 'cell': '06-87-03-95-27', 'id': {'name': 'INSEE', 'value': '1940497770916 07'}, 'picture': {'large': 'https://randomuser.me/api/portraits/men/9.jpg', 'medium': 'https://randomuser.me/api/portraits/med/men/9.jpg', 'thumbnail': 'https://randomuser.me/api/portraits/thumb/men/9.jpg'}, 'nat': 'FR'}], 'info': {'seed': '0e239dedf02f0fad', 'results': 1, 'page': 1, 'version': '1.4'}}</msg>
<arg>${json_data}</arg>
<doc>Logs the given message with the given level.</doc>
<status status="PASS" start="2024-07-09T04:17:51.880100" elapsed="0.000214"/>
</kw>
<kw name="Should Be Equal As Numbers" owner="BuiltIn">
<arg>${json_data['results'][0]['location']['postcode']}</arg>
<arg>${json_data['results'][0]['location']['postcode']}</arg>
<doc>Fails if objects are unequal after converting them to real numbers.</doc>
<status status="PASS" start="2024-07-09T04:17:51.880611" elapsed="0.000628"/>
</kw>
<kw name="Log" owner="BuiltIn">
<msg time="2024-07-09T04:17:51.881984" level="INFO">50618</msg>
<arg>${json_data['results'][0]['location']['postcode']}</arg>
<doc>Logs the given message with the given level.</doc>
<status status="PASS" start="2024-07-09T04:17:51.881466" elapsed="0.000559"/>
</kw>
<status status="PASS" start="2024-07-09T04:17:51.786042" elapsed="0.096244"/>
</kw>
<doc>Testa se os tipos de dados na resposta da API estão corretos.</doc>
<tag>testeTiposDados</tag>
<status status="PASS" start="2024-07-09T04:17:51.692635" elapsed="0.189819"/>
</test>
<test id="s1-s1-t5" name="Validar conteudo" line="35">
<kw name="Teste de Tipos de Conteudo" owner="random-user-service">
<kw name="GET On Session" owner="RequestsLibrary">
<msg time="2024-07-09T04:17:51.970941" level="INFO">GET Request : url=https://randomuser.me/api 
 path_url=/api 
 headers={'User-Agent': 'python-requests/2.32.3', 'Accept-Encoding': 'gzip, deflate', 'Accept': '*/*', 'Connection': 'keep-alive'} 
 body=None 
 </msg>
<msg time="2024-07-09T04:17:51.971059" level="INFO">GET Response : url=https://randomuser.me/api 
 status=200, reason=OK 
 headers={'Date': 'Tue, 09 Jul 2024 04:17:51 GMT', 'Content-Type': 'application/json; charset=utf-8', 'Transfer-Encoding': 'chunked', 'Connection': 'keep-alive', 'X-Powered-By': 'Express', 'Access-Control-Allow-Origin': '*', 'Cache-Control': 'no-cache', 'ETag': 'W/"4a2-gr0ih+AzEwWDjG5Haz4AOMPPTHY"', 'Vary': 'Accept-Encoding', 'Content-Encoding': 'gzip', 'CF-Cache-Status': 'DYNAMIC', 'Report-To': '{"endpoints":[{"url":"https:\\/\\/a.nel.cloudflare.com\\/report\\/v4?s=hMUFsVROnRRFTIxFlyK2gf5QXxuKsvGd2VolC7yekaugMrcgc7jpocvd5XmkIbHDYNFuIjTmdGj3rVnEBtIvV1rVXFnOMAnir8xvfhloOUDPENPa0Y0JrEQmYXcLhAwj"}],"group":"cf-nel","max_age":604800}', 'NEL': '{"success_fraction":0,"report_to":"cf-nel","max_age":604800}', 'Server': 'cloudflare', 'CF-RAY': '8a0581bb4a6d111f-ORD', 'alt-svc': 'h3=":443"; ma=86400'} 
 body={"results":[{"gender":"male","name":{"title":"Mr","first":"Marten","last":"Ketelaar"},"location":{"street":{"number":1602,"name":"Hazendonk"},"city":"Zuilichem","state":"Limburg","country":"Netherlands","postcode":"4921 BZ","coordinates":{"latitude":"37.1901","longitude":"-138.8746"},"timezone":{"offset":"0:00","description":"Western Europe Time, London, Lisbon, Casablanca"}},"email":"marten.ketelaar@example.com","login":{"uuid":"9572af7d-987c-48a2-9801-41ad4a81e89b","username":"angrybutterfly343","password":"kermit","salt":"KGDVIOiM","md5":"ba1140fa5de0292ec6717751df9766e8","sha1":"71fd9557261b2f5174abc3a0f35e0ab8f05aad60","sha256":"2080b369b47bae14d3fad4894354867c9d655599a96130541cf9c2f6d0a7bcd3"},"dob":{"date":"1949-06-30T23:16:48.127Z","age":75},"registered":{"date":"2015-09-08T22:34:16.439Z","age":8},"phone":"(026) 5185677","cell":"(06) 65555285","id":{"name":"BSN","value":"32996433"},"picture":{"large":"https://randomuser.me/api/portraits/men/81.jpg","medium":"https://randomuser.me/api/portraits/med/men/81.jpg","thumbnail":"https://randomuser.me/api/portraits/thumb/men/81.jpg"},"nat":"NL"}],"info":{"seed":"83fbd4429273ebd5","results":1,"page":1,"version":"1.4"}} 
 </msg>
<msg time="2024-07-09T04:17:51.971144" level="INFO">/opt/hostedtoolcache/Python/3.12.4/x64/lib/python3.12/site-packages/urllib3/connectionpool.py:1099: InsecureRequestWarning: Unverified HTTPS request is being made to host 'randomuser.me'. Adding certificate verification is strongly advised. See: https://urllib3.readthedocs.io/en/latest/advanced-usage.html#tls-warnings
  warnings.warn(</msg>
<msg time="2024-07-09T04:17:51.971285" level="INFO">${response} = &lt;Response [200]&gt;</msg>
<var>${response}</var>
<arg>consultarAPI</arg>
<arg>/api</arg>
<doc>Sends a GET request on a previously created HTTP Session.</doc>
<status status="PASS" start="2024-07-09T04:17:51.885255" elapsed="0.086059"/>
</kw>
<kw name="Set Variable" owner="BuiltIn">
<msg time="2024-07-09T04:17:51.972447" level="INFO">${json_data} = {'results': [{'gender': 'male', 'name': {'title': 'Mr', 'first': 'Marten', 'last': 'Ketelaar'}, 'location': {'street': {'number': 1602, 'name': 'Hazendonk'}, 'city': 'Zuilichem', 'state': 'Limburg', '...</msg>
<var>${json_data}</var>
<arg>${response.json()}</arg>
<doc>Returns the given values which can then be assigned to a variables.</doc>
<status status="PASS" start="2024-07-09T04:17:51.971926" elapsed="0.000550"/>
</kw>
<kw name="Set Variable" owner="BuiltIn">
<msg time="2024-07-09T04:17:51.973180" level="INFO">${name_title} = Mr</msg>
<var>${name_title}</var>
<arg>${json_data["results"][0]["name"]["title"]}</arg>
<doc>Returns the given values which can then be assigned to a variables.</doc>
<status status="PASS" start="2024-07-09T04:17:51.972798" elapsed="0.000408"/>
</kw>
<kw name="Create List" owner="BuiltIn">
<msg time="2024-07-09T04:17:51.973658" level="INFO">${allowed_titles} = ['Mr', 'Ms', 'Miss', 'Mrs', 'Madame', 'Monsieur']</msg>
<var>${allowed_titles}</var>
<arg>Mr</arg>
<arg>Ms</arg>
<arg>Miss</arg>
<arg>Mrs</arg>
<arg>Madame</arg>
<arg>Monsieur</arg>
<doc>Returns a list containing given items.</doc>
<status status="PASS" start="2024-07-09T04:17:51.973509" elapsed="0.000174"/>
</kw>
<kw name="List Should Contain Value" owner="Collections">
<arg>${allowed_titles}</arg>
<arg>${name_title}</arg>
<doc>Fails if the ``value`` is not found from ``list``.</doc>
<status status="PASS" start="2024-07-09T04:17:51.973988" elapsed="0.000180"/>
</kw>
<kw name="Set Variable" owner="BuiltIn">
<msg time="2024-07-09T04:17:51.974725" level="INFO">${name_country} = NL</msg>
<var>${name_country}</var>
<arg>${json_data["results"][0]["nat"]}</arg>
<doc>Returns the given values which can then be assigned to a variables.</doc>
<status status="PASS" start="2024-07-09T04:17:51.974350" elapsed="0.000401"/>
</kw>
<kw name="Create List" owner="BuiltIn">
<msg time="2024-07-09T04:17:51.975631" level="INFO">${list_country} = ['AD', 'AE', 'AF', 'AG', 'AI', 'AL', 'AM', 'AO', 'AQ', 'AR', 'AS', 'AT', 'AU', 'AW', 'AX', 'AZ', 'BA', 'BB', 'BD', 'BE', 'BF', 'BG', 'BH', 'BI', 'BJ', 'BL', 'BM', 'BN', 'BO', 'BQ', 'BR', 'BS', 'BT', '...</msg>
<var>${list_country}</var>
<arg>AD</arg>
<arg>AE</arg>
<arg>AF</arg>
<arg>AG</arg>
<arg>AI</arg>
<arg>AL</arg>
<arg>AM</arg>
<arg>AO</arg>
<arg>AQ</arg>
<arg>AR</arg>
<arg>AS</arg>
<arg>AT</arg>
<arg>AU</arg>
<arg>AW</arg>
<arg>AX</arg>
<arg>AZ</arg>
<arg>BA</arg>
<arg>BB</arg>
<arg>BD</arg>
<arg>BE</arg>
<arg>BF</arg>
<arg>BG</arg>
<arg>BH</arg>
<arg>BI</arg>
<arg>BJ</arg>
<arg>BL</arg>
<arg>BM</arg>
<arg>BN</arg>
<arg>BO</arg>
<arg>BQ</arg>
<arg>BR</arg>
<arg>BS</arg>
<arg>BT</arg>
<arg>BV</arg>
<arg>BW</arg>
<arg>BY</arg>
<arg>BZ</arg>
<arg>CA</arg>
<arg>CC</arg>
<arg>CD</arg>
<arg>CF</arg>
<arg>CG</arg>
<arg>CH</arg>
<arg>CI</arg>
<arg>CK</arg>
<arg>CL</arg>
<arg>CM</arg>
<arg>CN</arg>
<arg>CO</arg>
<arg>CR</arg>
<arg>CU</arg>
<arg>CV</arg>
<arg>CW</arg>
<arg>CX</arg>
<arg>CY</arg>
<arg>CZ</arg>
<arg>DE</arg>
<arg>DJ</arg>
<arg>DK</arg>
<arg>DM</arg>
<arg>DO</arg>
<arg>DZ</arg>
<arg>EC</arg>
<arg>EE</arg>
<arg>EG</arg>
<arg>EH</arg>
<arg>ER</arg>
<arg>ES</arg>
<arg>ET</arg>
<arg>FI</arg>
<arg>FJ</arg>
<arg>FK</arg>
<arg>FM</arg>
<arg>FO</arg>
<arg>FR</arg>
<arg>GA</arg>
<arg>GB</arg>
<arg>GD</arg>
<arg>GE</arg>
<arg>GF</arg>
<arg>GG</arg>
<arg>GH</arg>
<arg>GI</arg>
<arg>GL</arg>
<arg>GM</arg>
<arg>GN</arg>
<arg>GP</arg>
<arg>GQ</arg>
<arg>GR</arg>
<arg>GS</arg>
<arg>GT</arg>
<arg>GU</arg>
<arg>GW</arg>
<arg>GY</arg>
<arg>HK</arg>
<arg>HM</arg>
<arg>HN</arg>
<arg>HR</arg>
<arg>HT</arg>
<arg>HU</arg>
<arg>ID</arg>
<arg>IE</arg>
<arg>IL</arg>
<arg>IM</arg>
<arg>IN</arg>
<arg>IO</arg>
<arg>IQ</arg>
<arg>IR</arg>
<arg>IS</arg>
<arg>IT</arg>
<arg>JE</arg>
<arg>JM</arg>
<arg>JO</arg>
<arg>JP</arg>
<arg>KE</arg>
<arg>KG</arg>
<arg>KH</arg>
<arg>KI</arg>
<arg>KM</arg>
<arg>KN</arg>
<arg>KP</arg>
<arg>KR</arg>
<arg>KW</arg>
<arg>KY</arg>
<arg>KZ</arg>
<arg>LA</arg>
<arg>LB</arg>
<arg>LC</arg>
<arg>LI</arg>
<arg>LK</arg>
<arg>LR</arg>
<arg>LS</arg>
<arg>LT</arg>
<arg>LU</arg>
<arg>LV</arg>
<arg>LY</arg>
<arg>MA</arg>
<arg>MC</arg>
<arg>MD</arg>
<arg>ME</arg>
<arg>MF</arg>
<arg>MG</arg>
<arg>MH</arg>
<arg>MK</arg>
<arg>ML</arg>
<arg>MM</arg>
<arg>MN</arg>
<arg>MO</arg>
<arg>MP</arg>
<arg>MQ</arg>
<arg>MR</arg>
<arg>MS</arg>
<arg>MT</arg>
<arg>MU</arg>
<arg>MV</arg>
<arg>MW</arg>
<arg>MX</arg>
<arg>MY</arg>
<arg>MZ</arg>
<arg>NA</arg>
<arg>NC</arg>
<arg>NE</arg>
<arg>NF</arg>
<arg>NG</arg>
<arg>NI</arg>
<arg>NL</arg>
<arg>NO</arg>
<arg>NP</arg>
<arg>NR</arg>
<arg>NU</arg>
<arg>NZ</arg>
<arg>OM</arg>
<arg>PA</arg>
<arg>PE</arg>
<arg>PF</arg>
<arg>PG</arg>
<arg>PH</arg>
<arg>PK</arg>
<arg>PL</arg>
<arg>PM</arg>
<arg>PN</arg>
<arg>PR</arg>
<arg>PS</arg>
<arg>PT</arg>
<arg>PW</arg>
<arg>PY</arg>
<arg>QA</arg>
<arg>RE</arg>
<arg>RO</arg>
<arg>RS</arg>
<arg>RU</arg>
<arg>RW</arg>
<arg>SA</arg>
<arg>SB</arg>
<arg>SC</arg>
<arg>SD</arg>
<arg>SE</arg>
<arg>SG</arg>
<arg>SH</arg>
<arg>SI</arg>
<arg>SJ</arg>
<arg>SK</arg>
<arg>SL</arg>
<arg>SM</arg>
<arg>SN</arg>
<arg>SO</arg>
<arg>SR</arg>
<arg>SS</arg>
<arg>ST</arg>
<arg>SV</arg>
<arg>SX</arg>
<arg>SY</arg>
<arg>SZ</arg>
<arg>TC</arg>
<arg>TD</arg>
<arg>TF</arg>
<arg>TG</arg>
<arg>TH</arg>
<arg>TJ</arg>
<arg>TK</arg>
<arg>TL</arg>
<arg>TM</arg>
<arg>TN</arg>
<arg>TO</arg>
<arg>TR</arg>
<arg>TT</arg>
<arg>TV</arg>
<arg>TW</arg>
<arg>TZ</arg>
<arg>UA</arg>
<arg>UG</arg>
<arg>UM</arg>
<arg>US</arg>
<arg>UY</arg>
<arg>UZ</arg>
<arg>VA</arg>
<arg>VC</arg>
<arg>VE</arg>
<arg>VG</arg>
<arg>VI</arg>
<arg>VN</arg>
<arg>VU</arg>
<arg>WF</arg>
<arg>WS</arg>
<arg>XK</arg>
<arg>YE</arg>
<arg>YT</arg>
<arg>ZA</arg>
<arg>ZM</arg>
<arg>ZW</arg>
<doc>Returns a list containing given items.</doc>
<status status="PASS" start="2024-07-09T04:17:51.975040" elapsed="0.000617"/>
</kw>
<kw name="List Should Contain Value" owner="Collections">
<arg>${list_country}</arg>
<arg>${name_country}</arg>
<doc>Fails if the ``value`` is not found from ``list``.</doc>
<status status="PASS" start="2024-07-09T04:17:51.976477" elapsed="0.000204"/>
</kw>
<kw name="Run Keyword If" owner="BuiltIn">
<kw name="Should Be True" owner="BuiltIn">
<arg>${True}</arg>
<doc>Fails if the given condition is not true.</doc>
<status status="PASS" start="2024-07-09T04:17:51.977628" elapsed="0.000142"/>
</kw>
<arg>${json_data["results"][0]["location"]["coordinates"]["latitude"]} &gt;= -90 and ${json_data["results"][0]["location"]["coordinates"]["latitude"]} &lt;= 90</arg>
<arg>Should Be True</arg>
<arg>${True}</arg>
<doc>Runs the given keyword with the given arguments, if ``condition`` is true.</doc>
<status status="PASS" start="2024-07-09T04:17:51.976879" elapsed="0.001018"/>
</kw>
<kw name="Run Keyword If" owner="BuiltIn">
<kw name="Should Be True" owner="BuiltIn">
<arg>${True}</arg>
<doc>Fails if the given condition is not true.</doc>
<status status="PASS" start="2024-07-09T04:17:51.978782" elapsed="0.000250"/>
</kw>
<arg>${json_data["results"][0]["location"]["coordinates"]["longitude"]} &gt;= -180 and ${json_data["results"][0]["location"]["coordinates"]["longitude"]} &lt;= 180</arg>
<arg>Should Be True</arg>
<arg>${True}</arg>
<doc>Runs the given keyword with the given arguments, if ``condition`` is true.</doc>
<status status="PASS" start="2024-07-09T04:17:51.978078" elapsed="0.001084"/>
</kw>
<status status="PASS" start="2024-07-09T04:17:51.884888" elapsed="0.094410"/>
</kw>
<doc>Testa o conteúdo específico dos campos retornados pela API.</doc>
<tag>testeConteudo</tag>
<status status="PASS" start="2024-07-09T04:17:51.884234" elapsed="0.095218"/>
</test>
<status status="PASS" start="2024-07-09T04:17:51.033588" elapsed="0.947873"/>
</suite>
<status status="PASS" start="2024-07-09T04:17:51.018429" elapsed="0.967991"/>
</suite>
<statistics>
<total>
<stat pass="5" fail="0" skip="0">All Tests</stat>
</total>
<tag>
<stat pass="1" fail="0" skip="0">testeConteudo</stat>
<stat pass="1" fail="0" skip="0">testeEstruturaResposta</stat>
<stat pass="1" fail="0" skip="0">testeRequisicaoBasica</stat>
<stat pass="1" fail="0" skip="0">testeTiposDados</stat>
</tag>
<suite>
<stat pass="5" fail="0" skip="0" id="s1" name="Tests">Tests</stat>
<stat pass="5" fail="0" skip="0" id="s1-s1" name="Random-User-Test">Tests.Random-User-Test</stat>
</suite>
</statistics>
<errors>
</errors>
</robot>
