<?xml version="1.0" encoding="UTF-8"?>
<robot generator="Robot 7.0.1 (Python 3.12.4 on linux)" generated="2024-07-22T11:13:02.826733" rpa="false" schemaversion="5">
<suite id="s1" name="Tests" source="/home/runner/work/ApiRandomUser/ApiRandomUser/RamdonUser/tests">
<suite id="s1-s1" name="Random-User-Test" source="/home/runner/work/ApiRandomUser/ApiRandomUser/RamdonUser/tests/random-user-test.robot">
<test id="s1-s1-t1" name="Conectar" line="13">
<kw name="Conectar API" owner="random-user-service">
<kw name="Create Session" owner="RequestsLibrary">
<msg time="2024-07-22T11:13:03.232307" level="INFO">Creating Session using : alias=consultarAPI, url=https://randomuser.me/, headers={},                     cookies={}, auth=None, timeout=None, proxies=None, verify=False,                     debug=0 </msg>
<arg>consultarAPI</arg>
<arg>${URL}</arg>
<doc>Create Session: create a HTTP session to a server</doc>
<status status="PASS" start="2024-07-22T11:13:03.232109" elapsed="0.000388"/>
</kw>
<status status="PASS" start="2024-07-22T11:13:03.231143" elapsed="0.001719"/>
</kw>
<status status="PASS" start="2024-07-22T11:13:03.230483" elapsed="0.002571"/>
</test>
<test id="s1-s1-t2" name="Validar retorno 200 e JSON Válido" line="16">
<kw name="Teste de Requisicao Basica" owner="random-user-service">
<kw name="GET On Session" owner="RequestsLibrary">
<msg time="2024-07-22T11:13:03.865008" level="INFO">GET Request : url=https://randomuser.me/api 
 path_url=/api 
 headers={'User-Agent': 'python-requests/2.32.3', 'Accept-Encoding': 'gzip, deflate', 'Accept': '*/*', 'Connection': 'keep-alive'} 
 body=None 
 </msg>
<msg time="2024-07-22T11:13:03.865168" level="INFO">GET Response : url=https://randomuser.me/api 
 status=200, reason=OK 
 headers={'Date': 'Mon, 22 Jul 2024 11:13:03 GMT', 'Content-Type': 'application/json; charset=utf-8', 'Transfer-Encoding': 'chunked', 'Connection': 'keep-alive', 'X-Powered-By': 'Express', 'Access-Control-Allow-Origin': '*', 'Cache-Control': 'no-cache', 'ETag': 'W/"491-naelPfzoV44mmjPnYHos6V1hrVs"', 'Vary': 'Accept-Encoding', 'Content-Encoding': 'gzip', 'CF-Cache-Status': 'DYNAMIC', 'Report-To': '{"endpoints":[{"url":"https:\\/\\/a.nel.cloudflare.com\\/report\\/v4?s=QXhtrulSGJeGtQu8J87jF7P9BTy1rJMQI3279YvXDVZcDiYHD4oYznU9XSum9vD9efuBdLyf4dAH%2FKSrj2dsa4SpTHuB44yLJvh%2Fzcm5VAe25ZWpk2i3JNlItYZS7zHa"}],"group":"cf-nel","max_age":604800}', 'NEL': '{"success_fraction":0,"report_to":"cf-nel","max_age":604800}', 'Server': 'cloudflare', 'CF-RAY': '8a72ffcc39257cd4-LAX', 'alt-svc': 'h3=":443"; ma=86400'} 
 body={"results":[{"gender":"male","name":{"title":"Mr","first":"Philippe","last":"Knight"},"location":{"street":{"number":5639,"name":"Park Rd"},"city":"Cornwall","state":"Alberta","country":"Canada","postcode":"Q6D 7F1","coordinates":{"latitude":"-69.3443","longitude":"-84.0937"},"timezone":{"offset":"-4:00","description":"Atlantic Time (Canada), Caracas, La Paz"}},"email":"philippe.knight@example.com","login":{"uuid":"c749a303-956f-4789-9a0c-f4c78058f420","username":"angryrabbit996","password":"nathalie","salt":"Kvz9BGKJ","md5":"f2c0097f261c280c17550feab404786c","sha1":"d68766e461ea597c0bc0f24d1323eac66b321bec","sha256":"2932f068de16bae04bbf82be9ccdbc967acf966dc9a0e18e1f474ecd1b38cfa9"},"dob":{"date":"1959-02-25T14:31:16.816Z","age":65},"registered":{"date":"2017-08-29T19:22:02.597Z","age":6},"phone":"N03 O92-1068","cell":"Z16 W60-5710","id":{"name":"SIN","value":"751962077"},"picture":{"large":"https://randomuser.me/api/portraits/men/45.jpg","medium":"https://randomuser.me/api/portraits/med/men/45.jpg","thumbnail":"https://randomuser.me/api/portraits/thumb/men/45.jpg"},"nat":"CA"}],"info":{"seed":"5d343e3143312f11","results":1,"page":1,"version":"1.4"}} 
 </msg>
<msg time="2024-07-22T11:13:03.865251" level="INFO">/opt/hostedtoolcache/Python/3.12.4/x64/lib/python3.12/site-packages/urllib3/connectionpool.py:1099: InsecureRequestWarning: Unverified HTTPS request is being made to host 'randomuser.me'. Adding certificate verification is strongly advised. See: https://urllib3.readthedocs.io/en/latest/advanced-usage.html#tls-warnings
  warnings.warn(</msg>
<msg time="2024-07-22T11:13:03.865402" level="INFO">${response} = &lt;Response [200]&gt;</msg>
<var>${response}</var>
<arg>consultarAPI</arg>
<arg>/api</arg>
<doc>Sends a GET request on a previously created HTTP Session.</doc>
<status status="PASS" start="2024-07-22T11:13:03.235744" elapsed="0.629724"/>
</kw>
<kw name="Should Be Equal As Numbers" owner="BuiltIn">
<msg time="2024-07-22T11:13:03.866628" level="INFO">Argument types are:
&lt;class 'int'&gt;
&lt;class 'str'&gt;</msg>
<arg>${response.status_code}</arg>
<arg>200</arg>
<doc>Fails if objects are unequal after converting them to real numbers.</doc>
<status status="PASS" start="2024-07-22T11:13:03.866138" elapsed="0.000556"/>
</kw>
<kw name="Log" owner="BuiltIn">
<msg time="2024-07-22T11:13:03.867410" level="INFO">200</msg>
<arg>${response.status_code}</arg>
<doc>Logs the given message with the given level.</doc>
<status status="PASS" start="2024-07-22T11:13:03.867012" elapsed="0.000440"/>
</kw>
<kw name="Set Variable" owner="BuiltIn">
<msg time="2024-07-22T11:13:03.868201" level="INFO">${json_data} = {'results': [{'gender': 'male', 'name': {'title': 'Mr', 'first': 'Philippe', 'last': 'Knight'}, 'location': {'street': {'number': 5639, 'name': 'Park Rd'}, 'city': 'Cornwall', 'state': 'Alberta', 'cou...</msg>
<var>${json_data}</var>
<arg>${response.json()}</arg>
<doc>Returns the given values which can then be assigned to a variables.</doc>
<status status="PASS" start="2024-07-22T11:13:03.867760" elapsed="0.000471"/>
</kw>
<kw name="Dictionary Should Contain Key" owner="Collections">
<arg>${json_data}</arg>
<arg>results</arg>
<doc>Fails if ``key`` is not found from ``dictionary``.</doc>
<status status="PASS" start="2024-07-22T11:13:03.868528" elapsed="0.000171"/>
</kw>
<status status="PASS" start="2024-07-22T11:13:03.235497" elapsed="0.633363"/>
</kw>
<doc>Testa se a API responde corretamente e retorna um objeto JSON válido.</doc>
<tag>testeRequisicaoBasica</tag>
<status status="PASS" start="2024-07-22T11:13:03.234923" elapsed="0.634111"/>
</test>
<test id="s1-s1-t3" name="Validar estrutura de resposta" line="22">
<kw name="Teste de Estrutura de Resposta" owner="random-user-service">
<kw name="GET On Session" owner="RequestsLibrary">
<msg time="2024-07-22T11:13:04.215742" level="INFO">GET Request : url=https://randomuser.me/api 
 path_url=/api 
 headers={'User-Agent': 'python-requests/2.32.3', 'Accept-Encoding': 'gzip, deflate', 'Accept': '*/*', 'Connection': 'keep-alive'} 
 body=None 
 </msg>
<msg time="2024-07-22T11:13:04.215847" level="INFO">GET Response : url=https://randomuser.me/api 
 status=200, reason=OK 
 headers={'Date': 'Mon, 22 Jul 2024 11:13:04 GMT', 'Content-Type': 'application/json; charset=utf-8', 'Transfer-Encoding': 'chunked', 'Connection': 'keep-alive', 'X-Powered-By': 'Express', 'Access-Control-Allow-Origin': '*', 'Cache-Control': 'no-cache', 'ETag': 'W/"487-sZYyNPRqxiHStJJMTeBNbr6UV2E"', 'Vary': 'Accept-Encoding', 'Content-Encoding': 'gzip', 'CF-Cache-Status': 'DYNAMIC', 'Report-To': '{"endpoints":[{"url":"https:\\/\\/a.nel.cloudflare.com\\/report\\/v4?s=GsIE%2B9CDcXGcwMiNWmtND9i%2B0EyFdR%2FbZMCUGFA%2BZ3%2BTnxg1iNUtYB4snKXS0B7XmH7vKMSfO94wlLETPnENHz3751uLhlUi8dTLfDCaHyjI9aj4VleICBr3yvqybiLO"}],"group":"cf-nel","max_age":604800}', 'NEL': '{"success_fraction":0,"report_to":"cf-nel","max_age":604800}', 'Server': 'cloudflare', 'CF-RAY': '8a72ffcf3b7e7cd4-LAX', 'alt-svc': 'h3=":443"; ma=86400'} 
 body={"results":[{"gender":"female","name":{"title":"Mrs","first":"Brooke","last":"Flores"},"location":{"street":{"number":7597,"name":"Springfield Road"},"city":"Naas","state":"Dublin City","country":"Ireland","postcode":73456,"coordinates":{"latitude":"4.2370","longitude":"18.8247"},"timezone":{"offset":"+7:00","description":"Bangkok, Hanoi, Jakarta"}},"email":"brooke.flores@example.com","login":{"uuid":"24adcca3-b6de-46ec-8151-84f05d28eb8f","username":"bigleopard348","password":"firefly","salt":"zY6y5UXe","md5":"8f545344ffd4e12e691dd50748a09b03","sha1":"de554f8f26d786e3c13233b16d07f7b36fbc0ee3","sha256":"a309fb1d69c0dbd940f68a382d52ef6ad9009c5cb01509f83b181d434389b63f"},"dob":{"date":"2000-02-23T08:29:14.924Z","age":24},"registered":{"date":"2002-07-07T03:01:19.918Z","age":22},"phone":"061-159-7596","cell":"081-377-8326","id":{"name":"PPS","value":"2571365T"},"picture":{"large":"https://randomuser.me/api/portraits/women/32.jpg","medium":"https://randomuser.me/api/portraits/med/women/32.jpg","thumbnail":"https://randomuser.me/api/portraits/thumb/women/32.jpg"},"nat":"IE"}],"info":{"seed":"01a30ad29fb5ef17","results":1,"page":1,"version":"1.4"}} 
 </msg>
<msg time="2024-07-22T11:13:04.215979" level="INFO">/opt/hostedtoolcache/Python/3.12.4/x64/lib/python3.12/site-packages/urllib3/connectionpool.py:1099: InsecureRequestWarning: Unverified HTTPS request is being made to host 'randomuser.me'. Adding certificate verification is strongly advised. See: https://urllib3.readthedocs.io/en/latest/advanced-usage.html#tls-warnings
  warnings.warn(</msg>
<msg time="2024-07-22T11:13:04.216116" level="INFO">${response} = &lt;Response [200]&gt;</msg>
<var>${response}</var>
<arg>consultarAPI</arg>
<arg>/api</arg>
<doc>Sends a GET request on a previously created HTTP Session.</doc>
<status status="PASS" start="2024-07-22T11:13:03.871735" elapsed="0.344422"/>
</kw>
<kw name="Set Variable" owner="BuiltIn">
<msg time="2024-07-22T11:13:04.217356" level="INFO">${json_data} = {'results': [{'gender': 'female', 'name': {'title': 'Mrs', 'first': 'Brooke', 'last': 'Flores'}, 'location': {'street': {'number': 7597, 'name': 'Springfield Road'}, 'city': 'Naas', 'state': 'Dublin C...</msg>
<var>${json_data}</var>
<arg>${response.json()}</arg>
<doc>Returns the given values which can then be assigned to a variables.</doc>
<status status="PASS" start="2024-07-22T11:13:04.216775" elapsed="0.000610"/>
</kw>
<kw name="Log" owner="BuiltIn">
<msg time="2024-07-22T11:13:04.217855" level="INFO">{'results': [{'gender': 'female', 'name': {'title': 'Mrs', 'first': 'Brooke', 'last': 'Flores'}, 'location': {'street': {'number': 7597, 'name': 'Springfield Road'}, 'city': 'Naas', 'state': 'Dublin City', 'country': 'Ireland', 'postcode': 73456, 'coordinates': {'latitude': '4.2370', 'longitude': '18.8247'}, 'timezone': {'offset': '+7:00', 'description': 'Bangkok, Hanoi, Jakarta'}}, 'email': 'brooke.flores@example.com', 'login': {'uuid': '24adcca3-b6de-46ec-8151-84f05d28eb8f', 'username': 'bigleopard348', 'password': 'firefly', 'salt': 'zY6y5UXe', 'md5': '8f545344ffd4e12e691dd50748a09b03', 'sha1': 'de554f8f26d786e3c13233b16d07f7b36fbc0ee3', 'sha256': 'a309fb1d69c0dbd940f68a382d52ef6ad9009c5cb01509f83b181d434389b63f'}, 'dob': {'date': '2000-02-23T08:29:14.924Z', 'age': 24}, 'registered': {'date': '2002-07-07T03:01:19.918Z', 'age': 22}, 'phone': '061-159-7596', 'cell': '081-377-8326', 'id': {'name': 'PPS', 'value': '2571365T'}, 'picture': {'large': 'https://randomuser.me/api/portraits/women/32.jpg', 'medium': 'https://randomuser.me/api/portraits/med/women/32.jpg', 'thumbnail': 'https://randomuser.me/api/portraits/thumb/women/32.jpg'}, 'nat': 'IE'}], 'info': {'seed': '01a30ad29fb5ef17', 'results': 1, 'page': 1, 'version': '1.4'}}</msg>
<arg>${json_data}</arg>
<doc>Logs the given message with the given level.</doc>
<status status="PASS" start="2024-07-22T11:13:04.217692" elapsed="0.000215"/>
</kw>
<kw name="Dictionary Should Contain Key" owner="Collections">
<arg>${json_data}</arg>
<arg>results</arg>
<doc>Fails if ``key`` is not found from ``dictionary``.</doc>
<status status="PASS" start="2024-07-22T11:13:04.218217" elapsed="0.000165"/>
</kw>
<kw name="Should Not Be Empty" owner="BuiltIn">
<msg time="2024-07-22T11:13:04.218694" level="INFO">Length is 2.</msg>
<arg>${json_data}</arg>
<doc>Verifies that the given item is not empty.</doc>
<status status="PASS" start="2024-07-22T11:13:04.218565" elapsed="0.000168"/>
</kw>
<kw name="Create List" owner="BuiltIn">
<msg time="2024-07-22T11:13:04.219378" level="INFO">${expected_keys} = ['gender', 'name', 'location', 'email', 'login']</msg>
<var>${expected_keys}</var>
<arg>gender</arg>
<arg>name</arg>
<arg>location</arg>
<arg>email</arg>
<arg>login</arg>
<doc>Returns a list containing given items.</doc>
<status status="PASS" start="2024-07-22T11:13:04.219020" elapsed="0.000384"/>
</kw>
<for flavor="IN">
<iter>
<kw name="Dictionary Should Contain Key" owner="Collections">
<arg>${json_data['results'][0]}</arg>
<arg>${key}</arg>
<doc>Fails if ``key`` is not found from ``dictionary``.</doc>
<status status="PASS" start="2024-07-22T11:13:04.220003" elapsed="0.000401"/>
</kw>
<kw name="Log" owner="BuiltIn">
<msg time="2024-07-22T11:13:04.220944" level="INFO">{'gender': 'female', 'name': {'title': 'Mrs', 'first': 'Brooke', 'last': 'Flores'}, 'location': {'street': {'number': 7597, 'name': 'Springfield Road'}, 'city': 'Naas', 'state': 'Dublin City', 'country': 'Ireland', 'postcode': 73456, 'coordinates': {'latitude': '4.2370', 'longitude': '18.8247'}, 'timezone': {'offset': '+7:00', 'description': 'Bangkok, Hanoi, Jakarta'}}, 'email': 'brooke.flores@example.com', 'login': {'uuid': '24adcca3-b6de-46ec-8151-84f05d28eb8f', 'username': 'bigleopard348', 'password': 'firefly', 'salt': 'zY6y5UXe', 'md5': '8f545344ffd4e12e691dd50748a09b03', 'sha1': 'de554f8f26d786e3c13233b16d07f7b36fbc0ee3', 'sha256': 'a309fb1d69c0dbd940f68a382d52ef6ad9009c5cb01509f83b181d434389b63f'}, 'dob': {'date': '2000-02-23T08:29:14.924Z', 'age': 24}, 'registered': {'date': '2002-07-07T03:01:19.918Z', 'age': 22}, 'phone': '061-159-7596', 'cell': '081-377-8326', 'id': {'name': 'PPS', 'value': '2571365T'}, 'picture': {'large': 'https://randomuser.me/api/portraits/women/32.jpg', 'medium': 'https://randomuser.me/api/portraits/med/women/32.jpg', 'thumbnail': 'https://randomuser.me/api/portraits/thumb/women/32.jpg'}, 'nat': 'IE'}</msg>
<arg>${json_data['results'][0]}</arg>
<doc>Logs the given message with the given level.</doc>
<status status="PASS" start="2024-07-22T11:13:04.220586" elapsed="0.000407"/>
</kw>
<kw name="Log" owner="BuiltIn">
<msg time="2024-07-22T11:13:04.221408" level="INFO">gender</msg>
<arg>${key}</arg>
<doc>Logs the given message with the given level.</doc>
<status status="PASS" start="2024-07-22T11:13:04.221283" elapsed="0.000163"/>
</kw>
<var name="${key}">gender</var>
<status status="PASS" start="2024-07-22T11:13:04.219878" elapsed="0.001782"/>
</iter>
<iter>
<kw name="Dictionary Should Contain Key" owner="Collections">
<arg>${json_data['results'][0]}</arg>
<arg>${key}</arg>
<doc>Fails if ``key`` is not found from ``dictionary``.</doc>
<status status="PASS" start="2024-07-22T11:13:04.221954" elapsed="0.000383"/>
</kw>
<kw name="Log" owner="BuiltIn">
<msg time="2024-07-22T11:13:04.222871" level="INFO">{'gender': 'female', 'name': {'title': 'Mrs', 'first': 'Brooke', 'last': 'Flores'}, 'location': {'street': {'number': 7597, 'name': 'Springfield Road'}, 'city': 'Naas', 'state': 'Dublin City', 'country': 'Ireland', 'postcode': 73456, 'coordinates': {'latitude': '4.2370', 'longitude': '18.8247'}, 'timezone': {'offset': '+7:00', 'description': 'Bangkok, Hanoi, Jakarta'}}, 'email': 'brooke.flores@example.com', 'login': {'uuid': '24adcca3-b6de-46ec-8151-84f05d28eb8f', 'username': 'bigleopard348', 'password': 'firefly', 'salt': 'zY6y5UXe', 'md5': '8f545344ffd4e12e691dd50748a09b03', 'sha1': 'de554f8f26d786e3c13233b16d07f7b36fbc0ee3', 'sha256': 'a309fb1d69c0dbd940f68a382d52ef6ad9009c5cb01509f83b181d434389b63f'}, 'dob': {'date': '2000-02-23T08:29:14.924Z', 'age': 24}, 'registered': {'date': '2002-07-07T03:01:19.918Z', 'age': 22}, 'phone': '061-159-7596', 'cell': '081-377-8326', 'id': {'name': 'PPS', 'value': '2571365T'}, 'picture': {'large': 'https://randomuser.me/api/portraits/women/32.jpg', 'medium': 'https://randomuser.me/api/portraits/med/women/32.jpg', 'thumbnail': 'https://randomuser.me/api/portraits/thumb/women/32.jpg'}, 'nat': 'IE'}</msg>
<arg>${json_data['results'][0]}</arg>
<doc>Logs the given message with the given level.</doc>
<status status="PASS" start="2024-07-22T11:13:04.222527" elapsed="0.000423"/>
</kw>
<kw name="Log" owner="BuiltIn">
<msg time="2024-07-22T11:13:04.223404" level="INFO">name</msg>
<arg>${key}</arg>
<doc>Logs the given message with the given level.</doc>
<status status="PASS" start="2024-07-22T11:13:04.223271" elapsed="0.000170"/>
</kw>
<var name="${key}">name</var>
<status status="PASS" start="2024-07-22T11:13:04.221843" elapsed="0.001812"/>
</iter>
<iter>
<kw name="Dictionary Should Contain Key" owner="Collections">
<arg>${json_data['results'][0]}</arg>
<arg>${key}</arg>
<doc>Fails if ``key`` is not found from ``dictionary``.</doc>
<status status="PASS" start="2024-07-22T11:13:04.223934" elapsed="0.000379"/>
</kw>
<kw name="Log" owner="BuiltIn">
<msg time="2024-07-22T11:13:04.224845" level="INFO">{'gender': 'female', 'name': {'title': 'Mrs', 'first': 'Brooke', 'last': 'Flores'}, 'location': {'street': {'number': 7597, 'name': 'Springfield Road'}, 'city': 'Naas', 'state': 'Dublin City', 'country': 'Ireland', 'postcode': 73456, 'coordinates': {'latitude': '4.2370', 'longitude': '18.8247'}, 'timezone': {'offset': '+7:00', 'description': 'Bangkok, Hanoi, Jakarta'}}, 'email': 'brooke.flores@example.com', 'login': {'uuid': '24adcca3-b6de-46ec-8151-84f05d28eb8f', 'username': 'bigleopard348', 'password': 'firefly', 'salt': 'zY6y5UXe', 'md5': '8f545344ffd4e12e691dd50748a09b03', 'sha1': 'de554f8f26d786e3c13233b16d07f7b36fbc0ee3', 'sha256': 'a309fb1d69c0dbd940f68a382d52ef6ad9009c5cb01509f83b181d434389b63f'}, 'dob': {'date': '2000-02-23T08:29:14.924Z', 'age': 24}, 'registered': {'date': '2002-07-07T03:01:19.918Z', 'age': 22}, 'phone': '061-159-7596', 'cell': '081-377-8326', 'id': {'name': 'PPS', 'value': '2571365T'}, 'picture': {'large': 'https://randomuser.me/api/portraits/women/32.jpg', 'medium': 'https://randomuser.me/api/portraits/med/women/32.jpg', 'thumbnail': 'https://randomuser.me/api/portraits/thumb/women/32.jpg'}, 'nat': 'IE'}</msg>
<arg>${json_data['results'][0]}</arg>
<doc>Logs the given message with the given level.</doc>
<status status="PASS" start="2024-07-22T11:13:04.224500" elapsed="0.000393"/>
</kw>
<kw name="Log" owner="BuiltIn">
<msg time="2024-07-22T11:13:04.225302" level="INFO">location</msg>
<arg>${key}</arg>
<doc>Logs the given message with the given level.</doc>
<status status="PASS" start="2024-07-22T11:13:04.225178" elapsed="0.000161"/>
</kw>
<var name="${key}">location</var>
<status status="PASS" start="2024-07-22T11:13:04.223828" elapsed="0.001719"/>
</iter>
<iter>
<kw name="Dictionary Should Contain Key" owner="Collections">
<arg>${json_data['results'][0]}</arg>
<arg>${key}</arg>
<doc>Fails if ``key`` is not found from ``dictionary``.</doc>
<status status="PASS" start="2024-07-22T11:13:04.225829" elapsed="0.000377"/>
</kw>
<kw name="Log" owner="BuiltIn">
<msg time="2024-07-22T11:13:04.226737" level="INFO">{'gender': 'female', 'name': {'title': 'Mrs', 'first': 'Brooke', 'last': 'Flores'}, 'location': {'street': {'number': 7597, 'name': 'Springfield Road'}, 'city': 'Naas', 'state': 'Dublin City', 'country': 'Ireland', 'postcode': 73456, 'coordinates': {'latitude': '4.2370', 'longitude': '18.8247'}, 'timezone': {'offset': '+7:00', 'description': 'Bangkok, Hanoi, Jakarta'}}, 'email': 'brooke.flores@example.com', 'login': {'uuid': '24adcca3-b6de-46ec-8151-84f05d28eb8f', 'username': 'bigleopard348', 'password': 'firefly', 'salt': 'zY6y5UXe', 'md5': '8f545344ffd4e12e691dd50748a09b03', 'sha1': 'de554f8f26d786e3c13233b16d07f7b36fbc0ee3', 'sha256': 'a309fb1d69c0dbd940f68a382d52ef6ad9009c5cb01509f83b181d434389b63f'}, 'dob': {'date': '2000-02-23T08:29:14.924Z', 'age': 24}, 'registered': {'date': '2002-07-07T03:01:19.918Z', 'age': 22}, 'phone': '061-159-7596', 'cell': '081-377-8326', 'id': {'name': 'PPS', 'value': '2571365T'}, 'picture': {'large': 'https://randomuser.me/api/portraits/women/32.jpg', 'medium': 'https://randomuser.me/api/portraits/med/women/32.jpg', 'thumbnail': 'https://randomuser.me/api/portraits/thumb/women/32.jpg'}, 'nat': 'IE'}</msg>
<arg>${json_data['results'][0]}</arg>
<doc>Logs the given message with the given level.</doc>
<status status="PASS" start="2024-07-22T11:13:04.226388" elapsed="0.000396"/>
</kw>
<kw name="Log" owner="BuiltIn">
<msg time="2024-07-22T11:13:04.227245" level="INFO">email</msg>
<arg>${key}</arg>
<doc>Logs the given message with the given level.</doc>
<status status="PASS" start="2024-07-22T11:13:04.227114" elapsed="0.000168"/>
</kw>
<var name="${key}">email</var>
<status status="PASS" start="2024-07-22T11:13:04.225717" elapsed="0.001780"/>
</iter>
<iter>
<kw name="Dictionary Should Contain Key" owner="Collections">
<arg>${json_data['results'][0]}</arg>
<arg>${key}</arg>
<doc>Fails if ``key`` is not found from ``dictionary``.</doc>
<status status="PASS" start="2024-07-22T11:13:04.227771" elapsed="0.000381"/>
</kw>
<kw name="Log" owner="BuiltIn">
<msg time="2024-07-22T11:13:04.228669" level="INFO">{'gender': 'female', 'name': {'title': 'Mrs', 'first': 'Brooke', 'last': 'Flores'}, 'location': {'street': {'number': 7597, 'name': 'Springfield Road'}, 'city': 'Naas', 'state': 'Dublin City', 'country': 'Ireland', 'postcode': 73456, 'coordinates': {'latitude': '4.2370', 'longitude': '18.8247'}, 'timezone': {'offset': '+7:00', 'description': 'Bangkok, Hanoi, Jakarta'}}, 'email': 'brooke.flores@example.com', 'login': {'uuid': '24adcca3-b6de-46ec-8151-84f05d28eb8f', 'username': 'bigleopard348', 'password': 'firefly', 'salt': 'zY6y5UXe', 'md5': '8f545344ffd4e12e691dd50748a09b03', 'sha1': 'de554f8f26d786e3c13233b16d07f7b36fbc0ee3', 'sha256': 'a309fb1d69c0dbd940f68a382d52ef6ad9009c5cb01509f83b181d434389b63f'}, 'dob': {'date': '2000-02-23T08:29:14.924Z', 'age': 24}, 'registered': {'date': '2002-07-07T03:01:19.918Z', 'age': 22}, 'phone': '061-159-7596', 'cell': '081-377-8326', 'id': {'name': 'PPS', 'value': '2571365T'}, 'picture': {'large': 'https://randomuser.me/api/portraits/women/32.jpg', 'medium': 'https://randomuser.me/api/portraits/med/women/32.jpg', 'thumbnail': 'https://randomuser.me/api/portraits/thumb/women/32.jpg'}, 'nat': 'IE'}</msg>
<arg>${json_data['results'][0]}</arg>
<doc>Logs the given message with the given level.</doc>
<status status="PASS" start="2024-07-22T11:13:04.228330" elapsed="0.000386"/>
</kw>
<kw name="Log" owner="BuiltIn">
<msg time="2024-07-22T11:13:04.229126" level="INFO">login</msg>
<arg>${key}</arg>
<doc>Logs the given message with the given level.</doc>
<status status="PASS" start="2024-07-22T11:13:04.229001" elapsed="0.000167"/>
</kw>
<var name="${key}">login</var>
<status status="PASS" start="2024-07-22T11:13:04.227664" elapsed="0.001720"/>
</iter>
<var>${key}</var>
<value>@{expected_keys}</value>
<status status="PASS" start="2024-07-22T11:13:04.219673" elapsed="0.009829"/>
</for>
<kw name="Create List" owner="BuiltIn">
<msg time="2024-07-22T11:13:04.229819" level="INFO">${expected_keysTwo} = ['username', 'password']</msg>
<var>${expected_keysTwo}</var>
<arg>username</arg>
<arg>password</arg>
<doc>Returns a list containing given items.</doc>
<status status="PASS" start="2024-07-22T11:13:04.229687" elapsed="0.000156"/>
</kw>
<for flavor="IN">
<iter>
<kw name="Dictionary Should Contain Key" owner="Collections">
<arg>${json_data['results'][0]['login']}</arg>
<arg>${keyTwo}</arg>
<doc>Fails if ``key`` is not found from ``dictionary``.</doc>
<status status="PASS" start="2024-07-22T11:13:04.230361" elapsed="0.000384"/>
</kw>
<kw name="Dictionary Should Contain Key" owner="Collections">
<arg>${json_data['results'][0]['login']}</arg>
<arg>${keyTwo}</arg>
<doc>Fails if ``key`` is not found from ``dictionary``.</doc>
<status status="PASS" start="2024-07-22T11:13:04.230925" elapsed="0.000405"/>
</kw>
<kw name="Log" owner="BuiltIn">
<msg time="2024-07-22T11:13:04.231626" level="INFO">username</msg>
<arg>${keyTwo}</arg>
<doc>Logs the given message with the given level.</doc>
<status status="PASS" start="2024-07-22T11:13:04.231506" elapsed="0.000158"/>
</kw>
<var name="${keyTwo}">username</var>
<status status="PASS" start="2024-07-22T11:13:04.230247" elapsed="0.001636"/>
</iter>
<iter>
<kw name="Dictionary Should Contain Key" owner="Collections">
<arg>${json_data['results'][0]['login']}</arg>
<arg>${keyTwo}</arg>
<doc>Fails if ``key`` is not found from ``dictionary``.</doc>
<status status="PASS" start="2024-07-22T11:13:04.232164" elapsed="0.000379"/>
</kw>
<kw name="Dictionary Should Contain Key" owner="Collections">
<arg>${json_data['results'][0]['login']}</arg>
<arg>${keyTwo}</arg>
<doc>Fails if ``key`` is not found from ``dictionary``.</doc>
<status status="PASS" start="2024-07-22T11:13:04.232719" elapsed="0.000380"/>
</kw>
<kw name="Log" owner="BuiltIn">
<msg time="2024-07-22T11:13:04.233403" level="INFO">password</msg>
<arg>${keyTwo}</arg>
<doc>Logs the given message with the given level.</doc>
<status status="PASS" start="2024-07-22T11:13:04.233272" elapsed="0.000169"/>
</kw>
<var name="${keyTwo}">password</var>
<status status="PASS" start="2024-07-22T11:13:04.232053" elapsed="0.001697"/>
</iter>
<var>${keyTwo}</var>
<value>@{expected_keysTwo}</value>
<status status="PASS" start="2024-07-22T11:13:04.230096" elapsed="0.003774"/>
</for>
<status status="PASS" start="2024-07-22T11:13:03.871498" elapsed="0.362512"/>
</kw>
<doc>Testa a estrutura da resposta da API.</doc>
<tag>testeEstruturaResposta</tag>
<status status="PASS" start="2024-07-22T11:13:03.870856" elapsed="0.363310"/>
</test>
<test id="s1-s1-t4" name="Validar tipos de dados" line="28">
<kw name="Teste de Tipos de Dados" owner="random-user-service">
<kw name="GET On Session" owner="RequestsLibrary">
<msg time="2024-07-22T11:13:04.543824" level="INFO">GET Request : url=https://randomuser.me/api 
 path_url=/api 
 headers={'User-Agent': 'python-requests/2.32.3', 'Accept-Encoding': 'gzip, deflate', 'Accept': '*/*', 'Connection': 'keep-alive'} 
 body=None 
 </msg>
<msg time="2024-07-22T11:13:04.543937" level="INFO">GET Response : url=https://randomuser.me/api 
 status=200, reason=OK 
 headers={'Date': 'Mon, 22 Jul 2024 11:13:04 GMT', 'Content-Type': 'application/json; charset=utf-8', 'Transfer-Encoding': 'chunked', 'Connection': 'keep-alive', 'X-Powered-By': 'Express', 'Access-Control-Allow-Origin': '*', 'Cache-Control': 'no-cache', 'ETag': 'W/"465-Q2YOFPw9NfrTEdDJ3kuGUkPENG8"', 'Vary': 'Accept-Encoding', 'Content-Encoding': 'gzip', 'CF-Cache-Status': 'DYNAMIC', 'Report-To': '{"endpoints":[{"url":"https:\\/\\/a.nel.cloudflare.com\\/report\\/v4?s=iDZPYhEn15ck%2BHgBMhvt57MEtdIM9j1gyaZk%2FaBXfPM34DSpBDDcxWHLpd%2F8SMN9ERv%2FSXtjbNwUmYSRmFvVisFr4%2FqZSxMw%2FJNllkrR7wmPxhJqiLyit74WUssxyg%2FH"}],"group":"cf-nel","max_age":604800}', 'NEL': '{"success_fraction":0,"report_to":"cf-nel","max_age":604800}', 'Server': 'cloudflare', 'CF-RAY': '8a72ffd18ce57cd4-LAX', 'alt-svc': 'h3=":443"; ma=86400'} 
 body={"results":[{"gender":"male","name":{"title":"Mr","first":"Duane","last":"Burke"},"location":{"street":{"number":9380,"name":"E Center St"},"city":"Warragul","state":"Tasmania","country":"Australia","postcode":6397,"coordinates":{"latitude":"-83.0747","longitude":"-155.1269"},"timezone":{"offset":"+4:30","description":"Kabul"}},"email":"duane.burke@example.com","login":{"uuid":"41af2fae-90dc-4664-8130-d3bb8bc9e60f","username":"bluebear860","password":"bears","salt":"Mb2XAzrI","md5":"3b0ce704349ee75ae538e63a352bac46","sha1":"ddcdf4e42cb3482057f21dee4d4e46eb0b898f58","sha256":"8e397e9c9f539d895f93908a07509eeb786fdf20b4265afcdbd797d01d2570c7"},"dob":{"date":"1956-08-27T21:57:30.269Z","age":67},"registered":{"date":"2016-06-08T09:45:35.872Z","age":8},"phone":"05-7759-3094","cell":"0471-258-069","id":{"name":"TFN","value":"294404801"},"picture":{"large":"https://randomuser.me/api/portraits/men/71.jpg","medium":"https://randomuser.me/api/portraits/med/men/71.jpg","thumbnail":"https://randomuser.me/api/portraits/thumb/men/71.jpg"},"nat":"AU"}],"info":{"seed":"a98eeeceec814d59","results":1,"page":1,"version":"1.4"}} 
 </msg>
<msg time="2024-07-22T11:13:04.544022" level="INFO">/opt/hostedtoolcache/Python/3.12.4/x64/lib/python3.12/site-packages/urllib3/connectionpool.py:1099: InsecureRequestWarning: Unverified HTTPS request is being made to host 'randomuser.me'. Adding certificate verification is strongly advised. See: https://urllib3.readthedocs.io/en/latest/advanced-usage.html#tls-warnings
  warnings.warn(</msg>
<msg time="2024-07-22T11:13:04.544175" level="INFO">${response} = &lt;Response [200]&gt;</msg>
<var>${response}</var>
<arg>consultarAPI</arg>
<arg>/api</arg>
<doc>Sends a GET request on a previously created HTTP Session.</doc>
<status status="PASS" start="2024-07-22T11:13:04.236774" elapsed="0.307449"/>
</kw>
<kw name="Set Variable" owner="BuiltIn">
<msg time="2024-07-22T11:13:04.545465" level="INFO">${json_data} = {'results': [{'gender': 'male', 'name': {'title': 'Mr', 'first': 'Duane', 'last': 'Burke'}, 'location': {'street': {'number': 9380, 'name': 'E Center St'}, 'city': 'Warragul', 'state': 'Tasmania', 'co...</msg>
<var>${json_data}</var>
<arg>${response.json()}</arg>
<doc>Returns the given values which can then be assigned to a variables.</doc>
<status status="PASS" start="2024-07-22T11:13:04.544908" elapsed="0.000586"/>
</kw>
<kw name="Log" owner="BuiltIn">
<msg time="2024-07-22T11:13:04.545949" level="INFO">{'results': [{'gender': 'male', 'name': {'title': 'Mr', 'first': 'Duane', 'last': 'Burke'}, 'location': {'street': {'number': 9380, 'name': 'E Center St'}, 'city': 'Warragul', 'state': 'Tasmania', 'country': 'Australia', 'postcode': 6397, 'coordinates': {'latitude': '-83.0747', 'longitude': '-155.1269'}, 'timezone': {'offset': '+4:30', 'description': 'Kabul'}}, 'email': 'duane.burke@example.com', 'login': {'uuid': '41af2fae-90dc-4664-8130-d3bb8bc9e60f', 'username': 'bluebear860', 'password': 'bears', 'salt': 'Mb2XAzrI', 'md5': '3b0ce704349ee75ae538e63a352bac46', 'sha1': 'ddcdf4e42cb3482057f21dee4d4e46eb0b898f58', 'sha256': '8e397e9c9f539d895f93908a07509eeb786fdf20b4265afcdbd797d01d2570c7'}, 'dob': {'date': '1956-08-27T21:57:30.269Z', 'age': 67}, 'registered': {'date': '2016-06-08T09:45:35.872Z', 'age': 8}, 'phone': '05-7759-3094', 'cell': '0471-258-069', 'id': {'name': 'TFN', 'value': '294404801'}, 'picture': {'large': 'https://randomuser.me/api/portraits/men/71.jpg', 'medium': 'https://randomuser.me/api/portraits/med/men/71.jpg', 'thumbnail': 'https://randomuser.me/api/portraits/thumb/men/71.jpg'}, 'nat': 'AU'}], 'info': {'seed': 'a98eeeceec814d59', 'results': 1, 'page': 1, 'version': '1.4'}}</msg>
<arg>${json_data}</arg>
<doc>Logs the given message with the given level.</doc>
<status status="PASS" start="2024-07-22T11:13:04.545796" elapsed="0.000204"/>
</kw>
<kw name="Should Be String" owner="String">
<arg>${json_data['results'][0]['gender']}</arg>
<doc>Fails if the given ``item`` is not a string.</doc>
<status status="PASS" start="2024-07-22T11:13:04.546295" elapsed="0.000364"/>
</kw>
<kw name="Should Match Regexp" owner="BuiltIn">
<arg>${json_data['results'][0]['email']}</arg>
<arg>^[a-zA-Z0-9._%+-]+@[a-zA-Z0-9.-]+\.[a-zA-Z]{2,}$</arg>
<doc>Fails if ``string`` does not match ``pattern`` as a regular expression.</doc>
<status status="PASS" start="2024-07-22T11:13:04.546849" elapsed="0.000593"/>
</kw>
<kw name="Should Match Regexp" owner="BuiltIn">
<arg>${json_data['results'][0]['dob']['date']}</arg>
<arg>\\d{4}-\\d{2}-\\d{2}T\\d{2}:\\d{2}:\\d{2}\\.\\d{3}Z</arg>
<doc>Fails if ``string`` does not match ``pattern`` as a regular expression.</doc>
<status status="PASS" start="2024-07-22T11:13:04.547676" elapsed="0.000493"/>
</kw>
<kw name="Should Match Regexp" owner="BuiltIn">
<arg>${json_data['results'][0]['registered']['date']}</arg>
<arg>\\d{4}-\\d{2}-\\d{2}T\\d{2}:\\d{2}:\\d{2}\\.\\d{3}Z</arg>
<doc>Fails if ``string`` does not match ``pattern`` as a regular expression.</doc>
<status status="PASS" start="2024-07-22T11:13:04.548357" elapsed="0.000363"/>
</kw>
<kw name="Should Match Regexp" owner="BuiltIn">
<arg>${json_data['results'][0]['picture']['large']}</arg>
<arg>^https?://.*\.(?:png|jpe?g|gif|bmp)$</arg>
<doc>Fails if ``string`` does not match ``pattern`` as a regular expression.</doc>
<status status="PASS" start="2024-07-22T11:13:04.548900" elapsed="0.000457"/>
</kw>
<kw name="Should Match Regexp" owner="BuiltIn">
<arg>${json_data['results'][0]['picture']['medium']}</arg>
<arg>^https?://.*\.(?:png|jpe?g|gif|bmp)$</arg>
<doc>Fails if ``string`` does not match ``pattern`` as a regular expression.</doc>
<status status="PASS" start="2024-07-22T11:13:04.549542" elapsed="0.000359"/>
</kw>
<kw name="Should Match Regexp" owner="BuiltIn">
<arg>${json_data['results'][0]['picture']['thumbnail']}</arg>
<arg>^https?://.*\.(?:png|jpe?g|gif|bmp)$</arg>
<doc>Fails if ``string`` does not match ``pattern`` as a regular expression.</doc>
<status status="PASS" start="2024-07-22T11:13:04.550094" elapsed="0.000348"/>
</kw>
<kw name="Log" owner="BuiltIn">
<msg time="2024-07-22T11:13:04.550955" level="INFO">{'large': 'https://randomuser.me/api/portraits/men/71.jpg', 'medium': 'https://randomuser.me/api/portraits/med/men/71.jpg', 'thumbnail': 'https://randomuser.me/api/portraits/thumb/men/71.jpg'}</msg>
<arg>${json_data['results'][0]['picture']}</arg>
<doc>Logs the given message with the given level.</doc>
<status status="PASS" start="2024-07-22T11:13:04.550620" elapsed="0.000380"/>
</kw>
<status status="PASS" start="2024-07-22T11:13:04.236553" elapsed="0.314740"/>
</kw>
<kw name="Teste de Tipos de Dados - Postcode" owner="random-user-service">
<kw name="GET On Session" owner="RequestsLibrary">
<msg time="2024-07-22T11:13:04.658309" level="INFO">GET Request : url=https://randomuser.me/api 
 path_url=/api 
 headers={'User-Agent': 'python-requests/2.32.3', 'Accept-Encoding': 'gzip, deflate', 'Accept': '*/*', 'Connection': 'keep-alive'} 
 body=None 
 </msg>
<msg time="2024-07-22T11:13:04.658381" level="INFO">GET Response : url=https://randomuser.me/api 
 status=200, reason=OK 
 headers={'Date': 'Mon, 22 Jul 2024 11:13:04 GMT', 'Content-Type': 'application/json; charset=utf-8', 'Transfer-Encoding': 'chunked', 'Connection': 'keep-alive', 'X-Powered-By': 'Express', 'Access-Control-Allow-Origin': '*', 'Cache-Control': 'no-cache', 'ETag': 'W/"473-sMAdFtI4m1tbSn3G8WGOeb/h988"', 'Vary': 'Accept-Encoding', 'Content-Encoding': 'gzip', 'CF-Cache-Status': 'DYNAMIC', 'Report-To': '{"endpoints":[{"url":"https:\\/\\/a.nel.cloudflare.com\\/report\\/v4?s=1Scd0AEcTkpLKEzGCdA0NEOkbkIjDI5Ybzo7ZXQZTfz8VXfHKDuEGqcjTXMbBZ4HBMQ2Mvc3a0t1YoW4jH4N9Jhj%2F8no8VDT5ui4qBdJv%2F%2BgRdGldcZv%2FPWIC%2FJBUZyH"}],"group":"cf-nel","max_age":604800}', 'NEL': '{"success_fraction":0,"report_to":"cf-nel","max_age":604800}', 'Server': 'cloudflare', 'CF-RAY': '8a72ffd37e0c7cd4-LAX', 'alt-svc': 'h3=":443"; ma=86400'} 
 body={"results":[{"gender":"female","name":{"title":"Mrs","first":"Iva","last":"Vasić"},"location":{"street":{"number":5691,"name":"Arsenija Miloševića"},"city":"Osečina","state":"Peć","country":"Serbia","postcode":45481,"coordinates":{"latitude":"63.5381","longitude":"81.9713"},"timezone":{"offset":"+3:30","description":"Tehran"}},"email":"iva.vasic@example.com","login":{"uuid":"4e999097-640d-4169-a88f-415bf498f35c","username":"whiteelephant176","password":"kitty1","salt":"rb3dyLhH","md5":"f1ccd5895b3263733cc941ab080aa88f","sha1":"5f847b198e639aa8ab89ee1c7ecc34c16729a286","sha256":"3f2369eb71cd7f9201104cad9b1bdf3a7c42dd905fbabc5849963036b1335cdf"},"dob":{"date":"1965-06-17T15:59:08.437Z","age":59},"registered":{"date":"2016-10-17T01:39:38.967Z","age":7},"phone":"016-5923-881","cell":"063-7339-020","id":{"name":"SID","value":"532810543"},"picture":{"large":"https://randomuser.me/api/portraits/women/92.jpg","medium":"https://randomuser.me/api/portraits/med/women/92.jpg","thumbnail":"https://randomuser.me/api/portraits/thumb/women/92.jpg"},"nat":"RS"}],"info":{"seed":"2031a84b6638f0f4","results":1,"page":1,"version":"1.4"}} 
 </msg>
<msg time="2024-07-22T11:13:04.658448" level="INFO">/opt/hostedtoolcache/Python/3.12.4/x64/lib/python3.12/site-packages/urllib3/connectionpool.py:1099: InsecureRequestWarning: Unverified HTTPS request is being made to host 'randomuser.me'. Adding certificate verification is strongly advised. See: https://urllib3.readthedocs.io/en/latest/advanced-usage.html#tls-warnings
  warnings.warn(</msg>
<msg time="2024-07-22T11:13:04.658555" level="INFO">${response} = &lt;Response [200]&gt;</msg>
<var>${response}</var>
<arg>consultarAPI</arg>
<arg>/api</arg>
<doc>Sends a GET request on a previously created HTTP Session.</doc>
<status status="PASS" start="2024-07-22T11:13:04.551763" elapsed="0.106831"/>
</kw>
<kw name="Set Variable" owner="BuiltIn">
<msg time="2024-07-22T11:13:04.659802" level="INFO">${json_data} = {'results': [{'gender': 'female', 'name': {'title': 'Mrs', 'first': 'Iva', 'last': 'Vasić'}, 'location': {'street': {'number': 5691, 'name': 'Arsenija Miloševića'}, 'city': 'Osečina', 'state': 'Peć', ...</msg>
<var>${json_data}</var>
<arg>${response.json()}</arg>
<doc>Returns the given values which can then be assigned to a variables.</doc>
<status status="PASS" start="2024-07-22T11:13:04.659149" elapsed="0.000683"/>
</kw>
<kw name="Log" owner="BuiltIn">
<msg time="2024-07-22T11:13:04.660291" level="INFO">{'results': [{'gender': 'female', 'name': {'title': 'Mrs', 'first': 'Iva', 'last': 'Vasić'}, 'location': {'street': {'number': 5691, 'name': 'Arsenija Miloševića'}, 'city': 'Osečina', 'state': 'Peć', 'country': 'Serbia', 'postcode': 45481, 'coordinates': {'latitude': '63.5381', 'longitude': '81.9713'}, 'timezone': {'offset': '+3:30', 'description': 'Tehran'}}, 'email': 'iva.vasic@example.com', 'login': {'uuid': '4e999097-640d-4169-a88f-415bf498f35c', 'username': 'whiteelephant176', 'password': 'kitty1', 'salt': 'rb3dyLhH', 'md5': 'f1ccd5895b3263733cc941ab080aa88f', 'sha1': '5f847b198e639aa8ab89ee1c7ecc34c16729a286', 'sha256': '3f2369eb71cd7f9201104cad9b1bdf3a7c42dd905fbabc5849963036b1335cdf'}, 'dob': {'date': '1965-06-17T15:59:08.437Z', 'age': 59}, 'registered': {'date': '2016-10-17T01:39:38.967Z', 'age': 7}, 'phone': '016-5923-881', 'cell': '063-7339-020', 'id': {'name': 'SID', 'value': '532810543'}, 'picture': {'large': 'https://randomuser.me/api/portraits/women/92.jpg', 'medium': 'https://randomuser.me/api/portraits/med/women/92.jpg', 'thumbnail': 'https://randomuser.me/api/portraits/thumb/women/92.jpg'}, 'nat': 'RS'}], 'info': {'seed': '2031a84b6638f0f4', 'results': 1, 'page': 1, 'version': '1.4'}}</msg>
<arg>${json_data}</arg>
<doc>Logs the given message with the given level.</doc>
<status status="PASS" start="2024-07-22T11:13:04.660135" elapsed="0.000208"/>
</kw>
<kw name="Should Be Equal As Numbers" owner="BuiltIn">
<arg>${json_data['results'][0]['location']['postcode']}</arg>
<arg>${json_data['results'][0]['location']['postcode']}</arg>
<doc>Fails if objects are unequal after converting them to real numbers.</doc>
<status status="PASS" start="2024-07-22T11:13:04.660657" elapsed="0.000626"/>
</kw>
<kw name="Log" owner="BuiltIn">
<msg time="2024-07-22T11:13:04.661956" level="INFO">45481</msg>
<arg>${json_data['results'][0]['location']['postcode']}</arg>
<doc>Logs the given message with the given level.</doc>
<status status="PASS" start="2024-07-22T11:13:04.661473" elapsed="0.000524"/>
</kw>
<status status="PASS" start="2024-07-22T11:13:04.551524" elapsed="0.110727"/>
</kw>
<doc>Testa se os tipos de dados na resposta da API estão corretos.</doc>
<tag>testeTiposDados</tag>
<status status="PASS" start="2024-07-22T11:13:04.236002" elapsed="0.426449"/>
</test>
<test id="s1-s1-t5" name="Validar conteudo" line="35">
<kw name="Teste de Tipos de Conteudo" owner="random-user-service">
<kw name="GET On Session" owner="RequestsLibrary">
<msg time="2024-07-22T11:13:04.771080" level="INFO">GET Request : url=https://randomuser.me/api 
 path_url=/api 
 headers={'User-Agent': 'python-requests/2.32.3', 'Accept-Encoding': 'gzip, deflate', 'Accept': '*/*', 'Connection': 'keep-alive'} 
 body=None 
 </msg>
<msg time="2024-07-22T11:13:04.771186" level="INFO">GET Response : url=https://randomuser.me/api 
 status=200, reason=OK 
 headers={'Date': 'Mon, 22 Jul 2024 11:13:04 GMT', 'Content-Type': 'application/json; charset=utf-8', 'Transfer-Encoding': 'chunked', 'Connection': 'keep-alive', 'X-Powered-By': 'Express', 'Access-Control-Allow-Origin': '*', 'Cache-Control': 'no-cache', 'ETag': 'W/"46a-g5kKyMRr+jfUSM4DSNcS6F9qfqM"', 'Vary': 'Accept-Encoding', 'Content-Encoding': 'gzip', 'CF-Cache-Status': 'DYNAMIC', 'Report-To': '{"endpoints":[{"url":"https:\\/\\/a.nel.cloudflare.com\\/report\\/v4?s=f7vbdbY6rBKVS9T%2BU9OI9XtajkNVAdhJhg6Upwus0U0UzKU6%2BGi%2BrDQ6FvsX%2BiD3K4J4seQo4n9%2B5eHZr1ZcpoS%2FB1iNtY%2BjDBkfyVUMvKuDgVq%2F1CiLqdXEZZRgliFx"}],"group":"cf-nel","max_age":604800}', 'NEL': '{"success_fraction":0,"report_to":"cf-nel","max_age":604800}', 'Server': 'cloudflare', 'CF-RAY': '8a72ffd42e907cd4-LAX', 'alt-svc': 'h3=":443"; ma=86400'} 
 body={"results":[{"gender":"female","name":{"title":"Miss","first":"Laura","last":"Poulsen"},"location":{"street":{"number":6849,"name":"Lupinvej"},"city":"Beder","state":"Hovedstaden","country":"Denmark","postcode":72657,"coordinates":{"latitude":"-43.0110","longitude":"126.3914"},"timezone":{"offset":"-10:00","description":"Hawaii"}},"email":"laura.poulsen@example.com","login":{"uuid":"8d31a714-b079-4f2a-9cde-16a103102945","username":"tinybird467","password":"sparrow","salt":"bEL7jNMU","md5":"edf681811d7be35807f5c2e81661ac25","sha1":"ed624ca68c49b920ded21ac803366e3344a79cbd","sha256":"b404a3f3aa988ae6183242fd85bfd44b38ec7b7312a44a3774fdb35b092d78e2"},"dob":{"date":"1982-10-10T07:42:03.714Z","age":41},"registered":{"date":"2004-05-10T04:14:26.123Z","age":20},"phone":"21015236","cell":"45061947","id":{"name":"CPR","value":"101082-6944"},"picture":{"large":"https://randomuser.me/api/portraits/women/0.jpg","medium":"https://randomuser.me/api/portraits/med/women/0.jpg","thumbnail":"https://randomuser.me/api/portraits/thumb/women/0.jpg"},"nat":"DK"}],"info":{"seed":"b49a52e75da67ca5","results":1,"page":1,"version":"1.4"}} 
 </msg>
<msg time="2024-07-22T11:13:04.771258" level="INFO">/opt/hostedtoolcache/Python/3.12.4/x64/lib/python3.12/site-packages/urllib3/connectionpool.py:1099: InsecureRequestWarning: Unverified HTTPS request is being made to host 'randomuser.me'. Adding certificate verification is strongly advised. See: https://urllib3.readthedocs.io/en/latest/advanced-usage.html#tls-warnings
  warnings.warn(</msg>
<msg time="2024-07-22T11:13:04.771386" level="INFO">${response} = &lt;Response [200]&gt;</msg>
<var>${response}</var>
<arg>consultarAPI</arg>
<arg>/api</arg>
<doc>Sends a GET request on a previously created HTTP Session.</doc>
<status status="PASS" start="2024-07-22T11:13:04.664987" elapsed="0.106440"/>
</kw>
<kw name="Set Variable" owner="BuiltIn">
<msg time="2024-07-22T11:13:04.772598" level="INFO">${json_data} = {'results': [{'gender': 'female', 'name': {'title': 'Miss', 'first': 'Laura', 'last': 'Poulsen'}, 'location': {'street': {'number': 6849, 'name': 'Lupinvej'}, 'city': 'Beder', 'state': 'Hovedstaden', ...</msg>
<var>${json_data}</var>
<arg>${response.json()}</arg>
<doc>Returns the given values which can then be assigned to a variables.</doc>
<status status="PASS" start="2024-07-22T11:13:04.772048" elapsed="0.000578"/>
</kw>
<kw name="Set Variable" owner="BuiltIn">
<msg time="2024-07-22T11:13:04.773329" level="INFO">${name_title} = Miss</msg>
<var>${name_title}</var>
<arg>${json_data["results"][0]["name"]["title"]}</arg>
<doc>Returns the given values which can then be assigned to a variables.</doc>
<status status="PASS" start="2024-07-22T11:13:04.772933" elapsed="0.000421"/>
</kw>
<kw name="Create List" owner="BuiltIn">
<msg time="2024-07-22T11:13:04.773802" level="INFO">${allowed_titles} = ['Mr', 'Ms', 'Miss', 'Mrs', 'Madame', 'Monsieur']</msg>
<var>${allowed_titles}</var>
<arg>Mr</arg>
<arg>Ms</arg>
<arg>Miss</arg>
<arg>Mrs</arg>
<arg>Madame</arg>
<arg>Monsieur</arg>
<doc>Returns a list containing given items.</doc>
<status status="PASS" start="2024-07-22T11:13:04.773653" elapsed="0.000173"/>
</kw>
<kw name="List Should Contain Value" owner="Collections">
<arg>${allowed_titles}</arg>
<arg>${name_title}</arg>
<doc>Fails if the ``value`` is not found from ``list``.</doc>
<status status="PASS" start="2024-07-22T11:13:04.774129" elapsed="0.000183"/>
</kw>
<kw name="Set Variable" owner="BuiltIn">
<msg time="2024-07-22T11:13:04.774852" level="INFO">${name_country} = DK</msg>
<var>${name_country}</var>
<arg>${json_data["results"][0]["nat"]}</arg>
<doc>Returns the given values which can then be assigned to a variables.</doc>
<status status="PASS" start="2024-07-22T11:13:04.774490" elapsed="0.000387"/>
</kw>
<kw name="Create List" owner="BuiltIn">
<msg time="2024-07-22T11:13:04.775814" level="INFO">${list_country} = ['AD', 'AE', 'AF', 'AG', 'AI', 'AL', 'AM', 'AO', 'AQ', 'AR', 'AS', 'AT', 'AU', 'AW', 'AX', 'AZ', 'BA', 'BB', 'BD', 'BE', 'BF', 'BG', 'BH', 'BI', 'BJ', 'BL', 'BM', 'BN', 'BO', 'BQ', 'BR', 'BS', 'BT', '...</msg>
<var>${list_country}</var>
<arg>AD</arg>
<arg>AE</arg>
<arg>AF</arg>
<arg>AG</arg>
<arg>AI</arg>
<arg>AL</arg>
<arg>AM</arg>
<arg>AO</arg>
<arg>AQ</arg>
<arg>AR</arg>
<arg>AS</arg>
<arg>AT</arg>
<arg>AU</arg>
<arg>AW</arg>
<arg>AX</arg>
<arg>AZ</arg>
<arg>BA</arg>
<arg>BB</arg>
<arg>BD</arg>
<arg>BE</arg>
<arg>BF</arg>
<arg>BG</arg>
<arg>BH</arg>
<arg>BI</arg>
<arg>BJ</arg>
<arg>BL</arg>
<arg>BM</arg>
<arg>BN</arg>
<arg>BO</arg>
<arg>BQ</arg>
<arg>BR</arg>
<arg>BS</arg>
<arg>BT</arg>
<arg>BV</arg>
<arg>BW</arg>
<arg>BY</arg>
<arg>BZ</arg>
<arg>CA</arg>
<arg>CC</arg>
<arg>CD</arg>
<arg>CF</arg>
<arg>CG</arg>
<arg>CH</arg>
<arg>CI</arg>
<arg>CK</arg>
<arg>CL</arg>
<arg>CM</arg>
<arg>CN</arg>
<arg>CO</arg>
<arg>CR</arg>
<arg>CU</arg>
<arg>CV</arg>
<arg>CW</arg>
<arg>CX</arg>
<arg>CY</arg>
<arg>CZ</arg>
<arg>DE</arg>
<arg>DJ</arg>
<arg>DK</arg>
<arg>DM</arg>
<arg>DO</arg>
<arg>DZ</arg>
<arg>EC</arg>
<arg>EE</arg>
<arg>EG</arg>
<arg>EH</arg>
<arg>ER</arg>
<arg>ES</arg>
<arg>ET</arg>
<arg>FI</arg>
<arg>FJ</arg>
<arg>FK</arg>
<arg>FM</arg>
<arg>FO</arg>
<arg>FR</arg>
<arg>GA</arg>
<arg>GB</arg>
<arg>GD</arg>
<arg>GE</arg>
<arg>GF</arg>
<arg>GG</arg>
<arg>GH</arg>
<arg>GI</arg>
<arg>GL</arg>
<arg>GM</arg>
<arg>GN</arg>
<arg>GP</arg>
<arg>GQ</arg>
<arg>GR</arg>
<arg>GS</arg>
<arg>GT</arg>
<arg>GU</arg>
<arg>GW</arg>
<arg>GY</arg>
<arg>HK</arg>
<arg>HM</arg>
<arg>HN</arg>
<arg>HR</arg>
<arg>HT</arg>
<arg>HU</arg>
<arg>ID</arg>
<arg>IE</arg>
<arg>IL</arg>
<arg>IM</arg>
<arg>IN</arg>
<arg>IO</arg>
<arg>IQ</arg>
<arg>IR</arg>
<arg>IS</arg>
<arg>IT</arg>
<arg>JE</arg>
<arg>JM</arg>
<arg>JO</arg>
<arg>JP</arg>
<arg>KE</arg>
<arg>KG</arg>
<arg>KH</arg>
<arg>KI</arg>
<arg>KM</arg>
<arg>KN</arg>
<arg>KP</arg>
<arg>KR</arg>
<arg>KW</arg>
<arg>KY</arg>
<arg>KZ</arg>
<arg>LA</arg>
<arg>LB</arg>
<arg>LC</arg>
<arg>LI</arg>
<arg>LK</arg>
<arg>LR</arg>
<arg>LS</arg>
<arg>LT</arg>
<arg>LU</arg>
<arg>LV</arg>
<arg>LY</arg>
<arg>MA</arg>
<arg>MC</arg>
<arg>MD</arg>
<arg>ME</arg>
<arg>MF</arg>
<arg>MG</arg>
<arg>MH</arg>
<arg>MK</arg>
<arg>ML</arg>
<arg>MM</arg>
<arg>MN</arg>
<arg>MO</arg>
<arg>MP</arg>
<arg>MQ</arg>
<arg>MR</arg>
<arg>MS</arg>
<arg>MT</arg>
<arg>MU</arg>
<arg>MV</arg>
<arg>MW</arg>
<arg>MX</arg>
<arg>MY</arg>
<arg>MZ</arg>
<arg>NA</arg>
<arg>NC</arg>
<arg>NE</arg>
<arg>NF</arg>
<arg>NG</arg>
<arg>NI</arg>
<arg>NL</arg>
<arg>NO</arg>
<arg>NP</arg>
<arg>NR</arg>
<arg>NU</arg>
<arg>NZ</arg>
<arg>OM</arg>
<arg>PA</arg>
<arg>PE</arg>
<arg>PF</arg>
<arg>PG</arg>
<arg>PH</arg>
<arg>PK</arg>
<arg>PL</arg>
<arg>PM</arg>
<arg>PN</arg>
<arg>PR</arg>
<arg>PS</arg>
<arg>PT</arg>
<arg>PW</arg>
<arg>PY</arg>
<arg>QA</arg>
<arg>RE</arg>
<arg>RO</arg>
<arg>RS</arg>
<arg>RU</arg>
<arg>RW</arg>
<arg>SA</arg>
<arg>SB</arg>
<arg>SC</arg>
<arg>SD</arg>
<arg>SE</arg>
<arg>SG</arg>
<arg>SH</arg>
<arg>SI</arg>
<arg>SJ</arg>
<arg>SK</arg>
<arg>SL</arg>
<arg>SM</arg>
<arg>SN</arg>
<arg>SO</arg>
<arg>SR</arg>
<arg>SS</arg>
<arg>ST</arg>
<arg>SV</arg>
<arg>SX</arg>
<arg>SY</arg>
<arg>SZ</arg>
<arg>TC</arg>
<arg>TD</arg>
<arg>TF</arg>
<arg>TG</arg>
<arg>TH</arg>
<arg>TJ</arg>
<arg>TK</arg>
<arg>TL</arg>
<arg>TM</arg>
<arg>TN</arg>
<arg>TO</arg>
<arg>TR</arg>
<arg>TT</arg>
<arg>TV</arg>
<arg>TW</arg>
<arg>TZ</arg>
<arg>UA</arg>
<arg>UG</arg>
<arg>UM</arg>
<arg>US</arg>
<arg>UY</arg>
<arg>UZ</arg>
<arg>VA</arg>
<arg>VC</arg>
<arg>VE</arg>
<arg>VG</arg>
<arg>VI</arg>
<arg>VN</arg>
<arg>VU</arg>
<arg>WF</arg>
<arg>WS</arg>
<arg>XK</arg>
<arg>YE</arg>
<arg>YT</arg>
<arg>ZA</arg>
<arg>ZM</arg>
<arg>ZW</arg>
<doc>Returns a list containing given items.</doc>
<status status="PASS" start="2024-07-22T11:13:04.775218" elapsed="0.000622"/>
</kw>
<kw name="List Should Contain Value" owner="Collections">
<arg>${list_country}</arg>
<arg>${name_country}</arg>
<doc>Fails if the ``value`` is not found from ``list``.</doc>
<status status="PASS" start="2024-07-22T11:13:04.776630" elapsed="0.000199"/>
</kw>
<kw name="Run Keyword If" owner="BuiltIn">
<kw name="Should Be True" owner="BuiltIn">
<arg>${True}</arg>
<doc>Fails if the given condition is not true.</doc>
<status status="PASS" start="2024-07-22T11:13:04.777776" elapsed="0.000142"/>
</kw>
<arg>${json_data["results"][0]["location"]["coordinates"]["latitude"]} &gt;= -90 and ${json_data["results"][0]["location"]["coordinates"]["latitude"]} &lt;= 90</arg>
<arg>Should Be True</arg>
<arg>${True}</arg>
<doc>Runs the given keyword with the given arguments, if ``condition`` is true.</doc>
<status status="PASS" start="2024-07-22T11:13:04.777025" elapsed="0.001024"/>
</kw>
<kw name="Run Keyword If" owner="BuiltIn">
<kw name="Should Be True" owner="BuiltIn">
<arg>${True}</arg>
<doc>Fails if the given condition is not true.</doc>
<status status="PASS" start="2024-07-22T11:13:04.778921" elapsed="0.000278"/>
</kw>
<arg>${json_data["results"][0]["location"]["coordinates"]["longitude"]} &gt;= -180 and ${json_data["results"][0]["location"]["coordinates"]["longitude"]} &lt;= 180</arg>
<arg>Should Be True</arg>
<arg>${True}</arg>
<doc>Runs the given keyword with the given arguments, if ``condition`` is true.</doc>
<status status="PASS" start="2024-07-22T11:13:04.778227" elapsed="0.001109"/>
</kw>
<status status="PASS" start="2024-07-22T11:13:04.664770" elapsed="0.114703"/>
</kw>
<doc>Testa o conteúdo específico dos campos retornados pela API.</doc>
<tag>testeConteudo</tag>
<status status="PASS" start="2024-07-22T11:13:04.664255" elapsed="0.115370"/>
</test>
<status status="PASS" start="2024-07-22T11:13:02.884777" elapsed="1.896845"/>
</suite>
<status status="PASS" start="2024-07-22T11:13:02.870585" elapsed="1.916110"/>
</suite>
<statistics>
<total>
<stat pass="5" fail="0" skip="0">All Tests</stat>
</total>
<tag>
<stat pass="1" fail="0" skip="0">testeConteudo</stat>
<stat pass="1" fail="0" skip="0">testeEstruturaResposta</stat>
<stat pass="1" fail="0" skip="0">testeRequisicaoBasica</stat>
<stat pass="1" fail="0" skip="0">testeTiposDados</stat>
</tag>
<suite>
<stat pass="5" fail="0" skip="0" id="s1" name="Tests">Tests</stat>
<stat pass="5" fail="0" skip="0" id="s1-s1" name="Random-User-Test">Tests.Random-User-Test</stat>
</suite>
</statistics>
<errors>
</errors>
</robot>
