<?xml version="1.0" encoding="UTF-8"?>
<robot generator="Robot 7.0 (Python 3.12.3 on linux)" generated="2024-04-23T02:24:55.250819" rpa="false" schemaversion="5">
<suite id="s1" name="Tests" source="/home/runner/work/DesafioQAItauRogerioJordao/DesafioQAItauRogerioJordao/RamdonUser/tests">
<suite id="s1-s1" name="Random-User-Test" source="/home/runner/work/DesafioQAItauRogerioJordao/DesafioQAItauRogerioJordao/RamdonUser/tests/random-user-test.robot">
<test id="s1-s1-t1" name="Conectar" line="13">
<kw name="Conectar API" owner="random-user-service">
<kw name="Create Session" owner="RequestsLibrary">
<msg time="2024-04-23T02:24:55.620347" level="INFO">Creating Session using : alias=consultarAPI, url=https://randomuser.me/, headers={},                     cookies={}, auth=None, timeout=None, proxies=None, verify=False,                     debug=0 </msg>
<arg>consultarAPI</arg>
<arg>${URL}</arg>
<doc>Create Session: create a HTTP session to a server</doc>
<status status="PASS" start="2024-04-23T02:24:55.620153" elapsed="0.000364"/>
</kw>
<status status="PASS" start="2024-04-23T02:24:55.619237" elapsed="0.001626"/>
</kw>
<status status="PASS" start="2024-04-23T02:24:55.618581" elapsed="0.002472"/>
</test>
<test id="s1-s1-t2" name="Validar retorno 200 e JSON Válido" line="16">
<kw name="Teste de Requisicao Basica" owner="random-user-service">
<kw name="GET On Session" owner="RequestsLibrary">
<msg time="2024-04-23T02:24:55.916510" level="INFO">GET Request : url=https://randomuser.me/api 
 path_url=/api 
 headers={'User-Agent': 'python-requests/2.31.0', 'Accept-Encoding': 'gzip, deflate', 'Accept': '*/*', 'Connection': 'keep-alive'} 
 body=None 
 </msg>
<msg time="2024-04-23T02:24:55.916647" level="INFO">GET Response : url=https://randomuser.me/api 
 status=200, reason=OK 
 headers={'Date': 'Tue, 23 Apr 2024 02:24:55 GMT', 'Content-Type': 'application/json; charset=utf-8', 'Transfer-Encoding': 'chunked', 'Connection': 'keep-alive', 'X-Powered-By': 'Express', 'Access-Control-Allow-Origin': '*', 'Cache-Control': 'no-cache', 'ETag': 'W/"499-5SgmH/YMIP+hi8Cjb5ppVkP+s20"', 'Vary': 'Accept-Encoding', 'Content-Encoding': 'gzip', 'CF-Cache-Status': 'DYNAMIC', 'Report-To': '{"endpoints":[{"url":"https:\\/\\/a.nel.cloudflare.com\\/report\\/v4?s=cRMRGbE5WiWq3%2FMfxTb%2Bm0KXgcAgQBT6Kq6QeZ1zrqOrIjoXJttVVGILw3XrvE2ql9sSd63QG2Qb3T2oj5tiqO%2BbDrYubnIkLthrnUXoM1beU72JELlS45xXZE6Y%2FQM1"}],"group":"cf-nel","max_age":604800}', 'NEL': '{"success_fraction":0,"report_to":"cf-nel","max_age":604800}', 'Server': 'cloudflare', 'CF-RAY': '878a666d2fc86202-ORD', 'alt-svc': 'h3=":443"; ma=86400'} 
 body={"results":[{"gender":"male","name":{"title":"Mr","first":"Jordey","last":"Brabers"},"location":{"street":{"number":3425,"name":"De Wide Hoeke"},"city":"Sint-Oedenrode","state":"Friesland","country":"Netherlands","postcode":"1781 XL","coordinates":{"latitude":"34.9925","longitude":"-173.4137"},"timezone":{"offset":"-3:00","description":"Brazil, Buenos Aires, Georgetown"}},"email":"jordey.brabers@example.com","login":{"uuid":"71556c24-6d32-4811-90f5-0b5816a4d62c","username":"whitegoose119","password":"90210","salt":"yZokGhhM","md5":"a0d6128e2f6476d1ad03f52102138699","sha1":"e8e2c5c04c28ec6b3831b4cb2b7746bc5481e0e2","sha256":"5242535cad40ebc117c44c1a43111cf6b19d544d940048a1b64dd4557ff4801d"},"dob":{"date":"1985-02-18T05:59:45.682Z","age":39},"registered":{"date":"2009-03-30T19:22:29.324Z","age":15},"phone":"(0045) 727379","cell":"(06) 22241563","id":{"name":"BSN","value":"41907244"},"picture":{"large":"https://randomuser.me/api/portraits/men/53.jpg","medium":"https://randomuser.me/api/portraits/med/men/53.jpg","thumbnail":"https://randomuser.me/api/portraits/thumb/men/53.jpg"},"nat":"NL"}],"info":{"seed":"bfd80d1781f0857b","results":1,"page":1,"version":"1.4"}} 
 </msg>
<msg time="2024-04-23T02:24:55.916723" level="INFO">/opt/hostedtoolcache/Python/3.12.3/x64/lib/python3.12/site-packages/urllib3/connectionpool.py:1103: InsecureRequestWarning: Unverified HTTPS request is being made to host 'randomuser.me'. Adding certificate verification is strongly advised. See: https://urllib3.readthedocs.io/en/latest/advanced-usage.html#tls-warnings
  warnings.warn(</msg>
<msg time="2024-04-23T02:24:55.916840" level="INFO">${response} = &lt;Response [200]&gt;</msg>
<var>${response}</var>
<arg>consultarAPI</arg>
<arg>/api</arg>
<doc>Sends a GET request on a previously created HTTP Session.</doc>
<status status="PASS" start="2024-04-23T02:24:55.623767" elapsed="0.293114"/>
</kw>
<kw name="Should Be Equal As Numbers" owner="BuiltIn">
<msg time="2024-04-23T02:24:55.917899" level="INFO">Argument types are:
&lt;class 'int'&gt;
&lt;class 'str'&gt;</msg>
<arg>${response.status_code}</arg>
<arg>200</arg>
<doc>Fails if objects are unequal after converting them to real numbers.</doc>
<status status="PASS" start="2024-04-23T02:24:55.917416" elapsed="0.000548"/>
</kw>
<kw name="Log" owner="BuiltIn">
<msg time="2024-04-23T02:24:55.918670" level="INFO">200</msg>
<arg>${response.status_code}</arg>
<doc>Logs the given message with the given level.</doc>
<status status="PASS" start="2024-04-23T02:24:55.918314" elapsed="0.000399"/>
</kw>
<kw name="Set Variable" owner="BuiltIn">
<msg time="2024-04-23T02:24:55.919441" level="INFO">${json_data} = {'results': [{'gender': 'male', 'name': {'title': 'Mr', 'first': 'Jordey', 'last': 'Brabers'}, 'location': {'street': {'number': 3425, 'name': 'De Wide Hoeke'}, 'city': 'Sint-Oedenrode', 'state': 'Fri...</msg>
<var>${json_data}</var>
<arg>${response.json()}</arg>
<doc>Returns the given values which can then be assigned to a variables.</doc>
<status status="PASS" start="2024-04-23T02:24:55.919015" elapsed="0.000454"/>
</kw>
<kw name="Dictionary Should Contain Key" owner="Collections">
<msg time="2024-04-23T02:24:55.919939" level="INFO">False</msg>
<arg>${json_data}</arg>
<arg>results</arg>
<doc>Fails if ``key`` is not found from ``dictionary``.</doc>
<status status="PASS" start="2024-04-23T02:24:55.919772" elapsed="0.000207"/>
</kw>
<status status="PASS" start="2024-04-23T02:24:55.623524" elapsed="0.296713"/>
</kw>
<doc>Testa se a API responde corretamente e retorna um objeto JSON válido.</doc>
<tag>testeRequisicaoBasica</tag>
<status status="PASS" start="2024-04-23T02:24:55.622998" elapsed="0.297409"/>
</test>
<test id="s1-s1-t3" name="Validar estrutura de resposta" line="22">
<kw name="Teste de Estrutura de Resposta" owner="random-user-service">
<kw name="GET On Session" owner="RequestsLibrary">
<msg time="2024-04-23T02:24:56.024423" level="INFO">GET Request : url=https://randomuser.me/api 
 path_url=/api 
 headers={'User-Agent': 'python-requests/2.31.0', 'Accept-Encoding': 'gzip, deflate', 'Accept': '*/*', 'Connection': 'keep-alive'} 
 body=None 
 </msg>
<msg time="2024-04-23T02:24:56.024489" level="INFO">GET Response : url=https://randomuser.me/api 
 status=200, reason=OK 
 headers={'Date': 'Tue, 23 Apr 2024 02:24:56 GMT', 'Content-Type': 'application/json; charset=utf-8', 'Transfer-Encoding': 'chunked', 'Connection': 'keep-alive', 'X-Powered-By': 'Express', 'Access-Control-Allow-Origin': '*', 'Cache-Control': 'no-cache', 'ETag': 'W/"49e-qZYQx0q3Rp7dsBVAedK3XM+t20w"', 'Vary': 'Accept-Encoding', 'Content-Encoding': 'gzip', 'CF-Cache-Status': 'DYNAMIC', 'Report-To': '{"endpoints":[{"url":"https:\\/\\/a.nel.cloudflare.com\\/report\\/v4?s=Y6CPHVmXDpmfsXEK5Qv2h%2BM7Ni4XHm5ZmZ8zU2M8SqxCP2W6pnoNR%2BcLSXnzf185%2FzeGNkdoVrE9yRvJKgouShfY3j%2BXRDM8ekxrfjMyHM%2Fdu1bqbGV7QExIZxMweOSh"}],"group":"cf-nel","max_age":604800}', 'NEL': '{"success_fraction":0,"report_to":"cf-nel","max_age":604800}', 'Server': 'cloudflare', 'CF-RAY': '878a666d881c6202-ORD', 'alt-svc': 'h3=":443"; ma=86400'} 
 body={"results":[{"gender":"female","name":{"title":"Miss","first":"Rose","last":"Ambrose"},"location":{"street":{"number":8993,"name":"Concession Road 23"},"city":"Souris","state":"Prince Edward Island","country":"Canada","postcode":"B7P 4E8","coordinates":{"latitude":"-64.4555","longitude":"129.8681"},"timezone":{"offset":"+2:00","description":"Kaliningrad, South Africa"}},"email":"rose.ambrose@example.com","login":{"uuid":"e018e4cb-5d32-4239-8ae0-81d57bb1c723","username":"beautifullion208","password":"tucker","salt":"3mljnKWN","md5":"9937939e5d9c815f1e89338b8e62e053","sha1":"f1d9ee926903f97f4ab1cd0a62be87bce63aea43","sha256":"8e755b3c52403941e59c4a7e9bc2516e4a136ccf607e17596d261255df333080"},"dob":{"date":"1990-12-17T07:35:22.813Z","age":33},"registered":{"date":"2009-07-17T20:20:05.865Z","age":14},"phone":"S70 U41-2090","cell":"D25 Z89-0349","id":{"name":"SIN","value":"290425701"},"picture":{"large":"https://randomuser.me/api/portraits/women/46.jpg","medium":"https://randomuser.me/api/portraits/med/women/46.jpg","thumbnail":"https://randomuser.me/api/portraits/thumb/women/46.jpg"},"nat":"CA"}],"info":{"seed":"22321b2b90155a6f","results":1,"page":1,"version":"1.4"}} 
 </msg>
<msg time="2024-04-23T02:24:56.024584" level="INFO">/opt/hostedtoolcache/Python/3.12.3/x64/lib/python3.12/site-packages/urllib3/connectionpool.py:1103: InsecureRequestWarning: Unverified HTTPS request is being made to host 'randomuser.me'. Adding certificate verification is strongly advised. See: https://urllib3.readthedocs.io/en/latest/advanced-usage.html#tls-warnings
  warnings.warn(</msg>
<msg time="2024-04-23T02:24:56.024677" level="INFO">${response} = &lt;Response [200]&gt;</msg>
<var>${response}</var>
<arg>consultarAPI</arg>
<arg>/api</arg>
<doc>Sends a GET request on a previously created HTTP Session.</doc>
<status status="PASS" start="2024-04-23T02:24:55.923109" elapsed="0.101603"/>
</kw>
<kw name="Set Variable" owner="BuiltIn">
<msg time="2024-04-23T02:24:56.025616" level="INFO">${json_data} = {'results': [{'gender': 'female', 'name': {'title': 'Miss', 'first': 'Rose', 'last': 'Ambrose'}, 'location': {'street': {'number': 8993, 'name': 'Concession Road 23'}, 'city': 'Souris', 'state': 'Prin...</msg>
<var>${json_data}</var>
<arg>${response.json()}</arg>
<doc>Returns the given values which can then be assigned to a variables.</doc>
<status status="PASS" start="2024-04-23T02:24:56.025118" elapsed="0.000528"/>
</kw>
<kw name="Log" owner="BuiltIn">
<msg time="2024-04-23T02:24:56.026123" level="INFO">{'results': [{'gender': 'female', 'name': {'title': 'Miss', 'first': 'Rose', 'last': 'Ambrose'}, 'location': {'street': {'number': 8993, 'name': 'Concession Road 23'}, 'city': 'Souris', 'state': 'Prince Edward Island', 'country': 'Canada', 'postcode': 'B7P 4E8', 'coordinates': {'latitude': '-64.4555', 'longitude': '129.8681'}, 'timezone': {'offset': '+2:00', 'description': 'Kaliningrad, South Africa'}}, 'email': 'rose.ambrose@example.com', 'login': {'uuid': 'e018e4cb-5d32-4239-8ae0-81d57bb1c723', 'username': 'beautifullion208', 'password': 'tucker', 'salt': '3mljnKWN', 'md5': '9937939e5d9c815f1e89338b8e62e053', 'sha1': 'f1d9ee926903f97f4ab1cd0a62be87bce63aea43', 'sha256': '8e755b3c52403941e59c4a7e9bc2516e4a136ccf607e17596d261255df333080'}, 'dob': {'date': '1990-12-17T07:35:22.813Z', 'age': 33}, 'registered': {'date': '2009-07-17T20:20:05.865Z', 'age': 14}, 'phone': 'S70 U41-2090', 'cell': 'D25 Z89-0349', 'id': {'name': 'SIN', 'value': '290425701'}, 'picture': {'large': 'https://randomuser.me/api/portraits/women/46.jpg', 'medium': 'https://randomuser.me/api/portraits/med/women/46.jpg', 'thumbnail': 'https://randomuser.me/api/portraits/thumb/women/46.jpg'}, 'nat': 'CA'}], 'info': {'seed': '22321b2b90155a6f', 'results': 1, 'page': 1, 'version': '1.4'}}</msg>
<arg>${json_data}</arg>
<doc>Logs the given message with the given level.</doc>
<status status="PASS" start="2024-04-23T02:24:56.025965" elapsed="0.000208"/>
</kw>
<kw name="Dictionary Should Contain Key" owner="Collections">
<msg time="2024-04-23T02:24:56.026632" level="INFO">False</msg>
<arg>${json_data}</arg>
<arg>results</arg>
<doc>Fails if ``key`` is not found from ``dictionary``.</doc>
<status status="PASS" start="2024-04-23T02:24:56.026476" elapsed="0.000196"/>
</kw>
<kw name="Should Not Be Empty" owner="BuiltIn">
<msg time="2024-04-23T02:24:56.027114" level="INFO">Length is 2.</msg>
<arg>${json_data}</arg>
<doc>Verifies that the given item is not empty.</doc>
<status status="PASS" start="2024-04-23T02:24:56.026972" elapsed="0.000305"/>
</kw>
<kw name="Create List" owner="BuiltIn">
<msg time="2024-04-23T02:24:56.027734" level="INFO">${expected_keys} = ['gender', 'name', 'location', 'email', 'login']</msg>
<var>${expected_keys}</var>
<arg>gender</arg>
<arg>name</arg>
<arg>location</arg>
<arg>email</arg>
<arg>login</arg>
<doc>Returns a list containing given items.</doc>
<status status="PASS" start="2024-04-23T02:24:56.027578" elapsed="0.000182"/>
</kw>
<for flavor="IN">
<iter>
<kw name="Dictionary Should Contain Key" owner="Collections">
<msg time="2024-04-23T02:24:56.028729" level="INFO">False</msg>
<arg>${json_data['results'][0]}</arg>
<arg>${key}</arg>
<doc>Fails if ``key`` is not found from ``dictionary``.</doc>
<status status="PASS" start="2024-04-23T02:24:56.028328" elapsed="0.000440"/>
</kw>
<kw name="Log" owner="BuiltIn">
<msg time="2024-04-23T02:24:56.029482" level="INFO">{'gender': 'female', 'name': {'title': 'Miss', 'first': 'Rose', 'last': 'Ambrose'}, 'location': {'street': {'number': 8993, 'name': 'Concession Road 23'}, 'city': 'Souris', 'state': 'Prince Edward Island', 'country': 'Canada', 'postcode': 'B7P 4E8', 'coordinates': {'latitude': '-64.4555', 'longitude': '129.8681'}, 'timezone': {'offset': '+2:00', 'description': 'Kaliningrad, South Africa'}}, 'email': 'rose.ambrose@example.com', 'login': {'uuid': 'e018e4cb-5d32-4239-8ae0-81d57bb1c723', 'username': 'beautifullion208', 'password': 'tucker', 'salt': '3mljnKWN', 'md5': '9937939e5d9c815f1e89338b8e62e053', 'sha1': 'f1d9ee926903f97f4ab1cd0a62be87bce63aea43', 'sha256': '8e755b3c52403941e59c4a7e9bc2516e4a136ccf607e17596d261255df333080'}, 'dob': {'date': '1990-12-17T07:35:22.813Z', 'age': 33}, 'registered': {'date': '2009-07-17T20:20:05.865Z', 'age': 14}, 'phone': 'S70 U41-2090', 'cell': 'D25 Z89-0349', 'id': {'name': 'SIN', 'value': '290425701'}, 'picture': {'large': 'https://randomuser.me/api/portraits/women/46.jpg', 'medium': 'https://randomuser.me/api/portraits/med/women/46.jpg', 'thumbnail': 'https://randomuser.me/api/portraits/thumb/women/46.jpg'}, 'nat': 'CA'}</msg>
<arg>${json_data['results'][0]}</arg>
<doc>Logs the given message with the given level.</doc>
<status status="PASS" start="2024-04-23T02:24:56.029078" elapsed="0.000454"/>
</kw>
<kw name="Log" owner="BuiltIn">
<msg time="2024-04-23T02:24:56.029962" level="INFO">gender</msg>
<arg>${key}</arg>
<doc>Logs the given message with the given level.</doc>
<status status="PASS" start="2024-04-23T02:24:56.029832" elapsed="0.000169"/>
</kw>
<var name="${key}">gender</var>
<status status="PASS" start="2024-04-23T02:24:56.028201" elapsed="0.002016"/>
</iter>
<iter>
<kw name="Dictionary Should Contain Key" owner="Collections">
<msg time="2024-04-23T02:24:56.030910" level="INFO">False</msg>
<arg>${json_data['results'][0]}</arg>
<arg>${key}</arg>
<doc>Fails if ``key`` is not found from ``dictionary``.</doc>
<status status="PASS" start="2024-04-23T02:24:56.030529" elapsed="0.000419"/>
</kw>
<kw name="Log" owner="BuiltIn">
<msg time="2024-04-23T02:24:56.031636" level="INFO">{'gender': 'female', 'name': {'title': 'Miss', 'first': 'Rose', 'last': 'Ambrose'}, 'location': {'street': {'number': 8993, 'name': 'Concession Road 23'}, 'city': 'Souris', 'state': 'Prince Edward Island', 'country': 'Canada', 'postcode': 'B7P 4E8', 'coordinates': {'latitude': '-64.4555', 'longitude': '129.8681'}, 'timezone': {'offset': '+2:00', 'description': 'Kaliningrad, South Africa'}}, 'email': 'rose.ambrose@example.com', 'login': {'uuid': 'e018e4cb-5d32-4239-8ae0-81d57bb1c723', 'username': 'beautifullion208', 'password': 'tucker', 'salt': '3mljnKWN', 'md5': '9937939e5d9c815f1e89338b8e62e053', 'sha1': 'f1d9ee926903f97f4ab1cd0a62be87bce63aea43', 'sha256': '8e755b3c52403941e59c4a7e9bc2516e4a136ccf607e17596d261255df333080'}, 'dob': {'date': '1990-12-17T07:35:22.813Z', 'age': 33}, 'registered': {'date': '2009-07-17T20:20:05.865Z', 'age': 14}, 'phone': 'S70 U41-2090', 'cell': 'D25 Z89-0349', 'id': {'name': 'SIN', 'value': '290425701'}, 'picture': {'large': 'https://randomuser.me/api/portraits/women/46.jpg', 'medium': 'https://randomuser.me/api/portraits/med/women/46.jpg', 'thumbnail': 'https://randomuser.me/api/portraits/thumb/women/46.jpg'}, 'nat': 'CA'}</msg>
<arg>${json_data['results'][0]}</arg>
<doc>Logs the given message with the given level.</doc>
<status status="PASS" start="2024-04-23T02:24:56.031269" elapsed="0.000415"/>
</kw>
<kw name="Log" owner="BuiltIn">
<msg time="2024-04-23T02:24:56.032110" level="INFO">name</msg>
<arg>${key}</arg>
<doc>Logs the given message with the given level.</doc>
<status status="PASS" start="2024-04-23T02:24:56.031983" elapsed="0.000166"/>
</kw>
<var name="${key}">name</var>
<status status="PASS" start="2024-04-23T02:24:56.030407" elapsed="0.001957"/>
</iter>
<iter>
<kw name="Dictionary Should Contain Key" owner="Collections">
<msg time="2024-04-23T02:24:56.033036" level="INFO">False</msg>
<arg>${json_data['results'][0]}</arg>
<arg>${key}</arg>
<doc>Fails if ``key`` is not found from ``dictionary``.</doc>
<status status="PASS" start="2024-04-23T02:24:56.032655" elapsed="0.000420"/>
</kw>
<kw name="Log" owner="BuiltIn">
<msg time="2024-04-23T02:24:56.033764" level="INFO">{'gender': 'female', 'name': {'title': 'Miss', 'first': 'Rose', 'last': 'Ambrose'}, 'location': {'street': {'number': 8993, 'name': 'Concession Road 23'}, 'city': 'Souris', 'state': 'Prince Edward Island', 'country': 'Canada', 'postcode': 'B7P 4E8', 'coordinates': {'latitude': '-64.4555', 'longitude': '129.8681'}, 'timezone': {'offset': '+2:00', 'description': 'Kaliningrad, South Africa'}}, 'email': 'rose.ambrose@example.com', 'login': {'uuid': 'e018e4cb-5d32-4239-8ae0-81d57bb1c723', 'username': 'beautifullion208', 'password': 'tucker', 'salt': '3mljnKWN', 'md5': '9937939e5d9c815f1e89338b8e62e053', 'sha1': 'f1d9ee926903f97f4ab1cd0a62be87bce63aea43', 'sha256': '8e755b3c52403941e59c4a7e9bc2516e4a136ccf607e17596d261255df333080'}, 'dob': {'date': '1990-12-17T07:35:22.813Z', 'age': 33}, 'registered': {'date': '2009-07-17T20:20:05.865Z', 'age': 14}, 'phone': 'S70 U41-2090', 'cell': 'D25 Z89-0349', 'id': {'name': 'SIN', 'value': '290425701'}, 'picture': {'large': 'https://randomuser.me/api/portraits/women/46.jpg', 'medium': 'https://randomuser.me/api/portraits/med/women/46.jpg', 'thumbnail': 'https://randomuser.me/api/portraits/thumb/women/46.jpg'}, 'nat': 'CA'}</msg>
<arg>${json_data['results'][0]}</arg>
<doc>Logs the given message with the given level.</doc>
<status status="PASS" start="2024-04-23T02:24:56.033404" elapsed="0.000409"/>
</kw>
<kw name="Log" owner="BuiltIn">
<msg time="2024-04-23T02:24:56.034238" level="INFO">location</msg>
<arg>${key}</arg>
<doc>Logs the given message with the given level.</doc>
<status status="PASS" start="2024-04-23T02:24:56.034113" elapsed="0.000163"/>
</kw>
<var name="${key}">location</var>
<status status="PASS" start="2024-04-23T02:24:56.032544" elapsed="0.001962"/>
</iter>
<iter>
<kw name="Dictionary Should Contain Key" owner="Collections">
<msg time="2024-04-23T02:24:56.035213" level="INFO">False</msg>
<arg>${json_data['results'][0]}</arg>
<arg>${key}</arg>
<doc>Fails if ``key`` is not found from ``dictionary``.</doc>
<status status="PASS" start="2024-04-23T02:24:56.034797" elapsed="0.000455"/>
</kw>
<kw name="Log" owner="BuiltIn">
<msg time="2024-04-23T02:24:56.035951" level="INFO">{'gender': 'female', 'name': {'title': 'Miss', 'first': 'Rose', 'last': 'Ambrose'}, 'location': {'street': {'number': 8993, 'name': 'Concession Road 23'}, 'city': 'Souris', 'state': 'Prince Edward Island', 'country': 'Canada', 'postcode': 'B7P 4E8', 'coordinates': {'latitude': '-64.4555', 'longitude': '129.8681'}, 'timezone': {'offset': '+2:00', 'description': 'Kaliningrad, South Africa'}}, 'email': 'rose.ambrose@example.com', 'login': {'uuid': 'e018e4cb-5d32-4239-8ae0-81d57bb1c723', 'username': 'beautifullion208', 'password': 'tucker', 'salt': '3mljnKWN', 'md5': '9937939e5d9c815f1e89338b8e62e053', 'sha1': 'f1d9ee926903f97f4ab1cd0a62be87bce63aea43', 'sha256': '8e755b3c52403941e59c4a7e9bc2516e4a136ccf607e17596d261255df333080'}, 'dob': {'date': '1990-12-17T07:35:22.813Z', 'age': 33}, 'registered': {'date': '2009-07-17T20:20:05.865Z', 'age': 14}, 'phone': 'S70 U41-2090', 'cell': 'D25 Z89-0349', 'id': {'name': 'SIN', 'value': '290425701'}, 'picture': {'large': 'https://randomuser.me/api/portraits/women/46.jpg', 'medium': 'https://randomuser.me/api/portraits/med/women/46.jpg', 'thumbnail': 'https://randomuser.me/api/portraits/thumb/women/46.jpg'}, 'nat': 'CA'}</msg>
<arg>${json_data['results'][0]}</arg>
<doc>Logs the given message with the given level.</doc>
<status status="PASS" start="2024-04-23T02:24:56.035561" elapsed="0.000438"/>
</kw>
<kw name="Log" owner="BuiltIn">
<msg time="2024-04-23T02:24:56.036421" level="INFO">email</msg>
<arg>${key}</arg>
<doc>Logs the given message with the given level.</doc>
<status status="PASS" start="2024-04-23T02:24:56.036294" elapsed="0.000165"/>
</kw>
<var name="${key}">email</var>
<status status="PASS" start="2024-04-23T02:24:56.034685" elapsed="0.001987"/>
</iter>
<iter>
<kw name="Dictionary Should Contain Key" owner="Collections">
<msg time="2024-04-23T02:24:56.037377" level="INFO">False</msg>
<arg>${json_data['results'][0]}</arg>
<arg>${key}</arg>
<doc>Fails if ``key`` is not found from ``dictionary``.</doc>
<status status="PASS" start="2024-04-23T02:24:56.036957" elapsed="0.000459"/>
</kw>
<kw name="Log" owner="BuiltIn">
<msg time="2024-04-23T02:24:56.038087" level="INFO">{'gender': 'female', 'name': {'title': 'Miss', 'first': 'Rose', 'last': 'Ambrose'}, 'location': {'street': {'number': 8993, 'name': 'Concession Road 23'}, 'city': 'Souris', 'state': 'Prince Edward Island', 'country': 'Canada', 'postcode': 'B7P 4E8', 'coordinates': {'latitude': '-64.4555', 'longitude': '129.8681'}, 'timezone': {'offset': '+2:00', 'description': 'Kaliningrad, South Africa'}}, 'email': 'rose.ambrose@example.com', 'login': {'uuid': 'e018e4cb-5d32-4239-8ae0-81d57bb1c723', 'username': 'beautifullion208', 'password': 'tucker', 'salt': '3mljnKWN', 'md5': '9937939e5d9c815f1e89338b8e62e053', 'sha1': 'f1d9ee926903f97f4ab1cd0a62be87bce63aea43', 'sha256': '8e755b3c52403941e59c4a7e9bc2516e4a136ccf607e17596d261255df333080'}, 'dob': {'date': '1990-12-17T07:35:22.813Z', 'age': 33}, 'registered': {'date': '2009-07-17T20:20:05.865Z', 'age': 14}, 'phone': 'S70 U41-2090', 'cell': 'D25 Z89-0349', 'id': {'name': 'SIN', 'value': '290425701'}, 'picture': {'large': 'https://randomuser.me/api/portraits/women/46.jpg', 'medium': 'https://randomuser.me/api/portraits/med/women/46.jpg', 'thumbnail': 'https://randomuser.me/api/portraits/thumb/women/46.jpg'}, 'nat': 'CA'}</msg>
<arg>${json_data['results'][0]}</arg>
<doc>Logs the given message with the given level.</doc>
<status status="PASS" start="2024-04-23T02:24:56.037719" elapsed="0.000416"/>
</kw>
<kw name="Log" owner="BuiltIn">
<msg time="2024-04-23T02:24:56.038559" level="INFO">login</msg>
<arg>${key}</arg>
<doc>Logs the given message with the given level.</doc>
<status status="PASS" start="2024-04-23T02:24:56.038433" elapsed="0.000164"/>
</kw>
<var name="${key}">login</var>
<status status="PASS" start="2024-04-23T02:24:56.036845" elapsed="0.001999"/>
</iter>
<var>${key}</var>
<value>@{expected_keys}</value>
<status status="PASS" start="2024-04-23T02:24:56.028019" elapsed="0.010949"/>
</for>
<kw name="Create List" owner="BuiltIn">
<msg time="2024-04-23T02:24:56.039300" level="INFO">${expected_keysTwo} = ['username', 'password']</msg>
<var>${expected_keysTwo}</var>
<arg>username</arg>
<arg>password</arg>
<doc>Returns a list containing given items.</doc>
<status status="PASS" start="2024-04-23T02:24:56.039164" elapsed="0.000159"/>
</kw>
<for flavor="IN">
<iter>
<kw name="Dictionary Should Contain Key" owner="Collections">
<msg time="2024-04-23T02:24:56.040213" level="INFO">False</msg>
<arg>${json_data['results'][0]['login']}</arg>
<arg>${keyTwo}</arg>
<doc>Fails if ``key`` is not found from ``dictionary``.</doc>
<status status="PASS" start="2024-04-23T02:24:56.039824" elapsed="0.000426"/>
</kw>
<kw name="Dictionary Should Contain Key" owner="Collections">
<msg time="2024-04-23T02:24:56.040932" level="INFO">False</msg>
<arg>${json_data['results'][0]['login']}</arg>
<arg>${keyTwo}</arg>
<doc>Fails if ``key`` is not found from ``dictionary``.</doc>
<status status="PASS" start="2024-04-23T02:24:56.040545" elapsed="0.000424"/>
</kw>
<kw name="Log" owner="BuiltIn">
<msg time="2024-04-23T02:24:56.041420" level="INFO">username</msg>
<arg>${keyTwo}</arg>
<doc>Logs the given message with the given level.</doc>
<status status="PASS" start="2024-04-23T02:24:56.041281" elapsed="0.000181"/>
</kw>
<var name="${keyTwo}">username</var>
<status status="PASS" start="2024-04-23T02:24:56.039709" elapsed="0.001970"/>
</iter>
<iter>
<kw name="Dictionary Should Contain Key" owner="Collections">
<msg time="2024-04-23T02:24:56.042429" level="INFO">False</msg>
<arg>${json_data['results'][0]['login']}</arg>
<arg>${keyTwo}</arg>
<doc>Fails if ``key`` is not found from ``dictionary``.</doc>
<status status="PASS" start="2024-04-23T02:24:56.041963" elapsed="0.000510"/>
</kw>
<kw name="Dictionary Should Contain Key" owner="Collections">
<msg time="2024-04-23T02:24:56.043144" level="INFO">False</msg>
<arg>${json_data['results'][0]['login']}</arg>
<arg>${keyTwo}</arg>
<doc>Fails if ``key`` is not found from ``dictionary``.</doc>
<status status="PASS" start="2024-04-23T02:24:56.042770" elapsed="0.000409"/>
</kw>
<kw name="Log" owner="BuiltIn">
<msg time="2024-04-23T02:24:56.043592" level="INFO">password</msg>
<arg>${keyTwo}</arg>
<doc>Logs the given message with the given level.</doc>
<status status="PASS" start="2024-04-23T02:24:56.043468" elapsed="0.000159"/>
</kw>
<var name="${keyTwo}">password</var>
<status status="PASS" start="2024-04-23T02:24:56.041852" elapsed="0.001990"/>
</iter>
<var>${keyTwo}</var>
<value>@{expected_keysTwo}</value>
<status status="PASS" start="2024-04-23T02:24:56.039557" elapsed="0.004406"/>
</for>
<status status="PASS" start="2024-04-23T02:24:55.922870" elapsed="0.121233"/>
</kw>
<doc>Testa a estrutura da resposta da API.</doc>
<tag>testeEstruturaResposta</tag>
<status status="PASS" start="2024-04-23T02:24:55.922287" elapsed="0.121962"/>
</test>
<test id="s1-s1-t4" name="Validar tipos de dados" line="28">
<kw name="Teste de Tipos de Dados" owner="random-user-service">
<kw name="GET On Session" owner="RequestsLibrary">
<msg time="2024-04-23T02:24:56.109992" level="INFO">GET Request : url=https://randomuser.me/api 
 path_url=/api 
 headers={'User-Agent': 'python-requests/2.31.0', 'Accept-Encoding': 'gzip, deflate', 'Accept': '*/*', 'Connection': 'keep-alive'} 
 body=None 
 </msg>
<msg time="2024-04-23T02:24:56.110075" level="INFO">GET Response : url=https://randomuser.me/api 
 status=200, reason=OK 
 headers={'Date': 'Tue, 23 Apr 2024 02:24:56 GMT', 'Content-Type': 'application/json; charset=utf-8', 'Transfer-Encoding': 'chunked', 'Connection': 'keep-alive', 'X-Powered-By': 'Express', 'Access-Control-Allow-Origin': '*', 'Cache-Control': 'no-cache', 'ETag': 'W/"498-ujNUs5iFsOG0fXhFjBLxbmCnkSs"', 'Vary': 'Accept-Encoding', 'Content-Encoding': 'gzip', 'CF-Cache-Status': 'DYNAMIC', 'Report-To': '{"endpoints":[{"url":"https:\\/\\/a.nel.cloudflare.com\\/report\\/v4?s=2IlK3vZ93UR6LsCJrDu0yvpZA%2BUNDhijc3K4BJLBmb%2BowS8LxUmmMMfeeEbUkwefvrzlY6W67gg5dEiuS4ycjBiqD8RKMRDw0nkETidzQzpOsEZC%2BzEEVpZ3TjiAHxX4"}],"group":"cf-nel","max_age":604800}', 'NEL': '{"success_fraction":0,"report_to":"cf-nel","max_age":604800}', 'Server': 'cloudflare', 'CF-RAY': '878a666e49226202-ORD', 'alt-svc': 'h3=":443"; ma=86400'} 
 body={"results":[{"gender":"female","name":{"title":"Ms","first":"Sofiya","last":"Babichenko"},"location":{"street":{"number":7140,"name":"Pashkivska"},"city":"Chornobil","state":"Ternopilska","country":"Ukraine","postcode":97873,"coordinates":{"latitude":"73.2507","longitude":"70.0233"},"timezone":{"offset":"+10:00","description":"Eastern Australia, Guam, Vladivostok"}},"email":"sofiya.babichenko@example.com","login":{"uuid":"d0efbafc-fd13-4025-8267-c6bccf22cf76","username":"heavyrabbit465","password":"hannibal","salt":"Yemdivdk","md5":"ca27d5bea489d10e020f2e88af0d624d","sha1":"ac50c774494d313579424fcf3e3be8643b1eacef","sha256":"eb601993e80dd5d409f1cf63c46cd2f592bb6dd8e87aff32053ef1d71408ef56"},"dob":{"date":"1984-04-28T07:35:44.036Z","age":39},"registered":{"date":"2018-03-15T00:54:48.406Z","age":6},"phone":"(099) D17-9440","cell":"(066) P14-3675","id":{"name":"","value":null},"picture":{"large":"https://randomuser.me/api/portraits/women/75.jpg","medium":"https://randomuser.me/api/portraits/med/women/75.jpg","thumbnail":"https://randomuser.me/api/portraits/thumb/women/75.jpg"},"nat":"UA"}],"info":{"seed":"b08b9b1ef2b2c1d3","results":1,"page":1,"version":"1.4"}} 
 </msg>
<msg time="2024-04-23T02:24:56.110129" level="INFO">/opt/hostedtoolcache/Python/3.12.3/x64/lib/python3.12/site-packages/urllib3/connectionpool.py:1103: InsecureRequestWarning: Unverified HTTPS request is being made to host 'randomuser.me'. Adding certificate verification is strongly advised. See: https://urllib3.readthedocs.io/en/latest/advanced-usage.html#tls-warnings
  warnings.warn(</msg>
<msg time="2024-04-23T02:24:56.110217" level="INFO">${response} = &lt;Response [200]&gt;</msg>
<var>${response}</var>
<arg>consultarAPI</arg>
<arg>/api</arg>
<doc>Sends a GET request on a previously created HTTP Session.</doc>
<status status="PASS" start="2024-04-23T02:24:56.046824" elapsed="0.063435"/>
</kw>
<kw name="Set Variable" owner="BuiltIn">
<msg time="2024-04-23T02:24:56.111254" level="INFO">${json_data} = {'results': [{'gender': 'female', 'name': {'title': 'Ms', 'first': 'Sofiya', 'last': 'Babichenko'}, 'location': {'street': {'number': 7140, 'name': 'Pashkivska'}, 'city': 'Chornobil', 'state': 'Ternop...</msg>
<var>${json_data}</var>
<arg>${response.json()}</arg>
<doc>Returns the given values which can then be assigned to a variables.</doc>
<status status="PASS" start="2024-04-23T02:24:56.110705" elapsed="0.000577"/>
</kw>
<kw name="Log" owner="BuiltIn">
<msg time="2024-04-23T02:24:56.111745" level="INFO">{'results': [{'gender': 'female', 'name': {'title': 'Ms', 'first': 'Sofiya', 'last': 'Babichenko'}, 'location': {'street': {'number': 7140, 'name': 'Pashkivska'}, 'city': 'Chornobil', 'state': 'Ternopilska', 'country': 'Ukraine', 'postcode': 97873, 'coordinates': {'latitude': '73.2507', 'longitude': '70.0233'}, 'timezone': {'offset': '+10:00', 'description': 'Eastern Australia, Guam, Vladivostok'}}, 'email': 'sofiya.babichenko@example.com', 'login': {'uuid': 'd0efbafc-fd13-4025-8267-c6bccf22cf76', 'username': 'heavyrabbit465', 'password': 'hannibal', 'salt': 'Yemdivdk', 'md5': 'ca27d5bea489d10e020f2e88af0d624d', 'sha1': 'ac50c774494d313579424fcf3e3be8643b1eacef', 'sha256': 'eb601993e80dd5d409f1cf63c46cd2f592bb6dd8e87aff32053ef1d71408ef56'}, 'dob': {'date': '1984-04-28T07:35:44.036Z', 'age': 39}, 'registered': {'date': '2018-03-15T00:54:48.406Z', 'age': 6}, 'phone': '(099) D17-9440', 'cell': '(066) P14-3675', 'id': {'name': '', 'value': None}, 'picture': {'large': 'https://randomuser.me/api/portraits/women/75.jpg', 'medium': 'https://randomuser.me/api/portraits/med/women/75.jpg', 'thumbnail': 'https://randomuser.me/api/portraits/thumb/women/75.jpg'}, 'nat': 'UA'}], 'info': {'seed': 'b08b9b1ef2b2c1d3', 'results': 1, 'page': 1, 'version': '1.4'}}</msg>
<arg>${json_data}</arg>
<doc>Logs the given message with the given level.</doc>
<status status="PASS" start="2024-04-23T02:24:56.111591" elapsed="0.000233"/>
</kw>
<kw name="Should Be String" owner="String">
<arg>${json_data['results'][0]['gender']}</arg>
<doc>Fails if the given ``item`` is not a string.</doc>
<status status="PASS" start="2024-04-23T02:24:56.112125" elapsed="0.000356"/>
</kw>
<kw name="Should Match Regexp" owner="BuiltIn">
<arg>${json_data['results'][0]['email']}</arg>
<arg>^[a-zA-Z0-9._%+-]+@[a-zA-Z0-9.-]+\.[a-zA-Z]{2,}$</arg>
<doc>Fails if ``string`` does not match ``pattern`` as a regular expression.</doc>
<status status="PASS" start="2024-04-23T02:24:56.112684" elapsed="0.000498"/>
</kw>
<kw name="Should Match Regexp" owner="BuiltIn">
<arg>${json_data['results'][0]['dob']['date']}</arg>
<arg>\\d{4}-\\d{2}-\\d{2}T\\d{2}:\\d{2}:\\d{2}\\.\\d{3}Z</arg>
<doc>Fails if ``string`` does not match ``pattern`` as a regular expression.</doc>
<status status="PASS" start="2024-04-23T02:24:56.113436" elapsed="0.000497"/>
</kw>
<kw name="Should Match Regexp" owner="BuiltIn">
<arg>${json_data['results'][0]['registered']['date']}</arg>
<arg>\\d{4}-\\d{2}-\\d{2}T\\d{2}:\\d{2}:\\d{2}\\.\\d{3}Z</arg>
<doc>Fails if ``string`` does not match ``pattern`` as a regular expression.</doc>
<status status="PASS" start="2024-04-23T02:24:56.114127" elapsed="0.000365"/>
</kw>
<kw name="Should Match Regexp" owner="BuiltIn">
<arg>${json_data['results'][0]['picture']['large']}</arg>
<arg>^https?://.*\.(?:png|jpe?g|gif|bmp)$</arg>
<doc>Fails if ``string`` does not match ``pattern`` as a regular expression.</doc>
<status status="PASS" start="2024-04-23T02:24:56.114684" elapsed="0.000462"/>
</kw>
<kw name="Should Match Regexp" owner="BuiltIn">
<arg>${json_data['results'][0]['picture']['medium']}</arg>
<arg>^https?://.*\.(?:png|jpe?g|gif|bmp)$</arg>
<doc>Fails if ``string`` does not match ``pattern`` as a regular expression.</doc>
<status status="PASS" start="2024-04-23T02:24:56.115335" elapsed="0.000365"/>
</kw>
<kw name="Should Match Regexp" owner="BuiltIn">
<arg>${json_data['results'][0]['picture']['thumbnail']}</arg>
<arg>^https?://.*\.(?:png|jpe?g|gif|bmp)$</arg>
<doc>Fails if ``string`` does not match ``pattern`` as a regular expression.</doc>
<status status="PASS" start="2024-04-23T02:24:56.115890" elapsed="0.000353"/>
</kw>
<kw name="Log" owner="BuiltIn">
<msg time="2024-04-23T02:24:56.116744" level="INFO">{'large': 'https://randomuser.me/api/portraits/women/75.jpg', 'medium': 'https://randomuser.me/api/portraits/med/women/75.jpg', 'thumbnail': 'https://randomuser.me/api/portraits/thumb/women/75.jpg'}</msg>
<arg>${json_data['results'][0]['picture']}</arg>
<doc>Logs the given message with the given level.</doc>
<status status="PASS" start="2024-04-23T02:24:56.116422" elapsed="0.000363"/>
</kw>
<status status="PASS" start="2024-04-23T02:24:56.046602" elapsed="0.070432"/>
</kw>
<kw name="Teste de Tipos de Dados - Postcode" owner="random-user-service">
<kw name="GET On Session" owner="RequestsLibrary">
<msg time="2024-04-23T02:24:56.215566" level="INFO">GET Request : url=https://randomuser.me/api 
 path_url=/api 
 headers={'User-Agent': 'python-requests/2.31.0', 'Accept-Encoding': 'gzip, deflate', 'Accept': '*/*', 'Connection': 'keep-alive'} 
 body=None 
 </msg>
<msg time="2024-04-23T02:24:56.215649" level="INFO">GET Response : url=https://randomuser.me/api 
 status=200, reason=OK 
 headers={'Date': 'Tue, 23 Apr 2024 02:24:56 GMT', 'Content-Type': 'application/json; charset=utf-8', 'Transfer-Encoding': 'chunked', 'Connection': 'keep-alive', 'X-Powered-By': 'Express', 'Access-Control-Allow-Origin': '*', 'Cache-Control': 'no-cache', 'ETag': 'W/"47f-lBpQ5mOh8ZdETyOsd5mGqo2wgyY"', 'Vary': 'Accept-Encoding', 'Content-Encoding': 'gzip', 'CF-Cache-Status': 'DYNAMIC', 'Report-To': '{"endpoints":[{"url":"https:\\/\\/a.nel.cloudflare.com\\/report\\/v4?s=7fAAhUs5IB%2FmPMKlj9EKXhF9zuvBccFcJNOsJYfasAh%2F%2BkhiC9Gz%2FvHCTdOX7m6%2FxBk8%2BcfmjNLY0ksJL1979ENjrfOqX4UWMV%2BaqcxOsh6Ajju6XR3rKtx3H0AhdYvs"}],"group":"cf-nel","max_age":604800}', 'NEL': '{"success_fraction":0,"report_to":"cf-nel","max_age":604800}', 'Server': 'cloudflare', 'CF-RAY': '878a666eb9ca6202-ORD', 'alt-svc': 'h3=":443"; ma=86400'} 
 body={"results":[{"gender":"female","name":{"title":"Ms","first":"Milagros","last":"Herrero"},"location":{"street":{"number":6966,"name":"Calle de Tetuán"},"city":"Valencia","state":"La Rioja","country":"Spain","postcode":49803,"coordinates":{"latitude":"-36.5287","longitude":"66.8787"},"timezone":{"offset":"-3:30","description":"Newfoundland"}},"email":"milagros.herrero@example.com","login":{"uuid":"a6c4baec-75a1-4f1f-a359-419aaeedec2d","username":"organicfish211","password":"fang","salt":"tOg0g04n","md5":"836ae92e0d55bf8721ce2bf892f519f1","sha1":"b736fdbeede2fd29fe71395090b586cc2ce775e2","sha256":"974ef4192a6319010c6bba61f4b678bd0be76122cc85fe3bbf4f0a423f42ee7f"},"dob":{"date":"1979-03-19T23:17:52.478Z","age":45},"registered":{"date":"2015-11-06T19:28:00.973Z","age":8},"phone":"999-887-181","cell":"679-956-339","id":{"name":"DNI","value":"61405010-S"},"picture":{"large":"https://randomuser.me/api/portraits/women/64.jpg","medium":"https://randomuser.me/api/portraits/med/women/64.jpg","thumbnail":"https://randomuser.me/api/portraits/thumb/women/64.jpg"},"nat":"ES"}],"info":{"seed":"0e9b1962263092fb","results":1,"page":1,"version":"1.4"}} 
 </msg>
<msg time="2024-04-23T02:24:56.215723" level="INFO">/opt/hostedtoolcache/Python/3.12.3/x64/lib/python3.12/site-packages/urllib3/connectionpool.py:1103: InsecureRequestWarning: Unverified HTTPS request is being made to host 'randomuser.me'. Adding certificate verification is strongly advised. See: https://urllib3.readthedocs.io/en/latest/advanced-usage.html#tls-warnings
  warnings.warn(</msg>
<msg time="2024-04-23T02:24:56.215834" level="INFO">${response} = &lt;Response [200]&gt;</msg>
<var>${response}</var>
<arg>consultarAPI</arg>
<arg>/api</arg>
<doc>Sends a GET request on a previously created HTTP Session.</doc>
<status status="PASS" start="2024-04-23T02:24:56.117496" elapsed="0.098375"/>
</kw>
<kw name="Set Variable" owner="BuiltIn">
<msg time="2024-04-23T02:24:56.216805" level="INFO">${json_data} = {'results': [{'gender': 'female', 'name': {'title': 'Ms', 'first': 'Milagros', 'last': 'Herrero'}, 'location': {'street': {'number': 6966, 'name': 'Calle de Tetuán'}, 'city': 'Valencia', 'state': 'La ...</msg>
<var>${json_data}</var>
<arg>${response.json()}</arg>
<doc>Returns the given values which can then be assigned to a variables.</doc>
<status status="PASS" start="2024-04-23T02:24:56.216349" elapsed="0.000484"/>
</kw>
<kw name="Log" owner="BuiltIn">
<msg time="2024-04-23T02:24:56.217340" level="INFO">{'results': [{'gender': 'female', 'name': {'title': 'Ms', 'first': 'Milagros', 'last': 'Herrero'}, 'location': {'street': {'number': 6966, 'name': 'Calle de Tetuán'}, 'city': 'Valencia', 'state': 'La Rioja', 'country': 'Spain', 'postcode': 49803, 'coordinates': {'latitude': '-36.5287', 'longitude': '66.8787'}, 'timezone': {'offset': '-3:30', 'description': 'Newfoundland'}}, 'email': 'milagros.herrero@example.com', 'login': {'uuid': 'a6c4baec-75a1-4f1f-a359-419aaeedec2d', 'username': 'organicfish211', 'password': 'fang', 'salt': 'tOg0g04n', 'md5': '836ae92e0d55bf8721ce2bf892f519f1', 'sha1': 'b736fdbeede2fd29fe71395090b586cc2ce775e2', 'sha256': '974ef4192a6319010c6bba61f4b678bd0be76122cc85fe3bbf4f0a423f42ee7f'}, 'dob': {'date': '1979-03-19T23:17:52.478Z', 'age': 45}, 'registered': {'date': '2015-11-06T19:28:00.973Z', 'age': 8}, 'phone': '999-887-181', 'cell': '679-956-339', 'id': {'name': 'DNI', 'value': '61405010-S'}, 'picture': {'large': 'https://randomuser.me/api/portraits/women/64.jpg', 'medium': 'https://randomuser.me/api/portraits/med/women/64.jpg', 'thumbnail': 'https://randomuser.me/api/portraits/thumb/women/64.jpg'}, 'nat': 'ES'}], 'info': {'seed': '0e9b1962263092fb', 'results': 1, 'page': 1, 'version': '1.4'}}</msg>
<arg>${json_data}</arg>
<doc>Logs the given message with the given level.</doc>
<status status="PASS" start="2024-04-23T02:24:56.217140" elapsed="0.000283"/>
</kw>
<kw name="Should Be Equal As Numbers" owner="BuiltIn">
<arg>${json_data['results'][0]['location']['postcode']}</arg>
<arg>${json_data['results'][0]['location']['postcode']}</arg>
<doc>Fails if objects are unequal after converting them to real numbers.</doc>
<status status="PASS" start="2024-04-23T02:24:56.217855" elapsed="0.000614"/>
</kw>
<kw name="Log" owner="BuiltIn">
<msg time="2024-04-23T02:24:56.218997" level="INFO">49803</msg>
<arg>${json_data['results'][0]['location']['postcode']}</arg>
<doc>Logs the given message with the given level.</doc>
<status status="PASS" start="2024-04-23T02:24:56.218661" elapsed="0.000374"/>
</kw>
<status status="PASS" start="2024-04-23T02:24:56.117242" elapsed="0.102040"/>
</kw>
<doc>Testa se os tipos de dados na resposta da API estão corretos.</doc>
<tag>testeTiposDados</tag>
<status status="PASS" start="2024-04-23T02:24:56.046074" elapsed="0.173362"/>
</test>
<test id="s1-s1-t5" name="Validar conteudo" line="35">
<kw name="Teste de Tipos de Conteudo" owner="random-user-service">
<kw name="GET On Session" owner="RequestsLibrary">
<msg time="2024-04-23T02:24:56.319444" level="INFO">GET Request : url=https://randomuser.me/api 
 path_url=/api 
 headers={'User-Agent': 'python-requests/2.31.0', 'Accept-Encoding': 'gzip, deflate', 'Accept': '*/*', 'Connection': 'keep-alive'} 
 body=None 
 </msg>
<msg time="2024-04-23T02:24:56.319510" level="INFO">GET Response : url=https://randomuser.me/api 
 status=200, reason=OK 
 headers={'Date': 'Tue, 23 Apr 2024 02:24:56 GMT', 'Content-Type': 'application/json; charset=utf-8', 'Transfer-Encoding': 'chunked', 'Connection': 'keep-alive', 'X-Powered-By': 'Express', 'Access-Control-Allow-Origin': '*', 'Cache-Control': 'no-cache', 'ETag': 'W/"493-wLciMSVycpP3TZi7zWi1BFeIL7c"', 'Vary': 'Accept-Encoding', 'Content-Encoding': 'gzip', 'CF-Cache-Status': 'DYNAMIC', 'Report-To': '{"endpoints":[{"url":"https:\\/\\/a.nel.cloudflare.com\\/report\\/v4?s=MwC92hespPzJfmn%2BfIS0P%2BTHslIj0khGphE5uRuiP5ds3vFc1G2nj5ukRPZD1EljBsJ8%2B%2FQmzwx4DMnSyRoYT7Bb8adZ0T0K7gQYGQMpLZPZNQ2t%2FRpb1rgx994kGy7c"}],"group":"cf-nel","max_age":604800}', 'NEL': '{"success_fraction":0,"report_to":"cf-nel","max_age":604800}', 'Server': 'cloudflare', 'CF-RAY': '878a666f6a9d6202-ORD', 'alt-svc': 'h3=":443"; ma=86400'} 
 body={"results":[{"gender":"male","name":{"title":"Mr","first":"Mitar","last":"Jevremović"},"location":{"street":{"number":258,"name":"Palih Boraca"},"city":"Kovin","state":"Kolubara","country":"Serbia","postcode":60164,"coordinates":{"latitude":"61.1591","longitude":"-100.5714"},"timezone":{"offset":"-4:00","description":"Atlantic Time (Canada), Caracas, La Paz"}},"email":"mitar.jevremovic@example.com","login":{"uuid":"84409528-9b8d-487d-b6db-13daefdcf795","username":"tinypeacock199","password":"gladiator","salt":"MTH3IE1S","md5":"905f112eb1ed40b2556906ffac2ca827","sha1":"eb146731f8dadecbde7c1d314e6a486c3a635891","sha256":"ad58795dffdaa7e92193593c65dea163b8b42f79fc9a4b5aeca2249b5e537b8d"},"dob":{"date":"1958-08-24T12:21:17.322Z","age":65},"registered":{"date":"2019-06-14T20:22:01.222Z","age":4},"phone":"039-8794-530","cell":"065-4805-646","id":{"name":"SID","value":"251987884"},"picture":{"large":"https://randomuser.me/api/portraits/men/67.jpg","medium":"https://randomuser.me/api/portraits/med/men/67.jpg","thumbnail":"https://randomuser.me/api/portraits/thumb/men/67.jpg"},"nat":"RS"}],"info":{"seed":"7809919da67e6b54","results":1,"page":1,"version":"1.4"}} 
 </msg>
<msg time="2024-04-23T02:24:56.319567" level="INFO">/opt/hostedtoolcache/Python/3.12.3/x64/lib/python3.12/site-packages/urllib3/connectionpool.py:1103: InsecureRequestWarning: Unverified HTTPS request is being made to host 'randomuser.me'. Adding certificate verification is strongly advised. See: https://urllib3.readthedocs.io/en/latest/advanced-usage.html#tls-warnings
  warnings.warn(</msg>
<msg time="2024-04-23T02:24:56.319649" level="INFO">${response} = &lt;Response [200]&gt;</msg>
<var>${response}</var>
<arg>consultarAPI</arg>
<arg>/api</arg>
<doc>Sends a GET request on a previously created HTTP Session.</doc>
<status status="PASS" start="2024-04-23T02:24:56.222148" elapsed="0.097531"/>
</kw>
<kw name="Set Variable" owner="BuiltIn">
<msg time="2024-04-23T02:24:56.320496" level="INFO">${json_data} = {'results': [{'gender': 'male', 'name': {'title': 'Mr', 'first': 'Mitar', 'last': 'Jevremović'}, 'location': {'street': {'number': 258, 'name': 'Palih Boraca'}, 'city': 'Kovin', 'state': 'Kolubara', '...</msg>
<var>${json_data}</var>
<arg>${response.json()}</arg>
<doc>Returns the given values which can then be assigned to a variables.</doc>
<status status="PASS" start="2024-04-23T02:24:56.320059" elapsed="0.000467"/>
</kw>
<kw name="Set Variable" owner="BuiltIn">
<msg time="2024-04-23T02:24:56.321212" level="INFO">${name_title} = Mr</msg>
<var>${name_title}</var>
<arg>${json_data["results"][0]["name"]["title"]}</arg>
<doc>Returns the given values which can then be assigned to a variables.</doc>
<status status="PASS" start="2024-04-23T02:24:56.320832" elapsed="0.000405"/>
</kw>
<kw name="Create List" owner="BuiltIn">
<msg time="2024-04-23T02:24:56.321735" level="INFO">${allowed_titles} = ['Mr', 'Ms', 'Miss', 'Mrs', 'Madame', 'Monsieur']</msg>
<var>${allowed_titles}</var>
<arg>Mr</arg>
<arg>Ms</arg>
<arg>Miss</arg>
<arg>Mrs</arg>
<arg>Madame</arg>
<arg>Monsieur</arg>
<doc>Returns a list containing given items.</doc>
<status status="PASS" start="2024-04-23T02:24:56.321588" elapsed="0.000171"/>
</kw>
<kw name="List Should Contain Value" owner="Collections">
<msg time="2024-04-23T02:24:56.322220" level="INFO">False</msg>
<arg>${allowed_titles}</arg>
<arg>${name_title}</arg>
<doc>Fails if the ``value`` is not found from ``list``.</doc>
<status status="PASS" start="2024-04-23T02:24:56.322057" elapsed="0.000200"/>
</kw>
<kw name="Set Variable" owner="BuiltIn">
<msg time="2024-04-23T02:24:56.322926" level="INFO">${name_country} = RS</msg>
<var>${name_country}</var>
<arg>${json_data["results"][0]["nat"]}</arg>
<doc>Returns the given values which can then be assigned to a variables.</doc>
<status status="PASS" start="2024-04-23T02:24:56.322548" elapsed="0.000403"/>
</kw>
<kw name="Create List" owner="BuiltIn">
<msg time="2024-04-23T02:24:56.323834" level="INFO">${list_country} = ['AD', 'AE', 'AF', 'AG', 'AI', 'AL', 'AM', 'AO', 'AQ', 'AR', 'AS', 'AT', 'AU', 'AW', 'AX', 'AZ', 'BA', 'BB', 'BD', 'BE', 'BF', 'BG', 'BH', 'BI', 'BJ', 'BL', 'BM', 'BN', 'BO', 'BQ', 'BR', 'BS', 'BT', '...</msg>
<var>${list_country}</var>
<arg>AD</arg>
<arg>AE</arg>
<arg>AF</arg>
<arg>AG</arg>
<arg>AI</arg>
<arg>AL</arg>
<arg>AM</arg>
<arg>AO</arg>
<arg>AQ</arg>
<arg>AR</arg>
<arg>AS</arg>
<arg>AT</arg>
<arg>AU</arg>
<arg>AW</arg>
<arg>AX</arg>
<arg>AZ</arg>
<arg>BA</arg>
<arg>BB</arg>
<arg>BD</arg>
<arg>BE</arg>
<arg>BF</arg>
<arg>BG</arg>
<arg>BH</arg>
<arg>BI</arg>
<arg>BJ</arg>
<arg>BL</arg>
<arg>BM</arg>
<arg>BN</arg>
<arg>BO</arg>
<arg>BQ</arg>
<arg>BR</arg>
<arg>BS</arg>
<arg>BT</arg>
<arg>BV</arg>
<arg>BW</arg>
<arg>BY</arg>
<arg>BZ</arg>
<arg>CA</arg>
<arg>CC</arg>
<arg>CD</arg>
<arg>CF</arg>
<arg>CG</arg>
<arg>CH</arg>
<arg>CI</arg>
<arg>CK</arg>
<arg>CL</arg>
<arg>CM</arg>
<arg>CN</arg>
<arg>CO</arg>
<arg>CR</arg>
<arg>CU</arg>
<arg>CV</arg>
<arg>CW</arg>
<arg>CX</arg>
<arg>CY</arg>
<arg>CZ</arg>
<arg>DE</arg>
<arg>DJ</arg>
<arg>DK</arg>
<arg>DM</arg>
<arg>DO</arg>
<arg>DZ</arg>
<arg>EC</arg>
<arg>EE</arg>
<arg>EG</arg>
<arg>EH</arg>
<arg>ER</arg>
<arg>ES</arg>
<arg>ET</arg>
<arg>FI</arg>
<arg>FJ</arg>
<arg>FK</arg>
<arg>FM</arg>
<arg>FO</arg>
<arg>FR</arg>
<arg>GA</arg>
<arg>GB</arg>
<arg>GD</arg>
<arg>GE</arg>
<arg>GF</arg>
<arg>GG</arg>
<arg>GH</arg>
<arg>GI</arg>
<arg>GL</arg>
<arg>GM</arg>
<arg>GN</arg>
<arg>GP</arg>
<arg>GQ</arg>
<arg>GR</arg>
<arg>GS</arg>
<arg>GT</arg>
<arg>GU</arg>
<arg>GW</arg>
<arg>GY</arg>
<arg>HK</arg>
<arg>HM</arg>
<arg>HN</arg>
<arg>HR</arg>
<arg>HT</arg>
<arg>HU</arg>
<arg>ID</arg>
<arg>IE</arg>
<arg>IL</arg>
<arg>IM</arg>
<arg>IN</arg>
<arg>IO</arg>
<arg>IQ</arg>
<arg>IR</arg>
<arg>IS</arg>
<arg>IT</arg>
<arg>JE</arg>
<arg>JM</arg>
<arg>JO</arg>
<arg>JP</arg>
<arg>KE</arg>
<arg>KG</arg>
<arg>KH</arg>
<arg>KI</arg>
<arg>KM</arg>
<arg>KN</arg>
<arg>KP</arg>
<arg>KR</arg>
<arg>KW</arg>
<arg>KY</arg>
<arg>KZ</arg>
<arg>LA</arg>
<arg>LB</arg>
<arg>LC</arg>
<arg>LI</arg>
<arg>LK</arg>
<arg>LR</arg>
<arg>LS</arg>
<arg>LT</arg>
<arg>LU</arg>
<arg>LV</arg>
<arg>LY</arg>
<arg>MA</arg>
<arg>MC</arg>
<arg>MD</arg>
<arg>ME</arg>
<arg>MF</arg>
<arg>MG</arg>
<arg>MH</arg>
<arg>MK</arg>
<arg>ML</arg>
<arg>MM</arg>
<arg>MN</arg>
<arg>MO</arg>
<arg>MP</arg>
<arg>MQ</arg>
<arg>MR</arg>
<arg>MS</arg>
<arg>MT</arg>
<arg>MU</arg>
<arg>MV</arg>
<arg>MW</arg>
<arg>MX</arg>
<arg>MY</arg>
<arg>MZ</arg>
<arg>NA</arg>
<arg>NC</arg>
<arg>NE</arg>
<arg>NF</arg>
<arg>NG</arg>
<arg>NI</arg>
<arg>NL</arg>
<arg>NO</arg>
<arg>NP</arg>
<arg>NR</arg>
<arg>NU</arg>
<arg>NZ</arg>
<arg>OM</arg>
<arg>PA</arg>
<arg>PE</arg>
<arg>PF</arg>
<arg>PG</arg>
<arg>PH</arg>
<arg>PK</arg>
<arg>PL</arg>
<arg>PM</arg>
<arg>PN</arg>
<arg>PR</arg>
<arg>PS</arg>
<arg>PT</arg>
<arg>PW</arg>
<arg>PY</arg>
<arg>QA</arg>
<arg>RE</arg>
<arg>RO</arg>
<arg>RS</arg>
<arg>RU</arg>
<arg>RW</arg>
<arg>SA</arg>
<arg>SB</arg>
<arg>SC</arg>
<arg>SD</arg>
<arg>SE</arg>
<arg>SG</arg>
<arg>SH</arg>
<arg>SI</arg>
<arg>SJ</arg>
<arg>SK</arg>
<arg>SL</arg>
<arg>SM</arg>
<arg>SN</arg>
<arg>SO</arg>
<arg>SR</arg>
<arg>SS</arg>
<arg>ST</arg>
<arg>SV</arg>
<arg>SX</arg>
<arg>SY</arg>
<arg>SZ</arg>
<arg>TC</arg>
<arg>TD</arg>
<arg>TF</arg>
<arg>TG</arg>
<arg>TH</arg>
<arg>TJ</arg>
<arg>TK</arg>
<arg>TL</arg>
<arg>TM</arg>
<arg>TN</arg>
<arg>TO</arg>
<arg>TR</arg>
<arg>TT</arg>
<arg>TV</arg>
<arg>TW</arg>
<arg>TZ</arg>
<arg>UA</arg>
<arg>UG</arg>
<arg>UM</arg>
<arg>US</arg>
<arg>UY</arg>
<arg>UZ</arg>
<arg>VA</arg>
<arg>VC</arg>
<arg>VE</arg>
<arg>VG</arg>
<arg>VI</arg>
<arg>VN</arg>
<arg>VU</arg>
<arg>WF</arg>
<arg>WS</arg>
<arg>XK</arg>
<arg>YE</arg>
<arg>YT</arg>
<arg>ZA</arg>
<arg>ZM</arg>
<arg>ZW</arg>
<doc>Returns a list containing given items.</doc>
<status status="PASS" start="2024-04-23T02:24:56.323250" elapsed="0.000609"/>
</kw>
<kw name="List Should Contain Value" owner="Collections">
<msg time="2024-04-23T02:24:56.324841" level="INFO">False</msg>
<arg>${list_country}</arg>
<arg>${name_country}</arg>
<doc>Fails if the ``value`` is not found from ``list``.</doc>
<status status="PASS" start="2024-04-23T02:24:56.324643" elapsed="0.000234"/>
</kw>
<kw name="Run Keyword If" owner="BuiltIn">
<kw name="Should Be True" owner="BuiltIn">
<arg>${True}</arg>
<doc>Fails if the given condition is not true.</doc>
<status status="PASS" start="2024-04-23T02:24:56.325945" elapsed="0.000241"/>
</kw>
<arg>${json_data["results"][0]["location"]["coordinates"]["latitude"]} &gt;= -90 and ${json_data["results"][0]["location"]["coordinates"]["latitude"]} &lt;= 90</arg>
<arg>Should Be True</arg>
<arg>${True}</arg>
<doc>Runs the given keyword with the given arguments, if ``condition`` is true.</doc>
<status status="PASS" start="2024-04-23T02:24:56.325184" elapsed="0.001131"/>
</kw>
<kw name="Run Keyword If" owner="BuiltIn">
<kw name="Should Be True" owner="BuiltIn">
<arg>${True}</arg>
<doc>Fails if the given condition is not true.</doc>
<status status="PASS" start="2024-04-23T02:24:56.327193" elapsed="0.000135"/>
</kw>
<arg>${json_data["results"][0]["location"]["coordinates"]["longitude"]} &gt;= -180 and ${json_data["results"][0]["location"]["coordinates"]["longitude"]} &lt;= 180</arg>
<arg>Should Be True</arg>
<arg>${True}</arg>
<doc>Runs the given keyword with the given arguments, if ``condition`` is true.</doc>
<status status="PASS" start="2024-04-23T02:24:56.326500" elapsed="0.000948"/>
</kw>
<status status="PASS" start="2024-04-23T02:24:56.221785" elapsed="0.105788"/>
</kw>
<doc>Testa o conteúdo específico dos campos retornados pela API.</doc>
<tag>testeConteudo</tag>
<status status="PASS" start="2024-04-23T02:24:56.221126" elapsed="0.106583"/>
</test>
<status status="PASS" start="2024-04-23T02:24:55.307851" elapsed="1.021753"/>
</suite>
<status status="PASS" start="2024-04-23T02:24:55.294445" elapsed="1.040129"/>
</suite>
<statistics>
<total>
<stat pass="5" fail="0" skip="0">All Tests</stat>
</total>
<tag>
<stat pass="1" fail="0" skip="0">testeConteudo</stat>
<stat pass="1" fail="0" skip="0">testeEstruturaResposta</stat>
<stat pass="1" fail="0" skip="0">testeRequisicaoBasica</stat>
<stat pass="1" fail="0" skip="0">testeTiposDados</stat>
</tag>
<suite>
<stat pass="5" fail="0" skip="0" id="s1" name="Tests">Tests</stat>
<stat pass="5" fail="0" skip="0" id="s1-s1" name="Random-User-Test">Tests.Random-User-Test</stat>
</suite>
</statistics>
<errors>
</errors>
</robot>
