<?xml version="1.0" encoding="UTF-8"?>
<robot generator="Robot 7.0 (Python 3.12.3 on linux)" generated="2024-05-17T11:13:05.850862" rpa="false" schemaversion="5">
<suite id="s1" name="Tests" source="/home/runner/work/DesafioQAItauRogerioJordao/DesafioQAItauRogerioJordao/RamdonUser/tests">
<suite id="s1-s1" name="Random-User-Test" source="/home/runner/work/DesafioQAItauRogerioJordao/DesafioQAItauRogerioJordao/RamdonUser/tests/random-user-test.robot">
<test id="s1-s1-t1" name="Conectar" line="13">
<kw name="Conectar API" owner="random-user-service">
<kw name="Create Session" owner="RequestsLibrary">
<msg time="2024-05-17T11:13:06.227203" level="INFO">Creating Session using : alias=consultarAPI, url=https://randomuser.me/, headers={},                     cookies={}, auth=None, timeout=None, proxies=None, verify=False,                     debug=0 </msg>
<arg>consultarAPI</arg>
<arg>${URL}</arg>
<doc>Create Session: create a HTTP session to a server</doc>
<status status="PASS" start="2024-05-17T11:13:06.226989" elapsed="0.000417"/>
</kw>
<status status="PASS" start="2024-05-17T11:13:06.225926" elapsed="0.001865"/>
</kw>
<status status="PASS" start="2024-05-17T11:13:06.225293" elapsed="0.002697"/>
</test>
<test id="s1-s1-t2" name="Validar retorno 200 e JSON Válido" line="16">
<kw name="Teste de Requisicao Basica" owner="random-user-service">
<kw name="GET On Session" owner="RequestsLibrary">
<msg time="2024-05-17T11:13:06.428521" level="INFO">GET Request : url=https://randomuser.me/api 
 path_url=/api 
 headers={'User-Agent': 'python-requests/2.31.0', 'Accept-Encoding': 'gzip, deflate', 'Accept': '*/*', 'Connection': 'keep-alive'} 
 body=None 
 </msg>
<msg time="2024-05-17T11:13:06.428740" level="INFO">GET Response : url=https://randomuser.me/api 
 status=200, reason=OK 
 headers={'Date': 'Fri, 17 May 2024 11:13:06 GMT', 'Content-Type': 'application/json; charset=utf-8', 'Transfer-Encoding': 'chunked', 'Connection': 'keep-alive', 'X-Powered-By': 'Express', 'Access-Control-Allow-Origin': '*', 'Cache-Control': 'no-cache', 'ETag': 'W/"49e-3YJTq7E1vWjXfocKZJArFPCWjMU"', 'Vary': 'Accept-Encoding', 'Content-Encoding': 'gzip', 'CF-Cache-Status': 'DYNAMIC', 'Report-To': '{"endpoints":[{"url":"https:\\/\\/a.nel.cloudflare.com\\/report\\/v4?s=qnJe6JlmDyOAKGKDfwLKB1jqQSCHOn%2Bc0HONS098SvUSU%2FZSTPw5JgVxlv6AIfihOlseauHvKIANYHtZqwohfHyoWKOl9VbB3qL%2Bcp6PuqkYUsVbdSmVU1g0ajvLQU5L"}],"group":"cf-nel","max_age":604800}', 'NEL': '{"success_fraction":0,"report_to":"cf-nel","max_age":604800}', 'Server': 'cloudflare', 'CF-RAY': '88532d1edb7505ca-IAD', 'alt-svc': 'h3=":443"; ma=86400'} 
 body={"results":[{"gender":"male","name":{"title":"Mr","first":"Johnson","last":"Vugs"},"location":{"street":{"number":8759,"name":"Dronenweg"},"city":"Egmondermeer","state":"Noord-Brabant","country":"Netherlands","postcode":"3406 UU","coordinates":{"latitude":"36.7943","longitude":"-19.1809"},"timezone":{"offset":"-4:00","description":"Atlantic Time (Canada), Caracas, La Paz"}},"email":"johnson.vugs@example.com","login":{"uuid":"7f4e738c-8068-4547-9498-9dc3c5e08080","username":"organicleopard612","password":"digital","salt":"HcAGusDg","md5":"798729270b0bd9200c92e2ea4a3c4e41","sha1":"5a727102c6dcc4f07dfae2ce8176e8d1f5b05c17","sha256":"9d4b61e89a8bebb8f487bd99e7b5017706e88e06b231394d609cb2d776eb0202"},"dob":{"date":"1992-06-29T11:58:23.170Z","age":31},"registered":{"date":"2017-05-20T20:04:27.049Z","age":6},"phone":"(0586) 486870","cell":"(06) 70779630","id":{"name":"BSN","value":"35300763"},"picture":{"large":"https://randomuser.me/api/portraits/men/22.jpg","medium":"https://randomuser.me/api/portraits/med/men/22.jpg","thumbnail":"https://randomuser.me/api/portraits/thumb/men/22.jpg"},"nat":"NL"}],"info":{"seed":"f05c7a9cca176b0f","results":1,"page":1,"version":"1.4"}} 
 </msg>
<msg time="2024-05-17T11:13:06.428874" level="INFO">/opt/hostedtoolcache/Python/3.12.3/x64/lib/python3.12/site-packages/urllib3/connectionpool.py:1103: InsecureRequestWarning: Unverified HTTPS request is being made to host 'randomuser.me'. Adding certificate verification is strongly advised. See: https://urllib3.readthedocs.io/en/latest/advanced-usage.html#tls-warnings
  warnings.warn(</msg>
<msg time="2024-05-17T11:13:06.429077" level="INFO">${response} = &lt;Response [200]&gt;</msg>
<var>${response}</var>
<arg>consultarAPI</arg>
<arg>/api</arg>
<doc>Sends a GET request on a previously created HTTP Session.</doc>
<status status="PASS" start="2024-05-17T11:13:06.230743" elapsed="0.198379"/>
</kw>
<kw name="Should Be Equal As Numbers" owner="BuiltIn">
<msg time="2024-05-17T11:13:06.430215" level="INFO">Argument types are:
&lt;class 'int'&gt;
&lt;class 'str'&gt;</msg>
<arg>${response.status_code}</arg>
<arg>200</arg>
<doc>Fails if objects are unequal after converting them to real numbers.</doc>
<status status="PASS" start="2024-05-17T11:13:06.429745" elapsed="0.000539"/>
</kw>
<kw name="Log" owner="BuiltIn">
<msg time="2024-05-17T11:13:06.431032" level="INFO">200</msg>
<arg>${response.status_code}</arg>
<doc>Logs the given message with the given level.</doc>
<status status="PASS" start="2024-05-17T11:13:06.430675" elapsed="0.000400"/>
</kw>
<kw name="Set Variable" owner="BuiltIn">
<msg time="2024-05-17T11:13:06.431827" level="INFO">${json_data} = {'results': [{'gender': 'male', 'name': {'title': 'Mr', 'first': 'Johnson', 'last': 'Vugs'}, 'location': {'street': {'number': 8759, 'name': 'Dronenweg'}, 'city': 'Egmondermeer', 'state': 'Noord-Braba...</msg>
<var>${json_data}</var>
<arg>${response.json()}</arg>
<doc>Returns the given values which can then be assigned to a variables.</doc>
<status status="PASS" start="2024-05-17T11:13:06.431385" elapsed="0.000471"/>
</kw>
<kw name="Dictionary Should Contain Key" owner="Collections">
<msg time="2024-05-17T11:13:06.432340" level="INFO">False</msg>
<arg>${json_data}</arg>
<arg>results</arg>
<doc>Fails if ``key`` is not found from ``dictionary``.</doc>
<status status="PASS" start="2024-05-17T11:13:06.432170" elapsed="0.000210"/>
</kw>
<status status="PASS" start="2024-05-17T11:13:06.230483" elapsed="0.202164"/>
</kw>
<doc>Testa se a API responde corretamente e retorna um objeto JSON válido.</doc>
<tag>testeRequisicaoBasica</tag>
<status status="PASS" start="2024-05-17T11:13:06.229901" elapsed="0.202936"/>
</test>
<test id="s1-s1-t3" name="Validar estrutura de resposta" line="22">
<kw name="Teste de Estrutura de Resposta" owner="random-user-service">
<kw name="GET On Session" owner="RequestsLibrary">
<msg time="2024-05-17T11:13:06.541097" level="INFO">GET Request : url=https://randomuser.me/api 
 path_url=/api 
 headers={'User-Agent': 'python-requests/2.31.0', 'Accept-Encoding': 'gzip, deflate', 'Accept': '*/*', 'Connection': 'keep-alive'} 
 body=None 
 </msg>
<msg time="2024-05-17T11:13:06.541219" level="INFO">GET Response : url=https://randomuser.me/api 
 status=200, reason=OK 
 headers={'Date': 'Fri, 17 May 2024 11:13:06 GMT', 'Content-Type': 'application/json; charset=utf-8', 'Transfer-Encoding': 'chunked', 'Connection': 'keep-alive', 'X-Powered-By': 'Express', 'Access-Control-Allow-Origin': '*', 'Cache-Control': 'no-cache', 'ETag': 'W/"4a6-Oe2yw/9JcLAqaZWXg7WX06DaQHw"', 'Vary': 'Accept-Encoding', 'Content-Encoding': 'gzip', 'CF-Cache-Status': 'DYNAMIC', 'Report-To': '{"endpoints":[{"url":"https:\\/\\/a.nel.cloudflare.com\\/report\\/v4?s=q82g4WXvztIRDAcUmV%2BYjcTfegjVRPtGM81EeugaegVjiqd0uwWMB8zt3tQ70f3aLKBEEguNu08GRfCp1nVypbledNwA3u1a1%2F%2FeeXnQh7k7jNhc8%2Bx0A5BnxQas1WbW"}],"group":"cf-nel","max_age":604800}', 'NEL': '{"success_fraction":0,"report_to":"cf-nel","max_age":604800}', 'Server': 'cloudflare', 'CF-RAY': '88532d1f3bc905ca-IAD', 'alt-svc': 'h3=":443"; ma=86400'} 
 body={"results":[{"gender":"female","name":{"title":"Ms","first":"Seçil","last":"Heslinga"},"location":{"street":{"number":8704,"name":"Coen de Koninglaan"},"city":"Loosbroek","state":"Zeeland","country":"Netherlands","postcode":"3242 PG","coordinates":{"latitude":"38.0524","longitude":"40.2741"},"timezone":{"offset":"+1:00","description":"Brussels, Copenhagen, Madrid, Paris"}},"email":"secil.heslinga@example.com","login":{"uuid":"d4c7d47d-f3fe-46f7-8892-1693c79e801c","username":"blackbutterfly455","password":"malice","salt":"o85y9DHI","md5":"36cb77ed6f08e664018cfbcc79d140d1","sha1":"658b31644fd27bce6115f580bc043920ac56b03b","sha256":"63a64082753b98825a3cc7182b2ab11cb9848ff43696c1a0bd7962f97d8b5c74"},"dob":{"date":"1977-09-21T16:51:49.943Z","age":46},"registered":{"date":"2006-05-03T15:11:17.339Z","age":18},"phone":"(046) 9501752","cell":"(06) 94957715","id":{"name":"BSN","value":"34660943"},"picture":{"large":"https://randomuser.me/api/portraits/women/74.jpg","medium":"https://randomuser.me/api/portraits/med/women/74.jpg","thumbnail":"https://randomuser.me/api/portraits/thumb/women/74.jpg"},"nat":"NL"}],"info":{"seed":"44b13ddd18318fc6","results":1,"page":1,"version":"1.4"}} 
 </msg>
<msg time="2024-05-17T11:13:06.541377" level="INFO">/opt/hostedtoolcache/Python/3.12.3/x64/lib/python3.12/site-packages/urllib3/connectionpool.py:1103: InsecureRequestWarning: Unverified HTTPS request is being made to host 'randomuser.me'. Adding certificate verification is strongly advised. See: https://urllib3.readthedocs.io/en/latest/advanced-usage.html#tls-warnings
  warnings.warn(</msg>
<msg time="2024-05-17T11:13:06.541533" level="INFO">${response} = &lt;Response [200]&gt;</msg>
<var>${response}</var>
<arg>consultarAPI</arg>
<arg>/api</arg>
<doc>Sends a GET request on a previously created HTTP Session.</doc>
<status status="PASS" start="2024-05-17T11:13:06.435469" elapsed="0.106114"/>
</kw>
<kw name="Set Variable" owner="BuiltIn">
<msg time="2024-05-17T11:13:06.542809" level="INFO">${json_data} = {'results': [{'gender': 'female', 'name': {'title': 'Ms', 'first': 'Seçil', 'last': 'Heslinga'}, 'location': {'street': {'number': 8704, 'name': 'Coen de Koninglaan'}, 'city': 'Loosbroek', 'state': 'Z...</msg>
<var>${json_data}</var>
<arg>${response.json()}</arg>
<doc>Returns the given values which can then be assigned to a variables.</doc>
<status status="PASS" start="2024-05-17T11:13:06.542217" elapsed="0.000623"/>
</kw>
<kw name="Log" owner="BuiltIn">
<msg time="2024-05-17T11:13:06.543342" level="INFO">{'results': [{'gender': 'female', 'name': {'title': 'Ms', 'first': 'Seçil', 'last': 'Heslinga'}, 'location': {'street': {'number': 8704, 'name': 'Coen de Koninglaan'}, 'city': 'Loosbroek', 'state': 'Zeeland', 'country': 'Netherlands', 'postcode': '3242 PG', 'coordinates': {'latitude': '38.0524', 'longitude': '40.2741'}, 'timezone': {'offset': '+1:00', 'description': 'Brussels, Copenhagen, Madrid, Paris'}}, 'email': 'secil.heslinga@example.com', 'login': {'uuid': 'd4c7d47d-f3fe-46f7-8892-1693c79e801c', 'username': 'blackbutterfly455', 'password': 'malice', 'salt': 'o85y9DHI', 'md5': '36cb77ed6f08e664018cfbcc79d140d1', 'sha1': '658b31644fd27bce6115f580bc043920ac56b03b', 'sha256': '63a64082753b98825a3cc7182b2ab11cb9848ff43696c1a0bd7962f97d8b5c74'}, 'dob': {'date': '1977-09-21T16:51:49.943Z', 'age': 46}, 'registered': {'date': '2006-05-03T15:11:17.339Z', 'age': 18}, 'phone': '(046) 9501752', 'cell': '(06) 94957715', 'id': {'name': 'BSN', 'value': '34660943'}, 'picture': {'large': 'https://randomuser.me/api/portraits/women/74.jpg', 'medium': 'https://randomuser.me/api/portraits/med/women/74.jpg', 'thumbnail': 'https://randomuser.me/api/portraits/thumb/women/74.jpg'}, 'nat': 'NL'}], 'info': {'seed': '44b13ddd18318fc6', 'results': 1, 'page': 1, 'version': '1.4'}}</msg>
<arg>${json_data}</arg>
<doc>Logs the given message with the given level.</doc>
<status status="PASS" start="2024-05-17T11:13:06.543167" elapsed="0.000228"/>
</kw>
<kw name="Dictionary Should Contain Key" owner="Collections">
<msg time="2024-05-17T11:13:06.543876" level="INFO">False</msg>
<arg>${json_data}</arg>
<arg>results</arg>
<doc>Fails if ``key`` is not found from ``dictionary``.</doc>
<status status="PASS" start="2024-05-17T11:13:06.543718" elapsed="0.000194"/>
</kw>
<kw name="Should Not Be Empty" owner="BuiltIn">
<msg time="2024-05-17T11:13:06.544340" level="INFO">Length is 2.</msg>
<arg>${json_data}</arg>
<doc>Verifies that the given item is not empty.</doc>
<status status="PASS" start="2024-05-17T11:13:06.544204" elapsed="0.000175"/>
</kw>
<kw name="Create List" owner="BuiltIn">
<msg time="2024-05-17T11:13:06.545004" level="INFO">${expected_keys} = ['gender', 'name', 'location', 'email', 'login']</msg>
<var>${expected_keys}</var>
<arg>gender</arg>
<arg>name</arg>
<arg>location</arg>
<arg>email</arg>
<arg>login</arg>
<doc>Returns a list containing given items.</doc>
<status status="PASS" start="2024-05-17T11:13:06.544667" elapsed="0.000363"/>
</kw>
<for flavor="IN">
<iter>
<kw name="Dictionary Should Contain Key" owner="Collections">
<msg time="2024-05-17T11:13:06.546038" level="INFO">False</msg>
<arg>${json_data['results'][0]}</arg>
<arg>${key}</arg>
<doc>Fails if ``key`` is not found from ``dictionary``.</doc>
<status status="PASS" start="2024-05-17T11:13:06.545638" elapsed="0.000438"/>
</kw>
<kw name="Log" owner="BuiltIn">
<msg time="2024-05-17T11:13:06.546783" level="INFO">{'gender': 'female', 'name': {'title': 'Ms', 'first': 'Seçil', 'last': 'Heslinga'}, 'location': {'street': {'number': 8704, 'name': 'Coen de Koninglaan'}, 'city': 'Loosbroek', 'state': 'Zeeland', 'country': 'Netherlands', 'postcode': '3242 PG', 'coordinates': {'latitude': '38.0524', 'longitude': '40.2741'}, 'timezone': {'offset': '+1:00', 'description': 'Brussels, Copenhagen, Madrid, Paris'}}, 'email': 'secil.heslinga@example.com', 'login': {'uuid': 'd4c7d47d-f3fe-46f7-8892-1693c79e801c', 'username': 'blackbutterfly455', 'password': 'malice', 'salt': 'o85y9DHI', 'md5': '36cb77ed6f08e664018cfbcc79d140d1', 'sha1': '658b31644fd27bce6115f580bc043920ac56b03b', 'sha256': '63a64082753b98825a3cc7182b2ab11cb9848ff43696c1a0bd7962f97d8b5c74'}, 'dob': {'date': '1977-09-21T16:51:49.943Z', 'age': 46}, 'registered': {'date': '2006-05-03T15:11:17.339Z', 'age': 18}, 'phone': '(046) 9501752', 'cell': '(06) 94957715', 'id': {'name': 'BSN', 'value': '34660943'}, 'picture': {'large': 'https://randomuser.me/api/portraits/women/74.jpg', 'medium': 'https://randomuser.me/api/portraits/med/women/74.jpg', 'thumbnail': 'https://randomuser.me/api/portraits/thumb/women/74.jpg'}, 'nat': 'NL'}</msg>
<arg>${json_data['results'][0]}</arg>
<doc>Logs the given message with the given level.</doc>
<status status="PASS" start="2024-05-17T11:13:06.546410" elapsed="0.000433"/>
</kw>
<kw name="Log" owner="BuiltIn">
<msg time="2024-05-17T11:13:06.547320" level="INFO">gender</msg>
<arg>${key}</arg>
<doc>Logs the given message with the given level.</doc>
<status status="PASS" start="2024-05-17T11:13:06.547188" elapsed="0.000171"/>
</kw>
<var name="${key}">gender</var>
<status status="PASS" start="2024-05-17T11:13:06.545514" elapsed="0.002064"/>
</iter>
<iter>
<kw name="Dictionary Should Contain Key" owner="Collections">
<msg time="2024-05-17T11:13:06.548254" level="INFO">False</msg>
<arg>${json_data['results'][0]}</arg>
<arg>${key}</arg>
<doc>Fails if ``key`` is not found from ``dictionary``.</doc>
<status status="PASS" start="2024-05-17T11:13:06.547876" elapsed="0.000415"/>
</kw>
<kw name="Log" owner="BuiltIn">
<msg time="2024-05-17T11:13:06.548976" level="INFO">{'gender': 'female', 'name': {'title': 'Ms', 'first': 'Seçil', 'last': 'Heslinga'}, 'location': {'street': {'number': 8704, 'name': 'Coen de Koninglaan'}, 'city': 'Loosbroek', 'state': 'Zeeland', 'country': 'Netherlands', 'postcode': '3242 PG', 'coordinates': {'latitude': '38.0524', 'longitude': '40.2741'}, 'timezone': {'offset': '+1:00', 'description': 'Brussels, Copenhagen, Madrid, Paris'}}, 'email': 'secil.heslinga@example.com', 'login': {'uuid': 'd4c7d47d-f3fe-46f7-8892-1693c79e801c', 'username': 'blackbutterfly455', 'password': 'malice', 'salt': 'o85y9DHI', 'md5': '36cb77ed6f08e664018cfbcc79d140d1', 'sha1': '658b31644fd27bce6115f580bc043920ac56b03b', 'sha256': '63a64082753b98825a3cc7182b2ab11cb9848ff43696c1a0bd7962f97d8b5c74'}, 'dob': {'date': '1977-09-21T16:51:49.943Z', 'age': 46}, 'registered': {'date': '2006-05-03T15:11:17.339Z', 'age': 18}, 'phone': '(046) 9501752', 'cell': '(06) 94957715', 'id': {'name': 'BSN', 'value': '34660943'}, 'picture': {'large': 'https://randomuser.me/api/portraits/women/74.jpg', 'medium': 'https://randomuser.me/api/portraits/med/women/74.jpg', 'thumbnail': 'https://randomuser.me/api/portraits/thumb/women/74.jpg'}, 'nat': 'NL'}</msg>
<arg>${json_data['results'][0]}</arg>
<doc>Logs the given message with the given level.</doc>
<status status="PASS" start="2024-05-17T11:13:06.548620" elapsed="0.000405"/>
</kw>
<kw name="Log" owner="BuiltIn">
<msg time="2024-05-17T11:13:06.549440" level="INFO">name</msg>
<arg>${key}</arg>
<doc>Logs the given message with the given level.</doc>
<status status="PASS" start="2024-05-17T11:13:06.549317" elapsed="0.000160"/>
</kw>
<var name="${key}">name</var>
<status status="PASS" start="2024-05-17T11:13:06.547764" elapsed="0.001924"/>
</iter>
<iter>
<kw name="Dictionary Should Contain Key" owner="Collections">
<msg time="2024-05-17T11:13:06.550391" level="INFO">False</msg>
<arg>${json_data['results'][0]}</arg>
<arg>${key}</arg>
<doc>Fails if ``key`` is not found from ``dictionary``.</doc>
<status status="PASS" start="2024-05-17T11:13:06.549971" elapsed="0.000460"/>
</kw>
<kw name="Log" owner="BuiltIn">
<msg time="2024-05-17T11:13:06.551086" level="INFO">{'gender': 'female', 'name': {'title': 'Ms', 'first': 'Seçil', 'last': 'Heslinga'}, 'location': {'street': {'number': 8704, 'name': 'Coen de Koninglaan'}, 'city': 'Loosbroek', 'state': 'Zeeland', 'country': 'Netherlands', 'postcode': '3242 PG', 'coordinates': {'latitude': '38.0524', 'longitude': '40.2741'}, 'timezone': {'offset': '+1:00', 'description': 'Brussels, Copenhagen, Madrid, Paris'}}, 'email': 'secil.heslinga@example.com', 'login': {'uuid': 'd4c7d47d-f3fe-46f7-8892-1693c79e801c', 'username': 'blackbutterfly455', 'password': 'malice', 'salt': 'o85y9DHI', 'md5': '36cb77ed6f08e664018cfbcc79d140d1', 'sha1': '658b31644fd27bce6115f580bc043920ac56b03b', 'sha256': '63a64082753b98825a3cc7182b2ab11cb9848ff43696c1a0bd7962f97d8b5c74'}, 'dob': {'date': '1977-09-21T16:51:49.943Z', 'age': 46}, 'registered': {'date': '2006-05-03T15:11:17.339Z', 'age': 18}, 'phone': '(046) 9501752', 'cell': '(06) 94957715', 'id': {'name': 'BSN', 'value': '34660943'}, 'picture': {'large': 'https://randomuser.me/api/portraits/women/74.jpg', 'medium': 'https://randomuser.me/api/portraits/med/women/74.jpg', 'thumbnail': 'https://randomuser.me/api/portraits/thumb/women/74.jpg'}, 'nat': 'NL'}</msg>
<arg>${json_data['results'][0]}</arg>
<doc>Logs the given message with the given level.</doc>
<status status="PASS" start="2024-05-17T11:13:06.550730" elapsed="0.000404"/>
</kw>
<kw name="Log" owner="BuiltIn">
<msg time="2024-05-17T11:13:06.551553" level="INFO">location</msg>
<arg>${key}</arg>
<doc>Logs the given message with the given level.</doc>
<status status="PASS" start="2024-05-17T11:13:06.551428" elapsed="0.000162"/>
</kw>
<var name="${key}">location</var>
<status status="PASS" start="2024-05-17T11:13:06.549862" elapsed="0.001939"/>
</iter>
<iter>
<kw name="Dictionary Should Contain Key" owner="Collections">
<msg time="2024-05-17T11:13:06.552459" level="INFO">False</msg>
<arg>${json_data['results'][0]}</arg>
<arg>${key}</arg>
<doc>Fails if ``key`` is not found from ``dictionary``.</doc>
<status status="PASS" start="2024-05-17T11:13:06.552080" elapsed="0.000418"/>
</kw>
<kw name="Log" owner="BuiltIn">
<msg time="2024-05-17T11:13:06.553180" level="INFO">{'gender': 'female', 'name': {'title': 'Ms', 'first': 'Seçil', 'last': 'Heslinga'}, 'location': {'street': {'number': 8704, 'name': 'Coen de Koninglaan'}, 'city': 'Loosbroek', 'state': 'Zeeland', 'country': 'Netherlands', 'postcode': '3242 PG', 'coordinates': {'latitude': '38.0524', 'longitude': '40.2741'}, 'timezone': {'offset': '+1:00', 'description': 'Brussels, Copenhagen, Madrid, Paris'}}, 'email': 'secil.heslinga@example.com', 'login': {'uuid': 'd4c7d47d-f3fe-46f7-8892-1693c79e801c', 'username': 'blackbutterfly455', 'password': 'malice', 'salt': 'o85y9DHI', 'md5': '36cb77ed6f08e664018cfbcc79d140d1', 'sha1': '658b31644fd27bce6115f580bc043920ac56b03b', 'sha256': '63a64082753b98825a3cc7182b2ab11cb9848ff43696c1a0bd7962f97d8b5c74'}, 'dob': {'date': '1977-09-21T16:51:49.943Z', 'age': 46}, 'registered': {'date': '2006-05-03T15:11:17.339Z', 'age': 18}, 'phone': '(046) 9501752', 'cell': '(06) 94957715', 'id': {'name': 'BSN', 'value': '34660943'}, 'picture': {'large': 'https://randomuser.me/api/portraits/women/74.jpg', 'medium': 'https://randomuser.me/api/portraits/med/women/74.jpg', 'thumbnail': 'https://randomuser.me/api/portraits/thumb/women/74.jpg'}, 'nat': 'NL'}</msg>
<arg>${json_data['results'][0]}</arg>
<doc>Logs the given message with the given level.</doc>
<status status="PASS" start="2024-05-17T11:13:06.552804" elapsed="0.000436"/>
</kw>
<kw name="Log" owner="BuiltIn">
<msg time="2024-05-17T11:13:06.553669" level="INFO">email</msg>
<arg>${key}</arg>
<doc>Logs the given message with the given level.</doc>
<status status="PASS" start="2024-05-17T11:13:06.553544" elapsed="0.000162"/>
</kw>
<var name="${key}">email</var>
<status status="PASS" start="2024-05-17T11:13:06.551970" elapsed="0.001956"/>
</iter>
<iter>
<kw name="Dictionary Should Contain Key" owner="Collections">
<msg time="2024-05-17T11:13:06.554628" level="INFO">False</msg>
<arg>${json_data['results'][0]}</arg>
<arg>${key}</arg>
<doc>Fails if ``key`` is not found from ``dictionary``.</doc>
<status status="PASS" start="2024-05-17T11:13:06.554205" elapsed="0.000461"/>
</kw>
<kw name="Log" owner="BuiltIn">
<msg time="2024-05-17T11:13:06.555309" level="INFO">{'gender': 'female', 'name': {'title': 'Ms', 'first': 'Seçil', 'last': 'Heslinga'}, 'location': {'street': {'number': 8704, 'name': 'Coen de Koninglaan'}, 'city': 'Loosbroek', 'state': 'Zeeland', 'country': 'Netherlands', 'postcode': '3242 PG', 'coordinates': {'latitude': '38.0524', 'longitude': '40.2741'}, 'timezone': {'offset': '+1:00', 'description': 'Brussels, Copenhagen, Madrid, Paris'}}, 'email': 'secil.heslinga@example.com', 'login': {'uuid': 'd4c7d47d-f3fe-46f7-8892-1693c79e801c', 'username': 'blackbutterfly455', 'password': 'malice', 'salt': 'o85y9DHI', 'md5': '36cb77ed6f08e664018cfbcc79d140d1', 'sha1': '658b31644fd27bce6115f580bc043920ac56b03b', 'sha256': '63a64082753b98825a3cc7182b2ab11cb9848ff43696c1a0bd7962f97d8b5c74'}, 'dob': {'date': '1977-09-21T16:51:49.943Z', 'age': 46}, 'registered': {'date': '2006-05-03T15:11:17.339Z', 'age': 18}, 'phone': '(046) 9501752', 'cell': '(06) 94957715', 'id': {'name': 'BSN', 'value': '34660943'}, 'picture': {'large': 'https://randomuser.me/api/portraits/women/74.jpg', 'medium': 'https://randomuser.me/api/portraits/med/women/74.jpg', 'thumbnail': 'https://randomuser.me/api/portraits/thumb/women/74.jpg'}, 'nat': 'NL'}</msg>
<arg>${json_data['results'][0]}</arg>
<doc>Logs the given message with the given level.</doc>
<status status="PASS" start="2024-05-17T11:13:06.554957" elapsed="0.000401"/>
</kw>
<kw name="Log" owner="BuiltIn">
<msg time="2024-05-17T11:13:06.555787" level="INFO">login</msg>
<arg>${key}</arg>
<doc>Logs the given message with the given level.</doc>
<status status="PASS" start="2024-05-17T11:13:06.555655" elapsed="0.000202"/>
</kw>
<var name="${key}">login</var>
<status status="PASS" start="2024-05-17T11:13:06.554096" elapsed="0.001981"/>
</iter>
<var>${key}</var>
<value>@{expected_keys}</value>
<status status="PASS" start="2024-05-17T11:13:06.545318" elapsed="0.010878"/>
</for>
<kw name="Create List" owner="BuiltIn">
<msg time="2024-05-17T11:13:06.556535" level="INFO">${expected_keysTwo} = ['username', 'password']</msg>
<var>${expected_keysTwo}</var>
<arg>username</arg>
<arg>password</arg>
<doc>Returns a list containing given items.</doc>
<status status="PASS" start="2024-05-17T11:13:06.556393" elapsed="0.000166"/>
</kw>
<for flavor="IN">
<iter>
<kw name="Dictionary Should Contain Key" owner="Collections">
<msg time="2024-05-17T11:13:06.557459" level="INFO">False</msg>
<arg>${json_data['results'][0]['login']}</arg>
<arg>${keyTwo}</arg>
<doc>Fails if ``key`` is not found from ``dictionary``.</doc>
<status status="PASS" start="2024-05-17T11:13:06.557072" elapsed="0.000425"/>
</kw>
<kw name="Dictionary Should Contain Key" owner="Collections">
<msg time="2024-05-17T11:13:06.558159" level="INFO">False</msg>
<arg>${json_data['results'][0]['login']}</arg>
<arg>${keyTwo}</arg>
<doc>Fails if ``key`` is not found from ``dictionary``.</doc>
<status status="PASS" start="2024-05-17T11:13:06.557788" elapsed="0.000408"/>
</kw>
<kw name="Log" owner="BuiltIn">
<msg time="2024-05-17T11:13:06.558675" level="INFO">username</msg>
<arg>${keyTwo}</arg>
<doc>Logs the given message with the given level.</doc>
<status status="PASS" start="2024-05-17T11:13:06.558542" elapsed="0.000176"/>
</kw>
<var name="${keyTwo}">username</var>
<status status="PASS" start="2024-05-17T11:13:06.556964" elapsed="0.001973"/>
</iter>
<iter>
<kw name="Dictionary Should Contain Key" owner="Collections">
<msg time="2024-05-17T11:13:06.559626" level="INFO">False</msg>
<arg>${json_data['results'][0]['login']}</arg>
<arg>${keyTwo}</arg>
<doc>Fails if ``key`` is not found from ``dictionary``.</doc>
<status status="PASS" start="2024-05-17T11:13:06.559224" elapsed="0.000441"/>
</kw>
<kw name="Dictionary Should Contain Key" owner="Collections">
<msg time="2024-05-17T11:13:06.560421" level="INFO">False</msg>
<arg>${json_data['results'][0]['login']}</arg>
<arg>${keyTwo}</arg>
<doc>Fails if ``key`` is not found from ``dictionary``.</doc>
<status status="PASS" start="2024-05-17T11:13:06.559955" elapsed="0.000504"/>
</kw>
<kw name="Log" owner="BuiltIn">
<msg time="2024-05-17T11:13:06.560895" level="INFO">password</msg>
<arg>${keyTwo}</arg>
<doc>Logs the given message with the given level.</doc>
<status status="PASS" start="2024-05-17T11:13:06.560762" elapsed="0.000171"/>
</kw>
<var name="${keyTwo}">password</var>
<status status="PASS" start="2024-05-17T11:13:06.559104" elapsed="0.002059"/>
</iter>
<var>${keyTwo}</var>
<value>@{expected_keysTwo}</value>
<status status="PASS" start="2024-05-17T11:13:06.556806" elapsed="0.004476"/>
</for>
<status status="PASS" start="2024-05-17T11:13:06.435224" elapsed="0.126200"/>
</kw>
<doc>Testa a estrutura da resposta da API.</doc>
<tag>testeEstruturaResposta</tag>
<status status="PASS" start="2024-05-17T11:13:06.434701" elapsed="0.126883"/>
</test>
<test id="s1-s1-t4" name="Validar tipos de dados" line="28">
<kw name="Teste de Tipos de Dados" owner="random-user-service">
<kw name="GET On Session" owner="RequestsLibrary">
<msg time="2024-05-17T11:13:06.636001" level="INFO">GET Request : url=https://randomuser.me/api 
 path_url=/api 
 headers={'User-Agent': 'python-requests/2.31.0', 'Accept-Encoding': 'gzip, deflate', 'Accept': '*/*', 'Connection': 'keep-alive'} 
 body=None 
 </msg>
<msg time="2024-05-17T11:13:06.636143" level="INFO">GET Response : url=https://randomuser.me/api 
 status=200, reason=OK 
 headers={'Date': 'Fri, 17 May 2024 11:13:06 GMT', 'Content-Type': 'application/json; charset=utf-8', 'Transfer-Encoding': 'chunked', 'Connection': 'keep-alive', 'X-Powered-By': 'Express', 'Access-Control-Allow-Origin': '*', 'Cache-Control': 'no-cache', 'ETag': 'W/"4a2-ICd8HU754tsQJq28KpKZ2ytMTg0"', 'Vary': 'Accept-Encoding', 'Content-Encoding': 'gzip', 'CF-Cache-Status': 'DYNAMIC', 'Report-To': '{"endpoints":[{"url":"https:\\/\\/a.nel.cloudflare.com\\/report\\/v4?s=ZL3WOrz9FUeTHa%2BH1Ys2gvlJKPhJLRw31AZZr4jMCka2Sy68p8Dr2cwEC5x9TkFNYflKOKsjBd8us9npUqQt4D9OAS1cjVpVxQnJo%2Bsf8Xa6PesXpuBbjwXf5BCoiUBr"}],"group":"cf-nel","max_age":604800}', 'NEL': '{"success_fraction":0,"report_to":"cf-nel","max_age":604800}', 'Server': 'cloudflare', 'CF-RAY': '88532d200c8305ca-IAD', 'alt-svc': 'h3=":443"; ma=86400'} 
 body={"results":[{"gender":"female","name":{"title":"Mrs","first":"Aubree","last":"Roy"},"location":{"street":{"number":3020,"name":"Lake of Bays Road"},"city":"Burlington","state":"Nova Scotia","country":"Canada","postcode":"P1S 4X7","coordinates":{"latitude":"-69.8170","longitude":"155.5838"},"timezone":{"offset":"+3:00","description":"Baghdad, Riyadh, Moscow, St. Petersburg"}},"email":"aubree.roy@example.com","login":{"uuid":"2c794917-f3e9-443d-a6c1-f44e7584f977","username":"beautifulzebra347","password":"sherman","salt":"m4Kpn2jA","md5":"1f017a069ce9a1ee3a028bcb9ddaee9a","sha1":"1aa97343f8e007f3f5c56c3adfa58358ca583237","sha256":"4c169e394cfb1a074b286844257c8a2175406abdc301f6697f305eb27c63867d"},"dob":{"date":"1961-10-18T21:36:52.784Z","age":62},"registered":{"date":"2020-06-18T18:57:20.184Z","age":3},"phone":"J53 Z54-4488","cell":"K91 E31-0116","id":{"name":"SIN","value":"778959775"},"picture":{"large":"https://randomuser.me/api/portraits/women/46.jpg","medium":"https://randomuser.me/api/portraits/med/women/46.jpg","thumbnail":"https://randomuser.me/api/portraits/thumb/women/46.jpg"},"nat":"CA"}],"info":{"seed":"39db9764466b155e","results":1,"page":1,"version":"1.4"}} 
 </msg>
<msg time="2024-05-17T11:13:06.636269" level="INFO">/opt/hostedtoolcache/Python/3.12.3/x64/lib/python3.12/site-packages/urllib3/connectionpool.py:1103: InsecureRequestWarning: Unverified HTTPS request is being made to host 'randomuser.me'. Adding certificate verification is strongly advised. See: https://urllib3.readthedocs.io/en/latest/advanced-usage.html#tls-warnings
  warnings.warn(</msg>
<msg time="2024-05-17T11:13:06.636446" level="INFO">${response} = &lt;Response [200]&gt;</msg>
<var>${response}</var>
<arg>consultarAPI</arg>
<arg>/api</arg>
<doc>Sends a GET request on a previously created HTTP Session.</doc>
<status status="PASS" start="2024-05-17T11:13:06.564079" elapsed="0.072412"/>
</kw>
<kw name="Set Variable" owner="BuiltIn">
<msg time="2024-05-17T11:13:06.637728" level="INFO">${json_data} = {'results': [{'gender': 'female', 'name': {'title': 'Mrs', 'first': 'Aubree', 'last': 'Roy'}, 'location': {'street': {'number': 3020, 'name': 'Lake of Bays Road'}, 'city': 'Burlington', 'state': 'Nova...</msg>
<var>${json_data}</var>
<arg>${response.json()}</arg>
<doc>Returns the given values which can then be assigned to a variables.</doc>
<status status="PASS" start="2024-05-17T11:13:06.637150" elapsed="0.000608"/>
</kw>
<kw name="Log" owner="BuiltIn">
<msg time="2024-05-17T11:13:06.638293" level="INFO">{'results': [{'gender': 'female', 'name': {'title': 'Mrs', 'first': 'Aubree', 'last': 'Roy'}, 'location': {'street': {'number': 3020, 'name': 'Lake of Bays Road'}, 'city': 'Burlington', 'state': 'Nova Scotia', 'country': 'Canada', 'postcode': 'P1S 4X7', 'coordinates': {'latitude': '-69.8170', 'longitude': '155.5838'}, 'timezone': {'offset': '+3:00', 'description': 'Baghdad, Riyadh, Moscow, St. Petersburg'}}, 'email': 'aubree.roy@example.com', 'login': {'uuid': '2c794917-f3e9-443d-a6c1-f44e7584f977', 'username': 'beautifulzebra347', 'password': 'sherman', 'salt': 'm4Kpn2jA', 'md5': '1f017a069ce9a1ee3a028bcb9ddaee9a', 'sha1': '1aa97343f8e007f3f5c56c3adfa58358ca583237', 'sha256': '4c169e394cfb1a074b286844257c8a2175406abdc301f6697f305eb27c63867d'}, 'dob': {'date': '1961-10-18T21:36:52.784Z', 'age': 62}, 'registered': {'date': '2020-06-18T18:57:20.184Z', 'age': 3}, 'phone': 'J53 Z54-4488', 'cell': 'K91 E31-0116', 'id': {'name': 'SIN', 'value': '778959775'}, 'picture': {'large': 'https://randomuser.me/api/portraits/women/46.jpg', 'medium': 'https://randomuser.me/api/portraits/med/women/46.jpg', 'thumbnail': 'https://randomuser.me/api/portraits/thumb/women/46.jpg'}, 'nat': 'CA'}], 'info': {'seed': '39db9764466b155e', 'results': 1, 'page': 1, 'version': '1.4'}}</msg>
<arg>${json_data}</arg>
<doc>Logs the given message with the given level.</doc>
<status status="PASS" start="2024-05-17T11:13:06.638106" elapsed="0.000303"/>
</kw>
<kw name="Should Be String" owner="String">
<arg>${json_data['results'][0]['gender']}</arg>
<doc>Fails if the given ``item`` is not a string.</doc>
<status status="PASS" start="2024-05-17T11:13:06.638736" elapsed="0.000434"/>
</kw>
<kw name="Should Match Regexp" owner="BuiltIn">
<arg>${json_data['results'][0]['email']}</arg>
<arg>^[a-zA-Z0-9._%+-]+@[a-zA-Z0-9.-]+\.[a-zA-Z]{2,}$</arg>
<doc>Fails if ``string`` does not match ``pattern`` as a regular expression.</doc>
<status status="PASS" start="2024-05-17T11:13:06.639431" elapsed="0.000625"/>
</kw>
<kw name="Should Match Regexp" owner="BuiltIn">
<arg>${json_data['results'][0]['dob']['date']}</arg>
<arg>\\d{4}-\\d{2}-\\d{2}T\\d{2}:\\d{2}:\\d{2}\\.\\d{3}Z</arg>
<doc>Fails if ``string`` does not match ``pattern`` as a regular expression.</doc>
<status status="PASS" start="2024-05-17T11:13:06.640276" elapsed="0.000519"/>
</kw>
<kw name="Should Match Regexp" owner="BuiltIn">
<arg>${json_data['results'][0]['registered']['date']}</arg>
<arg>\\d{4}-\\d{2}-\\d{2}T\\d{2}:\\d{2}:\\d{2}\\.\\d{3}Z</arg>
<doc>Fails if ``string`` does not match ``pattern`` as a regular expression.</doc>
<status status="PASS" start="2024-05-17T11:13:06.641009" elapsed="0.000406"/>
</kw>
<kw name="Should Match Regexp" owner="BuiltIn">
<arg>${json_data['results'][0]['picture']['large']}</arg>
<arg>^https?://.*\.(?:png|jpe?g|gif|bmp)$</arg>
<doc>Fails if ``string`` does not match ``pattern`` as a regular expression.</doc>
<status status="PASS" start="2024-05-17T11:13:06.641623" elapsed="0.000487"/>
</kw>
<kw name="Should Match Regexp" owner="BuiltIn">
<arg>${json_data['results'][0]['picture']['medium']}</arg>
<arg>^https?://.*\.(?:png|jpe?g|gif|bmp)$</arg>
<doc>Fails if ``string`` does not match ``pattern`` as a regular expression.</doc>
<status status="PASS" start="2024-05-17T11:13:06.642350" elapsed="0.000397"/>
</kw>
<kw name="Should Match Regexp" owner="BuiltIn">
<arg>${json_data['results'][0]['picture']['thumbnail']}</arg>
<arg>^https?://.*\.(?:png|jpe?g|gif|bmp)$</arg>
<doc>Fails if ``string`` does not match ``pattern`` as a regular expression.</doc>
<status status="PASS" start="2024-05-17T11:13:06.642960" elapsed="0.000375"/>
</kw>
<kw name="Log" owner="BuiltIn">
<msg time="2024-05-17T11:13:06.643905" level="INFO">{'large': 'https://randomuser.me/api/portraits/women/46.jpg', 'medium': 'https://randomuser.me/api/portraits/med/women/46.jpg', 'thumbnail': 'https://randomuser.me/api/portraits/thumb/women/46.jpg'}</msg>
<arg>${json_data['results'][0]['picture']}</arg>
<doc>Logs the given message with the given level.</doc>
<status status="PASS" start="2024-05-17T11:13:06.643528" elapsed="0.000423"/>
</kw>
<status status="PASS" start="2024-05-17T11:13:06.563846" elapsed="0.080413"/>
</kw>
<kw name="Teste de Tipos de Dados - Postcode" owner="random-user-service">
<kw name="GET On Session" owner="RequestsLibrary">
<msg time="2024-05-17T11:13:06.720533" level="INFO">GET Request : url=https://randomuser.me/api 
 path_url=/api 
 headers={'User-Agent': 'python-requests/2.31.0', 'Accept-Encoding': 'gzip, deflate', 'Accept': '*/*', 'Connection': 'keep-alive'} 
 body=None 
 </msg>
<msg time="2024-05-17T11:13:06.720646" level="INFO">GET Response : url=https://randomuser.me/api 
 status=200, reason=OK 
 headers={'Date': 'Fri, 17 May 2024 11:13:06 GMT', 'Content-Type': 'application/json; charset=utf-8', 'Transfer-Encoding': 'chunked', 'Connection': 'keep-alive', 'X-Powered-By': 'Express', 'Access-Control-Allow-Origin': '*', 'Cache-Control': 'no-cache', 'ETag': 'W/"480-D2oZH+pZLW6oXXcM7utr2jsDcBA"', 'Vary': 'Accept-Encoding', 'Content-Encoding': 'gzip', 'CF-Cache-Status': 'DYNAMIC', 'Report-To': '{"endpoints":[{"url":"https:\\/\\/a.nel.cloudflare.com\\/report\\/v4?s=2LJH5r43Q3ICd2hDCdtjgpf5yaL0Mqf35EAZ%2FFCoOuqY2g8wxxmR3zqjsHo9%2F9XGQBxK%2F2mc9POlTxTZLgBO6coMbZZynmHZpayNsKc1HiY5rXCpobOkd3E90%2B2yi9Xc"}],"group":"cf-nel","max_age":604800}', 'NEL': '{"success_fraction":0,"report_to":"cf-nel","max_age":604800}', 'Server': 'cloudflare', 'CF-RAY': '88532d208cee05ca-IAD', 'alt-svc': 'h3=":443"; ma=86400'} 
 body={"results":[{"gender":"male","name":{"title":"Mr","first":"Niilo","last":"Kujala"},"location":{"street":{"number":6230,"name":"Hämeenkatu"},"city":"Humppila","state":"Southern Ostrobothnia","country":"Finland","postcode":12449,"coordinates":{"latitude":"-23.8185","longitude":"-155.4232"},"timezone":{"offset":"+5:45","description":"Kathmandu"}},"email":"niilo.kujala@example.com","login":{"uuid":"96b931c0-749b-42d1-bf17-8dd22296c8d3","username":"bigkoala601","password":"yyyyyy","salt":"CqJUj2d0","md5":"d2dca18ecc834a17d02fccfa8bddb1a9","sha1":"75506a09aaacf8862ee575e56b09220823b46bd9","sha256":"8725fe02d3c127396c7e8be0a9a226a0053f563dd76b1631c9d1cc0b86dec99b"},"dob":{"date":"1990-11-18T18:26:07.087Z","age":33},"registered":{"date":"2018-12-14T06:11:57.708Z","age":5},"phone":"03-154-858","cell":"042-730-76-68","id":{"name":"HETU","value":"NaNNA787undefined"},"picture":{"large":"https://randomuser.me/api/portraits/men/16.jpg","medium":"https://randomuser.me/api/portraits/med/men/16.jpg","thumbnail":"https://randomuser.me/api/portraits/thumb/men/16.jpg"},"nat":"FI"}],"info":{"seed":"97d5e26ef0966c86","results":1,"page":1,"version":"1.4"}} 
 </msg>
<msg time="2024-05-17T11:13:06.720726" level="INFO">/opt/hostedtoolcache/Python/3.12.3/x64/lib/python3.12/site-packages/urllib3/connectionpool.py:1103: InsecureRequestWarning: Unverified HTTPS request is being made to host 'randomuser.me'. Adding certificate verification is strongly advised. See: https://urllib3.readthedocs.io/en/latest/advanced-usage.html#tls-warnings
  warnings.warn(</msg>
<msg time="2024-05-17T11:13:06.720860" level="INFO">${response} = &lt;Response [200]&gt;</msg>
<var>${response}</var>
<arg>consultarAPI</arg>
<arg>/api</arg>
<doc>Sends a GET request on a previously created HTTP Session.</doc>
<status status="PASS" start="2024-05-17T11:13:06.644766" elapsed="0.076135"/>
</kw>
<kw name="Set Variable" owner="BuiltIn">
<msg time="2024-05-17T11:13:06.722109" level="INFO">${json_data} = {'results': [{'gender': 'male', 'name': {'title': 'Mr', 'first': 'Niilo', 'last': 'Kujala'}, 'location': {'street': {'number': 6230, 'name': 'Hämeenkatu'}, 'city': 'Humppila', 'state': 'Southern Ostro...</msg>
<var>${json_data}</var>
<arg>${response.json()}</arg>
<doc>Returns the given values which can then be assigned to a variables.</doc>
<status status="PASS" start="2024-05-17T11:13:06.721534" elapsed="0.000605"/>
</kw>
<kw name="Log" owner="BuiltIn">
<msg time="2024-05-17T11:13:06.722657" level="INFO">{'results': [{'gender': 'male', 'name': {'title': 'Mr', 'first': 'Niilo', 'last': 'Kujala'}, 'location': {'street': {'number': 6230, 'name': 'Hämeenkatu'}, 'city': 'Humppila', 'state': 'Southern Ostrobothnia', 'country': 'Finland', 'postcode': 12449, 'coordinates': {'latitude': '-23.8185', 'longitude': '-155.4232'}, 'timezone': {'offset': '+5:45', 'description': 'Kathmandu'}}, 'email': 'niilo.kujala@example.com', 'login': {'uuid': '96b931c0-749b-42d1-bf17-8dd22296c8d3', 'username': 'bigkoala601', 'password': 'yyyyyy', 'salt': 'CqJUj2d0', 'md5': 'd2dca18ecc834a17d02fccfa8bddb1a9', 'sha1': '75506a09aaacf8862ee575e56b09220823b46bd9', 'sha256': '8725fe02d3c127396c7e8be0a9a226a0053f563dd76b1631c9d1cc0b86dec99b'}, 'dob': {'date': '1990-11-18T18:26:07.087Z', 'age': 33}, 'registered': {'date': '2018-12-14T06:11:57.708Z', 'age': 5}, 'phone': '03-154-858', 'cell': '042-730-76-68', 'id': {'name': 'HETU', 'value': 'NaNNA787undefined'}, 'picture': {'large': 'https://randomuser.me/api/portraits/men/16.jpg', 'medium': 'https://randomuser.me/api/portraits/med/men/16.jpg', 'thumbnail': 'https://randomuser.me/api/portraits/thumb/men/16.jpg'}, 'nat': 'FI'}], 'info': {'seed': '97d5e26ef0966c86', 'results': 1, 'page': 1, 'version': '1.4'}}</msg>
<arg>${json_data}</arg>
<doc>Logs the given message with the given level.</doc>
<status status="PASS" start="2024-05-17T11:13:06.722497" elapsed="0.000243"/>
</kw>
<kw name="Should Be Equal As Numbers" owner="BuiltIn">
<arg>${json_data['results'][0]['location']['postcode']}</arg>
<arg>${json_data['results'][0]['location']['postcode']}</arg>
<doc>Fails if objects are unequal after converting them to real numbers.</doc>
<status status="PASS" start="2024-05-17T11:13:06.723051" elapsed="0.000799"/>
</kw>
<kw name="Log" owner="BuiltIn">
<msg time="2024-05-17T11:13:06.724380" level="INFO">12449</msg>
<arg>${json_data['results'][0]['location']['postcode']}</arg>
<doc>Logs the given message with the given level.</doc>
<status status="PASS" start="2024-05-17T11:13:06.724044" elapsed="0.000375"/>
</kw>
<status status="PASS" start="2024-05-17T11:13:06.644526" elapsed="0.080146"/>
</kw>
<doc>Testa se os tipos de dados na resposta da API estão corretos.</doc>
<tag>testeTiposDados</tag>
<status status="PASS" start="2024-05-17T11:13:06.563393" elapsed="0.161446"/>
</test>
<test id="s1-s1-t5" name="Validar conteudo" line="35">
<kw name="Teste de Tipos de Conteudo" owner="random-user-service">
<kw name="GET On Session" owner="RequestsLibrary">
<msg time="2024-05-17T11:13:06.822232" level="INFO">GET Request : url=https://randomuser.me/api 
 path_url=/api 
 headers={'User-Agent': 'python-requests/2.31.0', 'Accept-Encoding': 'gzip, deflate', 'Accept': '*/*', 'Connection': 'keep-alive'} 
 body=None 
 </msg>
<msg time="2024-05-17T11:13:06.822399" level="INFO">GET Response : url=https://randomuser.me/api 
 status=200, reason=OK 
 headers={'Date': 'Fri, 17 May 2024 11:13:06 GMT', 'Content-Type': 'application/json; charset=utf-8', 'Transfer-Encoding': 'chunked', 'Connection': 'keep-alive', 'X-Powered-By': 'Express', 'Access-Control-Allow-Origin': '*', 'Cache-Control': 'no-cache', 'ETag': 'W/"497-uu9amB0p76HVKA/bGte0+YezFKw"', 'Vary': 'Accept-Encoding', 'Content-Encoding': 'gzip', 'CF-Cache-Status': 'DYNAMIC', 'Report-To': '{"endpoints":[{"url":"https:\\/\\/a.nel.cloudflare.com\\/report\\/v4?s=ElfUHtv9Wv9sycJtB34nm4YZEyjV2P04nP9viSs6%2BVYSSodjBpHP4XoIdRJZDSLSLLeGhKXhvfcXwiakm5pntsV9YLEY4DI9VdJonSEDcCLk%2B1SDEvG3CAn4PQLahZFP"}],"group":"cf-nel","max_age":604800}', 'NEL': '{"success_fraction":0,"report_to":"cf-nel","max_age":604800}', 'Server': 'cloudflare', 'CF-RAY': '88532d211d5405ca-IAD', 'alt-svc': 'h3=":443"; ma=86400'} 
 body={"results":[{"gender":"female","name":{"title":"Mrs","first":"Hannah","last":"Johnson"},"location":{"street":{"number":4299,"name":"Peachgrove Road"},"city":"Palmerston North","state":"West Coast","country":"New Zealand","postcode":49132,"coordinates":{"latitude":"52.3889","longitude":"74.2334"},"timezone":{"offset":"-1:00","description":"Azores, Cape Verde Islands"}},"email":"hannah.johnson@example.com","login":{"uuid":"55966a9f-6a5e-4798-be82-6c78dd384f1d","username":"blackgorilla804","password":"logger","salt":"Qw6CKIT5","md5":"06009736083788b67fc757d77d604661","sha1":"4b82471f24c65fc75b015dc544d04cb70d63eed2","sha256":"863f2dc90f8a0afe7e6006580b800973d3602cb0e671e67b1c472d0bc323ff71"},"dob":{"date":"1970-04-24T17:01:27.357Z","age":54},"registered":{"date":"2013-05-05T23:29:55.331Z","age":11},"phone":"(825)-390-8052","cell":"(240)-494-1167","id":{"name":"","value":null},"picture":{"large":"https://randomuser.me/api/portraits/women/82.jpg","medium":"https://randomuser.me/api/portraits/med/women/82.jpg","thumbnail":"https://randomuser.me/api/portraits/thumb/women/82.jpg"},"nat":"NZ"}],"info":{"seed":"aaa0415685f406db","results":1,"page":1,"version":"1.4"}} 
 </msg>
<msg time="2024-05-17T11:13:06.822488" level="INFO">/opt/hostedtoolcache/Python/3.12.3/x64/lib/python3.12/site-packages/urllib3/connectionpool.py:1103: InsecureRequestWarning: Unverified HTTPS request is being made to host 'randomuser.me'. Adding certificate verification is strongly advised. See: https://urllib3.readthedocs.io/en/latest/advanced-usage.html#tls-warnings
  warnings.warn(</msg>
<msg time="2024-05-17T11:13:06.822629" level="INFO">${response} = &lt;Response [200]&gt;</msg>
<var>${response}</var>
<arg>consultarAPI</arg>
<arg>/api</arg>
<doc>Sends a GET request on a previously created HTTP Session.</doc>
<status status="PASS" start="2024-05-17T11:13:06.727323" elapsed="0.095355"/>
</kw>
<kw name="Set Variable" owner="BuiltIn">
<msg time="2024-05-17T11:13:06.823758" level="INFO">${json_data} = {'results': [{'gender': 'female', 'name': {'title': 'Mrs', 'first': 'Hannah', 'last': 'Johnson'}, 'location': {'street': {'number': 4299, 'name': 'Peachgrove Road'}, 'city': 'Palmerston North', 'state...</msg>
<var>${json_data}</var>
<arg>${response.json()}</arg>
<doc>Returns the given values which can then be assigned to a variables.</doc>
<status status="PASS" start="2024-05-17T11:13:06.823246" elapsed="0.000542"/>
</kw>
<kw name="Set Variable" owner="BuiltIn">
<msg time="2024-05-17T11:13:06.824481" level="INFO">${name_title} = Mrs</msg>
<var>${name_title}</var>
<arg>${json_data["results"][0]["name"]["title"]}</arg>
<doc>Returns the given values which can then be assigned to a variables.</doc>
<status status="PASS" start="2024-05-17T11:13:06.824098" elapsed="0.000409"/>
</kw>
<kw name="Create List" owner="BuiltIn">
<msg time="2024-05-17T11:13:06.824960" level="INFO">${allowed_titles} = ['Mr', 'Ms', 'Miss', 'Mrs', 'Madame', 'Monsieur']</msg>
<var>${allowed_titles}</var>
<arg>Mr</arg>
<arg>Ms</arg>
<arg>Miss</arg>
<arg>Mrs</arg>
<arg>Madame</arg>
<arg>Monsieur</arg>
<doc>Returns a list containing given items.</doc>
<status status="PASS" start="2024-05-17T11:13:06.824810" elapsed="0.000175"/>
</kw>
<kw name="List Should Contain Value" owner="Collections">
<msg time="2024-05-17T11:13:06.825473" level="INFO">False</msg>
<arg>${allowed_titles}</arg>
<arg>${name_title}</arg>
<doc>Fails if the ``value`` is not found from ``list``.</doc>
<status status="PASS" start="2024-05-17T11:13:06.825290" elapsed="0.000221"/>
</kw>
<kw name="Set Variable" owner="BuiltIn">
<msg time="2024-05-17T11:13:06.826190" level="INFO">${name_country} = NZ</msg>
<var>${name_country}</var>
<arg>${json_data["results"][0]["nat"]}</arg>
<doc>Returns the given values which can then be assigned to a variables.</doc>
<status status="PASS" start="2024-05-17T11:13:06.825808" elapsed="0.000407"/>
</kw>
<kw name="Create List" owner="BuiltIn">
<msg time="2024-05-17T11:13:06.827153" level="INFO">${list_country} = ['AD', 'AE', 'AF', 'AG', 'AI', 'AL', 'AM', 'AO', 'AQ', 'AR', 'AS', 'AT', 'AU', 'AW', 'AX', 'AZ', 'BA', 'BB', 'BD', 'BE', 'BF', 'BG', 'BH', 'BI', 'BJ', 'BL', 'BM', 'BN', 'BO', 'BQ', 'BR', 'BS', 'BT', '...</msg>
<var>${list_country}</var>
<arg>AD</arg>
<arg>AE</arg>
<arg>AF</arg>
<arg>AG</arg>
<arg>AI</arg>
<arg>AL</arg>
<arg>AM</arg>
<arg>AO</arg>
<arg>AQ</arg>
<arg>AR</arg>
<arg>AS</arg>
<arg>AT</arg>
<arg>AU</arg>
<arg>AW</arg>
<arg>AX</arg>
<arg>AZ</arg>
<arg>BA</arg>
<arg>BB</arg>
<arg>BD</arg>
<arg>BE</arg>
<arg>BF</arg>
<arg>BG</arg>
<arg>BH</arg>
<arg>BI</arg>
<arg>BJ</arg>
<arg>BL</arg>
<arg>BM</arg>
<arg>BN</arg>
<arg>BO</arg>
<arg>BQ</arg>
<arg>BR</arg>
<arg>BS</arg>
<arg>BT</arg>
<arg>BV</arg>
<arg>BW</arg>
<arg>BY</arg>
<arg>BZ</arg>
<arg>CA</arg>
<arg>CC</arg>
<arg>CD</arg>
<arg>CF</arg>
<arg>CG</arg>
<arg>CH</arg>
<arg>CI</arg>
<arg>CK</arg>
<arg>CL</arg>
<arg>CM</arg>
<arg>CN</arg>
<arg>CO</arg>
<arg>CR</arg>
<arg>CU</arg>
<arg>CV</arg>
<arg>CW</arg>
<arg>CX</arg>
<arg>CY</arg>
<arg>CZ</arg>
<arg>DE</arg>
<arg>DJ</arg>
<arg>DK</arg>
<arg>DM</arg>
<arg>DO</arg>
<arg>DZ</arg>
<arg>EC</arg>
<arg>EE</arg>
<arg>EG</arg>
<arg>EH</arg>
<arg>ER</arg>
<arg>ES</arg>
<arg>ET</arg>
<arg>FI</arg>
<arg>FJ</arg>
<arg>FK</arg>
<arg>FM</arg>
<arg>FO</arg>
<arg>FR</arg>
<arg>GA</arg>
<arg>GB</arg>
<arg>GD</arg>
<arg>GE</arg>
<arg>GF</arg>
<arg>GG</arg>
<arg>GH</arg>
<arg>GI</arg>
<arg>GL</arg>
<arg>GM</arg>
<arg>GN</arg>
<arg>GP</arg>
<arg>GQ</arg>
<arg>GR</arg>
<arg>GS</arg>
<arg>GT</arg>
<arg>GU</arg>
<arg>GW</arg>
<arg>GY</arg>
<arg>HK</arg>
<arg>HM</arg>
<arg>HN</arg>
<arg>HR</arg>
<arg>HT</arg>
<arg>HU</arg>
<arg>ID</arg>
<arg>IE</arg>
<arg>IL</arg>
<arg>IM</arg>
<arg>IN</arg>
<arg>IO</arg>
<arg>IQ</arg>
<arg>IR</arg>
<arg>IS</arg>
<arg>IT</arg>
<arg>JE</arg>
<arg>JM</arg>
<arg>JO</arg>
<arg>JP</arg>
<arg>KE</arg>
<arg>KG</arg>
<arg>KH</arg>
<arg>KI</arg>
<arg>KM</arg>
<arg>KN</arg>
<arg>KP</arg>
<arg>KR</arg>
<arg>KW</arg>
<arg>KY</arg>
<arg>KZ</arg>
<arg>LA</arg>
<arg>LB</arg>
<arg>LC</arg>
<arg>LI</arg>
<arg>LK</arg>
<arg>LR</arg>
<arg>LS</arg>
<arg>LT</arg>
<arg>LU</arg>
<arg>LV</arg>
<arg>LY</arg>
<arg>MA</arg>
<arg>MC</arg>
<arg>MD</arg>
<arg>ME</arg>
<arg>MF</arg>
<arg>MG</arg>
<arg>MH</arg>
<arg>MK</arg>
<arg>ML</arg>
<arg>MM</arg>
<arg>MN</arg>
<arg>MO</arg>
<arg>MP</arg>
<arg>MQ</arg>
<arg>MR</arg>
<arg>MS</arg>
<arg>MT</arg>
<arg>MU</arg>
<arg>MV</arg>
<arg>MW</arg>
<arg>MX</arg>
<arg>MY</arg>
<arg>MZ</arg>
<arg>NA</arg>
<arg>NC</arg>
<arg>NE</arg>
<arg>NF</arg>
<arg>NG</arg>
<arg>NI</arg>
<arg>NL</arg>
<arg>NO</arg>
<arg>NP</arg>
<arg>NR</arg>
<arg>NU</arg>
<arg>NZ</arg>
<arg>OM</arg>
<arg>PA</arg>
<arg>PE</arg>
<arg>PF</arg>
<arg>PG</arg>
<arg>PH</arg>
<arg>PK</arg>
<arg>PL</arg>
<arg>PM</arg>
<arg>PN</arg>
<arg>PR</arg>
<arg>PS</arg>
<arg>PT</arg>
<arg>PW</arg>
<arg>PY</arg>
<arg>QA</arg>
<arg>RE</arg>
<arg>RO</arg>
<arg>RS</arg>
<arg>RU</arg>
<arg>RW</arg>
<arg>SA</arg>
<arg>SB</arg>
<arg>SC</arg>
<arg>SD</arg>
<arg>SE</arg>
<arg>SG</arg>
<arg>SH</arg>
<arg>SI</arg>
<arg>SJ</arg>
<arg>SK</arg>
<arg>SL</arg>
<arg>SM</arg>
<arg>SN</arg>
<arg>SO</arg>
<arg>SR</arg>
<arg>SS</arg>
<arg>ST</arg>
<arg>SV</arg>
<arg>SX</arg>
<arg>SY</arg>
<arg>SZ</arg>
<arg>TC</arg>
<arg>TD</arg>
<arg>TF</arg>
<arg>TG</arg>
<arg>TH</arg>
<arg>TJ</arg>
<arg>TK</arg>
<arg>TL</arg>
<arg>TM</arg>
<arg>TN</arg>
<arg>TO</arg>
<arg>TR</arg>
<arg>TT</arg>
<arg>TV</arg>
<arg>TW</arg>
<arg>TZ</arg>
<arg>UA</arg>
<arg>UG</arg>
<arg>UM</arg>
<arg>US</arg>
<arg>UY</arg>
<arg>UZ</arg>
<arg>VA</arg>
<arg>VC</arg>
<arg>VE</arg>
<arg>VG</arg>
<arg>VI</arg>
<arg>VN</arg>
<arg>VU</arg>
<arg>WF</arg>
<arg>WS</arg>
<arg>XK</arg>
<arg>YE</arg>
<arg>YT</arg>
<arg>ZA</arg>
<arg>ZM</arg>
<arg>ZW</arg>
<doc>Returns a list containing given items.</doc>
<status status="PASS" start="2024-05-17T11:13:06.826549" elapsed="0.000629"/>
</kw>
<kw name="List Should Contain Value" owner="Collections">
<msg time="2024-05-17T11:13:06.828172" level="INFO">False</msg>
<arg>${list_country}</arg>
<arg>${name_country}</arg>
<doc>Fails if the ``value`` is not found from ``list``.</doc>
<status status="PASS" start="2024-05-17T11:13:06.827968" elapsed="0.000240"/>
</kw>
<kw name="Run Keyword If" owner="BuiltIn">
<kw name="Should Be True" owner="BuiltIn">
<arg>${True}</arg>
<doc>Fails if the given condition is not true.</doc>
<status status="PASS" start="2024-05-17T11:13:06.829280" elapsed="0.000145"/>
</kw>
<arg>${json_data["results"][0]["location"]["coordinates"]["latitude"]} &gt;= -90 and ${json_data["results"][0]["location"]["coordinates"]["latitude"]} &lt;= 90</arg>
<arg>Should Be True</arg>
<arg>${True}</arg>
<doc>Runs the given keyword with the given arguments, if ``condition`` is true.</doc>
<status status="PASS" start="2024-05-17T11:13:06.828520" elapsed="0.001034"/>
</kw>
<kw name="Run Keyword If" owner="BuiltIn">
<kw name="Should Be True" owner="BuiltIn">
<arg>${True}</arg>
<doc>Fails if the given condition is not true.</doc>
<status status="PASS" start="2024-05-17T11:13:06.830464" elapsed="0.000263"/>
</kw>
<arg>${json_data["results"][0]["location"]["coordinates"]["longitude"]} &gt;= -180 and ${json_data["results"][0]["location"]["coordinates"]["longitude"]} &lt;= 180</arg>
<arg>Should Be True</arg>
<arg>${True}</arg>
<doc>Runs the given keyword with the given arguments, if ``condition`` is true.</doc>
<status status="PASS" start="2024-05-17T11:13:06.829740" elapsed="0.001116"/>
</kw>
<status status="PASS" start="2024-05-17T11:13:06.727078" elapsed="0.103913"/>
</kw>
<doc>Testa o conteúdo específico dos campos retornados pela API.</doc>
<tag>testeConteudo</tag>
<status status="PASS" start="2024-05-17T11:13:06.726620" elapsed="0.104525"/>
</test>
<status status="PASS" start="2024-05-17T11:13:05.910814" elapsed="0.922338"/>
</suite>
<status status="PASS" start="2024-05-17T11:13:05.896649" elapsed="0.941767"/>
</suite>
<statistics>
<total>
<stat pass="5" fail="0" skip="0">All Tests</stat>
</total>
<tag>
<stat pass="1" fail="0" skip="0">testeConteudo</stat>
<stat pass="1" fail="0" skip="0">testeEstruturaResposta</stat>
<stat pass="1" fail="0" skip="0">testeRequisicaoBasica</stat>
<stat pass="1" fail="0" skip="0">testeTiposDados</stat>
</tag>
<suite>
<stat pass="5" fail="0" skip="0" id="s1" name="Tests">Tests</stat>
<stat pass="5" fail="0" skip="0" id="s1-s1" name="Random-User-Test">Tests.Random-User-Test</stat>
</suite>
</statistics>
<errors>
</errors>
</robot>
