<?xml version="1.0" encoding="UTF-8"?>
<robot generator="Robot 7.0 (Python 3.12.2 on linux)" generated="2024-03-25T13:15:42.082729" rpa="false" schemaversion="5">
<suite id="s1" name="Tests" source="/home/runner/work/DesafioQAItauRogerioJordao/DesafioQAItauRogerioJordao/RamdonUser/tests">
<suite id="s1-s1" name="Random-User-Test" source="/home/runner/work/DesafioQAItauRogerioJordao/DesafioQAItauRogerioJordao/RamdonUser/tests/random-user-test.robot">
<test id="s1-s1-t1" name="Conectar" line="13">
<kw name="Conectar API" owner="random-user-service">
<kw name="Create Session" owner="RequestsLibrary">
<msg time="2024-03-25T13:15:42.449838" level="INFO">Creating Session using : alias=consultarAPI, url=https://randomuser.me/, headers={},                     cookies={}, auth=None, timeout=None, proxies=None, verify=False,                     debug=0 </msg>
<arg>consultarAPI</arg>
<arg>${URL}</arg>
<doc>Create Session: create a HTTP session to a server</doc>
<status status="PASS" start="2024-03-25T13:15:42.449636" elapsed="0.000377"/>
</kw>
<status status="PASS" start="2024-03-25T13:15:42.448631" elapsed="0.001740"/>
</kw>
<status status="PASS" start="2024-03-25T13:15:42.448094" elapsed="0.002486"/>
</test>
<test id="s1-s1-t2" name="Validar retorno 200 e JSON Válido" line="16">
<kw name="Teste de Requisicao Basica" owner="random-user-service">
<kw name="GET On Session" owner="RequestsLibrary">
<msg time="2024-03-25T13:15:42.702458" level="INFO">GET Request : url=https://randomuser.me/api 
 path_url=/api 
 headers={'User-Agent': 'python-requests/2.31.0', 'Accept-Encoding': 'gzip, deflate', 'Accept': '*/*', 'Connection': 'keep-alive'} 
 body=None 
 </msg>
<msg time="2024-03-25T13:15:42.702603" level="INFO">GET Response : url=https://randomuser.me/api 
 status=200, reason=OK 
 headers={'Date': 'Mon, 25 Mar 2024 13:15:42 GMT', 'Content-Type': 'application/json; charset=utf-8', 'Transfer-Encoding': 'chunked', 'Connection': 'keep-alive', 'X-Powered-By': 'Express', 'Access-Control-Allow-Origin': '*', 'Cache-Control': 'no-cache', 'ETag': 'W/"493-HJcTaWglcO13yLZDPIFBOHZXBQY"', 'Vary': 'Accept-Encoding', 'Content-Encoding': 'gzip', 'CF-Cache-Status': 'DYNAMIC', 'Report-To': '{"endpoints":[{"url":"https:\\/\\/a.nel.cloudflare.com\\/report\\/v4?s=143fq6RoY3abGU9NgHfxsofbhns6GFsTqxJq6b%2F4Ko9QZUO1Hm13ZwcHiZVYMp0K6tUhO7MeaoYqsuMslAmJR9Edbe4467jBoQsptmFt31mv9Ay0bWdnRk%2F42QMgW2V2"}],"group":"cf-nel","max_age":604800}', 'NEL': '{"success_fraction":0,"report_to":"cf-nel","max_age":604800}', 'Server': 'cloudflare', 'CF-RAY': '869f2bd77948112e-ORD', 'alt-svc': 'h3=":443"; ma=86400'} 
 body={"results":[{"gender":"female","name":{"title":"Miss","first":"Alyssa","last":"Castillo"},"location":{"street":{"number":4875,"name":"Karen Dr"},"city":"Riverside","state":"Indiana","country":"United States","postcode":22392,"coordinates":{"latitude":"82.6616","longitude":"118.0325"},"timezone":{"offset":"+7:00","description":"Bangkok, Hanoi, Jakarta"}},"email":"alyssa.castillo@example.com","login":{"uuid":"023c76b4-2f7f-422a-ae6f-ee7911dd51fa","username":"yellowtiger896","password":"harper","salt":"7E8ljNj6","md5":"3111f76ec9df821054208b1fa148e329","sha1":"bde7a7908b01485317c830b49b907f8907070fce","sha256":"8cf89912e8af8dd3bea187a579c34bdf61b034716edde67de000241167473565"},"dob":{"date":"1971-07-09T23:14:02.811Z","age":52},"registered":{"date":"2014-07-12T04:42:21.532Z","age":9},"phone":"(288) 419-6184","cell":"(939) 659-7671","id":{"name":"SSN","value":"804-90-1899"},"picture":{"large":"https://randomuser.me/api/portraits/women/10.jpg","medium":"https://randomuser.me/api/portraits/med/women/10.jpg","thumbnail":"https://randomuser.me/api/portraits/thumb/women/10.jpg"},"nat":"US"}],"info":{"seed":"6e718447765fcde5","results":1,"page":1,"version":"1.4"}} 
 </msg>
<msg time="2024-03-25T13:15:42.702706" level="INFO">/opt/hostedtoolcache/Python/3.12.2/x64/lib/python3.12/site-packages/urllib3/connectionpool.py:1103: InsecureRequestWarning: Unverified HTTPS request is being made to host 'randomuser.me'. Adding certificate verification is strongly advised. See: https://urllib3.readthedocs.io/en/latest/advanced-usage.html#tls-warnings
  warnings.warn(</msg>
<msg time="2024-03-25T13:15:42.702850" level="INFO">${response} = &lt;Response [200]&gt;</msg>
<var>${response}</var>
<arg>consultarAPI</arg>
<arg>/api</arg>
<doc>Sends a GET request on a previously created HTTP Session.</doc>
<status status="PASS" start="2024-03-25T13:15:42.453152" elapsed="0.249745"/>
</kw>
<kw name="Should Be Equal As Numbers" owner="BuiltIn">
<msg time="2024-03-25T13:15:42.703995" level="INFO">Argument types are:
&lt;class 'int'&gt;
&lt;class 'str'&gt;</msg>
<arg>${response.status_code}</arg>
<arg>200</arg>
<doc>Fails if objects are unequal after converting them to real numbers.</doc>
<status status="PASS" start="2024-03-25T13:15:42.703517" elapsed="0.000547"/>
</kw>
<kw name="Log" owner="BuiltIn">
<msg time="2024-03-25T13:15:42.704811" level="INFO">200</msg>
<arg>${response.status_code}</arg>
<doc>Logs the given message with the given level.</doc>
<status status="PASS" start="2024-03-25T13:15:42.704437" elapsed="0.000419"/>
</kw>
<kw name="Set Variable" owner="BuiltIn">
<msg time="2024-03-25T13:15:42.705659" level="INFO">${json_data} = {'results': [{'gender': 'female', 'name': {'title': 'Miss', 'first': 'Alyssa', 'last': 'Castillo'}, 'location': {'street': {'number': 4875, 'name': 'Karen Dr'}, 'city': 'Riverside', 'state': 'Indiana'...</msg>
<var>${json_data}</var>
<arg>${response.json()}</arg>
<doc>Returns the given values which can then be assigned to a variables.</doc>
<status status="PASS" start="2024-03-25T13:15:42.705201" elapsed="0.000487"/>
</kw>
<kw name="Dictionary Should Contain Key" owner="Collections">
<msg time="2024-03-25T13:15:42.706168" level="INFO">False</msg>
<arg>${json_data}</arg>
<arg>results</arg>
<doc>Fails if ``key`` is not found from ``dictionary``.</doc>
<status status="PASS" start="2024-03-25T13:15:42.705994" elapsed="0.000215"/>
</kw>
<status status="PASS" start="2024-03-25T13:15:42.452900" elapsed="0.253567"/>
</kw>
<doc>Testa se a API responde corretamente e retorna um objeto JSON válido.</doc>
<tag>testeRequisicaoBasica</tag>
<status status="PASS" start="2024-03-25T13:15:42.452449" elapsed="0.254210"/>
</test>
<test id="s1-s1-t3" name="Validar estrutura de resposta" line="22">
<kw name="Teste de Estrutura de Resposta" owner="random-user-service">
<kw name="GET On Session" owner="RequestsLibrary">
<msg time="2024-03-25T13:15:42.779744" level="INFO">GET Request : url=https://randomuser.me/api 
 path_url=/api 
 headers={'User-Agent': 'python-requests/2.31.0', 'Accept-Encoding': 'gzip, deflate', 'Accept': '*/*', 'Connection': 'keep-alive'} 
 body=None 
 </msg>
<msg time="2024-03-25T13:15:42.779810" level="INFO">GET Response : url=https://randomuser.me/api 
 status=200, reason=OK 
 headers={'Date': 'Mon, 25 Mar 2024 13:15:42 GMT', 'Content-Type': 'application/json; charset=utf-8', 'Transfer-Encoding': 'chunked', 'Connection': 'keep-alive', 'X-Powered-By': 'Express', 'Access-Control-Allow-Origin': '*', 'Cache-Control': 'no-cache', 'ETag': 'W/"479-clqq28IgBS1PMhesKKkHOgrBE2k"', 'Vary': 'Accept-Encoding', 'Content-Encoding': 'gzip', 'CF-Cache-Status': 'DYNAMIC', 'Report-To': '{"endpoints":[{"url":"https:\\/\\/a.nel.cloudflare.com\\/report\\/v4?s=1Ant2sE0RjqIYa5pTB8PUKYcLmS7WhNtvITVcVCkxu5WPF%2Bjc1Jve8HYBCd77NXUEkbvQMk%2BTjuRhY4Q20aevtMFsCmMOE4AoysctdCtLd42KWqOYArCuTTQVhygb2SK"}],"group":"cf-nel","max_age":604800}', 'NEL': '{"success_fraction":0,"report_to":"cf-nel","max_age":604800}', 'Server': 'cloudflare', 'CF-RAY': '869f2bd7ea0c112e-ORD', 'alt-svc': 'h3=":443"; ma=86400'} 
 body={"results":[{"gender":"male","name":{"title":"Mr","first":"Nathaniel","last":"Peterson"},"location":{"street":{"number":6050,"name":"W Gray St"},"city":"Bendigo","state":"South Australia","country":"Australia","postcode":4222,"coordinates":{"latitude":"-87.0210","longitude":"-105.0297"},"timezone":{"offset":"-9:00","description":"Alaska"}},"email":"nathaniel.peterson@example.com","login":{"uuid":"bb19e29d-dc90-4b06-8903-7a3500714375","username":"angryduck524","password":"mine","salt":"ZYLdUbAH","md5":"9eae4b37c2819f040edd57857237dcbb","sha1":"71296bde4e6fd9980c101f1178d7a07e51c1a6f5","sha256":"3b48ce3893981e346be93a3fb0eb3152c63d179015429f78e684e653bb4f3776"},"dob":{"date":"1981-03-19T02:08:02.664Z","age":43},"registered":{"date":"2006-04-24T06:40:11.760Z","age":17},"phone":"00-0412-1437","cell":"0494-857-258","id":{"name":"TFN","value":"237568520"},"picture":{"large":"https://randomuser.me/api/portraits/men/36.jpg","medium":"https://randomuser.me/api/portraits/med/men/36.jpg","thumbnail":"https://randomuser.me/api/portraits/thumb/men/36.jpg"},"nat":"AU"}],"info":{"seed":"fb37f37ba5ecc108","results":1,"page":1,"version":"1.4"}} 
 </msg>
<msg time="2024-03-25T13:15:42.779915" level="INFO">/opt/hostedtoolcache/Python/3.12.2/x64/lib/python3.12/site-packages/urllib3/connectionpool.py:1103: InsecureRequestWarning: Unverified HTTPS request is being made to host 'randomuser.me'. Adding certificate verification is strongly advised. See: https://urllib3.readthedocs.io/en/latest/advanced-usage.html#tls-warnings
  warnings.warn(</msg>
<msg time="2024-03-25T13:15:42.780018" level="INFO">${response} = &lt;Response [200]&gt;</msg>
<var>${response}</var>
<arg>consultarAPI</arg>
<arg>/api</arg>
<doc>Sends a GET request on a previously created HTTP Session.</doc>
<status status="PASS" start="2024-03-25T13:15:42.709550" elapsed="0.070514"/>
</kw>
<kw name="Set Variable" owner="BuiltIn">
<msg time="2024-03-25T13:15:42.781100" level="INFO">${json_data} = {'results': [{'gender': 'male', 'name': {'title': 'Mr', 'first': 'Nathaniel', 'last': 'Peterson'}, 'location': {'street': {'number': 6050, 'name': 'W Gray St'}, 'city': 'Bendigo', 'state': 'South Aust...</msg>
<var>${json_data}</var>
<arg>${response.json()}</arg>
<doc>Returns the given values which can then be assigned to a variables.</doc>
<status status="PASS" start="2024-03-25T13:15:42.780547" elapsed="0.000582"/>
</kw>
<kw name="Log" owner="BuiltIn">
<msg time="2024-03-25T13:15:42.781601" level="INFO">{'results': [{'gender': 'male', 'name': {'title': 'Mr', 'first': 'Nathaniel', 'last': 'Peterson'}, 'location': {'street': {'number': 6050, 'name': 'W Gray St'}, 'city': 'Bendigo', 'state': 'South Australia', 'country': 'Australia', 'postcode': 4222, 'coordinates': {'latitude': '-87.0210', 'longitude': '-105.0297'}, 'timezone': {'offset': '-9:00', 'description': 'Alaska'}}, 'email': 'nathaniel.peterson@example.com', 'login': {'uuid': 'bb19e29d-dc90-4b06-8903-7a3500714375', 'username': 'angryduck524', 'password': 'mine', 'salt': 'ZYLdUbAH', 'md5': '9eae4b37c2819f040edd57857237dcbb', 'sha1': '71296bde4e6fd9980c101f1178d7a07e51c1a6f5', 'sha256': '3b48ce3893981e346be93a3fb0eb3152c63d179015429f78e684e653bb4f3776'}, 'dob': {'date': '1981-03-19T02:08:02.664Z', 'age': 43}, 'registered': {'date': '2006-04-24T06:40:11.760Z', 'age': 17}, 'phone': '00-0412-1437', 'cell': '0494-857-258', 'id': {'name': 'TFN', 'value': '237568520'}, 'picture': {'large': 'https://randomuser.me/api/portraits/men/36.jpg', 'medium': 'https://randomuser.me/api/portraits/med/men/36.jpg', 'thumbnail': 'https://randomuser.me/api/portraits/thumb/men/36.jpg'}, 'nat': 'AU'}], 'info': {'seed': 'fb37f37ba5ecc108', 'results': 1, 'page': 1, 'version': '1.4'}}</msg>
<arg>${json_data}</arg>
<doc>Logs the given message with the given level.</doc>
<status status="PASS" start="2024-03-25T13:15:42.781444" elapsed="0.000204"/>
</kw>
<kw name="Dictionary Should Contain Key" owner="Collections">
<msg time="2024-03-25T13:15:42.782100" level="INFO">False</msg>
<arg>${json_data}</arg>
<arg>results</arg>
<doc>Fails if ``key`` is not found from ``dictionary``.</doc>
<status status="PASS" start="2024-03-25T13:15:42.781945" elapsed="0.000193"/>
</kw>
<kw name="Should Not Be Empty" owner="BuiltIn">
<msg time="2024-03-25T13:15:42.782564" level="INFO">Length is 2.</msg>
<arg>${json_data}</arg>
<doc>Verifies that the given item is not empty.</doc>
<status status="PASS" start="2024-03-25T13:15:42.782432" elapsed="0.000171"/>
</kw>
<kw name="Create List" owner="BuiltIn">
<msg time="2024-03-25T13:15:42.783045" level="INFO">${expected_keys} = ['gender', 'name', 'location', 'email', 'login']</msg>
<var>${expected_keys}</var>
<arg>gender</arg>
<arg>name</arg>
<arg>location</arg>
<arg>email</arg>
<arg>login</arg>
<doc>Returns a list containing given items.</doc>
<status status="PASS" start="2024-03-25T13:15:42.782889" elapsed="0.000180"/>
</kw>
<for flavor="IN">
<iter>
<kw name="Dictionary Should Contain Key" owner="Collections">
<msg time="2024-03-25T13:15:42.784053" level="INFO">False</msg>
<arg>${json_data['results'][0]}</arg>
<arg>${key}</arg>
<doc>Fails if ``key`` is not found from ``dictionary``.</doc>
<status status="PASS" start="2024-03-25T13:15:42.783651" elapsed="0.000441"/>
</kw>
<kw name="Log" owner="BuiltIn">
<msg time="2024-03-25T13:15:42.784802" level="INFO">{'gender': 'male', 'name': {'title': 'Mr', 'first': 'Nathaniel', 'last': 'Peterson'}, 'location': {'street': {'number': 6050, 'name': 'W Gray St'}, 'city': 'Bendigo', 'state': 'South Australia', 'country': 'Australia', 'postcode': 4222, 'coordinates': {'latitude': '-87.0210', 'longitude': '-105.0297'}, 'timezone': {'offset': '-9:00', 'description': 'Alaska'}}, 'email': 'nathaniel.peterson@example.com', 'login': {'uuid': 'bb19e29d-dc90-4b06-8903-7a3500714375', 'username': 'angryduck524', 'password': 'mine', 'salt': 'ZYLdUbAH', 'md5': '9eae4b37c2819f040edd57857237dcbb', 'sha1': '71296bde4e6fd9980c101f1178d7a07e51c1a6f5', 'sha256': '3b48ce3893981e346be93a3fb0eb3152c63d179015429f78e684e653bb4f3776'}, 'dob': {'date': '1981-03-19T02:08:02.664Z', 'age': 43}, 'registered': {'date': '2006-04-24T06:40:11.760Z', 'age': 17}, 'phone': '00-0412-1437', 'cell': '0494-857-258', 'id': {'name': 'TFN', 'value': '237568520'}, 'picture': {'large': 'https://randomuser.me/api/portraits/men/36.jpg', 'medium': 'https://randomuser.me/api/portraits/med/men/36.jpg', 'thumbnail': 'https://randomuser.me/api/portraits/thumb/men/36.jpg'}, 'nat': 'AU'}</msg>
<arg>${json_data['results'][0]}</arg>
<doc>Logs the given message with the given level.</doc>
<status status="PASS" start="2024-03-25T13:15:42.784427" elapsed="0.000429"/>
</kw>
<kw name="Log" owner="BuiltIn">
<msg time="2024-03-25T13:15:42.785291" level="INFO">gender</msg>
<arg>${key}</arg>
<doc>Logs the given message with the given level.</doc>
<status status="PASS" start="2024-03-25T13:15:42.785160" elapsed="0.000170"/>
</kw>
<var name="${key}">gender</var>
<status status="PASS" start="2024-03-25T13:15:42.783517" elapsed="0.002036"/>
</iter>
<iter>
<kw name="Dictionary Should Contain Key" owner="Collections">
<msg time="2024-03-25T13:15:42.786246" level="INFO">False</msg>
<arg>${json_data['results'][0]}</arg>
<arg>${key}</arg>
<doc>Fails if ``key`` is not found from ``dictionary``.</doc>
<status status="PASS" start="2024-03-25T13:15:42.785862" elapsed="0.000422"/>
</kw>
<kw name="Log" owner="BuiltIn">
<msg time="2024-03-25T13:15:42.786974" level="INFO">{'gender': 'male', 'name': {'title': 'Mr', 'first': 'Nathaniel', 'last': 'Peterson'}, 'location': {'street': {'number': 6050, 'name': 'W Gray St'}, 'city': 'Bendigo', 'state': 'South Australia', 'country': 'Australia', 'postcode': 4222, 'coordinates': {'latitude': '-87.0210', 'longitude': '-105.0297'}, 'timezone': {'offset': '-9:00', 'description': 'Alaska'}}, 'email': 'nathaniel.peterson@example.com', 'login': {'uuid': 'bb19e29d-dc90-4b06-8903-7a3500714375', 'username': 'angryduck524', 'password': 'mine', 'salt': 'ZYLdUbAH', 'md5': '9eae4b37c2819f040edd57857237dcbb', 'sha1': '71296bde4e6fd9980c101f1178d7a07e51c1a6f5', 'sha256': '3b48ce3893981e346be93a3fb0eb3152c63d179015429f78e684e653bb4f3776'}, 'dob': {'date': '1981-03-19T02:08:02.664Z', 'age': 43}, 'registered': {'date': '2006-04-24T06:40:11.760Z', 'age': 17}, 'phone': '00-0412-1437', 'cell': '0494-857-258', 'id': {'name': 'TFN', 'value': '237568520'}, 'picture': {'large': 'https://randomuser.me/api/portraits/men/36.jpg', 'medium': 'https://randomuser.me/api/portraits/med/men/36.jpg', 'thumbnail': 'https://randomuser.me/api/portraits/thumb/men/36.jpg'}, 'nat': 'AU'}</msg>
<arg>${json_data['results'][0]}</arg>
<doc>Logs the given message with the given level.</doc>
<status status="PASS" start="2024-03-25T13:15:42.786614" elapsed="0.000407"/>
</kw>
<kw name="Log" owner="BuiltIn">
<msg time="2024-03-25T13:15:42.787472" level="INFO">name</msg>
<arg>${key}</arg>
<doc>Logs the given message with the given level.</doc>
<status status="PASS" start="2024-03-25T13:15:42.787331" elapsed="0.000187"/>
</kw>
<var name="${key}">name</var>
<status status="PASS" start="2024-03-25T13:15:42.785746" elapsed="0.001992"/>
</iter>
<iter>
<kw name="Dictionary Should Contain Key" owner="Collections">
<msg time="2024-03-25T13:15:42.788491" level="INFO">False</msg>
<arg>${json_data['results'][0]}</arg>
<arg>${key}</arg>
<doc>Fails if ``key`` is not found from ``dictionary``.</doc>
<status status="PASS" start="2024-03-25T13:15:42.788051" elapsed="0.000490"/>
</kw>
<kw name="Log" owner="BuiltIn">
<msg time="2024-03-25T13:15:42.789204" level="INFO">{'gender': 'male', 'name': {'title': 'Mr', 'first': 'Nathaniel', 'last': 'Peterson'}, 'location': {'street': {'number': 6050, 'name': 'W Gray St'}, 'city': 'Bendigo', 'state': 'South Australia', 'country': 'Australia', 'postcode': 4222, 'coordinates': {'latitude': '-87.0210', 'longitude': '-105.0297'}, 'timezone': {'offset': '-9:00', 'description': 'Alaska'}}, 'email': 'nathaniel.peterson@example.com', 'login': {'uuid': 'bb19e29d-dc90-4b06-8903-7a3500714375', 'username': 'angryduck524', 'password': 'mine', 'salt': 'ZYLdUbAH', 'md5': '9eae4b37c2819f040edd57857237dcbb', 'sha1': '71296bde4e6fd9980c101f1178d7a07e51c1a6f5', 'sha256': '3b48ce3893981e346be93a3fb0eb3152c63d179015429f78e684e653bb4f3776'}, 'dob': {'date': '1981-03-19T02:08:02.664Z', 'age': 43}, 'registered': {'date': '2006-04-24T06:40:11.760Z', 'age': 17}, 'phone': '00-0412-1437', 'cell': '0494-857-258', 'id': {'name': 'TFN', 'value': '237568520'}, 'picture': {'large': 'https://randomuser.me/api/portraits/men/36.jpg', 'medium': 'https://randomuser.me/api/portraits/med/men/36.jpg', 'thumbnail': 'https://randomuser.me/api/portraits/thumb/men/36.jpg'}, 'nat': 'AU'}</msg>
<arg>${json_data['results'][0]}</arg>
<doc>Logs the given message with the given level.</doc>
<status status="PASS" start="2024-03-25T13:15:42.788842" elapsed="0.000414"/>
</kw>
<kw name="Log" owner="BuiltIn">
<msg time="2024-03-25T13:15:42.789675" level="INFO">location</msg>
<arg>${key}</arg>
<doc>Logs the given message with the given level.</doc>
<status status="PASS" start="2024-03-25T13:15:42.789549" elapsed="0.000165"/>
</kw>
<var name="${key}">location</var>
<status status="PASS" start="2024-03-25T13:15:42.787939" elapsed="0.001989"/>
</iter>
<iter>
<kw name="Dictionary Should Contain Key" owner="Collections">
<msg time="2024-03-25T13:15:42.790591" level="INFO">False</msg>
<arg>${json_data['results'][0]}</arg>
<arg>${key}</arg>
<doc>Fails if ``key`` is not found from ``dictionary``.</doc>
<status status="PASS" start="2024-03-25T13:15:42.790219" elapsed="0.000409"/>
</kw>
<kw name="Log" owner="BuiltIn">
<msg time="2024-03-25T13:15:42.791279" level="INFO">{'gender': 'male', 'name': {'title': 'Mr', 'first': 'Nathaniel', 'last': 'Peterson'}, 'location': {'street': {'number': 6050, 'name': 'W Gray St'}, 'city': 'Bendigo', 'state': 'South Australia', 'country': 'Australia', 'postcode': 4222, 'coordinates': {'latitude': '-87.0210', 'longitude': '-105.0297'}, 'timezone': {'offset': '-9:00', 'description': 'Alaska'}}, 'email': 'nathaniel.peterson@example.com', 'login': {'uuid': 'bb19e29d-dc90-4b06-8903-7a3500714375', 'username': 'angryduck524', 'password': 'mine', 'salt': 'ZYLdUbAH', 'md5': '9eae4b37c2819f040edd57857237dcbb', 'sha1': '71296bde4e6fd9980c101f1178d7a07e51c1a6f5', 'sha256': '3b48ce3893981e346be93a3fb0eb3152c63d179015429f78e684e653bb4f3776'}, 'dob': {'date': '1981-03-19T02:08:02.664Z', 'age': 43}, 'registered': {'date': '2006-04-24T06:40:11.760Z', 'age': 17}, 'phone': '00-0412-1437', 'cell': '0494-857-258', 'id': {'name': 'TFN', 'value': '237568520'}, 'picture': {'large': 'https://randomuser.me/api/portraits/men/36.jpg', 'medium': 'https://randomuser.me/api/portraits/med/men/36.jpg', 'thumbnail': 'https://randomuser.me/api/portraits/thumb/men/36.jpg'}, 'nat': 'AU'}</msg>
<arg>${json_data['results'][0]}</arg>
<doc>Logs the given message with the given level.</doc>
<status status="PASS" start="2024-03-25T13:15:42.790929" elapsed="0.000397"/>
</kw>
<kw name="Log" owner="BuiltIn">
<msg time="2024-03-25T13:15:42.791747" level="INFO">email</msg>
<arg>${key}</arg>
<doc>Logs the given message with the given level.</doc>
<status status="PASS" start="2024-03-25T13:15:42.791619" elapsed="0.000167"/>
</kw>
<var name="${key}">email</var>
<status status="PASS" start="2024-03-25T13:15:42.790109" elapsed="0.001890"/>
</iter>
<iter>
<kw name="Dictionary Should Contain Key" owner="Collections">
<msg time="2024-03-25T13:15:42.792711" level="INFO">False</msg>
<arg>${json_data['results'][0]}</arg>
<arg>${key}</arg>
<doc>Fails if ``key`` is not found from ``dictionary``.</doc>
<status status="PASS" start="2024-03-25T13:15:42.792291" elapsed="0.000458"/>
</kw>
<kw name="Log" owner="BuiltIn">
<msg time="2024-03-25T13:15:42.793393" level="INFO">{'gender': 'male', 'name': {'title': 'Mr', 'first': 'Nathaniel', 'last': 'Peterson'}, 'location': {'street': {'number': 6050, 'name': 'W Gray St'}, 'city': 'Bendigo', 'state': 'South Australia', 'country': 'Australia', 'postcode': 4222, 'coordinates': {'latitude': '-87.0210', 'longitude': '-105.0297'}, 'timezone': {'offset': '-9:00', 'description': 'Alaska'}}, 'email': 'nathaniel.peterson@example.com', 'login': {'uuid': 'bb19e29d-dc90-4b06-8903-7a3500714375', 'username': 'angryduck524', 'password': 'mine', 'salt': 'ZYLdUbAH', 'md5': '9eae4b37c2819f040edd57857237dcbb', 'sha1': '71296bde4e6fd9980c101f1178d7a07e51c1a6f5', 'sha256': '3b48ce3893981e346be93a3fb0eb3152c63d179015429f78e684e653bb4f3776'}, 'dob': {'date': '1981-03-19T02:08:02.664Z', 'age': 43}, 'registered': {'date': '2006-04-24T06:40:11.760Z', 'age': 17}, 'phone': '00-0412-1437', 'cell': '0494-857-258', 'id': {'name': 'TFN', 'value': '237568520'}, 'picture': {'large': 'https://randomuser.me/api/portraits/men/36.jpg', 'medium': 'https://randomuser.me/api/portraits/med/men/36.jpg', 'thumbnail': 'https://randomuser.me/api/portraits/thumb/men/36.jpg'}, 'nat': 'AU'}</msg>
<arg>${json_data['results'][0]}</arg>
<doc>Logs the given message with the given level.</doc>
<status status="PASS" start="2024-03-25T13:15:42.793043" elapsed="0.000397"/>
</kw>
<kw name="Log" owner="BuiltIn">
<msg time="2024-03-25T13:15:42.793858" level="INFO">login</msg>
<arg>${key}</arg>
<doc>Logs the given message with the given level.</doc>
<status status="PASS" start="2024-03-25T13:15:42.793730" elapsed="0.000271"/>
</kw>
<var name="${key}">login</var>
<status status="PASS" start="2024-03-25T13:15:42.792175" elapsed="0.002051"/>
</iter>
<var>${key}</var>
<value>@{expected_keys}</value>
<status status="PASS" start="2024-03-25T13:15:42.783328" elapsed="0.011049"/>
</for>
<kw name="Create List" owner="BuiltIn">
<msg time="2024-03-25T13:15:42.794726" level="INFO">${expected_keysTwo} = ['username', 'password']</msg>
<var>${expected_keysTwo}</var>
<arg>username</arg>
<arg>password</arg>
<doc>Returns a list containing given items.</doc>
<status status="PASS" start="2024-03-25T13:15:42.794587" elapsed="0.000163"/>
</kw>
<for flavor="IN">
<iter>
<kw name="Dictionary Should Contain Key" owner="Collections">
<msg time="2024-03-25T13:15:42.795655" level="INFO">False</msg>
<arg>${json_data['results'][0]['login']}</arg>
<arg>${keyTwo}</arg>
<doc>Fails if ``key`` is not found from ``dictionary``.</doc>
<status status="PASS" start="2024-03-25T13:15:42.795255" elapsed="0.000439"/>
</kw>
<kw name="Dictionary Should Contain Key" owner="Collections">
<msg time="2024-03-25T13:15:42.796434" level="INFO">False</msg>
<arg>${json_data['results'][0]['login']}</arg>
<arg>${keyTwo}</arg>
<doc>Fails if ``key`` is not found from ``dictionary``.</doc>
<status status="PASS" start="2024-03-25T13:15:42.796011" elapsed="0.000464"/>
</kw>
<kw name="Log" owner="BuiltIn">
<msg time="2024-03-25T13:15:42.796910" level="INFO">username</msg>
<arg>${keyTwo}</arg>
<doc>Logs the given message with the given level.</doc>
<status status="PASS" start="2024-03-25T13:15:42.796782" elapsed="0.000166"/>
</kw>
<var name="${keyTwo}">username</var>
<status status="PASS" start="2024-03-25T13:15:42.795145" elapsed="0.002016"/>
</iter>
<iter>
<kw name="Dictionary Should Contain Key" owner="Collections">
<msg time="2024-03-25T13:15:42.797824" level="INFO">False</msg>
<arg>${json_data['results'][0]['login']}</arg>
<arg>${keyTwo}</arg>
<doc>Fails if ``key`` is not found from ``dictionary``.</doc>
<status status="PASS" start="2024-03-25T13:15:42.797444" elapsed="0.000417"/>
</kw>
<kw name="Dictionary Should Contain Key" owner="Collections">
<msg time="2024-03-25T13:15:42.798532" level="INFO">False</msg>
<arg>${json_data['results'][0]['login']}</arg>
<arg>${keyTwo}</arg>
<doc>Fails if ``key`` is not found from ``dictionary``.</doc>
<status status="PASS" start="2024-03-25T13:15:42.798152" elapsed="0.000418"/>
</kw>
<kw name="Log" owner="BuiltIn">
<msg time="2024-03-25T13:15:42.798991" level="INFO">password</msg>
<arg>${keyTwo}</arg>
<doc>Logs the given message with the given level.</doc>
<status status="PASS" start="2024-03-25T13:15:42.798863" elapsed="0.000166"/>
</kw>
<var name="${keyTwo}">password</var>
<status status="PASS" start="2024-03-25T13:15:42.797334" elapsed="0.001910"/>
</iter>
<var>${keyTwo}</var>
<value>@{expected_keysTwo}</value>
<status status="PASS" start="2024-03-25T13:15:42.794990" elapsed="0.004379"/>
</for>
<status status="PASS" start="2024-03-25T13:15:42.709308" elapsed="0.090207"/>
</kw>
<doc>Testa a estrutura da resposta da API.</doc>
<tag>testeEstruturaResposta</tag>
<status status="PASS" start="2024-03-25T13:15:42.708554" elapsed="0.091126"/>
</test>
<test id="s1-s1-t4" name="Validar tipos de dados" line="28">
<kw name="Teste de Tipos de Dados" owner="random-user-service">
<kw name="GET On Session" owner="RequestsLibrary">
<msg time="2024-03-25T13:15:42.881166" level="INFO">GET Request : url=https://randomuser.me/api 
 path_url=/api 
 headers={'User-Agent': 'python-requests/2.31.0', 'Accept-Encoding': 'gzip, deflate', 'Accept': '*/*', 'Connection': 'keep-alive'} 
 body=None 
 </msg>
<msg time="2024-03-25T13:15:42.881229" level="INFO">GET Response : url=https://randomuser.me/api 
 status=200, reason=OK 
 headers={'Date': 'Mon, 25 Mar 2024 13:15:42 GMT', 'Content-Type': 'application/json; charset=utf-8', 'Transfer-Encoding': 'chunked', 'Connection': 'keep-alive', 'X-Powered-By': 'Express', 'Access-Control-Allow-Origin': '*', 'Cache-Control': 'no-cache', 'ETag': 'W/"479-nftMSdWZwSpD4tzJti1wiG/Wk3w"', 'Vary': 'Accept-Encoding', 'Content-Encoding': 'gzip', 'CF-Cache-Status': 'DYNAMIC', 'Report-To': '{"endpoints":[{"url":"https:\\/\\/a.nel.cloudflare.com\\/report\\/v4?s=gIxx11sqFrk%2FSnNdLrFc4EG3KgPyx5XzoYMr4DD077MmzGGn5SzpEXkWfN5HKN1w37xq4yYT4gh9cOsHh55b%2FzDO55vNRka7Hm6JqatERjD%2Fq3hu9TFvlQYiHmJTCHRh"}],"group":"cf-nel","max_age":604800}', 'NEL': '{"success_fraction":0,"report_to":"cf-nel","max_age":604800}', 'Server': 'cloudflare', 'CF-RAY': '869f2bd88af3112e-ORD', 'alt-svc': 'h3=":443"; ma=86400'} 
 body={"results":[{"gender":"male","name":{"title":"Mr","first":"Mikail","last":"Austad"},"location":{"street":{"number":7978,"name":"Vardøgata"},"city":"Leinstrand","state":"Vest-Agder","country":"Norway","postcode":"1472","coordinates":{"latitude":"43.6183","longitude":"-70.2142"},"timezone":{"offset":"+2:00","description":"Kaliningrad, South Africa"}},"email":"mikail.austad@example.com","login":{"uuid":"a08ce7ef-1fa4-4ecd-8077-35d53653a867","username":"heavyladybug307","password":"1949","salt":"h8Ns5U1b","md5":"73562a23ef64b716a319b3020b58720f","sha1":"b18be1cc00674e81cf2b6e11755a83f90cf9236a","sha256":"6d5b5918b3a2a23bcd626be6a0537a09ee20f3d092bb6e7f31d9a57823a1eecc"},"dob":{"date":"1963-08-11T07:54:26.908Z","age":60},"registered":{"date":"2019-08-12T04:25:51.917Z","age":4},"phone":"34326534","cell":"41691288","id":{"name":"FN","value":"11086342377"},"picture":{"large":"https://randomuser.me/api/portraits/men/32.jpg","medium":"https://randomuser.me/api/portraits/med/men/32.jpg","thumbnail":"https://randomuser.me/api/portraits/thumb/men/32.jpg"},"nat":"NO"}],"info":{"seed":"a182fa93782d0184","results":1,"page":1,"version":"1.4"}} 
 </msg>
<msg time="2024-03-25T13:15:42.881284" level="INFO">/opt/hostedtoolcache/Python/3.12.2/x64/lib/python3.12/site-packages/urllib3/connectionpool.py:1103: InsecureRequestWarning: Unverified HTTPS request is being made to host 'randomuser.me'. Adding certificate verification is strongly advised. See: https://urllib3.readthedocs.io/en/latest/advanced-usage.html#tls-warnings
  warnings.warn(</msg>
<msg time="2024-03-25T13:15:42.881380" level="INFO">${response} = &lt;Response [200]&gt;</msg>
<var>${response}</var>
<arg>consultarAPI</arg>
<arg>/api</arg>
<doc>Sends a GET request on a previously created HTTP Session.</doc>
<status status="PASS" start="2024-03-25T13:15:42.802216" elapsed="0.079202"/>
</kw>
<kw name="Set Variable" owner="BuiltIn">
<msg time="2024-03-25T13:15:42.882390" level="INFO">${json_data} = {'results': [{'gender': 'male', 'name': {'title': 'Mr', 'first': 'Mikail', 'last': 'Austad'}, 'location': {'street': {'number': 7978, 'name': 'Vardøgata'}, 'city': 'Leinstrand', 'state': 'Vest-Agder',...</msg>
<var>${json_data}</var>
<arg>${response.json()}</arg>
<doc>Returns the given values which can then be assigned to a variables.</doc>
<status status="PASS" start="2024-03-25T13:15:42.881853" elapsed="0.000566"/>
</kw>
<kw name="Log" owner="BuiltIn">
<msg time="2024-03-25T13:15:42.882886" level="INFO">{'results': [{'gender': 'male', 'name': {'title': 'Mr', 'first': 'Mikail', 'last': 'Austad'}, 'location': {'street': {'number': 7978, 'name': 'Vardøgata'}, 'city': 'Leinstrand', 'state': 'Vest-Agder', 'country': 'Norway', 'postcode': '1472', 'coordinates': {'latitude': '43.6183', 'longitude': '-70.2142'}, 'timezone': {'offset': '+2:00', 'description': 'Kaliningrad, South Africa'}}, 'email': 'mikail.austad@example.com', 'login': {'uuid': 'a08ce7ef-1fa4-4ecd-8077-35d53653a867', 'username': 'heavyladybug307', 'password': '1949', 'salt': 'h8Ns5U1b', 'md5': '73562a23ef64b716a319b3020b58720f', 'sha1': 'b18be1cc00674e81cf2b6e11755a83f90cf9236a', 'sha256': '6d5b5918b3a2a23bcd626be6a0537a09ee20f3d092bb6e7f31d9a57823a1eecc'}, 'dob': {'date': '1963-08-11T07:54:26.908Z', 'age': 60}, 'registered': {'date': '2019-08-12T04:25:51.917Z', 'age': 4}, 'phone': '34326534', 'cell': '41691288', 'id': {'name': 'FN', 'value': '11086342377'}, 'picture': {'large': 'https://randomuser.me/api/portraits/men/32.jpg', 'medium': 'https://randomuser.me/api/portraits/med/men/32.jpg', 'thumbnail': 'https://randomuser.me/api/portraits/thumb/men/32.jpg'}, 'nat': 'NO'}], 'info': {'seed': 'a182fa93782d0184', 'results': 1, 'page': 1, 'version': '1.4'}}</msg>
<arg>${json_data}</arg>
<doc>Logs the given message with the given level.</doc>
<status status="PASS" start="2024-03-25T13:15:42.882731" elapsed="0.000206"/>
</kw>
<kw name="Should Be String" owner="String">
<arg>${json_data['results'][0]['gender']}</arg>
<doc>Fails if the given ``item`` is not a string.</doc>
<status status="PASS" start="2024-03-25T13:15:42.883256" elapsed="0.000366"/>
</kw>
<kw name="Should Match Regexp" owner="BuiltIn">
<arg>${json_data['results'][0]['email']}</arg>
<arg>^[a-zA-Z0-9._%+-]+@[a-zA-Z0-9.-]+\.[a-zA-Z]{2,}$</arg>
<doc>Fails if ``string`` does not match ``pattern`` as a regular expression.</doc>
<status status="PASS" start="2024-03-25T13:15:42.883817" elapsed="0.000509"/>
</kw>
<kw name="Should Match Regexp" owner="BuiltIn">
<arg>${json_data['results'][0]['dob']['date']}</arg>
<arg>\\d{4}-\\d{2}-\\d{2}T\\d{2}:\\d{2}:\\d{2}\\.\\d{3}Z</arg>
<doc>Fails if ``string`` does not match ``pattern`` as a regular expression.</doc>
<status status="PASS" start="2024-03-25T13:15:42.884561" elapsed="0.000495"/>
</kw>
<kw name="Should Match Regexp" owner="BuiltIn">
<arg>${json_data['results'][0]['registered']['date']}</arg>
<arg>\\d{4}-\\d{2}-\\d{2}T\\d{2}:\\d{2}:\\d{2}\\.\\d{3}Z</arg>
<doc>Fails if ``string`` does not match ``pattern`` as a regular expression.</doc>
<status status="PASS" start="2024-03-25T13:15:42.885249" elapsed="0.000373"/>
</kw>
<kw name="Should Match Regexp" owner="BuiltIn">
<arg>${json_data['results'][0]['picture']['large']}</arg>
<arg>^https?://.*\.(?:png|jpe?g|gif|bmp)$</arg>
<doc>Fails if ``string`` does not match ``pattern`` as a regular expression.</doc>
<status status="PASS" start="2024-03-25T13:15:42.885814" elapsed="0.000460"/>
</kw>
<kw name="Should Match Regexp" owner="BuiltIn">
<arg>${json_data['results'][0]['picture']['medium']}</arg>
<arg>^https?://.*\.(?:png|jpe?g|gif|bmp)$</arg>
<doc>Fails if ``string`` does not match ``pattern`` as a regular expression.</doc>
<status status="PASS" start="2024-03-25T13:15:42.886466" elapsed="0.000361"/>
</kw>
<kw name="Should Match Regexp" owner="BuiltIn">
<arg>${json_data['results'][0]['picture']['thumbnail']}</arg>
<arg>^https?://.*\.(?:png|jpe?g|gif|bmp)$</arg>
<doc>Fails if ``string`` does not match ``pattern`` as a regular expression.</doc>
<status status="PASS" start="2024-03-25T13:15:42.887013" elapsed="0.000355"/>
</kw>
<kw name="Log" owner="BuiltIn">
<msg time="2024-03-25T13:15:42.887879" level="INFO">{'large': 'https://randomuser.me/api/portraits/men/32.jpg', 'medium': 'https://randomuser.me/api/portraits/med/men/32.jpg', 'thumbnail': 'https://randomuser.me/api/portraits/thumb/men/32.jpg'}</msg>
<arg>${json_data['results'][0]['picture']}</arg>
<doc>Logs the given message with the given level.</doc>
<status status="PASS" start="2024-03-25T13:15:42.887549" elapsed="0.000377"/>
</kw>
<status status="PASS" start="2024-03-25T13:15:42.801990" elapsed="0.086200"/>
</kw>
<kw name="Teste de Tipos de Dados - Postcode" owner="random-user-service">
<kw name="GET On Session" owner="RequestsLibrary">
<msg time="2024-03-25T13:15:42.988775" level="INFO">GET Request : url=https://randomuser.me/api 
 path_url=/api 
 headers={'User-Agent': 'python-requests/2.31.0', 'Accept-Encoding': 'gzip, deflate', 'Accept': '*/*', 'Connection': 'keep-alive'} 
 body=None 
 </msg>
<msg time="2024-03-25T13:15:42.988861" level="INFO">GET Response : url=https://randomuser.me/api 
 status=200, reason=OK 
 headers={'Date': 'Mon, 25 Mar 2024 13:15:42 GMT', 'Content-Type': 'application/json; charset=utf-8', 'Transfer-Encoding': 'chunked', 'Connection': 'keep-alive', 'X-Powered-By': 'Express', 'Access-Control-Allow-Origin': '*', 'Cache-Control': 'no-cache', 'ETag': 'W/"493-i1mwoWiAxTesVzjgtxohq9CTSFg"', 'Vary': 'Accept-Encoding', 'Content-Encoding': 'gzip', 'CF-Cache-Status': 'DYNAMIC', 'Report-To': '{"endpoints":[{"url":"https:\\/\\/a.nel.cloudflare.com\\/report\\/v4?s=ZlkUjFO15SgupitEPFYFYWLGanTqy6vY2YZxwBzxg5K9bQLkX%2FJYS3NctE7GVwNj%2FzV5Ru7j7ShqlcoR6VsxwEsm5ifYglFBKaHvC9X0cMlNPt9KHydHF8fa%2FF0vO4gC"}],"group":"cf-nel","max_age":604800}', 'NEL': '{"success_fraction":0,"report_to":"cf-nel","max_age":604800}', 'Server': 'cloudflare', 'CF-RAY': '869f2bd90bd3112e-ORD', 'alt-svc': 'h3=":443"; ma=86400'} 
 body={"results":[{"gender":"male","name":{"title":"Mr","first":"Carlos","last":"Crawford"},"location":{"street":{"number":17,"name":"Bruce St"},"city":"Shepparton","state":"Australian Capital Territory","country":"Australia","postcode":9705,"coordinates":{"latitude":"-87.3837","longitude":"-116.4283"},"timezone":{"offset":"+6:00","description":"Almaty, Dhaka, Colombo"}},"email":"carlos.crawford@example.com","login":{"uuid":"22c01c12-6f42-4040-9c0d-50c8f526a52b","username":"angrysnake422","password":"scarlet","salt":"A9qkdsdw","md5":"42c80335f3bcf79641d562e0ce9e9e9f","sha1":"016a8c3e26f2f56b72511ef2cee230c190f7c933","sha256":"d562b70f315c477b94359e4f98362c9a7e09c4f480da3e30f51c5dcd2d99e877"},"dob":{"date":"1948-01-06T04:01:31.212Z","age":76},"registered":{"date":"2017-06-05T10:31:11.821Z","age":6},"phone":"09-3146-3172","cell":"0478-826-073","id":{"name":"TFN","value":"290522496"},"picture":{"large":"https://randomuser.me/api/portraits/men/55.jpg","medium":"https://randomuser.me/api/portraits/med/men/55.jpg","thumbnail":"https://randomuser.me/api/portraits/thumb/men/55.jpg"},"nat":"AU"}],"info":{"seed":"85489b3d3aaed3ad","results":1,"page":1,"version":"1.4"}} 
 </msg>
<msg time="2024-03-25T13:15:42.988938" level="INFO">/opt/hostedtoolcache/Python/3.12.2/x64/lib/python3.12/site-packages/urllib3/connectionpool.py:1103: InsecureRequestWarning: Unverified HTTPS request is being made to host 'randomuser.me'. Adding certificate verification is strongly advised. See: https://urllib3.readthedocs.io/en/latest/advanced-usage.html#tls-warnings
  warnings.warn(</msg>
<msg time="2024-03-25T13:15:42.989045" level="INFO">${response} = &lt;Response [200]&gt;</msg>
<var>${response}</var>
<arg>consultarAPI</arg>
<arg>/api</arg>
<doc>Sends a GET request on a previously created HTTP Session.</doc>
<status status="PASS" start="2024-03-25T13:15:42.888825" elapsed="0.100245"/>
</kw>
<kw name="Set Variable" owner="BuiltIn">
<msg time="2024-03-25T13:15:42.990069" level="INFO">${json_data} = {'results': [{'gender': 'male', 'name': {'title': 'Mr', 'first': 'Carlos', 'last': 'Crawford'}, 'location': {'street': {'number': 17, 'name': 'Bruce St'}, 'city': 'Shepparton', 'state': 'Australian Ca...</msg>
<var>${json_data}</var>
<arg>${response.json()}</arg>
<doc>Returns the given values which can then be assigned to a variables.</doc>
<status status="PASS" start="2024-03-25T13:15:42.989580" elapsed="0.000519"/>
</kw>
<kw name="Log" owner="BuiltIn">
<msg time="2024-03-25T13:15:42.990553" level="INFO">{'results': [{'gender': 'male', 'name': {'title': 'Mr', 'first': 'Carlos', 'last': 'Crawford'}, 'location': {'street': {'number': 17, 'name': 'Bruce St'}, 'city': 'Shepparton', 'state': 'Australian Capital Territory', 'country': 'Australia', 'postcode': 9705, 'coordinates': {'latitude': '-87.3837', 'longitude': '-116.4283'}, 'timezone': {'offset': '+6:00', 'description': 'Almaty, Dhaka, Colombo'}}, 'email': 'carlos.crawford@example.com', 'login': {'uuid': '22c01c12-6f42-4040-9c0d-50c8f526a52b', 'username': 'angrysnake422', 'password': 'scarlet', 'salt': 'A9qkdsdw', 'md5': '42c80335f3bcf79641d562e0ce9e9e9f', 'sha1': '016a8c3e26f2f56b72511ef2cee230c190f7c933', 'sha256': 'd562b70f315c477b94359e4f98362c9a7e09c4f480da3e30f51c5dcd2d99e877'}, 'dob': {'date': '1948-01-06T04:01:31.212Z', 'age': 76}, 'registered': {'date': '2017-06-05T10:31:11.821Z', 'age': 6}, 'phone': '09-3146-3172', 'cell': '0478-826-073', 'id': {'name': 'TFN', 'value': '290522496'}, 'picture': {'large': 'https://randomuser.me/api/portraits/men/55.jpg', 'medium': 'https://randomuser.me/api/portraits/med/men/55.jpg', 'thumbnail': 'https://randomuser.me/api/portraits/thumb/men/55.jpg'}, 'nat': 'AU'}], 'info': {'seed': '85489b3d3aaed3ad', 'results': 1, 'page': 1, 'version': '1.4'}}</msg>
<arg>${json_data}</arg>
<doc>Logs the given message with the given level.</doc>
<status status="PASS" start="2024-03-25T13:15:42.990401" elapsed="0.000199"/>
</kw>
<kw name="Should Be Equal As Numbers" owner="BuiltIn">
<arg>${json_data['results'][0]['location']['postcode']}</arg>
<arg>${json_data['results'][0]['location']['postcode']}</arg>
<doc>Fails if objects are unequal after converting them to real numbers.</doc>
<status status="PASS" start="2024-03-25T13:15:42.990894" elapsed="0.000655"/>
</kw>
<kw name="Log" owner="BuiltIn">
<msg time="2024-03-25T13:15:42.992079" level="INFO">9705</msg>
<arg>${json_data['results'][0]['location']['postcode']}</arg>
<doc>Logs the given message with the given level.</doc>
<status status="PASS" start="2024-03-25T13:15:42.991749" elapsed="0.000370"/>
</kw>
<status status="PASS" start="2024-03-25T13:15:42.888436" elapsed="0.103936"/>
</kw>
<doc>Testa se os tipos de dados na resposta da API estão corretos.</doc>
<tag>testeTiposDados</tag>
<status status="PASS" start="2024-03-25T13:15:42.801466" elapsed="0.191105"/>
</test>
<test id="s1-s1-t5" name="Validar conteudo" line="35">
<kw name="Teste de Tipos de Conteudo" owner="random-user-service">
<kw name="GET On Session" owner="RequestsLibrary">
<msg time="2024-03-25T13:15:43.101098" level="INFO">GET Request : url=https://randomuser.me/api 
 path_url=/api 
 headers={'User-Agent': 'python-requests/2.31.0', 'Accept-Encoding': 'gzip, deflate', 'Accept': '*/*', 'Connection': 'keep-alive'} 
 body=None 
 </msg>
<msg time="2024-03-25T13:15:43.101208" level="INFO">GET Response : url=https://randomuser.me/api 
 status=200, reason=OK 
 headers={'Date': 'Mon, 25 Mar 2024 13:15:43 GMT', 'Content-Type': 'application/json; charset=utf-8', 'Transfer-Encoding': 'chunked', 'Connection': 'keep-alive', 'X-Powered-By': 'Express', 'Access-Control-Allow-Origin': '*', 'Cache-Control': 'no-cache', 'ETag': 'W/"4a0-QNpovJLEyqR2gRxyQ0zAESkBFd4"', 'Vary': 'Accept-Encoding', 'Content-Encoding': 'gzip', 'CF-Cache-Status': 'DYNAMIC', 'Report-To': '{"endpoints":[{"url":"https:\\/\\/a.nel.cloudflare.com\\/report\\/v4?s=uT0Fgno8keCoEz%2BIRIbU6i4FH%2F%2BBrCvgBP2wO57Liw5bZxkjTb%2FaAT3ypJwMeqFdSgePcOgbTf%2FJIyvChMhajkxAbYCyFpV%2BTISEZ5sqfjGQ0vzEPJh%2BuVDFY5kj58P0"}],"group":"cf-nel","max_age":604800}', 'NEL': '{"success_fraction":0,"report_to":"cf-nel","max_age":604800}', 'Server': 'cloudflare', 'CF-RAY': '869f2bd9bcaf112e-ORD', 'alt-svc': 'h3=":443"; ma=86400'} 
 body={"results":[{"gender":"female","name":{"title":"Mrs","first":"Namratha","last":"Suvarna"},"location":{"street":{"number":7120,"name":"Bannerghatta Rd"},"city":"Siliguri","state":"Himachal Pradesh","country":"India","postcode":28136,"coordinates":{"latitude":"11.1886","longitude":"0.3931"},"timezone":{"offset":"+1:00","description":"Brussels, Copenhagen, Madrid, Paris"}},"email":"namratha.suvarna@example.com","login":{"uuid":"7fa7b0d6-3d19-4972-a4e7-ec4e52d54f30","username":"heavywolf806","password":"tropical","salt":"ZgMMBj5q","md5":"ae63c481eb63498b2d5059db04b14303","sha1":"708dd5ad6dc338bcad037cece58ded5a3ec0a2ce","sha256":"4f6807396b7895462802959a1d513187fb3a7d81fb0ea8b6833a3c848a6622d8"},"dob":{"date":"1961-08-26T22:22:19.940Z","age":62},"registered":{"date":"2021-01-07T22:12:34.626Z","age":3},"phone":"7832920739","cell":"7167446610","id":{"name":"UIDAI","value":"088142462453"},"picture":{"large":"https://randomuser.me/api/portraits/women/34.jpg","medium":"https://randomuser.me/api/portraits/med/women/34.jpg","thumbnail":"https://randomuser.me/api/portraits/thumb/women/34.jpg"},"nat":"IN"}],"info":{"seed":"ad0bbadf063a4198","results":1,"page":1,"version":"1.4"}} 
 </msg>
<msg time="2024-03-25T13:15:43.101286" level="INFO">/opt/hostedtoolcache/Python/3.12.2/x64/lib/python3.12/site-packages/urllib3/connectionpool.py:1103: InsecureRequestWarning: Unverified HTTPS request is being made to host 'randomuser.me'. Adding certificate verification is strongly advised. See: https://urllib3.readthedocs.io/en/latest/advanced-usage.html#tls-warnings
  warnings.warn(</msg>
<msg time="2024-03-25T13:15:43.101404" level="INFO">${response} = &lt;Response [200]&gt;</msg>
<var>${response}</var>
<arg>consultarAPI</arg>
<arg>/api</arg>
<doc>Sends a GET request on a previously created HTTP Session.</doc>
<status status="PASS" start="2024-03-25T13:15:42.994939" elapsed="0.106501"/>
</kw>
<kw name="Set Variable" owner="BuiltIn">
<msg time="2024-03-25T13:15:43.102496" level="INFO">${json_data} = {'results': [{'gender': 'female', 'name': {'title': 'Mrs', 'first': 'Namratha', 'last': 'Suvarna'}, 'location': {'street': {'number': 7120, 'name': 'Bannerghatta Rd'}, 'city': 'Siliguri', 'state': 'Hi...</msg>
<var>${json_data}</var>
<arg>${response.json()}</arg>
<doc>Returns the given values which can then be assigned to a variables.</doc>
<status status="PASS" start="2024-03-25T13:15:43.101972" elapsed="0.000552"/>
</kw>
<kw name="Set Variable" owner="BuiltIn">
<msg time="2024-03-25T13:15:43.103210" level="INFO">${name_title} = Mrs</msg>
<var>${name_title}</var>
<arg>${json_data["results"][0]["name"]["title"]}</arg>
<doc>Returns the given values which can then be assigned to a variables.</doc>
<status status="PASS" start="2024-03-25T13:15:43.102829" elapsed="0.000406"/>
</kw>
<kw name="Create List" owner="BuiltIn">
<msg time="2024-03-25T13:15:43.103711" level="INFO">${allowed_titles} = ['Mr', 'Ms', 'Miss', 'Mrs', 'Madame', 'Monsieur']</msg>
<var>${allowed_titles}</var>
<arg>Mr</arg>
<arg>Ms</arg>
<arg>Miss</arg>
<arg>Mrs</arg>
<arg>Madame</arg>
<arg>Monsieur</arg>
<doc>Returns a list containing given items.</doc>
<status status="PASS" start="2024-03-25T13:15:43.103562" elapsed="0.000174"/>
</kw>
<kw name="List Should Contain Value" owner="Collections">
<msg time="2024-03-25T13:15:43.104212" level="INFO">False</msg>
<arg>${allowed_titles}</arg>
<arg>${name_title}</arg>
<doc>Fails if the ``value`` is not found from ``list``.</doc>
<status status="PASS" start="2024-03-25T13:15:43.104038" elapsed="0.000216"/>
</kw>
<kw name="Set Variable" owner="BuiltIn">
<msg time="2024-03-25T13:15:43.104954" level="INFO">${name_country} = IN</msg>
<var>${name_country}</var>
<arg>${json_data["results"][0]["nat"]}</arg>
<doc>Returns the given values which can then be assigned to a variables.</doc>
<status status="PASS" start="2024-03-25T13:15:43.104575" elapsed="0.000404"/>
</kw>
<kw name="Create List" owner="BuiltIn">
<msg time="2024-03-25T13:15:43.105891" level="INFO">${list_country} = ['AD', 'AE', 'AF', 'AG', 'AI', 'AL', 'AM', 'AO', 'AQ', 'AR', 'AS', 'AT', 'AU', 'AW', 'AX', 'AZ', 'BA', 'BB', 'BD', 'BE', 'BF', 'BG', 'BH', 'BI', 'BJ', 'BL', 'BM', 'BN', 'BO', 'BQ', 'BR', 'BS', 'BT', '...</msg>
<var>${list_country}</var>
<arg>AD</arg>
<arg>AE</arg>
<arg>AF</arg>
<arg>AG</arg>
<arg>AI</arg>
<arg>AL</arg>
<arg>AM</arg>
<arg>AO</arg>
<arg>AQ</arg>
<arg>AR</arg>
<arg>AS</arg>
<arg>AT</arg>
<arg>AU</arg>
<arg>AW</arg>
<arg>AX</arg>
<arg>AZ</arg>
<arg>BA</arg>
<arg>BB</arg>
<arg>BD</arg>
<arg>BE</arg>
<arg>BF</arg>
<arg>BG</arg>
<arg>BH</arg>
<arg>BI</arg>
<arg>BJ</arg>
<arg>BL</arg>
<arg>BM</arg>
<arg>BN</arg>
<arg>BO</arg>
<arg>BQ</arg>
<arg>BR</arg>
<arg>BS</arg>
<arg>BT</arg>
<arg>BV</arg>
<arg>BW</arg>
<arg>BY</arg>
<arg>BZ</arg>
<arg>CA</arg>
<arg>CC</arg>
<arg>CD</arg>
<arg>CF</arg>
<arg>CG</arg>
<arg>CH</arg>
<arg>CI</arg>
<arg>CK</arg>
<arg>CL</arg>
<arg>CM</arg>
<arg>CN</arg>
<arg>CO</arg>
<arg>CR</arg>
<arg>CU</arg>
<arg>CV</arg>
<arg>CW</arg>
<arg>CX</arg>
<arg>CY</arg>
<arg>CZ</arg>
<arg>DE</arg>
<arg>DJ</arg>
<arg>DK</arg>
<arg>DM</arg>
<arg>DO</arg>
<arg>DZ</arg>
<arg>EC</arg>
<arg>EE</arg>
<arg>EG</arg>
<arg>EH</arg>
<arg>ER</arg>
<arg>ES</arg>
<arg>ET</arg>
<arg>FI</arg>
<arg>FJ</arg>
<arg>FK</arg>
<arg>FM</arg>
<arg>FO</arg>
<arg>FR</arg>
<arg>GA</arg>
<arg>GB</arg>
<arg>GD</arg>
<arg>GE</arg>
<arg>GF</arg>
<arg>GG</arg>
<arg>GH</arg>
<arg>GI</arg>
<arg>GL</arg>
<arg>GM</arg>
<arg>GN</arg>
<arg>GP</arg>
<arg>GQ</arg>
<arg>GR</arg>
<arg>GS</arg>
<arg>GT</arg>
<arg>GU</arg>
<arg>GW</arg>
<arg>GY</arg>
<arg>HK</arg>
<arg>HM</arg>
<arg>HN</arg>
<arg>HR</arg>
<arg>HT</arg>
<arg>HU</arg>
<arg>ID</arg>
<arg>IE</arg>
<arg>IL</arg>
<arg>IM</arg>
<arg>IN</arg>
<arg>IO</arg>
<arg>IQ</arg>
<arg>IR</arg>
<arg>IS</arg>
<arg>IT</arg>
<arg>JE</arg>
<arg>JM</arg>
<arg>JO</arg>
<arg>JP</arg>
<arg>KE</arg>
<arg>KG</arg>
<arg>KH</arg>
<arg>KI</arg>
<arg>KM</arg>
<arg>KN</arg>
<arg>KP</arg>
<arg>KR</arg>
<arg>KW</arg>
<arg>KY</arg>
<arg>KZ</arg>
<arg>LA</arg>
<arg>LB</arg>
<arg>LC</arg>
<arg>LI</arg>
<arg>LK</arg>
<arg>LR</arg>
<arg>LS</arg>
<arg>LT</arg>
<arg>LU</arg>
<arg>LV</arg>
<arg>LY</arg>
<arg>MA</arg>
<arg>MC</arg>
<arg>MD</arg>
<arg>ME</arg>
<arg>MF</arg>
<arg>MG</arg>
<arg>MH</arg>
<arg>MK</arg>
<arg>ML</arg>
<arg>MM</arg>
<arg>MN</arg>
<arg>MO</arg>
<arg>MP</arg>
<arg>MQ</arg>
<arg>MR</arg>
<arg>MS</arg>
<arg>MT</arg>
<arg>MU</arg>
<arg>MV</arg>
<arg>MW</arg>
<arg>MX</arg>
<arg>MY</arg>
<arg>MZ</arg>
<arg>NA</arg>
<arg>NC</arg>
<arg>NE</arg>
<arg>NF</arg>
<arg>NG</arg>
<arg>NI</arg>
<arg>NL</arg>
<arg>NO</arg>
<arg>NP</arg>
<arg>NR</arg>
<arg>NU</arg>
<arg>NZ</arg>
<arg>OM</arg>
<arg>PA</arg>
<arg>PE</arg>
<arg>PF</arg>
<arg>PG</arg>
<arg>PH</arg>
<arg>PK</arg>
<arg>PL</arg>
<arg>PM</arg>
<arg>PN</arg>
<arg>PR</arg>
<arg>PS</arg>
<arg>PT</arg>
<arg>PW</arg>
<arg>PY</arg>
<arg>QA</arg>
<arg>RE</arg>
<arg>RO</arg>
<arg>RS</arg>
<arg>RU</arg>
<arg>RW</arg>
<arg>SA</arg>
<arg>SB</arg>
<arg>SC</arg>
<arg>SD</arg>
<arg>SE</arg>
<arg>SG</arg>
<arg>SH</arg>
<arg>SI</arg>
<arg>SJ</arg>
<arg>SK</arg>
<arg>SL</arg>
<arg>SM</arg>
<arg>SN</arg>
<arg>SO</arg>
<arg>SR</arg>
<arg>SS</arg>
<arg>ST</arg>
<arg>SV</arg>
<arg>SX</arg>
<arg>SY</arg>
<arg>SZ</arg>
<arg>TC</arg>
<arg>TD</arg>
<arg>TF</arg>
<arg>TG</arg>
<arg>TH</arg>
<arg>TJ</arg>
<arg>TK</arg>
<arg>TL</arg>
<arg>TM</arg>
<arg>TN</arg>
<arg>TO</arg>
<arg>TR</arg>
<arg>TT</arg>
<arg>TV</arg>
<arg>TW</arg>
<arg>TZ</arg>
<arg>UA</arg>
<arg>UG</arg>
<arg>UM</arg>
<arg>US</arg>
<arg>UY</arg>
<arg>UZ</arg>
<arg>VA</arg>
<arg>VC</arg>
<arg>VE</arg>
<arg>VG</arg>
<arg>VI</arg>
<arg>VN</arg>
<arg>VU</arg>
<arg>WF</arg>
<arg>WS</arg>
<arg>XK</arg>
<arg>YE</arg>
<arg>YT</arg>
<arg>ZA</arg>
<arg>ZM</arg>
<arg>ZW</arg>
<doc>Returns a list containing given items.</doc>
<status status="PASS" start="2024-03-25T13:15:43.105286" elapsed="0.000630"/>
</kw>
<kw name="List Should Contain Value" owner="Collections">
<msg time="2024-03-25T13:15:43.107034" level="INFO">False</msg>
<arg>${list_country}</arg>
<arg>${name_country}</arg>
<doc>Fails if the ``value`` is not found from ``list``.</doc>
<status status="PASS" start="2024-03-25T13:15:43.106831" elapsed="0.000239"/>
</kw>
<kw name="Run Keyword If" owner="BuiltIn">
<kw name="Should Be True" owner="BuiltIn">
<arg>${True}</arg>
<doc>Fails if the given condition is not true.</doc>
<status status="PASS" start="2024-03-25T13:15:43.108133" elapsed="0.000147"/>
</kw>
<arg>${json_data["results"][0]["location"]["coordinates"]["latitude"]} &gt;= -90 and ${json_data["results"][0]["location"]["coordinates"]["latitude"]} &lt;= 90</arg>
<arg>Should Be True</arg>
<arg>${True}</arg>
<doc>Runs the given keyword with the given arguments, if ``condition`` is true.</doc>
<status status="PASS" start="2024-03-25T13:15:43.107382" elapsed="0.001048"/>
</kw>
<kw name="Run Keyword If" owner="BuiltIn">
<kw name="Should Be True" owner="BuiltIn">
<arg>${True}</arg>
<doc>Fails if the given condition is not true.</doc>
<status status="PASS" start="2024-03-25T13:15:43.109324" elapsed="0.000141"/>
</kw>
<arg>${json_data["results"][0]["location"]["coordinates"]["longitude"]} &gt;= -180 and ${json_data["results"][0]["location"]["coordinates"]["longitude"]} &lt;= 180</arg>
<arg>Should Be True</arg>
<arg>${True}</arg>
<doc>Runs the given keyword with the given arguments, if ``condition`` is true.</doc>
<status status="PASS" start="2024-03-25T13:15:43.108622" elapsed="0.000968"/>
</kw>
<status status="PASS" start="2024-03-25T13:15:42.994717" elapsed="0.115007"/>
</kw>
<doc>Testa o conteúdo específico dos campos retornados pela API.</doc>
<tag>testeConteudo</tag>
<status status="PASS" start="2024-03-25T13:15:42.994286" elapsed="0.115595"/>
</test>
<status status="PASS" start="2024-03-25T13:15:42.136564" elapsed="0.975212"/>
</suite>
<status status="PASS" start="2024-03-25T13:15:42.122086" elapsed="0.994971"/>
</suite>
<statistics>
<total>
<stat pass="5" fail="0" skip="0">All Tests</stat>
</total>
<tag>
<stat pass="1" fail="0" skip="0">testeConteudo</stat>
<stat pass="1" fail="0" skip="0">testeEstruturaResposta</stat>
<stat pass="1" fail="0" skip="0">testeRequisicaoBasica</stat>
<stat pass="1" fail="0" skip="0">testeTiposDados</stat>
</tag>
<suite>
<stat pass="5" fail="0" skip="0" id="s1" name="Tests">Tests</stat>
<stat pass="5" fail="0" skip="0" id="s1-s1" name="Random-User-Test">Tests.Random-User-Test</stat>
</suite>
</statistics>
<errors>
</errors>
</robot>
