<?xml version="1.0" encoding="UTF-8"?>
<robot generator="Robot 7.0 (Python 3.12.3 on linux)" generated="2024-05-05T10:14:30.718989" rpa="false" schemaversion="5">
<suite id="s1" name="Tests" source="/home/runner/work/DesafioQAItauRogerioJordao/DesafioQAItauRogerioJordao/RamdonUser/tests">
<suite id="s1-s1" name="Random-User-Test" source="/home/runner/work/DesafioQAItauRogerioJordao/DesafioQAItauRogerioJordao/RamdonUser/tests/random-user-test.robot">
<test id="s1-s1-t1" name="Conectar" line="13">
<kw name="Conectar API" owner="random-user-service">
<kw name="Create Session" owner="RequestsLibrary">
<msg time="2024-05-05T10:14:31.098530" level="INFO">Creating Session using : alias=consultarAPI, url=https://randomuser.me/, headers={},                     cookies={}, auth=None, timeout=None, proxies=None, verify=False,                     debug=0 </msg>
<arg>consultarAPI</arg>
<arg>${URL}</arg>
<doc>Create Session: create a HTTP session to a server</doc>
<status status="PASS" start="2024-05-05T10:14:31.098311" elapsed="0.000426"/>
</kw>
<status status="PASS" start="2024-05-05T10:14:31.097271" elapsed="0.001850"/>
</kw>
<status status="PASS" start="2024-05-05T10:14:31.096656" elapsed="0.002717"/>
</test>
<test id="s1-s1-t2" name="Validar retorno 200 e JSON Válido" line="16">
<kw name="Teste de Requisicao Basica" owner="random-user-service">
<kw name="GET On Session" owner="RequestsLibrary">
<msg time="2024-05-05T10:14:31.181197" level="INFO">GET Request : url=https://randomuser.me/api 
 path_url=/api 
 headers={'User-Agent': 'python-requests/2.31.0', 'Accept-Encoding': 'gzip, deflate', 'Accept': '*/*', 'Connection': 'keep-alive'} 
 body=None 
 </msg>
<msg time="2024-05-05T10:14:31.181364" level="INFO">GET Response : url=https://randomuser.me/api 
 status=200, reason=OK 
 headers={'Date': 'Sun, 05 May 2024 10:14:31 GMT', 'Content-Type': 'application/json; charset=utf-8', 'Transfer-Encoding': 'chunked', 'Connection': 'keep-alive', 'X-Powered-By': 'Express', 'Access-Control-Allow-Origin': '*', 'Cache-Control': 'no-cache', 'ETag': 'W/"482-aIm3gaupRGd5l1Dq+t6MxM5zwVo"', 'Vary': 'Accept-Encoding', 'Content-Encoding': 'gzip', 'CF-Cache-Status': 'DYNAMIC', 'Report-To': '{"endpoints":[{"url":"https:\\/\\/a.nel.cloudflare.com\\/report\\/v4?s=aUlfOSAgEqAiBxaqiasezzFkhSINGhisO0dr%2BYZWP8QaEyuzsZpOCCxuVwggL6%2BMOwOG6MT59MCNco3xVeLmllKy6yes5RUAbeFowaYdwJVS906eME32FfsuzVOjBtCt"}],"group":"cf-nel","max_age":604800}', 'NEL': '{"success_fraction":0,"report_to":"cf-nel","max_age":604800}', 'Server': 'cloudflare', 'CF-RAY': '87eff6cc9ec78737-ORD', 'alt-svc': 'h3=":443"; ma=86400'} 
 body={"results":[{"gender":"female","name":{"title":"Miss","first":"Adine","last":"Vold"},"location":{"street":{"number":116,"name":"Granstangen"},"city":"Mogrenda","state":"Rogaland","country":"Norway","postcode":"4079","coordinates":{"latitude":"45.5162","longitude":"73.4829"},"timezone":{"offset":"+1:00","description":"Brussels, Copenhagen, Madrid, Paris"}},"email":"adine.vold@example.com","login":{"uuid":"0e37048a-6e09-4ce9-b824-acaa521ce5fa","username":"crazyostrich779","password":"boys","salt":"4aMX6LBH","md5":"4a5dd7892881f3fdfd7c5aff7bde191d","sha1":"e193390486be33c19200c010090ed55f24536970","sha256":"fda67cf2f04d0e63526e31aee02ec42ea6682642225d3af8726071557a28b103"},"dob":{"date":"1981-01-23T23:43:46.919Z","age":43},"registered":{"date":"2015-12-29T17:20:03.189Z","age":8},"phone":"21783965","cell":"93702538","id":{"name":"FN","value":"23018111276"},"picture":{"large":"https://randomuser.me/api/portraits/women/32.jpg","medium":"https://randomuser.me/api/portraits/med/women/32.jpg","thumbnail":"https://randomuser.me/api/portraits/thumb/women/32.jpg"},"nat":"NO"}],"info":{"seed":"8d861a3abd91a73e","results":1,"page":1,"version":"1.4"}} 
 </msg>
<msg time="2024-05-05T10:14:31.181459" level="INFO">/opt/hostedtoolcache/Python/3.12.3/x64/lib/python3.12/site-packages/urllib3/connectionpool.py:1103: InsecureRequestWarning: Unverified HTTPS request is being made to host 'randomuser.me'. Adding certificate verification is strongly advised. See: https://urllib3.readthedocs.io/en/latest/advanced-usage.html#tls-warnings
  warnings.warn(</msg>
<msg time="2024-05-05T10:14:31.181607" level="INFO">${response} = &lt;Response [200]&gt;</msg>
<var>${response}</var>
<arg>consultarAPI</arg>
<arg>/api</arg>
<doc>Sends a GET request on a previously created HTTP Session.</doc>
<status status="PASS" start="2024-05-05T10:14:31.102108" elapsed="0.079541"/>
</kw>
<kw name="Should Be Equal As Numbers" owner="BuiltIn">
<msg time="2024-05-05T10:14:31.182772" level="INFO">Argument types are:
&lt;class 'int'&gt;
&lt;class 'str'&gt;</msg>
<arg>${response.status_code}</arg>
<arg>200</arg>
<doc>Fails if objects are unequal after converting them to real numbers.</doc>
<status status="PASS" start="2024-05-05T10:14:31.182264" elapsed="0.000576"/>
</kw>
<kw name="Log" owner="BuiltIn">
<msg time="2024-05-05T10:14:31.183626" level="INFO">200</msg>
<arg>${response.status_code}</arg>
<doc>Logs the given message with the given level.</doc>
<status status="PASS" start="2024-05-05T10:14:31.183230" elapsed="0.000440"/>
</kw>
<kw name="Set Variable" owner="BuiltIn">
<msg time="2024-05-05T10:14:31.184435" level="INFO">${json_data} = {'results': [{'gender': 'female', 'name': {'title': 'Miss', 'first': 'Adine', 'last': 'Vold'}, 'location': {'street': {'number': 116, 'name': 'Granstangen'}, 'city': 'Mogrenda', 'state': 'Rogaland', '...</msg>
<var>${json_data}</var>
<arg>${response.json()}</arg>
<doc>Returns the given values which can then be assigned to a variables.</doc>
<status status="PASS" start="2024-05-05T10:14:31.183993" elapsed="0.000471"/>
</kw>
<kw name="Dictionary Should Contain Key" owner="Collections">
<msg time="2024-05-05T10:14:31.184948" level="INFO">False</msg>
<arg>${json_data}</arg>
<arg>results</arg>
<doc>Fails if ``key`` is not found from ``dictionary``.</doc>
<status status="PASS" start="2024-05-05T10:14:31.184777" elapsed="0.000215"/>
</kw>
<status status="PASS" start="2024-05-05T10:14:31.101844" elapsed="0.083407"/>
</kw>
<doc>Testa se a API responde corretamente e retorna um objeto JSON válido.</doc>
<tag>testeRequisicaoBasica</tag>
<status status="PASS" start="2024-05-05T10:14:31.101347" elapsed="0.084091"/>
</test>
<test id="s1-s1-t3" name="Validar estrutura de resposta" line="22">
<kw name="Teste de Estrutura de Resposta" owner="random-user-service">
<kw name="GET On Session" owner="RequestsLibrary">
<msg time="2024-05-05T10:14:31.289610" level="INFO">GET Request : url=https://randomuser.me/api 
 path_url=/api 
 headers={'User-Agent': 'python-requests/2.31.0', 'Accept-Encoding': 'gzip, deflate', 'Accept': '*/*', 'Connection': 'keep-alive'} 
 body=None 
 </msg>
<msg time="2024-05-05T10:14:31.289716" level="INFO">GET Response : url=https://randomuser.me/api 
 status=200, reason=OK 
 headers={'Date': 'Sun, 05 May 2024 10:14:31 GMT', 'Content-Type': 'application/json; charset=utf-8', 'Transfer-Encoding': 'chunked', 'Connection': 'keep-alive', 'X-Powered-By': 'Express', 'Access-Control-Allow-Origin': '*', 'Cache-Control': 'no-cache', 'ETag': 'W/"486-82jOFrGYq+H8rmX3VYEuFhNawF0"', 'Vary': 'Accept-Encoding', 'Content-Encoding': 'gzip', 'CF-Cache-Status': 'DYNAMIC', 'Report-To': '{"endpoints":[{"url":"https:\\/\\/a.nel.cloudflare.com\\/report\\/v4?s=IzDuxi1XJtlqLtCjMQd5pQBzSc3oqVvOfVJke1sOT8zDhSNSfA%2FzEqqSbhkB9%2BCkALOBjsmbaTAEWfVrJ9vJD5edIL%2F6mLuYMJJkgENV1Udx7KAYiX7W%2BJymdN3Iirud"}],"group":"cf-nel","max_age":604800}', 'NEL': '{"success_fraction":0,"report_to":"cf-nel","max_age":604800}', 'Server': 'cloudflare', 'CF-RAY': '87eff6ccff1f8737-ORD', 'alt-svc': 'h3=":443"; ma=86400'} 
 body={"results":[{"gender":"male","name":{"title":"Mr","first":"Higino","last":"Nunes"},"location":{"street":{"number":4276,"name":"Rua São Sebastiao "},"city":"Araguari","state":"Rio Grande do Norte","country":"Brazil","postcode":69720,"coordinates":{"latitude":"-74.0988","longitude":"-72.3159"},"timezone":{"offset":"+3:30","description":"Tehran"}},"email":"higino.nunes@example.com","login":{"uuid":"7b96d0ba-10b9-4ef5-be27-a08e1e095a7a","username":"blueladybug696","password":"thecat","salt":"gbSK68xo","md5":"fbf1363b9c8c5c60a03a0c70c1933ce2","sha1":"abc6dfca4267e328b2c1a6db2f581571c6240d62","sha256":"9da07bafff786808e5c7980a5479f9f2bb40339498695cc56b6028d942f36f0b"},"dob":{"date":"1947-01-28T19:09:30.214Z","age":77},"registered":{"date":"2012-12-08T14:48:49.554Z","age":11},"phone":"(19) 0636-4608","cell":"(83) 2346-8838","id":{"name":"CPF","value":"497.875.760-13"},"picture":{"large":"https://randomuser.me/api/portraits/men/91.jpg","medium":"https://randomuser.me/api/portraits/med/men/91.jpg","thumbnail":"https://randomuser.me/api/portraits/thumb/men/91.jpg"},"nat":"BR"}],"info":{"seed":"2a6fc1dc9a888061","results":1,"page":1,"version":"1.4"}} 
 </msg>
<msg time="2024-05-05T10:14:31.289849" level="INFO">/opt/hostedtoolcache/Python/3.12.3/x64/lib/python3.12/site-packages/urllib3/connectionpool.py:1103: InsecureRequestWarning: Unverified HTTPS request is being made to host 'randomuser.me'. Adding certificate verification is strongly advised. See: https://urllib3.readthedocs.io/en/latest/advanced-usage.html#tls-warnings
  warnings.warn(</msg>
<msg time="2024-05-05T10:14:31.289992" level="INFO">${response} = &lt;Response [200]&gt;</msg>
<var>${response}</var>
<arg>consultarAPI</arg>
<arg>/api</arg>
<doc>Sends a GET request on a previously created HTTP Session.</doc>
<status status="PASS" start="2024-05-05T10:14:31.188093" elapsed="0.101940"/>
</kw>
<kw name="Set Variable" owner="BuiltIn">
<msg time="2024-05-05T10:14:31.291243" level="INFO">${json_data} = {'results': [{'gender': 'male', 'name': {'title': 'Mr', 'first': 'Higino', 'last': 'Nunes'}, 'location': {'street': {'number': 4276, 'name': 'Rua São Sebastiao '}, 'city': 'Araguari', 'state': 'Rio Gr...</msg>
<var>${json_data}</var>
<arg>${response.json()}</arg>
<doc>Returns the given values which can then be assigned to a variables.</doc>
<status status="PASS" start="2024-05-05T10:14:31.290654" elapsed="0.000620"/>
</kw>
<kw name="Log" owner="BuiltIn">
<msg time="2024-05-05T10:14:31.291879" level="INFO">{'results': [{'gender': 'male', 'name': {'title': 'Mr', 'first': 'Higino', 'last': 'Nunes'}, 'location': {'street': {'number': 4276, 'name': 'Rua São Sebastiao '}, 'city': 'Araguari', 'state': 'Rio Grande do Norte', 'country': 'Brazil', 'postcode': 69720, 'coordinates': {'latitude': '-74.0988', 'longitude': '-72.3159'}, 'timezone': {'offset': '+3:30', 'description': 'Tehran'}}, 'email': 'higino.nunes@example.com', 'login': {'uuid': '7b96d0ba-10b9-4ef5-be27-a08e1e095a7a', 'username': 'blueladybug696', 'password': 'thecat', 'salt': 'gbSK68xo', 'md5': 'fbf1363b9c8c5c60a03a0c70c1933ce2', 'sha1': 'abc6dfca4267e328b2c1a6db2f581571c6240d62', 'sha256': '9da07bafff786808e5c7980a5479f9f2bb40339498695cc56b6028d942f36f0b'}, 'dob': {'date': '1947-01-28T19:09:30.214Z', 'age': 77}, 'registered': {'date': '2012-12-08T14:48:49.554Z', 'age': 11}, 'phone': '(19) 0636-4608', 'cell': '(83) 2346-8838', 'id': {'name': 'CPF', 'value': '497.875.760-13'}, 'picture': {'large': 'https://randomuser.me/api/portraits/men/91.jpg', 'medium': 'https://randomuser.me/api/portraits/med/men/91.jpg', 'thumbnail': 'https://randomuser.me/api/portraits/thumb/men/91.jpg'}, 'nat': 'BR'}], 'info': {'seed': '2a6fc1dc9a888061', 'results': 1, 'page': 1, 'version': '1.4'}}</msg>
<arg>${json_data}</arg>
<doc>Logs the given message with the given level.</doc>
<status status="PASS" start="2024-05-05T10:14:31.291685" elapsed="0.000247"/>
</kw>
<kw name="Dictionary Should Contain Key" owner="Collections">
<msg time="2024-05-05T10:14:31.292418" level="INFO">False</msg>
<arg>${json_data}</arg>
<arg>results</arg>
<doc>Fails if ``key`` is not found from ``dictionary``.</doc>
<status status="PASS" start="2024-05-05T10:14:31.292249" elapsed="0.000212"/>
</kw>
<kw name="Should Not Be Empty" owner="BuiltIn">
<msg time="2024-05-05T10:14:31.292896" level="INFO">Length is 2.</msg>
<arg>${json_data}</arg>
<doc>Verifies that the given item is not empty.</doc>
<status status="PASS" start="2024-05-05T10:14:31.292764" elapsed="0.000340"/>
</kw>
<kw name="Create List" owner="BuiltIn">
<msg time="2024-05-05T10:14:31.293550" level="INFO">${expected_keys} = ['gender', 'name', 'location', 'email', 'login']</msg>
<var>${expected_keys}</var>
<arg>gender</arg>
<arg>name</arg>
<arg>location</arg>
<arg>email</arg>
<arg>login</arg>
<doc>Returns a list containing given items.</doc>
<status status="PASS" start="2024-05-05T10:14:31.293400" elapsed="0.000174"/>
</kw>
<for flavor="IN">
<iter>
<kw name="Dictionary Should Contain Key" owner="Collections">
<msg time="2024-05-05T10:14:31.294579" level="INFO">False</msg>
<arg>${json_data['results'][0]}</arg>
<arg>${key}</arg>
<doc>Fails if ``key`` is not found from ``dictionary``.</doc>
<status status="PASS" start="2024-05-05T10:14:31.294174" elapsed="0.000444"/>
</kw>
<kw name="Log" owner="BuiltIn">
<msg time="2024-05-05T10:14:31.295321" level="INFO">{'gender': 'male', 'name': {'title': 'Mr', 'first': 'Higino', 'last': 'Nunes'}, 'location': {'street': {'number': 4276, 'name': 'Rua São Sebastiao '}, 'city': 'Araguari', 'state': 'Rio Grande do Norte', 'country': 'Brazil', 'postcode': 69720, 'coordinates': {'latitude': '-74.0988', 'longitude': '-72.3159'}, 'timezone': {'offset': '+3:30', 'description': 'Tehran'}}, 'email': 'higino.nunes@example.com', 'login': {'uuid': '7b96d0ba-10b9-4ef5-be27-a08e1e095a7a', 'username': 'blueladybug696', 'password': 'thecat', 'salt': 'gbSK68xo', 'md5': 'fbf1363b9c8c5c60a03a0c70c1933ce2', 'sha1': 'abc6dfca4267e328b2c1a6db2f581571c6240d62', 'sha256': '9da07bafff786808e5c7980a5479f9f2bb40339498695cc56b6028d942f36f0b'}, 'dob': {'date': '1947-01-28T19:09:30.214Z', 'age': 77}, 'registered': {'date': '2012-12-08T14:48:49.554Z', 'age': 11}, 'phone': '(19) 0636-4608', 'cell': '(83) 2346-8838', 'id': {'name': 'CPF', 'value': '497.875.760-13'}, 'picture': {'large': 'https://randomuser.me/api/portraits/men/91.jpg', 'medium': 'https://randomuser.me/api/portraits/med/men/91.jpg', 'thumbnail': 'https://randomuser.me/api/portraits/thumb/men/91.jpg'}, 'nat': 'BR'}</msg>
<arg>${json_data['results'][0]}</arg>
<doc>Logs the given message with the given level.</doc>
<status status="PASS" start="2024-05-05T10:14:31.294924" elapsed="0.000454"/>
</kw>
<kw name="Log" owner="BuiltIn">
<msg time="2024-05-05T10:14:31.295817" level="INFO">gender</msg>
<arg>${key}</arg>
<doc>Logs the given message with the given level.</doc>
<status status="PASS" start="2024-05-05T10:14:31.295692" elapsed="0.000163"/>
</kw>
<var name="${key}">gender</var>
<status status="PASS" start="2024-05-05T10:14:31.294044" elapsed="0.002028"/>
</iter>
<iter>
<kw name="Dictionary Should Contain Key" owner="Collections">
<msg time="2024-05-05T10:14:31.296771" level="INFO">False</msg>
<arg>${json_data['results'][0]}</arg>
<arg>${key}</arg>
<doc>Fails if ``key`` is not found from ``dictionary``.</doc>
<status status="PASS" start="2024-05-05T10:14:31.296379" elapsed="0.000429"/>
</kw>
<kw name="Log" owner="BuiltIn">
<msg time="2024-05-05T10:14:31.297497" level="INFO">{'gender': 'male', 'name': {'title': 'Mr', 'first': 'Higino', 'last': 'Nunes'}, 'location': {'street': {'number': 4276, 'name': 'Rua São Sebastiao '}, 'city': 'Araguari', 'state': 'Rio Grande do Norte', 'country': 'Brazil', 'postcode': 69720, 'coordinates': {'latitude': '-74.0988', 'longitude': '-72.3159'}, 'timezone': {'offset': '+3:30', 'description': 'Tehran'}}, 'email': 'higino.nunes@example.com', 'login': {'uuid': '7b96d0ba-10b9-4ef5-be27-a08e1e095a7a', 'username': 'blueladybug696', 'password': 'thecat', 'salt': 'gbSK68xo', 'md5': 'fbf1363b9c8c5c60a03a0c70c1933ce2', 'sha1': 'abc6dfca4267e328b2c1a6db2f581571c6240d62', 'sha256': '9da07bafff786808e5c7980a5479f9f2bb40339498695cc56b6028d942f36f0b'}, 'dob': {'date': '1947-01-28T19:09:30.214Z', 'age': 77}, 'registered': {'date': '2012-12-08T14:48:49.554Z', 'age': 11}, 'phone': '(19) 0636-4608', 'cell': '(83) 2346-8838', 'id': {'name': 'CPF', 'value': '497.875.760-13'}, 'picture': {'large': 'https://randomuser.me/api/portraits/men/91.jpg', 'medium': 'https://randomuser.me/api/portraits/med/men/91.jpg', 'thumbnail': 'https://randomuser.me/api/portraits/thumb/men/91.jpg'}, 'nat': 'BR'}</msg>
<arg>${json_data['results'][0]}</arg>
<doc>Logs the given message with the given level.</doc>
<status status="PASS" start="2024-05-05T10:14:31.297135" elapsed="0.000411"/>
</kw>
<kw name="Log" owner="BuiltIn">
<msg time="2024-05-05T10:14:31.297968" level="INFO">name</msg>
<arg>${key}</arg>
<doc>Logs the given message with the given level.</doc>
<status status="PASS" start="2024-05-05T10:14:31.297844" elapsed="0.000162"/>
</kw>
<var name="${key}">name</var>
<status status="PASS" start="2024-05-05T10:14:31.296262" elapsed="0.001960"/>
</iter>
<iter>
<kw name="Dictionary Should Contain Key" owner="Collections">
<msg time="2024-05-05T10:14:31.298902" level="INFO">False</msg>
<arg>${json_data['results'][0]}</arg>
<arg>${key}</arg>
<doc>Fails if ``key`` is not found from ``dictionary``.</doc>
<status status="PASS" start="2024-05-05T10:14:31.298518" elapsed="0.000421"/>
</kw>
<kw name="Log" owner="BuiltIn">
<msg time="2024-05-05T10:14:31.299664" level="INFO">{'gender': 'male', 'name': {'title': 'Mr', 'first': 'Higino', 'last': 'Nunes'}, 'location': {'street': {'number': 4276, 'name': 'Rua São Sebastiao '}, 'city': 'Araguari', 'state': 'Rio Grande do Norte', 'country': 'Brazil', 'postcode': 69720, 'coordinates': {'latitude': '-74.0988', 'longitude': '-72.3159'}, 'timezone': {'offset': '+3:30', 'description': 'Tehran'}}, 'email': 'higino.nunes@example.com', 'login': {'uuid': '7b96d0ba-10b9-4ef5-be27-a08e1e095a7a', 'username': 'blueladybug696', 'password': 'thecat', 'salt': 'gbSK68xo', 'md5': 'fbf1363b9c8c5c60a03a0c70c1933ce2', 'sha1': 'abc6dfca4267e328b2c1a6db2f581571c6240d62', 'sha256': '9da07bafff786808e5c7980a5479f9f2bb40339498695cc56b6028d942f36f0b'}, 'dob': {'date': '1947-01-28T19:09:30.214Z', 'age': 77}, 'registered': {'date': '2012-12-08T14:48:49.554Z', 'age': 11}, 'phone': '(19) 0636-4608', 'cell': '(83) 2346-8838', 'id': {'name': 'CPF', 'value': '497.875.760-13'}, 'picture': {'large': 'https://randomuser.me/api/portraits/men/91.jpg', 'medium': 'https://randomuser.me/api/portraits/med/men/91.jpg', 'thumbnail': 'https://randomuser.me/api/portraits/thumb/men/91.jpg'}, 'nat': 'BR'}</msg>
<arg>${json_data['results'][0]}</arg>
<doc>Logs the given message with the given level.</doc>
<status status="PASS" start="2024-05-05T10:14:31.299237" elapsed="0.000476"/>
</kw>
<kw name="Log" owner="BuiltIn">
<msg time="2024-05-05T10:14:31.300136" level="INFO">location</msg>
<arg>${key}</arg>
<doc>Logs the given message with the given level.</doc>
<status status="PASS" start="2024-05-05T10:14:31.300011" elapsed="0.000162"/>
</kw>
<var name="${key}">location</var>
<status status="PASS" start="2024-05-05T10:14:31.298404" elapsed="0.001980"/>
</iter>
<iter>
<kw name="Dictionary Should Contain Key" owner="Collections">
<msg time="2024-05-05T10:14:31.301052" level="INFO">False</msg>
<arg>${json_data['results'][0]}</arg>
<arg>${key}</arg>
<doc>Fails if ``key`` is not found from ``dictionary``.</doc>
<status status="PASS" start="2024-05-05T10:14:31.300668" elapsed="0.000421"/>
</kw>
<kw name="Log" owner="BuiltIn">
<msg time="2024-05-05T10:14:31.301748" level="INFO">{'gender': 'male', 'name': {'title': 'Mr', 'first': 'Higino', 'last': 'Nunes'}, 'location': {'street': {'number': 4276, 'name': 'Rua São Sebastiao '}, 'city': 'Araguari', 'state': 'Rio Grande do Norte', 'country': 'Brazil', 'postcode': 69720, 'coordinates': {'latitude': '-74.0988', 'longitude': '-72.3159'}, 'timezone': {'offset': '+3:30', 'description': 'Tehran'}}, 'email': 'higino.nunes@example.com', 'login': {'uuid': '7b96d0ba-10b9-4ef5-be27-a08e1e095a7a', 'username': 'blueladybug696', 'password': 'thecat', 'salt': 'gbSK68xo', 'md5': 'fbf1363b9c8c5c60a03a0c70c1933ce2', 'sha1': 'abc6dfca4267e328b2c1a6db2f581571c6240d62', 'sha256': '9da07bafff786808e5c7980a5479f9f2bb40339498695cc56b6028d942f36f0b'}, 'dob': {'date': '1947-01-28T19:09:30.214Z', 'age': 77}, 'registered': {'date': '2012-12-08T14:48:49.554Z', 'age': 11}, 'phone': '(19) 0636-4608', 'cell': '(83) 2346-8838', 'id': {'name': 'CPF', 'value': '497.875.760-13'}, 'picture': {'large': 'https://randomuser.me/api/portraits/men/91.jpg', 'medium': 'https://randomuser.me/api/portraits/med/men/91.jpg', 'thumbnail': 'https://randomuser.me/api/portraits/thumb/men/91.jpg'}, 'nat': 'BR'}</msg>
<arg>${json_data['results'][0]}</arg>
<doc>Logs the given message with the given level.</doc>
<status status="PASS" start="2024-05-05T10:14:31.301386" elapsed="0.000412"/>
</kw>
<kw name="Log" owner="BuiltIn">
<msg time="2024-05-05T10:14:31.302217" level="INFO">email</msg>
<arg>${key}</arg>
<doc>Logs the given message with the given level.</doc>
<status status="PASS" start="2024-05-05T10:14:31.302092" elapsed="0.000162"/>
</kw>
<var name="${key}">email</var>
<status status="PASS" start="2024-05-05T10:14:31.300557" elapsed="0.001907"/>
</iter>
<iter>
<kw name="Dictionary Should Contain Key" owner="Collections">
<msg time="2024-05-05T10:14:31.303138" level="INFO">False</msg>
<arg>${json_data['results'][0]}</arg>
<arg>${key}</arg>
<doc>Fails if ``key`` is not found from ``dictionary``.</doc>
<status status="PASS" start="2024-05-05T10:14:31.302750" elapsed="0.000425"/>
</kw>
<kw name="Log" owner="BuiltIn">
<msg time="2024-05-05T10:14:31.303874" level="INFO">{'gender': 'male', 'name': {'title': 'Mr', 'first': 'Higino', 'last': 'Nunes'}, 'location': {'street': {'number': 4276, 'name': 'Rua São Sebastiao '}, 'city': 'Araguari', 'state': 'Rio Grande do Norte', 'country': 'Brazil', 'postcode': 69720, 'coordinates': {'latitude': '-74.0988', 'longitude': '-72.3159'}, 'timezone': {'offset': '+3:30', 'description': 'Tehran'}}, 'email': 'higino.nunes@example.com', 'login': {'uuid': '7b96d0ba-10b9-4ef5-be27-a08e1e095a7a', 'username': 'blueladybug696', 'password': 'thecat', 'salt': 'gbSK68xo', 'md5': 'fbf1363b9c8c5c60a03a0c70c1933ce2', 'sha1': 'abc6dfca4267e328b2c1a6db2f581571c6240d62', 'sha256': '9da07bafff786808e5c7980a5479f9f2bb40339498695cc56b6028d942f36f0b'}, 'dob': {'date': '1947-01-28T19:09:30.214Z', 'age': 77}, 'registered': {'date': '2012-12-08T14:48:49.554Z', 'age': 11}, 'phone': '(19) 0636-4608', 'cell': '(83) 2346-8838', 'id': {'name': 'CPF', 'value': '497.875.760-13'}, 'picture': {'large': 'https://randomuser.me/api/portraits/men/91.jpg', 'medium': 'https://randomuser.me/api/portraits/med/men/91.jpg', 'thumbnail': 'https://randomuser.me/api/portraits/thumb/men/91.jpg'}, 'nat': 'BR'}</msg>
<arg>${json_data['results'][0]}</arg>
<doc>Logs the given message with the given level.</doc>
<status status="PASS" start="2024-05-05T10:14:31.303500" elapsed="0.000422"/>
</kw>
<kw name="Log" owner="BuiltIn">
<msg time="2024-05-05T10:14:31.304349" level="INFO">login</msg>
<arg>${key}</arg>
<doc>Logs the given message with the given level.</doc>
<status status="PASS" start="2024-05-05T10:14:31.304223" elapsed="0.000165"/>
</kw>
<var name="${key}">login</var>
<status status="PASS" start="2024-05-05T10:14:31.302637" elapsed="0.001970"/>
</iter>
<var>${key}</var>
<value>@{expected_keys}</value>
<status status="PASS" start="2024-05-05T10:14:31.293844" elapsed="0.010911"/>
</for>
<kw name="Create List" owner="BuiltIn">
<msg time="2024-05-05T10:14:31.305087" level="INFO">${expected_keysTwo} = ['username', 'password']</msg>
<var>${expected_keysTwo}</var>
<arg>username</arg>
<arg>password</arg>
<doc>Returns a list containing given items.</doc>
<status status="PASS" start="2024-05-05T10:14:31.304952" elapsed="0.000159"/>
</kw>
<for flavor="IN">
<iter>
<kw name="Dictionary Should Contain Key" owner="Collections">
<msg time="2024-05-05T10:14:31.306012" level="INFO">False</msg>
<arg>${json_data['results'][0]['login']}</arg>
<arg>${keyTwo}</arg>
<doc>Fails if ``key`` is not found from ``dictionary``.</doc>
<status status="PASS" start="2024-05-05T10:14:31.305614" elapsed="0.000436"/>
</kw>
<kw name="Dictionary Should Contain Key" owner="Collections">
<msg time="2024-05-05T10:14:31.306727" level="INFO">False</msg>
<arg>${json_data['results'][0]['login']}</arg>
<arg>${keyTwo}</arg>
<doc>Fails if ``key`` is not found from ``dictionary``.</doc>
<status status="PASS" start="2024-05-05T10:14:31.306345" elapsed="0.000419"/>
</kw>
<kw name="Log" owner="BuiltIn">
<msg time="2024-05-05T10:14:31.307179" level="INFO">username</msg>
<arg>${keyTwo}</arg>
<doc>Logs the given message with the given level.</doc>
<status status="PASS" start="2024-05-05T10:14:31.307055" elapsed="0.000161"/>
</kw>
<var name="${keyTwo}">username</var>
<status status="PASS" start="2024-05-05T10:14:31.305504" elapsed="0.001946"/>
</iter>
<iter>
<kw name="Dictionary Should Contain Key" owner="Collections">
<msg time="2024-05-05T10:14:31.308193" level="INFO">False</msg>
<arg>${json_data['results'][0]['login']}</arg>
<arg>${keyTwo}</arg>
<doc>Fails if ``key`` is not found from ``dictionary``.</doc>
<status status="PASS" start="2024-05-05T10:14:31.307730" elapsed="0.000502"/>
</kw>
<kw name="Dictionary Should Contain Key" owner="Collections">
<msg time="2024-05-05T10:14:31.308907" level="INFO">False</msg>
<arg>${json_data['results'][0]['login']}</arg>
<arg>${keyTwo}</arg>
<doc>Fails if ``key`` is not found from ``dictionary``.</doc>
<status status="PASS" start="2024-05-05T10:14:31.308528" elapsed="0.000416"/>
</kw>
<kw name="Log" owner="BuiltIn">
<msg time="2024-05-05T10:14:31.309362" level="INFO">password</msg>
<arg>${keyTwo}</arg>
<doc>Logs the given message with the given level.</doc>
<status status="PASS" start="2024-05-05T10:14:31.309236" elapsed="0.000162"/>
</kw>
<var name="${keyTwo}">password</var>
<status status="PASS" start="2024-05-05T10:14:31.307620" elapsed="0.001990"/>
</iter>
<var>${keyTwo}</var>
<value>@{expected_keysTwo}</value>
<status status="PASS" start="2024-05-05T10:14:31.305349" elapsed="0.004382"/>
</for>
<status status="PASS" start="2024-05-05T10:14:31.187851" elapsed="0.122021"/>
</kw>
<doc>Testa a estrutura da resposta da API.</doc>
<tag>testeEstruturaResposta</tag>
<status status="PASS" start="2024-05-05T10:14:31.187284" elapsed="0.122745"/>
</test>
<test id="s1-s1-t4" name="Validar tipos de dados" line="28">
<kw name="Teste de Tipos de Dados" owner="random-user-service">
<kw name="GET On Session" owner="RequestsLibrary">
<msg time="2024-05-05T10:14:31.385953" level="INFO">GET Request : url=https://randomuser.me/api 
 path_url=/api 
 headers={'User-Agent': 'python-requests/2.31.0', 'Accept-Encoding': 'gzip, deflate', 'Accept': '*/*', 'Connection': 'keep-alive'} 
 body=None 
 </msg>
<msg time="2024-05-05T10:14:31.386056" level="INFO">GET Response : url=https://randomuser.me/api 
 status=200, reason=OK 
 headers={'Date': 'Sun, 05 May 2024 10:14:31 GMT', 'Content-Type': 'application/json; charset=utf-8', 'Transfer-Encoding': 'chunked', 'Connection': 'keep-alive', 'X-Powered-By': 'Express', 'Access-Control-Allow-Origin': '*', 'Cache-Control': 'no-cache', 'ETag': 'W/"49b-NRwp+RB9yx7J2bsQEfHiVxvBqlc"', 'Vary': 'Accept-Encoding', 'Content-Encoding': 'gzip', 'CF-Cache-Status': 'DYNAMIC', 'Report-To': '{"endpoints":[{"url":"https:\\/\\/a.nel.cloudflare.com\\/report\\/v4?s=NFTcs8FRITefqh3kPtyyMgQvgHpSrh%2BMk7%2BTKRKqByueXPzXSCoVx7DTuNiKk5mEx%2FlAXvdjwg%2BV66KAS8GV5jeZveU4ftulww5lxgWgL9Pzzoy4ZEZQjyGc3dXOJ4cY"}],"group":"cf-nel","max_age":604800}', 'NEL': '{"success_fraction":0,"report_to":"cf-nel","max_age":604800}', 'Server': 'cloudflare', 'CF-RAY': '87eff6cdbfa48737-ORD', 'alt-svc': 'h3=":443"; ma=86400'} 
 body={"results":[{"gender":"male","name":{"title":"Monsieur","first":"Umberto","last":"Gerard"},"location":{"street":{"number":5670,"name":"Avenue de la Libération"},"city":"Densbüren","state":"Solothurn","country":"Switzerland","postcode":8989,"coordinates":{"latitude":"-58.1349","longitude":"-130.7555"},"timezone":{"offset":"-12:00","description":"Eniwetok, Kwajalein"}},"email":"umberto.gerard@example.com","login":{"uuid":"f60903ac-c438-4b57-8f32-2895e8a8f028","username":"bluecat233","password":"wolfen","salt":"WqnGRuBW","md5":"59d1f5e73e8ecd3533f2a3fc98fe149b","sha1":"fe55699d8f2b4d6624d321b7fc6058e0918191a5","sha256":"eb5245fa70ee747a44a3684af69b0f01a65d2380b0cd09845835cf46272a0c0e"},"dob":{"date":"1976-06-08T11:35:39.365Z","age":47},"registered":{"date":"2014-06-01T17:54:18.894Z","age":9},"phone":"077 659 01 54","cell":"078 470 39 93","id":{"name":"AVS","value":"756.8797.4469.19"},"picture":{"large":"https://randomuser.me/api/portraits/men/35.jpg","medium":"https://randomuser.me/api/portraits/med/men/35.jpg","thumbnail":"https://randomuser.me/api/portraits/thumb/men/35.jpg"},"nat":"CH"}],"info":{"seed":"43dee8e1fb7b6d81","results":1,"page":1,"version":"1.4"}} 
 </msg>
<msg time="2024-05-05T10:14:31.386130" level="INFO">/opt/hostedtoolcache/Python/3.12.3/x64/lib/python3.12/site-packages/urllib3/connectionpool.py:1103: InsecureRequestWarning: Unverified HTTPS request is being made to host 'randomuser.me'. Adding certificate verification is strongly advised. See: https://urllib3.readthedocs.io/en/latest/advanced-usage.html#tls-warnings
  warnings.warn(</msg>
<msg time="2024-05-05T10:14:31.386253" level="INFO">${response} = &lt;Response [200]&gt;</msg>
<var>${response}</var>
<arg>consultarAPI</arg>
<arg>/api</arg>
<doc>Sends a GET request on a previously created HTTP Session.</doc>
<status status="PASS" start="2024-05-05T10:14:31.312519" elapsed="0.073761"/>
</kw>
<kw name="Set Variable" owner="BuiltIn">
<msg time="2024-05-05T10:14:31.387437" level="INFO">${json_data} = {'results': [{'gender': 'male', 'name': {'title': 'Monsieur', 'first': 'Umberto', 'last': 'Gerard'}, 'location': {'street': {'number': 5670, 'name': 'Avenue de la Libération'}, 'city': 'Densbüren', 's...</msg>
<var>${json_data}</var>
<arg>${response.json()}</arg>
<doc>Returns the given values which can then be assigned to a variables.</doc>
<status status="PASS" start="2024-05-05T10:14:31.386849" elapsed="0.000625"/>
</kw>
<kw name="Log" owner="BuiltIn">
<msg time="2024-05-05T10:14:31.388037" level="INFO">{'results': [{'gender': 'male', 'name': {'title': 'Monsieur', 'first': 'Umberto', 'last': 'Gerard'}, 'location': {'street': {'number': 5670, 'name': 'Avenue de la Libération'}, 'city': 'Densbüren', 'state': 'Solothurn', 'country': 'Switzerland', 'postcode': 8989, 'coordinates': {'latitude': '-58.1349', 'longitude': '-130.7555'}, 'timezone': {'offset': '-12:00', 'description': 'Eniwetok, Kwajalein'}}, 'email': 'umberto.gerard@example.com', 'login': {'uuid': 'f60903ac-c438-4b57-8f32-2895e8a8f028', 'username': 'bluecat233', 'password': 'wolfen', 'salt': 'WqnGRuBW', 'md5': '59d1f5e73e8ecd3533f2a3fc98fe149b', 'sha1': 'fe55699d8f2b4d6624d321b7fc6058e0918191a5', 'sha256': 'eb5245fa70ee747a44a3684af69b0f01a65d2380b0cd09845835cf46272a0c0e'}, 'dob': {'date': '1976-06-08T11:35:39.365Z', 'age': 47}, 'registered': {'date': '2014-06-01T17:54:18.894Z', 'age': 9}, 'phone': '077 659 01 54', 'cell': '078 470 39 93', 'id': {'name': 'AVS', 'value': '756.8797.4469.19'}, 'picture': {'large': 'https://randomuser.me/api/portraits/men/35.jpg', 'medium': 'https://randomuser.me/api/portraits/med/men/35.jpg', 'thumbnail': 'https://randomuser.me/api/portraits/thumb/men/35.jpg'}, 'nat': 'CH'}], 'info': {'seed': '43dee8e1fb7b6d81', 'results': 1, 'page': 1, 'version': '1.4'}}</msg>
<arg>${json_data}</arg>
<doc>Logs the given message with the given level.</doc>
<status status="PASS" start="2024-05-05T10:14:31.387857" elapsed="0.000269"/>
</kw>
<kw name="Should Be String" owner="String">
<arg>${json_data['results'][0]['gender']}</arg>
<doc>Fails if the given ``item`` is not a string.</doc>
<status status="PASS" start="2024-05-05T10:14:31.388458" elapsed="0.000394"/>
</kw>
<kw name="Should Match Regexp" owner="BuiltIn">
<arg>${json_data['results'][0]['email']}</arg>
<arg>^[a-zA-Z0-9._%+-]+@[a-zA-Z0-9.-]+\.[a-zA-Z]{2,}$</arg>
<doc>Fails if ``string`` does not match ``pattern`` as a regular expression.</doc>
<status status="PASS" start="2024-05-05T10:14:31.389055" elapsed="0.000535"/>
</kw>
<kw name="Should Match Regexp" owner="BuiltIn">
<arg>${json_data['results'][0]['dob']['date']}</arg>
<arg>\\d{4}-\\d{2}-\\d{2}T\\d{2}:\\d{2}:\\d{2}\\.\\d{3}Z</arg>
<doc>Fails if ``string`` does not match ``pattern`` as a regular expression.</doc>
<status status="PASS" start="2024-05-05T10:14:31.389793" elapsed="0.000516"/>
</kw>
<kw name="Should Match Regexp" owner="BuiltIn">
<arg>${json_data['results'][0]['registered']['date']}</arg>
<arg>\\d{4}-\\d{2}-\\d{2}T\\d{2}:\\d{2}:\\d{2}\\.\\d{3}Z</arg>
<doc>Fails if ``string`` does not match ``pattern`` as a regular expression.</doc>
<status status="PASS" start="2024-05-05T10:14:31.390506" elapsed="0.000381"/>
</kw>
<kw name="Should Match Regexp" owner="BuiltIn">
<arg>${json_data['results'][0]['picture']['large']}</arg>
<arg>^https?://.*\.(?:png|jpe?g|gif|bmp)$</arg>
<doc>Fails if ``string`` does not match ``pattern`` as a regular expression.</doc>
<status status="PASS" start="2024-05-05T10:14:31.391074" elapsed="0.000513"/>
</kw>
<kw name="Should Match Regexp" owner="BuiltIn">
<arg>${json_data['results'][0]['picture']['medium']}</arg>
<arg>^https?://.*\.(?:png|jpe?g|gif|bmp)$</arg>
<doc>Fails if ``string`` does not match ``pattern`` as a regular expression.</doc>
<status status="PASS" start="2024-05-05T10:14:31.391779" elapsed="0.000360"/>
</kw>
<kw name="Should Match Regexp" owner="BuiltIn">
<arg>${json_data['results'][0]['picture']['thumbnail']}</arg>
<arg>^https?://.*\.(?:png|jpe?g|gif|bmp)$</arg>
<doc>Fails if ``string`` does not match ``pattern`` as a regular expression.</doc>
<status status="PASS" start="2024-05-05T10:14:31.392329" elapsed="0.000350"/>
</kw>
<kw name="Log" owner="BuiltIn">
<msg time="2024-05-05T10:14:31.393194" level="INFO">{'large': 'https://randomuser.me/api/portraits/men/35.jpg', 'medium': 'https://randomuser.me/api/portraits/med/men/35.jpg', 'thumbnail': 'https://randomuser.me/api/portraits/thumb/men/35.jpg'}</msg>
<arg>${json_data['results'][0]['picture']}</arg>
<doc>Logs the given message with the given level.</doc>
<status status="PASS" start="2024-05-05T10:14:31.392862" elapsed="0.000373"/>
</kw>
<status status="PASS" start="2024-05-05T10:14:31.312281" elapsed="0.081233"/>
</kw>
<kw name="Teste de Tipos de Dados - Postcode" owner="random-user-service">
<kw name="GET On Session" owner="RequestsLibrary">
<msg time="2024-05-05T10:14:31.480420" level="INFO">GET Request : url=https://randomuser.me/api 
 path_url=/api 
 headers={'User-Agent': 'python-requests/2.31.0', 'Accept-Encoding': 'gzip, deflate', 'Accept': '*/*', 'Connection': 'keep-alive'} 
 body=None 
 </msg>
<msg time="2024-05-05T10:14:31.480530" level="INFO">GET Response : url=https://randomuser.me/api 
 status=200, reason=OK 
 headers={'Date': 'Sun, 05 May 2024 10:14:31 GMT', 'Content-Type': 'application/json; charset=utf-8', 'Transfer-Encoding': 'chunked', 'Connection': 'keep-alive', 'X-Powered-By': 'Express', 'Access-Control-Allow-Origin': '*', 'Cache-Control': 'no-cache', 'ETag': 'W/"48a-1L3VD6WHFcg32KX8mxFYvBNx830"', 'Vary': 'Accept-Encoding', 'Content-Encoding': 'gzip', 'CF-Cache-Status': 'DYNAMIC', 'Report-To': '{"endpoints":[{"url":"https:\\/\\/a.nel.cloudflare.com\\/report\\/v4?s=KZ0Uhx%2B2xcQhRR314Rngus7il9dPS4kEHBtEwWGRsck6GHXZaYoUO1GqK2qeLkaP6hOU%2BTR%2BV7ZF2B5kiNiLP0Y0sQFTyHhfbmCpqe7c13FI9l1YQsjF5DqudQVWg4Z5"}],"group":"cf-nel","max_age":604800}', 'NEL': '{"success_fraction":0,"report_to":"cf-nel","max_age":604800}', 'Server': 'cloudflare', 'CF-RAY': '87eff6ce38038737-ORD', 'alt-svc': 'h3=":443"; ma=86400'} 
 body={"results":[{"gender":"male","name":{"title":"Mr","first":"Bozhan","last":"Sherstyuk"},"location":{"street":{"number":1623,"name":"Kosinskogo"},"city":"Lugansk","state":"Poltavska","country":"Ukraine","postcode":31329,"coordinates":{"latitude":"73.8312","longitude":"-47.7238"},"timezone":{"offset":"+11:00","description":"Magadan, Solomon Islands, New Caledonia"}},"email":"bozhan.sherstyuk@example.com","login":{"uuid":"1ff278a3-ac33-4d63-a2af-93217b3e3fca","username":"redwolf616","password":"beverly","salt":"PVomZzlP","md5":"47eed355bd8f40a20d325d07ee020406","sha1":"fada6d666eedf8c2c42df9a3f6a9bac19fc3b3bf","sha256":"f8601b6c480a805c4b70919cfced25f350382ea2a83d353e59d05c180b987ba6"},"dob":{"date":"1956-06-30T04:38:53.532Z","age":67},"registered":{"date":"2005-06-20T05:24:20.596Z","age":18},"phone":"(096) T19-2976","cell":"(066) I00-1996","id":{"name":"","value":null},"picture":{"large":"https://randomuser.me/api/portraits/men/11.jpg","medium":"https://randomuser.me/api/portraits/med/men/11.jpg","thumbnail":"https://randomuser.me/api/portraits/thumb/men/11.jpg"},"nat":"UA"}],"info":{"seed":"bf00acdf42a79992","results":1,"page":1,"version":"1.4"}} 
 </msg>
<msg time="2024-05-05T10:14:31.480610" level="INFO">/opt/hostedtoolcache/Python/3.12.3/x64/lib/python3.12/site-packages/urllib3/connectionpool.py:1103: InsecureRequestWarning: Unverified HTTPS request is being made to host 'randomuser.me'. Adding certificate verification is strongly advised. See: https://urllib3.readthedocs.io/en/latest/advanced-usage.html#tls-warnings
  warnings.warn(</msg>
<msg time="2024-05-05T10:14:31.480758" level="INFO">${response} = &lt;Response [200]&gt;</msg>
<var>${response}</var>
<arg>consultarAPI</arg>
<arg>/api</arg>
<doc>Sends a GET request on a previously created HTTP Session.</doc>
<status status="PASS" start="2024-05-05T10:14:31.393994" elapsed="0.086813"/>
</kw>
<kw name="Set Variable" owner="BuiltIn">
<msg time="2024-05-05T10:14:31.482044" level="INFO">${json_data} = {'results': [{'gender': 'male', 'name': {'title': 'Mr', 'first': 'Bozhan', 'last': 'Sherstyuk'}, 'location': {'street': {'number': 1623, 'name': 'Kosinskogo'}, 'city': 'Lugansk', 'state': 'Poltavska',...</msg>
<var>${json_data}</var>
<arg>${response.json()}</arg>
<doc>Returns the given values which can then be assigned to a variables.</doc>
<status status="PASS" start="2024-05-05T10:14:31.481475" elapsed="0.000597"/>
</kw>
<kw name="Log" owner="BuiltIn">
<msg time="2024-05-05T10:14:31.482582" level="INFO">{'results': [{'gender': 'male', 'name': {'title': 'Mr', 'first': 'Bozhan', 'last': 'Sherstyuk'}, 'location': {'street': {'number': 1623, 'name': 'Kosinskogo'}, 'city': 'Lugansk', 'state': 'Poltavska', 'country': 'Ukraine', 'postcode': 31329, 'coordinates': {'latitude': '73.8312', 'longitude': '-47.7238'}, 'timezone': {'offset': '+11:00', 'description': 'Magadan, Solomon Islands, New Caledonia'}}, 'email': 'bozhan.sherstyuk@example.com', 'login': {'uuid': '1ff278a3-ac33-4d63-a2af-93217b3e3fca', 'username': 'redwolf616', 'password': 'beverly', 'salt': 'PVomZzlP', 'md5': '47eed355bd8f40a20d325d07ee020406', 'sha1': 'fada6d666eedf8c2c42df9a3f6a9bac19fc3b3bf', 'sha256': 'f8601b6c480a805c4b70919cfced25f350382ea2a83d353e59d05c180b987ba6'}, 'dob': {'date': '1956-06-30T04:38:53.532Z', 'age': 67}, 'registered': {'date': '2005-06-20T05:24:20.596Z', 'age': 18}, 'phone': '(096) T19-2976', 'cell': '(066) I00-1996', 'id': {'name': '', 'value': None}, 'picture': {'large': 'https://randomuser.me/api/portraits/men/11.jpg', 'medium': 'https://randomuser.me/api/portraits/med/men/11.jpg', 'thumbnail': 'https://randomuser.me/api/portraits/thumb/men/11.jpg'}, 'nat': 'UA'}], 'info': {'seed': 'bf00acdf42a79992', 'results': 1, 'page': 1, 'version': '1.4'}}</msg>
<arg>${json_data}</arg>
<doc>Logs the given message with the given level.</doc>
<status status="PASS" start="2024-05-05T10:14:31.482416" elapsed="0.000249"/>
</kw>
<kw name="Should Be Equal As Numbers" owner="BuiltIn">
<arg>${json_data['results'][0]['location']['postcode']}</arg>
<arg>${json_data['results'][0]['location']['postcode']}</arg>
<doc>Fails if objects are unequal after converting them to real numbers.</doc>
<status status="PASS" start="2024-05-05T10:14:31.483169" elapsed="0.000688"/>
</kw>
<kw name="Log" owner="BuiltIn">
<msg time="2024-05-05T10:14:31.484393" level="INFO">31329</msg>
<arg>${json_data['results'][0]['location']['postcode']}</arg>
<doc>Logs the given message with the given level.</doc>
<status status="PASS" start="2024-05-05T10:14:31.484055" elapsed="0.000379"/>
</kw>
<status status="PASS" start="2024-05-05T10:14:31.393749" elapsed="0.090942"/>
</kw>
<doc>Testa se os tipos de dados na resposta da API estão corretos.</doc>
<tag>testeTiposDados</tag>
<status status="PASS" start="2024-05-05T10:14:31.311826" elapsed="0.173035"/>
</test>
<test id="s1-s1-t5" name="Validar conteudo" line="35">
<kw name="Teste de Tipos de Conteudo" owner="random-user-service">
<kw name="GET On Session" owner="RequestsLibrary">
<msg time="2024-05-05T10:14:31.577900" level="INFO">GET Request : url=https://randomuser.me/api 
 path_url=/api 
 headers={'User-Agent': 'python-requests/2.31.0', 'Accept-Encoding': 'gzip, deflate', 'Accept': '*/*', 'Connection': 'keep-alive'} 
 body=None 
 </msg>
<msg time="2024-05-05T10:14:31.577998" level="INFO">GET Response : url=https://randomuser.me/api 
 status=200, reason=OK 
 headers={'Date': 'Sun, 05 May 2024 10:14:31 GMT', 'Content-Type': 'application/json; charset=utf-8', 'Transfer-Encoding': 'chunked', 'Connection': 'keep-alive', 'X-Powered-By': 'Express', 'Access-Control-Allow-Origin': '*', 'Cache-Control': 'no-cache', 'ETag': 'W/"499-91kSyDZbQXSVNArgIB/Ff1LEwxY"', 'Vary': 'Accept-Encoding', 'Content-Encoding': 'gzip', 'CF-Cache-Status': 'DYNAMIC', 'Report-To': '{"endpoints":[{"url":"https:\\/\\/a.nel.cloudflare.com\\/report\\/v4?s=rXwbLS%2FlSFzPPfJc9FkNi5MTQoMxSjP9SWhZmqAhOjdnXrIWj3A12XMEb6vGZqn94O4xqTU7ACP2Qo74N9Nu1jjhQPT4dzyPkc80eclIu%2BnqxpqV8WwW9vqnbzx9s0g2"}],"group":"cf-nel","max_age":604800}', 'NEL': '{"success_fraction":0,"report_to":"cf-nel","max_age":604800}', 'Server': 'cloudflare', 'CF-RAY': '87eff6cec8788737-ORD', 'alt-svc': 'h3=":443"; ma=86400'} 
 body={"results":[{"gender":"female","name":{"title":"Miss","first":"Bendita","last":"Jesus"},"location":{"street":{"number":5284,"name":"Rua Paraná "},"city":"Camaragibe","state":"Roraima","country":"Brazil","postcode":32976,"coordinates":{"latitude":"-75.3941","longitude":"114.6994"},"timezone":{"offset":"-7:00","description":"Mountain Time (US &amp; Canada)"}},"email":"bendita.jesus@example.com","login":{"uuid":"1852872d-4e4c-4d24-8329-e7e3ade7ca58","username":"organictiger548","password":"bullfrog","salt":"5sW1jqXm","md5":"97676a1487c00932b9fd0a0d3492fb8e","sha1":"0b11f38c7bddbb15611cab0a13a251195f4f0748","sha256":"afbb2223e18507d926ef52dd18e94f7ea694d792f88021f462e29c8c758e4ac6"},"dob":{"date":"1995-07-04T23:04:53.534Z","age":28},"registered":{"date":"2006-09-13T19:39:21.043Z","age":17},"phone":"(89) 4763-5219","cell":"(68) 8264-1637","id":{"name":"CPF","value":"132.807.878-48"},"picture":{"large":"https://randomuser.me/api/portraits/women/66.jpg","medium":"https://randomuser.me/api/portraits/med/women/66.jpg","thumbnail":"https://randomuser.me/api/portraits/thumb/women/66.jpg"},"nat":"BR"}],"info":{"seed":"c32f3bf0ec28949a","results":1,"page":1,"version":"1.4"}} 
 </msg>
<msg time="2024-05-05T10:14:31.578082" level="INFO">/opt/hostedtoolcache/Python/3.12.3/x64/lib/python3.12/site-packages/urllib3/connectionpool.py:1103: InsecureRequestWarning: Unverified HTTPS request is being made to host 'randomuser.me'. Adding certificate verification is strongly advised. See: https://urllib3.readthedocs.io/en/latest/advanced-usage.html#tls-warnings
  warnings.warn(</msg>
<msg time="2024-05-05T10:14:31.578247" level="INFO">${response} = &lt;Response [200]&gt;</msg>
<var>${response}</var>
<arg>consultarAPI</arg>
<arg>/api</arg>
<doc>Sends a GET request on a previously created HTTP Session.</doc>
<status status="PASS" start="2024-05-05T10:14:31.487394" elapsed="0.090914"/>
</kw>
<kw name="Set Variable" owner="BuiltIn">
<msg time="2024-05-05T10:14:31.579441" level="INFO">${json_data} = {'results': [{'gender': 'female', 'name': {'title': 'Miss', 'first': 'Bendita', 'last': 'Jesus'}, 'location': {'street': {'number': 5284, 'name': 'Rua Paraná '}, 'city': 'Camaragibe', 'state': 'Roraim...</msg>
<var>${json_data}</var>
<arg>${response.json()}</arg>
<doc>Returns the given values which can then be assigned to a variables.</doc>
<status status="PASS" start="2024-05-05T10:14:31.578846" elapsed="0.000625"/>
</kw>
<kw name="Set Variable" owner="BuiltIn">
<msg time="2024-05-05T10:14:31.580184" level="INFO">${name_title} = Miss</msg>
<var>${name_title}</var>
<arg>${json_data["results"][0]["name"]["title"]}</arg>
<doc>Returns the given values which can then be assigned to a variables.</doc>
<status status="PASS" start="2024-05-05T10:14:31.579790" elapsed="0.000420"/>
</kw>
<kw name="Create List" owner="BuiltIn">
<msg time="2024-05-05T10:14:31.580668" level="INFO">${allowed_titles} = ['Mr', 'Ms', 'Miss', 'Mrs', 'Madame', 'Monsieur']</msg>
<var>${allowed_titles}</var>
<arg>Mr</arg>
<arg>Ms</arg>
<arg>Miss</arg>
<arg>Mrs</arg>
<arg>Madame</arg>
<arg>Monsieur</arg>
<doc>Returns a list containing given items.</doc>
<status status="PASS" start="2024-05-05T10:14:31.580517" elapsed="0.000176"/>
</kw>
<kw name="List Should Contain Value" owner="Collections">
<msg time="2024-05-05T10:14:31.581172" level="INFO">False</msg>
<arg>${allowed_titles}</arg>
<arg>${name_title}</arg>
<doc>Fails if the ``value`` is not found from ``list``.</doc>
<status status="PASS" start="2024-05-05T10:14:31.580995" elapsed="0.000215"/>
</kw>
<kw name="Set Variable" owner="BuiltIn">
<msg time="2024-05-05T10:14:31.581915" level="INFO">${name_country} = BR</msg>
<var>${name_country}</var>
<arg>${json_data["results"][0]["nat"]}</arg>
<doc>Returns the given values which can then be assigned to a variables.</doc>
<status status="PASS" start="2024-05-05T10:14:31.581516" elapsed="0.000424"/>
</kw>
<kw name="Create List" owner="BuiltIn">
<msg time="2024-05-05T10:14:31.582824" level="INFO">${list_country} = ['AD', 'AE', 'AF', 'AG', 'AI', 'AL', 'AM', 'AO', 'AQ', 'AR', 'AS', 'AT', 'AU', 'AW', 'AX', 'AZ', 'BA', 'BB', 'BD', 'BE', 'BF', 'BG', 'BH', 'BI', 'BJ', 'BL', 'BM', 'BN', 'BO', 'BQ', 'BR', 'BS', 'BT', '...</msg>
<var>${list_country}</var>
<arg>AD</arg>
<arg>AE</arg>
<arg>AF</arg>
<arg>AG</arg>
<arg>AI</arg>
<arg>AL</arg>
<arg>AM</arg>
<arg>AO</arg>
<arg>AQ</arg>
<arg>AR</arg>
<arg>AS</arg>
<arg>AT</arg>
<arg>AU</arg>
<arg>AW</arg>
<arg>AX</arg>
<arg>AZ</arg>
<arg>BA</arg>
<arg>BB</arg>
<arg>BD</arg>
<arg>BE</arg>
<arg>BF</arg>
<arg>BG</arg>
<arg>BH</arg>
<arg>BI</arg>
<arg>BJ</arg>
<arg>BL</arg>
<arg>BM</arg>
<arg>BN</arg>
<arg>BO</arg>
<arg>BQ</arg>
<arg>BR</arg>
<arg>BS</arg>
<arg>BT</arg>
<arg>BV</arg>
<arg>BW</arg>
<arg>BY</arg>
<arg>BZ</arg>
<arg>CA</arg>
<arg>CC</arg>
<arg>CD</arg>
<arg>CF</arg>
<arg>CG</arg>
<arg>CH</arg>
<arg>CI</arg>
<arg>CK</arg>
<arg>CL</arg>
<arg>CM</arg>
<arg>CN</arg>
<arg>CO</arg>
<arg>CR</arg>
<arg>CU</arg>
<arg>CV</arg>
<arg>CW</arg>
<arg>CX</arg>
<arg>CY</arg>
<arg>CZ</arg>
<arg>DE</arg>
<arg>DJ</arg>
<arg>DK</arg>
<arg>DM</arg>
<arg>DO</arg>
<arg>DZ</arg>
<arg>EC</arg>
<arg>EE</arg>
<arg>EG</arg>
<arg>EH</arg>
<arg>ER</arg>
<arg>ES</arg>
<arg>ET</arg>
<arg>FI</arg>
<arg>FJ</arg>
<arg>FK</arg>
<arg>FM</arg>
<arg>FO</arg>
<arg>FR</arg>
<arg>GA</arg>
<arg>GB</arg>
<arg>GD</arg>
<arg>GE</arg>
<arg>GF</arg>
<arg>GG</arg>
<arg>GH</arg>
<arg>GI</arg>
<arg>GL</arg>
<arg>GM</arg>
<arg>GN</arg>
<arg>GP</arg>
<arg>GQ</arg>
<arg>GR</arg>
<arg>GS</arg>
<arg>GT</arg>
<arg>GU</arg>
<arg>GW</arg>
<arg>GY</arg>
<arg>HK</arg>
<arg>HM</arg>
<arg>HN</arg>
<arg>HR</arg>
<arg>HT</arg>
<arg>HU</arg>
<arg>ID</arg>
<arg>IE</arg>
<arg>IL</arg>
<arg>IM</arg>
<arg>IN</arg>
<arg>IO</arg>
<arg>IQ</arg>
<arg>IR</arg>
<arg>IS</arg>
<arg>IT</arg>
<arg>JE</arg>
<arg>JM</arg>
<arg>JO</arg>
<arg>JP</arg>
<arg>KE</arg>
<arg>KG</arg>
<arg>KH</arg>
<arg>KI</arg>
<arg>KM</arg>
<arg>KN</arg>
<arg>KP</arg>
<arg>KR</arg>
<arg>KW</arg>
<arg>KY</arg>
<arg>KZ</arg>
<arg>LA</arg>
<arg>LB</arg>
<arg>LC</arg>
<arg>LI</arg>
<arg>LK</arg>
<arg>LR</arg>
<arg>LS</arg>
<arg>LT</arg>
<arg>LU</arg>
<arg>LV</arg>
<arg>LY</arg>
<arg>MA</arg>
<arg>MC</arg>
<arg>MD</arg>
<arg>ME</arg>
<arg>MF</arg>
<arg>MG</arg>
<arg>MH</arg>
<arg>MK</arg>
<arg>ML</arg>
<arg>MM</arg>
<arg>MN</arg>
<arg>MO</arg>
<arg>MP</arg>
<arg>MQ</arg>
<arg>MR</arg>
<arg>MS</arg>
<arg>MT</arg>
<arg>MU</arg>
<arg>MV</arg>
<arg>MW</arg>
<arg>MX</arg>
<arg>MY</arg>
<arg>MZ</arg>
<arg>NA</arg>
<arg>NC</arg>
<arg>NE</arg>
<arg>NF</arg>
<arg>NG</arg>
<arg>NI</arg>
<arg>NL</arg>
<arg>NO</arg>
<arg>NP</arg>
<arg>NR</arg>
<arg>NU</arg>
<arg>NZ</arg>
<arg>OM</arg>
<arg>PA</arg>
<arg>PE</arg>
<arg>PF</arg>
<arg>PG</arg>
<arg>PH</arg>
<arg>PK</arg>
<arg>PL</arg>
<arg>PM</arg>
<arg>PN</arg>
<arg>PR</arg>
<arg>PS</arg>
<arg>PT</arg>
<arg>PW</arg>
<arg>PY</arg>
<arg>QA</arg>
<arg>RE</arg>
<arg>RO</arg>
<arg>RS</arg>
<arg>RU</arg>
<arg>RW</arg>
<arg>SA</arg>
<arg>SB</arg>
<arg>SC</arg>
<arg>SD</arg>
<arg>SE</arg>
<arg>SG</arg>
<arg>SH</arg>
<arg>SI</arg>
<arg>SJ</arg>
<arg>SK</arg>
<arg>SL</arg>
<arg>SM</arg>
<arg>SN</arg>
<arg>SO</arg>
<arg>SR</arg>
<arg>SS</arg>
<arg>ST</arg>
<arg>SV</arg>
<arg>SX</arg>
<arg>SY</arg>
<arg>SZ</arg>
<arg>TC</arg>
<arg>TD</arg>
<arg>TF</arg>
<arg>TG</arg>
<arg>TH</arg>
<arg>TJ</arg>
<arg>TK</arg>
<arg>TL</arg>
<arg>TM</arg>
<arg>TN</arg>
<arg>TO</arg>
<arg>TR</arg>
<arg>TT</arg>
<arg>TV</arg>
<arg>TW</arg>
<arg>TZ</arg>
<arg>UA</arg>
<arg>UG</arg>
<arg>UM</arg>
<arg>US</arg>
<arg>UY</arg>
<arg>UZ</arg>
<arg>VA</arg>
<arg>VC</arg>
<arg>VE</arg>
<arg>VG</arg>
<arg>VI</arg>
<arg>VN</arg>
<arg>VU</arg>
<arg>WF</arg>
<arg>WS</arg>
<arg>XK</arg>
<arg>YE</arg>
<arg>YT</arg>
<arg>ZA</arg>
<arg>ZM</arg>
<arg>ZW</arg>
<doc>Returns a list containing given items.</doc>
<status status="PASS" start="2024-05-05T10:14:31.582241" elapsed="0.000609"/>
</kw>
<kw name="List Should Contain Value" owner="Collections">
<msg time="2024-05-05T10:14:31.583883" level="INFO">False</msg>
<arg>${list_country}</arg>
<arg>${name_country}</arg>
<doc>Fails if the ``value`` is not found from ``list``.</doc>
<status status="PASS" start="2024-05-05T10:14:31.583678" elapsed="0.000242"/>
</kw>
<kw name="Run Keyword If" owner="BuiltIn">
<kw name="Should Be True" owner="BuiltIn">
<arg>${True}</arg>
<doc>Fails if the given condition is not true.</doc>
<status status="PASS" start="2024-05-05T10:14:31.585007" elapsed="0.000251"/>
</kw>
<arg>${json_data["results"][0]["location"]["coordinates"]["latitude"]} &gt;= -90 and ${json_data["results"][0]["location"]["coordinates"]["latitude"]} &lt;= 90</arg>
<arg>Should Be True</arg>
<arg>${True}</arg>
<doc>Runs the given keyword with the given arguments, if ``condition`` is true.</doc>
<status status="PASS" start="2024-05-05T10:14:31.584242" elapsed="0.001148"/>
</kw>
<kw name="Run Keyword If" owner="BuiltIn">
<kw name="Should Be True" owner="BuiltIn">
<arg>${True}</arg>
<doc>Fails if the given condition is not true.</doc>
<status status="PASS" start="2024-05-05T10:14:31.586291" elapsed="0.000139"/>
</kw>
<arg>${json_data["results"][0]["location"]["coordinates"]["longitude"]} &gt;= -180 and ${json_data["results"][0]["location"]["coordinates"]["longitude"]} &lt;= 180</arg>
<arg>Should Be True</arg>
<arg>${True}</arg>
<doc>Runs the given keyword with the given arguments, if ``condition`` is true.</doc>
<status status="PASS" start="2024-05-05T10:14:31.585580" elapsed="0.000975"/>
</kw>
<status status="PASS" start="2024-05-05T10:14:31.487132" elapsed="0.099556"/>
</kw>
<doc>Testa o conteúdo específico dos campos retornados pela API.</doc>
<tag>testeConteudo</tag>
<status status="PASS" start="2024-05-05T10:14:31.486668" elapsed="0.100167"/>
</test>
<status status="PASS" start="2024-05-05T10:14:30.779349" elapsed="0.809445"/>
</suite>
<status status="PASS" start="2024-05-05T10:14:30.764594" elapsed="0.829317"/>
</suite>
<statistics>
<total>
<stat pass="5" fail="0" skip="0">All Tests</stat>
</total>
<tag>
<stat pass="1" fail="0" skip="0">testeConteudo</stat>
<stat pass="1" fail="0" skip="0">testeEstruturaResposta</stat>
<stat pass="1" fail="0" skip="0">testeRequisicaoBasica</stat>
<stat pass="1" fail="0" skip="0">testeTiposDados</stat>
</tag>
<suite>
<stat pass="5" fail="0" skip="0" id="s1" name="Tests">Tests</stat>
<stat pass="5" fail="0" skip="0" id="s1-s1" name="Random-User-Test">Tests.Random-User-Test</stat>
</suite>
</statistics>
<errors>
</errors>
</robot>
