<?xml version="1.0" encoding="UTF-8"?>
<robot generator="Robot 7.0 (Python 3.12.3 on linux)" generated="2024-05-29T13:16:42.368985" rpa="false" schemaversion="5">
<suite id="s1" name="Tests" source="/home/runner/work/ApiRandomUser/ApiRandomUser/RamdonUser/tests">
<suite id="s1-s1" name="Random-User-Test" source="/home/runner/work/ApiRandomUser/ApiRandomUser/RamdonUser/tests/random-user-test.robot">
<test id="s1-s1-t1" name="Conectar" line="13">
<kw name="Conectar API" owner="random-user-service">
<kw name="Create Session" owner="RequestsLibrary">
<msg time="2024-05-29T13:16:42.780805" level="INFO">Creating Session using : alias=consultarAPI, url=https://randomuser.me/, headers={},                     cookies={}, auth=None, timeout=None, proxies=None, verify=False,                     debug=0 </msg>
<arg>consultarAPI</arg>
<arg>${URL}</arg>
<doc>Create Session: create a HTTP session to a server</doc>
<status status="PASS" start="2024-05-29T13:16:42.780593" elapsed="0.000403"/>
</kw>
<status status="PASS" start="2024-05-29T13:16:42.779556" elapsed="0.001810"/>
</kw>
<status status="PASS" start="2024-05-29T13:16:42.778985" elapsed="0.002578"/>
</test>
<test id="s1-s1-t2" name="Validar retorno 200 e JSON Válido" line="16">
<kw name="Teste de Requisicao Basica" owner="random-user-service">
<kw name="GET On Session" owner="RequestsLibrary">
<msg time="2024-05-29T13:16:42.854205" level="INFO">GET Request : url=https://randomuser.me/api 
 path_url=/api 
 headers={'User-Agent': 'python-requests/2.32.2', 'Accept-Encoding': 'gzip, deflate', 'Accept': '*/*', 'Connection': 'keep-alive'} 
 body=None 
 </msg>
<msg time="2024-05-29T13:16:42.854369" level="INFO">GET Response : url=https://randomuser.me/api 
 status=200, reason=OK 
 headers={'Date': 'Wed, 29 May 2024 13:16:42 GMT', 'Content-Type': 'application/json; charset=utf-8', 'Transfer-Encoding': 'chunked', 'Connection': 'keep-alive', 'X-Powered-By': 'Express', 'Access-Control-Allow-Origin': '*', 'Cache-Control': 'no-cache', 'ETag': 'W/"47e-ygC7qAvZyMFDZujMkzp4mrnkiN4"', 'Vary': 'Accept-Encoding', 'Content-Encoding': 'gzip', 'CF-Cache-Status': 'DYNAMIC', 'Report-To': '{"endpoints":[{"url":"https:\\/\\/a.nel.cloudflare.com\\/report\\/v4?s=tg7me%2B9vnh91cy6FCJkDmzYN9YVs%2BqE%2FIv9JeWWtOFS78ldsVFVR8Gn%2BpDE5Og1Vf5860jy8B3GIsGtoUnQl%2BKWuzduaamWpkXWLxN1hE4ut69MQxdu6g2DqZ0mi1ZGq"}],"group":"cf-nel","max_age":604800}', 'NEL': '{"success_fraction":0,"report_to":"cf-nel","max_age":604800}', 'Server': 'cloudflare', 'CF-RAY': '88b6c2afaa553aed-IAD', 'alt-svc': 'h3=":443"; ma=86400'} 
 body={"results":[{"gender":"male","name":{"title":"Mr","first":"Tanish","last":"Chiplunkar"},"location":{"street":{"number":8334,"name":"Altamount Rd"},"city":"Gulbarga","state":"Bihar","country":"India","postcode":85042,"coordinates":{"latitude":"11.9004","longitude":"-153.1832"},"timezone":{"offset":"+9:30","description":"Adelaide, Darwin"}},"email":"tanish.chiplunkar@example.com","login":{"uuid":"e3ed052d-b96e-4b5b-ac4c-0c5e7b9438ff","username":"crazypeacock135","password":"sausage","salt":"SJz3UtSN","md5":"0bcd6a267f23a330492d81a4a853fdad","sha1":"28c68529e4c0478aeaf613fdca5e74e577b31e1c","sha256":"25c05de25b466ae6d66fdaaaa2702cf5ce0a0fb9e0ddd154c1b1a94298f38f25"},"dob":{"date":"1987-08-30T08:27:36.530Z","age":36},"registered":{"date":"2009-08-13T20:05:19.381Z","age":14},"phone":"8663159945","cell":"9151800784","id":{"name":"UIDAI","value":"460281990288"},"picture":{"large":"https://randomuser.me/api/portraits/men/88.jpg","medium":"https://randomuser.me/api/portraits/med/men/88.jpg","thumbnail":"https://randomuser.me/api/portraits/thumb/men/88.jpg"},"nat":"IN"}],"info":{"seed":"4db8375c05fb2e2f","results":1,"page":1,"version":"1.4"}} 
 </msg>
<msg time="2024-05-29T13:16:42.854452" level="INFO">/opt/hostedtoolcache/Python/3.12.3/x64/lib/python3.12/site-packages/urllib3/connectionpool.py:1103: InsecureRequestWarning: Unverified HTTPS request is being made to host 'randomuser.me'. Adding certificate verification is strongly advised. See: https://urllib3.readthedocs.io/en/latest/advanced-usage.html#tls-warnings
  warnings.warn(</msg>
<msg time="2024-05-29T13:16:42.854590" level="INFO">${response} = &lt;Response [200]&gt;</msg>
<var>${response}</var>
<arg>consultarAPI</arg>
<arg>/api</arg>
<doc>Sends a GET request on a previously created HTTP Session.</doc>
<status status="PASS" start="2024-05-29T13:16:42.784112" elapsed="0.070515"/>
</kw>
<kw name="Should Be Equal As Numbers" owner="BuiltIn">
<msg time="2024-05-29T13:16:42.855653" level="INFO">Argument types are:
&lt;class 'int'&gt;
&lt;class 'str'&gt;</msg>
<arg>${response.status_code}</arg>
<arg>200</arg>
<doc>Fails if objects are unequal after converting them to real numbers.</doc>
<status status="PASS" start="2024-05-29T13:16:42.855192" elapsed="0.000527"/>
</kw>
<kw name="Log" owner="BuiltIn">
<msg time="2024-05-29T13:16:42.856449" level="INFO">200</msg>
<arg>${response.status_code}</arg>
<doc>Logs the given message with the given level.</doc>
<status status="PASS" start="2024-05-29T13:16:42.856069" elapsed="0.000429"/>
</kw>
<kw name="Set Variable" owner="BuiltIn">
<msg time="2024-05-29T13:16:42.857240" level="INFO">${json_data} = {'results': [{'gender': 'male', 'name': {'title': 'Mr', 'first': 'Tanish', 'last': 'Chiplunkar'}, 'location': {'street': {'number': 8334, 'name': 'Altamount Rd'}, 'city': 'Gulbarga', 'state': 'Bihar',...</msg>
<var>${json_data}</var>
<arg>${response.json()}</arg>
<doc>Returns the given values which can then be assigned to a variables.</doc>
<status status="PASS" start="2024-05-29T13:16:42.856808" elapsed="0.000460"/>
</kw>
<kw name="Dictionary Should Contain Key" owner="Collections">
<msg time="2024-05-29T13:16:42.857745" level="INFO">False</msg>
<arg>${json_data}</arg>
<arg>results</arg>
<doc>Fails if ``key`` is not found from ``dictionary``.</doc>
<status status="PASS" start="2024-05-29T13:16:42.857573" elapsed="0.000218"/>
</kw>
<status status="PASS" start="2024-05-29T13:16:42.783866" elapsed="0.074192"/>
</kw>
<doc>Testa se a API responde corretamente e retorna um objeto JSON válido.</doc>
<tag>testeRequisicaoBasica</tag>
<status status="PASS" start="2024-05-29T13:16:42.783402" elapsed="0.074847"/>
</test>
<test id="s1-s1-t3" name="Validar estrutura de resposta" line="22">
<kw name="Teste de Estrutura de Resposta" owner="random-user-service">
<kw name="GET On Session" owner="RequestsLibrary">
<msg time="2024-05-29T13:16:42.955184" level="INFO">GET Request : url=https://randomuser.me/api 
 path_url=/api 
 headers={'User-Agent': 'python-requests/2.32.2', 'Accept-Encoding': 'gzip, deflate', 'Accept': '*/*', 'Connection': 'keep-alive'} 
 body=None 
 </msg>
<msg time="2024-05-29T13:16:42.955289" level="INFO">GET Response : url=https://randomuser.me/api 
 status=200, reason=OK 
 headers={'Date': 'Wed, 29 May 2024 13:16:42 GMT', 'Content-Type': 'application/json; charset=utf-8', 'Transfer-Encoding': 'chunked', 'Connection': 'keep-alive', 'X-Powered-By': 'Express', 'Access-Control-Allow-Origin': '*', 'Cache-Control': 'no-cache', 'ETag': 'W/"499-yXQzbTXvBEgmnpLPe+1fLgZWGvk"', 'Vary': 'Accept-Encoding', 'Content-Encoding': 'gzip', 'CF-Cache-Status': 'DYNAMIC', 'Report-To': '{"endpoints":[{"url":"https:\\/\\/a.nel.cloudflare.com\\/report\\/v4?s=m58tcAmvimtyHeXlJwugvjiIbdsdVs19k8N1XQ5fTVZ6XFlZr4JqW8uBwA7%2Fnek7nFP%2FMam2PUrI8nyU68KSSK2TeACTAF1ixxQdaaMqCqhXNIb9Biy5WlupyLUKrfNk"}],"group":"cf-nel","max_age":604800}', 'NEL': '{"success_fraction":0,"report_to":"cf-nel","max_age":604800}', 'Server': 'cloudflare', 'CF-RAY': '88b6c2afeab43aed-IAD', 'alt-svc': 'h3=":443"; ma=86400'} 
 body={"results":[{"gender":"male","name":{"title":"Mr","first":"Eetu","last":"Waisanen"},"location":{"street":{"number":1438,"name":"Aleksanterinkatu"},"city":"Padasjoki","state":"Kainuu","country":"Finland","postcode":97735,"coordinates":{"latitude":"-22.0902","longitude":"-74.2166"},"timezone":{"offset":"+1:00","description":"Brussels, Copenhagen, Madrid, Paris"}},"email":"eetu.waisanen@example.com","login":{"uuid":"3f72092f-3ca7-4b4c-a543-45c560eab03e","username":"goldenelephant371","password":"flyfish","salt":"oWNDRsWO","md5":"f7f63196d550a9ec595ca677a923dd9a","sha1":"dc1ab4154d13d25d963270a63f0368a8b2745f7e","sha256":"20d843cf7c0e933ff47acd4e0f32cbbcef372a520ac718659524291b620b65f5"},"dob":{"date":"1964-08-06T16:06:03.848Z","age":59},"registered":{"date":"2018-03-15T15:17:48.848Z","age":6},"phone":"05-096-702","cell":"048-885-96-26","id":{"name":"HETU","value":"NaNNA319undefined"},"picture":{"large":"https://randomuser.me/api/portraits/men/36.jpg","medium":"https://randomuser.me/api/portraits/med/men/36.jpg","thumbnail":"https://randomuser.me/api/portraits/thumb/men/36.jpg"},"nat":"FI"}],"info":{"seed":"60ce4f2a34bd8994","results":1,"page":1,"version":"1.4"}} 
 </msg>
<msg time="2024-05-29T13:16:42.955421" level="INFO">/opt/hostedtoolcache/Python/3.12.3/x64/lib/python3.12/site-packages/urllib3/connectionpool.py:1103: InsecureRequestWarning: Unverified HTTPS request is being made to host 'randomuser.me'. Adding certificate verification is strongly advised. See: https://urllib3.readthedocs.io/en/latest/advanced-usage.html#tls-warnings
  warnings.warn(</msg>
<msg time="2024-05-29T13:16:42.955561" level="INFO">${response} = &lt;Response [200]&gt;</msg>
<var>${response}</var>
<arg>consultarAPI</arg>
<arg>/api</arg>
<doc>Sends a GET request on a previously created HTTP Session.</doc>
<status status="PASS" start="2024-05-29T13:16:42.860876" elapsed="0.094725"/>
</kw>
<kw name="Set Variable" owner="BuiltIn">
<msg time="2024-05-29T13:16:42.956846" level="INFO">${json_data} = {'results': [{'gender': 'male', 'name': {'title': 'Mr', 'first': 'Eetu', 'last': 'Waisanen'}, 'location': {'street': {'number': 1438, 'name': 'Aleksanterinkatu'}, 'city': 'Padasjoki', 'state': 'Kainuu...</msg>
<var>${json_data}</var>
<arg>${response.json()}</arg>
<doc>Returns the given values which can then be assigned to a variables.</doc>
<status status="PASS" start="2024-05-29T13:16:42.956260" elapsed="0.000615"/>
</kw>
<kw name="Log" owner="BuiltIn">
<msg time="2024-05-29T13:16:42.957360" level="INFO">{'results': [{'gender': 'male', 'name': {'title': 'Mr', 'first': 'Eetu', 'last': 'Waisanen'}, 'location': {'street': {'number': 1438, 'name': 'Aleksanterinkatu'}, 'city': 'Padasjoki', 'state': 'Kainuu', 'country': 'Finland', 'postcode': 97735, 'coordinates': {'latitude': '-22.0902', 'longitude': '-74.2166'}, 'timezone': {'offset': '+1:00', 'description': 'Brussels, Copenhagen, Madrid, Paris'}}, 'email': 'eetu.waisanen@example.com', 'login': {'uuid': '3f72092f-3ca7-4b4c-a543-45c560eab03e', 'username': 'goldenelephant371', 'password': 'flyfish', 'salt': 'oWNDRsWO', 'md5': 'f7f63196d550a9ec595ca677a923dd9a', 'sha1': 'dc1ab4154d13d25d963270a63f0368a8b2745f7e', 'sha256': '20d843cf7c0e933ff47acd4e0f32cbbcef372a520ac718659524291b620b65f5'}, 'dob': {'date': '1964-08-06T16:06:03.848Z', 'age': 59}, 'registered': {'date': '2018-03-15T15:17:48.848Z', 'age': 6}, 'phone': '05-096-702', 'cell': '048-885-96-26', 'id': {'name': 'HETU', 'value': 'NaNNA319undefined'}, 'picture': {'large': 'https://randomuser.me/api/portraits/men/36.jpg', 'medium': 'https://randomuser.me/api/portraits/med/men/36.jpg', 'thumbnail': 'https://randomuser.me/api/portraits/thumb/men/36.jpg'}, 'nat': 'FI'}], 'info': {'seed': '60ce4f2a34bd8994', 'results': 1, 'page': 1, 'version': '1.4'}}</msg>
<arg>${json_data}</arg>
<doc>Logs the given message with the given level.</doc>
<status status="PASS" start="2024-05-29T13:16:42.957199" elapsed="0.000215"/>
</kw>
<kw name="Dictionary Should Contain Key" owner="Collections">
<msg time="2024-05-29T13:16:42.957871" level="INFO">False</msg>
<arg>${json_data}</arg>
<arg>results</arg>
<doc>Fails if ``key`` is not found from ``dictionary``.</doc>
<status status="PASS" start="2024-05-29T13:16:42.957713" elapsed="0.000207"/>
</kw>
<kw name="Should Not Be Empty" owner="BuiltIn">
<msg time="2024-05-29T13:16:42.958354" level="INFO">Length is 2.</msg>
<arg>${json_data}</arg>
<doc>Verifies that the given item is not empty.</doc>
<status status="PASS" start="2024-05-29T13:16:42.958218" elapsed="0.000176"/>
</kw>
<kw name="Create List" owner="BuiltIn">
<msg time="2024-05-29T13:16:42.959005" level="INFO">${expected_keys} = ['gender', 'name', 'location', 'email', 'login']</msg>
<var>${expected_keys}</var>
<arg>gender</arg>
<arg>name</arg>
<arg>location</arg>
<arg>email</arg>
<arg>login</arg>
<doc>Returns a list containing given items.</doc>
<status status="PASS" start="2024-05-29T13:16:42.958688" elapsed="0.000341"/>
</kw>
<for flavor="IN">
<iter>
<kw name="Dictionary Should Contain Key" owner="Collections">
<msg time="2024-05-29T13:16:42.960043" level="INFO">False</msg>
<arg>${json_data['results'][0]}</arg>
<arg>${key}</arg>
<doc>Fails if ``key`` is not found from ``dictionary``.</doc>
<status status="PASS" start="2024-05-29T13:16:42.959632" elapsed="0.000451"/>
</kw>
<kw name="Log" owner="BuiltIn">
<msg time="2024-05-29T13:16:42.960786" level="INFO">{'gender': 'male', 'name': {'title': 'Mr', 'first': 'Eetu', 'last': 'Waisanen'}, 'location': {'street': {'number': 1438, 'name': 'Aleksanterinkatu'}, 'city': 'Padasjoki', 'state': 'Kainuu', 'country': 'Finland', 'postcode': 97735, 'coordinates': {'latitude': '-22.0902', 'longitude': '-74.2166'}, 'timezone': {'offset': '+1:00', 'description': 'Brussels, Copenhagen, Madrid, Paris'}}, 'email': 'eetu.waisanen@example.com', 'login': {'uuid': '3f72092f-3ca7-4b4c-a543-45c560eab03e', 'username': 'goldenelephant371', 'password': 'flyfish', 'salt': 'oWNDRsWO', 'md5': 'f7f63196d550a9ec595ca677a923dd9a', 'sha1': 'dc1ab4154d13d25d963270a63f0368a8b2745f7e', 'sha256': '20d843cf7c0e933ff47acd4e0f32cbbcef372a520ac718659524291b620b65f5'}, 'dob': {'date': '1964-08-06T16:06:03.848Z', 'age': 59}, 'registered': {'date': '2018-03-15T15:17:48.848Z', 'age': 6}, 'phone': '05-096-702', 'cell': '048-885-96-26', 'id': {'name': 'HETU', 'value': 'NaNNA319undefined'}, 'picture': {'large': 'https://randomuser.me/api/portraits/men/36.jpg', 'medium': 'https://randomuser.me/api/portraits/med/men/36.jpg', 'thumbnail': 'https://randomuser.me/api/portraits/thumb/men/36.jpg'}, 'nat': 'FI'}</msg>
<arg>${json_data['results'][0]}</arg>
<doc>Logs the given message with the given level.</doc>
<status status="PASS" start="2024-05-29T13:16:42.960419" elapsed="0.000416"/>
</kw>
<kw name="Log" owner="BuiltIn">
<msg time="2024-05-29T13:16:42.961275" level="INFO">gender</msg>
<arg>${key}</arg>
<doc>Logs the given message with the given level.</doc>
<status status="PASS" start="2024-05-29T13:16:42.961136" elapsed="0.000177"/>
</kw>
<var name="${key}">gender</var>
<status status="PASS" start="2024-05-29T13:16:42.959501" elapsed="0.002031"/>
</iter>
<iter>
<kw name="Dictionary Should Contain Key" owner="Collections">
<msg time="2024-05-29T13:16:42.962226" level="INFO">False</msg>
<arg>${json_data['results'][0]}</arg>
<arg>${key}</arg>
<doc>Fails if ``key`` is not found from ``dictionary``.</doc>
<status status="PASS" start="2024-05-29T13:16:42.961837" elapsed="0.000426"/>
</kw>
<kw name="Log" owner="BuiltIn">
<msg time="2024-05-29T13:16:42.962947" level="INFO">{'gender': 'male', 'name': {'title': 'Mr', 'first': 'Eetu', 'last': 'Waisanen'}, 'location': {'street': {'number': 1438, 'name': 'Aleksanterinkatu'}, 'city': 'Padasjoki', 'state': 'Kainuu', 'country': 'Finland', 'postcode': 97735, 'coordinates': {'latitude': '-22.0902', 'longitude': '-74.2166'}, 'timezone': {'offset': '+1:00', 'description': 'Brussels, Copenhagen, Madrid, Paris'}}, 'email': 'eetu.waisanen@example.com', 'login': {'uuid': '3f72092f-3ca7-4b4c-a543-45c560eab03e', 'username': 'goldenelephant371', 'password': 'flyfish', 'salt': 'oWNDRsWO', 'md5': 'f7f63196d550a9ec595ca677a923dd9a', 'sha1': 'dc1ab4154d13d25d963270a63f0368a8b2745f7e', 'sha256': '20d843cf7c0e933ff47acd4e0f32cbbcef372a520ac718659524291b620b65f5'}, 'dob': {'date': '1964-08-06T16:06:03.848Z', 'age': 59}, 'registered': {'date': '2018-03-15T15:17:48.848Z', 'age': 6}, 'phone': '05-096-702', 'cell': '048-885-96-26', 'id': {'name': 'HETU', 'value': 'NaNNA319undefined'}, 'picture': {'large': 'https://randomuser.me/api/portraits/men/36.jpg', 'medium': 'https://randomuser.me/api/portraits/med/men/36.jpg', 'thumbnail': 'https://randomuser.me/api/portraits/thumb/men/36.jpg'}, 'nat': 'FI'}</msg>
<arg>${json_data['results'][0]}</arg>
<doc>Logs the given message with the given level.</doc>
<status status="PASS" start="2024-05-29T13:16:42.962587" elapsed="0.000408"/>
</kw>
<kw name="Log" owner="BuiltIn">
<msg time="2024-05-29T13:16:42.963411" level="INFO">name</msg>
<arg>${key}</arg>
<doc>Logs the given message with the given level.</doc>
<status status="PASS" start="2024-05-29T13:16:42.963286" elapsed="0.000162"/>
</kw>
<var name="${key}">name</var>
<status status="PASS" start="2024-05-29T13:16:42.961721" elapsed="0.001941"/>
</iter>
<iter>
<kw name="Dictionary Should Contain Key" owner="Collections">
<msg time="2024-05-29T13:16:42.964368" level="INFO">False</msg>
<arg>${json_data['results'][0]}</arg>
<arg>${key}</arg>
<doc>Fails if ``key`` is not found from ``dictionary``.</doc>
<status status="PASS" start="2024-05-29T13:16:42.963955" elapsed="0.000452"/>
</kw>
<kw name="Log" owner="BuiltIn">
<msg time="2024-05-29T13:16:42.965071" level="INFO">{'gender': 'male', 'name': {'title': 'Mr', 'first': 'Eetu', 'last': 'Waisanen'}, 'location': {'street': {'number': 1438, 'name': 'Aleksanterinkatu'}, 'city': 'Padasjoki', 'state': 'Kainuu', 'country': 'Finland', 'postcode': 97735, 'coordinates': {'latitude': '-22.0902', 'longitude': '-74.2166'}, 'timezone': {'offset': '+1:00', 'description': 'Brussels, Copenhagen, Madrid, Paris'}}, 'email': 'eetu.waisanen@example.com', 'login': {'uuid': '3f72092f-3ca7-4b4c-a543-45c560eab03e', 'username': 'goldenelephant371', 'password': 'flyfish', 'salt': 'oWNDRsWO', 'md5': 'f7f63196d550a9ec595ca677a923dd9a', 'sha1': 'dc1ab4154d13d25d963270a63f0368a8b2745f7e', 'sha256': '20d843cf7c0e933ff47acd4e0f32cbbcef372a520ac718659524291b620b65f5'}, 'dob': {'date': '1964-08-06T16:06:03.848Z', 'age': 59}, 'registered': {'date': '2018-03-15T15:17:48.848Z', 'age': 6}, 'phone': '05-096-702', 'cell': '048-885-96-26', 'id': {'name': 'HETU', 'value': 'NaNNA319undefined'}, 'picture': {'large': 'https://randomuser.me/api/portraits/men/36.jpg', 'medium': 'https://randomuser.me/api/portraits/med/men/36.jpg', 'thumbnail': 'https://randomuser.me/api/portraits/thumb/men/36.jpg'}, 'nat': 'FI'}</msg>
<arg>${json_data['results'][0]}</arg>
<doc>Logs the given message with the given level.</doc>
<status status="PASS" start="2024-05-29T13:16:42.964708" elapsed="0.000411"/>
</kw>
<kw name="Log" owner="BuiltIn">
<msg time="2024-05-29T13:16:42.965544" level="INFO">location</msg>
<arg>${key}</arg>
<doc>Logs the given message with the given level.</doc>
<status status="PASS" start="2024-05-29T13:16:42.965417" elapsed="0.000165"/>
</kw>
<var name="${key}">location</var>
<status status="PASS" start="2024-05-29T13:16:42.963843" elapsed="0.001962"/>
</iter>
<iter>
<kw name="Dictionary Should Contain Key" owner="Collections">
<msg time="2024-05-29T13:16:42.966479" level="INFO">False</msg>
<arg>${json_data['results'][0]}</arg>
<arg>${key}</arg>
<doc>Fails if ``key`` is not found from ``dictionary``.</doc>
<status status="PASS" start="2024-05-29T13:16:42.966095" elapsed="0.000422"/>
</kw>
<kw name="Log" owner="BuiltIn">
<msg time="2024-05-29T13:16:42.967173" level="INFO">{'gender': 'male', 'name': {'title': 'Mr', 'first': 'Eetu', 'last': 'Waisanen'}, 'location': {'street': {'number': 1438, 'name': 'Aleksanterinkatu'}, 'city': 'Padasjoki', 'state': 'Kainuu', 'country': 'Finland', 'postcode': 97735, 'coordinates': {'latitude': '-22.0902', 'longitude': '-74.2166'}, 'timezone': {'offset': '+1:00', 'description': 'Brussels, Copenhagen, Madrid, Paris'}}, 'email': 'eetu.waisanen@example.com', 'login': {'uuid': '3f72092f-3ca7-4b4c-a543-45c560eab03e', 'username': 'goldenelephant371', 'password': 'flyfish', 'salt': 'oWNDRsWO', 'md5': 'f7f63196d550a9ec595ca677a923dd9a', 'sha1': 'dc1ab4154d13d25d963270a63f0368a8b2745f7e', 'sha256': '20d843cf7c0e933ff47acd4e0f32cbbcef372a520ac718659524291b620b65f5'}, 'dob': {'date': '1964-08-06T16:06:03.848Z', 'age': 59}, 'registered': {'date': '2018-03-15T15:17:48.848Z', 'age': 6}, 'phone': '05-096-702', 'cell': '048-885-96-26', 'id': {'name': 'HETU', 'value': 'NaNNA319undefined'}, 'picture': {'large': 'https://randomuser.me/api/portraits/men/36.jpg', 'medium': 'https://randomuser.me/api/portraits/med/men/36.jpg', 'thumbnail': 'https://randomuser.me/api/portraits/thumb/men/36.jpg'}, 'nat': 'FI'}</msg>
<arg>${json_data['results'][0]}</arg>
<doc>Logs the given message with the given level.</doc>
<status status="PASS" start="2024-05-29T13:16:42.966809" elapsed="0.000415"/>
</kw>
<kw name="Log" owner="BuiltIn">
<msg time="2024-05-29T13:16:42.967645" level="INFO">email</msg>
<arg>${key}</arg>
<doc>Logs the given message with the given level.</doc>
<status status="PASS" start="2024-05-29T13:16:42.967518" elapsed="0.000165"/>
</kw>
<var name="${key}">email</var>
<status status="PASS" start="2024-05-29T13:16:42.965979" elapsed="0.001916"/>
</iter>
<iter>
<kw name="Dictionary Should Contain Key" owner="Collections">
<msg time="2024-05-29T13:16:42.968876" level="INFO">False</msg>
<arg>${json_data['results'][0]}</arg>
<arg>${key}</arg>
<doc>Fails if ``key`` is not found from ``dictionary``.</doc>
<status status="PASS" start="2024-05-29T13:16:42.968310" elapsed="0.000623"/>
</kw>
<kw name="Log" owner="BuiltIn">
<msg time="2024-05-29T13:16:42.969652" level="INFO">{'gender': 'male', 'name': {'title': 'Mr', 'first': 'Eetu', 'last': 'Waisanen'}, 'location': {'street': {'number': 1438, 'name': 'Aleksanterinkatu'}, 'city': 'Padasjoki', 'state': 'Kainuu', 'country': 'Finland', 'postcode': 97735, 'coordinates': {'latitude': '-22.0902', 'longitude': '-74.2166'}, 'timezone': {'offset': '+1:00', 'description': 'Brussels, Copenhagen, Madrid, Paris'}}, 'email': 'eetu.waisanen@example.com', 'login': {'uuid': '3f72092f-3ca7-4b4c-a543-45c560eab03e', 'username': 'goldenelephant371', 'password': 'flyfish', 'salt': 'oWNDRsWO', 'md5': 'f7f63196d550a9ec595ca677a923dd9a', 'sha1': 'dc1ab4154d13d25d963270a63f0368a8b2745f7e', 'sha256': '20d843cf7c0e933ff47acd4e0f32cbbcef372a520ac718659524291b620b65f5'}, 'dob': {'date': '1964-08-06T16:06:03.848Z', 'age': 59}, 'registered': {'date': '2018-03-15T15:17:48.848Z', 'age': 6}, 'phone': '05-096-702', 'cell': '048-885-96-26', 'id': {'name': 'HETU', 'value': 'NaNNA319undefined'}, 'picture': {'large': 'https://randomuser.me/api/portraits/men/36.jpg', 'medium': 'https://randomuser.me/api/portraits/med/men/36.jpg', 'thumbnail': 'https://randomuser.me/api/portraits/thumb/men/36.jpg'}, 'nat': 'FI'}</msg>
<arg>${json_data['results'][0]}</arg>
<doc>Logs the given message with the given level.</doc>
<status status="PASS" start="2024-05-29T13:16:42.969284" elapsed="0.000418"/>
</kw>
<kw name="Log" owner="BuiltIn">
<msg time="2024-05-29T13:16:42.970131" level="INFO">login</msg>
<arg>${key}</arg>
<doc>Logs the given message with the given level.</doc>
<status status="PASS" start="2024-05-29T13:16:42.970001" elapsed="0.000171"/>
</kw>
<var name="${key}">login</var>
<status status="PASS" start="2024-05-29T13:16:42.968123" elapsed="0.002293"/>
</iter>
<var>${key}</var>
<value>@{expected_keys}</value>
<status status="PASS" start="2024-05-29T13:16:42.959296" elapsed="0.011248"/>
</for>
<kw name="Create List" owner="BuiltIn">
<msg time="2024-05-29T13:16:42.970890" level="INFO">${expected_keysTwo} = ['username', 'password']</msg>
<var>${expected_keysTwo}</var>
<arg>username</arg>
<arg>password</arg>
<doc>Returns a list containing given items.</doc>
<status status="PASS" start="2024-05-29T13:16:42.970746" elapsed="0.000168"/>
</kw>
<for flavor="IN">
<iter>
<kw name="Dictionary Should Contain Key" owner="Collections">
<msg time="2024-05-29T13:16:42.971820" level="INFO">False</msg>
<arg>${json_data['results'][0]['login']}</arg>
<arg>${keyTwo}</arg>
<doc>Fails if ``key`` is not found from ``dictionary``.</doc>
<status status="PASS" start="2024-05-29T13:16:42.971432" elapsed="0.000427"/>
</kw>
<kw name="Dictionary Should Contain Key" owner="Collections">
<msg time="2024-05-29T13:16:42.972588" level="INFO">False</msg>
<arg>${json_data['results'][0]['login']}</arg>
<arg>${keyTwo}</arg>
<doc>Fails if ``key`` is not found from ``dictionary``.</doc>
<status status="PASS" start="2024-05-29T13:16:42.972161" elapsed="0.000466"/>
</kw>
<kw name="Log" owner="BuiltIn">
<msg time="2024-05-29T13:16:42.973052" level="INFO">username</msg>
<arg>${keyTwo}</arg>
<doc>Logs the given message with the given level.</doc>
<status status="PASS" start="2024-05-29T13:16:42.972925" elapsed="0.000164"/>
</kw>
<var name="${keyTwo}">username</var>
<status status="PASS" start="2024-05-29T13:16:42.971321" elapsed="0.001982"/>
</iter>
<iter>
<kw name="Dictionary Should Contain Key" owner="Collections">
<msg time="2024-05-29T13:16:42.973967" level="INFO">False</msg>
<arg>${json_data['results'][0]['login']}</arg>
<arg>${keyTwo}</arg>
<doc>Fails if ``key`` is not found from ``dictionary``.</doc>
<status status="PASS" start="2024-05-29T13:16:42.973589" elapsed="0.000417"/>
</kw>
<kw name="Dictionary Should Contain Key" owner="Collections">
<msg time="2024-05-29T13:16:42.974790" level="INFO">False</msg>
<arg>${json_data['results'][0]['login']}</arg>
<arg>${keyTwo}</arg>
<doc>Fails if ``key`` is not found from ``dictionary``.</doc>
<status status="PASS" start="2024-05-29T13:16:42.974303" elapsed="0.000528"/>
</kw>
<kw name="Log" owner="BuiltIn">
<msg time="2024-05-29T13:16:42.975264" level="INFO">password</msg>
<arg>${keyTwo}</arg>
<doc>Logs the given message with the given level.</doc>
<status status="PASS" start="2024-05-29T13:16:42.975129" elapsed="0.000173"/>
</kw>
<var name="${keyTwo}">password</var>
<status status="PASS" start="2024-05-29T13:16:42.973475" elapsed="0.002053"/>
</iter>
<var>${keyTwo}</var>
<value>@{expected_keysTwo}</value>
<status status="PASS" start="2024-05-29T13:16:42.971165" elapsed="0.004485"/>
</for>
<status status="PASS" start="2024-05-29T13:16:42.860640" elapsed="0.115159"/>
</kw>
<doc>Testa a estrutura da resposta da API.</doc>
<tag>testeEstruturaResposta</tag>
<status status="PASS" start="2024-05-29T13:16:42.860095" elapsed="0.115870"/>
</test>
<test id="s1-s1-t4" name="Validar tipos de dados" line="28">
<kw name="Teste de Tipos de Dados" owner="random-user-service">
<kw name="GET On Session" owner="RequestsLibrary">
<msg time="2024-05-29T13:16:43.064754" level="INFO">GET Request : url=https://randomuser.me/api 
 path_url=/api 
 headers={'User-Agent': 'python-requests/2.32.2', 'Accept-Encoding': 'gzip, deflate', 'Accept': '*/*', 'Connection': 'keep-alive'} 
 body=None 
 </msg>
<msg time="2024-05-29T13:16:43.064864" level="INFO">GET Response : url=https://randomuser.me/api 
 status=200, reason=OK 
 headers={'Date': 'Wed, 29 May 2024 13:16:43 GMT', 'Content-Type': 'application/json; charset=utf-8', 'Transfer-Encoding': 'chunked', 'Connection': 'keep-alive', 'X-Powered-By': 'Express', 'Access-Control-Allow-Origin': '*', 'Cache-Control': 'no-cache', 'ETag': 'W/"48e-2E3ajvj6+z29lQnrFzSjVwUolqg"', 'Vary': 'Accept-Encoding', 'Content-Encoding': 'gzip', 'CF-Cache-Status': 'DYNAMIC', 'Report-To': '{"endpoints":[{"url":"https:\\/\\/a.nel.cloudflare.com\\/report\\/v4?s=%2Fb2ETTzw4ogd%2BQ0FJiAurm1Rwt2saXqoYleNXZJqKGcOx92Z8WybsG8LIPzEcwq0paZtS9SdxKl7szHXepoBgldchsN4ZTi01jv7oKtqsJd00ULmLZw47VvlqYpRKdF8"}],"group":"cf-nel","max_age":604800}', 'NEL': '{"success_fraction":0,"report_to":"cf-nel","max_age":604800}', 'Server': 'cloudflare', 'CF-RAY': '88b6c2b0ab723aed-IAD', 'alt-svc': 'h3=":443"; ma=86400'} 
 body={"results":[{"gender":"female","name":{"title":"Miss","first":"Tammy","last":"Thomas"},"location":{"street":{"number":1954,"name":"Dame Street"},"city":"Leixlip","state":"Longford","country":"Ireland","postcode":85423,"coordinates":{"latitude":"2.4833","longitude":"24.3721"},"timezone":{"offset":"-5:00","description":"Eastern Time (US &amp; Canada), Bogota, Lima"}},"email":"tammy.thomas@example.com","login":{"uuid":"fe133288-d349-4631-9369-27abceddb55a","username":"organicdog526","password":"hawk","salt":"lqKzogvp","md5":"90eeb5997174d7edb22a74954af17bc4","sha1":"1b2ee931ac456332b725e148d5b194355a022f93","sha256":"7bd70abc01eaad4f31b3549773ef153ec7a89673ada31f81a55a7de4dfc90e16"},"dob":{"date":"1981-07-27T12:15:01.015Z","age":42},"registered":{"date":"2017-02-23T20:38:03.697Z","age":7},"phone":"071-886-3368","cell":"081-421-7966","id":{"name":"PPS","value":"1826824T"},"picture":{"large":"https://randomuser.me/api/portraits/women/78.jpg","medium":"https://randomuser.me/api/portraits/med/women/78.jpg","thumbnail":"https://randomuser.me/api/portraits/thumb/women/78.jpg"},"nat":"IE"}],"info":{"seed":"be718deec8487a99","results":1,"page":1,"version":"1.4"}} 
 </msg>
<msg time="2024-05-29T13:16:43.064954" level="INFO">/opt/hostedtoolcache/Python/3.12.3/x64/lib/python3.12/site-packages/urllib3/connectionpool.py:1103: InsecureRequestWarning: Unverified HTTPS request is being made to host 'randomuser.me'. Adding certificate verification is strongly advised. See: https://urllib3.readthedocs.io/en/latest/advanced-usage.html#tls-warnings
  warnings.warn(</msg>
<msg time="2024-05-29T13:16:43.065102" level="INFO">${response} = &lt;Response [200]&gt;</msg>
<var>${response}</var>
<arg>consultarAPI</arg>
<arg>/api</arg>
<doc>Sends a GET request on a previously created HTTP Session.</doc>
<status status="PASS" start="2024-05-29T13:16:42.978480" elapsed="0.086669"/>
</kw>
<kw name="Set Variable" owner="BuiltIn">
<msg time="2024-05-29T13:16:43.066320" level="INFO">${json_data} = {'results': [{'gender': 'female', 'name': {'title': 'Miss', 'first': 'Tammy', 'last': 'Thomas'}, 'location': {'street': {'number': 1954, 'name': 'Dame Street'}, 'city': 'Leixlip', 'state': 'Longford',...</msg>
<var>${json_data}</var>
<arg>${response.json()}</arg>
<doc>Returns the given values which can then be assigned to a variables.</doc>
<status status="PASS" start="2024-05-29T13:16:43.065748" elapsed="0.000602"/>
</kw>
<kw name="Log" owner="BuiltIn">
<msg time="2024-05-29T13:16:43.066923" level="INFO">{'results': [{'gender': 'female', 'name': {'title': 'Miss', 'first': 'Tammy', 'last': 'Thomas'}, 'location': {'street': {'number': 1954, 'name': 'Dame Street'}, 'city': 'Leixlip', 'state': 'Longford', 'country': 'Ireland', 'postcode': 85423, 'coordinates': {'latitude': '2.4833', 'longitude': '24.3721'}, 'timezone': {'offset': '-5:00', 'description': 'Eastern Time (US &amp; Canada), Bogota, Lima'}}, 'email': 'tammy.thomas@example.com', 'login': {'uuid': 'fe133288-d349-4631-9369-27abceddb55a', 'username': 'organicdog526', 'password': 'hawk', 'salt': 'lqKzogvp', 'md5': '90eeb5997174d7edb22a74954af17bc4', 'sha1': '1b2ee931ac456332b725e148d5b194355a022f93', 'sha256': '7bd70abc01eaad4f31b3549773ef153ec7a89673ada31f81a55a7de4dfc90e16'}, 'dob': {'date': '1981-07-27T12:15:01.015Z', 'age': 42}, 'registered': {'date': '2017-02-23T20:38:03.697Z', 'age': 7}, 'phone': '071-886-3368', 'cell': '081-421-7966', 'id': {'name': 'PPS', 'value': '1826824T'}, 'picture': {'large': 'https://randomuser.me/api/portraits/women/78.jpg', 'medium': 'https://randomuser.me/api/portraits/med/women/78.jpg', 'thumbnail': 'https://randomuser.me/api/portraits/thumb/women/78.jpg'}, 'nat': 'IE'}], 'info': {'seed': 'be718deec8487a99', 'results': 1, 'page': 1, 'version': '1.4'}}</msg>
<arg>${json_data}</arg>
<doc>Logs the given message with the given level.</doc>
<status status="PASS" start="2024-05-29T13:16:43.066691" elapsed="0.000339"/>
</kw>
<kw name="Should Be String" owner="String">
<arg>${json_data['results'][0]['gender']}</arg>
<doc>Fails if the given ``item`` is not a string.</doc>
<status status="PASS" start="2024-05-29T13:16:43.067346" elapsed="0.000389"/>
</kw>
<kw name="Should Match Regexp" owner="BuiltIn">
<arg>${json_data['results'][0]['email']}</arg>
<arg>^[a-zA-Z0-9._%+-]+@[a-zA-Z0-9.-]+\.[a-zA-Z]{2,}$</arg>
<doc>Fails if ``string`` does not match ``pattern`` as a regular expression.</doc>
<status status="PASS" start="2024-05-29T13:16:43.067935" elapsed="0.000588"/>
</kw>
<kw name="Should Match Regexp" owner="BuiltIn">
<arg>${json_data['results'][0]['dob']['date']}</arg>
<arg>\\d{4}-\\d{2}-\\d{2}T\\d{2}:\\d{2}:\\d{2}\\.\\d{3}Z</arg>
<doc>Fails if ``string`` does not match ``pattern`` as a regular expression.</doc>
<status status="PASS" start="2024-05-29T13:16:43.068724" elapsed="0.000500"/>
</kw>
<kw name="Should Match Regexp" owner="BuiltIn">
<arg>${json_data['results'][0]['registered']['date']}</arg>
<arg>\\d{4}-\\d{2}-\\d{2}T\\d{2}:\\d{2}:\\d{2}\\.\\d{3}Z</arg>
<doc>Fails if ``string`` does not match ``pattern`` as a regular expression.</doc>
<status status="PASS" start="2024-05-29T13:16:43.069420" elapsed="0.000371"/>
</kw>
<kw name="Should Match Regexp" owner="BuiltIn">
<arg>${json_data['results'][0]['picture']['large']}</arg>
<arg>^https?://.*\.(?:png|jpe?g|gif|bmp)$</arg>
<doc>Fails if ``string`` does not match ``pattern`` as a regular expression.</doc>
<status status="PASS" start="2024-05-29T13:16:43.069982" elapsed="0.000468"/>
</kw>
<kw name="Should Match Regexp" owner="BuiltIn">
<arg>${json_data['results'][0]['picture']['medium']}</arg>
<arg>^https?://.*\.(?:png|jpe?g|gif|bmp)$</arg>
<doc>Fails if ``string`` does not match ``pattern`` as a regular expression.</doc>
<status status="PASS" start="2024-05-29T13:16:43.070642" elapsed="0.000353"/>
</kw>
<kw name="Should Match Regexp" owner="BuiltIn">
<arg>${json_data['results'][0]['picture']['thumbnail']}</arg>
<arg>^https?://.*\.(?:png|jpe?g|gif|bmp)$</arg>
<doc>Fails if ``string`` does not match ``pattern`` as a regular expression.</doc>
<status status="PASS" start="2024-05-29T13:16:43.071183" elapsed="0.000347"/>
</kw>
<kw name="Log" owner="BuiltIn">
<msg time="2024-05-29T13:16:43.072061" level="INFO">{'large': 'https://randomuser.me/api/portraits/women/78.jpg', 'medium': 'https://randomuser.me/api/portraits/med/women/78.jpg', 'thumbnail': 'https://randomuser.me/api/portraits/thumb/women/78.jpg'}</msg>
<arg>${json_data['results'][0]['picture']}</arg>
<doc>Logs the given message with the given level.</doc>
<status status="PASS" start="2024-05-29T13:16:43.071727" elapsed="0.000378"/>
</kw>
<status status="PASS" start="2024-05-29T13:16:42.978246" elapsed="0.094249"/>
</kw>
<kw name="Teste de Tipos de Dados - Postcode" owner="random-user-service">
<kw name="GET On Session" owner="RequestsLibrary">
<msg time="2024-05-29T13:16:43.166971" level="INFO">GET Request : url=https://randomuser.me/api 
 path_url=/api 
 headers={'User-Agent': 'python-requests/2.32.2', 'Accept-Encoding': 'gzip, deflate', 'Accept': '*/*', 'Connection': 'keep-alive'} 
 body=None 
 </msg>
<msg time="2024-05-29T13:16:43.167088" level="INFO">GET Response : url=https://randomuser.me/api 
 status=200, reason=OK 
 headers={'Date': 'Wed, 29 May 2024 13:16:43 GMT', 'Content-Type': 'application/json; charset=utf-8', 'Transfer-Encoding': 'chunked', 'Connection': 'keep-alive', 'X-Powered-By': 'Express', 'Access-Control-Allow-Origin': '*', 'Cache-Control': 'no-cache', 'ETag': 'W/"490-UU7k//qgUex4MdMBfQcW+QwLleY"', 'Vary': 'Accept-Encoding', 'Content-Encoding': 'gzip', 'CF-Cache-Status': 'DYNAMIC', 'Report-To': '{"endpoints":[{"url":"https:\\/\\/a.nel.cloudflare.com\\/report\\/v4?s=IkgU3wjBBs1gH5qJuCQF2NOEhx9wMGvpHY8y8eLnna2w0sg6iT%2F2vgW51yC32jbFc0XY%2B67NgwTnMTPwOzZ0vkFuiPcqwn%2Bw8iXYERVYmpfk4QiamtixHESFnlHznc%2FI"}],"group":"cf-nel","max_age":604800}', 'NEL': '{"success_fraction":0,"report_to":"cf-nel","max_age":604800}', 'Server': 'cloudflare', 'CF-RAY': '88b6c2b13c203aed-IAD', 'alt-svc': 'h3=":443"; ma=86400'} 
 body={"results":[{"gender":"male","name":{"title":"Mr","first":"Orestes","last":"Fernandes"},"location":{"street":{"number":2698,"name":"Rua João Xxiii"},"city":"Bento Gonçalves","state":"Paraíba","country":"Brazil","postcode":21050,"coordinates":{"latitude":"-74.7249","longitude":"-47.4846"},"timezone":{"offset":"-2:00","description":"Mid-Atlantic"}},"email":"orestes.fernandes@example.com","login":{"uuid":"b6546181-03f5-42f4-8b77-84bd24721a70","username":"lazyladybug574","password":"pool6123","salt":"dl9vl0sH","md5":"9acc917646cbba6f7114f9fced2c033c","sha1":"db0a7c4c8c22cf9229e066c796bbbcd5ae335a3d","sha256":"179121f8338e6e8badd95ef59effa6a8af3cbb53405c3387d4c37bbc9a000a68"},"dob":{"date":"1960-07-13T10:30:46.238Z","age":63},"registered":{"date":"2016-11-18T18:17:59.775Z","age":7},"phone":"(12) 4106-4064","cell":"(72) 0033-3155","id":{"name":"CPF","value":"222.559.239-74"},"picture":{"large":"https://randomuser.me/api/portraits/men/83.jpg","medium":"https://randomuser.me/api/portraits/med/men/83.jpg","thumbnail":"https://randomuser.me/api/portraits/thumb/men/83.jpg"},"nat":"BR"}],"info":{"seed":"3c150c74e88d786a","results":1,"page":1,"version":"1.4"}} 
 </msg>
<msg time="2024-05-29T13:16:43.167179" level="INFO">/opt/hostedtoolcache/Python/3.12.3/x64/lib/python3.12/site-packages/urllib3/connectionpool.py:1103: InsecureRequestWarning: Unverified HTTPS request is being made to host 'randomuser.me'. Adding certificate verification is strongly advised. See: https://urllib3.readthedocs.io/en/latest/advanced-usage.html#tls-warnings
  warnings.warn(</msg>
<msg time="2024-05-29T13:16:43.167322" level="INFO">${response} = &lt;Response [200]&gt;</msg>
<var>${response}</var>
<arg>consultarAPI</arg>
<arg>/api</arg>
<doc>Sends a GET request on a previously created HTTP Session.</doc>
<status status="PASS" start="2024-05-29T13:16:43.072995" elapsed="0.094376"/>
</kw>
<kw name="Set Variable" owner="BuiltIn">
<msg time="2024-05-29T13:16:43.168758" level="INFO">${json_data} = {'results': [{'gender': 'male', 'name': {'title': 'Mr', 'first': 'Orestes', 'last': 'Fernandes'}, 'location': {'street': {'number': 2698, 'name': 'Rua João Xxiii'}, 'city': 'Bento Gonçalves', 'state':...</msg>
<var>${json_data}</var>
<arg>${response.json()}</arg>
<doc>Returns the given values which can then be assigned to a variables.</doc>
<status status="PASS" start="2024-05-29T13:16:43.168073" elapsed="0.000721"/>
</kw>
<kw name="Log" owner="BuiltIn">
<msg time="2024-05-29T13:16:43.169282" level="INFO">{'results': [{'gender': 'male', 'name': {'title': 'Mr', 'first': 'Orestes', 'last': 'Fernandes'}, 'location': {'street': {'number': 2698, 'name': 'Rua João Xxiii'}, 'city': 'Bento Gonçalves', 'state': 'Paraíba', 'country': 'Brazil', 'postcode': 21050, 'coordinates': {'latitude': '-74.7249', 'longitude': '-47.4846'}, 'timezone': {'offset': '-2:00', 'description': 'Mid-Atlantic'}}, 'email': 'orestes.fernandes@example.com', 'login': {'uuid': 'b6546181-03f5-42f4-8b77-84bd24721a70', 'username': 'lazyladybug574', 'password': 'pool6123', 'salt': 'dl9vl0sH', 'md5': '9acc917646cbba6f7114f9fced2c033c', 'sha1': 'db0a7c4c8c22cf9229e066c796bbbcd5ae335a3d', 'sha256': '179121f8338e6e8badd95ef59effa6a8af3cbb53405c3387d4c37bbc9a000a68'}, 'dob': {'date': '1960-07-13T10:30:46.238Z', 'age': 63}, 'registered': {'date': '2016-11-18T18:17:59.775Z', 'age': 7}, 'phone': '(12) 4106-4064', 'cell': '(72) 0033-3155', 'id': {'name': 'CPF', 'value': '222.559.239-74'}, 'picture': {'large': 'https://randomuser.me/api/portraits/men/83.jpg', 'medium': 'https://randomuser.me/api/portraits/med/men/83.jpg', 'thumbnail': 'https://randomuser.me/api/portraits/thumb/men/83.jpg'}, 'nat': 'BR'}], 'info': {'seed': '3c150c74e88d786a', 'results': 1, 'page': 1, 'version': '1.4'}}</msg>
<arg>${json_data}</arg>
<doc>Logs the given message with the given level.</doc>
<status status="PASS" start="2024-05-29T13:16:43.169118" elapsed="0.000250"/>
</kw>
<kw name="Should Be Equal As Numbers" owner="BuiltIn">
<arg>${json_data['results'][0]['location']['postcode']}</arg>
<arg>${json_data['results'][0]['location']['postcode']}</arg>
<doc>Fails if objects are unequal after converting them to real numbers.</doc>
<status status="PASS" start="2024-05-29T13:16:43.169675" elapsed="0.000818"/>
</kw>
<kw name="Log" owner="BuiltIn">
<msg time="2024-05-29T13:16:43.171034" level="INFO">21050</msg>
<arg>${json_data['results'][0]['location']['postcode']}</arg>
<doc>Logs the given message with the given level.</doc>
<status status="PASS" start="2024-05-29T13:16:43.170692" elapsed="0.000384"/>
</kw>
<status status="PASS" start="2024-05-29T13:16:43.072743" elapsed="0.098594"/>
</kw>
<doc>Testa se os tipos de dados na resposta da API estão corretos.</doc>
<tag>testeTiposDados</tag>
<status status="PASS" start="2024-05-29T13:16:42.977784" elapsed="0.193728"/>
</test>
<test id="s1-s1-t5" name="Validar conteudo" line="35">
<kw name="Teste de Tipos de Conteudo" owner="random-user-service">
<kw name="GET On Session" owner="RequestsLibrary">
<msg time="2024-05-29T13:16:43.258308" level="INFO">GET Request : url=https://randomuser.me/api 
 path_url=/api 
 headers={'User-Agent': 'python-requests/2.32.2', 'Accept-Encoding': 'gzip, deflate', 'Accept': '*/*', 'Connection': 'keep-alive'} 
 body=None 
 </msg>
<msg time="2024-05-29T13:16:43.258419" level="INFO">GET Response : url=https://randomuser.me/api 
 status=200, reason=OK 
 headers={'Date': 'Wed, 29 May 2024 13:16:43 GMT', 'Content-Type': 'application/json; charset=utf-8', 'Transfer-Encoding': 'chunked', 'Connection': 'keep-alive', 'X-Powered-By': 'Express', 'Access-Control-Allow-Origin': '*', 'Cache-Control': 'no-cache', 'ETag': 'W/"49e-h+EYduUn15wQPFlT/0sav04Fl1Q"', 'Vary': 'Accept-Encoding', 'Content-Encoding': 'gzip', 'CF-Cache-Status': 'DYNAMIC', 'Report-To': '{"endpoints":[{"url":"https:\\/\\/a.nel.cloudflare.com\\/report\\/v4?s=gUUtR7Hv67ERsYueTIkM%2Fz%2FuO1x79HX3hh38aYvKp8bjXPcAVPAzybexWmxfwqT35XuuCTFLq%2BqCJLm9EWd9gjdnDe96o0ul3boyYs0Bsfmg5KvZmhAQAoak515mW%2BLY"}],"group":"cf-nel","max_age":604800}', 'NEL': '{"success_fraction":0,"report_to":"cf-nel","max_age":604800}', 'Server': 'cloudflare', 'CF-RAY': '88b6c2b1dcc13aed-IAD', 'alt-svc': 'h3=":443"; ma=86400'} 
 body={"results":[{"gender":"female","name":{"title":"Ms","first":"Diana","last":"Henderson"},"location":{"street":{"number":1156,"name":"North Street"},"city":"Kinsealy-Drinan","state":"Tipperary","country":"Ireland","postcode":57890,"coordinates":{"latitude":"-3.4326","longitude":"12.6098"},"timezone":{"offset":"-6:00","description":"Central Time (US &amp; Canada), Mexico City"}},"email":"diana.henderson@example.com","login":{"uuid":"46c3188d-8869-4fa7-85f3-e2126c3c862c","username":"bluetiger234","password":"wombat","salt":"HAL9QDGt","md5":"392d84c350fddf5b82f578eaee73fbf6","sha1":"f7adfd1e04b4677055bc207f3d2e47d6c3396c6a","sha256":"b819eda4281a634b2f675be8a1a17f9ac3cb0c5c8df8554e95143f960cbf71c7"},"dob":{"date":"1948-04-15T21:22:53.332Z","age":76},"registered":{"date":"2005-12-07T10:56:51.929Z","age":18},"phone":"061-275-3172","cell":"081-765-8484","id":{"name":"PPS","value":"4475794T"},"picture":{"large":"https://randomuser.me/api/portraits/women/36.jpg","medium":"https://randomuser.me/api/portraits/med/women/36.jpg","thumbnail":"https://randomuser.me/api/portraits/thumb/women/36.jpg"},"nat":"IE"}],"info":{"seed":"b7d496eb234d596f","results":1,"page":1,"version":"1.4"}} 
 </msg>
<msg time="2024-05-29T13:16:43.258508" level="INFO">/opt/hostedtoolcache/Python/3.12.3/x64/lib/python3.12/site-packages/urllib3/connectionpool.py:1103: InsecureRequestWarning: Unverified HTTPS request is being made to host 'randomuser.me'. Adding certificate verification is strongly advised. See: https://urllib3.readthedocs.io/en/latest/advanced-usage.html#tls-warnings
  warnings.warn(</msg>
<msg time="2024-05-29T13:16:43.258637" level="INFO">${response} = &lt;Response [200]&gt;</msg>
<var>${response}</var>
<arg>consultarAPI</arg>
<arg>/api</arg>
<doc>Sends a GET request on a previously created HTTP Session.</doc>
<status status="PASS" start="2024-05-29T13:16:43.174056" elapsed="0.084622"/>
</kw>
<kw name="Set Variable" owner="BuiltIn">
<msg time="2024-05-29T13:16:43.260000" level="INFO">${json_data} = {'results': [{'gender': 'female', 'name': {'title': 'Ms', 'first': 'Diana', 'last': 'Henderson'}, 'location': {'street': {'number': 1156, 'name': 'North Street'}, 'city': 'Kinsealy-Drinan', 'state': '...</msg>
<var>${json_data}</var>
<arg>${response.json()}</arg>
<doc>Returns the given values which can then be assigned to a variables.</doc>
<status status="PASS" start="2024-05-29T13:16:43.259360" elapsed="0.000669"/>
</kw>
<kw name="Set Variable" owner="BuiltIn">
<msg time="2024-05-29T13:16:43.260772" level="INFO">${name_title} = Ms</msg>
<var>${name_title}</var>
<arg>${json_data["results"][0]["name"]["title"]}</arg>
<doc>Returns the given values which can then be assigned to a variables.</doc>
<status status="PASS" start="2024-05-29T13:16:43.260386" elapsed="0.000412"/>
</kw>
<kw name="Create List" owner="BuiltIn">
<msg time="2024-05-29T13:16:43.261247" level="INFO">${allowed_titles} = ['Mr', 'Ms', 'Miss', 'Mrs', 'Madame', 'Monsieur']</msg>
<var>${allowed_titles}</var>
<arg>Mr</arg>
<arg>Ms</arg>
<arg>Miss</arg>
<arg>Mrs</arg>
<arg>Madame</arg>
<arg>Monsieur</arg>
<doc>Returns a list containing given items.</doc>
<status status="PASS" start="2024-05-29T13:16:43.261099" elapsed="0.000171"/>
</kw>
<kw name="List Should Contain Value" owner="Collections">
<msg time="2024-05-29T13:16:43.261753" level="INFO">False</msg>
<arg>${allowed_titles}</arg>
<arg>${name_title}</arg>
<doc>Fails if the ``value`` is not found from ``list``.</doc>
<status status="PASS" start="2024-05-29T13:16:43.261572" elapsed="0.000220"/>
</kw>
<kw name="Set Variable" owner="BuiltIn">
<msg time="2024-05-29T13:16:43.262459" level="INFO">${name_country} = IE</msg>
<var>${name_country}</var>
<arg>${json_data["results"][0]["nat"]}</arg>
<doc>Returns the given values which can then be assigned to a variables.</doc>
<status status="PASS" start="2024-05-29T13:16:43.262084" elapsed="0.000400"/>
</kw>
<kw name="Create List" owner="BuiltIn">
<msg time="2024-05-29T13:16:43.263373" level="INFO">${list_country} = ['AD', 'AE', 'AF', 'AG', 'AI', 'AL', 'AM', 'AO', 'AQ', 'AR', 'AS', 'AT', 'AU', 'AW', 'AX', 'AZ', 'BA', 'BB', 'BD', 'BE', 'BF', 'BG', 'BH', 'BI', 'BJ', 'BL', 'BM', 'BN', 'BO', 'BQ', 'BR', 'BS', 'BT', '...</msg>
<var>${list_country}</var>
<arg>AD</arg>
<arg>AE</arg>
<arg>AF</arg>
<arg>AG</arg>
<arg>AI</arg>
<arg>AL</arg>
<arg>AM</arg>
<arg>AO</arg>
<arg>AQ</arg>
<arg>AR</arg>
<arg>AS</arg>
<arg>AT</arg>
<arg>AU</arg>
<arg>AW</arg>
<arg>AX</arg>
<arg>AZ</arg>
<arg>BA</arg>
<arg>BB</arg>
<arg>BD</arg>
<arg>BE</arg>
<arg>BF</arg>
<arg>BG</arg>
<arg>BH</arg>
<arg>BI</arg>
<arg>BJ</arg>
<arg>BL</arg>
<arg>BM</arg>
<arg>BN</arg>
<arg>BO</arg>
<arg>BQ</arg>
<arg>BR</arg>
<arg>BS</arg>
<arg>BT</arg>
<arg>BV</arg>
<arg>BW</arg>
<arg>BY</arg>
<arg>BZ</arg>
<arg>CA</arg>
<arg>CC</arg>
<arg>CD</arg>
<arg>CF</arg>
<arg>CG</arg>
<arg>CH</arg>
<arg>CI</arg>
<arg>CK</arg>
<arg>CL</arg>
<arg>CM</arg>
<arg>CN</arg>
<arg>CO</arg>
<arg>CR</arg>
<arg>CU</arg>
<arg>CV</arg>
<arg>CW</arg>
<arg>CX</arg>
<arg>CY</arg>
<arg>CZ</arg>
<arg>DE</arg>
<arg>DJ</arg>
<arg>DK</arg>
<arg>DM</arg>
<arg>DO</arg>
<arg>DZ</arg>
<arg>EC</arg>
<arg>EE</arg>
<arg>EG</arg>
<arg>EH</arg>
<arg>ER</arg>
<arg>ES</arg>
<arg>ET</arg>
<arg>FI</arg>
<arg>FJ</arg>
<arg>FK</arg>
<arg>FM</arg>
<arg>FO</arg>
<arg>FR</arg>
<arg>GA</arg>
<arg>GB</arg>
<arg>GD</arg>
<arg>GE</arg>
<arg>GF</arg>
<arg>GG</arg>
<arg>GH</arg>
<arg>GI</arg>
<arg>GL</arg>
<arg>GM</arg>
<arg>GN</arg>
<arg>GP</arg>
<arg>GQ</arg>
<arg>GR</arg>
<arg>GS</arg>
<arg>GT</arg>
<arg>GU</arg>
<arg>GW</arg>
<arg>GY</arg>
<arg>HK</arg>
<arg>HM</arg>
<arg>HN</arg>
<arg>HR</arg>
<arg>HT</arg>
<arg>HU</arg>
<arg>ID</arg>
<arg>IE</arg>
<arg>IL</arg>
<arg>IM</arg>
<arg>IN</arg>
<arg>IO</arg>
<arg>IQ</arg>
<arg>IR</arg>
<arg>IS</arg>
<arg>IT</arg>
<arg>JE</arg>
<arg>JM</arg>
<arg>JO</arg>
<arg>JP</arg>
<arg>KE</arg>
<arg>KG</arg>
<arg>KH</arg>
<arg>KI</arg>
<arg>KM</arg>
<arg>KN</arg>
<arg>KP</arg>
<arg>KR</arg>
<arg>KW</arg>
<arg>KY</arg>
<arg>KZ</arg>
<arg>LA</arg>
<arg>LB</arg>
<arg>LC</arg>
<arg>LI</arg>
<arg>LK</arg>
<arg>LR</arg>
<arg>LS</arg>
<arg>LT</arg>
<arg>LU</arg>
<arg>LV</arg>
<arg>LY</arg>
<arg>MA</arg>
<arg>MC</arg>
<arg>MD</arg>
<arg>ME</arg>
<arg>MF</arg>
<arg>MG</arg>
<arg>MH</arg>
<arg>MK</arg>
<arg>ML</arg>
<arg>MM</arg>
<arg>MN</arg>
<arg>MO</arg>
<arg>MP</arg>
<arg>MQ</arg>
<arg>MR</arg>
<arg>MS</arg>
<arg>MT</arg>
<arg>MU</arg>
<arg>MV</arg>
<arg>MW</arg>
<arg>MX</arg>
<arg>MY</arg>
<arg>MZ</arg>
<arg>NA</arg>
<arg>NC</arg>
<arg>NE</arg>
<arg>NF</arg>
<arg>NG</arg>
<arg>NI</arg>
<arg>NL</arg>
<arg>NO</arg>
<arg>NP</arg>
<arg>NR</arg>
<arg>NU</arg>
<arg>NZ</arg>
<arg>OM</arg>
<arg>PA</arg>
<arg>PE</arg>
<arg>PF</arg>
<arg>PG</arg>
<arg>PH</arg>
<arg>PK</arg>
<arg>PL</arg>
<arg>PM</arg>
<arg>PN</arg>
<arg>PR</arg>
<arg>PS</arg>
<arg>PT</arg>
<arg>PW</arg>
<arg>PY</arg>
<arg>QA</arg>
<arg>RE</arg>
<arg>RO</arg>
<arg>RS</arg>
<arg>RU</arg>
<arg>RW</arg>
<arg>SA</arg>
<arg>SB</arg>
<arg>SC</arg>
<arg>SD</arg>
<arg>SE</arg>
<arg>SG</arg>
<arg>SH</arg>
<arg>SI</arg>
<arg>SJ</arg>
<arg>SK</arg>
<arg>SL</arg>
<arg>SM</arg>
<arg>SN</arg>
<arg>SO</arg>
<arg>SR</arg>
<arg>SS</arg>
<arg>ST</arg>
<arg>SV</arg>
<arg>SX</arg>
<arg>SY</arg>
<arg>SZ</arg>
<arg>TC</arg>
<arg>TD</arg>
<arg>TF</arg>
<arg>TG</arg>
<arg>TH</arg>
<arg>TJ</arg>
<arg>TK</arg>
<arg>TL</arg>
<arg>TM</arg>
<arg>TN</arg>
<arg>TO</arg>
<arg>TR</arg>
<arg>TT</arg>
<arg>TV</arg>
<arg>TW</arg>
<arg>TZ</arg>
<arg>UA</arg>
<arg>UG</arg>
<arg>UM</arg>
<arg>US</arg>
<arg>UY</arg>
<arg>UZ</arg>
<arg>VA</arg>
<arg>VC</arg>
<arg>VE</arg>
<arg>VG</arg>
<arg>VI</arg>
<arg>VN</arg>
<arg>VU</arg>
<arg>WF</arg>
<arg>WS</arg>
<arg>XK</arg>
<arg>YE</arg>
<arg>YT</arg>
<arg>ZA</arg>
<arg>ZM</arg>
<arg>ZW</arg>
<doc>Returns a list containing given items.</doc>
<status status="PASS" start="2024-05-29T13:16:43.262781" elapsed="0.000617"/>
</kw>
<kw name="List Should Contain Value" owner="Collections">
<msg time="2024-05-29T13:16:43.264417" level="INFO">False</msg>
<arg>${list_country}</arg>
<arg>${name_country}</arg>
<doc>Fails if the ``value`` is not found from ``list``.</doc>
<status status="PASS" start="2024-05-29T13:16:43.264180" elapsed="0.000275"/>
</kw>
<kw name="Run Keyword If" owner="BuiltIn">
<kw name="Should Be True" owner="BuiltIn">
<arg>${True}</arg>
<doc>Fails if the given condition is not true.</doc>
<status status="PASS" start="2024-05-29T13:16:43.265515" elapsed="0.000143"/>
</kw>
<arg>${json_data["results"][0]["location"]["coordinates"]["latitude"]} &gt;= -90 and ${json_data["results"][0]["location"]["coordinates"]["latitude"]} &lt;= 90</arg>
<arg>Should Be True</arg>
<arg>${True}</arg>
<doc>Runs the given keyword with the given arguments, if ``condition`` is true.</doc>
<status status="PASS" start="2024-05-29T13:16:43.264768" elapsed="0.001015"/>
</kw>
<kw name="Run Keyword If" owner="BuiltIn">
<kw name="Should Be True" owner="BuiltIn">
<arg>${True}</arg>
<doc>Fails if the given condition is not true.</doc>
<status status="PASS" start="2024-05-29T13:16:43.266672" elapsed="0.000268"/>
</kw>
<arg>${json_data["results"][0]["location"]["coordinates"]["longitude"]} &gt;= -180 and ${json_data["results"][0]["location"]["coordinates"]["longitude"]} &lt;= 180</arg>
<arg>Should Be True</arg>
<arg>${True}</arg>
<doc>Runs the given keyword with the given arguments, if ``condition`` is true.</doc>
<status status="PASS" start="2024-05-29T13:16:43.265973" elapsed="0.001095"/>
</kw>
<status status="PASS" start="2024-05-29T13:16:43.173824" elapsed="0.093383"/>
</kw>
<doc>Testa o conteúdo específico dos campos retornados pela API.</doc>
<tag>testeConteudo</tag>
<status status="PASS" start="2024-05-29T13:16:43.173358" elapsed="0.094005"/>
</test>
<status status="PASS" start="2024-05-29T13:16:42.429799" elapsed="0.839646"/>
</suite>
<status status="PASS" start="2024-05-29T13:16:42.415506" elapsed="0.859197"/>
</suite>
<statistics>
<total>
<stat pass="5" fail="0" skip="0">All Tests</stat>
</total>
<tag>
<stat pass="1" fail="0" skip="0">testeConteudo</stat>
<stat pass="1" fail="0" skip="0">testeEstruturaResposta</stat>
<stat pass="1" fail="0" skip="0">testeRequisicaoBasica</stat>
<stat pass="1" fail="0" skip="0">testeTiposDados</stat>
</tag>
<suite>
<stat pass="5" fail="0" skip="0" id="s1" name="Tests">Tests</stat>
<stat pass="5" fail="0" skip="0" id="s1-s1" name="Random-User-Test">Tests.Random-User-Test</stat>
</suite>
</statistics>
<errors>
</errors>
</robot>
