<?xml version="1.0" encoding="UTF-8"?>
<robot generator="Robot 7.0.1 (Python 3.12.3 on linux)" generated="2024-06-15T15:15:27.897549" rpa="false" schemaversion="5">
<suite id="s1" name="Tests" source="/home/runner/work/ApiRandomUser/ApiRandomUser/RamdonUser/tests">
<suite id="s1-s1" name="Random-User-Test" source="/home/runner/work/ApiRandomUser/ApiRandomUser/RamdonUser/tests/random-user-test.robot">
<test id="s1-s1-t1" name="Conectar" line="13">
<kw name="Conectar API" owner="random-user-service">
<kw name="Create Session" owner="RequestsLibrary">
<msg time="2024-06-15T15:15:28.340787" level="INFO">Creating Session using : alias=consultarAPI, url=https://randomuser.me/, headers={},                     cookies={}, auth=None, timeout=None, proxies=None, verify=False,                     debug=0 </msg>
<arg>consultarAPI</arg>
<arg>${URL}</arg>
<doc>Create Session: create a HTTP session to a server</doc>
<status status="PASS" start="2024-06-15T15:15:28.340570" elapsed="0.000409"/>
</kw>
<status status="PASS" start="2024-06-15T15:15:28.339481" elapsed="0.001867"/>
</kw>
<status status="PASS" start="2024-06-15T15:15:28.338930" elapsed="0.002611"/>
</test>
<test id="s1-s1-t2" name="Validar retorno 200 e JSON Válido" line="16">
<kw name="Teste de Requisicao Basica" owner="random-user-service">
<kw name="GET On Session" owner="RequestsLibrary">
<msg time="2024-06-15T15:15:28.534445" level="INFO">GET Request : url=https://randomuser.me/api 
 path_url=/api 
 headers={'User-Agent': 'python-requests/2.32.3', 'Accept-Encoding': 'gzip, deflate', 'Accept': '*/*', 'Connection': 'keep-alive'} 
 body=None 
 </msg>
<msg time="2024-06-15T15:15:28.534594" level="INFO">GET Response : url=https://randomuser.me/api 
 status=200, reason=OK 
 headers={'Date': 'Sat, 15 Jun 2024 15:15:28 GMT', 'Content-Type': 'application/json; charset=utf-8', 'Transfer-Encoding': 'chunked', 'Connection': 'keep-alive', 'X-Powered-By': 'Express', 'Access-Control-Allow-Origin': '*', 'Cache-Control': 'no-cache', 'ETag': 'W/"49a-jU5UjBWGDLKpQOBOW1ukpv1AXUw"', 'Vary': 'Accept-Encoding', 'Content-Encoding': 'gzip', 'CF-Cache-Status': 'DYNAMIC', 'Report-To': '{"endpoints":[{"url":"https:\\/\\/a.nel.cloudflare.com\\/report\\/v4?s=G6vjqDME9gri4KytztJqpqMQtGiCSGF%2BvUOCMtzSII5bvfEoh6g0WjmXEFaXPgU446F8ZhqsLomEHBpK70%2BJp1mr3DDFrLkHHqJzuJsW%2FxqGeXhAb9k3A%2BSvj3U3AMJO"}],"group":"cf-nel","max_age":604800}', 'NEL': '{"success_fraction":0,"report_to":"cf-nel","max_age":604800}', 'Server': 'cloudflare', 'CF-RAY': '89438407085f29be-IAD', 'alt-svc': 'h3=":443"; ma=86400'} 
 body={"results":[{"gender":"male","name":{"title":"Mr","first":"Charbel","last":"Caldeira"},"location":{"street":{"number":7603,"name":"Rua Boa Vista "},"city":"Campo Grande","state":"Alagoas","country":"Brazil","postcode":30508,"coordinates":{"latitude":"-73.0977","longitude":"-68.6638"},"timezone":{"offset":"+10:00","description":"Eastern Australia, Guam, Vladivostok"}},"email":"charbel.caldeira@example.com","login":{"uuid":"31fc2303-f82e-4340-9730-11f19026685b","username":"brownbird203","password":"johann","salt":"7Hi5orah","md5":"d38344099eaad5084915cf46cd0ce289","sha1":"574d3fa1b6144470775f9160b189f8adcd9f243e","sha256":"2f68fbef74b45e0e3000a342871d7d3cd2dca2f4378d92bafe291a794baf4639"},"dob":{"date":"1949-09-17T11:02:56.282Z","age":74},"registered":{"date":"2022-02-26T10:21:22.908Z","age":2},"phone":"(60) 1335-3747","cell":"(22) 4356-2305","id":{"name":"CPF","value":"738.310.553-80"},"picture":{"large":"https://randomuser.me/api/portraits/men/7.jpg","medium":"https://randomuser.me/api/portraits/med/men/7.jpg","thumbnail":"https://randomuser.me/api/portraits/thumb/men/7.jpg"},"nat":"BR"}],"info":{"seed":"0c06f7da3d175fbb","results":1,"page":1,"version":"1.4"}} 
 </msg>
<msg time="2024-06-15T15:15:28.534674" level="INFO">/opt/hostedtoolcache/Python/3.12.3/x64/lib/python3.12/site-packages/urllib3/connectionpool.py:1103: InsecureRequestWarning: Unverified HTTPS request is being made to host 'randomuser.me'. Adding certificate verification is strongly advised. See: https://urllib3.readthedocs.io/en/latest/advanced-usage.html#tls-warnings
  warnings.warn(</msg>
<msg time="2024-06-15T15:15:28.534830" level="INFO">${response} = &lt;Response [200]&gt;</msg>
<var>${response}</var>
<arg>consultarAPI</arg>
<arg>/api</arg>
<doc>Sends a GET request on a previously created HTTP Session.</doc>
<status status="PASS" start="2024-06-15T15:15:28.344118" elapsed="0.190754"/>
</kw>
<kw name="Should Be Equal As Numbers" owner="BuiltIn">
<msg time="2024-06-15T15:15:28.535870" level="INFO">Argument types are:
&lt;class 'int'&gt;
&lt;class 'str'&gt;</msg>
<arg>${response.status_code}</arg>
<arg>200</arg>
<doc>Fails if objects are unequal after converting them to real numbers.</doc>
<status status="PASS" start="2024-06-15T15:15:28.535408" elapsed="0.000527"/>
</kw>
<kw name="Log" owner="BuiltIn">
<msg time="2024-06-15T15:15:28.536620" level="INFO">200</msg>
<arg>${response.status_code}</arg>
<doc>Logs the given message with the given level.</doc>
<status status="PASS" start="2024-06-15T15:15:28.536266" elapsed="0.000401"/>
</kw>
<kw name="Set Variable" owner="BuiltIn">
<msg time="2024-06-15T15:15:28.537404" level="INFO">${json_data} = {'results': [{'gender': 'male', 'name': {'title': 'Mr', 'first': 'Charbel', 'last': 'Caldeira'}, 'location': {'street': {'number': 7603, 'name': 'Rua Boa Vista '}, 'city': 'Campo Grande', 'state': 'Al...</msg>
<var>${json_data}</var>
<arg>${response.json()}</arg>
<doc>Returns the given values which can then be assigned to a variables.</doc>
<status status="PASS" start="2024-06-15T15:15:28.536972" elapsed="0.000460"/>
</kw>
<kw name="Dictionary Should Contain Key" owner="Collections">
<arg>${json_data}</arg>
<arg>results</arg>
<doc>Fails if ``key`` is not found from ``dictionary``.</doc>
<status status="PASS" start="2024-06-15T15:15:28.537729" elapsed="0.000163"/>
</kw>
<status status="PASS" start="2024-06-15T15:15:28.343869" elapsed="0.194171"/>
</kw>
<doc>Testa se a API responde corretamente e retorna um objeto JSON válido.</doc>
<tag>testeRequisicaoBasica</tag>
<status status="PASS" start="2024-06-15T15:15:28.343377" elapsed="0.194836"/>
</test>
<test id="s1-s1-t3" name="Validar estrutura de resposta" line="22">
<kw name="Teste de Estrutura de Resposta" owner="random-user-service">
<kw name="GET On Session" owner="RequestsLibrary">
<msg time="2024-06-15T15:15:28.633638" level="INFO">GET Request : url=https://randomuser.me/api 
 path_url=/api 
 headers={'User-Agent': 'python-requests/2.32.3', 'Accept-Encoding': 'gzip, deflate', 'Accept': '*/*', 'Connection': 'keep-alive'} 
 body=None 
 </msg>
<msg time="2024-06-15T15:15:28.633748" level="INFO">GET Response : url=https://randomuser.me/api 
 status=200, reason=OK 
 headers={'Date': 'Sat, 15 Jun 2024 15:15:28 GMT', 'Content-Type': 'application/json; charset=utf-8', 'Transfer-Encoding': 'chunked', 'Connection': 'keep-alive', 'X-Powered-By': 'Express', 'Access-Control-Allow-Origin': '*', 'Cache-Control': 'no-cache', 'ETag': 'W/"46a-xL4+SV/rMBvGmuHufWscv9mZWl0"', 'Vary': 'Accept-Encoding', 'Content-Encoding': 'gzip', 'CF-Cache-Status': 'DYNAMIC', 'Report-To': '{"endpoints":[{"url":"https:\\/\\/a.nel.cloudflare.com\\/report\\/v4?s=SiSnf2gkUg8ANHJJ5qhhMO3zfwthuCk0%2FA6WAvnBPtVp6uXhVPhrrxJ5bFZI%2B2KM2sl%2FTi8YUOCvJSYiXH5S6csIVIxnFGlaMJ7RZ3PKQ8DhU4sJFm88FW%2FG2Kr54Fke"}],"group":"cf-nel","max_age":604800}', 'NEL': '{"success_fraction":0,"report_to":"cf-nel","max_age":604800}', 'Server': 'cloudflare', 'CF-RAY': '8943840768d629be-IAD', 'alt-svc': 'h3=":443"; ma=86400'} 
 body={"results":[{"gender":"male","name":{"title":"Mr","first":"Hudson","last":"Lavoie"},"location":{"street":{"number":8523,"name":"Pierre Ave"},"city":"Borden","state":"Québec","country":"Canada","postcode":"H7U 5P0","coordinates":{"latitude":"-68.8014","longitude":"-6.9774"},"timezone":{"offset":"+3:30","description":"Tehran"}},"email":"hudson.lavoie@example.com","login":{"uuid":"689db1cf-f615-4397-9777-d633a990e001","username":"lazyladybug881","password":"jewel","salt":"7yewpJD1","md5":"6d5c1d98dec861fec0486e9cb093a023","sha1":"17cc30bb0b04adfbadd0aed25945a19f6cf3597b","sha256":"c6abddc42456865b401199fd69e7334cd039515c7604662a498673ec3dbf4863"},"dob":{"date":"1968-04-28T21:54:52.085Z","age":56},"registered":{"date":"2006-12-25T04:24:32.030Z","age":17},"phone":"R65 A80-0004","cell":"I59 X60-1964","id":{"name":"SIN","value":"580281889"},"picture":{"large":"https://randomuser.me/api/portraits/men/19.jpg","medium":"https://randomuser.me/api/portraits/med/men/19.jpg","thumbnail":"https://randomuser.me/api/portraits/thumb/men/19.jpg"},"nat":"CA"}],"info":{"seed":"9131025441796ef5","results":1,"page":1,"version":"1.4"}} 
 </msg>
<msg time="2024-06-15T15:15:28.633897" level="INFO">/opt/hostedtoolcache/Python/3.12.3/x64/lib/python3.12/site-packages/urllib3/connectionpool.py:1103: InsecureRequestWarning: Unverified HTTPS request is being made to host 'randomuser.me'. Adding certificate verification is strongly advised. See: https://urllib3.readthedocs.io/en/latest/advanced-usage.html#tls-warnings
  warnings.warn(</msg>
<msg time="2024-06-15T15:15:28.634042" level="INFO">${response} = &lt;Response [200]&gt;</msg>
<var>${response}</var>
<arg>consultarAPI</arg>
<arg>/api</arg>
<doc>Sends a GET request on a previously created HTTP Session.</doc>
<status status="PASS" start="2024-06-15T15:15:28.541019" elapsed="0.093089"/>
</kw>
<kw name="Set Variable" owner="BuiltIn">
<msg time="2024-06-15T15:15:28.635128" level="INFO">${json_data} = {'results': [{'gender': 'male', 'name': {'title': 'Mr', 'first': 'Hudson', 'last': 'Lavoie'}, 'location': {'street': {'number': 8523, 'name': 'Pierre Ave'}, 'city': 'Borden', 'state': 'Québec', 'count...</msg>
<var>${json_data}</var>
<arg>${response.json()}</arg>
<doc>Returns the given values which can then be assigned to a variables.</doc>
<status status="PASS" start="2024-06-15T15:15:28.634619" elapsed="0.000539"/>
</kw>
<kw name="Log" owner="BuiltIn">
<msg time="2024-06-15T15:15:28.635629" level="INFO">{'results': [{'gender': 'male', 'name': {'title': 'Mr', 'first': 'Hudson', 'last': 'Lavoie'}, 'location': {'street': {'number': 8523, 'name': 'Pierre Ave'}, 'city': 'Borden', 'state': 'Québec', 'country': 'Canada', 'postcode': 'H7U 5P0', 'coordinates': {'latitude': '-68.8014', 'longitude': '-6.9774'}, 'timezone': {'offset': '+3:30', 'description': 'Tehran'}}, 'email': 'hudson.lavoie@example.com', 'login': {'uuid': '689db1cf-f615-4397-9777-d633a990e001', 'username': 'lazyladybug881', 'password': 'jewel', 'salt': '7yewpJD1', 'md5': '6d5c1d98dec861fec0486e9cb093a023', 'sha1': '17cc30bb0b04adfbadd0aed25945a19f6cf3597b', 'sha256': 'c6abddc42456865b401199fd69e7334cd039515c7604662a498673ec3dbf4863'}, 'dob': {'date': '1968-04-28T21:54:52.085Z', 'age': 56}, 'registered': {'date': '2006-12-25T04:24:32.030Z', 'age': 17}, 'phone': 'R65 A80-0004', 'cell': 'I59 X60-1964', 'id': {'name': 'SIN', 'value': '580281889'}, 'picture': {'large': 'https://randomuser.me/api/portraits/men/19.jpg', 'medium': 'https://randomuser.me/api/portraits/med/men/19.jpg', 'thumbnail': 'https://randomuser.me/api/portraits/thumb/men/19.jpg'}, 'nat': 'CA'}], 'info': {'seed': '9131025441796ef5', 'results': 1, 'page': 1, 'version': '1.4'}}</msg>
<arg>${json_data}</arg>
<doc>Logs the given message with the given level.</doc>
<status status="PASS" start="2024-06-15T15:15:28.635464" elapsed="0.000215"/>
</kw>
<kw name="Dictionary Should Contain Key" owner="Collections">
<arg>${json_data}</arg>
<arg>results</arg>
<doc>Fails if ``key`` is not found from ``dictionary``.</doc>
<status status="PASS" start="2024-06-15T15:15:28.636002" elapsed="0.000173"/>
</kw>
<kw name="Should Not Be Empty" owner="BuiltIn">
<msg time="2024-06-15T15:15:28.636494" level="INFO">Length is 2.</msg>
<arg>${json_data}</arg>
<doc>Verifies that the given item is not empty.</doc>
<status status="PASS" start="2024-06-15T15:15:28.636362" elapsed="0.000169"/>
</kw>
<kw name="Create List" owner="BuiltIn">
<msg time="2024-06-15T15:15:28.636965" level="INFO">${expected_keys} = ['gender', 'name', 'location', 'email', 'login']</msg>
<var>${expected_keys}</var>
<arg>gender</arg>
<arg>name</arg>
<arg>location</arg>
<arg>email</arg>
<arg>login</arg>
<doc>Returns a list containing given items.</doc>
<status status="PASS" start="2024-06-15T15:15:28.636818" elapsed="0.000171"/>
</kw>
<for flavor="IN">
<iter>
<kw name="Dictionary Should Contain Key" owner="Collections">
<arg>${json_data['results'][0]}</arg>
<arg>${key}</arg>
<doc>Fails if ``key`` is not found from ``dictionary``.</doc>
<status status="PASS" start="2024-06-15T15:15:28.637569" elapsed="0.000402"/>
</kw>
<kw name="Log" owner="BuiltIn">
<msg time="2024-06-15T15:15:28.638523" level="INFO">{'gender': 'male', 'name': {'title': 'Mr', 'first': 'Hudson', 'last': 'Lavoie'}, 'location': {'street': {'number': 8523, 'name': 'Pierre Ave'}, 'city': 'Borden', 'state': 'Québec', 'country': 'Canada', 'postcode': 'H7U 5P0', 'coordinates': {'latitude': '-68.8014', 'longitude': '-6.9774'}, 'timezone': {'offset': '+3:30', 'description': 'Tehran'}}, 'email': 'hudson.lavoie@example.com', 'login': {'uuid': '689db1cf-f615-4397-9777-d633a990e001', 'username': 'lazyladybug881', 'password': 'jewel', 'salt': '7yewpJD1', 'md5': '6d5c1d98dec861fec0486e9cb093a023', 'sha1': '17cc30bb0b04adfbadd0aed25945a19f6cf3597b', 'sha256': 'c6abddc42456865b401199fd69e7334cd039515c7604662a498673ec3dbf4863'}, 'dob': {'date': '1968-04-28T21:54:52.085Z', 'age': 56}, 'registered': {'date': '2006-12-25T04:24:32.030Z', 'age': 17}, 'phone': 'R65 A80-0004', 'cell': 'I59 X60-1964', 'id': {'name': 'SIN', 'value': '580281889'}, 'picture': {'large': 'https://randomuser.me/api/portraits/men/19.jpg', 'medium': 'https://randomuser.me/api/portraits/med/men/19.jpg', 'thumbnail': 'https://randomuser.me/api/portraits/thumb/men/19.jpg'}, 'nat': 'CA'}</msg>
<arg>${json_data['results'][0]}</arg>
<doc>Logs the given message with the given level.</doc>
<status status="PASS" start="2024-06-15T15:15:28.638161" elapsed="0.000422"/>
</kw>
<kw name="Log" owner="BuiltIn">
<msg time="2024-06-15T15:15:28.639006" level="INFO">gender</msg>
<arg>${key}</arg>
<doc>Logs the given message with the given level.</doc>
<status status="PASS" start="2024-06-15T15:15:28.638878" elapsed="0.000166"/>
</kw>
<var name="${key}">gender</var>
<status status="PASS" start="2024-06-15T15:15:28.637446" elapsed="0.001822"/>
</iter>
<iter>
<kw name="Dictionary Should Contain Key" owner="Collections">
<arg>${json_data['results'][0]}</arg>
<arg>${key}</arg>
<doc>Fails if ``key`` is not found from ``dictionary``.</doc>
<status status="PASS" start="2024-06-15T15:15:28.639565" elapsed="0.000409"/>
</kw>
<kw name="Log" owner="BuiltIn">
<msg time="2024-06-15T15:15:28.640502" level="INFO">{'gender': 'male', 'name': {'title': 'Mr', 'first': 'Hudson', 'last': 'Lavoie'}, 'location': {'street': {'number': 8523, 'name': 'Pierre Ave'}, 'city': 'Borden', 'state': 'Québec', 'country': 'Canada', 'postcode': 'H7U 5P0', 'coordinates': {'latitude': '-68.8014', 'longitude': '-6.9774'}, 'timezone': {'offset': '+3:30', 'description': 'Tehran'}}, 'email': 'hudson.lavoie@example.com', 'login': {'uuid': '689db1cf-f615-4397-9777-d633a990e001', 'username': 'lazyladybug881', 'password': 'jewel', 'salt': '7yewpJD1', 'md5': '6d5c1d98dec861fec0486e9cb093a023', 'sha1': '17cc30bb0b04adfbadd0aed25945a19f6cf3597b', 'sha256': 'c6abddc42456865b401199fd69e7334cd039515c7604662a498673ec3dbf4863'}, 'dob': {'date': '1968-04-28T21:54:52.085Z', 'age': 56}, 'registered': {'date': '2006-12-25T04:24:32.030Z', 'age': 17}, 'phone': 'R65 A80-0004', 'cell': 'I59 X60-1964', 'id': {'name': 'SIN', 'value': '580281889'}, 'picture': {'large': 'https://randomuser.me/api/portraits/men/19.jpg', 'medium': 'https://randomuser.me/api/portraits/med/men/19.jpg', 'thumbnail': 'https://randomuser.me/api/portraits/thumb/men/19.jpg'}, 'nat': 'CA'}</msg>
<arg>${json_data['results'][0]}</arg>
<doc>Logs the given message with the given level.</doc>
<status status="PASS" start="2024-06-15T15:15:28.640156" elapsed="0.000430"/>
</kw>
<kw name="Log" owner="BuiltIn">
<msg time="2024-06-15T15:15:28.641017" level="INFO">name</msg>
<arg>${key}</arg>
<doc>Logs the given message with the given level.</doc>
<status status="PASS" start="2024-06-15T15:15:28.640884" elapsed="0.000172"/>
</kw>
<var name="${key}">name</var>
<status status="PASS" start="2024-06-15T15:15:28.639454" elapsed="0.001819"/>
</iter>
<iter>
<kw name="Dictionary Should Contain Key" owner="Collections">
<arg>${json_data['results'][0]}</arg>
<arg>${key}</arg>
<doc>Fails if ``key`` is not found from ``dictionary``.</doc>
<status status="PASS" start="2024-06-15T15:15:28.641557" elapsed="0.000378"/>
</kw>
<kw name="Log" owner="BuiltIn">
<msg time="2024-06-15T15:15:28.642469" level="INFO">{'gender': 'male', 'name': {'title': 'Mr', 'first': 'Hudson', 'last': 'Lavoie'}, 'location': {'street': {'number': 8523, 'name': 'Pierre Ave'}, 'city': 'Borden', 'state': 'Québec', 'country': 'Canada', 'postcode': 'H7U 5P0', 'coordinates': {'latitude': '-68.8014', 'longitude': '-6.9774'}, 'timezone': {'offset': '+3:30', 'description': 'Tehran'}}, 'email': 'hudson.lavoie@example.com', 'login': {'uuid': '689db1cf-f615-4397-9777-d633a990e001', 'username': 'lazyladybug881', 'password': 'jewel', 'salt': '7yewpJD1', 'md5': '6d5c1d98dec861fec0486e9cb093a023', 'sha1': '17cc30bb0b04adfbadd0aed25945a19f6cf3597b', 'sha256': 'c6abddc42456865b401199fd69e7334cd039515c7604662a498673ec3dbf4863'}, 'dob': {'date': '1968-04-28T21:54:52.085Z', 'age': 56}, 'registered': {'date': '2006-12-25T04:24:32.030Z', 'age': 17}, 'phone': 'R65 A80-0004', 'cell': 'I59 X60-1964', 'id': {'name': 'SIN', 'value': '580281889'}, 'picture': {'large': 'https://randomuser.me/api/portraits/men/19.jpg', 'medium': 'https://randomuser.me/api/portraits/med/men/19.jpg', 'thumbnail': 'https://randomuser.me/api/portraits/thumb/men/19.jpg'}, 'nat': 'CA'}</msg>
<arg>${json_data['results'][0]}</arg>
<doc>Logs the given message with the given level.</doc>
<status status="PASS" start="2024-06-15T15:15:28.642121" elapsed="0.000397"/>
</kw>
<kw name="Log" owner="BuiltIn">
<msg time="2024-06-15T15:15:28.642936" level="INFO">location</msg>
<arg>${key}</arg>
<doc>Logs the given message with the given level.</doc>
<status status="PASS" start="2024-06-15T15:15:28.642811" elapsed="0.000163"/>
</kw>
<var name="${key}">location</var>
<status status="PASS" start="2024-06-15T15:15:28.641451" elapsed="0.001744"/>
</iter>
<iter>
<kw name="Dictionary Should Contain Key" owner="Collections">
<arg>${json_data['results'][0]}</arg>
<arg>${key}</arg>
<doc>Fails if ``key`` is not found from ``dictionary``.</doc>
<status status="PASS" start="2024-06-15T15:15:28.643475" elapsed="0.000396"/>
</kw>
<kw name="Log" owner="BuiltIn">
<msg time="2024-06-15T15:15:28.644405" level="INFO">{'gender': 'male', 'name': {'title': 'Mr', 'first': 'Hudson', 'last': 'Lavoie'}, 'location': {'street': {'number': 8523, 'name': 'Pierre Ave'}, 'city': 'Borden', 'state': 'Québec', 'country': 'Canada', 'postcode': 'H7U 5P0', 'coordinates': {'latitude': '-68.8014', 'longitude': '-6.9774'}, 'timezone': {'offset': '+3:30', 'description': 'Tehran'}}, 'email': 'hudson.lavoie@example.com', 'login': {'uuid': '689db1cf-f615-4397-9777-d633a990e001', 'username': 'lazyladybug881', 'password': 'jewel', 'salt': '7yewpJD1', 'md5': '6d5c1d98dec861fec0486e9cb093a023', 'sha1': '17cc30bb0b04adfbadd0aed25945a19f6cf3597b', 'sha256': 'c6abddc42456865b401199fd69e7334cd039515c7604662a498673ec3dbf4863'}, 'dob': {'date': '1968-04-28T21:54:52.085Z', 'age': 56}, 'registered': {'date': '2006-12-25T04:24:32.030Z', 'age': 17}, 'phone': 'R65 A80-0004', 'cell': 'I59 X60-1964', 'id': {'name': 'SIN', 'value': '580281889'}, 'picture': {'large': 'https://randomuser.me/api/portraits/men/19.jpg', 'medium': 'https://randomuser.me/api/portraits/med/men/19.jpg', 'thumbnail': 'https://randomuser.me/api/portraits/thumb/men/19.jpg'}, 'nat': 'CA'}</msg>
<arg>${json_data['results'][0]}</arg>
<doc>Logs the given message with the given level.</doc>
<status status="PASS" start="2024-06-15T15:15:28.644051" elapsed="0.000403"/>
</kw>
<kw name="Log" owner="BuiltIn">
<msg time="2024-06-15T15:15:28.644877" level="INFO">email</msg>
<arg>${key}</arg>
<doc>Logs the given message with the given level.</doc>
<status status="PASS" start="2024-06-15T15:15:28.644749" elapsed="0.000166"/>
</kw>
<var name="${key}">email</var>
<status status="PASS" start="2024-06-15T15:15:28.643368" elapsed="0.001761"/>
</iter>
<iter>
<kw name="Dictionary Should Contain Key" owner="Collections">
<arg>${json_data['results'][0]}</arg>
<arg>${key}</arg>
<doc>Fails if ``key`` is not found from ``dictionary``.</doc>
<status status="PASS" start="2024-06-15T15:15:28.645410" elapsed="0.000374"/>
</kw>
<kw name="Log" owner="BuiltIn">
<msg time="2024-06-15T15:15:28.646321" level="INFO">{'gender': 'male', 'name': {'title': 'Mr', 'first': 'Hudson', 'last': 'Lavoie'}, 'location': {'street': {'number': 8523, 'name': 'Pierre Ave'}, 'city': 'Borden', 'state': 'Québec', 'country': 'Canada', 'postcode': 'H7U 5P0', 'coordinates': {'latitude': '-68.8014', 'longitude': '-6.9774'}, 'timezone': {'offset': '+3:30', 'description': 'Tehran'}}, 'email': 'hudson.lavoie@example.com', 'login': {'uuid': '689db1cf-f615-4397-9777-d633a990e001', 'username': 'lazyladybug881', 'password': 'jewel', 'salt': '7yewpJD1', 'md5': '6d5c1d98dec861fec0486e9cb093a023', 'sha1': '17cc30bb0b04adfbadd0aed25945a19f6cf3597b', 'sha256': 'c6abddc42456865b401199fd69e7334cd039515c7604662a498673ec3dbf4863'}, 'dob': {'date': '1968-04-28T21:54:52.085Z', 'age': 56}, 'registered': {'date': '2006-12-25T04:24:32.030Z', 'age': 17}, 'phone': 'R65 A80-0004', 'cell': 'I59 X60-1964', 'id': {'name': 'SIN', 'value': '580281889'}, 'picture': {'large': 'https://randomuser.me/api/portraits/men/19.jpg', 'medium': 'https://randomuser.me/api/portraits/med/men/19.jpg', 'thumbnail': 'https://randomuser.me/api/portraits/thumb/men/19.jpg'}, 'nat': 'CA'}</msg>
<arg>${json_data['results'][0]}</arg>
<doc>Logs the given message with the given level.</doc>
<status status="PASS" start="2024-06-15T15:15:28.645970" elapsed="0.000400"/>
</kw>
<kw name="Log" owner="BuiltIn">
<msg time="2024-06-15T15:15:28.646900" level="INFO">login</msg>
<arg>${key}</arg>
<doc>Logs the given message with the given level.</doc>
<status status="PASS" start="2024-06-15T15:15:28.646665" elapsed="0.000273"/>
</kw>
<var name="${key}">login</var>
<status status="PASS" start="2024-06-15T15:15:28.645302" elapsed="0.001853"/>
</iter>
<var>${key}</var>
<value>@{expected_keys}</value>
<status status="PASS" start="2024-06-15T15:15:28.637253" elapsed="0.010023"/>
</for>
<kw name="Create List" owner="BuiltIn">
<msg time="2024-06-15T15:15:28.647597" level="INFO">${expected_keysTwo} = ['username', 'password']</msg>
<var>${expected_keysTwo}</var>
<arg>username</arg>
<arg>password</arg>
<doc>Returns a list containing given items.</doc>
<status status="PASS" start="2024-06-15T15:15:28.647463" elapsed="0.000158"/>
</kw>
<for flavor="IN">
<iter>
<kw name="Dictionary Should Contain Key" owner="Collections">
<arg>${json_data['results'][0]['login']}</arg>
<arg>${keyTwo}</arg>
<doc>Fails if ``key`` is not found from ``dictionary``.</doc>
<status status="PASS" start="2024-06-15T15:15:28.648165" elapsed="0.000384"/>
</kw>
<kw name="Dictionary Should Contain Key" owner="Collections">
<arg>${json_data['results'][0]['login']}</arg>
<arg>${keyTwo}</arg>
<doc>Fails if ``key`` is not found from ``dictionary``.</doc>
<status status="PASS" start="2024-06-15T15:15:28.648730" elapsed="0.000368"/>
</kw>
<kw name="Log" owner="BuiltIn">
<msg time="2024-06-15T15:15:28.649393" level="INFO">username</msg>
<arg>${keyTwo}</arg>
<doc>Logs the given message with the given level.</doc>
<status status="PASS" start="2024-06-15T15:15:28.649274" elapsed="0.000156"/>
</kw>
<var name="${keyTwo}">username</var>
<status status="PASS" start="2024-06-15T15:15:28.648059" elapsed="0.001587"/>
</iter>
<iter>
<kw name="Dictionary Should Contain Key" owner="Collections">
<arg>${json_data['results'][0]['login']}</arg>
<arg>${keyTwo}</arg>
<doc>Fails if ``key`` is not found from ``dictionary``.</doc>
<status status="PASS" start="2024-06-15T15:15:28.649929" elapsed="0.000376"/>
</kw>
<kw name="Dictionary Should Contain Key" owner="Collections">
<arg>${json_data['results'][0]['login']}</arg>
<arg>${keyTwo}</arg>
<doc>Fails if ``key`` is not found from ``dictionary``.</doc>
<status status="PASS" start="2024-06-15T15:15:28.650489" elapsed="0.000376"/>
</kw>
<kw name="Log" owner="BuiltIn">
<msg time="2024-06-15T15:15:28.651158" level="INFO">password</msg>
<arg>${keyTwo}</arg>
<doc>Logs the given message with the given level.</doc>
<status status="PASS" start="2024-06-15T15:15:28.651040" elapsed="0.000154"/>
</kw>
<var name="${keyTwo}">password</var>
<status status="PASS" start="2024-06-15T15:15:28.649824" elapsed="0.001588"/>
</iter>
<var>${keyTwo}</var>
<value>@{expected_keysTwo}</value>
<status status="PASS" start="2024-06-15T15:15:28.647903" elapsed="0.003631"/>
</for>
<status status="PASS" start="2024-06-15T15:15:28.540789" elapsed="0.110887"/>
</kw>
<doc>Testa a estrutura da resposta da API.</doc>
<tag>testeEstruturaResposta</tag>
<status status="PASS" start="2024-06-15T15:15:28.540035" elapsed="0.111825"/>
</test>
<test id="s1-s1-t4" name="Validar tipos de dados" line="28">
<kw name="Teste de Tipos de Dados" owner="random-user-service">
<kw name="GET On Session" owner="RequestsLibrary">
<msg time="2024-06-15T15:15:28.739528" level="INFO">GET Request : url=https://randomuser.me/api 
 path_url=/api 
 headers={'User-Agent': 'python-requests/2.32.3', 'Accept-Encoding': 'gzip, deflate', 'Accept': '*/*', 'Connection': 'keep-alive'} 
 body=None 
 </msg>
<msg time="2024-06-15T15:15:28.739638" level="INFO">GET Response : url=https://randomuser.me/api 
 status=200, reason=OK 
 headers={'Date': 'Sat, 15 Jun 2024 15:15:28 GMT', 'Content-Type': 'application/json; charset=utf-8', 'Transfer-Encoding': 'chunked', 'Connection': 'keep-alive', 'X-Powered-By': 'Express', 'Access-Control-Allow-Origin': '*', 'Cache-Control': 'no-cache', 'ETag': 'W/"4ab-eMaLgljndHyZTAlw0EZXbaEy8Tg"', 'Vary': 'Accept-Encoding', 'Content-Encoding': 'gzip', 'CF-Cache-Status': 'DYNAMIC', 'Report-To': '{"endpoints":[{"url":"https:\\/\\/a.nel.cloudflare.com\\/report\\/v4?s=oouCnGD2pThUM2u3%2BuzH0bz%2B8UPLt0OIobEn2GBbNPCPgSbR3PFbP9f73%2F%2FUv0n6w3RqvCvb7XyNLVwLxq0nsh%2BSLmrrl58x3L0rCwiVsDWJ82ldjtkttdZFCcXzFaez"}],"group":"cf-nel","max_age":604800}', 'NEL': '{"success_fraction":0,"report_to":"cf-nel","max_age":604800}', 'Server': 'cloudflare', 'CF-RAY': '8943840819b029be-IAD', 'alt-svc': 'h3=":443"; ma=86400'} 
 body={"results":[{"gender":"female","name":{"title":"Ms","first":"Montserrat","last":"Campos"},"location":{"street":{"number":1152,"name":"Avenida del Planetario"},"city":"Gijón","state":"Comunidad Valenciana","country":"Spain","postcode":62423,"coordinates":{"latitude":"-33.5459","longitude":"14.5272"},"timezone":{"offset":"-6:00","description":"Central Time (US &amp; Canada), Mexico City"}},"email":"montserrat.campos@example.com","login":{"uuid":"b1f31259-93eb-4f78-9db4-db3d3ea22daf","username":"brownsnake719","password":"r2d2","salt":"l5U9DFg2","md5":"e0e674c44156337e4e0b2f2cc493622a","sha1":"ebee7cf36c5a4d9846fdfe2d382b0634be53cb22","sha256":"c585d3cbdb1109814f5627c57f179f33ca7a9859044d7d1bceee9acae16a05de"},"dob":{"date":"1955-08-31T03:00:59.359Z","age":68},"registered":{"date":"2018-09-19T15:12:13.083Z","age":5},"phone":"986-118-697","cell":"620-997-194","id":{"name":"DNI","value":"53201232-H"},"picture":{"large":"https://randomuser.me/api/portraits/women/19.jpg","medium":"https://randomuser.me/api/portraits/med/women/19.jpg","thumbnail":"https://randomuser.me/api/portraits/thumb/women/19.jpg"},"nat":"ES"}],"info":{"seed":"9a2bc419a6a0951f","results":1,"page":1,"version":"1.4"}} 
 </msg>
<msg time="2024-06-15T15:15:28.739727" level="INFO">/opt/hostedtoolcache/Python/3.12.3/x64/lib/python3.12/site-packages/urllib3/connectionpool.py:1103: InsecureRequestWarning: Unverified HTTPS request is being made to host 'randomuser.me'. Adding certificate verification is strongly advised. See: https://urllib3.readthedocs.io/en/latest/advanced-usage.html#tls-warnings
  warnings.warn(</msg>
<msg time="2024-06-15T15:15:28.739907" level="INFO">${response} = &lt;Response [200]&gt;</msg>
<var>${response}</var>
<arg>consultarAPI</arg>
<arg>/api</arg>
<doc>Sends a GET request on a previously created HTTP Session.</doc>
<status status="PASS" start="2024-06-15T15:15:28.654312" elapsed="0.085635"/>
</kw>
<kw name="Set Variable" owner="BuiltIn">
<msg time="2024-06-15T15:15:28.740975" level="INFO">${json_data} = {'results': [{'gender': 'female', 'name': {'title': 'Ms', 'first': 'Montserrat', 'last': 'Campos'}, 'location': {'street': {'number': 1152, 'name': 'Avenida del Planetario'}, 'city': 'Gijón', 'state':...</msg>
<var>${json_data}</var>
<arg>${response.json()}</arg>
<doc>Returns the given values which can then be assigned to a variables.</doc>
<status status="PASS" start="2024-06-15T15:15:28.740470" elapsed="0.000537"/>
</kw>
<kw name="Log" owner="BuiltIn">
<msg time="2024-06-15T15:15:28.741469" level="INFO">{'results': [{'gender': 'female', 'name': {'title': 'Ms', 'first': 'Montserrat', 'last': 'Campos'}, 'location': {'street': {'number': 1152, 'name': 'Avenida del Planetario'}, 'city': 'Gijón', 'state': 'Comunidad Valenciana', 'country': 'Spain', 'postcode': 62423, 'coordinates': {'latitude': '-33.5459', 'longitude': '14.5272'}, 'timezone': {'offset': '-6:00', 'description': 'Central Time (US &amp; Canada), Mexico City'}}, 'email': 'montserrat.campos@example.com', 'login': {'uuid': 'b1f31259-93eb-4f78-9db4-db3d3ea22daf', 'username': 'brownsnake719', 'password': 'r2d2', 'salt': 'l5U9DFg2', 'md5': 'e0e674c44156337e4e0b2f2cc493622a', 'sha1': 'ebee7cf36c5a4d9846fdfe2d382b0634be53cb22', 'sha256': 'c585d3cbdb1109814f5627c57f179f33ca7a9859044d7d1bceee9acae16a05de'}, 'dob': {'date': '1955-08-31T03:00:59.359Z', 'age': 68}, 'registered': {'date': '2018-09-19T15:12:13.083Z', 'age': 5}, 'phone': '986-118-697', 'cell': '620-997-194', 'id': {'name': 'DNI', 'value': '53201232-H'}, 'picture': {'large': 'https://randomuser.me/api/portraits/women/19.jpg', 'medium': 'https://randomuser.me/api/portraits/med/women/19.jpg', 'thumbnail': 'https://randomuser.me/api/portraits/thumb/women/19.jpg'}, 'nat': 'ES'}], 'info': {'seed': '9a2bc419a6a0951f', 'results': 1, 'page': 1, 'version': '1.4'}}</msg>
<arg>${json_data}</arg>
<doc>Logs the given message with the given level.</doc>
<status status="PASS" start="2024-06-15T15:15:28.741309" elapsed="0.000212"/>
</kw>
<kw name="Should Be String" owner="String">
<arg>${json_data['results'][0]['gender']}</arg>
<doc>Fails if the given ``item`` is not a string.</doc>
<status status="PASS" start="2024-06-15T15:15:28.741816" elapsed="0.000359"/>
</kw>
<kw name="Should Match Regexp" owner="BuiltIn">
<arg>${json_data['results'][0]['email']}</arg>
<arg>^[a-zA-Z0-9._%+-]+@[a-zA-Z0-9.-]+\.[a-zA-Z]{2,}$</arg>
<doc>Fails if ``string`` does not match ``pattern`` as a regular expression.</doc>
<status status="PASS" start="2024-06-15T15:15:28.742361" elapsed="0.000525"/>
</kw>
<kw name="Should Match Regexp" owner="BuiltIn">
<arg>${json_data['results'][0]['dob']['date']}</arg>
<arg>\\d{4}-\\d{2}-\\d{2}T\\d{2}:\\d{2}:\\d{2}\\.\\d{3}Z</arg>
<doc>Fails if ``string`` does not match ``pattern`` as a regular expression.</doc>
<status status="PASS" start="2024-06-15T15:15:28.743120" elapsed="0.000495"/>
</kw>
<kw name="Should Match Regexp" owner="BuiltIn">
<arg>${json_data['results'][0]['registered']['date']}</arg>
<arg>\\d{4}-\\d{2}-\\d{2}T\\d{2}:\\d{2}:\\d{2}\\.\\d{3}Z</arg>
<doc>Fails if ``string`` does not match ``pattern`` as a regular expression.</doc>
<status status="PASS" start="2024-06-15T15:15:28.743835" elapsed="0.000366"/>
</kw>
<kw name="Should Match Regexp" owner="BuiltIn">
<arg>${json_data['results'][0]['picture']['large']}</arg>
<arg>^https?://.*\.(?:png|jpe?g|gif|bmp)$</arg>
<doc>Fails if ``string`` does not match ``pattern`` as a regular expression.</doc>
<status status="PASS" start="2024-06-15T15:15:28.744385" elapsed="0.000450"/>
</kw>
<kw name="Should Match Regexp" owner="BuiltIn">
<arg>${json_data['results'][0]['picture']['medium']}</arg>
<arg>^https?://.*\.(?:png|jpe?g|gif|bmp)$</arg>
<doc>Fails if ``string`` does not match ``pattern`` as a regular expression.</doc>
<status status="PASS" start="2024-06-15T15:15:28.745024" elapsed="0.000346"/>
</kw>
<kw name="Should Match Regexp" owner="BuiltIn">
<arg>${json_data['results'][0]['picture']['thumbnail']}</arg>
<arg>^https?://.*\.(?:png|jpe?g|gif|bmp)$</arg>
<doc>Fails if ``string`` does not match ``pattern`` as a regular expression.</doc>
<status status="PASS" start="2024-06-15T15:15:28.745558" elapsed="0.000352"/>
</kw>
<kw name="Log" owner="BuiltIn">
<msg time="2024-06-15T15:15:28.746414" level="INFO">{'large': 'https://randomuser.me/api/portraits/women/19.jpg', 'medium': 'https://randomuser.me/api/portraits/med/women/19.jpg', 'thumbnail': 'https://randomuser.me/api/portraits/thumb/women/19.jpg'}</msg>
<arg>${json_data['results'][0]['picture']}</arg>
<doc>Logs the given message with the given level.</doc>
<status status="PASS" start="2024-06-15T15:15:28.746089" elapsed="0.000369"/>
</kw>
<status status="PASS" start="2024-06-15T15:15:28.654085" elapsed="0.092660"/>
</kw>
<kw name="Teste de Tipos de Dados - Postcode" owner="random-user-service">
<kw name="GET On Session" owner="RequestsLibrary">
<msg time="2024-06-15T15:15:28.840360" level="INFO">GET Request : url=https://randomuser.me/api 
 path_url=/api 
 headers={'User-Agent': 'python-requests/2.32.3', 'Accept-Encoding': 'gzip, deflate', 'Accept': '*/*', 'Connection': 'keep-alive'} 
 body=None 
 </msg>
<msg time="2024-06-15T15:15:28.840471" level="INFO">GET Response : url=https://randomuser.me/api 
 status=200, reason=OK 
 headers={'Date': 'Sat, 15 Jun 2024 15:15:28 GMT', 'Content-Type': 'application/json; charset=utf-8', 'Transfer-Encoding': 'chunked', 'Connection': 'keep-alive', 'X-Powered-By': 'Express', 'Access-Control-Allow-Origin': '*', 'Cache-Control': 'no-cache', 'ETag': 'W/"47b-eJN5IFy712Oa/ZMnceO8pVvLsuU"', 'Vary': 'Accept-Encoding', 'Content-Encoding': 'gzip', 'CF-Cache-Status': 'DYNAMIC', 'Report-To': '{"endpoints":[{"url":"https:\\/\\/a.nel.cloudflare.com\\/report\\/v4?s=fhvLtEbjbUI4XL8OVWfZyLKKvxwjy7U7LRu1kPktE5mDsVqbUqKgD16tjQfUN21ofeevUePnO0B7tUKxWJCst8tHB91d5ZMF5JJL2TlxItUIZj54DGUjULc3%2FPf1Ycax"}],"group":"cf-nel","max_age":604800}', 'NEL': '{"success_fraction":0,"report_to":"cf-nel","max_age":604800}', 'Server': 'cloudflare', 'CF-RAY': '89438408ba7829be-IAD', 'alt-svc': 'h3=":443"; ma=86400'} 
 body={"results":[{"gender":"female","name":{"title":"Mrs","first":"Hanan","last":"Sandaker"},"location":{"street":{"number":3247,"name":"Sigurd Syrs gate"},"city":"Malme","state":"Møre og Romsdal","country":"Norway","postcode":"2715","coordinates":{"latitude":"43.5147","longitude":"18.5647"},"timezone":{"offset":"+5:45","description":"Kathmandu"}},"email":"hanan.sandaker@example.com","login":{"uuid":"5b5c5b76-6462-42cb-b198-56eb5ef2ef4c","username":"orangegoose461","password":"magnum","salt":"pBkkVSBe","md5":"fae3b1825fa6e126bdc7753d8080cac3","sha1":"f2cdcd2f1edb405b5670cb11f96f643f397da71b","sha256":"7db67afc084ed8bbb337cb8990c56e62bfa1a63c07b3190ab7c275d8b353589b"},"dob":{"date":"1997-07-26T20:25:58.392Z","age":26},"registered":{"date":"2017-02-25T15:21:04.427Z","age":7},"phone":"89189270","cell":"43057681","id":{"name":"FN","value":"26079727686"},"picture":{"large":"https://randomuser.me/api/portraits/women/33.jpg","medium":"https://randomuser.me/api/portraits/med/women/33.jpg","thumbnail":"https://randomuser.me/api/portraits/thumb/women/33.jpg"},"nat":"NO"}],"info":{"seed":"bbb232eaeeef1f7d","results":1,"page":1,"version":"1.4"}} 
 </msg>
<msg time="2024-06-15T15:15:28.840581" level="INFO">/opt/hostedtoolcache/Python/3.12.3/x64/lib/python3.12/site-packages/urllib3/connectionpool.py:1103: InsecureRequestWarning: Unverified HTTPS request is being made to host 'randomuser.me'. Adding certificate verification is strongly advised. See: https://urllib3.readthedocs.io/en/latest/advanced-usage.html#tls-warnings
  warnings.warn(</msg>
<msg time="2024-06-15T15:15:28.840743" level="INFO">${response} = &lt;Response [200]&gt;</msg>
<var>${response}</var>
<arg>consultarAPI</arg>
<arg>/api</arg>
<doc>Sends a GET request on a previously created HTTP Session.</doc>
<status status="PASS" start="2024-06-15T15:15:28.747226" elapsed="0.093553"/>
</kw>
<kw name="Set Variable" owner="BuiltIn">
<msg time="2024-06-15T15:15:28.841810" level="INFO">${json_data} = {'results': [{'gender': 'female', 'name': {'title': 'Mrs', 'first': 'Hanan', 'last': 'Sandaker'}, 'location': {'street': {'number': 3247, 'name': 'Sigurd Syrs gate'}, 'city': 'Malme', 'state': 'Møre o...</msg>
<var>${json_data}</var>
<arg>${response.json()}</arg>
<doc>Returns the given values which can then be assigned to a variables.</doc>
<status status="PASS" start="2024-06-15T15:15:28.841297" elapsed="0.000544"/>
</kw>
<kw name="Log" owner="BuiltIn">
<msg time="2024-06-15T15:15:28.842303" level="INFO">{'results': [{'gender': 'female', 'name': {'title': 'Mrs', 'first': 'Hanan', 'last': 'Sandaker'}, 'location': {'street': {'number': 3247, 'name': 'Sigurd Syrs gate'}, 'city': 'Malme', 'state': 'Møre og Romsdal', 'country': 'Norway', 'postcode': '2715', 'coordinates': {'latitude': '43.5147', 'longitude': '18.5647'}, 'timezone': {'offset': '+5:45', 'description': 'Kathmandu'}}, 'email': 'hanan.sandaker@example.com', 'login': {'uuid': '5b5c5b76-6462-42cb-b198-56eb5ef2ef4c', 'username': 'orangegoose461', 'password': 'magnum', 'salt': 'pBkkVSBe', 'md5': 'fae3b1825fa6e126bdc7753d8080cac3', 'sha1': 'f2cdcd2f1edb405b5670cb11f96f643f397da71b', 'sha256': '7db67afc084ed8bbb337cb8990c56e62bfa1a63c07b3190ab7c275d8b353589b'}, 'dob': {'date': '1997-07-26T20:25:58.392Z', 'age': 26}, 'registered': {'date': '2017-02-25T15:21:04.427Z', 'age': 7}, 'phone': '89189270', 'cell': '43057681', 'id': {'name': 'FN', 'value': '26079727686'}, 'picture': {'large': 'https://randomuser.me/api/portraits/women/33.jpg', 'medium': 'https://randomuser.me/api/portraits/med/women/33.jpg', 'thumbnail': 'https://randomuser.me/api/portraits/thumb/women/33.jpg'}, 'nat': 'NO'}], 'info': {'seed': 'bbb232eaeeef1f7d', 'results': 1, 'page': 1, 'version': '1.4'}}</msg>
<arg>${json_data}</arg>
<doc>Logs the given message with the given level.</doc>
<status status="PASS" start="2024-06-15T15:15:28.842147" elapsed="0.000204"/>
</kw>
<kw name="Should Be Equal As Numbers" owner="BuiltIn">
<arg>${json_data['results'][0]['location']['postcode']}</arg>
<arg>${json_data['results'][0]['location']['postcode']}</arg>
<doc>Fails if objects are unequal after converting them to real numbers.</doc>
<status status="PASS" start="2024-06-15T15:15:28.842646" elapsed="0.000638"/>
</kw>
<kw name="Log" owner="BuiltIn">
<msg time="2024-06-15T15:15:28.843831" level="INFO">2715</msg>
<arg>${json_data['results'][0]['location']['postcode']}</arg>
<doc>Logs the given message with the given level.</doc>
<status status="PASS" start="2024-06-15T15:15:28.843476" elapsed="0.000396"/>
</kw>
<status status="PASS" start="2024-06-15T15:15:28.746985" elapsed="0.097176"/>
</kw>
<doc>Testa se os tipos de dados na resposta da API estão corretos.</doc>
<tag>testeTiposDados</tag>
<status status="PASS" start="2024-06-15T15:15:28.653625" elapsed="0.190712"/>
</test>
<test id="s1-s1-t5" name="Validar conteudo" line="35">
<kw name="Teste de Tipos de Conteudo" owner="random-user-service">
<kw name="GET On Session" owner="RequestsLibrary">
<msg time="2024-06-15T15:15:28.941856" level="INFO">GET Request : url=https://randomuser.me/api 
 path_url=/api 
 headers={'User-Agent': 'python-requests/2.32.3', 'Accept-Encoding': 'gzip, deflate', 'Accept': '*/*', 'Connection': 'keep-alive'} 
 body=None 
 </msg>
<msg time="2024-06-15T15:15:28.941936" level="INFO">GET Response : url=https://randomuser.me/api 
 status=200, reason=OK 
 headers={'Date': 'Sat, 15 Jun 2024 15:15:28 GMT', 'Content-Type': 'application/json; charset=utf-8', 'Transfer-Encoding': 'chunked', 'Connection': 'keep-alive', 'X-Powered-By': 'Express', 'Access-Control-Allow-Origin': '*', 'Cache-Control': 'no-cache', 'ETag': 'W/"482-ezyEiXzQ54q6fmYUqIuAnu/al08"', 'Vary': 'Accept-Encoding', 'Content-Encoding': 'gzip', 'CF-Cache-Status': 'DYNAMIC', 'Report-To': '{"endpoints":[{"url":"https:\\/\\/a.nel.cloudflare.com\\/report\\/v4?s=%2FCjO%2FBfOsIdkL5gzYxqCmKwJef0J0OhU96pzVa8a%2FDzHkhfWhCCZBP5F5CXSSqsS2%2B7qpGNDYG%2F0YFPlb872A3r7b%2FjgIdEKsNHjs0S6uwffG3gnK3K4sYh%2F%2FuQyj2gP"}],"group":"cf-nel","max_age":604800}', 'NEL': '{"success_fraction":0,"report_to":"cf-nel","max_age":604800}', 'Server': 'cloudflare', 'CF-RAY': '894384095b7529be-IAD', 'alt-svc': 'h3=":443"; ma=86400'} 
 body={"results":[{"gender":"female","name":{"title":"Miss","first":"Ayat","last":"Kind"},"location":{"street":{"number":276,"name":"Flaengrenda"},"city":"Ålvik","state":"Sogn og Fjordane","country":"Norway","postcode":"4876","coordinates":{"latitude":"39.5134","longitude":"133.9808"},"timezone":{"offset":"-8:00","description":"Pacific Time (US &amp; Canada)"}},"email":"ayat.kind@example.com","login":{"uuid":"262203fb-ec2e-480c-b6e9-65266ef8b62f","username":"organicgorilla420","password":"trace","salt":"Wl3GdWSA","md5":"7fb9eaab92ff0962d811df44ffd37892","sha1":"8123ff0f8894f80100e1888ba636b4a4a0446474","sha256":"b28ebae8342e7349759df79541e724a5b6fd61bc9444aa61984a5318fd728e36"},"dob":{"date":"1955-03-17T02:34:28.625Z","age":69},"registered":{"date":"2010-08-19T16:14:47.216Z","age":13},"phone":"89564195","cell":"47668288","id":{"name":"FN","value":"17035531084"},"picture":{"large":"https://randomuser.me/api/portraits/women/38.jpg","medium":"https://randomuser.me/api/portraits/med/women/38.jpg","thumbnail":"https://randomuser.me/api/portraits/thumb/women/38.jpg"},"nat":"NO"}],"info":{"seed":"83313757a6521fa8","results":1,"page":1,"version":"1.4"}} 
 </msg>
<msg time="2024-06-15T15:15:28.942013" level="INFO">/opt/hostedtoolcache/Python/3.12.3/x64/lib/python3.12/site-packages/urllib3/connectionpool.py:1103: InsecureRequestWarning: Unverified HTTPS request is being made to host 'randomuser.me'. Adding certificate verification is strongly advised. See: https://urllib3.readthedocs.io/en/latest/advanced-usage.html#tls-warnings
  warnings.warn(</msg>
<msg time="2024-06-15T15:15:28.942143" level="INFO">${response} = &lt;Response [200]&gt;</msg>
<var>${response}</var>
<arg>consultarAPI</arg>
<arg>/api</arg>
<doc>Sends a GET request on a previously created HTTP Session.</doc>
<status status="PASS" start="2024-06-15T15:15:28.846733" elapsed="0.095451"/>
</kw>
<kw name="Set Variable" owner="BuiltIn">
<msg time="2024-06-15T15:15:28.943013" level="INFO">${json_data} = {'results': [{'gender': 'female', 'name': {'title': 'Miss', 'first': 'Ayat', 'last': 'Kind'}, 'location': {'street': {'number': 276, 'name': 'Flaengrenda'}, 'city': 'Ålvik', 'state': 'Sogn og Fjordane...</msg>
<var>${json_data}</var>
<arg>${response.json()}</arg>
<doc>Returns the given values which can then be assigned to a variables.</doc>
<status status="PASS" start="2024-06-15T15:15:28.942560" elapsed="0.000484"/>
</kw>
<kw name="Set Variable" owner="BuiltIn">
<msg time="2024-06-15T15:15:28.943718" level="INFO">${name_title} = Miss</msg>
<var>${name_title}</var>
<arg>${json_data["results"][0]["name"]["title"]}</arg>
<doc>Returns the given values which can then be assigned to a variables.</doc>
<status status="PASS" start="2024-06-15T15:15:28.943343" elapsed="0.000400"/>
</kw>
<kw name="Create List" owner="BuiltIn">
<msg time="2024-06-15T15:15:28.944240" level="INFO">${allowed_titles} = ['Mr', 'Ms', 'Miss', 'Mrs', 'Madame', 'Monsieur']</msg>
<var>${allowed_titles}</var>
<arg>Mr</arg>
<arg>Ms</arg>
<arg>Miss</arg>
<arg>Mrs</arg>
<arg>Madame</arg>
<arg>Monsieur</arg>
<doc>Returns a list containing given items.</doc>
<status status="PASS" start="2024-06-15T15:15:28.944091" elapsed="0.000173"/>
</kw>
<kw name="List Should Contain Value" owner="Collections">
<arg>${allowed_titles}</arg>
<arg>${name_title}</arg>
<doc>Fails if the ``value`` is not found from ``list``.</doc>
<status status="PASS" start="2024-06-15T15:15:28.944565" elapsed="0.000175"/>
</kw>
<kw name="Set Variable" owner="BuiltIn">
<msg time="2024-06-15T15:15:28.945288" level="INFO">${name_country} = NO</msg>
<var>${name_country}</var>
<arg>${json_data["results"][0]["nat"]}</arg>
<doc>Returns the given values which can then be assigned to a variables.</doc>
<status status="PASS" start="2024-06-15T15:15:28.944917" elapsed="0.000396"/>
</kw>
<kw name="Create List" owner="BuiltIn">
<msg time="2024-06-15T15:15:28.946196" level="INFO">${list_country} = ['AD', 'AE', 'AF', 'AG', 'AI', 'AL', 'AM', 'AO', 'AQ', 'AR', 'AS', 'AT', 'AU', 'AW', 'AX', 'AZ', 'BA', 'BB', 'BD', 'BE', 'BF', 'BG', 'BH', 'BI', 'BJ', 'BL', 'BM', 'BN', 'BO', 'BQ', 'BR', 'BS', 'BT', '...</msg>
<var>${list_country}</var>
<arg>AD</arg>
<arg>AE</arg>
<arg>AF</arg>
<arg>AG</arg>
<arg>AI</arg>
<arg>AL</arg>
<arg>AM</arg>
<arg>AO</arg>
<arg>AQ</arg>
<arg>AR</arg>
<arg>AS</arg>
<arg>AT</arg>
<arg>AU</arg>
<arg>AW</arg>
<arg>AX</arg>
<arg>AZ</arg>
<arg>BA</arg>
<arg>BB</arg>
<arg>BD</arg>
<arg>BE</arg>
<arg>BF</arg>
<arg>BG</arg>
<arg>BH</arg>
<arg>BI</arg>
<arg>BJ</arg>
<arg>BL</arg>
<arg>BM</arg>
<arg>BN</arg>
<arg>BO</arg>
<arg>BQ</arg>
<arg>BR</arg>
<arg>BS</arg>
<arg>BT</arg>
<arg>BV</arg>
<arg>BW</arg>
<arg>BY</arg>
<arg>BZ</arg>
<arg>CA</arg>
<arg>CC</arg>
<arg>CD</arg>
<arg>CF</arg>
<arg>CG</arg>
<arg>CH</arg>
<arg>CI</arg>
<arg>CK</arg>
<arg>CL</arg>
<arg>CM</arg>
<arg>CN</arg>
<arg>CO</arg>
<arg>CR</arg>
<arg>CU</arg>
<arg>CV</arg>
<arg>CW</arg>
<arg>CX</arg>
<arg>CY</arg>
<arg>CZ</arg>
<arg>DE</arg>
<arg>DJ</arg>
<arg>DK</arg>
<arg>DM</arg>
<arg>DO</arg>
<arg>DZ</arg>
<arg>EC</arg>
<arg>EE</arg>
<arg>EG</arg>
<arg>EH</arg>
<arg>ER</arg>
<arg>ES</arg>
<arg>ET</arg>
<arg>FI</arg>
<arg>FJ</arg>
<arg>FK</arg>
<arg>FM</arg>
<arg>FO</arg>
<arg>FR</arg>
<arg>GA</arg>
<arg>GB</arg>
<arg>GD</arg>
<arg>GE</arg>
<arg>GF</arg>
<arg>GG</arg>
<arg>GH</arg>
<arg>GI</arg>
<arg>GL</arg>
<arg>GM</arg>
<arg>GN</arg>
<arg>GP</arg>
<arg>GQ</arg>
<arg>GR</arg>
<arg>GS</arg>
<arg>GT</arg>
<arg>GU</arg>
<arg>GW</arg>
<arg>GY</arg>
<arg>HK</arg>
<arg>HM</arg>
<arg>HN</arg>
<arg>HR</arg>
<arg>HT</arg>
<arg>HU</arg>
<arg>ID</arg>
<arg>IE</arg>
<arg>IL</arg>
<arg>IM</arg>
<arg>IN</arg>
<arg>IO</arg>
<arg>IQ</arg>
<arg>IR</arg>
<arg>IS</arg>
<arg>IT</arg>
<arg>JE</arg>
<arg>JM</arg>
<arg>JO</arg>
<arg>JP</arg>
<arg>KE</arg>
<arg>KG</arg>
<arg>KH</arg>
<arg>KI</arg>
<arg>KM</arg>
<arg>KN</arg>
<arg>KP</arg>
<arg>KR</arg>
<arg>KW</arg>
<arg>KY</arg>
<arg>KZ</arg>
<arg>LA</arg>
<arg>LB</arg>
<arg>LC</arg>
<arg>LI</arg>
<arg>LK</arg>
<arg>LR</arg>
<arg>LS</arg>
<arg>LT</arg>
<arg>LU</arg>
<arg>LV</arg>
<arg>LY</arg>
<arg>MA</arg>
<arg>MC</arg>
<arg>MD</arg>
<arg>ME</arg>
<arg>MF</arg>
<arg>MG</arg>
<arg>MH</arg>
<arg>MK</arg>
<arg>ML</arg>
<arg>MM</arg>
<arg>MN</arg>
<arg>MO</arg>
<arg>MP</arg>
<arg>MQ</arg>
<arg>MR</arg>
<arg>MS</arg>
<arg>MT</arg>
<arg>MU</arg>
<arg>MV</arg>
<arg>MW</arg>
<arg>MX</arg>
<arg>MY</arg>
<arg>MZ</arg>
<arg>NA</arg>
<arg>NC</arg>
<arg>NE</arg>
<arg>NF</arg>
<arg>NG</arg>
<arg>NI</arg>
<arg>NL</arg>
<arg>NO</arg>
<arg>NP</arg>
<arg>NR</arg>
<arg>NU</arg>
<arg>NZ</arg>
<arg>OM</arg>
<arg>PA</arg>
<arg>PE</arg>
<arg>PF</arg>
<arg>PG</arg>
<arg>PH</arg>
<arg>PK</arg>
<arg>PL</arg>
<arg>PM</arg>
<arg>PN</arg>
<arg>PR</arg>
<arg>PS</arg>
<arg>PT</arg>
<arg>PW</arg>
<arg>PY</arg>
<arg>QA</arg>
<arg>RE</arg>
<arg>RO</arg>
<arg>RS</arg>
<arg>RU</arg>
<arg>RW</arg>
<arg>SA</arg>
<arg>SB</arg>
<arg>SC</arg>
<arg>SD</arg>
<arg>SE</arg>
<arg>SG</arg>
<arg>SH</arg>
<arg>SI</arg>
<arg>SJ</arg>
<arg>SK</arg>
<arg>SL</arg>
<arg>SM</arg>
<arg>SN</arg>
<arg>SO</arg>
<arg>SR</arg>
<arg>SS</arg>
<arg>ST</arg>
<arg>SV</arg>
<arg>SX</arg>
<arg>SY</arg>
<arg>SZ</arg>
<arg>TC</arg>
<arg>TD</arg>
<arg>TF</arg>
<arg>TG</arg>
<arg>TH</arg>
<arg>TJ</arg>
<arg>TK</arg>
<arg>TL</arg>
<arg>TM</arg>
<arg>TN</arg>
<arg>TO</arg>
<arg>TR</arg>
<arg>TT</arg>
<arg>TV</arg>
<arg>TW</arg>
<arg>TZ</arg>
<arg>UA</arg>
<arg>UG</arg>
<arg>UM</arg>
<arg>US</arg>
<arg>UY</arg>
<arg>UZ</arg>
<arg>VA</arg>
<arg>VC</arg>
<arg>VE</arg>
<arg>VG</arg>
<arg>VI</arg>
<arg>VN</arg>
<arg>VU</arg>
<arg>WF</arg>
<arg>WS</arg>
<arg>XK</arg>
<arg>YE</arg>
<arg>YT</arg>
<arg>ZA</arg>
<arg>ZM</arg>
<arg>ZW</arg>
<doc>Returns a list containing given items.</doc>
<status status="PASS" start="2024-06-15T15:15:28.945604" elapsed="0.000619"/>
</kw>
<kw name="List Should Contain Value" owner="Collections">
<arg>${list_country}</arg>
<arg>${name_country}</arg>
<doc>Fails if the ``value`` is not found from ``list``.</doc>
<status status="PASS" start="2024-06-15T15:15:28.947019" elapsed="0.000205"/>
</kw>
<kw name="Run Keyword If" owner="BuiltIn">
<kw name="Should Be True" owner="BuiltIn">
<arg>${True}</arg>
<doc>Fails if the given condition is not true.</doc>
<status status="PASS" start="2024-06-15T15:15:28.948294" elapsed="0.000142"/>
</kw>
<arg>${json_data["results"][0]["location"]["coordinates"]["latitude"]} &gt;= -90 and ${json_data["results"][0]["location"]["coordinates"]["latitude"]} &lt;= 90</arg>
<arg>Should Be True</arg>
<arg>${True}</arg>
<doc>Runs the given keyword with the given arguments, if ``condition`` is true.</doc>
<status status="PASS" start="2024-06-15T15:15:28.947422" elapsed="0.001138"/>
</kw>
<kw name="Run Keyword If" owner="BuiltIn">
<kw name="Should Be True" owner="BuiltIn">
<arg>${True}</arg>
<doc>Fails if the given condition is not true.</doc>
<status status="PASS" start="2024-06-15T15:15:28.949431" elapsed="0.000135"/>
</kw>
<arg>${json_data["results"][0]["location"]["coordinates"]["longitude"]} &gt;= -180 and ${json_data["results"][0]["location"]["coordinates"]["longitude"]} &lt;= 180</arg>
<arg>Should Be True</arg>
<arg>${True}</arg>
<doc>Runs the given keyword with the given arguments, if ``condition`` is true.</doc>
<status status="PASS" start="2024-06-15T15:15:28.948741" elapsed="0.000946"/>
</kw>
<status status="PASS" start="2024-06-15T15:15:28.846510" elapsed="0.103305"/>
</kw>
<doc>Testa o conteúdo específico dos campos retornados pela API.</doc>
<tag>testeConteudo</tag>
<status status="PASS" start="2024-06-15T15:15:28.846064" elapsed="0.103891"/>
</test>
<status status="PASS" start="2024-06-15T15:15:27.954464" elapsed="0.997394"/>
</suite>
<status status="PASS" start="2024-06-15T15:15:27.941132" elapsed="1.015683"/>
</suite>
<statistics>
<total>
<stat pass="5" fail="0" skip="0">All Tests</stat>
</total>
<tag>
<stat pass="1" fail="0" skip="0">testeConteudo</stat>
<stat pass="1" fail="0" skip="0">testeEstruturaResposta</stat>
<stat pass="1" fail="0" skip="0">testeRequisicaoBasica</stat>
<stat pass="1" fail="0" skip="0">testeTiposDados</stat>
</tag>
<suite>
<stat pass="5" fail="0" skip="0" id="s1" name="Tests">Tests</stat>
<stat pass="5" fail="0" skip="0" id="s1-s1" name="Random-User-Test">Tests.Random-User-Test</stat>
</suite>
</statistics>
<errors>
</errors>
</robot>
