<?xml version="1.0" encoding="UTF-8"?>
<robot generator="Robot 7.0 (Python 3.12.2 on linux)" generated="2024-03-20T22:12:08.501164" rpa="false" schemaversion="5">
<suite id="s1" name="Tests" source="/home/runner/work/DesafioQA---Itau---Rogerio-Jordao/DesafioQA---Itau---Rogerio-Jordao/DesafioQA - Itau - Rogerio Jordao/tests">
<suite id="s1-s1" name="Random-User-Test" source="/home/runner/work/DesafioQA---Itau---Rogerio-Jordao/DesafioQA---Itau---Rogerio-Jordao/DesafioQA - Itau - Rogerio Jordao/tests/random-user-test.robot">
<test id="s1-s1-t1" name="Conectar" line="24">
<kw name="Conectar API">
<kw name="Create Session" owner="RequestsLibrary">
<msg time="2024-03-20T22:12:08.824646" level="INFO">Creating Session using : alias=consultarAPI, url=https://randomuser.me/, headers={},                     cookies={}, auth=None, timeout=None, proxies=None, verify=False,                     debug=0 </msg>
<arg>consultarAPI</arg>
<arg>${URL}</arg>
<doc>Create Session: create a HTTP session to a server</doc>
<status status="PASS" start="2024-03-20T22:12:08.824449" elapsed="0.000359"/>
</kw>
<status status="PASS" start="2024-03-20T22:12:08.823579" elapsed="0.001618"/>
</kw>
<status status="PASS" start="2024-03-20T22:12:08.823050" elapsed="0.002348"/>
</test>
<test id="s1-s1-t2" name="Validar retorno 200 e JSON Válido" line="27">
<kw name="Teste de Requisicao Basica">
<kw name="GET On Session" owner="RequestsLibrary">
<msg time="2024-03-20T22:12:09.041102" level="INFO">GET Request : url=https://randomuser.me/api 
 path_url=/api 
 headers={'User-Agent': 'python-requests/2.31.0', 'Accept-Encoding': 'gzip, deflate', 'Accept': '*/*', 'Connection': 'keep-alive'} 
 body=None 
 </msg>
<msg time="2024-03-20T22:12:09.041202" level="INFO">GET Response : url=https://randomuser.me/api 
 status=200, reason=OK 
 headers={'Date': 'Wed, 20 Mar 2024 22:12:09 GMT', 'Content-Type': 'application/json; charset=utf-8', 'Transfer-Encoding': 'chunked', 'Connection': 'keep-alive', 'X-Powered-By': 'Express', 'Access-Control-Allow-Origin': '*', 'Cache-Control': 'no-cache', 'ETag': 'W/"496-YHJb9DLw1V93YaMvgfCHvbvQ+hU"', 'Vary': 'Accept-Encoding', 'Content-Encoding': 'gzip', 'CF-Cache-Status': 'DYNAMIC', 'Report-To': '{"endpoints":[{"url":"https:\\/\\/a.nel.cloudflare.com\\/report\\/v4?s=dUDG9Fo00wYbiqlA9XYuMUJoJwCWnpUfTaVZ0MOPoPRYiqnHXSxjQFBR%2BcDewMOKhT8kEOtpaSBJNcN%2B3IwnY%2BU53IvMa4QYPcBx25Azy8gPGl1XvS6r23A2W%2BFDArv4"}],"group":"cf-nel","max_age":604800}', 'NEL': '{"success_fraction":0,"report_to":"cf-nel","max_age":604800}', 'Server': 'cloudflare', 'CF-RAY': '86790ac3fe991597-SJC', 'alt-svc': 'h3=":443"; ma=86400'} 
 body={"results":[{"gender":"male","name":{"title":"Mr","first":"Raymond","last":"Hopkins"},"location":{"street":{"number":1130,"name":"Thornridge Cir"},"city":"Glendale","state":"Mississippi","country":"United States","postcode":38054,"coordinates":{"latitude":"86.5733","longitude":"-118.0840"},"timezone":{"offset":"-11:00","description":"Midway Island, Samoa"}},"email":"raymond.hopkins@example.com","login":{"uuid":"c601d574-c7a0-4158-a906-515e925bc663","username":"beautifulkoala398","password":"maurice","salt":"XBMcfwIz","md5":"1bf29e0666ab0e7d4bb576be546e70e3","sha1":"10e65875d5bbc08c72844d0871fadf615aa9fdbd","sha256":"53c431ca4631c250f7c4bb041b259233e7c1b2334d701db3f97db35606e0550f"},"dob":{"date":"1949-08-28T10:51:26.535Z","age":74},"registered":{"date":"2009-08-03T07:34:55.114Z","age":14},"phone":"(613) 774-4258","cell":"(726) 711-1152","id":{"name":"SSN","value":"422-20-0306"},"picture":{"large":"https://randomuser.me/api/portraits/men/90.jpg","medium":"https://randomuser.me/api/portraits/med/men/90.jpg","thumbnail":"https://randomuser.me/api/portraits/thumb/men/90.jpg"},"nat":"US"}],"info":{"seed":"c0f2954840ef0bfa","results":1,"page":1,"version":"1.4"}} 
 </msg>
<msg time="2024-03-20T22:12:09.041419" level="INFO">/opt/hostedtoolcache/Python/3.12.2/x64/lib/python3.12/site-packages/urllib3/connectionpool.py:1103: InsecureRequestWarning: Unverified HTTPS request is being made to host 'randomuser.me'. Adding certificate verification is strongly advised. See: https://urllib3.readthedocs.io/en/latest/advanced-usage.html#tls-warnings
  warnings.warn(</msg>
<msg time="2024-03-20T22:12:09.041554" level="INFO">${response} = &lt;Response [200]&gt;</msg>
<var>${response}</var>
<arg>consultarAPI</arg>
<arg>/api</arg>
<doc>Sends a GET request on a previously created HTTP Session.</doc>
<status status="PASS" start="2024-03-20T22:12:08.828087" elapsed="0.213507"/>
</kw>
<kw name="Should Be Equal As Numbers" owner="BuiltIn">
<msg time="2024-03-20T22:12:09.042410" level="INFO">Argument types are:
&lt;class 'int'&gt;
&lt;class 'str'&gt;</msg>
<arg>${response.status_code}</arg>
<arg>200</arg>
<doc>Fails if objects are unequal after converting them to real numbers.</doc>
<status status="PASS" start="2024-03-20T22:12:09.041984" elapsed="0.000495"/>
</kw>
<kw name="Log" owner="BuiltIn">
<msg time="2024-03-20T22:12:09.043148" level="INFO">200</msg>
<arg>${response.status_code}</arg>
<doc>Logs the given message with the given level.</doc>
<status status="PASS" start="2024-03-20T22:12:09.042796" elapsed="0.000395"/>
</kw>
<kw name="Set Variable" owner="BuiltIn">
<msg time="2024-03-20T22:12:09.043933" level="INFO">${json_data} = {'results': [{'gender': 'male', 'name': {'title': 'Mr', 'first': 'Raymond', 'last': 'Hopkins'}, 'location': {'street': {'number': 1130, 'name': 'Thornridge Cir'}, 'city': 'Glendale', 'state': 'Mississ...</msg>
<var>${json_data}</var>
<arg>${response.json()}</arg>
<doc>Returns the given values which can then be assigned to a variables.</doc>
<status status="PASS" start="2024-03-20T22:12:09.043492" elapsed="0.000470"/>
</kw>
<kw name="Dictionary Should Contain Key" owner="Collections">
<msg time="2024-03-20T22:12:09.044457" level="INFO">False</msg>
<arg>${json_data}</arg>
<arg>results</arg>
<doc>Fails if ``key`` is not found from ``dictionary``.</doc>
<status status="PASS" start="2024-03-20T22:12:09.044286" elapsed="0.000211"/>
</kw>
<status status="PASS" start="2024-03-20T22:12:08.827840" elapsed="0.216908"/>
</kw>
<doc>Testa se a API responde corretamente e retorna um objeto JSON válido.</doc>
<tag>testeRequisicaoBasica</tag>
<status status="PASS" start="2024-03-20T22:12:08.827295" elapsed="0.217625"/>
</test>
<test id="s1-s1-t3" name="Validar estrutura de resposta" line="33">
<kw name="Teste de Estrutura de Resposta">
<kw name="GET On Session" owner="RequestsLibrary">
<msg time="2024-03-20T22:12:09.160243" level="INFO">GET Request : url=https://randomuser.me/api 
 path_url=/api 
 headers={'User-Agent': 'python-requests/2.31.0', 'Accept-Encoding': 'gzip, deflate', 'Accept': '*/*', 'Connection': 'keep-alive'} 
 body=None 
 </msg>
<msg time="2024-03-20T22:12:09.160307" level="INFO">GET Response : url=https://randomuser.me/api 
 status=200, reason=OK 
 headers={'Date': 'Wed, 20 Mar 2024 22:12:09 GMT', 'Content-Type': 'application/json; charset=utf-8', 'Transfer-Encoding': 'chunked', 'Connection': 'keep-alive', 'X-Powered-By': 'Express', 'Access-Control-Allow-Origin': '*', 'Cache-Control': 'no-cache', 'ETag': 'W/"464-5S4cfWoELu466uyncPMuzouji4Q"', 'Vary': 'Accept-Encoding', 'Content-Encoding': 'gzip', 'CF-Cache-Status': 'DYNAMIC', 'Report-To': '{"endpoints":[{"url":"https:\\/\\/a.nel.cloudflare.com\\/report\\/v4?s=1yGP1eJapvbV5nsFACp7o%2FfxWor3zWLM0mLg%2F2fHUGIvkhGKwJpyieJA2s3CH8kGFGAhayh1z0NvJL172kdWmUkDR6c%2BoEbLNc9Ru%2BZe8AA%2BvPphEKDB%2Fw5zWEQv858a"}],"group":"cf-nel","max_age":604800}', 'NEL': '{"success_fraction":0,"report_to":"cf-nel","max_age":604800}', 'Server': 'cloudflare', 'CF-RAY': '86790ac49f281597-SJC', 'alt-svc': 'h3=":443"; ma=86400'} 
 body={"results":[{"gender":"male","name":{"title":"Mr","first":"Krilach","last":"Babak"},"location":{"street":{"number":9079,"name":"Tihonivska"},"city":"Balakliya","state":"Hmelnicka","country":"Ukraine","postcode":23247,"coordinates":{"latitude":"80.9760","longitude":"-121.0270"},"timezone":{"offset":"+4:30","description":"Kabul"}},"email":"krilach.babak@example.com","login":{"uuid":"70aee0e2-a2b4-43ce-a71e-83c557311b57","username":"bigswan593","password":"jjjjjjjj","salt":"PkQrnW55","md5":"6375d1a671460236ac85821417ffa0ba","sha1":"fffc80ecb4aa10605b2c9d83a4e473933085e7c2","sha256":"718be9d1305e7b625ee3ba861142ba6931f78baa2b03144522888d16a2207f8a"},"dob":{"date":"1957-05-21T05:08:18.300Z","age":66},"registered":{"date":"2018-07-04T17:28:45.000Z","age":5},"phone":"(068) M20-0734","cell":"(097) S33-7383","id":{"name":"","value":null},"picture":{"large":"https://randomuser.me/api/portraits/men/34.jpg","medium":"https://randomuser.me/api/portraits/med/men/34.jpg","thumbnail":"https://randomuser.me/api/portraits/thumb/men/34.jpg"},"nat":"UA"}],"info":{"seed":"1e33aebdf0f97fd2","results":1,"page":1,"version":"1.4"}} 
 </msg>
<msg time="2024-03-20T22:12:09.160407" level="INFO">/opt/hostedtoolcache/Python/3.12.2/x64/lib/python3.12/site-packages/urllib3/connectionpool.py:1103: InsecureRequestWarning: Unverified HTTPS request is being made to host 'randomuser.me'. Adding certificate verification is strongly advised. See: https://urllib3.readthedocs.io/en/latest/advanced-usage.html#tls-warnings
  warnings.warn(</msg>
<msg time="2024-03-20T22:12:09.160519" level="INFO">${response} = &lt;Response [200]&gt;</msg>
<var>${response}</var>
<arg>consultarAPI</arg>
<arg>/api</arg>
<doc>Sends a GET request on a previously created HTTP Session.</doc>
<status status="PASS" start="2024-03-20T22:12:09.047411" elapsed="0.113151"/>
</kw>
<kw name="Set Variable" owner="BuiltIn">
<msg time="2024-03-20T22:12:09.161435" level="INFO">${json_data} = {'results': [{'gender': 'male', 'name': {'title': 'Mr', 'first': 'Krilach', 'last': 'Babak'}, 'location': {'street': {'number': 9079, 'name': 'Tihonivska'}, 'city': 'Balakliya', 'state': 'Hmelnicka', ...</msg>
<var>${json_data}</var>
<arg>${response.json()}</arg>
<doc>Returns the given values which can then be assigned to a variables.</doc>
<status status="PASS" start="2024-03-20T22:12:09.160979" elapsed="0.000484"/>
</kw>
<kw name="Log" owner="BuiltIn">
<msg time="2024-03-20T22:12:09.161915" level="INFO">{'results': [{'gender': 'male', 'name': {'title': 'Mr', 'first': 'Krilach', 'last': 'Babak'}, 'location': {'street': {'number': 9079, 'name': 'Tihonivska'}, 'city': 'Balakliya', 'state': 'Hmelnicka', 'country': 'Ukraine', 'postcode': 23247, 'coordinates': {'latitude': '80.9760', 'longitude': '-121.0270'}, 'timezone': {'offset': '+4:30', 'description': 'Kabul'}}, 'email': 'krilach.babak@example.com', 'login': {'uuid': '70aee0e2-a2b4-43ce-a71e-83c557311b57', 'username': 'bigswan593', 'password': 'jjjjjjjj', 'salt': 'PkQrnW55', 'md5': '6375d1a671460236ac85821417ffa0ba', 'sha1': 'fffc80ecb4aa10605b2c9d83a4e473933085e7c2', 'sha256': '718be9d1305e7b625ee3ba861142ba6931f78baa2b03144522888d16a2207f8a'}, 'dob': {'date': '1957-05-21T05:08:18.300Z', 'age': 66}, 'registered': {'date': '2018-07-04T17:28:45.000Z', 'age': 5}, 'phone': '(068) M20-0734', 'cell': '(097) S33-7383', 'id': {'name': '', 'value': None}, 'picture': {'large': 'https://randomuser.me/api/portraits/men/34.jpg', 'medium': 'https://randomuser.me/api/portraits/med/men/34.jpg', 'thumbnail': 'https://randomuser.me/api/portraits/thumb/men/34.jpg'}, 'nat': 'UA'}], 'info': {'seed': '1e33aebdf0f97fd2', 'results': 1, 'page': 1, 'version': '1.4'}}</msg>
<arg>${json_data}</arg>
<doc>Logs the given message with the given level.</doc>
<status status="PASS" start="2024-03-20T22:12:09.161760" elapsed="0.000201"/>
</kw>
<kw name="Dictionary Should Contain Key" owner="Collections">
<msg time="2024-03-20T22:12:09.162461" level="INFO">False</msg>
<arg>${json_data}</arg>
<arg>results</arg>
<doc>Fails if ``key`` is not found from ``dictionary``.</doc>
<status status="PASS" start="2024-03-20T22:12:09.162294" elapsed="0.000206"/>
</kw>
<kw name="Should Not Be Empty" owner="BuiltIn">
<msg time="2024-03-20T22:12:09.162919" level="INFO">Length is 2.</msg>
<arg>${json_data}</arg>
<doc>Verifies that the given item is not empty.</doc>
<status status="PASS" start="2024-03-20T22:12:09.162788" elapsed="0.000169"/>
</kw>
<kw name="Create List" owner="BuiltIn">
<msg time="2024-03-20T22:12:09.163386" level="INFO">${expected_keys} = ['gender', 'name', 'location', 'email', 'login']</msg>
<var>${expected_keys}</var>
<arg>gender</arg>
<arg>name</arg>
<arg>location</arg>
<arg>email</arg>
<arg>login</arg>
<doc>Returns a list containing given items.</doc>
<status status="PASS" start="2024-03-20T22:12:09.163240" elapsed="0.000170"/>
</kw>
<for flavor="IN">
<iter>
<kw name="Dictionary Should Contain Key" owner="Collections">
<msg time="2024-03-20T22:12:09.164359" level="INFO">False</msg>
<arg>${json_data['results'][0]}</arg>
<arg>${key}</arg>
<doc>Fails if ``key`` is not found from ``dictionary``.</doc>
<status status="PASS" start="2024-03-20T22:12:09.163965" elapsed="0.000433"/>
</kw>
<kw name="Log" owner="BuiltIn">
<msg time="2024-03-20T22:12:09.165058" level="INFO">{'gender': 'male', 'name': {'title': 'Mr', 'first': 'Krilach', 'last': 'Babak'}, 'location': {'street': {'number': 9079, 'name': 'Tihonivska'}, 'city': 'Balakliya', 'state': 'Hmelnicka', 'country': 'Ukraine', 'postcode': 23247, 'coordinates': {'latitude': '80.9760', 'longitude': '-121.0270'}, 'timezone': {'offset': '+4:30', 'description': 'Kabul'}}, 'email': 'krilach.babak@example.com', 'login': {'uuid': '70aee0e2-a2b4-43ce-a71e-83c557311b57', 'username': 'bigswan593', 'password': 'jjjjjjjj', 'salt': 'PkQrnW55', 'md5': '6375d1a671460236ac85821417ffa0ba', 'sha1': 'fffc80ecb4aa10605b2c9d83a4e473933085e7c2', 'sha256': '718be9d1305e7b625ee3ba861142ba6931f78baa2b03144522888d16a2207f8a'}, 'dob': {'date': '1957-05-21T05:08:18.300Z', 'age': 66}, 'registered': {'date': '2018-07-04T17:28:45.000Z', 'age': 5}, 'phone': '(068) M20-0734', 'cell': '(097) S33-7383', 'id': {'name': '', 'value': None}, 'picture': {'large': 'https://randomuser.me/api/portraits/men/34.jpg', 'medium': 'https://randomuser.me/api/portraits/med/men/34.jpg', 'thumbnail': 'https://randomuser.me/api/portraits/thumb/men/34.jpg'}, 'nat': 'UA'}</msg>
<arg>${json_data['results'][0]}</arg>
<doc>Logs the given message with the given level.</doc>
<status status="PASS" start="2024-03-20T22:12:09.164693" elapsed="0.000412"/>
</kw>
<kw name="Log" owner="BuiltIn">
<msg time="2024-03-20T22:12:09.165534" level="INFO">gender</msg>
<arg>${key}</arg>
<doc>Logs the given message with the given level.</doc>
<status status="PASS" start="2024-03-20T22:12:09.165403" elapsed="0.000171"/>
</kw>
<var name="${key}">gender</var>
<status status="PASS" start="2024-03-20T22:12:09.163848" elapsed="0.001942"/>
</iter>
<iter>
<kw name="Dictionary Should Contain Key" owner="Collections">
<msg time="2024-03-20T22:12:09.166491" level="INFO">False</msg>
<arg>${json_data['results'][0]}</arg>
<arg>${key}</arg>
<doc>Fails if ``key`` is not found from ``dictionary``.</doc>
<status status="PASS" start="2024-03-20T22:12:09.166082" elapsed="0.000448"/>
</kw>
<kw name="Log" owner="BuiltIn">
<msg time="2024-03-20T22:12:09.167218" level="INFO">{'gender': 'male', 'name': {'title': 'Mr', 'first': 'Krilach', 'last': 'Babak'}, 'location': {'street': {'number': 9079, 'name': 'Tihonivska'}, 'city': 'Balakliya', 'state': 'Hmelnicka', 'country': 'Ukraine', 'postcode': 23247, 'coordinates': {'latitude': '80.9760', 'longitude': '-121.0270'}, 'timezone': {'offset': '+4:30', 'description': 'Kabul'}}, 'email': 'krilach.babak@example.com', 'login': {'uuid': '70aee0e2-a2b4-43ce-a71e-83c557311b57', 'username': 'bigswan593', 'password': 'jjjjjjjj', 'salt': 'PkQrnW55', 'md5': '6375d1a671460236ac85821417ffa0ba', 'sha1': 'fffc80ecb4aa10605b2c9d83a4e473933085e7c2', 'sha256': '718be9d1305e7b625ee3ba861142ba6931f78baa2b03144522888d16a2207f8a'}, 'dob': {'date': '1957-05-21T05:08:18.300Z', 'age': 66}, 'registered': {'date': '2018-07-04T17:28:45.000Z', 'age': 5}, 'phone': '(068) M20-0734', 'cell': '(097) S33-7383', 'id': {'name': '', 'value': None}, 'picture': {'large': 'https://randomuser.me/api/portraits/men/34.jpg', 'medium': 'https://randomuser.me/api/portraits/med/men/34.jpg', 'thumbnail': 'https://randomuser.me/api/portraits/thumb/men/34.jpg'}, 'nat': 'UA'}</msg>
<arg>${json_data['results'][0]}</arg>
<doc>Logs the given message with the given level.</doc>
<status status="PASS" start="2024-03-20T22:12:09.166824" elapsed="0.000441"/>
</kw>
<kw name="Log" owner="BuiltIn">
<msg time="2024-03-20T22:12:09.167684" level="INFO">name</msg>
<arg>${key}</arg>
<doc>Logs the given message with the given level.</doc>
<status status="PASS" start="2024-03-20T22:12:09.167557" elapsed="0.000226"/>
</kw>
<var name="${key}">name</var>
<status status="PASS" start="2024-03-20T22:12:09.165975" elapsed="0.002152"/>
</iter>
<iter>
<kw name="Dictionary Should Contain Key" owner="Collections">
<msg time="2024-03-20T22:12:09.168866" level="INFO">False</msg>
<arg>${json_data['results'][0]}</arg>
<arg>${key}</arg>
<doc>Fails if ``key`` is not found from ``dictionary``.</doc>
<status status="PASS" start="2024-03-20T22:12:09.168480" elapsed="0.000530"/>
</kw>
<kw name="Log" owner="BuiltIn">
<msg time="2024-03-20T22:12:09.169673" level="INFO">{'gender': 'male', 'name': {'title': 'Mr', 'first': 'Krilach', 'last': 'Babak'}, 'location': {'street': {'number': 9079, 'name': 'Tihonivska'}, 'city': 'Balakliya', 'state': 'Hmelnicka', 'country': 'Ukraine', 'postcode': 23247, 'coordinates': {'latitude': '80.9760', 'longitude': '-121.0270'}, 'timezone': {'offset': '+4:30', 'description': 'Kabul'}}, 'email': 'krilach.babak@example.com', 'login': {'uuid': '70aee0e2-a2b4-43ce-a71e-83c557311b57', 'username': 'bigswan593', 'password': 'jjjjjjjj', 'salt': 'PkQrnW55', 'md5': '6375d1a671460236ac85821417ffa0ba', 'sha1': 'fffc80ecb4aa10605b2c9d83a4e473933085e7c2', 'sha256': '718be9d1305e7b625ee3ba861142ba6931f78baa2b03144522888d16a2207f8a'}, 'dob': {'date': '1957-05-21T05:08:18.300Z', 'age': 66}, 'registered': {'date': '2018-07-04T17:28:45.000Z', 'age': 5}, 'phone': '(068) M20-0734', 'cell': '(097) S33-7383', 'id': {'name': '', 'value': None}, 'picture': {'large': 'https://randomuser.me/api/portraits/men/34.jpg', 'medium': 'https://randomuser.me/api/portraits/med/men/34.jpg', 'thumbnail': 'https://randomuser.me/api/portraits/thumb/men/34.jpg'}, 'nat': 'UA'}</msg>
<arg>${json_data['results'][0]}</arg>
<doc>Logs the given message with the given level.</doc>
<status status="PASS" start="2024-03-20T22:12:09.169307" elapsed="0.000413"/>
</kw>
<kw name="Log" owner="BuiltIn">
<msg time="2024-03-20T22:12:09.170137" level="INFO">location</msg>
<arg>${key}</arg>
<doc>Logs the given message with the given level.</doc>
<status status="PASS" start="2024-03-20T22:12:09.170008" elapsed="0.000166"/>
</kw>
<var name="${key}">location</var>
<status status="PASS" start="2024-03-20T22:12:09.168372" elapsed="0.002062"/>
</iter>
<iter>
<kw name="Dictionary Should Contain Key" owner="Collections">
<msg time="2024-03-20T22:12:09.171095" level="INFO">False</msg>
<arg>${json_data['results'][0]}</arg>
<arg>${key}</arg>
<doc>Fails if ``key`` is not found from ``dictionary``.</doc>
<status status="PASS" start="2024-03-20T22:12:09.170715" elapsed="0.000417"/>
</kw>
<kw name="Log" owner="BuiltIn">
<msg time="2024-03-20T22:12:09.171779" level="INFO">{'gender': 'male', 'name': {'title': 'Mr', 'first': 'Krilach', 'last': 'Babak'}, 'location': {'street': {'number': 9079, 'name': 'Tihonivska'}, 'city': 'Balakliya', 'state': 'Hmelnicka', 'country': 'Ukraine', 'postcode': 23247, 'coordinates': {'latitude': '80.9760', 'longitude': '-121.0270'}, 'timezone': {'offset': '+4:30', 'description': 'Kabul'}}, 'email': 'krilach.babak@example.com', 'login': {'uuid': '70aee0e2-a2b4-43ce-a71e-83c557311b57', 'username': 'bigswan593', 'password': 'jjjjjjjj', 'salt': 'PkQrnW55', 'md5': '6375d1a671460236ac85821417ffa0ba', 'sha1': 'fffc80ecb4aa10605b2c9d83a4e473933085e7c2', 'sha256': '718be9d1305e7b625ee3ba861142ba6931f78baa2b03144522888d16a2207f8a'}, 'dob': {'date': '1957-05-21T05:08:18.300Z', 'age': 66}, 'registered': {'date': '2018-07-04T17:28:45.000Z', 'age': 5}, 'phone': '(068) M20-0734', 'cell': '(097) S33-7383', 'id': {'name': '', 'value': None}, 'picture': {'large': 'https://randomuser.me/api/portraits/men/34.jpg', 'medium': 'https://randomuser.me/api/portraits/med/men/34.jpg', 'thumbnail': 'https://randomuser.me/api/portraits/thumb/men/34.jpg'}, 'nat': 'UA'}</msg>
<arg>${json_data['results'][0]}</arg>
<doc>Logs the given message with the given level.</doc>
<status status="PASS" start="2024-03-20T22:12:09.171423" elapsed="0.000402"/>
</kw>
<kw name="Log" owner="BuiltIn">
<msg time="2024-03-20T22:12:09.172239" level="INFO">email</msg>
<arg>${key}</arg>
<doc>Logs the given message with the given level.</doc>
<status status="PASS" start="2024-03-20T22:12:09.172113" elapsed="0.000163"/>
</kw>
<var name="${key}">email</var>
<status status="PASS" start="2024-03-20T22:12:09.170611" elapsed="0.001883"/>
</iter>
<iter>
<kw name="Dictionary Should Contain Key" owner="Collections">
<msg time="2024-03-20T22:12:09.173147" level="INFO">False</msg>
<arg>${json_data['results'][0]}</arg>
<arg>${key}</arg>
<doc>Fails if ``key`` is not found from ``dictionary``.</doc>
<status status="PASS" start="2024-03-20T22:12:09.172764" elapsed="0.000420"/>
</kw>
<kw name="Log" owner="BuiltIn">
<msg time="2024-03-20T22:12:09.173841" level="INFO">{'gender': 'male', 'name': {'title': 'Mr', 'first': 'Krilach', 'last': 'Babak'}, 'location': {'street': {'number': 9079, 'name': 'Tihonivska'}, 'city': 'Balakliya', 'state': 'Hmelnicka', 'country': 'Ukraine', 'postcode': 23247, 'coordinates': {'latitude': '80.9760', 'longitude': '-121.0270'}, 'timezone': {'offset': '+4:30', 'description': 'Kabul'}}, 'email': 'krilach.babak@example.com', 'login': {'uuid': '70aee0e2-a2b4-43ce-a71e-83c557311b57', 'username': 'bigswan593', 'password': 'jjjjjjjj', 'salt': 'PkQrnW55', 'md5': '6375d1a671460236ac85821417ffa0ba', 'sha1': 'fffc80ecb4aa10605b2c9d83a4e473933085e7c2', 'sha256': '718be9d1305e7b625ee3ba861142ba6931f78baa2b03144522888d16a2207f8a'}, 'dob': {'date': '1957-05-21T05:08:18.300Z', 'age': 66}, 'registered': {'date': '2018-07-04T17:28:45.000Z', 'age': 5}, 'phone': '(068) M20-0734', 'cell': '(097) S33-7383', 'id': {'name': '', 'value': None}, 'picture': {'large': 'https://randomuser.me/api/portraits/men/34.jpg', 'medium': 'https://randomuser.me/api/portraits/med/men/34.jpg', 'thumbnail': 'https://randomuser.me/api/portraits/thumb/men/34.jpg'}, 'nat': 'UA'}</msg>
<arg>${json_data['results'][0]}</arg>
<doc>Logs the given message with the given level.</doc>
<status status="PASS" start="2024-03-20T22:12:09.173478" elapsed="0.000408"/>
</kw>
<kw name="Log" owner="BuiltIn">
<msg time="2024-03-20T22:12:09.174322" level="INFO">login</msg>
<arg>${key}</arg>
<doc>Logs the given message with the given level.</doc>
<status status="PASS" start="2024-03-20T22:12:09.174170" elapsed="0.000190"/>
</kw>
<var name="${key}">login</var>
<status status="PASS" start="2024-03-20T22:12:09.172662" elapsed="0.001917"/>
</iter>
<var>${key}</var>
<value>@{expected_keys}</value>
<status status="PASS" start="2024-03-20T22:12:09.163666" elapsed="0.011035"/>
</for>
<kw name="Create List" owner="BuiltIn">
<msg time="2024-03-20T22:12:09.175057" level="INFO">${expected_keysTwo} = ['username', 'password']</msg>
<var>${expected_keysTwo}</var>
<arg>username</arg>
<arg>password</arg>
<doc>Returns a list containing given items.</doc>
<status status="PASS" start="2024-03-20T22:12:09.174886" elapsed="0.000196"/>
</kw>
<for flavor="IN">
<iter>
<kw name="Dictionary Should Contain Key" owner="Collections">
<msg time="2024-03-20T22:12:09.175966" level="INFO">False</msg>
<arg>${json_data['results'][0]['login']}</arg>
<arg>${keyTwo}</arg>
<doc>Fails if ``key`` is not found from ``dictionary``.</doc>
<status status="PASS" start="2024-03-20T22:12:09.175580" elapsed="0.000423"/>
</kw>
<kw name="Dictionary Should Contain Key" owner="Collections">
<msg time="2024-03-20T22:12:09.176667" level="INFO">False</msg>
<arg>${json_data['results'][0]['login']}</arg>
<arg>${keyTwo}</arg>
<doc>Fails if ``key`` is not found from ``dictionary``.</doc>
<status status="PASS" start="2024-03-20T22:12:09.176293" elapsed="0.000412"/>
</kw>
<kw name="Log" owner="BuiltIn">
<msg time="2024-03-20T22:12:09.177118" level="INFO">username</msg>
<arg>${keyTwo}</arg>
<doc>Logs the given message with the given level.</doc>
<status status="PASS" start="2024-03-20T22:12:09.176990" elapsed="0.000166"/>
</kw>
<var name="${keyTwo}">username</var>
<status status="PASS" start="2024-03-20T22:12:09.175479" elapsed="0.001897"/>
</iter>
<iter>
<kw name="Dictionary Should Contain Key" owner="Collections">
<msg time="2024-03-20T22:12:09.178032" level="INFO">False</msg>
<arg>${json_data['results'][0]['login']}</arg>
<arg>${keyTwo}</arg>
<doc>Fails if ``key`` is not found from ``dictionary``.</doc>
<status status="PASS" start="2024-03-20T22:12:09.177650" elapsed="0.000420"/>
</kw>
<kw name="Dictionary Should Contain Key" owner="Collections">
<msg time="2024-03-20T22:12:09.178779" level="INFO">False</msg>
<arg>${json_data['results'][0]['login']}</arg>
<arg>${keyTwo}</arg>
<doc>Fails if ``key`` is not found from ``dictionary``.</doc>
<status status="PASS" start="2024-03-20T22:12:09.178396" elapsed="0.000422"/>
</kw>
<kw name="Log" owner="BuiltIn">
<msg time="2024-03-20T22:12:09.179240" level="INFO">password</msg>
<arg>${keyTwo}</arg>
<doc>Logs the given message with the given level.</doc>
<status status="PASS" start="2024-03-20T22:12:09.179109" elapsed="0.000170"/>
</kw>
<var name="${keyTwo}">password</var>
<status status="PASS" start="2024-03-20T22:12:09.177549" elapsed="0.001952"/>
</iter>
<var>${keyTwo}</var>
<value>@{expected_keysTwo}</value>
<status status="PASS" start="2024-03-20T22:12:09.175324" elapsed="0.004300"/>
</for>
<status status="PASS" start="2024-03-20T22:12:09.047191" elapsed="0.132575"/>
</kw>
<doc>Testa a estrutura da resposta da API.</doc>
<tag>testeEstruturaResposta</tag>
<status status="PASS" start="2024-03-20T22:12:09.046747" elapsed="0.133169"/>
</test>
<test id="s1-s1-t4" name="Validar tipos de dados" line="39">
<kw name="Teste de Tipos de Dados">
<kw name="GET On Session" owner="RequestsLibrary">
<msg time="2024-03-20T22:12:09.272724" level="INFO">GET Request : url=https://randomuser.me/api 
 path_url=/api 
 headers={'User-Agent': 'python-requests/2.31.0', 'Accept-Encoding': 'gzip, deflate', 'Accept': '*/*', 'Connection': 'keep-alive'} 
 body=None 
 </msg>
<msg time="2024-03-20T22:12:09.272801" level="INFO">GET Response : url=https://randomuser.me/api 
 status=200, reason=OK 
 headers={'Date': 'Wed, 20 Mar 2024 22:12:09 GMT', 'Content-Type': 'application/json; charset=utf-8', 'Transfer-Encoding': 'chunked', 'Connection': 'keep-alive', 'X-Powered-By': 'Express', 'Access-Control-Allow-Origin': '*', 'Cache-Control': 'no-cache', 'ETag': 'W/"495-e9ChE+xMSBEjDJefHX2kxSmZiMA"', 'Vary': 'Accept-Encoding', 'Content-Encoding': 'gzip', 'CF-Cache-Status': 'DYNAMIC', 'Report-To': '{"endpoints":[{"url":"https:\\/\\/a.nel.cloudflare.com\\/report\\/v4?s=Pjt7rPC41LSU2wX6WDBIIjZdJq4Cf7BMy3ls%2BBzvWG5oF%2Fn51kjrPa23%2BJfyGQdu4Ukakp3yUFHNF5LIpVyFxBSS4dHI1S2Ve%2FklIxSq7C%2B915GD5RX3iYvE4ZzcAsmv"}],"group":"cf-nel","max_age":604800}', 'NEL': '{"success_fraction":0,"report_to":"cf-nel","max_age":604800}', 'Server': 'cloudflare', 'CF-RAY': '86790ac56fe71597-SJC', 'alt-svc': 'h3=":443"; ma=86400'} 
 body={"results":[{"gender":"female","name":{"title":"Ms","first":"Esther","last":"Uribe"},"location":{"street":{"number":7634,"name":"Calzada Hidalgo"},"city":"Casas","state":"Puebla","country":"Mexico","postcode":79358,"coordinates":{"latitude":"22.0223","longitude":"113.1786"},"timezone":{"offset":"+5:30","description":"Bombay, Calcutta, Madras, New Delhi"}},"email":"esther.uribe@example.com","login":{"uuid":"6ebbc41a-c168-4df5-bac4-70537035323c","username":"brownkoala125","password":"sheba","salt":"gAH20t8N","md5":"dbeee68776ce9c834ce3e02d66894a96","sha1":"1b0d51234aeb229fec70d27b3a2372fad84fb18a","sha256":"d2b259b7aaa57e095fe2b090cd83af7002e27e9e5a6765a2a986699b052f8fda"},"dob":{"date":"1962-12-21T18:49:03.834Z","age":61},"registered":{"date":"2006-05-08T21:42:31.874Z","age":17},"phone":"(602) 321 2781","cell":"(660) 926 2796","id":{"name":"NSS","value":"97 66 26 9692 2"},"picture":{"large":"https://randomuser.me/api/portraits/women/44.jpg","medium":"https://randomuser.me/api/portraits/med/women/44.jpg","thumbnail":"https://randomuser.me/api/portraits/thumb/women/44.jpg"},"nat":"MX"}],"info":{"seed":"d9c08dec99c53d3f","results":1,"page":1,"version":"1.4"}} 
 </msg>
<msg time="2024-03-20T22:12:09.272869" level="INFO">/opt/hostedtoolcache/Python/3.12.2/x64/lib/python3.12/site-packages/urllib3/connectionpool.py:1103: InsecureRequestWarning: Unverified HTTPS request is being made to host 'randomuser.me'. Adding certificate verification is strongly advised. See: https://urllib3.readthedocs.io/en/latest/advanced-usage.html#tls-warnings
  warnings.warn(</msg>
<msg time="2024-03-20T22:12:09.272999" level="INFO">${response} = &lt;Response [200]&gt;</msg>
<var>${response}</var>
<arg>consultarAPI</arg>
<arg>/api</arg>
<doc>Sends a GET request on a previously created HTTP Session.</doc>
<status status="PASS" start="2024-03-20T22:12:09.182378" elapsed="0.090670"/>
</kw>
<kw name="Set Variable" owner="BuiltIn">
<msg time="2024-03-20T22:12:09.273878" level="INFO">${json_data} = {'results': [{'gender': 'female', 'name': {'title': 'Ms', 'first': 'Esther', 'last': 'Uribe'}, 'location': {'street': {'number': 7634, 'name': 'Calzada Hidalgo'}, 'city': 'Casas', 'state': 'Puebla', '...</msg>
<var>${json_data}</var>
<arg>${response.json()}</arg>
<doc>Returns the given values which can then be assigned to a variables.</doc>
<status status="PASS" start="2024-03-20T22:12:09.273437" elapsed="0.000470"/>
</kw>
<kw name="Log" owner="BuiltIn">
<msg time="2024-03-20T22:12:09.274407" level="INFO">{'results': [{'gender': 'female', 'name': {'title': 'Ms', 'first': 'Esther', 'last': 'Uribe'}, 'location': {'street': {'number': 7634, 'name': 'Calzada Hidalgo'}, 'city': 'Casas', 'state': 'Puebla', 'country': 'Mexico', 'postcode': 79358, 'coordinates': {'latitude': '22.0223', 'longitude': '113.1786'}, 'timezone': {'offset': '+5:30', 'description': 'Bombay, Calcutta, Madras, New Delhi'}}, 'email': 'esther.uribe@example.com', 'login': {'uuid': '6ebbc41a-c168-4df5-bac4-70537035323c', 'username': 'brownkoala125', 'password': 'sheba', 'salt': 'gAH20t8N', 'md5': 'dbeee68776ce9c834ce3e02d66894a96', 'sha1': '1b0d51234aeb229fec70d27b3a2372fad84fb18a', 'sha256': 'd2b259b7aaa57e095fe2b090cd83af7002e27e9e5a6765a2a986699b052f8fda'}, 'dob': {'date': '1962-12-21T18:49:03.834Z', 'age': 61}, 'registered': {'date': '2006-05-08T21:42:31.874Z', 'age': 17}, 'phone': '(602) 321 2781', 'cell': '(660) 926 2796', 'id': {'name': 'NSS', 'value': '97 66 26 9692 2'}, 'picture': {'large': 'https://randomuser.me/api/portraits/women/44.jpg', 'medium': 'https://randomuser.me/api/portraits/med/women/44.jpg', 'thumbnail': 'https://randomuser.me/api/portraits/thumb/women/44.jpg'}, 'nat': 'MX'}], 'info': {'seed': 'd9c08dec99c53d3f', 'results': 1, 'page': 1, 'version': '1.4'}}</msg>
<arg>${json_data}</arg>
<doc>Logs the given message with the given level.</doc>
<status status="PASS" start="2024-03-20T22:12:09.274245" elapsed="0.000211"/>
</kw>
<kw name="Should Be String" owner="String">
<arg>${json_data['results'][0]['gender']}</arg>
<doc>Fails if the given ``item`` is not a string.</doc>
<status status="PASS" start="2024-03-20T22:12:09.274770" elapsed="0.000361"/>
</kw>
<kw name="Should Match Regexp" owner="BuiltIn">
<arg>${json_data['results'][0]['email']}</arg>
<arg>^[a-zA-Z0-9._%+-]+@[a-zA-Z0-9.-]+\.[a-zA-Z]{2,}$</arg>
<doc>Fails if ``string`` does not match ``pattern`` as a regular expression.</doc>
<status status="PASS" start="2024-03-20T22:12:09.275317" elapsed="0.000620"/>
</kw>
<kw name="Should Match Regexp" owner="BuiltIn">
<arg>${json_data['results'][0]['dob']['date']}</arg>
<arg>\\d{4}-\\d{2}-\\d{2}T\\d{2}:\\d{2}:\\d{2}\\.\\d{3}Z</arg>
<doc>Fails if ``string`` does not match ``pattern`` as a regular expression.</doc>
<status status="PASS" start="2024-03-20T22:12:09.276133" elapsed="0.000482"/>
</kw>
<kw name="Should Match Regexp" owner="BuiltIn">
<arg>${json_data['results'][0]['registered']['date']}</arg>
<arg>\\d{4}-\\d{2}-\\d{2}T\\d{2}:\\d{2}:\\d{2}\\.\\d{3}Z</arg>
<doc>Fails if ``string`` does not match ``pattern`` as a regular expression.</doc>
<status status="PASS" start="2024-03-20T22:12:09.276803" elapsed="0.000366"/>
</kw>
<kw name="Should Match Regexp" owner="BuiltIn">
<arg>${json_data['results'][0]['picture']['large']}</arg>
<arg>^https?://.*\.(?:png|jpe?g|gif|bmp)$</arg>
<doc>Fails if ``string`` does not match ``pattern`` as a regular expression.</doc>
<status status="PASS" start="2024-03-20T22:12:09.277352" elapsed="0.000452"/>
</kw>
<kw name="Should Match Regexp" owner="BuiltIn">
<arg>${json_data['results'][0]['picture']['medium']}</arg>
<arg>^https?://.*\.(?:png|jpe?g|gif|bmp)$</arg>
<doc>Fails if ``string`` does not match ``pattern`` as a regular expression.</doc>
<status status="PASS" start="2024-03-20T22:12:09.277989" elapsed="0.000377"/>
</kw>
<kw name="Should Match Regexp" owner="BuiltIn">
<arg>${json_data['results'][0]['picture']['thumbnail']}</arg>
<arg>^https?://.*\.(?:png|jpe?g|gif|bmp)$</arg>
<doc>Fails if ``string`` does not match ``pattern`` as a regular expression.</doc>
<status status="PASS" start="2024-03-20T22:12:09.278546" elapsed="0.000348"/>
</kw>
<kw name="Log" owner="BuiltIn">
<msg time="2024-03-20T22:12:09.279403" level="INFO">{'large': 'https://randomuser.me/api/portraits/women/44.jpg', 'medium': 'https://randomuser.me/api/portraits/med/women/44.jpg', 'thumbnail': 'https://randomuser.me/api/portraits/thumb/women/44.jpg'}</msg>
<arg>${json_data['results'][0]['picture']}</arg>
<doc>Logs the given message with the given level.</doc>
<status status="PASS" start="2024-03-20T22:12:09.279072" elapsed="0.000373"/>
</kw>
<status status="PASS" start="2024-03-20T22:12:09.182143" elapsed="0.097557"/>
</kw>
<kw name="Teste de Tipos de Dados - Postcode">
<kw name="GET On Session" owner="RequestsLibrary">
<msg time="2024-03-20T22:12:09.366071" level="INFO">GET Request : url=https://randomuser.me/api 
 path_url=/api 
 headers={'User-Agent': 'python-requests/2.31.0', 'Accept-Encoding': 'gzip, deflate', 'Accept': '*/*', 'Connection': 'keep-alive'} 
 body=None 
 </msg>
<msg time="2024-03-20T22:12:09.366155" level="INFO">GET Response : url=https://randomuser.me/api 
 status=200, reason=OK 
 headers={'Date': 'Wed, 20 Mar 2024 22:12:09 GMT', 'Content-Type': 'application/json; charset=utf-8', 'Transfer-Encoding': 'chunked', 'Connection': 'keep-alive', 'X-Powered-By': 'Express', 'Access-Control-Allow-Origin': '*', 'Cache-Control': 'no-cache', 'ETag': 'W/"498-wUD4f7DgBoZqxO89Kvo5fb17JkI"', 'Vary': 'Accept-Encoding', 'Content-Encoding': 'gzip', 'CF-Cache-Status': 'DYNAMIC', 'Report-To': '{"endpoints":[{"url":"https:\\/\\/a.nel.cloudflare.com\\/report\\/v4?s=WvBl41qgD6lcOX1iE40krAisar9A3%2FV%2Bs00ZbjhK%2BW9yHxXEpmeky5cuHEOakoCZNfxqweH3hMOrh%2BmlaoG0IclBODC3Q9dhW4oG1v3JQ%2BoO62mQMtovWet93dkzSXEO"}],"group":"cf-nel","max_age":604800}', 'NEL': '{"success_fraction":0,"report_to":"cf-nel","max_age":604800}', 'Server': 'cloudflare', 'CF-RAY': '86790ac608521597-SJC', 'alt-svc': 'h3=":443"; ma=86400'} 
 body={"results":[{"gender":"male","name":{"title":"Mr","first":"Sigfried","last":"Krug"},"location":{"street":{"number":593,"name":"Grüner Weg"},"city":"Gunzenhausen","state":"Saarland","country":"Germany","postcode":98054,"coordinates":{"latitude":"-53.8330","longitude":"-0.4892"},"timezone":{"offset":"-5:00","description":"Eastern Time (US &amp; Canada), Bogota, Lima"}},"email":"sigfried.krug@example.com","login":{"uuid":"d73065bf-3bfd-40db-a838-2efb6f36cbbf","username":"brownleopard252","password":"kilroy","salt":"lU92dYUO","md5":"7fcc67bff8f01c1a41ccdf2eb619ab76","sha1":"2a3c4d286f6cbe246c3566901521d7caf39a3f60","sha256":"b11a19d0329a98de86a5f16cdb26457dca21494620830b50e0bbf01709cc66ef"},"dob":{"date":"1995-10-24T10:33:09.274Z","age":28},"registered":{"date":"2021-12-07T16:03:25.620Z","age":2},"phone":"0492-4777985","cell":"0170-1809850","id":{"name":"SVNR","value":"42 241095 K 457"},"picture":{"large":"https://randomuser.me/api/portraits/men/74.jpg","medium":"https://randomuser.me/api/portraits/med/men/74.jpg","thumbnail":"https://randomuser.me/api/portraits/thumb/men/74.jpg"},"nat":"DE"}],"info":{"seed":"01d1f4c9b19ff21d","results":1,"page":1,"version":"1.4"}} 
 </msg>
<msg time="2024-03-20T22:12:09.366264" level="INFO">/opt/hostedtoolcache/Python/3.12.2/x64/lib/python3.12/site-packages/urllib3/connectionpool.py:1103: InsecureRequestWarning: Unverified HTTPS request is being made to host 'randomuser.me'. Adding certificate verification is strongly advised. See: https://urllib3.readthedocs.io/en/latest/advanced-usage.html#tls-warnings
  warnings.warn(</msg>
<msg time="2024-03-20T22:12:09.366408" level="INFO">${response} = &lt;Response [200]&gt;</msg>
<var>${response}</var>
<arg>consultarAPI</arg>
<arg>/api</arg>
<doc>Sends a GET request on a previously created HTTP Session.</doc>
<status status="PASS" start="2024-03-20T22:12:09.280117" elapsed="0.086345"/>
</kw>
<kw name="Set Variable" owner="BuiltIn">
<msg time="2024-03-20T22:12:09.367283" level="INFO">${json_data} = {'results': [{'gender': 'male', 'name': {'title': 'Mr', 'first': 'Sigfried', 'last': 'Krug'}, 'location': {'street': {'number': 593, 'name': 'Grüner Weg'}, 'city': 'Gunzenhausen', 'state': 'Saarland',...</msg>
<var>${json_data}</var>
<arg>${response.json()}</arg>
<doc>Returns the given values which can then be assigned to a variables.</doc>
<status status="PASS" start="2024-03-20T22:12:09.366828" elapsed="0.000484"/>
</kw>
<kw name="Log" owner="BuiltIn">
<msg time="2024-03-20T22:12:09.367762" level="INFO">{'results': [{'gender': 'male', 'name': {'title': 'Mr', 'first': 'Sigfried', 'last': 'Krug'}, 'location': {'street': {'number': 593, 'name': 'Grüner Weg'}, 'city': 'Gunzenhausen', 'state': 'Saarland', 'country': 'Germany', 'postcode': 98054, 'coordinates': {'latitude': '-53.8330', 'longitude': '-0.4892'}, 'timezone': {'offset': '-5:00', 'description': 'Eastern Time (US &amp; Canada), Bogota, Lima'}}, 'email': 'sigfried.krug@example.com', 'login': {'uuid': 'd73065bf-3bfd-40db-a838-2efb6f36cbbf', 'username': 'brownleopard252', 'password': 'kilroy', 'salt': 'lU92dYUO', 'md5': '7fcc67bff8f01c1a41ccdf2eb619ab76', 'sha1': '2a3c4d286f6cbe246c3566901521d7caf39a3f60', 'sha256': 'b11a19d0329a98de86a5f16cdb26457dca21494620830b50e0bbf01709cc66ef'}, 'dob': {'date': '1995-10-24T10:33:09.274Z', 'age': 28}, 'registered': {'date': '2021-12-07T16:03:25.620Z', 'age': 2}, 'phone': '0492-4777985', 'cell': '0170-1809850', 'id': {'name': 'SVNR', 'value': '42 241095 K 457'}, 'picture': {'large': 'https://randomuser.me/api/portraits/men/74.jpg', 'medium': 'https://randomuser.me/api/portraits/med/men/74.jpg', 'thumbnail': 'https://randomuser.me/api/portraits/thumb/men/74.jpg'}, 'nat': 'DE'}], 'info': {'seed': '01d1f4c9b19ff21d', 'results': 1, 'page': 1, 'version': '1.4'}}</msg>
<arg>${json_data}</arg>
<doc>Logs the given message with the given level.</doc>
<status status="PASS" start="2024-03-20T22:12:09.367607" elapsed="0.000205"/>
</kw>
<kw name="Should Be Equal As Numbers" owner="BuiltIn">
<arg>${json_data['results'][0]['location']['postcode']}</arg>
<arg>${json_data['results'][0]['location']['postcode']}</arg>
<doc>Fails if objects are unequal after converting them to real numbers.</doc>
<status status="PASS" start="2024-03-20T22:12:09.368100" elapsed="0.000609"/>
</kw>
<kw name="Log" owner="BuiltIn">
<msg time="2024-03-20T22:12:09.369262" level="INFO">98054</msg>
<arg>${json_data['results'][0]['location']['postcode']}</arg>
<doc>Logs the given message with the given level.</doc>
<status status="PASS" start="2024-03-20T22:12:09.368925" elapsed="0.000378"/>
</kw>
<status status="PASS" start="2024-03-20T22:12:09.279908" elapsed="0.089658"/>
</kw>
<doc>Testa se os tipos de dados na resposta da API estão corretos.</doc>
<tag>testeTiposDados</tag>
<status status="PASS" start="2024-03-20T22:12:09.181645" elapsed="0.188080"/>
</test>
<test id="s1-s1-t5" name="Validar conteudo" line="46">
<kw name="Teste de Tipos de Conteudo">
<kw name="GET On Session" owner="RequestsLibrary">
<msg time="2024-03-20T22:12:09.473601" level="INFO">GET Request : url=https://randomuser.me/api 
 path_url=/api 
 headers={'User-Agent': 'python-requests/2.31.0', 'Accept-Encoding': 'gzip, deflate', 'Accept': '*/*', 'Connection': 'keep-alive'} 
 body=None 
 </msg>
<msg time="2024-03-20T22:12:09.473689" level="INFO">GET Response : url=https://randomuser.me/api 
 status=200, reason=OK 
 headers={'Date': 'Wed, 20 Mar 2024 22:12:09 GMT', 'Content-Type': 'application/json; charset=utf-8', 'Transfer-Encoding': 'chunked', 'Connection': 'keep-alive', 'X-Powered-By': 'Express', 'Access-Control-Allow-Origin': '*', 'Cache-Control': 'no-cache', 'ETag': 'W/"478-lP2912prYPYEqucSnO8PX98vhxQ"', 'Vary': 'Accept-Encoding', 'Content-Encoding': 'gzip', 'CF-Cache-Status': 'DYNAMIC', 'Report-To': '{"endpoints":[{"url":"https:\\/\\/a.nel.cloudflare.com\\/report\\/v4?s=bcsrWqUKErvQiGXFm2gTroZztwrTk17OoQViEPbK4MzXtdrsL%2FOLB9ozD7WHUW2T2AIJ%2BCFEhAXoHsfgrBes89O9%2BgYy6%2BfeLanFDgGAC7WtPhvRzSBE8L78cmR%2FMjHc"}],"group":"cf-nel","max_age":604800}', 'NEL': '{"success_fraction":0,"report_to":"cf-nel","max_age":604800}', 'Server': 'cloudflare', 'CF-RAY': '86790ac698d11597-SJC', 'alt-svc': 'h3=":443"; ma=86400'} 
 body={"results":[{"gender":"male","name":{"title":"Mr","first":"محمد","last":"حسینی"},"location":{"street":{"number":4670,"name":"دکتر فاطمی"},"city":"سیرجان","state":"اردبیل","country":"Iran","postcode":18736,"coordinates":{"latitude":"15.1846","longitude":"-16.8106"},"timezone":{"offset":"-9:00","description":"Alaska"}},"email":"mhmd.hsyny@example.com","login":{"uuid":"b1174911-de95-4c18-8fdb-0c8c14a5b84b","username":"ticklishpeacock117","password":"warning","salt":"23MwXfHs","md5":"99487210e4895c0c1c77fc8be713c3f4","sha1":"e32f941458d1580766ec7522a5c65a299d61ce3a","sha256":"4e81a159278b028ece356a0d1b386d8b8aa6f5809195be6e37ab7aaab33cf7c6"},"dob":{"date":"1987-05-31T13:14:16.212Z","age":36},"registered":{"date":"2012-10-24T22:41:57.932Z","age":11},"phone":"013-63753628","cell":"0985-689-8099","id":{"name":"","value":null},"picture":{"large":"https://randomuser.me/api/portraits/men/78.jpg","medium":"https://randomuser.me/api/portraits/med/men/78.jpg","thumbnail":"https://randomuser.me/api/portraits/thumb/men/78.jpg"},"nat":"IR"}],"info":{"seed":"c5d84ae73c90fee3","results":1,"page":1,"version":"1.4"}} 
 </msg>
<msg time="2024-03-20T22:12:09.473771" level="INFO">/opt/hostedtoolcache/Python/3.12.2/x64/lib/python3.12/site-packages/urllib3/connectionpool.py:1103: InsecureRequestWarning: Unverified HTTPS request is being made to host 'randomuser.me'. Adding certificate verification is strongly advised. See: https://urllib3.readthedocs.io/en/latest/advanced-usage.html#tls-warnings
  warnings.warn(</msg>
<msg time="2024-03-20T22:12:09.473889" level="INFO">${response} = &lt;Response [200]&gt;</msg>
<var>${response}</var>
<arg>consultarAPI</arg>
<arg>/api</arg>
<doc>Sends a GET request on a previously created HTTP Session.</doc>
<status status="PASS" start="2024-03-20T22:12:09.372218" elapsed="0.101710"/>
</kw>
<kw name="Set Variable" owner="BuiltIn">
<msg time="2024-03-20T22:12:09.474774" level="INFO">${json_data} = {'results': [{'gender': 'male', 'name': {'title': 'Mr', 'first': 'محمد', 'last': 'حسینی'}, 'location': {'street': {'number': 4670, 'name': 'دکتر فاطمی'}, 'city': 'سیرجان', 'state': 'اردبیل', 'country'...</msg>
<var>${json_data}</var>
<arg>${response.json()}</arg>
<doc>Returns the given values which can then be assigned to a variables.</doc>
<status status="PASS" start="2024-03-20T22:12:09.474304" elapsed="0.000501"/>
</kw>
<kw name="Set Variable" owner="BuiltIn">
<msg time="2024-03-20T22:12:09.475499" level="INFO">${name_title} = Mr</msg>
<var>${name_title}</var>
<arg>${json_data["results"][0]["name"]["title"]}</arg>
<doc>Returns the given values which can then be assigned to a variables.</doc>
<status status="PASS" start="2024-03-20T22:12:09.475109" elapsed="0.000416"/>
</kw>
<kw name="Create List" owner="BuiltIn">
<msg time="2024-03-20T22:12:09.475973" level="INFO">${allowed_titles} = ['Mr', 'Ms', 'Miss', 'Mrs', 'Madame', 'Monsieur']</msg>
<var>${allowed_titles}</var>
<arg>Mr</arg>
<arg>Ms</arg>
<arg>Miss</arg>
<arg>Mrs</arg>
<arg>Madame</arg>
<arg>Monsieur</arg>
<doc>Returns a list containing given items.</doc>
<status status="PASS" start="2024-03-20T22:12:09.475821" elapsed="0.000177"/>
</kw>
<kw name="List Should Contain Value" owner="Collections">
<msg time="2024-03-20T22:12:09.476458" level="INFO">False</msg>
<arg>${allowed_titles}</arg>
<arg>${name_title}</arg>
<doc>Fails if the ``value`` is not found from ``list``.</doc>
<status status="PASS" start="2024-03-20T22:12:09.476290" elapsed="0.000204"/>
</kw>
<kw name="Set Variable" owner="BuiltIn">
<msg time="2024-03-20T22:12:09.477165" level="INFO">${name_country} = IR</msg>
<var>${name_country}</var>
<arg>${json_data["results"][0]["nat"]}</arg>
<doc>Returns the given values which can then be assigned to a variables.</doc>
<status status="PASS" start="2024-03-20T22:12:09.476789" elapsed="0.000400"/>
</kw>
<kw name="Create List" owner="BuiltIn">
<msg time="2024-03-20T22:12:09.478086" level="INFO">${list_country} = ['AD', 'AE', 'AF', 'AG', 'AI', 'AL', 'AM', 'AO', 'AQ', 'AR', 'AS', 'AT', 'AU', 'AW', 'AX', 'AZ', 'BA', 'BB', 'BD', 'BE', 'BF', 'BG', 'BH', 'BI', 'BJ', 'BL', 'BM', 'BN', 'BO', 'BQ', 'BR', 'BS', 'BT', '...</msg>
<var>${list_country}</var>
<arg>AD</arg>
<arg>AE</arg>
<arg>AF</arg>
<arg>AG</arg>
<arg>AI</arg>
<arg>AL</arg>
<arg>AM</arg>
<arg>AO</arg>
<arg>AQ</arg>
<arg>AR</arg>
<arg>AS</arg>
<arg>AT</arg>
<arg>AU</arg>
<arg>AW</arg>
<arg>AX</arg>
<arg>AZ</arg>
<arg>BA</arg>
<arg>BB</arg>
<arg>BD</arg>
<arg>BE</arg>
<arg>BF</arg>
<arg>BG</arg>
<arg>BH</arg>
<arg>BI</arg>
<arg>BJ</arg>
<arg>BL</arg>
<arg>BM</arg>
<arg>BN</arg>
<arg>BO</arg>
<arg>BQ</arg>
<arg>BR</arg>
<arg>BS</arg>
<arg>BT</arg>
<arg>BV</arg>
<arg>BW</arg>
<arg>BY</arg>
<arg>BZ</arg>
<arg>CA</arg>
<arg>CC</arg>
<arg>CD</arg>
<arg>CF</arg>
<arg>CG</arg>
<arg>CH</arg>
<arg>CI</arg>
<arg>CK</arg>
<arg>CL</arg>
<arg>CM</arg>
<arg>CN</arg>
<arg>CO</arg>
<arg>CR</arg>
<arg>CU</arg>
<arg>CV</arg>
<arg>CW</arg>
<arg>CX</arg>
<arg>CY</arg>
<arg>CZ</arg>
<arg>DE</arg>
<arg>DJ</arg>
<arg>DK</arg>
<arg>DM</arg>
<arg>DO</arg>
<arg>DZ</arg>
<arg>EC</arg>
<arg>EE</arg>
<arg>EG</arg>
<arg>EH</arg>
<arg>ER</arg>
<arg>ES</arg>
<arg>ET</arg>
<arg>FI</arg>
<arg>FJ</arg>
<arg>FK</arg>
<arg>FM</arg>
<arg>FO</arg>
<arg>FR</arg>
<arg>GA</arg>
<arg>GB</arg>
<arg>GD</arg>
<arg>GE</arg>
<arg>GF</arg>
<arg>GG</arg>
<arg>GH</arg>
<arg>GI</arg>
<arg>GL</arg>
<arg>GM</arg>
<arg>GN</arg>
<arg>GP</arg>
<arg>GQ</arg>
<arg>GR</arg>
<arg>GS</arg>
<arg>GT</arg>
<arg>GU</arg>
<arg>GW</arg>
<arg>GY</arg>
<arg>HK</arg>
<arg>HM</arg>
<arg>HN</arg>
<arg>HR</arg>
<arg>HT</arg>
<arg>HU</arg>
<arg>ID</arg>
<arg>IE</arg>
<arg>IL</arg>
<arg>IM</arg>
<arg>IN</arg>
<arg>IO</arg>
<arg>IQ</arg>
<arg>IR</arg>
<arg>IS</arg>
<arg>IT</arg>
<arg>JE</arg>
<arg>JM</arg>
<arg>JO</arg>
<arg>JP</arg>
<arg>KE</arg>
<arg>KG</arg>
<arg>KH</arg>
<arg>KI</arg>
<arg>KM</arg>
<arg>KN</arg>
<arg>KP</arg>
<arg>KR</arg>
<arg>KW</arg>
<arg>KY</arg>
<arg>KZ</arg>
<arg>LA</arg>
<arg>LB</arg>
<arg>LC</arg>
<arg>LI</arg>
<arg>LK</arg>
<arg>LR</arg>
<arg>LS</arg>
<arg>LT</arg>
<arg>LU</arg>
<arg>LV</arg>
<arg>LY</arg>
<arg>MA</arg>
<arg>MC</arg>
<arg>MD</arg>
<arg>ME</arg>
<arg>MF</arg>
<arg>MG</arg>
<arg>MH</arg>
<arg>MK</arg>
<arg>ML</arg>
<arg>MM</arg>
<arg>MN</arg>
<arg>MO</arg>
<arg>MP</arg>
<arg>MQ</arg>
<arg>MR</arg>
<arg>MS</arg>
<arg>MT</arg>
<arg>MU</arg>
<arg>MV</arg>
<arg>MW</arg>
<arg>MX</arg>
<arg>MY</arg>
<arg>MZ</arg>
<arg>NA</arg>
<arg>NC</arg>
<arg>NE</arg>
<arg>NF</arg>
<arg>NG</arg>
<arg>NI</arg>
<arg>NL</arg>
<arg>NO</arg>
<arg>NP</arg>
<arg>NR</arg>
<arg>NU</arg>
<arg>NZ</arg>
<arg>OM</arg>
<arg>PA</arg>
<arg>PE</arg>
<arg>PF</arg>
<arg>PG</arg>
<arg>PH</arg>
<arg>PK</arg>
<arg>PL</arg>
<arg>PM</arg>
<arg>PN</arg>
<arg>PR</arg>
<arg>PS</arg>
<arg>PT</arg>
<arg>PW</arg>
<arg>PY</arg>
<arg>QA</arg>
<arg>RE</arg>
<arg>RO</arg>
<arg>RS</arg>
<arg>RU</arg>
<arg>RW</arg>
<arg>SA</arg>
<arg>SB</arg>
<arg>SC</arg>
<arg>SD</arg>
<arg>SE</arg>
<arg>SG</arg>
<arg>SH</arg>
<arg>SI</arg>
<arg>SJ</arg>
<arg>SK</arg>
<arg>SL</arg>
<arg>SM</arg>
<arg>SN</arg>
<arg>SO</arg>
<arg>SR</arg>
<arg>SS</arg>
<arg>ST</arg>
<arg>SV</arg>
<arg>SX</arg>
<arg>SY</arg>
<arg>SZ</arg>
<arg>TC</arg>
<arg>TD</arg>
<arg>TF</arg>
<arg>TG</arg>
<arg>TH</arg>
<arg>TJ</arg>
<arg>TK</arg>
<arg>TL</arg>
<arg>TM</arg>
<arg>TN</arg>
<arg>TO</arg>
<arg>TR</arg>
<arg>TT</arg>
<arg>TV</arg>
<arg>TW</arg>
<arg>TZ</arg>
<arg>UA</arg>
<arg>UG</arg>
<arg>UM</arg>
<arg>US</arg>
<arg>UY</arg>
<arg>UZ</arg>
<arg>VA</arg>
<arg>VC</arg>
<arg>VE</arg>
<arg>VG</arg>
<arg>VI</arg>
<arg>VN</arg>
<arg>VU</arg>
<arg>WF</arg>
<arg>WS</arg>
<arg>XK</arg>
<arg>YE</arg>
<arg>YT</arg>
<arg>ZA</arg>
<arg>ZM</arg>
<arg>ZW</arg>
<doc>Returns a list containing given items.</doc>
<status status="PASS" start="2024-03-20T22:12:09.477485" elapsed="0.000627"/>
</kw>
<kw name="List Should Contain Value" owner="Collections">
<msg time="2024-03-20T22:12:09.479278" level="INFO">False</msg>
<arg>${list_country}</arg>
<arg>${name_country}</arg>
<doc>Fails if the ``value`` is not found from ``list``.</doc>
<status status="PASS" start="2024-03-20T22:12:09.479070" elapsed="0.000245"/>
</kw>
<kw name="Run Keyword If" owner="BuiltIn">
<kw name="Should Be True" owner="BuiltIn">
<arg>${True}</arg>
<doc>Fails if the given condition is not true.</doc>
<status status="PASS" start="2024-03-20T22:12:09.480360" elapsed="0.000145"/>
</kw>
<arg>${json_data["results"][0]["location"]["coordinates"]["latitude"]} &gt;= -90 and ${json_data["results"][0]["location"]["coordinates"]["latitude"]} &lt;= 90</arg>
<arg>Should Be True</arg>
<arg>${True}</arg>
<doc>Runs the given keyword with the given arguments, if ``condition`` is true.</doc>
<status status="PASS" start="2024-03-20T22:12:09.479620" elapsed="0.001015"/>
</kw>
<kw name="Run Keyword If" owner="BuiltIn">
<kw name="Should Be True" owner="BuiltIn">
<arg>${True}</arg>
<doc>Fails if the given condition is not true.</doc>
<status status="PASS" start="2024-03-20T22:12:09.481505" elapsed="0.000138"/>
</kw>
<arg>${json_data["results"][0]["location"]["coordinates"]["longitude"]} &gt;= -180 and ${json_data["results"][0]["location"]["coordinates"]["longitude"]} &lt;= 180</arg>
<arg>Should Be True</arg>
<arg>${True}</arg>
<doc>Runs the given keyword with the given arguments, if ``condition`` is true.</doc>
<status status="PASS" start="2024-03-20T22:12:09.480823" elapsed="0.000948"/>
</kw>
<status status="PASS" start="2024-03-20T22:12:09.372002" elapsed="0.109901"/>
</kw>
<doc>Testa o conteúdo específico dos campos retornados pela API.</doc>
<tag>testeConteudo</tag>
<status status="PASS" start="2024-03-20T22:12:09.371502" elapsed="0.110549"/>
</test>
<status status="PASS" start="2024-03-20T22:12:08.553024" elapsed="0.931033"/>
</suite>
<status status="PASS" start="2024-03-20T22:12:08.539646" elapsed="0.949751"/>
</suite>
<statistics>
<total>
<stat pass="5" fail="0" skip="0">All Tests</stat>
</total>
<tag>
<stat pass="1" fail="0" skip="0">testeConteudo</stat>
<stat pass="1" fail="0" skip="0">testeEstruturaResposta</stat>
<stat pass="1" fail="0" skip="0">testeRequisicaoBasica</stat>
<stat pass="1" fail="0" skip="0">testeTiposDados</stat>
</tag>
<suite>
<stat pass="5" fail="0" skip="0" id="s1" name="Tests">Tests</stat>
<stat pass="5" fail="0" skip="0" id="s1-s1" name="Random-User-Test">Tests.Random-User-Test</stat>
</suite>
</statistics>
<errors>
</errors>
</robot>
