<?xml version="1.0" encoding="UTF-8"?>
<robot generator="Robot 7.0 (Python 3.12.3 on linux)" generated="2024-05-21T18:18:35.821617" rpa="false" schemaversion="5">
<suite id="s1" name="Tests" source="/home/runner/work/DesafioQAItauRogerioJordao/DesafioQAItauRogerioJordao/RamdonUser/tests">
<suite id="s1-s1" name="Random-User-Test" source="/home/runner/work/DesafioQAItauRogerioJordao/DesafioQAItauRogerioJordao/RamdonUser/tests/random-user-test.robot">
<test id="s1-s1-t1" name="Conectar" line="13">
<kw name="Conectar API" owner="random-user-service">
<kw name="Create Session" owner="RequestsLibrary">
<msg time="2024-05-21T18:18:36.220854" level="INFO">Creating Session using : alias=consultarAPI, url=https://randomuser.me/, headers={},                     cookies={}, auth=None, timeout=None, proxies=None, verify=False,                     debug=0 </msg>
<arg>consultarAPI</arg>
<arg>${URL}</arg>
<doc>Create Session: create a HTTP session to a server</doc>
<status status="PASS" start="2024-05-21T18:18:36.220641" elapsed="0.000413"/>
</kw>
<status status="PASS" start="2024-05-21T18:18:36.219582" elapsed="0.001850"/>
</kw>
<status status="PASS" start="2024-05-21T18:18:36.218976" elapsed="0.002654"/>
</test>
<test id="s1-s1-t2" name="Validar retorno 200 e JSON Válido" line="16">
<kw name="Teste de Requisicao Basica" owner="random-user-service">
<kw name="GET On Session" owner="RequestsLibrary">
<msg time="2024-05-21T18:18:36.316504" level="INFO">GET Request : url=https://randomuser.me/api 
 path_url=/api 
 headers={'User-Agent': 'python-requests/2.32.1', 'Accept-Encoding': 'gzip, deflate', 'Accept': '*/*', 'Connection': 'keep-alive'} 
 body=None 
 </msg>
<msg time="2024-05-21T18:18:36.316666" level="INFO">GET Response : url=https://randomuser.me/api 
 status=200, reason=OK 
 headers={'Date': 'Tue, 21 May 2024 18:18:36 GMT', 'Content-Type': 'application/json; charset=utf-8', 'Transfer-Encoding': 'chunked', 'Connection': 'keep-alive', 'X-Powered-By': 'Express', 'Access-Control-Allow-Origin': '*', 'Cache-Control': 'no-cache', 'ETag': 'W/"497-QLkHrWIJ0gfH0Z79xMSQ57NYnno"', 'Vary': 'Accept-Encoding', 'Content-Encoding': 'gzip', 'CF-Cache-Status': 'DYNAMIC', 'Report-To': '{"endpoints":[{"url":"https:\\/\\/a.nel.cloudflare.com\\/report\\/v4?s=w2ZBzQ4H54z8%2F2CgvJyGu%2B3RcE%2Fg3msAk0%2Bkjbeu9OX2%2BMWlkaUuGbjOZdVID8Dyhp%2FWbWJ5gbKnoLg9TwTZwPnsk7myVvnvD7RPEkZZM2ZGmgJaZqhonP7JgPg4uSg6"}],"group":"cf-nel","max_age":604800}', 'NEL': '{"success_fraction":0,"report_to":"cf-nel","max_age":604800}', 'Server': 'cloudflare', 'CF-RAY': '887691e8afd78137-ORD', 'alt-svc': 'h3=":443"; ma=86400'} 
 body={"results":[{"gender":"male","name":{"title":"Mr","first":"Lauri","last":"Walli"},"location":{"street":{"number":8625,"name":"Hämeentie"},"city":"Karjalohja","state":"Northern Savonia","country":"Finland","postcode":96872,"coordinates":{"latitude":"-25.0515","longitude":"-27.4895"},"timezone":{"offset":"+4:00","description":"Abu Dhabi, Muscat, Baku, Tbilisi"}},"email":"lauri.walli@example.com","login":{"uuid":"7f9d437f-3cf2-4db3-96bc-ea8ab5032815","username":"silverrabbit896","password":"hastings","salt":"mW8jYUmu","md5":"ab1d8d242532e9faec3578d2b09cdaaa","sha1":"b931db9ab16450e4e808ab226a0def4e102a8f1a","sha256":"e3a7e1ed1f10cbfefb2a58c6b9aa1f28f9843da896bc9003d9fad60bbdf1ab4b"},"dob":{"date":"1980-09-08T22:41:19.351Z","age":43},"registered":{"date":"2013-06-01T03:04:58.709Z","age":10},"phone":"07-302-150","cell":"043-497-10-51","id":{"name":"HETU","value":"NaNNA757undefined"},"picture":{"large":"https://randomuser.me/api/portraits/men/64.jpg","medium":"https://randomuser.me/api/portraits/med/men/64.jpg","thumbnail":"https://randomuser.me/api/portraits/thumb/men/64.jpg"},"nat":"FI"}],"info":{"seed":"3cb692b9945a70c6","results":1,"page":1,"version":"1.4"}} 
 </msg>
<msg time="2024-05-21T18:18:36.316757" level="INFO">/opt/hostedtoolcache/Python/3.12.3/x64/lib/python3.12/site-packages/urllib3/connectionpool.py:1103: InsecureRequestWarning: Unverified HTTPS request is being made to host 'randomuser.me'. Adding certificate verification is strongly advised. See: https://urllib3.readthedocs.io/en/latest/advanced-usage.html#tls-warnings
  warnings.warn(</msg>
<msg time="2024-05-21T18:18:36.316912" level="INFO">${response} = &lt;Response [200]&gt;</msg>
<var>${response}</var>
<arg>consultarAPI</arg>
<arg>/api</arg>
<doc>Sends a GET request on a previously created HTTP Session.</doc>
<status status="PASS" start="2024-05-21T18:18:36.224373" elapsed="0.092583"/>
</kw>
<kw name="Should Be Equal As Numbers" owner="BuiltIn">
<msg time="2024-05-21T18:18:36.317973" level="INFO">Argument types are:
&lt;class 'int'&gt;
&lt;class 'str'&gt;</msg>
<arg>${response.status_code}</arg>
<arg>200</arg>
<doc>Fails if objects are unequal after converting them to real numbers.</doc>
<status status="PASS" start="2024-05-21T18:18:36.317513" elapsed="0.000529"/>
</kw>
<kw name="Log" owner="BuiltIn">
<msg time="2024-05-21T18:18:36.318757" level="INFO">200</msg>
<arg>${response.status_code}</arg>
<doc>Logs the given message with the given level.</doc>
<status status="PASS" start="2024-05-21T18:18:36.318393" elapsed="0.000412"/>
</kw>
<kw name="Set Variable" owner="BuiltIn">
<msg time="2024-05-21T18:18:36.319572" level="INFO">${json_data} = {'results': [{'gender': 'male', 'name': {'title': 'Mr', 'first': 'Lauri', 'last': 'Walli'}, 'location': {'street': {'number': 8625, 'name': 'Hämeentie'}, 'city': 'Karjalohja', 'state': 'Northern Savon...</msg>
<var>${json_data}</var>
<arg>${response.json()}</arg>
<doc>Returns the given values which can then be assigned to a variables.</doc>
<status status="PASS" start="2024-05-21T18:18:36.319122" elapsed="0.000481"/>
</kw>
<kw name="Dictionary Should Contain Key" owner="Collections">
<msg time="2024-05-21T18:18:36.320120" level="INFO">False</msg>
<arg>${json_data}</arg>
<arg>results</arg>
<doc>Fails if ``key`` is not found from ``dictionary``.</doc>
<status status="PASS" start="2024-05-21T18:18:36.319944" elapsed="0.000215"/>
</kw>
<status status="PASS" start="2024-05-21T18:18:36.224123" elapsed="0.096313"/>
</kw>
<doc>Testa se a API responde corretamente e retorna um objeto JSON válido.</doc>
<tag>testeRequisicaoBasica</tag>
<status status="PASS" start="2024-05-21T18:18:36.223534" elapsed="0.097093"/>
</test>
<test id="s1-s1-t3" name="Validar estrutura de resposta" line="22">
<kw name="Teste de Estrutura de Resposta" owner="random-user-service">
<kw name="GET On Session" owner="RequestsLibrary">
<msg time="2024-05-21T18:18:36.996746" level="INFO">GET Request : url=https://randomuser.me/api 
 path_url=/api 
 headers={'User-Agent': 'python-requests/2.32.1', 'Accept-Encoding': 'gzip, deflate', 'Accept': '*/*', 'Connection': 'keep-alive'} 
 body=None 
 </msg>
<msg time="2024-05-21T18:18:36.996853" level="INFO">GET Response : url=https://randomuser.me/api 
 status=200, reason=OK 
 headers={'Date': 'Tue, 21 May 2024 18:18:36 GMT', 'Content-Type': 'application/json; charset=utf-8', 'Transfer-Encoding': 'chunked', 'Connection': 'keep-alive', 'X-Powered-By': 'Express', 'Access-Control-Allow-Origin': '*', 'Cache-Control': 'no-cache', 'ETag': 'W/"490-QuXyBdL3JYrlMC3C++GSFvgu9so"', 'Vary': 'Accept-Encoding', 'Content-Encoding': 'gzip', 'CF-Cache-Status': 'DYNAMIC', 'Report-To': '{"endpoints":[{"url":"https:\\/\\/a.nel.cloudflare.com\\/report\\/v4?s=YVdQ8LXUDt0BH8qzMeKmRbsDkuTUdtNA0srXU0LtjRoy2%2FE7lpCSl6WnDbAPq84gNB9lqFyjHh4NJMAd2YF%2FJD9z%2FepIgpm86bp3d1iPSw49YX2ISiR3kxLbftbUe1gR"}],"group":"cf-nel","max_age":604800}', 'NEL': '{"success_fraction":0,"report_to":"cf-nel","max_age":604800}', 'Server': 'cloudflare', 'CF-RAY': '887691e908338137-ORD', 'alt-svc': 'h3=":443"; ma=86400'} 
 body={"results":[{"gender":"female","name":{"title":"Ms","first":"Linnea","last":"Remes"},"location":{"street":{"number":1258,"name":"Aleksanterinkatu"},"city":"Mäntsälä","state":"Northern Ostrobothnia","country":"Finland","postcode":15807,"coordinates":{"latitude":"-29.6425","longitude":"7.7182"},"timezone":{"offset":"-2:00","description":"Mid-Atlantic"}},"email":"linnea.remes@example.com","login":{"uuid":"7cc52086-1705-4840-b65b-66521ccfcb5c","username":"sadgorilla463","password":"fields","salt":"DduHqaDy","md5":"7698c92446472ae5b54964bdb32864fb","sha1":"141e497df02b7efa0cd87f041ef91c916f35013c","sha256":"5d50652a3cd4f8c7ce71d49ef7ad52b4b0d7290243d643383eb97391ca50936c"},"dob":{"date":"1965-08-20T05:09:56.735Z","age":58},"registered":{"date":"2005-10-16T23:54:55.837Z","age":18},"phone":"08-797-738","cell":"046-776-32-51","id":{"name":"HETU","value":"NaNNA452undefined"},"picture":{"large":"https://randomuser.me/api/portraits/women/9.jpg","medium":"https://randomuser.me/api/portraits/med/women/9.jpg","thumbnail":"https://randomuser.me/api/portraits/thumb/women/9.jpg"},"nat":"FI"}],"info":{"seed":"f2f2fb1d355eb917","results":1,"page":1,"version":"1.4"}} 
 </msg>
<msg time="2024-05-21T18:18:36.996983" level="INFO">/opt/hostedtoolcache/Python/3.12.3/x64/lib/python3.12/site-packages/urllib3/connectionpool.py:1103: InsecureRequestWarning: Unverified HTTPS request is being made to host 'randomuser.me'. Adding certificate verification is strongly advised. See: https://urllib3.readthedocs.io/en/latest/advanced-usage.html#tls-warnings
  warnings.warn(</msg>
<msg time="2024-05-21T18:18:36.997122" level="INFO">${response} = &lt;Response [200]&gt;</msg>
<var>${response}</var>
<arg>consultarAPI</arg>
<arg>/api</arg>
<doc>Sends a GET request on a previously created HTTP Session.</doc>
<status status="PASS" start="2024-05-21T18:18:36.323299" elapsed="0.673861"/>
</kw>
<kw name="Set Variable" owner="BuiltIn">
<msg time="2024-05-21T18:18:36.998198" level="INFO">${json_data} = {'results': [{'gender': 'female', 'name': {'title': 'Ms', 'first': 'Linnea', 'last': 'Remes'}, 'location': {'street': {'number': 1258, 'name': 'Aleksanterinkatu'}, 'city': 'Mäntsälä', 'state': 'Northe...</msg>
<var>${json_data}</var>
<arg>${response.json()}</arg>
<doc>Returns the given values which can then be assigned to a variables.</doc>
<status status="PASS" start="2024-05-21T18:18:36.997663" elapsed="0.000565"/>
</kw>
<kw name="Log" owner="BuiltIn">
<msg time="2024-05-21T18:18:36.998710" level="INFO">{'results': [{'gender': 'female', 'name': {'title': 'Ms', 'first': 'Linnea', 'last': 'Remes'}, 'location': {'street': {'number': 1258, 'name': 'Aleksanterinkatu'}, 'city': 'Mäntsälä', 'state': 'Northern Ostrobothnia', 'country': 'Finland', 'postcode': 15807, 'coordinates': {'latitude': '-29.6425', 'longitude': '7.7182'}, 'timezone': {'offset': '-2:00', 'description': 'Mid-Atlantic'}}, 'email': 'linnea.remes@example.com', 'login': {'uuid': '7cc52086-1705-4840-b65b-66521ccfcb5c', 'username': 'sadgorilla463', 'password': 'fields', 'salt': 'DduHqaDy', 'md5': '7698c92446472ae5b54964bdb32864fb', 'sha1': '141e497df02b7efa0cd87f041ef91c916f35013c', 'sha256': '5d50652a3cd4f8c7ce71d49ef7ad52b4b0d7290243d643383eb97391ca50936c'}, 'dob': {'date': '1965-08-20T05:09:56.735Z', 'age': 58}, 'registered': {'date': '2005-10-16T23:54:55.837Z', 'age': 18}, 'phone': '08-797-738', 'cell': '046-776-32-51', 'id': {'name': 'HETU', 'value': 'NaNNA452undefined'}, 'picture': {'large': 'https://randomuser.me/api/portraits/women/9.jpg', 'medium': 'https://randomuser.me/api/portraits/med/women/9.jpg', 'thumbnail': 'https://randomuser.me/api/portraits/thumb/women/9.jpg'}, 'nat': 'FI'}], 'info': {'seed': 'f2f2fb1d355eb917', 'results': 1, 'page': 1, 'version': '1.4'}}</msg>
<arg>${json_data}</arg>
<doc>Logs the given message with the given level.</doc>
<status status="PASS" start="2024-05-21T18:18:36.998543" elapsed="0.000224"/>
</kw>
<kw name="Dictionary Should Contain Key" owner="Collections">
<msg time="2024-05-21T18:18:36.999234" level="INFO">False</msg>
<arg>${json_data}</arg>
<arg>results</arg>
<doc>Fails if ``key`` is not found from ``dictionary``.</doc>
<status status="PASS" start="2024-05-21T18:18:36.999072" elapsed="0.000200"/>
</kw>
<kw name="Should Not Be Empty" owner="BuiltIn">
<msg time="2024-05-21T18:18:36.999745" level="INFO">Length is 2.</msg>
<arg>${json_data}</arg>
<doc>Verifies that the given item is not empty.</doc>
<status status="PASS" start="2024-05-21T18:18:36.999572" elapsed="0.000220"/>
</kw>
<kw name="Create List" owner="BuiltIn">
<msg time="2024-05-21T18:18:37.000414" level="INFO">${expected_keys} = ['gender', 'name', 'location', 'email', 'login']</msg>
<var>${expected_keys}</var>
<arg>gender</arg>
<arg>name</arg>
<arg>location</arg>
<arg>email</arg>
<arg>login</arg>
<doc>Returns a list containing given items.</doc>
<status status="PASS" start="2024-05-21T18:18:37.000095" elapsed="0.000346"/>
</kw>
<for flavor="IN">
<iter>
<kw name="Dictionary Should Contain Key" owner="Collections">
<msg time="2024-05-21T18:18:37.001457" level="INFO">False</msg>
<arg>${json_data['results'][0]}</arg>
<arg>${key}</arg>
<doc>Fails if ``key`` is not found from ``dictionary``.</doc>
<status status="PASS" start="2024-05-21T18:18:37.001047" elapsed="0.000450"/>
</kw>
<kw name="Log" owner="BuiltIn">
<msg time="2024-05-21T18:18:37.002176" level="INFO">{'gender': 'female', 'name': {'title': 'Ms', 'first': 'Linnea', 'last': 'Remes'}, 'location': {'street': {'number': 1258, 'name': 'Aleksanterinkatu'}, 'city': 'Mäntsälä', 'state': 'Northern Ostrobothnia', 'country': 'Finland', 'postcode': 15807, 'coordinates': {'latitude': '-29.6425', 'longitude': '7.7182'}, 'timezone': {'offset': '-2:00', 'description': 'Mid-Atlantic'}}, 'email': 'linnea.remes@example.com', 'login': {'uuid': '7cc52086-1705-4840-b65b-66521ccfcb5c', 'username': 'sadgorilla463', 'password': 'fields', 'salt': 'DduHqaDy', 'md5': '7698c92446472ae5b54964bdb32864fb', 'sha1': '141e497df02b7efa0cd87f041ef91c916f35013c', 'sha256': '5d50652a3cd4f8c7ce71d49ef7ad52b4b0d7290243d643383eb97391ca50936c'}, 'dob': {'date': '1965-08-20T05:09:56.735Z', 'age': 58}, 'registered': {'date': '2005-10-16T23:54:55.837Z', 'age': 18}, 'phone': '08-797-738', 'cell': '046-776-32-51', 'id': {'name': 'HETU', 'value': 'NaNNA452undefined'}, 'picture': {'large': 'https://randomuser.me/api/portraits/women/9.jpg', 'medium': 'https://randomuser.me/api/portraits/med/women/9.jpg', 'thumbnail': 'https://randomuser.me/api/portraits/thumb/women/9.jpg'}, 'nat': 'FI'}</msg>
<arg>${json_data['results'][0]}</arg>
<doc>Logs the given message with the given level.</doc>
<status status="PASS" start="2024-05-21T18:18:37.001808" elapsed="0.000419"/>
</kw>
<kw name="Log" owner="BuiltIn">
<msg time="2024-05-21T18:18:37.002664" level="INFO">gender</msg>
<arg>${key}</arg>
<doc>Logs the given message with the given level.</doc>
<status status="PASS" start="2024-05-21T18:18:37.002531" elapsed="0.000171"/>
</kw>
<var name="${key}">gender</var>
<status status="PASS" start="2024-05-21T18:18:37.000915" elapsed="0.002007"/>
</iter>
<iter>
<kw name="Dictionary Should Contain Key" owner="Collections">
<msg time="2024-05-21T18:18:37.003627" level="INFO">False</msg>
<arg>${json_data['results'][0]}</arg>
<arg>${key}</arg>
<doc>Fails if ``key`` is not found from ``dictionary``.</doc>
<status status="PASS" start="2024-05-21T18:18:37.003236" elapsed="0.000429"/>
</kw>
<kw name="Log" owner="BuiltIn">
<msg time="2024-05-21T18:18:37.004382" level="INFO">{'gender': 'female', 'name': {'title': 'Ms', 'first': 'Linnea', 'last': 'Remes'}, 'location': {'street': {'number': 1258, 'name': 'Aleksanterinkatu'}, 'city': 'Mäntsälä', 'state': 'Northern Ostrobothnia', 'country': 'Finland', 'postcode': 15807, 'coordinates': {'latitude': '-29.6425', 'longitude': '7.7182'}, 'timezone': {'offset': '-2:00', 'description': 'Mid-Atlantic'}}, 'email': 'linnea.remes@example.com', 'login': {'uuid': '7cc52086-1705-4840-b65b-66521ccfcb5c', 'username': 'sadgorilla463', 'password': 'fields', 'salt': 'DduHqaDy', 'md5': '7698c92446472ae5b54964bdb32864fb', 'sha1': '141e497df02b7efa0cd87f041ef91c916f35013c', 'sha256': '5d50652a3cd4f8c7ce71d49ef7ad52b4b0d7290243d643383eb97391ca50936c'}, 'dob': {'date': '1965-08-20T05:09:56.735Z', 'age': 58}, 'registered': {'date': '2005-10-16T23:54:55.837Z', 'age': 18}, 'phone': '08-797-738', 'cell': '046-776-32-51', 'id': {'name': 'HETU', 'value': 'NaNNA452undefined'}, 'picture': {'large': 'https://randomuser.me/api/portraits/women/9.jpg', 'medium': 'https://randomuser.me/api/portraits/med/women/9.jpg', 'thumbnail': 'https://randomuser.me/api/portraits/thumb/women/9.jpg'}, 'nat': 'FI'}</msg>
<arg>${json_data['results'][0]}</arg>
<doc>Logs the given message with the given level.</doc>
<status status="PASS" start="2024-05-21T18:18:37.004015" elapsed="0.000418"/>
</kw>
<kw name="Log" owner="BuiltIn">
<msg time="2024-05-21T18:18:37.004869" level="INFO">name</msg>
<arg>${key}</arg>
<doc>Logs the given message with the given level.</doc>
<status status="PASS" start="2024-05-21T18:18:37.004739" elapsed="0.000168"/>
</kw>
<var name="${key}">name</var>
<status status="PASS" start="2024-05-21T18:18:37.003116" elapsed="0.002010"/>
</iter>
<iter>
<kw name="Dictionary Should Contain Key" owner="Collections">
<msg time="2024-05-21T18:18:37.005805" level="INFO">False</msg>
<arg>${json_data['results'][0]}</arg>
<arg>${key}</arg>
<doc>Fails if ``key`` is not found from ``dictionary``.</doc>
<status status="PASS" start="2024-05-21T18:18:37.005427" elapsed="0.000415"/>
</kw>
<kw name="Log" owner="BuiltIn">
<msg time="2024-05-21T18:18:37.006500" level="INFO">{'gender': 'female', 'name': {'title': 'Ms', 'first': 'Linnea', 'last': 'Remes'}, 'location': {'street': {'number': 1258, 'name': 'Aleksanterinkatu'}, 'city': 'Mäntsälä', 'state': 'Northern Ostrobothnia', 'country': 'Finland', 'postcode': 15807, 'coordinates': {'latitude': '-29.6425', 'longitude': '7.7182'}, 'timezone': {'offset': '-2:00', 'description': 'Mid-Atlantic'}}, 'email': 'linnea.remes@example.com', 'login': {'uuid': '7cc52086-1705-4840-b65b-66521ccfcb5c', 'username': 'sadgorilla463', 'password': 'fields', 'salt': 'DduHqaDy', 'md5': '7698c92446472ae5b54964bdb32864fb', 'sha1': '141e497df02b7efa0cd87f041ef91c916f35013c', 'sha256': '5d50652a3cd4f8c7ce71d49ef7ad52b4b0d7290243d643383eb97391ca50936c'}, 'dob': {'date': '1965-08-20T05:09:56.735Z', 'age': 58}, 'registered': {'date': '2005-10-16T23:54:55.837Z', 'age': 18}, 'phone': '08-797-738', 'cell': '046-776-32-51', 'id': {'name': 'HETU', 'value': 'NaNNA452undefined'}, 'picture': {'large': 'https://randomuser.me/api/portraits/women/9.jpg', 'medium': 'https://randomuser.me/api/portraits/med/women/9.jpg', 'thumbnail': 'https://randomuser.me/api/portraits/thumb/women/9.jpg'}, 'nat': 'FI'}</msg>
<arg>${json_data['results'][0]}</arg>
<doc>Logs the given message with the given level.</doc>
<status status="PASS" start="2024-05-21T18:18:37.006140" elapsed="0.000409"/>
</kw>
<kw name="Log" owner="BuiltIn">
<msg time="2024-05-21T18:18:37.006975" level="INFO">location</msg>
<arg>${key}</arg>
<doc>Logs the given message with the given level.</doc>
<status status="PASS" start="2024-05-21T18:18:37.006848" elapsed="0.000163"/>
</kw>
<var name="${key}">location</var>
<status status="PASS" start="2024-05-21T18:18:37.005309" elapsed="0.001921"/>
</iter>
<iter>
<kw name="Dictionary Should Contain Key" owner="Collections">
<msg time="2024-05-21T18:18:37.007917" level="INFO">False</msg>
<arg>${json_data['results'][0]}</arg>
<arg>${key}</arg>
<doc>Fails if ``key`` is not found from ``dictionary``.</doc>
<status status="PASS" start="2024-05-21T18:18:37.007515" elapsed="0.000439"/>
</kw>
<kw name="Log" owner="BuiltIn">
<msg time="2024-05-21T18:18:37.008622" level="INFO">{'gender': 'female', 'name': {'title': 'Ms', 'first': 'Linnea', 'last': 'Remes'}, 'location': {'street': {'number': 1258, 'name': 'Aleksanterinkatu'}, 'city': 'Mäntsälä', 'state': 'Northern Ostrobothnia', 'country': 'Finland', 'postcode': 15807, 'coordinates': {'latitude': '-29.6425', 'longitude': '7.7182'}, 'timezone': {'offset': '-2:00', 'description': 'Mid-Atlantic'}}, 'email': 'linnea.remes@example.com', 'login': {'uuid': '7cc52086-1705-4840-b65b-66521ccfcb5c', 'username': 'sadgorilla463', 'password': 'fields', 'salt': 'DduHqaDy', 'md5': '7698c92446472ae5b54964bdb32864fb', 'sha1': '141e497df02b7efa0cd87f041ef91c916f35013c', 'sha256': '5d50652a3cd4f8c7ce71d49ef7ad52b4b0d7290243d643383eb97391ca50936c'}, 'dob': {'date': '1965-08-20T05:09:56.735Z', 'age': 58}, 'registered': {'date': '2005-10-16T23:54:55.837Z', 'age': 18}, 'phone': '08-797-738', 'cell': '046-776-32-51', 'id': {'name': 'HETU', 'value': 'NaNNA452undefined'}, 'picture': {'large': 'https://randomuser.me/api/portraits/women/9.jpg', 'medium': 'https://randomuser.me/api/portraits/med/women/9.jpg', 'thumbnail': 'https://randomuser.me/api/portraits/thumb/women/9.jpg'}, 'nat': 'FI'}</msg>
<arg>${json_data['results'][0]}</arg>
<doc>Logs the given message with the given level.</doc>
<status status="PASS" start="2024-05-21T18:18:37.008261" elapsed="0.000411"/>
</kw>
<kw name="Log" owner="BuiltIn">
<msg time="2024-05-21T18:18:37.009102" level="INFO">email</msg>
<arg>${key}</arg>
<doc>Logs the given message with the given level.</doc>
<status status="PASS" start="2024-05-21T18:18:37.008974" elapsed="0.000165"/>
</kw>
<var name="${key}">email</var>
<status status="PASS" start="2024-05-21T18:18:37.007405" elapsed="0.001949"/>
</iter>
<iter>
<kw name="Dictionary Should Contain Key" owner="Collections">
<msg time="2024-05-21T18:18:37.010033" level="INFO">False</msg>
<arg>${json_data['results'][0]}</arg>
<arg>${key}</arg>
<doc>Fails if ``key`` is not found from ``dictionary``.</doc>
<status status="PASS" start="2024-05-21T18:18:37.009642" elapsed="0.000429"/>
</kw>
<kw name="Log" owner="BuiltIn">
<msg time="2024-05-21T18:18:37.010727" level="INFO">{'gender': 'female', 'name': {'title': 'Ms', 'first': 'Linnea', 'last': 'Remes'}, 'location': {'street': {'number': 1258, 'name': 'Aleksanterinkatu'}, 'city': 'Mäntsälä', 'state': 'Northern Ostrobothnia', 'country': 'Finland', 'postcode': 15807, 'coordinates': {'latitude': '-29.6425', 'longitude': '7.7182'}, 'timezone': {'offset': '-2:00', 'description': 'Mid-Atlantic'}}, 'email': 'linnea.remes@example.com', 'login': {'uuid': '7cc52086-1705-4840-b65b-66521ccfcb5c', 'username': 'sadgorilla463', 'password': 'fields', 'salt': 'DduHqaDy', 'md5': '7698c92446472ae5b54964bdb32864fb', 'sha1': '141e497df02b7efa0cd87f041ef91c916f35013c', 'sha256': '5d50652a3cd4f8c7ce71d49ef7ad52b4b0d7290243d643383eb97391ca50936c'}, 'dob': {'date': '1965-08-20T05:09:56.735Z', 'age': 58}, 'registered': {'date': '2005-10-16T23:54:55.837Z', 'age': 18}, 'phone': '08-797-738', 'cell': '046-776-32-51', 'id': {'name': 'HETU', 'value': 'NaNNA452undefined'}, 'picture': {'large': 'https://randomuser.me/api/portraits/women/9.jpg', 'medium': 'https://randomuser.me/api/portraits/med/women/9.jpg', 'thumbnail': 'https://randomuser.me/api/portraits/thumb/women/9.jpg'}, 'nat': 'FI'}</msg>
<arg>${json_data['results'][0]}</arg>
<doc>Logs the given message with the given level.</doc>
<status status="PASS" start="2024-05-21T18:18:37.010370" elapsed="0.000405"/>
</kw>
<kw name="Log" owner="BuiltIn">
<msg time="2024-05-21T18:18:37.011195" level="INFO">login</msg>
<arg>${key}</arg>
<doc>Logs the given message with the given level.</doc>
<status status="PASS" start="2024-05-21T18:18:37.011069" elapsed="0.000163"/>
</kw>
<var name="${key}">login</var>
<status status="PASS" start="2024-05-21T18:18:37.009530" elapsed="0.001949"/>
</iter>
<var>${key}</var>
<value>@{expected_keys}</value>
<status status="PASS" start="2024-05-21T18:18:37.000712" elapsed="0.010905"/>
</for>
<kw name="Create List" owner="BuiltIn">
<msg time="2024-05-21T18:18:37.011980" level="INFO">${expected_keysTwo} = ['username', 'password']</msg>
<var>${expected_keysTwo}</var>
<arg>username</arg>
<arg>password</arg>
<doc>Returns a list containing given items.</doc>
<status status="PASS" start="2024-05-21T18:18:37.011841" elapsed="0.000163"/>
</kw>
<for flavor="IN">
<iter>
<kw name="Dictionary Should Contain Key" owner="Collections">
<msg time="2024-05-21T18:18:37.012898" level="INFO">False</msg>
<arg>${json_data['results'][0]['login']}</arg>
<arg>${keyTwo}</arg>
<doc>Fails if ``key`` is not found from ``dictionary``.</doc>
<status status="PASS" start="2024-05-21T18:18:37.012509" elapsed="0.000426"/>
</kw>
<kw name="Dictionary Should Contain Key" owner="Collections">
<msg time="2024-05-21T18:18:37.013617" level="INFO">False</msg>
<arg>${json_data['results'][0]['login']}</arg>
<arg>${keyTwo}</arg>
<doc>Fails if ``key`` is not found from ``dictionary``.</doc>
<status status="PASS" start="2024-05-21T18:18:37.013233" elapsed="0.000422"/>
</kw>
<kw name="Log" owner="BuiltIn">
<msg time="2024-05-21T18:18:37.014076" level="INFO">username</msg>
<arg>${keyTwo}</arg>
<doc>Logs the given message with the given level.</doc>
<status status="PASS" start="2024-05-21T18:18:37.013948" elapsed="0.000166"/>
</kw>
<var name="${keyTwo}">username</var>
<status status="PASS" start="2024-05-21T18:18:37.012398" elapsed="0.001937"/>
</iter>
<iter>
<kw name="Dictionary Should Contain Key" owner="Collections">
<msg time="2024-05-21T18:18:37.014997" level="INFO">False</msg>
<arg>${json_data['results'][0]['login']}</arg>
<arg>${keyTwo}</arg>
<doc>Fails if ``key`` is not found from ``dictionary``.</doc>
<status status="PASS" start="2024-05-21T18:18:37.014622" elapsed="0.000412"/>
</kw>
<kw name="Dictionary Should Contain Key" owner="Collections">
<msg time="2024-05-21T18:18:37.015816" level="INFO">False</msg>
<arg>${json_data['results'][0]['login']}</arg>
<arg>${keyTwo}</arg>
<doc>Fails if ``key`` is not found from ``dictionary``.</doc>
<status status="PASS" start="2024-05-21T18:18:37.015329" elapsed="0.000529"/>
</kw>
<kw name="Log" owner="BuiltIn">
<msg time="2024-05-21T18:18:37.016288" level="INFO">password</msg>
<arg>${keyTwo}</arg>
<doc>Logs the given message with the given level.</doc>
<status status="PASS" start="2024-05-21T18:18:37.016157" elapsed="0.000168"/>
</kw>
<var name="${keyTwo}">password</var>
<status status="PASS" start="2024-05-21T18:18:37.014507" elapsed="0.002035"/>
</iter>
<var>${keyTwo}</var>
<value>@{expected_keysTwo}</value>
<status status="PASS" start="2024-05-21T18:18:37.012244" elapsed="0.004418"/>
</for>
<status status="PASS" start="2024-05-21T18:18:36.323054" elapsed="0.693753"/>
</kw>
<doc>Testa a estrutura da resposta da API.</doc>
<tag>testeEstruturaResposta</tag>
<status status="PASS" start="2024-05-21T18:18:36.322493" elapsed="0.694476"/>
</test>
<test id="s1-s1-t4" name="Validar tipos de dados" line="28">
<kw name="Teste de Tipos de Dados" owner="random-user-service">
<kw name="GET On Session" owner="RequestsLibrary">
<msg time="2024-05-21T18:18:37.144475" level="INFO">GET Request : url=https://randomuser.me/api 
 path_url=/api 
 headers={'User-Agent': 'python-requests/2.32.1', 'Accept-Encoding': 'gzip, deflate', 'Accept': '*/*', 'Connection': 'keep-alive'} 
 body=None 
 </msg>
<msg time="2024-05-21T18:18:37.144587" level="INFO">GET Response : url=https://randomuser.me/api 
 status=200, reason=OK 
 headers={'Date': 'Tue, 21 May 2024 18:18:37 GMT', 'Content-Type': 'application/json; charset=utf-8', 'Transfer-Encoding': 'chunked', 'Connection': 'keep-alive', 'X-Powered-By': 'Express', 'Access-Control-Allow-Origin': '*', 'Cache-Control': 'no-cache', 'ETag': 'W/"489-TLH7Bm4g2XiHyR3J6B42vbyi2Ro"', 'Vary': 'Accept-Encoding', 'Content-Encoding': 'gzip', 'CF-Cache-Status': 'DYNAMIC', 'Report-To': '{"endpoints":[{"url":"https:\\/\\/a.nel.cloudflare.com\\/report\\/v4?s=%2FDfA1LqNbTVq7eIToJq4E%2FSbj2%2Fs9nBIPP8VLp5JbIO0AUtnB6mPrDxO7GV5O9Mnl8UMRaxGTiY2JmO0pSDZgsqQRH5wATeNPQLlvwrVh5EuAf2r6w0CacZxuyZOL2To"}],"group":"cf-nel","max_age":604800}', 'NEL': '{"success_fraction":0,"report_to":"cf-nel","max_age":604800}', 'Server': 'cloudflare', 'CF-RAY': '887691ed6dcc8137-ORD', 'alt-svc': 'h3=":443"; ma=86400'} 
 body={"results":[{"gender":"female","name":{"title":"Miss","first":"Rognida","last":"Lazarevska"},"location":{"street":{"number":8733,"name":"Provulok Kamenyariv"},"city":"Liman","state":"Sumska","country":"Ukraine","postcode":49264,"coordinates":{"latitude":"76.5026","longitude":"40.2138"},"timezone":{"offset":"+2:00","description":"Kaliningrad, South Africa"}},"email":"rognida.lazarevska@example.com","login":{"uuid":"b738d67b-6393-44d8-b6e8-159cb5640318","username":"lazycat406","password":"thing","salt":"oLmrZIRz","md5":"c9f804919aa528e22d58428a0db3b4b2","sha1":"1b62461d5ca63df1c022026ceb45487db4ecf20f","sha256":"f0099af7c6c2e1863bcc407ef270ff57f174973d5bbf17c8c6ec9cc7b5e421c7"},"dob":{"date":"1977-12-08T06:33:53.245Z","age":46},"registered":{"date":"2017-08-19T09:36:18.798Z","age":6},"phone":"(068) L20-2056","cell":"(068) N64-7930","id":{"name":"","value":null},"picture":{"large":"https://randomuser.me/api/portraits/women/67.jpg","medium":"https://randomuser.me/api/portraits/med/women/67.jpg","thumbnail":"https://randomuser.me/api/portraits/thumb/women/67.jpg"},"nat":"UA"}],"info":{"seed":"f61199f6a6a9abdc","results":1,"page":1,"version":"1.4"}} 
 </msg>
<msg time="2024-05-21T18:18:37.144667" level="INFO">/opt/hostedtoolcache/Python/3.12.3/x64/lib/python3.12/site-packages/urllib3/connectionpool.py:1103: InsecureRequestWarning: Unverified HTTPS request is being made to host 'randomuser.me'. Adding certificate verification is strongly advised. See: https://urllib3.readthedocs.io/en/latest/advanced-usage.html#tls-warnings
  warnings.warn(</msg>
<msg time="2024-05-21T18:18:37.144811" level="INFO">${response} = &lt;Response [200]&gt;</msg>
<var>${response}</var>
<arg>consultarAPI</arg>
<arg>/api</arg>
<doc>Sends a GET request on a previously created HTTP Session.</doc>
<status status="PASS" start="2024-05-21T18:18:37.019474" elapsed="0.125371"/>
</kw>
<kw name="Set Variable" owner="BuiltIn">
<msg time="2024-05-21T18:18:37.145960" level="INFO">${json_data} = {'results': [{'gender': 'female', 'name': {'title': 'Miss', 'first': 'Rognida', 'last': 'Lazarevska'}, 'location': {'street': {'number': 8733, 'name': 'Provulok Kamenyariv'}, 'city': 'Liman', 'state':...</msg>
<var>${json_data}</var>
<arg>${response.json()}</arg>
<doc>Returns the given values which can then be assigned to a variables.</doc>
<status status="PASS" start="2024-05-21T18:18:37.145432" elapsed="0.000556"/>
</kw>
<kw name="Log" owner="BuiltIn">
<msg time="2024-05-21T18:18:37.146463" level="INFO">{'results': [{'gender': 'female', 'name': {'title': 'Miss', 'first': 'Rognida', 'last': 'Lazarevska'}, 'location': {'street': {'number': 8733, 'name': 'Provulok Kamenyariv'}, 'city': 'Liman', 'state': 'Sumska', 'country': 'Ukraine', 'postcode': 49264, 'coordinates': {'latitude': '76.5026', 'longitude': '40.2138'}, 'timezone': {'offset': '+2:00', 'description': 'Kaliningrad, South Africa'}}, 'email': 'rognida.lazarevska@example.com', 'login': {'uuid': 'b738d67b-6393-44d8-b6e8-159cb5640318', 'username': 'lazycat406', 'password': 'thing', 'salt': 'oLmrZIRz', 'md5': 'c9f804919aa528e22d58428a0db3b4b2', 'sha1': '1b62461d5ca63df1c022026ceb45487db4ecf20f', 'sha256': 'f0099af7c6c2e1863bcc407ef270ff57f174973d5bbf17c8c6ec9cc7b5e421c7'}, 'dob': {'date': '1977-12-08T06:33:53.245Z', 'age': 46}, 'registered': {'date': '2017-08-19T09:36:18.798Z', 'age': 6}, 'phone': '(068) L20-2056', 'cell': '(068) N64-7930', 'id': {'name': '', 'value': None}, 'picture': {'large': 'https://randomuser.me/api/portraits/women/67.jpg', 'medium': 'https://randomuser.me/api/portraits/med/women/67.jpg', 'thumbnail': 'https://randomuser.me/api/portraits/thumb/women/67.jpg'}, 'nat': 'UA'}], 'info': {'seed': 'f61199f6a6a9abdc', 'results': 1, 'page': 1, 'version': '1.4'}}</msg>
<arg>${json_data}</arg>
<doc>Logs the given message with the given level.</doc>
<status status="PASS" start="2024-05-21T18:18:37.146305" elapsed="0.000241"/>
</kw>
<kw name="Should Be String" owner="String">
<arg>${json_data['results'][0]['gender']}</arg>
<doc>Fails if the given ``item`` is not a string.</doc>
<status status="PASS" start="2024-05-21T18:18:37.146850" elapsed="0.000359"/>
</kw>
<kw name="Should Match Regexp" owner="BuiltIn">
<arg>${json_data['results'][0]['email']}</arg>
<arg>^[a-zA-Z0-9._%+-]+@[a-zA-Z0-9.-]+\.[a-zA-Z]{2,}$</arg>
<doc>Fails if ``string`` does not match ``pattern`` as a regular expression.</doc>
<status status="PASS" start="2024-05-21T18:18:37.147405" elapsed="0.000572"/>
</kw>
<kw name="Should Match Regexp" owner="BuiltIn">
<arg>${json_data['results'][0]['dob']['date']}</arg>
<arg>\\d{4}-\\d{2}-\\d{2}T\\d{2}:\\d{2}:\\d{2}\\.\\d{3}Z</arg>
<doc>Fails if ``string`` does not match ``pattern`` as a regular expression.</doc>
<status status="PASS" start="2024-05-21T18:18:37.148177" elapsed="0.000487"/>
</kw>
<kw name="Should Match Regexp" owner="BuiltIn">
<arg>${json_data['results'][0]['registered']['date']}</arg>
<arg>\\d{4}-\\d{2}-\\d{2}T\\d{2}:\\d{2}:\\d{2}\\.\\d{3}Z</arg>
<doc>Fails if ``string`` does not match ``pattern`` as a regular expression.</doc>
<status status="PASS" start="2024-05-21T18:18:37.148858" elapsed="0.000365"/>
</kw>
<kw name="Should Match Regexp" owner="BuiltIn">
<arg>${json_data['results'][0]['picture']['large']}</arg>
<arg>^https?://.*\.(?:png|jpe?g|gif|bmp)$</arg>
<doc>Fails if ``string`` does not match ``pattern`` as a regular expression.</doc>
<status status="PASS" start="2024-05-21T18:18:37.149414" elapsed="0.000475"/>
</kw>
<kw name="Should Match Regexp" owner="BuiltIn">
<arg>${json_data['results'][0]['picture']['medium']}</arg>
<arg>^https?://.*\.(?:png|jpe?g|gif|bmp)$</arg>
<doc>Fails if ``string`` does not match ``pattern`` as a regular expression.</doc>
<status status="PASS" start="2024-05-21T18:18:37.150081" elapsed="0.000357"/>
</kw>
<kw name="Should Match Regexp" owner="BuiltIn">
<arg>${json_data['results'][0]['picture']['thumbnail']}</arg>
<arg>^https?://.*\.(?:png|jpe?g|gif|bmp)$</arg>
<doc>Fails if ``string`` does not match ``pattern`` as a regular expression.</doc>
<status status="PASS" start="2024-05-21T18:18:37.150625" elapsed="0.000356"/>
</kw>
<kw name="Log" owner="BuiltIn">
<msg time="2024-05-21T18:18:37.151495" level="INFO">{'large': 'https://randomuser.me/api/portraits/women/67.jpg', 'medium': 'https://randomuser.me/api/portraits/med/women/67.jpg', 'thumbnail': 'https://randomuser.me/api/portraits/thumb/women/67.jpg'}</msg>
<arg>${json_data['results'][0]['picture']}</arg>
<doc>Logs the given message with the given level.</doc>
<status status="PASS" start="2024-05-21T18:18:37.151164" elapsed="0.000372"/>
</kw>
<status status="PASS" start="2024-05-21T18:18:37.019232" elapsed="0.132603"/>
</kw>
<kw name="Teste de Tipos de Dados - Postcode" owner="random-user-service">
<kw name="GET On Session" owner="RequestsLibrary">
<msg time="2024-05-21T18:18:37.217656" level="INFO">GET Request : url=https://randomuser.me/api 
 path_url=/api 
 headers={'User-Agent': 'python-requests/2.32.1', 'Accept-Encoding': 'gzip, deflate', 'Accept': '*/*', 'Connection': 'keep-alive'} 
 body=None 
 </msg>
<msg time="2024-05-21T18:18:37.217766" level="INFO">GET Response : url=https://randomuser.me/api 
 status=200, reason=OK 
 headers={'Date': 'Tue, 21 May 2024 18:18:37 GMT', 'Content-Type': 'application/json; charset=utf-8', 'Transfer-Encoding': 'chunked', 'Connection': 'keep-alive', 'X-Powered-By': 'Express', 'Access-Control-Allow-Origin': '*', 'Cache-Control': 'no-cache', 'ETag': 'W/"476-SzD8k9fXejj6b3lZDv3h72A/dh0"', 'Vary': 'Accept-Encoding', 'Content-Encoding': 'gzip', 'CF-Cache-Status': 'DYNAMIC', 'Report-To': '{"endpoints":[{"url":"https:\\/\\/a.nel.cloudflare.com\\/report\\/v4?s=ZK3gpZTk3SR%2B6g8B8b%2BPT3MSRBfe87Wf14svi2amoIPwy4Jii1lLx8pxInfjaehjBOdeoJScB2TwH2ynXULU8zEpaSbIa%2BE7Lpt%2Fdj1fK%2BLDBcBe7MsaTwCT%2BYFgcYwQ"}],"group":"cf-nel","max_age":604800}', 'NEL': '{"success_fraction":0,"report_to":"cf-nel","max_age":604800}', 'Server': 'cloudflare', 'CF-RAY': '887691ee3f3a8137-ORD', 'alt-svc': 'h3=":443"; ma=86400'} 
 body={"results":[{"gender":"female","name":{"title":"Miss","first":"Luzie","last":"Wüst"},"location":{"street":{"number":9918,"name":"Schlossstraße"},"city":"Wilthen","state":"Sachsen","country":"Germany","postcode":24344,"coordinates":{"latitude":"-49.5983","longitude":"151.7793"},"timezone":{"offset":"+4:30","description":"Kabul"}},"email":"luzie.wust@example.com","login":{"uuid":"af2afdfc-2ae0-46b4-8b66-000033868b7d","username":"happybird146","password":"girsl","salt":"O5azTrFU","md5":"442f48edf0d0a3e126829d6c36afa2b1","sha1":"71190d568691356fe85925648e8843a05cb1de26","sha256":"2c532de755ee3b1f062e37a0a031431df2e4063a1bb42058695e0b7b483020d1"},"dob":{"date":"1947-06-24T02:01:44.406Z","age":76},"registered":{"date":"2002-10-14T01:45:45.382Z","age":21},"phone":"0253-5648073","cell":"0178-3324637","id":{"name":"SVNR","value":"11 230647 W 622"},"picture":{"large":"https://randomuser.me/api/portraits/women/23.jpg","medium":"https://randomuser.me/api/portraits/med/women/23.jpg","thumbnail":"https://randomuser.me/api/portraits/thumb/women/23.jpg"},"nat":"DE"}],"info":{"seed":"04f1527272bb1a9e","results":1,"page":1,"version":"1.4"}} 
 </msg>
<msg time="2024-05-21T18:18:37.217848" level="INFO">/opt/hostedtoolcache/Python/3.12.3/x64/lib/python3.12/site-packages/urllib3/connectionpool.py:1103: InsecureRequestWarning: Unverified HTTPS request is being made to host 'randomuser.me'. Adding certificate verification is strongly advised. See: https://urllib3.readthedocs.io/en/latest/advanced-usage.html#tls-warnings
  warnings.warn(</msg>
<msg time="2024-05-21T18:18:37.217985" level="INFO">${response} = &lt;Response [200]&gt;</msg>
<var>${response}</var>
<arg>consultarAPI</arg>
<arg>/api</arg>
<doc>Sends a GET request on a previously created HTTP Session.</doc>
<status status="PASS" start="2024-05-21T18:18:37.152313" elapsed="0.065709"/>
</kw>
<kw name="Set Variable" owner="BuiltIn">
<msg time="2024-05-21T18:18:37.219386" level="INFO">${json_data} = {'results': [{'gender': 'female', 'name': {'title': 'Miss', 'first': 'Luzie', 'last': 'Wüst'}, 'location': {'street': {'number': 9918, 'name': 'Schlossstraße'}, 'city': 'Wilthen', 'state': 'Sachsen', ...</msg>
<var>${json_data}</var>
<arg>${response.json()}</arg>
<doc>Returns the given values which can then be assigned to a variables.</doc>
<status status="PASS" start="2024-05-21T18:18:37.218705" elapsed="0.000711"/>
</kw>
<kw name="Log" owner="BuiltIn">
<msg time="2024-05-21T18:18:37.219954" level="INFO">{'results': [{'gender': 'female', 'name': {'title': 'Miss', 'first': 'Luzie', 'last': 'Wüst'}, 'location': {'street': {'number': 9918, 'name': 'Schlossstraße'}, 'city': 'Wilthen', 'state': 'Sachsen', 'country': 'Germany', 'postcode': 24344, 'coordinates': {'latitude': '-49.5983', 'longitude': '151.7793'}, 'timezone': {'offset': '+4:30', 'description': 'Kabul'}}, 'email': 'luzie.wust@example.com', 'login': {'uuid': 'af2afdfc-2ae0-46b4-8b66-000033868b7d', 'username': 'happybird146', 'password': 'girsl', 'salt': 'O5azTrFU', 'md5': '442f48edf0d0a3e126829d6c36afa2b1', 'sha1': '71190d568691356fe85925648e8843a05cb1de26', 'sha256': '2c532de755ee3b1f062e37a0a031431df2e4063a1bb42058695e0b7b483020d1'}, 'dob': {'date': '1947-06-24T02:01:44.406Z', 'age': 76}, 'registered': {'date': '2002-10-14T01:45:45.382Z', 'age': 21}, 'phone': '0253-5648073', 'cell': '0178-3324637', 'id': {'name': 'SVNR', 'value': '11 230647 W 622'}, 'picture': {'large': 'https://randomuser.me/api/portraits/women/23.jpg', 'medium': 'https://randomuser.me/api/portraits/med/women/23.jpg', 'thumbnail': 'https://randomuser.me/api/portraits/thumb/women/23.jpg'}, 'nat': 'DE'}], 'info': {'seed': '04f1527272bb1a9e', 'results': 1, 'page': 1, 'version': '1.4'}}</msg>
<arg>${json_data}</arg>
<doc>Logs the given message with the given level.</doc>
<status status="PASS" start="2024-05-21T18:18:37.219788" elapsed="0.000260"/>
</kw>
<kw name="Should Be Equal As Numbers" owner="BuiltIn">
<arg>${json_data['results'][0]['location']['postcode']}</arg>
<arg>${json_data['results'][0]['location']['postcode']}</arg>
<doc>Fails if objects are unequal after converting them to real numbers.</doc>
<status status="PASS" start="2024-05-21T18:18:37.220371" elapsed="0.000880"/>
</kw>
<kw name="Log" owner="BuiltIn">
<msg time="2024-05-21T18:18:37.221786" level="INFO">24344</msg>
<arg>${json_data['results'][0]['location']['postcode']}</arg>
<doc>Logs the given message with the given level.</doc>
<status status="PASS" start="2024-05-21T18:18:37.221448" elapsed="0.000378"/>
</kw>
<status status="PASS" start="2024-05-21T18:18:37.152070" elapsed="0.070015"/>
</kw>
<doc>Testa se os tipos de dados na resposta da API estão corretos.</doc>
<tag>testeTiposDados</tag>
<status status="PASS" start="2024-05-21T18:18:37.018767" elapsed="0.203486"/>
</test>
<test id="s1-s1-t5" name="Validar conteudo" line="35">
<kw name="Teste de Tipos de Conteudo" owner="random-user-service">
<kw name="GET On Session" owner="RequestsLibrary">
<msg time="2024-05-21T18:18:37.410426" level="INFO">GET Request : url=https://randomuser.me/api 
 path_url=/api 
 headers={'User-Agent': 'python-requests/2.32.1', 'Accept-Encoding': 'gzip, deflate', 'Accept': '*/*', 'Connection': 'keep-alive'} 
 body=None 
 </msg>
<msg time="2024-05-21T18:18:37.410538" level="INFO">GET Response : url=https://randomuser.me/api 
 status=200, reason=OK 
 headers={'Date': 'Tue, 21 May 2024 18:18:37 GMT', 'Content-Type': 'application/json; charset=utf-8', 'Transfer-Encoding': 'chunked', 'Connection': 'keep-alive', 'X-Powered-By': 'Express', 'Access-Control-Allow-Origin': '*', 'Cache-Control': 'no-cache', 'ETag': 'W/"488-GQHSjBRXPkSjDzOmk7OQfeI26fw"', 'Vary': 'Accept-Encoding', 'Content-Encoding': 'gzip', 'CF-Cache-Status': 'DYNAMIC', 'Report-To': '{"endpoints":[{"url":"https:\\/\\/a.nel.cloudflare.com\\/report\\/v4?s=XjSvQQemfX5hfHuyaz6ZXFkg%2BIV4Vo%2FdW4qE6cST8u5h%2FKsZVcLSchUI2iD6WTGS9Trx6VV6eRilhed2bytleAKYHA48vCAZdlW%2Fi%2BrldSop6jdBi9ginYm3sLEQx5MO"}],"group":"cf-nel","max_age":604800}', 'NEL': '{"success_fraction":0,"report_to":"cf-nel","max_age":604800}', 'Server': 'cloudflare', 'CF-RAY': '887691eeafbb8137-ORD', 'alt-svc': 'h3=":443"; ma=86400'} 
 body={"results":[{"gender":"male","name":{"title":"Mr","first":"Pierre","last":"Dupuis"},"location":{"street":{"number":6161,"name":"Rue Docteur-Bonhomme"},"city":"Lyon","state":"Savoie","country":"France","postcode":83134,"coordinates":{"latitude":"-14.0435","longitude":"-28.3901"},"timezone":{"offset":"-11:00","description":"Midway Island, Samoa"}},"email":"pierre.dupuis@example.com","login":{"uuid":"c419c7dd-c8f0-4c68-80de-2760b3eb0a41","username":"ticklishtiger264","password":"2002","salt":"VF7bVyFp","md5":"d270eb111775a944aa3ec471f5ae18dd","sha1":"e8b7a5f514776acbf316dce4bfdcab68a17419db","sha256":"b9b1bd09beb3887f3a646117fe962acc98b494dc6bbd842b5602bbb9e1701600"},"dob":{"date":"1969-08-02T15:23:42.018Z","age":54},"registered":{"date":"2009-11-24T01:13:21.432Z","age":14},"phone":"04-29-70-62-19","cell":"06-46-39-65-23","id":{"name":"INSEE","value":"1690788776447 66"},"picture":{"large":"https://randomuser.me/api/portraits/men/5.jpg","medium":"https://randomuser.me/api/portraits/med/men/5.jpg","thumbnail":"https://randomuser.me/api/portraits/thumb/men/5.jpg"},"nat":"FR"}],"info":{"seed":"e71ea411701fb2ac","results":1,"page":1,"version":"1.4"}} 
 </msg>
<msg time="2024-05-21T18:18:37.410612" level="INFO">/opt/hostedtoolcache/Python/3.12.3/x64/lib/python3.12/site-packages/urllib3/connectionpool.py:1103: InsecureRequestWarning: Unverified HTTPS request is being made to host 'randomuser.me'. Adding certificate verification is strongly advised. See: https://urllib3.readthedocs.io/en/latest/advanced-usage.html#tls-warnings
  warnings.warn(</msg>
<msg time="2024-05-21T18:18:37.410735" level="INFO">${response} = &lt;Response [200]&gt;</msg>
<var>${response}</var>
<arg>consultarAPI</arg>
<arg>/api</arg>
<doc>Sends a GET request on a previously created HTTP Session.</doc>
<status status="PASS" start="2024-05-21T18:18:37.224726" elapsed="0.186052"/>
</kw>
<kw name="Set Variable" owner="BuiltIn">
<msg time="2024-05-21T18:18:37.411878" level="INFO">${json_data} = {'results': [{'gender': 'male', 'name': {'title': 'Mr', 'first': 'Pierre', 'last': 'Dupuis'}, 'location': {'street': {'number': 6161, 'name': 'Rue Docteur-Bonhomme'}, 'city': 'Lyon', 'state': 'Savoie'...</msg>
<var>${json_data}</var>
<arg>${response.json()}</arg>
<doc>Returns the given values which can then be assigned to a variables.</doc>
<status status="PASS" start="2024-05-21T18:18:37.411309" elapsed="0.000598"/>
</kw>
<kw name="Set Variable" owner="BuiltIn">
<msg time="2024-05-21T18:18:37.412612" level="INFO">${name_title} = Mr</msg>
<var>${name_title}</var>
<arg>${json_data["results"][0]["name"]["title"]}</arg>
<doc>Returns the given values which can then be assigned to a variables.</doc>
<status status="PASS" start="2024-05-21T18:18:37.412221" elapsed="0.000416"/>
</kw>
<kw name="Create List" owner="BuiltIn">
<msg time="2024-05-21T18:18:37.413096" level="INFO">${allowed_titles} = ['Mr', 'Ms', 'Miss', 'Mrs', 'Madame', 'Monsieur']</msg>
<var>${allowed_titles}</var>
<arg>Mr</arg>
<arg>Ms</arg>
<arg>Miss</arg>
<arg>Mrs</arg>
<arg>Madame</arg>
<arg>Monsieur</arg>
<doc>Returns a list containing given items.</doc>
<status status="PASS" start="2024-05-21T18:18:37.412947" elapsed="0.000174"/>
</kw>
<kw name="List Should Contain Value" owner="Collections">
<msg time="2024-05-21T18:18:37.413599" level="INFO">False</msg>
<arg>${allowed_titles}</arg>
<arg>${name_title}</arg>
<doc>Fails if the ``value`` is not found from ``list``.</doc>
<status status="PASS" start="2024-05-21T18:18:37.413422" elapsed="0.000215"/>
</kw>
<kw name="Set Variable" owner="BuiltIn">
<msg time="2024-05-21T18:18:37.414318" level="INFO">${name_country} = FR</msg>
<var>${name_country}</var>
<arg>${json_data["results"][0]["nat"]}</arg>
<doc>Returns the given values which can then be assigned to a variables.</doc>
<status status="PASS" start="2024-05-21T18:18:37.413934" elapsed="0.000409"/>
</kw>
<kw name="Create List" owner="BuiltIn">
<msg time="2024-05-21T18:18:37.415289" level="INFO">${list_country} = ['AD', 'AE', 'AF', 'AG', 'AI', 'AL', 'AM', 'AO', 'AQ', 'AR', 'AS', 'AT', 'AU', 'AW', 'AX', 'AZ', 'BA', 'BB', 'BD', 'BE', 'BF', 'BG', 'BH', 'BI', 'BJ', 'BL', 'BM', 'BN', 'BO', 'BQ', 'BR', 'BS', 'BT', '...</msg>
<var>${list_country}</var>
<arg>AD</arg>
<arg>AE</arg>
<arg>AF</arg>
<arg>AG</arg>
<arg>AI</arg>
<arg>AL</arg>
<arg>AM</arg>
<arg>AO</arg>
<arg>AQ</arg>
<arg>AR</arg>
<arg>AS</arg>
<arg>AT</arg>
<arg>AU</arg>
<arg>AW</arg>
<arg>AX</arg>
<arg>AZ</arg>
<arg>BA</arg>
<arg>BB</arg>
<arg>BD</arg>
<arg>BE</arg>
<arg>BF</arg>
<arg>BG</arg>
<arg>BH</arg>
<arg>BI</arg>
<arg>BJ</arg>
<arg>BL</arg>
<arg>BM</arg>
<arg>BN</arg>
<arg>BO</arg>
<arg>BQ</arg>
<arg>BR</arg>
<arg>BS</arg>
<arg>BT</arg>
<arg>BV</arg>
<arg>BW</arg>
<arg>BY</arg>
<arg>BZ</arg>
<arg>CA</arg>
<arg>CC</arg>
<arg>CD</arg>
<arg>CF</arg>
<arg>CG</arg>
<arg>CH</arg>
<arg>CI</arg>
<arg>CK</arg>
<arg>CL</arg>
<arg>CM</arg>
<arg>CN</arg>
<arg>CO</arg>
<arg>CR</arg>
<arg>CU</arg>
<arg>CV</arg>
<arg>CW</arg>
<arg>CX</arg>
<arg>CY</arg>
<arg>CZ</arg>
<arg>DE</arg>
<arg>DJ</arg>
<arg>DK</arg>
<arg>DM</arg>
<arg>DO</arg>
<arg>DZ</arg>
<arg>EC</arg>
<arg>EE</arg>
<arg>EG</arg>
<arg>EH</arg>
<arg>ER</arg>
<arg>ES</arg>
<arg>ET</arg>
<arg>FI</arg>
<arg>FJ</arg>
<arg>FK</arg>
<arg>FM</arg>
<arg>FO</arg>
<arg>FR</arg>
<arg>GA</arg>
<arg>GB</arg>
<arg>GD</arg>
<arg>GE</arg>
<arg>GF</arg>
<arg>GG</arg>
<arg>GH</arg>
<arg>GI</arg>
<arg>GL</arg>
<arg>GM</arg>
<arg>GN</arg>
<arg>GP</arg>
<arg>GQ</arg>
<arg>GR</arg>
<arg>GS</arg>
<arg>GT</arg>
<arg>GU</arg>
<arg>GW</arg>
<arg>GY</arg>
<arg>HK</arg>
<arg>HM</arg>
<arg>HN</arg>
<arg>HR</arg>
<arg>HT</arg>
<arg>HU</arg>
<arg>ID</arg>
<arg>IE</arg>
<arg>IL</arg>
<arg>IM</arg>
<arg>IN</arg>
<arg>IO</arg>
<arg>IQ</arg>
<arg>IR</arg>
<arg>IS</arg>
<arg>IT</arg>
<arg>JE</arg>
<arg>JM</arg>
<arg>JO</arg>
<arg>JP</arg>
<arg>KE</arg>
<arg>KG</arg>
<arg>KH</arg>
<arg>KI</arg>
<arg>KM</arg>
<arg>KN</arg>
<arg>KP</arg>
<arg>KR</arg>
<arg>KW</arg>
<arg>KY</arg>
<arg>KZ</arg>
<arg>LA</arg>
<arg>LB</arg>
<arg>LC</arg>
<arg>LI</arg>
<arg>LK</arg>
<arg>LR</arg>
<arg>LS</arg>
<arg>LT</arg>
<arg>LU</arg>
<arg>LV</arg>
<arg>LY</arg>
<arg>MA</arg>
<arg>MC</arg>
<arg>MD</arg>
<arg>ME</arg>
<arg>MF</arg>
<arg>MG</arg>
<arg>MH</arg>
<arg>MK</arg>
<arg>ML</arg>
<arg>MM</arg>
<arg>MN</arg>
<arg>MO</arg>
<arg>MP</arg>
<arg>MQ</arg>
<arg>MR</arg>
<arg>MS</arg>
<arg>MT</arg>
<arg>MU</arg>
<arg>MV</arg>
<arg>MW</arg>
<arg>MX</arg>
<arg>MY</arg>
<arg>MZ</arg>
<arg>NA</arg>
<arg>NC</arg>
<arg>NE</arg>
<arg>NF</arg>
<arg>NG</arg>
<arg>NI</arg>
<arg>NL</arg>
<arg>NO</arg>
<arg>NP</arg>
<arg>NR</arg>
<arg>NU</arg>
<arg>NZ</arg>
<arg>OM</arg>
<arg>PA</arg>
<arg>PE</arg>
<arg>PF</arg>
<arg>PG</arg>
<arg>PH</arg>
<arg>PK</arg>
<arg>PL</arg>
<arg>PM</arg>
<arg>PN</arg>
<arg>PR</arg>
<arg>PS</arg>
<arg>PT</arg>
<arg>PW</arg>
<arg>PY</arg>
<arg>QA</arg>
<arg>RE</arg>
<arg>RO</arg>
<arg>RS</arg>
<arg>RU</arg>
<arg>RW</arg>
<arg>SA</arg>
<arg>SB</arg>
<arg>SC</arg>
<arg>SD</arg>
<arg>SE</arg>
<arg>SG</arg>
<arg>SH</arg>
<arg>SI</arg>
<arg>SJ</arg>
<arg>SK</arg>
<arg>SL</arg>
<arg>SM</arg>
<arg>SN</arg>
<arg>SO</arg>
<arg>SR</arg>
<arg>SS</arg>
<arg>ST</arg>
<arg>SV</arg>
<arg>SX</arg>
<arg>SY</arg>
<arg>SZ</arg>
<arg>TC</arg>
<arg>TD</arg>
<arg>TF</arg>
<arg>TG</arg>
<arg>TH</arg>
<arg>TJ</arg>
<arg>TK</arg>
<arg>TL</arg>
<arg>TM</arg>
<arg>TN</arg>
<arg>TO</arg>
<arg>TR</arg>
<arg>TT</arg>
<arg>TV</arg>
<arg>TW</arg>
<arg>TZ</arg>
<arg>UA</arg>
<arg>UG</arg>
<arg>UM</arg>
<arg>US</arg>
<arg>UY</arg>
<arg>UZ</arg>
<arg>VA</arg>
<arg>VC</arg>
<arg>VE</arg>
<arg>VG</arg>
<arg>VI</arg>
<arg>VN</arg>
<arg>VU</arg>
<arg>WF</arg>
<arg>WS</arg>
<arg>XK</arg>
<arg>YE</arg>
<arg>YT</arg>
<arg>ZA</arg>
<arg>ZM</arg>
<arg>ZW</arg>
<doc>Returns a list containing given items.</doc>
<status status="PASS" start="2024-05-21T18:18:37.414647" elapsed="0.000670"/>
</kw>
<kw name="List Should Contain Value" owner="Collections">
<msg time="2024-05-21T18:18:37.416351" level="INFO">False</msg>
<arg>${list_country}</arg>
<arg>${name_country}</arg>
<doc>Fails if the ``value`` is not found from ``list``.</doc>
<status status="PASS" start="2024-05-21T18:18:37.416138" elapsed="0.000250"/>
</kw>
<kw name="Run Keyword If" owner="BuiltIn">
<kw name="Should Be True" owner="BuiltIn">
<arg>${True}</arg>
<doc>Fails if the given condition is not true.</doc>
<status status="PASS" start="2024-05-21T18:18:37.417567" elapsed="0.000157"/>
</kw>
<arg>${json_data["results"][0]["location"]["coordinates"]["latitude"]} &gt;= -90 and ${json_data["results"][0]["location"]["coordinates"]["latitude"]} &lt;= 90</arg>
<arg>Should Be True</arg>
<arg>${True}</arg>
<doc>Runs the given keyword with the given arguments, if ``condition`` is true.</doc>
<status status="PASS" start="2024-05-21T18:18:37.416709" elapsed="0.001145"/>
</kw>
<kw name="Run Keyword If" owner="BuiltIn">
<kw name="Should Be True" owner="BuiltIn">
<arg>${True}</arg>
<doc>Fails if the given condition is not true.</doc>
<status status="PASS" start="2024-05-21T18:18:37.418743" elapsed="0.000264"/>
</kw>
<arg>${json_data["results"][0]["location"]["coordinates"]["longitude"]} &gt;= -180 and ${json_data["results"][0]["location"]["coordinates"]["longitude"]} &lt;= 180</arg>
<arg>Should Be True</arg>
<arg>${True}</arg>
<doc>Runs the given keyword with the given arguments, if ``condition`` is true.</doc>
<status status="PASS" start="2024-05-21T18:18:37.418042" elapsed="0.001095"/>
</kw>
<status status="PASS" start="2024-05-21T18:18:37.224497" elapsed="0.194776"/>
</kw>
<doc>Testa o conteúdo específico dos campos retornados pela API.</doc>
<tag>testeConteudo</tag>
<status status="PASS" start="2024-05-21T18:18:37.224030" elapsed="0.195395"/>
</test>
<status status="PASS" start="2024-05-21T18:18:35.881809" elapsed="1.539589"/>
</suite>
<status status="PASS" start="2024-05-21T18:18:35.867991" elapsed="1.558636"/>
</suite>
<statistics>
<total>
<stat pass="5" fail="0" skip="0">All Tests</stat>
</total>
<tag>
<stat pass="1" fail="0" skip="0">testeConteudo</stat>
<stat pass="1" fail="0" skip="0">testeEstruturaResposta</stat>
<stat pass="1" fail="0" skip="0">testeRequisicaoBasica</stat>
<stat pass="1" fail="0" skip="0">testeTiposDados</stat>
</tag>
<suite>
<stat pass="5" fail="0" skip="0" id="s1" name="Tests">Tests</stat>
<stat pass="5" fail="0" skip="0" id="s1-s1" name="Random-User-Test">Tests.Random-User-Test</stat>
</suite>
</statistics>
<errors>
</errors>
</robot>
