<?xml version="1.0" encoding="UTF-8"?>
<robot generator="Robot 7.0 (Python 3.12.3 on linux)" generated="2024-05-04T08:16:16.809398" rpa="false" schemaversion="5">
<suite id="s1" name="Tests" source="/home/runner/work/DesafioQAItauRogerioJordao/DesafioQAItauRogerioJordao/RamdonUser/tests">
<suite id="s1-s1" name="Random-User-Test" source="/home/runner/work/DesafioQAItauRogerioJordao/DesafioQAItauRogerioJordao/RamdonUser/tests/random-user-test.robot">
<test id="s1-s1-t1" name="Conectar" line="13">
<kw name="Conectar API" owner="random-user-service">
<kw name="Create Session" owner="RequestsLibrary">
<msg time="2024-05-04T08:16:17.182548" level="INFO">Creating Session using : alias=consultarAPI, url=https://randomuser.me/, headers={},                     cookies={}, auth=None, timeout=None, proxies=None, verify=False,                     debug=0 </msg>
<arg>consultarAPI</arg>
<arg>${URL}</arg>
<doc>Create Session: create a HTTP session to a server</doc>
<status status="PASS" start="2024-05-04T08:16:17.182340" elapsed="0.000393"/>
</kw>
<status status="PASS" start="2024-05-04T08:16:17.181340" elapsed="0.001758"/>
</kw>
<status status="PASS" start="2024-05-04T08:16:17.180776" elapsed="0.002527"/>
</test>
<test id="s1-s1-t2" name="Validar retorno 200 e JSON Válido" line="16">
<kw name="Teste de Requisicao Basica" owner="random-user-service">
<kw name="GET On Session" owner="RequestsLibrary">
<msg time="2024-05-04T08:16:17.258661" level="INFO">GET Request : url=https://randomuser.me/api 
 path_url=/api 
 headers={'User-Agent': 'python-requests/2.31.0', 'Accept-Encoding': 'gzip, deflate', 'Accept': '*/*', 'Connection': 'keep-alive'} 
 body=None 
 </msg>
<msg time="2024-05-04T08:16:17.258790" level="INFO">GET Response : url=https://randomuser.me/api 
 status=200, reason=OK 
 headers={'Date': 'Sat, 04 May 2024 08:16:17 GMT', 'Content-Type': 'application/json; charset=utf-8', 'Transfer-Encoding': 'chunked', 'Connection': 'keep-alive', 'X-Powered-By': 'Express', 'Access-Control-Allow-Origin': '*', 'Cache-Control': 'no-cache', 'ETag': 'W/"47e-L6tItX3xbvZuQnquW9ipSBJDd4g"', 'Vary': 'Accept-Encoding', 'Content-Encoding': 'gzip', 'CF-Cache-Status': 'DYNAMIC', 'Report-To': '{"endpoints":[{"url":"https:\\/\\/a.nel.cloudflare.com\\/report\\/v4?s=MLquNDG%2FCB68%2FV6UE7tiuUAtK6WHCXhj67RW1bPTLQMfX7jmhxhKut4sgSraZUarB99IqSqjgvb0gOevAG3iifP%2BoTtLZYGYzdN7CTC57cgBbXZD0JMumU55d1iONVum"}],"group":"cf-nel","max_age":604800}', 'NEL': '{"success_fraction":0,"report_to":"cf-nel","max_age":604800}', 'Server': 'cloudflare', 'CF-RAY': '87e70c3bae553b0e-IAD', 'alt-svc': 'h3=":443"; ma=86400'} 
 body={"results":[{"gender":"female","name":{"title":"Mrs","first":"Irene","last":"Romero"},"location":{"street":{"number":9279,"name":"Calle de La Luna"},"city":"Talavera de la Reina","state":"Asturias","country":"Spain","postcode":32796,"coordinates":{"latitude":"-30.0218","longitude":"110.2946"},"timezone":{"offset":"+4:30","description":"Kabul"}},"email":"irene.romero@example.com","login":{"uuid":"6caae8d1-4ce8-4251-895b-0d0fb32a8c1e","username":"sadbear860","password":"freepass","salt":"X3FjweVM","md5":"17b9acfde2a53ad0920feb1dacea8e89","sha1":"3d7282675cba33102f4423a4a93104faee886151","sha256":"f02d83b3b1cbd6b0bf0651b2ea1409a0aae6dad2b9721856afb959fa1a69b3d5"},"dob":{"date":"1944-12-31T01:53:45.420Z","age":79},"registered":{"date":"2022-02-05T13:40:05.951Z","age":2},"phone":"921-657-098","cell":"665-048-515","id":{"name":"DNI","value":"79997859-F"},"picture":{"large":"https://randomuser.me/api/portraits/women/72.jpg","medium":"https://randomuser.me/api/portraits/med/women/72.jpg","thumbnail":"https://randomuser.me/api/portraits/thumb/women/72.jpg"},"nat":"ES"}],"info":{"seed":"fc63d731f8f44f0d","results":1,"page":1,"version":"1.4"}} 
 </msg>
<msg time="2024-05-04T08:16:17.258868" level="INFO">/opt/hostedtoolcache/Python/3.12.3/x64/lib/python3.12/site-packages/urllib3/connectionpool.py:1103: InsecureRequestWarning: Unverified HTTPS request is being made to host 'randomuser.me'. Adding certificate verification is strongly advised. See: https://urllib3.readthedocs.io/en/latest/advanced-usage.html#tls-warnings
  warnings.warn(</msg>
<msg time="2024-05-04T08:16:17.259019" level="INFO">${response} = &lt;Response [200]&gt;</msg>
<var>${response}</var>
<arg>consultarAPI</arg>
<arg>/api</arg>
<doc>Sends a GET request on a previously created HTTP Session.</doc>
<status status="PASS" start="2024-05-04T08:16:17.186127" elapsed="0.072937"/>
</kw>
<kw name="Should Be Equal As Numbers" owner="BuiltIn">
<msg time="2024-05-04T08:16:17.260022" level="INFO">Argument types are:
&lt;class 'int'&gt;
&lt;class 'str'&gt;</msg>
<arg>${response.status_code}</arg>
<arg>200</arg>
<doc>Fails if objects are unequal after converting them to real numbers.</doc>
<status status="PASS" start="2024-05-04T08:16:17.259576" elapsed="0.000511"/>
</kw>
<kw name="Log" owner="BuiltIn">
<msg time="2024-05-04T08:16:17.260845" level="INFO">200</msg>
<arg>${response.status_code}</arg>
<doc>Logs the given message with the given level.</doc>
<status status="PASS" start="2024-05-04T08:16:17.260422" elapsed="0.000466"/>
</kw>
<kw name="Set Variable" owner="BuiltIn">
<msg time="2024-05-04T08:16:17.261645" level="INFO">${json_data} = {'results': [{'gender': 'female', 'name': {'title': 'Mrs', 'first': 'Irene', 'last': 'Romero'}, 'location': {'street': {'number': 9279, 'name': 'Calle de La Luna'}, 'city': 'Talavera de la Reina', 'st...</msg>
<var>${json_data}</var>
<arg>${response.json()}</arg>
<doc>Returns the given values which can then be assigned to a variables.</doc>
<status status="PASS" start="2024-05-04T08:16:17.261197" elapsed="0.000478"/>
</kw>
<kw name="Dictionary Should Contain Key" owner="Collections">
<msg time="2024-05-04T08:16:17.262140" level="INFO">False</msg>
<arg>${json_data}</arg>
<arg>results</arg>
<doc>Fails if ``key`` is not found from ``dictionary``.</doc>
<status status="PASS" start="2024-05-04T08:16:17.261974" elapsed="0.000206"/>
</kw>
<status status="PASS" start="2024-05-04T08:16:17.185873" elapsed="0.076565"/>
</kw>
<doc>Testa se a API responde corretamente e retorna um objeto JSON válido.</doc>
<tag>testeRequisicaoBasica</tag>
<status status="PASS" start="2024-05-04T08:16:17.185380" elapsed="0.077242"/>
</test>
<test id="s1-s1-t3" name="Validar estrutura de resposta" line="22">
<kw name="Teste de Estrutura de Resposta" owner="random-user-service">
<kw name="GET On Session" owner="RequestsLibrary">
<msg time="2024-05-04T08:16:17.362676" level="INFO">GET Request : url=https://randomuser.me/api 
 path_url=/api 
 headers={'User-Agent': 'python-requests/2.31.0', 'Accept-Encoding': 'gzip, deflate', 'Accept': '*/*', 'Connection': 'keep-alive'} 
 body=None 
 </msg>
<msg time="2024-05-04T08:16:17.362774" level="INFO">GET Response : url=https://randomuser.me/api 
 status=200, reason=OK 
 headers={'Date': 'Sat, 04 May 2024 08:16:17 GMT', 'Content-Type': 'application/json; charset=utf-8', 'Transfer-Encoding': 'chunked', 'Connection': 'keep-alive', 'X-Powered-By': 'Express', 'Access-Control-Allow-Origin': '*', 'Cache-Control': 'no-cache', 'ETag': 'W/"499-NMhdllAhb6RroVeMSN9vfs+qQsE"', 'Vary': 'Accept-Encoding', 'Content-Encoding': 'gzip', 'CF-Cache-Status': 'DYNAMIC', 'Report-To': '{"endpoints":[{"url":"https:\\/\\/a.nel.cloudflare.com\\/report\\/v4?s=%2FPtxbr4quRN8aLN8G1vATlhpsIQZvi%2BmY2TWK5gcX4P%2Fo8UDDqst8%2F4jkqapvDc1kHkNswOV38n4S2btgrTPMo4EM%2FMCIMZXdIk3iSlhLAn2ByoBgUV8URW9mkakz%2Fh5"}],"group":"cf-nel","max_age":604800}', 'NEL': '{"success_fraction":0,"report_to":"cf-nel","max_age":604800}', 'Server': 'cloudflare', 'CF-RAY': '87e70c3bee943b0e-IAD', 'alt-svc': 'h3=":443"; ma=86400'} 
 body={"results":[{"gender":"female","name":{"title":"Ms","first":"تارا","last":"موسوی"},"location":{"street":{"number":7949,"name":"امام خمینی"},"city":"بیرجند","state":"اردبیل","country":"Iran","postcode":60276,"coordinates":{"latitude":"18.1228","longitude":"73.3946"},"timezone":{"offset":"-5:00","description":"Eastern Time (US &amp; Canada), Bogota, Lima"}},"email":"tr.mwswy@example.com","login":{"uuid":"4ae3c141-85a4-4cc7-909d-a1c8ba31ddaf","username":"smallmouse198","password":"maxell","salt":"wMtWWEub","md5":"7308efe35e364dbefb61f49d7e9b8c14","sha1":"88f1edd5624bb7974644a90a8a672bd001da3ef5","sha256":"9f651248afeb049b99f7bc5b6232381af41373d112b04f928e96ce07162d8ef9"},"dob":{"date":"1990-08-04T17:24:56.578Z","age":33},"registered":{"date":"2013-07-22T03:26:56.535Z","age":10},"phone":"062-18869023","cell":"0993-607-5370","id":{"name":"","value":null},"picture":{"large":"https://randomuser.me/api/portraits/women/69.jpg","medium":"https://randomuser.me/api/portraits/med/women/69.jpg","thumbnail":"https://randomuser.me/api/portraits/thumb/women/69.jpg"},"nat":"IR"}],"info":{"seed":"6960da4fea167338","results":1,"page":1,"version":"1.4"}} 
 </msg>
<msg time="2024-05-04T08:16:17.362886" level="INFO">/opt/hostedtoolcache/Python/3.12.3/x64/lib/python3.12/site-packages/urllib3/connectionpool.py:1103: InsecureRequestWarning: Unverified HTTPS request is being made to host 'randomuser.me'. Adding certificate verification is strongly advised. See: https://urllib3.readthedocs.io/en/latest/advanced-usage.html#tls-warnings
  warnings.warn(</msg>
<msg time="2024-05-04T08:16:17.363012" level="INFO">${response} = &lt;Response [200]&gt;</msg>
<var>${response}</var>
<arg>consultarAPI</arg>
<arg>/api</arg>
<doc>Sends a GET request on a previously created HTTP Session.</doc>
<status status="PASS" start="2024-05-04T08:16:17.265345" elapsed="0.097708"/>
</kw>
<kw name="Set Variable" owner="BuiltIn">
<msg time="2024-05-04T08:16:17.363952" level="INFO">${json_data} = {'results': [{'gender': 'female', 'name': {'title': 'Ms', 'first': 'تارا', 'last': 'موسوی'}, 'location': {'street': {'number': 7949, 'name': 'امام خمینی'}, 'city': 'بیرجند', 'state': 'اردبیل', 'countr...</msg>
<var>${json_data}</var>
<arg>${response.json()}</arg>
<doc>Returns the given values which can then be assigned to a variables.</doc>
<status status="PASS" start="2024-05-04T08:16:17.363457" elapsed="0.000525"/>
</kw>
<kw name="Log" owner="BuiltIn">
<msg time="2024-05-04T08:16:17.364459" level="INFO">{'results': [{'gender': 'female', 'name': {'title': 'Ms', 'first': 'تارا', 'last': 'موسوی'}, 'location': {'street': {'number': 7949, 'name': 'امام خمینی'}, 'city': 'بیرجند', 'state': 'اردبیل', 'country': 'Iran', 'postcode': 60276, 'coordinates': {'latitude': '18.1228', 'longitude': '73.3946'}, 'timezone': {'offset': '-5:00', 'description': 'Eastern Time (US &amp; Canada), Bogota, Lima'}}, 'email': 'tr.mwswy@example.com', 'login': {'uuid': '4ae3c141-85a4-4cc7-909d-a1c8ba31ddaf', 'username': 'smallmouse198', 'password': 'maxell', 'salt': 'wMtWWEub', 'md5': '7308efe35e364dbefb61f49d7e9b8c14', 'sha1': '88f1edd5624bb7974644a90a8a672bd001da3ef5', 'sha256': '9f651248afeb049b99f7bc5b6232381af41373d112b04f928e96ce07162d8ef9'}, 'dob': {'date': '1990-08-04T17:24:56.578Z', 'age': 33}, 'registered': {'date': '2013-07-22T03:26:56.535Z', 'age': 10}, 'phone': '062-18869023', 'cell': '0993-607-5370', 'id': {'name': '', 'value': None}, 'picture': {'large': 'https://randomuser.me/api/portraits/women/69.jpg', 'medium': 'https://randomuser.me/api/portraits/med/women/69.jpg', 'thumbnail': 'https://randomuser.me/api/portraits/thumb/women/69.jpg'}, 'nat': 'IR'}], 'info': {'seed': '6960da4fea167338', 'results': 1, 'page': 1, 'version': '1.4'}}</msg>
<arg>${json_data}</arg>
<doc>Logs the given message with the given level.</doc>
<status status="PASS" start="2024-05-04T08:16:17.364291" elapsed="0.000223"/>
</kw>
<kw name="Dictionary Should Contain Key" owner="Collections">
<msg time="2024-05-04T08:16:17.365063" level="INFO">False</msg>
<arg>${json_data}</arg>
<arg>results</arg>
<doc>Fails if ``key`` is not found from ``dictionary``.</doc>
<status status="PASS" start="2024-05-04T08:16:17.364880" elapsed="0.000223"/>
</kw>
<kw name="Should Not Be Empty" owner="BuiltIn">
<msg time="2024-05-04T08:16:17.365538" level="INFO">Length is 2.</msg>
<arg>${json_data}</arg>
<doc>Verifies that the given item is not empty.</doc>
<status status="PASS" start="2024-05-04T08:16:17.365404" elapsed="0.000174"/>
</kw>
<kw name="Create List" owner="BuiltIn">
<msg time="2024-05-04T08:16:17.366170" level="INFO">${expected_keys} = ['gender', 'name', 'location', 'email', 'login']</msg>
<var>${expected_keys}</var>
<arg>gender</arg>
<arg>name</arg>
<arg>location</arg>
<arg>email</arg>
<arg>login</arg>
<doc>Returns a list containing given items.</doc>
<status status="PASS" start="2024-05-04T08:16:17.365868" elapsed="0.000328"/>
</kw>
<for flavor="IN">
<iter>
<kw name="Dictionary Should Contain Key" owner="Collections">
<msg time="2024-05-04T08:16:17.367188" level="INFO">False</msg>
<arg>${json_data['results'][0]}</arg>
<arg>${key}</arg>
<doc>Fails if ``key`` is not found from ``dictionary``.</doc>
<status status="PASS" start="2024-05-04T08:16:17.366785" elapsed="0.000443"/>
</kw>
<kw name="Log" owner="BuiltIn">
<msg time="2024-05-04T08:16:17.367892" level="INFO">{'gender': 'female', 'name': {'title': 'Ms', 'first': 'تارا', 'last': 'موسوی'}, 'location': {'street': {'number': 7949, 'name': 'امام خمینی'}, 'city': 'بیرجند', 'state': 'اردبیل', 'country': 'Iran', 'postcode': 60276, 'coordinates': {'latitude': '18.1228', 'longitude': '73.3946'}, 'timezone': {'offset': '-5:00', 'description': 'Eastern Time (US &amp; Canada), Bogota, Lima'}}, 'email': 'tr.mwswy@example.com', 'login': {'uuid': '4ae3c141-85a4-4cc7-909d-a1c8ba31ddaf', 'username': 'smallmouse198', 'password': 'maxell', 'salt': 'wMtWWEub', 'md5': '7308efe35e364dbefb61f49d7e9b8c14', 'sha1': '88f1edd5624bb7974644a90a8a672bd001da3ef5', 'sha256': '9f651248afeb049b99f7bc5b6232381af41373d112b04f928e96ce07162d8ef9'}, 'dob': {'date': '1990-08-04T17:24:56.578Z', 'age': 33}, 'registered': {'date': '2013-07-22T03:26:56.535Z', 'age': 10}, 'phone': '062-18869023', 'cell': '0993-607-5370', 'id': {'name': '', 'value': None}, 'picture': {'large': 'https://randomuser.me/api/portraits/women/69.jpg', 'medium': 'https://randomuser.me/api/portraits/med/women/69.jpg', 'thumbnail': 'https://randomuser.me/api/portraits/thumb/women/69.jpg'}, 'nat': 'IR'}</msg>
<arg>${json_data['results'][0]}</arg>
<doc>Logs the given message with the given level.</doc>
<status status="PASS" start="2024-05-04T08:16:17.367523" elapsed="0.000423"/>
</kw>
<kw name="Log" owner="BuiltIn">
<msg time="2024-05-04T08:16:17.368379" level="INFO">gender</msg>
<arg>${key}</arg>
<doc>Logs the given message with the given level.</doc>
<status status="PASS" start="2024-05-04T08:16:17.368250" elapsed="0.000167"/>
</kw>
<var name="${key}">gender</var>
<status status="PASS" start="2024-05-04T08:16:17.366660" elapsed="0.001992"/>
</iter>
<iter>
<kw name="Dictionary Should Contain Key" owner="Collections">
<msg time="2024-05-04T08:16:17.369341" level="INFO">False</msg>
<arg>${json_data['results'][0]}</arg>
<arg>${key}</arg>
<doc>Fails if ``key`` is not found from ``dictionary``.</doc>
<status status="PASS" start="2024-05-04T08:16:17.368955" elapsed="0.000424"/>
</kw>
<kw name="Log" owner="BuiltIn">
<msg time="2024-05-04T08:16:17.370068" level="INFO">{'gender': 'female', 'name': {'title': 'Ms', 'first': 'تارا', 'last': 'موسوی'}, 'location': {'street': {'number': 7949, 'name': 'امام خمینی'}, 'city': 'بیرجند', 'state': 'اردبیل', 'country': 'Iran', 'postcode': 60276, 'coordinates': {'latitude': '18.1228', 'longitude': '73.3946'}, 'timezone': {'offset': '-5:00', 'description': 'Eastern Time (US &amp; Canada), Bogota, Lima'}}, 'email': 'tr.mwswy@example.com', 'login': {'uuid': '4ae3c141-85a4-4cc7-909d-a1c8ba31ddaf', 'username': 'smallmouse198', 'password': 'maxell', 'salt': 'wMtWWEub', 'md5': '7308efe35e364dbefb61f49d7e9b8c14', 'sha1': '88f1edd5624bb7974644a90a8a672bd001da3ef5', 'sha256': '9f651248afeb049b99f7bc5b6232381af41373d112b04f928e96ce07162d8ef9'}, 'dob': {'date': '1990-08-04T17:24:56.578Z', 'age': 33}, 'registered': {'date': '2013-07-22T03:26:56.535Z', 'age': 10}, 'phone': '062-18869023', 'cell': '0993-607-5370', 'id': {'name': '', 'value': None}, 'picture': {'large': 'https://randomuser.me/api/portraits/women/69.jpg', 'medium': 'https://randomuser.me/api/portraits/med/women/69.jpg', 'thumbnail': 'https://randomuser.me/api/portraits/thumb/women/69.jpg'}, 'nat': 'IR'}</msg>
<arg>${json_data['results'][0]}</arg>
<doc>Logs the given message with the given level.</doc>
<status status="PASS" start="2024-05-04T08:16:17.369700" elapsed="0.000422"/>
</kw>
<kw name="Log" owner="BuiltIn">
<msg time="2024-05-04T08:16:17.370581" level="INFO">name</msg>
<arg>${key}</arg>
<doc>Logs the given message with the given level.</doc>
<status status="PASS" start="2024-05-04T08:16:17.370439" elapsed="0.000181"/>
</kw>
<var name="${key}">name</var>
<status status="PASS" start="2024-05-04T08:16:17.368841" elapsed="0.001999"/>
</iter>
<iter>
<kw name="Dictionary Should Contain Key" owner="Collections">
<msg time="2024-05-04T08:16:17.371514" level="INFO">False</msg>
<arg>${json_data['results'][0]}</arg>
<arg>${key}</arg>
<doc>Fails if ``key`` is not found from ``dictionary``.</doc>
<status status="PASS" start="2024-05-04T08:16:17.371132" elapsed="0.000426"/>
</kw>
<kw name="Log" owner="BuiltIn">
<msg time="2024-05-04T08:16:17.372216" level="INFO">{'gender': 'female', 'name': {'title': 'Ms', 'first': 'تارا', 'last': 'موسوی'}, 'location': {'street': {'number': 7949, 'name': 'امام خمینی'}, 'city': 'بیرجند', 'state': 'اردبیل', 'country': 'Iran', 'postcode': 60276, 'coordinates': {'latitude': '18.1228', 'longitude': '73.3946'}, 'timezone': {'offset': '-5:00', 'description': 'Eastern Time (US &amp; Canada), Bogota, Lima'}}, 'email': 'tr.mwswy@example.com', 'login': {'uuid': '4ae3c141-85a4-4cc7-909d-a1c8ba31ddaf', 'username': 'smallmouse198', 'password': 'maxell', 'salt': 'wMtWWEub', 'md5': '7308efe35e364dbefb61f49d7e9b8c14', 'sha1': '88f1edd5624bb7974644a90a8a672bd001da3ef5', 'sha256': '9f651248afeb049b99f7bc5b6232381af41373d112b04f928e96ce07162d8ef9'}, 'dob': {'date': '1990-08-04T17:24:56.578Z', 'age': 33}, 'registered': {'date': '2013-07-22T03:26:56.535Z', 'age': 10}, 'phone': '062-18869023', 'cell': '0993-607-5370', 'id': {'name': '', 'value': None}, 'picture': {'large': 'https://randomuser.me/api/portraits/women/69.jpg', 'medium': 'https://randomuser.me/api/portraits/med/women/69.jpg', 'thumbnail': 'https://randomuser.me/api/portraits/thumb/women/69.jpg'}, 'nat': 'IR'}</msg>
<arg>${json_data['results'][0]}</arg>
<doc>Logs the given message with the given level.</doc>
<status status="PASS" start="2024-05-04T08:16:17.371856" elapsed="0.000411"/>
</kw>
<kw name="Log" owner="BuiltIn">
<msg time="2024-05-04T08:16:17.372724" level="INFO">location</msg>
<arg>${key}</arg>
<doc>Logs the given message with the given level.</doc>
<status status="PASS" start="2024-05-04T08:16:17.372562" elapsed="0.000203"/>
</kw>
<var name="${key}">location</var>
<status status="PASS" start="2024-05-04T08:16:17.371020" elapsed="0.001962"/>
</iter>
<iter>
<kw name="Dictionary Should Contain Key" owner="Collections">
<msg time="2024-05-04T08:16:17.373650" level="INFO">False</msg>
<arg>${json_data['results'][0]}</arg>
<arg>${key}</arg>
<doc>Fails if ``key`` is not found from ``dictionary``.</doc>
<status status="PASS" start="2024-05-04T08:16:17.373266" elapsed="0.000422"/>
</kw>
<kw name="Log" owner="BuiltIn">
<msg time="2024-05-04T08:16:17.374367" level="INFO">{'gender': 'female', 'name': {'title': 'Ms', 'first': 'تارا', 'last': 'موسوی'}, 'location': {'street': {'number': 7949, 'name': 'امام خمینی'}, 'city': 'بیرجند', 'state': 'اردبیل', 'country': 'Iran', 'postcode': 60276, 'coordinates': {'latitude': '18.1228', 'longitude': '73.3946'}, 'timezone': {'offset': '-5:00', 'description': 'Eastern Time (US &amp; Canada), Bogota, Lima'}}, 'email': 'tr.mwswy@example.com', 'login': {'uuid': '4ae3c141-85a4-4cc7-909d-a1c8ba31ddaf', 'username': 'smallmouse198', 'password': 'maxell', 'salt': 'wMtWWEub', 'md5': '7308efe35e364dbefb61f49d7e9b8c14', 'sha1': '88f1edd5624bb7974644a90a8a672bd001da3ef5', 'sha256': '9f651248afeb049b99f7bc5b6232381af41373d112b04f928e96ce07162d8ef9'}, 'dob': {'date': '1990-08-04T17:24:56.578Z', 'age': 33}, 'registered': {'date': '2013-07-22T03:26:56.535Z', 'age': 10}, 'phone': '062-18869023', 'cell': '0993-607-5370', 'id': {'name': '', 'value': None}, 'picture': {'large': 'https://randomuser.me/api/portraits/women/69.jpg', 'medium': 'https://randomuser.me/api/portraits/med/women/69.jpg', 'thumbnail': 'https://randomuser.me/api/portraits/thumb/women/69.jpg'}, 'nat': 'IR'}</msg>
<arg>${json_data['results'][0]}</arg>
<doc>Logs the given message with the given level.</doc>
<status status="PASS" start="2024-05-04T08:16:17.373981" elapsed="0.000441"/>
</kw>
<kw name="Log" owner="BuiltIn">
<msg time="2024-05-04T08:16:17.374851" level="INFO">email</msg>
<arg>${key}</arg>
<doc>Logs the given message with the given level.</doc>
<status status="PASS" start="2024-05-04T08:16:17.374723" elapsed="0.000166"/>
</kw>
<var name="${key}">email</var>
<status status="PASS" start="2024-05-04T08:16:17.373154" elapsed="0.001954"/>
</iter>
<iter>
<kw name="Dictionary Should Contain Key" owner="Collections">
<msg time="2024-05-04T08:16:17.375783" level="INFO">False</msg>
<arg>${json_data['results'][0]}</arg>
<arg>${key}</arg>
<doc>Fails if ``key`` is not found from ``dictionary``.</doc>
<status status="PASS" start="2024-05-04T08:16:17.375390" elapsed="0.000432"/>
</kw>
<kw name="Log" owner="BuiltIn">
<msg time="2024-05-04T08:16:17.376488" level="INFO">{'gender': 'female', 'name': {'title': 'Ms', 'first': 'تارا', 'last': 'موسوی'}, 'location': {'street': {'number': 7949, 'name': 'امام خمینی'}, 'city': 'بیرجند', 'state': 'اردبیل', 'country': 'Iran', 'postcode': 60276, 'coordinates': {'latitude': '18.1228', 'longitude': '73.3946'}, 'timezone': {'offset': '-5:00', 'description': 'Eastern Time (US &amp; Canada), Bogota, Lima'}}, 'email': 'tr.mwswy@example.com', 'login': {'uuid': '4ae3c141-85a4-4cc7-909d-a1c8ba31ddaf', 'username': 'smallmouse198', 'password': 'maxell', 'salt': 'wMtWWEub', 'md5': '7308efe35e364dbefb61f49d7e9b8c14', 'sha1': '88f1edd5624bb7974644a90a8a672bd001da3ef5', 'sha256': '9f651248afeb049b99f7bc5b6232381af41373d112b04f928e96ce07162d8ef9'}, 'dob': {'date': '1990-08-04T17:24:56.578Z', 'age': 33}, 'registered': {'date': '2013-07-22T03:26:56.535Z', 'age': 10}, 'phone': '062-18869023', 'cell': '0993-607-5370', 'id': {'name': '', 'value': None}, 'picture': {'large': 'https://randomuser.me/api/portraits/women/69.jpg', 'medium': 'https://randomuser.me/api/portraits/med/women/69.jpg', 'thumbnail': 'https://randomuser.me/api/portraits/thumb/women/69.jpg'}, 'nat': 'IR'}</msg>
<arg>${json_data['results'][0]}</arg>
<doc>Logs the given message with the given level.</doc>
<status status="PASS" start="2024-05-04T08:16:17.376117" elapsed="0.000422"/>
</kw>
<kw name="Log" owner="BuiltIn">
<msg time="2024-05-04T08:16:17.376993" level="INFO">login</msg>
<arg>${key}</arg>
<doc>Logs the given message with the given level.</doc>
<status status="PASS" start="2024-05-04T08:16:17.376866" elapsed="0.000165"/>
</kw>
<var name="${key}">login</var>
<status status="PASS" start="2024-05-04T08:16:17.375279" elapsed="0.001998"/>
</iter>
<var>${key}</var>
<value>@{expected_keys}</value>
<status status="PASS" start="2024-05-04T08:16:17.366467" elapsed="0.010934"/>
</for>
<kw name="Create List" owner="BuiltIn">
<msg time="2024-05-04T08:16:17.377734" level="INFO">${expected_keysTwo} = ['username', 'password']</msg>
<var>${expected_keysTwo}</var>
<arg>username</arg>
<arg>password</arg>
<doc>Returns a list containing given items.</doc>
<status status="PASS" start="2024-05-04T08:16:17.377598" elapsed="0.000160"/>
</kw>
<for flavor="IN">
<iter>
<kw name="Dictionary Should Contain Key" owner="Collections">
<msg time="2024-05-04T08:16:17.378640" level="INFO">False</msg>
<arg>${json_data['results'][0]['login']}</arg>
<arg>${keyTwo}</arg>
<doc>Fails if ``key`` is not found from ``dictionary``.</doc>
<status status="PASS" start="2024-05-04T08:16:17.378254" elapsed="0.000424"/>
</kw>
<kw name="Dictionary Should Contain Key" owner="Collections">
<msg time="2024-05-04T08:16:17.379355" level="INFO">False</msg>
<arg>${json_data['results'][0]['login']}</arg>
<arg>${keyTwo}</arg>
<doc>Fails if ``key`` is not found from ``dictionary``.</doc>
<status status="PASS" start="2024-05-04T08:16:17.378970" elapsed="0.000423"/>
</kw>
<kw name="Log" owner="BuiltIn">
<msg time="2024-05-04T08:16:17.379809" level="INFO">username</msg>
<arg>${keyTwo}</arg>
<doc>Logs the given message with the given level.</doc>
<status status="PASS" start="2024-05-04T08:16:17.379682" elapsed="0.000173"/>
</kw>
<var name="${keyTwo}">username</var>
<status status="PASS" start="2024-05-04T08:16:17.378144" elapsed="0.001923"/>
</iter>
<iter>
<kw name="Dictionary Should Contain Key" owner="Collections">
<msg time="2024-05-04T08:16:17.380760" level="INFO">False</msg>
<arg>${json_data['results'][0]['login']}</arg>
<arg>${keyTwo}</arg>
<doc>Fails if ``key`` is not found from ``dictionary``.</doc>
<status status="PASS" start="2024-05-04T08:16:17.380344" elapsed="0.000455"/>
</kw>
<kw name="Dictionary Should Contain Key" owner="Collections">
<msg time="2024-05-04T08:16:17.381567" level="INFO">False</msg>
<arg>${json_data['results'][0]['login']}</arg>
<arg>${keyTwo}</arg>
<doc>Fails if ``key`` is not found from ``dictionary``.</doc>
<status status="PASS" start="2024-05-04T08:16:17.381094" elapsed="0.000512"/>
</kw>
<kw name="Log" owner="BuiltIn">
<msg time="2024-05-04T08:16:17.382028" level="INFO">password</msg>
<arg>${keyTwo}</arg>
<doc>Logs the given message with the given level.</doc>
<status status="PASS" start="2024-05-04T08:16:17.381902" elapsed="0.000164"/>
</kw>
<var name="${keyTwo}">password</var>
<status status="PASS" start="2024-05-04T08:16:17.380236" elapsed="0.002044"/>
</iter>
<var>${keyTwo}</var>
<value>@{expected_keysTwo}</value>
<status status="PASS" start="2024-05-04T08:16:17.377993" elapsed="0.004409"/>
</for>
<status status="PASS" start="2024-05-04T08:16:17.265109" elapsed="0.117433"/>
</kw>
<doc>Testa a estrutura da resposta da API.</doc>
<tag>testeEstruturaResposta</tag>
<status status="PASS" start="2024-05-04T08:16:17.264472" elapsed="0.118223"/>
</test>
<test id="s1-s1-t4" name="Validar tipos de dados" line="28">
<kw name="Teste de Tipos de Dados" owner="random-user-service">
<kw name="GET On Session" owner="RequestsLibrary">
<msg time="2024-05-04T08:16:17.461601" level="INFO">GET Request : url=https://randomuser.me/api 
 path_url=/api 
 headers={'User-Agent': 'python-requests/2.31.0', 'Accept-Encoding': 'gzip, deflate', 'Accept': '*/*', 'Connection': 'keep-alive'} 
 body=None 
 </msg>
<msg time="2024-05-04T08:16:17.461713" level="INFO">GET Response : url=https://randomuser.me/api 
 status=200, reason=OK 
 headers={'Date': 'Sat, 04 May 2024 08:16:17 GMT', 'Content-Type': 'application/json; charset=utf-8', 'Transfer-Encoding': 'chunked', 'Connection': 'keep-alive', 'X-Powered-By': 'Express', 'Access-Control-Allow-Origin': '*', 'Cache-Control': 'no-cache', 'ETag': 'W/"46e-TdcDui4ckH5/901NkHrP+QhYg8E"', 'Vary': 'Accept-Encoding', 'Content-Encoding': 'gzip', 'CF-Cache-Status': 'DYNAMIC', 'Report-To': '{"endpoints":[{"url":"https:\\/\\/a.nel.cloudflare.com\\/report\\/v4?s=aMY0jrhq%2BUf98PlChwdOMQYFYnM23TlsGl5jOX0tm64vP3bb0CD1lBFzW4ewTjZhYqkQCFtlrYom50VCo0SstAyygM%2Bm6RuW8wthMYzn3aflgr8%2FY1tisuuOuGfzgQEj"}],"group":"cf-nel","max_age":604800}', 'NEL': '{"success_fraction":0,"report_to":"cf-nel","max_age":604800}', 'Server': 'cloudflare', 'CF-RAY': '87e70c3caf523b0e-IAD', 'alt-svc': 'h3=":443"; ma=86400'} 
 body={"results":[{"gender":"male","name":{"title":"Mr","first":"Özkan","last":"Arslanoğlu"},"location":{"street":{"number":5599,"name":"Necatibey Cd"},"city":"Afyonkarahisar","state":"Aydın","country":"Turkey","postcode":36541,"coordinates":{"latitude":"70.2830","longitude":"-12.0188"},"timezone":{"offset":"+4:30","description":"Kabul"}},"email":"ozkan.arslanoglu@example.com","login":{"uuid":"e1a88014-40dc-4400-8c53-890155a87f45","username":"greenduck555","password":"scotland","salt":"sc1Wrcaa","md5":"7d92db756f81e084f82fb12452301405","sha1":"ad6ec40abe8fe75da4b4614737bac1b71f20f34c","sha256":"7436d250ff4a8f34265c08874a908f67dc68ad443fe73c42dd685998eb079b24"},"dob":{"date":"1980-01-14T01:44:04.859Z","age":44},"registered":{"date":"2003-06-04T04:22:09.858Z","age":20},"phone":"(336)-549-2336","cell":"(412)-977-5901","id":{"name":"","value":null},"picture":{"large":"https://randomuser.me/api/portraits/men/7.jpg","medium":"https://randomuser.me/api/portraits/med/men/7.jpg","thumbnail":"https://randomuser.me/api/portraits/thumb/men/7.jpg"},"nat":"TR"}],"info":{"seed":"472702138eac8904","results":1,"page":1,"version":"1.4"}} 
 </msg>
<msg time="2024-05-04T08:16:17.461793" level="INFO">/opt/hostedtoolcache/Python/3.12.3/x64/lib/python3.12/site-packages/urllib3/connectionpool.py:1103: InsecureRequestWarning: Unverified HTTPS request is being made to host 'randomuser.me'. Adding certificate verification is strongly advised. See: https://urllib3.readthedocs.io/en/latest/advanced-usage.html#tls-warnings
  warnings.warn(</msg>
<msg time="2024-05-04T08:16:17.461942" level="INFO">${response} = &lt;Response [200]&gt;</msg>
<var>${response}</var>
<arg>consultarAPI</arg>
<arg>/api</arg>
<doc>Sends a GET request on a previously created HTTP Session.</doc>
<status status="PASS" start="2024-05-04T08:16:17.385240" elapsed="0.076745"/>
</kw>
<kw name="Set Variable" owner="BuiltIn">
<msg time="2024-05-04T08:16:17.463027" level="INFO">${json_data} = {'results': [{'gender': 'male', 'name': {'title': 'Mr', 'first': 'Özkan', 'last': 'Arslanoğlu'}, 'location': {'street': {'number': 5599, 'name': 'Necatibey Cd'}, 'city': 'Afyonkarahisar', 'state': 'Ay...</msg>
<var>${json_data}</var>
<arg>${response.json()}</arg>
<doc>Returns the given values which can then be assigned to a variables.</doc>
<status status="PASS" start="2024-05-04T08:16:17.462497" elapsed="0.000560"/>
</kw>
<kw name="Log" owner="BuiltIn">
<msg time="2024-05-04T08:16:17.463525" level="INFO">{'results': [{'gender': 'male', 'name': {'title': 'Mr', 'first': 'Özkan', 'last': 'Arslanoğlu'}, 'location': {'street': {'number': 5599, 'name': 'Necatibey Cd'}, 'city': 'Afyonkarahisar', 'state': 'Aydın', 'country': 'Turkey', 'postcode': 36541, 'coordinates': {'latitude': '70.2830', 'longitude': '-12.0188'}, 'timezone': {'offset': '+4:30', 'description': 'Kabul'}}, 'email': 'ozkan.arslanoglu@example.com', 'login': {'uuid': 'e1a88014-40dc-4400-8c53-890155a87f45', 'username': 'greenduck555', 'password': 'scotland', 'salt': 'sc1Wrcaa', 'md5': '7d92db756f81e084f82fb12452301405', 'sha1': 'ad6ec40abe8fe75da4b4614737bac1b71f20f34c', 'sha256': '7436d250ff4a8f34265c08874a908f67dc68ad443fe73c42dd685998eb079b24'}, 'dob': {'date': '1980-01-14T01:44:04.859Z', 'age': 44}, 'registered': {'date': '2003-06-04T04:22:09.858Z', 'age': 20}, 'phone': '(336)-549-2336', 'cell': '(412)-977-5901', 'id': {'name': '', 'value': None}, 'picture': {'large': 'https://randomuser.me/api/portraits/men/7.jpg', 'medium': 'https://randomuser.me/api/portraits/med/men/7.jpg', 'thumbnail': 'https://randomuser.me/api/portraits/thumb/men/7.jpg'}, 'nat': 'TR'}], 'info': {'seed': '472702138eac8904', 'results': 1, 'page': 1, 'version': '1.4'}}</msg>
<arg>${json_data}</arg>
<doc>Logs the given message with the given level.</doc>
<status status="PASS" start="2024-05-04T08:16:17.463365" elapsed="0.000252"/>
</kw>
<kw name="Should Be String" owner="String">
<arg>${json_data['results'][0]['gender']}</arg>
<doc>Fails if the given ``item`` is not a string.</doc>
<status status="PASS" start="2024-05-04T08:16:17.463918" elapsed="0.000365"/>
</kw>
<kw name="Should Match Regexp" owner="BuiltIn">
<arg>${json_data['results'][0]['email']}</arg>
<arg>^[a-zA-Z0-9._%+-]+@[a-zA-Z0-9.-]+\.[a-zA-Z]{2,}$</arg>
<doc>Fails if ``string`` does not match ``pattern`` as a regular expression.</doc>
<status status="PASS" start="2024-05-04T08:16:17.464475" elapsed="0.000569"/>
</kw>
<kw name="Should Match Regexp" owner="BuiltIn">
<arg>${json_data['results'][0]['dob']['date']}</arg>
<arg>\\d{4}-\\d{2}-\\d{2}T\\d{2}:\\d{2}:\\d{2}\\.\\d{3}Z</arg>
<doc>Fails if ``string`` does not match ``pattern`` as a regular expression.</doc>
<status status="PASS" start="2024-05-04T08:16:17.465242" elapsed="0.000490"/>
</kw>
<kw name="Should Match Regexp" owner="BuiltIn">
<arg>${json_data['results'][0]['registered']['date']}</arg>
<arg>\\d{4}-\\d{2}-\\d{2}T\\d{2}:\\d{2}:\\d{2}\\.\\d{3}Z</arg>
<doc>Fails if ``string`` does not match ``pattern`` as a regular expression.</doc>
<status status="PASS" start="2024-05-04T08:16:17.465925" elapsed="0.000379"/>
</kw>
<kw name="Should Match Regexp" owner="BuiltIn">
<arg>${json_data['results'][0]['picture']['large']}</arg>
<arg>^https?://.*\.(?:png|jpe?g|gif|bmp)$</arg>
<doc>Fails if ``string`` does not match ``pattern`` as a regular expression.</doc>
<status status="PASS" start="2024-05-04T08:16:17.466495" elapsed="0.000460"/>
</kw>
<kw name="Should Match Regexp" owner="BuiltIn">
<arg>${json_data['results'][0]['picture']['medium']}</arg>
<arg>^https?://.*\.(?:png|jpe?g|gif|bmp)$</arg>
<doc>Fails if ``string`` does not match ``pattern`` as a regular expression.</doc>
<status status="PASS" start="2024-05-04T08:16:17.467141" elapsed="0.000355"/>
</kw>
<kw name="Should Match Regexp" owner="BuiltIn">
<arg>${json_data['results'][0]['picture']['thumbnail']}</arg>
<arg>^https?://.*\.(?:png|jpe?g|gif|bmp)$</arg>
<doc>Fails if ``string`` does not match ``pattern`` as a regular expression.</doc>
<status status="PASS" start="2024-05-04T08:16:17.467683" elapsed="0.000347"/>
</kw>
<kw name="Log" owner="BuiltIn">
<msg time="2024-05-04T08:16:17.468529" level="INFO">{'large': 'https://randomuser.me/api/portraits/men/7.jpg', 'medium': 'https://randomuser.me/api/portraits/med/men/7.jpg', 'thumbnail': 'https://randomuser.me/api/portraits/thumb/men/7.jpg'}</msg>
<arg>${json_data['results'][0]['picture']}</arg>
<doc>Logs the given message with the given level.</doc>
<status status="PASS" start="2024-05-04T08:16:17.468207" elapsed="0.000364"/>
</kw>
<status status="PASS" start="2024-05-04T08:16:17.385015" elapsed="0.083840"/>
</kw>
<kw name="Teste de Tipos de Dados - Postcode" owner="random-user-service">
<kw name="GET On Session" owner="RequestsLibrary">
<msg time="2024-05-04T08:16:17.560030" level="INFO">GET Request : url=https://randomuser.me/api 
 path_url=/api 
 headers={'User-Agent': 'python-requests/2.31.0', 'Accept-Encoding': 'gzip, deflate', 'Accept': '*/*', 'Connection': 'keep-alive'} 
 body=None 
 </msg>
<msg time="2024-05-04T08:16:17.560098" level="INFO">GET Response : url=https://randomuser.me/api 
 status=200, reason=OK 
 headers={'Date': 'Sat, 04 May 2024 08:16:17 GMT', 'Content-Type': 'application/json; charset=utf-8', 'Transfer-Encoding': 'chunked', 'Connection': 'keep-alive', 'X-Powered-By': 'Express', 'Access-Control-Allow-Origin': '*', 'Cache-Control': 'no-cache', 'ETag': 'W/"494-FRNFmgtVQeRfFGY7NNe84LkXHRk"', 'Vary': 'Accept-Encoding', 'Content-Encoding': 'gzip', 'CF-Cache-Status': 'DYNAMIC', 'Report-To': '{"endpoints":[{"url":"https:\\/\\/a.nel.cloudflare.com\\/report\\/v4?s=B0Y2dZZhVqdwM94tz%2B7SMcUj6M2O2Ow%2BMewgzF45EGhwnsEGytFsUSjcN3%2Fcp8NMMOk%2BCvaI1%2BiCcXkCJ2IBsHLITvAH%2BrxP4nPYFEth%2BsASVyL8SsBKd4%2BnyvG943CN"}],"group":"cf-nel","max_age":604800}', 'NEL': '{"success_fraction":0,"report_to":"cf-nel","max_age":604800}', 'Server': 'cloudflare', 'CF-RAY': '87e70c3d3fce3b0e-IAD', 'alt-svc': 'h3=":443"; ma=86400'} 
 body={"results":[{"gender":"female","name":{"title":"Miss","first":"Milana","last":"Smørdal"},"location":{"street":{"number":9764,"name":"Møllesvingen"},"city":"Gaupne","state":"Description","country":"Norway","postcode":"5464","coordinates":{"latitude":"45.0922","longitude":"4.4201"},"timezone":{"offset":"-3:00","description":"Brazil, Buenos Aires, Georgetown"}},"email":"milana.smordal@example.com","login":{"uuid":"ac45f933-a502-4cea-8d80-17b6307fc1bd","username":"beautifulbutterfly525","password":"lizzie","salt":"vckV3MV1","md5":"958bb8891d7fc45abe2e92f0e6e66cde","sha1":"6fbcfd911fdd82d78dd3b2bf64435ca196f1bea9","sha256":"d3a833ae9e00baacfda38901eced156d93eadc7683ad7a147f3331c0cce7221c"},"dob":{"date":"1985-03-17T05:59:46.761Z","age":39},"registered":{"date":"2010-02-19T04:00:03.912Z","age":14},"phone":"24970781","cell":"95088712","id":{"name":"FN","value":"17038506633"},"picture":{"large":"https://randomuser.me/api/portraits/women/18.jpg","medium":"https://randomuser.me/api/portraits/med/women/18.jpg","thumbnail":"https://randomuser.me/api/portraits/thumb/women/18.jpg"},"nat":"NO"}],"info":{"seed":"0d9bc0414c3a9c82","results":1,"page":1,"version":"1.4"}} 
 </msg>
<msg time="2024-05-04T08:16:17.560157" level="INFO">/opt/hostedtoolcache/Python/3.12.3/x64/lib/python3.12/site-packages/urllib3/connectionpool.py:1103: InsecureRequestWarning: Unverified HTTPS request is being made to host 'randomuser.me'. Adding certificate verification is strongly advised. See: https://urllib3.readthedocs.io/en/latest/advanced-usage.html#tls-warnings
  warnings.warn(</msg>
<msg time="2024-05-04T08:16:17.560265" level="INFO">${response} = &lt;Response [200]&gt;</msg>
<var>${response}</var>
<arg>consultarAPI</arg>
<arg>/api</arg>
<doc>Sends a GET request on a previously created HTTP Session.</doc>
<status status="PASS" start="2024-05-04T08:16:17.469322" elapsed="0.090985"/>
</kw>
<kw name="Set Variable" owner="BuiltIn">
<msg time="2024-05-04T08:16:17.561211" level="INFO">${json_data} = {'results': [{'gender': 'female', 'name': {'title': 'Miss', 'first': 'Milana', 'last': 'Smørdal'}, 'location': {'street': {'number': 9764, 'name': 'Møllesvingen'}, 'city': 'Gaupne', 'state': 'Descript...</msg>
<var>${json_data}</var>
<arg>${response.json()}</arg>
<doc>Returns the given values which can then be assigned to a variables.</doc>
<status status="PASS" start="2024-05-04T08:16:17.560706" elapsed="0.000549"/>
</kw>
<kw name="Log" owner="BuiltIn">
<msg time="2024-05-04T08:16:17.561788" level="INFO">{'results': [{'gender': 'female', 'name': {'title': 'Miss', 'first': 'Milana', 'last': 'Smørdal'}, 'location': {'street': {'number': 9764, 'name': 'Møllesvingen'}, 'city': 'Gaupne', 'state': 'Description', 'country': 'Norway', 'postcode': '5464', 'coordinates': {'latitude': '45.0922', 'longitude': '4.4201'}, 'timezone': {'offset': '-3:00', 'description': 'Brazil, Buenos Aires, Georgetown'}}, 'email': 'milana.smordal@example.com', 'login': {'uuid': 'ac45f933-a502-4cea-8d80-17b6307fc1bd', 'username': 'beautifulbutterfly525', 'password': 'lizzie', 'salt': 'vckV3MV1', 'md5': '958bb8891d7fc45abe2e92f0e6e66cde', 'sha1': '6fbcfd911fdd82d78dd3b2bf64435ca196f1bea9', 'sha256': 'd3a833ae9e00baacfda38901eced156d93eadc7683ad7a147f3331c0cce7221c'}, 'dob': {'date': '1985-03-17T05:59:46.761Z', 'age': 39}, 'registered': {'date': '2010-02-19T04:00:03.912Z', 'age': 14}, 'phone': '24970781', 'cell': '95088712', 'id': {'name': 'FN', 'value': '17038506633'}, 'picture': {'large': 'https://randomuser.me/api/portraits/women/18.jpg', 'medium': 'https://randomuser.me/api/portraits/med/women/18.jpg', 'thumbnail': 'https://randomuser.me/api/portraits/thumb/women/18.jpg'}, 'nat': 'NO'}], 'info': {'seed': '0d9bc0414c3a9c82', 'results': 1, 'page': 1, 'version': '1.4'}}</msg>
<arg>${json_data}</arg>
<doc>Logs the given message with the given level.</doc>
<status status="PASS" start="2024-05-04T08:16:17.561631" elapsed="0.000239"/>
</kw>
<kw name="Should Be Equal As Numbers" owner="BuiltIn">
<arg>${json_data['results'][0]['location']['postcode']}</arg>
<arg>${json_data['results'][0]['location']['postcode']}</arg>
<doc>Fails if objects are unequal after converting them to real numbers.</doc>
<status status="PASS" start="2024-05-04T08:16:17.562176" elapsed="0.000780"/>
</kw>
<kw name="Log" owner="BuiltIn">
<msg time="2024-05-04T08:16:17.563486" level="INFO">5464</msg>
<arg>${json_data['results'][0]['location']['postcode']}</arg>
<doc>Logs the given message with the given level.</doc>
<status status="PASS" start="2024-05-04T08:16:17.563152" elapsed="0.000374"/>
</kw>
<status status="PASS" start="2024-05-04T08:16:17.469087" elapsed="0.094690"/>
</kw>
<doc>Testa se os tipos de dados na resposta da API estão corretos.</doc>
<tag>testeTiposDados</tag>
<status status="PASS" start="2024-05-04T08:16:17.384460" elapsed="0.179484"/>
</test>
<test id="s1-s1-t5" name="Validar conteudo" line="35">
<kw name="Teste de Tipos de Conteudo" owner="random-user-service">
<kw name="GET On Session" owner="RequestsLibrary">
<msg time="2024-05-04T08:16:17.660841" level="INFO">GET Request : url=https://randomuser.me/api 
 path_url=/api 
 headers={'User-Agent': 'python-requests/2.31.0', 'Accept-Encoding': 'gzip, deflate', 'Accept': '*/*', 'Connection': 'keep-alive'} 
 body=None 
 </msg>
<msg time="2024-05-04T08:16:17.660936" level="INFO">GET Response : url=https://randomuser.me/api 
 status=200, reason=OK 
 headers={'Date': 'Sat, 04 May 2024 08:16:17 GMT', 'Content-Type': 'application/json; charset=utf-8', 'Transfer-Encoding': 'chunked', 'Connection': 'keep-alive', 'X-Powered-By': 'Express', 'Access-Control-Allow-Origin': '*', 'Cache-Control': 'no-cache', 'ETag': 'W/"497-yxBNgpP2Mj76TyhMv8KSArvSY2U"', 'Vary': 'Accept-Encoding', 'Content-Encoding': 'gzip', 'CF-Cache-Status': 'DYNAMIC', 'Report-To': '{"endpoints":[{"url":"https:\\/\\/a.nel.cloudflare.com\\/report\\/v4?s=gTWDEMyauNY9VFHmRMhXThCnm2pI82jVyPPBC2TMDOdKaef6IDox4zK4LgGFUsuKFTdx5tusAaRL3o0SK5%2BRVeZ1TnmFPPGdUQco%2BCqbOCtrohEwqKK1dDs4wF%2Bgy7iQ"}],"group":"cf-nel","max_age":604800}', 'NEL': '{"success_fraction":0,"report_to":"cf-nel","max_age":604800}', 'Server': 'cloudflare', 'CF-RAY': '87e70c3dc84c3b0e-IAD', 'alt-svc': 'h3=":443"; ma=86400'} 
 body={"results":[{"gender":"male","name":{"title":"Mr","first":"Ryder","last":"Ginnish"},"location":{"street":{"number":5473,"name":"Victoria Ave"},"city":"Trout Lake","state":"Nunavut","country":"Canada","postcode":"G4K 0Z4","coordinates":{"latitude":"-66.1906","longitude":"-114.0706"},"timezone":{"offset":"0:00","description":"Western Europe Time, London, Lisbon, Casablanca"}},"email":"ryder.ginnish@example.com","login":{"uuid":"d568ee94-8d06-4496-b931-e1c83ce912e1","username":"browncat939","password":"morton","salt":"GZdAsLAS","md5":"5f7497353481d4edd635aa7d613dce6c","sha1":"e2f4b191f02c5f25c9699a53ecb61f00ab518b58","sha256":"edf7554c435879bf9708570cbf9618cc39605f06043ba06aca4a3dac01be2440"},"dob":{"date":"1948-11-01T13:29:12.116Z","age":75},"registered":{"date":"2017-07-10T09:33:33.573Z","age":6},"phone":"F79 P11-8160","cell":"W40 P14-5426","id":{"name":"SIN","value":"352310346"},"picture":{"large":"https://randomuser.me/api/portraits/men/54.jpg","medium":"https://randomuser.me/api/portraits/med/men/54.jpg","thumbnail":"https://randomuser.me/api/portraits/thumb/men/54.jpg"},"nat":"CA"}],"info":{"seed":"0c79b3233d93e0e9","results":1,"page":1,"version":"1.4"}} 
 </msg>
<msg time="2024-05-04T08:16:17.661011" level="INFO">/opt/hostedtoolcache/Python/3.12.3/x64/lib/python3.12/site-packages/urllib3/connectionpool.py:1103: InsecureRequestWarning: Unverified HTTPS request is being made to host 'randomuser.me'. Adding certificate verification is strongly advised. See: https://urllib3.readthedocs.io/en/latest/advanced-usage.html#tls-warnings
  warnings.warn(</msg>
<msg time="2024-05-04T08:16:17.661147" level="INFO">${response} = &lt;Response [200]&gt;</msg>
<var>${response}</var>
<arg>consultarAPI</arg>
<arg>/api</arg>
<doc>Sends a GET request on a previously created HTTP Session.</doc>
<status status="PASS" start="2024-05-04T08:16:17.566515" elapsed="0.094674"/>
</kw>
<kw name="Set Variable" owner="BuiltIn">
<msg time="2024-05-04T08:16:17.662084" level="INFO">${json_data} = {'results': [{'gender': 'male', 'name': {'title': 'Mr', 'first': 'Ryder', 'last': 'Ginnish'}, 'location': {'street': {'number': 5473, 'name': 'Victoria Ave'}, 'city': 'Trout Lake', 'state': 'Nunavut',...</msg>
<var>${json_data}</var>
<arg>${response.json()}</arg>
<doc>Returns the given values which can then be assigned to a variables.</doc>
<status status="PASS" start="2024-05-04T08:16:17.661614" elapsed="0.000498"/>
</kw>
<kw name="Set Variable" owner="BuiltIn">
<msg time="2024-05-04T08:16:17.662804" level="INFO">${name_title} = Mr</msg>
<var>${name_title}</var>
<arg>${json_data["results"][0]["name"]["title"]}</arg>
<doc>Returns the given values which can then be assigned to a variables.</doc>
<status status="PASS" start="2024-05-04T08:16:17.662410" elapsed="0.000419"/>
</kw>
<kw name="Create List" owner="BuiltIn">
<msg time="2024-05-04T08:16:17.663275" level="INFO">${allowed_titles} = ['Mr', 'Ms', 'Miss', 'Mrs', 'Madame', 'Monsieur']</msg>
<var>${allowed_titles}</var>
<arg>Mr</arg>
<arg>Ms</arg>
<arg>Miss</arg>
<arg>Mrs</arg>
<arg>Madame</arg>
<arg>Monsieur</arg>
<doc>Returns a list containing given items.</doc>
<status status="PASS" start="2024-05-04T08:16:17.663129" elapsed="0.000171"/>
</kw>
<kw name="List Should Contain Value" owner="Collections">
<msg time="2024-05-04T08:16:17.663770" level="INFO">False</msg>
<arg>${allowed_titles}</arg>
<arg>${name_title}</arg>
<doc>Fails if the ``value`` is not found from ``list``.</doc>
<status status="PASS" start="2024-05-04T08:16:17.663599" elapsed="0.000208"/>
</kw>
<kw name="Set Variable" owner="BuiltIn">
<msg time="2024-05-04T08:16:17.664477" level="INFO">${name_country} = CA</msg>
<var>${name_country}</var>
<arg>${json_data["results"][0]["nat"]}</arg>
<doc>Returns the given values which can then be assigned to a variables.</doc>
<status status="PASS" start="2024-05-04T08:16:17.664096" elapsed="0.000405"/>
</kw>
<kw name="Create List" owner="BuiltIn">
<msg time="2024-05-04T08:16:17.665429" level="INFO">${list_country} = ['AD', 'AE', 'AF', 'AG', 'AI', 'AL', 'AM', 'AO', 'AQ', 'AR', 'AS', 'AT', 'AU', 'AW', 'AX', 'AZ', 'BA', 'BB', 'BD', 'BE', 'BF', 'BG', 'BH', 'BI', 'BJ', 'BL', 'BM', 'BN', 'BO', 'BQ', 'BR', 'BS', 'BT', '...</msg>
<var>${list_country}</var>
<arg>AD</arg>
<arg>AE</arg>
<arg>AF</arg>
<arg>AG</arg>
<arg>AI</arg>
<arg>AL</arg>
<arg>AM</arg>
<arg>AO</arg>
<arg>AQ</arg>
<arg>AR</arg>
<arg>AS</arg>
<arg>AT</arg>
<arg>AU</arg>
<arg>AW</arg>
<arg>AX</arg>
<arg>AZ</arg>
<arg>BA</arg>
<arg>BB</arg>
<arg>BD</arg>
<arg>BE</arg>
<arg>BF</arg>
<arg>BG</arg>
<arg>BH</arg>
<arg>BI</arg>
<arg>BJ</arg>
<arg>BL</arg>
<arg>BM</arg>
<arg>BN</arg>
<arg>BO</arg>
<arg>BQ</arg>
<arg>BR</arg>
<arg>BS</arg>
<arg>BT</arg>
<arg>BV</arg>
<arg>BW</arg>
<arg>BY</arg>
<arg>BZ</arg>
<arg>CA</arg>
<arg>CC</arg>
<arg>CD</arg>
<arg>CF</arg>
<arg>CG</arg>
<arg>CH</arg>
<arg>CI</arg>
<arg>CK</arg>
<arg>CL</arg>
<arg>CM</arg>
<arg>CN</arg>
<arg>CO</arg>
<arg>CR</arg>
<arg>CU</arg>
<arg>CV</arg>
<arg>CW</arg>
<arg>CX</arg>
<arg>CY</arg>
<arg>CZ</arg>
<arg>DE</arg>
<arg>DJ</arg>
<arg>DK</arg>
<arg>DM</arg>
<arg>DO</arg>
<arg>DZ</arg>
<arg>EC</arg>
<arg>EE</arg>
<arg>EG</arg>
<arg>EH</arg>
<arg>ER</arg>
<arg>ES</arg>
<arg>ET</arg>
<arg>FI</arg>
<arg>FJ</arg>
<arg>FK</arg>
<arg>FM</arg>
<arg>FO</arg>
<arg>FR</arg>
<arg>GA</arg>
<arg>GB</arg>
<arg>GD</arg>
<arg>GE</arg>
<arg>GF</arg>
<arg>GG</arg>
<arg>GH</arg>
<arg>GI</arg>
<arg>GL</arg>
<arg>GM</arg>
<arg>GN</arg>
<arg>GP</arg>
<arg>GQ</arg>
<arg>GR</arg>
<arg>GS</arg>
<arg>GT</arg>
<arg>GU</arg>
<arg>GW</arg>
<arg>GY</arg>
<arg>HK</arg>
<arg>HM</arg>
<arg>HN</arg>
<arg>HR</arg>
<arg>HT</arg>
<arg>HU</arg>
<arg>ID</arg>
<arg>IE</arg>
<arg>IL</arg>
<arg>IM</arg>
<arg>IN</arg>
<arg>IO</arg>
<arg>IQ</arg>
<arg>IR</arg>
<arg>IS</arg>
<arg>IT</arg>
<arg>JE</arg>
<arg>JM</arg>
<arg>JO</arg>
<arg>JP</arg>
<arg>KE</arg>
<arg>KG</arg>
<arg>KH</arg>
<arg>KI</arg>
<arg>KM</arg>
<arg>KN</arg>
<arg>KP</arg>
<arg>KR</arg>
<arg>KW</arg>
<arg>KY</arg>
<arg>KZ</arg>
<arg>LA</arg>
<arg>LB</arg>
<arg>LC</arg>
<arg>LI</arg>
<arg>LK</arg>
<arg>LR</arg>
<arg>LS</arg>
<arg>LT</arg>
<arg>LU</arg>
<arg>LV</arg>
<arg>LY</arg>
<arg>MA</arg>
<arg>MC</arg>
<arg>MD</arg>
<arg>ME</arg>
<arg>MF</arg>
<arg>MG</arg>
<arg>MH</arg>
<arg>MK</arg>
<arg>ML</arg>
<arg>MM</arg>
<arg>MN</arg>
<arg>MO</arg>
<arg>MP</arg>
<arg>MQ</arg>
<arg>MR</arg>
<arg>MS</arg>
<arg>MT</arg>
<arg>MU</arg>
<arg>MV</arg>
<arg>MW</arg>
<arg>MX</arg>
<arg>MY</arg>
<arg>MZ</arg>
<arg>NA</arg>
<arg>NC</arg>
<arg>NE</arg>
<arg>NF</arg>
<arg>NG</arg>
<arg>NI</arg>
<arg>NL</arg>
<arg>NO</arg>
<arg>NP</arg>
<arg>NR</arg>
<arg>NU</arg>
<arg>NZ</arg>
<arg>OM</arg>
<arg>PA</arg>
<arg>PE</arg>
<arg>PF</arg>
<arg>PG</arg>
<arg>PH</arg>
<arg>PK</arg>
<arg>PL</arg>
<arg>PM</arg>
<arg>PN</arg>
<arg>PR</arg>
<arg>PS</arg>
<arg>PT</arg>
<arg>PW</arg>
<arg>PY</arg>
<arg>QA</arg>
<arg>RE</arg>
<arg>RO</arg>
<arg>RS</arg>
<arg>RU</arg>
<arg>RW</arg>
<arg>SA</arg>
<arg>SB</arg>
<arg>SC</arg>
<arg>SD</arg>
<arg>SE</arg>
<arg>SG</arg>
<arg>SH</arg>
<arg>SI</arg>
<arg>SJ</arg>
<arg>SK</arg>
<arg>SL</arg>
<arg>SM</arg>
<arg>SN</arg>
<arg>SO</arg>
<arg>SR</arg>
<arg>SS</arg>
<arg>ST</arg>
<arg>SV</arg>
<arg>SX</arg>
<arg>SY</arg>
<arg>SZ</arg>
<arg>TC</arg>
<arg>TD</arg>
<arg>TF</arg>
<arg>TG</arg>
<arg>TH</arg>
<arg>TJ</arg>
<arg>TK</arg>
<arg>TL</arg>
<arg>TM</arg>
<arg>TN</arg>
<arg>TO</arg>
<arg>TR</arg>
<arg>TT</arg>
<arg>TV</arg>
<arg>TW</arg>
<arg>TZ</arg>
<arg>UA</arg>
<arg>UG</arg>
<arg>UM</arg>
<arg>US</arg>
<arg>UY</arg>
<arg>UZ</arg>
<arg>VA</arg>
<arg>VC</arg>
<arg>VE</arg>
<arg>VG</arg>
<arg>VI</arg>
<arg>VN</arg>
<arg>VU</arg>
<arg>WF</arg>
<arg>WS</arg>
<arg>XK</arg>
<arg>YE</arg>
<arg>YT</arg>
<arg>ZA</arg>
<arg>ZM</arg>
<arg>ZW</arg>
<doc>Returns a list containing given items.</doc>
<status status="PASS" start="2024-05-04T08:16:17.664844" elapsed="0.000610"/>
</kw>
<kw name="List Should Contain Value" owner="Collections">
<msg time="2024-05-04T08:16:17.666446" level="INFO">False</msg>
<arg>${list_country}</arg>
<arg>${name_country}</arg>
<doc>Fails if the ``value`` is not found from ``list``.</doc>
<status status="PASS" start="2024-05-04T08:16:17.666248" elapsed="0.000235"/>
</kw>
<kw name="Run Keyword If" owner="BuiltIn">
<kw name="Should Be True" owner="BuiltIn">
<arg>${True}</arg>
<doc>Fails if the given condition is not true.</doc>
<status status="PASS" start="2024-05-04T08:16:17.667539" elapsed="0.000141"/>
</kw>
<arg>${json_data["results"][0]["location"]["coordinates"]["latitude"]} &gt;= -90 and ${json_data["results"][0]["location"]["coordinates"]["latitude"]} &lt;= 90</arg>
<arg>Should Be True</arg>
<arg>${True}</arg>
<doc>Runs the given keyword with the given arguments, if ``condition`` is true.</doc>
<status status="PASS" start="2024-05-04T08:16:17.666787" elapsed="0.001017"/>
</kw>
<kw name="Run Keyword If" owner="BuiltIn">
<kw name="Should Be True" owner="BuiltIn">
<arg>${True}</arg>
<doc>Fails if the given condition is not true.</doc>
<status status="PASS" start="2024-05-04T08:16:17.668723" elapsed="0.000265"/>
</kw>
<arg>${json_data["results"][0]["location"]["coordinates"]["longitude"]} &gt;= -180 and ${json_data["results"][0]["location"]["coordinates"]["longitude"]} &lt;= 180</arg>
<arg>Should Be True</arg>
<arg>${True}</arg>
<doc>Runs the given keyword with the given arguments, if ``condition`` is true.</doc>
<status status="PASS" start="2024-05-04T08:16:17.667987" elapsed="0.001127"/>
</kw>
<status status="PASS" start="2024-05-04T08:16:17.566290" elapsed="0.102958"/>
</kw>
<doc>Testa o conteúdo específico dos campos retornados pela API.</doc>
<tag>testeConteudo</tag>
<status status="PASS" start="2024-05-04T08:16:17.565757" elapsed="0.103638"/>
</test>
<status status="PASS" start="2024-05-04T08:16:16.868586" elapsed="0.802713"/>
</suite>
<status status="PASS" start="2024-05-04T08:16:16.854195" elapsed="0.822183"/>
</suite>
<statistics>
<total>
<stat pass="5" fail="0" skip="0">All Tests</stat>
</total>
<tag>
<stat pass="1" fail="0" skip="0">testeConteudo</stat>
<stat pass="1" fail="0" skip="0">testeEstruturaResposta</stat>
<stat pass="1" fail="0" skip="0">testeRequisicaoBasica</stat>
<stat pass="1" fail="0" skip="0">testeTiposDados</stat>
</tag>
<suite>
<stat pass="5" fail="0" skip="0" id="s1" name="Tests">Tests</stat>
<stat pass="5" fail="0" skip="0" id="s1-s1" name="Random-User-Test">Tests.Random-User-Test</stat>
</suite>
</statistics>
<errors>
</errors>
</robot>
