<?xml version="1.0" encoding="UTF-8"?>
<robot generator="Robot 7.0 (Python 3.12.3 on linux)" generated="2024-04-19T10:15:20.660533" rpa="false" schemaversion="5">
<suite id="s1" name="Tests" source="/home/runner/work/DesafioQAItauRogerioJordao/DesafioQAItauRogerioJordao/RamdonUser/tests">
<suite id="s1-s1" name="Random-User-Test" source="/home/runner/work/DesafioQAItauRogerioJordao/DesafioQAItauRogerioJordao/RamdonUser/tests/random-user-test.robot">
<test id="s1-s1-t1" name="Conectar" line="13">
<kw name="Conectar API" owner="random-user-service">
<kw name="Create Session" owner="RequestsLibrary">
<msg time="2024-04-19T10:15:21.018044" level="INFO">Creating Session using : alias=consultarAPI, url=https://randomuser.me/, headers={},                     cookies={}, auth=None, timeout=None, proxies=None, verify=False,                     debug=0 </msg>
<arg>consultarAPI</arg>
<arg>${URL}</arg>
<doc>Create Session: create a HTTP session to a server</doc>
<status status="PASS" start="2024-04-19T10:15:21.017845" elapsed="0.000385"/>
</kw>
<status status="PASS" start="2024-04-19T10:15:21.016878" elapsed="0.001714"/>
</kw>
<status status="PASS" start="2024-04-19T10:15:21.016355" elapsed="0.002433"/>
</test>
<test id="s1-s1-t2" name="Validar retorno 200 e JSON Válido" line="16">
<kw name="Teste de Requisicao Basica" owner="random-user-service">
<kw name="GET On Session" owner="RequestsLibrary">
<msg time="2024-04-19T10:15:21.208318" level="INFO">GET Request : url=https://randomuser.me/api 
 path_url=/api 
 headers={'User-Agent': 'python-requests/2.31.0', 'Accept-Encoding': 'gzip, deflate', 'Accept': '*/*', 'Connection': 'keep-alive'} 
 body=None 
 </msg>
<msg time="2024-04-19T10:15:21.208457" level="INFO">GET Response : url=https://randomuser.me/api 
 status=200, reason=OK 
 headers={'Date': 'Fri, 19 Apr 2024 10:15:21 GMT', 'Content-Type': 'application/json; charset=utf-8', 'Transfer-Encoding': 'chunked', 'Connection': 'keep-alive', 'X-Powered-By': 'Express', 'Access-Control-Allow-Origin': '*', 'Cache-Control': 'no-cache', 'ETag': 'W/"48b-eYx70ea6qE73FNWbmLltWaqYuyM"', 'Vary': 'Accept-Encoding', 'Content-Encoding': 'gzip', 'CF-Cache-Status': 'DYNAMIC', 'Report-To': '{"endpoints":[{"url":"https:\\/\\/a.nel.cloudflare.com\\/report\\/v4?s=LL22Cgrbi9Ll7Vcz8e2JLX8b4EP%2Fp8mo05mVLbfYqNYEibfY8qpcDelU84a1hWjQob4ltQmMjIFLohoPe5PJQRpnIUbpVxkcunKez%2FgiglHHPijb%2F0pvlks2XMsv77PJ"}],"group":"cf-nel","max_age":604800}', 'NEL': '{"success_fraction":0,"report_to":"cf-nel","max_age":604800}', 'Server': 'cloudflare', 'CF-RAY': '876c22054bfc89eb-ORD', 'alt-svc': 'h3=":443"; ma=86400'} 
 body={"results":[{"gender":"female","name":{"title":"Miss","first":"Isabella","last":"Moore"},"location":{"street":{"number":6999,"name":"Victoria Road"},"city":"Lower Hutt","state":"Hawke'S Bay","country":"New Zealand","postcode":60785,"coordinates":{"latitude":"49.8084","longitude":"14.9024"},"timezone":{"offset":"-12:00","description":"Eniwetok, Kwajalein"}},"email":"isabella.moore@example.com","login":{"uuid":"7820be64-9300-43f7-8511-3bffec198621","username":"beautifulduck741","password":"adam25","salt":"ncbo0EHv","md5":"1f73403392205e8d2a1c568543d94c65","sha1":"eeb311470c9c5c8606cfbc2e427901ec4f4debe9","sha256":"9f07701e4bfffe4c32a863a890cbb57a113d5c74d45df6cd57785e0160cc02e5"},"dob":{"date":"2000-08-22T12:53:38.672Z","age":23},"registered":{"date":"2021-07-03T07:04:18.746Z","age":2},"phone":"(706)-531-1592","cell":"(329)-294-5767","id":{"name":"","value":null},"picture":{"large":"https://randomuser.me/api/portraits/women/86.jpg","medium":"https://randomuser.me/api/portraits/med/women/86.jpg","thumbnail":"https://randomuser.me/api/portraits/thumb/women/86.jpg"},"nat":"NZ"}],"info":{"seed":"0886dcc12475f31b","results":1,"page":1,"version":"1.4"}} 
 </msg>
<msg time="2024-04-19T10:15:21.208537" level="INFO">/opt/hostedtoolcache/Python/3.12.3/x64/lib/python3.12/site-packages/urllib3/connectionpool.py:1103: InsecureRequestWarning: Unverified HTTPS request is being made to host 'randomuser.me'. Adding certificate verification is strongly advised. See: https://urllib3.readthedocs.io/en/latest/advanced-usage.html#tls-warnings
  warnings.warn(</msg>
<msg time="2024-04-19T10:15:21.208667" level="INFO">${response} = &lt;Response [200]&gt;</msg>
<var>${response}</var>
<arg>consultarAPI</arg>
<arg>/api</arg>
<doc>Sends a GET request on a previously created HTTP Session.</doc>
<status status="PASS" start="2024-04-19T10:15:21.021459" elapsed="0.187249"/>
</kw>
<kw name="Should Be Equal As Numbers" owner="BuiltIn">
<msg time="2024-04-19T10:15:21.209685" level="INFO">Argument types are:
&lt;class 'int'&gt;
&lt;class 'str'&gt;</msg>
<arg>${response.status_code}</arg>
<arg>200</arg>
<doc>Fails if objects are unequal after converting them to real numbers.</doc>
<status status="PASS" start="2024-04-19T10:15:21.209228" elapsed="0.000523"/>
</kw>
<kw name="Log" owner="BuiltIn">
<msg time="2024-04-19T10:15:21.210448" level="INFO">200</msg>
<arg>${response.status_code}</arg>
<doc>Logs the given message with the given level.</doc>
<status status="PASS" start="2024-04-19T10:15:21.210093" elapsed="0.000397"/>
</kw>
<kw name="Set Variable" owner="BuiltIn">
<msg time="2024-04-19T10:15:21.211286" level="INFO">${json_data} = {'results': [{'gender': 'female', 'name': {'title': 'Miss', 'first': 'Isabella', 'last': 'Moore'}, 'location': {'street': {'number': 6999, 'name': 'Victoria Road'}, 'city': 'Lower Hutt', 'state': "Haw...</msg>
<var>${json_data}</var>
<arg>${response.json()}</arg>
<doc>Returns the given values which can then be assigned to a variables.</doc>
<status status="PASS" start="2024-04-19T10:15:21.210796" elapsed="0.000519"/>
</kw>
<kw name="Dictionary Should Contain Key" owner="Collections">
<msg time="2024-04-19T10:15:21.211787" level="INFO">False</msg>
<arg>${json_data}</arg>
<arg>results</arg>
<doc>Fails if ``key`` is not found from ``dictionary``.</doc>
<status status="PASS" start="2024-04-19T10:15:21.211620" elapsed="0.000207"/>
</kw>
<status status="PASS" start="2024-04-19T10:15:21.021210" elapsed="0.190883"/>
</kw>
<doc>Testa se a API responde corretamente e retorna um objeto JSON válido.</doc>
<tag>testeRequisicaoBasica</tag>
<status status="PASS" start="2024-04-19T10:15:21.020683" elapsed="0.191597"/>
</test>
<test id="s1-s1-t3" name="Validar estrutura de resposta" line="22">
<kw name="Teste de Estrutura de Resposta" owner="random-user-service">
<kw name="GET On Session" owner="RequestsLibrary">
<msg time="2024-04-19T10:15:21.316405" level="INFO">GET Request : url=https://randomuser.me/api 
 path_url=/api 
 headers={'User-Agent': 'python-requests/2.31.0', 'Accept-Encoding': 'gzip, deflate', 'Accept': '*/*', 'Connection': 'keep-alive'} 
 body=None 
 </msg>
<msg time="2024-04-19T10:15:21.316480" level="INFO">GET Response : url=https://randomuser.me/api 
 status=200, reason=OK 
 headers={'Date': 'Fri, 19 Apr 2024 10:15:21 GMT', 'Content-Type': 'application/json; charset=utf-8', 'Transfer-Encoding': 'chunked', 'Connection': 'keep-alive', 'X-Powered-By': 'Express', 'Access-Control-Allow-Origin': '*', 'Cache-Control': 'no-cache', 'ETag': 'W/"499-AeX5oUDNM5PeS5q2TTfZdQfJno4"', 'Vary': 'Accept-Encoding', 'Content-Encoding': 'gzip', 'CF-Cache-Status': 'DYNAMIC', 'Report-To': '{"endpoints":[{"url":"https:\\/\\/a.nel.cloudflare.com\\/report\\/v4?s=nOaKwFGSe5Di0AsK0gXBK1zotFHM76DR%2BYc%2Bl9po4waiQzpwblm3Le2x6F5zEUCvSE4JzgiTougW35cg3gRl%2FnNcQNdpGjNSuvPydY09epDsFAR8Q8z%2FwBuxdSK8NjJN"}],"group":"cf-nel","max_age":604800}', 'NEL': '{"success_fraction":0,"report_to":"cf-nel","max_age":604800}', 'Server': 'cloudflare', 'CF-RAY': '876c22059c3689eb-ORD', 'alt-svc': 'h3=":443"; ma=86400'} 
 body={"results":[{"gender":"female","name":{"title":"Ms","first":"Luz","last":"Ibáñez"},"location":{"street":{"number":6822,"name":"Avenida de América"},"city":"Torrevieja","state":"Andalucía","country":"Spain","postcode":90630,"coordinates":{"latitude":"-34.1085","longitude":"116.3541"},"timezone":{"offset":"-5:00","description":"Eastern Time (US &amp; Canada), Bogota, Lima"}},"email":"luz.ibanez@example.com","login":{"uuid":"97a4a0e0-ec3e-4a34-a3c5-f5b14d2fe1f2","username":"greenwolf424","password":"shock","salt":"Xo5Ppr3m","md5":"93f29cc3973358eb6c603d6bac6101aa","sha1":"208348fdd6085952de50e41f4da8adbc2fe8b653","sha256":"ab11f92d87d20914861140727947271763a08af28b04cf47a2db845b95d790c6"},"dob":{"date":"1985-11-13T19:34:40.585Z","age":38},"registered":{"date":"2003-11-01T16:06:35.319Z","age":20},"phone":"981-981-917","cell":"681-049-955","id":{"name":"DNI","value":"77060447-N"},"picture":{"large":"https://randomuser.me/api/portraits/women/24.jpg","medium":"https://randomuser.me/api/portraits/med/women/24.jpg","thumbnail":"https://randomuser.me/api/portraits/thumb/women/24.jpg"},"nat":"ES"}],"info":{"seed":"66d5fed356d9efc3","results":1,"page":1,"version":"1.4"}} 
 </msg>
<msg time="2024-04-19T10:15:21.316585" level="INFO">/opt/hostedtoolcache/Python/3.12.3/x64/lib/python3.12/site-packages/urllib3/connectionpool.py:1103: InsecureRequestWarning: Unverified HTTPS request is being made to host 'randomuser.me'. Adding certificate verification is strongly advised. See: https://urllib3.readthedocs.io/en/latest/advanced-usage.html#tls-warnings
  warnings.warn(</msg>
<msg time="2024-04-19T10:15:21.316686" level="INFO">${response} = &lt;Response [200]&gt;</msg>
<var>${response}</var>
<arg>consultarAPI</arg>
<arg>/api</arg>
<doc>Sends a GET request on a previously created HTTP Session.</doc>
<status status="PASS" start="2024-04-19T10:15:21.215024" elapsed="0.101702"/>
</kw>
<kw name="Set Variable" owner="BuiltIn">
<msg time="2024-04-19T10:15:21.317815" level="INFO">${json_data} = {'results': [{'gender': 'female', 'name': {'title': 'Ms', 'first': 'Luz', 'last': 'Ibáñez'}, 'location': {'street': {'number': 6822, 'name': 'Avenida de América'}, 'city': 'Torrevieja', 'state': 'Anda...</msg>
<var>${json_data}</var>
<arg>${response.json()}</arg>
<doc>Returns the given values which can then be assigned to a variables.</doc>
<status status="PASS" start="2024-04-19T10:15:21.317224" elapsed="0.000621"/>
</kw>
<kw name="Log" owner="BuiltIn">
<msg time="2024-04-19T10:15:21.318320" level="INFO">{'results': [{'gender': 'female', 'name': {'title': 'Ms', 'first': 'Luz', 'last': 'Ibáñez'}, 'location': {'street': {'number': 6822, 'name': 'Avenida de América'}, 'city': 'Torrevieja', 'state': 'Andalucía', 'country': 'Spain', 'postcode': 90630, 'coordinates': {'latitude': '-34.1085', 'longitude': '116.3541'}, 'timezone': {'offset': '-5:00', 'description': 'Eastern Time (US &amp; Canada), Bogota, Lima'}}, 'email': 'luz.ibanez@example.com', 'login': {'uuid': '97a4a0e0-ec3e-4a34-a3c5-f5b14d2fe1f2', 'username': 'greenwolf424', 'password': 'shock', 'salt': 'Xo5Ppr3m', 'md5': '93f29cc3973358eb6c603d6bac6101aa', 'sha1': '208348fdd6085952de50e41f4da8adbc2fe8b653', 'sha256': 'ab11f92d87d20914861140727947271763a08af28b04cf47a2db845b95d790c6'}, 'dob': {'date': '1985-11-13T19:34:40.585Z', 'age': 38}, 'registered': {'date': '2003-11-01T16:06:35.319Z', 'age': 20}, 'phone': '981-981-917', 'cell': '681-049-955', 'id': {'name': 'DNI', 'value': '77060447-N'}, 'picture': {'large': 'https://randomuser.me/api/portraits/women/24.jpg', 'medium': 'https://randomuser.me/api/portraits/med/women/24.jpg', 'thumbnail': 'https://randomuser.me/api/portraits/thumb/women/24.jpg'}, 'nat': 'ES'}], 'info': {'seed': '66d5fed356d9efc3', 'results': 1, 'page': 1, 'version': '1.4'}}</msg>
<arg>${json_data}</arg>
<doc>Logs the given message with the given level.</doc>
<status status="PASS" start="2024-04-19T10:15:21.318158" elapsed="0.000215"/>
</kw>
<kw name="Dictionary Should Contain Key" owner="Collections">
<msg time="2024-04-19T10:15:21.318832" level="INFO">False</msg>
<arg>${json_data}</arg>
<arg>results</arg>
<doc>Fails if ``key`` is not found from ``dictionary``.</doc>
<status status="PASS" start="2024-04-19T10:15:21.318677" elapsed="0.000227"/>
</kw>
<kw name="Should Not Be Empty" owner="BuiltIn">
<msg time="2024-04-19T10:15:21.319360" level="INFO">Length is 2.</msg>
<arg>${json_data}</arg>
<doc>Verifies that the given item is not empty.</doc>
<status status="PASS" start="2024-04-19T10:15:21.319213" elapsed="0.000187"/>
</kw>
<kw name="Create List" owner="BuiltIn">
<msg time="2024-04-19T10:15:21.319992" level="INFO">${expected_keys} = ['gender', 'name', 'location', 'email', 'login']</msg>
<var>${expected_keys}</var>
<arg>gender</arg>
<arg>name</arg>
<arg>location</arg>
<arg>email</arg>
<arg>login</arg>
<doc>Returns a list containing given items.</doc>
<status status="PASS" start="2024-04-19T10:15:21.319690" elapsed="0.000327"/>
</kw>
<for flavor="IN">
<iter>
<kw name="Dictionary Should Contain Key" owner="Collections">
<msg time="2024-04-19T10:15:21.320997" level="INFO">False</msg>
<arg>${json_data['results'][0]}</arg>
<arg>${key}</arg>
<doc>Fails if ``key`` is not found from ``dictionary``.</doc>
<status status="PASS" start="2024-04-19T10:15:21.320597" elapsed="0.000439"/>
</kw>
<kw name="Log" owner="BuiltIn">
<msg time="2024-04-19T10:15:21.321711" level="INFO">{'gender': 'female', 'name': {'title': 'Ms', 'first': 'Luz', 'last': 'Ibáñez'}, 'location': {'street': {'number': 6822, 'name': 'Avenida de América'}, 'city': 'Torrevieja', 'state': 'Andalucía', 'country': 'Spain', 'postcode': 90630, 'coordinates': {'latitude': '-34.1085', 'longitude': '116.3541'}, 'timezone': {'offset': '-5:00', 'description': 'Eastern Time (US &amp; Canada), Bogota, Lima'}}, 'email': 'luz.ibanez@example.com', 'login': {'uuid': '97a4a0e0-ec3e-4a34-a3c5-f5b14d2fe1f2', 'username': 'greenwolf424', 'password': 'shock', 'salt': 'Xo5Ppr3m', 'md5': '93f29cc3973358eb6c603d6bac6101aa', 'sha1': '208348fdd6085952de50e41f4da8adbc2fe8b653', 'sha256': 'ab11f92d87d20914861140727947271763a08af28b04cf47a2db845b95d790c6'}, 'dob': {'date': '1985-11-13T19:34:40.585Z', 'age': 38}, 'registered': {'date': '2003-11-01T16:06:35.319Z', 'age': 20}, 'phone': '981-981-917', 'cell': '681-049-955', 'id': {'name': 'DNI', 'value': '77060447-N'}, 'picture': {'large': 'https://randomuser.me/api/portraits/women/24.jpg', 'medium': 'https://randomuser.me/api/portraits/med/women/24.jpg', 'thumbnail': 'https://randomuser.me/api/portraits/thumb/women/24.jpg'}, 'nat': 'ES'}</msg>
<arg>${json_data['results'][0]}</arg>
<doc>Logs the given message with the given level.</doc>
<status status="PASS" start="2024-04-19T10:15:21.321336" elapsed="0.000427"/>
</kw>
<kw name="Log" owner="BuiltIn">
<msg time="2024-04-19T10:15:21.322185" level="INFO">gender</msg>
<arg>${key}</arg>
<doc>Logs the given message with the given level.</doc>
<status status="PASS" start="2024-04-19T10:15:21.322060" elapsed="0.000161"/>
</kw>
<var name="${key}">gender</var>
<status status="PASS" start="2024-04-19T10:15:21.320472" elapsed="0.001963"/>
</iter>
<iter>
<kw name="Dictionary Should Contain Key" owner="Collections">
<msg time="2024-04-19T10:15:21.323145" level="INFO">False</msg>
<arg>${json_data['results'][0]}</arg>
<arg>${key}</arg>
<doc>Fails if ``key`` is not found from ``dictionary``.</doc>
<status status="PASS" start="2024-04-19T10:15:21.322737" elapsed="0.000446"/>
</kw>
<kw name="Log" owner="BuiltIn">
<msg time="2024-04-19T10:15:21.323881" level="INFO">{'gender': 'female', 'name': {'title': 'Ms', 'first': 'Luz', 'last': 'Ibáñez'}, 'location': {'street': {'number': 6822, 'name': 'Avenida de América'}, 'city': 'Torrevieja', 'state': 'Andalucía', 'country': 'Spain', 'postcode': 90630, 'coordinates': {'latitude': '-34.1085', 'longitude': '116.3541'}, 'timezone': {'offset': '-5:00', 'description': 'Eastern Time (US &amp; Canada), Bogota, Lima'}}, 'email': 'luz.ibanez@example.com', 'login': {'uuid': '97a4a0e0-ec3e-4a34-a3c5-f5b14d2fe1f2', 'username': 'greenwolf424', 'password': 'shock', 'salt': 'Xo5Ppr3m', 'md5': '93f29cc3973358eb6c603d6bac6101aa', 'sha1': '208348fdd6085952de50e41f4da8adbc2fe8b653', 'sha256': 'ab11f92d87d20914861140727947271763a08af28b04cf47a2db845b95d790c6'}, 'dob': {'date': '1985-11-13T19:34:40.585Z', 'age': 38}, 'registered': {'date': '2003-11-01T16:06:35.319Z', 'age': 20}, 'phone': '981-981-917', 'cell': '681-049-955', 'id': {'name': 'DNI', 'value': '77060447-N'}, 'picture': {'large': 'https://randomuser.me/api/portraits/women/24.jpg', 'medium': 'https://randomuser.me/api/portraits/med/women/24.jpg', 'thumbnail': 'https://randomuser.me/api/portraits/thumb/women/24.jpg'}, 'nat': 'ES'}</msg>
<arg>${json_data['results'][0]}</arg>
<doc>Logs the given message with the given level.</doc>
<status status="PASS" start="2024-04-19T10:15:21.323513" elapsed="0.000420"/>
</kw>
<kw name="Log" owner="BuiltIn">
<msg time="2024-04-19T10:15:21.324357" level="INFO">name</msg>
<arg>${key}</arg>
<doc>Logs the given message with the given level.</doc>
<status status="PASS" start="2024-04-19T10:15:21.324230" elapsed="0.000164"/>
</kw>
<var name="${key}">name</var>
<status status="PASS" start="2024-04-19T10:15:21.322622" elapsed="0.001986"/>
</iter>
<iter>
<kw name="Dictionary Should Contain Key" owner="Collections">
<msg time="2024-04-19T10:15:21.325288" level="INFO">False</msg>
<arg>${json_data['results'][0]}</arg>
<arg>${key}</arg>
<doc>Fails if ``key`` is not found from ``dictionary``.</doc>
<status status="PASS" start="2024-04-19T10:15:21.324901" elapsed="0.000425"/>
</kw>
<kw name="Log" owner="BuiltIn">
<msg time="2024-04-19T10:15:21.325992" level="INFO">{'gender': 'female', 'name': {'title': 'Ms', 'first': 'Luz', 'last': 'Ibáñez'}, 'location': {'street': {'number': 6822, 'name': 'Avenida de América'}, 'city': 'Torrevieja', 'state': 'Andalucía', 'country': 'Spain', 'postcode': 90630, 'coordinates': {'latitude': '-34.1085', 'longitude': '116.3541'}, 'timezone': {'offset': '-5:00', 'description': 'Eastern Time (US &amp; Canada), Bogota, Lima'}}, 'email': 'luz.ibanez@example.com', 'login': {'uuid': '97a4a0e0-ec3e-4a34-a3c5-f5b14d2fe1f2', 'username': 'greenwolf424', 'password': 'shock', 'salt': 'Xo5Ppr3m', 'md5': '93f29cc3973358eb6c603d6bac6101aa', 'sha1': '208348fdd6085952de50e41f4da8adbc2fe8b653', 'sha256': 'ab11f92d87d20914861140727947271763a08af28b04cf47a2db845b95d790c6'}, 'dob': {'date': '1985-11-13T19:34:40.585Z', 'age': 38}, 'registered': {'date': '2003-11-01T16:06:35.319Z', 'age': 20}, 'phone': '981-981-917', 'cell': '681-049-955', 'id': {'name': 'DNI', 'value': '77060447-N'}, 'picture': {'large': 'https://randomuser.me/api/portraits/women/24.jpg', 'medium': 'https://randomuser.me/api/portraits/med/women/24.jpg', 'thumbnail': 'https://randomuser.me/api/portraits/thumb/women/24.jpg'}, 'nat': 'ES'}</msg>
<arg>${json_data['results'][0]}</arg>
<doc>Logs the given message with the given level.</doc>
<status status="PASS" start="2024-04-19T10:15:21.325624" elapsed="0.000419"/>
</kw>
<kw name="Log" owner="BuiltIn">
<msg time="2024-04-19T10:15:21.326462" level="INFO">location</msg>
<arg>${key}</arg>
<doc>Logs the given message with the given level.</doc>
<status status="PASS" start="2024-04-19T10:15:21.326337" elapsed="0.000162"/>
</kw>
<var name="${key}">location</var>
<status status="PASS" start="2024-04-19T10:15:21.324789" elapsed="0.001924"/>
</iter>
<iter>
<kw name="Dictionary Should Contain Key" owner="Collections">
<msg time="2024-04-19T10:15:21.327415" level="INFO">False</msg>
<arg>${json_data['results'][0]}</arg>
<arg>${key}</arg>
<doc>Fails if ``key`` is not found from ``dictionary``.</doc>
<status status="PASS" start="2024-04-19T10:15:21.327031" elapsed="0.000422"/>
</kw>
<kw name="Log" owner="BuiltIn">
<msg time="2024-04-19T10:15:21.328108" level="INFO">{'gender': 'female', 'name': {'title': 'Ms', 'first': 'Luz', 'last': 'Ibáñez'}, 'location': {'street': {'number': 6822, 'name': 'Avenida de América'}, 'city': 'Torrevieja', 'state': 'Andalucía', 'country': 'Spain', 'postcode': 90630, 'coordinates': {'latitude': '-34.1085', 'longitude': '116.3541'}, 'timezone': {'offset': '-5:00', 'description': 'Eastern Time (US &amp; Canada), Bogota, Lima'}}, 'email': 'luz.ibanez@example.com', 'login': {'uuid': '97a4a0e0-ec3e-4a34-a3c5-f5b14d2fe1f2', 'username': 'greenwolf424', 'password': 'shock', 'salt': 'Xo5Ppr3m', 'md5': '93f29cc3973358eb6c603d6bac6101aa', 'sha1': '208348fdd6085952de50e41f4da8adbc2fe8b653', 'sha256': 'ab11f92d87d20914861140727947271763a08af28b04cf47a2db845b95d790c6'}, 'dob': {'date': '1985-11-13T19:34:40.585Z', 'age': 38}, 'registered': {'date': '2003-11-01T16:06:35.319Z', 'age': 20}, 'phone': '981-981-917', 'cell': '681-049-955', 'id': {'name': 'DNI', 'value': '77060447-N'}, 'picture': {'large': 'https://randomuser.me/api/portraits/women/24.jpg', 'medium': 'https://randomuser.me/api/portraits/med/women/24.jpg', 'thumbnail': 'https://randomuser.me/api/portraits/thumb/women/24.jpg'}, 'nat': 'ES'}</msg>
<arg>${json_data['results'][0]}</arg>
<doc>Logs the given message with the given level.</doc>
<status status="PASS" start="2024-04-19T10:15:21.327751" elapsed="0.000409"/>
</kw>
<kw name="Log" owner="BuiltIn">
<msg time="2024-04-19T10:15:21.328578" level="INFO">email</msg>
<arg>${key}</arg>
<doc>Logs the given message with the given level.</doc>
<status status="PASS" start="2024-04-19T10:15:21.328451" elapsed="0.000165"/>
</kw>
<var name="${key}">email</var>
<status status="PASS" start="2024-04-19T10:15:21.326915" elapsed="0.001918"/>
</iter>
<iter>
<kw name="Dictionary Should Contain Key" owner="Collections">
<msg time="2024-04-19T10:15:21.329507" level="INFO">False</msg>
<arg>${json_data['results'][0]}</arg>
<arg>${key}</arg>
<doc>Fails if ``key`` is not found from ``dictionary``.</doc>
<status status="PASS" start="2024-04-19T10:15:21.329118" elapsed="0.000427"/>
</kw>
<kw name="Log" owner="BuiltIn">
<msg time="2024-04-19T10:15:21.330214" level="INFO">{'gender': 'female', 'name': {'title': 'Ms', 'first': 'Luz', 'last': 'Ibáñez'}, 'location': {'street': {'number': 6822, 'name': 'Avenida de América'}, 'city': 'Torrevieja', 'state': 'Andalucía', 'country': 'Spain', 'postcode': 90630, 'coordinates': {'latitude': '-34.1085', 'longitude': '116.3541'}, 'timezone': {'offset': '-5:00', 'description': 'Eastern Time (US &amp; Canada), Bogota, Lima'}}, 'email': 'luz.ibanez@example.com', 'login': {'uuid': '97a4a0e0-ec3e-4a34-a3c5-f5b14d2fe1f2', 'username': 'greenwolf424', 'password': 'shock', 'salt': 'Xo5Ppr3m', 'md5': '93f29cc3973358eb6c603d6bac6101aa', 'sha1': '208348fdd6085952de50e41f4da8adbc2fe8b653', 'sha256': 'ab11f92d87d20914861140727947271763a08af28b04cf47a2db845b95d790c6'}, 'dob': {'date': '1985-11-13T19:34:40.585Z', 'age': 38}, 'registered': {'date': '2003-11-01T16:06:35.319Z', 'age': 20}, 'phone': '981-981-917', 'cell': '681-049-955', 'id': {'name': 'DNI', 'value': '77060447-N'}, 'picture': {'large': 'https://randomuser.me/api/portraits/women/24.jpg', 'medium': 'https://randomuser.me/api/portraits/med/women/24.jpg', 'thumbnail': 'https://randomuser.me/api/portraits/thumb/women/24.jpg'}, 'nat': 'ES'}</msg>
<arg>${json_data['results'][0]}</arg>
<doc>Logs the given message with the given level.</doc>
<status status="PASS" start="2024-04-19T10:15:21.329840" elapsed="0.000426"/>
</kw>
<kw name="Log" owner="BuiltIn">
<msg time="2024-04-19T10:15:21.330684" level="INFO">login</msg>
<arg>${key}</arg>
<doc>Logs the given message with the given level.</doc>
<status status="PASS" start="2024-04-19T10:15:21.330559" elapsed="0.000163"/>
</kw>
<var name="${key}">login</var>
<status status="PASS" start="2024-04-19T10:15:21.329007" elapsed="0.001984"/>
</iter>
<var>${key}</var>
<value>@{expected_keys}</value>
<status status="PASS" start="2024-04-19T10:15:21.320282" elapsed="0.010839"/>
</for>
<kw name="Create List" owner="BuiltIn">
<msg time="2024-04-19T10:15:21.331452" level="INFO">${expected_keysTwo} = ['username', 'password']</msg>
<var>${expected_keysTwo}</var>
<arg>username</arg>
<arg>password</arg>
<doc>Returns a list containing given items.</doc>
<status status="PASS" start="2024-04-19T10:15:21.331314" elapsed="0.000162"/>
</kw>
<for flavor="IN">
<iter>
<kw name="Dictionary Should Contain Key" owner="Collections">
<msg time="2024-04-19T10:15:21.332357" level="INFO">False</msg>
<arg>${json_data['results'][0]['login']}</arg>
<arg>${keyTwo}</arg>
<doc>Fails if ``key`` is not found from ``dictionary``.</doc>
<status status="PASS" start="2024-04-19T10:15:21.331970" elapsed="0.000424"/>
</kw>
<kw name="Dictionary Should Contain Key" owner="Collections">
<msg time="2024-04-19T10:15:21.333072" level="INFO">False</msg>
<arg>${json_data['results'][0]['login']}</arg>
<arg>${keyTwo}</arg>
<doc>Fails if ``key`` is not found from ``dictionary``.</doc>
<status status="PASS" start="2024-04-19T10:15:21.332688" elapsed="0.000422"/>
</kw>
<kw name="Log" owner="BuiltIn">
<msg time="2024-04-19T10:15:21.333545" level="INFO">username</msg>
<arg>${keyTwo}</arg>
<doc>Logs the given message with the given level.</doc>
<status status="PASS" start="2024-04-19T10:15:21.333418" elapsed="0.000169"/>
</kw>
<var name="${keyTwo}">username</var>
<status status="PASS" start="2024-04-19T10:15:21.331862" elapsed="0.001941"/>
</iter>
<iter>
<kw name="Dictionary Should Contain Key" owner="Collections">
<msg time="2024-04-19T10:15:21.334460" level="INFO">False</msg>
<arg>${json_data['results'][0]['login']}</arg>
<arg>${keyTwo}</arg>
<doc>Fails if ``key`` is not found from ``dictionary``.</doc>
<status status="PASS" start="2024-04-19T10:15:21.334080" elapsed="0.000422"/>
</kw>
<kw name="Dictionary Should Contain Key" owner="Collections">
<msg time="2024-04-19T10:15:21.335668" level="INFO">False</msg>
<arg>${json_data['results'][0]['login']}</arg>
<arg>${keyTwo}</arg>
<doc>Fails if ``key`` is not found from ``dictionary``.</doc>
<status status="PASS" start="2024-04-19T10:15:21.334944" elapsed="0.000782"/>
</kw>
<kw name="Log" owner="BuiltIn">
<msg time="2024-04-19T10:15:21.336173" level="INFO">password</msg>
<arg>${keyTwo}</arg>
<doc>Logs the given message with the given level.</doc>
<status status="PASS" start="2024-04-19T10:15:21.336040" elapsed="0.000171"/>
</kw>
<var name="${keyTwo}">password</var>
<status status="PASS" start="2024-04-19T10:15:21.333972" elapsed="0.002456"/>
</iter>
<var>${keyTwo}</var>
<value>@{expected_keysTwo}</value>
<status status="PASS" start="2024-04-19T10:15:21.331711" elapsed="0.004837"/>
</for>
<status status="PASS" start="2024-04-19T10:15:21.214750" elapsed="0.121939"/>
</kw>
<doc>Testa a estrutura da resposta da API.</doc>
<tag>testeEstruturaResposta</tag>
<status status="PASS" start="2024-04-19T10:15:21.214129" elapsed="0.122713"/>
</test>
<test id="s1-s1-t4" name="Validar tipos de dados" line="28">
<kw name="Teste de Tipos de Dados" owner="random-user-service">
<kw name="GET On Session" owner="RequestsLibrary">
<msg time="2024-04-19T10:15:21.408074" level="INFO">GET Request : url=https://randomuser.me/api 
 path_url=/api 
 headers={'User-Agent': 'python-requests/2.31.0', 'Accept-Encoding': 'gzip, deflate', 'Accept': '*/*', 'Connection': 'keep-alive'} 
 body=None 
 </msg>
<msg time="2024-04-19T10:15:21.408149" level="INFO">GET Response : url=https://randomuser.me/api 
 status=200, reason=OK 
 headers={'Date': 'Fri, 19 Apr 2024 10:15:21 GMT', 'Content-Type': 'application/json; charset=utf-8', 'Transfer-Encoding': 'chunked', 'Connection': 'keep-alive', 'X-Powered-By': 'Express', 'Access-Control-Allow-Origin': '*', 'Cache-Control': 'no-cache', 'ETag': 'W/"49f-20a+9xMa+BFpx5Eyv28mXfjtuUo"', 'Vary': 'Accept-Encoding', 'Content-Encoding': 'gzip', 'CF-Cache-Status': 'DYNAMIC', 'Report-To': '{"endpoints":[{"url":"https:\\/\\/a.nel.cloudflare.com\\/report\\/v4?s=pGCXnU8uAoGfc5jajndDnmREmW3wFpFtRVaw3iWKt4NWVLCp0M2RKmAW4IfeDLwFuBzc0xH6ex1I2fyT5PZ%2BhCr%2FQQhpnYqLIgNxixEzJeBWmyL3fAuo%2BReM5o44mXyu"}],"group":"cf-nel","max_age":604800}', 'NEL': '{"success_fraction":0,"report_to":"cf-nel","max_age":604800}', 'Server': 'cloudflare', 'CF-RAY': '876c22066cd289eb-ORD', 'alt-svc': 'h3=":443"; ma=86400'} 
 body={"results":[{"gender":"male","name":{"title":"Mr","first":"Mitchell","last":"Beck"},"location":{"street":{"number":5782,"name":"Mcgowen St"},"city":"San Bernardino","state":"Oregon","country":"United States","postcode":65636,"coordinates":{"latitude":"81.4547","longitude":"-87.8647"},"timezone":{"offset":"+3:00","description":"Baghdad, Riyadh, Moscow, St. Petersburg"}},"email":"mitchell.beck@example.com","login":{"uuid":"b0897cb9-fa05-4086-a5a1-6b6b6237133a","username":"purplebutterfly476","password":"dutch","salt":"9McvdIz5","md5":"58743c3640d13b61f53b9cc7577629a2","sha1":"830da1e51d15f77f8d220b26a15d014b48d3f0c4","sha256":"d6ec25c91118fb076c25026739ee41d99116236fdd1cfefd6b60ece7787d1046"},"dob":{"date":"1986-04-30T01:46:25.130Z","age":37},"registered":{"date":"2010-07-28T23:38:45.687Z","age":13},"phone":"(512) 512-2687","cell":"(793) 952-1614","id":{"name":"SSN","value":"615-83-0230"},"picture":{"large":"https://randomuser.me/api/portraits/men/74.jpg","medium":"https://randomuser.me/api/portraits/med/men/74.jpg","thumbnail":"https://randomuser.me/api/portraits/thumb/men/74.jpg"},"nat":"US"}],"info":{"seed":"5348994bdc835fc5","results":1,"page":1,"version":"1.4"}} 
 </msg>
<msg time="2024-04-19T10:15:21.408217" level="INFO">/opt/hostedtoolcache/Python/3.12.3/x64/lib/python3.12/site-packages/urllib3/connectionpool.py:1103: InsecureRequestWarning: Unverified HTTPS request is being made to host 'randomuser.me'. Adding certificate verification is strongly advised. See: https://urllib3.readthedocs.io/en/latest/advanced-usage.html#tls-warnings
  warnings.warn(</msg>
<msg time="2024-04-19T10:15:21.408308" level="INFO">${response} = &lt;Response [200]&gt;</msg>
<var>${response}</var>
<arg>consultarAPI</arg>
<arg>/api</arg>
<doc>Sends a GET request on a previously created HTTP Session.</doc>
<status status="PASS" start="2024-04-19T10:15:21.339378" elapsed="0.068970"/>
</kw>
<kw name="Set Variable" owner="BuiltIn">
<msg time="2024-04-19T10:15:21.409354" level="INFO">${json_data} = {'results': [{'gender': 'male', 'name': {'title': 'Mr', 'first': 'Mitchell', 'last': 'Beck'}, 'location': {'street': {'number': 5782, 'name': 'Mcgowen St'}, 'city': 'San Bernardino', 'state': 'Oregon'...</msg>
<var>${json_data}</var>
<arg>${response.json()}</arg>
<doc>Returns the given values which can then be assigned to a variables.</doc>
<status status="PASS" start="2024-04-19T10:15:21.408798" elapsed="0.000584"/>
</kw>
<kw name="Log" owner="BuiltIn">
<msg time="2024-04-19T10:15:21.409846" level="INFO">{'results': [{'gender': 'male', 'name': {'title': 'Mr', 'first': 'Mitchell', 'last': 'Beck'}, 'location': {'street': {'number': 5782, 'name': 'Mcgowen St'}, 'city': 'San Bernardino', 'state': 'Oregon', 'country': 'United States', 'postcode': 65636, 'coordinates': {'latitude': '81.4547', 'longitude': '-87.8647'}, 'timezone': {'offset': '+3:00', 'description': 'Baghdad, Riyadh, Moscow, St. Petersburg'}}, 'email': 'mitchell.beck@example.com', 'login': {'uuid': 'b0897cb9-fa05-4086-a5a1-6b6b6237133a', 'username': 'purplebutterfly476', 'password': 'dutch', 'salt': '9McvdIz5', 'md5': '58743c3640d13b61f53b9cc7577629a2', 'sha1': '830da1e51d15f77f8d220b26a15d014b48d3f0c4', 'sha256': 'd6ec25c91118fb076c25026739ee41d99116236fdd1cfefd6b60ece7787d1046'}, 'dob': {'date': '1986-04-30T01:46:25.130Z', 'age': 37}, 'registered': {'date': '2010-07-28T23:38:45.687Z', 'age': 13}, 'phone': '(512) 512-2687', 'cell': '(793) 952-1614', 'id': {'name': 'SSN', 'value': '615-83-0230'}, 'picture': {'large': 'https://randomuser.me/api/portraits/men/74.jpg', 'medium': 'https://randomuser.me/api/portraits/med/men/74.jpg', 'thumbnail': 'https://randomuser.me/api/portraits/thumb/men/74.jpg'}, 'nat': 'US'}], 'info': {'seed': '5348994bdc835fc5', 'results': 1, 'page': 1, 'version': '1.4'}}</msg>
<arg>${json_data}</arg>
<doc>Logs the given message with the given level.</doc>
<status status="PASS" start="2024-04-19T10:15:21.409688" elapsed="0.000240"/>
</kw>
<kw name="Should Be String" owner="String">
<arg>${json_data['results'][0]['gender']}</arg>
<doc>Fails if the given ``item`` is not a string.</doc>
<status status="PASS" start="2024-04-19T10:15:21.410228" elapsed="0.000357"/>
</kw>
<kw name="Should Match Regexp" owner="BuiltIn">
<arg>${json_data['results'][0]['email']}</arg>
<arg>^[a-zA-Z0-9._%+-]+@[a-zA-Z0-9.-]+\.[a-zA-Z]{2,}$</arg>
<doc>Fails if ``string`` does not match ``pattern`` as a regular expression.</doc>
<status status="PASS" start="2024-04-19T10:15:21.410778" elapsed="0.000560"/>
</kw>
<kw name="Should Match Regexp" owner="BuiltIn">
<arg>${json_data['results'][0]['dob']['date']}</arg>
<arg>\\d{4}-\\d{2}-\\d{2}T\\d{2}:\\d{2}:\\d{2}\\.\\d{3}Z</arg>
<doc>Fails if ``string`` does not match ``pattern`` as a regular expression.</doc>
<status status="PASS" start="2024-04-19T10:15:21.411552" elapsed="0.000540"/>
</kw>
<kw name="Should Match Regexp" owner="BuiltIn">
<arg>${json_data['results'][0]['registered']['date']}</arg>
<arg>\\d{4}-\\d{2}-\\d{2}T\\d{2}:\\d{2}:\\d{2}\\.\\d{3}Z</arg>
<doc>Fails if ``string`` does not match ``pattern`` as a regular expression.</doc>
<status status="PASS" start="2024-04-19T10:15:21.412404" elapsed="0.000455"/>
</kw>
<kw name="Should Match Regexp" owner="BuiltIn">
<arg>${json_data['results'][0]['picture']['large']}</arg>
<arg>^https?://.*\.(?:png|jpe?g|gif|bmp)$</arg>
<doc>Fails if ``string`` does not match ``pattern`` as a regular expression.</doc>
<status status="PASS" start="2024-04-19T10:15:21.413054" elapsed="0.000468"/>
</kw>
<kw name="Should Match Regexp" owner="BuiltIn">
<arg>${json_data['results'][0]['picture']['medium']}</arg>
<arg>^https?://.*\.(?:png|jpe?g|gif|bmp)$</arg>
<doc>Fails if ``string`` does not match ``pattern`` as a regular expression.</doc>
<status status="PASS" start="2024-04-19T10:15:21.413713" elapsed="0.000362"/>
</kw>
<kw name="Should Match Regexp" owner="BuiltIn">
<arg>${json_data['results'][0]['picture']['thumbnail']}</arg>
<arg>^https?://.*\.(?:png|jpe?g|gif|bmp)$</arg>
<doc>Fails if ``string`` does not match ``pattern`` as a regular expression.</doc>
<status status="PASS" start="2024-04-19T10:15:21.414274" elapsed="0.000359"/>
</kw>
<kw name="Log" owner="BuiltIn">
<msg time="2024-04-19T10:15:21.415168" level="INFO">{'large': 'https://randomuser.me/api/portraits/men/74.jpg', 'medium': 'https://randomuser.me/api/portraits/med/men/74.jpg', 'thumbnail': 'https://randomuser.me/api/portraits/thumb/men/74.jpg'}</msg>
<arg>${json_data['results'][0]['picture']}</arg>
<doc>Logs the given message with the given level.</doc>
<status status="PASS" start="2024-04-19T10:15:21.414814" elapsed="0.000395"/>
</kw>
<status status="PASS" start="2024-04-19T10:15:21.339145" elapsed="0.076319"/>
</kw>
<kw name="Teste de Tipos de Dados - Postcode" owner="random-user-service">
<kw name="GET On Session" owner="RequestsLibrary">
<msg time="2024-04-19T10:15:21.515219" level="INFO">GET Request : url=https://randomuser.me/api 
 path_url=/api 
 headers={'User-Agent': 'python-requests/2.31.0', 'Accept-Encoding': 'gzip, deflate', 'Accept': '*/*', 'Connection': 'keep-alive'} 
 body=None 
 </msg>
<msg time="2024-04-19T10:15:21.515302" level="INFO">GET Response : url=https://randomuser.me/api 
 status=200, reason=OK 
 headers={'Date': 'Fri, 19 Apr 2024 10:15:21 GMT', 'Content-Type': 'application/json; charset=utf-8', 'Transfer-Encoding': 'chunked', 'Connection': 'keep-alive', 'X-Powered-By': 'Express', 'Access-Control-Allow-Origin': '*', 'Cache-Control': 'no-cache', 'ETag': 'W/"472-ur1aw5lH7EJ8s35br3EjWn6lNrc"', 'Vary': 'Accept-Encoding', 'Content-Encoding': 'gzip', 'CF-Cache-Status': 'DYNAMIC', 'Report-To': '{"endpoints":[{"url":"https:\\/\\/a.nel.cloudflare.com\\/report\\/v4?s=kZRRnUuqXkID%2B2OYtUSWguCteUWwMvQGSppQDxmKfoJYjRnOuM7kV6R3Vy87lDxKLec3PEaBOoop5U6B3rCVyklyk3INxgQo8AIEFV68mUk6DyzzE%2ByTFLsy5FFYASyK"}],"group":"cf-nel","max_age":604800}', 'NEL': '{"success_fraction":0,"report_to":"cf-nel","max_age":604800}', 'Server': 'cloudflare', 'CF-RAY': '876c2206dd1989eb-ORD', 'alt-svc': 'h3=":443"; ma=86400'} 
 body={"results":[{"gender":"female","name":{"title":"Mrs","first":"Maddison","last":"Smith"},"location":{"street":{"number":234,"name":"Sherborne Street"},"city":"Auckland","state":"Otago","country":"New Zealand","postcode":41810,"coordinates":{"latitude":"53.1407","longitude":"90.1128"},"timezone":{"offset":"+5:45","description":"Kathmandu"}},"email":"maddison.smith@example.com","login":{"uuid":"9a9c0c09-5328-4d78-8971-66cccc9aca2b","username":"bigkoala447","password":"jane","salt":"okF2EHGK","md5":"c68781da8b9f7771dc87af7261c54d90","sha1":"3317992caff2221d20134851a5cd0b63900fa86b","sha256":"ffeccb9c1c79ee3efaf30b67420c51b5d2b7f2508ccd8b04bafd7cdba8cd2b59"},"dob":{"date":"1989-02-28T15:11:25.051Z","age":35},"registered":{"date":"2018-05-10T00:33:19.326Z","age":5},"phone":"(856)-761-6274","cell":"(137)-844-8665","id":{"name":"","value":null},"picture":{"large":"https://randomuser.me/api/portraits/women/75.jpg","medium":"https://randomuser.me/api/portraits/med/women/75.jpg","thumbnail":"https://randomuser.me/api/portraits/thumb/women/75.jpg"},"nat":"NZ"}],"info":{"seed":"475f4d6b636d50c4","results":1,"page":1,"version":"1.4"}} 
 </msg>
<msg time="2024-04-19T10:15:21.515373" level="INFO">/opt/hostedtoolcache/Python/3.12.3/x64/lib/python3.12/site-packages/urllib3/connectionpool.py:1103: InsecureRequestWarning: Unverified HTTPS request is being made to host 'randomuser.me'. Adding certificate verification is strongly advised. See: https://urllib3.readthedocs.io/en/latest/advanced-usage.html#tls-warnings
  warnings.warn(</msg>
<msg time="2024-04-19T10:15:21.515487" level="INFO">${response} = &lt;Response [200]&gt;</msg>
<var>${response}</var>
<arg>consultarAPI</arg>
<arg>/api</arg>
<doc>Sends a GET request on a previously created HTTP Session.</doc>
<status status="PASS" start="2024-04-19T10:15:21.415903" elapsed="0.099632"/>
</kw>
<kw name="Set Variable" owner="BuiltIn">
<msg time="2024-04-19T10:15:21.516545" level="INFO">${json_data} = {'results': [{'gender': 'female', 'name': {'title': 'Mrs', 'first': 'Maddison', 'last': 'Smith'}, 'location': {'street': {'number': 234, 'name': 'Sherborne Street'}, 'city': 'Auckland', 'state': 'Otag...</msg>
<var>${json_data}</var>
<arg>${response.json()}</arg>
<doc>Returns the given values which can then be assigned to a variables.</doc>
<status status="PASS" start="2024-04-19T10:15:21.515981" elapsed="0.000592"/>
</kw>
<kw name="Log" owner="BuiltIn">
<msg time="2024-04-19T10:15:21.517032" level="INFO">{'results': [{'gender': 'female', 'name': {'title': 'Mrs', 'first': 'Maddison', 'last': 'Smith'}, 'location': {'street': {'number': 234, 'name': 'Sherborne Street'}, 'city': 'Auckland', 'state': 'Otago', 'country': 'New Zealand', 'postcode': 41810, 'coordinates': {'latitude': '53.1407', 'longitude': '90.1128'}, 'timezone': {'offset': '+5:45', 'description': 'Kathmandu'}}, 'email': 'maddison.smith@example.com', 'login': {'uuid': '9a9c0c09-5328-4d78-8971-66cccc9aca2b', 'username': 'bigkoala447', 'password': 'jane', 'salt': 'okF2EHGK', 'md5': 'c68781da8b9f7771dc87af7261c54d90', 'sha1': '3317992caff2221d20134851a5cd0b63900fa86b', 'sha256': 'ffeccb9c1c79ee3efaf30b67420c51b5d2b7f2508ccd8b04bafd7cdba8cd2b59'}, 'dob': {'date': '1989-02-28T15:11:25.051Z', 'age': 35}, 'registered': {'date': '2018-05-10T00:33:19.326Z', 'age': 5}, 'phone': '(856)-761-6274', 'cell': '(137)-844-8665', 'id': {'name': '', 'value': None}, 'picture': {'large': 'https://randomuser.me/api/portraits/women/75.jpg', 'medium': 'https://randomuser.me/api/portraits/med/women/75.jpg', 'thumbnail': 'https://randomuser.me/api/portraits/thumb/women/75.jpg'}, 'nat': 'NZ'}], 'info': {'seed': '475f4d6b636d50c4', 'results': 1, 'page': 1, 'version': '1.4'}}</msg>
<arg>${json_data}</arg>
<doc>Logs the given message with the given level.</doc>
<status status="PASS" start="2024-04-19T10:15:21.516880" elapsed="0.000229"/>
</kw>
<kw name="Should Be Equal As Numbers" owner="BuiltIn">
<arg>${json_data['results'][0]['location']['postcode']}</arg>
<arg>${json_data['results'][0]['location']['postcode']}</arg>
<doc>Fails if objects are unequal after converting them to real numbers.</doc>
<status status="PASS" start="2024-04-19T10:15:21.517407" elapsed="0.000751"/>
</kw>
<kw name="Log" owner="BuiltIn">
<msg time="2024-04-19T10:15:21.518686" level="INFO">41810</msg>
<arg>${json_data['results'][0]['location']['postcode']}</arg>
<doc>Logs the given message with the given level.</doc>
<status status="PASS" start="2024-04-19T10:15:21.518350" elapsed="0.000376"/>
</kw>
<status status="PASS" start="2024-04-19T10:15:21.415678" elapsed="0.103333"/>
</kw>
<doc>Testa se os tipos de dados na resposta da API estão corretos.</doc>
<tag>testeTiposDados</tag>
<status status="PASS" start="2024-04-19T10:15:21.338576" elapsed="0.180597"/>
</test>
<test id="s1-s1-t5" name="Validar conteudo" line="35">
<kw name="Teste de Tipos de Conteudo" owner="random-user-service">
<kw name="GET On Session" owner="RequestsLibrary">
<msg time="2024-04-19T10:15:21.605535" level="INFO">GET Request : url=https://randomuser.me/api 
 path_url=/api 
 headers={'User-Agent': 'python-requests/2.31.0', 'Accept-Encoding': 'gzip, deflate', 'Accept': '*/*', 'Connection': 'keep-alive'} 
 body=None 
 </msg>
<msg time="2024-04-19T10:15:21.605611" level="INFO">GET Response : url=https://randomuser.me/api 
 status=200, reason=OK 
 headers={'Date': 'Fri, 19 Apr 2024 10:15:21 GMT', 'Content-Type': 'application/json; charset=utf-8', 'Transfer-Encoding': 'chunked', 'Connection': 'keep-alive', 'X-Powered-By': 'Express', 'Access-Control-Allow-Origin': '*', 'Cache-Control': 'no-cache', 'ETag': 'W/"46f-e3xXGRVohckdVs8KbbOdePpBgVg"', 'Vary': 'Accept-Encoding', 'Content-Encoding': 'gzip', 'CF-Cache-Status': 'DYNAMIC', 'Report-To': '{"endpoints":[{"url":"https:\\/\\/a.nel.cloudflare.com\\/report\\/v4?s=GYFuWNXh%2FkLKDj%2BRy2wRue%2B2sJxbSsfMpFBgjQRe3bwS%2BlZZqVRCAEwzH%2FOMwnTSF4SJI%2BJabUvKWEYmJGn8lIoF2S93fAplJoaCz1DSuT0ny%2FIeuaq6vSIW1DzKsIE8"}],"group":"cf-nel","max_age":604800}', 'NEL': '{"success_fraction":0,"report_to":"cf-nel","max_age":604800}', 'Server': 'cloudflare', 'CF-RAY': '876c22078d9f89eb-ORD', 'alt-svc': 'h3=":443"; ma=86400'} 
 body={"results":[{"gender":"male","name":{"title":"Mr","first":"Christian","last":"Winge"},"location":{"street":{"number":5106,"name":"Ulfstens gate"},"city":"Lalm","state":"Rogaland","country":"Norway","postcode":"6301","coordinates":{"latitude":"45.1565","longitude":"-109.8935"},"timezone":{"offset":"-3:30","description":"Newfoundland"}},"email":"christian.winge@example.com","login":{"uuid":"2f58e6a2-561e-430c-acfb-d40d132c82e7","username":"yellowpanda867","password":"scarlet","salt":"uxh5ncWP","md5":"105d08c91d7393bbb3e21158b70fa454","sha1":"dcdb5325ac7c140312dc778bc523903141d8543b","sha256":"d3201737fc355fc874487cc461e4840d4f6e189823dc437f69ccc519585507c3"},"dob":{"date":"1960-09-11T14:15:30.992Z","age":63},"registered":{"date":"2003-04-16T20:30:58.695Z","age":21},"phone":"21185194","cell":"92187561","id":{"name":"FN","value":"11096003147"},"picture":{"large":"https://randomuser.me/api/portraits/men/83.jpg","medium":"https://randomuser.me/api/portraits/med/men/83.jpg","thumbnail":"https://randomuser.me/api/portraits/thumb/men/83.jpg"},"nat":"NO"}],"info":{"seed":"59f8807e17d01cf8","results":1,"page":1,"version":"1.4"}} 
 </msg>
<msg time="2024-04-19T10:15:21.605677" level="INFO">/opt/hostedtoolcache/Python/3.12.3/x64/lib/python3.12/site-packages/urllib3/connectionpool.py:1103: InsecureRequestWarning: Unverified HTTPS request is being made to host 'randomuser.me'. Adding certificate verification is strongly advised. See: https://urllib3.readthedocs.io/en/latest/advanced-usage.html#tls-warnings
  warnings.warn(</msg>
<msg time="2024-04-19T10:15:21.605781" level="INFO">${response} = &lt;Response [200]&gt;</msg>
<var>${response}</var>
<arg>consultarAPI</arg>
<arg>/api</arg>
<doc>Sends a GET request on a previously created HTTP Session.</doc>
<status status="PASS" start="2024-04-19T10:15:21.521670" elapsed="0.084154"/>
</kw>
<kw name="Set Variable" owner="BuiltIn">
<msg time="2024-04-19T10:15:21.606612" level="INFO">${json_data} = {'results': [{'gender': 'male', 'name': {'title': 'Mr', 'first': 'Christian', 'last': 'Winge'}, 'location': {'street': {'number': 5106, 'name': 'Ulfstens gate'}, 'city': 'Lalm', 'state': 'Rogaland', '...</msg>
<var>${json_data}</var>
<arg>${response.json()}</arg>
<doc>Returns the given values which can then be assigned to a variables.</doc>
<status status="PASS" start="2024-04-19T10:15:21.606180" elapsed="0.000459"/>
</kw>
<kw name="Set Variable" owner="BuiltIn">
<msg time="2024-04-19T10:15:21.607358" level="INFO">${name_title} = Mr</msg>
<var>${name_title}</var>
<arg>${json_data["results"][0]["name"]["title"]}</arg>
<doc>Returns the given values which can then be assigned to a variables.</doc>
<status status="PASS" start="2024-04-19T10:15:21.606972" elapsed="0.000410"/>
</kw>
<kw name="Create List" owner="BuiltIn">
<msg time="2024-04-19T10:15:21.607827" level="INFO">${allowed_titles} = ['Mr', 'Ms', 'Miss', 'Mrs', 'Madame', 'Monsieur']</msg>
<var>${allowed_titles}</var>
<arg>Mr</arg>
<arg>Ms</arg>
<arg>Miss</arg>
<arg>Mrs</arg>
<arg>Madame</arg>
<arg>Monsieur</arg>
<doc>Returns a list containing given items.</doc>
<status status="PASS" start="2024-04-19T10:15:21.607681" elapsed="0.000170"/>
</kw>
<kw name="List Should Contain Value" owner="Collections">
<msg time="2024-04-19T10:15:21.608321" level="INFO">False</msg>
<arg>${allowed_titles}</arg>
<arg>${name_title}</arg>
<doc>Fails if the ``value`` is not found from ``list``.</doc>
<status status="PASS" start="2024-04-19T10:15:21.608154" elapsed="0.000203"/>
</kw>
<kw name="Set Variable" owner="BuiltIn">
<msg time="2024-04-19T10:15:21.609018" level="INFO">${name_country} = NO</msg>
<var>${name_country}</var>
<arg>${json_data["results"][0]["nat"]}</arg>
<doc>Returns the given values which can then be assigned to a variables.</doc>
<status status="PASS" start="2024-04-19T10:15:21.608639" elapsed="0.000404"/>
</kw>
<kw name="Create List" owner="BuiltIn">
<msg time="2024-04-19T10:15:21.609914" level="INFO">${list_country} = ['AD', 'AE', 'AF', 'AG', 'AI', 'AL', 'AM', 'AO', 'AQ', 'AR', 'AS', 'AT', 'AU', 'AW', 'AX', 'AZ', 'BA', 'BB', 'BD', 'BE', 'BF', 'BG', 'BH', 'BI', 'BJ', 'BL', 'BM', 'BN', 'BO', 'BQ', 'BR', 'BS', 'BT', '...</msg>
<var>${list_country}</var>
<arg>AD</arg>
<arg>AE</arg>
<arg>AF</arg>
<arg>AG</arg>
<arg>AI</arg>
<arg>AL</arg>
<arg>AM</arg>
<arg>AO</arg>
<arg>AQ</arg>
<arg>AR</arg>
<arg>AS</arg>
<arg>AT</arg>
<arg>AU</arg>
<arg>AW</arg>
<arg>AX</arg>
<arg>AZ</arg>
<arg>BA</arg>
<arg>BB</arg>
<arg>BD</arg>
<arg>BE</arg>
<arg>BF</arg>
<arg>BG</arg>
<arg>BH</arg>
<arg>BI</arg>
<arg>BJ</arg>
<arg>BL</arg>
<arg>BM</arg>
<arg>BN</arg>
<arg>BO</arg>
<arg>BQ</arg>
<arg>BR</arg>
<arg>BS</arg>
<arg>BT</arg>
<arg>BV</arg>
<arg>BW</arg>
<arg>BY</arg>
<arg>BZ</arg>
<arg>CA</arg>
<arg>CC</arg>
<arg>CD</arg>
<arg>CF</arg>
<arg>CG</arg>
<arg>CH</arg>
<arg>CI</arg>
<arg>CK</arg>
<arg>CL</arg>
<arg>CM</arg>
<arg>CN</arg>
<arg>CO</arg>
<arg>CR</arg>
<arg>CU</arg>
<arg>CV</arg>
<arg>CW</arg>
<arg>CX</arg>
<arg>CY</arg>
<arg>CZ</arg>
<arg>DE</arg>
<arg>DJ</arg>
<arg>DK</arg>
<arg>DM</arg>
<arg>DO</arg>
<arg>DZ</arg>
<arg>EC</arg>
<arg>EE</arg>
<arg>EG</arg>
<arg>EH</arg>
<arg>ER</arg>
<arg>ES</arg>
<arg>ET</arg>
<arg>FI</arg>
<arg>FJ</arg>
<arg>FK</arg>
<arg>FM</arg>
<arg>FO</arg>
<arg>FR</arg>
<arg>GA</arg>
<arg>GB</arg>
<arg>GD</arg>
<arg>GE</arg>
<arg>GF</arg>
<arg>GG</arg>
<arg>GH</arg>
<arg>GI</arg>
<arg>GL</arg>
<arg>GM</arg>
<arg>GN</arg>
<arg>GP</arg>
<arg>GQ</arg>
<arg>GR</arg>
<arg>GS</arg>
<arg>GT</arg>
<arg>GU</arg>
<arg>GW</arg>
<arg>GY</arg>
<arg>HK</arg>
<arg>HM</arg>
<arg>HN</arg>
<arg>HR</arg>
<arg>HT</arg>
<arg>HU</arg>
<arg>ID</arg>
<arg>IE</arg>
<arg>IL</arg>
<arg>IM</arg>
<arg>IN</arg>
<arg>IO</arg>
<arg>IQ</arg>
<arg>IR</arg>
<arg>IS</arg>
<arg>IT</arg>
<arg>JE</arg>
<arg>JM</arg>
<arg>JO</arg>
<arg>JP</arg>
<arg>KE</arg>
<arg>KG</arg>
<arg>KH</arg>
<arg>KI</arg>
<arg>KM</arg>
<arg>KN</arg>
<arg>KP</arg>
<arg>KR</arg>
<arg>KW</arg>
<arg>KY</arg>
<arg>KZ</arg>
<arg>LA</arg>
<arg>LB</arg>
<arg>LC</arg>
<arg>LI</arg>
<arg>LK</arg>
<arg>LR</arg>
<arg>LS</arg>
<arg>LT</arg>
<arg>LU</arg>
<arg>LV</arg>
<arg>LY</arg>
<arg>MA</arg>
<arg>MC</arg>
<arg>MD</arg>
<arg>ME</arg>
<arg>MF</arg>
<arg>MG</arg>
<arg>MH</arg>
<arg>MK</arg>
<arg>ML</arg>
<arg>MM</arg>
<arg>MN</arg>
<arg>MO</arg>
<arg>MP</arg>
<arg>MQ</arg>
<arg>MR</arg>
<arg>MS</arg>
<arg>MT</arg>
<arg>MU</arg>
<arg>MV</arg>
<arg>MW</arg>
<arg>MX</arg>
<arg>MY</arg>
<arg>MZ</arg>
<arg>NA</arg>
<arg>NC</arg>
<arg>NE</arg>
<arg>NF</arg>
<arg>NG</arg>
<arg>NI</arg>
<arg>NL</arg>
<arg>NO</arg>
<arg>NP</arg>
<arg>NR</arg>
<arg>NU</arg>
<arg>NZ</arg>
<arg>OM</arg>
<arg>PA</arg>
<arg>PE</arg>
<arg>PF</arg>
<arg>PG</arg>
<arg>PH</arg>
<arg>PK</arg>
<arg>PL</arg>
<arg>PM</arg>
<arg>PN</arg>
<arg>PR</arg>
<arg>PS</arg>
<arg>PT</arg>
<arg>PW</arg>
<arg>PY</arg>
<arg>QA</arg>
<arg>RE</arg>
<arg>RO</arg>
<arg>RS</arg>
<arg>RU</arg>
<arg>RW</arg>
<arg>SA</arg>
<arg>SB</arg>
<arg>SC</arg>
<arg>SD</arg>
<arg>SE</arg>
<arg>SG</arg>
<arg>SH</arg>
<arg>SI</arg>
<arg>SJ</arg>
<arg>SK</arg>
<arg>SL</arg>
<arg>SM</arg>
<arg>SN</arg>
<arg>SO</arg>
<arg>SR</arg>
<arg>SS</arg>
<arg>ST</arg>
<arg>SV</arg>
<arg>SX</arg>
<arg>SY</arg>
<arg>SZ</arg>
<arg>TC</arg>
<arg>TD</arg>
<arg>TF</arg>
<arg>TG</arg>
<arg>TH</arg>
<arg>TJ</arg>
<arg>TK</arg>
<arg>TL</arg>
<arg>TM</arg>
<arg>TN</arg>
<arg>TO</arg>
<arg>TR</arg>
<arg>TT</arg>
<arg>TV</arg>
<arg>TW</arg>
<arg>TZ</arg>
<arg>UA</arg>
<arg>UG</arg>
<arg>UM</arg>
<arg>US</arg>
<arg>UY</arg>
<arg>UZ</arg>
<arg>VA</arg>
<arg>VC</arg>
<arg>VE</arg>
<arg>VG</arg>
<arg>VI</arg>
<arg>VN</arg>
<arg>VU</arg>
<arg>WF</arg>
<arg>WS</arg>
<arg>XK</arg>
<arg>YE</arg>
<arg>YT</arg>
<arg>ZA</arg>
<arg>ZM</arg>
<arg>ZW</arg>
<doc>Returns a list containing given items.</doc>
<status status="PASS" start="2024-04-19T10:15:21.609339" elapsed="0.000600"/>
</kw>
<kw name="List Should Contain Value" owner="Collections">
<msg time="2024-04-19T10:15:21.610940" level="INFO">False</msg>
<arg>${list_country}</arg>
<arg>${name_country}</arg>
<doc>Fails if the ``value`` is not found from ``list``.</doc>
<status status="PASS" start="2024-04-19T10:15:21.610723" elapsed="0.000255"/>
</kw>
<kw name="Run Keyword If" owner="BuiltIn">
<kw name="Should Be True" owner="BuiltIn">
<arg>${True}</arg>
<doc>Fails if the given condition is not true.</doc>
<status status="PASS" start="2024-04-19T10:15:21.612030" elapsed="0.000142"/>
</kw>
<arg>${json_data["results"][0]["location"]["coordinates"]["latitude"]} &gt;= -90 and ${json_data["results"][0]["location"]["coordinates"]["latitude"]} &lt;= 90</arg>
<arg>Should Be True</arg>
<arg>${True}</arg>
<doc>Runs the given keyword with the given arguments, if ``condition`` is true.</doc>
<status status="PASS" start="2024-04-19T10:15:21.611283" elapsed="0.001014"/>
</kw>
<kw name="Run Keyword If" owner="BuiltIn">
<kw name="Should Be True" owner="BuiltIn">
<arg>${True}</arg>
<doc>Fails if the given condition is not true.</doc>
<status status="PASS" start="2024-04-19T10:15:21.613167" elapsed="0.000244"/>
</kw>
<arg>${json_data["results"][0]["location"]["coordinates"]["longitude"]} &gt;= -180 and ${json_data["results"][0]["location"]["coordinates"]["longitude"]} &lt;= 180</arg>
<arg>Should Be True</arg>
<arg>${True}</arg>
<doc>Runs the given keyword with the given arguments, if ``condition`` is true.</doc>
<status status="PASS" start="2024-04-19T10:15:21.612479" elapsed="0.001059"/>
</kw>
<status status="PASS" start="2024-04-19T10:15:21.521446" elapsed="0.092220"/>
</kw>
<doc>Testa o conteúdo específico dos campos retornados pela API.</doc>
<tag>testeConteudo</tag>
<status status="PASS" start="2024-04-19T10:15:21.520930" elapsed="0.092877"/>
</test>
<status status="PASS" start="2024-04-19T10:15:20.719241" elapsed="0.896515"/>
</suite>
<status status="PASS" start="2024-04-19T10:15:20.705469" elapsed="0.915360"/>
</suite>
<statistics>
<total>
<stat pass="5" fail="0" skip="0">All Tests</stat>
</total>
<tag>
<stat pass="1" fail="0" skip="0">testeConteudo</stat>
<stat pass="1" fail="0" skip="0">testeEstruturaResposta</stat>
<stat pass="1" fail="0" skip="0">testeRequisicaoBasica</stat>
<stat pass="1" fail="0" skip="0">testeTiposDados</stat>
</tag>
<suite>
<stat pass="5" fail="0" skip="0" id="s1" name="Tests">Tests</stat>
<stat pass="5" fail="0" skip="0" id="s1-s1" name="Random-User-Test">Tests.Random-User-Test</stat>
</suite>
</statistics>
<errors>
</errors>
</robot>
