<?xml version="1.0" encoding="UTF-8"?>
<robot generator="Robot 7.0 (Python 3.12.3 on linux)" generated="2024-04-19T22:12:23.669744" rpa="false" schemaversion="5">
<suite id="s1" name="Tests" source="/home/runner/work/DesafioQAItauRogerioJordao/DesafioQAItauRogerioJordao/RamdonUser/tests">
<suite id="s1-s1" name="Random-User-Test" source="/home/runner/work/DesafioQAItauRogerioJordao/DesafioQAItauRogerioJordao/RamdonUser/tests/random-user-test.robot">
<test id="s1-s1-t1" name="Conectar" line="13">
<kw name="Conectar API" owner="random-user-service">
<kw name="Create Session" owner="RequestsLibrary">
<msg time="2024-04-19T22:12:24.038707" level="INFO">Creating Session using : alias=consultarAPI, url=https://randomuser.me/, headers={},                     cookies={}, auth=None, timeout=None, proxies=None, verify=False,                     debug=0 </msg>
<arg>consultarAPI</arg>
<arg>${URL}</arg>
<doc>Create Session: create a HTTP session to a server</doc>
<status status="PASS" start="2024-04-19T22:12:24.038517" elapsed="0.000356"/>
</kw>
<status status="PASS" start="2024-04-19T22:12:24.037611" elapsed="0.001612"/>
</kw>
<status status="PASS" start="2024-04-19T22:12:24.037060" elapsed="0.002379"/>
</test>
<test id="s1-s1-t2" name="Validar retorno 200 e JSON Válido" line="16">
<kw name="Teste de Requisicao Basica" owner="random-user-service">
<kw name="GET On Session" owner="RequestsLibrary">
<msg time="2024-04-19T22:12:24.115289" level="INFO">GET Request : url=https://randomuser.me/api 
 path_url=/api 
 headers={'User-Agent': 'python-requests/2.31.0', 'Accept-Encoding': 'gzip, deflate', 'Accept': '*/*', 'Connection': 'keep-alive'} 
 body=None 
 </msg>
<msg time="2024-04-19T22:12:24.115416" level="INFO">GET Response : url=https://randomuser.me/api 
 status=200, reason=OK 
 headers={'Date': 'Fri, 19 Apr 2024 22:12:24 GMT', 'Content-Type': 'application/json; charset=utf-8', 'Transfer-Encoding': 'chunked', 'Connection': 'keep-alive', 'X-Powered-By': 'Express', 'Access-Control-Allow-Origin': '*', 'Cache-Control': 'no-cache', 'ETag': 'W/"493-dpVqPqFnhSpq4rOtQte7PUkZbQM"', 'Vary': 'Accept-Encoding', 'Content-Encoding': 'gzip', 'CF-Cache-Status': 'DYNAMIC', 'Report-To': '{"endpoints":[{"url":"https:\\/\\/a.nel.cloudflare.com\\/report\\/v4?s=rSk%2Ft1hSsPL4oWjBwXXp3UIcYMPhNnDmdc%2B8dZHGuB5PQOmFDFTvmdML6fCfDkhAybKncMOKAPCQvgAGtGNc6y1jpuQnoynXYHQsxARHo2CDIE0qewaDTiYqCkYAEweI"}],"group":"cf-nel","max_age":604800}', 'NEL': '{"success_fraction":0,"report_to":"cf-nel","max_age":604800}', 'Server': 'cloudflare', 'CF-RAY': '87703c62788c596e-IAD', 'alt-svc': 'h3=":443"; ma=86400'} 
 body={"results":[{"gender":"female","name":{"title":"Ms","first":"Julia","last":"Cox"},"location":{"street":{"number":1756,"name":"O'Connell Avenue"},"city":"Thurles","state":"Cavan","country":"Ireland","postcode":99595,"coordinates":{"latitude":"-3.9754","longitude":"124.8140"},"timezone":{"offset":"-5:00","description":"Eastern Time (US &amp; Canada), Bogota, Lima"}},"email":"julia.cox@example.com","login":{"uuid":"72e428d0-fac0-412a-b96c-18a8649094b5","username":"silverbutterfly556","password":"harpoon","salt":"QWaejPUK","md5":"31a90acf1e06193a5880280f825ce768","sha1":"b63bb4b11a8ce461309d10c42046c1c9f98ef5e0","sha256":"fe7b1ba7036c3b9362c88962e1bd4a707ad6e8b0b59c1d39e922a32094fcf5d3"},"dob":{"date":"1981-09-05T23:54:47.020Z","age":42},"registered":{"date":"2012-07-19T22:47:38.717Z","age":11},"phone":"021-505-2732","cell":"081-148-3116","id":{"name":"PPS","value":"3686374T"},"picture":{"large":"https://randomuser.me/api/portraits/women/37.jpg","medium":"https://randomuser.me/api/portraits/med/women/37.jpg","thumbnail":"https://randomuser.me/api/portraits/thumb/women/37.jpg"},"nat":"IE"}],"info":{"seed":"fb72514093ca50cb","results":1,"page":1,"version":"1.4"}} 
 </msg>
<msg time="2024-04-19T22:12:24.115483" level="INFO">/opt/hostedtoolcache/Python/3.12.3/x64/lib/python3.12/site-packages/urllib3/connectionpool.py:1103: InsecureRequestWarning: Unverified HTTPS request is being made to host 'randomuser.me'. Adding certificate verification is strongly advised. See: https://urllib3.readthedocs.io/en/latest/advanced-usage.html#tls-warnings
  warnings.warn(</msg>
<msg time="2024-04-19T22:12:24.115605" level="INFO">${response} = &lt;Response [200]&gt;</msg>
<var>${response}</var>
<arg>consultarAPI</arg>
<arg>/api</arg>
<doc>Sends a GET request on a previously created HTTP Session.</doc>
<status status="PASS" start="2024-04-19T22:12:24.042143" elapsed="0.073500"/>
</kw>
<kw name="Should Be Equal As Numbers" owner="BuiltIn">
<msg time="2024-04-19T22:12:24.116408" level="INFO">Argument types are:
&lt;class 'int'&gt;
&lt;class 'str'&gt;</msg>
<arg>${response.status_code}</arg>
<arg>200</arg>
<doc>Fails if objects are unequal after converting them to real numbers.</doc>
<status status="PASS" start="2024-04-19T22:12:24.116019" elapsed="0.000450"/>
</kw>
<kw name="Log" owner="BuiltIn">
<msg time="2024-04-19T22:12:24.117148" level="INFO">200</msg>
<arg>${response.status_code}</arg>
<doc>Logs the given message with the given level.</doc>
<status status="PASS" start="2024-04-19T22:12:24.116807" elapsed="0.000382"/>
</kw>
<kw name="Set Variable" owner="BuiltIn">
<msg time="2024-04-19T22:12:24.117907" level="INFO">${json_data} = {'results': [{'gender': 'female', 'name': {'title': 'Ms', 'first': 'Julia', 'last': 'Cox'}, 'location': {'street': {'number': 1756, 'name': "O'Connell Avenue"}, 'city': 'Thurles', 'state': 'Cavan', 'c...</msg>
<var>${json_data}</var>
<arg>${response.json()}</arg>
<doc>Returns the given values which can then be assigned to a variables.</doc>
<status status="PASS" start="2024-04-19T22:12:24.117488" elapsed="0.000447"/>
</kw>
<kw name="Dictionary Should Contain Key" owner="Collections">
<msg time="2024-04-19T22:12:24.118400" level="INFO">False</msg>
<arg>${json_data}</arg>
<arg>results</arg>
<doc>Fails if ``key`` is not found from ``dictionary``.</doc>
<status status="PASS" start="2024-04-19T22:12:24.118234" elapsed="0.000205"/>
</kw>
<status status="PASS" start="2024-04-19T22:12:24.041897" elapsed="0.076794"/>
</kw>
<doc>Testa se a API responde corretamente e retorna um objeto JSON válido.</doc>
<tag>testeRequisicaoBasica</tag>
<status status="PASS" start="2024-04-19T22:12:24.041328" elapsed="0.077528"/>
</test>
<test id="s1-s1-t3" name="Validar estrutura de resposta" line="22">
<kw name="Teste de Estrutura de Resposta" owner="random-user-service">
<kw name="GET On Session" owner="RequestsLibrary">
<msg time="2024-04-19T22:12:24.215374" level="INFO">GET Request : url=https://randomuser.me/api 
 path_url=/api 
 headers={'User-Agent': 'python-requests/2.31.0', 'Accept-Encoding': 'gzip, deflate', 'Accept': '*/*', 'Connection': 'keep-alive'} 
 body=None 
 </msg>
<msg time="2024-04-19T22:12:24.215465" level="INFO">GET Response : url=https://randomuser.me/api 
 status=200, reason=OK 
 headers={'Date': 'Fri, 19 Apr 2024 22:12:24 GMT', 'Content-Type': 'application/json; charset=utf-8', 'Transfer-Encoding': 'chunked', 'Connection': 'keep-alive', 'X-Powered-By': 'Express', 'Access-Control-Allow-Origin': '*', 'Cache-Control': 'no-cache', 'ETag': 'W/"49b-z6b0zhSGIu7wJbhHQCZ1GEM7lkk"', 'Vary': 'Accept-Encoding', 'Content-Encoding': 'gzip', 'CF-Cache-Status': 'DYNAMIC', 'Report-To': '{"endpoints":[{"url":"https:\\/\\/a.nel.cloudflare.com\\/report\\/v4?s=YatOyFfIJU1OMVmjEYCImWpmJSN2FE8jB8XaWnFpppxxqOQEHz9jAzttG8if24KOeXNjyNwL3os4MSrNWh2m7o%2FiaGjfNGsq1bV9kWRKvlLasy2i0b762dHnzbH60raz"}],"group":"cf-nel","max_age":604800}', 'NEL': '{"success_fraction":0,"report_to":"cf-nel","max_age":604800}', 'Server': 'cloudflare', 'CF-RAY': '87703c62c8bf596e-IAD', 'alt-svc': 'h3=":443"; ma=86400'} 
 body={"results":[{"gender":"male","name":{"title":"Monsieur","first":"Ulrich","last":"Joly"},"location":{"street":{"number":2321,"name":"Rue du Dauphiné"},"city":"Huttwil","state":"Appenzell Ausserrhoden","country":"Switzerland","postcode":7422,"coordinates":{"latitude":"-58.5539","longitude":"-60.5319"},"timezone":{"offset":"+2:00","description":"Kaliningrad, South Africa"}},"email":"ulrich.joly@example.com","login":{"uuid":"f783c607-2072-4136-9652-2020b45abafe","username":"goldencat258","password":"harper","salt":"laCkdoAt","md5":"23bd0aad3fdd091b67daf97c79234293","sha1":"1e56cc72ebb111a7547925d03c6ad0026ae7e96e","sha256":"3235acbb1d63ee6482639effac96fad321c417e1a0cf8fe85df5d1ba1648dfb0"},"dob":{"date":"1947-01-21T16:22:55.241Z","age":77},"registered":{"date":"2005-06-19T12:05:43.903Z","age":18},"phone":"076 367 69 81","cell":"078 424 82 97","id":{"name":"AVS","value":"756.1461.9574.41"},"picture":{"large":"https://randomuser.me/api/portraits/men/3.jpg","medium":"https://randomuser.me/api/portraits/med/men/3.jpg","thumbnail":"https://randomuser.me/api/portraits/thumb/men/3.jpg"},"nat":"CH"}],"info":{"seed":"6eddb9d8ac707428","results":1,"page":1,"version":"1.4"}} 
 </msg>
<msg time="2024-04-19T22:12:24.215590" level="INFO">/opt/hostedtoolcache/Python/3.12.3/x64/lib/python3.12/site-packages/urllib3/connectionpool.py:1103: InsecureRequestWarning: Unverified HTTPS request is being made to host 'randomuser.me'. Adding certificate verification is strongly advised. See: https://urllib3.readthedocs.io/en/latest/advanced-usage.html#tls-warnings
  warnings.warn(</msg>
<msg time="2024-04-19T22:12:24.215704" level="INFO">${response} = &lt;Response [200]&gt;</msg>
<var>${response}</var>
<arg>consultarAPI</arg>
<arg>/api</arg>
<doc>Sends a GET request on a previously created HTTP Session.</doc>
<status status="PASS" start="2024-04-19T22:12:24.121868" elapsed="0.093874"/>
</kw>
<kw name="Set Variable" owner="BuiltIn">
<msg time="2024-04-19T22:12:24.216584" level="INFO">${json_data} = {'results': [{'gender': 'male', 'name': {'title': 'Monsieur', 'first': 'Ulrich', 'last': 'Joly'}, 'location': {'street': {'number': 2321, 'name': 'Rue du Dauphiné'}, 'city': 'Huttwil', 'state': 'Appen...</msg>
<var>${json_data}</var>
<arg>${response.json()}</arg>
<doc>Returns the given values which can then be assigned to a variables.</doc>
<status status="PASS" start="2024-04-19T22:12:24.216116" elapsed="0.000497"/>
</kw>
<kw name="Log" owner="BuiltIn">
<msg time="2024-04-19T22:12:24.217084" level="INFO">{'results': [{'gender': 'male', 'name': {'title': 'Monsieur', 'first': 'Ulrich', 'last': 'Joly'}, 'location': {'street': {'number': 2321, 'name': 'Rue du Dauphiné'}, 'city': 'Huttwil', 'state': 'Appenzell Ausserrhoden', 'country': 'Switzerland', 'postcode': 7422, 'coordinates': {'latitude': '-58.5539', 'longitude': '-60.5319'}, 'timezone': {'offset': '+2:00', 'description': 'Kaliningrad, South Africa'}}, 'email': 'ulrich.joly@example.com', 'login': {'uuid': 'f783c607-2072-4136-9652-2020b45abafe', 'username': 'goldencat258', 'password': 'harper', 'salt': 'laCkdoAt', 'md5': '23bd0aad3fdd091b67daf97c79234293', 'sha1': '1e56cc72ebb111a7547925d03c6ad0026ae7e96e', 'sha256': '3235acbb1d63ee6482639effac96fad321c417e1a0cf8fe85df5d1ba1648dfb0'}, 'dob': {'date': '1947-01-21T16:22:55.241Z', 'age': 77}, 'registered': {'date': '2005-06-19T12:05:43.903Z', 'age': 18}, 'phone': '076 367 69 81', 'cell': '078 424 82 97', 'id': {'name': 'AVS', 'value': '756.1461.9574.41'}, 'picture': {'large': 'https://randomuser.me/api/portraits/men/3.jpg', 'medium': 'https://randomuser.me/api/portraits/med/men/3.jpg', 'thumbnail': 'https://randomuser.me/api/portraits/thumb/men/3.jpg'}, 'nat': 'CH'}], 'info': {'seed': '6eddb9d8ac707428', 'results': 1, 'page': 1, 'version': '1.4'}}</msg>
<arg>${json_data}</arg>
<doc>Logs the given message with the given level.</doc>
<status status="PASS" start="2024-04-19T22:12:24.216923" elapsed="0.000212"/>
</kw>
<kw name="Dictionary Should Contain Key" owner="Collections">
<msg time="2024-04-19T22:12:24.217591" level="INFO">False</msg>
<arg>${json_data}</arg>
<arg>results</arg>
<doc>Fails if ``key`` is not found from ``dictionary``.</doc>
<status status="PASS" start="2024-04-19T22:12:24.217434" elapsed="0.000194"/>
</kw>
<kw name="Should Not Be Empty" owner="BuiltIn">
<msg time="2024-04-19T22:12:24.218058" level="INFO">Length is 2.</msg>
<arg>${json_data}</arg>
<doc>Verifies that the given item is not empty.</doc>
<status status="PASS" start="2024-04-19T22:12:24.217925" elapsed="0.000294"/>
</kw>
<kw name="Create List" owner="BuiltIn">
<msg time="2024-04-19T22:12:24.218670" level="INFO">${expected_keys} = ['gender', 'name', 'location', 'email', 'login']</msg>
<var>${expected_keys}</var>
<arg>gender</arg>
<arg>name</arg>
<arg>location</arg>
<arg>email</arg>
<arg>login</arg>
<doc>Returns a list containing given items.</doc>
<status status="PASS" start="2024-04-19T22:12:24.218520" elapsed="0.000175"/>
</kw>
<for flavor="IN">
<iter>
<kw name="Dictionary Should Contain Key" owner="Collections">
<msg time="2024-04-19T22:12:24.219687" level="INFO">False</msg>
<arg>${json_data['results'][0]}</arg>
<arg>${key}</arg>
<doc>Fails if ``key`` is not found from ``dictionary``.</doc>
<status status="PASS" start="2024-04-19T22:12:24.219280" elapsed="0.000446"/>
</kw>
<kw name="Log" owner="BuiltIn">
<msg time="2024-04-19T22:12:24.220396" level="INFO">{'gender': 'male', 'name': {'title': 'Monsieur', 'first': 'Ulrich', 'last': 'Joly'}, 'location': {'street': {'number': 2321, 'name': 'Rue du Dauphiné'}, 'city': 'Huttwil', 'state': 'Appenzell Ausserrhoden', 'country': 'Switzerland', 'postcode': 7422, 'coordinates': {'latitude': '-58.5539', 'longitude': '-60.5319'}, 'timezone': {'offset': '+2:00', 'description': 'Kaliningrad, South Africa'}}, 'email': 'ulrich.joly@example.com', 'login': {'uuid': 'f783c607-2072-4136-9652-2020b45abafe', 'username': 'goldencat258', 'password': 'harper', 'salt': 'laCkdoAt', 'md5': '23bd0aad3fdd091b67daf97c79234293', 'sha1': '1e56cc72ebb111a7547925d03c6ad0026ae7e96e', 'sha256': '3235acbb1d63ee6482639effac96fad321c417e1a0cf8fe85df5d1ba1648dfb0'}, 'dob': {'date': '1947-01-21T16:22:55.241Z', 'age': 77}, 'registered': {'date': '2005-06-19T12:05:43.903Z', 'age': 18}, 'phone': '076 367 69 81', 'cell': '078 424 82 97', 'id': {'name': 'AVS', 'value': '756.1461.9574.41'}, 'picture': {'large': 'https://randomuser.me/api/portraits/men/3.jpg', 'medium': 'https://randomuser.me/api/portraits/med/men/3.jpg', 'thumbnail': 'https://randomuser.me/api/portraits/thumb/men/3.jpg'}, 'nat': 'CH'}</msg>
<arg>${json_data['results'][0]}</arg>
<doc>Logs the given message with the given level.</doc>
<status status="PASS" start="2024-04-19T22:12:24.220029" elapsed="0.000417"/>
</kw>
<kw name="Log" owner="BuiltIn">
<msg time="2024-04-19T22:12:24.220873" level="INFO">gender</msg>
<arg>${key}</arg>
<doc>Logs the given message with the given level.</doc>
<status status="PASS" start="2024-04-19T22:12:24.220744" elapsed="0.000168"/>
</kw>
<var name="${key}">gender</var>
<status status="PASS" start="2024-04-19T22:12:24.219127" elapsed="0.002001"/>
</iter>
<iter>
<kw name="Dictionary Should Contain Key" owner="Collections">
<msg time="2024-04-19T22:12:24.221826" level="INFO">False</msg>
<arg>${json_data['results'][0]}</arg>
<arg>${key}</arg>
<doc>Fails if ``key`` is not found from ``dictionary``.</doc>
<status status="PASS" start="2024-04-19T22:12:24.221428" elapsed="0.000436"/>
</kw>
<kw name="Log" owner="BuiltIn">
<msg time="2024-04-19T22:12:24.222554" level="INFO">{'gender': 'male', 'name': {'title': 'Monsieur', 'first': 'Ulrich', 'last': 'Joly'}, 'location': {'street': {'number': 2321, 'name': 'Rue du Dauphiné'}, 'city': 'Huttwil', 'state': 'Appenzell Ausserrhoden', 'country': 'Switzerland', 'postcode': 7422, 'coordinates': {'latitude': '-58.5539', 'longitude': '-60.5319'}, 'timezone': {'offset': '+2:00', 'description': 'Kaliningrad, South Africa'}}, 'email': 'ulrich.joly@example.com', 'login': {'uuid': 'f783c607-2072-4136-9652-2020b45abafe', 'username': 'goldencat258', 'password': 'harper', 'salt': 'laCkdoAt', 'md5': '23bd0aad3fdd091b67daf97c79234293', 'sha1': '1e56cc72ebb111a7547925d03c6ad0026ae7e96e', 'sha256': '3235acbb1d63ee6482639effac96fad321c417e1a0cf8fe85df5d1ba1648dfb0'}, 'dob': {'date': '1947-01-21T16:22:55.241Z', 'age': 77}, 'registered': {'date': '2005-06-19T12:05:43.903Z', 'age': 18}, 'phone': '076 367 69 81', 'cell': '078 424 82 97', 'id': {'name': 'AVS', 'value': '756.1461.9574.41'}, 'picture': {'large': 'https://randomuser.me/api/portraits/men/3.jpg', 'medium': 'https://randomuser.me/api/portraits/med/men/3.jpg', 'thumbnail': 'https://randomuser.me/api/portraits/thumb/men/3.jpg'}, 'nat': 'CH'}</msg>
<arg>${json_data['results'][0]}</arg>
<doc>Logs the given message with the given level.</doc>
<status status="PASS" start="2024-04-19T22:12:24.222189" elapsed="0.000415"/>
</kw>
<kw name="Log" owner="BuiltIn">
<msg time="2024-04-19T22:12:24.223029" level="INFO">name</msg>
<arg>${key}</arg>
<doc>Logs the given message with the given level.</doc>
<status status="PASS" start="2024-04-19T22:12:24.222904" elapsed="0.000162"/>
</kw>
<var name="${key}">name</var>
<status status="PASS" start="2024-04-19T22:12:24.221313" elapsed="0.001986"/>
</iter>
<iter>
<kw name="Dictionary Should Contain Key" owner="Collections">
<msg time="2024-04-19T22:12:24.223975" level="INFO">False</msg>
<arg>${json_data['results'][0]}</arg>
<arg>${key}</arg>
<doc>Fails if ``key`` is not found from ``dictionary``.</doc>
<status status="PASS" start="2024-04-19T22:12:24.223591" elapsed="0.000421"/>
</kw>
<kw name="Log" owner="BuiltIn">
<msg time="2024-04-19T22:12:24.224670" level="INFO">{'gender': 'male', 'name': {'title': 'Monsieur', 'first': 'Ulrich', 'last': 'Joly'}, 'location': {'street': {'number': 2321, 'name': 'Rue du Dauphiné'}, 'city': 'Huttwil', 'state': 'Appenzell Ausserrhoden', 'country': 'Switzerland', 'postcode': 7422, 'coordinates': {'latitude': '-58.5539', 'longitude': '-60.5319'}, 'timezone': {'offset': '+2:00', 'description': 'Kaliningrad, South Africa'}}, 'email': 'ulrich.joly@example.com', 'login': {'uuid': 'f783c607-2072-4136-9652-2020b45abafe', 'username': 'goldencat258', 'password': 'harper', 'salt': 'laCkdoAt', 'md5': '23bd0aad3fdd091b67daf97c79234293', 'sha1': '1e56cc72ebb111a7547925d03c6ad0026ae7e96e', 'sha256': '3235acbb1d63ee6482639effac96fad321c417e1a0cf8fe85df5d1ba1648dfb0'}, 'dob': {'date': '1947-01-21T16:22:55.241Z', 'age': 77}, 'registered': {'date': '2005-06-19T12:05:43.903Z', 'age': 18}, 'phone': '076 367 69 81', 'cell': '078 424 82 97', 'id': {'name': 'AVS', 'value': '756.1461.9574.41'}, 'picture': {'large': 'https://randomuser.me/api/portraits/men/3.jpg', 'medium': 'https://randomuser.me/api/portraits/med/men/3.jpg', 'thumbnail': 'https://randomuser.me/api/portraits/thumb/men/3.jpg'}, 'nat': 'CH'}</msg>
<arg>${json_data['results'][0]}</arg>
<doc>Logs the given message with the given level.</doc>
<status status="PASS" start="2024-04-19T22:12:24.224311" elapsed="0.000408"/>
</kw>
<kw name="Log" owner="BuiltIn">
<msg time="2024-04-19T22:12:24.225159" level="INFO">location</msg>
<arg>${key}</arg>
<doc>Logs the given message with the given level.</doc>
<status status="PASS" start="2024-04-19T22:12:24.225032" elapsed="0.000165"/>
</kw>
<var name="${key}">location</var>
<status status="PASS" start="2024-04-19T22:12:24.223478" elapsed="0.001936"/>
</iter>
<iter>
<kw name="Dictionary Should Contain Key" owner="Collections">
<msg time="2024-04-19T22:12:24.226084" level="INFO">False</msg>
<arg>${json_data['results'][0]}</arg>
<arg>${key}</arg>
<doc>Fails if ``key`` is not found from ``dictionary``.</doc>
<status status="PASS" start="2024-04-19T22:12:24.225698" elapsed="0.000424"/>
</kw>
<kw name="Log" owner="BuiltIn">
<msg time="2024-04-19T22:12:24.226783" level="INFO">{'gender': 'male', 'name': {'title': 'Monsieur', 'first': 'Ulrich', 'last': 'Joly'}, 'location': {'street': {'number': 2321, 'name': 'Rue du Dauphiné'}, 'city': 'Huttwil', 'state': 'Appenzell Ausserrhoden', 'country': 'Switzerland', 'postcode': 7422, 'coordinates': {'latitude': '-58.5539', 'longitude': '-60.5319'}, 'timezone': {'offset': '+2:00', 'description': 'Kaliningrad, South Africa'}}, 'email': 'ulrich.joly@example.com', 'login': {'uuid': 'f783c607-2072-4136-9652-2020b45abafe', 'username': 'goldencat258', 'password': 'harper', 'salt': 'laCkdoAt', 'md5': '23bd0aad3fdd091b67daf97c79234293', 'sha1': '1e56cc72ebb111a7547925d03c6ad0026ae7e96e', 'sha256': '3235acbb1d63ee6482639effac96fad321c417e1a0cf8fe85df5d1ba1648dfb0'}, 'dob': {'date': '1947-01-21T16:22:55.241Z', 'age': 77}, 'registered': {'date': '2005-06-19T12:05:43.903Z', 'age': 18}, 'phone': '076 367 69 81', 'cell': '078 424 82 97', 'id': {'name': 'AVS', 'value': '756.1461.9574.41'}, 'picture': {'large': 'https://randomuser.me/api/portraits/men/3.jpg', 'medium': 'https://randomuser.me/api/portraits/med/men/3.jpg', 'thumbnail': 'https://randomuser.me/api/portraits/thumb/men/3.jpg'}, 'nat': 'CH'}</msg>
<arg>${json_data['results'][0]}</arg>
<doc>Logs the given message with the given level.</doc>
<status status="PASS" start="2024-04-19T22:12:24.226417" elapsed="0.000416"/>
</kw>
<kw name="Log" owner="BuiltIn">
<msg time="2024-04-19T22:12:24.227286" level="INFO">email</msg>
<arg>${key}</arg>
<doc>Logs the given message with the given level.</doc>
<status status="PASS" start="2024-04-19T22:12:24.227128" elapsed="0.000198"/>
</kw>
<var name="${key}">email</var>
<status status="PASS" start="2024-04-19T22:12:24.225588" elapsed="0.001958"/>
</iter>
<iter>
<kw name="Dictionary Should Contain Key" owner="Collections">
<msg time="2024-04-19T22:12:24.228220" level="INFO">False</msg>
<arg>${json_data['results'][0]}</arg>
<arg>${key}</arg>
<doc>Fails if ``key`` is not found from ``dictionary``.</doc>
<status status="PASS" start="2024-04-19T22:12:24.227831" elapsed="0.000426"/>
</kw>
<kw name="Log" owner="BuiltIn">
<msg time="2024-04-19T22:12:24.228921" level="INFO">{'gender': 'male', 'name': {'title': 'Monsieur', 'first': 'Ulrich', 'last': 'Joly'}, 'location': {'street': {'number': 2321, 'name': 'Rue du Dauphiné'}, 'city': 'Huttwil', 'state': 'Appenzell Ausserrhoden', 'country': 'Switzerland', 'postcode': 7422, 'coordinates': {'latitude': '-58.5539', 'longitude': '-60.5319'}, 'timezone': {'offset': '+2:00', 'description': 'Kaliningrad, South Africa'}}, 'email': 'ulrich.joly@example.com', 'login': {'uuid': 'f783c607-2072-4136-9652-2020b45abafe', 'username': 'goldencat258', 'password': 'harper', 'salt': 'laCkdoAt', 'md5': '23bd0aad3fdd091b67daf97c79234293', 'sha1': '1e56cc72ebb111a7547925d03c6ad0026ae7e96e', 'sha256': '3235acbb1d63ee6482639effac96fad321c417e1a0cf8fe85df5d1ba1648dfb0'}, 'dob': {'date': '1947-01-21T16:22:55.241Z', 'age': 77}, 'registered': {'date': '2005-06-19T12:05:43.903Z', 'age': 18}, 'phone': '076 367 69 81', 'cell': '078 424 82 97', 'id': {'name': 'AVS', 'value': '756.1461.9574.41'}, 'picture': {'large': 'https://randomuser.me/api/portraits/men/3.jpg', 'medium': 'https://randomuser.me/api/portraits/med/men/3.jpg', 'thumbnail': 'https://randomuser.me/api/portraits/thumb/men/3.jpg'}, 'nat': 'CH'}</msg>
<arg>${json_data['results'][0]}</arg>
<doc>Logs the given message with the given level.</doc>
<status status="PASS" start="2024-04-19T22:12:24.228552" elapsed="0.000418"/>
</kw>
<kw name="Log" owner="BuiltIn">
<msg time="2024-04-19T22:12:24.229387" level="INFO">login</msg>
<arg>${key}</arg>
<doc>Logs the given message with the given level.</doc>
<status status="PASS" start="2024-04-19T22:12:24.229261" elapsed="0.000163"/>
</kw>
<var name="${key}">login</var>
<status status="PASS" start="2024-04-19T22:12:24.227721" elapsed="0.001950"/>
</iter>
<var>${key}</var>
<value>@{expected_keys}</value>
<status status="PASS" start="2024-04-19T22:12:24.218948" elapsed="0.010848"/>
</for>
<kw name="Create List" owner="BuiltIn">
<msg time="2024-04-19T22:12:24.230122" level="INFO">${expected_keysTwo} = ['username', 'password']</msg>
<var>${expected_keysTwo}</var>
<arg>username</arg>
<arg>password</arg>
<doc>Returns a list containing given items.</doc>
<status status="PASS" start="2024-04-19T22:12:24.229988" elapsed="0.000158"/>
</kw>
<for flavor="IN">
<iter>
<kw name="Dictionary Should Contain Key" owner="Collections">
<msg time="2024-04-19T22:12:24.231020" level="INFO">False</msg>
<arg>${json_data['results'][0]['login']}</arg>
<arg>${keyTwo}</arg>
<doc>Fails if ``key`` is not found from ``dictionary``.</doc>
<status status="PASS" start="2024-04-19T22:12:24.230637" elapsed="0.000420"/>
</kw>
<kw name="Dictionary Should Contain Key" owner="Collections">
<msg time="2024-04-19T22:12:24.231763" level="INFO">False</msg>
<arg>${json_data['results'][0]['login']}</arg>
<arg>${keyTwo}</arg>
<doc>Fails if ``key`` is not found from ``dictionary``.</doc>
<status status="PASS" start="2024-04-19T22:12:24.231371" elapsed="0.000429"/>
</kw>
<kw name="Log" owner="BuiltIn">
<msg time="2024-04-19T22:12:24.232218" level="INFO">username</msg>
<arg>${keyTwo}</arg>
<doc>Logs the given message with the given level.</doc>
<status status="PASS" start="2024-04-19T22:12:24.232094" elapsed="0.000165"/>
</kw>
<var name="${keyTwo}">username</var>
<status status="PASS" start="2024-04-19T22:12:24.230530" elapsed="0.001944"/>
</iter>
<iter>
<kw name="Dictionary Should Contain Key" owner="Collections">
<msg time="2024-04-19T22:12:24.233214" level="INFO">False</msg>
<arg>${json_data['results'][0]['login']}</arg>
<arg>${keyTwo}</arg>
<doc>Fails if ``key`` is not found from ``dictionary``.</doc>
<status status="PASS" start="2024-04-19T22:12:24.232753" elapsed="0.000508"/>
</kw>
<kw name="Dictionary Should Contain Key" owner="Collections">
<msg time="2024-04-19T22:12:24.233936" level="INFO">False</msg>
<arg>${json_data['results'][0]['login']}</arg>
<arg>${keyTwo}</arg>
<doc>Fails if ``key`` is not found from ``dictionary``.</doc>
<status status="PASS" start="2024-04-19T22:12:24.233558" elapsed="0.000414"/>
</kw>
<kw name="Log" owner="BuiltIn">
<msg time="2024-04-19T22:12:24.234388" level="INFO">password</msg>
<arg>${keyTwo}</arg>
<doc>Logs the given message with the given level.</doc>
<status status="PASS" start="2024-04-19T22:12:24.234265" elapsed="0.000159"/>
</kw>
<var name="${keyTwo}">password</var>
<status status="PASS" start="2024-04-19T22:12:24.232645" elapsed="0.001991"/>
</iter>
<var>${keyTwo}</var>
<value>@{expected_keysTwo}</value>
<status status="PASS" start="2024-04-19T22:12:24.230380" elapsed="0.004376"/>
</for>
<status status="PASS" start="2024-04-19T22:12:24.121535" elapsed="0.113358"/>
</kw>
<doc>Testa a estrutura da resposta da API.</doc>
<tag>testeEstruturaResposta</tag>
<status status="PASS" start="2024-04-19T22:12:24.120814" elapsed="0.114245"/>
</test>
<test id="s1-s1-t4" name="Validar tipos de dados" line="28">
<kw name="Teste de Tipos de Dados" owner="random-user-service">
<kw name="GET On Session" owner="RequestsLibrary">
<msg time="2024-04-19T22:12:24.319757" level="INFO">GET Request : url=https://randomuser.me/api 
 path_url=/api 
 headers={'User-Agent': 'python-requests/2.31.0', 'Accept-Encoding': 'gzip, deflate', 'Accept': '*/*', 'Connection': 'keep-alive'} 
 body=None 
 </msg>
<msg time="2024-04-19T22:12:24.319826" level="INFO">GET Response : url=https://randomuser.me/api 
 status=200, reason=OK 
 headers={'Date': 'Fri, 19 Apr 2024 22:12:24 GMT', 'Content-Type': 'application/json; charset=utf-8', 'Transfer-Encoding': 'chunked', 'Connection': 'keep-alive', 'X-Powered-By': 'Express', 'Access-Control-Allow-Origin': '*', 'Cache-Control': 'no-cache', 'ETag': 'W/"4a1-x9JsLkSTT4v+DsusSRbae5Lw+H8"', 'Vary': 'Accept-Encoding', 'Content-Encoding': 'gzip', 'CF-Cache-Status': 'DYNAMIC', 'Report-To': '{"endpoints":[{"url":"https:\\/\\/a.nel.cloudflare.com\\/report\\/v4?s=%2FZy8xyD39E1TvYsG0U6pXGR3TdeA7RXDVXvlxmCJzq3GG78sLBx7PmwpGxklyQ8LSsj2VVXZcE7LoGuqN0UY4chtzeQ42LDDQ8KiJgnFvMe46yF8STR0SwAQF4DB2LQh"}],"group":"cf-nel","max_age":604800}', 'NEL': '{"success_fraction":0,"report_to":"cf-nel","max_age":604800}', 'Server': 'cloudflare', 'CF-RAY': '87703c638944596e-IAD', 'alt-svc': 'h3=":443"; ma=86400'} 
 body={"results":[{"gender":"female","name":{"title":"Miss","first":"Ilya","last":"Kaashoek"},"location":{"street":{"number":8052,"name":"Johan Idastraat"},"city":"Koggenland","state":"Limburg","country":"Netherlands","postcode":"1253 KG","coordinates":{"latitude":"31.3521","longitude":"155.4605"},"timezone":{"offset":"+9:00","description":"Tokyo, Seoul, Osaka, Sapporo, Yakutsk"}},"email":"ilya.kaashoek@example.com","login":{"uuid":"654ecd66-77b7-4b6b-af54-13963cefe39d","username":"brownbird302","password":"fergus","salt":"BQCRAUl0","md5":"bc045a12addcd079c61d61ff2a27a92d","sha1":"3385aefd4e82093784b6e9c6e808a76d38d16545","sha256":"e7f7a6631846336f9120a00887921297242167aef3594226e9fb2f11927ca641"},"dob":{"date":"1977-02-14T15:32:32.951Z","age":47},"registered":{"date":"2010-09-12T15:28:19.929Z","age":13},"phone":"(078) 9825878","cell":"(06) 02671657","id":{"name":"BSN","value":"39003101"},"picture":{"large":"https://randomuser.me/api/portraits/women/23.jpg","medium":"https://randomuser.me/api/portraits/med/women/23.jpg","thumbnail":"https://randomuser.me/api/portraits/thumb/women/23.jpg"},"nat":"NL"}],"info":{"seed":"6b3a6cc1d758cf3a","results":1,"page":1,"version":"1.4"}} 
 </msg>
<msg time="2024-04-19T22:12:24.319881" level="INFO">/opt/hostedtoolcache/Python/3.12.3/x64/lib/python3.12/site-packages/urllib3/connectionpool.py:1103: InsecureRequestWarning: Unverified HTTPS request is being made to host 'randomuser.me'. Adding certificate verification is strongly advised. See: https://urllib3.readthedocs.io/en/latest/advanced-usage.html#tls-warnings
  warnings.warn(</msg>
<msg time="2024-04-19T22:12:24.319989" level="INFO">${response} = &lt;Response [200]&gt;</msg>
<var>${response}</var>
<arg>consultarAPI</arg>
<arg>/api</arg>
<doc>Sends a GET request on a previously created HTTP Session.</doc>
<status status="PASS" start="2024-04-19T22:12:24.237456" elapsed="0.082575"/>
</kw>
<kw name="Set Variable" owner="BuiltIn">
<msg time="2024-04-19T22:12:24.320931" level="INFO">${json_data} = {'results': [{'gender': 'female', 'name': {'title': 'Miss', 'first': 'Ilya', 'last': 'Kaashoek'}, 'location': {'street': {'number': 8052, 'name': 'Johan Idastraat'}, 'city': 'Koggenland', 'state': 'Li...</msg>
<var>${json_data}</var>
<arg>${response.json()}</arg>
<doc>Returns the given values which can then be assigned to a variables.</doc>
<status status="PASS" start="2024-04-19T22:12:24.320403" elapsed="0.000562"/>
</kw>
<kw name="Log" owner="BuiltIn">
<msg time="2024-04-19T22:12:24.321446" level="INFO">{'results': [{'gender': 'female', 'name': {'title': 'Miss', 'first': 'Ilya', 'last': 'Kaashoek'}, 'location': {'street': {'number': 8052, 'name': 'Johan Idastraat'}, 'city': 'Koggenland', 'state': 'Limburg', 'country': 'Netherlands', 'postcode': '1253 KG', 'coordinates': {'latitude': '31.3521', 'longitude': '155.4605'}, 'timezone': {'offset': '+9:00', 'description': 'Tokyo, Seoul, Osaka, Sapporo, Yakutsk'}}, 'email': 'ilya.kaashoek@example.com', 'login': {'uuid': '654ecd66-77b7-4b6b-af54-13963cefe39d', 'username': 'brownbird302', 'password': 'fergus', 'salt': 'BQCRAUl0', 'md5': 'bc045a12addcd079c61d61ff2a27a92d', 'sha1': '3385aefd4e82093784b6e9c6e808a76d38d16545', 'sha256': 'e7f7a6631846336f9120a00887921297242167aef3594226e9fb2f11927ca641'}, 'dob': {'date': '1977-02-14T15:32:32.951Z', 'age': 47}, 'registered': {'date': '2010-09-12T15:28:19.929Z', 'age': 13}, 'phone': '(078) 9825878', 'cell': '(06) 02671657', 'id': {'name': 'BSN', 'value': '39003101'}, 'picture': {'large': 'https://randomuser.me/api/portraits/women/23.jpg', 'medium': 'https://randomuser.me/api/portraits/med/women/23.jpg', 'thumbnail': 'https://randomuser.me/api/portraits/thumb/women/23.jpg'}, 'nat': 'NL'}], 'info': {'seed': '6b3a6cc1d758cf3a', 'results': 1, 'page': 1, 'version': '1.4'}}</msg>
<arg>${json_data}</arg>
<doc>Logs the given message with the given level.</doc>
<status status="PASS" start="2024-04-19T22:12:24.321280" elapsed="0.000245"/>
</kw>
<kw name="Should Be String" owner="String">
<arg>${json_data['results'][0]['gender']}</arg>
<doc>Fails if the given ``item`` is not a string.</doc>
<status status="PASS" start="2024-04-19T22:12:24.321835" elapsed="0.000363"/>
</kw>
<kw name="Should Match Regexp" owner="BuiltIn">
<arg>${json_data['results'][0]['email']}</arg>
<arg>^[a-zA-Z0-9._%+-]+@[a-zA-Z0-9.-]+\.[a-zA-Z]{2,}$</arg>
<doc>Fails if ``string`` does not match ``pattern`` as a regular expression.</doc>
<status status="PASS" start="2024-04-19T22:12:24.322392" elapsed="0.000510"/>
</kw>
<kw name="Should Match Regexp" owner="BuiltIn">
<arg>${json_data['results'][0]['dob']['date']}</arg>
<arg>\\d{4}-\\d{2}-\\d{2}T\\d{2}:\\d{2}:\\d{2}\\.\\d{3}Z</arg>
<doc>Fails if ``string`` does not match ``pattern`` as a regular expression.</doc>
<status status="PASS" start="2024-04-19T22:12:24.323100" elapsed="0.000534"/>
</kw>
<kw name="Should Match Regexp" owner="BuiltIn">
<arg>${json_data['results'][0]['registered']['date']}</arg>
<arg>\\d{4}-\\d{2}-\\d{2}T\\d{2}:\\d{2}:\\d{2}\\.\\d{3}Z</arg>
<doc>Fails if ``string`` does not match ``pattern`` as a regular expression.</doc>
<status status="PASS" start="2024-04-19T22:12:24.323827" elapsed="0.000370"/>
</kw>
<kw name="Should Match Regexp" owner="BuiltIn">
<arg>${json_data['results'][0]['picture']['large']}</arg>
<arg>^https?://.*\.(?:png|jpe?g|gif|bmp)$</arg>
<doc>Fails if ``string`` does not match ``pattern`` as a regular expression.</doc>
<status status="PASS" start="2024-04-19T22:12:24.324393" elapsed="0.000488"/>
</kw>
<kw name="Should Match Regexp" owner="BuiltIn">
<arg>${json_data['results'][0]['picture']['medium']}</arg>
<arg>^https?://.*\.(?:png|jpe?g|gif|bmp)$</arg>
<doc>Fails if ``string`` does not match ``pattern`` as a regular expression.</doc>
<status status="PASS" start="2024-04-19T22:12:24.325076" elapsed="0.000376"/>
</kw>
<kw name="Should Match Regexp" owner="BuiltIn">
<arg>${json_data['results'][0]['picture']['thumbnail']}</arg>
<arg>^https?://.*\.(?:png|jpe?g|gif|bmp)$</arg>
<doc>Fails if ``string`` does not match ``pattern`` as a regular expression.</doc>
<status status="PASS" start="2024-04-19T22:12:24.325644" elapsed="0.000377"/>
</kw>
<kw name="Log" owner="BuiltIn">
<msg time="2024-04-19T22:12:24.326550" level="INFO">{'large': 'https://randomuser.me/api/portraits/women/23.jpg', 'medium': 'https://randomuser.me/api/portraits/med/women/23.jpg', 'thumbnail': 'https://randomuser.me/api/portraits/thumb/women/23.jpg'}</msg>
<arg>${json_data['results'][0]['picture']}</arg>
<doc>Logs the given message with the given level.</doc>
<status status="PASS" start="2024-04-19T22:12:24.326224" elapsed="0.000367"/>
</kw>
<status status="PASS" start="2024-04-19T22:12:24.237237" elapsed="0.089609"/>
</kw>
<kw name="Teste de Tipos de Dados - Postcode" owner="random-user-service">
<kw name="GET On Session" owner="RequestsLibrary">
<msg time="2024-04-19T22:12:24.419961" level="INFO">GET Request : url=https://randomuser.me/api 
 path_url=/api 
 headers={'User-Agent': 'python-requests/2.31.0', 'Accept-Encoding': 'gzip, deflate', 'Accept': '*/*', 'Connection': 'keep-alive'} 
 body=None 
 </msg>
<msg time="2024-04-19T22:12:24.420026" level="INFO">GET Response : url=https://randomuser.me/api 
 status=200, reason=OK 
 headers={'Date': 'Fri, 19 Apr 2024 22:12:24 GMT', 'Content-Type': 'application/json; charset=utf-8', 'Transfer-Encoding': 'chunked', 'Connection': 'keep-alive', 'X-Powered-By': 'Express', 'Access-Control-Allow-Origin': '*', 'Cache-Control': 'no-cache', 'ETag': 'W/"475-dmxQUh1dzY383xSWhc5zkJGGzgA"', 'Vary': 'Accept-Encoding', 'Content-Encoding': 'gzip', 'CF-Cache-Status': 'DYNAMIC', 'Report-To': '{"endpoints":[{"url":"https:\\/\\/a.nel.cloudflare.com\\/report\\/v4?s=CS5r8qH41U6c6mf4Laalut18zDFAhbgaKQjaOgwQA9ZUZxL7WzBYKM1rqLS7IMOH%2BOwfztbdLbqxQ2ApjHca8ukOrqog5qhMHxLbHXHIzCxn9cRWHcKauoNQwdTKunRp"}],"group":"cf-nel","max_age":604800}', 'NEL': '{"success_fraction":0,"report_to":"cf-nel","max_age":604800}', 'Server': 'cloudflare', 'CF-RAY': '87703c6419b8596e-IAD', 'alt-svc': 'h3=":443"; ma=86400'} 
 body={"results":[{"gender":"female","name":{"title":"Mrs","first":"Clara","last":"Vidal"},"location":{"street":{"number":8247,"name":"Avenida de América"},"city":"Vitoria","state":"Galicia","country":"Spain","postcode":60104,"coordinates":{"latitude":"-31.4042","longitude":"118.2881"},"timezone":{"offset":"-10:00","description":"Hawaii"}},"email":"clara.vidal@example.com","login":{"uuid":"3f61d0fa-8e00-4a13-97dc-3f31cd98da14","username":"silverduck964","password":"spyder","salt":"4bdPfn2D","md5":"f292a0d59b5e2b839e75046a88cc6753","sha1":"86971c0d2aef0827a93c2459992be48fd3599694","sha256":"50240c29e872ed93cd34015f6d7137db782a3a6f967e777cadc0c1dee5e5506f"},"dob":{"date":"1958-02-24T21:47:01.634Z","age":66},"registered":{"date":"2004-03-17T04:21:22.020Z","age":20},"phone":"985-586-122","cell":"683-083-115","id":{"name":"DNI","value":"05400246-Y"},"picture":{"large":"https://randomuser.me/api/portraits/women/75.jpg","medium":"https://randomuser.me/api/portraits/med/women/75.jpg","thumbnail":"https://randomuser.me/api/portraits/thumb/women/75.jpg"},"nat":"ES"}],"info":{"seed":"06cf5b2c182058e9","results":1,"page":1,"version":"1.4"}} 
 </msg>
<msg time="2024-04-19T22:12:24.420083" level="INFO">/opt/hostedtoolcache/Python/3.12.3/x64/lib/python3.12/site-packages/urllib3/connectionpool.py:1103: InsecureRequestWarning: Unverified HTTPS request is being made to host 'randomuser.me'. Adding certificate verification is strongly advised. See: https://urllib3.readthedocs.io/en/latest/advanced-usage.html#tls-warnings
  warnings.warn(</msg>
<msg time="2024-04-19T22:12:24.420190" level="INFO">${response} = &lt;Response [200]&gt;</msg>
<var>${response}</var>
<arg>consultarAPI</arg>
<arg>/api</arg>
<doc>Sends a GET request on a previously created HTTP Session.</doc>
<status status="PASS" start="2024-04-19T22:12:24.327326" elapsed="0.092904"/>
</kw>
<kw name="Set Variable" owner="BuiltIn">
<msg time="2024-04-19T22:12:24.421102" level="INFO">${json_data} = {'results': [{'gender': 'female', 'name': {'title': 'Mrs', 'first': 'Clara', 'last': 'Vidal'}, 'location': {'street': {'number': 8247, 'name': 'Avenida de América'}, 'city': 'Vitoria', 'state': 'Galic...</msg>
<var>${json_data}</var>
<arg>${response.json()}</arg>
<doc>Returns the given values which can then be assigned to a variables.</doc>
<status status="PASS" start="2024-04-19T22:12:24.420628" elapsed="0.000504"/>
</kw>
<kw name="Log" owner="BuiltIn">
<msg time="2024-04-19T22:12:24.421601" level="INFO">{'results': [{'gender': 'female', 'name': {'title': 'Mrs', 'first': 'Clara', 'last': 'Vidal'}, 'location': {'street': {'number': 8247, 'name': 'Avenida de América'}, 'city': 'Vitoria', 'state': 'Galicia', 'country': 'Spain', 'postcode': 60104, 'coordinates': {'latitude': '-31.4042', 'longitude': '118.2881'}, 'timezone': {'offset': '-10:00', 'description': 'Hawaii'}}, 'email': 'clara.vidal@example.com', 'login': {'uuid': '3f61d0fa-8e00-4a13-97dc-3f31cd98da14', 'username': 'silverduck964', 'password': 'spyder', 'salt': '4bdPfn2D', 'md5': 'f292a0d59b5e2b839e75046a88cc6753', 'sha1': '86971c0d2aef0827a93c2459992be48fd3599694', 'sha256': '50240c29e872ed93cd34015f6d7137db782a3a6f967e777cadc0c1dee5e5506f'}, 'dob': {'date': '1958-02-24T21:47:01.634Z', 'age': 66}, 'registered': {'date': '2004-03-17T04:21:22.020Z', 'age': 20}, 'phone': '985-586-122', 'cell': '683-083-115', 'id': {'name': 'DNI', 'value': '05400246-Y'}, 'picture': {'large': 'https://randomuser.me/api/portraits/women/75.jpg', 'medium': 'https://randomuser.me/api/portraits/med/women/75.jpg', 'thumbnail': 'https://randomuser.me/api/portraits/thumb/women/75.jpg'}, 'nat': 'ES'}], 'info': {'seed': '06cf5b2c182058e9', 'results': 1, 'page': 1, 'version': '1.4'}}</msg>
<arg>${json_data}</arg>
<doc>Logs the given message with the given level.</doc>
<status status="PASS" start="2024-04-19T22:12:24.421446" elapsed="0.000236"/>
</kw>
<kw name="Should Be Equal As Numbers" owner="BuiltIn">
<arg>${json_data['results'][0]['location']['postcode']}</arg>
<arg>${json_data['results'][0]['location']['postcode']}</arg>
<doc>Fails if objects are unequal after converting them to real numbers.</doc>
<status status="PASS" start="2024-04-19T22:12:24.422118" elapsed="0.000618"/>
</kw>
<kw name="Log" owner="BuiltIn">
<msg time="2024-04-19T22:12:24.423306" level="INFO">60104</msg>
<arg>${json_data['results'][0]['location']['postcode']}</arg>
<doc>Logs the given message with the given level.</doc>
<status status="PASS" start="2024-04-19T22:12:24.422931" elapsed="0.000426"/>
</kw>
<status status="PASS" start="2024-04-19T22:12:24.327057" elapsed="0.096556"/>
</kw>
<doc>Testa se os tipos de dados na resposta da API estão corretos.</doc>
<tag>testeTiposDados</tag>
<status status="PASS" start="2024-04-19T22:12:24.236826" elapsed="0.186946"/>
</test>
<test id="s1-s1-t5" name="Validar conteudo" line="35">
<kw name="Teste de Tipos de Conteudo" owner="random-user-service">
<kw name="GET On Session" owner="RequestsLibrary">
<msg time="2024-04-19T22:12:24.517100" level="INFO">GET Request : url=https://randomuser.me/api 
 path_url=/api 
 headers={'User-Agent': 'python-requests/2.31.0', 'Accept-Encoding': 'gzip, deflate', 'Accept': '*/*', 'Connection': 'keep-alive'} 
 body=None 
 </msg>
<msg time="2024-04-19T22:12:24.517175" level="INFO">GET Response : url=https://randomuser.me/api 
 status=200, reason=OK 
 headers={'Date': 'Fri, 19 Apr 2024 22:12:24 GMT', 'Content-Type': 'application/json; charset=utf-8', 'Transfer-Encoding': 'chunked', 'Connection': 'keep-alive', 'X-Powered-By': 'Express', 'Access-Control-Allow-Origin': '*', 'Cache-Control': 'no-cache', 'ETag': 'W/"49e-JZw/2zyUhmcJEmSma29juFZXr40"', 'Vary': 'Accept-Encoding', 'Content-Encoding': 'gzip', 'CF-Cache-Status': 'DYNAMIC', 'Report-To': '{"endpoints":[{"url":"https:\\/\\/a.nel.cloudflare.com\\/report\\/v4?s=BtBGtUAKtSlzhz1TQ60TnYOKIuXehmtRnopmchDPMwVCmXcp83nkOJLOeoqB8T%2B2WNavD%2FMdloFdb2mnpAuiOkdr12nPeuaLxwdr13a2q%2F68IjVOMC4zjzOC1HT5av9p"}],"group":"cf-nel","max_age":604800}', 'NEL': '{"success_fraction":0,"report_to":"cf-nel","max_age":604800}', 'Server': 'cloudflare', 'CF-RAY': '87703c64aa3c596e-IAD', 'alt-svc': 'h3=":443"; ma=86400'} 
 body={"results":[{"gender":"male","name":{"title":"Monsieur","first":"Kim","last":"Meunier"},"location":{"street":{"number":4484,"name":"Rue Louis-Blanqui"},"city":"Eiken","state":"Graubünden","country":"Switzerland","postcode":8707,"coordinates":{"latitude":"-61.4848","longitude":"-41.5494"},"timezone":{"offset":"+5:30","description":"Bombay, Calcutta, Madras, New Delhi"}},"email":"kim.meunier@example.com","login":{"uuid":"8ab7e461-6ee4-4207-9fe6-1a33d44a81d3","username":"tinygorilla182","password":"winger","salt":"y43sjbDJ","md5":"f1f95772be9331441b9efb2985540c32","sha1":"65461c3fad899cd994a5a377bc90c9438bda58d2","sha256":"0420caf6e41f216245b2a173bc3ef1dd2020f349edc5a3802354800a50161ed4"},"dob":{"date":"1982-04-14T18:49:45.546Z","age":42},"registered":{"date":"2007-03-20T03:56:33.696Z","age":17},"phone":"076 265 08 23","cell":"076 573 40 35","id":{"name":"AVS","value":"756.2022.0398.75"},"picture":{"large":"https://randomuser.me/api/portraits/men/21.jpg","medium":"https://randomuser.me/api/portraits/med/men/21.jpg","thumbnail":"https://randomuser.me/api/portraits/thumb/men/21.jpg"},"nat":"CH"}],"info":{"seed":"571d558c166eed6f","results":1,"page":1,"version":"1.4"}} 
 </msg>
<msg time="2024-04-19T22:12:24.517237" level="INFO">/opt/hostedtoolcache/Python/3.12.3/x64/lib/python3.12/site-packages/urllib3/connectionpool.py:1103: InsecureRequestWarning: Unverified HTTPS request is being made to host 'randomuser.me'. Adding certificate verification is strongly advised. See: https://urllib3.readthedocs.io/en/latest/advanced-usage.html#tls-warnings
  warnings.warn(</msg>
<msg time="2024-04-19T22:12:24.517341" level="INFO">${response} = &lt;Response [200]&gt;</msg>
<var>${response}</var>
<arg>consultarAPI</arg>
<arg>/api</arg>
<doc>Sends a GET request on a previously created HTTP Session.</doc>
<status status="PASS" start="2024-04-19T22:12:24.426157" elapsed="0.091226"/>
</kw>
<kw name="Set Variable" owner="BuiltIn">
<msg time="2024-04-19T22:12:24.518162" level="INFO">${json_data} = {'results': [{'gender': 'male', 'name': {'title': 'Monsieur', 'first': 'Kim', 'last': 'Meunier'}, 'location': {'street': {'number': 4484, 'name': 'Rue Louis-Blanqui'}, 'city': 'Eiken', 'state': 'Graub...</msg>
<var>${json_data}</var>
<arg>${response.json()}</arg>
<doc>Returns the given values which can then be assigned to a variables.</doc>
<status status="PASS" start="2024-04-19T22:12:24.517728" elapsed="0.000462"/>
</kw>
<kw name="Set Variable" owner="BuiltIn">
<msg time="2024-04-19T22:12:24.518874" level="INFO">${name_title} = Monsieur</msg>
<var>${name_title}</var>
<arg>${json_data["results"][0]["name"]["title"]}</arg>
<doc>Returns the given values which can then be assigned to a variables.</doc>
<status status="PASS" start="2024-04-19T22:12:24.518495" elapsed="0.000404"/>
</kw>
<kw name="Create List" owner="BuiltIn">
<msg time="2024-04-19T22:12:24.519389" level="INFO">${allowed_titles} = ['Mr', 'Ms', 'Miss', 'Mrs', 'Madame', 'Monsieur']</msg>
<var>${allowed_titles}</var>
<arg>Mr</arg>
<arg>Ms</arg>
<arg>Miss</arg>
<arg>Mrs</arg>
<arg>Madame</arg>
<arg>Monsieur</arg>
<doc>Returns a list containing given items.</doc>
<status status="PASS" start="2024-04-19T22:12:24.519197" elapsed="0.000219"/>
</kw>
<kw name="List Should Contain Value" owner="Collections">
<msg time="2024-04-19T22:12:24.519890" level="INFO">False</msg>
<arg>${allowed_titles}</arg>
<arg>${name_title}</arg>
<doc>Fails if the ``value`` is not found from ``list``.</doc>
<status status="PASS" start="2024-04-19T22:12:24.519721" elapsed="0.000205"/>
</kw>
<kw name="Set Variable" owner="BuiltIn">
<msg time="2024-04-19T22:12:24.520592" level="INFO">${name_country} = CH</msg>
<var>${name_country}</var>
<arg>${json_data["results"][0]["nat"]}</arg>
<doc>Returns the given values which can then be assigned to a variables.</doc>
<status status="PASS" start="2024-04-19T22:12:24.520211" elapsed="0.000406"/>
</kw>
<kw name="Create List" owner="BuiltIn">
<msg time="2024-04-19T22:12:24.522015" level="INFO">${list_country} = ['AD', 'AE', 'AF', 'AG', 'AI', 'AL', 'AM', 'AO', 'AQ', 'AR', 'AS', 'AT', 'AU', 'AW', 'AX', 'AZ', 'BA', 'BB', 'BD', 'BE', 'BF', 'BG', 'BH', 'BI', 'BJ', 'BL', 'BM', 'BN', 'BO', 'BQ', 'BR', 'BS', 'BT', '...</msg>
<var>${list_country}</var>
<arg>AD</arg>
<arg>AE</arg>
<arg>AF</arg>
<arg>AG</arg>
<arg>AI</arg>
<arg>AL</arg>
<arg>AM</arg>
<arg>AO</arg>
<arg>AQ</arg>
<arg>AR</arg>
<arg>AS</arg>
<arg>AT</arg>
<arg>AU</arg>
<arg>AW</arg>
<arg>AX</arg>
<arg>AZ</arg>
<arg>BA</arg>
<arg>BB</arg>
<arg>BD</arg>
<arg>BE</arg>
<arg>BF</arg>
<arg>BG</arg>
<arg>BH</arg>
<arg>BI</arg>
<arg>BJ</arg>
<arg>BL</arg>
<arg>BM</arg>
<arg>BN</arg>
<arg>BO</arg>
<arg>BQ</arg>
<arg>BR</arg>
<arg>BS</arg>
<arg>BT</arg>
<arg>BV</arg>
<arg>BW</arg>
<arg>BY</arg>
<arg>BZ</arg>
<arg>CA</arg>
<arg>CC</arg>
<arg>CD</arg>
<arg>CF</arg>
<arg>CG</arg>
<arg>CH</arg>
<arg>CI</arg>
<arg>CK</arg>
<arg>CL</arg>
<arg>CM</arg>
<arg>CN</arg>
<arg>CO</arg>
<arg>CR</arg>
<arg>CU</arg>
<arg>CV</arg>
<arg>CW</arg>
<arg>CX</arg>
<arg>CY</arg>
<arg>CZ</arg>
<arg>DE</arg>
<arg>DJ</arg>
<arg>DK</arg>
<arg>DM</arg>
<arg>DO</arg>
<arg>DZ</arg>
<arg>EC</arg>
<arg>EE</arg>
<arg>EG</arg>
<arg>EH</arg>
<arg>ER</arg>
<arg>ES</arg>
<arg>ET</arg>
<arg>FI</arg>
<arg>FJ</arg>
<arg>FK</arg>
<arg>FM</arg>
<arg>FO</arg>
<arg>FR</arg>
<arg>GA</arg>
<arg>GB</arg>
<arg>GD</arg>
<arg>GE</arg>
<arg>GF</arg>
<arg>GG</arg>
<arg>GH</arg>
<arg>GI</arg>
<arg>GL</arg>
<arg>GM</arg>
<arg>GN</arg>
<arg>GP</arg>
<arg>GQ</arg>
<arg>GR</arg>
<arg>GS</arg>
<arg>GT</arg>
<arg>GU</arg>
<arg>GW</arg>
<arg>GY</arg>
<arg>HK</arg>
<arg>HM</arg>
<arg>HN</arg>
<arg>HR</arg>
<arg>HT</arg>
<arg>HU</arg>
<arg>ID</arg>
<arg>IE</arg>
<arg>IL</arg>
<arg>IM</arg>
<arg>IN</arg>
<arg>IO</arg>
<arg>IQ</arg>
<arg>IR</arg>
<arg>IS</arg>
<arg>IT</arg>
<arg>JE</arg>
<arg>JM</arg>
<arg>JO</arg>
<arg>JP</arg>
<arg>KE</arg>
<arg>KG</arg>
<arg>KH</arg>
<arg>KI</arg>
<arg>KM</arg>
<arg>KN</arg>
<arg>KP</arg>
<arg>KR</arg>
<arg>KW</arg>
<arg>KY</arg>
<arg>KZ</arg>
<arg>LA</arg>
<arg>LB</arg>
<arg>LC</arg>
<arg>LI</arg>
<arg>LK</arg>
<arg>LR</arg>
<arg>LS</arg>
<arg>LT</arg>
<arg>LU</arg>
<arg>LV</arg>
<arg>LY</arg>
<arg>MA</arg>
<arg>MC</arg>
<arg>MD</arg>
<arg>ME</arg>
<arg>MF</arg>
<arg>MG</arg>
<arg>MH</arg>
<arg>MK</arg>
<arg>ML</arg>
<arg>MM</arg>
<arg>MN</arg>
<arg>MO</arg>
<arg>MP</arg>
<arg>MQ</arg>
<arg>MR</arg>
<arg>MS</arg>
<arg>MT</arg>
<arg>MU</arg>
<arg>MV</arg>
<arg>MW</arg>
<arg>MX</arg>
<arg>MY</arg>
<arg>MZ</arg>
<arg>NA</arg>
<arg>NC</arg>
<arg>NE</arg>
<arg>NF</arg>
<arg>NG</arg>
<arg>NI</arg>
<arg>NL</arg>
<arg>NO</arg>
<arg>NP</arg>
<arg>NR</arg>
<arg>NU</arg>
<arg>NZ</arg>
<arg>OM</arg>
<arg>PA</arg>
<arg>PE</arg>
<arg>PF</arg>
<arg>PG</arg>
<arg>PH</arg>
<arg>PK</arg>
<arg>PL</arg>
<arg>PM</arg>
<arg>PN</arg>
<arg>PR</arg>
<arg>PS</arg>
<arg>PT</arg>
<arg>PW</arg>
<arg>PY</arg>
<arg>QA</arg>
<arg>RE</arg>
<arg>RO</arg>
<arg>RS</arg>
<arg>RU</arg>
<arg>RW</arg>
<arg>SA</arg>
<arg>SB</arg>
<arg>SC</arg>
<arg>SD</arg>
<arg>SE</arg>
<arg>SG</arg>
<arg>SH</arg>
<arg>SI</arg>
<arg>SJ</arg>
<arg>SK</arg>
<arg>SL</arg>
<arg>SM</arg>
<arg>SN</arg>
<arg>SO</arg>
<arg>SR</arg>
<arg>SS</arg>
<arg>ST</arg>
<arg>SV</arg>
<arg>SX</arg>
<arg>SY</arg>
<arg>SZ</arg>
<arg>TC</arg>
<arg>TD</arg>
<arg>TF</arg>
<arg>TG</arg>
<arg>TH</arg>
<arg>TJ</arg>
<arg>TK</arg>
<arg>TL</arg>
<arg>TM</arg>
<arg>TN</arg>
<arg>TO</arg>
<arg>TR</arg>
<arg>TT</arg>
<arg>TV</arg>
<arg>TW</arg>
<arg>TZ</arg>
<arg>UA</arg>
<arg>UG</arg>
<arg>UM</arg>
<arg>US</arg>
<arg>UY</arg>
<arg>UZ</arg>
<arg>VA</arg>
<arg>VC</arg>
<arg>VE</arg>
<arg>VG</arg>
<arg>VI</arg>
<arg>VN</arg>
<arg>VU</arg>
<arg>WF</arg>
<arg>WS</arg>
<arg>XK</arg>
<arg>YE</arg>
<arg>YT</arg>
<arg>ZA</arg>
<arg>ZM</arg>
<arg>ZW</arg>
<doc>Returns a list containing given items.</doc>
<status status="PASS" start="2024-04-19T22:12:24.520923" elapsed="0.001142"/>
</kw>
<kw name="List Should Contain Value" owner="Collections">
<msg time="2024-04-19T22:12:24.523880" level="INFO">False</msg>
<arg>${list_country}</arg>
<arg>${name_country}</arg>
<doc>Fails if the ``value`` is not found from ``list``.</doc>
<status status="PASS" start="2024-04-19T22:12:24.523545" elapsed="0.000396"/>
</kw>
<kw name="Run Keyword If" owner="BuiltIn">
<kw name="Should Be True" owner="BuiltIn">
<arg>${True}</arg>
<doc>Fails if the given condition is not true.</doc>
<status status="PASS" start="2024-04-19T22:12:24.525701" elapsed="0.000370"/>
</kw>
<arg>${json_data["results"][0]["location"]["coordinates"]["latitude"]} &gt;= -90 and ${json_data["results"][0]["location"]["coordinates"]["latitude"]} &lt;= 90</arg>
<arg>Should Be True</arg>
<arg>${True}</arg>
<doc>Runs the given keyword with the given arguments, if ``condition`` is true.</doc>
<status status="PASS" start="2024-04-19T22:12:24.524415" elapsed="0.001886"/>
</kw>
<kw name="Run Keyword If" owner="BuiltIn">
<kw name="Should Be True" owner="BuiltIn">
<arg>${True}</arg>
<doc>Fails if the given condition is not true.</doc>
<status status="PASS" start="2024-04-19T22:12:24.527886" elapsed="0.000221"/>
</kw>
<arg>${json_data["results"][0]["location"]["coordinates"]["longitude"]} &gt;= -180 and ${json_data["results"][0]["location"]["coordinates"]["longitude"]} &lt;= 180</arg>
<arg>Should Be True</arg>
<arg>${True}</arg>
<doc>Runs the given keyword with the given arguments, if ``condition`` is true.</doc>
<status status="PASS" start="2024-04-19T22:12:24.526626" elapsed="0.001712"/>
</kw>
<status status="PASS" start="2024-04-19T22:12:24.425938" elapsed="0.102624"/>
</kw>
<doc>Testa o conteúdo específico dos campos retornados pela API.</doc>
<tag>testeConteudo</tag>
<status status="PASS" start="2024-04-19T22:12:24.425523" elapsed="0.103285"/>
</test>
<status status="PASS" start="2024-04-19T22:12:23.726587" elapsed="0.805675"/>
</suite>
<status status="PASS" start="2024-04-19T22:12:23.713102" elapsed="0.828183"/>
</suite>
<statistics>
<total>
<stat pass="5" fail="0" skip="0">All Tests</stat>
</total>
<tag>
<stat pass="1" fail="0" skip="0">testeConteudo</stat>
<stat pass="1" fail="0" skip="0">testeEstruturaResposta</stat>
<stat pass="1" fail="0" skip="0">testeRequisicaoBasica</stat>
<stat pass="1" fail="0" skip="0">testeTiposDados</stat>
</tag>
<suite>
<stat pass="5" fail="0" skip="0" id="s1" name="Tests">Tests</stat>
<stat pass="5" fail="0" skip="0" id="s1-s1" name="Random-User-Test">Tests.Random-User-Test</stat>
</suite>
</statistics>
<errors>
</errors>
</robot>
