<?xml version="1.0" encoding="UTF-8"?>
<robot generator="Robot 7.0 (Python 3.12.3 on linux)" generated="2024-05-12T23:14:44.359173" rpa="false" schemaversion="5">
<suite id="s1" name="Tests" source="/home/runner/work/DesafioQAItauRogerioJordao/DesafioQAItauRogerioJordao/RamdonUser/tests">
<suite id="s1-s1" name="Random-User-Test" source="/home/runner/work/DesafioQAItauRogerioJordao/DesafioQAItauRogerioJordao/RamdonUser/tests/random-user-test.robot">
<test id="s1-s1-t1" name="Conectar" line="13">
<kw name="Conectar API" owner="random-user-service">
<kw name="Create Session" owner="RequestsLibrary">
<msg time="2024-05-12T23:14:44.730316" level="INFO">Creating Session using : alias=consultarAPI, url=https://randomuser.me/, headers={},                     cookies={}, auth=None, timeout=None, proxies=None, verify=False,                     debug=0 </msg>
<arg>consultarAPI</arg>
<arg>${URL}</arg>
<doc>Create Session: create a HTTP session to a server</doc>
<status status="PASS" start="2024-05-12T23:14:44.730102" elapsed="0.000411"/>
</kw>
<status status="PASS" start="2024-05-12T23:14:44.729044" elapsed="0.001846"/>
</kw>
<status status="PASS" start="2024-05-12T23:14:44.728415" elapsed="0.002670"/>
</test>
<test id="s1-s1-t2" name="Validar retorno 200 e JSON Válido" line="16">
<kw name="Teste de Requisicao Basica" owner="random-user-service">
<kw name="GET On Session" owner="RequestsLibrary">
<msg time="2024-05-12T23:14:44.999002" level="INFO">GET Request : url=https://randomuser.me/api 
 path_url=/api 
 headers={'User-Agent': 'python-requests/2.31.0', 'Accept-Encoding': 'gzip, deflate', 'Accept': '*/*', 'Connection': 'keep-alive'} 
 body=None 
 </msg>
<msg time="2024-05-12T23:14:44.999161" level="INFO">GET Response : url=https://randomuser.me/api 
 status=200, reason=OK 
 headers={'Date': 'Sun, 12 May 2024 23:14:44 GMT', 'Content-Type': 'application/json; charset=utf-8', 'Transfer-Encoding': 'chunked', 'Connection': 'keep-alive', 'X-Powered-By': 'Express', 'Access-Control-Allow-Origin': '*', 'Cache-Control': 'no-cache', 'ETag': 'W/"48b-Q+D1EttnFLT9p0bINaBusMooIFk"', 'Vary': 'Accept-Encoding', 'Content-Encoding': 'gzip', 'CF-Cache-Status': 'DYNAMIC', 'Report-To': '{"endpoints":[{"url":"https:\\/\\/a.nel.cloudflare.com\\/report\\/v4?s=HmIyM%2FcDZL8DRk96QVUoxsBMTm%2FZi5HOt%2B35wUJXpRKUoZY3aYNx2N7hHx1VQe%2BdqJ4q%2BlsepWea30UaAAiPSqTOoazjj%2B9D1MChyAVc6mpmLd1R%2FCOLIaU3lWKOeZwz"}],"group":"cf-nel","max_age":604800}', 'NEL': '{"success_fraction":0,"report_to":"cf-nel","max_age":604800}', 'Server': 'cloudflare', 'CF-RAY': '882e1b56a9c6faae-SJC', 'alt-svc': 'h3=":443"; ma=86400'} 
 body={"results":[{"gender":"female","name":{"title":"Miss","first":"Nelia","last":"Furuseth"},"location":{"street":{"number":5621,"name":"Hansteens gate"},"city":"Myre","state":"Akershus","country":"Norway","postcode":"5730","coordinates":{"latitude":"39.4010","longitude":"173.1643"},"timezone":{"offset":"+8:00","description":"Beijing, Perth, Singapore, Hong Kong"}},"email":"nelia.furuseth@example.com","login":{"uuid":"b30d8480-bae1-46b4-96db-03ff10e28f9f","username":"redbear319","password":"sunlight","salt":"N3gxTqtA","md5":"f1f2a534d03c7fa12685cfb14378998b","sha1":"843b78aaf93e7c56e21a4c1d4227b2fa69defe3c","sha256":"b8f9f9d1b02b0e31ce10f0ee3b5de623bceb6664b4714690cd3f00914cb4868f"},"dob":{"date":"1998-12-13T20:11:07.959Z","age":25},"registered":{"date":"2022-02-25T00:32:08.058Z","age":2},"phone":"29159696","cell":"44916939","id":{"name":"FN","value":"13129835669"},"picture":{"large":"https://randomuser.me/api/portraits/women/11.jpg","medium":"https://randomuser.me/api/portraits/med/women/11.jpg","thumbnail":"https://randomuser.me/api/portraits/thumb/women/11.jpg"},"nat":"NO"}],"info":{"seed":"ff4e765a68d9b041","results":1,"page":1,"version":"1.4"}} 
 </msg>
<msg time="2024-05-12T23:14:44.999247" level="INFO">/opt/hostedtoolcache/Python/3.12.3/x64/lib/python3.12/site-packages/urllib3/connectionpool.py:1103: InsecureRequestWarning: Unverified HTTPS request is being made to host 'randomuser.me'. Adding certificate verification is strongly advised. See: https://urllib3.readthedocs.io/en/latest/advanced-usage.html#tls-warnings
  warnings.warn(</msg>
<msg time="2024-05-12T23:14:44.999403" level="INFO">${response} = &lt;Response [200]&gt;</msg>
<var>${response}</var>
<arg>consultarAPI</arg>
<arg>/api</arg>
<doc>Sends a GET request on a previously created HTTP Session.</doc>
<status status="PASS" start="2024-05-12T23:14:44.733817" elapsed="0.265628"/>
</kw>
<kw name="Should Be Equal As Numbers" owner="BuiltIn">
<msg time="2024-05-12T23:14:45.000619" level="INFO">Argument types are:
&lt;class 'int'&gt;
&lt;class 'str'&gt;</msg>
<arg>${response.status_code}</arg>
<arg>200</arg>
<doc>Fails if objects are unequal after converting them to real numbers.</doc>
<status status="PASS" start="2024-05-12T23:14:45.000122" elapsed="0.000566"/>
</kw>
<kw name="Log" owner="BuiltIn">
<msg time="2024-05-12T23:14:45.001445" level="INFO">200</msg>
<arg>${response.status_code}</arg>
<doc>Logs the given message with the given level.</doc>
<status status="PASS" start="2024-05-12T23:14:45.001037" elapsed="0.000451"/>
</kw>
<kw name="Set Variable" owner="BuiltIn">
<msg time="2024-05-12T23:14:45.002270" level="INFO">${json_data} = {'results': [{'gender': 'female', 'name': {'title': 'Miss', 'first': 'Nelia', 'last': 'Furuseth'}, 'location': {'street': {'number': 5621, 'name': 'Hansteens gate'}, 'city': 'Myre', 'state': 'Akershus...</msg>
<var>${json_data}</var>
<arg>${response.json()}</arg>
<doc>Returns the given values which can then be assigned to a variables.</doc>
<status status="PASS" start="2024-05-12T23:14:45.001822" elapsed="0.000476"/>
</kw>
<kw name="Dictionary Should Contain Key" owner="Collections">
<msg time="2024-05-12T23:14:45.002775" level="INFO">False</msg>
<arg>${json_data}</arg>
<arg>results</arg>
<doc>Fails if ``key`` is not found from ``dictionary``.</doc>
<status status="PASS" start="2024-05-12T23:14:45.002605" elapsed="0.000210"/>
</kw>
<status status="PASS" start="2024-05-12T23:14:44.733574" elapsed="0.269501"/>
</kw>
<doc>Testa se a API responde corretamente e retorna um objeto JSON válido.</doc>
<tag>testeRequisicaoBasica</tag>
<status status="PASS" start="2024-05-12T23:14:44.733036" elapsed="0.270225"/>
</test>
<test id="s1-s1-t3" name="Validar estrutura de resposta" line="22">
<kw name="Teste de Estrutura de Resposta" owner="random-user-service">
<kw name="GET On Session" owner="RequestsLibrary">
<msg time="2024-05-12T23:14:45.292531" level="INFO">GET Request : url=https://randomuser.me/api 
 path_url=/api 
 headers={'User-Agent': 'python-requests/2.31.0', 'Accept-Encoding': 'gzip, deflate', 'Accept': '*/*', 'Connection': 'keep-alive'} 
 body=None 
 </msg>
<msg time="2024-05-12T23:14:45.292634" level="INFO">GET Response : url=https://randomuser.me/api 
 status=200, reason=OK 
 headers={'Date': 'Sun, 12 May 2024 23:14:45 GMT', 'Content-Type': 'application/json; charset=utf-8', 'Transfer-Encoding': 'chunked', 'Connection': 'keep-alive', 'X-Powered-By': 'Express', 'Access-Control-Allow-Origin': '*', 'Cache-Control': 'no-cache', 'ETag': 'W/"46a-Uzzf8eZ83KW6VRWAnmWYxeCFAm4"', 'Vary': 'Accept-Encoding', 'Content-Encoding': 'gzip', 'CF-Cache-Status': 'DYNAMIC', 'Report-To': '{"endpoints":[{"url":"https:\\/\\/a.nel.cloudflare.com\\/report\\/v4?s=jlotvv%2Bu2J1l8FQrI3Ae%2FFi7EPOPVJQqKTXmdMahppO1L2u6Ezdiy1IOVAhLHrh4bFvJ%2FD6tZeci%2BBJFHWMzeMs3BqOWHSRnPr0H5YDgdtUyw%2BfA%2B7vMtdTg3Yigrbhn"}],"group":"cf-nel","max_age":604800}', 'NEL': '{"success_fraction":0,"report_to":"cf-nel","max_age":604800}', 'Server': 'cloudflare', 'CF-RAY': '882e1b574a41faae-SJC', 'alt-svc': 'h3=":443"; ma=86400'} 
 body={"results":[{"gender":"male","name":{"title":"Mr","first":"Oscar","last":"Hansen"},"location":{"street":{"number":3373,"name":"Spættevej"},"city":"Gjern","state":"Nordjylland","country":"Denmark","postcode":27206,"coordinates":{"latitude":"-44.1754","longitude":"-24.9447"},"timezone":{"offset":"-2:00","description":"Mid-Atlantic"}},"email":"oscar.hansen@example.com","login":{"uuid":"b265c383-4d71-4f1f-b35f-c78e30382ba5","username":"goldenzebra806","password":"callum","salt":"q1Eh0e7o","md5":"2dfb39510514a8cec5f6d319ac6c7d40","sha1":"fff55a158621902b590a6756810ba5ea6bb1f82d","sha256":"fdc98dc7913cfece823f02ed622d7f2522f270f1aca5633e2a631368fa3e5018"},"dob":{"date":"1969-06-28T21:54:22.731Z","age":54},"registered":{"date":"2013-03-06T17:25:32.385Z","age":11},"phone":"20251763","cell":"02930401","id":{"name":"CPR","value":"280669-5730"},"picture":{"large":"https://randomuser.me/api/portraits/men/88.jpg","medium":"https://randomuser.me/api/portraits/med/men/88.jpg","thumbnail":"https://randomuser.me/api/portraits/thumb/men/88.jpg"},"nat":"DK"}],"info":{"seed":"b90b02278bcd201b","results":1,"page":1,"version":"1.4"}} 
 </msg>
<msg time="2024-05-12T23:14:45.292768" level="INFO">/opt/hostedtoolcache/Python/3.12.3/x64/lib/python3.12/site-packages/urllib3/connectionpool.py:1103: InsecureRequestWarning: Unverified HTTPS request is being made to host 'randomuser.me'. Adding certificate verification is strongly advised. See: https://urllib3.readthedocs.io/en/latest/advanced-usage.html#tls-warnings
  warnings.warn(</msg>
<msg time="2024-05-12T23:14:45.292909" level="INFO">${response} = &lt;Response [200]&gt;</msg>
<var>${response}</var>
<arg>consultarAPI</arg>
<arg>/api</arg>
<doc>Sends a GET request on a previously created HTTP Session.</doc>
<status status="PASS" start="2024-05-12T23:14:45.006032" elapsed="0.286916"/>
</kw>
<kw name="Set Variable" owner="BuiltIn">
<msg time="2024-05-12T23:14:45.294165" level="INFO">${json_data} = {'results': [{'gender': 'male', 'name': {'title': 'Mr', 'first': 'Oscar', 'last': 'Hansen'}, 'location': {'street': {'number': 3373, 'name': 'Spættevej'}, 'city': 'Gjern', 'state': 'Nordjylland', 'cou...</msg>
<var>${json_data}</var>
<arg>${response.json()}</arg>
<doc>Returns the given values which can then be assigned to a variables.</doc>
<status status="PASS" start="2024-05-12T23:14:45.293588" elapsed="0.000607"/>
</kw>
<kw name="Log" owner="BuiltIn">
<msg time="2024-05-12T23:14:45.294671" level="INFO">{'results': [{'gender': 'male', 'name': {'title': 'Mr', 'first': 'Oscar', 'last': 'Hansen'}, 'location': {'street': {'number': 3373, 'name': 'Spættevej'}, 'city': 'Gjern', 'state': 'Nordjylland', 'country': 'Denmark', 'postcode': 27206, 'coordinates': {'latitude': '-44.1754', 'longitude': '-24.9447'}, 'timezone': {'offset': '-2:00', 'description': 'Mid-Atlantic'}}, 'email': 'oscar.hansen@example.com', 'login': {'uuid': 'b265c383-4d71-4f1f-b35f-c78e30382ba5', 'username': 'goldenzebra806', 'password': 'callum', 'salt': 'q1Eh0e7o', 'md5': '2dfb39510514a8cec5f6d319ac6c7d40', 'sha1': 'fff55a158621902b590a6756810ba5ea6bb1f82d', 'sha256': 'fdc98dc7913cfece823f02ed622d7f2522f270f1aca5633e2a631368fa3e5018'}, 'dob': {'date': '1969-06-28T21:54:22.731Z', 'age': 54}, 'registered': {'date': '2013-03-06T17:25:32.385Z', 'age': 11}, 'phone': '20251763', 'cell': '02930401', 'id': {'name': 'CPR', 'value': '280669-5730'}, 'picture': {'large': 'https://randomuser.me/api/portraits/men/88.jpg', 'medium': 'https://randomuser.me/api/portraits/med/men/88.jpg', 'thumbnail': 'https://randomuser.me/api/portraits/thumb/men/88.jpg'}, 'nat': 'DK'}], 'info': {'seed': 'b90b02278bcd201b', 'results': 1, 'page': 1, 'version': '1.4'}}</msg>
<arg>${json_data}</arg>
<doc>Logs the given message with the given level.</doc>
<status status="PASS" start="2024-05-12T23:14:45.294503" elapsed="0.000219"/>
</kw>
<kw name="Dictionary Should Contain Key" owner="Collections">
<msg time="2024-05-12T23:14:45.295182" level="INFO">False</msg>
<arg>${json_data}</arg>
<arg>results</arg>
<doc>Fails if ``key`` is not found from ``dictionary``.</doc>
<status status="PASS" start="2024-05-12T23:14:45.295025" elapsed="0.000194"/>
</kw>
<kw name="Should Not Be Empty" owner="BuiltIn">
<msg time="2024-05-12T23:14:45.295642" level="INFO">Length is 2.</msg>
<arg>${json_data}</arg>
<doc>Verifies that the given item is not empty.</doc>
<status status="PASS" start="2024-05-12T23:14:45.295507" elapsed="0.000173"/>
</kw>
<kw name="Create List" owner="BuiltIn">
<msg time="2024-05-12T23:14:45.296279" level="INFO">${expected_keys} = ['gender', 'name', 'location', 'email', 'login']</msg>
<var>${expected_keys}</var>
<arg>gender</arg>
<arg>name</arg>
<arg>location</arg>
<arg>email</arg>
<arg>login</arg>
<doc>Returns a list containing given items.</doc>
<status status="PASS" start="2024-05-12T23:14:45.295965" elapsed="0.000338"/>
</kw>
<for flavor="IN">
<iter>
<kw name="Dictionary Should Contain Key" owner="Collections">
<msg time="2024-05-12T23:14:45.297325" level="INFO">False</msg>
<arg>${json_data['results'][0]}</arg>
<arg>${key}</arg>
<doc>Fails if ``key`` is not found from ``dictionary``.</doc>
<status status="PASS" start="2024-05-12T23:14:45.296885" elapsed="0.000478"/>
</kw>
<kw name="Log" owner="BuiltIn">
<msg time="2024-05-12T23:14:45.298031" level="INFO">{'gender': 'male', 'name': {'title': 'Mr', 'first': 'Oscar', 'last': 'Hansen'}, 'location': {'street': {'number': 3373, 'name': 'Spættevej'}, 'city': 'Gjern', 'state': 'Nordjylland', 'country': 'Denmark', 'postcode': 27206, 'coordinates': {'latitude': '-44.1754', 'longitude': '-24.9447'}, 'timezone': {'offset': '-2:00', 'description': 'Mid-Atlantic'}}, 'email': 'oscar.hansen@example.com', 'login': {'uuid': 'b265c383-4d71-4f1f-b35f-c78e30382ba5', 'username': 'goldenzebra806', 'password': 'callum', 'salt': 'q1Eh0e7o', 'md5': '2dfb39510514a8cec5f6d319ac6c7d40', 'sha1': 'fff55a158621902b590a6756810ba5ea6bb1f82d', 'sha256': 'fdc98dc7913cfece823f02ed622d7f2522f270f1aca5633e2a631368fa3e5018'}, 'dob': {'date': '1969-06-28T21:54:22.731Z', 'age': 54}, 'registered': {'date': '2013-03-06T17:25:32.385Z', 'age': 11}, 'phone': '20251763', 'cell': '02930401', 'id': {'name': 'CPR', 'value': '280669-5730'}, 'picture': {'large': 'https://randomuser.me/api/portraits/men/88.jpg', 'medium': 'https://randomuser.me/api/portraits/med/men/88.jpg', 'thumbnail': 'https://randomuser.me/api/portraits/thumb/men/88.jpg'}, 'nat': 'DK'}</msg>
<arg>${json_data['results'][0]}</arg>
<doc>Logs the given message with the given level.</doc>
<status status="PASS" start="2024-05-12T23:14:45.297661" elapsed="0.000418"/>
</kw>
<kw name="Log" owner="BuiltIn">
<msg time="2024-05-12T23:14:45.298502" level="INFO">gender</msg>
<arg>${key}</arg>
<doc>Logs the given message with the given level.</doc>
<status status="PASS" start="2024-05-12T23:14:45.298375" elapsed="0.000164"/>
</kw>
<var name="${key}">gender</var>
<status status="PASS" start="2024-05-12T23:14:45.296760" elapsed="0.001990"/>
</iter>
<iter>
<kw name="Dictionary Should Contain Key" owner="Collections">
<msg time="2024-05-12T23:14:45.299424" level="INFO">False</msg>
<arg>${json_data['results'][0]}</arg>
<arg>${key}</arg>
<doc>Fails if ``key`` is not found from ``dictionary``.</doc>
<status status="PASS" start="2024-05-12T23:14:45.299045" elapsed="0.000415"/>
</kw>
<kw name="Log" owner="BuiltIn">
<msg time="2024-05-12T23:14:45.300141" level="INFO">{'gender': 'male', 'name': {'title': 'Mr', 'first': 'Oscar', 'last': 'Hansen'}, 'location': {'street': {'number': 3373, 'name': 'Spættevej'}, 'city': 'Gjern', 'state': 'Nordjylland', 'country': 'Denmark', 'postcode': 27206, 'coordinates': {'latitude': '-44.1754', 'longitude': '-24.9447'}, 'timezone': {'offset': '-2:00', 'description': 'Mid-Atlantic'}}, 'email': 'oscar.hansen@example.com', 'login': {'uuid': 'b265c383-4d71-4f1f-b35f-c78e30382ba5', 'username': 'goldenzebra806', 'password': 'callum', 'salt': 'q1Eh0e7o', 'md5': '2dfb39510514a8cec5f6d319ac6c7d40', 'sha1': 'fff55a158621902b590a6756810ba5ea6bb1f82d', 'sha256': 'fdc98dc7913cfece823f02ed622d7f2522f270f1aca5633e2a631368fa3e5018'}, 'dob': {'date': '1969-06-28T21:54:22.731Z', 'age': 54}, 'registered': {'date': '2013-03-06T17:25:32.385Z', 'age': 11}, 'phone': '20251763', 'cell': '02930401', 'id': {'name': 'CPR', 'value': '280669-5730'}, 'picture': {'large': 'https://randomuser.me/api/portraits/men/88.jpg', 'medium': 'https://randomuser.me/api/portraits/med/men/88.jpg', 'thumbnail': 'https://randomuser.me/api/portraits/thumb/men/88.jpg'}, 'nat': 'DK'}</msg>
<arg>${json_data['results'][0]}</arg>
<doc>Logs the given message with the given level.</doc>
<status status="PASS" start="2024-05-12T23:14:45.299780" elapsed="0.000410"/>
</kw>
<kw name="Log" owner="BuiltIn">
<msg time="2024-05-12T23:14:45.300607" level="INFO">name</msg>
<arg>${key}</arg>
<doc>Logs the given message with the given level.</doc>
<status status="PASS" start="2024-05-12T23:14:45.300484" elapsed="0.000159"/>
</kw>
<var name="${key}">name</var>
<status status="PASS" start="2024-05-12T23:14:45.298932" elapsed="0.001924"/>
</iter>
<iter>
<kw name="Dictionary Should Contain Key" owner="Collections">
<msg time="2024-05-12T23:14:45.301543" level="INFO">False</msg>
<arg>${json_data['results'][0]}</arg>
<arg>${key}</arg>
<doc>Fails if ``key`` is not found from ``dictionary``.</doc>
<status status="PASS" start="2024-05-12T23:14:45.301140" elapsed="0.000439"/>
</kw>
<kw name="Log" owner="BuiltIn">
<msg time="2024-05-12T23:14:45.302229" level="INFO">{'gender': 'male', 'name': {'title': 'Mr', 'first': 'Oscar', 'last': 'Hansen'}, 'location': {'street': {'number': 3373, 'name': 'Spættevej'}, 'city': 'Gjern', 'state': 'Nordjylland', 'country': 'Denmark', 'postcode': 27206, 'coordinates': {'latitude': '-44.1754', 'longitude': '-24.9447'}, 'timezone': {'offset': '-2:00', 'description': 'Mid-Atlantic'}}, 'email': 'oscar.hansen@example.com', 'login': {'uuid': 'b265c383-4d71-4f1f-b35f-c78e30382ba5', 'username': 'goldenzebra806', 'password': 'callum', 'salt': 'q1Eh0e7o', 'md5': '2dfb39510514a8cec5f6d319ac6c7d40', 'sha1': 'fff55a158621902b590a6756810ba5ea6bb1f82d', 'sha256': 'fdc98dc7913cfece823f02ed622d7f2522f270f1aca5633e2a631368fa3e5018'}, 'dob': {'date': '1969-06-28T21:54:22.731Z', 'age': 54}, 'registered': {'date': '2013-03-06T17:25:32.385Z', 'age': 11}, 'phone': '20251763', 'cell': '02930401', 'id': {'name': 'CPR', 'value': '280669-5730'}, 'picture': {'large': 'https://randomuser.me/api/portraits/men/88.jpg', 'medium': 'https://randomuser.me/api/portraits/med/men/88.jpg', 'thumbnail': 'https://randomuser.me/api/portraits/thumb/men/88.jpg'}, 'nat': 'DK'}</msg>
<arg>${json_data['results'][0]}</arg>
<doc>Logs the given message with the given level.</doc>
<status status="PASS" start="2024-05-12T23:14:45.301873" elapsed="0.000403"/>
</kw>
<kw name="Log" owner="BuiltIn">
<msg time="2024-05-12T23:14:45.302687" level="INFO">location</msg>
<arg>${key}</arg>
<doc>Logs the given message with the given level.</doc>
<status status="PASS" start="2024-05-12T23:14:45.302565" elapsed="0.000158"/>
</kw>
<var name="${key}">location</var>
<status status="PASS" start="2024-05-12T23:14:45.301030" elapsed="0.001903"/>
</iter>
<iter>
<kw name="Dictionary Should Contain Key" owner="Collections">
<msg time="2024-05-12T23:14:45.303590" level="INFO">False</msg>
<arg>${json_data['results'][0]}</arg>
<arg>${key}</arg>
<doc>Fails if ``key`` is not found from ``dictionary``.</doc>
<status status="PASS" start="2024-05-12T23:14:45.303211" elapsed="0.000417"/>
</kw>
<kw name="Log" owner="BuiltIn">
<msg time="2024-05-12T23:14:45.304279" level="INFO">{'gender': 'male', 'name': {'title': 'Mr', 'first': 'Oscar', 'last': 'Hansen'}, 'location': {'street': {'number': 3373, 'name': 'Spættevej'}, 'city': 'Gjern', 'state': 'Nordjylland', 'country': 'Denmark', 'postcode': 27206, 'coordinates': {'latitude': '-44.1754', 'longitude': '-24.9447'}, 'timezone': {'offset': '-2:00', 'description': 'Mid-Atlantic'}}, 'email': 'oscar.hansen@example.com', 'login': {'uuid': 'b265c383-4d71-4f1f-b35f-c78e30382ba5', 'username': 'goldenzebra806', 'password': 'callum', 'salt': 'q1Eh0e7o', 'md5': '2dfb39510514a8cec5f6d319ac6c7d40', 'sha1': 'fff55a158621902b590a6756810ba5ea6bb1f82d', 'sha256': 'fdc98dc7913cfece823f02ed622d7f2522f270f1aca5633e2a631368fa3e5018'}, 'dob': {'date': '1969-06-28T21:54:22.731Z', 'age': 54}, 'registered': {'date': '2013-03-06T17:25:32.385Z', 'age': 11}, 'phone': '20251763', 'cell': '02930401', 'id': {'name': 'CPR', 'value': '280669-5730'}, 'picture': {'large': 'https://randomuser.me/api/portraits/men/88.jpg', 'medium': 'https://randomuser.me/api/portraits/med/men/88.jpg', 'thumbnail': 'https://randomuser.me/api/portraits/thumb/men/88.jpg'}, 'nat': 'DK'}</msg>
<arg>${json_data['results'][0]}</arg>
<doc>Logs the given message with the given level.</doc>
<status status="PASS" start="2024-05-12T23:14:45.303920" elapsed="0.000407"/>
</kw>
<kw name="Log" owner="BuiltIn">
<msg time="2024-05-12T23:14:45.304755" level="INFO">email</msg>
<arg>${key}</arg>
<doc>Logs the given message with the given level.</doc>
<status status="PASS" start="2024-05-12T23:14:45.304629" elapsed="0.000162"/>
</kw>
<var name="${key}">email</var>
<status status="PASS" start="2024-05-12T23:14:45.303104" elapsed="0.001906"/>
</iter>
<iter>
<kw name="Dictionary Should Contain Key" owner="Collections">
<msg time="2024-05-12T23:14:45.305696" level="INFO">False</msg>
<arg>${json_data['results'][0]}</arg>
<arg>${key}</arg>
<doc>Fails if ``key`` is not found from ``dictionary``.</doc>
<status status="PASS" start="2024-05-12T23:14:45.305316" elapsed="0.000417"/>
</kw>
<kw name="Log" owner="BuiltIn">
<msg time="2024-05-12T23:14:45.306401" level="INFO">{'gender': 'male', 'name': {'title': 'Mr', 'first': 'Oscar', 'last': 'Hansen'}, 'location': {'street': {'number': 3373, 'name': 'Spættevej'}, 'city': 'Gjern', 'state': 'Nordjylland', 'country': 'Denmark', 'postcode': 27206, 'coordinates': {'latitude': '-44.1754', 'longitude': '-24.9447'}, 'timezone': {'offset': '-2:00', 'description': 'Mid-Atlantic'}}, 'email': 'oscar.hansen@example.com', 'login': {'uuid': 'b265c383-4d71-4f1f-b35f-c78e30382ba5', 'username': 'goldenzebra806', 'password': 'callum', 'salt': 'q1Eh0e7o', 'md5': '2dfb39510514a8cec5f6d319ac6c7d40', 'sha1': 'fff55a158621902b590a6756810ba5ea6bb1f82d', 'sha256': 'fdc98dc7913cfece823f02ed622d7f2522f270f1aca5633e2a631368fa3e5018'}, 'dob': {'date': '1969-06-28T21:54:22.731Z', 'age': 54}, 'registered': {'date': '2013-03-06T17:25:32.385Z', 'age': 11}, 'phone': '20251763', 'cell': '02930401', 'id': {'name': 'CPR', 'value': '280669-5730'}, 'picture': {'large': 'https://randomuser.me/api/portraits/men/88.jpg', 'medium': 'https://randomuser.me/api/portraits/med/men/88.jpg', 'thumbnail': 'https://randomuser.me/api/portraits/thumb/men/88.jpg'}, 'nat': 'DK'}</msg>
<arg>${json_data['results'][0]}</arg>
<doc>Logs the given message with the given level.</doc>
<status status="PASS" start="2024-05-12T23:14:45.306034" elapsed="0.000415"/>
</kw>
<kw name="Log" owner="BuiltIn">
<msg time="2024-05-12T23:14:45.306867" level="INFO">login</msg>
<arg>${key}</arg>
<doc>Logs the given message with the given level.</doc>
<status status="PASS" start="2024-05-12T23:14:45.306742" elapsed="0.000162"/>
</kw>
<var name="${key}">login</var>
<status status="PASS" start="2024-05-12T23:14:45.305202" elapsed="0.001912"/>
</iter>
<var>${key}</var>
<value>@{expected_keys}</value>
<status status="PASS" start="2024-05-12T23:14:45.296570" elapsed="0.010670"/>
</for>
<kw name="Create List" owner="BuiltIn">
<msg time="2024-05-12T23:14:45.307600" level="INFO">${expected_keysTwo} = ['username', 'password']</msg>
<var>${expected_keysTwo}</var>
<arg>username</arg>
<arg>password</arg>
<doc>Returns a list containing given items.</doc>
<status status="PASS" start="2024-05-12T23:14:45.307463" elapsed="0.000160"/>
</kw>
<for flavor="IN">
<iter>
<kw name="Dictionary Should Contain Key" owner="Collections">
<msg time="2024-05-12T23:14:45.308508" level="INFO">False</msg>
<arg>${json_data['results'][0]['login']}</arg>
<arg>${keyTwo}</arg>
<doc>Fails if ``key`` is not found from ``dictionary``.</doc>
<status status="PASS" start="2024-05-12T23:14:45.308123" elapsed="0.000422"/>
</kw>
<kw name="Dictionary Should Contain Key" owner="Collections">
<msg time="2024-05-12T23:14:45.309250" level="INFO">False</msg>
<arg>${json_data['results'][0]['login']}</arg>
<arg>${keyTwo}</arg>
<doc>Fails if ``key`` is not found from ``dictionary``.</doc>
<status status="PASS" start="2024-05-12T23:14:45.308839" elapsed="0.000448"/>
</kw>
<kw name="Log" owner="BuiltIn">
<msg time="2024-05-12T23:14:45.309705" level="INFO">username</msg>
<arg>${keyTwo}</arg>
<doc>Logs the given message with the given level.</doc>
<status status="PASS" start="2024-05-12T23:14:45.309580" elapsed="0.000171"/>
</kw>
<var name="${keyTwo}">username</var>
<status status="PASS" start="2024-05-12T23:14:45.308014" elapsed="0.001950"/>
</iter>
<iter>
<kw name="Dictionary Should Contain Key" owner="Collections">
<msg time="2024-05-12T23:14:45.310619" level="INFO">False</msg>
<arg>${json_data['results'][0]['login']}</arg>
<arg>${keyTwo}</arg>
<doc>Fails if ``key`` is not found from ``dictionary``.</doc>
<status status="PASS" start="2024-05-12T23:14:45.310241" elapsed="0.000415"/>
</kw>
<kw name="Dictionary Should Contain Key" owner="Collections">
<msg time="2024-05-12T23:14:45.311401" level="INFO">False</msg>
<arg>${json_data['results'][0]['login']}</arg>
<arg>${keyTwo}</arg>
<doc>Fails if ``key`` is not found from ``dictionary``.</doc>
<status status="PASS" start="2024-05-12T23:14:45.310946" elapsed="0.000493"/>
</kw>
<kw name="Log" owner="BuiltIn">
<msg time="2024-05-12T23:14:45.311857" level="INFO">password</msg>
<arg>${keyTwo}</arg>
<doc>Logs the given message with the given level.</doc>
<status status="PASS" start="2024-05-12T23:14:45.311732" elapsed="0.000161"/>
</kw>
<var name="${keyTwo}">password</var>
<status status="PASS" start="2024-05-12T23:14:45.310134" elapsed="0.001972"/>
</iter>
<var>${keyTwo}</var>
<value>@{expected_keysTwo}</value>
<status status="PASS" start="2024-05-12T23:14:45.307863" elapsed="0.004364"/>
</for>
<status status="PASS" start="2024-05-12T23:14:45.005780" elapsed="0.306589"/>
</kw>
<doc>Testa a estrutura da resposta da API.</doc>
<tag>testeEstruturaResposta</tag>
<status status="PASS" start="2024-05-12T23:14:45.005127" elapsed="0.307401"/>
</test>
<test id="s1-s1-t4" name="Validar tipos de dados" line="28">
<kw name="Teste de Tipos de Dados" owner="random-user-service">
<kw name="GET On Session" owner="RequestsLibrary">
<msg time="2024-05-12T23:14:45.409457" level="INFO">GET Request : url=https://randomuser.me/api 
 path_url=/api 
 headers={'User-Agent': 'python-requests/2.31.0', 'Accept-Encoding': 'gzip, deflate', 'Accept': '*/*', 'Connection': 'keep-alive'} 
 body=None 
 </msg>
<msg time="2024-05-12T23:14:45.409565" level="INFO">GET Response : url=https://randomuser.me/api 
 status=200, reason=OK 
 headers={'Date': 'Sun, 12 May 2024 23:14:45 GMT', 'Content-Type': 'application/json; charset=utf-8', 'Transfer-Encoding': 'chunked', 'Connection': 'keep-alive', 'X-Powered-By': 'Express', 'Access-Control-Allow-Origin': '*', 'Cache-Control': 'no-cache', 'ETag': 'W/"47d-8hzrvTKdTqKHZQiqaBNZB488d5g"', 'Vary': 'Accept-Encoding', 'Content-Encoding': 'gzip', 'CF-Cache-Status': 'DYNAMIC', 'Report-To': '{"endpoints":[{"url":"https:\\/\\/a.nel.cloudflare.com\\/report\\/v4?s=b5JlAIoZ9A3BRSYwDEcInV7c2rkVfC%2FPlrlZnxyM075Hy7PDARZBUpYuHabcRWGBlypGOD1T5XzeoYLi%2Bk8ntgAYYOP44nXR4CG3Ew3uYnjh%2FD0fdkwWYxVb4cR3nWmH"}],"group":"cf-nel","max_age":604800}', 'NEL': '{"success_fraction":0,"report_to":"cf-nel","max_age":604800}', 'Server': 'cloudflare', 'CF-RAY': '882e1b593ba9faae-SJC', 'alt-svc': 'h3=":443"; ma=86400'} 
 body={"results":[{"gender":"male","name":{"title":"Mr","first":"Phillip","last":"Mikkelsen"},"location":{"street":{"number":1798,"name":"Ringnesveien"},"city":"Visnes","state":"Rogaland","country":"Norway","postcode":"0360","coordinates":{"latitude":"39.2470","longitude":"-161.9532"},"timezone":{"offset":"-12:00","description":"Eniwetok, Kwajalein"}},"email":"phillip.mikkelsen@example.com","login":{"uuid":"c802bfa1-35c8-453a-91c1-c6f4d36ccfd2","username":"silverbutterfly820","password":"bball","salt":"ltWHvoN2","md5":"76ef33984cd4f1cd4d78f23648ca26c3","sha1":"88953726beb26d07b2a3ceaa114d7638d5116461","sha256":"e35b2753e20e2a8aad948e872120465525a728ca81c2f387774eb22370cc334d"},"dob":{"date":"1967-07-11T01:17:26.028Z","age":56},"registered":{"date":"2021-07-30T14:30:55.657Z","age":2},"phone":"82477981","cell":"97219022","id":{"name":"FN","value":"11076740188"},"picture":{"large":"https://randomuser.me/api/portraits/men/25.jpg","medium":"https://randomuser.me/api/portraits/med/men/25.jpg","thumbnail":"https://randomuser.me/api/portraits/thumb/men/25.jpg"},"nat":"NO"}],"info":{"seed":"a83537062eb2977d","results":1,"page":1,"version":"1.4"}} 
 </msg>
<msg time="2024-05-12T23:14:45.409647" level="INFO">/opt/hostedtoolcache/Python/3.12.3/x64/lib/python3.12/site-packages/urllib3/connectionpool.py:1103: InsecureRequestWarning: Unverified HTTPS request is being made to host 'randomuser.me'. Adding certificate verification is strongly advised. See: https://urllib3.readthedocs.io/en/latest/advanced-usage.html#tls-warnings
  warnings.warn(</msg>
<msg time="2024-05-12T23:14:45.409778" level="INFO">${response} = &lt;Response [200]&gt;</msg>
<var>${response}</var>
<arg>consultarAPI</arg>
<arg>/api</arg>
<doc>Sends a GET request on a previously created HTTP Session.</doc>
<status status="PASS" start="2024-05-12T23:14:45.315131" elapsed="0.094687"/>
</kw>
<kw name="Set Variable" owner="BuiltIn">
<msg time="2024-05-12T23:14:45.411041" level="INFO">${json_data} = {'results': [{'gender': 'male', 'name': {'title': 'Mr', 'first': 'Phillip', 'last': 'Mikkelsen'}, 'location': {'street': {'number': 1798, 'name': 'Ringnesveien'}, 'city': 'Visnes', 'state': 'Rogaland'...</msg>
<var>${json_data}</var>
<arg>${response.json()}</arg>
<doc>Returns the given values which can then be assigned to a variables.</doc>
<status status="PASS" start="2024-05-12T23:14:45.410450" elapsed="0.000620"/>
</kw>
<kw name="Log" owner="BuiltIn">
<msg time="2024-05-12T23:14:45.411554" level="INFO">{'results': [{'gender': 'male', 'name': {'title': 'Mr', 'first': 'Phillip', 'last': 'Mikkelsen'}, 'location': {'street': {'number': 1798, 'name': 'Ringnesveien'}, 'city': 'Visnes', 'state': 'Rogaland', 'country': 'Norway', 'postcode': '0360', 'coordinates': {'latitude': '39.2470', 'longitude': '-161.9532'}, 'timezone': {'offset': '-12:00', 'description': 'Eniwetok, Kwajalein'}}, 'email': 'phillip.mikkelsen@example.com', 'login': {'uuid': 'c802bfa1-35c8-453a-91c1-c6f4d36ccfd2', 'username': 'silverbutterfly820', 'password': 'bball', 'salt': 'ltWHvoN2', 'md5': '76ef33984cd4f1cd4d78f23648ca26c3', 'sha1': '88953726beb26d07b2a3ceaa114d7638d5116461', 'sha256': 'e35b2753e20e2a8aad948e872120465525a728ca81c2f387774eb22370cc334d'}, 'dob': {'date': '1967-07-11T01:17:26.028Z', 'age': 56}, 'registered': {'date': '2021-07-30T14:30:55.657Z', 'age': 2}, 'phone': '82477981', 'cell': '97219022', 'id': {'name': 'FN', 'value': '11076740188'}, 'picture': {'large': 'https://randomuser.me/api/portraits/men/25.jpg', 'medium': 'https://randomuser.me/api/portraits/med/men/25.jpg', 'thumbnail': 'https://randomuser.me/api/portraits/thumb/men/25.jpg'}, 'nat': 'NO'}], 'info': {'seed': 'a83537062eb2977d', 'results': 1, 'page': 1, 'version': '1.4'}}</msg>
<arg>${json_data}</arg>
<doc>Logs the given message with the given level.</doc>
<status status="PASS" start="2024-05-12T23:14:45.411394" elapsed="0.000205"/>
</kw>
<kw name="Should Be String" owner="String">
<arg>${json_data['results'][0]['gender']}</arg>
<doc>Fails if the given ``item`` is not a string.</doc>
<status status="PASS" start="2024-05-12T23:14:45.411922" elapsed="0.000369"/>
</kw>
<kw name="Should Match Regexp" owner="BuiltIn">
<arg>${json_data['results'][0]['email']}</arg>
<arg>^[a-zA-Z0-9._%+-]+@[a-zA-Z0-9.-]+\.[a-zA-Z]{2,}$</arg>
<doc>Fails if ``string`` does not match ``pattern`` as a regular expression.</doc>
<status status="PASS" start="2024-05-12T23:14:45.412480" elapsed="0.000516"/>
</kw>
<kw name="Should Match Regexp" owner="BuiltIn">
<arg>${json_data['results'][0]['dob']['date']}</arg>
<arg>\\d{4}-\\d{2}-\\d{2}T\\d{2}:\\d{2}:\\d{2}\\.\\d{3}Z</arg>
<doc>Fails if ``string`` does not match ``pattern`` as a regular expression.</doc>
<status status="PASS" start="2024-05-12T23:14:45.413225" elapsed="0.000506"/>
</kw>
<kw name="Should Match Regexp" owner="BuiltIn">
<arg>${json_data['results'][0]['registered']['date']}</arg>
<arg>\\d{4}-\\d{2}-\\d{2}T\\d{2}:\\d{2}:\\d{2}\\.\\d{3}Z</arg>
<doc>Fails if ``string`` does not match ``pattern`` as a regular expression.</doc>
<status status="PASS" start="2024-05-12T23:14:45.413921" elapsed="0.000364"/>
</kw>
<kw name="Should Match Regexp" owner="BuiltIn">
<arg>${json_data['results'][0]['picture']['large']}</arg>
<arg>^https?://.*\.(?:png|jpe?g|gif|bmp)$</arg>
<doc>Fails if ``string`` does not match ``pattern`` as a regular expression.</doc>
<status status="PASS" start="2024-05-12T23:14:45.414470" elapsed="0.000462"/>
</kw>
<kw name="Should Match Regexp" owner="BuiltIn">
<arg>${json_data['results'][0]['picture']['medium']}</arg>
<arg>^https?://.*\.(?:png|jpe?g|gif|bmp)$</arg>
<doc>Fails if ``string`` does not match ``pattern`` as a regular expression.</doc>
<status status="PASS" start="2024-05-12T23:14:45.415118" elapsed="0.000358"/>
</kw>
<kw name="Should Match Regexp" owner="BuiltIn">
<arg>${json_data['results'][0]['picture']['thumbnail']}</arg>
<arg>^https?://.*\.(?:png|jpe?g|gif|bmp)$</arg>
<doc>Fails if ``string`` does not match ``pattern`` as a regular expression.</doc>
<status status="PASS" start="2024-05-12T23:14:45.415662" elapsed="0.000348"/>
</kw>
<kw name="Log" owner="BuiltIn">
<msg time="2024-05-12T23:14:45.416505" level="INFO">{'large': 'https://randomuser.me/api/portraits/men/25.jpg', 'medium': 'https://randomuser.me/api/portraits/med/men/25.jpg', 'thumbnail': 'https://randomuser.me/api/portraits/thumb/men/25.jpg'}</msg>
<arg>${json_data['results'][0]['picture']}</arg>
<doc>Logs the given message with the given level.</doc>
<status status="PASS" start="2024-05-12T23:14:45.416188" elapsed="0.000357"/>
</kw>
<status status="PASS" start="2024-05-12T23:14:45.314898" elapsed="0.101902"/>
</kw>
<kw name="Teste de Tipos de Dados - Postcode" owner="random-user-service">
<kw name="GET On Session" owner="RequestsLibrary">
<msg time="2024-05-12T23:14:45.695975" level="INFO">GET Request : url=https://randomuser.me/api 
 path_url=/api 
 headers={'User-Agent': 'python-requests/2.31.0', 'Accept-Encoding': 'gzip, deflate', 'Accept': '*/*', 'Connection': 'keep-alive'} 
 body=None 
 </msg>
<msg time="2024-05-12T23:14:45.696083" level="INFO">GET Response : url=https://randomuser.me/api 
 status=200, reason=OK 
 headers={'Date': 'Sun, 12 May 2024 23:14:45 GMT', 'Content-Type': 'application/json; charset=utf-8', 'Transfer-Encoding': 'chunked', 'Connection': 'keep-alive', 'X-Powered-By': 'Express', 'Access-Control-Allow-Origin': '*', 'Cache-Control': 'no-cache', 'ETag': 'W/"4ae-7XUaQJPEAKf53R0Z04ucMECVCJ0"', 'Vary': 'Accept-Encoding', 'Content-Encoding': 'gzip', 'CF-Cache-Status': 'DYNAMIC', 'Report-To': '{"endpoints":[{"url":"https:\\/\\/a.nel.cloudflare.com\\/report\\/v4?s=brfucRI4eWFmz8EzW4isj2CSNSczr5gE2nGWmrMURRFBoxsK9nesLahhdf1FBCooL0be%2Ba0OX05aOxoLhAyn5AIW0w60sIJpNwYuG68RuRgygzkaed42J7Alp3kEMb0I"}],"group":"cf-nel","max_age":604800}', 'NEL': '{"success_fraction":0,"report_to":"cf-nel","max_age":604800}', 'Server': 'cloudflare', 'CF-RAY': '882e1b59ec2ffaae-SJC', 'alt-svc': 'h3=":443"; ma=86400'} 
 body={"results":[{"gender":"female","name":{"title":"Mademoiselle","first":"Mathilde","last":"Martin"},"location":{"street":{"number":5068,"name":"Rue Principale"},"city":"Grossdietwil","state":"Schwyz","country":"Switzerland","postcode":1683,"coordinates":{"latitude":"-63.8522","longitude":"159.7464"},"timezone":{"offset":"+5:30","description":"Bombay, Calcutta, Madras, New Delhi"}},"email":"mathilde.martin@example.com","login":{"uuid":"aa3b8f5a-8b69-4532-bb6d-112867143191","username":"tinybird186","password":"gratis","salt":"RzMtpkQQ","md5":"2849afaf41a393ae041ea44173b560d6","sha1":"c7b6986447ed7225c894852a8b7913964f448fdb","sha256":"d2e052bc9d7c40518529e135674d8535352a053ed0a99b93f77a617a02927304"},"dob":{"date":"1955-03-03T07:59:15.064Z","age":69},"registered":{"date":"2012-06-17T05:40:54.564Z","age":11},"phone":"076 215 04 05","cell":"078 281 34 14","id":{"name":"AVS","value":"756.3458.9521.05"},"picture":{"large":"https://randomuser.me/api/portraits/women/37.jpg","medium":"https://randomuser.me/api/portraits/med/women/37.jpg","thumbnail":"https://randomuser.me/api/portraits/thumb/women/37.jpg"},"nat":"CH"}],"info":{"seed":"a14ed8da91f92989","results":1,"page":1,"version":"1.4"}} 
 </msg>
<msg time="2024-05-12T23:14:45.696163" level="INFO">/opt/hostedtoolcache/Python/3.12.3/x64/lib/python3.12/site-packages/urllib3/connectionpool.py:1103: InsecureRequestWarning: Unverified HTTPS request is being made to host 'randomuser.me'. Adding certificate verification is strongly advised. See: https://urllib3.readthedocs.io/en/latest/advanced-usage.html#tls-warnings
  warnings.warn(</msg>
<msg time="2024-05-12T23:14:45.696299" level="INFO">${response} = &lt;Response [200]&gt;</msg>
<var>${response}</var>
<arg>consultarAPI</arg>
<arg>/api</arg>
<doc>Sends a GET request on a previously created HTTP Session.</doc>
<status status="PASS" start="2024-05-12T23:14:45.417295" elapsed="0.279043"/>
</kw>
<kw name="Set Variable" owner="BuiltIn">
<msg time="2024-05-12T23:14:45.697562" level="INFO">${json_data} = {'results': [{'gender': 'female', 'name': {'title': 'Mademoiselle', 'first': 'Mathilde', 'last': 'Martin'}, 'location': {'street': {'number': 5068, 'name': 'Rue Principale'}, 'city': 'Grossdietwil', '...</msg>
<var>${json_data}</var>
<arg>${response.json()}</arg>
<doc>Returns the given values which can then be assigned to a variables.</doc>
<status status="PASS" start="2024-05-12T23:14:45.696960" elapsed="0.000631"/>
</kw>
<kw name="Log" owner="BuiltIn">
<msg time="2024-05-12T23:14:45.698062" level="INFO">{'results': [{'gender': 'female', 'name': {'title': 'Mademoiselle', 'first': 'Mathilde', 'last': 'Martin'}, 'location': {'street': {'number': 5068, 'name': 'Rue Principale'}, 'city': 'Grossdietwil', 'state': 'Schwyz', 'country': 'Switzerland', 'postcode': 1683, 'coordinates': {'latitude': '-63.8522', 'longitude': '159.7464'}, 'timezone': {'offset': '+5:30', 'description': 'Bombay, Calcutta, Madras, New Delhi'}}, 'email': 'mathilde.martin@example.com', 'login': {'uuid': 'aa3b8f5a-8b69-4532-bb6d-112867143191', 'username': 'tinybird186', 'password': 'gratis', 'salt': 'RzMtpkQQ', 'md5': '2849afaf41a393ae041ea44173b560d6', 'sha1': 'c7b6986447ed7225c894852a8b7913964f448fdb', 'sha256': 'd2e052bc9d7c40518529e135674d8535352a053ed0a99b93f77a617a02927304'}, 'dob': {'date': '1955-03-03T07:59:15.064Z', 'age': 69}, 'registered': {'date': '2012-06-17T05:40:54.564Z', 'age': 11}, 'phone': '076 215 04 05', 'cell': '078 281 34 14', 'id': {'name': 'AVS', 'value': '756.3458.9521.05'}, 'picture': {'large': 'https://randomuser.me/api/portraits/women/37.jpg', 'medium': 'https://randomuser.me/api/portraits/med/women/37.jpg', 'thumbnail': 'https://randomuser.me/api/portraits/thumb/women/37.jpg'}, 'nat': 'CH'}], 'info': {'seed': 'a14ed8da91f92989', 'results': 1, 'page': 1, 'version': '1.4'}}</msg>
<arg>${json_data}</arg>
<doc>Logs the given message with the given level.</doc>
<status status="PASS" start="2024-05-12T23:14:45.697902" elapsed="0.000207"/>
</kw>
<kw name="Should Be Equal As Numbers" owner="BuiltIn">
<arg>${json_data['results'][0]['location']['postcode']}</arg>
<arg>${json_data['results'][0]['location']['postcode']}</arg>
<doc>Fails if objects are unequal after converting them to real numbers.</doc>
<status status="PASS" start="2024-05-12T23:14:45.698407" elapsed="0.000837"/>
</kw>
<kw name="Log" owner="BuiltIn">
<msg time="2024-05-12T23:14:45.699772" level="INFO">1683</msg>
<arg>${json_data['results'][0]['location']['postcode']}</arg>
<doc>Logs the given message with the given level.</doc>
<status status="PASS" start="2024-05-12T23:14:45.699438" elapsed="0.000374"/>
</kw>
<status status="PASS" start="2024-05-12T23:14:45.417030" elapsed="0.283036"/>
</kw>
<doc>Testa se os tipos de dados na resposta da API estão corretos.</doc>
<tag>testeTiposDados</tag>
<status status="PASS" start="2024-05-12T23:14:45.314324" elapsed="0.385911"/>
</test>
<test id="s1-s1-t5" name="Validar conteudo" line="35">
<kw name="Teste de Tipos de Conteudo" owner="random-user-service">
<kw name="GET On Session" owner="RequestsLibrary">
<msg time="2024-05-12T23:14:45.990376" level="INFO">GET Request : url=https://randomuser.me/api 
 path_url=/api 
 headers={'User-Agent': 'python-requests/2.31.0', 'Accept-Encoding': 'gzip, deflate', 'Accept': '*/*', 'Connection': 'keep-alive'} 
 body=None 
 </msg>
<msg time="2024-05-12T23:14:45.990486" level="INFO">GET Response : url=https://randomuser.me/api 
 status=200, reason=OK 
 headers={'Date': 'Sun, 12 May 2024 23:14:45 GMT', 'Content-Type': 'application/json; charset=utf-8', 'Transfer-Encoding': 'chunked', 'Connection': 'keep-alive', 'X-Powered-By': 'Express', 'Access-Control-Allow-Origin': '*', 'Cache-Control': 'no-cache', 'ETag': 'W/"484-JW1lA4G/fNP0YUdZ77vD2krSJJk"', 'Vary': 'Accept-Encoding', 'Content-Encoding': 'gzip', 'CF-Cache-Status': 'DYNAMIC', 'Report-To': '{"endpoints":[{"url":"https:\\/\\/a.nel.cloudflare.com\\/report\\/v4?s=5ZS37qIvhKDWhyF3ytkIPpbWppNvMkNeAo50Vfi3wByDBooND%2FyD35Ij367c1RNum83qxxPyUPAq1v084kNFlj0Vet%2BXw2w5CYQh3VPc4aKGox7xFoxAyKVCPxBaiUCr"}],"group":"cf-nel","max_age":604800}', 'NEL': '{"success_fraction":0,"report_to":"cf-nel","max_age":604800}', 'Server': 'cloudflare', 'CF-RAY': '882e1b5bad79faae-SJC', 'alt-svc': 'h3=":443"; ma=86400'} 
 body={"results":[{"gender":"female","name":{"title":"Ms","first":"Zoe","last":"Taylor"},"location":{"street":{"number":3801,"name":"Glenfield Road"},"city":"Taupo","state":"Southland","country":"New Zealand","postcode":79390,"coordinates":{"latitude":"53.8381","longitude":"52.4428"},"timezone":{"offset":"+4:00","description":"Abu Dhabi, Muscat, Baku, Tbilisi"}},"email":"zoe.taylor@example.com","login":{"uuid":"fbf964ba-c17f-432f-a3ee-2d05c157f19b","username":"tinydog884","password":"valdepen","salt":"gC0nl8ym","md5":"e62f43a9bf117812a61cde9434b3d49f","sha1":"9b3ed6c3dfed53fc5b03ccccad38f513840ed2de","sha256":"bd3999d46cad0f12e9ab23d1dc2f0597d071b3d5ac056f6ae873703b0fb3372b"},"dob":{"date":"1945-12-14T14:11:05.945Z","age":78},"registered":{"date":"2009-09-15T11:30:28.046Z","age":14},"phone":"(034)-905-6551","cell":"(927)-403-9748","id":{"name":"","value":null},"picture":{"large":"https://randomuser.me/api/portraits/women/74.jpg","medium":"https://randomuser.me/api/portraits/med/women/74.jpg","thumbnail":"https://randomuser.me/api/portraits/thumb/women/74.jpg"},"nat":"NZ"}],"info":{"seed":"2b89a506c0ea0075","results":1,"page":1,"version":"1.4"}} 
 </msg>
<msg time="2024-05-12T23:14:45.990570" level="INFO">/opt/hostedtoolcache/Python/3.12.3/x64/lib/python3.12/site-packages/urllib3/connectionpool.py:1103: InsecureRequestWarning: Unverified HTTPS request is being made to host 'randomuser.me'. Adding certificate verification is strongly advised. See: https://urllib3.readthedocs.io/en/latest/advanced-usage.html#tls-warnings
  warnings.warn(</msg>
<msg time="2024-05-12T23:14:45.990705" level="INFO">${response} = &lt;Response [200]&gt;</msg>
<var>${response}</var>
<arg>consultarAPI</arg>
<arg>/api</arg>
<doc>Sends a GET request on a previously created HTTP Session.</doc>
<status status="PASS" start="2024-05-12T23:14:45.702807" elapsed="0.287938"/>
</kw>
<kw name="Set Variable" owner="BuiltIn">
<msg time="2024-05-12T23:14:45.991800" level="INFO">${json_data} = {'results': [{'gender': 'female', 'name': {'title': 'Ms', 'first': 'Zoe', 'last': 'Taylor'}, 'location': {'street': {'number': 3801, 'name': 'Glenfield Road'}, 'city': 'Taupo', 'state': 'Southland', '...</msg>
<var>${json_data}</var>
<arg>${response.json()}</arg>
<doc>Returns the given values which can then be assigned to a variables.</doc>
<status status="PASS" start="2024-05-12T23:14:45.991279" elapsed="0.000550"/>
</kw>
<kw name="Set Variable" owner="BuiltIn">
<msg time="2024-05-12T23:14:45.992518" level="INFO">${name_title} = Ms</msg>
<var>${name_title}</var>
<arg>${json_data["results"][0]["name"]["title"]}</arg>
<doc>Returns the given values which can then be assigned to a variables.</doc>
<status status="PASS" start="2024-05-12T23:14:45.992132" elapsed="0.000411"/>
</kw>
<kw name="Create List" owner="BuiltIn">
<msg time="2024-05-12T23:14:45.992990" level="INFO">${allowed_titles} = ['Mr', 'Ms', 'Miss', 'Mrs', 'Madame', 'Monsieur']</msg>
<var>${allowed_titles}</var>
<arg>Mr</arg>
<arg>Ms</arg>
<arg>Miss</arg>
<arg>Mrs</arg>
<arg>Madame</arg>
<arg>Monsieur</arg>
<doc>Returns a list containing given items.</doc>
<status status="PASS" start="2024-05-12T23:14:45.992843" elapsed="0.000170"/>
</kw>
<kw name="List Should Contain Value" owner="Collections">
<msg time="2024-05-12T23:14:45.993543" level="INFO">False</msg>
<arg>${allowed_titles}</arg>
<arg>${name_title}</arg>
<doc>Fails if the ``value`` is not found from ``list``.</doc>
<status status="PASS" start="2024-05-12T23:14:45.993364" elapsed="0.000215"/>
</kw>
<kw name="Set Variable" owner="BuiltIn">
<msg time="2024-05-12T23:14:45.994257" level="INFO">${name_country} = NZ</msg>
<var>${name_country}</var>
<arg>${json_data["results"][0]["nat"]}</arg>
<doc>Returns the given values which can then be assigned to a variables.</doc>
<status status="PASS" start="2024-05-12T23:14:45.993876" elapsed="0.000407"/>
</kw>
<kw name="Create List" owner="BuiltIn">
<msg time="2024-05-12T23:14:45.995162" level="INFO">${list_country} = ['AD', 'AE', 'AF', 'AG', 'AI', 'AL', 'AM', 'AO', 'AQ', 'AR', 'AS', 'AT', 'AU', 'AW', 'AX', 'AZ', 'BA', 'BB', 'BD', 'BE', 'BF', 'BG', 'BH', 'BI', 'BJ', 'BL', 'BM', 'BN', 'BO', 'BQ', 'BR', 'BS', 'BT', '...</msg>
<var>${list_country}</var>
<arg>AD</arg>
<arg>AE</arg>
<arg>AF</arg>
<arg>AG</arg>
<arg>AI</arg>
<arg>AL</arg>
<arg>AM</arg>
<arg>AO</arg>
<arg>AQ</arg>
<arg>AR</arg>
<arg>AS</arg>
<arg>AT</arg>
<arg>AU</arg>
<arg>AW</arg>
<arg>AX</arg>
<arg>AZ</arg>
<arg>BA</arg>
<arg>BB</arg>
<arg>BD</arg>
<arg>BE</arg>
<arg>BF</arg>
<arg>BG</arg>
<arg>BH</arg>
<arg>BI</arg>
<arg>BJ</arg>
<arg>BL</arg>
<arg>BM</arg>
<arg>BN</arg>
<arg>BO</arg>
<arg>BQ</arg>
<arg>BR</arg>
<arg>BS</arg>
<arg>BT</arg>
<arg>BV</arg>
<arg>BW</arg>
<arg>BY</arg>
<arg>BZ</arg>
<arg>CA</arg>
<arg>CC</arg>
<arg>CD</arg>
<arg>CF</arg>
<arg>CG</arg>
<arg>CH</arg>
<arg>CI</arg>
<arg>CK</arg>
<arg>CL</arg>
<arg>CM</arg>
<arg>CN</arg>
<arg>CO</arg>
<arg>CR</arg>
<arg>CU</arg>
<arg>CV</arg>
<arg>CW</arg>
<arg>CX</arg>
<arg>CY</arg>
<arg>CZ</arg>
<arg>DE</arg>
<arg>DJ</arg>
<arg>DK</arg>
<arg>DM</arg>
<arg>DO</arg>
<arg>DZ</arg>
<arg>EC</arg>
<arg>EE</arg>
<arg>EG</arg>
<arg>EH</arg>
<arg>ER</arg>
<arg>ES</arg>
<arg>ET</arg>
<arg>FI</arg>
<arg>FJ</arg>
<arg>FK</arg>
<arg>FM</arg>
<arg>FO</arg>
<arg>FR</arg>
<arg>GA</arg>
<arg>GB</arg>
<arg>GD</arg>
<arg>GE</arg>
<arg>GF</arg>
<arg>GG</arg>
<arg>GH</arg>
<arg>GI</arg>
<arg>GL</arg>
<arg>GM</arg>
<arg>GN</arg>
<arg>GP</arg>
<arg>GQ</arg>
<arg>GR</arg>
<arg>GS</arg>
<arg>GT</arg>
<arg>GU</arg>
<arg>GW</arg>
<arg>GY</arg>
<arg>HK</arg>
<arg>HM</arg>
<arg>HN</arg>
<arg>HR</arg>
<arg>HT</arg>
<arg>HU</arg>
<arg>ID</arg>
<arg>IE</arg>
<arg>IL</arg>
<arg>IM</arg>
<arg>IN</arg>
<arg>IO</arg>
<arg>IQ</arg>
<arg>IR</arg>
<arg>IS</arg>
<arg>IT</arg>
<arg>JE</arg>
<arg>JM</arg>
<arg>JO</arg>
<arg>JP</arg>
<arg>KE</arg>
<arg>KG</arg>
<arg>KH</arg>
<arg>KI</arg>
<arg>KM</arg>
<arg>KN</arg>
<arg>KP</arg>
<arg>KR</arg>
<arg>KW</arg>
<arg>KY</arg>
<arg>KZ</arg>
<arg>LA</arg>
<arg>LB</arg>
<arg>LC</arg>
<arg>LI</arg>
<arg>LK</arg>
<arg>LR</arg>
<arg>LS</arg>
<arg>LT</arg>
<arg>LU</arg>
<arg>LV</arg>
<arg>LY</arg>
<arg>MA</arg>
<arg>MC</arg>
<arg>MD</arg>
<arg>ME</arg>
<arg>MF</arg>
<arg>MG</arg>
<arg>MH</arg>
<arg>MK</arg>
<arg>ML</arg>
<arg>MM</arg>
<arg>MN</arg>
<arg>MO</arg>
<arg>MP</arg>
<arg>MQ</arg>
<arg>MR</arg>
<arg>MS</arg>
<arg>MT</arg>
<arg>MU</arg>
<arg>MV</arg>
<arg>MW</arg>
<arg>MX</arg>
<arg>MY</arg>
<arg>MZ</arg>
<arg>NA</arg>
<arg>NC</arg>
<arg>NE</arg>
<arg>NF</arg>
<arg>NG</arg>
<arg>NI</arg>
<arg>NL</arg>
<arg>NO</arg>
<arg>NP</arg>
<arg>NR</arg>
<arg>NU</arg>
<arg>NZ</arg>
<arg>OM</arg>
<arg>PA</arg>
<arg>PE</arg>
<arg>PF</arg>
<arg>PG</arg>
<arg>PH</arg>
<arg>PK</arg>
<arg>PL</arg>
<arg>PM</arg>
<arg>PN</arg>
<arg>PR</arg>
<arg>PS</arg>
<arg>PT</arg>
<arg>PW</arg>
<arg>PY</arg>
<arg>QA</arg>
<arg>RE</arg>
<arg>RO</arg>
<arg>RS</arg>
<arg>RU</arg>
<arg>RW</arg>
<arg>SA</arg>
<arg>SB</arg>
<arg>SC</arg>
<arg>SD</arg>
<arg>SE</arg>
<arg>SG</arg>
<arg>SH</arg>
<arg>SI</arg>
<arg>SJ</arg>
<arg>SK</arg>
<arg>SL</arg>
<arg>SM</arg>
<arg>SN</arg>
<arg>SO</arg>
<arg>SR</arg>
<arg>SS</arg>
<arg>ST</arg>
<arg>SV</arg>
<arg>SX</arg>
<arg>SY</arg>
<arg>SZ</arg>
<arg>TC</arg>
<arg>TD</arg>
<arg>TF</arg>
<arg>TG</arg>
<arg>TH</arg>
<arg>TJ</arg>
<arg>TK</arg>
<arg>TL</arg>
<arg>TM</arg>
<arg>TN</arg>
<arg>TO</arg>
<arg>TR</arg>
<arg>TT</arg>
<arg>TV</arg>
<arg>TW</arg>
<arg>TZ</arg>
<arg>UA</arg>
<arg>UG</arg>
<arg>UM</arg>
<arg>US</arg>
<arg>UY</arg>
<arg>UZ</arg>
<arg>VA</arg>
<arg>VC</arg>
<arg>VE</arg>
<arg>VG</arg>
<arg>VI</arg>
<arg>VN</arg>
<arg>VU</arg>
<arg>WF</arg>
<arg>WS</arg>
<arg>XK</arg>
<arg>YE</arg>
<arg>YT</arg>
<arg>ZA</arg>
<arg>ZM</arg>
<arg>ZW</arg>
<doc>Returns a list containing given items.</doc>
<status status="PASS" start="2024-05-12T23:14:45.994583" elapsed="0.000605"/>
</kw>
<kw name="List Should Contain Value" owner="Collections">
<msg time="2024-05-12T23:14:45.996178" level="INFO">False</msg>
<arg>${list_country}</arg>
<arg>${name_country}</arg>
<doc>Fails if the ``value`` is not found from ``list``.</doc>
<status status="PASS" start="2024-05-12T23:14:45.995979" elapsed="0.000235"/>
</kw>
<kw name="Run Keyword If" owner="BuiltIn">
<kw name="Should Be True" owner="BuiltIn">
<arg>${True}</arg>
<doc>Fails if the given condition is not true.</doc>
<status status="PASS" start="2024-05-12T23:14:45.997308" elapsed="0.000145"/>
</kw>
<arg>${json_data["results"][0]["location"]["coordinates"]["latitude"]} &gt;= -90 and ${json_data["results"][0]["location"]["coordinates"]["latitude"]} &lt;= 90</arg>
<arg>Should Be True</arg>
<arg>${True}</arg>
<doc>Runs the given keyword with the given arguments, if ``condition`` is true.</doc>
<status status="PASS" start="2024-05-12T23:14:45.996526" elapsed="0.001052"/>
</kw>
<kw name="Run Keyword If" owner="BuiltIn">
<kw name="Should Be True" owner="BuiltIn">
<arg>${True}</arg>
<doc>Fails if the given condition is not true.</doc>
<status status="PASS" start="2024-05-12T23:14:45.998444" elapsed="0.000260"/>
</kw>
<arg>${json_data["results"][0]["location"]["coordinates"]["longitude"]} &gt;= -180 and ${json_data["results"][0]["location"]["coordinates"]["longitude"]} &lt;= 180</arg>
<arg>Should Be True</arg>
<arg>${True}</arg>
<doc>Runs the given keyword with the given arguments, if ``condition`` is true.</doc>
<status status="PASS" start="2024-05-12T23:14:45.997760" elapsed="0.001070"/>
</kw>
<status status="PASS" start="2024-05-12T23:14:45.702578" elapsed="0.296457"/>
</kw>
<doc>Testa o conteúdo específico dos campos retornados pela API.</doc>
<tag>testeConteudo</tag>
<status status="PASS" start="2024-05-12T23:14:45.702053" elapsed="0.297172"/>
</test>
<status status="PASS" start="2024-05-12T23:14:44.418451" elapsed="1.582720"/>
</suite>
<status status="PASS" start="2024-05-12T23:14:44.404682" elapsed="1.601575"/>
</suite>
<statistics>
<total>
<stat pass="5" fail="0" skip="0">All Tests</stat>
</total>
<tag>
<stat pass="1" fail="0" skip="0">testeConteudo</stat>
<stat pass="1" fail="0" skip="0">testeEstruturaResposta</stat>
<stat pass="1" fail="0" skip="0">testeRequisicaoBasica</stat>
<stat pass="1" fail="0" skip="0">testeTiposDados</stat>
</tag>
<suite>
<stat pass="5" fail="0" skip="0" id="s1" name="Tests">Tests</stat>
<stat pass="5" fail="0" skip="0" id="s1-s1" name="Random-User-Test">Tests.Random-User-Test</stat>
</suite>
</statistics>
<errors>
</errors>
</robot>
