<?xml version="1.0" encoding="UTF-8"?>
<robot generator="Robot 7.0 (Python 3.12.3 on linux)" generated="2024-04-19T08:17:41.959193" rpa="false" schemaversion="5">
<suite id="s1" name="Tests" source="/home/runner/work/DesafioQAItauRogerioJordao/DesafioQAItauRogerioJordao/RamdonUser/tests">
<suite id="s1-s1" name="Random-User-Test" source="/home/runner/work/DesafioQAItauRogerioJordao/DesafioQAItauRogerioJordao/RamdonUser/tests/random-user-test.robot">
<test id="s1-s1-t1" name="Conectar" line="13">
<kw name="Conectar API" owner="random-user-service">
<kw name="Create Session" owner="RequestsLibrary">
<msg time="2024-04-19T08:17:42.336822" level="INFO">Creating Session using : alias=consultarAPI, url=https://randomuser.me/, headers={},                     cookies={}, auth=None, timeout=None, proxies=None, verify=False,                     debug=0 </msg>
<arg>consultarAPI</arg>
<arg>${URL}</arg>
<doc>Create Session: create a HTTP session to a server</doc>
<status status="PASS" start="2024-04-19T08:17:42.336630" elapsed="0.000363"/>
</kw>
<status status="PASS" start="2024-04-19T08:17:42.335689" elapsed="0.001655"/>
</kw>
<status status="PASS" start="2024-04-19T08:17:42.335135" elapsed="0.002400"/>
</test>
<test id="s1-s1-t2" name="Validar retorno 200 e JSON Válido" line="16">
<kw name="Teste de Requisicao Basica" owner="random-user-service">
<kw name="GET On Session" owner="RequestsLibrary">
<msg time="2024-04-19T08:17:42.487416" level="INFO">GET Request : url=https://randomuser.me/api 
 path_url=/api 
 headers={'User-Agent': 'python-requests/2.31.0', 'Accept-Encoding': 'gzip, deflate', 'Accept': '*/*', 'Connection': 'keep-alive'} 
 body=None 
 </msg>
<msg time="2024-04-19T08:17:42.487530" level="INFO">GET Response : url=https://randomuser.me/api 
 status=200, reason=OK 
 headers={'Date': 'Fri, 19 Apr 2024 08:17:42 GMT', 'Content-Type': 'application/json; charset=utf-8', 'Transfer-Encoding': 'chunked', 'Connection': 'keep-alive', 'X-Powered-By': 'Express', 'Access-Control-Allow-Origin': '*', 'Cache-Control': 'no-cache', 'ETag': 'W/"47e-cRK7gb+m50SywRinDEznpFqPUVs"', 'Vary': 'Accept-Encoding', 'Content-Encoding': 'gzip', 'CF-Cache-Status': 'DYNAMIC', 'Report-To': '{"endpoints":[{"url":"https:\\/\\/a.nel.cloudflare.com\\/report\\/v4?s=xomQZvS3oknT3YNs0f8oIc1sVF970%2FNEEF%2B6MjutU3Wlm2zM3Hp0kUzPnZ7n6LZYtdlMBHYtXnoXrIm7opqSsRN80FoIP%2FuUVbTHhiS8fZN7x9xxbHQFKRoEug6Spm3%2F"}],"group":"cf-nel","max_age":604800}', 'NEL': '{"success_fraction":0,"report_to":"cf-nel","max_age":604800}', 'Server': 'cloudflare', 'CF-RAY': '876b75afde0689f9-ORD', 'alt-svc': 'h3=":443"; ma=86400'} 
 body={"results":[{"gender":"male","name":{"title":"Mr","first":"Reynaldo","last":"Mateo"},"location":{"street":{"number":6064,"name":"Corredor Beltrán"},"city":"El Sabino","state":"Nayarit","country":"Mexico","postcode":56973,"coordinates":{"latitude":"21.5913","longitude":"-121.0494"},"timezone":{"offset":"-3:30","description":"Newfoundland"}},"email":"reynaldo.mateo@example.com","login":{"uuid":"d8598488-55ed-44a9-bba2-eca098e6737e","username":"purpledog938","password":"reebok","salt":"vu42rPI8","md5":"f99ef693de1fcfc542f3bf24e1e42fb0","sha1":"121b6b2105fa316d85f84afda0f6f03d1642d1c5","sha256":"b0c066efef4a8bbc9b99a02ebc1969757b6ef190ee7d3ebcf948772cb42defe1"},"dob":{"date":"1989-01-19T23:27:38.217Z","age":35},"registered":{"date":"2015-08-29T10:15:53.771Z","age":8},"phone":"(665) 944 2488","cell":"(644) 769 1753","id":{"name":"NSS","value":"86 50 40 6790 2"},"picture":{"large":"https://randomuser.me/api/portraits/men/6.jpg","medium":"https://randomuser.me/api/portraits/med/men/6.jpg","thumbnail":"https://randomuser.me/api/portraits/thumb/men/6.jpg"},"nat":"MX"}],"info":{"seed":"c7ddbe3cfd3d4b26","results":1,"page":1,"version":"1.4"}} 
 </msg>
<msg time="2024-04-19T08:17:42.487603" level="INFO">/opt/hostedtoolcache/Python/3.12.3/x64/lib/python3.12/site-packages/urllib3/connectionpool.py:1103: InsecureRequestWarning: Unverified HTTPS request is being made to host 'randomuser.me'. Adding certificate verification is strongly advised. See: https://urllib3.readthedocs.io/en/latest/advanced-usage.html#tls-warnings
  warnings.warn(</msg>
<msg time="2024-04-19T08:17:42.487738" level="INFO">${response} = &lt;Response [200]&gt;</msg>
<var>${response}</var>
<arg>consultarAPI</arg>
<arg>/api</arg>
<doc>Sends a GET request on a previously created HTTP Session.</doc>
<status status="PASS" start="2024-04-19T08:17:42.340117" elapsed="0.147661"/>
</kw>
<kw name="Should Be Equal As Numbers" owner="BuiltIn">
<msg time="2024-04-19T08:17:42.488608" level="INFO">Argument types are:
&lt;class 'int'&gt;
&lt;class 'str'&gt;</msg>
<arg>${response.status_code}</arg>
<arg>200</arg>
<doc>Fails if objects are unequal after converting them to real numbers.</doc>
<status status="PASS" start="2024-04-19T08:17:42.488196" elapsed="0.000475"/>
</kw>
<kw name="Log" owner="BuiltIn">
<msg time="2024-04-19T08:17:42.489372" level="INFO">200</msg>
<arg>${response.status_code}</arg>
<doc>Logs the given message with the given level.</doc>
<status status="PASS" start="2024-04-19T08:17:42.489022" elapsed="0.000392"/>
</kw>
<kw name="Set Variable" owner="BuiltIn">
<msg time="2024-04-19T08:17:42.490168" level="INFO">${json_data} = {'results': [{'gender': 'male', 'name': {'title': 'Mr', 'first': 'Reynaldo', 'last': 'Mateo'}, 'location': {'street': {'number': 6064, 'name': 'Corredor Beltrán'}, 'city': 'El Sabino', 'state': 'Nayar...</msg>
<var>${json_data}</var>
<arg>${response.json()}</arg>
<doc>Returns the given values which can then be assigned to a variables.</doc>
<status status="PASS" start="2024-04-19T08:17:42.489715" elapsed="0.000481"/>
</kw>
<kw name="Dictionary Should Contain Key" owner="Collections">
<msg time="2024-04-19T08:17:42.490662" level="INFO">False</msg>
<arg>${json_data}</arg>
<arg>results</arg>
<doc>Fails if ``key`` is not found from ``dictionary``.</doc>
<status status="PASS" start="2024-04-19T08:17:42.490498" elapsed="0.000203"/>
</kw>
<status status="PASS" start="2024-04-19T08:17:42.339871" elapsed="0.151086"/>
</kw>
<doc>Testa se a API responde corretamente e retorna um objeto JSON válido.</doc>
<tag>testeRequisicaoBasica</tag>
<status status="PASS" start="2024-04-19T08:17:42.339430" elapsed="0.151730"/>
</test>
<test id="s1-s1-t3" name="Validar estrutura de resposta" line="22">
<kw name="Teste de Estrutura de Resposta" owner="random-user-service">
<kw name="GET On Session" owner="RequestsLibrary">
<msg time="2024-04-19T08:17:42.544211" level="INFO">GET Request : url=https://randomuser.me/api 
 path_url=/api 
 headers={'User-Agent': 'python-requests/2.31.0', 'Accept-Encoding': 'gzip, deflate', 'Accept': '*/*', 'Connection': 'keep-alive'} 
 body=None 
 </msg>
<msg time="2024-04-19T08:17:42.544302" level="INFO">GET Response : url=https://randomuser.me/api 
 status=200, reason=OK 
 headers={'Date': 'Fri, 19 Apr 2024 08:17:42 GMT', 'Content-Type': 'application/json; charset=utf-8', 'Transfer-Encoding': 'chunked', 'Connection': 'keep-alive', 'X-Powered-By': 'Express', 'Access-Control-Allow-Origin': '*', 'Cache-Control': 'no-cache', 'ETag': 'W/"490-OjRcWadFJ2/65NQLrFjU8aYnygA"', 'Vary': 'Accept-Encoding', 'Content-Encoding': 'gzip', 'CF-Cache-Status': 'DYNAMIC', 'Report-To': '{"endpoints":[{"url":"https:\\/\\/a.nel.cloudflare.com\\/report\\/v4?s=RrCwUEqsBj73xkMpvIbdUNJPOhL2ws53%2Fpa7qWSu4RK%2BT9IwmfTstErEqx%2FYA7Z3D%2FXwrRJCxlKRuf05JBT047ImRE8nqGgFBcsfuYCAkAml8e%2F3jK75iQNVEL0PU9JO"}],"group":"cf-nel","max_age":604800}', 'NEL': '{"success_fraction":0,"report_to":"cf-nel","max_age":604800}', 'Server': 'cloudflare', 'CF-RAY': '876b75b09e6f89f9-ORD', 'alt-svc': 'h3=":443"; ma=86400'} 
 body={"results":[{"gender":"female","name":{"title":"Mrs","first":"Carla","last":"Gamboa"},"location":{"street":{"number":153,"name":"Calzada Myanmar"},"city":"Temoris","state":"Chiapas","country":"Mexico","postcode":52328,"coordinates":{"latitude":"28.6071","longitude":"127.3547"},"timezone":{"offset":"-8:00","description":"Pacific Time (US &amp; Canada)"}},"email":"carla.gamboa@example.com","login":{"uuid":"255204d2-7b4a-4a0c-ab53-6bb4762e8ab4","username":"browngoose761","password":"engine","salt":"SsOOaXAS","md5":"b31a3066f3d3c79ec8356289b1b0f3b2","sha1":"9a4d423d3ff084413a0dc18ffca18f35464e8b14","sha256":"c6ee1522f37bbec09b5bd24542a603c06ca2e4214e4ef68ade3dff8341c819de"},"dob":{"date":"1985-04-14T11:41:03.449Z","age":39},"registered":{"date":"2008-03-30T22:45:19.226Z","age":16},"phone":"(631) 856 7214","cell":"(630) 308 0579","id":{"name":"NSS","value":"66 02 40 2942 6"},"picture":{"large":"https://randomuser.me/api/portraits/women/47.jpg","medium":"https://randomuser.me/api/portraits/med/women/47.jpg","thumbnail":"https://randomuser.me/api/portraits/thumb/women/47.jpg"},"nat":"MX"}],"info":{"seed":"eef22e042c7d2651","results":1,"page":1,"version":"1.4"}} 
 </msg>
<msg time="2024-04-19T08:17:42.544442" level="INFO">/opt/hostedtoolcache/Python/3.12.3/x64/lib/python3.12/site-packages/urllib3/connectionpool.py:1103: InsecureRequestWarning: Unverified HTTPS request is being made to host 'randomuser.me'. Adding certificate verification is strongly advised. See: https://urllib3.readthedocs.io/en/latest/advanced-usage.html#tls-warnings
  warnings.warn(</msg>
<msg time="2024-04-19T08:17:42.544572" level="INFO">${response} = &lt;Response [200]&gt;</msg>
<var>${response}</var>
<arg>consultarAPI</arg>
<arg>/api</arg>
<doc>Sends a GET request on a previously created HTTP Session.</doc>
<status status="PASS" start="2024-04-19T08:17:42.493675" elapsed="0.050937"/>
</kw>
<kw name="Set Variable" owner="BuiltIn">
<msg time="2024-04-19T08:17:42.545836" level="INFO">${json_data} = {'results': [{'gender': 'female', 'name': {'title': 'Mrs', 'first': 'Carla', 'last': 'Gamboa'}, 'location': {'street': {'number': 153, 'name': 'Calzada Myanmar'}, 'city': 'Temoris', 'state': 'Chiapas'...</msg>
<var>${json_data}</var>
<arg>${response.json()}</arg>
<doc>Returns the given values which can then be assigned to a variables.</doc>
<status status="PASS" start="2024-04-19T08:17:42.545110" elapsed="0.000774"/>
</kw>
<kw name="Log" owner="BuiltIn">
<msg time="2024-04-19T08:17:42.546567" level="INFO">{'results': [{'gender': 'female', 'name': {'title': 'Mrs', 'first': 'Carla', 'last': 'Gamboa'}, 'location': {'street': {'number': 153, 'name': 'Calzada Myanmar'}, 'city': 'Temoris', 'state': 'Chiapas', 'country': 'Mexico', 'postcode': 52328, 'coordinates': {'latitude': '28.6071', 'longitude': '127.3547'}, 'timezone': {'offset': '-8:00', 'description': 'Pacific Time (US &amp; Canada)'}}, 'email': 'carla.gamboa@example.com', 'login': {'uuid': '255204d2-7b4a-4a0c-ab53-6bb4762e8ab4', 'username': 'browngoose761', 'password': 'engine', 'salt': 'SsOOaXAS', 'md5': 'b31a3066f3d3c79ec8356289b1b0f3b2', 'sha1': '9a4d423d3ff084413a0dc18ffca18f35464e8b14', 'sha256': 'c6ee1522f37bbec09b5bd24542a603c06ca2e4214e4ef68ade3dff8341c819de'}, 'dob': {'date': '1985-04-14T11:41:03.449Z', 'age': 39}, 'registered': {'date': '2008-03-30T22:45:19.226Z', 'age': 16}, 'phone': '(631) 856 7214', 'cell': '(630) 308 0579', 'id': {'name': 'NSS', 'value': '66 02 40 2942 6'}, 'picture': {'large': 'https://randomuser.me/api/portraits/women/47.jpg', 'medium': 'https://randomuser.me/api/portraits/med/women/47.jpg', 'thumbnail': 'https://randomuser.me/api/portraits/thumb/women/47.jpg'}, 'nat': 'MX'}], 'info': {'seed': 'eef22e042c7d2651', 'results': 1, 'page': 1, 'version': '1.4'}}</msg>
<arg>${json_data}</arg>
<doc>Logs the given message with the given level.</doc>
<status status="PASS" start="2024-04-19T08:17:42.546322" elapsed="0.000337"/>
</kw>
<kw name="Dictionary Should Contain Key" owner="Collections">
<msg time="2024-04-19T08:17:42.547411" level="INFO">False</msg>
<arg>${json_data}</arg>
<arg>results</arg>
<doc>Fails if ``key`` is not found from ``dictionary``.</doc>
<status status="PASS" start="2024-04-19T08:17:42.547156" elapsed="0.000315"/>
</kw>
<kw name="Should Not Be Empty" owner="BuiltIn">
<msg time="2024-04-19T08:17:42.548101" level="INFO">Length is 2.</msg>
<arg>${json_data}</arg>
<doc>Verifies that the given item is not empty.</doc>
<status status="PASS" start="2024-04-19T08:17:42.547897" elapsed="0.000273"/>
</kw>
<kw name="Create List" owner="BuiltIn">
<msg time="2024-04-19T08:17:42.549044" level="INFO">${expected_keys} = ['gender', 'name', 'location', 'email', 'login']</msg>
<var>${expected_keys}</var>
<arg>gender</arg>
<arg>name</arg>
<arg>location</arg>
<arg>email</arg>
<arg>login</arg>
<doc>Returns a list containing given items.</doc>
<status status="PASS" start="2024-04-19T08:17:42.548625" elapsed="0.000459"/>
</kw>
<for flavor="IN">
<iter>
<kw name="Dictionary Should Contain Key" owner="Collections">
<msg time="2024-04-19T08:17:42.550606" level="INFO">False</msg>
<arg>${json_data['results'][0]}</arg>
<arg>${key}</arg>
<doc>Fails if ``key`` is not found from ``dictionary``.</doc>
<status status="PASS" start="2024-04-19T08:17:42.549929" elapsed="0.000736"/>
</kw>
<kw name="Log" owner="BuiltIn">
<msg time="2024-04-19T08:17:42.551732" level="INFO">{'gender': 'female', 'name': {'title': 'Mrs', 'first': 'Carla', 'last': 'Gamboa'}, 'location': {'street': {'number': 153, 'name': 'Calzada Myanmar'}, 'city': 'Temoris', 'state': 'Chiapas', 'country': 'Mexico', 'postcode': 52328, 'coordinates': {'latitude': '28.6071', 'longitude': '127.3547'}, 'timezone': {'offset': '-8:00', 'description': 'Pacific Time (US &amp; Canada)'}}, 'email': 'carla.gamboa@example.com', 'login': {'uuid': '255204d2-7b4a-4a0c-ab53-6bb4762e8ab4', 'username': 'browngoose761', 'password': 'engine', 'salt': 'SsOOaXAS', 'md5': 'b31a3066f3d3c79ec8356289b1b0f3b2', 'sha1': '9a4d423d3ff084413a0dc18ffca18f35464e8b14', 'sha256': 'c6ee1522f37bbec09b5bd24542a603c06ca2e4214e4ef68ade3dff8341c819de'}, 'dob': {'date': '1985-04-14T11:41:03.449Z', 'age': 39}, 'registered': {'date': '2008-03-30T22:45:19.226Z', 'age': 16}, 'phone': '(631) 856 7214', 'cell': '(630) 308 0579', 'id': {'name': 'NSS', 'value': '66 02 40 2942 6'}, 'picture': {'large': 'https://randomuser.me/api/portraits/women/47.jpg', 'medium': 'https://randomuser.me/api/portraits/med/women/47.jpg', 'thumbnail': 'https://randomuser.me/api/portraits/thumb/women/47.jpg'}, 'nat': 'MX'}</msg>
<arg>${json_data['results'][0]}</arg>
<doc>Logs the given message with the given level.</doc>
<status status="PASS" start="2024-04-19T08:17:42.551128" elapsed="0.000694"/>
</kw>
<kw name="Log" owner="BuiltIn">
<msg time="2024-04-19T08:17:42.552512" level="INFO">gender</msg>
<arg>${key}</arg>
<doc>Logs the given message with the given level.</doc>
<status status="PASS" start="2024-04-19T08:17:42.552297" elapsed="0.000286"/>
</kw>
<var name="${key}">gender</var>
<status status="PASS" start="2024-04-19T08:17:42.549736" elapsed="0.003198"/>
</iter>
<iter>
<kw name="Dictionary Should Contain Key" owner="Collections">
<msg time="2024-04-19T08:17:42.554063" level="INFO">False</msg>
<arg>${json_data['results'][0]}</arg>
<arg>${key}</arg>
<doc>Fails if ``key`` is not found from ``dictionary``.</doc>
<status status="PASS" start="2024-04-19T08:17:42.553431" elapsed="0.000700"/>
</kw>
<kw name="Log" owner="BuiltIn">
<msg time="2024-04-19T08:17:42.555264" level="INFO">{'gender': 'female', 'name': {'title': 'Mrs', 'first': 'Carla', 'last': 'Gamboa'}, 'location': {'street': {'number': 153, 'name': 'Calzada Myanmar'}, 'city': 'Temoris', 'state': 'Chiapas', 'country': 'Mexico', 'postcode': 52328, 'coordinates': {'latitude': '28.6071', 'longitude': '127.3547'}, 'timezone': {'offset': '-8:00', 'description': 'Pacific Time (US &amp; Canada)'}}, 'email': 'carla.gamboa@example.com', 'login': {'uuid': '255204d2-7b4a-4a0c-ab53-6bb4762e8ab4', 'username': 'browngoose761', 'password': 'engine', 'salt': 'SsOOaXAS', 'md5': 'b31a3066f3d3c79ec8356289b1b0f3b2', 'sha1': '9a4d423d3ff084413a0dc18ffca18f35464e8b14', 'sha256': 'c6ee1522f37bbec09b5bd24542a603c06ca2e4214e4ef68ade3dff8341c819de'}, 'dob': {'date': '1985-04-14T11:41:03.449Z', 'age': 39}, 'registered': {'date': '2008-03-30T22:45:19.226Z', 'age': 16}, 'phone': '(631) 856 7214', 'cell': '(630) 308 0579', 'id': {'name': 'NSS', 'value': '66 02 40 2942 6'}, 'picture': {'large': 'https://randomuser.me/api/portraits/women/47.jpg', 'medium': 'https://randomuser.me/api/portraits/med/women/47.jpg', 'thumbnail': 'https://randomuser.me/api/portraits/thumb/women/47.jpg'}, 'nat': 'MX'}</msg>
<arg>${json_data['results'][0]}</arg>
<doc>Logs the given message with the given level.</doc>
<status status="PASS" start="2024-04-19T08:17:42.554624" elapsed="0.000723"/>
</kw>
<kw name="Log" owner="BuiltIn">
<msg time="2024-04-19T08:17:42.556039" level="INFO">name</msg>
<arg>${key}</arg>
<doc>Logs the given message with the given level.</doc>
<status status="PASS" start="2024-04-19T08:17:42.555847" elapsed="0.000256"/>
</kw>
<var name="${key}">name</var>
<status status="PASS" start="2024-04-19T08:17:42.553250" elapsed="0.003182"/>
</iter>
<iter>
<kw name="Dictionary Should Contain Key" owner="Collections">
<msg time="2024-04-19T08:17:42.557559" level="INFO">False</msg>
<arg>${json_data['results'][0]}</arg>
<arg>${key}</arg>
<doc>Fails if ``key`` is not found from ``dictionary``.</doc>
<status status="PASS" start="2024-04-19T08:17:42.556906" elapsed="0.000716"/>
</kw>
<kw name="Log" owner="BuiltIn">
<msg time="2024-04-19T08:17:42.558743" level="INFO">{'gender': 'female', 'name': {'title': 'Mrs', 'first': 'Carla', 'last': 'Gamboa'}, 'location': {'street': {'number': 153, 'name': 'Calzada Myanmar'}, 'city': 'Temoris', 'state': 'Chiapas', 'country': 'Mexico', 'postcode': 52328, 'coordinates': {'latitude': '28.6071', 'longitude': '127.3547'}, 'timezone': {'offset': '-8:00', 'description': 'Pacific Time (US &amp; Canada)'}}, 'email': 'carla.gamboa@example.com', 'login': {'uuid': '255204d2-7b4a-4a0c-ab53-6bb4762e8ab4', 'username': 'browngoose761', 'password': 'engine', 'salt': 'SsOOaXAS', 'md5': 'b31a3066f3d3c79ec8356289b1b0f3b2', 'sha1': '9a4d423d3ff084413a0dc18ffca18f35464e8b14', 'sha256': 'c6ee1522f37bbec09b5bd24542a603c06ca2e4214e4ef68ade3dff8341c819de'}, 'dob': {'date': '1985-04-14T11:41:03.449Z', 'age': 39}, 'registered': {'date': '2008-03-30T22:45:19.226Z', 'age': 16}, 'phone': '(631) 856 7214', 'cell': '(630) 308 0579', 'id': {'name': 'NSS', 'value': '66 02 40 2942 6'}, 'picture': {'large': 'https://randomuser.me/api/portraits/women/47.jpg', 'medium': 'https://randomuser.me/api/portraits/med/women/47.jpg', 'thumbnail': 'https://randomuser.me/api/portraits/thumb/women/47.jpg'}, 'nat': 'MX'}</msg>
<arg>${json_data['results'][0]}</arg>
<doc>Logs the given message with the given level.</doc>
<status status="PASS" start="2024-04-19T08:17:42.558107" elapsed="0.000723"/>
</kw>
<kw name="Log" owner="BuiltIn">
<msg time="2024-04-19T08:17:42.559540" level="INFO">location</msg>
<arg>${key}</arg>
<doc>Logs the given message with the given level.</doc>
<status status="PASS" start="2024-04-19T08:17:42.559337" elapsed="0.000267"/>
</kw>
<var name="${key}">location</var>
<status status="PASS" start="2024-04-19T08:17:42.556707" elapsed="0.003220"/>
</iter>
<iter>
<kw name="Dictionary Should Contain Key" owner="Collections">
<msg time="2024-04-19T08:17:42.560920" level="INFO">False</msg>
<arg>${json_data['results'][0]}</arg>
<arg>${key}</arg>
<doc>Fails if ``key`` is not found from ``dictionary``.</doc>
<status status="PASS" start="2024-04-19T08:17:42.560344" elapsed="0.000633"/>
</kw>
<kw name="Log" owner="BuiltIn">
<msg time="2024-04-19T08:17:42.561978" level="INFO">{'gender': 'female', 'name': {'title': 'Mrs', 'first': 'Carla', 'last': 'Gamboa'}, 'location': {'street': {'number': 153, 'name': 'Calzada Myanmar'}, 'city': 'Temoris', 'state': 'Chiapas', 'country': 'Mexico', 'postcode': 52328, 'coordinates': {'latitude': '28.6071', 'longitude': '127.3547'}, 'timezone': {'offset': '-8:00', 'description': 'Pacific Time (US &amp; Canada)'}}, 'email': 'carla.gamboa@example.com', 'login': {'uuid': '255204d2-7b4a-4a0c-ab53-6bb4762e8ab4', 'username': 'browngoose761', 'password': 'engine', 'salt': 'SsOOaXAS', 'md5': 'b31a3066f3d3c79ec8356289b1b0f3b2', 'sha1': '9a4d423d3ff084413a0dc18ffca18f35464e8b14', 'sha256': 'c6ee1522f37bbec09b5bd24542a603c06ca2e4214e4ef68ade3dff8341c819de'}, 'dob': {'date': '1985-04-14T11:41:03.449Z', 'age': 39}, 'registered': {'date': '2008-03-30T22:45:19.226Z', 'age': 16}, 'phone': '(631) 856 7214', 'cell': '(630) 308 0579', 'id': {'name': 'NSS', 'value': '66 02 40 2942 6'}, 'picture': {'large': 'https://randomuser.me/api/portraits/women/47.jpg', 'medium': 'https://randomuser.me/api/portraits/med/women/47.jpg', 'thumbnail': 'https://randomuser.me/api/portraits/thumb/women/47.jpg'}, 'nat': 'MX'}</msg>
<arg>${json_data['results'][0]}</arg>
<doc>Logs the given message with the given level.</doc>
<status status="PASS" start="2024-04-19T08:17:42.561400" elapsed="0.000671"/>
</kw>
<kw name="Log" owner="BuiltIn">
<msg time="2024-04-19T08:17:42.562734" level="INFO">email</msg>
<arg>${key}</arg>
<doc>Logs the given message with the given level.</doc>
<status status="PASS" start="2024-04-19T08:17:42.562534" elapsed="0.000271"/>
</kw>
<var name="${key}">email</var>
<status status="PASS" start="2024-04-19T08:17:42.560172" elapsed="0.003002"/>
</iter>
<iter>
<kw name="Dictionary Should Contain Key" owner="Collections">
<msg time="2024-04-19T08:17:42.564247" level="INFO">False</msg>
<arg>${json_data['results'][0]}</arg>
<arg>${key}</arg>
<doc>Fails if ``key`` is not found from ``dictionary``.</doc>
<status status="PASS" start="2024-04-19T08:17:42.563611" elapsed="0.000697"/>
</kw>
<kw name="Log" owner="BuiltIn">
<msg time="2024-04-19T08:17:42.565392" level="INFO">{'gender': 'female', 'name': {'title': 'Mrs', 'first': 'Carla', 'last': 'Gamboa'}, 'location': {'street': {'number': 153, 'name': 'Calzada Myanmar'}, 'city': 'Temoris', 'state': 'Chiapas', 'country': 'Mexico', 'postcode': 52328, 'coordinates': {'latitude': '28.6071', 'longitude': '127.3547'}, 'timezone': {'offset': '-8:00', 'description': 'Pacific Time (US &amp; Canada)'}}, 'email': 'carla.gamboa@example.com', 'login': {'uuid': '255204d2-7b4a-4a0c-ab53-6bb4762e8ab4', 'username': 'browngoose761', 'password': 'engine', 'salt': 'SsOOaXAS', 'md5': 'b31a3066f3d3c79ec8356289b1b0f3b2', 'sha1': '9a4d423d3ff084413a0dc18ffca18f35464e8b14', 'sha256': 'c6ee1522f37bbec09b5bd24542a603c06ca2e4214e4ef68ade3dff8341c819de'}, 'dob': {'date': '1985-04-14T11:41:03.449Z', 'age': 39}, 'registered': {'date': '2008-03-30T22:45:19.226Z', 'age': 16}, 'phone': '(631) 856 7214', 'cell': '(630) 308 0579', 'id': {'name': 'NSS', 'value': '66 02 40 2942 6'}, 'picture': {'large': 'https://randomuser.me/api/portraits/women/47.jpg', 'medium': 'https://randomuser.me/api/portraits/med/women/47.jpg', 'thumbnail': 'https://randomuser.me/api/portraits/thumb/women/47.jpg'}, 'nat': 'MX'}</msg>
<arg>${json_data['results'][0]}</arg>
<doc>Logs the given message with the given level.</doc>
<status status="PASS" start="2024-04-19T08:17:42.564780" elapsed="0.000702"/>
</kw>
<kw name="Log" owner="BuiltIn">
<msg time="2024-04-19T08:17:42.566145" level="INFO">login</msg>
<arg>${key}</arg>
<doc>Logs the given message with the given level.</doc>
<status status="PASS" start="2024-04-19T08:17:42.565938" elapsed="0.000277"/>
</kw>
<var name="${key}">login</var>
<status status="PASS" start="2024-04-19T08:17:42.563436" elapsed="0.003178"/>
</iter>
<var>${key}</var>
<value>@{expected_keys}</value>
<status status="PASS" start="2024-04-19T08:17:42.549459" elapsed="0.017376"/>
</for>
<kw name="Create List" owner="BuiltIn">
<msg time="2024-04-19T08:17:42.567432" level="INFO">${expected_keysTwo} = ['username', 'password']</msg>
<var>${expected_keysTwo}</var>
<arg>username</arg>
<arg>password</arg>
<doc>Returns a list containing given items.</doc>
<status status="PASS" start="2024-04-19T08:17:42.567216" elapsed="0.000255"/>
</kw>
<for flavor="IN">
<iter>
<kw name="Dictionary Should Contain Key" owner="Collections">
<msg time="2024-04-19T08:17:42.568799" level="INFO">False</msg>
<arg>${json_data['results'][0]['login']}</arg>
<arg>${keyTwo}</arg>
<doc>Fails if ``key`` is not found from ``dictionary``.</doc>
<status status="PASS" start="2024-04-19T08:17:42.568197" elapsed="0.000658"/>
</kw>
<kw name="Dictionary Should Contain Key" owner="Collections">
<msg time="2024-04-19T08:17:42.569961" level="INFO">False</msg>
<arg>${json_data['results'][0]['login']}</arg>
<arg>${keyTwo}</arg>
<doc>Fails if ``key`` is not found from ``dictionary``.</doc>
<status status="PASS" start="2024-04-19T08:17:42.569304" elapsed="0.000714"/>
</kw>
<kw name="Log" owner="BuiltIn">
<msg time="2024-04-19T08:17:42.570638" level="INFO">username</msg>
<arg>${keyTwo}</arg>
<doc>Logs the given message with the given level.</doc>
<status status="PASS" start="2024-04-19T08:17:42.570448" elapsed="0.000257"/>
</kw>
<var name="${keyTwo}">username</var>
<status status="PASS" start="2024-04-19T08:17:42.568031" elapsed="0.003054"/>
</iter>
<iter>
<kw name="Dictionary Should Contain Key" owner="Collections">
<msg time="2024-04-19T08:17:42.572197" level="INFO">False</msg>
<arg>${json_data['results'][0]['login']}</arg>
<arg>${keyTwo}</arg>
<doc>Fails if ``key`` is not found from ``dictionary``.</doc>
<status status="PASS" start="2024-04-19T08:17:42.571573" elapsed="0.000697"/>
</kw>
<kw name="Dictionary Should Contain Key" owner="Collections">
<msg time="2024-04-19T08:17:42.573467" level="INFO">False</msg>
<arg>${json_data['results'][0]['login']}</arg>
<arg>${keyTwo}</arg>
<doc>Fails if ``key`` is not found from ``dictionary``.</doc>
<status status="PASS" start="2024-04-19T08:17:42.572724" elapsed="0.000815"/>
</kw>
<kw name="Log" owner="BuiltIn">
<msg time="2024-04-19T08:17:42.574262" level="INFO">password</msg>
<arg>${keyTwo}</arg>
<doc>Logs the given message with the given level.</doc>
<status status="PASS" start="2024-04-19T08:17:42.574024" elapsed="0.000310"/>
</kw>
<var name="${keyTwo}">password</var>
<status status="PASS" start="2024-04-19T08:17:42.571388" elapsed="0.003321"/>
</iter>
<var>${keyTwo}</var>
<value>@{expected_keysTwo}</value>
<status status="PASS" start="2024-04-19T08:17:42.567809" elapsed="0.007097"/>
</for>
<status status="PASS" start="2024-04-19T08:17:42.493445" elapsed="0.081709"/>
</kw>
<doc>Testa a estrutura da resposta da API.</doc>
<tag>testeEstruturaResposta</tag>
<status status="PASS" start="2024-04-19T08:17:42.492970" elapsed="0.082415"/>
</test>
<test id="s1-s1-t4" name="Validar tipos de dados" line="28">
<kw name="Teste de Tipos de Dados" owner="random-user-service">
<kw name="GET On Session" owner="RequestsLibrary">
<msg time="2024-04-19T08:17:42.647405" level="INFO">GET Request : url=https://randomuser.me/api 
 path_url=/api 
 headers={'User-Agent': 'python-requests/2.31.0', 'Accept-Encoding': 'gzip, deflate', 'Accept': '*/*', 'Connection': 'keep-alive'} 
 body=None 
 </msg>
<msg time="2024-04-19T08:17:42.647482" level="INFO">GET Response : url=https://randomuser.me/api 
 status=200, reason=OK 
 headers={'Date': 'Fri, 19 Apr 2024 08:17:42 GMT', 'Content-Type': 'application/json; charset=utf-8', 'Transfer-Encoding': 'chunked', 'Connection': 'keep-alive', 'X-Powered-By': 'Express', 'Access-Control-Allow-Origin': '*', 'Cache-Control': 'no-cache', 'ETag': 'W/"495-CFLFNCu4Q7cpGDnMKFGEkTyI1mA"', 'Vary': 'Accept-Encoding', 'Content-Encoding': 'gzip', 'CF-Cache-Status': 'DYNAMIC', 'Report-To': '{"endpoints":[{"url":"https:\\/\\/a.nel.cloudflare.com\\/report\\/v4?s=NbPME7Ce5jTLGNlAqpTXuePQvivwSQB8OFHFaRdkvelXJX16oRmE%2Bu4zpHvmDK7sHwzIz2rrioYXS3aPzmYBKeXHIRL82133G4QYkn56qniQ9tw1RivlxuPa597nkemA"}],"group":"cf-nel","max_age":604800}', 'NEL': '{"success_fraction":0,"report_to":"cf-nel","max_age":604800}', 'Server': 'cloudflare', 'CF-RAY': '876b75b12ed789f9-ORD', 'alt-svc': 'h3=":443"; ma=86400'} 
 body={"results":[{"gender":"female","name":{"title":"Miss","first":"Isobel","last":"Kumar"},"location":{"street":{"number":1982,"name":"Queen Elizabeth Ii Drive"},"city":"Blenheim","state":"Manawatu-Wanganui","country":"New Zealand","postcode":92700,"coordinates":{"latitude":"48.3358","longitude":"88.9560"},"timezone":{"offset":"-1:00","description":"Azores, Cape Verde Islands"}},"email":"isobel.kumar@example.com","login":{"uuid":"76263b05-ef2a-408d-ab62-402a0bef7bc4","username":"blackfish150","password":"gilles","salt":"0jPdG1AT","md5":"d664335217b938dd8f37599afc74eaf8","sha1":"dfd24a346464e8b7802627c919d7916fd16662a2","sha256":"705342cfe44f44b519430fb0a3b48d95d6b1a992fbbf722d02c7b0b9aa05c46c"},"dob":{"date":"1953-04-15T16:48:55.220Z","age":71},"registered":{"date":"2014-11-16T14:05:50.912Z","age":9},"phone":"(799)-478-2931","cell":"(548)-268-1775","id":{"name":"","value":null},"picture":{"large":"https://randomuser.me/api/portraits/women/5.jpg","medium":"https://randomuser.me/api/portraits/med/women/5.jpg","thumbnail":"https://randomuser.me/api/portraits/thumb/women/5.jpg"},"nat":"NZ"}],"info":{"seed":"912e9d537eecd305","results":1,"page":1,"version":"1.4"}} 
 </msg>
<msg time="2024-04-19T08:17:42.647553" level="INFO">/opt/hostedtoolcache/Python/3.12.3/x64/lib/python3.12/site-packages/urllib3/connectionpool.py:1103: InsecureRequestWarning: Unverified HTTPS request is being made to host 'randomuser.me'. Adding certificate verification is strongly advised. See: https://urllib3.readthedocs.io/en/latest/advanced-usage.html#tls-warnings
  warnings.warn(</msg>
<msg time="2024-04-19T08:17:42.647656" level="INFO">${response} = &lt;Response [200]&gt;</msg>
<var>${response}</var>
<arg>consultarAPI</arg>
<arg>/api</arg>
<doc>Sends a GET request on a previously created HTTP Session.</doc>
<status status="PASS" start="2024-04-19T08:17:42.579622" elapsed="0.068067"/>
</kw>
<kw name="Set Variable" owner="BuiltIn">
<msg time="2024-04-19T08:17:42.648531" level="INFO">${json_data} = {'results': [{'gender': 'female', 'name': {'title': 'Miss', 'first': 'Isobel', 'last': 'Kumar'}, 'location': {'street': {'number': 1982, 'name': 'Queen Elizabeth Ii Drive'}, 'city': 'Blenheim', 'state...</msg>
<var>${json_data}</var>
<arg>${response.json()}</arg>
<doc>Returns the given values which can then be assigned to a variables.</doc>
<status status="PASS" start="2024-04-19T08:17:42.648067" elapsed="0.000492"/>
</kw>
<kw name="Log" owner="BuiltIn">
<msg time="2024-04-19T08:17:42.649043" level="INFO">{'results': [{'gender': 'female', 'name': {'title': 'Miss', 'first': 'Isobel', 'last': 'Kumar'}, 'location': {'street': {'number': 1982, 'name': 'Queen Elizabeth Ii Drive'}, 'city': 'Blenheim', 'state': 'Manawatu-Wanganui', 'country': 'New Zealand', 'postcode': 92700, 'coordinates': {'latitude': '48.3358', 'longitude': '88.9560'}, 'timezone': {'offset': '-1:00', 'description': 'Azores, Cape Verde Islands'}}, 'email': 'isobel.kumar@example.com', 'login': {'uuid': '76263b05-ef2a-408d-ab62-402a0bef7bc4', 'username': 'blackfish150', 'password': 'gilles', 'salt': '0jPdG1AT', 'md5': 'd664335217b938dd8f37599afc74eaf8', 'sha1': 'dfd24a346464e8b7802627c919d7916fd16662a2', 'sha256': '705342cfe44f44b519430fb0a3b48d95d6b1a992fbbf722d02c7b0b9aa05c46c'}, 'dob': {'date': '1953-04-15T16:48:55.220Z', 'age': 71}, 'registered': {'date': '2014-11-16T14:05:50.912Z', 'age': 9}, 'phone': '(799)-478-2931', 'cell': '(548)-268-1775', 'id': {'name': '', 'value': None}, 'picture': {'large': 'https://randomuser.me/api/portraits/women/5.jpg', 'medium': 'https://randomuser.me/api/portraits/med/women/5.jpg', 'thumbnail': 'https://randomuser.me/api/portraits/thumb/women/5.jpg'}, 'nat': 'NZ'}], 'info': {'seed': '912e9d537eecd305', 'results': 1, 'page': 1, 'version': '1.4'}}</msg>
<arg>${json_data}</arg>
<doc>Logs the given message with the given level.</doc>
<status status="PASS" start="2024-04-19T08:17:42.648863" elapsed="0.000264"/>
</kw>
<kw name="Should Be String" owner="String">
<arg>${json_data['results'][0]['gender']}</arg>
<doc>Fails if the given ``item`` is not a string.</doc>
<status status="PASS" start="2024-04-19T08:17:42.649432" elapsed="0.000378"/>
</kw>
<kw name="Should Match Regexp" owner="BuiltIn">
<arg>${json_data['results'][0]['email']}</arg>
<arg>^[a-zA-Z0-9._%+-]+@[a-zA-Z0-9.-]+\.[a-zA-Z]{2,}$</arg>
<doc>Fails if ``string`` does not match ``pattern`` as a regular expression.</doc>
<status status="PASS" start="2024-04-19T08:17:42.650005" elapsed="0.000519"/>
</kw>
<kw name="Should Match Regexp" owner="BuiltIn">
<arg>${json_data['results'][0]['dob']['date']}</arg>
<arg>\\d{4}-\\d{2}-\\d{2}T\\d{2}:\\d{2}:\\d{2}\\.\\d{3}Z</arg>
<doc>Fails if ``string`` does not match ``pattern`` as a regular expression.</doc>
<status status="PASS" start="2024-04-19T08:17:42.650722" elapsed="0.000526"/>
</kw>
<kw name="Should Match Regexp" owner="BuiltIn">
<arg>${json_data['results'][0]['registered']['date']}</arg>
<arg>\\d{4}-\\d{2}-\\d{2}T\\d{2}:\\d{2}:\\d{2}\\.\\d{3}Z</arg>
<doc>Fails if ``string`` does not match ``pattern`` as a regular expression.</doc>
<status status="PASS" start="2024-04-19T08:17:42.651444" elapsed="0.000375"/>
</kw>
<kw name="Should Match Regexp" owner="BuiltIn">
<arg>${json_data['results'][0]['picture']['large']}</arg>
<arg>^https?://.*\.(?:png|jpe?g|gif|bmp)$</arg>
<doc>Fails if ``string`` does not match ``pattern`` as a regular expression.</doc>
<status status="PASS" start="2024-04-19T08:17:42.652006" elapsed="0.000455"/>
</kw>
<kw name="Should Match Regexp" owner="BuiltIn">
<arg>${json_data['results'][0]['picture']['medium']}</arg>
<arg>^https?://.*\.(?:png|jpe?g|gif|bmp)$</arg>
<doc>Fails if ``string`` does not match ``pattern`` as a regular expression.</doc>
<status status="PASS" start="2024-04-19T08:17:42.652648" elapsed="0.000347"/>
</kw>
<kw name="Should Match Regexp" owner="BuiltIn">
<arg>${json_data['results'][0]['picture']['thumbnail']}</arg>
<arg>^https?://.*\.(?:png|jpe?g|gif|bmp)$</arg>
<doc>Fails if ``string`` does not match ``pattern`` as a regular expression.</doc>
<status status="PASS" start="2024-04-19T08:17:42.653182" elapsed="0.000353"/>
</kw>
<kw name="Log" owner="BuiltIn">
<msg time="2024-04-19T08:17:42.654036" level="INFO">{'large': 'https://randomuser.me/api/portraits/women/5.jpg', 'medium': 'https://randomuser.me/api/portraits/med/women/5.jpg', 'thumbnail': 'https://randomuser.me/api/portraits/thumb/women/5.jpg'}</msg>
<arg>${json_data['results'][0]['picture']}</arg>
<doc>Logs the given message with the given level.</doc>
<status status="PASS" start="2024-04-19T08:17:42.653714" elapsed="0.000364"/>
</kw>
<status status="PASS" start="2024-04-19T08:17:42.579245" elapsed="0.075080"/>
</kw>
<kw name="Teste de Tipos de Dados - Postcode" owner="random-user-service">
<kw name="GET On Session" owner="RequestsLibrary">
<msg time="2024-04-19T08:17:42.743466" level="INFO">GET Request : url=https://randomuser.me/api 
 path_url=/api 
 headers={'User-Agent': 'python-requests/2.31.0', 'Accept-Encoding': 'gzip, deflate', 'Accept': '*/*', 'Connection': 'keep-alive'} 
 body=None 
 </msg>
<msg time="2024-04-19T08:17:42.743542" level="INFO">GET Response : url=https://randomuser.me/api 
 status=200, reason=OK 
 headers={'Date': 'Fri, 19 Apr 2024 08:17:42 GMT', 'Content-Type': 'application/json; charset=utf-8', 'Transfer-Encoding': 'chunked', 'Connection': 'keep-alive', 'X-Powered-By': 'Express', 'Access-Control-Allow-Origin': '*', 'Cache-Control': 'no-cache', 'ETag': 'W/"4ab-5TmoonpLGiW3ksEtsjoEcioJgWI"', 'Vary': 'Accept-Encoding', 'Content-Encoding': 'gzip', 'CF-Cache-Status': 'DYNAMIC', 'Report-To': '{"endpoints":[{"url":"https:\\/\\/a.nel.cloudflare.com\\/report\\/v4?s=Efj4DzaMf9FOD4g8e%2BFI%2BZN44B76W%2FsHreB%2FogRznvvGMGfLkaLpAgm3HTnprUBs98F9G56eOcfuYCDpI7k9JLhNsmbyfGUXiKF42fUr9RIZxAcB8%2BDHq%2BEYhAD5b2aW"}],"group":"cf-nel","max_age":604800}', 'NEL': '{"success_fraction":0,"report_to":"cf-nel","max_age":604800}', 'Server': 'cloudflare', 'CF-RAY': '876b75b19f3289f9-ORD', 'alt-svc': 'h3=":443"; ma=86400'} 
 body={"results":[{"gender":"female","name":{"title":"Madame","first":"Aurora","last":"Bertrand"},"location":{"street":{"number":6330,"name":"Rue de la Gare"},"city":"Massonnens","state":"Ticino","country":"Switzerland","postcode":7810,"coordinates":{"latitude":"-60.2205","longitude":"34.4202"},"timezone":{"offset":"-3:00","description":"Brazil, Buenos Aires, Georgetown"}},"email":"aurora.bertrand@example.com","login":{"uuid":"10a5aa8c-7380-4651-a870-986bd9c5d56a","username":"beautifulmeercat593","password":"houston1","salt":"lHbAuhOH","md5":"23761784d246c621f4e8231abb18e096","sha1":"e284995ae988a00fe7b9a99832afa5708b46cf15","sha256":"fb7110c1011ae7fed1b04513543417a93c1142fd837c0bb283a81d34b9b00efc"},"dob":{"date":"1966-06-15T22:53:05.008Z","age":57},"registered":{"date":"2017-02-04T12:41:06.564Z","age":7},"phone":"076 833 68 73","cell":"078 378 10 69","id":{"name":"AVS","value":"756.1361.1583.36"},"picture":{"large":"https://randomuser.me/api/portraits/women/82.jpg","medium":"https://randomuser.me/api/portraits/med/women/82.jpg","thumbnail":"https://randomuser.me/api/portraits/thumb/women/82.jpg"},"nat":"CH"}],"info":{"seed":"095644c6846b3782","results":1,"page":1,"version":"1.4"}} 
 </msg>
<msg time="2024-04-19T08:17:42.743611" level="INFO">/opt/hostedtoolcache/Python/3.12.3/x64/lib/python3.12/site-packages/urllib3/connectionpool.py:1103: InsecureRequestWarning: Unverified HTTPS request is being made to host 'randomuser.me'. Adding certificate verification is strongly advised. See: https://urllib3.readthedocs.io/en/latest/advanced-usage.html#tls-warnings
  warnings.warn(</msg>
<msg time="2024-04-19T08:17:42.743715" level="INFO">${response} = &lt;Response [200]&gt;</msg>
<var>${response}</var>
<arg>consultarAPI</arg>
<arg>/api</arg>
<doc>Sends a GET request on a previously created HTTP Session.</doc>
<status status="PASS" start="2024-04-19T08:17:42.654762" elapsed="0.088999"/>
</kw>
<kw name="Set Variable" owner="BuiltIn">
<msg time="2024-04-19T08:17:42.744572" level="INFO">${json_data} = {'results': [{'gender': 'female', 'name': {'title': 'Madame', 'first': 'Aurora', 'last': 'Bertrand'}, 'location': {'street': {'number': 6330, 'name': 'Rue de la Gare'}, 'city': 'Massonnens', 'state': ...</msg>
<var>${json_data}</var>
<arg>${response.json()}</arg>
<doc>Returns the given values which can then be assigned to a variables.</doc>
<status status="PASS" start="2024-04-19T08:17:42.744135" elapsed="0.000464"/>
</kw>
<kw name="Log" owner="BuiltIn">
<msg time="2024-04-19T08:17:42.745051" level="INFO">{'results': [{'gender': 'female', 'name': {'title': 'Madame', 'first': 'Aurora', 'last': 'Bertrand'}, 'location': {'street': {'number': 6330, 'name': 'Rue de la Gare'}, 'city': 'Massonnens', 'state': 'Ticino', 'country': 'Switzerland', 'postcode': 7810, 'coordinates': {'latitude': '-60.2205', 'longitude': '34.4202'}, 'timezone': {'offset': '-3:00', 'description': 'Brazil, Buenos Aires, Georgetown'}}, 'email': 'aurora.bertrand@example.com', 'login': {'uuid': '10a5aa8c-7380-4651-a870-986bd9c5d56a', 'username': 'beautifulmeercat593', 'password': 'houston1', 'salt': 'lHbAuhOH', 'md5': '23761784d246c621f4e8231abb18e096', 'sha1': 'e284995ae988a00fe7b9a99832afa5708b46cf15', 'sha256': 'fb7110c1011ae7fed1b04513543417a93c1142fd837c0bb283a81d34b9b00efc'}, 'dob': {'date': '1966-06-15T22:53:05.008Z', 'age': 57}, 'registered': {'date': '2017-02-04T12:41:06.564Z', 'age': 7}, 'phone': '076 833 68 73', 'cell': '078 378 10 69', 'id': {'name': 'AVS', 'value': '756.1361.1583.36'}, 'picture': {'large': 'https://randomuser.me/api/portraits/women/82.jpg', 'medium': 'https://randomuser.me/api/portraits/med/women/82.jpg', 'thumbnail': 'https://randomuser.me/api/portraits/thumb/women/82.jpg'}, 'nat': 'CH'}], 'info': {'seed': '095644c6846b3782', 'results': 1, 'page': 1, 'version': '1.4'}}</msg>
<arg>${json_data}</arg>
<doc>Logs the given message with the given level.</doc>
<status status="PASS" start="2024-04-19T08:17:42.744901" elapsed="0.000226"/>
</kw>
<kw name="Should Be Equal As Numbers" owner="BuiltIn">
<arg>${json_data['results'][0]['location']['postcode']}</arg>
<arg>${json_data['results'][0]['location']['postcode']}</arg>
<doc>Fails if objects are unequal after converting them to real numbers.</doc>
<status status="PASS" start="2024-04-19T08:17:42.745437" elapsed="0.000741"/>
</kw>
<kw name="Log" owner="BuiltIn">
<msg time="2024-04-19T08:17:42.746703" level="INFO">7810</msg>
<arg>${json_data['results'][0]['location']['postcode']}</arg>
<doc>Logs the given message with the given level.</doc>
<status status="PASS" start="2024-04-19T08:17:42.746370" elapsed="0.000373"/>
</kw>
<status status="PASS" start="2024-04-19T08:17:42.654534" elapsed="0.092456"/>
</kw>
<doc>Testa se os tipos de dados na resposta da API estão corretos.</doc>
<tag>testeTiposDados</tag>
<status status="PASS" start="2024-04-19T08:17:42.578568" elapsed="0.168605"/>
</test>
<test id="s1-s1-t5" name="Validar conteudo" line="35">
<kw name="Teste de Tipos de Conteudo" owner="random-user-service">
<kw name="GET On Session" owner="RequestsLibrary">
<msg time="2024-04-19T08:17:42.878141" level="INFO">GET Request : url=https://randomuser.me/api 
 path_url=/api 
 headers={'User-Agent': 'python-requests/2.31.0', 'Accept-Encoding': 'gzip, deflate', 'Accept': '*/*', 'Connection': 'keep-alive'} 
 body=None 
 </msg>
<msg time="2024-04-19T08:17:42.878204" level="INFO">GET Response : url=https://randomuser.me/api 
 status=200, reason=OK 
 headers={'Date': 'Fri, 19 Apr 2024 08:17:42 GMT', 'Content-Type': 'application/json; charset=utf-8', 'Transfer-Encoding': 'chunked', 'Connection': 'keep-alive', 'X-Powered-By': 'Express', 'Access-Control-Allow-Origin': '*', 'Cache-Control': 'no-cache', 'ETag': 'W/"482-GArdlJvuNBgacAF5hV0BEnjnOlE"', 'Vary': 'Accept-Encoding', 'Content-Encoding': 'gzip', 'CF-Cache-Status': 'DYNAMIC', 'Report-To': '{"endpoints":[{"url":"https:\\/\\/a.nel.cloudflare.com\\/report\\/v4?s=pOVmBbaQa%2Bq2M4W5d5nYCQo9uq9vactK7GRqno7UtwI8x%2Fd8pBhytT2krsiqrfQVknM0XcDfyNs5rO%2BfAfDsoUh%2B4LaCBBOdusto0xpqVAp%2BsubcK1WiVp5u7vCqzzBi"}],"group":"cf-nel","max_age":604800}', 'NEL': '{"success_fraction":0,"report_to":"cf-nel","max_age":604800}', 'Server': 'cloudflare', 'CF-RAY': '876b75b23f9989f9-ORD', 'alt-svc': 'h3=":443"; ma=86400'} 
 body={"results":[{"gender":"male","name":{"title":"Mr","first":"Eric","last":"Páez"},"location":{"street":{"number":7215,"name":"Pasaje Quesada"},"city":"Omealca","state":"Guanajuato","country":"Mexico","postcode":44469,"coordinates":{"latitude":"27.5185","longitude":"-93.3613"},"timezone":{"offset":"-11:00","description":"Midway Island, Samoa"}},"email":"eric.paez@example.com","login":{"uuid":"4a0ba856-e7d0-488f-b966-f5043b4388f8","username":"happygorilla965","password":"magpie","salt":"3BZdFI8C","md5":"554dab03e2e6b4ad9d8cf7bed24ae3b6","sha1":"9f5a0bad155ed504991dc83b23d5e716139ef082","sha256":"39f6f871a6a0e5fbfd0d50092d8320624d169acfd50b76d224aa46ef84c54682"},"dob":{"date":"1965-12-07T06:43:52.826Z","age":58},"registered":{"date":"2002-10-12T06:22:03.255Z","age":21},"phone":"(617) 325 5952","cell":"(696) 335 1220","id":{"name":"NSS","value":"34 63 60 7292 8"},"picture":{"large":"https://randomuser.me/api/portraits/men/25.jpg","medium":"https://randomuser.me/api/portraits/med/men/25.jpg","thumbnail":"https://randomuser.me/api/portraits/thumb/men/25.jpg"},"nat":"MX"}],"info":{"seed":"3a4dc3810723f4bf","results":1,"page":1,"version":"1.4"}} 
 </msg>
<msg time="2024-04-19T08:17:42.878263" level="INFO">/opt/hostedtoolcache/Python/3.12.3/x64/lib/python3.12/site-packages/urllib3/connectionpool.py:1103: InsecureRequestWarning: Unverified HTTPS request is being made to host 'randomuser.me'. Adding certificate verification is strongly advised. See: https://urllib3.readthedocs.io/en/latest/advanced-usage.html#tls-warnings
  warnings.warn(</msg>
<msg time="2024-04-19T08:17:42.878346" level="INFO">${response} = &lt;Response [200]&gt;</msg>
<var>${response}</var>
<arg>consultarAPI</arg>
<arg>/api</arg>
<doc>Sends a GET request on a previously created HTTP Session.</doc>
<status status="PASS" start="2024-04-19T08:17:42.749519" elapsed="0.128856"/>
</kw>
<kw name="Set Variable" owner="BuiltIn">
<msg time="2024-04-19T08:17:42.879245" level="INFO">${json_data} = {'results': [{'gender': 'male', 'name': {'title': 'Mr', 'first': 'Eric', 'last': 'Páez'}, 'location': {'street': {'number': 7215, 'name': 'Pasaje Quesada'}, 'city': 'Omealca', 'state': 'Guanajuato', '...</msg>
<var>${json_data}</var>
<arg>${response.json()}</arg>
<doc>Returns the given values which can then be assigned to a variables.</doc>
<status status="PASS" start="2024-04-19T08:17:42.878758" elapsed="0.000516"/>
</kw>
<kw name="Set Variable" owner="BuiltIn">
<msg time="2024-04-19T08:17:42.879967" level="INFO">${name_title} = Mr</msg>
<var>${name_title}</var>
<arg>${json_data["results"][0]["name"]["title"]}</arg>
<doc>Returns the given values which can then be assigned to a variables.</doc>
<status status="PASS" start="2024-04-19T08:17:42.879586" elapsed="0.000405"/>
</kw>
<kw name="Create List" owner="BuiltIn">
<msg time="2024-04-19T08:17:42.880431" level="INFO">${allowed_titles} = ['Mr', 'Ms', 'Miss', 'Mrs', 'Madame', 'Monsieur']</msg>
<var>${allowed_titles}</var>
<arg>Mr</arg>
<arg>Ms</arg>
<arg>Miss</arg>
<arg>Mrs</arg>
<arg>Madame</arg>
<arg>Monsieur</arg>
<doc>Returns a list containing given items.</doc>
<status status="PASS" start="2024-04-19T08:17:42.880285" elapsed="0.000170"/>
</kw>
<kw name="List Should Contain Value" owner="Collections">
<msg time="2024-04-19T08:17:42.880922" level="INFO">False</msg>
<arg>${allowed_titles}</arg>
<arg>${name_title}</arg>
<doc>Fails if the ``value`` is not found from ``list``.</doc>
<status status="PASS" start="2024-04-19T08:17:42.880757" elapsed="0.000200"/>
</kw>
<kw name="Set Variable" owner="BuiltIn">
<msg time="2024-04-19T08:17:42.881616" level="INFO">${name_country} = MX</msg>
<var>${name_country}</var>
<arg>${json_data["results"][0]["nat"]}</arg>
<doc>Returns the given values which can then be assigned to a variables.</doc>
<status status="PASS" start="2024-04-19T08:17:42.881243" elapsed="0.000398"/>
</kw>
<kw name="Create List" owner="BuiltIn">
<msg time="2024-04-19T08:17:42.882527" level="INFO">${list_country} = ['AD', 'AE', 'AF', 'AG', 'AI', 'AL', 'AM', 'AO', 'AQ', 'AR', 'AS', 'AT', 'AU', 'AW', 'AX', 'AZ', 'BA', 'BB', 'BD', 'BE', 'BF', 'BG', 'BH', 'BI', 'BJ', 'BL', 'BM', 'BN', 'BO', 'BQ', 'BR', 'BS', 'BT', '...</msg>
<var>${list_country}</var>
<arg>AD</arg>
<arg>AE</arg>
<arg>AF</arg>
<arg>AG</arg>
<arg>AI</arg>
<arg>AL</arg>
<arg>AM</arg>
<arg>AO</arg>
<arg>AQ</arg>
<arg>AR</arg>
<arg>AS</arg>
<arg>AT</arg>
<arg>AU</arg>
<arg>AW</arg>
<arg>AX</arg>
<arg>AZ</arg>
<arg>BA</arg>
<arg>BB</arg>
<arg>BD</arg>
<arg>BE</arg>
<arg>BF</arg>
<arg>BG</arg>
<arg>BH</arg>
<arg>BI</arg>
<arg>BJ</arg>
<arg>BL</arg>
<arg>BM</arg>
<arg>BN</arg>
<arg>BO</arg>
<arg>BQ</arg>
<arg>BR</arg>
<arg>BS</arg>
<arg>BT</arg>
<arg>BV</arg>
<arg>BW</arg>
<arg>BY</arg>
<arg>BZ</arg>
<arg>CA</arg>
<arg>CC</arg>
<arg>CD</arg>
<arg>CF</arg>
<arg>CG</arg>
<arg>CH</arg>
<arg>CI</arg>
<arg>CK</arg>
<arg>CL</arg>
<arg>CM</arg>
<arg>CN</arg>
<arg>CO</arg>
<arg>CR</arg>
<arg>CU</arg>
<arg>CV</arg>
<arg>CW</arg>
<arg>CX</arg>
<arg>CY</arg>
<arg>CZ</arg>
<arg>DE</arg>
<arg>DJ</arg>
<arg>DK</arg>
<arg>DM</arg>
<arg>DO</arg>
<arg>DZ</arg>
<arg>EC</arg>
<arg>EE</arg>
<arg>EG</arg>
<arg>EH</arg>
<arg>ER</arg>
<arg>ES</arg>
<arg>ET</arg>
<arg>FI</arg>
<arg>FJ</arg>
<arg>FK</arg>
<arg>FM</arg>
<arg>FO</arg>
<arg>FR</arg>
<arg>GA</arg>
<arg>GB</arg>
<arg>GD</arg>
<arg>GE</arg>
<arg>GF</arg>
<arg>GG</arg>
<arg>GH</arg>
<arg>GI</arg>
<arg>GL</arg>
<arg>GM</arg>
<arg>GN</arg>
<arg>GP</arg>
<arg>GQ</arg>
<arg>GR</arg>
<arg>GS</arg>
<arg>GT</arg>
<arg>GU</arg>
<arg>GW</arg>
<arg>GY</arg>
<arg>HK</arg>
<arg>HM</arg>
<arg>HN</arg>
<arg>HR</arg>
<arg>HT</arg>
<arg>HU</arg>
<arg>ID</arg>
<arg>IE</arg>
<arg>IL</arg>
<arg>IM</arg>
<arg>IN</arg>
<arg>IO</arg>
<arg>IQ</arg>
<arg>IR</arg>
<arg>IS</arg>
<arg>IT</arg>
<arg>JE</arg>
<arg>JM</arg>
<arg>JO</arg>
<arg>JP</arg>
<arg>KE</arg>
<arg>KG</arg>
<arg>KH</arg>
<arg>KI</arg>
<arg>KM</arg>
<arg>KN</arg>
<arg>KP</arg>
<arg>KR</arg>
<arg>KW</arg>
<arg>KY</arg>
<arg>KZ</arg>
<arg>LA</arg>
<arg>LB</arg>
<arg>LC</arg>
<arg>LI</arg>
<arg>LK</arg>
<arg>LR</arg>
<arg>LS</arg>
<arg>LT</arg>
<arg>LU</arg>
<arg>LV</arg>
<arg>LY</arg>
<arg>MA</arg>
<arg>MC</arg>
<arg>MD</arg>
<arg>ME</arg>
<arg>MF</arg>
<arg>MG</arg>
<arg>MH</arg>
<arg>MK</arg>
<arg>ML</arg>
<arg>MM</arg>
<arg>MN</arg>
<arg>MO</arg>
<arg>MP</arg>
<arg>MQ</arg>
<arg>MR</arg>
<arg>MS</arg>
<arg>MT</arg>
<arg>MU</arg>
<arg>MV</arg>
<arg>MW</arg>
<arg>MX</arg>
<arg>MY</arg>
<arg>MZ</arg>
<arg>NA</arg>
<arg>NC</arg>
<arg>NE</arg>
<arg>NF</arg>
<arg>NG</arg>
<arg>NI</arg>
<arg>NL</arg>
<arg>NO</arg>
<arg>NP</arg>
<arg>NR</arg>
<arg>NU</arg>
<arg>NZ</arg>
<arg>OM</arg>
<arg>PA</arg>
<arg>PE</arg>
<arg>PF</arg>
<arg>PG</arg>
<arg>PH</arg>
<arg>PK</arg>
<arg>PL</arg>
<arg>PM</arg>
<arg>PN</arg>
<arg>PR</arg>
<arg>PS</arg>
<arg>PT</arg>
<arg>PW</arg>
<arg>PY</arg>
<arg>QA</arg>
<arg>RE</arg>
<arg>RO</arg>
<arg>RS</arg>
<arg>RU</arg>
<arg>RW</arg>
<arg>SA</arg>
<arg>SB</arg>
<arg>SC</arg>
<arg>SD</arg>
<arg>SE</arg>
<arg>SG</arg>
<arg>SH</arg>
<arg>SI</arg>
<arg>SJ</arg>
<arg>SK</arg>
<arg>SL</arg>
<arg>SM</arg>
<arg>SN</arg>
<arg>SO</arg>
<arg>SR</arg>
<arg>SS</arg>
<arg>ST</arg>
<arg>SV</arg>
<arg>SX</arg>
<arg>SY</arg>
<arg>SZ</arg>
<arg>TC</arg>
<arg>TD</arg>
<arg>TF</arg>
<arg>TG</arg>
<arg>TH</arg>
<arg>TJ</arg>
<arg>TK</arg>
<arg>TL</arg>
<arg>TM</arg>
<arg>TN</arg>
<arg>TO</arg>
<arg>TR</arg>
<arg>TT</arg>
<arg>TV</arg>
<arg>TW</arg>
<arg>TZ</arg>
<arg>UA</arg>
<arg>UG</arg>
<arg>UM</arg>
<arg>US</arg>
<arg>UY</arg>
<arg>UZ</arg>
<arg>VA</arg>
<arg>VC</arg>
<arg>VE</arg>
<arg>VG</arg>
<arg>VI</arg>
<arg>VN</arg>
<arg>VU</arg>
<arg>WF</arg>
<arg>WS</arg>
<arg>XK</arg>
<arg>YE</arg>
<arg>YT</arg>
<arg>ZA</arg>
<arg>ZM</arg>
<arg>ZW</arg>
<doc>Returns a list containing given items.</doc>
<status status="PASS" start="2024-04-19T08:17:42.881935" elapsed="0.000616"/>
</kw>
<kw name="List Should Contain Value" owner="Collections">
<msg time="2024-04-19T08:17:42.883552" level="INFO">False</msg>
<arg>${list_country}</arg>
<arg>${name_country}</arg>
<doc>Fails if the ``value`` is not found from ``list``.</doc>
<status status="PASS" start="2024-04-19T08:17:42.883353" elapsed="0.000235"/>
</kw>
<kw name="Run Keyword If" owner="BuiltIn">
<kw name="Should Be True" owner="BuiltIn">
<arg>${True}</arg>
<doc>Fails if the given condition is not true.</doc>
<status status="PASS" start="2024-04-19T08:17:42.884694" elapsed="0.000189"/>
</kw>
<arg>${json_data["results"][0]["location"]["coordinates"]["latitude"]} &gt;= -90 and ${json_data["results"][0]["location"]["coordinates"]["latitude"]} &lt;= 90</arg>
<arg>Should Be True</arg>
<arg>${True}</arg>
<doc>Runs the given keyword with the given arguments, if ``condition`` is true.</doc>
<status status="PASS" start="2024-04-19T08:17:42.883910" elapsed="0.001125"/>
</kw>
<kw name="Run Keyword If" owner="BuiltIn">
<kw name="Should Be True" owner="BuiltIn">
<arg>${True}</arg>
<doc>Fails if the given condition is not true.</doc>
<status status="PASS" start="2024-04-19T08:17:42.885930" elapsed="0.000261"/>
</kw>
<arg>${json_data["results"][0]["location"]["coordinates"]["longitude"]} &gt;= -180 and ${json_data["results"][0]["location"]["coordinates"]["longitude"]} &lt;= 180</arg>
<arg>Should Be True</arg>
<arg>${True}</arg>
<doc>Runs the given keyword with the given arguments, if ``condition`` is true.</doc>
<status status="PASS" start="2024-04-19T08:17:42.885226" elapsed="0.001092"/>
</kw>
<status status="PASS" start="2024-04-19T08:17:42.749300" elapsed="0.137147"/>
</kw>
<doc>Testa o conteúdo específico dos campos retornados pela API.</doc>
<tag>testeConteudo</tag>
<status status="PASS" start="2024-04-19T08:17:42.748878" elapsed="0.137711"/>
</test>
<status status="PASS" start="2024-04-19T08:17:42.016192" elapsed="0.872297"/>
</suite>
<status status="PASS" start="2024-04-19T08:17:42.002701" elapsed="0.890802"/>
</suite>
<statistics>
<total>
<stat pass="5" fail="0" skip="0">All Tests</stat>
</total>
<tag>
<stat pass="1" fail="0" skip="0">testeConteudo</stat>
<stat pass="1" fail="0" skip="0">testeEstruturaResposta</stat>
<stat pass="1" fail="0" skip="0">testeRequisicaoBasica</stat>
<stat pass="1" fail="0" skip="0">testeTiposDados</stat>
</tag>
<suite>
<stat pass="5" fail="0" skip="0" id="s1" name="Tests">Tests</stat>
<stat pass="5" fail="0" skip="0" id="s1-s1" name="Random-User-Test">Tests.Random-User-Test</stat>
</suite>
</statistics>
<errors>
</errors>
</robot>
