<?xml version="1.0" encoding="UTF-8"?>
<robot generator="Robot 7.0 (Python 3.12.3 on linux)" generated="2024-05-25T08:18:05.869182" rpa="false" schemaversion="5">
<suite id="s1" name="Tests" source="/home/runner/work/DesafioQAItauRogerioJordao/DesafioQAItauRogerioJordao/RamdonUser/tests">
<suite id="s1-s1" name="Random-User-Test" source="/home/runner/work/DesafioQAItauRogerioJordao/DesafioQAItauRogerioJordao/RamdonUser/tests/random-user-test.robot">
<test id="s1-s1-t1" name="Conectar" line="13">
<kw name="Conectar API" owner="random-user-service">
<kw name="Create Session" owner="RequestsLibrary">
<msg time="2024-05-25T08:18:06.298033" level="INFO">Creating Session using : alias=consultarAPI, url=https://randomuser.me/, headers={},                     cookies={}, auth=None, timeout=None, proxies=None, verify=False,                     debug=0 </msg>
<arg>consultarAPI</arg>
<arg>${URL}</arg>
<doc>Create Session: create a HTTP session to a server</doc>
<status status="PASS" start="2024-05-25T08:18:06.297840" elapsed="0.000356"/>
</kw>
<status status="PASS" start="2024-05-25T08:18:06.296850" elapsed="0.001687"/>
</kw>
<status status="PASS" start="2024-05-25T08:18:06.296335" elapsed="0.002395"/>
</test>
<test id="s1-s1-t2" name="Validar retorno 200 e JSON Válido" line="16">
<kw name="Teste de Requisicao Basica" owner="random-user-service">
<kw name="GET On Session" owner="RequestsLibrary">
<msg time="2024-05-25T08:18:06.467004" level="INFO">GET Request : url=https://randomuser.me/api 
 path_url=/api 
 headers={'User-Agent': 'python-requests/2.32.2', 'Accept-Encoding': 'gzip, deflate', 'Accept': '*/*', 'Connection': 'keep-alive'} 
 body=None 
 </msg>
<msg time="2024-05-25T08:18:06.467155" level="INFO">GET Response : url=https://randomuser.me/api 
 status=200, reason=OK 
 headers={'Date': 'Sat, 25 May 2024 08:18:06 GMT', 'Content-Type': 'application/json; charset=utf-8', 'Transfer-Encoding': 'chunked', 'Connection': 'keep-alive', 'X-Powered-By': 'Express', 'Access-Control-Allow-Origin': '*', 'Cache-Control': 'no-cache', 'ETag': 'W/"470-ATCHIdAvB4QfLHXpqPeDdh9DY6c"', 'Vary': 'Accept-Encoding', 'Content-Encoding': 'gzip', 'CF-Cache-Status': 'DYNAMIC', 'Report-To': '{"endpoints":[{"url":"https:\\/\\/a.nel.cloudflare.com\\/report\\/v4?s=PbEb41HUpQH579qIqBFSnq4eB6sT87RTdLUs0Ham3FqXMhzC1YuiqvRoYY9G4TRPZx6KtSJ6kjzsgHA%2B3FOtkRnHtmDT8UaD7pgmONsDtBedHD0B9rVH%2Fvng3GWGedj4"}],"group":"cf-nel","max_age":604800}', 'NEL': '{"success_fraction":0,"report_to":"cf-nel","max_age":604800}', 'Server': 'cloudflare', 'CF-RAY': '889417c5ddf47e74-LAX', 'alt-svc': 'h3=":443"; ma=86400'} 
 body={"results":[{"gender":"male","name":{"title":"Mr","first":"Cooper","last":"Harris"},"location":{"street":{"number":3943,"name":"Esmonde Road"},"city":"Whanganui","state":"Otago","country":"New Zealand","postcode":65134,"coordinates":{"latitude":"47.6461","longitude":"-67.2992"},"timezone":{"offset":"-2:00","description":"Mid-Atlantic"}},"email":"cooper.harris@example.com","login":{"uuid":"44564f99-fa40-4651-9d2a-5ba9a4ff7949","username":"blackostrich411","password":"springs","salt":"7NrbyveZ","md5":"9de4595e8c4576a333562907a147bc75","sha1":"c5eda47baf126e7fd128be6149c2e75357d7c134","sha256":"14acda5c050e0e826518dbb2a90b0505370fe2ed5adb7368006d49764d8b2c21"},"dob":{"date":"1983-09-18T18:05:59.304Z","age":40},"registered":{"date":"2015-06-30T13:59:11.592Z","age":8},"phone":"(629)-945-3566","cell":"(366)-594-9585","id":{"name":"","value":null},"picture":{"large":"https://randomuser.me/api/portraits/men/62.jpg","medium":"https://randomuser.me/api/portraits/med/men/62.jpg","thumbnail":"https://randomuser.me/api/portraits/thumb/men/62.jpg"},"nat":"NZ"}],"info":{"seed":"87a154ce76d00e15","results":1,"page":1,"version":"1.4"}} 
 </msg>
<msg time="2024-05-25T08:18:06.467247" level="INFO">/opt/hostedtoolcache/Python/3.12.3/x64/lib/python3.12/site-packages/urllib3/connectionpool.py:1103: InsecureRequestWarning: Unverified HTTPS request is being made to host 'randomuser.me'. Adding certificate verification is strongly advised. See: https://urllib3.readthedocs.io/en/latest/advanced-usage.html#tls-warnings
  warnings.warn(</msg>
<msg time="2024-05-25T08:18:06.467422" level="INFO">${response} = &lt;Response [200]&gt;</msg>
<var>${response}</var>
<arg>consultarAPI</arg>
<arg>/api</arg>
<doc>Sends a GET request on a previously created HTTP Session.</doc>
<status status="PASS" start="2024-05-25T08:18:06.301311" elapsed="0.166155"/>
</kw>
<kw name="Should Be Equal As Numbers" owner="BuiltIn">
<msg time="2024-05-25T08:18:06.468328" level="INFO">Argument types are:
&lt;class 'int'&gt;
&lt;class 'str'&gt;</msg>
<arg>${response.status_code}</arg>
<arg>200</arg>
<doc>Fails if objects are unequal after converting them to real numbers.</doc>
<status status="PASS" start="2024-05-25T08:18:06.467907" elapsed="0.000489"/>
</kw>
<kw name="Log" owner="BuiltIn">
<msg time="2024-05-25T08:18:06.469114" level="INFO">200</msg>
<arg>${response.status_code}</arg>
<doc>Logs the given message with the given level.</doc>
<status status="PASS" start="2024-05-25T08:18:06.468749" elapsed="0.000416"/>
</kw>
<kw name="Set Variable" owner="BuiltIn">
<msg time="2024-05-25T08:18:06.469917" level="INFO">${json_data} = {'results': [{'gender': 'male', 'name': {'title': 'Mr', 'first': 'Cooper', 'last': 'Harris'}, 'location': {'street': {'number': 3943, 'name': 'Esmonde Road'}, 'city': 'Whanganui', 'state': 'Otago', 'c...</msg>
<var>${json_data}</var>
<arg>${response.json()}</arg>
<doc>Returns the given values which can then be assigned to a variables.</doc>
<status status="PASS" start="2024-05-25T08:18:06.469482" elapsed="0.000464"/>
</kw>
<kw name="Dictionary Should Contain Key" owner="Collections">
<msg time="2024-05-25T08:18:06.470430" level="INFO">False</msg>
<arg>${json_data}</arg>
<arg>results</arg>
<doc>Fails if ``key`` is not found from ``dictionary``.</doc>
<status status="PASS" start="2024-05-25T08:18:06.470256" elapsed="0.000356"/>
</kw>
<status status="PASS" start="2024-05-25T08:18:06.301067" elapsed="0.169811"/>
</kw>
<doc>Testa se a API responde corretamente e retorna um objeto JSON válido.</doc>
<tag>testeRequisicaoBasica</tag>
<status status="PASS" start="2024-05-25T08:18:06.300610" elapsed="0.170446"/>
</test>
<test id="s1-s1-t3" name="Validar estrutura de resposta" line="22">
<kw name="Teste de Estrutura de Resposta" owner="random-user-service">
<kw name="GET On Session" owner="RequestsLibrary">
<msg time="2024-05-25T08:18:06.610252" level="INFO">GET Request : url=https://randomuser.me/api 
 path_url=/api 
 headers={'User-Agent': 'python-requests/2.32.2', 'Accept-Encoding': 'gzip, deflate', 'Accept': '*/*', 'Connection': 'keep-alive'} 
 body=None 
 </msg>
<msg time="2024-05-25T08:18:06.610340" level="INFO">GET Response : url=https://randomuser.me/api 
 status=200, reason=OK 
 headers={'Date': 'Sat, 25 May 2024 08:18:06 GMT', 'Content-Type': 'application/json; charset=utf-8', 'Transfer-Encoding': 'chunked', 'Connection': 'keep-alive', 'X-Powered-By': 'Express', 'Access-Control-Allow-Origin': '*', 'Cache-Control': 'no-cache', 'ETag': 'W/"493-WrixaLXObVf55EaxO0zsJXqtsgY"', 'Vary': 'Accept-Encoding', 'Content-Encoding': 'gzip', 'CF-Cache-Status': 'DYNAMIC', 'Report-To': '{"endpoints":[{"url":"https:\\/\\/a.nel.cloudflare.com\\/report\\/v4?s=Ugh%2BktpfA%2F6%2BOwxp3FCe9WzEPdK21aVQe2INU0BJ094qUyl4xkZlTtO7cR07ts2smToHB2s2w7xMtKuQxAwJAbdL0LtAiFPdTnK2BpNgZLzjg6E7QR%2FKiEG45wj23LEr"}],"group":"cf-nel","max_age":604800}', 'NEL': '{"success_fraction":0,"report_to":"cf-nel","max_age":604800}', 'Server': 'cloudflare', 'CF-RAY': '889417c67e677e74-LAX', 'alt-svc': 'h3=":443"; ma=86400'} 
 body={"results":[{"gender":"male","name":{"title":"Mr","first":"Martin","last":"Bezzubenko"},"location":{"street":{"number":3373,"name":"Admirala Oktyabrskogo"},"city":"Pavlograd","state":"Sumska","country":"Ukraine","postcode":32861,"coordinates":{"latitude":"78.1989","longitude":"-132.7539"},"timezone":{"offset":"+10:00","description":"Eastern Australia, Guam, Vladivostok"}},"email":"martin.bezzubenko@example.com","login":{"uuid":"80f5aab4-ebae-4fba-a6ee-c7d85afdecb2","username":"tinytiger794","password":"gordo","salt":"5SM30UN3","md5":"76d4708824cc2926f98b62464923d19c","sha1":"47e53135e4c208caa560b6427561199f6b5a3a8c","sha256":"e0173187196b4a32a312593c7b7797271b0f8e96a52ed1edf7ae979460b5c8a6"},"dob":{"date":"1970-04-24T16:42:46.407Z","age":54},"registered":{"date":"2019-07-01T18:54:16.394Z","age":4},"phone":"(068) Q98-9861","cell":"(098) V57-6975","id":{"name":"","value":null},"picture":{"large":"https://randomuser.me/api/portraits/men/50.jpg","medium":"https://randomuser.me/api/portraits/med/men/50.jpg","thumbnail":"https://randomuser.me/api/portraits/thumb/men/50.jpg"},"nat":"UA"}],"info":{"seed":"47ef24046ca6e42a","results":1,"page":1,"version":"1.4"}} 
 </msg>
<msg time="2024-05-25T08:18:06.610461" level="INFO">/opt/hostedtoolcache/Python/3.12.3/x64/lib/python3.12/site-packages/urllib3/connectionpool.py:1103: InsecureRequestWarning: Unverified HTTPS request is being made to host 'randomuser.me'. Adding certificate verification is strongly advised. See: https://urllib3.readthedocs.io/en/latest/advanced-usage.html#tls-warnings
  warnings.warn(</msg>
<msg time="2024-05-25T08:18:06.610583" level="INFO">${response} = &lt;Response [200]&gt;</msg>
<var>${response}</var>
<arg>consultarAPI</arg>
<arg>/api</arg>
<doc>Sends a GET request on a previously created HTTP Session.</doc>
<status status="PASS" start="2024-05-25T08:18:06.473633" elapsed="0.136984"/>
</kw>
<kw name="Set Variable" owner="BuiltIn">
<msg time="2024-05-25T08:18:06.611553" level="INFO">${json_data} = {'results': [{'gender': 'male', 'name': {'title': 'Mr', 'first': 'Martin', 'last': 'Bezzubenko'}, 'location': {'street': {'number': 3373, 'name': 'Admirala Oktyabrskogo'}, 'city': 'Pavlograd', 'state'...</msg>
<var>${json_data}</var>
<arg>${response.json()}</arg>
<doc>Returns the given values which can then be assigned to a variables.</doc>
<status status="PASS" start="2024-05-25T08:18:06.611066" elapsed="0.000515"/>
</kw>
<kw name="Log" owner="BuiltIn">
<msg time="2024-05-25T08:18:06.612047" level="INFO">{'results': [{'gender': 'male', 'name': {'title': 'Mr', 'first': 'Martin', 'last': 'Bezzubenko'}, 'location': {'street': {'number': 3373, 'name': 'Admirala Oktyabrskogo'}, 'city': 'Pavlograd', 'state': 'Sumska', 'country': 'Ukraine', 'postcode': 32861, 'coordinates': {'latitude': '78.1989', 'longitude': '-132.7539'}, 'timezone': {'offset': '+10:00', 'description': 'Eastern Australia, Guam, Vladivostok'}}, 'email': 'martin.bezzubenko@example.com', 'login': {'uuid': '80f5aab4-ebae-4fba-a6ee-c7d85afdecb2', 'username': 'tinytiger794', 'password': 'gordo', 'salt': '5SM30UN3', 'md5': '76d4708824cc2926f98b62464923d19c', 'sha1': '47e53135e4c208caa560b6427561199f6b5a3a8c', 'sha256': 'e0173187196b4a32a312593c7b7797271b0f8e96a52ed1edf7ae979460b5c8a6'}, 'dob': {'date': '1970-04-24T16:42:46.407Z', 'age': 54}, 'registered': {'date': '2019-07-01T18:54:16.394Z', 'age': 4}, 'phone': '(068) Q98-9861', 'cell': '(098) V57-6975', 'id': {'name': '', 'value': None}, 'picture': {'large': 'https://randomuser.me/api/portraits/men/50.jpg', 'medium': 'https://randomuser.me/api/portraits/med/men/50.jpg', 'thumbnail': 'https://randomuser.me/api/portraits/thumb/men/50.jpg'}, 'nat': 'UA'}], 'info': {'seed': '47ef24046ca6e42a', 'results': 1, 'page': 1, 'version': '1.4'}}</msg>
<arg>${json_data}</arg>
<doc>Logs the given message with the given level.</doc>
<status status="PASS" start="2024-05-25T08:18:06.611885" elapsed="0.000221"/>
</kw>
<kw name="Dictionary Should Contain Key" owner="Collections">
<msg time="2024-05-25T08:18:06.612549" level="INFO">False</msg>
<arg>${json_data}</arg>
<arg>results</arg>
<doc>Fails if ``key`` is not found from ``dictionary``.</doc>
<status status="PASS" start="2024-05-25T08:18:06.612397" elapsed="0.000188"/>
</kw>
<kw name="Should Not Be Empty" owner="BuiltIn">
<msg time="2024-05-25T08:18:06.613014" level="INFO">Length is 2.</msg>
<arg>${json_data}</arg>
<doc>Verifies that the given item is not empty.</doc>
<status status="PASS" start="2024-05-25T08:18:06.612880" elapsed="0.000171"/>
</kw>
<kw name="Create List" owner="BuiltIn">
<msg time="2024-05-25T08:18:06.613527" level="INFO">${expected_keys} = ['gender', 'name', 'location', 'email', 'login']</msg>
<var>${expected_keys}</var>
<arg>gender</arg>
<arg>name</arg>
<arg>location</arg>
<arg>email</arg>
<arg>login</arg>
<doc>Returns a list containing given items.</doc>
<status status="PASS" start="2024-05-25T08:18:06.613361" elapsed="0.000189"/>
</kw>
<for flavor="IN">
<iter>
<kw name="Dictionary Should Contain Key" owner="Collections">
<msg time="2024-05-25T08:18:06.614526" level="INFO">False</msg>
<arg>${json_data['results'][0]}</arg>
<arg>${key}</arg>
<doc>Fails if ``key`` is not found from ``dictionary``.</doc>
<status status="PASS" start="2024-05-25T08:18:06.614121" elapsed="0.000448"/>
</kw>
<kw name="Log" owner="BuiltIn">
<msg time="2024-05-25T08:18:06.615262" level="INFO">{'gender': 'male', 'name': {'title': 'Mr', 'first': 'Martin', 'last': 'Bezzubenko'}, 'location': {'street': {'number': 3373, 'name': 'Admirala Oktyabrskogo'}, 'city': 'Pavlograd', 'state': 'Sumska', 'country': 'Ukraine', 'postcode': 32861, 'coordinates': {'latitude': '78.1989', 'longitude': '-132.7539'}, 'timezone': {'offset': '+10:00', 'description': 'Eastern Australia, Guam, Vladivostok'}}, 'email': 'martin.bezzubenko@example.com', 'login': {'uuid': '80f5aab4-ebae-4fba-a6ee-c7d85afdecb2', 'username': 'tinytiger794', 'password': 'gordo', 'salt': '5SM30UN3', 'md5': '76d4708824cc2926f98b62464923d19c', 'sha1': '47e53135e4c208caa560b6427561199f6b5a3a8c', 'sha256': 'e0173187196b4a32a312593c7b7797271b0f8e96a52ed1edf7ae979460b5c8a6'}, 'dob': {'date': '1970-04-24T16:42:46.407Z', 'age': 54}, 'registered': {'date': '2019-07-01T18:54:16.394Z', 'age': 4}, 'phone': '(068) Q98-9861', 'cell': '(098) V57-6975', 'id': {'name': '', 'value': None}, 'picture': {'large': 'https://randomuser.me/api/portraits/men/50.jpg', 'medium': 'https://randomuser.me/api/portraits/med/men/50.jpg', 'thumbnail': 'https://randomuser.me/api/portraits/thumb/men/50.jpg'}, 'nat': 'UA'}</msg>
<arg>${json_data['results'][0]}</arg>
<doc>Logs the given message with the given level.</doc>
<status status="PASS" start="2024-05-25T08:18:06.614885" elapsed="0.000426"/>
</kw>
<kw name="Log" owner="BuiltIn">
<msg time="2024-05-25T08:18:06.615772" level="INFO">gender</msg>
<arg>${key}</arg>
<doc>Logs the given message with the given level.</doc>
<status status="PASS" start="2024-05-25T08:18:06.615643" elapsed="0.000166"/>
</kw>
<var name="${key}">gender</var>
<status status="PASS" start="2024-05-25T08:18:06.613996" elapsed="0.002038"/>
</iter>
<iter>
<kw name="Dictionary Should Contain Key" owner="Collections">
<msg time="2024-05-25T08:18:06.616722" level="INFO">False</msg>
<arg>${json_data['results'][0]}</arg>
<arg>${key}</arg>
<doc>Fails if ``key`` is not found from ``dictionary``.</doc>
<status status="PASS" start="2024-05-25T08:18:06.616336" elapsed="0.000424"/>
</kw>
<kw name="Log" owner="BuiltIn">
<msg time="2024-05-25T08:18:06.617441" level="INFO">{'gender': 'male', 'name': {'title': 'Mr', 'first': 'Martin', 'last': 'Bezzubenko'}, 'location': {'street': {'number': 3373, 'name': 'Admirala Oktyabrskogo'}, 'city': 'Pavlograd', 'state': 'Sumska', 'country': 'Ukraine', 'postcode': 32861, 'coordinates': {'latitude': '78.1989', 'longitude': '-132.7539'}, 'timezone': {'offset': '+10:00', 'description': 'Eastern Australia, Guam, Vladivostok'}}, 'email': 'martin.bezzubenko@example.com', 'login': {'uuid': '80f5aab4-ebae-4fba-a6ee-c7d85afdecb2', 'username': 'tinytiger794', 'password': 'gordo', 'salt': '5SM30UN3', 'md5': '76d4708824cc2926f98b62464923d19c', 'sha1': '47e53135e4c208caa560b6427561199f6b5a3a8c', 'sha256': 'e0173187196b4a32a312593c7b7797271b0f8e96a52ed1edf7ae979460b5c8a6'}, 'dob': {'date': '1970-04-24T16:42:46.407Z', 'age': 54}, 'registered': {'date': '2019-07-01T18:54:16.394Z', 'age': 4}, 'phone': '(068) Q98-9861', 'cell': '(098) V57-6975', 'id': {'name': '', 'value': None}, 'picture': {'large': 'https://randomuser.me/api/portraits/men/50.jpg', 'medium': 'https://randomuser.me/api/portraits/med/men/50.jpg', 'thumbnail': 'https://randomuser.me/api/portraits/thumb/men/50.jpg'}, 'nat': 'UA'}</msg>
<arg>${json_data['results'][0]}</arg>
<doc>Logs the given message with the given level.</doc>
<status status="PASS" start="2024-05-25T08:18:06.617083" elapsed="0.000407"/>
</kw>
<kw name="Log" owner="BuiltIn">
<msg time="2024-05-25T08:18:06.617913" level="INFO">name</msg>
<arg>${key}</arg>
<doc>Logs the given message with the given level.</doc>
<status status="PASS" start="2024-05-25T08:18:06.617787" elapsed="0.000162"/>
</kw>
<var name="${key}">name</var>
<status status="PASS" start="2024-05-25T08:18:06.616220" elapsed="0.001950"/>
</iter>
<iter>
<kw name="Dictionary Should Contain Key" owner="Collections">
<msg time="2024-05-25T08:18:06.618833" level="INFO">False</msg>
<arg>${json_data['results'][0]}</arg>
<arg>${key}</arg>
<doc>Fails if ``key`` is not found from ``dictionary``.</doc>
<status status="PASS" start="2024-05-25T08:18:06.618456" elapsed="0.000415"/>
</kw>
<kw name="Log" owner="BuiltIn">
<msg time="2024-05-25T08:18:06.619561" level="INFO">{'gender': 'male', 'name': {'title': 'Mr', 'first': 'Martin', 'last': 'Bezzubenko'}, 'location': {'street': {'number': 3373, 'name': 'Admirala Oktyabrskogo'}, 'city': 'Pavlograd', 'state': 'Sumska', 'country': 'Ukraine', 'postcode': 32861, 'coordinates': {'latitude': '78.1989', 'longitude': '-132.7539'}, 'timezone': {'offset': '+10:00', 'description': 'Eastern Australia, Guam, Vladivostok'}}, 'email': 'martin.bezzubenko@example.com', 'login': {'uuid': '80f5aab4-ebae-4fba-a6ee-c7d85afdecb2', 'username': 'tinytiger794', 'password': 'gordo', 'salt': '5SM30UN3', 'md5': '76d4708824cc2926f98b62464923d19c', 'sha1': '47e53135e4c208caa560b6427561199f6b5a3a8c', 'sha256': 'e0173187196b4a32a312593c7b7797271b0f8e96a52ed1edf7ae979460b5c8a6'}, 'dob': {'date': '1970-04-24T16:42:46.407Z', 'age': 54}, 'registered': {'date': '2019-07-01T18:54:16.394Z', 'age': 4}, 'phone': '(068) Q98-9861', 'cell': '(098) V57-6975', 'id': {'name': '', 'value': None}, 'picture': {'large': 'https://randomuser.me/api/portraits/men/50.jpg', 'medium': 'https://randomuser.me/api/portraits/med/men/50.jpg', 'thumbnail': 'https://randomuser.me/api/portraits/thumb/men/50.jpg'}, 'nat': 'UA'}</msg>
<arg>${json_data['results'][0]}</arg>
<doc>Logs the given message with the given level.</doc>
<status status="PASS" start="2024-05-25T08:18:06.619162" elapsed="0.000457"/>
</kw>
<kw name="Log" owner="BuiltIn">
<msg time="2024-05-25T08:18:06.620043" level="INFO">location</msg>
<arg>${key}</arg>
<doc>Logs the given message with the given level.</doc>
<status status="PASS" start="2024-05-25T08:18:06.619916" elapsed="0.000165"/>
</kw>
<var name="${key}">location</var>
<status status="PASS" start="2024-05-25T08:18:06.618346" elapsed="0.001960"/>
</iter>
<iter>
<kw name="Dictionary Should Contain Key" owner="Collections">
<msg time="2024-05-25T08:18:06.621073" level="INFO">False</msg>
<arg>${json_data['results'][0]}</arg>
<arg>${key}</arg>
<doc>Fails if ``key`` is not found from ``dictionary``.</doc>
<status status="PASS" start="2024-05-25T08:18:06.620586" elapsed="0.000525"/>
</kw>
<kw name="Log" owner="BuiltIn">
<msg time="2024-05-25T08:18:06.621763" level="INFO">{'gender': 'male', 'name': {'title': 'Mr', 'first': 'Martin', 'last': 'Bezzubenko'}, 'location': {'street': {'number': 3373, 'name': 'Admirala Oktyabrskogo'}, 'city': 'Pavlograd', 'state': 'Sumska', 'country': 'Ukraine', 'postcode': 32861, 'coordinates': {'latitude': '78.1989', 'longitude': '-132.7539'}, 'timezone': {'offset': '+10:00', 'description': 'Eastern Australia, Guam, Vladivostok'}}, 'email': 'martin.bezzubenko@example.com', 'login': {'uuid': '80f5aab4-ebae-4fba-a6ee-c7d85afdecb2', 'username': 'tinytiger794', 'password': 'gordo', 'salt': '5SM30UN3', 'md5': '76d4708824cc2926f98b62464923d19c', 'sha1': '47e53135e4c208caa560b6427561199f6b5a3a8c', 'sha256': 'e0173187196b4a32a312593c7b7797271b0f8e96a52ed1edf7ae979460b5c8a6'}, 'dob': {'date': '1970-04-24T16:42:46.407Z', 'age': 54}, 'registered': {'date': '2019-07-01T18:54:16.394Z', 'age': 4}, 'phone': '(068) Q98-9861', 'cell': '(098) V57-6975', 'id': {'name': '', 'value': None}, 'picture': {'large': 'https://randomuser.me/api/portraits/men/50.jpg', 'medium': 'https://randomuser.me/api/portraits/med/men/50.jpg', 'thumbnail': 'https://randomuser.me/api/portraits/thumb/men/50.jpg'}, 'nat': 'UA'}</msg>
<arg>${json_data['results'][0]}</arg>
<doc>Logs the given message with the given level.</doc>
<status status="PASS" start="2024-05-25T08:18:06.621406" elapsed="0.000405"/>
</kw>
<kw name="Log" owner="BuiltIn">
<msg time="2024-05-25T08:18:06.622239" level="INFO">email</msg>
<arg>${key}</arg>
<doc>Logs the given message with the given level.</doc>
<status status="PASS" start="2024-05-25T08:18:06.622111" elapsed="0.000164"/>
</kw>
<var name="${key}">email</var>
<status status="PASS" start="2024-05-25T08:18:06.620476" elapsed="0.002014"/>
</iter>
<iter>
<kw name="Dictionary Should Contain Key" owner="Collections">
<msg time="2024-05-25T08:18:06.623150" level="INFO">False</msg>
<arg>${json_data['results'][0]}</arg>
<arg>${key}</arg>
<doc>Fails if ``key`` is not found from ``dictionary``.</doc>
<status status="PASS" start="2024-05-25T08:18:06.622772" elapsed="0.000415"/>
</kw>
<kw name="Log" owner="BuiltIn">
<msg time="2024-05-25T08:18:06.623878" level="INFO">{'gender': 'male', 'name': {'title': 'Mr', 'first': 'Martin', 'last': 'Bezzubenko'}, 'location': {'street': {'number': 3373, 'name': 'Admirala Oktyabrskogo'}, 'city': 'Pavlograd', 'state': 'Sumska', 'country': 'Ukraine', 'postcode': 32861, 'coordinates': {'latitude': '78.1989', 'longitude': '-132.7539'}, 'timezone': {'offset': '+10:00', 'description': 'Eastern Australia, Guam, Vladivostok'}}, 'email': 'martin.bezzubenko@example.com', 'login': {'uuid': '80f5aab4-ebae-4fba-a6ee-c7d85afdecb2', 'username': 'tinytiger794', 'password': 'gordo', 'salt': '5SM30UN3', 'md5': '76d4708824cc2926f98b62464923d19c', 'sha1': '47e53135e4c208caa560b6427561199f6b5a3a8c', 'sha256': 'e0173187196b4a32a312593c7b7797271b0f8e96a52ed1edf7ae979460b5c8a6'}, 'dob': {'date': '1970-04-24T16:42:46.407Z', 'age': 54}, 'registered': {'date': '2019-07-01T18:54:16.394Z', 'age': 4}, 'phone': '(068) Q98-9861', 'cell': '(098) V57-6975', 'id': {'name': '', 'value': None}, 'picture': {'large': 'https://randomuser.me/api/portraits/men/50.jpg', 'medium': 'https://randomuser.me/api/portraits/med/men/50.jpg', 'thumbnail': 'https://randomuser.me/api/portraits/thumb/men/50.jpg'}, 'nat': 'UA'}</msg>
<arg>${json_data['results'][0]}</arg>
<doc>Logs the given message with the given level.</doc>
<status status="PASS" start="2024-05-25T08:18:06.623513" elapsed="0.000411"/>
</kw>
<kw name="Log" owner="BuiltIn">
<msg time="2024-05-25T08:18:06.624341" level="INFO">login</msg>
<arg>${key}</arg>
<doc>Logs the given message with the given level.</doc>
<status status="PASS" start="2024-05-25T08:18:06.624216" elapsed="0.000162"/>
</kw>
<var name="${key}">login</var>
<status status="PASS" start="2024-05-25T08:18:06.622660" elapsed="0.001955"/>
</iter>
<var>${key}</var>
<value>@{expected_keys}</value>
<status status="PASS" start="2024-05-25T08:18:06.613808" elapsed="0.010928"/>
</for>
<kw name="Create List" owner="BuiltIn">
<msg time="2024-05-25T08:18:06.625063" level="INFO">${expected_keysTwo} = ['username', 'password']</msg>
<var>${expected_keysTwo}</var>
<arg>username</arg>
<arg>password</arg>
<doc>Returns a list containing given items.</doc>
<status status="PASS" start="2024-05-25T08:18:06.624926" elapsed="0.000160"/>
</kw>
<for flavor="IN">
<iter>
<kw name="Dictionary Should Contain Key" owner="Collections">
<msg time="2024-05-25T08:18:06.625952" level="INFO">False</msg>
<arg>${json_data['results'][0]['login']}</arg>
<arg>${keyTwo}</arg>
<doc>Fails if ``key`` is not found from ``dictionary``.</doc>
<status status="PASS" start="2024-05-25T08:18:06.625579" elapsed="0.000409"/>
</kw>
<kw name="Dictionary Should Contain Key" owner="Collections">
<msg time="2024-05-25T08:18:06.626656" level="INFO">False</msg>
<arg>${json_data['results'][0]['login']}</arg>
<arg>${keyTwo}</arg>
<doc>Fails if ``key`` is not found from ``dictionary``.</doc>
<status status="PASS" start="2024-05-25T08:18:06.626280" elapsed="0.000412"/>
</kw>
<kw name="Log" owner="BuiltIn">
<msg time="2024-05-25T08:18:06.627107" level="INFO">username</msg>
<arg>${keyTwo}</arg>
<doc>Logs the given message with the given level.</doc>
<status status="PASS" start="2024-05-25T08:18:06.626981" elapsed="0.000163"/>
</kw>
<var name="${keyTwo}">username</var>
<status status="PASS" start="2024-05-25T08:18:06.625469" elapsed="0.001889"/>
</iter>
<iter>
<kw name="Dictionary Should Contain Key" owner="Collections">
<msg time="2024-05-25T08:18:06.628053" level="INFO">False</msg>
<arg>${json_data['results'][0]['login']}</arg>
<arg>${keyTwo}</arg>
<doc>Fails if ``key`` is not found from ``dictionary``.</doc>
<status status="PASS" start="2024-05-25T08:18:06.627673" elapsed="0.000416"/>
</kw>
<kw name="Dictionary Should Contain Key" owner="Collections">
<msg time="2024-05-25T08:18:06.628753" level="INFO">False</msg>
<arg>${json_data['results'][0]['login']}</arg>
<arg>${keyTwo}</arg>
<doc>Fails if ``key`` is not found from ``dictionary``.</doc>
<status status="PASS" start="2024-05-25T08:18:06.628381" elapsed="0.000408"/>
</kw>
<kw name="Log" owner="BuiltIn">
<msg time="2024-05-25T08:18:06.629214" level="INFO">password</msg>
<arg>${keyTwo}</arg>
<doc>Logs the given message with the given level.</doc>
<status status="PASS" start="2024-05-25T08:18:06.629078" elapsed="0.000174"/>
</kw>
<var name="${keyTwo}">password</var>
<status status="PASS" start="2024-05-25T08:18:06.627563" elapsed="0.001903"/>
</iter>
<var>${keyTwo}</var>
<value>@{expected_keysTwo}</value>
<status status="PASS" start="2024-05-25T08:18:06.625321" elapsed="0.004263"/>
</for>
<status status="PASS" start="2024-05-25T08:18:06.473396" elapsed="0.156326"/>
</kw>
<doc>Testa a estrutura da resposta da API.</doc>
<tag>testeEstruturaResposta</tag>
<status status="PASS" start="2024-05-25T08:18:06.472922" elapsed="0.156946"/>
</test>
<test id="s1-s1-t4" name="Validar tipos de dados" line="28">
<kw name="Teste de Tipos de Dados" owner="random-user-service">
<kw name="GET On Session" owner="RequestsLibrary">
<msg time="2024-05-25T08:18:06.740130" level="INFO">GET Request : url=https://randomuser.me/api 
 path_url=/api 
 headers={'User-Agent': 'python-requests/2.32.2', 'Accept-Encoding': 'gzip, deflate', 'Accept': '*/*', 'Connection': 'keep-alive'} 
 body=None 
 </msg>
<msg time="2024-05-25T08:18:06.740191" level="INFO">GET Response : url=https://randomuser.me/api 
 status=200, reason=OK 
 headers={'Date': 'Sat, 25 May 2024 08:18:06 GMT', 'Content-Type': 'application/json; charset=utf-8', 'Transfer-Encoding': 'chunked', 'Connection': 'keep-alive', 'X-Powered-By': 'Express', 'Access-Control-Allow-Origin': '*', 'Cache-Control': 'no-cache', 'ETag': 'W/"499-PBLLbD8zk3IKAktoJ3RXu12ZV3k"', 'Vary': 'Accept-Encoding', 'Content-Encoding': 'gzip', 'CF-Cache-Status': 'DYNAMIC', 'Report-To': '{"endpoints":[{"url":"https:\\/\\/a.nel.cloudflare.com\\/report\\/v4?s=yuwHZ1CK%2FHdX5Mm5ccmy0nnY4c0rDU3FmZkhxzRCZKxpPcvMhEYv576w6Nyd%2FhBjYLh1WhVvm0XsItt%2FAWqw4hMCnNWSlzXQQC4EOYmNtLe3m84fU2h%2FHZUmDcZT0a%2Fy"}],"group":"cf-nel","max_age":604800}', 'NEL': '{"success_fraction":0,"report_to":"cf-nel","max_age":604800}', 'Server': 'cloudflare', 'CF-RAY': '889417c77f8e7e74-LAX', 'alt-svc': 'h3=":443"; ma=86400'} 
 body={"results":[{"gender":"female","name":{"title":"Miss","first":"Grace","last":"Walker"},"location":{"street":{"number":1151,"name":"Rankin Avenue"},"city":"Wellington","state":"Marlborough","country":"New Zealand","postcode":64525,"coordinates":{"latitude":"49.8711","longitude":"55.2104"},"timezone":{"offset":"-4:00","description":"Atlantic Time (Canada), Caracas, La Paz"}},"email":"grace.walker@example.com","login":{"uuid":"5c541be6-9360-4855-85dd-d5969ba8ccca","username":"smallswan381","password":"sunshine","salt":"nzaFxxFu","md5":"bc098162b81ff2c5c7f46f6444abc81c","sha1":"6d78f543beb0c74405eb55916d73ddf6c88a4f83","sha256":"425e046ee0267a64b6c010ed18c921e649bd5f49c4144d5675ff366767ff40e3"},"dob":{"date":"1979-11-02T23:16:07.096Z","age":44},"registered":{"date":"2009-11-19T01:19:28.686Z","age":14},"phone":"(765)-777-6790","cell":"(273)-167-9151","id":{"name":"","value":null},"picture":{"large":"https://randomuser.me/api/portraits/women/55.jpg","medium":"https://randomuser.me/api/portraits/med/women/55.jpg","thumbnail":"https://randomuser.me/api/portraits/thumb/women/55.jpg"},"nat":"NZ"}],"info":{"seed":"8a4bb2af2bc56f82","results":1,"page":1,"version":"1.4"}} 
 </msg>
<msg time="2024-05-25T08:18:06.740249" level="INFO">/opt/hostedtoolcache/Python/3.12.3/x64/lib/python3.12/site-packages/urllib3/connectionpool.py:1103: InsecureRequestWarning: Unverified HTTPS request is being made to host 'randomuser.me'. Adding certificate verification is strongly advised. See: https://urllib3.readthedocs.io/en/latest/advanced-usage.html#tls-warnings
  warnings.warn(</msg>
<msg time="2024-05-25T08:18:06.740331" level="INFO">${response} = &lt;Response [200]&gt;</msg>
<var>${response}</var>
<arg>consultarAPI</arg>
<arg>/api</arg>
<doc>Sends a GET request on a previously created HTTP Session.</doc>
<status status="PASS" start="2024-05-25T08:18:06.632404" elapsed="0.107951"/>
</kw>
<kw name="Set Variable" owner="BuiltIn">
<msg time="2024-05-25T08:18:06.741144" level="INFO">${json_data} = {'results': [{'gender': 'female', 'name': {'title': 'Miss', 'first': 'Grace', 'last': 'Walker'}, 'location': {'street': {'number': 1151, 'name': 'Rankin Avenue'}, 'city': 'Wellington', 'state': 'Marlb...</msg>
<var>${json_data}</var>
<arg>${response.json()}</arg>
<doc>Returns the given values which can then be assigned to a variables.</doc>
<status status="PASS" start="2024-05-25T08:18:06.740718" elapsed="0.000455"/>
</kw>
<kw name="Log" owner="BuiltIn">
<msg time="2024-05-25T08:18:06.741631" level="INFO">{'results': [{'gender': 'female', 'name': {'title': 'Miss', 'first': 'Grace', 'last': 'Walker'}, 'location': {'street': {'number': 1151, 'name': 'Rankin Avenue'}, 'city': 'Wellington', 'state': 'Marlborough', 'country': 'New Zealand', 'postcode': 64525, 'coordinates': {'latitude': '49.8711', 'longitude': '55.2104'}, 'timezone': {'offset': '-4:00', 'description': 'Atlantic Time (Canada), Caracas, La Paz'}}, 'email': 'grace.walker@example.com', 'login': {'uuid': '5c541be6-9360-4855-85dd-d5969ba8ccca', 'username': 'smallswan381', 'password': 'sunshine', 'salt': 'nzaFxxFu', 'md5': 'bc098162b81ff2c5c7f46f6444abc81c', 'sha1': '6d78f543beb0c74405eb55916d73ddf6c88a4f83', 'sha256': '425e046ee0267a64b6c010ed18c921e649bd5f49c4144d5675ff366767ff40e3'}, 'dob': {'date': '1979-11-02T23:16:07.096Z', 'age': 44}, 'registered': {'date': '2009-11-19T01:19:28.686Z', 'age': 14}, 'phone': '(765)-777-6790', 'cell': '(273)-167-9151', 'id': {'name': '', 'value': None}, 'picture': {'large': 'https://randomuser.me/api/portraits/women/55.jpg', 'medium': 'https://randomuser.me/api/portraits/med/women/55.jpg', 'thumbnail': 'https://randomuser.me/api/portraits/thumb/women/55.jpg'}, 'nat': 'NZ'}], 'info': {'seed': '8a4bb2af2bc56f82', 'results': 1, 'page': 1, 'version': '1.4'}}</msg>
<arg>${json_data}</arg>
<doc>Logs the given message with the given level.</doc>
<status status="PASS" start="2024-05-25T08:18:06.741476" elapsed="0.000239"/>
</kw>
<kw name="Should Be String" owner="String">
<arg>${json_data['results'][0]['gender']}</arg>
<doc>Fails if the given ``item`` is not a string.</doc>
<status status="PASS" start="2024-05-25T08:18:06.742023" elapsed="0.000369"/>
</kw>
<kw name="Should Match Regexp" owner="BuiltIn">
<arg>${json_data['results'][0]['email']}</arg>
<arg>^[a-zA-Z0-9._%+-]+@[a-zA-Z0-9.-]+\.[a-zA-Z]{2,}$</arg>
<doc>Fails if ``string`` does not match ``pattern`` as a regular expression.</doc>
<status status="PASS" start="2024-05-25T08:18:06.742590" elapsed="0.000646"/>
</kw>
<kw name="Should Match Regexp" owner="BuiltIn">
<arg>${json_data['results'][0]['dob']['date']}</arg>
<arg>\\d{4}-\\d{2}-\\d{2}T\\d{2}:\\d{2}:\\d{2}\\.\\d{3}Z</arg>
<doc>Fails if ``string`` does not match ``pattern`` as a regular expression.</doc>
<status status="PASS" start="2024-05-25T08:18:06.743488" elapsed="0.000515"/>
</kw>
<kw name="Should Match Regexp" owner="BuiltIn">
<arg>${json_data['results'][0]['registered']['date']}</arg>
<arg>\\d{4}-\\d{2}-\\d{2}T\\d{2}:\\d{2}:\\d{2}\\.\\d{3}Z</arg>
<doc>Fails if ``string`` does not match ``pattern`` as a regular expression.</doc>
<status status="PASS" start="2024-05-25T08:18:06.744189" elapsed="0.000344"/>
</kw>
<kw name="Should Match Regexp" owner="BuiltIn">
<arg>${json_data['results'][0]['picture']['large']}</arg>
<arg>^https?://.*\.(?:png|jpe?g|gif|bmp)$</arg>
<doc>Fails if ``string`` does not match ``pattern`` as a regular expression.</doc>
<status status="PASS" start="2024-05-25T08:18:06.744712" elapsed="0.000429"/>
</kw>
<kw name="Should Match Regexp" owner="BuiltIn">
<arg>${json_data['results'][0]['picture']['medium']}</arg>
<arg>^https?://.*\.(?:png|jpe?g|gif|bmp)$</arg>
<doc>Fails if ``string`` does not match ``pattern`` as a regular expression.</doc>
<status status="PASS" start="2024-05-25T08:18:06.745319" elapsed="0.000339"/>
</kw>
<kw name="Should Match Regexp" owner="BuiltIn">
<arg>${json_data['results'][0]['picture']['thumbnail']}</arg>
<arg>^https?://.*\.(?:png|jpe?g|gif|bmp)$</arg>
<doc>Fails if ``string`` does not match ``pattern`` as a regular expression.</doc>
<status status="PASS" start="2024-05-25T08:18:06.745833" elapsed="0.000323"/>
</kw>
<kw name="Log" owner="BuiltIn">
<msg time="2024-05-25T08:18:06.746622" level="INFO">{'large': 'https://randomuser.me/api/portraits/women/55.jpg', 'medium': 'https://randomuser.me/api/portraits/med/women/55.jpg', 'thumbnail': 'https://randomuser.me/api/portraits/thumb/women/55.jpg'}</msg>
<arg>${json_data['results'][0]['picture']}</arg>
<doc>Logs the given message with the given level.</doc>
<status status="PASS" start="2024-05-25T08:18:06.746325" elapsed="0.000335"/>
</kw>
<status status="PASS" start="2024-05-25T08:18:06.632138" elapsed="0.114755"/>
</kw>
<kw name="Teste de Tipos de Dados - Postcode" owner="random-user-service">
<kw name="GET On Session" owner="RequestsLibrary">
<msg time="2024-05-25T08:18:06.840129" level="INFO">GET Request : url=https://randomuser.me/api 
 path_url=/api 
 headers={'User-Agent': 'python-requests/2.32.2', 'Accept-Encoding': 'gzip, deflate', 'Accept': '*/*', 'Connection': 'keep-alive'} 
 body=None 
 </msg>
<msg time="2024-05-25T08:18:06.840195" level="INFO">GET Response : url=https://randomuser.me/api 
 status=200, reason=OK 
 headers={'Date': 'Sat, 25 May 2024 08:18:06 GMT', 'Content-Type': 'application/json; charset=utf-8', 'Transfer-Encoding': 'chunked', 'Connection': 'keep-alive', 'X-Powered-By': 'Express', 'Access-Control-Allow-Origin': '*', 'Cache-Control': 'no-cache', 'ETag': 'W/"49f-AiWP81cJHWB1/uFmAChIrNBmgkk"', 'Vary': 'Accept-Encoding', 'Content-Encoding': 'gzip', 'CF-Cache-Status': 'DYNAMIC', 'Report-To': '{"endpoints":[{"url":"https:\\/\\/a.nel.cloudflare.com\\/report\\/v4?s=a8%2BcmzihBf65K4lxzKcN7tmXLkxxobVfbRn8p0%2BexVby8hgn6s9Yz%2Fwo2LyA%2Fb0m8%2BCNsqeDIJykYtDT6VbjHFQfE1FC54r3SWcgaMzl%2FvmDr4igyllZHCRpfq80XnOX"}],"group":"cf-nel","max_age":604800}', 'NEL': '{"success_fraction":0,"report_to":"cf-nel","max_age":604800}', 'Server': 'cloudflare', 'CF-RAY': '889417c8383b7e74-LAX', 'alt-svc': 'h3=":443"; ma=86400'} 
 body={"results":[{"gender":"female","name":{"title":"Miss","first":"Ellen","last":"Kinnunen"},"location":{"street":{"number":6754,"name":"Tehtaankatu"},"city":"Vehmaa","state":"Northern Savonia","country":"Finland","postcode":92514,"coordinates":{"latitude":"-27.4042","longitude":"78.8568"},"timezone":{"offset":"-3:00","description":"Brazil, Buenos Aires, Georgetown"}},"email":"ellen.kinnunen@example.com","login":{"uuid":"2535aef7-eb4a-44b8-b18f-533f7c6e9fc7","username":"yellowgoose297","password":"madmax","salt":"QqNsSFme","md5":"42a225cd88017aaf354531505bca0c36","sha1":"fdc7e4680f2bc619dcc881dc25dd3ad11042c553","sha256":"2590d68503e7cd395f4524d748e55213f83b4b4744333962b5ca155d608f8612"},"dob":{"date":"1957-08-20T20:33:30.263Z","age":66},"registered":{"date":"2022-03-05T22:36:20.411Z","age":2},"phone":"08-486-974","cell":"048-607-51-15","id":{"name":"HETU","value":"NaNNA544undefined"},"picture":{"large":"https://randomuser.me/api/portraits/women/48.jpg","medium":"https://randomuser.me/api/portraits/med/women/48.jpg","thumbnail":"https://randomuser.me/api/portraits/thumb/women/48.jpg"},"nat":"FI"}],"info":{"seed":"9dd716549b1bf52e","results":1,"page":1,"version":"1.4"}} 
 </msg>
<msg time="2024-05-25T08:18:06.840244" level="INFO">/opt/hostedtoolcache/Python/3.12.3/x64/lib/python3.12/site-packages/urllib3/connectionpool.py:1103: InsecureRequestWarning: Unverified HTTPS request is being made to host 'randomuser.me'. Adding certificate verification is strongly advised. See: https://urllib3.readthedocs.io/en/latest/advanced-usage.html#tls-warnings
  warnings.warn(</msg>
<msg time="2024-05-25T08:18:06.840321" level="INFO">${response} = &lt;Response [200]&gt;</msg>
<var>${response}</var>
<arg>consultarAPI</arg>
<arg>/api</arg>
<doc>Sends a GET request on a previously created HTTP Session.</doc>
<status status="PASS" start="2024-05-25T08:18:06.747289" elapsed="0.093053"/>
</kw>
<kw name="Set Variable" owner="BuiltIn">
<msg time="2024-05-25T08:18:06.841110" level="INFO">${json_data} = {'results': [{'gender': 'female', 'name': {'title': 'Miss', 'first': 'Ellen', 'last': 'Kinnunen'}, 'location': {'street': {'number': 6754, 'name': 'Tehtaankatu'}, 'city': 'Vehmaa', 'state': 'Northern ...</msg>
<var>${json_data}</var>
<arg>${response.json()}</arg>
<doc>Returns the given values which can then be assigned to a variables.</doc>
<status status="PASS" start="2024-05-25T08:18:06.840689" elapsed="0.000449"/>
</kw>
<kw name="Log" owner="BuiltIn">
<msg time="2024-05-25T08:18:06.841571" level="INFO">{'results': [{'gender': 'female', 'name': {'title': 'Miss', 'first': 'Ellen', 'last': 'Kinnunen'}, 'location': {'street': {'number': 6754, 'name': 'Tehtaankatu'}, 'city': 'Vehmaa', 'state': 'Northern Savonia', 'country': 'Finland', 'postcode': 92514, 'coordinates': {'latitude': '-27.4042', 'longitude': '78.8568'}, 'timezone': {'offset': '-3:00', 'description': 'Brazil, Buenos Aires, Georgetown'}}, 'email': 'ellen.kinnunen@example.com', 'login': {'uuid': '2535aef7-eb4a-44b8-b18f-533f7c6e9fc7', 'username': 'yellowgoose297', 'password': 'madmax', 'salt': 'QqNsSFme', 'md5': '42a225cd88017aaf354531505bca0c36', 'sha1': 'fdc7e4680f2bc619dcc881dc25dd3ad11042c553', 'sha256': '2590d68503e7cd395f4524d748e55213f83b4b4744333962b5ca155d608f8612'}, 'dob': {'date': '1957-08-20T20:33:30.263Z', 'age': 66}, 'registered': {'date': '2022-03-05T22:36:20.411Z', 'age': 2}, 'phone': '08-486-974', 'cell': '048-607-51-15', 'id': {'name': 'HETU', 'value': 'NaNNA544undefined'}, 'picture': {'large': 'https://randomuser.me/api/portraits/women/48.jpg', 'medium': 'https://randomuser.me/api/portraits/med/women/48.jpg', 'thumbnail': 'https://randomuser.me/api/portraits/thumb/women/48.jpg'}, 'nat': 'FI'}], 'info': {'seed': '9dd716549b1bf52e', 'results': 1, 'page': 1, 'version': '1.4'}}</msg>
<arg>${json_data}</arg>
<doc>Logs the given message with the given level.</doc>
<status status="PASS" start="2024-05-25T08:18:06.841430" elapsed="0.000214"/>
</kw>
<kw name="Should Be Equal As Numbers" owner="BuiltIn">
<arg>${json_data['results'][0]['location']['postcode']}</arg>
<arg>${json_data['results'][0]['location']['postcode']}</arg>
<doc>Fails if objects are unequal after converting them to real numbers.</doc>
<status status="PASS" start="2024-05-25T08:18:06.841926" elapsed="0.000575"/>
</kw>
<kw name="Log" owner="BuiltIn">
<msg time="2024-05-25T08:18:06.843018" level="INFO">92514</msg>
<arg>${json_data['results'][0]['location']['postcode']}</arg>
<doc>Logs the given message with the given level.</doc>
<status status="PASS" start="2024-05-25T08:18:06.842682" elapsed="0.000377"/>
</kw>
<status status="PASS" start="2024-05-25T08:18:06.747088" elapsed="0.096224"/>
</kw>
<doc>Testa se os tipos de dados na resposta da API estão corretos.</doc>
<tag>testeTiposDados</tag>
<status status="PASS" start="2024-05-25T08:18:06.631632" elapsed="0.211872"/>
</test>
<test id="s1-s1-t5" name="Validar conteudo" line="35">
<kw name="Teste de Tipos de Conteudo" owner="random-user-service">
<kw name="GET On Session" owner="RequestsLibrary">
<msg time="2024-05-25T08:18:06.942353" level="INFO">GET Request : url=https://randomuser.me/api 
 path_url=/api 
 headers={'User-Agent': 'python-requests/2.32.2', 'Accept-Encoding': 'gzip, deflate', 'Accept': '*/*', 'Connection': 'keep-alive'} 
 body=None 
 </msg>
<msg time="2024-05-25T08:18:06.942417" level="INFO">GET Response : url=https://randomuser.me/api 
 status=200, reason=OK 
 headers={'Date': 'Sat, 25 May 2024 08:18:06 GMT', 'Content-Type': 'application/json; charset=utf-8', 'Transfer-Encoding': 'chunked', 'Connection': 'keep-alive', 'X-Powered-By': 'Express', 'Access-Control-Allow-Origin': '*', 'Cache-Control': 'no-cache', 'ETag': 'W/"48c-0xQpRHkc1uLmJbX5l6sXiJaVujo"', 'Vary': 'Accept-Encoding', 'Content-Encoding': 'gzip', 'CF-Cache-Status': 'DYNAMIC', 'Report-To': '{"endpoints":[{"url":"https:\\/\\/a.nel.cloudflare.com\\/report\\/v4?s=D7wLIoXCf1nJwErLVpfzRE4izSbXqcSphOSWJFLdDcOIOPHlNhvA2JpyIyTfAtnIYHBpuLkXeajcfPfJ6KTWGjiN7z773YHmqpUEFvguVYZ9WJBkP0cyRdlPaX0g%2F61L"}],"group":"cf-nel","max_age":604800}', 'NEL': '{"success_fraction":0,"report_to":"cf-nel","max_age":604800}', 'Server': 'cloudflare', 'CF-RAY': '889417c8d8a07e74-LAX', 'alt-svc': 'h3=":443"; ma=86400'} 
 body={"results":[{"gender":"female","name":{"title":"Miss","first":"Melike","last":"Tüzün"},"location":{"street":{"number":4886,"name":"Vatan Cd"},"city":"Gümüşhane","state":"Bingöl","country":"Turkey","postcode":36518,"coordinates":{"latitude":"69.7495","longitude":"128.6204"},"timezone":{"offset":"+10:00","description":"Eastern Australia, Guam, Vladivostok"}},"email":"melike.tuzun@example.com","login":{"uuid":"ad5f7f52-49bb-48a7-940f-38794951e9aa","username":"whiteduck594","password":"420000","salt":"LUSHNBgq","md5":"99fe499721556af30044dd6661439e24","sha1":"6c298d1adc4e5b059efb824c96f54e5070ae2c4e","sha256":"a3d02669bd4bfd1a5b5a062ec0d1333d1a93588ca3eae4703f424de713438cf2"},"dob":{"date":"1970-07-21T10:01:19.470Z","age":53},"registered":{"date":"2013-10-28T11:00:54.446Z","age":10},"phone":"(631)-966-6499","cell":"(440)-564-5915","id":{"name":"","value":null},"picture":{"large":"https://randomuser.me/api/portraits/women/27.jpg","medium":"https://randomuser.me/api/portraits/med/women/27.jpg","thumbnail":"https://randomuser.me/api/portraits/thumb/women/27.jpg"},"nat":"TR"}],"info":{"seed":"e110b6a311ab1dc2","results":1,"page":1,"version":"1.4"}} 
 </msg>
<msg time="2024-05-25T08:18:06.942475" level="INFO">/opt/hostedtoolcache/Python/3.12.3/x64/lib/python3.12/site-packages/urllib3/connectionpool.py:1103: InsecureRequestWarning: Unverified HTTPS request is being made to host 'randomuser.me'. Adding certificate verification is strongly advised. See: https://urllib3.readthedocs.io/en/latest/advanced-usage.html#tls-warnings
  warnings.warn(</msg>
<msg time="2024-05-25T08:18:06.942564" level="INFO">${response} = &lt;Response [200]&gt;</msg>
<var>${response}</var>
<arg>consultarAPI</arg>
<arg>/api</arg>
<doc>Sends a GET request on a previously created HTTP Session.</doc>
<status status="PASS" start="2024-05-25T08:18:06.846268" elapsed="0.096320"/>
</kw>
<kw name="Set Variable" owner="BuiltIn">
<msg time="2024-05-25T08:18:06.943473" level="INFO">${json_data} = {'results': [{'gender': 'female', 'name': {'title': 'Miss', 'first': 'Melike', 'last': 'Tüzün'}, 'location': {'street': {'number': 4886, 'name': 'Vatan Cd'}, 'city': 'Gümüşhane', 'state': 'Bingöl', 'c...</msg>
<var>${json_data}</var>
<arg>${response.json()}</arg>
<doc>Returns the given values which can then be assigned to a variables.</doc>
<status status="PASS" start="2024-05-25T08:18:06.942975" elapsed="0.000531"/>
</kw>
<kw name="Set Variable" owner="BuiltIn">
<msg time="2024-05-25T08:18:06.944198" level="INFO">${name_title} = Miss</msg>
<var>${name_title}</var>
<arg>${json_data["results"][0]["name"]["title"]}</arg>
<doc>Returns the given values which can then be assigned to a variables.</doc>
<status status="PASS" start="2024-05-25T08:18:06.943815" elapsed="0.000409"/>
</kw>
<kw name="Create List" owner="BuiltIn">
<msg time="2024-05-25T08:18:06.944672" level="INFO">${allowed_titles} = ['Mr', 'Ms', 'Miss', 'Mrs', 'Madame', 'Monsieur']</msg>
<var>${allowed_titles}</var>
<arg>Mr</arg>
<arg>Ms</arg>
<arg>Miss</arg>
<arg>Mrs</arg>
<arg>Madame</arg>
<arg>Monsieur</arg>
<doc>Returns a list containing given items.</doc>
<status status="PASS" start="2024-05-25T08:18:06.944522" elapsed="0.000175"/>
</kw>
<kw name="List Should Contain Value" owner="Collections">
<msg time="2024-05-25T08:18:06.945170" level="INFO">False</msg>
<arg>${allowed_titles}</arg>
<arg>${name_title}</arg>
<doc>Fails if the ``value`` is not found from ``list``.</doc>
<status status="PASS" start="2024-05-25T08:18:06.944999" elapsed="0.000207"/>
</kw>
<kw name="Set Variable" owner="BuiltIn">
<msg time="2024-05-25T08:18:06.946006" level="INFO">${name_country} = TR</msg>
<var>${name_country}</var>
<arg>${json_data["results"][0]["nat"]}</arg>
<doc>Returns the given values which can then be assigned to a variables.</doc>
<status status="PASS" start="2024-05-25T08:18:06.945495" elapsed="0.000537"/>
</kw>
<kw name="Create List" owner="BuiltIn">
<msg time="2024-05-25T08:18:06.946942" level="INFO">${list_country} = ['AD', 'AE', 'AF', 'AG', 'AI', 'AL', 'AM', 'AO', 'AQ', 'AR', 'AS', 'AT', 'AU', 'AW', 'AX', 'AZ', 'BA', 'BB', 'BD', 'BE', 'BF', 'BG', 'BH', 'BI', 'BJ', 'BL', 'BM', 'BN', 'BO', 'BQ', 'BR', 'BS', 'BT', '...</msg>
<var>${list_country}</var>
<arg>AD</arg>
<arg>AE</arg>
<arg>AF</arg>
<arg>AG</arg>
<arg>AI</arg>
<arg>AL</arg>
<arg>AM</arg>
<arg>AO</arg>
<arg>AQ</arg>
<arg>AR</arg>
<arg>AS</arg>
<arg>AT</arg>
<arg>AU</arg>
<arg>AW</arg>
<arg>AX</arg>
<arg>AZ</arg>
<arg>BA</arg>
<arg>BB</arg>
<arg>BD</arg>
<arg>BE</arg>
<arg>BF</arg>
<arg>BG</arg>
<arg>BH</arg>
<arg>BI</arg>
<arg>BJ</arg>
<arg>BL</arg>
<arg>BM</arg>
<arg>BN</arg>
<arg>BO</arg>
<arg>BQ</arg>
<arg>BR</arg>
<arg>BS</arg>
<arg>BT</arg>
<arg>BV</arg>
<arg>BW</arg>
<arg>BY</arg>
<arg>BZ</arg>
<arg>CA</arg>
<arg>CC</arg>
<arg>CD</arg>
<arg>CF</arg>
<arg>CG</arg>
<arg>CH</arg>
<arg>CI</arg>
<arg>CK</arg>
<arg>CL</arg>
<arg>CM</arg>
<arg>CN</arg>
<arg>CO</arg>
<arg>CR</arg>
<arg>CU</arg>
<arg>CV</arg>
<arg>CW</arg>
<arg>CX</arg>
<arg>CY</arg>
<arg>CZ</arg>
<arg>DE</arg>
<arg>DJ</arg>
<arg>DK</arg>
<arg>DM</arg>
<arg>DO</arg>
<arg>DZ</arg>
<arg>EC</arg>
<arg>EE</arg>
<arg>EG</arg>
<arg>EH</arg>
<arg>ER</arg>
<arg>ES</arg>
<arg>ET</arg>
<arg>FI</arg>
<arg>FJ</arg>
<arg>FK</arg>
<arg>FM</arg>
<arg>FO</arg>
<arg>FR</arg>
<arg>GA</arg>
<arg>GB</arg>
<arg>GD</arg>
<arg>GE</arg>
<arg>GF</arg>
<arg>GG</arg>
<arg>GH</arg>
<arg>GI</arg>
<arg>GL</arg>
<arg>GM</arg>
<arg>GN</arg>
<arg>GP</arg>
<arg>GQ</arg>
<arg>GR</arg>
<arg>GS</arg>
<arg>GT</arg>
<arg>GU</arg>
<arg>GW</arg>
<arg>GY</arg>
<arg>HK</arg>
<arg>HM</arg>
<arg>HN</arg>
<arg>HR</arg>
<arg>HT</arg>
<arg>HU</arg>
<arg>ID</arg>
<arg>IE</arg>
<arg>IL</arg>
<arg>IM</arg>
<arg>IN</arg>
<arg>IO</arg>
<arg>IQ</arg>
<arg>IR</arg>
<arg>IS</arg>
<arg>IT</arg>
<arg>JE</arg>
<arg>JM</arg>
<arg>JO</arg>
<arg>JP</arg>
<arg>KE</arg>
<arg>KG</arg>
<arg>KH</arg>
<arg>KI</arg>
<arg>KM</arg>
<arg>KN</arg>
<arg>KP</arg>
<arg>KR</arg>
<arg>KW</arg>
<arg>KY</arg>
<arg>KZ</arg>
<arg>LA</arg>
<arg>LB</arg>
<arg>LC</arg>
<arg>LI</arg>
<arg>LK</arg>
<arg>LR</arg>
<arg>LS</arg>
<arg>LT</arg>
<arg>LU</arg>
<arg>LV</arg>
<arg>LY</arg>
<arg>MA</arg>
<arg>MC</arg>
<arg>MD</arg>
<arg>ME</arg>
<arg>MF</arg>
<arg>MG</arg>
<arg>MH</arg>
<arg>MK</arg>
<arg>ML</arg>
<arg>MM</arg>
<arg>MN</arg>
<arg>MO</arg>
<arg>MP</arg>
<arg>MQ</arg>
<arg>MR</arg>
<arg>MS</arg>
<arg>MT</arg>
<arg>MU</arg>
<arg>MV</arg>
<arg>MW</arg>
<arg>MX</arg>
<arg>MY</arg>
<arg>MZ</arg>
<arg>NA</arg>
<arg>NC</arg>
<arg>NE</arg>
<arg>NF</arg>
<arg>NG</arg>
<arg>NI</arg>
<arg>NL</arg>
<arg>NO</arg>
<arg>NP</arg>
<arg>NR</arg>
<arg>NU</arg>
<arg>NZ</arg>
<arg>OM</arg>
<arg>PA</arg>
<arg>PE</arg>
<arg>PF</arg>
<arg>PG</arg>
<arg>PH</arg>
<arg>PK</arg>
<arg>PL</arg>
<arg>PM</arg>
<arg>PN</arg>
<arg>PR</arg>
<arg>PS</arg>
<arg>PT</arg>
<arg>PW</arg>
<arg>PY</arg>
<arg>QA</arg>
<arg>RE</arg>
<arg>RO</arg>
<arg>RS</arg>
<arg>RU</arg>
<arg>RW</arg>
<arg>SA</arg>
<arg>SB</arg>
<arg>SC</arg>
<arg>SD</arg>
<arg>SE</arg>
<arg>SG</arg>
<arg>SH</arg>
<arg>SI</arg>
<arg>SJ</arg>
<arg>SK</arg>
<arg>SL</arg>
<arg>SM</arg>
<arg>SN</arg>
<arg>SO</arg>
<arg>SR</arg>
<arg>SS</arg>
<arg>ST</arg>
<arg>SV</arg>
<arg>SX</arg>
<arg>SY</arg>
<arg>SZ</arg>
<arg>TC</arg>
<arg>TD</arg>
<arg>TF</arg>
<arg>TG</arg>
<arg>TH</arg>
<arg>TJ</arg>
<arg>TK</arg>
<arg>TL</arg>
<arg>TM</arg>
<arg>TN</arg>
<arg>TO</arg>
<arg>TR</arg>
<arg>TT</arg>
<arg>TV</arg>
<arg>TW</arg>
<arg>TZ</arg>
<arg>UA</arg>
<arg>UG</arg>
<arg>UM</arg>
<arg>US</arg>
<arg>UY</arg>
<arg>UZ</arg>
<arg>VA</arg>
<arg>VC</arg>
<arg>VE</arg>
<arg>VG</arg>
<arg>VI</arg>
<arg>VN</arg>
<arg>VU</arg>
<arg>WF</arg>
<arg>WS</arg>
<arg>XK</arg>
<arg>YE</arg>
<arg>YT</arg>
<arg>ZA</arg>
<arg>ZM</arg>
<arg>ZW</arg>
<doc>Returns a list containing given items.</doc>
<status status="PASS" start="2024-05-25T08:18:06.946342" elapsed="0.000628"/>
</kw>
<kw name="List Should Contain Value" owner="Collections">
<msg time="2024-05-25T08:18:06.947988" level="INFO">False</msg>
<arg>${list_country}</arg>
<arg>${name_country}</arg>
<doc>Fails if the ``value`` is not found from ``list``.</doc>
<status status="PASS" start="2024-05-25T08:18:06.947777" elapsed="0.000248"/>
</kw>
<kw name="Run Keyword If" owner="BuiltIn">
<kw name="Should Be True" owner="BuiltIn">
<arg>${True}</arg>
<doc>Fails if the given condition is not true.</doc>
<status status="PASS" start="2024-05-25T08:18:06.949102" elapsed="0.000143"/>
</kw>
<arg>${json_data["results"][0]["location"]["coordinates"]["latitude"]} &gt;= -90 and ${json_data["results"][0]["location"]["coordinates"]["latitude"]} &lt;= 90</arg>
<arg>Should Be True</arg>
<arg>${True}</arg>
<doc>Runs the given keyword with the given arguments, if ``condition`` is true.</doc>
<status status="PASS" start="2024-05-25T08:18:06.948337" elapsed="0.001034"/>
</kw>
<kw name="Run Keyword If" owner="BuiltIn">
<kw name="Should Be True" owner="BuiltIn">
<arg>${True}</arg>
<doc>Fails if the given condition is not true.</doc>
<status status="PASS" start="2024-05-25T08:18:06.950247" elapsed="0.000140"/>
</kw>
<arg>${json_data["results"][0]["location"]["coordinates"]["longitude"]} &gt;= -180 and ${json_data["results"][0]["location"]["coordinates"]["longitude"]} &lt;= 180</arg>
<arg>Should Be True</arg>
<arg>${True}</arg>
<doc>Runs the given keyword with the given arguments, if ``condition`` is true.</doc>
<status status="PASS" start="2024-05-25T08:18:06.949556" elapsed="0.000955"/>
</kw>
<status status="PASS" start="2024-05-25T08:18:06.845889" elapsed="0.104747"/>
</kw>
<doc>Testa o conteúdo específico dos campos retornados pela API.</doc>
<tag>testeConteudo</tag>
<status status="PASS" start="2024-05-25T08:18:06.845237" elapsed="0.105541"/>
</test>
<status status="PASS" start="2024-05-25T08:18:05.927067" elapsed="1.025609"/>
</suite>
<status status="PASS" start="2024-05-25T08:18:05.913330" elapsed="1.044439"/>
</suite>
<statistics>
<total>
<stat pass="5" fail="0" skip="0">All Tests</stat>
</total>
<tag>
<stat pass="1" fail="0" skip="0">testeConteudo</stat>
<stat pass="1" fail="0" skip="0">testeEstruturaResposta</stat>
<stat pass="1" fail="0" skip="0">testeRequisicaoBasica</stat>
<stat pass="1" fail="0" skip="0">testeTiposDados</stat>
</tag>
<suite>
<stat pass="5" fail="0" skip="0" id="s1" name="Tests">Tests</stat>
<stat pass="5" fail="0" skip="0" id="s1-s1" name="Random-User-Test">Tests.Random-User-Test</stat>
</suite>
</statistics>
<errors>
</errors>
</robot>
